<?xml version="1.0" encoding="UTF-8"?>
<testsuite xmlns:xsi="http://www.w3.org/2001/XMLSchema-instance" xsi:noNamespaceSchemaLocation="https://maven.apache.org/surefire/maven-surefire-plugin/xsd/surefire-test-report.xsd" name="org.zalando.tracer.concurrent.PreservingScheduledExecutorServiceTest" time="0.046" tests="4" errors="0" skipped="0" failures="0">
  <properties>
    <property name="awt.toolkit" value="sun.awt.X11.XToolkit"/>
    <property name="file.encoding.pkg" value="sun.io"/>
    <property name="java.specification.version" value="1.8"/>
    <property name="sun.cpu.isalist" value=""/>
    <property name="sun.jnu.encoding" value="UTF-8"/>
    <property name="java.class.path" value="/root/workspace/zalando/tracer/385231884/tracer-core/target/test-classes:/root/workspace/zalando/tracer/385231884/tracer-core/target/classes:/root/./workspace/zalando/tracer/385231884/.m2/org/apache/logging/log4j/log4j-api/2.11.0/log4j-api-2.11.0.jar:/root/./workspace/zalando/tracer/385231884/.m2/org/apache/logging/log4j/log4j-slf4j-impl/2.11.0/log4j-slf4j-impl-2.11.0.jar:/root/./workspace/zalando/tracer/385231884/.m2/org/apache/logging/log4j/log4j-core/2.7/log4j-core-2.7.jar:/root/./workspace/zalando/tracer/385231884/.m2/org/apiguardian/apiguardian-api/1.0.0/apiguardian-api-1.0.0.jar:/root/./workspace/zalando/tracer/385231884/.m2/com/google/code/findbugs/jsr305/3.0.2/jsr305-3.0.2.jar:/root/./workspace/zalando/tracer/385231884/.m2/com/google/gag/gag/1.0.1/gag-1.0.1.jar:/root/./workspace/zalando/tracer/385231884/.m2/org/projectlombok/lombok/1.16.20/lombok-1.16.20.jar:/root/./workspace/zalando/tracer/385231884/.m2/org/slf4j/slf4j-api/1.7.25/slf4j-api-1.7.25.jar:/root/./workspace/zalando/tracer/385231884/.m2/org/junit/platform/junit-platform-launcher/1.2.0/junit-platform-launcher-1.2.0.jar:/root/./workspace/zalando/tracer/385231884/.m2/org/junit/platform/junit-platform-engine/1.2.0/junit-platform-engine-1.2.0.jar:/root/./workspace/zalando/tracer/385231884/.m2/org/junit/platform/junit-platform-commons/1.2.0/junit-platform-commons-1.2.0.jar:/root/./workspace/zalando/tracer/385231884/.m2/org/opentest4j/opentest4j/1.1.0/opentest4j-1.1.0.jar:/root/./workspace/zalando/tracer/385231884/.m2/org/junit/jupiter/junit-jupiter-engine/5.2.0/junit-jupiter-engine-5.2.0.jar:/root/./workspace/zalando/tracer/385231884/.m2/org/junit/jupiter/junit-jupiter-api/5.2.0/junit-jupiter-api-5.2.0.jar:/root/./workspace/zalando/tracer/385231884/.m2/org/junit/jupiter/junit-jupiter-params/5.2.0/junit-jupiter-params-5.2.0.jar:/root/./workspace/zalando/tracer/385231884/.m2/org/hamcrest/java-hamcrest/2.0.0.0/java-hamcrest-2.0.0.0.jar:/root/./workspace/zalando/tracer/385231884/.m2/org/hobsoft/hamcrest/hamcrest-compose/0.4.0/hamcrest-compose-0.4.0.jar:/root/./workspace/zalando/tracer/385231884/.m2/org/mockito/mockito-core/2.18.3/mockito-core-2.18.3.jar:/root/./workspace/zalando/tracer/385231884/.m2/net/bytebuddy/byte-buddy/1.8.5/byte-buddy-1.8.5.jar:/root/./workspace/zalando/tracer/385231884/.m2/net/bytebuddy/byte-buddy-agent/1.8.5/byte-buddy-agent-1.8.5.jar:/root/./workspace/zalando/tracer/385231884/.m2/org/objenesis/objenesis/2.6/objenesis-2.6.jar:"/>
    <property name="java.vm.vendor" value="Oracle Corporation"/>
    <property name="skip.bower" value="true"/>
    <property name="sun.arch.data.model" value="64"/>
    <property name="java.vendor.url" value="http://java.oracle.com/"/>
    <property name="user.timezone" value=""/>
    <property name="java.vm.specification.version" value="1.8"/>
    <property name="os.name" value="Linux"/>
    <property name="rat.skip" value="true"/>
    <property name="gpg.skip" value="true"/>
    <property name="sun.java.launcher" value="SUN_STANDARD"/>
    <property name="sun.boot.library.path" value="/usr/lib/jvm/java-8-openjdk-amd64/jre/lib/amd64"/>
    <property name="skip.gulp" value="true"/>
    <property name="sun.java.command" value="/root/workspace/zalando/tracer/385231884/tracer-core/target/surefire/surefirebooter1781009824202297282.jar /root/workspace/zalando/tracer/385231884/tracer-core/target/surefire 2018-05-29T16-41-48_887-jvmRun1 surefire5927226272497101440tmp surefire_05103381204528841791tmp"/>
    <property name="dependency-check.skip" value="true"/>
    <property name="surefire.test.class.path" value="/root/workspace/zalando/tracer/385231884/tracer-core/target/test-classes:/root/workspace/zalando/tracer/385231884/tracer-core/target/classes:/root/./workspace/zalando/tracer/385231884/.m2/org/apache/logging/log4j/log4j-api/2.11.0/log4j-api-2.11.0.jar:/root/./workspace/zalando/tracer/385231884/.m2/org/apache/logging/log4j/log4j-slf4j-impl/2.11.0/log4j-slf4j-impl-2.11.0.jar:/root/./workspace/zalando/tracer/385231884/.m2/org/apache/logging/log4j/log4j-core/2.7/log4j-core-2.7.jar:/root/./workspace/zalando/tracer/385231884/.m2/org/apiguardian/apiguardian-api/1.0.0/apiguardian-api-1.0.0.jar:/root/./workspace/zalando/tracer/385231884/.m2/com/google/code/findbugs/jsr305/3.0.2/jsr305-3.0.2.jar:/root/./workspace/zalando/tracer/385231884/.m2/com/google/gag/gag/1.0.1/gag-1.0.1.jar:/root/./workspace/zalando/tracer/385231884/.m2/org/projectlombok/lombok/1.16.20/lombok-1.16.20.jar:/root/./workspace/zalando/tracer/385231884/.m2/org/slf4j/slf4j-api/1.7.25/slf4j-api-1.7.25.jar:/root/./workspace/zalando/tracer/385231884/.m2/org/junit/platform/junit-platform-launcher/1.2.0/junit-platform-launcher-1.2.0.jar:/root/./workspace/zalando/tracer/385231884/.m2/org/junit/platform/junit-platform-engine/1.2.0/junit-platform-engine-1.2.0.jar:/root/./workspace/zalando/tracer/385231884/.m2/org/junit/platform/junit-platform-commons/1.2.0/junit-platform-commons-1.2.0.jar:/root/./workspace/zalando/tracer/385231884/.m2/org/opentest4j/opentest4j/1.1.0/opentest4j-1.1.0.jar:/root/./workspace/zalando/tracer/385231884/.m2/org/junit/jupiter/junit-jupiter-engine/5.2.0/junit-jupiter-engine-5.2.0.jar:/root/./workspace/zalando/tracer/385231884/.m2/org/junit/jupiter/junit-jupiter-api/5.2.0/junit-jupiter-api-5.2.0.jar:/root/./workspace/zalando/tracer/385231884/.m2/org/junit/jupiter/junit-jupiter-params/5.2.0/junit-jupiter-params-5.2.0.jar:/root/./workspace/zalando/tracer/385231884/.m2/org/hamcrest/java-hamcrest/2.0.0.0/java-hamcrest-2.0.0.0.jar:/root/./workspace/zalando/tracer/385231884/.m2/org/hobsoft/hamcrest/hamcrest-compose/0.4.0/hamcrest-compose-0.4.0.jar:/root/./workspace/zalando/tracer/385231884/.m2/org/mockito/mockito-core/2.18.3/mockito-core-2.18.3.jar:/root/./workspace/zalando/tracer/385231884/.m2/net/bytebuddy/byte-buddy/1.8.5/byte-buddy-1.8.5.jar:/root/./workspace/zalando/tracer/385231884/.m2/net/bytebuddy/byte-buddy-agent/1.8.5/byte-buddy-agent-1.8.5.jar:/root/./workspace/zalando/tracer/385231884/.m2/org/objenesis/objenesis/2.6/objenesis-2.6.jar:"/>
    <property name="sun.cpu.endian" value="little"/>
    <property name="user.home" value="/root"/>
    <property name="user.language" value="en"/>
    <property name="java.specification.vendor" value="Oracle Corporation"/>
    <property name="java.home" value="/usr/lib/jvm/java-8-openjdk-amd64/jre"/>
    <property name="basedir" value="/root/workspace/zalando/tracer/385231884/tracer-core"/>
    <property name="file.separator" value="/"/>
    <property name="checkstyle.skip" value="true"/>
    <property name="line.separator" value="&#10;"/>
    <property name="skip.npm" value="true"/>
    <property name="java.vm.specification.vendor" value="Oracle Corporation"/>
    <property name="java.specification.name" value="Java Platform API Specification"/>
    <property name="java.awt.graphicsenv" value="sun.awt.X11GraphicsEnvironment"/>
    <property name="skipITs" value="true"/>
    <property name="surefire.real.class.path" value="/root/workspace/zalando/tracer/385231884/tracer-core/target/surefire/surefirebooter1781009824202297282.jar:/root/./workspace/zalando/tracer/385231884/.m2/org/jacoco/org.jacoco.agent/0.8.1/org.jacoco.agent-0.8.1-runtime.jar"/>
    <property name="cobertura.skip" value="true"/>
    <property name="sun.boot.class.path" value="/usr/lib/jvm/java-8-openjdk-amd64/jre/lib/resources.jar:/usr/lib/jvm/java-8-openjdk-amd64/jre/lib/rt.jar:/usr/lib/jvm/java-8-openjdk-amd64/jre/lib/sunrsasign.jar:/usr/lib/jvm/java-8-openjdk-amd64/jre/lib/jsse.jar:/usr/lib/jvm/java-8-openjdk-amd64/jre/lib/jce.jar:/usr/lib/jvm/java-8-openjdk-amd64/jre/lib/charsets.jar:/usr/lib/jvm/java-8-openjdk-amd64/jre/lib/jfr.jar:/usr/lib/jvm/java-8-openjdk-amd64/jre/classes"/>
    <property name="sun.management.compiler" value="HotSpot 64-Bit Tiered Compilers"/>
    <property name="java.runtime.version" value="1.8.0_121-8u121-b13-1~bpo8+1-b13"/>
    <property name="user.name" value="root"/>
    <property name="findbugs.skip" value="true"/>
    <property name="path.separator" value=":"/>
    <property name="os.version" value="3.10.0-862.2.3.el7.x86_64"/>
    <property name="java.endorsed.dirs" value="/usr/lib/jvm/java-8-openjdk-amd64/jre/lib/endorsed"/>
    <property name="java.runtime.name" value="OpenJDK Runtime Environment"/>
    <property name="file.encoding" value="UTF-8"/>
    <property name="java.vm.name" value="OpenJDK 64-Bit Server VM"/>
    <property name="localRepository" value="/root/./workspace/zalando/tracer/385231884/.m2"/>
    <property name="java.vendor.url.bug" value="http://bugreport.sun.com/bugreport/"/>
    <property name="java.io.tmpdir" value="/tmp"/>
    <property name="java.version" value="1.8.0_121"/>
    <property name="user.dir" value="/root/workspace/zalando/tracer/385231884/tracer-core"/>
    <property name="os.arch" value="amd64"/>
    <property name="license.skip" value="true"/>
    <property name="java.vm.specification.name" value="Java Virtual Machine Specification"/>
    <property name="java.awt.printerjob" value="sun.print.PSPrinterJob"/>
    <property name="sun.os.patch.level" value="unknown"/>
    <property name="java.library.path" value="/usr/java/packages/lib/amd64:/usr/lib/x86_64-linux-gnu/jni:/lib/x86_64-linux-gnu:/usr/lib/x86_64-linux-gnu:/usr/lib/jni:/lib:/usr/lib"/>
    <property name="java.vm.info" value="mixed mode"/>
    <property name="java.vendor" value="Oracle Corporation"/>
    <property name="java.vm.version" value="25.121-b13"/>
    <property name="java.ext.dirs" value="/usr/lib/jvm/java-8-openjdk-amd64/jre/lib/ext:/usr/java/packages/lib/ext"/>
    <property name="sun.io.unicode.encoding" value="UnicodeLittle"/>
    <property name="maven.repo.local" value="/root/./workspace/zalando/tracer/385231884/.m2"/>
    <property name="enforcer.skip" value="true"/>
    <property name="java.class.version" value="52.0"/>
  </properties>
  <testcase name="shouldPreserveTraceForScheduleWithDelayRatee" classname="org.zalando.tracer.concurrent.PreservingScheduledExecutorServiceTest" time="0.035"/>
  <testcase name="shouldPreserveTraceForScheduleCallable" classname="org.zalando.tracer.concurrent.PreservingScheduledExecutorServiceTest" time="0.001"/>
  <testcase name="shouldPreserveTraceForScheduleRunnable" classname="org.zalando.tracer.concurrent.PreservingScheduledExecutorServiceTest" time="0.002"/>
  <testcase name="shouldPreserveTraceForScheduleAtFixedRatee" classname="org.zalando.tracer.concurrent.PreservingScheduledExecutorServiceTest" time="0.002"/>
</testsuite>