<?xml version="1.0" encoding="UTF-8"?>
<!-- Generated by org.testng.reporters.JUnitReportReporter -->
<testsuite hostname="spirals-vortex.lille.inria.fr" name="org.molgenis.core.ui.style.StyleTest" tests="1" failures="0" timestamp="30 May 2018 13:32:26 GMT" time="0.000" errors="0">
  <testcase name="createLocal" time="0.000" classname="org.molgenis.core.ui.style.StyleTest"/>
</testsuite> <!-- org.molgenis.core.ui.style.StyleTest -->
