<?xml version="1.0" encoding="UTF-8"?>
<!-- Generated by org.testng.reporters.JUnitReportReporter -->
<testsuite hostname="spirals-vortex.lille.inria.fr" name="org.molgenis.core.ui.data.importer.wizard.ImportWizardControllerMockMVCTest" tests="2" failures="0" timestamp="1 Jun 2018 10:53:10 GMT" time="0.166" errors="0">
  <testcase name="testRepositoryExists" time="0.055" classname="org.molgenis.core.ui.data.importer.wizard.ImportWizardControllerMockMVCTest"/>
  <testcase name="testInvalidAction" time="0.111" classname="org.molgenis.core.ui.data.importer.wizard.ImportWizardControllerMockMVCTest"/>
</testsuite> <!-- org.molgenis.core.ui.data.importer.wizard.ImportWizardControllerMockMVCTest -->
