<?xml version="1.0" encoding="UTF-8"?>
<!-- Generated by org.testng.reporters.JUnitReportReporter -->
<testsuite hostname="spirals-vortex.lille.inria.fr" name="org.molgenis.core.ui.data.importer.wizard.ImportWizardControllerMockMVCTest" tests="2" failures="0" timestamp="30 May 2018 13:32:26 GMT" time="0.230" errors="0">
  <testcase name="testInvalidAction" time="0.049" classname="org.molgenis.core.ui.data.importer.wizard.ImportWizardControllerMockMVCTest"/>
  <testcase name="testRepositoryExists" time="0.181" classname="org.molgenis.core.ui.data.importer.wizard.ImportWizardControllerMockMVCTest"/>
</testsuite> <!-- org.molgenis.core.ui.data.importer.wizard.ImportWizardControllerMockMVCTest -->
