<?xml version="1.0" encoding="UTF-8"?>
<!-- Generated by org.testng.reporters.JUnitReportReporter -->
<testsuite hostname="spirals-vortex.lille.inria.fr" name="org.molgenis.core.ui.style.StyleControllerTest" tests="2" failures="0" timestamp="1 Jun 2018 10:53:10 GMT" time="0.055" errors="0">
  <testcase name="testGetTheme" time="0.024" classname="org.molgenis.core.ui.style.StyleControllerTest"/>
  <testcase name="testGetBs4Theme" time="0.031" classname="org.molgenis.core.ui.style.StyleControllerTest"/>
</testsuite> <!-- org.molgenis.core.ui.style.StyleControllerTest -->
