<?xml version="1.0" encoding="UTF-8"?>
<!-- Generated by org.testng.reporters.JUnitReportReporter -->
<testsuite hostname="spirals-vortex.lille.inria.fr" name="org.molgenis.core.ui.XmlMolgenisUiTest" tests="1" failures="0" timestamp="30 May 2018 13:32:26 GMT" time="0.002" errors="0">
  <testcase name="getMenu" time="0.002" classname="org.molgenis.core.ui.XmlMolgenisUiTest"/>
</testsuite> <!-- org.molgenis.core.ui.XmlMolgenisUiTest -->
