<?xml version="1.0" encoding="UTF-8"?>
<!-- Generated by org.testng.reporters.JUnitReportReporter -->
<testsuite hostname="spirals-vortex.lille.inria.fr" name="org.molgenis.core.ui.controller.StaticContentServiceImplTest" tests="12" failures="0" timestamp="30 May 2018 12:46:59 GMT" time="0.076" errors="0">
  <testcase name="checkPermissionsNoException" time="0.001" classname="org.molgenis.core.ui.controller.StaticContentServiceImplTest"/>
  <testcase name="submitContentNew" time="0.001" classname="org.molgenis.core.ui.controller.StaticContentServiceImplTest"/>
  <testcase name="submitContentExisting" time="0.001" classname="org.molgenis.core.ui.controller.StaticContentServiceImplTest"/>
  <testcase name="submitContentNoContentNoCreatePermissions" time="0.001" classname="org.molgenis.core.ui.controller.StaticContentServiceImplTest"/>
  <testcase name="isCurrentUserCanEditStaticContentNotPresentEditTrue" time="0.001" classname="org.molgenis.core.ui.controller.StaticContentServiceImplTest"/>
  <testcase name="isCurrentUserCanEditStaticContentNotPresentEditFalse" time="0.001" classname="org.molgenis.core.ui.controller.StaticContentServiceImplTest"/>
  <testcase name="isCurrentUserCanEditStaticContentPresentEditFalse" time="0.002" classname="org.molgenis.core.ui.controller.StaticContentServiceImplTest"/>
  <testcase name="isCurrentUserCanEditAnonymousFalse" time="0.000" classname="org.molgenis.core.ui.controller.StaticContentServiceImplTest"/>
  <testcase name="isCurrentUserCanEditStaticContentPresentEditTrue" time="0.000" classname="org.molgenis.core.ui.controller.StaticContentServiceImplTest"/>
  <testcase name="getContent" time="0.063" classname="org.molgenis.core.ui.controller.StaticContentServiceImplTest"/>
  <testcase name="checkPermissionsThrowsException" time="0.002" classname="org.molgenis.core.ui.controller.StaticContentServiceImplTest"/>
  <testcase name="submitContentExistingContentNoUpdatePermissions" time="0.003" classname="org.molgenis.core.ui.controller.StaticContentServiceImplTest"/>
</testsuite> <!-- org.molgenis.core.ui.controller.StaticContentServiceImplTest -->
