<?xml version="1.0" encoding="UTF-8"?>
<!-- Generated by org.testng.reporters.JUnitReportReporter -->
<testsuite hostname="spirals-vortex.lille.inria.fr" name="org.molgenis.core.ui.controller.FeedbackControllerTest" tests="7" failures="0" timestamp="30 May 2018 13:32:26 GMT" time="0.370" errors="0">
  <testcase name="submitFeedbackNotSpecified" time="0.049" classname="org.molgenis.core.ui.controller.FeedbackControllerTest"/>
  <testcase name="submitErrorWhileSendingMail" time="0.032" classname="org.molgenis.core.ui.controller.FeedbackControllerTest"/>
  <testcase name="initFeedbackLoggedInDetailsUnknown" time="0.022" classname="org.molgenis.core.ui.controller.FeedbackControllerTest"/>
  <testcase name="initFeedbackAnonymous" time="0.020" classname="org.molgenis.core.ui.controller.FeedbackControllerTest"/>
  <testcase name="submit" time="0.193" classname="org.molgenis.core.ui.controller.FeedbackControllerTest"/>
  <testcase name="initFeedbackLoggedIn" time="0.025" classname="org.molgenis.core.ui.controller.FeedbackControllerTest"/>
  <testcase name="submitInvalidCaptcha" time="0.029" classname="org.molgenis.core.ui.controller.FeedbackControllerTest"/>
</testsuite> <!-- org.molgenis.core.ui.controller.FeedbackControllerTest -->
