<?xml version="1.0" encoding="UTF-8"?>
<!-- Generated by org.testng.reporters.JUnitReportReporter -->
<testsuite hostname="spirals-vortex.lille.inria.fr" name="org.molgenis.core.ui.style.StyleControllerTest" tests="2" failures="0" timestamp="30 May 2018 13:32:26 GMT" time="0.073" errors="0">
  <testcase name="testGetTheme" time="0.031" classname="org.molgenis.core.ui.style.StyleControllerTest"/>
  <testcase name="testGetBs4Theme" time="0.042" classname="org.molgenis.core.ui.style.StyleControllerTest"/>
</testsuite> <!-- org.molgenis.core.ui.style.StyleControllerTest -->
