<?xml version="1.0" encoding="UTF-8"?>
<!-- Generated by org.testng.reporters.JUnitReportReporter -->
<testsuite hostname="spirals-vortex.lille.inria.fr" name="org.molgenis.core.ui.menu.MenuReaderServiceImplTest" tests="2" failures="0" timestamp="30 May 2018 13:32:26 GMT" time="0.032" errors="0">
  <testcase name="getMenu" time="0.031" classname="org.molgenis.core.ui.menu.MenuReaderServiceImplTest"/>
  <testcase name="MenuReaderServiceImpl" time="0.001" classname="org.molgenis.core.ui.menu.MenuReaderServiceImplTest"/>
</testsuite> <!-- org.molgenis.core.ui.menu.MenuReaderServiceImplTest -->
