<?xml version="1.0" encoding="UTF-8"?>
<!-- Generated by org.testng.reporters.JUnitReportReporter -->
<testsuite hostname="spirals-vortex.lille.inria.fr" name="org.molgenis.core.ui.menu.MenuUtilsTest" tests="2" failures="0" timestamp="1 Jun 2018 10:53:10 GMT" time="0.006" errors="0">
  <testcase name="getMenuJson" time="0.005" classname="org.molgenis.core.ui.menu.MenuUtilsTest"/>
  <testcase name="findMenuItemPath" time="0.001" classname="org.molgenis.core.ui.menu.MenuUtilsTest"/>
</testsuite> <!-- org.molgenis.core.ui.menu.MenuUtilsTest -->
