<?xml version="1.0" encoding="UTF-8"?>
<!-- Generated by org.testng.reporters.JUnitReportReporter -->
<testsuite hostname="spirals-vortex.lille.inria.fr" name="org.molgenis.core.ui.style.ThemeFingerprintRegistryTest" tests="1" failures="0" timestamp="30 May 2018 12:46:59 GMT" time="0.020" errors="0">
  <testcase name="getFingerprint" time="0.020" classname="org.molgenis.core.ui.style.ThemeFingerprintRegistryTest"/>
</testsuite> <!-- org.molgenis.core.ui.style.ThemeFingerprintRegistryTest -->
