<?xml version="1.0" encoding="UTF-8"?>
<!-- Generated by org.testng.reporters.JUnitReportReporter -->
<testsuite hostname="spirals-vortex.lille.inria.fr" name="org.molgenis.core.ui.thememanager.ThemeManagerControllerTest" tests="2" failures="0" timestamp="30 May 2018 12:46:59 GMT" time="0.191" errors="0">
  <testcase name="addBootstrap3ThemeOnly" time="0.157" classname="org.molgenis.core.ui.thememanager.ThemeManagerControllerTest"/>
  <testcase name="addBootstrap3and4Theme" time="0.034" classname="org.molgenis.core.ui.thememanager.ThemeManagerControllerTest"/>
</testsuite> <!-- org.molgenis.core.ui.thememanager.ThemeManagerControllerTest -->
