<?xml version="1.0" encoding="UTF-8"?>
<!-- Generated by org.testng.reporters.JUnitReportReporter -->
<testsuite hostname="spirals-vortex.lille.inria.fr" name="org.molgenis.core.ui.menu.MenuMolgenisUiTest" tests="4" failures="0" timestamp="30 May 2018 13:32:26 GMT" time="0.010" errors="0">
  <testcase name="getMenuString_topMenu" time="0.000" classname="org.molgenis.core.ui.menu.MenuMolgenisUiTest"/>
  <testcase name="getMenuString_subMenu" time="0.008" classname="org.molgenis.core.ui.menu.MenuMolgenisUiTest"/>
  <testcase name="MenuMolgenisUi" time="0.002" classname="org.molgenis.core.ui.menu.MenuMolgenisUiTest"/>
  <testcase name="getMenu" time="0.000" classname="org.molgenis.core.ui.menu.MenuMolgenisUiTest"/>
</testsuite> <!-- org.molgenis.core.ui.menu.MenuMolgenisUiTest -->
