<?xml version="1.0" encoding="UTF-8"?>
<!-- Generated by org.testng.reporters.JUnitReportReporter -->
<testsuite hostname="spirals-vortex.lille.inria.fr" name="org.molgenis.core.ui.admin.usermanager.UserManagerServiceImplTest" tests="3" failures="0" timestamp="30 May 2018 13:32:26 GMT" time="0.268" errors="0">
  <testcase name="userManagerServiceImpl" time="0.001" classname="org.molgenis.core.ui.admin.usermanager.UserManagerServiceImplTest"/>
  <testcase name="getAllMolgenisUsersSu" time="0.246" classname="org.molgenis.core.ui.admin.usermanager.UserManagerServiceImplTest"/>
  <testcase name="getAllMolgenisUsersNonSu" time="0.021" classname="org.molgenis.core.ui.admin.usermanager.UserManagerServiceImplTest"/>
</testsuite> <!-- org.molgenis.core.ui.admin.usermanager.UserManagerServiceImplTest -->
