<?xml version="1.0" encoding="UTF-8"?>
<!-- Generated by org.testng.reporters.JUnitReportReporter -->
<testsuite hostname="spirals-vortex.lille.inria.fr" name="org.molgenis.core.ui.style.StyleControllerTest" tests="2" failures="0" timestamp="1 Jun 2018 11:19:12 GMT" time="0.068" errors="0">
  <testcase name="testGetBs4Theme" time="0.045" classname="org.molgenis.core.ui.style.StyleControllerTest"/>
  <testcase name="testGetTheme" time="0.023" classname="org.molgenis.core.ui.style.StyleControllerTest"/>
</testsuite> <!-- org.molgenis.core.ui.style.StyleControllerTest -->
