<?xml version="1.0" encoding="UTF-8"?>
<!-- Generated by org.testng.reporters.JUnitReportReporter -->
<testsuite hostname="spirals-vortex.lille.inria.fr" name="org.molgenis.core.ui.freemarker.RepositoryTemplateLoaderTest" tests="4" failures="0" timestamp="1 Jun 2018 10:53:10 GMT" time="0.007" errors="0">
  <testcase name="loadAndRead" time="0.000" classname="org.molgenis.core.ui.freemarker.RepositoryTemplateLoaderTest"/>
  <testcase name="newSourceReturnedWhenContentChanges" time="0.003" classname="org.molgenis.core.ui.freemarker.RepositoryTemplateLoaderTest"/>
  <testcase name="lastModifiedEqualsMinusOne" time="0.003" classname="org.molgenis.core.ui.freemarker.RepositoryTemplateLoaderTest"/>
  <testcase name="sourceBelongsToContentAndCanBeReadMultipleTimes" time="0.001" classname="org.molgenis.core.ui.freemarker.RepositoryTemplateLoaderTest"/>
</testsuite> <!-- org.molgenis.core.ui.freemarker.RepositoryTemplateLoaderTest -->
