<?xml version="1.0" encoding="UTF-8"?>
<!-- Generated by org.testng.reporters.JUnitReportReporter -->
<testsuite hostname="spirals-vortex.lille.inria.fr" name="org.molgenis.core.ui.data.system.core.FreemarkerTemplateTest" tests="2" failures="0" timestamp="30 May 2018 12:46:59 GMT" time="0.058" errors="0">
  <testcase name="testGetNameWithoutExtensionNotEndsWithFtl" time="0.001" classname="org.molgenis.core.ui.data.system.core.FreemarkerTemplateTest"/>
  <testcase name="testGetNameWithoutExtensionEndsWithFtl" time="0.057" classname="org.molgenis.core.ui.data.system.core.FreemarkerTemplateTest"/>
</testsuite> <!-- org.molgenis.core.ui.data.system.core.FreemarkerTemplateTest -->
