<?xml version="1.0" encoding="UTF-8"?>
<!-- Generated by org.testng.reporters.JUnitReportReporter -->
<testsuite hostname="spirals-vortex.lille.inria.fr" name="org.molgenis.core.ui.jobs.JobsControllerTest" tests="1" failures="0" timestamp="30 May 2018 13:32:26 GMT" time="0.001" errors="0">
  <testcase name="testCreateJobExecutionViewHref" time="0.001" classname="org.molgenis.core.ui.jobs.JobsControllerTest"/>
</testsuite> <!-- org.molgenis.core.ui.jobs.JobsControllerTest -->
