<?xml version="1.0" encoding="UTF-8"?>
<!-- Generated by org.testng.reporters.JUnitReportReporter -->
<testsuite hostname="spirals-vortex.lille.inria.fr" name="org.molgenis.core.ui.style.StyleSheetRepositoryDecoratorTest" tests="6" failures="0" timestamp="1 Jun 2018 11:19:12 GMT" time="0.002" errors="0">
  <testcase name="testDeleteAll" time="0.000" classname="org.molgenis.core.ui.style.StyleSheetRepositoryDecoratorTest"/>
  <testcase name="testDeleteById" time="0.000" classname="org.molgenis.core.ui.style.StyleSheetRepositoryDecoratorTest"/>
  <testcase name="testDeleteCurrent" time="0.001" classname="org.molgenis.core.ui.style.StyleSheetRepositoryDecoratorTest"/>
  <testcase name="testDelete" time="0.000" classname="org.molgenis.core.ui.style.StyleSheetRepositoryDecoratorTest"/>
  <testcase name="testDeleteByIdCurrent" time="0.000" classname="org.molgenis.core.ui.style.StyleSheetRepositoryDecoratorTest"/>
  <testcase name="testDeleteAllStream" time="0.001" classname="org.molgenis.core.ui.style.StyleSheetRepositoryDecoratorTest"/>
</testsuite> <!-- org.molgenis.core.ui.style.StyleSheetRepositoryDecoratorTest -->
