<?xml version="1.0" encoding="UTF-8"?>
<!-- Generated by org.testng.reporters.JUnitReportReporter -->
<testsuite hostname="spirals-vortex.lille.inria.fr" name="org.molgenis.core.ui.admin.usermanager.UserManagerServiceImplTest" tests="15" failures="0" timestamp="1 Jun 2018 11:19:12 GMT" time="0.103" errors="0">
  <testcase name="getGroupsWhereUserIsNotMemberSu" time="0.015" classname="org.molgenis.core.ui.admin.usermanager.UserManagerServiceImplTest"/>
  <testcase name="getGroupsWhereUserIsMemberSu" time="0.001" classname="org.molgenis.core.ui.admin.usermanager.UserManagerServiceImplTest"/>
  <testcase name="getGroupsWhereUserIsMemberNonUs" time="0.001" classname="org.molgenis.core.ui.admin.usermanager.UserManagerServiceImplTest"/>
  <testcase name="addUserToGroupSu" time="0.042" classname="org.molgenis.core.ui.admin.usermanager.UserManagerServiceImplTest"/>
  <testcase name="getGroupsWhereUserIsNotMemberNonUs" time="0.001" classname="org.molgenis.core.ui.admin.usermanager.UserManagerServiceImplTest"/>
  <testcase name="getAllMolgenisGroupsSu" time="0.003" classname="org.molgenis.core.ui.admin.usermanager.UserManagerServiceImplTest"/>
  <testcase name="userManagerServiceImpl" time="0.000" classname="org.molgenis.core.ui.admin.usermanager.UserManagerServiceImplTest"/>
  <testcase name="getAllMolgenisUsersNonSu" time="0.002" classname="org.molgenis.core.ui.admin.usermanager.UserManagerServiceImplTest"/>
  <testcase name="getAllMolgenisGroups_Non_SU" time="0.000" classname="org.molgenis.core.ui.admin.usermanager.UserManagerServiceImplTest"/>
  <testcase name="getUsersMemberInGroupNonSu" time="0.001" classname="org.molgenis.core.ui.admin.usermanager.UserManagerServiceImplTest"/>
  <testcase name="getUsersMemberInGroup" time="0.003" classname="org.molgenis.core.ui.admin.usermanager.UserManagerServiceImplTest"/>
  <testcase name="removeUserFromGroupNonSu" time="0.001" classname="org.molgenis.core.ui.admin.usermanager.UserManagerServiceImplTest"/>
  <testcase name="removeUserFromGroupSu" time="0.001" classname="org.molgenis.core.ui.admin.usermanager.UserManagerServiceImplTest"/>
  <testcase name="addUserToGroupNonSu" time="0.018" classname="org.molgenis.core.ui.admin.usermanager.UserManagerServiceImplTest"/>
  <testcase name="getAllMolgenisUsersSu" time="0.014" classname="org.molgenis.core.ui.admin.usermanager.UserManagerServiceImplTest"/>
</testsuite> <!-- org.molgenis.core.ui.admin.usermanager.UserManagerServiceImplTest -->
