<?xml version="1.0" encoding="UTF-8"?>
<!-- Generated by org.testng.reporters.JUnitReportReporter -->
<testsuite hostname="spirals-vortex.lille.inria.fr" name="org.molgenis.core.ui.controller.FeedbackControllerTest" tests="7" failures="0" timestamp="30 May 2018 12:46:59 GMT" time="0.482" errors="0">
  <testcase name="submitErrorWhileSendingMail" time="0.051" classname="org.molgenis.core.ui.controller.FeedbackControllerTest"/>
  <testcase name="initFeedbackAnonymous" time="0.025" classname="org.molgenis.core.ui.controller.FeedbackControllerTest"/>
  <testcase name="submitFeedbackNotSpecified" time="0.082" classname="org.molgenis.core.ui.controller.FeedbackControllerTest"/>
  <testcase name="initFeedbackLoggedIn" time="0.030" classname="org.molgenis.core.ui.controller.FeedbackControllerTest"/>
  <testcase name="submitInvalidCaptcha" time="0.036" classname="org.molgenis.core.ui.controller.FeedbackControllerTest"/>
  <testcase name="submit" time="0.231" classname="org.molgenis.core.ui.controller.FeedbackControllerTest"/>
  <testcase name="initFeedbackLoggedInDetailsUnknown" time="0.027" classname="org.molgenis.core.ui.controller.FeedbackControllerTest"/>
</testsuite> <!-- org.molgenis.core.ui.controller.FeedbackControllerTest -->
