<?xml version="1.0" encoding="UTF-8"?>
<!-- Generated by org.testng.reporters.JUnitReportReporter -->
<testsuite hostname="spirals-vortex.lille.inria.fr" name="org.molgenis.core.ui.data.config.HttpClientConfigTest" tests="1" failures="0" timestamp="1 Jun 2018 11:19:12 GMT" time="0.063" errors="0">
  <testcase name="testGsonSerialization" time="0.063" classname="org.molgenis.core.ui.data.config.HttpClientConfigTest"/>
</testsuite> <!-- org.molgenis.core.ui.data.config.HttpClientConfigTest -->
