<?xml version="1.0" encoding="UTF-8"?>
<!-- Generated by org.testng.reporters.JUnitReportReporter -->
<testsuite hostname="spirals-vortex.lille.inria.fr" name="org.molgenis.core.ui.controller.FeedbackControllerTest" tests="7" failures="0" timestamp="1 Jun 2018 11:19:12 GMT" time="0.335" errors="0">
  <testcase name="initFeedbackLoggedIn" time="0.027" classname="org.molgenis.core.ui.controller.FeedbackControllerTest"/>
  <testcase name="submit" time="0.168" classname="org.molgenis.core.ui.controller.FeedbackControllerTest"/>
  <testcase name="submitInvalidCaptcha" time="0.027" classname="org.molgenis.core.ui.controller.FeedbackControllerTest"/>
  <testcase name="submitErrorWhileSendingMail" time="0.034" classname="org.molgenis.core.ui.controller.FeedbackControllerTest"/>
  <testcase name="submitFeedbackNotSpecified" time="0.046" classname="org.molgenis.core.ui.controller.FeedbackControllerTest"/>
  <testcase name="initFeedbackAnonymous" time="0.016" classname="org.molgenis.core.ui.controller.FeedbackControllerTest"/>
  <testcase name="initFeedbackLoggedInDetailsUnknown" time="0.017" classname="org.molgenis.core.ui.controller.FeedbackControllerTest"/>
</testsuite> <!-- org.molgenis.core.ui.controller.FeedbackControllerTest -->
