<?xml version="1.0" encoding="UTF-8"?>
<!-- Generated by org.testng.reporters.JUnitReportReporter -->
<testsuite hostname="spirals-vortex.lille.inria.fr" name="org.molgenis.core.ui.security.MolgenisUiMenuPermissionDecoratorTest" tests="1" failures="0" timestamp="30 May 2018 13:32:26 GMT" time="0.006" errors="0">
  <testcase name="testGetActiveItem" time="0.006" classname="org.molgenis.core.ui.security.MolgenisUiMenuPermissionDecoratorTest"/>
</testsuite> <!-- org.molgenis.core.ui.security.MolgenisUiMenuPermissionDecoratorTest -->
