<?xml version="1.0" encoding="UTF-8"?>
<!-- Generated by org.testng.reporters.JUnitReportReporter -->
<testsuite hostname="spirals-vortex.lille.inria.fr" name="org.molgenis.core.ui.style.StyleServiceTest" tests="12" failures="0" timestamp="1 Jun 2018 11:19:12 GMT" time="0.108" errors="0">
  <testcase name="addStylesWithExistingId" time="0.001" classname="org.molgenis.core.ui.style.StyleServiceTest"/>
  <testcase name="testSetSelectedStyleUnknownStyle" time="0.000" classname="org.molgenis.core.ui.style.StyleServiceTest"/>
  <testcase name="getBootstrap3ThemeData" time="0.001" classname="org.molgenis.core.ui.style.StyleServiceTest"/>
  <testcase name="getBootstrap4ThemeData" time="0.001" classname="org.molgenis.core.ui.style.StyleServiceTest"/>
  <testcase name="testGetAvailableStyles" time="0.001" classname="org.molgenis.core.ui.style.StyleServiceTest"/>
  <testcase name="getBootstrap4FallBackThemeData" time="0.002" classname="org.molgenis.core.ui.style.StyleServiceTest"/>
  <testcase name="testGetSelectedStyle" time="0.001" classname="org.molgenis.core.ui.style.StyleServiceTest"/>
  <testcase name="addBootstrap3StyleOnly" time="0.001" classname="org.molgenis.core.ui.style.StyleServiceTest"/>
  <testcase name="addBootstrap3And4Styles" time="0.099" classname="org.molgenis.core.ui.style.StyleServiceTest"/>
  <testcase name="testSetSelectedStyleUndefined" time="0.000" classname="org.molgenis.core.ui.style.StyleServiceTest"/>
  <testcase name="testSetSelectedStyle" time="0.001" classname="org.molgenis.core.ui.style.StyleServiceTest"/>
  <testcase name="getUnknownThemeData" time="0.000" classname="org.molgenis.core.ui.style.StyleServiceTest"/>
</testsuite> <!-- org.molgenis.core.ui.style.StyleServiceTest -->
