<?xml version="1.0" encoding="UTF-8"?>
<!-- Generated by org.testng.reporters.JUnitReportReporter -->
<testsuite hostname="spirals-vortex.lille.inria.fr" name="org.molgenis.core.ui.controller.FeedbackControllerTest" tests="7" failures="0" timestamp="1 Jun 2018 10:53:10 GMT" time="0.332" errors="0">
  <testcase name="initFeedbackAnonymous" time="0.018" classname="org.molgenis.core.ui.controller.FeedbackControllerTest"/>
  <testcase name="submitInvalidCaptcha" time="0.027" classname="org.molgenis.core.ui.controller.FeedbackControllerTest"/>
  <testcase name="initFeedbackLoggedInDetailsUnknown" time="0.018" classname="org.molgenis.core.ui.controller.FeedbackControllerTest"/>
  <testcase name="initFeedbackLoggedIn" time="0.022" classname="org.molgenis.core.ui.controller.FeedbackControllerTest"/>
  <testcase name="submitFeedbackNotSpecified" time="0.048" classname="org.molgenis.core.ui.controller.FeedbackControllerTest"/>
  <testcase name="submitErrorWhileSendingMail" time="0.029" classname="org.molgenis.core.ui.controller.FeedbackControllerTest"/>
  <testcase name="submit" time="0.170" classname="org.molgenis.core.ui.controller.FeedbackControllerTest"/>
</testsuite> <!-- org.molgenis.core.ui.controller.FeedbackControllerTest -->
