<?xml version="1.0" encoding="UTF-8"?>
<!-- Generated by org.testng.reporters.JUnitReportReporter -->
<testsuite hostname="spirals-vortex.lille.inria.fr" name="org.molgenis.core.ui.admin.permission.exception.UnexpectedPermissionExceptionTest" tests="1" failures="0" timestamp="30 May 2018 12:46:59 GMT" time="0.909" errors="0">
  <testcase name="testUnexpectedPermissionException" time="0.909" classname="org.molgenis.core.ui.admin.permission.exception.UnexpectedPermissionExceptionTest"/>
</testsuite> <!-- org.molgenis.core.ui.admin.permission.exception.UnexpectedPermissionExceptionTest -->
