<?xml version="1.0" encoding="UTF-8"?>
<!-- Generated by org.testng.reporters.JUnitReportReporter -->
<testsuite hostname="spirals-vortex.lille.inria.fr" name="org.molgenis.core.ui.menu.MenuUtilsTest" tests="2" failures="0" timestamp="30 May 2018 12:46:59 GMT" time="0.026" errors="0">
  <testcase name="findMenuItemPath" time="0.001" classname="org.molgenis.core.ui.menu.MenuUtilsTest"/>
  <testcase name="getMenuJson" time="0.025" classname="org.molgenis.core.ui.menu.MenuUtilsTest"/>
</testsuite> <!-- org.molgenis.core.ui.menu.MenuUtilsTest -->
