<?xml version="1.0" encoding="UTF-8"?>
<!-- Generated by org.testng.reporters.JUnitReportReporter -->
<testsuite hostname="spirals-vortex.lille.inria.fr" name="org.molgenis.core.ui.browserdetection.BrowserDetectionFilterTest" tests="1" failures="0" timestamp="1 Jun 2018 10:53:10 GMT" time="0.023" errors="0">
  <testcase name="isSupported" time="0.023" classname="org.molgenis.core.ui.browserdetection.BrowserDetectionFilterTest"/>
</testsuite> <!-- org.molgenis.core.ui.browserdetection.BrowserDetectionFilterTest -->
