<?xml version="1.0" encoding="UTF-8"?>
<!-- Generated by org.testng.reporters.JUnitReportReporter -->
<testsuite hostname="spirals-vortex.lille.inria.fr" name="org.molgenis.core.ui.security.MolgenisUiMenuPermissionDecoratorTest" tests="1" failures="0" timestamp="1 Jun 2018 11:19:12 GMT" time="0.013" errors="0">
  <testcase name="testGetActiveItem" time="0.013" classname="org.molgenis.core.ui.security.MolgenisUiMenuPermissionDecoratorTest"/>
</testsuite> <!-- org.molgenis.core.ui.security.MolgenisUiMenuPermissionDecoratorTest -->
