<?xml version="1.0" encoding="UTF-8"?>
<!-- Generated by org.testng.reporters.JUnitReportReporter -->
<testsuite hostname="spirals-vortex.lille.inria.fr" name="org.molgenis.core.ui.MolgenisInterceptorTest" tests="2" failures="0" timestamp="30 May 2018 12:46:59 GMT" time="0.051" errors="0">
  <testcase name="MolgenisInterceptor" time="0.001" classname="org.molgenis.core.ui.MolgenisInterceptorTest"/>
  <testcase name="postHandle" time="0.050" classname="org.molgenis.core.ui.MolgenisInterceptorTest"/>
</testsuite> <!-- org.molgenis.core.ui.MolgenisInterceptorTest -->
