<?xml version="1.0" encoding="UTF-8"?>
<!-- Generated by org.testng.reporters.JUnitReportReporter -->
<testsuite hostname="spirals-vortex.lille.inria.fr" name="org.molgenis.core.ui.admin.usermanager.UserManagerServiceImplTest" tests="15" failures="1" timestamp="1 Jun 2018 10:53:10 GMT" time="0.490" errors="0">
  <testcase name="getUsersMemberInGroup" time="0.006" classname="org.molgenis.core.ui.admin.usermanager.UserManagerServiceImplTest"/>
  <testcase name="getUsersMemberInGroupNonSu" time="0.003" classname="org.molgenis.core.ui.admin.usermanager.UserManagerServiceImplTest"/>
  <testcase name="removeUserFromGroupNonSu" time="0.001" classname="org.molgenis.core.ui.admin.usermanager.UserManagerServiceImplTest"/>
  <testcase name="getGroupsWhereUserIsMemberNonUs" time="0.001" classname="org.molgenis.core.ui.admin.usermanager.UserManagerServiceImplTest"/>
  <testcase name="addUserToGroupNonSu" time="0.026" classname="org.molgenis.core.ui.admin.usermanager.UserManagerServiceImplTest"/>
  <testcase name="userManagerServiceImpl" time="0.001" classname="org.molgenis.core.ui.admin.usermanager.UserManagerServiceImplTest"/>
  <testcase name="removeUserFromGroupSu" time="0.004" classname="org.molgenis.core.ui.admin.usermanager.UserManagerServiceImplTest"/>
  <testcase name="getGroupsWhereUserIsMemberSu" time="0.002" classname="org.molgenis.core.ui.admin.usermanager.UserManagerServiceImplTest"/>
  <testcase name="getAllMolgenisGroups_Non_SU" time="0.002" classname="org.molgenis.core.ui.admin.usermanager.UserManagerServiceImplTest"/>
  <testcase name="addUserToGroupSu" time="0.135" classname="org.molgenis.core.ui.admin.usermanager.UserManagerServiceImplTest">
    <failure type="java.lang.NullPointerException">
      <![CDATA[java.lang.NullPointerException
	at org.molgenis.core.ui.admin.usermanager.UserManagerServiceImpl.addUserToGroup(UserManagerServiceImpl.java:155)
	at sun.reflect.NativeMethodAccessorImpl.invoke0(Native Method)
	at sun.reflect.NativeMethodAccessorImpl.invoke(NativeMethodAccessorImpl.java:62)
	at sun.reflect.DelegatingMethodAccessorImpl.invoke(DelegatingMethodAccessorImpl.java:43)
	at java.lang.reflect.Method.invoke(Method.java:498)
	at org.springframework.aop.support.AopUtils.invokeJoinpointUsingReflection(AopUtils.java:343)
	at org.springframework.aop.framework.ReflectiveMethodInvocation.invokeJoinpoint(ReflectiveMethodInvocation.java:197)
	at org.springframework.aop.framework.ReflectiveMethodInvocation.proceed(ReflectiveMethodInvocation.java:163)
	at org.springframework.security.access.intercept.aopalliance.MethodSecurityInterceptor.invoke(MethodSecurityInterceptor.java:69)
	at org.springframework.aop.framework.ReflectiveMethodInvocation.proceed(ReflectiveMethodInvocation.java:185)
	at org.springframework.aop.framework.JdkDynamicAopProxy.invoke(JdkDynamicAopProxy.java:212)
	at com.sun.proxy.$Proxy52.addUserToGroup(Unknown Source)
	at org.molgenis.core.ui.admin.usermanager.UserManagerServiceImplTest.addUserToGroupSu(UserManagerServiceImplTest.java:296)
	at sun.reflect.NativeMethodAccessorImpl.invoke0(Native Method)
	at sun.reflect.NativeMethodAccessorImpl.invoke(NativeMethodAccessorImpl.java:62)
	at sun.reflect.DelegatingMethodAccessorImpl.invoke(DelegatingMethodAccessorImpl.java:43)
	at java.lang.reflect.Method.invoke(Method.java:498)
	at org.testng.internal.MethodInvocationHelper.invokeMethod(MethodInvocationHelper.java:80)
	at org.testng.internal.MethodInvocationHelper$1.runTestMethod(MethodInvocationHelper.java:182)
	at org.springframework.test.context.testng.AbstractTestNGSpringContextTests.run(AbstractTestNGSpringContextTests.java:180)
	at sun.reflect.NativeMethodAccessorImpl.invoke0(Native Method)
	at sun.reflect.NativeMethodAccessorImpl.invoke(NativeMethodAccessorImpl.java:62)
	at sun.reflect.DelegatingMethodAccessorImpl.invoke(DelegatingMethodAccessorImpl.java:43)
	at java.lang.reflect.Method.invoke(Method.java:498)
	at org.testng.internal.MethodInvocationHelper.invokeHookable(MethodInvocationHelper.java:194)
	at org.testng.internal.Invoker.invokeMethod(Invoker.java:707)
	at org.testng.internal.Invoker.invokeTestMethod(Invoker.java:901)
	at org.testng.internal.Invoker.invokeTestMethods(Invoker.java:1231)
	at org.testng.internal.TestMethodWorker.invokeTestMethods(TestMethodWorker.java:127)
	at org.testng.internal.TestMethodWorker.run(TestMethodWorker.java:111)
	at org.testng.TestRunner.privateRun(TestRunner.java:767)
	at org.testng.TestRunner.run(TestRunner.java:617)
	at org.testng.SuiteRunner.runTest(SuiteRunner.java:334)
	at org.testng.SuiteRunner.runSequentially(SuiteRunner.java:329)
	at org.testng.SuiteRunner.privateRun(SuiteRunner.java:291)
	at org.testng.SuiteRunner.run(SuiteRunner.java:240)
	at org.testng.SuiteRunnerWorker.runSuite(SuiteRunnerWorker.java:52)
	at org.testng.SuiteRunnerWorker.run(SuiteRunnerWorker.java:86)
	at org.testng.TestNG.runSuitesSequentially(TestNG.java:1198)
	at org.testng.TestNG.runSuitesLocally(TestNG.java:1123)
	at org.testng.TestNG.run(TestNG.java:1031)
	at org.apache.maven.surefire.testng.TestNGExecutor.run(TestNGExecutor.java:135)
	at org.apache.maven.surefire.testng.TestNGDirectoryTestSuite.executeMulti(TestNGDirectoryTestSuite.java:193)
	at org.apache.maven.surefire.testng.TestNGDirectoryTestSuite.execute(TestNGDirectoryTestSuite.java:94)
	at org.apache.maven.surefire.testng.TestNGProvider.invoke(TestNGProvider.java:146)
	at org.apache.maven.surefire.booter.ForkedBooter.invokeProviderInSameClassLoader(ForkedBooter.java:379)
	at org.apache.maven.surefire.booter.ForkedBooter.runSuitesInProcess(ForkedBooter.java:340)
	at org.apache.maven.surefire.booter.ForkedBooter.execute(ForkedBooter.java:125)
	at org.apache.maven.surefire.booter.ForkedBooter.main(ForkedBooter.java:413)
]]>
    </failure>
  </testcase> <!-- addUserToGroupSu -->
  <testcase name="getAllMolgenisUsersSu" time="0.190" classname="org.molgenis.core.ui.admin.usermanager.UserManagerServiceImplTest"/>
  <testcase name="getAllMolgenisUsersNonSu" time="0.001" classname="org.molgenis.core.ui.admin.usermanager.UserManagerServiceImplTest"/>
  <testcase name="getGroupsWhereUserIsNotMemberSu" time="0.025" classname="org.molgenis.core.ui.admin.usermanager.UserManagerServiceImplTest"/>
  <testcase name="getGroupsWhereUserIsNotMemberNonUs" time="0.000" classname="org.molgenis.core.ui.admin.usermanager.UserManagerServiceImplTest"/>
  <testcase name="getAllMolgenisGroupsSu" time="0.093" classname="org.molgenis.core.ui.admin.usermanager.UserManagerServiceImplTest"/>
</testsuite> <!-- org.molgenis.core.ui.admin.usermanager.UserManagerServiceImplTest -->
