<?xml version="1.0" encoding="UTF-8"?>
<!-- Generated by org.testng.reporters.JUnitReportReporter -->
<testsuite hostname="spirals-vortex.lille.inria.fr" name="org.molgenis.core.ui.menu.MenuItemToMolgenisUiMenuItemAdapterTest" tests="7" failures="0" timestamp="1 Jun 2018 10:53:10 GMT" time="0.002" errors="0">
  <testcase name="getUrl_noParams" time="0.000" classname="org.molgenis.core.ui.menu.MenuItemToMolgenisUiMenuItemAdapterTest"/>
  <testcase name="getType_menuType" time="0.001" classname="org.molgenis.core.ui.menu.MenuItemToMolgenisUiMenuItemAdapterTest"/>
  <testcase name="getUrl_params" time="0.001" classname="org.molgenis.core.ui.menu.MenuItemToMolgenisUiMenuItemAdapterTest"/>
  <testcase name="getType_pluginType" time="0.000" classname="org.molgenis.core.ui.menu.MenuItemToMolgenisUiMenuItemAdapterTest"/>
  <testcase name="MenuItemToMolgenisUiMenuItemAdapter" time="0.000" classname="org.molgenis.core.ui.menu.MenuItemToMolgenisUiMenuItemAdapterTest"/>
  <testcase name="getId" time="0.000" classname="org.molgenis.core.ui.menu.MenuItemToMolgenisUiMenuItemAdapterTest"/>
  <testcase name="getName" time="0.000" classname="org.molgenis.core.ui.menu.MenuItemToMolgenisUiMenuItemAdapterTest"/>
</testsuite> <!-- org.molgenis.core.ui.menu.MenuItemToMolgenisUiMenuItemAdapterTest -->
