<?xml version="1.0" encoding="UTF-8"?>
<!-- Generated by org.testng.reporters.JUnitReportReporter -->
<testsuite hostname="spirals-vortex.lille.inria.fr" name="org.molgenis.ontology.roc.InformationContentServiceTest" tests="3" failures="0" timestamp="1 Jun 2018 11:23:00 GMT" time="0.143" errors="0">
  <testcase name="redistributedNGramScore" time="0.030" classname="org.molgenis.ontology.roc.InformationContentServiceTest"/>
  <testcase name="createStemmedWordSet" time="0.040" classname="org.molgenis.ontology.roc.InformationContentServiceTest"/>
  <testcase name="createWordIDF" time="0.073" classname="org.molgenis.ontology.roc.InformationContentServiceTest"/>
</testsuite> <!-- org.molgenis.ontology.roc.InformationContentServiceTest -->
