<?xml version="1.0" encoding="UTF-8"?>
<!-- Generated by org.testng.reporters.JUnitReportReporter -->
<testsuite hostname="spirals-vortex.lille.inria.fr" name="org.molgenis.ontology.importer.OntologyImportServiceTest" tests="1" failures="0" timestamp="1 Jun 2018 11:23:00 GMT" time="0.123" errors="0">
  <testcase name="testDoImport" time="0.123" classname="org.molgenis.ontology.importer.OntologyImportServiceTest"/>
</testsuite> <!-- org.molgenis.ontology.importer.OntologyImportServiceTest -->
