<?xml version="1.0" encoding="UTF-8"?>
<testsuite xmlns:xsi="http://www.w3.org/2001/XMLSchema-instance" xsi:noNamespaceSchemaLocation="https://maven.apache.org/surefire/maven-surefire-plugin/xsd/surefire-test-report.xsd" name="TestSuite" time="10.479" tests="115" errors="0" skipped="0" failures="0">
  <properties>
    <property name="awt.toolkit" value="sun.awt.X11.XToolkit"/>
    <property name="file.encoding.pkg" value="sun.io"/>
    <property name="java.specification.version" value="1.8"/>
    <property name="sun.cpu.isalist" value=""/>
    <property name="sun.jnu.encoding" value="UTF-8"/>
    <property name="java.class.path" value="/root/workspace/molgenis/molgenis/386600939/molgenis-semantic-mapper/target/test-classes:/root/workspace/molgenis/molgenis/386600939/molgenis-semantic-mapper/target/classes:/root/workspace/molgenis/molgenis/386600939/molgenis-core/target/classes:/root/workspace/molgenis/molgenis/386600939/molgenis-util/target/classes:/root/./workspace/molgenis/molgenis/386600939/.m2/org/springframework/spring-context-support/5.0.6.RELEASE/spring-context-support-5.0.6.RELEASE.jar:/root/./workspace/molgenis/molgenis/386600939/.m2/com/sun/mail/javax.mail/1.6.1/javax.mail-1.6.1.jar:/root/./workspace/molgenis/molgenis/386600939/.m2/javax/activation/activation/1.1.1/activation-1.1.1.jar:/root/./workspace/molgenis/molgenis/386600939/.m2/org/mapdb/mapdb/1.0.6/mapdb-1.0.6.jar:/root/./workspace/molgenis/molgenis/386600939/.m2/commons-io/commons-io/2.6/commons-io-2.6.jar:/root/./workspace/molgenis/molgenis/386600939/.m2/org/springframework/spring-web/5.0.6.RELEASE/spring-web-5.0.6.RELEASE.jar:/root/./workspace/molgenis/molgenis/386600939/.m2/org/springframework/spring-beans/5.0.6.RELEASE/spring-beans-5.0.6.RELEASE.jar:/root/workspace/molgenis/molgenis/386600939/molgenis-web/target/classes:/root/workspace/molgenis/molgenis/386600939/molgenis-i18n/target/classes:/root/workspace/molgenis/molgenis/386600939/molgenis-data-csv/target/classes:/root/workspace/molgenis/molgenis/386600939/molgenis-data-file/target/classes:/root/./workspace/molgenis/molgenis/386600939/.m2/net/sf/opencsv/opencsv/2.3/opencsv-2.3.jar:/root/workspace/molgenis/molgenis/386600939/molgenis-data-plugin/target/classes:/root/workspace/molgenis/molgenis/386600939/molgenis-data-security/target/classes:/root/workspace/molgenis/molgenis/386600939/molgenis-data-validation/target/classes:/root/./workspace/molgenis/molgenis/386600939/.m2/org/everit/json/org.everit.json.schema/1.5.1/org.everit.json.schema-1.5.1.jar:/root/./workspace/molgenis/molgenis/386600939/.m2/commons-validator/commons-validator/1.5.1/commons-validator-1.5.1.jar:/root/./workspace/molgenis/molgenis/386600939/.m2/commons-beanutils/commons-beanutils/1.9.3/commons-beanutils-1.9.3.jar:/root/./workspace/molgenis/molgenis/386600939/.m2/commons-digester/commons-digester/1.8.1/commons-digester-1.8.1.jar:/root/./workspace/molgenis/molgenis/386600939/.m2/commons-collections/commons-collections/3.2.2/commons-collections-3.2.2.jar:/root/workspace/molgenis/molgenis/386600939/molgenis-security-core/target/classes:/root/./workspace/molgenis/molgenis/386600939/.m2/org/springframework/spring-aspects/5.0.6.RELEASE/spring-aspects-5.0.6.RELEASE.jar:/root/./workspace/molgenis/molgenis/386600939/.m2/org/aspectj/aspectjweaver/1.8.13/aspectjweaver-1.8.13.jar:/root/workspace/molgenis/molgenis/386600939/molgenis-settings/target/classes:/root/./workspace/molgenis/molgenis/386600939/.m2/org/springframework/spring-webmvc/5.0.6.RELEASE/spring-webmvc-5.0.6.RELEASE.jar:/root/./workspace/molgenis/molgenis/386600939/.m2/org/springframework/spring-aop/5.0.6.RELEASE/spring-aop-5.0.6.RELEASE.jar:/root/./workspace/molgenis/molgenis/386600939/.m2/org/springframework/spring-expression/5.0.6.RELEASE/spring-expression-5.0.6.RELEASE.jar:/root/./workspace/molgenis/molgenis/386600939/.m2/org/springframework/security/spring-security-web/5.0.5.RELEASE/spring-security-web-5.0.5.RELEASE.jar:/root/./workspace/molgenis/molgenis/386600939/.m2/cz/jirutka/rsql/rsql-parser/2.0.0/rsql-parser-2.0.0.jar:/root/./workspace/molgenis/molgenis/386600939/.m2/com/fatboyindustrial/gson-javatime-serialisers/gson-javatime-serialisers/1.1.1/gson-javatime-serialisers-1.1.1.jar:/root/./workspace/molgenis/molgenis/386600939/.m2/io/swagger/swagger-annotations/1.5.16/swagger-annotations-1.5.16.jar:/root/workspace/molgenis/molgenis/386600939/molgenis-data/target/classes:/root/./workspace/molgenis/molgenis/386600939/.m2/org/springframework/spring-tx/5.0.6.RELEASE/spring-tx-5.0.6.RELEASE.jar:/root/./workspace/molgenis/molgenis/386600939/.m2/com/google/code/gson/gson/2.8.4/gson-2.8.4.jar:/root/./workspace/molgenis/molgenis/386600939/.m2/com/eaio/uuid/uuid/3.2/uuid-3.2.jar:/root/./workspace/molgenis/molgenis/386600939/.m2/com/mchange/c3p0/0.9.5.2/c3p0-0.9.5.2.jar:/root/./workspace/molgenis/molgenis/386600939/.m2/com/mchange/mchange-commons-java/0.2.11/mchange-commons-java-0.2.11.jar:/root/workspace/molgenis/molgenis/386600939/molgenis-dataexplorer/target/classes:/root/workspace/molgenis/molgenis/386600939/molgenis-data-excel/target/classes:/root/./workspace/molgenis/molgenis/386600939/.m2/org/apache/poi/poi/3.17/poi-3.17.jar:/root/./workspace/molgenis/molgenis/386600939/.m2/commons-codec/commons-codec/1.11/commons-codec-1.11.jar:/root/./workspace/molgenis/molgenis/386600939/.m2/org/apache/commons/commons-collections4/4.1/commons-collections4-4.1.jar:/root/./workspace/molgenis/molgenis/386600939/.m2/org/apache/poi/poi-ooxml/3.17/poi-ooxml-3.17.jar:/root/./workspace/molgenis/molgenis/386600939/.m2/org/apache/poi/poi-ooxml-schemas/3.17/poi-ooxml-schemas-3.17.jar:/root/./workspace/molgenis/molgenis/386600939/.m2/org/apache/xmlbeans/xmlbeans/2.6.0/xmlbeans-2.6.0.jar:/root/./workspace/molgenis/molgenis/386600939/.m2/com/github/virtuald/curvesapi/1.04/curvesapi-1.04.jar:/root/workspace/molgenis/molgenis/386600939/molgenis-data-annotators/target/classes:/root/workspace/molgenis/molgenis/386600939/molgenis-data-vcf/target/classes:/root/./workspace/molgenis/molgenis/386600939/.m2/nl/systemsgenetics/Genotype-IO/1.0.3/Genotype-IO-1.0.3.jar:/root/./workspace/molgenis/molgenis/386600939/.m2/commons-cli/commons-cli/1.4/commons-cli-1.4.jar:/root/workspace/molgenis/molgenis/386600939/molgenis-jobs/target/classes:/root/./workspace/molgenis/molgenis/386600939/.m2/org/quartz-scheduler/quartz/2.3.0/quartz-2.3.0.jar:/root/./workspace/molgenis/molgenis/386600939/.m2/joda-time/joda-time/2.9.9/joda-time-2.9.9.jar:/root/./workspace/molgenis/molgenis/386600939/.m2/org/utgenome/thirdparty/picard/1.102.0/picard-1.102.0.jar:/root/./workspace/molgenis/molgenis/386600939/.m2/org/apache/ant/ant/1.8.4/ant-1.8.4.jar:/root/./workspace/molgenis/molgenis/386600939/.m2/org/apache/ant/ant-launcher/1.8.4/ant-launcher-1.8.4.jar:/root/./workspace/molgenis/molgenis/386600939/.m2/org/xerial/snappy/snappy-java/1.1.0/snappy-java-1.1.0.jar:/root/./workspace/molgenis/molgenis/386600939/.m2/org/apache/commons/commons-jexl/2.1.1/commons-jexl-2.1.1.jar:/root/./workspace/molgenis/molgenis/386600939/.m2/org/apache/ant/ant-apache-bcel/1.8.4/ant-apache-bcel-1.8.4.jar:/root/./workspace/molgenis/molgenis/386600939/.m2/bcel/bcel/5.1/bcel-5.1.jar:/root/./workspace/molgenis/molgenis/386600939/.m2/regexp/regexp/1.2/regexp-1.2.jar:/root/./workspace/molgenis/molgenis/386600939/.m2/org/json/json/20141113/json-20141113.jar:/root/workspace/molgenis/molgenis/386600939/molgenis-core-ui/target/classes:/root/workspace/molgenis/molgenis/386600939/molgenis-data-platform/target/classes:/root/workspace/molgenis/molgenis/386600939/molgenis-data-cache/target/classes:/root/./workspace/molgenis/molgenis/386600939/.m2/com/github/ben-manes/caffeine/guava/2.6.2/guava-2.6.2.jar:/root/workspace/molgenis/molgenis/386600939/molgenis-data-index/target/classes:/root/workspace/molgenis/molgenis/386600939/molgenis-data-i18n/target/classes:/root/workspace/molgenis/molgenis/386600939/molgenis-data-rest/target/classes:/root/workspace/molgenis/molgenis/386600939/molgenis-security/target/classes:/root/./workspace/molgenis/molgenis/386600939/.m2/cn/apiclub/tool/simplecaptcha/1.2.2/simplecaptcha-1.2.2.jar:/root/./workspace/molgenis/molgenis/386600939/.m2/org/springframework/security/spring-security-config/5.0.5.RELEASE/spring-security-config-5.0.5.RELEASE.jar:/root/./workspace/molgenis/molgenis/386600939/.m2/com/google/api-client/google-api-client/1.21.0/google-api-client-1.21.0.jar:/root/./workspace/molgenis/molgenis/386600939/.m2/com/google/oauth-client/google-oauth-client/1.21.0/google-oauth-client-1.21.0.jar:/root/./workspace/molgenis/molgenis/386600939/.m2/com/google/http-client/google-http-client/1.21.0/google-http-client-1.21.0.jar:/root/./workspace/molgenis/molgenis/386600939/.m2/com/google/http-client/google-http-client-jackson2/1.21.0/google-http-client-jackson2-1.21.0.jar:/root/./workspace/molgenis/molgenis/386600939/.m2/org/jboss/aerogear/aerogear-otp-java/1.0.0/aerogear-otp-java-1.0.0.jar:/root/./workspace/molgenis/molgenis/386600939/.m2/org/apache/httpcomponents/httpclient/4.5.5/httpclient-4.5.5.jar:/root/./workspace/molgenis/molgenis/386600939/.m2/org/apache/httpcomponents/httpcore/4.4.9/httpcore-4.4.9.jar:/root/./workspace/molgenis/molgenis/386600939/.m2/no/api/freemarker/freemarker-java8/1.1.2/freemarker-java8-1.1.2.jar:/root/./workspace/molgenis/molgenis/386600939/.m2/org/webjars/webjars-locator-core/0.35/webjars-locator-core-0.35.jar:/root/./workspace/molgenis/molgenis/386600939/.m2/org/apache/commons/commons-compress/1.9/commons-compress-1.9.jar:/root/./workspace/molgenis/molgenis/386600939/.m2/eu/bitwalker/UserAgentUtils/1.17/UserAgentUtils-1.17.jar:/root/./workspace/molgenis/molgenis/386600939/.m2/org/eclipse/rdf4j/rdf4j-rio-turtle/2.0.2/rdf4j-rio-turtle-2.0.2.jar:/root/./workspace/molgenis/molgenis/386600939/.m2/org/eclipse/rdf4j/rdf4j-model/2.0.2/rdf4j-model-2.0.2.jar:/root/./workspace/molgenis/molgenis/386600939/.m2/org/eclipse/rdf4j/rdf4j-rio-api/2.0.2/rdf4j-rio-api-2.0.2.jar:/root/./workspace/molgenis/molgenis/386600939/.m2/org/eclipse/rdf4j/rdf4j-rio-datatypes/2.0.2/rdf4j-rio-datatypes-2.0.2.jar:/root/./workspace/molgenis/molgenis/386600939/.m2/org/eclipse/rdf4j/rdf4j-rio-languages/2.0.2/rdf4j-rio-languages-2.0.2.jar:/root/./workspace/molgenis/molgenis/386600939/.m2/org/eclipse/rdf4j/rdf4j-util/2.0.2/rdf4j-util-2.0.2.jar:/root/./workspace/molgenis/molgenis/386600939/.m2/com/google/code/findbugs/jsr305/3.0.2/jsr305-3.0.2.jar:/root/workspace/molgenis/molgenis/386600939/molgenis-genomebrowser/target/classes:/root/./workspace/molgenis/molgenis/386600939/.m2/com/github/jmchilton/blend4j/blend4j/0.1.0/blend4j-0.1.0.jar:/root/./workspace/molgenis/molgenis/386600939/.m2/com/sun/jersey/jersey-client/1.17.1/jersey-client-1.17.1.jar:/root/./workspace/molgenis/molgenis/386600939/.m2/com/sun/jersey/jersey-json/1.17.1/jersey-json-1.17.1.jar:/root/./workspace/molgenis/molgenis/386600939/.m2/org/codehaus/jettison/jettison/1.2/jettison-1.2.jar:/root/./workspace/molgenis/molgenis/386600939/.m2/com/sun/xml/bind/jaxb-impl/2.2.3-1/jaxb-impl-2.2.3-1.jar:/root/./workspace/molgenis/molgenis/386600939/.m2/javax/xml/bind/jaxb-api/2.3.0/jaxb-api-2.3.0.jar:/root/./workspace/molgenis/molgenis/386600939/.m2/org/codehaus/jackson/jackson-xc/1.9.2/jackson-xc-1.9.2.jar:/root/./workspace/molgenis/molgenis/386600939/.m2/com/sun/jersey/jersey-core/1.17.1/jersey-core-1.17.1.jar:/root/./workspace/molgenis/molgenis/386600939/.m2/com/sun/jersey/contribs/jersey-multipart/1.17.1/jersey-multipart-1.17.1.jar:/root/./workspace/molgenis/molgenis/386600939/.m2/org/jvnet/mimepull/1.6/mimepull-1.6.jar:/root/./workspace/molgenis/molgenis/386600939/.m2/org/codehaus/jackson/jackson-core-asl/1.9.13/jackson-core-asl-1.9.13.jar:/root/./workspace/molgenis/molgenis/386600939/.m2/org/codehaus/jackson/jackson-mapper-asl/1.9.13/jackson-mapper-asl-1.9.13.jar:/root/./workspace/molgenis/molgenis/386600939/.m2/org/codehaus/jackson/jackson-jaxrs/1.9.12/jackson-jaxrs-1.9.12.jar:/root/workspace/molgenis/molgenis/386600939/molgenis-js/target/classes:/root/workspace/molgenis/molgenis/386600939/molgenis-scripts-core/target/classes:/root/./workspace/molgenis/molgenis/386600939/.m2/com/github/ben-manes/caffeine/caffeine/2.6.2/caffeine-2.6.2.jar:/root/workspace/molgenis/molgenis/386600939/molgenis-semantic-search/target/classes:/root/workspace/molgenis/molgenis/386600939/molgenis-data-elasticsearch/target/classes:/root/./workspace/molgenis/molgenis/386600939/.m2/org/springframework/retry/spring-retry/1.2.2.RELEASE/spring-retry-1.2.2.RELEASE.jar:/root/./workspace/molgenis/molgenis/386600939/.m2/org/elasticsearch/client/transport/5.5.1/transport-5.5.1.jar:/root/./workspace/molgenis/molgenis/386600939/.m2/org/elasticsearch/elasticsearch/5.5.1/elasticsearch-5.5.1.jar:/root/./workspace/molgenis/molgenis/386600939/.m2/org/apache/lucene/lucene-core/6.6.0/lucene-core-6.6.0.jar:/root/./workspace/molgenis/molgenis/386600939/.m2/org/apache/lucene/lucene-analyzers-common/6.6.0/lucene-analyzers-common-6.6.0.jar:/root/./workspace/molgenis/molgenis/386600939/.m2/org/apache/lucene/lucene-backward-codecs/6.6.0/lucene-backward-codecs-6.6.0.jar:/root/./workspace/molgenis/molgenis/386600939/.m2/org/apache/lucene/lucene-grouping/6.6.0/lucene-grouping-6.6.0.jar:/root/./workspace/molgenis/molgenis/386600939/.m2/org/apache/lucene/lucene-highlighter/6.6.0/lucene-highlighter-6.6.0.jar:/root/./workspace/molgenis/molgenis/386600939/.m2/org/apache/lucene/lucene-join/6.6.0/lucene-join-6.6.0.jar:/root/./workspace/molgenis/molgenis/386600939/.m2/org/apache/lucene/lucene-memory/6.6.0/lucene-memory-6.6.0.jar:/root/./workspace/molgenis/molgenis/386600939/.m2/org/apache/lucene/lucene-misc/6.6.0/lucene-misc-6.6.0.jar:/root/./workspace/molgenis/molgenis/386600939/.m2/org/apache/lucene/lucene-queries/6.6.0/lucene-queries-6.6.0.jar:/root/./workspace/molgenis/molgenis/386600939/.m2/org/apache/lucene/lucene-queryparser/6.6.0/lucene-queryparser-6.6.0.jar:/root/./workspace/molgenis/molgenis/386600939/.m2/org/apache/lucene/lucene-sandbox/6.6.0/lucene-sandbox-6.6.0.jar:/root/./workspace/molgenis/molgenis/386600939/.m2/org/apache/lucene/lucene-spatial/6.6.0/lucene-spatial-6.6.0.jar:/root/./workspace/molgenis/molgenis/386600939/.m2/org/apache/lucene/lucene-spatial-extras/6.6.0/lucene-spatial-extras-6.6.0.jar:/root/./workspace/molgenis/molgenis/386600939/.m2/org/apache/lucene/lucene-spatial3d/6.6.0/lucene-spatial3d-6.6.0.jar:/root/./workspace/molgenis/molgenis/386600939/.m2/org/apache/lucene/lucene-suggest/6.6.0/lucene-suggest-6.6.0.jar:/root/./workspace/molgenis/molgenis/386600939/.m2/org/elasticsearch/securesm/1.1/securesm-1.1.jar:/root/./workspace/molgenis/molgenis/386600939/.m2/net/sf/jopt-simple/jopt-simple/5.0.4/jopt-simple-5.0.4.jar:/root/./workspace/molgenis/molgenis/386600939/.m2/com/carrotsearch/hppc/0.7.1/hppc-0.7.1.jar:/root/./workspace/molgenis/molgenis/386600939/.m2/com/fasterxml/jackson/dataformat/jackson-dataformat-smile/2.9.5/jackson-dataformat-smile-2.9.5.jar:/root/./workspace/molgenis/molgenis/386600939/.m2/com/fasterxml/jackson/dataformat/jackson-dataformat-yaml/2.9.5/jackson-dataformat-yaml-2.9.5.jar:/root/./workspace/molgenis/molgenis/386600939/.m2/com/fasterxml/jackson/dataformat/jackson-dataformat-cbor/2.9.5/jackson-dataformat-cbor-2.9.5.jar:/root/./workspace/molgenis/molgenis/386600939/.m2/com/tdunning/t-digest/3.0/t-digest-3.0.jar:/root/./workspace/molgenis/molgenis/386600939/.m2/org/hdrhistogram/HdrHistogram/2.1.9/HdrHistogram-2.1.9.jar:/root/./workspace/molgenis/molgenis/386600939/.m2/org/elasticsearch/jna/4.4.0/jna-4.4.0.jar:/root/./workspace/molgenis/molgenis/386600939/.m2/org/elasticsearch/plugin/transport-netty3-client/5.5.1/transport-netty3-client-5.5.1.jar:/root/./workspace/molgenis/molgenis/386600939/.m2/io/netty/netty/3.10.6.Final/netty-3.10.6.Final.jar:/root/./workspace/molgenis/molgenis/386600939/.m2/org/elasticsearch/plugin/transport-netty4-client/5.5.1/transport-netty4-client-5.5.1.jar:/root/./workspace/molgenis/molgenis/386600939/.m2/io/netty/netty-buffer/4.1.24.Final/netty-buffer-4.1.24.Final.jar:/root/./workspace/molgenis/molgenis/386600939/.m2/io/netty/netty-codec/4.1.24.Final/netty-codec-4.1.24.Final.jar:/root/./workspace/molgenis/molgenis/386600939/.m2/io/netty/netty-codec-http/4.1.24.Final/netty-codec-http-4.1.24.Final.jar:/root/./workspace/molgenis/molgenis/386600939/.m2/io/netty/netty-common/4.1.24.Final/netty-common-4.1.24.Final.jar:/root/./workspace/molgenis/molgenis/386600939/.m2/io/netty/netty-handler/4.1.24.Final/netty-handler-4.1.24.Final.jar:/root/./workspace/molgenis/molgenis/386600939/.m2/io/netty/netty-resolver/4.1.24.Final/netty-resolver-4.1.24.Final.jar:/root/./workspace/molgenis/molgenis/386600939/.m2/io/netty/netty-transport/4.1.24.Final/netty-transport-4.1.24.Final.jar:/root/./workspace/molgenis/molgenis/386600939/.m2/org/elasticsearch/plugin/reindex-client/5.5.1/reindex-client-5.5.1.jar:/root/./workspace/molgenis/molgenis/386600939/.m2/org/elasticsearch/client/rest/5.5.1/rest-5.5.1.jar:/root/./workspace/molgenis/molgenis/386600939/.m2/org/apache/httpcomponents/httpasyncclient/4.1.3/httpasyncclient-4.1.3.jar:/root/./workspace/molgenis/molgenis/386600939/.m2/org/apache/httpcomponents/httpcore-nio/4.4.9/httpcore-nio-4.4.9.jar:/root/./workspace/molgenis/molgenis/386600939/.m2/org/elasticsearch/plugin/lang-mustache-client/5.5.1/lang-mustache-client-5.5.1.jar:/root/./workspace/molgenis/molgenis/386600939/.m2/com/github/spullara/mustache/java/compiler/0.9.3/compiler-0.9.3.jar:/root/./workspace/molgenis/molgenis/386600939/.m2/org/elasticsearch/plugin/percolator-client/5.5.1/percolator-client-5.5.1.jar:/root/./workspace/molgenis/molgenis/386600939/.m2/org/elasticsearch/plugin/parent-join-client/5.5.1/parent-join-client-5.5.1.jar:/root/workspace/molgenis/molgenis/386600939/molgenis-ontology-core/target/classes:/root/workspace/molgenis/molgenis/386600939/molgenis-data-import/target/classes:/root/./workspace/molgenis/molgenis/386600939/.m2/net/sourceforge/owlapi/owlapi-api/3.4.10/owlapi-api-3.4.10.jar:/root/./workspace/molgenis/molgenis/386600939/.m2/net/sourceforge/owlapi/owlapi-apibinding/3.4.10/owlapi-apibinding-3.4.10.jar:/root/./workspace/molgenis/molgenis/386600939/.m2/net/sourceforge/owlapi/owlapi-impl/3.4.10/owlapi-impl-3.4.10.jar:/root/./workspace/molgenis/molgenis/386600939/.m2/net/sourceforge/owlapi/owlapi-parsers/3.4.10/owlapi-parsers-3.4.10.jar:/root/./workspace/molgenis/molgenis/386600939/.m2/net/sourceforge/owlapi/owlapi-oboformat/3.4.10/owlapi-oboformat-3.4.10.jar:/root/./workspace/molgenis/molgenis/386600939/.m2/net/sourceforge/owlapi/owlapi-tools/3.4.10/owlapi-tools-3.4.10.jar:/root/./workspace/molgenis/molgenis/386600939/.m2/org/apache/felix/org.osgi.core/1.4.0/org.osgi.core-1.4.0.jar:/root/./workspace/molgenis/molgenis/386600939/.m2/javax/servlet/javax.servlet-api/3.1.0/javax.servlet-api-3.1.0.jar:/root/./workspace/molgenis/molgenis/386600939/.m2/com/google/auto/value/auto-value/1.4.1/auto-value-1.4.1.jar:/root/./workspace/molgenis/molgenis/386600939/.m2/org/hibernate/validator/hibernate-validator/6.0.9.Final/hibernate-validator-6.0.9.Final.jar:/root/./workspace/molgenis/molgenis/386600939/.m2/javax/validation/validation-api/2.0.1.Final/validation-api-2.0.1.Final.jar:/root/./workspace/molgenis/molgenis/386600939/.m2/org/jboss/logging/jboss-logging/3.3.2.Final/jboss-logging-3.3.2.Final.jar:/root/./workspace/molgenis/molgenis/386600939/.m2/com/fasterxml/classmate/1.3.4/classmate-1.3.4.jar:/root/./workspace/molgenis/molgenis/386600939/.m2/org/glassfish/javax.el/3.0.0/javax.el-3.0.0.jar:/root/./workspace/molgenis/molgenis/386600939/.m2/org/apache/commons/commons-lang3/3.7/commons-lang3-3.7.jar:/root/./workspace/molgenis/molgenis/386600939/.m2/org/jscience/jscience/4.3.1/jscience-4.3.1.jar:/root/./workspace/molgenis/molgenis/386600939/.m2/org/javolution/javolution/5.2.3/javolution-5.2.3.jar:/root/workspace/molgenis/molgenis/386600939/molgenis-scripts-core/target/test-classes:/root/./workspace/molgenis/molgenis/386600939/.m2/org/freemarker/freemarker/2.3.28/freemarker-2.3.28.jar:/root/workspace/molgenis/molgenis/386600939/molgenis-test/target/classes:/root/./workspace/molgenis/molgenis/386600939/.m2/org/testng/testng/6.8/testng-6.8.jar:/root/./workspace/molgenis/molgenis/386600939/.m2/junit/junit/4.12/junit-4.12.jar:/root/./workspace/molgenis/molgenis/386600939/.m2/org/hamcrest/hamcrest-core/1.3/hamcrest-core-1.3.jar:/root/./workspace/molgenis/molgenis/386600939/.m2/org/beanshell/bsh/2.0b5/bsh-2.0b5.jar:/root/./workspace/molgenis/molgenis/386600939/.m2/com/beust/jcommander/1.27/jcommander-1.27.jar:/root/./workspace/molgenis/molgenis/386600939/.m2/org/yaml/snakeyaml/1.19/snakeyaml-1.19.jar:/root/./workspace/molgenis/molgenis/386600939/.m2/org/mockito/mockito-core/2.7.22/mockito-core-2.7.22.jar:/root/./workspace/molgenis/molgenis/386600939/.m2/net/bytebuddy/byte-buddy/1.7.11/byte-buddy-1.7.11.jar:/root/./workspace/molgenis/molgenis/386600939/.m2/net/bytebuddy/byte-buddy-agent/1.7.11/byte-buddy-agent-1.7.11.jar:/root/./workspace/molgenis/molgenis/386600939/.m2/org/objenesis/objenesis/2.6/objenesis-2.6.jar:/root/./workspace/molgenis/molgenis/386600939/.m2/org/hamcrest/hamcrest-all/1.3/hamcrest-all-1.3.jar:/root/./workspace/molgenis/molgenis/386600939/.m2/org/springframework/spring-test/5.0.6.RELEASE/spring-test-5.0.6.RELEASE.jar:/root/./workspace/molgenis/molgenis/386600939/.m2/com/fasterxml/jackson/core/jackson-databind/2.9.5/jackson-databind-2.9.5.jar:/root/./workspace/molgenis/molgenis/386600939/.m2/com/fasterxml/jackson/core/jackson-annotations/2.9.0/jackson-annotations-2.9.0.jar:/root/./workspace/molgenis/molgenis/386600939/.m2/com/fasterxml/jackson/core/jackson-core/2.9.5/jackson-core-2.9.5.jar:/root/./workspace/molgenis/molgenis/386600939/.m2/org/springframework/spring-context/5.0.6.RELEASE/spring-context-5.0.6.RELEASE.jar:/root/workspace/molgenis/molgenis/386600939/molgenis-data/target/test-classes:/root/workspace/molgenis/molgenis/386600939/molgenis-data-security/target/test-classes:/root/./workspace/molgenis/molgenis/386600939/.m2/org/springframework/security/spring-security-core/5.0.5.RELEASE/spring-security-core-5.0.5.RELEASE.jar:/root/./workspace/molgenis/molgenis/386600939/.m2/org/springframework/security/spring-security-acl/5.0.5.RELEASE/spring-security-acl-5.0.5.RELEASE.jar:/root/./workspace/molgenis/molgenis/386600939/.m2/org/springframework/spring-jdbc/5.0.6.RELEASE/spring-jdbc-5.0.6.RELEASE.jar:/root/./workspace/molgenis/molgenis/386600939/.m2/org/springframework/security/spring-security-test/5.0.5.RELEASE/spring-security-test-5.0.5.RELEASE.jar:/root/./workspace/molgenis/molgenis/386600939/.m2/org/springframework/spring-core/5.0.6.RELEASE/spring-core-5.0.6.RELEASE.jar:/root/./workspace/molgenis/molgenis/386600939/.m2/org/springframework/spring-jcl/5.0.6.RELEASE/spring-jcl-5.0.6.RELEASE.jar:/root/./workspace/molgenis/molgenis/386600939/.m2/org/springframework/boot/spring-boot-starter-logging/2.0.2.RELEASE/spring-boot-starter-logging-2.0.2.RELEASE.jar:/root/./workspace/molgenis/molgenis/386600939/.m2/ch/qos/logback/logback-classic/1.2.3/logback-classic-1.2.3.jar:/root/./workspace/molgenis/molgenis/386600939/.m2/ch/qos/logback/logback-core/1.2.3/logback-core-1.2.3.jar:/root/./workspace/molgenis/molgenis/386600939/.m2/org/apache/logging/log4j/log4j-to-slf4j/2.10.0/log4j-to-slf4j-2.10.0.jar:/root/./workspace/molgenis/molgenis/386600939/.m2/org/apache/logging/log4j/log4j-api/2.10.0/log4j-api-2.10.0.jar:/root/./workspace/molgenis/molgenis/386600939/.m2/org/slf4j/jul-to-slf4j/1.7.25/jul-to-slf4j-1.7.25.jar:/root/./workspace/molgenis/molgenis/386600939/.m2/org/slf4j/log4j-over-slf4j/1.7.25/log4j-over-slf4j-1.7.25.jar:/root/./workspace/molgenis/molgenis/386600939/.m2/org/slf4j/slf4j-api/1.7.25/slf4j-api-1.7.25.jar:/root/./workspace/molgenis/molgenis/386600939/.m2/com/google/guava/guava/25.0-jre/guava-25.0-jre.jar:/root/./workspace/molgenis/molgenis/386600939/.m2/org/apache/maven/surefire/surefire-testng-utils/2.21.0/surefire-testng-utils-2.21.0.jar:/root/./workspace/molgenis/molgenis/386600939/.m2/org/apache/maven/surefire/surefire-grouper/2.21.0/surefire-grouper-2.21.0.jar:"/>
    <property name="java.vm.vendor" value="Oracle Corporation"/>
    <property name="skip.bower" value="true"/>
    <property name="sun.arch.data.model" value="64"/>
    <property name="java.vendor.url" value="http://java.oracle.com/"/>
    <property name="user.timezone" value=""/>
    <property name="java.vm.specification.version" value="1.8"/>
    <property name="os.name" value="Linux"/>
    <property name="rat.skip" value="true"/>
    <property name="gpg.skip" value="true"/>
    <property name="sun.java.launcher" value="SUN_STANDARD"/>
    <property name="sun.boot.library.path" value="/usr/lib/jvm/java-8-openjdk-amd64/jre/lib/amd64"/>
    <property name="skip.gulp" value="true"/>
    <property name="sun.java.command" value="/root/workspace/molgenis/molgenis/386600939/molgenis-semantic-mapper/target/surefire/surefirebooter1503937835329297656.jar /root/workspace/molgenis/molgenis/386600939/molgenis-semantic-mapper/target/surefire 2018-06-01T13-16-23_183-jvmRun1 surefire58525634573908417tmp surefire_401431195915649758737tmp"/>
    <property name="dependency-check.skip" value="true"/>
    <property name="surefire.test.class.path" value="/root/workspace/molgenis/molgenis/386600939/molgenis-semantic-mapper/target/test-classes:/root/workspace/molgenis/molgenis/386600939/molgenis-semantic-mapper/target/classes:/root/workspace/molgenis/molgenis/386600939/molgenis-core/target/classes:/root/workspace/molgenis/molgenis/386600939/molgenis-util/target/classes:/root/./workspace/molgenis/molgenis/386600939/.m2/org/springframework/spring-context-support/5.0.6.RELEASE/spring-context-support-5.0.6.RELEASE.jar:/root/./workspace/molgenis/molgenis/386600939/.m2/com/sun/mail/javax.mail/1.6.1/javax.mail-1.6.1.jar:/root/./workspace/molgenis/molgenis/386600939/.m2/javax/activation/activation/1.1.1/activation-1.1.1.jar:/root/./workspace/molgenis/molgenis/386600939/.m2/org/mapdb/mapdb/1.0.6/mapdb-1.0.6.jar:/root/./workspace/molgenis/molgenis/386600939/.m2/commons-io/commons-io/2.6/commons-io-2.6.jar:/root/./workspace/molgenis/molgenis/386600939/.m2/org/springframework/spring-web/5.0.6.RELEASE/spring-web-5.0.6.RELEASE.jar:/root/./workspace/molgenis/molgenis/386600939/.m2/org/springframework/spring-beans/5.0.6.RELEASE/spring-beans-5.0.6.RELEASE.jar:/root/workspace/molgenis/molgenis/386600939/molgenis-web/target/classes:/root/workspace/molgenis/molgenis/386600939/molgenis-i18n/target/classes:/root/workspace/molgenis/molgenis/386600939/molgenis-data-csv/target/classes:/root/workspace/molgenis/molgenis/386600939/molgenis-data-file/target/classes:/root/./workspace/molgenis/molgenis/386600939/.m2/net/sf/opencsv/opencsv/2.3/opencsv-2.3.jar:/root/workspace/molgenis/molgenis/386600939/molgenis-data-plugin/target/classes:/root/workspace/molgenis/molgenis/386600939/molgenis-data-security/target/classes:/root/workspace/molgenis/molgenis/386600939/molgenis-data-validation/target/classes:/root/./workspace/molgenis/molgenis/386600939/.m2/org/everit/json/org.everit.json.schema/1.5.1/org.everit.json.schema-1.5.1.jar:/root/./workspace/molgenis/molgenis/386600939/.m2/commons-validator/commons-validator/1.5.1/commons-validator-1.5.1.jar:/root/./workspace/molgenis/molgenis/386600939/.m2/commons-beanutils/commons-beanutils/1.9.3/commons-beanutils-1.9.3.jar:/root/./workspace/molgenis/molgenis/386600939/.m2/commons-digester/commons-digester/1.8.1/commons-digester-1.8.1.jar:/root/./workspace/molgenis/molgenis/386600939/.m2/commons-collections/commons-collections/3.2.2/commons-collections-3.2.2.jar:/root/workspace/molgenis/molgenis/386600939/molgenis-security-core/target/classes:/root/./workspace/molgenis/molgenis/386600939/.m2/org/springframework/spring-aspects/5.0.6.RELEASE/spring-aspects-5.0.6.RELEASE.jar:/root/./workspace/molgenis/molgenis/386600939/.m2/org/aspectj/aspectjweaver/1.8.13/aspectjweaver-1.8.13.jar:/root/workspace/molgenis/molgenis/386600939/molgenis-settings/target/classes:/root/./workspace/molgenis/molgenis/386600939/.m2/org/springframework/spring-webmvc/5.0.6.RELEASE/spring-webmvc-5.0.6.RELEASE.jar:/root/./workspace/molgenis/molgenis/386600939/.m2/org/springframework/spring-aop/5.0.6.RELEASE/spring-aop-5.0.6.RELEASE.jar:/root/./workspace/molgenis/molgenis/386600939/.m2/org/springframework/spring-expression/5.0.6.RELEASE/spring-expression-5.0.6.RELEASE.jar:/root/./workspace/molgenis/molgenis/386600939/.m2/org/springframework/security/spring-security-web/5.0.5.RELEASE/spring-security-web-5.0.5.RELEASE.jar:/root/./workspace/molgenis/molgenis/386600939/.m2/cz/jirutka/rsql/rsql-parser/2.0.0/rsql-parser-2.0.0.jar:/root/./workspace/molgenis/molgenis/386600939/.m2/com/fatboyindustrial/gson-javatime-serialisers/gson-javatime-serialisers/1.1.1/gson-javatime-serialisers-1.1.1.jar:/root/./workspace/molgenis/molgenis/386600939/.m2/io/swagger/swagger-annotations/1.5.16/swagger-annotations-1.5.16.jar:/root/workspace/molgenis/molgenis/386600939/molgenis-data/target/classes:/root/./workspace/molgenis/molgenis/386600939/.m2/org/springframework/spring-tx/5.0.6.RELEASE/spring-tx-5.0.6.RELEASE.jar:/root/./workspace/molgenis/molgenis/386600939/.m2/com/google/code/gson/gson/2.8.4/gson-2.8.4.jar:/root/./workspace/molgenis/molgenis/386600939/.m2/com/eaio/uuid/uuid/3.2/uuid-3.2.jar:/root/./workspace/molgenis/molgenis/386600939/.m2/com/mchange/c3p0/0.9.5.2/c3p0-0.9.5.2.jar:/root/./workspace/molgenis/molgenis/386600939/.m2/com/mchange/mchange-commons-java/0.2.11/mchange-commons-java-0.2.11.jar:/root/workspace/molgenis/molgenis/386600939/molgenis-dataexplorer/target/classes:/root/workspace/molgenis/molgenis/386600939/molgenis-data-excel/target/classes:/root/./workspace/molgenis/molgenis/386600939/.m2/org/apache/poi/poi/3.17/poi-3.17.jar:/root/./workspace/molgenis/molgenis/386600939/.m2/commons-codec/commons-codec/1.11/commons-codec-1.11.jar:/root/./workspace/molgenis/molgenis/386600939/.m2/org/apache/commons/commons-collections4/4.1/commons-collections4-4.1.jar:/root/./workspace/molgenis/molgenis/386600939/.m2/org/apache/poi/poi-ooxml/3.17/poi-ooxml-3.17.jar:/root/./workspace/molgenis/molgenis/386600939/.m2/org/apache/poi/poi-ooxml-schemas/3.17/poi-ooxml-schemas-3.17.jar:/root/./workspace/molgenis/molgenis/386600939/.m2/org/apache/xmlbeans/xmlbeans/2.6.0/xmlbeans-2.6.0.jar:/root/./workspace/molgenis/molgenis/386600939/.m2/com/github/virtuald/curvesapi/1.04/curvesapi-1.04.jar:/root/workspace/molgenis/molgenis/386600939/molgenis-data-annotators/target/classes:/root/workspace/molgenis/molgenis/386600939/molgenis-data-vcf/target/classes:/root/./workspace/molgenis/molgenis/386600939/.m2/nl/systemsgenetics/Genotype-IO/1.0.3/Genotype-IO-1.0.3.jar:/root/./workspace/molgenis/molgenis/386600939/.m2/commons-cli/commons-cli/1.4/commons-cli-1.4.jar:/root/workspace/molgenis/molgenis/386600939/molgenis-jobs/target/classes:/root/./workspace/molgenis/molgenis/386600939/.m2/org/quartz-scheduler/quartz/2.3.0/quartz-2.3.0.jar:/root/./workspace/molgenis/molgenis/386600939/.m2/joda-time/joda-time/2.9.9/joda-time-2.9.9.jar:/root/./workspace/molgenis/molgenis/386600939/.m2/org/utgenome/thirdparty/picard/1.102.0/picard-1.102.0.jar:/root/./workspace/molgenis/molgenis/386600939/.m2/org/apache/ant/ant/1.8.4/ant-1.8.4.jar:/root/./workspace/molgenis/molgenis/386600939/.m2/org/apache/ant/ant-launcher/1.8.4/ant-launcher-1.8.4.jar:/root/./workspace/molgenis/molgenis/386600939/.m2/org/xerial/snappy/snappy-java/1.1.0/snappy-java-1.1.0.jar:/root/./workspace/molgenis/molgenis/386600939/.m2/org/apache/commons/commons-jexl/2.1.1/commons-jexl-2.1.1.jar:/root/./workspace/molgenis/molgenis/386600939/.m2/org/apache/ant/ant-apache-bcel/1.8.4/ant-apache-bcel-1.8.4.jar:/root/./workspace/molgenis/molgenis/386600939/.m2/bcel/bcel/5.1/bcel-5.1.jar:/root/./workspace/molgenis/molgenis/386600939/.m2/regexp/regexp/1.2/regexp-1.2.jar:/root/./workspace/molgenis/molgenis/386600939/.m2/org/json/json/20141113/json-20141113.jar:/root/workspace/molgenis/molgenis/386600939/molgenis-core-ui/target/classes:/root/workspace/molgenis/molgenis/386600939/molgenis-data-platform/target/classes:/root/workspace/molgenis/molgenis/386600939/molgenis-data-cache/target/classes:/root/./workspace/molgenis/molgenis/386600939/.m2/com/github/ben-manes/caffeine/guava/2.6.2/guava-2.6.2.jar:/root/workspace/molgenis/molgenis/386600939/molgenis-data-index/target/classes:/root/workspace/molgenis/molgenis/386600939/molgenis-data-i18n/target/classes:/root/workspace/molgenis/molgenis/386600939/molgenis-data-rest/target/classes:/root/workspace/molgenis/molgenis/386600939/molgenis-security/target/classes:/root/./workspace/molgenis/molgenis/386600939/.m2/cn/apiclub/tool/simplecaptcha/1.2.2/simplecaptcha-1.2.2.jar:/root/./workspace/molgenis/molgenis/386600939/.m2/org/springframework/security/spring-security-config/5.0.5.RELEASE/spring-security-config-5.0.5.RELEASE.jar:/root/./workspace/molgenis/molgenis/386600939/.m2/com/google/api-client/google-api-client/1.21.0/google-api-client-1.21.0.jar:/root/./workspace/molgenis/molgenis/386600939/.m2/com/google/oauth-client/google-oauth-client/1.21.0/google-oauth-client-1.21.0.jar:/root/./workspace/molgenis/molgenis/386600939/.m2/com/google/http-client/google-http-client/1.21.0/google-http-client-1.21.0.jar:/root/./workspace/molgenis/molgenis/386600939/.m2/com/google/http-client/google-http-client-jackson2/1.21.0/google-http-client-jackson2-1.21.0.jar:/root/./workspace/molgenis/molgenis/386600939/.m2/org/jboss/aerogear/aerogear-otp-java/1.0.0/aerogear-otp-java-1.0.0.jar:/root/./workspace/molgenis/molgenis/386600939/.m2/org/apache/httpcomponents/httpclient/4.5.5/httpclient-4.5.5.jar:/root/./workspace/molgenis/molgenis/386600939/.m2/org/apache/httpcomponents/httpcore/4.4.9/httpcore-4.4.9.jar:/root/./workspace/molgenis/molgenis/386600939/.m2/no/api/freemarker/freemarker-java8/1.1.2/freemarker-java8-1.1.2.jar:/root/./workspace/molgenis/molgenis/386600939/.m2/org/webjars/webjars-locator-core/0.35/webjars-locator-core-0.35.jar:/root/./workspace/molgenis/molgenis/386600939/.m2/org/apache/commons/commons-compress/1.9/commons-compress-1.9.jar:/root/./workspace/molgenis/molgenis/386600939/.m2/eu/bitwalker/UserAgentUtils/1.17/UserAgentUtils-1.17.jar:/root/./workspace/molgenis/molgenis/386600939/.m2/org/eclipse/rdf4j/rdf4j-rio-turtle/2.0.2/rdf4j-rio-turtle-2.0.2.jar:/root/./workspace/molgenis/molgenis/386600939/.m2/org/eclipse/rdf4j/rdf4j-model/2.0.2/rdf4j-model-2.0.2.jar:/root/./workspace/molgenis/molgenis/386600939/.m2/org/eclipse/rdf4j/rdf4j-rio-api/2.0.2/rdf4j-rio-api-2.0.2.jar:/root/./workspace/molgenis/molgenis/386600939/.m2/org/eclipse/rdf4j/rdf4j-rio-datatypes/2.0.2/rdf4j-rio-datatypes-2.0.2.jar:/root/./workspace/molgenis/molgenis/386600939/.m2/org/eclipse/rdf4j/rdf4j-rio-languages/2.0.2/rdf4j-rio-languages-2.0.2.jar:/root/./workspace/molgenis/molgenis/386600939/.m2/org/eclipse/rdf4j/rdf4j-util/2.0.2/rdf4j-util-2.0.2.jar:/root/./workspace/molgenis/molgenis/386600939/.m2/com/google/code/findbugs/jsr305/3.0.2/jsr305-3.0.2.jar:/root/workspace/molgenis/molgenis/386600939/molgenis-genomebrowser/target/classes:/root/./workspace/molgenis/molgenis/386600939/.m2/com/github/jmchilton/blend4j/blend4j/0.1.0/blend4j-0.1.0.jar:/root/./workspace/molgenis/molgenis/386600939/.m2/com/sun/jersey/jersey-client/1.17.1/jersey-client-1.17.1.jar:/root/./workspace/molgenis/molgenis/386600939/.m2/com/sun/jersey/jersey-json/1.17.1/jersey-json-1.17.1.jar:/root/./workspace/molgenis/molgenis/386600939/.m2/org/codehaus/jettison/jettison/1.2/jettison-1.2.jar:/root/./workspace/molgenis/molgenis/386600939/.m2/com/sun/xml/bind/jaxb-impl/2.2.3-1/jaxb-impl-2.2.3-1.jar:/root/./workspace/molgenis/molgenis/386600939/.m2/javax/xml/bind/jaxb-api/2.3.0/jaxb-api-2.3.0.jar:/root/./workspace/molgenis/molgenis/386600939/.m2/org/codehaus/jackson/jackson-xc/1.9.2/jackson-xc-1.9.2.jar:/root/./workspace/molgenis/molgenis/386600939/.m2/com/sun/jersey/jersey-core/1.17.1/jersey-core-1.17.1.jar:/root/./workspace/molgenis/molgenis/386600939/.m2/com/sun/jersey/contribs/jersey-multipart/1.17.1/jersey-multipart-1.17.1.jar:/root/./workspace/molgenis/molgenis/386600939/.m2/org/jvnet/mimepull/1.6/mimepull-1.6.jar:/root/./workspace/molgenis/molgenis/386600939/.m2/org/codehaus/jackson/jackson-core-asl/1.9.13/jackson-core-asl-1.9.13.jar:/root/./workspace/molgenis/molgenis/386600939/.m2/org/codehaus/jackson/jackson-mapper-asl/1.9.13/jackson-mapper-asl-1.9.13.jar:/root/./workspace/molgenis/molgenis/386600939/.m2/org/codehaus/jackson/jackson-jaxrs/1.9.12/jackson-jaxrs-1.9.12.jar:/root/workspace/molgenis/molgenis/386600939/molgenis-js/target/classes:/root/workspace/molgenis/molgenis/386600939/molgenis-scripts-core/target/classes:/root/./workspace/molgenis/molgenis/386600939/.m2/com/github/ben-manes/caffeine/caffeine/2.6.2/caffeine-2.6.2.jar:/root/workspace/molgenis/molgenis/386600939/molgenis-semantic-search/target/classes:/root/workspace/molgenis/molgenis/386600939/molgenis-data-elasticsearch/target/classes:/root/./workspace/molgenis/molgenis/386600939/.m2/org/springframework/retry/spring-retry/1.2.2.RELEASE/spring-retry-1.2.2.RELEASE.jar:/root/./workspace/molgenis/molgenis/386600939/.m2/org/elasticsearch/client/transport/5.5.1/transport-5.5.1.jar:/root/./workspace/molgenis/molgenis/386600939/.m2/org/elasticsearch/elasticsearch/5.5.1/elasticsearch-5.5.1.jar:/root/./workspace/molgenis/molgenis/386600939/.m2/org/apache/lucene/lucene-core/6.6.0/lucene-core-6.6.0.jar:/root/./workspace/molgenis/molgenis/386600939/.m2/org/apache/lucene/lucene-analyzers-common/6.6.0/lucene-analyzers-common-6.6.0.jar:/root/./workspace/molgenis/molgenis/386600939/.m2/org/apache/lucene/lucene-backward-codecs/6.6.0/lucene-backward-codecs-6.6.0.jar:/root/./workspace/molgenis/molgenis/386600939/.m2/org/apache/lucene/lucene-grouping/6.6.0/lucene-grouping-6.6.0.jar:/root/./workspace/molgenis/molgenis/386600939/.m2/org/apache/lucene/lucene-highlighter/6.6.0/lucene-highlighter-6.6.0.jar:/root/./workspace/molgenis/molgenis/386600939/.m2/org/apache/lucene/lucene-join/6.6.0/lucene-join-6.6.0.jar:/root/./workspace/molgenis/molgenis/386600939/.m2/org/apache/lucene/lucene-memory/6.6.0/lucene-memory-6.6.0.jar:/root/./workspace/molgenis/molgenis/386600939/.m2/org/apache/lucene/lucene-misc/6.6.0/lucene-misc-6.6.0.jar:/root/./workspace/molgenis/molgenis/386600939/.m2/org/apache/lucene/lucene-queries/6.6.0/lucene-queries-6.6.0.jar:/root/./workspace/molgenis/molgenis/386600939/.m2/org/apache/lucene/lucene-queryparser/6.6.0/lucene-queryparser-6.6.0.jar:/root/./workspace/molgenis/molgenis/386600939/.m2/org/apache/lucene/lucene-sandbox/6.6.0/lucene-sandbox-6.6.0.jar:/root/./workspace/molgenis/molgenis/386600939/.m2/org/apache/lucene/lucene-spatial/6.6.0/lucene-spatial-6.6.0.jar:/root/./workspace/molgenis/molgenis/386600939/.m2/org/apache/lucene/lucene-spatial-extras/6.6.0/lucene-spatial-extras-6.6.0.jar:/root/./workspace/molgenis/molgenis/386600939/.m2/org/apache/lucene/lucene-spatial3d/6.6.0/lucene-spatial3d-6.6.0.jar:/root/./workspace/molgenis/molgenis/386600939/.m2/org/apache/lucene/lucene-suggest/6.6.0/lucene-suggest-6.6.0.jar:/root/./workspace/molgenis/molgenis/386600939/.m2/org/elasticsearch/securesm/1.1/securesm-1.1.jar:/root/./workspace/molgenis/molgenis/386600939/.m2/net/sf/jopt-simple/jopt-simple/5.0.4/jopt-simple-5.0.4.jar:/root/./workspace/molgenis/molgenis/386600939/.m2/com/carrotsearch/hppc/0.7.1/hppc-0.7.1.jar:/root/./workspace/molgenis/molgenis/386600939/.m2/com/fasterxml/jackson/dataformat/jackson-dataformat-smile/2.9.5/jackson-dataformat-smile-2.9.5.jar:/root/./workspace/molgenis/molgenis/386600939/.m2/com/fasterxml/jackson/dataformat/jackson-dataformat-yaml/2.9.5/jackson-dataformat-yaml-2.9.5.jar:/root/./workspace/molgenis/molgenis/386600939/.m2/com/fasterxml/jackson/dataformat/jackson-dataformat-cbor/2.9.5/jackson-dataformat-cbor-2.9.5.jar:/root/./workspace/molgenis/molgenis/386600939/.m2/com/tdunning/t-digest/3.0/t-digest-3.0.jar:/root/./workspace/molgenis/molgenis/386600939/.m2/org/hdrhistogram/HdrHistogram/2.1.9/HdrHistogram-2.1.9.jar:/root/./workspace/molgenis/molgenis/386600939/.m2/org/elasticsearch/jna/4.4.0/jna-4.4.0.jar:/root/./workspace/molgenis/molgenis/386600939/.m2/org/elasticsearch/plugin/transport-netty3-client/5.5.1/transport-netty3-client-5.5.1.jar:/root/./workspace/molgenis/molgenis/386600939/.m2/io/netty/netty/3.10.6.Final/netty-3.10.6.Final.jar:/root/./workspace/molgenis/molgenis/386600939/.m2/org/elasticsearch/plugin/transport-netty4-client/5.5.1/transport-netty4-client-5.5.1.jar:/root/./workspace/molgenis/molgenis/386600939/.m2/io/netty/netty-buffer/4.1.24.Final/netty-buffer-4.1.24.Final.jar:/root/./workspace/molgenis/molgenis/386600939/.m2/io/netty/netty-codec/4.1.24.Final/netty-codec-4.1.24.Final.jar:/root/./workspace/molgenis/molgenis/386600939/.m2/io/netty/netty-codec-http/4.1.24.Final/netty-codec-http-4.1.24.Final.jar:/root/./workspace/molgenis/molgenis/386600939/.m2/io/netty/netty-common/4.1.24.Final/netty-common-4.1.24.Final.jar:/root/./workspace/molgenis/molgenis/386600939/.m2/io/netty/netty-handler/4.1.24.Final/netty-handler-4.1.24.Final.jar:/root/./workspace/molgenis/molgenis/386600939/.m2/io/netty/netty-resolver/4.1.24.Final/netty-resolver-4.1.24.Final.jar:/root/./workspace/molgenis/molgenis/386600939/.m2/io/netty/netty-transport/4.1.24.Final/netty-transport-4.1.24.Final.jar:/root/./workspace/molgenis/molgenis/386600939/.m2/org/elasticsearch/plugin/reindex-client/5.5.1/reindex-client-5.5.1.jar:/root/./workspace/molgenis/molgenis/386600939/.m2/org/elasticsearch/client/rest/5.5.1/rest-5.5.1.jar:/root/./workspace/molgenis/molgenis/386600939/.m2/org/apache/httpcomponents/httpasyncclient/4.1.3/httpasyncclient-4.1.3.jar:/root/./workspace/molgenis/molgenis/386600939/.m2/org/apache/httpcomponents/httpcore-nio/4.4.9/httpcore-nio-4.4.9.jar:/root/./workspace/molgenis/molgenis/386600939/.m2/org/elasticsearch/plugin/lang-mustache-client/5.5.1/lang-mustache-client-5.5.1.jar:/root/./workspace/molgenis/molgenis/386600939/.m2/com/github/spullara/mustache/java/compiler/0.9.3/compiler-0.9.3.jar:/root/./workspace/molgenis/molgenis/386600939/.m2/org/elasticsearch/plugin/percolator-client/5.5.1/percolator-client-5.5.1.jar:/root/./workspace/molgenis/molgenis/386600939/.m2/org/elasticsearch/plugin/parent-join-client/5.5.1/parent-join-client-5.5.1.jar:/root/workspace/molgenis/molgenis/386600939/molgenis-ontology-core/target/classes:/root/workspace/molgenis/molgenis/386600939/molgenis-data-import/target/classes:/root/./workspace/molgenis/molgenis/386600939/.m2/net/sourceforge/owlapi/owlapi-api/3.4.10/owlapi-api-3.4.10.jar:/root/./workspace/molgenis/molgenis/386600939/.m2/net/sourceforge/owlapi/owlapi-apibinding/3.4.10/owlapi-apibinding-3.4.10.jar:/root/./workspace/molgenis/molgenis/386600939/.m2/net/sourceforge/owlapi/owlapi-impl/3.4.10/owlapi-impl-3.4.10.jar:/root/./workspace/molgenis/molgenis/386600939/.m2/net/sourceforge/owlapi/owlapi-parsers/3.4.10/owlapi-parsers-3.4.10.jar:/root/./workspace/molgenis/molgenis/386600939/.m2/net/sourceforge/owlapi/owlapi-oboformat/3.4.10/owlapi-oboformat-3.4.10.jar:/root/./workspace/molgenis/molgenis/386600939/.m2/net/sourceforge/owlapi/owlapi-tools/3.4.10/owlapi-tools-3.4.10.jar:/root/./workspace/molgenis/molgenis/386600939/.m2/org/apache/felix/org.osgi.core/1.4.0/org.osgi.core-1.4.0.jar:/root/./workspace/molgenis/molgenis/386600939/.m2/javax/servlet/javax.servlet-api/3.1.0/javax.servlet-api-3.1.0.jar:/root/./workspace/molgenis/molgenis/386600939/.m2/com/google/auto/value/auto-value/1.4.1/auto-value-1.4.1.jar:/root/./workspace/molgenis/molgenis/386600939/.m2/org/hibernate/validator/hibernate-validator/6.0.9.Final/hibernate-validator-6.0.9.Final.jar:/root/./workspace/molgenis/molgenis/386600939/.m2/javax/validation/validation-api/2.0.1.Final/validation-api-2.0.1.Final.jar:/root/./workspace/molgenis/molgenis/386600939/.m2/org/jboss/logging/jboss-logging/3.3.2.Final/jboss-logging-3.3.2.Final.jar:/root/./workspace/molgenis/molgenis/386600939/.m2/com/fasterxml/classmate/1.3.4/classmate-1.3.4.jar:/root/./workspace/molgenis/molgenis/386600939/.m2/org/glassfish/javax.el/3.0.0/javax.el-3.0.0.jar:/root/./workspace/molgenis/molgenis/386600939/.m2/org/apache/commons/commons-lang3/3.7/commons-lang3-3.7.jar:/root/./workspace/molgenis/molgenis/386600939/.m2/org/jscience/jscience/4.3.1/jscience-4.3.1.jar:/root/./workspace/molgenis/molgenis/386600939/.m2/org/javolution/javolution/5.2.3/javolution-5.2.3.jar:/root/workspace/molgenis/molgenis/386600939/molgenis-scripts-core/target/test-classes:/root/./workspace/molgenis/molgenis/386600939/.m2/org/freemarker/freemarker/2.3.28/freemarker-2.3.28.jar:/root/workspace/molgenis/molgenis/386600939/molgenis-test/target/classes:/root/./workspace/molgenis/molgenis/386600939/.m2/org/testng/testng/6.8/testng-6.8.jar:/root/./workspace/molgenis/molgenis/386600939/.m2/junit/junit/4.12/junit-4.12.jar:/root/./workspace/molgenis/molgenis/386600939/.m2/org/hamcrest/hamcrest-core/1.3/hamcrest-core-1.3.jar:/root/./workspace/molgenis/molgenis/386600939/.m2/org/beanshell/bsh/2.0b5/bsh-2.0b5.jar:/root/./workspace/molgenis/molgenis/386600939/.m2/com/beust/jcommander/1.27/jcommander-1.27.jar:/root/./workspace/molgenis/molgenis/386600939/.m2/org/yaml/snakeyaml/1.19/snakeyaml-1.19.jar:/root/./workspace/molgenis/molgenis/386600939/.m2/org/mockito/mockito-core/2.7.22/mockito-core-2.7.22.jar:/root/./workspace/molgenis/molgenis/386600939/.m2/net/bytebuddy/byte-buddy/1.7.11/byte-buddy-1.7.11.jar:/root/./workspace/molgenis/molgenis/386600939/.m2/net/bytebuddy/byte-buddy-agent/1.7.11/byte-buddy-agent-1.7.11.jar:/root/./workspace/molgenis/molgenis/386600939/.m2/org/objenesis/objenesis/2.6/objenesis-2.6.jar:/root/./workspace/molgenis/molgenis/386600939/.m2/org/hamcrest/hamcrest-all/1.3/hamcrest-all-1.3.jar:/root/./workspace/molgenis/molgenis/386600939/.m2/org/springframework/spring-test/5.0.6.RELEASE/spring-test-5.0.6.RELEASE.jar:/root/./workspace/molgenis/molgenis/386600939/.m2/com/fasterxml/jackson/core/jackson-databind/2.9.5/jackson-databind-2.9.5.jar:/root/./workspace/molgenis/molgenis/386600939/.m2/com/fasterxml/jackson/core/jackson-annotations/2.9.0/jackson-annotations-2.9.0.jar:/root/./workspace/molgenis/molgenis/386600939/.m2/com/fasterxml/jackson/core/jackson-core/2.9.5/jackson-core-2.9.5.jar:/root/./workspace/molgenis/molgenis/386600939/.m2/org/springframework/spring-context/5.0.6.RELEASE/spring-context-5.0.6.RELEASE.jar:/root/workspace/molgenis/molgenis/386600939/molgenis-data/target/test-classes:/root/workspace/molgenis/molgenis/386600939/molgenis-data-security/target/test-classes:/root/./workspace/molgenis/molgenis/386600939/.m2/org/springframework/security/spring-security-core/5.0.5.RELEASE/spring-security-core-5.0.5.RELEASE.jar:/root/./workspace/molgenis/molgenis/386600939/.m2/org/springframework/security/spring-security-acl/5.0.5.RELEASE/spring-security-acl-5.0.5.RELEASE.jar:/root/./workspace/molgenis/molgenis/386600939/.m2/org/springframework/spring-jdbc/5.0.6.RELEASE/spring-jdbc-5.0.6.RELEASE.jar:/root/./workspace/molgenis/molgenis/386600939/.m2/org/springframework/security/spring-security-test/5.0.5.RELEASE/spring-security-test-5.0.5.RELEASE.jar:/root/./workspace/molgenis/molgenis/386600939/.m2/org/springframework/spring-core/5.0.6.RELEASE/spring-core-5.0.6.RELEASE.jar:/root/./workspace/molgenis/molgenis/386600939/.m2/org/springframework/spring-jcl/5.0.6.RELEASE/spring-jcl-5.0.6.RELEASE.jar:/root/./workspace/molgenis/molgenis/386600939/.m2/org/springframework/boot/spring-boot-starter-logging/2.0.2.RELEASE/spring-boot-starter-logging-2.0.2.RELEASE.jar:/root/./workspace/molgenis/molgenis/386600939/.m2/ch/qos/logback/logback-classic/1.2.3/logback-classic-1.2.3.jar:/root/./workspace/molgenis/molgenis/386600939/.m2/ch/qos/logback/logback-core/1.2.3/logback-core-1.2.3.jar:/root/./workspace/molgenis/molgenis/386600939/.m2/org/apache/logging/log4j/log4j-to-slf4j/2.10.0/log4j-to-slf4j-2.10.0.jar:/root/./workspace/molgenis/molgenis/386600939/.m2/org/apache/logging/log4j/log4j-api/2.10.0/log4j-api-2.10.0.jar:/root/./workspace/molgenis/molgenis/386600939/.m2/org/slf4j/jul-to-slf4j/1.7.25/jul-to-slf4j-1.7.25.jar:/root/./workspace/molgenis/molgenis/386600939/.m2/org/slf4j/log4j-over-slf4j/1.7.25/log4j-over-slf4j-1.7.25.jar:/root/./workspace/molgenis/molgenis/386600939/.m2/org/slf4j/slf4j-api/1.7.25/slf4j-api-1.7.25.jar:/root/./workspace/molgenis/molgenis/386600939/.m2/com/google/guava/guava/25.0-jre/guava-25.0-jre.jar:/root/./workspace/molgenis/molgenis/386600939/.m2/org/apache/maven/surefire/surefire-testng-utils/2.21.0/surefire-testng-utils-2.21.0.jar:/root/./workspace/molgenis/molgenis/386600939/.m2/org/apache/maven/surefire/surefire-grouper/2.21.0/surefire-grouper-2.21.0.jar:"/>
    <property name="sun.cpu.endian" value="little"/>
    <property name="user.home" value="/root"/>
    <property name="user.language" value="en"/>
    <property name="java.specification.vendor" value="Oracle Corporation"/>
    <property name="java.home" value="/usr/lib/jvm/java-8-openjdk-amd64/jre"/>
    <property name="basedir" value="/root/workspace/molgenis/molgenis/386600939/molgenis-semantic-mapper"/>
    <property name="file.separator" value="/"/>
    <property name="checkstyle.skip" value="true"/>
    <property name="line.separator" value="&#10;"/>
    <property name="skip.npm" value="true"/>
    <property name="java.vm.specification.vendor" value="Oracle Corporation"/>
    <property name="java.specification.name" value="Java Platform API Specification"/>
    <property name="java.awt.graphicsenv" value="sun.awt.X11GraphicsEnvironment"/>
    <property name="skipITs" value="true"/>
    <property name="surefire.real.class.path" value="/root/workspace/molgenis/molgenis/386600939/molgenis-semantic-mapper/target/surefire/surefirebooter1503937835329297656.jar:/root/./workspace/molgenis/molgenis/386600939/.m2/org/jacoco/org.jacoco.agent/0.8.1/org.jacoco.agent-0.8.1-runtime.jar"/>
    <property name="cobertura.skip" value="true"/>
    <property name="sun.boot.class.path" value="/usr/lib/jvm/java-8-openjdk-amd64/jre/lib/resources.jar:/usr/lib/jvm/java-8-openjdk-amd64/jre/lib/rt.jar:/usr/lib/jvm/java-8-openjdk-amd64/jre/lib/sunrsasign.jar:/usr/lib/jvm/java-8-openjdk-amd64/jre/lib/jsse.jar:/usr/lib/jvm/java-8-openjdk-amd64/jre/lib/jce.jar:/usr/lib/jvm/java-8-openjdk-amd64/jre/lib/charsets.jar:/usr/lib/jvm/java-8-openjdk-amd64/jre/lib/jfr.jar:/usr/lib/jvm/java-8-openjdk-amd64/jre/classes"/>
    <property name="sun.management.compiler" value="HotSpot 64-Bit Tiered Compilers"/>
    <property name="java.runtime.version" value="1.8.0_121-8u121-b13-1~bpo8+1-b13"/>
    <property name="user.name" value="root"/>
    <property name="findbugs.skip" value="true"/>
    <property name="path.separator" value=":"/>
    <property name="os.version" value="3.10.0-862.2.3.el7.x86_64"/>
    <property name="java.endorsed.dirs" value="/usr/lib/jvm/java-8-openjdk-amd64/jre/lib/endorsed"/>
    <property name="java.runtime.name" value="OpenJDK Runtime Environment"/>
    <property name="file.encoding" value="UTF-8"/>
    <property name="java.vm.name" value="OpenJDK 64-Bit Server VM"/>
    <property name="localRepository" value="/root/./workspace/molgenis/molgenis/386600939/.m2"/>
    <property name="java.vendor.url.bug" value="http://bugreport.sun.com/bugreport/"/>
    <property name="java.io.tmpdir" value="/tmp"/>
    <property name="java.version" value="1.8.0_121"/>
    <property name="user.dir" value="/root/workspace/molgenis/molgenis/386600939/molgenis-semantic-mapper"/>
    <property name="os.arch" value="amd64"/>
    <property name="license.skip" value="true"/>
    <property name="java.vm.specification.name" value="Java Virtual Machine Specification"/>
    <property name="java.awt.printerjob" value="sun.print.PSPrinterJob"/>
    <property name="sun.os.patch.level" value="unknown"/>
    <property name="java.library.path" value="/usr/java/packages/lib/amd64:/usr/lib/x86_64-linux-gnu/jni:/lib/x86_64-linux-gnu:/usr/lib/x86_64-linux-gnu:/usr/lib/jni:/lib:/usr/lib"/>
    <property name="java.vm.info" value="mixed mode"/>
    <property name="java.vendor" value="Oracle Corporation"/>
    <property name="java.vm.version" value="25.121-b13"/>
    <property name="java.ext.dirs" value="/usr/lib/jvm/java-8-openjdk-amd64/jre/lib/ext:/usr/java/packages/lib/ext"/>
    <property name="sun.io.unicode.encoding" value="UnicodeLittle"/>
    <property name="maven.repo.local" value="/root/./workspace/molgenis/molgenis/386600939/.m2"/>
    <property name="enforcer.skip" value="true"/>
    <property name="java.class.version" value="52.0"/>
  </properties>
  <testcase name="isRuleApplied" classname="org.molgenis.semanticmapper.algorithmgenerator.rules.impl.PositiveCategoryRuleTest" time="0.056"/>
  <testcase name="labelContainsPositiveWords" classname="org.molgenis.semanticmapper.algorithmgenerator.rules.impl.PositiveCategoryRuleTest" time="0.001"/>
  <testcase name="isRuleApplied" classname="org.molgenis.semanticmapper.algorithmgenerator.rules.impl.NegativeCategoryRuleTest" time="0.001"/>
  <testcase name="labelContainsPositiveWords" classname="org.molgenis.semanticmapper.algorithmgenerator.rules.impl.NegativeCategoryRuleTest" time="0.001"/>
  <testcase name="getMatchedTermFromTheRulelabelContainsWords" classname="org.molgenis.semanticmapper.algorithmgenerator.rules.impl.MissingCategoryRuleTest" time="0.002"/>
  <testcase name="isRuleApplied" classname="org.molgenis.semanticmapper.algorithmgenerator.rules.impl.MissingCategoryRuleTest" time="0.003"/>
  <testcase name="removeIllegalChars" classname="org.molgenis.semanticmapper.algorithmgenerator.rules.impl.MissingCategoryRuleTest" time="0.001"/>
  <testcase name="testCreateNumericQualityIndicatorDoesNotThrowNPE" classname="org.molgenis.semanticmapper.algorithmgenerator.rules.impl.InternalAbstractCategoryRuleTest" time="0.98"/>
  <testcase name="testGenerate" classname="org.molgenis.semanticmapper.algorithmgenerator.generator.OneToOneCategoryAlgorithmGeneratorTest" time="0.176"/>
  <testcase name="testGenerateRules" classname="org.molgenis.semanticmapper.algorithmgenerator.generator.OneToOneCategoryAlgorithmGeneratorTest" time="0.06"/>
  <testcase name="testIsSuitable" classname="org.molgenis.semanticmapper.algorithmgenerator.generator.OneToOneCategoryAlgorithmGeneratorTest" time="0.001"/>
  <testcase name="testCreateAlgorithmElseBlock" classname="org.molgenis.semanticmapper.algorithmgenerator.generator.OneToManyCategoryAlgorithmGeneratorTest" time="0.01"/>
  <testcase name="testCreateAlgorithmNullCheck" classname="org.molgenis.semanticmapper.algorithmgenerator.generator.OneToManyCategoryAlgorithmGeneratorTest" time="0.001"/>
  <testcase name="testGenerate" classname="org.molgenis.semanticmapper.algorithmgenerator.generator.OneToManyCategoryAlgorithmGeneratorTest" time="0.012"/>
  <testcase name="testGenerateWeightedMap" classname="org.molgenis.semanticmapper.algorithmgenerator.generator.OneToManyCategoryAlgorithmGeneratorTest" time="0.002"/>
  <testcase name="testGenerateWeightedMapForSource" classname="org.molgenis.semanticmapper.algorithmgenerator.generator.OneToManyCategoryAlgorithmGeneratorTest" time="0.002"/>
  <testcase name="testGenerateWeightedMapForTarget" classname="org.molgenis.semanticmapper.algorithmgenerator.generator.OneToManyCategoryAlgorithmGeneratorTest" time="0.001"/>
  <testcase name="testHeterogenousGenerator" classname="org.molgenis.semanticmapper.algorithmgenerator.generator.OneToManyCategoryAlgorithmGeneratorTest" time="0.017"/>
  <testcase name="testHomogenousGenerator" classname="org.molgenis.semanticmapper.algorithmgenerator.generator.OneToManyCategoryAlgorithmGeneratorTest" time="0.005"/>
  <testcase name="testIsSuitable" classname="org.molgenis.semanticmapper.algorithmgenerator.generator.OneToManyCategoryAlgorithmGeneratorTest" time="0.001"/>
  <testcase name="testSuitableForGeneratingWeightedMap" classname="org.molgenis.semanticmapper.algorithmgenerator.generator.OneToManyCategoryAlgorithmGeneratorTest" time="0.005"/>
  <testcase name="generate" classname="org.molgenis.semanticmapper.algorithmgenerator.generator.NumericAlgorithmGeneratorTest" time="0.006"/>
  <testcase name="generateUnitConversionAlgorithm" classname="org.molgenis.semanticmapper.algorithmgenerator.generator.NumericAlgorithmGeneratorTest" time="0.001"/>
  <testcase name="isSuitable" classname="org.molgenis.semanticmapper.algorithmgenerator.generator.NumericAlgorithmGeneratorTest" time="0.001"/>
  <testcase name="testConvertUnitsAlgorithm" classname="org.molgenis.semanticmapper.algorithmgenerator.service.impl.AlgorithmGeneratorServiceImplTest" time="0.001"/>
  <testcase name="testGenerateTemplateBasedAlgorithm" classname="org.molgenis.semanticmapper.algorithmgenerator.service.impl.AlgorithmGeneratorServiceImplTest" time="0.252"/>
  <testcase name="findBestCategoryMatch" classname="org.molgenis.semanticmapper.algorithmgenerator.categorymapper.LexicalCategoryMapperTest" time="0.003"/>
  <testcase name="testConvertCategory" classname="org.molgenis.semanticmapper.algorithmgenerator.categorymapper.CategoryMapperTest" time="0"/>
  <testcase name="testConvertDescriptionToAmount" classname="org.molgenis.semanticmapper.algorithmgenerator.categorymapper.CategoryMapperTest" time="0"/>
  <testcase name="testConvertWordToNumber" classname="org.molgenis.semanticmapper.algorithmgenerator.categorymapper.CategoryMapperTest" time="0.001"/>
  <testcase name="testExtractNumbers" classname="org.molgenis.semanticmapper.algorithmgenerator.categorymapper.CategoryMapperTest" time="0.003"/>
  <testcase name="testGetMostGeneralUnit" classname="org.molgenis.semanticmapper.algorithmgenerator.categorymapper.CategoryMapperTest" time="0"/>
  <testcase name="testIntegration" classname="org.molgenis.semanticmapper.algorithmgenerator.categorymapper.CategoryMapperTest" time="0.049"/>
  <testcase name="testIsAmountRanged" classname="org.molgenis.semanticmapper.algorithmgenerator.categorymapper.CategoryMapperTest" time="0"/>
  <testcase name="testMatchUnit" classname="org.molgenis.semanticmapper.algorithmgenerator.categorymapper.CategoryMapperTest" time="0"/>
  <testcase name="getFirstAttributeMappingInfo_age" classname="org.molgenis.semanticmapper.controller.MappingServiceControllerTest" time="0.109"/>
  <testcase name="getFirstAttributeMappingInfo_dob" classname="org.molgenis.semanticmapper.controller.MappingServiceControllerTest" time="0.005"/>
  <testcase name="getFirstAttributeMappingInfo_none" classname="org.molgenis.semanticmapper.controller.MappingServiceControllerTest" time="0.005"/>
  <testcase name="itShouldCreateNewAttributeMappingWhenSavingIfNonePresent" classname="org.molgenis.semanticmapper.controller.MappingServiceControllerTest" time="0.063"/>
  <testcase name="itShouldRemoveEmptyAttributeMappingsWhenSaving" classname="org.molgenis.semanticmapper.controller.MappingServiceControllerTest" time="0.005"/>
  <testcase name="itShouldUpdateExistingAttributeMappingWhenSaving" classname="org.molgenis.semanticmapper.controller.MappingServiceControllerTest" time="0.004"/>
  <testcase name="testCreateIntegratedEntity" classname="org.molgenis.semanticmapper.controller.MappingServiceControllerTest" time="0.013"/>
  <testcase name="testIsNewEntityReturnsFalseIfEntityExists" classname="org.molgenis.semanticmapper.controller.MappingServiceControllerTest" time="0.003"/>
  <testcase name="testIsNewEntityReturnsTrueIfEntityIsNew" classname="org.molgenis.semanticmapper.controller.MappingServiceControllerTest" time="0.002"/>
  <testcase name="testMap" classname="org.molgenis.semanticmapper.controller.MappingServiceControllerTest" time="0.11"/>
  <testcase name="testScheduleMappingJobSystemPackage" classname="org.molgenis.semanticmapper.controller.MappingServiceControllerTest" time="0.005"/>
  <testcase name="testScheduleMappingJobUnknownMappingProjectId" classname="org.molgenis.semanticmapper.controller.MappingServiceControllerTest" time="0.004"/>
  <testcase name="testScheduleMappingJobUnknownPackage" classname="org.molgenis.semanticmapper.controller.MappingServiceControllerTest" time="0.006"/>
  <testcase name="testViewMappingProject" classname="org.molgenis.semanticmapper.controller.MappingServiceControllerTest" time="0.044"/>
  <testcase name="testCreateFromAlgorithm" classname="org.molgenis.semanticmapper.mapping.model.CategoryMappingTest" time="0.007"/>
  <testcase name="testGetAlgorithm" classname="org.molgenis.semanticmapper.mapping.model.CategoryMappingTest" time="0.001"/>
  <testcase name="testAlgorithmServiceImpl" classname="org.molgenis.semanticmapper.service.impl.AlgorithmServiceImplTest" time="0"/>
  <testcase name="testApplyAlgorithm" classname="org.molgenis.semanticmapper.service.impl.AlgorithmServiceImplTest" time="0.17"/>
  <testcase name="testApplyAlgorithmWitInvalidScript" classname="org.molgenis.semanticmapper.service.impl.AlgorithmServiceImplTest" time="0"/>
  <testcase name="testApplyConvertDateNumberFormatException" classname="org.molgenis.semanticmapper.service.impl.AlgorithmServiceImplTest" time="0.025"/>
  <testcase name="testApplyConvertDateTimeNumberFormatException" classname="org.molgenis.semanticmapper.service.impl.AlgorithmServiceImplTest" time="0.001"/>
  <testcase name="testApplyConvertDoubleNumberFormatException" classname="org.molgenis.semanticmapper.service.impl.AlgorithmServiceImplTest" time="0.001"/>
  <testcase name="testApplyConvertIntArithmeticException" classname="org.molgenis.semanticmapper.service.impl.AlgorithmServiceImplTest" time="0.001"/>
  <testcase name="testApplyConvertIntNumberFormatException" classname="org.molgenis.semanticmapper.service.impl.AlgorithmServiceImplTest" time="0"/>
  <testcase name="testApplyConvertLongNumberFormatException" classname="org.molgenis.semanticmapper.service.impl.AlgorithmServiceImplTest" time="0.001"/>
  <testcase name="testApplyWithInvalidScript" classname="org.molgenis.semanticmapper.service.impl.AlgorithmServiceImplTest" time="0.001"/>
  <testcase name="resolveUnitLabelNoUnit" classname="org.molgenis.semanticmapper.service.impl.UnitResolverImplTest" time="0.044"/>
  <testcase name="resolveUnitLabelNoUnitDescriptionNoUnit" classname="org.molgenis.semanticmapper.service.impl.UnitResolverImplTest" time="0.001"/>
  <testcase name="resolveUnitLabelNoUnitDescriptionWithUnit_directUnitMatch" classname="org.molgenis.semanticmapper.service.impl.UnitResolverImplTest" time="0"/>
  <testcase name="resolveUnitLabelNoUnitDescriptionWithUnit_directUnitMatchRaw_kgm2" classname="org.molgenis.semanticmapper.service.impl.UnitResolverImplTest" time="0.001"/>
  <testcase name="resolveUnitLabelNoUnitDescriptionWithUnit_directUnitMatch_kgm2_2" classname="org.molgenis.semanticmapper.service.impl.UnitResolverImplTest" time="0"/>
  <testcase name="resolveUnitLabelNoUnitDescriptionWithUnit_unitOntologyMatch" classname="org.molgenis.semanticmapper.service.impl.UnitResolverImplTest" time="0.001"/>
  <testcase name="resolveUnitLabelNoUnitDescriptionWithUnit_unitOntologyMatch_kgm2" classname="org.molgenis.semanticmapper.service.impl.UnitResolverImplTest" time="0.001"/>
  <testcase name="resolveUnitLabelWithUnit_directUnitMatch" classname="org.molgenis.semanticmapper.service.impl.UnitResolverImplTest" time="0"/>
  <testcase name="resolveUnitLabelWithUnit_unitOntologyMatch" classname="org.molgenis.semanticmapper.service.impl.UnitResolverImplTest" time="0.001"/>
  <testcase name="testConvertNumberToOntologyTermStyle" classname="org.molgenis.semanticmapper.service.impl.UnitResolverImplTest" time="0"/>
  <testcase name="testIsUnitEmpty" classname="org.molgenis.semanticmapper.service.impl.UnitResolverImplTest" time="0"/>
  <testcase name="testReplaceIllegalChars" classname="org.molgenis.semanticmapper.service.impl.UnitResolverImplTest" time="0.001"/>
  <testcase name="testTokenize" classname="org.molgenis.semanticmapper.service.impl.UnitResolverImplTest" time="0.001"/>
  <testcase name="createMetaWithNonNullParameters" classname="org.molgenis.semanticmapper.service.impl.MappingServiceImplTest" time="0.027"/>
  <testcase name="createMetaWithNullParameters" classname="org.molgenis.semanticmapper.service.impl.MappingServiceImplTest" time="0.001"/>
  <testcase name="testAddExistingTarget" classname="org.molgenis.semanticmapper.service.impl.MappingServiceImplTest" time="0"/>
  <testcase name="testAddMappingProject" classname="org.molgenis.semanticmapper.service.impl.MappingServiceImplTest" time="0"/>
  <testcase name="testApplyMappingToEntity" classname="org.molgenis.semanticmapper.service.impl.MappingServiceImplTest" time="0.026"/>
  <testcase name="testApplyMappingsAdd" classname="org.molgenis.semanticmapper.service.impl.MappingServiceImplTest" time="0.016"/>
  <testcase name="testApplyMappingsToRepoAdd" classname="org.molgenis.semanticmapper.service.impl.MappingServiceImplTest" time="0.003"/>
  <testcase name="testApplyMappingsToRepoUpsert" classname="org.molgenis.semanticmapper.service.impl.MappingServiceImplTest" time="0.003"/>
  <testcase name="testApplyMappingsUpdate" classname="org.molgenis.semanticmapper.service.impl.MappingServiceImplTest" time="0.008"/>
  <testcase name="testCloneMappingProjectString" classname="org.molgenis.semanticmapper.service.impl.MappingServiceImplTest" time="0.017"/>
  <testcase name="testCloneMappingProjectStringString" classname="org.molgenis.semanticmapper.service.impl.MappingServiceImplTest" time="0"/>
  <testcase name="testGetCompatibleEntityTypes" classname="org.molgenis.semanticmapper.service.impl.MappingServiceImplTest" time="0.002"/>
  <testcase name="testGetMappingProject" classname="org.molgenis.semanticmapper.service.impl.MappingServiceImplTest" time="0.001"/>
  <testcase name="testIncompatibleMetaDataDifferentRefEntity" classname="org.molgenis.semanticmapper.service.impl.MappingServiceImplTest" time="0.001"/>
  <testcase name="testIncompatibleMetaDataDifferentType" classname="org.molgenis.semanticmapper.service.impl.MappingServiceImplTest" time="0.001"/>
  <testcase name="testIncompatibleMetaDataUnknownAttribute" classname="org.molgenis.semanticmapper.service.impl.MappingServiceImplTest" time="0.001"/>
  <testcase name="testMaxProgressMultipleSources" classname="org.molgenis.semanticmapper.service.impl.MappingServiceImplTest" time="0.001"/>
  <testcase name="testMaxProgressMultipleSourcesSelfReferencing" classname="org.molgenis.semanticmapper.service.impl.MappingServiceImplTest" time="0.001"/>
  <testcase name="testMaxProgressOneSourceMultipleBatches" classname="org.molgenis.semanticmapper.service.impl.MappingServiceImplTest" time="0"/>
  <testcase name="testMaxProgressOneSourceMultipleBatchesSelfReferencing" classname="org.molgenis.semanticmapper.service.impl.MappingServiceImplTest" time="0.001"/>
  <testcase name="testMaxProgressOneSourceOneBatch" classname="org.molgenis.semanticmapper.service.impl.MappingServiceImplTest" time="0.001"/>
  <testcase name="testUpdateMappingProject" classname="org.molgenis.semanticmapper.service.impl.MappingServiceImplTest" time="0.001"/>
  <testcase name="find" classname="org.molgenis.semanticmapper.service.impl.AlgorithmTemplateServiceImplTest" time="0.001"/>
  <testcase name="testInsert" classname="org.molgenis.semanticmapper.repository.impl.MappingTargetRepositoryImplTest" time="0.001"/>
  <testcase name="testToMappingTargets" classname="org.molgenis.semanticmapper.repository.impl.MappingTargetRepositoryImplTest" time="0.001"/>
  <testcase name="testUpdate" classname="org.molgenis.semanticmapper.repository.impl.MappingTargetRepositoryImplTest" time="0.001"/>
  <testcase name="testToEntityMappings" classname="org.molgenis.semanticmapper.repository.impl.EntityMappingRepositoryImplTest" time="0.006"/>
  <testcase name="testUpsert" classname="org.molgenis.semanticmapper.repository.impl.EntityMappingRepositoryImplTest" time="0.001"/>
  <testcase name="testAdd" classname="org.molgenis.semanticmapper.repository.impl.MappingProjectRepositoryImplTest" time="0.001"/>
  <testcase name="testAddWithIdentifier" classname="org.molgenis.semanticmapper.repository.impl.MappingProjectRepositoryImplTest" time="0"/>
  <testcase name="testDelete" classname="org.molgenis.semanticmapper.repository.impl.MappingProjectRepositoryImplTest" time="0.001"/>
  <testcase name="testFindAll" classname="org.molgenis.semanticmapper.repository.impl.MappingProjectRepositoryImplTest" time="0.002"/>
  <testcase name="testQuery" classname="org.molgenis.semanticmapper.repository.impl.MappingProjectRepositoryImplTest" time="0.001"/>
  <testcase name="testUpdateUnknown" classname="org.molgenis.semanticmapper.repository.impl.MappingProjectRepositoryImplTest" time="0"/>
  <testcase name="testGetAttributeMappings" classname="org.molgenis.semanticmapper.repository.impl.AttributeMappingRepositoryImplTest" time="0.001"/>
  <testcase name="testInsert" classname="org.molgenis.semanticmapper.repository.impl.AttributeMappingRepositoryImplTest" time="0.001"/>
  <testcase name="testRetrieveAttributesFromAlgorithm" classname="org.molgenis.semanticmapper.repository.impl.AttributeMappingRepositoryImplTest" time="0"/>
  <testcase name="testRetrieveAttributesFromAlgorithmWithDotNotation" classname="org.molgenis.semanticmapper.repository.impl.AttributeMappingRepositoryImplTest" time="0"/>
  <testcase name="testUpdate" classname="org.molgenis.semanticmapper.repository.impl.AttributeMappingRepositoryImplTest" time="0"/>
  <testcase name="convertUnit" classname="org.molgenis.semanticmapper.utils.MagmaUnitConverterTest" time="0.001"/>
  <testcase name="findCompositeUnitNames" classname="org.molgenis.semanticmapper.utils.MagmaUnitConverterTest" time="0.001"/>
</testsuite>