<?xml version="1.0" encoding="UTF-8"?>
<!-- Generated by org.testng.reporters.JUnitReportReporter -->
<testsuite hostname="spirals-vortex.lille.inria.fr" name="org.molgenis.genomebrowser.service.GenomeBrowserServiceTest" tests="4" failures="0" timestamp="1 Jun 2018 11:20:03 GMT" time="1.617" errors="0">
  <testcase name="testGetReferenceTracksNoPermission" time="0.023" classname="org.molgenis.genomebrowser.service.GenomeBrowserServiceTest"/>
  <testcase name="testGetReferenceTracks" time="0.363" classname="org.molgenis.genomebrowser.service.GenomeBrowserServiceTest"/>
  <testcase name="testGetReferenceTracksAll" time="0.313" classname="org.molgenis.genomebrowser.service.GenomeBrowserServiceTest"/>
  <testcase name="testGetReferenceTracksNone" time="0.918" classname="org.molgenis.genomebrowser.service.GenomeBrowserServiceTest"/>
</testsuite> <!-- org.molgenis.genomebrowser.service.GenomeBrowserServiceTest -->
