<?xml version="1.0" encoding="UTF-8"?>
<!-- Generated by org.testng.reporters.JUnitReportReporter -->
<testsuite hostname="spirals-vortex.lille.inria.fr" name="org.molgenis.genomebrowser.GenomeBrowserTrackTest" tests="1" failures="0" timestamp="30 May 2018 12:47:20 GMT" time="0.050" errors="0">
  <testcase name="testToTrack" time="0.050" classname="org.molgenis.genomebrowser.GenomeBrowserTrackTest"/>
</testsuite> <!-- org.molgenis.genomebrowser.GenomeBrowserTrackTest -->
