<?xml version="1.0" encoding="UTF-8"?>
<!-- Generated by org.testng.reporters.JUnitReportReporter -->
<testsuite hostname="spirals-vortex.lille.inria.fr" name="org.molgenis.genomebrowser.service.GenomeBrowserServiceTest" tests="4" failures="0" timestamp="30 May 2018 12:47:20 GMT" time="1.542" errors="0">
  <testcase name="testGetReferenceTracksNoPermission" time="0.024" classname="org.molgenis.genomebrowser.service.GenomeBrowserServiceTest"/>
  <testcase name="testGetReferenceTracks" time="0.312" classname="org.molgenis.genomebrowser.service.GenomeBrowserServiceTest"/>
  <testcase name="testGetReferenceTracksAll" time="0.322" classname="org.molgenis.genomebrowser.service.GenomeBrowserServiceTest"/>
  <testcase name="testGetReferenceTracksNone" time="0.884" classname="org.molgenis.genomebrowser.service.GenomeBrowserServiceTest"/>
</testsuite> <!-- org.molgenis.genomebrowser.service.GenomeBrowserServiceTest -->
