<?xml version="1.0" encoding="UTF-8"?>
<!-- Generated by org.testng.reporters.JUnitReportReporter -->
<testsuite hostname="spirals-vortex.lille.inria.fr" name="org.molgenis.genomebrowser.service.GenomeBrowserServiceTest" tests="4" failures="0" timestamp="30 May 2018 13:32:46 GMT" time="1.530" errors="0">
  <testcase name="testGetReferenceTracksNoPermission" time="0.018" classname="org.molgenis.genomebrowser.service.GenomeBrowserServiceTest"/>
  <testcase name="testGetReferenceTracks" time="0.321" classname="org.molgenis.genomebrowser.service.GenomeBrowserServiceTest"/>
  <testcase name="testGetReferenceTracksAll" time="0.308" classname="org.molgenis.genomebrowser.service.GenomeBrowserServiceTest"/>
  <testcase name="testGetReferenceTracksNone" time="0.883" classname="org.molgenis.genomebrowser.service.GenomeBrowserServiceTest"/>
</testsuite> <!-- org.molgenis.genomebrowser.service.GenomeBrowserServiceTest -->
