<?xml version="1.0" encoding="UTF-8"?>
<!-- Generated by org.testng.reporters.JUnitReportReporter -->
<testsuite hostname="spirals-vortex.lille.inria.fr" name="org.molgenis.data.cache.l1.L1CacheRepositoryDecoratorTest" tests="14" failures="0" timestamp="30 May 2018 13:31:40 GMT" time="0.293" errors="0">
  <testcase name="testFindOneByIdReturnsEntity" time="0.155" classname="org.molgenis.data.cache.l1.L1CacheRepositoryDecoratorTest"/>
  <testcase name="testFindOneByIdReturnsEmpty" time="0.033" classname="org.molgenis.data.cache.l1.L1CacheRepositoryDecoratorTest"/>
  <testcase name="testDeleteById" time="0.008" classname="org.molgenis.data.cache.l1.L1CacheRepositoryDecoratorTest"/>
  <testcase name="testUpdate" time="0.008" classname="org.molgenis.data.cache.l1.L1CacheRepositoryDecoratorTest"/>
  <testcase name="testDeleteByStreamOfEntities" time="0.007" classname="org.molgenis.data.cache.l1.L1CacheRepositoryDecoratorTest"/>
  <testcase name="testDeleteAll" time="0.006" classname="org.molgenis.data.cache.l1.L1CacheRepositoryDecoratorTest"/>
  <testcase name="testFindAllByStreamOfIdsEntityNotPresentInCache" time="0.016" classname="org.molgenis.data.cache.l1.L1CacheRepositoryDecoratorTest"/>
  <testcase name="testAdd" time="0.029" classname="org.molgenis.data.cache.l1.L1CacheRepositoryDecoratorTest"/>
  <testcase name="testDeleteAllByStreamOfIds" time="0.006" classname="org.molgenis.data.cache.l1.L1CacheRepositoryDecoratorTest"/>
  <testcase name="testUpdateWithStreamOfEntities" time="0.004" classname="org.molgenis.data.cache.l1.L1CacheRepositoryDecoratorTest"/>
  <testcase name="testDelete" time="0.003" classname="org.molgenis.data.cache.l1.L1CacheRepositoryDecoratorTest"/>
  <testcase name="testAddWithStreamOfEntities" time="0.010" classname="org.molgenis.data.cache.l1.L1CacheRepositoryDecoratorTest"/>
  <testcase name="testFindAllByStreamOfIdsOneCachedOneMissing" time="0.004" classname="org.molgenis.data.cache.l1.L1CacheRepositoryDecoratorTest"/>
  <testcase name="testFindOneByIdReturnsNull" time="0.004" classname="org.molgenis.data.cache.l1.L1CacheRepositoryDecoratorTest"/>
</testsuite> <!-- org.molgenis.data.cache.l1.L1CacheRepositoryDecoratorTest -->
