<?xml version="1.0" encoding="UTF-8"?>
<!-- Generated by org.testng.reporters.JUnitReportReporter -->
<testsuite hostname="spirals-vortex.lille.inria.fr" name="org.molgenis.data.cache.utils.CombinedEntityCacheTest" tests="3" failures="0" timestamp="30 May 2018 13:31:40 GMT" time="0.286" errors="0">
  <testcase name="getIfPresentIntegerIdEntityNotPresentInCache" time="0.284" classname="org.molgenis.data.cache.utils.CombinedEntityCacheTest"/>
  <testcase name="getIfPresentIntegerIdEntityPresentInCache" time="0.000" classname="org.molgenis.data.cache.utils.CombinedEntityCacheTest"/>
  <testcase name="getIfPresentIntegerIdDeletionLoggedInCache" time="0.002" classname="org.molgenis.data.cache.utils.CombinedEntityCacheTest"/>
</testsuite> <!-- org.molgenis.data.cache.utils.CombinedEntityCacheTest -->
