<?xml version="1.0" encoding="UTF-8"?>
<!-- Generated by org.testng.reporters.JUnitReportReporter -->
<testsuite hostname="spirals-vortex.lille.inria.fr" name="org.molgenis.data.cache.l2.L2CacheRepositoryDecoratorTest" tests="6" failures="0" timestamp="1 Jun 2018 10:52:21 GMT" time="0.240" errors="0">
  <testcase name="testFindOneByIdNotDirtyCacheableNotPresent" time="0.006" classname="org.molgenis.data.cache.l2.L2CacheRepositoryDecoratorTest"/>
  <testcase name="testFindOneByIdDirty" time="0.077" classname="org.molgenis.data.cache.l2.L2CacheRepositoryDecoratorTest"/>
  <testcase name="testFindAllQueriesInBatches" time="0.146" classname="org.molgenis.data.cache.l2.L2CacheRepositoryDecoratorTest"/>
  <testcase name="testFindOneByIdEntireRepositoryDirty" time="0.004" classname="org.molgenis.data.cache.l2.L2CacheRepositoryDecoratorTest"/>
  <testcase name="testFindOneByIdNotDirtyCacheableAndPresent" time="0.001" classname="org.molgenis.data.cache.l2.L2CacheRepositoryDecoratorTest"/>
  <testcase name="testFindAllSplitsIdsOnTransactionInformation" time="0.006" classname="org.molgenis.data.cache.l2.L2CacheRepositoryDecoratorTest"/>
</testsuite> <!-- org.molgenis.data.cache.l2.L2CacheRepositoryDecoratorTest -->
