<?xml version="1.0" encoding="UTF-8"?>
<!-- Generated by org.testng.reporters.JUnitReportReporter -->
<testsuite hostname="spirals-vortex.lille.inria.fr" name="org.molgenis.data.cache.l1.L1CacheTest" tests="7" failures="0" timestamp="30 May 2018 13:31:40 GMT" time="0.115" errors="0">
  <testcase name="testEvictStream" time="0.005" classname="org.molgenis.data.cache.l1.L1CacheTest"/>
  <testcase name="testEvictAll" time="0.072" classname="org.molgenis.data.cache.l1.L1CacheTest"/>
  <testcase name="testEvictStreamOfOneEntity" time="0.003" classname="org.molgenis.data.cache.l1.L1CacheTest"/>
  <testcase name="testPutDeletionWhenInTransaction" time="0.002" classname="org.molgenis.data.cache.l1.L1CacheTest"/>
  <testcase name="testPutAndGetWhenInTransaction" time="0.002" classname="org.molgenis.data.cache.l1.L1CacheTest"/>
  <testcase name="testEvictAllWhenInTransaction" time="0.031" classname="org.molgenis.data.cache.l1.L1CacheTest"/>
  <testcase name="testWhenNotInTransaction" time="0.000" classname="org.molgenis.data.cache.l1.L1CacheTest"/>
</testsuite> <!-- org.molgenis.data.cache.l1.L1CacheTest -->
