<?xml version="1.0" encoding="UTF-8"?>
<!-- Generated by org.testng.reporters.JUnitReportReporter -->
<testsuite hostname="spirals-vortex.lille.inria.fr" name="org.molgenis.data.cache.l3.L3CacheRepositoryDecoratorTest" tests="6" failures="0" timestamp="30 May 2018 12:46:10 GMT" time="0.302" errors="0">
  <testcase name="testFindAllZeroPageSize" time="0.218" classname="org.molgenis.data.cache.l3.L3CacheRepositoryDecoratorTest"/>
  <testcase name="testFindAllRepositoryDirty" time="0.004" classname="org.molgenis.data.cache.l3.L3CacheRepositoryDecoratorTest"/>
  <testcase name="testFindAllRepositoryClean" time="0.060" classname="org.molgenis.data.cache.l3.L3CacheRepositoryDecoratorTest"/>
  <testcase name="testFindOneRepositoryClean" time="0.007" classname="org.molgenis.data.cache.l3.L3CacheRepositoryDecoratorTest"/>
  <testcase name="testFindAllVeryLargePageSize" time="0.006" classname="org.molgenis.data.cache.l3.L3CacheRepositoryDecoratorTest"/>
  <testcase name="testFindOneRepositoryDirty" time="0.007" classname="org.molgenis.data.cache.l3.L3CacheRepositoryDecoratorTest"/>
</testsuite> <!-- org.molgenis.data.cache.l3.L3CacheRepositoryDecoratorTest -->
