<?xml version="1.0" encoding="UTF-8"?>
<!-- Generated by org.testng.reporters.JUnitReportReporter -->
<testsuite hostname="spirals-vortex.lille.inria.fr" name="org.molgenis.data.cache.l1.L1CacheTest" tests="7" failures="0" timestamp="1 Jun 2018 11:18:24 GMT" time="0.020" errors="0">
  <testcase name="testPutDeletionWhenInTransaction" time="0.001" classname="org.molgenis.data.cache.l1.L1CacheTest"/>
  <testcase name="testEvictStream" time="0.001" classname="org.molgenis.data.cache.l1.L1CacheTest"/>
  <testcase name="testEvictAll" time="0.010" classname="org.molgenis.data.cache.l1.L1CacheTest"/>
  <testcase name="testEvictAllWhenInTransaction" time="0.002" classname="org.molgenis.data.cache.l1.L1CacheTest"/>
  <testcase name="testWhenNotInTransaction" time="0.001" classname="org.molgenis.data.cache.l1.L1CacheTest"/>
  <testcase name="testEvictStreamOfOneEntity" time="0.003" classname="org.molgenis.data.cache.l1.L1CacheTest"/>
  <testcase name="testPutAndGetWhenInTransaction" time="0.002" classname="org.molgenis.data.cache.l1.L1CacheTest"/>
</testsuite> <!-- org.molgenis.data.cache.l1.L1CacheTest -->
