<?xml version="1.0" encoding="UTF-8"?>
<!-- Generated by org.testng.reporters.JUnitReportReporter -->
<testsuite hostname="spirals-vortex.lille.inria.fr" name="org.molgenis.data.cache.l3.L3CacheTest" tests="4" failures="0" timestamp="1 Jun 2018 11:18:24 GMT" time="0.226" errors="0">
  <testcase name="testAfterCommitTransactionDirtyRepository" time="0.004" classname="org.molgenis.data.cache.l3.L3CacheTest"/>
  <testcase name="testAfterCommitTransactionCleanRepository" time="0.133" classname="org.molgenis.data.cache.l3.L3CacheTest"/>
  <testcase name="testGetThrowsException" time="0.008" classname="org.molgenis.data.cache.l3.L3CacheTest"/>
  <testcase name="testGet" time="0.081" classname="org.molgenis.data.cache.l3.L3CacheTest"/>
</testsuite> <!-- org.molgenis.data.cache.l3.L3CacheTest -->
