<?xml version="1.0" encoding="UTF-8"?>
<!-- Generated by org.testng.reporters.JUnitReportReporter -->
<testsuite hostname="spirals-vortex.lille.inria.fr" name="org.molgenis.data.cache.utils.CombinedEntityCacheTest" tests="3" failures="0" timestamp="1 Jun 2018 11:18:24 GMT" time="0.085" errors="0">
  <testcase name="getIfPresentIntegerIdDeletionLoggedInCache" time="0.003" classname="org.molgenis.data.cache.utils.CombinedEntityCacheTest"/>
  <testcase name="getIfPresentIntegerIdEntityNotPresentInCache" time="0.080" classname="org.molgenis.data.cache.utils.CombinedEntityCacheTest"/>
  <testcase name="getIfPresentIntegerIdEntityPresentInCache" time="0.002" classname="org.molgenis.data.cache.utils.CombinedEntityCacheTest"/>
</testsuite> <!-- org.molgenis.data.cache.utils.CombinedEntityCacheTest -->
