<?xml version="1.0" encoding="UTF-8"?>
<!-- Generated by org.testng.reporters.JUnitReportReporter -->
<testsuite hostname="spirals-vortex.lille.inria.fr" name="org.molgenis.data.cache.utils.EntityHydrationTest" tests="4" failures="0" timestamp="1 Jun 2018 10:52:21 GMT" time="0.470" errors="0">
  <testcase name="dehydrateTest" time="0.002" classname="org.molgenis.data.cache.utils.EntityHydrationTest"/>
  <testcase name="hydrateTest" time="0.007" classname="org.molgenis.data.cache.utils.EntityHydrationTest"/>
  <testcase name="dehydrateOnetoMany" time="0.460" classname="org.molgenis.data.cache.utils.EntityHydrationTest"/>
  <testcase name="dehydrateXref" time="0.001" classname="org.molgenis.data.cache.utils.EntityHydrationTest"/>
</testsuite> <!-- org.molgenis.data.cache.utils.EntityHydrationTest -->
