<?xml version="1.0" encoding="UTF-8"?>
<!-- Generated by org.testng.reporters.JUnitReportReporter -->
<testsuite hostname="spirals-vortex.lille.inria.fr" name="org.molgenis.data.cache.l2.L2CacheTest" tests="6" failures="0" timestamp="1 Jun 2018 10:52:21 GMT" time="0.062" errors="0">
  <testcase name="testGetStringIdCachesLoadedData" time="0.004" classname="org.molgenis.data.cache.l2.L2CacheTest"/>
  <testcase name="testGetBatchIdLoaderThrowsException" time="0.005" classname="org.molgenis.data.cache.l2.L2CacheTest"/>
  <testcase name="testFindAll" time="0.012" classname="org.molgenis.data.cache.l2.L2CacheTest"/>
  <testcase name="testGetStringIdLoaderThrowsException" time="0.002" classname="org.molgenis.data.cache.l2.L2CacheTest"/>
  <testcase name="testAfterCommitTransactionRemovesCacheForDirtyRepository" time="0.029" classname="org.molgenis.data.cache.l2.L2CacheTest"/>
  <testcase name="testAfterCommitTransactionRemovesEntityForDirtyEntity" time="0.010" classname="org.molgenis.data.cache.l2.L2CacheTest"/>
</testsuite> <!-- org.molgenis.data.cache.l2.L2CacheTest -->
