<?xml version="1.0" encoding="UTF-8"?>
<!-- Generated by org.testng.reporters.JUnitReportReporter -->
<testsuite hostname="spirals-vortex.lille.inria.fr" name="org.molgenis.data.cache.l3.L3CacheTest" tests="4" failures="0" timestamp="30 May 2018 13:31:40 GMT" time="0.013" errors="0">
  <testcase name="testGetThrowsException" time="0.003" classname="org.molgenis.data.cache.l3.L3CacheTest"/>
  <testcase name="testAfterCommitTransactionCleanRepository" time="0.006" classname="org.molgenis.data.cache.l3.L3CacheTest"/>
  <testcase name="testAfterCommitTransactionDirtyRepository" time="0.003" classname="org.molgenis.data.cache.l3.L3CacheTest"/>
  <testcase name="testGet" time="0.001" classname="org.molgenis.data.cache.l3.L3CacheTest"/>
</testsuite> <!-- org.molgenis.data.cache.l3.L3CacheTest -->
