<?xml version="1.0" encoding="UTF-8"?>
<!-- Generated by org.testng.reporters.JUnitReportReporter -->
<testsuite hostname="spirals-vortex.lille.inria.fr" name="org.molgenis.data.cache.l2.L2CacheTest" tests="6" failures="0" timestamp="30 May 2018 13:31:40 GMT" time="0.113" errors="0">
  <testcase name="testGetStringIdLoaderThrowsException" time="0.002" classname="org.molgenis.data.cache.l2.L2CacheTest"/>
  <testcase name="testFindAll" time="0.028" classname="org.molgenis.data.cache.l2.L2CacheTest"/>
  <testcase name="testAfterCommitTransactionRemovesCacheForDirtyRepository" time="0.055" classname="org.molgenis.data.cache.l2.L2CacheTest"/>
  <testcase name="testGetStringIdCachesLoadedData" time="0.005" classname="org.molgenis.data.cache.l2.L2CacheTest"/>
  <testcase name="testAfterCommitTransactionRemovesEntityForDirtyEntity" time="0.015" classname="org.molgenis.data.cache.l2.L2CacheTest"/>
  <testcase name="testGetBatchIdLoaderThrowsException" time="0.008" classname="org.molgenis.data.cache.l2.L2CacheTest"/>
</testsuite> <!-- org.molgenis.data.cache.l2.L2CacheTest -->
