<?xml version="1.0" encoding="UTF-8"?>
<!-- Generated by org.testng.reporters.JUnitReportReporter -->
<testsuite hostname="spirals-vortex.lille.inria.fr" name="org.molgenis.data.cache.utils.EntityHydrationTest" tests="4" failures="0" timestamp="30 May 2018 13:31:40 GMT" time="0.177" errors="0">
  <testcase name="hydrateTest" time="0.003" classname="org.molgenis.data.cache.utils.EntityHydrationTest"/>
  <testcase name="dehydrateXref" time="0.002" classname="org.molgenis.data.cache.utils.EntityHydrationTest"/>
  <testcase name="dehydrateOnetoMany" time="0.169" classname="org.molgenis.data.cache.utils.EntityHydrationTest"/>
  <testcase name="dehydrateTest" time="0.003" classname="org.molgenis.data.cache.utils.EntityHydrationTest"/>
</testsuite> <!-- org.molgenis.data.cache.utils.EntityHydrationTest -->
