<?xml version="1.0" encoding="UTF-8"?>
<!-- Generated by org.testng.reporters.JUnitReportReporter -->
<testsuite hostname="spirals-vortex.lille.inria.fr" name="org.molgenis.data.cache.l3.L3CacheRepositoryDecoratorTest" tests="6" failures="0" timestamp="1 Jun 2018 11:18:24 GMT" time="0.049" errors="0">
  <testcase name="testFindOneRepositoryClean" time="0.004" classname="org.molgenis.data.cache.l3.L3CacheRepositoryDecoratorTest"/>
  <testcase name="testFindOneRepositoryDirty" time="0.002" classname="org.molgenis.data.cache.l3.L3CacheRepositoryDecoratorTest"/>
  <testcase name="testFindAllZeroPageSize" time="0.002" classname="org.molgenis.data.cache.l3.L3CacheRepositoryDecoratorTest"/>
  <testcase name="testFindAllRepositoryClean" time="0.008" classname="org.molgenis.data.cache.l3.L3CacheRepositoryDecoratorTest"/>
  <testcase name="testFindAllVeryLargePageSize" time="0.029" classname="org.molgenis.data.cache.l3.L3CacheRepositoryDecoratorTest"/>
  <testcase name="testFindAllRepositoryDirty" time="0.004" classname="org.molgenis.data.cache.l3.L3CacheRepositoryDecoratorTest"/>
</testsuite> <!-- org.molgenis.data.cache.l3.L3CacheRepositoryDecoratorTest -->
