<?xml version="1.0" encoding="UTF-8"?>
<!-- Generated by org.testng.reporters.JUnitReportReporter -->
<testsuite hostname="spirals-vortex.lille.inria.fr" name="org.molgenis.data.cache.l2.L2CacheRepositoryDecoratorTest" tests="6" failures="0" timestamp="30 May 2018 13:31:40 GMT" time="0.184" errors="0">
  <testcase name="testFindAllQueriesInBatches" time="0.124" classname="org.molgenis.data.cache.l2.L2CacheRepositoryDecoratorTest"/>
  <testcase name="testFindAllSplitsIdsOnTransactionInformation" time="0.005" classname="org.molgenis.data.cache.l2.L2CacheRepositoryDecoratorTest"/>
  <testcase name="testFindOneByIdDirty" time="0.002" classname="org.molgenis.data.cache.l2.L2CacheRepositoryDecoratorTest"/>
  <testcase name="testFindOneByIdNotDirtyCacheableAndPresent" time="0.046" classname="org.molgenis.data.cache.l2.L2CacheRepositoryDecoratorTest"/>
  <testcase name="testFindOneByIdEntireRepositoryDirty" time="0.003" classname="org.molgenis.data.cache.l2.L2CacheRepositoryDecoratorTest"/>
  <testcase name="testFindOneByIdNotDirtyCacheableNotPresent" time="0.004" classname="org.molgenis.data.cache.l2.L2CacheRepositoryDecoratorTest"/>
</testsuite> <!-- org.molgenis.data.cache.l2.L2CacheRepositoryDecoratorTest -->
