<?xml version="1.0" encoding="UTF-8"?>
<!-- Generated by org.testng.reporters.JUnitReportReporter -->
<testsuite hostname="spirals-vortex.lille.inria.fr" name="org.molgenis.data.cache.l3.L3CacheRepositoryDecoratorTest" tests="6" failures="0" timestamp="1 Jun 2018 10:52:21 GMT" time="0.039" errors="0">
  <testcase name="testFindOneRepositoryClean" time="0.003" classname="org.molgenis.data.cache.l3.L3CacheRepositoryDecoratorTest"/>
  <testcase name="testFindAllRepositoryDirty" time="0.024" classname="org.molgenis.data.cache.l3.L3CacheRepositoryDecoratorTest"/>
  <testcase name="testFindAllRepositoryClean" time="0.003" classname="org.molgenis.data.cache.l3.L3CacheRepositoryDecoratorTest"/>
  <testcase name="testFindAllZeroPageSize" time="0.001" classname="org.molgenis.data.cache.l3.L3CacheRepositoryDecoratorTest"/>
  <testcase name="testFindAllVeryLargePageSize" time="0.005" classname="org.molgenis.data.cache.l3.L3CacheRepositoryDecoratorTest"/>
  <testcase name="testFindOneRepositoryDirty" time="0.003" classname="org.molgenis.data.cache.l3.L3CacheRepositoryDecoratorTest"/>
</testsuite> <!-- org.molgenis.data.cache.l3.L3CacheRepositoryDecoratorTest -->
