<?xml version="1.0" encoding="UTF-8"?>
<testsuite xmlns:xsi="http://www.w3.org/2001/XMLSchema-instance" xsi:schemaLocation="https://maven.apache.org/surefire/maven-surefire-plugin/xsd/surefire-test-report.xsd" name="TestSuite" time="6.882" tests="726" errors="0" skipped="0" failures="0">
  <properties>
    <property name="java.runtime.name" value="OpenJDK Runtime Environment"/>
    <property name="sun.boot.library.path" value="/usr/lib/jvm/java-8-openjdk-amd64/jre/lib/amd64"/>
    <property name="java.vm.version" value="25.121-b13"/>
    <property name="java.vm.vendor" value="Oracle Corporation"/>
    <property name="maven.multiModuleProjectDirectory" value="/root/workspace/ConnorStroomberg/molgenis/383711093"/>
    <property name="java.vendor.url" value="http://java.oracle.com/"/>
    <property name="path.separator" value=":"/>
    <property name="guice.disable.misplaced.annotation.check" value="true"/>
    <property name="skip.gulp" value="true"/>
    <property name="java.vm.name" value="OpenJDK 64-Bit Server VM"/>
    <property name="file.encoding.pkg" value="sun.io"/>
    <property name="sun.java.launcher" value="SUN_STANDARD"/>
    <property name="sun.os.patch.level" value="unknown"/>
    <property name="findbugs.skip" value="true"/>
    <property name="java.vm.specification.name" value="Java Virtual Machine Specification"/>
    <property name="user.dir" value="/root/workspace/ConnorStroomberg/molgenis/383711093"/>
    <property name="checkstyle.skip" value="true"/>
    <property name="java.runtime.version" value="1.8.0_121-8u121-b13-1~bpo8+1-b13"/>
    <property name="java.awt.graphicsenv" value="sun.awt.X11GraphicsEnvironment"/>
    <property name="skip.npm" value="true"/>
    <property name="java.endorsed.dirs" value="/usr/lib/jvm/java-8-openjdk-amd64/jre/lib/endorsed"/>
    <property name="os.arch" value="amd64"/>
    <property name="java.io.tmpdir" value="/tmp"/>
    <property name="gpg.skip" value="true"/>
    <property name="line.separator" value="&#10;"/>
    <property name="java.vm.specification.vendor" value="Oracle Corporation"/>
    <property name="cobertura.skip" value="true"/>
    <property name="os.name" value="Linux"/>
    <property name="classworlds.conf" value="/usr/share/maven/bin/m2.conf"/>
    <property name="sun.jnu.encoding" value="UTF-8"/>
    <property name="java.library.path" value="/usr/java/packages/lib/amd64:/usr/lib/x86_64-linux-gnu/jni:/lib/x86_64-linux-gnu:/usr/lib/x86_64-linux-gnu:/usr/lib/jni:/lib:/usr/lib"/>
    <property name="license.skip" value="true"/>
    <property name="java.specification.name" value="Java Platform API Specification"/>
    <property name="java.class.version" value="52.0"/>
    <property name="sun.management.compiler" value="HotSpot 64-Bit Tiered Compilers"/>
    <property name="skip.bower" value="true"/>
    <property name="maven.repo.local" value="/root/./workspace/ConnorStroomberg/molgenis/383711093/.m2"/>
    <property name="os.version" value="3.10.0-862.2.3.el7.x86_64"/>
    <property name="user.home" value="/root"/>
    <property name="user.timezone" value="Europe/Paris"/>
    <property name="java.awt.printerjob" value="sun.print.PSPrinterJob"/>
    <property name="java.specification.version" value="1.8"/>
    <property name="file.encoding" value="UTF-8"/>
    <property name="user.name" value="root"/>
    <property name="java.class.path" value="/usr/share/maven/boot/plexus-classworlds-2.5.2.jar"/>
    <property name="skipITs" value="true"/>
    <property name="java.vm.specification.version" value="1.8"/>
    <property name="sun.arch.data.model" value="64"/>
    <property name="java.home" value="/usr/lib/jvm/java-8-openjdk-amd64/jre"/>
    <property name="sun.java.command" value="org.codehaus.plexus.classworlds.launcher.Launcher -B -D enforcer.skip=true -D dependency-check.skip=true -D skipITs=true -D cobertura.skip=true -D maven.repo.local=/root/./workspace/ConnorStroomberg/molgenis/383711093/.m2 -D rat.skip=true -D findbugs.skip=true -D skip.bower=true -D gpg.skip=true -D checkstyle.skip=true -D skip.gulp=true -D license.skip=true -D skip.npm=true test"/>
    <property name="java.specification.vendor" value="Oracle Corporation"/>
    <property name="user.language" value="en"/>
    <property name="awt.toolkit" value="sun.awt.X11.XToolkit"/>
    <property name="dependency-check.skip" value="true"/>
    <property name="java.vm.info" value="mixed mode"/>
    <property name="java.version" value="1.8.0_121"/>
    <property name="java.ext.dirs" value="/usr/lib/jvm/java-8-openjdk-amd64/jre/lib/ext:/usr/java/packages/lib/ext"/>
    <property name="securerandom.source" value="file:/dev/./urandom"/>
    <property name="sun.boot.class.path" value="/usr/lib/jvm/java-8-openjdk-amd64/jre/lib/resources.jar:/usr/lib/jvm/java-8-openjdk-amd64/jre/lib/rt.jar:/usr/lib/jvm/java-8-openjdk-amd64/jre/lib/sunrsasign.jar:/usr/lib/jvm/java-8-openjdk-amd64/jre/lib/jsse.jar:/usr/lib/jvm/java-8-openjdk-amd64/jre/lib/jce.jar:/usr/lib/jvm/java-8-openjdk-amd64/jre/lib/charsets.jar:/usr/lib/jvm/java-8-openjdk-amd64/jre/lib/jfr.jar:/usr/lib/jvm/java-8-openjdk-amd64/jre/classes"/>
    <property name="java.vendor" value="Oracle Corporation"/>
    <property name="enforcer.skip" value="true"/>
    <property name="rat.skip" value="true"/>
    <property name="maven.home" value="/usr/share/maven"/>
    <property name="file.separator" value="/"/>
    <property name="java.vendor.url.bug" value="http://bugreport.sun.com/bugreport/"/>
    <property name="sun.cpu.endian" value="little"/>
    <property name="sun.io.unicode.encoding" value="UnicodeLittle"/>
    <property name="sun.cpu.isalist" value=""/>
  </properties>
  <testcase name="addStream" classname="org.molgenis.data.support.AbstractRepositoryTest" time="0.004"/>
  <testcase name="deleteStream" classname="org.molgenis.data.support.AbstractRepositoryTest" time="0.001"/>
  <testcase name="findAllStream" classname="org.molgenis.data.support.AbstractRepositoryTest" time="0.184"/>
  <testcase name="findAllStreamFetch" classname="org.molgenis.data.support.AbstractRepositoryTest" time="0.002"/>
  <testcase name="findOneObjectFetch" classname="org.molgenis.data.support.AbstractRepositoryTest" time="0.001"/>
  <testcase name="testUpsertBatch" classname="org.molgenis.data.support.AbstractRepositoryTest" time="0.012"/>
  <testcase name="updateStream" classname="org.molgenis.data.support.AbstractRepositoryTest" time="0"/>
  <testcase name="EntityListenerRepositoryDecorator" classname="org.molgenis.data.listeners.EntityListenerRepositoryDecoratorTest" time="0"/>
  <testcase name="addStream" classname="org.molgenis.data.listeners.EntityListenerRepositoryDecoratorTest" time="0"/>
  <testcase name="deleteStream" classname="org.molgenis.data.listeners.EntityListenerRepositoryDecoratorTest" time="0.008"/>
  <testcase name="findAllAsStream" classname="org.molgenis.data.listeners.EntityListenerRepositoryDecoratorTest" time="0.049"/>
  <testcase name="findAllStream" classname="org.molgenis.data.listeners.EntityListenerRepositoryDecoratorTest" time="0.001"/>
  <testcase name="findAllStreamFetch" classname="org.molgenis.data.listeners.EntityListenerRepositoryDecoratorTest" time="0.001"/>
  <testcase name="removeEntityListener" classname="org.molgenis.data.listeners.EntityListenerRepositoryDecoratorTest" time="0.014"/>
  <testcase name="streamFetch" classname="org.molgenis.data.listeners.EntityListenerRepositoryDecoratorTest" time="0.01"/>
  <testcase name="testQuery" classname="org.molgenis.data.listeners.EntityListenerRepositoryDecoratorTest" time="0"/>
  <testcase name="updateEntityNoListeners" classname="org.molgenis.data.listeners.EntityListenerRepositoryDecoratorTest" time="0.001"/>
  <testcase name="updateEntityWithListener" classname="org.molgenis.data.listeners.EntityListenerRepositoryDecoratorTest" time="0.001"/>
  <testcase name="updateEntityWithListeners" classname="org.molgenis.data.listeners.EntityListenerRepositoryDecoratorTest" time="0.002"/>
  <testcase name="updateEntityWithoutListener" classname="org.molgenis.data.listeners.EntityListenerRepositoryDecoratorTest" time="0.001"/>
  <testcase name="updateStreamNoListeners" classname="org.molgenis.data.listeners.EntityListenerRepositoryDecoratorTest" time="0.003"/>
  <testcase name="updateStreamWithListeners" classname="org.molgenis.data.listeners.EntityListenerRepositoryDecoratorTest" time="0.001"/>
  <testcase name="updateStreamWithSomeListeners" classname="org.molgenis.data.listeners.EntityListenerRepositoryDecoratorTest" time="0.001"/>
  <testcase name="EntityReferenceCreatorImpl" classname="org.molgenis.data.EntityReferenceCreatorImplTest" time="0"/>
  <testcase name="getReference" classname="org.molgenis.data.EntityReferenceCreatorImplTest" time="0.004"/>
  <testcase name="getReferences" classname="org.molgenis.data.EntityReferenceCreatorImplTest" time="0.006"/>
  <testcase name="equals" classname="org.molgenis.data.QueryRuleTest" time="0"/>
  <testcase name="equalsEntityId" classname="org.molgenis.data.QueryRuleTest" time="0"/>
  <testcase name="equalsInEntity" classname="org.molgenis.data.QueryRuleTest" time="0.005"/>
  <testcase name="equalsWithDifferentFields" classname="org.molgenis.data.QueryRuleTest" time="0"/>
  <testcase name="equalsWithDifferentOperator" classname="org.molgenis.data.QueryRuleTest" time="0"/>
  <testcase name="equalsWithDifferentValues" classname="org.molgenis.data.QueryRuleTest" time="0"/>
  <testcase name="equalsWithNestedRules" classname="org.molgenis.data.QueryRuleTest" time="0.001"/>
  <testcase name="valuesForRangeOperator" classname="org.molgenis.data.QueryRuleTest" time="0"/>
  <testcase name="containsAnyOperator" classname="org.molgenis.data.QueryUtilsTest" time="0.002"/>
  <testcase name="containsComputedAttribute" classname="org.molgenis.data.QueryUtilsTest" time="0.002"/>
  <testcase name="containsComputedAttributeNested" classname="org.molgenis.data.QueryUtilsTest" time="0"/>
  <testcase name="containsNestedComputedAttributes" classname="org.molgenis.data.QueryUtilsTest" time="0.002"/>
  <testcase name="containsNestedQueryRuleFieldFalse" classname="org.molgenis.data.QueryUtilsTest" time="0"/>
  <testcase name="containsNestedQueryRuleFieldTrue" classname="org.molgenis.data.QueryUtilsTest" time="0.001"/>
  <testcase name="containsOperator" classname="org.molgenis.data.QueryUtilsTest" time="0"/>
  <testcase name="emptyQuery" classname="org.molgenis.data.QueryUtilsTest" time="0"/>
  <testcase name="nestedQueryRules" classname="org.molgenis.data.QueryUtilsTest" time="0"/>
  <testcase name="notContainsAnyOperator" classname="org.molgenis.data.QueryUtilsTest" time="0"/>
  <testcase name="notContainsComputedAttributes" classname="org.molgenis.data.QueryUtilsTest" time="0.001"/>
  <testcase name="notContainsOperator" classname="org.molgenis.data.QueryUtilsTest" time="0"/>
  <testcase name="testGetQueryRuleAttribute" classname="org.molgenis.data.QueryUtilsTest" time="0.001"/>
  <testcase name="testGetQueryRuleAttributeNested" classname="org.molgenis.data.QueryUtilsTest" time="0.001"/>
  <testcase name="testGetQueryRuleAttributeNestedUnknown" classname="org.molgenis.data.QueryUtilsTest" time="0.001"/>
  <testcase name="testGetQueryRuleAttributeUnknown" classname="org.molgenis.data.QueryUtilsTest" time="0.001"/>
  <testcase name="addStream" classname="org.molgenis.data.DataServiceImplTest" time="0"/>
  <testcase name="deleteAllStream" classname="org.molgenis.data.DataServiceImplTest" time="0.001"/>
  <testcase name="deleteStream" classname="org.molgenis.data.DataServiceImplTest" time="0"/>
  <testcase name="findAllStreamString" classname="org.molgenis.data.DataServiceImplTest" time="0.001"/>
  <testcase name="findAllStreamStringClass" classname="org.molgenis.data.DataServiceImplTest" time="0"/>
  <testcase name="findAllStreamStringQuery" classname="org.molgenis.data.DataServiceImplTest" time="0.001"/>
  <testcase name="findAllStreamStringQueryClass" classname="org.molgenis.data.DataServiceImplTest" time="0"/>
  <testcase name="findAllStringStream" classname="org.molgenis.data.DataServiceImplTest" time="0.001"/>
  <testcase name="findAllStringStreamClass" classname="org.molgenis.data.DataServiceImplTest" time="0"/>
  <testcase name="findAllStringStreamFetch" classname="org.molgenis.data.DataServiceImplTest" time="0"/>
  <testcase name="findAllStringStreamFetchClass" classname="org.molgenis.data.DataServiceImplTest" time="0.001"/>
  <testcase name="findOneStringObjectFetch" classname="org.molgenis.data.DataServiceImplTest" time="0.001"/>
  <testcase name="findOneStringObjectFetchClass" classname="org.molgenis.data.DataServiceImplTest" time="0"/>
  <testcase name="findOneStringObjectFetchClassEntityNull" classname="org.molgenis.data.DataServiceImplTest" time="0"/>
  <testcase name="findOneStringObjectFetchEntityNull" classname="org.molgenis.data.DataServiceImplTest" time="0"/>
  <testcase name="getEntityNames" classname="org.molgenis.data.DataServiceImplTest" time="0.001"/>
  <testcase name="getRepositoryByEntityName" classname="org.molgenis.data.DataServiceImplTest" time="0"/>
  <testcase name="updateStream" classname="org.molgenis.data.DataServiceImplTest" time="0"/>
  <testcase name="addEntityListenerTest" classname="org.molgenis.data.listeners.EntityListenersServiceTest" time="0"/>
  <testcase name="isEmptyTest" classname="org.molgenis.data.listeners.EntityListenersServiceTest" time="0"/>
  <testcase name="noExceptionsStressTest" classname="org.molgenis.data.listeners.EntityListenersServiceTest" time="0.007"/>
  <testcase name="registerNullPointer" classname="org.molgenis.data.listeners.EntityListenersServiceTest" time="0"/>
  <testcase name="registerTest" classname="org.molgenis.data.listeners.EntityListenersServiceTest" time="0"/>
  <testcase name="removeEntityListenerTest" classname="org.molgenis.data.listeners.EntityListenersServiceTest" time="0"/>
  <testcase name="updateEntitiesTest" classname="org.molgenis.data.listeners.EntityListenersServiceTest" time="0.001"/>
  <testcase name="updateEntityTest" classname="org.molgenis.data.listeners.EntityListenersServiceTest" time="0.001"/>
  <testcase name="verifyRepoRegistered" classname="org.molgenis.data.listeners.EntityListenersServiceTest" time="0.005"/>
  <testcase name="EntityReferenceResolverDecorator" classname="org.molgenis.data.EntityReferenceResolverDecoratorTest" time="0"/>
  <testcase name="addEntity" classname="org.molgenis.data.EntityReferenceResolverDecoratorTest" time="0"/>
  <testcase name="addStream" classname="org.molgenis.data.EntityReferenceResolverDecoratorTest" time="0"/>
  <testcase name="aggregate" classname="org.molgenis.data.EntityReferenceResolverDecoratorTest" time="0.007"/>
  <testcase name="close" classname="org.molgenis.data.EntityReferenceResolverDecoratorTest" time="0.001"/>
  <testcase name="count" classname="org.molgenis.data.EntityReferenceResolverDecoratorTest" time="0"/>
  <testcase name="countQuery" classname="org.molgenis.data.EntityReferenceResolverDecoratorTest" time="0"/>
  <testcase name="deleteAll" classname="org.molgenis.data.EntityReferenceResolverDecoratorTest" time="0"/>
  <testcase name="deleteByIdIterableObject" classname="org.molgenis.data.EntityReferenceResolverDecoratorTest" time="0.008"/>
  <testcase name="deleteByIdObject" classname="org.molgenis.data.EntityReferenceResolverDecoratorTest" time="0.006"/>
  <testcase name="deleteEntity" classname="org.molgenis.data.EntityReferenceResolverDecoratorTest" time="0"/>
  <testcase name="deleteStream" classname="org.molgenis.data.EntityReferenceResolverDecoratorTest" time="0.035"/>
  <testcase name="findAllAsStreamFetch" classname="org.molgenis.data.EntityReferenceResolverDecoratorTest" time="0.023"/>
  <testcase name="findAllAsStreamNoFetch" classname="org.molgenis.data.EntityReferenceResolverDecoratorTest" time="0"/>
  <testcase name="findAllStream" classname="org.molgenis.data.EntityReferenceResolverDecoratorTest" time="0.001"/>
  <testcase name="findAllStreamFetch" classname="org.molgenis.data.EntityReferenceResolverDecoratorTest" time="0.001"/>
  <testcase name="findOneObject" classname="org.molgenis.data.EntityReferenceResolverDecoratorTest" time="0.001"/>
  <testcase name="findOneObjectFetch" classname="org.molgenis.data.EntityReferenceResolverDecoratorTest" time="0"/>
  <testcase name="findOneObjectFetchNull" classname="org.molgenis.data.EntityReferenceResolverDecoratorTest" time="0"/>
  <testcase name="findOneQueryFetchEntity" classname="org.molgenis.data.EntityReferenceResolverDecoratorTest" time="0.001"/>
  <testcase name="findOneQueryFetchEntityNull" classname="org.molgenis.data.EntityReferenceResolverDecoratorTest" time="0.001"/>
  <testcase name="findOneQueryNoFetch" classname="org.molgenis.data.EntityReferenceResolverDecoratorTest" time="0"/>
  <testcase name="getCapabilities" classname="org.molgenis.data.EntityReferenceResolverDecoratorTest" time="0"/>
  <testcase name="getEntityType" classname="org.molgenis.data.EntityReferenceResolverDecoratorTest" time="0"/>
  <testcase name="getName" classname="org.molgenis.data.EntityReferenceResolverDecoratorTest" time="0.001"/>
  <testcase name="iterator" classname="org.molgenis.data.EntityReferenceResolverDecoratorTest" time="0"/>
  <testcase name="query" classname="org.molgenis.data.EntityReferenceResolverDecoratorTest" time="0"/>
  <testcase name="streamFetch" classname="org.molgenis.data.EntityReferenceResolverDecoratorTest" time="0.002"/>
  <testcase name="updateEntity" classname="org.molgenis.data.EntityReferenceResolverDecoratorTest" time="0"/>
  <testcase name="updateStream" classname="org.molgenis.data.EntityReferenceResolverDecoratorTest" time="0"/>
  <testcase name="testEvaluate" classname="org.molgenis.data.support.MapOfStringsExpressionEvaluatorTest" time="0.101"/>
  <testcase name="testMapOfStringsEvaluatorConstructorChecksIfAttributeHasExpression" classname="org.molgenis.data.support.MapOfStringsExpressionEvaluatorTest" time="0.001"/>
  <testcase name="testMapOfStringsEvaluatorConstructorChecksIfAttributeHasRefEntity" classname="org.molgenis.data.support.MapOfStringsExpressionEvaluatorTest" time="0"/>
  <testcase name="testMapOfStringsEvaluatorConstructorChecksIfCalculatedAttributesAllExist" classname="org.molgenis.data.support.MapOfStringsExpressionEvaluatorTest" time="0.001"/>
  <testcase name="testMapOfStringsEvaluatorConstructorChecksIfExpressionIsMap" classname="org.molgenis.data.support.MapOfStringsExpressionEvaluatorTest" time="0"/>
  <testcase name="testMapOfStringsEvaluatorConstructorChecksIfMentionedAttributesAllExist" classname="org.molgenis.data.support.MapOfStringsExpressionEvaluatorTest" time="0.001"/>
  <testcase name="testMapOfStringsEvaluatorConstructorChecksThatExpressionIsMapOfStrings" classname="org.molgenis.data.support.MapOfStringsExpressionEvaluatorTest" time="0.001"/>
  <testcase name="testGetLocalizedMessage" classname="org.molgenis.data.transaction.UnknownRepositoryCollectionExceptionTest" time="0.01"/>
  <testcase name="testGetLocalizedMessage" classname="org.molgenis.data.transaction.UnknownRepositoryCollectionExceptionTest" time="0.001"/>
  <testcase name="isIdAttributeTypeAllowed" classname="org.molgenis.data.support.AttributeUtilsTest" time="0"/>
  <testcase name="isIdAttributeTypeAllowed" classname="org.molgenis.data.support.AttributeUtilsTest" time="0"/>
  <testcase name="isIdAttributeTypeAllowed" classname="org.molgenis.data.support.AttributeUtilsTest" time="0.001"/>
  <testcase name="isIdAttributeTypeAllowed" classname="org.molgenis.data.support.AttributeUtilsTest" time="0"/>
  <testcase name="isIdAttributeTypeAllowed" classname="org.molgenis.data.support.AttributeUtilsTest" time="0"/>
  <testcase name="isIdAttributeTypeAllowed" classname="org.molgenis.data.support.AttributeUtilsTest" time="0"/>
  <testcase name="isIdAttributeTypeAllowed" classname="org.molgenis.data.support.AttributeUtilsTest" time="0.001"/>
  <testcase name="isIdAttributeTypeAllowed" classname="org.molgenis.data.support.AttributeUtilsTest" time="0"/>
  <testcase name="isIdAttributeTypeAllowed" classname="org.molgenis.data.support.AttributeUtilsTest" time="0"/>
  <testcase name="isIdAttributeTypeAllowed" classname="org.molgenis.data.support.AttributeUtilsTest" time="0"/>
  <testcase name="isIdAttributeTypeAllowed" classname="org.molgenis.data.support.AttributeUtilsTest" time="0.001"/>
  <testcase name="isIdAttributeTypeAllowed" classname="org.molgenis.data.support.AttributeUtilsTest" time="0"/>
  <testcase name="isIdAttributeTypeAllowed" classname="org.molgenis.data.support.AttributeUtilsTest" time="0"/>
  <testcase name="isIdAttributeTypeAllowed" classname="org.molgenis.data.support.AttributeUtilsTest" time="0"/>
  <testcase name="isIdAttributeTypeAllowed" classname="org.molgenis.data.support.AttributeUtilsTest" time="0.001"/>
  <testcase name="isIdAttributeTypeAllowed" classname="org.molgenis.data.support.AttributeUtilsTest" time="0"/>
  <testcase name="isIdAttributeTypeAllowed" classname="org.molgenis.data.support.AttributeUtilsTest" time="0.001"/>
  <testcase name="isIdAttributeTypeAllowed" classname="org.molgenis.data.support.AttributeUtilsTest" time="0"/>
  <testcase name="isIdAttributeTypeAllowed" classname="org.molgenis.data.support.AttributeUtilsTest" time="0"/>
  <testcase name="testGetI18nAttributeName" classname="org.molgenis.data.support.AttributeUtilsTest" time="0.001"/>
  <testcase name="testGetI18nAttributeName" classname="org.molgenis.data.support.AttributeUtilsTest" time="0"/>
  <testcase name="testGetI18nAttributeName" classname="org.molgenis.data.support.AttributeUtilsTest" time="0"/>
  <testcase name="testDelegate" classname="org.molgenis.data.CascadeDeleteRepositoryDecoratorTest" time="0"/>
  <testcase name="testDeleteAllCascadeNotNull" classname="org.molgenis.data.CascadeDeleteRepositoryDecoratorTest" time="0.005"/>
  <testcase name="testDeleteAllNoCascade" classname="org.molgenis.data.CascadeDeleteRepositoryDecoratorTest" time="0"/>
  <testcase name="testDeleteAllStreamCascadeNotNull" classname="org.molgenis.data.CascadeDeleteRepositoryDecoratorTest" time="0.002"/>
  <testcase name="testDeleteAllStreamNoCascade" classname="org.molgenis.data.CascadeDeleteRepositoryDecoratorTest" time="0"/>
  <testcase name="testDeleteByIdCascadeNotNull" classname="org.molgenis.data.CascadeDeleteRepositoryDecoratorTest" time="0"/>
  <testcase name="testDeleteByIdNoCascade" classname="org.molgenis.data.CascadeDeleteRepositoryDecoratorTest" time="0"/>
  <testcase name="testDeleteCascadeMrefEmpty" classname="org.molgenis.data.CascadeDeleteRepositoryDecoratorTest" time="0.001"/>
  <testcase name="testDeleteCascadeMrefNotEmpty" classname="org.molgenis.data.CascadeDeleteRepositoryDecoratorTest" time="0.001"/>
  <testcase name="testDeleteCascadeNotNull" classname="org.molgenis.data.CascadeDeleteRepositoryDecoratorTest" time="0.001"/>
  <testcase name="testDeleteCascadeNull" classname="org.molgenis.data.CascadeDeleteRepositoryDecoratorTest" time="0"/>
  <testcase name="testDeleteNoCascade" classname="org.molgenis.data.CascadeDeleteRepositoryDecoratorTest" time="0"/>
  <testcase name="testDeleteStreamCascadeNotNull" classname="org.molgenis.data.CascadeDeleteRepositoryDecoratorTest" time="0.002"/>
  <testcase name="testDeleteStreamNoCascade" classname="org.molgenis.data.CascadeDeleteRepositoryDecoratorTest" time="0"/>
  <testcase name="equalsFalse" classname="org.molgenis.data.FetchTest" time="0"/>
  <testcase name="equalsSubFetchFalse" classname="org.molgenis.data.FetchTest" time="0"/>
  <testcase name="equalsSubFetchTrue" classname="org.molgenis.data.FetchTest" time="0"/>
  <testcase name="equalsTrue" classname="org.molgenis.data.FetchTest" time="0"/>
  <testcase name="getFetch" classname="org.molgenis.data.FetchTest" time="0"/>
  <testcase name="getFields" classname="org.molgenis.data.FetchTest" time="0"/>
  <testcase name="hasFieldFalse" classname="org.molgenis.data.FetchTest" time="0"/>
  <testcase name="hasFieldTrue" classname="org.molgenis.data.FetchTest" time="0"/>
  <testcase name="iterator" classname="org.molgenis.data.FetchTest" time="0"/>
  <testcase name="add" classname="org.molgenis.data.transaction.TransactionalRepositoryDecoratorTest" time="0.006"/>
  <testcase name="addStream" classname="org.molgenis.data.transaction.TransactionalRepositoryDecoratorTest" time="0.001"/>
  <testcase name="aggregate" classname="org.molgenis.data.transaction.TransactionalRepositoryDecoratorTest" time="0.001"/>
  <testcase name="count" classname="org.molgenis.data.transaction.TransactionalRepositoryDecoratorTest" time="0.001"/>
  <testcase name="countQuery" classname="org.molgenis.data.transaction.TransactionalRepositoryDecoratorTest" time="0.001"/>
  <testcase name="delete" classname="org.molgenis.data.transaction.TransactionalRepositoryDecoratorTest" time="0.001"/>
  <testcase name="deleteAll" classname="org.molgenis.data.transaction.TransactionalRepositoryDecoratorTest" time="0.001"/>
  <testcase name="deleteAllStream" classname="org.molgenis.data.transaction.TransactionalRepositoryDecoratorTest" time="0.001"/>
  <testcase name="deleteById" classname="org.molgenis.data.transaction.TransactionalRepositoryDecoratorTest" time="0.001"/>
  <testcase name="deleteStream" classname="org.molgenis.data.transaction.TransactionalRepositoryDecoratorTest" time="0.001"/>
  <testcase name="findAllQuery" classname="org.molgenis.data.transaction.TransactionalRepositoryDecoratorTest" time="0.001"/>
  <testcase name="findAllStream" classname="org.molgenis.data.transaction.TransactionalRepositoryDecoratorTest" time="0.001"/>
  <testcase name="findAllStreamFetch" classname="org.molgenis.data.transaction.TransactionalRepositoryDecoratorTest" time="0.001"/>
  <testcase name="findOne" classname="org.molgenis.data.transaction.TransactionalRepositoryDecoratorTest" time="0.001"/>
  <testcase name="findOneById" classname="org.molgenis.data.transaction.TransactionalRepositoryDecoratorTest" time="0.001"/>
  <testcase name="findOneByIdFetch" classname="org.molgenis.data.transaction.TransactionalRepositoryDecoratorTest" time="0"/>
  <testcase name="forEachBatched" classname="org.molgenis.data.transaction.TransactionalRepositoryDecoratorTest" time="0.002"/>
  <testcase name="forEachBatchedFetch" classname="org.molgenis.data.transaction.TransactionalRepositoryDecoratorTest" time="0.002"/>
  <testcase name="iterator" classname="org.molgenis.data.transaction.TransactionalRepositoryDecoratorTest" time="0.001"/>
  <testcase name="update" classname="org.molgenis.data.transaction.TransactionalRepositoryDecoratorTest" time="0.001"/>
  <testcase name="updateStream" classname="org.molgenis.data.transaction.TransactionalRepositoryDecoratorTest" time="0.001"/>
  <testcase name="testGetLocalizedMessage" classname="org.molgenis.data.UnknownEntityTypeExceptionTest" time="0"/>
  <testcase name="testGetLocalizedMessage" classname="org.molgenis.data.UnknownEntityTypeExceptionTest" time="0"/>
  <testcase name="addStream" classname="org.molgenis.data.mem.InMemoryRepositoryTest" time="0.001"/>
  <testcase name="deleteStream" classname="org.molgenis.data.mem.InMemoryRepositoryTest" time="0.001"/>
  <testcase name="findAllAsStream" classname="org.molgenis.data.mem.InMemoryRepositoryTest" time="0.001"/>
  <testcase name="findAllAsStreamQueryWithContent" classname="org.molgenis.data.mem.InMemoryRepositoryTest" time="0"/>
  <testcase name="findAllAsStreamSingleEqualsQuery" classname="org.molgenis.data.mem.InMemoryRepositoryTest" time="0.001"/>
  <testcase name="findAllStream" classname="org.molgenis.data.mem.InMemoryRepositoryTest" time="0.001"/>
  <testcase name="findAllStreamFetch" classname="org.molgenis.data.mem.InMemoryRepositoryTest" time="0.001"/>
  <testcase name="findOneObjectFetch" classname="org.molgenis.data.mem.InMemoryRepositoryTest" time="0"/>
  <testcase name="findOneObjectFetchEntityNull" classname="org.molgenis.data.mem.InMemoryRepositoryTest" time="0"/>
  <testcase name="streamFetch" classname="org.molgenis.data.mem.InMemoryRepositoryTest" time="0.002"/>
  <testcase name="updateStream" classname="org.molgenis.data.mem.InMemoryRepositoryTest" time="0.001"/>
  <testcase name="get" classname="org.molgenis.data.support.PartialEntityTest" time="0"/>
  <testcase name="getAttributeNames" classname="org.molgenis.data.support.PartialEntityTest" time="0.001"/>
  <testcase name="getBoolean" classname="org.molgenis.data.support.PartialEntityTest" time="0"/>
  <testcase name="getBooleanNotInFetch" classname="org.molgenis.data.support.PartialEntityTest" time="0"/>
  <testcase name="getDateNotInFetch" classname="org.molgenis.data.support.PartialEntityTest" time="0"/>
  <testcase name="getDouble" classname="org.molgenis.data.support.PartialEntityTest" time="0"/>
  <testcase name="getDoubleNotInFetch" classname="org.molgenis.data.support.PartialEntityTest" time="0"/>
  <testcase name="getEntitiesString" classname="org.molgenis.data.support.PartialEntityTest" time="0.001"/>
  <testcase name="getEntitiesStringClassE" classname="org.molgenis.data.support.PartialEntityTest" time="0"/>
  <testcase name="getEntitiesStringClassENotInFetch" classname="org.molgenis.data.support.PartialEntityTest" time="0"/>
  <testcase name="getEntitiesStringNotInFetch" classname="org.molgenis.data.support.PartialEntityTest" time="0.001"/>
  <testcase name="getEntityString" classname="org.molgenis.data.support.PartialEntityTest" time="0"/>
  <testcase name="getEntityStringClassE" classname="org.molgenis.data.support.PartialEntityTest" time="0"/>
  <testcase name="getEntityStringClassENotInFetch" classname="org.molgenis.data.support.PartialEntityTest" time="0"/>
  <testcase name="getEntityStringNotInFetch" classname="org.molgenis.data.support.PartialEntityTest" time="0"/>
  <testcase name="getEntityType" classname="org.molgenis.data.support.PartialEntityTest" time="0"/>
  <testcase name="getIdValue" classname="org.molgenis.data.support.PartialEntityTest" time="0"/>
  <testcase name="getInt" classname="org.molgenis.data.support.PartialEntityTest" time="0"/>
  <testcase name="getIntNotInFetch" classname="org.molgenis.data.support.PartialEntityTest" time="0.001"/>
  <testcase name="getLabelValue" classname="org.molgenis.data.support.PartialEntityTest" time="0"/>
  <testcase name="getLong" classname="org.molgenis.data.support.PartialEntityTest" time="0"/>
  <testcase name="getLongNotInFetch" classname="org.molgenis.data.support.PartialEntityTest" time="0"/>
  <testcase name="getNotInFetch" classname="org.molgenis.data.support.PartialEntityTest" time="0"/>
  <testcase name="getString" classname="org.molgenis.data.support.PartialEntityTest" time="0.001"/>
  <testcase name="getStringNotInFetch" classname="org.molgenis.data.support.PartialEntityTest" time="0"/>
  <testcase name="getTimestamp" classname="org.molgenis.data.support.PartialEntityTest" time="0"/>
  <testcase name="getTimestampNotInFetch" classname="org.molgenis.data.support.PartialEntityTest" time="0"/>
  <testcase name="getUtilDate" classname="org.molgenis.data.support.PartialEntityTest" time="0"/>
  <testcase name="getUtilDateNotInFetch" classname="org.molgenis.data.support.PartialEntityTest" time="0.001"/>
  <testcase name="setEntity" classname="org.molgenis.data.support.PartialEntityTest" time="0"/>
  <testcase name="setStringObject" classname="org.molgenis.data.support.PartialEntityTest" time="0"/>
  <testcase name="sortMultipleAttrAsc" classname="org.molgenis.data.SortTest" time="0"/>
  <testcase name="sortMultipleAttrAscAndDesc" classname="org.molgenis.data.SortTest" time="0"/>
  <testcase name="sortMultipleAttrBuilderAsc" classname="org.molgenis.data.SortTest" time="0"/>
  <testcase name="sortMultipleAttrBuilderAscAndDesc" classname="org.molgenis.data.SortTest" time="0"/>
  <testcase name="sortMultipleAttrBuilderDefault" classname="org.molgenis.data.SortTest" time="0"/>
  <testcase name="sortMultipleAttrBuilderDesc" classname="org.molgenis.data.SortTest" time="0"/>
  <testcase name="sortMultipleAttrDefault" classname="org.molgenis.data.SortTest" time="0"/>
  <testcase name="sortMultipleAttrDesc" classname="org.molgenis.data.SortTest" time="0.001"/>
  <testcase name="sortSingleAttrAsc" classname="org.molgenis.data.SortTest" time="0"/>
  <testcase name="sortSingleAttrBuilderAsc" classname="org.molgenis.data.SortTest" time="0"/>
  <testcase name="sortSingleAttrBuilderDefault" classname="org.molgenis.data.SortTest" time="0"/>
  <testcase name="sortSingleAttrBuilderDesc" classname="org.molgenis.data.SortTest" time="0"/>
  <testcase name="sortSingleAttrDefault" classname="org.molgenis.data.SortTest" time="0"/>
  <testcase name="sortSingleAttrDesc" classname="org.molgenis.data.SortTest" time="0"/>
  <testcase name="convert" classname="org.molgenis.data.DataConverterTest" time="0"/>
  <testcase name="convertDateTime" classname="org.molgenis.data.DataConverterTest" time="0.02"/>
  <testcase name="convertLocalDate" classname="org.molgenis.data.DataConverterTest" time="0.001"/>
  <testcase name="convertObjectAttribute" classname="org.molgenis.data.DataConverterTest" time="0"/>
  <testcase name="convertObjectAttribute" classname="org.molgenis.data.DataConverterTest" time="0"/>
  <testcase name="testWrapExceptionOnInvalidConversion" classname="org.molgenis.data.DataConverterTest" time="0.003"/>
  <testcase name="toIntListEntity" classname="org.molgenis.data.DataConverterTest" time="0"/>
  <testcase name="toIntListInteger" classname="org.molgenis.data.DataConverterTest" time="0"/>
  <testcase name="toListEntity" classname="org.molgenis.data.DataConverterTest" time="0.002"/>
  <testcase name="toListString" classname="org.molgenis.data.DataConverterTest" time="0"/>
  <testcase name="toLocalDate" classname="org.molgenis.data.DataConverterTest" time="0.001"/>
  <testcase name="equals" classname="org.molgenis.data.support.QueryImplTest" time="0.001"/>
  <testcase name="equalsFetch" classname="org.molgenis.data.support.QueryImplTest" time="0"/>
  <testcase name="equalsFetchFalse" classname="org.molgenis.data.support.QueryImplTest" time="0"/>
  <testcase name="fetch" classname="org.molgenis.data.support.QueryImplTest" time="0"/>
  <testcase name="fetchFetch" classname="org.molgenis.data.support.QueryImplTest" time="0"/>
  <testcase name="nest" classname="org.molgenis.data.support.QueryImplTest" time="0"/>
  <testcase name="nestAnd" classname="org.molgenis.data.support.QueryImplTest" time="0"/>
  <testcase name="nestDeep" classname="org.molgenis.data.support.QueryImplTest" time="0"/>
  <testcase name="nestOr" classname="org.molgenis.data.support.QueryImplTest" time="0"/>
  <testcase name="queryImplQueryFetch" classname="org.molgenis.data.support.QueryImplTest" time="0"/>
  <testcase name="rng" classname="org.molgenis.data.support.QueryImplTest" time="0"/>
  <testcase name="setFetch" classname="org.molgenis.data.support.QueryImplTest" time="0"/>
  <testcase name="setException" classname="org.molgenis.data.support.DynamicEntityTest" time="0.001"/>
  <testcase name="setException" classname="org.molgenis.data.support.DynamicEntityTest" time="0.001"/>
  <testcase name="setException" classname="org.molgenis.data.support.DynamicEntityTest" time="0"/>
  <testcase name="setNoException" classname="org.molgenis.data.support.DynamicEntityTest" time="0"/>
  <testcase name="setNoException" classname="org.molgenis.data.support.DynamicEntityTest" time="0.001"/>
  <testcase name="testGetLocalizedMessage" classname="org.molgenis.data.UnknownRepositoryExceptionTest" time="0.001"/>
  <testcase name="testGetLocalizedMessage" classname="org.molgenis.data.UnknownRepositoryExceptionTest" time="0.001"/>
  <testcase name="getBatch" classname="org.molgenis.data.support.BatchingQueryResultTest" time="0.002"/>
  <testcase name="testGetLocalizedMessage" classname="org.molgenis.data.UnknownAttributeExceptionTest" time="0.001"/>
  <testcase name="testGetLocalizedMessage" classname="org.molgenis.data.UnknownAttributeExceptionTest" time="0.001"/>
  <testcase name="testEntityReference" classname="org.molgenis.data.support.EntityReferenceTest" time="0"/>
  <testcase name="testEntityReferenceInvalidIdTrue" classname="org.molgenis.data.support.EntityReferenceTest" time="0.001"/>
  <testcase name="testGet" classname="org.molgenis.data.support.EntityReferenceTest" time="0"/>
  <testcase name="testGetAttributeNames" classname="org.molgenis.data.support.EntityReferenceTest" time="0.001"/>
  <testcase name="testGetBoolean" classname="org.molgenis.data.support.EntityReferenceTest" time="0.001"/>
  <testcase name="testGetDouble" classname="org.molgenis.data.support.EntityReferenceTest" time="0"/>
  <testcase name="testGetEntities" classname="org.molgenis.data.support.EntityReferenceTest" time="0"/>
  <testcase name="testGetEntitiesClass" classname="org.molgenis.data.support.EntityReferenceTest" time="0"/>
  <testcase name="testGetEntity" classname="org.molgenis.data.support.EntityReferenceTest" time="0"/>
  <testcase name="testGetEntityClass" classname="org.molgenis.data.support.EntityReferenceTest" time="0"/>
  <testcase name="testGetEntityType" classname="org.molgenis.data.support.EntityReferenceTest" time="0"/>
  <testcase name="testGetIdAttribute" classname="org.molgenis.data.support.EntityReferenceTest" time="0"/>
  <testcase name="testGetIdValue" classname="org.molgenis.data.support.EntityReferenceTest" time="0"/>
  <testcase name="testGetInstant" classname="org.molgenis.data.support.EntityReferenceTest" time="0.001"/>
  <testcase name="testGetInt" classname="org.molgenis.data.support.EntityReferenceTest" time="0"/>
  <testcase name="testGetIntIdAttribute" classname="org.molgenis.data.support.EntityReferenceTest" time="0"/>
  <testcase name="testGetLabelValue" classname="org.molgenis.data.support.EntityReferenceTest" time="0"/>
  <testcase name="testGetLabelValueLabelAttributeIsIdAttribute" classname="org.molgenis.data.support.EntityReferenceTest" time="0"/>
  <testcase name="testGetLocalDate" classname="org.molgenis.data.support.EntityReferenceTest" time="0"/>
  <testcase name="testGetLong" classname="org.molgenis.data.support.EntityReferenceTest" time="0"/>
  <testcase name="testGetLongIdAttribute" classname="org.molgenis.data.support.EntityReferenceTest" time="0"/>
  <testcase name="testGetString" classname="org.molgenis.data.support.EntityReferenceTest" time="0"/>
  <testcase name="testGetStringIdAttribute" classname="org.molgenis.data.support.EntityReferenceTest" time="0"/>
  <testcase name="testSet" classname="org.molgenis.data.support.EntityReferenceTest" time="0"/>
  <testcase name="testSetEntity" classname="org.molgenis.data.support.EntityReferenceTest" time="0.001"/>
  <testcase name="testSetEntityIdAttribute" classname="org.molgenis.data.support.EntityReferenceTest" time="0.001"/>
  <testcase name="testSetIdAttribute" classname="org.molgenis.data.support.EntityReferenceTest" time="0"/>
  <testcase name="testSetIdValue" classname="org.molgenis.data.support.EntityReferenceTest" time="0.001"/>
  <testcase name="testSetIdValueIntegerWrongType" classname="org.molgenis.data.support.EntityReferenceTest" time="0"/>
  <testcase name="testSetIdValueLongWrongType" classname="org.molgenis.data.support.EntityReferenceTest" time="0"/>
  <testcase name="testSetIdValueStringWrongType" classname="org.molgenis.data.support.EntityReferenceTest" time="0"/>
  <testcase name="testStringEvaluatorConstructorChecksIfAttributeHasExpression" classname="org.molgenis.data.support.StringExpressionEvaluatorTest" time="0.001"/>
  <testcase name="testStringEvaluatorConstructorChecksIfAttributeMentionsExistingAttribute" classname="org.molgenis.data.support.StringExpressionEvaluatorTest" time="0"/>
  <testcase name="testStringEvaluatorConstructorChecksIfExpressionIsMap" classname="org.molgenis.data.support.StringExpressionEvaluatorTest" time="0.001"/>
  <testcase name="testStringEvaluatorLookupAttributeAndConvertFromIntToLong" classname="org.molgenis.data.support.StringExpressionEvaluatorTest" time="0.001"/>
  <testcase name="testStringEvaluatorLookupAttributeAndConvertFromIntToString" classname="org.molgenis.data.support.StringExpressionEvaluatorTest" time="0"/>
  <testcase name="testStringEvaluatorLookupAttributeAndConvertFromLongToInt" classname="org.molgenis.data.support.StringExpressionEvaluatorTest" time="0.001"/>
  <testcase name="testStringEvaluatorLookupAttributeAndConvertFromNonNumericStringToLongFails" classname="org.molgenis.data.support.StringExpressionEvaluatorTest" time="0"/>
  <testcase name="testStringEvaluatorLookupAttributeAndConvertFromStringToLong" classname="org.molgenis.data.support.StringExpressionEvaluatorTest" time="0.001"/>
  <testcase name="testCopyRepository" classname="org.molgenis.data.support.RepositoryCopierTest" time="0.061"/>
  <testcase name="testRepositoryCopier" classname="org.molgenis.data.support.RepositoryCopierTest" time="0"/>
  <testcase name="buildFullNameNoPackage" classname="org.molgenis.data.support.EntityTypeUtilsTest" time="0"/>
  <testcase name="buildFullNamePackage" classname="org.molgenis.data.support.EntityTypeUtilsTest" time="0.001"/>
  <testcase name="buildFullNamePackageDefault" classname="org.molgenis.data.support.EntityTypeUtilsTest" time="0"/>
  <testcase name="getAttributeNames" classname="org.molgenis.data.support.EntityTypeUtilsTest" time="0"/>
  <testcase name="isMultipleReferenceType" classname="org.molgenis.data.support.EntityTypeUtilsTest" time="0"/>
  <testcase name="isMultipleReferenceType" classname="org.molgenis.data.support.EntityTypeUtilsTest" time="0"/>
  <testcase name="isMultipleReferenceType" classname="org.molgenis.data.support.EntityTypeUtilsTest" time="0"/>
  <testcase name="isMultipleReferenceType" classname="org.molgenis.data.support.EntityTypeUtilsTest" time="0"/>
  <testcase name="isMultipleReferenceType" classname="org.molgenis.data.support.EntityTypeUtilsTest" time="0"/>
  <testcase name="isMultipleReferenceType" classname="org.molgenis.data.support.EntityTypeUtilsTest" time="0"/>
  <testcase name="isMultipleReferenceType" classname="org.molgenis.data.support.EntityTypeUtilsTest" time="0"/>
  <testcase name="isMultipleReferenceType" classname="org.molgenis.data.support.EntityTypeUtilsTest" time="0"/>
  <testcase name="isMultipleReferenceType" classname="org.molgenis.data.support.EntityTypeUtilsTest" time="0"/>
  <testcase name="isMultipleReferenceType" classname="org.molgenis.data.support.EntityTypeUtilsTest" time="0"/>
  <testcase name="isMultipleReferenceType" classname="org.molgenis.data.support.EntityTypeUtilsTest" time="0"/>
  <testcase name="isMultipleReferenceType" classname="org.molgenis.data.support.EntityTypeUtilsTest" time="0"/>
  <testcase name="isMultipleReferenceType" classname="org.molgenis.data.support.EntityTypeUtilsTest" time="0"/>
  <testcase name="isMultipleReferenceType" classname="org.molgenis.data.support.EntityTypeUtilsTest" time="0"/>
  <testcase name="isMultipleReferenceType" classname="org.molgenis.data.support.EntityTypeUtilsTest" time="0"/>
  <testcase name="isMultipleReferenceType" classname="org.molgenis.data.support.EntityTypeUtilsTest" time="0.001"/>
  <testcase name="isMultipleReferenceType" classname="org.molgenis.data.support.EntityTypeUtilsTest" time="0"/>
  <testcase name="isMultipleReferenceType" classname="org.molgenis.data.support.EntityTypeUtilsTest" time="0"/>
  <testcase name="isMultipleReferenceType" classname="org.molgenis.data.support.EntityTypeUtilsTest" time="0"/>
  <testcase name="isMultipleReferenceType" classname="org.molgenis.data.support.EntityTypeUtilsTest" time="0"/>
  <testcase name="isReferenceTypeAttr" classname="org.molgenis.data.support.EntityTypeUtilsTest" time="0"/>
  <testcase name="isReferenceTypeAttr" classname="org.molgenis.data.support.EntityTypeUtilsTest" time="0"/>
  <testcase name="isReferenceTypeAttr" classname="org.molgenis.data.support.EntityTypeUtilsTest" time="0"/>
  <testcase name="isReferenceTypeAttr" classname="org.molgenis.data.support.EntityTypeUtilsTest" time="0"/>
  <testcase name="isReferenceTypeAttr" classname="org.molgenis.data.support.EntityTypeUtilsTest" time="0"/>
  <testcase name="isReferenceTypeAttr" classname="org.molgenis.data.support.EntityTypeUtilsTest" time="0"/>
  <testcase name="isReferenceTypeAttr" classname="org.molgenis.data.support.EntityTypeUtilsTest" time="0"/>
  <testcase name="isReferenceTypeAttr" classname="org.molgenis.data.support.EntityTypeUtilsTest" time="0"/>
  <testcase name="isReferenceTypeAttr" classname="org.molgenis.data.support.EntityTypeUtilsTest" time="0.001"/>
  <testcase name="isReferenceTypeAttr" classname="org.molgenis.data.support.EntityTypeUtilsTest" time="0"/>
  <testcase name="isReferenceTypeAttr" classname="org.molgenis.data.support.EntityTypeUtilsTest" time="0"/>
  <testcase name="isReferenceTypeAttr" classname="org.molgenis.data.support.EntityTypeUtilsTest" time="0"/>
  <testcase name="isReferenceTypeAttr" classname="org.molgenis.data.support.EntityTypeUtilsTest" time="0"/>
  <testcase name="isReferenceTypeAttr" classname="org.molgenis.data.support.EntityTypeUtilsTest" time="0"/>
  <testcase name="isReferenceTypeAttr" classname="org.molgenis.data.support.EntityTypeUtilsTest" time="0"/>
  <testcase name="isReferenceTypeAttr" classname="org.molgenis.data.support.EntityTypeUtilsTest" time="0"/>
  <testcase name="isReferenceTypeAttr" classname="org.molgenis.data.support.EntityTypeUtilsTest" time="0.001"/>
  <testcase name="isReferenceTypeAttr" classname="org.molgenis.data.support.EntityTypeUtilsTest" time="0"/>
  <testcase name="isReferenceTypeAttr" classname="org.molgenis.data.support.EntityTypeUtilsTest" time="0"/>
  <testcase name="isReferenceTypeAttr" classname="org.molgenis.data.support.EntityTypeUtilsTest" time="0"/>
  <testcase name="isReferenceTypeAttrType" classname="org.molgenis.data.support.EntityTypeUtilsTest" time="0"/>
  <testcase name="isReferenceTypeAttrType" classname="org.molgenis.data.support.EntityTypeUtilsTest" time="0"/>
  <testcase name="isReferenceTypeAttrType" classname="org.molgenis.data.support.EntityTypeUtilsTest" time="0"/>
  <testcase name="isReferenceTypeAttrType" classname="org.molgenis.data.support.EntityTypeUtilsTest" time="0"/>
  <testcase name="isReferenceTypeAttrType" classname="org.molgenis.data.support.EntityTypeUtilsTest" time="0"/>
  <testcase name="isReferenceTypeAttrType" classname="org.molgenis.data.support.EntityTypeUtilsTest" time="0"/>
  <testcase name="isReferenceTypeAttrType" classname="org.molgenis.data.support.EntityTypeUtilsTest" time="0"/>
  <testcase name="isReferenceTypeAttrType" classname="org.molgenis.data.support.EntityTypeUtilsTest" time="0"/>
  <testcase name="isReferenceTypeAttrType" classname="org.molgenis.data.support.EntityTypeUtilsTest" time="0"/>
  <testcase name="isReferenceTypeAttrType" classname="org.molgenis.data.support.EntityTypeUtilsTest" time="0"/>
  <testcase name="isReferenceTypeAttrType" classname="org.molgenis.data.support.EntityTypeUtilsTest" time="0.001"/>
  <testcase name="isReferenceTypeAttrType" classname="org.molgenis.data.support.EntityTypeUtilsTest" time="0"/>
  <testcase name="isReferenceTypeAttrType" classname="org.molgenis.data.support.EntityTypeUtilsTest" time="0"/>
  <testcase name="isReferenceTypeAttrType" classname="org.molgenis.data.support.EntityTypeUtilsTest" time="0"/>
  <testcase name="isReferenceTypeAttrType" classname="org.molgenis.data.support.EntityTypeUtilsTest" time="0"/>
  <testcase name="isReferenceTypeAttrType" classname="org.molgenis.data.support.EntityTypeUtilsTest" time="0"/>
  <testcase name="isReferenceTypeAttrType" classname="org.molgenis.data.support.EntityTypeUtilsTest" time="0"/>
  <testcase name="isReferenceTypeAttrType" classname="org.molgenis.data.support.EntityTypeUtilsTest" time="0"/>
  <testcase name="isReferenceTypeAttrType" classname="org.molgenis.data.support.EntityTypeUtilsTest" time="0"/>
  <testcase name="isReferenceTypeAttrType" classname="org.molgenis.data.support.EntityTypeUtilsTest" time="0"/>
  <testcase name="isSystemEntityIfInSystemPackage" classname="org.molgenis.data.support.EntityTypeUtilsTest" time="0.001"/>
  <testcase name="isSystemEntityIfInSystemSubPackage" classname="org.molgenis.data.support.EntityTypeUtilsTest" time="0"/>
  <testcase name="isSystemEntityNotASystemEntityIfNotInPackage" classname="org.molgenis.data.support.EntityTypeUtilsTest" time="0"/>
  <testcase name="isSystemEntityNotASystemIfNotInSystemPackage" classname="org.molgenis.data.support.EntityTypeUtilsTest" time="0"/>
  <testcase name="LazyEntity" classname="org.molgenis.data.support.LazyEntityTest" time="0"/>
  <testcase name="get" classname="org.molgenis.data.support.LazyEntityTest" time="0.001"/>
  <testcase name="getAttributeNames" classname="org.molgenis.data.support.LazyEntityTest" time="0.002"/>
  <testcase name="getBoolean" classname="org.molgenis.data.support.LazyEntityTest" time="0"/>
  <testcase name="getDouble" classname="org.molgenis.data.support.LazyEntityTest" time="0"/>
  <testcase name="getEntitiesString" classname="org.molgenis.data.support.LazyEntityTest" time="0"/>
  <testcase name="getEntitiesStringClassE" classname="org.molgenis.data.support.LazyEntityTest" time="0.001"/>
  <testcase name="getEntityString" classname="org.molgenis.data.support.LazyEntityTest" time="0"/>
  <testcase name="getEntityStringClassE" classname="org.molgenis.data.support.LazyEntityTest" time="0"/>
  <testcase name="getEntityType" classname="org.molgenis.data.support.LazyEntityTest" time="0"/>
  <testcase name="getIdAttr" classname="org.molgenis.data.support.LazyEntityTest" time="0"/>
  <testcase name="getIdValue" classname="org.molgenis.data.support.LazyEntityTest" time="0"/>
  <testcase name="getInstant" classname="org.molgenis.data.support.LazyEntityTest" time="0"/>
  <testcase name="getInt" classname="org.molgenis.data.support.LazyEntityTest" time="0"/>
  <testcase name="getIntIdAttr" classname="org.molgenis.data.support.LazyEntityTest" time="0"/>
  <testcase name="getLabelValue" classname="org.molgenis.data.support.LazyEntityTest" time="0"/>
  <testcase name="getLabelValueLabelAttrIsIdAttr" classname="org.molgenis.data.support.LazyEntityTest" time="0"/>
  <testcase name="getLocalDate" classname="org.molgenis.data.support.LazyEntityTest" time="0.008"/>
  <testcase name="getLong" classname="org.molgenis.data.support.LazyEntityTest" time="0"/>
  <testcase name="getString" classname="org.molgenis.data.support.LazyEntityTest" time="0"/>
  <testcase name="getStringIdAttr" classname="org.molgenis.data.support.LazyEntityTest" time="0"/>
  <testcase name="setEntity" classname="org.molgenis.data.support.LazyEntityTest" time="0"/>
  <testcase name="setStringObject" classname="org.molgenis.data.support.LazyEntityTest" time="0"/>
  <testcase name="isLazy" classname="org.molgenis.data.support.DefaultEntityCollectionTest" time="0.002"/>
  <testcase name="persistSystemPackageChange" classname="org.molgenis.data.meta.system.SystemEntityTypePersisterTest" time="0.067"/>
  <testcase name="persistSystemPackageNoChange" classname="org.molgenis.data.meta.system.SystemEntityTypePersisterTest" time="0.002"/>
  <testcase name="removeNonExistingSystemEntities" classname="org.molgenis.data.meta.system.SystemEntityTypePersisterTest" time="0.002"/>
  <testcase name="delete" classname="org.molgenis.data.meta.AttributeRepositoryDecoratorTest" time="0.001"/>
  <testcase name="deleteCompoundAttribute" classname="org.molgenis.data.meta.AttributeRepositoryDecoratorTest" time="0"/>
  <testcase name="updateNonSystemAbstractEntity" classname="org.molgenis.data.meta.AttributeRepositoryDecoratorTest" time="0.001"/>
  <testcase name="resolveDependenciesAddedNotDependedEntity" classname="org.molgenis.data.meta.EntityTypeDependencyResolverTest" time="0.007"/>
  <testcase name="resolveDependenciesEmptyInput" classname="org.molgenis.data.meta.EntityTypeDependencyResolverTest" time="0"/>
  <testcase name="resolveDependenciesEntity" classname="org.molgenis.data.meta.EntityTypeDependencyResolverTest" time="0.005"/>
  <testcase name="resolveDependenciesEntityCircularExtends" classname="org.molgenis.data.meta.EntityTypeDependencyResolverTest" time="0.002"/>
  <testcase name="resolveDependenciesEntityCircularRefEntity" classname="org.molgenis.data.meta.EntityTypeDependencyResolverTest" time="0.004"/>
  <testcase name="resolveDependenciesEntityExtendedDependencies" classname="org.molgenis.data.meta.EntityTypeDependencyResolverTest" time="0.007"/>
  <testcase name="resolveDependenciesExtends3Level" classname="org.molgenis.data.meta.EntityTypeDependencyResolverTest" time="0.01"/>
  <testcase name="resolveDependenciesInInput" classname="org.molgenis.data.meta.EntityTypeDependencyResolverTest" time="0.002"/>
  <testcase name="resolveDependenciesOneItemInput" classname="org.molgenis.data.meta.EntityTypeDependencyResolverTest" time="0"/>
  <testcase name="resolveSomeDependenciesInInput" classname="org.molgenis.data.meta.EntityTypeDependencyResolverTest" time="0.002"/>
  <testcase name="setIdAttributeFalse" classname="org.molgenis.data.meta.model.AttributeTest" time="0"/>
  <testcase name="setIdAttributeTrue" classname="org.molgenis.data.meta.model.AttributeTest" time="0"/>
  <testcase name="setParentAttributeToAttribute" classname="org.molgenis.data.meta.model.AttributeTest" time="0"/>
  <testcase name="setParentAttributeToNull" classname="org.molgenis.data.meta.model.AttributeTest" time="0"/>
  <testcase name="setParentNullToAttribute" classname="org.molgenis.data.meta.model.AttributeTest" time="0"/>
  <testcase name="setParentNullToNull" classname="org.molgenis.data.meta.model.AttributeTest" time="0"/>
  <testcase name="testIdValidationExpression" classname="org.molgenis.data.meta.model.AttributeTest" time="0"/>
  <testcase name="testNewInstance" classname="org.molgenis.data.meta.model.AttributeTest" time="0.004"/>
  <testcase name="getRootPackageNoParent" classname="org.molgenis.data.meta.model.PackageTest" time="0.09"/>
  <testcase name="getRootPackageParent" classname="org.molgenis.data.meta.model.PackageTest" time="0.001"/>
  <testcase name="addAttributeWithDuplicateName" classname="org.molgenis.data.meta.model.EntityTypeTest" time="0.001"/>
  <testcase name="addSequenceNumberNull" classname="org.molgenis.data.meta.model.EntityTypeTest" time="0"/>
  <testcase name="addSequenceNumberNullAndOtherNull" classname="org.molgenis.data.meta.model.EntityTypeTest" time="0"/>
  <testcase name="newInstanceShallowCopy" classname="org.molgenis.data.meta.model.EntityTypeTest" time="0.042"/>
  <testcase name="setLabel" classname="org.molgenis.data.meta.model.EntityTypeTest" time="0.001"/>
  <testcase name="setLabelNull" classname="org.molgenis.data.meta.model.EntityTypeTest" time="0.001"/>
  <testcase name="testGenerateHashcode" classname="org.molgenis.data.meta.AbstractMetadataIdGeneratorTest" time="0.009"/>
  <testcase name="testPackageRepositoryDecorator" classname="org.molgenis.data.meta.PackageRepositoryDecoratorTest" time="0.001"/>
  <testcase name="isSystemPackageFalse" classname="org.molgenis.data.meta.MetaUtilsTest" time="0.001"/>
  <testcase name="isSystemPackageTrue" classname="org.molgenis.data.meta.MetaUtilsTest" time="0"/>
  <testcase name="isSystemPackageTrueNested" classname="org.molgenis.data.meta.MetaUtilsTest" time="0"/>
  <testcase name="testPackagePersister" classname="org.molgenis.data.meta.persist.PackagePersisterTest" time="0"/>
  <testcase name="testUpsertPackages" classname="org.molgenis.data.meta.persist.PackagePersisterTest" time="0.003"/>
  <testcase name="addAttribute" classname="org.molgenis.data.meta.MetaDataServiceImplTest" time="0.001"/>
  <testcase name="addEntityType" classname="org.molgenis.data.meta.MetaDataServiceImplTest" time="0"/>
  <testcase name="addEntityTypesMappedByAttrs" classname="org.molgenis.data.meta.MetaDataServiceImplTest" time="0.012"/>
  <testcase name="addEntityTypesNoMappedByAttrs" classname="org.molgenis.data.meta.MetaDataServiceImplTest" time="0"/>
  <testcase name="addPackage" classname="org.molgenis.data.meta.MetaDataServiceImplTest" time="0"/>
  <testcase name="createRepository" classname="org.molgenis.data.meta.MetaDataServiceImplTest" time="0"/>
  <testcase name="createRepositoryAbstractEntityType" classname="org.molgenis.data.meta.MetaDataServiceImplTest" time="0"/>
  <testcase name="createRepositoryTyped" classname="org.molgenis.data.meta.MetaDataServiceImplTest" time="0"/>
  <testcase name="createRepositoryTypedAbstractEntityType" classname="org.molgenis.data.meta.MetaDataServiceImplTest" time="0"/>
  <testcase name="deleteAttributeById" classname="org.molgenis.data.meta.MetaDataServiceImplTest" time="0"/>
  <testcase name="deleteEntityType" classname="org.molgenis.data.meta.MetaDataServiceImplTest" time="0"/>
  <testcase name="deleteEntityTypeCollection" classname="org.molgenis.data.meta.MetaDataServiceImplTest" time="0.001"/>
  <testcase name="deleteEntityTypeCollectionEmpty" classname="org.molgenis.data.meta.MetaDataServiceImplTest" time="0"/>
  <testcase name="getBackend" classname="org.molgenis.data.meta.MetaDataServiceImplTest" time="0"/>
  <testcase name="getBackendUnknown" classname="org.molgenis.data.meta.MetaDataServiceImplTest" time="0.002"/>
  <testcase name="getDefaultRepositoryCollection" classname="org.molgenis.data.meta.MetaDataServiceImplTest" time="0"/>
  <testcase name="getEntityType" classname="org.molgenis.data.meta.MetaDataServiceImplTest" time="0"/>
  <testcase name="getEntityTypeNull" classname="org.molgenis.data.meta.MetaDataServiceImplTest" time="0"/>
  <testcase name="getEntityTypeUnknownEntity" classname="org.molgenis.data.meta.MetaDataServiceImplTest" time="0"/>
  <testcase name="getPackageString" classname="org.molgenis.data.meta.MetaDataServiceImplTest" time="0"/>
  <testcase name="getPackageStringUnknownPackage" classname="org.molgenis.data.meta.MetaDataServiceImplTest" time="0"/>
  <testcase name="getPackages" classname="org.molgenis.data.meta.MetaDataServiceImplTest" time="0"/>
  <testcase name="getRepositories" classname="org.molgenis.data.meta.MetaDataServiceImplTest" time="0.002"/>
  <testcase name="getRepository" classname="org.molgenis.data.meta.MetaDataServiceImplTest" time="0.001"/>
  <testcase name="getRepositoryAbstractEntityType" classname="org.molgenis.data.meta.MetaDataServiceImplTest" time="0"/>
  <testcase name="getRepositoryEntityType" classname="org.molgenis.data.meta.MetaDataServiceImplTest" time="0"/>
  <testcase name="getRepositoryEntityTypeAbstract" classname="org.molgenis.data.meta.MetaDataServiceImplTest" time="0"/>
  <testcase name="getRepositoryTyped" classname="org.molgenis.data.meta.MetaDataServiceImplTest" time="0"/>
  <testcase name="getRepositoryTypedAbstractEntityType" classname="org.molgenis.data.meta.MetaDataServiceImplTest" time="0.001"/>
  <testcase name="getRepositoryTypedEntityType" classname="org.molgenis.data.meta.MetaDataServiceImplTest" time="0.001"/>
  <testcase name="getRepositoryTypedEntityTypeAbstract" classname="org.molgenis.data.meta.MetaDataServiceImplTest" time="0"/>
  <testcase name="getRepositoryTypedUnknownEntity" classname="org.molgenis.data.meta.MetaDataServiceImplTest" time="0"/>
  <testcase name="getRepositoryUnknownEntity" classname="org.molgenis.data.meta.MetaDataServiceImplTest" time="0.001"/>
  <testcase name="getRootPackages" classname="org.molgenis.data.meta.MetaDataServiceImplTest" time="0"/>
  <testcase name="getSystemEntityTypeBypassingRegistry" classname="org.molgenis.data.meta.MetaDataServiceImplTest" time="0.082"/>
  <testcase name="getSystemEntityTypeFromRegistry" classname="org.molgenis.data.meta.MetaDataServiceImplTest" time="0"/>
  <testcase name="hasBackendFalse" classname="org.molgenis.data.meta.MetaDataServiceImplTest" time="0"/>
  <testcase name="hasBackendTrue" classname="org.molgenis.data.meta.MetaDataServiceImplTest" time="0"/>
  <testcase name="hasEntityTypeNonSystemEntityType" classname="org.molgenis.data.meta.MetaDataServiceImplTest" time="0"/>
  <testcase name="hasEntityTypeSystemEntityType" classname="org.molgenis.data.meta.MetaDataServiceImplTest" time="0"/>
  <testcase name="hasEntityTypeUnknownEntityType" classname="org.molgenis.data.meta.MetaDataServiceImplTest" time="0"/>
  <testcase name="hasRepository" classname="org.molgenis.data.meta.MetaDataServiceImplTest" time="0"/>
  <testcase name="hasRepositoryAbstractEntityType" classname="org.molgenis.data.meta.MetaDataServiceImplTest" time="0"/>
  <testcase name="isMetaEntityType" classname="org.molgenis.data.meta.MetaDataServiceImplTest" time="0"/>
  <testcase name="isMetaEntityType" classname="org.molgenis.data.meta.MetaDataServiceImplTest" time="0"/>
  <testcase name="isMetaEntityType" classname="org.molgenis.data.meta.MetaDataServiceImplTest" time="0"/>
  <testcase name="isMetaEntityType" classname="org.molgenis.data.meta.MetaDataServiceImplTest" time="0"/>
  <testcase name="isMetaEntityType" classname="org.molgenis.data.meta.MetaDataServiceImplTest" time="0"/>
  <testcase name="testGetReferringAttributes" classname="org.molgenis.data.meta.MetaDataServiceImplTest" time="0.001"/>
  <testcase name="updateEntityType" classname="org.molgenis.data.meta.MetaDataServiceImplTest" time="0.003"/>
  <testcase name="updateEntityTypeCollection" classname="org.molgenis.data.meta.MetaDataServiceImplTest" time="0.006"/>
  <testcase name="updateEntityTypeCollectionEmpty" classname="org.molgenis.data.meta.MetaDataServiceImplTest" time="0"/>
  <testcase name="updateEntityTypeCollectionMappedByExisting" classname="org.molgenis.data.meta.MetaDataServiceImplTest" time="0.004"/>
  <testcase name="updateEntityTypeCollectionMappedByNew" classname="org.molgenis.data.meta.MetaDataServiceImplTest" time="0.004"/>
  <testcase name="updateEntityTypeEntityDoesNotExist" classname="org.molgenis.data.meta.MetaDataServiceImplTest" time="0"/>
  <testcase name="upsertEntityTypeCollectionEmpty" classname="org.molgenis.data.meta.MetaDataServiceImplTest" time="0"/>
  <testcase name="upsertPackages" classname="org.molgenis.data.meta.MetaDataServiceImplTest" time="0"/>
  <testcase name="addRemoveAttributeAbstractEntityType" classname="org.molgenis.data.meta.EntityTypeRepositoryDecoratorTest" time="0.004"/>
  <testcase name="addWithKnownBackend" classname="org.molgenis.data.meta.EntityTypeRepositoryDecoratorTest" time="0.001"/>
  <testcase name="addWithUnknownBackend" classname="org.molgenis.data.meta.EntityTypeRepositoryDecoratorTest" time="0"/>
  <testcase name="delete" classname="org.molgenis.data.meta.EntityTypeRepositoryDecoratorTest" time="0.004"/>
  <testcase name="deleteAbstract" classname="org.molgenis.data.meta.EntityTypeRepositoryDecoratorTest" time="0"/>
  <testcase name="deleteEntityTypesWithOneToMany" classname="org.molgenis.data.meta.EntityTypeRepositoryDecoratorTest" time="0.004"/>
  <testcase name="updateConcreteEntityType" classname="org.molgenis.data.meta.EntityTypeRepositoryDecoratorTest" time="0"/>
  <testcase name="testAssignRolesToAttributeParts" classname="org.molgenis.data.meta.SystemEntityTypeTest" time="0.008"/>
  <testcase name="testAssignRolesToAttributePartsNested" classname="org.molgenis.data.meta.SystemEntityTypeTest" time="0.002"/>
  <testcase name="EntityManagerImpl" classname="org.molgenis.data.EntityManagerImplTest" time="0"/>
  <testcase name="getReference" classname="org.molgenis.data.EntityManagerImplTest" time="0"/>
  <testcase name="getReferences" classname="org.molgenis.data.EntityManagerImplTest" time="0"/>
  <testcase name="resolveReferencesNoFetch" classname="org.molgenis.data.EntityManagerImplTest" time="0.001"/>
  <testcase name="resolveReferencesStreamNoFetch" classname="org.molgenis.data.EntityManagerImplTest" time="0.001"/>
  <testcase name="testParseInstant" classname="org.molgenis.data.util.MolgenisDateFormatTest" time="0"/>
  <testcase name="testParseInstant" classname="org.molgenis.data.util.MolgenisDateFormatTest" time="0.001"/>
  <testcase name="testParseInstant" classname="org.molgenis.data.util.MolgenisDateFormatTest" time="0"/>
  <testcase name="testParseInstant" classname="org.molgenis.data.util.MolgenisDateFormatTest" time="0.001"/>
  <testcase name="testParseInstant" classname="org.molgenis.data.util.MolgenisDateFormatTest" time="0.012"/>
  <testcase name="testParseInstant" classname="org.molgenis.data.util.MolgenisDateFormatTest" time="0"/>
  <testcase name="testParseLocalDate" classname="org.molgenis.data.util.MolgenisDateFormatTest" time="0.001"/>
  <testcase name="testParseLocalDate" classname="org.molgenis.data.util.MolgenisDateFormatTest" time="0"/>
  <testcase name="testParseLocalDate" classname="org.molgenis.data.util.MolgenisDateFormatTest" time="0"/>
  <testcase name="testParseLocalDate" classname="org.molgenis.data.util.MolgenisDateFormatTest" time="0.003"/>
  <testcase name="testParseLocalDate" classname="org.molgenis.data.util.MolgenisDateFormatTest" time="0"/>
  <testcase name="testParseLocalDate" classname="org.molgenis.data.util.MolgenisDateFormatTest" time="0.002"/>
  <testcase name="iterator" classname="org.molgenis.data.util.BatchingIterableTest" time="0.001"/>
  <testcase name="iterator" classname="org.molgenis.data.util.BatchingIterableTest" time="0"/>
  <testcase name="iterator" classname="org.molgenis.data.util.BatchingIterableTest" time="0.001"/>
  <testcase name="iterator" classname="org.molgenis.data.util.BatchingIterableTest" time="0"/>
  <testcase name="iterator" classname="org.molgenis.data.util.BatchingIterableTest" time="0"/>
  <testcase name="iterator" classname="org.molgenis.data.util.BatchingIterableTest" time="0"/>
  <testcase name="iterator" classname="org.molgenis.data.util.BatchingIterableTest" time="0"/>
  <testcase name="iterator" classname="org.molgenis.data.util.BatchingIterableTest" time="0"/>
  <testcase name="iterator" classname="org.molgenis.data.util.BatchingIterableTest" time="0"/>
  <testcase name="iterator" classname="org.molgenis.data.util.BatchingIterableTest" time="0"/>
  <testcase name="iterator" classname="org.molgenis.data.util.BatchingIterableTest" time="0.001"/>
  <testcase name="iterator" classname="org.molgenis.data.util.BatchingIterableTest" time="0"/>
  <testcase name="iterator" classname="org.molgenis.data.util.BatchingIterableTest" time="0"/>
  <testcase name="iterator" classname="org.molgenis.data.util.BatchingIterableTest" time="0"/>
  <testcase name="iterator" classname="org.molgenis.data.util.BatchingIterableTest" time="0"/>
  <testcase name="iterator" classname="org.molgenis.data.util.BatchingIterableTest" time="0"/>
  <testcase name="iterator" classname="org.molgenis.data.util.BatchingIterableTest" time="0.001"/>
  <testcase name="iterator" classname="org.molgenis.data.util.BatchingIterableTest" time="0"/>
  <testcase name="iterator" classname="org.molgenis.data.util.BatchingIterableTest" time="0"/>
  <testcase name="iterator" classname="org.molgenis.data.util.BatchingIterableTest" time="0"/>
  <testcase name="iterator" classname="org.molgenis.data.util.BatchingIterableTest" time="0"/>
  <testcase name="iterator" classname="org.molgenis.data.util.BatchingIterableTest" time="0"/>
  <testcase name="iterator" classname="org.molgenis.data.util.BatchingIterableTest" time="0"/>
  <testcase name="iterator" classname="org.molgenis.data.util.BatchingIterableTest" time="0"/>
  <testcase name="iterator" classname="org.molgenis.data.util.BatchingIterableTest" time="0"/>
  <testcase name="iterator" classname="org.molgenis.data.util.BatchingIterableTest" time="0"/>
  <testcase name="iterator" classname="org.molgenis.data.util.BatchingIterableTest" time="0"/>
  <testcase name="iterator" classname="org.molgenis.data.util.BatchingIterableTest" time="0"/>
  <testcase name="iterator" classname="org.molgenis.data.util.BatchingIterableTest" time="0"/>
  <testcase name="iterator" classname="org.molgenis.data.util.BatchingIterableTest" time="0"/>
  <testcase name="iterator" classname="org.molgenis.data.util.BatchingIterableTest" time="0"/>
  <testcase name="iterator" classname="org.molgenis.data.util.BatchingIterableTest" time="0"/>
  <testcase name="iterator" classname="org.molgenis.data.util.BatchingIterableTest" time="0"/>
  <testcase name="iterator" classname="org.molgenis.data.util.BatchingIterableTest" time="0"/>
  <testcase name="iterator" classname="org.molgenis.data.util.BatchingIterableTest" time="0"/>
  <testcase name="iterator" classname="org.molgenis.data.util.BatchingIterableTest" time="0"/>
  <testcase name="iterator" classname="org.molgenis.data.util.BatchingIterableTest" time="0"/>
  <testcase name="iterator" classname="org.molgenis.data.util.BatchingIterableTest" time="0"/>
  <testcase name="iterator" classname="org.molgenis.data.util.BatchingIterableTest" time="0"/>
  <testcase name="iterator" classname="org.molgenis.data.util.BatchingIterableTest" time="0"/>
  <testcase name="iterator" classname="org.molgenis.data.util.BatchingIterableTest" time="0"/>
  <testcase name="iterator" classname="org.molgenis.data.util.BatchingIterableTest" time="0"/>
  <testcase name="iterator" classname="org.molgenis.data.util.BatchingIterableTest" time="0"/>
  <testcase name="iterator" classname="org.molgenis.data.util.BatchingIterableTest" time="0"/>
  <testcase name="iterator" classname="org.molgenis.data.util.BatchingIterableTest" time="0"/>
  <testcase name="iterator" classname="org.molgenis.data.util.BatchingIterableTest" time="0"/>
  <testcase name="iterator" classname="org.molgenis.data.util.BatchingIterableTest" time="0"/>
  <testcase name="iterator" classname="org.molgenis.data.util.BatchingIterableTest" time="0"/>
  <testcase name="iterator" classname="org.molgenis.data.util.BatchingIterableTest" time="0"/>
  <testcase name="iterator" classname="org.molgenis.data.util.BatchingIterableTest" time="0"/>
  <testcase name="iterator" classname="org.molgenis.data.util.BatchingIterableTest" time="0"/>
  <testcase name="iterator" classname="org.molgenis.data.util.BatchingIterableTest" time="0"/>
  <testcase name="iterator" classname="org.molgenis.data.util.BatchingIterableTest" time="0"/>
  <testcase name="iterator" classname="org.molgenis.data.util.BatchingIterableTest" time="0"/>
  <testcase name="iterator" classname="org.molgenis.data.util.BatchingIterableTest" time="0"/>
  <testcase name="iterator" classname="org.molgenis.data.util.BatchingIterableTest" time="0"/>
  <testcase name="iteratorNoResults" classname="org.molgenis.data.util.BatchingIterableTest" time="0.001"/>
  <testcase name="testCyclicDependencies" classname="org.molgenis.data.util.GenericDependencyResolverTest" time="0.002"/>
  <testcase name="testGetAllDependants" classname="org.molgenis.data.util.GenericDependencyResolverTest" time="0.005"/>
  <testcase name="testGetAllDependantsCircular" classname="org.molgenis.data.util.GenericDependencyResolverTest" time="0"/>
  <testcase name="testGetAllDependantsCircularZeroDepth" classname="org.molgenis.data.util.GenericDependencyResolverTest" time="0"/>
  <testcase name="testResolveTransientDependency" classname="org.molgenis.data.util.GenericDependencyResolverTest" time="0.001"/>
  <testcase name="attributeEqualsNoIdentifierCheck" classname="org.molgenis.data.util.EntityUtilsTest" time="0.001"/>
  <testcase name="doesExtend" classname="org.molgenis.data.util.EntityUtilsTest" time="0"/>
  <testcase name="getTypedValueStringAttributeEntityManagerOneToMany" classname="org.molgenis.data.util.EntityUtilsTest" time="0.002"/>
  <testcase name="getTypedValueStringAttributeEntityManagerXref" classname="org.molgenis.data.util.EntityUtilsTest" time="0"/>
  <testcase name="isEmptyAttributeValuesNotNull" classname="org.molgenis.data.util.EntityUtilsTest" time="0.004"/>
  <testcase name="isEmptyAttributeValuesNull" classname="org.molgenis.data.util.EntityUtilsTest" time="0"/>
  <testcase name="isEmptyNoAttributes" classname="org.molgenis.data.util.EntityUtilsTest" time="0"/>
  <testcase name="isNullValue" classname="org.molgenis.data.util.EntityUtilsTest" time="0"/>
  <testcase name="isNullValue" classname="org.molgenis.data.util.EntityUtilsTest" time="0"/>
  <testcase name="isNullValue" classname="org.molgenis.data.util.EntityUtilsTest" time="0"/>
  <testcase name="isNullValue" classname="org.molgenis.data.util.EntityUtilsTest" time="0"/>
  <testcase name="isNullValue" classname="org.molgenis.data.util.EntityUtilsTest" time="0"/>
  <testcase name="isNullValue" classname="org.molgenis.data.util.EntityUtilsTest" time="0"/>
  <testcase name="isNullValue" classname="org.molgenis.data.util.EntityUtilsTest" time="0"/>
  <testcase name="isNullValue" classname="org.molgenis.data.util.EntityUtilsTest" time="0"/>
  <testcase name="isNullValue" classname="org.molgenis.data.util.EntityUtilsTest" time="0.001"/>
  <testcase name="isNullValue" classname="org.molgenis.data.util.EntityUtilsTest" time="0"/>
  <testcase name="isNullValue" classname="org.molgenis.data.util.EntityUtilsTest" time="0"/>
  <testcase name="isNullValue" classname="org.molgenis.data.util.EntityUtilsTest" time="0"/>
  <testcase name="isNullValue" classname="org.molgenis.data.util.EntityUtilsTest" time="0"/>
  <testcase name="isNullValue" classname="org.molgenis.data.util.EntityUtilsTest" time="0"/>
  <testcase name="isNullValue" classname="org.molgenis.data.util.EntityUtilsTest" time="0"/>
  <testcase name="isNullValue" classname="org.molgenis.data.util.EntityUtilsTest" time="0.001"/>
  <testcase name="isNullValue" classname="org.molgenis.data.util.EntityUtilsTest" time="0"/>
  <testcase name="isNullValue" classname="org.molgenis.data.util.EntityUtilsTest" time="0"/>
  <testcase name="isNullValue" classname="org.molgenis.data.util.EntityUtilsTest" time="0"/>
  <testcase name="isNullValue" classname="org.molgenis.data.util.EntityUtilsTest" time="0"/>
  <testcase name="isNullValue" classname="org.molgenis.data.util.EntityUtilsTest" time="0"/>
  <testcase name="isNullValue" classname="org.molgenis.data.util.EntityUtilsTest" time="0"/>
  <testcase name="isNullValue" classname="org.molgenis.data.util.EntityUtilsTest" time="0"/>
  <testcase name="isNullValue" classname="org.molgenis.data.util.EntityUtilsTest" time="0"/>
  <testcase name="isNullValue" classname="org.molgenis.data.util.EntityUtilsTest" time="0.001"/>
  <testcase name="isNullValue" classname="org.molgenis.data.util.EntityUtilsTest" time="0"/>
  <testcase name="isNullValue" classname="org.molgenis.data.util.EntityUtilsTest" time="0"/>
  <testcase name="isNullValue" classname="org.molgenis.data.util.EntityUtilsTest" time="0"/>
  <testcase name="isNullValue" classname="org.molgenis.data.util.EntityUtilsTest" time="0"/>
  <testcase name="isNullValue" classname="org.molgenis.data.util.EntityUtilsTest" time="0"/>
  <testcase name="isNullValue" classname="org.molgenis.data.util.EntityUtilsTest" time="0"/>
  <testcase name="isNullValue" classname="org.molgenis.data.util.EntityUtilsTest" time="0.001"/>
  <testcase name="isNullValue" classname="org.molgenis.data.util.EntityUtilsTest" time="0"/>
  <testcase name="isNullValue" classname="org.molgenis.data.util.EntityUtilsTest" time="0"/>
  <testcase name="isNullValue" classname="org.molgenis.data.util.EntityUtilsTest" time="0"/>
  <testcase name="isNullValue" classname="org.molgenis.data.util.EntityUtilsTest" time="0"/>
  <testcase name="isNullValue" classname="org.molgenis.data.util.EntityUtilsTest" time="0"/>
  <testcase name="isNullValue" classname="org.molgenis.data.util.EntityUtilsTest" time="0"/>
  <testcase name="isNullValueCompoundAttribute" classname="org.molgenis.data.util.EntityUtilsTest" time="0"/>
  <testcase name="testEqualsAttribute" classname="org.molgenis.data.util.EntityUtilsTest" time="0.001"/>
  <testcase name="testEqualsAttribute" classname="org.molgenis.data.util.EntityUtilsTest" time="0"/>
  <testcase name="testEqualsAttribute" classname="org.molgenis.data.util.EntityUtilsTest" time="0"/>
  <testcase name="testEqualsAttribute" classname="org.molgenis.data.util.EntityUtilsTest" time="0"/>
  <testcase name="testEqualsAttribute" classname="org.molgenis.data.util.EntityUtilsTest" time="0.001"/>
  <testcase name="testEqualsAttribute" classname="org.molgenis.data.util.EntityUtilsTest" time="0"/>
  <testcase name="testEqualsAttribute" classname="org.molgenis.data.util.EntityUtilsTest" time="0.001"/>
  <testcase name="testEqualsAttribute" classname="org.molgenis.data.util.EntityUtilsTest" time="0"/>
  <testcase name="testEqualsAttribute" classname="org.molgenis.data.util.EntityUtilsTest" time="0"/>
  <testcase name="testEqualsAttribute" classname="org.molgenis.data.util.EntityUtilsTest" time="0"/>
  <testcase name="testEqualsAttribute" classname="org.molgenis.data.util.EntityUtilsTest" time="0.001"/>
  <testcase name="testEqualsAttribute" classname="org.molgenis.data.util.EntityUtilsTest" time="0"/>
  <testcase name="testEqualsAttribute" classname="org.molgenis.data.util.EntityUtilsTest" time="0"/>
  <testcase name="testEqualsAttribute" classname="org.molgenis.data.util.EntityUtilsTest" time="0"/>
  <testcase name="testEqualsAttribute" classname="org.molgenis.data.util.EntityUtilsTest" time="0.001"/>
  <testcase name="testEqualsAttribute" classname="org.molgenis.data.util.EntityUtilsTest" time="0"/>
  <testcase name="testEqualsAttribute" classname="org.molgenis.data.util.EntityUtilsTest" time="0.001"/>
  <testcase name="testEqualsAttribute" classname="org.molgenis.data.util.EntityUtilsTest" time="0"/>
  <testcase name="testEqualsAttribute" classname="org.molgenis.data.util.EntityUtilsTest" time="0"/>
  <testcase name="testEqualsAttribute" classname="org.molgenis.data.util.EntityUtilsTest" time="0.001"/>
  <testcase name="testEqualsAttribute" classname="org.molgenis.data.util.EntityUtilsTest" time="0"/>
  <testcase name="testEqualsAttribute" classname="org.molgenis.data.util.EntityUtilsTest" time="0"/>
  <testcase name="testEqualsAttribute" classname="org.molgenis.data.util.EntityUtilsTest" time="0.001"/>
  <testcase name="testEqualsAttribute" classname="org.molgenis.data.util.EntityUtilsTest" time="0"/>
  <testcase name="testEqualsAttribute" classname="org.molgenis.data.util.EntityUtilsTest" time="0.001"/>
  <testcase name="testEqualsAttribute" classname="org.molgenis.data.util.EntityUtilsTest" time="0"/>
  <testcase name="testEqualsAttribute" classname="org.molgenis.data.util.EntityUtilsTest" time="0"/>
  <testcase name="testEqualsAttribute" classname="org.molgenis.data.util.EntityUtilsTest" time="0.001"/>
  <testcase name="testEqualsAttribute" classname="org.molgenis.data.util.EntityUtilsTest" time="0"/>
  <testcase name="testEqualsAttribute" classname="org.molgenis.data.util.EntityUtilsTest" time="0"/>
  <testcase name="testEqualsAttribute" classname="org.molgenis.data.util.EntityUtilsTest" time="0.001"/>
  <testcase name="testEqualsAttribute" classname="org.molgenis.data.util.EntityUtilsTest" time="0"/>
  <testcase name="testEqualsAttribute" classname="org.molgenis.data.util.EntityUtilsTest" time="0"/>
  <testcase name="testEqualsAttribute" classname="org.molgenis.data.util.EntityUtilsTest" time="0"/>
  <testcase name="testEqualsAttribute" classname="org.molgenis.data.util.EntityUtilsTest" time="0.001"/>
  <testcase name="testEqualsAttribute" classname="org.molgenis.data.util.EntityUtilsTest" time="0"/>
  <testcase name="testEqualsAttribute" classname="org.molgenis.data.util.EntityUtilsTest" time="0.001"/>
  <testcase name="testEqualsAttribute" classname="org.molgenis.data.util.EntityUtilsTest" time="0"/>
  <testcase name="testEqualsAttribute" classname="org.molgenis.data.util.EntityUtilsTest" time="0.001"/>
  <testcase name="testEqualsAttribute" classname="org.molgenis.data.util.EntityUtilsTest" time="0.001"/>
  <testcase name="testEqualsAttribute" classname="org.molgenis.data.util.EntityUtilsTest" time="0"/>
  <testcase name="testEqualsAttribute" classname="org.molgenis.data.util.EntityUtilsTest" time="0"/>
  <testcase name="testEqualsAttributeNoIdentifierCheck" classname="org.molgenis.data.util.EntityUtilsTest" time="0.001"/>
  <testcase name="testEqualsAttributeNoIdentifierCheck" classname="org.molgenis.data.util.EntityUtilsTest" time="0.001"/>
  <testcase name="testEqualsAttributeNoIdentifierCheck" classname="org.molgenis.data.util.EntityUtilsTest" time="0"/>
  <testcase name="testEqualsAttributeNoIdentifierCheck" classname="org.molgenis.data.util.EntityUtilsTest" time="0"/>
  <testcase name="testEqualsEntityType" classname="org.molgenis.data.util.EntityUtilsTest" time="0"/>
  <testcase name="testEqualsEntityType" classname="org.molgenis.data.util.EntityUtilsTest" time="0"/>
  <testcase name="testEqualsEntityType" classname="org.molgenis.data.util.EntityUtilsTest" time="0"/>
  <testcase name="testEqualsEntityType" classname="org.molgenis.data.util.EntityUtilsTest" time="0"/>
  <testcase name="testEqualsEntityType" classname="org.molgenis.data.util.EntityUtilsTest" time="0"/>
  <testcase name="testEqualsEntityType" classname="org.molgenis.data.util.EntityUtilsTest" time="0.001"/>
  <testcase name="testEqualsEntityType" classname="org.molgenis.data.util.EntityUtilsTest" time="0"/>
  <testcase name="testEqualsEntityType" classname="org.molgenis.data.util.EntityUtilsTest" time="0"/>
  <testcase name="testEqualsEntityType" classname="org.molgenis.data.util.EntityUtilsTest" time="0"/>
  <testcase name="testEqualsEntityType" classname="org.molgenis.data.util.EntityUtilsTest" time="0"/>
  <testcase name="testEqualsEntityType" classname="org.molgenis.data.util.EntityUtilsTest" time="0"/>
  <testcase name="getNextStart" classname="org.molgenis.data.util.EntityPagerTest" time="0.001"/>
  <testcase name="getNextStart_borderLeft" classname="org.molgenis.data.util.EntityPagerTest" time="0"/>
  <testcase name="getNextStart_borderRight" classname="org.molgenis.data.util.EntityPagerTest" time="0"/>
  <testcase name="getNextStart_limit" classname="org.molgenis.data.util.EntityPagerTest" time="0"/>
  <testcase name="getPrevStart" classname="org.molgenis.data.util.EntityPagerTest" time="0"/>
  <testcase name="getPrevStart_borderLeft" classname="org.molgenis.data.util.EntityPagerTest" time="0"/>
  <testcase name="getPrevStart_offset" classname="org.molgenis.data.util.EntityPagerTest" time="0"/>
  <testcase name="testPopulate" classname="org.molgenis.data.populate.DefaultValuePopulatorTest" time="0.001"/>
  <testcase name="testPopulate" classname="org.molgenis.data.populate.DefaultValuePopulatorTest" time="0"/>
  <testcase name="testPopulate" classname="org.molgenis.data.populate.DefaultValuePopulatorTest" time="0.001"/>
  <testcase name="testPopulate" classname="org.molgenis.data.populate.DefaultValuePopulatorTest" time="0.001"/>
  <testcase name="testPopulate" classname="org.molgenis.data.populate.DefaultValuePopulatorTest" time="0.001"/>
  <testcase name="testPopulate" classname="org.molgenis.data.populate.DefaultValuePopulatorTest" time="0"/>
  <testcase name="testPopulate" classname="org.molgenis.data.populate.DefaultValuePopulatorTest" time="0"/>
  <testcase name="testPopulate" classname="org.molgenis.data.populate.DefaultValuePopulatorTest" time="0"/>
  <testcase name="testPopulate" classname="org.molgenis.data.populate.DefaultValuePopulatorTest" time="0"/>
  <testcase name="testPopulate" classname="org.molgenis.data.populate.DefaultValuePopulatorTest" time="0"/>
  <testcase name="testPopulate" classname="org.molgenis.data.populate.DefaultValuePopulatorTest" time="0"/>
  <testcase name="testPopulate" classname="org.molgenis.data.populate.DefaultValuePopulatorTest" time="0"/>
  <testcase name="testPopulate" classname="org.molgenis.data.populate.DefaultValuePopulatorTest" time="0.001"/>
  <testcase name="testPopulate" classname="org.molgenis.data.populate.DefaultValuePopulatorTest" time="0"/>
  <testcase name="testPopulate" classname="org.molgenis.data.populate.DefaultValuePopulatorTest" time="0"/>
  <testcase name="testPopulate" classname="org.molgenis.data.populate.DefaultValuePopulatorTest" time="0.001"/>
  <testcase name="testPopulate" classname="org.molgenis.data.populate.DefaultValuePopulatorTest" time="0"/>
  <testcase name="testPopulate" classname="org.molgenis.data.populate.DefaultValuePopulatorTest" time="0"/>
  <testcase name="testPopulate" classname="org.molgenis.data.populate.DefaultValuePopulatorTest" time="0"/>
  <testcase name="testPopulate" classname="org.molgenis.data.populate.DefaultValuePopulatorTest" time="0.001"/>
  <testcase name="populateAutoValues" classname="org.molgenis.data.populate.AutoValuePopulatorTest" time="0"/>
  <testcase name="testGenerateIds" classname="org.molgenis.data.populate.IdGeneratorImplTest" time="1.092"/>
  <testcase name="testGenerateIds" classname="org.molgenis.data.populate.IdGeneratorImplTest" time="0.004"/>
  <testcase name="testGenerateIds" classname="org.molgenis.data.populate.IdGeneratorImplTest" time="0.008"/>
  <testcase name="testGenerateIds" classname="org.molgenis.data.populate.IdGeneratorImplTest" time="0.005"/>
  <testcase name="testGenerateIds" classname="org.molgenis.data.populate.IdGeneratorImplTest" time="0.002"/>
</testsuite>