<?xml version="1.0" encoding="UTF-8"?>
<testsuite xmlns:xsi="http://www.w3.org/2001/XMLSchema-instance" xsi:noNamespaceSchemaLocation="https://maven.apache.org/surefire/maven-surefire-plugin/xsd/surefire-test-report.xsd" name="TestSuite" time="7.257" tests="730" errors="0" skipped="0" failures="0">
  <properties>
    <property name="awt.toolkit" value="sun.awt.X11.XToolkit"/>
    <property name="file.encoding.pkg" value="sun.io"/>
    <property name="java.specification.version" value="1.8"/>
    <property name="sun.cpu.isalist" value=""/>
    <property name="sun.jnu.encoding" value="UTF-8"/>
    <property name="java.class.path" value="/root/workspace/molgenis/molgenis/386600939/molgenis-data/target/test-classes:/root/workspace/molgenis/molgenis/386600939/molgenis-data/target/classes:/root/workspace/molgenis/molgenis/386600939/molgenis-util/target/classes:/root/./workspace/molgenis/molgenis/386600939/.m2/org/springframework/spring-context-support/5.0.6.RELEASE/spring-context-support-5.0.6.RELEASE.jar:/root/./workspace/molgenis/molgenis/386600939/.m2/com/sun/mail/javax.mail/1.6.1/javax.mail-1.6.1.jar:/root/./workspace/molgenis/molgenis/386600939/.m2/javax/activation/activation/1.1.1/activation-1.1.1.jar:/root/./workspace/molgenis/molgenis/386600939/.m2/org/mapdb/mapdb/1.0.6/mapdb-1.0.6.jar:/root/workspace/molgenis/molgenis/386600939/molgenis-i18n/target/classes:/root/./workspace/molgenis/molgenis/386600939/.m2/org/springframework/spring-tx/5.0.6.RELEASE/spring-tx-5.0.6.RELEASE.jar:/root/./workspace/molgenis/molgenis/386600939/.m2/org/springframework/spring-beans/5.0.6.RELEASE/spring-beans-5.0.6.RELEASE.jar:/root/./workspace/molgenis/molgenis/386600939/.m2/org/springframework/spring-core/5.0.6.RELEASE/spring-core-5.0.6.RELEASE.jar:/root/./workspace/molgenis/molgenis/386600939/.m2/org/springframework/spring-jcl/5.0.6.RELEASE/spring-jcl-5.0.6.RELEASE.jar:/root/./workspace/molgenis/molgenis/386600939/.m2/com/google/code/findbugs/findbugs-annotations/3.0.1/findbugs-annotations-3.0.1.jar:/root/./workspace/molgenis/molgenis/386600939/.m2/com/google/auto/value/auto-value/1.4.1/auto-value-1.4.1.jar:/root/./workspace/molgenis/molgenis/386600939/.m2/com/google/code/findbugs/jsr305/3.0.2/jsr305-3.0.2.jar:/root/./workspace/molgenis/molgenis/386600939/.m2/org/apache/commons/commons-lang3/3.7/commons-lang3-3.7.jar:/root/./workspace/molgenis/molgenis/386600939/.m2/com/google/code/gson/gson/2.8.4/gson-2.8.4.jar:/root/./workspace/molgenis/molgenis/386600939/.m2/com/eaio/uuid/uuid/3.2/uuid-3.2.jar:/root/workspace/molgenis/molgenis/386600939/molgenis-i18n/target/test-classes:/root/workspace/molgenis/molgenis/386600939/molgenis-test/target/classes:/root/./workspace/molgenis/molgenis/386600939/.m2/org/testng/testng/6.8/testng-6.8.jar:/root/./workspace/molgenis/molgenis/386600939/.m2/junit/junit/4.12/junit-4.12.jar:/root/./workspace/molgenis/molgenis/386600939/.m2/org/hamcrest/hamcrest-core/1.3/hamcrest-core-1.3.jar:/root/./workspace/molgenis/molgenis/386600939/.m2/org/beanshell/bsh/2.0b5/bsh-2.0b5.jar:/root/./workspace/molgenis/molgenis/386600939/.m2/com/beust/jcommander/1.27/jcommander-1.27.jar:/root/./workspace/molgenis/molgenis/386600939/.m2/org/yaml/snakeyaml/1.19/snakeyaml-1.19.jar:/root/./workspace/molgenis/molgenis/386600939/.m2/org/mockito/mockito-core/2.7.22/mockito-core-2.7.22.jar:/root/./workspace/molgenis/molgenis/386600939/.m2/net/bytebuddy/byte-buddy/1.7.11/byte-buddy-1.7.11.jar:/root/./workspace/molgenis/molgenis/386600939/.m2/net/bytebuddy/byte-buddy-agent/1.7.11/byte-buddy-agent-1.7.11.jar:/root/./workspace/molgenis/molgenis/386600939/.m2/org/objenesis/objenesis/2.6/objenesis-2.6.jar:/root/./workspace/molgenis/molgenis/386600939/.m2/org/hamcrest/hamcrest-all/1.3/hamcrest-all-1.3.jar:/root/./workspace/molgenis/molgenis/386600939/.m2/javax/servlet/javax.servlet-api/3.1.0/javax.servlet-api-3.1.0.jar:/root/./workspace/molgenis/molgenis/386600939/.m2/org/springframework/spring-test/5.0.6.RELEASE/spring-test-5.0.6.RELEASE.jar:/root/./workspace/molgenis/molgenis/386600939/.m2/com/fasterxml/jackson/core/jackson-databind/2.9.5/jackson-databind-2.9.5.jar:/root/./workspace/molgenis/molgenis/386600939/.m2/com/fasterxml/jackson/core/jackson-annotations/2.9.0/jackson-annotations-2.9.0.jar:/root/./workspace/molgenis/molgenis/386600939/.m2/com/fasterxml/jackson/core/jackson-core/2.9.5/jackson-core-2.9.5.jar:/root/./workspace/molgenis/molgenis/386600939/.m2/org/springframework/spring-context/5.0.6.RELEASE/spring-context-5.0.6.RELEASE.jar:/root/./workspace/molgenis/molgenis/386600939/.m2/org/springframework/spring-aop/5.0.6.RELEASE/spring-aop-5.0.6.RELEASE.jar:/root/./workspace/molgenis/molgenis/386600939/.m2/org/springframework/spring-expression/5.0.6.RELEASE/spring-expression-5.0.6.RELEASE.jar:/root/./workspace/molgenis/molgenis/386600939/.m2/org/springframework/security/spring-security-test/5.0.5.RELEASE/spring-security-test-5.0.5.RELEASE.jar:/root/./workspace/molgenis/molgenis/386600939/.m2/org/springframework/security/spring-security-core/5.0.5.RELEASE/spring-security-core-5.0.5.RELEASE.jar:/root/./workspace/molgenis/molgenis/386600939/.m2/org/springframework/security/spring-security-web/5.0.5.RELEASE/spring-security-web-5.0.5.RELEASE.jar:/root/./workspace/molgenis/molgenis/386600939/.m2/org/springframework/spring-web/5.0.6.RELEASE/spring-web-5.0.6.RELEASE.jar:/root/./workspace/molgenis/molgenis/386600939/.m2/com/mchange/c3p0/0.9.5.2/c3p0-0.9.5.2.jar:/root/./workspace/molgenis/molgenis/386600939/.m2/com/mchange/mchange-commons-java/0.2.11/mchange-commons-java-0.2.11.jar:/root/./workspace/molgenis/molgenis/386600939/.m2/org/springframework/boot/spring-boot-starter-logging/2.0.2.RELEASE/spring-boot-starter-logging-2.0.2.RELEASE.jar:/root/./workspace/molgenis/molgenis/386600939/.m2/ch/qos/logback/logback-classic/1.2.3/logback-classic-1.2.3.jar:/root/./workspace/molgenis/molgenis/386600939/.m2/ch/qos/logback/logback-core/1.2.3/logback-core-1.2.3.jar:/root/./workspace/molgenis/molgenis/386600939/.m2/org/apache/logging/log4j/log4j-to-slf4j/2.10.0/log4j-to-slf4j-2.10.0.jar:/root/./workspace/molgenis/molgenis/386600939/.m2/org/apache/logging/log4j/log4j-api/2.10.0/log4j-api-2.10.0.jar:/root/./workspace/molgenis/molgenis/386600939/.m2/org/slf4j/jul-to-slf4j/1.7.25/jul-to-slf4j-1.7.25.jar:/root/./workspace/molgenis/molgenis/386600939/.m2/org/slf4j/log4j-over-slf4j/1.7.25/log4j-over-slf4j-1.7.25.jar:/root/./workspace/molgenis/molgenis/386600939/.m2/org/slf4j/slf4j-api/1.7.25/slf4j-api-1.7.25.jar:/root/./workspace/molgenis/molgenis/386600939/.m2/com/google/guava/guava/25.0-jre/guava-25.0-jre.jar:/root/./workspace/molgenis/molgenis/386600939/.m2/org/apache/maven/surefire/surefire-testng-utils/2.21.0/surefire-testng-utils-2.21.0.jar:/root/./workspace/molgenis/molgenis/386600939/.m2/org/apache/maven/surefire/surefire-grouper/2.21.0/surefire-grouper-2.21.0.jar:"/>
    <property name="java.vm.vendor" value="Oracle Corporation"/>
    <property name="skip.bower" value="true"/>
    <property name="sun.arch.data.model" value="64"/>
    <property name="java.vendor.url" value="http://java.oracle.com/"/>
    <property name="user.timezone" value=""/>
    <property name="java.vm.specification.version" value="1.8"/>
    <property name="os.name" value="Linux"/>
    <property name="rat.skip" value="true"/>
    <property name="gpg.skip" value="true"/>
    <property name="sun.java.launcher" value="SUN_STANDARD"/>
    <property name="sun.boot.library.path" value="/usr/lib/jvm/java-8-openjdk-amd64/jre/lib/amd64"/>
    <property name="skip.gulp" value="true"/>
    <property name="sun.java.command" value="/root/workspace/molgenis/molgenis/386600939/molgenis-data/target/surefire/surefirebooter781373720171883609.jar /root/workspace/molgenis/molgenis/386600939/molgenis-data/target/surefire 2018-06-01T13-16-23_183-jvmRun1 surefire4676213904102641457tmp surefire_25341897720823819497tmp"/>
    <property name="dependency-check.skip" value="true"/>
    <property name="surefire.test.class.path" value="/root/workspace/molgenis/molgenis/386600939/molgenis-data/target/test-classes:/root/workspace/molgenis/molgenis/386600939/molgenis-data/target/classes:/root/workspace/molgenis/molgenis/386600939/molgenis-util/target/classes:/root/./workspace/molgenis/molgenis/386600939/.m2/org/springframework/spring-context-support/5.0.6.RELEASE/spring-context-support-5.0.6.RELEASE.jar:/root/./workspace/molgenis/molgenis/386600939/.m2/com/sun/mail/javax.mail/1.6.1/javax.mail-1.6.1.jar:/root/./workspace/molgenis/molgenis/386600939/.m2/javax/activation/activation/1.1.1/activation-1.1.1.jar:/root/./workspace/molgenis/molgenis/386600939/.m2/org/mapdb/mapdb/1.0.6/mapdb-1.0.6.jar:/root/workspace/molgenis/molgenis/386600939/molgenis-i18n/target/classes:/root/./workspace/molgenis/molgenis/386600939/.m2/org/springframework/spring-tx/5.0.6.RELEASE/spring-tx-5.0.6.RELEASE.jar:/root/./workspace/molgenis/molgenis/386600939/.m2/org/springframework/spring-beans/5.0.6.RELEASE/spring-beans-5.0.6.RELEASE.jar:/root/./workspace/molgenis/molgenis/386600939/.m2/org/springframework/spring-core/5.0.6.RELEASE/spring-core-5.0.6.RELEASE.jar:/root/./workspace/molgenis/molgenis/386600939/.m2/org/springframework/spring-jcl/5.0.6.RELEASE/spring-jcl-5.0.6.RELEASE.jar:/root/./workspace/molgenis/molgenis/386600939/.m2/com/google/code/findbugs/findbugs-annotations/3.0.1/findbugs-annotations-3.0.1.jar:/root/./workspace/molgenis/molgenis/386600939/.m2/com/google/auto/value/auto-value/1.4.1/auto-value-1.4.1.jar:/root/./workspace/molgenis/molgenis/386600939/.m2/com/google/code/findbugs/jsr305/3.0.2/jsr305-3.0.2.jar:/root/./workspace/molgenis/molgenis/386600939/.m2/org/apache/commons/commons-lang3/3.7/commons-lang3-3.7.jar:/root/./workspace/molgenis/molgenis/386600939/.m2/com/google/code/gson/gson/2.8.4/gson-2.8.4.jar:/root/./workspace/molgenis/molgenis/386600939/.m2/com/eaio/uuid/uuid/3.2/uuid-3.2.jar:/root/workspace/molgenis/molgenis/386600939/molgenis-i18n/target/test-classes:/root/workspace/molgenis/molgenis/386600939/molgenis-test/target/classes:/root/./workspace/molgenis/molgenis/386600939/.m2/org/testng/testng/6.8/testng-6.8.jar:/root/./workspace/molgenis/molgenis/386600939/.m2/junit/junit/4.12/junit-4.12.jar:/root/./workspace/molgenis/molgenis/386600939/.m2/org/hamcrest/hamcrest-core/1.3/hamcrest-core-1.3.jar:/root/./workspace/molgenis/molgenis/386600939/.m2/org/beanshell/bsh/2.0b5/bsh-2.0b5.jar:/root/./workspace/molgenis/molgenis/386600939/.m2/com/beust/jcommander/1.27/jcommander-1.27.jar:/root/./workspace/molgenis/molgenis/386600939/.m2/org/yaml/snakeyaml/1.19/snakeyaml-1.19.jar:/root/./workspace/molgenis/molgenis/386600939/.m2/org/mockito/mockito-core/2.7.22/mockito-core-2.7.22.jar:/root/./workspace/molgenis/molgenis/386600939/.m2/net/bytebuddy/byte-buddy/1.7.11/byte-buddy-1.7.11.jar:/root/./workspace/molgenis/molgenis/386600939/.m2/net/bytebuddy/byte-buddy-agent/1.7.11/byte-buddy-agent-1.7.11.jar:/root/./workspace/molgenis/molgenis/386600939/.m2/org/objenesis/objenesis/2.6/objenesis-2.6.jar:/root/./workspace/molgenis/molgenis/386600939/.m2/org/hamcrest/hamcrest-all/1.3/hamcrest-all-1.3.jar:/root/./workspace/molgenis/molgenis/386600939/.m2/javax/servlet/javax.servlet-api/3.1.0/javax.servlet-api-3.1.0.jar:/root/./workspace/molgenis/molgenis/386600939/.m2/org/springframework/spring-test/5.0.6.RELEASE/spring-test-5.0.6.RELEASE.jar:/root/./workspace/molgenis/molgenis/386600939/.m2/com/fasterxml/jackson/core/jackson-databind/2.9.5/jackson-databind-2.9.5.jar:/root/./workspace/molgenis/molgenis/386600939/.m2/com/fasterxml/jackson/core/jackson-annotations/2.9.0/jackson-annotations-2.9.0.jar:/root/./workspace/molgenis/molgenis/386600939/.m2/com/fasterxml/jackson/core/jackson-core/2.9.5/jackson-core-2.9.5.jar:/root/./workspace/molgenis/molgenis/386600939/.m2/org/springframework/spring-context/5.0.6.RELEASE/spring-context-5.0.6.RELEASE.jar:/root/./workspace/molgenis/molgenis/386600939/.m2/org/springframework/spring-aop/5.0.6.RELEASE/spring-aop-5.0.6.RELEASE.jar:/root/./workspace/molgenis/molgenis/386600939/.m2/org/springframework/spring-expression/5.0.6.RELEASE/spring-expression-5.0.6.RELEASE.jar:/root/./workspace/molgenis/molgenis/386600939/.m2/org/springframework/security/spring-security-test/5.0.5.RELEASE/spring-security-test-5.0.5.RELEASE.jar:/root/./workspace/molgenis/molgenis/386600939/.m2/org/springframework/security/spring-security-core/5.0.5.RELEASE/spring-security-core-5.0.5.RELEASE.jar:/root/./workspace/molgenis/molgenis/386600939/.m2/org/springframework/security/spring-security-web/5.0.5.RELEASE/spring-security-web-5.0.5.RELEASE.jar:/root/./workspace/molgenis/molgenis/386600939/.m2/org/springframework/spring-web/5.0.6.RELEASE/spring-web-5.0.6.RELEASE.jar:/root/./workspace/molgenis/molgenis/386600939/.m2/com/mchange/c3p0/0.9.5.2/c3p0-0.9.5.2.jar:/root/./workspace/molgenis/molgenis/386600939/.m2/com/mchange/mchange-commons-java/0.2.11/mchange-commons-java-0.2.11.jar:/root/./workspace/molgenis/molgenis/386600939/.m2/org/springframework/boot/spring-boot-starter-logging/2.0.2.RELEASE/spring-boot-starter-logging-2.0.2.RELEASE.jar:/root/./workspace/molgenis/molgenis/386600939/.m2/ch/qos/logback/logback-classic/1.2.3/logback-classic-1.2.3.jar:/root/./workspace/molgenis/molgenis/386600939/.m2/ch/qos/logback/logback-core/1.2.3/logback-core-1.2.3.jar:/root/./workspace/molgenis/molgenis/386600939/.m2/org/apache/logging/log4j/log4j-to-slf4j/2.10.0/log4j-to-slf4j-2.10.0.jar:/root/./workspace/molgenis/molgenis/386600939/.m2/org/apache/logging/log4j/log4j-api/2.10.0/log4j-api-2.10.0.jar:/root/./workspace/molgenis/molgenis/386600939/.m2/org/slf4j/jul-to-slf4j/1.7.25/jul-to-slf4j-1.7.25.jar:/root/./workspace/molgenis/molgenis/386600939/.m2/org/slf4j/log4j-over-slf4j/1.7.25/log4j-over-slf4j-1.7.25.jar:/root/./workspace/molgenis/molgenis/386600939/.m2/org/slf4j/slf4j-api/1.7.25/slf4j-api-1.7.25.jar:/root/./workspace/molgenis/molgenis/386600939/.m2/com/google/guava/guava/25.0-jre/guava-25.0-jre.jar:/root/./workspace/molgenis/molgenis/386600939/.m2/org/apache/maven/surefire/surefire-testng-utils/2.21.0/surefire-testng-utils-2.21.0.jar:/root/./workspace/molgenis/molgenis/386600939/.m2/org/apache/maven/surefire/surefire-grouper/2.21.0/surefire-grouper-2.21.0.jar:"/>
    <property name="sun.cpu.endian" value="little"/>
    <property name="user.home" value="/root"/>
    <property name="user.language" value="en"/>
    <property name="java.specification.vendor" value="Oracle Corporation"/>
    <property name="java.home" value="/usr/lib/jvm/java-8-openjdk-amd64/jre"/>
    <property name="basedir" value="/root/workspace/molgenis/molgenis/386600939/molgenis-data"/>
    <property name="file.separator" value="/"/>
    <property name="checkstyle.skip" value="true"/>
    <property name="line.separator" value="&#10;"/>
    <property name="skip.npm" value="true"/>
    <property name="java.vm.specification.vendor" value="Oracle Corporation"/>
    <property name="java.specification.name" value="Java Platform API Specification"/>
    <property name="java.awt.graphicsenv" value="sun.awt.X11GraphicsEnvironment"/>
    <property name="skipITs" value="true"/>
    <property name="surefire.real.class.path" value="/root/workspace/molgenis/molgenis/386600939/molgenis-data/target/surefire/surefirebooter781373720171883609.jar:/root/./workspace/molgenis/molgenis/386600939/.m2/org/jacoco/org.jacoco.agent/0.8.1/org.jacoco.agent-0.8.1-runtime.jar"/>
    <property name="cobertura.skip" value="true"/>
    <property name="sun.boot.class.path" value="/usr/lib/jvm/java-8-openjdk-amd64/jre/lib/resources.jar:/usr/lib/jvm/java-8-openjdk-amd64/jre/lib/rt.jar:/usr/lib/jvm/java-8-openjdk-amd64/jre/lib/sunrsasign.jar:/usr/lib/jvm/java-8-openjdk-amd64/jre/lib/jsse.jar:/usr/lib/jvm/java-8-openjdk-amd64/jre/lib/jce.jar:/usr/lib/jvm/java-8-openjdk-amd64/jre/lib/charsets.jar:/usr/lib/jvm/java-8-openjdk-amd64/jre/lib/jfr.jar:/usr/lib/jvm/java-8-openjdk-amd64/jre/classes"/>
    <property name="sun.management.compiler" value="HotSpot 64-Bit Tiered Compilers"/>
    <property name="java.runtime.version" value="1.8.0_121-8u121-b13-1~bpo8+1-b13"/>
    <property name="user.name" value="root"/>
    <property name="findbugs.skip" value="true"/>
    <property name="path.separator" value=":"/>
    <property name="os.version" value="3.10.0-862.2.3.el7.x86_64"/>
    <property name="java.endorsed.dirs" value="/usr/lib/jvm/java-8-openjdk-amd64/jre/lib/endorsed"/>
    <property name="java.runtime.name" value="OpenJDK Runtime Environment"/>
    <property name="file.encoding" value="UTF-8"/>
    <property name="java.vm.name" value="OpenJDK 64-Bit Server VM"/>
    <property name="localRepository" value="/root/./workspace/molgenis/molgenis/386600939/.m2"/>
    <property name="java.vendor.url.bug" value="http://bugreport.sun.com/bugreport/"/>
    <property name="java.io.tmpdir" value="/tmp"/>
    <property name="java.version" value="1.8.0_121"/>
    <property name="user.dir" value="/root/workspace/molgenis/molgenis/386600939/molgenis-data"/>
    <property name="os.arch" value="amd64"/>
    <property name="license.skip" value="true"/>
    <property name="java.vm.specification.name" value="Java Virtual Machine Specification"/>
    <property name="java.awt.printerjob" value="sun.print.PSPrinterJob"/>
    <property name="sun.os.patch.level" value="unknown"/>
    <property name="java.library.path" value="/usr/java/packages/lib/amd64:/usr/lib/x86_64-linux-gnu/jni:/lib/x86_64-linux-gnu:/usr/lib/x86_64-linux-gnu:/usr/lib/jni:/lib:/usr/lib"/>
    <property name="java.vm.info" value="mixed mode"/>
    <property name="java.vendor" value="Oracle Corporation"/>
    <property name="java.vm.version" value="25.121-b13"/>
    <property name="java.ext.dirs" value="/usr/lib/jvm/java-8-openjdk-amd64/jre/lib/ext:/usr/java/packages/lib/ext"/>
    <property name="sun.io.unicode.encoding" value="UnicodeLittle"/>
    <property name="maven.repo.local" value="/root/./workspace/molgenis/molgenis/386600939/.m2"/>
    <property name="enforcer.skip" value="true"/>
    <property name="java.class.version" value="52.0"/>
  </properties>
  <testcase name="EntityManagerImpl" classname="org.molgenis.data.EntityManagerImplTest" time="0.001"/>
  <testcase name="getReference" classname="org.molgenis.data.EntityManagerImplTest" time="0.015"/>
  <testcase name="getReferences" classname="org.molgenis.data.EntityManagerImplTest" time="0.013"/>
  <testcase name="resolveReferencesNoFetch" classname="org.molgenis.data.EntityManagerImplTest" time="0.004"/>
  <testcase name="resolveReferencesStreamNoFetch" classname="org.molgenis.data.EntityManagerImplTest" time="0.01"/>
  <testcase name="equalsFalse" classname="org.molgenis.data.FetchTest" time="0.001"/>
  <testcase name="equalsSubFetchFalse" classname="org.molgenis.data.FetchTest" time="0"/>
  <testcase name="equalsSubFetchTrue" classname="org.molgenis.data.FetchTest" time="0"/>
  <testcase name="equalsTrue" classname="org.molgenis.data.FetchTest" time="0"/>
  <testcase name="getFetch" classname="org.molgenis.data.FetchTest" time="0"/>
  <testcase name="getFields" classname="org.molgenis.data.FetchTest" time="0.006"/>
  <testcase name="hasFieldFalse" classname="org.molgenis.data.FetchTest" time="0"/>
  <testcase name="hasFieldTrue" classname="org.molgenis.data.FetchTest" time="0"/>
  <testcase name="iterator" classname="org.molgenis.data.FetchTest" time="0"/>
  <testcase name="testGenerateIds" classname="org.molgenis.data.populate.IdGeneratorImplTest" time="0.762"/>
  <testcase name="testGenerateIds" classname="org.molgenis.data.populate.IdGeneratorImplTest" time="0.003"/>
  <testcase name="testGenerateIds" classname="org.molgenis.data.populate.IdGeneratorImplTest" time="0.01"/>
  <testcase name="testGenerateIds" classname="org.molgenis.data.populate.IdGeneratorImplTest" time="0.004"/>
  <testcase name="testGenerateIds" classname="org.molgenis.data.populate.IdGeneratorImplTest" time="0.002"/>
  <testcase name="populateAutoValues" classname="org.molgenis.data.populate.AutoValuePopulatorTest" time="0.019"/>
  <testcase name="setException" classname="org.molgenis.data.support.DynamicEntityTest" time="0.002"/>
  <testcase name="setException" classname="org.molgenis.data.support.DynamicEntityTest" time="0.001"/>
  <testcase name="setException" classname="org.molgenis.data.support.DynamicEntityTest" time="0.001"/>
  <testcase name="setNoException" classname="org.molgenis.data.support.DynamicEntityTest" time="0"/>
  <testcase name="setNoException" classname="org.molgenis.data.support.DynamicEntityTest" time="0.001"/>
  <testcase name="sortMultipleAttrAsc" classname="org.molgenis.data.SortTest" time="0.002"/>
  <testcase name="sortMultipleAttrAscAndDesc" classname="org.molgenis.data.SortTest" time="0"/>
  <testcase name="sortMultipleAttrBuilderAsc" classname="org.molgenis.data.SortTest" time="0"/>
  <testcase name="sortMultipleAttrBuilderAscAndDesc" classname="org.molgenis.data.SortTest" time="0"/>
  <testcase name="sortMultipleAttrBuilderDefault" classname="org.molgenis.data.SortTest" time="0"/>
  <testcase name="sortMultipleAttrBuilderDesc" classname="org.molgenis.data.SortTest" time="0.001"/>
  <testcase name="sortMultipleAttrDefault" classname="org.molgenis.data.SortTest" time="0"/>
  <testcase name="sortMultipleAttrDesc" classname="org.molgenis.data.SortTest" time="0"/>
  <testcase name="sortSingleAttrAsc" classname="org.molgenis.data.SortTest" time="0"/>
  <testcase name="sortSingleAttrBuilderAsc" classname="org.molgenis.data.SortTest" time="0"/>
  <testcase name="sortSingleAttrBuilderDefault" classname="org.molgenis.data.SortTest" time="0"/>
  <testcase name="sortSingleAttrBuilderDesc" classname="org.molgenis.data.SortTest" time="0"/>
  <testcase name="sortSingleAttrDefault" classname="org.molgenis.data.SortTest" time="0"/>
  <testcase name="sortSingleAttrDesc" classname="org.molgenis.data.SortTest" time="0"/>
  <testcase name="testPopulate" classname="org.molgenis.data.populate.DefaultValuePopulatorTest" time="0.009"/>
  <testcase name="testPopulate" classname="org.molgenis.data.populate.DefaultValuePopulatorTest" time="0"/>
  <testcase name="testPopulate" classname="org.molgenis.data.populate.DefaultValuePopulatorTest" time="0.001"/>
  <testcase name="testPopulate" classname="org.molgenis.data.populate.DefaultValuePopulatorTest" time="0.003"/>
  <testcase name="testPopulate" classname="org.molgenis.data.populate.DefaultValuePopulatorTest" time="0.004"/>
  <testcase name="testPopulate" classname="org.molgenis.data.populate.DefaultValuePopulatorTest" time="0.002"/>
  <testcase name="testPopulate" classname="org.molgenis.data.populate.DefaultValuePopulatorTest" time="0.001"/>
  <testcase name="testPopulate" classname="org.molgenis.data.populate.DefaultValuePopulatorTest" time="0.001"/>
  <testcase name="testPopulate" classname="org.molgenis.data.populate.DefaultValuePopulatorTest" time="0"/>
  <testcase name="testPopulate" classname="org.molgenis.data.populate.DefaultValuePopulatorTest" time="0"/>
  <testcase name="testPopulate" classname="org.molgenis.data.populate.DefaultValuePopulatorTest" time="0"/>
  <testcase name="testPopulate" classname="org.molgenis.data.populate.DefaultValuePopulatorTest" time="0"/>
  <testcase name="testPopulate" classname="org.molgenis.data.populate.DefaultValuePopulatorTest" time="0"/>
  <testcase name="testPopulate" classname="org.molgenis.data.populate.DefaultValuePopulatorTest" time="0"/>
  <testcase name="testPopulate" classname="org.molgenis.data.populate.DefaultValuePopulatorTest" time="0"/>
  <testcase name="testPopulate" classname="org.molgenis.data.populate.DefaultValuePopulatorTest" time="0.001"/>
  <testcase name="testPopulate" classname="org.molgenis.data.populate.DefaultValuePopulatorTest" time="0.001"/>
  <testcase name="testPopulate" classname="org.molgenis.data.populate.DefaultValuePopulatorTest" time="0.001"/>
  <testcase name="testPopulate" classname="org.molgenis.data.populate.DefaultValuePopulatorTest" time="0.001"/>
  <testcase name="testPopulate" classname="org.molgenis.data.populate.DefaultValuePopulatorTest" time="0.001"/>
  <testcase name="testPopulate" classname="org.molgenis.data.decorator.meta.DynamicDecoratorPopulatorTest" time="0.037"/>
  <testcase name="testStringEvaluatorConstructorChecksIfAttributeHasExpression" classname="org.molgenis.data.support.StringExpressionEvaluatorTest" time="0.001"/>
  <testcase name="testStringEvaluatorConstructorChecksIfAttributeMentionsExistingAttribute" classname="org.molgenis.data.support.StringExpressionEvaluatorTest" time="0.067"/>
  <testcase name="testStringEvaluatorConstructorChecksIfExpressionIsMap" classname="org.molgenis.data.support.StringExpressionEvaluatorTest" time="0.001"/>
  <testcase name="testStringEvaluatorLookupAttributeAndConvertFromIntToLong" classname="org.molgenis.data.support.StringExpressionEvaluatorTest" time="0.06"/>
  <testcase name="testStringEvaluatorLookupAttributeAndConvertFromIntToString" classname="org.molgenis.data.support.StringExpressionEvaluatorTest" time="0.002"/>
  <testcase name="testStringEvaluatorLookupAttributeAndConvertFromLongToInt" classname="org.molgenis.data.support.StringExpressionEvaluatorTest" time="0"/>
  <testcase name="testStringEvaluatorLookupAttributeAndConvertFromNonNumericStringToLongFails" classname="org.molgenis.data.support.StringExpressionEvaluatorTest" time="0.002"/>
  <testcase name="testStringEvaluatorLookupAttributeAndConvertFromStringToLong" classname="org.molgenis.data.support.StringExpressionEvaluatorTest" time="0.001"/>
  <testcase name="isLazy" classname="org.molgenis.data.support.DefaultEntityCollectionTest" time="0.001"/>
  <testcase name="testDecorate" classname="org.molgenis.data.decorator.DynamicRepositoryDecoratorRegistryImplTest" time="0.007"/>
  <testcase name="testDecorateNoDecorator" classname="org.molgenis.data.decorator.DynamicRepositoryDecoratorRegistryImplTest" time="0"/>
  <testcase name="testGetLocalizedMessage" classname="org.molgenis.data.UnknownEntityExceptionTest" time="0.015"/>
  <testcase name="testGetLocalizedMessageIdOnly" classname="org.molgenis.data.UnknownEntityExceptionTest" time="0"/>
  <testcase name="testRegister" classname="org.molgenis.data.decorator.DynamicRepositoryDecoratorFactoryRegistrarTest" time="0.002"/>
  <testcase name="EntityReferenceCreatorImpl" classname="org.molgenis.data.EntityReferenceCreatorImplTest" time="0"/>
  <testcase name="getReference" classname="org.molgenis.data.EntityReferenceCreatorImplTest" time="0.003"/>
  <testcase name="getReferences" classname="org.molgenis.data.EntityReferenceCreatorImplTest" time="0.005"/>
  <testcase name="get" classname="org.molgenis.data.support.PartialEntityTest" time="0"/>
  <testcase name="getAttributeNames" classname="org.molgenis.data.support.PartialEntityTest" time="0.001"/>
  <testcase name="getBoolean" classname="org.molgenis.data.support.PartialEntityTest" time="0"/>
  <testcase name="getBooleanNotInFetch" classname="org.molgenis.data.support.PartialEntityTest" time="0"/>
  <testcase name="getDateNotInFetch" classname="org.molgenis.data.support.PartialEntityTest" time="0"/>
  <testcase name="getDouble" classname="org.molgenis.data.support.PartialEntityTest" time="0"/>
  <testcase name="getDoubleNotInFetch" classname="org.molgenis.data.support.PartialEntityTest" time="0"/>
  <testcase name="getEntitiesString" classname="org.molgenis.data.support.PartialEntityTest" time="0.001"/>
  <testcase name="getEntitiesStringClassE" classname="org.molgenis.data.support.PartialEntityTest" time="0.001"/>
  <testcase name="getEntitiesStringClassENotInFetch" classname="org.molgenis.data.support.PartialEntityTest" time="0.001"/>
  <testcase name="getEntitiesStringNotInFetch" classname="org.molgenis.data.support.PartialEntityTest" time="0"/>
  <testcase name="getEntityString" classname="org.molgenis.data.support.PartialEntityTest" time="0"/>
  <testcase name="getEntityStringClassE" classname="org.molgenis.data.support.PartialEntityTest" time="0"/>
  <testcase name="getEntityStringClassENotInFetch" classname="org.molgenis.data.support.PartialEntityTest" time="0"/>
  <testcase name="getEntityStringNotInFetch" classname="org.molgenis.data.support.PartialEntityTest" time="0"/>
  <testcase name="getEntityType" classname="org.molgenis.data.support.PartialEntityTest" time="0"/>
  <testcase name="getIdValue" classname="org.molgenis.data.support.PartialEntityTest" time="0"/>
  <testcase name="getInt" classname="org.molgenis.data.support.PartialEntityTest" time="0"/>
  <testcase name="getIntNotInFetch" classname="org.molgenis.data.support.PartialEntityTest" time="0"/>
  <testcase name="getLabelValue" classname="org.molgenis.data.support.PartialEntityTest" time="0"/>
  <testcase name="getLong" classname="org.molgenis.data.support.PartialEntityTest" time="0.001"/>
  <testcase name="getLongNotInFetch" classname="org.molgenis.data.support.PartialEntityTest" time="0"/>
  <testcase name="getNotInFetch" classname="org.molgenis.data.support.PartialEntityTest" time="0"/>
  <testcase name="getString" classname="org.molgenis.data.support.PartialEntityTest" time="0"/>
  <testcase name="getStringNotInFetch" classname="org.molgenis.data.support.PartialEntityTest" time="0"/>
  <testcase name="getTimestamp" classname="org.molgenis.data.support.PartialEntityTest" time="0.001"/>
  <testcase name="getTimestampNotInFetch" classname="org.molgenis.data.support.PartialEntityTest" time="0.001"/>
  <testcase name="getUtilDate" classname="org.molgenis.data.support.PartialEntityTest" time="0"/>
  <testcase name="getUtilDateNotInFetch" classname="org.molgenis.data.support.PartialEntityTest" time="0"/>
  <testcase name="setEntity" classname="org.molgenis.data.support.PartialEntityTest" time="0"/>
  <testcase name="setStringObject" classname="org.molgenis.data.support.PartialEntityTest" time="0"/>
  <testcase name="addStream" classname="org.molgenis.data.DataServiceImplTest" time="0"/>
  <testcase name="deleteAllStream" classname="org.molgenis.data.DataServiceImplTest" time="0"/>
  <testcase name="deleteStream" classname="org.molgenis.data.DataServiceImplTest" time="0"/>
  <testcase name="findAllStreamString" classname="org.molgenis.data.DataServiceImplTest" time="0.001"/>
  <testcase name="findAllStreamStringClass" classname="org.molgenis.data.DataServiceImplTest" time="0.001"/>
  <testcase name="findAllStreamStringQuery" classname="org.molgenis.data.DataServiceImplTest" time="0.024"/>
  <testcase name="findAllStreamStringQueryClass" classname="org.molgenis.data.DataServiceImplTest" time="0"/>
  <testcase name="findAllStringStream" classname="org.molgenis.data.DataServiceImplTest" time="0.001"/>
  <testcase name="findAllStringStreamClass" classname="org.molgenis.data.DataServiceImplTest" time="0.001"/>
  <testcase name="findAllStringStreamFetch" classname="org.molgenis.data.DataServiceImplTest" time="0.001"/>
  <testcase name="findAllStringStreamFetchClass" classname="org.molgenis.data.DataServiceImplTest" time="0.001"/>
  <testcase name="findOneStringObjectFetch" classname="org.molgenis.data.DataServiceImplTest" time="0.001"/>
  <testcase name="findOneStringObjectFetchClass" classname="org.molgenis.data.DataServiceImplTest" time="0"/>
  <testcase name="findOneStringObjectFetchClassEntityNull" classname="org.molgenis.data.DataServiceImplTest" time="0"/>
  <testcase name="findOneStringObjectFetchEntityNull" classname="org.molgenis.data.DataServiceImplTest" time="0"/>
  <testcase name="getEntityNames" classname="org.molgenis.data.DataServiceImplTest" time="0.001"/>
  <testcase name="getRepositoryByEntityName" classname="org.molgenis.data.DataServiceImplTest" time="0"/>
  <testcase name="updateStream" classname="org.molgenis.data.DataServiceImplTest" time="0"/>
  <testcase name="EntityReferenceResolverDecorator" classname="org.molgenis.data.EntityReferenceResolverDecoratorTest" time="0"/>
  <testcase name="addEntity" classname="org.molgenis.data.EntityReferenceResolverDecoratorTest" time="0.001"/>
  <testcase name="addStream" classname="org.molgenis.data.EntityReferenceResolverDecoratorTest" time="0"/>
  <testcase name="aggregate" classname="org.molgenis.data.EntityReferenceResolverDecoratorTest" time="0.008"/>
  <testcase name="close" classname="org.molgenis.data.EntityReferenceResolverDecoratorTest" time="0.001"/>
  <testcase name="count" classname="org.molgenis.data.EntityReferenceResolverDecoratorTest" time="0"/>
  <testcase name="countQuery" classname="org.molgenis.data.EntityReferenceResolverDecoratorTest" time="0.001"/>
  <testcase name="deleteAll" classname="org.molgenis.data.EntityReferenceResolverDecoratorTest" time="0"/>
  <testcase name="deleteByIdIterableObject" classname="org.molgenis.data.EntityReferenceResolverDecoratorTest" time="0"/>
  <testcase name="deleteByIdObject" classname="org.molgenis.data.EntityReferenceResolverDecoratorTest" time="0"/>
  <testcase name="deleteEntity" classname="org.molgenis.data.EntityReferenceResolverDecoratorTest" time="0"/>
  <testcase name="deleteStream" classname="org.molgenis.data.EntityReferenceResolverDecoratorTest" time="0.029"/>
  <testcase name="findAllAsStreamFetch" classname="org.molgenis.data.EntityReferenceResolverDecoratorTest" time="0.024"/>
  <testcase name="findAllAsStreamNoFetch" classname="org.molgenis.data.EntityReferenceResolverDecoratorTest" time="0"/>
  <testcase name="findAllStream" classname="org.molgenis.data.EntityReferenceResolverDecoratorTest" time="0.001"/>
  <testcase name="findAllStreamFetch" classname="org.molgenis.data.EntityReferenceResolverDecoratorTest" time="0"/>
  <testcase name="findOneObject" classname="org.molgenis.data.EntityReferenceResolverDecoratorTest" time="0.001"/>
  <testcase name="findOneObjectFetch" classname="org.molgenis.data.EntityReferenceResolverDecoratorTest" time="0.001"/>
  <testcase name="findOneObjectFetchNull" classname="org.molgenis.data.EntityReferenceResolverDecoratorTest" time="0"/>
  <testcase name="findOneQueryEntity" classname="org.molgenis.data.EntityReferenceResolverDecoratorTest" time="0"/>
  <testcase name="findOneQueryEntityNull" classname="org.molgenis.data.EntityReferenceResolverDecoratorTest" time="0"/>
  <testcase name="getCapabilities" classname="org.molgenis.data.EntityReferenceResolverDecoratorTest" time="0"/>
  <testcase name="getEntityType" classname="org.molgenis.data.EntityReferenceResolverDecoratorTest" time="0"/>
  <testcase name="getName" classname="org.molgenis.data.EntityReferenceResolverDecoratorTest" time="0.001"/>
  <testcase name="iterator" classname="org.molgenis.data.EntityReferenceResolverDecoratorTest" time="0.001"/>
  <testcase name="query" classname="org.molgenis.data.EntityReferenceResolverDecoratorTest" time="0"/>
  <testcase name="streamFetch" classname="org.molgenis.data.EntityReferenceResolverDecoratorTest" time="0.001"/>
  <testcase name="updateEntity" classname="org.molgenis.data.EntityReferenceResolverDecoratorTest" time="0.001"/>
  <testcase name="updateStream" classname="org.molgenis.data.EntityReferenceResolverDecoratorTest" time="0.002"/>
  <testcase name="testEntityReference" classname="org.molgenis.data.support.EntityReferenceTest" time="0"/>
  <testcase name="testEntityReferenceInvalidIdTrue" classname="org.molgenis.data.support.EntityReferenceTest" time="0"/>
  <testcase name="testGet" classname="org.molgenis.data.support.EntityReferenceTest" time="0"/>
  <testcase name="testGetAttributeNames" classname="org.molgenis.data.support.EntityReferenceTest" time="0.001"/>
  <testcase name="testGetBoolean" classname="org.molgenis.data.support.EntityReferenceTest" time="0"/>
  <testcase name="testGetDouble" classname="org.molgenis.data.support.EntityReferenceTest" time="0.001"/>
  <testcase name="testGetEntities" classname="org.molgenis.data.support.EntityReferenceTest" time="0"/>
  <testcase name="testGetEntitiesClass" classname="org.molgenis.data.support.EntityReferenceTest" time="0"/>
  <testcase name="testGetEntity" classname="org.molgenis.data.support.EntityReferenceTest" time="0"/>
  <testcase name="testGetEntityClass" classname="org.molgenis.data.support.EntityReferenceTest" time="0"/>
  <testcase name="testGetEntityType" classname="org.molgenis.data.support.EntityReferenceTest" time="0"/>
  <testcase name="testGetIdAttribute" classname="org.molgenis.data.support.EntityReferenceTest" time="0.001"/>
  <testcase name="testGetIdValue" classname="org.molgenis.data.support.EntityReferenceTest" time="0"/>
  <testcase name="testGetInstant" classname="org.molgenis.data.support.EntityReferenceTest" time="0"/>
  <testcase name="testGetInt" classname="org.molgenis.data.support.EntityReferenceTest" time="0"/>
  <testcase name="testGetIntIdAttribute" classname="org.molgenis.data.support.EntityReferenceTest" time="0"/>
  <testcase name="testGetLabelValue" classname="org.molgenis.data.support.EntityReferenceTest" time="0"/>
  <testcase name="testGetLabelValueLabelAttributeIsIdAttribute" classname="org.molgenis.data.support.EntityReferenceTest" time="0.001"/>
  <testcase name="testGetLocalDate" classname="org.molgenis.data.support.EntityReferenceTest" time="0"/>
  <testcase name="testGetLong" classname="org.molgenis.data.support.EntityReferenceTest" time="0"/>
  <testcase name="testGetLongIdAttribute" classname="org.molgenis.data.support.EntityReferenceTest" time="0"/>
  <testcase name="testGetString" classname="org.molgenis.data.support.EntityReferenceTest" time="0"/>
  <testcase name="testGetStringIdAttribute" classname="org.molgenis.data.support.EntityReferenceTest" time="0"/>
  <testcase name="testSet" classname="org.molgenis.data.support.EntityReferenceTest" time="0"/>
  <testcase name="testSetEntity" classname="org.molgenis.data.support.EntityReferenceTest" time="0.001"/>
  <testcase name="testSetEntityIdAttribute" classname="org.molgenis.data.support.EntityReferenceTest" time="0"/>
  <testcase name="testSetIdAttribute" classname="org.molgenis.data.support.EntityReferenceTest" time="0"/>
  <testcase name="testSetIdValue" classname="org.molgenis.data.support.EntityReferenceTest" time="0.001"/>
  <testcase name="testSetIdValueIntegerWrongType" classname="org.molgenis.data.support.EntityReferenceTest" time="0"/>
  <testcase name="testSetIdValueLongWrongType" classname="org.molgenis.data.support.EntityReferenceTest" time="0"/>
  <testcase name="testSetIdValueStringWrongType" classname="org.molgenis.data.support.EntityReferenceTest" time="0.001"/>
  <testcase name="addStream" classname="org.molgenis.data.support.AbstractRepositoryTest" time="0.001"/>
  <testcase name="deleteStream" classname="org.molgenis.data.support.AbstractRepositoryTest" time="0"/>
  <testcase name="findAllStream" classname="org.molgenis.data.support.AbstractRepositoryTest" time="0.013"/>
  <testcase name="findAllStreamFetch" classname="org.molgenis.data.support.AbstractRepositoryTest" time="0.001"/>
  <testcase name="findOneObjectFetch" classname="org.molgenis.data.support.AbstractRepositoryTest" time="0.001"/>
  <testcase name="testUpsertBatch" classname="org.molgenis.data.support.AbstractRepositoryTest" time="0.004"/>
  <testcase name="updateStream" classname="org.molgenis.data.support.AbstractRepositoryTest" time="0"/>
  <testcase name="addStream" classname="org.molgenis.data.mem.InMemoryRepositoryTest" time="0.001"/>
  <testcase name="deleteStream" classname="org.molgenis.data.mem.InMemoryRepositoryTest" time="0.001"/>
  <testcase name="findAllAsStream" classname="org.molgenis.data.mem.InMemoryRepositoryTest" time="0"/>
  <testcase name="findAllAsStreamQueryWithContent" classname="org.molgenis.data.mem.InMemoryRepositoryTest" time="0"/>
  <testcase name="findAllAsStreamSingleEqualsQuery" classname="org.molgenis.data.mem.InMemoryRepositoryTest" time="0.002"/>
  <testcase name="findAllStream" classname="org.molgenis.data.mem.InMemoryRepositoryTest" time="0.001"/>
  <testcase name="findAllStreamFetch" classname="org.molgenis.data.mem.InMemoryRepositoryTest" time="0.001"/>
  <testcase name="findOneObjectFetch" classname="org.molgenis.data.mem.InMemoryRepositoryTest" time="0"/>
  <testcase name="findOneObjectFetchEntityNull" classname="org.molgenis.data.mem.InMemoryRepositoryTest" time="0"/>
  <testcase name="streamFetch" classname="org.molgenis.data.mem.InMemoryRepositoryTest" time="0.002"/>
  <testcase name="updateStream" classname="org.molgenis.data.mem.InMemoryRepositoryTest" time="0.001"/>
  <testcase name="convert" classname="org.molgenis.data.DataConverterTest" time="0"/>
  <testcase name="convertDateTime" classname="org.molgenis.data.DataConverterTest" time="0.001"/>
  <testcase name="convertLocalDate" classname="org.molgenis.data.DataConverterTest" time="0"/>
  <testcase name="convertObjectAttribute" classname="org.molgenis.data.DataConverterTest" time="0"/>
  <testcase name="convertObjectAttribute" classname="org.molgenis.data.DataConverterTest" time="0"/>
  <testcase name="testWrapExceptionOnInvalidConversion" classname="org.molgenis.data.DataConverterTest" time="0.001"/>
  <testcase name="toIntListEntity" classname="org.molgenis.data.DataConverterTest" time="0"/>
  <testcase name="toIntListInteger" classname="org.molgenis.data.DataConverterTest" time="0"/>
  <testcase name="toListEntity" classname="org.molgenis.data.DataConverterTest" time="0"/>
  <testcase name="toListString" classname="org.molgenis.data.DataConverterTest" time="0"/>
  <testcase name="toLocalDate" classname="org.molgenis.data.DataConverterTest" time="0"/>
  <testcase name="testEvaluate" classname="org.molgenis.data.support.MapOfStringsExpressionEvaluatorTest" time="0.018"/>
  <testcase name="testMapOfStringsEvaluatorConstructorChecksIfAttributeHasExpression" classname="org.molgenis.data.support.MapOfStringsExpressionEvaluatorTest" time="0"/>
  <testcase name="testMapOfStringsEvaluatorConstructorChecksIfAttributeHasRefEntity" classname="org.molgenis.data.support.MapOfStringsExpressionEvaluatorTest" time="0.001"/>
  <testcase name="testMapOfStringsEvaluatorConstructorChecksIfCalculatedAttributesAllExist" classname="org.molgenis.data.support.MapOfStringsExpressionEvaluatorTest" time="0.001"/>
  <testcase name="testMapOfStringsEvaluatorConstructorChecksIfExpressionIsMap" classname="org.molgenis.data.support.MapOfStringsExpressionEvaluatorTest" time="0.001"/>
  <testcase name="testMapOfStringsEvaluatorConstructorChecksIfMentionedAttributesAllExist" classname="org.molgenis.data.support.MapOfStringsExpressionEvaluatorTest" time="0.001"/>
  <testcase name="testMapOfStringsEvaluatorConstructorChecksThatExpressionIsMapOfStrings" classname="org.molgenis.data.support.MapOfStringsExpressionEvaluatorTest" time="0"/>
  <testcase name="LazyEntity" classname="org.molgenis.data.support.LazyEntityTest" time="0"/>
  <testcase name="get" classname="org.molgenis.data.support.LazyEntityTest" time="0"/>
  <testcase name="getAttributeNames" classname="org.molgenis.data.support.LazyEntityTest" time="0.002"/>
  <testcase name="getBoolean" classname="org.molgenis.data.support.LazyEntityTest" time="0"/>
  <testcase name="getDouble" classname="org.molgenis.data.support.LazyEntityTest" time="0.001"/>
  <testcase name="getEntitiesString" classname="org.molgenis.data.support.LazyEntityTest" time="0"/>
  <testcase name="getEntitiesStringClassE" classname="org.molgenis.data.support.LazyEntityTest" time="0"/>
  <testcase name="getEntityString" classname="org.molgenis.data.support.LazyEntityTest" time="0.001"/>
  <testcase name="getEntityStringClassE" classname="org.molgenis.data.support.LazyEntityTest" time="0"/>
  <testcase name="getEntityType" classname="org.molgenis.data.support.LazyEntityTest" time="0.001"/>
  <testcase name="getIdAttr" classname="org.molgenis.data.support.LazyEntityTest" time="0"/>
  <testcase name="getIdValue" classname="org.molgenis.data.support.LazyEntityTest" time="0"/>
  <testcase name="getInstant" classname="org.molgenis.data.support.LazyEntityTest" time="0"/>
  <testcase name="getInt" classname="org.molgenis.data.support.LazyEntityTest" time="0.001"/>
  <testcase name="getIntIdAttr" classname="org.molgenis.data.support.LazyEntityTest" time="0"/>
  <testcase name="getLabelValue" classname="org.molgenis.data.support.LazyEntityTest" time="0"/>
  <testcase name="getLabelValueLabelAttrIsIdAttr" classname="org.molgenis.data.support.LazyEntityTest" time="0"/>
  <testcase name="getLocalDate" classname="org.molgenis.data.support.LazyEntityTest" time="0"/>
  <testcase name="getLong" classname="org.molgenis.data.support.LazyEntityTest" time="0.001"/>
  <testcase name="getString" classname="org.molgenis.data.support.LazyEntityTest" time="0"/>
  <testcase name="getStringIdAttr" classname="org.molgenis.data.support.LazyEntityTest" time="0.001"/>
  <testcase name="setEntity" classname="org.molgenis.data.support.LazyEntityTest" time="0"/>
  <testcase name="setStringObject" classname="org.molgenis.data.support.LazyEntityTest" time="0"/>
  <testcase name="testGetLocalizedMessage" classname="org.molgenis.data.UnknownEntityTypeExceptionTest" time="0"/>
  <testcase name="testGetLocalizedMessage" classname="org.molgenis.data.UnknownEntityTypeExceptionTest" time="0.001"/>
  <testcase name="getBatch" classname="org.molgenis.data.support.BatchingQueryResultTest" time="0.002"/>
  <testcase name="testGetLocalizedMessage" classname="org.molgenis.data.UnknownAttributeExceptionTest" time="0.001"/>
  <testcase name="testGetLocalizedMessage" classname="org.molgenis.data.UnknownAttributeExceptionTest" time="0.001"/>
  <testcase name="equals" classname="org.molgenis.data.support.QueryImplTest" time="0.001"/>
  <testcase name="equalsFetch" classname="org.molgenis.data.support.QueryImplTest" time="0"/>
  <testcase name="equalsFetchFalse" classname="org.molgenis.data.support.QueryImplTest" time="0"/>
  <testcase name="fetch" classname="org.molgenis.data.support.QueryImplTest" time="0"/>
  <testcase name="fetchFetch" classname="org.molgenis.data.support.QueryImplTest" time="0"/>
  <testcase name="nest" classname="org.molgenis.data.support.QueryImplTest" time="0.001"/>
  <testcase name="nestAnd" classname="org.molgenis.data.support.QueryImplTest" time="0"/>
  <testcase name="nestDeep" classname="org.molgenis.data.support.QueryImplTest" time="0"/>
  <testcase name="nestOr" classname="org.molgenis.data.support.QueryImplTest" time="0"/>
  <testcase name="queryImplQueryFetch" classname="org.molgenis.data.support.QueryImplTest" time="0"/>
  <testcase name="rng" classname="org.molgenis.data.support.QueryImplTest" time="0"/>
  <testcase name="setFetch" classname="org.molgenis.data.support.QueryImplTest" time="0"/>
  <testcase name="equals" classname="org.molgenis.data.QueryRuleTest" time="0"/>
  <testcase name="equalsEntityId" classname="org.molgenis.data.QueryRuleTest" time="0"/>
  <testcase name="equalsInEntity" classname="org.molgenis.data.QueryRuleTest" time="0"/>
  <testcase name="equalsWithDifferentFields" classname="org.molgenis.data.QueryRuleTest" time="0"/>
  <testcase name="equalsWithDifferentOperator" classname="org.molgenis.data.QueryRuleTest" time="0"/>
  <testcase name="equalsWithDifferentValues" classname="org.molgenis.data.QueryRuleTest" time="0"/>
  <testcase name="equalsWithNestedRules" classname="org.molgenis.data.QueryRuleTest" time="0"/>
  <testcase name="valuesForRangeOperator" classname="org.molgenis.data.QueryRuleTest" time="0"/>
  <testcase name="testCopyRepository" classname="org.molgenis.data.support.RepositoryCopierTest" time="0.058"/>
  <testcase name="testRepositoryCopier" classname="org.molgenis.data.support.RepositoryCopierTest" time="0"/>
  <testcase name="testGetLocalizedMessage" classname="org.molgenis.data.transaction.UnknownRepositoryCollectionExceptionTest" time="0"/>
  <testcase name="testGetLocalizedMessage" classname="org.molgenis.data.transaction.UnknownRepositoryCollectionExceptionTest" time="0"/>
  <testcase name="isIdAttributeTypeAllowed" classname="org.molgenis.data.support.AttributeUtilsTest" time="0.001"/>
  <testcase name="isIdAttributeTypeAllowed" classname="org.molgenis.data.support.AttributeUtilsTest" time="0"/>
  <testcase name="isIdAttributeTypeAllowed" classname="org.molgenis.data.support.AttributeUtilsTest" time="0"/>
  <testcase name="isIdAttributeTypeAllowed" classname="org.molgenis.data.support.AttributeUtilsTest" time="0"/>
  <testcase name="isIdAttributeTypeAllowed" classname="org.molgenis.data.support.AttributeUtilsTest" time="0"/>
  <testcase name="isIdAttributeTypeAllowed" classname="org.molgenis.data.support.AttributeUtilsTest" time="0"/>
  <testcase name="isIdAttributeTypeAllowed" classname="org.molgenis.data.support.AttributeUtilsTest" time="0.001"/>
  <testcase name="isIdAttributeTypeAllowed" classname="org.molgenis.data.support.AttributeUtilsTest" time="0"/>
  <testcase name="isIdAttributeTypeAllowed" classname="org.molgenis.data.support.AttributeUtilsTest" time="0"/>
  <testcase name="isIdAttributeTypeAllowed" classname="org.molgenis.data.support.AttributeUtilsTest" time="0"/>
  <testcase name="isIdAttributeTypeAllowed" classname="org.molgenis.data.support.AttributeUtilsTest" time="0"/>
  <testcase name="isIdAttributeTypeAllowed" classname="org.molgenis.data.support.AttributeUtilsTest" time="0"/>
  <testcase name="isIdAttributeTypeAllowed" classname="org.molgenis.data.support.AttributeUtilsTest" time="0.001"/>
  <testcase name="isIdAttributeTypeAllowed" classname="org.molgenis.data.support.AttributeUtilsTest" time="0"/>
  <testcase name="isIdAttributeTypeAllowed" classname="org.molgenis.data.support.AttributeUtilsTest" time="0"/>
  <testcase name="isIdAttributeTypeAllowed" classname="org.molgenis.data.support.AttributeUtilsTest" time="0"/>
  <testcase name="isIdAttributeTypeAllowed" classname="org.molgenis.data.support.AttributeUtilsTest" time="0.001"/>
  <testcase name="isIdAttributeTypeAllowed" classname="org.molgenis.data.support.AttributeUtilsTest" time="0"/>
  <testcase name="isIdAttributeTypeAllowed" classname="org.molgenis.data.support.AttributeUtilsTest" time="0"/>
  <testcase name="testGetI18nAttributeName" classname="org.molgenis.data.support.AttributeUtilsTest" time="0"/>
  <testcase name="testGetI18nAttributeName" classname="org.molgenis.data.support.AttributeUtilsTest" time="0"/>
  <testcase name="testGetI18nAttributeName" classname="org.molgenis.data.support.AttributeUtilsTest" time="0"/>
  <testcase name="add" classname="org.molgenis.data.transaction.TransactionalRepositoryDecoratorTest" time="0.005"/>
  <testcase name="addStream" classname="org.molgenis.data.transaction.TransactionalRepositoryDecoratorTest" time="0"/>
  <testcase name="aggregate" classname="org.molgenis.data.transaction.TransactionalRepositoryDecoratorTest" time="0"/>
  <testcase name="count" classname="org.molgenis.data.transaction.TransactionalRepositoryDecoratorTest" time="0.001"/>
  <testcase name="countQuery" classname="org.molgenis.data.transaction.TransactionalRepositoryDecoratorTest" time="0.001"/>
  <testcase name="delete" classname="org.molgenis.data.transaction.TransactionalRepositoryDecoratorTest" time="0.001"/>
  <testcase name="deleteAll" classname="org.molgenis.data.transaction.TransactionalRepositoryDecoratorTest" time="0.001"/>
  <testcase name="deleteAllStream" classname="org.molgenis.data.transaction.TransactionalRepositoryDecoratorTest" time="0"/>
  <testcase name="deleteById" classname="org.molgenis.data.transaction.TransactionalRepositoryDecoratorTest" time="0.001"/>
  <testcase name="deleteStream" classname="org.molgenis.data.transaction.TransactionalRepositoryDecoratorTest" time="0.001"/>
  <testcase name="findAllQuery" classname="org.molgenis.data.transaction.TransactionalRepositoryDecoratorTest" time="0.001"/>
  <testcase name="findAllStream" classname="org.molgenis.data.transaction.TransactionalRepositoryDecoratorTest" time="0"/>
  <testcase name="findAllStreamFetch" classname="org.molgenis.data.transaction.TransactionalRepositoryDecoratorTest" time="0"/>
  <testcase name="findOne" classname="org.molgenis.data.transaction.TransactionalRepositoryDecoratorTest" time="0"/>
  <testcase name="findOneById" classname="org.molgenis.data.transaction.TransactionalRepositoryDecoratorTest" time="0.001"/>
  <testcase name="findOneByIdFetch" classname="org.molgenis.data.transaction.TransactionalRepositoryDecoratorTest" time="0"/>
  <testcase name="forEachBatched" classname="org.molgenis.data.transaction.TransactionalRepositoryDecoratorTest" time="0.002"/>
  <testcase name="forEachBatchedFetch" classname="org.molgenis.data.transaction.TransactionalRepositoryDecoratorTest" time="0.001"/>
  <testcase name="iterator" classname="org.molgenis.data.transaction.TransactionalRepositoryDecoratorTest" time="0"/>
  <testcase name="update" classname="org.molgenis.data.transaction.TransactionalRepositoryDecoratorTest" time="0"/>
  <testcase name="updateStream" classname="org.molgenis.data.transaction.TransactionalRepositoryDecoratorTest" time="0.001"/>
  <testcase name="testDelegate" classname="org.molgenis.data.CascadeDeleteRepositoryDecoratorTest" time="0"/>
  <testcase name="testDeleteAllCascadeNotNull" classname="org.molgenis.data.CascadeDeleteRepositoryDecoratorTest" time="0.003"/>
  <testcase name="testDeleteAllNoCascade" classname="org.molgenis.data.CascadeDeleteRepositoryDecoratorTest" time="0"/>
  <testcase name="testDeleteAllStreamCascadeNotNull" classname="org.molgenis.data.CascadeDeleteRepositoryDecoratorTest" time="0.001"/>
  <testcase name="testDeleteAllStreamNoCascade" classname="org.molgenis.data.CascadeDeleteRepositoryDecoratorTest" time="0"/>
  <testcase name="testDeleteByIdCascadeNotNull" classname="org.molgenis.data.CascadeDeleteRepositoryDecoratorTest" time="0"/>
  <testcase name="testDeleteByIdNoCascade" classname="org.molgenis.data.CascadeDeleteRepositoryDecoratorTest" time="0"/>
  <testcase name="testDeleteCascadeMrefEmpty" classname="org.molgenis.data.CascadeDeleteRepositoryDecoratorTest" time="0.001"/>
  <testcase name="testDeleteCascadeMrefNotEmpty" classname="org.molgenis.data.CascadeDeleteRepositoryDecoratorTest" time="0.001"/>
  <testcase name="testDeleteCascadeNotNull" classname="org.molgenis.data.CascadeDeleteRepositoryDecoratorTest" time="0"/>
  <testcase name="testDeleteCascadeNull" classname="org.molgenis.data.CascadeDeleteRepositoryDecoratorTest" time="0"/>
  <testcase name="testDeleteNoCascade" classname="org.molgenis.data.CascadeDeleteRepositoryDecoratorTest" time="0"/>
  <testcase name="testDeleteStreamCascadeNotNull" classname="org.molgenis.data.CascadeDeleteRepositoryDecoratorTest" time="0.001"/>
  <testcase name="testDeleteStreamNoCascade" classname="org.molgenis.data.CascadeDeleteRepositoryDecoratorTest" time="0"/>
  <testcase name="buildFullNameNoPackage" classname="org.molgenis.data.support.EntityTypeUtilsTest" time="0"/>
  <testcase name="buildFullNamePackage" classname="org.molgenis.data.support.EntityTypeUtilsTest" time="0"/>
  <testcase name="buildFullNamePackageDefault" classname="org.molgenis.data.support.EntityTypeUtilsTest" time="0"/>
  <testcase name="getAttributeNames" classname="org.molgenis.data.support.EntityTypeUtilsTest" time="0.001"/>
  <testcase name="isMultipleReferenceType" classname="org.molgenis.data.support.EntityTypeUtilsTest" time="0"/>
  <testcase name="isMultipleReferenceType" classname="org.molgenis.data.support.EntityTypeUtilsTest" time="0"/>
  <testcase name="isMultipleReferenceType" classname="org.molgenis.data.support.EntityTypeUtilsTest" time="0"/>
  <testcase name="isMultipleReferenceType" classname="org.molgenis.data.support.EntityTypeUtilsTest" time="0.001"/>
  <testcase name="isMultipleReferenceType" classname="org.molgenis.data.support.EntityTypeUtilsTest" time="0"/>
  <testcase name="isMultipleReferenceType" classname="org.molgenis.data.support.EntityTypeUtilsTest" time="0"/>
  <testcase name="isMultipleReferenceType" classname="org.molgenis.data.support.EntityTypeUtilsTest" time="0"/>
  <testcase name="isMultipleReferenceType" classname="org.molgenis.data.support.EntityTypeUtilsTest" time="0"/>
  <testcase name="isMultipleReferenceType" classname="org.molgenis.data.support.EntityTypeUtilsTest" time="0"/>
  <testcase name="isMultipleReferenceType" classname="org.molgenis.data.support.EntityTypeUtilsTest" time="0"/>
  <testcase name="isMultipleReferenceType" classname="org.molgenis.data.support.EntityTypeUtilsTest" time="0"/>
  <testcase name="isMultipleReferenceType" classname="org.molgenis.data.support.EntityTypeUtilsTest" time="0"/>
  <testcase name="isMultipleReferenceType" classname="org.molgenis.data.support.EntityTypeUtilsTest" time="0"/>
  <testcase name="isMultipleReferenceType" classname="org.molgenis.data.support.EntityTypeUtilsTest" time="0"/>
  <testcase name="isMultipleReferenceType" classname="org.molgenis.data.support.EntityTypeUtilsTest" time="0"/>
  <testcase name="isMultipleReferenceType" classname="org.molgenis.data.support.EntityTypeUtilsTest" time="0"/>
  <testcase name="isMultipleReferenceType" classname="org.molgenis.data.support.EntityTypeUtilsTest" time="0"/>
  <testcase name="isMultipleReferenceType" classname="org.molgenis.data.support.EntityTypeUtilsTest" time="0"/>
  <testcase name="isMultipleReferenceType" classname="org.molgenis.data.support.EntityTypeUtilsTest" time="0"/>
  <testcase name="isMultipleReferenceType" classname="org.molgenis.data.support.EntityTypeUtilsTest" time="0.001"/>
  <testcase name="isReferenceTypeAttr" classname="org.molgenis.data.support.EntityTypeUtilsTest" time="0"/>
  <testcase name="isReferenceTypeAttr" classname="org.molgenis.data.support.EntityTypeUtilsTest" time="0"/>
  <testcase name="isReferenceTypeAttr" classname="org.molgenis.data.support.EntityTypeUtilsTest" time="0"/>
  <testcase name="isReferenceTypeAttr" classname="org.molgenis.data.support.EntityTypeUtilsTest" time="0"/>
  <testcase name="isReferenceTypeAttr" classname="org.molgenis.data.support.EntityTypeUtilsTest" time="0"/>
  <testcase name="isReferenceTypeAttr" classname="org.molgenis.data.support.EntityTypeUtilsTest" time="0.001"/>
  <testcase name="isReferenceTypeAttr" classname="org.molgenis.data.support.EntityTypeUtilsTest" time="0"/>
  <testcase name="isReferenceTypeAttr" classname="org.molgenis.data.support.EntityTypeUtilsTest" time="0"/>
  <testcase name="isReferenceTypeAttr" classname="org.molgenis.data.support.EntityTypeUtilsTest" time="0"/>
  <testcase name="isReferenceTypeAttr" classname="org.molgenis.data.support.EntityTypeUtilsTest" time="0"/>
  <testcase name="isReferenceTypeAttr" classname="org.molgenis.data.support.EntityTypeUtilsTest" time="0"/>
  <testcase name="isReferenceTypeAttr" classname="org.molgenis.data.support.EntityTypeUtilsTest" time="0"/>
  <testcase name="isReferenceTypeAttr" classname="org.molgenis.data.support.EntityTypeUtilsTest" time="0"/>
  <testcase name="isReferenceTypeAttr" classname="org.molgenis.data.support.EntityTypeUtilsTest" time="0"/>
  <testcase name="isReferenceTypeAttr" classname="org.molgenis.data.support.EntityTypeUtilsTest" time="0.001"/>
  <testcase name="isReferenceTypeAttr" classname="org.molgenis.data.support.EntityTypeUtilsTest" time="0"/>
  <testcase name="isReferenceTypeAttr" classname="org.molgenis.data.support.EntityTypeUtilsTest" time="0"/>
  <testcase name="isReferenceTypeAttr" classname="org.molgenis.data.support.EntityTypeUtilsTest" time="0"/>
  <testcase name="isReferenceTypeAttr" classname="org.molgenis.data.support.EntityTypeUtilsTest" time="0"/>
  <testcase name="isReferenceTypeAttr" classname="org.molgenis.data.support.EntityTypeUtilsTest" time="0"/>
  <testcase name="isReferenceTypeAttrType" classname="org.molgenis.data.support.EntityTypeUtilsTest" time="0.001"/>
  <testcase name="isReferenceTypeAttrType" classname="org.molgenis.data.support.EntityTypeUtilsTest" time="0"/>
  <testcase name="isReferenceTypeAttrType" classname="org.molgenis.data.support.EntityTypeUtilsTest" time="0"/>
  <testcase name="isReferenceTypeAttrType" classname="org.molgenis.data.support.EntityTypeUtilsTest" time="0"/>
  <testcase name="isReferenceTypeAttrType" classname="org.molgenis.data.support.EntityTypeUtilsTest" time="0"/>
  <testcase name="isReferenceTypeAttrType" classname="org.molgenis.data.support.EntityTypeUtilsTest" time="0"/>
  <testcase name="isReferenceTypeAttrType" classname="org.molgenis.data.support.EntityTypeUtilsTest" time="0"/>
  <testcase name="isReferenceTypeAttrType" classname="org.molgenis.data.support.EntityTypeUtilsTest" time="0"/>
  <testcase name="isReferenceTypeAttrType" classname="org.molgenis.data.support.EntityTypeUtilsTest" time="0"/>
  <testcase name="isReferenceTypeAttrType" classname="org.molgenis.data.support.EntityTypeUtilsTest" time="0"/>
  <testcase name="isReferenceTypeAttrType" classname="org.molgenis.data.support.EntityTypeUtilsTest" time="0"/>
  <testcase name="isReferenceTypeAttrType" classname="org.molgenis.data.support.EntityTypeUtilsTest" time="0"/>
  <testcase name="isReferenceTypeAttrType" classname="org.molgenis.data.support.EntityTypeUtilsTest" time="0"/>
  <testcase name="isReferenceTypeAttrType" classname="org.molgenis.data.support.EntityTypeUtilsTest" time="0"/>
  <testcase name="isReferenceTypeAttrType" classname="org.molgenis.data.support.EntityTypeUtilsTest" time="0"/>
  <testcase name="isReferenceTypeAttrType" classname="org.molgenis.data.support.EntityTypeUtilsTest" time="0"/>
  <testcase name="isReferenceTypeAttrType" classname="org.molgenis.data.support.EntityTypeUtilsTest" time="0"/>
  <testcase name="isReferenceTypeAttrType" classname="org.molgenis.data.support.EntityTypeUtilsTest" time="0"/>
  <testcase name="isReferenceTypeAttrType" classname="org.molgenis.data.support.EntityTypeUtilsTest" time="0"/>
  <testcase name="isReferenceTypeAttrType" classname="org.molgenis.data.support.EntityTypeUtilsTest" time="0"/>
  <testcase name="isSystemEntityIfInSystemPackage" classname="org.molgenis.data.support.EntityTypeUtilsTest" time="0"/>
  <testcase name="isSystemEntityIfInSystemSubPackage" classname="org.molgenis.data.support.EntityTypeUtilsTest" time="0"/>
  <testcase name="isSystemEntityNotASystemEntityIfNotInPackage" classname="org.molgenis.data.support.EntityTypeUtilsTest" time="0.001"/>
  <testcase name="isSystemEntityNotASystemIfNotInSystemPackage" classname="org.molgenis.data.support.EntityTypeUtilsTest" time="0"/>
  <testcase name="testCreateFetchForReindexingIndexingDepth0" classname="org.molgenis.data.support.EntityTypeUtilsTest" time="0.001"/>
  <testcase name="testCreateFetchForReindexingIndexingDepth1" classname="org.molgenis.data.support.EntityTypeUtilsTest" time="0"/>
  <testcase name="testCreateFetchForReindexingIndexingDepth2" classname="org.molgenis.data.support.EntityTypeUtilsTest" time="0"/>
  <testcase name="containsAnyOperator" classname="org.molgenis.data.QueryUtilsTest" time="0.002"/>
  <testcase name="containsComputedAttribute" classname="org.molgenis.data.QueryUtilsTest" time="0.001"/>
  <testcase name="containsComputedAttributeNested" classname="org.molgenis.data.QueryUtilsTest" time="0.001"/>
  <testcase name="containsNestedComputedAttributes" classname="org.molgenis.data.QueryUtilsTest" time="0.001"/>
  <testcase name="containsNestedQueryRuleFieldFalse" classname="org.molgenis.data.QueryUtilsTest" time="0"/>
  <testcase name="containsNestedQueryRuleFieldTrue" classname="org.molgenis.data.QueryUtilsTest" time="0"/>
  <testcase name="containsOperator" classname="org.molgenis.data.QueryUtilsTest" time="0.001"/>
  <testcase name="emptyQuery" classname="org.molgenis.data.QueryUtilsTest" time="0"/>
  <testcase name="nestedQueryRules" classname="org.molgenis.data.QueryUtilsTest" time="0.001"/>
  <testcase name="notContainsAnyOperator" classname="org.molgenis.data.QueryUtilsTest" time="0"/>
  <testcase name="notContainsComputedAttributes" classname="org.molgenis.data.QueryUtilsTest" time="0"/>
  <testcase name="notContainsOperator" classname="org.molgenis.data.QueryUtilsTest" time="0"/>
  <testcase name="testGetQueryRuleAttribute" classname="org.molgenis.data.QueryUtilsTest" time="0"/>
  <testcase name="testGetQueryRuleAttributeNested" classname="org.molgenis.data.QueryUtilsTest" time="0.001"/>
  <testcase name="testGetQueryRuleAttributeNestedUnknown" classname="org.molgenis.data.QueryUtilsTest" time="0"/>
  <testcase name="testGetQueryRuleAttributeUnknown" classname="org.molgenis.data.QueryUtilsTest" time="0"/>
  <testcase name="testGetLocalizedMessage" classname="org.molgenis.data.UnknownRepositoryExceptionTest" time="0"/>
  <testcase name="testGetLocalizedMessage" classname="org.molgenis.data.UnknownRepositoryExceptionTest" time="0"/>
  <testcase name="getRootPackageNoParent" classname="org.molgenis.data.meta.model.PackageTest" time="0.098"/>
  <testcase name="getRootPackageParent" classname="org.molgenis.data.meta.model.PackageTest" time="0.001"/>
  <testcase name="setIdAttributeFalse" classname="org.molgenis.data.meta.model.AttributeTest" time="0"/>
  <testcase name="setIdAttributeTrue" classname="org.molgenis.data.meta.model.AttributeTest" time="0"/>
  <testcase name="setParentAttributeToAttribute" classname="org.molgenis.data.meta.model.AttributeTest" time="0.001"/>
  <testcase name="setParentAttributeToNull" classname="org.molgenis.data.meta.model.AttributeTest" time="0"/>
  <testcase name="setParentNullToAttribute" classname="org.molgenis.data.meta.model.AttributeTest" time="0"/>
  <testcase name="setParentNullToNull" classname="org.molgenis.data.meta.model.AttributeTest" time="0"/>
  <testcase name="testIdValidationExpression" classname="org.molgenis.data.meta.model.AttributeTest" time="0"/>
  <testcase name="testNewInstance" classname="org.molgenis.data.meta.model.AttributeTest" time="0.005"/>
  <testcase name="addAttributeWithDuplicateName" classname="org.molgenis.data.meta.model.EntityTypeTest" time="0.002"/>
  <testcase name="addSequenceNumberNull" classname="org.molgenis.data.meta.model.EntityTypeTest" time="0"/>
  <testcase name="addSequenceNumberNullAndOtherNull" classname="org.molgenis.data.meta.model.EntityTypeTest" time="0"/>
  <testcase name="newInstanceShallowCopy" classname="org.molgenis.data.meta.model.EntityTypeTest" time="0.044"/>
  <testcase name="setLabel" classname="org.molgenis.data.meta.model.EntityTypeTest" time="0.001"/>
  <testcase name="setLabelNull" classname="org.molgenis.data.meta.model.EntityTypeTest" time="0"/>
  <testcase name="testPackagePersister" classname="org.molgenis.data.meta.persist.PackagePersisterTest" time="0"/>
  <testcase name="testUpsertPackages" classname="org.molgenis.data.meta.persist.PackagePersisterTest" time="0.003"/>
  <testcase name="resolveDependenciesAddedNotDependedEntity" classname="org.molgenis.data.meta.EntityTypeDependencyResolverTest" time="0.007"/>
  <testcase name="resolveDependenciesEmptyInput" classname="org.molgenis.data.meta.EntityTypeDependencyResolverTest" time="0"/>
  <testcase name="resolveDependenciesEntity" classname="org.molgenis.data.meta.EntityTypeDependencyResolverTest" time="0.005"/>
  <testcase name="resolveDependenciesEntityCircularExtends" classname="org.molgenis.data.meta.EntityTypeDependencyResolverTest" time="0.002"/>
  <testcase name="resolveDependenciesEntityCircularRefEntity" classname="org.molgenis.data.meta.EntityTypeDependencyResolverTest" time="0.003"/>
  <testcase name="resolveDependenciesEntityExtendedDependencies" classname="org.molgenis.data.meta.EntityTypeDependencyResolverTest" time="0.006"/>
  <testcase name="resolveDependenciesExtends3Level" classname="org.molgenis.data.meta.EntityTypeDependencyResolverTest" time="0.008"/>
  <testcase name="resolveDependenciesInInput" classname="org.molgenis.data.meta.EntityTypeDependencyResolverTest" time="0.002"/>
  <testcase name="resolveDependenciesOneItemInput" classname="org.molgenis.data.meta.EntityTypeDependencyResolverTest" time="0"/>
  <testcase name="resolveSomeDependenciesInInput" classname="org.molgenis.data.meta.EntityTypeDependencyResolverTest" time="0.002"/>
  <testcase name="isSystemPackageFalse" classname="org.molgenis.data.meta.MetaUtilsTest" time="0.001"/>
  <testcase name="isSystemPackageTrue" classname="org.molgenis.data.meta.MetaUtilsTest" time="0"/>
  <testcase name="isSystemPackageTrueNested" classname="org.molgenis.data.meta.MetaUtilsTest" time="0"/>
  <testcase name="testGenerateHashcode" classname="org.molgenis.data.meta.AbstractMetadataIdGeneratorTest" time="0.01"/>
  <testcase name="updateNonSystemAbstractEntity" classname="org.molgenis.data.meta.AttributeRepositoryDecoratorTest" time="0.002"/>
  <testcase name="testPackageRepositoryDecorator" classname="org.molgenis.data.meta.PackageRepositoryDecoratorTest" time="0.001"/>
  <testcase name="addAttribute" classname="org.molgenis.data.meta.MetaDataServiceImplTest" time="0.002"/>
  <testcase name="addEntityType" classname="org.molgenis.data.meta.MetaDataServiceImplTest" time="0.001"/>
  <testcase name="addEntityTypesMappedByAttrs" classname="org.molgenis.data.meta.MetaDataServiceImplTest" time="0.014"/>
  <testcase name="addEntityTypesNoMappedByAttrs" classname="org.molgenis.data.meta.MetaDataServiceImplTest" time="0.001"/>
  <testcase name="addPackage" classname="org.molgenis.data.meta.MetaDataServiceImplTest" time="0"/>
  <testcase name="createRepository" classname="org.molgenis.data.meta.MetaDataServiceImplTest" time="0"/>
  <testcase name="createRepositoryAbstractEntityType" classname="org.molgenis.data.meta.MetaDataServiceImplTest" time="0"/>
  <testcase name="createRepositoryTyped" classname="org.molgenis.data.meta.MetaDataServiceImplTest" time="0"/>
  <testcase name="createRepositoryTypedAbstractEntityType" classname="org.molgenis.data.meta.MetaDataServiceImplTest" time="0"/>
  <testcase name="deleteAttributeById" classname="org.molgenis.data.meta.MetaDataServiceImplTest" time="0"/>
  <testcase name="deleteEntityType" classname="org.molgenis.data.meta.MetaDataServiceImplTest" time="0"/>
  <testcase name="deleteEntityTypeCollection" classname="org.molgenis.data.meta.MetaDataServiceImplTest" time="0.001"/>
  <testcase name="deleteEntityTypeCollectionEmpty" classname="org.molgenis.data.meta.MetaDataServiceImplTest" time="0"/>
  <testcase name="getBackend" classname="org.molgenis.data.meta.MetaDataServiceImplTest" time="0"/>
  <testcase name="getBackendUnknown" classname="org.molgenis.data.meta.MetaDataServiceImplTest" time="0.003"/>
  <testcase name="getDefaultRepositoryCollection" classname="org.molgenis.data.meta.MetaDataServiceImplTest" time="0"/>
  <testcase name="getEntityType" classname="org.molgenis.data.meta.MetaDataServiceImplTest" time="0"/>
  <testcase name="getEntityTypeNull" classname="org.molgenis.data.meta.MetaDataServiceImplTest" time="0"/>
  <testcase name="getEntityTypeUnknownEntity" classname="org.molgenis.data.meta.MetaDataServiceImplTest" time="0"/>
  <testcase name="getPackageString" classname="org.molgenis.data.meta.MetaDataServiceImplTest" time="0.001"/>
  <testcase name="getPackageStringUnknownPackage" classname="org.molgenis.data.meta.MetaDataServiceImplTest" time="0"/>
  <testcase name="getPackages" classname="org.molgenis.data.meta.MetaDataServiceImplTest" time="0"/>
  <testcase name="getRepositories" classname="org.molgenis.data.meta.MetaDataServiceImplTest" time="0.001"/>
  <testcase name="getRepository" classname="org.molgenis.data.meta.MetaDataServiceImplTest" time="0"/>
  <testcase name="getRepositoryAbstractEntityType" classname="org.molgenis.data.meta.MetaDataServiceImplTest" time="0"/>
  <testcase name="getRepositoryEntityType" classname="org.molgenis.data.meta.MetaDataServiceImplTest" time="0"/>
  <testcase name="getRepositoryEntityTypeAbstract" classname="org.molgenis.data.meta.MetaDataServiceImplTest" time="0.001"/>
  <testcase name="getRepositoryTyped" classname="org.molgenis.data.meta.MetaDataServiceImplTest" time="0.001"/>
  <testcase name="getRepositoryTypedAbstractEntityType" classname="org.molgenis.data.meta.MetaDataServiceImplTest" time="0"/>
  <testcase name="getRepositoryTypedEntityType" classname="org.molgenis.data.meta.MetaDataServiceImplTest" time="0"/>
  <testcase name="getRepositoryTypedEntityTypeAbstract" classname="org.molgenis.data.meta.MetaDataServiceImplTest" time="0"/>
  <testcase name="getRepositoryTypedUnknownEntity" classname="org.molgenis.data.meta.MetaDataServiceImplTest" time="0"/>
  <testcase name="getRepositoryUnknownEntity" classname="org.molgenis.data.meta.MetaDataServiceImplTest" time="0"/>
  <testcase name="getRootPackages" classname="org.molgenis.data.meta.MetaDataServiceImplTest" time="0.001"/>
  <testcase name="getSystemEntityTypeBypassingRegistry" classname="org.molgenis.data.meta.MetaDataServiceImplTest" time="0.092"/>
  <testcase name="getSystemEntityTypeFromRegistry" classname="org.molgenis.data.meta.MetaDataServiceImplTest" time="0"/>
  <testcase name="hasBackendFalse" classname="org.molgenis.data.meta.MetaDataServiceImplTest" time="0.001"/>
  <testcase name="hasBackendTrue" classname="org.molgenis.data.meta.MetaDataServiceImplTest" time="0"/>
  <testcase name="hasEntityTypeNonSystemEntityType" classname="org.molgenis.data.meta.MetaDataServiceImplTest" time="0"/>
  <testcase name="hasEntityTypeSystemEntityType" classname="org.molgenis.data.meta.MetaDataServiceImplTest" time="0"/>
  <testcase name="hasEntityTypeUnknownEntityType" classname="org.molgenis.data.meta.MetaDataServiceImplTest" time="0.001"/>
  <testcase name="hasRepository" classname="org.molgenis.data.meta.MetaDataServiceImplTest" time="0"/>
  <testcase name="hasRepositoryAbstractEntityType" classname="org.molgenis.data.meta.MetaDataServiceImplTest" time="0"/>
  <testcase name="isMetaEntityType" classname="org.molgenis.data.meta.MetaDataServiceImplTest" time="0"/>
  <testcase name="isMetaEntityType" classname="org.molgenis.data.meta.MetaDataServiceImplTest" time="0"/>
  <testcase name="isMetaEntityType" classname="org.molgenis.data.meta.MetaDataServiceImplTest" time="0"/>
  <testcase name="isMetaEntityType" classname="org.molgenis.data.meta.MetaDataServiceImplTest" time="0"/>
  <testcase name="isMetaEntityType" classname="org.molgenis.data.meta.MetaDataServiceImplTest" time="0"/>
  <testcase name="testGetReferringAttributes" classname="org.molgenis.data.meta.MetaDataServiceImplTest" time="0.001"/>
  <testcase name="updateEntityType" classname="org.molgenis.data.meta.MetaDataServiceImplTest" time="0.003"/>
  <testcase name="updateEntityTypeCollection" classname="org.molgenis.data.meta.MetaDataServiceImplTest" time="0.004"/>
  <testcase name="updateEntityTypeCollectionEmpty" classname="org.molgenis.data.meta.MetaDataServiceImplTest" time="0"/>
  <testcase name="updateEntityTypeCollectionMappedByExisting" classname="org.molgenis.data.meta.MetaDataServiceImplTest" time="0.004"/>
  <testcase name="updateEntityTypeCollectionMappedByNew" classname="org.molgenis.data.meta.MetaDataServiceImplTest" time="0.006"/>
  <testcase name="updateEntityTypeEntityDoesNotExist" classname="org.molgenis.data.meta.MetaDataServiceImplTest" time="0.001"/>
  <testcase name="upsertEntityTypeCollectionEmpty" classname="org.molgenis.data.meta.MetaDataServiceImplTest" time="0"/>
  <testcase name="upsertPackages" classname="org.molgenis.data.meta.MetaDataServiceImplTest" time="0"/>
  <testcase name="addRemoveAttributeAbstractEntityType" classname="org.molgenis.data.meta.EntityTypeRepositoryDecoratorTest" time="0.005"/>
  <testcase name="addWithKnownBackend" classname="org.molgenis.data.meta.EntityTypeRepositoryDecoratorTest" time="0"/>
  <testcase name="addWithUnknownBackend" classname="org.molgenis.data.meta.EntityTypeRepositoryDecoratorTest" time="0"/>
  <testcase name="delete" classname="org.molgenis.data.meta.EntityTypeRepositoryDecoratorTest" time="0.005"/>
  <testcase name="deleteAbstract" classname="org.molgenis.data.meta.EntityTypeRepositoryDecoratorTest" time="0.001"/>
  <testcase name="deleteEntityTypesWithOneToMany" classname="org.molgenis.data.meta.EntityTypeRepositoryDecoratorTest" time="0.006"/>
  <testcase name="updateConcreteEntityType" classname="org.molgenis.data.meta.EntityTypeRepositoryDecoratorTest" time="0"/>
  <testcase name="testAssignRolesToAttributeParts" classname="org.molgenis.data.meta.SystemEntityTypeTest" time="0.002"/>
  <testcase name="testAssignRolesToAttributePartsNested" classname="org.molgenis.data.meta.SystemEntityTypeTest" time="0.001"/>
  <testcase name="EntityListenerRepositoryDecorator" classname="org.molgenis.data.listeners.EntityListenerRepositoryDecoratorTest" time="0"/>
  <testcase name="addStream" classname="org.molgenis.data.listeners.EntityListenerRepositoryDecoratorTest" time="0"/>
  <testcase name="deleteStream" classname="org.molgenis.data.listeners.EntityListenerRepositoryDecoratorTest" time="0"/>
  <testcase name="findAllAsStream" classname="org.molgenis.data.listeners.EntityListenerRepositoryDecoratorTest" time="0"/>
  <testcase name="findAllStream" classname="org.molgenis.data.listeners.EntityListenerRepositoryDecoratorTest" time="0"/>
  <testcase name="findAllStreamFetch" classname="org.molgenis.data.listeners.EntityListenerRepositoryDecoratorTest" time="0"/>
  <testcase name="removeEntityListener" classname="org.molgenis.data.listeners.EntityListenerRepositoryDecoratorTest" time="0.011"/>
  <testcase name="streamFetch" classname="org.molgenis.data.listeners.EntityListenerRepositoryDecoratorTest" time="0"/>
  <testcase name="testQuery" classname="org.molgenis.data.listeners.EntityListenerRepositoryDecoratorTest" time="0"/>
  <testcase name="updateEntityNoListeners" classname="org.molgenis.data.listeners.EntityListenerRepositoryDecoratorTest" time="0"/>
  <testcase name="updateEntityWithListener" classname="org.molgenis.data.listeners.EntityListenerRepositoryDecoratorTest" time="0.001"/>
  <testcase name="updateEntityWithListeners" classname="org.molgenis.data.listeners.EntityListenerRepositoryDecoratorTest" time="0"/>
  <testcase name="updateEntityWithoutListener" classname="org.molgenis.data.listeners.EntityListenerRepositoryDecoratorTest" time="0.001"/>
  <testcase name="updateStreamNoListeners" classname="org.molgenis.data.listeners.EntityListenerRepositoryDecoratorTest" time="0.001"/>
  <testcase name="updateStreamWithListeners" classname="org.molgenis.data.listeners.EntityListenerRepositoryDecoratorTest" time="0"/>
  <testcase name="updateStreamWithSomeListeners" classname="org.molgenis.data.listeners.EntityListenerRepositoryDecoratorTest" time="0"/>
  <testcase name="addEntityListenerTest" classname="org.molgenis.data.listeners.EntityListenersServiceTest" time="0"/>
  <testcase name="isEmptyTest" classname="org.molgenis.data.listeners.EntityListenersServiceTest" time="0"/>
  <testcase name="noExceptionsStressTest" classname="org.molgenis.data.listeners.EntityListenersServiceTest" time="0.008"/>
  <testcase name="registerNullPointer" classname="org.molgenis.data.listeners.EntityListenersServiceTest" time="0.001"/>
  <testcase name="registerTest" classname="org.molgenis.data.listeners.EntityListenersServiceTest" time="0"/>
  <testcase name="removeEntityListenerTest" classname="org.molgenis.data.listeners.EntityListenersServiceTest" time="0"/>
  <testcase name="updateEntitiesTest" classname="org.molgenis.data.listeners.EntityListenersServiceTest" time="0.001"/>
  <testcase name="updateEntityTest" classname="org.molgenis.data.listeners.EntityListenersServiceTest" time="0"/>
  <testcase name="verifyRepoRegistered" classname="org.molgenis.data.listeners.EntityListenersServiceTest" time="0.001"/>
  <testcase name="testParseInstant" classname="org.molgenis.data.util.MolgenisDateFormatTest" time="0.001"/>
  <testcase name="testParseInstant" classname="org.molgenis.data.util.MolgenisDateFormatTest" time="0"/>
  <testcase name="testParseInstant" classname="org.molgenis.data.util.MolgenisDateFormatTest" time="0.001"/>
  <testcase name="testParseInstant" classname="org.molgenis.data.util.MolgenisDateFormatTest" time="0"/>
  <testcase name="testParseInstant" classname="org.molgenis.data.util.MolgenisDateFormatTest" time="0.013"/>
  <testcase name="testParseInstant" classname="org.molgenis.data.util.MolgenisDateFormatTest" time="0"/>
  <testcase name="testParseLocalDate" classname="org.molgenis.data.util.MolgenisDateFormatTest" time="0"/>
  <testcase name="testParseLocalDate" classname="org.molgenis.data.util.MolgenisDateFormatTest" time="0.001"/>
  <testcase name="testParseLocalDate" classname="org.molgenis.data.util.MolgenisDateFormatTest" time="0"/>
  <testcase name="testParseLocalDate" classname="org.molgenis.data.util.MolgenisDateFormatTest" time="0.002"/>
  <testcase name="testParseLocalDate" classname="org.molgenis.data.util.MolgenisDateFormatTest" time="0"/>
  <testcase name="testParseLocalDate" classname="org.molgenis.data.util.MolgenisDateFormatTest" time="0.002"/>
  <testcase name="testCyclicDependencies" classname="org.molgenis.data.util.GenericDependencyResolverTest" time="0.001"/>
  <testcase name="testGetAllDependants" classname="org.molgenis.data.util.GenericDependencyResolverTest" time="0.005"/>
  <testcase name="testGetAllDependantsCircular" classname="org.molgenis.data.util.GenericDependencyResolverTest" time="0"/>
  <testcase name="testGetAllDependantsCircularZeroDepth" classname="org.molgenis.data.util.GenericDependencyResolverTest" time="0"/>
  <testcase name="testResolveTransientDependency" classname="org.molgenis.data.util.GenericDependencyResolverTest" time="0"/>
  <testcase name="attributeEqualsNoIdentifierCheck" classname="org.molgenis.data.util.EntityUtilsTest" time="0.001"/>
  <testcase name="doesExtend" classname="org.molgenis.data.util.EntityUtilsTest" time="0"/>
  <testcase name="getTypedValueStringAttributeEntityManagerOneToMany" classname="org.molgenis.data.util.EntityUtilsTest" time="0.002"/>
  <testcase name="getTypedValueStringAttributeEntityManagerXref" classname="org.molgenis.data.util.EntityUtilsTest" time="0"/>
  <testcase name="isEmptyAttributeValuesNotNull" classname="org.molgenis.data.util.EntityUtilsTest" time="0.003"/>
  <testcase name="isEmptyAttributeValuesNull" classname="org.molgenis.data.util.EntityUtilsTest" time="0.001"/>
  <testcase name="isEmptyNoAttributes" classname="org.molgenis.data.util.EntityUtilsTest" time="0"/>
  <testcase name="isNullValue" classname="org.molgenis.data.util.EntityUtilsTest" time="0"/>
  <testcase name="isNullValue" classname="org.molgenis.data.util.EntityUtilsTest" time="0"/>
  <testcase name="isNullValue" classname="org.molgenis.data.util.EntityUtilsTest" time="0"/>
  <testcase name="isNullValue" classname="org.molgenis.data.util.EntityUtilsTest" time="0"/>
  <testcase name="isNullValue" classname="org.molgenis.data.util.EntityUtilsTest" time="0"/>
  <testcase name="isNullValue" classname="org.molgenis.data.util.EntityUtilsTest" time="0"/>
  <testcase name="isNullValue" classname="org.molgenis.data.util.EntityUtilsTest" time="0"/>
  <testcase name="isNullValue" classname="org.molgenis.data.util.EntityUtilsTest" time="0.001"/>
  <testcase name="isNullValue" classname="org.molgenis.data.util.EntityUtilsTest" time="0"/>
  <testcase name="isNullValue" classname="org.molgenis.data.util.EntityUtilsTest" time="0"/>
  <testcase name="isNullValue" classname="org.molgenis.data.util.EntityUtilsTest" time="0"/>
  <testcase name="isNullValue" classname="org.molgenis.data.util.EntityUtilsTest" time="0"/>
  <testcase name="isNullValue" classname="org.molgenis.data.util.EntityUtilsTest" time="0"/>
  <testcase name="isNullValue" classname="org.molgenis.data.util.EntityUtilsTest" time="0"/>
  <testcase name="isNullValue" classname="org.molgenis.data.util.EntityUtilsTest" time="0"/>
  <testcase name="isNullValue" classname="org.molgenis.data.util.EntityUtilsTest" time="0.001"/>
  <testcase name="isNullValue" classname="org.molgenis.data.util.EntityUtilsTest" time="0"/>
  <testcase name="isNullValue" classname="org.molgenis.data.util.EntityUtilsTest" time="0"/>
  <testcase name="isNullValue" classname="org.molgenis.data.util.EntityUtilsTest" time="0"/>
  <testcase name="isNullValue" classname="org.molgenis.data.util.EntityUtilsTest" time="0"/>
  <testcase name="isNullValue" classname="org.molgenis.data.util.EntityUtilsTest" time="0"/>
  <testcase name="isNullValue" classname="org.molgenis.data.util.EntityUtilsTest" time="0"/>
  <testcase name="isNullValue" classname="org.molgenis.data.util.EntityUtilsTest" time="0"/>
  <testcase name="isNullValue" classname="org.molgenis.data.util.EntityUtilsTest" time="0"/>
  <testcase name="isNullValue" classname="org.molgenis.data.util.EntityUtilsTest" time="0"/>
  <testcase name="isNullValue" classname="org.molgenis.data.util.EntityUtilsTest" time="0"/>
  <testcase name="isNullValue" classname="org.molgenis.data.util.EntityUtilsTest" time="0.001"/>
  <testcase name="isNullValue" classname="org.molgenis.data.util.EntityUtilsTest" time="0"/>
  <testcase name="isNullValue" classname="org.molgenis.data.util.EntityUtilsTest" time="0"/>
  <testcase name="isNullValue" classname="org.molgenis.data.util.EntityUtilsTest" time="0"/>
  <testcase name="isNullValue" classname="org.molgenis.data.util.EntityUtilsTest" time="0"/>
  <testcase name="isNullValue" classname="org.molgenis.data.util.EntityUtilsTest" time="0"/>
  <testcase name="isNullValue" classname="org.molgenis.data.util.EntityUtilsTest" time="0"/>
  <testcase name="isNullValue" classname="org.molgenis.data.util.EntityUtilsTest" time="0"/>
  <testcase name="isNullValue" classname="org.molgenis.data.util.EntityUtilsTest" time="0"/>
  <testcase name="isNullValue" classname="org.molgenis.data.util.EntityUtilsTest" time="0"/>
  <testcase name="isNullValue" classname="org.molgenis.data.util.EntityUtilsTest" time="0"/>
  <testcase name="isNullValue" classname="org.molgenis.data.util.EntityUtilsTest" time="0"/>
  <testcase name="isNullValueCompoundAttribute" classname="org.molgenis.data.util.EntityUtilsTest" time="0.001"/>
  <testcase name="testEqualsAttribute" classname="org.molgenis.data.util.EntityUtilsTest" time="0"/>
  <testcase name="testEqualsAttribute" classname="org.molgenis.data.util.EntityUtilsTest" time="0"/>
  <testcase name="testEqualsAttribute" classname="org.molgenis.data.util.EntityUtilsTest" time="0"/>
  <testcase name="testEqualsAttribute" classname="org.molgenis.data.util.EntityUtilsTest" time="0"/>
  <testcase name="testEqualsAttribute" classname="org.molgenis.data.util.EntityUtilsTest" time="0.001"/>
  <testcase name="testEqualsAttribute" classname="org.molgenis.data.util.EntityUtilsTest" time="0"/>
  <testcase name="testEqualsAttribute" classname="org.molgenis.data.util.EntityUtilsTest" time="0.001"/>
  <testcase name="testEqualsAttribute" classname="org.molgenis.data.util.EntityUtilsTest" time="0"/>
  <testcase name="testEqualsAttribute" classname="org.molgenis.data.util.EntityUtilsTest" time="0"/>
  <testcase name="testEqualsAttribute" classname="org.molgenis.data.util.EntityUtilsTest" time="0"/>
  <testcase name="testEqualsAttribute" classname="org.molgenis.data.util.EntityUtilsTest" time="0.001"/>
  <testcase name="testEqualsAttribute" classname="org.molgenis.data.util.EntityUtilsTest" time="0"/>
  <testcase name="testEqualsAttribute" classname="org.molgenis.data.util.EntityUtilsTest" time="0"/>
  <testcase name="testEqualsAttribute" classname="org.molgenis.data.util.EntityUtilsTest" time="0"/>
  <testcase name="testEqualsAttribute" classname="org.molgenis.data.util.EntityUtilsTest" time="0.001"/>
  <testcase name="testEqualsAttribute" classname="org.molgenis.data.util.EntityUtilsTest" time="0"/>
  <testcase name="testEqualsAttribute" classname="org.molgenis.data.util.EntityUtilsTest" time="0.001"/>
  <testcase name="testEqualsAttribute" classname="org.molgenis.data.util.EntityUtilsTest" time="0"/>
  <testcase name="testEqualsAttribute" classname="org.molgenis.data.util.EntityUtilsTest" time="0.001"/>
  <testcase name="testEqualsAttribute" classname="org.molgenis.data.util.EntityUtilsTest" time="0"/>
  <testcase name="testEqualsAttribute" classname="org.molgenis.data.util.EntityUtilsTest" time="0"/>
  <testcase name="testEqualsAttribute" classname="org.molgenis.data.util.EntityUtilsTest" time="0.001"/>
  <testcase name="testEqualsAttribute" classname="org.molgenis.data.util.EntityUtilsTest" time="0"/>
  <testcase name="testEqualsAttribute" classname="org.molgenis.data.util.EntityUtilsTest" time="0.001"/>
  <testcase name="testEqualsAttribute" classname="org.molgenis.data.util.EntityUtilsTest" time="0"/>
  <testcase name="testEqualsAttribute" classname="org.molgenis.data.util.EntityUtilsTest" time="0"/>
  <testcase name="testEqualsAttribute" classname="org.molgenis.data.util.EntityUtilsTest" time="0.001"/>
  <testcase name="testEqualsAttribute" classname="org.molgenis.data.util.EntityUtilsTest" time="0"/>
  <testcase name="testEqualsAttribute" classname="org.molgenis.data.util.EntityUtilsTest" time="0"/>
  <testcase name="testEqualsAttribute" classname="org.molgenis.data.util.EntityUtilsTest" time="0.001"/>
  <testcase name="testEqualsAttribute" classname="org.molgenis.data.util.EntityUtilsTest" time="0"/>
  <testcase name="testEqualsAttribute" classname="org.molgenis.data.util.EntityUtilsTest" time="0"/>
  <testcase name="testEqualsAttribute" classname="org.molgenis.data.util.EntityUtilsTest" time="0.001"/>
  <testcase name="testEqualsAttribute" classname="org.molgenis.data.util.EntityUtilsTest" time="0"/>
  <testcase name="testEqualsAttribute" classname="org.molgenis.data.util.EntityUtilsTest" time="0"/>
  <testcase name="testEqualsAttribute" classname="org.molgenis.data.util.EntityUtilsTest" time="0"/>
  <testcase name="testEqualsAttribute" classname="org.molgenis.data.util.EntityUtilsTest" time="0.001"/>
  <testcase name="testEqualsAttribute" classname="org.molgenis.data.util.EntityUtilsTest" time="0.001"/>
  <testcase name="testEqualsAttribute" classname="org.molgenis.data.util.EntityUtilsTest" time="0"/>
  <testcase name="testEqualsAttribute" classname="org.molgenis.data.util.EntityUtilsTest" time="0.001"/>
  <testcase name="testEqualsAttribute" classname="org.molgenis.data.util.EntityUtilsTest" time="0.001"/>
  <testcase name="testEqualsAttribute" classname="org.molgenis.data.util.EntityUtilsTest" time="0"/>
  <testcase name="testEqualsAttributeNoIdentifierCheck" classname="org.molgenis.data.util.EntityUtilsTest" time="0.001"/>
  <testcase name="testEqualsAttributeNoIdentifierCheck" classname="org.molgenis.data.util.EntityUtilsTest" time="0"/>
  <testcase name="testEqualsAttributeNoIdentifierCheck" classname="org.molgenis.data.util.EntityUtilsTest" time="0.001"/>
  <testcase name="testEqualsAttributeNoIdentifierCheck" classname="org.molgenis.data.util.EntityUtilsTest" time="0"/>
  <testcase name="testEqualsAttributeNoIdentifierCheck" classname="org.molgenis.data.util.EntityUtilsTest" time="0.001"/>
  <testcase name="testEqualsEntityType" classname="org.molgenis.data.util.EntityUtilsTest" time="0"/>
  <testcase name="testEqualsEntityType" classname="org.molgenis.data.util.EntityUtilsTest" time="0"/>
  <testcase name="testEqualsEntityType" classname="org.molgenis.data.util.EntityUtilsTest" time="0.001"/>
  <testcase name="testEqualsEntityType" classname="org.molgenis.data.util.EntityUtilsTest" time="0"/>
  <testcase name="testEqualsEntityType" classname="org.molgenis.data.util.EntityUtilsTest" time="0"/>
  <testcase name="testEqualsEntityType" classname="org.molgenis.data.util.EntityUtilsTest" time="0"/>
  <testcase name="testEqualsEntityType" classname="org.molgenis.data.util.EntityUtilsTest" time="0"/>
  <testcase name="testEqualsEntityType" classname="org.molgenis.data.util.EntityUtilsTest" time="0"/>
  <testcase name="testEqualsEntityType" classname="org.molgenis.data.util.EntityUtilsTest" time="0"/>
  <testcase name="testEqualsEntityType" classname="org.molgenis.data.util.EntityUtilsTest" time="0.001"/>
  <testcase name="testEqualsEntityType" classname="org.molgenis.data.util.EntityUtilsTest" time="0"/>
  <testcase name="getNextStart" classname="org.molgenis.data.util.EntityPagerTest" time="0.001"/>
  <testcase name="getNextStart_borderLeft" classname="org.molgenis.data.util.EntityPagerTest" time="0"/>
  <testcase name="getNextStart_borderRight" classname="org.molgenis.data.util.EntityPagerTest" time="0"/>
  <testcase name="getNextStart_limit" classname="org.molgenis.data.util.EntityPagerTest" time="0"/>
  <testcase name="getPrevStart" classname="org.molgenis.data.util.EntityPagerTest" time="0"/>
  <testcase name="getPrevStart_borderLeft" classname="org.molgenis.data.util.EntityPagerTest" time="0"/>
  <testcase name="getPrevStart_offset" classname="org.molgenis.data.util.EntityPagerTest" time="0"/>
  <testcase name="iterator" classname="org.molgenis.data.util.BatchingIterableTest" time="0"/>
  <testcase name="iterator" classname="org.molgenis.data.util.BatchingIterableTest" time="0"/>
  <testcase name="iterator" classname="org.molgenis.data.util.BatchingIterableTest" time="0"/>
  <testcase name="iterator" classname="org.molgenis.data.util.BatchingIterableTest" time="0"/>
  <testcase name="iterator" classname="org.molgenis.data.util.BatchingIterableTest" time="0"/>
  <testcase name="iterator" classname="org.molgenis.data.util.BatchingIterableTest" time="0"/>
  <testcase name="iterator" classname="org.molgenis.data.util.BatchingIterableTest" time="0"/>
  <testcase name="iterator" classname="org.molgenis.data.util.BatchingIterableTest" time="0.001"/>
  <testcase name="iterator" classname="org.molgenis.data.util.BatchingIterableTest" time="0"/>
  <testcase name="iterator" classname="org.molgenis.data.util.BatchingIterableTest" time="0"/>
  <testcase name="iterator" classname="org.molgenis.data.util.BatchingIterableTest" time="0"/>
  <testcase name="iterator" classname="org.molgenis.data.util.BatchingIterableTest" time="0"/>
  <testcase name="iterator" classname="org.molgenis.data.util.BatchingIterableTest" time="0"/>
  <testcase name="iterator" classname="org.molgenis.data.util.BatchingIterableTest" time="0"/>
  <testcase name="iterator" classname="org.molgenis.data.util.BatchingIterableTest" time="0"/>
  <testcase name="iterator" classname="org.molgenis.data.util.BatchingIterableTest" time="0"/>
  <testcase name="iterator" classname="org.molgenis.data.util.BatchingIterableTest" time="0"/>
  <testcase name="iterator" classname="org.molgenis.data.util.BatchingIterableTest" time="0.001"/>
  <testcase name="iterator" classname="org.molgenis.data.util.BatchingIterableTest" time="0"/>
  <testcase name="iterator" classname="org.molgenis.data.util.BatchingIterableTest" time="0"/>
  <testcase name="iterator" classname="org.molgenis.data.util.BatchingIterableTest" time="0"/>
  <testcase name="iterator" classname="org.molgenis.data.util.BatchingIterableTest" time="0"/>
  <testcase name="iterator" classname="org.molgenis.data.util.BatchingIterableTest" time="0.001"/>
  <testcase name="iterator" classname="org.molgenis.data.util.BatchingIterableTest" time="0"/>
  <testcase name="iterator" classname="org.molgenis.data.util.BatchingIterableTest" time="0"/>
  <testcase name="iterator" classname="org.molgenis.data.util.BatchingIterableTest" time="0"/>
  <testcase name="iterator" classname="org.molgenis.data.util.BatchingIterableTest" time="0.001"/>
  <testcase name="iterator" classname="org.molgenis.data.util.BatchingIterableTest" time="0"/>
  <testcase name="iterator" classname="org.molgenis.data.util.BatchingIterableTest" time="0"/>
  <testcase name="iterator" classname="org.molgenis.data.util.BatchingIterableTest" time="0"/>
  <testcase name="iterator" classname="org.molgenis.data.util.BatchingIterableTest" time="0"/>
  <testcase name="iterator" classname="org.molgenis.data.util.BatchingIterableTest" time="0"/>
  <testcase name="iterator" classname="org.molgenis.data.util.BatchingIterableTest" time="0"/>
  <testcase name="iterator" classname="org.molgenis.data.util.BatchingIterableTest" time="0"/>
  <testcase name="iterator" classname="org.molgenis.data.util.BatchingIterableTest" time="0.001"/>
  <testcase name="iterator" classname="org.molgenis.data.util.BatchingIterableTest" time="0"/>
  <testcase name="iterator" classname="org.molgenis.data.util.BatchingIterableTest" time="0"/>
  <testcase name="iterator" classname="org.molgenis.data.util.BatchingIterableTest" time="0"/>
  <testcase name="iterator" classname="org.molgenis.data.util.BatchingIterableTest" time="0"/>
  <testcase name="iterator" classname="org.molgenis.data.util.BatchingIterableTest" time="0"/>
  <testcase name="iterator" classname="org.molgenis.data.util.BatchingIterableTest" time="0"/>
  <testcase name="iterator" classname="org.molgenis.data.util.BatchingIterableTest" time="0"/>
  <testcase name="iterator" classname="org.molgenis.data.util.BatchingIterableTest" time="0.001"/>
  <testcase name="iterator" classname="org.molgenis.data.util.BatchingIterableTest" time="0"/>
  <testcase name="iterator" classname="org.molgenis.data.util.BatchingIterableTest" time="0"/>
  <testcase name="iterator" classname="org.molgenis.data.util.BatchingIterableTest" time="0"/>
  <testcase name="iterator" classname="org.molgenis.data.util.BatchingIterableTest" time="0"/>
  <testcase name="iterator" classname="org.molgenis.data.util.BatchingIterableTest" time="0"/>
  <testcase name="iterator" classname="org.molgenis.data.util.BatchingIterableTest" time="0"/>
  <testcase name="iterator" classname="org.molgenis.data.util.BatchingIterableTest" time="0.001"/>
  <testcase name="iterator" classname="org.molgenis.data.util.BatchingIterableTest" time="0"/>
  <testcase name="iterator" classname="org.molgenis.data.util.BatchingIterableTest" time="0"/>
  <testcase name="iterator" classname="org.molgenis.data.util.BatchingIterableTest" time="0"/>
  <testcase name="iterator" classname="org.molgenis.data.util.BatchingIterableTest" time="0"/>
  <testcase name="iterator" classname="org.molgenis.data.util.BatchingIterableTest" time="0"/>
  <testcase name="iterator" classname="org.molgenis.data.util.BatchingIterableTest" time="0"/>
  <testcase name="iteratorNoResults" classname="org.molgenis.data.util.BatchingIterableTest" time="0"/>
</testsuite>