<?xml version="1.0" encoding="UTF-8"?>
<testsuite xmlns:xsi="http://www.w3.org/2001/XMLSchema-instance" xsi:noNamespaceSchemaLocation="https://maven.apache.org/surefire/maven-surefire-plugin/xsd/surefire-test-report.xsd" name="org.eclipse.ditto.model.things.ImmutableThingFromCopyBuilderTest" time="0.091" tests="110" errors="0" skipped="0" failures="0">
  <properties>
    <property name="awt.toolkit" value="sun.awt.X11.XToolkit"/>
    <property name="file.encoding.pkg" value="sun.io"/>
    <property name="java.specification.version" value="1.8"/>
    <property name="sun.cpu.isalist" value=""/>
    <property name="sun.jnu.encoding" value="UTF-8"/>
    <property name="java.class.path" value="/root/workspace/eclipse/ditto/383262210/model/things/target/test-classes:/root/workspace/eclipse/ditto/383262210/model/things/target/classes:/root/workspace/eclipse/ditto/383262210/model/base/target/classes:/root/workspace/eclipse/ditto/383262210/model/base/target/test-classes:/root/workspace/eclipse/ditto/383262210/json/target/classes:/root/./workspace/eclipse/ditto/383262210/.m2/com/eclipsesource/minimal-json/minimal-json/0.9.5/minimal-json-0.9.5.jar:/root/./workspace/eclipse/ditto/383262210/.m2/com/google/code/findbugs/jsr305/3.0.1/jsr305-3.0.1.jar:/root/workspace/eclipse/ditto/383262210/utils/jsr305/target/classes:/root/workspace/eclipse/ditto/383262210/json/target/test-classes:/root/./workspace/eclipse/ditto/383262210/.m2/junit/junit/4.12/junit-4.12.jar:/root/./workspace/eclipse/ditto/383262210/.m2/org/hamcrest/hamcrest-core/1.3/hamcrest-core-1.3.jar:/root/./workspace/eclipse/ditto/383262210/.m2/org/mockito/mockito-core/2.9.0/mockito-core-2.9.0.jar:/root/./workspace/eclipse/ditto/383262210/.m2/net/bytebuddy/byte-buddy/1.7.0/byte-buddy-1.7.0.jar:/root/./workspace/eclipse/ditto/383262210/.m2/net/bytebuddy/byte-buddy-agent/1.7.0/byte-buddy-agent-1.7.0.jar:/root/./workspace/eclipse/ditto/383262210/.m2/org/objenesis/objenesis/2.6/objenesis-2.6.jar:/root/./workspace/eclipse/ditto/383262210/.m2/org/assertj/assertj-core/3.8.0/assertj-core-3.8.0.jar:/root/./workspace/eclipse/ditto/383262210/.m2/org/mutabilitydetector/MutabilityDetector/0.9.6/MutabilityDetector-0.9.6.jar:/root/./workspace/eclipse/ditto/383262210/.m2/nl/jqno/equalsverifier/equalsverifier/2.3/equalsverifier-2.3.jar:/root/./workspace/eclipse/ditto/383262210/.m2/org/skyscreamer/jsonassert/1.2.3/jsonassert-1.2.3.jar:/root/./workspace/eclipse/ditto/383262210/.m2/org/json/json/20090211/json-20090211.jar:"/>
    <property name="java.vm.vendor" value="Oracle Corporation"/>
    <property name="skip.bower" value="true"/>
    <property name="sun.arch.data.model" value="64"/>
    <property name="java.vendor.url" value="http://java.oracle.com/"/>
    <property name="user.timezone" value=""/>
    <property name="os.name" value="Linux"/>
    <property name="java.vm.specification.version" value="1.8"/>
    <property name="rat.skip" value="true"/>
    <property name="gpg.skip" value="true"/>
    <property name="sun.java.launcher" value="SUN_STANDARD"/>
    <property name="sun.boot.library.path" value="/usr/lib/jvm/java-8-openjdk-amd64/jre/lib/amd64"/>
    <property name="skip.gulp" value="true"/>
    <property name="sun.java.command" value="/root/workspace/eclipse/ditto/383262210/model/things/target/surefire/surefirebooter1371531730014875904.jar /root/workspace/eclipse/ditto/383262210/model/things/target/surefire 2018-05-24T18-15-35_494-jvmRun1 surefire1897723624115415369tmp surefire_52015199911972366093tmp"/>
    <property name="dependency-check.skip" value="true"/>
    <property name="surefire.test.class.path" value="/root/workspace/eclipse/ditto/383262210/model/things/target/test-classes:/root/workspace/eclipse/ditto/383262210/model/things/target/classes:/root/workspace/eclipse/ditto/383262210/model/base/target/classes:/root/workspace/eclipse/ditto/383262210/model/base/target/test-classes:/root/workspace/eclipse/ditto/383262210/json/target/classes:/root/./workspace/eclipse/ditto/383262210/.m2/com/eclipsesource/minimal-json/minimal-json/0.9.5/minimal-json-0.9.5.jar:/root/./workspace/eclipse/ditto/383262210/.m2/com/google/code/findbugs/jsr305/3.0.1/jsr305-3.0.1.jar:/root/workspace/eclipse/ditto/383262210/utils/jsr305/target/classes:/root/workspace/eclipse/ditto/383262210/json/target/test-classes:/root/./workspace/eclipse/ditto/383262210/.m2/junit/junit/4.12/junit-4.12.jar:/root/./workspace/eclipse/ditto/383262210/.m2/org/hamcrest/hamcrest-core/1.3/hamcrest-core-1.3.jar:/root/./workspace/eclipse/ditto/383262210/.m2/org/mockito/mockito-core/2.9.0/mockito-core-2.9.0.jar:/root/./workspace/eclipse/ditto/383262210/.m2/net/bytebuddy/byte-buddy/1.7.0/byte-buddy-1.7.0.jar:/root/./workspace/eclipse/ditto/383262210/.m2/net/bytebuddy/byte-buddy-agent/1.7.0/byte-buddy-agent-1.7.0.jar:/root/./workspace/eclipse/ditto/383262210/.m2/org/objenesis/objenesis/2.6/objenesis-2.6.jar:/root/./workspace/eclipse/ditto/383262210/.m2/org/assertj/assertj-core/3.8.0/assertj-core-3.8.0.jar:/root/./workspace/eclipse/ditto/383262210/.m2/org/mutabilitydetector/MutabilityDetector/0.9.6/MutabilityDetector-0.9.6.jar:/root/./workspace/eclipse/ditto/383262210/.m2/nl/jqno/equalsverifier/equalsverifier/2.3/equalsverifier-2.3.jar:/root/./workspace/eclipse/ditto/383262210/.m2/org/skyscreamer/jsonassert/1.2.3/jsonassert-1.2.3.jar:/root/./workspace/eclipse/ditto/383262210/.m2/org/json/json/20090211/json-20090211.jar:"/>
    <property name="sun.cpu.endian" value="little"/>
    <property name="user.home" value="/root"/>
    <property name="user.language" value="en"/>
    <property name="java.specification.vendor" value="Oracle Corporation"/>
    <property name="java.home" value="/usr/lib/jvm/java-8-openjdk-amd64/jre"/>
    <property name="kamon.auto-start" value="true"/>
    <property name="basedir" value="/root/workspace/eclipse/ditto/383262210/model/things"/>
    <property name="file.separator" value="/"/>
    <property name="checkstyle.skip" value="true"/>
    <property name="line.separator" value="&#10;"/>
    <property name="skip.npm" value="true"/>
    <property name="java.vm.specification.vendor" value="Oracle Corporation"/>
    <property name="java.specification.name" value="Java Platform API Specification"/>
    <property name="java.awt.graphicsenv" value="sun.awt.X11GraphicsEnvironment"/>
    <property name="skipITs" value="true"/>
    <property name="surefire.real.class.path" value="/root/workspace/eclipse/ditto/383262210/model/things/target/surefire/surefirebooter1371531730014875904.jar:/root/./workspace/eclipse/ditto/383262210/.m2/org/jacoco/org.jacoco.agent/0.8.0/org.jacoco.agent-0.8.0-runtime.jar"/>
    <property name="cobertura.skip" value="true"/>
    <property name="sun.boot.class.path" value="/usr/lib/jvm/java-8-openjdk-amd64/jre/lib/resources.jar:/usr/lib/jvm/java-8-openjdk-amd64/jre/lib/rt.jar:/usr/lib/jvm/java-8-openjdk-amd64/jre/lib/sunrsasign.jar:/usr/lib/jvm/java-8-openjdk-amd64/jre/lib/jsse.jar:/usr/lib/jvm/java-8-openjdk-amd64/jre/lib/jce.jar:/usr/lib/jvm/java-8-openjdk-amd64/jre/lib/charsets.jar:/usr/lib/jvm/java-8-openjdk-amd64/jre/lib/jfr.jar:/usr/lib/jvm/java-8-openjdk-amd64/jre/classes"/>
    <property name="sun.management.compiler" value="HotSpot 64-Bit Tiered Compilers"/>
    <property name="java.runtime.version" value="1.8.0_121-8u121-b13-1~bpo8+1-b13"/>
    <property name="user.name" value="root"/>
    <property name="findbugs.skip" value="true"/>
    <property name="path.separator" value=":"/>
    <property name="os.version" value="3.10.0-862.2.3.el7.x86_64"/>
    <property name="java.endorsed.dirs" value="/usr/lib/jvm/java-8-openjdk-amd64/jre/lib/endorsed"/>
    <property name="java.runtime.name" value="OpenJDK Runtime Environment"/>
    <property name="file.encoding" value="UTF-8"/>
    <property name="java.vm.name" value="OpenJDK 64-Bit Server VM"/>
    <property name="localRepository" value="/root/./workspace/eclipse/ditto/383262210/.m2"/>
    <property name="java.vendor.url.bug" value="http://bugreport.sun.com/bugreport/"/>
    <property name="java.io.tmpdir" value="/tmp"/>
    <property name="java.version" value="1.8.0_121"/>
    <property name="user.dir" value="/root/workspace/eclipse/ditto/383262210/model/things"/>
    <property name="os.arch" value="amd64"/>
    <property name="license.skip" value="true"/>
    <property name="java.vm.specification.name" value="Java Virtual Machine Specification"/>
    <property name="java.awt.printerjob" value="sun.print.PSPrinterJob"/>
    <property name="sun.os.patch.level" value="unknown"/>
    <property name="java.library.path" value="/usr/java/packages/lib/amd64:/usr/lib/x86_64-linux-gnu/jni:/lib/x86_64-linux-gnu:/usr/lib/x86_64-linux-gnu:/usr/lib/jni:/lib:/usr/lib"/>
    <property name="java.vm.info" value="mixed mode"/>
    <property name="java.vendor" value="Oracle Corporation"/>
    <property name="java.vm.version" value="25.121-b13"/>
    <property name="java.ext.dirs" value="/usr/lib/jvm/java-8-openjdk-amd64/jre/lib/ext:/usr/java/packages/lib/ext"/>
    <property name="sun.io.unicode.encoding" value="UnicodeLittle"/>
    <property name="maven.repo.local" value="/root/./workspace/eclipse/ditto/383262210/.m2"/>
    <property name="enforcer.skip" value="true"/>
    <property name="java.class.version" value="52.0"/>
  </properties>
  <testcase name="setNullFeatures" classname="org.eclipse.ditto.model.things.ImmutableThingFromCopyBuilderTest" time="0.001"/>
  <testcase name="doNotSetPermissionsFromExistingAclWithFalsePredicate" classname="org.eclipse.ditto.model.things.ImmutableThingFromCopyBuilderTest" time="0.001"/>
  <testcase name="setNullRevision" classname="org.eclipse.ditto.model.things.ImmutableThingFromCopyBuilderTest" time="0"/>
  <testcase name="setPermissionsWithJsonObjectWithTruePredicate" classname="org.eclipse.ditto.model.things.ImmutableThingFromCopyBuilderTest" time="0"/>
  <testcase name="setFeaturesFromJsonString" classname="org.eclipse.ditto.model.things.ImmutableThingFromCopyBuilderTest" time="0.001"/>
  <testcase name="builderOfJsonObjectThrowsCorrectExceptionForDateTimeParseException" classname="org.eclipse.ditto.model.things.ImmutableThingFromCopyBuilderTest" time="0.008"/>
  <testcase name="tryToSetIdWithInvalidCharactersInNamespace" classname="org.eclipse.ditto.model.things.ImmutableThingFromCopyBuilderTest" time="0"/>
  <testcase name="tryToSetAttributesFromEmptyJsonString" classname="org.eclipse.ditto.model.things.ImmutableThingFromCopyBuilderTest" time="0"/>
  <testcase name="tryToRemoveFeaturePropertyWithNullPath" classname="org.eclipse.ditto.model.things.ImmutableThingFromCopyBuilderTest" time="0"/>
  <testcase name="setNullLifecycle" classname="org.eclipse.ditto.model.things.ImmutableThingFromCopyBuilderTest" time="0.001"/>
  <testcase name="removePermissionsOfAuthorizationSubjectFromExistingAcl" classname="org.eclipse.ditto.model.things.ImmutableThingFromCopyBuilderTest" time="0.001"/>
  <testcase name="builderOfThingIsCorrectlyInitialisedV2" classname="org.eclipse.ditto.model.things.ImmutableThingFromCopyBuilderTest" time="0.003"/>
  <testcase name="setIdWithEmptyNamespace" classname="org.eclipse.ditto.model.things.ImmutableThingFromCopyBuilderTest" time="0.001"/>
  <testcase name="tryToSetFetFeaturePropertyForNullFeatureId" classname="org.eclipse.ditto.model.things.ImmutableThingFromCopyBuilderTest" time="0"/>
  <testcase name="setNullFeature" classname="org.eclipse.ditto.model.things.ImmutableThingFromCopyBuilderTest" time="0"/>
  <testcase name="tryToSetIdWithNamespaceStartingWithPeriod" classname="org.eclipse.ditto.model.things.ImmutableThingFromCopyBuilderTest" time="0.001"/>
  <testcase name="setRevisionByNumber" classname="org.eclipse.ditto.model.things.ImmutableThingFromCopyBuilderTest" time="0.001"/>
  <testcase name="removeFeatureProperty" classname="org.eclipse.ditto.model.things.ImmutableThingFromCopyBuilderTest" time="0"/>
  <testcase name="setGeneratedId" classname="org.eclipse.ditto.model.things.ImmutableThingFromCopyBuilderTest" time="0.001"/>
  <testcase name="tryToSetPermissionsWithEmptyJsonString" classname="org.eclipse.ditto.model.things.ImmutableThingFromCopyBuilderTest" time="0"/>
  <testcase name="setFeatureDefinitionCreatesFeatureIfNecessary" classname="org.eclipse.ditto.model.things.ImmutableThingFromCopyBuilderTest" time="0.001"/>
  <testcase name="tryToSetFeatureWithNullId" classname="org.eclipse.ditto.model.things.ImmutableThingFromCopyBuilderTest" time="0"/>
  <testcase name="tryToSetFeaturesWithNullIterable" classname="org.eclipse.ditto.model.things.ImmutableThingFromCopyBuilderTest" time="0.001"/>
  <testcase name="setFeaturesWithPositivePredicate" classname="org.eclipse.ditto.model.things.ImmutableThingFromCopyBuilderTest" time="0.001"/>
  <testcase name="tryToSetMultiplePermissionsWithNullAuthorizationSubject" classname="org.eclipse.ditto.model.things.ImmutableThingFromCopyBuilderTest" time="0.001"/>
  <testcase name="doNotSetMultiplePermissionsWithFalsePredicate" classname="org.eclipse.ditto.model.things.ImmutableThingFromCopyBuilderTest" time="0.002"/>
  <testcase name="tryToRemoveFeatureWithNullId" classname="org.eclipse.ditto.model.things.ImmutableThingFromCopyBuilderTest" time="0.002"/>
  <testcase name="setFeaturePropertyUsingPositivePredicateOnEmptyBuilder" classname="org.eclipse.ditto.model.things.ImmutableThingFromCopyBuilderTest" time="0.001"/>
  <testcase name="tryToSetIdWithMissingNamespace" classname="org.eclipse.ditto.model.things.ImmutableThingFromCopyBuilderTest" time="0"/>
  <testcase name="setSinglePermissions" classname="org.eclipse.ditto.model.things.ImmutableThingFromCopyBuilderTest" time="0.001"/>
  <testcase name="tryToSetEmptyThingId" classname="org.eclipse.ditto.model.things.ImmutableThingFromCopyBuilderTest" time="0.001"/>
  <testcase name="doNotSetSinglePermissionsWithFalsePredicate" classname="org.eclipse.ditto.model.things.ImmutableThingFromCopyBuilderTest" time="0.001"/>
  <testcase name="tryToSetIdWithTwoSubsequentPeriodsInNamespace" classname="org.eclipse.ditto.model.things.ImmutableThingFromCopyBuilderTest" time="0.001"/>
  <testcase name="removePolicyId" classname="org.eclipse.ditto.model.things.ImmutableThingFromCopyBuilderTest" time="0"/>
  <testcase name="setIdWithTwoLevelNamespace" classname="org.eclipse.ditto.model.things.ImmutableThingFromCopyBuilderTest" time="0"/>
  <testcase name="removeFeatureDefinitionFromUnknownFeatureIdDoesNothing" classname="org.eclipse.ditto.model.things.ImmutableThingFromCopyBuilderTest" time="0"/>
  <testcase name="setPermissionsFromExistingAclWithTruePredicate" classname="org.eclipse.ditto.model.things.ImmutableThingFromCopyBuilderTest" time="0.001"/>
  <testcase name="remove" classname="org.eclipse.ditto.model.things.ImmutableThingFromCopyBuilderTest" time="0.001"/>
  <testcase name="tryToSetMultiplePermissionsWithNullPermissions" classname="org.eclipse.ditto.model.things.ImmutableThingFromCopyBuilderTest" time="0.001"/>
  <testcase name="builderOfJsonObjectIsCorrectlyInitialisedV2" classname="org.eclipse.ditto.model.things.ImmutableThingFromCopyBuilderTest" time="0.004"/>
  <testcase name="tryToSetIdWithNamespaceWithNumberAfterPeriod" classname="org.eclipse.ditto.model.things.ImmutableThingFromCopyBuilderTest" time="0"/>
  <testcase name="setFeatureWithProperties" classname="org.eclipse.ditto.model.things.ImmutableThingFromCopyBuilderTest" time="0.001"/>
  <testcase name="builderOfJsonObjectIsCorrectlyInitialised" classname="org.eclipse.ditto.model.things.ImmutableThingFromCopyBuilderTest" time="0.002"/>
  <testcase name="tryToSetIdWithInvalidCharactersInNamespace2" classname="org.eclipse.ditto.model.things.ImmutableThingFromCopyBuilderTest" time="0.001"/>
  <testcase name="setFeaturePropertyOnBuilderWithFeatures" classname="org.eclipse.ditto.model.things.ImmutableThingFromCopyBuilderTest" time="0.001"/>
  <testcase name="tryToRemoveFeaturePropertyForNullFeatureId" classname="org.eclipse.ditto.model.things.ImmutableThingFromCopyBuilderTest" time="0.001"/>
  <testcase name="tryToSetFeaturePropertyWithNullPath" classname="org.eclipse.ditto.model.things.ImmutableThingFromCopyBuilderTest" time="0"/>
  <testcase name="tryToSetAttributeWithNullPath" classname="org.eclipse.ditto.model.things.ImmutableThingFromCopyBuilderTest" time="0"/>
  <testcase name="setPermissionsWithEmptyAclEntryIterable" classname="org.eclipse.ditto.model.things.ImmutableThingFromCopyBuilderTest" time="0"/>
  <testcase name="tryToSetPermissionsWithArrayJsonString" classname="org.eclipse.ditto.model.things.ImmutableThingFromCopyBuilderTest" time="0.003"/>
  <testcase name="setFeaturesWithNegativePredicate" classname="org.eclipse.ditto.model.things.ImmutableThingFromCopyBuilderTest" time="0.002"/>
  <testcase name="setFeaturePropertyOnEmptyBuilder" classname="org.eclipse.ditto.model.things.ImmutableThingFromCopyBuilderTest" time="0.001"/>
  <testcase name="setPermissionsWithSemanticNullJsonObject" classname="org.eclipse.ditto.model.things.ImmutableThingFromCopyBuilderTest" time="0"/>
  <testcase name="removeAllAttributes" classname="org.eclipse.ditto.model.things.ImmutableThingFromCopyBuilderTest" time="0.001"/>
  <testcase name="setMultiplePermissionsWithTruePredicate" classname="org.eclipse.ditto.model.things.ImmutableThingFromCopyBuilderTest" time="0.001"/>
  <testcase name="tryToCreateInstanceOfNullJsonObject" classname="org.eclipse.ditto.model.things.ImmutableThingFromCopyBuilderTest" time="0"/>
  <testcase name="removeFeature" classname="org.eclipse.ditto.model.things.ImmutableThingFromCopyBuilderTest" time="0"/>
  <testcase name="setFeaturePropertyUsingNegativePredicateOnEmptyBuilder" classname="org.eclipse.ditto.model.things.ImmutableThingFromCopyBuilderTest" time="0.001"/>
  <testcase name="setIdWithTopLevelNamespace" classname="org.eclipse.ditto.model.things.ImmutableThingFromCopyBuilderTest" time="0.001"/>
  <testcase name="tryToSetNullAttributes" classname="org.eclipse.ditto.model.things.ImmutableThingFromCopyBuilderTest" time="0"/>
  <testcase name="tryToSetPermissionsWithNullAclEntryIterable" classname="org.eclipse.ditto.model.things.ImmutableThingFromCopyBuilderTest" time="0"/>
  <testcase name="tryToSetSinglePermissionsWithNullAuthorizationSubject" classname="org.eclipse.ditto.model.things.ImmutableThingFromCopyBuilderTest" time="0.001"/>
  <testcase name="tryToSetSinglePermissionsWithNullPermission" classname="org.eclipse.ditto.model.things.ImmutableThingFromCopyBuilderTest" time="0"/>
  <testcase name="tryToRemovePermissionsOfNullAuthorizationSubject" classname="org.eclipse.ditto.model.things.ImmutableThingFromCopyBuilderTest" time="0"/>
  <testcase name="setIdWithNamespaceContainingNumber" classname="org.eclipse.ditto.model.things.ImmutableThingFromCopyBuilderTest" time="0.001"/>
  <testcase name="tryToSetNullFeatureDefinition" classname="org.eclipse.ditto.model.things.ImmutableThingFromCopyBuilderTest" time="0.001"/>
  <testcase name="tryToSetFeaturesFromEmptyJsonString" classname="org.eclipse.ditto.model.things.ImmutableThingFromCopyBuilderTest" time="0"/>
  <testcase name="removeFeatureDefinitionWorksAsExpected" classname="org.eclipse.ditto.model.things.ImmutableThingFromCopyBuilderTest" time="0.001"/>
  <testcase name="setAttributesFromSemanticNullJsonObject" classname="org.eclipse.ditto.model.things.ImmutableThingFromCopyBuilderTest" time="0"/>
  <testcase name="tryToSetAttributesFromNullJsonObject" classname="org.eclipse.ditto.model.things.ImmutableThingFromCopyBuilderTest" time="0"/>
  <testcase name="tryToSetPermissionsWithNullJsonObject" classname="org.eclipse.ditto.model.things.ImmutableThingFromCopyBuilderTest" time="0.001"/>
  <testcase name="tryToSetNullFeature" classname="org.eclipse.ditto.model.things.ImmutableThingFromCopyBuilderTest" time="0"/>
  <testcase name="setPermissionsFromExistingAcl" classname="org.eclipse.ditto.model.things.ImmutableThingFromCopyBuilderTest" time="0"/>
  <testcase name="tryToSetIdWithNamespaceEndingWithPeriod" classname="org.eclipse.ditto.model.things.ImmutableThingFromCopyBuilderTest" time="0.001"/>
  <testcase name="setAttributes" classname="org.eclipse.ditto.model.things.ImmutableThingFromCopyBuilderTest" time="0"/>
  <testcase name="setAttributesFromSemanticNullJsonString" classname="org.eclipse.ditto.model.things.ImmutableThingFromCopyBuilderTest" time="0"/>
  <testcase name="tryToCreateInstanceOfNullThing" classname="org.eclipse.ditto.model.things.ImmutableThingFromCopyBuilderTest" time="0"/>
  <testcase name="tryToSetAttributesFromNullJsonString" classname="org.eclipse.ditto.model.things.ImmutableThingFromCopyBuilderTest" time="0"/>
  <testcase name="setFeatureDefinitionExtendsAlreadySetFeature" classname="org.eclipse.ditto.model.things.ImmutableThingFromCopyBuilderTest" time="0.001"/>
  <testcase name="tryToSetPermissionsWithNullJsonString" classname="org.eclipse.ditto.model.things.ImmutableThingFromCopyBuilderTest" time="0"/>
  <testcase name="tryToSetPermissionsWithNullAclEntry" classname="org.eclipse.ditto.model.things.ImmutableThingFromCopyBuilderTest" time="0.001"/>
  <testcase name="tryToSetFeatureWithPropertiesWithNullId" classname="org.eclipse.ditto.model.things.ImmutableThingFromCopyBuilderTest" time="0"/>
  <testcase name="tryToRemoveAttributeWithNullPath" classname="org.eclipse.ditto.model.things.ImmutableThingFromCopyBuilderTest" time="0"/>
  <testcase name="removeAllPermissions" classname="org.eclipse.ditto.model.things.ImmutableThingFromCopyBuilderTest" time="0.001"/>
  <testcase name="setFeaturesFromSemanticNullJsonObject" classname="org.eclipse.ditto.model.things.ImmutableThingFromCopyBuilderTest" time="0"/>
  <testcase name="setAttributesFromJsonObject" classname="org.eclipse.ditto.model.things.ImmutableThingFromCopyBuilderTest" time="0"/>
  <testcase name="tryToSetPermissionsWithNullFurtherAclEntries" classname="org.eclipse.ditto.model.things.ImmutableThingFromCopyBuilderTest" time="0.004"/>
  <testcase name="setPermissionsBySingleAclEntries" classname="org.eclipse.ditto.model.things.ImmutableThingFromCopyBuilderTest" time="0.001"/>
  <testcase name="setMultiplePermissions" classname="org.eclipse.ditto.model.things.ImmutableThingFromCopyBuilderTest" time="0"/>
  <testcase name="setLifecycle" classname="org.eclipse.ditto.model.things.ImmutableThingFromCopyBuilderTest" time="0.001"/>
  <testcase name="setSinglePermissionsWithTruePredicate" classname="org.eclipse.ditto.model.things.ImmutableThingFromCopyBuilderTest" time="0.001"/>
  <testcase name="setFeaturesFromSemanticNullJsonString" classname="org.eclipse.ditto.model.things.ImmutableThingFromCopyBuilderTest" time="0"/>
  <testcase name="setAttributesFromJsonString" classname="org.eclipse.ditto.model.things.ImmutableThingFromCopyBuilderTest" time="0.001"/>
  <testcase name="setModified" classname="org.eclipse.ditto.model.things.ImmutableThingFromCopyBuilderTest" time="0"/>
  <testcase name="builderOfThingIsCorrectlyInitialised" classname="org.eclipse.ditto.model.things.ImmutableThingFromCopyBuilderTest" time="0"/>
  <testcase name="setFeatureById" classname="org.eclipse.ditto.model.things.ImmutableThingFromCopyBuilderTest" time="0.001"/>
  <testcase name="setAttribute" classname="org.eclipse.ditto.model.things.ImmutableThingFromCopyBuilderTest" time="0"/>
  <testcase name="removeAllFeaturesWhenFeaturesAreEmpty" classname="org.eclipse.ditto.model.things.ImmutableThingFromCopyBuilderTest" time="0"/>
  <testcase name="setNullAttributes" classname="org.eclipse.ditto.model.things.ImmutableThingFromCopyBuilderTest" time="0.001"/>
  <testcase name="setFeatures" classname="org.eclipse.ditto.model.things.ImmutableThingFromCopyBuilderTest" time="0"/>
  <testcase name="setRevision" classname="org.eclipse.ditto.model.things.ImmutableThingFromCopyBuilderTest" time="0"/>
  <testcase name="tryToSetFeaturesFromNullJsonObject" classname="org.eclipse.ditto.model.things.ImmutableThingFromCopyBuilderTest" time="0.001"/>
  <testcase name="setNullModified" classname="org.eclipse.ditto.model.things.ImmutableThingFromCopyBuilderTest" time="0"/>
  <testcase name="removeAllFeatures" classname="org.eclipse.ditto.model.things.ImmutableThingFromCopyBuilderTest" time="0"/>
  <testcase name="tryToSetFeaturePropertyWithNullValue" classname="org.eclipse.ditto.model.things.ImmutableThingFromCopyBuilderTest" time="0.001"/>
  <testcase name="tryToSetFeaturesFromNullJsonString" classname="org.eclipse.ditto.model.things.ImmutableThingFromCopyBuilderTest" time="0"/>
  <testcase name="setFeature" classname="org.eclipse.ditto.model.things.ImmutableThingFromCopyBuilderTest" time="0"/>
  <testcase name="setPolicyIdV2" classname="org.eclipse.ditto.model.things.ImmutableThingFromCopyBuilderTest" time="0"/>
  <testcase name="removeAttribute" classname="org.eclipse.ditto.model.things.ImmutableThingFromCopyBuilderTest" time="0.001"/>
  <testcase name="tryToSetAttributeWithNullValue" classname="org.eclipse.ditto.model.things.ImmutableThingFromCopyBuilderTest" time="0"/>
</testsuite>