<?xml version="1.0" encoding="UTF-8"?>
<testsuite xmlns:xsi="http://www.w3.org/2001/XMLSchema-instance" xsi:noNamespaceSchemaLocation="https://maven.apache.org/surefire/maven-surefire-plugin/xsd/surefire-test-report.xsd" name="TestSuite" time="10.383" tests="162" errors="0" skipped="0" failures="0">
  <properties>
    <property name="awt.toolkit" value="sun.awt.X11.XToolkit"/>
    <property name="file.encoding.pkg" value="sun.io"/>
    <property name="java.specification.version" value="1.8"/>
    <property name="sun.cpu.isalist" value=""/>
    <property name="sun.jnu.encoding" value="UTF-8"/>
    <property name="java.class.path" value="/root/workspace/molgenis/molgenis/386600939/molgenis-data-rest/target/test-classes:/root/workspace/molgenis/molgenis/386600939/molgenis-data-rest/target/classes:/root/workspace/molgenis/molgenis/386600939/molgenis-core/target/classes:/root/workspace/molgenis/molgenis/386600939/molgenis-util/target/classes:/root/./workspace/molgenis/molgenis/386600939/.m2/com/sun/mail/javax.mail/1.6.1/javax.mail-1.6.1.jar:/root/./workspace/molgenis/molgenis/386600939/.m2/javax/activation/activation/1.1.1/activation-1.1.1.jar:/root/./workspace/molgenis/molgenis/386600939/.m2/org/mapdb/mapdb/1.0.6/mapdb-1.0.6.jar:/root/./workspace/molgenis/molgenis/386600939/.m2/commons-io/commons-io/2.6/commons-io-2.6.jar:/root/./workspace/molgenis/molgenis/386600939/.m2/org/springframework/spring-web/5.0.6.RELEASE/spring-web-5.0.6.RELEASE.jar:/root/workspace/molgenis/molgenis/386600939/molgenis-web/target/classes:/root/workspace/molgenis/molgenis/386600939/molgenis-i18n/target/classes:/root/workspace/molgenis/molgenis/386600939/molgenis-data-csv/target/classes:/root/./workspace/molgenis/molgenis/386600939/.m2/net/sf/opencsv/opencsv/2.3/opencsv-2.3.jar:/root/workspace/molgenis/molgenis/386600939/molgenis-data-plugin/target/classes:/root/workspace/molgenis/molgenis/386600939/molgenis-data-security/target/classes:/root/workspace/molgenis/molgenis/386600939/molgenis-data-validation/target/classes:/root/workspace/molgenis/molgenis/386600939/molgenis-js/target/classes:/root/workspace/molgenis/molgenis/386600939/molgenis-scripts-core/target/classes:/root/./workspace/molgenis/molgenis/386600939/.m2/org/everit/json/org.everit.json.schema/1.5.1/org.everit.json.schema-1.5.1.jar:/root/./workspace/molgenis/molgenis/386600939/.m2/org/json/json/20141113/json-20141113.jar:/root/./workspace/molgenis/molgenis/386600939/.m2/commons-validator/commons-validator/1.5.1/commons-validator-1.5.1.jar:/root/./workspace/molgenis/molgenis/386600939/.m2/commons-beanutils/commons-beanutils/1.9.3/commons-beanutils-1.9.3.jar:/root/./workspace/molgenis/molgenis/386600939/.m2/commons-digester/commons-digester/1.8.1/commons-digester-1.8.1.jar:/root/./workspace/molgenis/molgenis/386600939/.m2/commons-collections/commons-collections/3.2.2/commons-collections-3.2.2.jar:/root/workspace/molgenis/molgenis/386600939/molgenis-security-core/target/classes:/root/./workspace/molgenis/molgenis/386600939/.m2/org/springframework/spring-aspects/5.0.6.RELEASE/spring-aspects-5.0.6.RELEASE.jar:/root/./workspace/molgenis/molgenis/386600939/.m2/org/aspectj/aspectjweaver/1.8.13/aspectjweaver-1.8.13.jar:/root/workspace/molgenis/molgenis/386600939/molgenis-settings/target/classes:/root/./workspace/molgenis/molgenis/386600939/.m2/cz/jirutka/rsql/rsql-parser/2.0.0/rsql-parser-2.0.0.jar:/root/./workspace/molgenis/molgenis/386600939/.m2/com/fatboyindustrial/gson-javatime-serialisers/gson-javatime-serialisers/1.1.1/gson-javatime-serialisers-1.1.1.jar:/root/./workspace/molgenis/molgenis/386600939/.m2/io/swagger/swagger-annotations/1.5.16/swagger-annotations-1.5.16.jar:/root/workspace/molgenis/molgenis/386600939/molgenis-data/target/classes:/root/./workspace/molgenis/molgenis/386600939/.m2/org/springframework/spring-tx/5.0.6.RELEASE/spring-tx-5.0.6.RELEASE.jar:/root/./workspace/molgenis/molgenis/386600939/.m2/com/google/code/gson/gson/2.8.4/gson-2.8.4.jar:/root/./workspace/molgenis/molgenis/386600939/.m2/com/eaio/uuid/uuid/3.2/uuid-3.2.jar:/root/./workspace/molgenis/molgenis/386600939/.m2/com/mchange/c3p0/0.9.5.2/c3p0-0.9.5.2.jar:/root/./workspace/molgenis/molgenis/386600939/.m2/com/mchange/mchange-commons-java/0.2.11/mchange-commons-java-0.2.11.jar:/root/workspace/molgenis/molgenis/386600939/molgenis-data-file/target/classes:/root/workspace/molgenis/molgenis/386600939/molgenis-data-i18n/target/classes:/root/workspace/molgenis/molgenis/386600939/molgenis-security/target/classes:/root/./workspace/molgenis/molgenis/386600939/.m2/com/github/ben-manes/caffeine/caffeine/2.6.2/caffeine-2.6.2.jar:/root/./workspace/molgenis/molgenis/386600939/.m2/org/freemarker/freemarker/2.3.28/freemarker-2.3.28.jar:/root/./workspace/molgenis/molgenis/386600939/.m2/cn/apiclub/tool/simplecaptcha/1.2.2/simplecaptcha-1.2.2.jar:/root/./workspace/molgenis/molgenis/386600939/.m2/org/springframework/security/spring-security-config/5.0.5.RELEASE/spring-security-config-5.0.5.RELEASE.jar:/root/./workspace/molgenis/molgenis/386600939/.m2/org/springframework/security/spring-security-acl/5.0.5.RELEASE/spring-security-acl-5.0.5.RELEASE.jar:/root/./workspace/molgenis/molgenis/386600939/.m2/org/springframework/spring-jdbc/5.0.6.RELEASE/spring-jdbc-5.0.6.RELEASE.jar:/root/./workspace/molgenis/molgenis/386600939/.m2/com/google/api-client/google-api-client/1.21.0/google-api-client-1.21.0.jar:/root/./workspace/molgenis/molgenis/386600939/.m2/com/google/oauth-client/google-oauth-client/1.21.0/google-oauth-client-1.21.0.jar:/root/./workspace/molgenis/molgenis/386600939/.m2/com/google/http-client/google-http-client/1.21.0/google-http-client-1.21.0.jar:/root/./workspace/molgenis/molgenis/386600939/.m2/org/apache/httpcomponents/httpclient/4.5.5/httpclient-4.5.5.jar:/root/./workspace/molgenis/molgenis/386600939/.m2/org/apache/httpcomponents/httpcore/4.4.9/httpcore-4.4.9.jar:/root/./workspace/molgenis/molgenis/386600939/.m2/commons-codec/commons-codec/1.11/commons-codec-1.11.jar:/root/./workspace/molgenis/molgenis/386600939/.m2/com/google/http-client/google-http-client-jackson2/1.21.0/google-http-client-jackson2-1.21.0.jar:/root/./workspace/molgenis/molgenis/386600939/.m2/org/jboss/aerogear/aerogear-otp-java/1.0.0/aerogear-otp-java-1.0.0.jar:/root/./workspace/molgenis/molgenis/386600939/.m2/org/springframework/spring-webmvc/5.0.6.RELEASE/spring-webmvc-5.0.6.RELEASE.jar:/root/./workspace/molgenis/molgenis/386600939/.m2/org/springframework/spring-aop/5.0.6.RELEASE/spring-aop-5.0.6.RELEASE.jar:/root/./workspace/molgenis/molgenis/386600939/.m2/org/springframework/spring-beans/5.0.6.RELEASE/spring-beans-5.0.6.RELEASE.jar:/root/./workspace/molgenis/molgenis/386600939/.m2/org/springframework/spring-context/5.0.6.RELEASE/spring-context-5.0.6.RELEASE.jar:/root/./workspace/molgenis/molgenis/386600939/.m2/org/springframework/spring-core/5.0.6.RELEASE/spring-core-5.0.6.RELEASE.jar:/root/./workspace/molgenis/molgenis/386600939/.m2/org/springframework/spring-jcl/5.0.6.RELEASE/spring-jcl-5.0.6.RELEASE.jar:/root/./workspace/molgenis/molgenis/386600939/.m2/org/springframework/spring-expression/5.0.6.RELEASE/spring-expression-5.0.6.RELEASE.jar:/root/./workspace/molgenis/molgenis/386600939/.m2/org/springframework/security/spring-security-web/5.0.5.RELEASE/spring-security-web-5.0.5.RELEASE.jar:/root/./workspace/molgenis/molgenis/386600939/.m2/org/springframework/security/spring-security-core/5.0.5.RELEASE/spring-security-core-5.0.5.RELEASE.jar:/root/./workspace/molgenis/molgenis/386600939/.m2/javax/servlet/javax.servlet-api/3.1.0/javax.servlet-api-3.1.0.jar:/root/./workspace/molgenis/molgenis/386600939/.m2/com/google/code/findbugs/jsr305/3.0.2/jsr305-3.0.2.jar:/root/./workspace/molgenis/molgenis/386600939/.m2/com/google/auto/value/auto-value/1.4.1/auto-value-1.4.1.jar:/root/./workspace/molgenis/molgenis/386600939/.m2/org/hibernate/validator/hibernate-validator/6.0.9.Final/hibernate-validator-6.0.9.Final.jar:/root/./workspace/molgenis/molgenis/386600939/.m2/javax/validation/validation-api/2.0.1.Final/validation-api-2.0.1.Final.jar:/root/./workspace/molgenis/molgenis/386600939/.m2/org/jboss/logging/jboss-logging/3.3.2.Final/jboss-logging-3.3.2.Final.jar:/root/./workspace/molgenis/molgenis/386600939/.m2/com/fasterxml/classmate/1.3.4/classmate-1.3.4.jar:/root/./workspace/molgenis/molgenis/386600939/.m2/org/glassfish/javax.el/3.0.0/javax.el-3.0.0.jar:/root/./workspace/molgenis/molgenis/386600939/.m2/org/apache/commons/commons-lang3/3.7/commons-lang3-3.7.jar:/root/./workspace/molgenis/molgenis/386600939/.m2/org/hamcrest/hamcrest-core/1.3/hamcrest-core-1.3.jar:/root/./workspace/molgenis/molgenis/386600939/.m2/org/skyscreamer/jsonassert/1.5.0/jsonassert-1.5.0.jar:/root/./workspace/molgenis/molgenis/386600939/.m2/com/vaadin/external/google/android-json/0.0.20131108.vaadin1/android-json-0.0.20131108.vaadin1.jar:/root/./workspace/molgenis/molgenis/386600939/.m2/com/jayway/jsonpath/json-path/2.4.0/json-path-2.4.0.jar:/root/./workspace/molgenis/molgenis/386600939/.m2/net/minidev/json-smart/2.3/json-smart-2.3.jar:/root/./workspace/molgenis/molgenis/386600939/.m2/net/minidev/accessors-smart/1.2/accessors-smart-1.2.jar:/root/./workspace/molgenis/molgenis/386600939/.m2/org/ow2/asm/asm/5.0.4/asm-5.0.4.jar:/root/./workspace/molgenis/molgenis/386600939/.m2/org/slf4j/slf4j-api/1.7.25/slf4j-api-1.7.25.jar:/root/workspace/molgenis/molgenis/386600939/molgenis-test/target/classes:/root/./workspace/molgenis/molgenis/386600939/.m2/org/testng/testng/6.8/testng-6.8.jar:/root/./workspace/molgenis/molgenis/386600939/.m2/junit/junit/4.12/junit-4.12.jar:/root/./workspace/molgenis/molgenis/386600939/.m2/org/beanshell/bsh/2.0b5/bsh-2.0b5.jar:/root/./workspace/molgenis/molgenis/386600939/.m2/com/beust/jcommander/1.27/jcommander-1.27.jar:/root/./workspace/molgenis/molgenis/386600939/.m2/org/yaml/snakeyaml/1.19/snakeyaml-1.19.jar:/root/./workspace/molgenis/molgenis/386600939/.m2/org/mockito/mockito-core/2.7.22/mockito-core-2.7.22.jar:/root/./workspace/molgenis/molgenis/386600939/.m2/net/bytebuddy/byte-buddy/1.7.11/byte-buddy-1.7.11.jar:/root/./workspace/molgenis/molgenis/386600939/.m2/net/bytebuddy/byte-buddy-agent/1.7.11/byte-buddy-agent-1.7.11.jar:/root/./workspace/molgenis/molgenis/386600939/.m2/org/objenesis/objenesis/2.6/objenesis-2.6.jar:/root/./workspace/molgenis/molgenis/386600939/.m2/org/hamcrest/hamcrest-all/1.3/hamcrest-all-1.3.jar:/root/./workspace/molgenis/molgenis/386600939/.m2/org/springframework/spring-test/5.0.6.RELEASE/spring-test-5.0.6.RELEASE.jar:/root/./workspace/molgenis/molgenis/386600939/.m2/com/fasterxml/jackson/core/jackson-databind/2.9.5/jackson-databind-2.9.5.jar:/root/./workspace/molgenis/molgenis/386600939/.m2/com/fasterxml/jackson/core/jackson-annotations/2.9.0/jackson-annotations-2.9.0.jar:/root/./workspace/molgenis/molgenis/386600939/.m2/com/fasterxml/jackson/core/jackson-core/2.9.5/jackson-core-2.9.5.jar:/root/workspace/molgenis/molgenis/386600939/molgenis-i18n/target/test-classes:/root/./workspace/molgenis/molgenis/386600939/.m2/org/springframework/spring-context-support/5.0.6.RELEASE/spring-context-support-5.0.6.RELEASE.jar:/root/workspace/molgenis/molgenis/386600939/molgenis-data/target/test-classes:/root/./workspace/molgenis/molgenis/386600939/.m2/org/springframework/security/spring-security-test/5.0.5.RELEASE/spring-security-test-5.0.5.RELEASE.jar:/root/./workspace/molgenis/molgenis/386600939/.m2/org/springframework/boot/spring-boot-starter-logging/2.0.2.RELEASE/spring-boot-starter-logging-2.0.2.RELEASE.jar:/root/./workspace/molgenis/molgenis/386600939/.m2/ch/qos/logback/logback-classic/1.2.3/logback-classic-1.2.3.jar:/root/./workspace/molgenis/molgenis/386600939/.m2/ch/qos/logback/logback-core/1.2.3/logback-core-1.2.3.jar:/root/./workspace/molgenis/molgenis/386600939/.m2/org/apache/logging/log4j/log4j-to-slf4j/2.10.0/log4j-to-slf4j-2.10.0.jar:/root/./workspace/molgenis/molgenis/386600939/.m2/org/apache/logging/log4j/log4j-api/2.10.0/log4j-api-2.10.0.jar:/root/./workspace/molgenis/molgenis/386600939/.m2/org/slf4j/jul-to-slf4j/1.7.25/jul-to-slf4j-1.7.25.jar:/root/./workspace/molgenis/molgenis/386600939/.m2/org/slf4j/log4j-over-slf4j/1.7.25/log4j-over-slf4j-1.7.25.jar:/root/./workspace/molgenis/molgenis/386600939/.m2/com/google/guava/guava/25.0-jre/guava-25.0-jre.jar:/root/./workspace/molgenis/molgenis/386600939/.m2/org/apache/maven/surefire/surefire-testng-utils/2.21.0/surefire-testng-utils-2.21.0.jar:/root/./workspace/molgenis/molgenis/386600939/.m2/org/apache/maven/surefire/surefire-grouper/2.21.0/surefire-grouper-2.21.0.jar:"/>
    <property name="java.vm.vendor" value="Oracle Corporation"/>
    <property name="skip.bower" value="true"/>
    <property name="sun.arch.data.model" value="64"/>
    <property name="java.vendor.url" value="http://java.oracle.com/"/>
    <property name="user.timezone" value=""/>
    <property name="java.vm.specification.version" value="1.8"/>
    <property name="os.name" value="Linux"/>
    <property name="rat.skip" value="true"/>
    <property name="gpg.skip" value="true"/>
    <property name="sun.java.launcher" value="SUN_STANDARD"/>
    <property name="sun.boot.library.path" value="/usr/lib/jvm/java-8-openjdk-amd64/jre/lib/amd64"/>
    <property name="skip.gulp" value="true"/>
    <property name="sun.java.command" value="/root/workspace/molgenis/molgenis/386600939/molgenis-data-rest/target/surefire/surefirebooter3012864071810179751.jar /root/workspace/molgenis/molgenis/386600939/molgenis-data-rest/target/surefire 2018-06-01T13-16-23_183-jvmRun1 surefire3082298080446378037tmp surefire_232082836772314693652tmp"/>
    <property name="dependency-check.skip" value="true"/>
    <property name="surefire.test.class.path" value="/root/workspace/molgenis/molgenis/386600939/molgenis-data-rest/target/test-classes:/root/workspace/molgenis/molgenis/386600939/molgenis-data-rest/target/classes:/root/workspace/molgenis/molgenis/386600939/molgenis-core/target/classes:/root/workspace/molgenis/molgenis/386600939/molgenis-util/target/classes:/root/./workspace/molgenis/molgenis/386600939/.m2/com/sun/mail/javax.mail/1.6.1/javax.mail-1.6.1.jar:/root/./workspace/molgenis/molgenis/386600939/.m2/javax/activation/activation/1.1.1/activation-1.1.1.jar:/root/./workspace/molgenis/molgenis/386600939/.m2/org/mapdb/mapdb/1.0.6/mapdb-1.0.6.jar:/root/./workspace/molgenis/molgenis/386600939/.m2/commons-io/commons-io/2.6/commons-io-2.6.jar:/root/./workspace/molgenis/molgenis/386600939/.m2/org/springframework/spring-web/5.0.6.RELEASE/spring-web-5.0.6.RELEASE.jar:/root/workspace/molgenis/molgenis/386600939/molgenis-web/target/classes:/root/workspace/molgenis/molgenis/386600939/molgenis-i18n/target/classes:/root/workspace/molgenis/molgenis/386600939/molgenis-data-csv/target/classes:/root/./workspace/molgenis/molgenis/386600939/.m2/net/sf/opencsv/opencsv/2.3/opencsv-2.3.jar:/root/workspace/molgenis/molgenis/386600939/molgenis-data-plugin/target/classes:/root/workspace/molgenis/molgenis/386600939/molgenis-data-security/target/classes:/root/workspace/molgenis/molgenis/386600939/molgenis-data-validation/target/classes:/root/workspace/molgenis/molgenis/386600939/molgenis-js/target/classes:/root/workspace/molgenis/molgenis/386600939/molgenis-scripts-core/target/classes:/root/./workspace/molgenis/molgenis/386600939/.m2/org/everit/json/org.everit.json.schema/1.5.1/org.everit.json.schema-1.5.1.jar:/root/./workspace/molgenis/molgenis/386600939/.m2/org/json/json/20141113/json-20141113.jar:/root/./workspace/molgenis/molgenis/386600939/.m2/commons-validator/commons-validator/1.5.1/commons-validator-1.5.1.jar:/root/./workspace/molgenis/molgenis/386600939/.m2/commons-beanutils/commons-beanutils/1.9.3/commons-beanutils-1.9.3.jar:/root/./workspace/molgenis/molgenis/386600939/.m2/commons-digester/commons-digester/1.8.1/commons-digester-1.8.1.jar:/root/./workspace/molgenis/molgenis/386600939/.m2/commons-collections/commons-collections/3.2.2/commons-collections-3.2.2.jar:/root/workspace/molgenis/molgenis/386600939/molgenis-security-core/target/classes:/root/./workspace/molgenis/molgenis/386600939/.m2/org/springframework/spring-aspects/5.0.6.RELEASE/spring-aspects-5.0.6.RELEASE.jar:/root/./workspace/molgenis/molgenis/386600939/.m2/org/aspectj/aspectjweaver/1.8.13/aspectjweaver-1.8.13.jar:/root/workspace/molgenis/molgenis/386600939/molgenis-settings/target/classes:/root/./workspace/molgenis/molgenis/386600939/.m2/cz/jirutka/rsql/rsql-parser/2.0.0/rsql-parser-2.0.0.jar:/root/./workspace/molgenis/molgenis/386600939/.m2/com/fatboyindustrial/gson-javatime-serialisers/gson-javatime-serialisers/1.1.1/gson-javatime-serialisers-1.1.1.jar:/root/./workspace/molgenis/molgenis/386600939/.m2/io/swagger/swagger-annotations/1.5.16/swagger-annotations-1.5.16.jar:/root/workspace/molgenis/molgenis/386600939/molgenis-data/target/classes:/root/./workspace/molgenis/molgenis/386600939/.m2/org/springframework/spring-tx/5.0.6.RELEASE/spring-tx-5.0.6.RELEASE.jar:/root/./workspace/molgenis/molgenis/386600939/.m2/com/google/code/gson/gson/2.8.4/gson-2.8.4.jar:/root/./workspace/molgenis/molgenis/386600939/.m2/com/eaio/uuid/uuid/3.2/uuid-3.2.jar:/root/./workspace/molgenis/molgenis/386600939/.m2/com/mchange/c3p0/0.9.5.2/c3p0-0.9.5.2.jar:/root/./workspace/molgenis/molgenis/386600939/.m2/com/mchange/mchange-commons-java/0.2.11/mchange-commons-java-0.2.11.jar:/root/workspace/molgenis/molgenis/386600939/molgenis-data-file/target/classes:/root/workspace/molgenis/molgenis/386600939/molgenis-data-i18n/target/classes:/root/workspace/molgenis/molgenis/386600939/molgenis-security/target/classes:/root/./workspace/molgenis/molgenis/386600939/.m2/com/github/ben-manes/caffeine/caffeine/2.6.2/caffeine-2.6.2.jar:/root/./workspace/molgenis/molgenis/386600939/.m2/org/freemarker/freemarker/2.3.28/freemarker-2.3.28.jar:/root/./workspace/molgenis/molgenis/386600939/.m2/cn/apiclub/tool/simplecaptcha/1.2.2/simplecaptcha-1.2.2.jar:/root/./workspace/molgenis/molgenis/386600939/.m2/org/springframework/security/spring-security-config/5.0.5.RELEASE/spring-security-config-5.0.5.RELEASE.jar:/root/./workspace/molgenis/molgenis/386600939/.m2/org/springframework/security/spring-security-acl/5.0.5.RELEASE/spring-security-acl-5.0.5.RELEASE.jar:/root/./workspace/molgenis/molgenis/386600939/.m2/org/springframework/spring-jdbc/5.0.6.RELEASE/spring-jdbc-5.0.6.RELEASE.jar:/root/./workspace/molgenis/molgenis/386600939/.m2/com/google/api-client/google-api-client/1.21.0/google-api-client-1.21.0.jar:/root/./workspace/molgenis/molgenis/386600939/.m2/com/google/oauth-client/google-oauth-client/1.21.0/google-oauth-client-1.21.0.jar:/root/./workspace/molgenis/molgenis/386600939/.m2/com/google/http-client/google-http-client/1.21.0/google-http-client-1.21.0.jar:/root/./workspace/molgenis/molgenis/386600939/.m2/org/apache/httpcomponents/httpclient/4.5.5/httpclient-4.5.5.jar:/root/./workspace/molgenis/molgenis/386600939/.m2/org/apache/httpcomponents/httpcore/4.4.9/httpcore-4.4.9.jar:/root/./workspace/molgenis/molgenis/386600939/.m2/commons-codec/commons-codec/1.11/commons-codec-1.11.jar:/root/./workspace/molgenis/molgenis/386600939/.m2/com/google/http-client/google-http-client-jackson2/1.21.0/google-http-client-jackson2-1.21.0.jar:/root/./workspace/molgenis/molgenis/386600939/.m2/org/jboss/aerogear/aerogear-otp-java/1.0.0/aerogear-otp-java-1.0.0.jar:/root/./workspace/molgenis/molgenis/386600939/.m2/org/springframework/spring-webmvc/5.0.6.RELEASE/spring-webmvc-5.0.6.RELEASE.jar:/root/./workspace/molgenis/molgenis/386600939/.m2/org/springframework/spring-aop/5.0.6.RELEASE/spring-aop-5.0.6.RELEASE.jar:/root/./workspace/molgenis/molgenis/386600939/.m2/org/springframework/spring-beans/5.0.6.RELEASE/spring-beans-5.0.6.RELEASE.jar:/root/./workspace/molgenis/molgenis/386600939/.m2/org/springframework/spring-context/5.0.6.RELEASE/spring-context-5.0.6.RELEASE.jar:/root/./workspace/molgenis/molgenis/386600939/.m2/org/springframework/spring-core/5.0.6.RELEASE/spring-core-5.0.6.RELEASE.jar:/root/./workspace/molgenis/molgenis/386600939/.m2/org/springframework/spring-jcl/5.0.6.RELEASE/spring-jcl-5.0.6.RELEASE.jar:/root/./workspace/molgenis/molgenis/386600939/.m2/org/springframework/spring-expression/5.0.6.RELEASE/spring-expression-5.0.6.RELEASE.jar:/root/./workspace/molgenis/molgenis/386600939/.m2/org/springframework/security/spring-security-web/5.0.5.RELEASE/spring-security-web-5.0.5.RELEASE.jar:/root/./workspace/molgenis/molgenis/386600939/.m2/org/springframework/security/spring-security-core/5.0.5.RELEASE/spring-security-core-5.0.5.RELEASE.jar:/root/./workspace/molgenis/molgenis/386600939/.m2/javax/servlet/javax.servlet-api/3.1.0/javax.servlet-api-3.1.0.jar:/root/./workspace/molgenis/molgenis/386600939/.m2/com/google/code/findbugs/jsr305/3.0.2/jsr305-3.0.2.jar:/root/./workspace/molgenis/molgenis/386600939/.m2/com/google/auto/value/auto-value/1.4.1/auto-value-1.4.1.jar:/root/./workspace/molgenis/molgenis/386600939/.m2/org/hibernate/validator/hibernate-validator/6.0.9.Final/hibernate-validator-6.0.9.Final.jar:/root/./workspace/molgenis/molgenis/386600939/.m2/javax/validation/validation-api/2.0.1.Final/validation-api-2.0.1.Final.jar:/root/./workspace/molgenis/molgenis/386600939/.m2/org/jboss/logging/jboss-logging/3.3.2.Final/jboss-logging-3.3.2.Final.jar:/root/./workspace/molgenis/molgenis/386600939/.m2/com/fasterxml/classmate/1.3.4/classmate-1.3.4.jar:/root/./workspace/molgenis/molgenis/386600939/.m2/org/glassfish/javax.el/3.0.0/javax.el-3.0.0.jar:/root/./workspace/molgenis/molgenis/386600939/.m2/org/apache/commons/commons-lang3/3.7/commons-lang3-3.7.jar:/root/./workspace/molgenis/molgenis/386600939/.m2/org/hamcrest/hamcrest-core/1.3/hamcrest-core-1.3.jar:/root/./workspace/molgenis/molgenis/386600939/.m2/org/skyscreamer/jsonassert/1.5.0/jsonassert-1.5.0.jar:/root/./workspace/molgenis/molgenis/386600939/.m2/com/vaadin/external/google/android-json/0.0.20131108.vaadin1/android-json-0.0.20131108.vaadin1.jar:/root/./workspace/molgenis/molgenis/386600939/.m2/com/jayway/jsonpath/json-path/2.4.0/json-path-2.4.0.jar:/root/./workspace/molgenis/molgenis/386600939/.m2/net/minidev/json-smart/2.3/json-smart-2.3.jar:/root/./workspace/molgenis/molgenis/386600939/.m2/net/minidev/accessors-smart/1.2/accessors-smart-1.2.jar:/root/./workspace/molgenis/molgenis/386600939/.m2/org/ow2/asm/asm/5.0.4/asm-5.0.4.jar:/root/./workspace/molgenis/molgenis/386600939/.m2/org/slf4j/slf4j-api/1.7.25/slf4j-api-1.7.25.jar:/root/workspace/molgenis/molgenis/386600939/molgenis-test/target/classes:/root/./workspace/molgenis/molgenis/386600939/.m2/org/testng/testng/6.8/testng-6.8.jar:/root/./workspace/molgenis/molgenis/386600939/.m2/junit/junit/4.12/junit-4.12.jar:/root/./workspace/molgenis/molgenis/386600939/.m2/org/beanshell/bsh/2.0b5/bsh-2.0b5.jar:/root/./workspace/molgenis/molgenis/386600939/.m2/com/beust/jcommander/1.27/jcommander-1.27.jar:/root/./workspace/molgenis/molgenis/386600939/.m2/org/yaml/snakeyaml/1.19/snakeyaml-1.19.jar:/root/./workspace/molgenis/molgenis/386600939/.m2/org/mockito/mockito-core/2.7.22/mockito-core-2.7.22.jar:/root/./workspace/molgenis/molgenis/386600939/.m2/net/bytebuddy/byte-buddy/1.7.11/byte-buddy-1.7.11.jar:/root/./workspace/molgenis/molgenis/386600939/.m2/net/bytebuddy/byte-buddy-agent/1.7.11/byte-buddy-agent-1.7.11.jar:/root/./workspace/molgenis/molgenis/386600939/.m2/org/objenesis/objenesis/2.6/objenesis-2.6.jar:/root/./workspace/molgenis/molgenis/386600939/.m2/org/hamcrest/hamcrest-all/1.3/hamcrest-all-1.3.jar:/root/./workspace/molgenis/molgenis/386600939/.m2/org/springframework/spring-test/5.0.6.RELEASE/spring-test-5.0.6.RELEASE.jar:/root/./workspace/molgenis/molgenis/386600939/.m2/com/fasterxml/jackson/core/jackson-databind/2.9.5/jackson-databind-2.9.5.jar:/root/./workspace/molgenis/molgenis/386600939/.m2/com/fasterxml/jackson/core/jackson-annotations/2.9.0/jackson-annotations-2.9.0.jar:/root/./workspace/molgenis/molgenis/386600939/.m2/com/fasterxml/jackson/core/jackson-core/2.9.5/jackson-core-2.9.5.jar:/root/workspace/molgenis/molgenis/386600939/molgenis-i18n/target/test-classes:/root/./workspace/molgenis/molgenis/386600939/.m2/org/springframework/spring-context-support/5.0.6.RELEASE/spring-context-support-5.0.6.RELEASE.jar:/root/workspace/molgenis/molgenis/386600939/molgenis-data/target/test-classes:/root/./workspace/molgenis/molgenis/386600939/.m2/org/springframework/security/spring-security-test/5.0.5.RELEASE/spring-security-test-5.0.5.RELEASE.jar:/root/./workspace/molgenis/molgenis/386600939/.m2/org/springframework/boot/spring-boot-starter-logging/2.0.2.RELEASE/spring-boot-starter-logging-2.0.2.RELEASE.jar:/root/./workspace/molgenis/molgenis/386600939/.m2/ch/qos/logback/logback-classic/1.2.3/logback-classic-1.2.3.jar:/root/./workspace/molgenis/molgenis/386600939/.m2/ch/qos/logback/logback-core/1.2.3/logback-core-1.2.3.jar:/root/./workspace/molgenis/molgenis/386600939/.m2/org/apache/logging/log4j/log4j-to-slf4j/2.10.0/log4j-to-slf4j-2.10.0.jar:/root/./workspace/molgenis/molgenis/386600939/.m2/org/apache/logging/log4j/log4j-api/2.10.0/log4j-api-2.10.0.jar:/root/./workspace/molgenis/molgenis/386600939/.m2/org/slf4j/jul-to-slf4j/1.7.25/jul-to-slf4j-1.7.25.jar:/root/./workspace/molgenis/molgenis/386600939/.m2/org/slf4j/log4j-over-slf4j/1.7.25/log4j-over-slf4j-1.7.25.jar:/root/./workspace/molgenis/molgenis/386600939/.m2/com/google/guava/guava/25.0-jre/guava-25.0-jre.jar:/root/./workspace/molgenis/molgenis/386600939/.m2/org/apache/maven/surefire/surefire-testng-utils/2.21.0/surefire-testng-utils-2.21.0.jar:/root/./workspace/molgenis/molgenis/386600939/.m2/org/apache/maven/surefire/surefire-grouper/2.21.0/surefire-grouper-2.21.0.jar:"/>
    <property name="sun.cpu.endian" value="little"/>
    <property name="user.home" value="/root"/>
    <property name="user.language" value="en"/>
    <property name="java.specification.vendor" value="Oracle Corporation"/>
    <property name="java.home" value="/usr/lib/jvm/java-8-openjdk-amd64/jre"/>
    <property name="basedir" value="/root/workspace/molgenis/molgenis/386600939/molgenis-data-rest"/>
    <property name="file.separator" value="/"/>
    <property name="checkstyle.skip" value="true"/>
    <property name="line.separator" value="&#10;"/>
    <property name="skip.npm" value="true"/>
    <property name="java.vm.specification.vendor" value="Oracle Corporation"/>
    <property name="java.specification.name" value="Java Platform API Specification"/>
    <property name="java.awt.graphicsenv" value="sun.awt.X11GraphicsEnvironment"/>
    <property name="skipITs" value="true"/>
    <property name="surefire.real.class.path" value="/root/workspace/molgenis/molgenis/386600939/molgenis-data-rest/target/surefire/surefirebooter3012864071810179751.jar:/root/./workspace/molgenis/molgenis/386600939/.m2/org/jacoco/org.jacoco.agent/0.8.1/org.jacoco.agent-0.8.1-runtime.jar"/>
    <property name="cobertura.skip" value="true"/>
    <property name="sun.boot.class.path" value="/usr/lib/jvm/java-8-openjdk-amd64/jre/lib/resources.jar:/usr/lib/jvm/java-8-openjdk-amd64/jre/lib/rt.jar:/usr/lib/jvm/java-8-openjdk-amd64/jre/lib/sunrsasign.jar:/usr/lib/jvm/java-8-openjdk-amd64/jre/lib/jsse.jar:/usr/lib/jvm/java-8-openjdk-amd64/jre/lib/jce.jar:/usr/lib/jvm/java-8-openjdk-amd64/jre/lib/charsets.jar:/usr/lib/jvm/java-8-openjdk-amd64/jre/lib/jfr.jar:/usr/lib/jvm/java-8-openjdk-amd64/jre/classes"/>
    <property name="sun.management.compiler" value="HotSpot 64-Bit Tiered Compilers"/>
    <property name="java.runtime.version" value="1.8.0_121-8u121-b13-1~bpo8+1-b13"/>
    <property name="user.name" value="root"/>
    <property name="findbugs.skip" value="true"/>
    <property name="path.separator" value=":"/>
    <property name="os.version" value="3.10.0-862.2.3.el7.x86_64"/>
    <property name="java.endorsed.dirs" value="/usr/lib/jvm/java-8-openjdk-amd64/jre/lib/endorsed"/>
    <property name="java.runtime.name" value="OpenJDK Runtime Environment"/>
    <property name="file.encoding" value="UTF-8"/>
    <property name="java.vm.name" value="OpenJDK 64-Bit Server VM"/>
    <property name="localRepository" value="/root/./workspace/molgenis/molgenis/386600939/.m2"/>
    <property name="java.vendor.url.bug" value="http://bugreport.sun.com/bugreport/"/>
    <property name="java.io.tmpdir" value="/tmp"/>
    <property name="java.version" value="1.8.0_121"/>
    <property name="user.dir" value="/root/workspace/molgenis/molgenis/386600939/molgenis-data-rest"/>
    <property name="os.arch" value="amd64"/>
    <property name="license.skip" value="true"/>
    <property name="java.vm.specification.name" value="Java Virtual Machine Specification"/>
    <property name="java.awt.printerjob" value="sun.print.PSPrinterJob"/>
    <property name="sun.os.patch.level" value="unknown"/>
    <property name="java.library.path" value="/usr/java/packages/lib/amd64:/usr/lib/x86_64-linux-gnu/jni:/lib/x86_64-linux-gnu:/usr/lib/x86_64-linux-gnu:/usr/lib/jni:/lib:/usr/lib"/>
    <property name="java.vm.info" value="mixed mode"/>
    <property name="java.vendor" value="Oracle Corporation"/>
    <property name="java.vm.version" value="25.121-b13"/>
    <property name="java.ext.dirs" value="/usr/lib/jvm/java-8-openjdk-amd64/jre/lib/ext:/usr/java/packages/lib/ext"/>
    <property name="sun.io.unicode.encoding" value="UnicodeLittle"/>
    <property name="maven.repo.local" value="/root/./workspace/molgenis/molgenis/386600939/.m2"/>
    <property name="enforcer.skip" value="true"/>
    <property name="java.class.version" value="52.0"/>
  </properties>
  <testcase name="testAggregateResultResponseToResponseAggregateResult" classname="org.molgenis.data.rest.v2.EntityAggregatesResponseTest" time="1.295"/>
  <testcase name="convertMultipleAttributes" classname="org.molgenis.data.rest.v2.AttributeFilterConverterTest" time="0.001"/>
  <testcase name="convertMultipleAttributesSubSelectionMultipleAttributes" classname="org.molgenis.data.rest.v2.AttributeFilterConverterTest" time="0.001"/>
  <testcase name="convertMultipleAttributesSubSelectionMultipleAttributesWildCard1" classname="org.molgenis.data.rest.v2.AttributeFilterConverterTest" time="0"/>
  <testcase name="convertMultipleAttributesSubSelectionMultipleAttributesWildCard2" classname="org.molgenis.data.rest.v2.AttributeFilterConverterTest" time="0"/>
  <testcase name="convertMultipleAttributesSubSelectionSingleAttributeParenthesis" classname="org.molgenis.data.rest.v2.AttributeFilterConverterTest" time="0"/>
  <testcase name="convertMultipleAttributesSubSelectionSingleAttributeParenthesisWildcard" classname="org.molgenis.data.rest.v2.AttributeFilterConverterTest" time="0"/>
  <testcase name="convertSingleAttribute" classname="org.molgenis.data.rest.v2.AttributeFilterConverterTest" time="0"/>
  <testcase name="convertSingleAttributeEscapeComma" classname="org.molgenis.data.rest.v2.AttributeFilterConverterTest" time="0.001"/>
  <testcase name="convertSingleAttributeEscapeParenthesisLeft" classname="org.molgenis.data.rest.v2.AttributeFilterConverterTest" time="0"/>
  <testcase name="convertSingleAttributeEscapeParenthesisRight" classname="org.molgenis.data.rest.v2.AttributeFilterConverterTest" time="0"/>
  <testcase name="convertSingleAttributeSubSelectionMultipleAttributes" classname="org.molgenis.data.rest.v2.AttributeFilterConverterTest" time="0"/>
  <testcase name="convertSingleAttributeSubSelectionMultipleAttributesWildcard1" classname="org.molgenis.data.rest.v2.AttributeFilterConverterTest" time="0"/>
  <testcase name="convertSingleAttributeSubSelectionMultipleAttributesWildcard2" classname="org.molgenis.data.rest.v2.AttributeFilterConverterTest" time="0.001"/>
  <testcase name="convertSingleAttributeSubSelectionSingleAttributeParenthesis" classname="org.molgenis.data.rest.v2.AttributeFilterConverterTest" time="0"/>
  <testcase name="convertSingleAttributeSubSelectionSingleAttributeParenthesisWildcard" classname="org.molgenis.data.rest.v2.AttributeFilterConverterTest" time="0"/>
  <testcase name="convertSingleAttributeSubSubSelection" classname="org.molgenis.data.rest.v2.AttributeFilterConverterTest" time="0"/>
  <testcase name="retrieveAtrributeMetaData" classname="org.molgenis.data.rest.v2.RestControllerV2Test" time="0.021"/>
  <testcase name="retrieveAtrributeMetaDataPost" classname="org.molgenis.data.rest.v2.RestControllerV2Test" time="0.002"/>
  <testcase name="retrieveEntityCollectionWitNonZeroNumSize" classname="org.molgenis.data.rest.v2.RestControllerV2Test" time="0.409"/>
  <testcase name="retrieveEntityCollectionWithZeroNumSize" classname="org.molgenis.data.rest.v2.RestControllerV2Test" time="0.048"/>
  <testcase name="retrieveResource" classname="org.molgenis.data.rest.v2.RestControllerV2Test" time="0.064"/>
  <testcase name="retrieveResourceCollection" classname="org.molgenis.data.rest.v2.RestControllerV2Test" time="0.036"/>
  <testcase name="retrieveResourceCollectionUnknownEntityType" classname="org.molgenis.data.rest.v2.RestControllerV2Test" time="0.084"/>
  <testcase name="retrieveResourceIncludingCategories" classname="org.molgenis.data.rest.v2.RestControllerV2Test" time="0.034"/>
  <testcase name="retrieveResourcePartialResponseAttribute" classname="org.molgenis.data.rest.v2.RestControllerV2Test" time="0.007"/>
  <testcase name="retrieveResourcePartialResponseAttributeInCompound" classname="org.molgenis.data.rest.v2.RestControllerV2Test" time="0.008"/>
  <testcase name="retrieveResourcePartialResponseAttributeInCompoundInCompound" classname="org.molgenis.data.rest.v2.RestControllerV2Test" time="0.005"/>
  <testcase name="retrieveResourcePartialResponseAttributes" classname="org.molgenis.data.rest.v2.RestControllerV2Test" time="0.006"/>
  <testcase name="retrieveResourcePartialResponseSubAttribute" classname="org.molgenis.data.rest.v2.RestControllerV2Test" time="0.005"/>
  <testcase name="retrieveResourcePartialResponseSubAttributes" classname="org.molgenis.data.rest.v2.RestControllerV2Test" time="0.005"/>
  <testcase name="retrieveResourcePartialResponseSubSubAttributes" classname="org.molgenis.data.rest.v2.RestControllerV2Test" time="0.007"/>
  <testcase name="testCopyEntity" classname="org.molgenis.data.rest.v2.RestControllerV2Test" time="0.184"/>
  <testcase name="testCopyEntityDuplicateEntity" classname="org.molgenis.data.rest.v2.RestControllerV2Test" time="0.021"/>
  <testcase name="testCopyEntityNoReadPermissions" classname="org.molgenis.data.rest.v2.RestControllerV2Test" time="0.017"/>
  <testcase name="testCopyEntityNoWriteCapabilities" classname="org.molgenis.data.rest.v2.RestControllerV2Test" time="0.011"/>
  <testcase name="testCopyEntityUnknownEntity" classname="org.molgenis.data.rest.v2.RestControllerV2Test" time="0.01"/>
  <testcase name="testCreateEntities" classname="org.molgenis.data.rest.v2.RestControllerV2Test" time="0.03"/>
  <testcase name="testCreateEntitiesAttribute" classname="org.molgenis.data.rest.v2.RestControllerV2Test" time="0.045"/>
  <testcase name="testCreateEntitiesMaxPlusOne" classname="org.molgenis.data.rest.v2.RestControllerV2Test" time="0.053"/>
  <testcase name="testCreateEntitiesNoneProvided" classname="org.molgenis.data.rest.v2.RestControllerV2Test" time="0.011"/>
  <testcase name="testCreateEntitiesSystemException" classname="org.molgenis.data.rest.v2.RestControllerV2Test" time="0.012"/>
  <testcase name="testCreateEntitiesUnknownEntityTypeException" classname="org.molgenis.data.rest.v2.RestControllerV2Test" time="0.01"/>
  <testcase name="testDeleteEntityCollection" classname="org.molgenis.data.rest.v2.RestControllerV2Test" time="0.011"/>
  <testcase name="testDeleteEntityCollection" classname="org.molgenis.data.rest.v2.RestControllerV2Test" time="0.008"/>
  <testcase name="testDeleteEntityCollection" classname="org.molgenis.data.rest.v2.RestControllerV2Test" time="0.008"/>
  <testcase name="testDeleteEntityCollection" classname="org.molgenis.data.rest.v2.RestControllerV2Test" time="0.008"/>
  <testcase name="testDeleteEntityCollection" classname="org.molgenis.data.rest.v2.RestControllerV2Test" time="0.008"/>
  <testcase name="testDeleteEntityCollectionExceptionAbstractEntity" classname="org.molgenis.data.rest.v2.RestControllerV2Test" time="0.009"/>
  <testcase name="testDeleteEntityCollectionExceptionInvalidRequestBody" classname="org.molgenis.data.rest.v2.RestControllerV2Test" time="0.003"/>
  <testcase name="testDeleteEntityCollectionExceptionNoEntitiesToDelete" classname="org.molgenis.data.rest.v2.RestControllerV2Test" time="0.012"/>
  <testcase name="testDeleteEntityCollectionExceptionUnknownEntity" classname="org.molgenis.data.rest.v2.RestControllerV2Test" time="0.009"/>
  <testcase name="testSelfRefWithAllAttrsEqualsSelfRefWithoutAttrs" classname="org.molgenis.data.rest.v2.RestControllerV2Test" time="0.007"/>
  <testcase name="testSelfRefWithNestedFetch" classname="org.molgenis.data.rest.v2.RestControllerV2Test" time="0.007"/>
  <testcase name="testUpdateEntities" classname="org.molgenis.data.rest.v2.RestControllerV2Test" time="0.008"/>
  <testcase name="testUpdateEntitiesMaxEntitiesExceeded" classname="org.molgenis.data.rest.v2.RestControllerV2Test" time="0.015"/>
  <testcase name="testUpdateEntitiesMolgenisDataException" classname="org.molgenis.data.rest.v2.RestControllerV2Test" time="0.008"/>
  <testcase name="testUpdateEntitiesMolgenisValidationException" classname="org.molgenis.data.rest.v2.RestControllerV2Test" time="0.012"/>
  <testcase name="testUpdateEntitiesMustProvideIdentifierAndValue" classname="org.molgenis.data.rest.v2.RestControllerV2Test" time="0.009"/>
  <testcase name="testUpdateEntitiesNoEntities" classname="org.molgenis.data.rest.v2.RestControllerV2Test" time="0.008"/>
  <testcase name="testUpdateEntitiesSpecificAttribute" classname="org.molgenis.data.rest.v2.RestControllerV2Test" time="0.011"/>
  <testcase name="testUpdateEntitiesSpecificAttributeInvalidId" classname="org.molgenis.data.rest.v2.RestControllerV2Test" time="0.011"/>
  <testcase name="testUpdateEntitiesSpecificAttributeMaxEntitiesExceeded" classname="org.molgenis.data.rest.v2.RestControllerV2Test" time="0.013"/>
  <testcase name="testUpdateEntitiesSpecificAttributeNoExceptions" classname="org.molgenis.data.rest.v2.RestControllerV2Test" time="0.008"/>
  <testcase name="testUpdateEntitiesSpecificAttributeReadOnlyAttribute" classname="org.molgenis.data.rest.v2.RestControllerV2Test" time="0.007"/>
  <testcase name="testUpdateEntitiesSpecificAttributeUnknownEntity" classname="org.molgenis.data.rest.v2.RestControllerV2Test" time="0.008"/>
  <testcase name="testUpdateEntitiesSpecificAttributeUnknownIdentifier" classname="org.molgenis.data.rest.v2.RestControllerV2Test" time="0.009"/>
  <testcase name="testUpdateEntitiesUnknownEntity" classname="org.molgenis.data.rest.v2.RestControllerV2Test" time="0.008"/>
  <testcase name="convertAttrFilterCompoundAttr" classname="org.molgenis.data.rest.v2.AttributeFilterToFetchConverterTest" time="0.001"/>
  <testcase name="convertAttrFilterCompoundAttrPart" classname="org.molgenis.data.rest.v2.AttributeFilterToFetchConverterTest" time="0"/>
  <testcase name="convertAttrFilterCompoundPartCompoundAttr" classname="org.molgenis.data.rest.v2.AttributeFilterToFetchConverterTest" time="0"/>
  <testcase name="convertAttrFilterIncludeAll" classname="org.molgenis.data.rest.v2.AttributeFilterToFetchConverterTest" time="0.001"/>
  <testcase name="convertAttrFilterIncludeAttr" classname="org.molgenis.data.rest.v2.AttributeFilterToFetchConverterTest" time="0"/>
  <testcase name="convertAttrFilterIncludeIdAndLabelAttrs" classname="org.molgenis.data.rest.v2.AttributeFilterToFetchConverterTest" time="0"/>
  <testcase name="convertAttrFilterUnknownAttr" classname="org.molgenis.data.rest.v2.AttributeFilterToFetchConverterTest" time="0"/>
  <testcase name="convertAttrFilterXrefAttr" classname="org.molgenis.data.rest.v2.AttributeFilterToFetchConverterTest" time="0"/>
  <testcase name="convertNoAttrFilter" classname="org.molgenis.data.rest.v2.AttributeFilterToFetchConverterTest" time="0"/>
  <testcase name="createDefaultAttributeFetchNoRefAttr" classname="org.molgenis.data.rest.v2.AttributeFilterToFetchConverterTest" time="0"/>
  <testcase name="createDefaultEntityFetchNoRefs" classname="org.molgenis.data.rest.v2.AttributeFilterToFetchConverterTest" time="0"/>
  <testcase name="createDefaultEntityFetchRefAttr" classname="org.molgenis.data.rest.v2.AttributeFilterToFetchConverterTest" time="0.001"/>
  <testcase name="createDefaultEntityFetchRefs" classname="org.molgenis.data.rest.v2.AttributeFilterToFetchConverterTest" time="0"/>
  <testcase name="testConvertDoubleNestedSelfRef" classname="org.molgenis.data.rest.v2.AttributeFilterToFetchConverterTest" time="0"/>
  <testcase name="testConvertIdSelfRef" classname="org.molgenis.data.rest.v2.AttributeFilterToFetchConverterTest" time="0"/>
  <testcase name="testConvertNestedSelfRef" classname="org.molgenis.data.rest.v2.AttributeFilterToFetchConverterTest" time="0"/>
  <testcase name="testConvertSelfRefIncludeId" classname="org.molgenis.data.rest.v2.AttributeFilterToFetchConverterTest" time="0"/>
  <testcase name="create" classname="org.molgenis.data.rest.RestControllerTest" time="0.005"/>
  <testcase name="createFromFormPost" classname="org.molgenis.data.rest.RestControllerTest" time="0.005"/>
  <testcase name="deleteAllDelete" classname="org.molgenis.data.rest.RestControllerTest" time="0.002"/>
  <testcase name="deleteAllPost" classname="org.molgenis.data.rest.RestControllerTest" time="0.002"/>
  <testcase name="deleteDelete" classname="org.molgenis.data.rest.RestControllerTest" time="0.003"/>
  <testcase name="deleteMetaDelete" classname="org.molgenis.data.rest.RestControllerTest" time="0.002"/>
  <testcase name="deleteMetaPost" classname="org.molgenis.data.rest.RestControllerTest" time="0.001"/>
  <testcase name="deletePost" classname="org.molgenis.data.rest.RestControllerTest" time="0.002"/>
  <testcase name="handleUnknownEntityException" classname="org.molgenis.data.rest.RestControllerTest" time="0.005"/>
  <testcase name="loginPasswordReset" classname="org.molgenis.data.rest.RestControllerTest" time="0.136"/>
  <testcase name="molgenisDataAccessException" classname="org.molgenis.data.rest.RestControllerTest" time="0.003"/>
  <testcase name="molgenisPermissionDeniedException" classname="org.molgenis.data.rest.RestControllerTest" time="0.004"/>
  <testcase name="retrieve" classname="org.molgenis.data.rest.RestControllerTest" time="0.003"/>
  <testcase name="retrieveAttributeUnknownEntity" classname="org.molgenis.data.rest.RestControllerTest" time="0.005"/>
  <testcase name="retrieveEntityAttribute" classname="org.molgenis.data.rest.RestControllerTest" time="0.015"/>
  <testcase name="retrieveEntityAttributePost" classname="org.molgenis.data.rest.RestControllerTest" time="0.014"/>
  <testcase name="retrieveEntityAttributeUnknownAttribute" classname="org.molgenis.data.rest.RestControllerTest" time="0.01"/>
  <testcase name="retrieveEntityAttributeUnknownEntity" classname="org.molgenis.data.rest.RestControllerTest" time="0.015"/>
  <testcase name="retrieveEntityAttributeXref" classname="org.molgenis.data.rest.RestControllerTest" time="0.031"/>
  <testcase name="retrieveEntityCollection" classname="org.molgenis.data.rest.RestControllerTest" time="0.017"/>
  <testcase name="retrieveEntityCollectionCsv" classname="org.molgenis.data.rest.RestControllerTest" time="0.037"/>
  <testcase name="retrieveEntityCollectionPost" classname="org.molgenis.data.rest.RestControllerTest" time="0.007"/>
  <testcase name="retrieveEntityType" classname="org.molgenis.data.rest.RestControllerTest" time="0.002"/>
  <testcase name="retrieveEntityTypeExpandAttributes" classname="org.molgenis.data.rest.RestControllerTest" time="0.007"/>
  <testcase name="retrieveEntityTypeNotWritable" classname="org.molgenis.data.rest.RestControllerTest" time="0.003"/>
  <testcase name="retrieveEntityTypePost" classname="org.molgenis.data.rest.RestControllerTest" time="0.004"/>
  <testcase name="retrieveEntityTypeSelectAttributes" classname="org.molgenis.data.rest.RestControllerTest" time="0.003"/>
  <testcase name="retrieveEntityTypeWritable" classname="org.molgenis.data.rest.RestControllerTest" time="0.003"/>
  <testcase name="retrieveSelectAttributes" classname="org.molgenis.data.rest.RestControllerTest" time="0.003"/>
  <testcase name="retrieveSortedEntityCollectionCsv" classname="org.molgenis.data.rest.RestControllerTest" time="0.002"/>
  <testcase name="testLogoutNoToken" classname="org.molgenis.data.rest.RestControllerTest" time="0.004"/>
  <testcase name="testLogoutTokenInHeader" classname="org.molgenis.data.rest.RestControllerTest" time="0.002"/>
  <testcase name="testLogoutTokenInParam" classname="org.molgenis.data.rest.RestControllerTest" time="0.001"/>
  <testcase name="update" classname="org.molgenis.data.rest.RestControllerTest" time="0.002"/>
  <testcase name="updateAttribute" classname="org.molgenis.data.rest.RestControllerTest" time="0.003"/>
  <testcase name="updateAttribute_unknownAttribute" classname="org.molgenis.data.rest.RestControllerTest" time="0.003"/>
  <testcase name="updateAttribute_unknownEntity" classname="org.molgenis.data.rest.RestControllerTest" time="0.003"/>
  <testcase name="updateAttribute_unknownEntityId" classname="org.molgenis.data.rest.RestControllerTest" time="0.003"/>
  <testcase name="updateFromFormPost" classname="org.molgenis.data.rest.RestControllerTest" time="0.002"/>
  <testcase name="updateInternalRepoExistingIsNull" classname="org.molgenis.data.rest.RestControllerTest" time="0.003"/>
  <testcase name="updateInternalRepoIdAttributeIsNull" classname="org.molgenis.data.rest.RestControllerTest" time="0.003"/>
  <testcase name="updateInternalRepoNotUpdateable" classname="org.molgenis.data.rest.RestControllerTest" time="0.003"/>
  <testcase name="updatePost" classname="org.molgenis.data.rest.RestControllerTest" time="0.002"/>
  <testcase name="getNextStart" classname="org.molgenis.data.rest.EntityPagerTest" time="0.001"/>
  <testcase name="getPrevStart" classname="org.molgenis.data.rest.EntityPagerTest" time="0"/>
  <testcase name="toEntityDateStringValueInvalid" classname="org.molgenis.data.rest.service.RestServiceTest" time="0.017"/>
  <testcase name="toEntityDateStringValueValid" classname="org.molgenis.data.rest.service.RestServiceTest" time="0"/>
  <testcase name="toEntityDateTimeStringValueValid" classname="org.molgenis.data.rest.service.RestServiceTest" time="0.003"/>
  <testcase name="toEntityFileValueValid" classname="org.molgenis.data.rest.service.RestServiceTest" time="0.114"/>
  <testcase name="toEntityFileValueWithoutFileInRequest" classname="org.molgenis.data.rest.service.RestServiceTest" time="0"/>
  <testcase name="toEntityValue" classname="org.molgenis.data.rest.service.RestServiceTest" time="0"/>
  <testcase name="toEntityValueMrefToIntAttr" classname="org.molgenis.data.rest.service.RestServiceTest" time="0.002"/>
  <testcase name="toEntityValueMrefToIntAttr" classname="org.molgenis.data.rest.service.RestServiceTest" time="0"/>
  <testcase name="toEntityValueMrefToStringAttr" classname="org.molgenis.data.rest.service.RestServiceTest" time="0"/>
  <testcase name="toEntityValueMrefToStringAttr" classname="org.molgenis.data.rest.service.RestServiceTest" time="0.001"/>
  <testcase name="toEntityValueXref" classname="org.molgenis.data.rest.service.RestServiceTest" time="0"/>
  <testcase name="updateMappedByEntitiesEntity" classname="org.molgenis.data.rest.service.RestServiceTest" time="0.002"/>
  <testcase name="updateMappedByEntitiesEntityEntity" classname="org.molgenis.data.rest.service.RestServiceTest" time="0.002"/>
  <testcase name="getNextHref" classname="org.molgenis.data.rest.EntityCollectionResponseTest" time="0.001"/>
  <testcase name="getPrevHref" classname="org.molgenis.data.rest.EntityCollectionResponseTest" time="0"/>
  <testcase name="testAttribute" classname="org.molgenis.data.rest.util.HrefTest" time="0.001"/>
  <testcase name="testAttributeEntity" classname="org.molgenis.data.rest.util.HrefTest" time="0"/>
  <testcase name="testAttributeUrlEncodeIdWithSlash" classname="org.molgenis.data.rest.util.HrefTest" time="0"/>
  <testcase name="testAttributeUrlEncodeIdWithSpace" classname="org.molgenis.data.rest.util.HrefTest" time="0"/>
  <testcase name="testConcatEntityCollectionHref" classname="org.molgenis.data.rest.util.HrefTest" time="0.001"/>
  <testcase name="testEntity" classname="org.molgenis.data.rest.util.HrefTest" time="0"/>
  <testcase name="testEntityType" classname="org.molgenis.data.rest.util.HrefTest" time="0"/>
  <testcase name="testEntityTypeV2" classname="org.molgenis.data.rest.util.HrefTest" time="0"/>
  <testcase name="testEntityUrlEncodeIdWithSlash" classname="org.molgenis.data.rest.util.HrefTest" time="0"/>
  <testcase name="testEntityUrlEncodeIdWithSpace" classname="org.molgenis.data.rest.util.HrefTest" time="0"/>
  <testcase name="convertMultiAttrAsc" classname="org.molgenis.data.rest.convert.SortConverterTest" time="0.001"/>
  <testcase name="convertMultiAttrAscAndDesc" classname="org.molgenis.data.rest.convert.SortConverterTest" time="0"/>
  <testcase name="convertMultiAttrDefault" classname="org.molgenis.data.rest.convert.SortConverterTest" time="0"/>
  <testcase name="convertMultiAttrDesc" classname="org.molgenis.data.rest.convert.SortConverterTest" time="0"/>
  <testcase name="convertSingleAttrAsc" classname="org.molgenis.data.rest.convert.SortConverterTest" time="0"/>
  <testcase name="convertSingleAttrDefault" classname="org.molgenis.data.rest.convert.SortConverterTest" time="0"/>
  <testcase name="convertSingleAttrDesc" classname="org.molgenis.data.rest.convert.SortConverterTest" time="0"/>
</testsuite>