<?xml version="1.0" encoding="UTF-8"?>
<!-- Generated by org.testng.reporters.JUnitReportReporter -->
<testsuite name="marnikitta.concierge.paxos.PaxosTest" tests="3" time="10.641" ignored="0" failures="0" timestamp="12 Apr 2018 10:13:43 GMT" skipped="0" hostname="spirals-vortex.lille.inria.fr" errors="0">
  <testcase name="testSimplePropose" time="0.199" classname="marnikitta.concierge.paxos.PaxosTest"/>
  <testcase name="testMajorityPropose" time="0.244" classname="marnikitta.concierge.paxos.PaxosTest"/>
  <testcase name="testMinorityPropose" time="10.198" classname="marnikitta.concierge.paxos.PaxosTest"/>
</testsuite> <!-- marnikitta.concierge.paxos.PaxosTest -->
