<?xml version="1.0" encoding="UTF-8"?>
<!-- Generated by org.testng.reporters.JUnitReportReporter -->
<testsuite name="marnikitta.concierge.paxos.PaxosTest" tests="3" time="10.662" ignored="0" failures="0" timestamp="18 Mar 2018 09:58:38 GMT" skipped="0" hostname="spirals-vortex.lille.inria.fr" errors="0">
  <testcase name="testSimplePropose" time="0.205" classname="marnikitta.concierge.paxos.PaxosTest"/>
  <testcase name="testMajorityPropose" time="0.261" classname="marnikitta.concierge.paxos.PaxosTest"/>
  <testcase name="testMinorityPropose" time="10.196" classname="marnikitta.concierge.paxos.PaxosTest"/>
</testsuite> <!-- marnikitta.concierge.paxos.PaxosTest -->
