<?xml version="1.0" encoding="UTF-8"?>
<!-- Generated by org.testng.reporters.JUnitReportReporter -->
<testsuite hostname="spirals-vortex.lille.inria.fr" name="org.modelmapper.guice.GuiceIntegrationTest" tests="1" failures="0" timestamp="26 May 2018 07:30:57 GMT" time="0.174" errors="0">
  <testcase name="testFromGuice" time="0.174" classname="org.modelmapper.guice.GuiceIntegrationTest"/>
</testsuite> <!-- org.modelmapper.guice.GuiceIntegrationTest -->
