<?xml version="1.0" encoding="UTF-8" ?>
<testsuite tests="69" failures="0" name="org.geoserver.wfs.GetFeatureNoCachingTest" time="3.985" errors="0" skipped="0">
  <properties>
    <property name="java.runtime.name" value="OpenJDK Runtime Environment"/>
    <property name="sun.boot.library.path" value="/usr/lib/jvm/java-8-openjdk-amd64/jre/lib/amd64"/>
    <property name="java.vm.version" value="25.121-b13"/>
    <property name="java.vm.vendor" value="Oracle Corporation"/>
    <property name="maven.multiModuleProjectDirectory" value="/root/workspace/geoserver/geoserver/385284786/src"/>
    <property name="java.vendor.url" value="http://java.oracle.com/"/>
    <property name="path.separator" value=":"/>
    <property name="guice.disable.misplaced.annotation.check" value="true"/>
    <property name="skip.gulp" value="true"/>
    <property name="java.vm.name" value="OpenJDK 64-Bit Server VM"/>
    <property name="file.encoding.pkg" value="sun.io"/>
    <property name="sun.java.launcher" value="SUN_STANDARD"/>
    <property name="sun.os.patch.level" value="unknown"/>
    <property name="findbugs.skip" value="true"/>
    <property name="java.vm.specification.name" value="Java Virtual Machine Specification"/>
    <property name="user.dir" value="/root/workspace/geoserver/geoserver/385284786/src"/>
    <property name="checkstyle.skip" value="true"/>
    <property name="java.runtime.version" value="1.8.0_121-8u121-b13-1~bpo8+1-b13"/>
    <property name="java.awt.graphicsenv" value="sun.awt.X11GraphicsEnvironment"/>
    <property name="skip.npm" value="true"/>
    <property name="java.endorsed.dirs" value="/usr/lib/jvm/java-8-openjdk-amd64/jre/lib/endorsed"/>
    <property name="os.arch" value="amd64"/>
    <property name="java.io.tmpdir" value="/tmp"/>
    <property name="gpg.skip" value="true"/>
    <property name="line.separator" value="
"/>
    <property name="java.vm.specification.vendor" value="Oracle Corporation"/>
    <property name="cobertura.skip" value="true"/>
    <property name="os.name" value="Linux"/>
    <property name="classworlds.conf" value="/usr/share/maven/bin/m2.conf"/>
    <property name="sun.jnu.encoding" value="UTF-8"/>
    <property name="java.library.path" value="/usr/java/packages/lib/amd64:/usr/lib/x86_64-linux-gnu/jni:/lib/x86_64-linux-gnu:/usr/lib/x86_64-linux-gnu:/usr/lib/jni:/lib:/usr/lib"/>
    <property name="license.skip" value="true"/>
    <property name="java.specification.name" value="Java Platform API Specification"/>
    <property name="java.class.version" value="52.0"/>
    <property name="org.slf4j.simpleLogger.levelInBrackets" value="true"/>
    <property name="sun.management.compiler" value="HotSpot 64-Bit Tiered Compilers"/>
    <property name="skip.bower" value="true"/>
    <property name="maven.repo.local" value="/root/./workspace/geoserver/geoserver/385284786/.m2"/>
    <property name="os.version" value="3.10.0-862.2.3.el7.x86_64"/>
    <property name="user.home" value="/root"/>
    <property name="user.timezone" value="Europe/Paris"/>
    <property name="java.awt.printerjob" value="sun.print.PSPrinterJob"/>
    <property name="java.specification.version" value="1.8"/>
    <property name="file.encoding" value="UTF-8"/>
    <property name="user.name" value="root"/>
    <property name="java.class.path" value="/usr/share/maven/boot/plexus-classworlds-2.5.2.jar"/>
    <property name="skipITs" value="true"/>
    <property name="java.vm.specification.version" value="1.8"/>
    <property name="sun.arch.data.model" value="64"/>
    <property name="java.home" value="/usr/lib/jvm/java-8-openjdk-amd64/jre"/>
    <property name="sun.java.command" value="org.codehaus.plexus.classworlds.launcher.Launcher -B -D enforcer.skip=true -D dependency-check.skip=true -D skipITs=true -D cobertura.skip=true -D maven.repo.local=/root/./workspace/geoserver/geoserver/385284786/.m2 -D rat.skip=true -D findbugs.skip=true -D skip.bower=true -D gpg.skip=true -D checkstyle.skip=true -D skip.gulp=true -D license.skip=true -D skip.npm=true test"/>
    <property name="java.specification.vendor" value="Oracle Corporation"/>
    <property name="user.language" value="en"/>
    <property name="awt.toolkit" value="sun.awt.X11.XToolkit"/>
    <property name="dependency-check.skip" value="true"/>
    <property name="java.vm.info" value="mixed mode"/>
    <property name="java.version" value="1.8.0_121"/>
    <property name="java.ext.dirs" value="/usr/lib/jvm/java-8-openjdk-amd64/jre/lib/ext:/usr/java/packages/lib/ext"/>
    <property name="securerandom.source" value="file:/dev/./urandom"/>
    <property name="sun.boot.class.path" value="/usr/lib/jvm/java-8-openjdk-amd64/jre/lib/resources.jar:/usr/lib/jvm/java-8-openjdk-amd64/jre/lib/rt.jar:/usr/lib/jvm/java-8-openjdk-amd64/jre/lib/sunrsasign.jar:/usr/lib/jvm/java-8-openjdk-amd64/jre/lib/jsse.jar:/usr/lib/jvm/java-8-openjdk-amd64/jre/lib/jce.jar:/usr/lib/jvm/java-8-openjdk-amd64/jre/lib/charsets.jar:/usr/lib/jvm/java-8-openjdk-amd64/jre/lib/jfr.jar:/usr/lib/jvm/java-8-openjdk-amd64/jre/classes"/>
    <property name="java.vendor" value="Oracle Corporation"/>
    <property name="enforcer.skip" value="true"/>
    <property name="rat.skip" value="true"/>
    <property name="maven.home" value="/usr/share/maven"/>
    <property name="file.separator" value="/"/>
    <property name="java.vendor.url.bug" value="http://bugreport.sun.com/bugreport/"/>
    <property name="sun.cpu.endian" value="little"/>
    <property name="sun.io.unicode.encoding" value="UnicodeLittle"/>
    <property name="org.slf4j.simpleLogger.showThreadName" value="false"/>
    <property name="sun.cpu.isalist" value=""/>
  </properties>
  <testcase classname="org.geoserver.wfs.GetFeatureNoCachingTest" name="testPropertyIsLikeWithoutMatchCase" time="0.432"/>
  <testcase classname="org.geoserver.wfs.GetFeatureNoCachingTest" name="testGMLAttributeMapping" time="0.091"/>
  <testcase classname="org.geoserver.wfs.GetFeatureNoCachingTest" name="testStoredQuery" time="0.084"/>
  <testcase classname="org.geoserver.wfs.GetFeatureNoCachingTest" name="testResultTypeHitsNumReturnedMatched" time="0.02"/>
  <testcase classname="org.geoserver.wfs.GetFeatureNoCachingTest" name="testPostMultipleQueriesDifferentNamespaces" time="0.052"/>
  <testcase classname="org.geoserver.wfs.GetFeatureNoCachingTest" name="testGetWithInconsistentResourceId" time="0.024"/>
  <testcase classname="org.geoserver.wfs.GetFeatureNoCachingTest" name="testPostWithFailingUrnBboxFilter" time="0.056"/>
  <testcase classname="org.geoserver.wfs.GetFeatureNoCachingTest" name="testPostWithFunctionFilter" time="0.035"/>
  <testcase classname="org.geoserver.wfs.GetFeatureNoCachingTest" name="testGetWithCountAndStartIndexMiddle" time="0.028"/>
  <testcase classname="org.geoserver.wfs.GetFeatureNoCachingTest" name="testGetWithFeatureId" time="0.036"/>
  <testcase classname="org.geoserver.wfs.GetFeatureNoCachingTest" name="testPropertyIsLikeMatchCaseFalse" time="0.03"/>
  <testcase classname="org.geoserver.wfs.GetFeatureNoCachingTest" name="testPostWithBboxFilterOnBoundedBy" time="0.068"/>
  <testcase classname="org.geoserver.wfs.GetFeatureNoCachingTest" name="testGet" time="0.039"/>
  <testcase classname="org.geoserver.wfs.GetFeatureNoCachingTest" name="testTemporalFilter" time="0.091"/>
  <testcase classname="org.geoserver.wfs.GetFeatureNoCachingTest" name="testGetPropertyNameEmpty" time="0.024"/>
  <testcase classname="org.geoserver.wfs.GetFeatureNoCachingTest" name="testResultTypeHitsPost" time="0.019"/>
  <testcase classname="org.geoserver.wfs.GetFeatureNoCachingTest" name="testLayerQualified" time="0.029"/>
  <testcase classname="org.geoserver.wfs.GetFeatureNoCachingTest" name="testNumReturnedMatchedWithMaxFeatures" time="0.024"/>
  <testcase classname="org.geoserver.wfs.GetFeatureNoCachingTest" name="testStoredQueryBBOX" time="0.056"/>
  <testcase classname="org.geoserver.wfs.GetFeatureNoCachingTest" name="testPost" time="0.027"/>
  <testcase classname="org.geoserver.wfs.GetFeatureNoCachingTest" name="testConcurrentGet" time="0.597"/>
  <testcase classname="org.geoserver.wfs.GetFeatureNoCachingTest" name="testPostFormEncoded" time="0.034"/>
  <testcase classname="org.geoserver.wfs.GetFeatureNoCachingTest" name="testPostWithFilter" time="0.032"/>
  <testcase classname="org.geoserver.wfs.GetFeatureNoCachingTest" name="testGetWithFilter" time="0.031"/>
  <testcase classname="org.geoserver.wfs.GetFeatureNoCachingTest" name="testGetPropertyNameStar" time="0.021"/>
  <testcase classname="org.geoserver.wfs.GetFeatureNoCachingTest" name="testGml32MimeType" time="0.083"/>
  <testcase classname="org.geoserver.wfs.GetFeatureNoCachingTest" name="testGetWithConsistentResourceId" time="0.028"/>
  <testcase classname="org.geoserver.wfs.GetFeatureNoCachingTest" name="testResultTypeHitsGet" time="0.012"/>
  <testcase classname="org.geoserver.wfs.GetFeatureNoCachingTest" name="testGetWithCountAndStartIndexEnd" time="0.019"/>
  <testcase classname="org.geoserver.wfs.GetFeatureNoCachingTest" name="testWithGMLProperties" time="0.018"/>
  <testcase classname="org.geoserver.wfs.GetFeatureNoCachingTest" name="testInvalidRequest" time="0.021"/>
  <testcase classname="org.geoserver.wfs.GetFeatureNoCachingTest" name="testUserSuppliedDefaultNamespace" time="0.019"/>
  <testcase classname="org.geoserver.wfs.GetFeatureNoCachingTest" name="testConcurrentPost" time="0.714"/>
  <testcase classname="org.geoserver.wfs.GetFeatureNoCachingTest" name="testGML32OutputFormat" time="0.022"/>
  <testcase classname="org.geoserver.wfs.GetFeatureNoCachingTest" name="testPropertyIsLikeMatchCaseTrue" time="0.035"/>
  <testcase classname="org.geoserver.wfs.GetFeatureNoCachingTest" name="testBogusTypeNames" time="0.029"/>
  <testcase classname="org.geoserver.wfs.GetFeatureNoCachingTest" name="testSkipNumberMatched" time="0.03"/>
  <testcase classname="org.geoserver.wfs.GetFeatureNoCachingTest" name="testGetWithCountAndStartIndex0" time="0.02"/>
  <testcase classname="org.geoserver.wfs.GetFeatureNoCachingTest" name="testGetWithBBOX" time="0.022"/>
  <testcase classname="org.geoserver.wfs.GetFeatureNoCachingTest" name="testPostWithLessThanOnBoundedBy" time="0.127"/>
  <testcase classname="org.geoserver.wfs.GetFeatureNoCachingTest" name="testPostWithMatchingUrnBboxFilter" time="0.031"/>
  <testcase classname="org.geoserver.wfs.GetFeatureNoCachingTest" name="testResultTypeHitsGetWithCount" time="0.013"/>
  <testcase classname="org.geoserver.wfs.GetFeatureNoCachingTest" name="testGML32OutputFormatAlternate" time="0.019"/>
  <testcase classname="org.geoserver.wfs.GetFeatureNoCachingTest" name="testUnknownStoredQuery" time="0.014"/>
  <testcase classname="org.geoserver.wfs.GetFeatureNoCachingTest" name="testNumberOfDecimals" time="0.033"/>
  <testcase classname="org.geoserver.wfs.GetFeatureNoCachingTest" name="testGetTypeName" time="0.02"/>
  <testcase classname="org.geoserver.wfs.GetFeatureNoCachingTest" name="testWfs11AndGML32" time="0.021"/>
  <testcase classname="org.geoserver.wfs.GetFeatureNoCachingTest" name="testWithSRS" time="0.033"/>
  <testcase classname="org.geoserver.wfs.GetFeatureNoCachingTest" name="testPostWithBboxFilter" time="0.037"/>
  <testcase classname="org.geoserver.wfs.GetFeatureNoCachingTest" name="testGetFeatureWithMultiplePropertyName" time="0.049"/>
  <testcase classname="org.geoserver.wfs.GetFeatureNoCachingTest" name="testPostWithBoundsEnabled" time="0.032"/>
  <testcase classname="org.geoserver.wfs.GetFeatureNoCachingTest" name="testGetWithIdentifier" time="0.022"/>
  <testcase classname="org.geoserver.wfs.GetFeatureNoCachingTest" name="testResultTypeHitsNumberMatched" time="0.039"/>
  <testcase classname="org.geoserver.wfs.GetFeatureNoCachingTest" name="testAfterFeatureTypeAdded" time="0.024"/>
  <testcase classname="org.geoserver.wfs.GetFeatureNoCachingTest" name="testGetWithResourceId" time="0.028"/>
  <testcase classname="org.geoserver.wfs.GetFeatureNoCachingTest" name="testDefaultStoredQueryPost" time="0.054"/>
  <testcase classname="org.geoserver.wfs.GetFeatureNoCachingTest" name="testGetTypeNames" time="0.028"/>
  <testcase classname="org.geoserver.wfs.GetFeatureNoCachingTest" name="testAlternatePrefix" time="0.043"/>
  <testcase classname="org.geoserver.wfs.GetFeatureNoCachingTest" name="testSOAP11" time="0.025"/>
  <testcase classname="org.geoserver.wfs.GetFeatureNoCachingTest" name="testSOAP12" time="0.023"/>
  <testcase classname="org.geoserver.wfs.GetFeatureNoCachingTest" name="testBogusSrsName" time="0.025"/>
  <testcase classname="org.geoserver.wfs.GetFeatureNoCachingTest" name="testDefaultStoredQueryGetWorkspaceQualified" time="0.025"/>
  <testcase classname="org.geoserver.wfs.GetFeatureNoCachingTest" name="testWithSillyLiteral" time="0.027"/>
  <testcase classname="org.geoserver.wfs.GetFeatureNoCachingTest" name="testQueryHandleInExceptionReport" time="0.03"/>
  <testcase classname="org.geoserver.wfs.GetFeatureNoCachingTest" name="testPostWithBoundsDisabled" time="0.035"/>
  <testcase classname="org.geoserver.wfs.GetFeatureNoCachingTest" name="testGetWithCount" time="0.018"/>
  <testcase classname="org.geoserver.wfs.GetFeatureNoCachingTest" name="testGetFeatureInvalidPropertyName" time="0.015"/>
  <testcase classname="org.geoserver.wfs.GetFeatureNoCachingTest" name="testUserSuppliedNamespacePrefix" time="0.019"/>
  <testcase classname="org.geoserver.wfs.GetFeatureNoCachingTest" name="testDefaultStoredQueryGet" time="0.024"/>
</testsuite>