<?xml version="1.0" encoding="UTF-8"?>
<testsuite xmlns:xsi="http://www.w3.org/2001/XMLSchema-instance" xsi:noNamespaceSchemaLocation="https://maven.apache.org/surefire/maven-surefire-plugin/xsd/surefire-test-report.xsd" name="com.github.nosan.embedded.cassandra.CassandraStarterTests" time="116.551" tests="8" errors="5" skipped="0" failures="0">
  <properties>
    <property name="java.runtime.name" value="OpenJDK Runtime Environment"/>
    <property name="sun.boot.library.path" value="/usr/lib/jvm/java-8-openjdk-amd64/jre/lib/amd64"/>
    <property name="java.vm.version" value="25.121-b13"/>
    <property name="java.vm.vendor" value="Oracle Corporation"/>
    <property name="maven.multiModuleProjectDirectory" value="/root/workspace/nosan/embedded-cassandra/396123548"/>
    <property name="java.vendor.url" value="http://java.oracle.com/"/>
    <property name="path.separator" value=":"/>
    <property name="guice.disable.misplaced.annotation.check" value="true"/>
    <property name="skip.gulp" value="true"/>
    <property name="java.vm.name" value="OpenJDK 64-Bit Server VM"/>
    <property name="file.encoding.pkg" value="sun.io"/>
    <property name="sun.java.launcher" value="SUN_STANDARD"/>
    <property name="sun.os.patch.level" value="unknown"/>
    <property name="findbugs.skip" value="true"/>
    <property name="java.vm.specification.name" value="Java Virtual Machine Specification"/>
    <property name="user.dir" value="/root/workspace/nosan/embedded-cassandra/396123548"/>
    <property name="checkstyle.skip" value="true"/>
    <property name="java.runtime.version" value="1.8.0_121-8u121-b13-1~bpo8+1-b13"/>
    <property name="java.awt.graphicsenv" value="sun.awt.X11GraphicsEnvironment"/>
    <property name="skip.npm" value="true"/>
    <property name="java.endorsed.dirs" value="/usr/lib/jvm/java-8-openjdk-amd64/jre/lib/endorsed"/>
    <property name="os.arch" value="amd64"/>
    <property name="java.io.tmpdir" value="/tmp"/>
    <property name="gpg.skip" value="true"/>
    <property name="line.separator" value="&#10;"/>
    <property name="java.vm.specification.vendor" value="Oracle Corporation"/>
    <property name="cobertura.skip" value="true"/>
    <property name="os.name" value="Linux"/>
    <property name="classworlds.conf" value="/usr/share/maven/bin/m2.conf"/>
    <property name="sun.jnu.encoding" value="UTF-8"/>
    <property name="java.library.path" value="/usr/java/packages/lib/amd64:/usr/lib/x86_64-linux-gnu/jni:/lib/x86_64-linux-gnu:/usr/lib/x86_64-linux-gnu:/usr/lib/jni:/lib:/usr/lib"/>
    <property name="license.skip" value="true"/>
    <property name="java.specification.name" value="Java Platform API Specification"/>
    <property name="java.class.version" value="52.0"/>
    <property name="sun.management.compiler" value="HotSpot 64-Bit Tiered Compilers"/>
    <property name="skip.bower" value="true"/>
    <property name="maven.repo.local" value="/root/./workspace/nosan/embedded-cassandra/396123548/.m2"/>
    <property name="os.version" value="3.10.0-862.2.3.el7.x86_64"/>
    <property name="user.home" value="/root"/>
    <property name="user.timezone" value="Europe/Paris"/>
    <property name="java.awt.printerjob" value="sun.print.PSPrinterJob"/>
    <property name="osgi.nls.warnings" value="ignore"/>
    <property name="java.specification.version" value="1.8"/>
    <property name="file.encoding" value="UTF-8"/>
    <property name="user.name" value="root"/>
    <property name="java.class.path" value="/usr/share/maven/boot/plexus-classworlds-2.5.2.jar"/>
    <property name="skipITs" value="true"/>
    <property name="java.vm.specification.version" value="1.8"/>
    <property name="sun.arch.data.model" value="64"/>
    <property name="java.home" value="/usr/lib/jvm/java-8-openjdk-amd64/jre"/>
    <property name="sun.java.command" value="org.codehaus.plexus.classworlds.launcher.Launcher -B -D enforcer.skip=true -D dependency-check.skip=true -D skipITs=true -D cobertura.skip=true -D maven.repo.local=/root/./workspace/nosan/embedded-cassandra/396123548/.m2 -D rat.skip=true -D findbugs.skip=true -D skip.bower=true -D gpg.skip=true -D checkstyle.skip=true -D skip.gulp=true -D license.skip=true -D skip.npm=true test"/>
    <property name="java.specification.vendor" value="Oracle Corporation"/>
    <property name="user.language" value="en"/>
    <property name="awt.toolkit" value="sun.awt.X11.XToolkit"/>
    <property name="dependency-check.skip" value="true"/>
    <property name="java.vm.info" value="mixed mode"/>
    <property name="java.version" value="1.8.0_121"/>
    <property name="java.ext.dirs" value="/usr/lib/jvm/java-8-openjdk-amd64/jre/lib/ext:/usr/java/packages/lib/ext"/>
    <property name="securerandom.source" value="file:/dev/./urandom"/>
    <property name="sun.boot.class.path" value="/usr/lib/jvm/java-8-openjdk-amd64/jre/lib/resources.jar:/usr/lib/jvm/java-8-openjdk-amd64/jre/lib/rt.jar:/usr/lib/jvm/java-8-openjdk-amd64/jre/lib/sunrsasign.jar:/usr/lib/jvm/java-8-openjdk-amd64/jre/lib/jsse.jar:/usr/lib/jvm/java-8-openjdk-amd64/jre/lib/jce.jar:/usr/lib/jvm/java-8-openjdk-amd64/jre/lib/charsets.jar:/usr/lib/jvm/java-8-openjdk-amd64/jre/lib/jfr.jar:/usr/lib/jvm/java-8-openjdk-amd64/jre/classes"/>
    <property name="java.vendor" value="Oracle Corporation"/>
    <property name="enforcer.skip" value="true"/>
    <property name="rat.skip" value="true"/>
    <property name="maven.home" value="/usr/share/maven"/>
    <property name="file.separator" value="/"/>
    <property name="java.vendor.url.bug" value="http://bugreport.sun.com/bugreport/"/>
    <property name="sun.cpu.endian" value="little"/>
    <property name="sun.io.unicode.encoding" value="UnicodeLittle"/>
    <property name="sun.cpu.isalist" value=""/>
  </properties>
  <testcase name="invalidConfig" classname="com.github.nosan.embedded.cassandra.CassandraStarterTests" time="96.438">
    <error message="Unexpected exception, expected&lt;java.io.IOException&gt; but was&lt;de.flapdoodle.embed.process.exceptions.DistributionException&gt;" type="java.lang.Exception"><![CDATA[java.lang.Exception: Unexpected exception, expected<java.io.IOException> but was<de.flapdoodle.embed.process.exceptions.DistributionException>
	at com.github.nosan.embedded.cassandra.CassandraStarterTests.start(CassandraStarterTests.java:136)
	at com.github.nosan.embedded.cassandra.CassandraStarterTests.start(CassandraStarterTests.java:129)
	at com.github.nosan.embedded.cassandra.CassandraStarterTests.invalidConfig(CassandraStarterTests.java:96)
Caused by: java.net.SocketTimeoutException: Read timed out
	at com.github.nosan.embedded.cassandra.CassandraStarterTests.start(CassandraStarterTests.java:136)
	at com.github.nosan.embedded.cassandra.CassandraStarterTests.start(CassandraStarterTests.java:129)
	at com.github.nosan.embedded.cassandra.CassandraStarterTests.invalidConfig(CassandraStarterTests.java:96)
]]></error>
    <system-out><![CDATA[2018-06-24 20:00:21 [main] INFO  c.g.n.e.c.CassandraStarterTests - Download LATEST:Linux:B64 : starting...
2018-06-24 20:00:21 [main] INFO  c.g.n.e.c.CassandraStarterTests - Download LATEST:Linux:B64 : DownloadSize: 38436262
2018-06-24 20:00:21 [main] INFO  c.g.n.e.c.CassandraStarterTests - Download LATEST:Linux:B64 : 0 %
2018-06-24 20:01:57 [main] ERROR d.f.embed.process.runtime.Starter - If you feel this is a bug, please open a new an issue. Follow this link: https://github.com/nosan/embedded-cassandra
Thank you! :)
java.net.SocketTimeoutException: Read timed out
	at java.net.SocketInputStream.socketRead0(Native Method)
	at java.net.SocketInputStream.socketRead(SocketInputStream.java:116)
	at java.net.SocketInputStream.read(SocketInputStream.java:171)
	at java.net.SocketInputStream.read(SocketInputStream.java:141)
	at java.io.BufferedInputStream.read1(BufferedInputStream.java:284)
	at java.io.BufferedInputStream.read(BufferedInputStream.java:345)
	at sun.net.www.MeteredStream.read(MeteredStream.java:134)
	at java.io.FilterInputStream.read(FilterInputStream.java:133)
	at sun.net.www.protocol.http.HttpURLConnection$HttpInputStream.read(HttpURLConnection.java:3375)
	at java.io.BufferedInputStream.read1(BufferedInputStream.java:284)
	at java.io.BufferedInputStream.read(BufferedInputStream.java:345)
	at java.io.FilterInputStream.read(FilterInputStream.java:107)
	at de.flapdoodle.embed.process.store.Downloader.download(Downloader.java:87)
	at de.flapdoodle.embed.process.store.ArtifactStore.checkDistribution(ArtifactStore.java:66)
	at de.flapdoodle.embed.process.store.CachingArtifactStore.checkDistribution(CachingArtifactStore.java:62)
	at de.flapdoodle.embed.process.runtime.Starter.prepare(Starter.java:56)
	at de.flapdoodle.embed.process.runtime.Starter.prepare(Starter.java:49)
	at com.github.nosan.embedded.cassandra.CassandraStarterTests.start(CassandraStarterTests.java:136)
	at com.github.nosan.embedded.cassandra.CassandraStarterTests.start(CassandraStarterTests.java:129)
	at com.github.nosan.embedded.cassandra.CassandraStarterTests.invalidConfig(CassandraStarterTests.java:96)
	at sun.reflect.NativeMethodAccessorImpl.invoke0(Native Method)
	at sun.reflect.NativeMethodAccessorImpl.invoke(NativeMethodAccessorImpl.java:62)
	at sun.reflect.DelegatingMethodAccessorImpl.invoke(DelegatingMethodAccessorImpl.java:43)
	at java.lang.reflect.Method.invoke(Method.java:498)
	at org.junit.runners.model.FrameworkMethod$1.runReflectiveCall(FrameworkMethod.java:50)
	at org.junit.internal.runners.model.ReflectiveCallable.run(ReflectiveCallable.java:12)
	at org.junit.runners.model.FrameworkMethod.invokeExplosively(FrameworkMethod.java:47)
	at org.junit.internal.runners.statements.InvokeMethod.evaluate(InvokeMethod.java:17)
	at org.junit.internal.runners.statements.ExpectException.evaluate(ExpectException.java:19)
	at org.junit.runners.ParentRunner.runLeaf(ParentRunner.java:325)
	at org.junit.runners.BlockJUnit4ClassRunner.runChild(BlockJUnit4ClassRunner.java:78)
	at org.junit.runners.BlockJUnit4ClassRunner.runChild(BlockJUnit4ClassRunner.java:57)
	at org.junit.runners.ParentRunner$3.run(ParentRunner.java:290)
	at org.junit.runners.ParentRunner$1.schedule(ParentRunner.java:71)
	at org.junit.runners.ParentRunner.runChildren(ParentRunner.java:288)
	at org.junit.runners.ParentRunner.access$000(ParentRunner.java:58)
	at org.junit.runners.ParentRunner$2.evaluate(ParentRunner.java:268)
	at org.junit.runners.ParentRunner.run(ParentRunner.java:363)
	at org.apache.maven.surefire.junit4.JUnit4Provider.execute(JUnit4Provider.java:365)
	at org.apache.maven.surefire.junit4.JUnit4Provider.executeWithRerun(JUnit4Provider.java:272)
	at org.apache.maven.surefire.junit4.JUnit4Provider.executeTestSet(JUnit4Provider.java:236)
	at org.apache.maven.surefire.junit4.JUnit4Provider.invoke(JUnit4Provider.java:159)
	at org.apache.maven.surefire.booter.ForkedBooter.invokeProviderInSameClassLoader(ForkedBooter.java:386)
	at org.apache.maven.surefire.booter.ForkedBooter.runSuitesInProcess(ForkedBooter.java:323)
	at org.apache.maven.surefire.booter.ForkedBooter.main(ForkedBooter.java:143)
]]></system-out>
  </testcase>
  <testcase name="multiplyInstances" classname="com.github.nosan.embedded.cassandra.CassandraStarterTests" time="4.976">
    <error message="Could not start process. &lt;EOF&gt;" type="java.io.IOException"><![CDATA[java.io.IOException: Could not start process. <EOF>
	at com.github.nosan.embedded.cassandra.CassandraStarterTests.start(CassandraStarterTests.java:138)
	at com.github.nosan.embedded.cassandra.CassandraStarterTests.multiplyInstances(CassandraStarterTests.java:73)
]]></error>
    <system-out><![CDATA[2018-06-24 20:01:57 [main] INFO  c.g.n.e.c.CassandraStarterTests - Download LATEST:Linux:B64 : starting...
2018-06-24 20:01:57 [main] INFO  c.g.n.e.c.CassandraStarterTests - Download LATEST:Linux:B64 : DownloadSize: 38436262
2018-06-24 20:01:57 [main] INFO  c.g.n.e.c.CassandraStarterTests - Download LATEST:Linux:B64 : 0 %
2018-06-24 20:01:58 [main] INFO  c.g.n.e.c.CassandraStarterTests - Download LATEST:Linux:B64 : 10 %
2018-06-24 20:01:58 [main] INFO  c.g.n.e.c.CassandraStarterTests - Download LATEST:Linux:B64 : 20 %
2018-06-24 20:01:58 [main] INFO  c.g.n.e.c.CassandraStarterTests - Download LATEST:Linux:B64 : 30 %
2018-06-24 20:01:58 [main] INFO  c.g.n.e.c.CassandraStarterTests - Download LATEST:Linux:B64 : 40 %
2018-06-24 20:01:58 [main] INFO  c.g.n.e.c.CassandraStarterTests - Download LATEST:Linux:B64 : 50 %
2018-06-24 20:01:59 [main] INFO  c.g.n.e.c.CassandraStarterTests - Download LATEST:Linux:B64 : 60 %
2018-06-24 20:01:59 [main] INFO  c.g.n.e.c.CassandraStarterTests - Download LATEST:Linux:B64 : 70 %
2018-06-24 20:01:59 [main] INFO  c.g.n.e.c.CassandraStarterTests - Download LATEST:Linux:B64 : 80 %
2018-06-24 20:01:59 [main] INFO  c.g.n.e.c.CassandraStarterTests - Download LATEST:Linux:B64 : 90 %
2018-06-24 20:01:59 [main] INFO  c.g.n.e.c.CassandraStarterTests - Download LATEST:Linux:B64 : 100 %
2018-06-24 20:01:59 [main] INFO  c.g.n.e.c.CassandraStarterTests - Download LATEST:Linux:B64 : downloaded with 37535kb/s
2018-06-24 20:01:59 [main] INFO  c.g.n.e.c.CassandraStarterTests - Download LATEST:Linux:B64 : finished
2018-06-24 20:01:59 [main] INFO  c.g.n.e.c.CassandraStarterTests - Extract /root/.embedded-cassandra/cassandra/3.11.2/apache-cassandra-3.11.2-bin.tar.gz : starting...
2018-06-24 20:01:59 [main] INFO  c.g.n.e.c.CassandraStarterTests - Extract /root/.embedded-cassandra/cassandra/3.11.2/apache-cassandra-3.11.2-bin.tar.gz : extract apache-cassandra-3.11.2/conf/cassandra-env.ps1
2018-06-24 20:01:59 [main] INFO  c.g.n.e.c.CassandraStarterTests - Extract /root/.embedded-cassandra/cassandra/3.11.2/apache-cassandra-3.11.2-bin.tar.gz : extract apache-cassandra-3.11.2/conf/cassandra-env.sh
2018-06-24 20:01:59 [main] INFO  c.g.n.e.c.CassandraStarterTests - Extract /root/.embedded-cassandra/cassandra/3.11.2/apache-cassandra-3.11.2-bin.tar.gz : extract apache-cassandra-3.11.2/conf/cassandra-jaas.config
2018-06-24 20:01:59 [main] INFO  c.g.n.e.c.CassandraStarterTests - Extract /root/.embedded-cassandra/cassandra/3.11.2/apache-cassandra-3.11.2-bin.tar.gz : extract apache-cassandra-3.11.2/conf/cassandra-rackdc.properties
2018-06-24 20:01:59 [main] INFO  c.g.n.e.c.CassandraStarterTests - Extract /root/.embedded-cassandra/cassandra/3.11.2/apache-cassandra-3.11.2-bin.tar.gz : extract apache-cassandra-3.11.2/conf/cassandra-topology.properties
2018-06-24 20:01:59 [main] INFO  c.g.n.e.c.CassandraStarterTests - Extract /root/.embedded-cassandra/cassandra/3.11.2/apache-cassandra-3.11.2-bin.tar.gz : extract apache-cassandra-3.11.2/conf/cassandra.yaml
2018-06-24 20:01:59 [main] INFO  c.g.n.e.c.CassandraStarterTests - Extract /root/.embedded-cassandra/cassandra/3.11.2/apache-cassandra-3.11.2-bin.tar.gz : extract apache-cassandra-3.11.2/conf/commitlog_archiving.properties
2018-06-24 20:01:59 [main] INFO  c.g.n.e.c.CassandraStarterTests - Extract /root/.embedded-cassandra/cassandra/3.11.2/apache-cassandra-3.11.2-bin.tar.gz : extract apache-cassandra-3.11.2/conf/cqlshrc.sample
2018-06-24 20:01:59 [main] INFO  c.g.n.e.c.CassandraStarterTests - Extract /root/.embedded-cassandra/cassandra/3.11.2/apache-cassandra-3.11.2-bin.tar.gz : extract apache-cassandra-3.11.2/conf/hotspot_compiler
2018-06-24 20:01:59 [main] INFO  c.g.n.e.c.CassandraStarterTests - Extract /root/.embedded-cassandra/cassandra/3.11.2/apache-cassandra-3.11.2-bin.tar.gz : extract apache-cassandra-3.11.2/conf/jvm.options
2018-06-24 20:01:59 [main] INFO  c.g.n.e.c.CassandraStarterTests - Extract /root/.embedded-cassandra/cassandra/3.11.2/apache-cassandra-3.11.2-bin.tar.gz : extract apache-cassandra-3.11.2/conf/logback-tools.xml
2018-06-24 20:01:59 [main] INFO  c.g.n.e.c.CassandraStarterTests - Extract /root/.embedded-cassandra/cassandra/3.11.2/apache-cassandra-3.11.2-bin.tar.gz : extract apache-cassandra-3.11.2/conf/logback.xml
2018-06-24 20:01:59 [main] INFO  c.g.n.e.c.CassandraStarterTests - Extract /root/.embedded-cassandra/cassandra/3.11.2/apache-cassandra-3.11.2-bin.tar.gz : extract apache-cassandra-3.11.2/conf/metrics-reporter-config-sample.yaml
2018-06-24 20:01:59 [main] INFO  c.g.n.e.c.CassandraStarterTests - Extract /root/.embedded-cassandra/cassandra/3.11.2/apache-cassandra-3.11.2-bin.tar.gz : extract apache-cassandra-3.11.2/conf/triggers/README.txt
2018-06-24 20:01:59 [main] INFO  c.g.n.e.c.CassandraStarterTests - Extract /root/.embedded-cassandra/cassandra/3.11.2/apache-cassandra-3.11.2-bin.tar.gz : extract apache-cassandra-3.11.2/interface/cassandra.thrift
2018-06-24 20:02:02 [main] INFO  c.g.n.e.c.CassandraStarterTests - Extract /root/.embedded-cassandra/cassandra/3.11.2/apache-cassandra-3.11.2-bin.tar.gz : extract apache-cassandra-3.11.2/lib/HdrHistogram-2.1.9.jar
2018-06-24 20:02:02 [main] INFO  c.g.n.e.c.CassandraStarterTests - Extract /root/.embedded-cassandra/cassandra/3.11.2/apache-cassandra-3.11.2-bin.tar.gz : extract apache-cassandra-3.11.2/lib/ST4-4.0.8.jar
2018-06-24 20:02:02 [main] INFO  c.g.n.e.c.CassandraStarterTests - Extract /root/.embedded-cassandra/cassandra/3.11.2/apache-cassandra-3.11.2-bin.tar.gz : extract apache-cassandra-3.11.2/lib/airline-0.6.jar
2018-06-24 20:02:02 [main] INFO  c.g.n.e.c.CassandraStarterTests - Extract /root/.embedded-cassandra/cassandra/3.11.2/apache-cassandra-3.11.2-bin.tar.gz : extract apache-cassandra-3.11.2/lib/antlr-runtime-3.5.2.jar
2018-06-24 20:02:02 [main] INFO  c.g.n.e.c.CassandraStarterTests - Extract /root/.embedded-cassandra/cassandra/3.11.2/apache-cassandra-3.11.2-bin.tar.gz : extract apache-cassandra-3.11.2/lib/apache-cassandra-3.11.2.jar
2018-06-24 20:02:02 [main] INFO  c.g.n.e.c.CassandraStarterTests - Extract /root/.embedded-cassandra/cassandra/3.11.2/apache-cassandra-3.11.2-bin.tar.gz : extract apache-cassandra-3.11.2/lib/apache-cassandra-thrift-3.11.2.jar
2018-06-24 20:02:02 [main] INFO  c.g.n.e.c.CassandraStarterTests - Extract /root/.embedded-cassandra/cassandra/3.11.2/apache-cassandra-3.11.2-bin.tar.gz : extract apache-cassandra-3.11.2/lib/asm-5.0.4.jar
2018-06-24 20:02:02 [main] INFO  c.g.n.e.c.CassandraStarterTests - Extract /root/.embedded-cassandra/cassandra/3.11.2/apache-cassandra-3.11.2-bin.tar.gz : extract apache-cassandra-3.11.2/lib/caffeine-2.2.6.jar
2018-06-24 20:02:02 [main] INFO  c.g.n.e.c.CassandraStarterTests - Extract /root/.embedded-cassandra/cassandra/3.11.2/apache-cassandra-3.11.2-bin.tar.gz : extract apache-cassandra-3.11.2/lib/cassandra-driver-core-3.0.1-shaded.jar
2018-06-24 20:02:02 [main] INFO  c.g.n.e.c.CassandraStarterTests - Extract /root/.embedded-cassandra/cassandra/3.11.2/apache-cassandra-3.11.2-bin.tar.gz : extract apache-cassandra-3.11.2/lib/cassandra-driver-internal-only-3.10.zip
2018-06-24 20:02:02 [main] INFO  c.g.n.e.c.CassandraStarterTests - Extract /root/.embedded-cassandra/cassandra/3.11.2/apache-cassandra-3.11.2-bin.tar.gz : extract apache-cassandra-3.11.2/lib/cassandra-driver-internal-only-3.11.0-bb96859b.zip
2018-06-24 20:02:02 [main] INFO  c.g.n.e.c.CassandraStarterTests - Extract /root/.embedded-cassandra/cassandra/3.11.2/apache-cassandra-3.11.2-bin.tar.gz : extract apache-cassandra-3.11.2/lib/commons-cli-1.1.jar
2018-06-24 20:02:02 [main] INFO  c.g.n.e.c.CassandraStarterTests - Extract /root/.embedded-cassandra/cassandra/3.11.2/apache-cassandra-3.11.2-bin.tar.gz : extract apache-cassandra-3.11.2/lib/commons-codec-1.9.jar
2018-06-24 20:02:02 [main] INFO  c.g.n.e.c.CassandraStarterTests - Extract /root/.embedded-cassandra/cassandra/3.11.2/apache-cassandra-3.11.2-bin.tar.gz : extract apache-cassandra-3.11.2/lib/commons-lang3-3.1.jar
2018-06-24 20:02:02 [main] INFO  c.g.n.e.c.CassandraStarterTests - Extract /root/.embedded-cassandra/cassandra/3.11.2/apache-cassandra-3.11.2-bin.tar.gz : extract apache-cassandra-3.11.2/lib/commons-math3-3.2.jar
2018-06-24 20:02:02 [main] INFO  c.g.n.e.c.CassandraStarterTests - Extract /root/.embedded-cassandra/cassandra/3.11.2/apache-cassandra-3.11.2-bin.tar.gz : extract apache-cassandra-3.11.2/lib/compress-lzf-0.8.4.jar
2018-06-24 20:02:02 [main] INFO  c.g.n.e.c.CassandraStarterTests - Extract /root/.embedded-cassandra/cassandra/3.11.2/apache-cassandra-3.11.2-bin.tar.gz : extract apache-cassandra-3.11.2/lib/concurrent-trees-2.4.0.jar
2018-06-24 20:02:02 [main] INFO  c.g.n.e.c.CassandraStarterTests - Extract /root/.embedded-cassandra/cassandra/3.11.2/apache-cassandra-3.11.2-bin.tar.gz : extract apache-cassandra-3.11.2/lib/concurrentlinkedhashmap-lru-1.4.jar
2018-06-24 20:02:02 [main] INFO  c.g.n.e.c.CassandraStarterTests - Extract /root/.embedded-cassandra/cassandra/3.11.2/apache-cassandra-3.11.2-bin.tar.gz : extract apache-cassandra-3.11.2/lib/disruptor-3.0.1.jar
2018-06-24 20:02:02 [main] INFO  c.g.n.e.c.CassandraStarterTests - Extract /root/.embedded-cassandra/cassandra/3.11.2/apache-cassandra-3.11.2-bin.tar.gz : extract apache-cassandra-3.11.2/lib/ecj-4.4.2.jar
2018-06-24 20:02:02 [main] INFO  c.g.n.e.c.CassandraStarterTests - Extract /root/.embedded-cassandra/cassandra/3.11.2/apache-cassandra-3.11.2-bin.tar.gz : extract apache-cassandra-3.11.2/lib/futures-2.1.6-py2.py3-none-any.zip
2018-06-24 20:02:02 [main] INFO  c.g.n.e.c.CassandraStarterTests - Extract /root/.embedded-cassandra/cassandra/3.11.2/apache-cassandra-3.11.2-bin.tar.gz : extract apache-cassandra-3.11.2/lib/guava-18.0.jar
2018-06-24 20:02:02 [main] INFO  c.g.n.e.c.CassandraStarterTests - Extract /root/.embedded-cassandra/cassandra/3.11.2/apache-cassandra-3.11.2-bin.tar.gz : extract apache-cassandra-3.11.2/lib/high-scale-lib-1.0.6.jar
2018-06-24 20:02:02 [main] INFO  c.g.n.e.c.CassandraStarterTests - Extract /root/.embedded-cassandra/cassandra/3.11.2/apache-cassandra-3.11.2-bin.tar.gz : extract apache-cassandra-3.11.2/lib/hppc-0.5.4.jar
2018-06-24 20:02:02 [main] INFO  c.g.n.e.c.CassandraStarterTests - Extract /root/.embedded-cassandra/cassandra/3.11.2/apache-cassandra-3.11.2-bin.tar.gz : extract apache-cassandra-3.11.2/lib/jackson-core-asl-1.9.13.jar
2018-06-24 20:02:02 [main] INFO  c.g.n.e.c.CassandraStarterTests - Extract /root/.embedded-cassandra/cassandra/3.11.2/apache-cassandra-3.11.2-bin.tar.gz : extract apache-cassandra-3.11.2/lib/jackson-mapper-asl-1.9.13.jar
2018-06-24 20:02:02 [main] INFO  c.g.n.e.c.CassandraStarterTests - Extract /root/.embedded-cassandra/cassandra/3.11.2/apache-cassandra-3.11.2-bin.tar.gz : extract apache-cassandra-3.11.2/lib/jamm-0.3.0.jar
2018-06-24 20:02:02 [main] INFO  c.g.n.e.c.CassandraStarterTests - Extract /root/.embedded-cassandra/cassandra/3.11.2/apache-cassandra-3.11.2-bin.tar.gz : extract apache-cassandra-3.11.2/lib/javax.inject.jar
2018-06-24 20:02:02 [main] INFO  c.g.n.e.c.CassandraStarterTests - Extract /root/.embedded-cassandra/cassandra/3.11.2/apache-cassandra-3.11.2-bin.tar.gz : extract apache-cassandra-3.11.2/lib/jbcrypt-0.3m.jar
2018-06-24 20:02:02 [main] INFO  c.g.n.e.c.CassandraStarterTests - Extract /root/.embedded-cassandra/cassandra/3.11.2/apache-cassandra-3.11.2-bin.tar.gz : extract apache-cassandra-3.11.2/lib/jcl-over-slf4j-1.7.7.jar
2018-06-24 20:02:02 [main] INFO  c.g.n.e.c.CassandraStarterTests - Extract /root/.embedded-cassandra/cassandra/3.11.2/apache-cassandra-3.11.2-bin.tar.gz : extract apache-cassandra-3.11.2/lib/jctools-core-1.2.1.jar
2018-06-24 20:02:02 [main] INFO  c.g.n.e.c.CassandraStarterTests - Extract /root/.embedded-cassandra/cassandra/3.11.2/apache-cassandra-3.11.2-bin.tar.gz : extract apache-cassandra-3.11.2/lib/jflex-1.6.0.jar
2018-06-24 20:02:02 [main] INFO  c.g.n.e.c.CassandraStarterTests - Extract /root/.embedded-cassandra/cassandra/3.11.2/apache-cassandra-3.11.2-bin.tar.gz : extract apache-cassandra-3.11.2/lib/jna-4.2.2.jar
2018-06-24 20:02:02 [main] INFO  c.g.n.e.c.CassandraStarterTests - Extract /root/.embedded-cassandra/cassandra/3.11.2/apache-cassandra-3.11.2-bin.tar.gz : extract apache-cassandra-3.11.2/lib/joda-time-2.4.jar
2018-06-24 20:02:02 [main] INFO  c.g.n.e.c.CassandraStarterTests - Extract /root/.embedded-cassandra/cassandra/3.11.2/apache-cassandra-3.11.2-bin.tar.gz : extract apache-cassandra-3.11.2/lib/json-simple-1.1.jar
2018-06-24 20:02:02 [main] INFO  c.g.n.e.c.CassandraStarterTests - Extract /root/.embedded-cassandra/cassandra/3.11.2/apache-cassandra-3.11.2-bin.tar.gz : extract apache-cassandra-3.11.2/lib/jstackjunit-0.0.1.jar
2018-06-24 20:02:02 [main] INFO  c.g.n.e.c.CassandraStarterTests - Extract /root/.embedded-cassandra/cassandra/3.11.2/apache-cassandra-3.11.2-bin.tar.gz : extract apache-cassandra-3.11.2/lib/libthrift-0.9.2.jar
2018-06-24 20:02:02 [main] INFO  c.g.n.e.c.CassandraStarterTests - Extract /root/.embedded-cassandra/cassandra/3.11.2/apache-cassandra-3.11.2-bin.tar.gz : extract apache-cassandra-3.11.2/lib/log4j-over-slf4j-1.7.7.jar
2018-06-24 20:02:02 [main] INFO  c.g.n.e.c.CassandraStarterTests - Extract /root/.embedded-cassandra/cassandra/3.11.2/apache-cassandra-3.11.2-bin.tar.gz : extract apache-cassandra-3.11.2/lib/logback-classic-1.1.3.jar
2018-06-24 20:02:02 [main] INFO  c.g.n.e.c.CassandraStarterTests - Extract /root/.embedded-cassandra/cassandra/3.11.2/apache-cassandra-3.11.2-bin.tar.gz : extract apache-cassandra-3.11.2/lib/logback-core-1.1.3.jar
2018-06-24 20:02:02 [main] INFO  c.g.n.e.c.CassandraStarterTests - Extract /root/.embedded-cassandra/cassandra/3.11.2/apache-cassandra-3.11.2-bin.tar.gz : extract apache-cassandra-3.11.2/lib/lz4-1.3.0.jar
2018-06-24 20:02:02 [main] INFO  c.g.n.e.c.CassandraStarterTests - Extract /root/.embedded-cassandra/cassandra/3.11.2/apache-cassandra-3.11.2-bin.tar.gz : extract apache-cassandra-3.11.2/lib/metrics-core-3.1.0.jar
2018-06-24 20:02:02 [main] INFO  c.g.n.e.c.CassandraStarterTests - Extract /root/.embedded-cassandra/cassandra/3.11.2/apache-cassandra-3.11.2-bin.tar.gz : extract apache-cassandra-3.11.2/lib/metrics-jvm-3.1.0.jar
2018-06-24 20:02:02 [main] INFO  c.g.n.e.c.CassandraStarterTests - Extract /root/.embedded-cassandra/cassandra/3.11.2/apache-cassandra-3.11.2-bin.tar.gz : extract apache-cassandra-3.11.2/lib/metrics-logback-3.1.0.jar
2018-06-24 20:02:02 [main] INFO  c.g.n.e.c.CassandraStarterTests - Extract /root/.embedded-cassandra/cassandra/3.11.2/apache-cassandra-3.11.2-bin.tar.gz : extract apache-cassandra-3.11.2/lib/netty-all-4.0.44.Final.jar
2018-06-24 20:02:02 [main] INFO  c.g.n.e.c.CassandraStarterTests - Extract /root/.embedded-cassandra/cassandra/3.11.2/apache-cassandra-3.11.2-bin.tar.gz : extract apache-cassandra-3.11.2/lib/ohc-core-0.4.4.jar
2018-06-24 20:02:02 [main] INFO  c.g.n.e.c.CassandraStarterTests - Extract /root/.embedded-cassandra/cassandra/3.11.2/apache-cassandra-3.11.2-bin.tar.gz : extract apache-cassandra-3.11.2/lib/ohc-core-j8-0.4.4.jar
2018-06-24 20:02:02 [main] INFO  c.g.n.e.c.CassandraStarterTests - Extract /root/.embedded-cassandra/cassandra/3.11.2/apache-cassandra-3.11.2-bin.tar.gz : extract apache-cassandra-3.11.2/lib/reporter-config-base-3.0.3.jar
2018-06-24 20:02:02 [main] INFO  c.g.n.e.c.CassandraStarterTests - Extract /root/.embedded-cassandra/cassandra/3.11.2/apache-cassandra-3.11.2-bin.tar.gz : extract apache-cassandra-3.11.2/lib/reporter-config3-3.0.3.jar
2018-06-24 20:02:02 [main] INFO  c.g.n.e.c.CassandraStarterTests - Extract /root/.embedded-cassandra/cassandra/3.11.2/apache-cassandra-3.11.2-bin.tar.gz : extract apache-cassandra-3.11.2/lib/sigar-1.6.4.jar
2018-06-24 20:02:02 [main] INFO  c.g.n.e.c.CassandraStarterTests - Extract /root/.embedded-cassandra/cassandra/3.11.2/apache-cassandra-3.11.2-bin.tar.gz : extract apache-cassandra-3.11.2/lib/sigar-bin/libsigar-amd64-freebsd-6.so
2018-06-24 20:02:02 [main] INFO  c.g.n.e.c.CassandraStarterTests - Extract /root/.embedded-cassandra/cassandra/3.11.2/apache-cassandra-3.11.2-bin.tar.gz : extract apache-cassandra-3.11.2/lib/sigar-bin/libsigar-amd64-linux.so
2018-06-24 20:02:02 [main] INFO  c.g.n.e.c.CassandraStarterTests - Extract /root/.embedded-cassandra/cassandra/3.11.2/apache-cassandra-3.11.2-bin.tar.gz : extract apache-cassandra-3.11.2/lib/sigar-bin/libsigar-amd64-solaris.so
2018-06-24 20:02:02 [main] INFO  c.g.n.e.c.CassandraStarterTests - Extract /root/.embedded-cassandra/cassandra/3.11.2/apache-cassandra-3.11.2-bin.tar.gz : extract apache-cassandra-3.11.2/lib/sigar-bin/libsigar-ia64-hpux-11.sl
2018-06-24 20:02:02 [main] INFO  c.g.n.e.c.CassandraStarterTests - Extract /root/.embedded-cassandra/cassandra/3.11.2/apache-cassandra-3.11.2-bin.tar.gz : extract apache-cassandra-3.11.2/lib/sigar-bin/libsigar-ia64-linux.so
2018-06-24 20:02:02 [main] INFO  c.g.n.e.c.CassandraStarterTests - Extract /root/.embedded-cassandra/cassandra/3.11.2/apache-cassandra-3.11.2-bin.tar.gz : extract apache-cassandra-3.11.2/lib/sigar-bin/libsigar-pa-hpux-11.sl
2018-06-24 20:02:02 [main] INFO  c.g.n.e.c.CassandraStarterTests - Extract /root/.embedded-cassandra/cassandra/3.11.2/apache-cassandra-3.11.2-bin.tar.gz : extract apache-cassandra-3.11.2/lib/sigar-bin/libsigar-ppc-aix-5.so
2018-06-24 20:02:02 [main] INFO  c.g.n.e.c.CassandraStarterTests - Extract /root/.embedded-cassandra/cassandra/3.11.2/apache-cassandra-3.11.2-bin.tar.gz : extract apache-cassandra-3.11.2/lib/sigar-bin/libsigar-ppc-linux.so
2018-06-24 20:02:02 [main] INFO  c.g.n.e.c.CassandraStarterTests - Extract /root/.embedded-cassandra/cassandra/3.11.2/apache-cassandra-3.11.2-bin.tar.gz : extract apache-cassandra-3.11.2/lib/sigar-bin/libsigar-ppc64-aix-5.so
2018-06-24 20:02:02 [main] INFO  c.g.n.e.c.CassandraStarterTests - Extract /root/.embedded-cassandra/cassandra/3.11.2/apache-cassandra-3.11.2-bin.tar.gz : extract apache-cassandra-3.11.2/lib/sigar-bin/libsigar-ppc64-linux.so
2018-06-24 20:02:02 [main] INFO  c.g.n.e.c.CassandraStarterTests - Extract /root/.embedded-cassandra/cassandra/3.11.2/apache-cassandra-3.11.2-bin.tar.gz : extract apache-cassandra-3.11.2/lib/sigar-bin/libsigar-s390x-linux.so
2018-06-24 20:02:02 [main] INFO  c.g.n.e.c.CassandraStarterTests - Extract /root/.embedded-cassandra/cassandra/3.11.2/apache-cassandra-3.11.2-bin.tar.gz : extract apache-cassandra-3.11.2/lib/sigar-bin/libsigar-sparc-solaris.so
2018-06-24 20:02:02 [main] INFO  c.g.n.e.c.CassandraStarterTests - Extract /root/.embedded-cassandra/cassandra/3.11.2/apache-cassandra-3.11.2-bin.tar.gz : extract apache-cassandra-3.11.2/lib/sigar-bin/libsigar-sparc64-solaris.so
2018-06-24 20:02:02 [main] INFO  c.g.n.e.c.CassandraStarterTests - Extract /root/.embedded-cassandra/cassandra/3.11.2/apache-cassandra-3.11.2-bin.tar.gz : extract apache-cassandra-3.11.2/lib/sigar-bin/libsigar-universal-macosx.dylib
2018-06-24 20:02:02 [main] INFO  c.g.n.e.c.CassandraStarterTests - Extract /root/.embedded-cassandra/cassandra/3.11.2/apache-cassandra-3.11.2-bin.tar.gz : extract apache-cassandra-3.11.2/lib/sigar-bin/libsigar-universal64-macosx.dylib
2018-06-24 20:02:02 [main] INFO  c.g.n.e.c.CassandraStarterTests - Extract /root/.embedded-cassandra/cassandra/3.11.2/apache-cassandra-3.11.2-bin.tar.gz : extract apache-cassandra-3.11.2/lib/sigar-bin/libsigar-x86-freebsd-5.so
2018-06-24 20:02:02 [main] INFO  c.g.n.e.c.CassandraStarterTests - Extract /root/.embedded-cassandra/cassandra/3.11.2/apache-cassandra-3.11.2-bin.tar.gz : extract apache-cassandra-3.11.2/lib/sigar-bin/libsigar-x86-freebsd-6.so
2018-06-24 20:02:02 [main] INFO  c.g.n.e.c.CassandraStarterTests - Extract /root/.embedded-cassandra/cassandra/3.11.2/apache-cassandra-3.11.2-bin.tar.gz : extract apache-cassandra-3.11.2/lib/sigar-bin/libsigar-x86-linux.so
2018-06-24 20:02:02 [main] INFO  c.g.n.e.c.CassandraStarterTests - Extract /root/.embedded-cassandra/cassandra/3.11.2/apache-cassandra-3.11.2-bin.tar.gz : extract apache-cassandra-3.11.2/lib/sigar-bin/libsigar-x86-solaris.so
2018-06-24 20:02:02 [main] INFO  c.g.n.e.c.CassandraStarterTests - Extract /root/.embedded-cassandra/cassandra/3.11.2/apache-cassandra-3.11.2-bin.tar.gz : extract apache-cassandra-3.11.2/lib/sigar-bin/sigar-amd64-winnt.dll
2018-06-24 20:02:02 [main] INFO  c.g.n.e.c.CassandraStarterTests - Extract /root/.embedded-cassandra/cassandra/3.11.2/apache-cassandra-3.11.2-bin.tar.gz : extract apache-cassandra-3.11.2/lib/sigar-bin/sigar-x86-winnt.dll
2018-06-24 20:02:02 [main] INFO  c.g.n.e.c.CassandraStarterTests - Extract /root/.embedded-cassandra/cassandra/3.11.2/apache-cassandra-3.11.2-bin.tar.gz : extract apache-cassandra-3.11.2/lib/sigar-bin/sigar-x86-winnt.lib
2018-06-24 20:02:02 [main] INFO  c.g.n.e.c.CassandraStarterTests - Extract /root/.embedded-cassandra/cassandra/3.11.2/apache-cassandra-3.11.2-bin.tar.gz : extract apache-cassandra-3.11.2/lib/six-1.7.3-py2.py3-none-any.zip
2018-06-24 20:02:02 [main] INFO  c.g.n.e.c.CassandraStarterTests - Extract /root/.embedded-cassandra/cassandra/3.11.2/apache-cassandra-3.11.2-bin.tar.gz : extract apache-cassandra-3.11.2/lib/slf4j-api-1.7.7.jar
2018-06-24 20:02:02 [main] INFO  c.g.n.e.c.CassandraStarterTests - Extract /root/.embedded-cassandra/cassandra/3.11.2/apache-cassandra-3.11.2-bin.tar.gz : extract apache-cassandra-3.11.2/lib/snakeyaml-1.11.jar
2018-06-24 20:02:02 [main] INFO  c.g.n.e.c.CassandraStarterTests - Extract /root/.embedded-cassandra/cassandra/3.11.2/apache-cassandra-3.11.2-bin.tar.gz : extract apache-cassandra-3.11.2/lib/snappy-java-1.1.1.7.jar
2018-06-24 20:02:02 [main] INFO  c.g.n.e.c.CassandraStarterTests - Extract /root/.embedded-cassandra/cassandra/3.11.2/apache-cassandra-3.11.2-bin.tar.gz : extract apache-cassandra-3.11.2/lib/snowball-stemmer-1.3.0.581.1.jar
2018-06-24 20:02:02 [main] INFO  c.g.n.e.c.CassandraStarterTests - Extract /root/.embedded-cassandra/cassandra/3.11.2/apache-cassandra-3.11.2-bin.tar.gz : extract apache-cassandra-3.11.2/lib/stream-2.5.2.jar
2018-06-24 20:02:02 [main] INFO  c.g.n.e.c.CassandraStarterTests - Extract /root/.embedded-cassandra/cassandra/3.11.2/apache-cassandra-3.11.2-bin.tar.gz : extract apache-cassandra-3.11.2/lib/thrift-server-0.3.7.jar
2018-06-24 20:02:02 [main] INFO  c.g.n.e.c.CassandraStarterTests - Extract /root/.embedded-cassandra/cassandra/3.11.2/apache-cassandra-3.11.2-bin.tar.gz : extract apache-cassandra-3.11.2/pylib/cqlshlib/__init__.py
2018-06-24 20:02:02 [main] INFO  c.g.n.e.c.CassandraStarterTests - Extract /root/.embedded-cassandra/cassandra/3.11.2/apache-cassandra-3.11.2-bin.tar.gz : extract apache-cassandra-3.11.2/pylib/cqlshlib/copyutil.py
2018-06-24 20:02:02 [main] INFO  c.g.n.e.c.CassandraStarterTests - Extract /root/.embedded-cassandra/cassandra/3.11.2/apache-cassandra-3.11.2-bin.tar.gz : extract apache-cassandra-3.11.2/pylib/cqlshlib/cql3handling.py
2018-06-24 20:02:02 [main] INFO  c.g.n.e.c.CassandraStarterTests - Extract /root/.embedded-cassandra/cassandra/3.11.2/apache-cassandra-3.11.2-bin.tar.gz : extract apache-cassandra-3.11.2/pylib/cqlshlib/cqlhandling.py
2018-06-24 20:02:02 [main] INFO  c.g.n.e.c.CassandraStarterTests - Extract /root/.embedded-cassandra/cassandra/3.11.2/apache-cassandra-3.11.2-bin.tar.gz : extract apache-cassandra-3.11.2/pylib/cqlshlib/cqlshhandling.py
2018-06-24 20:02:02 [main] INFO  c.g.n.e.c.CassandraStarterTests - Extract /root/.embedded-cassandra/cassandra/3.11.2/apache-cassandra-3.11.2-bin.tar.gz : extract apache-cassandra-3.11.2/pylib/cqlshlib/displaying.py
2018-06-24 20:02:02 [main] INFO  c.g.n.e.c.CassandraStarterTests - Extract /root/.embedded-cassandra/cassandra/3.11.2/apache-cassandra-3.11.2-bin.tar.gz : extract apache-cassandra-3.11.2/pylib/cqlshlib/formatting.py
2018-06-24 20:02:02 [main] INFO  c.g.n.e.c.CassandraStarterTests - Extract /root/.embedded-cassandra/cassandra/3.11.2/apache-cassandra-3.11.2-bin.tar.gz : extract apache-cassandra-3.11.2/pylib/cqlshlib/helptopics.py
2018-06-24 20:02:02 [main] INFO  c.g.n.e.c.CassandraStarterTests - Extract /root/.embedded-cassandra/cassandra/3.11.2/apache-cassandra-3.11.2-bin.tar.gz : extract apache-cassandra-3.11.2/pylib/cqlshlib/pylexotron.py
2018-06-24 20:02:02 [main] INFO  c.g.n.e.c.CassandraStarterTests - Extract /root/.embedded-cassandra/cassandra/3.11.2/apache-cassandra-3.11.2-bin.tar.gz : extract apache-cassandra-3.11.2/pylib/cqlshlib/saferscanner.py
2018-06-24 20:02:02 [main] INFO  c.g.n.e.c.CassandraStarterTests - Extract /root/.embedded-cassandra/cassandra/3.11.2/apache-cassandra-3.11.2-bin.tar.gz : extract apache-cassandra-3.11.2/pylib/cqlshlib/sslhandling.py
2018-06-24 20:02:02 [main] INFO  c.g.n.e.c.CassandraStarterTests - Extract /root/.embedded-cassandra/cassandra/3.11.2/apache-cassandra-3.11.2-bin.tar.gz : extract apache-cassandra-3.11.2/pylib/cqlshlib/test/__init__.py
2018-06-24 20:02:02 [main] INFO  c.g.n.e.c.CassandraStarterTests - Extract /root/.embedded-cassandra/cassandra/3.11.2/apache-cassandra-3.11.2-bin.tar.gz : extract apache-cassandra-3.11.2/pylib/cqlshlib/test/ansi_colors.py
2018-06-24 20:02:02 [main] INFO  c.g.n.e.c.CassandraStarterTests - Extract /root/.embedded-cassandra/cassandra/3.11.2/apache-cassandra-3.11.2-bin.tar.gz : extract apache-cassandra-3.11.2/pylib/cqlshlib/test/basecase.py
2018-06-24 20:02:02 [main] INFO  c.g.n.e.c.CassandraStarterTests - Extract /root/.embedded-cassandra/cassandra/3.11.2/apache-cassandra-3.11.2-bin.tar.gz : extract apache-cassandra-3.11.2/pylib/cqlshlib/test/cassconnect.py
2018-06-24 20:02:02 [main] INFO  c.g.n.e.c.CassandraStarterTests - Extract /root/.embedded-cassandra/cassandra/3.11.2/apache-cassandra-3.11.2-bin.tar.gz : extract apache-cassandra-3.11.2/pylib/cqlshlib/test/run_cqlsh.py
2018-06-24 20:02:02 [main] INFO  c.g.n.e.c.CassandraStarterTests - Extract /root/.embedded-cassandra/cassandra/3.11.2/apache-cassandra-3.11.2-bin.tar.gz : extract apache-cassandra-3.11.2/pylib/cqlshlib/test/test_cql_parsing.py
2018-06-24 20:02:02 [main] INFO  c.g.n.e.c.CassandraStarterTests - Extract /root/.embedded-cassandra/cassandra/3.11.2/apache-cassandra-3.11.2-bin.tar.gz : extract apache-cassandra-3.11.2/pylib/cqlshlib/test/test_cqlsh_commands.py
2018-06-24 20:02:02 [main] INFO  c.g.n.e.c.CassandraStarterTests - Extract /root/.embedded-cassandra/cassandra/3.11.2/apache-cassandra-3.11.2-bin.tar.gz : extract apache-cassandra-3.11.2/pylib/cqlshlib/test/test_cqlsh_completion.py
2018-06-24 20:02:02 [main] INFO  c.g.n.e.c.CassandraStarterTests - Extract /root/.embedded-cassandra/cassandra/3.11.2/apache-cassandra-3.11.2-bin.tar.gz : extract apache-cassandra-3.11.2/pylib/cqlshlib/test/test_cqlsh_invocation.py
2018-06-24 20:02:02 [main] INFO  c.g.n.e.c.CassandraStarterTests - Extract /root/.embedded-cassandra/cassandra/3.11.2/apache-cassandra-3.11.2-bin.tar.gz : extract apache-cassandra-3.11.2/pylib/cqlshlib/test/test_cqlsh_output.py
2018-06-24 20:02:02 [main] INFO  c.g.n.e.c.CassandraStarterTests - Extract /root/.embedded-cassandra/cassandra/3.11.2/apache-cassandra-3.11.2-bin.tar.gz : extract apache-cassandra-3.11.2/pylib/cqlshlib/test/test_cqlsh_parsing.py
2018-06-24 20:02:02 [main] INFO  c.g.n.e.c.CassandraStarterTests - Extract /root/.embedded-cassandra/cassandra/3.11.2/apache-cassandra-3.11.2-bin.tar.gz : extract apache-cassandra-3.11.2/pylib/cqlshlib/test/test_keyspace_init.cql
2018-06-24 20:02:02 [main] INFO  c.g.n.e.c.CassandraStarterTests - Extract /root/.embedded-cassandra/cassandra/3.11.2/apache-cassandra-3.11.2-bin.tar.gz : extract apache-cassandra-3.11.2/pylib/cqlshlib/test/winpty.py
2018-06-24 20:02:02 [main] INFO  c.g.n.e.c.CassandraStarterTests - Extract /root/.embedded-cassandra/cassandra/3.11.2/apache-cassandra-3.11.2-bin.tar.gz : extract apache-cassandra-3.11.2/pylib/cqlshlib/tracing.py
2018-06-24 20:02:02 [main] INFO  c.g.n.e.c.CassandraStarterTests - Extract /root/.embedded-cassandra/cassandra/3.11.2/apache-cassandra-3.11.2-bin.tar.gz : extract apache-cassandra-3.11.2/pylib/cqlshlib/util.py
2018-06-24 20:02:02 [main] INFO  c.g.n.e.c.CassandraStarterTests - Extract /root/.embedded-cassandra/cassandra/3.11.2/apache-cassandra-3.11.2-bin.tar.gz : extract apache-cassandra-3.11.2/pylib/cqlshlib/wcwidth.py
2018-06-24 20:02:02 [main] INFO  c.g.n.e.c.CassandraStarterTests - Extract /root/.embedded-cassandra/cassandra/3.11.2/apache-cassandra-3.11.2-bin.tar.gz : extract apache-cassandra-3.11.2/pylib/setup.py
2018-06-24 20:02:02 [main] INFO  c.g.n.e.c.CassandraStarterTests - Extract /root/.embedded-cassandra/cassandra/3.11.2/apache-cassandra-3.11.2-bin.tar.gz : extract apache-cassandra-3.11.2/tools/bin/cassandra-stress
2018-06-24 20:02:02 [main] INFO  c.g.n.e.c.CassandraStarterTests - Extract /root/.embedded-cassandra/cassandra/3.11.2/apache-cassandra-3.11.2-bin.tar.gz : extract apache-cassandra-3.11.2/tools/bin/cassandra-stress.bat
2018-06-24 20:02:02 [main] INFO  c.g.n.e.c.CassandraStarterTests - Extract /root/.embedded-cassandra/cassandra/3.11.2/apache-cassandra-3.11.2-bin.tar.gz : extract apache-cassandra-3.11.2/tools/bin/cassandra-stressd
2018-06-24 20:02:02 [main] INFO  c.g.n.e.c.CassandraStarterTests - Extract /root/.embedded-cassandra/cassandra/3.11.2/apache-cassandra-3.11.2-bin.tar.gz : extract apache-cassandra-3.11.2/tools/bin/cassandra.in.bat
2018-06-24 20:02:02 [main] INFO  c.g.n.e.c.CassandraStarterTests - Extract /root/.embedded-cassandra/cassandra/3.11.2/apache-cassandra-3.11.2-bin.tar.gz : extract apache-cassandra-3.11.2/tools/bin/cassandra.in.sh
2018-06-24 20:02:02 [main] INFO  c.g.n.e.c.CassandraStarterTests - Extract /root/.embedded-cassandra/cassandra/3.11.2/apache-cassandra-3.11.2-bin.tar.gz : extract apache-cassandra-3.11.2/tools/bin/compaction-stress
2018-06-24 20:02:02 [main] INFO  c.g.n.e.c.CassandraStarterTests - Extract /root/.embedded-cassandra/cassandra/3.11.2/apache-cassandra-3.11.2-bin.tar.gz : extract apache-cassandra-3.11.2/tools/bin/sstabledump
2018-06-24 20:02:02 [main] INFO  c.g.n.e.c.CassandraStarterTests - Extract /root/.embedded-cassandra/cassandra/3.11.2/apache-cassandra-3.11.2-bin.tar.gz : extract apache-cassandra-3.11.2/tools/bin/sstabledump.bat
2018-06-24 20:02:02 [main] INFO  c.g.n.e.c.CassandraStarterTests - Extract /root/.embedded-cassandra/cassandra/3.11.2/apache-cassandra-3.11.2-bin.tar.gz : extract apache-cassandra-3.11.2/tools/bin/sstableexpiredblockers
2018-06-24 20:02:02 [main] INFO  c.g.n.e.c.CassandraStarterTests - Extract /root/.embedded-cassandra/cassandra/3.11.2/apache-cassandra-3.11.2-bin.tar.gz : extract apache-cassandra-3.11.2/tools/bin/sstableexpiredblockers.bat
2018-06-24 20:02:02 [main] INFO  c.g.n.e.c.CassandraStarterTests - Extract /root/.embedded-cassandra/cassandra/3.11.2/apache-cassandra-3.11.2-bin.tar.gz : extract apache-cassandra-3.11.2/tools/bin/sstablelevelreset
2018-06-24 20:02:02 [main] INFO  c.g.n.e.c.CassandraStarterTests - Extract /root/.embedded-cassandra/cassandra/3.11.2/apache-cassandra-3.11.2-bin.tar.gz : extract apache-cassandra-3.11.2/tools/bin/sstablelevelreset.bat
2018-06-24 20:02:02 [main] INFO  c.g.n.e.c.CassandraStarterTests - Extract /root/.embedded-cassandra/cassandra/3.11.2/apache-cassandra-3.11.2-bin.tar.gz : extract apache-cassandra-3.11.2/tools/bin/sstablemetadata
2018-06-24 20:02:02 [main] INFO  c.g.n.e.c.CassandraStarterTests - Extract /root/.embedded-cassandra/cassandra/3.11.2/apache-cassandra-3.11.2-bin.tar.gz : extract apache-cassandra-3.11.2/tools/bin/sstablemetadata.bat
2018-06-24 20:02:02 [main] INFO  c.g.n.e.c.CassandraStarterTests - Extract /root/.embedded-cassandra/cassandra/3.11.2/apache-cassandra-3.11.2-bin.tar.gz : extract apache-cassandra-3.11.2/tools/bin/sstableofflinerelevel
2018-06-24 20:02:02 [main] INFO  c.g.n.e.c.CassandraStarterTests - Extract /root/.embedded-cassandra/cassandra/3.11.2/apache-cassandra-3.11.2-bin.tar.gz : extract apache-cassandra-3.11.2/tools/bin/sstableofflinerelevel.bat
2018-06-24 20:02:02 [main] INFO  c.g.n.e.c.CassandraStarterTests - Extract /root/.embedded-cassandra/cassandra/3.11.2/apache-cassandra-3.11.2-bin.tar.gz : extract apache-cassandra-3.11.2/tools/bin/sstablerepairedset
2018-06-24 20:02:02 [main] INFO  c.g.n.e.c.CassandraStarterTests - Extract /root/.embedded-cassandra/cassandra/3.11.2/apache-cassandra-3.11.2-bin.tar.gz : extract apache-cassandra-3.11.2/tools/bin/sstablerepairedset.bat
2018-06-24 20:02:02 [main] INFO  c.g.n.e.c.CassandraStarterTests - Extract /root/.embedded-cassandra/cassandra/3.11.2/apache-cassandra-3.11.2-bin.tar.gz : extract apache-cassandra-3.11.2/tools/bin/sstablesplit
2018-06-24 20:02:02 [main] INFO  c.g.n.e.c.CassandraStarterTests - Extract /root/.embedded-cassandra/cassandra/3.11.2/apache-cassandra-3.11.2-bin.tar.gz : extract apache-cassandra-3.11.2/tools/bin/sstablesplit.bat
2018-06-24 20:02:02 [main] INFO  c.g.n.e.c.CassandraStarterTests - Extract /root/.embedded-cassandra/cassandra/3.11.2/apache-cassandra-3.11.2-bin.tar.gz : extract apache-cassandra-3.11.2/tools/cqlstress-counter-example.yaml
2018-06-24 20:02:02 [main] INFO  c.g.n.e.c.CassandraStarterTests - Extract /root/.embedded-cassandra/cassandra/3.11.2/apache-cassandra-3.11.2-bin.tar.gz : extract apache-cassandra-3.11.2/tools/cqlstress-example.yaml
2018-06-24 20:02:02 [main] INFO  c.g.n.e.c.CassandraStarterTests - Extract /root/.embedded-cassandra/cassandra/3.11.2/apache-cassandra-3.11.2-bin.tar.gz : extract apache-cassandra-3.11.2/tools/cqlstress-insanity-example.yaml
2018-06-24 20:02:02 [main] INFO  c.g.n.e.c.CassandraStarterTests - Extract /root/.embedded-cassandra/cassandra/3.11.2/apache-cassandra-3.11.2-bin.tar.gz : extract apache-cassandra-3.11.2/tools/lib/stress.jar
2018-06-24 20:02:02 [main] INFO  c.g.n.e.c.CassandraStarterTests - Extract /root/.embedded-cassandra/cassandra/3.11.2/apache-cassandra-3.11.2-bin.tar.gz : extract apache-cassandra-3.11.2/bin/cassandra.in.sh
2018-06-24 20:02:02 [main] INFO  c.g.n.e.c.CassandraStarterTests - Extract /root/.embedded-cassandra/cassandra/3.11.2/apache-cassandra-3.11.2-bin.tar.gz : extract apache-cassandra-3.11.2/bin/cassandra
2018-06-24 20:02:02 [main] INFO  c.g.n.e.c.CassandraStarterTests - Extract /root/.embedded-cassandra/cassandra/3.11.2/apache-cassandra-3.11.2-bin.tar.gz : extract apache-cassandra-3.11.2/bin/cassandra.bat
2018-06-24 20:02:02 [main] INFO  c.g.n.e.c.CassandraStarterTests - Extract /root/.embedded-cassandra/cassandra/3.11.2/apache-cassandra-3.11.2-bin.tar.gz : extract apache-cassandra-3.11.2/bin/cassandra.in.bat
2018-06-24 20:02:02 [main] INFO  c.g.n.e.c.CassandraStarterTests - Extract /root/.embedded-cassandra/cassandra/3.11.2/apache-cassandra-3.11.2-bin.tar.gz : extract apache-cassandra-3.11.2/bin/cqlsh
2018-06-24 20:02:02 [main] INFO  c.g.n.e.c.CassandraStarterTests - Extract /root/.embedded-cassandra/cassandra/3.11.2/apache-cassandra-3.11.2-bin.tar.gz : extract apache-cassandra-3.11.2/bin/cqlsh.bat
2018-06-24 20:02:02 [main] INFO  c.g.n.e.c.CassandraStarterTests - Extract /root/.embedded-cassandra/cassandra/3.11.2/apache-cassandra-3.11.2-bin.tar.gz : extract apache-cassandra-3.11.2/bin/cqlsh.py
2018-06-24 20:02:02 [main] INFO  c.g.n.e.c.CassandraStarterTests - Extract /root/.embedded-cassandra/cassandra/3.11.2/apache-cassandra-3.11.2-bin.tar.gz : extract apache-cassandra-3.11.2/bin/debug-cql
2018-06-24 20:02:02 [main] INFO  c.g.n.e.c.CassandraStarterTests - Extract /root/.embedded-cassandra/cassandra/3.11.2/apache-cassandra-3.11.2-bin.tar.gz : extract apache-cassandra-3.11.2/bin/debug-cql.bat
2018-06-24 20:02:02 [main] INFO  c.g.n.e.c.CassandraStarterTests - Extract /root/.embedded-cassandra/cassandra/3.11.2/apache-cassandra-3.11.2-bin.tar.gz : extract apache-cassandra-3.11.2/bin/nodetool
2018-06-24 20:02:02 [main] INFO  c.g.n.e.c.CassandraStarterTests - Extract /root/.embedded-cassandra/cassandra/3.11.2/apache-cassandra-3.11.2-bin.tar.gz : extract apache-cassandra-3.11.2/bin/nodetool.bat
2018-06-24 20:02:02 [main] INFO  c.g.n.e.c.CassandraStarterTests - Extract /root/.embedded-cassandra/cassandra/3.11.2/apache-cassandra-3.11.2-bin.tar.gz : extract apache-cassandra-3.11.2/bin/source-conf.ps1
2018-06-24 20:02:02 [main] INFO  c.g.n.e.c.CassandraStarterTests - Extract /root/.embedded-cassandra/cassandra/3.11.2/apache-cassandra-3.11.2-bin.tar.gz : extract apache-cassandra-3.11.2/bin/sstableloader
2018-06-24 20:02:02 [main] INFO  c.g.n.e.c.CassandraStarterTests - Extract /root/.embedded-cassandra/cassandra/3.11.2/apache-cassandra-3.11.2-bin.tar.gz : extract apache-cassandra-3.11.2/bin/sstableloader.bat
2018-06-24 20:02:02 [main] INFO  c.g.n.e.c.CassandraStarterTests - Extract /root/.embedded-cassandra/cassandra/3.11.2/apache-cassandra-3.11.2-bin.tar.gz : extract apache-cassandra-3.11.2/bin/sstablescrub
2018-06-24 20:02:02 [main] INFO  c.g.n.e.c.CassandraStarterTests - Extract /root/.embedded-cassandra/cassandra/3.11.2/apache-cassandra-3.11.2-bin.tar.gz : extract apache-cassandra-3.11.2/bin/sstablescrub.bat
2018-06-24 20:02:02 [main] INFO  c.g.n.e.c.CassandraStarterTests - Extract /root/.embedded-cassandra/cassandra/3.11.2/apache-cassandra-3.11.2-bin.tar.gz : extract apache-cassandra-3.11.2/bin/sstableupgrade
2018-06-24 20:02:02 [main] INFO  c.g.n.e.c.CassandraStarterTests - Extract /root/.embedded-cassandra/cassandra/3.11.2/apache-cassandra-3.11.2-bin.tar.gz : extract apache-cassandra-3.11.2/bin/sstableupgrade.bat
2018-06-24 20:02:02 [main] INFO  c.g.n.e.c.CassandraStarterTests - Extract /root/.embedded-cassandra/cassandra/3.11.2/apache-cassandra-3.11.2-bin.tar.gz : extract apache-cassandra-3.11.2/bin/sstableutil
2018-06-24 20:02:02 [main] INFO  c.g.n.e.c.CassandraStarterTests - Extract /root/.embedded-cassandra/cassandra/3.11.2/apache-cassandra-3.11.2-bin.tar.gz : extract apache-cassandra-3.11.2/bin/sstableutil.bat
2018-06-24 20:02:02 [main] INFO  c.g.n.e.c.CassandraStarterTests - Extract /root/.embedded-cassandra/cassandra/3.11.2/apache-cassandra-3.11.2-bin.tar.gz : extract apache-cassandra-3.11.2/bin/sstableverify
2018-06-24 20:02:02 [main] INFO  c.g.n.e.c.CassandraStarterTests - Extract /root/.embedded-cassandra/cassandra/3.11.2/apache-cassandra-3.11.2-bin.tar.gz : extract apache-cassandra-3.11.2/bin/sstableverify.bat
2018-06-24 20:02:02 [main] INFO  c.g.n.e.c.CassandraStarterTests - Extract /root/.embedded-cassandra/cassandra/3.11.2/apache-cassandra-3.11.2-bin.tar.gz : extract apache-cassandra-3.11.2/bin/stop-server
2018-06-24 20:02:02 [main] INFO  c.g.n.e.c.CassandraStarterTests - Extract /root/.embedded-cassandra/cassandra/3.11.2/apache-cassandra-3.11.2-bin.tar.gz : extract apache-cassandra-3.11.2/bin/stop-server.bat
2018-06-24 20:02:02 [main] INFO  c.g.n.e.c.CassandraStarterTests - Extract /root/.embedded-cassandra/cassandra/3.11.2/apache-cassandra-3.11.2-bin.tar.gz : extract apache-cassandra-3.11.2/bin/stop-server.ps1
2018-06-24 20:02:02 [main] INFO  c.g.n.e.c.CassandraStarterTests - Extract /root/.embedded-cassandra/cassandra/3.11.2/apache-cassandra-3.11.2-bin.tar.gz : finished
2018-06-24 20:02:02 [main] INFO  c.g.n.e.cassandra.CassandraProcess - Starting the new cassandra server using directory '/tmp/temp--a8e8c3eb-5200-4dbb-a191-95af8df29d62' with arguments [/tmp/temp--a8e8c3eb-5200-4dbb-a191-95af8df29d62/apache-cassandra-3.11.2/bin/cassandra, -f, -Dcassandra.config=file:////tmp/temp--a8e8c3eb-5200-4dbb-a191-95af8df29d62/cassandra-d7f8c69d-75be-4e73-be74-a83eed00cd28.yaml]
2018-06-24 20:02:02 [Thread-8] INFO  c.g.n.e.c.CassandraStarterTests - Running Cassandra as root user or group is not recommended - please start Cassandra using a different system user.
2018-06-24 20:02:02 [Thread-8] INFO  c.g.n.e.c.CassandraStarterTests - If you really want to force running Cassandra as root, use -R command line option.
2018-06-24 20:02:02 [main] ERROR d.f.e.p.runtime.AbstractProcess - failed to call onAfterProcessStart()
java.io.IOException: Could not start process. <EOF>
	at com.github.nosan.embedded.cassandra.CassandraProcess.onAfterProcessStart(CassandraProcess.java:123)
	at de.flapdoodle.embed.process.runtime.AbstractProcess.<init>(AbstractProcess.java:116)
	at com.github.nosan.embedded.cassandra.CassandraProcess.<init>(CassandraProcess.java:72)
	at com.github.nosan.embedded.cassandra.CassandraExecutable.start(CassandraExecutable.java:42)
	at com.github.nosan.embedded.cassandra.CassandraExecutable.start(CassandraExecutable.java:32)
	at de.flapdoodle.embed.process.runtime.Executable.start(Executable.java:108)
	at com.github.nosan.embedded.cassandra.CassandraStarterTests.start(CassandraStarterTests.java:138)
	at com.github.nosan.embedded.cassandra.CassandraStarterTests.multiplyInstances(CassandraStarterTests.java:73)
	at sun.reflect.NativeMethodAccessorImpl.invoke0(Native Method)
	at sun.reflect.NativeMethodAccessorImpl.invoke(NativeMethodAccessorImpl.java:62)
	at sun.reflect.DelegatingMethodAccessorImpl.invoke(DelegatingMethodAccessorImpl.java:43)
	at java.lang.reflect.Method.invoke(Method.java:498)
	at org.junit.runners.model.FrameworkMethod$1.runReflectiveCall(FrameworkMethod.java:50)
	at org.junit.internal.runners.model.ReflectiveCallable.run(ReflectiveCallable.java:12)
	at org.junit.runners.model.FrameworkMethod.invokeExplosively(FrameworkMethod.java:47)
	at org.junit.internal.runners.statements.InvokeMethod.evaluate(InvokeMethod.java:17)
	at org.junit.runners.ParentRunner.runLeaf(ParentRunner.java:325)
	at org.junit.runners.BlockJUnit4ClassRunner.runChild(BlockJUnit4ClassRunner.java:78)
	at org.junit.runners.BlockJUnit4ClassRunner.runChild(BlockJUnit4ClassRunner.java:57)
	at org.junit.runners.ParentRunner$3.run(ParentRunner.java:290)
	at org.junit.runners.ParentRunner$1.schedule(ParentRunner.java:71)
	at org.junit.runners.ParentRunner.runChildren(ParentRunner.java:288)
	at org.junit.runners.ParentRunner.access$000(ParentRunner.java:58)
	at org.junit.runners.ParentRunner$2.evaluate(ParentRunner.java:268)
	at org.junit.runners.ParentRunner.run(ParentRunner.java:363)
	at org.apache.maven.surefire.junit4.JUnit4Provider.execute(JUnit4Provider.java:365)
	at org.apache.maven.surefire.junit4.JUnit4Provider.executeWithRerun(JUnit4Provider.java:272)
	at org.apache.maven.surefire.junit4.JUnit4Provider.executeTestSet(JUnit4Provider.java:236)
	at org.apache.maven.surefire.junit4.JUnit4Provider.invoke(JUnit4Provider.java:159)
	at org.apache.maven.surefire.booter.ForkedBooter.invokeProviderInSameClassLoader(ForkedBooter.java:386)
	at org.apache.maven.surefire.booter.ForkedBooter.runSuitesInProcess(ForkedBooter.java:323)
	at org.apache.maven.surefire.booter.ForkedBooter.main(ForkedBooter.java:143)
2018-06-24 20:02:02 [main] INFO  d.f.e.p.runtime.AbstractProcess - construct com.github.nosan.embedded.cassandra.config.CassandraConfigBuilder$ImmutableCassandraConfig@2b40ff9c
]]></system-out>
  </testcase>
  <testcase name="disableTransport" classname="com.github.nosan.embedded.cassandra.CassandraStarterTests" time="2.538">
    <error message="Could not start process. &lt;EOF&gt;" type="java.io.IOException"><![CDATA[java.io.IOException: Could not start process. <EOF>
	at com.github.nosan.embedded.cassandra.CassandraStarterTests.start(CassandraStarterTests.java:138)
	at com.github.nosan.embedded.cassandra.CassandraStarterTests.start(CassandraStarterTests.java:129)
	at com.github.nosan.embedded.cassandra.CassandraStarterTests.disableTransport(CassandraStarterTests.java:124)
]]></error>
    <system-out><![CDATA[2018-06-24 20:02:02 [main] INFO  c.g.n.e.c.CassandraStarterTests - Extract /root/.embedded-cassandra/cassandra/3.11.2/apache-cassandra-3.11.2-bin.tar.gz : starting...
2018-06-24 20:02:02 [main] INFO  c.g.n.e.c.CassandraStarterTests - Extract /root/.embedded-cassandra/cassandra/3.11.2/apache-cassandra-3.11.2-bin.tar.gz : extract apache-cassandra-3.11.2/conf/cassandra-env.ps1
2018-06-24 20:02:02 [main] INFO  c.g.n.e.c.CassandraStarterTests - Extract /root/.embedded-cassandra/cassandra/3.11.2/apache-cassandra-3.11.2-bin.tar.gz : extract apache-cassandra-3.11.2/conf/cassandra-env.sh
2018-06-24 20:02:02 [main] INFO  c.g.n.e.c.CassandraStarterTests - Extract /root/.embedded-cassandra/cassandra/3.11.2/apache-cassandra-3.11.2-bin.tar.gz : extract apache-cassandra-3.11.2/conf/cassandra-jaas.config
2018-06-24 20:02:02 [main] INFO  c.g.n.e.c.CassandraStarterTests - Extract /root/.embedded-cassandra/cassandra/3.11.2/apache-cassandra-3.11.2-bin.tar.gz : extract apache-cassandra-3.11.2/conf/cassandra-rackdc.properties
2018-06-24 20:02:02 [main] INFO  c.g.n.e.c.CassandraStarterTests - Extract /root/.embedded-cassandra/cassandra/3.11.2/apache-cassandra-3.11.2-bin.tar.gz : extract apache-cassandra-3.11.2/conf/cassandra-topology.properties
2018-06-24 20:02:02 [main] INFO  c.g.n.e.c.CassandraStarterTests - Extract /root/.embedded-cassandra/cassandra/3.11.2/apache-cassandra-3.11.2-bin.tar.gz : extract apache-cassandra-3.11.2/conf/cassandra.yaml
2018-06-24 20:02:02 [main] INFO  c.g.n.e.c.CassandraStarterTests - Extract /root/.embedded-cassandra/cassandra/3.11.2/apache-cassandra-3.11.2-bin.tar.gz : extract apache-cassandra-3.11.2/conf/commitlog_archiving.properties
2018-06-24 20:02:02 [main] INFO  c.g.n.e.c.CassandraStarterTests - Extract /root/.embedded-cassandra/cassandra/3.11.2/apache-cassandra-3.11.2-bin.tar.gz : extract apache-cassandra-3.11.2/conf/cqlshrc.sample
2018-06-24 20:02:02 [main] INFO  c.g.n.e.c.CassandraStarterTests - Extract /root/.embedded-cassandra/cassandra/3.11.2/apache-cassandra-3.11.2-bin.tar.gz : extract apache-cassandra-3.11.2/conf/hotspot_compiler
2018-06-24 20:02:02 [main] INFO  c.g.n.e.c.CassandraStarterTests - Extract /root/.embedded-cassandra/cassandra/3.11.2/apache-cassandra-3.11.2-bin.tar.gz : extract apache-cassandra-3.11.2/conf/jvm.options
2018-06-24 20:02:02 [main] INFO  c.g.n.e.c.CassandraStarterTests - Extract /root/.embedded-cassandra/cassandra/3.11.2/apache-cassandra-3.11.2-bin.tar.gz : extract apache-cassandra-3.11.2/conf/logback-tools.xml
2018-06-24 20:02:02 [main] INFO  c.g.n.e.c.CassandraStarterTests - Extract /root/.embedded-cassandra/cassandra/3.11.2/apache-cassandra-3.11.2-bin.tar.gz : extract apache-cassandra-3.11.2/conf/logback.xml
2018-06-24 20:02:02 [main] INFO  c.g.n.e.c.CassandraStarterTests - Extract /root/.embedded-cassandra/cassandra/3.11.2/apache-cassandra-3.11.2-bin.tar.gz : extract apache-cassandra-3.11.2/conf/metrics-reporter-config-sample.yaml
2018-06-24 20:02:02 [main] INFO  c.g.n.e.c.CassandraStarterTests - Extract /root/.embedded-cassandra/cassandra/3.11.2/apache-cassandra-3.11.2-bin.tar.gz : extract apache-cassandra-3.11.2/conf/triggers/README.txt
2018-06-24 20:02:02 [main] INFO  c.g.n.e.c.CassandraStarterTests - Extract /root/.embedded-cassandra/cassandra/3.11.2/apache-cassandra-3.11.2-bin.tar.gz : extract apache-cassandra-3.11.2/interface/cassandra.thrift
2018-06-24 20:02:04 [main] INFO  c.g.n.e.c.CassandraStarterTests - Extract /root/.embedded-cassandra/cassandra/3.11.2/apache-cassandra-3.11.2-bin.tar.gz : extract apache-cassandra-3.11.2/lib/HdrHistogram-2.1.9.jar
2018-06-24 20:02:04 [main] INFO  c.g.n.e.c.CassandraStarterTests - Extract /root/.embedded-cassandra/cassandra/3.11.2/apache-cassandra-3.11.2-bin.tar.gz : extract apache-cassandra-3.11.2/lib/ST4-4.0.8.jar
2018-06-24 20:02:04 [main] INFO  c.g.n.e.c.CassandraStarterTests - Extract /root/.embedded-cassandra/cassandra/3.11.2/apache-cassandra-3.11.2-bin.tar.gz : extract apache-cassandra-3.11.2/lib/airline-0.6.jar
2018-06-24 20:02:04 [main] INFO  c.g.n.e.c.CassandraStarterTests - Extract /root/.embedded-cassandra/cassandra/3.11.2/apache-cassandra-3.11.2-bin.tar.gz : extract apache-cassandra-3.11.2/lib/antlr-runtime-3.5.2.jar
2018-06-24 20:02:04 [main] INFO  c.g.n.e.c.CassandraStarterTests - Extract /root/.embedded-cassandra/cassandra/3.11.2/apache-cassandra-3.11.2-bin.tar.gz : extract apache-cassandra-3.11.2/lib/apache-cassandra-3.11.2.jar
2018-06-24 20:02:04 [main] INFO  c.g.n.e.c.CassandraStarterTests - Extract /root/.embedded-cassandra/cassandra/3.11.2/apache-cassandra-3.11.2-bin.tar.gz : extract apache-cassandra-3.11.2/lib/apache-cassandra-thrift-3.11.2.jar
2018-06-24 20:02:04 [main] INFO  c.g.n.e.c.CassandraStarterTests - Extract /root/.embedded-cassandra/cassandra/3.11.2/apache-cassandra-3.11.2-bin.tar.gz : extract apache-cassandra-3.11.2/lib/asm-5.0.4.jar
2018-06-24 20:02:04 [main] INFO  c.g.n.e.c.CassandraStarterTests - Extract /root/.embedded-cassandra/cassandra/3.11.2/apache-cassandra-3.11.2-bin.tar.gz : extract apache-cassandra-3.11.2/lib/caffeine-2.2.6.jar
2018-06-24 20:02:04 [main] INFO  c.g.n.e.c.CassandraStarterTests - Extract /root/.embedded-cassandra/cassandra/3.11.2/apache-cassandra-3.11.2-bin.tar.gz : extract apache-cassandra-3.11.2/lib/cassandra-driver-core-3.0.1-shaded.jar
2018-06-24 20:02:04 [main] INFO  c.g.n.e.c.CassandraStarterTests - Extract /root/.embedded-cassandra/cassandra/3.11.2/apache-cassandra-3.11.2-bin.tar.gz : extract apache-cassandra-3.11.2/lib/cassandra-driver-internal-only-3.10.zip
2018-06-24 20:02:04 [main] INFO  c.g.n.e.c.CassandraStarterTests - Extract /root/.embedded-cassandra/cassandra/3.11.2/apache-cassandra-3.11.2-bin.tar.gz : extract apache-cassandra-3.11.2/lib/cassandra-driver-internal-only-3.11.0-bb96859b.zip
2018-06-24 20:02:04 [main] INFO  c.g.n.e.c.CassandraStarterTests - Extract /root/.embedded-cassandra/cassandra/3.11.2/apache-cassandra-3.11.2-bin.tar.gz : extract apache-cassandra-3.11.2/lib/commons-cli-1.1.jar
2018-06-24 20:02:04 [main] INFO  c.g.n.e.c.CassandraStarterTests - Extract /root/.embedded-cassandra/cassandra/3.11.2/apache-cassandra-3.11.2-bin.tar.gz : extract apache-cassandra-3.11.2/lib/commons-codec-1.9.jar
2018-06-24 20:02:04 [main] INFO  c.g.n.e.c.CassandraStarterTests - Extract /root/.embedded-cassandra/cassandra/3.11.2/apache-cassandra-3.11.2-bin.tar.gz : extract apache-cassandra-3.11.2/lib/commons-lang3-3.1.jar
2018-06-24 20:02:04 [main] INFO  c.g.n.e.c.CassandraStarterTests - Extract /root/.embedded-cassandra/cassandra/3.11.2/apache-cassandra-3.11.2-bin.tar.gz : extract apache-cassandra-3.11.2/lib/commons-math3-3.2.jar
2018-06-24 20:02:04 [main] INFO  c.g.n.e.c.CassandraStarterTests - Extract /root/.embedded-cassandra/cassandra/3.11.2/apache-cassandra-3.11.2-bin.tar.gz : extract apache-cassandra-3.11.2/lib/compress-lzf-0.8.4.jar
2018-06-24 20:02:04 [main] INFO  c.g.n.e.c.CassandraStarterTests - Extract /root/.embedded-cassandra/cassandra/3.11.2/apache-cassandra-3.11.2-bin.tar.gz : extract apache-cassandra-3.11.2/lib/concurrent-trees-2.4.0.jar
2018-06-24 20:02:04 [main] INFO  c.g.n.e.c.CassandraStarterTests - Extract /root/.embedded-cassandra/cassandra/3.11.2/apache-cassandra-3.11.2-bin.tar.gz : extract apache-cassandra-3.11.2/lib/concurrentlinkedhashmap-lru-1.4.jar
2018-06-24 20:02:04 [main] INFO  c.g.n.e.c.CassandraStarterTests - Extract /root/.embedded-cassandra/cassandra/3.11.2/apache-cassandra-3.11.2-bin.tar.gz : extract apache-cassandra-3.11.2/lib/disruptor-3.0.1.jar
2018-06-24 20:02:04 [main] INFO  c.g.n.e.c.CassandraStarterTests - Extract /root/.embedded-cassandra/cassandra/3.11.2/apache-cassandra-3.11.2-bin.tar.gz : extract apache-cassandra-3.11.2/lib/ecj-4.4.2.jar
2018-06-24 20:02:04 [main] INFO  c.g.n.e.c.CassandraStarterTests - Extract /root/.embedded-cassandra/cassandra/3.11.2/apache-cassandra-3.11.2-bin.tar.gz : extract apache-cassandra-3.11.2/lib/futures-2.1.6-py2.py3-none-any.zip
2018-06-24 20:02:04 [main] INFO  c.g.n.e.c.CassandraStarterTests - Extract /root/.embedded-cassandra/cassandra/3.11.2/apache-cassandra-3.11.2-bin.tar.gz : extract apache-cassandra-3.11.2/lib/guava-18.0.jar
2018-06-24 20:02:04 [main] INFO  c.g.n.e.c.CassandraStarterTests - Extract /root/.embedded-cassandra/cassandra/3.11.2/apache-cassandra-3.11.2-bin.tar.gz : extract apache-cassandra-3.11.2/lib/high-scale-lib-1.0.6.jar
2018-06-24 20:02:04 [main] INFO  c.g.n.e.c.CassandraStarterTests - Extract /root/.embedded-cassandra/cassandra/3.11.2/apache-cassandra-3.11.2-bin.tar.gz : extract apache-cassandra-3.11.2/lib/hppc-0.5.4.jar
2018-06-24 20:02:04 [main] INFO  c.g.n.e.c.CassandraStarterTests - Extract /root/.embedded-cassandra/cassandra/3.11.2/apache-cassandra-3.11.2-bin.tar.gz : extract apache-cassandra-3.11.2/lib/jackson-core-asl-1.9.13.jar
2018-06-24 20:02:04 [main] INFO  c.g.n.e.c.CassandraStarterTests - Extract /root/.embedded-cassandra/cassandra/3.11.2/apache-cassandra-3.11.2-bin.tar.gz : extract apache-cassandra-3.11.2/lib/jackson-mapper-asl-1.9.13.jar
2018-06-24 20:02:04 [main] INFO  c.g.n.e.c.CassandraStarterTests - Extract /root/.embedded-cassandra/cassandra/3.11.2/apache-cassandra-3.11.2-bin.tar.gz : extract apache-cassandra-3.11.2/lib/jamm-0.3.0.jar
2018-06-24 20:02:04 [main] INFO  c.g.n.e.c.CassandraStarterTests - Extract /root/.embedded-cassandra/cassandra/3.11.2/apache-cassandra-3.11.2-bin.tar.gz : extract apache-cassandra-3.11.2/lib/javax.inject.jar
2018-06-24 20:02:04 [main] INFO  c.g.n.e.c.CassandraStarterTests - Extract /root/.embedded-cassandra/cassandra/3.11.2/apache-cassandra-3.11.2-bin.tar.gz : extract apache-cassandra-3.11.2/lib/jbcrypt-0.3m.jar
2018-06-24 20:02:04 [main] INFO  c.g.n.e.c.CassandraStarterTests - Extract /root/.embedded-cassandra/cassandra/3.11.2/apache-cassandra-3.11.2-bin.tar.gz : extract apache-cassandra-3.11.2/lib/jcl-over-slf4j-1.7.7.jar
2018-06-24 20:02:04 [main] INFO  c.g.n.e.c.CassandraStarterTests - Extract /root/.embedded-cassandra/cassandra/3.11.2/apache-cassandra-3.11.2-bin.tar.gz : extract apache-cassandra-3.11.2/lib/jctools-core-1.2.1.jar
2018-06-24 20:02:04 [main] INFO  c.g.n.e.c.CassandraStarterTests - Extract /root/.embedded-cassandra/cassandra/3.11.2/apache-cassandra-3.11.2-bin.tar.gz : extract apache-cassandra-3.11.2/lib/jflex-1.6.0.jar
2018-06-24 20:02:04 [main] INFO  c.g.n.e.c.CassandraStarterTests - Extract /root/.embedded-cassandra/cassandra/3.11.2/apache-cassandra-3.11.2-bin.tar.gz : extract apache-cassandra-3.11.2/lib/jna-4.2.2.jar
2018-06-24 20:02:04 [main] INFO  c.g.n.e.c.CassandraStarterTests - Extract /root/.embedded-cassandra/cassandra/3.11.2/apache-cassandra-3.11.2-bin.tar.gz : extract apache-cassandra-3.11.2/lib/joda-time-2.4.jar
2018-06-24 20:02:04 [main] INFO  c.g.n.e.c.CassandraStarterTests - Extract /root/.embedded-cassandra/cassandra/3.11.2/apache-cassandra-3.11.2-bin.tar.gz : extract apache-cassandra-3.11.2/lib/json-simple-1.1.jar
2018-06-24 20:02:04 [main] INFO  c.g.n.e.c.CassandraStarterTests - Extract /root/.embedded-cassandra/cassandra/3.11.2/apache-cassandra-3.11.2-bin.tar.gz : extract apache-cassandra-3.11.2/lib/jstackjunit-0.0.1.jar
2018-06-24 20:02:04 [main] INFO  c.g.n.e.c.CassandraStarterTests - Extract /root/.embedded-cassandra/cassandra/3.11.2/apache-cassandra-3.11.2-bin.tar.gz : extract apache-cassandra-3.11.2/lib/libthrift-0.9.2.jar
2018-06-24 20:02:04 [main] INFO  c.g.n.e.c.CassandraStarterTests - Extract /root/.embedded-cassandra/cassandra/3.11.2/apache-cassandra-3.11.2-bin.tar.gz : extract apache-cassandra-3.11.2/lib/log4j-over-slf4j-1.7.7.jar
2018-06-24 20:02:04 [main] INFO  c.g.n.e.c.CassandraStarterTests - Extract /root/.embedded-cassandra/cassandra/3.11.2/apache-cassandra-3.11.2-bin.tar.gz : extract apache-cassandra-3.11.2/lib/logback-classic-1.1.3.jar
2018-06-24 20:02:04 [main] INFO  c.g.n.e.c.CassandraStarterTests - Extract /root/.embedded-cassandra/cassandra/3.11.2/apache-cassandra-3.11.2-bin.tar.gz : extract apache-cassandra-3.11.2/lib/logback-core-1.1.3.jar
2018-06-24 20:02:04 [main] INFO  c.g.n.e.c.CassandraStarterTests - Extract /root/.embedded-cassandra/cassandra/3.11.2/apache-cassandra-3.11.2-bin.tar.gz : extract apache-cassandra-3.11.2/lib/lz4-1.3.0.jar
2018-06-24 20:02:04 [main] INFO  c.g.n.e.c.CassandraStarterTests - Extract /root/.embedded-cassandra/cassandra/3.11.2/apache-cassandra-3.11.2-bin.tar.gz : extract apache-cassandra-3.11.2/lib/metrics-core-3.1.0.jar
2018-06-24 20:02:04 [main] INFO  c.g.n.e.c.CassandraStarterTests - Extract /root/.embedded-cassandra/cassandra/3.11.2/apache-cassandra-3.11.2-bin.tar.gz : extract apache-cassandra-3.11.2/lib/metrics-jvm-3.1.0.jar
2018-06-24 20:02:04 [main] INFO  c.g.n.e.c.CassandraStarterTests - Extract /root/.embedded-cassandra/cassandra/3.11.2/apache-cassandra-3.11.2-bin.tar.gz : extract apache-cassandra-3.11.2/lib/metrics-logback-3.1.0.jar
2018-06-24 20:02:04 [main] INFO  c.g.n.e.c.CassandraStarterTests - Extract /root/.embedded-cassandra/cassandra/3.11.2/apache-cassandra-3.11.2-bin.tar.gz : extract apache-cassandra-3.11.2/lib/netty-all-4.0.44.Final.jar
2018-06-24 20:02:04 [main] INFO  c.g.n.e.c.CassandraStarterTests - Extract /root/.embedded-cassandra/cassandra/3.11.2/apache-cassandra-3.11.2-bin.tar.gz : extract apache-cassandra-3.11.2/lib/ohc-core-0.4.4.jar
2018-06-24 20:02:04 [main] INFO  c.g.n.e.c.CassandraStarterTests - Extract /root/.embedded-cassandra/cassandra/3.11.2/apache-cassandra-3.11.2-bin.tar.gz : extract apache-cassandra-3.11.2/lib/ohc-core-j8-0.4.4.jar
2018-06-24 20:02:04 [main] INFO  c.g.n.e.c.CassandraStarterTests - Extract /root/.embedded-cassandra/cassandra/3.11.2/apache-cassandra-3.11.2-bin.tar.gz : extract apache-cassandra-3.11.2/lib/reporter-config-base-3.0.3.jar
2018-06-24 20:02:04 [main] INFO  c.g.n.e.c.CassandraStarterTests - Extract /root/.embedded-cassandra/cassandra/3.11.2/apache-cassandra-3.11.2-bin.tar.gz : extract apache-cassandra-3.11.2/lib/reporter-config3-3.0.3.jar
2018-06-24 20:02:04 [main] INFO  c.g.n.e.c.CassandraStarterTests - Extract /root/.embedded-cassandra/cassandra/3.11.2/apache-cassandra-3.11.2-bin.tar.gz : extract apache-cassandra-3.11.2/lib/sigar-1.6.4.jar
2018-06-24 20:02:04 [main] INFO  c.g.n.e.c.CassandraStarterTests - Extract /root/.embedded-cassandra/cassandra/3.11.2/apache-cassandra-3.11.2-bin.tar.gz : extract apache-cassandra-3.11.2/lib/sigar-bin/libsigar-amd64-freebsd-6.so
2018-06-24 20:02:04 [main] INFO  c.g.n.e.c.CassandraStarterTests - Extract /root/.embedded-cassandra/cassandra/3.11.2/apache-cassandra-3.11.2-bin.tar.gz : extract apache-cassandra-3.11.2/lib/sigar-bin/libsigar-amd64-linux.so
2018-06-24 20:02:04 [main] INFO  c.g.n.e.c.CassandraStarterTests - Extract /root/.embedded-cassandra/cassandra/3.11.2/apache-cassandra-3.11.2-bin.tar.gz : extract apache-cassandra-3.11.2/lib/sigar-bin/libsigar-amd64-solaris.so
2018-06-24 20:02:04 [main] INFO  c.g.n.e.c.CassandraStarterTests - Extract /root/.embedded-cassandra/cassandra/3.11.2/apache-cassandra-3.11.2-bin.tar.gz : extract apache-cassandra-3.11.2/lib/sigar-bin/libsigar-ia64-hpux-11.sl
2018-06-24 20:02:04 [main] INFO  c.g.n.e.c.CassandraStarterTests - Extract /root/.embedded-cassandra/cassandra/3.11.2/apache-cassandra-3.11.2-bin.tar.gz : extract apache-cassandra-3.11.2/lib/sigar-bin/libsigar-ia64-linux.so
2018-06-24 20:02:04 [main] INFO  c.g.n.e.c.CassandraStarterTests - Extract /root/.embedded-cassandra/cassandra/3.11.2/apache-cassandra-3.11.2-bin.tar.gz : extract apache-cassandra-3.11.2/lib/sigar-bin/libsigar-pa-hpux-11.sl
2018-06-24 20:02:04 [main] INFO  c.g.n.e.c.CassandraStarterTests - Extract /root/.embedded-cassandra/cassandra/3.11.2/apache-cassandra-3.11.2-bin.tar.gz : extract apache-cassandra-3.11.2/lib/sigar-bin/libsigar-ppc-aix-5.so
2018-06-24 20:02:04 [main] INFO  c.g.n.e.c.CassandraStarterTests - Extract /root/.embedded-cassandra/cassandra/3.11.2/apache-cassandra-3.11.2-bin.tar.gz : extract apache-cassandra-3.11.2/lib/sigar-bin/libsigar-ppc-linux.so
2018-06-24 20:02:04 [main] INFO  c.g.n.e.c.CassandraStarterTests - Extract /root/.embedded-cassandra/cassandra/3.11.2/apache-cassandra-3.11.2-bin.tar.gz : extract apache-cassandra-3.11.2/lib/sigar-bin/libsigar-ppc64-aix-5.so
2018-06-24 20:02:04 [main] INFO  c.g.n.e.c.CassandraStarterTests - Extract /root/.embedded-cassandra/cassandra/3.11.2/apache-cassandra-3.11.2-bin.tar.gz : extract apache-cassandra-3.11.2/lib/sigar-bin/libsigar-ppc64-linux.so
2018-06-24 20:02:04 [main] INFO  c.g.n.e.c.CassandraStarterTests - Extract /root/.embedded-cassandra/cassandra/3.11.2/apache-cassandra-3.11.2-bin.tar.gz : extract apache-cassandra-3.11.2/lib/sigar-bin/libsigar-s390x-linux.so
2018-06-24 20:02:04 [main] INFO  c.g.n.e.c.CassandraStarterTests - Extract /root/.embedded-cassandra/cassandra/3.11.2/apache-cassandra-3.11.2-bin.tar.gz : extract apache-cassandra-3.11.2/lib/sigar-bin/libsigar-sparc-solaris.so
2018-06-24 20:02:04 [main] INFO  c.g.n.e.c.CassandraStarterTests - Extract /root/.embedded-cassandra/cassandra/3.11.2/apache-cassandra-3.11.2-bin.tar.gz : extract apache-cassandra-3.11.2/lib/sigar-bin/libsigar-sparc64-solaris.so
2018-06-24 20:02:04 [main] INFO  c.g.n.e.c.CassandraStarterTests - Extract /root/.embedded-cassandra/cassandra/3.11.2/apache-cassandra-3.11.2-bin.tar.gz : extract apache-cassandra-3.11.2/lib/sigar-bin/libsigar-universal-macosx.dylib
2018-06-24 20:02:04 [main] INFO  c.g.n.e.c.CassandraStarterTests - Extract /root/.embedded-cassandra/cassandra/3.11.2/apache-cassandra-3.11.2-bin.tar.gz : extract apache-cassandra-3.11.2/lib/sigar-bin/libsigar-universal64-macosx.dylib
2018-06-24 20:02:04 [main] INFO  c.g.n.e.c.CassandraStarterTests - Extract /root/.embedded-cassandra/cassandra/3.11.2/apache-cassandra-3.11.2-bin.tar.gz : extract apache-cassandra-3.11.2/lib/sigar-bin/libsigar-x86-freebsd-5.so
2018-06-24 20:02:04 [main] INFO  c.g.n.e.c.CassandraStarterTests - Extract /root/.embedded-cassandra/cassandra/3.11.2/apache-cassandra-3.11.2-bin.tar.gz : extract apache-cassandra-3.11.2/lib/sigar-bin/libsigar-x86-freebsd-6.so
2018-06-24 20:02:04 [main] INFO  c.g.n.e.c.CassandraStarterTests - Extract /root/.embedded-cassandra/cassandra/3.11.2/apache-cassandra-3.11.2-bin.tar.gz : extract apache-cassandra-3.11.2/lib/sigar-bin/libsigar-x86-linux.so
2018-06-24 20:02:04 [main] INFO  c.g.n.e.c.CassandraStarterTests - Extract /root/.embedded-cassandra/cassandra/3.11.2/apache-cassandra-3.11.2-bin.tar.gz : extract apache-cassandra-3.11.2/lib/sigar-bin/libsigar-x86-solaris.so
2018-06-24 20:02:04 [main] INFO  c.g.n.e.c.CassandraStarterTests - Extract /root/.embedded-cassandra/cassandra/3.11.2/apache-cassandra-3.11.2-bin.tar.gz : extract apache-cassandra-3.11.2/lib/sigar-bin/sigar-amd64-winnt.dll
2018-06-24 20:02:04 [main] INFO  c.g.n.e.c.CassandraStarterTests - Extract /root/.embedded-cassandra/cassandra/3.11.2/apache-cassandra-3.11.2-bin.tar.gz : extract apache-cassandra-3.11.2/lib/sigar-bin/sigar-x86-winnt.dll
2018-06-24 20:02:04 [main] INFO  c.g.n.e.c.CassandraStarterTests - Extract /root/.embedded-cassandra/cassandra/3.11.2/apache-cassandra-3.11.2-bin.tar.gz : extract apache-cassandra-3.11.2/lib/sigar-bin/sigar-x86-winnt.lib
2018-06-24 20:02:04 [main] INFO  c.g.n.e.c.CassandraStarterTests - Extract /root/.embedded-cassandra/cassandra/3.11.2/apache-cassandra-3.11.2-bin.tar.gz : extract apache-cassandra-3.11.2/lib/six-1.7.3-py2.py3-none-any.zip
2018-06-24 20:02:04 [main] INFO  c.g.n.e.c.CassandraStarterTests - Extract /root/.embedded-cassandra/cassandra/3.11.2/apache-cassandra-3.11.2-bin.tar.gz : extract apache-cassandra-3.11.2/lib/slf4j-api-1.7.7.jar
2018-06-24 20:02:04 [main] INFO  c.g.n.e.c.CassandraStarterTests - Extract /root/.embedded-cassandra/cassandra/3.11.2/apache-cassandra-3.11.2-bin.tar.gz : extract apache-cassandra-3.11.2/lib/snakeyaml-1.11.jar
2018-06-24 20:02:04 [main] INFO  c.g.n.e.c.CassandraStarterTests - Extract /root/.embedded-cassandra/cassandra/3.11.2/apache-cassandra-3.11.2-bin.tar.gz : extract apache-cassandra-3.11.2/lib/snappy-java-1.1.1.7.jar
2018-06-24 20:02:04 [main] INFO  c.g.n.e.c.CassandraStarterTests - Extract /root/.embedded-cassandra/cassandra/3.11.2/apache-cassandra-3.11.2-bin.tar.gz : extract apache-cassandra-3.11.2/lib/snowball-stemmer-1.3.0.581.1.jar
2018-06-24 20:02:04 [main] INFO  c.g.n.e.c.CassandraStarterTests - Extract /root/.embedded-cassandra/cassandra/3.11.2/apache-cassandra-3.11.2-bin.tar.gz : extract apache-cassandra-3.11.2/lib/stream-2.5.2.jar
2018-06-24 20:02:04 [main] INFO  c.g.n.e.c.CassandraStarterTests - Extract /root/.embedded-cassandra/cassandra/3.11.2/apache-cassandra-3.11.2-bin.tar.gz : extract apache-cassandra-3.11.2/lib/thrift-server-0.3.7.jar
2018-06-24 20:02:04 [main] INFO  c.g.n.e.c.CassandraStarterTests - Extract /root/.embedded-cassandra/cassandra/3.11.2/apache-cassandra-3.11.2-bin.tar.gz : extract apache-cassandra-3.11.2/pylib/cqlshlib/__init__.py
2018-06-24 20:02:04 [main] INFO  c.g.n.e.c.CassandraStarterTests - Extract /root/.embedded-cassandra/cassandra/3.11.2/apache-cassandra-3.11.2-bin.tar.gz : extract apache-cassandra-3.11.2/pylib/cqlshlib/copyutil.py
2018-06-24 20:02:04 [main] INFO  c.g.n.e.c.CassandraStarterTests - Extract /root/.embedded-cassandra/cassandra/3.11.2/apache-cassandra-3.11.2-bin.tar.gz : extract apache-cassandra-3.11.2/pylib/cqlshlib/cql3handling.py
2018-06-24 20:02:04 [main] INFO  c.g.n.e.c.CassandraStarterTests - Extract /root/.embedded-cassandra/cassandra/3.11.2/apache-cassandra-3.11.2-bin.tar.gz : extract apache-cassandra-3.11.2/pylib/cqlshlib/cqlhandling.py
2018-06-24 20:02:04 [main] INFO  c.g.n.e.c.CassandraStarterTests - Extract /root/.embedded-cassandra/cassandra/3.11.2/apache-cassandra-3.11.2-bin.tar.gz : extract apache-cassandra-3.11.2/pylib/cqlshlib/cqlshhandling.py
2018-06-24 20:02:04 [main] INFO  c.g.n.e.c.CassandraStarterTests - Extract /root/.embedded-cassandra/cassandra/3.11.2/apache-cassandra-3.11.2-bin.tar.gz : extract apache-cassandra-3.11.2/pylib/cqlshlib/displaying.py
2018-06-24 20:02:04 [main] INFO  c.g.n.e.c.CassandraStarterTests - Extract /root/.embedded-cassandra/cassandra/3.11.2/apache-cassandra-3.11.2-bin.tar.gz : extract apache-cassandra-3.11.2/pylib/cqlshlib/formatting.py
2018-06-24 20:02:04 [main] INFO  c.g.n.e.c.CassandraStarterTests - Extract /root/.embedded-cassandra/cassandra/3.11.2/apache-cassandra-3.11.2-bin.tar.gz : extract apache-cassandra-3.11.2/pylib/cqlshlib/helptopics.py
2018-06-24 20:02:04 [main] INFO  c.g.n.e.c.CassandraStarterTests - Extract /root/.embedded-cassandra/cassandra/3.11.2/apache-cassandra-3.11.2-bin.tar.gz : extract apache-cassandra-3.11.2/pylib/cqlshlib/pylexotron.py
2018-06-24 20:02:04 [main] INFO  c.g.n.e.c.CassandraStarterTests - Extract /root/.embedded-cassandra/cassandra/3.11.2/apache-cassandra-3.11.2-bin.tar.gz : extract apache-cassandra-3.11.2/pylib/cqlshlib/saferscanner.py
2018-06-24 20:02:04 [main] INFO  c.g.n.e.c.CassandraStarterTests - Extract /root/.embedded-cassandra/cassandra/3.11.2/apache-cassandra-3.11.2-bin.tar.gz : extract apache-cassandra-3.11.2/pylib/cqlshlib/sslhandling.py
2018-06-24 20:02:04 [main] INFO  c.g.n.e.c.CassandraStarterTests - Extract /root/.embedded-cassandra/cassandra/3.11.2/apache-cassandra-3.11.2-bin.tar.gz : extract apache-cassandra-3.11.2/pylib/cqlshlib/test/__init__.py
2018-06-24 20:02:04 [main] INFO  c.g.n.e.c.CassandraStarterTests - Extract /root/.embedded-cassandra/cassandra/3.11.2/apache-cassandra-3.11.2-bin.tar.gz : extract apache-cassandra-3.11.2/pylib/cqlshlib/test/ansi_colors.py
2018-06-24 20:02:04 [main] INFO  c.g.n.e.c.CassandraStarterTests - Extract /root/.embedded-cassandra/cassandra/3.11.2/apache-cassandra-3.11.2-bin.tar.gz : extract apache-cassandra-3.11.2/pylib/cqlshlib/test/basecase.py
2018-06-24 20:02:04 [main] INFO  c.g.n.e.c.CassandraStarterTests - Extract /root/.embedded-cassandra/cassandra/3.11.2/apache-cassandra-3.11.2-bin.tar.gz : extract apache-cassandra-3.11.2/pylib/cqlshlib/test/cassconnect.py
2018-06-24 20:02:04 [main] INFO  c.g.n.e.c.CassandraStarterTests - Extract /root/.embedded-cassandra/cassandra/3.11.2/apache-cassandra-3.11.2-bin.tar.gz : extract apache-cassandra-3.11.2/pylib/cqlshlib/test/run_cqlsh.py
2018-06-24 20:02:04 [main] INFO  c.g.n.e.c.CassandraStarterTests - Extract /root/.embedded-cassandra/cassandra/3.11.2/apache-cassandra-3.11.2-bin.tar.gz : extract apache-cassandra-3.11.2/pylib/cqlshlib/test/test_cql_parsing.py
2018-06-24 20:02:04 [main] INFO  c.g.n.e.c.CassandraStarterTests - Extract /root/.embedded-cassandra/cassandra/3.11.2/apache-cassandra-3.11.2-bin.tar.gz : extract apache-cassandra-3.11.2/pylib/cqlshlib/test/test_cqlsh_commands.py
2018-06-24 20:02:04 [main] INFO  c.g.n.e.c.CassandraStarterTests - Extract /root/.embedded-cassandra/cassandra/3.11.2/apache-cassandra-3.11.2-bin.tar.gz : extract apache-cassandra-3.11.2/pylib/cqlshlib/test/test_cqlsh_completion.py
2018-06-24 20:02:04 [main] INFO  c.g.n.e.c.CassandraStarterTests - Extract /root/.embedded-cassandra/cassandra/3.11.2/apache-cassandra-3.11.2-bin.tar.gz : extract apache-cassandra-3.11.2/pylib/cqlshlib/test/test_cqlsh_invocation.py
2018-06-24 20:02:04 [main] INFO  c.g.n.e.c.CassandraStarterTests - Extract /root/.embedded-cassandra/cassandra/3.11.2/apache-cassandra-3.11.2-bin.tar.gz : extract apache-cassandra-3.11.2/pylib/cqlshlib/test/test_cqlsh_output.py
2018-06-24 20:02:04 [main] INFO  c.g.n.e.c.CassandraStarterTests - Extract /root/.embedded-cassandra/cassandra/3.11.2/apache-cassandra-3.11.2-bin.tar.gz : extract apache-cassandra-3.11.2/pylib/cqlshlib/test/test_cqlsh_parsing.py
2018-06-24 20:02:04 [main] INFO  c.g.n.e.c.CassandraStarterTests - Extract /root/.embedded-cassandra/cassandra/3.11.2/apache-cassandra-3.11.2-bin.tar.gz : extract apache-cassandra-3.11.2/pylib/cqlshlib/test/test_keyspace_init.cql
2018-06-24 20:02:04 [main] INFO  c.g.n.e.c.CassandraStarterTests - Extract /root/.embedded-cassandra/cassandra/3.11.2/apache-cassandra-3.11.2-bin.tar.gz : extract apache-cassandra-3.11.2/pylib/cqlshlib/test/winpty.py
2018-06-24 20:02:04 [main] INFO  c.g.n.e.c.CassandraStarterTests - Extract /root/.embedded-cassandra/cassandra/3.11.2/apache-cassandra-3.11.2-bin.tar.gz : extract apache-cassandra-3.11.2/pylib/cqlshlib/tracing.py
2018-06-24 20:02:04 [main] INFO  c.g.n.e.c.CassandraStarterTests - Extract /root/.embedded-cassandra/cassandra/3.11.2/apache-cassandra-3.11.2-bin.tar.gz : extract apache-cassandra-3.11.2/pylib/cqlshlib/util.py
2018-06-24 20:02:04 [main] INFO  c.g.n.e.c.CassandraStarterTests - Extract /root/.embedded-cassandra/cassandra/3.11.2/apache-cassandra-3.11.2-bin.tar.gz : extract apache-cassandra-3.11.2/pylib/cqlshlib/wcwidth.py
2018-06-24 20:02:04 [main] INFO  c.g.n.e.c.CassandraStarterTests - Extract /root/.embedded-cassandra/cassandra/3.11.2/apache-cassandra-3.11.2-bin.tar.gz : extract apache-cassandra-3.11.2/pylib/setup.py
2018-06-24 20:02:04 [main] INFO  c.g.n.e.c.CassandraStarterTests - Extract /root/.embedded-cassandra/cassandra/3.11.2/apache-cassandra-3.11.2-bin.tar.gz : extract apache-cassandra-3.11.2/tools/bin/cassandra-stress
2018-06-24 20:02:04 [main] INFO  c.g.n.e.c.CassandraStarterTests - Extract /root/.embedded-cassandra/cassandra/3.11.2/apache-cassandra-3.11.2-bin.tar.gz : extract apache-cassandra-3.11.2/tools/bin/cassandra-stress.bat
2018-06-24 20:02:04 [main] INFO  c.g.n.e.c.CassandraStarterTests - Extract /root/.embedded-cassandra/cassandra/3.11.2/apache-cassandra-3.11.2-bin.tar.gz : extract apache-cassandra-3.11.2/tools/bin/cassandra-stressd
2018-06-24 20:02:04 [main] INFO  c.g.n.e.c.CassandraStarterTests - Extract /root/.embedded-cassandra/cassandra/3.11.2/apache-cassandra-3.11.2-bin.tar.gz : extract apache-cassandra-3.11.2/tools/bin/cassandra.in.bat
2018-06-24 20:02:04 [main] INFO  c.g.n.e.c.CassandraStarterTests - Extract /root/.embedded-cassandra/cassandra/3.11.2/apache-cassandra-3.11.2-bin.tar.gz : extract apache-cassandra-3.11.2/tools/bin/cassandra.in.sh
2018-06-24 20:02:04 [main] INFO  c.g.n.e.c.CassandraStarterTests - Extract /root/.embedded-cassandra/cassandra/3.11.2/apache-cassandra-3.11.2-bin.tar.gz : extract apache-cassandra-3.11.2/tools/bin/compaction-stress
2018-06-24 20:02:04 [main] INFO  c.g.n.e.c.CassandraStarterTests - Extract /root/.embedded-cassandra/cassandra/3.11.2/apache-cassandra-3.11.2-bin.tar.gz : extract apache-cassandra-3.11.2/tools/bin/sstabledump
2018-06-24 20:02:04 [main] INFO  c.g.n.e.c.CassandraStarterTests - Extract /root/.embedded-cassandra/cassandra/3.11.2/apache-cassandra-3.11.2-bin.tar.gz : extract apache-cassandra-3.11.2/tools/bin/sstabledump.bat
2018-06-24 20:02:04 [main] INFO  c.g.n.e.c.CassandraStarterTests - Extract /root/.embedded-cassandra/cassandra/3.11.2/apache-cassandra-3.11.2-bin.tar.gz : extract apache-cassandra-3.11.2/tools/bin/sstableexpiredblockers
2018-06-24 20:02:04 [main] INFO  c.g.n.e.c.CassandraStarterTests - Extract /root/.embedded-cassandra/cassandra/3.11.2/apache-cassandra-3.11.2-bin.tar.gz : extract apache-cassandra-3.11.2/tools/bin/sstableexpiredblockers.bat
2018-06-24 20:02:04 [main] INFO  c.g.n.e.c.CassandraStarterTests - Extract /root/.embedded-cassandra/cassandra/3.11.2/apache-cassandra-3.11.2-bin.tar.gz : extract apache-cassandra-3.11.2/tools/bin/sstablelevelreset
2018-06-24 20:02:04 [main] INFO  c.g.n.e.c.CassandraStarterTests - Extract /root/.embedded-cassandra/cassandra/3.11.2/apache-cassandra-3.11.2-bin.tar.gz : extract apache-cassandra-3.11.2/tools/bin/sstablelevelreset.bat
2018-06-24 20:02:04 [main] INFO  c.g.n.e.c.CassandraStarterTests - Extract /root/.embedded-cassandra/cassandra/3.11.2/apache-cassandra-3.11.2-bin.tar.gz : extract apache-cassandra-3.11.2/tools/bin/sstablemetadata
2018-06-24 20:02:04 [main] INFO  c.g.n.e.c.CassandraStarterTests - Extract /root/.embedded-cassandra/cassandra/3.11.2/apache-cassandra-3.11.2-bin.tar.gz : extract apache-cassandra-3.11.2/tools/bin/sstablemetadata.bat
2018-06-24 20:02:04 [main] INFO  c.g.n.e.c.CassandraStarterTests - Extract /root/.embedded-cassandra/cassandra/3.11.2/apache-cassandra-3.11.2-bin.tar.gz : extract apache-cassandra-3.11.2/tools/bin/sstableofflinerelevel
2018-06-24 20:02:04 [main] INFO  c.g.n.e.c.CassandraStarterTests - Extract /root/.embedded-cassandra/cassandra/3.11.2/apache-cassandra-3.11.2-bin.tar.gz : extract apache-cassandra-3.11.2/tools/bin/sstableofflinerelevel.bat
2018-06-24 20:02:04 [main] INFO  c.g.n.e.c.CassandraStarterTests - Extract /root/.embedded-cassandra/cassandra/3.11.2/apache-cassandra-3.11.2-bin.tar.gz : extract apache-cassandra-3.11.2/tools/bin/sstablerepairedset
2018-06-24 20:02:04 [main] INFO  c.g.n.e.c.CassandraStarterTests - Extract /root/.embedded-cassandra/cassandra/3.11.2/apache-cassandra-3.11.2-bin.tar.gz : extract apache-cassandra-3.11.2/tools/bin/sstablerepairedset.bat
2018-06-24 20:02:04 [main] INFO  c.g.n.e.c.CassandraStarterTests - Extract /root/.embedded-cassandra/cassandra/3.11.2/apache-cassandra-3.11.2-bin.tar.gz : extract apache-cassandra-3.11.2/tools/bin/sstablesplit
2018-06-24 20:02:04 [main] INFO  c.g.n.e.c.CassandraStarterTests - Extract /root/.embedded-cassandra/cassandra/3.11.2/apache-cassandra-3.11.2-bin.tar.gz : extract apache-cassandra-3.11.2/tools/bin/sstablesplit.bat
2018-06-24 20:02:05 [main] INFO  c.g.n.e.c.CassandraStarterTests - Extract /root/.embedded-cassandra/cassandra/3.11.2/apache-cassandra-3.11.2-bin.tar.gz : extract apache-cassandra-3.11.2/tools/cqlstress-counter-example.yaml
2018-06-24 20:02:05 [main] INFO  c.g.n.e.c.CassandraStarterTests - Extract /root/.embedded-cassandra/cassandra/3.11.2/apache-cassandra-3.11.2-bin.tar.gz : extract apache-cassandra-3.11.2/tools/cqlstress-example.yaml
2018-06-24 20:02:05 [main] INFO  c.g.n.e.c.CassandraStarterTests - Extract /root/.embedded-cassandra/cassandra/3.11.2/apache-cassandra-3.11.2-bin.tar.gz : extract apache-cassandra-3.11.2/tools/cqlstress-insanity-example.yaml
2018-06-24 20:02:05 [main] INFO  c.g.n.e.c.CassandraStarterTests - Extract /root/.embedded-cassandra/cassandra/3.11.2/apache-cassandra-3.11.2-bin.tar.gz : extract apache-cassandra-3.11.2/tools/lib/stress.jar
2018-06-24 20:02:05 [main] INFO  c.g.n.e.c.CassandraStarterTests - Extract /root/.embedded-cassandra/cassandra/3.11.2/apache-cassandra-3.11.2-bin.tar.gz : extract apache-cassandra-3.11.2/bin/cassandra.in.sh
2018-06-24 20:02:05 [main] INFO  c.g.n.e.c.CassandraStarterTests - Extract /root/.embedded-cassandra/cassandra/3.11.2/apache-cassandra-3.11.2-bin.tar.gz : extract apache-cassandra-3.11.2/bin/cassandra
2018-06-24 20:02:05 [main] INFO  c.g.n.e.c.CassandraStarterTests - Extract /root/.embedded-cassandra/cassandra/3.11.2/apache-cassandra-3.11.2-bin.tar.gz : extract apache-cassandra-3.11.2/bin/cassandra.bat
2018-06-24 20:02:05 [main] INFO  c.g.n.e.c.CassandraStarterTests - Extract /root/.embedded-cassandra/cassandra/3.11.2/apache-cassandra-3.11.2-bin.tar.gz : extract apache-cassandra-3.11.2/bin/cassandra.in.bat
2018-06-24 20:02:05 [main] INFO  c.g.n.e.c.CassandraStarterTests - Extract /root/.embedded-cassandra/cassandra/3.11.2/apache-cassandra-3.11.2-bin.tar.gz : extract apache-cassandra-3.11.2/bin/cqlsh
2018-06-24 20:02:05 [main] INFO  c.g.n.e.c.CassandraStarterTests - Extract /root/.embedded-cassandra/cassandra/3.11.2/apache-cassandra-3.11.2-bin.tar.gz : extract apache-cassandra-3.11.2/bin/cqlsh.bat
2018-06-24 20:02:05 [main] INFO  c.g.n.e.c.CassandraStarterTests - Extract /root/.embedded-cassandra/cassandra/3.11.2/apache-cassandra-3.11.2-bin.tar.gz : extract apache-cassandra-3.11.2/bin/cqlsh.py
2018-06-24 20:02:05 [main] INFO  c.g.n.e.c.CassandraStarterTests - Extract /root/.embedded-cassandra/cassandra/3.11.2/apache-cassandra-3.11.2-bin.tar.gz : extract apache-cassandra-3.11.2/bin/debug-cql
2018-06-24 20:02:05 [main] INFO  c.g.n.e.c.CassandraStarterTests - Extract /root/.embedded-cassandra/cassandra/3.11.2/apache-cassandra-3.11.2-bin.tar.gz : extract apache-cassandra-3.11.2/bin/debug-cql.bat
2018-06-24 20:02:05 [main] INFO  c.g.n.e.c.CassandraStarterTests - Extract /root/.embedded-cassandra/cassandra/3.11.2/apache-cassandra-3.11.2-bin.tar.gz : extract apache-cassandra-3.11.2/bin/nodetool
2018-06-24 20:02:05 [main] INFO  c.g.n.e.c.CassandraStarterTests - Extract /root/.embedded-cassandra/cassandra/3.11.2/apache-cassandra-3.11.2-bin.tar.gz : extract apache-cassandra-3.11.2/bin/nodetool.bat
2018-06-24 20:02:05 [main] INFO  c.g.n.e.c.CassandraStarterTests - Extract /root/.embedded-cassandra/cassandra/3.11.2/apache-cassandra-3.11.2-bin.tar.gz : extract apache-cassandra-3.11.2/bin/source-conf.ps1
2018-06-24 20:02:05 [main] INFO  c.g.n.e.c.CassandraStarterTests - Extract /root/.embedded-cassandra/cassandra/3.11.2/apache-cassandra-3.11.2-bin.tar.gz : extract apache-cassandra-3.11.2/bin/sstableloader
2018-06-24 20:02:05 [main] INFO  c.g.n.e.c.CassandraStarterTests - Extract /root/.embedded-cassandra/cassandra/3.11.2/apache-cassandra-3.11.2-bin.tar.gz : extract apache-cassandra-3.11.2/bin/sstableloader.bat
2018-06-24 20:02:05 [main] INFO  c.g.n.e.c.CassandraStarterTests - Extract /root/.embedded-cassandra/cassandra/3.11.2/apache-cassandra-3.11.2-bin.tar.gz : extract apache-cassandra-3.11.2/bin/sstablescrub
2018-06-24 20:02:05 [main] INFO  c.g.n.e.c.CassandraStarterTests - Extract /root/.embedded-cassandra/cassandra/3.11.2/apache-cassandra-3.11.2-bin.tar.gz : extract apache-cassandra-3.11.2/bin/sstablescrub.bat
2018-06-24 20:02:05 [main] INFO  c.g.n.e.c.CassandraStarterTests - Extract /root/.embedded-cassandra/cassandra/3.11.2/apache-cassandra-3.11.2-bin.tar.gz : extract apache-cassandra-3.11.2/bin/sstableupgrade
2018-06-24 20:02:05 [main] INFO  c.g.n.e.c.CassandraStarterTests - Extract /root/.embedded-cassandra/cassandra/3.11.2/apache-cassandra-3.11.2-bin.tar.gz : extract apache-cassandra-3.11.2/bin/sstableupgrade.bat
2018-06-24 20:02:05 [main] INFO  c.g.n.e.c.CassandraStarterTests - Extract /root/.embedded-cassandra/cassandra/3.11.2/apache-cassandra-3.11.2-bin.tar.gz : extract apache-cassandra-3.11.2/bin/sstableutil
2018-06-24 20:02:05 [main] INFO  c.g.n.e.c.CassandraStarterTests - Extract /root/.embedded-cassandra/cassandra/3.11.2/apache-cassandra-3.11.2-bin.tar.gz : extract apache-cassandra-3.11.2/bin/sstableutil.bat
2018-06-24 20:02:05 [main] INFO  c.g.n.e.c.CassandraStarterTests - Extract /root/.embedded-cassandra/cassandra/3.11.2/apache-cassandra-3.11.2-bin.tar.gz : extract apache-cassandra-3.11.2/bin/sstableverify
2018-06-24 20:02:05 [main] INFO  c.g.n.e.c.CassandraStarterTests - Extract /root/.embedded-cassandra/cassandra/3.11.2/apache-cassandra-3.11.2-bin.tar.gz : extract apache-cassandra-3.11.2/bin/sstableverify.bat
2018-06-24 20:02:05 [main] INFO  c.g.n.e.c.CassandraStarterTests - Extract /root/.embedded-cassandra/cassandra/3.11.2/apache-cassandra-3.11.2-bin.tar.gz : extract apache-cassandra-3.11.2/bin/stop-server
2018-06-24 20:02:05 [main] INFO  c.g.n.e.c.CassandraStarterTests - Extract /root/.embedded-cassandra/cassandra/3.11.2/apache-cassandra-3.11.2-bin.tar.gz : extract apache-cassandra-3.11.2/bin/stop-server.bat
2018-06-24 20:02:05 [main] INFO  c.g.n.e.c.CassandraStarterTests - Extract /root/.embedded-cassandra/cassandra/3.11.2/apache-cassandra-3.11.2-bin.tar.gz : extract apache-cassandra-3.11.2/bin/stop-server.ps1
2018-06-24 20:02:05 [main] INFO  c.g.n.e.c.CassandraStarterTests - Extract /root/.embedded-cassandra/cassandra/3.11.2/apache-cassandra-3.11.2-bin.tar.gz : finished
2018-06-24 20:02:05 [main] INFO  c.g.n.e.cassandra.CassandraProcess - Starting the new cassandra server using directory '/tmp/temp--7e834591-32d3-4a24-85cb-03b5c1a0cde7' with arguments [/tmp/temp--7e834591-32d3-4a24-85cb-03b5c1a0cde7/apache-cassandra-3.11.2/bin/cassandra, -f, -Dcassandra.config=file:////tmp/temp--7e834591-32d3-4a24-85cb-03b5c1a0cde7/cassandra-ce69c794-8bba-4e37-b3ab-105bcb8148c0.yaml]
2018-06-24 20:02:05 [Thread-12] INFO  c.g.n.e.c.CassandraStarterTests - Running Cassandra as root user or group is not recommended - please start Cassandra using a different system user.
2018-06-24 20:02:05 [Thread-12] INFO  c.g.n.e.c.CassandraStarterTests - If you really want to force running Cassandra as root, use -R command line option.
2018-06-24 20:02:05 [main] ERROR d.f.e.p.runtime.AbstractProcess - failed to call onAfterProcessStart()
java.io.IOException: Could not start process. <EOF>
	at com.github.nosan.embedded.cassandra.CassandraProcess.onAfterProcessStart(CassandraProcess.java:123)
	at de.flapdoodle.embed.process.runtime.AbstractProcess.<init>(AbstractProcess.java:116)
	at com.github.nosan.embedded.cassandra.CassandraProcess.<init>(CassandraProcess.java:72)
	at com.github.nosan.embedded.cassandra.CassandraExecutable.start(CassandraExecutable.java:42)
	at com.github.nosan.embedded.cassandra.CassandraExecutable.start(CassandraExecutable.java:32)
	at de.flapdoodle.embed.process.runtime.Executable.start(Executable.java:108)
	at com.github.nosan.embedded.cassandra.CassandraStarterTests.start(CassandraStarterTests.java:138)
	at com.github.nosan.embedded.cassandra.CassandraStarterTests.start(CassandraStarterTests.java:129)
	at com.github.nosan.embedded.cassandra.CassandraStarterTests.disableTransport(CassandraStarterTests.java:124)
	at sun.reflect.NativeMethodAccessorImpl.invoke0(Native Method)
	at sun.reflect.NativeMethodAccessorImpl.invoke(NativeMethodAccessorImpl.java:62)
	at sun.reflect.DelegatingMethodAccessorImpl.invoke(DelegatingMethodAccessorImpl.java:43)
	at java.lang.reflect.Method.invoke(Method.java:498)
	at org.junit.runners.model.FrameworkMethod$1.runReflectiveCall(FrameworkMethod.java:50)
	at org.junit.internal.runners.model.ReflectiveCallable.run(ReflectiveCallable.java:12)
	at org.junit.runners.model.FrameworkMethod.invokeExplosively(FrameworkMethod.java:47)
	at org.junit.internal.runners.statements.InvokeMethod.evaluate(InvokeMethod.java:17)
	at org.junit.runners.ParentRunner.runLeaf(ParentRunner.java:325)
	at org.junit.runners.BlockJUnit4ClassRunner.runChild(BlockJUnit4ClassRunner.java:78)
	at org.junit.runners.BlockJUnit4ClassRunner.runChild(BlockJUnit4ClassRunner.java:57)
	at org.junit.runners.ParentRunner$3.run(ParentRunner.java:290)
	at org.junit.runners.ParentRunner$1.schedule(ParentRunner.java:71)
	at org.junit.runners.ParentRunner.runChildren(ParentRunner.java:288)
	at org.junit.runners.ParentRunner.access$000(ParentRunner.java:58)
	at org.junit.runners.ParentRunner$2.evaluate(ParentRunner.java:268)
	at org.junit.runners.ParentRunner.run(ParentRunner.java:363)
	at org.apache.maven.surefire.junit4.JUnit4Provider.execute(JUnit4Provider.java:365)
	at org.apache.maven.surefire.junit4.JUnit4Provider.executeWithRerun(JUnit4Provider.java:272)
	at org.apache.maven.surefire.junit4.JUnit4Provider.executeTestSet(JUnit4Provider.java:236)
	at org.apache.maven.surefire.junit4.JUnit4Provider.invoke(JUnit4Provider.java:159)
	at org.apache.maven.surefire.booter.ForkedBooter.invokeProviderInSameClassLoader(ForkedBooter.java:386)
	at org.apache.maven.surefire.booter.ForkedBooter.runSuitesInProcess(ForkedBooter.java:323)
	at org.apache.maven.surefire.booter.ForkedBooter.main(ForkedBooter.java:143)
2018-06-24 20:02:05 [main] INFO  d.f.e.p.runtime.AbstractProcess - construct com.github.nosan.embedded.cassandra.config.CassandraConfigBuilder$ImmutableCassandraConfig@7d322cad
]]></system-out>
  </testcase>
  <testcase name="timeout" classname="com.github.nosan.embedded.cassandra.CassandraStarterTests" time="2.492"/>
  <testcase name="rpcTransport" classname="com.github.nosan.embedded.cassandra.CassandraStarterTests" time="2.499">
    <error message="Could not start process. &lt;EOF&gt;" type="java.io.IOException"><![CDATA[java.io.IOException: Could not start process. <EOF>
	at com.github.nosan.embedded.cassandra.CassandraStarterTests.start(CassandraStarterTests.java:138)
	at com.github.nosan.embedded.cassandra.CassandraStarterTests.start(CassandraStarterTests.java:129)
	at com.github.nosan.embedded.cassandra.CassandraStarterTests.rpcTransport(CassandraStarterTests.java:113)
]]></error>
    <system-out><![CDATA[2018-06-24 20:02:07 [main] INFO  c.g.n.e.c.CassandraStarterTests - Extract /root/.embedded-cassandra/cassandra/3.11.2/apache-cassandra-3.11.2-bin.tar.gz : starting...
2018-06-24 20:02:07 [main] INFO  c.g.n.e.c.CassandraStarterTests - Extract /root/.embedded-cassandra/cassandra/3.11.2/apache-cassandra-3.11.2-bin.tar.gz : extract apache-cassandra-3.11.2/conf/cassandra-env.ps1
2018-06-24 20:02:07 [main] INFO  c.g.n.e.c.CassandraStarterTests - Extract /root/.embedded-cassandra/cassandra/3.11.2/apache-cassandra-3.11.2-bin.tar.gz : extract apache-cassandra-3.11.2/conf/cassandra-env.sh
2018-06-24 20:02:07 [main] INFO  c.g.n.e.c.CassandraStarterTests - Extract /root/.embedded-cassandra/cassandra/3.11.2/apache-cassandra-3.11.2-bin.tar.gz : extract apache-cassandra-3.11.2/conf/cassandra-jaas.config
2018-06-24 20:02:07 [main] INFO  c.g.n.e.c.CassandraStarterTests - Extract /root/.embedded-cassandra/cassandra/3.11.2/apache-cassandra-3.11.2-bin.tar.gz : extract apache-cassandra-3.11.2/conf/cassandra-rackdc.properties
2018-06-24 20:02:07 [main] INFO  c.g.n.e.c.CassandraStarterTests - Extract /root/.embedded-cassandra/cassandra/3.11.2/apache-cassandra-3.11.2-bin.tar.gz : extract apache-cassandra-3.11.2/conf/cassandra-topology.properties
2018-06-24 20:02:07 [main] INFO  c.g.n.e.c.CassandraStarterTests - Extract /root/.embedded-cassandra/cassandra/3.11.2/apache-cassandra-3.11.2-bin.tar.gz : extract apache-cassandra-3.11.2/conf/cassandra.yaml
2018-06-24 20:02:07 [main] INFO  c.g.n.e.c.CassandraStarterTests - Extract /root/.embedded-cassandra/cassandra/3.11.2/apache-cassandra-3.11.2-bin.tar.gz : extract apache-cassandra-3.11.2/conf/commitlog_archiving.properties
2018-06-24 20:02:07 [main] INFO  c.g.n.e.c.CassandraStarterTests - Extract /root/.embedded-cassandra/cassandra/3.11.2/apache-cassandra-3.11.2-bin.tar.gz : extract apache-cassandra-3.11.2/conf/cqlshrc.sample
2018-06-24 20:02:07 [main] INFO  c.g.n.e.c.CassandraStarterTests - Extract /root/.embedded-cassandra/cassandra/3.11.2/apache-cassandra-3.11.2-bin.tar.gz : extract apache-cassandra-3.11.2/conf/hotspot_compiler
2018-06-24 20:02:07 [main] INFO  c.g.n.e.c.CassandraStarterTests - Extract /root/.embedded-cassandra/cassandra/3.11.2/apache-cassandra-3.11.2-bin.tar.gz : extract apache-cassandra-3.11.2/conf/jvm.options
2018-06-24 20:02:07 [main] INFO  c.g.n.e.c.CassandraStarterTests - Extract /root/.embedded-cassandra/cassandra/3.11.2/apache-cassandra-3.11.2-bin.tar.gz : extract apache-cassandra-3.11.2/conf/logback-tools.xml
2018-06-24 20:02:07 [main] INFO  c.g.n.e.c.CassandraStarterTests - Extract /root/.embedded-cassandra/cassandra/3.11.2/apache-cassandra-3.11.2-bin.tar.gz : extract apache-cassandra-3.11.2/conf/logback.xml
2018-06-24 20:02:07 [main] INFO  c.g.n.e.c.CassandraStarterTests - Extract /root/.embedded-cassandra/cassandra/3.11.2/apache-cassandra-3.11.2-bin.tar.gz : extract apache-cassandra-3.11.2/conf/metrics-reporter-config-sample.yaml
2018-06-24 20:02:07 [main] INFO  c.g.n.e.c.CassandraStarterTests - Extract /root/.embedded-cassandra/cassandra/3.11.2/apache-cassandra-3.11.2-bin.tar.gz : extract apache-cassandra-3.11.2/conf/triggers/README.txt
2018-06-24 20:02:07 [main] INFO  c.g.n.e.c.CassandraStarterTests - Extract /root/.embedded-cassandra/cassandra/3.11.2/apache-cassandra-3.11.2-bin.tar.gz : extract apache-cassandra-3.11.2/interface/cassandra.thrift
2018-06-24 20:02:09 [main] INFO  c.g.n.e.c.CassandraStarterTests - Extract /root/.embedded-cassandra/cassandra/3.11.2/apache-cassandra-3.11.2-bin.tar.gz : extract apache-cassandra-3.11.2/lib/HdrHistogram-2.1.9.jar
2018-06-24 20:02:09 [main] INFO  c.g.n.e.c.CassandraStarterTests - Extract /root/.embedded-cassandra/cassandra/3.11.2/apache-cassandra-3.11.2-bin.tar.gz : extract apache-cassandra-3.11.2/lib/ST4-4.0.8.jar
2018-06-24 20:02:09 [main] INFO  c.g.n.e.c.CassandraStarterTests - Extract /root/.embedded-cassandra/cassandra/3.11.2/apache-cassandra-3.11.2-bin.tar.gz : extract apache-cassandra-3.11.2/lib/airline-0.6.jar
2018-06-24 20:02:09 [main] INFO  c.g.n.e.c.CassandraStarterTests - Extract /root/.embedded-cassandra/cassandra/3.11.2/apache-cassandra-3.11.2-bin.tar.gz : extract apache-cassandra-3.11.2/lib/antlr-runtime-3.5.2.jar
2018-06-24 20:02:09 [main] INFO  c.g.n.e.c.CassandraStarterTests - Extract /root/.embedded-cassandra/cassandra/3.11.2/apache-cassandra-3.11.2-bin.tar.gz : extract apache-cassandra-3.11.2/lib/apache-cassandra-3.11.2.jar
2018-06-24 20:02:09 [main] INFO  c.g.n.e.c.CassandraStarterTests - Extract /root/.embedded-cassandra/cassandra/3.11.2/apache-cassandra-3.11.2-bin.tar.gz : extract apache-cassandra-3.11.2/lib/apache-cassandra-thrift-3.11.2.jar
2018-06-24 20:02:09 [main] INFO  c.g.n.e.c.CassandraStarterTests - Extract /root/.embedded-cassandra/cassandra/3.11.2/apache-cassandra-3.11.2-bin.tar.gz : extract apache-cassandra-3.11.2/lib/asm-5.0.4.jar
2018-06-24 20:02:09 [main] INFO  c.g.n.e.c.CassandraStarterTests - Extract /root/.embedded-cassandra/cassandra/3.11.2/apache-cassandra-3.11.2-bin.tar.gz : extract apache-cassandra-3.11.2/lib/caffeine-2.2.6.jar
2018-06-24 20:02:09 [main] INFO  c.g.n.e.c.CassandraStarterTests - Extract /root/.embedded-cassandra/cassandra/3.11.2/apache-cassandra-3.11.2-bin.tar.gz : extract apache-cassandra-3.11.2/lib/cassandra-driver-core-3.0.1-shaded.jar
2018-06-24 20:02:09 [main] INFO  c.g.n.e.c.CassandraStarterTests - Extract /root/.embedded-cassandra/cassandra/3.11.2/apache-cassandra-3.11.2-bin.tar.gz : extract apache-cassandra-3.11.2/lib/cassandra-driver-internal-only-3.10.zip
2018-06-24 20:02:09 [main] INFO  c.g.n.e.c.CassandraStarterTests - Extract /root/.embedded-cassandra/cassandra/3.11.2/apache-cassandra-3.11.2-bin.tar.gz : extract apache-cassandra-3.11.2/lib/cassandra-driver-internal-only-3.11.0-bb96859b.zip
2018-06-24 20:02:09 [main] INFO  c.g.n.e.c.CassandraStarterTests - Extract /root/.embedded-cassandra/cassandra/3.11.2/apache-cassandra-3.11.2-bin.tar.gz : extract apache-cassandra-3.11.2/lib/commons-cli-1.1.jar
2018-06-24 20:02:09 [main] INFO  c.g.n.e.c.CassandraStarterTests - Extract /root/.embedded-cassandra/cassandra/3.11.2/apache-cassandra-3.11.2-bin.tar.gz : extract apache-cassandra-3.11.2/lib/commons-codec-1.9.jar
2018-06-24 20:02:09 [main] INFO  c.g.n.e.c.CassandraStarterTests - Extract /root/.embedded-cassandra/cassandra/3.11.2/apache-cassandra-3.11.2-bin.tar.gz : extract apache-cassandra-3.11.2/lib/commons-lang3-3.1.jar
2018-06-24 20:02:09 [main] INFO  c.g.n.e.c.CassandraStarterTests - Extract /root/.embedded-cassandra/cassandra/3.11.2/apache-cassandra-3.11.2-bin.tar.gz : extract apache-cassandra-3.11.2/lib/commons-math3-3.2.jar
2018-06-24 20:02:09 [main] INFO  c.g.n.e.c.CassandraStarterTests - Extract /root/.embedded-cassandra/cassandra/3.11.2/apache-cassandra-3.11.2-bin.tar.gz : extract apache-cassandra-3.11.2/lib/compress-lzf-0.8.4.jar
2018-06-24 20:02:09 [main] INFO  c.g.n.e.c.CassandraStarterTests - Extract /root/.embedded-cassandra/cassandra/3.11.2/apache-cassandra-3.11.2-bin.tar.gz : extract apache-cassandra-3.11.2/lib/concurrent-trees-2.4.0.jar
2018-06-24 20:02:09 [main] INFO  c.g.n.e.c.CassandraStarterTests - Extract /root/.embedded-cassandra/cassandra/3.11.2/apache-cassandra-3.11.2-bin.tar.gz : extract apache-cassandra-3.11.2/lib/concurrentlinkedhashmap-lru-1.4.jar
2018-06-24 20:02:09 [main] INFO  c.g.n.e.c.CassandraStarterTests - Extract /root/.embedded-cassandra/cassandra/3.11.2/apache-cassandra-3.11.2-bin.tar.gz : extract apache-cassandra-3.11.2/lib/disruptor-3.0.1.jar
2018-06-24 20:02:09 [main] INFO  c.g.n.e.c.CassandraStarterTests - Extract /root/.embedded-cassandra/cassandra/3.11.2/apache-cassandra-3.11.2-bin.tar.gz : extract apache-cassandra-3.11.2/lib/ecj-4.4.2.jar
2018-06-24 20:02:09 [main] INFO  c.g.n.e.c.CassandraStarterTests - Extract /root/.embedded-cassandra/cassandra/3.11.2/apache-cassandra-3.11.2-bin.tar.gz : extract apache-cassandra-3.11.2/lib/futures-2.1.6-py2.py3-none-any.zip
2018-06-24 20:02:09 [main] INFO  c.g.n.e.c.CassandraStarterTests - Extract /root/.embedded-cassandra/cassandra/3.11.2/apache-cassandra-3.11.2-bin.tar.gz : extract apache-cassandra-3.11.2/lib/guava-18.0.jar
2018-06-24 20:02:09 [main] INFO  c.g.n.e.c.CassandraStarterTests - Extract /root/.embedded-cassandra/cassandra/3.11.2/apache-cassandra-3.11.2-bin.tar.gz : extract apache-cassandra-3.11.2/lib/high-scale-lib-1.0.6.jar
2018-06-24 20:02:09 [main] INFO  c.g.n.e.c.CassandraStarterTests - Extract /root/.embedded-cassandra/cassandra/3.11.2/apache-cassandra-3.11.2-bin.tar.gz : extract apache-cassandra-3.11.2/lib/hppc-0.5.4.jar
2018-06-24 20:02:09 [main] INFO  c.g.n.e.c.CassandraStarterTests - Extract /root/.embedded-cassandra/cassandra/3.11.2/apache-cassandra-3.11.2-bin.tar.gz : extract apache-cassandra-3.11.2/lib/jackson-core-asl-1.9.13.jar
2018-06-24 20:02:09 [main] INFO  c.g.n.e.c.CassandraStarterTests - Extract /root/.embedded-cassandra/cassandra/3.11.2/apache-cassandra-3.11.2-bin.tar.gz : extract apache-cassandra-3.11.2/lib/jackson-mapper-asl-1.9.13.jar
2018-06-24 20:02:09 [main] INFO  c.g.n.e.c.CassandraStarterTests - Extract /root/.embedded-cassandra/cassandra/3.11.2/apache-cassandra-3.11.2-bin.tar.gz : extract apache-cassandra-3.11.2/lib/jamm-0.3.0.jar
2018-06-24 20:02:09 [main] INFO  c.g.n.e.c.CassandraStarterTests - Extract /root/.embedded-cassandra/cassandra/3.11.2/apache-cassandra-3.11.2-bin.tar.gz : extract apache-cassandra-3.11.2/lib/javax.inject.jar
2018-06-24 20:02:09 [main] INFO  c.g.n.e.c.CassandraStarterTests - Extract /root/.embedded-cassandra/cassandra/3.11.2/apache-cassandra-3.11.2-bin.tar.gz : extract apache-cassandra-3.11.2/lib/jbcrypt-0.3m.jar
2018-06-24 20:02:09 [main] INFO  c.g.n.e.c.CassandraStarterTests - Extract /root/.embedded-cassandra/cassandra/3.11.2/apache-cassandra-3.11.2-bin.tar.gz : extract apache-cassandra-3.11.2/lib/jcl-over-slf4j-1.7.7.jar
2018-06-24 20:02:09 [main] INFO  c.g.n.e.c.CassandraStarterTests - Extract /root/.embedded-cassandra/cassandra/3.11.2/apache-cassandra-3.11.2-bin.tar.gz : extract apache-cassandra-3.11.2/lib/jctools-core-1.2.1.jar
2018-06-24 20:02:09 [main] INFO  c.g.n.e.c.CassandraStarterTests - Extract /root/.embedded-cassandra/cassandra/3.11.2/apache-cassandra-3.11.2-bin.tar.gz : extract apache-cassandra-3.11.2/lib/jflex-1.6.0.jar
2018-06-24 20:02:09 [main] INFO  c.g.n.e.c.CassandraStarterTests - Extract /root/.embedded-cassandra/cassandra/3.11.2/apache-cassandra-3.11.2-bin.tar.gz : extract apache-cassandra-3.11.2/lib/jna-4.2.2.jar
2018-06-24 20:02:09 [main] INFO  c.g.n.e.c.CassandraStarterTests - Extract /root/.embedded-cassandra/cassandra/3.11.2/apache-cassandra-3.11.2-bin.tar.gz : extract apache-cassandra-3.11.2/lib/joda-time-2.4.jar
2018-06-24 20:02:09 [main] INFO  c.g.n.e.c.CassandraStarterTests - Extract /root/.embedded-cassandra/cassandra/3.11.2/apache-cassandra-3.11.2-bin.tar.gz : extract apache-cassandra-3.11.2/lib/json-simple-1.1.jar
2018-06-24 20:02:09 [main] INFO  c.g.n.e.c.CassandraStarterTests - Extract /root/.embedded-cassandra/cassandra/3.11.2/apache-cassandra-3.11.2-bin.tar.gz : extract apache-cassandra-3.11.2/lib/jstackjunit-0.0.1.jar
2018-06-24 20:02:09 [main] INFO  c.g.n.e.c.CassandraStarterTests - Extract /root/.embedded-cassandra/cassandra/3.11.2/apache-cassandra-3.11.2-bin.tar.gz : extract apache-cassandra-3.11.2/lib/libthrift-0.9.2.jar
2018-06-24 20:02:09 [main] INFO  c.g.n.e.c.CassandraStarterTests - Extract /root/.embedded-cassandra/cassandra/3.11.2/apache-cassandra-3.11.2-bin.tar.gz : extract apache-cassandra-3.11.2/lib/log4j-over-slf4j-1.7.7.jar
2018-06-24 20:02:09 [main] INFO  c.g.n.e.c.CassandraStarterTests - Extract /root/.embedded-cassandra/cassandra/3.11.2/apache-cassandra-3.11.2-bin.tar.gz : extract apache-cassandra-3.11.2/lib/logback-classic-1.1.3.jar
2018-06-24 20:02:09 [main] INFO  c.g.n.e.c.CassandraStarterTests - Extract /root/.embedded-cassandra/cassandra/3.11.2/apache-cassandra-3.11.2-bin.tar.gz : extract apache-cassandra-3.11.2/lib/logback-core-1.1.3.jar
2018-06-24 20:02:09 [main] INFO  c.g.n.e.c.CassandraStarterTests - Extract /root/.embedded-cassandra/cassandra/3.11.2/apache-cassandra-3.11.2-bin.tar.gz : extract apache-cassandra-3.11.2/lib/lz4-1.3.0.jar
2018-06-24 20:02:09 [main] INFO  c.g.n.e.c.CassandraStarterTests - Extract /root/.embedded-cassandra/cassandra/3.11.2/apache-cassandra-3.11.2-bin.tar.gz : extract apache-cassandra-3.11.2/lib/metrics-core-3.1.0.jar
2018-06-24 20:02:09 [main] INFO  c.g.n.e.c.CassandraStarterTests - Extract /root/.embedded-cassandra/cassandra/3.11.2/apache-cassandra-3.11.2-bin.tar.gz : extract apache-cassandra-3.11.2/lib/metrics-jvm-3.1.0.jar
2018-06-24 20:02:09 [main] INFO  c.g.n.e.c.CassandraStarterTests - Extract /root/.embedded-cassandra/cassandra/3.11.2/apache-cassandra-3.11.2-bin.tar.gz : extract apache-cassandra-3.11.2/lib/metrics-logback-3.1.0.jar
2018-06-24 20:02:09 [main] INFO  c.g.n.e.c.CassandraStarterTests - Extract /root/.embedded-cassandra/cassandra/3.11.2/apache-cassandra-3.11.2-bin.tar.gz : extract apache-cassandra-3.11.2/lib/netty-all-4.0.44.Final.jar
2018-06-24 20:02:09 [main] INFO  c.g.n.e.c.CassandraStarterTests - Extract /root/.embedded-cassandra/cassandra/3.11.2/apache-cassandra-3.11.2-bin.tar.gz : extract apache-cassandra-3.11.2/lib/ohc-core-0.4.4.jar
2018-06-24 20:02:09 [main] INFO  c.g.n.e.c.CassandraStarterTests - Extract /root/.embedded-cassandra/cassandra/3.11.2/apache-cassandra-3.11.2-bin.tar.gz : extract apache-cassandra-3.11.2/lib/ohc-core-j8-0.4.4.jar
2018-06-24 20:02:09 [main] INFO  c.g.n.e.c.CassandraStarterTests - Extract /root/.embedded-cassandra/cassandra/3.11.2/apache-cassandra-3.11.2-bin.tar.gz : extract apache-cassandra-3.11.2/lib/reporter-config-base-3.0.3.jar
2018-06-24 20:02:09 [main] INFO  c.g.n.e.c.CassandraStarterTests - Extract /root/.embedded-cassandra/cassandra/3.11.2/apache-cassandra-3.11.2-bin.tar.gz : extract apache-cassandra-3.11.2/lib/reporter-config3-3.0.3.jar
2018-06-24 20:02:09 [main] INFO  c.g.n.e.c.CassandraStarterTests - Extract /root/.embedded-cassandra/cassandra/3.11.2/apache-cassandra-3.11.2-bin.tar.gz : extract apache-cassandra-3.11.2/lib/sigar-1.6.4.jar
2018-06-24 20:02:09 [main] INFO  c.g.n.e.c.CassandraStarterTests - Extract /root/.embedded-cassandra/cassandra/3.11.2/apache-cassandra-3.11.2-bin.tar.gz : extract apache-cassandra-3.11.2/lib/sigar-bin/libsigar-amd64-freebsd-6.so
2018-06-24 20:02:09 [main] INFO  c.g.n.e.c.CassandraStarterTests - Extract /root/.embedded-cassandra/cassandra/3.11.2/apache-cassandra-3.11.2-bin.tar.gz : extract apache-cassandra-3.11.2/lib/sigar-bin/libsigar-amd64-linux.so
2018-06-24 20:02:09 [main] INFO  c.g.n.e.c.CassandraStarterTests - Extract /root/.embedded-cassandra/cassandra/3.11.2/apache-cassandra-3.11.2-bin.tar.gz : extract apache-cassandra-3.11.2/lib/sigar-bin/libsigar-amd64-solaris.so
2018-06-24 20:02:09 [main] INFO  c.g.n.e.c.CassandraStarterTests - Extract /root/.embedded-cassandra/cassandra/3.11.2/apache-cassandra-3.11.2-bin.tar.gz : extract apache-cassandra-3.11.2/lib/sigar-bin/libsigar-ia64-hpux-11.sl
2018-06-24 20:02:09 [main] INFO  c.g.n.e.c.CassandraStarterTests - Extract /root/.embedded-cassandra/cassandra/3.11.2/apache-cassandra-3.11.2-bin.tar.gz : extract apache-cassandra-3.11.2/lib/sigar-bin/libsigar-ia64-linux.so
2018-06-24 20:02:09 [main] INFO  c.g.n.e.c.CassandraStarterTests - Extract /root/.embedded-cassandra/cassandra/3.11.2/apache-cassandra-3.11.2-bin.tar.gz : extract apache-cassandra-3.11.2/lib/sigar-bin/libsigar-pa-hpux-11.sl
2018-06-24 20:02:09 [main] INFO  c.g.n.e.c.CassandraStarterTests - Extract /root/.embedded-cassandra/cassandra/3.11.2/apache-cassandra-3.11.2-bin.tar.gz : extract apache-cassandra-3.11.2/lib/sigar-bin/libsigar-ppc-aix-5.so
2018-06-24 20:02:09 [main] INFO  c.g.n.e.c.CassandraStarterTests - Extract /root/.embedded-cassandra/cassandra/3.11.2/apache-cassandra-3.11.2-bin.tar.gz : extract apache-cassandra-3.11.2/lib/sigar-bin/libsigar-ppc-linux.so
2018-06-24 20:02:09 [main] INFO  c.g.n.e.c.CassandraStarterTests - Extract /root/.embedded-cassandra/cassandra/3.11.2/apache-cassandra-3.11.2-bin.tar.gz : extract apache-cassandra-3.11.2/lib/sigar-bin/libsigar-ppc64-aix-5.so
2018-06-24 20:02:09 [main] INFO  c.g.n.e.c.CassandraStarterTests - Extract /root/.embedded-cassandra/cassandra/3.11.2/apache-cassandra-3.11.2-bin.tar.gz : extract apache-cassandra-3.11.2/lib/sigar-bin/libsigar-ppc64-linux.so
2018-06-24 20:02:09 [main] INFO  c.g.n.e.c.CassandraStarterTests - Extract /root/.embedded-cassandra/cassandra/3.11.2/apache-cassandra-3.11.2-bin.tar.gz : extract apache-cassandra-3.11.2/lib/sigar-bin/libsigar-s390x-linux.so
2018-06-24 20:02:09 [main] INFO  c.g.n.e.c.CassandraStarterTests - Extract /root/.embedded-cassandra/cassandra/3.11.2/apache-cassandra-3.11.2-bin.tar.gz : extract apache-cassandra-3.11.2/lib/sigar-bin/libsigar-sparc-solaris.so
2018-06-24 20:02:09 [main] INFO  c.g.n.e.c.CassandraStarterTests - Extract /root/.embedded-cassandra/cassandra/3.11.2/apache-cassandra-3.11.2-bin.tar.gz : extract apache-cassandra-3.11.2/lib/sigar-bin/libsigar-sparc64-solaris.so
2018-06-24 20:02:09 [main] INFO  c.g.n.e.c.CassandraStarterTests - Extract /root/.embedded-cassandra/cassandra/3.11.2/apache-cassandra-3.11.2-bin.tar.gz : extract apache-cassandra-3.11.2/lib/sigar-bin/libsigar-universal-macosx.dylib
2018-06-24 20:02:09 [main] INFO  c.g.n.e.c.CassandraStarterTests - Extract /root/.embedded-cassandra/cassandra/3.11.2/apache-cassandra-3.11.2-bin.tar.gz : extract apache-cassandra-3.11.2/lib/sigar-bin/libsigar-universal64-macosx.dylib
2018-06-24 20:02:09 [main] INFO  c.g.n.e.c.CassandraStarterTests - Extract /root/.embedded-cassandra/cassandra/3.11.2/apache-cassandra-3.11.2-bin.tar.gz : extract apache-cassandra-3.11.2/lib/sigar-bin/libsigar-x86-freebsd-5.so
2018-06-24 20:02:09 [main] INFO  c.g.n.e.c.CassandraStarterTests - Extract /root/.embedded-cassandra/cassandra/3.11.2/apache-cassandra-3.11.2-bin.tar.gz : extract apache-cassandra-3.11.2/lib/sigar-bin/libsigar-x86-freebsd-6.so
2018-06-24 20:02:09 [main] INFO  c.g.n.e.c.CassandraStarterTests - Extract /root/.embedded-cassandra/cassandra/3.11.2/apache-cassandra-3.11.2-bin.tar.gz : extract apache-cassandra-3.11.2/lib/sigar-bin/libsigar-x86-linux.so
2018-06-24 20:02:09 [main] INFO  c.g.n.e.c.CassandraStarterTests - Extract /root/.embedded-cassandra/cassandra/3.11.2/apache-cassandra-3.11.2-bin.tar.gz : extract apache-cassandra-3.11.2/lib/sigar-bin/libsigar-x86-solaris.so
2018-06-24 20:02:09 [main] INFO  c.g.n.e.c.CassandraStarterTests - Extract /root/.embedded-cassandra/cassandra/3.11.2/apache-cassandra-3.11.2-bin.tar.gz : extract apache-cassandra-3.11.2/lib/sigar-bin/sigar-amd64-winnt.dll
2018-06-24 20:02:09 [main] INFO  c.g.n.e.c.CassandraStarterTests - Extract /root/.embedded-cassandra/cassandra/3.11.2/apache-cassandra-3.11.2-bin.tar.gz : extract apache-cassandra-3.11.2/lib/sigar-bin/sigar-x86-winnt.dll
2018-06-24 20:02:09 [main] INFO  c.g.n.e.c.CassandraStarterTests - Extract /root/.embedded-cassandra/cassandra/3.11.2/apache-cassandra-3.11.2-bin.tar.gz : extract apache-cassandra-3.11.2/lib/sigar-bin/sigar-x86-winnt.lib
2018-06-24 20:02:09 [main] INFO  c.g.n.e.c.CassandraStarterTests - Extract /root/.embedded-cassandra/cassandra/3.11.2/apache-cassandra-3.11.2-bin.tar.gz : extract apache-cassandra-3.11.2/lib/six-1.7.3-py2.py3-none-any.zip
2018-06-24 20:02:09 [main] INFO  c.g.n.e.c.CassandraStarterTests - Extract /root/.embedded-cassandra/cassandra/3.11.2/apache-cassandra-3.11.2-bin.tar.gz : extract apache-cassandra-3.11.2/lib/slf4j-api-1.7.7.jar
2018-06-24 20:02:09 [main] INFO  c.g.n.e.c.CassandraStarterTests - Extract /root/.embedded-cassandra/cassandra/3.11.2/apache-cassandra-3.11.2-bin.tar.gz : extract apache-cassandra-3.11.2/lib/snakeyaml-1.11.jar
2018-06-24 20:02:09 [main] INFO  c.g.n.e.c.CassandraStarterTests - Extract /root/.embedded-cassandra/cassandra/3.11.2/apache-cassandra-3.11.2-bin.tar.gz : extract apache-cassandra-3.11.2/lib/snappy-java-1.1.1.7.jar
2018-06-24 20:02:09 [main] INFO  c.g.n.e.c.CassandraStarterTests - Extract /root/.embedded-cassandra/cassandra/3.11.2/apache-cassandra-3.11.2-bin.tar.gz : extract apache-cassandra-3.11.2/lib/snowball-stemmer-1.3.0.581.1.jar
2018-06-24 20:02:09 [main] INFO  c.g.n.e.c.CassandraStarterTests - Extract /root/.embedded-cassandra/cassandra/3.11.2/apache-cassandra-3.11.2-bin.tar.gz : extract apache-cassandra-3.11.2/lib/stream-2.5.2.jar
2018-06-24 20:02:09 [main] INFO  c.g.n.e.c.CassandraStarterTests - Extract /root/.embedded-cassandra/cassandra/3.11.2/apache-cassandra-3.11.2-bin.tar.gz : extract apache-cassandra-3.11.2/lib/thrift-server-0.3.7.jar
2018-06-24 20:02:09 [main] INFO  c.g.n.e.c.CassandraStarterTests - Extract /root/.embedded-cassandra/cassandra/3.11.2/apache-cassandra-3.11.2-bin.tar.gz : extract apache-cassandra-3.11.2/pylib/cqlshlib/__init__.py
2018-06-24 20:02:09 [main] INFO  c.g.n.e.c.CassandraStarterTests - Extract /root/.embedded-cassandra/cassandra/3.11.2/apache-cassandra-3.11.2-bin.tar.gz : extract apache-cassandra-3.11.2/pylib/cqlshlib/copyutil.py
2018-06-24 20:02:09 [main] INFO  c.g.n.e.c.CassandraStarterTests - Extract /root/.embedded-cassandra/cassandra/3.11.2/apache-cassandra-3.11.2-bin.tar.gz : extract apache-cassandra-3.11.2/pylib/cqlshlib/cql3handling.py
2018-06-24 20:02:09 [main] INFO  c.g.n.e.c.CassandraStarterTests - Extract /root/.embedded-cassandra/cassandra/3.11.2/apache-cassandra-3.11.2-bin.tar.gz : extract apache-cassandra-3.11.2/pylib/cqlshlib/cqlhandling.py
2018-06-24 20:02:09 [main] INFO  c.g.n.e.c.CassandraStarterTests - Extract /root/.embedded-cassandra/cassandra/3.11.2/apache-cassandra-3.11.2-bin.tar.gz : extract apache-cassandra-3.11.2/pylib/cqlshlib/cqlshhandling.py
2018-06-24 20:02:09 [main] INFO  c.g.n.e.c.CassandraStarterTests - Extract /root/.embedded-cassandra/cassandra/3.11.2/apache-cassandra-3.11.2-bin.tar.gz : extract apache-cassandra-3.11.2/pylib/cqlshlib/displaying.py
2018-06-24 20:02:09 [main] INFO  c.g.n.e.c.CassandraStarterTests - Extract /root/.embedded-cassandra/cassandra/3.11.2/apache-cassandra-3.11.2-bin.tar.gz : extract apache-cassandra-3.11.2/pylib/cqlshlib/formatting.py
2018-06-24 20:02:09 [main] INFO  c.g.n.e.c.CassandraStarterTests - Extract /root/.embedded-cassandra/cassandra/3.11.2/apache-cassandra-3.11.2-bin.tar.gz : extract apache-cassandra-3.11.2/pylib/cqlshlib/helptopics.py
2018-06-24 20:02:09 [main] INFO  c.g.n.e.c.CassandraStarterTests - Extract /root/.embedded-cassandra/cassandra/3.11.2/apache-cassandra-3.11.2-bin.tar.gz : extract apache-cassandra-3.11.2/pylib/cqlshlib/pylexotron.py
2018-06-24 20:02:09 [main] INFO  c.g.n.e.c.CassandraStarterTests - Extract /root/.embedded-cassandra/cassandra/3.11.2/apache-cassandra-3.11.2-bin.tar.gz : extract apache-cassandra-3.11.2/pylib/cqlshlib/saferscanner.py
2018-06-24 20:02:09 [main] INFO  c.g.n.e.c.CassandraStarterTests - Extract /root/.embedded-cassandra/cassandra/3.11.2/apache-cassandra-3.11.2-bin.tar.gz : extract apache-cassandra-3.11.2/pylib/cqlshlib/sslhandling.py
2018-06-24 20:02:09 [main] INFO  c.g.n.e.c.CassandraStarterTests - Extract /root/.embedded-cassandra/cassandra/3.11.2/apache-cassandra-3.11.2-bin.tar.gz : extract apache-cassandra-3.11.2/pylib/cqlshlib/test/__init__.py
2018-06-24 20:02:09 [main] INFO  c.g.n.e.c.CassandraStarterTests - Extract /root/.embedded-cassandra/cassandra/3.11.2/apache-cassandra-3.11.2-bin.tar.gz : extract apache-cassandra-3.11.2/pylib/cqlshlib/test/ansi_colors.py
2018-06-24 20:02:09 [main] INFO  c.g.n.e.c.CassandraStarterTests - Extract /root/.embedded-cassandra/cassandra/3.11.2/apache-cassandra-3.11.2-bin.tar.gz : extract apache-cassandra-3.11.2/pylib/cqlshlib/test/basecase.py
2018-06-24 20:02:09 [main] INFO  c.g.n.e.c.CassandraStarterTests - Extract /root/.embedded-cassandra/cassandra/3.11.2/apache-cassandra-3.11.2-bin.tar.gz : extract apache-cassandra-3.11.2/pylib/cqlshlib/test/cassconnect.py
2018-06-24 20:02:09 [main] INFO  c.g.n.e.c.CassandraStarterTests - Extract /root/.embedded-cassandra/cassandra/3.11.2/apache-cassandra-3.11.2-bin.tar.gz : extract apache-cassandra-3.11.2/pylib/cqlshlib/test/run_cqlsh.py
2018-06-24 20:02:09 [main] INFO  c.g.n.e.c.CassandraStarterTests - Extract /root/.embedded-cassandra/cassandra/3.11.2/apache-cassandra-3.11.2-bin.tar.gz : extract apache-cassandra-3.11.2/pylib/cqlshlib/test/test_cql_parsing.py
2018-06-24 20:02:09 [main] INFO  c.g.n.e.c.CassandraStarterTests - Extract /root/.embedded-cassandra/cassandra/3.11.2/apache-cassandra-3.11.2-bin.tar.gz : extract apache-cassandra-3.11.2/pylib/cqlshlib/test/test_cqlsh_commands.py
2018-06-24 20:02:09 [main] INFO  c.g.n.e.c.CassandraStarterTests - Extract /root/.embedded-cassandra/cassandra/3.11.2/apache-cassandra-3.11.2-bin.tar.gz : extract apache-cassandra-3.11.2/pylib/cqlshlib/test/test_cqlsh_completion.py
2018-06-24 20:02:09 [main] INFO  c.g.n.e.c.CassandraStarterTests - Extract /root/.embedded-cassandra/cassandra/3.11.2/apache-cassandra-3.11.2-bin.tar.gz : extract apache-cassandra-3.11.2/pylib/cqlshlib/test/test_cqlsh_invocation.py
2018-06-24 20:02:09 [main] INFO  c.g.n.e.c.CassandraStarterTests - Extract /root/.embedded-cassandra/cassandra/3.11.2/apache-cassandra-3.11.2-bin.tar.gz : extract apache-cassandra-3.11.2/pylib/cqlshlib/test/test_cqlsh_output.py
2018-06-24 20:02:09 [main] INFO  c.g.n.e.c.CassandraStarterTests - Extract /root/.embedded-cassandra/cassandra/3.11.2/apache-cassandra-3.11.2-bin.tar.gz : extract apache-cassandra-3.11.2/pylib/cqlshlib/test/test_cqlsh_parsing.py
2018-06-24 20:02:09 [main] INFO  c.g.n.e.c.CassandraStarterTests - Extract /root/.embedded-cassandra/cassandra/3.11.2/apache-cassandra-3.11.2-bin.tar.gz : extract apache-cassandra-3.11.2/pylib/cqlshlib/test/test_keyspace_init.cql
2018-06-24 20:02:09 [main] INFO  c.g.n.e.c.CassandraStarterTests - Extract /root/.embedded-cassandra/cassandra/3.11.2/apache-cassandra-3.11.2-bin.tar.gz : extract apache-cassandra-3.11.2/pylib/cqlshlib/test/winpty.py
2018-06-24 20:02:09 [main] INFO  c.g.n.e.c.CassandraStarterTests - Extract /root/.embedded-cassandra/cassandra/3.11.2/apache-cassandra-3.11.2-bin.tar.gz : extract apache-cassandra-3.11.2/pylib/cqlshlib/tracing.py
2018-06-24 20:02:09 [main] INFO  c.g.n.e.c.CassandraStarterTests - Extract /root/.embedded-cassandra/cassandra/3.11.2/apache-cassandra-3.11.2-bin.tar.gz : extract apache-cassandra-3.11.2/pylib/cqlshlib/util.py
2018-06-24 20:02:09 [main] INFO  c.g.n.e.c.CassandraStarterTests - Extract /root/.embedded-cassandra/cassandra/3.11.2/apache-cassandra-3.11.2-bin.tar.gz : extract apache-cassandra-3.11.2/pylib/cqlshlib/wcwidth.py
2018-06-24 20:02:09 [main] INFO  c.g.n.e.c.CassandraStarterTests - Extract /root/.embedded-cassandra/cassandra/3.11.2/apache-cassandra-3.11.2-bin.tar.gz : extract apache-cassandra-3.11.2/pylib/setup.py
2018-06-24 20:02:09 [main] INFO  c.g.n.e.c.CassandraStarterTests - Extract /root/.embedded-cassandra/cassandra/3.11.2/apache-cassandra-3.11.2-bin.tar.gz : extract apache-cassandra-3.11.2/tools/bin/cassandra-stress
2018-06-24 20:02:09 [main] INFO  c.g.n.e.c.CassandraStarterTests - Extract /root/.embedded-cassandra/cassandra/3.11.2/apache-cassandra-3.11.2-bin.tar.gz : extract apache-cassandra-3.11.2/tools/bin/cassandra-stress.bat
2018-06-24 20:02:09 [main] INFO  c.g.n.e.c.CassandraStarterTests - Extract /root/.embedded-cassandra/cassandra/3.11.2/apache-cassandra-3.11.2-bin.tar.gz : extract apache-cassandra-3.11.2/tools/bin/cassandra-stressd
2018-06-24 20:02:09 [main] INFO  c.g.n.e.c.CassandraStarterTests - Extract /root/.embedded-cassandra/cassandra/3.11.2/apache-cassandra-3.11.2-bin.tar.gz : extract apache-cassandra-3.11.2/tools/bin/cassandra.in.bat
2018-06-24 20:02:09 [main] INFO  c.g.n.e.c.CassandraStarterTests - Extract /root/.embedded-cassandra/cassandra/3.11.2/apache-cassandra-3.11.2-bin.tar.gz : extract apache-cassandra-3.11.2/tools/bin/cassandra.in.sh
2018-06-24 20:02:09 [main] INFO  c.g.n.e.c.CassandraStarterTests - Extract /root/.embedded-cassandra/cassandra/3.11.2/apache-cassandra-3.11.2-bin.tar.gz : extract apache-cassandra-3.11.2/tools/bin/compaction-stress
2018-06-24 20:02:09 [main] INFO  c.g.n.e.c.CassandraStarterTests - Extract /root/.embedded-cassandra/cassandra/3.11.2/apache-cassandra-3.11.2-bin.tar.gz : extract apache-cassandra-3.11.2/tools/bin/sstabledump
2018-06-24 20:02:09 [main] INFO  c.g.n.e.c.CassandraStarterTests - Extract /root/.embedded-cassandra/cassandra/3.11.2/apache-cassandra-3.11.2-bin.tar.gz : extract apache-cassandra-3.11.2/tools/bin/sstabledump.bat
2018-06-24 20:02:09 [main] INFO  c.g.n.e.c.CassandraStarterTests - Extract /root/.embedded-cassandra/cassandra/3.11.2/apache-cassandra-3.11.2-bin.tar.gz : extract apache-cassandra-3.11.2/tools/bin/sstableexpiredblockers
2018-06-24 20:02:09 [main] INFO  c.g.n.e.c.CassandraStarterTests - Extract /root/.embedded-cassandra/cassandra/3.11.2/apache-cassandra-3.11.2-bin.tar.gz : extract apache-cassandra-3.11.2/tools/bin/sstableexpiredblockers.bat
2018-06-24 20:02:09 [main] INFO  c.g.n.e.c.CassandraStarterTests - Extract /root/.embedded-cassandra/cassandra/3.11.2/apache-cassandra-3.11.2-bin.tar.gz : extract apache-cassandra-3.11.2/tools/bin/sstablelevelreset
2018-06-24 20:02:09 [main] INFO  c.g.n.e.c.CassandraStarterTests - Extract /root/.embedded-cassandra/cassandra/3.11.2/apache-cassandra-3.11.2-bin.tar.gz : extract apache-cassandra-3.11.2/tools/bin/sstablelevelreset.bat
2018-06-24 20:02:09 [main] INFO  c.g.n.e.c.CassandraStarterTests - Extract /root/.embedded-cassandra/cassandra/3.11.2/apache-cassandra-3.11.2-bin.tar.gz : extract apache-cassandra-3.11.2/tools/bin/sstablemetadata
2018-06-24 20:02:09 [main] INFO  c.g.n.e.c.CassandraStarterTests - Extract /root/.embedded-cassandra/cassandra/3.11.2/apache-cassandra-3.11.2-bin.tar.gz : extract apache-cassandra-3.11.2/tools/bin/sstablemetadata.bat
2018-06-24 20:02:09 [main] INFO  c.g.n.e.c.CassandraStarterTests - Extract /root/.embedded-cassandra/cassandra/3.11.2/apache-cassandra-3.11.2-bin.tar.gz : extract apache-cassandra-3.11.2/tools/bin/sstableofflinerelevel
2018-06-24 20:02:09 [main] INFO  c.g.n.e.c.CassandraStarterTests - Extract /root/.embedded-cassandra/cassandra/3.11.2/apache-cassandra-3.11.2-bin.tar.gz : extract apache-cassandra-3.11.2/tools/bin/sstableofflinerelevel.bat
2018-06-24 20:02:09 [main] INFO  c.g.n.e.c.CassandraStarterTests - Extract /root/.embedded-cassandra/cassandra/3.11.2/apache-cassandra-3.11.2-bin.tar.gz : extract apache-cassandra-3.11.2/tools/bin/sstablerepairedset
2018-06-24 20:02:09 [main] INFO  c.g.n.e.c.CassandraStarterTests - Extract /root/.embedded-cassandra/cassandra/3.11.2/apache-cassandra-3.11.2-bin.tar.gz : extract apache-cassandra-3.11.2/tools/bin/sstablerepairedset.bat
2018-06-24 20:02:09 [main] INFO  c.g.n.e.c.CassandraStarterTests - Extract /root/.embedded-cassandra/cassandra/3.11.2/apache-cassandra-3.11.2-bin.tar.gz : extract apache-cassandra-3.11.2/tools/bin/sstablesplit
2018-06-24 20:02:09 [main] INFO  c.g.n.e.c.CassandraStarterTests - Extract /root/.embedded-cassandra/cassandra/3.11.2/apache-cassandra-3.11.2-bin.tar.gz : extract apache-cassandra-3.11.2/tools/bin/sstablesplit.bat
2018-06-24 20:02:09 [main] INFO  c.g.n.e.c.CassandraStarterTests - Extract /root/.embedded-cassandra/cassandra/3.11.2/apache-cassandra-3.11.2-bin.tar.gz : extract apache-cassandra-3.11.2/tools/cqlstress-counter-example.yaml
2018-06-24 20:02:09 [main] INFO  c.g.n.e.c.CassandraStarterTests - Extract /root/.embedded-cassandra/cassandra/3.11.2/apache-cassandra-3.11.2-bin.tar.gz : extract apache-cassandra-3.11.2/tools/cqlstress-example.yaml
2018-06-24 20:02:09 [main] INFO  c.g.n.e.c.CassandraStarterTests - Extract /root/.embedded-cassandra/cassandra/3.11.2/apache-cassandra-3.11.2-bin.tar.gz : extract apache-cassandra-3.11.2/tools/cqlstress-insanity-example.yaml
2018-06-24 20:02:09 [main] INFO  c.g.n.e.c.CassandraStarterTests - Extract /root/.embedded-cassandra/cassandra/3.11.2/apache-cassandra-3.11.2-bin.tar.gz : extract apache-cassandra-3.11.2/tools/lib/stress.jar
2018-06-24 20:02:09 [main] INFO  c.g.n.e.c.CassandraStarterTests - Extract /root/.embedded-cassandra/cassandra/3.11.2/apache-cassandra-3.11.2-bin.tar.gz : extract apache-cassandra-3.11.2/bin/cassandra.in.sh
2018-06-24 20:02:09 [main] INFO  c.g.n.e.c.CassandraStarterTests - Extract /root/.embedded-cassandra/cassandra/3.11.2/apache-cassandra-3.11.2-bin.tar.gz : extract apache-cassandra-3.11.2/bin/cassandra
2018-06-24 20:02:09 [main] INFO  c.g.n.e.c.CassandraStarterTests - Extract /root/.embedded-cassandra/cassandra/3.11.2/apache-cassandra-3.11.2-bin.tar.gz : extract apache-cassandra-3.11.2/bin/cassandra.bat
2018-06-24 20:02:09 [main] INFO  c.g.n.e.c.CassandraStarterTests - Extract /root/.embedded-cassandra/cassandra/3.11.2/apache-cassandra-3.11.2-bin.tar.gz : extract apache-cassandra-3.11.2/bin/cassandra.in.bat
2018-06-24 20:02:09 [main] INFO  c.g.n.e.c.CassandraStarterTests - Extract /root/.embedded-cassandra/cassandra/3.11.2/apache-cassandra-3.11.2-bin.tar.gz : extract apache-cassandra-3.11.2/bin/cqlsh
2018-06-24 20:02:09 [main] INFO  c.g.n.e.c.CassandraStarterTests - Extract /root/.embedded-cassandra/cassandra/3.11.2/apache-cassandra-3.11.2-bin.tar.gz : extract apache-cassandra-3.11.2/bin/cqlsh.bat
2018-06-24 20:02:09 [main] INFO  c.g.n.e.c.CassandraStarterTests - Extract /root/.embedded-cassandra/cassandra/3.11.2/apache-cassandra-3.11.2-bin.tar.gz : extract apache-cassandra-3.11.2/bin/cqlsh.py
2018-06-24 20:02:09 [main] INFO  c.g.n.e.c.CassandraStarterTests - Extract /root/.embedded-cassandra/cassandra/3.11.2/apache-cassandra-3.11.2-bin.tar.gz : extract apache-cassandra-3.11.2/bin/debug-cql
2018-06-24 20:02:09 [main] INFO  c.g.n.e.c.CassandraStarterTests - Extract /root/.embedded-cassandra/cassandra/3.11.2/apache-cassandra-3.11.2-bin.tar.gz : extract apache-cassandra-3.11.2/bin/debug-cql.bat
2018-06-24 20:02:09 [main] INFO  c.g.n.e.c.CassandraStarterTests - Extract /root/.embedded-cassandra/cassandra/3.11.2/apache-cassandra-3.11.2-bin.tar.gz : extract apache-cassandra-3.11.2/bin/nodetool
2018-06-24 20:02:09 [main] INFO  c.g.n.e.c.CassandraStarterTests - Extract /root/.embedded-cassandra/cassandra/3.11.2/apache-cassandra-3.11.2-bin.tar.gz : extract apache-cassandra-3.11.2/bin/nodetool.bat
2018-06-24 20:02:09 [main] INFO  c.g.n.e.c.CassandraStarterTests - Extract /root/.embedded-cassandra/cassandra/3.11.2/apache-cassandra-3.11.2-bin.tar.gz : extract apache-cassandra-3.11.2/bin/source-conf.ps1
2018-06-24 20:02:09 [main] INFO  c.g.n.e.c.CassandraStarterTests - Extract /root/.embedded-cassandra/cassandra/3.11.2/apache-cassandra-3.11.2-bin.tar.gz : extract apache-cassandra-3.11.2/bin/sstableloader
2018-06-24 20:02:09 [main] INFO  c.g.n.e.c.CassandraStarterTests - Extract /root/.embedded-cassandra/cassandra/3.11.2/apache-cassandra-3.11.2-bin.tar.gz : extract apache-cassandra-3.11.2/bin/sstableloader.bat
2018-06-24 20:02:09 [main] INFO  c.g.n.e.c.CassandraStarterTests - Extract /root/.embedded-cassandra/cassandra/3.11.2/apache-cassandra-3.11.2-bin.tar.gz : extract apache-cassandra-3.11.2/bin/sstablescrub
2018-06-24 20:02:09 [main] INFO  c.g.n.e.c.CassandraStarterTests - Extract /root/.embedded-cassandra/cassandra/3.11.2/apache-cassandra-3.11.2-bin.tar.gz : extract apache-cassandra-3.11.2/bin/sstablescrub.bat
2018-06-24 20:02:09 [main] INFO  c.g.n.e.c.CassandraStarterTests - Extract /root/.embedded-cassandra/cassandra/3.11.2/apache-cassandra-3.11.2-bin.tar.gz : extract apache-cassandra-3.11.2/bin/sstableupgrade
2018-06-24 20:02:09 [main] INFO  c.g.n.e.c.CassandraStarterTests - Extract /root/.embedded-cassandra/cassandra/3.11.2/apache-cassandra-3.11.2-bin.tar.gz : extract apache-cassandra-3.11.2/bin/sstableupgrade.bat
2018-06-24 20:02:09 [main] INFO  c.g.n.e.c.CassandraStarterTests - Extract /root/.embedded-cassandra/cassandra/3.11.2/apache-cassandra-3.11.2-bin.tar.gz : extract apache-cassandra-3.11.2/bin/sstableutil
2018-06-24 20:02:09 [main] INFO  c.g.n.e.c.CassandraStarterTests - Extract /root/.embedded-cassandra/cassandra/3.11.2/apache-cassandra-3.11.2-bin.tar.gz : extract apache-cassandra-3.11.2/bin/sstableutil.bat
2018-06-24 20:02:09 [main] INFO  c.g.n.e.c.CassandraStarterTests - Extract /root/.embedded-cassandra/cassandra/3.11.2/apache-cassandra-3.11.2-bin.tar.gz : extract apache-cassandra-3.11.2/bin/sstableverify
2018-06-24 20:02:09 [main] INFO  c.g.n.e.c.CassandraStarterTests - Extract /root/.embedded-cassandra/cassandra/3.11.2/apache-cassandra-3.11.2-bin.tar.gz : extract apache-cassandra-3.11.2/bin/sstableverify.bat
2018-06-24 20:02:09 [main] INFO  c.g.n.e.c.CassandraStarterTests - Extract /root/.embedded-cassandra/cassandra/3.11.2/apache-cassandra-3.11.2-bin.tar.gz : extract apache-cassandra-3.11.2/bin/stop-server
2018-06-24 20:02:09 [main] INFO  c.g.n.e.c.CassandraStarterTests - Extract /root/.embedded-cassandra/cassandra/3.11.2/apache-cassandra-3.11.2-bin.tar.gz : extract apache-cassandra-3.11.2/bin/stop-server.bat
2018-06-24 20:02:09 [main] INFO  c.g.n.e.c.CassandraStarterTests - Extract /root/.embedded-cassandra/cassandra/3.11.2/apache-cassandra-3.11.2-bin.tar.gz : extract apache-cassandra-3.11.2/bin/stop-server.ps1
2018-06-24 20:02:09 [main] INFO  c.g.n.e.c.CassandraStarterTests - Extract /root/.embedded-cassandra/cassandra/3.11.2/apache-cassandra-3.11.2-bin.tar.gz : finished
2018-06-24 20:02:09 [main] INFO  c.g.n.e.cassandra.CassandraProcess - Starting the new cassandra server using directory '/tmp/temp--2b2154cb-c806-4d5b-a6c3-c8da89800abd' with arguments [/tmp/temp--2b2154cb-c806-4d5b-a6c3-c8da89800abd/apache-cassandra-3.11.2/bin/cassandra, -f, -Dcassandra.config=file:////tmp/temp--2b2154cb-c806-4d5b-a6c3-c8da89800abd/cassandra-e5b639a3-5173-4c22-a7aa-f1fa5e39b1e3.yaml]
2018-06-24 20:02:10 [Thread-20] INFO  c.g.n.e.c.CassandraStarterTests - Running Cassandra as root user or group is not recommended - please start Cassandra using a different system user.
2018-06-24 20:02:10 [Thread-20] INFO  c.g.n.e.c.CassandraStarterTests - If you really want to force running Cassandra as root, use -R command line option.
2018-06-24 20:02:10 [main] ERROR d.f.e.p.runtime.AbstractProcess - failed to call onAfterProcessStart()
java.io.IOException: Could not start process. <EOF>
	at com.github.nosan.embedded.cassandra.CassandraProcess.onAfterProcessStart(CassandraProcess.java:123)
	at de.flapdoodle.embed.process.runtime.AbstractProcess.<init>(AbstractProcess.java:116)
	at com.github.nosan.embedded.cassandra.CassandraProcess.<init>(CassandraProcess.java:72)
	at com.github.nosan.embedded.cassandra.CassandraExecutable.start(CassandraExecutable.java:42)
	at com.github.nosan.embedded.cassandra.CassandraExecutable.start(CassandraExecutable.java:32)
	at de.flapdoodle.embed.process.runtime.Executable.start(Executable.java:108)
	at com.github.nosan.embedded.cassandra.CassandraStarterTests.start(CassandraStarterTests.java:138)
	at com.github.nosan.embedded.cassandra.CassandraStarterTests.start(CassandraStarterTests.java:129)
	at com.github.nosan.embedded.cassandra.CassandraStarterTests.rpcTransport(CassandraStarterTests.java:113)
	at sun.reflect.NativeMethodAccessorImpl.invoke0(Native Method)
	at sun.reflect.NativeMethodAccessorImpl.invoke(NativeMethodAccessorImpl.java:62)
	at sun.reflect.DelegatingMethodAccessorImpl.invoke(DelegatingMethodAccessorImpl.java:43)
	at java.lang.reflect.Method.invoke(Method.java:498)
	at org.junit.runners.model.FrameworkMethod$1.runReflectiveCall(FrameworkMethod.java:50)
	at org.junit.internal.runners.model.ReflectiveCallable.run(ReflectiveCallable.java:12)
	at org.junit.runners.model.FrameworkMethod.invokeExplosively(FrameworkMethod.java:47)
	at org.junit.internal.runners.statements.InvokeMethod.evaluate(InvokeMethod.java:17)
	at org.junit.runners.ParentRunner.runLeaf(ParentRunner.java:325)
	at org.junit.runners.BlockJUnit4ClassRunner.runChild(BlockJUnit4ClassRunner.java:78)
	at org.junit.runners.BlockJUnit4ClassRunner.runChild(BlockJUnit4ClassRunner.java:57)
	at org.junit.runners.ParentRunner$3.run(ParentRunner.java:290)
	at org.junit.runners.ParentRunner$1.schedule(ParentRunner.java:71)
	at org.junit.runners.ParentRunner.runChildren(ParentRunner.java:288)
	at org.junit.runners.ParentRunner.access$000(ParentRunner.java:58)
	at org.junit.runners.ParentRunner$2.evaluate(ParentRunner.java:268)
	at org.junit.runners.ParentRunner.run(ParentRunner.java:363)
	at org.apache.maven.surefire.junit4.JUnit4Provider.execute(JUnit4Provider.java:365)
	at org.apache.maven.surefire.junit4.JUnit4Provider.executeWithRerun(JUnit4Provider.java:272)
	at org.apache.maven.surefire.junit4.JUnit4Provider.executeTestSet(JUnit4Provider.java:236)
	at org.apache.maven.surefire.junit4.JUnit4Provider.invoke(JUnit4Provider.java:159)
	at org.apache.maven.surefire.booter.ForkedBooter.invokeProviderInSameClassLoader(ForkedBooter.java:386)
	at org.apache.maven.surefire.booter.ForkedBooter.runSuitesInProcess(ForkedBooter.java:323)
	at org.apache.maven.surefire.booter.ForkedBooter.main(ForkedBooter.java:143)
2018-06-24 20:02:10 [main] INFO  d.f.e.p.runtime.AbstractProcess - construct com.github.nosan.embedded.cassandra.config.CassandraConfigBuilder$ImmutableCassandraConfig@479ceda0
]]></system-out>
  </testcase>
  <testcase name="nativeTransport" classname="com.github.nosan.embedded.cassandra.CassandraStarterTests" time="2.59">
    <error message="Could not start process. &lt;EOF&gt;" type="java.io.IOException"><![CDATA[java.io.IOException: Could not start process. <EOF>
	at com.github.nosan.embedded.cassandra.CassandraStarterTests.start(CassandraStarterTests.java:138)
	at com.github.nosan.embedded.cassandra.CassandraStarterTests.nativeTransport(CassandraStarterTests.java:61)
]]></error>
    <system-out><![CDATA[2018-06-24 20:02:10 [main] INFO  c.g.n.e.c.CassandraStarterTests - Extract /root/.embedded-cassandra/cassandra/3.11.2/apache-cassandra-3.11.2-bin.tar.gz : starting...
2018-06-24 20:02:10 [main] INFO  c.g.n.e.c.CassandraStarterTests - Extract /root/.embedded-cassandra/cassandra/3.11.2/apache-cassandra-3.11.2-bin.tar.gz : extract apache-cassandra-3.11.2/conf/cassandra-env.ps1
2018-06-24 20:02:10 [main] INFO  c.g.n.e.c.CassandraStarterTests - Extract /root/.embedded-cassandra/cassandra/3.11.2/apache-cassandra-3.11.2-bin.tar.gz : extract apache-cassandra-3.11.2/conf/cassandra-env.sh
2018-06-24 20:02:10 [main] INFO  c.g.n.e.c.CassandraStarterTests - Extract /root/.embedded-cassandra/cassandra/3.11.2/apache-cassandra-3.11.2-bin.tar.gz : extract apache-cassandra-3.11.2/conf/cassandra-jaas.config
2018-06-24 20:02:10 [main] INFO  c.g.n.e.c.CassandraStarterTests - Extract /root/.embedded-cassandra/cassandra/3.11.2/apache-cassandra-3.11.2-bin.tar.gz : extract apache-cassandra-3.11.2/conf/cassandra-rackdc.properties
2018-06-24 20:02:10 [main] INFO  c.g.n.e.c.CassandraStarterTests - Extract /root/.embedded-cassandra/cassandra/3.11.2/apache-cassandra-3.11.2-bin.tar.gz : extract apache-cassandra-3.11.2/conf/cassandra-topology.properties
2018-06-24 20:02:10 [main] INFO  c.g.n.e.c.CassandraStarterTests - Extract /root/.embedded-cassandra/cassandra/3.11.2/apache-cassandra-3.11.2-bin.tar.gz : extract apache-cassandra-3.11.2/conf/cassandra.yaml
2018-06-24 20:02:10 [main] INFO  c.g.n.e.c.CassandraStarterTests - Extract /root/.embedded-cassandra/cassandra/3.11.2/apache-cassandra-3.11.2-bin.tar.gz : extract apache-cassandra-3.11.2/conf/commitlog_archiving.properties
2018-06-24 20:02:10 [main] INFO  c.g.n.e.c.CassandraStarterTests - Extract /root/.embedded-cassandra/cassandra/3.11.2/apache-cassandra-3.11.2-bin.tar.gz : extract apache-cassandra-3.11.2/conf/cqlshrc.sample
2018-06-24 20:02:10 [main] INFO  c.g.n.e.c.CassandraStarterTests - Extract /root/.embedded-cassandra/cassandra/3.11.2/apache-cassandra-3.11.2-bin.tar.gz : extract apache-cassandra-3.11.2/conf/hotspot_compiler
2018-06-24 20:02:10 [main] INFO  c.g.n.e.c.CassandraStarterTests - Extract /root/.embedded-cassandra/cassandra/3.11.2/apache-cassandra-3.11.2-bin.tar.gz : extract apache-cassandra-3.11.2/conf/jvm.options
2018-06-24 20:02:10 [main] INFO  c.g.n.e.c.CassandraStarterTests - Extract /root/.embedded-cassandra/cassandra/3.11.2/apache-cassandra-3.11.2-bin.tar.gz : extract apache-cassandra-3.11.2/conf/logback-tools.xml
2018-06-24 20:02:10 [main] INFO  c.g.n.e.c.CassandraStarterTests - Extract /root/.embedded-cassandra/cassandra/3.11.2/apache-cassandra-3.11.2-bin.tar.gz : extract apache-cassandra-3.11.2/conf/logback.xml
2018-06-24 20:02:10 [main] INFO  c.g.n.e.c.CassandraStarterTests - Extract /root/.embedded-cassandra/cassandra/3.11.2/apache-cassandra-3.11.2-bin.tar.gz : extract apache-cassandra-3.11.2/conf/metrics-reporter-config-sample.yaml
2018-06-24 20:02:10 [main] INFO  c.g.n.e.c.CassandraStarterTests - Extract /root/.embedded-cassandra/cassandra/3.11.2/apache-cassandra-3.11.2-bin.tar.gz : extract apache-cassandra-3.11.2/conf/triggers/README.txt
2018-06-24 20:02:10 [main] INFO  c.g.n.e.c.CassandraStarterTests - Extract /root/.embedded-cassandra/cassandra/3.11.2/apache-cassandra-3.11.2-bin.tar.gz : extract apache-cassandra-3.11.2/interface/cassandra.thrift
2018-06-24 20:02:12 [main] INFO  c.g.n.e.c.CassandraStarterTests - Extract /root/.embedded-cassandra/cassandra/3.11.2/apache-cassandra-3.11.2-bin.tar.gz : extract apache-cassandra-3.11.2/lib/HdrHistogram-2.1.9.jar
2018-06-24 20:02:12 [main] INFO  c.g.n.e.c.CassandraStarterTests - Extract /root/.embedded-cassandra/cassandra/3.11.2/apache-cassandra-3.11.2-bin.tar.gz : extract apache-cassandra-3.11.2/lib/ST4-4.0.8.jar
2018-06-24 20:02:12 [main] INFO  c.g.n.e.c.CassandraStarterTests - Extract /root/.embedded-cassandra/cassandra/3.11.2/apache-cassandra-3.11.2-bin.tar.gz : extract apache-cassandra-3.11.2/lib/airline-0.6.jar
2018-06-24 20:02:12 [main] INFO  c.g.n.e.c.CassandraStarterTests - Extract /root/.embedded-cassandra/cassandra/3.11.2/apache-cassandra-3.11.2-bin.tar.gz : extract apache-cassandra-3.11.2/lib/antlr-runtime-3.5.2.jar
2018-06-24 20:02:12 [main] INFO  c.g.n.e.c.CassandraStarterTests - Extract /root/.embedded-cassandra/cassandra/3.11.2/apache-cassandra-3.11.2-bin.tar.gz : extract apache-cassandra-3.11.2/lib/apache-cassandra-3.11.2.jar
2018-06-24 20:02:12 [main] INFO  c.g.n.e.c.CassandraStarterTests - Extract /root/.embedded-cassandra/cassandra/3.11.2/apache-cassandra-3.11.2-bin.tar.gz : extract apache-cassandra-3.11.2/lib/apache-cassandra-thrift-3.11.2.jar
2018-06-24 20:02:12 [main] INFO  c.g.n.e.c.CassandraStarterTests - Extract /root/.embedded-cassandra/cassandra/3.11.2/apache-cassandra-3.11.2-bin.tar.gz : extract apache-cassandra-3.11.2/lib/asm-5.0.4.jar
2018-06-24 20:02:12 [main] INFO  c.g.n.e.c.CassandraStarterTests - Extract /root/.embedded-cassandra/cassandra/3.11.2/apache-cassandra-3.11.2-bin.tar.gz : extract apache-cassandra-3.11.2/lib/caffeine-2.2.6.jar
2018-06-24 20:02:12 [main] INFO  c.g.n.e.c.CassandraStarterTests - Extract /root/.embedded-cassandra/cassandra/3.11.2/apache-cassandra-3.11.2-bin.tar.gz : extract apache-cassandra-3.11.2/lib/cassandra-driver-core-3.0.1-shaded.jar
2018-06-24 20:02:12 [main] INFO  c.g.n.e.c.CassandraStarterTests - Extract /root/.embedded-cassandra/cassandra/3.11.2/apache-cassandra-3.11.2-bin.tar.gz : extract apache-cassandra-3.11.2/lib/cassandra-driver-internal-only-3.10.zip
2018-06-24 20:02:12 [main] INFO  c.g.n.e.c.CassandraStarterTests - Extract /root/.embedded-cassandra/cassandra/3.11.2/apache-cassandra-3.11.2-bin.tar.gz : extract apache-cassandra-3.11.2/lib/cassandra-driver-internal-only-3.11.0-bb96859b.zip
2018-06-24 20:02:12 [main] INFO  c.g.n.e.c.CassandraStarterTests - Extract /root/.embedded-cassandra/cassandra/3.11.2/apache-cassandra-3.11.2-bin.tar.gz : extract apache-cassandra-3.11.2/lib/commons-cli-1.1.jar
2018-06-24 20:02:12 [main] INFO  c.g.n.e.c.CassandraStarterTests - Extract /root/.embedded-cassandra/cassandra/3.11.2/apache-cassandra-3.11.2-bin.tar.gz : extract apache-cassandra-3.11.2/lib/commons-codec-1.9.jar
2018-06-24 20:02:12 [main] INFO  c.g.n.e.c.CassandraStarterTests - Extract /root/.embedded-cassandra/cassandra/3.11.2/apache-cassandra-3.11.2-bin.tar.gz : extract apache-cassandra-3.11.2/lib/commons-lang3-3.1.jar
2018-06-24 20:02:12 [main] INFO  c.g.n.e.c.CassandraStarterTests - Extract /root/.embedded-cassandra/cassandra/3.11.2/apache-cassandra-3.11.2-bin.tar.gz : extract apache-cassandra-3.11.2/lib/commons-math3-3.2.jar
2018-06-24 20:02:12 [main] INFO  c.g.n.e.c.CassandraStarterTests - Extract /root/.embedded-cassandra/cassandra/3.11.2/apache-cassandra-3.11.2-bin.tar.gz : extract apache-cassandra-3.11.2/lib/compress-lzf-0.8.4.jar
2018-06-24 20:02:12 [main] INFO  c.g.n.e.c.CassandraStarterTests - Extract /root/.embedded-cassandra/cassandra/3.11.2/apache-cassandra-3.11.2-bin.tar.gz : extract apache-cassandra-3.11.2/lib/concurrent-trees-2.4.0.jar
2018-06-24 20:02:12 [main] INFO  c.g.n.e.c.CassandraStarterTests - Extract /root/.embedded-cassandra/cassandra/3.11.2/apache-cassandra-3.11.2-bin.tar.gz : extract apache-cassandra-3.11.2/lib/concurrentlinkedhashmap-lru-1.4.jar
2018-06-24 20:02:12 [main] INFO  c.g.n.e.c.CassandraStarterTests - Extract /root/.embedded-cassandra/cassandra/3.11.2/apache-cassandra-3.11.2-bin.tar.gz : extract apache-cassandra-3.11.2/lib/disruptor-3.0.1.jar
2018-06-24 20:02:12 [main] INFO  c.g.n.e.c.CassandraStarterTests - Extract /root/.embedded-cassandra/cassandra/3.11.2/apache-cassandra-3.11.2-bin.tar.gz : extract apache-cassandra-3.11.2/lib/ecj-4.4.2.jar
2018-06-24 20:02:12 [main] INFO  c.g.n.e.c.CassandraStarterTests - Extract /root/.embedded-cassandra/cassandra/3.11.2/apache-cassandra-3.11.2-bin.tar.gz : extract apache-cassandra-3.11.2/lib/futures-2.1.6-py2.py3-none-any.zip
2018-06-24 20:02:12 [main] INFO  c.g.n.e.c.CassandraStarterTests - Extract /root/.embedded-cassandra/cassandra/3.11.2/apache-cassandra-3.11.2-bin.tar.gz : extract apache-cassandra-3.11.2/lib/guava-18.0.jar
2018-06-24 20:02:12 [main] INFO  c.g.n.e.c.CassandraStarterTests - Extract /root/.embedded-cassandra/cassandra/3.11.2/apache-cassandra-3.11.2-bin.tar.gz : extract apache-cassandra-3.11.2/lib/high-scale-lib-1.0.6.jar
2018-06-24 20:02:12 [main] INFO  c.g.n.e.c.CassandraStarterTests - Extract /root/.embedded-cassandra/cassandra/3.11.2/apache-cassandra-3.11.2-bin.tar.gz : extract apache-cassandra-3.11.2/lib/hppc-0.5.4.jar
2018-06-24 20:02:12 [main] INFO  c.g.n.e.c.CassandraStarterTests - Extract /root/.embedded-cassandra/cassandra/3.11.2/apache-cassandra-3.11.2-bin.tar.gz : extract apache-cassandra-3.11.2/lib/jackson-core-asl-1.9.13.jar
2018-06-24 20:02:12 [main] INFO  c.g.n.e.c.CassandraStarterTests - Extract /root/.embedded-cassandra/cassandra/3.11.2/apache-cassandra-3.11.2-bin.tar.gz : extract apache-cassandra-3.11.2/lib/jackson-mapper-asl-1.9.13.jar
2018-06-24 20:02:12 [main] INFO  c.g.n.e.c.CassandraStarterTests - Extract /root/.embedded-cassandra/cassandra/3.11.2/apache-cassandra-3.11.2-bin.tar.gz : extract apache-cassandra-3.11.2/lib/jamm-0.3.0.jar
2018-06-24 20:02:12 [main] INFO  c.g.n.e.c.CassandraStarterTests - Extract /root/.embedded-cassandra/cassandra/3.11.2/apache-cassandra-3.11.2-bin.tar.gz : extract apache-cassandra-3.11.2/lib/javax.inject.jar
2018-06-24 20:02:12 [main] INFO  c.g.n.e.c.CassandraStarterTests - Extract /root/.embedded-cassandra/cassandra/3.11.2/apache-cassandra-3.11.2-bin.tar.gz : extract apache-cassandra-3.11.2/lib/jbcrypt-0.3m.jar
2018-06-24 20:02:12 [main] INFO  c.g.n.e.c.CassandraStarterTests - Extract /root/.embedded-cassandra/cassandra/3.11.2/apache-cassandra-3.11.2-bin.tar.gz : extract apache-cassandra-3.11.2/lib/jcl-over-slf4j-1.7.7.jar
2018-06-24 20:02:12 [main] INFO  c.g.n.e.c.CassandraStarterTests - Extract /root/.embedded-cassandra/cassandra/3.11.2/apache-cassandra-3.11.2-bin.tar.gz : extract apache-cassandra-3.11.2/lib/jctools-core-1.2.1.jar
2018-06-24 20:02:12 [main] INFO  c.g.n.e.c.CassandraStarterTests - Extract /root/.embedded-cassandra/cassandra/3.11.2/apache-cassandra-3.11.2-bin.tar.gz : extract apache-cassandra-3.11.2/lib/jflex-1.6.0.jar
2018-06-24 20:02:12 [main] INFO  c.g.n.e.c.CassandraStarterTests - Extract /root/.embedded-cassandra/cassandra/3.11.2/apache-cassandra-3.11.2-bin.tar.gz : extract apache-cassandra-3.11.2/lib/jna-4.2.2.jar
2018-06-24 20:02:12 [main] INFO  c.g.n.e.c.CassandraStarterTests - Extract /root/.embedded-cassandra/cassandra/3.11.2/apache-cassandra-3.11.2-bin.tar.gz : extract apache-cassandra-3.11.2/lib/joda-time-2.4.jar
2018-06-24 20:02:12 [main] INFO  c.g.n.e.c.CassandraStarterTests - Extract /root/.embedded-cassandra/cassandra/3.11.2/apache-cassandra-3.11.2-bin.tar.gz : extract apache-cassandra-3.11.2/lib/json-simple-1.1.jar
2018-06-24 20:02:12 [main] INFO  c.g.n.e.c.CassandraStarterTests - Extract /root/.embedded-cassandra/cassandra/3.11.2/apache-cassandra-3.11.2-bin.tar.gz : extract apache-cassandra-3.11.2/lib/jstackjunit-0.0.1.jar
2018-06-24 20:02:12 [main] INFO  c.g.n.e.c.CassandraStarterTests - Extract /root/.embedded-cassandra/cassandra/3.11.2/apache-cassandra-3.11.2-bin.tar.gz : extract apache-cassandra-3.11.2/lib/libthrift-0.9.2.jar
2018-06-24 20:02:12 [main] INFO  c.g.n.e.c.CassandraStarterTests - Extract /root/.embedded-cassandra/cassandra/3.11.2/apache-cassandra-3.11.2-bin.tar.gz : extract apache-cassandra-3.11.2/lib/log4j-over-slf4j-1.7.7.jar
2018-06-24 20:02:12 [main] INFO  c.g.n.e.c.CassandraStarterTests - Extract /root/.embedded-cassandra/cassandra/3.11.2/apache-cassandra-3.11.2-bin.tar.gz : extract apache-cassandra-3.11.2/lib/logback-classic-1.1.3.jar
2018-06-24 20:02:12 [main] INFO  c.g.n.e.c.CassandraStarterTests - Extract /root/.embedded-cassandra/cassandra/3.11.2/apache-cassandra-3.11.2-bin.tar.gz : extract apache-cassandra-3.11.2/lib/logback-core-1.1.3.jar
2018-06-24 20:02:12 [main] INFO  c.g.n.e.c.CassandraStarterTests - Extract /root/.embedded-cassandra/cassandra/3.11.2/apache-cassandra-3.11.2-bin.tar.gz : extract apache-cassandra-3.11.2/lib/lz4-1.3.0.jar
2018-06-24 20:02:12 [main] INFO  c.g.n.e.c.CassandraStarterTests - Extract /root/.embedded-cassandra/cassandra/3.11.2/apache-cassandra-3.11.2-bin.tar.gz : extract apache-cassandra-3.11.2/lib/metrics-core-3.1.0.jar
2018-06-24 20:02:12 [main] INFO  c.g.n.e.c.CassandraStarterTests - Extract /root/.embedded-cassandra/cassandra/3.11.2/apache-cassandra-3.11.2-bin.tar.gz : extract apache-cassandra-3.11.2/lib/metrics-jvm-3.1.0.jar
2018-06-24 20:02:12 [main] INFO  c.g.n.e.c.CassandraStarterTests - Extract /root/.embedded-cassandra/cassandra/3.11.2/apache-cassandra-3.11.2-bin.tar.gz : extract apache-cassandra-3.11.2/lib/metrics-logback-3.1.0.jar
2018-06-24 20:02:12 [main] INFO  c.g.n.e.c.CassandraStarterTests - Extract /root/.embedded-cassandra/cassandra/3.11.2/apache-cassandra-3.11.2-bin.tar.gz : extract apache-cassandra-3.11.2/lib/netty-all-4.0.44.Final.jar
2018-06-24 20:02:12 [main] INFO  c.g.n.e.c.CassandraStarterTests - Extract /root/.embedded-cassandra/cassandra/3.11.2/apache-cassandra-3.11.2-bin.tar.gz : extract apache-cassandra-3.11.2/lib/ohc-core-0.4.4.jar
2018-06-24 20:02:12 [main] INFO  c.g.n.e.c.CassandraStarterTests - Extract /root/.embedded-cassandra/cassandra/3.11.2/apache-cassandra-3.11.2-bin.tar.gz : extract apache-cassandra-3.11.2/lib/ohc-core-j8-0.4.4.jar
2018-06-24 20:02:12 [main] INFO  c.g.n.e.c.CassandraStarterTests - Extract /root/.embedded-cassandra/cassandra/3.11.2/apache-cassandra-3.11.2-bin.tar.gz : extract apache-cassandra-3.11.2/lib/reporter-config-base-3.0.3.jar
2018-06-24 20:02:12 [main] INFO  c.g.n.e.c.CassandraStarterTests - Extract /root/.embedded-cassandra/cassandra/3.11.2/apache-cassandra-3.11.2-bin.tar.gz : extract apache-cassandra-3.11.2/lib/reporter-config3-3.0.3.jar
2018-06-24 20:02:12 [main] INFO  c.g.n.e.c.CassandraStarterTests - Extract /root/.embedded-cassandra/cassandra/3.11.2/apache-cassandra-3.11.2-bin.tar.gz : extract apache-cassandra-3.11.2/lib/sigar-1.6.4.jar
2018-06-24 20:02:12 [main] INFO  c.g.n.e.c.CassandraStarterTests - Extract /root/.embedded-cassandra/cassandra/3.11.2/apache-cassandra-3.11.2-bin.tar.gz : extract apache-cassandra-3.11.2/lib/sigar-bin/libsigar-amd64-freebsd-6.so
2018-06-24 20:02:12 [main] INFO  c.g.n.e.c.CassandraStarterTests - Extract /root/.embedded-cassandra/cassandra/3.11.2/apache-cassandra-3.11.2-bin.tar.gz : extract apache-cassandra-3.11.2/lib/sigar-bin/libsigar-amd64-linux.so
2018-06-24 20:02:12 [main] INFO  c.g.n.e.c.CassandraStarterTests - Extract /root/.embedded-cassandra/cassandra/3.11.2/apache-cassandra-3.11.2-bin.tar.gz : extract apache-cassandra-3.11.2/lib/sigar-bin/libsigar-amd64-solaris.so
2018-06-24 20:02:12 [main] INFO  c.g.n.e.c.CassandraStarterTests - Extract /root/.embedded-cassandra/cassandra/3.11.2/apache-cassandra-3.11.2-bin.tar.gz : extract apache-cassandra-3.11.2/lib/sigar-bin/libsigar-ia64-hpux-11.sl
2018-06-24 20:02:12 [main] INFO  c.g.n.e.c.CassandraStarterTests - Extract /root/.embedded-cassandra/cassandra/3.11.2/apache-cassandra-3.11.2-bin.tar.gz : extract apache-cassandra-3.11.2/lib/sigar-bin/libsigar-ia64-linux.so
2018-06-24 20:02:12 [main] INFO  c.g.n.e.c.CassandraStarterTests - Extract /root/.embedded-cassandra/cassandra/3.11.2/apache-cassandra-3.11.2-bin.tar.gz : extract apache-cassandra-3.11.2/lib/sigar-bin/libsigar-pa-hpux-11.sl
2018-06-24 20:02:12 [main] INFO  c.g.n.e.c.CassandraStarterTests - Extract /root/.embedded-cassandra/cassandra/3.11.2/apache-cassandra-3.11.2-bin.tar.gz : extract apache-cassandra-3.11.2/lib/sigar-bin/libsigar-ppc-aix-5.so
2018-06-24 20:02:12 [main] INFO  c.g.n.e.c.CassandraStarterTests - Extract /root/.embedded-cassandra/cassandra/3.11.2/apache-cassandra-3.11.2-bin.tar.gz : extract apache-cassandra-3.11.2/lib/sigar-bin/libsigar-ppc-linux.so
2018-06-24 20:02:12 [main] INFO  c.g.n.e.c.CassandraStarterTests - Extract /root/.embedded-cassandra/cassandra/3.11.2/apache-cassandra-3.11.2-bin.tar.gz : extract apache-cassandra-3.11.2/lib/sigar-bin/libsigar-ppc64-aix-5.so
2018-06-24 20:02:12 [main] INFO  c.g.n.e.c.CassandraStarterTests - Extract /root/.embedded-cassandra/cassandra/3.11.2/apache-cassandra-3.11.2-bin.tar.gz : extract apache-cassandra-3.11.2/lib/sigar-bin/libsigar-ppc64-linux.so
2018-06-24 20:02:12 [main] INFO  c.g.n.e.c.CassandraStarterTests - Extract /root/.embedded-cassandra/cassandra/3.11.2/apache-cassandra-3.11.2-bin.tar.gz : extract apache-cassandra-3.11.2/lib/sigar-bin/libsigar-s390x-linux.so
2018-06-24 20:02:12 [main] INFO  c.g.n.e.c.CassandraStarterTests - Extract /root/.embedded-cassandra/cassandra/3.11.2/apache-cassandra-3.11.2-bin.tar.gz : extract apache-cassandra-3.11.2/lib/sigar-bin/libsigar-sparc-solaris.so
2018-06-24 20:02:12 [main] INFO  c.g.n.e.c.CassandraStarterTests - Extract /root/.embedded-cassandra/cassandra/3.11.2/apache-cassandra-3.11.2-bin.tar.gz : extract apache-cassandra-3.11.2/lib/sigar-bin/libsigar-sparc64-solaris.so
2018-06-24 20:02:12 [main] INFO  c.g.n.e.c.CassandraStarterTests - Extract /root/.embedded-cassandra/cassandra/3.11.2/apache-cassandra-3.11.2-bin.tar.gz : extract apache-cassandra-3.11.2/lib/sigar-bin/libsigar-universal-macosx.dylib
2018-06-24 20:02:12 [main] INFO  c.g.n.e.c.CassandraStarterTests - Extract /root/.embedded-cassandra/cassandra/3.11.2/apache-cassandra-3.11.2-bin.tar.gz : extract apache-cassandra-3.11.2/lib/sigar-bin/libsigar-universal64-macosx.dylib
2018-06-24 20:02:12 [main] INFO  c.g.n.e.c.CassandraStarterTests - Extract /root/.embedded-cassandra/cassandra/3.11.2/apache-cassandra-3.11.2-bin.tar.gz : extract apache-cassandra-3.11.2/lib/sigar-bin/libsigar-x86-freebsd-5.so
2018-06-24 20:02:12 [main] INFO  c.g.n.e.c.CassandraStarterTests - Extract /root/.embedded-cassandra/cassandra/3.11.2/apache-cassandra-3.11.2-bin.tar.gz : extract apache-cassandra-3.11.2/lib/sigar-bin/libsigar-x86-freebsd-6.so
2018-06-24 20:02:12 [main] INFO  c.g.n.e.c.CassandraStarterTests - Extract /root/.embedded-cassandra/cassandra/3.11.2/apache-cassandra-3.11.2-bin.tar.gz : extract apache-cassandra-3.11.2/lib/sigar-bin/libsigar-x86-linux.so
2018-06-24 20:02:12 [main] INFO  c.g.n.e.c.CassandraStarterTests - Extract /root/.embedded-cassandra/cassandra/3.11.2/apache-cassandra-3.11.2-bin.tar.gz : extract apache-cassandra-3.11.2/lib/sigar-bin/libsigar-x86-solaris.so
2018-06-24 20:02:12 [main] INFO  c.g.n.e.c.CassandraStarterTests - Extract /root/.embedded-cassandra/cassandra/3.11.2/apache-cassandra-3.11.2-bin.tar.gz : extract apache-cassandra-3.11.2/lib/sigar-bin/sigar-amd64-winnt.dll
2018-06-24 20:02:12 [main] INFO  c.g.n.e.c.CassandraStarterTests - Extract /root/.embedded-cassandra/cassandra/3.11.2/apache-cassandra-3.11.2-bin.tar.gz : extract apache-cassandra-3.11.2/lib/sigar-bin/sigar-x86-winnt.dll
2018-06-24 20:02:12 [main] INFO  c.g.n.e.c.CassandraStarterTests - Extract /root/.embedded-cassandra/cassandra/3.11.2/apache-cassandra-3.11.2-bin.tar.gz : extract apache-cassandra-3.11.2/lib/sigar-bin/sigar-x86-winnt.lib
2018-06-24 20:02:12 [main] INFO  c.g.n.e.c.CassandraStarterTests - Extract /root/.embedded-cassandra/cassandra/3.11.2/apache-cassandra-3.11.2-bin.tar.gz : extract apache-cassandra-3.11.2/lib/six-1.7.3-py2.py3-none-any.zip
2018-06-24 20:02:12 [main] INFO  c.g.n.e.c.CassandraStarterTests - Extract /root/.embedded-cassandra/cassandra/3.11.2/apache-cassandra-3.11.2-bin.tar.gz : extract apache-cassandra-3.11.2/lib/slf4j-api-1.7.7.jar
2018-06-24 20:02:12 [main] INFO  c.g.n.e.c.CassandraStarterTests - Extract /root/.embedded-cassandra/cassandra/3.11.2/apache-cassandra-3.11.2-bin.tar.gz : extract apache-cassandra-3.11.2/lib/snakeyaml-1.11.jar
2018-06-24 20:02:12 [main] INFO  c.g.n.e.c.CassandraStarterTests - Extract /root/.embedded-cassandra/cassandra/3.11.2/apache-cassandra-3.11.2-bin.tar.gz : extract apache-cassandra-3.11.2/lib/snappy-java-1.1.1.7.jar
2018-06-24 20:02:12 [main] INFO  c.g.n.e.c.CassandraStarterTests - Extract /root/.embedded-cassandra/cassandra/3.11.2/apache-cassandra-3.11.2-bin.tar.gz : extract apache-cassandra-3.11.2/lib/snowball-stemmer-1.3.0.581.1.jar
2018-06-24 20:02:12 [main] INFO  c.g.n.e.c.CassandraStarterTests - Extract /root/.embedded-cassandra/cassandra/3.11.2/apache-cassandra-3.11.2-bin.tar.gz : extract apache-cassandra-3.11.2/lib/stream-2.5.2.jar
2018-06-24 20:02:12 [main] INFO  c.g.n.e.c.CassandraStarterTests - Extract /root/.embedded-cassandra/cassandra/3.11.2/apache-cassandra-3.11.2-bin.tar.gz : extract apache-cassandra-3.11.2/lib/thrift-server-0.3.7.jar
2018-06-24 20:02:12 [main] INFO  c.g.n.e.c.CassandraStarterTests - Extract /root/.embedded-cassandra/cassandra/3.11.2/apache-cassandra-3.11.2-bin.tar.gz : extract apache-cassandra-3.11.2/pylib/cqlshlib/__init__.py
2018-06-24 20:02:12 [main] INFO  c.g.n.e.c.CassandraStarterTests - Extract /root/.embedded-cassandra/cassandra/3.11.2/apache-cassandra-3.11.2-bin.tar.gz : extract apache-cassandra-3.11.2/pylib/cqlshlib/copyutil.py
2018-06-24 20:02:12 [main] INFO  c.g.n.e.c.CassandraStarterTests - Extract /root/.embedded-cassandra/cassandra/3.11.2/apache-cassandra-3.11.2-bin.tar.gz : extract apache-cassandra-3.11.2/pylib/cqlshlib/cql3handling.py
2018-06-24 20:02:12 [main] INFO  c.g.n.e.c.CassandraStarterTests - Extract /root/.embedded-cassandra/cassandra/3.11.2/apache-cassandra-3.11.2-bin.tar.gz : extract apache-cassandra-3.11.2/pylib/cqlshlib/cqlhandling.py
2018-06-24 20:02:12 [main] INFO  c.g.n.e.c.CassandraStarterTests - Extract /root/.embedded-cassandra/cassandra/3.11.2/apache-cassandra-3.11.2-bin.tar.gz : extract apache-cassandra-3.11.2/pylib/cqlshlib/cqlshhandling.py
2018-06-24 20:02:12 [main] INFO  c.g.n.e.c.CassandraStarterTests - Extract /root/.embedded-cassandra/cassandra/3.11.2/apache-cassandra-3.11.2-bin.tar.gz : extract apache-cassandra-3.11.2/pylib/cqlshlib/displaying.py
2018-06-24 20:02:12 [main] INFO  c.g.n.e.c.CassandraStarterTests - Extract /root/.embedded-cassandra/cassandra/3.11.2/apache-cassandra-3.11.2-bin.tar.gz : extract apache-cassandra-3.11.2/pylib/cqlshlib/formatting.py
2018-06-24 20:02:12 [main] INFO  c.g.n.e.c.CassandraStarterTests - Extract /root/.embedded-cassandra/cassandra/3.11.2/apache-cassandra-3.11.2-bin.tar.gz : extract apache-cassandra-3.11.2/pylib/cqlshlib/helptopics.py
2018-06-24 20:02:12 [main] INFO  c.g.n.e.c.CassandraStarterTests - Extract /root/.embedded-cassandra/cassandra/3.11.2/apache-cassandra-3.11.2-bin.tar.gz : extract apache-cassandra-3.11.2/pylib/cqlshlib/pylexotron.py
2018-06-24 20:02:12 [main] INFO  c.g.n.e.c.CassandraStarterTests - Extract /root/.embedded-cassandra/cassandra/3.11.2/apache-cassandra-3.11.2-bin.tar.gz : extract apache-cassandra-3.11.2/pylib/cqlshlib/saferscanner.py
2018-06-24 20:02:12 [main] INFO  c.g.n.e.c.CassandraStarterTests - Extract /root/.embedded-cassandra/cassandra/3.11.2/apache-cassandra-3.11.2-bin.tar.gz : extract apache-cassandra-3.11.2/pylib/cqlshlib/sslhandling.py
2018-06-24 20:02:12 [main] INFO  c.g.n.e.c.CassandraStarterTests - Extract /root/.embedded-cassandra/cassandra/3.11.2/apache-cassandra-3.11.2-bin.tar.gz : extract apache-cassandra-3.11.2/pylib/cqlshlib/test/__init__.py
2018-06-24 20:02:12 [main] INFO  c.g.n.e.c.CassandraStarterTests - Extract /root/.embedded-cassandra/cassandra/3.11.2/apache-cassandra-3.11.2-bin.tar.gz : extract apache-cassandra-3.11.2/pylib/cqlshlib/test/ansi_colors.py
2018-06-24 20:02:12 [main] INFO  c.g.n.e.c.CassandraStarterTests - Extract /root/.embedded-cassandra/cassandra/3.11.2/apache-cassandra-3.11.2-bin.tar.gz : extract apache-cassandra-3.11.2/pylib/cqlshlib/test/basecase.py
2018-06-24 20:02:12 [main] INFO  c.g.n.e.c.CassandraStarterTests - Extract /root/.embedded-cassandra/cassandra/3.11.2/apache-cassandra-3.11.2-bin.tar.gz : extract apache-cassandra-3.11.2/pylib/cqlshlib/test/cassconnect.py
2018-06-24 20:02:12 [main] INFO  c.g.n.e.c.CassandraStarterTests - Extract /root/.embedded-cassandra/cassandra/3.11.2/apache-cassandra-3.11.2-bin.tar.gz : extract apache-cassandra-3.11.2/pylib/cqlshlib/test/run_cqlsh.py
2018-06-24 20:02:12 [main] INFO  c.g.n.e.c.CassandraStarterTests - Extract /root/.embedded-cassandra/cassandra/3.11.2/apache-cassandra-3.11.2-bin.tar.gz : extract apache-cassandra-3.11.2/pylib/cqlshlib/test/test_cql_parsing.py
2018-06-24 20:02:12 [main] INFO  c.g.n.e.c.CassandraStarterTests - Extract /root/.embedded-cassandra/cassandra/3.11.2/apache-cassandra-3.11.2-bin.tar.gz : extract apache-cassandra-3.11.2/pylib/cqlshlib/test/test_cqlsh_commands.py
2018-06-24 20:02:12 [main] INFO  c.g.n.e.c.CassandraStarterTests - Extract /root/.embedded-cassandra/cassandra/3.11.2/apache-cassandra-3.11.2-bin.tar.gz : extract apache-cassandra-3.11.2/pylib/cqlshlib/test/test_cqlsh_completion.py
2018-06-24 20:02:12 [main] INFO  c.g.n.e.c.CassandraStarterTests - Extract /root/.embedded-cassandra/cassandra/3.11.2/apache-cassandra-3.11.2-bin.tar.gz : extract apache-cassandra-3.11.2/pylib/cqlshlib/test/test_cqlsh_invocation.py
2018-06-24 20:02:12 [main] INFO  c.g.n.e.c.CassandraStarterTests - Extract /root/.embedded-cassandra/cassandra/3.11.2/apache-cassandra-3.11.2-bin.tar.gz : extract apache-cassandra-3.11.2/pylib/cqlshlib/test/test_cqlsh_output.py
2018-06-24 20:02:12 [main] INFO  c.g.n.e.c.CassandraStarterTests - Extract /root/.embedded-cassandra/cassandra/3.11.2/apache-cassandra-3.11.2-bin.tar.gz : extract apache-cassandra-3.11.2/pylib/cqlshlib/test/test_cqlsh_parsing.py
2018-06-24 20:02:12 [main] INFO  c.g.n.e.c.CassandraStarterTests - Extract /root/.embedded-cassandra/cassandra/3.11.2/apache-cassandra-3.11.2-bin.tar.gz : extract apache-cassandra-3.11.2/pylib/cqlshlib/test/test_keyspace_init.cql
2018-06-24 20:02:12 [main] INFO  c.g.n.e.c.CassandraStarterTests - Extract /root/.embedded-cassandra/cassandra/3.11.2/apache-cassandra-3.11.2-bin.tar.gz : extract apache-cassandra-3.11.2/pylib/cqlshlib/test/winpty.py
2018-06-24 20:02:12 [main] INFO  c.g.n.e.c.CassandraStarterTests - Extract /root/.embedded-cassandra/cassandra/3.11.2/apache-cassandra-3.11.2-bin.tar.gz : extract apache-cassandra-3.11.2/pylib/cqlshlib/tracing.py
2018-06-24 20:02:12 [main] INFO  c.g.n.e.c.CassandraStarterTests - Extract /root/.embedded-cassandra/cassandra/3.11.2/apache-cassandra-3.11.2-bin.tar.gz : extract apache-cassandra-3.11.2/pylib/cqlshlib/util.py
2018-06-24 20:02:12 [main] INFO  c.g.n.e.c.CassandraStarterTests - Extract /root/.embedded-cassandra/cassandra/3.11.2/apache-cassandra-3.11.2-bin.tar.gz : extract apache-cassandra-3.11.2/pylib/cqlshlib/wcwidth.py
2018-06-24 20:02:12 [main] INFO  c.g.n.e.c.CassandraStarterTests - Extract /root/.embedded-cassandra/cassandra/3.11.2/apache-cassandra-3.11.2-bin.tar.gz : extract apache-cassandra-3.11.2/pylib/setup.py
2018-06-24 20:02:12 [main] INFO  c.g.n.e.c.CassandraStarterTests - Extract /root/.embedded-cassandra/cassandra/3.11.2/apache-cassandra-3.11.2-bin.tar.gz : extract apache-cassandra-3.11.2/tools/bin/cassandra-stress
2018-06-24 20:02:12 [main] INFO  c.g.n.e.c.CassandraStarterTests - Extract /root/.embedded-cassandra/cassandra/3.11.2/apache-cassandra-3.11.2-bin.tar.gz : extract apache-cassandra-3.11.2/tools/bin/cassandra-stress.bat
2018-06-24 20:02:12 [main] INFO  c.g.n.e.c.CassandraStarterTests - Extract /root/.embedded-cassandra/cassandra/3.11.2/apache-cassandra-3.11.2-bin.tar.gz : extract apache-cassandra-3.11.2/tools/bin/cassandra-stressd
2018-06-24 20:02:12 [main] INFO  c.g.n.e.c.CassandraStarterTests - Extract /root/.embedded-cassandra/cassandra/3.11.2/apache-cassandra-3.11.2-bin.tar.gz : extract apache-cassandra-3.11.2/tools/bin/cassandra.in.bat
2018-06-24 20:02:12 [main] INFO  c.g.n.e.c.CassandraStarterTests - Extract /root/.embedded-cassandra/cassandra/3.11.2/apache-cassandra-3.11.2-bin.tar.gz : extract apache-cassandra-3.11.2/tools/bin/cassandra.in.sh
2018-06-24 20:02:12 [main] INFO  c.g.n.e.c.CassandraStarterTests - Extract /root/.embedded-cassandra/cassandra/3.11.2/apache-cassandra-3.11.2-bin.tar.gz : extract apache-cassandra-3.11.2/tools/bin/compaction-stress
2018-06-24 20:02:12 [main] INFO  c.g.n.e.c.CassandraStarterTests - Extract /root/.embedded-cassandra/cassandra/3.11.2/apache-cassandra-3.11.2-bin.tar.gz : extract apache-cassandra-3.11.2/tools/bin/sstabledump
2018-06-24 20:02:12 [main] INFO  c.g.n.e.c.CassandraStarterTests - Extract /root/.embedded-cassandra/cassandra/3.11.2/apache-cassandra-3.11.2-bin.tar.gz : extract apache-cassandra-3.11.2/tools/bin/sstabledump.bat
2018-06-24 20:02:12 [main] INFO  c.g.n.e.c.CassandraStarterTests - Extract /root/.embedded-cassandra/cassandra/3.11.2/apache-cassandra-3.11.2-bin.tar.gz : extract apache-cassandra-3.11.2/tools/bin/sstableexpiredblockers
2018-06-24 20:02:12 [main] INFO  c.g.n.e.c.CassandraStarterTests - Extract /root/.embedded-cassandra/cassandra/3.11.2/apache-cassandra-3.11.2-bin.tar.gz : extract apache-cassandra-3.11.2/tools/bin/sstableexpiredblockers.bat
2018-06-24 20:02:12 [main] INFO  c.g.n.e.c.CassandraStarterTests - Extract /root/.embedded-cassandra/cassandra/3.11.2/apache-cassandra-3.11.2-bin.tar.gz : extract apache-cassandra-3.11.2/tools/bin/sstablelevelreset
2018-06-24 20:02:12 [main] INFO  c.g.n.e.c.CassandraStarterTests - Extract /root/.embedded-cassandra/cassandra/3.11.2/apache-cassandra-3.11.2-bin.tar.gz : extract apache-cassandra-3.11.2/tools/bin/sstablelevelreset.bat
2018-06-24 20:02:12 [main] INFO  c.g.n.e.c.CassandraStarterTests - Extract /root/.embedded-cassandra/cassandra/3.11.2/apache-cassandra-3.11.2-bin.tar.gz : extract apache-cassandra-3.11.2/tools/bin/sstablemetadata
2018-06-24 20:02:12 [main] INFO  c.g.n.e.c.CassandraStarterTests - Extract /root/.embedded-cassandra/cassandra/3.11.2/apache-cassandra-3.11.2-bin.tar.gz : extract apache-cassandra-3.11.2/tools/bin/sstablemetadata.bat
2018-06-24 20:02:12 [main] INFO  c.g.n.e.c.CassandraStarterTests - Extract /root/.embedded-cassandra/cassandra/3.11.2/apache-cassandra-3.11.2-bin.tar.gz : extract apache-cassandra-3.11.2/tools/bin/sstableofflinerelevel
2018-06-24 20:02:12 [main] INFO  c.g.n.e.c.CassandraStarterTests - Extract /root/.embedded-cassandra/cassandra/3.11.2/apache-cassandra-3.11.2-bin.tar.gz : extract apache-cassandra-3.11.2/tools/bin/sstableofflinerelevel.bat
2018-06-24 20:02:12 [main] INFO  c.g.n.e.c.CassandraStarterTests - Extract /root/.embedded-cassandra/cassandra/3.11.2/apache-cassandra-3.11.2-bin.tar.gz : extract apache-cassandra-3.11.2/tools/bin/sstablerepairedset
2018-06-24 20:02:12 [main] INFO  c.g.n.e.c.CassandraStarterTests - Extract /root/.embedded-cassandra/cassandra/3.11.2/apache-cassandra-3.11.2-bin.tar.gz : extract apache-cassandra-3.11.2/tools/bin/sstablerepairedset.bat
2018-06-24 20:02:12 [main] INFO  c.g.n.e.c.CassandraStarterTests - Extract /root/.embedded-cassandra/cassandra/3.11.2/apache-cassandra-3.11.2-bin.tar.gz : extract apache-cassandra-3.11.2/tools/bin/sstablesplit
2018-06-24 20:02:12 [main] INFO  c.g.n.e.c.CassandraStarterTests - Extract /root/.embedded-cassandra/cassandra/3.11.2/apache-cassandra-3.11.2-bin.tar.gz : extract apache-cassandra-3.11.2/tools/bin/sstablesplit.bat
2018-06-24 20:02:12 [main] INFO  c.g.n.e.c.CassandraStarterTests - Extract /root/.embedded-cassandra/cassandra/3.11.2/apache-cassandra-3.11.2-bin.tar.gz : extract apache-cassandra-3.11.2/tools/cqlstress-counter-example.yaml
2018-06-24 20:02:12 [main] INFO  c.g.n.e.c.CassandraStarterTests - Extract /root/.embedded-cassandra/cassandra/3.11.2/apache-cassandra-3.11.2-bin.tar.gz : extract apache-cassandra-3.11.2/tools/cqlstress-example.yaml
2018-06-24 20:02:12 [main] INFO  c.g.n.e.c.CassandraStarterTests - Extract /root/.embedded-cassandra/cassandra/3.11.2/apache-cassandra-3.11.2-bin.tar.gz : extract apache-cassandra-3.11.2/tools/cqlstress-insanity-example.yaml
2018-06-24 20:02:12 [main] INFO  c.g.n.e.c.CassandraStarterTests - Extract /root/.embedded-cassandra/cassandra/3.11.2/apache-cassandra-3.11.2-bin.tar.gz : extract apache-cassandra-3.11.2/tools/lib/stress.jar
2018-06-24 20:02:12 [main] INFO  c.g.n.e.c.CassandraStarterTests - Extract /root/.embedded-cassandra/cassandra/3.11.2/apache-cassandra-3.11.2-bin.tar.gz : extract apache-cassandra-3.11.2/bin/cassandra.in.sh
2018-06-24 20:02:12 [main] INFO  c.g.n.e.c.CassandraStarterTests - Extract /root/.embedded-cassandra/cassandra/3.11.2/apache-cassandra-3.11.2-bin.tar.gz : extract apache-cassandra-3.11.2/bin/cassandra
2018-06-24 20:02:12 [main] INFO  c.g.n.e.c.CassandraStarterTests - Extract /root/.embedded-cassandra/cassandra/3.11.2/apache-cassandra-3.11.2-bin.tar.gz : extract apache-cassandra-3.11.2/bin/cassandra.bat
2018-06-24 20:02:12 [main] INFO  c.g.n.e.c.CassandraStarterTests - Extract /root/.embedded-cassandra/cassandra/3.11.2/apache-cassandra-3.11.2-bin.tar.gz : extract apache-cassandra-3.11.2/bin/cassandra.in.bat
2018-06-24 20:02:12 [main] INFO  c.g.n.e.c.CassandraStarterTests - Extract /root/.embedded-cassandra/cassandra/3.11.2/apache-cassandra-3.11.2-bin.tar.gz : extract apache-cassandra-3.11.2/bin/cqlsh
2018-06-24 20:02:12 [main] INFO  c.g.n.e.c.CassandraStarterTests - Extract /root/.embedded-cassandra/cassandra/3.11.2/apache-cassandra-3.11.2-bin.tar.gz : extract apache-cassandra-3.11.2/bin/cqlsh.bat
2018-06-24 20:02:12 [main] INFO  c.g.n.e.c.CassandraStarterTests - Extract /root/.embedded-cassandra/cassandra/3.11.2/apache-cassandra-3.11.2-bin.tar.gz : extract apache-cassandra-3.11.2/bin/cqlsh.py
2018-06-24 20:02:12 [main] INFO  c.g.n.e.c.CassandraStarterTests - Extract /root/.embedded-cassandra/cassandra/3.11.2/apache-cassandra-3.11.2-bin.tar.gz : extract apache-cassandra-3.11.2/bin/debug-cql
2018-06-24 20:02:12 [main] INFO  c.g.n.e.c.CassandraStarterTests - Extract /root/.embedded-cassandra/cassandra/3.11.2/apache-cassandra-3.11.2-bin.tar.gz : extract apache-cassandra-3.11.2/bin/debug-cql.bat
2018-06-24 20:02:12 [main] INFO  c.g.n.e.c.CassandraStarterTests - Extract /root/.embedded-cassandra/cassandra/3.11.2/apache-cassandra-3.11.2-bin.tar.gz : extract apache-cassandra-3.11.2/bin/nodetool
2018-06-24 20:02:12 [main] INFO  c.g.n.e.c.CassandraStarterTests - Extract /root/.embedded-cassandra/cassandra/3.11.2/apache-cassandra-3.11.2-bin.tar.gz : extract apache-cassandra-3.11.2/bin/nodetool.bat
2018-06-24 20:02:12 [main] INFO  c.g.n.e.c.CassandraStarterTests - Extract /root/.embedded-cassandra/cassandra/3.11.2/apache-cassandra-3.11.2-bin.tar.gz : extract apache-cassandra-3.11.2/bin/source-conf.ps1
2018-06-24 20:02:12 [main] INFO  c.g.n.e.c.CassandraStarterTests - Extract /root/.embedded-cassandra/cassandra/3.11.2/apache-cassandra-3.11.2-bin.tar.gz : extract apache-cassandra-3.11.2/bin/sstableloader
2018-06-24 20:02:12 [main] INFO  c.g.n.e.c.CassandraStarterTests - Extract /root/.embedded-cassandra/cassandra/3.11.2/apache-cassandra-3.11.2-bin.tar.gz : extract apache-cassandra-3.11.2/bin/sstableloader.bat
2018-06-24 20:02:12 [main] INFO  c.g.n.e.c.CassandraStarterTests - Extract /root/.embedded-cassandra/cassandra/3.11.2/apache-cassandra-3.11.2-bin.tar.gz : extract apache-cassandra-3.11.2/bin/sstablescrub
2018-06-24 20:02:12 [main] INFO  c.g.n.e.c.CassandraStarterTests - Extract /root/.embedded-cassandra/cassandra/3.11.2/apache-cassandra-3.11.2-bin.tar.gz : extract apache-cassandra-3.11.2/bin/sstablescrub.bat
2018-06-24 20:02:12 [main] INFO  c.g.n.e.c.CassandraStarterTests - Extract /root/.embedded-cassandra/cassandra/3.11.2/apache-cassandra-3.11.2-bin.tar.gz : extract apache-cassandra-3.11.2/bin/sstableupgrade
2018-06-24 20:02:12 [main] INFO  c.g.n.e.c.CassandraStarterTests - Extract /root/.embedded-cassandra/cassandra/3.11.2/apache-cassandra-3.11.2-bin.tar.gz : extract apache-cassandra-3.11.2/bin/sstableupgrade.bat
2018-06-24 20:02:12 [main] INFO  c.g.n.e.c.CassandraStarterTests - Extract /root/.embedded-cassandra/cassandra/3.11.2/apache-cassandra-3.11.2-bin.tar.gz : extract apache-cassandra-3.11.2/bin/sstableutil
2018-06-24 20:02:12 [main] INFO  c.g.n.e.c.CassandraStarterTests - Extract /root/.embedded-cassandra/cassandra/3.11.2/apache-cassandra-3.11.2-bin.tar.gz : extract apache-cassandra-3.11.2/bin/sstableutil.bat
2018-06-24 20:02:12 [main] INFO  c.g.n.e.c.CassandraStarterTests - Extract /root/.embedded-cassandra/cassandra/3.11.2/apache-cassandra-3.11.2-bin.tar.gz : extract apache-cassandra-3.11.2/bin/sstableverify
2018-06-24 20:02:12 [main] INFO  c.g.n.e.c.CassandraStarterTests - Extract /root/.embedded-cassandra/cassandra/3.11.2/apache-cassandra-3.11.2-bin.tar.gz : extract apache-cassandra-3.11.2/bin/sstableverify.bat
2018-06-24 20:02:12 [main] INFO  c.g.n.e.c.CassandraStarterTests - Extract /root/.embedded-cassandra/cassandra/3.11.2/apache-cassandra-3.11.2-bin.tar.gz : extract apache-cassandra-3.11.2/bin/stop-server
2018-06-24 20:02:12 [main] INFO  c.g.n.e.c.CassandraStarterTests - Extract /root/.embedded-cassandra/cassandra/3.11.2/apache-cassandra-3.11.2-bin.tar.gz : extract apache-cassandra-3.11.2/bin/stop-server.bat
2018-06-24 20:02:12 [main] INFO  c.g.n.e.c.CassandraStarterTests - Extract /root/.embedded-cassandra/cassandra/3.11.2/apache-cassandra-3.11.2-bin.tar.gz : extract apache-cassandra-3.11.2/bin/stop-server.ps1
2018-06-24 20:02:12 [main] INFO  c.g.n.e.c.CassandraStarterTests - Extract /root/.embedded-cassandra/cassandra/3.11.2/apache-cassandra-3.11.2-bin.tar.gz : finished
2018-06-24 20:02:12 [main] INFO  c.g.n.e.cassandra.CassandraProcess - Starting the new cassandra server using directory '/tmp/temp--739595db-0f49-40ad-bb9f-b2d5087ff377' with arguments [/tmp/temp--739595db-0f49-40ad-bb9f-b2d5087ff377/apache-cassandra-3.11.2/bin/cassandra, -f, -Dcassandra.config=file:////tmp/temp--739595db-0f49-40ad-bb9f-b2d5087ff377/cassandra-e318213a-3348-4497-8c8d-1c02ffee03d6.yaml]
2018-06-24 20:02:12 [Thread-24] INFO  c.g.n.e.c.CassandraStarterTests - Running Cassandra as root user or group is not recommended - please start Cassandra using a different system user.
2018-06-24 20:02:12 [Thread-24] INFO  c.g.n.e.c.CassandraStarterTests - If you really want to force running Cassandra as root, use -R command line option.
2018-06-24 20:02:12 [main] ERROR d.f.e.p.runtime.AbstractProcess - failed to call onAfterProcessStart()
java.io.IOException: Could not start process. <EOF>
	at com.github.nosan.embedded.cassandra.CassandraProcess.onAfterProcessStart(CassandraProcess.java:123)
	at de.flapdoodle.embed.process.runtime.AbstractProcess.<init>(AbstractProcess.java:116)
	at com.github.nosan.embedded.cassandra.CassandraProcess.<init>(CassandraProcess.java:72)
	at com.github.nosan.embedded.cassandra.CassandraExecutable.start(CassandraExecutable.java:42)
	at com.github.nosan.embedded.cassandra.CassandraExecutable.start(CassandraExecutable.java:32)
	at de.flapdoodle.embed.process.runtime.Executable.start(Executable.java:108)
	at com.github.nosan.embedded.cassandra.CassandraStarterTests.start(CassandraStarterTests.java:138)
	at com.github.nosan.embedded.cassandra.CassandraStarterTests.nativeTransport(CassandraStarterTests.java:61)
	at sun.reflect.NativeMethodAccessorImpl.invoke0(Native Method)
	at sun.reflect.NativeMethodAccessorImpl.invoke(NativeMethodAccessorImpl.java:62)
	at sun.reflect.DelegatingMethodAccessorImpl.invoke(DelegatingMethodAccessorImpl.java:43)
	at java.lang.reflect.Method.invoke(Method.java:498)
	at org.junit.runners.model.FrameworkMethod$1.runReflectiveCall(FrameworkMethod.java:50)
	at org.junit.internal.runners.model.ReflectiveCallable.run(ReflectiveCallable.java:12)
	at org.junit.runners.model.FrameworkMethod.invokeExplosively(FrameworkMethod.java:47)
	at org.junit.internal.runners.statements.InvokeMethod.evaluate(InvokeMethod.java:17)
	at org.junit.runners.ParentRunner.runLeaf(ParentRunner.java:325)
	at org.junit.runners.BlockJUnit4ClassRunner.runChild(BlockJUnit4ClassRunner.java:78)
	at org.junit.runners.BlockJUnit4ClassRunner.runChild(BlockJUnit4ClassRunner.java:57)
	at org.junit.runners.ParentRunner$3.run(ParentRunner.java:290)
	at org.junit.runners.ParentRunner$1.schedule(ParentRunner.java:71)
	at org.junit.runners.ParentRunner.runChildren(ParentRunner.java:288)
	at org.junit.runners.ParentRunner.access$000(ParentRunner.java:58)
	at org.junit.runners.ParentRunner$2.evaluate(ParentRunner.java:268)
	at org.junit.runners.ParentRunner.run(ParentRunner.java:363)
	at org.apache.maven.surefire.junit4.JUnit4Provider.execute(JUnit4Provider.java:365)
	at org.apache.maven.surefire.junit4.JUnit4Provider.executeWithRerun(JUnit4Provider.java:272)
	at org.apache.maven.surefire.junit4.JUnit4Provider.executeTestSet(JUnit4Provider.java:236)
	at org.apache.maven.surefire.junit4.JUnit4Provider.invoke(JUnit4Provider.java:159)
	at org.apache.maven.surefire.booter.ForkedBooter.invokeProviderInSameClassLoader(ForkedBooter.java:386)
	at org.apache.maven.surefire.booter.ForkedBooter.runSuitesInProcess(ForkedBooter.java:323)
	at org.apache.maven.surefire.booter.ForkedBooter.main(ForkedBooter.java:143)
2018-06-24 20:02:12 [main] INFO  d.f.e.p.runtime.AbstractProcess - construct com.github.nosan.embedded.cassandra.config.CassandraConfigBuilder$ImmutableCassandraConfig@1e097d59
]]></system-out>
  </testcase>
  <testcase name="multiplyInstancesDoesNotWorkJmxNotDisable" classname="com.github.nosan.embedded.cassandra.CassandraStarterTests" time="2.49"/>
  <testcase name="multiplyInstancesDoesNotWorkRandomPortNotEnable" classname="com.github.nosan.embedded.cassandra.CassandraStarterTests" time="2.527"/>
</testsuite>