<?xml version="1.0" encoding="UTF-8"?>
<testsuite xmlns:xsi="http://www.w3.org/2001/XMLSchema-instance" xsi:noNamespaceSchemaLocation="https://maven.apache.org/surefire/maven-surefire-plugin/xsd/surefire-test-report.xsd" name="com.github.nosan.embedded.cassandra.support.CassandraConfigBuilderTests" time="0.056" tests="5" errors="0" skipped="0" failures="1">
  <properties>
    <property name="java.runtime.name" value="OpenJDK Runtime Environment"/>
    <property name="sun.boot.library.path" value="/usr/lib/jvm/java-8-openjdk-amd64/jre/lib/amd64"/>
    <property name="java.vm.version" value="25.121-b13"/>
    <property name="java.vm.vendor" value="Oracle Corporation"/>
    <property name="maven.multiModuleProjectDirectory" value="/root/workspace/nosan/embedded-cassandra/400413513"/>
    <property name="java.vendor.url" value="http://java.oracle.com/"/>
    <property name="path.separator" value=":"/>
    <property name="guice.disable.misplaced.annotation.check" value="true"/>
    <property name="skip.gulp" value="true"/>
    <property name="java.vm.name" value="OpenJDK 64-Bit Server VM"/>
    <property name="file.encoding.pkg" value="sun.io"/>
    <property name="sun.java.launcher" value="SUN_STANDARD"/>
    <property name="sun.os.patch.level" value="unknown"/>
    <property name="findbugs.skip" value="true"/>
    <property name="java.vm.specification.name" value="Java Virtual Machine Specification"/>
    <property name="user.dir" value="/root/workspace/nosan/embedded-cassandra/400413513"/>
    <property name="checkstyle.skip" value="true"/>
    <property name="java.runtime.version" value="1.8.0_121-8u121-b13-1~bpo8+1-b13"/>
    <property name="java.awt.graphicsenv" value="sun.awt.X11GraphicsEnvironment"/>
    <property name="skip.npm" value="true"/>
    <property name="java.endorsed.dirs" value="/usr/lib/jvm/java-8-openjdk-amd64/jre/lib/endorsed"/>
    <property name="os.arch" value="amd64"/>
    <property name="java.io.tmpdir" value="/tmp"/>
    <property name="gpg.skip" value="true"/>
    <property name="line.separator" value="&#10;"/>
    <property name="java.vm.specification.vendor" value="Oracle Corporation"/>
    <property name="cobertura.skip" value="true"/>
    <property name="os.name" value="Linux"/>
    <property name="classworlds.conf" value="/usr/share/maven/bin/m2.conf"/>
    <property name="sun.jnu.encoding" value="UTF-8"/>
    <property name="java.library.path" value="/usr/java/packages/lib/amd64:/usr/lib/x86_64-linux-gnu/jni:/lib/x86_64-linux-gnu:/usr/lib/x86_64-linux-gnu:/usr/lib/jni:/lib:/usr/lib"/>
    <property name="license.skip" value="true"/>
    <property name="java.specification.name" value="Java Platform API Specification"/>
    <property name="java.class.version" value="52.0"/>
    <property name="sun.management.compiler" value="HotSpot 64-Bit Tiered Compilers"/>
    <property name="skip.bower" value="true"/>
    <property name="maven.repo.local" value="/root/./workspace/nosan/embedded-cassandra/400413513/.m2"/>
    <property name="os.version" value="3.10.0-862.2.3.el7.x86_64"/>
    <property name="user.home" value="/root"/>
    <property name="user.timezone" value="Europe/Paris"/>
    <property name="java.awt.printerjob" value="sun.print.PSPrinterJob"/>
    <property name="osgi.nls.warnings" value="ignore"/>
    <property name="java.specification.version" value="1.8"/>
    <property name="file.encoding" value="UTF-8"/>
    <property name="user.name" value="root"/>
    <property name="java.class.path" value="/usr/share/maven/boot/plexus-classworlds-2.5.2.jar"/>
    <property name="skipITs" value="true"/>
    <property name="java.vm.specification.version" value="1.8"/>
    <property name="sun.arch.data.model" value="64"/>
    <property name="java.home" value="/usr/lib/jvm/java-8-openjdk-amd64/jre"/>
    <property name="sun.java.command" value="org.codehaus.plexus.classworlds.launcher.Launcher -B -D enforcer.skip=true -D dependency-check.skip=true -D skipITs=true -D cobertura.skip=true -D maven.repo.local=/root/./workspace/nosan/embedded-cassandra/400413513/.m2 -D rat.skip=true -D findbugs.skip=true -D skip.bower=true -D gpg.skip=true -D checkstyle.skip=true -D skip.gulp=true -D license.skip=true -D skip.npm=true test"/>
    <property name="java.specification.vendor" value="Oracle Corporation"/>
    <property name="user.language" value="en"/>
    <property name="awt.toolkit" value="sun.awt.X11.XToolkit"/>
    <property name="dependency-check.skip" value="true"/>
    <property name="java.vm.info" value="mixed mode"/>
    <property name="java.version" value="1.8.0_121"/>
    <property name="java.ext.dirs" value="/usr/lib/jvm/java-8-openjdk-amd64/jre/lib/ext:/usr/java/packages/lib/ext"/>
    <property name="securerandom.source" value="file:/dev/./urandom"/>
    <property name="sun.boot.class.path" value="/usr/lib/jvm/java-8-openjdk-amd64/jre/lib/resources.jar:/usr/lib/jvm/java-8-openjdk-amd64/jre/lib/rt.jar:/usr/lib/jvm/java-8-openjdk-amd64/jre/lib/sunrsasign.jar:/usr/lib/jvm/java-8-openjdk-amd64/jre/lib/jsse.jar:/usr/lib/jvm/java-8-openjdk-amd64/jre/lib/jce.jar:/usr/lib/jvm/java-8-openjdk-amd64/jre/lib/charsets.jar:/usr/lib/jvm/java-8-openjdk-amd64/jre/lib/jfr.jar:/usr/lib/jvm/java-8-openjdk-amd64/jre/classes"/>
    <property name="java.vendor" value="Oracle Corporation"/>
    <property name="enforcer.skip" value="true"/>
    <property name="rat.skip" value="true"/>
    <property name="maven.home" value="/usr/share/maven"/>
    <property name="file.separator" value="/"/>
    <property name="java.vendor.url.bug" value="http://bugreport.sun.com/bugreport/"/>
    <property name="sun.cpu.endian" value="little"/>
    <property name="sun.io.unicode.encoding" value="UnicodeLittle"/>
    <property name="sun.cpu.isalist" value=""/>
  </properties>
  <testcase name="buildSetRandomPortIfZero" classname="com.github.nosan.embedded.cassandra.support.CassandraConfigBuilderTests" time="0"/>
  <testcase name="randomPorts" classname="com.github.nosan.embedded.cassandra.support.CassandraConfigBuilderTests" time="0.049">
    <failure message="&#10;Expected size:&lt;300&gt; but was:&lt;297&gt; in:&#10;&lt;[42496,&#10;    40448,&#10;    34816,&#10;    40452,&#10;    36868,&#10;    35847,&#10;    46603,&#10;    35339,&#10;    46092,&#10;    39950,&#10;    45070,&#10;    34830,&#10;    37390,&#10;    42512,&#10;    37393,&#10;    40468,&#10;    35862,&#10;    45590,&#10;    45591,&#10;    38424,&#10;    38937,&#10;    46106,&#10;    34843,&#10;    36896,&#10;    43043,&#10;    46116,&#10;    36903,&#10;    42540,&#10;    36397,&#10;    41517,&#10;    36399,&#10;    42031,&#10;    45105,&#10;    43570,&#10;    44597,&#10;    34870,&#10;    45622,&#10;    33848,&#10;    43578,&#10;    42042,&#10;    33855,&#10;    36415,&#10;    44096,&#10;    36932,&#10;    35909,&#10;    32837,&#10;    36941,&#10;    36947,&#10;    36440,&#10;    41562,&#10;    37469,&#10;    46176,&#10;    33888,&#10;    45154,&#10;    44131,&#10;    32868,&#10;    43110,&#10;    39527,&#10;    40552,&#10;    43624,&#10;    33385,&#10;    44142,&#10;    36463,&#10;    35442,&#10;    45170,&#10;    45685,&#10;    46709,&#10;    34422,&#10;    39033,&#10;    33402,&#10;    40573,&#10;    38526,&#10;    38015,&#10;    42627,&#10;    40581,&#10;    39557,&#10;    45194,&#10;    33932,&#10;    37517,&#10;    45198,&#10;    42640,&#10;    34448,&#10;    33425,&#10;    46738,&#10;    39570,&#10;    37522,&#10;    35475,&#10;    33939,&#10;    45717,&#10;    40599,&#10;    39577,&#10;    42138,&#10;    44702,&#10;    40607,&#10;    39586,&#10;    32930,&#10;    38051,&#10;    42147,&#10;    44196,&#10;    46759,&#10;    41128,&#10;    44202,&#10;    45741,&#10;    41646,&#10;    43695,&#10;    45745,&#10;    44210,&#10;    44214,&#10;    36534,&#10;    35511,&#10;    44729,&#10;    38075,&#10;    40637,&#10;    44226,&#10;    41155,&#10;    41159,&#10;    43720,&#10;    38088,&#10;    37068,&#10;    43213,&#10;    45778,&#10;    35539,&#10;    34515,&#10;    36565,&#10;    37082,&#10;    44764,&#10;    32989,&#10;    38110,&#10;    35553,&#10;    38114,&#10;    43747,&#10;    33512,&#10;    43753,&#10;    38633,&#10;    44777,&#10;    43242,&#10;    35563,&#10;    42222,&#10;    38128,&#10;    38130,&#10;    45817,&#10;    39675,&#10;    37632,&#10;    45824,&#10;    43777,&#10;    35587,&#10;    44291,&#10;    36612,&#10;    34055,&#10;    37641,&#10;    41226,&#10;    40202,&#10;    42251,&#10;    45323,&#10;    44301,&#10;    39182,&#10;    42766,&#10;    40214,&#10;    41750,&#10;    33559,&#10;    43287,&#10;    38169,&#10;    33563,&#10;    41246,&#10;    41758,&#10;    45856,&#10;    42272,&#10;    36644,&#10;    40743,&#10;    36140,&#10;    37167,&#10;    37168,&#10;    33074,&#10;    43317,&#10;    39736,&#10;    45882,&#10;    46395,&#10;    39229,&#10;    44349,&#10;    43329,&#10;    35649,&#10;    33089,&#10;    33098,&#10;    36172,&#10;    33613,&#10;    40782,&#10;    38223,&#10;    37203,&#10;    43347,&#10;    37204,&#10;    43350,&#10;    45911,&#10;    40281,&#10;    36186,&#10;    40798,&#10;    42847,&#10;    40800,&#10;    37729,&#10;    40801,&#10;    42341,&#10;    36198,&#10;    35688,&#10;    34152,&#10;    40808,&#10;    41320,&#10;    35177,&#10;    43881,&#10;    36202,&#10;    43885,&#10;    39789,&#10;    34672,&#10;    37746,&#10;    42868,&#10;    39798,&#10;    42872,&#10;    33145,&#10;    45946,&#10;    44410,&#10;    40827,&#10;    44413,&#10;    34690,&#10;    43394,&#10;    33155,&#10;    43908,&#10;    43397,&#10;    38790,&#10;    38791,&#10;    41353,&#10;    41355,&#10;    41357,&#10;    37262,&#10;    40847,&#10;    33168,&#10;    33680,&#10;    44433,&#10;    33682,&#10;    37266,&#10;    43923,&#10;    41875,&#10;    36756,&#10;    42901,&#10;    37269,&#10;    43422,&#10;    46494,&#10;    43423,&#10;    44959,&#10;    46499,&#10;    44451,&#10;    41379,&#10;    37799,&#10;    40872,&#10;    45480,&#10;    35753,&#10;    44969,&#10;    41897,&#10;    38314,&#10;    44971,&#10;    36780,&#10;    40877,&#10;    46001,&#10;    40369,&#10;    42937,&#10;    44986,&#10;    42940,&#10;    34748,&#10;    40385,&#10;    33223,&#10;    36296,&#10;    37320,&#10;    33226,&#10;    36813,&#10;    39887,&#10;    45007,&#10;    46544,&#10;    40913,&#10;    36308,&#10;    35801,&#10;    39900,&#10;    45022,&#10;    37344,&#10;    36322,&#10;    41449,&#10;    35305,&#10;    33770,&#10;    43500,&#10;    34284,&#10;    44017,&#10;    46066,&#10;    38389,&#10;    44536,&#10;    43512,&#10;    45048,&#10;    33784,&#10;    36859,&#10;    45564,&#10;    46589,&#10;    39423]&gt;" type="java.lang.AssertionError"><![CDATA[java.lang.AssertionError: 

Expected size:<300> but was:<297> in:
<[42496,
    40448,
    34816,
    40452,
    36868,
    35847,
    46603,
    35339,
    46092,
    39950,
    45070,
    34830,
    37390,
    42512,
    37393,
    40468,
    35862,
    45590,
    45591,
    38424,
    38937,
    46106,
    34843,
    36896,
    43043,
    46116,
    36903,
    42540,
    36397,
    41517,
    36399,
    42031,
    45105,
    43570,
    44597,
    34870,
    45622,
    33848,
    43578,
    42042,
    33855,
    36415,
    44096,
    36932,
    35909,
    32837,
    36941,
    36947,
    36440,
    41562,
    37469,
    46176,
    33888,
    45154,
    44131,
    32868,
    43110,
    39527,
    40552,
    43624,
    33385,
    44142,
    36463,
    35442,
    45170,
    45685,
    46709,
    34422,
    39033,
    33402,
    40573,
    38526,
    38015,
    42627,
    40581,
    39557,
    45194,
    33932,
    37517,
    45198,
    42640,
    34448,
    33425,
    46738,
    39570,
    37522,
    35475,
    33939,
    45717,
    40599,
    39577,
    42138,
    44702,
    40607,
    39586,
    32930,
    38051,
    42147,
    44196,
    46759,
    41128,
    44202,
    45741,
    41646,
    43695,
    45745,
    44210,
    44214,
    36534,
    35511,
    44729,
    38075,
    40637,
    44226,
    41155,
    41159,
    43720,
    38088,
    37068,
    43213,
    45778,
    35539,
    34515,
    36565,
    37082,
    44764,
    32989,
    38110,
    35553,
    38114,
    43747,
    33512,
    43753,
    38633,
    44777,
    43242,
    35563,
    42222,
    38128,
    38130,
    45817,
    39675,
    37632,
    45824,
    43777,
    35587,
    44291,
    36612,
    34055,
    37641,
    41226,
    40202,
    42251,
    45323,
    44301,
    39182,
    42766,
    40214,
    41750,
    33559,
    43287,
    38169,
    33563,
    41246,
    41758,
    45856,
    42272,
    36644,
    40743,
    36140,
    37167,
    37168,
    33074,
    43317,
    39736,
    45882,
    46395,
    39229,
    44349,
    43329,
    35649,
    33089,
    33098,
    36172,
    33613,
    40782,
    38223,
    37203,
    43347,
    37204,
    43350,
    45911,
    40281,
    36186,
    40798,
    42847,
    40800,
    37729,
    40801,
    42341,
    36198,
    35688,
    34152,
    40808,
    41320,
    35177,
    43881,
    36202,
    43885,
    39789,
    34672,
    37746,
    42868,
    39798,
    42872,
    33145,
    45946,
    44410,
    40827,
    44413,
    34690,
    43394,
    33155,
    43908,
    43397,
    38790,
    38791,
    41353,
    41355,
    41357,
    37262,
    40847,
    33168,
    33680,
    44433,
    33682,
    37266,
    43923,
    41875,
    36756,
    42901,
    37269,
    43422,
    46494,
    43423,
    44959,
    46499,
    44451,
    41379,
    37799,
    40872,
    45480,
    35753,
    44969,
    41897,
    38314,
    44971,
    36780,
    40877,
    46001,
    40369,
    42937,
    44986,
    42940,
    34748,
    40385,
    33223,
    36296,
    37320,
    33226,
    36813,
    39887,
    45007,
    46544,
    40913,
    36308,
    35801,
    39900,
    45022,
    37344,
    36322,
    41449,
    35305,
    33770,
    43500,
    34284,
    44017,
    46066,
    38389,
    44536,
    43512,
    45048,
    33784,
    36859,
    45564,
    46589,
    39423]>
	at com.github.nosan.embedded.cassandra.support.CassandraConfigBuilderTests.randomPorts(CassandraConfigBuilderTests.java:136)
]]></failure>
  </testcase>
  <testcase name="build" classname="com.github.nosan.embedded.cassandra.support.CassandraConfigBuilderTests" time="0"/>
  <testcase name="buildDefaults" classname="com.github.nosan.embedded.cassandra.support.CassandraConfigBuilderTests" time="0"/>
  <testcase name="buildWithRandomPorts" classname="com.github.nosan.embedded.cassandra.support.CassandraConfigBuilderTests" time="0.007"/>
</testsuite>