<?xml version="1.0" encoding="UTF-8"?>
<testsuite xmlns:xsi="http://www.w3.org/2001/XMLSchema-instance" xsi:noNamespaceSchemaLocation="https://maven.apache.org/surefire/maven-surefire-plugin/xsd/surefire-test-report.xsd" name="com.github.nosan.embedded.cassandra.process.CassandraStarterTests" time="59.845" tests="14" errors="8" skipped="0" failures="6">
  <properties>
    <property name="java.runtime.name" value="OpenJDK Runtime Environment"/>
    <property name="sun.boot.library.path" value="/usr/lib/jvm/java-8-openjdk-amd64/jre/lib/amd64"/>
    <property name="java.vm.version" value="25.121-b13"/>
    <property name="java.vm.vendor" value="Oracle Corporation"/>
    <property name="maven.multiModuleProjectDirectory" value="/root/workspace/nosan/embedded-cassandra/405786083"/>
    <property name="java.vendor.url" value="http://java.oracle.com/"/>
    <property name="path.separator" value=":"/>
    <property name="guice.disable.misplaced.annotation.check" value="true"/>
    <property name="skip.gulp" value="true"/>
    <property name="java.vm.name" value="OpenJDK 64-Bit Server VM"/>
    <property name="file.encoding.pkg" value="sun.io"/>
    <property name="sun.java.launcher" value="SUN_STANDARD"/>
    <property name="sun.os.patch.level" value="unknown"/>
    <property name="findbugs.skip" value="true"/>
    <property name="java.vm.specification.name" value="Java Virtual Machine Specification"/>
    <property name="user.dir" value="/root/workspace/nosan/embedded-cassandra/405786083"/>
    <property name="checkstyle.skip" value="true"/>
    <property name="java.runtime.version" value="1.8.0_121-8u121-b13-1~bpo8+1-b13"/>
    <property name="java.awt.graphicsenv" value="sun.awt.X11GraphicsEnvironment"/>
    <property name="skip.npm" value="true"/>
    <property name="java.endorsed.dirs" value="/usr/lib/jvm/java-8-openjdk-amd64/jre/lib/endorsed"/>
    <property name="os.arch" value="amd64"/>
    <property name="java.io.tmpdir" value="/tmp"/>
    <property name="gpg.skip" value="true"/>
    <property name="line.separator" value="&#10;"/>
    <property name="java.vm.specification.vendor" value="Oracle Corporation"/>
    <property name="cobertura.skip" value="true"/>
    <property name="os.name" value="Linux"/>
    <property name="classworlds.conf" value="/usr/share/maven/bin/m2.conf"/>
    <property name="sun.jnu.encoding" value="UTF-8"/>
    <property name="java.library.path" value="/usr/java/packages/lib/amd64:/usr/lib/x86_64-linux-gnu/jni:/lib/x86_64-linux-gnu:/usr/lib/x86_64-linux-gnu:/usr/lib/jni:/lib:/usr/lib"/>
    <property name="license.skip" value="true"/>
    <property name="java.specification.name" value="Java Platform API Specification"/>
    <property name="java.class.version" value="52.0"/>
    <property name="sun.management.compiler" value="HotSpot 64-Bit Tiered Compilers"/>
    <property name="skip.bower" value="true"/>
    <property name="maven.repo.local" value="/root/./workspace/nosan/embedded-cassandra/405786083/.m2"/>
    <property name="os.version" value="4.9.0-6-amd64"/>
    <property name="user.home" value="/root"/>
    <property name="user.timezone" value="Europe/Paris"/>
    <property name="java.awt.printerjob" value="sun.print.PSPrinterJob"/>
    <property name="java.specification.version" value="1.8"/>
    <property name="file.encoding" value="UTF-8"/>
    <property name="user.name" value="root"/>
    <property name="java.class.path" value="/usr/share/maven/boot/plexus-classworlds-2.5.2.jar"/>
    <property name="skipITs" value="true"/>
    <property name="java.vm.specification.version" value="1.8"/>
    <property name="sun.arch.data.model" value="64"/>
    <property name="java.home" value="/usr/lib/jvm/java-8-openjdk-amd64/jre"/>
    <property name="sun.java.command" value="org.codehaus.plexus.classworlds.launcher.Launcher -B -D enforcer.skip=true -D dependency-check.skip=true -D skipITs=true -D cobertura.skip=true -D maven.repo.local=/root/./workspace/nosan/embedded-cassandra/405786083/.m2 -D rat.skip=true -D findbugs.skip=true -D skip.bower=true -D gpg.skip=true -D checkstyle.skip=true -D skip.gulp=true -D license.skip=true -D skip.npm=true test"/>
    <property name="java.specification.vendor" value="Oracle Corporation"/>
    <property name="user.language" value="en"/>
    <property name="awt.toolkit" value="sun.awt.X11.XToolkit"/>
    <property name="dependency-check.skip" value="true"/>
    <property name="java.vm.info" value="mixed mode"/>
    <property name="java.version" value="1.8.0_121"/>
    <property name="java.ext.dirs" value="/usr/lib/jvm/java-8-openjdk-amd64/jre/lib/ext:/usr/java/packages/lib/ext"/>
    <property name="securerandom.source" value="file:/dev/./urandom"/>
    <property name="sun.boot.class.path" value="/usr/lib/jvm/java-8-openjdk-amd64/jre/lib/resources.jar:/usr/lib/jvm/java-8-openjdk-amd64/jre/lib/rt.jar:/usr/lib/jvm/java-8-openjdk-amd64/jre/lib/sunrsasign.jar:/usr/lib/jvm/java-8-openjdk-amd64/jre/lib/jsse.jar:/usr/lib/jvm/java-8-openjdk-amd64/jre/lib/jce.jar:/usr/lib/jvm/java-8-openjdk-amd64/jre/lib/charsets.jar:/usr/lib/jvm/java-8-openjdk-amd64/jre/lib/jfr.jar:/usr/lib/jvm/java-8-openjdk-amd64/jre/classes"/>
    <property name="java.vendor" value="Oracle Corporation"/>
    <property name="enforcer.skip" value="true"/>
    <property name="rat.skip" value="true"/>
    <property name="maven.home" value="/usr/share/maven"/>
    <property name="file.separator" value="/"/>
    <property name="java.vendor.url.bug" value="http://bugreport.sun.com/bugreport/"/>
    <property name="sun.cpu.endian" value="little"/>
    <property name="sun.io.unicode.encoding" value="UnicodeLittle"/>
    <property name="sun.cpu.isalist" value=""/>
  </properties>
  <testcase name="shouldFailWithInvalidConfigurationError" classname="com.github.nosan.embedded.cassandra.process.CassandraStarterTests" time="3.561">
    <failure message="&#10;Expected: (an instance of java.io.IOException and exception with message a string containing &quot;Missing required directive CommitLogSync&quot;)&#10;     but: exception with message a string containing &quot;Missing required directive CommitLogSync&quot; message was &quot;Could not start a process &apos;829&apos;.&#10;Failure:&lt;EOF&gt;&#10;Output:&#10;--- START --- &#10;[P:829] Running Cassandra as root user or group is not recommended - please start Cassandra using a different system user.&#10;[P:829] If you really want to force running Cassandra as root, use -R command line option.&#10;&#10;--- END --- &quot;&#10;Stacktrace was: java.io.IOException: Could not start a process &apos;829&apos;.&#10;Failure:&lt;EOF&gt;&#10;Output:&#10;--- START --- &#10;[P:829] Running Cassandra as root user or group is not recommended - please start Cassandra using a different system user.&#10;[P:829] If you really want to force running Cassandra as root, use -R command line option.&#10;&#10;--- END --- &#10;	at com.github.nosan.embedded.cassandra.process.CassandraProcess.onAfterProcessStart(CassandraProcess.java:114)&#10;	at de.flapdoodle.embed.process.runtime.AbstractProcess.&lt;init&gt;(AbstractProcess.java:116)&#10;	at com.github.nosan.embedded.cassandra.process.CassandraProcess.&lt;init&gt;(CassandraProcess.java:67)&#10;	at com.github.nosan.embedded.cassandra.process.CassandraExecutable.start(CassandraExecutable.java:49)&#10;	at com.github.nosan.embedded.cassandra.process.CassandraExecutable.start(CassandraExecutable.java:37)&#10;	at de.flapdoodle.embed.process.runtime.Executable.start(Executable.java:108)&#10;	at com.github.nosan.embedded.cassandra.process.CassandraStarterTests.start(CassandraStarterTests.java:64)&#10;	at com.github.nosan.embedded.cassandra.process.CassandraStarterTests.start(CassandraStarterTests.java:55)&#10;	at com.github.nosan.embedded.cassandra.process.CassandraStarterTests.shouldFailWithInvalidConfigurationError(CassandraStarterTests.java:105)&#10;	at sun.reflect.NativeMethodAccessorImpl.invoke0(Native Method)&#10;	at sun.reflect.NativeMethodAccessorImpl.invoke(NativeMethodAccessorImpl.java:62)&#10;	at sun.reflect.DelegatingMethodAccessorImpl.invoke(DelegatingMethodAccessorImpl.java:43)&#10;	at java.lang.reflect.Method.invoke(Method.java:498)&#10;	at org.junit.runners.model.FrameworkMethod$1.runReflectiveCall(FrameworkMethod.java:50)&#10;	at org.junit.internal.runners.model.ReflectiveCallable.run(ReflectiveCallable.java:12)&#10;	at org.junit.runners.model.FrameworkMethod.invokeExplosively(FrameworkMethod.java:47)&#10;	at org.junit.internal.runners.statements.InvokeMethod.evaluate(InvokeMethod.java:17)&#10;	at org.junit.rules.ExpectedException$ExpectedExceptionStatement.evaluate(ExpectedException.java:239)&#10;	at org.junit.rules.RunRules.evaluate(RunRules.java:20)&#10;	at org.junit.runners.ParentRunner.runLeaf(ParentRunner.java:325)&#10;	at org.junit.runners.BlockJUnit4ClassRunner.runChild(BlockJUnit4ClassRunner.java:78)&#10;	at org.junit.runners.BlockJUnit4ClassRunner.runChild(BlockJUnit4ClassRunner.java:57)&#10;	at org.junit.runners.ParentRunner$3.run(ParentRunner.java:290)&#10;	at org.junit.runners.ParentRunner$1.schedule(ParentRunner.java:71)&#10;	at org.junit.runners.ParentRunner.runChildren(ParentRunner.java:288)&#10;	at org.junit.runners.ParentRunner.access$000(ParentRunner.java:58)&#10;	at org.junit.runners.ParentRunner$2.evaluate(ParentRunner.java:268)&#10;	at org.junit.runners.ParentRunner.run(ParentRunner.java:363)&#10;	at org.apache.maven.surefire.junit4.JUnit4Provider.execute(JUnit4Provider.java:365)&#10;	at org.apache.maven.surefire.junit4.JUnit4Provider.executeWithRerun(JUnit4Provider.java:272)&#10;	at org.apache.maven.surefire.junit4.JUnit4Provider.executeTestSet(JUnit4Provider.java:236)&#10;	at org.apache.maven.surefire.junit4.JUnit4Provider.invoke(JUnit4Provider.java:159)&#10;	at org.apache.maven.surefire.booter.ForkedBooter.invokeProviderInSameClassLoader(ForkedBooter.java:386)&#10;	at org.apache.maven.surefire.booter.ForkedBooter.runSuitesInProcess(ForkedBooter.java:323)&#10;	at org.apache.maven.surefire.booter.ForkedBooter.main(ForkedBooter.java:143)&#10;" type="java.lang.AssertionError"><![CDATA[java.lang.AssertionError: 

Expected: (an instance of java.io.IOException and exception with message a string containing "Missing required directive CommitLogSync")
     but: exception with message a string containing "Missing required directive CommitLogSync" message was "Could not start a process '829'.
Failure:<EOF>
Output:
--- START --- 
[P:829] Running Cassandra as root user or group is not recommended - please start Cassandra using a different system user.
[P:829] If you really want to force running Cassandra as root, use -R command line option.

--- END --- "
Stacktrace was: java.io.IOException: Could not start a process '829'.
Failure:<EOF>
Output:
--- START --- 
[P:829] Running Cassandra as root user or group is not recommended - please start Cassandra using a different system user.
[P:829] If you really want to force running Cassandra as root, use -R command line option.

--- END --- 
	at com.github.nosan.embedded.cassandra.process.CassandraProcess.onAfterProcessStart(CassandraProcess.java:114)
	at de.flapdoodle.embed.process.runtime.AbstractProcess.<init>(AbstractProcess.java:116)
	at com.github.nosan.embedded.cassandra.process.CassandraProcess.<init>(CassandraProcess.java:67)
	at com.github.nosan.embedded.cassandra.process.CassandraExecutable.start(CassandraExecutable.java:49)
	at com.github.nosan.embedded.cassandra.process.CassandraExecutable.start(CassandraExecutable.java:37)
	at de.flapdoodle.embed.process.runtime.Executable.start(Executable.java:108)
	at com.github.nosan.embedded.cassandra.process.CassandraStarterTests.start(CassandraStarterTests.java:64)
	at com.github.nosan.embedded.cassandra.process.CassandraStarterTests.start(CassandraStarterTests.java:55)
	at com.github.nosan.embedded.cassandra.process.CassandraStarterTests.shouldFailWithInvalidConfigurationError(CassandraStarterTests.java:105)
	at sun.reflect.NativeMethodAccessorImpl.invoke0(Native Method)
	at sun.reflect.NativeMethodAccessorImpl.invoke(NativeMethodAccessorImpl.java:62)
	at sun.reflect.DelegatingMethodAccessorImpl.invoke(DelegatingMethodAccessorImpl.java:43)
	at java.lang.reflect.Method.invoke(Method.java:498)
	at org.junit.runners.model.FrameworkMethod$1.runReflectiveCall(FrameworkMethod.java:50)
	at org.junit.internal.runners.model.ReflectiveCallable.run(ReflectiveCallable.java:12)
	at org.junit.runners.model.FrameworkMethod.invokeExplosively(FrameworkMethod.java:47)
	at org.junit.internal.runners.statements.InvokeMethod.evaluate(InvokeMethod.java:17)
	at org.junit.rules.ExpectedException$ExpectedExceptionStatement.evaluate(ExpectedException.java:239)
	at org.junit.rules.RunRules.evaluate(RunRules.java:20)
	at org.junit.runners.ParentRunner.runLeaf(ParentRunner.java:325)
	at org.junit.runners.BlockJUnit4ClassRunner.runChild(BlockJUnit4ClassRunner.java:78)
	at org.junit.runners.BlockJUnit4ClassRunner.runChild(BlockJUnit4ClassRunner.java:57)
	at org.junit.runners.ParentRunner$3.run(ParentRunner.java:290)
	at org.junit.runners.ParentRunner$1.schedule(ParentRunner.java:71)
	at org.junit.runners.ParentRunner.runChildren(ParentRunner.java:288)
	at org.junit.runners.ParentRunner.access$000(ParentRunner.java:58)
	at org.junit.runners.ParentRunner$2.evaluate(ParentRunner.java:268)
	at org.junit.runners.ParentRunner.run(ParentRunner.java:363)
	at org.apache.maven.surefire.junit4.JUnit4Provider.execute(JUnit4Provider.java:365)
	at org.apache.maven.surefire.junit4.JUnit4Provider.executeWithRerun(JUnit4Provider.java:272)
	at org.apache.maven.surefire.junit4.JUnit4Provider.executeTestSet(JUnit4Provider.java:236)
	at org.apache.maven.surefire.junit4.JUnit4Provider.invoke(JUnit4Provider.java:159)
	at org.apache.maven.surefire.booter.ForkedBooter.invokeProviderInSameClassLoader(ForkedBooter.java:386)
	at org.apache.maven.surefire.booter.ForkedBooter.runSuitesInProcess(ForkedBooter.java:323)
	at org.apache.maven.surefire.booter.ForkedBooter.main(ForkedBooter.java:143)

	at org.hamcrest.MatcherAssert.assertThat(MatcherAssert.java:20)
	at org.junit.Assert.assertThat(Assert.java:956)
	at org.junit.Assert.assertThat(Assert.java:923)
	at org.junit.rules.ExpectedException.handleException(ExpectedException.java:252)
	at org.junit.rules.ExpectedException.access$000(ExpectedException.java:106)
	at org.junit.rules.ExpectedException$ExpectedExceptionStatement.evaluate(ExpectedException.java:241)
	at org.junit.rules.RunRules.evaluate(RunRules.java:20)
	at org.junit.runners.ParentRunner.runLeaf(ParentRunner.java:325)
	at org.junit.runners.BlockJUnit4ClassRunner.runChild(BlockJUnit4ClassRunner.java:78)
	at org.junit.runners.BlockJUnit4ClassRunner.runChild(BlockJUnit4ClassRunner.java:57)
	at org.junit.runners.ParentRunner$3.run(ParentRunner.java:290)
	at org.junit.runners.ParentRunner$1.schedule(ParentRunner.java:71)
	at org.junit.runners.ParentRunner.runChildren(ParentRunner.java:288)
	at org.junit.runners.ParentRunner.access$000(ParentRunner.java:58)
	at org.junit.runners.ParentRunner$2.evaluate(ParentRunner.java:268)
	at org.junit.runners.ParentRunner.run(ParentRunner.java:363)
	at org.apache.maven.surefire.junit4.JUnit4Provider.execute(JUnit4Provider.java:365)
	at org.apache.maven.surefire.junit4.JUnit4Provider.executeWithRerun(JUnit4Provider.java:272)
	at org.apache.maven.surefire.junit4.JUnit4Provider.executeTestSet(JUnit4Provider.java:236)
	at org.apache.maven.surefire.junit4.JUnit4Provider.invoke(JUnit4Provider.java:159)
	at org.apache.maven.surefire.booter.ForkedBooter.invokeProviderInSameClassLoader(ForkedBooter.java:386)
	at org.apache.maven.surefire.booter.ForkedBooter.runSuitesInProcess(ForkedBooter.java:323)
	at org.apache.maven.surefire.booter.ForkedBooter.main(ForkedBooter.java:143)
]]></failure>
    <system-out><![CDATA[2018-07-19 14:58:16 [main] INFO  c.g.n.e.c.p.CassandraStarterTests - Extract /root/.embedded-cassandra/cassandra/3.11.2/apache-cassandra-3.11.2-bin.tar.gz : starting...
2018-07-19 14:58:16 [main] INFO  c.g.n.e.c.p.CassandraStarterTests - Extract /root/.embedded-cassandra/cassandra/3.11.2/apache-cassandra-3.11.2-bin.tar.gz : extract apache-cassandra-3.11.2/conf/cassandra-env.ps1
2018-07-19 14:58:16 [main] INFO  c.g.n.e.c.p.CassandraStarterTests - Extract /root/.embedded-cassandra/cassandra/3.11.2/apache-cassandra-3.11.2-bin.tar.gz : extract apache-cassandra-3.11.2/conf/cassandra-env.sh
2018-07-19 14:58:16 [main] INFO  c.g.n.e.c.p.CassandraStarterTests - Extract /root/.embedded-cassandra/cassandra/3.11.2/apache-cassandra-3.11.2-bin.tar.gz : extract apache-cassandra-3.11.2/conf/cassandra-jaas.config
2018-07-19 14:58:16 [main] INFO  c.g.n.e.c.p.CassandraStarterTests - Extract /root/.embedded-cassandra/cassandra/3.11.2/apache-cassandra-3.11.2-bin.tar.gz : extract apache-cassandra-3.11.2/conf/cassandra-rackdc.properties
2018-07-19 14:58:16 [main] INFO  c.g.n.e.c.p.CassandraStarterTests - Extract /root/.embedded-cassandra/cassandra/3.11.2/apache-cassandra-3.11.2-bin.tar.gz : extract apache-cassandra-3.11.2/conf/cassandra-topology.properties
2018-07-19 14:58:16 [main] INFO  c.g.n.e.c.p.CassandraStarterTests - Extract /root/.embedded-cassandra/cassandra/3.11.2/apache-cassandra-3.11.2-bin.tar.gz : extract apache-cassandra-3.11.2/conf/cassandra.yaml
2018-07-19 14:58:16 [main] INFO  c.g.n.e.c.p.CassandraStarterTests - Extract /root/.embedded-cassandra/cassandra/3.11.2/apache-cassandra-3.11.2-bin.tar.gz : extract apache-cassandra-3.11.2/conf/commitlog_archiving.properties
2018-07-19 14:58:16 [main] INFO  c.g.n.e.c.p.CassandraStarterTests - Extract /root/.embedded-cassandra/cassandra/3.11.2/apache-cassandra-3.11.2-bin.tar.gz : extract apache-cassandra-3.11.2/conf/cqlshrc.sample
2018-07-19 14:58:16 [main] INFO  c.g.n.e.c.p.CassandraStarterTests - Extract /root/.embedded-cassandra/cassandra/3.11.2/apache-cassandra-3.11.2-bin.tar.gz : extract apache-cassandra-3.11.2/conf/hotspot_compiler
2018-07-19 14:58:16 [main] INFO  c.g.n.e.c.p.CassandraStarterTests - Extract /root/.embedded-cassandra/cassandra/3.11.2/apache-cassandra-3.11.2-bin.tar.gz : extract apache-cassandra-3.11.2/conf/jvm.options
2018-07-19 14:58:16 [main] INFO  c.g.n.e.c.p.CassandraStarterTests - Extract /root/.embedded-cassandra/cassandra/3.11.2/apache-cassandra-3.11.2-bin.tar.gz : extract apache-cassandra-3.11.2/conf/logback-tools.xml
2018-07-19 14:58:16 [main] INFO  c.g.n.e.c.p.CassandraStarterTests - Extract /root/.embedded-cassandra/cassandra/3.11.2/apache-cassandra-3.11.2-bin.tar.gz : extract apache-cassandra-3.11.2/conf/logback.xml
2018-07-19 14:58:16 [main] INFO  c.g.n.e.c.p.CassandraStarterTests - Extract /root/.embedded-cassandra/cassandra/3.11.2/apache-cassandra-3.11.2-bin.tar.gz : extract apache-cassandra-3.11.2/conf/metrics-reporter-config-sample.yaml
2018-07-19 14:58:16 [main] INFO  c.g.n.e.c.p.CassandraStarterTests - Extract /root/.embedded-cassandra/cassandra/3.11.2/apache-cassandra-3.11.2-bin.tar.gz : extract apache-cassandra-3.11.2/conf/triggers/README.txt
2018-07-19 14:58:17 [main] INFO  c.g.n.e.c.p.CassandraStarterTests - Extract /root/.embedded-cassandra/cassandra/3.11.2/apache-cassandra-3.11.2-bin.tar.gz : extract apache-cassandra-3.11.2/interface/cassandra.thrift
2018-07-19 14:58:21 [main] INFO  c.g.n.e.c.p.CassandraStarterTests - Extract /root/.embedded-cassandra/cassandra/3.11.2/apache-cassandra-3.11.2-bin.tar.gz : extract apache-cassandra-3.11.2/lib/HdrHistogram-2.1.9.jar
2018-07-19 14:58:21 [main] INFO  c.g.n.e.c.p.CassandraStarterTests - Extract /root/.embedded-cassandra/cassandra/3.11.2/apache-cassandra-3.11.2-bin.tar.gz : extract apache-cassandra-3.11.2/lib/ST4-4.0.8.jar
2018-07-19 14:58:21 [main] INFO  c.g.n.e.c.p.CassandraStarterTests - Extract /root/.embedded-cassandra/cassandra/3.11.2/apache-cassandra-3.11.2-bin.tar.gz : extract apache-cassandra-3.11.2/lib/airline-0.6.jar
2018-07-19 14:58:21 [main] INFO  c.g.n.e.c.p.CassandraStarterTests - Extract /root/.embedded-cassandra/cassandra/3.11.2/apache-cassandra-3.11.2-bin.tar.gz : extract apache-cassandra-3.11.2/lib/antlr-runtime-3.5.2.jar
2018-07-19 14:58:21 [main] INFO  c.g.n.e.c.p.CassandraStarterTests - Extract /root/.embedded-cassandra/cassandra/3.11.2/apache-cassandra-3.11.2-bin.tar.gz : extract apache-cassandra-3.11.2/lib/apache-cassandra-3.11.2.jar
2018-07-19 14:58:21 [main] INFO  c.g.n.e.c.p.CassandraStarterTests - Extract /root/.embedded-cassandra/cassandra/3.11.2/apache-cassandra-3.11.2-bin.tar.gz : extract apache-cassandra-3.11.2/lib/apache-cassandra-thrift-3.11.2.jar
2018-07-19 14:58:21 [main] INFO  c.g.n.e.c.p.CassandraStarterTests - Extract /root/.embedded-cassandra/cassandra/3.11.2/apache-cassandra-3.11.2-bin.tar.gz : extract apache-cassandra-3.11.2/lib/asm-5.0.4.jar
2018-07-19 14:58:21 [main] INFO  c.g.n.e.c.p.CassandraStarterTests - Extract /root/.embedded-cassandra/cassandra/3.11.2/apache-cassandra-3.11.2-bin.tar.gz : extract apache-cassandra-3.11.2/lib/caffeine-2.2.6.jar
2018-07-19 14:58:21 [main] INFO  c.g.n.e.c.p.CassandraStarterTests - Extract /root/.embedded-cassandra/cassandra/3.11.2/apache-cassandra-3.11.2-bin.tar.gz : extract apache-cassandra-3.11.2/lib/cassandra-driver-core-3.0.1-shaded.jar
2018-07-19 14:58:21 [main] INFO  c.g.n.e.c.p.CassandraStarterTests - Extract /root/.embedded-cassandra/cassandra/3.11.2/apache-cassandra-3.11.2-bin.tar.gz : extract apache-cassandra-3.11.2/lib/cassandra-driver-internal-only-3.10.zip
2018-07-19 14:58:21 [main] INFO  c.g.n.e.c.p.CassandraStarterTests - Extract /root/.embedded-cassandra/cassandra/3.11.2/apache-cassandra-3.11.2-bin.tar.gz : extract apache-cassandra-3.11.2/lib/cassandra-driver-internal-only-3.11.0-bb96859b.zip
2018-07-19 14:58:21 [main] INFO  c.g.n.e.c.p.CassandraStarterTests - Extract /root/.embedded-cassandra/cassandra/3.11.2/apache-cassandra-3.11.2-bin.tar.gz : extract apache-cassandra-3.11.2/lib/commons-cli-1.1.jar
2018-07-19 14:58:21 [main] INFO  c.g.n.e.c.p.CassandraStarterTests - Extract /root/.embedded-cassandra/cassandra/3.11.2/apache-cassandra-3.11.2-bin.tar.gz : extract apache-cassandra-3.11.2/lib/commons-codec-1.9.jar
2018-07-19 14:58:21 [main] INFO  c.g.n.e.c.p.CassandraStarterTests - Extract /root/.embedded-cassandra/cassandra/3.11.2/apache-cassandra-3.11.2-bin.tar.gz : extract apache-cassandra-3.11.2/lib/commons-lang3-3.1.jar
2018-07-19 14:58:21 [main] INFO  c.g.n.e.c.p.CassandraStarterTests - Extract /root/.embedded-cassandra/cassandra/3.11.2/apache-cassandra-3.11.2-bin.tar.gz : extract apache-cassandra-3.11.2/lib/commons-math3-3.2.jar
2018-07-19 14:58:21 [main] INFO  c.g.n.e.c.p.CassandraStarterTests - Extract /root/.embedded-cassandra/cassandra/3.11.2/apache-cassandra-3.11.2-bin.tar.gz : extract apache-cassandra-3.11.2/lib/compress-lzf-0.8.4.jar
2018-07-19 14:58:21 [main] INFO  c.g.n.e.c.p.CassandraStarterTests - Extract /root/.embedded-cassandra/cassandra/3.11.2/apache-cassandra-3.11.2-bin.tar.gz : extract apache-cassandra-3.11.2/lib/concurrent-trees-2.4.0.jar
2018-07-19 14:58:21 [main] INFO  c.g.n.e.c.p.CassandraStarterTests - Extract /root/.embedded-cassandra/cassandra/3.11.2/apache-cassandra-3.11.2-bin.tar.gz : extract apache-cassandra-3.11.2/lib/concurrentlinkedhashmap-lru-1.4.jar
2018-07-19 14:58:21 [main] INFO  c.g.n.e.c.p.CassandraStarterTests - Extract /root/.embedded-cassandra/cassandra/3.11.2/apache-cassandra-3.11.2-bin.tar.gz : extract apache-cassandra-3.11.2/lib/disruptor-3.0.1.jar
2018-07-19 14:58:21 [main] INFO  c.g.n.e.c.p.CassandraStarterTests - Extract /root/.embedded-cassandra/cassandra/3.11.2/apache-cassandra-3.11.2-bin.tar.gz : extract apache-cassandra-3.11.2/lib/ecj-4.4.2.jar
2018-07-19 14:58:21 [main] INFO  c.g.n.e.c.p.CassandraStarterTests - Extract /root/.embedded-cassandra/cassandra/3.11.2/apache-cassandra-3.11.2-bin.tar.gz : extract apache-cassandra-3.11.2/lib/futures-2.1.6-py2.py3-none-any.zip
2018-07-19 14:58:21 [main] INFO  c.g.n.e.c.p.CassandraStarterTests - Extract /root/.embedded-cassandra/cassandra/3.11.2/apache-cassandra-3.11.2-bin.tar.gz : extract apache-cassandra-3.11.2/lib/guava-18.0.jar
2018-07-19 14:58:21 [main] INFO  c.g.n.e.c.p.CassandraStarterTests - Extract /root/.embedded-cassandra/cassandra/3.11.2/apache-cassandra-3.11.2-bin.tar.gz : extract apache-cassandra-3.11.2/lib/high-scale-lib-1.0.6.jar
2018-07-19 14:58:21 [main] INFO  c.g.n.e.c.p.CassandraStarterTests - Extract /root/.embedded-cassandra/cassandra/3.11.2/apache-cassandra-3.11.2-bin.tar.gz : extract apache-cassandra-3.11.2/lib/hppc-0.5.4.jar
2018-07-19 14:58:21 [main] INFO  c.g.n.e.c.p.CassandraStarterTests - Extract /root/.embedded-cassandra/cassandra/3.11.2/apache-cassandra-3.11.2-bin.tar.gz : extract apache-cassandra-3.11.2/lib/jackson-core-asl-1.9.13.jar
2018-07-19 14:58:21 [main] INFO  c.g.n.e.c.p.CassandraStarterTests - Extract /root/.embedded-cassandra/cassandra/3.11.2/apache-cassandra-3.11.2-bin.tar.gz : extract apache-cassandra-3.11.2/lib/jackson-mapper-asl-1.9.13.jar
2018-07-19 14:58:21 [main] INFO  c.g.n.e.c.p.CassandraStarterTests - Extract /root/.embedded-cassandra/cassandra/3.11.2/apache-cassandra-3.11.2-bin.tar.gz : extract apache-cassandra-3.11.2/lib/jamm-0.3.0.jar
2018-07-19 14:58:21 [main] INFO  c.g.n.e.c.p.CassandraStarterTests - Extract /root/.embedded-cassandra/cassandra/3.11.2/apache-cassandra-3.11.2-bin.tar.gz : extract apache-cassandra-3.11.2/lib/javax.inject.jar
2018-07-19 14:58:21 [main] INFO  c.g.n.e.c.p.CassandraStarterTests - Extract /root/.embedded-cassandra/cassandra/3.11.2/apache-cassandra-3.11.2-bin.tar.gz : extract apache-cassandra-3.11.2/lib/jbcrypt-0.3m.jar
2018-07-19 14:58:21 [main] INFO  c.g.n.e.c.p.CassandraStarterTests - Extract /root/.embedded-cassandra/cassandra/3.11.2/apache-cassandra-3.11.2-bin.tar.gz : extract apache-cassandra-3.11.2/lib/jcl-over-slf4j-1.7.7.jar
2018-07-19 14:58:21 [main] INFO  c.g.n.e.c.p.CassandraStarterTests - Extract /root/.embedded-cassandra/cassandra/3.11.2/apache-cassandra-3.11.2-bin.tar.gz : extract apache-cassandra-3.11.2/lib/jctools-core-1.2.1.jar
2018-07-19 14:58:21 [main] INFO  c.g.n.e.c.p.CassandraStarterTests - Extract /root/.embedded-cassandra/cassandra/3.11.2/apache-cassandra-3.11.2-bin.tar.gz : extract apache-cassandra-3.11.2/lib/jflex-1.6.0.jar
2018-07-19 14:58:21 [main] INFO  c.g.n.e.c.p.CassandraStarterTests - Extract /root/.embedded-cassandra/cassandra/3.11.2/apache-cassandra-3.11.2-bin.tar.gz : extract apache-cassandra-3.11.2/lib/jna-4.2.2.jar
2018-07-19 14:58:21 [main] INFO  c.g.n.e.c.p.CassandraStarterTests - Extract /root/.embedded-cassandra/cassandra/3.11.2/apache-cassandra-3.11.2-bin.tar.gz : extract apache-cassandra-3.11.2/lib/joda-time-2.4.jar
2018-07-19 14:58:21 [main] INFO  c.g.n.e.c.p.CassandraStarterTests - Extract /root/.embedded-cassandra/cassandra/3.11.2/apache-cassandra-3.11.2-bin.tar.gz : extract apache-cassandra-3.11.2/lib/json-simple-1.1.jar
2018-07-19 14:58:21 [main] INFO  c.g.n.e.c.p.CassandraStarterTests - Extract /root/.embedded-cassandra/cassandra/3.11.2/apache-cassandra-3.11.2-bin.tar.gz : extract apache-cassandra-3.11.2/lib/jstackjunit-0.0.1.jar
2018-07-19 14:58:21 [main] INFO  c.g.n.e.c.p.CassandraStarterTests - Extract /root/.embedded-cassandra/cassandra/3.11.2/apache-cassandra-3.11.2-bin.tar.gz : extract apache-cassandra-3.11.2/lib/libthrift-0.9.2.jar
2018-07-19 14:58:21 [main] INFO  c.g.n.e.c.p.CassandraStarterTests - Extract /root/.embedded-cassandra/cassandra/3.11.2/apache-cassandra-3.11.2-bin.tar.gz : extract apache-cassandra-3.11.2/lib/log4j-over-slf4j-1.7.7.jar
2018-07-19 14:58:21 [main] INFO  c.g.n.e.c.p.CassandraStarterTests - Extract /root/.embedded-cassandra/cassandra/3.11.2/apache-cassandra-3.11.2-bin.tar.gz : extract apache-cassandra-3.11.2/lib/logback-classic-1.1.3.jar
2018-07-19 14:58:21 [main] INFO  c.g.n.e.c.p.CassandraStarterTests - Extract /root/.embedded-cassandra/cassandra/3.11.2/apache-cassandra-3.11.2-bin.tar.gz : extract apache-cassandra-3.11.2/lib/logback-core-1.1.3.jar
2018-07-19 14:58:21 [main] INFO  c.g.n.e.c.p.CassandraStarterTests - Extract /root/.embedded-cassandra/cassandra/3.11.2/apache-cassandra-3.11.2-bin.tar.gz : extract apache-cassandra-3.11.2/lib/lz4-1.3.0.jar
2018-07-19 14:58:21 [main] INFO  c.g.n.e.c.p.CassandraStarterTests - Extract /root/.embedded-cassandra/cassandra/3.11.2/apache-cassandra-3.11.2-bin.tar.gz : extract apache-cassandra-3.11.2/lib/metrics-core-3.1.0.jar
2018-07-19 14:58:21 [main] INFO  c.g.n.e.c.p.CassandraStarterTests - Extract /root/.embedded-cassandra/cassandra/3.11.2/apache-cassandra-3.11.2-bin.tar.gz : extract apache-cassandra-3.11.2/lib/metrics-jvm-3.1.0.jar
2018-07-19 14:58:21 [main] INFO  c.g.n.e.c.p.CassandraStarterTests - Extract /root/.embedded-cassandra/cassandra/3.11.2/apache-cassandra-3.11.2-bin.tar.gz : extract apache-cassandra-3.11.2/lib/metrics-logback-3.1.0.jar
2018-07-19 14:58:21 [main] INFO  c.g.n.e.c.p.CassandraStarterTests - Extract /root/.embedded-cassandra/cassandra/3.11.2/apache-cassandra-3.11.2-bin.tar.gz : extract apache-cassandra-3.11.2/lib/netty-all-4.0.44.Final.jar
2018-07-19 14:58:21 [main] INFO  c.g.n.e.c.p.CassandraStarterTests - Extract /root/.embedded-cassandra/cassandra/3.11.2/apache-cassandra-3.11.2-bin.tar.gz : extract apache-cassandra-3.11.2/lib/ohc-core-0.4.4.jar
2018-07-19 14:58:21 [main] INFO  c.g.n.e.c.p.CassandraStarterTests - Extract /root/.embedded-cassandra/cassandra/3.11.2/apache-cassandra-3.11.2-bin.tar.gz : extract apache-cassandra-3.11.2/lib/ohc-core-j8-0.4.4.jar
2018-07-19 14:58:21 [main] INFO  c.g.n.e.c.p.CassandraStarterTests - Extract /root/.embedded-cassandra/cassandra/3.11.2/apache-cassandra-3.11.2-bin.tar.gz : extract apache-cassandra-3.11.2/lib/reporter-config-base-3.0.3.jar
2018-07-19 14:58:21 [main] INFO  c.g.n.e.c.p.CassandraStarterTests - Extract /root/.embedded-cassandra/cassandra/3.11.2/apache-cassandra-3.11.2-bin.tar.gz : extract apache-cassandra-3.11.2/lib/reporter-config3-3.0.3.jar
2018-07-19 14:58:21 [main] INFO  c.g.n.e.c.p.CassandraStarterTests - Extract /root/.embedded-cassandra/cassandra/3.11.2/apache-cassandra-3.11.2-bin.tar.gz : extract apache-cassandra-3.11.2/lib/sigar-1.6.4.jar
2018-07-19 14:58:21 [main] INFO  c.g.n.e.c.p.CassandraStarterTests - Extract /root/.embedded-cassandra/cassandra/3.11.2/apache-cassandra-3.11.2-bin.tar.gz : extract apache-cassandra-3.11.2/lib/sigar-bin/libsigar-amd64-freebsd-6.so
2018-07-19 14:58:21 [main] INFO  c.g.n.e.c.p.CassandraStarterTests - Extract /root/.embedded-cassandra/cassandra/3.11.2/apache-cassandra-3.11.2-bin.tar.gz : extract apache-cassandra-3.11.2/lib/sigar-bin/libsigar-amd64-linux.so
2018-07-19 14:58:21 [main] INFO  c.g.n.e.c.p.CassandraStarterTests - Extract /root/.embedded-cassandra/cassandra/3.11.2/apache-cassandra-3.11.2-bin.tar.gz : extract apache-cassandra-3.11.2/lib/sigar-bin/libsigar-amd64-solaris.so
2018-07-19 14:58:21 [main] INFO  c.g.n.e.c.p.CassandraStarterTests - Extract /root/.embedded-cassandra/cassandra/3.11.2/apache-cassandra-3.11.2-bin.tar.gz : extract apache-cassandra-3.11.2/lib/sigar-bin/libsigar-ia64-hpux-11.sl
2018-07-19 14:58:21 [main] INFO  c.g.n.e.c.p.CassandraStarterTests - Extract /root/.embedded-cassandra/cassandra/3.11.2/apache-cassandra-3.11.2-bin.tar.gz : extract apache-cassandra-3.11.2/lib/sigar-bin/libsigar-ia64-linux.so
2018-07-19 14:58:21 [main] INFO  c.g.n.e.c.p.CassandraStarterTests - Extract /root/.embedded-cassandra/cassandra/3.11.2/apache-cassandra-3.11.2-bin.tar.gz : extract apache-cassandra-3.11.2/lib/sigar-bin/libsigar-pa-hpux-11.sl
2018-07-19 14:58:21 [main] INFO  c.g.n.e.c.p.CassandraStarterTests - Extract /root/.embedded-cassandra/cassandra/3.11.2/apache-cassandra-3.11.2-bin.tar.gz : extract apache-cassandra-3.11.2/lib/sigar-bin/libsigar-ppc-aix-5.so
2018-07-19 14:58:21 [main] INFO  c.g.n.e.c.p.CassandraStarterTests - Extract /root/.embedded-cassandra/cassandra/3.11.2/apache-cassandra-3.11.2-bin.tar.gz : extract apache-cassandra-3.11.2/lib/sigar-bin/libsigar-ppc-linux.so
2018-07-19 14:58:21 [main] INFO  c.g.n.e.c.p.CassandraStarterTests - Extract /root/.embedded-cassandra/cassandra/3.11.2/apache-cassandra-3.11.2-bin.tar.gz : extract apache-cassandra-3.11.2/lib/sigar-bin/libsigar-ppc64-aix-5.so
2018-07-19 14:58:21 [main] INFO  c.g.n.e.c.p.CassandraStarterTests - Extract /root/.embedded-cassandra/cassandra/3.11.2/apache-cassandra-3.11.2-bin.tar.gz : extract apache-cassandra-3.11.2/lib/sigar-bin/libsigar-ppc64-linux.so
2018-07-19 14:58:21 [main] INFO  c.g.n.e.c.p.CassandraStarterTests - Extract /root/.embedded-cassandra/cassandra/3.11.2/apache-cassandra-3.11.2-bin.tar.gz : extract apache-cassandra-3.11.2/lib/sigar-bin/libsigar-s390x-linux.so
2018-07-19 14:58:21 [main] INFO  c.g.n.e.c.p.CassandraStarterTests - Extract /root/.embedded-cassandra/cassandra/3.11.2/apache-cassandra-3.11.2-bin.tar.gz : extract apache-cassandra-3.11.2/lib/sigar-bin/libsigar-sparc-solaris.so
2018-07-19 14:58:21 [main] INFO  c.g.n.e.c.p.CassandraStarterTests - Extract /root/.embedded-cassandra/cassandra/3.11.2/apache-cassandra-3.11.2-bin.tar.gz : extract apache-cassandra-3.11.2/lib/sigar-bin/libsigar-sparc64-solaris.so
2018-07-19 14:58:21 [main] INFO  c.g.n.e.c.p.CassandraStarterTests - Extract /root/.embedded-cassandra/cassandra/3.11.2/apache-cassandra-3.11.2-bin.tar.gz : extract apache-cassandra-3.11.2/lib/sigar-bin/libsigar-universal-macosx.dylib
2018-07-19 14:58:21 [main] INFO  c.g.n.e.c.p.CassandraStarterTests - Extract /root/.embedded-cassandra/cassandra/3.11.2/apache-cassandra-3.11.2-bin.tar.gz : extract apache-cassandra-3.11.2/lib/sigar-bin/libsigar-universal64-macosx.dylib
2018-07-19 14:58:21 [main] INFO  c.g.n.e.c.p.CassandraStarterTests - Extract /root/.embedded-cassandra/cassandra/3.11.2/apache-cassandra-3.11.2-bin.tar.gz : extract apache-cassandra-3.11.2/lib/sigar-bin/libsigar-x86-freebsd-5.so
2018-07-19 14:58:21 [main] INFO  c.g.n.e.c.p.CassandraStarterTests - Extract /root/.embedded-cassandra/cassandra/3.11.2/apache-cassandra-3.11.2-bin.tar.gz : extract apache-cassandra-3.11.2/lib/sigar-bin/libsigar-x86-freebsd-6.so
2018-07-19 14:58:21 [main] INFO  c.g.n.e.c.p.CassandraStarterTests - Extract /root/.embedded-cassandra/cassandra/3.11.2/apache-cassandra-3.11.2-bin.tar.gz : extract apache-cassandra-3.11.2/lib/sigar-bin/libsigar-x86-linux.so
2018-07-19 14:58:21 [main] INFO  c.g.n.e.c.p.CassandraStarterTests - Extract /root/.embedded-cassandra/cassandra/3.11.2/apache-cassandra-3.11.2-bin.tar.gz : extract apache-cassandra-3.11.2/lib/sigar-bin/libsigar-x86-solaris.so
2018-07-19 14:58:21 [main] INFO  c.g.n.e.c.p.CassandraStarterTests - Extract /root/.embedded-cassandra/cassandra/3.11.2/apache-cassandra-3.11.2-bin.tar.gz : extract apache-cassandra-3.11.2/lib/sigar-bin/sigar-amd64-winnt.dll
2018-07-19 14:58:21 [main] INFO  c.g.n.e.c.p.CassandraStarterTests - Extract /root/.embedded-cassandra/cassandra/3.11.2/apache-cassandra-3.11.2-bin.tar.gz : extract apache-cassandra-3.11.2/lib/sigar-bin/sigar-x86-winnt.dll
2018-07-19 14:58:21 [main] INFO  c.g.n.e.c.p.CassandraStarterTests - Extract /root/.embedded-cassandra/cassandra/3.11.2/apache-cassandra-3.11.2-bin.tar.gz : extract apache-cassandra-3.11.2/lib/sigar-bin/sigar-x86-winnt.lib
2018-07-19 14:58:21 [main] INFO  c.g.n.e.c.p.CassandraStarterTests - Extract /root/.embedded-cassandra/cassandra/3.11.2/apache-cassandra-3.11.2-bin.tar.gz : extract apache-cassandra-3.11.2/lib/six-1.7.3-py2.py3-none-any.zip
2018-07-19 14:58:21 [main] INFO  c.g.n.e.c.p.CassandraStarterTests - Extract /root/.embedded-cassandra/cassandra/3.11.2/apache-cassandra-3.11.2-bin.tar.gz : extract apache-cassandra-3.11.2/lib/slf4j-api-1.7.7.jar
2018-07-19 14:58:21 [main] INFO  c.g.n.e.c.p.CassandraStarterTests - Extract /root/.embedded-cassandra/cassandra/3.11.2/apache-cassandra-3.11.2-bin.tar.gz : extract apache-cassandra-3.11.2/lib/snakeyaml-1.11.jar
2018-07-19 14:58:21 [main] INFO  c.g.n.e.c.p.CassandraStarterTests - Extract /root/.embedded-cassandra/cassandra/3.11.2/apache-cassandra-3.11.2-bin.tar.gz : extract apache-cassandra-3.11.2/lib/snappy-java-1.1.1.7.jar
2018-07-19 14:58:21 [main] INFO  c.g.n.e.c.p.CassandraStarterTests - Extract /root/.embedded-cassandra/cassandra/3.11.2/apache-cassandra-3.11.2-bin.tar.gz : extract apache-cassandra-3.11.2/lib/snowball-stemmer-1.3.0.581.1.jar
2018-07-19 14:58:21 [main] INFO  c.g.n.e.c.p.CassandraStarterTests - Extract /root/.embedded-cassandra/cassandra/3.11.2/apache-cassandra-3.11.2-bin.tar.gz : extract apache-cassandra-3.11.2/lib/stream-2.5.2.jar
2018-07-19 14:58:21 [main] INFO  c.g.n.e.c.p.CassandraStarterTests - Extract /root/.embedded-cassandra/cassandra/3.11.2/apache-cassandra-3.11.2-bin.tar.gz : extract apache-cassandra-3.11.2/lib/thrift-server-0.3.7.jar
2018-07-19 14:58:21 [main] INFO  c.g.n.e.c.p.CassandraStarterTests - Extract /root/.embedded-cassandra/cassandra/3.11.2/apache-cassandra-3.11.2-bin.tar.gz : extract apache-cassandra-3.11.2/pylib/cqlshlib/__init__.py
2018-07-19 14:58:21 [main] INFO  c.g.n.e.c.p.CassandraStarterTests - Extract /root/.embedded-cassandra/cassandra/3.11.2/apache-cassandra-3.11.2-bin.tar.gz : extract apache-cassandra-3.11.2/pylib/cqlshlib/copyutil.py
2018-07-19 14:58:21 [main] INFO  c.g.n.e.c.p.CassandraStarterTests - Extract /root/.embedded-cassandra/cassandra/3.11.2/apache-cassandra-3.11.2-bin.tar.gz : extract apache-cassandra-3.11.2/pylib/cqlshlib/cql3handling.py
2018-07-19 14:58:21 [main] INFO  c.g.n.e.c.p.CassandraStarterTests - Extract /root/.embedded-cassandra/cassandra/3.11.2/apache-cassandra-3.11.2-bin.tar.gz : extract apache-cassandra-3.11.2/pylib/cqlshlib/cqlhandling.py
2018-07-19 14:58:21 [main] INFO  c.g.n.e.c.p.CassandraStarterTests - Extract /root/.embedded-cassandra/cassandra/3.11.2/apache-cassandra-3.11.2-bin.tar.gz : extract apache-cassandra-3.11.2/pylib/cqlshlib/cqlshhandling.py
2018-07-19 14:58:21 [main] INFO  c.g.n.e.c.p.CassandraStarterTests - Extract /root/.embedded-cassandra/cassandra/3.11.2/apache-cassandra-3.11.2-bin.tar.gz : extract apache-cassandra-3.11.2/pylib/cqlshlib/displaying.py
2018-07-19 14:58:21 [main] INFO  c.g.n.e.c.p.CassandraStarterTests - Extract /root/.embedded-cassandra/cassandra/3.11.2/apache-cassandra-3.11.2-bin.tar.gz : extract apache-cassandra-3.11.2/pylib/cqlshlib/formatting.py
2018-07-19 14:58:21 [main] INFO  c.g.n.e.c.p.CassandraStarterTests - Extract /root/.embedded-cassandra/cassandra/3.11.2/apache-cassandra-3.11.2-bin.tar.gz : extract apache-cassandra-3.11.2/pylib/cqlshlib/helptopics.py
2018-07-19 14:58:21 [main] INFO  c.g.n.e.c.p.CassandraStarterTests - Extract /root/.embedded-cassandra/cassandra/3.11.2/apache-cassandra-3.11.2-bin.tar.gz : extract apache-cassandra-3.11.2/pylib/cqlshlib/pylexotron.py
2018-07-19 14:58:21 [main] INFO  c.g.n.e.c.p.CassandraStarterTests - Extract /root/.embedded-cassandra/cassandra/3.11.2/apache-cassandra-3.11.2-bin.tar.gz : extract apache-cassandra-3.11.2/pylib/cqlshlib/saferscanner.py
2018-07-19 14:58:21 [main] INFO  c.g.n.e.c.p.CassandraStarterTests - Extract /root/.embedded-cassandra/cassandra/3.11.2/apache-cassandra-3.11.2-bin.tar.gz : extract apache-cassandra-3.11.2/pylib/cqlshlib/sslhandling.py
2018-07-19 14:58:21 [main] INFO  c.g.n.e.c.p.CassandraStarterTests - Extract /root/.embedded-cassandra/cassandra/3.11.2/apache-cassandra-3.11.2-bin.tar.gz : extract apache-cassandra-3.11.2/pylib/cqlshlib/test/__init__.py
2018-07-19 14:58:21 [main] INFO  c.g.n.e.c.p.CassandraStarterTests - Extract /root/.embedded-cassandra/cassandra/3.11.2/apache-cassandra-3.11.2-bin.tar.gz : extract apache-cassandra-3.11.2/pylib/cqlshlib/test/ansi_colors.py
2018-07-19 14:58:21 [main] INFO  c.g.n.e.c.p.CassandraStarterTests - Extract /root/.embedded-cassandra/cassandra/3.11.2/apache-cassandra-3.11.2-bin.tar.gz : extract apache-cassandra-3.11.2/pylib/cqlshlib/test/basecase.py
2018-07-19 14:58:21 [main] INFO  c.g.n.e.c.p.CassandraStarterTests - Extract /root/.embedded-cassandra/cassandra/3.11.2/apache-cassandra-3.11.2-bin.tar.gz : extract apache-cassandra-3.11.2/pylib/cqlshlib/test/cassconnect.py
2018-07-19 14:58:21 [main] INFO  c.g.n.e.c.p.CassandraStarterTests - Extract /root/.embedded-cassandra/cassandra/3.11.2/apache-cassandra-3.11.2-bin.tar.gz : extract apache-cassandra-3.11.2/pylib/cqlshlib/test/run_cqlsh.py
2018-07-19 14:58:21 [main] INFO  c.g.n.e.c.p.CassandraStarterTests - Extract /root/.embedded-cassandra/cassandra/3.11.2/apache-cassandra-3.11.2-bin.tar.gz : extract apache-cassandra-3.11.2/pylib/cqlshlib/test/test_cql_parsing.py
2018-07-19 14:58:21 [main] INFO  c.g.n.e.c.p.CassandraStarterTests - Extract /root/.embedded-cassandra/cassandra/3.11.2/apache-cassandra-3.11.2-bin.tar.gz : extract apache-cassandra-3.11.2/pylib/cqlshlib/test/test_cqlsh_commands.py
2018-07-19 14:58:21 [main] INFO  c.g.n.e.c.p.CassandraStarterTests - Extract /root/.embedded-cassandra/cassandra/3.11.2/apache-cassandra-3.11.2-bin.tar.gz : extract apache-cassandra-3.11.2/pylib/cqlshlib/test/test_cqlsh_completion.py
2018-07-19 14:58:21 [main] INFO  c.g.n.e.c.p.CassandraStarterTests - Extract /root/.embedded-cassandra/cassandra/3.11.2/apache-cassandra-3.11.2-bin.tar.gz : extract apache-cassandra-3.11.2/pylib/cqlshlib/test/test_cqlsh_invocation.py
2018-07-19 14:58:21 [main] INFO  c.g.n.e.c.p.CassandraStarterTests - Extract /root/.embedded-cassandra/cassandra/3.11.2/apache-cassandra-3.11.2-bin.tar.gz : extract apache-cassandra-3.11.2/pylib/cqlshlib/test/test_cqlsh_output.py
2018-07-19 14:58:21 [main] INFO  c.g.n.e.c.p.CassandraStarterTests - Extract /root/.embedded-cassandra/cassandra/3.11.2/apache-cassandra-3.11.2-bin.tar.gz : extract apache-cassandra-3.11.2/pylib/cqlshlib/test/test_cqlsh_parsing.py
2018-07-19 14:58:21 [main] INFO  c.g.n.e.c.p.CassandraStarterTests - Extract /root/.embedded-cassandra/cassandra/3.11.2/apache-cassandra-3.11.2-bin.tar.gz : extract apache-cassandra-3.11.2/pylib/cqlshlib/test/test_keyspace_init.cql
2018-07-19 14:58:21 [main] INFO  c.g.n.e.c.p.CassandraStarterTests - Extract /root/.embedded-cassandra/cassandra/3.11.2/apache-cassandra-3.11.2-bin.tar.gz : extract apache-cassandra-3.11.2/pylib/cqlshlib/test/winpty.py
2018-07-19 14:58:21 [main] INFO  c.g.n.e.c.p.CassandraStarterTests - Extract /root/.embedded-cassandra/cassandra/3.11.2/apache-cassandra-3.11.2-bin.tar.gz : extract apache-cassandra-3.11.2/pylib/cqlshlib/tracing.py
2018-07-19 14:58:21 [main] INFO  c.g.n.e.c.p.CassandraStarterTests - Extract /root/.embedded-cassandra/cassandra/3.11.2/apache-cassandra-3.11.2-bin.tar.gz : extract apache-cassandra-3.11.2/pylib/cqlshlib/util.py
2018-07-19 14:58:21 [main] INFO  c.g.n.e.c.p.CassandraStarterTests - Extract /root/.embedded-cassandra/cassandra/3.11.2/apache-cassandra-3.11.2-bin.tar.gz : extract apache-cassandra-3.11.2/pylib/cqlshlib/wcwidth.py
2018-07-19 14:58:21 [main] INFO  c.g.n.e.c.p.CassandraStarterTests - Extract /root/.embedded-cassandra/cassandra/3.11.2/apache-cassandra-3.11.2-bin.tar.gz : extract apache-cassandra-3.11.2/pylib/setup.py
2018-07-19 14:58:21 [main] INFO  c.g.n.e.c.p.CassandraStarterTests - Extract /root/.embedded-cassandra/cassandra/3.11.2/apache-cassandra-3.11.2-bin.tar.gz : extract apache-cassandra-3.11.2/tools/bin/cassandra-stress
2018-07-19 14:58:21 [main] INFO  c.g.n.e.c.p.CassandraStarterTests - Extract /root/.embedded-cassandra/cassandra/3.11.2/apache-cassandra-3.11.2-bin.tar.gz : extract apache-cassandra-3.11.2/tools/bin/cassandra-stress.bat
2018-07-19 14:58:21 [main] INFO  c.g.n.e.c.p.CassandraStarterTests - Extract /root/.embedded-cassandra/cassandra/3.11.2/apache-cassandra-3.11.2-bin.tar.gz : extract apache-cassandra-3.11.2/tools/bin/cassandra-stressd
2018-07-19 14:58:21 [main] INFO  c.g.n.e.c.p.CassandraStarterTests - Extract /root/.embedded-cassandra/cassandra/3.11.2/apache-cassandra-3.11.2-bin.tar.gz : extract apache-cassandra-3.11.2/tools/bin/cassandra.in.bat
2018-07-19 14:58:21 [main] INFO  c.g.n.e.c.p.CassandraStarterTests - Extract /root/.embedded-cassandra/cassandra/3.11.2/apache-cassandra-3.11.2-bin.tar.gz : extract apache-cassandra-3.11.2/tools/bin/cassandra.in.sh
2018-07-19 14:58:21 [main] INFO  c.g.n.e.c.p.CassandraStarterTests - Extract /root/.embedded-cassandra/cassandra/3.11.2/apache-cassandra-3.11.2-bin.tar.gz : extract apache-cassandra-3.11.2/tools/bin/compaction-stress
2018-07-19 14:58:21 [main] INFO  c.g.n.e.c.p.CassandraStarterTests - Extract /root/.embedded-cassandra/cassandra/3.11.2/apache-cassandra-3.11.2-bin.tar.gz : extract apache-cassandra-3.11.2/tools/bin/sstabledump
2018-07-19 14:58:21 [main] INFO  c.g.n.e.c.p.CassandraStarterTests - Extract /root/.embedded-cassandra/cassandra/3.11.2/apache-cassandra-3.11.2-bin.tar.gz : extract apache-cassandra-3.11.2/tools/bin/sstabledump.bat
2018-07-19 14:58:21 [main] INFO  c.g.n.e.c.p.CassandraStarterTests - Extract /root/.embedded-cassandra/cassandra/3.11.2/apache-cassandra-3.11.2-bin.tar.gz : extract apache-cassandra-3.11.2/tools/bin/sstableexpiredblockers
2018-07-19 14:58:21 [main] INFO  c.g.n.e.c.p.CassandraStarterTests - Extract /root/.embedded-cassandra/cassandra/3.11.2/apache-cassandra-3.11.2-bin.tar.gz : extract apache-cassandra-3.11.2/tools/bin/sstableexpiredblockers.bat
2018-07-19 14:58:21 [main] INFO  c.g.n.e.c.p.CassandraStarterTests - Extract /root/.embedded-cassandra/cassandra/3.11.2/apache-cassandra-3.11.2-bin.tar.gz : extract apache-cassandra-3.11.2/tools/bin/sstablelevelreset
2018-07-19 14:58:21 [main] INFO  c.g.n.e.c.p.CassandraStarterTests - Extract /root/.embedded-cassandra/cassandra/3.11.2/apache-cassandra-3.11.2-bin.tar.gz : extract apache-cassandra-3.11.2/tools/bin/sstablelevelreset.bat
2018-07-19 14:58:21 [main] INFO  c.g.n.e.c.p.CassandraStarterTests - Extract /root/.embedded-cassandra/cassandra/3.11.2/apache-cassandra-3.11.2-bin.tar.gz : extract apache-cassandra-3.11.2/tools/bin/sstablemetadata
2018-07-19 14:58:21 [main] INFO  c.g.n.e.c.p.CassandraStarterTests - Extract /root/.embedded-cassandra/cassandra/3.11.2/apache-cassandra-3.11.2-bin.tar.gz : extract apache-cassandra-3.11.2/tools/bin/sstablemetadata.bat
2018-07-19 14:58:21 [main] INFO  c.g.n.e.c.p.CassandraStarterTests - Extract /root/.embedded-cassandra/cassandra/3.11.2/apache-cassandra-3.11.2-bin.tar.gz : extract apache-cassandra-3.11.2/tools/bin/sstableofflinerelevel
2018-07-19 14:58:21 [main] INFO  c.g.n.e.c.p.CassandraStarterTests - Extract /root/.embedded-cassandra/cassandra/3.11.2/apache-cassandra-3.11.2-bin.tar.gz : extract apache-cassandra-3.11.2/tools/bin/sstableofflinerelevel.bat
2018-07-19 14:58:21 [main] INFO  c.g.n.e.c.p.CassandraStarterTests - Extract /root/.embedded-cassandra/cassandra/3.11.2/apache-cassandra-3.11.2-bin.tar.gz : extract apache-cassandra-3.11.2/tools/bin/sstablerepairedset
2018-07-19 14:58:21 [main] INFO  c.g.n.e.c.p.CassandraStarterTests - Extract /root/.embedded-cassandra/cassandra/3.11.2/apache-cassandra-3.11.2-bin.tar.gz : extract apache-cassandra-3.11.2/tools/bin/sstablerepairedset.bat
2018-07-19 14:58:21 [main] INFO  c.g.n.e.c.p.CassandraStarterTests - Extract /root/.embedded-cassandra/cassandra/3.11.2/apache-cassandra-3.11.2-bin.tar.gz : extract apache-cassandra-3.11.2/tools/bin/sstablesplit
2018-07-19 14:58:21 [main] INFO  c.g.n.e.c.p.CassandraStarterTests - Extract /root/.embedded-cassandra/cassandra/3.11.2/apache-cassandra-3.11.2-bin.tar.gz : extract apache-cassandra-3.11.2/tools/bin/sstablesplit.bat
2018-07-19 14:58:21 [main] INFO  c.g.n.e.c.p.CassandraStarterTests - Extract /root/.embedded-cassandra/cassandra/3.11.2/apache-cassandra-3.11.2-bin.tar.gz : extract apache-cassandra-3.11.2/tools/cqlstress-counter-example.yaml
2018-07-19 14:58:21 [main] INFO  c.g.n.e.c.p.CassandraStarterTests - Extract /root/.embedded-cassandra/cassandra/3.11.2/apache-cassandra-3.11.2-bin.tar.gz : extract apache-cassandra-3.11.2/tools/cqlstress-example.yaml
2018-07-19 14:58:21 [main] INFO  c.g.n.e.c.p.CassandraStarterTests - Extract /root/.embedded-cassandra/cassandra/3.11.2/apache-cassandra-3.11.2-bin.tar.gz : extract apache-cassandra-3.11.2/tools/cqlstress-insanity-example.yaml
2018-07-19 14:58:21 [main] INFO  c.g.n.e.c.p.CassandraStarterTests - Extract /root/.embedded-cassandra/cassandra/3.11.2/apache-cassandra-3.11.2-bin.tar.gz : extract apache-cassandra-3.11.2/tools/lib/stress.jar
2018-07-19 14:58:21 [main] INFO  c.g.n.e.c.p.CassandraStarterTests - Extract /root/.embedded-cassandra/cassandra/3.11.2/apache-cassandra-3.11.2-bin.tar.gz : extract apache-cassandra-3.11.2/bin/cassandra.in.sh
2018-07-19 14:58:21 [main] INFO  c.g.n.e.c.p.CassandraStarterTests - Extract /root/.embedded-cassandra/cassandra/3.11.2/apache-cassandra-3.11.2-bin.tar.gz : extract apache-cassandra-3.11.2/bin/cassandra
2018-07-19 14:58:21 [main] INFO  c.g.n.e.c.p.CassandraStarterTests - Extract /root/.embedded-cassandra/cassandra/3.11.2/apache-cassandra-3.11.2-bin.tar.gz : extract apache-cassandra-3.11.2/bin/cassandra.bat
2018-07-19 14:58:21 [main] INFO  c.g.n.e.c.p.CassandraStarterTests - Extract /root/.embedded-cassandra/cassandra/3.11.2/apache-cassandra-3.11.2-bin.tar.gz : extract apache-cassandra-3.11.2/bin/cassandra.in.bat
2018-07-19 14:58:21 [main] INFO  c.g.n.e.c.p.CassandraStarterTests - Extract /root/.embedded-cassandra/cassandra/3.11.2/apache-cassandra-3.11.2-bin.tar.gz : extract apache-cassandra-3.11.2/bin/cqlsh
2018-07-19 14:58:21 [main] INFO  c.g.n.e.c.p.CassandraStarterTests - Extract /root/.embedded-cassandra/cassandra/3.11.2/apache-cassandra-3.11.2-bin.tar.gz : extract apache-cassandra-3.11.2/bin/cqlsh.bat
2018-07-19 14:58:21 [main] INFO  c.g.n.e.c.p.CassandraStarterTests - Extract /root/.embedded-cassandra/cassandra/3.11.2/apache-cassandra-3.11.2-bin.tar.gz : extract apache-cassandra-3.11.2/bin/cqlsh.py
2018-07-19 14:58:21 [main] INFO  c.g.n.e.c.p.CassandraStarterTests - Extract /root/.embedded-cassandra/cassandra/3.11.2/apache-cassandra-3.11.2-bin.tar.gz : extract apache-cassandra-3.11.2/bin/debug-cql
2018-07-19 14:58:21 [main] INFO  c.g.n.e.c.p.CassandraStarterTests - Extract /root/.embedded-cassandra/cassandra/3.11.2/apache-cassandra-3.11.2-bin.tar.gz : extract apache-cassandra-3.11.2/bin/debug-cql.bat
2018-07-19 14:58:21 [main] INFO  c.g.n.e.c.p.CassandraStarterTests - Extract /root/.embedded-cassandra/cassandra/3.11.2/apache-cassandra-3.11.2-bin.tar.gz : extract apache-cassandra-3.11.2/bin/nodetool
2018-07-19 14:58:21 [main] INFO  c.g.n.e.c.p.CassandraStarterTests - Extract /root/.embedded-cassandra/cassandra/3.11.2/apache-cassandra-3.11.2-bin.tar.gz : extract apache-cassandra-3.11.2/bin/nodetool.bat
2018-07-19 14:58:21 [main] INFO  c.g.n.e.c.p.CassandraStarterTests - Extract /root/.embedded-cassandra/cassandra/3.11.2/apache-cassandra-3.11.2-bin.tar.gz : extract apache-cassandra-3.11.2/bin/source-conf.ps1
2018-07-19 14:58:21 [main] INFO  c.g.n.e.c.p.CassandraStarterTests - Extract /root/.embedded-cassandra/cassandra/3.11.2/apache-cassandra-3.11.2-bin.tar.gz : extract apache-cassandra-3.11.2/bin/sstableloader
2018-07-19 14:58:21 [main] INFO  c.g.n.e.c.p.CassandraStarterTests - Extract /root/.embedded-cassandra/cassandra/3.11.2/apache-cassandra-3.11.2-bin.tar.gz : extract apache-cassandra-3.11.2/bin/sstableloader.bat
2018-07-19 14:58:21 [main] INFO  c.g.n.e.c.p.CassandraStarterTests - Extract /root/.embedded-cassandra/cassandra/3.11.2/apache-cassandra-3.11.2-bin.tar.gz : extract apache-cassandra-3.11.2/bin/sstablescrub
2018-07-19 14:58:21 [main] INFO  c.g.n.e.c.p.CassandraStarterTests - Extract /root/.embedded-cassandra/cassandra/3.11.2/apache-cassandra-3.11.2-bin.tar.gz : extract apache-cassandra-3.11.2/bin/sstablescrub.bat
2018-07-19 14:58:21 [main] INFO  c.g.n.e.c.p.CassandraStarterTests - Extract /root/.embedded-cassandra/cassandra/3.11.2/apache-cassandra-3.11.2-bin.tar.gz : extract apache-cassandra-3.11.2/bin/sstableupgrade
2018-07-19 14:58:21 [main] INFO  c.g.n.e.c.p.CassandraStarterTests - Extract /root/.embedded-cassandra/cassandra/3.11.2/apache-cassandra-3.11.2-bin.tar.gz : extract apache-cassandra-3.11.2/bin/sstableupgrade.bat
2018-07-19 14:58:21 [main] INFO  c.g.n.e.c.p.CassandraStarterTests - Extract /root/.embedded-cassandra/cassandra/3.11.2/apache-cassandra-3.11.2-bin.tar.gz : extract apache-cassandra-3.11.2/bin/sstableutil
2018-07-19 14:58:21 [main] INFO  c.g.n.e.c.p.CassandraStarterTests - Extract /root/.embedded-cassandra/cassandra/3.11.2/apache-cassandra-3.11.2-bin.tar.gz : extract apache-cassandra-3.11.2/bin/sstableutil.bat
2018-07-19 14:58:21 [main] INFO  c.g.n.e.c.p.CassandraStarterTests - Extract /root/.embedded-cassandra/cassandra/3.11.2/apache-cassandra-3.11.2-bin.tar.gz : extract apache-cassandra-3.11.2/bin/sstableverify
2018-07-19 14:58:21 [main] INFO  c.g.n.e.c.p.CassandraStarterTests - Extract /root/.embedded-cassandra/cassandra/3.11.2/apache-cassandra-3.11.2-bin.tar.gz : extract apache-cassandra-3.11.2/bin/sstableverify.bat
2018-07-19 14:58:21 [main] INFO  c.g.n.e.c.p.CassandraStarterTests - Extract /root/.embedded-cassandra/cassandra/3.11.2/apache-cassandra-3.11.2-bin.tar.gz : extract apache-cassandra-3.11.2/bin/stop-server
2018-07-19 14:58:21 [main] INFO  c.g.n.e.c.p.CassandraStarterTests - Extract /root/.embedded-cassandra/cassandra/3.11.2/apache-cassandra-3.11.2-bin.tar.gz : extract apache-cassandra-3.11.2/bin/stop-server.bat
2018-07-19 14:58:21 [main] INFO  c.g.n.e.c.p.CassandraStarterTests - Extract /root/.embedded-cassandra/cassandra/3.11.2/apache-cassandra-3.11.2-bin.tar.gz : extract apache-cassandra-3.11.2/bin/stop-server.ps1
2018-07-19 14:58:21 [main] INFO  c.g.n.e.c.p.CassandraStarterTests - Extract /root/.embedded-cassandra/cassandra/3.11.2/apache-cassandra-3.11.2-bin.tar.gz : finished
2018-07-19 14:58:21 [main] INFO  c.g.n.e.c.process.CassandraProcess - Starting Cassandra Process using command [/tmp/temp--2883e55d-def5-46fa-9ae2-3319898d203a/apache-cassandra-3.11.2/bin/cassandra, -f, -Dcassandra.jmx.local.port=42233]
2018-07-19 14:58:22 [Thread-14] INFO  c.g.n.e.c.p.CassandraStarterTests - [P:829] Running Cassandra as root user or group is not recommended - please start Cassandra using a different system user.
2018-07-19 14:58:22 [Thread-14] INFO  c.g.n.e.c.p.CassandraStarterTests - [P:829] If you really want to force running Cassandra as root, use -R command line option.
2018-07-19 14:58:22 [main] INFO  c.g.n.e.c.process.CassandraProcess - Cassandra process '829' has been stopped.
]]></system-out>
    <rerunFailure message="&#10;Expected: (an instance of java.io.IOException and exception with message a string containing &quot;Missing required directive CommitLogSync&quot;)&#10;     but: exception with message a string containing &quot;Missing required directive CommitLogSync&quot; message was &quot;Could not start a process &apos;1312&apos;.&#10;Failure:&lt;EOF&gt;&#10;Output:&#10;--- START --- &#10;[P:1312] Running Cassandra as root user or group is not recommended - please start Cassandra using a different system user.&#10;[P:1312] If you really want to force running Cassandra as root, use -R command line option.&#10;&#10;--- END --- &quot;&#10;Stacktrace was: java.io.IOException: Could not start a process &apos;1312&apos;.&#10;Failure:&lt;EOF&gt;&#10;Output:&#10;--- START --- &#10;[P:1312] Running Cassandra as root user or group is not recommended - please start Cassandra using a different system user.&#10;[P:1312] If you really want to force running Cassandra as root, use -R command line option.&#10;&#10;--- END --- &#10;	at com.github.nosan.embedded.cassandra.process.CassandraProcess.onAfterProcessStart(CassandraProcess.java:114)&#10;	at de.flapdoodle.embed.process.runtime.AbstractProcess.&lt;init&gt;(AbstractProcess.java:116)&#10;	at com.github.nosan.embedded.cassandra.process.CassandraProcess.&lt;init&gt;(CassandraProcess.java:67)&#10;	at com.github.nosan.embedded.cassandra.process.CassandraExecutable.start(CassandraExecutable.java:49)&#10;	at com.github.nosan.embedded.cassandra.process.CassandraExecutable.start(CassandraExecutable.java:37)&#10;	at de.flapdoodle.embed.process.runtime.Executable.start(Executable.java:108)&#10;	at com.github.nosan.embedded.cassandra.process.CassandraStarterTests.start(CassandraStarterTests.java:64)&#10;	at com.github.nosan.embedded.cassandra.process.CassandraStarterTests.start(CassandraStarterTests.java:55)&#10;	at com.github.nosan.embedded.cassandra.process.CassandraStarterTests.shouldFailWithInvalidConfigurationError(CassandraStarterTests.java:105)&#10;	at sun.reflect.NativeMethodAccessorImpl.invoke0(Native Method)&#10;	at sun.reflect.NativeMethodAccessorImpl.invoke(NativeMethodAccessorImpl.java:62)&#10;	at sun.reflect.DelegatingMethodAccessorImpl.invoke(DelegatingMethodAccessorImpl.java:43)&#10;	at java.lang.reflect.Method.invoke(Method.java:498)&#10;	at org.junit.runners.model.FrameworkMethod$1.runReflectiveCall(FrameworkMethod.java:50)&#10;	at org.junit.internal.runners.model.ReflectiveCallable.run(ReflectiveCallable.java:12)&#10;	at org.junit.runners.model.FrameworkMethod.invokeExplosively(FrameworkMethod.java:47)&#10;	at org.junit.internal.runners.statements.InvokeMethod.evaluate(InvokeMethod.java:17)&#10;	at org.junit.rules.ExpectedException$ExpectedExceptionStatement.evaluate(ExpectedException.java:239)&#10;	at org.junit.rules.RunRules.evaluate(RunRules.java:20)&#10;	at org.junit.runners.ParentRunner.runLeaf(ParentRunner.java:325)&#10;	at org.junit.runners.BlockJUnit4ClassRunner.runChild(BlockJUnit4ClassRunner.java:78)&#10;	at org.junit.runners.BlockJUnit4ClassRunner.runChild(BlockJUnit4ClassRunner.java:57)&#10;	at org.junit.runners.ParentRunner$3.run(ParentRunner.java:290)&#10;	at org.junit.runners.ParentRunner$1.schedule(ParentRunner.java:71)&#10;	at org.junit.runners.ParentRunner.runChildren(ParentRunner.java:288)&#10;	at org.junit.runners.ParentRunner.access$000(ParentRunner.java:58)&#10;	at org.junit.runners.ParentRunner$2.evaluate(ParentRunner.java:268)&#10;	at org.junit.runners.ParentRunner.run(ParentRunner.java:363)&#10;	at org.apache.maven.surefire.junit4.JUnit4Provider.executeFailedMethod(JUnit4Provider.java:379)&#10;	at org.apache.maven.surefire.junit4.JUnit4Provider.executeWithRerun(JUnit4Provider.java:290)&#10;	at org.apache.maven.surefire.junit4.JUnit4Provider.executeTestSet(JUnit4Provider.java:236)&#10;	at org.apache.maven.surefire.junit4.JUnit4Provider.invoke(JUnit4Provider.java:159)&#10;	at org.apache.maven.surefire.booter.ForkedBooter.invokeProviderInSameClassLoader(ForkedBooter.java:386)&#10;	at org.apache.maven.surefire.booter.ForkedBooter.runSuitesInProcess(ForkedBooter.java:323)&#10;	at org.apache.maven.surefire.booter.ForkedBooter.main(ForkedBooter.java:143)&#10;" type="java.lang.AssertionError"><![CDATA[java.lang.AssertionError: 

Expected: (an instance of java.io.IOException and exception with message a string containing "Missing required directive CommitLogSync")
     but: exception with message a string containing "Missing required directive CommitLogSync" message was "Could not start a process '1312'.
Failure:<EOF>
Output:
--- START --- 
[P:1312] Running Cassandra as root user or group is not recommended - please start Cassandra using a different system user.
[P:1312] If you really want to force running Cassandra as root, use -R command line option.

--- END --- "
Stacktrace was: java.io.IOException: Could not start a process '1312'.
Failure:<EOF>
Output:
--- START --- 
[P:1312] Running Cassandra as root user or group is not recommended - please start Cassandra using a different system user.
[P:1312] If you really want to force running Cassandra as root, use -R command line option.

--- END --- 
	at com.github.nosan.embedded.cassandra.process.CassandraProcess.onAfterProcessStart(CassandraProcess.java:114)
	at de.flapdoodle.embed.process.runtime.AbstractProcess.<init>(AbstractProcess.java:116)
	at com.github.nosan.embedded.cassandra.process.CassandraProcess.<init>(CassandraProcess.java:67)
	at com.github.nosan.embedded.cassandra.process.CassandraExecutable.start(CassandraExecutable.java:49)
	at com.github.nosan.embedded.cassandra.process.CassandraExecutable.start(CassandraExecutable.java:37)
	at de.flapdoodle.embed.process.runtime.Executable.start(Executable.java:108)
	at com.github.nosan.embedded.cassandra.process.CassandraStarterTests.start(CassandraStarterTests.java:64)
	at com.github.nosan.embedded.cassandra.process.CassandraStarterTests.start(CassandraStarterTests.java:55)
	at com.github.nosan.embedded.cassandra.process.CassandraStarterTests.shouldFailWithInvalidConfigurationError(CassandraStarterTests.java:105)
	at sun.reflect.NativeMethodAccessorImpl.invoke0(Native Method)
	at sun.reflect.NativeMethodAccessorImpl.invoke(NativeMethodAccessorImpl.java:62)
	at sun.reflect.DelegatingMethodAccessorImpl.invoke(DelegatingMethodAccessorImpl.java:43)
	at java.lang.reflect.Method.invoke(Method.java:498)
	at org.junit.runners.model.FrameworkMethod$1.runReflectiveCall(FrameworkMethod.java:50)
	at org.junit.internal.runners.model.ReflectiveCallable.run(ReflectiveCallable.java:12)
	at org.junit.runners.model.FrameworkMethod.invokeExplosively(FrameworkMethod.java:47)
	at org.junit.internal.runners.statements.InvokeMethod.evaluate(InvokeMethod.java:17)
	at org.junit.rules.ExpectedException$ExpectedExceptionStatement.evaluate(ExpectedException.java:239)
	at org.junit.rules.RunRules.evaluate(RunRules.java:20)
	at org.junit.runners.ParentRunner.runLeaf(ParentRunner.java:325)
	at org.junit.runners.BlockJUnit4ClassRunner.runChild(BlockJUnit4ClassRunner.java:78)
	at org.junit.runners.BlockJUnit4ClassRunner.runChild(BlockJUnit4ClassRunner.java:57)
	at org.junit.runners.ParentRunner$3.run(ParentRunner.java:290)
	at org.junit.runners.ParentRunner$1.schedule(ParentRunner.java:71)
	at org.junit.runners.ParentRunner.runChildren(ParentRunner.java:288)
	at org.junit.runners.ParentRunner.access$000(ParentRunner.java:58)
	at org.junit.runners.ParentRunner$2.evaluate(ParentRunner.java:268)
	at org.junit.runners.ParentRunner.run(ParentRunner.java:363)
	at org.apache.maven.surefire.junit4.JUnit4Provider.executeFailedMethod(JUnit4Provider.java:379)
	at org.apache.maven.surefire.junit4.JUnit4Provider.executeWithRerun(JUnit4Provider.java:290)
	at org.apache.maven.surefire.junit4.JUnit4Provider.executeTestSet(JUnit4Provider.java:236)
	at org.apache.maven.surefire.junit4.JUnit4Provider.invoke(JUnit4Provider.java:159)
	at org.apache.maven.surefire.booter.ForkedBooter.invokeProviderInSameClassLoader(ForkedBooter.java:386)
	at org.apache.maven.surefire.booter.ForkedBooter.runSuitesInProcess(ForkedBooter.java:323)
	at org.apache.maven.surefire.booter.ForkedBooter.main(ForkedBooter.java:143)

	at org.hamcrest.MatcherAssert.assertThat(MatcherAssert.java:20)
	at org.junit.Assert.assertThat(Assert.java:956)
	at org.junit.Assert.assertThat(Assert.java:923)
	at org.junit.rules.ExpectedException.handleException(ExpectedException.java:252)
	at org.junit.rules.ExpectedException.access$000(ExpectedException.java:106)
	at org.junit.rules.ExpectedException$ExpectedExceptionStatement.evaluate(ExpectedException.java:241)
	at org.junit.rules.RunRules.evaluate(RunRules.java:20)
	at org.junit.runners.ParentRunner.runLeaf(ParentRunner.java:325)
	at org.junit.runners.BlockJUnit4ClassRunner.runChild(BlockJUnit4ClassRunner.java:78)
	at org.junit.runners.BlockJUnit4ClassRunner.runChild(BlockJUnit4ClassRunner.java:57)
	at org.junit.runners.ParentRunner$3.run(ParentRunner.java:290)
	at org.junit.runners.ParentRunner$1.schedule(ParentRunner.java:71)
	at org.junit.runners.ParentRunner.runChildren(ParentRunner.java:288)
	at org.junit.runners.ParentRunner.access$000(ParentRunner.java:58)
	at org.junit.runners.ParentRunner$2.evaluate(ParentRunner.java:268)
	at org.junit.runners.ParentRunner.run(ParentRunner.java:363)
	at org.apache.maven.surefire.junit4.JUnit4Provider.executeFailedMethod(JUnit4Provider.java:379)
	at org.apache.maven.surefire.junit4.JUnit4Provider.executeWithRerun(JUnit4Provider.java:290)
	at org.apache.maven.surefire.junit4.JUnit4Provider.executeTestSet(JUnit4Provider.java:236)
	at org.apache.maven.surefire.junit4.JUnit4Provider.invoke(JUnit4Provider.java:159)
	at org.apache.maven.surefire.booter.ForkedBooter.invokeProviderInSameClassLoader(ForkedBooter.java:386)
	at org.apache.maven.surefire.booter.ForkedBooter.runSuitesInProcess(ForkedBooter.java:323)
	at org.apache.maven.surefire.booter.ForkedBooter.main(ForkedBooter.java:143)
]]>
      <system-out><![CDATA[2018-07-19 14:58:47 [main] INFO  c.g.n.e.c.p.CassandraStarterTests - Extract /root/.embedded-cassandra/cassandra/3.11.2/apache-cassandra-3.11.2-bin.tar.gz : starting...
2018-07-19 14:58:47 [main] INFO  c.g.n.e.c.p.CassandraStarterTests - Extract /root/.embedded-cassandra/cassandra/3.11.2/apache-cassandra-3.11.2-bin.tar.gz : extract apache-cassandra-3.11.2/conf/cassandra-env.ps1
2018-07-19 14:58:47 [main] INFO  c.g.n.e.c.p.CassandraStarterTests - Extract /root/.embedded-cassandra/cassandra/3.11.2/apache-cassandra-3.11.2-bin.tar.gz : extract apache-cassandra-3.11.2/conf/cassandra-env.sh
2018-07-19 14:58:47 [main] INFO  c.g.n.e.c.p.CassandraStarterTests - Extract /root/.embedded-cassandra/cassandra/3.11.2/apache-cassandra-3.11.2-bin.tar.gz : extract apache-cassandra-3.11.2/conf/cassandra-jaas.config
2018-07-19 14:58:47 [main] INFO  c.g.n.e.c.p.CassandraStarterTests - Extract /root/.embedded-cassandra/cassandra/3.11.2/apache-cassandra-3.11.2-bin.tar.gz : extract apache-cassandra-3.11.2/conf/cassandra-rackdc.properties
2018-07-19 14:58:47 [main] INFO  c.g.n.e.c.p.CassandraStarterTests - Extract /root/.embedded-cassandra/cassandra/3.11.2/apache-cassandra-3.11.2-bin.tar.gz : extract apache-cassandra-3.11.2/conf/cassandra-topology.properties
2018-07-19 14:58:47 [main] INFO  c.g.n.e.c.p.CassandraStarterTests - Extract /root/.embedded-cassandra/cassandra/3.11.2/apache-cassandra-3.11.2-bin.tar.gz : extract apache-cassandra-3.11.2/conf/cassandra.yaml
2018-07-19 14:58:47 [main] INFO  c.g.n.e.c.p.CassandraStarterTests - Extract /root/.embedded-cassandra/cassandra/3.11.2/apache-cassandra-3.11.2-bin.tar.gz : extract apache-cassandra-3.11.2/conf/commitlog_archiving.properties
2018-07-19 14:58:47 [main] INFO  c.g.n.e.c.p.CassandraStarterTests - Extract /root/.embedded-cassandra/cassandra/3.11.2/apache-cassandra-3.11.2-bin.tar.gz : extract apache-cassandra-3.11.2/conf/cqlshrc.sample
2018-07-19 14:58:47 [main] INFO  c.g.n.e.c.p.CassandraStarterTests - Extract /root/.embedded-cassandra/cassandra/3.11.2/apache-cassandra-3.11.2-bin.tar.gz : extract apache-cassandra-3.11.2/conf/hotspot_compiler
2018-07-19 14:58:47 [main] INFO  c.g.n.e.c.p.CassandraStarterTests - Extract /root/.embedded-cassandra/cassandra/3.11.2/apache-cassandra-3.11.2-bin.tar.gz : extract apache-cassandra-3.11.2/conf/jvm.options
2018-07-19 14:58:47 [main] INFO  c.g.n.e.c.p.CassandraStarterTests - Extract /root/.embedded-cassandra/cassandra/3.11.2/apache-cassandra-3.11.2-bin.tar.gz : extract apache-cassandra-3.11.2/conf/logback-tools.xml
2018-07-19 14:58:47 [main] INFO  c.g.n.e.c.p.CassandraStarterTests - Extract /root/.embedded-cassandra/cassandra/3.11.2/apache-cassandra-3.11.2-bin.tar.gz : extract apache-cassandra-3.11.2/conf/logback.xml
2018-07-19 14:58:47 [main] INFO  c.g.n.e.c.p.CassandraStarterTests - Extract /root/.embedded-cassandra/cassandra/3.11.2/apache-cassandra-3.11.2-bin.tar.gz : extract apache-cassandra-3.11.2/conf/metrics-reporter-config-sample.yaml
2018-07-19 14:58:47 [main] INFO  c.g.n.e.c.p.CassandraStarterTests - Extract /root/.embedded-cassandra/cassandra/3.11.2/apache-cassandra-3.11.2-bin.tar.gz : extract apache-cassandra-3.11.2/conf/triggers/README.txt
2018-07-19 14:58:47 [main] INFO  c.g.n.e.c.p.CassandraStarterTests - Extract /root/.embedded-cassandra/cassandra/3.11.2/apache-cassandra-3.11.2-bin.tar.gz : extract apache-cassandra-3.11.2/interface/cassandra.thrift
2018-07-19 14:58:50 [main] INFO  c.g.n.e.c.p.CassandraStarterTests - Extract /root/.embedded-cassandra/cassandra/3.11.2/apache-cassandra-3.11.2-bin.tar.gz : extract apache-cassandra-3.11.2/lib/HdrHistogram-2.1.9.jar
2018-07-19 14:58:50 [main] INFO  c.g.n.e.c.p.CassandraStarterTests - Extract /root/.embedded-cassandra/cassandra/3.11.2/apache-cassandra-3.11.2-bin.tar.gz : extract apache-cassandra-3.11.2/lib/ST4-4.0.8.jar
2018-07-19 14:58:50 [main] INFO  c.g.n.e.c.p.CassandraStarterTests - Extract /root/.embedded-cassandra/cassandra/3.11.2/apache-cassandra-3.11.2-bin.tar.gz : extract apache-cassandra-3.11.2/lib/airline-0.6.jar
2018-07-19 14:58:50 [main] INFO  c.g.n.e.c.p.CassandraStarterTests - Extract /root/.embedded-cassandra/cassandra/3.11.2/apache-cassandra-3.11.2-bin.tar.gz : extract apache-cassandra-3.11.2/lib/antlr-runtime-3.5.2.jar
2018-07-19 14:58:50 [main] INFO  c.g.n.e.c.p.CassandraStarterTests - Extract /root/.embedded-cassandra/cassandra/3.11.2/apache-cassandra-3.11.2-bin.tar.gz : extract apache-cassandra-3.11.2/lib/apache-cassandra-3.11.2.jar
2018-07-19 14:58:50 [main] INFO  c.g.n.e.c.p.CassandraStarterTests - Extract /root/.embedded-cassandra/cassandra/3.11.2/apache-cassandra-3.11.2-bin.tar.gz : extract apache-cassandra-3.11.2/lib/apache-cassandra-thrift-3.11.2.jar
2018-07-19 14:58:50 [main] INFO  c.g.n.e.c.p.CassandraStarterTests - Extract /root/.embedded-cassandra/cassandra/3.11.2/apache-cassandra-3.11.2-bin.tar.gz : extract apache-cassandra-3.11.2/lib/asm-5.0.4.jar
2018-07-19 14:58:50 [main] INFO  c.g.n.e.c.p.CassandraStarterTests - Extract /root/.embedded-cassandra/cassandra/3.11.2/apache-cassandra-3.11.2-bin.tar.gz : extract apache-cassandra-3.11.2/lib/caffeine-2.2.6.jar
2018-07-19 14:58:50 [main] INFO  c.g.n.e.c.p.CassandraStarterTests - Extract /root/.embedded-cassandra/cassandra/3.11.2/apache-cassandra-3.11.2-bin.tar.gz : extract apache-cassandra-3.11.2/lib/cassandra-driver-core-3.0.1-shaded.jar
2018-07-19 14:58:50 [main] INFO  c.g.n.e.c.p.CassandraStarterTests - Extract /root/.embedded-cassandra/cassandra/3.11.2/apache-cassandra-3.11.2-bin.tar.gz : extract apache-cassandra-3.11.2/lib/cassandra-driver-internal-only-3.10.zip
2018-07-19 14:58:50 [main] INFO  c.g.n.e.c.p.CassandraStarterTests - Extract /root/.embedded-cassandra/cassandra/3.11.2/apache-cassandra-3.11.2-bin.tar.gz : extract apache-cassandra-3.11.2/lib/cassandra-driver-internal-only-3.11.0-bb96859b.zip
2018-07-19 14:58:50 [main] INFO  c.g.n.e.c.p.CassandraStarterTests - Extract /root/.embedded-cassandra/cassandra/3.11.2/apache-cassandra-3.11.2-bin.tar.gz : extract apache-cassandra-3.11.2/lib/commons-cli-1.1.jar
2018-07-19 14:58:50 [main] INFO  c.g.n.e.c.p.CassandraStarterTests - Extract /root/.embedded-cassandra/cassandra/3.11.2/apache-cassandra-3.11.2-bin.tar.gz : extract apache-cassandra-3.11.2/lib/commons-codec-1.9.jar
2018-07-19 14:58:50 [main] INFO  c.g.n.e.c.p.CassandraStarterTests - Extract /root/.embedded-cassandra/cassandra/3.11.2/apache-cassandra-3.11.2-bin.tar.gz : extract apache-cassandra-3.11.2/lib/commons-lang3-3.1.jar
2018-07-19 14:58:50 [main] INFO  c.g.n.e.c.p.CassandraStarterTests - Extract /root/.embedded-cassandra/cassandra/3.11.2/apache-cassandra-3.11.2-bin.tar.gz : extract apache-cassandra-3.11.2/lib/commons-math3-3.2.jar
2018-07-19 14:58:50 [main] INFO  c.g.n.e.c.p.CassandraStarterTests - Extract /root/.embedded-cassandra/cassandra/3.11.2/apache-cassandra-3.11.2-bin.tar.gz : extract apache-cassandra-3.11.2/lib/compress-lzf-0.8.4.jar
2018-07-19 14:58:50 [main] INFO  c.g.n.e.c.p.CassandraStarterTests - Extract /root/.embedded-cassandra/cassandra/3.11.2/apache-cassandra-3.11.2-bin.tar.gz : extract apache-cassandra-3.11.2/lib/concurrent-trees-2.4.0.jar
2018-07-19 14:58:50 [main] INFO  c.g.n.e.c.p.CassandraStarterTests - Extract /root/.embedded-cassandra/cassandra/3.11.2/apache-cassandra-3.11.2-bin.tar.gz : extract apache-cassandra-3.11.2/lib/concurrentlinkedhashmap-lru-1.4.jar
2018-07-19 14:58:50 [main] INFO  c.g.n.e.c.p.CassandraStarterTests - Extract /root/.embedded-cassandra/cassandra/3.11.2/apache-cassandra-3.11.2-bin.tar.gz : extract apache-cassandra-3.11.2/lib/disruptor-3.0.1.jar
2018-07-19 14:58:50 [main] INFO  c.g.n.e.c.p.CassandraStarterTests - Extract /root/.embedded-cassandra/cassandra/3.11.2/apache-cassandra-3.11.2-bin.tar.gz : extract apache-cassandra-3.11.2/lib/ecj-4.4.2.jar
2018-07-19 14:58:50 [main] INFO  c.g.n.e.c.p.CassandraStarterTests - Extract /root/.embedded-cassandra/cassandra/3.11.2/apache-cassandra-3.11.2-bin.tar.gz : extract apache-cassandra-3.11.2/lib/futures-2.1.6-py2.py3-none-any.zip
2018-07-19 14:58:50 [main] INFO  c.g.n.e.c.p.CassandraStarterTests - Extract /root/.embedded-cassandra/cassandra/3.11.2/apache-cassandra-3.11.2-bin.tar.gz : extract apache-cassandra-3.11.2/lib/guava-18.0.jar
2018-07-19 14:58:50 [main] INFO  c.g.n.e.c.p.CassandraStarterTests - Extract /root/.embedded-cassandra/cassandra/3.11.2/apache-cassandra-3.11.2-bin.tar.gz : extract apache-cassandra-3.11.2/lib/high-scale-lib-1.0.6.jar
2018-07-19 14:58:50 [main] INFO  c.g.n.e.c.p.CassandraStarterTests - Extract /root/.embedded-cassandra/cassandra/3.11.2/apache-cassandra-3.11.2-bin.tar.gz : extract apache-cassandra-3.11.2/lib/hppc-0.5.4.jar
2018-07-19 14:58:50 [main] INFO  c.g.n.e.c.p.CassandraStarterTests - Extract /root/.embedded-cassandra/cassandra/3.11.2/apache-cassandra-3.11.2-bin.tar.gz : extract apache-cassandra-3.11.2/lib/jackson-core-asl-1.9.13.jar
2018-07-19 14:58:50 [main] INFO  c.g.n.e.c.p.CassandraStarterTests - Extract /root/.embedded-cassandra/cassandra/3.11.2/apache-cassandra-3.11.2-bin.tar.gz : extract apache-cassandra-3.11.2/lib/jackson-mapper-asl-1.9.13.jar
2018-07-19 14:58:50 [main] INFO  c.g.n.e.c.p.CassandraStarterTests - Extract /root/.embedded-cassandra/cassandra/3.11.2/apache-cassandra-3.11.2-bin.tar.gz : extract apache-cassandra-3.11.2/lib/jamm-0.3.0.jar
2018-07-19 14:58:50 [main] INFO  c.g.n.e.c.p.CassandraStarterTests - Extract /root/.embedded-cassandra/cassandra/3.11.2/apache-cassandra-3.11.2-bin.tar.gz : extract apache-cassandra-3.11.2/lib/javax.inject.jar
2018-07-19 14:58:50 [main] INFO  c.g.n.e.c.p.CassandraStarterTests - Extract /root/.embedded-cassandra/cassandra/3.11.2/apache-cassandra-3.11.2-bin.tar.gz : extract apache-cassandra-3.11.2/lib/jbcrypt-0.3m.jar
2018-07-19 14:58:50 [main] INFO  c.g.n.e.c.p.CassandraStarterTests - Extract /root/.embedded-cassandra/cassandra/3.11.2/apache-cassandra-3.11.2-bin.tar.gz : extract apache-cassandra-3.11.2/lib/jcl-over-slf4j-1.7.7.jar
2018-07-19 14:58:50 [main] INFO  c.g.n.e.c.p.CassandraStarterTests - Extract /root/.embedded-cassandra/cassandra/3.11.2/apache-cassandra-3.11.2-bin.tar.gz : extract apache-cassandra-3.11.2/lib/jctools-core-1.2.1.jar
2018-07-19 14:58:50 [main] INFO  c.g.n.e.c.p.CassandraStarterTests - Extract /root/.embedded-cassandra/cassandra/3.11.2/apache-cassandra-3.11.2-bin.tar.gz : extract apache-cassandra-3.11.2/lib/jflex-1.6.0.jar
2018-07-19 14:58:50 [main] INFO  c.g.n.e.c.p.CassandraStarterTests - Extract /root/.embedded-cassandra/cassandra/3.11.2/apache-cassandra-3.11.2-bin.tar.gz : extract apache-cassandra-3.11.2/lib/jna-4.2.2.jar
2018-07-19 14:58:50 [main] INFO  c.g.n.e.c.p.CassandraStarterTests - Extract /root/.embedded-cassandra/cassandra/3.11.2/apache-cassandra-3.11.2-bin.tar.gz : extract apache-cassandra-3.11.2/lib/joda-time-2.4.jar
2018-07-19 14:58:50 [main] INFO  c.g.n.e.c.p.CassandraStarterTests - Extract /root/.embedded-cassandra/cassandra/3.11.2/apache-cassandra-3.11.2-bin.tar.gz : extract apache-cassandra-3.11.2/lib/json-simple-1.1.jar
2018-07-19 14:58:50 [main] INFO  c.g.n.e.c.p.CassandraStarterTests - Extract /root/.embedded-cassandra/cassandra/3.11.2/apache-cassandra-3.11.2-bin.tar.gz : extract apache-cassandra-3.11.2/lib/jstackjunit-0.0.1.jar
2018-07-19 14:58:50 [main] INFO  c.g.n.e.c.p.CassandraStarterTests - Extract /root/.embedded-cassandra/cassandra/3.11.2/apache-cassandra-3.11.2-bin.tar.gz : extract apache-cassandra-3.11.2/lib/libthrift-0.9.2.jar
2018-07-19 14:58:51 [main] INFO  c.g.n.e.c.p.CassandraStarterTests - Extract /root/.embedded-cassandra/cassandra/3.11.2/apache-cassandra-3.11.2-bin.tar.gz : extract apache-cassandra-3.11.2/lib/log4j-over-slf4j-1.7.7.jar
2018-07-19 14:58:51 [main] INFO  c.g.n.e.c.p.CassandraStarterTests - Extract /root/.embedded-cassandra/cassandra/3.11.2/apache-cassandra-3.11.2-bin.tar.gz : extract apache-cassandra-3.11.2/lib/logback-classic-1.1.3.jar
2018-07-19 14:58:51 [main] INFO  c.g.n.e.c.p.CassandraStarterTests - Extract /root/.embedded-cassandra/cassandra/3.11.2/apache-cassandra-3.11.2-bin.tar.gz : extract apache-cassandra-3.11.2/lib/logback-core-1.1.3.jar
2018-07-19 14:58:51 [main] INFO  c.g.n.e.c.p.CassandraStarterTests - Extract /root/.embedded-cassandra/cassandra/3.11.2/apache-cassandra-3.11.2-bin.tar.gz : extract apache-cassandra-3.11.2/lib/lz4-1.3.0.jar
2018-07-19 14:58:51 [main] INFO  c.g.n.e.c.p.CassandraStarterTests - Extract /root/.embedded-cassandra/cassandra/3.11.2/apache-cassandra-3.11.2-bin.tar.gz : extract apache-cassandra-3.11.2/lib/metrics-core-3.1.0.jar
2018-07-19 14:58:51 [main] INFO  c.g.n.e.c.p.CassandraStarterTests - Extract /root/.embedded-cassandra/cassandra/3.11.2/apache-cassandra-3.11.2-bin.tar.gz : extract apache-cassandra-3.11.2/lib/metrics-jvm-3.1.0.jar
2018-07-19 14:58:51 [main] INFO  c.g.n.e.c.p.CassandraStarterTests - Extract /root/.embedded-cassandra/cassandra/3.11.2/apache-cassandra-3.11.2-bin.tar.gz : extract apache-cassandra-3.11.2/lib/metrics-logback-3.1.0.jar
2018-07-19 14:58:51 [main] INFO  c.g.n.e.c.p.CassandraStarterTests - Extract /root/.embedded-cassandra/cassandra/3.11.2/apache-cassandra-3.11.2-bin.tar.gz : extract apache-cassandra-3.11.2/lib/netty-all-4.0.44.Final.jar
2018-07-19 14:58:51 [main] INFO  c.g.n.e.c.p.CassandraStarterTests - Extract /root/.embedded-cassandra/cassandra/3.11.2/apache-cassandra-3.11.2-bin.tar.gz : extract apache-cassandra-3.11.2/lib/ohc-core-0.4.4.jar
2018-07-19 14:58:51 [main] INFO  c.g.n.e.c.p.CassandraStarterTests - Extract /root/.embedded-cassandra/cassandra/3.11.2/apache-cassandra-3.11.2-bin.tar.gz : extract apache-cassandra-3.11.2/lib/ohc-core-j8-0.4.4.jar
2018-07-19 14:58:51 [main] INFO  c.g.n.e.c.p.CassandraStarterTests - Extract /root/.embedded-cassandra/cassandra/3.11.2/apache-cassandra-3.11.2-bin.tar.gz : extract apache-cassandra-3.11.2/lib/reporter-config-base-3.0.3.jar
2018-07-19 14:58:51 [main] INFO  c.g.n.e.c.p.CassandraStarterTests - Extract /root/.embedded-cassandra/cassandra/3.11.2/apache-cassandra-3.11.2-bin.tar.gz : extract apache-cassandra-3.11.2/lib/reporter-config3-3.0.3.jar
2018-07-19 14:58:51 [main] INFO  c.g.n.e.c.p.CassandraStarterTests - Extract /root/.embedded-cassandra/cassandra/3.11.2/apache-cassandra-3.11.2-bin.tar.gz : extract apache-cassandra-3.11.2/lib/sigar-1.6.4.jar
2018-07-19 14:58:51 [main] INFO  c.g.n.e.c.p.CassandraStarterTests - Extract /root/.embedded-cassandra/cassandra/3.11.2/apache-cassandra-3.11.2-bin.tar.gz : extract apache-cassandra-3.11.2/lib/sigar-bin/libsigar-amd64-freebsd-6.so
2018-07-19 14:58:51 [main] INFO  c.g.n.e.c.p.CassandraStarterTests - Extract /root/.embedded-cassandra/cassandra/3.11.2/apache-cassandra-3.11.2-bin.tar.gz : extract apache-cassandra-3.11.2/lib/sigar-bin/libsigar-amd64-linux.so
2018-07-19 14:58:51 [main] INFO  c.g.n.e.c.p.CassandraStarterTests - Extract /root/.embedded-cassandra/cassandra/3.11.2/apache-cassandra-3.11.2-bin.tar.gz : extract apache-cassandra-3.11.2/lib/sigar-bin/libsigar-amd64-solaris.so
2018-07-19 14:58:51 [main] INFO  c.g.n.e.c.p.CassandraStarterTests - Extract /root/.embedded-cassandra/cassandra/3.11.2/apache-cassandra-3.11.2-bin.tar.gz : extract apache-cassandra-3.11.2/lib/sigar-bin/libsigar-ia64-hpux-11.sl
2018-07-19 14:58:51 [main] INFO  c.g.n.e.c.p.CassandraStarterTests - Extract /root/.embedded-cassandra/cassandra/3.11.2/apache-cassandra-3.11.2-bin.tar.gz : extract apache-cassandra-3.11.2/lib/sigar-bin/libsigar-ia64-linux.so
2018-07-19 14:58:51 [main] INFO  c.g.n.e.c.p.CassandraStarterTests - Extract /root/.embedded-cassandra/cassandra/3.11.2/apache-cassandra-3.11.2-bin.tar.gz : extract apache-cassandra-3.11.2/lib/sigar-bin/libsigar-pa-hpux-11.sl
2018-07-19 14:58:51 [main] INFO  c.g.n.e.c.p.CassandraStarterTests - Extract /root/.embedded-cassandra/cassandra/3.11.2/apache-cassandra-3.11.2-bin.tar.gz : extract apache-cassandra-3.11.2/lib/sigar-bin/libsigar-ppc-aix-5.so
2018-07-19 14:58:51 [main] INFO  c.g.n.e.c.p.CassandraStarterTests - Extract /root/.embedded-cassandra/cassandra/3.11.2/apache-cassandra-3.11.2-bin.tar.gz : extract apache-cassandra-3.11.2/lib/sigar-bin/libsigar-ppc-linux.so
2018-07-19 14:58:51 [main] INFO  c.g.n.e.c.p.CassandraStarterTests - Extract /root/.embedded-cassandra/cassandra/3.11.2/apache-cassandra-3.11.2-bin.tar.gz : extract apache-cassandra-3.11.2/lib/sigar-bin/libsigar-ppc64-aix-5.so
2018-07-19 14:58:51 [main] INFO  c.g.n.e.c.p.CassandraStarterTests - Extract /root/.embedded-cassandra/cassandra/3.11.2/apache-cassandra-3.11.2-bin.tar.gz : extract apache-cassandra-3.11.2/lib/sigar-bin/libsigar-ppc64-linux.so
2018-07-19 14:58:51 [main] INFO  c.g.n.e.c.p.CassandraStarterTests - Extract /root/.embedded-cassandra/cassandra/3.11.2/apache-cassandra-3.11.2-bin.tar.gz : extract apache-cassandra-3.11.2/lib/sigar-bin/libsigar-s390x-linux.so
2018-07-19 14:58:51 [main] INFO  c.g.n.e.c.p.CassandraStarterTests - Extract /root/.embedded-cassandra/cassandra/3.11.2/apache-cassandra-3.11.2-bin.tar.gz : extract apache-cassandra-3.11.2/lib/sigar-bin/libsigar-sparc-solaris.so
2018-07-19 14:58:51 [main] INFO  c.g.n.e.c.p.CassandraStarterTests - Extract /root/.embedded-cassandra/cassandra/3.11.2/apache-cassandra-3.11.2-bin.tar.gz : extract apache-cassandra-3.11.2/lib/sigar-bin/libsigar-sparc64-solaris.so
2018-07-19 14:58:51 [main] INFO  c.g.n.e.c.p.CassandraStarterTests - Extract /root/.embedded-cassandra/cassandra/3.11.2/apache-cassandra-3.11.2-bin.tar.gz : extract apache-cassandra-3.11.2/lib/sigar-bin/libsigar-universal-macosx.dylib
2018-07-19 14:58:51 [main] INFO  c.g.n.e.c.p.CassandraStarterTests - Extract /root/.embedded-cassandra/cassandra/3.11.2/apache-cassandra-3.11.2-bin.tar.gz : extract apache-cassandra-3.11.2/lib/sigar-bin/libsigar-universal64-macosx.dylib
2018-07-19 14:58:51 [main] INFO  c.g.n.e.c.p.CassandraStarterTests - Extract /root/.embedded-cassandra/cassandra/3.11.2/apache-cassandra-3.11.2-bin.tar.gz : extract apache-cassandra-3.11.2/lib/sigar-bin/libsigar-x86-freebsd-5.so
2018-07-19 14:58:51 [main] INFO  c.g.n.e.c.p.CassandraStarterTests - Extract /root/.embedded-cassandra/cassandra/3.11.2/apache-cassandra-3.11.2-bin.tar.gz : extract apache-cassandra-3.11.2/lib/sigar-bin/libsigar-x86-freebsd-6.so
2018-07-19 14:58:51 [main] INFO  c.g.n.e.c.p.CassandraStarterTests - Extract /root/.embedded-cassandra/cassandra/3.11.2/apache-cassandra-3.11.2-bin.tar.gz : extract apache-cassandra-3.11.2/lib/sigar-bin/libsigar-x86-linux.so
2018-07-19 14:58:51 [main] INFO  c.g.n.e.c.p.CassandraStarterTests - Extract /root/.embedded-cassandra/cassandra/3.11.2/apache-cassandra-3.11.2-bin.tar.gz : extract apache-cassandra-3.11.2/lib/sigar-bin/libsigar-x86-solaris.so
2018-07-19 14:58:51 [main] INFO  c.g.n.e.c.p.CassandraStarterTests - Extract /root/.embedded-cassandra/cassandra/3.11.2/apache-cassandra-3.11.2-bin.tar.gz : extract apache-cassandra-3.11.2/lib/sigar-bin/sigar-amd64-winnt.dll
2018-07-19 14:58:51 [main] INFO  c.g.n.e.c.p.CassandraStarterTests - Extract /root/.embedded-cassandra/cassandra/3.11.2/apache-cassandra-3.11.2-bin.tar.gz : extract apache-cassandra-3.11.2/lib/sigar-bin/sigar-x86-winnt.dll
2018-07-19 14:58:51 [main] INFO  c.g.n.e.c.p.CassandraStarterTests - Extract /root/.embedded-cassandra/cassandra/3.11.2/apache-cassandra-3.11.2-bin.tar.gz : extract apache-cassandra-3.11.2/lib/sigar-bin/sigar-x86-winnt.lib
2018-07-19 14:58:51 [main] INFO  c.g.n.e.c.p.CassandraStarterTests - Extract /root/.embedded-cassandra/cassandra/3.11.2/apache-cassandra-3.11.2-bin.tar.gz : extract apache-cassandra-3.11.2/lib/six-1.7.3-py2.py3-none-any.zip
2018-07-19 14:58:51 [main] INFO  c.g.n.e.c.p.CassandraStarterTests - Extract /root/.embedded-cassandra/cassandra/3.11.2/apache-cassandra-3.11.2-bin.tar.gz : extract apache-cassandra-3.11.2/lib/slf4j-api-1.7.7.jar
2018-07-19 14:58:51 [main] INFO  c.g.n.e.c.p.CassandraStarterTests - Extract /root/.embedded-cassandra/cassandra/3.11.2/apache-cassandra-3.11.2-bin.tar.gz : extract apache-cassandra-3.11.2/lib/snakeyaml-1.11.jar
2018-07-19 14:58:51 [main] INFO  c.g.n.e.c.p.CassandraStarterTests - Extract /root/.embedded-cassandra/cassandra/3.11.2/apache-cassandra-3.11.2-bin.tar.gz : extract apache-cassandra-3.11.2/lib/snappy-java-1.1.1.7.jar
2018-07-19 14:58:51 [main] INFO  c.g.n.e.c.p.CassandraStarterTests - Extract /root/.embedded-cassandra/cassandra/3.11.2/apache-cassandra-3.11.2-bin.tar.gz : extract apache-cassandra-3.11.2/lib/snowball-stemmer-1.3.0.581.1.jar
2018-07-19 14:58:51 [main] INFO  c.g.n.e.c.p.CassandraStarterTests - Extract /root/.embedded-cassandra/cassandra/3.11.2/apache-cassandra-3.11.2-bin.tar.gz : extract apache-cassandra-3.11.2/lib/stream-2.5.2.jar
2018-07-19 14:58:51 [main] INFO  c.g.n.e.c.p.CassandraStarterTests - Extract /root/.embedded-cassandra/cassandra/3.11.2/apache-cassandra-3.11.2-bin.tar.gz : extract apache-cassandra-3.11.2/lib/thrift-server-0.3.7.jar
2018-07-19 14:58:51 [main] INFO  c.g.n.e.c.p.CassandraStarterTests - Extract /root/.embedded-cassandra/cassandra/3.11.2/apache-cassandra-3.11.2-bin.tar.gz : extract apache-cassandra-3.11.2/pylib/cqlshlib/__init__.py
2018-07-19 14:58:51 [main] INFO  c.g.n.e.c.p.CassandraStarterTests - Extract /root/.embedded-cassandra/cassandra/3.11.2/apache-cassandra-3.11.2-bin.tar.gz : extract apache-cassandra-3.11.2/pylib/cqlshlib/copyutil.py
2018-07-19 14:58:51 [main] INFO  c.g.n.e.c.p.CassandraStarterTests - Extract /root/.embedded-cassandra/cassandra/3.11.2/apache-cassandra-3.11.2-bin.tar.gz : extract apache-cassandra-3.11.2/pylib/cqlshlib/cql3handling.py
2018-07-19 14:58:51 [main] INFO  c.g.n.e.c.p.CassandraStarterTests - Extract /root/.embedded-cassandra/cassandra/3.11.2/apache-cassandra-3.11.2-bin.tar.gz : extract apache-cassandra-3.11.2/pylib/cqlshlib/cqlhandling.py
2018-07-19 14:58:51 [main] INFO  c.g.n.e.c.p.CassandraStarterTests - Extract /root/.embedded-cassandra/cassandra/3.11.2/apache-cassandra-3.11.2-bin.tar.gz : extract apache-cassandra-3.11.2/pylib/cqlshlib/cqlshhandling.py
2018-07-19 14:58:51 [main] INFO  c.g.n.e.c.p.CassandraStarterTests - Extract /root/.embedded-cassandra/cassandra/3.11.2/apache-cassandra-3.11.2-bin.tar.gz : extract apache-cassandra-3.11.2/pylib/cqlshlib/displaying.py
2018-07-19 14:58:51 [main] INFO  c.g.n.e.c.p.CassandraStarterTests - Extract /root/.embedded-cassandra/cassandra/3.11.2/apache-cassandra-3.11.2-bin.tar.gz : extract apache-cassandra-3.11.2/pylib/cqlshlib/formatting.py
2018-07-19 14:58:51 [main] INFO  c.g.n.e.c.p.CassandraStarterTests - Extract /root/.embedded-cassandra/cassandra/3.11.2/apache-cassandra-3.11.2-bin.tar.gz : extract apache-cassandra-3.11.2/pylib/cqlshlib/helptopics.py
2018-07-19 14:58:51 [main] INFO  c.g.n.e.c.p.CassandraStarterTests - Extract /root/.embedded-cassandra/cassandra/3.11.2/apache-cassandra-3.11.2-bin.tar.gz : extract apache-cassandra-3.11.2/pylib/cqlshlib/pylexotron.py
2018-07-19 14:58:51 [main] INFO  c.g.n.e.c.p.CassandraStarterTests - Extract /root/.embedded-cassandra/cassandra/3.11.2/apache-cassandra-3.11.2-bin.tar.gz : extract apache-cassandra-3.11.2/pylib/cqlshlib/saferscanner.py
2018-07-19 14:58:51 [main] INFO  c.g.n.e.c.p.CassandraStarterTests - Extract /root/.embedded-cassandra/cassandra/3.11.2/apache-cassandra-3.11.2-bin.tar.gz : extract apache-cassandra-3.11.2/pylib/cqlshlib/sslhandling.py
2018-07-19 14:58:51 [main] INFO  c.g.n.e.c.p.CassandraStarterTests - Extract /root/.embedded-cassandra/cassandra/3.11.2/apache-cassandra-3.11.2-bin.tar.gz : extract apache-cassandra-3.11.2/pylib/cqlshlib/test/__init__.py
2018-07-19 14:58:51 [main] INFO  c.g.n.e.c.p.CassandraStarterTests - Extract /root/.embedded-cassandra/cassandra/3.11.2/apache-cassandra-3.11.2-bin.tar.gz : extract apache-cassandra-3.11.2/pylib/cqlshlib/test/ansi_colors.py
2018-07-19 14:58:51 [main] INFO  c.g.n.e.c.p.CassandraStarterTests - Extract /root/.embedded-cassandra/cassandra/3.11.2/apache-cassandra-3.11.2-bin.tar.gz : extract apache-cassandra-3.11.2/pylib/cqlshlib/test/basecase.py
2018-07-19 14:58:51 [main] INFO  c.g.n.e.c.p.CassandraStarterTests - Extract /root/.embedded-cassandra/cassandra/3.11.2/apache-cassandra-3.11.2-bin.tar.gz : extract apache-cassandra-3.11.2/pylib/cqlshlib/test/cassconnect.py
2018-07-19 14:58:51 [main] INFO  c.g.n.e.c.p.CassandraStarterTests - Extract /root/.embedded-cassandra/cassandra/3.11.2/apache-cassandra-3.11.2-bin.tar.gz : extract apache-cassandra-3.11.2/pylib/cqlshlib/test/run_cqlsh.py
2018-07-19 14:58:51 [main] INFO  c.g.n.e.c.p.CassandraStarterTests - Extract /root/.embedded-cassandra/cassandra/3.11.2/apache-cassandra-3.11.2-bin.tar.gz : extract apache-cassandra-3.11.2/pylib/cqlshlib/test/test_cql_parsing.py
2018-07-19 14:58:51 [main] INFO  c.g.n.e.c.p.CassandraStarterTests - Extract /root/.embedded-cassandra/cassandra/3.11.2/apache-cassandra-3.11.2-bin.tar.gz : extract apache-cassandra-3.11.2/pylib/cqlshlib/test/test_cqlsh_commands.py
2018-07-19 14:58:51 [main] INFO  c.g.n.e.c.p.CassandraStarterTests - Extract /root/.embedded-cassandra/cassandra/3.11.2/apache-cassandra-3.11.2-bin.tar.gz : extract apache-cassandra-3.11.2/pylib/cqlshlib/test/test_cqlsh_completion.py
2018-07-19 14:58:51 [main] INFO  c.g.n.e.c.p.CassandraStarterTests - Extract /root/.embedded-cassandra/cassandra/3.11.2/apache-cassandra-3.11.2-bin.tar.gz : extract apache-cassandra-3.11.2/pylib/cqlshlib/test/test_cqlsh_invocation.py
2018-07-19 14:58:51 [main] INFO  c.g.n.e.c.p.CassandraStarterTests - Extract /root/.embedded-cassandra/cassandra/3.11.2/apache-cassandra-3.11.2-bin.tar.gz : extract apache-cassandra-3.11.2/pylib/cqlshlib/test/test_cqlsh_output.py
2018-07-19 14:58:51 [main] INFO  c.g.n.e.c.p.CassandraStarterTests - Extract /root/.embedded-cassandra/cassandra/3.11.2/apache-cassandra-3.11.2-bin.tar.gz : extract apache-cassandra-3.11.2/pylib/cqlshlib/test/test_cqlsh_parsing.py
2018-07-19 14:58:51 [main] INFO  c.g.n.e.c.p.CassandraStarterTests - Extract /root/.embedded-cassandra/cassandra/3.11.2/apache-cassandra-3.11.2-bin.tar.gz : extract apache-cassandra-3.11.2/pylib/cqlshlib/test/test_keyspace_init.cql
2018-07-19 14:58:51 [main] INFO  c.g.n.e.c.p.CassandraStarterTests - Extract /root/.embedded-cassandra/cassandra/3.11.2/apache-cassandra-3.11.2-bin.tar.gz : extract apache-cassandra-3.11.2/pylib/cqlshlib/test/winpty.py
2018-07-19 14:58:51 [main] INFO  c.g.n.e.c.p.CassandraStarterTests - Extract /root/.embedded-cassandra/cassandra/3.11.2/apache-cassandra-3.11.2-bin.tar.gz : extract apache-cassandra-3.11.2/pylib/cqlshlib/tracing.py
2018-07-19 14:58:51 [main] INFO  c.g.n.e.c.p.CassandraStarterTests - Extract /root/.embedded-cassandra/cassandra/3.11.2/apache-cassandra-3.11.2-bin.tar.gz : extract apache-cassandra-3.11.2/pylib/cqlshlib/util.py
2018-07-19 14:58:51 [main] INFO  c.g.n.e.c.p.CassandraStarterTests - Extract /root/.embedded-cassandra/cassandra/3.11.2/apache-cassandra-3.11.2-bin.tar.gz : extract apache-cassandra-3.11.2/pylib/cqlshlib/wcwidth.py
2018-07-19 14:58:51 [main] INFO  c.g.n.e.c.p.CassandraStarterTests - Extract /root/.embedded-cassandra/cassandra/3.11.2/apache-cassandra-3.11.2-bin.tar.gz : extract apache-cassandra-3.11.2/pylib/setup.py
2018-07-19 14:58:51 [main] INFO  c.g.n.e.c.p.CassandraStarterTests - Extract /root/.embedded-cassandra/cassandra/3.11.2/apache-cassandra-3.11.2-bin.tar.gz : extract apache-cassandra-3.11.2/tools/bin/cassandra-stress
2018-07-19 14:58:51 [main] INFO  c.g.n.e.c.p.CassandraStarterTests - Extract /root/.embedded-cassandra/cassandra/3.11.2/apache-cassandra-3.11.2-bin.tar.gz : extract apache-cassandra-3.11.2/tools/bin/cassandra-stress.bat
2018-07-19 14:58:51 [main] INFO  c.g.n.e.c.p.CassandraStarterTests - Extract /root/.embedded-cassandra/cassandra/3.11.2/apache-cassandra-3.11.2-bin.tar.gz : extract apache-cassandra-3.11.2/tools/bin/cassandra-stressd
2018-07-19 14:58:51 [main] INFO  c.g.n.e.c.p.CassandraStarterTests - Extract /root/.embedded-cassandra/cassandra/3.11.2/apache-cassandra-3.11.2-bin.tar.gz : extract apache-cassandra-3.11.2/tools/bin/cassandra.in.bat
2018-07-19 14:58:51 [main] INFO  c.g.n.e.c.p.CassandraStarterTests - Extract /root/.embedded-cassandra/cassandra/3.11.2/apache-cassandra-3.11.2-bin.tar.gz : extract apache-cassandra-3.11.2/tools/bin/cassandra.in.sh
2018-07-19 14:58:51 [main] INFO  c.g.n.e.c.p.CassandraStarterTests - Extract /root/.embedded-cassandra/cassandra/3.11.2/apache-cassandra-3.11.2-bin.tar.gz : extract apache-cassandra-3.11.2/tools/bin/compaction-stress
2018-07-19 14:58:51 [main] INFO  c.g.n.e.c.p.CassandraStarterTests - Extract /root/.embedded-cassandra/cassandra/3.11.2/apache-cassandra-3.11.2-bin.tar.gz : extract apache-cassandra-3.11.2/tools/bin/sstabledump
2018-07-19 14:58:51 [main] INFO  c.g.n.e.c.p.CassandraStarterTests - Extract /root/.embedded-cassandra/cassandra/3.11.2/apache-cassandra-3.11.2-bin.tar.gz : extract apache-cassandra-3.11.2/tools/bin/sstabledump.bat
2018-07-19 14:58:51 [main] INFO  c.g.n.e.c.p.CassandraStarterTests - Extract /root/.embedded-cassandra/cassandra/3.11.2/apache-cassandra-3.11.2-bin.tar.gz : extract apache-cassandra-3.11.2/tools/bin/sstableexpiredblockers
2018-07-19 14:58:51 [main] INFO  c.g.n.e.c.p.CassandraStarterTests - Extract /root/.embedded-cassandra/cassandra/3.11.2/apache-cassandra-3.11.2-bin.tar.gz : extract apache-cassandra-3.11.2/tools/bin/sstableexpiredblockers.bat
2018-07-19 14:58:51 [main] INFO  c.g.n.e.c.p.CassandraStarterTests - Extract /root/.embedded-cassandra/cassandra/3.11.2/apache-cassandra-3.11.2-bin.tar.gz : extract apache-cassandra-3.11.2/tools/bin/sstablelevelreset
2018-07-19 14:58:51 [main] INFO  c.g.n.e.c.p.CassandraStarterTests - Extract /root/.embedded-cassandra/cassandra/3.11.2/apache-cassandra-3.11.2-bin.tar.gz : extract apache-cassandra-3.11.2/tools/bin/sstablelevelreset.bat
2018-07-19 14:58:51 [main] INFO  c.g.n.e.c.p.CassandraStarterTests - Extract /root/.embedded-cassandra/cassandra/3.11.2/apache-cassandra-3.11.2-bin.tar.gz : extract apache-cassandra-3.11.2/tools/bin/sstablemetadata
2018-07-19 14:58:51 [main] INFO  c.g.n.e.c.p.CassandraStarterTests - Extract /root/.embedded-cassandra/cassandra/3.11.2/apache-cassandra-3.11.2-bin.tar.gz : extract apache-cassandra-3.11.2/tools/bin/sstablemetadata.bat
2018-07-19 14:58:51 [main] INFO  c.g.n.e.c.p.CassandraStarterTests - Extract /root/.embedded-cassandra/cassandra/3.11.2/apache-cassandra-3.11.2-bin.tar.gz : extract apache-cassandra-3.11.2/tools/bin/sstableofflinerelevel
2018-07-19 14:58:51 [main] INFO  c.g.n.e.c.p.CassandraStarterTests - Extract /root/.embedded-cassandra/cassandra/3.11.2/apache-cassandra-3.11.2-bin.tar.gz : extract apache-cassandra-3.11.2/tools/bin/sstableofflinerelevel.bat
2018-07-19 14:58:51 [main] INFO  c.g.n.e.c.p.CassandraStarterTests - Extract /root/.embedded-cassandra/cassandra/3.11.2/apache-cassandra-3.11.2-bin.tar.gz : extract apache-cassandra-3.11.2/tools/bin/sstablerepairedset
2018-07-19 14:58:51 [main] INFO  c.g.n.e.c.p.CassandraStarterTests - Extract /root/.embedded-cassandra/cassandra/3.11.2/apache-cassandra-3.11.2-bin.tar.gz : extract apache-cassandra-3.11.2/tools/bin/sstablerepairedset.bat
2018-07-19 14:58:51 [main] INFO  c.g.n.e.c.p.CassandraStarterTests - Extract /root/.embedded-cassandra/cassandra/3.11.2/apache-cassandra-3.11.2-bin.tar.gz : extract apache-cassandra-3.11.2/tools/bin/sstablesplit
2018-07-19 14:58:51 [main] INFO  c.g.n.e.c.p.CassandraStarterTests - Extract /root/.embedded-cassandra/cassandra/3.11.2/apache-cassandra-3.11.2-bin.tar.gz : extract apache-cassandra-3.11.2/tools/bin/sstablesplit.bat
2018-07-19 14:58:51 [main] INFO  c.g.n.e.c.p.CassandraStarterTests - Extract /root/.embedded-cassandra/cassandra/3.11.2/apache-cassandra-3.11.2-bin.tar.gz : extract apache-cassandra-3.11.2/tools/cqlstress-counter-example.yaml
2018-07-19 14:58:51 [main] INFO  c.g.n.e.c.p.CassandraStarterTests - Extract /root/.embedded-cassandra/cassandra/3.11.2/apache-cassandra-3.11.2-bin.tar.gz : extract apache-cassandra-3.11.2/tools/cqlstress-example.yaml
2018-07-19 14:58:51 [main] INFO  c.g.n.e.c.p.CassandraStarterTests - Extract /root/.embedded-cassandra/cassandra/3.11.2/apache-cassandra-3.11.2-bin.tar.gz : extract apache-cassandra-3.11.2/tools/cqlstress-insanity-example.yaml
2018-07-19 14:58:51 [main] INFO  c.g.n.e.c.p.CassandraStarterTests - Extract /root/.embedded-cassandra/cassandra/3.11.2/apache-cassandra-3.11.2-bin.tar.gz : extract apache-cassandra-3.11.2/tools/lib/stress.jar
2018-07-19 14:58:51 [main] INFO  c.g.n.e.c.p.CassandraStarterTests - Extract /root/.embedded-cassandra/cassandra/3.11.2/apache-cassandra-3.11.2-bin.tar.gz : extract apache-cassandra-3.11.2/bin/cassandra.in.sh
2018-07-19 14:58:51 [main] INFO  c.g.n.e.c.p.CassandraStarterTests - Extract /root/.embedded-cassandra/cassandra/3.11.2/apache-cassandra-3.11.2-bin.tar.gz : extract apache-cassandra-3.11.2/bin/cassandra
2018-07-19 14:58:51 [main] INFO  c.g.n.e.c.p.CassandraStarterTests - Extract /root/.embedded-cassandra/cassandra/3.11.2/apache-cassandra-3.11.2-bin.tar.gz : extract apache-cassandra-3.11.2/bin/cassandra.bat
2018-07-19 14:58:51 [main] INFO  c.g.n.e.c.p.CassandraStarterTests - Extract /root/.embedded-cassandra/cassandra/3.11.2/apache-cassandra-3.11.2-bin.tar.gz : extract apache-cassandra-3.11.2/bin/cassandra.in.bat
2018-07-19 14:58:51 [main] INFO  c.g.n.e.c.p.CassandraStarterTests - Extract /root/.embedded-cassandra/cassandra/3.11.2/apache-cassandra-3.11.2-bin.tar.gz : extract apache-cassandra-3.11.2/bin/cqlsh
2018-07-19 14:58:51 [main] INFO  c.g.n.e.c.p.CassandraStarterTests - Extract /root/.embedded-cassandra/cassandra/3.11.2/apache-cassandra-3.11.2-bin.tar.gz : extract apache-cassandra-3.11.2/bin/cqlsh.bat
2018-07-19 14:58:51 [main] INFO  c.g.n.e.c.p.CassandraStarterTests - Extract /root/.embedded-cassandra/cassandra/3.11.2/apache-cassandra-3.11.2-bin.tar.gz : extract apache-cassandra-3.11.2/bin/cqlsh.py
2018-07-19 14:58:51 [main] INFO  c.g.n.e.c.p.CassandraStarterTests - Extract /root/.embedded-cassandra/cassandra/3.11.2/apache-cassandra-3.11.2-bin.tar.gz : extract apache-cassandra-3.11.2/bin/debug-cql
2018-07-19 14:58:51 [main] INFO  c.g.n.e.c.p.CassandraStarterTests - Extract /root/.embedded-cassandra/cassandra/3.11.2/apache-cassandra-3.11.2-bin.tar.gz : extract apache-cassandra-3.11.2/bin/debug-cql.bat
2018-07-19 14:58:51 [main] INFO  c.g.n.e.c.p.CassandraStarterTests - Extract /root/.embedded-cassandra/cassandra/3.11.2/apache-cassandra-3.11.2-bin.tar.gz : extract apache-cassandra-3.11.2/bin/nodetool
2018-07-19 14:58:51 [main] INFO  c.g.n.e.c.p.CassandraStarterTests - Extract /root/.embedded-cassandra/cassandra/3.11.2/apache-cassandra-3.11.2-bin.tar.gz : extract apache-cassandra-3.11.2/bin/nodetool.bat
2018-07-19 14:58:51 [main] INFO  c.g.n.e.c.p.CassandraStarterTests - Extract /root/.embedded-cassandra/cassandra/3.11.2/apache-cassandra-3.11.2-bin.tar.gz : extract apache-cassandra-3.11.2/bin/source-conf.ps1
2018-07-19 14:58:51 [main] INFO  c.g.n.e.c.p.CassandraStarterTests - Extract /root/.embedded-cassandra/cassandra/3.11.2/apache-cassandra-3.11.2-bin.tar.gz : extract apache-cassandra-3.11.2/bin/sstableloader
2018-07-19 14:58:51 [main] INFO  c.g.n.e.c.p.CassandraStarterTests - Extract /root/.embedded-cassandra/cassandra/3.11.2/apache-cassandra-3.11.2-bin.tar.gz : extract apache-cassandra-3.11.2/bin/sstableloader.bat
2018-07-19 14:58:51 [main] INFO  c.g.n.e.c.p.CassandraStarterTests - Extract /root/.embedded-cassandra/cassandra/3.11.2/apache-cassandra-3.11.2-bin.tar.gz : extract apache-cassandra-3.11.2/bin/sstablescrub
2018-07-19 14:58:51 [main] INFO  c.g.n.e.c.p.CassandraStarterTests - Extract /root/.embedded-cassandra/cassandra/3.11.2/apache-cassandra-3.11.2-bin.tar.gz : extract apache-cassandra-3.11.2/bin/sstablescrub.bat
2018-07-19 14:58:51 [main] INFO  c.g.n.e.c.p.CassandraStarterTests - Extract /root/.embedded-cassandra/cassandra/3.11.2/apache-cassandra-3.11.2-bin.tar.gz : extract apache-cassandra-3.11.2/bin/sstableupgrade
2018-07-19 14:58:51 [main] INFO  c.g.n.e.c.p.CassandraStarterTests - Extract /root/.embedded-cassandra/cassandra/3.11.2/apache-cassandra-3.11.2-bin.tar.gz : extract apache-cassandra-3.11.2/bin/sstableupgrade.bat
2018-07-19 14:58:51 [main] INFO  c.g.n.e.c.p.CassandraStarterTests - Extract /root/.embedded-cassandra/cassandra/3.11.2/apache-cassandra-3.11.2-bin.tar.gz : extract apache-cassandra-3.11.2/bin/sstableutil
2018-07-19 14:58:51 [main] INFO  c.g.n.e.c.p.CassandraStarterTests - Extract /root/.embedded-cassandra/cassandra/3.11.2/apache-cassandra-3.11.2-bin.tar.gz : extract apache-cassandra-3.11.2/bin/sstableutil.bat
2018-07-19 14:58:51 [main] INFO  c.g.n.e.c.p.CassandraStarterTests - Extract /root/.embedded-cassandra/cassandra/3.11.2/apache-cassandra-3.11.2-bin.tar.gz : extract apache-cassandra-3.11.2/bin/sstableverify
2018-07-19 14:58:51 [main] INFO  c.g.n.e.c.p.CassandraStarterTests - Extract /root/.embedded-cassandra/cassandra/3.11.2/apache-cassandra-3.11.2-bin.tar.gz : extract apache-cassandra-3.11.2/bin/sstableverify.bat
2018-07-19 14:58:51 [main] INFO  c.g.n.e.c.p.CassandraStarterTests - Extract /root/.embedded-cassandra/cassandra/3.11.2/apache-cassandra-3.11.2-bin.tar.gz : extract apache-cassandra-3.11.2/bin/stop-server
2018-07-19 14:58:51 [main] INFO  c.g.n.e.c.p.CassandraStarterTests - Extract /root/.embedded-cassandra/cassandra/3.11.2/apache-cassandra-3.11.2-bin.tar.gz : extract apache-cassandra-3.11.2/bin/stop-server.bat
2018-07-19 14:58:51 [main] INFO  c.g.n.e.c.p.CassandraStarterTests - Extract /root/.embedded-cassandra/cassandra/3.11.2/apache-cassandra-3.11.2-bin.tar.gz : extract apache-cassandra-3.11.2/bin/stop-server.ps1
2018-07-19 14:58:51 [main] INFO  c.g.n.e.c.p.CassandraStarterTests - Extract /root/.embedded-cassandra/cassandra/3.11.2/apache-cassandra-3.11.2-bin.tar.gz : finished
2018-07-19 14:58:51 [main] INFO  c.g.n.e.c.process.CassandraProcess - Starting Cassandra Process using command [/tmp/temp--5d6fe395-28ba-4dbb-a946-36efc5ff5bf6/apache-cassandra-3.11.2/bin/cassandra, -f, -Dcassandra.jmx.local.port=33959]
2018-07-19 14:58:51 [Thread-28] INFO  c.g.n.e.c.p.CassandraStarterTests - [P:1312] Running Cassandra as root user or group is not recommended - please start Cassandra using a different system user.
2018-07-19 14:58:51 [Thread-28] INFO  c.g.n.e.c.p.CassandraStarterTests - [P:1312] If you really want to force running Cassandra as root, use -R command line option.
2018-07-19 14:58:51 [main] INFO  c.g.n.e.c.process.CassandraProcess - Cassandra process '1312' has been stopped.
]]></system-out>
    </rerunFailure>
  </testcase>
  <testcase name="shouldStartCassandraUsingRpcTransport" classname="com.github.nosan.embedded.cassandra.process.CassandraStarterTests" time="4.33">
    <error message="Could not start a process &apos;898&apos;.&#10;Failure:&lt;EOF&gt;&#10;Output:&#10;--- START --- &#10;[P:898] Running Cassandra as root user or group is not recommended - please start Cassandra using a different system user.&#10;[P:898] If you really want to force running Cassandra as root, use -R command line option.&#10;&#10;--- END --- " type="java.io.IOException"><![CDATA[java.io.IOException: 
Could not start a process '898'.
Failure:<EOF>
Output:
--- START --- 
[P:898] Running Cassandra as root user or group is not recommended - please start Cassandra using a different system user.
[P:898] If you really want to force running Cassandra as root, use -R command line option.

--- END --- 
	at com.github.nosan.embedded.cassandra.process.CassandraProcess.onAfterProcessStart(CassandraProcess.java:114)
	at de.flapdoodle.embed.process.runtime.AbstractProcess.<init>(AbstractProcess.java:116)
	at com.github.nosan.embedded.cassandra.process.CassandraProcess.<init>(CassandraProcess.java:67)
	at com.github.nosan.embedded.cassandra.process.CassandraExecutable.start(CassandraExecutable.java:49)
	at com.github.nosan.embedded.cassandra.process.CassandraExecutable.start(CassandraExecutable.java:37)
	at de.flapdoodle.embed.process.runtime.Executable.start(Executable.java:108)
	at com.github.nosan.embedded.cassandra.process.CassandraStarterTests.start(CassandraStarterTests.java:64)
	at com.github.nosan.embedded.cassandra.process.CassandraStarterTests.shouldStartCassandraUsingRpcTransport(CassandraStarterTests.java:123)
	at sun.reflect.NativeMethodAccessorImpl.invoke0(Native Method)
	at sun.reflect.NativeMethodAccessorImpl.invoke(NativeMethodAccessorImpl.java:62)
	at sun.reflect.DelegatingMethodAccessorImpl.invoke(DelegatingMethodAccessorImpl.java:43)
	at java.lang.reflect.Method.invoke(Method.java:498)
	at org.junit.runners.model.FrameworkMethod$1.runReflectiveCall(FrameworkMethod.java:50)
	at org.junit.internal.runners.model.ReflectiveCallable.run(ReflectiveCallable.java:12)
	at org.junit.runners.model.FrameworkMethod.invokeExplosively(FrameworkMethod.java:47)
	at org.junit.internal.runners.statements.InvokeMethod.evaluate(InvokeMethod.java:17)
	at org.junit.rules.ExpectedException$ExpectedExceptionStatement.evaluate(ExpectedException.java:239)
	at org.junit.rules.RunRules.evaluate(RunRules.java:20)
	at org.junit.runners.ParentRunner.runLeaf(ParentRunner.java:325)
	at org.junit.runners.BlockJUnit4ClassRunner.runChild(BlockJUnit4ClassRunner.java:78)
	at org.junit.runners.BlockJUnit4ClassRunner.runChild(BlockJUnit4ClassRunner.java:57)
	at org.junit.runners.ParentRunner$3.run(ParentRunner.java:290)
	at org.junit.runners.ParentRunner$1.schedule(ParentRunner.java:71)
	at org.junit.runners.ParentRunner.runChildren(ParentRunner.java:288)
	at org.junit.runners.ParentRunner.access$000(ParentRunner.java:58)
	at org.junit.runners.ParentRunner$2.evaluate(ParentRunner.java:268)
	at org.junit.runners.ParentRunner.run(ParentRunner.java:363)
	at org.apache.maven.surefire.junit4.JUnit4Provider.execute(JUnit4Provider.java:365)
	at org.apache.maven.surefire.junit4.JUnit4Provider.executeWithRerun(JUnit4Provider.java:272)
	at org.apache.maven.surefire.junit4.JUnit4Provider.executeTestSet(JUnit4Provider.java:236)
	at org.apache.maven.surefire.junit4.JUnit4Provider.invoke(JUnit4Provider.java:159)
	at org.apache.maven.surefire.booter.ForkedBooter.invokeProviderInSameClassLoader(ForkedBooter.java:386)
	at org.apache.maven.surefire.booter.ForkedBooter.runSuitesInProcess(ForkedBooter.java:323)
	at org.apache.maven.surefire.booter.ForkedBooter.main(ForkedBooter.java:143)
]]></error>
    <system-out><![CDATA[2018-07-19 14:58:22 [main] INFO  c.g.n.e.c.p.CassandraStarterTests - Extract /root/.embedded-cassandra/cassandra/3.11.2/apache-cassandra-3.11.2-bin.tar.gz : starting...
2018-07-19 14:58:22 [main] INFO  c.g.n.e.c.p.CassandraStarterTests - Extract /root/.embedded-cassandra/cassandra/3.11.2/apache-cassandra-3.11.2-bin.tar.gz : extract apache-cassandra-3.11.2/conf/cassandra-env.ps1
2018-07-19 14:58:22 [main] INFO  c.g.n.e.c.p.CassandraStarterTests - Extract /root/.embedded-cassandra/cassandra/3.11.2/apache-cassandra-3.11.2-bin.tar.gz : extract apache-cassandra-3.11.2/conf/cassandra-env.sh
2018-07-19 14:58:22 [main] INFO  c.g.n.e.c.p.CassandraStarterTests - Extract /root/.embedded-cassandra/cassandra/3.11.2/apache-cassandra-3.11.2-bin.tar.gz : extract apache-cassandra-3.11.2/conf/cassandra-jaas.config
2018-07-19 14:58:22 [main] INFO  c.g.n.e.c.p.CassandraStarterTests - Extract /root/.embedded-cassandra/cassandra/3.11.2/apache-cassandra-3.11.2-bin.tar.gz : extract apache-cassandra-3.11.2/conf/cassandra-rackdc.properties
2018-07-19 14:58:22 [main] INFO  c.g.n.e.c.p.CassandraStarterTests - Extract /root/.embedded-cassandra/cassandra/3.11.2/apache-cassandra-3.11.2-bin.tar.gz : extract apache-cassandra-3.11.2/conf/cassandra-topology.properties
2018-07-19 14:58:22 [main] INFO  c.g.n.e.c.p.CassandraStarterTests - Extract /root/.embedded-cassandra/cassandra/3.11.2/apache-cassandra-3.11.2-bin.tar.gz : extract apache-cassandra-3.11.2/conf/cassandra.yaml
2018-07-19 14:58:22 [main] INFO  c.g.n.e.c.p.CassandraStarterTests - Extract /root/.embedded-cassandra/cassandra/3.11.2/apache-cassandra-3.11.2-bin.tar.gz : extract apache-cassandra-3.11.2/conf/commitlog_archiving.properties
2018-07-19 14:58:22 [main] INFO  c.g.n.e.c.p.CassandraStarterTests - Extract /root/.embedded-cassandra/cassandra/3.11.2/apache-cassandra-3.11.2-bin.tar.gz : extract apache-cassandra-3.11.2/conf/cqlshrc.sample
2018-07-19 14:58:22 [main] INFO  c.g.n.e.c.p.CassandraStarterTests - Extract /root/.embedded-cassandra/cassandra/3.11.2/apache-cassandra-3.11.2-bin.tar.gz : extract apache-cassandra-3.11.2/conf/hotspot_compiler
2018-07-19 14:58:22 [main] INFO  c.g.n.e.c.p.CassandraStarterTests - Extract /root/.embedded-cassandra/cassandra/3.11.2/apache-cassandra-3.11.2-bin.tar.gz : extract apache-cassandra-3.11.2/conf/jvm.options
2018-07-19 14:58:22 [main] INFO  c.g.n.e.c.p.CassandraStarterTests - Extract /root/.embedded-cassandra/cassandra/3.11.2/apache-cassandra-3.11.2-bin.tar.gz : extract apache-cassandra-3.11.2/conf/logback-tools.xml
2018-07-19 14:58:22 [main] INFO  c.g.n.e.c.p.CassandraStarterTests - Extract /root/.embedded-cassandra/cassandra/3.11.2/apache-cassandra-3.11.2-bin.tar.gz : extract apache-cassandra-3.11.2/conf/logback.xml
2018-07-19 14:58:22 [main] INFO  c.g.n.e.c.p.CassandraStarterTests - Extract /root/.embedded-cassandra/cassandra/3.11.2/apache-cassandra-3.11.2-bin.tar.gz : extract apache-cassandra-3.11.2/conf/metrics-reporter-config-sample.yaml
2018-07-19 14:58:22 [main] INFO  c.g.n.e.c.p.CassandraStarterTests - Extract /root/.embedded-cassandra/cassandra/3.11.2/apache-cassandra-3.11.2-bin.tar.gz : extract apache-cassandra-3.11.2/conf/triggers/README.txt
2018-07-19 14:58:22 [main] INFO  c.g.n.e.c.p.CassandraStarterTests - Extract /root/.embedded-cassandra/cassandra/3.11.2/apache-cassandra-3.11.2-bin.tar.gz : extract apache-cassandra-3.11.2/interface/cassandra.thrift
2018-07-19 14:58:25 [main] INFO  c.g.n.e.c.p.CassandraStarterTests - Extract /root/.embedded-cassandra/cassandra/3.11.2/apache-cassandra-3.11.2-bin.tar.gz : extract apache-cassandra-3.11.2/lib/HdrHistogram-2.1.9.jar
2018-07-19 14:58:25 [main] INFO  c.g.n.e.c.p.CassandraStarterTests - Extract /root/.embedded-cassandra/cassandra/3.11.2/apache-cassandra-3.11.2-bin.tar.gz : extract apache-cassandra-3.11.2/lib/ST4-4.0.8.jar
2018-07-19 14:58:25 [main] INFO  c.g.n.e.c.p.CassandraStarterTests - Extract /root/.embedded-cassandra/cassandra/3.11.2/apache-cassandra-3.11.2-bin.tar.gz : extract apache-cassandra-3.11.2/lib/airline-0.6.jar
2018-07-19 14:58:25 [main] INFO  c.g.n.e.c.p.CassandraStarterTests - Extract /root/.embedded-cassandra/cassandra/3.11.2/apache-cassandra-3.11.2-bin.tar.gz : extract apache-cassandra-3.11.2/lib/antlr-runtime-3.5.2.jar
2018-07-19 14:58:25 [main] INFO  c.g.n.e.c.p.CassandraStarterTests - Extract /root/.embedded-cassandra/cassandra/3.11.2/apache-cassandra-3.11.2-bin.tar.gz : extract apache-cassandra-3.11.2/lib/apache-cassandra-3.11.2.jar
2018-07-19 14:58:25 [main] INFO  c.g.n.e.c.p.CassandraStarterTests - Extract /root/.embedded-cassandra/cassandra/3.11.2/apache-cassandra-3.11.2-bin.tar.gz : extract apache-cassandra-3.11.2/lib/apache-cassandra-thrift-3.11.2.jar
2018-07-19 14:58:25 [main] INFO  c.g.n.e.c.p.CassandraStarterTests - Extract /root/.embedded-cassandra/cassandra/3.11.2/apache-cassandra-3.11.2-bin.tar.gz : extract apache-cassandra-3.11.2/lib/asm-5.0.4.jar
2018-07-19 14:58:25 [main] INFO  c.g.n.e.c.p.CassandraStarterTests - Extract /root/.embedded-cassandra/cassandra/3.11.2/apache-cassandra-3.11.2-bin.tar.gz : extract apache-cassandra-3.11.2/lib/caffeine-2.2.6.jar
2018-07-19 14:58:25 [main] INFO  c.g.n.e.c.p.CassandraStarterTests - Extract /root/.embedded-cassandra/cassandra/3.11.2/apache-cassandra-3.11.2-bin.tar.gz : extract apache-cassandra-3.11.2/lib/cassandra-driver-core-3.0.1-shaded.jar
2018-07-19 14:58:25 [main] INFO  c.g.n.e.c.p.CassandraStarterTests - Extract /root/.embedded-cassandra/cassandra/3.11.2/apache-cassandra-3.11.2-bin.tar.gz : extract apache-cassandra-3.11.2/lib/cassandra-driver-internal-only-3.10.zip
2018-07-19 14:58:25 [main] INFO  c.g.n.e.c.p.CassandraStarterTests - Extract /root/.embedded-cassandra/cassandra/3.11.2/apache-cassandra-3.11.2-bin.tar.gz : extract apache-cassandra-3.11.2/lib/cassandra-driver-internal-only-3.11.0-bb96859b.zip
2018-07-19 14:58:25 [main] INFO  c.g.n.e.c.p.CassandraStarterTests - Extract /root/.embedded-cassandra/cassandra/3.11.2/apache-cassandra-3.11.2-bin.tar.gz : extract apache-cassandra-3.11.2/lib/commons-cli-1.1.jar
2018-07-19 14:58:25 [main] INFO  c.g.n.e.c.p.CassandraStarterTests - Extract /root/.embedded-cassandra/cassandra/3.11.2/apache-cassandra-3.11.2-bin.tar.gz : extract apache-cassandra-3.11.2/lib/commons-codec-1.9.jar
2018-07-19 14:58:25 [main] INFO  c.g.n.e.c.p.CassandraStarterTests - Extract /root/.embedded-cassandra/cassandra/3.11.2/apache-cassandra-3.11.2-bin.tar.gz : extract apache-cassandra-3.11.2/lib/commons-lang3-3.1.jar
2018-07-19 14:58:25 [main] INFO  c.g.n.e.c.p.CassandraStarterTests - Extract /root/.embedded-cassandra/cassandra/3.11.2/apache-cassandra-3.11.2-bin.tar.gz : extract apache-cassandra-3.11.2/lib/commons-math3-3.2.jar
2018-07-19 14:58:25 [main] INFO  c.g.n.e.c.p.CassandraStarterTests - Extract /root/.embedded-cassandra/cassandra/3.11.2/apache-cassandra-3.11.2-bin.tar.gz : extract apache-cassandra-3.11.2/lib/compress-lzf-0.8.4.jar
2018-07-19 14:58:25 [main] INFO  c.g.n.e.c.p.CassandraStarterTests - Extract /root/.embedded-cassandra/cassandra/3.11.2/apache-cassandra-3.11.2-bin.tar.gz : extract apache-cassandra-3.11.2/lib/concurrent-trees-2.4.0.jar
2018-07-19 14:58:25 [main] INFO  c.g.n.e.c.p.CassandraStarterTests - Extract /root/.embedded-cassandra/cassandra/3.11.2/apache-cassandra-3.11.2-bin.tar.gz : extract apache-cassandra-3.11.2/lib/concurrentlinkedhashmap-lru-1.4.jar
2018-07-19 14:58:25 [main] INFO  c.g.n.e.c.p.CassandraStarterTests - Extract /root/.embedded-cassandra/cassandra/3.11.2/apache-cassandra-3.11.2-bin.tar.gz : extract apache-cassandra-3.11.2/lib/disruptor-3.0.1.jar
2018-07-19 14:58:25 [main] INFO  c.g.n.e.c.p.CassandraStarterTests - Extract /root/.embedded-cassandra/cassandra/3.11.2/apache-cassandra-3.11.2-bin.tar.gz : extract apache-cassandra-3.11.2/lib/ecj-4.4.2.jar
2018-07-19 14:58:25 [main] INFO  c.g.n.e.c.p.CassandraStarterTests - Extract /root/.embedded-cassandra/cassandra/3.11.2/apache-cassandra-3.11.2-bin.tar.gz : extract apache-cassandra-3.11.2/lib/futures-2.1.6-py2.py3-none-any.zip
2018-07-19 14:58:25 [main] INFO  c.g.n.e.c.p.CassandraStarterTests - Extract /root/.embedded-cassandra/cassandra/3.11.2/apache-cassandra-3.11.2-bin.tar.gz : extract apache-cassandra-3.11.2/lib/guava-18.0.jar
2018-07-19 14:58:25 [main] INFO  c.g.n.e.c.p.CassandraStarterTests - Extract /root/.embedded-cassandra/cassandra/3.11.2/apache-cassandra-3.11.2-bin.tar.gz : extract apache-cassandra-3.11.2/lib/high-scale-lib-1.0.6.jar
2018-07-19 14:58:26 [main] INFO  c.g.n.e.c.p.CassandraStarterTests - Extract /root/.embedded-cassandra/cassandra/3.11.2/apache-cassandra-3.11.2-bin.tar.gz : extract apache-cassandra-3.11.2/lib/hppc-0.5.4.jar
2018-07-19 14:58:26 [main] INFO  c.g.n.e.c.p.CassandraStarterTests - Extract /root/.embedded-cassandra/cassandra/3.11.2/apache-cassandra-3.11.2-bin.tar.gz : extract apache-cassandra-3.11.2/lib/jackson-core-asl-1.9.13.jar
2018-07-19 14:58:26 [main] INFO  c.g.n.e.c.p.CassandraStarterTests - Extract /root/.embedded-cassandra/cassandra/3.11.2/apache-cassandra-3.11.2-bin.tar.gz : extract apache-cassandra-3.11.2/lib/jackson-mapper-asl-1.9.13.jar
2018-07-19 14:58:26 [main] INFO  c.g.n.e.c.p.CassandraStarterTests - Extract /root/.embedded-cassandra/cassandra/3.11.2/apache-cassandra-3.11.2-bin.tar.gz : extract apache-cassandra-3.11.2/lib/jamm-0.3.0.jar
2018-07-19 14:58:26 [main] INFO  c.g.n.e.c.p.CassandraStarterTests - Extract /root/.embedded-cassandra/cassandra/3.11.2/apache-cassandra-3.11.2-bin.tar.gz : extract apache-cassandra-3.11.2/lib/javax.inject.jar
2018-07-19 14:58:26 [main] INFO  c.g.n.e.c.p.CassandraStarterTests - Extract /root/.embedded-cassandra/cassandra/3.11.2/apache-cassandra-3.11.2-bin.tar.gz : extract apache-cassandra-3.11.2/lib/jbcrypt-0.3m.jar
2018-07-19 14:58:26 [main] INFO  c.g.n.e.c.p.CassandraStarterTests - Extract /root/.embedded-cassandra/cassandra/3.11.2/apache-cassandra-3.11.2-bin.tar.gz : extract apache-cassandra-3.11.2/lib/jcl-over-slf4j-1.7.7.jar
2018-07-19 14:58:26 [main] INFO  c.g.n.e.c.p.CassandraStarterTests - Extract /root/.embedded-cassandra/cassandra/3.11.2/apache-cassandra-3.11.2-bin.tar.gz : extract apache-cassandra-3.11.2/lib/jctools-core-1.2.1.jar
2018-07-19 14:58:26 [main] INFO  c.g.n.e.c.p.CassandraStarterTests - Extract /root/.embedded-cassandra/cassandra/3.11.2/apache-cassandra-3.11.2-bin.tar.gz : extract apache-cassandra-3.11.2/lib/jflex-1.6.0.jar
2018-07-19 14:58:26 [main] INFO  c.g.n.e.c.p.CassandraStarterTests - Extract /root/.embedded-cassandra/cassandra/3.11.2/apache-cassandra-3.11.2-bin.tar.gz : extract apache-cassandra-3.11.2/lib/jna-4.2.2.jar
2018-07-19 14:58:26 [main] INFO  c.g.n.e.c.p.CassandraStarterTests - Extract /root/.embedded-cassandra/cassandra/3.11.2/apache-cassandra-3.11.2-bin.tar.gz : extract apache-cassandra-3.11.2/lib/joda-time-2.4.jar
2018-07-19 14:58:26 [main] INFO  c.g.n.e.c.p.CassandraStarterTests - Extract /root/.embedded-cassandra/cassandra/3.11.2/apache-cassandra-3.11.2-bin.tar.gz : extract apache-cassandra-3.11.2/lib/json-simple-1.1.jar
2018-07-19 14:58:26 [main] INFO  c.g.n.e.c.p.CassandraStarterTests - Extract /root/.embedded-cassandra/cassandra/3.11.2/apache-cassandra-3.11.2-bin.tar.gz : extract apache-cassandra-3.11.2/lib/jstackjunit-0.0.1.jar
2018-07-19 14:58:26 [main] INFO  c.g.n.e.c.p.CassandraStarterTests - Extract /root/.embedded-cassandra/cassandra/3.11.2/apache-cassandra-3.11.2-bin.tar.gz : extract apache-cassandra-3.11.2/lib/libthrift-0.9.2.jar
2018-07-19 14:58:26 [main] INFO  c.g.n.e.c.p.CassandraStarterTests - Extract /root/.embedded-cassandra/cassandra/3.11.2/apache-cassandra-3.11.2-bin.tar.gz : extract apache-cassandra-3.11.2/lib/log4j-over-slf4j-1.7.7.jar
2018-07-19 14:58:26 [main] INFO  c.g.n.e.c.p.CassandraStarterTests - Extract /root/.embedded-cassandra/cassandra/3.11.2/apache-cassandra-3.11.2-bin.tar.gz : extract apache-cassandra-3.11.2/lib/logback-classic-1.1.3.jar
2018-07-19 14:58:26 [main] INFO  c.g.n.e.c.p.CassandraStarterTests - Extract /root/.embedded-cassandra/cassandra/3.11.2/apache-cassandra-3.11.2-bin.tar.gz : extract apache-cassandra-3.11.2/lib/logback-core-1.1.3.jar
2018-07-19 14:58:26 [main] INFO  c.g.n.e.c.p.CassandraStarterTests - Extract /root/.embedded-cassandra/cassandra/3.11.2/apache-cassandra-3.11.2-bin.tar.gz : extract apache-cassandra-3.11.2/lib/lz4-1.3.0.jar
2018-07-19 14:58:26 [main] INFO  c.g.n.e.c.p.CassandraStarterTests - Extract /root/.embedded-cassandra/cassandra/3.11.2/apache-cassandra-3.11.2-bin.tar.gz : extract apache-cassandra-3.11.2/lib/metrics-core-3.1.0.jar
2018-07-19 14:58:26 [main] INFO  c.g.n.e.c.p.CassandraStarterTests - Extract /root/.embedded-cassandra/cassandra/3.11.2/apache-cassandra-3.11.2-bin.tar.gz : extract apache-cassandra-3.11.2/lib/metrics-jvm-3.1.0.jar
2018-07-19 14:58:26 [main] INFO  c.g.n.e.c.p.CassandraStarterTests - Extract /root/.embedded-cassandra/cassandra/3.11.2/apache-cassandra-3.11.2-bin.tar.gz : extract apache-cassandra-3.11.2/lib/metrics-logback-3.1.0.jar
2018-07-19 14:58:26 [main] INFO  c.g.n.e.c.p.CassandraStarterTests - Extract /root/.embedded-cassandra/cassandra/3.11.2/apache-cassandra-3.11.2-bin.tar.gz : extract apache-cassandra-3.11.2/lib/netty-all-4.0.44.Final.jar
2018-07-19 14:58:26 [main] INFO  c.g.n.e.c.p.CassandraStarterTests - Extract /root/.embedded-cassandra/cassandra/3.11.2/apache-cassandra-3.11.2-bin.tar.gz : extract apache-cassandra-3.11.2/lib/ohc-core-0.4.4.jar
2018-07-19 14:58:26 [main] INFO  c.g.n.e.c.p.CassandraStarterTests - Extract /root/.embedded-cassandra/cassandra/3.11.2/apache-cassandra-3.11.2-bin.tar.gz : extract apache-cassandra-3.11.2/lib/ohc-core-j8-0.4.4.jar
2018-07-19 14:58:26 [main] INFO  c.g.n.e.c.p.CassandraStarterTests - Extract /root/.embedded-cassandra/cassandra/3.11.2/apache-cassandra-3.11.2-bin.tar.gz : extract apache-cassandra-3.11.2/lib/reporter-config-base-3.0.3.jar
2018-07-19 14:58:26 [main] INFO  c.g.n.e.c.p.CassandraStarterTests - Extract /root/.embedded-cassandra/cassandra/3.11.2/apache-cassandra-3.11.2-bin.tar.gz : extract apache-cassandra-3.11.2/lib/reporter-config3-3.0.3.jar
2018-07-19 14:58:26 [main] INFO  c.g.n.e.c.p.CassandraStarterTests - Extract /root/.embedded-cassandra/cassandra/3.11.2/apache-cassandra-3.11.2-bin.tar.gz : extract apache-cassandra-3.11.2/lib/sigar-1.6.4.jar
2018-07-19 14:58:26 [main] INFO  c.g.n.e.c.p.CassandraStarterTests - Extract /root/.embedded-cassandra/cassandra/3.11.2/apache-cassandra-3.11.2-bin.tar.gz : extract apache-cassandra-3.11.2/lib/sigar-bin/libsigar-amd64-freebsd-6.so
2018-07-19 14:58:26 [main] INFO  c.g.n.e.c.p.CassandraStarterTests - Extract /root/.embedded-cassandra/cassandra/3.11.2/apache-cassandra-3.11.2-bin.tar.gz : extract apache-cassandra-3.11.2/lib/sigar-bin/libsigar-amd64-linux.so
2018-07-19 14:58:26 [main] INFO  c.g.n.e.c.p.CassandraStarterTests - Extract /root/.embedded-cassandra/cassandra/3.11.2/apache-cassandra-3.11.2-bin.tar.gz : extract apache-cassandra-3.11.2/lib/sigar-bin/libsigar-amd64-solaris.so
2018-07-19 14:58:26 [main] INFO  c.g.n.e.c.p.CassandraStarterTests - Extract /root/.embedded-cassandra/cassandra/3.11.2/apache-cassandra-3.11.2-bin.tar.gz : extract apache-cassandra-3.11.2/lib/sigar-bin/libsigar-ia64-hpux-11.sl
2018-07-19 14:58:26 [main] INFO  c.g.n.e.c.p.CassandraStarterTests - Extract /root/.embedded-cassandra/cassandra/3.11.2/apache-cassandra-3.11.2-bin.tar.gz : extract apache-cassandra-3.11.2/lib/sigar-bin/libsigar-ia64-linux.so
2018-07-19 14:58:26 [main] INFO  c.g.n.e.c.p.CassandraStarterTests - Extract /root/.embedded-cassandra/cassandra/3.11.2/apache-cassandra-3.11.2-bin.tar.gz : extract apache-cassandra-3.11.2/lib/sigar-bin/libsigar-pa-hpux-11.sl
2018-07-19 14:58:26 [main] INFO  c.g.n.e.c.p.CassandraStarterTests - Extract /root/.embedded-cassandra/cassandra/3.11.2/apache-cassandra-3.11.2-bin.tar.gz : extract apache-cassandra-3.11.2/lib/sigar-bin/libsigar-ppc-aix-5.so
2018-07-19 14:58:26 [main] INFO  c.g.n.e.c.p.CassandraStarterTests - Extract /root/.embedded-cassandra/cassandra/3.11.2/apache-cassandra-3.11.2-bin.tar.gz : extract apache-cassandra-3.11.2/lib/sigar-bin/libsigar-ppc-linux.so
2018-07-19 14:58:26 [main] INFO  c.g.n.e.c.p.CassandraStarterTests - Extract /root/.embedded-cassandra/cassandra/3.11.2/apache-cassandra-3.11.2-bin.tar.gz : extract apache-cassandra-3.11.2/lib/sigar-bin/libsigar-ppc64-aix-5.so
2018-07-19 14:58:26 [main] INFO  c.g.n.e.c.p.CassandraStarterTests - Extract /root/.embedded-cassandra/cassandra/3.11.2/apache-cassandra-3.11.2-bin.tar.gz : extract apache-cassandra-3.11.2/lib/sigar-bin/libsigar-ppc64-linux.so
2018-07-19 14:58:26 [main] INFO  c.g.n.e.c.p.CassandraStarterTests - Extract /root/.embedded-cassandra/cassandra/3.11.2/apache-cassandra-3.11.2-bin.tar.gz : extract apache-cassandra-3.11.2/lib/sigar-bin/libsigar-s390x-linux.so
2018-07-19 14:58:26 [main] INFO  c.g.n.e.c.p.CassandraStarterTests - Extract /root/.embedded-cassandra/cassandra/3.11.2/apache-cassandra-3.11.2-bin.tar.gz : extract apache-cassandra-3.11.2/lib/sigar-bin/libsigar-sparc-solaris.so
2018-07-19 14:58:26 [main] INFO  c.g.n.e.c.p.CassandraStarterTests - Extract /root/.embedded-cassandra/cassandra/3.11.2/apache-cassandra-3.11.2-bin.tar.gz : extract apache-cassandra-3.11.2/lib/sigar-bin/libsigar-sparc64-solaris.so
2018-07-19 14:58:26 [main] INFO  c.g.n.e.c.p.CassandraStarterTests - Extract /root/.embedded-cassandra/cassandra/3.11.2/apache-cassandra-3.11.2-bin.tar.gz : extract apache-cassandra-3.11.2/lib/sigar-bin/libsigar-universal-macosx.dylib
2018-07-19 14:58:26 [main] INFO  c.g.n.e.c.p.CassandraStarterTests - Extract /root/.embedded-cassandra/cassandra/3.11.2/apache-cassandra-3.11.2-bin.tar.gz : extract apache-cassandra-3.11.2/lib/sigar-bin/libsigar-universal64-macosx.dylib
2018-07-19 14:58:26 [main] INFO  c.g.n.e.c.p.CassandraStarterTests - Extract /root/.embedded-cassandra/cassandra/3.11.2/apache-cassandra-3.11.2-bin.tar.gz : extract apache-cassandra-3.11.2/lib/sigar-bin/libsigar-x86-freebsd-5.so
2018-07-19 14:58:26 [main] INFO  c.g.n.e.c.p.CassandraStarterTests - Extract /root/.embedded-cassandra/cassandra/3.11.2/apache-cassandra-3.11.2-bin.tar.gz : extract apache-cassandra-3.11.2/lib/sigar-bin/libsigar-x86-freebsd-6.so
2018-07-19 14:58:26 [main] INFO  c.g.n.e.c.p.CassandraStarterTests - Extract /root/.embedded-cassandra/cassandra/3.11.2/apache-cassandra-3.11.2-bin.tar.gz : extract apache-cassandra-3.11.2/lib/sigar-bin/libsigar-x86-linux.so
2018-07-19 14:58:26 [main] INFO  c.g.n.e.c.p.CassandraStarterTests - Extract /root/.embedded-cassandra/cassandra/3.11.2/apache-cassandra-3.11.2-bin.tar.gz : extract apache-cassandra-3.11.2/lib/sigar-bin/libsigar-x86-solaris.so
2018-07-19 14:58:26 [main] INFO  c.g.n.e.c.p.CassandraStarterTests - Extract /root/.embedded-cassandra/cassandra/3.11.2/apache-cassandra-3.11.2-bin.tar.gz : extract apache-cassandra-3.11.2/lib/sigar-bin/sigar-amd64-winnt.dll
2018-07-19 14:58:26 [main] INFO  c.g.n.e.c.p.CassandraStarterTests - Extract /root/.embedded-cassandra/cassandra/3.11.2/apache-cassandra-3.11.2-bin.tar.gz : extract apache-cassandra-3.11.2/lib/sigar-bin/sigar-x86-winnt.dll
2018-07-19 14:58:26 [main] INFO  c.g.n.e.c.p.CassandraStarterTests - Extract /root/.embedded-cassandra/cassandra/3.11.2/apache-cassandra-3.11.2-bin.tar.gz : extract apache-cassandra-3.11.2/lib/sigar-bin/sigar-x86-winnt.lib
2018-07-19 14:58:26 [main] INFO  c.g.n.e.c.p.CassandraStarterTests - Extract /root/.embedded-cassandra/cassandra/3.11.2/apache-cassandra-3.11.2-bin.tar.gz : extract apache-cassandra-3.11.2/lib/six-1.7.3-py2.py3-none-any.zip
2018-07-19 14:58:26 [main] INFO  c.g.n.e.c.p.CassandraStarterTests - Extract /root/.embedded-cassandra/cassandra/3.11.2/apache-cassandra-3.11.2-bin.tar.gz : extract apache-cassandra-3.11.2/lib/slf4j-api-1.7.7.jar
2018-07-19 14:58:26 [main] INFO  c.g.n.e.c.p.CassandraStarterTests - Extract /root/.embedded-cassandra/cassandra/3.11.2/apache-cassandra-3.11.2-bin.tar.gz : extract apache-cassandra-3.11.2/lib/snakeyaml-1.11.jar
2018-07-19 14:58:26 [main] INFO  c.g.n.e.c.p.CassandraStarterTests - Extract /root/.embedded-cassandra/cassandra/3.11.2/apache-cassandra-3.11.2-bin.tar.gz : extract apache-cassandra-3.11.2/lib/snappy-java-1.1.1.7.jar
2018-07-19 14:58:26 [main] INFO  c.g.n.e.c.p.CassandraStarterTests - Extract /root/.embedded-cassandra/cassandra/3.11.2/apache-cassandra-3.11.2-bin.tar.gz : extract apache-cassandra-3.11.2/lib/snowball-stemmer-1.3.0.581.1.jar
2018-07-19 14:58:26 [main] INFO  c.g.n.e.c.p.CassandraStarterTests - Extract /root/.embedded-cassandra/cassandra/3.11.2/apache-cassandra-3.11.2-bin.tar.gz : extract apache-cassandra-3.11.2/lib/stream-2.5.2.jar
2018-07-19 14:58:26 [main] INFO  c.g.n.e.c.p.CassandraStarterTests - Extract /root/.embedded-cassandra/cassandra/3.11.2/apache-cassandra-3.11.2-bin.tar.gz : extract apache-cassandra-3.11.2/lib/thrift-server-0.3.7.jar
2018-07-19 14:58:26 [main] INFO  c.g.n.e.c.p.CassandraStarterTests - Extract /root/.embedded-cassandra/cassandra/3.11.2/apache-cassandra-3.11.2-bin.tar.gz : extract apache-cassandra-3.11.2/pylib/cqlshlib/__init__.py
2018-07-19 14:58:26 [main] INFO  c.g.n.e.c.p.CassandraStarterTests - Extract /root/.embedded-cassandra/cassandra/3.11.2/apache-cassandra-3.11.2-bin.tar.gz : extract apache-cassandra-3.11.2/pylib/cqlshlib/copyutil.py
2018-07-19 14:58:26 [main] INFO  c.g.n.e.c.p.CassandraStarterTests - Extract /root/.embedded-cassandra/cassandra/3.11.2/apache-cassandra-3.11.2-bin.tar.gz : extract apache-cassandra-3.11.2/pylib/cqlshlib/cql3handling.py
2018-07-19 14:58:26 [main] INFO  c.g.n.e.c.p.CassandraStarterTests - Extract /root/.embedded-cassandra/cassandra/3.11.2/apache-cassandra-3.11.2-bin.tar.gz : extract apache-cassandra-3.11.2/pylib/cqlshlib/cqlhandling.py
2018-07-19 14:58:26 [main] INFO  c.g.n.e.c.p.CassandraStarterTests - Extract /root/.embedded-cassandra/cassandra/3.11.2/apache-cassandra-3.11.2-bin.tar.gz : extract apache-cassandra-3.11.2/pylib/cqlshlib/cqlshhandling.py
2018-07-19 14:58:26 [main] INFO  c.g.n.e.c.p.CassandraStarterTests - Extract /root/.embedded-cassandra/cassandra/3.11.2/apache-cassandra-3.11.2-bin.tar.gz : extract apache-cassandra-3.11.2/pylib/cqlshlib/displaying.py
2018-07-19 14:58:26 [main] INFO  c.g.n.e.c.p.CassandraStarterTests - Extract /root/.embedded-cassandra/cassandra/3.11.2/apache-cassandra-3.11.2-bin.tar.gz : extract apache-cassandra-3.11.2/pylib/cqlshlib/formatting.py
2018-07-19 14:58:26 [main] INFO  c.g.n.e.c.p.CassandraStarterTests - Extract /root/.embedded-cassandra/cassandra/3.11.2/apache-cassandra-3.11.2-bin.tar.gz : extract apache-cassandra-3.11.2/pylib/cqlshlib/helptopics.py
2018-07-19 14:58:26 [main] INFO  c.g.n.e.c.p.CassandraStarterTests - Extract /root/.embedded-cassandra/cassandra/3.11.2/apache-cassandra-3.11.2-bin.tar.gz : extract apache-cassandra-3.11.2/pylib/cqlshlib/pylexotron.py
2018-07-19 14:58:26 [main] INFO  c.g.n.e.c.p.CassandraStarterTests - Extract /root/.embedded-cassandra/cassandra/3.11.2/apache-cassandra-3.11.2-bin.tar.gz : extract apache-cassandra-3.11.2/pylib/cqlshlib/saferscanner.py
2018-07-19 14:58:26 [main] INFO  c.g.n.e.c.p.CassandraStarterTests - Extract /root/.embedded-cassandra/cassandra/3.11.2/apache-cassandra-3.11.2-bin.tar.gz : extract apache-cassandra-3.11.2/pylib/cqlshlib/sslhandling.py
2018-07-19 14:58:26 [main] INFO  c.g.n.e.c.p.CassandraStarterTests - Extract /root/.embedded-cassandra/cassandra/3.11.2/apache-cassandra-3.11.2-bin.tar.gz : extract apache-cassandra-3.11.2/pylib/cqlshlib/test/__init__.py
2018-07-19 14:58:26 [main] INFO  c.g.n.e.c.p.CassandraStarterTests - Extract /root/.embedded-cassandra/cassandra/3.11.2/apache-cassandra-3.11.2-bin.tar.gz : extract apache-cassandra-3.11.2/pylib/cqlshlib/test/ansi_colors.py
2018-07-19 14:58:26 [main] INFO  c.g.n.e.c.p.CassandraStarterTests - Extract /root/.embedded-cassandra/cassandra/3.11.2/apache-cassandra-3.11.2-bin.tar.gz : extract apache-cassandra-3.11.2/pylib/cqlshlib/test/basecase.py
2018-07-19 14:58:26 [main] INFO  c.g.n.e.c.p.CassandraStarterTests - Extract /root/.embedded-cassandra/cassandra/3.11.2/apache-cassandra-3.11.2-bin.tar.gz : extract apache-cassandra-3.11.2/pylib/cqlshlib/test/cassconnect.py
2018-07-19 14:58:26 [main] INFO  c.g.n.e.c.p.CassandraStarterTests - Extract /root/.embedded-cassandra/cassandra/3.11.2/apache-cassandra-3.11.2-bin.tar.gz : extract apache-cassandra-3.11.2/pylib/cqlshlib/test/run_cqlsh.py
2018-07-19 14:58:26 [main] INFO  c.g.n.e.c.p.CassandraStarterTests - Extract /root/.embedded-cassandra/cassandra/3.11.2/apache-cassandra-3.11.2-bin.tar.gz : extract apache-cassandra-3.11.2/pylib/cqlshlib/test/test_cql_parsing.py
2018-07-19 14:58:26 [main] INFO  c.g.n.e.c.p.CassandraStarterTests - Extract /root/.embedded-cassandra/cassandra/3.11.2/apache-cassandra-3.11.2-bin.tar.gz : extract apache-cassandra-3.11.2/pylib/cqlshlib/test/test_cqlsh_commands.py
2018-07-19 14:58:26 [main] INFO  c.g.n.e.c.p.CassandraStarterTests - Extract /root/.embedded-cassandra/cassandra/3.11.2/apache-cassandra-3.11.2-bin.tar.gz : extract apache-cassandra-3.11.2/pylib/cqlshlib/test/test_cqlsh_completion.py
2018-07-19 14:58:26 [main] INFO  c.g.n.e.c.p.CassandraStarterTests - Extract /root/.embedded-cassandra/cassandra/3.11.2/apache-cassandra-3.11.2-bin.tar.gz : extract apache-cassandra-3.11.2/pylib/cqlshlib/test/test_cqlsh_invocation.py
2018-07-19 14:58:26 [main] INFO  c.g.n.e.c.p.CassandraStarterTests - Extract /root/.embedded-cassandra/cassandra/3.11.2/apache-cassandra-3.11.2-bin.tar.gz : extract apache-cassandra-3.11.2/pylib/cqlshlib/test/test_cqlsh_output.py
2018-07-19 14:58:26 [main] INFO  c.g.n.e.c.p.CassandraStarterTests - Extract /root/.embedded-cassandra/cassandra/3.11.2/apache-cassandra-3.11.2-bin.tar.gz : extract apache-cassandra-3.11.2/pylib/cqlshlib/test/test_cqlsh_parsing.py
2018-07-19 14:58:26 [main] INFO  c.g.n.e.c.p.CassandraStarterTests - Extract /root/.embedded-cassandra/cassandra/3.11.2/apache-cassandra-3.11.2-bin.tar.gz : extract apache-cassandra-3.11.2/pylib/cqlshlib/test/test_keyspace_init.cql
2018-07-19 14:58:26 [main] INFO  c.g.n.e.c.p.CassandraStarterTests - Extract /root/.embedded-cassandra/cassandra/3.11.2/apache-cassandra-3.11.2-bin.tar.gz : extract apache-cassandra-3.11.2/pylib/cqlshlib/test/winpty.py
2018-07-19 14:58:26 [main] INFO  c.g.n.e.c.p.CassandraStarterTests - Extract /root/.embedded-cassandra/cassandra/3.11.2/apache-cassandra-3.11.2-bin.tar.gz : extract apache-cassandra-3.11.2/pylib/cqlshlib/tracing.py
2018-07-19 14:58:26 [main] INFO  c.g.n.e.c.p.CassandraStarterTests - Extract /root/.embedded-cassandra/cassandra/3.11.2/apache-cassandra-3.11.2-bin.tar.gz : extract apache-cassandra-3.11.2/pylib/cqlshlib/util.py
2018-07-19 14:58:26 [main] INFO  c.g.n.e.c.p.CassandraStarterTests - Extract /root/.embedded-cassandra/cassandra/3.11.2/apache-cassandra-3.11.2-bin.tar.gz : extract apache-cassandra-3.11.2/pylib/cqlshlib/wcwidth.py
2018-07-19 14:58:26 [main] INFO  c.g.n.e.c.p.CassandraStarterTests - Extract /root/.embedded-cassandra/cassandra/3.11.2/apache-cassandra-3.11.2-bin.tar.gz : extract apache-cassandra-3.11.2/pylib/setup.py
2018-07-19 14:58:26 [main] INFO  c.g.n.e.c.p.CassandraStarterTests - Extract /root/.embedded-cassandra/cassandra/3.11.2/apache-cassandra-3.11.2-bin.tar.gz : extract apache-cassandra-3.11.2/tools/bin/cassandra-stress
2018-07-19 14:58:26 [main] INFO  c.g.n.e.c.p.CassandraStarterTests - Extract /root/.embedded-cassandra/cassandra/3.11.2/apache-cassandra-3.11.2-bin.tar.gz : extract apache-cassandra-3.11.2/tools/bin/cassandra-stress.bat
2018-07-19 14:58:26 [main] INFO  c.g.n.e.c.p.CassandraStarterTests - Extract /root/.embedded-cassandra/cassandra/3.11.2/apache-cassandra-3.11.2-bin.tar.gz : extract apache-cassandra-3.11.2/tools/bin/cassandra-stressd
2018-07-19 14:58:26 [main] INFO  c.g.n.e.c.p.CassandraStarterTests - Extract /root/.embedded-cassandra/cassandra/3.11.2/apache-cassandra-3.11.2-bin.tar.gz : extract apache-cassandra-3.11.2/tools/bin/cassandra.in.bat
2018-07-19 14:58:26 [main] INFO  c.g.n.e.c.p.CassandraStarterTests - Extract /root/.embedded-cassandra/cassandra/3.11.2/apache-cassandra-3.11.2-bin.tar.gz : extract apache-cassandra-3.11.2/tools/bin/cassandra.in.sh
2018-07-19 14:58:26 [main] INFO  c.g.n.e.c.p.CassandraStarterTests - Extract /root/.embedded-cassandra/cassandra/3.11.2/apache-cassandra-3.11.2-bin.tar.gz : extract apache-cassandra-3.11.2/tools/bin/compaction-stress
2018-07-19 14:58:26 [main] INFO  c.g.n.e.c.p.CassandraStarterTests - Extract /root/.embedded-cassandra/cassandra/3.11.2/apache-cassandra-3.11.2-bin.tar.gz : extract apache-cassandra-3.11.2/tools/bin/sstabledump
2018-07-19 14:58:26 [main] INFO  c.g.n.e.c.p.CassandraStarterTests - Extract /root/.embedded-cassandra/cassandra/3.11.2/apache-cassandra-3.11.2-bin.tar.gz : extract apache-cassandra-3.11.2/tools/bin/sstabledump.bat
2018-07-19 14:58:26 [main] INFO  c.g.n.e.c.p.CassandraStarterTests - Extract /root/.embedded-cassandra/cassandra/3.11.2/apache-cassandra-3.11.2-bin.tar.gz : extract apache-cassandra-3.11.2/tools/bin/sstableexpiredblockers
2018-07-19 14:58:26 [main] INFO  c.g.n.e.c.p.CassandraStarterTests - Extract /root/.embedded-cassandra/cassandra/3.11.2/apache-cassandra-3.11.2-bin.tar.gz : extract apache-cassandra-3.11.2/tools/bin/sstableexpiredblockers.bat
2018-07-19 14:58:26 [main] INFO  c.g.n.e.c.p.CassandraStarterTests - Extract /root/.embedded-cassandra/cassandra/3.11.2/apache-cassandra-3.11.2-bin.tar.gz : extract apache-cassandra-3.11.2/tools/bin/sstablelevelreset
2018-07-19 14:58:26 [main] INFO  c.g.n.e.c.p.CassandraStarterTests - Extract /root/.embedded-cassandra/cassandra/3.11.2/apache-cassandra-3.11.2-bin.tar.gz : extract apache-cassandra-3.11.2/tools/bin/sstablelevelreset.bat
2018-07-19 14:58:26 [main] INFO  c.g.n.e.c.p.CassandraStarterTests - Extract /root/.embedded-cassandra/cassandra/3.11.2/apache-cassandra-3.11.2-bin.tar.gz : extract apache-cassandra-3.11.2/tools/bin/sstablemetadata
2018-07-19 14:58:26 [main] INFO  c.g.n.e.c.p.CassandraStarterTests - Extract /root/.embedded-cassandra/cassandra/3.11.2/apache-cassandra-3.11.2-bin.tar.gz : extract apache-cassandra-3.11.2/tools/bin/sstablemetadata.bat
2018-07-19 14:58:26 [main] INFO  c.g.n.e.c.p.CassandraStarterTests - Extract /root/.embedded-cassandra/cassandra/3.11.2/apache-cassandra-3.11.2-bin.tar.gz : extract apache-cassandra-3.11.2/tools/bin/sstableofflinerelevel
2018-07-19 14:58:26 [main] INFO  c.g.n.e.c.p.CassandraStarterTests - Extract /root/.embedded-cassandra/cassandra/3.11.2/apache-cassandra-3.11.2-bin.tar.gz : extract apache-cassandra-3.11.2/tools/bin/sstableofflinerelevel.bat
2018-07-19 14:58:26 [main] INFO  c.g.n.e.c.p.CassandraStarterTests - Extract /root/.embedded-cassandra/cassandra/3.11.2/apache-cassandra-3.11.2-bin.tar.gz : extract apache-cassandra-3.11.2/tools/bin/sstablerepairedset
2018-07-19 14:58:26 [main] INFO  c.g.n.e.c.p.CassandraStarterTests - Extract /root/.embedded-cassandra/cassandra/3.11.2/apache-cassandra-3.11.2-bin.tar.gz : extract apache-cassandra-3.11.2/tools/bin/sstablerepairedset.bat
2018-07-19 14:58:26 [main] INFO  c.g.n.e.c.p.CassandraStarterTests - Extract /root/.embedded-cassandra/cassandra/3.11.2/apache-cassandra-3.11.2-bin.tar.gz : extract apache-cassandra-3.11.2/tools/bin/sstablesplit
2018-07-19 14:58:26 [main] INFO  c.g.n.e.c.p.CassandraStarterTests - Extract /root/.embedded-cassandra/cassandra/3.11.2/apache-cassandra-3.11.2-bin.tar.gz : extract apache-cassandra-3.11.2/tools/bin/sstablesplit.bat
2018-07-19 14:58:26 [main] INFO  c.g.n.e.c.p.CassandraStarterTests - Extract /root/.embedded-cassandra/cassandra/3.11.2/apache-cassandra-3.11.2-bin.tar.gz : extract apache-cassandra-3.11.2/tools/cqlstress-counter-example.yaml
2018-07-19 14:58:26 [main] INFO  c.g.n.e.c.p.CassandraStarterTests - Extract /root/.embedded-cassandra/cassandra/3.11.2/apache-cassandra-3.11.2-bin.tar.gz : extract apache-cassandra-3.11.2/tools/cqlstress-example.yaml
2018-07-19 14:58:26 [main] INFO  c.g.n.e.c.p.CassandraStarterTests - Extract /root/.embedded-cassandra/cassandra/3.11.2/apache-cassandra-3.11.2-bin.tar.gz : extract apache-cassandra-3.11.2/tools/cqlstress-insanity-example.yaml
2018-07-19 14:58:26 [main] INFO  c.g.n.e.c.p.CassandraStarterTests - Extract /root/.embedded-cassandra/cassandra/3.11.2/apache-cassandra-3.11.2-bin.tar.gz : extract apache-cassandra-3.11.2/tools/lib/stress.jar
2018-07-19 14:58:26 [main] INFO  c.g.n.e.c.p.CassandraStarterTests - Extract /root/.embedded-cassandra/cassandra/3.11.2/apache-cassandra-3.11.2-bin.tar.gz : extract apache-cassandra-3.11.2/bin/cassandra.in.sh
2018-07-19 14:58:26 [main] INFO  c.g.n.e.c.p.CassandraStarterTests - Extract /root/.embedded-cassandra/cassandra/3.11.2/apache-cassandra-3.11.2-bin.tar.gz : extract apache-cassandra-3.11.2/bin/cassandra
2018-07-19 14:58:26 [main] INFO  c.g.n.e.c.p.CassandraStarterTests - Extract /root/.embedded-cassandra/cassandra/3.11.2/apache-cassandra-3.11.2-bin.tar.gz : extract apache-cassandra-3.11.2/bin/cassandra.bat
2018-07-19 14:58:26 [main] INFO  c.g.n.e.c.p.CassandraStarterTests - Extract /root/.embedded-cassandra/cassandra/3.11.2/apache-cassandra-3.11.2-bin.tar.gz : extract apache-cassandra-3.11.2/bin/cassandra.in.bat
2018-07-19 14:58:26 [main] INFO  c.g.n.e.c.p.CassandraStarterTests - Extract /root/.embedded-cassandra/cassandra/3.11.2/apache-cassandra-3.11.2-bin.tar.gz : extract apache-cassandra-3.11.2/bin/cqlsh
2018-07-19 14:58:26 [main] INFO  c.g.n.e.c.p.CassandraStarterTests - Extract /root/.embedded-cassandra/cassandra/3.11.2/apache-cassandra-3.11.2-bin.tar.gz : extract apache-cassandra-3.11.2/bin/cqlsh.bat
2018-07-19 14:58:26 [main] INFO  c.g.n.e.c.p.CassandraStarterTests - Extract /root/.embedded-cassandra/cassandra/3.11.2/apache-cassandra-3.11.2-bin.tar.gz : extract apache-cassandra-3.11.2/bin/cqlsh.py
2018-07-19 14:58:26 [main] INFO  c.g.n.e.c.p.CassandraStarterTests - Extract /root/.embedded-cassandra/cassandra/3.11.2/apache-cassandra-3.11.2-bin.tar.gz : extract apache-cassandra-3.11.2/bin/debug-cql
2018-07-19 14:58:26 [main] INFO  c.g.n.e.c.p.CassandraStarterTests - Extract /root/.embedded-cassandra/cassandra/3.11.2/apache-cassandra-3.11.2-bin.tar.gz : extract apache-cassandra-3.11.2/bin/debug-cql.bat
2018-07-19 14:58:26 [main] INFO  c.g.n.e.c.p.CassandraStarterTests - Extract /root/.embedded-cassandra/cassandra/3.11.2/apache-cassandra-3.11.2-bin.tar.gz : extract apache-cassandra-3.11.2/bin/nodetool
2018-07-19 14:58:26 [main] INFO  c.g.n.e.c.p.CassandraStarterTests - Extract /root/.embedded-cassandra/cassandra/3.11.2/apache-cassandra-3.11.2-bin.tar.gz : extract apache-cassandra-3.11.2/bin/nodetool.bat
2018-07-19 14:58:26 [main] INFO  c.g.n.e.c.p.CassandraStarterTests - Extract /root/.embedded-cassandra/cassandra/3.11.2/apache-cassandra-3.11.2-bin.tar.gz : extract apache-cassandra-3.11.2/bin/source-conf.ps1
2018-07-19 14:58:26 [main] INFO  c.g.n.e.c.p.CassandraStarterTests - Extract /root/.embedded-cassandra/cassandra/3.11.2/apache-cassandra-3.11.2-bin.tar.gz : extract apache-cassandra-3.11.2/bin/sstableloader
2018-07-19 14:58:26 [main] INFO  c.g.n.e.c.p.CassandraStarterTests - Extract /root/.embedded-cassandra/cassandra/3.11.2/apache-cassandra-3.11.2-bin.tar.gz : extract apache-cassandra-3.11.2/bin/sstableloader.bat
2018-07-19 14:58:26 [main] INFO  c.g.n.e.c.p.CassandraStarterTests - Extract /root/.embedded-cassandra/cassandra/3.11.2/apache-cassandra-3.11.2-bin.tar.gz : extract apache-cassandra-3.11.2/bin/sstablescrub
2018-07-19 14:58:26 [main] INFO  c.g.n.e.c.p.CassandraStarterTests - Extract /root/.embedded-cassandra/cassandra/3.11.2/apache-cassandra-3.11.2-bin.tar.gz : extract apache-cassandra-3.11.2/bin/sstablescrub.bat
2018-07-19 14:58:26 [main] INFO  c.g.n.e.c.p.CassandraStarterTests - Extract /root/.embedded-cassandra/cassandra/3.11.2/apache-cassandra-3.11.2-bin.tar.gz : extract apache-cassandra-3.11.2/bin/sstableupgrade
2018-07-19 14:58:26 [main] INFO  c.g.n.e.c.p.CassandraStarterTests - Extract /root/.embedded-cassandra/cassandra/3.11.2/apache-cassandra-3.11.2-bin.tar.gz : extract apache-cassandra-3.11.2/bin/sstableupgrade.bat
2018-07-19 14:58:26 [main] INFO  c.g.n.e.c.p.CassandraStarterTests - Extract /root/.embedded-cassandra/cassandra/3.11.2/apache-cassandra-3.11.2-bin.tar.gz : extract apache-cassandra-3.11.2/bin/sstableutil
2018-07-19 14:58:26 [main] INFO  c.g.n.e.c.p.CassandraStarterTests - Extract /root/.embedded-cassandra/cassandra/3.11.2/apache-cassandra-3.11.2-bin.tar.gz : extract apache-cassandra-3.11.2/bin/sstableutil.bat
2018-07-19 14:58:26 [main] INFO  c.g.n.e.c.p.CassandraStarterTests - Extract /root/.embedded-cassandra/cassandra/3.11.2/apache-cassandra-3.11.2-bin.tar.gz : extract apache-cassandra-3.11.2/bin/sstableverify
2018-07-19 14:58:26 [main] INFO  c.g.n.e.c.p.CassandraStarterTests - Extract /root/.embedded-cassandra/cassandra/3.11.2/apache-cassandra-3.11.2-bin.tar.gz : extract apache-cassandra-3.11.2/bin/sstableverify.bat
2018-07-19 14:58:26 [main] INFO  c.g.n.e.c.p.CassandraStarterTests - Extract /root/.embedded-cassandra/cassandra/3.11.2/apache-cassandra-3.11.2-bin.tar.gz : extract apache-cassandra-3.11.2/bin/stop-server
2018-07-19 14:58:26 [main] INFO  c.g.n.e.c.p.CassandraStarterTests - Extract /root/.embedded-cassandra/cassandra/3.11.2/apache-cassandra-3.11.2-bin.tar.gz : extract apache-cassandra-3.11.2/bin/stop-server.bat
2018-07-19 14:58:26 [main] INFO  c.g.n.e.c.p.CassandraStarterTests - Extract /root/.embedded-cassandra/cassandra/3.11.2/apache-cassandra-3.11.2-bin.tar.gz : extract apache-cassandra-3.11.2/bin/stop-server.ps1
2018-07-19 14:58:26 [main] INFO  c.g.n.e.c.p.CassandraStarterTests - Extract /root/.embedded-cassandra/cassandra/3.11.2/apache-cassandra-3.11.2-bin.tar.gz : finished
2018-07-19 14:58:26 [main] INFO  c.g.n.e.c.process.CassandraProcess - Starting Cassandra Process using command [/tmp/temp--b4f07332-eb78-4eba-b53d-3641b3d0cd12/apache-cassandra-3.11.2/bin/cassandra, -f, -Dcassandra.jmx.local.port=35483]
2018-07-19 14:58:26 [Thread-16] INFO  c.g.n.e.c.p.CassandraStarterTests - [P:898] Running Cassandra as root user or group is not recommended - please start Cassandra using a different system user.
2018-07-19 14:58:26 [Thread-16] INFO  c.g.n.e.c.p.CassandraStarterTests - [P:898] If you really want to force running Cassandra as root, use -R command line option.
2018-07-19 14:58:26 [main] INFO  c.g.n.e.c.process.CassandraProcess - Cassandra process '898' has been stopped.
]]></system-out>
    <rerunError message="Could not start a process &apos;1519&apos;.&#10;Failure:&lt;EOF&gt;&#10;Output:&#10;--- START --- &#10;[P:1519] Running Cassandra as root user or group is not recommended - please start Cassandra using a different system user.&#10;[P:1519] If you really want to force running Cassandra as root, use -R command line option.&#10;&#10;--- END --- " type="java.io.IOException"><![CDATA[java.io.IOException: 
Could not start a process '1519'.
Failure:<EOF>
Output:
--- START --- 
[P:1519] Running Cassandra as root user or group is not recommended - please start Cassandra using a different system user.
[P:1519] If you really want to force running Cassandra as root, use -R command line option.

--- END --- 
	at com.github.nosan.embedded.cassandra.process.CassandraProcess.onAfterProcessStart(CassandraProcess.java:114)
	at de.flapdoodle.embed.process.runtime.AbstractProcess.<init>(AbstractProcess.java:116)
	at com.github.nosan.embedded.cassandra.process.CassandraProcess.<init>(CassandraProcess.java:67)
	at com.github.nosan.embedded.cassandra.process.CassandraExecutable.start(CassandraExecutable.java:49)
	at com.github.nosan.embedded.cassandra.process.CassandraExecutable.start(CassandraExecutable.java:37)
	at de.flapdoodle.embed.process.runtime.Executable.start(Executable.java:108)
	at com.github.nosan.embedded.cassandra.process.CassandraStarterTests.start(CassandraStarterTests.java:64)
	at com.github.nosan.embedded.cassandra.process.CassandraStarterTests.shouldStartCassandraUsingRpcTransport(CassandraStarterTests.java:123)
	at sun.reflect.NativeMethodAccessorImpl.invoke0(Native Method)
	at sun.reflect.NativeMethodAccessorImpl.invoke(NativeMethodAccessorImpl.java:62)
	at sun.reflect.DelegatingMethodAccessorImpl.invoke(DelegatingMethodAccessorImpl.java:43)
	at java.lang.reflect.Method.invoke(Method.java:498)
	at org.junit.runners.model.FrameworkMethod$1.runReflectiveCall(FrameworkMethod.java:50)
	at org.junit.internal.runners.model.ReflectiveCallable.run(ReflectiveCallable.java:12)
	at org.junit.runners.model.FrameworkMethod.invokeExplosively(FrameworkMethod.java:47)
	at org.junit.internal.runners.statements.InvokeMethod.evaluate(InvokeMethod.java:17)
	at org.junit.rules.ExpectedException$ExpectedExceptionStatement.evaluate(ExpectedException.java:239)
	at org.junit.rules.RunRules.evaluate(RunRules.java:20)
	at org.junit.runners.ParentRunner.runLeaf(ParentRunner.java:325)
	at org.junit.runners.BlockJUnit4ClassRunner.runChild(BlockJUnit4ClassRunner.java:78)
	at org.junit.runners.BlockJUnit4ClassRunner.runChild(BlockJUnit4ClassRunner.java:57)
	at org.junit.runners.ParentRunner$3.run(ParentRunner.java:290)
	at org.junit.runners.ParentRunner$1.schedule(ParentRunner.java:71)
	at org.junit.runners.ParentRunner.runChildren(ParentRunner.java:288)
	at org.junit.runners.ParentRunner.access$000(ParentRunner.java:58)
	at org.junit.runners.ParentRunner$2.evaluate(ParentRunner.java:268)
	at org.junit.runners.ParentRunner.run(ParentRunner.java:363)
	at org.apache.maven.surefire.junit4.JUnit4Provider.executeFailedMethod(JUnit4Provider.java:379)
	at org.apache.maven.surefire.junit4.JUnit4Provider.executeWithRerun(JUnit4Provider.java:290)
	at org.apache.maven.surefire.junit4.JUnit4Provider.executeTestSet(JUnit4Provider.java:236)
	at org.apache.maven.surefire.junit4.JUnit4Provider.invoke(JUnit4Provider.java:159)
	at org.apache.maven.surefire.booter.ForkedBooter.invokeProviderInSameClassLoader(ForkedBooter.java:386)
	at org.apache.maven.surefire.booter.ForkedBooter.runSuitesInProcess(ForkedBooter.java:323)
	at org.apache.maven.surefire.booter.ForkedBooter.main(ForkedBooter.java:143)
]]>
      <system-out><![CDATA[2018-07-19 14:59:00 [main] INFO  c.g.n.e.c.p.CassandraStarterTests - Extract /root/.embedded-cassandra/cassandra/3.11.2/apache-cassandra-3.11.2-bin.tar.gz : starting...
2018-07-19 14:59:00 [main] INFO  c.g.n.e.c.p.CassandraStarterTests - Extract /root/.embedded-cassandra/cassandra/3.11.2/apache-cassandra-3.11.2-bin.tar.gz : extract apache-cassandra-3.11.2/conf/cassandra-env.ps1
2018-07-19 14:59:00 [main] INFO  c.g.n.e.c.p.CassandraStarterTests - Extract /root/.embedded-cassandra/cassandra/3.11.2/apache-cassandra-3.11.2-bin.tar.gz : extract apache-cassandra-3.11.2/conf/cassandra-env.sh
2018-07-19 14:59:00 [main] INFO  c.g.n.e.c.p.CassandraStarterTests - Extract /root/.embedded-cassandra/cassandra/3.11.2/apache-cassandra-3.11.2-bin.tar.gz : extract apache-cassandra-3.11.2/conf/cassandra-jaas.config
2018-07-19 14:59:00 [main] INFO  c.g.n.e.c.p.CassandraStarterTests - Extract /root/.embedded-cassandra/cassandra/3.11.2/apache-cassandra-3.11.2-bin.tar.gz : extract apache-cassandra-3.11.2/conf/cassandra-rackdc.properties
2018-07-19 14:59:00 [main] INFO  c.g.n.e.c.p.CassandraStarterTests - Extract /root/.embedded-cassandra/cassandra/3.11.2/apache-cassandra-3.11.2-bin.tar.gz : extract apache-cassandra-3.11.2/conf/cassandra-topology.properties
2018-07-19 14:59:00 [main] INFO  c.g.n.e.c.p.CassandraStarterTests - Extract /root/.embedded-cassandra/cassandra/3.11.2/apache-cassandra-3.11.2-bin.tar.gz : extract apache-cassandra-3.11.2/conf/cassandra.yaml
2018-07-19 14:59:00 [main] INFO  c.g.n.e.c.p.CassandraStarterTests - Extract /root/.embedded-cassandra/cassandra/3.11.2/apache-cassandra-3.11.2-bin.tar.gz : extract apache-cassandra-3.11.2/conf/commitlog_archiving.properties
2018-07-19 14:59:00 [main] INFO  c.g.n.e.c.p.CassandraStarterTests - Extract /root/.embedded-cassandra/cassandra/3.11.2/apache-cassandra-3.11.2-bin.tar.gz : extract apache-cassandra-3.11.2/conf/cqlshrc.sample
2018-07-19 14:59:00 [main] INFO  c.g.n.e.c.p.CassandraStarterTests - Extract /root/.embedded-cassandra/cassandra/3.11.2/apache-cassandra-3.11.2-bin.tar.gz : extract apache-cassandra-3.11.2/conf/hotspot_compiler
2018-07-19 14:59:00 [main] INFO  c.g.n.e.c.p.CassandraStarterTests - Extract /root/.embedded-cassandra/cassandra/3.11.2/apache-cassandra-3.11.2-bin.tar.gz : extract apache-cassandra-3.11.2/conf/jvm.options
2018-07-19 14:59:00 [main] INFO  c.g.n.e.c.p.CassandraStarterTests - Extract /root/.embedded-cassandra/cassandra/3.11.2/apache-cassandra-3.11.2-bin.tar.gz : extract apache-cassandra-3.11.2/conf/logback-tools.xml
2018-07-19 14:59:00 [main] INFO  c.g.n.e.c.p.CassandraStarterTests - Extract /root/.embedded-cassandra/cassandra/3.11.2/apache-cassandra-3.11.2-bin.tar.gz : extract apache-cassandra-3.11.2/conf/logback.xml
2018-07-19 14:59:00 [main] INFO  c.g.n.e.c.p.CassandraStarterTests - Extract /root/.embedded-cassandra/cassandra/3.11.2/apache-cassandra-3.11.2-bin.tar.gz : extract apache-cassandra-3.11.2/conf/metrics-reporter-config-sample.yaml
2018-07-19 14:59:00 [main] INFO  c.g.n.e.c.p.CassandraStarterTests - Extract /root/.embedded-cassandra/cassandra/3.11.2/apache-cassandra-3.11.2-bin.tar.gz : extract apache-cassandra-3.11.2/conf/triggers/README.txt
2018-07-19 14:59:00 [main] INFO  c.g.n.e.c.p.CassandraStarterTests - Extract /root/.embedded-cassandra/cassandra/3.11.2/apache-cassandra-3.11.2-bin.tar.gz : extract apache-cassandra-3.11.2/interface/cassandra.thrift
2018-07-19 14:59:03 [main] INFO  c.g.n.e.c.p.CassandraStarterTests - Extract /root/.embedded-cassandra/cassandra/3.11.2/apache-cassandra-3.11.2-bin.tar.gz : extract apache-cassandra-3.11.2/lib/HdrHistogram-2.1.9.jar
2018-07-19 14:59:03 [main] INFO  c.g.n.e.c.p.CassandraStarterTests - Extract /root/.embedded-cassandra/cassandra/3.11.2/apache-cassandra-3.11.2-bin.tar.gz : extract apache-cassandra-3.11.2/lib/ST4-4.0.8.jar
2018-07-19 14:59:03 [main] INFO  c.g.n.e.c.p.CassandraStarterTests - Extract /root/.embedded-cassandra/cassandra/3.11.2/apache-cassandra-3.11.2-bin.tar.gz : extract apache-cassandra-3.11.2/lib/airline-0.6.jar
2018-07-19 14:59:03 [main] INFO  c.g.n.e.c.p.CassandraStarterTests - Extract /root/.embedded-cassandra/cassandra/3.11.2/apache-cassandra-3.11.2-bin.tar.gz : extract apache-cassandra-3.11.2/lib/antlr-runtime-3.5.2.jar
2018-07-19 14:59:03 [main] INFO  c.g.n.e.c.p.CassandraStarterTests - Extract /root/.embedded-cassandra/cassandra/3.11.2/apache-cassandra-3.11.2-bin.tar.gz : extract apache-cassandra-3.11.2/lib/apache-cassandra-3.11.2.jar
2018-07-19 14:59:03 [main] INFO  c.g.n.e.c.p.CassandraStarterTests - Extract /root/.embedded-cassandra/cassandra/3.11.2/apache-cassandra-3.11.2-bin.tar.gz : extract apache-cassandra-3.11.2/lib/apache-cassandra-thrift-3.11.2.jar
2018-07-19 14:59:03 [main] INFO  c.g.n.e.c.p.CassandraStarterTests - Extract /root/.embedded-cassandra/cassandra/3.11.2/apache-cassandra-3.11.2-bin.tar.gz : extract apache-cassandra-3.11.2/lib/asm-5.0.4.jar
2018-07-19 14:59:03 [main] INFO  c.g.n.e.c.p.CassandraStarterTests - Extract /root/.embedded-cassandra/cassandra/3.11.2/apache-cassandra-3.11.2-bin.tar.gz : extract apache-cassandra-3.11.2/lib/caffeine-2.2.6.jar
2018-07-19 14:59:03 [main] INFO  c.g.n.e.c.p.CassandraStarterTests - Extract /root/.embedded-cassandra/cassandra/3.11.2/apache-cassandra-3.11.2-bin.tar.gz : extract apache-cassandra-3.11.2/lib/cassandra-driver-core-3.0.1-shaded.jar
2018-07-19 14:59:03 [main] INFO  c.g.n.e.c.p.CassandraStarterTests - Extract /root/.embedded-cassandra/cassandra/3.11.2/apache-cassandra-3.11.2-bin.tar.gz : extract apache-cassandra-3.11.2/lib/cassandra-driver-internal-only-3.10.zip
2018-07-19 14:59:03 [main] INFO  c.g.n.e.c.p.CassandraStarterTests - Extract /root/.embedded-cassandra/cassandra/3.11.2/apache-cassandra-3.11.2-bin.tar.gz : extract apache-cassandra-3.11.2/lib/cassandra-driver-internal-only-3.11.0-bb96859b.zip
2018-07-19 14:59:03 [main] INFO  c.g.n.e.c.p.CassandraStarterTests - Extract /root/.embedded-cassandra/cassandra/3.11.2/apache-cassandra-3.11.2-bin.tar.gz : extract apache-cassandra-3.11.2/lib/commons-cli-1.1.jar
2018-07-19 14:59:03 [main] INFO  c.g.n.e.c.p.CassandraStarterTests - Extract /root/.embedded-cassandra/cassandra/3.11.2/apache-cassandra-3.11.2-bin.tar.gz : extract apache-cassandra-3.11.2/lib/commons-codec-1.9.jar
2018-07-19 14:59:03 [main] INFO  c.g.n.e.c.p.CassandraStarterTests - Extract /root/.embedded-cassandra/cassandra/3.11.2/apache-cassandra-3.11.2-bin.tar.gz : extract apache-cassandra-3.11.2/lib/commons-lang3-3.1.jar
2018-07-19 14:59:03 [main] INFO  c.g.n.e.c.p.CassandraStarterTests - Extract /root/.embedded-cassandra/cassandra/3.11.2/apache-cassandra-3.11.2-bin.tar.gz : extract apache-cassandra-3.11.2/lib/commons-math3-3.2.jar
2018-07-19 14:59:03 [main] INFO  c.g.n.e.c.p.CassandraStarterTests - Extract /root/.embedded-cassandra/cassandra/3.11.2/apache-cassandra-3.11.2-bin.tar.gz : extract apache-cassandra-3.11.2/lib/compress-lzf-0.8.4.jar
2018-07-19 14:59:03 [main] INFO  c.g.n.e.c.p.CassandraStarterTests - Extract /root/.embedded-cassandra/cassandra/3.11.2/apache-cassandra-3.11.2-bin.tar.gz : extract apache-cassandra-3.11.2/lib/concurrent-trees-2.4.0.jar
2018-07-19 14:59:03 [main] INFO  c.g.n.e.c.p.CassandraStarterTests - Extract /root/.embedded-cassandra/cassandra/3.11.2/apache-cassandra-3.11.2-bin.tar.gz : extract apache-cassandra-3.11.2/lib/concurrentlinkedhashmap-lru-1.4.jar
2018-07-19 14:59:03 [main] INFO  c.g.n.e.c.p.CassandraStarterTests - Extract /root/.embedded-cassandra/cassandra/3.11.2/apache-cassandra-3.11.2-bin.tar.gz : extract apache-cassandra-3.11.2/lib/disruptor-3.0.1.jar
2018-07-19 14:59:03 [main] INFO  c.g.n.e.c.p.CassandraStarterTests - Extract /root/.embedded-cassandra/cassandra/3.11.2/apache-cassandra-3.11.2-bin.tar.gz : extract apache-cassandra-3.11.2/lib/ecj-4.4.2.jar
2018-07-19 14:59:03 [main] INFO  c.g.n.e.c.p.CassandraStarterTests - Extract /root/.embedded-cassandra/cassandra/3.11.2/apache-cassandra-3.11.2-bin.tar.gz : extract apache-cassandra-3.11.2/lib/futures-2.1.6-py2.py3-none-any.zip
2018-07-19 14:59:03 [main] INFO  c.g.n.e.c.p.CassandraStarterTests - Extract /root/.embedded-cassandra/cassandra/3.11.2/apache-cassandra-3.11.2-bin.tar.gz : extract apache-cassandra-3.11.2/lib/guava-18.0.jar
2018-07-19 14:59:03 [main] INFO  c.g.n.e.c.p.CassandraStarterTests - Extract /root/.embedded-cassandra/cassandra/3.11.2/apache-cassandra-3.11.2-bin.tar.gz : extract apache-cassandra-3.11.2/lib/high-scale-lib-1.0.6.jar
2018-07-19 14:59:03 [main] INFO  c.g.n.e.c.p.CassandraStarterTests - Extract /root/.embedded-cassandra/cassandra/3.11.2/apache-cassandra-3.11.2-bin.tar.gz : extract apache-cassandra-3.11.2/lib/hppc-0.5.4.jar
2018-07-19 14:59:03 [main] INFO  c.g.n.e.c.p.CassandraStarterTests - Extract /root/.embedded-cassandra/cassandra/3.11.2/apache-cassandra-3.11.2-bin.tar.gz : extract apache-cassandra-3.11.2/lib/jackson-core-asl-1.9.13.jar
2018-07-19 14:59:03 [main] INFO  c.g.n.e.c.p.CassandraStarterTests - Extract /root/.embedded-cassandra/cassandra/3.11.2/apache-cassandra-3.11.2-bin.tar.gz : extract apache-cassandra-3.11.2/lib/jackson-mapper-asl-1.9.13.jar
2018-07-19 14:59:03 [main] INFO  c.g.n.e.c.p.CassandraStarterTests - Extract /root/.embedded-cassandra/cassandra/3.11.2/apache-cassandra-3.11.2-bin.tar.gz : extract apache-cassandra-3.11.2/lib/jamm-0.3.0.jar
2018-07-19 14:59:03 [main] INFO  c.g.n.e.c.p.CassandraStarterTests - Extract /root/.embedded-cassandra/cassandra/3.11.2/apache-cassandra-3.11.2-bin.tar.gz : extract apache-cassandra-3.11.2/lib/javax.inject.jar
2018-07-19 14:59:03 [main] INFO  c.g.n.e.c.p.CassandraStarterTests - Extract /root/.embedded-cassandra/cassandra/3.11.2/apache-cassandra-3.11.2-bin.tar.gz : extract apache-cassandra-3.11.2/lib/jbcrypt-0.3m.jar
2018-07-19 14:59:03 [main] INFO  c.g.n.e.c.p.CassandraStarterTests - Extract /root/.embedded-cassandra/cassandra/3.11.2/apache-cassandra-3.11.2-bin.tar.gz : extract apache-cassandra-3.11.2/lib/jcl-over-slf4j-1.7.7.jar
2018-07-19 14:59:03 [main] INFO  c.g.n.e.c.p.CassandraStarterTests - Extract /root/.embedded-cassandra/cassandra/3.11.2/apache-cassandra-3.11.2-bin.tar.gz : extract apache-cassandra-3.11.2/lib/jctools-core-1.2.1.jar
2018-07-19 14:59:03 [main] INFO  c.g.n.e.c.p.CassandraStarterTests - Extract /root/.embedded-cassandra/cassandra/3.11.2/apache-cassandra-3.11.2-bin.tar.gz : extract apache-cassandra-3.11.2/lib/jflex-1.6.0.jar
2018-07-19 14:59:03 [main] INFO  c.g.n.e.c.p.CassandraStarterTests - Extract /root/.embedded-cassandra/cassandra/3.11.2/apache-cassandra-3.11.2-bin.tar.gz : extract apache-cassandra-3.11.2/lib/jna-4.2.2.jar
2018-07-19 14:59:03 [main] INFO  c.g.n.e.c.p.CassandraStarterTests - Extract /root/.embedded-cassandra/cassandra/3.11.2/apache-cassandra-3.11.2-bin.tar.gz : extract apache-cassandra-3.11.2/lib/joda-time-2.4.jar
2018-07-19 14:59:03 [main] INFO  c.g.n.e.c.p.CassandraStarterTests - Extract /root/.embedded-cassandra/cassandra/3.11.2/apache-cassandra-3.11.2-bin.tar.gz : extract apache-cassandra-3.11.2/lib/json-simple-1.1.jar
2018-07-19 14:59:03 [main] INFO  c.g.n.e.c.p.CassandraStarterTests - Extract /root/.embedded-cassandra/cassandra/3.11.2/apache-cassandra-3.11.2-bin.tar.gz : extract apache-cassandra-3.11.2/lib/jstackjunit-0.0.1.jar
2018-07-19 14:59:03 [main] INFO  c.g.n.e.c.p.CassandraStarterTests - Extract /root/.embedded-cassandra/cassandra/3.11.2/apache-cassandra-3.11.2-bin.tar.gz : extract apache-cassandra-3.11.2/lib/libthrift-0.9.2.jar
2018-07-19 14:59:03 [main] INFO  c.g.n.e.c.p.CassandraStarterTests - Extract /root/.embedded-cassandra/cassandra/3.11.2/apache-cassandra-3.11.2-bin.tar.gz : extract apache-cassandra-3.11.2/lib/log4j-over-slf4j-1.7.7.jar
2018-07-19 14:59:03 [main] INFO  c.g.n.e.c.p.CassandraStarterTests - Extract /root/.embedded-cassandra/cassandra/3.11.2/apache-cassandra-3.11.2-bin.tar.gz : extract apache-cassandra-3.11.2/lib/logback-classic-1.1.3.jar
2018-07-19 14:59:03 [main] INFO  c.g.n.e.c.p.CassandraStarterTests - Extract /root/.embedded-cassandra/cassandra/3.11.2/apache-cassandra-3.11.2-bin.tar.gz : extract apache-cassandra-3.11.2/lib/logback-core-1.1.3.jar
2018-07-19 14:59:03 [main] INFO  c.g.n.e.c.p.CassandraStarterTests - Extract /root/.embedded-cassandra/cassandra/3.11.2/apache-cassandra-3.11.2-bin.tar.gz : extract apache-cassandra-3.11.2/lib/lz4-1.3.0.jar
2018-07-19 14:59:03 [main] INFO  c.g.n.e.c.p.CassandraStarterTests - Extract /root/.embedded-cassandra/cassandra/3.11.2/apache-cassandra-3.11.2-bin.tar.gz : extract apache-cassandra-3.11.2/lib/metrics-core-3.1.0.jar
2018-07-19 14:59:03 [main] INFO  c.g.n.e.c.p.CassandraStarterTests - Extract /root/.embedded-cassandra/cassandra/3.11.2/apache-cassandra-3.11.2-bin.tar.gz : extract apache-cassandra-3.11.2/lib/metrics-jvm-3.1.0.jar
2018-07-19 14:59:03 [main] INFO  c.g.n.e.c.p.CassandraStarterTests - Extract /root/.embedded-cassandra/cassandra/3.11.2/apache-cassandra-3.11.2-bin.tar.gz : extract apache-cassandra-3.11.2/lib/metrics-logback-3.1.0.jar
2018-07-19 14:59:03 [main] INFO  c.g.n.e.c.p.CassandraStarterTests - Extract /root/.embedded-cassandra/cassandra/3.11.2/apache-cassandra-3.11.2-bin.tar.gz : extract apache-cassandra-3.11.2/lib/netty-all-4.0.44.Final.jar
2018-07-19 14:59:03 [main] INFO  c.g.n.e.c.p.CassandraStarterTests - Extract /root/.embedded-cassandra/cassandra/3.11.2/apache-cassandra-3.11.2-bin.tar.gz : extract apache-cassandra-3.11.2/lib/ohc-core-0.4.4.jar
2018-07-19 14:59:03 [main] INFO  c.g.n.e.c.p.CassandraStarterTests - Extract /root/.embedded-cassandra/cassandra/3.11.2/apache-cassandra-3.11.2-bin.tar.gz : extract apache-cassandra-3.11.2/lib/ohc-core-j8-0.4.4.jar
2018-07-19 14:59:03 [main] INFO  c.g.n.e.c.p.CassandraStarterTests - Extract /root/.embedded-cassandra/cassandra/3.11.2/apache-cassandra-3.11.2-bin.tar.gz : extract apache-cassandra-3.11.2/lib/reporter-config-base-3.0.3.jar
2018-07-19 14:59:03 [main] INFO  c.g.n.e.c.p.CassandraStarterTests - Extract /root/.embedded-cassandra/cassandra/3.11.2/apache-cassandra-3.11.2-bin.tar.gz : extract apache-cassandra-3.11.2/lib/reporter-config3-3.0.3.jar
2018-07-19 14:59:03 [main] INFO  c.g.n.e.c.p.CassandraStarterTests - Extract /root/.embedded-cassandra/cassandra/3.11.2/apache-cassandra-3.11.2-bin.tar.gz : extract apache-cassandra-3.11.2/lib/sigar-1.6.4.jar
2018-07-19 14:59:03 [main] INFO  c.g.n.e.c.p.CassandraStarterTests - Extract /root/.embedded-cassandra/cassandra/3.11.2/apache-cassandra-3.11.2-bin.tar.gz : extract apache-cassandra-3.11.2/lib/sigar-bin/libsigar-amd64-freebsd-6.so
2018-07-19 14:59:03 [main] INFO  c.g.n.e.c.p.CassandraStarterTests - Extract /root/.embedded-cassandra/cassandra/3.11.2/apache-cassandra-3.11.2-bin.tar.gz : extract apache-cassandra-3.11.2/lib/sigar-bin/libsigar-amd64-linux.so
2018-07-19 14:59:03 [main] INFO  c.g.n.e.c.p.CassandraStarterTests - Extract /root/.embedded-cassandra/cassandra/3.11.2/apache-cassandra-3.11.2-bin.tar.gz : extract apache-cassandra-3.11.2/lib/sigar-bin/libsigar-amd64-solaris.so
2018-07-19 14:59:03 [main] INFO  c.g.n.e.c.p.CassandraStarterTests - Extract /root/.embedded-cassandra/cassandra/3.11.2/apache-cassandra-3.11.2-bin.tar.gz : extract apache-cassandra-3.11.2/lib/sigar-bin/libsigar-ia64-hpux-11.sl
2018-07-19 14:59:03 [main] INFO  c.g.n.e.c.p.CassandraStarterTests - Extract /root/.embedded-cassandra/cassandra/3.11.2/apache-cassandra-3.11.2-bin.tar.gz : extract apache-cassandra-3.11.2/lib/sigar-bin/libsigar-ia64-linux.so
2018-07-19 14:59:03 [main] INFO  c.g.n.e.c.p.CassandraStarterTests - Extract /root/.embedded-cassandra/cassandra/3.11.2/apache-cassandra-3.11.2-bin.tar.gz : extract apache-cassandra-3.11.2/lib/sigar-bin/libsigar-pa-hpux-11.sl
2018-07-19 14:59:03 [main] INFO  c.g.n.e.c.p.CassandraStarterTests - Extract /root/.embedded-cassandra/cassandra/3.11.2/apache-cassandra-3.11.2-bin.tar.gz : extract apache-cassandra-3.11.2/lib/sigar-bin/libsigar-ppc-aix-5.so
2018-07-19 14:59:03 [main] INFO  c.g.n.e.c.p.CassandraStarterTests - Extract /root/.embedded-cassandra/cassandra/3.11.2/apache-cassandra-3.11.2-bin.tar.gz : extract apache-cassandra-3.11.2/lib/sigar-bin/libsigar-ppc-linux.so
2018-07-19 14:59:03 [main] INFO  c.g.n.e.c.p.CassandraStarterTests - Extract /root/.embedded-cassandra/cassandra/3.11.2/apache-cassandra-3.11.2-bin.tar.gz : extract apache-cassandra-3.11.2/lib/sigar-bin/libsigar-ppc64-aix-5.so
2018-07-19 14:59:03 [main] INFO  c.g.n.e.c.p.CassandraStarterTests - Extract /root/.embedded-cassandra/cassandra/3.11.2/apache-cassandra-3.11.2-bin.tar.gz : extract apache-cassandra-3.11.2/lib/sigar-bin/libsigar-ppc64-linux.so
2018-07-19 14:59:03 [main] INFO  c.g.n.e.c.p.CassandraStarterTests - Extract /root/.embedded-cassandra/cassandra/3.11.2/apache-cassandra-3.11.2-bin.tar.gz : extract apache-cassandra-3.11.2/lib/sigar-bin/libsigar-s390x-linux.so
2018-07-19 14:59:03 [main] INFO  c.g.n.e.c.p.CassandraStarterTests - Extract /root/.embedded-cassandra/cassandra/3.11.2/apache-cassandra-3.11.2-bin.tar.gz : extract apache-cassandra-3.11.2/lib/sigar-bin/libsigar-sparc-solaris.so
2018-07-19 14:59:03 [main] INFO  c.g.n.e.c.p.CassandraStarterTests - Extract /root/.embedded-cassandra/cassandra/3.11.2/apache-cassandra-3.11.2-bin.tar.gz : extract apache-cassandra-3.11.2/lib/sigar-bin/libsigar-sparc64-solaris.so
2018-07-19 14:59:03 [main] INFO  c.g.n.e.c.p.CassandraStarterTests - Extract /root/.embedded-cassandra/cassandra/3.11.2/apache-cassandra-3.11.2-bin.tar.gz : extract apache-cassandra-3.11.2/lib/sigar-bin/libsigar-universal-macosx.dylib
2018-07-19 14:59:03 [main] INFO  c.g.n.e.c.p.CassandraStarterTests - Extract /root/.embedded-cassandra/cassandra/3.11.2/apache-cassandra-3.11.2-bin.tar.gz : extract apache-cassandra-3.11.2/lib/sigar-bin/libsigar-universal64-macosx.dylib
2018-07-19 14:59:03 [main] INFO  c.g.n.e.c.p.CassandraStarterTests - Extract /root/.embedded-cassandra/cassandra/3.11.2/apache-cassandra-3.11.2-bin.tar.gz : extract apache-cassandra-3.11.2/lib/sigar-bin/libsigar-x86-freebsd-5.so
2018-07-19 14:59:03 [main] INFO  c.g.n.e.c.p.CassandraStarterTests - Extract /root/.embedded-cassandra/cassandra/3.11.2/apache-cassandra-3.11.2-bin.tar.gz : extract apache-cassandra-3.11.2/lib/sigar-bin/libsigar-x86-freebsd-6.so
2018-07-19 14:59:03 [main] INFO  c.g.n.e.c.p.CassandraStarterTests - Extract /root/.embedded-cassandra/cassandra/3.11.2/apache-cassandra-3.11.2-bin.tar.gz : extract apache-cassandra-3.11.2/lib/sigar-bin/libsigar-x86-linux.so
2018-07-19 14:59:03 [main] INFO  c.g.n.e.c.p.CassandraStarterTests - Extract /root/.embedded-cassandra/cassandra/3.11.2/apache-cassandra-3.11.2-bin.tar.gz : extract apache-cassandra-3.11.2/lib/sigar-bin/libsigar-x86-solaris.so
2018-07-19 14:59:03 [main] INFO  c.g.n.e.c.p.CassandraStarterTests - Extract /root/.embedded-cassandra/cassandra/3.11.2/apache-cassandra-3.11.2-bin.tar.gz : extract apache-cassandra-3.11.2/lib/sigar-bin/sigar-amd64-winnt.dll
2018-07-19 14:59:03 [main] INFO  c.g.n.e.c.p.CassandraStarterTests - Extract /root/.embedded-cassandra/cassandra/3.11.2/apache-cassandra-3.11.2-bin.tar.gz : extract apache-cassandra-3.11.2/lib/sigar-bin/sigar-x86-winnt.dll
2018-07-19 14:59:03 [main] INFO  c.g.n.e.c.p.CassandraStarterTests - Extract /root/.embedded-cassandra/cassandra/3.11.2/apache-cassandra-3.11.2-bin.tar.gz : extract apache-cassandra-3.11.2/lib/sigar-bin/sigar-x86-winnt.lib
2018-07-19 14:59:03 [main] INFO  c.g.n.e.c.p.CassandraStarterTests - Extract /root/.embedded-cassandra/cassandra/3.11.2/apache-cassandra-3.11.2-bin.tar.gz : extract apache-cassandra-3.11.2/lib/six-1.7.3-py2.py3-none-any.zip
2018-07-19 14:59:03 [main] INFO  c.g.n.e.c.p.CassandraStarterTests - Extract /root/.embedded-cassandra/cassandra/3.11.2/apache-cassandra-3.11.2-bin.tar.gz : extract apache-cassandra-3.11.2/lib/slf4j-api-1.7.7.jar
2018-07-19 14:59:03 [main] INFO  c.g.n.e.c.p.CassandraStarterTests - Extract /root/.embedded-cassandra/cassandra/3.11.2/apache-cassandra-3.11.2-bin.tar.gz : extract apache-cassandra-3.11.2/lib/snakeyaml-1.11.jar
2018-07-19 14:59:03 [main] INFO  c.g.n.e.c.p.CassandraStarterTests - Extract /root/.embedded-cassandra/cassandra/3.11.2/apache-cassandra-3.11.2-bin.tar.gz : extract apache-cassandra-3.11.2/lib/snappy-java-1.1.1.7.jar
2018-07-19 14:59:03 [main] INFO  c.g.n.e.c.p.CassandraStarterTests - Extract /root/.embedded-cassandra/cassandra/3.11.2/apache-cassandra-3.11.2-bin.tar.gz : extract apache-cassandra-3.11.2/lib/snowball-stemmer-1.3.0.581.1.jar
2018-07-19 14:59:03 [main] INFO  c.g.n.e.c.p.CassandraStarterTests - Extract /root/.embedded-cassandra/cassandra/3.11.2/apache-cassandra-3.11.2-bin.tar.gz : extract apache-cassandra-3.11.2/lib/stream-2.5.2.jar
2018-07-19 14:59:03 [main] INFO  c.g.n.e.c.p.CassandraStarterTests - Extract /root/.embedded-cassandra/cassandra/3.11.2/apache-cassandra-3.11.2-bin.tar.gz : extract apache-cassandra-3.11.2/lib/thrift-server-0.3.7.jar
2018-07-19 14:59:03 [main] INFO  c.g.n.e.c.p.CassandraStarterTests - Extract /root/.embedded-cassandra/cassandra/3.11.2/apache-cassandra-3.11.2-bin.tar.gz : extract apache-cassandra-3.11.2/pylib/cqlshlib/__init__.py
2018-07-19 14:59:03 [main] INFO  c.g.n.e.c.p.CassandraStarterTests - Extract /root/.embedded-cassandra/cassandra/3.11.2/apache-cassandra-3.11.2-bin.tar.gz : extract apache-cassandra-3.11.2/pylib/cqlshlib/copyutil.py
2018-07-19 14:59:03 [main] INFO  c.g.n.e.c.p.CassandraStarterTests - Extract /root/.embedded-cassandra/cassandra/3.11.2/apache-cassandra-3.11.2-bin.tar.gz : extract apache-cassandra-3.11.2/pylib/cqlshlib/cql3handling.py
2018-07-19 14:59:03 [main] INFO  c.g.n.e.c.p.CassandraStarterTests - Extract /root/.embedded-cassandra/cassandra/3.11.2/apache-cassandra-3.11.2-bin.tar.gz : extract apache-cassandra-3.11.2/pylib/cqlshlib/cqlhandling.py
2018-07-19 14:59:03 [main] INFO  c.g.n.e.c.p.CassandraStarterTests - Extract /root/.embedded-cassandra/cassandra/3.11.2/apache-cassandra-3.11.2-bin.tar.gz : extract apache-cassandra-3.11.2/pylib/cqlshlib/cqlshhandling.py
2018-07-19 14:59:03 [main] INFO  c.g.n.e.c.p.CassandraStarterTests - Extract /root/.embedded-cassandra/cassandra/3.11.2/apache-cassandra-3.11.2-bin.tar.gz : extract apache-cassandra-3.11.2/pylib/cqlshlib/displaying.py
2018-07-19 14:59:03 [main] INFO  c.g.n.e.c.p.CassandraStarterTests - Extract /root/.embedded-cassandra/cassandra/3.11.2/apache-cassandra-3.11.2-bin.tar.gz : extract apache-cassandra-3.11.2/pylib/cqlshlib/formatting.py
2018-07-19 14:59:03 [main] INFO  c.g.n.e.c.p.CassandraStarterTests - Extract /root/.embedded-cassandra/cassandra/3.11.2/apache-cassandra-3.11.2-bin.tar.gz : extract apache-cassandra-3.11.2/pylib/cqlshlib/helptopics.py
2018-07-19 14:59:03 [main] INFO  c.g.n.e.c.p.CassandraStarterTests - Extract /root/.embedded-cassandra/cassandra/3.11.2/apache-cassandra-3.11.2-bin.tar.gz : extract apache-cassandra-3.11.2/pylib/cqlshlib/pylexotron.py
2018-07-19 14:59:03 [main] INFO  c.g.n.e.c.p.CassandraStarterTests - Extract /root/.embedded-cassandra/cassandra/3.11.2/apache-cassandra-3.11.2-bin.tar.gz : extract apache-cassandra-3.11.2/pylib/cqlshlib/saferscanner.py
2018-07-19 14:59:03 [main] INFO  c.g.n.e.c.p.CassandraStarterTests - Extract /root/.embedded-cassandra/cassandra/3.11.2/apache-cassandra-3.11.2-bin.tar.gz : extract apache-cassandra-3.11.2/pylib/cqlshlib/sslhandling.py
2018-07-19 14:59:03 [main] INFO  c.g.n.e.c.p.CassandraStarterTests - Extract /root/.embedded-cassandra/cassandra/3.11.2/apache-cassandra-3.11.2-bin.tar.gz : extract apache-cassandra-3.11.2/pylib/cqlshlib/test/__init__.py
2018-07-19 14:59:03 [main] INFO  c.g.n.e.c.p.CassandraStarterTests - Extract /root/.embedded-cassandra/cassandra/3.11.2/apache-cassandra-3.11.2-bin.tar.gz : extract apache-cassandra-3.11.2/pylib/cqlshlib/test/ansi_colors.py
2018-07-19 14:59:03 [main] INFO  c.g.n.e.c.p.CassandraStarterTests - Extract /root/.embedded-cassandra/cassandra/3.11.2/apache-cassandra-3.11.2-bin.tar.gz : extract apache-cassandra-3.11.2/pylib/cqlshlib/test/basecase.py
2018-07-19 14:59:03 [main] INFO  c.g.n.e.c.p.CassandraStarterTests - Extract /root/.embedded-cassandra/cassandra/3.11.2/apache-cassandra-3.11.2-bin.tar.gz : extract apache-cassandra-3.11.2/pylib/cqlshlib/test/cassconnect.py
2018-07-19 14:59:03 [main] INFO  c.g.n.e.c.p.CassandraStarterTests - Extract /root/.embedded-cassandra/cassandra/3.11.2/apache-cassandra-3.11.2-bin.tar.gz : extract apache-cassandra-3.11.2/pylib/cqlshlib/test/run_cqlsh.py
2018-07-19 14:59:03 [main] INFO  c.g.n.e.c.p.CassandraStarterTests - Extract /root/.embedded-cassandra/cassandra/3.11.2/apache-cassandra-3.11.2-bin.tar.gz : extract apache-cassandra-3.11.2/pylib/cqlshlib/test/test_cql_parsing.py
2018-07-19 14:59:03 [main] INFO  c.g.n.e.c.p.CassandraStarterTests - Extract /root/.embedded-cassandra/cassandra/3.11.2/apache-cassandra-3.11.2-bin.tar.gz : extract apache-cassandra-3.11.2/pylib/cqlshlib/test/test_cqlsh_commands.py
2018-07-19 14:59:03 [main] INFO  c.g.n.e.c.p.CassandraStarterTests - Extract /root/.embedded-cassandra/cassandra/3.11.2/apache-cassandra-3.11.2-bin.tar.gz : extract apache-cassandra-3.11.2/pylib/cqlshlib/test/test_cqlsh_completion.py
2018-07-19 14:59:03 [main] INFO  c.g.n.e.c.p.CassandraStarterTests - Extract /root/.embedded-cassandra/cassandra/3.11.2/apache-cassandra-3.11.2-bin.tar.gz : extract apache-cassandra-3.11.2/pylib/cqlshlib/test/test_cqlsh_invocation.py
2018-07-19 14:59:03 [main] INFO  c.g.n.e.c.p.CassandraStarterTests - Extract /root/.embedded-cassandra/cassandra/3.11.2/apache-cassandra-3.11.2-bin.tar.gz : extract apache-cassandra-3.11.2/pylib/cqlshlib/test/test_cqlsh_output.py
2018-07-19 14:59:03 [main] INFO  c.g.n.e.c.p.CassandraStarterTests - Extract /root/.embedded-cassandra/cassandra/3.11.2/apache-cassandra-3.11.2-bin.tar.gz : extract apache-cassandra-3.11.2/pylib/cqlshlib/test/test_cqlsh_parsing.py
2018-07-19 14:59:03 [main] INFO  c.g.n.e.c.p.CassandraStarterTests - Extract /root/.embedded-cassandra/cassandra/3.11.2/apache-cassandra-3.11.2-bin.tar.gz : extract apache-cassandra-3.11.2/pylib/cqlshlib/test/test_keyspace_init.cql
2018-07-19 14:59:03 [main] INFO  c.g.n.e.c.p.CassandraStarterTests - Extract /root/.embedded-cassandra/cassandra/3.11.2/apache-cassandra-3.11.2-bin.tar.gz : extract apache-cassandra-3.11.2/pylib/cqlshlib/test/winpty.py
2018-07-19 14:59:03 [main] INFO  c.g.n.e.c.p.CassandraStarterTests - Extract /root/.embedded-cassandra/cassandra/3.11.2/apache-cassandra-3.11.2-bin.tar.gz : extract apache-cassandra-3.11.2/pylib/cqlshlib/tracing.py
2018-07-19 14:59:03 [main] INFO  c.g.n.e.c.p.CassandraStarterTests - Extract /root/.embedded-cassandra/cassandra/3.11.2/apache-cassandra-3.11.2-bin.tar.gz : extract apache-cassandra-3.11.2/pylib/cqlshlib/util.py
2018-07-19 14:59:03 [main] INFO  c.g.n.e.c.p.CassandraStarterTests - Extract /root/.embedded-cassandra/cassandra/3.11.2/apache-cassandra-3.11.2-bin.tar.gz : extract apache-cassandra-3.11.2/pylib/cqlshlib/wcwidth.py
2018-07-19 14:59:03 [main] INFO  c.g.n.e.c.p.CassandraStarterTests - Extract /root/.embedded-cassandra/cassandra/3.11.2/apache-cassandra-3.11.2-bin.tar.gz : extract apache-cassandra-3.11.2/pylib/setup.py
2018-07-19 14:59:03 [main] INFO  c.g.n.e.c.p.CassandraStarterTests - Extract /root/.embedded-cassandra/cassandra/3.11.2/apache-cassandra-3.11.2-bin.tar.gz : extract apache-cassandra-3.11.2/tools/bin/cassandra-stress
2018-07-19 14:59:03 [main] INFO  c.g.n.e.c.p.CassandraStarterTests - Extract /root/.embedded-cassandra/cassandra/3.11.2/apache-cassandra-3.11.2-bin.tar.gz : extract apache-cassandra-3.11.2/tools/bin/cassandra-stress.bat
2018-07-19 14:59:03 [main] INFO  c.g.n.e.c.p.CassandraStarterTests - Extract /root/.embedded-cassandra/cassandra/3.11.2/apache-cassandra-3.11.2-bin.tar.gz : extract apache-cassandra-3.11.2/tools/bin/cassandra-stressd
2018-07-19 14:59:03 [main] INFO  c.g.n.e.c.p.CassandraStarterTests - Extract /root/.embedded-cassandra/cassandra/3.11.2/apache-cassandra-3.11.2-bin.tar.gz : extract apache-cassandra-3.11.2/tools/bin/cassandra.in.bat
2018-07-19 14:59:03 [main] INFO  c.g.n.e.c.p.CassandraStarterTests - Extract /root/.embedded-cassandra/cassandra/3.11.2/apache-cassandra-3.11.2-bin.tar.gz : extract apache-cassandra-3.11.2/tools/bin/cassandra.in.sh
2018-07-19 14:59:03 [main] INFO  c.g.n.e.c.p.CassandraStarterTests - Extract /root/.embedded-cassandra/cassandra/3.11.2/apache-cassandra-3.11.2-bin.tar.gz : extract apache-cassandra-3.11.2/tools/bin/compaction-stress
2018-07-19 14:59:03 [main] INFO  c.g.n.e.c.p.CassandraStarterTests - Extract /root/.embedded-cassandra/cassandra/3.11.2/apache-cassandra-3.11.2-bin.tar.gz : extract apache-cassandra-3.11.2/tools/bin/sstabledump
2018-07-19 14:59:03 [main] INFO  c.g.n.e.c.p.CassandraStarterTests - Extract /root/.embedded-cassandra/cassandra/3.11.2/apache-cassandra-3.11.2-bin.tar.gz : extract apache-cassandra-3.11.2/tools/bin/sstabledump.bat
2018-07-19 14:59:03 [main] INFO  c.g.n.e.c.p.CassandraStarterTests - Extract /root/.embedded-cassandra/cassandra/3.11.2/apache-cassandra-3.11.2-bin.tar.gz : extract apache-cassandra-3.11.2/tools/bin/sstableexpiredblockers
2018-07-19 14:59:03 [main] INFO  c.g.n.e.c.p.CassandraStarterTests - Extract /root/.embedded-cassandra/cassandra/3.11.2/apache-cassandra-3.11.2-bin.tar.gz : extract apache-cassandra-3.11.2/tools/bin/sstableexpiredblockers.bat
2018-07-19 14:59:03 [main] INFO  c.g.n.e.c.p.CassandraStarterTests - Extract /root/.embedded-cassandra/cassandra/3.11.2/apache-cassandra-3.11.2-bin.tar.gz : extract apache-cassandra-3.11.2/tools/bin/sstablelevelreset
2018-07-19 14:59:03 [main] INFO  c.g.n.e.c.p.CassandraStarterTests - Extract /root/.embedded-cassandra/cassandra/3.11.2/apache-cassandra-3.11.2-bin.tar.gz : extract apache-cassandra-3.11.2/tools/bin/sstablelevelreset.bat
2018-07-19 14:59:03 [main] INFO  c.g.n.e.c.p.CassandraStarterTests - Extract /root/.embedded-cassandra/cassandra/3.11.2/apache-cassandra-3.11.2-bin.tar.gz : extract apache-cassandra-3.11.2/tools/bin/sstablemetadata
2018-07-19 14:59:03 [main] INFO  c.g.n.e.c.p.CassandraStarterTests - Extract /root/.embedded-cassandra/cassandra/3.11.2/apache-cassandra-3.11.2-bin.tar.gz : extract apache-cassandra-3.11.2/tools/bin/sstablemetadata.bat
2018-07-19 14:59:03 [main] INFO  c.g.n.e.c.p.CassandraStarterTests - Extract /root/.embedded-cassandra/cassandra/3.11.2/apache-cassandra-3.11.2-bin.tar.gz : extract apache-cassandra-3.11.2/tools/bin/sstableofflinerelevel
2018-07-19 14:59:03 [main] INFO  c.g.n.e.c.p.CassandraStarterTests - Extract /root/.embedded-cassandra/cassandra/3.11.2/apache-cassandra-3.11.2-bin.tar.gz : extract apache-cassandra-3.11.2/tools/bin/sstableofflinerelevel.bat
2018-07-19 14:59:03 [main] INFO  c.g.n.e.c.p.CassandraStarterTests - Extract /root/.embedded-cassandra/cassandra/3.11.2/apache-cassandra-3.11.2-bin.tar.gz : extract apache-cassandra-3.11.2/tools/bin/sstablerepairedset
2018-07-19 14:59:03 [main] INFO  c.g.n.e.c.p.CassandraStarterTests - Extract /root/.embedded-cassandra/cassandra/3.11.2/apache-cassandra-3.11.2-bin.tar.gz : extract apache-cassandra-3.11.2/tools/bin/sstablerepairedset.bat
2018-07-19 14:59:03 [main] INFO  c.g.n.e.c.p.CassandraStarterTests - Extract /root/.embedded-cassandra/cassandra/3.11.2/apache-cassandra-3.11.2-bin.tar.gz : extract apache-cassandra-3.11.2/tools/bin/sstablesplit
2018-07-19 14:59:03 [main] INFO  c.g.n.e.c.p.CassandraStarterTests - Extract /root/.embedded-cassandra/cassandra/3.11.2/apache-cassandra-3.11.2-bin.tar.gz : extract apache-cassandra-3.11.2/tools/bin/sstablesplit.bat
2018-07-19 14:59:03 [main] INFO  c.g.n.e.c.p.CassandraStarterTests - Extract /root/.embedded-cassandra/cassandra/3.11.2/apache-cassandra-3.11.2-bin.tar.gz : extract apache-cassandra-3.11.2/tools/cqlstress-counter-example.yaml
2018-07-19 14:59:03 [main] INFO  c.g.n.e.c.p.CassandraStarterTests - Extract /root/.embedded-cassandra/cassandra/3.11.2/apache-cassandra-3.11.2-bin.tar.gz : extract apache-cassandra-3.11.2/tools/cqlstress-example.yaml
2018-07-19 14:59:03 [main] INFO  c.g.n.e.c.p.CassandraStarterTests - Extract /root/.embedded-cassandra/cassandra/3.11.2/apache-cassandra-3.11.2-bin.tar.gz : extract apache-cassandra-3.11.2/tools/cqlstress-insanity-example.yaml
2018-07-19 14:59:03 [main] INFO  c.g.n.e.c.p.CassandraStarterTests - Extract /root/.embedded-cassandra/cassandra/3.11.2/apache-cassandra-3.11.2-bin.tar.gz : extract apache-cassandra-3.11.2/tools/lib/stress.jar
2018-07-19 14:59:03 [main] INFO  c.g.n.e.c.p.CassandraStarterTests - Extract /root/.embedded-cassandra/cassandra/3.11.2/apache-cassandra-3.11.2-bin.tar.gz : extract apache-cassandra-3.11.2/bin/cassandra.in.sh
2018-07-19 14:59:03 [main] INFO  c.g.n.e.c.p.CassandraStarterTests - Extract /root/.embedded-cassandra/cassandra/3.11.2/apache-cassandra-3.11.2-bin.tar.gz : extract apache-cassandra-3.11.2/bin/cassandra
2018-07-19 14:59:03 [main] INFO  c.g.n.e.c.p.CassandraStarterTests - Extract /root/.embedded-cassandra/cassandra/3.11.2/apache-cassandra-3.11.2-bin.tar.gz : extract apache-cassandra-3.11.2/bin/cassandra.bat
2018-07-19 14:59:03 [main] INFO  c.g.n.e.c.p.CassandraStarterTests - Extract /root/.embedded-cassandra/cassandra/3.11.2/apache-cassandra-3.11.2-bin.tar.gz : extract apache-cassandra-3.11.2/bin/cassandra.in.bat
2018-07-19 14:59:03 [main] INFO  c.g.n.e.c.p.CassandraStarterTests - Extract /root/.embedded-cassandra/cassandra/3.11.2/apache-cassandra-3.11.2-bin.tar.gz : extract apache-cassandra-3.11.2/bin/cqlsh
2018-07-19 14:59:03 [main] INFO  c.g.n.e.c.p.CassandraStarterTests - Extract /root/.embedded-cassandra/cassandra/3.11.2/apache-cassandra-3.11.2-bin.tar.gz : extract apache-cassandra-3.11.2/bin/cqlsh.bat
2018-07-19 14:59:03 [main] INFO  c.g.n.e.c.p.CassandraStarterTests - Extract /root/.embedded-cassandra/cassandra/3.11.2/apache-cassandra-3.11.2-bin.tar.gz : extract apache-cassandra-3.11.2/bin/cqlsh.py
2018-07-19 14:59:03 [main] INFO  c.g.n.e.c.p.CassandraStarterTests - Extract /root/.embedded-cassandra/cassandra/3.11.2/apache-cassandra-3.11.2-bin.tar.gz : extract apache-cassandra-3.11.2/bin/debug-cql
2018-07-19 14:59:03 [main] INFO  c.g.n.e.c.p.CassandraStarterTests - Extract /root/.embedded-cassandra/cassandra/3.11.2/apache-cassandra-3.11.2-bin.tar.gz : extract apache-cassandra-3.11.2/bin/debug-cql.bat
2018-07-19 14:59:03 [main] INFO  c.g.n.e.c.p.CassandraStarterTests - Extract /root/.embedded-cassandra/cassandra/3.11.2/apache-cassandra-3.11.2-bin.tar.gz : extract apache-cassandra-3.11.2/bin/nodetool
2018-07-19 14:59:03 [main] INFO  c.g.n.e.c.p.CassandraStarterTests - Extract /root/.embedded-cassandra/cassandra/3.11.2/apache-cassandra-3.11.2-bin.tar.gz : extract apache-cassandra-3.11.2/bin/nodetool.bat
2018-07-19 14:59:03 [main] INFO  c.g.n.e.c.p.CassandraStarterTests - Extract /root/.embedded-cassandra/cassandra/3.11.2/apache-cassandra-3.11.2-bin.tar.gz : extract apache-cassandra-3.11.2/bin/source-conf.ps1
2018-07-19 14:59:03 [main] INFO  c.g.n.e.c.p.CassandraStarterTests - Extract /root/.embedded-cassandra/cassandra/3.11.2/apache-cassandra-3.11.2-bin.tar.gz : extract apache-cassandra-3.11.2/bin/sstableloader
2018-07-19 14:59:03 [main] INFO  c.g.n.e.c.p.CassandraStarterTests - Extract /root/.embedded-cassandra/cassandra/3.11.2/apache-cassandra-3.11.2-bin.tar.gz : extract apache-cassandra-3.11.2/bin/sstableloader.bat
2018-07-19 14:59:03 [main] INFO  c.g.n.e.c.p.CassandraStarterTests - Extract /root/.embedded-cassandra/cassandra/3.11.2/apache-cassandra-3.11.2-bin.tar.gz : extract apache-cassandra-3.11.2/bin/sstablescrub
2018-07-19 14:59:03 [main] INFO  c.g.n.e.c.p.CassandraStarterTests - Extract /root/.embedded-cassandra/cassandra/3.11.2/apache-cassandra-3.11.2-bin.tar.gz : extract apache-cassandra-3.11.2/bin/sstablescrub.bat
2018-07-19 14:59:03 [main] INFO  c.g.n.e.c.p.CassandraStarterTests - Extract /root/.embedded-cassandra/cassandra/3.11.2/apache-cassandra-3.11.2-bin.tar.gz : extract apache-cassandra-3.11.2/bin/sstableupgrade
2018-07-19 14:59:03 [main] INFO  c.g.n.e.c.p.CassandraStarterTests - Extract /root/.embedded-cassandra/cassandra/3.11.2/apache-cassandra-3.11.2-bin.tar.gz : extract apache-cassandra-3.11.2/bin/sstableupgrade.bat
2018-07-19 14:59:03 [main] INFO  c.g.n.e.c.p.CassandraStarterTests - Extract /root/.embedded-cassandra/cassandra/3.11.2/apache-cassandra-3.11.2-bin.tar.gz : extract apache-cassandra-3.11.2/bin/sstableutil
2018-07-19 14:59:03 [main] INFO  c.g.n.e.c.p.CassandraStarterTests - Extract /root/.embedded-cassandra/cassandra/3.11.2/apache-cassandra-3.11.2-bin.tar.gz : extract apache-cassandra-3.11.2/bin/sstableutil.bat
2018-07-19 14:59:03 [main] INFO  c.g.n.e.c.p.CassandraStarterTests - Extract /root/.embedded-cassandra/cassandra/3.11.2/apache-cassandra-3.11.2-bin.tar.gz : extract apache-cassandra-3.11.2/bin/sstableverify
2018-07-19 14:59:03 [main] INFO  c.g.n.e.c.p.CassandraStarterTests - Extract /root/.embedded-cassandra/cassandra/3.11.2/apache-cassandra-3.11.2-bin.tar.gz : extract apache-cassandra-3.11.2/bin/sstableverify.bat
2018-07-19 14:59:03 [main] INFO  c.g.n.e.c.p.CassandraStarterTests - Extract /root/.embedded-cassandra/cassandra/3.11.2/apache-cassandra-3.11.2-bin.tar.gz : extract apache-cassandra-3.11.2/bin/stop-server
2018-07-19 14:59:03 [main] INFO  c.g.n.e.c.p.CassandraStarterTests - Extract /root/.embedded-cassandra/cassandra/3.11.2/apache-cassandra-3.11.2-bin.tar.gz : extract apache-cassandra-3.11.2/bin/stop-server.bat
2018-07-19 14:59:03 [main] INFO  c.g.n.e.c.p.CassandraStarterTests - Extract /root/.embedded-cassandra/cassandra/3.11.2/apache-cassandra-3.11.2-bin.tar.gz : extract apache-cassandra-3.11.2/bin/stop-server.ps1
2018-07-19 14:59:03 [main] INFO  c.g.n.e.c.p.CassandraStarterTests - Extract /root/.embedded-cassandra/cassandra/3.11.2/apache-cassandra-3.11.2-bin.tar.gz : finished
2018-07-19 14:59:03 [main] INFO  c.g.n.e.c.process.CassandraProcess - Starting Cassandra Process using command [/tmp/temp--a90bcc2e-c29b-4f27-97d2-23146b33cd1e/apache-cassandra-3.11.2/bin/cassandra, -f, -Dcassandra.jmx.local.port=43135]
2018-07-19 14:59:04 [Thread-34] INFO  c.g.n.e.c.p.CassandraStarterTests - [P:1519] Running Cassandra as root user or group is not recommended - please start Cassandra using a different system user.
2018-07-19 14:59:04 [Thread-34] INFO  c.g.n.e.c.p.CassandraStarterTests - [P:1519] If you really want to force running Cassandra as root, use -R command line option.
2018-07-19 14:59:04 [main] INFO  c.g.n.e.c.process.CassandraProcess - Cassandra process '1519' has been stopped.
]]></system-out>
    </rerunError>
  </testcase>
  <testcase name="shouldStartCassandraWithDisableRpcAndNativeTransportPorts" classname="com.github.nosan.embedded.cassandra.process.CassandraStarterTests" time="3.83">
    <failure message="&#10;Expected: (an instance of java.net.ConnectException and exception with message a string containing &quot;Connection refused&quot;)&#10;     but: an instance of java.net.ConnectException &lt;java.io.IOException: Could not start a process &apos;967&apos;.&#10;Failure:&lt;EOF&gt;&#10;Output:&#10;--- START --- &#10;[P:967] Running Cassandra as root user or group is not recommended - please start Cassandra using a different system user.&#10;[P:967] If you really want to force running Cassandra as root, use -R command line option.&#10;&#10;--- END --- &gt; is a java.io.IOException&#10;Stacktrace was: java.io.IOException: Could not start a process &apos;967&apos;.&#10;Failure:&lt;EOF&gt;&#10;Output:&#10;--- START --- &#10;[P:967] Running Cassandra as root user or group is not recommended - please start Cassandra using a different system user.&#10;[P:967] If you really want to force running Cassandra as root, use -R command line option.&#10;&#10;--- END --- &#10;	at com.github.nosan.embedded.cassandra.process.CassandraProcess.onAfterProcessStart(CassandraProcess.java:114)&#10;	at de.flapdoodle.embed.process.runtime.AbstractProcess.&lt;init&gt;(AbstractProcess.java:116)&#10;	at com.github.nosan.embedded.cassandra.process.CassandraProcess.&lt;init&gt;(CassandraProcess.java:67)&#10;	at com.github.nosan.embedded.cassandra.process.CassandraExecutable.start(CassandraExecutable.java:49)&#10;	at com.github.nosan.embedded.cassandra.process.CassandraExecutable.start(CassandraExecutable.java:37)&#10;	at de.flapdoodle.embed.process.runtime.Executable.start(Executable.java:108)&#10;	at com.github.nosan.embedded.cassandra.process.CassandraStarterTests.start(CassandraStarterTests.java:64)&#10;	at com.github.nosan.embedded.cassandra.process.CassandraStarterTests.shouldStartCassandraWithDisableRpcAndNativeTransportPorts(CassandraStarterTests.java:137)&#10;	at sun.reflect.NativeMethodAccessorImpl.invoke0(Native Method)&#10;	at sun.reflect.NativeMethodAccessorImpl.invoke(NativeMethodAccessorImpl.java:62)&#10;	at sun.reflect.DelegatingMethodAccessorImpl.invoke(DelegatingMethodAccessorImpl.java:43)&#10;	at java.lang.reflect.Method.invoke(Method.java:498)&#10;	at org.junit.runners.model.FrameworkMethod$1.runReflectiveCall(FrameworkMethod.java:50)&#10;	at org.junit.internal.runners.model.ReflectiveCallable.run(ReflectiveCallable.java:12)&#10;	at org.junit.runners.model.FrameworkMethod.invokeExplosively(FrameworkMethod.java:47)&#10;	at org.junit.internal.runners.statements.InvokeMethod.evaluate(InvokeMethod.java:17)&#10;	at org.junit.rules.ExpectedException$ExpectedExceptionStatement.evaluate(ExpectedException.java:239)&#10;	at org.junit.rules.RunRules.evaluate(RunRules.java:20)&#10;	at org.junit.runners.ParentRunner.runLeaf(ParentRunner.java:325)&#10;	at org.junit.runners.BlockJUnit4ClassRunner.runChild(BlockJUnit4ClassRunner.java:78)&#10;	at org.junit.runners.BlockJUnit4ClassRunner.runChild(BlockJUnit4ClassRunner.java:57)&#10;	at org.junit.runners.ParentRunner$3.run(ParentRunner.java:290)&#10;	at org.junit.runners.ParentRunner$1.schedule(ParentRunner.java:71)&#10;	at org.junit.runners.ParentRunner.runChildren(ParentRunner.java:288)&#10;	at org.junit.runners.ParentRunner.access$000(ParentRunner.java:58)&#10;	at org.junit.runners.ParentRunner$2.evaluate(ParentRunner.java:268)&#10;	at org.junit.runners.ParentRunner.run(ParentRunner.java:363)&#10;	at org.apache.maven.surefire.junit4.JUnit4Provider.execute(JUnit4Provider.java:365)&#10;	at org.apache.maven.surefire.junit4.JUnit4Provider.executeWithRerun(JUnit4Provider.java:272)&#10;	at org.apache.maven.surefire.junit4.JUnit4Provider.executeTestSet(JUnit4Provider.java:236)&#10;	at org.apache.maven.surefire.junit4.JUnit4Provider.invoke(JUnit4Provider.java:159)&#10;	at org.apache.maven.surefire.booter.ForkedBooter.invokeProviderInSameClassLoader(ForkedBooter.java:386)&#10;	at org.apache.maven.surefire.booter.ForkedBooter.runSuitesInProcess(ForkedBooter.java:323)&#10;	at org.apache.maven.surefire.booter.ForkedBooter.main(ForkedBooter.java:143)&#10;" type="java.lang.AssertionError"><![CDATA[java.lang.AssertionError: 

Expected: (an instance of java.net.ConnectException and exception with message a string containing "Connection refused")
     but: an instance of java.net.ConnectException <java.io.IOException: Could not start a process '967'.
Failure:<EOF>
Output:
--- START --- 
[P:967] Running Cassandra as root user or group is not recommended - please start Cassandra using a different system user.
[P:967] If you really want to force running Cassandra as root, use -R command line option.

--- END --- > is a java.io.IOException
Stacktrace was: java.io.IOException: Could not start a process '967'.
Failure:<EOF>
Output:
--- START --- 
[P:967] Running Cassandra as root user or group is not recommended - please start Cassandra using a different system user.
[P:967] If you really want to force running Cassandra as root, use -R command line option.

--- END --- 
	at com.github.nosan.embedded.cassandra.process.CassandraProcess.onAfterProcessStart(CassandraProcess.java:114)
	at de.flapdoodle.embed.process.runtime.AbstractProcess.<init>(AbstractProcess.java:116)
	at com.github.nosan.embedded.cassandra.process.CassandraProcess.<init>(CassandraProcess.java:67)
	at com.github.nosan.embedded.cassandra.process.CassandraExecutable.start(CassandraExecutable.java:49)
	at com.github.nosan.embedded.cassandra.process.CassandraExecutable.start(CassandraExecutable.java:37)
	at de.flapdoodle.embed.process.runtime.Executable.start(Executable.java:108)
	at com.github.nosan.embedded.cassandra.process.CassandraStarterTests.start(CassandraStarterTests.java:64)
	at com.github.nosan.embedded.cassandra.process.CassandraStarterTests.shouldStartCassandraWithDisableRpcAndNativeTransportPorts(CassandraStarterTests.java:137)
	at sun.reflect.NativeMethodAccessorImpl.invoke0(Native Method)
	at sun.reflect.NativeMethodAccessorImpl.invoke(NativeMethodAccessorImpl.java:62)
	at sun.reflect.DelegatingMethodAccessorImpl.invoke(DelegatingMethodAccessorImpl.java:43)
	at java.lang.reflect.Method.invoke(Method.java:498)
	at org.junit.runners.model.FrameworkMethod$1.runReflectiveCall(FrameworkMethod.java:50)
	at org.junit.internal.runners.model.ReflectiveCallable.run(ReflectiveCallable.java:12)
	at org.junit.runners.model.FrameworkMethod.invokeExplosively(FrameworkMethod.java:47)
	at org.junit.internal.runners.statements.InvokeMethod.evaluate(InvokeMethod.java:17)
	at org.junit.rules.ExpectedException$ExpectedExceptionStatement.evaluate(ExpectedException.java:239)
	at org.junit.rules.RunRules.evaluate(RunRules.java:20)
	at org.junit.runners.ParentRunner.runLeaf(ParentRunner.java:325)
	at org.junit.runners.BlockJUnit4ClassRunner.runChild(BlockJUnit4ClassRunner.java:78)
	at org.junit.runners.BlockJUnit4ClassRunner.runChild(BlockJUnit4ClassRunner.java:57)
	at org.junit.runners.ParentRunner$3.run(ParentRunner.java:290)
	at org.junit.runners.ParentRunner$1.schedule(ParentRunner.java:71)
	at org.junit.runners.ParentRunner.runChildren(ParentRunner.java:288)
	at org.junit.runners.ParentRunner.access$000(ParentRunner.java:58)
	at org.junit.runners.ParentRunner$2.evaluate(ParentRunner.java:268)
	at org.junit.runners.ParentRunner.run(ParentRunner.java:363)
	at org.apache.maven.surefire.junit4.JUnit4Provider.execute(JUnit4Provider.java:365)
	at org.apache.maven.surefire.junit4.JUnit4Provider.executeWithRerun(JUnit4Provider.java:272)
	at org.apache.maven.surefire.junit4.JUnit4Provider.executeTestSet(JUnit4Provider.java:236)
	at org.apache.maven.surefire.junit4.JUnit4Provider.invoke(JUnit4Provider.java:159)
	at org.apache.maven.surefire.booter.ForkedBooter.invokeProviderInSameClassLoader(ForkedBooter.java:386)
	at org.apache.maven.surefire.booter.ForkedBooter.runSuitesInProcess(ForkedBooter.java:323)
	at org.apache.maven.surefire.booter.ForkedBooter.main(ForkedBooter.java:143)

	at org.hamcrest.MatcherAssert.assertThat(MatcherAssert.java:20)
	at org.junit.Assert.assertThat(Assert.java:956)
	at org.junit.Assert.assertThat(Assert.java:923)
	at org.junit.rules.ExpectedException.handleException(ExpectedException.java:252)
	at org.junit.rules.ExpectedException.access$000(ExpectedException.java:106)
	at org.junit.rules.ExpectedException$ExpectedExceptionStatement.evaluate(ExpectedException.java:241)
	at org.junit.rules.RunRules.evaluate(RunRules.java:20)
	at org.junit.runners.ParentRunner.runLeaf(ParentRunner.java:325)
	at org.junit.runners.BlockJUnit4ClassRunner.runChild(BlockJUnit4ClassRunner.java:78)
	at org.junit.runners.BlockJUnit4ClassRunner.runChild(BlockJUnit4ClassRunner.java:57)
	at org.junit.runners.ParentRunner$3.run(ParentRunner.java:290)
	at org.junit.runners.ParentRunner$1.schedule(ParentRunner.java:71)
	at org.junit.runners.ParentRunner.runChildren(ParentRunner.java:288)
	at org.junit.runners.ParentRunner.access$000(ParentRunner.java:58)
	at org.junit.runners.ParentRunner$2.evaluate(ParentRunner.java:268)
	at org.junit.runners.ParentRunner.run(ParentRunner.java:363)
	at org.apache.maven.surefire.junit4.JUnit4Provider.execute(JUnit4Provider.java:365)
	at org.apache.maven.surefire.junit4.JUnit4Provider.executeWithRerun(JUnit4Provider.java:272)
	at org.apache.maven.surefire.junit4.JUnit4Provider.executeTestSet(JUnit4Provider.java:236)
	at org.apache.maven.surefire.junit4.JUnit4Provider.invoke(JUnit4Provider.java:159)
	at org.apache.maven.surefire.booter.ForkedBooter.invokeProviderInSameClassLoader(ForkedBooter.java:386)
	at org.apache.maven.surefire.booter.ForkedBooter.runSuitesInProcess(ForkedBooter.java:323)
	at org.apache.maven.surefire.booter.ForkedBooter.main(ForkedBooter.java:143)
]]></failure>
    <system-out><![CDATA[2018-07-19 14:58:26 [main] INFO  c.g.n.e.c.p.CassandraStarterTests - Extract /root/.embedded-cassandra/cassandra/3.11.2/apache-cassandra-3.11.2-bin.tar.gz : starting...
2018-07-19 14:58:26 [main] INFO  c.g.n.e.c.p.CassandraStarterTests - Extract /root/.embedded-cassandra/cassandra/3.11.2/apache-cassandra-3.11.2-bin.tar.gz : extract apache-cassandra-3.11.2/conf/cassandra-env.ps1
2018-07-19 14:58:26 [main] INFO  c.g.n.e.c.p.CassandraStarterTests - Extract /root/.embedded-cassandra/cassandra/3.11.2/apache-cassandra-3.11.2-bin.tar.gz : extract apache-cassandra-3.11.2/conf/cassandra-env.sh
2018-07-19 14:58:26 [main] INFO  c.g.n.e.c.p.CassandraStarterTests - Extract /root/.embedded-cassandra/cassandra/3.11.2/apache-cassandra-3.11.2-bin.tar.gz : extract apache-cassandra-3.11.2/conf/cassandra-jaas.config
2018-07-19 14:58:26 [main] INFO  c.g.n.e.c.p.CassandraStarterTests - Extract /root/.embedded-cassandra/cassandra/3.11.2/apache-cassandra-3.11.2-bin.tar.gz : extract apache-cassandra-3.11.2/conf/cassandra-rackdc.properties
2018-07-19 14:58:26 [main] INFO  c.g.n.e.c.p.CassandraStarterTests - Extract /root/.embedded-cassandra/cassandra/3.11.2/apache-cassandra-3.11.2-bin.tar.gz : extract apache-cassandra-3.11.2/conf/cassandra-topology.properties
2018-07-19 14:58:26 [main] INFO  c.g.n.e.c.p.CassandraStarterTests - Extract /root/.embedded-cassandra/cassandra/3.11.2/apache-cassandra-3.11.2-bin.tar.gz : extract apache-cassandra-3.11.2/conf/cassandra.yaml
2018-07-19 14:58:26 [main] INFO  c.g.n.e.c.p.CassandraStarterTests - Extract /root/.embedded-cassandra/cassandra/3.11.2/apache-cassandra-3.11.2-bin.tar.gz : extract apache-cassandra-3.11.2/conf/commitlog_archiving.properties
2018-07-19 14:58:26 [main] INFO  c.g.n.e.c.p.CassandraStarterTests - Extract /root/.embedded-cassandra/cassandra/3.11.2/apache-cassandra-3.11.2-bin.tar.gz : extract apache-cassandra-3.11.2/conf/cqlshrc.sample
2018-07-19 14:58:26 [main] INFO  c.g.n.e.c.p.CassandraStarterTests - Extract /root/.embedded-cassandra/cassandra/3.11.2/apache-cassandra-3.11.2-bin.tar.gz : extract apache-cassandra-3.11.2/conf/hotspot_compiler
2018-07-19 14:58:26 [main] INFO  c.g.n.e.c.p.CassandraStarterTests - Extract /root/.embedded-cassandra/cassandra/3.11.2/apache-cassandra-3.11.2-bin.tar.gz : extract apache-cassandra-3.11.2/conf/jvm.options
2018-07-19 14:58:26 [main] INFO  c.g.n.e.c.p.CassandraStarterTests - Extract /root/.embedded-cassandra/cassandra/3.11.2/apache-cassandra-3.11.2-bin.tar.gz : extract apache-cassandra-3.11.2/conf/logback-tools.xml
2018-07-19 14:58:26 [main] INFO  c.g.n.e.c.p.CassandraStarterTests - Extract /root/.embedded-cassandra/cassandra/3.11.2/apache-cassandra-3.11.2-bin.tar.gz : extract apache-cassandra-3.11.2/conf/logback.xml
2018-07-19 14:58:26 [main] INFO  c.g.n.e.c.p.CassandraStarterTests - Extract /root/.embedded-cassandra/cassandra/3.11.2/apache-cassandra-3.11.2-bin.tar.gz : extract apache-cassandra-3.11.2/conf/metrics-reporter-config-sample.yaml
2018-07-19 14:58:26 [main] INFO  c.g.n.e.c.p.CassandraStarterTests - Extract /root/.embedded-cassandra/cassandra/3.11.2/apache-cassandra-3.11.2-bin.tar.gz : extract apache-cassandra-3.11.2/conf/triggers/README.txt
2018-07-19 14:58:26 [main] INFO  c.g.n.e.c.p.CassandraStarterTests - Extract /root/.embedded-cassandra/cassandra/3.11.2/apache-cassandra-3.11.2-bin.tar.gz : extract apache-cassandra-3.11.2/interface/cassandra.thrift
2018-07-19 14:58:29 [main] INFO  c.g.n.e.c.p.CassandraStarterTests - Extract /root/.embedded-cassandra/cassandra/3.11.2/apache-cassandra-3.11.2-bin.tar.gz : extract apache-cassandra-3.11.2/lib/HdrHistogram-2.1.9.jar
2018-07-19 14:58:29 [main] INFO  c.g.n.e.c.p.CassandraStarterTests - Extract /root/.embedded-cassandra/cassandra/3.11.2/apache-cassandra-3.11.2-bin.tar.gz : extract apache-cassandra-3.11.2/lib/ST4-4.0.8.jar
2018-07-19 14:58:29 [main] INFO  c.g.n.e.c.p.CassandraStarterTests - Extract /root/.embedded-cassandra/cassandra/3.11.2/apache-cassandra-3.11.2-bin.tar.gz : extract apache-cassandra-3.11.2/lib/airline-0.6.jar
2018-07-19 14:58:29 [main] INFO  c.g.n.e.c.p.CassandraStarterTests - Extract /root/.embedded-cassandra/cassandra/3.11.2/apache-cassandra-3.11.2-bin.tar.gz : extract apache-cassandra-3.11.2/lib/antlr-runtime-3.5.2.jar
2018-07-19 14:58:29 [main] INFO  c.g.n.e.c.p.CassandraStarterTests - Extract /root/.embedded-cassandra/cassandra/3.11.2/apache-cassandra-3.11.2-bin.tar.gz : extract apache-cassandra-3.11.2/lib/apache-cassandra-3.11.2.jar
2018-07-19 14:58:29 [main] INFO  c.g.n.e.c.p.CassandraStarterTests - Extract /root/.embedded-cassandra/cassandra/3.11.2/apache-cassandra-3.11.2-bin.tar.gz : extract apache-cassandra-3.11.2/lib/apache-cassandra-thrift-3.11.2.jar
2018-07-19 14:58:29 [main] INFO  c.g.n.e.c.p.CassandraStarterTests - Extract /root/.embedded-cassandra/cassandra/3.11.2/apache-cassandra-3.11.2-bin.tar.gz : extract apache-cassandra-3.11.2/lib/asm-5.0.4.jar
2018-07-19 14:58:29 [main] INFO  c.g.n.e.c.p.CassandraStarterTests - Extract /root/.embedded-cassandra/cassandra/3.11.2/apache-cassandra-3.11.2-bin.tar.gz : extract apache-cassandra-3.11.2/lib/caffeine-2.2.6.jar
2018-07-19 14:58:29 [main] INFO  c.g.n.e.c.p.CassandraStarterTests - Extract /root/.embedded-cassandra/cassandra/3.11.2/apache-cassandra-3.11.2-bin.tar.gz : extract apache-cassandra-3.11.2/lib/cassandra-driver-core-3.0.1-shaded.jar
2018-07-19 14:58:29 [main] INFO  c.g.n.e.c.p.CassandraStarterTests - Extract /root/.embedded-cassandra/cassandra/3.11.2/apache-cassandra-3.11.2-bin.tar.gz : extract apache-cassandra-3.11.2/lib/cassandra-driver-internal-only-3.10.zip
2018-07-19 14:58:29 [main] INFO  c.g.n.e.c.p.CassandraStarterTests - Extract /root/.embedded-cassandra/cassandra/3.11.2/apache-cassandra-3.11.2-bin.tar.gz : extract apache-cassandra-3.11.2/lib/cassandra-driver-internal-only-3.11.0-bb96859b.zip
2018-07-19 14:58:29 [main] INFO  c.g.n.e.c.p.CassandraStarterTests - Extract /root/.embedded-cassandra/cassandra/3.11.2/apache-cassandra-3.11.2-bin.tar.gz : extract apache-cassandra-3.11.2/lib/commons-cli-1.1.jar
2018-07-19 14:58:29 [main] INFO  c.g.n.e.c.p.CassandraStarterTests - Extract /root/.embedded-cassandra/cassandra/3.11.2/apache-cassandra-3.11.2-bin.tar.gz : extract apache-cassandra-3.11.2/lib/commons-codec-1.9.jar
2018-07-19 14:58:29 [main] INFO  c.g.n.e.c.p.CassandraStarterTests - Extract /root/.embedded-cassandra/cassandra/3.11.2/apache-cassandra-3.11.2-bin.tar.gz : extract apache-cassandra-3.11.2/lib/commons-lang3-3.1.jar
2018-07-19 14:58:29 [main] INFO  c.g.n.e.c.p.CassandraStarterTests - Extract /root/.embedded-cassandra/cassandra/3.11.2/apache-cassandra-3.11.2-bin.tar.gz : extract apache-cassandra-3.11.2/lib/commons-math3-3.2.jar
2018-07-19 14:58:29 [main] INFO  c.g.n.e.c.p.CassandraStarterTests - Extract /root/.embedded-cassandra/cassandra/3.11.2/apache-cassandra-3.11.2-bin.tar.gz : extract apache-cassandra-3.11.2/lib/compress-lzf-0.8.4.jar
2018-07-19 14:58:29 [main] INFO  c.g.n.e.c.p.CassandraStarterTests - Extract /root/.embedded-cassandra/cassandra/3.11.2/apache-cassandra-3.11.2-bin.tar.gz : extract apache-cassandra-3.11.2/lib/concurrent-trees-2.4.0.jar
2018-07-19 14:58:29 [main] INFO  c.g.n.e.c.p.CassandraStarterTests - Extract /root/.embedded-cassandra/cassandra/3.11.2/apache-cassandra-3.11.2-bin.tar.gz : extract apache-cassandra-3.11.2/lib/concurrentlinkedhashmap-lru-1.4.jar
2018-07-19 14:58:29 [main] INFO  c.g.n.e.c.p.CassandraStarterTests - Extract /root/.embedded-cassandra/cassandra/3.11.2/apache-cassandra-3.11.2-bin.tar.gz : extract apache-cassandra-3.11.2/lib/disruptor-3.0.1.jar
2018-07-19 14:58:30 [main] INFO  c.g.n.e.c.p.CassandraStarterTests - Extract /root/.embedded-cassandra/cassandra/3.11.2/apache-cassandra-3.11.2-bin.tar.gz : extract apache-cassandra-3.11.2/lib/ecj-4.4.2.jar
2018-07-19 14:58:30 [main] INFO  c.g.n.e.c.p.CassandraStarterTests - Extract /root/.embedded-cassandra/cassandra/3.11.2/apache-cassandra-3.11.2-bin.tar.gz : extract apache-cassandra-3.11.2/lib/futures-2.1.6-py2.py3-none-any.zip
2018-07-19 14:58:30 [main] INFO  c.g.n.e.c.p.CassandraStarterTests - Extract /root/.embedded-cassandra/cassandra/3.11.2/apache-cassandra-3.11.2-bin.tar.gz : extract apache-cassandra-3.11.2/lib/guava-18.0.jar
2018-07-19 14:58:30 [main] INFO  c.g.n.e.c.p.CassandraStarterTests - Extract /root/.embedded-cassandra/cassandra/3.11.2/apache-cassandra-3.11.2-bin.tar.gz : extract apache-cassandra-3.11.2/lib/high-scale-lib-1.0.6.jar
2018-07-19 14:58:30 [main] INFO  c.g.n.e.c.p.CassandraStarterTests - Extract /root/.embedded-cassandra/cassandra/3.11.2/apache-cassandra-3.11.2-bin.tar.gz : extract apache-cassandra-3.11.2/lib/hppc-0.5.4.jar
2018-07-19 14:58:30 [main] INFO  c.g.n.e.c.p.CassandraStarterTests - Extract /root/.embedded-cassandra/cassandra/3.11.2/apache-cassandra-3.11.2-bin.tar.gz : extract apache-cassandra-3.11.2/lib/jackson-core-asl-1.9.13.jar
2018-07-19 14:58:30 [main] INFO  c.g.n.e.c.p.CassandraStarterTests - Extract /root/.embedded-cassandra/cassandra/3.11.2/apache-cassandra-3.11.2-bin.tar.gz : extract apache-cassandra-3.11.2/lib/jackson-mapper-asl-1.9.13.jar
2018-07-19 14:58:30 [main] INFO  c.g.n.e.c.p.CassandraStarterTests - Extract /root/.embedded-cassandra/cassandra/3.11.2/apache-cassandra-3.11.2-bin.tar.gz : extract apache-cassandra-3.11.2/lib/jamm-0.3.0.jar
2018-07-19 14:58:30 [main] INFO  c.g.n.e.c.p.CassandraStarterTests - Extract /root/.embedded-cassandra/cassandra/3.11.2/apache-cassandra-3.11.2-bin.tar.gz : extract apache-cassandra-3.11.2/lib/javax.inject.jar
2018-07-19 14:58:30 [main] INFO  c.g.n.e.c.p.CassandraStarterTests - Extract /root/.embedded-cassandra/cassandra/3.11.2/apache-cassandra-3.11.2-bin.tar.gz : extract apache-cassandra-3.11.2/lib/jbcrypt-0.3m.jar
2018-07-19 14:58:30 [main] INFO  c.g.n.e.c.p.CassandraStarterTests - Extract /root/.embedded-cassandra/cassandra/3.11.2/apache-cassandra-3.11.2-bin.tar.gz : extract apache-cassandra-3.11.2/lib/jcl-over-slf4j-1.7.7.jar
2018-07-19 14:58:30 [main] INFO  c.g.n.e.c.p.CassandraStarterTests - Extract /root/.embedded-cassandra/cassandra/3.11.2/apache-cassandra-3.11.2-bin.tar.gz : extract apache-cassandra-3.11.2/lib/jctools-core-1.2.1.jar
2018-07-19 14:58:30 [main] INFO  c.g.n.e.c.p.CassandraStarterTests - Extract /root/.embedded-cassandra/cassandra/3.11.2/apache-cassandra-3.11.2-bin.tar.gz : extract apache-cassandra-3.11.2/lib/jflex-1.6.0.jar
2018-07-19 14:58:30 [main] INFO  c.g.n.e.c.p.CassandraStarterTests - Extract /root/.embedded-cassandra/cassandra/3.11.2/apache-cassandra-3.11.2-bin.tar.gz : extract apache-cassandra-3.11.2/lib/jna-4.2.2.jar
2018-07-19 14:58:30 [main] INFO  c.g.n.e.c.p.CassandraStarterTests - Extract /root/.embedded-cassandra/cassandra/3.11.2/apache-cassandra-3.11.2-bin.tar.gz : extract apache-cassandra-3.11.2/lib/joda-time-2.4.jar
2018-07-19 14:58:30 [main] INFO  c.g.n.e.c.p.CassandraStarterTests - Extract /root/.embedded-cassandra/cassandra/3.11.2/apache-cassandra-3.11.2-bin.tar.gz : extract apache-cassandra-3.11.2/lib/json-simple-1.1.jar
2018-07-19 14:58:30 [main] INFO  c.g.n.e.c.p.CassandraStarterTests - Extract /root/.embedded-cassandra/cassandra/3.11.2/apache-cassandra-3.11.2-bin.tar.gz : extract apache-cassandra-3.11.2/lib/jstackjunit-0.0.1.jar
2018-07-19 14:58:30 [main] INFO  c.g.n.e.c.p.CassandraStarterTests - Extract /root/.embedded-cassandra/cassandra/3.11.2/apache-cassandra-3.11.2-bin.tar.gz : extract apache-cassandra-3.11.2/lib/libthrift-0.9.2.jar
2018-07-19 14:58:30 [main] INFO  c.g.n.e.c.p.CassandraStarterTests - Extract /root/.embedded-cassandra/cassandra/3.11.2/apache-cassandra-3.11.2-bin.tar.gz : extract apache-cassandra-3.11.2/lib/log4j-over-slf4j-1.7.7.jar
2018-07-19 14:58:30 [main] INFO  c.g.n.e.c.p.CassandraStarterTests - Extract /root/.embedded-cassandra/cassandra/3.11.2/apache-cassandra-3.11.2-bin.tar.gz : extract apache-cassandra-3.11.2/lib/logback-classic-1.1.3.jar
2018-07-19 14:58:30 [main] INFO  c.g.n.e.c.p.CassandraStarterTests - Extract /root/.embedded-cassandra/cassandra/3.11.2/apache-cassandra-3.11.2-bin.tar.gz : extract apache-cassandra-3.11.2/lib/logback-core-1.1.3.jar
2018-07-19 14:58:30 [main] INFO  c.g.n.e.c.p.CassandraStarterTests - Extract /root/.embedded-cassandra/cassandra/3.11.2/apache-cassandra-3.11.2-bin.tar.gz : extract apache-cassandra-3.11.2/lib/lz4-1.3.0.jar
2018-07-19 14:58:30 [main] INFO  c.g.n.e.c.p.CassandraStarterTests - Extract /root/.embedded-cassandra/cassandra/3.11.2/apache-cassandra-3.11.2-bin.tar.gz : extract apache-cassandra-3.11.2/lib/metrics-core-3.1.0.jar
2018-07-19 14:58:30 [main] INFO  c.g.n.e.c.p.CassandraStarterTests - Extract /root/.embedded-cassandra/cassandra/3.11.2/apache-cassandra-3.11.2-bin.tar.gz : extract apache-cassandra-3.11.2/lib/metrics-jvm-3.1.0.jar
2018-07-19 14:58:30 [main] INFO  c.g.n.e.c.p.CassandraStarterTests - Extract /root/.embedded-cassandra/cassandra/3.11.2/apache-cassandra-3.11.2-bin.tar.gz : extract apache-cassandra-3.11.2/lib/metrics-logback-3.1.0.jar
2018-07-19 14:58:30 [main] INFO  c.g.n.e.c.p.CassandraStarterTests - Extract /root/.embedded-cassandra/cassandra/3.11.2/apache-cassandra-3.11.2-bin.tar.gz : extract apache-cassandra-3.11.2/lib/netty-all-4.0.44.Final.jar
2018-07-19 14:58:30 [main] INFO  c.g.n.e.c.p.CassandraStarterTests - Extract /root/.embedded-cassandra/cassandra/3.11.2/apache-cassandra-3.11.2-bin.tar.gz : extract apache-cassandra-3.11.2/lib/ohc-core-0.4.4.jar
2018-07-19 14:58:30 [main] INFO  c.g.n.e.c.p.CassandraStarterTests - Extract /root/.embedded-cassandra/cassandra/3.11.2/apache-cassandra-3.11.2-bin.tar.gz : extract apache-cassandra-3.11.2/lib/ohc-core-j8-0.4.4.jar
2018-07-19 14:58:30 [main] INFO  c.g.n.e.c.p.CassandraStarterTests - Extract /root/.embedded-cassandra/cassandra/3.11.2/apache-cassandra-3.11.2-bin.tar.gz : extract apache-cassandra-3.11.2/lib/reporter-config-base-3.0.3.jar
2018-07-19 14:58:30 [main] INFO  c.g.n.e.c.p.CassandraStarterTests - Extract /root/.embedded-cassandra/cassandra/3.11.2/apache-cassandra-3.11.2-bin.tar.gz : extract apache-cassandra-3.11.2/lib/reporter-config3-3.0.3.jar
2018-07-19 14:58:30 [main] INFO  c.g.n.e.c.p.CassandraStarterTests - Extract /root/.embedded-cassandra/cassandra/3.11.2/apache-cassandra-3.11.2-bin.tar.gz : extract apache-cassandra-3.11.2/lib/sigar-1.6.4.jar
2018-07-19 14:58:30 [main] INFO  c.g.n.e.c.p.CassandraStarterTests - Extract /root/.embedded-cassandra/cassandra/3.11.2/apache-cassandra-3.11.2-bin.tar.gz : extract apache-cassandra-3.11.2/lib/sigar-bin/libsigar-amd64-freebsd-6.so
2018-07-19 14:58:30 [main] INFO  c.g.n.e.c.p.CassandraStarterTests - Extract /root/.embedded-cassandra/cassandra/3.11.2/apache-cassandra-3.11.2-bin.tar.gz : extract apache-cassandra-3.11.2/lib/sigar-bin/libsigar-amd64-linux.so
2018-07-19 14:58:30 [main] INFO  c.g.n.e.c.p.CassandraStarterTests - Extract /root/.embedded-cassandra/cassandra/3.11.2/apache-cassandra-3.11.2-bin.tar.gz : extract apache-cassandra-3.11.2/lib/sigar-bin/libsigar-amd64-solaris.so
2018-07-19 14:58:30 [main] INFO  c.g.n.e.c.p.CassandraStarterTests - Extract /root/.embedded-cassandra/cassandra/3.11.2/apache-cassandra-3.11.2-bin.tar.gz : extract apache-cassandra-3.11.2/lib/sigar-bin/libsigar-ia64-hpux-11.sl
2018-07-19 14:58:30 [main] INFO  c.g.n.e.c.p.CassandraStarterTests - Extract /root/.embedded-cassandra/cassandra/3.11.2/apache-cassandra-3.11.2-bin.tar.gz : extract apache-cassandra-3.11.2/lib/sigar-bin/libsigar-ia64-linux.so
2018-07-19 14:58:30 [main] INFO  c.g.n.e.c.p.CassandraStarterTests - Extract /root/.embedded-cassandra/cassandra/3.11.2/apache-cassandra-3.11.2-bin.tar.gz : extract apache-cassandra-3.11.2/lib/sigar-bin/libsigar-pa-hpux-11.sl
2018-07-19 14:58:30 [main] INFO  c.g.n.e.c.p.CassandraStarterTests - Extract /root/.embedded-cassandra/cassandra/3.11.2/apache-cassandra-3.11.2-bin.tar.gz : extract apache-cassandra-3.11.2/lib/sigar-bin/libsigar-ppc-aix-5.so
2018-07-19 14:58:30 [main] INFO  c.g.n.e.c.p.CassandraStarterTests - Extract /root/.embedded-cassandra/cassandra/3.11.2/apache-cassandra-3.11.2-bin.tar.gz : extract apache-cassandra-3.11.2/lib/sigar-bin/libsigar-ppc-linux.so
2018-07-19 14:58:30 [main] INFO  c.g.n.e.c.p.CassandraStarterTests - Extract /root/.embedded-cassandra/cassandra/3.11.2/apache-cassandra-3.11.2-bin.tar.gz : extract apache-cassandra-3.11.2/lib/sigar-bin/libsigar-ppc64-aix-5.so
2018-07-19 14:58:30 [main] INFO  c.g.n.e.c.p.CassandraStarterTests - Extract /root/.embedded-cassandra/cassandra/3.11.2/apache-cassandra-3.11.2-bin.tar.gz : extract apache-cassandra-3.11.2/lib/sigar-bin/libsigar-ppc64-linux.so
2018-07-19 14:58:30 [main] INFO  c.g.n.e.c.p.CassandraStarterTests - Extract /root/.embedded-cassandra/cassandra/3.11.2/apache-cassandra-3.11.2-bin.tar.gz : extract apache-cassandra-3.11.2/lib/sigar-bin/libsigar-s390x-linux.so
2018-07-19 14:58:30 [main] INFO  c.g.n.e.c.p.CassandraStarterTests - Extract /root/.embedded-cassandra/cassandra/3.11.2/apache-cassandra-3.11.2-bin.tar.gz : extract apache-cassandra-3.11.2/lib/sigar-bin/libsigar-sparc-solaris.so
2018-07-19 14:58:30 [main] INFO  c.g.n.e.c.p.CassandraStarterTests - Extract /root/.embedded-cassandra/cassandra/3.11.2/apache-cassandra-3.11.2-bin.tar.gz : extract apache-cassandra-3.11.2/lib/sigar-bin/libsigar-sparc64-solaris.so
2018-07-19 14:58:30 [main] INFO  c.g.n.e.c.p.CassandraStarterTests - Extract /root/.embedded-cassandra/cassandra/3.11.2/apache-cassandra-3.11.2-bin.tar.gz : extract apache-cassandra-3.11.2/lib/sigar-bin/libsigar-universal-macosx.dylib
2018-07-19 14:58:30 [main] INFO  c.g.n.e.c.p.CassandraStarterTests - Extract /root/.embedded-cassandra/cassandra/3.11.2/apache-cassandra-3.11.2-bin.tar.gz : extract apache-cassandra-3.11.2/lib/sigar-bin/libsigar-universal64-macosx.dylib
2018-07-19 14:58:30 [main] INFO  c.g.n.e.c.p.CassandraStarterTests - Extract /root/.embedded-cassandra/cassandra/3.11.2/apache-cassandra-3.11.2-bin.tar.gz : extract apache-cassandra-3.11.2/lib/sigar-bin/libsigar-x86-freebsd-5.so
2018-07-19 14:58:30 [main] INFO  c.g.n.e.c.p.CassandraStarterTests - Extract /root/.embedded-cassandra/cassandra/3.11.2/apache-cassandra-3.11.2-bin.tar.gz : extract apache-cassandra-3.11.2/lib/sigar-bin/libsigar-x86-freebsd-6.so
2018-07-19 14:58:30 [main] INFO  c.g.n.e.c.p.CassandraStarterTests - Extract /root/.embedded-cassandra/cassandra/3.11.2/apache-cassandra-3.11.2-bin.tar.gz : extract apache-cassandra-3.11.2/lib/sigar-bin/libsigar-x86-linux.so
2018-07-19 14:58:30 [main] INFO  c.g.n.e.c.p.CassandraStarterTests - Extract /root/.embedded-cassandra/cassandra/3.11.2/apache-cassandra-3.11.2-bin.tar.gz : extract apache-cassandra-3.11.2/lib/sigar-bin/libsigar-x86-solaris.so
2018-07-19 14:58:30 [main] INFO  c.g.n.e.c.p.CassandraStarterTests - Extract /root/.embedded-cassandra/cassandra/3.11.2/apache-cassandra-3.11.2-bin.tar.gz : extract apache-cassandra-3.11.2/lib/sigar-bin/sigar-amd64-winnt.dll
2018-07-19 14:58:30 [main] INFO  c.g.n.e.c.p.CassandraStarterTests - Extract /root/.embedded-cassandra/cassandra/3.11.2/apache-cassandra-3.11.2-bin.tar.gz : extract apache-cassandra-3.11.2/lib/sigar-bin/sigar-x86-winnt.dll
2018-07-19 14:58:30 [main] INFO  c.g.n.e.c.p.CassandraStarterTests - Extract /root/.embedded-cassandra/cassandra/3.11.2/apache-cassandra-3.11.2-bin.tar.gz : extract apache-cassandra-3.11.2/lib/sigar-bin/sigar-x86-winnt.lib
2018-07-19 14:58:30 [main] INFO  c.g.n.e.c.p.CassandraStarterTests - Extract /root/.embedded-cassandra/cassandra/3.11.2/apache-cassandra-3.11.2-bin.tar.gz : extract apache-cassandra-3.11.2/lib/six-1.7.3-py2.py3-none-any.zip
2018-07-19 14:58:30 [main] INFO  c.g.n.e.c.p.CassandraStarterTests - Extract /root/.embedded-cassandra/cassandra/3.11.2/apache-cassandra-3.11.2-bin.tar.gz : extract apache-cassandra-3.11.2/lib/slf4j-api-1.7.7.jar
2018-07-19 14:58:30 [main] INFO  c.g.n.e.c.p.CassandraStarterTests - Extract /root/.embedded-cassandra/cassandra/3.11.2/apache-cassandra-3.11.2-bin.tar.gz : extract apache-cassandra-3.11.2/lib/snakeyaml-1.11.jar
2018-07-19 14:58:30 [main] INFO  c.g.n.e.c.p.CassandraStarterTests - Extract /root/.embedded-cassandra/cassandra/3.11.2/apache-cassandra-3.11.2-bin.tar.gz : extract apache-cassandra-3.11.2/lib/snappy-java-1.1.1.7.jar
2018-07-19 14:58:30 [main] INFO  c.g.n.e.c.p.CassandraStarterTests - Extract /root/.embedded-cassandra/cassandra/3.11.2/apache-cassandra-3.11.2-bin.tar.gz : extract apache-cassandra-3.11.2/lib/snowball-stemmer-1.3.0.581.1.jar
2018-07-19 14:58:30 [main] INFO  c.g.n.e.c.p.CassandraStarterTests - Extract /root/.embedded-cassandra/cassandra/3.11.2/apache-cassandra-3.11.2-bin.tar.gz : extract apache-cassandra-3.11.2/lib/stream-2.5.2.jar
2018-07-19 14:58:30 [main] INFO  c.g.n.e.c.p.CassandraStarterTests - Extract /root/.embedded-cassandra/cassandra/3.11.2/apache-cassandra-3.11.2-bin.tar.gz : extract apache-cassandra-3.11.2/lib/thrift-server-0.3.7.jar
2018-07-19 14:58:30 [main] INFO  c.g.n.e.c.p.CassandraStarterTests - Extract /root/.embedded-cassandra/cassandra/3.11.2/apache-cassandra-3.11.2-bin.tar.gz : extract apache-cassandra-3.11.2/pylib/cqlshlib/__init__.py
2018-07-19 14:58:30 [main] INFO  c.g.n.e.c.p.CassandraStarterTests - Extract /root/.embedded-cassandra/cassandra/3.11.2/apache-cassandra-3.11.2-bin.tar.gz : extract apache-cassandra-3.11.2/pylib/cqlshlib/copyutil.py
2018-07-19 14:58:30 [main] INFO  c.g.n.e.c.p.CassandraStarterTests - Extract /root/.embedded-cassandra/cassandra/3.11.2/apache-cassandra-3.11.2-bin.tar.gz : extract apache-cassandra-3.11.2/pylib/cqlshlib/cql3handling.py
2018-07-19 14:58:30 [main] INFO  c.g.n.e.c.p.CassandraStarterTests - Extract /root/.embedded-cassandra/cassandra/3.11.2/apache-cassandra-3.11.2-bin.tar.gz : extract apache-cassandra-3.11.2/pylib/cqlshlib/cqlhandling.py
2018-07-19 14:58:30 [main] INFO  c.g.n.e.c.p.CassandraStarterTests - Extract /root/.embedded-cassandra/cassandra/3.11.2/apache-cassandra-3.11.2-bin.tar.gz : extract apache-cassandra-3.11.2/pylib/cqlshlib/cqlshhandling.py
2018-07-19 14:58:30 [main] INFO  c.g.n.e.c.p.CassandraStarterTests - Extract /root/.embedded-cassandra/cassandra/3.11.2/apache-cassandra-3.11.2-bin.tar.gz : extract apache-cassandra-3.11.2/pylib/cqlshlib/displaying.py
2018-07-19 14:58:30 [main] INFO  c.g.n.e.c.p.CassandraStarterTests - Extract /root/.embedded-cassandra/cassandra/3.11.2/apache-cassandra-3.11.2-bin.tar.gz : extract apache-cassandra-3.11.2/pylib/cqlshlib/formatting.py
2018-07-19 14:58:30 [main] INFO  c.g.n.e.c.p.CassandraStarterTests - Extract /root/.embedded-cassandra/cassandra/3.11.2/apache-cassandra-3.11.2-bin.tar.gz : extract apache-cassandra-3.11.2/pylib/cqlshlib/helptopics.py
2018-07-19 14:58:30 [main] INFO  c.g.n.e.c.p.CassandraStarterTests - Extract /root/.embedded-cassandra/cassandra/3.11.2/apache-cassandra-3.11.2-bin.tar.gz : extract apache-cassandra-3.11.2/pylib/cqlshlib/pylexotron.py
2018-07-19 14:58:30 [main] INFO  c.g.n.e.c.p.CassandraStarterTests - Extract /root/.embedded-cassandra/cassandra/3.11.2/apache-cassandra-3.11.2-bin.tar.gz : extract apache-cassandra-3.11.2/pylib/cqlshlib/saferscanner.py
2018-07-19 14:58:30 [main] INFO  c.g.n.e.c.p.CassandraStarterTests - Extract /root/.embedded-cassandra/cassandra/3.11.2/apache-cassandra-3.11.2-bin.tar.gz : extract apache-cassandra-3.11.2/pylib/cqlshlib/sslhandling.py
2018-07-19 14:58:30 [main] INFO  c.g.n.e.c.p.CassandraStarterTests - Extract /root/.embedded-cassandra/cassandra/3.11.2/apache-cassandra-3.11.2-bin.tar.gz : extract apache-cassandra-3.11.2/pylib/cqlshlib/test/__init__.py
2018-07-19 14:58:30 [main] INFO  c.g.n.e.c.p.CassandraStarterTests - Extract /root/.embedded-cassandra/cassandra/3.11.2/apache-cassandra-3.11.2-bin.tar.gz : extract apache-cassandra-3.11.2/pylib/cqlshlib/test/ansi_colors.py
2018-07-19 14:58:30 [main] INFO  c.g.n.e.c.p.CassandraStarterTests - Extract /root/.embedded-cassandra/cassandra/3.11.2/apache-cassandra-3.11.2-bin.tar.gz : extract apache-cassandra-3.11.2/pylib/cqlshlib/test/basecase.py
2018-07-19 14:58:30 [main] INFO  c.g.n.e.c.p.CassandraStarterTests - Extract /root/.embedded-cassandra/cassandra/3.11.2/apache-cassandra-3.11.2-bin.tar.gz : extract apache-cassandra-3.11.2/pylib/cqlshlib/test/cassconnect.py
2018-07-19 14:58:30 [main] INFO  c.g.n.e.c.p.CassandraStarterTests - Extract /root/.embedded-cassandra/cassandra/3.11.2/apache-cassandra-3.11.2-bin.tar.gz : extract apache-cassandra-3.11.2/pylib/cqlshlib/test/run_cqlsh.py
2018-07-19 14:58:30 [main] INFO  c.g.n.e.c.p.CassandraStarterTests - Extract /root/.embedded-cassandra/cassandra/3.11.2/apache-cassandra-3.11.2-bin.tar.gz : extract apache-cassandra-3.11.2/pylib/cqlshlib/test/test_cql_parsing.py
2018-07-19 14:58:30 [main] INFO  c.g.n.e.c.p.CassandraStarterTests - Extract /root/.embedded-cassandra/cassandra/3.11.2/apache-cassandra-3.11.2-bin.tar.gz : extract apache-cassandra-3.11.2/pylib/cqlshlib/test/test_cqlsh_commands.py
2018-07-19 14:58:30 [main] INFO  c.g.n.e.c.p.CassandraStarterTests - Extract /root/.embedded-cassandra/cassandra/3.11.2/apache-cassandra-3.11.2-bin.tar.gz : extract apache-cassandra-3.11.2/pylib/cqlshlib/test/test_cqlsh_completion.py
2018-07-19 14:58:30 [main] INFO  c.g.n.e.c.p.CassandraStarterTests - Extract /root/.embedded-cassandra/cassandra/3.11.2/apache-cassandra-3.11.2-bin.tar.gz : extract apache-cassandra-3.11.2/pylib/cqlshlib/test/test_cqlsh_invocation.py
2018-07-19 14:58:30 [main] INFO  c.g.n.e.c.p.CassandraStarterTests - Extract /root/.embedded-cassandra/cassandra/3.11.2/apache-cassandra-3.11.2-bin.tar.gz : extract apache-cassandra-3.11.2/pylib/cqlshlib/test/test_cqlsh_output.py
2018-07-19 14:58:30 [main] INFO  c.g.n.e.c.p.CassandraStarterTests - Extract /root/.embedded-cassandra/cassandra/3.11.2/apache-cassandra-3.11.2-bin.tar.gz : extract apache-cassandra-3.11.2/pylib/cqlshlib/test/test_cqlsh_parsing.py
2018-07-19 14:58:30 [main] INFO  c.g.n.e.c.p.CassandraStarterTests - Extract /root/.embedded-cassandra/cassandra/3.11.2/apache-cassandra-3.11.2-bin.tar.gz : extract apache-cassandra-3.11.2/pylib/cqlshlib/test/test_keyspace_init.cql
2018-07-19 14:58:30 [main] INFO  c.g.n.e.c.p.CassandraStarterTests - Extract /root/.embedded-cassandra/cassandra/3.11.2/apache-cassandra-3.11.2-bin.tar.gz : extract apache-cassandra-3.11.2/pylib/cqlshlib/test/winpty.py
2018-07-19 14:58:30 [main] INFO  c.g.n.e.c.p.CassandraStarterTests - Extract /root/.embedded-cassandra/cassandra/3.11.2/apache-cassandra-3.11.2-bin.tar.gz : extract apache-cassandra-3.11.2/pylib/cqlshlib/tracing.py
2018-07-19 14:58:30 [main] INFO  c.g.n.e.c.p.CassandraStarterTests - Extract /root/.embedded-cassandra/cassandra/3.11.2/apache-cassandra-3.11.2-bin.tar.gz : extract apache-cassandra-3.11.2/pylib/cqlshlib/util.py
2018-07-19 14:58:30 [main] INFO  c.g.n.e.c.p.CassandraStarterTests - Extract /root/.embedded-cassandra/cassandra/3.11.2/apache-cassandra-3.11.2-bin.tar.gz : extract apache-cassandra-3.11.2/pylib/cqlshlib/wcwidth.py
2018-07-19 14:58:30 [main] INFO  c.g.n.e.c.p.CassandraStarterTests - Extract /root/.embedded-cassandra/cassandra/3.11.2/apache-cassandra-3.11.2-bin.tar.gz : extract apache-cassandra-3.11.2/pylib/setup.py
2018-07-19 14:58:30 [main] INFO  c.g.n.e.c.p.CassandraStarterTests - Extract /root/.embedded-cassandra/cassandra/3.11.2/apache-cassandra-3.11.2-bin.tar.gz : extract apache-cassandra-3.11.2/tools/bin/cassandra-stress
2018-07-19 14:58:30 [main] INFO  c.g.n.e.c.p.CassandraStarterTests - Extract /root/.embedded-cassandra/cassandra/3.11.2/apache-cassandra-3.11.2-bin.tar.gz : extract apache-cassandra-3.11.2/tools/bin/cassandra-stress.bat
2018-07-19 14:58:30 [main] INFO  c.g.n.e.c.p.CassandraStarterTests - Extract /root/.embedded-cassandra/cassandra/3.11.2/apache-cassandra-3.11.2-bin.tar.gz : extract apache-cassandra-3.11.2/tools/bin/cassandra-stressd
2018-07-19 14:58:30 [main] INFO  c.g.n.e.c.p.CassandraStarterTests - Extract /root/.embedded-cassandra/cassandra/3.11.2/apache-cassandra-3.11.2-bin.tar.gz : extract apache-cassandra-3.11.2/tools/bin/cassandra.in.bat
2018-07-19 14:58:30 [main] INFO  c.g.n.e.c.p.CassandraStarterTests - Extract /root/.embedded-cassandra/cassandra/3.11.2/apache-cassandra-3.11.2-bin.tar.gz : extract apache-cassandra-3.11.2/tools/bin/cassandra.in.sh
2018-07-19 14:58:30 [main] INFO  c.g.n.e.c.p.CassandraStarterTests - Extract /root/.embedded-cassandra/cassandra/3.11.2/apache-cassandra-3.11.2-bin.tar.gz : extract apache-cassandra-3.11.2/tools/bin/compaction-stress
2018-07-19 14:58:30 [main] INFO  c.g.n.e.c.p.CassandraStarterTests - Extract /root/.embedded-cassandra/cassandra/3.11.2/apache-cassandra-3.11.2-bin.tar.gz : extract apache-cassandra-3.11.2/tools/bin/sstabledump
2018-07-19 14:58:30 [main] INFO  c.g.n.e.c.p.CassandraStarterTests - Extract /root/.embedded-cassandra/cassandra/3.11.2/apache-cassandra-3.11.2-bin.tar.gz : extract apache-cassandra-3.11.2/tools/bin/sstabledump.bat
2018-07-19 14:58:30 [main] INFO  c.g.n.e.c.p.CassandraStarterTests - Extract /root/.embedded-cassandra/cassandra/3.11.2/apache-cassandra-3.11.2-bin.tar.gz : extract apache-cassandra-3.11.2/tools/bin/sstableexpiredblockers
2018-07-19 14:58:30 [main] INFO  c.g.n.e.c.p.CassandraStarterTests - Extract /root/.embedded-cassandra/cassandra/3.11.2/apache-cassandra-3.11.2-bin.tar.gz : extract apache-cassandra-3.11.2/tools/bin/sstableexpiredblockers.bat
2018-07-19 14:58:30 [main] INFO  c.g.n.e.c.p.CassandraStarterTests - Extract /root/.embedded-cassandra/cassandra/3.11.2/apache-cassandra-3.11.2-bin.tar.gz : extract apache-cassandra-3.11.2/tools/bin/sstablelevelreset
2018-07-19 14:58:30 [main] INFO  c.g.n.e.c.p.CassandraStarterTests - Extract /root/.embedded-cassandra/cassandra/3.11.2/apache-cassandra-3.11.2-bin.tar.gz : extract apache-cassandra-3.11.2/tools/bin/sstablelevelreset.bat
2018-07-19 14:58:30 [main] INFO  c.g.n.e.c.p.CassandraStarterTests - Extract /root/.embedded-cassandra/cassandra/3.11.2/apache-cassandra-3.11.2-bin.tar.gz : extract apache-cassandra-3.11.2/tools/bin/sstablemetadata
2018-07-19 14:58:30 [main] INFO  c.g.n.e.c.p.CassandraStarterTests - Extract /root/.embedded-cassandra/cassandra/3.11.2/apache-cassandra-3.11.2-bin.tar.gz : extract apache-cassandra-3.11.2/tools/bin/sstablemetadata.bat
2018-07-19 14:58:30 [main] INFO  c.g.n.e.c.p.CassandraStarterTests - Extract /root/.embedded-cassandra/cassandra/3.11.2/apache-cassandra-3.11.2-bin.tar.gz : extract apache-cassandra-3.11.2/tools/bin/sstableofflinerelevel
2018-07-19 14:58:30 [main] INFO  c.g.n.e.c.p.CassandraStarterTests - Extract /root/.embedded-cassandra/cassandra/3.11.2/apache-cassandra-3.11.2-bin.tar.gz : extract apache-cassandra-3.11.2/tools/bin/sstableofflinerelevel.bat
2018-07-19 14:58:30 [main] INFO  c.g.n.e.c.p.CassandraStarterTests - Extract /root/.embedded-cassandra/cassandra/3.11.2/apache-cassandra-3.11.2-bin.tar.gz : extract apache-cassandra-3.11.2/tools/bin/sstablerepairedset
2018-07-19 14:58:30 [main] INFO  c.g.n.e.c.p.CassandraStarterTests - Extract /root/.embedded-cassandra/cassandra/3.11.2/apache-cassandra-3.11.2-bin.tar.gz : extract apache-cassandra-3.11.2/tools/bin/sstablerepairedset.bat
2018-07-19 14:58:30 [main] INFO  c.g.n.e.c.p.CassandraStarterTests - Extract /root/.embedded-cassandra/cassandra/3.11.2/apache-cassandra-3.11.2-bin.tar.gz : extract apache-cassandra-3.11.2/tools/bin/sstablesplit
2018-07-19 14:58:30 [main] INFO  c.g.n.e.c.p.CassandraStarterTests - Extract /root/.embedded-cassandra/cassandra/3.11.2/apache-cassandra-3.11.2-bin.tar.gz : extract apache-cassandra-3.11.2/tools/bin/sstablesplit.bat
2018-07-19 14:58:30 [main] INFO  c.g.n.e.c.p.CassandraStarterTests - Extract /root/.embedded-cassandra/cassandra/3.11.2/apache-cassandra-3.11.2-bin.tar.gz : extract apache-cassandra-3.11.2/tools/cqlstress-counter-example.yaml
2018-07-19 14:58:30 [main] INFO  c.g.n.e.c.p.CassandraStarterTests - Extract /root/.embedded-cassandra/cassandra/3.11.2/apache-cassandra-3.11.2-bin.tar.gz : extract apache-cassandra-3.11.2/tools/cqlstress-example.yaml
2018-07-19 14:58:30 [main] INFO  c.g.n.e.c.p.CassandraStarterTests - Extract /root/.embedded-cassandra/cassandra/3.11.2/apache-cassandra-3.11.2-bin.tar.gz : extract apache-cassandra-3.11.2/tools/cqlstress-insanity-example.yaml
2018-07-19 14:58:30 [main] INFO  c.g.n.e.c.p.CassandraStarterTests - Extract /root/.embedded-cassandra/cassandra/3.11.2/apache-cassandra-3.11.2-bin.tar.gz : extract apache-cassandra-3.11.2/tools/lib/stress.jar
2018-07-19 14:58:30 [main] INFO  c.g.n.e.c.p.CassandraStarterTests - Extract /root/.embedded-cassandra/cassandra/3.11.2/apache-cassandra-3.11.2-bin.tar.gz : extract apache-cassandra-3.11.2/bin/cassandra.in.sh
2018-07-19 14:58:30 [main] INFO  c.g.n.e.c.p.CassandraStarterTests - Extract /root/.embedded-cassandra/cassandra/3.11.2/apache-cassandra-3.11.2-bin.tar.gz : extract apache-cassandra-3.11.2/bin/cassandra
2018-07-19 14:58:30 [main] INFO  c.g.n.e.c.p.CassandraStarterTests - Extract /root/.embedded-cassandra/cassandra/3.11.2/apache-cassandra-3.11.2-bin.tar.gz : extract apache-cassandra-3.11.2/bin/cassandra.bat
2018-07-19 14:58:30 [main] INFO  c.g.n.e.c.p.CassandraStarterTests - Extract /root/.embedded-cassandra/cassandra/3.11.2/apache-cassandra-3.11.2-bin.tar.gz : extract apache-cassandra-3.11.2/bin/cassandra.in.bat
2018-07-19 14:58:30 [main] INFO  c.g.n.e.c.p.CassandraStarterTests - Extract /root/.embedded-cassandra/cassandra/3.11.2/apache-cassandra-3.11.2-bin.tar.gz : extract apache-cassandra-3.11.2/bin/cqlsh
2018-07-19 14:58:30 [main] INFO  c.g.n.e.c.p.CassandraStarterTests - Extract /root/.embedded-cassandra/cassandra/3.11.2/apache-cassandra-3.11.2-bin.tar.gz : extract apache-cassandra-3.11.2/bin/cqlsh.bat
2018-07-19 14:58:30 [main] INFO  c.g.n.e.c.p.CassandraStarterTests - Extract /root/.embedded-cassandra/cassandra/3.11.2/apache-cassandra-3.11.2-bin.tar.gz : extract apache-cassandra-3.11.2/bin/cqlsh.py
2018-07-19 14:58:30 [main] INFO  c.g.n.e.c.p.CassandraStarterTests - Extract /root/.embedded-cassandra/cassandra/3.11.2/apache-cassandra-3.11.2-bin.tar.gz : extract apache-cassandra-3.11.2/bin/debug-cql
2018-07-19 14:58:30 [main] INFO  c.g.n.e.c.p.CassandraStarterTests - Extract /root/.embedded-cassandra/cassandra/3.11.2/apache-cassandra-3.11.2-bin.tar.gz : extract apache-cassandra-3.11.2/bin/debug-cql.bat
2018-07-19 14:58:30 [main] INFO  c.g.n.e.c.p.CassandraStarterTests - Extract /root/.embedded-cassandra/cassandra/3.11.2/apache-cassandra-3.11.2-bin.tar.gz : extract apache-cassandra-3.11.2/bin/nodetool
2018-07-19 14:58:30 [main] INFO  c.g.n.e.c.p.CassandraStarterTests - Extract /root/.embedded-cassandra/cassandra/3.11.2/apache-cassandra-3.11.2-bin.tar.gz : extract apache-cassandra-3.11.2/bin/nodetool.bat
2018-07-19 14:58:30 [main] INFO  c.g.n.e.c.p.CassandraStarterTests - Extract /root/.embedded-cassandra/cassandra/3.11.2/apache-cassandra-3.11.2-bin.tar.gz : extract apache-cassandra-3.11.2/bin/source-conf.ps1
2018-07-19 14:58:30 [main] INFO  c.g.n.e.c.p.CassandraStarterTests - Extract /root/.embedded-cassandra/cassandra/3.11.2/apache-cassandra-3.11.2-bin.tar.gz : extract apache-cassandra-3.11.2/bin/sstableloader
2018-07-19 14:58:30 [main] INFO  c.g.n.e.c.p.CassandraStarterTests - Extract /root/.embedded-cassandra/cassandra/3.11.2/apache-cassandra-3.11.2-bin.tar.gz : extract apache-cassandra-3.11.2/bin/sstableloader.bat
2018-07-19 14:58:30 [main] INFO  c.g.n.e.c.p.CassandraStarterTests - Extract /root/.embedded-cassandra/cassandra/3.11.2/apache-cassandra-3.11.2-bin.tar.gz : extract apache-cassandra-3.11.2/bin/sstablescrub
2018-07-19 14:58:30 [main] INFO  c.g.n.e.c.p.CassandraStarterTests - Extract /root/.embedded-cassandra/cassandra/3.11.2/apache-cassandra-3.11.2-bin.tar.gz : extract apache-cassandra-3.11.2/bin/sstablescrub.bat
2018-07-19 14:58:30 [main] INFO  c.g.n.e.c.p.CassandraStarterTests - Extract /root/.embedded-cassandra/cassandra/3.11.2/apache-cassandra-3.11.2-bin.tar.gz : extract apache-cassandra-3.11.2/bin/sstableupgrade
2018-07-19 14:58:30 [main] INFO  c.g.n.e.c.p.CassandraStarterTests - Extract /root/.embedded-cassandra/cassandra/3.11.2/apache-cassandra-3.11.2-bin.tar.gz : extract apache-cassandra-3.11.2/bin/sstableupgrade.bat
2018-07-19 14:58:30 [main] INFO  c.g.n.e.c.p.CassandraStarterTests - Extract /root/.embedded-cassandra/cassandra/3.11.2/apache-cassandra-3.11.2-bin.tar.gz : extract apache-cassandra-3.11.2/bin/sstableutil
2018-07-19 14:58:30 [main] INFO  c.g.n.e.c.p.CassandraStarterTests - Extract /root/.embedded-cassandra/cassandra/3.11.2/apache-cassandra-3.11.2-bin.tar.gz : extract apache-cassandra-3.11.2/bin/sstableutil.bat
2018-07-19 14:58:30 [main] INFO  c.g.n.e.c.p.CassandraStarterTests - Extract /root/.embedded-cassandra/cassandra/3.11.2/apache-cassandra-3.11.2-bin.tar.gz : extract apache-cassandra-3.11.2/bin/sstableverify
2018-07-19 14:58:30 [main] INFO  c.g.n.e.c.p.CassandraStarterTests - Extract /root/.embedded-cassandra/cassandra/3.11.2/apache-cassandra-3.11.2-bin.tar.gz : extract apache-cassandra-3.11.2/bin/sstableverify.bat
2018-07-19 14:58:30 [main] INFO  c.g.n.e.c.p.CassandraStarterTests - Extract /root/.embedded-cassandra/cassandra/3.11.2/apache-cassandra-3.11.2-bin.tar.gz : extract apache-cassandra-3.11.2/bin/stop-server
2018-07-19 14:58:30 [main] INFO  c.g.n.e.c.p.CassandraStarterTests - Extract /root/.embedded-cassandra/cassandra/3.11.2/apache-cassandra-3.11.2-bin.tar.gz : extract apache-cassandra-3.11.2/bin/stop-server.bat
2018-07-19 14:58:30 [main] INFO  c.g.n.e.c.p.CassandraStarterTests - Extract /root/.embedded-cassandra/cassandra/3.11.2/apache-cassandra-3.11.2-bin.tar.gz : extract apache-cassandra-3.11.2/bin/stop-server.ps1
2018-07-19 14:58:30 [main] INFO  c.g.n.e.c.p.CassandraStarterTests - Extract /root/.embedded-cassandra/cassandra/3.11.2/apache-cassandra-3.11.2-bin.tar.gz : finished
2018-07-19 14:58:30 [main] INFO  c.g.n.e.c.process.CassandraProcess - Starting Cassandra Process using command [/tmp/temp--5e58c9c5-0807-435b-a26d-6cfae4b5d75f/apache-cassandra-3.11.2/bin/cassandra, -f, -Dcassandra.jmx.local.port=39125]
2018-07-19 14:58:30 [Thread-18] INFO  c.g.n.e.c.p.CassandraStarterTests - [P:967] Running Cassandra as root user or group is not recommended - please start Cassandra using a different system user.
2018-07-19 14:58:30 [Thread-18] INFO  c.g.n.e.c.p.CassandraStarterTests - [P:967] If you really want to force running Cassandra as root, use -R command line option.
2018-07-19 14:58:30 [main] INFO  c.g.n.e.c.process.CassandraProcess - Cassandra process '967' has been stopped.
]]></system-out>
    <rerunFailure message="&#10;Expected: (an instance of java.net.ConnectException and exception with message a string containing &quot;Connection refused&quot;)&#10;     but: an instance of java.net.ConnectException &lt;java.io.IOException: Could not start a process &apos;1381&apos;.&#10;Failure:&lt;EOF&gt;&#10;Output:&#10;--- START --- &#10;[P:1381] Running Cassandra as root user or group is not recommended - please start Cassandra using a different system user.&#10;[P:1381] If you really want to force running Cassandra as root, use -R command line option.&#10;&#10;--- END --- &gt; is a java.io.IOException&#10;Stacktrace was: java.io.IOException: Could not start a process &apos;1381&apos;.&#10;Failure:&lt;EOF&gt;&#10;Output:&#10;--- START --- &#10;[P:1381] Running Cassandra as root user or group is not recommended - please start Cassandra using a different system user.&#10;[P:1381] If you really want to force running Cassandra as root, use -R command line option.&#10;&#10;--- END --- &#10;	at com.github.nosan.embedded.cassandra.process.CassandraProcess.onAfterProcessStart(CassandraProcess.java:114)&#10;	at de.flapdoodle.embed.process.runtime.AbstractProcess.&lt;init&gt;(AbstractProcess.java:116)&#10;	at com.github.nosan.embedded.cassandra.process.CassandraProcess.&lt;init&gt;(CassandraProcess.java:67)&#10;	at com.github.nosan.embedded.cassandra.process.CassandraExecutable.start(CassandraExecutable.java:49)&#10;	at com.github.nosan.embedded.cassandra.process.CassandraExecutable.start(CassandraExecutable.java:37)&#10;	at de.flapdoodle.embed.process.runtime.Executable.start(Executable.java:108)&#10;	at com.github.nosan.embedded.cassandra.process.CassandraStarterTests.start(CassandraStarterTests.java:64)&#10;	at com.github.nosan.embedded.cassandra.process.CassandraStarterTests.shouldStartCassandraWithDisableRpcAndNativeTransportPorts(CassandraStarterTests.java:137)&#10;	at sun.reflect.NativeMethodAccessorImpl.invoke0(Native Method)&#10;	at sun.reflect.NativeMethodAccessorImpl.invoke(NativeMethodAccessorImpl.java:62)&#10;	at sun.reflect.DelegatingMethodAccessorImpl.invoke(DelegatingMethodAccessorImpl.java:43)&#10;	at java.lang.reflect.Method.invoke(Method.java:498)&#10;	at org.junit.runners.model.FrameworkMethod$1.runReflectiveCall(FrameworkMethod.java:50)&#10;	at org.junit.internal.runners.model.ReflectiveCallable.run(ReflectiveCallable.java:12)&#10;	at org.junit.runners.model.FrameworkMethod.invokeExplosively(FrameworkMethod.java:47)&#10;	at org.junit.internal.runners.statements.InvokeMethod.evaluate(InvokeMethod.java:17)&#10;	at org.junit.rules.ExpectedException$ExpectedExceptionStatement.evaluate(ExpectedException.java:239)&#10;	at org.junit.rules.RunRules.evaluate(RunRules.java:20)&#10;	at org.junit.runners.ParentRunner.runLeaf(ParentRunner.java:325)&#10;	at org.junit.runners.BlockJUnit4ClassRunner.runChild(BlockJUnit4ClassRunner.java:78)&#10;	at org.junit.runners.BlockJUnit4ClassRunner.runChild(BlockJUnit4ClassRunner.java:57)&#10;	at org.junit.runners.ParentRunner$3.run(ParentRunner.java:290)&#10;	at org.junit.runners.ParentRunner$1.schedule(ParentRunner.java:71)&#10;	at org.junit.runners.ParentRunner.runChildren(ParentRunner.java:288)&#10;	at org.junit.runners.ParentRunner.access$000(ParentRunner.java:58)&#10;	at org.junit.runners.ParentRunner$2.evaluate(ParentRunner.java:268)&#10;	at org.junit.runners.ParentRunner.run(ParentRunner.java:363)&#10;	at org.apache.maven.surefire.junit4.JUnit4Provider.executeFailedMethod(JUnit4Provider.java:379)&#10;	at org.apache.maven.surefire.junit4.JUnit4Provider.executeWithRerun(JUnit4Provider.java:290)&#10;	at org.apache.maven.surefire.junit4.JUnit4Provider.executeTestSet(JUnit4Provider.java:236)&#10;	at org.apache.maven.surefire.junit4.JUnit4Provider.invoke(JUnit4Provider.java:159)&#10;	at org.apache.maven.surefire.booter.ForkedBooter.invokeProviderInSameClassLoader(ForkedBooter.java:386)&#10;	at org.apache.maven.surefire.booter.ForkedBooter.runSuitesInProcess(ForkedBooter.java:323)&#10;	at org.apache.maven.surefire.booter.ForkedBooter.main(ForkedBooter.java:143)&#10;" type="java.lang.AssertionError"><![CDATA[java.lang.AssertionError: 

Expected: (an instance of java.net.ConnectException and exception with message a string containing "Connection refused")
     but: an instance of java.net.ConnectException <java.io.IOException: Could not start a process '1381'.
Failure:<EOF>
Output:
--- START --- 
[P:1381] Running Cassandra as root user or group is not recommended - please start Cassandra using a different system user.
[P:1381] If you really want to force running Cassandra as root, use -R command line option.

--- END --- > is a java.io.IOException
Stacktrace was: java.io.IOException: Could not start a process '1381'.
Failure:<EOF>
Output:
--- START --- 
[P:1381] Running Cassandra as root user or group is not recommended - please start Cassandra using a different system user.
[P:1381] If you really want to force running Cassandra as root, use -R command line option.

--- END --- 
	at com.github.nosan.embedded.cassandra.process.CassandraProcess.onAfterProcessStart(CassandraProcess.java:114)
	at de.flapdoodle.embed.process.runtime.AbstractProcess.<init>(AbstractProcess.java:116)
	at com.github.nosan.embedded.cassandra.process.CassandraProcess.<init>(CassandraProcess.java:67)
	at com.github.nosan.embedded.cassandra.process.CassandraExecutable.start(CassandraExecutable.java:49)
	at com.github.nosan.embedded.cassandra.process.CassandraExecutable.start(CassandraExecutable.java:37)
	at de.flapdoodle.embed.process.runtime.Executable.start(Executable.java:108)
	at com.github.nosan.embedded.cassandra.process.CassandraStarterTests.start(CassandraStarterTests.java:64)
	at com.github.nosan.embedded.cassandra.process.CassandraStarterTests.shouldStartCassandraWithDisableRpcAndNativeTransportPorts(CassandraStarterTests.java:137)
	at sun.reflect.NativeMethodAccessorImpl.invoke0(Native Method)
	at sun.reflect.NativeMethodAccessorImpl.invoke(NativeMethodAccessorImpl.java:62)
	at sun.reflect.DelegatingMethodAccessorImpl.invoke(DelegatingMethodAccessorImpl.java:43)
	at java.lang.reflect.Method.invoke(Method.java:498)
	at org.junit.runners.model.FrameworkMethod$1.runReflectiveCall(FrameworkMethod.java:50)
	at org.junit.internal.runners.model.ReflectiveCallable.run(ReflectiveCallable.java:12)
	at org.junit.runners.model.FrameworkMethod.invokeExplosively(FrameworkMethod.java:47)
	at org.junit.internal.runners.statements.InvokeMethod.evaluate(InvokeMethod.java:17)
	at org.junit.rules.ExpectedException$ExpectedExceptionStatement.evaluate(ExpectedException.java:239)
	at org.junit.rules.RunRules.evaluate(RunRules.java:20)
	at org.junit.runners.ParentRunner.runLeaf(ParentRunner.java:325)
	at org.junit.runners.BlockJUnit4ClassRunner.runChild(BlockJUnit4ClassRunner.java:78)
	at org.junit.runners.BlockJUnit4ClassRunner.runChild(BlockJUnit4ClassRunner.java:57)
	at org.junit.runners.ParentRunner$3.run(ParentRunner.java:290)
	at org.junit.runners.ParentRunner$1.schedule(ParentRunner.java:71)
	at org.junit.runners.ParentRunner.runChildren(ParentRunner.java:288)
	at org.junit.runners.ParentRunner.access$000(ParentRunner.java:58)
	at org.junit.runners.ParentRunner$2.evaluate(ParentRunner.java:268)
	at org.junit.runners.ParentRunner.run(ParentRunner.java:363)
	at org.apache.maven.surefire.junit4.JUnit4Provider.executeFailedMethod(JUnit4Provider.java:379)
	at org.apache.maven.surefire.junit4.JUnit4Provider.executeWithRerun(JUnit4Provider.java:290)
	at org.apache.maven.surefire.junit4.JUnit4Provider.executeTestSet(JUnit4Provider.java:236)
	at org.apache.maven.surefire.junit4.JUnit4Provider.invoke(JUnit4Provider.java:159)
	at org.apache.maven.surefire.booter.ForkedBooter.invokeProviderInSameClassLoader(ForkedBooter.java:386)
	at org.apache.maven.surefire.booter.ForkedBooter.runSuitesInProcess(ForkedBooter.java:323)
	at org.apache.maven.surefire.booter.ForkedBooter.main(ForkedBooter.java:143)

	at org.hamcrest.MatcherAssert.assertThat(MatcherAssert.java:20)
	at org.junit.Assert.assertThat(Assert.java:956)
	at org.junit.Assert.assertThat(Assert.java:923)
	at org.junit.rules.ExpectedException.handleException(ExpectedException.java:252)
	at org.junit.rules.ExpectedException.access$000(ExpectedException.java:106)
	at org.junit.rules.ExpectedException$ExpectedExceptionStatement.evaluate(ExpectedException.java:241)
	at org.junit.rules.RunRules.evaluate(RunRules.java:20)
	at org.junit.runners.ParentRunner.runLeaf(ParentRunner.java:325)
	at org.junit.runners.BlockJUnit4ClassRunner.runChild(BlockJUnit4ClassRunner.java:78)
	at org.junit.runners.BlockJUnit4ClassRunner.runChild(BlockJUnit4ClassRunner.java:57)
	at org.junit.runners.ParentRunner$3.run(ParentRunner.java:290)
	at org.junit.runners.ParentRunner$1.schedule(ParentRunner.java:71)
	at org.junit.runners.ParentRunner.runChildren(ParentRunner.java:288)
	at org.junit.runners.ParentRunner.access$000(ParentRunner.java:58)
	at org.junit.runners.ParentRunner$2.evaluate(ParentRunner.java:268)
	at org.junit.runners.ParentRunner.run(ParentRunner.java:363)
	at org.apache.maven.surefire.junit4.JUnit4Provider.executeFailedMethod(JUnit4Provider.java:379)
	at org.apache.maven.surefire.junit4.JUnit4Provider.executeWithRerun(JUnit4Provider.java:290)
	at org.apache.maven.surefire.junit4.JUnit4Provider.executeTestSet(JUnit4Provider.java:236)
	at org.apache.maven.surefire.junit4.JUnit4Provider.invoke(JUnit4Provider.java:159)
	at org.apache.maven.surefire.booter.ForkedBooter.invokeProviderInSameClassLoader(ForkedBooter.java:386)
	at org.apache.maven.surefire.booter.ForkedBooter.runSuitesInProcess(ForkedBooter.java:323)
	at org.apache.maven.surefire.booter.ForkedBooter.main(ForkedBooter.java:143)
]]>
      <system-out><![CDATA[2018-07-19 14:58:51 [main] INFO  c.g.n.e.c.p.CassandraStarterTests - Extract /root/.embedded-cassandra/cassandra/3.11.2/apache-cassandra-3.11.2-bin.tar.gz : starting...
2018-07-19 14:58:51 [main] INFO  c.g.n.e.c.p.CassandraStarterTests - Extract /root/.embedded-cassandra/cassandra/3.11.2/apache-cassandra-3.11.2-bin.tar.gz : extract apache-cassandra-3.11.2/conf/cassandra-env.ps1
2018-07-19 14:58:51 [main] INFO  c.g.n.e.c.p.CassandraStarterTests - Extract /root/.embedded-cassandra/cassandra/3.11.2/apache-cassandra-3.11.2-bin.tar.gz : extract apache-cassandra-3.11.2/conf/cassandra-env.sh
2018-07-19 14:58:51 [main] INFO  c.g.n.e.c.p.CassandraStarterTests - Extract /root/.embedded-cassandra/cassandra/3.11.2/apache-cassandra-3.11.2-bin.tar.gz : extract apache-cassandra-3.11.2/conf/cassandra-jaas.config
2018-07-19 14:58:51 [main] INFO  c.g.n.e.c.p.CassandraStarterTests - Extract /root/.embedded-cassandra/cassandra/3.11.2/apache-cassandra-3.11.2-bin.tar.gz : extract apache-cassandra-3.11.2/conf/cassandra-rackdc.properties
2018-07-19 14:58:51 [main] INFO  c.g.n.e.c.p.CassandraStarterTests - Extract /root/.embedded-cassandra/cassandra/3.11.2/apache-cassandra-3.11.2-bin.tar.gz : extract apache-cassandra-3.11.2/conf/cassandra-topology.properties
2018-07-19 14:58:51 [main] INFO  c.g.n.e.c.p.CassandraStarterTests - Extract /root/.embedded-cassandra/cassandra/3.11.2/apache-cassandra-3.11.2-bin.tar.gz : extract apache-cassandra-3.11.2/conf/cassandra.yaml
2018-07-19 14:58:51 [main] INFO  c.g.n.e.c.p.CassandraStarterTests - Extract /root/.embedded-cassandra/cassandra/3.11.2/apache-cassandra-3.11.2-bin.tar.gz : extract apache-cassandra-3.11.2/conf/commitlog_archiving.properties
2018-07-19 14:58:51 [main] INFO  c.g.n.e.c.p.CassandraStarterTests - Extract /root/.embedded-cassandra/cassandra/3.11.2/apache-cassandra-3.11.2-bin.tar.gz : extract apache-cassandra-3.11.2/conf/cqlshrc.sample
2018-07-19 14:58:51 [main] INFO  c.g.n.e.c.p.CassandraStarterTests - Extract /root/.embedded-cassandra/cassandra/3.11.2/apache-cassandra-3.11.2-bin.tar.gz : extract apache-cassandra-3.11.2/conf/hotspot_compiler
2018-07-19 14:58:51 [main] INFO  c.g.n.e.c.p.CassandraStarterTests - Extract /root/.embedded-cassandra/cassandra/3.11.2/apache-cassandra-3.11.2-bin.tar.gz : extract apache-cassandra-3.11.2/conf/jvm.options
2018-07-19 14:58:51 [main] INFO  c.g.n.e.c.p.CassandraStarterTests - Extract /root/.embedded-cassandra/cassandra/3.11.2/apache-cassandra-3.11.2-bin.tar.gz : extract apache-cassandra-3.11.2/conf/logback-tools.xml
2018-07-19 14:58:51 [main] INFO  c.g.n.e.c.p.CassandraStarterTests - Extract /root/.embedded-cassandra/cassandra/3.11.2/apache-cassandra-3.11.2-bin.tar.gz : extract apache-cassandra-3.11.2/conf/logback.xml
2018-07-19 14:58:51 [main] INFO  c.g.n.e.c.p.CassandraStarterTests - Extract /root/.embedded-cassandra/cassandra/3.11.2/apache-cassandra-3.11.2-bin.tar.gz : extract apache-cassandra-3.11.2/conf/metrics-reporter-config-sample.yaml
2018-07-19 14:58:51 [main] INFO  c.g.n.e.c.p.CassandraStarterTests - Extract /root/.embedded-cassandra/cassandra/3.11.2/apache-cassandra-3.11.2-bin.tar.gz : extract apache-cassandra-3.11.2/conf/triggers/README.txt
2018-07-19 14:58:52 [main] INFO  c.g.n.e.c.p.CassandraStarterTests - Extract /root/.embedded-cassandra/cassandra/3.11.2/apache-cassandra-3.11.2-bin.tar.gz : extract apache-cassandra-3.11.2/interface/cassandra.thrift
2018-07-19 14:58:54 [main] INFO  c.g.n.e.c.p.CassandraStarterTests - Extract /root/.embedded-cassandra/cassandra/3.11.2/apache-cassandra-3.11.2-bin.tar.gz : extract apache-cassandra-3.11.2/lib/HdrHistogram-2.1.9.jar
2018-07-19 14:58:54 [main] INFO  c.g.n.e.c.p.CassandraStarterTests - Extract /root/.embedded-cassandra/cassandra/3.11.2/apache-cassandra-3.11.2-bin.tar.gz : extract apache-cassandra-3.11.2/lib/ST4-4.0.8.jar
2018-07-19 14:58:54 [main] INFO  c.g.n.e.c.p.CassandraStarterTests - Extract /root/.embedded-cassandra/cassandra/3.11.2/apache-cassandra-3.11.2-bin.tar.gz : extract apache-cassandra-3.11.2/lib/airline-0.6.jar
2018-07-19 14:58:54 [main] INFO  c.g.n.e.c.p.CassandraStarterTests - Extract /root/.embedded-cassandra/cassandra/3.11.2/apache-cassandra-3.11.2-bin.tar.gz : extract apache-cassandra-3.11.2/lib/antlr-runtime-3.5.2.jar
2018-07-19 14:58:55 [main] INFO  c.g.n.e.c.p.CassandraStarterTests - Extract /root/.embedded-cassandra/cassandra/3.11.2/apache-cassandra-3.11.2-bin.tar.gz : extract apache-cassandra-3.11.2/lib/apache-cassandra-3.11.2.jar
2018-07-19 14:58:55 [main] INFO  c.g.n.e.c.p.CassandraStarterTests - Extract /root/.embedded-cassandra/cassandra/3.11.2/apache-cassandra-3.11.2-bin.tar.gz : extract apache-cassandra-3.11.2/lib/apache-cassandra-thrift-3.11.2.jar
2018-07-19 14:58:55 [main] INFO  c.g.n.e.c.p.CassandraStarterTests - Extract /root/.embedded-cassandra/cassandra/3.11.2/apache-cassandra-3.11.2-bin.tar.gz : extract apache-cassandra-3.11.2/lib/asm-5.0.4.jar
2018-07-19 14:58:55 [main] INFO  c.g.n.e.c.p.CassandraStarterTests - Extract /root/.embedded-cassandra/cassandra/3.11.2/apache-cassandra-3.11.2-bin.tar.gz : extract apache-cassandra-3.11.2/lib/caffeine-2.2.6.jar
2018-07-19 14:58:55 [main] INFO  c.g.n.e.c.p.CassandraStarterTests - Extract /root/.embedded-cassandra/cassandra/3.11.2/apache-cassandra-3.11.2-bin.tar.gz : extract apache-cassandra-3.11.2/lib/cassandra-driver-core-3.0.1-shaded.jar
2018-07-19 14:58:55 [main] INFO  c.g.n.e.c.p.CassandraStarterTests - Extract /root/.embedded-cassandra/cassandra/3.11.2/apache-cassandra-3.11.2-bin.tar.gz : extract apache-cassandra-3.11.2/lib/cassandra-driver-internal-only-3.10.zip
2018-07-19 14:58:55 [main] INFO  c.g.n.e.c.p.CassandraStarterTests - Extract /root/.embedded-cassandra/cassandra/3.11.2/apache-cassandra-3.11.2-bin.tar.gz : extract apache-cassandra-3.11.2/lib/cassandra-driver-internal-only-3.11.0-bb96859b.zip
2018-07-19 14:58:55 [main] INFO  c.g.n.e.c.p.CassandraStarterTests - Extract /root/.embedded-cassandra/cassandra/3.11.2/apache-cassandra-3.11.2-bin.tar.gz : extract apache-cassandra-3.11.2/lib/commons-cli-1.1.jar
2018-07-19 14:58:55 [main] INFO  c.g.n.e.c.p.CassandraStarterTests - Extract /root/.embedded-cassandra/cassandra/3.11.2/apache-cassandra-3.11.2-bin.tar.gz : extract apache-cassandra-3.11.2/lib/commons-codec-1.9.jar
2018-07-19 14:58:55 [main] INFO  c.g.n.e.c.p.CassandraStarterTests - Extract /root/.embedded-cassandra/cassandra/3.11.2/apache-cassandra-3.11.2-bin.tar.gz : extract apache-cassandra-3.11.2/lib/commons-lang3-3.1.jar
2018-07-19 14:58:55 [main] INFO  c.g.n.e.c.p.CassandraStarterTests - Extract /root/.embedded-cassandra/cassandra/3.11.2/apache-cassandra-3.11.2-bin.tar.gz : extract apache-cassandra-3.11.2/lib/commons-math3-3.2.jar
2018-07-19 14:58:55 [main] INFO  c.g.n.e.c.p.CassandraStarterTests - Extract /root/.embedded-cassandra/cassandra/3.11.2/apache-cassandra-3.11.2-bin.tar.gz : extract apache-cassandra-3.11.2/lib/compress-lzf-0.8.4.jar
2018-07-19 14:58:55 [main] INFO  c.g.n.e.c.p.CassandraStarterTests - Extract /root/.embedded-cassandra/cassandra/3.11.2/apache-cassandra-3.11.2-bin.tar.gz : extract apache-cassandra-3.11.2/lib/concurrent-trees-2.4.0.jar
2018-07-19 14:58:55 [main] INFO  c.g.n.e.c.p.CassandraStarterTests - Extract /root/.embedded-cassandra/cassandra/3.11.2/apache-cassandra-3.11.2-bin.tar.gz : extract apache-cassandra-3.11.2/lib/concurrentlinkedhashmap-lru-1.4.jar
2018-07-19 14:58:55 [main] INFO  c.g.n.e.c.p.CassandraStarterTests - Extract /root/.embedded-cassandra/cassandra/3.11.2/apache-cassandra-3.11.2-bin.tar.gz : extract apache-cassandra-3.11.2/lib/disruptor-3.0.1.jar
2018-07-19 14:58:55 [main] INFO  c.g.n.e.c.p.CassandraStarterTests - Extract /root/.embedded-cassandra/cassandra/3.11.2/apache-cassandra-3.11.2-bin.tar.gz : extract apache-cassandra-3.11.2/lib/ecj-4.4.2.jar
2018-07-19 14:58:55 [main] INFO  c.g.n.e.c.p.CassandraStarterTests - Extract /root/.embedded-cassandra/cassandra/3.11.2/apache-cassandra-3.11.2-bin.tar.gz : extract apache-cassandra-3.11.2/lib/futures-2.1.6-py2.py3-none-any.zip
2018-07-19 14:58:55 [main] INFO  c.g.n.e.c.p.CassandraStarterTests - Extract /root/.embedded-cassandra/cassandra/3.11.2/apache-cassandra-3.11.2-bin.tar.gz : extract apache-cassandra-3.11.2/lib/guava-18.0.jar
2018-07-19 14:58:55 [main] INFO  c.g.n.e.c.p.CassandraStarterTests - Extract /root/.embedded-cassandra/cassandra/3.11.2/apache-cassandra-3.11.2-bin.tar.gz : extract apache-cassandra-3.11.2/lib/high-scale-lib-1.0.6.jar
2018-07-19 14:58:55 [main] INFO  c.g.n.e.c.p.CassandraStarterTests - Extract /root/.embedded-cassandra/cassandra/3.11.2/apache-cassandra-3.11.2-bin.tar.gz : extract apache-cassandra-3.11.2/lib/hppc-0.5.4.jar
2018-07-19 14:58:55 [main] INFO  c.g.n.e.c.p.CassandraStarterTests - Extract /root/.embedded-cassandra/cassandra/3.11.2/apache-cassandra-3.11.2-bin.tar.gz : extract apache-cassandra-3.11.2/lib/jackson-core-asl-1.9.13.jar
2018-07-19 14:58:55 [main] INFO  c.g.n.e.c.p.CassandraStarterTests - Extract /root/.embedded-cassandra/cassandra/3.11.2/apache-cassandra-3.11.2-bin.tar.gz : extract apache-cassandra-3.11.2/lib/jackson-mapper-asl-1.9.13.jar
2018-07-19 14:58:55 [main] INFO  c.g.n.e.c.p.CassandraStarterTests - Extract /root/.embedded-cassandra/cassandra/3.11.2/apache-cassandra-3.11.2-bin.tar.gz : extract apache-cassandra-3.11.2/lib/jamm-0.3.0.jar
2018-07-19 14:58:55 [main] INFO  c.g.n.e.c.p.CassandraStarterTests - Extract /root/.embedded-cassandra/cassandra/3.11.2/apache-cassandra-3.11.2-bin.tar.gz : extract apache-cassandra-3.11.2/lib/javax.inject.jar
2018-07-19 14:58:55 [main] INFO  c.g.n.e.c.p.CassandraStarterTests - Extract /root/.embedded-cassandra/cassandra/3.11.2/apache-cassandra-3.11.2-bin.tar.gz : extract apache-cassandra-3.11.2/lib/jbcrypt-0.3m.jar
2018-07-19 14:58:55 [main] INFO  c.g.n.e.c.p.CassandraStarterTests - Extract /root/.embedded-cassandra/cassandra/3.11.2/apache-cassandra-3.11.2-bin.tar.gz : extract apache-cassandra-3.11.2/lib/jcl-over-slf4j-1.7.7.jar
2018-07-19 14:58:55 [main] INFO  c.g.n.e.c.p.CassandraStarterTests - Extract /root/.embedded-cassandra/cassandra/3.11.2/apache-cassandra-3.11.2-bin.tar.gz : extract apache-cassandra-3.11.2/lib/jctools-core-1.2.1.jar
2018-07-19 14:58:55 [main] INFO  c.g.n.e.c.p.CassandraStarterTests - Extract /root/.embedded-cassandra/cassandra/3.11.2/apache-cassandra-3.11.2-bin.tar.gz : extract apache-cassandra-3.11.2/lib/jflex-1.6.0.jar
2018-07-19 14:58:55 [main] INFO  c.g.n.e.c.p.CassandraStarterTests - Extract /root/.embedded-cassandra/cassandra/3.11.2/apache-cassandra-3.11.2-bin.tar.gz : extract apache-cassandra-3.11.2/lib/jna-4.2.2.jar
2018-07-19 14:58:55 [main] INFO  c.g.n.e.c.p.CassandraStarterTests - Extract /root/.embedded-cassandra/cassandra/3.11.2/apache-cassandra-3.11.2-bin.tar.gz : extract apache-cassandra-3.11.2/lib/joda-time-2.4.jar
2018-07-19 14:58:55 [main] INFO  c.g.n.e.c.p.CassandraStarterTests - Extract /root/.embedded-cassandra/cassandra/3.11.2/apache-cassandra-3.11.2-bin.tar.gz : extract apache-cassandra-3.11.2/lib/json-simple-1.1.jar
2018-07-19 14:58:55 [main] INFO  c.g.n.e.c.p.CassandraStarterTests - Extract /root/.embedded-cassandra/cassandra/3.11.2/apache-cassandra-3.11.2-bin.tar.gz : extract apache-cassandra-3.11.2/lib/jstackjunit-0.0.1.jar
2018-07-19 14:58:55 [main] INFO  c.g.n.e.c.p.CassandraStarterTests - Extract /root/.embedded-cassandra/cassandra/3.11.2/apache-cassandra-3.11.2-bin.tar.gz : extract apache-cassandra-3.11.2/lib/libthrift-0.9.2.jar
2018-07-19 14:58:55 [main] INFO  c.g.n.e.c.p.CassandraStarterTests - Extract /root/.embedded-cassandra/cassandra/3.11.2/apache-cassandra-3.11.2-bin.tar.gz : extract apache-cassandra-3.11.2/lib/log4j-over-slf4j-1.7.7.jar
2018-07-19 14:58:55 [main] INFO  c.g.n.e.c.p.CassandraStarterTests - Extract /root/.embedded-cassandra/cassandra/3.11.2/apache-cassandra-3.11.2-bin.tar.gz : extract apache-cassandra-3.11.2/lib/logback-classic-1.1.3.jar
2018-07-19 14:58:55 [main] INFO  c.g.n.e.c.p.CassandraStarterTests - Extract /root/.embedded-cassandra/cassandra/3.11.2/apache-cassandra-3.11.2-bin.tar.gz : extract apache-cassandra-3.11.2/lib/logback-core-1.1.3.jar
2018-07-19 14:58:55 [main] INFO  c.g.n.e.c.p.CassandraStarterTests - Extract /root/.embedded-cassandra/cassandra/3.11.2/apache-cassandra-3.11.2-bin.tar.gz : extract apache-cassandra-3.11.2/lib/lz4-1.3.0.jar
2018-07-19 14:58:55 [main] INFO  c.g.n.e.c.p.CassandraStarterTests - Extract /root/.embedded-cassandra/cassandra/3.11.2/apache-cassandra-3.11.2-bin.tar.gz : extract apache-cassandra-3.11.2/lib/metrics-core-3.1.0.jar
2018-07-19 14:58:55 [main] INFO  c.g.n.e.c.p.CassandraStarterTests - Extract /root/.embedded-cassandra/cassandra/3.11.2/apache-cassandra-3.11.2-bin.tar.gz : extract apache-cassandra-3.11.2/lib/metrics-jvm-3.1.0.jar
2018-07-19 14:58:55 [main] INFO  c.g.n.e.c.p.CassandraStarterTests - Extract /root/.embedded-cassandra/cassandra/3.11.2/apache-cassandra-3.11.2-bin.tar.gz : extract apache-cassandra-3.11.2/lib/metrics-logback-3.1.0.jar
2018-07-19 14:58:55 [main] INFO  c.g.n.e.c.p.CassandraStarterTests - Extract /root/.embedded-cassandra/cassandra/3.11.2/apache-cassandra-3.11.2-bin.tar.gz : extract apache-cassandra-3.11.2/lib/netty-all-4.0.44.Final.jar
2018-07-19 14:58:55 [main] INFO  c.g.n.e.c.p.CassandraStarterTests - Extract /root/.embedded-cassandra/cassandra/3.11.2/apache-cassandra-3.11.2-bin.tar.gz : extract apache-cassandra-3.11.2/lib/ohc-core-0.4.4.jar
2018-07-19 14:58:55 [main] INFO  c.g.n.e.c.p.CassandraStarterTests - Extract /root/.embedded-cassandra/cassandra/3.11.2/apache-cassandra-3.11.2-bin.tar.gz : extract apache-cassandra-3.11.2/lib/ohc-core-j8-0.4.4.jar
2018-07-19 14:58:55 [main] INFO  c.g.n.e.c.p.CassandraStarterTests - Extract /root/.embedded-cassandra/cassandra/3.11.2/apache-cassandra-3.11.2-bin.tar.gz : extract apache-cassandra-3.11.2/lib/reporter-config-base-3.0.3.jar
2018-07-19 14:58:55 [main] INFO  c.g.n.e.c.p.CassandraStarterTests - Extract /root/.embedded-cassandra/cassandra/3.11.2/apache-cassandra-3.11.2-bin.tar.gz : extract apache-cassandra-3.11.2/lib/reporter-config3-3.0.3.jar
2018-07-19 14:58:55 [main] INFO  c.g.n.e.c.p.CassandraStarterTests - Extract /root/.embedded-cassandra/cassandra/3.11.2/apache-cassandra-3.11.2-bin.tar.gz : extract apache-cassandra-3.11.2/lib/sigar-1.6.4.jar
2018-07-19 14:58:55 [main] INFO  c.g.n.e.c.p.CassandraStarterTests - Extract /root/.embedded-cassandra/cassandra/3.11.2/apache-cassandra-3.11.2-bin.tar.gz : extract apache-cassandra-3.11.2/lib/sigar-bin/libsigar-amd64-freebsd-6.so
2018-07-19 14:58:55 [main] INFO  c.g.n.e.c.p.CassandraStarterTests - Extract /root/.embedded-cassandra/cassandra/3.11.2/apache-cassandra-3.11.2-bin.tar.gz : extract apache-cassandra-3.11.2/lib/sigar-bin/libsigar-amd64-linux.so
2018-07-19 14:58:55 [main] INFO  c.g.n.e.c.p.CassandraStarterTests - Extract /root/.embedded-cassandra/cassandra/3.11.2/apache-cassandra-3.11.2-bin.tar.gz : extract apache-cassandra-3.11.2/lib/sigar-bin/libsigar-amd64-solaris.so
2018-07-19 14:58:55 [main] INFO  c.g.n.e.c.p.CassandraStarterTests - Extract /root/.embedded-cassandra/cassandra/3.11.2/apache-cassandra-3.11.2-bin.tar.gz : extract apache-cassandra-3.11.2/lib/sigar-bin/libsigar-ia64-hpux-11.sl
2018-07-19 14:58:55 [main] INFO  c.g.n.e.c.p.CassandraStarterTests - Extract /root/.embedded-cassandra/cassandra/3.11.2/apache-cassandra-3.11.2-bin.tar.gz : extract apache-cassandra-3.11.2/lib/sigar-bin/libsigar-ia64-linux.so
2018-07-19 14:58:55 [main] INFO  c.g.n.e.c.p.CassandraStarterTests - Extract /root/.embedded-cassandra/cassandra/3.11.2/apache-cassandra-3.11.2-bin.tar.gz : extract apache-cassandra-3.11.2/lib/sigar-bin/libsigar-pa-hpux-11.sl
2018-07-19 14:58:55 [main] INFO  c.g.n.e.c.p.CassandraStarterTests - Extract /root/.embedded-cassandra/cassandra/3.11.2/apache-cassandra-3.11.2-bin.tar.gz : extract apache-cassandra-3.11.2/lib/sigar-bin/libsigar-ppc-aix-5.so
2018-07-19 14:58:55 [main] INFO  c.g.n.e.c.p.CassandraStarterTests - Extract /root/.embedded-cassandra/cassandra/3.11.2/apache-cassandra-3.11.2-bin.tar.gz : extract apache-cassandra-3.11.2/lib/sigar-bin/libsigar-ppc-linux.so
2018-07-19 14:58:55 [main] INFO  c.g.n.e.c.p.CassandraStarterTests - Extract /root/.embedded-cassandra/cassandra/3.11.2/apache-cassandra-3.11.2-bin.tar.gz : extract apache-cassandra-3.11.2/lib/sigar-bin/libsigar-ppc64-aix-5.so
2018-07-19 14:58:55 [main] INFO  c.g.n.e.c.p.CassandraStarterTests - Extract /root/.embedded-cassandra/cassandra/3.11.2/apache-cassandra-3.11.2-bin.tar.gz : extract apache-cassandra-3.11.2/lib/sigar-bin/libsigar-ppc64-linux.so
2018-07-19 14:58:55 [main] INFO  c.g.n.e.c.p.CassandraStarterTests - Extract /root/.embedded-cassandra/cassandra/3.11.2/apache-cassandra-3.11.2-bin.tar.gz : extract apache-cassandra-3.11.2/lib/sigar-bin/libsigar-s390x-linux.so
2018-07-19 14:58:55 [main] INFO  c.g.n.e.c.p.CassandraStarterTests - Extract /root/.embedded-cassandra/cassandra/3.11.2/apache-cassandra-3.11.2-bin.tar.gz : extract apache-cassandra-3.11.2/lib/sigar-bin/libsigar-sparc-solaris.so
2018-07-19 14:58:55 [main] INFO  c.g.n.e.c.p.CassandraStarterTests - Extract /root/.embedded-cassandra/cassandra/3.11.2/apache-cassandra-3.11.2-bin.tar.gz : extract apache-cassandra-3.11.2/lib/sigar-bin/libsigar-sparc64-solaris.so
2018-07-19 14:58:55 [main] INFO  c.g.n.e.c.p.CassandraStarterTests - Extract /root/.embedded-cassandra/cassandra/3.11.2/apache-cassandra-3.11.2-bin.tar.gz : extract apache-cassandra-3.11.2/lib/sigar-bin/libsigar-universal-macosx.dylib
2018-07-19 14:58:55 [main] INFO  c.g.n.e.c.p.CassandraStarterTests - Extract /root/.embedded-cassandra/cassandra/3.11.2/apache-cassandra-3.11.2-bin.tar.gz : extract apache-cassandra-3.11.2/lib/sigar-bin/libsigar-universal64-macosx.dylib
2018-07-19 14:58:55 [main] INFO  c.g.n.e.c.p.CassandraStarterTests - Extract /root/.embedded-cassandra/cassandra/3.11.2/apache-cassandra-3.11.2-bin.tar.gz : extract apache-cassandra-3.11.2/lib/sigar-bin/libsigar-x86-freebsd-5.so
2018-07-19 14:58:55 [main] INFO  c.g.n.e.c.p.CassandraStarterTests - Extract /root/.embedded-cassandra/cassandra/3.11.2/apache-cassandra-3.11.2-bin.tar.gz : extract apache-cassandra-3.11.2/lib/sigar-bin/libsigar-x86-freebsd-6.so
2018-07-19 14:58:55 [main] INFO  c.g.n.e.c.p.CassandraStarterTests - Extract /root/.embedded-cassandra/cassandra/3.11.2/apache-cassandra-3.11.2-bin.tar.gz : extract apache-cassandra-3.11.2/lib/sigar-bin/libsigar-x86-linux.so
2018-07-19 14:58:55 [main] INFO  c.g.n.e.c.p.CassandraStarterTests - Extract /root/.embedded-cassandra/cassandra/3.11.2/apache-cassandra-3.11.2-bin.tar.gz : extract apache-cassandra-3.11.2/lib/sigar-bin/libsigar-x86-solaris.so
2018-07-19 14:58:55 [main] INFO  c.g.n.e.c.p.CassandraStarterTests - Extract /root/.embedded-cassandra/cassandra/3.11.2/apache-cassandra-3.11.2-bin.tar.gz : extract apache-cassandra-3.11.2/lib/sigar-bin/sigar-amd64-winnt.dll
2018-07-19 14:58:55 [main] INFO  c.g.n.e.c.p.CassandraStarterTests - Extract /root/.embedded-cassandra/cassandra/3.11.2/apache-cassandra-3.11.2-bin.tar.gz : extract apache-cassandra-3.11.2/lib/sigar-bin/sigar-x86-winnt.dll
2018-07-19 14:58:55 [main] INFO  c.g.n.e.c.p.CassandraStarterTests - Extract /root/.embedded-cassandra/cassandra/3.11.2/apache-cassandra-3.11.2-bin.tar.gz : extract apache-cassandra-3.11.2/lib/sigar-bin/sigar-x86-winnt.lib
2018-07-19 14:58:55 [main] INFO  c.g.n.e.c.p.CassandraStarterTests - Extract /root/.embedded-cassandra/cassandra/3.11.2/apache-cassandra-3.11.2-bin.tar.gz : extract apache-cassandra-3.11.2/lib/six-1.7.3-py2.py3-none-any.zip
2018-07-19 14:58:55 [main] INFO  c.g.n.e.c.p.CassandraStarterTests - Extract /root/.embedded-cassandra/cassandra/3.11.2/apache-cassandra-3.11.2-bin.tar.gz : extract apache-cassandra-3.11.2/lib/slf4j-api-1.7.7.jar
2018-07-19 14:58:55 [main] INFO  c.g.n.e.c.p.CassandraStarterTests - Extract /root/.embedded-cassandra/cassandra/3.11.2/apache-cassandra-3.11.2-bin.tar.gz : extract apache-cassandra-3.11.2/lib/snakeyaml-1.11.jar
2018-07-19 14:58:55 [main] INFO  c.g.n.e.c.p.CassandraStarterTests - Extract /root/.embedded-cassandra/cassandra/3.11.2/apache-cassandra-3.11.2-bin.tar.gz : extract apache-cassandra-3.11.2/lib/snappy-java-1.1.1.7.jar
2018-07-19 14:58:55 [main] INFO  c.g.n.e.c.p.CassandraStarterTests - Extract /root/.embedded-cassandra/cassandra/3.11.2/apache-cassandra-3.11.2-bin.tar.gz : extract apache-cassandra-3.11.2/lib/snowball-stemmer-1.3.0.581.1.jar
2018-07-19 14:58:55 [main] INFO  c.g.n.e.c.p.CassandraStarterTests - Extract /root/.embedded-cassandra/cassandra/3.11.2/apache-cassandra-3.11.2-bin.tar.gz : extract apache-cassandra-3.11.2/lib/stream-2.5.2.jar
2018-07-19 14:58:55 [main] INFO  c.g.n.e.c.p.CassandraStarterTests - Extract /root/.embedded-cassandra/cassandra/3.11.2/apache-cassandra-3.11.2-bin.tar.gz : extract apache-cassandra-3.11.2/lib/thrift-server-0.3.7.jar
2018-07-19 14:58:55 [main] INFO  c.g.n.e.c.p.CassandraStarterTests - Extract /root/.embedded-cassandra/cassandra/3.11.2/apache-cassandra-3.11.2-bin.tar.gz : extract apache-cassandra-3.11.2/pylib/cqlshlib/__init__.py
2018-07-19 14:58:55 [main] INFO  c.g.n.e.c.p.CassandraStarterTests - Extract /root/.embedded-cassandra/cassandra/3.11.2/apache-cassandra-3.11.2-bin.tar.gz : extract apache-cassandra-3.11.2/pylib/cqlshlib/copyutil.py
2018-07-19 14:58:55 [main] INFO  c.g.n.e.c.p.CassandraStarterTests - Extract /root/.embedded-cassandra/cassandra/3.11.2/apache-cassandra-3.11.2-bin.tar.gz : extract apache-cassandra-3.11.2/pylib/cqlshlib/cql3handling.py
2018-07-19 14:58:55 [main] INFO  c.g.n.e.c.p.CassandraStarterTests - Extract /root/.embedded-cassandra/cassandra/3.11.2/apache-cassandra-3.11.2-bin.tar.gz : extract apache-cassandra-3.11.2/pylib/cqlshlib/cqlhandling.py
2018-07-19 14:58:55 [main] INFO  c.g.n.e.c.p.CassandraStarterTests - Extract /root/.embedded-cassandra/cassandra/3.11.2/apache-cassandra-3.11.2-bin.tar.gz : extract apache-cassandra-3.11.2/pylib/cqlshlib/cqlshhandling.py
2018-07-19 14:58:55 [main] INFO  c.g.n.e.c.p.CassandraStarterTests - Extract /root/.embedded-cassandra/cassandra/3.11.2/apache-cassandra-3.11.2-bin.tar.gz : extract apache-cassandra-3.11.2/pylib/cqlshlib/displaying.py
2018-07-19 14:58:55 [main] INFO  c.g.n.e.c.p.CassandraStarterTests - Extract /root/.embedded-cassandra/cassandra/3.11.2/apache-cassandra-3.11.2-bin.tar.gz : extract apache-cassandra-3.11.2/pylib/cqlshlib/formatting.py
2018-07-19 14:58:55 [main] INFO  c.g.n.e.c.p.CassandraStarterTests - Extract /root/.embedded-cassandra/cassandra/3.11.2/apache-cassandra-3.11.2-bin.tar.gz : extract apache-cassandra-3.11.2/pylib/cqlshlib/helptopics.py
2018-07-19 14:58:55 [main] INFO  c.g.n.e.c.p.CassandraStarterTests - Extract /root/.embedded-cassandra/cassandra/3.11.2/apache-cassandra-3.11.2-bin.tar.gz : extract apache-cassandra-3.11.2/pylib/cqlshlib/pylexotron.py
2018-07-19 14:58:55 [main] INFO  c.g.n.e.c.p.CassandraStarterTests - Extract /root/.embedded-cassandra/cassandra/3.11.2/apache-cassandra-3.11.2-bin.tar.gz : extract apache-cassandra-3.11.2/pylib/cqlshlib/saferscanner.py
2018-07-19 14:58:55 [main] INFO  c.g.n.e.c.p.CassandraStarterTests - Extract /root/.embedded-cassandra/cassandra/3.11.2/apache-cassandra-3.11.2-bin.tar.gz : extract apache-cassandra-3.11.2/pylib/cqlshlib/sslhandling.py
2018-07-19 14:58:55 [main] INFO  c.g.n.e.c.p.CassandraStarterTests - Extract /root/.embedded-cassandra/cassandra/3.11.2/apache-cassandra-3.11.2-bin.tar.gz : extract apache-cassandra-3.11.2/pylib/cqlshlib/test/__init__.py
2018-07-19 14:58:55 [main] INFO  c.g.n.e.c.p.CassandraStarterTests - Extract /root/.embedded-cassandra/cassandra/3.11.2/apache-cassandra-3.11.2-bin.tar.gz : extract apache-cassandra-3.11.2/pylib/cqlshlib/test/ansi_colors.py
2018-07-19 14:58:55 [main] INFO  c.g.n.e.c.p.CassandraStarterTests - Extract /root/.embedded-cassandra/cassandra/3.11.2/apache-cassandra-3.11.2-bin.tar.gz : extract apache-cassandra-3.11.2/pylib/cqlshlib/test/basecase.py
2018-07-19 14:58:55 [main] INFO  c.g.n.e.c.p.CassandraStarterTests - Extract /root/.embedded-cassandra/cassandra/3.11.2/apache-cassandra-3.11.2-bin.tar.gz : extract apache-cassandra-3.11.2/pylib/cqlshlib/test/cassconnect.py
2018-07-19 14:58:55 [main] INFO  c.g.n.e.c.p.CassandraStarterTests - Extract /root/.embedded-cassandra/cassandra/3.11.2/apache-cassandra-3.11.2-bin.tar.gz : extract apache-cassandra-3.11.2/pylib/cqlshlib/test/run_cqlsh.py
2018-07-19 14:58:55 [main] INFO  c.g.n.e.c.p.CassandraStarterTests - Extract /root/.embedded-cassandra/cassandra/3.11.2/apache-cassandra-3.11.2-bin.tar.gz : extract apache-cassandra-3.11.2/pylib/cqlshlib/test/test_cql_parsing.py
2018-07-19 14:58:55 [main] INFO  c.g.n.e.c.p.CassandraStarterTests - Extract /root/.embedded-cassandra/cassandra/3.11.2/apache-cassandra-3.11.2-bin.tar.gz : extract apache-cassandra-3.11.2/pylib/cqlshlib/test/test_cqlsh_commands.py
2018-07-19 14:58:55 [main] INFO  c.g.n.e.c.p.CassandraStarterTests - Extract /root/.embedded-cassandra/cassandra/3.11.2/apache-cassandra-3.11.2-bin.tar.gz : extract apache-cassandra-3.11.2/pylib/cqlshlib/test/test_cqlsh_completion.py
2018-07-19 14:58:55 [main] INFO  c.g.n.e.c.p.CassandraStarterTests - Extract /root/.embedded-cassandra/cassandra/3.11.2/apache-cassandra-3.11.2-bin.tar.gz : extract apache-cassandra-3.11.2/pylib/cqlshlib/test/test_cqlsh_invocation.py
2018-07-19 14:58:55 [main] INFO  c.g.n.e.c.p.CassandraStarterTests - Extract /root/.embedded-cassandra/cassandra/3.11.2/apache-cassandra-3.11.2-bin.tar.gz : extract apache-cassandra-3.11.2/pylib/cqlshlib/test/test_cqlsh_output.py
2018-07-19 14:58:55 [main] INFO  c.g.n.e.c.p.CassandraStarterTests - Extract /root/.embedded-cassandra/cassandra/3.11.2/apache-cassandra-3.11.2-bin.tar.gz : extract apache-cassandra-3.11.2/pylib/cqlshlib/test/test_cqlsh_parsing.py
2018-07-19 14:58:55 [main] INFO  c.g.n.e.c.p.CassandraStarterTests - Extract /root/.embedded-cassandra/cassandra/3.11.2/apache-cassandra-3.11.2-bin.tar.gz : extract apache-cassandra-3.11.2/pylib/cqlshlib/test/test_keyspace_init.cql
2018-07-19 14:58:55 [main] INFO  c.g.n.e.c.p.CassandraStarterTests - Extract /root/.embedded-cassandra/cassandra/3.11.2/apache-cassandra-3.11.2-bin.tar.gz : extract apache-cassandra-3.11.2/pylib/cqlshlib/test/winpty.py
2018-07-19 14:58:55 [main] INFO  c.g.n.e.c.p.CassandraStarterTests - Extract /root/.embedded-cassandra/cassandra/3.11.2/apache-cassandra-3.11.2-bin.tar.gz : extract apache-cassandra-3.11.2/pylib/cqlshlib/tracing.py
2018-07-19 14:58:55 [main] INFO  c.g.n.e.c.p.CassandraStarterTests - Extract /root/.embedded-cassandra/cassandra/3.11.2/apache-cassandra-3.11.2-bin.tar.gz : extract apache-cassandra-3.11.2/pylib/cqlshlib/util.py
2018-07-19 14:58:55 [main] INFO  c.g.n.e.c.p.CassandraStarterTests - Extract /root/.embedded-cassandra/cassandra/3.11.2/apache-cassandra-3.11.2-bin.tar.gz : extract apache-cassandra-3.11.2/pylib/cqlshlib/wcwidth.py
2018-07-19 14:58:55 [main] INFO  c.g.n.e.c.p.CassandraStarterTests - Extract /root/.embedded-cassandra/cassandra/3.11.2/apache-cassandra-3.11.2-bin.tar.gz : extract apache-cassandra-3.11.2/pylib/setup.py
2018-07-19 14:58:55 [main] INFO  c.g.n.e.c.p.CassandraStarterTests - Extract /root/.embedded-cassandra/cassandra/3.11.2/apache-cassandra-3.11.2-bin.tar.gz : extract apache-cassandra-3.11.2/tools/bin/cassandra-stress
2018-07-19 14:58:55 [main] INFO  c.g.n.e.c.p.CassandraStarterTests - Extract /root/.embedded-cassandra/cassandra/3.11.2/apache-cassandra-3.11.2-bin.tar.gz : extract apache-cassandra-3.11.2/tools/bin/cassandra-stress.bat
2018-07-19 14:58:55 [main] INFO  c.g.n.e.c.p.CassandraStarterTests - Extract /root/.embedded-cassandra/cassandra/3.11.2/apache-cassandra-3.11.2-bin.tar.gz : extract apache-cassandra-3.11.2/tools/bin/cassandra-stressd
2018-07-19 14:58:55 [main] INFO  c.g.n.e.c.p.CassandraStarterTests - Extract /root/.embedded-cassandra/cassandra/3.11.2/apache-cassandra-3.11.2-bin.tar.gz : extract apache-cassandra-3.11.2/tools/bin/cassandra.in.bat
2018-07-19 14:58:55 [main] INFO  c.g.n.e.c.p.CassandraStarterTests - Extract /root/.embedded-cassandra/cassandra/3.11.2/apache-cassandra-3.11.2-bin.tar.gz : extract apache-cassandra-3.11.2/tools/bin/cassandra.in.sh
2018-07-19 14:58:55 [main] INFO  c.g.n.e.c.p.CassandraStarterTests - Extract /root/.embedded-cassandra/cassandra/3.11.2/apache-cassandra-3.11.2-bin.tar.gz : extract apache-cassandra-3.11.2/tools/bin/compaction-stress
2018-07-19 14:58:55 [main] INFO  c.g.n.e.c.p.CassandraStarterTests - Extract /root/.embedded-cassandra/cassandra/3.11.2/apache-cassandra-3.11.2-bin.tar.gz : extract apache-cassandra-3.11.2/tools/bin/sstabledump
2018-07-19 14:58:55 [main] INFO  c.g.n.e.c.p.CassandraStarterTests - Extract /root/.embedded-cassandra/cassandra/3.11.2/apache-cassandra-3.11.2-bin.tar.gz : extract apache-cassandra-3.11.2/tools/bin/sstabledump.bat
2018-07-19 14:58:55 [main] INFO  c.g.n.e.c.p.CassandraStarterTests - Extract /root/.embedded-cassandra/cassandra/3.11.2/apache-cassandra-3.11.2-bin.tar.gz : extract apache-cassandra-3.11.2/tools/bin/sstableexpiredblockers
2018-07-19 14:58:55 [main] INFO  c.g.n.e.c.p.CassandraStarterTests - Extract /root/.embedded-cassandra/cassandra/3.11.2/apache-cassandra-3.11.2-bin.tar.gz : extract apache-cassandra-3.11.2/tools/bin/sstableexpiredblockers.bat
2018-07-19 14:58:55 [main] INFO  c.g.n.e.c.p.CassandraStarterTests - Extract /root/.embedded-cassandra/cassandra/3.11.2/apache-cassandra-3.11.2-bin.tar.gz : extract apache-cassandra-3.11.2/tools/bin/sstablelevelreset
2018-07-19 14:58:55 [main] INFO  c.g.n.e.c.p.CassandraStarterTests - Extract /root/.embedded-cassandra/cassandra/3.11.2/apache-cassandra-3.11.2-bin.tar.gz : extract apache-cassandra-3.11.2/tools/bin/sstablelevelreset.bat
2018-07-19 14:58:55 [main] INFO  c.g.n.e.c.p.CassandraStarterTests - Extract /root/.embedded-cassandra/cassandra/3.11.2/apache-cassandra-3.11.2-bin.tar.gz : extract apache-cassandra-3.11.2/tools/bin/sstablemetadata
2018-07-19 14:58:55 [main] INFO  c.g.n.e.c.p.CassandraStarterTests - Extract /root/.embedded-cassandra/cassandra/3.11.2/apache-cassandra-3.11.2-bin.tar.gz : extract apache-cassandra-3.11.2/tools/bin/sstablemetadata.bat
2018-07-19 14:58:55 [main] INFO  c.g.n.e.c.p.CassandraStarterTests - Extract /root/.embedded-cassandra/cassandra/3.11.2/apache-cassandra-3.11.2-bin.tar.gz : extract apache-cassandra-3.11.2/tools/bin/sstableofflinerelevel
2018-07-19 14:58:55 [main] INFO  c.g.n.e.c.p.CassandraStarterTests - Extract /root/.embedded-cassandra/cassandra/3.11.2/apache-cassandra-3.11.2-bin.tar.gz : extract apache-cassandra-3.11.2/tools/bin/sstableofflinerelevel.bat
2018-07-19 14:58:55 [main] INFO  c.g.n.e.c.p.CassandraStarterTests - Extract /root/.embedded-cassandra/cassandra/3.11.2/apache-cassandra-3.11.2-bin.tar.gz : extract apache-cassandra-3.11.2/tools/bin/sstablerepairedset
2018-07-19 14:58:55 [main] INFO  c.g.n.e.c.p.CassandraStarterTests - Extract /root/.embedded-cassandra/cassandra/3.11.2/apache-cassandra-3.11.2-bin.tar.gz : extract apache-cassandra-3.11.2/tools/bin/sstablerepairedset.bat
2018-07-19 14:58:55 [main] INFO  c.g.n.e.c.p.CassandraStarterTests - Extract /root/.embedded-cassandra/cassandra/3.11.2/apache-cassandra-3.11.2-bin.tar.gz : extract apache-cassandra-3.11.2/tools/bin/sstablesplit
2018-07-19 14:58:55 [main] INFO  c.g.n.e.c.p.CassandraStarterTests - Extract /root/.embedded-cassandra/cassandra/3.11.2/apache-cassandra-3.11.2-bin.tar.gz : extract apache-cassandra-3.11.2/tools/bin/sstablesplit.bat
2018-07-19 14:58:55 [main] INFO  c.g.n.e.c.p.CassandraStarterTests - Extract /root/.embedded-cassandra/cassandra/3.11.2/apache-cassandra-3.11.2-bin.tar.gz : extract apache-cassandra-3.11.2/tools/cqlstress-counter-example.yaml
2018-07-19 14:58:55 [main] INFO  c.g.n.e.c.p.CassandraStarterTests - Extract /root/.embedded-cassandra/cassandra/3.11.2/apache-cassandra-3.11.2-bin.tar.gz : extract apache-cassandra-3.11.2/tools/cqlstress-example.yaml
2018-07-19 14:58:55 [main] INFO  c.g.n.e.c.p.CassandraStarterTests - Extract /root/.embedded-cassandra/cassandra/3.11.2/apache-cassandra-3.11.2-bin.tar.gz : extract apache-cassandra-3.11.2/tools/cqlstress-insanity-example.yaml
2018-07-19 14:58:55 [main] INFO  c.g.n.e.c.p.CassandraStarterTests - Extract /root/.embedded-cassandra/cassandra/3.11.2/apache-cassandra-3.11.2-bin.tar.gz : extract apache-cassandra-3.11.2/tools/lib/stress.jar
2018-07-19 14:58:55 [main] INFO  c.g.n.e.c.p.CassandraStarterTests - Extract /root/.embedded-cassandra/cassandra/3.11.2/apache-cassandra-3.11.2-bin.tar.gz : extract apache-cassandra-3.11.2/bin/cassandra.in.sh
2018-07-19 14:58:55 [main] INFO  c.g.n.e.c.p.CassandraStarterTests - Extract /root/.embedded-cassandra/cassandra/3.11.2/apache-cassandra-3.11.2-bin.tar.gz : extract apache-cassandra-3.11.2/bin/cassandra
2018-07-19 14:58:55 [main] INFO  c.g.n.e.c.p.CassandraStarterTests - Extract /root/.embedded-cassandra/cassandra/3.11.2/apache-cassandra-3.11.2-bin.tar.gz : extract apache-cassandra-3.11.2/bin/cassandra.bat
2018-07-19 14:58:55 [main] INFO  c.g.n.e.c.p.CassandraStarterTests - Extract /root/.embedded-cassandra/cassandra/3.11.2/apache-cassandra-3.11.2-bin.tar.gz : extract apache-cassandra-3.11.2/bin/cassandra.in.bat
2018-07-19 14:58:55 [main] INFO  c.g.n.e.c.p.CassandraStarterTests - Extract /root/.embedded-cassandra/cassandra/3.11.2/apache-cassandra-3.11.2-bin.tar.gz : extract apache-cassandra-3.11.2/bin/cqlsh
2018-07-19 14:58:55 [main] INFO  c.g.n.e.c.p.CassandraStarterTests - Extract /root/.embedded-cassandra/cassandra/3.11.2/apache-cassandra-3.11.2-bin.tar.gz : extract apache-cassandra-3.11.2/bin/cqlsh.bat
2018-07-19 14:58:55 [main] INFO  c.g.n.e.c.p.CassandraStarterTests - Extract /root/.embedded-cassandra/cassandra/3.11.2/apache-cassandra-3.11.2-bin.tar.gz : extract apache-cassandra-3.11.2/bin/cqlsh.py
2018-07-19 14:58:55 [main] INFO  c.g.n.e.c.p.CassandraStarterTests - Extract /root/.embedded-cassandra/cassandra/3.11.2/apache-cassandra-3.11.2-bin.tar.gz : extract apache-cassandra-3.11.2/bin/debug-cql
2018-07-19 14:58:55 [main] INFO  c.g.n.e.c.p.CassandraStarterTests - Extract /root/.embedded-cassandra/cassandra/3.11.2/apache-cassandra-3.11.2-bin.tar.gz : extract apache-cassandra-3.11.2/bin/debug-cql.bat
2018-07-19 14:58:55 [main] INFO  c.g.n.e.c.p.CassandraStarterTests - Extract /root/.embedded-cassandra/cassandra/3.11.2/apache-cassandra-3.11.2-bin.tar.gz : extract apache-cassandra-3.11.2/bin/nodetool
2018-07-19 14:58:55 [main] INFO  c.g.n.e.c.p.CassandraStarterTests - Extract /root/.embedded-cassandra/cassandra/3.11.2/apache-cassandra-3.11.2-bin.tar.gz : extract apache-cassandra-3.11.2/bin/nodetool.bat
2018-07-19 14:58:55 [main] INFO  c.g.n.e.c.p.CassandraStarterTests - Extract /root/.embedded-cassandra/cassandra/3.11.2/apache-cassandra-3.11.2-bin.tar.gz : extract apache-cassandra-3.11.2/bin/source-conf.ps1
2018-07-19 14:58:55 [main] INFO  c.g.n.e.c.p.CassandraStarterTests - Extract /root/.embedded-cassandra/cassandra/3.11.2/apache-cassandra-3.11.2-bin.tar.gz : extract apache-cassandra-3.11.2/bin/sstableloader
2018-07-19 14:58:55 [main] INFO  c.g.n.e.c.p.CassandraStarterTests - Extract /root/.embedded-cassandra/cassandra/3.11.2/apache-cassandra-3.11.2-bin.tar.gz : extract apache-cassandra-3.11.2/bin/sstableloader.bat
2018-07-19 14:58:55 [main] INFO  c.g.n.e.c.p.CassandraStarterTests - Extract /root/.embedded-cassandra/cassandra/3.11.2/apache-cassandra-3.11.2-bin.tar.gz : extract apache-cassandra-3.11.2/bin/sstablescrub
2018-07-19 14:58:55 [main] INFO  c.g.n.e.c.p.CassandraStarterTests - Extract /root/.embedded-cassandra/cassandra/3.11.2/apache-cassandra-3.11.2-bin.tar.gz : extract apache-cassandra-3.11.2/bin/sstablescrub.bat
2018-07-19 14:58:55 [main] INFO  c.g.n.e.c.p.CassandraStarterTests - Extract /root/.embedded-cassandra/cassandra/3.11.2/apache-cassandra-3.11.2-bin.tar.gz : extract apache-cassandra-3.11.2/bin/sstableupgrade
2018-07-19 14:58:55 [main] INFO  c.g.n.e.c.p.CassandraStarterTests - Extract /root/.embedded-cassandra/cassandra/3.11.2/apache-cassandra-3.11.2-bin.tar.gz : extract apache-cassandra-3.11.2/bin/sstableupgrade.bat
2018-07-19 14:58:55 [main] INFO  c.g.n.e.c.p.CassandraStarterTests - Extract /root/.embedded-cassandra/cassandra/3.11.2/apache-cassandra-3.11.2-bin.tar.gz : extract apache-cassandra-3.11.2/bin/sstableutil
2018-07-19 14:58:55 [main] INFO  c.g.n.e.c.p.CassandraStarterTests - Extract /root/.embedded-cassandra/cassandra/3.11.2/apache-cassandra-3.11.2-bin.tar.gz : extract apache-cassandra-3.11.2/bin/sstableutil.bat
2018-07-19 14:58:55 [main] INFO  c.g.n.e.c.p.CassandraStarterTests - Extract /root/.embedded-cassandra/cassandra/3.11.2/apache-cassandra-3.11.2-bin.tar.gz : extract apache-cassandra-3.11.2/bin/sstableverify
2018-07-19 14:58:55 [main] INFO  c.g.n.e.c.p.CassandraStarterTests - Extract /root/.embedded-cassandra/cassandra/3.11.2/apache-cassandra-3.11.2-bin.tar.gz : extract apache-cassandra-3.11.2/bin/sstableverify.bat
2018-07-19 14:58:55 [main] INFO  c.g.n.e.c.p.CassandraStarterTests - Extract /root/.embedded-cassandra/cassandra/3.11.2/apache-cassandra-3.11.2-bin.tar.gz : extract apache-cassandra-3.11.2/bin/stop-server
2018-07-19 14:58:55 [main] INFO  c.g.n.e.c.p.CassandraStarterTests - Extract /root/.embedded-cassandra/cassandra/3.11.2/apache-cassandra-3.11.2-bin.tar.gz : extract apache-cassandra-3.11.2/bin/stop-server.bat
2018-07-19 14:58:55 [main] INFO  c.g.n.e.c.p.CassandraStarterTests - Extract /root/.embedded-cassandra/cassandra/3.11.2/apache-cassandra-3.11.2-bin.tar.gz : extract apache-cassandra-3.11.2/bin/stop-server.ps1
2018-07-19 14:58:55 [main] INFO  c.g.n.e.c.p.CassandraStarterTests - Extract /root/.embedded-cassandra/cassandra/3.11.2/apache-cassandra-3.11.2-bin.tar.gz : finished
2018-07-19 14:58:55 [main] INFO  c.g.n.e.c.process.CassandraProcess - Starting Cassandra Process using command [/tmp/temp--01769f97-6ea7-4248-978e-e16958e19ccb/apache-cassandra-3.11.2/bin/cassandra, -f, -Dcassandra.jmx.local.port=40833]
2018-07-19 14:58:56 [Thread-30] INFO  c.g.n.e.c.p.CassandraStarterTests - [P:1381] Running Cassandra as root user or group is not recommended - please start Cassandra using a different system user.
2018-07-19 14:58:56 [Thread-30] INFO  c.g.n.e.c.p.CassandraStarterTests - [P:1381] If you really want to force running Cassandra as root, use -R command line option.
2018-07-19 14:58:56 [main] INFO  c.g.n.e.c.process.CassandraProcess - Cassandra process '1381' has been stopped.
]]></system-out>
    </rerunFailure>
  </testcase>
  <testcase name="shouldBeRestartedUsingNativeTransportPort" classname="com.github.nosan.embedded.cassandra.process.CassandraStarterTests" time="4.366">
    <error message="Could not start a process &apos;1036&apos;.&#10;Failure:&lt;EOF&gt;&#10;Output:&#10;--- START --- &#10;[P:1036] Running Cassandra as root user or group is not recommended - please start Cassandra using a different system user.&#10;[P:1036] If you really want to force running Cassandra as root, use -R command line option.&#10;&#10;--- END --- " type="java.io.IOException"><![CDATA[java.io.IOException: 
Could not start a process '1036'.
Failure:<EOF>
Output:
--- START --- 
[P:1036] Running Cassandra as root user or group is not recommended - please start Cassandra using a different system user.
[P:1036] If you really want to force running Cassandra as root, use -R command line option.

--- END --- 
	at com.github.nosan.embedded.cassandra.process.CassandraProcess.onAfterProcessStart(CassandraProcess.java:114)
	at de.flapdoodle.embed.process.runtime.AbstractProcess.<init>(AbstractProcess.java:116)
	at com.github.nosan.embedded.cassandra.process.CassandraProcess.<init>(CassandraProcess.java:67)
	at com.github.nosan.embedded.cassandra.process.CassandraExecutable.start(CassandraExecutable.java:49)
	at com.github.nosan.embedded.cassandra.process.CassandraExecutable.start(CassandraExecutable.java:37)
	at de.flapdoodle.embed.process.runtime.Executable.start(Executable.java:108)
	at com.github.nosan.embedded.cassandra.process.CassandraStarterTests.start(CassandraStarterTests.java:64)
	at com.github.nosan.embedded.cassandra.process.CassandraStarterTests.start(CassandraStarterTests.java:55)
	at com.github.nosan.embedded.cassandra.process.CassandraStarterTests.shouldBeRestartedUsingNativeTransportPort(CassandraStarterTests.java:89)
	at sun.reflect.NativeMethodAccessorImpl.invoke0(Native Method)
	at sun.reflect.NativeMethodAccessorImpl.invoke(NativeMethodAccessorImpl.java:62)
	at sun.reflect.DelegatingMethodAccessorImpl.invoke(DelegatingMethodAccessorImpl.java:43)
	at java.lang.reflect.Method.invoke(Method.java:498)
	at org.junit.runners.model.FrameworkMethod$1.runReflectiveCall(FrameworkMethod.java:50)
	at org.junit.internal.runners.model.ReflectiveCallable.run(ReflectiveCallable.java:12)
	at org.junit.runners.model.FrameworkMethod.invokeExplosively(FrameworkMethod.java:47)
	at org.junit.internal.runners.statements.InvokeMethod.evaluate(InvokeMethod.java:17)
	at org.junit.rules.ExpectedException$ExpectedExceptionStatement.evaluate(ExpectedException.java:239)
	at org.junit.rules.RunRules.evaluate(RunRules.java:20)
	at org.junit.runners.ParentRunner.runLeaf(ParentRunner.java:325)
	at org.junit.runners.BlockJUnit4ClassRunner.runChild(BlockJUnit4ClassRunner.java:78)
	at org.junit.runners.BlockJUnit4ClassRunner.runChild(BlockJUnit4ClassRunner.java:57)
	at org.junit.runners.ParentRunner$3.run(ParentRunner.java:290)
	at org.junit.runners.ParentRunner$1.schedule(ParentRunner.java:71)
	at org.junit.runners.ParentRunner.runChildren(ParentRunner.java:288)
	at org.junit.runners.ParentRunner.access$000(ParentRunner.java:58)
	at org.junit.runners.ParentRunner$2.evaluate(ParentRunner.java:268)
	at org.junit.runners.ParentRunner.run(ParentRunner.java:363)
	at org.apache.maven.surefire.junit4.JUnit4Provider.execute(JUnit4Provider.java:365)
	at org.apache.maven.surefire.junit4.JUnit4Provider.executeWithRerun(JUnit4Provider.java:272)
	at org.apache.maven.surefire.junit4.JUnit4Provider.executeTestSet(JUnit4Provider.java:236)
	at org.apache.maven.surefire.junit4.JUnit4Provider.invoke(JUnit4Provider.java:159)
	at org.apache.maven.surefire.booter.ForkedBooter.invokeProviderInSameClassLoader(ForkedBooter.java:386)
	at org.apache.maven.surefire.booter.ForkedBooter.runSuitesInProcess(ForkedBooter.java:323)
	at org.apache.maven.surefire.booter.ForkedBooter.main(ForkedBooter.java:143)
]]></error>
    <system-out><![CDATA[2018-07-19 14:58:30 [main] INFO  c.g.n.e.c.p.CassandraStarterTests - Extract /root/.embedded-cassandra/cassandra/3.11.2/apache-cassandra-3.11.2-bin.tar.gz : starting...
2018-07-19 14:58:30 [main] INFO  c.g.n.e.c.p.CassandraStarterTests - Extract /root/.embedded-cassandra/cassandra/3.11.2/apache-cassandra-3.11.2-bin.tar.gz : extract apache-cassandra-3.11.2/conf/cassandra-env.ps1
2018-07-19 14:58:30 [main] INFO  c.g.n.e.c.p.CassandraStarterTests - Extract /root/.embedded-cassandra/cassandra/3.11.2/apache-cassandra-3.11.2-bin.tar.gz : extract apache-cassandra-3.11.2/conf/cassandra-env.sh
2018-07-19 14:58:30 [main] INFO  c.g.n.e.c.p.CassandraStarterTests - Extract /root/.embedded-cassandra/cassandra/3.11.2/apache-cassandra-3.11.2-bin.tar.gz : extract apache-cassandra-3.11.2/conf/cassandra-jaas.config
2018-07-19 14:58:30 [main] INFO  c.g.n.e.c.p.CassandraStarterTests - Extract /root/.embedded-cassandra/cassandra/3.11.2/apache-cassandra-3.11.2-bin.tar.gz : extract apache-cassandra-3.11.2/conf/cassandra-rackdc.properties
2018-07-19 14:58:30 [main] INFO  c.g.n.e.c.p.CassandraStarterTests - Extract /root/.embedded-cassandra/cassandra/3.11.2/apache-cassandra-3.11.2-bin.tar.gz : extract apache-cassandra-3.11.2/conf/cassandra-topology.properties
2018-07-19 14:58:30 [main] INFO  c.g.n.e.c.p.CassandraStarterTests - Extract /root/.embedded-cassandra/cassandra/3.11.2/apache-cassandra-3.11.2-bin.tar.gz : extract apache-cassandra-3.11.2/conf/cassandra.yaml
2018-07-19 14:58:30 [main] INFO  c.g.n.e.c.p.CassandraStarterTests - Extract /root/.embedded-cassandra/cassandra/3.11.2/apache-cassandra-3.11.2-bin.tar.gz : extract apache-cassandra-3.11.2/conf/commitlog_archiving.properties
2018-07-19 14:58:30 [main] INFO  c.g.n.e.c.p.CassandraStarterTests - Extract /root/.embedded-cassandra/cassandra/3.11.2/apache-cassandra-3.11.2-bin.tar.gz : extract apache-cassandra-3.11.2/conf/cqlshrc.sample
2018-07-19 14:58:30 [main] INFO  c.g.n.e.c.p.CassandraStarterTests - Extract /root/.embedded-cassandra/cassandra/3.11.2/apache-cassandra-3.11.2-bin.tar.gz : extract apache-cassandra-3.11.2/conf/hotspot_compiler
2018-07-19 14:58:30 [main] INFO  c.g.n.e.c.p.CassandraStarterTests - Extract /root/.embedded-cassandra/cassandra/3.11.2/apache-cassandra-3.11.2-bin.tar.gz : extract apache-cassandra-3.11.2/conf/jvm.options
2018-07-19 14:58:30 [main] INFO  c.g.n.e.c.p.CassandraStarterTests - Extract /root/.embedded-cassandra/cassandra/3.11.2/apache-cassandra-3.11.2-bin.tar.gz : extract apache-cassandra-3.11.2/conf/logback-tools.xml
2018-07-19 14:58:30 [main] INFO  c.g.n.e.c.p.CassandraStarterTests - Extract /root/.embedded-cassandra/cassandra/3.11.2/apache-cassandra-3.11.2-bin.tar.gz : extract apache-cassandra-3.11.2/conf/logback.xml
2018-07-19 14:58:30 [main] INFO  c.g.n.e.c.p.CassandraStarterTests - Extract /root/.embedded-cassandra/cassandra/3.11.2/apache-cassandra-3.11.2-bin.tar.gz : extract apache-cassandra-3.11.2/conf/metrics-reporter-config-sample.yaml
2018-07-19 14:58:30 [main] INFO  c.g.n.e.c.p.CassandraStarterTests - Extract /root/.embedded-cassandra/cassandra/3.11.2/apache-cassandra-3.11.2-bin.tar.gz : extract apache-cassandra-3.11.2/conf/triggers/README.txt
2018-07-19 14:58:30 [main] INFO  c.g.n.e.c.p.CassandraStarterTests - Extract /root/.embedded-cassandra/cassandra/3.11.2/apache-cassandra-3.11.2-bin.tar.gz : extract apache-cassandra-3.11.2/interface/cassandra.thrift
2018-07-19 14:58:33 [main] INFO  c.g.n.e.c.p.CassandraStarterTests - Extract /root/.embedded-cassandra/cassandra/3.11.2/apache-cassandra-3.11.2-bin.tar.gz : extract apache-cassandra-3.11.2/lib/HdrHistogram-2.1.9.jar
2018-07-19 14:58:33 [main] INFO  c.g.n.e.c.p.CassandraStarterTests - Extract /root/.embedded-cassandra/cassandra/3.11.2/apache-cassandra-3.11.2-bin.tar.gz : extract apache-cassandra-3.11.2/lib/ST4-4.0.8.jar
2018-07-19 14:58:33 [main] INFO  c.g.n.e.c.p.CassandraStarterTests - Extract /root/.embedded-cassandra/cassandra/3.11.2/apache-cassandra-3.11.2-bin.tar.gz : extract apache-cassandra-3.11.2/lib/airline-0.6.jar
2018-07-19 14:58:33 [main] INFO  c.g.n.e.c.p.CassandraStarterTests - Extract /root/.embedded-cassandra/cassandra/3.11.2/apache-cassandra-3.11.2-bin.tar.gz : extract apache-cassandra-3.11.2/lib/antlr-runtime-3.5.2.jar
2018-07-19 14:58:33 [main] INFO  c.g.n.e.c.p.CassandraStarterTests - Extract /root/.embedded-cassandra/cassandra/3.11.2/apache-cassandra-3.11.2-bin.tar.gz : extract apache-cassandra-3.11.2/lib/apache-cassandra-3.11.2.jar
2018-07-19 14:58:33 [main] INFO  c.g.n.e.c.p.CassandraStarterTests - Extract /root/.embedded-cassandra/cassandra/3.11.2/apache-cassandra-3.11.2-bin.tar.gz : extract apache-cassandra-3.11.2/lib/apache-cassandra-thrift-3.11.2.jar
2018-07-19 14:58:33 [main] INFO  c.g.n.e.c.p.CassandraStarterTests - Extract /root/.embedded-cassandra/cassandra/3.11.2/apache-cassandra-3.11.2-bin.tar.gz : extract apache-cassandra-3.11.2/lib/asm-5.0.4.jar
2018-07-19 14:58:33 [main] INFO  c.g.n.e.c.p.CassandraStarterTests - Extract /root/.embedded-cassandra/cassandra/3.11.2/apache-cassandra-3.11.2-bin.tar.gz : extract apache-cassandra-3.11.2/lib/caffeine-2.2.6.jar
2018-07-19 14:58:33 [main] INFO  c.g.n.e.c.p.CassandraStarterTests - Extract /root/.embedded-cassandra/cassandra/3.11.2/apache-cassandra-3.11.2-bin.tar.gz : extract apache-cassandra-3.11.2/lib/cassandra-driver-core-3.0.1-shaded.jar
2018-07-19 14:58:34 [main] INFO  c.g.n.e.c.p.CassandraStarterTests - Extract /root/.embedded-cassandra/cassandra/3.11.2/apache-cassandra-3.11.2-bin.tar.gz : extract apache-cassandra-3.11.2/lib/cassandra-driver-internal-only-3.10.zip
2018-07-19 14:58:34 [main] INFO  c.g.n.e.c.p.CassandraStarterTests - Extract /root/.embedded-cassandra/cassandra/3.11.2/apache-cassandra-3.11.2-bin.tar.gz : extract apache-cassandra-3.11.2/lib/cassandra-driver-internal-only-3.11.0-bb96859b.zip
2018-07-19 14:58:34 [main] INFO  c.g.n.e.c.p.CassandraStarterTests - Extract /root/.embedded-cassandra/cassandra/3.11.2/apache-cassandra-3.11.2-bin.tar.gz : extract apache-cassandra-3.11.2/lib/commons-cli-1.1.jar
2018-07-19 14:58:34 [main] INFO  c.g.n.e.c.p.CassandraStarterTests - Extract /root/.embedded-cassandra/cassandra/3.11.2/apache-cassandra-3.11.2-bin.tar.gz : extract apache-cassandra-3.11.2/lib/commons-codec-1.9.jar
2018-07-19 14:58:34 [main] INFO  c.g.n.e.c.p.CassandraStarterTests - Extract /root/.embedded-cassandra/cassandra/3.11.2/apache-cassandra-3.11.2-bin.tar.gz : extract apache-cassandra-3.11.2/lib/commons-lang3-3.1.jar
2018-07-19 14:58:34 [main] INFO  c.g.n.e.c.p.CassandraStarterTests - Extract /root/.embedded-cassandra/cassandra/3.11.2/apache-cassandra-3.11.2-bin.tar.gz : extract apache-cassandra-3.11.2/lib/commons-math3-3.2.jar
2018-07-19 14:58:34 [main] INFO  c.g.n.e.c.p.CassandraStarterTests - Extract /root/.embedded-cassandra/cassandra/3.11.2/apache-cassandra-3.11.2-bin.tar.gz : extract apache-cassandra-3.11.2/lib/compress-lzf-0.8.4.jar
2018-07-19 14:58:34 [main] INFO  c.g.n.e.c.p.CassandraStarterTests - Extract /root/.embedded-cassandra/cassandra/3.11.2/apache-cassandra-3.11.2-bin.tar.gz : extract apache-cassandra-3.11.2/lib/concurrent-trees-2.4.0.jar
2018-07-19 14:58:34 [main] INFO  c.g.n.e.c.p.CassandraStarterTests - Extract /root/.embedded-cassandra/cassandra/3.11.2/apache-cassandra-3.11.2-bin.tar.gz : extract apache-cassandra-3.11.2/lib/concurrentlinkedhashmap-lru-1.4.jar
2018-07-19 14:58:34 [main] INFO  c.g.n.e.c.p.CassandraStarterTests - Extract /root/.embedded-cassandra/cassandra/3.11.2/apache-cassandra-3.11.2-bin.tar.gz : extract apache-cassandra-3.11.2/lib/disruptor-3.0.1.jar
2018-07-19 14:58:34 [main] INFO  c.g.n.e.c.p.CassandraStarterTests - Extract /root/.embedded-cassandra/cassandra/3.11.2/apache-cassandra-3.11.2-bin.tar.gz : extract apache-cassandra-3.11.2/lib/ecj-4.4.2.jar
2018-07-19 14:58:34 [main] INFO  c.g.n.e.c.p.CassandraStarterTests - Extract /root/.embedded-cassandra/cassandra/3.11.2/apache-cassandra-3.11.2-bin.tar.gz : extract apache-cassandra-3.11.2/lib/futures-2.1.6-py2.py3-none-any.zip
2018-07-19 14:58:34 [main] INFO  c.g.n.e.c.p.CassandraStarterTests - Extract /root/.embedded-cassandra/cassandra/3.11.2/apache-cassandra-3.11.2-bin.tar.gz : extract apache-cassandra-3.11.2/lib/guava-18.0.jar
2018-07-19 14:58:34 [main] INFO  c.g.n.e.c.p.CassandraStarterTests - Extract /root/.embedded-cassandra/cassandra/3.11.2/apache-cassandra-3.11.2-bin.tar.gz : extract apache-cassandra-3.11.2/lib/high-scale-lib-1.0.6.jar
2018-07-19 14:58:34 [main] INFO  c.g.n.e.c.p.CassandraStarterTests - Extract /root/.embedded-cassandra/cassandra/3.11.2/apache-cassandra-3.11.2-bin.tar.gz : extract apache-cassandra-3.11.2/lib/hppc-0.5.4.jar
2018-07-19 14:58:34 [main] INFO  c.g.n.e.c.p.CassandraStarterTests - Extract /root/.embedded-cassandra/cassandra/3.11.2/apache-cassandra-3.11.2-bin.tar.gz : extract apache-cassandra-3.11.2/lib/jackson-core-asl-1.9.13.jar
2018-07-19 14:58:34 [main] INFO  c.g.n.e.c.p.CassandraStarterTests - Extract /root/.embedded-cassandra/cassandra/3.11.2/apache-cassandra-3.11.2-bin.tar.gz : extract apache-cassandra-3.11.2/lib/jackson-mapper-asl-1.9.13.jar
2018-07-19 14:58:34 [main] INFO  c.g.n.e.c.p.CassandraStarterTests - Extract /root/.embedded-cassandra/cassandra/3.11.2/apache-cassandra-3.11.2-bin.tar.gz : extract apache-cassandra-3.11.2/lib/jamm-0.3.0.jar
2018-07-19 14:58:34 [main] INFO  c.g.n.e.c.p.CassandraStarterTests - Extract /root/.embedded-cassandra/cassandra/3.11.2/apache-cassandra-3.11.2-bin.tar.gz : extract apache-cassandra-3.11.2/lib/javax.inject.jar
2018-07-19 14:58:34 [main] INFO  c.g.n.e.c.p.CassandraStarterTests - Extract /root/.embedded-cassandra/cassandra/3.11.2/apache-cassandra-3.11.2-bin.tar.gz : extract apache-cassandra-3.11.2/lib/jbcrypt-0.3m.jar
2018-07-19 14:58:34 [main] INFO  c.g.n.e.c.p.CassandraStarterTests - Extract /root/.embedded-cassandra/cassandra/3.11.2/apache-cassandra-3.11.2-bin.tar.gz : extract apache-cassandra-3.11.2/lib/jcl-over-slf4j-1.7.7.jar
2018-07-19 14:58:34 [main] INFO  c.g.n.e.c.p.CassandraStarterTests - Extract /root/.embedded-cassandra/cassandra/3.11.2/apache-cassandra-3.11.2-bin.tar.gz : extract apache-cassandra-3.11.2/lib/jctools-core-1.2.1.jar
2018-07-19 14:58:34 [main] INFO  c.g.n.e.c.p.CassandraStarterTests - Extract /root/.embedded-cassandra/cassandra/3.11.2/apache-cassandra-3.11.2-bin.tar.gz : extract apache-cassandra-3.11.2/lib/jflex-1.6.0.jar
2018-07-19 14:58:34 [main] INFO  c.g.n.e.c.p.CassandraStarterTests - Extract /root/.embedded-cassandra/cassandra/3.11.2/apache-cassandra-3.11.2-bin.tar.gz : extract apache-cassandra-3.11.2/lib/jna-4.2.2.jar
2018-07-19 14:58:34 [main] INFO  c.g.n.e.c.p.CassandraStarterTests - Extract /root/.embedded-cassandra/cassandra/3.11.2/apache-cassandra-3.11.2-bin.tar.gz : extract apache-cassandra-3.11.2/lib/joda-time-2.4.jar
2018-07-19 14:58:34 [main] INFO  c.g.n.e.c.p.CassandraStarterTests - Extract /root/.embedded-cassandra/cassandra/3.11.2/apache-cassandra-3.11.2-bin.tar.gz : extract apache-cassandra-3.11.2/lib/json-simple-1.1.jar
2018-07-19 14:58:34 [main] INFO  c.g.n.e.c.p.CassandraStarterTests - Extract /root/.embedded-cassandra/cassandra/3.11.2/apache-cassandra-3.11.2-bin.tar.gz : extract apache-cassandra-3.11.2/lib/jstackjunit-0.0.1.jar
2018-07-19 14:58:34 [main] INFO  c.g.n.e.c.p.CassandraStarterTests - Extract /root/.embedded-cassandra/cassandra/3.11.2/apache-cassandra-3.11.2-bin.tar.gz : extract apache-cassandra-3.11.2/lib/libthrift-0.9.2.jar
2018-07-19 14:58:34 [main] INFO  c.g.n.e.c.p.CassandraStarterTests - Extract /root/.embedded-cassandra/cassandra/3.11.2/apache-cassandra-3.11.2-bin.tar.gz : extract apache-cassandra-3.11.2/lib/log4j-over-slf4j-1.7.7.jar
2018-07-19 14:58:34 [main] INFO  c.g.n.e.c.p.CassandraStarterTests - Extract /root/.embedded-cassandra/cassandra/3.11.2/apache-cassandra-3.11.2-bin.tar.gz : extract apache-cassandra-3.11.2/lib/logback-classic-1.1.3.jar
2018-07-19 14:58:34 [main] INFO  c.g.n.e.c.p.CassandraStarterTests - Extract /root/.embedded-cassandra/cassandra/3.11.2/apache-cassandra-3.11.2-bin.tar.gz : extract apache-cassandra-3.11.2/lib/logback-core-1.1.3.jar
2018-07-19 14:58:34 [main] INFO  c.g.n.e.c.p.CassandraStarterTests - Extract /root/.embedded-cassandra/cassandra/3.11.2/apache-cassandra-3.11.2-bin.tar.gz : extract apache-cassandra-3.11.2/lib/lz4-1.3.0.jar
2018-07-19 14:58:34 [main] INFO  c.g.n.e.c.p.CassandraStarterTests - Extract /root/.embedded-cassandra/cassandra/3.11.2/apache-cassandra-3.11.2-bin.tar.gz : extract apache-cassandra-3.11.2/lib/metrics-core-3.1.0.jar
2018-07-19 14:58:34 [main] INFO  c.g.n.e.c.p.CassandraStarterTests - Extract /root/.embedded-cassandra/cassandra/3.11.2/apache-cassandra-3.11.2-bin.tar.gz : extract apache-cassandra-3.11.2/lib/metrics-jvm-3.1.0.jar
2018-07-19 14:58:34 [main] INFO  c.g.n.e.c.p.CassandraStarterTests - Extract /root/.embedded-cassandra/cassandra/3.11.2/apache-cassandra-3.11.2-bin.tar.gz : extract apache-cassandra-3.11.2/lib/metrics-logback-3.1.0.jar
2018-07-19 14:58:34 [main] INFO  c.g.n.e.c.p.CassandraStarterTests - Extract /root/.embedded-cassandra/cassandra/3.11.2/apache-cassandra-3.11.2-bin.tar.gz : extract apache-cassandra-3.11.2/lib/netty-all-4.0.44.Final.jar
2018-07-19 14:58:34 [main] INFO  c.g.n.e.c.p.CassandraStarterTests - Extract /root/.embedded-cassandra/cassandra/3.11.2/apache-cassandra-3.11.2-bin.tar.gz : extract apache-cassandra-3.11.2/lib/ohc-core-0.4.4.jar
2018-07-19 14:58:34 [main] INFO  c.g.n.e.c.p.CassandraStarterTests - Extract /root/.embedded-cassandra/cassandra/3.11.2/apache-cassandra-3.11.2-bin.tar.gz : extract apache-cassandra-3.11.2/lib/ohc-core-j8-0.4.4.jar
2018-07-19 14:58:34 [main] INFO  c.g.n.e.c.p.CassandraStarterTests - Extract /root/.embedded-cassandra/cassandra/3.11.2/apache-cassandra-3.11.2-bin.tar.gz : extract apache-cassandra-3.11.2/lib/reporter-config-base-3.0.3.jar
2018-07-19 14:58:34 [main] INFO  c.g.n.e.c.p.CassandraStarterTests - Extract /root/.embedded-cassandra/cassandra/3.11.2/apache-cassandra-3.11.2-bin.tar.gz : extract apache-cassandra-3.11.2/lib/reporter-config3-3.0.3.jar
2018-07-19 14:58:34 [main] INFO  c.g.n.e.c.p.CassandraStarterTests - Extract /root/.embedded-cassandra/cassandra/3.11.2/apache-cassandra-3.11.2-bin.tar.gz : extract apache-cassandra-3.11.2/lib/sigar-1.6.4.jar
2018-07-19 14:58:34 [main] INFO  c.g.n.e.c.p.CassandraStarterTests - Extract /root/.embedded-cassandra/cassandra/3.11.2/apache-cassandra-3.11.2-bin.tar.gz : extract apache-cassandra-3.11.2/lib/sigar-bin/libsigar-amd64-freebsd-6.so
2018-07-19 14:58:34 [main] INFO  c.g.n.e.c.p.CassandraStarterTests - Extract /root/.embedded-cassandra/cassandra/3.11.2/apache-cassandra-3.11.2-bin.tar.gz : extract apache-cassandra-3.11.2/lib/sigar-bin/libsigar-amd64-linux.so
2018-07-19 14:58:34 [main] INFO  c.g.n.e.c.p.CassandraStarterTests - Extract /root/.embedded-cassandra/cassandra/3.11.2/apache-cassandra-3.11.2-bin.tar.gz : extract apache-cassandra-3.11.2/lib/sigar-bin/libsigar-amd64-solaris.so
2018-07-19 14:58:34 [main] INFO  c.g.n.e.c.p.CassandraStarterTests - Extract /root/.embedded-cassandra/cassandra/3.11.2/apache-cassandra-3.11.2-bin.tar.gz : extract apache-cassandra-3.11.2/lib/sigar-bin/libsigar-ia64-hpux-11.sl
2018-07-19 14:58:34 [main] INFO  c.g.n.e.c.p.CassandraStarterTests - Extract /root/.embedded-cassandra/cassandra/3.11.2/apache-cassandra-3.11.2-bin.tar.gz : extract apache-cassandra-3.11.2/lib/sigar-bin/libsigar-ia64-linux.so
2018-07-19 14:58:34 [main] INFO  c.g.n.e.c.p.CassandraStarterTests - Extract /root/.embedded-cassandra/cassandra/3.11.2/apache-cassandra-3.11.2-bin.tar.gz : extract apache-cassandra-3.11.2/lib/sigar-bin/libsigar-pa-hpux-11.sl
2018-07-19 14:58:34 [main] INFO  c.g.n.e.c.p.CassandraStarterTests - Extract /root/.embedded-cassandra/cassandra/3.11.2/apache-cassandra-3.11.2-bin.tar.gz : extract apache-cassandra-3.11.2/lib/sigar-bin/libsigar-ppc-aix-5.so
2018-07-19 14:58:34 [main] INFO  c.g.n.e.c.p.CassandraStarterTests - Extract /root/.embedded-cassandra/cassandra/3.11.2/apache-cassandra-3.11.2-bin.tar.gz : extract apache-cassandra-3.11.2/lib/sigar-bin/libsigar-ppc-linux.so
2018-07-19 14:58:34 [main] INFO  c.g.n.e.c.p.CassandraStarterTests - Extract /root/.embedded-cassandra/cassandra/3.11.2/apache-cassandra-3.11.2-bin.tar.gz : extract apache-cassandra-3.11.2/lib/sigar-bin/libsigar-ppc64-aix-5.so
2018-07-19 14:58:34 [main] INFO  c.g.n.e.c.p.CassandraStarterTests - Extract /root/.embedded-cassandra/cassandra/3.11.2/apache-cassandra-3.11.2-bin.tar.gz : extract apache-cassandra-3.11.2/lib/sigar-bin/libsigar-ppc64-linux.so
2018-07-19 14:58:34 [main] INFO  c.g.n.e.c.p.CassandraStarterTests - Extract /root/.embedded-cassandra/cassandra/3.11.2/apache-cassandra-3.11.2-bin.tar.gz : extract apache-cassandra-3.11.2/lib/sigar-bin/libsigar-s390x-linux.so
2018-07-19 14:58:34 [main] INFO  c.g.n.e.c.p.CassandraStarterTests - Extract /root/.embedded-cassandra/cassandra/3.11.2/apache-cassandra-3.11.2-bin.tar.gz : extract apache-cassandra-3.11.2/lib/sigar-bin/libsigar-sparc-solaris.so
2018-07-19 14:58:34 [main] INFO  c.g.n.e.c.p.CassandraStarterTests - Extract /root/.embedded-cassandra/cassandra/3.11.2/apache-cassandra-3.11.2-bin.tar.gz : extract apache-cassandra-3.11.2/lib/sigar-bin/libsigar-sparc64-solaris.so
2018-07-19 14:58:34 [main] INFO  c.g.n.e.c.p.CassandraStarterTests - Extract /root/.embedded-cassandra/cassandra/3.11.2/apache-cassandra-3.11.2-bin.tar.gz : extract apache-cassandra-3.11.2/lib/sigar-bin/libsigar-universal-macosx.dylib
2018-07-19 14:58:34 [main] INFO  c.g.n.e.c.p.CassandraStarterTests - Extract /root/.embedded-cassandra/cassandra/3.11.2/apache-cassandra-3.11.2-bin.tar.gz : extract apache-cassandra-3.11.2/lib/sigar-bin/libsigar-universal64-macosx.dylib
2018-07-19 14:58:34 [main] INFO  c.g.n.e.c.p.CassandraStarterTests - Extract /root/.embedded-cassandra/cassandra/3.11.2/apache-cassandra-3.11.2-bin.tar.gz : extract apache-cassandra-3.11.2/lib/sigar-bin/libsigar-x86-freebsd-5.so
2018-07-19 14:58:34 [main] INFO  c.g.n.e.c.p.CassandraStarterTests - Extract /root/.embedded-cassandra/cassandra/3.11.2/apache-cassandra-3.11.2-bin.tar.gz : extract apache-cassandra-3.11.2/lib/sigar-bin/libsigar-x86-freebsd-6.so
2018-07-19 14:58:34 [main] INFO  c.g.n.e.c.p.CassandraStarterTests - Extract /root/.embedded-cassandra/cassandra/3.11.2/apache-cassandra-3.11.2-bin.tar.gz : extract apache-cassandra-3.11.2/lib/sigar-bin/libsigar-x86-linux.so
2018-07-19 14:58:34 [main] INFO  c.g.n.e.c.p.CassandraStarterTests - Extract /root/.embedded-cassandra/cassandra/3.11.2/apache-cassandra-3.11.2-bin.tar.gz : extract apache-cassandra-3.11.2/lib/sigar-bin/libsigar-x86-solaris.so
2018-07-19 14:58:34 [main] INFO  c.g.n.e.c.p.CassandraStarterTests - Extract /root/.embedded-cassandra/cassandra/3.11.2/apache-cassandra-3.11.2-bin.tar.gz : extract apache-cassandra-3.11.2/lib/sigar-bin/sigar-amd64-winnt.dll
2018-07-19 14:58:34 [main] INFO  c.g.n.e.c.p.CassandraStarterTests - Extract /root/.embedded-cassandra/cassandra/3.11.2/apache-cassandra-3.11.2-bin.tar.gz : extract apache-cassandra-3.11.2/lib/sigar-bin/sigar-x86-winnt.dll
2018-07-19 14:58:34 [main] INFO  c.g.n.e.c.p.CassandraStarterTests - Extract /root/.embedded-cassandra/cassandra/3.11.2/apache-cassandra-3.11.2-bin.tar.gz : extract apache-cassandra-3.11.2/lib/sigar-bin/sigar-x86-winnt.lib
2018-07-19 14:58:34 [main] INFO  c.g.n.e.c.p.CassandraStarterTests - Extract /root/.embedded-cassandra/cassandra/3.11.2/apache-cassandra-3.11.2-bin.tar.gz : extract apache-cassandra-3.11.2/lib/six-1.7.3-py2.py3-none-any.zip
2018-07-19 14:58:34 [main] INFO  c.g.n.e.c.p.CassandraStarterTests - Extract /root/.embedded-cassandra/cassandra/3.11.2/apache-cassandra-3.11.2-bin.tar.gz : extract apache-cassandra-3.11.2/lib/slf4j-api-1.7.7.jar
2018-07-19 14:58:34 [main] INFO  c.g.n.e.c.p.CassandraStarterTests - Extract /root/.embedded-cassandra/cassandra/3.11.2/apache-cassandra-3.11.2-bin.tar.gz : extract apache-cassandra-3.11.2/lib/snakeyaml-1.11.jar
2018-07-19 14:58:34 [main] INFO  c.g.n.e.c.p.CassandraStarterTests - Extract /root/.embedded-cassandra/cassandra/3.11.2/apache-cassandra-3.11.2-bin.tar.gz : extract apache-cassandra-3.11.2/lib/snappy-java-1.1.1.7.jar
2018-07-19 14:58:34 [main] INFO  c.g.n.e.c.p.CassandraStarterTests - Extract /root/.embedded-cassandra/cassandra/3.11.2/apache-cassandra-3.11.2-bin.tar.gz : extract apache-cassandra-3.11.2/lib/snowball-stemmer-1.3.0.581.1.jar
2018-07-19 14:58:34 [main] INFO  c.g.n.e.c.p.CassandraStarterTests - Extract /root/.embedded-cassandra/cassandra/3.11.2/apache-cassandra-3.11.2-bin.tar.gz : extract apache-cassandra-3.11.2/lib/stream-2.5.2.jar
2018-07-19 14:58:34 [main] INFO  c.g.n.e.c.p.CassandraStarterTests - Extract /root/.embedded-cassandra/cassandra/3.11.2/apache-cassandra-3.11.2-bin.tar.gz : extract apache-cassandra-3.11.2/lib/thrift-server-0.3.7.jar
2018-07-19 14:58:34 [main] INFO  c.g.n.e.c.p.CassandraStarterTests - Extract /root/.embedded-cassandra/cassandra/3.11.2/apache-cassandra-3.11.2-bin.tar.gz : extract apache-cassandra-3.11.2/pylib/cqlshlib/__init__.py
2018-07-19 14:58:34 [main] INFO  c.g.n.e.c.p.CassandraStarterTests - Extract /root/.embedded-cassandra/cassandra/3.11.2/apache-cassandra-3.11.2-bin.tar.gz : extract apache-cassandra-3.11.2/pylib/cqlshlib/copyutil.py
2018-07-19 14:58:34 [main] INFO  c.g.n.e.c.p.CassandraStarterTests - Extract /root/.embedded-cassandra/cassandra/3.11.2/apache-cassandra-3.11.2-bin.tar.gz : extract apache-cassandra-3.11.2/pylib/cqlshlib/cql3handling.py
2018-07-19 14:58:34 [main] INFO  c.g.n.e.c.p.CassandraStarterTests - Extract /root/.embedded-cassandra/cassandra/3.11.2/apache-cassandra-3.11.2-bin.tar.gz : extract apache-cassandra-3.11.2/pylib/cqlshlib/cqlhandling.py
2018-07-19 14:58:34 [main] INFO  c.g.n.e.c.p.CassandraStarterTests - Extract /root/.embedded-cassandra/cassandra/3.11.2/apache-cassandra-3.11.2-bin.tar.gz : extract apache-cassandra-3.11.2/pylib/cqlshlib/cqlshhandling.py
2018-07-19 14:58:34 [main] INFO  c.g.n.e.c.p.CassandraStarterTests - Extract /root/.embedded-cassandra/cassandra/3.11.2/apache-cassandra-3.11.2-bin.tar.gz : extract apache-cassandra-3.11.2/pylib/cqlshlib/displaying.py
2018-07-19 14:58:34 [main] INFO  c.g.n.e.c.p.CassandraStarterTests - Extract /root/.embedded-cassandra/cassandra/3.11.2/apache-cassandra-3.11.2-bin.tar.gz : extract apache-cassandra-3.11.2/pylib/cqlshlib/formatting.py
2018-07-19 14:58:34 [main] INFO  c.g.n.e.c.p.CassandraStarterTests - Extract /root/.embedded-cassandra/cassandra/3.11.2/apache-cassandra-3.11.2-bin.tar.gz : extract apache-cassandra-3.11.2/pylib/cqlshlib/helptopics.py
2018-07-19 14:58:34 [main] INFO  c.g.n.e.c.p.CassandraStarterTests - Extract /root/.embedded-cassandra/cassandra/3.11.2/apache-cassandra-3.11.2-bin.tar.gz : extract apache-cassandra-3.11.2/pylib/cqlshlib/pylexotron.py
2018-07-19 14:58:34 [main] INFO  c.g.n.e.c.p.CassandraStarterTests - Extract /root/.embedded-cassandra/cassandra/3.11.2/apache-cassandra-3.11.2-bin.tar.gz : extract apache-cassandra-3.11.2/pylib/cqlshlib/saferscanner.py
2018-07-19 14:58:34 [main] INFO  c.g.n.e.c.p.CassandraStarterTests - Extract /root/.embedded-cassandra/cassandra/3.11.2/apache-cassandra-3.11.2-bin.tar.gz : extract apache-cassandra-3.11.2/pylib/cqlshlib/sslhandling.py
2018-07-19 14:58:34 [main] INFO  c.g.n.e.c.p.CassandraStarterTests - Extract /root/.embedded-cassandra/cassandra/3.11.2/apache-cassandra-3.11.2-bin.tar.gz : extract apache-cassandra-3.11.2/pylib/cqlshlib/test/__init__.py
2018-07-19 14:58:34 [main] INFO  c.g.n.e.c.p.CassandraStarterTests - Extract /root/.embedded-cassandra/cassandra/3.11.2/apache-cassandra-3.11.2-bin.tar.gz : extract apache-cassandra-3.11.2/pylib/cqlshlib/test/ansi_colors.py
2018-07-19 14:58:34 [main] INFO  c.g.n.e.c.p.CassandraStarterTests - Extract /root/.embedded-cassandra/cassandra/3.11.2/apache-cassandra-3.11.2-bin.tar.gz : extract apache-cassandra-3.11.2/pylib/cqlshlib/test/basecase.py
2018-07-19 14:58:34 [main] INFO  c.g.n.e.c.p.CassandraStarterTests - Extract /root/.embedded-cassandra/cassandra/3.11.2/apache-cassandra-3.11.2-bin.tar.gz : extract apache-cassandra-3.11.2/pylib/cqlshlib/test/cassconnect.py
2018-07-19 14:58:34 [main] INFO  c.g.n.e.c.p.CassandraStarterTests - Extract /root/.embedded-cassandra/cassandra/3.11.2/apache-cassandra-3.11.2-bin.tar.gz : extract apache-cassandra-3.11.2/pylib/cqlshlib/test/run_cqlsh.py
2018-07-19 14:58:34 [main] INFO  c.g.n.e.c.p.CassandraStarterTests - Extract /root/.embedded-cassandra/cassandra/3.11.2/apache-cassandra-3.11.2-bin.tar.gz : extract apache-cassandra-3.11.2/pylib/cqlshlib/test/test_cql_parsing.py
2018-07-19 14:58:34 [main] INFO  c.g.n.e.c.p.CassandraStarterTests - Extract /root/.embedded-cassandra/cassandra/3.11.2/apache-cassandra-3.11.2-bin.tar.gz : extract apache-cassandra-3.11.2/pylib/cqlshlib/test/test_cqlsh_commands.py
2018-07-19 14:58:34 [main] INFO  c.g.n.e.c.p.CassandraStarterTests - Extract /root/.embedded-cassandra/cassandra/3.11.2/apache-cassandra-3.11.2-bin.tar.gz : extract apache-cassandra-3.11.2/pylib/cqlshlib/test/test_cqlsh_completion.py
2018-07-19 14:58:34 [main] INFO  c.g.n.e.c.p.CassandraStarterTests - Extract /root/.embedded-cassandra/cassandra/3.11.2/apache-cassandra-3.11.2-bin.tar.gz : extract apache-cassandra-3.11.2/pylib/cqlshlib/test/test_cqlsh_invocation.py
2018-07-19 14:58:34 [main] INFO  c.g.n.e.c.p.CassandraStarterTests - Extract /root/.embedded-cassandra/cassandra/3.11.2/apache-cassandra-3.11.2-bin.tar.gz : extract apache-cassandra-3.11.2/pylib/cqlshlib/test/test_cqlsh_output.py
2018-07-19 14:58:34 [main] INFO  c.g.n.e.c.p.CassandraStarterTests - Extract /root/.embedded-cassandra/cassandra/3.11.2/apache-cassandra-3.11.2-bin.tar.gz : extract apache-cassandra-3.11.2/pylib/cqlshlib/test/test_cqlsh_parsing.py
2018-07-19 14:58:34 [main] INFO  c.g.n.e.c.p.CassandraStarterTests - Extract /root/.embedded-cassandra/cassandra/3.11.2/apache-cassandra-3.11.2-bin.tar.gz : extract apache-cassandra-3.11.2/pylib/cqlshlib/test/test_keyspace_init.cql
2018-07-19 14:58:34 [main] INFO  c.g.n.e.c.p.CassandraStarterTests - Extract /root/.embedded-cassandra/cassandra/3.11.2/apache-cassandra-3.11.2-bin.tar.gz : extract apache-cassandra-3.11.2/pylib/cqlshlib/test/winpty.py
2018-07-19 14:58:34 [main] INFO  c.g.n.e.c.p.CassandraStarterTests - Extract /root/.embedded-cassandra/cassandra/3.11.2/apache-cassandra-3.11.2-bin.tar.gz : extract apache-cassandra-3.11.2/pylib/cqlshlib/tracing.py
2018-07-19 14:58:34 [main] INFO  c.g.n.e.c.p.CassandraStarterTests - Extract /root/.embedded-cassandra/cassandra/3.11.2/apache-cassandra-3.11.2-bin.tar.gz : extract apache-cassandra-3.11.2/pylib/cqlshlib/util.py
2018-07-19 14:58:34 [main] INFO  c.g.n.e.c.p.CassandraStarterTests - Extract /root/.embedded-cassandra/cassandra/3.11.2/apache-cassandra-3.11.2-bin.tar.gz : extract apache-cassandra-3.11.2/pylib/cqlshlib/wcwidth.py
2018-07-19 14:58:34 [main] INFO  c.g.n.e.c.p.CassandraStarterTests - Extract /root/.embedded-cassandra/cassandra/3.11.2/apache-cassandra-3.11.2-bin.tar.gz : extract apache-cassandra-3.11.2/pylib/setup.py
2018-07-19 14:58:34 [main] INFO  c.g.n.e.c.p.CassandraStarterTests - Extract /root/.embedded-cassandra/cassandra/3.11.2/apache-cassandra-3.11.2-bin.tar.gz : extract apache-cassandra-3.11.2/tools/bin/cassandra-stress
2018-07-19 14:58:34 [main] INFO  c.g.n.e.c.p.CassandraStarterTests - Extract /root/.embedded-cassandra/cassandra/3.11.2/apache-cassandra-3.11.2-bin.tar.gz : extract apache-cassandra-3.11.2/tools/bin/cassandra-stress.bat
2018-07-19 14:58:34 [main] INFO  c.g.n.e.c.p.CassandraStarterTests - Extract /root/.embedded-cassandra/cassandra/3.11.2/apache-cassandra-3.11.2-bin.tar.gz : extract apache-cassandra-3.11.2/tools/bin/cassandra-stressd
2018-07-19 14:58:34 [main] INFO  c.g.n.e.c.p.CassandraStarterTests - Extract /root/.embedded-cassandra/cassandra/3.11.2/apache-cassandra-3.11.2-bin.tar.gz : extract apache-cassandra-3.11.2/tools/bin/cassandra.in.bat
2018-07-19 14:58:34 [main] INFO  c.g.n.e.c.p.CassandraStarterTests - Extract /root/.embedded-cassandra/cassandra/3.11.2/apache-cassandra-3.11.2-bin.tar.gz : extract apache-cassandra-3.11.2/tools/bin/cassandra.in.sh
2018-07-19 14:58:34 [main] INFO  c.g.n.e.c.p.CassandraStarterTests - Extract /root/.embedded-cassandra/cassandra/3.11.2/apache-cassandra-3.11.2-bin.tar.gz : extract apache-cassandra-3.11.2/tools/bin/compaction-stress
2018-07-19 14:58:34 [main] INFO  c.g.n.e.c.p.CassandraStarterTests - Extract /root/.embedded-cassandra/cassandra/3.11.2/apache-cassandra-3.11.2-bin.tar.gz : extract apache-cassandra-3.11.2/tools/bin/sstabledump
2018-07-19 14:58:34 [main] INFO  c.g.n.e.c.p.CassandraStarterTests - Extract /root/.embedded-cassandra/cassandra/3.11.2/apache-cassandra-3.11.2-bin.tar.gz : extract apache-cassandra-3.11.2/tools/bin/sstabledump.bat
2018-07-19 14:58:34 [main] INFO  c.g.n.e.c.p.CassandraStarterTests - Extract /root/.embedded-cassandra/cassandra/3.11.2/apache-cassandra-3.11.2-bin.tar.gz : extract apache-cassandra-3.11.2/tools/bin/sstableexpiredblockers
2018-07-19 14:58:34 [main] INFO  c.g.n.e.c.p.CassandraStarterTests - Extract /root/.embedded-cassandra/cassandra/3.11.2/apache-cassandra-3.11.2-bin.tar.gz : extract apache-cassandra-3.11.2/tools/bin/sstableexpiredblockers.bat
2018-07-19 14:58:34 [main] INFO  c.g.n.e.c.p.CassandraStarterTests - Extract /root/.embedded-cassandra/cassandra/3.11.2/apache-cassandra-3.11.2-bin.tar.gz : extract apache-cassandra-3.11.2/tools/bin/sstablelevelreset
2018-07-19 14:58:34 [main] INFO  c.g.n.e.c.p.CassandraStarterTests - Extract /root/.embedded-cassandra/cassandra/3.11.2/apache-cassandra-3.11.2-bin.tar.gz : extract apache-cassandra-3.11.2/tools/bin/sstablelevelreset.bat
2018-07-19 14:58:34 [main] INFO  c.g.n.e.c.p.CassandraStarterTests - Extract /root/.embedded-cassandra/cassandra/3.11.2/apache-cassandra-3.11.2-bin.tar.gz : extract apache-cassandra-3.11.2/tools/bin/sstablemetadata
2018-07-19 14:58:34 [main] INFO  c.g.n.e.c.p.CassandraStarterTests - Extract /root/.embedded-cassandra/cassandra/3.11.2/apache-cassandra-3.11.2-bin.tar.gz : extract apache-cassandra-3.11.2/tools/bin/sstablemetadata.bat
2018-07-19 14:58:34 [main] INFO  c.g.n.e.c.p.CassandraStarterTests - Extract /root/.embedded-cassandra/cassandra/3.11.2/apache-cassandra-3.11.2-bin.tar.gz : extract apache-cassandra-3.11.2/tools/bin/sstableofflinerelevel
2018-07-19 14:58:34 [main] INFO  c.g.n.e.c.p.CassandraStarterTests - Extract /root/.embedded-cassandra/cassandra/3.11.2/apache-cassandra-3.11.2-bin.tar.gz : extract apache-cassandra-3.11.2/tools/bin/sstableofflinerelevel.bat
2018-07-19 14:58:34 [main] INFO  c.g.n.e.c.p.CassandraStarterTests - Extract /root/.embedded-cassandra/cassandra/3.11.2/apache-cassandra-3.11.2-bin.tar.gz : extract apache-cassandra-3.11.2/tools/bin/sstablerepairedset
2018-07-19 14:58:34 [main] INFO  c.g.n.e.c.p.CassandraStarterTests - Extract /root/.embedded-cassandra/cassandra/3.11.2/apache-cassandra-3.11.2-bin.tar.gz : extract apache-cassandra-3.11.2/tools/bin/sstablerepairedset.bat
2018-07-19 14:58:34 [main] INFO  c.g.n.e.c.p.CassandraStarterTests - Extract /root/.embedded-cassandra/cassandra/3.11.2/apache-cassandra-3.11.2-bin.tar.gz : extract apache-cassandra-3.11.2/tools/bin/sstablesplit
2018-07-19 14:58:34 [main] INFO  c.g.n.e.c.p.CassandraStarterTests - Extract /root/.embedded-cassandra/cassandra/3.11.2/apache-cassandra-3.11.2-bin.tar.gz : extract apache-cassandra-3.11.2/tools/bin/sstablesplit.bat
2018-07-19 14:58:34 [main] INFO  c.g.n.e.c.p.CassandraStarterTests - Extract /root/.embedded-cassandra/cassandra/3.11.2/apache-cassandra-3.11.2-bin.tar.gz : extract apache-cassandra-3.11.2/tools/cqlstress-counter-example.yaml
2018-07-19 14:58:34 [main] INFO  c.g.n.e.c.p.CassandraStarterTests - Extract /root/.embedded-cassandra/cassandra/3.11.2/apache-cassandra-3.11.2-bin.tar.gz : extract apache-cassandra-3.11.2/tools/cqlstress-example.yaml
2018-07-19 14:58:34 [main] INFO  c.g.n.e.c.p.CassandraStarterTests - Extract /root/.embedded-cassandra/cassandra/3.11.2/apache-cassandra-3.11.2-bin.tar.gz : extract apache-cassandra-3.11.2/tools/cqlstress-insanity-example.yaml
2018-07-19 14:58:34 [main] INFO  c.g.n.e.c.p.CassandraStarterTests - Extract /root/.embedded-cassandra/cassandra/3.11.2/apache-cassandra-3.11.2-bin.tar.gz : extract apache-cassandra-3.11.2/tools/lib/stress.jar
2018-07-19 14:58:34 [main] INFO  c.g.n.e.c.p.CassandraStarterTests - Extract /root/.embedded-cassandra/cassandra/3.11.2/apache-cassandra-3.11.2-bin.tar.gz : extract apache-cassandra-3.11.2/bin/cassandra.in.sh
2018-07-19 14:58:34 [main] INFO  c.g.n.e.c.p.CassandraStarterTests - Extract /root/.embedded-cassandra/cassandra/3.11.2/apache-cassandra-3.11.2-bin.tar.gz : extract apache-cassandra-3.11.2/bin/cassandra
2018-07-19 14:58:34 [main] INFO  c.g.n.e.c.p.CassandraStarterTests - Extract /root/.embedded-cassandra/cassandra/3.11.2/apache-cassandra-3.11.2-bin.tar.gz : extract apache-cassandra-3.11.2/bin/cassandra.bat
2018-07-19 14:58:34 [main] INFO  c.g.n.e.c.p.CassandraStarterTests - Extract /root/.embedded-cassandra/cassandra/3.11.2/apache-cassandra-3.11.2-bin.tar.gz : extract apache-cassandra-3.11.2/bin/cassandra.in.bat
2018-07-19 14:58:34 [main] INFO  c.g.n.e.c.p.CassandraStarterTests - Extract /root/.embedded-cassandra/cassandra/3.11.2/apache-cassandra-3.11.2-bin.tar.gz : extract apache-cassandra-3.11.2/bin/cqlsh
2018-07-19 14:58:34 [main] INFO  c.g.n.e.c.p.CassandraStarterTests - Extract /root/.embedded-cassandra/cassandra/3.11.2/apache-cassandra-3.11.2-bin.tar.gz : extract apache-cassandra-3.11.2/bin/cqlsh.bat
2018-07-19 14:58:34 [main] INFO  c.g.n.e.c.p.CassandraStarterTests - Extract /root/.embedded-cassandra/cassandra/3.11.2/apache-cassandra-3.11.2-bin.tar.gz : extract apache-cassandra-3.11.2/bin/cqlsh.py
2018-07-19 14:58:34 [main] INFO  c.g.n.e.c.p.CassandraStarterTests - Extract /root/.embedded-cassandra/cassandra/3.11.2/apache-cassandra-3.11.2-bin.tar.gz : extract apache-cassandra-3.11.2/bin/debug-cql
2018-07-19 14:58:34 [main] INFO  c.g.n.e.c.p.CassandraStarterTests - Extract /root/.embedded-cassandra/cassandra/3.11.2/apache-cassandra-3.11.2-bin.tar.gz : extract apache-cassandra-3.11.2/bin/debug-cql.bat
2018-07-19 14:58:34 [main] INFO  c.g.n.e.c.p.CassandraStarterTests - Extract /root/.embedded-cassandra/cassandra/3.11.2/apache-cassandra-3.11.2-bin.tar.gz : extract apache-cassandra-3.11.2/bin/nodetool
2018-07-19 14:58:34 [main] INFO  c.g.n.e.c.p.CassandraStarterTests - Extract /root/.embedded-cassandra/cassandra/3.11.2/apache-cassandra-3.11.2-bin.tar.gz : extract apache-cassandra-3.11.2/bin/nodetool.bat
2018-07-19 14:58:34 [main] INFO  c.g.n.e.c.p.CassandraStarterTests - Extract /root/.embedded-cassandra/cassandra/3.11.2/apache-cassandra-3.11.2-bin.tar.gz : extract apache-cassandra-3.11.2/bin/source-conf.ps1
2018-07-19 14:58:34 [main] INFO  c.g.n.e.c.p.CassandraStarterTests - Extract /root/.embedded-cassandra/cassandra/3.11.2/apache-cassandra-3.11.2-bin.tar.gz : extract apache-cassandra-3.11.2/bin/sstableloader
2018-07-19 14:58:34 [main] INFO  c.g.n.e.c.p.CassandraStarterTests - Extract /root/.embedded-cassandra/cassandra/3.11.2/apache-cassandra-3.11.2-bin.tar.gz : extract apache-cassandra-3.11.2/bin/sstableloader.bat
2018-07-19 14:58:34 [main] INFO  c.g.n.e.c.p.CassandraStarterTests - Extract /root/.embedded-cassandra/cassandra/3.11.2/apache-cassandra-3.11.2-bin.tar.gz : extract apache-cassandra-3.11.2/bin/sstablescrub
2018-07-19 14:58:34 [main] INFO  c.g.n.e.c.p.CassandraStarterTests - Extract /root/.embedded-cassandra/cassandra/3.11.2/apache-cassandra-3.11.2-bin.tar.gz : extract apache-cassandra-3.11.2/bin/sstablescrub.bat
2018-07-19 14:58:34 [main] INFO  c.g.n.e.c.p.CassandraStarterTests - Extract /root/.embedded-cassandra/cassandra/3.11.2/apache-cassandra-3.11.2-bin.tar.gz : extract apache-cassandra-3.11.2/bin/sstableupgrade
2018-07-19 14:58:34 [main] INFO  c.g.n.e.c.p.CassandraStarterTests - Extract /root/.embedded-cassandra/cassandra/3.11.2/apache-cassandra-3.11.2-bin.tar.gz : extract apache-cassandra-3.11.2/bin/sstableupgrade.bat
2018-07-19 14:58:34 [main] INFO  c.g.n.e.c.p.CassandraStarterTests - Extract /root/.embedded-cassandra/cassandra/3.11.2/apache-cassandra-3.11.2-bin.tar.gz : extract apache-cassandra-3.11.2/bin/sstableutil
2018-07-19 14:58:34 [main] INFO  c.g.n.e.c.p.CassandraStarterTests - Extract /root/.embedded-cassandra/cassandra/3.11.2/apache-cassandra-3.11.2-bin.tar.gz : extract apache-cassandra-3.11.2/bin/sstableutil.bat
2018-07-19 14:58:34 [main] INFO  c.g.n.e.c.p.CassandraStarterTests - Extract /root/.embedded-cassandra/cassandra/3.11.2/apache-cassandra-3.11.2-bin.tar.gz : extract apache-cassandra-3.11.2/bin/sstableverify
2018-07-19 14:58:34 [main] INFO  c.g.n.e.c.p.CassandraStarterTests - Extract /root/.embedded-cassandra/cassandra/3.11.2/apache-cassandra-3.11.2-bin.tar.gz : extract apache-cassandra-3.11.2/bin/sstableverify.bat
2018-07-19 14:58:34 [main] INFO  c.g.n.e.c.p.CassandraStarterTests - Extract /root/.embedded-cassandra/cassandra/3.11.2/apache-cassandra-3.11.2-bin.tar.gz : extract apache-cassandra-3.11.2/bin/stop-server
2018-07-19 14:58:34 [main] INFO  c.g.n.e.c.p.CassandraStarterTests - Extract /root/.embedded-cassandra/cassandra/3.11.2/apache-cassandra-3.11.2-bin.tar.gz : extract apache-cassandra-3.11.2/bin/stop-server.bat
2018-07-19 14:58:34 [main] INFO  c.g.n.e.c.p.CassandraStarterTests - Extract /root/.embedded-cassandra/cassandra/3.11.2/apache-cassandra-3.11.2-bin.tar.gz : extract apache-cassandra-3.11.2/bin/stop-server.ps1
2018-07-19 14:58:34 [main] INFO  c.g.n.e.c.p.CassandraStarterTests - Extract /root/.embedded-cassandra/cassandra/3.11.2/apache-cassandra-3.11.2-bin.tar.gz : finished
2018-07-19 14:58:34 [main] INFO  c.g.n.e.c.process.CassandraProcess - Starting Cassandra Process using command [/tmp/temp--fb13d11c-d768-4578-8208-164cd7551f24/apache-cassandra-3.11.2/bin/cassandra, -f, -Dcassandra.jmx.local.port=42159]
2018-07-19 14:58:34 [Thread-20] INFO  c.g.n.e.c.p.CassandraStarterTests - [P:1036] Running Cassandra as root user or group is not recommended - please start Cassandra using a different system user.
2018-07-19 14:58:34 [Thread-20] INFO  c.g.n.e.c.p.CassandraStarterTests - [P:1036] If you really want to force running Cassandra as root, use -R command line option.
2018-07-19 14:58:34 [main] INFO  c.g.n.e.c.process.CassandraProcess - Cassandra process '1036' has been stopped.
]]></system-out>
    <rerunError message="Could not start a process &apos;1450&apos;.&#10;Failure:&lt;EOF&gt;&#10;Output:&#10;--- START --- &#10;[P:1450] Running Cassandra as root user or group is not recommended - please start Cassandra using a different system user.&#10;[P:1450] If you really want to force running Cassandra as root, use -R command line option.&#10;&#10;--- END --- " type="java.io.IOException"><![CDATA[java.io.IOException: 
Could not start a process '1450'.
Failure:<EOF>
Output:
--- START --- 
[P:1450] Running Cassandra as root user or group is not recommended - please start Cassandra using a different system user.
[P:1450] If you really want to force running Cassandra as root, use -R command line option.

--- END --- 
	at com.github.nosan.embedded.cassandra.process.CassandraProcess.onAfterProcessStart(CassandraProcess.java:114)
	at de.flapdoodle.embed.process.runtime.AbstractProcess.<init>(AbstractProcess.java:116)
	at com.github.nosan.embedded.cassandra.process.CassandraProcess.<init>(CassandraProcess.java:67)
	at com.github.nosan.embedded.cassandra.process.CassandraExecutable.start(CassandraExecutable.java:49)
	at com.github.nosan.embedded.cassandra.process.CassandraExecutable.start(CassandraExecutable.java:37)
	at de.flapdoodle.embed.process.runtime.Executable.start(Executable.java:108)
	at com.github.nosan.embedded.cassandra.process.CassandraStarterTests.start(CassandraStarterTests.java:64)
	at com.github.nosan.embedded.cassandra.process.CassandraStarterTests.start(CassandraStarterTests.java:55)
	at com.github.nosan.embedded.cassandra.process.CassandraStarterTests.shouldBeRestartedUsingNativeTransportPort(CassandraStarterTests.java:89)
	at sun.reflect.NativeMethodAccessorImpl.invoke0(Native Method)
	at sun.reflect.NativeMethodAccessorImpl.invoke(NativeMethodAccessorImpl.java:62)
	at sun.reflect.DelegatingMethodAccessorImpl.invoke(DelegatingMethodAccessorImpl.java:43)
	at java.lang.reflect.Method.invoke(Method.java:498)
	at org.junit.runners.model.FrameworkMethod$1.runReflectiveCall(FrameworkMethod.java:50)
	at org.junit.internal.runners.model.ReflectiveCallable.run(ReflectiveCallable.java:12)
	at org.junit.runners.model.FrameworkMethod.invokeExplosively(FrameworkMethod.java:47)
	at org.junit.internal.runners.statements.InvokeMethod.evaluate(InvokeMethod.java:17)
	at org.junit.rules.ExpectedException$ExpectedExceptionStatement.evaluate(ExpectedException.java:239)
	at org.junit.rules.RunRules.evaluate(RunRules.java:20)
	at org.junit.runners.ParentRunner.runLeaf(ParentRunner.java:325)
	at org.junit.runners.BlockJUnit4ClassRunner.runChild(BlockJUnit4ClassRunner.java:78)
	at org.junit.runners.BlockJUnit4ClassRunner.runChild(BlockJUnit4ClassRunner.java:57)
	at org.junit.runners.ParentRunner$3.run(ParentRunner.java:290)
	at org.junit.runners.ParentRunner$1.schedule(ParentRunner.java:71)
	at org.junit.runners.ParentRunner.runChildren(ParentRunner.java:288)
	at org.junit.runners.ParentRunner.access$000(ParentRunner.java:58)
	at org.junit.runners.ParentRunner$2.evaluate(ParentRunner.java:268)
	at org.junit.runners.ParentRunner.run(ParentRunner.java:363)
	at org.apache.maven.surefire.junit4.JUnit4Provider.executeFailedMethod(JUnit4Provider.java:379)
	at org.apache.maven.surefire.junit4.JUnit4Provider.executeWithRerun(JUnit4Provider.java:290)
	at org.apache.maven.surefire.junit4.JUnit4Provider.executeTestSet(JUnit4Provider.java:236)
	at org.apache.maven.surefire.junit4.JUnit4Provider.invoke(JUnit4Provider.java:159)
	at org.apache.maven.surefire.booter.ForkedBooter.invokeProviderInSameClassLoader(ForkedBooter.java:386)
	at org.apache.maven.surefire.booter.ForkedBooter.runSuitesInProcess(ForkedBooter.java:323)
	at org.apache.maven.surefire.booter.ForkedBooter.main(ForkedBooter.java:143)
]]>
      <system-out><![CDATA[2018-07-19 14:58:56 [main] INFO  c.g.n.e.c.p.CassandraStarterTests - Extract /root/.embedded-cassandra/cassandra/3.11.2/apache-cassandra-3.11.2-bin.tar.gz : starting...
2018-07-19 14:58:56 [main] INFO  c.g.n.e.c.p.CassandraStarterTests - Extract /root/.embedded-cassandra/cassandra/3.11.2/apache-cassandra-3.11.2-bin.tar.gz : extract apache-cassandra-3.11.2/conf/cassandra-env.ps1
2018-07-19 14:58:56 [main] INFO  c.g.n.e.c.p.CassandraStarterTests - Extract /root/.embedded-cassandra/cassandra/3.11.2/apache-cassandra-3.11.2-bin.tar.gz : extract apache-cassandra-3.11.2/conf/cassandra-env.sh
2018-07-19 14:58:56 [main] INFO  c.g.n.e.c.p.CassandraStarterTests - Extract /root/.embedded-cassandra/cassandra/3.11.2/apache-cassandra-3.11.2-bin.tar.gz : extract apache-cassandra-3.11.2/conf/cassandra-jaas.config
2018-07-19 14:58:56 [main] INFO  c.g.n.e.c.p.CassandraStarterTests - Extract /root/.embedded-cassandra/cassandra/3.11.2/apache-cassandra-3.11.2-bin.tar.gz : extract apache-cassandra-3.11.2/conf/cassandra-rackdc.properties
2018-07-19 14:58:56 [main] INFO  c.g.n.e.c.p.CassandraStarterTests - Extract /root/.embedded-cassandra/cassandra/3.11.2/apache-cassandra-3.11.2-bin.tar.gz : extract apache-cassandra-3.11.2/conf/cassandra-topology.properties
2018-07-19 14:58:56 [main] INFO  c.g.n.e.c.p.CassandraStarterTests - Extract /root/.embedded-cassandra/cassandra/3.11.2/apache-cassandra-3.11.2-bin.tar.gz : extract apache-cassandra-3.11.2/conf/cassandra.yaml
2018-07-19 14:58:56 [main] INFO  c.g.n.e.c.p.CassandraStarterTests - Extract /root/.embedded-cassandra/cassandra/3.11.2/apache-cassandra-3.11.2-bin.tar.gz : extract apache-cassandra-3.11.2/conf/commitlog_archiving.properties
2018-07-19 14:58:56 [main] INFO  c.g.n.e.c.p.CassandraStarterTests - Extract /root/.embedded-cassandra/cassandra/3.11.2/apache-cassandra-3.11.2-bin.tar.gz : extract apache-cassandra-3.11.2/conf/cqlshrc.sample
2018-07-19 14:58:56 [main] INFO  c.g.n.e.c.p.CassandraStarterTests - Extract /root/.embedded-cassandra/cassandra/3.11.2/apache-cassandra-3.11.2-bin.tar.gz : extract apache-cassandra-3.11.2/conf/hotspot_compiler
2018-07-19 14:58:56 [main] INFO  c.g.n.e.c.p.CassandraStarterTests - Extract /root/.embedded-cassandra/cassandra/3.11.2/apache-cassandra-3.11.2-bin.tar.gz : extract apache-cassandra-3.11.2/conf/jvm.options
2018-07-19 14:58:56 [main] INFO  c.g.n.e.c.p.CassandraStarterTests - Extract /root/.embedded-cassandra/cassandra/3.11.2/apache-cassandra-3.11.2-bin.tar.gz : extract apache-cassandra-3.11.2/conf/logback-tools.xml
2018-07-19 14:58:56 [main] INFO  c.g.n.e.c.p.CassandraStarterTests - Extract /root/.embedded-cassandra/cassandra/3.11.2/apache-cassandra-3.11.2-bin.tar.gz : extract apache-cassandra-3.11.2/conf/logback.xml
2018-07-19 14:58:56 [main] INFO  c.g.n.e.c.p.CassandraStarterTests - Extract /root/.embedded-cassandra/cassandra/3.11.2/apache-cassandra-3.11.2-bin.tar.gz : extract apache-cassandra-3.11.2/conf/metrics-reporter-config-sample.yaml
2018-07-19 14:58:56 [main] INFO  c.g.n.e.c.p.CassandraStarterTests - Extract /root/.embedded-cassandra/cassandra/3.11.2/apache-cassandra-3.11.2-bin.tar.gz : extract apache-cassandra-3.11.2/conf/triggers/README.txt
2018-07-19 14:58:56 [main] INFO  c.g.n.e.c.p.CassandraStarterTests - Extract /root/.embedded-cassandra/cassandra/3.11.2/apache-cassandra-3.11.2-bin.tar.gz : extract apache-cassandra-3.11.2/interface/cassandra.thrift
2018-07-19 14:58:59 [main] INFO  c.g.n.e.c.p.CassandraStarterTests - Extract /root/.embedded-cassandra/cassandra/3.11.2/apache-cassandra-3.11.2-bin.tar.gz : extract apache-cassandra-3.11.2/lib/HdrHistogram-2.1.9.jar
2018-07-19 14:58:59 [main] INFO  c.g.n.e.c.p.CassandraStarterTests - Extract /root/.embedded-cassandra/cassandra/3.11.2/apache-cassandra-3.11.2-bin.tar.gz : extract apache-cassandra-3.11.2/lib/ST4-4.0.8.jar
2018-07-19 14:58:59 [main] INFO  c.g.n.e.c.p.CassandraStarterTests - Extract /root/.embedded-cassandra/cassandra/3.11.2/apache-cassandra-3.11.2-bin.tar.gz : extract apache-cassandra-3.11.2/lib/airline-0.6.jar
2018-07-19 14:58:59 [main] INFO  c.g.n.e.c.p.CassandraStarterTests - Extract /root/.embedded-cassandra/cassandra/3.11.2/apache-cassandra-3.11.2-bin.tar.gz : extract apache-cassandra-3.11.2/lib/antlr-runtime-3.5.2.jar
2018-07-19 14:58:59 [main] INFO  c.g.n.e.c.p.CassandraStarterTests - Extract /root/.embedded-cassandra/cassandra/3.11.2/apache-cassandra-3.11.2-bin.tar.gz : extract apache-cassandra-3.11.2/lib/apache-cassandra-3.11.2.jar
2018-07-19 14:58:59 [main] INFO  c.g.n.e.c.p.CassandraStarterTests - Extract /root/.embedded-cassandra/cassandra/3.11.2/apache-cassandra-3.11.2-bin.tar.gz : extract apache-cassandra-3.11.2/lib/apache-cassandra-thrift-3.11.2.jar
2018-07-19 14:58:59 [main] INFO  c.g.n.e.c.p.CassandraStarterTests - Extract /root/.embedded-cassandra/cassandra/3.11.2/apache-cassandra-3.11.2-bin.tar.gz : extract apache-cassandra-3.11.2/lib/asm-5.0.4.jar
2018-07-19 14:58:59 [main] INFO  c.g.n.e.c.p.CassandraStarterTests - Extract /root/.embedded-cassandra/cassandra/3.11.2/apache-cassandra-3.11.2-bin.tar.gz : extract apache-cassandra-3.11.2/lib/caffeine-2.2.6.jar
2018-07-19 14:58:59 [main] INFO  c.g.n.e.c.p.CassandraStarterTests - Extract /root/.embedded-cassandra/cassandra/3.11.2/apache-cassandra-3.11.2-bin.tar.gz : extract apache-cassandra-3.11.2/lib/cassandra-driver-core-3.0.1-shaded.jar
2018-07-19 14:58:59 [main] INFO  c.g.n.e.c.p.CassandraStarterTests - Extract /root/.embedded-cassandra/cassandra/3.11.2/apache-cassandra-3.11.2-bin.tar.gz : extract apache-cassandra-3.11.2/lib/cassandra-driver-internal-only-3.10.zip
2018-07-19 14:58:59 [main] INFO  c.g.n.e.c.p.CassandraStarterTests - Extract /root/.embedded-cassandra/cassandra/3.11.2/apache-cassandra-3.11.2-bin.tar.gz : extract apache-cassandra-3.11.2/lib/cassandra-driver-internal-only-3.11.0-bb96859b.zip
2018-07-19 14:58:59 [main] INFO  c.g.n.e.c.p.CassandraStarterTests - Extract /root/.embedded-cassandra/cassandra/3.11.2/apache-cassandra-3.11.2-bin.tar.gz : extract apache-cassandra-3.11.2/lib/commons-cli-1.1.jar
2018-07-19 14:58:59 [main] INFO  c.g.n.e.c.p.CassandraStarterTests - Extract /root/.embedded-cassandra/cassandra/3.11.2/apache-cassandra-3.11.2-bin.tar.gz : extract apache-cassandra-3.11.2/lib/commons-codec-1.9.jar
2018-07-19 14:58:59 [main] INFO  c.g.n.e.c.p.CassandraStarterTests - Extract /root/.embedded-cassandra/cassandra/3.11.2/apache-cassandra-3.11.2-bin.tar.gz : extract apache-cassandra-3.11.2/lib/commons-lang3-3.1.jar
2018-07-19 14:58:59 [main] INFO  c.g.n.e.c.p.CassandraStarterTests - Extract /root/.embedded-cassandra/cassandra/3.11.2/apache-cassandra-3.11.2-bin.tar.gz : extract apache-cassandra-3.11.2/lib/commons-math3-3.2.jar
2018-07-19 14:58:59 [main] INFO  c.g.n.e.c.p.CassandraStarterTests - Extract /root/.embedded-cassandra/cassandra/3.11.2/apache-cassandra-3.11.2-bin.tar.gz : extract apache-cassandra-3.11.2/lib/compress-lzf-0.8.4.jar
2018-07-19 14:58:59 [main] INFO  c.g.n.e.c.p.CassandraStarterTests - Extract /root/.embedded-cassandra/cassandra/3.11.2/apache-cassandra-3.11.2-bin.tar.gz : extract apache-cassandra-3.11.2/lib/concurrent-trees-2.4.0.jar
2018-07-19 14:58:59 [main] INFO  c.g.n.e.c.p.CassandraStarterTests - Extract /root/.embedded-cassandra/cassandra/3.11.2/apache-cassandra-3.11.2-bin.tar.gz : extract apache-cassandra-3.11.2/lib/concurrentlinkedhashmap-lru-1.4.jar
2018-07-19 14:58:59 [main] INFO  c.g.n.e.c.p.CassandraStarterTests - Extract /root/.embedded-cassandra/cassandra/3.11.2/apache-cassandra-3.11.2-bin.tar.gz : extract apache-cassandra-3.11.2/lib/disruptor-3.0.1.jar
2018-07-19 14:58:59 [main] INFO  c.g.n.e.c.p.CassandraStarterTests - Extract /root/.embedded-cassandra/cassandra/3.11.2/apache-cassandra-3.11.2-bin.tar.gz : extract apache-cassandra-3.11.2/lib/ecj-4.4.2.jar
2018-07-19 14:58:59 [main] INFO  c.g.n.e.c.p.CassandraStarterTests - Extract /root/.embedded-cassandra/cassandra/3.11.2/apache-cassandra-3.11.2-bin.tar.gz : extract apache-cassandra-3.11.2/lib/futures-2.1.6-py2.py3-none-any.zip
2018-07-19 14:58:59 [main] INFO  c.g.n.e.c.p.CassandraStarterTests - Extract /root/.embedded-cassandra/cassandra/3.11.2/apache-cassandra-3.11.2-bin.tar.gz : extract apache-cassandra-3.11.2/lib/guava-18.0.jar
2018-07-19 14:58:59 [main] INFO  c.g.n.e.c.p.CassandraStarterTests - Extract /root/.embedded-cassandra/cassandra/3.11.2/apache-cassandra-3.11.2-bin.tar.gz : extract apache-cassandra-3.11.2/lib/high-scale-lib-1.0.6.jar
2018-07-19 14:58:59 [main] INFO  c.g.n.e.c.p.CassandraStarterTests - Extract /root/.embedded-cassandra/cassandra/3.11.2/apache-cassandra-3.11.2-bin.tar.gz : extract apache-cassandra-3.11.2/lib/hppc-0.5.4.jar
2018-07-19 14:58:59 [main] INFO  c.g.n.e.c.p.CassandraStarterTests - Extract /root/.embedded-cassandra/cassandra/3.11.2/apache-cassandra-3.11.2-bin.tar.gz : extract apache-cassandra-3.11.2/lib/jackson-core-asl-1.9.13.jar
2018-07-19 14:58:59 [main] INFO  c.g.n.e.c.p.CassandraStarterTests - Extract /root/.embedded-cassandra/cassandra/3.11.2/apache-cassandra-3.11.2-bin.tar.gz : extract apache-cassandra-3.11.2/lib/jackson-mapper-asl-1.9.13.jar
2018-07-19 14:58:59 [main] INFO  c.g.n.e.c.p.CassandraStarterTests - Extract /root/.embedded-cassandra/cassandra/3.11.2/apache-cassandra-3.11.2-bin.tar.gz : extract apache-cassandra-3.11.2/lib/jamm-0.3.0.jar
2018-07-19 14:58:59 [main] INFO  c.g.n.e.c.p.CassandraStarterTests - Extract /root/.embedded-cassandra/cassandra/3.11.2/apache-cassandra-3.11.2-bin.tar.gz : extract apache-cassandra-3.11.2/lib/javax.inject.jar
2018-07-19 14:58:59 [main] INFO  c.g.n.e.c.p.CassandraStarterTests - Extract /root/.embedded-cassandra/cassandra/3.11.2/apache-cassandra-3.11.2-bin.tar.gz : extract apache-cassandra-3.11.2/lib/jbcrypt-0.3m.jar
2018-07-19 14:58:59 [main] INFO  c.g.n.e.c.p.CassandraStarterTests - Extract /root/.embedded-cassandra/cassandra/3.11.2/apache-cassandra-3.11.2-bin.tar.gz : extract apache-cassandra-3.11.2/lib/jcl-over-slf4j-1.7.7.jar
2018-07-19 14:58:59 [main] INFO  c.g.n.e.c.p.CassandraStarterTests - Extract /root/.embedded-cassandra/cassandra/3.11.2/apache-cassandra-3.11.2-bin.tar.gz : extract apache-cassandra-3.11.2/lib/jctools-core-1.2.1.jar
2018-07-19 14:58:59 [main] INFO  c.g.n.e.c.p.CassandraStarterTests - Extract /root/.embedded-cassandra/cassandra/3.11.2/apache-cassandra-3.11.2-bin.tar.gz : extract apache-cassandra-3.11.2/lib/jflex-1.6.0.jar
2018-07-19 14:58:59 [main] INFO  c.g.n.e.c.p.CassandraStarterTests - Extract /root/.embedded-cassandra/cassandra/3.11.2/apache-cassandra-3.11.2-bin.tar.gz : extract apache-cassandra-3.11.2/lib/jna-4.2.2.jar
2018-07-19 14:58:59 [main] INFO  c.g.n.e.c.p.CassandraStarterTests - Extract /root/.embedded-cassandra/cassandra/3.11.2/apache-cassandra-3.11.2-bin.tar.gz : extract apache-cassandra-3.11.2/lib/joda-time-2.4.jar
2018-07-19 14:58:59 [main] INFO  c.g.n.e.c.p.CassandraStarterTests - Extract /root/.embedded-cassandra/cassandra/3.11.2/apache-cassandra-3.11.2-bin.tar.gz : extract apache-cassandra-3.11.2/lib/json-simple-1.1.jar
2018-07-19 14:58:59 [main] INFO  c.g.n.e.c.p.CassandraStarterTests - Extract /root/.embedded-cassandra/cassandra/3.11.2/apache-cassandra-3.11.2-bin.tar.gz : extract apache-cassandra-3.11.2/lib/jstackjunit-0.0.1.jar
2018-07-19 14:58:59 [main] INFO  c.g.n.e.c.p.CassandraStarterTests - Extract /root/.embedded-cassandra/cassandra/3.11.2/apache-cassandra-3.11.2-bin.tar.gz : extract apache-cassandra-3.11.2/lib/libthrift-0.9.2.jar
2018-07-19 14:58:59 [main] INFO  c.g.n.e.c.p.CassandraStarterTests - Extract /root/.embedded-cassandra/cassandra/3.11.2/apache-cassandra-3.11.2-bin.tar.gz : extract apache-cassandra-3.11.2/lib/log4j-over-slf4j-1.7.7.jar
2018-07-19 14:58:59 [main] INFO  c.g.n.e.c.p.CassandraStarterTests - Extract /root/.embedded-cassandra/cassandra/3.11.2/apache-cassandra-3.11.2-bin.tar.gz : extract apache-cassandra-3.11.2/lib/logback-classic-1.1.3.jar
2018-07-19 14:58:59 [main] INFO  c.g.n.e.c.p.CassandraStarterTests - Extract /root/.embedded-cassandra/cassandra/3.11.2/apache-cassandra-3.11.2-bin.tar.gz : extract apache-cassandra-3.11.2/lib/logback-core-1.1.3.jar
2018-07-19 14:58:59 [main] INFO  c.g.n.e.c.p.CassandraStarterTests - Extract /root/.embedded-cassandra/cassandra/3.11.2/apache-cassandra-3.11.2-bin.tar.gz : extract apache-cassandra-3.11.2/lib/lz4-1.3.0.jar
2018-07-19 14:58:59 [main] INFO  c.g.n.e.c.p.CassandraStarterTests - Extract /root/.embedded-cassandra/cassandra/3.11.2/apache-cassandra-3.11.2-bin.tar.gz : extract apache-cassandra-3.11.2/lib/metrics-core-3.1.0.jar
2018-07-19 14:58:59 [main] INFO  c.g.n.e.c.p.CassandraStarterTests - Extract /root/.embedded-cassandra/cassandra/3.11.2/apache-cassandra-3.11.2-bin.tar.gz : extract apache-cassandra-3.11.2/lib/metrics-jvm-3.1.0.jar
2018-07-19 14:58:59 [main] INFO  c.g.n.e.c.p.CassandraStarterTests - Extract /root/.embedded-cassandra/cassandra/3.11.2/apache-cassandra-3.11.2-bin.tar.gz : extract apache-cassandra-3.11.2/lib/metrics-logback-3.1.0.jar
2018-07-19 14:58:59 [main] INFO  c.g.n.e.c.p.CassandraStarterTests - Extract /root/.embedded-cassandra/cassandra/3.11.2/apache-cassandra-3.11.2-bin.tar.gz : extract apache-cassandra-3.11.2/lib/netty-all-4.0.44.Final.jar
2018-07-19 14:58:59 [main] INFO  c.g.n.e.c.p.CassandraStarterTests - Extract /root/.embedded-cassandra/cassandra/3.11.2/apache-cassandra-3.11.2-bin.tar.gz : extract apache-cassandra-3.11.2/lib/ohc-core-0.4.4.jar
2018-07-19 14:58:59 [main] INFO  c.g.n.e.c.p.CassandraStarterTests - Extract /root/.embedded-cassandra/cassandra/3.11.2/apache-cassandra-3.11.2-bin.tar.gz : extract apache-cassandra-3.11.2/lib/ohc-core-j8-0.4.4.jar
2018-07-19 14:58:59 [main] INFO  c.g.n.e.c.p.CassandraStarterTests - Extract /root/.embedded-cassandra/cassandra/3.11.2/apache-cassandra-3.11.2-bin.tar.gz : extract apache-cassandra-3.11.2/lib/reporter-config-base-3.0.3.jar
2018-07-19 14:58:59 [main] INFO  c.g.n.e.c.p.CassandraStarterTests - Extract /root/.embedded-cassandra/cassandra/3.11.2/apache-cassandra-3.11.2-bin.tar.gz : extract apache-cassandra-3.11.2/lib/reporter-config3-3.0.3.jar
2018-07-19 14:58:59 [main] INFO  c.g.n.e.c.p.CassandraStarterTests - Extract /root/.embedded-cassandra/cassandra/3.11.2/apache-cassandra-3.11.2-bin.tar.gz : extract apache-cassandra-3.11.2/lib/sigar-1.6.4.jar
2018-07-19 14:58:59 [main] INFO  c.g.n.e.c.p.CassandraStarterTests - Extract /root/.embedded-cassandra/cassandra/3.11.2/apache-cassandra-3.11.2-bin.tar.gz : extract apache-cassandra-3.11.2/lib/sigar-bin/libsigar-amd64-freebsd-6.so
2018-07-19 14:58:59 [main] INFO  c.g.n.e.c.p.CassandraStarterTests - Extract /root/.embedded-cassandra/cassandra/3.11.2/apache-cassandra-3.11.2-bin.tar.gz : extract apache-cassandra-3.11.2/lib/sigar-bin/libsigar-amd64-linux.so
2018-07-19 14:58:59 [main] INFO  c.g.n.e.c.p.CassandraStarterTests - Extract /root/.embedded-cassandra/cassandra/3.11.2/apache-cassandra-3.11.2-bin.tar.gz : extract apache-cassandra-3.11.2/lib/sigar-bin/libsigar-amd64-solaris.so
2018-07-19 14:58:59 [main] INFO  c.g.n.e.c.p.CassandraStarterTests - Extract /root/.embedded-cassandra/cassandra/3.11.2/apache-cassandra-3.11.2-bin.tar.gz : extract apache-cassandra-3.11.2/lib/sigar-bin/libsigar-ia64-hpux-11.sl
2018-07-19 14:58:59 [main] INFO  c.g.n.e.c.p.CassandraStarterTests - Extract /root/.embedded-cassandra/cassandra/3.11.2/apache-cassandra-3.11.2-bin.tar.gz : extract apache-cassandra-3.11.2/lib/sigar-bin/libsigar-ia64-linux.so
2018-07-19 14:58:59 [main] INFO  c.g.n.e.c.p.CassandraStarterTests - Extract /root/.embedded-cassandra/cassandra/3.11.2/apache-cassandra-3.11.2-bin.tar.gz : extract apache-cassandra-3.11.2/lib/sigar-bin/libsigar-pa-hpux-11.sl
2018-07-19 14:58:59 [main] INFO  c.g.n.e.c.p.CassandraStarterTests - Extract /root/.embedded-cassandra/cassandra/3.11.2/apache-cassandra-3.11.2-bin.tar.gz : extract apache-cassandra-3.11.2/lib/sigar-bin/libsigar-ppc-aix-5.so
2018-07-19 14:58:59 [main] INFO  c.g.n.e.c.p.CassandraStarterTests - Extract /root/.embedded-cassandra/cassandra/3.11.2/apache-cassandra-3.11.2-bin.tar.gz : extract apache-cassandra-3.11.2/lib/sigar-bin/libsigar-ppc-linux.so
2018-07-19 14:58:59 [main] INFO  c.g.n.e.c.p.CassandraStarterTests - Extract /root/.embedded-cassandra/cassandra/3.11.2/apache-cassandra-3.11.2-bin.tar.gz : extract apache-cassandra-3.11.2/lib/sigar-bin/libsigar-ppc64-aix-5.so
2018-07-19 14:58:59 [main] INFO  c.g.n.e.c.p.CassandraStarterTests - Extract /root/.embedded-cassandra/cassandra/3.11.2/apache-cassandra-3.11.2-bin.tar.gz : extract apache-cassandra-3.11.2/lib/sigar-bin/libsigar-ppc64-linux.so
2018-07-19 14:58:59 [main] INFO  c.g.n.e.c.p.CassandraStarterTests - Extract /root/.embedded-cassandra/cassandra/3.11.2/apache-cassandra-3.11.2-bin.tar.gz : extract apache-cassandra-3.11.2/lib/sigar-bin/libsigar-s390x-linux.so
2018-07-19 14:58:59 [main] INFO  c.g.n.e.c.p.CassandraStarterTests - Extract /root/.embedded-cassandra/cassandra/3.11.2/apache-cassandra-3.11.2-bin.tar.gz : extract apache-cassandra-3.11.2/lib/sigar-bin/libsigar-sparc-solaris.so
2018-07-19 14:58:59 [main] INFO  c.g.n.e.c.p.CassandraStarterTests - Extract /root/.embedded-cassandra/cassandra/3.11.2/apache-cassandra-3.11.2-bin.tar.gz : extract apache-cassandra-3.11.2/lib/sigar-bin/libsigar-sparc64-solaris.so
2018-07-19 14:58:59 [main] INFO  c.g.n.e.c.p.CassandraStarterTests - Extract /root/.embedded-cassandra/cassandra/3.11.2/apache-cassandra-3.11.2-bin.tar.gz : extract apache-cassandra-3.11.2/lib/sigar-bin/libsigar-universal-macosx.dylib
2018-07-19 14:58:59 [main] INFO  c.g.n.e.c.p.CassandraStarterTests - Extract /root/.embedded-cassandra/cassandra/3.11.2/apache-cassandra-3.11.2-bin.tar.gz : extract apache-cassandra-3.11.2/lib/sigar-bin/libsigar-universal64-macosx.dylib
2018-07-19 14:58:59 [main] INFO  c.g.n.e.c.p.CassandraStarterTests - Extract /root/.embedded-cassandra/cassandra/3.11.2/apache-cassandra-3.11.2-bin.tar.gz : extract apache-cassandra-3.11.2/lib/sigar-bin/libsigar-x86-freebsd-5.so
2018-07-19 14:58:59 [main] INFO  c.g.n.e.c.p.CassandraStarterTests - Extract /root/.embedded-cassandra/cassandra/3.11.2/apache-cassandra-3.11.2-bin.tar.gz : extract apache-cassandra-3.11.2/lib/sigar-bin/libsigar-x86-freebsd-6.so
2018-07-19 14:58:59 [main] INFO  c.g.n.e.c.p.CassandraStarterTests - Extract /root/.embedded-cassandra/cassandra/3.11.2/apache-cassandra-3.11.2-bin.tar.gz : extract apache-cassandra-3.11.2/lib/sigar-bin/libsigar-x86-linux.so
2018-07-19 14:58:59 [main] INFO  c.g.n.e.c.p.CassandraStarterTests - Extract /root/.embedded-cassandra/cassandra/3.11.2/apache-cassandra-3.11.2-bin.tar.gz : extract apache-cassandra-3.11.2/lib/sigar-bin/libsigar-x86-solaris.so
2018-07-19 14:58:59 [main] INFO  c.g.n.e.c.p.CassandraStarterTests - Extract /root/.embedded-cassandra/cassandra/3.11.2/apache-cassandra-3.11.2-bin.tar.gz : extract apache-cassandra-3.11.2/lib/sigar-bin/sigar-amd64-winnt.dll
2018-07-19 14:58:59 [main] INFO  c.g.n.e.c.p.CassandraStarterTests - Extract /root/.embedded-cassandra/cassandra/3.11.2/apache-cassandra-3.11.2-bin.tar.gz : extract apache-cassandra-3.11.2/lib/sigar-bin/sigar-x86-winnt.dll
2018-07-19 14:58:59 [main] INFO  c.g.n.e.c.p.CassandraStarterTests - Extract /root/.embedded-cassandra/cassandra/3.11.2/apache-cassandra-3.11.2-bin.tar.gz : extract apache-cassandra-3.11.2/lib/sigar-bin/sigar-x86-winnt.lib
2018-07-19 14:58:59 [main] INFO  c.g.n.e.c.p.CassandraStarterTests - Extract /root/.embedded-cassandra/cassandra/3.11.2/apache-cassandra-3.11.2-bin.tar.gz : extract apache-cassandra-3.11.2/lib/six-1.7.3-py2.py3-none-any.zip
2018-07-19 14:58:59 [main] INFO  c.g.n.e.c.p.CassandraStarterTests - Extract /root/.embedded-cassandra/cassandra/3.11.2/apache-cassandra-3.11.2-bin.tar.gz : extract apache-cassandra-3.11.2/lib/slf4j-api-1.7.7.jar
2018-07-19 14:58:59 [main] INFO  c.g.n.e.c.p.CassandraStarterTests - Extract /root/.embedded-cassandra/cassandra/3.11.2/apache-cassandra-3.11.2-bin.tar.gz : extract apache-cassandra-3.11.2/lib/snakeyaml-1.11.jar
2018-07-19 14:58:59 [main] INFO  c.g.n.e.c.p.CassandraStarterTests - Extract /root/.embedded-cassandra/cassandra/3.11.2/apache-cassandra-3.11.2-bin.tar.gz : extract apache-cassandra-3.11.2/lib/snappy-java-1.1.1.7.jar
2018-07-19 14:58:59 [main] INFO  c.g.n.e.c.p.CassandraStarterTests - Extract /root/.embedded-cassandra/cassandra/3.11.2/apache-cassandra-3.11.2-bin.tar.gz : extract apache-cassandra-3.11.2/lib/snowball-stemmer-1.3.0.581.1.jar
2018-07-19 14:58:59 [main] INFO  c.g.n.e.c.p.CassandraStarterTests - Extract /root/.embedded-cassandra/cassandra/3.11.2/apache-cassandra-3.11.2-bin.tar.gz : extract apache-cassandra-3.11.2/lib/stream-2.5.2.jar
2018-07-19 14:58:59 [main] INFO  c.g.n.e.c.p.CassandraStarterTests - Extract /root/.embedded-cassandra/cassandra/3.11.2/apache-cassandra-3.11.2-bin.tar.gz : extract apache-cassandra-3.11.2/lib/thrift-server-0.3.7.jar
2018-07-19 14:58:59 [main] INFO  c.g.n.e.c.p.CassandraStarterTests - Extract /root/.embedded-cassandra/cassandra/3.11.2/apache-cassandra-3.11.2-bin.tar.gz : extract apache-cassandra-3.11.2/pylib/cqlshlib/__init__.py
2018-07-19 14:58:59 [main] INFO  c.g.n.e.c.p.CassandraStarterTests - Extract /root/.embedded-cassandra/cassandra/3.11.2/apache-cassandra-3.11.2-bin.tar.gz : extract apache-cassandra-3.11.2/pylib/cqlshlib/copyutil.py
2018-07-19 14:58:59 [main] INFO  c.g.n.e.c.p.CassandraStarterTests - Extract /root/.embedded-cassandra/cassandra/3.11.2/apache-cassandra-3.11.2-bin.tar.gz : extract apache-cassandra-3.11.2/pylib/cqlshlib/cql3handling.py
2018-07-19 14:58:59 [main] INFO  c.g.n.e.c.p.CassandraStarterTests - Extract /root/.embedded-cassandra/cassandra/3.11.2/apache-cassandra-3.11.2-bin.tar.gz : extract apache-cassandra-3.11.2/pylib/cqlshlib/cqlhandling.py
2018-07-19 14:58:59 [main] INFO  c.g.n.e.c.p.CassandraStarterTests - Extract /root/.embedded-cassandra/cassandra/3.11.2/apache-cassandra-3.11.2-bin.tar.gz : extract apache-cassandra-3.11.2/pylib/cqlshlib/cqlshhandling.py
2018-07-19 14:58:59 [main] INFO  c.g.n.e.c.p.CassandraStarterTests - Extract /root/.embedded-cassandra/cassandra/3.11.2/apache-cassandra-3.11.2-bin.tar.gz : extract apache-cassandra-3.11.2/pylib/cqlshlib/displaying.py
2018-07-19 14:58:59 [main] INFO  c.g.n.e.c.p.CassandraStarterTests - Extract /root/.embedded-cassandra/cassandra/3.11.2/apache-cassandra-3.11.2-bin.tar.gz : extract apache-cassandra-3.11.2/pylib/cqlshlib/formatting.py
2018-07-19 14:58:59 [main] INFO  c.g.n.e.c.p.CassandraStarterTests - Extract /root/.embedded-cassandra/cassandra/3.11.2/apache-cassandra-3.11.2-bin.tar.gz : extract apache-cassandra-3.11.2/pylib/cqlshlib/helptopics.py
2018-07-19 14:58:59 [main] INFO  c.g.n.e.c.p.CassandraStarterTests - Extract /root/.embedded-cassandra/cassandra/3.11.2/apache-cassandra-3.11.2-bin.tar.gz : extract apache-cassandra-3.11.2/pylib/cqlshlib/pylexotron.py
2018-07-19 14:58:59 [main] INFO  c.g.n.e.c.p.CassandraStarterTests - Extract /root/.embedded-cassandra/cassandra/3.11.2/apache-cassandra-3.11.2-bin.tar.gz : extract apache-cassandra-3.11.2/pylib/cqlshlib/saferscanner.py
2018-07-19 14:58:59 [main] INFO  c.g.n.e.c.p.CassandraStarterTests - Extract /root/.embedded-cassandra/cassandra/3.11.2/apache-cassandra-3.11.2-bin.tar.gz : extract apache-cassandra-3.11.2/pylib/cqlshlib/sslhandling.py
2018-07-19 14:58:59 [main] INFO  c.g.n.e.c.p.CassandraStarterTests - Extract /root/.embedded-cassandra/cassandra/3.11.2/apache-cassandra-3.11.2-bin.tar.gz : extract apache-cassandra-3.11.2/pylib/cqlshlib/test/__init__.py
2018-07-19 14:58:59 [main] INFO  c.g.n.e.c.p.CassandraStarterTests - Extract /root/.embedded-cassandra/cassandra/3.11.2/apache-cassandra-3.11.2-bin.tar.gz : extract apache-cassandra-3.11.2/pylib/cqlshlib/test/ansi_colors.py
2018-07-19 14:58:59 [main] INFO  c.g.n.e.c.p.CassandraStarterTests - Extract /root/.embedded-cassandra/cassandra/3.11.2/apache-cassandra-3.11.2-bin.tar.gz : extract apache-cassandra-3.11.2/pylib/cqlshlib/test/basecase.py
2018-07-19 14:58:59 [main] INFO  c.g.n.e.c.p.CassandraStarterTests - Extract /root/.embedded-cassandra/cassandra/3.11.2/apache-cassandra-3.11.2-bin.tar.gz : extract apache-cassandra-3.11.2/pylib/cqlshlib/test/cassconnect.py
2018-07-19 14:58:59 [main] INFO  c.g.n.e.c.p.CassandraStarterTests - Extract /root/.embedded-cassandra/cassandra/3.11.2/apache-cassandra-3.11.2-bin.tar.gz : extract apache-cassandra-3.11.2/pylib/cqlshlib/test/run_cqlsh.py
2018-07-19 14:58:59 [main] INFO  c.g.n.e.c.p.CassandraStarterTests - Extract /root/.embedded-cassandra/cassandra/3.11.2/apache-cassandra-3.11.2-bin.tar.gz : extract apache-cassandra-3.11.2/pylib/cqlshlib/test/test_cql_parsing.py
2018-07-19 14:58:59 [main] INFO  c.g.n.e.c.p.CassandraStarterTests - Extract /root/.embedded-cassandra/cassandra/3.11.2/apache-cassandra-3.11.2-bin.tar.gz : extract apache-cassandra-3.11.2/pylib/cqlshlib/test/test_cqlsh_commands.py
2018-07-19 14:58:59 [main] INFO  c.g.n.e.c.p.CassandraStarterTests - Extract /root/.embedded-cassandra/cassandra/3.11.2/apache-cassandra-3.11.2-bin.tar.gz : extract apache-cassandra-3.11.2/pylib/cqlshlib/test/test_cqlsh_completion.py
2018-07-19 14:58:59 [main] INFO  c.g.n.e.c.p.CassandraStarterTests - Extract /root/.embedded-cassandra/cassandra/3.11.2/apache-cassandra-3.11.2-bin.tar.gz : extract apache-cassandra-3.11.2/pylib/cqlshlib/test/test_cqlsh_invocation.py
2018-07-19 14:58:59 [main] INFO  c.g.n.e.c.p.CassandraStarterTests - Extract /root/.embedded-cassandra/cassandra/3.11.2/apache-cassandra-3.11.2-bin.tar.gz : extract apache-cassandra-3.11.2/pylib/cqlshlib/test/test_cqlsh_output.py
2018-07-19 14:58:59 [main] INFO  c.g.n.e.c.p.CassandraStarterTests - Extract /root/.embedded-cassandra/cassandra/3.11.2/apache-cassandra-3.11.2-bin.tar.gz : extract apache-cassandra-3.11.2/pylib/cqlshlib/test/test_cqlsh_parsing.py
2018-07-19 14:58:59 [main] INFO  c.g.n.e.c.p.CassandraStarterTests - Extract /root/.embedded-cassandra/cassandra/3.11.2/apache-cassandra-3.11.2-bin.tar.gz : extract apache-cassandra-3.11.2/pylib/cqlshlib/test/test_keyspace_init.cql
2018-07-19 14:58:59 [main] INFO  c.g.n.e.c.p.CassandraStarterTests - Extract /root/.embedded-cassandra/cassandra/3.11.2/apache-cassandra-3.11.2-bin.tar.gz : extract apache-cassandra-3.11.2/pylib/cqlshlib/test/winpty.py
2018-07-19 14:58:59 [main] INFO  c.g.n.e.c.p.CassandraStarterTests - Extract /root/.embedded-cassandra/cassandra/3.11.2/apache-cassandra-3.11.2-bin.tar.gz : extract apache-cassandra-3.11.2/pylib/cqlshlib/tracing.py
2018-07-19 14:58:59 [main] INFO  c.g.n.e.c.p.CassandraStarterTests - Extract /root/.embedded-cassandra/cassandra/3.11.2/apache-cassandra-3.11.2-bin.tar.gz : extract apache-cassandra-3.11.2/pylib/cqlshlib/util.py
2018-07-19 14:58:59 [main] INFO  c.g.n.e.c.p.CassandraStarterTests - Extract /root/.embedded-cassandra/cassandra/3.11.2/apache-cassandra-3.11.2-bin.tar.gz : extract apache-cassandra-3.11.2/pylib/cqlshlib/wcwidth.py
2018-07-19 14:58:59 [main] INFO  c.g.n.e.c.p.CassandraStarterTests - Extract /root/.embedded-cassandra/cassandra/3.11.2/apache-cassandra-3.11.2-bin.tar.gz : extract apache-cassandra-3.11.2/pylib/setup.py
2018-07-19 14:58:59 [main] INFO  c.g.n.e.c.p.CassandraStarterTests - Extract /root/.embedded-cassandra/cassandra/3.11.2/apache-cassandra-3.11.2-bin.tar.gz : extract apache-cassandra-3.11.2/tools/bin/cassandra-stress
2018-07-19 14:58:59 [main] INFO  c.g.n.e.c.p.CassandraStarterTests - Extract /root/.embedded-cassandra/cassandra/3.11.2/apache-cassandra-3.11.2-bin.tar.gz : extract apache-cassandra-3.11.2/tools/bin/cassandra-stress.bat
2018-07-19 14:58:59 [main] INFO  c.g.n.e.c.p.CassandraStarterTests - Extract /root/.embedded-cassandra/cassandra/3.11.2/apache-cassandra-3.11.2-bin.tar.gz : extract apache-cassandra-3.11.2/tools/bin/cassandra-stressd
2018-07-19 14:58:59 [main] INFO  c.g.n.e.c.p.CassandraStarterTests - Extract /root/.embedded-cassandra/cassandra/3.11.2/apache-cassandra-3.11.2-bin.tar.gz : extract apache-cassandra-3.11.2/tools/bin/cassandra.in.bat
2018-07-19 14:58:59 [main] INFO  c.g.n.e.c.p.CassandraStarterTests - Extract /root/.embedded-cassandra/cassandra/3.11.2/apache-cassandra-3.11.2-bin.tar.gz : extract apache-cassandra-3.11.2/tools/bin/cassandra.in.sh
2018-07-19 14:58:59 [main] INFO  c.g.n.e.c.p.CassandraStarterTests - Extract /root/.embedded-cassandra/cassandra/3.11.2/apache-cassandra-3.11.2-bin.tar.gz : extract apache-cassandra-3.11.2/tools/bin/compaction-stress
2018-07-19 14:58:59 [main] INFO  c.g.n.e.c.p.CassandraStarterTests - Extract /root/.embedded-cassandra/cassandra/3.11.2/apache-cassandra-3.11.2-bin.tar.gz : extract apache-cassandra-3.11.2/tools/bin/sstabledump
2018-07-19 14:58:59 [main] INFO  c.g.n.e.c.p.CassandraStarterTests - Extract /root/.embedded-cassandra/cassandra/3.11.2/apache-cassandra-3.11.2-bin.tar.gz : extract apache-cassandra-3.11.2/tools/bin/sstabledump.bat
2018-07-19 14:58:59 [main] INFO  c.g.n.e.c.p.CassandraStarterTests - Extract /root/.embedded-cassandra/cassandra/3.11.2/apache-cassandra-3.11.2-bin.tar.gz : extract apache-cassandra-3.11.2/tools/bin/sstableexpiredblockers
2018-07-19 14:58:59 [main] INFO  c.g.n.e.c.p.CassandraStarterTests - Extract /root/.embedded-cassandra/cassandra/3.11.2/apache-cassandra-3.11.2-bin.tar.gz : extract apache-cassandra-3.11.2/tools/bin/sstableexpiredblockers.bat
2018-07-19 14:58:59 [main] INFO  c.g.n.e.c.p.CassandraStarterTests - Extract /root/.embedded-cassandra/cassandra/3.11.2/apache-cassandra-3.11.2-bin.tar.gz : extract apache-cassandra-3.11.2/tools/bin/sstablelevelreset
2018-07-19 14:58:59 [main] INFO  c.g.n.e.c.p.CassandraStarterTests - Extract /root/.embedded-cassandra/cassandra/3.11.2/apache-cassandra-3.11.2-bin.tar.gz : extract apache-cassandra-3.11.2/tools/bin/sstablelevelreset.bat
2018-07-19 14:58:59 [main] INFO  c.g.n.e.c.p.CassandraStarterTests - Extract /root/.embedded-cassandra/cassandra/3.11.2/apache-cassandra-3.11.2-bin.tar.gz : extract apache-cassandra-3.11.2/tools/bin/sstablemetadata
2018-07-19 14:58:59 [main] INFO  c.g.n.e.c.p.CassandraStarterTests - Extract /root/.embedded-cassandra/cassandra/3.11.2/apache-cassandra-3.11.2-bin.tar.gz : extract apache-cassandra-3.11.2/tools/bin/sstablemetadata.bat
2018-07-19 14:58:59 [main] INFO  c.g.n.e.c.p.CassandraStarterTests - Extract /root/.embedded-cassandra/cassandra/3.11.2/apache-cassandra-3.11.2-bin.tar.gz : extract apache-cassandra-3.11.2/tools/bin/sstableofflinerelevel
2018-07-19 14:58:59 [main] INFO  c.g.n.e.c.p.CassandraStarterTests - Extract /root/.embedded-cassandra/cassandra/3.11.2/apache-cassandra-3.11.2-bin.tar.gz : extract apache-cassandra-3.11.2/tools/bin/sstableofflinerelevel.bat
2018-07-19 14:58:59 [main] INFO  c.g.n.e.c.p.CassandraStarterTests - Extract /root/.embedded-cassandra/cassandra/3.11.2/apache-cassandra-3.11.2-bin.tar.gz : extract apache-cassandra-3.11.2/tools/bin/sstablerepairedset
2018-07-19 14:58:59 [main] INFO  c.g.n.e.c.p.CassandraStarterTests - Extract /root/.embedded-cassandra/cassandra/3.11.2/apache-cassandra-3.11.2-bin.tar.gz : extract apache-cassandra-3.11.2/tools/bin/sstablerepairedset.bat
2018-07-19 14:58:59 [main] INFO  c.g.n.e.c.p.CassandraStarterTests - Extract /root/.embedded-cassandra/cassandra/3.11.2/apache-cassandra-3.11.2-bin.tar.gz : extract apache-cassandra-3.11.2/tools/bin/sstablesplit
2018-07-19 14:58:59 [main] INFO  c.g.n.e.c.p.CassandraStarterTests - Extract /root/.embedded-cassandra/cassandra/3.11.2/apache-cassandra-3.11.2-bin.tar.gz : extract apache-cassandra-3.11.2/tools/bin/sstablesplit.bat
2018-07-19 14:58:59 [main] INFO  c.g.n.e.c.p.CassandraStarterTests - Extract /root/.embedded-cassandra/cassandra/3.11.2/apache-cassandra-3.11.2-bin.tar.gz : extract apache-cassandra-3.11.2/tools/cqlstress-counter-example.yaml
2018-07-19 14:58:59 [main] INFO  c.g.n.e.c.p.CassandraStarterTests - Extract /root/.embedded-cassandra/cassandra/3.11.2/apache-cassandra-3.11.2-bin.tar.gz : extract apache-cassandra-3.11.2/tools/cqlstress-example.yaml
2018-07-19 14:58:59 [main] INFO  c.g.n.e.c.p.CassandraStarterTests - Extract /root/.embedded-cassandra/cassandra/3.11.2/apache-cassandra-3.11.2-bin.tar.gz : extract apache-cassandra-3.11.2/tools/cqlstress-insanity-example.yaml
2018-07-19 14:58:59 [main] INFO  c.g.n.e.c.p.CassandraStarterTests - Extract /root/.embedded-cassandra/cassandra/3.11.2/apache-cassandra-3.11.2-bin.tar.gz : extract apache-cassandra-3.11.2/tools/lib/stress.jar
2018-07-19 14:58:59 [main] INFO  c.g.n.e.c.p.CassandraStarterTests - Extract /root/.embedded-cassandra/cassandra/3.11.2/apache-cassandra-3.11.2-bin.tar.gz : extract apache-cassandra-3.11.2/bin/cassandra.in.sh
2018-07-19 14:58:59 [main] INFO  c.g.n.e.c.p.CassandraStarterTests - Extract /root/.embedded-cassandra/cassandra/3.11.2/apache-cassandra-3.11.2-bin.tar.gz : extract apache-cassandra-3.11.2/bin/cassandra
2018-07-19 14:58:59 [main] INFO  c.g.n.e.c.p.CassandraStarterTests - Extract /root/.embedded-cassandra/cassandra/3.11.2/apache-cassandra-3.11.2-bin.tar.gz : extract apache-cassandra-3.11.2/bin/cassandra.bat
2018-07-19 14:58:59 [main] INFO  c.g.n.e.c.p.CassandraStarterTests - Extract /root/.embedded-cassandra/cassandra/3.11.2/apache-cassandra-3.11.2-bin.tar.gz : extract apache-cassandra-3.11.2/bin/cassandra.in.bat
2018-07-19 14:58:59 [main] INFO  c.g.n.e.c.p.CassandraStarterTests - Extract /root/.embedded-cassandra/cassandra/3.11.2/apache-cassandra-3.11.2-bin.tar.gz : extract apache-cassandra-3.11.2/bin/cqlsh
2018-07-19 14:58:59 [main] INFO  c.g.n.e.c.p.CassandraStarterTests - Extract /root/.embedded-cassandra/cassandra/3.11.2/apache-cassandra-3.11.2-bin.tar.gz : extract apache-cassandra-3.11.2/bin/cqlsh.bat
2018-07-19 14:58:59 [main] INFO  c.g.n.e.c.p.CassandraStarterTests - Extract /root/.embedded-cassandra/cassandra/3.11.2/apache-cassandra-3.11.2-bin.tar.gz : extract apache-cassandra-3.11.2/bin/cqlsh.py
2018-07-19 14:58:59 [main] INFO  c.g.n.e.c.p.CassandraStarterTests - Extract /root/.embedded-cassandra/cassandra/3.11.2/apache-cassandra-3.11.2-bin.tar.gz : extract apache-cassandra-3.11.2/bin/debug-cql
2018-07-19 14:58:59 [main] INFO  c.g.n.e.c.p.CassandraStarterTests - Extract /root/.embedded-cassandra/cassandra/3.11.2/apache-cassandra-3.11.2-bin.tar.gz : extract apache-cassandra-3.11.2/bin/debug-cql.bat
2018-07-19 14:58:59 [main] INFO  c.g.n.e.c.p.CassandraStarterTests - Extract /root/.embedded-cassandra/cassandra/3.11.2/apache-cassandra-3.11.2-bin.tar.gz : extract apache-cassandra-3.11.2/bin/nodetool
2018-07-19 14:58:59 [main] INFO  c.g.n.e.c.p.CassandraStarterTests - Extract /root/.embedded-cassandra/cassandra/3.11.2/apache-cassandra-3.11.2-bin.tar.gz : extract apache-cassandra-3.11.2/bin/nodetool.bat
2018-07-19 14:58:59 [main] INFO  c.g.n.e.c.p.CassandraStarterTests - Extract /root/.embedded-cassandra/cassandra/3.11.2/apache-cassandra-3.11.2-bin.tar.gz : extract apache-cassandra-3.11.2/bin/source-conf.ps1
2018-07-19 14:58:59 [main] INFO  c.g.n.e.c.p.CassandraStarterTests - Extract /root/.embedded-cassandra/cassandra/3.11.2/apache-cassandra-3.11.2-bin.tar.gz : extract apache-cassandra-3.11.2/bin/sstableloader
2018-07-19 14:58:59 [main] INFO  c.g.n.e.c.p.CassandraStarterTests - Extract /root/.embedded-cassandra/cassandra/3.11.2/apache-cassandra-3.11.2-bin.tar.gz : extract apache-cassandra-3.11.2/bin/sstableloader.bat
2018-07-19 14:58:59 [main] INFO  c.g.n.e.c.p.CassandraStarterTests - Extract /root/.embedded-cassandra/cassandra/3.11.2/apache-cassandra-3.11.2-bin.tar.gz : extract apache-cassandra-3.11.2/bin/sstablescrub
2018-07-19 14:58:59 [main] INFO  c.g.n.e.c.p.CassandraStarterTests - Extract /root/.embedded-cassandra/cassandra/3.11.2/apache-cassandra-3.11.2-bin.tar.gz : extract apache-cassandra-3.11.2/bin/sstablescrub.bat
2018-07-19 14:58:59 [main] INFO  c.g.n.e.c.p.CassandraStarterTests - Extract /root/.embedded-cassandra/cassandra/3.11.2/apache-cassandra-3.11.2-bin.tar.gz : extract apache-cassandra-3.11.2/bin/sstableupgrade
2018-07-19 14:58:59 [main] INFO  c.g.n.e.c.p.CassandraStarterTests - Extract /root/.embedded-cassandra/cassandra/3.11.2/apache-cassandra-3.11.2-bin.tar.gz : extract apache-cassandra-3.11.2/bin/sstableupgrade.bat
2018-07-19 14:58:59 [main] INFO  c.g.n.e.c.p.CassandraStarterTests - Extract /root/.embedded-cassandra/cassandra/3.11.2/apache-cassandra-3.11.2-bin.tar.gz : extract apache-cassandra-3.11.2/bin/sstableutil
2018-07-19 14:58:59 [main] INFO  c.g.n.e.c.p.CassandraStarterTests - Extract /root/.embedded-cassandra/cassandra/3.11.2/apache-cassandra-3.11.2-bin.tar.gz : extract apache-cassandra-3.11.2/bin/sstableutil.bat
2018-07-19 14:58:59 [main] INFO  c.g.n.e.c.p.CassandraStarterTests - Extract /root/.embedded-cassandra/cassandra/3.11.2/apache-cassandra-3.11.2-bin.tar.gz : extract apache-cassandra-3.11.2/bin/sstableverify
2018-07-19 14:58:59 [main] INFO  c.g.n.e.c.p.CassandraStarterTests - Extract /root/.embedded-cassandra/cassandra/3.11.2/apache-cassandra-3.11.2-bin.tar.gz : extract apache-cassandra-3.11.2/bin/sstableverify.bat
2018-07-19 14:58:59 [main] INFO  c.g.n.e.c.p.CassandraStarterTests - Extract /root/.embedded-cassandra/cassandra/3.11.2/apache-cassandra-3.11.2-bin.tar.gz : extract apache-cassandra-3.11.2/bin/stop-server
2018-07-19 14:58:59 [main] INFO  c.g.n.e.c.p.CassandraStarterTests - Extract /root/.embedded-cassandra/cassandra/3.11.2/apache-cassandra-3.11.2-bin.tar.gz : extract apache-cassandra-3.11.2/bin/stop-server.bat
2018-07-19 14:58:59 [main] INFO  c.g.n.e.c.p.CassandraStarterTests - Extract /root/.embedded-cassandra/cassandra/3.11.2/apache-cassandra-3.11.2-bin.tar.gz : extract apache-cassandra-3.11.2/bin/stop-server.ps1
2018-07-19 14:58:59 [main] INFO  c.g.n.e.c.p.CassandraStarterTests - Extract /root/.embedded-cassandra/cassandra/3.11.2/apache-cassandra-3.11.2-bin.tar.gz : finished
2018-07-19 14:58:59 [main] INFO  c.g.n.e.c.process.CassandraProcess - Starting Cassandra Process using command [/tmp/temp--e508381c-4f61-4146-b37a-9d99bbb1e095/apache-cassandra-3.11.2/bin/cassandra, -f, -Dcassandra.jmx.local.port=45453]
2018-07-19 14:59:00 [Thread-32] INFO  c.g.n.e.c.p.CassandraStarterTests - [P:1450] Running Cassandra as root user or group is not recommended - please start Cassandra using a different system user.
2018-07-19 14:59:00 [Thread-32] INFO  c.g.n.e.c.p.CassandraStarterTests - [P:1450] If you really want to force running Cassandra as root, use -R command line option.
2018-07-19 14:59:00 [main] INFO  c.g.n.e.c.process.CassandraProcess - Cassandra process '1450' has been stopped.
]]></system-out>
    </rerunError>
  </testcase>
  <testcase name="shouldBePossibleToStartMultiplyInstances" classname="com.github.nosan.embedded.cassandra.process.CassandraStarterTests" time="4.281">
    <error message="Could not start a process &apos;1105&apos;.&#10;Failure:&lt;EOF&gt;&#10;Output:&#10;--- START --- &#10;[P:1105] Running Cassandra as root user or group is not recommended - please start Cassandra using a different system user.&#10;[P:1105] If you really want to force running Cassandra as root, use -R command line option.&#10;&#10;--- END --- " type="java.io.IOException"><![CDATA[java.io.IOException: 
Could not start a process '1105'.
Failure:<EOF>
Output:
--- START --- 
[P:1105] Running Cassandra as root user or group is not recommended - please start Cassandra using a different system user.
[P:1105] If you really want to force running Cassandra as root, use -R command line option.

--- END --- 
	at com.github.nosan.embedded.cassandra.process.CassandraProcess.onAfterProcessStart(CassandraProcess.java:114)
	at de.flapdoodle.embed.process.runtime.AbstractProcess.<init>(AbstractProcess.java:116)
	at com.github.nosan.embedded.cassandra.process.CassandraProcess.<init>(CassandraProcess.java:67)
	at com.github.nosan.embedded.cassandra.process.CassandraExecutable.start(CassandraExecutable.java:49)
	at com.github.nosan.embedded.cassandra.process.CassandraExecutable.start(CassandraExecutable.java:37)
	at de.flapdoodle.embed.process.runtime.Executable.start(Executable.java:108)
	at com.github.nosan.embedded.cassandra.process.CassandraStarterTests.start(CassandraStarterTests.java:64)
	at com.github.nosan.embedded.cassandra.process.CassandraStarterTests.shouldBePossibleToStartMultiplyInstances(CassandraStarterTests.java:95)
	at sun.reflect.NativeMethodAccessorImpl.invoke0(Native Method)
	at sun.reflect.NativeMethodAccessorImpl.invoke(NativeMethodAccessorImpl.java:62)
	at sun.reflect.DelegatingMethodAccessorImpl.invoke(DelegatingMethodAccessorImpl.java:43)
	at java.lang.reflect.Method.invoke(Method.java:498)
	at org.junit.runners.model.FrameworkMethod$1.runReflectiveCall(FrameworkMethod.java:50)
	at org.junit.internal.runners.model.ReflectiveCallable.run(ReflectiveCallable.java:12)
	at org.junit.runners.model.FrameworkMethod.invokeExplosively(FrameworkMethod.java:47)
	at org.junit.internal.runners.statements.InvokeMethod.evaluate(InvokeMethod.java:17)
	at org.junit.rules.ExpectedException$ExpectedExceptionStatement.evaluate(ExpectedException.java:239)
	at org.junit.rules.RunRules.evaluate(RunRules.java:20)
	at org.junit.runners.ParentRunner.runLeaf(ParentRunner.java:325)
	at org.junit.runners.BlockJUnit4ClassRunner.runChild(BlockJUnit4ClassRunner.java:78)
	at org.junit.runners.BlockJUnit4ClassRunner.runChild(BlockJUnit4ClassRunner.java:57)
	at org.junit.runners.ParentRunner$3.run(ParentRunner.java:290)
	at org.junit.runners.ParentRunner$1.schedule(ParentRunner.java:71)
	at org.junit.runners.ParentRunner.runChildren(ParentRunner.java:288)
	at org.junit.runners.ParentRunner.access$000(ParentRunner.java:58)
	at org.junit.runners.ParentRunner$2.evaluate(ParentRunner.java:268)
	at org.junit.runners.ParentRunner.run(ParentRunner.java:363)
	at org.apache.maven.surefire.junit4.JUnit4Provider.execute(JUnit4Provider.java:365)
	at org.apache.maven.surefire.junit4.JUnit4Provider.executeWithRerun(JUnit4Provider.java:272)
	at org.apache.maven.surefire.junit4.JUnit4Provider.executeTestSet(JUnit4Provider.java:236)
	at org.apache.maven.surefire.junit4.JUnit4Provider.invoke(JUnit4Provider.java:159)
	at org.apache.maven.surefire.booter.ForkedBooter.invokeProviderInSameClassLoader(ForkedBooter.java:386)
	at org.apache.maven.surefire.booter.ForkedBooter.runSuitesInProcess(ForkedBooter.java:323)
	at org.apache.maven.surefire.booter.ForkedBooter.main(ForkedBooter.java:143)
]]></error>
    <system-out><![CDATA[2018-07-19 14:58:35 [main] INFO  c.g.n.e.c.p.CassandraStarterTests - Extract /root/.embedded-cassandra/cassandra/3.11.2/apache-cassandra-3.11.2-bin.tar.gz : starting...
2018-07-19 14:58:35 [main] INFO  c.g.n.e.c.p.CassandraStarterTests - Extract /root/.embedded-cassandra/cassandra/3.11.2/apache-cassandra-3.11.2-bin.tar.gz : extract apache-cassandra-3.11.2/conf/cassandra-env.ps1
2018-07-19 14:58:35 [main] INFO  c.g.n.e.c.p.CassandraStarterTests - Extract /root/.embedded-cassandra/cassandra/3.11.2/apache-cassandra-3.11.2-bin.tar.gz : extract apache-cassandra-3.11.2/conf/cassandra-env.sh
2018-07-19 14:58:35 [main] INFO  c.g.n.e.c.p.CassandraStarterTests - Extract /root/.embedded-cassandra/cassandra/3.11.2/apache-cassandra-3.11.2-bin.tar.gz : extract apache-cassandra-3.11.2/conf/cassandra-jaas.config
2018-07-19 14:58:35 [main] INFO  c.g.n.e.c.p.CassandraStarterTests - Extract /root/.embedded-cassandra/cassandra/3.11.2/apache-cassandra-3.11.2-bin.tar.gz : extract apache-cassandra-3.11.2/conf/cassandra-rackdc.properties
2018-07-19 14:58:35 [main] INFO  c.g.n.e.c.p.CassandraStarterTests - Extract /root/.embedded-cassandra/cassandra/3.11.2/apache-cassandra-3.11.2-bin.tar.gz : extract apache-cassandra-3.11.2/conf/cassandra-topology.properties
2018-07-19 14:58:35 [main] INFO  c.g.n.e.c.p.CassandraStarterTests - Extract /root/.embedded-cassandra/cassandra/3.11.2/apache-cassandra-3.11.2-bin.tar.gz : extract apache-cassandra-3.11.2/conf/cassandra.yaml
2018-07-19 14:58:35 [main] INFO  c.g.n.e.c.p.CassandraStarterTests - Extract /root/.embedded-cassandra/cassandra/3.11.2/apache-cassandra-3.11.2-bin.tar.gz : extract apache-cassandra-3.11.2/conf/commitlog_archiving.properties
2018-07-19 14:58:35 [main] INFO  c.g.n.e.c.p.CassandraStarterTests - Extract /root/.embedded-cassandra/cassandra/3.11.2/apache-cassandra-3.11.2-bin.tar.gz : extract apache-cassandra-3.11.2/conf/cqlshrc.sample
2018-07-19 14:58:35 [main] INFO  c.g.n.e.c.p.CassandraStarterTests - Extract /root/.embedded-cassandra/cassandra/3.11.2/apache-cassandra-3.11.2-bin.tar.gz : extract apache-cassandra-3.11.2/conf/hotspot_compiler
2018-07-19 14:58:35 [main] INFO  c.g.n.e.c.p.CassandraStarterTests - Extract /root/.embedded-cassandra/cassandra/3.11.2/apache-cassandra-3.11.2-bin.tar.gz : extract apache-cassandra-3.11.2/conf/jvm.options
2018-07-19 14:58:35 [main] INFO  c.g.n.e.c.p.CassandraStarterTests - Extract /root/.embedded-cassandra/cassandra/3.11.2/apache-cassandra-3.11.2-bin.tar.gz : extract apache-cassandra-3.11.2/conf/logback-tools.xml
2018-07-19 14:58:35 [main] INFO  c.g.n.e.c.p.CassandraStarterTests - Extract /root/.embedded-cassandra/cassandra/3.11.2/apache-cassandra-3.11.2-bin.tar.gz : extract apache-cassandra-3.11.2/conf/logback.xml
2018-07-19 14:58:35 [main] INFO  c.g.n.e.c.p.CassandraStarterTests - Extract /root/.embedded-cassandra/cassandra/3.11.2/apache-cassandra-3.11.2-bin.tar.gz : extract apache-cassandra-3.11.2/conf/metrics-reporter-config-sample.yaml
2018-07-19 14:58:35 [main] INFO  c.g.n.e.c.p.CassandraStarterTests - Extract /root/.embedded-cassandra/cassandra/3.11.2/apache-cassandra-3.11.2-bin.tar.gz : extract apache-cassandra-3.11.2/conf/triggers/README.txt
2018-07-19 14:58:35 [main] INFO  c.g.n.e.c.p.CassandraStarterTests - Extract /root/.embedded-cassandra/cassandra/3.11.2/apache-cassandra-3.11.2-bin.tar.gz : extract apache-cassandra-3.11.2/interface/cassandra.thrift
2018-07-19 14:58:38 [main] INFO  c.g.n.e.c.p.CassandraStarterTests - Extract /root/.embedded-cassandra/cassandra/3.11.2/apache-cassandra-3.11.2-bin.tar.gz : extract apache-cassandra-3.11.2/lib/HdrHistogram-2.1.9.jar
2018-07-19 14:58:38 [main] INFO  c.g.n.e.c.p.CassandraStarterTests - Extract /root/.embedded-cassandra/cassandra/3.11.2/apache-cassandra-3.11.2-bin.tar.gz : extract apache-cassandra-3.11.2/lib/ST4-4.0.8.jar
2018-07-19 14:58:38 [main] INFO  c.g.n.e.c.p.CassandraStarterTests - Extract /root/.embedded-cassandra/cassandra/3.11.2/apache-cassandra-3.11.2-bin.tar.gz : extract apache-cassandra-3.11.2/lib/airline-0.6.jar
2018-07-19 14:58:38 [main] INFO  c.g.n.e.c.p.CassandraStarterTests - Extract /root/.embedded-cassandra/cassandra/3.11.2/apache-cassandra-3.11.2-bin.tar.gz : extract apache-cassandra-3.11.2/lib/antlr-runtime-3.5.2.jar
2018-07-19 14:58:38 [main] INFO  c.g.n.e.c.p.CassandraStarterTests - Extract /root/.embedded-cassandra/cassandra/3.11.2/apache-cassandra-3.11.2-bin.tar.gz : extract apache-cassandra-3.11.2/lib/apache-cassandra-3.11.2.jar
2018-07-19 14:58:38 [main] INFO  c.g.n.e.c.p.CassandraStarterTests - Extract /root/.embedded-cassandra/cassandra/3.11.2/apache-cassandra-3.11.2-bin.tar.gz : extract apache-cassandra-3.11.2/lib/apache-cassandra-thrift-3.11.2.jar
2018-07-19 14:58:38 [main] INFO  c.g.n.e.c.p.CassandraStarterTests - Extract /root/.embedded-cassandra/cassandra/3.11.2/apache-cassandra-3.11.2-bin.tar.gz : extract apache-cassandra-3.11.2/lib/asm-5.0.4.jar
2018-07-19 14:58:38 [main] INFO  c.g.n.e.c.p.CassandraStarterTests - Extract /root/.embedded-cassandra/cassandra/3.11.2/apache-cassandra-3.11.2-bin.tar.gz : extract apache-cassandra-3.11.2/lib/caffeine-2.2.6.jar
2018-07-19 14:58:38 [main] INFO  c.g.n.e.c.p.CassandraStarterTests - Extract /root/.embedded-cassandra/cassandra/3.11.2/apache-cassandra-3.11.2-bin.tar.gz : extract apache-cassandra-3.11.2/lib/cassandra-driver-core-3.0.1-shaded.jar
2018-07-19 14:58:38 [main] INFO  c.g.n.e.c.p.CassandraStarterTests - Extract /root/.embedded-cassandra/cassandra/3.11.2/apache-cassandra-3.11.2-bin.tar.gz : extract apache-cassandra-3.11.2/lib/cassandra-driver-internal-only-3.10.zip
2018-07-19 14:58:38 [main] INFO  c.g.n.e.c.p.CassandraStarterTests - Extract /root/.embedded-cassandra/cassandra/3.11.2/apache-cassandra-3.11.2-bin.tar.gz : extract apache-cassandra-3.11.2/lib/cassandra-driver-internal-only-3.11.0-bb96859b.zip
2018-07-19 14:58:38 [main] INFO  c.g.n.e.c.p.CassandraStarterTests - Extract /root/.embedded-cassandra/cassandra/3.11.2/apache-cassandra-3.11.2-bin.tar.gz : extract apache-cassandra-3.11.2/lib/commons-cli-1.1.jar
2018-07-19 14:58:38 [main] INFO  c.g.n.e.c.p.CassandraStarterTests - Extract /root/.embedded-cassandra/cassandra/3.11.2/apache-cassandra-3.11.2-bin.tar.gz : extract apache-cassandra-3.11.2/lib/commons-codec-1.9.jar
2018-07-19 14:58:38 [main] INFO  c.g.n.e.c.p.CassandraStarterTests - Extract /root/.embedded-cassandra/cassandra/3.11.2/apache-cassandra-3.11.2-bin.tar.gz : extract apache-cassandra-3.11.2/lib/commons-lang3-3.1.jar
2018-07-19 14:58:38 [main] INFO  c.g.n.e.c.p.CassandraStarterTests - Extract /root/.embedded-cassandra/cassandra/3.11.2/apache-cassandra-3.11.2-bin.tar.gz : extract apache-cassandra-3.11.2/lib/commons-math3-3.2.jar
2018-07-19 14:58:38 [main] INFO  c.g.n.e.c.p.CassandraStarterTests - Extract /root/.embedded-cassandra/cassandra/3.11.2/apache-cassandra-3.11.2-bin.tar.gz : extract apache-cassandra-3.11.2/lib/compress-lzf-0.8.4.jar
2018-07-19 14:58:38 [main] INFO  c.g.n.e.c.p.CassandraStarterTests - Extract /root/.embedded-cassandra/cassandra/3.11.2/apache-cassandra-3.11.2-bin.tar.gz : extract apache-cassandra-3.11.2/lib/concurrent-trees-2.4.0.jar
2018-07-19 14:58:38 [main] INFO  c.g.n.e.c.p.CassandraStarterTests - Extract /root/.embedded-cassandra/cassandra/3.11.2/apache-cassandra-3.11.2-bin.tar.gz : extract apache-cassandra-3.11.2/lib/concurrentlinkedhashmap-lru-1.4.jar
2018-07-19 14:58:38 [main] INFO  c.g.n.e.c.p.CassandraStarterTests - Extract /root/.embedded-cassandra/cassandra/3.11.2/apache-cassandra-3.11.2-bin.tar.gz : extract apache-cassandra-3.11.2/lib/disruptor-3.0.1.jar
2018-07-19 14:58:38 [main] INFO  c.g.n.e.c.p.CassandraStarterTests - Extract /root/.embedded-cassandra/cassandra/3.11.2/apache-cassandra-3.11.2-bin.tar.gz : extract apache-cassandra-3.11.2/lib/ecj-4.4.2.jar
2018-07-19 14:58:38 [main] INFO  c.g.n.e.c.p.CassandraStarterTests - Extract /root/.embedded-cassandra/cassandra/3.11.2/apache-cassandra-3.11.2-bin.tar.gz : extract apache-cassandra-3.11.2/lib/futures-2.1.6-py2.py3-none-any.zip
2018-07-19 14:58:38 [main] INFO  c.g.n.e.c.p.CassandraStarterTests - Extract /root/.embedded-cassandra/cassandra/3.11.2/apache-cassandra-3.11.2-bin.tar.gz : extract apache-cassandra-3.11.2/lib/guava-18.0.jar
2018-07-19 14:58:38 [main] INFO  c.g.n.e.c.p.CassandraStarterTests - Extract /root/.embedded-cassandra/cassandra/3.11.2/apache-cassandra-3.11.2-bin.tar.gz : extract apache-cassandra-3.11.2/lib/high-scale-lib-1.0.6.jar
2018-07-19 14:58:38 [main] INFO  c.g.n.e.c.p.CassandraStarterTests - Extract /root/.embedded-cassandra/cassandra/3.11.2/apache-cassandra-3.11.2-bin.tar.gz : extract apache-cassandra-3.11.2/lib/hppc-0.5.4.jar
2018-07-19 14:58:38 [main] INFO  c.g.n.e.c.p.CassandraStarterTests - Extract /root/.embedded-cassandra/cassandra/3.11.2/apache-cassandra-3.11.2-bin.tar.gz : extract apache-cassandra-3.11.2/lib/jackson-core-asl-1.9.13.jar
2018-07-19 14:58:38 [main] INFO  c.g.n.e.c.p.CassandraStarterTests - Extract /root/.embedded-cassandra/cassandra/3.11.2/apache-cassandra-3.11.2-bin.tar.gz : extract apache-cassandra-3.11.2/lib/jackson-mapper-asl-1.9.13.jar
2018-07-19 14:58:38 [main] INFO  c.g.n.e.c.p.CassandraStarterTests - Extract /root/.embedded-cassandra/cassandra/3.11.2/apache-cassandra-3.11.2-bin.tar.gz : extract apache-cassandra-3.11.2/lib/jamm-0.3.0.jar
2018-07-19 14:58:38 [main] INFO  c.g.n.e.c.p.CassandraStarterTests - Extract /root/.embedded-cassandra/cassandra/3.11.2/apache-cassandra-3.11.2-bin.tar.gz : extract apache-cassandra-3.11.2/lib/javax.inject.jar
2018-07-19 14:58:38 [main] INFO  c.g.n.e.c.p.CassandraStarterTests - Extract /root/.embedded-cassandra/cassandra/3.11.2/apache-cassandra-3.11.2-bin.tar.gz : extract apache-cassandra-3.11.2/lib/jbcrypt-0.3m.jar
2018-07-19 14:58:38 [main] INFO  c.g.n.e.c.p.CassandraStarterTests - Extract /root/.embedded-cassandra/cassandra/3.11.2/apache-cassandra-3.11.2-bin.tar.gz : extract apache-cassandra-3.11.2/lib/jcl-over-slf4j-1.7.7.jar
2018-07-19 14:58:38 [main] INFO  c.g.n.e.c.p.CassandraStarterTests - Extract /root/.embedded-cassandra/cassandra/3.11.2/apache-cassandra-3.11.2-bin.tar.gz : extract apache-cassandra-3.11.2/lib/jctools-core-1.2.1.jar
2018-07-19 14:58:38 [main] INFO  c.g.n.e.c.p.CassandraStarterTests - Extract /root/.embedded-cassandra/cassandra/3.11.2/apache-cassandra-3.11.2-bin.tar.gz : extract apache-cassandra-3.11.2/lib/jflex-1.6.0.jar
2018-07-19 14:58:38 [main] INFO  c.g.n.e.c.p.CassandraStarterTests - Extract /root/.embedded-cassandra/cassandra/3.11.2/apache-cassandra-3.11.2-bin.tar.gz : extract apache-cassandra-3.11.2/lib/jna-4.2.2.jar
2018-07-19 14:58:38 [main] INFO  c.g.n.e.c.p.CassandraStarterTests - Extract /root/.embedded-cassandra/cassandra/3.11.2/apache-cassandra-3.11.2-bin.tar.gz : extract apache-cassandra-3.11.2/lib/joda-time-2.4.jar
2018-07-19 14:58:38 [main] INFO  c.g.n.e.c.p.CassandraStarterTests - Extract /root/.embedded-cassandra/cassandra/3.11.2/apache-cassandra-3.11.2-bin.tar.gz : extract apache-cassandra-3.11.2/lib/json-simple-1.1.jar
2018-07-19 14:58:38 [main] INFO  c.g.n.e.c.p.CassandraStarterTests - Extract /root/.embedded-cassandra/cassandra/3.11.2/apache-cassandra-3.11.2-bin.tar.gz : extract apache-cassandra-3.11.2/lib/jstackjunit-0.0.1.jar
2018-07-19 14:58:38 [main] INFO  c.g.n.e.c.p.CassandraStarterTests - Extract /root/.embedded-cassandra/cassandra/3.11.2/apache-cassandra-3.11.2-bin.tar.gz : extract apache-cassandra-3.11.2/lib/libthrift-0.9.2.jar
2018-07-19 14:58:38 [main] INFO  c.g.n.e.c.p.CassandraStarterTests - Extract /root/.embedded-cassandra/cassandra/3.11.2/apache-cassandra-3.11.2-bin.tar.gz : extract apache-cassandra-3.11.2/lib/log4j-over-slf4j-1.7.7.jar
2018-07-19 14:58:38 [main] INFO  c.g.n.e.c.p.CassandraStarterTests - Extract /root/.embedded-cassandra/cassandra/3.11.2/apache-cassandra-3.11.2-bin.tar.gz : extract apache-cassandra-3.11.2/lib/logback-classic-1.1.3.jar
2018-07-19 14:58:38 [main] INFO  c.g.n.e.c.p.CassandraStarterTests - Extract /root/.embedded-cassandra/cassandra/3.11.2/apache-cassandra-3.11.2-bin.tar.gz : extract apache-cassandra-3.11.2/lib/logback-core-1.1.3.jar
2018-07-19 14:58:38 [main] INFO  c.g.n.e.c.p.CassandraStarterTests - Extract /root/.embedded-cassandra/cassandra/3.11.2/apache-cassandra-3.11.2-bin.tar.gz : extract apache-cassandra-3.11.2/lib/lz4-1.3.0.jar
2018-07-19 14:58:38 [main] INFO  c.g.n.e.c.p.CassandraStarterTests - Extract /root/.embedded-cassandra/cassandra/3.11.2/apache-cassandra-3.11.2-bin.tar.gz : extract apache-cassandra-3.11.2/lib/metrics-core-3.1.0.jar
2018-07-19 14:58:38 [main] INFO  c.g.n.e.c.p.CassandraStarterTests - Extract /root/.embedded-cassandra/cassandra/3.11.2/apache-cassandra-3.11.2-bin.tar.gz : extract apache-cassandra-3.11.2/lib/metrics-jvm-3.1.0.jar
2018-07-19 14:58:38 [main] INFO  c.g.n.e.c.p.CassandraStarterTests - Extract /root/.embedded-cassandra/cassandra/3.11.2/apache-cassandra-3.11.2-bin.tar.gz : extract apache-cassandra-3.11.2/lib/metrics-logback-3.1.0.jar
2018-07-19 14:58:38 [main] INFO  c.g.n.e.c.p.CassandraStarterTests - Extract /root/.embedded-cassandra/cassandra/3.11.2/apache-cassandra-3.11.2-bin.tar.gz : extract apache-cassandra-3.11.2/lib/netty-all-4.0.44.Final.jar
2018-07-19 14:58:38 [main] INFO  c.g.n.e.c.p.CassandraStarterTests - Extract /root/.embedded-cassandra/cassandra/3.11.2/apache-cassandra-3.11.2-bin.tar.gz : extract apache-cassandra-3.11.2/lib/ohc-core-0.4.4.jar
2018-07-19 14:58:38 [main] INFO  c.g.n.e.c.p.CassandraStarterTests - Extract /root/.embedded-cassandra/cassandra/3.11.2/apache-cassandra-3.11.2-bin.tar.gz : extract apache-cassandra-3.11.2/lib/ohc-core-j8-0.4.4.jar
2018-07-19 14:58:38 [main] INFO  c.g.n.e.c.p.CassandraStarterTests - Extract /root/.embedded-cassandra/cassandra/3.11.2/apache-cassandra-3.11.2-bin.tar.gz : extract apache-cassandra-3.11.2/lib/reporter-config-base-3.0.3.jar
2018-07-19 14:58:38 [main] INFO  c.g.n.e.c.p.CassandraStarterTests - Extract /root/.embedded-cassandra/cassandra/3.11.2/apache-cassandra-3.11.2-bin.tar.gz : extract apache-cassandra-3.11.2/lib/reporter-config3-3.0.3.jar
2018-07-19 14:58:38 [main] INFO  c.g.n.e.c.p.CassandraStarterTests - Extract /root/.embedded-cassandra/cassandra/3.11.2/apache-cassandra-3.11.2-bin.tar.gz : extract apache-cassandra-3.11.2/lib/sigar-1.6.4.jar
2018-07-19 14:58:38 [main] INFO  c.g.n.e.c.p.CassandraStarterTests - Extract /root/.embedded-cassandra/cassandra/3.11.2/apache-cassandra-3.11.2-bin.tar.gz : extract apache-cassandra-3.11.2/lib/sigar-bin/libsigar-amd64-freebsd-6.so
2018-07-19 14:58:38 [main] INFO  c.g.n.e.c.p.CassandraStarterTests - Extract /root/.embedded-cassandra/cassandra/3.11.2/apache-cassandra-3.11.2-bin.tar.gz : extract apache-cassandra-3.11.2/lib/sigar-bin/libsigar-amd64-linux.so
2018-07-19 14:58:38 [main] INFO  c.g.n.e.c.p.CassandraStarterTests - Extract /root/.embedded-cassandra/cassandra/3.11.2/apache-cassandra-3.11.2-bin.tar.gz : extract apache-cassandra-3.11.2/lib/sigar-bin/libsigar-amd64-solaris.so
2018-07-19 14:58:38 [main] INFO  c.g.n.e.c.p.CassandraStarterTests - Extract /root/.embedded-cassandra/cassandra/3.11.2/apache-cassandra-3.11.2-bin.tar.gz : extract apache-cassandra-3.11.2/lib/sigar-bin/libsigar-ia64-hpux-11.sl
2018-07-19 14:58:38 [main] INFO  c.g.n.e.c.p.CassandraStarterTests - Extract /root/.embedded-cassandra/cassandra/3.11.2/apache-cassandra-3.11.2-bin.tar.gz : extract apache-cassandra-3.11.2/lib/sigar-bin/libsigar-ia64-linux.so
2018-07-19 14:58:38 [main] INFO  c.g.n.e.c.p.CassandraStarterTests - Extract /root/.embedded-cassandra/cassandra/3.11.2/apache-cassandra-3.11.2-bin.tar.gz : extract apache-cassandra-3.11.2/lib/sigar-bin/libsigar-pa-hpux-11.sl
2018-07-19 14:58:38 [main] INFO  c.g.n.e.c.p.CassandraStarterTests - Extract /root/.embedded-cassandra/cassandra/3.11.2/apache-cassandra-3.11.2-bin.tar.gz : extract apache-cassandra-3.11.2/lib/sigar-bin/libsigar-ppc-aix-5.so
2018-07-19 14:58:38 [main] INFO  c.g.n.e.c.p.CassandraStarterTests - Extract /root/.embedded-cassandra/cassandra/3.11.2/apache-cassandra-3.11.2-bin.tar.gz : extract apache-cassandra-3.11.2/lib/sigar-bin/libsigar-ppc-linux.so
2018-07-19 14:58:38 [main] INFO  c.g.n.e.c.p.CassandraStarterTests - Extract /root/.embedded-cassandra/cassandra/3.11.2/apache-cassandra-3.11.2-bin.tar.gz : extract apache-cassandra-3.11.2/lib/sigar-bin/libsigar-ppc64-aix-5.so
2018-07-19 14:58:38 [main] INFO  c.g.n.e.c.p.CassandraStarterTests - Extract /root/.embedded-cassandra/cassandra/3.11.2/apache-cassandra-3.11.2-bin.tar.gz : extract apache-cassandra-3.11.2/lib/sigar-bin/libsigar-ppc64-linux.so
2018-07-19 14:58:38 [main] INFO  c.g.n.e.c.p.CassandraStarterTests - Extract /root/.embedded-cassandra/cassandra/3.11.2/apache-cassandra-3.11.2-bin.tar.gz : extract apache-cassandra-3.11.2/lib/sigar-bin/libsigar-s390x-linux.so
2018-07-19 14:58:38 [main] INFO  c.g.n.e.c.p.CassandraStarterTests - Extract /root/.embedded-cassandra/cassandra/3.11.2/apache-cassandra-3.11.2-bin.tar.gz : extract apache-cassandra-3.11.2/lib/sigar-bin/libsigar-sparc-solaris.so
2018-07-19 14:58:38 [main] INFO  c.g.n.e.c.p.CassandraStarterTests - Extract /root/.embedded-cassandra/cassandra/3.11.2/apache-cassandra-3.11.2-bin.tar.gz : extract apache-cassandra-3.11.2/lib/sigar-bin/libsigar-sparc64-solaris.so
2018-07-19 14:58:38 [main] INFO  c.g.n.e.c.p.CassandraStarterTests - Extract /root/.embedded-cassandra/cassandra/3.11.2/apache-cassandra-3.11.2-bin.tar.gz : extract apache-cassandra-3.11.2/lib/sigar-bin/libsigar-universal-macosx.dylib
2018-07-19 14:58:38 [main] INFO  c.g.n.e.c.p.CassandraStarterTests - Extract /root/.embedded-cassandra/cassandra/3.11.2/apache-cassandra-3.11.2-bin.tar.gz : extract apache-cassandra-3.11.2/lib/sigar-bin/libsigar-universal64-macosx.dylib
2018-07-19 14:58:38 [main] INFO  c.g.n.e.c.p.CassandraStarterTests - Extract /root/.embedded-cassandra/cassandra/3.11.2/apache-cassandra-3.11.2-bin.tar.gz : extract apache-cassandra-3.11.2/lib/sigar-bin/libsigar-x86-freebsd-5.so
2018-07-19 14:58:38 [main] INFO  c.g.n.e.c.p.CassandraStarterTests - Extract /root/.embedded-cassandra/cassandra/3.11.2/apache-cassandra-3.11.2-bin.tar.gz : extract apache-cassandra-3.11.2/lib/sigar-bin/libsigar-x86-freebsd-6.so
2018-07-19 14:58:38 [main] INFO  c.g.n.e.c.p.CassandraStarterTests - Extract /root/.embedded-cassandra/cassandra/3.11.2/apache-cassandra-3.11.2-bin.tar.gz : extract apache-cassandra-3.11.2/lib/sigar-bin/libsigar-x86-linux.so
2018-07-19 14:58:38 [main] INFO  c.g.n.e.c.p.CassandraStarterTests - Extract /root/.embedded-cassandra/cassandra/3.11.2/apache-cassandra-3.11.2-bin.tar.gz : extract apache-cassandra-3.11.2/lib/sigar-bin/libsigar-x86-solaris.so
2018-07-19 14:58:38 [main] INFO  c.g.n.e.c.p.CassandraStarterTests - Extract /root/.embedded-cassandra/cassandra/3.11.2/apache-cassandra-3.11.2-bin.tar.gz : extract apache-cassandra-3.11.2/lib/sigar-bin/sigar-amd64-winnt.dll
2018-07-19 14:58:38 [main] INFO  c.g.n.e.c.p.CassandraStarterTests - Extract /root/.embedded-cassandra/cassandra/3.11.2/apache-cassandra-3.11.2-bin.tar.gz : extract apache-cassandra-3.11.2/lib/sigar-bin/sigar-x86-winnt.dll
2018-07-19 14:58:38 [main] INFO  c.g.n.e.c.p.CassandraStarterTests - Extract /root/.embedded-cassandra/cassandra/3.11.2/apache-cassandra-3.11.2-bin.tar.gz : extract apache-cassandra-3.11.2/lib/sigar-bin/sigar-x86-winnt.lib
2018-07-19 14:58:38 [main] INFO  c.g.n.e.c.p.CassandraStarterTests - Extract /root/.embedded-cassandra/cassandra/3.11.2/apache-cassandra-3.11.2-bin.tar.gz : extract apache-cassandra-3.11.2/lib/six-1.7.3-py2.py3-none-any.zip
2018-07-19 14:58:38 [main] INFO  c.g.n.e.c.p.CassandraStarterTests - Extract /root/.embedded-cassandra/cassandra/3.11.2/apache-cassandra-3.11.2-bin.tar.gz : extract apache-cassandra-3.11.2/lib/slf4j-api-1.7.7.jar
2018-07-19 14:58:38 [main] INFO  c.g.n.e.c.p.CassandraStarterTests - Extract /root/.embedded-cassandra/cassandra/3.11.2/apache-cassandra-3.11.2-bin.tar.gz : extract apache-cassandra-3.11.2/lib/snakeyaml-1.11.jar
2018-07-19 14:58:38 [main] INFO  c.g.n.e.c.p.CassandraStarterTests - Extract /root/.embedded-cassandra/cassandra/3.11.2/apache-cassandra-3.11.2-bin.tar.gz : extract apache-cassandra-3.11.2/lib/snappy-java-1.1.1.7.jar
2018-07-19 14:58:38 [main] INFO  c.g.n.e.c.p.CassandraStarterTests - Extract /root/.embedded-cassandra/cassandra/3.11.2/apache-cassandra-3.11.2-bin.tar.gz : extract apache-cassandra-3.11.2/lib/snowball-stemmer-1.3.0.581.1.jar
2018-07-19 14:58:38 [main] INFO  c.g.n.e.c.p.CassandraStarterTests - Extract /root/.embedded-cassandra/cassandra/3.11.2/apache-cassandra-3.11.2-bin.tar.gz : extract apache-cassandra-3.11.2/lib/stream-2.5.2.jar
2018-07-19 14:58:38 [main] INFO  c.g.n.e.c.p.CassandraStarterTests - Extract /root/.embedded-cassandra/cassandra/3.11.2/apache-cassandra-3.11.2-bin.tar.gz : extract apache-cassandra-3.11.2/lib/thrift-server-0.3.7.jar
2018-07-19 14:58:38 [main] INFO  c.g.n.e.c.p.CassandraStarterTests - Extract /root/.embedded-cassandra/cassandra/3.11.2/apache-cassandra-3.11.2-bin.tar.gz : extract apache-cassandra-3.11.2/pylib/cqlshlib/__init__.py
2018-07-19 14:58:38 [main] INFO  c.g.n.e.c.p.CassandraStarterTests - Extract /root/.embedded-cassandra/cassandra/3.11.2/apache-cassandra-3.11.2-bin.tar.gz : extract apache-cassandra-3.11.2/pylib/cqlshlib/copyutil.py
2018-07-19 14:58:38 [main] INFO  c.g.n.e.c.p.CassandraStarterTests - Extract /root/.embedded-cassandra/cassandra/3.11.2/apache-cassandra-3.11.2-bin.tar.gz : extract apache-cassandra-3.11.2/pylib/cqlshlib/cql3handling.py
2018-07-19 14:58:38 [main] INFO  c.g.n.e.c.p.CassandraStarterTests - Extract /root/.embedded-cassandra/cassandra/3.11.2/apache-cassandra-3.11.2-bin.tar.gz : extract apache-cassandra-3.11.2/pylib/cqlshlib/cqlhandling.py
2018-07-19 14:58:38 [main] INFO  c.g.n.e.c.p.CassandraStarterTests - Extract /root/.embedded-cassandra/cassandra/3.11.2/apache-cassandra-3.11.2-bin.tar.gz : extract apache-cassandra-3.11.2/pylib/cqlshlib/cqlshhandling.py
2018-07-19 14:58:38 [main] INFO  c.g.n.e.c.p.CassandraStarterTests - Extract /root/.embedded-cassandra/cassandra/3.11.2/apache-cassandra-3.11.2-bin.tar.gz : extract apache-cassandra-3.11.2/pylib/cqlshlib/displaying.py
2018-07-19 14:58:38 [main] INFO  c.g.n.e.c.p.CassandraStarterTests - Extract /root/.embedded-cassandra/cassandra/3.11.2/apache-cassandra-3.11.2-bin.tar.gz : extract apache-cassandra-3.11.2/pylib/cqlshlib/formatting.py
2018-07-19 14:58:38 [main] INFO  c.g.n.e.c.p.CassandraStarterTests - Extract /root/.embedded-cassandra/cassandra/3.11.2/apache-cassandra-3.11.2-bin.tar.gz : extract apache-cassandra-3.11.2/pylib/cqlshlib/helptopics.py
2018-07-19 14:58:38 [main] INFO  c.g.n.e.c.p.CassandraStarterTests - Extract /root/.embedded-cassandra/cassandra/3.11.2/apache-cassandra-3.11.2-bin.tar.gz : extract apache-cassandra-3.11.2/pylib/cqlshlib/pylexotron.py
2018-07-19 14:58:38 [main] INFO  c.g.n.e.c.p.CassandraStarterTests - Extract /root/.embedded-cassandra/cassandra/3.11.2/apache-cassandra-3.11.2-bin.tar.gz : extract apache-cassandra-3.11.2/pylib/cqlshlib/saferscanner.py
2018-07-19 14:58:38 [main] INFO  c.g.n.e.c.p.CassandraStarterTests - Extract /root/.embedded-cassandra/cassandra/3.11.2/apache-cassandra-3.11.2-bin.tar.gz : extract apache-cassandra-3.11.2/pylib/cqlshlib/sslhandling.py
2018-07-19 14:58:38 [main] INFO  c.g.n.e.c.p.CassandraStarterTests - Extract /root/.embedded-cassandra/cassandra/3.11.2/apache-cassandra-3.11.2-bin.tar.gz : extract apache-cassandra-3.11.2/pylib/cqlshlib/test/__init__.py
2018-07-19 14:58:38 [main] INFO  c.g.n.e.c.p.CassandraStarterTests - Extract /root/.embedded-cassandra/cassandra/3.11.2/apache-cassandra-3.11.2-bin.tar.gz : extract apache-cassandra-3.11.2/pylib/cqlshlib/test/ansi_colors.py
2018-07-19 14:58:38 [main] INFO  c.g.n.e.c.p.CassandraStarterTests - Extract /root/.embedded-cassandra/cassandra/3.11.2/apache-cassandra-3.11.2-bin.tar.gz : extract apache-cassandra-3.11.2/pylib/cqlshlib/test/basecase.py
2018-07-19 14:58:38 [main] INFO  c.g.n.e.c.p.CassandraStarterTests - Extract /root/.embedded-cassandra/cassandra/3.11.2/apache-cassandra-3.11.2-bin.tar.gz : extract apache-cassandra-3.11.2/pylib/cqlshlib/test/cassconnect.py
2018-07-19 14:58:38 [main] INFO  c.g.n.e.c.p.CassandraStarterTests - Extract /root/.embedded-cassandra/cassandra/3.11.2/apache-cassandra-3.11.2-bin.tar.gz : extract apache-cassandra-3.11.2/pylib/cqlshlib/test/run_cqlsh.py
2018-07-19 14:58:38 [main] INFO  c.g.n.e.c.p.CassandraStarterTests - Extract /root/.embedded-cassandra/cassandra/3.11.2/apache-cassandra-3.11.2-bin.tar.gz : extract apache-cassandra-3.11.2/pylib/cqlshlib/test/test_cql_parsing.py
2018-07-19 14:58:38 [main] INFO  c.g.n.e.c.p.CassandraStarterTests - Extract /root/.embedded-cassandra/cassandra/3.11.2/apache-cassandra-3.11.2-bin.tar.gz : extract apache-cassandra-3.11.2/pylib/cqlshlib/test/test_cqlsh_commands.py
2018-07-19 14:58:38 [main] INFO  c.g.n.e.c.p.CassandraStarterTests - Extract /root/.embedded-cassandra/cassandra/3.11.2/apache-cassandra-3.11.2-bin.tar.gz : extract apache-cassandra-3.11.2/pylib/cqlshlib/test/test_cqlsh_completion.py
2018-07-19 14:58:38 [main] INFO  c.g.n.e.c.p.CassandraStarterTests - Extract /root/.embedded-cassandra/cassandra/3.11.2/apache-cassandra-3.11.2-bin.tar.gz : extract apache-cassandra-3.11.2/pylib/cqlshlib/test/test_cqlsh_invocation.py
2018-07-19 14:58:38 [main] INFO  c.g.n.e.c.p.CassandraStarterTests - Extract /root/.embedded-cassandra/cassandra/3.11.2/apache-cassandra-3.11.2-bin.tar.gz : extract apache-cassandra-3.11.2/pylib/cqlshlib/test/test_cqlsh_output.py
2018-07-19 14:58:38 [main] INFO  c.g.n.e.c.p.CassandraStarterTests - Extract /root/.embedded-cassandra/cassandra/3.11.2/apache-cassandra-3.11.2-bin.tar.gz : extract apache-cassandra-3.11.2/pylib/cqlshlib/test/test_cqlsh_parsing.py
2018-07-19 14:58:38 [main] INFO  c.g.n.e.c.p.CassandraStarterTests - Extract /root/.embedded-cassandra/cassandra/3.11.2/apache-cassandra-3.11.2-bin.tar.gz : extract apache-cassandra-3.11.2/pylib/cqlshlib/test/test_keyspace_init.cql
2018-07-19 14:58:38 [main] INFO  c.g.n.e.c.p.CassandraStarterTests - Extract /root/.embedded-cassandra/cassandra/3.11.2/apache-cassandra-3.11.2-bin.tar.gz : extract apache-cassandra-3.11.2/pylib/cqlshlib/test/winpty.py
2018-07-19 14:58:38 [main] INFO  c.g.n.e.c.p.CassandraStarterTests - Extract /root/.embedded-cassandra/cassandra/3.11.2/apache-cassandra-3.11.2-bin.tar.gz : extract apache-cassandra-3.11.2/pylib/cqlshlib/tracing.py
2018-07-19 14:58:38 [main] INFO  c.g.n.e.c.p.CassandraStarterTests - Extract /root/.embedded-cassandra/cassandra/3.11.2/apache-cassandra-3.11.2-bin.tar.gz : extract apache-cassandra-3.11.2/pylib/cqlshlib/util.py
2018-07-19 14:58:38 [main] INFO  c.g.n.e.c.p.CassandraStarterTests - Extract /root/.embedded-cassandra/cassandra/3.11.2/apache-cassandra-3.11.2-bin.tar.gz : extract apache-cassandra-3.11.2/pylib/cqlshlib/wcwidth.py
2018-07-19 14:58:38 [main] INFO  c.g.n.e.c.p.CassandraStarterTests - Extract /root/.embedded-cassandra/cassandra/3.11.2/apache-cassandra-3.11.2-bin.tar.gz : extract apache-cassandra-3.11.2/pylib/setup.py
2018-07-19 14:58:38 [main] INFO  c.g.n.e.c.p.CassandraStarterTests - Extract /root/.embedded-cassandra/cassandra/3.11.2/apache-cassandra-3.11.2-bin.tar.gz : extract apache-cassandra-3.11.2/tools/bin/cassandra-stress
2018-07-19 14:58:38 [main] INFO  c.g.n.e.c.p.CassandraStarterTests - Extract /root/.embedded-cassandra/cassandra/3.11.2/apache-cassandra-3.11.2-bin.tar.gz : extract apache-cassandra-3.11.2/tools/bin/cassandra-stress.bat
2018-07-19 14:58:38 [main] INFO  c.g.n.e.c.p.CassandraStarterTests - Extract /root/.embedded-cassandra/cassandra/3.11.2/apache-cassandra-3.11.2-bin.tar.gz : extract apache-cassandra-3.11.2/tools/bin/cassandra-stressd
2018-07-19 14:58:38 [main] INFO  c.g.n.e.c.p.CassandraStarterTests - Extract /root/.embedded-cassandra/cassandra/3.11.2/apache-cassandra-3.11.2-bin.tar.gz : extract apache-cassandra-3.11.2/tools/bin/cassandra.in.bat
2018-07-19 14:58:38 [main] INFO  c.g.n.e.c.p.CassandraStarterTests - Extract /root/.embedded-cassandra/cassandra/3.11.2/apache-cassandra-3.11.2-bin.tar.gz : extract apache-cassandra-3.11.2/tools/bin/cassandra.in.sh
2018-07-19 14:58:38 [main] INFO  c.g.n.e.c.p.CassandraStarterTests - Extract /root/.embedded-cassandra/cassandra/3.11.2/apache-cassandra-3.11.2-bin.tar.gz : extract apache-cassandra-3.11.2/tools/bin/compaction-stress
2018-07-19 14:58:38 [main] INFO  c.g.n.e.c.p.CassandraStarterTests - Extract /root/.embedded-cassandra/cassandra/3.11.2/apache-cassandra-3.11.2-bin.tar.gz : extract apache-cassandra-3.11.2/tools/bin/sstabledump
2018-07-19 14:58:38 [main] INFO  c.g.n.e.c.p.CassandraStarterTests - Extract /root/.embedded-cassandra/cassandra/3.11.2/apache-cassandra-3.11.2-bin.tar.gz : extract apache-cassandra-3.11.2/tools/bin/sstabledump.bat
2018-07-19 14:58:38 [main] INFO  c.g.n.e.c.p.CassandraStarterTests - Extract /root/.embedded-cassandra/cassandra/3.11.2/apache-cassandra-3.11.2-bin.tar.gz : extract apache-cassandra-3.11.2/tools/bin/sstableexpiredblockers
2018-07-19 14:58:38 [main] INFO  c.g.n.e.c.p.CassandraStarterTests - Extract /root/.embedded-cassandra/cassandra/3.11.2/apache-cassandra-3.11.2-bin.tar.gz : extract apache-cassandra-3.11.2/tools/bin/sstableexpiredblockers.bat
2018-07-19 14:58:38 [main] INFO  c.g.n.e.c.p.CassandraStarterTests - Extract /root/.embedded-cassandra/cassandra/3.11.2/apache-cassandra-3.11.2-bin.tar.gz : extract apache-cassandra-3.11.2/tools/bin/sstablelevelreset
2018-07-19 14:58:38 [main] INFO  c.g.n.e.c.p.CassandraStarterTests - Extract /root/.embedded-cassandra/cassandra/3.11.2/apache-cassandra-3.11.2-bin.tar.gz : extract apache-cassandra-3.11.2/tools/bin/sstablelevelreset.bat
2018-07-19 14:58:38 [main] INFO  c.g.n.e.c.p.CassandraStarterTests - Extract /root/.embedded-cassandra/cassandra/3.11.2/apache-cassandra-3.11.2-bin.tar.gz : extract apache-cassandra-3.11.2/tools/bin/sstablemetadata
2018-07-19 14:58:38 [main] INFO  c.g.n.e.c.p.CassandraStarterTests - Extract /root/.embedded-cassandra/cassandra/3.11.2/apache-cassandra-3.11.2-bin.tar.gz : extract apache-cassandra-3.11.2/tools/bin/sstablemetadata.bat
2018-07-19 14:58:38 [main] INFO  c.g.n.e.c.p.CassandraStarterTests - Extract /root/.embedded-cassandra/cassandra/3.11.2/apache-cassandra-3.11.2-bin.tar.gz : extract apache-cassandra-3.11.2/tools/bin/sstableofflinerelevel
2018-07-19 14:58:38 [main] INFO  c.g.n.e.c.p.CassandraStarterTests - Extract /root/.embedded-cassandra/cassandra/3.11.2/apache-cassandra-3.11.2-bin.tar.gz : extract apache-cassandra-3.11.2/tools/bin/sstableofflinerelevel.bat
2018-07-19 14:58:38 [main] INFO  c.g.n.e.c.p.CassandraStarterTests - Extract /root/.embedded-cassandra/cassandra/3.11.2/apache-cassandra-3.11.2-bin.tar.gz : extract apache-cassandra-3.11.2/tools/bin/sstablerepairedset
2018-07-19 14:58:38 [main] INFO  c.g.n.e.c.p.CassandraStarterTests - Extract /root/.embedded-cassandra/cassandra/3.11.2/apache-cassandra-3.11.2-bin.tar.gz : extract apache-cassandra-3.11.2/tools/bin/sstablerepairedset.bat
2018-07-19 14:58:38 [main] INFO  c.g.n.e.c.p.CassandraStarterTests - Extract /root/.embedded-cassandra/cassandra/3.11.2/apache-cassandra-3.11.2-bin.tar.gz : extract apache-cassandra-3.11.2/tools/bin/sstablesplit
2018-07-19 14:58:38 [main] INFO  c.g.n.e.c.p.CassandraStarterTests - Extract /root/.embedded-cassandra/cassandra/3.11.2/apache-cassandra-3.11.2-bin.tar.gz : extract apache-cassandra-3.11.2/tools/bin/sstablesplit.bat
2018-07-19 14:58:38 [main] INFO  c.g.n.e.c.p.CassandraStarterTests - Extract /root/.embedded-cassandra/cassandra/3.11.2/apache-cassandra-3.11.2-bin.tar.gz : extract apache-cassandra-3.11.2/tools/cqlstress-counter-example.yaml
2018-07-19 14:58:38 [main] INFO  c.g.n.e.c.p.CassandraStarterTests - Extract /root/.embedded-cassandra/cassandra/3.11.2/apache-cassandra-3.11.2-bin.tar.gz : extract apache-cassandra-3.11.2/tools/cqlstress-example.yaml
2018-07-19 14:58:38 [main] INFO  c.g.n.e.c.p.CassandraStarterTests - Extract /root/.embedded-cassandra/cassandra/3.11.2/apache-cassandra-3.11.2-bin.tar.gz : extract apache-cassandra-3.11.2/tools/cqlstress-insanity-example.yaml
2018-07-19 14:58:38 [main] INFO  c.g.n.e.c.p.CassandraStarterTests - Extract /root/.embedded-cassandra/cassandra/3.11.2/apache-cassandra-3.11.2-bin.tar.gz : extract apache-cassandra-3.11.2/tools/lib/stress.jar
2018-07-19 14:58:38 [main] INFO  c.g.n.e.c.p.CassandraStarterTests - Extract /root/.embedded-cassandra/cassandra/3.11.2/apache-cassandra-3.11.2-bin.tar.gz : extract apache-cassandra-3.11.2/bin/cassandra.in.sh
2018-07-19 14:58:38 [main] INFO  c.g.n.e.c.p.CassandraStarterTests - Extract /root/.embedded-cassandra/cassandra/3.11.2/apache-cassandra-3.11.2-bin.tar.gz : extract apache-cassandra-3.11.2/bin/cassandra
2018-07-19 14:58:38 [main] INFO  c.g.n.e.c.p.CassandraStarterTests - Extract /root/.embedded-cassandra/cassandra/3.11.2/apache-cassandra-3.11.2-bin.tar.gz : extract apache-cassandra-3.11.2/bin/cassandra.bat
2018-07-19 14:58:38 [main] INFO  c.g.n.e.c.p.CassandraStarterTests - Extract /root/.embedded-cassandra/cassandra/3.11.2/apache-cassandra-3.11.2-bin.tar.gz : extract apache-cassandra-3.11.2/bin/cassandra.in.bat
2018-07-19 14:58:38 [main] INFO  c.g.n.e.c.p.CassandraStarterTests - Extract /root/.embedded-cassandra/cassandra/3.11.2/apache-cassandra-3.11.2-bin.tar.gz : extract apache-cassandra-3.11.2/bin/cqlsh
2018-07-19 14:58:38 [main] INFO  c.g.n.e.c.p.CassandraStarterTests - Extract /root/.embedded-cassandra/cassandra/3.11.2/apache-cassandra-3.11.2-bin.tar.gz : extract apache-cassandra-3.11.2/bin/cqlsh.bat
2018-07-19 14:58:38 [main] INFO  c.g.n.e.c.p.CassandraStarterTests - Extract /root/.embedded-cassandra/cassandra/3.11.2/apache-cassandra-3.11.2-bin.tar.gz : extract apache-cassandra-3.11.2/bin/cqlsh.py
2018-07-19 14:58:38 [main] INFO  c.g.n.e.c.p.CassandraStarterTests - Extract /root/.embedded-cassandra/cassandra/3.11.2/apache-cassandra-3.11.2-bin.tar.gz : extract apache-cassandra-3.11.2/bin/debug-cql
2018-07-19 14:58:38 [main] INFO  c.g.n.e.c.p.CassandraStarterTests - Extract /root/.embedded-cassandra/cassandra/3.11.2/apache-cassandra-3.11.2-bin.tar.gz : extract apache-cassandra-3.11.2/bin/debug-cql.bat
2018-07-19 14:58:38 [main] INFO  c.g.n.e.c.p.CassandraStarterTests - Extract /root/.embedded-cassandra/cassandra/3.11.2/apache-cassandra-3.11.2-bin.tar.gz : extract apache-cassandra-3.11.2/bin/nodetool
2018-07-19 14:58:38 [main] INFO  c.g.n.e.c.p.CassandraStarterTests - Extract /root/.embedded-cassandra/cassandra/3.11.2/apache-cassandra-3.11.2-bin.tar.gz : extract apache-cassandra-3.11.2/bin/nodetool.bat
2018-07-19 14:58:38 [main] INFO  c.g.n.e.c.p.CassandraStarterTests - Extract /root/.embedded-cassandra/cassandra/3.11.2/apache-cassandra-3.11.2-bin.tar.gz : extract apache-cassandra-3.11.2/bin/source-conf.ps1
2018-07-19 14:58:38 [main] INFO  c.g.n.e.c.p.CassandraStarterTests - Extract /root/.embedded-cassandra/cassandra/3.11.2/apache-cassandra-3.11.2-bin.tar.gz : extract apache-cassandra-3.11.2/bin/sstableloader
2018-07-19 14:58:38 [main] INFO  c.g.n.e.c.p.CassandraStarterTests - Extract /root/.embedded-cassandra/cassandra/3.11.2/apache-cassandra-3.11.2-bin.tar.gz : extract apache-cassandra-3.11.2/bin/sstableloader.bat
2018-07-19 14:58:38 [main] INFO  c.g.n.e.c.p.CassandraStarterTests - Extract /root/.embedded-cassandra/cassandra/3.11.2/apache-cassandra-3.11.2-bin.tar.gz : extract apache-cassandra-3.11.2/bin/sstablescrub
2018-07-19 14:58:38 [main] INFO  c.g.n.e.c.p.CassandraStarterTests - Extract /root/.embedded-cassandra/cassandra/3.11.2/apache-cassandra-3.11.2-bin.tar.gz : extract apache-cassandra-3.11.2/bin/sstablescrub.bat
2018-07-19 14:58:38 [main] INFO  c.g.n.e.c.p.CassandraStarterTests - Extract /root/.embedded-cassandra/cassandra/3.11.2/apache-cassandra-3.11.2-bin.tar.gz : extract apache-cassandra-3.11.2/bin/sstableupgrade
2018-07-19 14:58:38 [main] INFO  c.g.n.e.c.p.CassandraStarterTests - Extract /root/.embedded-cassandra/cassandra/3.11.2/apache-cassandra-3.11.2-bin.tar.gz : extract apache-cassandra-3.11.2/bin/sstableupgrade.bat
2018-07-19 14:58:38 [main] INFO  c.g.n.e.c.p.CassandraStarterTests - Extract /root/.embedded-cassandra/cassandra/3.11.2/apache-cassandra-3.11.2-bin.tar.gz : extract apache-cassandra-3.11.2/bin/sstableutil
2018-07-19 14:58:38 [main] INFO  c.g.n.e.c.p.CassandraStarterTests - Extract /root/.embedded-cassandra/cassandra/3.11.2/apache-cassandra-3.11.2-bin.tar.gz : extract apache-cassandra-3.11.2/bin/sstableutil.bat
2018-07-19 14:58:38 [main] INFO  c.g.n.e.c.p.CassandraStarterTests - Extract /root/.embedded-cassandra/cassandra/3.11.2/apache-cassandra-3.11.2-bin.tar.gz : extract apache-cassandra-3.11.2/bin/sstableverify
2018-07-19 14:58:38 [main] INFO  c.g.n.e.c.p.CassandraStarterTests - Extract /root/.embedded-cassandra/cassandra/3.11.2/apache-cassandra-3.11.2-bin.tar.gz : extract apache-cassandra-3.11.2/bin/sstableverify.bat
2018-07-19 14:58:38 [main] INFO  c.g.n.e.c.p.CassandraStarterTests - Extract /root/.embedded-cassandra/cassandra/3.11.2/apache-cassandra-3.11.2-bin.tar.gz : extract apache-cassandra-3.11.2/bin/stop-server
2018-07-19 14:58:38 [main] INFO  c.g.n.e.c.p.CassandraStarterTests - Extract /root/.embedded-cassandra/cassandra/3.11.2/apache-cassandra-3.11.2-bin.tar.gz : extract apache-cassandra-3.11.2/bin/stop-server.bat
2018-07-19 14:58:38 [main] INFO  c.g.n.e.c.p.CassandraStarterTests - Extract /root/.embedded-cassandra/cassandra/3.11.2/apache-cassandra-3.11.2-bin.tar.gz : extract apache-cassandra-3.11.2/bin/stop-server.ps1
2018-07-19 14:58:38 [main] INFO  c.g.n.e.c.p.CassandraStarterTests - Extract /root/.embedded-cassandra/cassandra/3.11.2/apache-cassandra-3.11.2-bin.tar.gz : finished
2018-07-19 14:58:38 [main] INFO  c.g.n.e.c.process.CassandraProcess - Starting Cassandra Process using command [/tmp/temp--cbe82a4e-535c-4d8a-acad-4ff187704dcf/apache-cassandra-3.11.2/bin/cassandra, -f, -Dcassandra.jmx.local.port=33633]
2018-07-19 14:58:39 [Thread-22] INFO  c.g.n.e.c.p.CassandraStarterTests - [P:1105] Running Cassandra as root user or group is not recommended - please start Cassandra using a different system user.
2018-07-19 14:58:39 [Thread-22] INFO  c.g.n.e.c.p.CassandraStarterTests - [P:1105] If you really want to force running Cassandra as root, use -R command line option.
2018-07-19 14:58:39 [main] INFO  c.g.n.e.c.process.CassandraProcess - Cassandra process '1105' has been stopped.
]]></system-out>
    <rerunError message="Could not start a process &apos;1658&apos;.&#10;Failure:&lt;EOF&gt;&#10;Output:&#10;--- START --- &#10;[P:1658] Running Cassandra as root user or group is not recommended - please start Cassandra using a different system user.&#10;[P:1658] If you really want to force running Cassandra as root, use -R command line option.&#10;&#10;--- END --- " type="java.io.IOException"><![CDATA[java.io.IOException: 
Could not start a process '1658'.
Failure:<EOF>
Output:
--- START --- 
[P:1658] Running Cassandra as root user or group is not recommended - please start Cassandra using a different system user.
[P:1658] If you really want to force running Cassandra as root, use -R command line option.

--- END --- 
	at com.github.nosan.embedded.cassandra.process.CassandraProcess.onAfterProcessStart(CassandraProcess.java:114)
	at de.flapdoodle.embed.process.runtime.AbstractProcess.<init>(AbstractProcess.java:116)
	at com.github.nosan.embedded.cassandra.process.CassandraProcess.<init>(CassandraProcess.java:67)
	at com.github.nosan.embedded.cassandra.process.CassandraExecutable.start(CassandraExecutable.java:49)
	at com.github.nosan.embedded.cassandra.process.CassandraExecutable.start(CassandraExecutable.java:37)
	at de.flapdoodle.embed.process.runtime.Executable.start(Executable.java:108)
	at com.github.nosan.embedded.cassandra.process.CassandraStarterTests.start(CassandraStarterTests.java:64)
	at com.github.nosan.embedded.cassandra.process.CassandraStarterTests.shouldBePossibleToStartMultiplyInstances(CassandraStarterTests.java:95)
	at sun.reflect.NativeMethodAccessorImpl.invoke0(Native Method)
	at sun.reflect.NativeMethodAccessorImpl.invoke(NativeMethodAccessorImpl.java:62)
	at sun.reflect.DelegatingMethodAccessorImpl.invoke(DelegatingMethodAccessorImpl.java:43)
	at java.lang.reflect.Method.invoke(Method.java:498)
	at org.junit.runners.model.FrameworkMethod$1.runReflectiveCall(FrameworkMethod.java:50)
	at org.junit.internal.runners.model.ReflectiveCallable.run(ReflectiveCallable.java:12)
	at org.junit.runners.model.FrameworkMethod.invokeExplosively(FrameworkMethod.java:47)
	at org.junit.internal.runners.statements.InvokeMethod.evaluate(InvokeMethod.java:17)
	at org.junit.rules.ExpectedException$ExpectedExceptionStatement.evaluate(ExpectedException.java:239)
	at org.junit.rules.RunRules.evaluate(RunRules.java:20)
	at org.junit.runners.ParentRunner.runLeaf(ParentRunner.java:325)
	at org.junit.runners.BlockJUnit4ClassRunner.runChild(BlockJUnit4ClassRunner.java:78)
	at org.junit.runners.BlockJUnit4ClassRunner.runChild(BlockJUnit4ClassRunner.java:57)
	at org.junit.runners.ParentRunner$3.run(ParentRunner.java:290)
	at org.junit.runners.ParentRunner$1.schedule(ParentRunner.java:71)
	at org.junit.runners.ParentRunner.runChildren(ParentRunner.java:288)
	at org.junit.runners.ParentRunner.access$000(ParentRunner.java:58)
	at org.junit.runners.ParentRunner$2.evaluate(ParentRunner.java:268)
	at org.junit.runners.ParentRunner.run(ParentRunner.java:363)
	at org.apache.maven.surefire.junit4.JUnit4Provider.executeFailedMethod(JUnit4Provider.java:379)
	at org.apache.maven.surefire.junit4.JUnit4Provider.executeWithRerun(JUnit4Provider.java:290)
	at org.apache.maven.surefire.junit4.JUnit4Provider.executeTestSet(JUnit4Provider.java:236)
	at org.apache.maven.surefire.junit4.JUnit4Provider.invoke(JUnit4Provider.java:159)
	at org.apache.maven.surefire.booter.ForkedBooter.invokeProviderInSameClassLoader(ForkedBooter.java:386)
	at org.apache.maven.surefire.booter.ForkedBooter.runSuitesInProcess(ForkedBooter.java:323)
	at org.apache.maven.surefire.booter.ForkedBooter.main(ForkedBooter.java:143)
]]>
      <system-out><![CDATA[2018-07-19 14:59:09 [main] INFO  c.g.n.e.c.p.CassandraStarterTests - Extract /root/.embedded-cassandra/cassandra/3.11.2/apache-cassandra-3.11.2-bin.tar.gz : starting...
2018-07-19 14:59:09 [main] INFO  c.g.n.e.c.p.CassandraStarterTests - Extract /root/.embedded-cassandra/cassandra/3.11.2/apache-cassandra-3.11.2-bin.tar.gz : extract apache-cassandra-3.11.2/conf/cassandra-env.ps1
2018-07-19 14:59:09 [main] INFO  c.g.n.e.c.p.CassandraStarterTests - Extract /root/.embedded-cassandra/cassandra/3.11.2/apache-cassandra-3.11.2-bin.tar.gz : extract apache-cassandra-3.11.2/conf/cassandra-env.sh
2018-07-19 14:59:09 [main] INFO  c.g.n.e.c.p.CassandraStarterTests - Extract /root/.embedded-cassandra/cassandra/3.11.2/apache-cassandra-3.11.2-bin.tar.gz : extract apache-cassandra-3.11.2/conf/cassandra-jaas.config
2018-07-19 14:59:09 [main] INFO  c.g.n.e.c.p.CassandraStarterTests - Extract /root/.embedded-cassandra/cassandra/3.11.2/apache-cassandra-3.11.2-bin.tar.gz : extract apache-cassandra-3.11.2/conf/cassandra-rackdc.properties
2018-07-19 14:59:09 [main] INFO  c.g.n.e.c.p.CassandraStarterTests - Extract /root/.embedded-cassandra/cassandra/3.11.2/apache-cassandra-3.11.2-bin.tar.gz : extract apache-cassandra-3.11.2/conf/cassandra-topology.properties
2018-07-19 14:59:09 [main] INFO  c.g.n.e.c.p.CassandraStarterTests - Extract /root/.embedded-cassandra/cassandra/3.11.2/apache-cassandra-3.11.2-bin.tar.gz : extract apache-cassandra-3.11.2/conf/cassandra.yaml
2018-07-19 14:59:09 [main] INFO  c.g.n.e.c.p.CassandraStarterTests - Extract /root/.embedded-cassandra/cassandra/3.11.2/apache-cassandra-3.11.2-bin.tar.gz : extract apache-cassandra-3.11.2/conf/commitlog_archiving.properties
2018-07-19 14:59:09 [main] INFO  c.g.n.e.c.p.CassandraStarterTests - Extract /root/.embedded-cassandra/cassandra/3.11.2/apache-cassandra-3.11.2-bin.tar.gz : extract apache-cassandra-3.11.2/conf/cqlshrc.sample
2018-07-19 14:59:09 [main] INFO  c.g.n.e.c.p.CassandraStarterTests - Extract /root/.embedded-cassandra/cassandra/3.11.2/apache-cassandra-3.11.2-bin.tar.gz : extract apache-cassandra-3.11.2/conf/hotspot_compiler
2018-07-19 14:59:09 [main] INFO  c.g.n.e.c.p.CassandraStarterTests - Extract /root/.embedded-cassandra/cassandra/3.11.2/apache-cassandra-3.11.2-bin.tar.gz : extract apache-cassandra-3.11.2/conf/jvm.options
2018-07-19 14:59:09 [main] INFO  c.g.n.e.c.p.CassandraStarterTests - Extract /root/.embedded-cassandra/cassandra/3.11.2/apache-cassandra-3.11.2-bin.tar.gz : extract apache-cassandra-3.11.2/conf/logback-tools.xml
2018-07-19 14:59:09 [main] INFO  c.g.n.e.c.p.CassandraStarterTests - Extract /root/.embedded-cassandra/cassandra/3.11.2/apache-cassandra-3.11.2-bin.tar.gz : extract apache-cassandra-3.11.2/conf/logback.xml
2018-07-19 14:59:09 [main] INFO  c.g.n.e.c.p.CassandraStarterTests - Extract /root/.embedded-cassandra/cassandra/3.11.2/apache-cassandra-3.11.2-bin.tar.gz : extract apache-cassandra-3.11.2/conf/metrics-reporter-config-sample.yaml
2018-07-19 14:59:09 [main] INFO  c.g.n.e.c.p.CassandraStarterTests - Extract /root/.embedded-cassandra/cassandra/3.11.2/apache-cassandra-3.11.2-bin.tar.gz : extract apache-cassandra-3.11.2/conf/triggers/README.txt
2018-07-19 14:59:09 [main] INFO  c.g.n.e.c.p.CassandraStarterTests - Extract /root/.embedded-cassandra/cassandra/3.11.2/apache-cassandra-3.11.2-bin.tar.gz : extract apache-cassandra-3.11.2/interface/cassandra.thrift
2018-07-19 14:59:13 [main] INFO  c.g.n.e.c.p.CassandraStarterTests - Extract /root/.embedded-cassandra/cassandra/3.11.2/apache-cassandra-3.11.2-bin.tar.gz : extract apache-cassandra-3.11.2/lib/HdrHistogram-2.1.9.jar
2018-07-19 14:59:13 [main] INFO  c.g.n.e.c.p.CassandraStarterTests - Extract /root/.embedded-cassandra/cassandra/3.11.2/apache-cassandra-3.11.2-bin.tar.gz : extract apache-cassandra-3.11.2/lib/ST4-4.0.8.jar
2018-07-19 14:59:13 [main] INFO  c.g.n.e.c.p.CassandraStarterTests - Extract /root/.embedded-cassandra/cassandra/3.11.2/apache-cassandra-3.11.2-bin.tar.gz : extract apache-cassandra-3.11.2/lib/airline-0.6.jar
2018-07-19 14:59:13 [main] INFO  c.g.n.e.c.p.CassandraStarterTests - Extract /root/.embedded-cassandra/cassandra/3.11.2/apache-cassandra-3.11.2-bin.tar.gz : extract apache-cassandra-3.11.2/lib/antlr-runtime-3.5.2.jar
2018-07-19 14:59:13 [main] INFO  c.g.n.e.c.p.CassandraStarterTests - Extract /root/.embedded-cassandra/cassandra/3.11.2/apache-cassandra-3.11.2-bin.tar.gz : extract apache-cassandra-3.11.2/lib/apache-cassandra-3.11.2.jar
2018-07-19 14:59:13 [main] INFO  c.g.n.e.c.p.CassandraStarterTests - Extract /root/.embedded-cassandra/cassandra/3.11.2/apache-cassandra-3.11.2-bin.tar.gz : extract apache-cassandra-3.11.2/lib/apache-cassandra-thrift-3.11.2.jar
2018-07-19 14:59:13 [main] INFO  c.g.n.e.c.p.CassandraStarterTests - Extract /root/.embedded-cassandra/cassandra/3.11.2/apache-cassandra-3.11.2-bin.tar.gz : extract apache-cassandra-3.11.2/lib/asm-5.0.4.jar
2018-07-19 14:59:13 [main] INFO  c.g.n.e.c.p.CassandraStarterTests - Extract /root/.embedded-cassandra/cassandra/3.11.2/apache-cassandra-3.11.2-bin.tar.gz : extract apache-cassandra-3.11.2/lib/caffeine-2.2.6.jar
2018-07-19 14:59:13 [main] INFO  c.g.n.e.c.p.CassandraStarterTests - Extract /root/.embedded-cassandra/cassandra/3.11.2/apache-cassandra-3.11.2-bin.tar.gz : extract apache-cassandra-3.11.2/lib/cassandra-driver-core-3.0.1-shaded.jar
2018-07-19 14:59:13 [main] INFO  c.g.n.e.c.p.CassandraStarterTests - Extract /root/.embedded-cassandra/cassandra/3.11.2/apache-cassandra-3.11.2-bin.tar.gz : extract apache-cassandra-3.11.2/lib/cassandra-driver-internal-only-3.10.zip
2018-07-19 14:59:13 [main] INFO  c.g.n.e.c.p.CassandraStarterTests - Extract /root/.embedded-cassandra/cassandra/3.11.2/apache-cassandra-3.11.2-bin.tar.gz : extract apache-cassandra-3.11.2/lib/cassandra-driver-internal-only-3.11.0-bb96859b.zip
2018-07-19 14:59:13 [main] INFO  c.g.n.e.c.p.CassandraStarterTests - Extract /root/.embedded-cassandra/cassandra/3.11.2/apache-cassandra-3.11.2-bin.tar.gz : extract apache-cassandra-3.11.2/lib/commons-cli-1.1.jar
2018-07-19 14:59:13 [main] INFO  c.g.n.e.c.p.CassandraStarterTests - Extract /root/.embedded-cassandra/cassandra/3.11.2/apache-cassandra-3.11.2-bin.tar.gz : extract apache-cassandra-3.11.2/lib/commons-codec-1.9.jar
2018-07-19 14:59:13 [main] INFO  c.g.n.e.c.p.CassandraStarterTests - Extract /root/.embedded-cassandra/cassandra/3.11.2/apache-cassandra-3.11.2-bin.tar.gz : extract apache-cassandra-3.11.2/lib/commons-lang3-3.1.jar
2018-07-19 14:59:13 [main] INFO  c.g.n.e.c.p.CassandraStarterTests - Extract /root/.embedded-cassandra/cassandra/3.11.2/apache-cassandra-3.11.2-bin.tar.gz : extract apache-cassandra-3.11.2/lib/commons-math3-3.2.jar
2018-07-19 14:59:13 [main] INFO  c.g.n.e.c.p.CassandraStarterTests - Extract /root/.embedded-cassandra/cassandra/3.11.2/apache-cassandra-3.11.2-bin.tar.gz : extract apache-cassandra-3.11.2/lib/compress-lzf-0.8.4.jar
2018-07-19 14:59:13 [main] INFO  c.g.n.e.c.p.CassandraStarterTests - Extract /root/.embedded-cassandra/cassandra/3.11.2/apache-cassandra-3.11.2-bin.tar.gz : extract apache-cassandra-3.11.2/lib/concurrent-trees-2.4.0.jar
2018-07-19 14:59:13 [main] INFO  c.g.n.e.c.p.CassandraStarterTests - Extract /root/.embedded-cassandra/cassandra/3.11.2/apache-cassandra-3.11.2-bin.tar.gz : extract apache-cassandra-3.11.2/lib/concurrentlinkedhashmap-lru-1.4.jar
2018-07-19 14:59:13 [main] INFO  c.g.n.e.c.p.CassandraStarterTests - Extract /root/.embedded-cassandra/cassandra/3.11.2/apache-cassandra-3.11.2-bin.tar.gz : extract apache-cassandra-3.11.2/lib/disruptor-3.0.1.jar
2018-07-19 14:59:13 [main] INFO  c.g.n.e.c.p.CassandraStarterTests - Extract /root/.embedded-cassandra/cassandra/3.11.2/apache-cassandra-3.11.2-bin.tar.gz : extract apache-cassandra-3.11.2/lib/ecj-4.4.2.jar
2018-07-19 14:59:13 [main] INFO  c.g.n.e.c.p.CassandraStarterTests - Extract /root/.embedded-cassandra/cassandra/3.11.2/apache-cassandra-3.11.2-bin.tar.gz : extract apache-cassandra-3.11.2/lib/futures-2.1.6-py2.py3-none-any.zip
2018-07-19 14:59:13 [main] INFO  c.g.n.e.c.p.CassandraStarterTests - Extract /root/.embedded-cassandra/cassandra/3.11.2/apache-cassandra-3.11.2-bin.tar.gz : extract apache-cassandra-3.11.2/lib/guava-18.0.jar
2018-07-19 14:59:13 [main] INFO  c.g.n.e.c.p.CassandraStarterTests - Extract /root/.embedded-cassandra/cassandra/3.11.2/apache-cassandra-3.11.2-bin.tar.gz : extract apache-cassandra-3.11.2/lib/high-scale-lib-1.0.6.jar
2018-07-19 14:59:13 [main] INFO  c.g.n.e.c.p.CassandraStarterTests - Extract /root/.embedded-cassandra/cassandra/3.11.2/apache-cassandra-3.11.2-bin.tar.gz : extract apache-cassandra-3.11.2/lib/hppc-0.5.4.jar
2018-07-19 14:59:13 [main] INFO  c.g.n.e.c.p.CassandraStarterTests - Extract /root/.embedded-cassandra/cassandra/3.11.2/apache-cassandra-3.11.2-bin.tar.gz : extract apache-cassandra-3.11.2/lib/jackson-core-asl-1.9.13.jar
2018-07-19 14:59:13 [main] INFO  c.g.n.e.c.p.CassandraStarterTests - Extract /root/.embedded-cassandra/cassandra/3.11.2/apache-cassandra-3.11.2-bin.tar.gz : extract apache-cassandra-3.11.2/lib/jackson-mapper-asl-1.9.13.jar
2018-07-19 14:59:13 [main] INFO  c.g.n.e.c.p.CassandraStarterTests - Extract /root/.embedded-cassandra/cassandra/3.11.2/apache-cassandra-3.11.2-bin.tar.gz : extract apache-cassandra-3.11.2/lib/jamm-0.3.0.jar
2018-07-19 14:59:13 [main] INFO  c.g.n.e.c.p.CassandraStarterTests - Extract /root/.embedded-cassandra/cassandra/3.11.2/apache-cassandra-3.11.2-bin.tar.gz : extract apache-cassandra-3.11.2/lib/javax.inject.jar
2018-07-19 14:59:13 [main] INFO  c.g.n.e.c.p.CassandraStarterTests - Extract /root/.embedded-cassandra/cassandra/3.11.2/apache-cassandra-3.11.2-bin.tar.gz : extract apache-cassandra-3.11.2/lib/jbcrypt-0.3m.jar
2018-07-19 14:59:13 [main] INFO  c.g.n.e.c.p.CassandraStarterTests - Extract /root/.embedded-cassandra/cassandra/3.11.2/apache-cassandra-3.11.2-bin.tar.gz : extract apache-cassandra-3.11.2/lib/jcl-over-slf4j-1.7.7.jar
2018-07-19 14:59:13 [main] INFO  c.g.n.e.c.p.CassandraStarterTests - Extract /root/.embedded-cassandra/cassandra/3.11.2/apache-cassandra-3.11.2-bin.tar.gz : extract apache-cassandra-3.11.2/lib/jctools-core-1.2.1.jar
2018-07-19 14:59:13 [main] INFO  c.g.n.e.c.p.CassandraStarterTests - Extract /root/.embedded-cassandra/cassandra/3.11.2/apache-cassandra-3.11.2-bin.tar.gz : extract apache-cassandra-3.11.2/lib/jflex-1.6.0.jar
2018-07-19 14:59:13 [main] INFO  c.g.n.e.c.p.CassandraStarterTests - Extract /root/.embedded-cassandra/cassandra/3.11.2/apache-cassandra-3.11.2-bin.tar.gz : extract apache-cassandra-3.11.2/lib/jna-4.2.2.jar
2018-07-19 14:59:13 [main] INFO  c.g.n.e.c.p.CassandraStarterTests - Extract /root/.embedded-cassandra/cassandra/3.11.2/apache-cassandra-3.11.2-bin.tar.gz : extract apache-cassandra-3.11.2/lib/joda-time-2.4.jar
2018-07-19 14:59:13 [main] INFO  c.g.n.e.c.p.CassandraStarterTests - Extract /root/.embedded-cassandra/cassandra/3.11.2/apache-cassandra-3.11.2-bin.tar.gz : extract apache-cassandra-3.11.2/lib/json-simple-1.1.jar
2018-07-19 14:59:13 [main] INFO  c.g.n.e.c.p.CassandraStarterTests - Extract /root/.embedded-cassandra/cassandra/3.11.2/apache-cassandra-3.11.2-bin.tar.gz : extract apache-cassandra-3.11.2/lib/jstackjunit-0.0.1.jar
2018-07-19 14:59:13 [main] INFO  c.g.n.e.c.p.CassandraStarterTests - Extract /root/.embedded-cassandra/cassandra/3.11.2/apache-cassandra-3.11.2-bin.tar.gz : extract apache-cassandra-3.11.2/lib/libthrift-0.9.2.jar
2018-07-19 14:59:13 [main] INFO  c.g.n.e.c.p.CassandraStarterTests - Extract /root/.embedded-cassandra/cassandra/3.11.2/apache-cassandra-3.11.2-bin.tar.gz : extract apache-cassandra-3.11.2/lib/log4j-over-slf4j-1.7.7.jar
2018-07-19 14:59:14 [main] INFO  c.g.n.e.c.p.CassandraStarterTests - Extract /root/.embedded-cassandra/cassandra/3.11.2/apache-cassandra-3.11.2-bin.tar.gz : extract apache-cassandra-3.11.2/lib/logback-classic-1.1.3.jar
2018-07-19 14:59:14 [main] INFO  c.g.n.e.c.p.CassandraStarterTests - Extract /root/.embedded-cassandra/cassandra/3.11.2/apache-cassandra-3.11.2-bin.tar.gz : extract apache-cassandra-3.11.2/lib/logback-core-1.1.3.jar
2018-07-19 14:59:14 [main] INFO  c.g.n.e.c.p.CassandraStarterTests - Extract /root/.embedded-cassandra/cassandra/3.11.2/apache-cassandra-3.11.2-bin.tar.gz : extract apache-cassandra-3.11.2/lib/lz4-1.3.0.jar
2018-07-19 14:59:14 [main] INFO  c.g.n.e.c.p.CassandraStarterTests - Extract /root/.embedded-cassandra/cassandra/3.11.2/apache-cassandra-3.11.2-bin.tar.gz : extract apache-cassandra-3.11.2/lib/metrics-core-3.1.0.jar
2018-07-19 14:59:14 [main] INFO  c.g.n.e.c.p.CassandraStarterTests - Extract /root/.embedded-cassandra/cassandra/3.11.2/apache-cassandra-3.11.2-bin.tar.gz : extract apache-cassandra-3.11.2/lib/metrics-jvm-3.1.0.jar
2018-07-19 14:59:14 [main] INFO  c.g.n.e.c.p.CassandraStarterTests - Extract /root/.embedded-cassandra/cassandra/3.11.2/apache-cassandra-3.11.2-bin.tar.gz : extract apache-cassandra-3.11.2/lib/metrics-logback-3.1.0.jar
2018-07-19 14:59:14 [main] INFO  c.g.n.e.c.p.CassandraStarterTests - Extract /root/.embedded-cassandra/cassandra/3.11.2/apache-cassandra-3.11.2-bin.tar.gz : extract apache-cassandra-3.11.2/lib/netty-all-4.0.44.Final.jar
2018-07-19 14:59:14 [main] INFO  c.g.n.e.c.p.CassandraStarterTests - Extract /root/.embedded-cassandra/cassandra/3.11.2/apache-cassandra-3.11.2-bin.tar.gz : extract apache-cassandra-3.11.2/lib/ohc-core-0.4.4.jar
2018-07-19 14:59:14 [main] INFO  c.g.n.e.c.p.CassandraStarterTests - Extract /root/.embedded-cassandra/cassandra/3.11.2/apache-cassandra-3.11.2-bin.tar.gz : extract apache-cassandra-3.11.2/lib/ohc-core-j8-0.4.4.jar
2018-07-19 14:59:14 [main] INFO  c.g.n.e.c.p.CassandraStarterTests - Extract /root/.embedded-cassandra/cassandra/3.11.2/apache-cassandra-3.11.2-bin.tar.gz : extract apache-cassandra-3.11.2/lib/reporter-config-base-3.0.3.jar
2018-07-19 14:59:14 [main] INFO  c.g.n.e.c.p.CassandraStarterTests - Extract /root/.embedded-cassandra/cassandra/3.11.2/apache-cassandra-3.11.2-bin.tar.gz : extract apache-cassandra-3.11.2/lib/reporter-config3-3.0.3.jar
2018-07-19 14:59:14 [main] INFO  c.g.n.e.c.p.CassandraStarterTests - Extract /root/.embedded-cassandra/cassandra/3.11.2/apache-cassandra-3.11.2-bin.tar.gz : extract apache-cassandra-3.11.2/lib/sigar-1.6.4.jar
2018-07-19 14:59:14 [main] INFO  c.g.n.e.c.p.CassandraStarterTests - Extract /root/.embedded-cassandra/cassandra/3.11.2/apache-cassandra-3.11.2-bin.tar.gz : extract apache-cassandra-3.11.2/lib/sigar-bin/libsigar-amd64-freebsd-6.so
2018-07-19 14:59:14 [main] INFO  c.g.n.e.c.p.CassandraStarterTests - Extract /root/.embedded-cassandra/cassandra/3.11.2/apache-cassandra-3.11.2-bin.tar.gz : extract apache-cassandra-3.11.2/lib/sigar-bin/libsigar-amd64-linux.so
2018-07-19 14:59:14 [main] INFO  c.g.n.e.c.p.CassandraStarterTests - Extract /root/.embedded-cassandra/cassandra/3.11.2/apache-cassandra-3.11.2-bin.tar.gz : extract apache-cassandra-3.11.2/lib/sigar-bin/libsigar-amd64-solaris.so
2018-07-19 14:59:14 [main] INFO  c.g.n.e.c.p.CassandraStarterTests - Extract /root/.embedded-cassandra/cassandra/3.11.2/apache-cassandra-3.11.2-bin.tar.gz : extract apache-cassandra-3.11.2/lib/sigar-bin/libsigar-ia64-hpux-11.sl
2018-07-19 14:59:14 [main] INFO  c.g.n.e.c.p.CassandraStarterTests - Extract /root/.embedded-cassandra/cassandra/3.11.2/apache-cassandra-3.11.2-bin.tar.gz : extract apache-cassandra-3.11.2/lib/sigar-bin/libsigar-ia64-linux.so
2018-07-19 14:59:14 [main] INFO  c.g.n.e.c.p.CassandraStarterTests - Extract /root/.embedded-cassandra/cassandra/3.11.2/apache-cassandra-3.11.2-bin.tar.gz : extract apache-cassandra-3.11.2/lib/sigar-bin/libsigar-pa-hpux-11.sl
2018-07-19 14:59:14 [main] INFO  c.g.n.e.c.p.CassandraStarterTests - Extract /root/.embedded-cassandra/cassandra/3.11.2/apache-cassandra-3.11.2-bin.tar.gz : extract apache-cassandra-3.11.2/lib/sigar-bin/libsigar-ppc-aix-5.so
2018-07-19 14:59:14 [main] INFO  c.g.n.e.c.p.CassandraStarterTests - Extract /root/.embedded-cassandra/cassandra/3.11.2/apache-cassandra-3.11.2-bin.tar.gz : extract apache-cassandra-3.11.2/lib/sigar-bin/libsigar-ppc-linux.so
2018-07-19 14:59:14 [main] INFO  c.g.n.e.c.p.CassandraStarterTests - Extract /root/.embedded-cassandra/cassandra/3.11.2/apache-cassandra-3.11.2-bin.tar.gz : extract apache-cassandra-3.11.2/lib/sigar-bin/libsigar-ppc64-aix-5.so
2018-07-19 14:59:14 [main] INFO  c.g.n.e.c.p.CassandraStarterTests - Extract /root/.embedded-cassandra/cassandra/3.11.2/apache-cassandra-3.11.2-bin.tar.gz : extract apache-cassandra-3.11.2/lib/sigar-bin/libsigar-ppc64-linux.so
2018-07-19 14:59:14 [main] INFO  c.g.n.e.c.p.CassandraStarterTests - Extract /root/.embedded-cassandra/cassandra/3.11.2/apache-cassandra-3.11.2-bin.tar.gz : extract apache-cassandra-3.11.2/lib/sigar-bin/libsigar-s390x-linux.so
2018-07-19 14:59:14 [main] INFO  c.g.n.e.c.p.CassandraStarterTests - Extract /root/.embedded-cassandra/cassandra/3.11.2/apache-cassandra-3.11.2-bin.tar.gz : extract apache-cassandra-3.11.2/lib/sigar-bin/libsigar-sparc-solaris.so
2018-07-19 14:59:14 [main] INFO  c.g.n.e.c.p.CassandraStarterTests - Extract /root/.embedded-cassandra/cassandra/3.11.2/apache-cassandra-3.11.2-bin.tar.gz : extract apache-cassandra-3.11.2/lib/sigar-bin/libsigar-sparc64-solaris.so
2018-07-19 14:59:14 [main] INFO  c.g.n.e.c.p.CassandraStarterTests - Extract /root/.embedded-cassandra/cassandra/3.11.2/apache-cassandra-3.11.2-bin.tar.gz : extract apache-cassandra-3.11.2/lib/sigar-bin/libsigar-universal-macosx.dylib
2018-07-19 14:59:14 [main] INFO  c.g.n.e.c.p.CassandraStarterTests - Extract /root/.embedded-cassandra/cassandra/3.11.2/apache-cassandra-3.11.2-bin.tar.gz : extract apache-cassandra-3.11.2/lib/sigar-bin/libsigar-universal64-macosx.dylib
2018-07-19 14:59:14 [main] INFO  c.g.n.e.c.p.CassandraStarterTests - Extract /root/.embedded-cassandra/cassandra/3.11.2/apache-cassandra-3.11.2-bin.tar.gz : extract apache-cassandra-3.11.2/lib/sigar-bin/libsigar-x86-freebsd-5.so
2018-07-19 14:59:14 [main] INFO  c.g.n.e.c.p.CassandraStarterTests - Extract /root/.embedded-cassandra/cassandra/3.11.2/apache-cassandra-3.11.2-bin.tar.gz : extract apache-cassandra-3.11.2/lib/sigar-bin/libsigar-x86-freebsd-6.so
2018-07-19 14:59:14 [main] INFO  c.g.n.e.c.p.CassandraStarterTests - Extract /root/.embedded-cassandra/cassandra/3.11.2/apache-cassandra-3.11.2-bin.tar.gz : extract apache-cassandra-3.11.2/lib/sigar-bin/libsigar-x86-linux.so
2018-07-19 14:59:14 [main] INFO  c.g.n.e.c.p.CassandraStarterTests - Extract /root/.embedded-cassandra/cassandra/3.11.2/apache-cassandra-3.11.2-bin.tar.gz : extract apache-cassandra-3.11.2/lib/sigar-bin/libsigar-x86-solaris.so
2018-07-19 14:59:14 [main] INFO  c.g.n.e.c.p.CassandraStarterTests - Extract /root/.embedded-cassandra/cassandra/3.11.2/apache-cassandra-3.11.2-bin.tar.gz : extract apache-cassandra-3.11.2/lib/sigar-bin/sigar-amd64-winnt.dll
2018-07-19 14:59:14 [main] INFO  c.g.n.e.c.p.CassandraStarterTests - Extract /root/.embedded-cassandra/cassandra/3.11.2/apache-cassandra-3.11.2-bin.tar.gz : extract apache-cassandra-3.11.2/lib/sigar-bin/sigar-x86-winnt.dll
2018-07-19 14:59:14 [main] INFO  c.g.n.e.c.p.CassandraStarterTests - Extract /root/.embedded-cassandra/cassandra/3.11.2/apache-cassandra-3.11.2-bin.tar.gz : extract apache-cassandra-3.11.2/lib/sigar-bin/sigar-x86-winnt.lib
2018-07-19 14:59:14 [main] INFO  c.g.n.e.c.p.CassandraStarterTests - Extract /root/.embedded-cassandra/cassandra/3.11.2/apache-cassandra-3.11.2-bin.tar.gz : extract apache-cassandra-3.11.2/lib/six-1.7.3-py2.py3-none-any.zip
2018-07-19 14:59:14 [main] INFO  c.g.n.e.c.p.CassandraStarterTests - Extract /root/.embedded-cassandra/cassandra/3.11.2/apache-cassandra-3.11.2-bin.tar.gz : extract apache-cassandra-3.11.2/lib/slf4j-api-1.7.7.jar
2018-07-19 14:59:14 [main] INFO  c.g.n.e.c.p.CassandraStarterTests - Extract /root/.embedded-cassandra/cassandra/3.11.2/apache-cassandra-3.11.2-bin.tar.gz : extract apache-cassandra-3.11.2/lib/snakeyaml-1.11.jar
2018-07-19 14:59:14 [main] INFO  c.g.n.e.c.p.CassandraStarterTests - Extract /root/.embedded-cassandra/cassandra/3.11.2/apache-cassandra-3.11.2-bin.tar.gz : extract apache-cassandra-3.11.2/lib/snappy-java-1.1.1.7.jar
2018-07-19 14:59:14 [main] INFO  c.g.n.e.c.p.CassandraStarterTests - Extract /root/.embedded-cassandra/cassandra/3.11.2/apache-cassandra-3.11.2-bin.tar.gz : extract apache-cassandra-3.11.2/lib/snowball-stemmer-1.3.0.581.1.jar
2018-07-19 14:59:14 [main] INFO  c.g.n.e.c.p.CassandraStarterTests - Extract /root/.embedded-cassandra/cassandra/3.11.2/apache-cassandra-3.11.2-bin.tar.gz : extract apache-cassandra-3.11.2/lib/stream-2.5.2.jar
2018-07-19 14:59:14 [main] INFO  c.g.n.e.c.p.CassandraStarterTests - Extract /root/.embedded-cassandra/cassandra/3.11.2/apache-cassandra-3.11.2-bin.tar.gz : extract apache-cassandra-3.11.2/lib/thrift-server-0.3.7.jar
2018-07-19 14:59:14 [main] INFO  c.g.n.e.c.p.CassandraStarterTests - Extract /root/.embedded-cassandra/cassandra/3.11.2/apache-cassandra-3.11.2-bin.tar.gz : extract apache-cassandra-3.11.2/pylib/cqlshlib/__init__.py
2018-07-19 14:59:14 [main] INFO  c.g.n.e.c.p.CassandraStarterTests - Extract /root/.embedded-cassandra/cassandra/3.11.2/apache-cassandra-3.11.2-bin.tar.gz : extract apache-cassandra-3.11.2/pylib/cqlshlib/copyutil.py
2018-07-19 14:59:14 [main] INFO  c.g.n.e.c.p.CassandraStarterTests - Extract /root/.embedded-cassandra/cassandra/3.11.2/apache-cassandra-3.11.2-bin.tar.gz : extract apache-cassandra-3.11.2/pylib/cqlshlib/cql3handling.py
2018-07-19 14:59:14 [main] INFO  c.g.n.e.c.p.CassandraStarterTests - Extract /root/.embedded-cassandra/cassandra/3.11.2/apache-cassandra-3.11.2-bin.tar.gz : extract apache-cassandra-3.11.2/pylib/cqlshlib/cqlhandling.py
2018-07-19 14:59:14 [main] INFO  c.g.n.e.c.p.CassandraStarterTests - Extract /root/.embedded-cassandra/cassandra/3.11.2/apache-cassandra-3.11.2-bin.tar.gz : extract apache-cassandra-3.11.2/pylib/cqlshlib/cqlshhandling.py
2018-07-19 14:59:14 [main] INFO  c.g.n.e.c.p.CassandraStarterTests - Extract /root/.embedded-cassandra/cassandra/3.11.2/apache-cassandra-3.11.2-bin.tar.gz : extract apache-cassandra-3.11.2/pylib/cqlshlib/displaying.py
2018-07-19 14:59:14 [main] INFO  c.g.n.e.c.p.CassandraStarterTests - Extract /root/.embedded-cassandra/cassandra/3.11.2/apache-cassandra-3.11.2-bin.tar.gz : extract apache-cassandra-3.11.2/pylib/cqlshlib/formatting.py
2018-07-19 14:59:14 [main] INFO  c.g.n.e.c.p.CassandraStarterTests - Extract /root/.embedded-cassandra/cassandra/3.11.2/apache-cassandra-3.11.2-bin.tar.gz : extract apache-cassandra-3.11.2/pylib/cqlshlib/helptopics.py
2018-07-19 14:59:14 [main] INFO  c.g.n.e.c.p.CassandraStarterTests - Extract /root/.embedded-cassandra/cassandra/3.11.2/apache-cassandra-3.11.2-bin.tar.gz : extract apache-cassandra-3.11.2/pylib/cqlshlib/pylexotron.py
2018-07-19 14:59:14 [main] INFO  c.g.n.e.c.p.CassandraStarterTests - Extract /root/.embedded-cassandra/cassandra/3.11.2/apache-cassandra-3.11.2-bin.tar.gz : extract apache-cassandra-3.11.2/pylib/cqlshlib/saferscanner.py
2018-07-19 14:59:14 [main] INFO  c.g.n.e.c.p.CassandraStarterTests - Extract /root/.embedded-cassandra/cassandra/3.11.2/apache-cassandra-3.11.2-bin.tar.gz : extract apache-cassandra-3.11.2/pylib/cqlshlib/sslhandling.py
2018-07-19 14:59:14 [main] INFO  c.g.n.e.c.p.CassandraStarterTests - Extract /root/.embedded-cassandra/cassandra/3.11.2/apache-cassandra-3.11.2-bin.tar.gz : extract apache-cassandra-3.11.2/pylib/cqlshlib/test/__init__.py
2018-07-19 14:59:14 [main] INFO  c.g.n.e.c.p.CassandraStarterTests - Extract /root/.embedded-cassandra/cassandra/3.11.2/apache-cassandra-3.11.2-bin.tar.gz : extract apache-cassandra-3.11.2/pylib/cqlshlib/test/ansi_colors.py
2018-07-19 14:59:14 [main] INFO  c.g.n.e.c.p.CassandraStarterTests - Extract /root/.embedded-cassandra/cassandra/3.11.2/apache-cassandra-3.11.2-bin.tar.gz : extract apache-cassandra-3.11.2/pylib/cqlshlib/test/basecase.py
2018-07-19 14:59:14 [main] INFO  c.g.n.e.c.p.CassandraStarterTests - Extract /root/.embedded-cassandra/cassandra/3.11.2/apache-cassandra-3.11.2-bin.tar.gz : extract apache-cassandra-3.11.2/pylib/cqlshlib/test/cassconnect.py
2018-07-19 14:59:14 [main] INFO  c.g.n.e.c.p.CassandraStarterTests - Extract /root/.embedded-cassandra/cassandra/3.11.2/apache-cassandra-3.11.2-bin.tar.gz : extract apache-cassandra-3.11.2/pylib/cqlshlib/test/run_cqlsh.py
2018-07-19 14:59:14 [main] INFO  c.g.n.e.c.p.CassandraStarterTests - Extract /root/.embedded-cassandra/cassandra/3.11.2/apache-cassandra-3.11.2-bin.tar.gz : extract apache-cassandra-3.11.2/pylib/cqlshlib/test/test_cql_parsing.py
2018-07-19 14:59:14 [main] INFO  c.g.n.e.c.p.CassandraStarterTests - Extract /root/.embedded-cassandra/cassandra/3.11.2/apache-cassandra-3.11.2-bin.tar.gz : extract apache-cassandra-3.11.2/pylib/cqlshlib/test/test_cqlsh_commands.py
2018-07-19 14:59:14 [main] INFO  c.g.n.e.c.p.CassandraStarterTests - Extract /root/.embedded-cassandra/cassandra/3.11.2/apache-cassandra-3.11.2-bin.tar.gz : extract apache-cassandra-3.11.2/pylib/cqlshlib/test/test_cqlsh_completion.py
2018-07-19 14:59:14 [main] INFO  c.g.n.e.c.p.CassandraStarterTests - Extract /root/.embedded-cassandra/cassandra/3.11.2/apache-cassandra-3.11.2-bin.tar.gz : extract apache-cassandra-3.11.2/pylib/cqlshlib/test/test_cqlsh_invocation.py
2018-07-19 14:59:14 [main] INFO  c.g.n.e.c.p.CassandraStarterTests - Extract /root/.embedded-cassandra/cassandra/3.11.2/apache-cassandra-3.11.2-bin.tar.gz : extract apache-cassandra-3.11.2/pylib/cqlshlib/test/test_cqlsh_output.py
2018-07-19 14:59:14 [main] INFO  c.g.n.e.c.p.CassandraStarterTests - Extract /root/.embedded-cassandra/cassandra/3.11.2/apache-cassandra-3.11.2-bin.tar.gz : extract apache-cassandra-3.11.2/pylib/cqlshlib/test/test_cqlsh_parsing.py
2018-07-19 14:59:14 [main] INFO  c.g.n.e.c.p.CassandraStarterTests - Extract /root/.embedded-cassandra/cassandra/3.11.2/apache-cassandra-3.11.2-bin.tar.gz : extract apache-cassandra-3.11.2/pylib/cqlshlib/test/test_keyspace_init.cql
2018-07-19 14:59:14 [main] INFO  c.g.n.e.c.p.CassandraStarterTests - Extract /root/.embedded-cassandra/cassandra/3.11.2/apache-cassandra-3.11.2-bin.tar.gz : extract apache-cassandra-3.11.2/pylib/cqlshlib/test/winpty.py
2018-07-19 14:59:14 [main] INFO  c.g.n.e.c.p.CassandraStarterTests - Extract /root/.embedded-cassandra/cassandra/3.11.2/apache-cassandra-3.11.2-bin.tar.gz : extract apache-cassandra-3.11.2/pylib/cqlshlib/tracing.py
2018-07-19 14:59:14 [main] INFO  c.g.n.e.c.p.CassandraStarterTests - Extract /root/.embedded-cassandra/cassandra/3.11.2/apache-cassandra-3.11.2-bin.tar.gz : extract apache-cassandra-3.11.2/pylib/cqlshlib/util.py
2018-07-19 14:59:14 [main] INFO  c.g.n.e.c.p.CassandraStarterTests - Extract /root/.embedded-cassandra/cassandra/3.11.2/apache-cassandra-3.11.2-bin.tar.gz : extract apache-cassandra-3.11.2/pylib/cqlshlib/wcwidth.py
2018-07-19 14:59:14 [main] INFO  c.g.n.e.c.p.CassandraStarterTests - Extract /root/.embedded-cassandra/cassandra/3.11.2/apache-cassandra-3.11.2-bin.tar.gz : extract apache-cassandra-3.11.2/pylib/setup.py
2018-07-19 14:59:14 [main] INFO  c.g.n.e.c.p.CassandraStarterTests - Extract /root/.embedded-cassandra/cassandra/3.11.2/apache-cassandra-3.11.2-bin.tar.gz : extract apache-cassandra-3.11.2/tools/bin/cassandra-stress
2018-07-19 14:59:14 [main] INFO  c.g.n.e.c.p.CassandraStarterTests - Extract /root/.embedded-cassandra/cassandra/3.11.2/apache-cassandra-3.11.2-bin.tar.gz : extract apache-cassandra-3.11.2/tools/bin/cassandra-stress.bat
2018-07-19 14:59:14 [main] INFO  c.g.n.e.c.p.CassandraStarterTests - Extract /root/.embedded-cassandra/cassandra/3.11.2/apache-cassandra-3.11.2-bin.tar.gz : extract apache-cassandra-3.11.2/tools/bin/cassandra-stressd
2018-07-19 14:59:14 [main] INFO  c.g.n.e.c.p.CassandraStarterTests - Extract /root/.embedded-cassandra/cassandra/3.11.2/apache-cassandra-3.11.2-bin.tar.gz : extract apache-cassandra-3.11.2/tools/bin/cassandra.in.bat
2018-07-19 14:59:14 [main] INFO  c.g.n.e.c.p.CassandraStarterTests - Extract /root/.embedded-cassandra/cassandra/3.11.2/apache-cassandra-3.11.2-bin.tar.gz : extract apache-cassandra-3.11.2/tools/bin/cassandra.in.sh
2018-07-19 14:59:14 [main] INFO  c.g.n.e.c.p.CassandraStarterTests - Extract /root/.embedded-cassandra/cassandra/3.11.2/apache-cassandra-3.11.2-bin.tar.gz : extract apache-cassandra-3.11.2/tools/bin/compaction-stress
2018-07-19 14:59:14 [main] INFO  c.g.n.e.c.p.CassandraStarterTests - Extract /root/.embedded-cassandra/cassandra/3.11.2/apache-cassandra-3.11.2-bin.tar.gz : extract apache-cassandra-3.11.2/tools/bin/sstabledump
2018-07-19 14:59:14 [main] INFO  c.g.n.e.c.p.CassandraStarterTests - Extract /root/.embedded-cassandra/cassandra/3.11.2/apache-cassandra-3.11.2-bin.tar.gz : extract apache-cassandra-3.11.2/tools/bin/sstabledump.bat
2018-07-19 14:59:14 [main] INFO  c.g.n.e.c.p.CassandraStarterTests - Extract /root/.embedded-cassandra/cassandra/3.11.2/apache-cassandra-3.11.2-bin.tar.gz : extract apache-cassandra-3.11.2/tools/bin/sstableexpiredblockers
2018-07-19 14:59:14 [main] INFO  c.g.n.e.c.p.CassandraStarterTests - Extract /root/.embedded-cassandra/cassandra/3.11.2/apache-cassandra-3.11.2-bin.tar.gz : extract apache-cassandra-3.11.2/tools/bin/sstableexpiredblockers.bat
2018-07-19 14:59:14 [main] INFO  c.g.n.e.c.p.CassandraStarterTests - Extract /root/.embedded-cassandra/cassandra/3.11.2/apache-cassandra-3.11.2-bin.tar.gz : extract apache-cassandra-3.11.2/tools/bin/sstablelevelreset
2018-07-19 14:59:14 [main] INFO  c.g.n.e.c.p.CassandraStarterTests - Extract /root/.embedded-cassandra/cassandra/3.11.2/apache-cassandra-3.11.2-bin.tar.gz : extract apache-cassandra-3.11.2/tools/bin/sstablelevelreset.bat
2018-07-19 14:59:14 [main] INFO  c.g.n.e.c.p.CassandraStarterTests - Extract /root/.embedded-cassandra/cassandra/3.11.2/apache-cassandra-3.11.2-bin.tar.gz : extract apache-cassandra-3.11.2/tools/bin/sstablemetadata
2018-07-19 14:59:14 [main] INFO  c.g.n.e.c.p.CassandraStarterTests - Extract /root/.embedded-cassandra/cassandra/3.11.2/apache-cassandra-3.11.2-bin.tar.gz : extract apache-cassandra-3.11.2/tools/bin/sstablemetadata.bat
2018-07-19 14:59:14 [main] INFO  c.g.n.e.c.p.CassandraStarterTests - Extract /root/.embedded-cassandra/cassandra/3.11.2/apache-cassandra-3.11.2-bin.tar.gz : extract apache-cassandra-3.11.2/tools/bin/sstableofflinerelevel
2018-07-19 14:59:14 [main] INFO  c.g.n.e.c.p.CassandraStarterTests - Extract /root/.embedded-cassandra/cassandra/3.11.2/apache-cassandra-3.11.2-bin.tar.gz : extract apache-cassandra-3.11.2/tools/bin/sstableofflinerelevel.bat
2018-07-19 14:59:14 [main] INFO  c.g.n.e.c.p.CassandraStarterTests - Extract /root/.embedded-cassandra/cassandra/3.11.2/apache-cassandra-3.11.2-bin.tar.gz : extract apache-cassandra-3.11.2/tools/bin/sstablerepairedset
2018-07-19 14:59:14 [main] INFO  c.g.n.e.c.p.CassandraStarterTests - Extract /root/.embedded-cassandra/cassandra/3.11.2/apache-cassandra-3.11.2-bin.tar.gz : extract apache-cassandra-3.11.2/tools/bin/sstablerepairedset.bat
2018-07-19 14:59:14 [main] INFO  c.g.n.e.c.p.CassandraStarterTests - Extract /root/.embedded-cassandra/cassandra/3.11.2/apache-cassandra-3.11.2-bin.tar.gz : extract apache-cassandra-3.11.2/tools/bin/sstablesplit
2018-07-19 14:59:14 [main] INFO  c.g.n.e.c.p.CassandraStarterTests - Extract /root/.embedded-cassandra/cassandra/3.11.2/apache-cassandra-3.11.2-bin.tar.gz : extract apache-cassandra-3.11.2/tools/bin/sstablesplit.bat
2018-07-19 14:59:14 [main] INFO  c.g.n.e.c.p.CassandraStarterTests - Extract /root/.embedded-cassandra/cassandra/3.11.2/apache-cassandra-3.11.2-bin.tar.gz : extract apache-cassandra-3.11.2/tools/cqlstress-counter-example.yaml
2018-07-19 14:59:14 [main] INFO  c.g.n.e.c.p.CassandraStarterTests - Extract /root/.embedded-cassandra/cassandra/3.11.2/apache-cassandra-3.11.2-bin.tar.gz : extract apache-cassandra-3.11.2/tools/cqlstress-example.yaml
2018-07-19 14:59:14 [main] INFO  c.g.n.e.c.p.CassandraStarterTests - Extract /root/.embedded-cassandra/cassandra/3.11.2/apache-cassandra-3.11.2-bin.tar.gz : extract apache-cassandra-3.11.2/tools/cqlstress-insanity-example.yaml
2018-07-19 14:59:14 [main] INFO  c.g.n.e.c.p.CassandraStarterTests - Extract /root/.embedded-cassandra/cassandra/3.11.2/apache-cassandra-3.11.2-bin.tar.gz : extract apache-cassandra-3.11.2/tools/lib/stress.jar
2018-07-19 14:59:14 [main] INFO  c.g.n.e.c.p.CassandraStarterTests - Extract /root/.embedded-cassandra/cassandra/3.11.2/apache-cassandra-3.11.2-bin.tar.gz : extract apache-cassandra-3.11.2/bin/cassandra.in.sh
2018-07-19 14:59:14 [main] INFO  c.g.n.e.c.p.CassandraStarterTests - Extract /root/.embedded-cassandra/cassandra/3.11.2/apache-cassandra-3.11.2-bin.tar.gz : extract apache-cassandra-3.11.2/bin/cassandra
2018-07-19 14:59:14 [main] INFO  c.g.n.e.c.p.CassandraStarterTests - Extract /root/.embedded-cassandra/cassandra/3.11.2/apache-cassandra-3.11.2-bin.tar.gz : extract apache-cassandra-3.11.2/bin/cassandra.bat
2018-07-19 14:59:14 [main] INFO  c.g.n.e.c.p.CassandraStarterTests - Extract /root/.embedded-cassandra/cassandra/3.11.2/apache-cassandra-3.11.2-bin.tar.gz : extract apache-cassandra-3.11.2/bin/cassandra.in.bat
2018-07-19 14:59:14 [main] INFO  c.g.n.e.c.p.CassandraStarterTests - Extract /root/.embedded-cassandra/cassandra/3.11.2/apache-cassandra-3.11.2-bin.tar.gz : extract apache-cassandra-3.11.2/bin/cqlsh
2018-07-19 14:59:14 [main] INFO  c.g.n.e.c.p.CassandraStarterTests - Extract /root/.embedded-cassandra/cassandra/3.11.2/apache-cassandra-3.11.2-bin.tar.gz : extract apache-cassandra-3.11.2/bin/cqlsh.bat
2018-07-19 14:59:14 [main] INFO  c.g.n.e.c.p.CassandraStarterTests - Extract /root/.embedded-cassandra/cassandra/3.11.2/apache-cassandra-3.11.2-bin.tar.gz : extract apache-cassandra-3.11.2/bin/cqlsh.py
2018-07-19 14:59:14 [main] INFO  c.g.n.e.c.p.CassandraStarterTests - Extract /root/.embedded-cassandra/cassandra/3.11.2/apache-cassandra-3.11.2-bin.tar.gz : extract apache-cassandra-3.11.2/bin/debug-cql
2018-07-19 14:59:14 [main] INFO  c.g.n.e.c.p.CassandraStarterTests - Extract /root/.embedded-cassandra/cassandra/3.11.2/apache-cassandra-3.11.2-bin.tar.gz : extract apache-cassandra-3.11.2/bin/debug-cql.bat
2018-07-19 14:59:14 [main] INFO  c.g.n.e.c.p.CassandraStarterTests - Extract /root/.embedded-cassandra/cassandra/3.11.2/apache-cassandra-3.11.2-bin.tar.gz : extract apache-cassandra-3.11.2/bin/nodetool
2018-07-19 14:59:14 [main] INFO  c.g.n.e.c.p.CassandraStarterTests - Extract /root/.embedded-cassandra/cassandra/3.11.2/apache-cassandra-3.11.2-bin.tar.gz : extract apache-cassandra-3.11.2/bin/nodetool.bat
2018-07-19 14:59:14 [main] INFO  c.g.n.e.c.p.CassandraStarterTests - Extract /root/.embedded-cassandra/cassandra/3.11.2/apache-cassandra-3.11.2-bin.tar.gz : extract apache-cassandra-3.11.2/bin/source-conf.ps1
2018-07-19 14:59:14 [main] INFO  c.g.n.e.c.p.CassandraStarterTests - Extract /root/.embedded-cassandra/cassandra/3.11.2/apache-cassandra-3.11.2-bin.tar.gz : extract apache-cassandra-3.11.2/bin/sstableloader
2018-07-19 14:59:14 [main] INFO  c.g.n.e.c.p.CassandraStarterTests - Extract /root/.embedded-cassandra/cassandra/3.11.2/apache-cassandra-3.11.2-bin.tar.gz : extract apache-cassandra-3.11.2/bin/sstableloader.bat
2018-07-19 14:59:14 [main] INFO  c.g.n.e.c.p.CassandraStarterTests - Extract /root/.embedded-cassandra/cassandra/3.11.2/apache-cassandra-3.11.2-bin.tar.gz : extract apache-cassandra-3.11.2/bin/sstablescrub
2018-07-19 14:59:14 [main] INFO  c.g.n.e.c.p.CassandraStarterTests - Extract /root/.embedded-cassandra/cassandra/3.11.2/apache-cassandra-3.11.2-bin.tar.gz : extract apache-cassandra-3.11.2/bin/sstablescrub.bat
2018-07-19 14:59:14 [main] INFO  c.g.n.e.c.p.CassandraStarterTests - Extract /root/.embedded-cassandra/cassandra/3.11.2/apache-cassandra-3.11.2-bin.tar.gz : extract apache-cassandra-3.11.2/bin/sstableupgrade
2018-07-19 14:59:14 [main] INFO  c.g.n.e.c.p.CassandraStarterTests - Extract /root/.embedded-cassandra/cassandra/3.11.2/apache-cassandra-3.11.2-bin.tar.gz : extract apache-cassandra-3.11.2/bin/sstableupgrade.bat
2018-07-19 14:59:14 [main] INFO  c.g.n.e.c.p.CassandraStarterTests - Extract /root/.embedded-cassandra/cassandra/3.11.2/apache-cassandra-3.11.2-bin.tar.gz : extract apache-cassandra-3.11.2/bin/sstableutil
2018-07-19 14:59:14 [main] INFO  c.g.n.e.c.p.CassandraStarterTests - Extract /root/.embedded-cassandra/cassandra/3.11.2/apache-cassandra-3.11.2-bin.tar.gz : extract apache-cassandra-3.11.2/bin/sstableutil.bat
2018-07-19 14:59:14 [main] INFO  c.g.n.e.c.p.CassandraStarterTests - Extract /root/.embedded-cassandra/cassandra/3.11.2/apache-cassandra-3.11.2-bin.tar.gz : extract apache-cassandra-3.11.2/bin/sstableverify
2018-07-19 14:59:14 [main] INFO  c.g.n.e.c.p.CassandraStarterTests - Extract /root/.embedded-cassandra/cassandra/3.11.2/apache-cassandra-3.11.2-bin.tar.gz : extract apache-cassandra-3.11.2/bin/sstableverify.bat
2018-07-19 14:59:14 [main] INFO  c.g.n.e.c.p.CassandraStarterTests - Extract /root/.embedded-cassandra/cassandra/3.11.2/apache-cassandra-3.11.2-bin.tar.gz : extract apache-cassandra-3.11.2/bin/stop-server
2018-07-19 14:59:14 [main] INFO  c.g.n.e.c.p.CassandraStarterTests - Extract /root/.embedded-cassandra/cassandra/3.11.2/apache-cassandra-3.11.2-bin.tar.gz : extract apache-cassandra-3.11.2/bin/stop-server.bat
2018-07-19 14:59:14 [main] INFO  c.g.n.e.c.p.CassandraStarterTests - Extract /root/.embedded-cassandra/cassandra/3.11.2/apache-cassandra-3.11.2-bin.tar.gz : extract apache-cassandra-3.11.2/bin/stop-server.ps1
2018-07-19 14:59:14 [main] INFO  c.g.n.e.c.p.CassandraStarterTests - Extract /root/.embedded-cassandra/cassandra/3.11.2/apache-cassandra-3.11.2-bin.tar.gz : finished
2018-07-19 14:59:14 [main] INFO  c.g.n.e.c.process.CassandraProcess - Starting Cassandra Process using command [/tmp/temp--64b9650f-9883-4f2e-9540-2f8a4e25241e/apache-cassandra-3.11.2/bin/cassandra, -f, -Dcassandra.jmx.local.port=46879]
2018-07-19 14:59:14 [Thread-38] INFO  c.g.n.e.c.p.CassandraStarterTests - [P:1658] Running Cassandra as root user or group is not recommended - please start Cassandra using a different system user.
2018-07-19 14:59:14 [Thread-38] INFO  c.g.n.e.c.p.CassandraStarterTests - [P:1658] If you really want to force running Cassandra as root, use -R command line option.
2018-07-19 14:59:14 [main] INFO  c.g.n.e.c.process.CassandraProcess - Cassandra process '1658' has been stopped.
]]></system-out>
    </rerunError>
  </testcase>
  <testcase name="shouldStartCassandraWithNativeTransport" classname="com.github.nosan.embedded.cassandra.process.CassandraStarterTests" time="4.023">
    <error message="Could not start a process &apos;1174&apos;.&#10;Failure:&lt;EOF&gt;&#10;Output:&#10;--- START --- &#10;[P:1174] Running Cassandra as root user or group is not recommended - please start Cassandra using a different system user.&#10;[P:1174] If you really want to force running Cassandra as root, use -R command line option.&#10;&#10;--- END --- " type="java.io.IOException"><![CDATA[java.io.IOException: 
Could not start a process '1174'.
Failure:<EOF>
Output:
--- START --- 
[P:1174] Running Cassandra as root user or group is not recommended - please start Cassandra using a different system user.
[P:1174] If you really want to force running Cassandra as root, use -R command line option.

--- END --- 
	at com.github.nosan.embedded.cassandra.process.CassandraProcess.onAfterProcessStart(CassandraProcess.java:114)
	at de.flapdoodle.embed.process.runtime.AbstractProcess.<init>(AbstractProcess.java:116)
	at com.github.nosan.embedded.cassandra.process.CassandraProcess.<init>(CassandraProcess.java:67)
	at com.github.nosan.embedded.cassandra.process.CassandraExecutable.start(CassandraExecutable.java:49)
	at com.github.nosan.embedded.cassandra.process.CassandraExecutable.start(CassandraExecutable.java:37)
	at de.flapdoodle.embed.process.runtime.Executable.start(Executable.java:108)
	at com.github.nosan.embedded.cassandra.process.CassandraStarterTests.start(CassandraStarterTests.java:64)
	at com.github.nosan.embedded.cassandra.process.CassandraStarterTests.shouldStartCassandraWithNativeTransport(CassandraStarterTests.java:75)
	at sun.reflect.NativeMethodAccessorImpl.invoke0(Native Method)
	at sun.reflect.NativeMethodAccessorImpl.invoke(NativeMethodAccessorImpl.java:62)
	at sun.reflect.DelegatingMethodAccessorImpl.invoke(DelegatingMethodAccessorImpl.java:43)
	at java.lang.reflect.Method.invoke(Method.java:498)
	at org.junit.runners.model.FrameworkMethod$1.runReflectiveCall(FrameworkMethod.java:50)
	at org.junit.internal.runners.model.ReflectiveCallable.run(ReflectiveCallable.java:12)
	at org.junit.runners.model.FrameworkMethod.invokeExplosively(FrameworkMethod.java:47)
	at org.junit.internal.runners.statements.InvokeMethod.evaluate(InvokeMethod.java:17)
	at org.junit.rules.ExpectedException$ExpectedExceptionStatement.evaluate(ExpectedException.java:239)
	at org.junit.rules.RunRules.evaluate(RunRules.java:20)
	at org.junit.runners.ParentRunner.runLeaf(ParentRunner.java:325)
	at org.junit.runners.BlockJUnit4ClassRunner.runChild(BlockJUnit4ClassRunner.java:78)
	at org.junit.runners.BlockJUnit4ClassRunner.runChild(BlockJUnit4ClassRunner.java:57)
	at org.junit.runners.ParentRunner$3.run(ParentRunner.java:290)
	at org.junit.runners.ParentRunner$1.schedule(ParentRunner.java:71)
	at org.junit.runners.ParentRunner.runChildren(ParentRunner.java:288)
	at org.junit.runners.ParentRunner.access$000(ParentRunner.java:58)
	at org.junit.runners.ParentRunner$2.evaluate(ParentRunner.java:268)
	at org.junit.runners.ParentRunner.run(ParentRunner.java:363)
	at org.apache.maven.surefire.junit4.JUnit4Provider.execute(JUnit4Provider.java:365)
	at org.apache.maven.surefire.junit4.JUnit4Provider.executeWithRerun(JUnit4Provider.java:272)
	at org.apache.maven.surefire.junit4.JUnit4Provider.executeTestSet(JUnit4Provider.java:236)
	at org.apache.maven.surefire.junit4.JUnit4Provider.invoke(JUnit4Provider.java:159)
	at org.apache.maven.surefire.booter.ForkedBooter.invokeProviderInSameClassLoader(ForkedBooter.java:386)
	at org.apache.maven.surefire.booter.ForkedBooter.runSuitesInProcess(ForkedBooter.java:323)
	at org.apache.maven.surefire.booter.ForkedBooter.main(ForkedBooter.java:143)
]]></error>
    <system-out><![CDATA[2018-07-19 14:58:39 [main] INFO  c.g.n.e.c.p.CassandraStarterTests - Extract /root/.embedded-cassandra/cassandra/3.11.2/apache-cassandra-3.11.2-bin.tar.gz : starting...
2018-07-19 14:58:39 [main] INFO  c.g.n.e.c.p.CassandraStarterTests - Extract /root/.embedded-cassandra/cassandra/3.11.2/apache-cassandra-3.11.2-bin.tar.gz : extract apache-cassandra-3.11.2/conf/cassandra-env.ps1
2018-07-19 14:58:39 [main] INFO  c.g.n.e.c.p.CassandraStarterTests - Extract /root/.embedded-cassandra/cassandra/3.11.2/apache-cassandra-3.11.2-bin.tar.gz : extract apache-cassandra-3.11.2/conf/cassandra-env.sh
2018-07-19 14:58:39 [main] INFO  c.g.n.e.c.p.CassandraStarterTests - Extract /root/.embedded-cassandra/cassandra/3.11.2/apache-cassandra-3.11.2-bin.tar.gz : extract apache-cassandra-3.11.2/conf/cassandra-jaas.config
2018-07-19 14:58:39 [main] INFO  c.g.n.e.c.p.CassandraStarterTests - Extract /root/.embedded-cassandra/cassandra/3.11.2/apache-cassandra-3.11.2-bin.tar.gz : extract apache-cassandra-3.11.2/conf/cassandra-rackdc.properties
2018-07-19 14:58:39 [main] INFO  c.g.n.e.c.p.CassandraStarterTests - Extract /root/.embedded-cassandra/cassandra/3.11.2/apache-cassandra-3.11.2-bin.tar.gz : extract apache-cassandra-3.11.2/conf/cassandra-topology.properties
2018-07-19 14:58:39 [main] INFO  c.g.n.e.c.p.CassandraStarterTests - Extract /root/.embedded-cassandra/cassandra/3.11.2/apache-cassandra-3.11.2-bin.tar.gz : extract apache-cassandra-3.11.2/conf/cassandra.yaml
2018-07-19 14:58:39 [main] INFO  c.g.n.e.c.p.CassandraStarterTests - Extract /root/.embedded-cassandra/cassandra/3.11.2/apache-cassandra-3.11.2-bin.tar.gz : extract apache-cassandra-3.11.2/conf/commitlog_archiving.properties
2018-07-19 14:58:39 [main] INFO  c.g.n.e.c.p.CassandraStarterTests - Extract /root/.embedded-cassandra/cassandra/3.11.2/apache-cassandra-3.11.2-bin.tar.gz : extract apache-cassandra-3.11.2/conf/cqlshrc.sample
2018-07-19 14:58:39 [main] INFO  c.g.n.e.c.p.CassandraStarterTests - Extract /root/.embedded-cassandra/cassandra/3.11.2/apache-cassandra-3.11.2-bin.tar.gz : extract apache-cassandra-3.11.2/conf/hotspot_compiler
2018-07-19 14:58:39 [main] INFO  c.g.n.e.c.p.CassandraStarterTests - Extract /root/.embedded-cassandra/cassandra/3.11.2/apache-cassandra-3.11.2-bin.tar.gz : extract apache-cassandra-3.11.2/conf/jvm.options
2018-07-19 14:58:39 [main] INFO  c.g.n.e.c.p.CassandraStarterTests - Extract /root/.embedded-cassandra/cassandra/3.11.2/apache-cassandra-3.11.2-bin.tar.gz : extract apache-cassandra-3.11.2/conf/logback-tools.xml
2018-07-19 14:58:39 [main] INFO  c.g.n.e.c.p.CassandraStarterTests - Extract /root/.embedded-cassandra/cassandra/3.11.2/apache-cassandra-3.11.2-bin.tar.gz : extract apache-cassandra-3.11.2/conf/logback.xml
2018-07-19 14:58:39 [main] INFO  c.g.n.e.c.p.CassandraStarterTests - Extract /root/.embedded-cassandra/cassandra/3.11.2/apache-cassandra-3.11.2-bin.tar.gz : extract apache-cassandra-3.11.2/conf/metrics-reporter-config-sample.yaml
2018-07-19 14:58:39 [main] INFO  c.g.n.e.c.p.CassandraStarterTests - Extract /root/.embedded-cassandra/cassandra/3.11.2/apache-cassandra-3.11.2-bin.tar.gz : extract apache-cassandra-3.11.2/conf/triggers/README.txt
2018-07-19 14:58:39 [main] INFO  c.g.n.e.c.p.CassandraStarterTests - Extract /root/.embedded-cassandra/cassandra/3.11.2/apache-cassandra-3.11.2-bin.tar.gz : extract apache-cassandra-3.11.2/interface/cassandra.thrift
2018-07-19 14:58:42 [main] INFO  c.g.n.e.c.p.CassandraStarterTests - Extract /root/.embedded-cassandra/cassandra/3.11.2/apache-cassandra-3.11.2-bin.tar.gz : extract apache-cassandra-3.11.2/lib/HdrHistogram-2.1.9.jar
2018-07-19 14:58:42 [main] INFO  c.g.n.e.c.p.CassandraStarterTests - Extract /root/.embedded-cassandra/cassandra/3.11.2/apache-cassandra-3.11.2-bin.tar.gz : extract apache-cassandra-3.11.2/lib/ST4-4.0.8.jar
2018-07-19 14:58:42 [main] INFO  c.g.n.e.c.p.CassandraStarterTests - Extract /root/.embedded-cassandra/cassandra/3.11.2/apache-cassandra-3.11.2-bin.tar.gz : extract apache-cassandra-3.11.2/lib/airline-0.6.jar
2018-07-19 14:58:42 [main] INFO  c.g.n.e.c.p.CassandraStarterTests - Extract /root/.embedded-cassandra/cassandra/3.11.2/apache-cassandra-3.11.2-bin.tar.gz : extract apache-cassandra-3.11.2/lib/antlr-runtime-3.5.2.jar
2018-07-19 14:58:42 [main] INFO  c.g.n.e.c.p.CassandraStarterTests - Extract /root/.embedded-cassandra/cassandra/3.11.2/apache-cassandra-3.11.2-bin.tar.gz : extract apache-cassandra-3.11.2/lib/apache-cassandra-3.11.2.jar
2018-07-19 14:58:42 [main] INFO  c.g.n.e.c.p.CassandraStarterTests - Extract /root/.embedded-cassandra/cassandra/3.11.2/apache-cassandra-3.11.2-bin.tar.gz : extract apache-cassandra-3.11.2/lib/apache-cassandra-thrift-3.11.2.jar
2018-07-19 14:58:42 [main] INFO  c.g.n.e.c.p.CassandraStarterTests - Extract /root/.embedded-cassandra/cassandra/3.11.2/apache-cassandra-3.11.2-bin.tar.gz : extract apache-cassandra-3.11.2/lib/asm-5.0.4.jar
2018-07-19 14:58:42 [main] INFO  c.g.n.e.c.p.CassandraStarterTests - Extract /root/.embedded-cassandra/cassandra/3.11.2/apache-cassandra-3.11.2-bin.tar.gz : extract apache-cassandra-3.11.2/lib/caffeine-2.2.6.jar
2018-07-19 14:58:42 [main] INFO  c.g.n.e.c.p.CassandraStarterTests - Extract /root/.embedded-cassandra/cassandra/3.11.2/apache-cassandra-3.11.2-bin.tar.gz : extract apache-cassandra-3.11.2/lib/cassandra-driver-core-3.0.1-shaded.jar
2018-07-19 14:58:42 [main] INFO  c.g.n.e.c.p.CassandraStarterTests - Extract /root/.embedded-cassandra/cassandra/3.11.2/apache-cassandra-3.11.2-bin.tar.gz : extract apache-cassandra-3.11.2/lib/cassandra-driver-internal-only-3.10.zip
2018-07-19 14:58:42 [main] INFO  c.g.n.e.c.p.CassandraStarterTests - Extract /root/.embedded-cassandra/cassandra/3.11.2/apache-cassandra-3.11.2-bin.tar.gz : extract apache-cassandra-3.11.2/lib/cassandra-driver-internal-only-3.11.0-bb96859b.zip
2018-07-19 14:58:42 [main] INFO  c.g.n.e.c.p.CassandraStarterTests - Extract /root/.embedded-cassandra/cassandra/3.11.2/apache-cassandra-3.11.2-bin.tar.gz : extract apache-cassandra-3.11.2/lib/commons-cli-1.1.jar
2018-07-19 14:58:42 [main] INFO  c.g.n.e.c.p.CassandraStarterTests - Extract /root/.embedded-cassandra/cassandra/3.11.2/apache-cassandra-3.11.2-bin.tar.gz : extract apache-cassandra-3.11.2/lib/commons-codec-1.9.jar
2018-07-19 14:58:42 [main] INFO  c.g.n.e.c.p.CassandraStarterTests - Extract /root/.embedded-cassandra/cassandra/3.11.2/apache-cassandra-3.11.2-bin.tar.gz : extract apache-cassandra-3.11.2/lib/commons-lang3-3.1.jar
2018-07-19 14:58:42 [main] INFO  c.g.n.e.c.p.CassandraStarterTests - Extract /root/.embedded-cassandra/cassandra/3.11.2/apache-cassandra-3.11.2-bin.tar.gz : extract apache-cassandra-3.11.2/lib/commons-math3-3.2.jar
2018-07-19 14:58:42 [main] INFO  c.g.n.e.c.p.CassandraStarterTests - Extract /root/.embedded-cassandra/cassandra/3.11.2/apache-cassandra-3.11.2-bin.tar.gz : extract apache-cassandra-3.11.2/lib/compress-lzf-0.8.4.jar
2018-07-19 14:58:42 [main] INFO  c.g.n.e.c.p.CassandraStarterTests - Extract /root/.embedded-cassandra/cassandra/3.11.2/apache-cassandra-3.11.2-bin.tar.gz : extract apache-cassandra-3.11.2/lib/concurrent-trees-2.4.0.jar
2018-07-19 14:58:42 [main] INFO  c.g.n.e.c.p.CassandraStarterTests - Extract /root/.embedded-cassandra/cassandra/3.11.2/apache-cassandra-3.11.2-bin.tar.gz : extract apache-cassandra-3.11.2/lib/concurrentlinkedhashmap-lru-1.4.jar
2018-07-19 14:58:42 [main] INFO  c.g.n.e.c.p.CassandraStarterTests - Extract /root/.embedded-cassandra/cassandra/3.11.2/apache-cassandra-3.11.2-bin.tar.gz : extract apache-cassandra-3.11.2/lib/disruptor-3.0.1.jar
2018-07-19 14:58:42 [main] INFO  c.g.n.e.c.p.CassandraStarterTests - Extract /root/.embedded-cassandra/cassandra/3.11.2/apache-cassandra-3.11.2-bin.tar.gz : extract apache-cassandra-3.11.2/lib/ecj-4.4.2.jar
2018-07-19 14:58:42 [main] INFO  c.g.n.e.c.p.CassandraStarterTests - Extract /root/.embedded-cassandra/cassandra/3.11.2/apache-cassandra-3.11.2-bin.tar.gz : extract apache-cassandra-3.11.2/lib/futures-2.1.6-py2.py3-none-any.zip
2018-07-19 14:58:42 [main] INFO  c.g.n.e.c.p.CassandraStarterTests - Extract /root/.embedded-cassandra/cassandra/3.11.2/apache-cassandra-3.11.2-bin.tar.gz : extract apache-cassandra-3.11.2/lib/guava-18.0.jar
2018-07-19 14:58:42 [main] INFO  c.g.n.e.c.p.CassandraStarterTests - Extract /root/.embedded-cassandra/cassandra/3.11.2/apache-cassandra-3.11.2-bin.tar.gz : extract apache-cassandra-3.11.2/lib/high-scale-lib-1.0.6.jar
2018-07-19 14:58:42 [main] INFO  c.g.n.e.c.p.CassandraStarterTests - Extract /root/.embedded-cassandra/cassandra/3.11.2/apache-cassandra-3.11.2-bin.tar.gz : extract apache-cassandra-3.11.2/lib/hppc-0.5.4.jar
2018-07-19 14:58:42 [main] INFO  c.g.n.e.c.p.CassandraStarterTests - Extract /root/.embedded-cassandra/cassandra/3.11.2/apache-cassandra-3.11.2-bin.tar.gz : extract apache-cassandra-3.11.2/lib/jackson-core-asl-1.9.13.jar
2018-07-19 14:58:42 [main] INFO  c.g.n.e.c.p.CassandraStarterTests - Extract /root/.embedded-cassandra/cassandra/3.11.2/apache-cassandra-3.11.2-bin.tar.gz : extract apache-cassandra-3.11.2/lib/jackson-mapper-asl-1.9.13.jar
2018-07-19 14:58:42 [main] INFO  c.g.n.e.c.p.CassandraStarterTests - Extract /root/.embedded-cassandra/cassandra/3.11.2/apache-cassandra-3.11.2-bin.tar.gz : extract apache-cassandra-3.11.2/lib/jamm-0.3.0.jar
2018-07-19 14:58:42 [main] INFO  c.g.n.e.c.p.CassandraStarterTests - Extract /root/.embedded-cassandra/cassandra/3.11.2/apache-cassandra-3.11.2-bin.tar.gz : extract apache-cassandra-3.11.2/lib/javax.inject.jar
2018-07-19 14:58:42 [main] INFO  c.g.n.e.c.p.CassandraStarterTests - Extract /root/.embedded-cassandra/cassandra/3.11.2/apache-cassandra-3.11.2-bin.tar.gz : extract apache-cassandra-3.11.2/lib/jbcrypt-0.3m.jar
2018-07-19 14:58:42 [main] INFO  c.g.n.e.c.p.CassandraStarterTests - Extract /root/.embedded-cassandra/cassandra/3.11.2/apache-cassandra-3.11.2-bin.tar.gz : extract apache-cassandra-3.11.2/lib/jcl-over-slf4j-1.7.7.jar
2018-07-19 14:58:42 [main] INFO  c.g.n.e.c.p.CassandraStarterTests - Extract /root/.embedded-cassandra/cassandra/3.11.2/apache-cassandra-3.11.2-bin.tar.gz : extract apache-cassandra-3.11.2/lib/jctools-core-1.2.1.jar
2018-07-19 14:58:42 [main] INFO  c.g.n.e.c.p.CassandraStarterTests - Extract /root/.embedded-cassandra/cassandra/3.11.2/apache-cassandra-3.11.2-bin.tar.gz : extract apache-cassandra-3.11.2/lib/jflex-1.6.0.jar
2018-07-19 14:58:42 [main] INFO  c.g.n.e.c.p.CassandraStarterTests - Extract /root/.embedded-cassandra/cassandra/3.11.2/apache-cassandra-3.11.2-bin.tar.gz : extract apache-cassandra-3.11.2/lib/jna-4.2.2.jar
2018-07-19 14:58:42 [main] INFO  c.g.n.e.c.p.CassandraStarterTests - Extract /root/.embedded-cassandra/cassandra/3.11.2/apache-cassandra-3.11.2-bin.tar.gz : extract apache-cassandra-3.11.2/lib/joda-time-2.4.jar
2018-07-19 14:58:42 [main] INFO  c.g.n.e.c.p.CassandraStarterTests - Extract /root/.embedded-cassandra/cassandra/3.11.2/apache-cassandra-3.11.2-bin.tar.gz : extract apache-cassandra-3.11.2/lib/json-simple-1.1.jar
2018-07-19 14:58:42 [main] INFO  c.g.n.e.c.p.CassandraStarterTests - Extract /root/.embedded-cassandra/cassandra/3.11.2/apache-cassandra-3.11.2-bin.tar.gz : extract apache-cassandra-3.11.2/lib/jstackjunit-0.0.1.jar
2018-07-19 14:58:42 [main] INFO  c.g.n.e.c.p.CassandraStarterTests - Extract /root/.embedded-cassandra/cassandra/3.11.2/apache-cassandra-3.11.2-bin.tar.gz : extract apache-cassandra-3.11.2/lib/libthrift-0.9.2.jar
2018-07-19 14:58:42 [main] INFO  c.g.n.e.c.p.CassandraStarterTests - Extract /root/.embedded-cassandra/cassandra/3.11.2/apache-cassandra-3.11.2-bin.tar.gz : extract apache-cassandra-3.11.2/lib/log4j-over-slf4j-1.7.7.jar
2018-07-19 14:58:42 [main] INFO  c.g.n.e.c.p.CassandraStarterTests - Extract /root/.embedded-cassandra/cassandra/3.11.2/apache-cassandra-3.11.2-bin.tar.gz : extract apache-cassandra-3.11.2/lib/logback-classic-1.1.3.jar
2018-07-19 14:58:42 [main] INFO  c.g.n.e.c.p.CassandraStarterTests - Extract /root/.embedded-cassandra/cassandra/3.11.2/apache-cassandra-3.11.2-bin.tar.gz : extract apache-cassandra-3.11.2/lib/logback-core-1.1.3.jar
2018-07-19 14:58:42 [main] INFO  c.g.n.e.c.p.CassandraStarterTests - Extract /root/.embedded-cassandra/cassandra/3.11.2/apache-cassandra-3.11.2-bin.tar.gz : extract apache-cassandra-3.11.2/lib/lz4-1.3.0.jar
2018-07-19 14:58:42 [main] INFO  c.g.n.e.c.p.CassandraStarterTests - Extract /root/.embedded-cassandra/cassandra/3.11.2/apache-cassandra-3.11.2-bin.tar.gz : extract apache-cassandra-3.11.2/lib/metrics-core-3.1.0.jar
2018-07-19 14:58:42 [main] INFO  c.g.n.e.c.p.CassandraStarterTests - Extract /root/.embedded-cassandra/cassandra/3.11.2/apache-cassandra-3.11.2-bin.tar.gz : extract apache-cassandra-3.11.2/lib/metrics-jvm-3.1.0.jar
2018-07-19 14:58:42 [main] INFO  c.g.n.e.c.p.CassandraStarterTests - Extract /root/.embedded-cassandra/cassandra/3.11.2/apache-cassandra-3.11.2-bin.tar.gz : extract apache-cassandra-3.11.2/lib/metrics-logback-3.1.0.jar
2018-07-19 14:58:42 [main] INFO  c.g.n.e.c.p.CassandraStarterTests - Extract /root/.embedded-cassandra/cassandra/3.11.2/apache-cassandra-3.11.2-bin.tar.gz : extract apache-cassandra-3.11.2/lib/netty-all-4.0.44.Final.jar
2018-07-19 14:58:42 [main] INFO  c.g.n.e.c.p.CassandraStarterTests - Extract /root/.embedded-cassandra/cassandra/3.11.2/apache-cassandra-3.11.2-bin.tar.gz : extract apache-cassandra-3.11.2/lib/ohc-core-0.4.4.jar
2018-07-19 14:58:42 [main] INFO  c.g.n.e.c.p.CassandraStarterTests - Extract /root/.embedded-cassandra/cassandra/3.11.2/apache-cassandra-3.11.2-bin.tar.gz : extract apache-cassandra-3.11.2/lib/ohc-core-j8-0.4.4.jar
2018-07-19 14:58:42 [main] INFO  c.g.n.e.c.p.CassandraStarterTests - Extract /root/.embedded-cassandra/cassandra/3.11.2/apache-cassandra-3.11.2-bin.tar.gz : extract apache-cassandra-3.11.2/lib/reporter-config-base-3.0.3.jar
2018-07-19 14:58:42 [main] INFO  c.g.n.e.c.p.CassandraStarterTests - Extract /root/.embedded-cassandra/cassandra/3.11.2/apache-cassandra-3.11.2-bin.tar.gz : extract apache-cassandra-3.11.2/lib/reporter-config3-3.0.3.jar
2018-07-19 14:58:42 [main] INFO  c.g.n.e.c.p.CassandraStarterTests - Extract /root/.embedded-cassandra/cassandra/3.11.2/apache-cassandra-3.11.2-bin.tar.gz : extract apache-cassandra-3.11.2/lib/sigar-1.6.4.jar
2018-07-19 14:58:42 [main] INFO  c.g.n.e.c.p.CassandraStarterTests - Extract /root/.embedded-cassandra/cassandra/3.11.2/apache-cassandra-3.11.2-bin.tar.gz : extract apache-cassandra-3.11.2/lib/sigar-bin/libsigar-amd64-freebsd-6.so
2018-07-19 14:58:42 [main] INFO  c.g.n.e.c.p.CassandraStarterTests - Extract /root/.embedded-cassandra/cassandra/3.11.2/apache-cassandra-3.11.2-bin.tar.gz : extract apache-cassandra-3.11.2/lib/sigar-bin/libsigar-amd64-linux.so
2018-07-19 14:58:42 [main] INFO  c.g.n.e.c.p.CassandraStarterTests - Extract /root/.embedded-cassandra/cassandra/3.11.2/apache-cassandra-3.11.2-bin.tar.gz : extract apache-cassandra-3.11.2/lib/sigar-bin/libsigar-amd64-solaris.so
2018-07-19 14:58:42 [main] INFO  c.g.n.e.c.p.CassandraStarterTests - Extract /root/.embedded-cassandra/cassandra/3.11.2/apache-cassandra-3.11.2-bin.tar.gz : extract apache-cassandra-3.11.2/lib/sigar-bin/libsigar-ia64-hpux-11.sl
2018-07-19 14:58:42 [main] INFO  c.g.n.e.c.p.CassandraStarterTests - Extract /root/.embedded-cassandra/cassandra/3.11.2/apache-cassandra-3.11.2-bin.tar.gz : extract apache-cassandra-3.11.2/lib/sigar-bin/libsigar-ia64-linux.so
2018-07-19 14:58:42 [main] INFO  c.g.n.e.c.p.CassandraStarterTests - Extract /root/.embedded-cassandra/cassandra/3.11.2/apache-cassandra-3.11.2-bin.tar.gz : extract apache-cassandra-3.11.2/lib/sigar-bin/libsigar-pa-hpux-11.sl
2018-07-19 14:58:42 [main] INFO  c.g.n.e.c.p.CassandraStarterTests - Extract /root/.embedded-cassandra/cassandra/3.11.2/apache-cassandra-3.11.2-bin.tar.gz : extract apache-cassandra-3.11.2/lib/sigar-bin/libsigar-ppc-aix-5.so
2018-07-19 14:58:42 [main] INFO  c.g.n.e.c.p.CassandraStarterTests - Extract /root/.embedded-cassandra/cassandra/3.11.2/apache-cassandra-3.11.2-bin.tar.gz : extract apache-cassandra-3.11.2/lib/sigar-bin/libsigar-ppc-linux.so
2018-07-19 14:58:42 [main] INFO  c.g.n.e.c.p.CassandraStarterTests - Extract /root/.embedded-cassandra/cassandra/3.11.2/apache-cassandra-3.11.2-bin.tar.gz : extract apache-cassandra-3.11.2/lib/sigar-bin/libsigar-ppc64-aix-5.so
2018-07-19 14:58:42 [main] INFO  c.g.n.e.c.p.CassandraStarterTests - Extract /root/.embedded-cassandra/cassandra/3.11.2/apache-cassandra-3.11.2-bin.tar.gz : extract apache-cassandra-3.11.2/lib/sigar-bin/libsigar-ppc64-linux.so
2018-07-19 14:58:42 [main] INFO  c.g.n.e.c.p.CassandraStarterTests - Extract /root/.embedded-cassandra/cassandra/3.11.2/apache-cassandra-3.11.2-bin.tar.gz : extract apache-cassandra-3.11.2/lib/sigar-bin/libsigar-s390x-linux.so
2018-07-19 14:58:42 [main] INFO  c.g.n.e.c.p.CassandraStarterTests - Extract /root/.embedded-cassandra/cassandra/3.11.2/apache-cassandra-3.11.2-bin.tar.gz : extract apache-cassandra-3.11.2/lib/sigar-bin/libsigar-sparc-solaris.so
2018-07-19 14:58:42 [main] INFO  c.g.n.e.c.p.CassandraStarterTests - Extract /root/.embedded-cassandra/cassandra/3.11.2/apache-cassandra-3.11.2-bin.tar.gz : extract apache-cassandra-3.11.2/lib/sigar-bin/libsigar-sparc64-solaris.so
2018-07-19 14:58:42 [main] INFO  c.g.n.e.c.p.CassandraStarterTests - Extract /root/.embedded-cassandra/cassandra/3.11.2/apache-cassandra-3.11.2-bin.tar.gz : extract apache-cassandra-3.11.2/lib/sigar-bin/libsigar-universal-macosx.dylib
2018-07-19 14:58:42 [main] INFO  c.g.n.e.c.p.CassandraStarterTests - Extract /root/.embedded-cassandra/cassandra/3.11.2/apache-cassandra-3.11.2-bin.tar.gz : extract apache-cassandra-3.11.2/lib/sigar-bin/libsigar-universal64-macosx.dylib
2018-07-19 14:58:42 [main] INFO  c.g.n.e.c.p.CassandraStarterTests - Extract /root/.embedded-cassandra/cassandra/3.11.2/apache-cassandra-3.11.2-bin.tar.gz : extract apache-cassandra-3.11.2/lib/sigar-bin/libsigar-x86-freebsd-5.so
2018-07-19 14:58:42 [main] INFO  c.g.n.e.c.p.CassandraStarterTests - Extract /root/.embedded-cassandra/cassandra/3.11.2/apache-cassandra-3.11.2-bin.tar.gz : extract apache-cassandra-3.11.2/lib/sigar-bin/libsigar-x86-freebsd-6.so
2018-07-19 14:58:42 [main] INFO  c.g.n.e.c.p.CassandraStarterTests - Extract /root/.embedded-cassandra/cassandra/3.11.2/apache-cassandra-3.11.2-bin.tar.gz : extract apache-cassandra-3.11.2/lib/sigar-bin/libsigar-x86-linux.so
2018-07-19 14:58:42 [main] INFO  c.g.n.e.c.p.CassandraStarterTests - Extract /root/.embedded-cassandra/cassandra/3.11.2/apache-cassandra-3.11.2-bin.tar.gz : extract apache-cassandra-3.11.2/lib/sigar-bin/libsigar-x86-solaris.so
2018-07-19 14:58:42 [main] INFO  c.g.n.e.c.p.CassandraStarterTests - Extract /root/.embedded-cassandra/cassandra/3.11.2/apache-cassandra-3.11.2-bin.tar.gz : extract apache-cassandra-3.11.2/lib/sigar-bin/sigar-amd64-winnt.dll
2018-07-19 14:58:42 [main] INFO  c.g.n.e.c.p.CassandraStarterTests - Extract /root/.embedded-cassandra/cassandra/3.11.2/apache-cassandra-3.11.2-bin.tar.gz : extract apache-cassandra-3.11.2/lib/sigar-bin/sigar-x86-winnt.dll
2018-07-19 14:58:42 [main] INFO  c.g.n.e.c.p.CassandraStarterTests - Extract /root/.embedded-cassandra/cassandra/3.11.2/apache-cassandra-3.11.2-bin.tar.gz : extract apache-cassandra-3.11.2/lib/sigar-bin/sigar-x86-winnt.lib
2018-07-19 14:58:42 [main] INFO  c.g.n.e.c.p.CassandraStarterTests - Extract /root/.embedded-cassandra/cassandra/3.11.2/apache-cassandra-3.11.2-bin.tar.gz : extract apache-cassandra-3.11.2/lib/six-1.7.3-py2.py3-none-any.zip
2018-07-19 14:58:42 [main] INFO  c.g.n.e.c.p.CassandraStarterTests - Extract /root/.embedded-cassandra/cassandra/3.11.2/apache-cassandra-3.11.2-bin.tar.gz : extract apache-cassandra-3.11.2/lib/slf4j-api-1.7.7.jar
2018-07-19 14:58:42 [main] INFO  c.g.n.e.c.p.CassandraStarterTests - Extract /root/.embedded-cassandra/cassandra/3.11.2/apache-cassandra-3.11.2-bin.tar.gz : extract apache-cassandra-3.11.2/lib/snakeyaml-1.11.jar
2018-07-19 14:58:42 [main] INFO  c.g.n.e.c.p.CassandraStarterTests - Extract /root/.embedded-cassandra/cassandra/3.11.2/apache-cassandra-3.11.2-bin.tar.gz : extract apache-cassandra-3.11.2/lib/snappy-java-1.1.1.7.jar
2018-07-19 14:58:42 [main] INFO  c.g.n.e.c.p.CassandraStarterTests - Extract /root/.embedded-cassandra/cassandra/3.11.2/apache-cassandra-3.11.2-bin.tar.gz : extract apache-cassandra-3.11.2/lib/snowball-stemmer-1.3.0.581.1.jar
2018-07-19 14:58:42 [main] INFO  c.g.n.e.c.p.CassandraStarterTests - Extract /root/.embedded-cassandra/cassandra/3.11.2/apache-cassandra-3.11.2-bin.tar.gz : extract apache-cassandra-3.11.2/lib/stream-2.5.2.jar
2018-07-19 14:58:42 [main] INFO  c.g.n.e.c.p.CassandraStarterTests - Extract /root/.embedded-cassandra/cassandra/3.11.2/apache-cassandra-3.11.2-bin.tar.gz : extract apache-cassandra-3.11.2/lib/thrift-server-0.3.7.jar
2018-07-19 14:58:42 [main] INFO  c.g.n.e.c.p.CassandraStarterTests - Extract /root/.embedded-cassandra/cassandra/3.11.2/apache-cassandra-3.11.2-bin.tar.gz : extract apache-cassandra-3.11.2/pylib/cqlshlib/__init__.py
2018-07-19 14:58:42 [main] INFO  c.g.n.e.c.p.CassandraStarterTests - Extract /root/.embedded-cassandra/cassandra/3.11.2/apache-cassandra-3.11.2-bin.tar.gz : extract apache-cassandra-3.11.2/pylib/cqlshlib/copyutil.py
2018-07-19 14:58:42 [main] INFO  c.g.n.e.c.p.CassandraStarterTests - Extract /root/.embedded-cassandra/cassandra/3.11.2/apache-cassandra-3.11.2-bin.tar.gz : extract apache-cassandra-3.11.2/pylib/cqlshlib/cql3handling.py
2018-07-19 14:58:42 [main] INFO  c.g.n.e.c.p.CassandraStarterTests - Extract /root/.embedded-cassandra/cassandra/3.11.2/apache-cassandra-3.11.2-bin.tar.gz : extract apache-cassandra-3.11.2/pylib/cqlshlib/cqlhandling.py
2018-07-19 14:58:42 [main] INFO  c.g.n.e.c.p.CassandraStarterTests - Extract /root/.embedded-cassandra/cassandra/3.11.2/apache-cassandra-3.11.2-bin.tar.gz : extract apache-cassandra-3.11.2/pylib/cqlshlib/cqlshhandling.py
2018-07-19 14:58:42 [main] INFO  c.g.n.e.c.p.CassandraStarterTests - Extract /root/.embedded-cassandra/cassandra/3.11.2/apache-cassandra-3.11.2-bin.tar.gz : extract apache-cassandra-3.11.2/pylib/cqlshlib/displaying.py
2018-07-19 14:58:42 [main] INFO  c.g.n.e.c.p.CassandraStarterTests - Extract /root/.embedded-cassandra/cassandra/3.11.2/apache-cassandra-3.11.2-bin.tar.gz : extract apache-cassandra-3.11.2/pylib/cqlshlib/formatting.py
2018-07-19 14:58:42 [main] INFO  c.g.n.e.c.p.CassandraStarterTests - Extract /root/.embedded-cassandra/cassandra/3.11.2/apache-cassandra-3.11.2-bin.tar.gz : extract apache-cassandra-3.11.2/pylib/cqlshlib/helptopics.py
2018-07-19 14:58:42 [main] INFO  c.g.n.e.c.p.CassandraStarterTests - Extract /root/.embedded-cassandra/cassandra/3.11.2/apache-cassandra-3.11.2-bin.tar.gz : extract apache-cassandra-3.11.2/pylib/cqlshlib/pylexotron.py
2018-07-19 14:58:42 [main] INFO  c.g.n.e.c.p.CassandraStarterTests - Extract /root/.embedded-cassandra/cassandra/3.11.2/apache-cassandra-3.11.2-bin.tar.gz : extract apache-cassandra-3.11.2/pylib/cqlshlib/saferscanner.py
2018-07-19 14:58:42 [main] INFO  c.g.n.e.c.p.CassandraStarterTests - Extract /root/.embedded-cassandra/cassandra/3.11.2/apache-cassandra-3.11.2-bin.tar.gz : extract apache-cassandra-3.11.2/pylib/cqlshlib/sslhandling.py
2018-07-19 14:58:42 [main] INFO  c.g.n.e.c.p.CassandraStarterTests - Extract /root/.embedded-cassandra/cassandra/3.11.2/apache-cassandra-3.11.2-bin.tar.gz : extract apache-cassandra-3.11.2/pylib/cqlshlib/test/__init__.py
2018-07-19 14:58:42 [main] INFO  c.g.n.e.c.p.CassandraStarterTests - Extract /root/.embedded-cassandra/cassandra/3.11.2/apache-cassandra-3.11.2-bin.tar.gz : extract apache-cassandra-3.11.2/pylib/cqlshlib/test/ansi_colors.py
2018-07-19 14:58:42 [main] INFO  c.g.n.e.c.p.CassandraStarterTests - Extract /root/.embedded-cassandra/cassandra/3.11.2/apache-cassandra-3.11.2-bin.tar.gz : extract apache-cassandra-3.11.2/pylib/cqlshlib/test/basecase.py
2018-07-19 14:58:42 [main] INFO  c.g.n.e.c.p.CassandraStarterTests - Extract /root/.embedded-cassandra/cassandra/3.11.2/apache-cassandra-3.11.2-bin.tar.gz : extract apache-cassandra-3.11.2/pylib/cqlshlib/test/cassconnect.py
2018-07-19 14:58:42 [main] INFO  c.g.n.e.c.p.CassandraStarterTests - Extract /root/.embedded-cassandra/cassandra/3.11.2/apache-cassandra-3.11.2-bin.tar.gz : extract apache-cassandra-3.11.2/pylib/cqlshlib/test/run_cqlsh.py
2018-07-19 14:58:42 [main] INFO  c.g.n.e.c.p.CassandraStarterTests - Extract /root/.embedded-cassandra/cassandra/3.11.2/apache-cassandra-3.11.2-bin.tar.gz : extract apache-cassandra-3.11.2/pylib/cqlshlib/test/test_cql_parsing.py
2018-07-19 14:58:42 [main] INFO  c.g.n.e.c.p.CassandraStarterTests - Extract /root/.embedded-cassandra/cassandra/3.11.2/apache-cassandra-3.11.2-bin.tar.gz : extract apache-cassandra-3.11.2/pylib/cqlshlib/test/test_cqlsh_commands.py
2018-07-19 14:58:42 [main] INFO  c.g.n.e.c.p.CassandraStarterTests - Extract /root/.embedded-cassandra/cassandra/3.11.2/apache-cassandra-3.11.2-bin.tar.gz : extract apache-cassandra-3.11.2/pylib/cqlshlib/test/test_cqlsh_completion.py
2018-07-19 14:58:42 [main] INFO  c.g.n.e.c.p.CassandraStarterTests - Extract /root/.embedded-cassandra/cassandra/3.11.2/apache-cassandra-3.11.2-bin.tar.gz : extract apache-cassandra-3.11.2/pylib/cqlshlib/test/test_cqlsh_invocation.py
2018-07-19 14:58:42 [main] INFO  c.g.n.e.c.p.CassandraStarterTests - Extract /root/.embedded-cassandra/cassandra/3.11.2/apache-cassandra-3.11.2-bin.tar.gz : extract apache-cassandra-3.11.2/pylib/cqlshlib/test/test_cqlsh_output.py
2018-07-19 14:58:42 [main] INFO  c.g.n.e.c.p.CassandraStarterTests - Extract /root/.embedded-cassandra/cassandra/3.11.2/apache-cassandra-3.11.2-bin.tar.gz : extract apache-cassandra-3.11.2/pylib/cqlshlib/test/test_cqlsh_parsing.py
2018-07-19 14:58:42 [main] INFO  c.g.n.e.c.p.CassandraStarterTests - Extract /root/.embedded-cassandra/cassandra/3.11.2/apache-cassandra-3.11.2-bin.tar.gz : extract apache-cassandra-3.11.2/pylib/cqlshlib/test/test_keyspace_init.cql
2018-07-19 14:58:42 [main] INFO  c.g.n.e.c.p.CassandraStarterTests - Extract /root/.embedded-cassandra/cassandra/3.11.2/apache-cassandra-3.11.2-bin.tar.gz : extract apache-cassandra-3.11.2/pylib/cqlshlib/test/winpty.py
2018-07-19 14:58:42 [main] INFO  c.g.n.e.c.p.CassandraStarterTests - Extract /root/.embedded-cassandra/cassandra/3.11.2/apache-cassandra-3.11.2-bin.tar.gz : extract apache-cassandra-3.11.2/pylib/cqlshlib/tracing.py
2018-07-19 14:58:42 [main] INFO  c.g.n.e.c.p.CassandraStarterTests - Extract /root/.embedded-cassandra/cassandra/3.11.2/apache-cassandra-3.11.2-bin.tar.gz : extract apache-cassandra-3.11.2/pylib/cqlshlib/util.py
2018-07-19 14:58:42 [main] INFO  c.g.n.e.c.p.CassandraStarterTests - Extract /root/.embedded-cassandra/cassandra/3.11.2/apache-cassandra-3.11.2-bin.tar.gz : extract apache-cassandra-3.11.2/pylib/cqlshlib/wcwidth.py
2018-07-19 14:58:42 [main] INFO  c.g.n.e.c.p.CassandraStarterTests - Extract /root/.embedded-cassandra/cassandra/3.11.2/apache-cassandra-3.11.2-bin.tar.gz : extract apache-cassandra-3.11.2/pylib/setup.py
2018-07-19 14:58:42 [main] INFO  c.g.n.e.c.p.CassandraStarterTests - Extract /root/.embedded-cassandra/cassandra/3.11.2/apache-cassandra-3.11.2-bin.tar.gz : extract apache-cassandra-3.11.2/tools/bin/cassandra-stress
2018-07-19 14:58:42 [main] INFO  c.g.n.e.c.p.CassandraStarterTests - Extract /root/.embedded-cassandra/cassandra/3.11.2/apache-cassandra-3.11.2-bin.tar.gz : extract apache-cassandra-3.11.2/tools/bin/cassandra-stress.bat
2018-07-19 14:58:42 [main] INFO  c.g.n.e.c.p.CassandraStarterTests - Extract /root/.embedded-cassandra/cassandra/3.11.2/apache-cassandra-3.11.2-bin.tar.gz : extract apache-cassandra-3.11.2/tools/bin/cassandra-stressd
2018-07-19 14:58:42 [main] INFO  c.g.n.e.c.p.CassandraStarterTests - Extract /root/.embedded-cassandra/cassandra/3.11.2/apache-cassandra-3.11.2-bin.tar.gz : extract apache-cassandra-3.11.2/tools/bin/cassandra.in.bat
2018-07-19 14:58:42 [main] INFO  c.g.n.e.c.p.CassandraStarterTests - Extract /root/.embedded-cassandra/cassandra/3.11.2/apache-cassandra-3.11.2-bin.tar.gz : extract apache-cassandra-3.11.2/tools/bin/cassandra.in.sh
2018-07-19 14:58:42 [main] INFO  c.g.n.e.c.p.CassandraStarterTests - Extract /root/.embedded-cassandra/cassandra/3.11.2/apache-cassandra-3.11.2-bin.tar.gz : extract apache-cassandra-3.11.2/tools/bin/compaction-stress
2018-07-19 14:58:42 [main] INFO  c.g.n.e.c.p.CassandraStarterTests - Extract /root/.embedded-cassandra/cassandra/3.11.2/apache-cassandra-3.11.2-bin.tar.gz : extract apache-cassandra-3.11.2/tools/bin/sstabledump
2018-07-19 14:58:42 [main] INFO  c.g.n.e.c.p.CassandraStarterTests - Extract /root/.embedded-cassandra/cassandra/3.11.2/apache-cassandra-3.11.2-bin.tar.gz : extract apache-cassandra-3.11.2/tools/bin/sstabledump.bat
2018-07-19 14:58:42 [main] INFO  c.g.n.e.c.p.CassandraStarterTests - Extract /root/.embedded-cassandra/cassandra/3.11.2/apache-cassandra-3.11.2-bin.tar.gz : extract apache-cassandra-3.11.2/tools/bin/sstableexpiredblockers
2018-07-19 14:58:42 [main] INFO  c.g.n.e.c.p.CassandraStarterTests - Extract /root/.embedded-cassandra/cassandra/3.11.2/apache-cassandra-3.11.2-bin.tar.gz : extract apache-cassandra-3.11.2/tools/bin/sstableexpiredblockers.bat
2018-07-19 14:58:42 [main] INFO  c.g.n.e.c.p.CassandraStarterTests - Extract /root/.embedded-cassandra/cassandra/3.11.2/apache-cassandra-3.11.2-bin.tar.gz : extract apache-cassandra-3.11.2/tools/bin/sstablelevelreset
2018-07-19 14:58:42 [main] INFO  c.g.n.e.c.p.CassandraStarterTests - Extract /root/.embedded-cassandra/cassandra/3.11.2/apache-cassandra-3.11.2-bin.tar.gz : extract apache-cassandra-3.11.2/tools/bin/sstablelevelreset.bat
2018-07-19 14:58:42 [main] INFO  c.g.n.e.c.p.CassandraStarterTests - Extract /root/.embedded-cassandra/cassandra/3.11.2/apache-cassandra-3.11.2-bin.tar.gz : extract apache-cassandra-3.11.2/tools/bin/sstablemetadata
2018-07-19 14:58:42 [main] INFO  c.g.n.e.c.p.CassandraStarterTests - Extract /root/.embedded-cassandra/cassandra/3.11.2/apache-cassandra-3.11.2-bin.tar.gz : extract apache-cassandra-3.11.2/tools/bin/sstablemetadata.bat
2018-07-19 14:58:42 [main] INFO  c.g.n.e.c.p.CassandraStarterTests - Extract /root/.embedded-cassandra/cassandra/3.11.2/apache-cassandra-3.11.2-bin.tar.gz : extract apache-cassandra-3.11.2/tools/bin/sstableofflinerelevel
2018-07-19 14:58:42 [main] INFO  c.g.n.e.c.p.CassandraStarterTests - Extract /root/.embedded-cassandra/cassandra/3.11.2/apache-cassandra-3.11.2-bin.tar.gz : extract apache-cassandra-3.11.2/tools/bin/sstableofflinerelevel.bat
2018-07-19 14:58:42 [main] INFO  c.g.n.e.c.p.CassandraStarterTests - Extract /root/.embedded-cassandra/cassandra/3.11.2/apache-cassandra-3.11.2-bin.tar.gz : extract apache-cassandra-3.11.2/tools/bin/sstablerepairedset
2018-07-19 14:58:42 [main] INFO  c.g.n.e.c.p.CassandraStarterTests - Extract /root/.embedded-cassandra/cassandra/3.11.2/apache-cassandra-3.11.2-bin.tar.gz : extract apache-cassandra-3.11.2/tools/bin/sstablerepairedset.bat
2018-07-19 14:58:42 [main] INFO  c.g.n.e.c.p.CassandraStarterTests - Extract /root/.embedded-cassandra/cassandra/3.11.2/apache-cassandra-3.11.2-bin.tar.gz : extract apache-cassandra-3.11.2/tools/bin/sstablesplit
2018-07-19 14:58:42 [main] INFO  c.g.n.e.c.p.CassandraStarterTests - Extract /root/.embedded-cassandra/cassandra/3.11.2/apache-cassandra-3.11.2-bin.tar.gz : extract apache-cassandra-3.11.2/tools/bin/sstablesplit.bat
2018-07-19 14:58:42 [main] INFO  c.g.n.e.c.p.CassandraStarterTests - Extract /root/.embedded-cassandra/cassandra/3.11.2/apache-cassandra-3.11.2-bin.tar.gz : extract apache-cassandra-3.11.2/tools/cqlstress-counter-example.yaml
2018-07-19 14:58:42 [main] INFO  c.g.n.e.c.p.CassandraStarterTests - Extract /root/.embedded-cassandra/cassandra/3.11.2/apache-cassandra-3.11.2-bin.tar.gz : extract apache-cassandra-3.11.2/tools/cqlstress-example.yaml
2018-07-19 14:58:42 [main] INFO  c.g.n.e.c.p.CassandraStarterTests - Extract /root/.embedded-cassandra/cassandra/3.11.2/apache-cassandra-3.11.2-bin.tar.gz : extract apache-cassandra-3.11.2/tools/cqlstress-insanity-example.yaml
2018-07-19 14:58:42 [main] INFO  c.g.n.e.c.p.CassandraStarterTests - Extract /root/.embedded-cassandra/cassandra/3.11.2/apache-cassandra-3.11.2-bin.tar.gz : extract apache-cassandra-3.11.2/tools/lib/stress.jar
2018-07-19 14:58:42 [main] INFO  c.g.n.e.c.p.CassandraStarterTests - Extract /root/.embedded-cassandra/cassandra/3.11.2/apache-cassandra-3.11.2-bin.tar.gz : extract apache-cassandra-3.11.2/bin/cassandra.in.sh
2018-07-19 14:58:42 [main] INFO  c.g.n.e.c.p.CassandraStarterTests - Extract /root/.embedded-cassandra/cassandra/3.11.2/apache-cassandra-3.11.2-bin.tar.gz : extract apache-cassandra-3.11.2/bin/cassandra
2018-07-19 14:58:42 [main] INFO  c.g.n.e.c.p.CassandraStarterTests - Extract /root/.embedded-cassandra/cassandra/3.11.2/apache-cassandra-3.11.2-bin.tar.gz : extract apache-cassandra-3.11.2/bin/cassandra.bat
2018-07-19 14:58:42 [main] INFO  c.g.n.e.c.p.CassandraStarterTests - Extract /root/.embedded-cassandra/cassandra/3.11.2/apache-cassandra-3.11.2-bin.tar.gz : extract apache-cassandra-3.11.2/bin/cassandra.in.bat
2018-07-19 14:58:42 [main] INFO  c.g.n.e.c.p.CassandraStarterTests - Extract /root/.embedded-cassandra/cassandra/3.11.2/apache-cassandra-3.11.2-bin.tar.gz : extract apache-cassandra-3.11.2/bin/cqlsh
2018-07-19 14:58:42 [main] INFO  c.g.n.e.c.p.CassandraStarterTests - Extract /root/.embedded-cassandra/cassandra/3.11.2/apache-cassandra-3.11.2-bin.tar.gz : extract apache-cassandra-3.11.2/bin/cqlsh.bat
2018-07-19 14:58:42 [main] INFO  c.g.n.e.c.p.CassandraStarterTests - Extract /root/.embedded-cassandra/cassandra/3.11.2/apache-cassandra-3.11.2-bin.tar.gz : extract apache-cassandra-3.11.2/bin/cqlsh.py
2018-07-19 14:58:42 [main] INFO  c.g.n.e.c.p.CassandraStarterTests - Extract /root/.embedded-cassandra/cassandra/3.11.2/apache-cassandra-3.11.2-bin.tar.gz : extract apache-cassandra-3.11.2/bin/debug-cql
2018-07-19 14:58:42 [main] INFO  c.g.n.e.c.p.CassandraStarterTests - Extract /root/.embedded-cassandra/cassandra/3.11.2/apache-cassandra-3.11.2-bin.tar.gz : extract apache-cassandra-3.11.2/bin/debug-cql.bat
2018-07-19 14:58:42 [main] INFO  c.g.n.e.c.p.CassandraStarterTests - Extract /root/.embedded-cassandra/cassandra/3.11.2/apache-cassandra-3.11.2-bin.tar.gz : extract apache-cassandra-3.11.2/bin/nodetool
2018-07-19 14:58:42 [main] INFO  c.g.n.e.c.p.CassandraStarterTests - Extract /root/.embedded-cassandra/cassandra/3.11.2/apache-cassandra-3.11.2-bin.tar.gz : extract apache-cassandra-3.11.2/bin/nodetool.bat
2018-07-19 14:58:42 [main] INFO  c.g.n.e.c.p.CassandraStarterTests - Extract /root/.embedded-cassandra/cassandra/3.11.2/apache-cassandra-3.11.2-bin.tar.gz : extract apache-cassandra-3.11.2/bin/source-conf.ps1
2018-07-19 14:58:42 [main] INFO  c.g.n.e.c.p.CassandraStarterTests - Extract /root/.embedded-cassandra/cassandra/3.11.2/apache-cassandra-3.11.2-bin.tar.gz : extract apache-cassandra-3.11.2/bin/sstableloader
2018-07-19 14:58:42 [main] INFO  c.g.n.e.c.p.CassandraStarterTests - Extract /root/.embedded-cassandra/cassandra/3.11.2/apache-cassandra-3.11.2-bin.tar.gz : extract apache-cassandra-3.11.2/bin/sstableloader.bat
2018-07-19 14:58:42 [main] INFO  c.g.n.e.c.p.CassandraStarterTests - Extract /root/.embedded-cassandra/cassandra/3.11.2/apache-cassandra-3.11.2-bin.tar.gz : extract apache-cassandra-3.11.2/bin/sstablescrub
2018-07-19 14:58:42 [main] INFO  c.g.n.e.c.p.CassandraStarterTests - Extract /root/.embedded-cassandra/cassandra/3.11.2/apache-cassandra-3.11.2-bin.tar.gz : extract apache-cassandra-3.11.2/bin/sstablescrub.bat
2018-07-19 14:58:42 [main] INFO  c.g.n.e.c.p.CassandraStarterTests - Extract /root/.embedded-cassandra/cassandra/3.11.2/apache-cassandra-3.11.2-bin.tar.gz : extract apache-cassandra-3.11.2/bin/sstableupgrade
2018-07-19 14:58:42 [main] INFO  c.g.n.e.c.p.CassandraStarterTests - Extract /root/.embedded-cassandra/cassandra/3.11.2/apache-cassandra-3.11.2-bin.tar.gz : extract apache-cassandra-3.11.2/bin/sstableupgrade.bat
2018-07-19 14:58:42 [main] INFO  c.g.n.e.c.p.CassandraStarterTests - Extract /root/.embedded-cassandra/cassandra/3.11.2/apache-cassandra-3.11.2-bin.tar.gz : extract apache-cassandra-3.11.2/bin/sstableutil
2018-07-19 14:58:42 [main] INFO  c.g.n.e.c.p.CassandraStarterTests - Extract /root/.embedded-cassandra/cassandra/3.11.2/apache-cassandra-3.11.2-bin.tar.gz : extract apache-cassandra-3.11.2/bin/sstableutil.bat
2018-07-19 14:58:42 [main] INFO  c.g.n.e.c.p.CassandraStarterTests - Extract /root/.embedded-cassandra/cassandra/3.11.2/apache-cassandra-3.11.2-bin.tar.gz : extract apache-cassandra-3.11.2/bin/sstableverify
2018-07-19 14:58:42 [main] INFO  c.g.n.e.c.p.CassandraStarterTests - Extract /root/.embedded-cassandra/cassandra/3.11.2/apache-cassandra-3.11.2-bin.tar.gz : extract apache-cassandra-3.11.2/bin/sstableverify.bat
2018-07-19 14:58:42 [main] INFO  c.g.n.e.c.p.CassandraStarterTests - Extract /root/.embedded-cassandra/cassandra/3.11.2/apache-cassandra-3.11.2-bin.tar.gz : extract apache-cassandra-3.11.2/bin/stop-server
2018-07-19 14:58:42 [main] INFO  c.g.n.e.c.p.CassandraStarterTests - Extract /root/.embedded-cassandra/cassandra/3.11.2/apache-cassandra-3.11.2-bin.tar.gz : extract apache-cassandra-3.11.2/bin/stop-server.bat
2018-07-19 14:58:42 [main] INFO  c.g.n.e.c.p.CassandraStarterTests - Extract /root/.embedded-cassandra/cassandra/3.11.2/apache-cassandra-3.11.2-bin.tar.gz : extract apache-cassandra-3.11.2/bin/stop-server.ps1
2018-07-19 14:58:42 [main] INFO  c.g.n.e.c.p.CassandraStarterTests - Extract /root/.embedded-cassandra/cassandra/3.11.2/apache-cassandra-3.11.2-bin.tar.gz : finished
2018-07-19 14:58:42 [main] INFO  c.g.n.e.c.process.CassandraProcess - Starting Cassandra Process using command [/tmp/temp--6ea8c199-9b7f-416d-b200-f8e3b66789c8/apache-cassandra-3.11.2/bin/cassandra, -f, -Dcassandra.jmx.local.port=35383]
2018-07-19 14:58:43 [Thread-24] INFO  c.g.n.e.c.p.CassandraStarterTests - [P:1174] Running Cassandra as root user or group is not recommended - please start Cassandra using a different system user.
2018-07-19 14:58:43 [Thread-24] INFO  c.g.n.e.c.p.CassandraStarterTests - [P:1174] If you really want to force running Cassandra as root, use -R command line option.
2018-07-19 14:58:43 [main] INFO  c.g.n.e.c.process.CassandraProcess - Cassandra process '1174' has been stopped.
]]></system-out>
    <rerunError message="Could not start a process &apos;1727&apos;.&#10;Failure:&lt;EOF&gt;&#10;Output:&#10;--- START --- &#10;[P:1727] Running Cassandra as root user or group is not recommended - please start Cassandra using a different system user.&#10;[P:1727] If you really want to force running Cassandra as root, use -R command line option.&#10;&#10;--- END --- " type="java.io.IOException"><![CDATA[java.io.IOException: 
Could not start a process '1727'.
Failure:<EOF>
Output:
--- START --- 
[P:1727] Running Cassandra as root user or group is not recommended - please start Cassandra using a different system user.
[P:1727] If you really want to force running Cassandra as root, use -R command line option.

--- END --- 
	at com.github.nosan.embedded.cassandra.process.CassandraProcess.onAfterProcessStart(CassandraProcess.java:114)
	at de.flapdoodle.embed.process.runtime.AbstractProcess.<init>(AbstractProcess.java:116)
	at com.github.nosan.embedded.cassandra.process.CassandraProcess.<init>(CassandraProcess.java:67)
	at com.github.nosan.embedded.cassandra.process.CassandraExecutable.start(CassandraExecutable.java:49)
	at com.github.nosan.embedded.cassandra.process.CassandraExecutable.start(CassandraExecutable.java:37)
	at de.flapdoodle.embed.process.runtime.Executable.start(Executable.java:108)
	at com.github.nosan.embedded.cassandra.process.CassandraStarterTests.start(CassandraStarterTests.java:64)
	at com.github.nosan.embedded.cassandra.process.CassandraStarterTests.shouldStartCassandraWithNativeTransport(CassandraStarterTests.java:75)
	at sun.reflect.NativeMethodAccessorImpl.invoke0(Native Method)
	at sun.reflect.NativeMethodAccessorImpl.invoke(NativeMethodAccessorImpl.java:62)
	at sun.reflect.DelegatingMethodAccessorImpl.invoke(DelegatingMethodAccessorImpl.java:43)
	at java.lang.reflect.Method.invoke(Method.java:498)
	at org.junit.runners.model.FrameworkMethod$1.runReflectiveCall(FrameworkMethod.java:50)
	at org.junit.internal.runners.model.ReflectiveCallable.run(ReflectiveCallable.java:12)
	at org.junit.runners.model.FrameworkMethod.invokeExplosively(FrameworkMethod.java:47)
	at org.junit.internal.runners.statements.InvokeMethod.evaluate(InvokeMethod.java:17)
	at org.junit.rules.ExpectedException$ExpectedExceptionStatement.evaluate(ExpectedException.java:239)
	at org.junit.rules.RunRules.evaluate(RunRules.java:20)
	at org.junit.runners.ParentRunner.runLeaf(ParentRunner.java:325)
	at org.junit.runners.BlockJUnit4ClassRunner.runChild(BlockJUnit4ClassRunner.java:78)
	at org.junit.runners.BlockJUnit4ClassRunner.runChild(BlockJUnit4ClassRunner.java:57)
	at org.junit.runners.ParentRunner$3.run(ParentRunner.java:290)
	at org.junit.runners.ParentRunner$1.schedule(ParentRunner.java:71)
	at org.junit.runners.ParentRunner.runChildren(ParentRunner.java:288)
	at org.junit.runners.ParentRunner.access$000(ParentRunner.java:58)
	at org.junit.runners.ParentRunner$2.evaluate(ParentRunner.java:268)
	at org.junit.runners.ParentRunner.run(ParentRunner.java:363)
	at org.apache.maven.surefire.junit4.JUnit4Provider.executeFailedMethod(JUnit4Provider.java:379)
	at org.apache.maven.surefire.junit4.JUnit4Provider.executeWithRerun(JUnit4Provider.java:290)
	at org.apache.maven.surefire.junit4.JUnit4Provider.executeTestSet(JUnit4Provider.java:236)
	at org.apache.maven.surefire.junit4.JUnit4Provider.invoke(JUnit4Provider.java:159)
	at org.apache.maven.surefire.booter.ForkedBooter.invokeProviderInSameClassLoader(ForkedBooter.java:386)
	at org.apache.maven.surefire.booter.ForkedBooter.runSuitesInProcess(ForkedBooter.java:323)
	at org.apache.maven.surefire.booter.ForkedBooter.main(ForkedBooter.java:143)
]]>
      <system-out><![CDATA[2018-07-19 14:59:14 [main] INFO  c.g.n.e.c.p.CassandraStarterTests - Extract /root/.embedded-cassandra/cassandra/3.11.2/apache-cassandra-3.11.2-bin.tar.gz : starting...
2018-07-19 14:59:14 [main] INFO  c.g.n.e.c.p.CassandraStarterTests - Extract /root/.embedded-cassandra/cassandra/3.11.2/apache-cassandra-3.11.2-bin.tar.gz : extract apache-cassandra-3.11.2/conf/cassandra-env.ps1
2018-07-19 14:59:14 [main] INFO  c.g.n.e.c.p.CassandraStarterTests - Extract /root/.embedded-cassandra/cassandra/3.11.2/apache-cassandra-3.11.2-bin.tar.gz : extract apache-cassandra-3.11.2/conf/cassandra-env.sh
2018-07-19 14:59:14 [main] INFO  c.g.n.e.c.p.CassandraStarterTests - Extract /root/.embedded-cassandra/cassandra/3.11.2/apache-cassandra-3.11.2-bin.tar.gz : extract apache-cassandra-3.11.2/conf/cassandra-jaas.config
2018-07-19 14:59:14 [main] INFO  c.g.n.e.c.p.CassandraStarterTests - Extract /root/.embedded-cassandra/cassandra/3.11.2/apache-cassandra-3.11.2-bin.tar.gz : extract apache-cassandra-3.11.2/conf/cassandra-rackdc.properties
2018-07-19 14:59:14 [main] INFO  c.g.n.e.c.p.CassandraStarterTests - Extract /root/.embedded-cassandra/cassandra/3.11.2/apache-cassandra-3.11.2-bin.tar.gz : extract apache-cassandra-3.11.2/conf/cassandra-topology.properties
2018-07-19 14:59:14 [main] INFO  c.g.n.e.c.p.CassandraStarterTests - Extract /root/.embedded-cassandra/cassandra/3.11.2/apache-cassandra-3.11.2-bin.tar.gz : extract apache-cassandra-3.11.2/conf/cassandra.yaml
2018-07-19 14:59:14 [main] INFO  c.g.n.e.c.p.CassandraStarterTests - Extract /root/.embedded-cassandra/cassandra/3.11.2/apache-cassandra-3.11.2-bin.tar.gz : extract apache-cassandra-3.11.2/conf/commitlog_archiving.properties
2018-07-19 14:59:14 [main] INFO  c.g.n.e.c.p.CassandraStarterTests - Extract /root/.embedded-cassandra/cassandra/3.11.2/apache-cassandra-3.11.2-bin.tar.gz : extract apache-cassandra-3.11.2/conf/cqlshrc.sample
2018-07-19 14:59:14 [main] INFO  c.g.n.e.c.p.CassandraStarterTests - Extract /root/.embedded-cassandra/cassandra/3.11.2/apache-cassandra-3.11.2-bin.tar.gz : extract apache-cassandra-3.11.2/conf/hotspot_compiler
2018-07-19 14:59:14 [main] INFO  c.g.n.e.c.p.CassandraStarterTests - Extract /root/.embedded-cassandra/cassandra/3.11.2/apache-cassandra-3.11.2-bin.tar.gz : extract apache-cassandra-3.11.2/conf/jvm.options
2018-07-19 14:59:14 [main] INFO  c.g.n.e.c.p.CassandraStarterTests - Extract /root/.embedded-cassandra/cassandra/3.11.2/apache-cassandra-3.11.2-bin.tar.gz : extract apache-cassandra-3.11.2/conf/logback-tools.xml
2018-07-19 14:59:14 [main] INFO  c.g.n.e.c.p.CassandraStarterTests - Extract /root/.embedded-cassandra/cassandra/3.11.2/apache-cassandra-3.11.2-bin.tar.gz : extract apache-cassandra-3.11.2/conf/logback.xml
2018-07-19 14:59:14 [main] INFO  c.g.n.e.c.p.CassandraStarterTests - Extract /root/.embedded-cassandra/cassandra/3.11.2/apache-cassandra-3.11.2-bin.tar.gz : extract apache-cassandra-3.11.2/conf/metrics-reporter-config-sample.yaml
2018-07-19 14:59:14 [main] INFO  c.g.n.e.c.p.CassandraStarterTests - Extract /root/.embedded-cassandra/cassandra/3.11.2/apache-cassandra-3.11.2-bin.tar.gz : extract apache-cassandra-3.11.2/conf/triggers/README.txt
2018-07-19 14:59:14 [main] INFO  c.g.n.e.c.p.CassandraStarterTests - Extract /root/.embedded-cassandra/cassandra/3.11.2/apache-cassandra-3.11.2-bin.tar.gz : extract apache-cassandra-3.11.2/interface/cassandra.thrift
2018-07-19 14:59:17 [main] INFO  c.g.n.e.c.p.CassandraStarterTests - Extract /root/.embedded-cassandra/cassandra/3.11.2/apache-cassandra-3.11.2-bin.tar.gz : extract apache-cassandra-3.11.2/lib/HdrHistogram-2.1.9.jar
2018-07-19 14:59:17 [main] INFO  c.g.n.e.c.p.CassandraStarterTests - Extract /root/.embedded-cassandra/cassandra/3.11.2/apache-cassandra-3.11.2-bin.tar.gz : extract apache-cassandra-3.11.2/lib/ST4-4.0.8.jar
2018-07-19 14:59:17 [main] INFO  c.g.n.e.c.p.CassandraStarterTests - Extract /root/.embedded-cassandra/cassandra/3.11.2/apache-cassandra-3.11.2-bin.tar.gz : extract apache-cassandra-3.11.2/lib/airline-0.6.jar
2018-07-19 14:59:17 [main] INFO  c.g.n.e.c.p.CassandraStarterTests - Extract /root/.embedded-cassandra/cassandra/3.11.2/apache-cassandra-3.11.2-bin.tar.gz : extract apache-cassandra-3.11.2/lib/antlr-runtime-3.5.2.jar
2018-07-19 14:59:17 [main] INFO  c.g.n.e.c.p.CassandraStarterTests - Extract /root/.embedded-cassandra/cassandra/3.11.2/apache-cassandra-3.11.2-bin.tar.gz : extract apache-cassandra-3.11.2/lib/apache-cassandra-3.11.2.jar
2018-07-19 14:59:17 [main] INFO  c.g.n.e.c.p.CassandraStarterTests - Extract /root/.embedded-cassandra/cassandra/3.11.2/apache-cassandra-3.11.2-bin.tar.gz : extract apache-cassandra-3.11.2/lib/apache-cassandra-thrift-3.11.2.jar
2018-07-19 14:59:17 [main] INFO  c.g.n.e.c.p.CassandraStarterTests - Extract /root/.embedded-cassandra/cassandra/3.11.2/apache-cassandra-3.11.2-bin.tar.gz : extract apache-cassandra-3.11.2/lib/asm-5.0.4.jar
2018-07-19 14:59:17 [main] INFO  c.g.n.e.c.p.CassandraStarterTests - Extract /root/.embedded-cassandra/cassandra/3.11.2/apache-cassandra-3.11.2-bin.tar.gz : extract apache-cassandra-3.11.2/lib/caffeine-2.2.6.jar
2018-07-19 14:59:17 [main] INFO  c.g.n.e.c.p.CassandraStarterTests - Extract /root/.embedded-cassandra/cassandra/3.11.2/apache-cassandra-3.11.2-bin.tar.gz : extract apache-cassandra-3.11.2/lib/cassandra-driver-core-3.0.1-shaded.jar
2018-07-19 14:59:17 [main] INFO  c.g.n.e.c.p.CassandraStarterTests - Extract /root/.embedded-cassandra/cassandra/3.11.2/apache-cassandra-3.11.2-bin.tar.gz : extract apache-cassandra-3.11.2/lib/cassandra-driver-internal-only-3.10.zip
2018-07-19 14:59:17 [main] INFO  c.g.n.e.c.p.CassandraStarterTests - Extract /root/.embedded-cassandra/cassandra/3.11.2/apache-cassandra-3.11.2-bin.tar.gz : extract apache-cassandra-3.11.2/lib/cassandra-driver-internal-only-3.11.0-bb96859b.zip
2018-07-19 14:59:17 [main] INFO  c.g.n.e.c.p.CassandraStarterTests - Extract /root/.embedded-cassandra/cassandra/3.11.2/apache-cassandra-3.11.2-bin.tar.gz : extract apache-cassandra-3.11.2/lib/commons-cli-1.1.jar
2018-07-19 14:59:17 [main] INFO  c.g.n.e.c.p.CassandraStarterTests - Extract /root/.embedded-cassandra/cassandra/3.11.2/apache-cassandra-3.11.2-bin.tar.gz : extract apache-cassandra-3.11.2/lib/commons-codec-1.9.jar
2018-07-19 14:59:17 [main] INFO  c.g.n.e.c.p.CassandraStarterTests - Extract /root/.embedded-cassandra/cassandra/3.11.2/apache-cassandra-3.11.2-bin.tar.gz : extract apache-cassandra-3.11.2/lib/commons-lang3-3.1.jar
2018-07-19 14:59:17 [main] INFO  c.g.n.e.c.p.CassandraStarterTests - Extract /root/.embedded-cassandra/cassandra/3.11.2/apache-cassandra-3.11.2-bin.tar.gz : extract apache-cassandra-3.11.2/lib/commons-math3-3.2.jar
2018-07-19 14:59:17 [main] INFO  c.g.n.e.c.p.CassandraStarterTests - Extract /root/.embedded-cassandra/cassandra/3.11.2/apache-cassandra-3.11.2-bin.tar.gz : extract apache-cassandra-3.11.2/lib/compress-lzf-0.8.4.jar
2018-07-19 14:59:17 [main] INFO  c.g.n.e.c.p.CassandraStarterTests - Extract /root/.embedded-cassandra/cassandra/3.11.2/apache-cassandra-3.11.2-bin.tar.gz : extract apache-cassandra-3.11.2/lib/concurrent-trees-2.4.0.jar
2018-07-19 14:59:17 [main] INFO  c.g.n.e.c.p.CassandraStarterTests - Extract /root/.embedded-cassandra/cassandra/3.11.2/apache-cassandra-3.11.2-bin.tar.gz : extract apache-cassandra-3.11.2/lib/concurrentlinkedhashmap-lru-1.4.jar
2018-07-19 14:59:17 [main] INFO  c.g.n.e.c.p.CassandraStarterTests - Extract /root/.embedded-cassandra/cassandra/3.11.2/apache-cassandra-3.11.2-bin.tar.gz : extract apache-cassandra-3.11.2/lib/disruptor-3.0.1.jar
2018-07-19 14:59:18 [main] INFO  c.g.n.e.c.p.CassandraStarterTests - Extract /root/.embedded-cassandra/cassandra/3.11.2/apache-cassandra-3.11.2-bin.tar.gz : extract apache-cassandra-3.11.2/lib/ecj-4.4.2.jar
2018-07-19 14:59:18 [main] INFO  c.g.n.e.c.p.CassandraStarterTests - Extract /root/.embedded-cassandra/cassandra/3.11.2/apache-cassandra-3.11.2-bin.tar.gz : extract apache-cassandra-3.11.2/lib/futures-2.1.6-py2.py3-none-any.zip
2018-07-19 14:59:18 [main] INFO  c.g.n.e.c.p.CassandraStarterTests - Extract /root/.embedded-cassandra/cassandra/3.11.2/apache-cassandra-3.11.2-bin.tar.gz : extract apache-cassandra-3.11.2/lib/guava-18.0.jar
2018-07-19 14:59:18 [main] INFO  c.g.n.e.c.p.CassandraStarterTests - Extract /root/.embedded-cassandra/cassandra/3.11.2/apache-cassandra-3.11.2-bin.tar.gz : extract apache-cassandra-3.11.2/lib/high-scale-lib-1.0.6.jar
2018-07-19 14:59:18 [main] INFO  c.g.n.e.c.p.CassandraStarterTests - Extract /root/.embedded-cassandra/cassandra/3.11.2/apache-cassandra-3.11.2-bin.tar.gz : extract apache-cassandra-3.11.2/lib/hppc-0.5.4.jar
2018-07-19 14:59:18 [main] INFO  c.g.n.e.c.p.CassandraStarterTests - Extract /root/.embedded-cassandra/cassandra/3.11.2/apache-cassandra-3.11.2-bin.tar.gz : extract apache-cassandra-3.11.2/lib/jackson-core-asl-1.9.13.jar
2018-07-19 14:59:18 [main] INFO  c.g.n.e.c.p.CassandraStarterTests - Extract /root/.embedded-cassandra/cassandra/3.11.2/apache-cassandra-3.11.2-bin.tar.gz : extract apache-cassandra-3.11.2/lib/jackson-mapper-asl-1.9.13.jar
2018-07-19 14:59:18 [main] INFO  c.g.n.e.c.p.CassandraStarterTests - Extract /root/.embedded-cassandra/cassandra/3.11.2/apache-cassandra-3.11.2-bin.tar.gz : extract apache-cassandra-3.11.2/lib/jamm-0.3.0.jar
2018-07-19 14:59:18 [main] INFO  c.g.n.e.c.p.CassandraStarterTests - Extract /root/.embedded-cassandra/cassandra/3.11.2/apache-cassandra-3.11.2-bin.tar.gz : extract apache-cassandra-3.11.2/lib/javax.inject.jar
2018-07-19 14:59:18 [main] INFO  c.g.n.e.c.p.CassandraStarterTests - Extract /root/.embedded-cassandra/cassandra/3.11.2/apache-cassandra-3.11.2-bin.tar.gz : extract apache-cassandra-3.11.2/lib/jbcrypt-0.3m.jar
2018-07-19 14:59:18 [main] INFO  c.g.n.e.c.p.CassandraStarterTests - Extract /root/.embedded-cassandra/cassandra/3.11.2/apache-cassandra-3.11.2-bin.tar.gz : extract apache-cassandra-3.11.2/lib/jcl-over-slf4j-1.7.7.jar
2018-07-19 14:59:18 [main] INFO  c.g.n.e.c.p.CassandraStarterTests - Extract /root/.embedded-cassandra/cassandra/3.11.2/apache-cassandra-3.11.2-bin.tar.gz : extract apache-cassandra-3.11.2/lib/jctools-core-1.2.1.jar
2018-07-19 14:59:18 [main] INFO  c.g.n.e.c.p.CassandraStarterTests - Extract /root/.embedded-cassandra/cassandra/3.11.2/apache-cassandra-3.11.2-bin.tar.gz : extract apache-cassandra-3.11.2/lib/jflex-1.6.0.jar
2018-07-19 14:59:18 [main] INFO  c.g.n.e.c.p.CassandraStarterTests - Extract /root/.embedded-cassandra/cassandra/3.11.2/apache-cassandra-3.11.2-bin.tar.gz : extract apache-cassandra-3.11.2/lib/jna-4.2.2.jar
2018-07-19 14:59:18 [main] INFO  c.g.n.e.c.p.CassandraStarterTests - Extract /root/.embedded-cassandra/cassandra/3.11.2/apache-cassandra-3.11.2-bin.tar.gz : extract apache-cassandra-3.11.2/lib/joda-time-2.4.jar
2018-07-19 14:59:18 [main] INFO  c.g.n.e.c.p.CassandraStarterTests - Extract /root/.embedded-cassandra/cassandra/3.11.2/apache-cassandra-3.11.2-bin.tar.gz : extract apache-cassandra-3.11.2/lib/json-simple-1.1.jar
2018-07-19 14:59:18 [main] INFO  c.g.n.e.c.p.CassandraStarterTests - Extract /root/.embedded-cassandra/cassandra/3.11.2/apache-cassandra-3.11.2-bin.tar.gz : extract apache-cassandra-3.11.2/lib/jstackjunit-0.0.1.jar
2018-07-19 14:59:18 [main] INFO  c.g.n.e.c.p.CassandraStarterTests - Extract /root/.embedded-cassandra/cassandra/3.11.2/apache-cassandra-3.11.2-bin.tar.gz : extract apache-cassandra-3.11.2/lib/libthrift-0.9.2.jar
2018-07-19 14:59:18 [main] INFO  c.g.n.e.c.p.CassandraStarterTests - Extract /root/.embedded-cassandra/cassandra/3.11.2/apache-cassandra-3.11.2-bin.tar.gz : extract apache-cassandra-3.11.2/lib/log4j-over-slf4j-1.7.7.jar
2018-07-19 14:59:18 [main] INFO  c.g.n.e.c.p.CassandraStarterTests - Extract /root/.embedded-cassandra/cassandra/3.11.2/apache-cassandra-3.11.2-bin.tar.gz : extract apache-cassandra-3.11.2/lib/logback-classic-1.1.3.jar
2018-07-19 14:59:18 [main] INFO  c.g.n.e.c.p.CassandraStarterTests - Extract /root/.embedded-cassandra/cassandra/3.11.2/apache-cassandra-3.11.2-bin.tar.gz : extract apache-cassandra-3.11.2/lib/logback-core-1.1.3.jar
2018-07-19 14:59:18 [main] INFO  c.g.n.e.c.p.CassandraStarterTests - Extract /root/.embedded-cassandra/cassandra/3.11.2/apache-cassandra-3.11.2-bin.tar.gz : extract apache-cassandra-3.11.2/lib/lz4-1.3.0.jar
2018-07-19 14:59:18 [main] INFO  c.g.n.e.c.p.CassandraStarterTests - Extract /root/.embedded-cassandra/cassandra/3.11.2/apache-cassandra-3.11.2-bin.tar.gz : extract apache-cassandra-3.11.2/lib/metrics-core-3.1.0.jar
2018-07-19 14:59:18 [main] INFO  c.g.n.e.c.p.CassandraStarterTests - Extract /root/.embedded-cassandra/cassandra/3.11.2/apache-cassandra-3.11.2-bin.tar.gz : extract apache-cassandra-3.11.2/lib/metrics-jvm-3.1.0.jar
2018-07-19 14:59:18 [main] INFO  c.g.n.e.c.p.CassandraStarterTests - Extract /root/.embedded-cassandra/cassandra/3.11.2/apache-cassandra-3.11.2-bin.tar.gz : extract apache-cassandra-3.11.2/lib/metrics-logback-3.1.0.jar
2018-07-19 14:59:18 [main] INFO  c.g.n.e.c.p.CassandraStarterTests - Extract /root/.embedded-cassandra/cassandra/3.11.2/apache-cassandra-3.11.2-bin.tar.gz : extract apache-cassandra-3.11.2/lib/netty-all-4.0.44.Final.jar
2018-07-19 14:59:18 [main] INFO  c.g.n.e.c.p.CassandraStarterTests - Extract /root/.embedded-cassandra/cassandra/3.11.2/apache-cassandra-3.11.2-bin.tar.gz : extract apache-cassandra-3.11.2/lib/ohc-core-0.4.4.jar
2018-07-19 14:59:18 [main] INFO  c.g.n.e.c.p.CassandraStarterTests - Extract /root/.embedded-cassandra/cassandra/3.11.2/apache-cassandra-3.11.2-bin.tar.gz : extract apache-cassandra-3.11.2/lib/ohc-core-j8-0.4.4.jar
2018-07-19 14:59:18 [main] INFO  c.g.n.e.c.p.CassandraStarterTests - Extract /root/.embedded-cassandra/cassandra/3.11.2/apache-cassandra-3.11.2-bin.tar.gz : extract apache-cassandra-3.11.2/lib/reporter-config-base-3.0.3.jar
2018-07-19 14:59:18 [main] INFO  c.g.n.e.c.p.CassandraStarterTests - Extract /root/.embedded-cassandra/cassandra/3.11.2/apache-cassandra-3.11.2-bin.tar.gz : extract apache-cassandra-3.11.2/lib/reporter-config3-3.0.3.jar
2018-07-19 14:59:18 [main] INFO  c.g.n.e.c.p.CassandraStarterTests - Extract /root/.embedded-cassandra/cassandra/3.11.2/apache-cassandra-3.11.2-bin.tar.gz : extract apache-cassandra-3.11.2/lib/sigar-1.6.4.jar
2018-07-19 14:59:18 [main] INFO  c.g.n.e.c.p.CassandraStarterTests - Extract /root/.embedded-cassandra/cassandra/3.11.2/apache-cassandra-3.11.2-bin.tar.gz : extract apache-cassandra-3.11.2/lib/sigar-bin/libsigar-amd64-freebsd-6.so
2018-07-19 14:59:18 [main] INFO  c.g.n.e.c.p.CassandraStarterTests - Extract /root/.embedded-cassandra/cassandra/3.11.2/apache-cassandra-3.11.2-bin.tar.gz : extract apache-cassandra-3.11.2/lib/sigar-bin/libsigar-amd64-linux.so
2018-07-19 14:59:18 [main] INFO  c.g.n.e.c.p.CassandraStarterTests - Extract /root/.embedded-cassandra/cassandra/3.11.2/apache-cassandra-3.11.2-bin.tar.gz : extract apache-cassandra-3.11.2/lib/sigar-bin/libsigar-amd64-solaris.so
2018-07-19 14:59:18 [main] INFO  c.g.n.e.c.p.CassandraStarterTests - Extract /root/.embedded-cassandra/cassandra/3.11.2/apache-cassandra-3.11.2-bin.tar.gz : extract apache-cassandra-3.11.2/lib/sigar-bin/libsigar-ia64-hpux-11.sl
2018-07-19 14:59:18 [main] INFO  c.g.n.e.c.p.CassandraStarterTests - Extract /root/.embedded-cassandra/cassandra/3.11.2/apache-cassandra-3.11.2-bin.tar.gz : extract apache-cassandra-3.11.2/lib/sigar-bin/libsigar-ia64-linux.so
2018-07-19 14:59:18 [main] INFO  c.g.n.e.c.p.CassandraStarterTests - Extract /root/.embedded-cassandra/cassandra/3.11.2/apache-cassandra-3.11.2-bin.tar.gz : extract apache-cassandra-3.11.2/lib/sigar-bin/libsigar-pa-hpux-11.sl
2018-07-19 14:59:18 [main] INFO  c.g.n.e.c.p.CassandraStarterTests - Extract /root/.embedded-cassandra/cassandra/3.11.2/apache-cassandra-3.11.2-bin.tar.gz : extract apache-cassandra-3.11.2/lib/sigar-bin/libsigar-ppc-aix-5.so
2018-07-19 14:59:18 [main] INFO  c.g.n.e.c.p.CassandraStarterTests - Extract /root/.embedded-cassandra/cassandra/3.11.2/apache-cassandra-3.11.2-bin.tar.gz : extract apache-cassandra-3.11.2/lib/sigar-bin/libsigar-ppc-linux.so
2018-07-19 14:59:18 [main] INFO  c.g.n.e.c.p.CassandraStarterTests - Extract /root/.embedded-cassandra/cassandra/3.11.2/apache-cassandra-3.11.2-bin.tar.gz : extract apache-cassandra-3.11.2/lib/sigar-bin/libsigar-ppc64-aix-5.so
2018-07-19 14:59:18 [main] INFO  c.g.n.e.c.p.CassandraStarterTests - Extract /root/.embedded-cassandra/cassandra/3.11.2/apache-cassandra-3.11.2-bin.tar.gz : extract apache-cassandra-3.11.2/lib/sigar-bin/libsigar-ppc64-linux.so
2018-07-19 14:59:18 [main] INFO  c.g.n.e.c.p.CassandraStarterTests - Extract /root/.embedded-cassandra/cassandra/3.11.2/apache-cassandra-3.11.2-bin.tar.gz : extract apache-cassandra-3.11.2/lib/sigar-bin/libsigar-s390x-linux.so
2018-07-19 14:59:18 [main] INFO  c.g.n.e.c.p.CassandraStarterTests - Extract /root/.embedded-cassandra/cassandra/3.11.2/apache-cassandra-3.11.2-bin.tar.gz : extract apache-cassandra-3.11.2/lib/sigar-bin/libsigar-sparc-solaris.so
2018-07-19 14:59:18 [main] INFO  c.g.n.e.c.p.CassandraStarterTests - Extract /root/.embedded-cassandra/cassandra/3.11.2/apache-cassandra-3.11.2-bin.tar.gz : extract apache-cassandra-3.11.2/lib/sigar-bin/libsigar-sparc64-solaris.so
2018-07-19 14:59:18 [main] INFO  c.g.n.e.c.p.CassandraStarterTests - Extract /root/.embedded-cassandra/cassandra/3.11.2/apache-cassandra-3.11.2-bin.tar.gz : extract apache-cassandra-3.11.2/lib/sigar-bin/libsigar-universal-macosx.dylib
2018-07-19 14:59:18 [main] INFO  c.g.n.e.c.p.CassandraStarterTests - Extract /root/.embedded-cassandra/cassandra/3.11.2/apache-cassandra-3.11.2-bin.tar.gz : extract apache-cassandra-3.11.2/lib/sigar-bin/libsigar-universal64-macosx.dylib
2018-07-19 14:59:18 [main] INFO  c.g.n.e.c.p.CassandraStarterTests - Extract /root/.embedded-cassandra/cassandra/3.11.2/apache-cassandra-3.11.2-bin.tar.gz : extract apache-cassandra-3.11.2/lib/sigar-bin/libsigar-x86-freebsd-5.so
2018-07-19 14:59:18 [main] INFO  c.g.n.e.c.p.CassandraStarterTests - Extract /root/.embedded-cassandra/cassandra/3.11.2/apache-cassandra-3.11.2-bin.tar.gz : extract apache-cassandra-3.11.2/lib/sigar-bin/libsigar-x86-freebsd-6.so
2018-07-19 14:59:18 [main] INFO  c.g.n.e.c.p.CassandraStarterTests - Extract /root/.embedded-cassandra/cassandra/3.11.2/apache-cassandra-3.11.2-bin.tar.gz : extract apache-cassandra-3.11.2/lib/sigar-bin/libsigar-x86-linux.so
2018-07-19 14:59:18 [main] INFO  c.g.n.e.c.p.CassandraStarterTests - Extract /root/.embedded-cassandra/cassandra/3.11.2/apache-cassandra-3.11.2-bin.tar.gz : extract apache-cassandra-3.11.2/lib/sigar-bin/libsigar-x86-solaris.so
2018-07-19 14:59:18 [main] INFO  c.g.n.e.c.p.CassandraStarterTests - Extract /root/.embedded-cassandra/cassandra/3.11.2/apache-cassandra-3.11.2-bin.tar.gz : extract apache-cassandra-3.11.2/lib/sigar-bin/sigar-amd64-winnt.dll
2018-07-19 14:59:18 [main] INFO  c.g.n.e.c.p.CassandraStarterTests - Extract /root/.embedded-cassandra/cassandra/3.11.2/apache-cassandra-3.11.2-bin.tar.gz : extract apache-cassandra-3.11.2/lib/sigar-bin/sigar-x86-winnt.dll
2018-07-19 14:59:18 [main] INFO  c.g.n.e.c.p.CassandraStarterTests - Extract /root/.embedded-cassandra/cassandra/3.11.2/apache-cassandra-3.11.2-bin.tar.gz : extract apache-cassandra-3.11.2/lib/sigar-bin/sigar-x86-winnt.lib
2018-07-19 14:59:18 [main] INFO  c.g.n.e.c.p.CassandraStarterTests - Extract /root/.embedded-cassandra/cassandra/3.11.2/apache-cassandra-3.11.2-bin.tar.gz : extract apache-cassandra-3.11.2/lib/six-1.7.3-py2.py3-none-any.zip
2018-07-19 14:59:18 [main] INFO  c.g.n.e.c.p.CassandraStarterTests - Extract /root/.embedded-cassandra/cassandra/3.11.2/apache-cassandra-3.11.2-bin.tar.gz : extract apache-cassandra-3.11.2/lib/slf4j-api-1.7.7.jar
2018-07-19 14:59:18 [main] INFO  c.g.n.e.c.p.CassandraStarterTests - Extract /root/.embedded-cassandra/cassandra/3.11.2/apache-cassandra-3.11.2-bin.tar.gz : extract apache-cassandra-3.11.2/lib/snakeyaml-1.11.jar
2018-07-19 14:59:18 [main] INFO  c.g.n.e.c.p.CassandraStarterTests - Extract /root/.embedded-cassandra/cassandra/3.11.2/apache-cassandra-3.11.2-bin.tar.gz : extract apache-cassandra-3.11.2/lib/snappy-java-1.1.1.7.jar
2018-07-19 14:59:18 [main] INFO  c.g.n.e.c.p.CassandraStarterTests - Extract /root/.embedded-cassandra/cassandra/3.11.2/apache-cassandra-3.11.2-bin.tar.gz : extract apache-cassandra-3.11.2/lib/snowball-stemmer-1.3.0.581.1.jar
2018-07-19 14:59:18 [main] INFO  c.g.n.e.c.p.CassandraStarterTests - Extract /root/.embedded-cassandra/cassandra/3.11.2/apache-cassandra-3.11.2-bin.tar.gz : extract apache-cassandra-3.11.2/lib/stream-2.5.2.jar
2018-07-19 14:59:18 [main] INFO  c.g.n.e.c.p.CassandraStarterTests - Extract /root/.embedded-cassandra/cassandra/3.11.2/apache-cassandra-3.11.2-bin.tar.gz : extract apache-cassandra-3.11.2/lib/thrift-server-0.3.7.jar
2018-07-19 14:59:18 [main] INFO  c.g.n.e.c.p.CassandraStarterTests - Extract /root/.embedded-cassandra/cassandra/3.11.2/apache-cassandra-3.11.2-bin.tar.gz : extract apache-cassandra-3.11.2/pylib/cqlshlib/__init__.py
2018-07-19 14:59:18 [main] INFO  c.g.n.e.c.p.CassandraStarterTests - Extract /root/.embedded-cassandra/cassandra/3.11.2/apache-cassandra-3.11.2-bin.tar.gz : extract apache-cassandra-3.11.2/pylib/cqlshlib/copyutil.py
2018-07-19 14:59:18 [main] INFO  c.g.n.e.c.p.CassandraStarterTests - Extract /root/.embedded-cassandra/cassandra/3.11.2/apache-cassandra-3.11.2-bin.tar.gz : extract apache-cassandra-3.11.2/pylib/cqlshlib/cql3handling.py
2018-07-19 14:59:18 [main] INFO  c.g.n.e.c.p.CassandraStarterTests - Extract /root/.embedded-cassandra/cassandra/3.11.2/apache-cassandra-3.11.2-bin.tar.gz : extract apache-cassandra-3.11.2/pylib/cqlshlib/cqlhandling.py
2018-07-19 14:59:18 [main] INFO  c.g.n.e.c.p.CassandraStarterTests - Extract /root/.embedded-cassandra/cassandra/3.11.2/apache-cassandra-3.11.2-bin.tar.gz : extract apache-cassandra-3.11.2/pylib/cqlshlib/cqlshhandling.py
2018-07-19 14:59:18 [main] INFO  c.g.n.e.c.p.CassandraStarterTests - Extract /root/.embedded-cassandra/cassandra/3.11.2/apache-cassandra-3.11.2-bin.tar.gz : extract apache-cassandra-3.11.2/pylib/cqlshlib/displaying.py
2018-07-19 14:59:18 [main] INFO  c.g.n.e.c.p.CassandraStarterTests - Extract /root/.embedded-cassandra/cassandra/3.11.2/apache-cassandra-3.11.2-bin.tar.gz : extract apache-cassandra-3.11.2/pylib/cqlshlib/formatting.py
2018-07-19 14:59:18 [main] INFO  c.g.n.e.c.p.CassandraStarterTests - Extract /root/.embedded-cassandra/cassandra/3.11.2/apache-cassandra-3.11.2-bin.tar.gz : extract apache-cassandra-3.11.2/pylib/cqlshlib/helptopics.py
2018-07-19 14:59:18 [main] INFO  c.g.n.e.c.p.CassandraStarterTests - Extract /root/.embedded-cassandra/cassandra/3.11.2/apache-cassandra-3.11.2-bin.tar.gz : extract apache-cassandra-3.11.2/pylib/cqlshlib/pylexotron.py
2018-07-19 14:59:18 [main] INFO  c.g.n.e.c.p.CassandraStarterTests - Extract /root/.embedded-cassandra/cassandra/3.11.2/apache-cassandra-3.11.2-bin.tar.gz : extract apache-cassandra-3.11.2/pylib/cqlshlib/saferscanner.py
2018-07-19 14:59:18 [main] INFO  c.g.n.e.c.p.CassandraStarterTests - Extract /root/.embedded-cassandra/cassandra/3.11.2/apache-cassandra-3.11.2-bin.tar.gz : extract apache-cassandra-3.11.2/pylib/cqlshlib/sslhandling.py
2018-07-19 14:59:18 [main] INFO  c.g.n.e.c.p.CassandraStarterTests - Extract /root/.embedded-cassandra/cassandra/3.11.2/apache-cassandra-3.11.2-bin.tar.gz : extract apache-cassandra-3.11.2/pylib/cqlshlib/test/__init__.py
2018-07-19 14:59:18 [main] INFO  c.g.n.e.c.p.CassandraStarterTests - Extract /root/.embedded-cassandra/cassandra/3.11.2/apache-cassandra-3.11.2-bin.tar.gz : extract apache-cassandra-3.11.2/pylib/cqlshlib/test/ansi_colors.py
2018-07-19 14:59:18 [main] INFO  c.g.n.e.c.p.CassandraStarterTests - Extract /root/.embedded-cassandra/cassandra/3.11.2/apache-cassandra-3.11.2-bin.tar.gz : extract apache-cassandra-3.11.2/pylib/cqlshlib/test/basecase.py
2018-07-19 14:59:18 [main] INFO  c.g.n.e.c.p.CassandraStarterTests - Extract /root/.embedded-cassandra/cassandra/3.11.2/apache-cassandra-3.11.2-bin.tar.gz : extract apache-cassandra-3.11.2/pylib/cqlshlib/test/cassconnect.py
2018-07-19 14:59:18 [main] INFO  c.g.n.e.c.p.CassandraStarterTests - Extract /root/.embedded-cassandra/cassandra/3.11.2/apache-cassandra-3.11.2-bin.tar.gz : extract apache-cassandra-3.11.2/pylib/cqlshlib/test/run_cqlsh.py
2018-07-19 14:59:18 [main] INFO  c.g.n.e.c.p.CassandraStarterTests - Extract /root/.embedded-cassandra/cassandra/3.11.2/apache-cassandra-3.11.2-bin.tar.gz : extract apache-cassandra-3.11.2/pylib/cqlshlib/test/test_cql_parsing.py
2018-07-19 14:59:18 [main] INFO  c.g.n.e.c.p.CassandraStarterTests - Extract /root/.embedded-cassandra/cassandra/3.11.2/apache-cassandra-3.11.2-bin.tar.gz : extract apache-cassandra-3.11.2/pylib/cqlshlib/test/test_cqlsh_commands.py
2018-07-19 14:59:18 [main] INFO  c.g.n.e.c.p.CassandraStarterTests - Extract /root/.embedded-cassandra/cassandra/3.11.2/apache-cassandra-3.11.2-bin.tar.gz : extract apache-cassandra-3.11.2/pylib/cqlshlib/test/test_cqlsh_completion.py
2018-07-19 14:59:18 [main] INFO  c.g.n.e.c.p.CassandraStarterTests - Extract /root/.embedded-cassandra/cassandra/3.11.2/apache-cassandra-3.11.2-bin.tar.gz : extract apache-cassandra-3.11.2/pylib/cqlshlib/test/test_cqlsh_invocation.py
2018-07-19 14:59:18 [main] INFO  c.g.n.e.c.p.CassandraStarterTests - Extract /root/.embedded-cassandra/cassandra/3.11.2/apache-cassandra-3.11.2-bin.tar.gz : extract apache-cassandra-3.11.2/pylib/cqlshlib/test/test_cqlsh_output.py
2018-07-19 14:59:18 [main] INFO  c.g.n.e.c.p.CassandraStarterTests - Extract /root/.embedded-cassandra/cassandra/3.11.2/apache-cassandra-3.11.2-bin.tar.gz : extract apache-cassandra-3.11.2/pylib/cqlshlib/test/test_cqlsh_parsing.py
2018-07-19 14:59:18 [main] INFO  c.g.n.e.c.p.CassandraStarterTests - Extract /root/.embedded-cassandra/cassandra/3.11.2/apache-cassandra-3.11.2-bin.tar.gz : extract apache-cassandra-3.11.2/pylib/cqlshlib/test/test_keyspace_init.cql
2018-07-19 14:59:18 [main] INFO  c.g.n.e.c.p.CassandraStarterTests - Extract /root/.embedded-cassandra/cassandra/3.11.2/apache-cassandra-3.11.2-bin.tar.gz : extract apache-cassandra-3.11.2/pylib/cqlshlib/test/winpty.py
2018-07-19 14:59:18 [main] INFO  c.g.n.e.c.p.CassandraStarterTests - Extract /root/.embedded-cassandra/cassandra/3.11.2/apache-cassandra-3.11.2-bin.tar.gz : extract apache-cassandra-3.11.2/pylib/cqlshlib/tracing.py
2018-07-19 14:59:18 [main] INFO  c.g.n.e.c.p.CassandraStarterTests - Extract /root/.embedded-cassandra/cassandra/3.11.2/apache-cassandra-3.11.2-bin.tar.gz : extract apache-cassandra-3.11.2/pylib/cqlshlib/util.py
2018-07-19 14:59:18 [main] INFO  c.g.n.e.c.p.CassandraStarterTests - Extract /root/.embedded-cassandra/cassandra/3.11.2/apache-cassandra-3.11.2-bin.tar.gz : extract apache-cassandra-3.11.2/pylib/cqlshlib/wcwidth.py
2018-07-19 14:59:18 [main] INFO  c.g.n.e.c.p.CassandraStarterTests - Extract /root/.embedded-cassandra/cassandra/3.11.2/apache-cassandra-3.11.2-bin.tar.gz : extract apache-cassandra-3.11.2/pylib/setup.py
2018-07-19 14:59:18 [main] INFO  c.g.n.e.c.p.CassandraStarterTests - Extract /root/.embedded-cassandra/cassandra/3.11.2/apache-cassandra-3.11.2-bin.tar.gz : extract apache-cassandra-3.11.2/tools/bin/cassandra-stress
2018-07-19 14:59:18 [main] INFO  c.g.n.e.c.p.CassandraStarterTests - Extract /root/.embedded-cassandra/cassandra/3.11.2/apache-cassandra-3.11.2-bin.tar.gz : extract apache-cassandra-3.11.2/tools/bin/cassandra-stress.bat
2018-07-19 14:59:18 [main] INFO  c.g.n.e.c.p.CassandraStarterTests - Extract /root/.embedded-cassandra/cassandra/3.11.2/apache-cassandra-3.11.2-bin.tar.gz : extract apache-cassandra-3.11.2/tools/bin/cassandra-stressd
2018-07-19 14:59:18 [main] INFO  c.g.n.e.c.p.CassandraStarterTests - Extract /root/.embedded-cassandra/cassandra/3.11.2/apache-cassandra-3.11.2-bin.tar.gz : extract apache-cassandra-3.11.2/tools/bin/cassandra.in.bat
2018-07-19 14:59:18 [main] INFO  c.g.n.e.c.p.CassandraStarterTests - Extract /root/.embedded-cassandra/cassandra/3.11.2/apache-cassandra-3.11.2-bin.tar.gz : extract apache-cassandra-3.11.2/tools/bin/cassandra.in.sh
2018-07-19 14:59:18 [main] INFO  c.g.n.e.c.p.CassandraStarterTests - Extract /root/.embedded-cassandra/cassandra/3.11.2/apache-cassandra-3.11.2-bin.tar.gz : extract apache-cassandra-3.11.2/tools/bin/compaction-stress
2018-07-19 14:59:18 [main] INFO  c.g.n.e.c.p.CassandraStarterTests - Extract /root/.embedded-cassandra/cassandra/3.11.2/apache-cassandra-3.11.2-bin.tar.gz : extract apache-cassandra-3.11.2/tools/bin/sstabledump
2018-07-19 14:59:18 [main] INFO  c.g.n.e.c.p.CassandraStarterTests - Extract /root/.embedded-cassandra/cassandra/3.11.2/apache-cassandra-3.11.2-bin.tar.gz : extract apache-cassandra-3.11.2/tools/bin/sstabledump.bat
2018-07-19 14:59:18 [main] INFO  c.g.n.e.c.p.CassandraStarterTests - Extract /root/.embedded-cassandra/cassandra/3.11.2/apache-cassandra-3.11.2-bin.tar.gz : extract apache-cassandra-3.11.2/tools/bin/sstableexpiredblockers
2018-07-19 14:59:18 [main] INFO  c.g.n.e.c.p.CassandraStarterTests - Extract /root/.embedded-cassandra/cassandra/3.11.2/apache-cassandra-3.11.2-bin.tar.gz : extract apache-cassandra-3.11.2/tools/bin/sstableexpiredblockers.bat
2018-07-19 14:59:18 [main] INFO  c.g.n.e.c.p.CassandraStarterTests - Extract /root/.embedded-cassandra/cassandra/3.11.2/apache-cassandra-3.11.2-bin.tar.gz : extract apache-cassandra-3.11.2/tools/bin/sstablelevelreset
2018-07-19 14:59:18 [main] INFO  c.g.n.e.c.p.CassandraStarterTests - Extract /root/.embedded-cassandra/cassandra/3.11.2/apache-cassandra-3.11.2-bin.tar.gz : extract apache-cassandra-3.11.2/tools/bin/sstablelevelreset.bat
2018-07-19 14:59:18 [main] INFO  c.g.n.e.c.p.CassandraStarterTests - Extract /root/.embedded-cassandra/cassandra/3.11.2/apache-cassandra-3.11.2-bin.tar.gz : extract apache-cassandra-3.11.2/tools/bin/sstablemetadata
2018-07-19 14:59:18 [main] INFO  c.g.n.e.c.p.CassandraStarterTests - Extract /root/.embedded-cassandra/cassandra/3.11.2/apache-cassandra-3.11.2-bin.tar.gz : extract apache-cassandra-3.11.2/tools/bin/sstablemetadata.bat
2018-07-19 14:59:18 [main] INFO  c.g.n.e.c.p.CassandraStarterTests - Extract /root/.embedded-cassandra/cassandra/3.11.2/apache-cassandra-3.11.2-bin.tar.gz : extract apache-cassandra-3.11.2/tools/bin/sstableofflinerelevel
2018-07-19 14:59:18 [main] INFO  c.g.n.e.c.p.CassandraStarterTests - Extract /root/.embedded-cassandra/cassandra/3.11.2/apache-cassandra-3.11.2-bin.tar.gz : extract apache-cassandra-3.11.2/tools/bin/sstableofflinerelevel.bat
2018-07-19 14:59:18 [main] INFO  c.g.n.e.c.p.CassandraStarterTests - Extract /root/.embedded-cassandra/cassandra/3.11.2/apache-cassandra-3.11.2-bin.tar.gz : extract apache-cassandra-3.11.2/tools/bin/sstablerepairedset
2018-07-19 14:59:18 [main] INFO  c.g.n.e.c.p.CassandraStarterTests - Extract /root/.embedded-cassandra/cassandra/3.11.2/apache-cassandra-3.11.2-bin.tar.gz : extract apache-cassandra-3.11.2/tools/bin/sstablerepairedset.bat
2018-07-19 14:59:18 [main] INFO  c.g.n.e.c.p.CassandraStarterTests - Extract /root/.embedded-cassandra/cassandra/3.11.2/apache-cassandra-3.11.2-bin.tar.gz : extract apache-cassandra-3.11.2/tools/bin/sstablesplit
2018-07-19 14:59:18 [main] INFO  c.g.n.e.c.p.CassandraStarterTests - Extract /root/.embedded-cassandra/cassandra/3.11.2/apache-cassandra-3.11.2-bin.tar.gz : extract apache-cassandra-3.11.2/tools/bin/sstablesplit.bat
2018-07-19 14:59:18 [main] INFO  c.g.n.e.c.p.CassandraStarterTests - Extract /root/.embedded-cassandra/cassandra/3.11.2/apache-cassandra-3.11.2-bin.tar.gz : extract apache-cassandra-3.11.2/tools/cqlstress-counter-example.yaml
2018-07-19 14:59:18 [main] INFO  c.g.n.e.c.p.CassandraStarterTests - Extract /root/.embedded-cassandra/cassandra/3.11.2/apache-cassandra-3.11.2-bin.tar.gz : extract apache-cassandra-3.11.2/tools/cqlstress-example.yaml
2018-07-19 14:59:18 [main] INFO  c.g.n.e.c.p.CassandraStarterTests - Extract /root/.embedded-cassandra/cassandra/3.11.2/apache-cassandra-3.11.2-bin.tar.gz : extract apache-cassandra-3.11.2/tools/cqlstress-insanity-example.yaml
2018-07-19 14:59:18 [main] INFO  c.g.n.e.c.p.CassandraStarterTests - Extract /root/.embedded-cassandra/cassandra/3.11.2/apache-cassandra-3.11.2-bin.tar.gz : extract apache-cassandra-3.11.2/tools/lib/stress.jar
2018-07-19 14:59:18 [main] INFO  c.g.n.e.c.p.CassandraStarterTests - Extract /root/.embedded-cassandra/cassandra/3.11.2/apache-cassandra-3.11.2-bin.tar.gz : extract apache-cassandra-3.11.2/bin/cassandra.in.sh
2018-07-19 14:59:18 [main] INFO  c.g.n.e.c.p.CassandraStarterTests - Extract /root/.embedded-cassandra/cassandra/3.11.2/apache-cassandra-3.11.2-bin.tar.gz : extract apache-cassandra-3.11.2/bin/cassandra
2018-07-19 14:59:18 [main] INFO  c.g.n.e.c.p.CassandraStarterTests - Extract /root/.embedded-cassandra/cassandra/3.11.2/apache-cassandra-3.11.2-bin.tar.gz : extract apache-cassandra-3.11.2/bin/cassandra.bat
2018-07-19 14:59:18 [main] INFO  c.g.n.e.c.p.CassandraStarterTests - Extract /root/.embedded-cassandra/cassandra/3.11.2/apache-cassandra-3.11.2-bin.tar.gz : extract apache-cassandra-3.11.2/bin/cassandra.in.bat
2018-07-19 14:59:18 [main] INFO  c.g.n.e.c.p.CassandraStarterTests - Extract /root/.embedded-cassandra/cassandra/3.11.2/apache-cassandra-3.11.2-bin.tar.gz : extract apache-cassandra-3.11.2/bin/cqlsh
2018-07-19 14:59:18 [main] INFO  c.g.n.e.c.p.CassandraStarterTests - Extract /root/.embedded-cassandra/cassandra/3.11.2/apache-cassandra-3.11.2-bin.tar.gz : extract apache-cassandra-3.11.2/bin/cqlsh.bat
2018-07-19 14:59:18 [main] INFO  c.g.n.e.c.p.CassandraStarterTests - Extract /root/.embedded-cassandra/cassandra/3.11.2/apache-cassandra-3.11.2-bin.tar.gz : extract apache-cassandra-3.11.2/bin/cqlsh.py
2018-07-19 14:59:18 [main] INFO  c.g.n.e.c.p.CassandraStarterTests - Extract /root/.embedded-cassandra/cassandra/3.11.2/apache-cassandra-3.11.2-bin.tar.gz : extract apache-cassandra-3.11.2/bin/debug-cql
2018-07-19 14:59:18 [main] INFO  c.g.n.e.c.p.CassandraStarterTests - Extract /root/.embedded-cassandra/cassandra/3.11.2/apache-cassandra-3.11.2-bin.tar.gz : extract apache-cassandra-3.11.2/bin/debug-cql.bat
2018-07-19 14:59:18 [main] INFO  c.g.n.e.c.p.CassandraStarterTests - Extract /root/.embedded-cassandra/cassandra/3.11.2/apache-cassandra-3.11.2-bin.tar.gz : extract apache-cassandra-3.11.2/bin/nodetool
2018-07-19 14:59:18 [main] INFO  c.g.n.e.c.p.CassandraStarterTests - Extract /root/.embedded-cassandra/cassandra/3.11.2/apache-cassandra-3.11.2-bin.tar.gz : extract apache-cassandra-3.11.2/bin/nodetool.bat
2018-07-19 14:59:18 [main] INFO  c.g.n.e.c.p.CassandraStarterTests - Extract /root/.embedded-cassandra/cassandra/3.11.2/apache-cassandra-3.11.2-bin.tar.gz : extract apache-cassandra-3.11.2/bin/source-conf.ps1
2018-07-19 14:59:18 [main] INFO  c.g.n.e.c.p.CassandraStarterTests - Extract /root/.embedded-cassandra/cassandra/3.11.2/apache-cassandra-3.11.2-bin.tar.gz : extract apache-cassandra-3.11.2/bin/sstableloader
2018-07-19 14:59:18 [main] INFO  c.g.n.e.c.p.CassandraStarterTests - Extract /root/.embedded-cassandra/cassandra/3.11.2/apache-cassandra-3.11.2-bin.tar.gz : extract apache-cassandra-3.11.2/bin/sstableloader.bat
2018-07-19 14:59:18 [main] INFO  c.g.n.e.c.p.CassandraStarterTests - Extract /root/.embedded-cassandra/cassandra/3.11.2/apache-cassandra-3.11.2-bin.tar.gz : extract apache-cassandra-3.11.2/bin/sstablescrub
2018-07-19 14:59:18 [main] INFO  c.g.n.e.c.p.CassandraStarterTests - Extract /root/.embedded-cassandra/cassandra/3.11.2/apache-cassandra-3.11.2-bin.tar.gz : extract apache-cassandra-3.11.2/bin/sstablescrub.bat
2018-07-19 14:59:18 [main] INFO  c.g.n.e.c.p.CassandraStarterTests - Extract /root/.embedded-cassandra/cassandra/3.11.2/apache-cassandra-3.11.2-bin.tar.gz : extract apache-cassandra-3.11.2/bin/sstableupgrade
2018-07-19 14:59:18 [main] INFO  c.g.n.e.c.p.CassandraStarterTests - Extract /root/.embedded-cassandra/cassandra/3.11.2/apache-cassandra-3.11.2-bin.tar.gz : extract apache-cassandra-3.11.2/bin/sstableupgrade.bat
2018-07-19 14:59:18 [main] INFO  c.g.n.e.c.p.CassandraStarterTests - Extract /root/.embedded-cassandra/cassandra/3.11.2/apache-cassandra-3.11.2-bin.tar.gz : extract apache-cassandra-3.11.2/bin/sstableutil
2018-07-19 14:59:18 [main] INFO  c.g.n.e.c.p.CassandraStarterTests - Extract /root/.embedded-cassandra/cassandra/3.11.2/apache-cassandra-3.11.2-bin.tar.gz : extract apache-cassandra-3.11.2/bin/sstableutil.bat
2018-07-19 14:59:18 [main] INFO  c.g.n.e.c.p.CassandraStarterTests - Extract /root/.embedded-cassandra/cassandra/3.11.2/apache-cassandra-3.11.2-bin.tar.gz : extract apache-cassandra-3.11.2/bin/sstableverify
2018-07-19 14:59:18 [main] INFO  c.g.n.e.c.p.CassandraStarterTests - Extract /root/.embedded-cassandra/cassandra/3.11.2/apache-cassandra-3.11.2-bin.tar.gz : extract apache-cassandra-3.11.2/bin/sstableverify.bat
2018-07-19 14:59:18 [main] INFO  c.g.n.e.c.p.CassandraStarterTests - Extract /root/.embedded-cassandra/cassandra/3.11.2/apache-cassandra-3.11.2-bin.tar.gz : extract apache-cassandra-3.11.2/bin/stop-server
2018-07-19 14:59:18 [main] INFO  c.g.n.e.c.p.CassandraStarterTests - Extract /root/.embedded-cassandra/cassandra/3.11.2/apache-cassandra-3.11.2-bin.tar.gz : extract apache-cassandra-3.11.2/bin/stop-server.bat
2018-07-19 14:59:18 [main] INFO  c.g.n.e.c.p.CassandraStarterTests - Extract /root/.embedded-cassandra/cassandra/3.11.2/apache-cassandra-3.11.2-bin.tar.gz : extract apache-cassandra-3.11.2/bin/stop-server.ps1
2018-07-19 14:59:18 [main] INFO  c.g.n.e.c.p.CassandraStarterTests - Extract /root/.embedded-cassandra/cassandra/3.11.2/apache-cassandra-3.11.2-bin.tar.gz : finished
2018-07-19 14:59:18 [main] INFO  c.g.n.e.c.process.CassandraProcess - Starting Cassandra Process using command [/tmp/temp--728bb2a7-f410-4857-b402-1d4fe2d18c6a/apache-cassandra-3.11.2/bin/cassandra, -f, -Dcassandra.jmx.local.port=35569]
2018-07-19 14:59:18 [Thread-40] INFO  c.g.n.e.c.p.CassandraStarterTests - [P:1727] Running Cassandra as root user or group is not recommended - please start Cassandra using a different system user.
2018-07-19 14:59:18 [Thread-40] INFO  c.g.n.e.c.p.CassandraStarterTests - [P:1727] If you really want to force running Cassandra as root, use -R command line option.
2018-07-19 14:59:18 [main] INFO  c.g.n.e.c.process.CassandraProcess - Cassandra process '1727' has been stopped.
]]></system-out>
    </rerunError>
  </testcase>
  <testcase name="shouldFailWithTimeoutError" classname="com.github.nosan.embedded.cassandra.process.CassandraStarterTests" time="4.198">
    <failure message="&#10;Expected: (an instance of java.io.IOException and exception with message a string containing &quot;Could not start a process.&quot;)&#10;     but: exception with message a string containing &quot;Could not start a process.&quot; message was &quot;Could not start a process &apos;1243&apos;.&#10;Failure:&lt;EOF&gt;&#10;Output:&#10;--- START --- &#10;[P:1243] Running Cassandra as root user or group is not recommended - please start Cassandra using a different system user.&#10;[P:1243] If you really want to force running Cassandra as root, use -R command line option.&#10;&#10;--- END --- &quot;&#10;Stacktrace was: java.io.IOException: Could not start a process &apos;1243&apos;.&#10;Failure:&lt;EOF&gt;&#10;Output:&#10;--- START --- &#10;[P:1243] Running Cassandra as root user or group is not recommended - please start Cassandra using a different system user.&#10;[P:1243] If you really want to force running Cassandra as root, use -R command line option.&#10;&#10;--- END --- &#10;	at com.github.nosan.embedded.cassandra.process.CassandraProcess.onAfterProcessStart(CassandraProcess.java:114)&#10;	at de.flapdoodle.embed.process.runtime.AbstractProcess.&lt;init&gt;(AbstractProcess.java:116)&#10;	at com.github.nosan.embedded.cassandra.process.CassandraProcess.&lt;init&gt;(CassandraProcess.java:67)&#10;	at com.github.nosan.embedded.cassandra.process.CassandraExecutable.start(CassandraExecutable.java:49)&#10;	at com.github.nosan.embedded.cassandra.process.CassandraExecutable.start(CassandraExecutable.java:37)&#10;	at de.flapdoodle.embed.process.runtime.Executable.start(Executable.java:108)&#10;	at com.github.nosan.embedded.cassandra.process.CassandraStarterTests.start(CassandraStarterTests.java:64)&#10;	at com.github.nosan.embedded.cassandra.process.CassandraStarterTests.start(CassandraStarterTests.java:55)&#10;	at com.github.nosan.embedded.cassandra.process.CassandraStarterTests.shouldFailWithTimeoutError(CassandraStarterTests.java:114)&#10;	at sun.reflect.NativeMethodAccessorImpl.invoke0(Native Method)&#10;	at sun.reflect.NativeMethodAccessorImpl.invoke(NativeMethodAccessorImpl.java:62)&#10;	at sun.reflect.DelegatingMethodAccessorImpl.invoke(DelegatingMethodAccessorImpl.java:43)&#10;	at java.lang.reflect.Method.invoke(Method.java:498)&#10;	at org.junit.runners.model.FrameworkMethod$1.runReflectiveCall(FrameworkMethod.java:50)&#10;	at org.junit.internal.runners.model.ReflectiveCallable.run(ReflectiveCallable.java:12)&#10;	at org.junit.runners.model.FrameworkMethod.invokeExplosively(FrameworkMethod.java:47)&#10;	at org.junit.internal.runners.statements.InvokeMethod.evaluate(InvokeMethod.java:17)&#10;	at org.junit.rules.ExpectedException$ExpectedExceptionStatement.evaluate(ExpectedException.java:239)&#10;	at org.junit.rules.RunRules.evaluate(RunRules.java:20)&#10;	at org.junit.runners.ParentRunner.runLeaf(ParentRunner.java:325)&#10;	at org.junit.runners.BlockJUnit4ClassRunner.runChild(BlockJUnit4ClassRunner.java:78)&#10;	at org.junit.runners.BlockJUnit4ClassRunner.runChild(BlockJUnit4ClassRunner.java:57)&#10;	at org.junit.runners.ParentRunner$3.run(ParentRunner.java:290)&#10;	at org.junit.runners.ParentRunner$1.schedule(ParentRunner.java:71)&#10;	at org.junit.runners.ParentRunner.runChildren(ParentRunner.java:288)&#10;	at org.junit.runners.ParentRunner.access$000(ParentRunner.java:58)&#10;	at org.junit.runners.ParentRunner$2.evaluate(ParentRunner.java:268)&#10;	at org.junit.runners.ParentRunner.run(ParentRunner.java:363)&#10;	at org.apache.maven.surefire.junit4.JUnit4Provider.execute(JUnit4Provider.java:365)&#10;	at org.apache.maven.surefire.junit4.JUnit4Provider.executeWithRerun(JUnit4Provider.java:272)&#10;	at org.apache.maven.surefire.junit4.JUnit4Provider.executeTestSet(JUnit4Provider.java:236)&#10;	at org.apache.maven.surefire.junit4.JUnit4Provider.invoke(JUnit4Provider.java:159)&#10;	at org.apache.maven.surefire.booter.ForkedBooter.invokeProviderInSameClassLoader(ForkedBooter.java:386)&#10;	at org.apache.maven.surefire.booter.ForkedBooter.runSuitesInProcess(ForkedBooter.java:323)&#10;	at org.apache.maven.surefire.booter.ForkedBooter.main(ForkedBooter.java:143)&#10;" type="java.lang.AssertionError"><![CDATA[java.lang.AssertionError: 

Expected: (an instance of java.io.IOException and exception with message a string containing "Could not start a process.")
     but: exception with message a string containing "Could not start a process." message was "Could not start a process '1243'.
Failure:<EOF>
Output:
--- START --- 
[P:1243] Running Cassandra as root user or group is not recommended - please start Cassandra using a different system user.
[P:1243] If you really want to force running Cassandra as root, use -R command line option.

--- END --- "
Stacktrace was: java.io.IOException: Could not start a process '1243'.
Failure:<EOF>
Output:
--- START --- 
[P:1243] Running Cassandra as root user or group is not recommended - please start Cassandra using a different system user.
[P:1243] If you really want to force running Cassandra as root, use -R command line option.

--- END --- 
	at com.github.nosan.embedded.cassandra.process.CassandraProcess.onAfterProcessStart(CassandraProcess.java:114)
	at de.flapdoodle.embed.process.runtime.AbstractProcess.<init>(AbstractProcess.java:116)
	at com.github.nosan.embedded.cassandra.process.CassandraProcess.<init>(CassandraProcess.java:67)
	at com.github.nosan.embedded.cassandra.process.CassandraExecutable.start(CassandraExecutable.java:49)
	at com.github.nosan.embedded.cassandra.process.CassandraExecutable.start(CassandraExecutable.java:37)
	at de.flapdoodle.embed.process.runtime.Executable.start(Executable.java:108)
	at com.github.nosan.embedded.cassandra.process.CassandraStarterTests.start(CassandraStarterTests.java:64)
	at com.github.nosan.embedded.cassandra.process.CassandraStarterTests.start(CassandraStarterTests.java:55)
	at com.github.nosan.embedded.cassandra.process.CassandraStarterTests.shouldFailWithTimeoutError(CassandraStarterTests.java:114)
	at sun.reflect.NativeMethodAccessorImpl.invoke0(Native Method)
	at sun.reflect.NativeMethodAccessorImpl.invoke(NativeMethodAccessorImpl.java:62)
	at sun.reflect.DelegatingMethodAccessorImpl.invoke(DelegatingMethodAccessorImpl.java:43)
	at java.lang.reflect.Method.invoke(Method.java:498)
	at org.junit.runners.model.FrameworkMethod$1.runReflectiveCall(FrameworkMethod.java:50)
	at org.junit.internal.runners.model.ReflectiveCallable.run(ReflectiveCallable.java:12)
	at org.junit.runners.model.FrameworkMethod.invokeExplosively(FrameworkMethod.java:47)
	at org.junit.internal.runners.statements.InvokeMethod.evaluate(InvokeMethod.java:17)
	at org.junit.rules.ExpectedException$ExpectedExceptionStatement.evaluate(ExpectedException.java:239)
	at org.junit.rules.RunRules.evaluate(RunRules.java:20)
	at org.junit.runners.ParentRunner.runLeaf(ParentRunner.java:325)
	at org.junit.runners.BlockJUnit4ClassRunner.runChild(BlockJUnit4ClassRunner.java:78)
	at org.junit.runners.BlockJUnit4ClassRunner.runChild(BlockJUnit4ClassRunner.java:57)
	at org.junit.runners.ParentRunner$3.run(ParentRunner.java:290)
	at org.junit.runners.ParentRunner$1.schedule(ParentRunner.java:71)
	at org.junit.runners.ParentRunner.runChildren(ParentRunner.java:288)
	at org.junit.runners.ParentRunner.access$000(ParentRunner.java:58)
	at org.junit.runners.ParentRunner$2.evaluate(ParentRunner.java:268)
	at org.junit.runners.ParentRunner.run(ParentRunner.java:363)
	at org.apache.maven.surefire.junit4.JUnit4Provider.execute(JUnit4Provider.java:365)
	at org.apache.maven.surefire.junit4.JUnit4Provider.executeWithRerun(JUnit4Provider.java:272)
	at org.apache.maven.surefire.junit4.JUnit4Provider.executeTestSet(JUnit4Provider.java:236)
	at org.apache.maven.surefire.junit4.JUnit4Provider.invoke(JUnit4Provider.java:159)
	at org.apache.maven.surefire.booter.ForkedBooter.invokeProviderInSameClassLoader(ForkedBooter.java:386)
	at org.apache.maven.surefire.booter.ForkedBooter.runSuitesInProcess(ForkedBooter.java:323)
	at org.apache.maven.surefire.booter.ForkedBooter.main(ForkedBooter.java:143)

	at org.hamcrest.MatcherAssert.assertThat(MatcherAssert.java:20)
	at org.junit.Assert.assertThat(Assert.java:956)
	at org.junit.Assert.assertThat(Assert.java:923)
	at org.junit.rules.ExpectedException.handleException(ExpectedException.java:252)
	at org.junit.rules.ExpectedException.access$000(ExpectedException.java:106)
	at org.junit.rules.ExpectedException$ExpectedExceptionStatement.evaluate(ExpectedException.java:241)
	at org.junit.rules.RunRules.evaluate(RunRules.java:20)
	at org.junit.runners.ParentRunner.runLeaf(ParentRunner.java:325)
	at org.junit.runners.BlockJUnit4ClassRunner.runChild(BlockJUnit4ClassRunner.java:78)
	at org.junit.runners.BlockJUnit4ClassRunner.runChild(BlockJUnit4ClassRunner.java:57)
	at org.junit.runners.ParentRunner$3.run(ParentRunner.java:290)
	at org.junit.runners.ParentRunner$1.schedule(ParentRunner.java:71)
	at org.junit.runners.ParentRunner.runChildren(ParentRunner.java:288)
	at org.junit.runners.ParentRunner.access$000(ParentRunner.java:58)
	at org.junit.runners.ParentRunner$2.evaluate(ParentRunner.java:268)
	at org.junit.runners.ParentRunner.run(ParentRunner.java:363)
	at org.apache.maven.surefire.junit4.JUnit4Provider.execute(JUnit4Provider.java:365)
	at org.apache.maven.surefire.junit4.JUnit4Provider.executeWithRerun(JUnit4Provider.java:272)
	at org.apache.maven.surefire.junit4.JUnit4Provider.executeTestSet(JUnit4Provider.java:236)
	at org.apache.maven.surefire.junit4.JUnit4Provider.invoke(JUnit4Provider.java:159)
	at org.apache.maven.surefire.booter.ForkedBooter.invokeProviderInSameClassLoader(ForkedBooter.java:386)
	at org.apache.maven.surefire.booter.ForkedBooter.runSuitesInProcess(ForkedBooter.java:323)
	at org.apache.maven.surefire.booter.ForkedBooter.main(ForkedBooter.java:143)
]]></failure>
    <system-out><![CDATA[2018-07-19 14:58:43 [main] INFO  c.g.n.e.c.p.CassandraStarterTests - Extract /root/.embedded-cassandra/cassandra/3.11.2/apache-cassandra-3.11.2-bin.tar.gz : starting...
2018-07-19 14:58:43 [main] INFO  c.g.n.e.c.p.CassandraStarterTests - Extract /root/.embedded-cassandra/cassandra/3.11.2/apache-cassandra-3.11.2-bin.tar.gz : extract apache-cassandra-3.11.2/conf/cassandra-env.ps1
2018-07-19 14:58:43 [main] INFO  c.g.n.e.c.p.CassandraStarterTests - Extract /root/.embedded-cassandra/cassandra/3.11.2/apache-cassandra-3.11.2-bin.tar.gz : extract apache-cassandra-3.11.2/conf/cassandra-env.sh
2018-07-19 14:58:43 [main] INFO  c.g.n.e.c.p.CassandraStarterTests - Extract /root/.embedded-cassandra/cassandra/3.11.2/apache-cassandra-3.11.2-bin.tar.gz : extract apache-cassandra-3.11.2/conf/cassandra-jaas.config
2018-07-19 14:58:43 [main] INFO  c.g.n.e.c.p.CassandraStarterTests - Extract /root/.embedded-cassandra/cassandra/3.11.2/apache-cassandra-3.11.2-bin.tar.gz : extract apache-cassandra-3.11.2/conf/cassandra-rackdc.properties
2018-07-19 14:58:43 [main] INFO  c.g.n.e.c.p.CassandraStarterTests - Extract /root/.embedded-cassandra/cassandra/3.11.2/apache-cassandra-3.11.2-bin.tar.gz : extract apache-cassandra-3.11.2/conf/cassandra-topology.properties
2018-07-19 14:58:43 [main] INFO  c.g.n.e.c.p.CassandraStarterTests - Extract /root/.embedded-cassandra/cassandra/3.11.2/apache-cassandra-3.11.2-bin.tar.gz : extract apache-cassandra-3.11.2/conf/cassandra.yaml
2018-07-19 14:58:43 [main] INFO  c.g.n.e.c.p.CassandraStarterTests - Extract /root/.embedded-cassandra/cassandra/3.11.2/apache-cassandra-3.11.2-bin.tar.gz : extract apache-cassandra-3.11.2/conf/commitlog_archiving.properties
2018-07-19 14:58:43 [main] INFO  c.g.n.e.c.p.CassandraStarterTests - Extract /root/.embedded-cassandra/cassandra/3.11.2/apache-cassandra-3.11.2-bin.tar.gz : extract apache-cassandra-3.11.2/conf/cqlshrc.sample
2018-07-19 14:58:43 [main] INFO  c.g.n.e.c.p.CassandraStarterTests - Extract /root/.embedded-cassandra/cassandra/3.11.2/apache-cassandra-3.11.2-bin.tar.gz : extract apache-cassandra-3.11.2/conf/hotspot_compiler
2018-07-19 14:58:43 [main] INFO  c.g.n.e.c.p.CassandraStarterTests - Extract /root/.embedded-cassandra/cassandra/3.11.2/apache-cassandra-3.11.2-bin.tar.gz : extract apache-cassandra-3.11.2/conf/jvm.options
2018-07-19 14:58:43 [main] INFO  c.g.n.e.c.p.CassandraStarterTests - Extract /root/.embedded-cassandra/cassandra/3.11.2/apache-cassandra-3.11.2-bin.tar.gz : extract apache-cassandra-3.11.2/conf/logback-tools.xml
2018-07-19 14:58:43 [main] INFO  c.g.n.e.c.p.CassandraStarterTests - Extract /root/.embedded-cassandra/cassandra/3.11.2/apache-cassandra-3.11.2-bin.tar.gz : extract apache-cassandra-3.11.2/conf/logback.xml
2018-07-19 14:58:43 [main] INFO  c.g.n.e.c.p.CassandraStarterTests - Extract /root/.embedded-cassandra/cassandra/3.11.2/apache-cassandra-3.11.2-bin.tar.gz : extract apache-cassandra-3.11.2/conf/metrics-reporter-config-sample.yaml
2018-07-19 14:58:43 [main] INFO  c.g.n.e.c.p.CassandraStarterTests - Extract /root/.embedded-cassandra/cassandra/3.11.2/apache-cassandra-3.11.2-bin.tar.gz : extract apache-cassandra-3.11.2/conf/triggers/README.txt
2018-07-19 14:58:43 [main] INFO  c.g.n.e.c.p.CassandraStarterTests - Extract /root/.embedded-cassandra/cassandra/3.11.2/apache-cassandra-3.11.2-bin.tar.gz : extract apache-cassandra-3.11.2/interface/cassandra.thrift
2018-07-19 14:58:46 [main] INFO  c.g.n.e.c.p.CassandraStarterTests - Extract /root/.embedded-cassandra/cassandra/3.11.2/apache-cassandra-3.11.2-bin.tar.gz : extract apache-cassandra-3.11.2/lib/HdrHistogram-2.1.9.jar
2018-07-19 14:58:46 [main] INFO  c.g.n.e.c.p.CassandraStarterTests - Extract /root/.embedded-cassandra/cassandra/3.11.2/apache-cassandra-3.11.2-bin.tar.gz : extract apache-cassandra-3.11.2/lib/ST4-4.0.8.jar
2018-07-19 14:58:46 [main] INFO  c.g.n.e.c.p.CassandraStarterTests - Extract /root/.embedded-cassandra/cassandra/3.11.2/apache-cassandra-3.11.2-bin.tar.gz : extract apache-cassandra-3.11.2/lib/airline-0.6.jar
2018-07-19 14:58:46 [main] INFO  c.g.n.e.c.p.CassandraStarterTests - Extract /root/.embedded-cassandra/cassandra/3.11.2/apache-cassandra-3.11.2-bin.tar.gz : extract apache-cassandra-3.11.2/lib/antlr-runtime-3.5.2.jar
2018-07-19 14:58:46 [main] INFO  c.g.n.e.c.p.CassandraStarterTests - Extract /root/.embedded-cassandra/cassandra/3.11.2/apache-cassandra-3.11.2-bin.tar.gz : extract apache-cassandra-3.11.2/lib/apache-cassandra-3.11.2.jar
2018-07-19 14:58:46 [main] INFO  c.g.n.e.c.p.CassandraStarterTests - Extract /root/.embedded-cassandra/cassandra/3.11.2/apache-cassandra-3.11.2-bin.tar.gz : extract apache-cassandra-3.11.2/lib/apache-cassandra-thrift-3.11.2.jar
2018-07-19 14:58:46 [main] INFO  c.g.n.e.c.p.CassandraStarterTests - Extract /root/.embedded-cassandra/cassandra/3.11.2/apache-cassandra-3.11.2-bin.tar.gz : extract apache-cassandra-3.11.2/lib/asm-5.0.4.jar
2018-07-19 14:58:46 [main] INFO  c.g.n.e.c.p.CassandraStarterTests - Extract /root/.embedded-cassandra/cassandra/3.11.2/apache-cassandra-3.11.2-bin.tar.gz : extract apache-cassandra-3.11.2/lib/caffeine-2.2.6.jar
2018-07-19 14:58:46 [main] INFO  c.g.n.e.c.p.CassandraStarterTests - Extract /root/.embedded-cassandra/cassandra/3.11.2/apache-cassandra-3.11.2-bin.tar.gz : extract apache-cassandra-3.11.2/lib/cassandra-driver-core-3.0.1-shaded.jar
2018-07-19 14:58:46 [main] INFO  c.g.n.e.c.p.CassandraStarterTests - Extract /root/.embedded-cassandra/cassandra/3.11.2/apache-cassandra-3.11.2-bin.tar.gz : extract apache-cassandra-3.11.2/lib/cassandra-driver-internal-only-3.10.zip
2018-07-19 14:58:46 [main] INFO  c.g.n.e.c.p.CassandraStarterTests - Extract /root/.embedded-cassandra/cassandra/3.11.2/apache-cassandra-3.11.2-bin.tar.gz : extract apache-cassandra-3.11.2/lib/cassandra-driver-internal-only-3.11.0-bb96859b.zip
2018-07-19 14:58:46 [main] INFO  c.g.n.e.c.p.CassandraStarterTests - Extract /root/.embedded-cassandra/cassandra/3.11.2/apache-cassandra-3.11.2-bin.tar.gz : extract apache-cassandra-3.11.2/lib/commons-cli-1.1.jar
2018-07-19 14:58:46 [main] INFO  c.g.n.e.c.p.CassandraStarterTests - Extract /root/.embedded-cassandra/cassandra/3.11.2/apache-cassandra-3.11.2-bin.tar.gz : extract apache-cassandra-3.11.2/lib/commons-codec-1.9.jar
2018-07-19 14:58:46 [main] INFO  c.g.n.e.c.p.CassandraStarterTests - Extract /root/.embedded-cassandra/cassandra/3.11.2/apache-cassandra-3.11.2-bin.tar.gz : extract apache-cassandra-3.11.2/lib/commons-lang3-3.1.jar
2018-07-19 14:58:46 [main] INFO  c.g.n.e.c.p.CassandraStarterTests - Extract /root/.embedded-cassandra/cassandra/3.11.2/apache-cassandra-3.11.2-bin.tar.gz : extract apache-cassandra-3.11.2/lib/commons-math3-3.2.jar
2018-07-19 14:58:46 [main] INFO  c.g.n.e.c.p.CassandraStarterTests - Extract /root/.embedded-cassandra/cassandra/3.11.2/apache-cassandra-3.11.2-bin.tar.gz : extract apache-cassandra-3.11.2/lib/compress-lzf-0.8.4.jar
2018-07-19 14:58:46 [main] INFO  c.g.n.e.c.p.CassandraStarterTests - Extract /root/.embedded-cassandra/cassandra/3.11.2/apache-cassandra-3.11.2-bin.tar.gz : extract apache-cassandra-3.11.2/lib/concurrent-trees-2.4.0.jar
2018-07-19 14:58:46 [main] INFO  c.g.n.e.c.p.CassandraStarterTests - Extract /root/.embedded-cassandra/cassandra/3.11.2/apache-cassandra-3.11.2-bin.tar.gz : extract apache-cassandra-3.11.2/lib/concurrentlinkedhashmap-lru-1.4.jar
2018-07-19 14:58:46 [main] INFO  c.g.n.e.c.p.CassandraStarterTests - Extract /root/.embedded-cassandra/cassandra/3.11.2/apache-cassandra-3.11.2-bin.tar.gz : extract apache-cassandra-3.11.2/lib/disruptor-3.0.1.jar
2018-07-19 14:58:46 [main] INFO  c.g.n.e.c.p.CassandraStarterTests - Extract /root/.embedded-cassandra/cassandra/3.11.2/apache-cassandra-3.11.2-bin.tar.gz : extract apache-cassandra-3.11.2/lib/ecj-4.4.2.jar
2018-07-19 14:58:46 [main] INFO  c.g.n.e.c.p.CassandraStarterTests - Extract /root/.embedded-cassandra/cassandra/3.11.2/apache-cassandra-3.11.2-bin.tar.gz : extract apache-cassandra-3.11.2/lib/futures-2.1.6-py2.py3-none-any.zip
2018-07-19 14:58:46 [main] INFO  c.g.n.e.c.p.CassandraStarterTests - Extract /root/.embedded-cassandra/cassandra/3.11.2/apache-cassandra-3.11.2-bin.tar.gz : extract apache-cassandra-3.11.2/lib/guava-18.0.jar
2018-07-19 14:58:46 [main] INFO  c.g.n.e.c.p.CassandraStarterTests - Extract /root/.embedded-cassandra/cassandra/3.11.2/apache-cassandra-3.11.2-bin.tar.gz : extract apache-cassandra-3.11.2/lib/high-scale-lib-1.0.6.jar
2018-07-19 14:58:46 [main] INFO  c.g.n.e.c.p.CassandraStarterTests - Extract /root/.embedded-cassandra/cassandra/3.11.2/apache-cassandra-3.11.2-bin.tar.gz : extract apache-cassandra-3.11.2/lib/hppc-0.5.4.jar
2018-07-19 14:58:46 [main] INFO  c.g.n.e.c.p.CassandraStarterTests - Extract /root/.embedded-cassandra/cassandra/3.11.2/apache-cassandra-3.11.2-bin.tar.gz : extract apache-cassandra-3.11.2/lib/jackson-core-asl-1.9.13.jar
2018-07-19 14:58:46 [main] INFO  c.g.n.e.c.p.CassandraStarterTests - Extract /root/.embedded-cassandra/cassandra/3.11.2/apache-cassandra-3.11.2-bin.tar.gz : extract apache-cassandra-3.11.2/lib/jackson-mapper-asl-1.9.13.jar
2018-07-19 14:58:46 [main] INFO  c.g.n.e.c.p.CassandraStarterTests - Extract /root/.embedded-cassandra/cassandra/3.11.2/apache-cassandra-3.11.2-bin.tar.gz : extract apache-cassandra-3.11.2/lib/jamm-0.3.0.jar
2018-07-19 14:58:46 [main] INFO  c.g.n.e.c.p.CassandraStarterTests - Extract /root/.embedded-cassandra/cassandra/3.11.2/apache-cassandra-3.11.2-bin.tar.gz : extract apache-cassandra-3.11.2/lib/javax.inject.jar
2018-07-19 14:58:46 [main] INFO  c.g.n.e.c.p.CassandraStarterTests - Extract /root/.embedded-cassandra/cassandra/3.11.2/apache-cassandra-3.11.2-bin.tar.gz : extract apache-cassandra-3.11.2/lib/jbcrypt-0.3m.jar
2018-07-19 14:58:46 [main] INFO  c.g.n.e.c.p.CassandraStarterTests - Extract /root/.embedded-cassandra/cassandra/3.11.2/apache-cassandra-3.11.2-bin.tar.gz : extract apache-cassandra-3.11.2/lib/jcl-over-slf4j-1.7.7.jar
2018-07-19 14:58:46 [main] INFO  c.g.n.e.c.p.CassandraStarterTests - Extract /root/.embedded-cassandra/cassandra/3.11.2/apache-cassandra-3.11.2-bin.tar.gz : extract apache-cassandra-3.11.2/lib/jctools-core-1.2.1.jar
2018-07-19 14:58:46 [main] INFO  c.g.n.e.c.p.CassandraStarterTests - Extract /root/.embedded-cassandra/cassandra/3.11.2/apache-cassandra-3.11.2-bin.tar.gz : extract apache-cassandra-3.11.2/lib/jflex-1.6.0.jar
2018-07-19 14:58:46 [main] INFO  c.g.n.e.c.p.CassandraStarterTests - Extract /root/.embedded-cassandra/cassandra/3.11.2/apache-cassandra-3.11.2-bin.tar.gz : extract apache-cassandra-3.11.2/lib/jna-4.2.2.jar
2018-07-19 14:58:46 [main] INFO  c.g.n.e.c.p.CassandraStarterTests - Extract /root/.embedded-cassandra/cassandra/3.11.2/apache-cassandra-3.11.2-bin.tar.gz : extract apache-cassandra-3.11.2/lib/joda-time-2.4.jar
2018-07-19 14:58:46 [main] INFO  c.g.n.e.c.p.CassandraStarterTests - Extract /root/.embedded-cassandra/cassandra/3.11.2/apache-cassandra-3.11.2-bin.tar.gz : extract apache-cassandra-3.11.2/lib/json-simple-1.1.jar
2018-07-19 14:58:46 [main] INFO  c.g.n.e.c.p.CassandraStarterTests - Extract /root/.embedded-cassandra/cassandra/3.11.2/apache-cassandra-3.11.2-bin.tar.gz : extract apache-cassandra-3.11.2/lib/jstackjunit-0.0.1.jar
2018-07-19 14:58:46 [main] INFO  c.g.n.e.c.p.CassandraStarterTests - Extract /root/.embedded-cassandra/cassandra/3.11.2/apache-cassandra-3.11.2-bin.tar.gz : extract apache-cassandra-3.11.2/lib/libthrift-0.9.2.jar
2018-07-19 14:58:46 [main] INFO  c.g.n.e.c.p.CassandraStarterTests - Extract /root/.embedded-cassandra/cassandra/3.11.2/apache-cassandra-3.11.2-bin.tar.gz : extract apache-cassandra-3.11.2/lib/log4j-over-slf4j-1.7.7.jar
2018-07-19 14:58:46 [main] INFO  c.g.n.e.c.p.CassandraStarterTests - Extract /root/.embedded-cassandra/cassandra/3.11.2/apache-cassandra-3.11.2-bin.tar.gz : extract apache-cassandra-3.11.2/lib/logback-classic-1.1.3.jar
2018-07-19 14:58:46 [main] INFO  c.g.n.e.c.p.CassandraStarterTests - Extract /root/.embedded-cassandra/cassandra/3.11.2/apache-cassandra-3.11.2-bin.tar.gz : extract apache-cassandra-3.11.2/lib/logback-core-1.1.3.jar
2018-07-19 14:58:46 [main] INFO  c.g.n.e.c.p.CassandraStarterTests - Extract /root/.embedded-cassandra/cassandra/3.11.2/apache-cassandra-3.11.2-bin.tar.gz : extract apache-cassandra-3.11.2/lib/lz4-1.3.0.jar
2018-07-19 14:58:46 [main] INFO  c.g.n.e.c.p.CassandraStarterTests - Extract /root/.embedded-cassandra/cassandra/3.11.2/apache-cassandra-3.11.2-bin.tar.gz : extract apache-cassandra-3.11.2/lib/metrics-core-3.1.0.jar
2018-07-19 14:58:46 [main] INFO  c.g.n.e.c.p.CassandraStarterTests - Extract /root/.embedded-cassandra/cassandra/3.11.2/apache-cassandra-3.11.2-bin.tar.gz : extract apache-cassandra-3.11.2/lib/metrics-jvm-3.1.0.jar
2018-07-19 14:58:46 [main] INFO  c.g.n.e.c.p.CassandraStarterTests - Extract /root/.embedded-cassandra/cassandra/3.11.2/apache-cassandra-3.11.2-bin.tar.gz : extract apache-cassandra-3.11.2/lib/metrics-logback-3.1.0.jar
2018-07-19 14:58:46 [main] INFO  c.g.n.e.c.p.CassandraStarterTests - Extract /root/.embedded-cassandra/cassandra/3.11.2/apache-cassandra-3.11.2-bin.tar.gz : extract apache-cassandra-3.11.2/lib/netty-all-4.0.44.Final.jar
2018-07-19 14:58:46 [main] INFO  c.g.n.e.c.p.CassandraStarterTests - Extract /root/.embedded-cassandra/cassandra/3.11.2/apache-cassandra-3.11.2-bin.tar.gz : extract apache-cassandra-3.11.2/lib/ohc-core-0.4.4.jar
2018-07-19 14:58:46 [main] INFO  c.g.n.e.c.p.CassandraStarterTests - Extract /root/.embedded-cassandra/cassandra/3.11.2/apache-cassandra-3.11.2-bin.tar.gz : extract apache-cassandra-3.11.2/lib/ohc-core-j8-0.4.4.jar
2018-07-19 14:58:46 [main] INFO  c.g.n.e.c.p.CassandraStarterTests - Extract /root/.embedded-cassandra/cassandra/3.11.2/apache-cassandra-3.11.2-bin.tar.gz : extract apache-cassandra-3.11.2/lib/reporter-config-base-3.0.3.jar
2018-07-19 14:58:46 [main] INFO  c.g.n.e.c.p.CassandraStarterTests - Extract /root/.embedded-cassandra/cassandra/3.11.2/apache-cassandra-3.11.2-bin.tar.gz : extract apache-cassandra-3.11.2/lib/reporter-config3-3.0.3.jar
2018-07-19 14:58:46 [main] INFO  c.g.n.e.c.p.CassandraStarterTests - Extract /root/.embedded-cassandra/cassandra/3.11.2/apache-cassandra-3.11.2-bin.tar.gz : extract apache-cassandra-3.11.2/lib/sigar-1.6.4.jar
2018-07-19 14:58:46 [main] INFO  c.g.n.e.c.p.CassandraStarterTests - Extract /root/.embedded-cassandra/cassandra/3.11.2/apache-cassandra-3.11.2-bin.tar.gz : extract apache-cassandra-3.11.2/lib/sigar-bin/libsigar-amd64-freebsd-6.so
2018-07-19 14:58:46 [main] INFO  c.g.n.e.c.p.CassandraStarterTests - Extract /root/.embedded-cassandra/cassandra/3.11.2/apache-cassandra-3.11.2-bin.tar.gz : extract apache-cassandra-3.11.2/lib/sigar-bin/libsigar-amd64-linux.so
2018-07-19 14:58:46 [main] INFO  c.g.n.e.c.p.CassandraStarterTests - Extract /root/.embedded-cassandra/cassandra/3.11.2/apache-cassandra-3.11.2-bin.tar.gz : extract apache-cassandra-3.11.2/lib/sigar-bin/libsigar-amd64-solaris.so
2018-07-19 14:58:46 [main] INFO  c.g.n.e.c.p.CassandraStarterTests - Extract /root/.embedded-cassandra/cassandra/3.11.2/apache-cassandra-3.11.2-bin.tar.gz : extract apache-cassandra-3.11.2/lib/sigar-bin/libsigar-ia64-hpux-11.sl
2018-07-19 14:58:47 [main] INFO  c.g.n.e.c.p.CassandraStarterTests - Extract /root/.embedded-cassandra/cassandra/3.11.2/apache-cassandra-3.11.2-bin.tar.gz : extract apache-cassandra-3.11.2/lib/sigar-bin/libsigar-ia64-linux.so
2018-07-19 14:58:47 [main] INFO  c.g.n.e.c.p.CassandraStarterTests - Extract /root/.embedded-cassandra/cassandra/3.11.2/apache-cassandra-3.11.2-bin.tar.gz : extract apache-cassandra-3.11.2/lib/sigar-bin/libsigar-pa-hpux-11.sl
2018-07-19 14:58:47 [main] INFO  c.g.n.e.c.p.CassandraStarterTests - Extract /root/.embedded-cassandra/cassandra/3.11.2/apache-cassandra-3.11.2-bin.tar.gz : extract apache-cassandra-3.11.2/lib/sigar-bin/libsigar-ppc-aix-5.so
2018-07-19 14:58:47 [main] INFO  c.g.n.e.c.p.CassandraStarterTests - Extract /root/.embedded-cassandra/cassandra/3.11.2/apache-cassandra-3.11.2-bin.tar.gz : extract apache-cassandra-3.11.2/lib/sigar-bin/libsigar-ppc-linux.so
2018-07-19 14:58:47 [main] INFO  c.g.n.e.c.p.CassandraStarterTests - Extract /root/.embedded-cassandra/cassandra/3.11.2/apache-cassandra-3.11.2-bin.tar.gz : extract apache-cassandra-3.11.2/lib/sigar-bin/libsigar-ppc64-aix-5.so
2018-07-19 14:58:47 [main] INFO  c.g.n.e.c.p.CassandraStarterTests - Extract /root/.embedded-cassandra/cassandra/3.11.2/apache-cassandra-3.11.2-bin.tar.gz : extract apache-cassandra-3.11.2/lib/sigar-bin/libsigar-ppc64-linux.so
2018-07-19 14:58:47 [main] INFO  c.g.n.e.c.p.CassandraStarterTests - Extract /root/.embedded-cassandra/cassandra/3.11.2/apache-cassandra-3.11.2-bin.tar.gz : extract apache-cassandra-3.11.2/lib/sigar-bin/libsigar-s390x-linux.so
2018-07-19 14:58:47 [main] INFO  c.g.n.e.c.p.CassandraStarterTests - Extract /root/.embedded-cassandra/cassandra/3.11.2/apache-cassandra-3.11.2-bin.tar.gz : extract apache-cassandra-3.11.2/lib/sigar-bin/libsigar-sparc-solaris.so
2018-07-19 14:58:47 [main] INFO  c.g.n.e.c.p.CassandraStarterTests - Extract /root/.embedded-cassandra/cassandra/3.11.2/apache-cassandra-3.11.2-bin.tar.gz : extract apache-cassandra-3.11.2/lib/sigar-bin/libsigar-sparc64-solaris.so
2018-07-19 14:58:47 [main] INFO  c.g.n.e.c.p.CassandraStarterTests - Extract /root/.embedded-cassandra/cassandra/3.11.2/apache-cassandra-3.11.2-bin.tar.gz : extract apache-cassandra-3.11.2/lib/sigar-bin/libsigar-universal-macosx.dylib
2018-07-19 14:58:47 [main] INFO  c.g.n.e.c.p.CassandraStarterTests - Extract /root/.embedded-cassandra/cassandra/3.11.2/apache-cassandra-3.11.2-bin.tar.gz : extract apache-cassandra-3.11.2/lib/sigar-bin/libsigar-universal64-macosx.dylib
2018-07-19 14:58:47 [main] INFO  c.g.n.e.c.p.CassandraStarterTests - Extract /root/.embedded-cassandra/cassandra/3.11.2/apache-cassandra-3.11.2-bin.tar.gz : extract apache-cassandra-3.11.2/lib/sigar-bin/libsigar-x86-freebsd-5.so
2018-07-19 14:58:47 [main] INFO  c.g.n.e.c.p.CassandraStarterTests - Extract /root/.embedded-cassandra/cassandra/3.11.2/apache-cassandra-3.11.2-bin.tar.gz : extract apache-cassandra-3.11.2/lib/sigar-bin/libsigar-x86-freebsd-6.so
2018-07-19 14:58:47 [main] INFO  c.g.n.e.c.p.CassandraStarterTests - Extract /root/.embedded-cassandra/cassandra/3.11.2/apache-cassandra-3.11.2-bin.tar.gz : extract apache-cassandra-3.11.2/lib/sigar-bin/libsigar-x86-linux.so
2018-07-19 14:58:47 [main] INFO  c.g.n.e.c.p.CassandraStarterTests - Extract /root/.embedded-cassandra/cassandra/3.11.2/apache-cassandra-3.11.2-bin.tar.gz : extract apache-cassandra-3.11.2/lib/sigar-bin/libsigar-x86-solaris.so
2018-07-19 14:58:47 [main] INFO  c.g.n.e.c.p.CassandraStarterTests - Extract /root/.embedded-cassandra/cassandra/3.11.2/apache-cassandra-3.11.2-bin.tar.gz : extract apache-cassandra-3.11.2/lib/sigar-bin/sigar-amd64-winnt.dll
2018-07-19 14:58:47 [main] INFO  c.g.n.e.c.p.CassandraStarterTests - Extract /root/.embedded-cassandra/cassandra/3.11.2/apache-cassandra-3.11.2-bin.tar.gz : extract apache-cassandra-3.11.2/lib/sigar-bin/sigar-x86-winnt.dll
2018-07-19 14:58:47 [main] INFO  c.g.n.e.c.p.CassandraStarterTests - Extract /root/.embedded-cassandra/cassandra/3.11.2/apache-cassandra-3.11.2-bin.tar.gz : extract apache-cassandra-3.11.2/lib/sigar-bin/sigar-x86-winnt.lib
2018-07-19 14:58:47 [main] INFO  c.g.n.e.c.p.CassandraStarterTests - Extract /root/.embedded-cassandra/cassandra/3.11.2/apache-cassandra-3.11.2-bin.tar.gz : extract apache-cassandra-3.11.2/lib/six-1.7.3-py2.py3-none-any.zip
2018-07-19 14:58:47 [main] INFO  c.g.n.e.c.p.CassandraStarterTests - Extract /root/.embedded-cassandra/cassandra/3.11.2/apache-cassandra-3.11.2-bin.tar.gz : extract apache-cassandra-3.11.2/lib/slf4j-api-1.7.7.jar
2018-07-19 14:58:47 [main] INFO  c.g.n.e.c.p.CassandraStarterTests - Extract /root/.embedded-cassandra/cassandra/3.11.2/apache-cassandra-3.11.2-bin.tar.gz : extract apache-cassandra-3.11.2/lib/snakeyaml-1.11.jar
2018-07-19 14:58:47 [main] INFO  c.g.n.e.c.p.CassandraStarterTests - Extract /root/.embedded-cassandra/cassandra/3.11.2/apache-cassandra-3.11.2-bin.tar.gz : extract apache-cassandra-3.11.2/lib/snappy-java-1.1.1.7.jar
2018-07-19 14:58:47 [main] INFO  c.g.n.e.c.p.CassandraStarterTests - Extract /root/.embedded-cassandra/cassandra/3.11.2/apache-cassandra-3.11.2-bin.tar.gz : extract apache-cassandra-3.11.2/lib/snowball-stemmer-1.3.0.581.1.jar
2018-07-19 14:58:47 [main] INFO  c.g.n.e.c.p.CassandraStarterTests - Extract /root/.embedded-cassandra/cassandra/3.11.2/apache-cassandra-3.11.2-bin.tar.gz : extract apache-cassandra-3.11.2/lib/stream-2.5.2.jar
2018-07-19 14:58:47 [main] INFO  c.g.n.e.c.p.CassandraStarterTests - Extract /root/.embedded-cassandra/cassandra/3.11.2/apache-cassandra-3.11.2-bin.tar.gz : extract apache-cassandra-3.11.2/lib/thrift-server-0.3.7.jar
2018-07-19 14:58:47 [main] INFO  c.g.n.e.c.p.CassandraStarterTests - Extract /root/.embedded-cassandra/cassandra/3.11.2/apache-cassandra-3.11.2-bin.tar.gz : extract apache-cassandra-3.11.2/pylib/cqlshlib/__init__.py
2018-07-19 14:58:47 [main] INFO  c.g.n.e.c.p.CassandraStarterTests - Extract /root/.embedded-cassandra/cassandra/3.11.2/apache-cassandra-3.11.2-bin.tar.gz : extract apache-cassandra-3.11.2/pylib/cqlshlib/copyutil.py
2018-07-19 14:58:47 [main] INFO  c.g.n.e.c.p.CassandraStarterTests - Extract /root/.embedded-cassandra/cassandra/3.11.2/apache-cassandra-3.11.2-bin.tar.gz : extract apache-cassandra-3.11.2/pylib/cqlshlib/cql3handling.py
2018-07-19 14:58:47 [main] INFO  c.g.n.e.c.p.CassandraStarterTests - Extract /root/.embedded-cassandra/cassandra/3.11.2/apache-cassandra-3.11.2-bin.tar.gz : extract apache-cassandra-3.11.2/pylib/cqlshlib/cqlhandling.py
2018-07-19 14:58:47 [main] INFO  c.g.n.e.c.p.CassandraStarterTests - Extract /root/.embedded-cassandra/cassandra/3.11.2/apache-cassandra-3.11.2-bin.tar.gz : extract apache-cassandra-3.11.2/pylib/cqlshlib/cqlshhandling.py
2018-07-19 14:58:47 [main] INFO  c.g.n.e.c.p.CassandraStarterTests - Extract /root/.embedded-cassandra/cassandra/3.11.2/apache-cassandra-3.11.2-bin.tar.gz : extract apache-cassandra-3.11.2/pylib/cqlshlib/displaying.py
2018-07-19 14:58:47 [main] INFO  c.g.n.e.c.p.CassandraStarterTests - Extract /root/.embedded-cassandra/cassandra/3.11.2/apache-cassandra-3.11.2-bin.tar.gz : extract apache-cassandra-3.11.2/pylib/cqlshlib/formatting.py
2018-07-19 14:58:47 [main] INFO  c.g.n.e.c.p.CassandraStarterTests - Extract /root/.embedded-cassandra/cassandra/3.11.2/apache-cassandra-3.11.2-bin.tar.gz : extract apache-cassandra-3.11.2/pylib/cqlshlib/helptopics.py
2018-07-19 14:58:47 [main] INFO  c.g.n.e.c.p.CassandraStarterTests - Extract /root/.embedded-cassandra/cassandra/3.11.2/apache-cassandra-3.11.2-bin.tar.gz : extract apache-cassandra-3.11.2/pylib/cqlshlib/pylexotron.py
2018-07-19 14:58:47 [main] INFO  c.g.n.e.c.p.CassandraStarterTests - Extract /root/.embedded-cassandra/cassandra/3.11.2/apache-cassandra-3.11.2-bin.tar.gz : extract apache-cassandra-3.11.2/pylib/cqlshlib/saferscanner.py
2018-07-19 14:58:47 [main] INFO  c.g.n.e.c.p.CassandraStarterTests - Extract /root/.embedded-cassandra/cassandra/3.11.2/apache-cassandra-3.11.2-bin.tar.gz : extract apache-cassandra-3.11.2/pylib/cqlshlib/sslhandling.py
2018-07-19 14:58:47 [main] INFO  c.g.n.e.c.p.CassandraStarterTests - Extract /root/.embedded-cassandra/cassandra/3.11.2/apache-cassandra-3.11.2-bin.tar.gz : extract apache-cassandra-3.11.2/pylib/cqlshlib/test/__init__.py
2018-07-19 14:58:47 [main] INFO  c.g.n.e.c.p.CassandraStarterTests - Extract /root/.embedded-cassandra/cassandra/3.11.2/apache-cassandra-3.11.2-bin.tar.gz : extract apache-cassandra-3.11.2/pylib/cqlshlib/test/ansi_colors.py
2018-07-19 14:58:47 [main] INFO  c.g.n.e.c.p.CassandraStarterTests - Extract /root/.embedded-cassandra/cassandra/3.11.2/apache-cassandra-3.11.2-bin.tar.gz : extract apache-cassandra-3.11.2/pylib/cqlshlib/test/basecase.py
2018-07-19 14:58:47 [main] INFO  c.g.n.e.c.p.CassandraStarterTests - Extract /root/.embedded-cassandra/cassandra/3.11.2/apache-cassandra-3.11.2-bin.tar.gz : extract apache-cassandra-3.11.2/pylib/cqlshlib/test/cassconnect.py
2018-07-19 14:58:47 [main] INFO  c.g.n.e.c.p.CassandraStarterTests - Extract /root/.embedded-cassandra/cassandra/3.11.2/apache-cassandra-3.11.2-bin.tar.gz : extract apache-cassandra-3.11.2/pylib/cqlshlib/test/run_cqlsh.py
2018-07-19 14:58:47 [main] INFO  c.g.n.e.c.p.CassandraStarterTests - Extract /root/.embedded-cassandra/cassandra/3.11.2/apache-cassandra-3.11.2-bin.tar.gz : extract apache-cassandra-3.11.2/pylib/cqlshlib/test/test_cql_parsing.py
2018-07-19 14:58:47 [main] INFO  c.g.n.e.c.p.CassandraStarterTests - Extract /root/.embedded-cassandra/cassandra/3.11.2/apache-cassandra-3.11.2-bin.tar.gz : extract apache-cassandra-3.11.2/pylib/cqlshlib/test/test_cqlsh_commands.py
2018-07-19 14:58:47 [main] INFO  c.g.n.e.c.p.CassandraStarterTests - Extract /root/.embedded-cassandra/cassandra/3.11.2/apache-cassandra-3.11.2-bin.tar.gz : extract apache-cassandra-3.11.2/pylib/cqlshlib/test/test_cqlsh_completion.py
2018-07-19 14:58:47 [main] INFO  c.g.n.e.c.p.CassandraStarterTests - Extract /root/.embedded-cassandra/cassandra/3.11.2/apache-cassandra-3.11.2-bin.tar.gz : extract apache-cassandra-3.11.2/pylib/cqlshlib/test/test_cqlsh_invocation.py
2018-07-19 14:58:47 [main] INFO  c.g.n.e.c.p.CassandraStarterTests - Extract /root/.embedded-cassandra/cassandra/3.11.2/apache-cassandra-3.11.2-bin.tar.gz : extract apache-cassandra-3.11.2/pylib/cqlshlib/test/test_cqlsh_output.py
2018-07-19 14:58:47 [main] INFO  c.g.n.e.c.p.CassandraStarterTests - Extract /root/.embedded-cassandra/cassandra/3.11.2/apache-cassandra-3.11.2-bin.tar.gz : extract apache-cassandra-3.11.2/pylib/cqlshlib/test/test_cqlsh_parsing.py
2018-07-19 14:58:47 [main] INFO  c.g.n.e.c.p.CassandraStarterTests - Extract /root/.embedded-cassandra/cassandra/3.11.2/apache-cassandra-3.11.2-bin.tar.gz : extract apache-cassandra-3.11.2/pylib/cqlshlib/test/test_keyspace_init.cql
2018-07-19 14:58:47 [main] INFO  c.g.n.e.c.p.CassandraStarterTests - Extract /root/.embedded-cassandra/cassandra/3.11.2/apache-cassandra-3.11.2-bin.tar.gz : extract apache-cassandra-3.11.2/pylib/cqlshlib/test/winpty.py
2018-07-19 14:58:47 [main] INFO  c.g.n.e.c.p.CassandraStarterTests - Extract /root/.embedded-cassandra/cassandra/3.11.2/apache-cassandra-3.11.2-bin.tar.gz : extract apache-cassandra-3.11.2/pylib/cqlshlib/tracing.py
2018-07-19 14:58:47 [main] INFO  c.g.n.e.c.p.CassandraStarterTests - Extract /root/.embedded-cassandra/cassandra/3.11.2/apache-cassandra-3.11.2-bin.tar.gz : extract apache-cassandra-3.11.2/pylib/cqlshlib/util.py
2018-07-19 14:58:47 [main] INFO  c.g.n.e.c.p.CassandraStarterTests - Extract /root/.embedded-cassandra/cassandra/3.11.2/apache-cassandra-3.11.2-bin.tar.gz : extract apache-cassandra-3.11.2/pylib/cqlshlib/wcwidth.py
2018-07-19 14:58:47 [main] INFO  c.g.n.e.c.p.CassandraStarterTests - Extract /root/.embedded-cassandra/cassandra/3.11.2/apache-cassandra-3.11.2-bin.tar.gz : extract apache-cassandra-3.11.2/pylib/setup.py
2018-07-19 14:58:47 [main] INFO  c.g.n.e.c.p.CassandraStarterTests - Extract /root/.embedded-cassandra/cassandra/3.11.2/apache-cassandra-3.11.2-bin.tar.gz : extract apache-cassandra-3.11.2/tools/bin/cassandra-stress
2018-07-19 14:58:47 [main] INFO  c.g.n.e.c.p.CassandraStarterTests - Extract /root/.embedded-cassandra/cassandra/3.11.2/apache-cassandra-3.11.2-bin.tar.gz : extract apache-cassandra-3.11.2/tools/bin/cassandra-stress.bat
2018-07-19 14:58:47 [main] INFO  c.g.n.e.c.p.CassandraStarterTests - Extract /root/.embedded-cassandra/cassandra/3.11.2/apache-cassandra-3.11.2-bin.tar.gz : extract apache-cassandra-3.11.2/tools/bin/cassandra-stressd
2018-07-19 14:58:47 [main] INFO  c.g.n.e.c.p.CassandraStarterTests - Extract /root/.embedded-cassandra/cassandra/3.11.2/apache-cassandra-3.11.2-bin.tar.gz : extract apache-cassandra-3.11.2/tools/bin/cassandra.in.bat
2018-07-19 14:58:47 [main] INFO  c.g.n.e.c.p.CassandraStarterTests - Extract /root/.embedded-cassandra/cassandra/3.11.2/apache-cassandra-3.11.2-bin.tar.gz : extract apache-cassandra-3.11.2/tools/bin/cassandra.in.sh
2018-07-19 14:58:47 [main] INFO  c.g.n.e.c.p.CassandraStarterTests - Extract /root/.embedded-cassandra/cassandra/3.11.2/apache-cassandra-3.11.2-bin.tar.gz : extract apache-cassandra-3.11.2/tools/bin/compaction-stress
2018-07-19 14:58:47 [main] INFO  c.g.n.e.c.p.CassandraStarterTests - Extract /root/.embedded-cassandra/cassandra/3.11.2/apache-cassandra-3.11.2-bin.tar.gz : extract apache-cassandra-3.11.2/tools/bin/sstabledump
2018-07-19 14:58:47 [main] INFO  c.g.n.e.c.p.CassandraStarterTests - Extract /root/.embedded-cassandra/cassandra/3.11.2/apache-cassandra-3.11.2-bin.tar.gz : extract apache-cassandra-3.11.2/tools/bin/sstabledump.bat
2018-07-19 14:58:47 [main] INFO  c.g.n.e.c.p.CassandraStarterTests - Extract /root/.embedded-cassandra/cassandra/3.11.2/apache-cassandra-3.11.2-bin.tar.gz : extract apache-cassandra-3.11.2/tools/bin/sstableexpiredblockers
2018-07-19 14:58:47 [main] INFO  c.g.n.e.c.p.CassandraStarterTests - Extract /root/.embedded-cassandra/cassandra/3.11.2/apache-cassandra-3.11.2-bin.tar.gz : extract apache-cassandra-3.11.2/tools/bin/sstableexpiredblockers.bat
2018-07-19 14:58:47 [main] INFO  c.g.n.e.c.p.CassandraStarterTests - Extract /root/.embedded-cassandra/cassandra/3.11.2/apache-cassandra-3.11.2-bin.tar.gz : extract apache-cassandra-3.11.2/tools/bin/sstablelevelreset
2018-07-19 14:58:47 [main] INFO  c.g.n.e.c.p.CassandraStarterTests - Extract /root/.embedded-cassandra/cassandra/3.11.2/apache-cassandra-3.11.2-bin.tar.gz : extract apache-cassandra-3.11.2/tools/bin/sstablelevelreset.bat
2018-07-19 14:58:47 [main] INFO  c.g.n.e.c.p.CassandraStarterTests - Extract /root/.embedded-cassandra/cassandra/3.11.2/apache-cassandra-3.11.2-bin.tar.gz : extract apache-cassandra-3.11.2/tools/bin/sstablemetadata
2018-07-19 14:58:47 [main] INFO  c.g.n.e.c.p.CassandraStarterTests - Extract /root/.embedded-cassandra/cassandra/3.11.2/apache-cassandra-3.11.2-bin.tar.gz : extract apache-cassandra-3.11.2/tools/bin/sstablemetadata.bat
2018-07-19 14:58:47 [main] INFO  c.g.n.e.c.p.CassandraStarterTests - Extract /root/.embedded-cassandra/cassandra/3.11.2/apache-cassandra-3.11.2-bin.tar.gz : extract apache-cassandra-3.11.2/tools/bin/sstableofflinerelevel
2018-07-19 14:58:47 [main] INFO  c.g.n.e.c.p.CassandraStarterTests - Extract /root/.embedded-cassandra/cassandra/3.11.2/apache-cassandra-3.11.2-bin.tar.gz : extract apache-cassandra-3.11.2/tools/bin/sstableofflinerelevel.bat
2018-07-19 14:58:47 [main] INFO  c.g.n.e.c.p.CassandraStarterTests - Extract /root/.embedded-cassandra/cassandra/3.11.2/apache-cassandra-3.11.2-bin.tar.gz : extract apache-cassandra-3.11.2/tools/bin/sstablerepairedset
2018-07-19 14:58:47 [main] INFO  c.g.n.e.c.p.CassandraStarterTests - Extract /root/.embedded-cassandra/cassandra/3.11.2/apache-cassandra-3.11.2-bin.tar.gz : extract apache-cassandra-3.11.2/tools/bin/sstablerepairedset.bat
2018-07-19 14:58:47 [main] INFO  c.g.n.e.c.p.CassandraStarterTests - Extract /root/.embedded-cassandra/cassandra/3.11.2/apache-cassandra-3.11.2-bin.tar.gz : extract apache-cassandra-3.11.2/tools/bin/sstablesplit
2018-07-19 14:58:47 [main] INFO  c.g.n.e.c.p.CassandraStarterTests - Extract /root/.embedded-cassandra/cassandra/3.11.2/apache-cassandra-3.11.2-bin.tar.gz : extract apache-cassandra-3.11.2/tools/bin/sstablesplit.bat
2018-07-19 14:58:47 [main] INFO  c.g.n.e.c.p.CassandraStarterTests - Extract /root/.embedded-cassandra/cassandra/3.11.2/apache-cassandra-3.11.2-bin.tar.gz : extract apache-cassandra-3.11.2/tools/cqlstress-counter-example.yaml
2018-07-19 14:58:47 [main] INFO  c.g.n.e.c.p.CassandraStarterTests - Extract /root/.embedded-cassandra/cassandra/3.11.2/apache-cassandra-3.11.2-bin.tar.gz : extract apache-cassandra-3.11.2/tools/cqlstress-example.yaml
2018-07-19 14:58:47 [main] INFO  c.g.n.e.c.p.CassandraStarterTests - Extract /root/.embedded-cassandra/cassandra/3.11.2/apache-cassandra-3.11.2-bin.tar.gz : extract apache-cassandra-3.11.2/tools/cqlstress-insanity-example.yaml
2018-07-19 14:58:47 [main] INFO  c.g.n.e.c.p.CassandraStarterTests - Extract /root/.embedded-cassandra/cassandra/3.11.2/apache-cassandra-3.11.2-bin.tar.gz : extract apache-cassandra-3.11.2/tools/lib/stress.jar
2018-07-19 14:58:47 [main] INFO  c.g.n.e.c.p.CassandraStarterTests - Extract /root/.embedded-cassandra/cassandra/3.11.2/apache-cassandra-3.11.2-bin.tar.gz : extract apache-cassandra-3.11.2/bin/cassandra.in.sh
2018-07-19 14:58:47 [main] INFO  c.g.n.e.c.p.CassandraStarterTests - Extract /root/.embedded-cassandra/cassandra/3.11.2/apache-cassandra-3.11.2-bin.tar.gz : extract apache-cassandra-3.11.2/bin/cassandra
2018-07-19 14:58:47 [main] INFO  c.g.n.e.c.p.CassandraStarterTests - Extract /root/.embedded-cassandra/cassandra/3.11.2/apache-cassandra-3.11.2-bin.tar.gz : extract apache-cassandra-3.11.2/bin/cassandra.bat
2018-07-19 14:58:47 [main] INFO  c.g.n.e.c.p.CassandraStarterTests - Extract /root/.embedded-cassandra/cassandra/3.11.2/apache-cassandra-3.11.2-bin.tar.gz : extract apache-cassandra-3.11.2/bin/cassandra.in.bat
2018-07-19 14:58:47 [main] INFO  c.g.n.e.c.p.CassandraStarterTests - Extract /root/.embedded-cassandra/cassandra/3.11.2/apache-cassandra-3.11.2-bin.tar.gz : extract apache-cassandra-3.11.2/bin/cqlsh
2018-07-19 14:58:47 [main] INFO  c.g.n.e.c.p.CassandraStarterTests - Extract /root/.embedded-cassandra/cassandra/3.11.2/apache-cassandra-3.11.2-bin.tar.gz : extract apache-cassandra-3.11.2/bin/cqlsh.bat
2018-07-19 14:58:47 [main] INFO  c.g.n.e.c.p.CassandraStarterTests - Extract /root/.embedded-cassandra/cassandra/3.11.2/apache-cassandra-3.11.2-bin.tar.gz : extract apache-cassandra-3.11.2/bin/cqlsh.py
2018-07-19 14:58:47 [main] INFO  c.g.n.e.c.p.CassandraStarterTests - Extract /root/.embedded-cassandra/cassandra/3.11.2/apache-cassandra-3.11.2-bin.tar.gz : extract apache-cassandra-3.11.2/bin/debug-cql
2018-07-19 14:58:47 [main] INFO  c.g.n.e.c.p.CassandraStarterTests - Extract /root/.embedded-cassandra/cassandra/3.11.2/apache-cassandra-3.11.2-bin.tar.gz : extract apache-cassandra-3.11.2/bin/debug-cql.bat
2018-07-19 14:58:47 [main] INFO  c.g.n.e.c.p.CassandraStarterTests - Extract /root/.embedded-cassandra/cassandra/3.11.2/apache-cassandra-3.11.2-bin.tar.gz : extract apache-cassandra-3.11.2/bin/nodetool
2018-07-19 14:58:47 [main] INFO  c.g.n.e.c.p.CassandraStarterTests - Extract /root/.embedded-cassandra/cassandra/3.11.2/apache-cassandra-3.11.2-bin.tar.gz : extract apache-cassandra-3.11.2/bin/nodetool.bat
2018-07-19 14:58:47 [main] INFO  c.g.n.e.c.p.CassandraStarterTests - Extract /root/.embedded-cassandra/cassandra/3.11.2/apache-cassandra-3.11.2-bin.tar.gz : extract apache-cassandra-3.11.2/bin/source-conf.ps1
2018-07-19 14:58:47 [main] INFO  c.g.n.e.c.p.CassandraStarterTests - Extract /root/.embedded-cassandra/cassandra/3.11.2/apache-cassandra-3.11.2-bin.tar.gz : extract apache-cassandra-3.11.2/bin/sstableloader
2018-07-19 14:58:47 [main] INFO  c.g.n.e.c.p.CassandraStarterTests - Extract /root/.embedded-cassandra/cassandra/3.11.2/apache-cassandra-3.11.2-bin.tar.gz : extract apache-cassandra-3.11.2/bin/sstableloader.bat
2018-07-19 14:58:47 [main] INFO  c.g.n.e.c.p.CassandraStarterTests - Extract /root/.embedded-cassandra/cassandra/3.11.2/apache-cassandra-3.11.2-bin.tar.gz : extract apache-cassandra-3.11.2/bin/sstablescrub
2018-07-19 14:58:47 [main] INFO  c.g.n.e.c.p.CassandraStarterTests - Extract /root/.embedded-cassandra/cassandra/3.11.2/apache-cassandra-3.11.2-bin.tar.gz : extract apache-cassandra-3.11.2/bin/sstablescrub.bat
2018-07-19 14:58:47 [main] INFO  c.g.n.e.c.p.CassandraStarterTests - Extract /root/.embedded-cassandra/cassandra/3.11.2/apache-cassandra-3.11.2-bin.tar.gz : extract apache-cassandra-3.11.2/bin/sstableupgrade
2018-07-19 14:58:47 [main] INFO  c.g.n.e.c.p.CassandraStarterTests - Extract /root/.embedded-cassandra/cassandra/3.11.2/apache-cassandra-3.11.2-bin.tar.gz : extract apache-cassandra-3.11.2/bin/sstableupgrade.bat
2018-07-19 14:58:47 [main] INFO  c.g.n.e.c.p.CassandraStarterTests - Extract /root/.embedded-cassandra/cassandra/3.11.2/apache-cassandra-3.11.2-bin.tar.gz : extract apache-cassandra-3.11.2/bin/sstableutil
2018-07-19 14:58:47 [main] INFO  c.g.n.e.c.p.CassandraStarterTests - Extract /root/.embedded-cassandra/cassandra/3.11.2/apache-cassandra-3.11.2-bin.tar.gz : extract apache-cassandra-3.11.2/bin/sstableutil.bat
2018-07-19 14:58:47 [main] INFO  c.g.n.e.c.p.CassandraStarterTests - Extract /root/.embedded-cassandra/cassandra/3.11.2/apache-cassandra-3.11.2-bin.tar.gz : extract apache-cassandra-3.11.2/bin/sstableverify
2018-07-19 14:58:47 [main] INFO  c.g.n.e.c.p.CassandraStarterTests - Extract /root/.embedded-cassandra/cassandra/3.11.2/apache-cassandra-3.11.2-bin.tar.gz : extract apache-cassandra-3.11.2/bin/sstableverify.bat
2018-07-19 14:58:47 [main] INFO  c.g.n.e.c.p.CassandraStarterTests - Extract /root/.embedded-cassandra/cassandra/3.11.2/apache-cassandra-3.11.2-bin.tar.gz : extract apache-cassandra-3.11.2/bin/stop-server
2018-07-19 14:58:47 [main] INFO  c.g.n.e.c.p.CassandraStarterTests - Extract /root/.embedded-cassandra/cassandra/3.11.2/apache-cassandra-3.11.2-bin.tar.gz : extract apache-cassandra-3.11.2/bin/stop-server.bat
2018-07-19 14:58:47 [main] INFO  c.g.n.e.c.p.CassandraStarterTests - Extract /root/.embedded-cassandra/cassandra/3.11.2/apache-cassandra-3.11.2-bin.tar.gz : extract apache-cassandra-3.11.2/bin/stop-server.ps1
2018-07-19 14:58:47 [main] INFO  c.g.n.e.c.p.CassandraStarterTests - Extract /root/.embedded-cassandra/cassandra/3.11.2/apache-cassandra-3.11.2-bin.tar.gz : finished
2018-07-19 14:58:47 [main] INFO  c.g.n.e.c.process.CassandraProcess - Starting Cassandra Process using command [/tmp/temp--a69b614d-83e7-4456-959e-8d16c37d6bdd/apache-cassandra-3.11.2/bin/cassandra, -f, -Dcassandra.jmx.local.port=44721]
2018-07-19 14:58:47 [Thread-26] INFO  c.g.n.e.c.p.CassandraStarterTests - [P:1243] Running Cassandra as root user or group is not recommended - please start Cassandra using a different system user.
2018-07-19 14:58:47 [Thread-26] INFO  c.g.n.e.c.p.CassandraStarterTests - [P:1243] If you really want to force running Cassandra as root, use -R command line option.
2018-07-19 14:58:47 [main] INFO  c.g.n.e.c.process.CassandraProcess - Cassandra process '1243' has been stopped.
]]></system-out>
    <rerunFailure message="&#10;Expected: (an instance of java.io.IOException and exception with message a string containing &quot;Could not start a process.&quot;)&#10;     but: exception with message a string containing &quot;Could not start a process.&quot; message was &quot;Could not start a process &apos;1589&apos;.&#10;Failure:&lt;EOF&gt;&#10;Output:&#10;--- START --- &#10;[P:1589] Running Cassandra as root user or group is not recommended - please start Cassandra using a different system user.&#10;[P:1589] If you really want to force running Cassandra as root, use -R command line option.&#10;&#10;--- END --- &quot;&#10;Stacktrace was: java.io.IOException: Could not start a process &apos;1589&apos;.&#10;Failure:&lt;EOF&gt;&#10;Output:&#10;--- START --- &#10;[P:1589] Running Cassandra as root user or group is not recommended - please start Cassandra using a different system user.&#10;[P:1589] If you really want to force running Cassandra as root, use -R command line option.&#10;&#10;--- END --- &#10;	at com.github.nosan.embedded.cassandra.process.CassandraProcess.onAfterProcessStart(CassandraProcess.java:114)&#10;	at de.flapdoodle.embed.process.runtime.AbstractProcess.&lt;init&gt;(AbstractProcess.java:116)&#10;	at com.github.nosan.embedded.cassandra.process.CassandraProcess.&lt;init&gt;(CassandraProcess.java:67)&#10;	at com.github.nosan.embedded.cassandra.process.CassandraExecutable.start(CassandraExecutable.java:49)&#10;	at com.github.nosan.embedded.cassandra.process.CassandraExecutable.start(CassandraExecutable.java:37)&#10;	at de.flapdoodle.embed.process.runtime.Executable.start(Executable.java:108)&#10;	at com.github.nosan.embedded.cassandra.process.CassandraStarterTests.start(CassandraStarterTests.java:64)&#10;	at com.github.nosan.embedded.cassandra.process.CassandraStarterTests.start(CassandraStarterTests.java:55)&#10;	at com.github.nosan.embedded.cassandra.process.CassandraStarterTests.shouldFailWithTimeoutError(CassandraStarterTests.java:114)&#10;	at sun.reflect.NativeMethodAccessorImpl.invoke0(Native Method)&#10;	at sun.reflect.NativeMethodAccessorImpl.invoke(NativeMethodAccessorImpl.java:62)&#10;	at sun.reflect.DelegatingMethodAccessorImpl.invoke(DelegatingMethodAccessorImpl.java:43)&#10;	at java.lang.reflect.Method.invoke(Method.java:498)&#10;	at org.junit.runners.model.FrameworkMethod$1.runReflectiveCall(FrameworkMethod.java:50)&#10;	at org.junit.internal.runners.model.ReflectiveCallable.run(ReflectiveCallable.java:12)&#10;	at org.junit.runners.model.FrameworkMethod.invokeExplosively(FrameworkMethod.java:47)&#10;	at org.junit.internal.runners.statements.InvokeMethod.evaluate(InvokeMethod.java:17)&#10;	at org.junit.rules.ExpectedException$ExpectedExceptionStatement.evaluate(ExpectedException.java:239)&#10;	at org.junit.rules.RunRules.evaluate(RunRules.java:20)&#10;	at org.junit.runners.ParentRunner.runLeaf(ParentRunner.java:325)&#10;	at org.junit.runners.BlockJUnit4ClassRunner.runChild(BlockJUnit4ClassRunner.java:78)&#10;	at org.junit.runners.BlockJUnit4ClassRunner.runChild(BlockJUnit4ClassRunner.java:57)&#10;	at org.junit.runners.ParentRunner$3.run(ParentRunner.java:290)&#10;	at org.junit.runners.ParentRunner$1.schedule(ParentRunner.java:71)&#10;	at org.junit.runners.ParentRunner.runChildren(ParentRunner.java:288)&#10;	at org.junit.runners.ParentRunner.access$000(ParentRunner.java:58)&#10;	at org.junit.runners.ParentRunner$2.evaluate(ParentRunner.java:268)&#10;	at org.junit.runners.ParentRunner.run(ParentRunner.java:363)&#10;	at org.apache.maven.surefire.junit4.JUnit4Provider.executeFailedMethod(JUnit4Provider.java:379)&#10;	at org.apache.maven.surefire.junit4.JUnit4Provider.executeWithRerun(JUnit4Provider.java:290)&#10;	at org.apache.maven.surefire.junit4.JUnit4Provider.executeTestSet(JUnit4Provider.java:236)&#10;	at org.apache.maven.surefire.junit4.JUnit4Provider.invoke(JUnit4Provider.java:159)&#10;	at org.apache.maven.surefire.booter.ForkedBooter.invokeProviderInSameClassLoader(ForkedBooter.java:386)&#10;	at org.apache.maven.surefire.booter.ForkedBooter.runSuitesInProcess(ForkedBooter.java:323)&#10;	at org.apache.maven.surefire.booter.ForkedBooter.main(ForkedBooter.java:143)&#10;" type="java.lang.AssertionError"><![CDATA[java.lang.AssertionError: 

Expected: (an instance of java.io.IOException and exception with message a string containing "Could not start a process.")
     but: exception with message a string containing "Could not start a process." message was "Could not start a process '1589'.
Failure:<EOF>
Output:
--- START --- 
[P:1589] Running Cassandra as root user or group is not recommended - please start Cassandra using a different system user.
[P:1589] If you really want to force running Cassandra as root, use -R command line option.

--- END --- "
Stacktrace was: java.io.IOException: Could not start a process '1589'.
Failure:<EOF>
Output:
--- START --- 
[P:1589] Running Cassandra as root user or group is not recommended - please start Cassandra using a different system user.
[P:1589] If you really want to force running Cassandra as root, use -R command line option.

--- END --- 
	at com.github.nosan.embedded.cassandra.process.CassandraProcess.onAfterProcessStart(CassandraProcess.java:114)
	at de.flapdoodle.embed.process.runtime.AbstractProcess.<init>(AbstractProcess.java:116)
	at com.github.nosan.embedded.cassandra.process.CassandraProcess.<init>(CassandraProcess.java:67)
	at com.github.nosan.embedded.cassandra.process.CassandraExecutable.start(CassandraExecutable.java:49)
	at com.github.nosan.embedded.cassandra.process.CassandraExecutable.start(CassandraExecutable.java:37)
	at de.flapdoodle.embed.process.runtime.Executable.start(Executable.java:108)
	at com.github.nosan.embedded.cassandra.process.CassandraStarterTests.start(CassandraStarterTests.java:64)
	at com.github.nosan.embedded.cassandra.process.CassandraStarterTests.start(CassandraStarterTests.java:55)
	at com.github.nosan.embedded.cassandra.process.CassandraStarterTests.shouldFailWithTimeoutError(CassandraStarterTests.java:114)
	at sun.reflect.NativeMethodAccessorImpl.invoke0(Native Method)
	at sun.reflect.NativeMethodAccessorImpl.invoke(NativeMethodAccessorImpl.java:62)
	at sun.reflect.DelegatingMethodAccessorImpl.invoke(DelegatingMethodAccessorImpl.java:43)
	at java.lang.reflect.Method.invoke(Method.java:498)
	at org.junit.runners.model.FrameworkMethod$1.runReflectiveCall(FrameworkMethod.java:50)
	at org.junit.internal.runners.model.ReflectiveCallable.run(ReflectiveCallable.java:12)
	at org.junit.runners.model.FrameworkMethod.invokeExplosively(FrameworkMethod.java:47)
	at org.junit.internal.runners.statements.InvokeMethod.evaluate(InvokeMethod.java:17)
	at org.junit.rules.ExpectedException$ExpectedExceptionStatement.evaluate(ExpectedException.java:239)
	at org.junit.rules.RunRules.evaluate(RunRules.java:20)
	at org.junit.runners.ParentRunner.runLeaf(ParentRunner.java:325)
	at org.junit.runners.BlockJUnit4ClassRunner.runChild(BlockJUnit4ClassRunner.java:78)
	at org.junit.runners.BlockJUnit4ClassRunner.runChild(BlockJUnit4ClassRunner.java:57)
	at org.junit.runners.ParentRunner$3.run(ParentRunner.java:290)
	at org.junit.runners.ParentRunner$1.schedule(ParentRunner.java:71)
	at org.junit.runners.ParentRunner.runChildren(ParentRunner.java:288)
	at org.junit.runners.ParentRunner.access$000(ParentRunner.java:58)
	at org.junit.runners.ParentRunner$2.evaluate(ParentRunner.java:268)
	at org.junit.runners.ParentRunner.run(ParentRunner.java:363)
	at org.apache.maven.surefire.junit4.JUnit4Provider.executeFailedMethod(JUnit4Provider.java:379)
	at org.apache.maven.surefire.junit4.JUnit4Provider.executeWithRerun(JUnit4Provider.java:290)
	at org.apache.maven.surefire.junit4.JUnit4Provider.executeTestSet(JUnit4Provider.java:236)
	at org.apache.maven.surefire.junit4.JUnit4Provider.invoke(JUnit4Provider.java:159)
	at org.apache.maven.surefire.booter.ForkedBooter.invokeProviderInSameClassLoader(ForkedBooter.java:386)
	at org.apache.maven.surefire.booter.ForkedBooter.runSuitesInProcess(ForkedBooter.java:323)
	at org.apache.maven.surefire.booter.ForkedBooter.main(ForkedBooter.java:143)

	at org.hamcrest.MatcherAssert.assertThat(MatcherAssert.java:20)
	at org.junit.Assert.assertThat(Assert.java:956)
	at org.junit.Assert.assertThat(Assert.java:923)
	at org.junit.rules.ExpectedException.handleException(ExpectedException.java:252)
	at org.junit.rules.ExpectedException.access$000(ExpectedException.java:106)
	at org.junit.rules.ExpectedException$ExpectedExceptionStatement.evaluate(ExpectedException.java:241)
	at org.junit.rules.RunRules.evaluate(RunRules.java:20)
	at org.junit.runners.ParentRunner.runLeaf(ParentRunner.java:325)
	at org.junit.runners.BlockJUnit4ClassRunner.runChild(BlockJUnit4ClassRunner.java:78)
	at org.junit.runners.BlockJUnit4ClassRunner.runChild(BlockJUnit4ClassRunner.java:57)
	at org.junit.runners.ParentRunner$3.run(ParentRunner.java:290)
	at org.junit.runners.ParentRunner$1.schedule(ParentRunner.java:71)
	at org.junit.runners.ParentRunner.runChildren(ParentRunner.java:288)
	at org.junit.runners.ParentRunner.access$000(ParentRunner.java:58)
	at org.junit.runners.ParentRunner$2.evaluate(ParentRunner.java:268)
	at org.junit.runners.ParentRunner.run(ParentRunner.java:363)
	at org.apache.maven.surefire.junit4.JUnit4Provider.executeFailedMethod(JUnit4Provider.java:379)
	at org.apache.maven.surefire.junit4.JUnit4Provider.executeWithRerun(JUnit4Provider.java:290)
	at org.apache.maven.surefire.junit4.JUnit4Provider.executeTestSet(JUnit4Provider.java:236)
	at org.apache.maven.surefire.junit4.JUnit4Provider.invoke(JUnit4Provider.java:159)
	at org.apache.maven.surefire.booter.ForkedBooter.invokeProviderInSameClassLoader(ForkedBooter.java:386)
	at org.apache.maven.surefire.booter.ForkedBooter.runSuitesInProcess(ForkedBooter.java:323)
	at org.apache.maven.surefire.booter.ForkedBooter.main(ForkedBooter.java:143)
]]>
      <system-out><![CDATA[2018-07-19 14:59:04 [main] INFO  c.g.n.e.c.p.CassandraStarterTests - Extract /root/.embedded-cassandra/cassandra/3.11.2/apache-cassandra-3.11.2-bin.tar.gz : starting...
2018-07-19 14:59:04 [main] INFO  c.g.n.e.c.p.CassandraStarterTests - Extract /root/.embedded-cassandra/cassandra/3.11.2/apache-cassandra-3.11.2-bin.tar.gz : extract apache-cassandra-3.11.2/conf/cassandra-env.ps1
2018-07-19 14:59:04 [main] INFO  c.g.n.e.c.p.CassandraStarterTests - Extract /root/.embedded-cassandra/cassandra/3.11.2/apache-cassandra-3.11.2-bin.tar.gz : extract apache-cassandra-3.11.2/conf/cassandra-env.sh
2018-07-19 14:59:04 [main] INFO  c.g.n.e.c.p.CassandraStarterTests - Extract /root/.embedded-cassandra/cassandra/3.11.2/apache-cassandra-3.11.2-bin.tar.gz : extract apache-cassandra-3.11.2/conf/cassandra-jaas.config
2018-07-19 14:59:04 [main] INFO  c.g.n.e.c.p.CassandraStarterTests - Extract /root/.embedded-cassandra/cassandra/3.11.2/apache-cassandra-3.11.2-bin.tar.gz : extract apache-cassandra-3.11.2/conf/cassandra-rackdc.properties
2018-07-19 14:59:04 [main] INFO  c.g.n.e.c.p.CassandraStarterTests - Extract /root/.embedded-cassandra/cassandra/3.11.2/apache-cassandra-3.11.2-bin.tar.gz : extract apache-cassandra-3.11.2/conf/cassandra-topology.properties
2018-07-19 14:59:04 [main] INFO  c.g.n.e.c.p.CassandraStarterTests - Extract /root/.embedded-cassandra/cassandra/3.11.2/apache-cassandra-3.11.2-bin.tar.gz : extract apache-cassandra-3.11.2/conf/cassandra.yaml
2018-07-19 14:59:04 [main] INFO  c.g.n.e.c.p.CassandraStarterTests - Extract /root/.embedded-cassandra/cassandra/3.11.2/apache-cassandra-3.11.2-bin.tar.gz : extract apache-cassandra-3.11.2/conf/commitlog_archiving.properties
2018-07-19 14:59:04 [main] INFO  c.g.n.e.c.p.CassandraStarterTests - Extract /root/.embedded-cassandra/cassandra/3.11.2/apache-cassandra-3.11.2-bin.tar.gz : extract apache-cassandra-3.11.2/conf/cqlshrc.sample
2018-07-19 14:59:04 [main] INFO  c.g.n.e.c.p.CassandraStarterTests - Extract /root/.embedded-cassandra/cassandra/3.11.2/apache-cassandra-3.11.2-bin.tar.gz : extract apache-cassandra-3.11.2/conf/hotspot_compiler
2018-07-19 14:59:04 [main] INFO  c.g.n.e.c.p.CassandraStarterTests - Extract /root/.embedded-cassandra/cassandra/3.11.2/apache-cassandra-3.11.2-bin.tar.gz : extract apache-cassandra-3.11.2/conf/jvm.options
2018-07-19 14:59:04 [main] INFO  c.g.n.e.c.p.CassandraStarterTests - Extract /root/.embedded-cassandra/cassandra/3.11.2/apache-cassandra-3.11.2-bin.tar.gz : extract apache-cassandra-3.11.2/conf/logback-tools.xml
2018-07-19 14:59:04 [main] INFO  c.g.n.e.c.p.CassandraStarterTests - Extract /root/.embedded-cassandra/cassandra/3.11.2/apache-cassandra-3.11.2-bin.tar.gz : extract apache-cassandra-3.11.2/conf/logback.xml
2018-07-19 14:59:04 [main] INFO  c.g.n.e.c.p.CassandraStarterTests - Extract /root/.embedded-cassandra/cassandra/3.11.2/apache-cassandra-3.11.2-bin.tar.gz : extract apache-cassandra-3.11.2/conf/metrics-reporter-config-sample.yaml
2018-07-19 14:59:04 [main] INFO  c.g.n.e.c.p.CassandraStarterTests - Extract /root/.embedded-cassandra/cassandra/3.11.2/apache-cassandra-3.11.2-bin.tar.gz : extract apache-cassandra-3.11.2/conf/triggers/README.txt
2018-07-19 14:59:04 [main] INFO  c.g.n.e.c.p.CassandraStarterTests - Extract /root/.embedded-cassandra/cassandra/3.11.2/apache-cassandra-3.11.2-bin.tar.gz : extract apache-cassandra-3.11.2/interface/cassandra.thrift
2018-07-19 14:59:08 [main] INFO  c.g.n.e.c.p.CassandraStarterTests - Extract /root/.embedded-cassandra/cassandra/3.11.2/apache-cassandra-3.11.2-bin.tar.gz : extract apache-cassandra-3.11.2/lib/HdrHistogram-2.1.9.jar
2018-07-19 14:59:08 [main] INFO  c.g.n.e.c.p.CassandraStarterTests - Extract /root/.embedded-cassandra/cassandra/3.11.2/apache-cassandra-3.11.2-bin.tar.gz : extract apache-cassandra-3.11.2/lib/ST4-4.0.8.jar
2018-07-19 14:59:08 [main] INFO  c.g.n.e.c.p.CassandraStarterTests - Extract /root/.embedded-cassandra/cassandra/3.11.2/apache-cassandra-3.11.2-bin.tar.gz : extract apache-cassandra-3.11.2/lib/airline-0.6.jar
2018-07-19 14:59:08 [main] INFO  c.g.n.e.c.p.CassandraStarterTests - Extract /root/.embedded-cassandra/cassandra/3.11.2/apache-cassandra-3.11.2-bin.tar.gz : extract apache-cassandra-3.11.2/lib/antlr-runtime-3.5.2.jar
2018-07-19 14:59:08 [main] INFO  c.g.n.e.c.p.CassandraStarterTests - Extract /root/.embedded-cassandra/cassandra/3.11.2/apache-cassandra-3.11.2-bin.tar.gz : extract apache-cassandra-3.11.2/lib/apache-cassandra-3.11.2.jar
2018-07-19 14:59:08 [main] INFO  c.g.n.e.c.p.CassandraStarterTests - Extract /root/.embedded-cassandra/cassandra/3.11.2/apache-cassandra-3.11.2-bin.tar.gz : extract apache-cassandra-3.11.2/lib/apache-cassandra-thrift-3.11.2.jar
2018-07-19 14:59:08 [main] INFO  c.g.n.e.c.p.CassandraStarterTests - Extract /root/.embedded-cassandra/cassandra/3.11.2/apache-cassandra-3.11.2-bin.tar.gz : extract apache-cassandra-3.11.2/lib/asm-5.0.4.jar
2018-07-19 14:59:08 [main] INFO  c.g.n.e.c.p.CassandraStarterTests - Extract /root/.embedded-cassandra/cassandra/3.11.2/apache-cassandra-3.11.2-bin.tar.gz : extract apache-cassandra-3.11.2/lib/caffeine-2.2.6.jar
2018-07-19 14:59:08 [main] INFO  c.g.n.e.c.p.CassandraStarterTests - Extract /root/.embedded-cassandra/cassandra/3.11.2/apache-cassandra-3.11.2-bin.tar.gz : extract apache-cassandra-3.11.2/lib/cassandra-driver-core-3.0.1-shaded.jar
2018-07-19 14:59:08 [main] INFO  c.g.n.e.c.p.CassandraStarterTests - Extract /root/.embedded-cassandra/cassandra/3.11.2/apache-cassandra-3.11.2-bin.tar.gz : extract apache-cassandra-3.11.2/lib/cassandra-driver-internal-only-3.10.zip
2018-07-19 14:59:08 [main] INFO  c.g.n.e.c.p.CassandraStarterTests - Extract /root/.embedded-cassandra/cassandra/3.11.2/apache-cassandra-3.11.2-bin.tar.gz : extract apache-cassandra-3.11.2/lib/cassandra-driver-internal-only-3.11.0-bb96859b.zip
2018-07-19 14:59:08 [main] INFO  c.g.n.e.c.p.CassandraStarterTests - Extract /root/.embedded-cassandra/cassandra/3.11.2/apache-cassandra-3.11.2-bin.tar.gz : extract apache-cassandra-3.11.2/lib/commons-cli-1.1.jar
2018-07-19 14:59:08 [main] INFO  c.g.n.e.c.p.CassandraStarterTests - Extract /root/.embedded-cassandra/cassandra/3.11.2/apache-cassandra-3.11.2-bin.tar.gz : extract apache-cassandra-3.11.2/lib/commons-codec-1.9.jar
2018-07-19 14:59:08 [main] INFO  c.g.n.e.c.p.CassandraStarterTests - Extract /root/.embedded-cassandra/cassandra/3.11.2/apache-cassandra-3.11.2-bin.tar.gz : extract apache-cassandra-3.11.2/lib/commons-lang3-3.1.jar
2018-07-19 14:59:08 [main] INFO  c.g.n.e.c.p.CassandraStarterTests - Extract /root/.embedded-cassandra/cassandra/3.11.2/apache-cassandra-3.11.2-bin.tar.gz : extract apache-cassandra-3.11.2/lib/commons-math3-3.2.jar
2018-07-19 14:59:08 [main] INFO  c.g.n.e.c.p.CassandraStarterTests - Extract /root/.embedded-cassandra/cassandra/3.11.2/apache-cassandra-3.11.2-bin.tar.gz : extract apache-cassandra-3.11.2/lib/compress-lzf-0.8.4.jar
2018-07-19 14:59:08 [main] INFO  c.g.n.e.c.p.CassandraStarterTests - Extract /root/.embedded-cassandra/cassandra/3.11.2/apache-cassandra-3.11.2-bin.tar.gz : extract apache-cassandra-3.11.2/lib/concurrent-trees-2.4.0.jar
2018-07-19 14:59:08 [main] INFO  c.g.n.e.c.p.CassandraStarterTests - Extract /root/.embedded-cassandra/cassandra/3.11.2/apache-cassandra-3.11.2-bin.tar.gz : extract apache-cassandra-3.11.2/lib/concurrentlinkedhashmap-lru-1.4.jar
2018-07-19 14:59:08 [main] INFO  c.g.n.e.c.p.CassandraStarterTests - Extract /root/.embedded-cassandra/cassandra/3.11.2/apache-cassandra-3.11.2-bin.tar.gz : extract apache-cassandra-3.11.2/lib/disruptor-3.0.1.jar
2018-07-19 14:59:08 [main] INFO  c.g.n.e.c.p.CassandraStarterTests - Extract /root/.embedded-cassandra/cassandra/3.11.2/apache-cassandra-3.11.2-bin.tar.gz : extract apache-cassandra-3.11.2/lib/ecj-4.4.2.jar
2018-07-19 14:59:08 [main] INFO  c.g.n.e.c.p.CassandraStarterTests - Extract /root/.embedded-cassandra/cassandra/3.11.2/apache-cassandra-3.11.2-bin.tar.gz : extract apache-cassandra-3.11.2/lib/futures-2.1.6-py2.py3-none-any.zip
2018-07-19 14:59:08 [main] INFO  c.g.n.e.c.p.CassandraStarterTests - Extract /root/.embedded-cassandra/cassandra/3.11.2/apache-cassandra-3.11.2-bin.tar.gz : extract apache-cassandra-3.11.2/lib/guava-18.0.jar
2018-07-19 14:59:08 [main] INFO  c.g.n.e.c.p.CassandraStarterTests - Extract /root/.embedded-cassandra/cassandra/3.11.2/apache-cassandra-3.11.2-bin.tar.gz : extract apache-cassandra-3.11.2/lib/high-scale-lib-1.0.6.jar
2018-07-19 14:59:08 [main] INFO  c.g.n.e.c.p.CassandraStarterTests - Extract /root/.embedded-cassandra/cassandra/3.11.2/apache-cassandra-3.11.2-bin.tar.gz : extract apache-cassandra-3.11.2/lib/hppc-0.5.4.jar
2018-07-19 14:59:08 [main] INFO  c.g.n.e.c.p.CassandraStarterTests - Extract /root/.embedded-cassandra/cassandra/3.11.2/apache-cassandra-3.11.2-bin.tar.gz : extract apache-cassandra-3.11.2/lib/jackson-core-asl-1.9.13.jar
2018-07-19 14:59:08 [main] INFO  c.g.n.e.c.p.CassandraStarterTests - Extract /root/.embedded-cassandra/cassandra/3.11.2/apache-cassandra-3.11.2-bin.tar.gz : extract apache-cassandra-3.11.2/lib/jackson-mapper-asl-1.9.13.jar
2018-07-19 14:59:08 [main] INFO  c.g.n.e.c.p.CassandraStarterTests - Extract /root/.embedded-cassandra/cassandra/3.11.2/apache-cassandra-3.11.2-bin.tar.gz : extract apache-cassandra-3.11.2/lib/jamm-0.3.0.jar
2018-07-19 14:59:08 [main] INFO  c.g.n.e.c.p.CassandraStarterTests - Extract /root/.embedded-cassandra/cassandra/3.11.2/apache-cassandra-3.11.2-bin.tar.gz : extract apache-cassandra-3.11.2/lib/javax.inject.jar
2018-07-19 14:59:08 [main] INFO  c.g.n.e.c.p.CassandraStarterTests - Extract /root/.embedded-cassandra/cassandra/3.11.2/apache-cassandra-3.11.2-bin.tar.gz : extract apache-cassandra-3.11.2/lib/jbcrypt-0.3m.jar
2018-07-19 14:59:08 [main] INFO  c.g.n.e.c.p.CassandraStarterTests - Extract /root/.embedded-cassandra/cassandra/3.11.2/apache-cassandra-3.11.2-bin.tar.gz : extract apache-cassandra-3.11.2/lib/jcl-over-slf4j-1.7.7.jar
2018-07-19 14:59:08 [main] INFO  c.g.n.e.c.p.CassandraStarterTests - Extract /root/.embedded-cassandra/cassandra/3.11.2/apache-cassandra-3.11.2-bin.tar.gz : extract apache-cassandra-3.11.2/lib/jctools-core-1.2.1.jar
2018-07-19 14:59:08 [main] INFO  c.g.n.e.c.p.CassandraStarterTests - Extract /root/.embedded-cassandra/cassandra/3.11.2/apache-cassandra-3.11.2-bin.tar.gz : extract apache-cassandra-3.11.2/lib/jflex-1.6.0.jar
2018-07-19 14:59:08 [main] INFO  c.g.n.e.c.p.CassandraStarterTests - Extract /root/.embedded-cassandra/cassandra/3.11.2/apache-cassandra-3.11.2-bin.tar.gz : extract apache-cassandra-3.11.2/lib/jna-4.2.2.jar
2018-07-19 14:59:08 [main] INFO  c.g.n.e.c.p.CassandraStarterTests - Extract /root/.embedded-cassandra/cassandra/3.11.2/apache-cassandra-3.11.2-bin.tar.gz : extract apache-cassandra-3.11.2/lib/joda-time-2.4.jar
2018-07-19 14:59:08 [main] INFO  c.g.n.e.c.p.CassandraStarterTests - Extract /root/.embedded-cassandra/cassandra/3.11.2/apache-cassandra-3.11.2-bin.tar.gz : extract apache-cassandra-3.11.2/lib/json-simple-1.1.jar
2018-07-19 14:59:08 [main] INFO  c.g.n.e.c.p.CassandraStarterTests - Extract /root/.embedded-cassandra/cassandra/3.11.2/apache-cassandra-3.11.2-bin.tar.gz : extract apache-cassandra-3.11.2/lib/jstackjunit-0.0.1.jar
2018-07-19 14:59:08 [main] INFO  c.g.n.e.c.p.CassandraStarterTests - Extract /root/.embedded-cassandra/cassandra/3.11.2/apache-cassandra-3.11.2-bin.tar.gz : extract apache-cassandra-3.11.2/lib/libthrift-0.9.2.jar
2018-07-19 14:59:08 [main] INFO  c.g.n.e.c.p.CassandraStarterTests - Extract /root/.embedded-cassandra/cassandra/3.11.2/apache-cassandra-3.11.2-bin.tar.gz : extract apache-cassandra-3.11.2/lib/log4j-over-slf4j-1.7.7.jar
2018-07-19 14:59:08 [main] INFO  c.g.n.e.c.p.CassandraStarterTests - Extract /root/.embedded-cassandra/cassandra/3.11.2/apache-cassandra-3.11.2-bin.tar.gz : extract apache-cassandra-3.11.2/lib/logback-classic-1.1.3.jar
2018-07-19 14:59:08 [main] INFO  c.g.n.e.c.p.CassandraStarterTests - Extract /root/.embedded-cassandra/cassandra/3.11.2/apache-cassandra-3.11.2-bin.tar.gz : extract apache-cassandra-3.11.2/lib/logback-core-1.1.3.jar
2018-07-19 14:59:08 [main] INFO  c.g.n.e.c.p.CassandraStarterTests - Extract /root/.embedded-cassandra/cassandra/3.11.2/apache-cassandra-3.11.2-bin.tar.gz : extract apache-cassandra-3.11.2/lib/lz4-1.3.0.jar
2018-07-19 14:59:08 [main] INFO  c.g.n.e.c.p.CassandraStarterTests - Extract /root/.embedded-cassandra/cassandra/3.11.2/apache-cassandra-3.11.2-bin.tar.gz : extract apache-cassandra-3.11.2/lib/metrics-core-3.1.0.jar
2018-07-19 14:59:08 [main] INFO  c.g.n.e.c.p.CassandraStarterTests - Extract /root/.embedded-cassandra/cassandra/3.11.2/apache-cassandra-3.11.2-bin.tar.gz : extract apache-cassandra-3.11.2/lib/metrics-jvm-3.1.0.jar
2018-07-19 14:59:08 [main] INFO  c.g.n.e.c.p.CassandraStarterTests - Extract /root/.embedded-cassandra/cassandra/3.11.2/apache-cassandra-3.11.2-bin.tar.gz : extract apache-cassandra-3.11.2/lib/metrics-logback-3.1.0.jar
2018-07-19 14:59:08 [main] INFO  c.g.n.e.c.p.CassandraStarterTests - Extract /root/.embedded-cassandra/cassandra/3.11.2/apache-cassandra-3.11.2-bin.tar.gz : extract apache-cassandra-3.11.2/lib/netty-all-4.0.44.Final.jar
2018-07-19 14:59:08 [main] INFO  c.g.n.e.c.p.CassandraStarterTests - Extract /root/.embedded-cassandra/cassandra/3.11.2/apache-cassandra-3.11.2-bin.tar.gz : extract apache-cassandra-3.11.2/lib/ohc-core-0.4.4.jar
2018-07-19 14:59:08 [main] INFO  c.g.n.e.c.p.CassandraStarterTests - Extract /root/.embedded-cassandra/cassandra/3.11.2/apache-cassandra-3.11.2-bin.tar.gz : extract apache-cassandra-3.11.2/lib/ohc-core-j8-0.4.4.jar
2018-07-19 14:59:08 [main] INFO  c.g.n.e.c.p.CassandraStarterTests - Extract /root/.embedded-cassandra/cassandra/3.11.2/apache-cassandra-3.11.2-bin.tar.gz : extract apache-cassandra-3.11.2/lib/reporter-config-base-3.0.3.jar
2018-07-19 14:59:08 [main] INFO  c.g.n.e.c.p.CassandraStarterTests - Extract /root/.embedded-cassandra/cassandra/3.11.2/apache-cassandra-3.11.2-bin.tar.gz : extract apache-cassandra-3.11.2/lib/reporter-config3-3.0.3.jar
2018-07-19 14:59:08 [main] INFO  c.g.n.e.c.p.CassandraStarterTests - Extract /root/.embedded-cassandra/cassandra/3.11.2/apache-cassandra-3.11.2-bin.tar.gz : extract apache-cassandra-3.11.2/lib/sigar-1.6.4.jar
2018-07-19 14:59:08 [main] INFO  c.g.n.e.c.p.CassandraStarterTests - Extract /root/.embedded-cassandra/cassandra/3.11.2/apache-cassandra-3.11.2-bin.tar.gz : extract apache-cassandra-3.11.2/lib/sigar-bin/libsigar-amd64-freebsd-6.so
2018-07-19 14:59:08 [main] INFO  c.g.n.e.c.p.CassandraStarterTests - Extract /root/.embedded-cassandra/cassandra/3.11.2/apache-cassandra-3.11.2-bin.tar.gz : extract apache-cassandra-3.11.2/lib/sigar-bin/libsigar-amd64-linux.so
2018-07-19 14:59:08 [main] INFO  c.g.n.e.c.p.CassandraStarterTests - Extract /root/.embedded-cassandra/cassandra/3.11.2/apache-cassandra-3.11.2-bin.tar.gz : extract apache-cassandra-3.11.2/lib/sigar-bin/libsigar-amd64-solaris.so
2018-07-19 14:59:08 [main] INFO  c.g.n.e.c.p.CassandraStarterTests - Extract /root/.embedded-cassandra/cassandra/3.11.2/apache-cassandra-3.11.2-bin.tar.gz : extract apache-cassandra-3.11.2/lib/sigar-bin/libsigar-ia64-hpux-11.sl
2018-07-19 14:59:08 [main] INFO  c.g.n.e.c.p.CassandraStarterTests - Extract /root/.embedded-cassandra/cassandra/3.11.2/apache-cassandra-3.11.2-bin.tar.gz : extract apache-cassandra-3.11.2/lib/sigar-bin/libsigar-ia64-linux.so
2018-07-19 14:59:08 [main] INFO  c.g.n.e.c.p.CassandraStarterTests - Extract /root/.embedded-cassandra/cassandra/3.11.2/apache-cassandra-3.11.2-bin.tar.gz : extract apache-cassandra-3.11.2/lib/sigar-bin/libsigar-pa-hpux-11.sl
2018-07-19 14:59:08 [main] INFO  c.g.n.e.c.p.CassandraStarterTests - Extract /root/.embedded-cassandra/cassandra/3.11.2/apache-cassandra-3.11.2-bin.tar.gz : extract apache-cassandra-3.11.2/lib/sigar-bin/libsigar-ppc-aix-5.so
2018-07-19 14:59:08 [main] INFO  c.g.n.e.c.p.CassandraStarterTests - Extract /root/.embedded-cassandra/cassandra/3.11.2/apache-cassandra-3.11.2-bin.tar.gz : extract apache-cassandra-3.11.2/lib/sigar-bin/libsigar-ppc-linux.so
2018-07-19 14:59:08 [main] INFO  c.g.n.e.c.p.CassandraStarterTests - Extract /root/.embedded-cassandra/cassandra/3.11.2/apache-cassandra-3.11.2-bin.tar.gz : extract apache-cassandra-3.11.2/lib/sigar-bin/libsigar-ppc64-aix-5.so
2018-07-19 14:59:08 [main] INFO  c.g.n.e.c.p.CassandraStarterTests - Extract /root/.embedded-cassandra/cassandra/3.11.2/apache-cassandra-3.11.2-bin.tar.gz : extract apache-cassandra-3.11.2/lib/sigar-bin/libsigar-ppc64-linux.so
2018-07-19 14:59:08 [main] INFO  c.g.n.e.c.p.CassandraStarterTests - Extract /root/.embedded-cassandra/cassandra/3.11.2/apache-cassandra-3.11.2-bin.tar.gz : extract apache-cassandra-3.11.2/lib/sigar-bin/libsigar-s390x-linux.so
2018-07-19 14:59:08 [main] INFO  c.g.n.e.c.p.CassandraStarterTests - Extract /root/.embedded-cassandra/cassandra/3.11.2/apache-cassandra-3.11.2-bin.tar.gz : extract apache-cassandra-3.11.2/lib/sigar-bin/libsigar-sparc-solaris.so
2018-07-19 14:59:08 [main] INFO  c.g.n.e.c.p.CassandraStarterTests - Extract /root/.embedded-cassandra/cassandra/3.11.2/apache-cassandra-3.11.2-bin.tar.gz : extract apache-cassandra-3.11.2/lib/sigar-bin/libsigar-sparc64-solaris.so
2018-07-19 14:59:08 [main] INFO  c.g.n.e.c.p.CassandraStarterTests - Extract /root/.embedded-cassandra/cassandra/3.11.2/apache-cassandra-3.11.2-bin.tar.gz : extract apache-cassandra-3.11.2/lib/sigar-bin/libsigar-universal-macosx.dylib
2018-07-19 14:59:08 [main] INFO  c.g.n.e.c.p.CassandraStarterTests - Extract /root/.embedded-cassandra/cassandra/3.11.2/apache-cassandra-3.11.2-bin.tar.gz : extract apache-cassandra-3.11.2/lib/sigar-bin/libsigar-universal64-macosx.dylib
2018-07-19 14:59:09 [main] INFO  c.g.n.e.c.p.CassandraStarterTests - Extract /root/.embedded-cassandra/cassandra/3.11.2/apache-cassandra-3.11.2-bin.tar.gz : extract apache-cassandra-3.11.2/lib/sigar-bin/libsigar-x86-freebsd-5.so
2018-07-19 14:59:09 [main] INFO  c.g.n.e.c.p.CassandraStarterTests - Extract /root/.embedded-cassandra/cassandra/3.11.2/apache-cassandra-3.11.2-bin.tar.gz : extract apache-cassandra-3.11.2/lib/sigar-bin/libsigar-x86-freebsd-6.so
2018-07-19 14:59:09 [main] INFO  c.g.n.e.c.p.CassandraStarterTests - Extract /root/.embedded-cassandra/cassandra/3.11.2/apache-cassandra-3.11.2-bin.tar.gz : extract apache-cassandra-3.11.2/lib/sigar-bin/libsigar-x86-linux.so
2018-07-19 14:59:09 [main] INFO  c.g.n.e.c.p.CassandraStarterTests - Extract /root/.embedded-cassandra/cassandra/3.11.2/apache-cassandra-3.11.2-bin.tar.gz : extract apache-cassandra-3.11.2/lib/sigar-bin/libsigar-x86-solaris.so
2018-07-19 14:59:09 [main] INFO  c.g.n.e.c.p.CassandraStarterTests - Extract /root/.embedded-cassandra/cassandra/3.11.2/apache-cassandra-3.11.2-bin.tar.gz : extract apache-cassandra-3.11.2/lib/sigar-bin/sigar-amd64-winnt.dll
2018-07-19 14:59:09 [main] INFO  c.g.n.e.c.p.CassandraStarterTests - Extract /root/.embedded-cassandra/cassandra/3.11.2/apache-cassandra-3.11.2-bin.tar.gz : extract apache-cassandra-3.11.2/lib/sigar-bin/sigar-x86-winnt.dll
2018-07-19 14:59:09 [main] INFO  c.g.n.e.c.p.CassandraStarterTests - Extract /root/.embedded-cassandra/cassandra/3.11.2/apache-cassandra-3.11.2-bin.tar.gz : extract apache-cassandra-3.11.2/lib/sigar-bin/sigar-x86-winnt.lib
2018-07-19 14:59:09 [main] INFO  c.g.n.e.c.p.CassandraStarterTests - Extract /root/.embedded-cassandra/cassandra/3.11.2/apache-cassandra-3.11.2-bin.tar.gz : extract apache-cassandra-3.11.2/lib/six-1.7.3-py2.py3-none-any.zip
2018-07-19 14:59:09 [main] INFO  c.g.n.e.c.p.CassandraStarterTests - Extract /root/.embedded-cassandra/cassandra/3.11.2/apache-cassandra-3.11.2-bin.tar.gz : extract apache-cassandra-3.11.2/lib/slf4j-api-1.7.7.jar
2018-07-19 14:59:09 [main] INFO  c.g.n.e.c.p.CassandraStarterTests - Extract /root/.embedded-cassandra/cassandra/3.11.2/apache-cassandra-3.11.2-bin.tar.gz : extract apache-cassandra-3.11.2/lib/snakeyaml-1.11.jar
2018-07-19 14:59:09 [main] INFO  c.g.n.e.c.p.CassandraStarterTests - Extract /root/.embedded-cassandra/cassandra/3.11.2/apache-cassandra-3.11.2-bin.tar.gz : extract apache-cassandra-3.11.2/lib/snappy-java-1.1.1.7.jar
2018-07-19 14:59:09 [main] INFO  c.g.n.e.c.p.CassandraStarterTests - Extract /root/.embedded-cassandra/cassandra/3.11.2/apache-cassandra-3.11.2-bin.tar.gz : extract apache-cassandra-3.11.2/lib/snowball-stemmer-1.3.0.581.1.jar
2018-07-19 14:59:09 [main] INFO  c.g.n.e.c.p.CassandraStarterTests - Extract /root/.embedded-cassandra/cassandra/3.11.2/apache-cassandra-3.11.2-bin.tar.gz : extract apache-cassandra-3.11.2/lib/stream-2.5.2.jar
2018-07-19 14:59:09 [main] INFO  c.g.n.e.c.p.CassandraStarterTests - Extract /root/.embedded-cassandra/cassandra/3.11.2/apache-cassandra-3.11.2-bin.tar.gz : extract apache-cassandra-3.11.2/lib/thrift-server-0.3.7.jar
2018-07-19 14:59:09 [main] INFO  c.g.n.e.c.p.CassandraStarterTests - Extract /root/.embedded-cassandra/cassandra/3.11.2/apache-cassandra-3.11.2-bin.tar.gz : extract apache-cassandra-3.11.2/pylib/cqlshlib/__init__.py
2018-07-19 14:59:09 [main] INFO  c.g.n.e.c.p.CassandraStarterTests - Extract /root/.embedded-cassandra/cassandra/3.11.2/apache-cassandra-3.11.2-bin.tar.gz : extract apache-cassandra-3.11.2/pylib/cqlshlib/copyutil.py
2018-07-19 14:59:09 [main] INFO  c.g.n.e.c.p.CassandraStarterTests - Extract /root/.embedded-cassandra/cassandra/3.11.2/apache-cassandra-3.11.2-bin.tar.gz : extract apache-cassandra-3.11.2/pylib/cqlshlib/cql3handling.py
2018-07-19 14:59:09 [main] INFO  c.g.n.e.c.p.CassandraStarterTests - Extract /root/.embedded-cassandra/cassandra/3.11.2/apache-cassandra-3.11.2-bin.tar.gz : extract apache-cassandra-3.11.2/pylib/cqlshlib/cqlhandling.py
2018-07-19 14:59:09 [main] INFO  c.g.n.e.c.p.CassandraStarterTests - Extract /root/.embedded-cassandra/cassandra/3.11.2/apache-cassandra-3.11.2-bin.tar.gz : extract apache-cassandra-3.11.2/pylib/cqlshlib/cqlshhandling.py
2018-07-19 14:59:09 [main] INFO  c.g.n.e.c.p.CassandraStarterTests - Extract /root/.embedded-cassandra/cassandra/3.11.2/apache-cassandra-3.11.2-bin.tar.gz : extract apache-cassandra-3.11.2/pylib/cqlshlib/displaying.py
2018-07-19 14:59:09 [main] INFO  c.g.n.e.c.p.CassandraStarterTests - Extract /root/.embedded-cassandra/cassandra/3.11.2/apache-cassandra-3.11.2-bin.tar.gz : extract apache-cassandra-3.11.2/pylib/cqlshlib/formatting.py
2018-07-19 14:59:09 [main] INFO  c.g.n.e.c.p.CassandraStarterTests - Extract /root/.embedded-cassandra/cassandra/3.11.2/apache-cassandra-3.11.2-bin.tar.gz : extract apache-cassandra-3.11.2/pylib/cqlshlib/helptopics.py
2018-07-19 14:59:09 [main] INFO  c.g.n.e.c.p.CassandraStarterTests - Extract /root/.embedded-cassandra/cassandra/3.11.2/apache-cassandra-3.11.2-bin.tar.gz : extract apache-cassandra-3.11.2/pylib/cqlshlib/pylexotron.py
2018-07-19 14:59:09 [main] INFO  c.g.n.e.c.p.CassandraStarterTests - Extract /root/.embedded-cassandra/cassandra/3.11.2/apache-cassandra-3.11.2-bin.tar.gz : extract apache-cassandra-3.11.2/pylib/cqlshlib/saferscanner.py
2018-07-19 14:59:09 [main] INFO  c.g.n.e.c.p.CassandraStarterTests - Extract /root/.embedded-cassandra/cassandra/3.11.2/apache-cassandra-3.11.2-bin.tar.gz : extract apache-cassandra-3.11.2/pylib/cqlshlib/sslhandling.py
2018-07-19 14:59:09 [main] INFO  c.g.n.e.c.p.CassandraStarterTests - Extract /root/.embedded-cassandra/cassandra/3.11.2/apache-cassandra-3.11.2-bin.tar.gz : extract apache-cassandra-3.11.2/pylib/cqlshlib/test/__init__.py
2018-07-19 14:59:09 [main] INFO  c.g.n.e.c.p.CassandraStarterTests - Extract /root/.embedded-cassandra/cassandra/3.11.2/apache-cassandra-3.11.2-bin.tar.gz : extract apache-cassandra-3.11.2/pylib/cqlshlib/test/ansi_colors.py
2018-07-19 14:59:09 [main] INFO  c.g.n.e.c.p.CassandraStarterTests - Extract /root/.embedded-cassandra/cassandra/3.11.2/apache-cassandra-3.11.2-bin.tar.gz : extract apache-cassandra-3.11.2/pylib/cqlshlib/test/basecase.py
2018-07-19 14:59:09 [main] INFO  c.g.n.e.c.p.CassandraStarterTests - Extract /root/.embedded-cassandra/cassandra/3.11.2/apache-cassandra-3.11.2-bin.tar.gz : extract apache-cassandra-3.11.2/pylib/cqlshlib/test/cassconnect.py
2018-07-19 14:59:09 [main] INFO  c.g.n.e.c.p.CassandraStarterTests - Extract /root/.embedded-cassandra/cassandra/3.11.2/apache-cassandra-3.11.2-bin.tar.gz : extract apache-cassandra-3.11.2/pylib/cqlshlib/test/run_cqlsh.py
2018-07-19 14:59:09 [main] INFO  c.g.n.e.c.p.CassandraStarterTests - Extract /root/.embedded-cassandra/cassandra/3.11.2/apache-cassandra-3.11.2-bin.tar.gz : extract apache-cassandra-3.11.2/pylib/cqlshlib/test/test_cql_parsing.py
2018-07-19 14:59:09 [main] INFO  c.g.n.e.c.p.CassandraStarterTests - Extract /root/.embedded-cassandra/cassandra/3.11.2/apache-cassandra-3.11.2-bin.tar.gz : extract apache-cassandra-3.11.2/pylib/cqlshlib/test/test_cqlsh_commands.py
2018-07-19 14:59:09 [main] INFO  c.g.n.e.c.p.CassandraStarterTests - Extract /root/.embedded-cassandra/cassandra/3.11.2/apache-cassandra-3.11.2-bin.tar.gz : extract apache-cassandra-3.11.2/pylib/cqlshlib/test/test_cqlsh_completion.py
2018-07-19 14:59:09 [main] INFO  c.g.n.e.c.p.CassandraStarterTests - Extract /root/.embedded-cassandra/cassandra/3.11.2/apache-cassandra-3.11.2-bin.tar.gz : extract apache-cassandra-3.11.2/pylib/cqlshlib/test/test_cqlsh_invocation.py
2018-07-19 14:59:09 [main] INFO  c.g.n.e.c.p.CassandraStarterTests - Extract /root/.embedded-cassandra/cassandra/3.11.2/apache-cassandra-3.11.2-bin.tar.gz : extract apache-cassandra-3.11.2/pylib/cqlshlib/test/test_cqlsh_output.py
2018-07-19 14:59:09 [main] INFO  c.g.n.e.c.p.CassandraStarterTests - Extract /root/.embedded-cassandra/cassandra/3.11.2/apache-cassandra-3.11.2-bin.tar.gz : extract apache-cassandra-3.11.2/pylib/cqlshlib/test/test_cqlsh_parsing.py
2018-07-19 14:59:09 [main] INFO  c.g.n.e.c.p.CassandraStarterTests - Extract /root/.embedded-cassandra/cassandra/3.11.2/apache-cassandra-3.11.2-bin.tar.gz : extract apache-cassandra-3.11.2/pylib/cqlshlib/test/test_keyspace_init.cql
2018-07-19 14:59:09 [main] INFO  c.g.n.e.c.p.CassandraStarterTests - Extract /root/.embedded-cassandra/cassandra/3.11.2/apache-cassandra-3.11.2-bin.tar.gz : extract apache-cassandra-3.11.2/pylib/cqlshlib/test/winpty.py
2018-07-19 14:59:09 [main] INFO  c.g.n.e.c.p.CassandraStarterTests - Extract /root/.embedded-cassandra/cassandra/3.11.2/apache-cassandra-3.11.2-bin.tar.gz : extract apache-cassandra-3.11.2/pylib/cqlshlib/tracing.py
2018-07-19 14:59:09 [main] INFO  c.g.n.e.c.p.CassandraStarterTests - Extract /root/.embedded-cassandra/cassandra/3.11.2/apache-cassandra-3.11.2-bin.tar.gz : extract apache-cassandra-3.11.2/pylib/cqlshlib/util.py
2018-07-19 14:59:09 [main] INFO  c.g.n.e.c.p.CassandraStarterTests - Extract /root/.embedded-cassandra/cassandra/3.11.2/apache-cassandra-3.11.2-bin.tar.gz : extract apache-cassandra-3.11.2/pylib/cqlshlib/wcwidth.py
2018-07-19 14:59:09 [main] INFO  c.g.n.e.c.p.CassandraStarterTests - Extract /root/.embedded-cassandra/cassandra/3.11.2/apache-cassandra-3.11.2-bin.tar.gz : extract apache-cassandra-3.11.2/pylib/setup.py
2018-07-19 14:59:09 [main] INFO  c.g.n.e.c.p.CassandraStarterTests - Extract /root/.embedded-cassandra/cassandra/3.11.2/apache-cassandra-3.11.2-bin.tar.gz : extract apache-cassandra-3.11.2/tools/bin/cassandra-stress
2018-07-19 14:59:09 [main] INFO  c.g.n.e.c.p.CassandraStarterTests - Extract /root/.embedded-cassandra/cassandra/3.11.2/apache-cassandra-3.11.2-bin.tar.gz : extract apache-cassandra-3.11.2/tools/bin/cassandra-stress.bat
2018-07-19 14:59:09 [main] INFO  c.g.n.e.c.p.CassandraStarterTests - Extract /root/.embedded-cassandra/cassandra/3.11.2/apache-cassandra-3.11.2-bin.tar.gz : extract apache-cassandra-3.11.2/tools/bin/cassandra-stressd
2018-07-19 14:59:09 [main] INFO  c.g.n.e.c.p.CassandraStarterTests - Extract /root/.embedded-cassandra/cassandra/3.11.2/apache-cassandra-3.11.2-bin.tar.gz : extract apache-cassandra-3.11.2/tools/bin/cassandra.in.bat
2018-07-19 14:59:09 [main] INFO  c.g.n.e.c.p.CassandraStarterTests - Extract /root/.embedded-cassandra/cassandra/3.11.2/apache-cassandra-3.11.2-bin.tar.gz : extract apache-cassandra-3.11.2/tools/bin/cassandra.in.sh
2018-07-19 14:59:09 [main] INFO  c.g.n.e.c.p.CassandraStarterTests - Extract /root/.embedded-cassandra/cassandra/3.11.2/apache-cassandra-3.11.2-bin.tar.gz : extract apache-cassandra-3.11.2/tools/bin/compaction-stress
2018-07-19 14:59:09 [main] INFO  c.g.n.e.c.p.CassandraStarterTests - Extract /root/.embedded-cassandra/cassandra/3.11.2/apache-cassandra-3.11.2-bin.tar.gz : extract apache-cassandra-3.11.2/tools/bin/sstabledump
2018-07-19 14:59:09 [main] INFO  c.g.n.e.c.p.CassandraStarterTests - Extract /root/.embedded-cassandra/cassandra/3.11.2/apache-cassandra-3.11.2-bin.tar.gz : extract apache-cassandra-3.11.2/tools/bin/sstabledump.bat
2018-07-19 14:59:09 [main] INFO  c.g.n.e.c.p.CassandraStarterTests - Extract /root/.embedded-cassandra/cassandra/3.11.2/apache-cassandra-3.11.2-bin.tar.gz : extract apache-cassandra-3.11.2/tools/bin/sstableexpiredblockers
2018-07-19 14:59:09 [main] INFO  c.g.n.e.c.p.CassandraStarterTests - Extract /root/.embedded-cassandra/cassandra/3.11.2/apache-cassandra-3.11.2-bin.tar.gz : extract apache-cassandra-3.11.2/tools/bin/sstableexpiredblockers.bat
2018-07-19 14:59:09 [main] INFO  c.g.n.e.c.p.CassandraStarterTests - Extract /root/.embedded-cassandra/cassandra/3.11.2/apache-cassandra-3.11.2-bin.tar.gz : extract apache-cassandra-3.11.2/tools/bin/sstablelevelreset
2018-07-19 14:59:09 [main] INFO  c.g.n.e.c.p.CassandraStarterTests - Extract /root/.embedded-cassandra/cassandra/3.11.2/apache-cassandra-3.11.2-bin.tar.gz : extract apache-cassandra-3.11.2/tools/bin/sstablelevelreset.bat
2018-07-19 14:59:09 [main] INFO  c.g.n.e.c.p.CassandraStarterTests - Extract /root/.embedded-cassandra/cassandra/3.11.2/apache-cassandra-3.11.2-bin.tar.gz : extract apache-cassandra-3.11.2/tools/bin/sstablemetadata
2018-07-19 14:59:09 [main] INFO  c.g.n.e.c.p.CassandraStarterTests - Extract /root/.embedded-cassandra/cassandra/3.11.2/apache-cassandra-3.11.2-bin.tar.gz : extract apache-cassandra-3.11.2/tools/bin/sstablemetadata.bat
2018-07-19 14:59:09 [main] INFO  c.g.n.e.c.p.CassandraStarterTests - Extract /root/.embedded-cassandra/cassandra/3.11.2/apache-cassandra-3.11.2-bin.tar.gz : extract apache-cassandra-3.11.2/tools/bin/sstableofflinerelevel
2018-07-19 14:59:09 [main] INFO  c.g.n.e.c.p.CassandraStarterTests - Extract /root/.embedded-cassandra/cassandra/3.11.2/apache-cassandra-3.11.2-bin.tar.gz : extract apache-cassandra-3.11.2/tools/bin/sstableofflinerelevel.bat
2018-07-19 14:59:09 [main] INFO  c.g.n.e.c.p.CassandraStarterTests - Extract /root/.embedded-cassandra/cassandra/3.11.2/apache-cassandra-3.11.2-bin.tar.gz : extract apache-cassandra-3.11.2/tools/bin/sstablerepairedset
2018-07-19 14:59:09 [main] INFO  c.g.n.e.c.p.CassandraStarterTests - Extract /root/.embedded-cassandra/cassandra/3.11.2/apache-cassandra-3.11.2-bin.tar.gz : extract apache-cassandra-3.11.2/tools/bin/sstablerepairedset.bat
2018-07-19 14:59:09 [main] INFO  c.g.n.e.c.p.CassandraStarterTests - Extract /root/.embedded-cassandra/cassandra/3.11.2/apache-cassandra-3.11.2-bin.tar.gz : extract apache-cassandra-3.11.2/tools/bin/sstablesplit
2018-07-19 14:59:09 [main] INFO  c.g.n.e.c.p.CassandraStarterTests - Extract /root/.embedded-cassandra/cassandra/3.11.2/apache-cassandra-3.11.2-bin.tar.gz : extract apache-cassandra-3.11.2/tools/bin/sstablesplit.bat
2018-07-19 14:59:09 [main] INFO  c.g.n.e.c.p.CassandraStarterTests - Extract /root/.embedded-cassandra/cassandra/3.11.2/apache-cassandra-3.11.2-bin.tar.gz : extract apache-cassandra-3.11.2/tools/cqlstress-counter-example.yaml
2018-07-19 14:59:09 [main] INFO  c.g.n.e.c.p.CassandraStarterTests - Extract /root/.embedded-cassandra/cassandra/3.11.2/apache-cassandra-3.11.2-bin.tar.gz : extract apache-cassandra-3.11.2/tools/cqlstress-example.yaml
2018-07-19 14:59:09 [main] INFO  c.g.n.e.c.p.CassandraStarterTests - Extract /root/.embedded-cassandra/cassandra/3.11.2/apache-cassandra-3.11.2-bin.tar.gz : extract apache-cassandra-3.11.2/tools/cqlstress-insanity-example.yaml
2018-07-19 14:59:09 [main] INFO  c.g.n.e.c.p.CassandraStarterTests - Extract /root/.embedded-cassandra/cassandra/3.11.2/apache-cassandra-3.11.2-bin.tar.gz : extract apache-cassandra-3.11.2/tools/lib/stress.jar
2018-07-19 14:59:09 [main] INFO  c.g.n.e.c.p.CassandraStarterTests - Extract /root/.embedded-cassandra/cassandra/3.11.2/apache-cassandra-3.11.2-bin.tar.gz : extract apache-cassandra-3.11.2/bin/cassandra.in.sh
2018-07-19 14:59:09 [main] INFO  c.g.n.e.c.p.CassandraStarterTests - Extract /root/.embedded-cassandra/cassandra/3.11.2/apache-cassandra-3.11.2-bin.tar.gz : extract apache-cassandra-3.11.2/bin/cassandra
2018-07-19 14:59:09 [main] INFO  c.g.n.e.c.p.CassandraStarterTests - Extract /root/.embedded-cassandra/cassandra/3.11.2/apache-cassandra-3.11.2-bin.tar.gz : extract apache-cassandra-3.11.2/bin/cassandra.bat
2018-07-19 14:59:09 [main] INFO  c.g.n.e.c.p.CassandraStarterTests - Extract /root/.embedded-cassandra/cassandra/3.11.2/apache-cassandra-3.11.2-bin.tar.gz : extract apache-cassandra-3.11.2/bin/cassandra.in.bat
2018-07-19 14:59:09 [main] INFO  c.g.n.e.c.p.CassandraStarterTests - Extract /root/.embedded-cassandra/cassandra/3.11.2/apache-cassandra-3.11.2-bin.tar.gz : extract apache-cassandra-3.11.2/bin/cqlsh
2018-07-19 14:59:09 [main] INFO  c.g.n.e.c.p.CassandraStarterTests - Extract /root/.embedded-cassandra/cassandra/3.11.2/apache-cassandra-3.11.2-bin.tar.gz : extract apache-cassandra-3.11.2/bin/cqlsh.bat
2018-07-19 14:59:09 [main] INFO  c.g.n.e.c.p.CassandraStarterTests - Extract /root/.embedded-cassandra/cassandra/3.11.2/apache-cassandra-3.11.2-bin.tar.gz : extract apache-cassandra-3.11.2/bin/cqlsh.py
2018-07-19 14:59:09 [main] INFO  c.g.n.e.c.p.CassandraStarterTests - Extract /root/.embedded-cassandra/cassandra/3.11.2/apache-cassandra-3.11.2-bin.tar.gz : extract apache-cassandra-3.11.2/bin/debug-cql
2018-07-19 14:59:09 [main] INFO  c.g.n.e.c.p.CassandraStarterTests - Extract /root/.embedded-cassandra/cassandra/3.11.2/apache-cassandra-3.11.2-bin.tar.gz : extract apache-cassandra-3.11.2/bin/debug-cql.bat
2018-07-19 14:59:09 [main] INFO  c.g.n.e.c.p.CassandraStarterTests - Extract /root/.embedded-cassandra/cassandra/3.11.2/apache-cassandra-3.11.2-bin.tar.gz : extract apache-cassandra-3.11.2/bin/nodetool
2018-07-19 14:59:09 [main] INFO  c.g.n.e.c.p.CassandraStarterTests - Extract /root/.embedded-cassandra/cassandra/3.11.2/apache-cassandra-3.11.2-bin.tar.gz : extract apache-cassandra-3.11.2/bin/nodetool.bat
2018-07-19 14:59:09 [main] INFO  c.g.n.e.c.p.CassandraStarterTests - Extract /root/.embedded-cassandra/cassandra/3.11.2/apache-cassandra-3.11.2-bin.tar.gz : extract apache-cassandra-3.11.2/bin/source-conf.ps1
2018-07-19 14:59:09 [main] INFO  c.g.n.e.c.p.CassandraStarterTests - Extract /root/.embedded-cassandra/cassandra/3.11.2/apache-cassandra-3.11.2-bin.tar.gz : extract apache-cassandra-3.11.2/bin/sstableloader
2018-07-19 14:59:09 [main] INFO  c.g.n.e.c.p.CassandraStarterTests - Extract /root/.embedded-cassandra/cassandra/3.11.2/apache-cassandra-3.11.2-bin.tar.gz : extract apache-cassandra-3.11.2/bin/sstableloader.bat
2018-07-19 14:59:09 [main] INFO  c.g.n.e.c.p.CassandraStarterTests - Extract /root/.embedded-cassandra/cassandra/3.11.2/apache-cassandra-3.11.2-bin.tar.gz : extract apache-cassandra-3.11.2/bin/sstablescrub
2018-07-19 14:59:09 [main] INFO  c.g.n.e.c.p.CassandraStarterTests - Extract /root/.embedded-cassandra/cassandra/3.11.2/apache-cassandra-3.11.2-bin.tar.gz : extract apache-cassandra-3.11.2/bin/sstablescrub.bat
2018-07-19 14:59:09 [main] INFO  c.g.n.e.c.p.CassandraStarterTests - Extract /root/.embedded-cassandra/cassandra/3.11.2/apache-cassandra-3.11.2-bin.tar.gz : extract apache-cassandra-3.11.2/bin/sstableupgrade
2018-07-19 14:59:09 [main] INFO  c.g.n.e.c.p.CassandraStarterTests - Extract /root/.embedded-cassandra/cassandra/3.11.2/apache-cassandra-3.11.2-bin.tar.gz : extract apache-cassandra-3.11.2/bin/sstableupgrade.bat
2018-07-19 14:59:09 [main] INFO  c.g.n.e.c.p.CassandraStarterTests - Extract /root/.embedded-cassandra/cassandra/3.11.2/apache-cassandra-3.11.2-bin.tar.gz : extract apache-cassandra-3.11.2/bin/sstableutil
2018-07-19 14:59:09 [main] INFO  c.g.n.e.c.p.CassandraStarterTests - Extract /root/.embedded-cassandra/cassandra/3.11.2/apache-cassandra-3.11.2-bin.tar.gz : extract apache-cassandra-3.11.2/bin/sstableutil.bat
2018-07-19 14:59:09 [main] INFO  c.g.n.e.c.p.CassandraStarterTests - Extract /root/.embedded-cassandra/cassandra/3.11.2/apache-cassandra-3.11.2-bin.tar.gz : extract apache-cassandra-3.11.2/bin/sstableverify
2018-07-19 14:59:09 [main] INFO  c.g.n.e.c.p.CassandraStarterTests - Extract /root/.embedded-cassandra/cassandra/3.11.2/apache-cassandra-3.11.2-bin.tar.gz : extract apache-cassandra-3.11.2/bin/sstableverify.bat
2018-07-19 14:59:09 [main] INFO  c.g.n.e.c.p.CassandraStarterTests - Extract /root/.embedded-cassandra/cassandra/3.11.2/apache-cassandra-3.11.2-bin.tar.gz : extract apache-cassandra-3.11.2/bin/stop-server
2018-07-19 14:59:09 [main] INFO  c.g.n.e.c.p.CassandraStarterTests - Extract /root/.embedded-cassandra/cassandra/3.11.2/apache-cassandra-3.11.2-bin.tar.gz : extract apache-cassandra-3.11.2/bin/stop-server.bat
2018-07-19 14:59:09 [main] INFO  c.g.n.e.c.p.CassandraStarterTests - Extract /root/.embedded-cassandra/cassandra/3.11.2/apache-cassandra-3.11.2-bin.tar.gz : extract apache-cassandra-3.11.2/bin/stop-server.ps1
2018-07-19 14:59:09 [main] INFO  c.g.n.e.c.p.CassandraStarterTests - Extract /root/.embedded-cassandra/cassandra/3.11.2/apache-cassandra-3.11.2-bin.tar.gz : finished
2018-07-19 14:59:09 [main] INFO  c.g.n.e.c.process.CassandraProcess - Starting Cassandra Process using command [/tmp/temp--efdccb07-4907-45fe-aa74-bac8f6339d39/apache-cassandra-3.11.2/bin/cassandra, -f, -Dcassandra.jmx.local.port=36793]
2018-07-19 14:59:09 [Thread-36] INFO  c.g.n.e.c.p.CassandraStarterTests - [P:1589] Running Cassandra as root user or group is not recommended - please start Cassandra using a different system user.
2018-07-19 14:59:09 [Thread-36] INFO  c.g.n.e.c.p.CassandraStarterTests - [P:1589] If you really want to force running Cassandra as root, use -R command line option.
2018-07-19 14:59:09 [main] INFO  c.g.n.e.c.process.CassandraProcess - Cassandra process '1589' has been stopped.
]]></system-out>
    </rerunFailure>
  </testcase>
</testsuite>