<?xml version="1.0" encoding="UTF-8"?>
<testsuite xmlns:xsi="http://www.w3.org/2001/XMLSchema-instance" xsi:noNamespaceSchemaLocation="https://maven.apache.org/surefire/maven-surefire-plugin/xsd/surefire-test-report.xsd" name="com.github.nosan.embedded.cassandra.support.CassandraConfigBuilderTests" time="0.003" tests="5" errors="0" skipped="0" failures="1">
  <properties>
    <property name="java.runtime.name" value="OpenJDK Runtime Environment"/>
    <property name="sun.boot.library.path" value="/usr/lib/jvm/java-8-openjdk-amd64/jre/lib/amd64"/>
    <property name="java.vm.version" value="25.121-b13"/>
    <property name="java.vm.vendor" value="Oracle Corporation"/>
    <property name="maven.multiModuleProjectDirectory" value="/root/workspace/nosan/embedded-cassandra/400414117"/>
    <property name="java.vendor.url" value="http://java.oracle.com/"/>
    <property name="path.separator" value=":"/>
    <property name="guice.disable.misplaced.annotation.check" value="true"/>
    <property name="skip.gulp" value="true"/>
    <property name="java.vm.name" value="OpenJDK 64-Bit Server VM"/>
    <property name="file.encoding.pkg" value="sun.io"/>
    <property name="sun.java.launcher" value="SUN_STANDARD"/>
    <property name="sun.os.patch.level" value="unknown"/>
    <property name="findbugs.skip" value="true"/>
    <property name="java.vm.specification.name" value="Java Virtual Machine Specification"/>
    <property name="user.dir" value="/root/workspace/nosan/embedded-cassandra/400414117"/>
    <property name="checkstyle.skip" value="true"/>
    <property name="java.runtime.version" value="1.8.0_121-8u121-b13-1~bpo8+1-b13"/>
    <property name="java.awt.graphicsenv" value="sun.awt.X11GraphicsEnvironment"/>
    <property name="skip.npm" value="true"/>
    <property name="java.endorsed.dirs" value="/usr/lib/jvm/java-8-openjdk-amd64/jre/lib/endorsed"/>
    <property name="os.arch" value="amd64"/>
    <property name="java.io.tmpdir" value="/tmp"/>
    <property name="gpg.skip" value="true"/>
    <property name="line.separator" value="&#10;"/>
    <property name="java.vm.specification.vendor" value="Oracle Corporation"/>
    <property name="cobertura.skip" value="true"/>
    <property name="os.name" value="Linux"/>
    <property name="classworlds.conf" value="/usr/share/maven/bin/m2.conf"/>
    <property name="sun.jnu.encoding" value="UTF-8"/>
    <property name="java.library.path" value="/usr/java/packages/lib/amd64:/usr/lib/x86_64-linux-gnu/jni:/lib/x86_64-linux-gnu:/usr/lib/x86_64-linux-gnu:/usr/lib/jni:/lib:/usr/lib"/>
    <property name="license.skip" value="true"/>
    <property name="java.specification.name" value="Java Platform API Specification"/>
    <property name="java.class.version" value="52.0"/>
    <property name="sun.management.compiler" value="HotSpot 64-Bit Tiered Compilers"/>
    <property name="skip.bower" value="true"/>
    <property name="maven.repo.local" value="/root/./workspace/nosan/embedded-cassandra/400414117/.m2"/>
    <property name="os.version" value="3.10.0-862.2.3.el7.x86_64"/>
    <property name="user.home" value="/root"/>
    <property name="user.timezone" value="Europe/Paris"/>
    <property name="java.awt.printerjob" value="sun.print.PSPrinterJob"/>
    <property name="osgi.nls.warnings" value="ignore"/>
    <property name="java.specification.version" value="1.8"/>
    <property name="file.encoding" value="UTF-8"/>
    <property name="user.name" value="root"/>
    <property name="java.class.path" value="/usr/share/maven/boot/plexus-classworlds-2.5.2.jar"/>
    <property name="skipITs" value="true"/>
    <property name="java.vm.specification.version" value="1.8"/>
    <property name="sun.arch.data.model" value="64"/>
    <property name="java.home" value="/usr/lib/jvm/java-8-openjdk-amd64/jre"/>
    <property name="sun.java.command" value="org.codehaus.plexus.classworlds.launcher.Launcher -B -D enforcer.skip=true -D dependency-check.skip=true -D skipITs=true -D cobertura.skip=true -D maven.repo.local=/root/./workspace/nosan/embedded-cassandra/400414117/.m2 -D rat.skip=true -D findbugs.skip=true -D skip.bower=true -D gpg.skip=true -D checkstyle.skip=true -D skip.gulp=true -D license.skip=true -D skip.npm=true test"/>
    <property name="java.specification.vendor" value="Oracle Corporation"/>
    <property name="user.language" value="en"/>
    <property name="awt.toolkit" value="sun.awt.X11.XToolkit"/>
    <property name="dependency-check.skip" value="true"/>
    <property name="java.vm.info" value="mixed mode"/>
    <property name="java.version" value="1.8.0_121"/>
    <property name="java.ext.dirs" value="/usr/lib/jvm/java-8-openjdk-amd64/jre/lib/ext:/usr/java/packages/lib/ext"/>
    <property name="securerandom.source" value="file:/dev/./urandom"/>
    <property name="sun.boot.class.path" value="/usr/lib/jvm/java-8-openjdk-amd64/jre/lib/resources.jar:/usr/lib/jvm/java-8-openjdk-amd64/jre/lib/rt.jar:/usr/lib/jvm/java-8-openjdk-amd64/jre/lib/sunrsasign.jar:/usr/lib/jvm/java-8-openjdk-amd64/jre/lib/jsse.jar:/usr/lib/jvm/java-8-openjdk-amd64/jre/lib/jce.jar:/usr/lib/jvm/java-8-openjdk-amd64/jre/lib/charsets.jar:/usr/lib/jvm/java-8-openjdk-amd64/jre/lib/jfr.jar:/usr/lib/jvm/java-8-openjdk-amd64/jre/classes"/>
    <property name="java.vendor" value="Oracle Corporation"/>
    <property name="enforcer.skip" value="true"/>
    <property name="rat.skip" value="true"/>
    <property name="maven.home" value="/usr/share/maven"/>
    <property name="file.separator" value="/"/>
    <property name="java.vendor.url.bug" value="http://bugreport.sun.com/bugreport/"/>
    <property name="sun.cpu.endian" value="little"/>
    <property name="sun.io.unicode.encoding" value="UnicodeLittle"/>
    <property name="sun.cpu.isalist" value=""/>
  </properties>
  <testcase name="buildSetRandomPortIfZero" classname="com.github.nosan.embedded.cassandra.support.CassandraConfigBuilderTests" time="0"/>
  <testcase name="randomPorts" classname="com.github.nosan.embedded.cassandra.support.CassandraConfigBuilderTests" time="0.003">
    <failure message="&#10;Expected size:&lt;300&gt; but was:&lt;297&gt; in:&#10;&lt;[39425,&#10;    33282,&#10;    34821,&#10;    40966,&#10;    35847,&#10;    36874,&#10;    36362,&#10;    36875,&#10;    45580,&#10;    34829,&#10;    41486,&#10;    39440,&#10;    36880,&#10;    39441,&#10;    43026,&#10;    34322,&#10;    45074,&#10;    44562,&#10;    44563,&#10;    43539,&#10;    35861,&#10;    39446,&#10;    46104,&#10;    43034,&#10;    46107,&#10;    46108,&#10;    46621,&#10;    32801,&#10;    39458,&#10;    40994,&#10;    38946,&#10;    33829,&#10;    45100,&#10;    32814,&#10;    35888,&#10;    39472,&#10;    46641,&#10;    34354,&#10;    38451,&#10;    36404,&#10;    46651,&#10;    39999,&#10;    33344,&#10;    33345,&#10;    39489,&#10;    40001,&#10;    43593,&#10;    33870,&#10;    36433,&#10;    37458,&#10;    44116,&#10;    40537,&#10;    35931,&#10;    44123,&#10;    36444,&#10;    44124,&#10;    36962,&#10;    34915,&#10;    35941,&#10;    36455,&#10;    36968,&#10;    35433,&#10;    39532,&#10;    41070,&#10;    36977,&#10;    33905,&#10;    43122,&#10;    42612,&#10;    42101,&#10;    44150,&#10;    44151,&#10;    43129,&#10;    45689,&#10;    44666,&#10;    39547,&#10;    32895,&#10;    42111,&#10;    46721,&#10;    39554,&#10;    34948,&#10;    41606,&#10;    37518,&#10;    40079,&#10;    35989,&#10;    46230,&#10;    37526,&#10;    42647,&#10;    37530,&#10;    36506,&#10;    33438,&#10;    36000,&#10;    40096,&#10;    33955,&#10;    41635,&#10;    35496,&#10;    44713,&#10;    39595,&#10;    45230,&#10;    37555,&#10;    41652,&#10;    46772,&#10;    39095,&#10;    38583,&#10;    46268,&#10;    42684,&#10;    42173,&#10;    41661,&#10;    40639,&#10;    33471,&#10;    41665,&#10;    38085,&#10;    35018,&#10;    35021,&#10;    41677,&#10;    35022,&#10;    41168,&#10;    35024,&#10;    45264,&#10;    39124,&#10;    36569,&#10;    39131,&#10;    39132,&#10;    40668,&#10;    45788,&#10;    38108,&#10;    34525,&#10;    37598,&#10;    44770,&#10;    34018,&#10;    43747,&#10;    41704,&#10;    39656,&#10;    44778,&#10;    37100,&#10;    37613,&#10;    43758,&#10;    34030,&#10;    42223,&#10;    35568,&#10;    35058,&#10;    43251,&#10;    45813,&#10;    43767,&#10;    44792,&#10;    40697,&#10;    38649,&#10;    40185,&#10;    39162,&#10;    33020,&#10;    44800,&#10;    46848,&#10;    46851,&#10;    37124,&#10;    44294,&#10;    35590,&#10;    42760,&#10;    42250,&#10;    45325,&#10;    34062,&#10;    37136,&#10;    46353,&#10;    39189,&#10;    43798,&#10;    40728,&#10;    39705,&#10;    43802,&#10;    34074,&#10;    39195,&#10;    46875,&#10;    38171,&#10;    43804,&#10;    45340,&#10;    35102,&#10;    42272,&#10;    42276,&#10;    45863,&#10;    33577,&#10;    37161,&#10;    42796,&#10;    43823,&#10;    37170,&#10;    36661,&#10;    39231,&#10;    35140,&#10;    41285,&#10;    33096,&#10;    44360,&#10;    39241,&#10;    42313,&#10;    34633,&#10;    38730,&#10;    39243,&#10;    33613,&#10;    37711,&#10;    38739,&#10;    35156,&#10;    43350,&#10;    40790,&#10;    44887,&#10;    38231,&#10;    41304,&#10;    37209,&#10;    44378,&#10;    46426,&#10;    38235,&#10;    42843,&#10;    44380,&#10;    45404,&#10;    44381,&#10;    35680,&#10;    42339,&#10;    33637,&#10;    35174,&#10;    45926,&#10;    35689,&#10;    42346,&#10;    40299,&#10;    45420,&#10;    44402,&#10;    39796,&#10;    38778,&#10;    38267,&#10;    42877,&#10;    43905,&#10;    40322,&#10;    35204,&#10;    39304,&#10;    43400,&#10;    40329,&#10;    43914,&#10;    35212,&#10;    40332,&#10;    44941,&#10;    39312,&#10;    37265,&#10;    42386,&#10;    42900,&#10;    43927,&#10;    42391,&#10;    38297,&#10;    44960,&#10;    39843,&#10;    37285,&#10;    36262,&#10;    35756,&#10;    46508,&#10;    37292,&#10;    41902,&#10;    43440,&#10;    34737,&#10;    40370,&#10;    46516,&#10;    41909,&#10;    42424,&#10;    42937,&#10;    46009,&#10;    42426,&#10;    37821,&#10;    39359,&#10;    35775,&#10;    34753,&#10;    39874,&#10;    43458,&#10;    46537,&#10;    34761,&#10;    46025,&#10;    42441,&#10;    34762,&#10;    44490,&#10;    40395,&#10;    41420,&#10;    45516,&#10;    42448,&#10;    42449,&#10;    38866,&#10;    43987,&#10;    45012,&#10;    38869,&#10;    37336,&#10;    38363,&#10;    36829,&#10;    42461,&#10;    34273,&#10;    46051,&#10;    38886,&#10;    41959,&#10;    38888,&#10;    40424,&#10;    37359,&#10;    40945,&#10;    42994,&#10;    36339,&#10;    35322,&#10;    34813,&#10;    35837,&#10;    37886,&#10;    36351]&gt;" type="java.lang.AssertionError"><![CDATA[java.lang.AssertionError: 

Expected size:<300> but was:<297> in:
<[39425,
    33282,
    34821,
    40966,
    35847,
    36874,
    36362,
    36875,
    45580,
    34829,
    41486,
    39440,
    36880,
    39441,
    43026,
    34322,
    45074,
    44562,
    44563,
    43539,
    35861,
    39446,
    46104,
    43034,
    46107,
    46108,
    46621,
    32801,
    39458,
    40994,
    38946,
    33829,
    45100,
    32814,
    35888,
    39472,
    46641,
    34354,
    38451,
    36404,
    46651,
    39999,
    33344,
    33345,
    39489,
    40001,
    43593,
    33870,
    36433,
    37458,
    44116,
    40537,
    35931,
    44123,
    36444,
    44124,
    36962,
    34915,
    35941,
    36455,
    36968,
    35433,
    39532,
    41070,
    36977,
    33905,
    43122,
    42612,
    42101,
    44150,
    44151,
    43129,
    45689,
    44666,
    39547,
    32895,
    42111,
    46721,
    39554,
    34948,
    41606,
    37518,
    40079,
    35989,
    46230,
    37526,
    42647,
    37530,
    36506,
    33438,
    36000,
    40096,
    33955,
    41635,
    35496,
    44713,
    39595,
    45230,
    37555,
    41652,
    46772,
    39095,
    38583,
    46268,
    42684,
    42173,
    41661,
    40639,
    33471,
    41665,
    38085,
    35018,
    35021,
    41677,
    35022,
    41168,
    35024,
    45264,
    39124,
    36569,
    39131,
    39132,
    40668,
    45788,
    38108,
    34525,
    37598,
    44770,
    34018,
    43747,
    41704,
    39656,
    44778,
    37100,
    37613,
    43758,
    34030,
    42223,
    35568,
    35058,
    43251,
    45813,
    43767,
    44792,
    40697,
    38649,
    40185,
    39162,
    33020,
    44800,
    46848,
    46851,
    37124,
    44294,
    35590,
    42760,
    42250,
    45325,
    34062,
    37136,
    46353,
    39189,
    43798,
    40728,
    39705,
    43802,
    34074,
    39195,
    46875,
    38171,
    43804,
    45340,
    35102,
    42272,
    42276,
    45863,
    33577,
    37161,
    42796,
    43823,
    37170,
    36661,
    39231,
    35140,
    41285,
    33096,
    44360,
    39241,
    42313,
    34633,
    38730,
    39243,
    33613,
    37711,
    38739,
    35156,
    43350,
    40790,
    44887,
    38231,
    41304,
    37209,
    44378,
    46426,
    38235,
    42843,
    44380,
    45404,
    44381,
    35680,
    42339,
    33637,
    35174,
    45926,
    35689,
    42346,
    40299,
    45420,
    44402,
    39796,
    38778,
    38267,
    42877,
    43905,
    40322,
    35204,
    39304,
    43400,
    40329,
    43914,
    35212,
    40332,
    44941,
    39312,
    37265,
    42386,
    42900,
    43927,
    42391,
    38297,
    44960,
    39843,
    37285,
    36262,
    35756,
    46508,
    37292,
    41902,
    43440,
    34737,
    40370,
    46516,
    41909,
    42424,
    42937,
    46009,
    42426,
    37821,
    39359,
    35775,
    34753,
    39874,
    43458,
    46537,
    34761,
    46025,
    42441,
    34762,
    44490,
    40395,
    41420,
    45516,
    42448,
    42449,
    38866,
    43987,
    45012,
    38869,
    37336,
    38363,
    36829,
    42461,
    34273,
    46051,
    38886,
    41959,
    38888,
    40424,
    37359,
    40945,
    42994,
    36339,
    35322,
    34813,
    35837,
    37886,
    36351]>
	at com.github.nosan.embedded.cassandra.support.CassandraConfigBuilderTests.randomPorts(CassandraConfigBuilderTests.java:136)
]]></failure>
  </testcase>
  <testcase name="build" classname="com.github.nosan.embedded.cassandra.support.CassandraConfigBuilderTests" time="0"/>
  <testcase name="buildDefaults" classname="com.github.nosan.embedded.cassandra.support.CassandraConfigBuilderTests" time="0"/>
  <testcase name="buildWithRandomPorts" classname="com.github.nosan.embedded.cassandra.support.CassandraConfigBuilderTests" time="0"/>
</testsuite>