<?xml version="1.0" encoding="UTF-8"?>
<testsuite xmlns:xsi="http://www.w3.org/2001/XMLSchema-instance" xsi:noNamespaceSchemaLocation="https://maven.apache.org/surefire/maven-surefire-plugin/xsd/surefire-test-report.xsd" name="com.github.nosan.embedded.cassandra.process.CassandraStarterTests" time="28.175" tests="7" errors="4" skipped="0" failures="2">
  <properties>
    <property name="awt.toolkit" value="sun.awt.X11.XToolkit"/>
    <property name="file.encoding.pkg" value="sun.io"/>
    <property name="java.specification.version" value="1.8"/>
    <property name="sun.cpu.isalist" value=""/>
    <property name="sun.jnu.encoding" value="UTF-8"/>
    <property name="java.class.path" value="/root/workspace/nosan/embedded-cassandra/401434815/embedded-cassandra/target/test-classes:/root/workspace/nosan/embedded-cassandra/401434815/embedded-cassandra/target/classes:/root/./workspace/nosan/embedded-cassandra/401434815/.m2/de/flapdoodle/embed/de.flapdoodle.embed.process/2.0.5/de.flapdoodle.embed.process-2.0.5.jar:/root/./workspace/nosan/embedded-cassandra/401434815/.m2/net/java/dev/jna/jna-platform/4.5.1/jna-platform-4.5.1.jar:/root/./workspace/nosan/embedded-cassandra/401434815/.m2/net/java/dev/jna/jna/4.5.1/jna-4.5.1.jar:/root/./workspace/nosan/embedded-cassandra/401434815/.m2/org/apache/commons/commons-compress/1.17/commons-compress-1.17.jar:/root/./workspace/nosan/embedded-cassandra/401434815/.m2/org/apache/commons/commons-lang3/3.7/commons-lang3-3.7.jar:/root/./workspace/nosan/embedded-cassandra/401434815/.m2/org/slf4j/slf4j-api/1.7.25/slf4j-api-1.7.25.jar:/root/./workspace/nosan/embedded-cassandra/401434815/.m2/org/yaml/snakeyaml/1.21/snakeyaml-1.21.jar:/root/./workspace/nosan/embedded-cassandra/401434815/.m2/com/datastax/cassandra/cassandra-driver-core/3.5.0/cassandra-driver-core-3.5.0.jar:/root/./workspace/nosan/embedded-cassandra/401434815/.m2/io/netty/netty-handler/4.0.56.Final/netty-handler-4.0.56.Final.jar:/root/./workspace/nosan/embedded-cassandra/401434815/.m2/io/netty/netty-buffer/4.0.56.Final/netty-buffer-4.0.56.Final.jar:/root/./workspace/nosan/embedded-cassandra/401434815/.m2/io/netty/netty-common/4.0.56.Final/netty-common-4.0.56.Final.jar:/root/./workspace/nosan/embedded-cassandra/401434815/.m2/io/netty/netty-transport/4.0.56.Final/netty-transport-4.0.56.Final.jar:/root/./workspace/nosan/embedded-cassandra/401434815/.m2/io/netty/netty-codec/4.0.56.Final/netty-codec-4.0.56.Final.jar:/root/./workspace/nosan/embedded-cassandra/401434815/.m2/com/google/guava/guava/19.0/guava-19.0.jar:/root/./workspace/nosan/embedded-cassandra/401434815/.m2/io/dropwizard/metrics/metrics-core/3.2.2/metrics-core-3.2.2.jar:/root/./workspace/nosan/embedded-cassandra/401434815/.m2/com/github/jnr/jnr-ffi/2.1.7/jnr-ffi-2.1.7.jar:/root/./workspace/nosan/embedded-cassandra/401434815/.m2/com/github/jnr/jffi/1.2.16/jffi-1.2.16.jar:/root/./workspace/nosan/embedded-cassandra/401434815/.m2/com/github/jnr/jffi/1.2.16/jffi-1.2.16-native.jar:/root/./workspace/nosan/embedded-cassandra/401434815/.m2/org/ow2/asm/asm/5.0.3/asm-5.0.3.jar:/root/./workspace/nosan/embedded-cassandra/401434815/.m2/org/ow2/asm/asm-commons/5.0.3/asm-commons-5.0.3.jar:/root/./workspace/nosan/embedded-cassandra/401434815/.m2/org/ow2/asm/asm-analysis/5.0.3/asm-analysis-5.0.3.jar:/root/./workspace/nosan/embedded-cassandra/401434815/.m2/org/ow2/asm/asm-tree/5.0.3/asm-tree-5.0.3.jar:/root/./workspace/nosan/embedded-cassandra/401434815/.m2/org/ow2/asm/asm-util/5.0.3/asm-util-5.0.3.jar:/root/./workspace/nosan/embedded-cassandra/401434815/.m2/com/github/jnr/jnr-x86asm/1.0.2/jnr-x86asm-1.0.2.jar:/root/./workspace/nosan/embedded-cassandra/401434815/.m2/com/github/jnr/jnr-posix/3.0.44/jnr-posix-3.0.44.jar:/root/./workspace/nosan/embedded-cassandra/401434815/.m2/com/github/jnr/jnr-constants/0.9.9/jnr-constants-0.9.9.jar:/root/./workspace/nosan/embedded-cassandra/401434815/.m2/junit/junit/4.12/junit-4.12.jar:/root/./workspace/nosan/embedded-cassandra/401434815/.m2/org/hamcrest/hamcrest-core/1.3/hamcrest-core-1.3.jar:/root/./workspace/nosan/embedded-cassandra/401434815/.m2/org/assertj/assertj-core/3.8.0/assertj-core-3.8.0.jar:/root/./workspace/nosan/embedded-cassandra/401434815/.m2/ch/qos/logback/logback-classic/1.2.3/logback-classic-1.2.3.jar:/root/./workspace/nosan/embedded-cassandra/401434815/.m2/ch/qos/logback/logback-core/1.2.3/logback-core-1.2.3.jar:"/>
    <property name="java.vm.vendor" value="Oracle Corporation"/>
    <property name="skip.bower" value="true"/>
    <property name="sun.arch.data.model" value="64"/>
    <property name="java.vendor.url" value="http://java.oracle.com/"/>
    <property name="user.timezone" value=""/>
    <property name="java.vm.specification.version" value="1.8"/>
    <property name="os.name" value="Linux"/>
    <property name="rat.skip" value="true"/>
    <property name="gpg.skip" value="true"/>
    <property name="sun.java.launcher" value="SUN_STANDARD"/>
    <property name="sun.boot.library.path" value="/usr/lib/jvm/java-8-openjdk-amd64/jre/lib/amd64"/>
    <property name="skip.gulp" value="true"/>
    <property name="sun.java.command" value="/root/workspace/nosan/embedded-cassandra/401434815/embedded-cassandra/target/surefire/surefirebooter1855352876272630004.jar /root/workspace/nosan/embedded-cassandra/401434815/embedded-cassandra/target/surefire 2018-07-08T16-20-49_013-jvmRun1 surefire7909917023866102697tmp surefire_03714557412966978565tmp"/>
    <property name="dependency-check.skip" value="true"/>
    <property name="surefire.test.class.path" value="/root/workspace/nosan/embedded-cassandra/401434815/embedded-cassandra/target/test-classes:/root/workspace/nosan/embedded-cassandra/401434815/embedded-cassandra/target/classes:/root/./workspace/nosan/embedded-cassandra/401434815/.m2/de/flapdoodle/embed/de.flapdoodle.embed.process/2.0.5/de.flapdoodle.embed.process-2.0.5.jar:/root/./workspace/nosan/embedded-cassandra/401434815/.m2/net/java/dev/jna/jna-platform/4.5.1/jna-platform-4.5.1.jar:/root/./workspace/nosan/embedded-cassandra/401434815/.m2/net/java/dev/jna/jna/4.5.1/jna-4.5.1.jar:/root/./workspace/nosan/embedded-cassandra/401434815/.m2/org/apache/commons/commons-compress/1.17/commons-compress-1.17.jar:/root/./workspace/nosan/embedded-cassandra/401434815/.m2/org/apache/commons/commons-lang3/3.7/commons-lang3-3.7.jar:/root/./workspace/nosan/embedded-cassandra/401434815/.m2/org/slf4j/slf4j-api/1.7.25/slf4j-api-1.7.25.jar:/root/./workspace/nosan/embedded-cassandra/401434815/.m2/org/yaml/snakeyaml/1.21/snakeyaml-1.21.jar:/root/./workspace/nosan/embedded-cassandra/401434815/.m2/com/datastax/cassandra/cassandra-driver-core/3.5.0/cassandra-driver-core-3.5.0.jar:/root/./workspace/nosan/embedded-cassandra/401434815/.m2/io/netty/netty-handler/4.0.56.Final/netty-handler-4.0.56.Final.jar:/root/./workspace/nosan/embedded-cassandra/401434815/.m2/io/netty/netty-buffer/4.0.56.Final/netty-buffer-4.0.56.Final.jar:/root/./workspace/nosan/embedded-cassandra/401434815/.m2/io/netty/netty-common/4.0.56.Final/netty-common-4.0.56.Final.jar:/root/./workspace/nosan/embedded-cassandra/401434815/.m2/io/netty/netty-transport/4.0.56.Final/netty-transport-4.0.56.Final.jar:/root/./workspace/nosan/embedded-cassandra/401434815/.m2/io/netty/netty-codec/4.0.56.Final/netty-codec-4.0.56.Final.jar:/root/./workspace/nosan/embedded-cassandra/401434815/.m2/com/google/guava/guava/19.0/guava-19.0.jar:/root/./workspace/nosan/embedded-cassandra/401434815/.m2/io/dropwizard/metrics/metrics-core/3.2.2/metrics-core-3.2.2.jar:/root/./workspace/nosan/embedded-cassandra/401434815/.m2/com/github/jnr/jnr-ffi/2.1.7/jnr-ffi-2.1.7.jar:/root/./workspace/nosan/embedded-cassandra/401434815/.m2/com/github/jnr/jffi/1.2.16/jffi-1.2.16.jar:/root/./workspace/nosan/embedded-cassandra/401434815/.m2/com/github/jnr/jffi/1.2.16/jffi-1.2.16-native.jar:/root/./workspace/nosan/embedded-cassandra/401434815/.m2/org/ow2/asm/asm/5.0.3/asm-5.0.3.jar:/root/./workspace/nosan/embedded-cassandra/401434815/.m2/org/ow2/asm/asm-commons/5.0.3/asm-commons-5.0.3.jar:/root/./workspace/nosan/embedded-cassandra/401434815/.m2/org/ow2/asm/asm-analysis/5.0.3/asm-analysis-5.0.3.jar:/root/./workspace/nosan/embedded-cassandra/401434815/.m2/org/ow2/asm/asm-tree/5.0.3/asm-tree-5.0.3.jar:/root/./workspace/nosan/embedded-cassandra/401434815/.m2/org/ow2/asm/asm-util/5.0.3/asm-util-5.0.3.jar:/root/./workspace/nosan/embedded-cassandra/401434815/.m2/com/github/jnr/jnr-x86asm/1.0.2/jnr-x86asm-1.0.2.jar:/root/./workspace/nosan/embedded-cassandra/401434815/.m2/com/github/jnr/jnr-posix/3.0.44/jnr-posix-3.0.44.jar:/root/./workspace/nosan/embedded-cassandra/401434815/.m2/com/github/jnr/jnr-constants/0.9.9/jnr-constants-0.9.9.jar:/root/./workspace/nosan/embedded-cassandra/401434815/.m2/junit/junit/4.12/junit-4.12.jar:/root/./workspace/nosan/embedded-cassandra/401434815/.m2/org/hamcrest/hamcrest-core/1.3/hamcrest-core-1.3.jar:/root/./workspace/nosan/embedded-cassandra/401434815/.m2/org/assertj/assertj-core/3.8.0/assertj-core-3.8.0.jar:/root/./workspace/nosan/embedded-cassandra/401434815/.m2/ch/qos/logback/logback-classic/1.2.3/logback-classic-1.2.3.jar:/root/./workspace/nosan/embedded-cassandra/401434815/.m2/ch/qos/logback/logback-core/1.2.3/logback-core-1.2.3.jar:"/>
    <property name="sun.cpu.endian" value="little"/>
    <property name="user.home" value="/root"/>
    <property name="user.language" value="en"/>
    <property name="java.specification.vendor" value="Oracle Corporation"/>
    <property name="java.home" value="/usr/lib/jvm/java-8-openjdk-amd64/jre"/>
    <property name="basedir" value="/root/workspace/nosan/embedded-cassandra/401434815/embedded-cassandra"/>
    <property name="file.separator" value="/"/>
    <property name="checkstyle.skip" value="true"/>
    <property name="line.separator" value="&#10;"/>
    <property name="skip.npm" value="true"/>
    <property name="java.vm.specification.vendor" value="Oracle Corporation"/>
    <property name="java.specification.name" value="Java Platform API Specification"/>
    <property name="java.awt.graphicsenv" value="sun.awt.X11GraphicsEnvironment"/>
    <property name="skipITs" value="true"/>
    <property name="surefire.real.class.path" value="/root/workspace/nosan/embedded-cassandra/401434815/embedded-cassandra/target/surefire/surefirebooter1855352876272630004.jar"/>
    <property name="cobertura.skip" value="true"/>
    <property name="sun.boot.class.path" value="/usr/lib/jvm/java-8-openjdk-amd64/jre/lib/resources.jar:/usr/lib/jvm/java-8-openjdk-amd64/jre/lib/rt.jar:/usr/lib/jvm/java-8-openjdk-amd64/jre/lib/sunrsasign.jar:/usr/lib/jvm/java-8-openjdk-amd64/jre/lib/jsse.jar:/usr/lib/jvm/java-8-openjdk-amd64/jre/lib/jce.jar:/usr/lib/jvm/java-8-openjdk-amd64/jre/lib/charsets.jar:/usr/lib/jvm/java-8-openjdk-amd64/jre/lib/jfr.jar:/usr/lib/jvm/java-8-openjdk-amd64/jre/classes"/>
    <property name="sun.management.compiler" value="HotSpot 64-Bit Tiered Compilers"/>
    <property name="java.runtime.version" value="1.8.0_121-8u121-b13-1~bpo8+1-b13"/>
    <property name="user.name" value="root"/>
    <property name="findbugs.skip" value="true"/>
    <property name="path.separator" value=":"/>
    <property name="os.version" value="4.9.0-6-amd64"/>
    <property name="java.endorsed.dirs" value="/usr/lib/jvm/java-8-openjdk-amd64/jre/lib/endorsed"/>
    <property name="java.runtime.name" value="OpenJDK Runtime Environment"/>
    <property name="file.encoding" value="UTF-8"/>
    <property name="java.vm.name" value="OpenJDK 64-Bit Server VM"/>
    <property name="localRepository" value="/root/./workspace/nosan/embedded-cassandra/401434815/.m2"/>
    <property name="java.vendor.url.bug" value="http://bugreport.sun.com/bugreport/"/>
    <property name="java.io.tmpdir" value="/tmp"/>
    <property name="java.version" value="1.8.0_121"/>
    <property name="user.dir" value="/root/workspace/nosan/embedded-cassandra/401434815/embedded-cassandra"/>
    <property name="os.arch" value="amd64"/>
    <property name="license.skip" value="true"/>
    <property name="java.vm.specification.name" value="Java Virtual Machine Specification"/>
    <property name="java.awt.printerjob" value="sun.print.PSPrinterJob"/>
    <property name="sun.os.patch.level" value="unknown"/>
    <property name="java.library.path" value="/usr/java/packages/lib/amd64:/usr/lib/x86_64-linux-gnu/jni:/lib/x86_64-linux-gnu:/usr/lib/x86_64-linux-gnu:/usr/lib/jni:/lib:/usr/lib"/>
    <property name="java.vm.info" value="mixed mode"/>
    <property name="java.vendor" value="Oracle Corporation"/>
    <property name="java.vm.version" value="25.121-b13"/>
    <property name="java.ext.dirs" value="/usr/lib/jvm/java-8-openjdk-amd64/jre/lib/ext:/usr/java/packages/lib/ext"/>
    <property name="sun.io.unicode.encoding" value="UnicodeLittle"/>
    <property name="maven.repo.local" value="/root/./workspace/nosan/embedded-cassandra/401434815/.m2"/>
    <property name="enforcer.skip" value="true"/>
    <property name="java.class.version" value="52.0"/>
  </properties>
  <testcase name="shouldFailWithInvalidConfigurationError" classname="com.github.nosan.embedded.cassandra.process.CassandraStarterTests" time="3.796">
    <failure message="&#10;Expected: (an instance of java.io.IOException and exception with message a string containing &quot;Missing required directive CommitLogSync&quot;)&#10;     but: exception with message a string containing &quot;Missing required directive CommitLogSync&quot; message was &quot;Could not start a process.&#10;----------------------&#10;Hmm.. no failure message.. &#10;...the cause must be somewhere in the process output&#10;----------------------&#10;				Running Cassandra as root user or group is not recommended - please start Cassandra using a different system user.&#10;If you really want to force running Cassandra as root, use -R command line option.&#10;&quot;&#10;Stacktrace was: java.io.IOException: Could not start a process.&#10;----------------------&#10;Hmm.. no failure message.. &#10;...the cause must be somewhere in the process output&#10;----------------------&#10;				Running Cassandra as root user or group is not recommended - please start Cassandra using a different system user.&#10;If you really want to force running Cassandra as root, use -R command line option.&#10;&#10;	at com.github.nosan.embedded.cassandra.process.CassandraProcess.onAfterProcessStart(CassandraProcess.java:110)&#10;	at de.flapdoodle.embed.process.runtime.AbstractProcess.&lt;init&gt;(AbstractProcess.java:116)&#10;	at com.github.nosan.embedded.cassandra.process.CassandraProcess.&lt;init&gt;(CassandraProcess.java:61)&#10;	at com.github.nosan.embedded.cassandra.process.CassandraExecutable.start(CassandraExecutable.java:49)&#10;	at com.github.nosan.embedded.cassandra.process.CassandraExecutable.start(CassandraExecutable.java:37)&#10;	at de.flapdoodle.embed.process.runtime.Executable.start(Executable.java:108)&#10;	at com.github.nosan.embedded.cassandra.process.CassandraStarterTests.start(CassandraStarterTests.java:135)&#10;	at com.github.nosan.embedded.cassandra.process.CassandraStarterTests.start(CassandraStarterTests.java:126)&#10;	at com.github.nosan.embedded.cassandra.process.CassandraStarterTests.shouldFailWithInvalidConfigurationError(CassandraStarterTests.java:87)&#10;	at sun.reflect.NativeMethodAccessorImpl.invoke0(Native Method)&#10;	at sun.reflect.NativeMethodAccessorImpl.invoke(NativeMethodAccessorImpl.java:62)&#10;	at sun.reflect.DelegatingMethodAccessorImpl.invoke(DelegatingMethodAccessorImpl.java:43)&#10;	at java.lang.reflect.Method.invoke(Method.java:498)&#10;	at org.junit.runners.model.FrameworkMethod$1.runReflectiveCall(FrameworkMethod.java:50)&#10;	at org.junit.internal.runners.model.ReflectiveCallable.run(ReflectiveCallable.java:12)&#10;	at org.junit.runners.model.FrameworkMethod.invokeExplosively(FrameworkMethod.java:47)&#10;	at org.junit.internal.runners.statements.InvokeMethod.evaluate(InvokeMethod.java:17)&#10;	at org.junit.rules.ExpectedException$ExpectedExceptionStatement.evaluate(ExpectedException.java:239)&#10;	at org.junit.rules.RunRules.evaluate(RunRules.java:20)&#10;	at org.junit.runners.ParentRunner.runLeaf(ParentRunner.java:325)&#10;	at org.junit.runners.BlockJUnit4ClassRunner.runChild(BlockJUnit4ClassRunner.java:78)&#10;	at org.junit.runners.BlockJUnit4ClassRunner.runChild(BlockJUnit4ClassRunner.java:57)&#10;	at org.junit.runners.ParentRunner$3.run(ParentRunner.java:290)&#10;	at org.junit.runners.ParentRunner$1.schedule(ParentRunner.java:71)&#10;	at org.junit.runners.ParentRunner.runChildren(ParentRunner.java:288)&#10;	at org.junit.runners.ParentRunner.access$000(ParentRunner.java:58)&#10;	at org.junit.runners.ParentRunner$2.evaluate(ParentRunner.java:268)&#10;	at org.junit.runners.ParentRunner.run(ParentRunner.java:363)&#10;	at org.apache.maven.surefire.junit4.JUnit4Provider.execute(JUnit4Provider.java:365)&#10;	at org.apache.maven.surefire.junit4.JUnit4Provider.executeWithRerun(JUnit4Provider.java:273)&#10;	at org.apache.maven.surefire.junit4.JUnit4Provider.executeTestSet(JUnit4Provider.java:238)&#10;	at org.apache.maven.surefire.junit4.JUnit4Provider.invoke(JUnit4Provider.java:159)&#10;	at org.apache.maven.surefire.booter.ForkedBooter.invokeProviderInSameClassLoader(ForkedBooter.java:383)&#10;	at org.apache.maven.surefire.booter.ForkedBooter.runSuitesInProcess(ForkedBooter.java:344)&#10;	at org.apache.maven.surefire.booter.ForkedBooter.execute(ForkedBooter.java:125)&#10;	at org.apache.maven.surefire.booter.ForkedBooter.main(ForkedBooter.java:417)&#10;" type="java.lang.AssertionError"><![CDATA[java.lang.AssertionError: 

Expected: (an instance of java.io.IOException and exception with message a string containing "Missing required directive CommitLogSync")
     but: exception with message a string containing "Missing required directive CommitLogSync" message was "Could not start a process.
----------------------
Hmm.. no failure message.. 
...the cause must be somewhere in the process output
----------------------
				Running Cassandra as root user or group is not recommended - please start Cassandra using a different system user.
If you really want to force running Cassandra as root, use -R command line option.
"
Stacktrace was: java.io.IOException: Could not start a process.
----------------------
Hmm.. no failure message.. 
...the cause must be somewhere in the process output
----------------------
				Running Cassandra as root user or group is not recommended - please start Cassandra using a different system user.
If you really want to force running Cassandra as root, use -R command line option.

	at com.github.nosan.embedded.cassandra.process.CassandraProcess.onAfterProcessStart(CassandraProcess.java:110)
	at de.flapdoodle.embed.process.runtime.AbstractProcess.<init>(AbstractProcess.java:116)
	at com.github.nosan.embedded.cassandra.process.CassandraProcess.<init>(CassandraProcess.java:61)
	at com.github.nosan.embedded.cassandra.process.CassandraExecutable.start(CassandraExecutable.java:49)
	at com.github.nosan.embedded.cassandra.process.CassandraExecutable.start(CassandraExecutable.java:37)
	at de.flapdoodle.embed.process.runtime.Executable.start(Executable.java:108)
	at com.github.nosan.embedded.cassandra.process.CassandraStarterTests.start(CassandraStarterTests.java:135)
	at com.github.nosan.embedded.cassandra.process.CassandraStarterTests.start(CassandraStarterTests.java:126)
	at com.github.nosan.embedded.cassandra.process.CassandraStarterTests.shouldFailWithInvalidConfigurationError(CassandraStarterTests.java:87)
	at sun.reflect.NativeMethodAccessorImpl.invoke0(Native Method)
	at sun.reflect.NativeMethodAccessorImpl.invoke(NativeMethodAccessorImpl.java:62)
	at sun.reflect.DelegatingMethodAccessorImpl.invoke(DelegatingMethodAccessorImpl.java:43)
	at java.lang.reflect.Method.invoke(Method.java:498)
	at org.junit.runners.model.FrameworkMethod$1.runReflectiveCall(FrameworkMethod.java:50)
	at org.junit.internal.runners.model.ReflectiveCallable.run(ReflectiveCallable.java:12)
	at org.junit.runners.model.FrameworkMethod.invokeExplosively(FrameworkMethod.java:47)
	at org.junit.internal.runners.statements.InvokeMethod.evaluate(InvokeMethod.java:17)
	at org.junit.rules.ExpectedException$ExpectedExceptionStatement.evaluate(ExpectedException.java:239)
	at org.junit.rules.RunRules.evaluate(RunRules.java:20)
	at org.junit.runners.ParentRunner.runLeaf(ParentRunner.java:325)
	at org.junit.runners.BlockJUnit4ClassRunner.runChild(BlockJUnit4ClassRunner.java:78)
	at org.junit.runners.BlockJUnit4ClassRunner.runChild(BlockJUnit4ClassRunner.java:57)
	at org.junit.runners.ParentRunner$3.run(ParentRunner.java:290)
	at org.junit.runners.ParentRunner$1.schedule(ParentRunner.java:71)
	at org.junit.runners.ParentRunner.runChildren(ParentRunner.java:288)
	at org.junit.runners.ParentRunner.access$000(ParentRunner.java:58)
	at org.junit.runners.ParentRunner$2.evaluate(ParentRunner.java:268)
	at org.junit.runners.ParentRunner.run(ParentRunner.java:363)
	at org.apache.maven.surefire.junit4.JUnit4Provider.execute(JUnit4Provider.java:365)
	at org.apache.maven.surefire.junit4.JUnit4Provider.executeWithRerun(JUnit4Provider.java:273)
	at org.apache.maven.surefire.junit4.JUnit4Provider.executeTestSet(JUnit4Provider.java:238)
	at org.apache.maven.surefire.junit4.JUnit4Provider.invoke(JUnit4Provider.java:159)
	at org.apache.maven.surefire.booter.ForkedBooter.invokeProviderInSameClassLoader(ForkedBooter.java:383)
	at org.apache.maven.surefire.booter.ForkedBooter.runSuitesInProcess(ForkedBooter.java:344)
	at org.apache.maven.surefire.booter.ForkedBooter.execute(ForkedBooter.java:125)
	at org.apache.maven.surefire.booter.ForkedBooter.main(ForkedBooter.java:417)

	at org.hamcrest.MatcherAssert.assertThat(MatcherAssert.java:20)
	at org.junit.Assert.assertThat(Assert.java:956)
	at org.junit.Assert.assertThat(Assert.java:923)
	at org.junit.rules.ExpectedException.handleException(ExpectedException.java:252)
	at org.junit.rules.ExpectedException.access$000(ExpectedException.java:106)
	at org.junit.rules.ExpectedException$ExpectedExceptionStatement.evaluate(ExpectedException.java:241)
	at org.junit.rules.RunRules.evaluate(RunRules.java:20)
	at org.junit.runners.ParentRunner.runLeaf(ParentRunner.java:325)
	at org.junit.runners.BlockJUnit4ClassRunner.runChild(BlockJUnit4ClassRunner.java:78)
	at org.junit.runners.BlockJUnit4ClassRunner.runChild(BlockJUnit4ClassRunner.java:57)
	at org.junit.runners.ParentRunner$3.run(ParentRunner.java:290)
	at org.junit.runners.ParentRunner$1.schedule(ParentRunner.java:71)
	at org.junit.runners.ParentRunner.runChildren(ParentRunner.java:288)
	at org.junit.runners.ParentRunner.access$000(ParentRunner.java:58)
	at org.junit.runners.ParentRunner$2.evaluate(ParentRunner.java:268)
	at org.junit.runners.ParentRunner.run(ParentRunner.java:363)
	at org.apache.maven.surefire.junit4.JUnit4Provider.execute(JUnit4Provider.java:365)
	at org.apache.maven.surefire.junit4.JUnit4Provider.executeWithRerun(JUnit4Provider.java:273)
	at org.apache.maven.surefire.junit4.JUnit4Provider.executeTestSet(JUnit4Provider.java:238)
	at org.apache.maven.surefire.junit4.JUnit4Provider.invoke(JUnit4Provider.java:159)
	at org.apache.maven.surefire.booter.ForkedBooter.invokeProviderInSameClassLoader(ForkedBooter.java:383)
	at org.apache.maven.surefire.booter.ForkedBooter.runSuitesInProcess(ForkedBooter.java:344)
	at org.apache.maven.surefire.booter.ForkedBooter.execute(ForkedBooter.java:125)
	at org.apache.maven.surefire.booter.ForkedBooter.main(ForkedBooter.java:417)
]]></failure>
    <system-out><![CDATA[2018-07-08 16:21:06 [main] INFO  c.g.n.e.c.p.CassandraStarterTests - Extract /root/.embedded-cassandra/cassandra/3.11.2/apache-cassandra-3.11.2-bin.tar.gz : starting...
2018-07-08 16:21:06 [main] INFO  c.g.n.e.c.p.CassandraStarterTests - Extract /root/.embedded-cassandra/cassandra/3.11.2/apache-cassandra-3.11.2-bin.tar.gz : extract apache-cassandra-3.11.2/conf/cassandra-env.ps1
2018-07-08 16:21:06 [main] INFO  c.g.n.e.c.p.CassandraStarterTests - Extract /root/.embedded-cassandra/cassandra/3.11.2/apache-cassandra-3.11.2-bin.tar.gz : extract apache-cassandra-3.11.2/conf/cassandra-env.sh
2018-07-08 16:21:06 [main] INFO  c.g.n.e.c.p.CassandraStarterTests - Extract /root/.embedded-cassandra/cassandra/3.11.2/apache-cassandra-3.11.2-bin.tar.gz : extract apache-cassandra-3.11.2/conf/cassandra-jaas.config
2018-07-08 16:21:06 [main] INFO  c.g.n.e.c.p.CassandraStarterTests - Extract /root/.embedded-cassandra/cassandra/3.11.2/apache-cassandra-3.11.2-bin.tar.gz : extract apache-cassandra-3.11.2/conf/cassandra-rackdc.properties
2018-07-08 16:21:06 [main] INFO  c.g.n.e.c.p.CassandraStarterTests - Extract /root/.embedded-cassandra/cassandra/3.11.2/apache-cassandra-3.11.2-bin.tar.gz : extract apache-cassandra-3.11.2/conf/cassandra-topology.properties
2018-07-08 16:21:06 [main] INFO  c.g.n.e.c.p.CassandraStarterTests - Extract /root/.embedded-cassandra/cassandra/3.11.2/apache-cassandra-3.11.2-bin.tar.gz : extract apache-cassandra-3.11.2/conf/cassandra.yaml
2018-07-08 16:21:06 [main] INFO  c.g.n.e.c.p.CassandraStarterTests - Extract /root/.embedded-cassandra/cassandra/3.11.2/apache-cassandra-3.11.2-bin.tar.gz : extract apache-cassandra-3.11.2/conf/commitlog_archiving.properties
2018-07-08 16:21:06 [main] INFO  c.g.n.e.c.p.CassandraStarterTests - Extract /root/.embedded-cassandra/cassandra/3.11.2/apache-cassandra-3.11.2-bin.tar.gz : extract apache-cassandra-3.11.2/conf/cqlshrc.sample
2018-07-08 16:21:06 [main] INFO  c.g.n.e.c.p.CassandraStarterTests - Extract /root/.embedded-cassandra/cassandra/3.11.2/apache-cassandra-3.11.2-bin.tar.gz : extract apache-cassandra-3.11.2/conf/hotspot_compiler
2018-07-08 16:21:06 [main] INFO  c.g.n.e.c.p.CassandraStarterTests - Extract /root/.embedded-cassandra/cassandra/3.11.2/apache-cassandra-3.11.2-bin.tar.gz : extract apache-cassandra-3.11.2/conf/jvm.options
2018-07-08 16:21:06 [main] INFO  c.g.n.e.c.p.CassandraStarterTests - Extract /root/.embedded-cassandra/cassandra/3.11.2/apache-cassandra-3.11.2-bin.tar.gz : extract apache-cassandra-3.11.2/conf/logback-tools.xml
2018-07-08 16:21:06 [main] INFO  c.g.n.e.c.p.CassandraStarterTests - Extract /root/.embedded-cassandra/cassandra/3.11.2/apache-cassandra-3.11.2-bin.tar.gz : extract apache-cassandra-3.11.2/conf/logback.xml
2018-07-08 16:21:06 [main] INFO  c.g.n.e.c.p.CassandraStarterTests - Extract /root/.embedded-cassandra/cassandra/3.11.2/apache-cassandra-3.11.2-bin.tar.gz : extract apache-cassandra-3.11.2/conf/metrics-reporter-config-sample.yaml
2018-07-08 16:21:06 [main] INFO  c.g.n.e.c.p.CassandraStarterTests - Extract /root/.embedded-cassandra/cassandra/3.11.2/apache-cassandra-3.11.2-bin.tar.gz : extract apache-cassandra-3.11.2/conf/triggers/README.txt
2018-07-08 16:21:07 [main] INFO  c.g.n.e.c.p.CassandraStarterTests - Extract /root/.embedded-cassandra/cassandra/3.11.2/apache-cassandra-3.11.2-bin.tar.gz : extract apache-cassandra-3.11.2/interface/cassandra.thrift
2018-07-08 16:21:09 [main] INFO  c.g.n.e.c.p.CassandraStarterTests - Extract /root/.embedded-cassandra/cassandra/3.11.2/apache-cassandra-3.11.2-bin.tar.gz : extract apache-cassandra-3.11.2/lib/HdrHistogram-2.1.9.jar
2018-07-08 16:21:09 [main] INFO  c.g.n.e.c.p.CassandraStarterTests - Extract /root/.embedded-cassandra/cassandra/3.11.2/apache-cassandra-3.11.2-bin.tar.gz : extract apache-cassandra-3.11.2/lib/ST4-4.0.8.jar
2018-07-08 16:21:09 [main] INFO  c.g.n.e.c.p.CassandraStarterTests - Extract /root/.embedded-cassandra/cassandra/3.11.2/apache-cassandra-3.11.2-bin.tar.gz : extract apache-cassandra-3.11.2/lib/airline-0.6.jar
2018-07-08 16:21:09 [main] INFO  c.g.n.e.c.p.CassandraStarterTests - Extract /root/.embedded-cassandra/cassandra/3.11.2/apache-cassandra-3.11.2-bin.tar.gz : extract apache-cassandra-3.11.2/lib/antlr-runtime-3.5.2.jar
2018-07-08 16:21:10 [main] INFO  c.g.n.e.c.p.CassandraStarterTests - Extract /root/.embedded-cassandra/cassandra/3.11.2/apache-cassandra-3.11.2-bin.tar.gz : extract apache-cassandra-3.11.2/lib/apache-cassandra-3.11.2.jar
2018-07-08 16:21:10 [main] INFO  c.g.n.e.c.p.CassandraStarterTests - Extract /root/.embedded-cassandra/cassandra/3.11.2/apache-cassandra-3.11.2-bin.tar.gz : extract apache-cassandra-3.11.2/lib/apache-cassandra-thrift-3.11.2.jar
2018-07-08 16:21:10 [main] INFO  c.g.n.e.c.p.CassandraStarterTests - Extract /root/.embedded-cassandra/cassandra/3.11.2/apache-cassandra-3.11.2-bin.tar.gz : extract apache-cassandra-3.11.2/lib/asm-5.0.4.jar
2018-07-08 16:21:10 [main] INFO  c.g.n.e.c.p.CassandraStarterTests - Extract /root/.embedded-cassandra/cassandra/3.11.2/apache-cassandra-3.11.2-bin.tar.gz : extract apache-cassandra-3.11.2/lib/caffeine-2.2.6.jar
2018-07-08 16:21:10 [main] INFO  c.g.n.e.c.p.CassandraStarterTests - Extract /root/.embedded-cassandra/cassandra/3.11.2/apache-cassandra-3.11.2-bin.tar.gz : extract apache-cassandra-3.11.2/lib/cassandra-driver-core-3.0.1-shaded.jar
2018-07-08 16:21:10 [main] INFO  c.g.n.e.c.p.CassandraStarterTests - Extract /root/.embedded-cassandra/cassandra/3.11.2/apache-cassandra-3.11.2-bin.tar.gz : extract apache-cassandra-3.11.2/lib/cassandra-driver-internal-only-3.10.zip
2018-07-08 16:21:10 [main] INFO  c.g.n.e.c.p.CassandraStarterTests - Extract /root/.embedded-cassandra/cassandra/3.11.2/apache-cassandra-3.11.2-bin.tar.gz : extract apache-cassandra-3.11.2/lib/cassandra-driver-internal-only-3.11.0-bb96859b.zip
2018-07-08 16:21:10 [main] INFO  c.g.n.e.c.p.CassandraStarterTests - Extract /root/.embedded-cassandra/cassandra/3.11.2/apache-cassandra-3.11.2-bin.tar.gz : extract apache-cassandra-3.11.2/lib/commons-cli-1.1.jar
2018-07-08 16:21:10 [main] INFO  c.g.n.e.c.p.CassandraStarterTests - Extract /root/.embedded-cassandra/cassandra/3.11.2/apache-cassandra-3.11.2-bin.tar.gz : extract apache-cassandra-3.11.2/lib/commons-codec-1.9.jar
2018-07-08 16:21:10 [main] INFO  c.g.n.e.c.p.CassandraStarterTests - Extract /root/.embedded-cassandra/cassandra/3.11.2/apache-cassandra-3.11.2-bin.tar.gz : extract apache-cassandra-3.11.2/lib/commons-lang3-3.1.jar
2018-07-08 16:21:10 [main] INFO  c.g.n.e.c.p.CassandraStarterTests - Extract /root/.embedded-cassandra/cassandra/3.11.2/apache-cassandra-3.11.2-bin.tar.gz : extract apache-cassandra-3.11.2/lib/commons-math3-3.2.jar
2018-07-08 16:21:10 [main] INFO  c.g.n.e.c.p.CassandraStarterTests - Extract /root/.embedded-cassandra/cassandra/3.11.2/apache-cassandra-3.11.2-bin.tar.gz : extract apache-cassandra-3.11.2/lib/compress-lzf-0.8.4.jar
2018-07-08 16:21:10 [main] INFO  c.g.n.e.c.p.CassandraStarterTests - Extract /root/.embedded-cassandra/cassandra/3.11.2/apache-cassandra-3.11.2-bin.tar.gz : extract apache-cassandra-3.11.2/lib/concurrent-trees-2.4.0.jar
2018-07-08 16:21:10 [main] INFO  c.g.n.e.c.p.CassandraStarterTests - Extract /root/.embedded-cassandra/cassandra/3.11.2/apache-cassandra-3.11.2-bin.tar.gz : extract apache-cassandra-3.11.2/lib/concurrentlinkedhashmap-lru-1.4.jar
2018-07-08 16:21:10 [main] INFO  c.g.n.e.c.p.CassandraStarterTests - Extract /root/.embedded-cassandra/cassandra/3.11.2/apache-cassandra-3.11.2-bin.tar.gz : extract apache-cassandra-3.11.2/lib/disruptor-3.0.1.jar
2018-07-08 16:21:10 [main] INFO  c.g.n.e.c.p.CassandraStarterTests - Extract /root/.embedded-cassandra/cassandra/3.11.2/apache-cassandra-3.11.2-bin.tar.gz : extract apache-cassandra-3.11.2/lib/ecj-4.4.2.jar
2018-07-08 16:21:10 [main] INFO  c.g.n.e.c.p.CassandraStarterTests - Extract /root/.embedded-cassandra/cassandra/3.11.2/apache-cassandra-3.11.2-bin.tar.gz : extract apache-cassandra-3.11.2/lib/futures-2.1.6-py2.py3-none-any.zip
2018-07-08 16:21:10 [main] INFO  c.g.n.e.c.p.CassandraStarterTests - Extract /root/.embedded-cassandra/cassandra/3.11.2/apache-cassandra-3.11.2-bin.tar.gz : extract apache-cassandra-3.11.2/lib/guava-18.0.jar
2018-07-08 16:21:10 [main] INFO  c.g.n.e.c.p.CassandraStarterTests - Extract /root/.embedded-cassandra/cassandra/3.11.2/apache-cassandra-3.11.2-bin.tar.gz : extract apache-cassandra-3.11.2/lib/high-scale-lib-1.0.6.jar
2018-07-08 16:21:10 [main] INFO  c.g.n.e.c.p.CassandraStarterTests - Extract /root/.embedded-cassandra/cassandra/3.11.2/apache-cassandra-3.11.2-bin.tar.gz : extract apache-cassandra-3.11.2/lib/hppc-0.5.4.jar
2018-07-08 16:21:10 [main] INFO  c.g.n.e.c.p.CassandraStarterTests - Extract /root/.embedded-cassandra/cassandra/3.11.2/apache-cassandra-3.11.2-bin.tar.gz : extract apache-cassandra-3.11.2/lib/jackson-core-asl-1.9.13.jar
2018-07-08 16:21:10 [main] INFO  c.g.n.e.c.p.CassandraStarterTests - Extract /root/.embedded-cassandra/cassandra/3.11.2/apache-cassandra-3.11.2-bin.tar.gz : extract apache-cassandra-3.11.2/lib/jackson-mapper-asl-1.9.13.jar
2018-07-08 16:21:10 [main] INFO  c.g.n.e.c.p.CassandraStarterTests - Extract /root/.embedded-cassandra/cassandra/3.11.2/apache-cassandra-3.11.2-bin.tar.gz : extract apache-cassandra-3.11.2/lib/jamm-0.3.0.jar
2018-07-08 16:21:10 [main] INFO  c.g.n.e.c.p.CassandraStarterTests - Extract /root/.embedded-cassandra/cassandra/3.11.2/apache-cassandra-3.11.2-bin.tar.gz : extract apache-cassandra-3.11.2/lib/javax.inject.jar
2018-07-08 16:21:10 [main] INFO  c.g.n.e.c.p.CassandraStarterTests - Extract /root/.embedded-cassandra/cassandra/3.11.2/apache-cassandra-3.11.2-bin.tar.gz : extract apache-cassandra-3.11.2/lib/jbcrypt-0.3m.jar
2018-07-08 16:21:10 [main] INFO  c.g.n.e.c.p.CassandraStarterTests - Extract /root/.embedded-cassandra/cassandra/3.11.2/apache-cassandra-3.11.2-bin.tar.gz : extract apache-cassandra-3.11.2/lib/jcl-over-slf4j-1.7.7.jar
2018-07-08 16:21:10 [main] INFO  c.g.n.e.c.p.CassandraStarterTests - Extract /root/.embedded-cassandra/cassandra/3.11.2/apache-cassandra-3.11.2-bin.tar.gz : extract apache-cassandra-3.11.2/lib/jctools-core-1.2.1.jar
2018-07-08 16:21:10 [main] INFO  c.g.n.e.c.p.CassandraStarterTests - Extract /root/.embedded-cassandra/cassandra/3.11.2/apache-cassandra-3.11.2-bin.tar.gz : extract apache-cassandra-3.11.2/lib/jflex-1.6.0.jar
2018-07-08 16:21:10 [main] INFO  c.g.n.e.c.p.CassandraStarterTests - Extract /root/.embedded-cassandra/cassandra/3.11.2/apache-cassandra-3.11.2-bin.tar.gz : extract apache-cassandra-3.11.2/lib/jna-4.2.2.jar
2018-07-08 16:21:10 [main] INFO  c.g.n.e.c.p.CassandraStarterTests - Extract /root/.embedded-cassandra/cassandra/3.11.2/apache-cassandra-3.11.2-bin.tar.gz : extract apache-cassandra-3.11.2/lib/joda-time-2.4.jar
2018-07-08 16:21:10 [main] INFO  c.g.n.e.c.p.CassandraStarterTests - Extract /root/.embedded-cassandra/cassandra/3.11.2/apache-cassandra-3.11.2-bin.tar.gz : extract apache-cassandra-3.11.2/lib/json-simple-1.1.jar
2018-07-08 16:21:10 [main] INFO  c.g.n.e.c.p.CassandraStarterTests - Extract /root/.embedded-cassandra/cassandra/3.11.2/apache-cassandra-3.11.2-bin.tar.gz : extract apache-cassandra-3.11.2/lib/jstackjunit-0.0.1.jar
2018-07-08 16:21:10 [main] INFO  c.g.n.e.c.p.CassandraStarterTests - Extract /root/.embedded-cassandra/cassandra/3.11.2/apache-cassandra-3.11.2-bin.tar.gz : extract apache-cassandra-3.11.2/lib/libthrift-0.9.2.jar
2018-07-08 16:21:10 [main] INFO  c.g.n.e.c.p.CassandraStarterTests - Extract /root/.embedded-cassandra/cassandra/3.11.2/apache-cassandra-3.11.2-bin.tar.gz : extract apache-cassandra-3.11.2/lib/log4j-over-slf4j-1.7.7.jar
2018-07-08 16:21:10 [main] INFO  c.g.n.e.c.p.CassandraStarterTests - Extract /root/.embedded-cassandra/cassandra/3.11.2/apache-cassandra-3.11.2-bin.tar.gz : extract apache-cassandra-3.11.2/lib/logback-classic-1.1.3.jar
2018-07-08 16:21:10 [main] INFO  c.g.n.e.c.p.CassandraStarterTests - Extract /root/.embedded-cassandra/cassandra/3.11.2/apache-cassandra-3.11.2-bin.tar.gz : extract apache-cassandra-3.11.2/lib/logback-core-1.1.3.jar
2018-07-08 16:21:10 [main] INFO  c.g.n.e.c.p.CassandraStarterTests - Extract /root/.embedded-cassandra/cassandra/3.11.2/apache-cassandra-3.11.2-bin.tar.gz : extract apache-cassandra-3.11.2/lib/lz4-1.3.0.jar
2018-07-08 16:21:10 [main] INFO  c.g.n.e.c.p.CassandraStarterTests - Extract /root/.embedded-cassandra/cassandra/3.11.2/apache-cassandra-3.11.2-bin.tar.gz : extract apache-cassandra-3.11.2/lib/metrics-core-3.1.0.jar
2018-07-08 16:21:10 [main] INFO  c.g.n.e.c.p.CassandraStarterTests - Extract /root/.embedded-cassandra/cassandra/3.11.2/apache-cassandra-3.11.2-bin.tar.gz : extract apache-cassandra-3.11.2/lib/metrics-jvm-3.1.0.jar
2018-07-08 16:21:10 [main] INFO  c.g.n.e.c.p.CassandraStarterTests - Extract /root/.embedded-cassandra/cassandra/3.11.2/apache-cassandra-3.11.2-bin.tar.gz : extract apache-cassandra-3.11.2/lib/metrics-logback-3.1.0.jar
2018-07-08 16:21:10 [main] INFO  c.g.n.e.c.p.CassandraStarterTests - Extract /root/.embedded-cassandra/cassandra/3.11.2/apache-cassandra-3.11.2-bin.tar.gz : extract apache-cassandra-3.11.2/lib/netty-all-4.0.44.Final.jar
2018-07-08 16:21:10 [main] INFO  c.g.n.e.c.p.CassandraStarterTests - Extract /root/.embedded-cassandra/cassandra/3.11.2/apache-cassandra-3.11.2-bin.tar.gz : extract apache-cassandra-3.11.2/lib/ohc-core-0.4.4.jar
2018-07-08 16:21:10 [main] INFO  c.g.n.e.c.p.CassandraStarterTests - Extract /root/.embedded-cassandra/cassandra/3.11.2/apache-cassandra-3.11.2-bin.tar.gz : extract apache-cassandra-3.11.2/lib/ohc-core-j8-0.4.4.jar
2018-07-08 16:21:10 [main] INFO  c.g.n.e.c.p.CassandraStarterTests - Extract /root/.embedded-cassandra/cassandra/3.11.2/apache-cassandra-3.11.2-bin.tar.gz : extract apache-cassandra-3.11.2/lib/reporter-config-base-3.0.3.jar
2018-07-08 16:21:10 [main] INFO  c.g.n.e.c.p.CassandraStarterTests - Extract /root/.embedded-cassandra/cassandra/3.11.2/apache-cassandra-3.11.2-bin.tar.gz : extract apache-cassandra-3.11.2/lib/reporter-config3-3.0.3.jar
2018-07-08 16:21:10 [main] INFO  c.g.n.e.c.p.CassandraStarterTests - Extract /root/.embedded-cassandra/cassandra/3.11.2/apache-cassandra-3.11.2-bin.tar.gz : extract apache-cassandra-3.11.2/lib/sigar-1.6.4.jar
2018-07-08 16:21:10 [main] INFO  c.g.n.e.c.p.CassandraStarterTests - Extract /root/.embedded-cassandra/cassandra/3.11.2/apache-cassandra-3.11.2-bin.tar.gz : extract apache-cassandra-3.11.2/lib/sigar-bin/libsigar-amd64-freebsd-6.so
2018-07-08 16:21:10 [main] INFO  c.g.n.e.c.p.CassandraStarterTests - Extract /root/.embedded-cassandra/cassandra/3.11.2/apache-cassandra-3.11.2-bin.tar.gz : extract apache-cassandra-3.11.2/lib/sigar-bin/libsigar-amd64-linux.so
2018-07-08 16:21:10 [main] INFO  c.g.n.e.c.p.CassandraStarterTests - Extract /root/.embedded-cassandra/cassandra/3.11.2/apache-cassandra-3.11.2-bin.tar.gz : extract apache-cassandra-3.11.2/lib/sigar-bin/libsigar-amd64-solaris.so
2018-07-08 16:21:10 [main] INFO  c.g.n.e.c.p.CassandraStarterTests - Extract /root/.embedded-cassandra/cassandra/3.11.2/apache-cassandra-3.11.2-bin.tar.gz : extract apache-cassandra-3.11.2/lib/sigar-bin/libsigar-ia64-hpux-11.sl
2018-07-08 16:21:10 [main] INFO  c.g.n.e.c.p.CassandraStarterTests - Extract /root/.embedded-cassandra/cassandra/3.11.2/apache-cassandra-3.11.2-bin.tar.gz : extract apache-cassandra-3.11.2/lib/sigar-bin/libsigar-ia64-linux.so
2018-07-08 16:21:10 [main] INFO  c.g.n.e.c.p.CassandraStarterTests - Extract /root/.embedded-cassandra/cassandra/3.11.2/apache-cassandra-3.11.2-bin.tar.gz : extract apache-cassandra-3.11.2/lib/sigar-bin/libsigar-pa-hpux-11.sl
2018-07-08 16:21:10 [main] INFO  c.g.n.e.c.p.CassandraStarterTests - Extract /root/.embedded-cassandra/cassandra/3.11.2/apache-cassandra-3.11.2-bin.tar.gz : extract apache-cassandra-3.11.2/lib/sigar-bin/libsigar-ppc-aix-5.so
2018-07-08 16:21:10 [main] INFO  c.g.n.e.c.p.CassandraStarterTests - Extract /root/.embedded-cassandra/cassandra/3.11.2/apache-cassandra-3.11.2-bin.tar.gz : extract apache-cassandra-3.11.2/lib/sigar-bin/libsigar-ppc-linux.so
2018-07-08 16:21:10 [main] INFO  c.g.n.e.c.p.CassandraStarterTests - Extract /root/.embedded-cassandra/cassandra/3.11.2/apache-cassandra-3.11.2-bin.tar.gz : extract apache-cassandra-3.11.2/lib/sigar-bin/libsigar-ppc64-aix-5.so
2018-07-08 16:21:10 [main] INFO  c.g.n.e.c.p.CassandraStarterTests - Extract /root/.embedded-cassandra/cassandra/3.11.2/apache-cassandra-3.11.2-bin.tar.gz : extract apache-cassandra-3.11.2/lib/sigar-bin/libsigar-ppc64-linux.so
2018-07-08 16:21:10 [main] INFO  c.g.n.e.c.p.CassandraStarterTests - Extract /root/.embedded-cassandra/cassandra/3.11.2/apache-cassandra-3.11.2-bin.tar.gz : extract apache-cassandra-3.11.2/lib/sigar-bin/libsigar-s390x-linux.so
2018-07-08 16:21:10 [main] INFO  c.g.n.e.c.p.CassandraStarterTests - Extract /root/.embedded-cassandra/cassandra/3.11.2/apache-cassandra-3.11.2-bin.tar.gz : extract apache-cassandra-3.11.2/lib/sigar-bin/libsigar-sparc-solaris.so
2018-07-08 16:21:10 [main] INFO  c.g.n.e.c.p.CassandraStarterTests - Extract /root/.embedded-cassandra/cassandra/3.11.2/apache-cassandra-3.11.2-bin.tar.gz : extract apache-cassandra-3.11.2/lib/sigar-bin/libsigar-sparc64-solaris.so
2018-07-08 16:21:10 [main] INFO  c.g.n.e.c.p.CassandraStarterTests - Extract /root/.embedded-cassandra/cassandra/3.11.2/apache-cassandra-3.11.2-bin.tar.gz : extract apache-cassandra-3.11.2/lib/sigar-bin/libsigar-universal-macosx.dylib
2018-07-08 16:21:10 [main] INFO  c.g.n.e.c.p.CassandraStarterTests - Extract /root/.embedded-cassandra/cassandra/3.11.2/apache-cassandra-3.11.2-bin.tar.gz : extract apache-cassandra-3.11.2/lib/sigar-bin/libsigar-universal64-macosx.dylib
2018-07-08 16:21:10 [main] INFO  c.g.n.e.c.p.CassandraStarterTests - Extract /root/.embedded-cassandra/cassandra/3.11.2/apache-cassandra-3.11.2-bin.tar.gz : extract apache-cassandra-3.11.2/lib/sigar-bin/libsigar-x86-freebsd-5.so
2018-07-08 16:21:10 [main] INFO  c.g.n.e.c.p.CassandraStarterTests - Extract /root/.embedded-cassandra/cassandra/3.11.2/apache-cassandra-3.11.2-bin.tar.gz : extract apache-cassandra-3.11.2/lib/sigar-bin/libsigar-x86-freebsd-6.so
2018-07-08 16:21:10 [main] INFO  c.g.n.e.c.p.CassandraStarterTests - Extract /root/.embedded-cassandra/cassandra/3.11.2/apache-cassandra-3.11.2-bin.tar.gz : extract apache-cassandra-3.11.2/lib/sigar-bin/libsigar-x86-linux.so
2018-07-08 16:21:10 [main] INFO  c.g.n.e.c.p.CassandraStarterTests - Extract /root/.embedded-cassandra/cassandra/3.11.2/apache-cassandra-3.11.2-bin.tar.gz : extract apache-cassandra-3.11.2/lib/sigar-bin/libsigar-x86-solaris.so
2018-07-08 16:21:10 [main] INFO  c.g.n.e.c.p.CassandraStarterTests - Extract /root/.embedded-cassandra/cassandra/3.11.2/apache-cassandra-3.11.2-bin.tar.gz : extract apache-cassandra-3.11.2/lib/sigar-bin/sigar-amd64-winnt.dll
2018-07-08 16:21:10 [main] INFO  c.g.n.e.c.p.CassandraStarterTests - Extract /root/.embedded-cassandra/cassandra/3.11.2/apache-cassandra-3.11.2-bin.tar.gz : extract apache-cassandra-3.11.2/lib/sigar-bin/sigar-x86-winnt.dll
2018-07-08 16:21:10 [main] INFO  c.g.n.e.c.p.CassandraStarterTests - Extract /root/.embedded-cassandra/cassandra/3.11.2/apache-cassandra-3.11.2-bin.tar.gz : extract apache-cassandra-3.11.2/lib/sigar-bin/sigar-x86-winnt.lib
2018-07-08 16:21:10 [main] INFO  c.g.n.e.c.p.CassandraStarterTests - Extract /root/.embedded-cassandra/cassandra/3.11.2/apache-cassandra-3.11.2-bin.tar.gz : extract apache-cassandra-3.11.2/lib/six-1.7.3-py2.py3-none-any.zip
2018-07-08 16:21:10 [main] INFO  c.g.n.e.c.p.CassandraStarterTests - Extract /root/.embedded-cassandra/cassandra/3.11.2/apache-cassandra-3.11.2-bin.tar.gz : extract apache-cassandra-3.11.2/lib/slf4j-api-1.7.7.jar
2018-07-08 16:21:10 [main] INFO  c.g.n.e.c.p.CassandraStarterTests - Extract /root/.embedded-cassandra/cassandra/3.11.2/apache-cassandra-3.11.2-bin.tar.gz : extract apache-cassandra-3.11.2/lib/snakeyaml-1.11.jar
2018-07-08 16:21:10 [main] INFO  c.g.n.e.c.p.CassandraStarterTests - Extract /root/.embedded-cassandra/cassandra/3.11.2/apache-cassandra-3.11.2-bin.tar.gz : extract apache-cassandra-3.11.2/lib/snappy-java-1.1.1.7.jar
2018-07-08 16:21:10 [main] INFO  c.g.n.e.c.p.CassandraStarterTests - Extract /root/.embedded-cassandra/cassandra/3.11.2/apache-cassandra-3.11.2-bin.tar.gz : extract apache-cassandra-3.11.2/lib/snowball-stemmer-1.3.0.581.1.jar
2018-07-08 16:21:10 [main] INFO  c.g.n.e.c.p.CassandraStarterTests - Extract /root/.embedded-cassandra/cassandra/3.11.2/apache-cassandra-3.11.2-bin.tar.gz : extract apache-cassandra-3.11.2/lib/stream-2.5.2.jar
2018-07-08 16:21:10 [main] INFO  c.g.n.e.c.p.CassandraStarterTests - Extract /root/.embedded-cassandra/cassandra/3.11.2/apache-cassandra-3.11.2-bin.tar.gz : extract apache-cassandra-3.11.2/lib/thrift-server-0.3.7.jar
2018-07-08 16:21:10 [main] INFO  c.g.n.e.c.p.CassandraStarterTests - Extract /root/.embedded-cassandra/cassandra/3.11.2/apache-cassandra-3.11.2-bin.tar.gz : extract apache-cassandra-3.11.2/pylib/cqlshlib/__init__.py
2018-07-08 16:21:10 [main] INFO  c.g.n.e.c.p.CassandraStarterTests - Extract /root/.embedded-cassandra/cassandra/3.11.2/apache-cassandra-3.11.2-bin.tar.gz : extract apache-cassandra-3.11.2/pylib/cqlshlib/copyutil.py
2018-07-08 16:21:10 [main] INFO  c.g.n.e.c.p.CassandraStarterTests - Extract /root/.embedded-cassandra/cassandra/3.11.2/apache-cassandra-3.11.2-bin.tar.gz : extract apache-cassandra-3.11.2/pylib/cqlshlib/cql3handling.py
2018-07-08 16:21:10 [main] INFO  c.g.n.e.c.p.CassandraStarterTests - Extract /root/.embedded-cassandra/cassandra/3.11.2/apache-cassandra-3.11.2-bin.tar.gz : extract apache-cassandra-3.11.2/pylib/cqlshlib/cqlhandling.py
2018-07-08 16:21:10 [main] INFO  c.g.n.e.c.p.CassandraStarterTests - Extract /root/.embedded-cassandra/cassandra/3.11.2/apache-cassandra-3.11.2-bin.tar.gz : extract apache-cassandra-3.11.2/pylib/cqlshlib/cqlshhandling.py
2018-07-08 16:21:10 [main] INFO  c.g.n.e.c.p.CassandraStarterTests - Extract /root/.embedded-cassandra/cassandra/3.11.2/apache-cassandra-3.11.2-bin.tar.gz : extract apache-cassandra-3.11.2/pylib/cqlshlib/displaying.py
2018-07-08 16:21:10 [main] INFO  c.g.n.e.c.p.CassandraStarterTests - Extract /root/.embedded-cassandra/cassandra/3.11.2/apache-cassandra-3.11.2-bin.tar.gz : extract apache-cassandra-3.11.2/pylib/cqlshlib/formatting.py
2018-07-08 16:21:10 [main] INFO  c.g.n.e.c.p.CassandraStarterTests - Extract /root/.embedded-cassandra/cassandra/3.11.2/apache-cassandra-3.11.2-bin.tar.gz : extract apache-cassandra-3.11.2/pylib/cqlshlib/helptopics.py
2018-07-08 16:21:10 [main] INFO  c.g.n.e.c.p.CassandraStarterTests - Extract /root/.embedded-cassandra/cassandra/3.11.2/apache-cassandra-3.11.2-bin.tar.gz : extract apache-cassandra-3.11.2/pylib/cqlshlib/pylexotron.py
2018-07-08 16:21:10 [main] INFO  c.g.n.e.c.p.CassandraStarterTests - Extract /root/.embedded-cassandra/cassandra/3.11.2/apache-cassandra-3.11.2-bin.tar.gz : extract apache-cassandra-3.11.2/pylib/cqlshlib/saferscanner.py
2018-07-08 16:21:10 [main] INFO  c.g.n.e.c.p.CassandraStarterTests - Extract /root/.embedded-cassandra/cassandra/3.11.2/apache-cassandra-3.11.2-bin.tar.gz : extract apache-cassandra-3.11.2/pylib/cqlshlib/sslhandling.py
2018-07-08 16:21:10 [main] INFO  c.g.n.e.c.p.CassandraStarterTests - Extract /root/.embedded-cassandra/cassandra/3.11.2/apache-cassandra-3.11.2-bin.tar.gz : extract apache-cassandra-3.11.2/pylib/cqlshlib/test/__init__.py
2018-07-08 16:21:10 [main] INFO  c.g.n.e.c.p.CassandraStarterTests - Extract /root/.embedded-cassandra/cassandra/3.11.2/apache-cassandra-3.11.2-bin.tar.gz : extract apache-cassandra-3.11.2/pylib/cqlshlib/test/ansi_colors.py
2018-07-08 16:21:10 [main] INFO  c.g.n.e.c.p.CassandraStarterTests - Extract /root/.embedded-cassandra/cassandra/3.11.2/apache-cassandra-3.11.2-bin.tar.gz : extract apache-cassandra-3.11.2/pylib/cqlshlib/test/basecase.py
2018-07-08 16:21:10 [main] INFO  c.g.n.e.c.p.CassandraStarterTests - Extract /root/.embedded-cassandra/cassandra/3.11.2/apache-cassandra-3.11.2-bin.tar.gz : extract apache-cassandra-3.11.2/pylib/cqlshlib/test/cassconnect.py
2018-07-08 16:21:10 [main] INFO  c.g.n.e.c.p.CassandraStarterTests - Extract /root/.embedded-cassandra/cassandra/3.11.2/apache-cassandra-3.11.2-bin.tar.gz : extract apache-cassandra-3.11.2/pylib/cqlshlib/test/run_cqlsh.py
2018-07-08 16:21:10 [main] INFO  c.g.n.e.c.p.CassandraStarterTests - Extract /root/.embedded-cassandra/cassandra/3.11.2/apache-cassandra-3.11.2-bin.tar.gz : extract apache-cassandra-3.11.2/pylib/cqlshlib/test/test_cql_parsing.py
2018-07-08 16:21:10 [main] INFO  c.g.n.e.c.p.CassandraStarterTests - Extract /root/.embedded-cassandra/cassandra/3.11.2/apache-cassandra-3.11.2-bin.tar.gz : extract apache-cassandra-3.11.2/pylib/cqlshlib/test/test_cqlsh_commands.py
2018-07-08 16:21:10 [main] INFO  c.g.n.e.c.p.CassandraStarterTests - Extract /root/.embedded-cassandra/cassandra/3.11.2/apache-cassandra-3.11.2-bin.tar.gz : extract apache-cassandra-3.11.2/pylib/cqlshlib/test/test_cqlsh_completion.py
2018-07-08 16:21:10 [main] INFO  c.g.n.e.c.p.CassandraStarterTests - Extract /root/.embedded-cassandra/cassandra/3.11.2/apache-cassandra-3.11.2-bin.tar.gz : extract apache-cassandra-3.11.2/pylib/cqlshlib/test/test_cqlsh_invocation.py
2018-07-08 16:21:10 [main] INFO  c.g.n.e.c.p.CassandraStarterTests - Extract /root/.embedded-cassandra/cassandra/3.11.2/apache-cassandra-3.11.2-bin.tar.gz : extract apache-cassandra-3.11.2/pylib/cqlshlib/test/test_cqlsh_output.py
2018-07-08 16:21:10 [main] INFO  c.g.n.e.c.p.CassandraStarterTests - Extract /root/.embedded-cassandra/cassandra/3.11.2/apache-cassandra-3.11.2-bin.tar.gz : extract apache-cassandra-3.11.2/pylib/cqlshlib/test/test_cqlsh_parsing.py
2018-07-08 16:21:10 [main] INFO  c.g.n.e.c.p.CassandraStarterTests - Extract /root/.embedded-cassandra/cassandra/3.11.2/apache-cassandra-3.11.2-bin.tar.gz : extract apache-cassandra-3.11.2/pylib/cqlshlib/test/test_keyspace_init.cql
2018-07-08 16:21:10 [main] INFO  c.g.n.e.c.p.CassandraStarterTests - Extract /root/.embedded-cassandra/cassandra/3.11.2/apache-cassandra-3.11.2-bin.tar.gz : extract apache-cassandra-3.11.2/pylib/cqlshlib/test/winpty.py
2018-07-08 16:21:10 [main] INFO  c.g.n.e.c.p.CassandraStarterTests - Extract /root/.embedded-cassandra/cassandra/3.11.2/apache-cassandra-3.11.2-bin.tar.gz : extract apache-cassandra-3.11.2/pylib/cqlshlib/tracing.py
2018-07-08 16:21:10 [main] INFO  c.g.n.e.c.p.CassandraStarterTests - Extract /root/.embedded-cassandra/cassandra/3.11.2/apache-cassandra-3.11.2-bin.tar.gz : extract apache-cassandra-3.11.2/pylib/cqlshlib/util.py
2018-07-08 16:21:10 [main] INFO  c.g.n.e.c.p.CassandraStarterTests - Extract /root/.embedded-cassandra/cassandra/3.11.2/apache-cassandra-3.11.2-bin.tar.gz : extract apache-cassandra-3.11.2/pylib/cqlshlib/wcwidth.py
2018-07-08 16:21:10 [main] INFO  c.g.n.e.c.p.CassandraStarterTests - Extract /root/.embedded-cassandra/cassandra/3.11.2/apache-cassandra-3.11.2-bin.tar.gz : extract apache-cassandra-3.11.2/pylib/setup.py
2018-07-08 16:21:10 [main] INFO  c.g.n.e.c.p.CassandraStarterTests - Extract /root/.embedded-cassandra/cassandra/3.11.2/apache-cassandra-3.11.2-bin.tar.gz : extract apache-cassandra-3.11.2/tools/bin/cassandra-stress
2018-07-08 16:21:10 [main] INFO  c.g.n.e.c.p.CassandraStarterTests - Extract /root/.embedded-cassandra/cassandra/3.11.2/apache-cassandra-3.11.2-bin.tar.gz : extract apache-cassandra-3.11.2/tools/bin/cassandra-stress.bat
2018-07-08 16:21:10 [main] INFO  c.g.n.e.c.p.CassandraStarterTests - Extract /root/.embedded-cassandra/cassandra/3.11.2/apache-cassandra-3.11.2-bin.tar.gz : extract apache-cassandra-3.11.2/tools/bin/cassandra-stressd
2018-07-08 16:21:10 [main] INFO  c.g.n.e.c.p.CassandraStarterTests - Extract /root/.embedded-cassandra/cassandra/3.11.2/apache-cassandra-3.11.2-bin.tar.gz : extract apache-cassandra-3.11.2/tools/bin/cassandra.in.bat
2018-07-08 16:21:10 [main] INFO  c.g.n.e.c.p.CassandraStarterTests - Extract /root/.embedded-cassandra/cassandra/3.11.2/apache-cassandra-3.11.2-bin.tar.gz : extract apache-cassandra-3.11.2/tools/bin/cassandra.in.sh
2018-07-08 16:21:10 [main] INFO  c.g.n.e.c.p.CassandraStarterTests - Extract /root/.embedded-cassandra/cassandra/3.11.2/apache-cassandra-3.11.2-bin.tar.gz : extract apache-cassandra-3.11.2/tools/bin/compaction-stress
2018-07-08 16:21:10 [main] INFO  c.g.n.e.c.p.CassandraStarterTests - Extract /root/.embedded-cassandra/cassandra/3.11.2/apache-cassandra-3.11.2-bin.tar.gz : extract apache-cassandra-3.11.2/tools/bin/sstabledump
2018-07-08 16:21:10 [main] INFO  c.g.n.e.c.p.CassandraStarterTests - Extract /root/.embedded-cassandra/cassandra/3.11.2/apache-cassandra-3.11.2-bin.tar.gz : extract apache-cassandra-3.11.2/tools/bin/sstabledump.bat
2018-07-08 16:21:10 [main] INFO  c.g.n.e.c.p.CassandraStarterTests - Extract /root/.embedded-cassandra/cassandra/3.11.2/apache-cassandra-3.11.2-bin.tar.gz : extract apache-cassandra-3.11.2/tools/bin/sstableexpiredblockers
2018-07-08 16:21:10 [main] INFO  c.g.n.e.c.p.CassandraStarterTests - Extract /root/.embedded-cassandra/cassandra/3.11.2/apache-cassandra-3.11.2-bin.tar.gz : extract apache-cassandra-3.11.2/tools/bin/sstableexpiredblockers.bat
2018-07-08 16:21:10 [main] INFO  c.g.n.e.c.p.CassandraStarterTests - Extract /root/.embedded-cassandra/cassandra/3.11.2/apache-cassandra-3.11.2-bin.tar.gz : extract apache-cassandra-3.11.2/tools/bin/sstablelevelreset
2018-07-08 16:21:10 [main] INFO  c.g.n.e.c.p.CassandraStarterTests - Extract /root/.embedded-cassandra/cassandra/3.11.2/apache-cassandra-3.11.2-bin.tar.gz : extract apache-cassandra-3.11.2/tools/bin/sstablelevelreset.bat
2018-07-08 16:21:10 [main] INFO  c.g.n.e.c.p.CassandraStarterTests - Extract /root/.embedded-cassandra/cassandra/3.11.2/apache-cassandra-3.11.2-bin.tar.gz : extract apache-cassandra-3.11.2/tools/bin/sstablemetadata
2018-07-08 16:21:10 [main] INFO  c.g.n.e.c.p.CassandraStarterTests - Extract /root/.embedded-cassandra/cassandra/3.11.2/apache-cassandra-3.11.2-bin.tar.gz : extract apache-cassandra-3.11.2/tools/bin/sstablemetadata.bat
2018-07-08 16:21:10 [main] INFO  c.g.n.e.c.p.CassandraStarterTests - Extract /root/.embedded-cassandra/cassandra/3.11.2/apache-cassandra-3.11.2-bin.tar.gz : extract apache-cassandra-3.11.2/tools/bin/sstableofflinerelevel
2018-07-08 16:21:10 [main] INFO  c.g.n.e.c.p.CassandraStarterTests - Extract /root/.embedded-cassandra/cassandra/3.11.2/apache-cassandra-3.11.2-bin.tar.gz : extract apache-cassandra-3.11.2/tools/bin/sstableofflinerelevel.bat
2018-07-08 16:21:10 [main] INFO  c.g.n.e.c.p.CassandraStarterTests - Extract /root/.embedded-cassandra/cassandra/3.11.2/apache-cassandra-3.11.2-bin.tar.gz : extract apache-cassandra-3.11.2/tools/bin/sstablerepairedset
2018-07-08 16:21:10 [main] INFO  c.g.n.e.c.p.CassandraStarterTests - Extract /root/.embedded-cassandra/cassandra/3.11.2/apache-cassandra-3.11.2-bin.tar.gz : extract apache-cassandra-3.11.2/tools/bin/sstablerepairedset.bat
2018-07-08 16:21:10 [main] INFO  c.g.n.e.c.p.CassandraStarterTests - Extract /root/.embedded-cassandra/cassandra/3.11.2/apache-cassandra-3.11.2-bin.tar.gz : extract apache-cassandra-3.11.2/tools/bin/sstablesplit
2018-07-08 16:21:10 [main] INFO  c.g.n.e.c.p.CassandraStarterTests - Extract /root/.embedded-cassandra/cassandra/3.11.2/apache-cassandra-3.11.2-bin.tar.gz : extract apache-cassandra-3.11.2/tools/bin/sstablesplit.bat
2018-07-08 16:21:10 [main] INFO  c.g.n.e.c.p.CassandraStarterTests - Extract /root/.embedded-cassandra/cassandra/3.11.2/apache-cassandra-3.11.2-bin.tar.gz : extract apache-cassandra-3.11.2/tools/cqlstress-counter-example.yaml
2018-07-08 16:21:10 [main] INFO  c.g.n.e.c.p.CassandraStarterTests - Extract /root/.embedded-cassandra/cassandra/3.11.2/apache-cassandra-3.11.2-bin.tar.gz : extract apache-cassandra-3.11.2/tools/cqlstress-example.yaml
2018-07-08 16:21:10 [main] INFO  c.g.n.e.c.p.CassandraStarterTests - Extract /root/.embedded-cassandra/cassandra/3.11.2/apache-cassandra-3.11.2-bin.tar.gz : extract apache-cassandra-3.11.2/tools/cqlstress-insanity-example.yaml
2018-07-08 16:21:10 [main] INFO  c.g.n.e.c.p.CassandraStarterTests - Extract /root/.embedded-cassandra/cassandra/3.11.2/apache-cassandra-3.11.2-bin.tar.gz : extract apache-cassandra-3.11.2/tools/lib/stress.jar
2018-07-08 16:21:10 [main] INFO  c.g.n.e.c.p.CassandraStarterTests - Extract /root/.embedded-cassandra/cassandra/3.11.2/apache-cassandra-3.11.2-bin.tar.gz : extract apache-cassandra-3.11.2/bin/cassandra.in.sh
2018-07-08 16:21:10 [main] INFO  c.g.n.e.c.p.CassandraStarterTests - Extract /root/.embedded-cassandra/cassandra/3.11.2/apache-cassandra-3.11.2-bin.tar.gz : extract apache-cassandra-3.11.2/bin/cassandra
2018-07-08 16:21:10 [main] INFO  c.g.n.e.c.p.CassandraStarterTests - Extract /root/.embedded-cassandra/cassandra/3.11.2/apache-cassandra-3.11.2-bin.tar.gz : extract apache-cassandra-3.11.2/bin/cassandra.bat
2018-07-08 16:21:10 [main] INFO  c.g.n.e.c.p.CassandraStarterTests - Extract /root/.embedded-cassandra/cassandra/3.11.2/apache-cassandra-3.11.2-bin.tar.gz : extract apache-cassandra-3.11.2/bin/cassandra.in.bat
2018-07-08 16:21:10 [main] INFO  c.g.n.e.c.p.CassandraStarterTests - Extract /root/.embedded-cassandra/cassandra/3.11.2/apache-cassandra-3.11.2-bin.tar.gz : extract apache-cassandra-3.11.2/bin/cqlsh
2018-07-08 16:21:10 [main] INFO  c.g.n.e.c.p.CassandraStarterTests - Extract /root/.embedded-cassandra/cassandra/3.11.2/apache-cassandra-3.11.2-bin.tar.gz : extract apache-cassandra-3.11.2/bin/cqlsh.bat
2018-07-08 16:21:10 [main] INFO  c.g.n.e.c.p.CassandraStarterTests - Extract /root/.embedded-cassandra/cassandra/3.11.2/apache-cassandra-3.11.2-bin.tar.gz : extract apache-cassandra-3.11.2/bin/cqlsh.py
2018-07-08 16:21:10 [main] INFO  c.g.n.e.c.p.CassandraStarterTests - Extract /root/.embedded-cassandra/cassandra/3.11.2/apache-cassandra-3.11.2-bin.tar.gz : extract apache-cassandra-3.11.2/bin/debug-cql
2018-07-08 16:21:10 [main] INFO  c.g.n.e.c.p.CassandraStarterTests - Extract /root/.embedded-cassandra/cassandra/3.11.2/apache-cassandra-3.11.2-bin.tar.gz : extract apache-cassandra-3.11.2/bin/debug-cql.bat
2018-07-08 16:21:10 [main] INFO  c.g.n.e.c.p.CassandraStarterTests - Extract /root/.embedded-cassandra/cassandra/3.11.2/apache-cassandra-3.11.2-bin.tar.gz : extract apache-cassandra-3.11.2/bin/nodetool
2018-07-08 16:21:10 [main] INFO  c.g.n.e.c.p.CassandraStarterTests - Extract /root/.embedded-cassandra/cassandra/3.11.2/apache-cassandra-3.11.2-bin.tar.gz : extract apache-cassandra-3.11.2/bin/nodetool.bat
2018-07-08 16:21:10 [main] INFO  c.g.n.e.c.p.CassandraStarterTests - Extract /root/.embedded-cassandra/cassandra/3.11.2/apache-cassandra-3.11.2-bin.tar.gz : extract apache-cassandra-3.11.2/bin/source-conf.ps1
2018-07-08 16:21:10 [main] INFO  c.g.n.e.c.p.CassandraStarterTests - Extract /root/.embedded-cassandra/cassandra/3.11.2/apache-cassandra-3.11.2-bin.tar.gz : extract apache-cassandra-3.11.2/bin/sstableloader
2018-07-08 16:21:10 [main] INFO  c.g.n.e.c.p.CassandraStarterTests - Extract /root/.embedded-cassandra/cassandra/3.11.2/apache-cassandra-3.11.2-bin.tar.gz : extract apache-cassandra-3.11.2/bin/sstableloader.bat
2018-07-08 16:21:10 [main] INFO  c.g.n.e.c.p.CassandraStarterTests - Extract /root/.embedded-cassandra/cassandra/3.11.2/apache-cassandra-3.11.2-bin.tar.gz : extract apache-cassandra-3.11.2/bin/sstablescrub
2018-07-08 16:21:10 [main] INFO  c.g.n.e.c.p.CassandraStarterTests - Extract /root/.embedded-cassandra/cassandra/3.11.2/apache-cassandra-3.11.2-bin.tar.gz : extract apache-cassandra-3.11.2/bin/sstablescrub.bat
2018-07-08 16:21:10 [main] INFO  c.g.n.e.c.p.CassandraStarterTests - Extract /root/.embedded-cassandra/cassandra/3.11.2/apache-cassandra-3.11.2-bin.tar.gz : extract apache-cassandra-3.11.2/bin/sstableupgrade
2018-07-08 16:21:10 [main] INFO  c.g.n.e.c.p.CassandraStarterTests - Extract /root/.embedded-cassandra/cassandra/3.11.2/apache-cassandra-3.11.2-bin.tar.gz : extract apache-cassandra-3.11.2/bin/sstableupgrade.bat
2018-07-08 16:21:10 [main] INFO  c.g.n.e.c.p.CassandraStarterTests - Extract /root/.embedded-cassandra/cassandra/3.11.2/apache-cassandra-3.11.2-bin.tar.gz : extract apache-cassandra-3.11.2/bin/sstableutil
2018-07-08 16:21:10 [main] INFO  c.g.n.e.c.p.CassandraStarterTests - Extract /root/.embedded-cassandra/cassandra/3.11.2/apache-cassandra-3.11.2-bin.tar.gz : extract apache-cassandra-3.11.2/bin/sstableutil.bat
2018-07-08 16:21:10 [main] INFO  c.g.n.e.c.p.CassandraStarterTests - Extract /root/.embedded-cassandra/cassandra/3.11.2/apache-cassandra-3.11.2-bin.tar.gz : extract apache-cassandra-3.11.2/bin/sstableverify
2018-07-08 16:21:10 [main] INFO  c.g.n.e.c.p.CassandraStarterTests - Extract /root/.embedded-cassandra/cassandra/3.11.2/apache-cassandra-3.11.2-bin.tar.gz : extract apache-cassandra-3.11.2/bin/sstableverify.bat
2018-07-08 16:21:10 [main] INFO  c.g.n.e.c.p.CassandraStarterTests - Extract /root/.embedded-cassandra/cassandra/3.11.2/apache-cassandra-3.11.2-bin.tar.gz : extract apache-cassandra-3.11.2/bin/stop-server
2018-07-08 16:21:10 [main] INFO  c.g.n.e.c.p.CassandraStarterTests - Extract /root/.embedded-cassandra/cassandra/3.11.2/apache-cassandra-3.11.2-bin.tar.gz : extract apache-cassandra-3.11.2/bin/stop-server.bat
2018-07-08 16:21:10 [main] INFO  c.g.n.e.c.p.CassandraStarterTests - Extract /root/.embedded-cassandra/cassandra/3.11.2/apache-cassandra-3.11.2-bin.tar.gz : extract apache-cassandra-3.11.2/bin/stop-server.ps1
2018-07-08 16:21:10 [main] INFO  c.g.n.e.c.p.CassandraStarterTests - Extract /root/.embedded-cassandra/cassandra/3.11.2/apache-cassandra-3.11.2-bin.tar.gz : finished
2018-07-08 16:21:10 [main] INFO  c.g.n.e.c.process.CassandraProcess - Starting the new cassandra server using directory '/tmp/temp--4c9406ef-4f88-432e-ba34-3d52ea845cc4' with arguments [/tmp/temp--4c9406ef-4f88-432e-ba34-3d52ea845cc4/apache-cassandra-3.11.2/bin/cassandra, -f]
2018-07-08 16:21:10 [Thread-19] INFO  c.g.n.e.c.p.CassandraStarterTests - Running Cassandra as root user or group is not recommended - please start Cassandra using a different system user.
2018-07-08 16:21:10 [Thread-19] INFO  c.g.n.e.c.p.CassandraStarterTests - If you really want to force running Cassandra as root, use -R command line option.
2018-07-08 16:21:10 [main] ERROR d.f.e.p.runtime.AbstractProcess - failed to call onAfterProcessStart()
java.io.IOException: Could not start a process.
----------------------
Hmm.. no failure message.. 
...the cause must be somewhere in the process output
----------------------
				Running Cassandra as root user or group is not recommended - please start Cassandra using a different system user.
If you really want to force running Cassandra as root, use -R command line option.

	at com.github.nosan.embedded.cassandra.process.CassandraProcess.onAfterProcessStart(CassandraProcess.java:110)
	at de.flapdoodle.embed.process.runtime.AbstractProcess.<init>(AbstractProcess.java:116)
	at com.github.nosan.embedded.cassandra.process.CassandraProcess.<init>(CassandraProcess.java:61)
	at com.github.nosan.embedded.cassandra.process.CassandraExecutable.start(CassandraExecutable.java:49)
	at com.github.nosan.embedded.cassandra.process.CassandraExecutable.start(CassandraExecutable.java:37)
	at de.flapdoodle.embed.process.runtime.Executable.start(Executable.java:108)
	at com.github.nosan.embedded.cassandra.process.CassandraStarterTests.start(CassandraStarterTests.java:135)
	at com.github.nosan.embedded.cassandra.process.CassandraStarterTests.start(CassandraStarterTests.java:126)
	at com.github.nosan.embedded.cassandra.process.CassandraStarterTests.shouldFailWithInvalidConfigurationError(CassandraStarterTests.java:87)
	at sun.reflect.NativeMethodAccessorImpl.invoke0(Native Method)
	at sun.reflect.NativeMethodAccessorImpl.invoke(NativeMethodAccessorImpl.java:62)
	at sun.reflect.DelegatingMethodAccessorImpl.invoke(DelegatingMethodAccessorImpl.java:43)
	at java.lang.reflect.Method.invoke(Method.java:498)
	at org.junit.runners.model.FrameworkMethod$1.runReflectiveCall(FrameworkMethod.java:50)
	at org.junit.internal.runners.model.ReflectiveCallable.run(ReflectiveCallable.java:12)
	at org.junit.runners.model.FrameworkMethod.invokeExplosively(FrameworkMethod.java:47)
	at org.junit.internal.runners.statements.InvokeMethod.evaluate(InvokeMethod.java:17)
	at org.junit.rules.ExpectedException$ExpectedExceptionStatement.evaluate(ExpectedException.java:239)
	at org.junit.rules.RunRules.evaluate(RunRules.java:20)
	at org.junit.runners.ParentRunner.runLeaf(ParentRunner.java:325)
	at org.junit.runners.BlockJUnit4ClassRunner.runChild(BlockJUnit4ClassRunner.java:78)
	at org.junit.runners.BlockJUnit4ClassRunner.runChild(BlockJUnit4ClassRunner.java:57)
	at org.junit.runners.ParentRunner$3.run(ParentRunner.java:290)
	at org.junit.runners.ParentRunner$1.schedule(ParentRunner.java:71)
	at org.junit.runners.ParentRunner.runChildren(ParentRunner.java:288)
	at org.junit.runners.ParentRunner.access$000(ParentRunner.java:58)
	at org.junit.runners.ParentRunner$2.evaluate(ParentRunner.java:268)
	at org.junit.runners.ParentRunner.run(ParentRunner.java:363)
	at org.apache.maven.surefire.junit4.JUnit4Provider.execute(JUnit4Provider.java:365)
	at org.apache.maven.surefire.junit4.JUnit4Provider.executeWithRerun(JUnit4Provider.java:273)
	at org.apache.maven.surefire.junit4.JUnit4Provider.executeTestSet(JUnit4Provider.java:238)
	at org.apache.maven.surefire.junit4.JUnit4Provider.invoke(JUnit4Provider.java:159)
	at org.apache.maven.surefire.booter.ForkedBooter.invokeProviderInSameClassLoader(ForkedBooter.java:383)
	at org.apache.maven.surefire.booter.ForkedBooter.runSuitesInProcess(ForkedBooter.java:344)
	at org.apache.maven.surefire.booter.ForkedBooter.execute(ForkedBooter.java:125)
	at org.apache.maven.surefire.booter.ForkedBooter.main(ForkedBooter.java:417)
2018-07-08 16:21:10 [main] INFO  d.f.e.p.runtime.AbstractProcess - construct com.github.nosan.embedded.cassandra.ExecutableConfig@4be29ed9
2018-07-08 16:21:10 [main] INFO  c.g.n.e.c.process.CassandraProcess - Cassandra server has been stopped.
]]></system-out>
  </testcase>
  <testcase name="shouldStartCassandraUsingRpcTransport" classname="com.github.nosan.embedded.cassandra.process.CassandraStarterTests" time="3.759">
    <error message="Could not start a process.&#10;----------------------&#10;Hmm.. no failure message.. &#10;...the cause must be somewhere in the process output&#10;----------------------&#10;				Running Cassandra as root user or group is not recommended - please start Cassandra using a different system user.&#10;If you really want to force running Cassandra as root, use -R command line option.&#10;" type="java.io.IOException"><![CDATA[java.io.IOException: 
Could not start a process.
----------------------
Hmm.. no failure message.. 
...the cause must be somewhere in the process output
----------------------
				Running Cassandra as root user or group is not recommended - please start Cassandra using a different system user.
If you really want to force running Cassandra as root, use -R command line option.

	at com.github.nosan.embedded.cassandra.process.CassandraProcess.onAfterProcessStart(CassandraProcess.java:110)
	at de.flapdoodle.embed.process.runtime.AbstractProcess.<init>(AbstractProcess.java:116)
	at com.github.nosan.embedded.cassandra.process.CassandraProcess.<init>(CassandraProcess.java:61)
	at com.github.nosan.embedded.cassandra.process.CassandraExecutable.start(CassandraExecutable.java:49)
	at com.github.nosan.embedded.cassandra.process.CassandraExecutable.start(CassandraExecutable.java:37)
	at de.flapdoodle.embed.process.runtime.Executable.start(Executable.java:108)
	at com.github.nosan.embedded.cassandra.process.CassandraStarterTests.start(CassandraStarterTests.java:135)
	at com.github.nosan.embedded.cassandra.process.CassandraStarterTests.shouldStartCassandraUsingRpcTransport(CassandraStarterTests.java:105)
	at sun.reflect.NativeMethodAccessorImpl.invoke0(Native Method)
	at sun.reflect.NativeMethodAccessorImpl.invoke(NativeMethodAccessorImpl.java:62)
	at sun.reflect.DelegatingMethodAccessorImpl.invoke(DelegatingMethodAccessorImpl.java:43)
	at java.lang.reflect.Method.invoke(Method.java:498)
	at org.junit.runners.model.FrameworkMethod$1.runReflectiveCall(FrameworkMethod.java:50)
	at org.junit.internal.runners.model.ReflectiveCallable.run(ReflectiveCallable.java:12)
	at org.junit.runners.model.FrameworkMethod.invokeExplosively(FrameworkMethod.java:47)
	at org.junit.internal.runners.statements.InvokeMethod.evaluate(InvokeMethod.java:17)
	at org.junit.rules.ExpectedException$ExpectedExceptionStatement.evaluate(ExpectedException.java:239)
	at org.junit.rules.RunRules.evaluate(RunRules.java:20)
	at org.junit.runners.ParentRunner.runLeaf(ParentRunner.java:325)
	at org.junit.runners.BlockJUnit4ClassRunner.runChild(BlockJUnit4ClassRunner.java:78)
	at org.junit.runners.BlockJUnit4ClassRunner.runChild(BlockJUnit4ClassRunner.java:57)
	at org.junit.runners.ParentRunner$3.run(ParentRunner.java:290)
	at org.junit.runners.ParentRunner$1.schedule(ParentRunner.java:71)
	at org.junit.runners.ParentRunner.runChildren(ParentRunner.java:288)
	at org.junit.runners.ParentRunner.access$000(ParentRunner.java:58)
	at org.junit.runners.ParentRunner$2.evaluate(ParentRunner.java:268)
	at org.junit.runners.ParentRunner.run(ParentRunner.java:363)
	at org.apache.maven.surefire.junit4.JUnit4Provider.execute(JUnit4Provider.java:365)
	at org.apache.maven.surefire.junit4.JUnit4Provider.executeWithRerun(JUnit4Provider.java:273)
	at org.apache.maven.surefire.junit4.JUnit4Provider.executeTestSet(JUnit4Provider.java:238)
	at org.apache.maven.surefire.junit4.JUnit4Provider.invoke(JUnit4Provider.java:159)
	at org.apache.maven.surefire.booter.ForkedBooter.invokeProviderInSameClassLoader(ForkedBooter.java:383)
	at org.apache.maven.surefire.booter.ForkedBooter.runSuitesInProcess(ForkedBooter.java:344)
	at org.apache.maven.surefire.booter.ForkedBooter.execute(ForkedBooter.java:125)
	at org.apache.maven.surefire.booter.ForkedBooter.main(ForkedBooter.java:417)
]]></error>
    <system-out><![CDATA[2018-07-08 16:21:10 [main] INFO  c.g.n.e.c.p.CassandraStarterTests - Extract /root/.embedded-cassandra/cassandra/3.11.2/apache-cassandra-3.11.2-bin.tar.gz : starting...
2018-07-08 16:21:10 [main] INFO  c.g.n.e.c.p.CassandraStarterTests - Extract /root/.embedded-cassandra/cassandra/3.11.2/apache-cassandra-3.11.2-bin.tar.gz : extract apache-cassandra-3.11.2/conf/cassandra-env.ps1
2018-07-08 16:21:10 [main] INFO  c.g.n.e.c.p.CassandraStarterTests - Extract /root/.embedded-cassandra/cassandra/3.11.2/apache-cassandra-3.11.2-bin.tar.gz : extract apache-cassandra-3.11.2/conf/cassandra-env.sh
2018-07-08 16:21:10 [main] INFO  c.g.n.e.c.p.CassandraStarterTests - Extract /root/.embedded-cassandra/cassandra/3.11.2/apache-cassandra-3.11.2-bin.tar.gz : extract apache-cassandra-3.11.2/conf/cassandra-jaas.config
2018-07-08 16:21:10 [main] INFO  c.g.n.e.c.p.CassandraStarterTests - Extract /root/.embedded-cassandra/cassandra/3.11.2/apache-cassandra-3.11.2-bin.tar.gz : extract apache-cassandra-3.11.2/conf/cassandra-rackdc.properties
2018-07-08 16:21:10 [main] INFO  c.g.n.e.c.p.CassandraStarterTests - Extract /root/.embedded-cassandra/cassandra/3.11.2/apache-cassandra-3.11.2-bin.tar.gz : extract apache-cassandra-3.11.2/conf/cassandra-topology.properties
2018-07-08 16:21:10 [main] INFO  c.g.n.e.c.p.CassandraStarterTests - Extract /root/.embedded-cassandra/cassandra/3.11.2/apache-cassandra-3.11.2-bin.tar.gz : extract apache-cassandra-3.11.2/conf/cassandra.yaml
2018-07-08 16:21:10 [main] INFO  c.g.n.e.c.p.CassandraStarterTests - Extract /root/.embedded-cassandra/cassandra/3.11.2/apache-cassandra-3.11.2-bin.tar.gz : extract apache-cassandra-3.11.2/conf/commitlog_archiving.properties
2018-07-08 16:21:10 [main] INFO  c.g.n.e.c.p.CassandraStarterTests - Extract /root/.embedded-cassandra/cassandra/3.11.2/apache-cassandra-3.11.2-bin.tar.gz : extract apache-cassandra-3.11.2/conf/cqlshrc.sample
2018-07-08 16:21:10 [main] INFO  c.g.n.e.c.p.CassandraStarterTests - Extract /root/.embedded-cassandra/cassandra/3.11.2/apache-cassandra-3.11.2-bin.tar.gz : extract apache-cassandra-3.11.2/conf/hotspot_compiler
2018-07-08 16:21:10 [main] INFO  c.g.n.e.c.p.CassandraStarterTests - Extract /root/.embedded-cassandra/cassandra/3.11.2/apache-cassandra-3.11.2-bin.tar.gz : extract apache-cassandra-3.11.2/conf/jvm.options
2018-07-08 16:21:10 [main] INFO  c.g.n.e.c.p.CassandraStarterTests - Extract /root/.embedded-cassandra/cassandra/3.11.2/apache-cassandra-3.11.2-bin.tar.gz : extract apache-cassandra-3.11.2/conf/logback-tools.xml
2018-07-08 16:21:10 [main] INFO  c.g.n.e.c.p.CassandraStarterTests - Extract /root/.embedded-cassandra/cassandra/3.11.2/apache-cassandra-3.11.2-bin.tar.gz : extract apache-cassandra-3.11.2/conf/logback.xml
2018-07-08 16:21:10 [main] INFO  c.g.n.e.c.p.CassandraStarterTests - Extract /root/.embedded-cassandra/cassandra/3.11.2/apache-cassandra-3.11.2-bin.tar.gz : extract apache-cassandra-3.11.2/conf/metrics-reporter-config-sample.yaml
2018-07-08 16:21:10 [main] INFO  c.g.n.e.c.p.CassandraStarterTests - Extract /root/.embedded-cassandra/cassandra/3.11.2/apache-cassandra-3.11.2-bin.tar.gz : extract apache-cassandra-3.11.2/conf/triggers/README.txt
2018-07-08 16:21:10 [main] INFO  c.g.n.e.c.p.CassandraStarterTests - Extract /root/.embedded-cassandra/cassandra/3.11.2/apache-cassandra-3.11.2-bin.tar.gz : extract apache-cassandra-3.11.2/interface/cassandra.thrift
2018-07-08 16:21:13 [main] INFO  c.g.n.e.c.p.CassandraStarterTests - Extract /root/.embedded-cassandra/cassandra/3.11.2/apache-cassandra-3.11.2-bin.tar.gz : extract apache-cassandra-3.11.2/lib/HdrHistogram-2.1.9.jar
2018-07-08 16:21:13 [main] INFO  c.g.n.e.c.p.CassandraStarterTests - Extract /root/.embedded-cassandra/cassandra/3.11.2/apache-cassandra-3.11.2-bin.tar.gz : extract apache-cassandra-3.11.2/lib/ST4-4.0.8.jar
2018-07-08 16:21:13 [main] INFO  c.g.n.e.c.p.CassandraStarterTests - Extract /root/.embedded-cassandra/cassandra/3.11.2/apache-cassandra-3.11.2-bin.tar.gz : extract apache-cassandra-3.11.2/lib/airline-0.6.jar
2018-07-08 16:21:13 [main] INFO  c.g.n.e.c.p.CassandraStarterTests - Extract /root/.embedded-cassandra/cassandra/3.11.2/apache-cassandra-3.11.2-bin.tar.gz : extract apache-cassandra-3.11.2/lib/antlr-runtime-3.5.2.jar
2018-07-08 16:21:13 [main] INFO  c.g.n.e.c.p.CassandraStarterTests - Extract /root/.embedded-cassandra/cassandra/3.11.2/apache-cassandra-3.11.2-bin.tar.gz : extract apache-cassandra-3.11.2/lib/apache-cassandra-3.11.2.jar
2018-07-08 16:21:13 [main] INFO  c.g.n.e.c.p.CassandraStarterTests - Extract /root/.embedded-cassandra/cassandra/3.11.2/apache-cassandra-3.11.2-bin.tar.gz : extract apache-cassandra-3.11.2/lib/apache-cassandra-thrift-3.11.2.jar
2018-07-08 16:21:13 [main] INFO  c.g.n.e.c.p.CassandraStarterTests - Extract /root/.embedded-cassandra/cassandra/3.11.2/apache-cassandra-3.11.2-bin.tar.gz : extract apache-cassandra-3.11.2/lib/asm-5.0.4.jar
2018-07-08 16:21:13 [main] INFO  c.g.n.e.c.p.CassandraStarterTests - Extract /root/.embedded-cassandra/cassandra/3.11.2/apache-cassandra-3.11.2-bin.tar.gz : extract apache-cassandra-3.11.2/lib/caffeine-2.2.6.jar
2018-07-08 16:21:13 [main] INFO  c.g.n.e.c.p.CassandraStarterTests - Extract /root/.embedded-cassandra/cassandra/3.11.2/apache-cassandra-3.11.2-bin.tar.gz : extract apache-cassandra-3.11.2/lib/cassandra-driver-core-3.0.1-shaded.jar
2018-07-08 16:21:13 [main] INFO  c.g.n.e.c.p.CassandraStarterTests - Extract /root/.embedded-cassandra/cassandra/3.11.2/apache-cassandra-3.11.2-bin.tar.gz : extract apache-cassandra-3.11.2/lib/cassandra-driver-internal-only-3.10.zip
2018-07-08 16:21:13 [main] INFO  c.g.n.e.c.p.CassandraStarterTests - Extract /root/.embedded-cassandra/cassandra/3.11.2/apache-cassandra-3.11.2-bin.tar.gz : extract apache-cassandra-3.11.2/lib/cassandra-driver-internal-only-3.11.0-bb96859b.zip
2018-07-08 16:21:13 [main] INFO  c.g.n.e.c.p.CassandraStarterTests - Extract /root/.embedded-cassandra/cassandra/3.11.2/apache-cassandra-3.11.2-bin.tar.gz : extract apache-cassandra-3.11.2/lib/commons-cli-1.1.jar
2018-07-08 16:21:13 [main] INFO  c.g.n.e.c.p.CassandraStarterTests - Extract /root/.embedded-cassandra/cassandra/3.11.2/apache-cassandra-3.11.2-bin.tar.gz : extract apache-cassandra-3.11.2/lib/commons-codec-1.9.jar
2018-07-08 16:21:13 [main] INFO  c.g.n.e.c.p.CassandraStarterTests - Extract /root/.embedded-cassandra/cassandra/3.11.2/apache-cassandra-3.11.2-bin.tar.gz : extract apache-cassandra-3.11.2/lib/commons-lang3-3.1.jar
2018-07-08 16:21:13 [main] INFO  c.g.n.e.c.p.CassandraStarterTests - Extract /root/.embedded-cassandra/cassandra/3.11.2/apache-cassandra-3.11.2-bin.tar.gz : extract apache-cassandra-3.11.2/lib/commons-math3-3.2.jar
2018-07-08 16:21:13 [main] INFO  c.g.n.e.c.p.CassandraStarterTests - Extract /root/.embedded-cassandra/cassandra/3.11.2/apache-cassandra-3.11.2-bin.tar.gz : extract apache-cassandra-3.11.2/lib/compress-lzf-0.8.4.jar
2018-07-08 16:21:13 [main] INFO  c.g.n.e.c.p.CassandraStarterTests - Extract /root/.embedded-cassandra/cassandra/3.11.2/apache-cassandra-3.11.2-bin.tar.gz : extract apache-cassandra-3.11.2/lib/concurrent-trees-2.4.0.jar
2018-07-08 16:21:13 [main] INFO  c.g.n.e.c.p.CassandraStarterTests - Extract /root/.embedded-cassandra/cassandra/3.11.2/apache-cassandra-3.11.2-bin.tar.gz : extract apache-cassandra-3.11.2/lib/concurrentlinkedhashmap-lru-1.4.jar
2018-07-08 16:21:13 [main] INFO  c.g.n.e.c.p.CassandraStarterTests - Extract /root/.embedded-cassandra/cassandra/3.11.2/apache-cassandra-3.11.2-bin.tar.gz : extract apache-cassandra-3.11.2/lib/disruptor-3.0.1.jar
2018-07-08 16:21:13 [main] INFO  c.g.n.e.c.p.CassandraStarterTests - Extract /root/.embedded-cassandra/cassandra/3.11.2/apache-cassandra-3.11.2-bin.tar.gz : extract apache-cassandra-3.11.2/lib/ecj-4.4.2.jar
2018-07-08 16:21:13 [main] INFO  c.g.n.e.c.p.CassandraStarterTests - Extract /root/.embedded-cassandra/cassandra/3.11.2/apache-cassandra-3.11.2-bin.tar.gz : extract apache-cassandra-3.11.2/lib/futures-2.1.6-py2.py3-none-any.zip
2018-07-08 16:21:13 [main] INFO  c.g.n.e.c.p.CassandraStarterTests - Extract /root/.embedded-cassandra/cassandra/3.11.2/apache-cassandra-3.11.2-bin.tar.gz : extract apache-cassandra-3.11.2/lib/guava-18.0.jar
2018-07-08 16:21:13 [main] INFO  c.g.n.e.c.p.CassandraStarterTests - Extract /root/.embedded-cassandra/cassandra/3.11.2/apache-cassandra-3.11.2-bin.tar.gz : extract apache-cassandra-3.11.2/lib/high-scale-lib-1.0.6.jar
2018-07-08 16:21:13 [main] INFO  c.g.n.e.c.p.CassandraStarterTests - Extract /root/.embedded-cassandra/cassandra/3.11.2/apache-cassandra-3.11.2-bin.tar.gz : extract apache-cassandra-3.11.2/lib/hppc-0.5.4.jar
2018-07-08 16:21:13 [main] INFO  c.g.n.e.c.p.CassandraStarterTests - Extract /root/.embedded-cassandra/cassandra/3.11.2/apache-cassandra-3.11.2-bin.tar.gz : extract apache-cassandra-3.11.2/lib/jackson-core-asl-1.9.13.jar
2018-07-08 16:21:13 [main] INFO  c.g.n.e.c.p.CassandraStarterTests - Extract /root/.embedded-cassandra/cassandra/3.11.2/apache-cassandra-3.11.2-bin.tar.gz : extract apache-cassandra-3.11.2/lib/jackson-mapper-asl-1.9.13.jar
2018-07-08 16:21:13 [main] INFO  c.g.n.e.c.p.CassandraStarterTests - Extract /root/.embedded-cassandra/cassandra/3.11.2/apache-cassandra-3.11.2-bin.tar.gz : extract apache-cassandra-3.11.2/lib/jamm-0.3.0.jar
2018-07-08 16:21:13 [main] INFO  c.g.n.e.c.p.CassandraStarterTests - Extract /root/.embedded-cassandra/cassandra/3.11.2/apache-cassandra-3.11.2-bin.tar.gz : extract apache-cassandra-3.11.2/lib/javax.inject.jar
2018-07-08 16:21:13 [main] INFO  c.g.n.e.c.p.CassandraStarterTests - Extract /root/.embedded-cassandra/cassandra/3.11.2/apache-cassandra-3.11.2-bin.tar.gz : extract apache-cassandra-3.11.2/lib/jbcrypt-0.3m.jar
2018-07-08 16:21:13 [main] INFO  c.g.n.e.c.p.CassandraStarterTests - Extract /root/.embedded-cassandra/cassandra/3.11.2/apache-cassandra-3.11.2-bin.tar.gz : extract apache-cassandra-3.11.2/lib/jcl-over-slf4j-1.7.7.jar
2018-07-08 16:21:13 [main] INFO  c.g.n.e.c.p.CassandraStarterTests - Extract /root/.embedded-cassandra/cassandra/3.11.2/apache-cassandra-3.11.2-bin.tar.gz : extract apache-cassandra-3.11.2/lib/jctools-core-1.2.1.jar
2018-07-08 16:21:13 [main] INFO  c.g.n.e.c.p.CassandraStarterTests - Extract /root/.embedded-cassandra/cassandra/3.11.2/apache-cassandra-3.11.2-bin.tar.gz : extract apache-cassandra-3.11.2/lib/jflex-1.6.0.jar
2018-07-08 16:21:13 [main] INFO  c.g.n.e.c.p.CassandraStarterTests - Extract /root/.embedded-cassandra/cassandra/3.11.2/apache-cassandra-3.11.2-bin.tar.gz : extract apache-cassandra-3.11.2/lib/jna-4.2.2.jar
2018-07-08 16:21:13 [main] INFO  c.g.n.e.c.p.CassandraStarterTests - Extract /root/.embedded-cassandra/cassandra/3.11.2/apache-cassandra-3.11.2-bin.tar.gz : extract apache-cassandra-3.11.2/lib/joda-time-2.4.jar
2018-07-08 16:21:13 [main] INFO  c.g.n.e.c.p.CassandraStarterTests - Extract /root/.embedded-cassandra/cassandra/3.11.2/apache-cassandra-3.11.2-bin.tar.gz : extract apache-cassandra-3.11.2/lib/json-simple-1.1.jar
2018-07-08 16:21:13 [main] INFO  c.g.n.e.c.p.CassandraStarterTests - Extract /root/.embedded-cassandra/cassandra/3.11.2/apache-cassandra-3.11.2-bin.tar.gz : extract apache-cassandra-3.11.2/lib/jstackjunit-0.0.1.jar
2018-07-08 16:21:13 [main] INFO  c.g.n.e.c.p.CassandraStarterTests - Extract /root/.embedded-cassandra/cassandra/3.11.2/apache-cassandra-3.11.2-bin.tar.gz : extract apache-cassandra-3.11.2/lib/libthrift-0.9.2.jar
2018-07-08 16:21:13 [main] INFO  c.g.n.e.c.p.CassandraStarterTests - Extract /root/.embedded-cassandra/cassandra/3.11.2/apache-cassandra-3.11.2-bin.tar.gz : extract apache-cassandra-3.11.2/lib/log4j-over-slf4j-1.7.7.jar
2018-07-08 16:21:13 [main] INFO  c.g.n.e.c.p.CassandraStarterTests - Extract /root/.embedded-cassandra/cassandra/3.11.2/apache-cassandra-3.11.2-bin.tar.gz : extract apache-cassandra-3.11.2/lib/logback-classic-1.1.3.jar
2018-07-08 16:21:14 [main] INFO  c.g.n.e.c.p.CassandraStarterTests - Extract /root/.embedded-cassandra/cassandra/3.11.2/apache-cassandra-3.11.2-bin.tar.gz : extract apache-cassandra-3.11.2/lib/logback-core-1.1.3.jar
2018-07-08 16:21:14 [main] INFO  c.g.n.e.c.p.CassandraStarterTests - Extract /root/.embedded-cassandra/cassandra/3.11.2/apache-cassandra-3.11.2-bin.tar.gz : extract apache-cassandra-3.11.2/lib/lz4-1.3.0.jar
2018-07-08 16:21:14 [main] INFO  c.g.n.e.c.p.CassandraStarterTests - Extract /root/.embedded-cassandra/cassandra/3.11.2/apache-cassandra-3.11.2-bin.tar.gz : extract apache-cassandra-3.11.2/lib/metrics-core-3.1.0.jar
2018-07-08 16:21:14 [main] INFO  c.g.n.e.c.p.CassandraStarterTests - Extract /root/.embedded-cassandra/cassandra/3.11.2/apache-cassandra-3.11.2-bin.tar.gz : extract apache-cassandra-3.11.2/lib/metrics-jvm-3.1.0.jar
2018-07-08 16:21:14 [main] INFO  c.g.n.e.c.p.CassandraStarterTests - Extract /root/.embedded-cassandra/cassandra/3.11.2/apache-cassandra-3.11.2-bin.tar.gz : extract apache-cassandra-3.11.2/lib/metrics-logback-3.1.0.jar
2018-07-08 16:21:14 [main] INFO  c.g.n.e.c.p.CassandraStarterTests - Extract /root/.embedded-cassandra/cassandra/3.11.2/apache-cassandra-3.11.2-bin.tar.gz : extract apache-cassandra-3.11.2/lib/netty-all-4.0.44.Final.jar
2018-07-08 16:21:14 [main] INFO  c.g.n.e.c.p.CassandraStarterTests - Extract /root/.embedded-cassandra/cassandra/3.11.2/apache-cassandra-3.11.2-bin.tar.gz : extract apache-cassandra-3.11.2/lib/ohc-core-0.4.4.jar
2018-07-08 16:21:14 [main] INFO  c.g.n.e.c.p.CassandraStarterTests - Extract /root/.embedded-cassandra/cassandra/3.11.2/apache-cassandra-3.11.2-bin.tar.gz : extract apache-cassandra-3.11.2/lib/ohc-core-j8-0.4.4.jar
2018-07-08 16:21:14 [main] INFO  c.g.n.e.c.p.CassandraStarterTests - Extract /root/.embedded-cassandra/cassandra/3.11.2/apache-cassandra-3.11.2-bin.tar.gz : extract apache-cassandra-3.11.2/lib/reporter-config-base-3.0.3.jar
2018-07-08 16:21:14 [main] INFO  c.g.n.e.c.p.CassandraStarterTests - Extract /root/.embedded-cassandra/cassandra/3.11.2/apache-cassandra-3.11.2-bin.tar.gz : extract apache-cassandra-3.11.2/lib/reporter-config3-3.0.3.jar
2018-07-08 16:21:14 [main] INFO  c.g.n.e.c.p.CassandraStarterTests - Extract /root/.embedded-cassandra/cassandra/3.11.2/apache-cassandra-3.11.2-bin.tar.gz : extract apache-cassandra-3.11.2/lib/sigar-1.6.4.jar
2018-07-08 16:21:14 [main] INFO  c.g.n.e.c.p.CassandraStarterTests - Extract /root/.embedded-cassandra/cassandra/3.11.2/apache-cassandra-3.11.2-bin.tar.gz : extract apache-cassandra-3.11.2/lib/sigar-bin/libsigar-amd64-freebsd-6.so
2018-07-08 16:21:14 [main] INFO  c.g.n.e.c.p.CassandraStarterTests - Extract /root/.embedded-cassandra/cassandra/3.11.2/apache-cassandra-3.11.2-bin.tar.gz : extract apache-cassandra-3.11.2/lib/sigar-bin/libsigar-amd64-linux.so
2018-07-08 16:21:14 [main] INFO  c.g.n.e.c.p.CassandraStarterTests - Extract /root/.embedded-cassandra/cassandra/3.11.2/apache-cassandra-3.11.2-bin.tar.gz : extract apache-cassandra-3.11.2/lib/sigar-bin/libsigar-amd64-solaris.so
2018-07-08 16:21:14 [main] INFO  c.g.n.e.c.p.CassandraStarterTests - Extract /root/.embedded-cassandra/cassandra/3.11.2/apache-cassandra-3.11.2-bin.tar.gz : extract apache-cassandra-3.11.2/lib/sigar-bin/libsigar-ia64-hpux-11.sl
2018-07-08 16:21:14 [main] INFO  c.g.n.e.c.p.CassandraStarterTests - Extract /root/.embedded-cassandra/cassandra/3.11.2/apache-cassandra-3.11.2-bin.tar.gz : extract apache-cassandra-3.11.2/lib/sigar-bin/libsigar-ia64-linux.so
2018-07-08 16:21:14 [main] INFO  c.g.n.e.c.p.CassandraStarterTests - Extract /root/.embedded-cassandra/cassandra/3.11.2/apache-cassandra-3.11.2-bin.tar.gz : extract apache-cassandra-3.11.2/lib/sigar-bin/libsigar-pa-hpux-11.sl
2018-07-08 16:21:14 [main] INFO  c.g.n.e.c.p.CassandraStarterTests - Extract /root/.embedded-cassandra/cassandra/3.11.2/apache-cassandra-3.11.2-bin.tar.gz : extract apache-cassandra-3.11.2/lib/sigar-bin/libsigar-ppc-aix-5.so
2018-07-08 16:21:14 [main] INFO  c.g.n.e.c.p.CassandraStarterTests - Extract /root/.embedded-cassandra/cassandra/3.11.2/apache-cassandra-3.11.2-bin.tar.gz : extract apache-cassandra-3.11.2/lib/sigar-bin/libsigar-ppc-linux.so
2018-07-08 16:21:14 [main] INFO  c.g.n.e.c.p.CassandraStarterTests - Extract /root/.embedded-cassandra/cassandra/3.11.2/apache-cassandra-3.11.2-bin.tar.gz : extract apache-cassandra-3.11.2/lib/sigar-bin/libsigar-ppc64-aix-5.so
2018-07-08 16:21:14 [main] INFO  c.g.n.e.c.p.CassandraStarterTests - Extract /root/.embedded-cassandra/cassandra/3.11.2/apache-cassandra-3.11.2-bin.tar.gz : extract apache-cassandra-3.11.2/lib/sigar-bin/libsigar-ppc64-linux.so
2018-07-08 16:21:14 [main] INFO  c.g.n.e.c.p.CassandraStarterTests - Extract /root/.embedded-cassandra/cassandra/3.11.2/apache-cassandra-3.11.2-bin.tar.gz : extract apache-cassandra-3.11.2/lib/sigar-bin/libsigar-s390x-linux.so
2018-07-08 16:21:14 [main] INFO  c.g.n.e.c.p.CassandraStarterTests - Extract /root/.embedded-cassandra/cassandra/3.11.2/apache-cassandra-3.11.2-bin.tar.gz : extract apache-cassandra-3.11.2/lib/sigar-bin/libsigar-sparc-solaris.so
2018-07-08 16:21:14 [main] INFO  c.g.n.e.c.p.CassandraStarterTests - Extract /root/.embedded-cassandra/cassandra/3.11.2/apache-cassandra-3.11.2-bin.tar.gz : extract apache-cassandra-3.11.2/lib/sigar-bin/libsigar-sparc64-solaris.so
2018-07-08 16:21:14 [main] INFO  c.g.n.e.c.p.CassandraStarterTests - Extract /root/.embedded-cassandra/cassandra/3.11.2/apache-cassandra-3.11.2-bin.tar.gz : extract apache-cassandra-3.11.2/lib/sigar-bin/libsigar-universal-macosx.dylib
2018-07-08 16:21:14 [main] INFO  c.g.n.e.c.p.CassandraStarterTests - Extract /root/.embedded-cassandra/cassandra/3.11.2/apache-cassandra-3.11.2-bin.tar.gz : extract apache-cassandra-3.11.2/lib/sigar-bin/libsigar-universal64-macosx.dylib
2018-07-08 16:21:14 [main] INFO  c.g.n.e.c.p.CassandraStarterTests - Extract /root/.embedded-cassandra/cassandra/3.11.2/apache-cassandra-3.11.2-bin.tar.gz : extract apache-cassandra-3.11.2/lib/sigar-bin/libsigar-x86-freebsd-5.so
2018-07-08 16:21:14 [main] INFO  c.g.n.e.c.p.CassandraStarterTests - Extract /root/.embedded-cassandra/cassandra/3.11.2/apache-cassandra-3.11.2-bin.tar.gz : extract apache-cassandra-3.11.2/lib/sigar-bin/libsigar-x86-freebsd-6.so
2018-07-08 16:21:14 [main] INFO  c.g.n.e.c.p.CassandraStarterTests - Extract /root/.embedded-cassandra/cassandra/3.11.2/apache-cassandra-3.11.2-bin.tar.gz : extract apache-cassandra-3.11.2/lib/sigar-bin/libsigar-x86-linux.so
2018-07-08 16:21:14 [main] INFO  c.g.n.e.c.p.CassandraStarterTests - Extract /root/.embedded-cassandra/cassandra/3.11.2/apache-cassandra-3.11.2-bin.tar.gz : extract apache-cassandra-3.11.2/lib/sigar-bin/libsigar-x86-solaris.so
2018-07-08 16:21:14 [main] INFO  c.g.n.e.c.p.CassandraStarterTests - Extract /root/.embedded-cassandra/cassandra/3.11.2/apache-cassandra-3.11.2-bin.tar.gz : extract apache-cassandra-3.11.2/lib/sigar-bin/sigar-amd64-winnt.dll
2018-07-08 16:21:14 [main] INFO  c.g.n.e.c.p.CassandraStarterTests - Extract /root/.embedded-cassandra/cassandra/3.11.2/apache-cassandra-3.11.2-bin.tar.gz : extract apache-cassandra-3.11.2/lib/sigar-bin/sigar-x86-winnt.dll
2018-07-08 16:21:14 [main] INFO  c.g.n.e.c.p.CassandraStarterTests - Extract /root/.embedded-cassandra/cassandra/3.11.2/apache-cassandra-3.11.2-bin.tar.gz : extract apache-cassandra-3.11.2/lib/sigar-bin/sigar-x86-winnt.lib
2018-07-08 16:21:14 [main] INFO  c.g.n.e.c.p.CassandraStarterTests - Extract /root/.embedded-cassandra/cassandra/3.11.2/apache-cassandra-3.11.2-bin.tar.gz : extract apache-cassandra-3.11.2/lib/six-1.7.3-py2.py3-none-any.zip
2018-07-08 16:21:14 [main] INFO  c.g.n.e.c.p.CassandraStarterTests - Extract /root/.embedded-cassandra/cassandra/3.11.2/apache-cassandra-3.11.2-bin.tar.gz : extract apache-cassandra-3.11.2/lib/slf4j-api-1.7.7.jar
2018-07-08 16:21:14 [main] INFO  c.g.n.e.c.p.CassandraStarterTests - Extract /root/.embedded-cassandra/cassandra/3.11.2/apache-cassandra-3.11.2-bin.tar.gz : extract apache-cassandra-3.11.2/lib/snakeyaml-1.11.jar
2018-07-08 16:21:14 [main] INFO  c.g.n.e.c.p.CassandraStarterTests - Extract /root/.embedded-cassandra/cassandra/3.11.2/apache-cassandra-3.11.2-bin.tar.gz : extract apache-cassandra-3.11.2/lib/snappy-java-1.1.1.7.jar
2018-07-08 16:21:14 [main] INFO  c.g.n.e.c.p.CassandraStarterTests - Extract /root/.embedded-cassandra/cassandra/3.11.2/apache-cassandra-3.11.2-bin.tar.gz : extract apache-cassandra-3.11.2/lib/snowball-stemmer-1.3.0.581.1.jar
2018-07-08 16:21:14 [main] INFO  c.g.n.e.c.p.CassandraStarterTests - Extract /root/.embedded-cassandra/cassandra/3.11.2/apache-cassandra-3.11.2-bin.tar.gz : extract apache-cassandra-3.11.2/lib/stream-2.5.2.jar
2018-07-08 16:21:14 [main] INFO  c.g.n.e.c.p.CassandraStarterTests - Extract /root/.embedded-cassandra/cassandra/3.11.2/apache-cassandra-3.11.2-bin.tar.gz : extract apache-cassandra-3.11.2/lib/thrift-server-0.3.7.jar
2018-07-08 16:21:14 [main] INFO  c.g.n.e.c.p.CassandraStarterTests - Extract /root/.embedded-cassandra/cassandra/3.11.2/apache-cassandra-3.11.2-bin.tar.gz : extract apache-cassandra-3.11.2/pylib/cqlshlib/__init__.py
2018-07-08 16:21:14 [main] INFO  c.g.n.e.c.p.CassandraStarterTests - Extract /root/.embedded-cassandra/cassandra/3.11.2/apache-cassandra-3.11.2-bin.tar.gz : extract apache-cassandra-3.11.2/pylib/cqlshlib/copyutil.py
2018-07-08 16:21:14 [main] INFO  c.g.n.e.c.p.CassandraStarterTests - Extract /root/.embedded-cassandra/cassandra/3.11.2/apache-cassandra-3.11.2-bin.tar.gz : extract apache-cassandra-3.11.2/pylib/cqlshlib/cql3handling.py
2018-07-08 16:21:14 [main] INFO  c.g.n.e.c.p.CassandraStarterTests - Extract /root/.embedded-cassandra/cassandra/3.11.2/apache-cassandra-3.11.2-bin.tar.gz : extract apache-cassandra-3.11.2/pylib/cqlshlib/cqlhandling.py
2018-07-08 16:21:14 [main] INFO  c.g.n.e.c.p.CassandraStarterTests - Extract /root/.embedded-cassandra/cassandra/3.11.2/apache-cassandra-3.11.2-bin.tar.gz : extract apache-cassandra-3.11.2/pylib/cqlshlib/cqlshhandling.py
2018-07-08 16:21:14 [main] INFO  c.g.n.e.c.p.CassandraStarterTests - Extract /root/.embedded-cassandra/cassandra/3.11.2/apache-cassandra-3.11.2-bin.tar.gz : extract apache-cassandra-3.11.2/pylib/cqlshlib/displaying.py
2018-07-08 16:21:14 [main] INFO  c.g.n.e.c.p.CassandraStarterTests - Extract /root/.embedded-cassandra/cassandra/3.11.2/apache-cassandra-3.11.2-bin.tar.gz : extract apache-cassandra-3.11.2/pylib/cqlshlib/formatting.py
2018-07-08 16:21:14 [main] INFO  c.g.n.e.c.p.CassandraStarterTests - Extract /root/.embedded-cassandra/cassandra/3.11.2/apache-cassandra-3.11.2-bin.tar.gz : extract apache-cassandra-3.11.2/pylib/cqlshlib/helptopics.py
2018-07-08 16:21:14 [main] INFO  c.g.n.e.c.p.CassandraStarterTests - Extract /root/.embedded-cassandra/cassandra/3.11.2/apache-cassandra-3.11.2-bin.tar.gz : extract apache-cassandra-3.11.2/pylib/cqlshlib/pylexotron.py
2018-07-08 16:21:14 [main] INFO  c.g.n.e.c.p.CassandraStarterTests - Extract /root/.embedded-cassandra/cassandra/3.11.2/apache-cassandra-3.11.2-bin.tar.gz : extract apache-cassandra-3.11.2/pylib/cqlshlib/saferscanner.py
2018-07-08 16:21:14 [main] INFO  c.g.n.e.c.p.CassandraStarterTests - Extract /root/.embedded-cassandra/cassandra/3.11.2/apache-cassandra-3.11.2-bin.tar.gz : extract apache-cassandra-3.11.2/pylib/cqlshlib/sslhandling.py
2018-07-08 16:21:14 [main] INFO  c.g.n.e.c.p.CassandraStarterTests - Extract /root/.embedded-cassandra/cassandra/3.11.2/apache-cassandra-3.11.2-bin.tar.gz : extract apache-cassandra-3.11.2/pylib/cqlshlib/test/__init__.py
2018-07-08 16:21:14 [main] INFO  c.g.n.e.c.p.CassandraStarterTests - Extract /root/.embedded-cassandra/cassandra/3.11.2/apache-cassandra-3.11.2-bin.tar.gz : extract apache-cassandra-3.11.2/pylib/cqlshlib/test/ansi_colors.py
2018-07-08 16:21:14 [main] INFO  c.g.n.e.c.p.CassandraStarterTests - Extract /root/.embedded-cassandra/cassandra/3.11.2/apache-cassandra-3.11.2-bin.tar.gz : extract apache-cassandra-3.11.2/pylib/cqlshlib/test/basecase.py
2018-07-08 16:21:14 [main] INFO  c.g.n.e.c.p.CassandraStarterTests - Extract /root/.embedded-cassandra/cassandra/3.11.2/apache-cassandra-3.11.2-bin.tar.gz : extract apache-cassandra-3.11.2/pylib/cqlshlib/test/cassconnect.py
2018-07-08 16:21:14 [main] INFO  c.g.n.e.c.p.CassandraStarterTests - Extract /root/.embedded-cassandra/cassandra/3.11.2/apache-cassandra-3.11.2-bin.tar.gz : extract apache-cassandra-3.11.2/pylib/cqlshlib/test/run_cqlsh.py
2018-07-08 16:21:14 [main] INFO  c.g.n.e.c.p.CassandraStarterTests - Extract /root/.embedded-cassandra/cassandra/3.11.2/apache-cassandra-3.11.2-bin.tar.gz : extract apache-cassandra-3.11.2/pylib/cqlshlib/test/test_cql_parsing.py
2018-07-08 16:21:14 [main] INFO  c.g.n.e.c.p.CassandraStarterTests - Extract /root/.embedded-cassandra/cassandra/3.11.2/apache-cassandra-3.11.2-bin.tar.gz : extract apache-cassandra-3.11.2/pylib/cqlshlib/test/test_cqlsh_commands.py
2018-07-08 16:21:14 [main] INFO  c.g.n.e.c.p.CassandraStarterTests - Extract /root/.embedded-cassandra/cassandra/3.11.2/apache-cassandra-3.11.2-bin.tar.gz : extract apache-cassandra-3.11.2/pylib/cqlshlib/test/test_cqlsh_completion.py
2018-07-08 16:21:14 [main] INFO  c.g.n.e.c.p.CassandraStarterTests - Extract /root/.embedded-cassandra/cassandra/3.11.2/apache-cassandra-3.11.2-bin.tar.gz : extract apache-cassandra-3.11.2/pylib/cqlshlib/test/test_cqlsh_invocation.py
2018-07-08 16:21:14 [main] INFO  c.g.n.e.c.p.CassandraStarterTests - Extract /root/.embedded-cassandra/cassandra/3.11.2/apache-cassandra-3.11.2-bin.tar.gz : extract apache-cassandra-3.11.2/pylib/cqlshlib/test/test_cqlsh_output.py
2018-07-08 16:21:14 [main] INFO  c.g.n.e.c.p.CassandraStarterTests - Extract /root/.embedded-cassandra/cassandra/3.11.2/apache-cassandra-3.11.2-bin.tar.gz : extract apache-cassandra-3.11.2/pylib/cqlshlib/test/test_cqlsh_parsing.py
2018-07-08 16:21:14 [main] INFO  c.g.n.e.c.p.CassandraStarterTests - Extract /root/.embedded-cassandra/cassandra/3.11.2/apache-cassandra-3.11.2-bin.tar.gz : extract apache-cassandra-3.11.2/pylib/cqlshlib/test/test_keyspace_init.cql
2018-07-08 16:21:14 [main] INFO  c.g.n.e.c.p.CassandraStarterTests - Extract /root/.embedded-cassandra/cassandra/3.11.2/apache-cassandra-3.11.2-bin.tar.gz : extract apache-cassandra-3.11.2/pylib/cqlshlib/test/winpty.py
2018-07-08 16:21:14 [main] INFO  c.g.n.e.c.p.CassandraStarterTests - Extract /root/.embedded-cassandra/cassandra/3.11.2/apache-cassandra-3.11.2-bin.tar.gz : extract apache-cassandra-3.11.2/pylib/cqlshlib/tracing.py
2018-07-08 16:21:14 [main] INFO  c.g.n.e.c.p.CassandraStarterTests - Extract /root/.embedded-cassandra/cassandra/3.11.2/apache-cassandra-3.11.2-bin.tar.gz : extract apache-cassandra-3.11.2/pylib/cqlshlib/util.py
2018-07-08 16:21:14 [main] INFO  c.g.n.e.c.p.CassandraStarterTests - Extract /root/.embedded-cassandra/cassandra/3.11.2/apache-cassandra-3.11.2-bin.tar.gz : extract apache-cassandra-3.11.2/pylib/cqlshlib/wcwidth.py
2018-07-08 16:21:14 [main] INFO  c.g.n.e.c.p.CassandraStarterTests - Extract /root/.embedded-cassandra/cassandra/3.11.2/apache-cassandra-3.11.2-bin.tar.gz : extract apache-cassandra-3.11.2/pylib/setup.py
2018-07-08 16:21:14 [main] INFO  c.g.n.e.c.p.CassandraStarterTests - Extract /root/.embedded-cassandra/cassandra/3.11.2/apache-cassandra-3.11.2-bin.tar.gz : extract apache-cassandra-3.11.2/tools/bin/cassandra-stress
2018-07-08 16:21:14 [main] INFO  c.g.n.e.c.p.CassandraStarterTests - Extract /root/.embedded-cassandra/cassandra/3.11.2/apache-cassandra-3.11.2-bin.tar.gz : extract apache-cassandra-3.11.2/tools/bin/cassandra-stress.bat
2018-07-08 16:21:14 [main] INFO  c.g.n.e.c.p.CassandraStarterTests - Extract /root/.embedded-cassandra/cassandra/3.11.2/apache-cassandra-3.11.2-bin.tar.gz : extract apache-cassandra-3.11.2/tools/bin/cassandra-stressd
2018-07-08 16:21:14 [main] INFO  c.g.n.e.c.p.CassandraStarterTests - Extract /root/.embedded-cassandra/cassandra/3.11.2/apache-cassandra-3.11.2-bin.tar.gz : extract apache-cassandra-3.11.2/tools/bin/cassandra.in.bat
2018-07-08 16:21:14 [main] INFO  c.g.n.e.c.p.CassandraStarterTests - Extract /root/.embedded-cassandra/cassandra/3.11.2/apache-cassandra-3.11.2-bin.tar.gz : extract apache-cassandra-3.11.2/tools/bin/cassandra.in.sh
2018-07-08 16:21:14 [main] INFO  c.g.n.e.c.p.CassandraStarterTests - Extract /root/.embedded-cassandra/cassandra/3.11.2/apache-cassandra-3.11.2-bin.tar.gz : extract apache-cassandra-3.11.2/tools/bin/compaction-stress
2018-07-08 16:21:14 [main] INFO  c.g.n.e.c.p.CassandraStarterTests - Extract /root/.embedded-cassandra/cassandra/3.11.2/apache-cassandra-3.11.2-bin.tar.gz : extract apache-cassandra-3.11.2/tools/bin/sstabledump
2018-07-08 16:21:14 [main] INFO  c.g.n.e.c.p.CassandraStarterTests - Extract /root/.embedded-cassandra/cassandra/3.11.2/apache-cassandra-3.11.2-bin.tar.gz : extract apache-cassandra-3.11.2/tools/bin/sstabledump.bat
2018-07-08 16:21:14 [main] INFO  c.g.n.e.c.p.CassandraStarterTests - Extract /root/.embedded-cassandra/cassandra/3.11.2/apache-cassandra-3.11.2-bin.tar.gz : extract apache-cassandra-3.11.2/tools/bin/sstableexpiredblockers
2018-07-08 16:21:14 [main] INFO  c.g.n.e.c.p.CassandraStarterTests - Extract /root/.embedded-cassandra/cassandra/3.11.2/apache-cassandra-3.11.2-bin.tar.gz : extract apache-cassandra-3.11.2/tools/bin/sstableexpiredblockers.bat
2018-07-08 16:21:14 [main] INFO  c.g.n.e.c.p.CassandraStarterTests - Extract /root/.embedded-cassandra/cassandra/3.11.2/apache-cassandra-3.11.2-bin.tar.gz : extract apache-cassandra-3.11.2/tools/bin/sstablelevelreset
2018-07-08 16:21:14 [main] INFO  c.g.n.e.c.p.CassandraStarterTests - Extract /root/.embedded-cassandra/cassandra/3.11.2/apache-cassandra-3.11.2-bin.tar.gz : extract apache-cassandra-3.11.2/tools/bin/sstablelevelreset.bat
2018-07-08 16:21:14 [main] INFO  c.g.n.e.c.p.CassandraStarterTests - Extract /root/.embedded-cassandra/cassandra/3.11.2/apache-cassandra-3.11.2-bin.tar.gz : extract apache-cassandra-3.11.2/tools/bin/sstablemetadata
2018-07-08 16:21:14 [main] INFO  c.g.n.e.c.p.CassandraStarterTests - Extract /root/.embedded-cassandra/cassandra/3.11.2/apache-cassandra-3.11.2-bin.tar.gz : extract apache-cassandra-3.11.2/tools/bin/sstablemetadata.bat
2018-07-08 16:21:14 [main] INFO  c.g.n.e.c.p.CassandraStarterTests - Extract /root/.embedded-cassandra/cassandra/3.11.2/apache-cassandra-3.11.2-bin.tar.gz : extract apache-cassandra-3.11.2/tools/bin/sstableofflinerelevel
2018-07-08 16:21:14 [main] INFO  c.g.n.e.c.p.CassandraStarterTests - Extract /root/.embedded-cassandra/cassandra/3.11.2/apache-cassandra-3.11.2-bin.tar.gz : extract apache-cassandra-3.11.2/tools/bin/sstableofflinerelevel.bat
2018-07-08 16:21:14 [main] INFO  c.g.n.e.c.p.CassandraStarterTests - Extract /root/.embedded-cassandra/cassandra/3.11.2/apache-cassandra-3.11.2-bin.tar.gz : extract apache-cassandra-3.11.2/tools/bin/sstablerepairedset
2018-07-08 16:21:14 [main] INFO  c.g.n.e.c.p.CassandraStarterTests - Extract /root/.embedded-cassandra/cassandra/3.11.2/apache-cassandra-3.11.2-bin.tar.gz : extract apache-cassandra-3.11.2/tools/bin/sstablerepairedset.bat
2018-07-08 16:21:14 [main] INFO  c.g.n.e.c.p.CassandraStarterTests - Extract /root/.embedded-cassandra/cassandra/3.11.2/apache-cassandra-3.11.2-bin.tar.gz : extract apache-cassandra-3.11.2/tools/bin/sstablesplit
2018-07-08 16:21:14 [main] INFO  c.g.n.e.c.p.CassandraStarterTests - Extract /root/.embedded-cassandra/cassandra/3.11.2/apache-cassandra-3.11.2-bin.tar.gz : extract apache-cassandra-3.11.2/tools/bin/sstablesplit.bat
2018-07-08 16:21:14 [main] INFO  c.g.n.e.c.p.CassandraStarterTests - Extract /root/.embedded-cassandra/cassandra/3.11.2/apache-cassandra-3.11.2-bin.tar.gz : extract apache-cassandra-3.11.2/tools/cqlstress-counter-example.yaml
2018-07-08 16:21:14 [main] INFO  c.g.n.e.c.p.CassandraStarterTests - Extract /root/.embedded-cassandra/cassandra/3.11.2/apache-cassandra-3.11.2-bin.tar.gz : extract apache-cassandra-3.11.2/tools/cqlstress-example.yaml
2018-07-08 16:21:14 [main] INFO  c.g.n.e.c.p.CassandraStarterTests - Extract /root/.embedded-cassandra/cassandra/3.11.2/apache-cassandra-3.11.2-bin.tar.gz : extract apache-cassandra-3.11.2/tools/cqlstress-insanity-example.yaml
2018-07-08 16:21:14 [main] INFO  c.g.n.e.c.p.CassandraStarterTests - Extract /root/.embedded-cassandra/cassandra/3.11.2/apache-cassandra-3.11.2-bin.tar.gz : extract apache-cassandra-3.11.2/tools/lib/stress.jar
2018-07-08 16:21:14 [main] INFO  c.g.n.e.c.p.CassandraStarterTests - Extract /root/.embedded-cassandra/cassandra/3.11.2/apache-cassandra-3.11.2-bin.tar.gz : extract apache-cassandra-3.11.2/bin/cassandra.in.sh
2018-07-08 16:21:14 [main] INFO  c.g.n.e.c.p.CassandraStarterTests - Extract /root/.embedded-cassandra/cassandra/3.11.2/apache-cassandra-3.11.2-bin.tar.gz : extract apache-cassandra-3.11.2/bin/cassandra
2018-07-08 16:21:14 [main] INFO  c.g.n.e.c.p.CassandraStarterTests - Extract /root/.embedded-cassandra/cassandra/3.11.2/apache-cassandra-3.11.2-bin.tar.gz : extract apache-cassandra-3.11.2/bin/cassandra.bat
2018-07-08 16:21:14 [main] INFO  c.g.n.e.c.p.CassandraStarterTests - Extract /root/.embedded-cassandra/cassandra/3.11.2/apache-cassandra-3.11.2-bin.tar.gz : extract apache-cassandra-3.11.2/bin/cassandra.in.bat
2018-07-08 16:21:14 [main] INFO  c.g.n.e.c.p.CassandraStarterTests - Extract /root/.embedded-cassandra/cassandra/3.11.2/apache-cassandra-3.11.2-bin.tar.gz : extract apache-cassandra-3.11.2/bin/cqlsh
2018-07-08 16:21:14 [main] INFO  c.g.n.e.c.p.CassandraStarterTests - Extract /root/.embedded-cassandra/cassandra/3.11.2/apache-cassandra-3.11.2-bin.tar.gz : extract apache-cassandra-3.11.2/bin/cqlsh.bat
2018-07-08 16:21:14 [main] INFO  c.g.n.e.c.p.CassandraStarterTests - Extract /root/.embedded-cassandra/cassandra/3.11.2/apache-cassandra-3.11.2-bin.tar.gz : extract apache-cassandra-3.11.2/bin/cqlsh.py
2018-07-08 16:21:14 [main] INFO  c.g.n.e.c.p.CassandraStarterTests - Extract /root/.embedded-cassandra/cassandra/3.11.2/apache-cassandra-3.11.2-bin.tar.gz : extract apache-cassandra-3.11.2/bin/debug-cql
2018-07-08 16:21:14 [main] INFO  c.g.n.e.c.p.CassandraStarterTests - Extract /root/.embedded-cassandra/cassandra/3.11.2/apache-cassandra-3.11.2-bin.tar.gz : extract apache-cassandra-3.11.2/bin/debug-cql.bat
2018-07-08 16:21:14 [main] INFO  c.g.n.e.c.p.CassandraStarterTests - Extract /root/.embedded-cassandra/cassandra/3.11.2/apache-cassandra-3.11.2-bin.tar.gz : extract apache-cassandra-3.11.2/bin/nodetool
2018-07-08 16:21:14 [main] INFO  c.g.n.e.c.p.CassandraStarterTests - Extract /root/.embedded-cassandra/cassandra/3.11.2/apache-cassandra-3.11.2-bin.tar.gz : extract apache-cassandra-3.11.2/bin/nodetool.bat
2018-07-08 16:21:14 [main] INFO  c.g.n.e.c.p.CassandraStarterTests - Extract /root/.embedded-cassandra/cassandra/3.11.2/apache-cassandra-3.11.2-bin.tar.gz : extract apache-cassandra-3.11.2/bin/source-conf.ps1
2018-07-08 16:21:14 [main] INFO  c.g.n.e.c.p.CassandraStarterTests - Extract /root/.embedded-cassandra/cassandra/3.11.2/apache-cassandra-3.11.2-bin.tar.gz : extract apache-cassandra-3.11.2/bin/sstableloader
2018-07-08 16:21:14 [main] INFO  c.g.n.e.c.p.CassandraStarterTests - Extract /root/.embedded-cassandra/cassandra/3.11.2/apache-cassandra-3.11.2-bin.tar.gz : extract apache-cassandra-3.11.2/bin/sstableloader.bat
2018-07-08 16:21:14 [main] INFO  c.g.n.e.c.p.CassandraStarterTests - Extract /root/.embedded-cassandra/cassandra/3.11.2/apache-cassandra-3.11.2-bin.tar.gz : extract apache-cassandra-3.11.2/bin/sstablescrub
2018-07-08 16:21:14 [main] INFO  c.g.n.e.c.p.CassandraStarterTests - Extract /root/.embedded-cassandra/cassandra/3.11.2/apache-cassandra-3.11.2-bin.tar.gz : extract apache-cassandra-3.11.2/bin/sstablescrub.bat
2018-07-08 16:21:14 [main] INFO  c.g.n.e.c.p.CassandraStarterTests - Extract /root/.embedded-cassandra/cassandra/3.11.2/apache-cassandra-3.11.2-bin.tar.gz : extract apache-cassandra-3.11.2/bin/sstableupgrade
2018-07-08 16:21:14 [main] INFO  c.g.n.e.c.p.CassandraStarterTests - Extract /root/.embedded-cassandra/cassandra/3.11.2/apache-cassandra-3.11.2-bin.tar.gz : extract apache-cassandra-3.11.2/bin/sstableupgrade.bat
2018-07-08 16:21:14 [main] INFO  c.g.n.e.c.p.CassandraStarterTests - Extract /root/.embedded-cassandra/cassandra/3.11.2/apache-cassandra-3.11.2-bin.tar.gz : extract apache-cassandra-3.11.2/bin/sstableutil
2018-07-08 16:21:14 [main] INFO  c.g.n.e.c.p.CassandraStarterTests - Extract /root/.embedded-cassandra/cassandra/3.11.2/apache-cassandra-3.11.2-bin.tar.gz : extract apache-cassandra-3.11.2/bin/sstableutil.bat
2018-07-08 16:21:14 [main] INFO  c.g.n.e.c.p.CassandraStarterTests - Extract /root/.embedded-cassandra/cassandra/3.11.2/apache-cassandra-3.11.2-bin.tar.gz : extract apache-cassandra-3.11.2/bin/sstableverify
2018-07-08 16:21:14 [main] INFO  c.g.n.e.c.p.CassandraStarterTests - Extract /root/.embedded-cassandra/cassandra/3.11.2/apache-cassandra-3.11.2-bin.tar.gz : extract apache-cassandra-3.11.2/bin/sstableverify.bat
2018-07-08 16:21:14 [main] INFO  c.g.n.e.c.p.CassandraStarterTests - Extract /root/.embedded-cassandra/cassandra/3.11.2/apache-cassandra-3.11.2-bin.tar.gz : extract apache-cassandra-3.11.2/bin/stop-server
2018-07-08 16:21:14 [main] INFO  c.g.n.e.c.p.CassandraStarterTests - Extract /root/.embedded-cassandra/cassandra/3.11.2/apache-cassandra-3.11.2-bin.tar.gz : extract apache-cassandra-3.11.2/bin/stop-server.bat
2018-07-08 16:21:14 [main] INFO  c.g.n.e.c.p.CassandraStarterTests - Extract /root/.embedded-cassandra/cassandra/3.11.2/apache-cassandra-3.11.2-bin.tar.gz : extract apache-cassandra-3.11.2/bin/stop-server.ps1
2018-07-08 16:21:14 [main] INFO  c.g.n.e.c.p.CassandraStarterTests - Extract /root/.embedded-cassandra/cassandra/3.11.2/apache-cassandra-3.11.2-bin.tar.gz : finished
2018-07-08 16:21:14 [main] INFO  c.g.n.e.c.process.CassandraProcess - Starting the new cassandra server using directory '/tmp/temp--2e14bd17-0a76-4526-b3e3-41739ec7aca0' with arguments [/tmp/temp--2e14bd17-0a76-4526-b3e3-41739ec7aca0/apache-cassandra-3.11.2/bin/cassandra, -f]
2018-07-08 16:21:14 [Thread-23] INFO  c.g.n.e.c.p.CassandraStarterTests - Running Cassandra as root user or group is not recommended - please start Cassandra using a different system user.
2018-07-08 16:21:14 [Thread-23] INFO  c.g.n.e.c.p.CassandraStarterTests - If you really want to force running Cassandra as root, use -R command line option.
2018-07-08 16:21:14 [main] ERROR d.f.e.p.runtime.AbstractProcess - failed to call onAfterProcessStart()
java.io.IOException: Could not start a process.
----------------------
Hmm.. no failure message.. 
...the cause must be somewhere in the process output
----------------------
				Running Cassandra as root user or group is not recommended - please start Cassandra using a different system user.
If you really want to force running Cassandra as root, use -R command line option.

	at com.github.nosan.embedded.cassandra.process.CassandraProcess.onAfterProcessStart(CassandraProcess.java:110)
	at de.flapdoodle.embed.process.runtime.AbstractProcess.<init>(AbstractProcess.java:116)
	at com.github.nosan.embedded.cassandra.process.CassandraProcess.<init>(CassandraProcess.java:61)
	at com.github.nosan.embedded.cassandra.process.CassandraExecutable.start(CassandraExecutable.java:49)
	at com.github.nosan.embedded.cassandra.process.CassandraExecutable.start(CassandraExecutable.java:37)
	at de.flapdoodle.embed.process.runtime.Executable.start(Executable.java:108)
	at com.github.nosan.embedded.cassandra.process.CassandraStarterTests.start(CassandraStarterTests.java:135)
	at com.github.nosan.embedded.cassandra.process.CassandraStarterTests.shouldStartCassandraUsingRpcTransport(CassandraStarterTests.java:105)
	at sun.reflect.NativeMethodAccessorImpl.invoke0(Native Method)
	at sun.reflect.NativeMethodAccessorImpl.invoke(NativeMethodAccessorImpl.java:62)
	at sun.reflect.DelegatingMethodAccessorImpl.invoke(DelegatingMethodAccessorImpl.java:43)
	at java.lang.reflect.Method.invoke(Method.java:498)
	at org.junit.runners.model.FrameworkMethod$1.runReflectiveCall(FrameworkMethod.java:50)
	at org.junit.internal.runners.model.ReflectiveCallable.run(ReflectiveCallable.java:12)
	at org.junit.runners.model.FrameworkMethod.invokeExplosively(FrameworkMethod.java:47)
	at org.junit.internal.runners.statements.InvokeMethod.evaluate(InvokeMethod.java:17)
	at org.junit.rules.ExpectedException$ExpectedExceptionStatement.evaluate(ExpectedException.java:239)
	at org.junit.rules.RunRules.evaluate(RunRules.java:20)
	at org.junit.runners.ParentRunner.runLeaf(ParentRunner.java:325)
	at org.junit.runners.BlockJUnit4ClassRunner.runChild(BlockJUnit4ClassRunner.java:78)
	at org.junit.runners.BlockJUnit4ClassRunner.runChild(BlockJUnit4ClassRunner.java:57)
	at org.junit.runners.ParentRunner$3.run(ParentRunner.java:290)
	at org.junit.runners.ParentRunner$1.schedule(ParentRunner.java:71)
	at org.junit.runners.ParentRunner.runChildren(ParentRunner.java:288)
	at org.junit.runners.ParentRunner.access$000(ParentRunner.java:58)
	at org.junit.runners.ParentRunner$2.evaluate(ParentRunner.java:268)
	at org.junit.runners.ParentRunner.run(ParentRunner.java:363)
	at org.apache.maven.surefire.junit4.JUnit4Provider.execute(JUnit4Provider.java:365)
	at org.apache.maven.surefire.junit4.JUnit4Provider.executeWithRerun(JUnit4Provider.java:273)
	at org.apache.maven.surefire.junit4.JUnit4Provider.executeTestSet(JUnit4Provider.java:238)
	at org.apache.maven.surefire.junit4.JUnit4Provider.invoke(JUnit4Provider.java:159)
	at org.apache.maven.surefire.booter.ForkedBooter.invokeProviderInSameClassLoader(ForkedBooter.java:383)
	at org.apache.maven.surefire.booter.ForkedBooter.runSuitesInProcess(ForkedBooter.java:344)
	at org.apache.maven.surefire.booter.ForkedBooter.execute(ForkedBooter.java:125)
	at org.apache.maven.surefire.booter.ForkedBooter.main(ForkedBooter.java:417)
2018-07-08 16:21:14 [main] INFO  d.f.e.p.runtime.AbstractProcess - construct com.github.nosan.embedded.cassandra.ExecutableConfig@7fb4f2a9
2018-07-08 16:21:14 [main] INFO  c.g.n.e.c.process.CassandraProcess - Cassandra server has been stopped.
]]></system-out>
  </testcase>
  <testcase name="shouldStartCassandraWithDisableRpcAndNativeTransportPorts" classname="com.github.nosan.embedded.cassandra.process.CassandraStarterTests" time="4">
    <failure message="&#10;Expected: (an instance of java.net.ConnectException and exception with message a string containing &quot;Connection refused&quot;)&#10;     but: an instance of java.net.ConnectException &lt;java.io.IOException: Could not start a process.&#10;----------------------&#10;Hmm.. no failure message.. &#10;...the cause must be somewhere in the process output&#10;----------------------&#10;				Running Cassandra as root user or group is not recommended - please start Cassandra using a different system user.&#10;If you really want to force running Cassandra as root, use -R command line option.&#10;&gt; is a java.io.IOException&#10;Stacktrace was: java.io.IOException: Could not start a process.&#10;----------------------&#10;Hmm.. no failure message.. &#10;...the cause must be somewhere in the process output&#10;----------------------&#10;				Running Cassandra as root user or group is not recommended - please start Cassandra using a different system user.&#10;If you really want to force running Cassandra as root, use -R command line option.&#10;&#10;	at com.github.nosan.embedded.cassandra.process.CassandraProcess.onAfterProcessStart(CassandraProcess.java:110)&#10;	at de.flapdoodle.embed.process.runtime.AbstractProcess.&lt;init&gt;(AbstractProcess.java:116)&#10;	at com.github.nosan.embedded.cassandra.process.CassandraProcess.&lt;init&gt;(CassandraProcess.java:61)&#10;	at com.github.nosan.embedded.cassandra.process.CassandraExecutable.start(CassandraExecutable.java:49)&#10;	at com.github.nosan.embedded.cassandra.process.CassandraExecutable.start(CassandraExecutable.java:37)&#10;	at de.flapdoodle.embed.process.runtime.Executable.start(Executable.java:108)&#10;	at com.github.nosan.embedded.cassandra.process.CassandraStarterTests.start(CassandraStarterTests.java:135)&#10;	at com.github.nosan.embedded.cassandra.process.CassandraStarterTests.shouldStartCassandraWithDisableRpcAndNativeTransportPorts(CassandraStarterTests.java:119)&#10;	at sun.reflect.NativeMethodAccessorImpl.invoke0(Native Method)&#10;	at sun.reflect.NativeMethodAccessorImpl.invoke(NativeMethodAccessorImpl.java:62)&#10;	at sun.reflect.DelegatingMethodAccessorImpl.invoke(DelegatingMethodAccessorImpl.java:43)&#10;	at java.lang.reflect.Method.invoke(Method.java:498)&#10;	at org.junit.runners.model.FrameworkMethod$1.runReflectiveCall(FrameworkMethod.java:50)&#10;	at org.junit.internal.runners.model.ReflectiveCallable.run(ReflectiveCallable.java:12)&#10;	at org.junit.runners.model.FrameworkMethod.invokeExplosively(FrameworkMethod.java:47)&#10;	at org.junit.internal.runners.statements.InvokeMethod.evaluate(InvokeMethod.java:17)&#10;	at org.junit.rules.ExpectedException$ExpectedExceptionStatement.evaluate(ExpectedException.java:239)&#10;	at org.junit.rules.RunRules.evaluate(RunRules.java:20)&#10;	at org.junit.runners.ParentRunner.runLeaf(ParentRunner.java:325)&#10;	at org.junit.runners.BlockJUnit4ClassRunner.runChild(BlockJUnit4ClassRunner.java:78)&#10;	at org.junit.runners.BlockJUnit4ClassRunner.runChild(BlockJUnit4ClassRunner.java:57)&#10;	at org.junit.runners.ParentRunner$3.run(ParentRunner.java:290)&#10;	at org.junit.runners.ParentRunner$1.schedule(ParentRunner.java:71)&#10;	at org.junit.runners.ParentRunner.runChildren(ParentRunner.java:288)&#10;	at org.junit.runners.ParentRunner.access$000(ParentRunner.java:58)&#10;	at org.junit.runners.ParentRunner$2.evaluate(ParentRunner.java:268)&#10;	at org.junit.runners.ParentRunner.run(ParentRunner.java:363)&#10;	at org.apache.maven.surefire.junit4.JUnit4Provider.execute(JUnit4Provider.java:365)&#10;	at org.apache.maven.surefire.junit4.JUnit4Provider.executeWithRerun(JUnit4Provider.java:273)&#10;	at org.apache.maven.surefire.junit4.JUnit4Provider.executeTestSet(JUnit4Provider.java:238)&#10;	at org.apache.maven.surefire.junit4.JUnit4Provider.invoke(JUnit4Provider.java:159)&#10;	at org.apache.maven.surefire.booter.ForkedBooter.invokeProviderInSameClassLoader(ForkedBooter.java:383)&#10;	at org.apache.maven.surefire.booter.ForkedBooter.runSuitesInProcess(ForkedBooter.java:344)&#10;	at org.apache.maven.surefire.booter.ForkedBooter.execute(ForkedBooter.java:125)&#10;	at org.apache.maven.surefire.booter.ForkedBooter.main(ForkedBooter.java:417)&#10;" type="java.lang.AssertionError"><![CDATA[java.lang.AssertionError: 

Expected: (an instance of java.net.ConnectException and exception with message a string containing "Connection refused")
     but: an instance of java.net.ConnectException <java.io.IOException: Could not start a process.
----------------------
Hmm.. no failure message.. 
...the cause must be somewhere in the process output
----------------------
				Running Cassandra as root user or group is not recommended - please start Cassandra using a different system user.
If you really want to force running Cassandra as root, use -R command line option.
> is a java.io.IOException
Stacktrace was: java.io.IOException: Could not start a process.
----------------------
Hmm.. no failure message.. 
...the cause must be somewhere in the process output
----------------------
				Running Cassandra as root user or group is not recommended - please start Cassandra using a different system user.
If you really want to force running Cassandra as root, use -R command line option.

	at com.github.nosan.embedded.cassandra.process.CassandraProcess.onAfterProcessStart(CassandraProcess.java:110)
	at de.flapdoodle.embed.process.runtime.AbstractProcess.<init>(AbstractProcess.java:116)
	at com.github.nosan.embedded.cassandra.process.CassandraProcess.<init>(CassandraProcess.java:61)
	at com.github.nosan.embedded.cassandra.process.CassandraExecutable.start(CassandraExecutable.java:49)
	at com.github.nosan.embedded.cassandra.process.CassandraExecutable.start(CassandraExecutable.java:37)
	at de.flapdoodle.embed.process.runtime.Executable.start(Executable.java:108)
	at com.github.nosan.embedded.cassandra.process.CassandraStarterTests.start(CassandraStarterTests.java:135)
	at com.github.nosan.embedded.cassandra.process.CassandraStarterTests.shouldStartCassandraWithDisableRpcAndNativeTransportPorts(CassandraStarterTests.java:119)
	at sun.reflect.NativeMethodAccessorImpl.invoke0(Native Method)
	at sun.reflect.NativeMethodAccessorImpl.invoke(NativeMethodAccessorImpl.java:62)
	at sun.reflect.DelegatingMethodAccessorImpl.invoke(DelegatingMethodAccessorImpl.java:43)
	at java.lang.reflect.Method.invoke(Method.java:498)
	at org.junit.runners.model.FrameworkMethod$1.runReflectiveCall(FrameworkMethod.java:50)
	at org.junit.internal.runners.model.ReflectiveCallable.run(ReflectiveCallable.java:12)
	at org.junit.runners.model.FrameworkMethod.invokeExplosively(FrameworkMethod.java:47)
	at org.junit.internal.runners.statements.InvokeMethod.evaluate(InvokeMethod.java:17)
	at org.junit.rules.ExpectedException$ExpectedExceptionStatement.evaluate(ExpectedException.java:239)
	at org.junit.rules.RunRules.evaluate(RunRules.java:20)
	at org.junit.runners.ParentRunner.runLeaf(ParentRunner.java:325)
	at org.junit.runners.BlockJUnit4ClassRunner.runChild(BlockJUnit4ClassRunner.java:78)
	at org.junit.runners.BlockJUnit4ClassRunner.runChild(BlockJUnit4ClassRunner.java:57)
	at org.junit.runners.ParentRunner$3.run(ParentRunner.java:290)
	at org.junit.runners.ParentRunner$1.schedule(ParentRunner.java:71)
	at org.junit.runners.ParentRunner.runChildren(ParentRunner.java:288)
	at org.junit.runners.ParentRunner.access$000(ParentRunner.java:58)
	at org.junit.runners.ParentRunner$2.evaluate(ParentRunner.java:268)
	at org.junit.runners.ParentRunner.run(ParentRunner.java:363)
	at org.apache.maven.surefire.junit4.JUnit4Provider.execute(JUnit4Provider.java:365)
	at org.apache.maven.surefire.junit4.JUnit4Provider.executeWithRerun(JUnit4Provider.java:273)
	at org.apache.maven.surefire.junit4.JUnit4Provider.executeTestSet(JUnit4Provider.java:238)
	at org.apache.maven.surefire.junit4.JUnit4Provider.invoke(JUnit4Provider.java:159)
	at org.apache.maven.surefire.booter.ForkedBooter.invokeProviderInSameClassLoader(ForkedBooter.java:383)
	at org.apache.maven.surefire.booter.ForkedBooter.runSuitesInProcess(ForkedBooter.java:344)
	at org.apache.maven.surefire.booter.ForkedBooter.execute(ForkedBooter.java:125)
	at org.apache.maven.surefire.booter.ForkedBooter.main(ForkedBooter.java:417)

	at org.hamcrest.MatcherAssert.assertThat(MatcherAssert.java:20)
	at org.junit.Assert.assertThat(Assert.java:956)
	at org.junit.Assert.assertThat(Assert.java:923)
	at org.junit.rules.ExpectedException.handleException(ExpectedException.java:252)
	at org.junit.rules.ExpectedException.access$000(ExpectedException.java:106)
	at org.junit.rules.ExpectedException$ExpectedExceptionStatement.evaluate(ExpectedException.java:241)
	at org.junit.rules.RunRules.evaluate(RunRules.java:20)
	at org.junit.runners.ParentRunner.runLeaf(ParentRunner.java:325)
	at org.junit.runners.BlockJUnit4ClassRunner.runChild(BlockJUnit4ClassRunner.java:78)
	at org.junit.runners.BlockJUnit4ClassRunner.runChild(BlockJUnit4ClassRunner.java:57)
	at org.junit.runners.ParentRunner$3.run(ParentRunner.java:290)
	at org.junit.runners.ParentRunner$1.schedule(ParentRunner.java:71)
	at org.junit.runners.ParentRunner.runChildren(ParentRunner.java:288)
	at org.junit.runners.ParentRunner.access$000(ParentRunner.java:58)
	at org.junit.runners.ParentRunner$2.evaluate(ParentRunner.java:268)
	at org.junit.runners.ParentRunner.run(ParentRunner.java:363)
	at org.apache.maven.surefire.junit4.JUnit4Provider.execute(JUnit4Provider.java:365)
	at org.apache.maven.surefire.junit4.JUnit4Provider.executeWithRerun(JUnit4Provider.java:273)
	at org.apache.maven.surefire.junit4.JUnit4Provider.executeTestSet(JUnit4Provider.java:238)
	at org.apache.maven.surefire.junit4.JUnit4Provider.invoke(JUnit4Provider.java:159)
	at org.apache.maven.surefire.booter.ForkedBooter.invokeProviderInSameClassLoader(ForkedBooter.java:383)
	at org.apache.maven.surefire.booter.ForkedBooter.runSuitesInProcess(ForkedBooter.java:344)
	at org.apache.maven.surefire.booter.ForkedBooter.execute(ForkedBooter.java:125)
	at org.apache.maven.surefire.booter.ForkedBooter.main(ForkedBooter.java:417)
]]></failure>
    <system-out><![CDATA[2018-07-08 16:21:14 [main] INFO  c.g.n.e.c.p.CassandraStarterTests - Extract /root/.embedded-cassandra/cassandra/3.11.2/apache-cassandra-3.11.2-bin.tar.gz : starting...
2018-07-08 16:21:14 [main] INFO  c.g.n.e.c.p.CassandraStarterTests - Extract /root/.embedded-cassandra/cassandra/3.11.2/apache-cassandra-3.11.2-bin.tar.gz : extract apache-cassandra-3.11.2/conf/cassandra-env.ps1
2018-07-08 16:21:14 [main] INFO  c.g.n.e.c.p.CassandraStarterTests - Extract /root/.embedded-cassandra/cassandra/3.11.2/apache-cassandra-3.11.2-bin.tar.gz : extract apache-cassandra-3.11.2/conf/cassandra-env.sh
2018-07-08 16:21:14 [main] INFO  c.g.n.e.c.p.CassandraStarterTests - Extract /root/.embedded-cassandra/cassandra/3.11.2/apache-cassandra-3.11.2-bin.tar.gz : extract apache-cassandra-3.11.2/conf/cassandra-jaas.config
2018-07-08 16:21:14 [main] INFO  c.g.n.e.c.p.CassandraStarterTests - Extract /root/.embedded-cassandra/cassandra/3.11.2/apache-cassandra-3.11.2-bin.tar.gz : extract apache-cassandra-3.11.2/conf/cassandra-rackdc.properties
2018-07-08 16:21:14 [main] INFO  c.g.n.e.c.p.CassandraStarterTests - Extract /root/.embedded-cassandra/cassandra/3.11.2/apache-cassandra-3.11.2-bin.tar.gz : extract apache-cassandra-3.11.2/conf/cassandra-topology.properties
2018-07-08 16:21:14 [main] INFO  c.g.n.e.c.p.CassandraStarterTests - Extract /root/.embedded-cassandra/cassandra/3.11.2/apache-cassandra-3.11.2-bin.tar.gz : extract apache-cassandra-3.11.2/conf/cassandra.yaml
2018-07-08 16:21:14 [main] INFO  c.g.n.e.c.p.CassandraStarterTests - Extract /root/.embedded-cassandra/cassandra/3.11.2/apache-cassandra-3.11.2-bin.tar.gz : extract apache-cassandra-3.11.2/conf/commitlog_archiving.properties
2018-07-08 16:21:14 [main] INFO  c.g.n.e.c.p.CassandraStarterTests - Extract /root/.embedded-cassandra/cassandra/3.11.2/apache-cassandra-3.11.2-bin.tar.gz : extract apache-cassandra-3.11.2/conf/cqlshrc.sample
2018-07-08 16:21:14 [main] INFO  c.g.n.e.c.p.CassandraStarterTests - Extract /root/.embedded-cassandra/cassandra/3.11.2/apache-cassandra-3.11.2-bin.tar.gz : extract apache-cassandra-3.11.2/conf/hotspot_compiler
2018-07-08 16:21:14 [main] INFO  c.g.n.e.c.p.CassandraStarterTests - Extract /root/.embedded-cassandra/cassandra/3.11.2/apache-cassandra-3.11.2-bin.tar.gz : extract apache-cassandra-3.11.2/conf/jvm.options
2018-07-08 16:21:14 [main] INFO  c.g.n.e.c.p.CassandraStarterTests - Extract /root/.embedded-cassandra/cassandra/3.11.2/apache-cassandra-3.11.2-bin.tar.gz : extract apache-cassandra-3.11.2/conf/logback-tools.xml
2018-07-08 16:21:14 [main] INFO  c.g.n.e.c.p.CassandraStarterTests - Extract /root/.embedded-cassandra/cassandra/3.11.2/apache-cassandra-3.11.2-bin.tar.gz : extract apache-cassandra-3.11.2/conf/logback.xml
2018-07-08 16:21:14 [main] INFO  c.g.n.e.c.p.CassandraStarterTests - Extract /root/.embedded-cassandra/cassandra/3.11.2/apache-cassandra-3.11.2-bin.tar.gz : extract apache-cassandra-3.11.2/conf/metrics-reporter-config-sample.yaml
2018-07-08 16:21:14 [main] INFO  c.g.n.e.c.p.CassandraStarterTests - Extract /root/.embedded-cassandra/cassandra/3.11.2/apache-cassandra-3.11.2-bin.tar.gz : extract apache-cassandra-3.11.2/conf/triggers/README.txt
2018-07-08 16:21:14 [main] INFO  c.g.n.e.c.p.CassandraStarterTests - Extract /root/.embedded-cassandra/cassandra/3.11.2/apache-cassandra-3.11.2-bin.tar.gz : extract apache-cassandra-3.11.2/interface/cassandra.thrift
2018-07-08 16:21:17 [main] INFO  c.g.n.e.c.p.CassandraStarterTests - Extract /root/.embedded-cassandra/cassandra/3.11.2/apache-cassandra-3.11.2-bin.tar.gz : extract apache-cassandra-3.11.2/lib/HdrHistogram-2.1.9.jar
2018-07-08 16:21:17 [main] INFO  c.g.n.e.c.p.CassandraStarterTests - Extract /root/.embedded-cassandra/cassandra/3.11.2/apache-cassandra-3.11.2-bin.tar.gz : extract apache-cassandra-3.11.2/lib/ST4-4.0.8.jar
2018-07-08 16:21:17 [main] INFO  c.g.n.e.c.p.CassandraStarterTests - Extract /root/.embedded-cassandra/cassandra/3.11.2/apache-cassandra-3.11.2-bin.tar.gz : extract apache-cassandra-3.11.2/lib/airline-0.6.jar
2018-07-08 16:21:17 [main] INFO  c.g.n.e.c.p.CassandraStarterTests - Extract /root/.embedded-cassandra/cassandra/3.11.2/apache-cassandra-3.11.2-bin.tar.gz : extract apache-cassandra-3.11.2/lib/antlr-runtime-3.5.2.jar
2018-07-08 16:21:17 [main] INFO  c.g.n.e.c.p.CassandraStarterTests - Extract /root/.embedded-cassandra/cassandra/3.11.2/apache-cassandra-3.11.2-bin.tar.gz : extract apache-cassandra-3.11.2/lib/apache-cassandra-3.11.2.jar
2018-07-08 16:21:17 [main] INFO  c.g.n.e.c.p.CassandraStarterTests - Extract /root/.embedded-cassandra/cassandra/3.11.2/apache-cassandra-3.11.2-bin.tar.gz : extract apache-cassandra-3.11.2/lib/apache-cassandra-thrift-3.11.2.jar
2018-07-08 16:21:17 [main] INFO  c.g.n.e.c.p.CassandraStarterTests - Extract /root/.embedded-cassandra/cassandra/3.11.2/apache-cassandra-3.11.2-bin.tar.gz : extract apache-cassandra-3.11.2/lib/asm-5.0.4.jar
2018-07-08 16:21:17 [main] INFO  c.g.n.e.c.p.CassandraStarterTests - Extract /root/.embedded-cassandra/cassandra/3.11.2/apache-cassandra-3.11.2-bin.tar.gz : extract apache-cassandra-3.11.2/lib/caffeine-2.2.6.jar
2018-07-08 16:21:17 [main] INFO  c.g.n.e.c.p.CassandraStarterTests - Extract /root/.embedded-cassandra/cassandra/3.11.2/apache-cassandra-3.11.2-bin.tar.gz : extract apache-cassandra-3.11.2/lib/cassandra-driver-core-3.0.1-shaded.jar
2018-07-08 16:21:17 [main] INFO  c.g.n.e.c.p.CassandraStarterTests - Extract /root/.embedded-cassandra/cassandra/3.11.2/apache-cassandra-3.11.2-bin.tar.gz : extract apache-cassandra-3.11.2/lib/cassandra-driver-internal-only-3.10.zip
2018-07-08 16:21:17 [main] INFO  c.g.n.e.c.p.CassandraStarterTests - Extract /root/.embedded-cassandra/cassandra/3.11.2/apache-cassandra-3.11.2-bin.tar.gz : extract apache-cassandra-3.11.2/lib/cassandra-driver-internal-only-3.11.0-bb96859b.zip
2018-07-08 16:21:17 [main] INFO  c.g.n.e.c.p.CassandraStarterTests - Extract /root/.embedded-cassandra/cassandra/3.11.2/apache-cassandra-3.11.2-bin.tar.gz : extract apache-cassandra-3.11.2/lib/commons-cli-1.1.jar
2018-07-08 16:21:17 [main] INFO  c.g.n.e.c.p.CassandraStarterTests - Extract /root/.embedded-cassandra/cassandra/3.11.2/apache-cassandra-3.11.2-bin.tar.gz : extract apache-cassandra-3.11.2/lib/commons-codec-1.9.jar
2018-07-08 16:21:17 [main] INFO  c.g.n.e.c.p.CassandraStarterTests - Extract /root/.embedded-cassandra/cassandra/3.11.2/apache-cassandra-3.11.2-bin.tar.gz : extract apache-cassandra-3.11.2/lib/commons-lang3-3.1.jar
2018-07-08 16:21:17 [main] INFO  c.g.n.e.c.p.CassandraStarterTests - Extract /root/.embedded-cassandra/cassandra/3.11.2/apache-cassandra-3.11.2-bin.tar.gz : extract apache-cassandra-3.11.2/lib/commons-math3-3.2.jar
2018-07-08 16:21:17 [main] INFO  c.g.n.e.c.p.CassandraStarterTests - Extract /root/.embedded-cassandra/cassandra/3.11.2/apache-cassandra-3.11.2-bin.tar.gz : extract apache-cassandra-3.11.2/lib/compress-lzf-0.8.4.jar
2018-07-08 16:21:17 [main] INFO  c.g.n.e.c.p.CassandraStarterTests - Extract /root/.embedded-cassandra/cassandra/3.11.2/apache-cassandra-3.11.2-bin.tar.gz : extract apache-cassandra-3.11.2/lib/concurrent-trees-2.4.0.jar
2018-07-08 16:21:17 [main] INFO  c.g.n.e.c.p.CassandraStarterTests - Extract /root/.embedded-cassandra/cassandra/3.11.2/apache-cassandra-3.11.2-bin.tar.gz : extract apache-cassandra-3.11.2/lib/concurrentlinkedhashmap-lru-1.4.jar
2018-07-08 16:21:17 [main] INFO  c.g.n.e.c.p.CassandraStarterTests - Extract /root/.embedded-cassandra/cassandra/3.11.2/apache-cassandra-3.11.2-bin.tar.gz : extract apache-cassandra-3.11.2/lib/disruptor-3.0.1.jar
2018-07-08 16:21:17 [main] INFO  c.g.n.e.c.p.CassandraStarterTests - Extract /root/.embedded-cassandra/cassandra/3.11.2/apache-cassandra-3.11.2-bin.tar.gz : extract apache-cassandra-3.11.2/lib/ecj-4.4.2.jar
2018-07-08 16:21:17 [main] INFO  c.g.n.e.c.p.CassandraStarterTests - Extract /root/.embedded-cassandra/cassandra/3.11.2/apache-cassandra-3.11.2-bin.tar.gz : extract apache-cassandra-3.11.2/lib/futures-2.1.6-py2.py3-none-any.zip
2018-07-08 16:21:17 [main] INFO  c.g.n.e.c.p.CassandraStarterTests - Extract /root/.embedded-cassandra/cassandra/3.11.2/apache-cassandra-3.11.2-bin.tar.gz : extract apache-cassandra-3.11.2/lib/guava-18.0.jar
2018-07-08 16:21:17 [main] INFO  c.g.n.e.c.p.CassandraStarterTests - Extract /root/.embedded-cassandra/cassandra/3.11.2/apache-cassandra-3.11.2-bin.tar.gz : extract apache-cassandra-3.11.2/lib/high-scale-lib-1.0.6.jar
2018-07-08 16:21:17 [main] INFO  c.g.n.e.c.p.CassandraStarterTests - Extract /root/.embedded-cassandra/cassandra/3.11.2/apache-cassandra-3.11.2-bin.tar.gz : extract apache-cassandra-3.11.2/lib/hppc-0.5.4.jar
2018-07-08 16:21:17 [main] INFO  c.g.n.e.c.p.CassandraStarterTests - Extract /root/.embedded-cassandra/cassandra/3.11.2/apache-cassandra-3.11.2-bin.tar.gz : extract apache-cassandra-3.11.2/lib/jackson-core-asl-1.9.13.jar
2018-07-08 16:21:17 [main] INFO  c.g.n.e.c.p.CassandraStarterTests - Extract /root/.embedded-cassandra/cassandra/3.11.2/apache-cassandra-3.11.2-bin.tar.gz : extract apache-cassandra-3.11.2/lib/jackson-mapper-asl-1.9.13.jar
2018-07-08 16:21:17 [main] INFO  c.g.n.e.c.p.CassandraStarterTests - Extract /root/.embedded-cassandra/cassandra/3.11.2/apache-cassandra-3.11.2-bin.tar.gz : extract apache-cassandra-3.11.2/lib/jamm-0.3.0.jar
2018-07-08 16:21:17 [main] INFO  c.g.n.e.c.p.CassandraStarterTests - Extract /root/.embedded-cassandra/cassandra/3.11.2/apache-cassandra-3.11.2-bin.tar.gz : extract apache-cassandra-3.11.2/lib/javax.inject.jar
2018-07-08 16:21:17 [main] INFO  c.g.n.e.c.p.CassandraStarterTests - Extract /root/.embedded-cassandra/cassandra/3.11.2/apache-cassandra-3.11.2-bin.tar.gz : extract apache-cassandra-3.11.2/lib/jbcrypt-0.3m.jar
2018-07-08 16:21:17 [main] INFO  c.g.n.e.c.p.CassandraStarterTests - Extract /root/.embedded-cassandra/cassandra/3.11.2/apache-cassandra-3.11.2-bin.tar.gz : extract apache-cassandra-3.11.2/lib/jcl-over-slf4j-1.7.7.jar
2018-07-08 16:21:17 [main] INFO  c.g.n.e.c.p.CassandraStarterTests - Extract /root/.embedded-cassandra/cassandra/3.11.2/apache-cassandra-3.11.2-bin.tar.gz : extract apache-cassandra-3.11.2/lib/jctools-core-1.2.1.jar
2018-07-08 16:21:17 [main] INFO  c.g.n.e.c.p.CassandraStarterTests - Extract /root/.embedded-cassandra/cassandra/3.11.2/apache-cassandra-3.11.2-bin.tar.gz : extract apache-cassandra-3.11.2/lib/jflex-1.6.0.jar
2018-07-08 16:21:17 [main] INFO  c.g.n.e.c.p.CassandraStarterTests - Extract /root/.embedded-cassandra/cassandra/3.11.2/apache-cassandra-3.11.2-bin.tar.gz : extract apache-cassandra-3.11.2/lib/jna-4.2.2.jar
2018-07-08 16:21:17 [main] INFO  c.g.n.e.c.p.CassandraStarterTests - Extract /root/.embedded-cassandra/cassandra/3.11.2/apache-cassandra-3.11.2-bin.tar.gz : extract apache-cassandra-3.11.2/lib/joda-time-2.4.jar
2018-07-08 16:21:17 [main] INFO  c.g.n.e.c.p.CassandraStarterTests - Extract /root/.embedded-cassandra/cassandra/3.11.2/apache-cassandra-3.11.2-bin.tar.gz : extract apache-cassandra-3.11.2/lib/json-simple-1.1.jar
2018-07-08 16:21:17 [main] INFO  c.g.n.e.c.p.CassandraStarterTests - Extract /root/.embedded-cassandra/cassandra/3.11.2/apache-cassandra-3.11.2-bin.tar.gz : extract apache-cassandra-3.11.2/lib/jstackjunit-0.0.1.jar
2018-07-08 16:21:17 [main] INFO  c.g.n.e.c.p.CassandraStarterTests - Extract /root/.embedded-cassandra/cassandra/3.11.2/apache-cassandra-3.11.2-bin.tar.gz : extract apache-cassandra-3.11.2/lib/libthrift-0.9.2.jar
2018-07-08 16:21:17 [main] INFO  c.g.n.e.c.p.CassandraStarterTests - Extract /root/.embedded-cassandra/cassandra/3.11.2/apache-cassandra-3.11.2-bin.tar.gz : extract apache-cassandra-3.11.2/lib/log4j-over-slf4j-1.7.7.jar
2018-07-08 16:21:17 [main] INFO  c.g.n.e.c.p.CassandraStarterTests - Extract /root/.embedded-cassandra/cassandra/3.11.2/apache-cassandra-3.11.2-bin.tar.gz : extract apache-cassandra-3.11.2/lib/logback-classic-1.1.3.jar
2018-07-08 16:21:17 [main] INFO  c.g.n.e.c.p.CassandraStarterTests - Extract /root/.embedded-cassandra/cassandra/3.11.2/apache-cassandra-3.11.2-bin.tar.gz : extract apache-cassandra-3.11.2/lib/logback-core-1.1.3.jar
2018-07-08 16:21:17 [main] INFO  c.g.n.e.c.p.CassandraStarterTests - Extract /root/.embedded-cassandra/cassandra/3.11.2/apache-cassandra-3.11.2-bin.tar.gz : extract apache-cassandra-3.11.2/lib/lz4-1.3.0.jar
2018-07-08 16:21:17 [main] INFO  c.g.n.e.c.p.CassandraStarterTests - Extract /root/.embedded-cassandra/cassandra/3.11.2/apache-cassandra-3.11.2-bin.tar.gz : extract apache-cassandra-3.11.2/lib/metrics-core-3.1.0.jar
2018-07-08 16:21:17 [main] INFO  c.g.n.e.c.p.CassandraStarterTests - Extract /root/.embedded-cassandra/cassandra/3.11.2/apache-cassandra-3.11.2-bin.tar.gz : extract apache-cassandra-3.11.2/lib/metrics-jvm-3.1.0.jar
2018-07-08 16:21:17 [main] INFO  c.g.n.e.c.p.CassandraStarterTests - Extract /root/.embedded-cassandra/cassandra/3.11.2/apache-cassandra-3.11.2-bin.tar.gz : extract apache-cassandra-3.11.2/lib/metrics-logback-3.1.0.jar
2018-07-08 16:21:17 [main] INFO  c.g.n.e.c.p.CassandraStarterTests - Extract /root/.embedded-cassandra/cassandra/3.11.2/apache-cassandra-3.11.2-bin.tar.gz : extract apache-cassandra-3.11.2/lib/netty-all-4.0.44.Final.jar
2018-07-08 16:21:17 [main] INFO  c.g.n.e.c.p.CassandraStarterTests - Extract /root/.embedded-cassandra/cassandra/3.11.2/apache-cassandra-3.11.2-bin.tar.gz : extract apache-cassandra-3.11.2/lib/ohc-core-0.4.4.jar
2018-07-08 16:21:17 [main] INFO  c.g.n.e.c.p.CassandraStarterTests - Extract /root/.embedded-cassandra/cassandra/3.11.2/apache-cassandra-3.11.2-bin.tar.gz : extract apache-cassandra-3.11.2/lib/ohc-core-j8-0.4.4.jar
2018-07-08 16:21:17 [main] INFO  c.g.n.e.c.p.CassandraStarterTests - Extract /root/.embedded-cassandra/cassandra/3.11.2/apache-cassandra-3.11.2-bin.tar.gz : extract apache-cassandra-3.11.2/lib/reporter-config-base-3.0.3.jar
2018-07-08 16:21:17 [main] INFO  c.g.n.e.c.p.CassandraStarterTests - Extract /root/.embedded-cassandra/cassandra/3.11.2/apache-cassandra-3.11.2-bin.tar.gz : extract apache-cassandra-3.11.2/lib/reporter-config3-3.0.3.jar
2018-07-08 16:21:17 [main] INFO  c.g.n.e.c.p.CassandraStarterTests - Extract /root/.embedded-cassandra/cassandra/3.11.2/apache-cassandra-3.11.2-bin.tar.gz : extract apache-cassandra-3.11.2/lib/sigar-1.6.4.jar
2018-07-08 16:21:17 [main] INFO  c.g.n.e.c.p.CassandraStarterTests - Extract /root/.embedded-cassandra/cassandra/3.11.2/apache-cassandra-3.11.2-bin.tar.gz : extract apache-cassandra-3.11.2/lib/sigar-bin/libsigar-amd64-freebsd-6.so
2018-07-08 16:21:17 [main] INFO  c.g.n.e.c.p.CassandraStarterTests - Extract /root/.embedded-cassandra/cassandra/3.11.2/apache-cassandra-3.11.2-bin.tar.gz : extract apache-cassandra-3.11.2/lib/sigar-bin/libsigar-amd64-linux.so
2018-07-08 16:21:17 [main] INFO  c.g.n.e.c.p.CassandraStarterTests - Extract /root/.embedded-cassandra/cassandra/3.11.2/apache-cassandra-3.11.2-bin.tar.gz : extract apache-cassandra-3.11.2/lib/sigar-bin/libsigar-amd64-solaris.so
2018-07-08 16:21:17 [main] INFO  c.g.n.e.c.p.CassandraStarterTests - Extract /root/.embedded-cassandra/cassandra/3.11.2/apache-cassandra-3.11.2-bin.tar.gz : extract apache-cassandra-3.11.2/lib/sigar-bin/libsigar-ia64-hpux-11.sl
2018-07-08 16:21:17 [main] INFO  c.g.n.e.c.p.CassandraStarterTests - Extract /root/.embedded-cassandra/cassandra/3.11.2/apache-cassandra-3.11.2-bin.tar.gz : extract apache-cassandra-3.11.2/lib/sigar-bin/libsigar-ia64-linux.so
2018-07-08 16:21:17 [main] INFO  c.g.n.e.c.p.CassandraStarterTests - Extract /root/.embedded-cassandra/cassandra/3.11.2/apache-cassandra-3.11.2-bin.tar.gz : extract apache-cassandra-3.11.2/lib/sigar-bin/libsigar-pa-hpux-11.sl
2018-07-08 16:21:17 [main] INFO  c.g.n.e.c.p.CassandraStarterTests - Extract /root/.embedded-cassandra/cassandra/3.11.2/apache-cassandra-3.11.2-bin.tar.gz : extract apache-cassandra-3.11.2/lib/sigar-bin/libsigar-ppc-aix-5.so
2018-07-08 16:21:17 [main] INFO  c.g.n.e.c.p.CassandraStarterTests - Extract /root/.embedded-cassandra/cassandra/3.11.2/apache-cassandra-3.11.2-bin.tar.gz : extract apache-cassandra-3.11.2/lib/sigar-bin/libsigar-ppc-linux.so
2018-07-08 16:21:17 [main] INFO  c.g.n.e.c.p.CassandraStarterTests - Extract /root/.embedded-cassandra/cassandra/3.11.2/apache-cassandra-3.11.2-bin.tar.gz : extract apache-cassandra-3.11.2/lib/sigar-bin/libsigar-ppc64-aix-5.so
2018-07-08 16:21:17 [main] INFO  c.g.n.e.c.p.CassandraStarterTests - Extract /root/.embedded-cassandra/cassandra/3.11.2/apache-cassandra-3.11.2-bin.tar.gz : extract apache-cassandra-3.11.2/lib/sigar-bin/libsigar-ppc64-linux.so
2018-07-08 16:21:17 [main] INFO  c.g.n.e.c.p.CassandraStarterTests - Extract /root/.embedded-cassandra/cassandra/3.11.2/apache-cassandra-3.11.2-bin.tar.gz : extract apache-cassandra-3.11.2/lib/sigar-bin/libsigar-s390x-linux.so
2018-07-08 16:21:17 [main] INFO  c.g.n.e.c.p.CassandraStarterTests - Extract /root/.embedded-cassandra/cassandra/3.11.2/apache-cassandra-3.11.2-bin.tar.gz : extract apache-cassandra-3.11.2/lib/sigar-bin/libsigar-sparc-solaris.so
2018-07-08 16:21:17 [main] INFO  c.g.n.e.c.p.CassandraStarterTests - Extract /root/.embedded-cassandra/cassandra/3.11.2/apache-cassandra-3.11.2-bin.tar.gz : extract apache-cassandra-3.11.2/lib/sigar-bin/libsigar-sparc64-solaris.so
2018-07-08 16:21:17 [main] INFO  c.g.n.e.c.p.CassandraStarterTests - Extract /root/.embedded-cassandra/cassandra/3.11.2/apache-cassandra-3.11.2-bin.tar.gz : extract apache-cassandra-3.11.2/lib/sigar-bin/libsigar-universal-macosx.dylib
2018-07-08 16:21:17 [main] INFO  c.g.n.e.c.p.CassandraStarterTests - Extract /root/.embedded-cassandra/cassandra/3.11.2/apache-cassandra-3.11.2-bin.tar.gz : extract apache-cassandra-3.11.2/lib/sigar-bin/libsigar-universal64-macosx.dylib
2018-07-08 16:21:17 [main] INFO  c.g.n.e.c.p.CassandraStarterTests - Extract /root/.embedded-cassandra/cassandra/3.11.2/apache-cassandra-3.11.2-bin.tar.gz : extract apache-cassandra-3.11.2/lib/sigar-bin/libsigar-x86-freebsd-5.so
2018-07-08 16:21:17 [main] INFO  c.g.n.e.c.p.CassandraStarterTests - Extract /root/.embedded-cassandra/cassandra/3.11.2/apache-cassandra-3.11.2-bin.tar.gz : extract apache-cassandra-3.11.2/lib/sigar-bin/libsigar-x86-freebsd-6.so
2018-07-08 16:21:17 [main] INFO  c.g.n.e.c.p.CassandraStarterTests - Extract /root/.embedded-cassandra/cassandra/3.11.2/apache-cassandra-3.11.2-bin.tar.gz : extract apache-cassandra-3.11.2/lib/sigar-bin/libsigar-x86-linux.so
2018-07-08 16:21:17 [main] INFO  c.g.n.e.c.p.CassandraStarterTests - Extract /root/.embedded-cassandra/cassandra/3.11.2/apache-cassandra-3.11.2-bin.tar.gz : extract apache-cassandra-3.11.2/lib/sigar-bin/libsigar-x86-solaris.so
2018-07-08 16:21:17 [main] INFO  c.g.n.e.c.p.CassandraStarterTests - Extract /root/.embedded-cassandra/cassandra/3.11.2/apache-cassandra-3.11.2-bin.tar.gz : extract apache-cassandra-3.11.2/lib/sigar-bin/sigar-amd64-winnt.dll
2018-07-08 16:21:17 [main] INFO  c.g.n.e.c.p.CassandraStarterTests - Extract /root/.embedded-cassandra/cassandra/3.11.2/apache-cassandra-3.11.2-bin.tar.gz : extract apache-cassandra-3.11.2/lib/sigar-bin/sigar-x86-winnt.dll
2018-07-08 16:21:17 [main] INFO  c.g.n.e.c.p.CassandraStarterTests - Extract /root/.embedded-cassandra/cassandra/3.11.2/apache-cassandra-3.11.2-bin.tar.gz : extract apache-cassandra-3.11.2/lib/sigar-bin/sigar-x86-winnt.lib
2018-07-08 16:21:17 [main] INFO  c.g.n.e.c.p.CassandraStarterTests - Extract /root/.embedded-cassandra/cassandra/3.11.2/apache-cassandra-3.11.2-bin.tar.gz : extract apache-cassandra-3.11.2/lib/six-1.7.3-py2.py3-none-any.zip
2018-07-08 16:21:17 [main] INFO  c.g.n.e.c.p.CassandraStarterTests - Extract /root/.embedded-cassandra/cassandra/3.11.2/apache-cassandra-3.11.2-bin.tar.gz : extract apache-cassandra-3.11.2/lib/slf4j-api-1.7.7.jar
2018-07-08 16:21:17 [main] INFO  c.g.n.e.c.p.CassandraStarterTests - Extract /root/.embedded-cassandra/cassandra/3.11.2/apache-cassandra-3.11.2-bin.tar.gz : extract apache-cassandra-3.11.2/lib/snakeyaml-1.11.jar
2018-07-08 16:21:17 [main] INFO  c.g.n.e.c.p.CassandraStarterTests - Extract /root/.embedded-cassandra/cassandra/3.11.2/apache-cassandra-3.11.2-bin.tar.gz : extract apache-cassandra-3.11.2/lib/snappy-java-1.1.1.7.jar
2018-07-08 16:21:17 [main] INFO  c.g.n.e.c.p.CassandraStarterTests - Extract /root/.embedded-cassandra/cassandra/3.11.2/apache-cassandra-3.11.2-bin.tar.gz : extract apache-cassandra-3.11.2/lib/snowball-stemmer-1.3.0.581.1.jar
2018-07-08 16:21:17 [main] INFO  c.g.n.e.c.p.CassandraStarterTests - Extract /root/.embedded-cassandra/cassandra/3.11.2/apache-cassandra-3.11.2-bin.tar.gz : extract apache-cassandra-3.11.2/lib/stream-2.5.2.jar
2018-07-08 16:21:17 [main] INFO  c.g.n.e.c.p.CassandraStarterTests - Extract /root/.embedded-cassandra/cassandra/3.11.2/apache-cassandra-3.11.2-bin.tar.gz : extract apache-cassandra-3.11.2/lib/thrift-server-0.3.7.jar
2018-07-08 16:21:17 [main] INFO  c.g.n.e.c.p.CassandraStarterTests - Extract /root/.embedded-cassandra/cassandra/3.11.2/apache-cassandra-3.11.2-bin.tar.gz : extract apache-cassandra-3.11.2/pylib/cqlshlib/__init__.py
2018-07-08 16:21:17 [main] INFO  c.g.n.e.c.p.CassandraStarterTests - Extract /root/.embedded-cassandra/cassandra/3.11.2/apache-cassandra-3.11.2-bin.tar.gz : extract apache-cassandra-3.11.2/pylib/cqlshlib/copyutil.py
2018-07-08 16:21:17 [main] INFO  c.g.n.e.c.p.CassandraStarterTests - Extract /root/.embedded-cassandra/cassandra/3.11.2/apache-cassandra-3.11.2-bin.tar.gz : extract apache-cassandra-3.11.2/pylib/cqlshlib/cql3handling.py
2018-07-08 16:21:17 [main] INFO  c.g.n.e.c.p.CassandraStarterTests - Extract /root/.embedded-cassandra/cassandra/3.11.2/apache-cassandra-3.11.2-bin.tar.gz : extract apache-cassandra-3.11.2/pylib/cqlshlib/cqlhandling.py
2018-07-08 16:21:17 [main] INFO  c.g.n.e.c.p.CassandraStarterTests - Extract /root/.embedded-cassandra/cassandra/3.11.2/apache-cassandra-3.11.2-bin.tar.gz : extract apache-cassandra-3.11.2/pylib/cqlshlib/cqlshhandling.py
2018-07-08 16:21:17 [main] INFO  c.g.n.e.c.p.CassandraStarterTests - Extract /root/.embedded-cassandra/cassandra/3.11.2/apache-cassandra-3.11.2-bin.tar.gz : extract apache-cassandra-3.11.2/pylib/cqlshlib/displaying.py
2018-07-08 16:21:17 [main] INFO  c.g.n.e.c.p.CassandraStarterTests - Extract /root/.embedded-cassandra/cassandra/3.11.2/apache-cassandra-3.11.2-bin.tar.gz : extract apache-cassandra-3.11.2/pylib/cqlshlib/formatting.py
2018-07-08 16:21:17 [main] INFO  c.g.n.e.c.p.CassandraStarterTests - Extract /root/.embedded-cassandra/cassandra/3.11.2/apache-cassandra-3.11.2-bin.tar.gz : extract apache-cassandra-3.11.2/pylib/cqlshlib/helptopics.py
2018-07-08 16:21:17 [main] INFO  c.g.n.e.c.p.CassandraStarterTests - Extract /root/.embedded-cassandra/cassandra/3.11.2/apache-cassandra-3.11.2-bin.tar.gz : extract apache-cassandra-3.11.2/pylib/cqlshlib/pylexotron.py
2018-07-08 16:21:17 [main] INFO  c.g.n.e.c.p.CassandraStarterTests - Extract /root/.embedded-cassandra/cassandra/3.11.2/apache-cassandra-3.11.2-bin.tar.gz : extract apache-cassandra-3.11.2/pylib/cqlshlib/saferscanner.py
2018-07-08 16:21:17 [main] INFO  c.g.n.e.c.p.CassandraStarterTests - Extract /root/.embedded-cassandra/cassandra/3.11.2/apache-cassandra-3.11.2-bin.tar.gz : extract apache-cassandra-3.11.2/pylib/cqlshlib/sslhandling.py
2018-07-08 16:21:17 [main] INFO  c.g.n.e.c.p.CassandraStarterTests - Extract /root/.embedded-cassandra/cassandra/3.11.2/apache-cassandra-3.11.2-bin.tar.gz : extract apache-cassandra-3.11.2/pylib/cqlshlib/test/__init__.py
2018-07-08 16:21:17 [main] INFO  c.g.n.e.c.p.CassandraStarterTests - Extract /root/.embedded-cassandra/cassandra/3.11.2/apache-cassandra-3.11.2-bin.tar.gz : extract apache-cassandra-3.11.2/pylib/cqlshlib/test/ansi_colors.py
2018-07-08 16:21:17 [main] INFO  c.g.n.e.c.p.CassandraStarterTests - Extract /root/.embedded-cassandra/cassandra/3.11.2/apache-cassandra-3.11.2-bin.tar.gz : extract apache-cassandra-3.11.2/pylib/cqlshlib/test/basecase.py
2018-07-08 16:21:17 [main] INFO  c.g.n.e.c.p.CassandraStarterTests - Extract /root/.embedded-cassandra/cassandra/3.11.2/apache-cassandra-3.11.2-bin.tar.gz : extract apache-cassandra-3.11.2/pylib/cqlshlib/test/cassconnect.py
2018-07-08 16:21:17 [main] INFO  c.g.n.e.c.p.CassandraStarterTests - Extract /root/.embedded-cassandra/cassandra/3.11.2/apache-cassandra-3.11.2-bin.tar.gz : extract apache-cassandra-3.11.2/pylib/cqlshlib/test/run_cqlsh.py
2018-07-08 16:21:17 [main] INFO  c.g.n.e.c.p.CassandraStarterTests - Extract /root/.embedded-cassandra/cassandra/3.11.2/apache-cassandra-3.11.2-bin.tar.gz : extract apache-cassandra-3.11.2/pylib/cqlshlib/test/test_cql_parsing.py
2018-07-08 16:21:17 [main] INFO  c.g.n.e.c.p.CassandraStarterTests - Extract /root/.embedded-cassandra/cassandra/3.11.2/apache-cassandra-3.11.2-bin.tar.gz : extract apache-cassandra-3.11.2/pylib/cqlshlib/test/test_cqlsh_commands.py
2018-07-08 16:21:17 [main] INFO  c.g.n.e.c.p.CassandraStarterTests - Extract /root/.embedded-cassandra/cassandra/3.11.2/apache-cassandra-3.11.2-bin.tar.gz : extract apache-cassandra-3.11.2/pylib/cqlshlib/test/test_cqlsh_completion.py
2018-07-08 16:21:17 [main] INFO  c.g.n.e.c.p.CassandraStarterTests - Extract /root/.embedded-cassandra/cassandra/3.11.2/apache-cassandra-3.11.2-bin.tar.gz : extract apache-cassandra-3.11.2/pylib/cqlshlib/test/test_cqlsh_invocation.py
2018-07-08 16:21:17 [main] INFO  c.g.n.e.c.p.CassandraStarterTests - Extract /root/.embedded-cassandra/cassandra/3.11.2/apache-cassandra-3.11.2-bin.tar.gz : extract apache-cassandra-3.11.2/pylib/cqlshlib/test/test_cqlsh_output.py
2018-07-08 16:21:17 [main] INFO  c.g.n.e.c.p.CassandraStarterTests - Extract /root/.embedded-cassandra/cassandra/3.11.2/apache-cassandra-3.11.2-bin.tar.gz : extract apache-cassandra-3.11.2/pylib/cqlshlib/test/test_cqlsh_parsing.py
2018-07-08 16:21:17 [main] INFO  c.g.n.e.c.p.CassandraStarterTests - Extract /root/.embedded-cassandra/cassandra/3.11.2/apache-cassandra-3.11.2-bin.tar.gz : extract apache-cassandra-3.11.2/pylib/cqlshlib/test/test_keyspace_init.cql
2018-07-08 16:21:17 [main] INFO  c.g.n.e.c.p.CassandraStarterTests - Extract /root/.embedded-cassandra/cassandra/3.11.2/apache-cassandra-3.11.2-bin.tar.gz : extract apache-cassandra-3.11.2/pylib/cqlshlib/test/winpty.py
2018-07-08 16:21:17 [main] INFO  c.g.n.e.c.p.CassandraStarterTests - Extract /root/.embedded-cassandra/cassandra/3.11.2/apache-cassandra-3.11.2-bin.tar.gz : extract apache-cassandra-3.11.2/pylib/cqlshlib/tracing.py
2018-07-08 16:21:17 [main] INFO  c.g.n.e.c.p.CassandraStarterTests - Extract /root/.embedded-cassandra/cassandra/3.11.2/apache-cassandra-3.11.2-bin.tar.gz : extract apache-cassandra-3.11.2/pylib/cqlshlib/util.py
2018-07-08 16:21:17 [main] INFO  c.g.n.e.c.p.CassandraStarterTests - Extract /root/.embedded-cassandra/cassandra/3.11.2/apache-cassandra-3.11.2-bin.tar.gz : extract apache-cassandra-3.11.2/pylib/cqlshlib/wcwidth.py
2018-07-08 16:21:17 [main] INFO  c.g.n.e.c.p.CassandraStarterTests - Extract /root/.embedded-cassandra/cassandra/3.11.2/apache-cassandra-3.11.2-bin.tar.gz : extract apache-cassandra-3.11.2/pylib/setup.py
2018-07-08 16:21:17 [main] INFO  c.g.n.e.c.p.CassandraStarterTests - Extract /root/.embedded-cassandra/cassandra/3.11.2/apache-cassandra-3.11.2-bin.tar.gz : extract apache-cassandra-3.11.2/tools/bin/cassandra-stress
2018-07-08 16:21:17 [main] INFO  c.g.n.e.c.p.CassandraStarterTests - Extract /root/.embedded-cassandra/cassandra/3.11.2/apache-cassandra-3.11.2-bin.tar.gz : extract apache-cassandra-3.11.2/tools/bin/cassandra-stress.bat
2018-07-08 16:21:17 [main] INFO  c.g.n.e.c.p.CassandraStarterTests - Extract /root/.embedded-cassandra/cassandra/3.11.2/apache-cassandra-3.11.2-bin.tar.gz : extract apache-cassandra-3.11.2/tools/bin/cassandra-stressd
2018-07-08 16:21:17 [main] INFO  c.g.n.e.c.p.CassandraStarterTests - Extract /root/.embedded-cassandra/cassandra/3.11.2/apache-cassandra-3.11.2-bin.tar.gz : extract apache-cassandra-3.11.2/tools/bin/cassandra.in.bat
2018-07-08 16:21:17 [main] INFO  c.g.n.e.c.p.CassandraStarterTests - Extract /root/.embedded-cassandra/cassandra/3.11.2/apache-cassandra-3.11.2-bin.tar.gz : extract apache-cassandra-3.11.2/tools/bin/cassandra.in.sh
2018-07-08 16:21:17 [main] INFO  c.g.n.e.c.p.CassandraStarterTests - Extract /root/.embedded-cassandra/cassandra/3.11.2/apache-cassandra-3.11.2-bin.tar.gz : extract apache-cassandra-3.11.2/tools/bin/compaction-stress
2018-07-08 16:21:17 [main] INFO  c.g.n.e.c.p.CassandraStarterTests - Extract /root/.embedded-cassandra/cassandra/3.11.2/apache-cassandra-3.11.2-bin.tar.gz : extract apache-cassandra-3.11.2/tools/bin/sstabledump
2018-07-08 16:21:17 [main] INFO  c.g.n.e.c.p.CassandraStarterTests - Extract /root/.embedded-cassandra/cassandra/3.11.2/apache-cassandra-3.11.2-bin.tar.gz : extract apache-cassandra-3.11.2/tools/bin/sstabledump.bat
2018-07-08 16:21:17 [main] INFO  c.g.n.e.c.p.CassandraStarterTests - Extract /root/.embedded-cassandra/cassandra/3.11.2/apache-cassandra-3.11.2-bin.tar.gz : extract apache-cassandra-3.11.2/tools/bin/sstableexpiredblockers
2018-07-08 16:21:17 [main] INFO  c.g.n.e.c.p.CassandraStarterTests - Extract /root/.embedded-cassandra/cassandra/3.11.2/apache-cassandra-3.11.2-bin.tar.gz : extract apache-cassandra-3.11.2/tools/bin/sstableexpiredblockers.bat
2018-07-08 16:21:17 [main] INFO  c.g.n.e.c.p.CassandraStarterTests - Extract /root/.embedded-cassandra/cassandra/3.11.2/apache-cassandra-3.11.2-bin.tar.gz : extract apache-cassandra-3.11.2/tools/bin/sstablelevelreset
2018-07-08 16:21:17 [main] INFO  c.g.n.e.c.p.CassandraStarterTests - Extract /root/.embedded-cassandra/cassandra/3.11.2/apache-cassandra-3.11.2-bin.tar.gz : extract apache-cassandra-3.11.2/tools/bin/sstablelevelreset.bat
2018-07-08 16:21:17 [main] INFO  c.g.n.e.c.p.CassandraStarterTests - Extract /root/.embedded-cassandra/cassandra/3.11.2/apache-cassandra-3.11.2-bin.tar.gz : extract apache-cassandra-3.11.2/tools/bin/sstablemetadata
2018-07-08 16:21:17 [main] INFO  c.g.n.e.c.p.CassandraStarterTests - Extract /root/.embedded-cassandra/cassandra/3.11.2/apache-cassandra-3.11.2-bin.tar.gz : extract apache-cassandra-3.11.2/tools/bin/sstablemetadata.bat
2018-07-08 16:21:17 [main] INFO  c.g.n.e.c.p.CassandraStarterTests - Extract /root/.embedded-cassandra/cassandra/3.11.2/apache-cassandra-3.11.2-bin.tar.gz : extract apache-cassandra-3.11.2/tools/bin/sstableofflinerelevel
2018-07-08 16:21:17 [main] INFO  c.g.n.e.c.p.CassandraStarterTests - Extract /root/.embedded-cassandra/cassandra/3.11.2/apache-cassandra-3.11.2-bin.tar.gz : extract apache-cassandra-3.11.2/tools/bin/sstableofflinerelevel.bat
2018-07-08 16:21:17 [main] INFO  c.g.n.e.c.p.CassandraStarterTests - Extract /root/.embedded-cassandra/cassandra/3.11.2/apache-cassandra-3.11.2-bin.tar.gz : extract apache-cassandra-3.11.2/tools/bin/sstablerepairedset
2018-07-08 16:21:17 [main] INFO  c.g.n.e.c.p.CassandraStarterTests - Extract /root/.embedded-cassandra/cassandra/3.11.2/apache-cassandra-3.11.2-bin.tar.gz : extract apache-cassandra-3.11.2/tools/bin/sstablerepairedset.bat
2018-07-08 16:21:17 [main] INFO  c.g.n.e.c.p.CassandraStarterTests - Extract /root/.embedded-cassandra/cassandra/3.11.2/apache-cassandra-3.11.2-bin.tar.gz : extract apache-cassandra-3.11.2/tools/bin/sstablesplit
2018-07-08 16:21:17 [main] INFO  c.g.n.e.c.p.CassandraStarterTests - Extract /root/.embedded-cassandra/cassandra/3.11.2/apache-cassandra-3.11.2-bin.tar.gz : extract apache-cassandra-3.11.2/tools/bin/sstablesplit.bat
2018-07-08 16:21:17 [main] INFO  c.g.n.e.c.p.CassandraStarterTests - Extract /root/.embedded-cassandra/cassandra/3.11.2/apache-cassandra-3.11.2-bin.tar.gz : extract apache-cassandra-3.11.2/tools/cqlstress-counter-example.yaml
2018-07-08 16:21:17 [main] INFO  c.g.n.e.c.p.CassandraStarterTests - Extract /root/.embedded-cassandra/cassandra/3.11.2/apache-cassandra-3.11.2-bin.tar.gz : extract apache-cassandra-3.11.2/tools/cqlstress-example.yaml
2018-07-08 16:21:17 [main] INFO  c.g.n.e.c.p.CassandraStarterTests - Extract /root/.embedded-cassandra/cassandra/3.11.2/apache-cassandra-3.11.2-bin.tar.gz : extract apache-cassandra-3.11.2/tools/cqlstress-insanity-example.yaml
2018-07-08 16:21:17 [main] INFO  c.g.n.e.c.p.CassandraStarterTests - Extract /root/.embedded-cassandra/cassandra/3.11.2/apache-cassandra-3.11.2-bin.tar.gz : extract apache-cassandra-3.11.2/tools/lib/stress.jar
2018-07-08 16:21:17 [main] INFO  c.g.n.e.c.p.CassandraStarterTests - Extract /root/.embedded-cassandra/cassandra/3.11.2/apache-cassandra-3.11.2-bin.tar.gz : extract apache-cassandra-3.11.2/bin/cassandra.in.sh
2018-07-08 16:21:17 [main] INFO  c.g.n.e.c.p.CassandraStarterTests - Extract /root/.embedded-cassandra/cassandra/3.11.2/apache-cassandra-3.11.2-bin.tar.gz : extract apache-cassandra-3.11.2/bin/cassandra
2018-07-08 16:21:17 [main] INFO  c.g.n.e.c.p.CassandraStarterTests - Extract /root/.embedded-cassandra/cassandra/3.11.2/apache-cassandra-3.11.2-bin.tar.gz : extract apache-cassandra-3.11.2/bin/cassandra.bat
2018-07-08 16:21:17 [main] INFO  c.g.n.e.c.p.CassandraStarterTests - Extract /root/.embedded-cassandra/cassandra/3.11.2/apache-cassandra-3.11.2-bin.tar.gz : extract apache-cassandra-3.11.2/bin/cassandra.in.bat
2018-07-08 16:21:17 [main] INFO  c.g.n.e.c.p.CassandraStarterTests - Extract /root/.embedded-cassandra/cassandra/3.11.2/apache-cassandra-3.11.2-bin.tar.gz : extract apache-cassandra-3.11.2/bin/cqlsh
2018-07-08 16:21:17 [main] INFO  c.g.n.e.c.p.CassandraStarterTests - Extract /root/.embedded-cassandra/cassandra/3.11.2/apache-cassandra-3.11.2-bin.tar.gz : extract apache-cassandra-3.11.2/bin/cqlsh.bat
2018-07-08 16:21:17 [main] INFO  c.g.n.e.c.p.CassandraStarterTests - Extract /root/.embedded-cassandra/cassandra/3.11.2/apache-cassandra-3.11.2-bin.tar.gz : extract apache-cassandra-3.11.2/bin/cqlsh.py
2018-07-08 16:21:17 [main] INFO  c.g.n.e.c.p.CassandraStarterTests - Extract /root/.embedded-cassandra/cassandra/3.11.2/apache-cassandra-3.11.2-bin.tar.gz : extract apache-cassandra-3.11.2/bin/debug-cql
2018-07-08 16:21:17 [main] INFO  c.g.n.e.c.p.CassandraStarterTests - Extract /root/.embedded-cassandra/cassandra/3.11.2/apache-cassandra-3.11.2-bin.tar.gz : extract apache-cassandra-3.11.2/bin/debug-cql.bat
2018-07-08 16:21:17 [main] INFO  c.g.n.e.c.p.CassandraStarterTests - Extract /root/.embedded-cassandra/cassandra/3.11.2/apache-cassandra-3.11.2-bin.tar.gz : extract apache-cassandra-3.11.2/bin/nodetool
2018-07-08 16:21:17 [main] INFO  c.g.n.e.c.p.CassandraStarterTests - Extract /root/.embedded-cassandra/cassandra/3.11.2/apache-cassandra-3.11.2-bin.tar.gz : extract apache-cassandra-3.11.2/bin/nodetool.bat
2018-07-08 16:21:17 [main] INFO  c.g.n.e.c.p.CassandraStarterTests - Extract /root/.embedded-cassandra/cassandra/3.11.2/apache-cassandra-3.11.2-bin.tar.gz : extract apache-cassandra-3.11.2/bin/source-conf.ps1
2018-07-08 16:21:17 [main] INFO  c.g.n.e.c.p.CassandraStarterTests - Extract /root/.embedded-cassandra/cassandra/3.11.2/apache-cassandra-3.11.2-bin.tar.gz : extract apache-cassandra-3.11.2/bin/sstableloader
2018-07-08 16:21:17 [main] INFO  c.g.n.e.c.p.CassandraStarterTests - Extract /root/.embedded-cassandra/cassandra/3.11.2/apache-cassandra-3.11.2-bin.tar.gz : extract apache-cassandra-3.11.2/bin/sstableloader.bat
2018-07-08 16:21:17 [main] INFO  c.g.n.e.c.p.CassandraStarterTests - Extract /root/.embedded-cassandra/cassandra/3.11.2/apache-cassandra-3.11.2-bin.tar.gz : extract apache-cassandra-3.11.2/bin/sstablescrub
2018-07-08 16:21:17 [main] INFO  c.g.n.e.c.p.CassandraStarterTests - Extract /root/.embedded-cassandra/cassandra/3.11.2/apache-cassandra-3.11.2-bin.tar.gz : extract apache-cassandra-3.11.2/bin/sstablescrub.bat
2018-07-08 16:21:17 [main] INFO  c.g.n.e.c.p.CassandraStarterTests - Extract /root/.embedded-cassandra/cassandra/3.11.2/apache-cassandra-3.11.2-bin.tar.gz : extract apache-cassandra-3.11.2/bin/sstableupgrade
2018-07-08 16:21:17 [main] INFO  c.g.n.e.c.p.CassandraStarterTests - Extract /root/.embedded-cassandra/cassandra/3.11.2/apache-cassandra-3.11.2-bin.tar.gz : extract apache-cassandra-3.11.2/bin/sstableupgrade.bat
2018-07-08 16:21:17 [main] INFO  c.g.n.e.c.p.CassandraStarterTests - Extract /root/.embedded-cassandra/cassandra/3.11.2/apache-cassandra-3.11.2-bin.tar.gz : extract apache-cassandra-3.11.2/bin/sstableutil
2018-07-08 16:21:17 [main] INFO  c.g.n.e.c.p.CassandraStarterTests - Extract /root/.embedded-cassandra/cassandra/3.11.2/apache-cassandra-3.11.2-bin.tar.gz : extract apache-cassandra-3.11.2/bin/sstableutil.bat
2018-07-08 16:21:17 [main] INFO  c.g.n.e.c.p.CassandraStarterTests - Extract /root/.embedded-cassandra/cassandra/3.11.2/apache-cassandra-3.11.2-bin.tar.gz : extract apache-cassandra-3.11.2/bin/sstableverify
2018-07-08 16:21:17 [main] INFO  c.g.n.e.c.p.CassandraStarterTests - Extract /root/.embedded-cassandra/cassandra/3.11.2/apache-cassandra-3.11.2-bin.tar.gz : extract apache-cassandra-3.11.2/bin/sstableverify.bat
2018-07-08 16:21:17 [main] INFO  c.g.n.e.c.p.CassandraStarterTests - Extract /root/.embedded-cassandra/cassandra/3.11.2/apache-cassandra-3.11.2-bin.tar.gz : extract apache-cassandra-3.11.2/bin/stop-server
2018-07-08 16:21:17 [main] INFO  c.g.n.e.c.p.CassandraStarterTests - Extract /root/.embedded-cassandra/cassandra/3.11.2/apache-cassandra-3.11.2-bin.tar.gz : extract apache-cassandra-3.11.2/bin/stop-server.bat
2018-07-08 16:21:17 [main] INFO  c.g.n.e.c.p.CassandraStarterTests - Extract /root/.embedded-cassandra/cassandra/3.11.2/apache-cassandra-3.11.2-bin.tar.gz : extract apache-cassandra-3.11.2/bin/stop-server.ps1
2018-07-08 16:21:17 [main] INFO  c.g.n.e.c.p.CassandraStarterTests - Extract /root/.embedded-cassandra/cassandra/3.11.2/apache-cassandra-3.11.2-bin.tar.gz : finished
2018-07-08 16:21:17 [main] INFO  c.g.n.e.c.process.CassandraProcess - Starting the new cassandra server using directory '/tmp/temp--86416719-11ce-470f-833b-46731d32f5ac' with arguments [/tmp/temp--86416719-11ce-470f-833b-46731d32f5ac/apache-cassandra-3.11.2/bin/cassandra, -f]
2018-07-08 16:21:18 [Thread-27] INFO  c.g.n.e.c.p.CassandraStarterTests - Running Cassandra as root user or group is not recommended - please start Cassandra using a different system user.
2018-07-08 16:21:18 [Thread-27] INFO  c.g.n.e.c.p.CassandraStarterTests - If you really want to force running Cassandra as root, use -R command line option.
2018-07-08 16:21:18 [main] ERROR d.f.e.p.runtime.AbstractProcess - failed to call onAfterProcessStart()
java.io.IOException: Could not start a process.
----------------------
Hmm.. no failure message.. 
...the cause must be somewhere in the process output
----------------------
				Running Cassandra as root user or group is not recommended - please start Cassandra using a different system user.
If you really want to force running Cassandra as root, use -R command line option.

	at com.github.nosan.embedded.cassandra.process.CassandraProcess.onAfterProcessStart(CassandraProcess.java:110)
	at de.flapdoodle.embed.process.runtime.AbstractProcess.<init>(AbstractProcess.java:116)
	at com.github.nosan.embedded.cassandra.process.CassandraProcess.<init>(CassandraProcess.java:61)
	at com.github.nosan.embedded.cassandra.process.CassandraExecutable.start(CassandraExecutable.java:49)
	at com.github.nosan.embedded.cassandra.process.CassandraExecutable.start(CassandraExecutable.java:37)
	at de.flapdoodle.embed.process.runtime.Executable.start(Executable.java:108)
	at com.github.nosan.embedded.cassandra.process.CassandraStarterTests.start(CassandraStarterTests.java:135)
	at com.github.nosan.embedded.cassandra.process.CassandraStarterTests.shouldStartCassandraWithDisableRpcAndNativeTransportPorts(CassandraStarterTests.java:119)
	at sun.reflect.NativeMethodAccessorImpl.invoke0(Native Method)
	at sun.reflect.NativeMethodAccessorImpl.invoke(NativeMethodAccessorImpl.java:62)
	at sun.reflect.DelegatingMethodAccessorImpl.invoke(DelegatingMethodAccessorImpl.java:43)
	at java.lang.reflect.Method.invoke(Method.java:498)
	at org.junit.runners.model.FrameworkMethod$1.runReflectiveCall(FrameworkMethod.java:50)
	at org.junit.internal.runners.model.ReflectiveCallable.run(ReflectiveCallable.java:12)
	at org.junit.runners.model.FrameworkMethod.invokeExplosively(FrameworkMethod.java:47)
	at org.junit.internal.runners.statements.InvokeMethod.evaluate(InvokeMethod.java:17)
	at org.junit.rules.ExpectedException$ExpectedExceptionStatement.evaluate(ExpectedException.java:239)
	at org.junit.rules.RunRules.evaluate(RunRules.java:20)
	at org.junit.runners.ParentRunner.runLeaf(ParentRunner.java:325)
	at org.junit.runners.BlockJUnit4ClassRunner.runChild(BlockJUnit4ClassRunner.java:78)
	at org.junit.runners.BlockJUnit4ClassRunner.runChild(BlockJUnit4ClassRunner.java:57)
	at org.junit.runners.ParentRunner$3.run(ParentRunner.java:290)
	at org.junit.runners.ParentRunner$1.schedule(ParentRunner.java:71)
	at org.junit.runners.ParentRunner.runChildren(ParentRunner.java:288)
	at org.junit.runners.ParentRunner.access$000(ParentRunner.java:58)
	at org.junit.runners.ParentRunner$2.evaluate(ParentRunner.java:268)
	at org.junit.runners.ParentRunner.run(ParentRunner.java:363)
	at org.apache.maven.surefire.junit4.JUnit4Provider.execute(JUnit4Provider.java:365)
	at org.apache.maven.surefire.junit4.JUnit4Provider.executeWithRerun(JUnit4Provider.java:273)
	at org.apache.maven.surefire.junit4.JUnit4Provider.executeTestSet(JUnit4Provider.java:238)
	at org.apache.maven.surefire.junit4.JUnit4Provider.invoke(JUnit4Provider.java:159)
	at org.apache.maven.surefire.booter.ForkedBooter.invokeProviderInSameClassLoader(ForkedBooter.java:383)
	at org.apache.maven.surefire.booter.ForkedBooter.runSuitesInProcess(ForkedBooter.java:344)
	at org.apache.maven.surefire.booter.ForkedBooter.execute(ForkedBooter.java:125)
	at org.apache.maven.surefire.booter.ForkedBooter.main(ForkedBooter.java:417)
2018-07-08 16:21:18 [main] INFO  d.f.e.p.runtime.AbstractProcess - construct com.github.nosan.embedded.cassandra.ExecutableConfig@7bf3a5d8
2018-07-08 16:21:18 [main] INFO  d.f.e.process.runtime.ProcessControl - execSuccess: false [kill, -9, 775]
2018-07-08 16:21:18 [main] INFO  c.g.n.e.c.process.CassandraProcess - Cassandra server has been stopped.
]]></system-out>
  </testcase>
  <testcase name="shouldBeRestartedUsingNativeTransportPort" classname="com.github.nosan.embedded.cassandra.process.CassandraStarterTests" time="4.22">
    <error message="Could not start a process.&#10;----------------------&#10;Hmm.. no failure message.. &#10;...the cause must be somewhere in the process output&#10;----------------------&#10;				Running Cassandra as root user or group is not recommended - please start Cassandra using a different system user.&#10;If you really want to force running Cassandra as root, use -R command line option.&#10;" type="java.io.IOException"><![CDATA[java.io.IOException: 
Could not start a process.
----------------------
Hmm.. no failure message.. 
...the cause must be somewhere in the process output
----------------------
				Running Cassandra as root user or group is not recommended - please start Cassandra using a different system user.
If you really want to force running Cassandra as root, use -R command line option.

	at com.github.nosan.embedded.cassandra.process.CassandraProcess.onAfterProcessStart(CassandraProcess.java:110)
	at de.flapdoodle.embed.process.runtime.AbstractProcess.<init>(AbstractProcess.java:116)
	at com.github.nosan.embedded.cassandra.process.CassandraProcess.<init>(CassandraProcess.java:61)
	at com.github.nosan.embedded.cassandra.process.CassandraExecutable.start(CassandraExecutable.java:49)
	at com.github.nosan.embedded.cassandra.process.CassandraExecutable.start(CassandraExecutable.java:37)
	at de.flapdoodle.embed.process.runtime.Executable.start(Executable.java:108)
	at com.github.nosan.embedded.cassandra.process.CassandraStarterTests.start(CassandraStarterTests.java:135)
	at com.github.nosan.embedded.cassandra.process.CassandraStarterTests.start(CassandraStarterTests.java:126)
	at com.github.nosan.embedded.cassandra.process.CassandraStarterTests.shouldBeRestartedUsingNativeTransportPort(CassandraStarterTests.java:71)
	at sun.reflect.NativeMethodAccessorImpl.invoke0(Native Method)
	at sun.reflect.NativeMethodAccessorImpl.invoke(NativeMethodAccessorImpl.java:62)
	at sun.reflect.DelegatingMethodAccessorImpl.invoke(DelegatingMethodAccessorImpl.java:43)
	at java.lang.reflect.Method.invoke(Method.java:498)
	at org.junit.runners.model.FrameworkMethod$1.runReflectiveCall(FrameworkMethod.java:50)
	at org.junit.internal.runners.model.ReflectiveCallable.run(ReflectiveCallable.java:12)
	at org.junit.runners.model.FrameworkMethod.invokeExplosively(FrameworkMethod.java:47)
	at org.junit.internal.runners.statements.InvokeMethod.evaluate(InvokeMethod.java:17)
	at org.junit.rules.ExpectedException$ExpectedExceptionStatement.evaluate(ExpectedException.java:239)
	at org.junit.rules.RunRules.evaluate(RunRules.java:20)
	at org.junit.runners.ParentRunner.runLeaf(ParentRunner.java:325)
	at org.junit.runners.BlockJUnit4ClassRunner.runChild(BlockJUnit4ClassRunner.java:78)
	at org.junit.runners.BlockJUnit4ClassRunner.runChild(BlockJUnit4ClassRunner.java:57)
	at org.junit.runners.ParentRunner$3.run(ParentRunner.java:290)
	at org.junit.runners.ParentRunner$1.schedule(ParentRunner.java:71)
	at org.junit.runners.ParentRunner.runChildren(ParentRunner.java:288)
	at org.junit.runners.ParentRunner.access$000(ParentRunner.java:58)
	at org.junit.runners.ParentRunner$2.evaluate(ParentRunner.java:268)
	at org.junit.runners.ParentRunner.run(ParentRunner.java:363)
	at org.apache.maven.surefire.junit4.JUnit4Provider.execute(JUnit4Provider.java:365)
	at org.apache.maven.surefire.junit4.JUnit4Provider.executeWithRerun(JUnit4Provider.java:273)
	at org.apache.maven.surefire.junit4.JUnit4Provider.executeTestSet(JUnit4Provider.java:238)
	at org.apache.maven.surefire.junit4.JUnit4Provider.invoke(JUnit4Provider.java:159)
	at org.apache.maven.surefire.booter.ForkedBooter.invokeProviderInSameClassLoader(ForkedBooter.java:383)
	at org.apache.maven.surefire.booter.ForkedBooter.runSuitesInProcess(ForkedBooter.java:344)
	at org.apache.maven.surefire.booter.ForkedBooter.execute(ForkedBooter.java:125)
	at org.apache.maven.surefire.booter.ForkedBooter.main(ForkedBooter.java:417)
]]></error>
    <system-out><![CDATA[2018-07-08 16:21:18 [main] INFO  c.g.n.e.c.p.CassandraStarterTests - Extract /root/.embedded-cassandra/cassandra/3.11.2/apache-cassandra-3.11.2-bin.tar.gz : starting...
2018-07-08 16:21:18 [main] INFO  c.g.n.e.c.p.CassandraStarterTests - Extract /root/.embedded-cassandra/cassandra/3.11.2/apache-cassandra-3.11.2-bin.tar.gz : extract apache-cassandra-3.11.2/conf/cassandra-env.ps1
2018-07-08 16:21:18 [main] INFO  c.g.n.e.c.p.CassandraStarterTests - Extract /root/.embedded-cassandra/cassandra/3.11.2/apache-cassandra-3.11.2-bin.tar.gz : extract apache-cassandra-3.11.2/conf/cassandra-env.sh
2018-07-08 16:21:18 [main] INFO  c.g.n.e.c.p.CassandraStarterTests - Extract /root/.embedded-cassandra/cassandra/3.11.2/apache-cassandra-3.11.2-bin.tar.gz : extract apache-cassandra-3.11.2/conf/cassandra-jaas.config
2018-07-08 16:21:18 [main] INFO  c.g.n.e.c.p.CassandraStarterTests - Extract /root/.embedded-cassandra/cassandra/3.11.2/apache-cassandra-3.11.2-bin.tar.gz : extract apache-cassandra-3.11.2/conf/cassandra-rackdc.properties
2018-07-08 16:21:18 [main] INFO  c.g.n.e.c.p.CassandraStarterTests - Extract /root/.embedded-cassandra/cassandra/3.11.2/apache-cassandra-3.11.2-bin.tar.gz : extract apache-cassandra-3.11.2/conf/cassandra-topology.properties
2018-07-08 16:21:18 [main] INFO  c.g.n.e.c.p.CassandraStarterTests - Extract /root/.embedded-cassandra/cassandra/3.11.2/apache-cassandra-3.11.2-bin.tar.gz : extract apache-cassandra-3.11.2/conf/cassandra.yaml
2018-07-08 16:21:18 [main] INFO  c.g.n.e.c.p.CassandraStarterTests - Extract /root/.embedded-cassandra/cassandra/3.11.2/apache-cassandra-3.11.2-bin.tar.gz : extract apache-cassandra-3.11.2/conf/commitlog_archiving.properties
2018-07-08 16:21:18 [main] INFO  c.g.n.e.c.p.CassandraStarterTests - Extract /root/.embedded-cassandra/cassandra/3.11.2/apache-cassandra-3.11.2-bin.tar.gz : extract apache-cassandra-3.11.2/conf/cqlshrc.sample
2018-07-08 16:21:18 [main] INFO  c.g.n.e.c.p.CassandraStarterTests - Extract /root/.embedded-cassandra/cassandra/3.11.2/apache-cassandra-3.11.2-bin.tar.gz : extract apache-cassandra-3.11.2/conf/hotspot_compiler
2018-07-08 16:21:18 [main] INFO  c.g.n.e.c.p.CassandraStarterTests - Extract /root/.embedded-cassandra/cassandra/3.11.2/apache-cassandra-3.11.2-bin.tar.gz : extract apache-cassandra-3.11.2/conf/jvm.options
2018-07-08 16:21:18 [main] INFO  c.g.n.e.c.p.CassandraStarterTests - Extract /root/.embedded-cassandra/cassandra/3.11.2/apache-cassandra-3.11.2-bin.tar.gz : extract apache-cassandra-3.11.2/conf/logback-tools.xml
2018-07-08 16:21:18 [main] INFO  c.g.n.e.c.p.CassandraStarterTests - Extract /root/.embedded-cassandra/cassandra/3.11.2/apache-cassandra-3.11.2-bin.tar.gz : extract apache-cassandra-3.11.2/conf/logback.xml
2018-07-08 16:21:18 [main] INFO  c.g.n.e.c.p.CassandraStarterTests - Extract /root/.embedded-cassandra/cassandra/3.11.2/apache-cassandra-3.11.2-bin.tar.gz : extract apache-cassandra-3.11.2/conf/metrics-reporter-config-sample.yaml
2018-07-08 16:21:18 [main] INFO  c.g.n.e.c.p.CassandraStarterTests - Extract /root/.embedded-cassandra/cassandra/3.11.2/apache-cassandra-3.11.2-bin.tar.gz : extract apache-cassandra-3.11.2/conf/triggers/README.txt
2018-07-08 16:21:18 [main] INFO  c.g.n.e.c.p.CassandraStarterTests - Extract /root/.embedded-cassandra/cassandra/3.11.2/apache-cassandra-3.11.2-bin.tar.gz : extract apache-cassandra-3.11.2/interface/cassandra.thrift
2018-07-08 16:21:21 [main] INFO  c.g.n.e.c.p.CassandraStarterTests - Extract /root/.embedded-cassandra/cassandra/3.11.2/apache-cassandra-3.11.2-bin.tar.gz : extract apache-cassandra-3.11.2/lib/HdrHistogram-2.1.9.jar
2018-07-08 16:21:21 [main] INFO  c.g.n.e.c.p.CassandraStarterTests - Extract /root/.embedded-cassandra/cassandra/3.11.2/apache-cassandra-3.11.2-bin.tar.gz : extract apache-cassandra-3.11.2/lib/ST4-4.0.8.jar
2018-07-08 16:21:21 [main] INFO  c.g.n.e.c.p.CassandraStarterTests - Extract /root/.embedded-cassandra/cassandra/3.11.2/apache-cassandra-3.11.2-bin.tar.gz : extract apache-cassandra-3.11.2/lib/airline-0.6.jar
2018-07-08 16:21:21 [main] INFO  c.g.n.e.c.p.CassandraStarterTests - Extract /root/.embedded-cassandra/cassandra/3.11.2/apache-cassandra-3.11.2-bin.tar.gz : extract apache-cassandra-3.11.2/lib/antlr-runtime-3.5.2.jar
2018-07-08 16:21:21 [main] INFO  c.g.n.e.c.p.CassandraStarterTests - Extract /root/.embedded-cassandra/cassandra/3.11.2/apache-cassandra-3.11.2-bin.tar.gz : extract apache-cassandra-3.11.2/lib/apache-cassandra-3.11.2.jar
2018-07-08 16:21:21 [main] INFO  c.g.n.e.c.p.CassandraStarterTests - Extract /root/.embedded-cassandra/cassandra/3.11.2/apache-cassandra-3.11.2-bin.tar.gz : extract apache-cassandra-3.11.2/lib/apache-cassandra-thrift-3.11.2.jar
2018-07-08 16:21:21 [main] INFO  c.g.n.e.c.p.CassandraStarterTests - Extract /root/.embedded-cassandra/cassandra/3.11.2/apache-cassandra-3.11.2-bin.tar.gz : extract apache-cassandra-3.11.2/lib/asm-5.0.4.jar
2018-07-08 16:21:21 [main] INFO  c.g.n.e.c.p.CassandraStarterTests - Extract /root/.embedded-cassandra/cassandra/3.11.2/apache-cassandra-3.11.2-bin.tar.gz : extract apache-cassandra-3.11.2/lib/caffeine-2.2.6.jar
2018-07-08 16:21:21 [main] INFO  c.g.n.e.c.p.CassandraStarterTests - Extract /root/.embedded-cassandra/cassandra/3.11.2/apache-cassandra-3.11.2-bin.tar.gz : extract apache-cassandra-3.11.2/lib/cassandra-driver-core-3.0.1-shaded.jar
2018-07-08 16:21:21 [main] INFO  c.g.n.e.c.p.CassandraStarterTests - Extract /root/.embedded-cassandra/cassandra/3.11.2/apache-cassandra-3.11.2-bin.tar.gz : extract apache-cassandra-3.11.2/lib/cassandra-driver-internal-only-3.10.zip
2018-07-08 16:21:21 [main] INFO  c.g.n.e.c.p.CassandraStarterTests - Extract /root/.embedded-cassandra/cassandra/3.11.2/apache-cassandra-3.11.2-bin.tar.gz : extract apache-cassandra-3.11.2/lib/cassandra-driver-internal-only-3.11.0-bb96859b.zip
2018-07-08 16:21:21 [main] INFO  c.g.n.e.c.p.CassandraStarterTests - Extract /root/.embedded-cassandra/cassandra/3.11.2/apache-cassandra-3.11.2-bin.tar.gz : extract apache-cassandra-3.11.2/lib/commons-cli-1.1.jar
2018-07-08 16:21:21 [main] INFO  c.g.n.e.c.p.CassandraStarterTests - Extract /root/.embedded-cassandra/cassandra/3.11.2/apache-cassandra-3.11.2-bin.tar.gz : extract apache-cassandra-3.11.2/lib/commons-codec-1.9.jar
2018-07-08 16:21:21 [main] INFO  c.g.n.e.c.p.CassandraStarterTests - Extract /root/.embedded-cassandra/cassandra/3.11.2/apache-cassandra-3.11.2-bin.tar.gz : extract apache-cassandra-3.11.2/lib/commons-lang3-3.1.jar
2018-07-08 16:21:21 [main] INFO  c.g.n.e.c.p.CassandraStarterTests - Extract /root/.embedded-cassandra/cassandra/3.11.2/apache-cassandra-3.11.2-bin.tar.gz : extract apache-cassandra-3.11.2/lib/commons-math3-3.2.jar
2018-07-08 16:21:21 [main] INFO  c.g.n.e.c.p.CassandraStarterTests - Extract /root/.embedded-cassandra/cassandra/3.11.2/apache-cassandra-3.11.2-bin.tar.gz : extract apache-cassandra-3.11.2/lib/compress-lzf-0.8.4.jar
2018-07-08 16:21:21 [main] INFO  c.g.n.e.c.p.CassandraStarterTests - Extract /root/.embedded-cassandra/cassandra/3.11.2/apache-cassandra-3.11.2-bin.tar.gz : extract apache-cassandra-3.11.2/lib/concurrent-trees-2.4.0.jar
2018-07-08 16:21:21 [main] INFO  c.g.n.e.c.p.CassandraStarterTests - Extract /root/.embedded-cassandra/cassandra/3.11.2/apache-cassandra-3.11.2-bin.tar.gz : extract apache-cassandra-3.11.2/lib/concurrentlinkedhashmap-lru-1.4.jar
2018-07-08 16:21:21 [main] INFO  c.g.n.e.c.p.CassandraStarterTests - Extract /root/.embedded-cassandra/cassandra/3.11.2/apache-cassandra-3.11.2-bin.tar.gz : extract apache-cassandra-3.11.2/lib/disruptor-3.0.1.jar
2018-07-08 16:21:21 [main] INFO  c.g.n.e.c.p.CassandraStarterTests - Extract /root/.embedded-cassandra/cassandra/3.11.2/apache-cassandra-3.11.2-bin.tar.gz : extract apache-cassandra-3.11.2/lib/ecj-4.4.2.jar
2018-07-08 16:21:21 [main] INFO  c.g.n.e.c.p.CassandraStarterTests - Extract /root/.embedded-cassandra/cassandra/3.11.2/apache-cassandra-3.11.2-bin.tar.gz : extract apache-cassandra-3.11.2/lib/futures-2.1.6-py2.py3-none-any.zip
2018-07-08 16:21:21 [main] INFO  c.g.n.e.c.p.CassandraStarterTests - Extract /root/.embedded-cassandra/cassandra/3.11.2/apache-cassandra-3.11.2-bin.tar.gz : extract apache-cassandra-3.11.2/lib/guava-18.0.jar
2018-07-08 16:21:21 [main] INFO  c.g.n.e.c.p.CassandraStarterTests - Extract /root/.embedded-cassandra/cassandra/3.11.2/apache-cassandra-3.11.2-bin.tar.gz : extract apache-cassandra-3.11.2/lib/high-scale-lib-1.0.6.jar
2018-07-08 16:21:21 [main] INFO  c.g.n.e.c.p.CassandraStarterTests - Extract /root/.embedded-cassandra/cassandra/3.11.2/apache-cassandra-3.11.2-bin.tar.gz : extract apache-cassandra-3.11.2/lib/hppc-0.5.4.jar
2018-07-08 16:21:21 [main] INFO  c.g.n.e.c.p.CassandraStarterTests - Extract /root/.embedded-cassandra/cassandra/3.11.2/apache-cassandra-3.11.2-bin.tar.gz : extract apache-cassandra-3.11.2/lib/jackson-core-asl-1.9.13.jar
2018-07-08 16:21:21 [main] INFO  c.g.n.e.c.p.CassandraStarterTests - Extract /root/.embedded-cassandra/cassandra/3.11.2/apache-cassandra-3.11.2-bin.tar.gz : extract apache-cassandra-3.11.2/lib/jackson-mapper-asl-1.9.13.jar
2018-07-08 16:21:21 [main] INFO  c.g.n.e.c.p.CassandraStarterTests - Extract /root/.embedded-cassandra/cassandra/3.11.2/apache-cassandra-3.11.2-bin.tar.gz : extract apache-cassandra-3.11.2/lib/jamm-0.3.0.jar
2018-07-08 16:21:21 [main] INFO  c.g.n.e.c.p.CassandraStarterTests - Extract /root/.embedded-cassandra/cassandra/3.11.2/apache-cassandra-3.11.2-bin.tar.gz : extract apache-cassandra-3.11.2/lib/javax.inject.jar
2018-07-08 16:21:21 [main] INFO  c.g.n.e.c.p.CassandraStarterTests - Extract /root/.embedded-cassandra/cassandra/3.11.2/apache-cassandra-3.11.2-bin.tar.gz : extract apache-cassandra-3.11.2/lib/jbcrypt-0.3m.jar
2018-07-08 16:21:21 [main] INFO  c.g.n.e.c.p.CassandraStarterTests - Extract /root/.embedded-cassandra/cassandra/3.11.2/apache-cassandra-3.11.2-bin.tar.gz : extract apache-cassandra-3.11.2/lib/jcl-over-slf4j-1.7.7.jar
2018-07-08 16:21:21 [main] INFO  c.g.n.e.c.p.CassandraStarterTests - Extract /root/.embedded-cassandra/cassandra/3.11.2/apache-cassandra-3.11.2-bin.tar.gz : extract apache-cassandra-3.11.2/lib/jctools-core-1.2.1.jar
2018-07-08 16:21:21 [main] INFO  c.g.n.e.c.p.CassandraStarterTests - Extract /root/.embedded-cassandra/cassandra/3.11.2/apache-cassandra-3.11.2-bin.tar.gz : extract apache-cassandra-3.11.2/lib/jflex-1.6.0.jar
2018-07-08 16:21:21 [main] INFO  c.g.n.e.c.p.CassandraStarterTests - Extract /root/.embedded-cassandra/cassandra/3.11.2/apache-cassandra-3.11.2-bin.tar.gz : extract apache-cassandra-3.11.2/lib/jna-4.2.2.jar
2018-07-08 16:21:21 [main] INFO  c.g.n.e.c.p.CassandraStarterTests - Extract /root/.embedded-cassandra/cassandra/3.11.2/apache-cassandra-3.11.2-bin.tar.gz : extract apache-cassandra-3.11.2/lib/joda-time-2.4.jar
2018-07-08 16:21:21 [main] INFO  c.g.n.e.c.p.CassandraStarterTests - Extract /root/.embedded-cassandra/cassandra/3.11.2/apache-cassandra-3.11.2-bin.tar.gz : extract apache-cassandra-3.11.2/lib/json-simple-1.1.jar
2018-07-08 16:21:21 [main] INFO  c.g.n.e.c.p.CassandraStarterTests - Extract /root/.embedded-cassandra/cassandra/3.11.2/apache-cassandra-3.11.2-bin.tar.gz : extract apache-cassandra-3.11.2/lib/jstackjunit-0.0.1.jar
2018-07-08 16:21:21 [main] INFO  c.g.n.e.c.p.CassandraStarterTests - Extract /root/.embedded-cassandra/cassandra/3.11.2/apache-cassandra-3.11.2-bin.tar.gz : extract apache-cassandra-3.11.2/lib/libthrift-0.9.2.jar
2018-07-08 16:21:21 [main] INFO  c.g.n.e.c.p.CassandraStarterTests - Extract /root/.embedded-cassandra/cassandra/3.11.2/apache-cassandra-3.11.2-bin.tar.gz : extract apache-cassandra-3.11.2/lib/log4j-over-slf4j-1.7.7.jar
2018-07-08 16:21:21 [main] INFO  c.g.n.e.c.p.CassandraStarterTests - Extract /root/.embedded-cassandra/cassandra/3.11.2/apache-cassandra-3.11.2-bin.tar.gz : extract apache-cassandra-3.11.2/lib/logback-classic-1.1.3.jar
2018-07-08 16:21:21 [main] INFO  c.g.n.e.c.p.CassandraStarterTests - Extract /root/.embedded-cassandra/cassandra/3.11.2/apache-cassandra-3.11.2-bin.tar.gz : extract apache-cassandra-3.11.2/lib/logback-core-1.1.3.jar
2018-07-08 16:21:21 [main] INFO  c.g.n.e.c.p.CassandraStarterTests - Extract /root/.embedded-cassandra/cassandra/3.11.2/apache-cassandra-3.11.2-bin.tar.gz : extract apache-cassandra-3.11.2/lib/lz4-1.3.0.jar
2018-07-08 16:21:21 [main] INFO  c.g.n.e.c.p.CassandraStarterTests - Extract /root/.embedded-cassandra/cassandra/3.11.2/apache-cassandra-3.11.2-bin.tar.gz : extract apache-cassandra-3.11.2/lib/metrics-core-3.1.0.jar
2018-07-08 16:21:21 [main] INFO  c.g.n.e.c.p.CassandraStarterTests - Extract /root/.embedded-cassandra/cassandra/3.11.2/apache-cassandra-3.11.2-bin.tar.gz : extract apache-cassandra-3.11.2/lib/metrics-jvm-3.1.0.jar
2018-07-08 16:21:21 [main] INFO  c.g.n.e.c.p.CassandraStarterTests - Extract /root/.embedded-cassandra/cassandra/3.11.2/apache-cassandra-3.11.2-bin.tar.gz : extract apache-cassandra-3.11.2/lib/metrics-logback-3.1.0.jar
2018-07-08 16:21:21 [main] INFO  c.g.n.e.c.p.CassandraStarterTests - Extract /root/.embedded-cassandra/cassandra/3.11.2/apache-cassandra-3.11.2-bin.tar.gz : extract apache-cassandra-3.11.2/lib/netty-all-4.0.44.Final.jar
2018-07-08 16:21:21 [main] INFO  c.g.n.e.c.p.CassandraStarterTests - Extract /root/.embedded-cassandra/cassandra/3.11.2/apache-cassandra-3.11.2-bin.tar.gz : extract apache-cassandra-3.11.2/lib/ohc-core-0.4.4.jar
2018-07-08 16:21:21 [main] INFO  c.g.n.e.c.p.CassandraStarterTests - Extract /root/.embedded-cassandra/cassandra/3.11.2/apache-cassandra-3.11.2-bin.tar.gz : extract apache-cassandra-3.11.2/lib/ohc-core-j8-0.4.4.jar
2018-07-08 16:21:21 [main] INFO  c.g.n.e.c.p.CassandraStarterTests - Extract /root/.embedded-cassandra/cassandra/3.11.2/apache-cassandra-3.11.2-bin.tar.gz : extract apache-cassandra-3.11.2/lib/reporter-config-base-3.0.3.jar
2018-07-08 16:21:21 [main] INFO  c.g.n.e.c.p.CassandraStarterTests - Extract /root/.embedded-cassandra/cassandra/3.11.2/apache-cassandra-3.11.2-bin.tar.gz : extract apache-cassandra-3.11.2/lib/reporter-config3-3.0.3.jar
2018-07-08 16:21:21 [main] INFO  c.g.n.e.c.p.CassandraStarterTests - Extract /root/.embedded-cassandra/cassandra/3.11.2/apache-cassandra-3.11.2-bin.tar.gz : extract apache-cassandra-3.11.2/lib/sigar-1.6.4.jar
2018-07-08 16:21:21 [main] INFO  c.g.n.e.c.p.CassandraStarterTests - Extract /root/.embedded-cassandra/cassandra/3.11.2/apache-cassandra-3.11.2-bin.tar.gz : extract apache-cassandra-3.11.2/lib/sigar-bin/libsigar-amd64-freebsd-6.so
2018-07-08 16:21:21 [main] INFO  c.g.n.e.c.p.CassandraStarterTests - Extract /root/.embedded-cassandra/cassandra/3.11.2/apache-cassandra-3.11.2-bin.tar.gz : extract apache-cassandra-3.11.2/lib/sigar-bin/libsigar-amd64-linux.so
2018-07-08 16:21:21 [main] INFO  c.g.n.e.c.p.CassandraStarterTests - Extract /root/.embedded-cassandra/cassandra/3.11.2/apache-cassandra-3.11.2-bin.tar.gz : extract apache-cassandra-3.11.2/lib/sigar-bin/libsigar-amd64-solaris.so
2018-07-08 16:21:21 [main] INFO  c.g.n.e.c.p.CassandraStarterTests - Extract /root/.embedded-cassandra/cassandra/3.11.2/apache-cassandra-3.11.2-bin.tar.gz : extract apache-cassandra-3.11.2/lib/sigar-bin/libsigar-ia64-hpux-11.sl
2018-07-08 16:21:21 [main] INFO  c.g.n.e.c.p.CassandraStarterTests - Extract /root/.embedded-cassandra/cassandra/3.11.2/apache-cassandra-3.11.2-bin.tar.gz : extract apache-cassandra-3.11.2/lib/sigar-bin/libsigar-ia64-linux.so
2018-07-08 16:21:21 [main] INFO  c.g.n.e.c.p.CassandraStarterTests - Extract /root/.embedded-cassandra/cassandra/3.11.2/apache-cassandra-3.11.2-bin.tar.gz : extract apache-cassandra-3.11.2/lib/sigar-bin/libsigar-pa-hpux-11.sl
2018-07-08 16:21:21 [main] INFO  c.g.n.e.c.p.CassandraStarterTests - Extract /root/.embedded-cassandra/cassandra/3.11.2/apache-cassandra-3.11.2-bin.tar.gz : extract apache-cassandra-3.11.2/lib/sigar-bin/libsigar-ppc-aix-5.so
2018-07-08 16:21:21 [main] INFO  c.g.n.e.c.p.CassandraStarterTests - Extract /root/.embedded-cassandra/cassandra/3.11.2/apache-cassandra-3.11.2-bin.tar.gz : extract apache-cassandra-3.11.2/lib/sigar-bin/libsigar-ppc-linux.so
2018-07-08 16:21:21 [main] INFO  c.g.n.e.c.p.CassandraStarterTests - Extract /root/.embedded-cassandra/cassandra/3.11.2/apache-cassandra-3.11.2-bin.tar.gz : extract apache-cassandra-3.11.2/lib/sigar-bin/libsigar-ppc64-aix-5.so
2018-07-08 16:21:21 [main] INFO  c.g.n.e.c.p.CassandraStarterTests - Extract /root/.embedded-cassandra/cassandra/3.11.2/apache-cassandra-3.11.2-bin.tar.gz : extract apache-cassandra-3.11.2/lib/sigar-bin/libsigar-ppc64-linux.so
2018-07-08 16:21:21 [main] INFO  c.g.n.e.c.p.CassandraStarterTests - Extract /root/.embedded-cassandra/cassandra/3.11.2/apache-cassandra-3.11.2-bin.tar.gz : extract apache-cassandra-3.11.2/lib/sigar-bin/libsigar-s390x-linux.so
2018-07-08 16:21:21 [main] INFO  c.g.n.e.c.p.CassandraStarterTests - Extract /root/.embedded-cassandra/cassandra/3.11.2/apache-cassandra-3.11.2-bin.tar.gz : extract apache-cassandra-3.11.2/lib/sigar-bin/libsigar-sparc-solaris.so
2018-07-08 16:21:21 [main] INFO  c.g.n.e.c.p.CassandraStarterTests - Extract /root/.embedded-cassandra/cassandra/3.11.2/apache-cassandra-3.11.2-bin.tar.gz : extract apache-cassandra-3.11.2/lib/sigar-bin/libsigar-sparc64-solaris.so
2018-07-08 16:21:21 [main] INFO  c.g.n.e.c.p.CassandraStarterTests - Extract /root/.embedded-cassandra/cassandra/3.11.2/apache-cassandra-3.11.2-bin.tar.gz : extract apache-cassandra-3.11.2/lib/sigar-bin/libsigar-universal-macosx.dylib
2018-07-08 16:21:21 [main] INFO  c.g.n.e.c.p.CassandraStarterTests - Extract /root/.embedded-cassandra/cassandra/3.11.2/apache-cassandra-3.11.2-bin.tar.gz : extract apache-cassandra-3.11.2/lib/sigar-bin/libsigar-universal64-macosx.dylib
2018-07-08 16:21:21 [main] INFO  c.g.n.e.c.p.CassandraStarterTests - Extract /root/.embedded-cassandra/cassandra/3.11.2/apache-cassandra-3.11.2-bin.tar.gz : extract apache-cassandra-3.11.2/lib/sigar-bin/libsigar-x86-freebsd-5.so
2018-07-08 16:21:21 [main] INFO  c.g.n.e.c.p.CassandraStarterTests - Extract /root/.embedded-cassandra/cassandra/3.11.2/apache-cassandra-3.11.2-bin.tar.gz : extract apache-cassandra-3.11.2/lib/sigar-bin/libsigar-x86-freebsd-6.so
2018-07-08 16:21:21 [main] INFO  c.g.n.e.c.p.CassandraStarterTests - Extract /root/.embedded-cassandra/cassandra/3.11.2/apache-cassandra-3.11.2-bin.tar.gz : extract apache-cassandra-3.11.2/lib/sigar-bin/libsigar-x86-linux.so
2018-07-08 16:21:21 [main] INFO  c.g.n.e.c.p.CassandraStarterTests - Extract /root/.embedded-cassandra/cassandra/3.11.2/apache-cassandra-3.11.2-bin.tar.gz : extract apache-cassandra-3.11.2/lib/sigar-bin/libsigar-x86-solaris.so
2018-07-08 16:21:21 [main] INFO  c.g.n.e.c.p.CassandraStarterTests - Extract /root/.embedded-cassandra/cassandra/3.11.2/apache-cassandra-3.11.2-bin.tar.gz : extract apache-cassandra-3.11.2/lib/sigar-bin/sigar-amd64-winnt.dll
2018-07-08 16:21:21 [main] INFO  c.g.n.e.c.p.CassandraStarterTests - Extract /root/.embedded-cassandra/cassandra/3.11.2/apache-cassandra-3.11.2-bin.tar.gz : extract apache-cassandra-3.11.2/lib/sigar-bin/sigar-x86-winnt.dll
2018-07-08 16:21:21 [main] INFO  c.g.n.e.c.p.CassandraStarterTests - Extract /root/.embedded-cassandra/cassandra/3.11.2/apache-cassandra-3.11.2-bin.tar.gz : extract apache-cassandra-3.11.2/lib/sigar-bin/sigar-x86-winnt.lib
2018-07-08 16:21:21 [main] INFO  c.g.n.e.c.p.CassandraStarterTests - Extract /root/.embedded-cassandra/cassandra/3.11.2/apache-cassandra-3.11.2-bin.tar.gz : extract apache-cassandra-3.11.2/lib/six-1.7.3-py2.py3-none-any.zip
2018-07-08 16:21:21 [main] INFO  c.g.n.e.c.p.CassandraStarterTests - Extract /root/.embedded-cassandra/cassandra/3.11.2/apache-cassandra-3.11.2-bin.tar.gz : extract apache-cassandra-3.11.2/lib/slf4j-api-1.7.7.jar
2018-07-08 16:21:21 [main] INFO  c.g.n.e.c.p.CassandraStarterTests - Extract /root/.embedded-cassandra/cassandra/3.11.2/apache-cassandra-3.11.2-bin.tar.gz : extract apache-cassandra-3.11.2/lib/snakeyaml-1.11.jar
2018-07-08 16:21:21 [main] INFO  c.g.n.e.c.p.CassandraStarterTests - Extract /root/.embedded-cassandra/cassandra/3.11.2/apache-cassandra-3.11.2-bin.tar.gz : extract apache-cassandra-3.11.2/lib/snappy-java-1.1.1.7.jar
2018-07-08 16:21:21 [main] INFO  c.g.n.e.c.p.CassandraStarterTests - Extract /root/.embedded-cassandra/cassandra/3.11.2/apache-cassandra-3.11.2-bin.tar.gz : extract apache-cassandra-3.11.2/lib/snowball-stemmer-1.3.0.581.1.jar
2018-07-08 16:21:21 [main] INFO  c.g.n.e.c.p.CassandraStarterTests - Extract /root/.embedded-cassandra/cassandra/3.11.2/apache-cassandra-3.11.2-bin.tar.gz : extract apache-cassandra-3.11.2/lib/stream-2.5.2.jar
2018-07-08 16:21:21 [main] INFO  c.g.n.e.c.p.CassandraStarterTests - Extract /root/.embedded-cassandra/cassandra/3.11.2/apache-cassandra-3.11.2-bin.tar.gz : extract apache-cassandra-3.11.2/lib/thrift-server-0.3.7.jar
2018-07-08 16:21:21 [main] INFO  c.g.n.e.c.p.CassandraStarterTests - Extract /root/.embedded-cassandra/cassandra/3.11.2/apache-cassandra-3.11.2-bin.tar.gz : extract apache-cassandra-3.11.2/pylib/cqlshlib/__init__.py
2018-07-08 16:21:21 [main] INFO  c.g.n.e.c.p.CassandraStarterTests - Extract /root/.embedded-cassandra/cassandra/3.11.2/apache-cassandra-3.11.2-bin.tar.gz : extract apache-cassandra-3.11.2/pylib/cqlshlib/copyutil.py
2018-07-08 16:21:21 [main] INFO  c.g.n.e.c.p.CassandraStarterTests - Extract /root/.embedded-cassandra/cassandra/3.11.2/apache-cassandra-3.11.2-bin.tar.gz : extract apache-cassandra-3.11.2/pylib/cqlshlib/cql3handling.py
2018-07-08 16:21:21 [main] INFO  c.g.n.e.c.p.CassandraStarterTests - Extract /root/.embedded-cassandra/cassandra/3.11.2/apache-cassandra-3.11.2-bin.tar.gz : extract apache-cassandra-3.11.2/pylib/cqlshlib/cqlhandling.py
2018-07-08 16:21:21 [main] INFO  c.g.n.e.c.p.CassandraStarterTests - Extract /root/.embedded-cassandra/cassandra/3.11.2/apache-cassandra-3.11.2-bin.tar.gz : extract apache-cassandra-3.11.2/pylib/cqlshlib/cqlshhandling.py
2018-07-08 16:21:21 [main] INFO  c.g.n.e.c.p.CassandraStarterTests - Extract /root/.embedded-cassandra/cassandra/3.11.2/apache-cassandra-3.11.2-bin.tar.gz : extract apache-cassandra-3.11.2/pylib/cqlshlib/displaying.py
2018-07-08 16:21:21 [main] INFO  c.g.n.e.c.p.CassandraStarterTests - Extract /root/.embedded-cassandra/cassandra/3.11.2/apache-cassandra-3.11.2-bin.tar.gz : extract apache-cassandra-3.11.2/pylib/cqlshlib/formatting.py
2018-07-08 16:21:21 [main] INFO  c.g.n.e.c.p.CassandraStarterTests - Extract /root/.embedded-cassandra/cassandra/3.11.2/apache-cassandra-3.11.2-bin.tar.gz : extract apache-cassandra-3.11.2/pylib/cqlshlib/helptopics.py
2018-07-08 16:21:21 [main] INFO  c.g.n.e.c.p.CassandraStarterTests - Extract /root/.embedded-cassandra/cassandra/3.11.2/apache-cassandra-3.11.2-bin.tar.gz : extract apache-cassandra-3.11.2/pylib/cqlshlib/pylexotron.py
2018-07-08 16:21:21 [main] INFO  c.g.n.e.c.p.CassandraStarterTests - Extract /root/.embedded-cassandra/cassandra/3.11.2/apache-cassandra-3.11.2-bin.tar.gz : extract apache-cassandra-3.11.2/pylib/cqlshlib/saferscanner.py
2018-07-08 16:21:21 [main] INFO  c.g.n.e.c.p.CassandraStarterTests - Extract /root/.embedded-cassandra/cassandra/3.11.2/apache-cassandra-3.11.2-bin.tar.gz : extract apache-cassandra-3.11.2/pylib/cqlshlib/sslhandling.py
2018-07-08 16:21:21 [main] INFO  c.g.n.e.c.p.CassandraStarterTests - Extract /root/.embedded-cassandra/cassandra/3.11.2/apache-cassandra-3.11.2-bin.tar.gz : extract apache-cassandra-3.11.2/pylib/cqlshlib/test/__init__.py
2018-07-08 16:21:21 [main] INFO  c.g.n.e.c.p.CassandraStarterTests - Extract /root/.embedded-cassandra/cassandra/3.11.2/apache-cassandra-3.11.2-bin.tar.gz : extract apache-cassandra-3.11.2/pylib/cqlshlib/test/ansi_colors.py
2018-07-08 16:21:21 [main] INFO  c.g.n.e.c.p.CassandraStarterTests - Extract /root/.embedded-cassandra/cassandra/3.11.2/apache-cassandra-3.11.2-bin.tar.gz : extract apache-cassandra-3.11.2/pylib/cqlshlib/test/basecase.py
2018-07-08 16:21:21 [main] INFO  c.g.n.e.c.p.CassandraStarterTests - Extract /root/.embedded-cassandra/cassandra/3.11.2/apache-cassandra-3.11.2-bin.tar.gz : extract apache-cassandra-3.11.2/pylib/cqlshlib/test/cassconnect.py
2018-07-08 16:21:21 [main] INFO  c.g.n.e.c.p.CassandraStarterTests - Extract /root/.embedded-cassandra/cassandra/3.11.2/apache-cassandra-3.11.2-bin.tar.gz : extract apache-cassandra-3.11.2/pylib/cqlshlib/test/run_cqlsh.py
2018-07-08 16:21:21 [main] INFO  c.g.n.e.c.p.CassandraStarterTests - Extract /root/.embedded-cassandra/cassandra/3.11.2/apache-cassandra-3.11.2-bin.tar.gz : extract apache-cassandra-3.11.2/pylib/cqlshlib/test/test_cql_parsing.py
2018-07-08 16:21:21 [main] INFO  c.g.n.e.c.p.CassandraStarterTests - Extract /root/.embedded-cassandra/cassandra/3.11.2/apache-cassandra-3.11.2-bin.tar.gz : extract apache-cassandra-3.11.2/pylib/cqlshlib/test/test_cqlsh_commands.py
2018-07-08 16:21:21 [main] INFO  c.g.n.e.c.p.CassandraStarterTests - Extract /root/.embedded-cassandra/cassandra/3.11.2/apache-cassandra-3.11.2-bin.tar.gz : extract apache-cassandra-3.11.2/pylib/cqlshlib/test/test_cqlsh_completion.py
2018-07-08 16:21:21 [main] INFO  c.g.n.e.c.p.CassandraStarterTests - Extract /root/.embedded-cassandra/cassandra/3.11.2/apache-cassandra-3.11.2-bin.tar.gz : extract apache-cassandra-3.11.2/pylib/cqlshlib/test/test_cqlsh_invocation.py
2018-07-08 16:21:21 [main] INFO  c.g.n.e.c.p.CassandraStarterTests - Extract /root/.embedded-cassandra/cassandra/3.11.2/apache-cassandra-3.11.2-bin.tar.gz : extract apache-cassandra-3.11.2/pylib/cqlshlib/test/test_cqlsh_output.py
2018-07-08 16:21:21 [main] INFO  c.g.n.e.c.p.CassandraStarterTests - Extract /root/.embedded-cassandra/cassandra/3.11.2/apache-cassandra-3.11.2-bin.tar.gz : extract apache-cassandra-3.11.2/pylib/cqlshlib/test/test_cqlsh_parsing.py
2018-07-08 16:21:21 [main] INFO  c.g.n.e.c.p.CassandraStarterTests - Extract /root/.embedded-cassandra/cassandra/3.11.2/apache-cassandra-3.11.2-bin.tar.gz : extract apache-cassandra-3.11.2/pylib/cqlshlib/test/test_keyspace_init.cql
2018-07-08 16:21:21 [main] INFO  c.g.n.e.c.p.CassandraStarterTests - Extract /root/.embedded-cassandra/cassandra/3.11.2/apache-cassandra-3.11.2-bin.tar.gz : extract apache-cassandra-3.11.2/pylib/cqlshlib/test/winpty.py
2018-07-08 16:21:21 [main] INFO  c.g.n.e.c.p.CassandraStarterTests - Extract /root/.embedded-cassandra/cassandra/3.11.2/apache-cassandra-3.11.2-bin.tar.gz : extract apache-cassandra-3.11.2/pylib/cqlshlib/tracing.py
2018-07-08 16:21:21 [main] INFO  c.g.n.e.c.p.CassandraStarterTests - Extract /root/.embedded-cassandra/cassandra/3.11.2/apache-cassandra-3.11.2-bin.tar.gz : extract apache-cassandra-3.11.2/pylib/cqlshlib/util.py
2018-07-08 16:21:21 [main] INFO  c.g.n.e.c.p.CassandraStarterTests - Extract /root/.embedded-cassandra/cassandra/3.11.2/apache-cassandra-3.11.2-bin.tar.gz : extract apache-cassandra-3.11.2/pylib/cqlshlib/wcwidth.py
2018-07-08 16:21:21 [main] INFO  c.g.n.e.c.p.CassandraStarterTests - Extract /root/.embedded-cassandra/cassandra/3.11.2/apache-cassandra-3.11.2-bin.tar.gz : extract apache-cassandra-3.11.2/pylib/setup.py
2018-07-08 16:21:21 [main] INFO  c.g.n.e.c.p.CassandraStarterTests - Extract /root/.embedded-cassandra/cassandra/3.11.2/apache-cassandra-3.11.2-bin.tar.gz : extract apache-cassandra-3.11.2/tools/bin/cassandra-stress
2018-07-08 16:21:21 [main] INFO  c.g.n.e.c.p.CassandraStarterTests - Extract /root/.embedded-cassandra/cassandra/3.11.2/apache-cassandra-3.11.2-bin.tar.gz : extract apache-cassandra-3.11.2/tools/bin/cassandra-stress.bat
2018-07-08 16:21:21 [main] INFO  c.g.n.e.c.p.CassandraStarterTests - Extract /root/.embedded-cassandra/cassandra/3.11.2/apache-cassandra-3.11.2-bin.tar.gz : extract apache-cassandra-3.11.2/tools/bin/cassandra-stressd
2018-07-08 16:21:21 [main] INFO  c.g.n.e.c.p.CassandraStarterTests - Extract /root/.embedded-cassandra/cassandra/3.11.2/apache-cassandra-3.11.2-bin.tar.gz : extract apache-cassandra-3.11.2/tools/bin/cassandra.in.bat
2018-07-08 16:21:21 [main] INFO  c.g.n.e.c.p.CassandraStarterTests - Extract /root/.embedded-cassandra/cassandra/3.11.2/apache-cassandra-3.11.2-bin.tar.gz : extract apache-cassandra-3.11.2/tools/bin/cassandra.in.sh
2018-07-08 16:21:21 [main] INFO  c.g.n.e.c.p.CassandraStarterTests - Extract /root/.embedded-cassandra/cassandra/3.11.2/apache-cassandra-3.11.2-bin.tar.gz : extract apache-cassandra-3.11.2/tools/bin/compaction-stress
2018-07-08 16:21:21 [main] INFO  c.g.n.e.c.p.CassandraStarterTests - Extract /root/.embedded-cassandra/cassandra/3.11.2/apache-cassandra-3.11.2-bin.tar.gz : extract apache-cassandra-3.11.2/tools/bin/sstabledump
2018-07-08 16:21:21 [main] INFO  c.g.n.e.c.p.CassandraStarterTests - Extract /root/.embedded-cassandra/cassandra/3.11.2/apache-cassandra-3.11.2-bin.tar.gz : extract apache-cassandra-3.11.2/tools/bin/sstabledump.bat
2018-07-08 16:21:21 [main] INFO  c.g.n.e.c.p.CassandraStarterTests - Extract /root/.embedded-cassandra/cassandra/3.11.2/apache-cassandra-3.11.2-bin.tar.gz : extract apache-cassandra-3.11.2/tools/bin/sstableexpiredblockers
2018-07-08 16:21:21 [main] INFO  c.g.n.e.c.p.CassandraStarterTests - Extract /root/.embedded-cassandra/cassandra/3.11.2/apache-cassandra-3.11.2-bin.tar.gz : extract apache-cassandra-3.11.2/tools/bin/sstableexpiredblockers.bat
2018-07-08 16:21:21 [main] INFO  c.g.n.e.c.p.CassandraStarterTests - Extract /root/.embedded-cassandra/cassandra/3.11.2/apache-cassandra-3.11.2-bin.tar.gz : extract apache-cassandra-3.11.2/tools/bin/sstablelevelreset
2018-07-08 16:21:21 [main] INFO  c.g.n.e.c.p.CassandraStarterTests - Extract /root/.embedded-cassandra/cassandra/3.11.2/apache-cassandra-3.11.2-bin.tar.gz : extract apache-cassandra-3.11.2/tools/bin/sstablelevelreset.bat
2018-07-08 16:21:21 [main] INFO  c.g.n.e.c.p.CassandraStarterTests - Extract /root/.embedded-cassandra/cassandra/3.11.2/apache-cassandra-3.11.2-bin.tar.gz : extract apache-cassandra-3.11.2/tools/bin/sstablemetadata
2018-07-08 16:21:21 [main] INFO  c.g.n.e.c.p.CassandraStarterTests - Extract /root/.embedded-cassandra/cassandra/3.11.2/apache-cassandra-3.11.2-bin.tar.gz : extract apache-cassandra-3.11.2/tools/bin/sstablemetadata.bat
2018-07-08 16:21:21 [main] INFO  c.g.n.e.c.p.CassandraStarterTests - Extract /root/.embedded-cassandra/cassandra/3.11.2/apache-cassandra-3.11.2-bin.tar.gz : extract apache-cassandra-3.11.2/tools/bin/sstableofflinerelevel
2018-07-08 16:21:21 [main] INFO  c.g.n.e.c.p.CassandraStarterTests - Extract /root/.embedded-cassandra/cassandra/3.11.2/apache-cassandra-3.11.2-bin.tar.gz : extract apache-cassandra-3.11.2/tools/bin/sstableofflinerelevel.bat
2018-07-08 16:21:21 [main] INFO  c.g.n.e.c.p.CassandraStarterTests - Extract /root/.embedded-cassandra/cassandra/3.11.2/apache-cassandra-3.11.2-bin.tar.gz : extract apache-cassandra-3.11.2/tools/bin/sstablerepairedset
2018-07-08 16:21:21 [main] INFO  c.g.n.e.c.p.CassandraStarterTests - Extract /root/.embedded-cassandra/cassandra/3.11.2/apache-cassandra-3.11.2-bin.tar.gz : extract apache-cassandra-3.11.2/tools/bin/sstablerepairedset.bat
2018-07-08 16:21:21 [main] INFO  c.g.n.e.c.p.CassandraStarterTests - Extract /root/.embedded-cassandra/cassandra/3.11.2/apache-cassandra-3.11.2-bin.tar.gz : extract apache-cassandra-3.11.2/tools/bin/sstablesplit
2018-07-08 16:21:21 [main] INFO  c.g.n.e.c.p.CassandraStarterTests - Extract /root/.embedded-cassandra/cassandra/3.11.2/apache-cassandra-3.11.2-bin.tar.gz : extract apache-cassandra-3.11.2/tools/bin/sstablesplit.bat
2018-07-08 16:21:21 [main] INFO  c.g.n.e.c.p.CassandraStarterTests - Extract /root/.embedded-cassandra/cassandra/3.11.2/apache-cassandra-3.11.2-bin.tar.gz : extract apache-cassandra-3.11.2/tools/cqlstress-counter-example.yaml
2018-07-08 16:21:21 [main] INFO  c.g.n.e.c.p.CassandraStarterTests - Extract /root/.embedded-cassandra/cassandra/3.11.2/apache-cassandra-3.11.2-bin.tar.gz : extract apache-cassandra-3.11.2/tools/cqlstress-example.yaml
2018-07-08 16:21:21 [main] INFO  c.g.n.e.c.p.CassandraStarterTests - Extract /root/.embedded-cassandra/cassandra/3.11.2/apache-cassandra-3.11.2-bin.tar.gz : extract apache-cassandra-3.11.2/tools/cqlstress-insanity-example.yaml
2018-07-08 16:21:21 [main] INFO  c.g.n.e.c.p.CassandraStarterTests - Extract /root/.embedded-cassandra/cassandra/3.11.2/apache-cassandra-3.11.2-bin.tar.gz : extract apache-cassandra-3.11.2/tools/lib/stress.jar
2018-07-08 16:21:21 [main] INFO  c.g.n.e.c.p.CassandraStarterTests - Extract /root/.embedded-cassandra/cassandra/3.11.2/apache-cassandra-3.11.2-bin.tar.gz : extract apache-cassandra-3.11.2/bin/cassandra.in.sh
2018-07-08 16:21:21 [main] INFO  c.g.n.e.c.p.CassandraStarterTests - Extract /root/.embedded-cassandra/cassandra/3.11.2/apache-cassandra-3.11.2-bin.tar.gz : extract apache-cassandra-3.11.2/bin/cassandra
2018-07-08 16:21:21 [main] INFO  c.g.n.e.c.p.CassandraStarterTests - Extract /root/.embedded-cassandra/cassandra/3.11.2/apache-cassandra-3.11.2-bin.tar.gz : extract apache-cassandra-3.11.2/bin/cassandra.bat
2018-07-08 16:21:21 [main] INFO  c.g.n.e.c.p.CassandraStarterTests - Extract /root/.embedded-cassandra/cassandra/3.11.2/apache-cassandra-3.11.2-bin.tar.gz : extract apache-cassandra-3.11.2/bin/cassandra.in.bat
2018-07-08 16:21:21 [main] INFO  c.g.n.e.c.p.CassandraStarterTests - Extract /root/.embedded-cassandra/cassandra/3.11.2/apache-cassandra-3.11.2-bin.tar.gz : extract apache-cassandra-3.11.2/bin/cqlsh
2018-07-08 16:21:21 [main] INFO  c.g.n.e.c.p.CassandraStarterTests - Extract /root/.embedded-cassandra/cassandra/3.11.2/apache-cassandra-3.11.2-bin.tar.gz : extract apache-cassandra-3.11.2/bin/cqlsh.bat
2018-07-08 16:21:21 [main] INFO  c.g.n.e.c.p.CassandraStarterTests - Extract /root/.embedded-cassandra/cassandra/3.11.2/apache-cassandra-3.11.2-bin.tar.gz : extract apache-cassandra-3.11.2/bin/cqlsh.py
2018-07-08 16:21:21 [main] INFO  c.g.n.e.c.p.CassandraStarterTests - Extract /root/.embedded-cassandra/cassandra/3.11.2/apache-cassandra-3.11.2-bin.tar.gz : extract apache-cassandra-3.11.2/bin/debug-cql
2018-07-08 16:21:21 [main] INFO  c.g.n.e.c.p.CassandraStarterTests - Extract /root/.embedded-cassandra/cassandra/3.11.2/apache-cassandra-3.11.2-bin.tar.gz : extract apache-cassandra-3.11.2/bin/debug-cql.bat
2018-07-08 16:21:21 [main] INFO  c.g.n.e.c.p.CassandraStarterTests - Extract /root/.embedded-cassandra/cassandra/3.11.2/apache-cassandra-3.11.2-bin.tar.gz : extract apache-cassandra-3.11.2/bin/nodetool
2018-07-08 16:21:21 [main] INFO  c.g.n.e.c.p.CassandraStarterTests - Extract /root/.embedded-cassandra/cassandra/3.11.2/apache-cassandra-3.11.2-bin.tar.gz : extract apache-cassandra-3.11.2/bin/nodetool.bat
2018-07-08 16:21:21 [main] INFO  c.g.n.e.c.p.CassandraStarterTests - Extract /root/.embedded-cassandra/cassandra/3.11.2/apache-cassandra-3.11.2-bin.tar.gz : extract apache-cassandra-3.11.2/bin/source-conf.ps1
2018-07-08 16:21:21 [main] INFO  c.g.n.e.c.p.CassandraStarterTests - Extract /root/.embedded-cassandra/cassandra/3.11.2/apache-cassandra-3.11.2-bin.tar.gz : extract apache-cassandra-3.11.2/bin/sstableloader
2018-07-08 16:21:21 [main] INFO  c.g.n.e.c.p.CassandraStarterTests - Extract /root/.embedded-cassandra/cassandra/3.11.2/apache-cassandra-3.11.2-bin.tar.gz : extract apache-cassandra-3.11.2/bin/sstableloader.bat
2018-07-08 16:21:21 [main] INFO  c.g.n.e.c.p.CassandraStarterTests - Extract /root/.embedded-cassandra/cassandra/3.11.2/apache-cassandra-3.11.2-bin.tar.gz : extract apache-cassandra-3.11.2/bin/sstablescrub
2018-07-08 16:21:21 [main] INFO  c.g.n.e.c.p.CassandraStarterTests - Extract /root/.embedded-cassandra/cassandra/3.11.2/apache-cassandra-3.11.2-bin.tar.gz : extract apache-cassandra-3.11.2/bin/sstablescrub.bat
2018-07-08 16:21:21 [main] INFO  c.g.n.e.c.p.CassandraStarterTests - Extract /root/.embedded-cassandra/cassandra/3.11.2/apache-cassandra-3.11.2-bin.tar.gz : extract apache-cassandra-3.11.2/bin/sstableupgrade
2018-07-08 16:21:21 [main] INFO  c.g.n.e.c.p.CassandraStarterTests - Extract /root/.embedded-cassandra/cassandra/3.11.2/apache-cassandra-3.11.2-bin.tar.gz : extract apache-cassandra-3.11.2/bin/sstableupgrade.bat
2018-07-08 16:21:21 [main] INFO  c.g.n.e.c.p.CassandraStarterTests - Extract /root/.embedded-cassandra/cassandra/3.11.2/apache-cassandra-3.11.2-bin.tar.gz : extract apache-cassandra-3.11.2/bin/sstableutil
2018-07-08 16:21:21 [main] INFO  c.g.n.e.c.p.CassandraStarterTests - Extract /root/.embedded-cassandra/cassandra/3.11.2/apache-cassandra-3.11.2-bin.tar.gz : extract apache-cassandra-3.11.2/bin/sstableutil.bat
2018-07-08 16:21:21 [main] INFO  c.g.n.e.c.p.CassandraStarterTests - Extract /root/.embedded-cassandra/cassandra/3.11.2/apache-cassandra-3.11.2-bin.tar.gz : extract apache-cassandra-3.11.2/bin/sstableverify
2018-07-08 16:21:21 [main] INFO  c.g.n.e.c.p.CassandraStarterTests - Extract /root/.embedded-cassandra/cassandra/3.11.2/apache-cassandra-3.11.2-bin.tar.gz : extract apache-cassandra-3.11.2/bin/sstableverify.bat
2018-07-08 16:21:21 [main] INFO  c.g.n.e.c.p.CassandraStarterTests - Extract /root/.embedded-cassandra/cassandra/3.11.2/apache-cassandra-3.11.2-bin.tar.gz : extract apache-cassandra-3.11.2/bin/stop-server
2018-07-08 16:21:21 [main] INFO  c.g.n.e.c.p.CassandraStarterTests - Extract /root/.embedded-cassandra/cassandra/3.11.2/apache-cassandra-3.11.2-bin.tar.gz : extract apache-cassandra-3.11.2/bin/stop-server.bat
2018-07-08 16:21:21 [main] INFO  c.g.n.e.c.p.CassandraStarterTests - Extract /root/.embedded-cassandra/cassandra/3.11.2/apache-cassandra-3.11.2-bin.tar.gz : extract apache-cassandra-3.11.2/bin/stop-server.ps1
2018-07-08 16:21:21 [main] INFO  c.g.n.e.c.p.CassandraStarterTests - Extract /root/.embedded-cassandra/cassandra/3.11.2/apache-cassandra-3.11.2-bin.tar.gz : finished
2018-07-08 16:21:21 [main] INFO  c.g.n.e.c.process.CassandraProcess - Starting the new cassandra server using directory '/tmp/temp--cbc17953-53bb-47e4-911a-87307b83b12c' with arguments [/tmp/temp--cbc17953-53bb-47e4-911a-87307b83b12c/apache-cassandra-3.11.2/bin/cassandra, -f]
2018-07-08 16:21:22 [Thread-32] INFO  c.g.n.e.c.p.CassandraStarterTests - Running Cassandra as root user or group is not recommended - please start Cassandra using a different system user.
2018-07-08 16:21:22 [Thread-32] INFO  c.g.n.e.c.p.CassandraStarterTests - If you really want to force running Cassandra as root, use -R command line option.
2018-07-08 16:21:22 [main] ERROR d.f.e.p.runtime.AbstractProcess - failed to call onAfterProcessStart()
java.io.IOException: Could not start a process.
----------------------
Hmm.. no failure message.. 
...the cause must be somewhere in the process output
----------------------
				Running Cassandra as root user or group is not recommended - please start Cassandra using a different system user.
If you really want to force running Cassandra as root, use -R command line option.

	at com.github.nosan.embedded.cassandra.process.CassandraProcess.onAfterProcessStart(CassandraProcess.java:110)
	at de.flapdoodle.embed.process.runtime.AbstractProcess.<init>(AbstractProcess.java:116)
	at com.github.nosan.embedded.cassandra.process.CassandraProcess.<init>(CassandraProcess.java:61)
	at com.github.nosan.embedded.cassandra.process.CassandraExecutable.start(CassandraExecutable.java:49)
	at com.github.nosan.embedded.cassandra.process.CassandraExecutable.start(CassandraExecutable.java:37)
	at de.flapdoodle.embed.process.runtime.Executable.start(Executable.java:108)
	at com.github.nosan.embedded.cassandra.process.CassandraStarterTests.start(CassandraStarterTests.java:135)
	at com.github.nosan.embedded.cassandra.process.CassandraStarterTests.start(CassandraStarterTests.java:126)
	at com.github.nosan.embedded.cassandra.process.CassandraStarterTests.shouldBeRestartedUsingNativeTransportPort(CassandraStarterTests.java:71)
	at sun.reflect.NativeMethodAccessorImpl.invoke0(Native Method)
	at sun.reflect.NativeMethodAccessorImpl.invoke(NativeMethodAccessorImpl.java:62)
	at sun.reflect.DelegatingMethodAccessorImpl.invoke(DelegatingMethodAccessorImpl.java:43)
	at java.lang.reflect.Method.invoke(Method.java:498)
	at org.junit.runners.model.FrameworkMethod$1.runReflectiveCall(FrameworkMethod.java:50)
	at org.junit.internal.runners.model.ReflectiveCallable.run(ReflectiveCallable.java:12)
	at org.junit.runners.model.FrameworkMethod.invokeExplosively(FrameworkMethod.java:47)
	at org.junit.internal.runners.statements.InvokeMethod.evaluate(InvokeMethod.java:17)
	at org.junit.rules.ExpectedException$ExpectedExceptionStatement.evaluate(ExpectedException.java:239)
	at org.junit.rules.RunRules.evaluate(RunRules.java:20)
	at org.junit.runners.ParentRunner.runLeaf(ParentRunner.java:325)
	at org.junit.runners.BlockJUnit4ClassRunner.runChild(BlockJUnit4ClassRunner.java:78)
	at org.junit.runners.BlockJUnit4ClassRunner.runChild(BlockJUnit4ClassRunner.java:57)
	at org.junit.runners.ParentRunner$3.run(ParentRunner.java:290)
	at org.junit.runners.ParentRunner$1.schedule(ParentRunner.java:71)
	at org.junit.runners.ParentRunner.runChildren(ParentRunner.java:288)
	at org.junit.runners.ParentRunner.access$000(ParentRunner.java:58)
	at org.junit.runners.ParentRunner$2.evaluate(ParentRunner.java:268)
	at org.junit.runners.ParentRunner.run(ParentRunner.java:363)
	at org.apache.maven.surefire.junit4.JUnit4Provider.execute(JUnit4Provider.java:365)
	at org.apache.maven.surefire.junit4.JUnit4Provider.executeWithRerun(JUnit4Provider.java:273)
	at org.apache.maven.surefire.junit4.JUnit4Provider.executeTestSet(JUnit4Provider.java:238)
	at org.apache.maven.surefire.junit4.JUnit4Provider.invoke(JUnit4Provider.java:159)
	at org.apache.maven.surefire.booter.ForkedBooter.invokeProviderInSameClassLoader(ForkedBooter.java:383)
	at org.apache.maven.surefire.booter.ForkedBooter.runSuitesInProcess(ForkedBooter.java:344)
	at org.apache.maven.surefire.booter.ForkedBooter.execute(ForkedBooter.java:125)
	at org.apache.maven.surefire.booter.ForkedBooter.main(ForkedBooter.java:417)
2018-07-08 16:21:22 [main] INFO  d.f.e.p.runtime.AbstractProcess - construct com.github.nosan.embedded.cassandra.ExecutableConfig@10f7f7de
2018-07-08 16:21:22 [main] INFO  c.g.n.e.c.process.CassandraProcess - Cassandra server has been stopped.
]]></system-out>
  </testcase>
  <testcase name="shouldBePossibleToStartMultiplyInstances" classname="com.github.nosan.embedded.cassandra.process.CassandraStarterTests" time="4.208">
    <error message="Could not start a process.&#10;----------------------&#10;Hmm.. no failure message.. &#10;...the cause must be somewhere in the process output&#10;----------------------&#10;				Running Cassandra as root user or group is not recommended - please start Cassandra using a different system user.&#10;If you really want to force running Cassandra as root, use -R command line option.&#10;" type="java.io.IOException"><![CDATA[java.io.IOException: 
Could not start a process.
----------------------
Hmm.. no failure message.. 
...the cause must be somewhere in the process output
----------------------
				Running Cassandra as root user or group is not recommended - please start Cassandra using a different system user.
If you really want to force running Cassandra as root, use -R command line option.

	at com.github.nosan.embedded.cassandra.process.CassandraProcess.onAfterProcessStart(CassandraProcess.java:110)
	at de.flapdoodle.embed.process.runtime.AbstractProcess.<init>(AbstractProcess.java:116)
	at com.github.nosan.embedded.cassandra.process.CassandraProcess.<init>(CassandraProcess.java:61)
	at com.github.nosan.embedded.cassandra.process.CassandraExecutable.start(CassandraExecutable.java:49)
	at com.github.nosan.embedded.cassandra.process.CassandraExecutable.start(CassandraExecutable.java:37)
	at de.flapdoodle.embed.process.runtime.Executable.start(Executable.java:108)
	at com.github.nosan.embedded.cassandra.process.CassandraStarterTests.start(CassandraStarterTests.java:135)
	at com.github.nosan.embedded.cassandra.process.CassandraStarterTests.shouldBePossibleToStartMultiplyInstances(CassandraStarterTests.java:77)
	at sun.reflect.NativeMethodAccessorImpl.invoke0(Native Method)
	at sun.reflect.NativeMethodAccessorImpl.invoke(NativeMethodAccessorImpl.java:62)
	at sun.reflect.DelegatingMethodAccessorImpl.invoke(DelegatingMethodAccessorImpl.java:43)
	at java.lang.reflect.Method.invoke(Method.java:498)
	at org.junit.runners.model.FrameworkMethod$1.runReflectiveCall(FrameworkMethod.java:50)
	at org.junit.internal.runners.model.ReflectiveCallable.run(ReflectiveCallable.java:12)
	at org.junit.runners.model.FrameworkMethod.invokeExplosively(FrameworkMethod.java:47)
	at org.junit.internal.runners.statements.InvokeMethod.evaluate(InvokeMethod.java:17)
	at org.junit.rules.ExpectedException$ExpectedExceptionStatement.evaluate(ExpectedException.java:239)
	at org.junit.rules.RunRules.evaluate(RunRules.java:20)
	at org.junit.runners.ParentRunner.runLeaf(ParentRunner.java:325)
	at org.junit.runners.BlockJUnit4ClassRunner.runChild(BlockJUnit4ClassRunner.java:78)
	at org.junit.runners.BlockJUnit4ClassRunner.runChild(BlockJUnit4ClassRunner.java:57)
	at org.junit.runners.ParentRunner$3.run(ParentRunner.java:290)
	at org.junit.runners.ParentRunner$1.schedule(ParentRunner.java:71)
	at org.junit.runners.ParentRunner.runChildren(ParentRunner.java:288)
	at org.junit.runners.ParentRunner.access$000(ParentRunner.java:58)
	at org.junit.runners.ParentRunner$2.evaluate(ParentRunner.java:268)
	at org.junit.runners.ParentRunner.run(ParentRunner.java:363)
	at org.apache.maven.surefire.junit4.JUnit4Provider.execute(JUnit4Provider.java:365)
	at org.apache.maven.surefire.junit4.JUnit4Provider.executeWithRerun(JUnit4Provider.java:273)
	at org.apache.maven.surefire.junit4.JUnit4Provider.executeTestSet(JUnit4Provider.java:238)
	at org.apache.maven.surefire.junit4.JUnit4Provider.invoke(JUnit4Provider.java:159)
	at org.apache.maven.surefire.booter.ForkedBooter.invokeProviderInSameClassLoader(ForkedBooter.java:383)
	at org.apache.maven.surefire.booter.ForkedBooter.runSuitesInProcess(ForkedBooter.java:344)
	at org.apache.maven.surefire.booter.ForkedBooter.execute(ForkedBooter.java:125)
	at org.apache.maven.surefire.booter.ForkedBooter.main(ForkedBooter.java:417)
]]></error>
    <system-out><![CDATA[2018-07-08 16:21:22 [main] INFO  c.g.n.e.c.p.CassandraStarterTests - Extract /root/.embedded-cassandra/cassandra/3.11.2/apache-cassandra-3.11.2-bin.tar.gz : starting...
2018-07-08 16:21:22 [main] INFO  c.g.n.e.c.p.CassandraStarterTests - Extract /root/.embedded-cassandra/cassandra/3.11.2/apache-cassandra-3.11.2-bin.tar.gz : extract apache-cassandra-3.11.2/conf/cassandra-env.ps1
2018-07-08 16:21:22 [main] INFO  c.g.n.e.c.p.CassandraStarterTests - Extract /root/.embedded-cassandra/cassandra/3.11.2/apache-cassandra-3.11.2-bin.tar.gz : extract apache-cassandra-3.11.2/conf/cassandra-env.sh
2018-07-08 16:21:22 [main] INFO  c.g.n.e.c.p.CassandraStarterTests - Extract /root/.embedded-cassandra/cassandra/3.11.2/apache-cassandra-3.11.2-bin.tar.gz : extract apache-cassandra-3.11.2/conf/cassandra-jaas.config
2018-07-08 16:21:22 [main] INFO  c.g.n.e.c.p.CassandraStarterTests - Extract /root/.embedded-cassandra/cassandra/3.11.2/apache-cassandra-3.11.2-bin.tar.gz : extract apache-cassandra-3.11.2/conf/cassandra-rackdc.properties
2018-07-08 16:21:22 [main] INFO  c.g.n.e.c.p.CassandraStarterTests - Extract /root/.embedded-cassandra/cassandra/3.11.2/apache-cassandra-3.11.2-bin.tar.gz : extract apache-cassandra-3.11.2/conf/cassandra-topology.properties
2018-07-08 16:21:22 [main] INFO  c.g.n.e.c.p.CassandraStarterTests - Extract /root/.embedded-cassandra/cassandra/3.11.2/apache-cassandra-3.11.2-bin.tar.gz : extract apache-cassandra-3.11.2/conf/cassandra.yaml
2018-07-08 16:21:22 [main] INFO  c.g.n.e.c.p.CassandraStarterTests - Extract /root/.embedded-cassandra/cassandra/3.11.2/apache-cassandra-3.11.2-bin.tar.gz : extract apache-cassandra-3.11.2/conf/commitlog_archiving.properties
2018-07-08 16:21:22 [main] INFO  c.g.n.e.c.p.CassandraStarterTests - Extract /root/.embedded-cassandra/cassandra/3.11.2/apache-cassandra-3.11.2-bin.tar.gz : extract apache-cassandra-3.11.2/conf/cqlshrc.sample
2018-07-08 16:21:22 [main] INFO  c.g.n.e.c.p.CassandraStarterTests - Extract /root/.embedded-cassandra/cassandra/3.11.2/apache-cassandra-3.11.2-bin.tar.gz : extract apache-cassandra-3.11.2/conf/hotspot_compiler
2018-07-08 16:21:22 [main] INFO  c.g.n.e.c.p.CassandraStarterTests - Extract /root/.embedded-cassandra/cassandra/3.11.2/apache-cassandra-3.11.2-bin.tar.gz : extract apache-cassandra-3.11.2/conf/jvm.options
2018-07-08 16:21:22 [main] INFO  c.g.n.e.c.p.CassandraStarterTests - Extract /root/.embedded-cassandra/cassandra/3.11.2/apache-cassandra-3.11.2-bin.tar.gz : extract apache-cassandra-3.11.2/conf/logback-tools.xml
2018-07-08 16:21:22 [main] INFO  c.g.n.e.c.p.CassandraStarterTests - Extract /root/.embedded-cassandra/cassandra/3.11.2/apache-cassandra-3.11.2-bin.tar.gz : extract apache-cassandra-3.11.2/conf/logback.xml
2018-07-08 16:21:22 [main] INFO  c.g.n.e.c.p.CassandraStarterTests - Extract /root/.embedded-cassandra/cassandra/3.11.2/apache-cassandra-3.11.2-bin.tar.gz : extract apache-cassandra-3.11.2/conf/metrics-reporter-config-sample.yaml
2018-07-08 16:21:22 [main] INFO  c.g.n.e.c.p.CassandraStarterTests - Extract /root/.embedded-cassandra/cassandra/3.11.2/apache-cassandra-3.11.2-bin.tar.gz : extract apache-cassandra-3.11.2/conf/triggers/README.txt
2018-07-08 16:21:22 [main] INFO  c.g.n.e.c.p.CassandraStarterTests - Extract /root/.embedded-cassandra/cassandra/3.11.2/apache-cassandra-3.11.2-bin.tar.gz : extract apache-cassandra-3.11.2/interface/cassandra.thrift
2018-07-08 16:21:25 [main] INFO  c.g.n.e.c.p.CassandraStarterTests - Extract /root/.embedded-cassandra/cassandra/3.11.2/apache-cassandra-3.11.2-bin.tar.gz : extract apache-cassandra-3.11.2/lib/HdrHistogram-2.1.9.jar
2018-07-08 16:21:25 [main] INFO  c.g.n.e.c.p.CassandraStarterTests - Extract /root/.embedded-cassandra/cassandra/3.11.2/apache-cassandra-3.11.2-bin.tar.gz : extract apache-cassandra-3.11.2/lib/ST4-4.0.8.jar
2018-07-08 16:21:25 [main] INFO  c.g.n.e.c.p.CassandraStarterTests - Extract /root/.embedded-cassandra/cassandra/3.11.2/apache-cassandra-3.11.2-bin.tar.gz : extract apache-cassandra-3.11.2/lib/airline-0.6.jar
2018-07-08 16:21:25 [main] INFO  c.g.n.e.c.p.CassandraStarterTests - Extract /root/.embedded-cassandra/cassandra/3.11.2/apache-cassandra-3.11.2-bin.tar.gz : extract apache-cassandra-3.11.2/lib/antlr-runtime-3.5.2.jar
2018-07-08 16:21:25 [main] INFO  c.g.n.e.c.p.CassandraStarterTests - Extract /root/.embedded-cassandra/cassandra/3.11.2/apache-cassandra-3.11.2-bin.tar.gz : extract apache-cassandra-3.11.2/lib/apache-cassandra-3.11.2.jar
2018-07-08 16:21:25 [main] INFO  c.g.n.e.c.p.CassandraStarterTests - Extract /root/.embedded-cassandra/cassandra/3.11.2/apache-cassandra-3.11.2-bin.tar.gz : extract apache-cassandra-3.11.2/lib/apache-cassandra-thrift-3.11.2.jar
2018-07-08 16:21:25 [main] INFO  c.g.n.e.c.p.CassandraStarterTests - Extract /root/.embedded-cassandra/cassandra/3.11.2/apache-cassandra-3.11.2-bin.tar.gz : extract apache-cassandra-3.11.2/lib/asm-5.0.4.jar
2018-07-08 16:21:25 [main] INFO  c.g.n.e.c.p.CassandraStarterTests - Extract /root/.embedded-cassandra/cassandra/3.11.2/apache-cassandra-3.11.2-bin.tar.gz : extract apache-cassandra-3.11.2/lib/caffeine-2.2.6.jar
2018-07-08 16:21:25 [main] INFO  c.g.n.e.c.p.CassandraStarterTests - Extract /root/.embedded-cassandra/cassandra/3.11.2/apache-cassandra-3.11.2-bin.tar.gz : extract apache-cassandra-3.11.2/lib/cassandra-driver-core-3.0.1-shaded.jar
2018-07-08 16:21:25 [main] INFO  c.g.n.e.c.p.CassandraStarterTests - Extract /root/.embedded-cassandra/cassandra/3.11.2/apache-cassandra-3.11.2-bin.tar.gz : extract apache-cassandra-3.11.2/lib/cassandra-driver-internal-only-3.10.zip
2018-07-08 16:21:26 [main] INFO  c.g.n.e.c.p.CassandraStarterTests - Extract /root/.embedded-cassandra/cassandra/3.11.2/apache-cassandra-3.11.2-bin.tar.gz : extract apache-cassandra-3.11.2/lib/cassandra-driver-internal-only-3.11.0-bb96859b.zip
2018-07-08 16:21:26 [main] INFO  c.g.n.e.c.p.CassandraStarterTests - Extract /root/.embedded-cassandra/cassandra/3.11.2/apache-cassandra-3.11.2-bin.tar.gz : extract apache-cassandra-3.11.2/lib/commons-cli-1.1.jar
2018-07-08 16:21:26 [main] INFO  c.g.n.e.c.p.CassandraStarterTests - Extract /root/.embedded-cassandra/cassandra/3.11.2/apache-cassandra-3.11.2-bin.tar.gz : extract apache-cassandra-3.11.2/lib/commons-codec-1.9.jar
2018-07-08 16:21:26 [main] INFO  c.g.n.e.c.p.CassandraStarterTests - Extract /root/.embedded-cassandra/cassandra/3.11.2/apache-cassandra-3.11.2-bin.tar.gz : extract apache-cassandra-3.11.2/lib/commons-lang3-3.1.jar
2018-07-08 16:21:26 [main] INFO  c.g.n.e.c.p.CassandraStarterTests - Extract /root/.embedded-cassandra/cassandra/3.11.2/apache-cassandra-3.11.2-bin.tar.gz : extract apache-cassandra-3.11.2/lib/commons-math3-3.2.jar
2018-07-08 16:21:26 [main] INFO  c.g.n.e.c.p.CassandraStarterTests - Extract /root/.embedded-cassandra/cassandra/3.11.2/apache-cassandra-3.11.2-bin.tar.gz : extract apache-cassandra-3.11.2/lib/compress-lzf-0.8.4.jar
2018-07-08 16:21:26 [main] INFO  c.g.n.e.c.p.CassandraStarterTests - Extract /root/.embedded-cassandra/cassandra/3.11.2/apache-cassandra-3.11.2-bin.tar.gz : extract apache-cassandra-3.11.2/lib/concurrent-trees-2.4.0.jar
2018-07-08 16:21:26 [main] INFO  c.g.n.e.c.p.CassandraStarterTests - Extract /root/.embedded-cassandra/cassandra/3.11.2/apache-cassandra-3.11.2-bin.tar.gz : extract apache-cassandra-3.11.2/lib/concurrentlinkedhashmap-lru-1.4.jar
2018-07-08 16:21:26 [main] INFO  c.g.n.e.c.p.CassandraStarterTests - Extract /root/.embedded-cassandra/cassandra/3.11.2/apache-cassandra-3.11.2-bin.tar.gz : extract apache-cassandra-3.11.2/lib/disruptor-3.0.1.jar
2018-07-08 16:21:26 [main] INFO  c.g.n.e.c.p.CassandraStarterTests - Extract /root/.embedded-cassandra/cassandra/3.11.2/apache-cassandra-3.11.2-bin.tar.gz : extract apache-cassandra-3.11.2/lib/ecj-4.4.2.jar
2018-07-08 16:21:26 [main] INFO  c.g.n.e.c.p.CassandraStarterTests - Extract /root/.embedded-cassandra/cassandra/3.11.2/apache-cassandra-3.11.2-bin.tar.gz : extract apache-cassandra-3.11.2/lib/futures-2.1.6-py2.py3-none-any.zip
2018-07-08 16:21:26 [main] INFO  c.g.n.e.c.p.CassandraStarterTests - Extract /root/.embedded-cassandra/cassandra/3.11.2/apache-cassandra-3.11.2-bin.tar.gz : extract apache-cassandra-3.11.2/lib/guava-18.0.jar
2018-07-08 16:21:26 [main] INFO  c.g.n.e.c.p.CassandraStarterTests - Extract /root/.embedded-cassandra/cassandra/3.11.2/apache-cassandra-3.11.2-bin.tar.gz : extract apache-cassandra-3.11.2/lib/high-scale-lib-1.0.6.jar
2018-07-08 16:21:26 [main] INFO  c.g.n.e.c.p.CassandraStarterTests - Extract /root/.embedded-cassandra/cassandra/3.11.2/apache-cassandra-3.11.2-bin.tar.gz : extract apache-cassandra-3.11.2/lib/hppc-0.5.4.jar
2018-07-08 16:21:26 [main] INFO  c.g.n.e.c.p.CassandraStarterTests - Extract /root/.embedded-cassandra/cassandra/3.11.2/apache-cassandra-3.11.2-bin.tar.gz : extract apache-cassandra-3.11.2/lib/jackson-core-asl-1.9.13.jar
2018-07-08 16:21:26 [main] INFO  c.g.n.e.c.p.CassandraStarterTests - Extract /root/.embedded-cassandra/cassandra/3.11.2/apache-cassandra-3.11.2-bin.tar.gz : extract apache-cassandra-3.11.2/lib/jackson-mapper-asl-1.9.13.jar
2018-07-08 16:21:26 [main] INFO  c.g.n.e.c.p.CassandraStarterTests - Extract /root/.embedded-cassandra/cassandra/3.11.2/apache-cassandra-3.11.2-bin.tar.gz : extract apache-cassandra-3.11.2/lib/jamm-0.3.0.jar
2018-07-08 16:21:26 [main] INFO  c.g.n.e.c.p.CassandraStarterTests - Extract /root/.embedded-cassandra/cassandra/3.11.2/apache-cassandra-3.11.2-bin.tar.gz : extract apache-cassandra-3.11.2/lib/javax.inject.jar
2018-07-08 16:21:26 [main] INFO  c.g.n.e.c.p.CassandraStarterTests - Extract /root/.embedded-cassandra/cassandra/3.11.2/apache-cassandra-3.11.2-bin.tar.gz : extract apache-cassandra-3.11.2/lib/jbcrypt-0.3m.jar
2018-07-08 16:21:26 [main] INFO  c.g.n.e.c.p.CassandraStarterTests - Extract /root/.embedded-cassandra/cassandra/3.11.2/apache-cassandra-3.11.2-bin.tar.gz : extract apache-cassandra-3.11.2/lib/jcl-over-slf4j-1.7.7.jar
2018-07-08 16:21:26 [main] INFO  c.g.n.e.c.p.CassandraStarterTests - Extract /root/.embedded-cassandra/cassandra/3.11.2/apache-cassandra-3.11.2-bin.tar.gz : extract apache-cassandra-3.11.2/lib/jctools-core-1.2.1.jar
2018-07-08 16:21:26 [main] INFO  c.g.n.e.c.p.CassandraStarterTests - Extract /root/.embedded-cassandra/cassandra/3.11.2/apache-cassandra-3.11.2-bin.tar.gz : extract apache-cassandra-3.11.2/lib/jflex-1.6.0.jar
2018-07-08 16:21:26 [main] INFO  c.g.n.e.c.p.CassandraStarterTests - Extract /root/.embedded-cassandra/cassandra/3.11.2/apache-cassandra-3.11.2-bin.tar.gz : extract apache-cassandra-3.11.2/lib/jna-4.2.2.jar
2018-07-08 16:21:26 [main] INFO  c.g.n.e.c.p.CassandraStarterTests - Extract /root/.embedded-cassandra/cassandra/3.11.2/apache-cassandra-3.11.2-bin.tar.gz : extract apache-cassandra-3.11.2/lib/joda-time-2.4.jar
2018-07-08 16:21:26 [main] INFO  c.g.n.e.c.p.CassandraStarterTests - Extract /root/.embedded-cassandra/cassandra/3.11.2/apache-cassandra-3.11.2-bin.tar.gz : extract apache-cassandra-3.11.2/lib/json-simple-1.1.jar
2018-07-08 16:21:26 [main] INFO  c.g.n.e.c.p.CassandraStarterTests - Extract /root/.embedded-cassandra/cassandra/3.11.2/apache-cassandra-3.11.2-bin.tar.gz : extract apache-cassandra-3.11.2/lib/jstackjunit-0.0.1.jar
2018-07-08 16:21:26 [main] INFO  c.g.n.e.c.p.CassandraStarterTests - Extract /root/.embedded-cassandra/cassandra/3.11.2/apache-cassandra-3.11.2-bin.tar.gz : extract apache-cassandra-3.11.2/lib/libthrift-0.9.2.jar
2018-07-08 16:21:26 [main] INFO  c.g.n.e.c.p.CassandraStarterTests - Extract /root/.embedded-cassandra/cassandra/3.11.2/apache-cassandra-3.11.2-bin.tar.gz : extract apache-cassandra-3.11.2/lib/log4j-over-slf4j-1.7.7.jar
2018-07-08 16:21:26 [main] INFO  c.g.n.e.c.p.CassandraStarterTests - Extract /root/.embedded-cassandra/cassandra/3.11.2/apache-cassandra-3.11.2-bin.tar.gz : extract apache-cassandra-3.11.2/lib/logback-classic-1.1.3.jar
2018-07-08 16:21:26 [main] INFO  c.g.n.e.c.p.CassandraStarterTests - Extract /root/.embedded-cassandra/cassandra/3.11.2/apache-cassandra-3.11.2-bin.tar.gz : extract apache-cassandra-3.11.2/lib/logback-core-1.1.3.jar
2018-07-08 16:21:26 [main] INFO  c.g.n.e.c.p.CassandraStarterTests - Extract /root/.embedded-cassandra/cassandra/3.11.2/apache-cassandra-3.11.2-bin.tar.gz : extract apache-cassandra-3.11.2/lib/lz4-1.3.0.jar
2018-07-08 16:21:26 [main] INFO  c.g.n.e.c.p.CassandraStarterTests - Extract /root/.embedded-cassandra/cassandra/3.11.2/apache-cassandra-3.11.2-bin.tar.gz : extract apache-cassandra-3.11.2/lib/metrics-core-3.1.0.jar
2018-07-08 16:21:26 [main] INFO  c.g.n.e.c.p.CassandraStarterTests - Extract /root/.embedded-cassandra/cassandra/3.11.2/apache-cassandra-3.11.2-bin.tar.gz : extract apache-cassandra-3.11.2/lib/metrics-jvm-3.1.0.jar
2018-07-08 16:21:26 [main] INFO  c.g.n.e.c.p.CassandraStarterTests - Extract /root/.embedded-cassandra/cassandra/3.11.2/apache-cassandra-3.11.2-bin.tar.gz : extract apache-cassandra-3.11.2/lib/metrics-logback-3.1.0.jar
2018-07-08 16:21:26 [main] INFO  c.g.n.e.c.p.CassandraStarterTests - Extract /root/.embedded-cassandra/cassandra/3.11.2/apache-cassandra-3.11.2-bin.tar.gz : extract apache-cassandra-3.11.2/lib/netty-all-4.0.44.Final.jar
2018-07-08 16:21:26 [main] INFO  c.g.n.e.c.p.CassandraStarterTests - Extract /root/.embedded-cassandra/cassandra/3.11.2/apache-cassandra-3.11.2-bin.tar.gz : extract apache-cassandra-3.11.2/lib/ohc-core-0.4.4.jar
2018-07-08 16:21:26 [main] INFO  c.g.n.e.c.p.CassandraStarterTests - Extract /root/.embedded-cassandra/cassandra/3.11.2/apache-cassandra-3.11.2-bin.tar.gz : extract apache-cassandra-3.11.2/lib/ohc-core-j8-0.4.4.jar
2018-07-08 16:21:26 [main] INFO  c.g.n.e.c.p.CassandraStarterTests - Extract /root/.embedded-cassandra/cassandra/3.11.2/apache-cassandra-3.11.2-bin.tar.gz : extract apache-cassandra-3.11.2/lib/reporter-config-base-3.0.3.jar
2018-07-08 16:21:26 [main] INFO  c.g.n.e.c.p.CassandraStarterTests - Extract /root/.embedded-cassandra/cassandra/3.11.2/apache-cassandra-3.11.2-bin.tar.gz : extract apache-cassandra-3.11.2/lib/reporter-config3-3.0.3.jar
2018-07-08 16:21:26 [main] INFO  c.g.n.e.c.p.CassandraStarterTests - Extract /root/.embedded-cassandra/cassandra/3.11.2/apache-cassandra-3.11.2-bin.tar.gz : extract apache-cassandra-3.11.2/lib/sigar-1.6.4.jar
2018-07-08 16:21:26 [main] INFO  c.g.n.e.c.p.CassandraStarterTests - Extract /root/.embedded-cassandra/cassandra/3.11.2/apache-cassandra-3.11.2-bin.tar.gz : extract apache-cassandra-3.11.2/lib/sigar-bin/libsigar-amd64-freebsd-6.so
2018-07-08 16:21:26 [main] INFO  c.g.n.e.c.p.CassandraStarterTests - Extract /root/.embedded-cassandra/cassandra/3.11.2/apache-cassandra-3.11.2-bin.tar.gz : extract apache-cassandra-3.11.2/lib/sigar-bin/libsigar-amd64-linux.so
2018-07-08 16:21:26 [main] INFO  c.g.n.e.c.p.CassandraStarterTests - Extract /root/.embedded-cassandra/cassandra/3.11.2/apache-cassandra-3.11.2-bin.tar.gz : extract apache-cassandra-3.11.2/lib/sigar-bin/libsigar-amd64-solaris.so
2018-07-08 16:21:26 [main] INFO  c.g.n.e.c.p.CassandraStarterTests - Extract /root/.embedded-cassandra/cassandra/3.11.2/apache-cassandra-3.11.2-bin.tar.gz : extract apache-cassandra-3.11.2/lib/sigar-bin/libsigar-ia64-hpux-11.sl
2018-07-08 16:21:26 [main] INFO  c.g.n.e.c.p.CassandraStarterTests - Extract /root/.embedded-cassandra/cassandra/3.11.2/apache-cassandra-3.11.2-bin.tar.gz : extract apache-cassandra-3.11.2/lib/sigar-bin/libsigar-ia64-linux.so
2018-07-08 16:21:26 [main] INFO  c.g.n.e.c.p.CassandraStarterTests - Extract /root/.embedded-cassandra/cassandra/3.11.2/apache-cassandra-3.11.2-bin.tar.gz : extract apache-cassandra-3.11.2/lib/sigar-bin/libsigar-pa-hpux-11.sl
2018-07-08 16:21:26 [main] INFO  c.g.n.e.c.p.CassandraStarterTests - Extract /root/.embedded-cassandra/cassandra/3.11.2/apache-cassandra-3.11.2-bin.tar.gz : extract apache-cassandra-3.11.2/lib/sigar-bin/libsigar-ppc-aix-5.so
2018-07-08 16:21:26 [main] INFO  c.g.n.e.c.p.CassandraStarterTests - Extract /root/.embedded-cassandra/cassandra/3.11.2/apache-cassandra-3.11.2-bin.tar.gz : extract apache-cassandra-3.11.2/lib/sigar-bin/libsigar-ppc-linux.so
2018-07-08 16:21:26 [main] INFO  c.g.n.e.c.p.CassandraStarterTests - Extract /root/.embedded-cassandra/cassandra/3.11.2/apache-cassandra-3.11.2-bin.tar.gz : extract apache-cassandra-3.11.2/lib/sigar-bin/libsigar-ppc64-aix-5.so
2018-07-08 16:21:26 [main] INFO  c.g.n.e.c.p.CassandraStarterTests - Extract /root/.embedded-cassandra/cassandra/3.11.2/apache-cassandra-3.11.2-bin.tar.gz : extract apache-cassandra-3.11.2/lib/sigar-bin/libsigar-ppc64-linux.so
2018-07-08 16:21:26 [main] INFO  c.g.n.e.c.p.CassandraStarterTests - Extract /root/.embedded-cassandra/cassandra/3.11.2/apache-cassandra-3.11.2-bin.tar.gz : extract apache-cassandra-3.11.2/lib/sigar-bin/libsigar-s390x-linux.so
2018-07-08 16:21:26 [main] INFO  c.g.n.e.c.p.CassandraStarterTests - Extract /root/.embedded-cassandra/cassandra/3.11.2/apache-cassandra-3.11.2-bin.tar.gz : extract apache-cassandra-3.11.2/lib/sigar-bin/libsigar-sparc-solaris.so
2018-07-08 16:21:26 [main] INFO  c.g.n.e.c.p.CassandraStarterTests - Extract /root/.embedded-cassandra/cassandra/3.11.2/apache-cassandra-3.11.2-bin.tar.gz : extract apache-cassandra-3.11.2/lib/sigar-bin/libsigar-sparc64-solaris.so
2018-07-08 16:21:26 [main] INFO  c.g.n.e.c.p.CassandraStarterTests - Extract /root/.embedded-cassandra/cassandra/3.11.2/apache-cassandra-3.11.2-bin.tar.gz : extract apache-cassandra-3.11.2/lib/sigar-bin/libsigar-universal-macosx.dylib
2018-07-08 16:21:26 [main] INFO  c.g.n.e.c.p.CassandraStarterTests - Extract /root/.embedded-cassandra/cassandra/3.11.2/apache-cassandra-3.11.2-bin.tar.gz : extract apache-cassandra-3.11.2/lib/sigar-bin/libsigar-universal64-macosx.dylib
2018-07-08 16:21:26 [main] INFO  c.g.n.e.c.p.CassandraStarterTests - Extract /root/.embedded-cassandra/cassandra/3.11.2/apache-cassandra-3.11.2-bin.tar.gz : extract apache-cassandra-3.11.2/lib/sigar-bin/libsigar-x86-freebsd-5.so
2018-07-08 16:21:26 [main] INFO  c.g.n.e.c.p.CassandraStarterTests - Extract /root/.embedded-cassandra/cassandra/3.11.2/apache-cassandra-3.11.2-bin.tar.gz : extract apache-cassandra-3.11.2/lib/sigar-bin/libsigar-x86-freebsd-6.so
2018-07-08 16:21:26 [main] INFO  c.g.n.e.c.p.CassandraStarterTests - Extract /root/.embedded-cassandra/cassandra/3.11.2/apache-cassandra-3.11.2-bin.tar.gz : extract apache-cassandra-3.11.2/lib/sigar-bin/libsigar-x86-linux.so
2018-07-08 16:21:26 [main] INFO  c.g.n.e.c.p.CassandraStarterTests - Extract /root/.embedded-cassandra/cassandra/3.11.2/apache-cassandra-3.11.2-bin.tar.gz : extract apache-cassandra-3.11.2/lib/sigar-bin/libsigar-x86-solaris.so
2018-07-08 16:21:26 [main] INFO  c.g.n.e.c.p.CassandraStarterTests - Extract /root/.embedded-cassandra/cassandra/3.11.2/apache-cassandra-3.11.2-bin.tar.gz : extract apache-cassandra-3.11.2/lib/sigar-bin/sigar-amd64-winnt.dll
2018-07-08 16:21:26 [main] INFO  c.g.n.e.c.p.CassandraStarterTests - Extract /root/.embedded-cassandra/cassandra/3.11.2/apache-cassandra-3.11.2-bin.tar.gz : extract apache-cassandra-3.11.2/lib/sigar-bin/sigar-x86-winnt.dll
2018-07-08 16:21:26 [main] INFO  c.g.n.e.c.p.CassandraStarterTests - Extract /root/.embedded-cassandra/cassandra/3.11.2/apache-cassandra-3.11.2-bin.tar.gz : extract apache-cassandra-3.11.2/lib/sigar-bin/sigar-x86-winnt.lib
2018-07-08 16:21:26 [main] INFO  c.g.n.e.c.p.CassandraStarterTests - Extract /root/.embedded-cassandra/cassandra/3.11.2/apache-cassandra-3.11.2-bin.tar.gz : extract apache-cassandra-3.11.2/lib/six-1.7.3-py2.py3-none-any.zip
2018-07-08 16:21:26 [main] INFO  c.g.n.e.c.p.CassandraStarterTests - Extract /root/.embedded-cassandra/cassandra/3.11.2/apache-cassandra-3.11.2-bin.tar.gz : extract apache-cassandra-3.11.2/lib/slf4j-api-1.7.7.jar
2018-07-08 16:21:26 [main] INFO  c.g.n.e.c.p.CassandraStarterTests - Extract /root/.embedded-cassandra/cassandra/3.11.2/apache-cassandra-3.11.2-bin.tar.gz : extract apache-cassandra-3.11.2/lib/snakeyaml-1.11.jar
2018-07-08 16:21:26 [main] INFO  c.g.n.e.c.p.CassandraStarterTests - Extract /root/.embedded-cassandra/cassandra/3.11.2/apache-cassandra-3.11.2-bin.tar.gz : extract apache-cassandra-3.11.2/lib/snappy-java-1.1.1.7.jar
2018-07-08 16:21:26 [main] INFO  c.g.n.e.c.p.CassandraStarterTests - Extract /root/.embedded-cassandra/cassandra/3.11.2/apache-cassandra-3.11.2-bin.tar.gz : extract apache-cassandra-3.11.2/lib/snowball-stemmer-1.3.0.581.1.jar
2018-07-08 16:21:26 [main] INFO  c.g.n.e.c.p.CassandraStarterTests - Extract /root/.embedded-cassandra/cassandra/3.11.2/apache-cassandra-3.11.2-bin.tar.gz : extract apache-cassandra-3.11.2/lib/stream-2.5.2.jar
2018-07-08 16:21:26 [main] INFO  c.g.n.e.c.p.CassandraStarterTests - Extract /root/.embedded-cassandra/cassandra/3.11.2/apache-cassandra-3.11.2-bin.tar.gz : extract apache-cassandra-3.11.2/lib/thrift-server-0.3.7.jar
2018-07-08 16:21:26 [main] INFO  c.g.n.e.c.p.CassandraStarterTests - Extract /root/.embedded-cassandra/cassandra/3.11.2/apache-cassandra-3.11.2-bin.tar.gz : extract apache-cassandra-3.11.2/pylib/cqlshlib/__init__.py
2018-07-08 16:21:26 [main] INFO  c.g.n.e.c.p.CassandraStarterTests - Extract /root/.embedded-cassandra/cassandra/3.11.2/apache-cassandra-3.11.2-bin.tar.gz : extract apache-cassandra-3.11.2/pylib/cqlshlib/copyutil.py
2018-07-08 16:21:26 [main] INFO  c.g.n.e.c.p.CassandraStarterTests - Extract /root/.embedded-cassandra/cassandra/3.11.2/apache-cassandra-3.11.2-bin.tar.gz : extract apache-cassandra-3.11.2/pylib/cqlshlib/cql3handling.py
2018-07-08 16:21:26 [main] INFO  c.g.n.e.c.p.CassandraStarterTests - Extract /root/.embedded-cassandra/cassandra/3.11.2/apache-cassandra-3.11.2-bin.tar.gz : extract apache-cassandra-3.11.2/pylib/cqlshlib/cqlhandling.py
2018-07-08 16:21:26 [main] INFO  c.g.n.e.c.p.CassandraStarterTests - Extract /root/.embedded-cassandra/cassandra/3.11.2/apache-cassandra-3.11.2-bin.tar.gz : extract apache-cassandra-3.11.2/pylib/cqlshlib/cqlshhandling.py
2018-07-08 16:21:26 [main] INFO  c.g.n.e.c.p.CassandraStarterTests - Extract /root/.embedded-cassandra/cassandra/3.11.2/apache-cassandra-3.11.2-bin.tar.gz : extract apache-cassandra-3.11.2/pylib/cqlshlib/displaying.py
2018-07-08 16:21:26 [main] INFO  c.g.n.e.c.p.CassandraStarterTests - Extract /root/.embedded-cassandra/cassandra/3.11.2/apache-cassandra-3.11.2-bin.tar.gz : extract apache-cassandra-3.11.2/pylib/cqlshlib/formatting.py
2018-07-08 16:21:26 [main] INFO  c.g.n.e.c.p.CassandraStarterTests - Extract /root/.embedded-cassandra/cassandra/3.11.2/apache-cassandra-3.11.2-bin.tar.gz : extract apache-cassandra-3.11.2/pylib/cqlshlib/helptopics.py
2018-07-08 16:21:26 [main] INFO  c.g.n.e.c.p.CassandraStarterTests - Extract /root/.embedded-cassandra/cassandra/3.11.2/apache-cassandra-3.11.2-bin.tar.gz : extract apache-cassandra-3.11.2/pylib/cqlshlib/pylexotron.py
2018-07-08 16:21:26 [main] INFO  c.g.n.e.c.p.CassandraStarterTests - Extract /root/.embedded-cassandra/cassandra/3.11.2/apache-cassandra-3.11.2-bin.tar.gz : extract apache-cassandra-3.11.2/pylib/cqlshlib/saferscanner.py
2018-07-08 16:21:26 [main] INFO  c.g.n.e.c.p.CassandraStarterTests - Extract /root/.embedded-cassandra/cassandra/3.11.2/apache-cassandra-3.11.2-bin.tar.gz : extract apache-cassandra-3.11.2/pylib/cqlshlib/sslhandling.py
2018-07-08 16:21:26 [main] INFO  c.g.n.e.c.p.CassandraStarterTests - Extract /root/.embedded-cassandra/cassandra/3.11.2/apache-cassandra-3.11.2-bin.tar.gz : extract apache-cassandra-3.11.2/pylib/cqlshlib/test/__init__.py
2018-07-08 16:21:26 [main] INFO  c.g.n.e.c.p.CassandraStarterTests - Extract /root/.embedded-cassandra/cassandra/3.11.2/apache-cassandra-3.11.2-bin.tar.gz : extract apache-cassandra-3.11.2/pylib/cqlshlib/test/ansi_colors.py
2018-07-08 16:21:26 [main] INFO  c.g.n.e.c.p.CassandraStarterTests - Extract /root/.embedded-cassandra/cassandra/3.11.2/apache-cassandra-3.11.2-bin.tar.gz : extract apache-cassandra-3.11.2/pylib/cqlshlib/test/basecase.py
2018-07-08 16:21:26 [main] INFO  c.g.n.e.c.p.CassandraStarterTests - Extract /root/.embedded-cassandra/cassandra/3.11.2/apache-cassandra-3.11.2-bin.tar.gz : extract apache-cassandra-3.11.2/pylib/cqlshlib/test/cassconnect.py
2018-07-08 16:21:26 [main] INFO  c.g.n.e.c.p.CassandraStarterTests - Extract /root/.embedded-cassandra/cassandra/3.11.2/apache-cassandra-3.11.2-bin.tar.gz : extract apache-cassandra-3.11.2/pylib/cqlshlib/test/run_cqlsh.py
2018-07-08 16:21:26 [main] INFO  c.g.n.e.c.p.CassandraStarterTests - Extract /root/.embedded-cassandra/cassandra/3.11.2/apache-cassandra-3.11.2-bin.tar.gz : extract apache-cassandra-3.11.2/pylib/cqlshlib/test/test_cql_parsing.py
2018-07-08 16:21:26 [main] INFO  c.g.n.e.c.p.CassandraStarterTests - Extract /root/.embedded-cassandra/cassandra/3.11.2/apache-cassandra-3.11.2-bin.tar.gz : extract apache-cassandra-3.11.2/pylib/cqlshlib/test/test_cqlsh_commands.py
2018-07-08 16:21:26 [main] INFO  c.g.n.e.c.p.CassandraStarterTests - Extract /root/.embedded-cassandra/cassandra/3.11.2/apache-cassandra-3.11.2-bin.tar.gz : extract apache-cassandra-3.11.2/pylib/cqlshlib/test/test_cqlsh_completion.py
2018-07-08 16:21:26 [main] INFO  c.g.n.e.c.p.CassandraStarterTests - Extract /root/.embedded-cassandra/cassandra/3.11.2/apache-cassandra-3.11.2-bin.tar.gz : extract apache-cassandra-3.11.2/pylib/cqlshlib/test/test_cqlsh_invocation.py
2018-07-08 16:21:26 [main] INFO  c.g.n.e.c.p.CassandraStarterTests - Extract /root/.embedded-cassandra/cassandra/3.11.2/apache-cassandra-3.11.2-bin.tar.gz : extract apache-cassandra-3.11.2/pylib/cqlshlib/test/test_cqlsh_output.py
2018-07-08 16:21:26 [main] INFO  c.g.n.e.c.p.CassandraStarterTests - Extract /root/.embedded-cassandra/cassandra/3.11.2/apache-cassandra-3.11.2-bin.tar.gz : extract apache-cassandra-3.11.2/pylib/cqlshlib/test/test_cqlsh_parsing.py
2018-07-08 16:21:26 [main] INFO  c.g.n.e.c.p.CassandraStarterTests - Extract /root/.embedded-cassandra/cassandra/3.11.2/apache-cassandra-3.11.2-bin.tar.gz : extract apache-cassandra-3.11.2/pylib/cqlshlib/test/test_keyspace_init.cql
2018-07-08 16:21:26 [main] INFO  c.g.n.e.c.p.CassandraStarterTests - Extract /root/.embedded-cassandra/cassandra/3.11.2/apache-cassandra-3.11.2-bin.tar.gz : extract apache-cassandra-3.11.2/pylib/cqlshlib/test/winpty.py
2018-07-08 16:21:26 [main] INFO  c.g.n.e.c.p.CassandraStarterTests - Extract /root/.embedded-cassandra/cassandra/3.11.2/apache-cassandra-3.11.2-bin.tar.gz : extract apache-cassandra-3.11.2/pylib/cqlshlib/tracing.py
2018-07-08 16:21:26 [main] INFO  c.g.n.e.c.p.CassandraStarterTests - Extract /root/.embedded-cassandra/cassandra/3.11.2/apache-cassandra-3.11.2-bin.tar.gz : extract apache-cassandra-3.11.2/pylib/cqlshlib/util.py
2018-07-08 16:21:26 [main] INFO  c.g.n.e.c.p.CassandraStarterTests - Extract /root/.embedded-cassandra/cassandra/3.11.2/apache-cassandra-3.11.2-bin.tar.gz : extract apache-cassandra-3.11.2/pylib/cqlshlib/wcwidth.py
2018-07-08 16:21:26 [main] INFO  c.g.n.e.c.p.CassandraStarterTests - Extract /root/.embedded-cassandra/cassandra/3.11.2/apache-cassandra-3.11.2-bin.tar.gz : extract apache-cassandra-3.11.2/pylib/setup.py
2018-07-08 16:21:26 [main] INFO  c.g.n.e.c.p.CassandraStarterTests - Extract /root/.embedded-cassandra/cassandra/3.11.2/apache-cassandra-3.11.2-bin.tar.gz : extract apache-cassandra-3.11.2/tools/bin/cassandra-stress
2018-07-08 16:21:26 [main] INFO  c.g.n.e.c.p.CassandraStarterTests - Extract /root/.embedded-cassandra/cassandra/3.11.2/apache-cassandra-3.11.2-bin.tar.gz : extract apache-cassandra-3.11.2/tools/bin/cassandra-stress.bat
2018-07-08 16:21:26 [main] INFO  c.g.n.e.c.p.CassandraStarterTests - Extract /root/.embedded-cassandra/cassandra/3.11.2/apache-cassandra-3.11.2-bin.tar.gz : extract apache-cassandra-3.11.2/tools/bin/cassandra-stressd
2018-07-08 16:21:26 [main] INFO  c.g.n.e.c.p.CassandraStarterTests - Extract /root/.embedded-cassandra/cassandra/3.11.2/apache-cassandra-3.11.2-bin.tar.gz : extract apache-cassandra-3.11.2/tools/bin/cassandra.in.bat
2018-07-08 16:21:26 [main] INFO  c.g.n.e.c.p.CassandraStarterTests - Extract /root/.embedded-cassandra/cassandra/3.11.2/apache-cassandra-3.11.2-bin.tar.gz : extract apache-cassandra-3.11.2/tools/bin/cassandra.in.sh
2018-07-08 16:21:26 [main] INFO  c.g.n.e.c.p.CassandraStarterTests - Extract /root/.embedded-cassandra/cassandra/3.11.2/apache-cassandra-3.11.2-bin.tar.gz : extract apache-cassandra-3.11.2/tools/bin/compaction-stress
2018-07-08 16:21:26 [main] INFO  c.g.n.e.c.p.CassandraStarterTests - Extract /root/.embedded-cassandra/cassandra/3.11.2/apache-cassandra-3.11.2-bin.tar.gz : extract apache-cassandra-3.11.2/tools/bin/sstabledump
2018-07-08 16:21:26 [main] INFO  c.g.n.e.c.p.CassandraStarterTests - Extract /root/.embedded-cassandra/cassandra/3.11.2/apache-cassandra-3.11.2-bin.tar.gz : extract apache-cassandra-3.11.2/tools/bin/sstabledump.bat
2018-07-08 16:21:26 [main] INFO  c.g.n.e.c.p.CassandraStarterTests - Extract /root/.embedded-cassandra/cassandra/3.11.2/apache-cassandra-3.11.2-bin.tar.gz : extract apache-cassandra-3.11.2/tools/bin/sstableexpiredblockers
2018-07-08 16:21:26 [main] INFO  c.g.n.e.c.p.CassandraStarterTests - Extract /root/.embedded-cassandra/cassandra/3.11.2/apache-cassandra-3.11.2-bin.tar.gz : extract apache-cassandra-3.11.2/tools/bin/sstableexpiredblockers.bat
2018-07-08 16:21:26 [main] INFO  c.g.n.e.c.p.CassandraStarterTests - Extract /root/.embedded-cassandra/cassandra/3.11.2/apache-cassandra-3.11.2-bin.tar.gz : extract apache-cassandra-3.11.2/tools/bin/sstablelevelreset
2018-07-08 16:21:26 [main] INFO  c.g.n.e.c.p.CassandraStarterTests - Extract /root/.embedded-cassandra/cassandra/3.11.2/apache-cassandra-3.11.2-bin.tar.gz : extract apache-cassandra-3.11.2/tools/bin/sstablelevelreset.bat
2018-07-08 16:21:26 [main] INFO  c.g.n.e.c.p.CassandraStarterTests - Extract /root/.embedded-cassandra/cassandra/3.11.2/apache-cassandra-3.11.2-bin.tar.gz : extract apache-cassandra-3.11.2/tools/bin/sstablemetadata
2018-07-08 16:21:26 [main] INFO  c.g.n.e.c.p.CassandraStarterTests - Extract /root/.embedded-cassandra/cassandra/3.11.2/apache-cassandra-3.11.2-bin.tar.gz : extract apache-cassandra-3.11.2/tools/bin/sstablemetadata.bat
2018-07-08 16:21:26 [main] INFO  c.g.n.e.c.p.CassandraStarterTests - Extract /root/.embedded-cassandra/cassandra/3.11.2/apache-cassandra-3.11.2-bin.tar.gz : extract apache-cassandra-3.11.2/tools/bin/sstableofflinerelevel
2018-07-08 16:21:26 [main] INFO  c.g.n.e.c.p.CassandraStarterTests - Extract /root/.embedded-cassandra/cassandra/3.11.2/apache-cassandra-3.11.2-bin.tar.gz : extract apache-cassandra-3.11.2/tools/bin/sstableofflinerelevel.bat
2018-07-08 16:21:26 [main] INFO  c.g.n.e.c.p.CassandraStarterTests - Extract /root/.embedded-cassandra/cassandra/3.11.2/apache-cassandra-3.11.2-bin.tar.gz : extract apache-cassandra-3.11.2/tools/bin/sstablerepairedset
2018-07-08 16:21:26 [main] INFO  c.g.n.e.c.p.CassandraStarterTests - Extract /root/.embedded-cassandra/cassandra/3.11.2/apache-cassandra-3.11.2-bin.tar.gz : extract apache-cassandra-3.11.2/tools/bin/sstablerepairedset.bat
2018-07-08 16:21:26 [main] INFO  c.g.n.e.c.p.CassandraStarterTests - Extract /root/.embedded-cassandra/cassandra/3.11.2/apache-cassandra-3.11.2-bin.tar.gz : extract apache-cassandra-3.11.2/tools/bin/sstablesplit
2018-07-08 16:21:26 [main] INFO  c.g.n.e.c.p.CassandraStarterTests - Extract /root/.embedded-cassandra/cassandra/3.11.2/apache-cassandra-3.11.2-bin.tar.gz : extract apache-cassandra-3.11.2/tools/bin/sstablesplit.bat
2018-07-08 16:21:26 [main] INFO  c.g.n.e.c.p.CassandraStarterTests - Extract /root/.embedded-cassandra/cassandra/3.11.2/apache-cassandra-3.11.2-bin.tar.gz : extract apache-cassandra-3.11.2/tools/cqlstress-counter-example.yaml
2018-07-08 16:21:26 [main] INFO  c.g.n.e.c.p.CassandraStarterTests - Extract /root/.embedded-cassandra/cassandra/3.11.2/apache-cassandra-3.11.2-bin.tar.gz : extract apache-cassandra-3.11.2/tools/cqlstress-example.yaml
2018-07-08 16:21:26 [main] INFO  c.g.n.e.c.p.CassandraStarterTests - Extract /root/.embedded-cassandra/cassandra/3.11.2/apache-cassandra-3.11.2-bin.tar.gz : extract apache-cassandra-3.11.2/tools/cqlstress-insanity-example.yaml
2018-07-08 16:21:26 [main] INFO  c.g.n.e.c.p.CassandraStarterTests - Extract /root/.embedded-cassandra/cassandra/3.11.2/apache-cassandra-3.11.2-bin.tar.gz : extract apache-cassandra-3.11.2/tools/lib/stress.jar
2018-07-08 16:21:26 [main] INFO  c.g.n.e.c.p.CassandraStarterTests - Extract /root/.embedded-cassandra/cassandra/3.11.2/apache-cassandra-3.11.2-bin.tar.gz : extract apache-cassandra-3.11.2/bin/cassandra.in.sh
2018-07-08 16:21:26 [main] INFO  c.g.n.e.c.p.CassandraStarterTests - Extract /root/.embedded-cassandra/cassandra/3.11.2/apache-cassandra-3.11.2-bin.tar.gz : extract apache-cassandra-3.11.2/bin/cassandra
2018-07-08 16:21:26 [main] INFO  c.g.n.e.c.p.CassandraStarterTests - Extract /root/.embedded-cassandra/cassandra/3.11.2/apache-cassandra-3.11.2-bin.tar.gz : extract apache-cassandra-3.11.2/bin/cassandra.bat
2018-07-08 16:21:26 [main] INFO  c.g.n.e.c.p.CassandraStarterTests - Extract /root/.embedded-cassandra/cassandra/3.11.2/apache-cassandra-3.11.2-bin.tar.gz : extract apache-cassandra-3.11.2/bin/cassandra.in.bat
2018-07-08 16:21:26 [main] INFO  c.g.n.e.c.p.CassandraStarterTests - Extract /root/.embedded-cassandra/cassandra/3.11.2/apache-cassandra-3.11.2-bin.tar.gz : extract apache-cassandra-3.11.2/bin/cqlsh
2018-07-08 16:21:26 [main] INFO  c.g.n.e.c.p.CassandraStarterTests - Extract /root/.embedded-cassandra/cassandra/3.11.2/apache-cassandra-3.11.2-bin.tar.gz : extract apache-cassandra-3.11.2/bin/cqlsh.bat
2018-07-08 16:21:26 [main] INFO  c.g.n.e.c.p.CassandraStarterTests - Extract /root/.embedded-cassandra/cassandra/3.11.2/apache-cassandra-3.11.2-bin.tar.gz : extract apache-cassandra-3.11.2/bin/cqlsh.py
2018-07-08 16:21:26 [main] INFO  c.g.n.e.c.p.CassandraStarterTests - Extract /root/.embedded-cassandra/cassandra/3.11.2/apache-cassandra-3.11.2-bin.tar.gz : extract apache-cassandra-3.11.2/bin/debug-cql
2018-07-08 16:21:26 [main] INFO  c.g.n.e.c.p.CassandraStarterTests - Extract /root/.embedded-cassandra/cassandra/3.11.2/apache-cassandra-3.11.2-bin.tar.gz : extract apache-cassandra-3.11.2/bin/debug-cql.bat
2018-07-08 16:21:26 [main] INFO  c.g.n.e.c.p.CassandraStarterTests - Extract /root/.embedded-cassandra/cassandra/3.11.2/apache-cassandra-3.11.2-bin.tar.gz : extract apache-cassandra-3.11.2/bin/nodetool
2018-07-08 16:21:26 [main] INFO  c.g.n.e.c.p.CassandraStarterTests - Extract /root/.embedded-cassandra/cassandra/3.11.2/apache-cassandra-3.11.2-bin.tar.gz : extract apache-cassandra-3.11.2/bin/nodetool.bat
2018-07-08 16:21:26 [main] INFO  c.g.n.e.c.p.CassandraStarterTests - Extract /root/.embedded-cassandra/cassandra/3.11.2/apache-cassandra-3.11.2-bin.tar.gz : extract apache-cassandra-3.11.2/bin/source-conf.ps1
2018-07-08 16:21:26 [main] INFO  c.g.n.e.c.p.CassandraStarterTests - Extract /root/.embedded-cassandra/cassandra/3.11.2/apache-cassandra-3.11.2-bin.tar.gz : extract apache-cassandra-3.11.2/bin/sstableloader
2018-07-08 16:21:26 [main] INFO  c.g.n.e.c.p.CassandraStarterTests - Extract /root/.embedded-cassandra/cassandra/3.11.2/apache-cassandra-3.11.2-bin.tar.gz : extract apache-cassandra-3.11.2/bin/sstableloader.bat
2018-07-08 16:21:26 [main] INFO  c.g.n.e.c.p.CassandraStarterTests - Extract /root/.embedded-cassandra/cassandra/3.11.2/apache-cassandra-3.11.2-bin.tar.gz : extract apache-cassandra-3.11.2/bin/sstablescrub
2018-07-08 16:21:26 [main] INFO  c.g.n.e.c.p.CassandraStarterTests - Extract /root/.embedded-cassandra/cassandra/3.11.2/apache-cassandra-3.11.2-bin.tar.gz : extract apache-cassandra-3.11.2/bin/sstablescrub.bat
2018-07-08 16:21:26 [main] INFO  c.g.n.e.c.p.CassandraStarterTests - Extract /root/.embedded-cassandra/cassandra/3.11.2/apache-cassandra-3.11.2-bin.tar.gz : extract apache-cassandra-3.11.2/bin/sstableupgrade
2018-07-08 16:21:26 [main] INFO  c.g.n.e.c.p.CassandraStarterTests - Extract /root/.embedded-cassandra/cassandra/3.11.2/apache-cassandra-3.11.2-bin.tar.gz : extract apache-cassandra-3.11.2/bin/sstableupgrade.bat
2018-07-08 16:21:26 [main] INFO  c.g.n.e.c.p.CassandraStarterTests - Extract /root/.embedded-cassandra/cassandra/3.11.2/apache-cassandra-3.11.2-bin.tar.gz : extract apache-cassandra-3.11.2/bin/sstableutil
2018-07-08 16:21:26 [main] INFO  c.g.n.e.c.p.CassandraStarterTests - Extract /root/.embedded-cassandra/cassandra/3.11.2/apache-cassandra-3.11.2-bin.tar.gz : extract apache-cassandra-3.11.2/bin/sstableutil.bat
2018-07-08 16:21:26 [main] INFO  c.g.n.e.c.p.CassandraStarterTests - Extract /root/.embedded-cassandra/cassandra/3.11.2/apache-cassandra-3.11.2-bin.tar.gz : extract apache-cassandra-3.11.2/bin/sstableverify
2018-07-08 16:21:26 [main] INFO  c.g.n.e.c.p.CassandraStarterTests - Extract /root/.embedded-cassandra/cassandra/3.11.2/apache-cassandra-3.11.2-bin.tar.gz : extract apache-cassandra-3.11.2/bin/sstableverify.bat
2018-07-08 16:21:26 [main] INFO  c.g.n.e.c.p.CassandraStarterTests - Extract /root/.embedded-cassandra/cassandra/3.11.2/apache-cassandra-3.11.2-bin.tar.gz : extract apache-cassandra-3.11.2/bin/stop-server
2018-07-08 16:21:26 [main] INFO  c.g.n.e.c.p.CassandraStarterTests - Extract /root/.embedded-cassandra/cassandra/3.11.2/apache-cassandra-3.11.2-bin.tar.gz : extract apache-cassandra-3.11.2/bin/stop-server.bat
2018-07-08 16:21:26 [main] INFO  c.g.n.e.c.p.CassandraStarterTests - Extract /root/.embedded-cassandra/cassandra/3.11.2/apache-cassandra-3.11.2-bin.tar.gz : extract apache-cassandra-3.11.2/bin/stop-server.ps1
2018-07-08 16:21:26 [main] INFO  c.g.n.e.c.p.CassandraStarterTests - Extract /root/.embedded-cassandra/cassandra/3.11.2/apache-cassandra-3.11.2-bin.tar.gz : finished
2018-07-08 16:21:26 [main] INFO  c.g.n.e.c.process.CassandraProcess - Starting the new cassandra server using directory '/tmp/temp--4d2bfaf9-a19c-497e-9ea7-ed8e37ee2589' with arguments [/tmp/temp--4d2bfaf9-a19c-497e-9ea7-ed8e37ee2589/apache-cassandra-3.11.2/bin/cassandra, -f]
2018-07-08 16:21:26 [Thread-36] INFO  c.g.n.e.c.p.CassandraStarterTests - Running Cassandra as root user or group is not recommended - please start Cassandra using a different system user.
2018-07-08 16:21:26 [Thread-36] INFO  c.g.n.e.c.p.CassandraStarterTests - If you really want to force running Cassandra as root, use -R command line option.
2018-07-08 16:21:26 [main] ERROR d.f.e.p.runtime.AbstractProcess - failed to call onAfterProcessStart()
java.io.IOException: Could not start a process.
----------------------
Hmm.. no failure message.. 
...the cause must be somewhere in the process output
----------------------
				Running Cassandra as root user or group is not recommended - please start Cassandra using a different system user.
If you really want to force running Cassandra as root, use -R command line option.

	at com.github.nosan.embedded.cassandra.process.CassandraProcess.onAfterProcessStart(CassandraProcess.java:110)
	at de.flapdoodle.embed.process.runtime.AbstractProcess.<init>(AbstractProcess.java:116)
	at com.github.nosan.embedded.cassandra.process.CassandraProcess.<init>(CassandraProcess.java:61)
	at com.github.nosan.embedded.cassandra.process.CassandraExecutable.start(CassandraExecutable.java:49)
	at com.github.nosan.embedded.cassandra.process.CassandraExecutable.start(CassandraExecutable.java:37)
	at de.flapdoodle.embed.process.runtime.Executable.start(Executable.java:108)
	at com.github.nosan.embedded.cassandra.process.CassandraStarterTests.start(CassandraStarterTests.java:135)
	at com.github.nosan.embedded.cassandra.process.CassandraStarterTests.shouldBePossibleToStartMultiplyInstances(CassandraStarterTests.java:77)
	at sun.reflect.NativeMethodAccessorImpl.invoke0(Native Method)
	at sun.reflect.NativeMethodAccessorImpl.invoke(NativeMethodAccessorImpl.java:62)
	at sun.reflect.DelegatingMethodAccessorImpl.invoke(DelegatingMethodAccessorImpl.java:43)
	at java.lang.reflect.Method.invoke(Method.java:498)
	at org.junit.runners.model.FrameworkMethod$1.runReflectiveCall(FrameworkMethod.java:50)
	at org.junit.internal.runners.model.ReflectiveCallable.run(ReflectiveCallable.java:12)
	at org.junit.runners.model.FrameworkMethod.invokeExplosively(FrameworkMethod.java:47)
	at org.junit.internal.runners.statements.InvokeMethod.evaluate(InvokeMethod.java:17)
	at org.junit.rules.ExpectedException$ExpectedExceptionStatement.evaluate(ExpectedException.java:239)
	at org.junit.rules.RunRules.evaluate(RunRules.java:20)
	at org.junit.runners.ParentRunner.runLeaf(ParentRunner.java:325)
	at org.junit.runners.BlockJUnit4ClassRunner.runChild(BlockJUnit4ClassRunner.java:78)
	at org.junit.runners.BlockJUnit4ClassRunner.runChild(BlockJUnit4ClassRunner.java:57)
	at org.junit.runners.ParentRunner$3.run(ParentRunner.java:290)
	at org.junit.runners.ParentRunner$1.schedule(ParentRunner.java:71)
	at org.junit.runners.ParentRunner.runChildren(ParentRunner.java:288)
	at org.junit.runners.ParentRunner.access$000(ParentRunner.java:58)
	at org.junit.runners.ParentRunner$2.evaluate(ParentRunner.java:268)
	at org.junit.runners.ParentRunner.run(ParentRunner.java:363)
	at org.apache.maven.surefire.junit4.JUnit4Provider.execute(JUnit4Provider.java:365)
	at org.apache.maven.surefire.junit4.JUnit4Provider.executeWithRerun(JUnit4Provider.java:273)
	at org.apache.maven.surefire.junit4.JUnit4Provider.executeTestSet(JUnit4Provider.java:238)
	at org.apache.maven.surefire.junit4.JUnit4Provider.invoke(JUnit4Provider.java:159)
	at org.apache.maven.surefire.booter.ForkedBooter.invokeProviderInSameClassLoader(ForkedBooter.java:383)
	at org.apache.maven.surefire.booter.ForkedBooter.runSuitesInProcess(ForkedBooter.java:344)
	at org.apache.maven.surefire.booter.ForkedBooter.execute(ForkedBooter.java:125)
	at org.apache.maven.surefire.booter.ForkedBooter.main(ForkedBooter.java:417)
2018-07-08 16:21:26 [main] INFO  d.f.e.p.runtime.AbstractProcess - construct com.github.nosan.embedded.cassandra.ExecutableConfig@7a362b6b
2018-07-08 16:21:26 [main] INFO  c.g.n.e.c.process.CassandraProcess - Cassandra server has been stopped.
]]></system-out>
  </testcase>
  <testcase name="shouldStartCassandraWithNativeTrasnport" classname="com.github.nosan.embedded.cassandra.process.CassandraStarterTests" time="4.055">
    <error message="Could not start a process.&#10;----------------------&#10;Hmm.. no failure message.. &#10;...the cause must be somewhere in the process output&#10;----------------------&#10;				Running Cassandra as root user or group is not recommended - please start Cassandra using a different system user.&#10;If you really want to force running Cassandra as root, use -R command line option.&#10;" type="java.io.IOException"><![CDATA[java.io.IOException: 
Could not start a process.
----------------------
Hmm.. no failure message.. 
...the cause must be somewhere in the process output
----------------------
				Running Cassandra as root user or group is not recommended - please start Cassandra using a different system user.
If you really want to force running Cassandra as root, use -R command line option.

	at com.github.nosan.embedded.cassandra.process.CassandraProcess.onAfterProcessStart(CassandraProcess.java:110)
	at de.flapdoodle.embed.process.runtime.AbstractProcess.<init>(AbstractProcess.java:116)
	at com.github.nosan.embedded.cassandra.process.CassandraProcess.<init>(CassandraProcess.java:61)
	at com.github.nosan.embedded.cassandra.process.CassandraExecutable.start(CassandraExecutable.java:49)
	at com.github.nosan.embedded.cassandra.process.CassandraExecutable.start(CassandraExecutable.java:37)
	at de.flapdoodle.embed.process.runtime.Executable.start(Executable.java:108)
	at com.github.nosan.embedded.cassandra.process.CassandraStarterTests.start(CassandraStarterTests.java:135)
	at com.github.nosan.embedded.cassandra.process.CassandraStarterTests.shouldStartCassandraWithNativeTrasnport(CassandraStarterTests.java:57)
	at sun.reflect.NativeMethodAccessorImpl.invoke0(Native Method)
	at sun.reflect.NativeMethodAccessorImpl.invoke(NativeMethodAccessorImpl.java:62)
	at sun.reflect.DelegatingMethodAccessorImpl.invoke(DelegatingMethodAccessorImpl.java:43)
	at java.lang.reflect.Method.invoke(Method.java:498)
	at org.junit.runners.model.FrameworkMethod$1.runReflectiveCall(FrameworkMethod.java:50)
	at org.junit.internal.runners.model.ReflectiveCallable.run(ReflectiveCallable.java:12)
	at org.junit.runners.model.FrameworkMethod.invokeExplosively(FrameworkMethod.java:47)
	at org.junit.internal.runners.statements.InvokeMethod.evaluate(InvokeMethod.java:17)
	at org.junit.rules.ExpectedException$ExpectedExceptionStatement.evaluate(ExpectedException.java:239)
	at org.junit.rules.RunRules.evaluate(RunRules.java:20)
	at org.junit.runners.ParentRunner.runLeaf(ParentRunner.java:325)
	at org.junit.runners.BlockJUnit4ClassRunner.runChild(BlockJUnit4ClassRunner.java:78)
	at org.junit.runners.BlockJUnit4ClassRunner.runChild(BlockJUnit4ClassRunner.java:57)
	at org.junit.runners.ParentRunner$3.run(ParentRunner.java:290)
	at org.junit.runners.ParentRunner$1.schedule(ParentRunner.java:71)
	at org.junit.runners.ParentRunner.runChildren(ParentRunner.java:288)
	at org.junit.runners.ParentRunner.access$000(ParentRunner.java:58)
	at org.junit.runners.ParentRunner$2.evaluate(ParentRunner.java:268)
	at org.junit.runners.ParentRunner.run(ParentRunner.java:363)
	at org.apache.maven.surefire.junit4.JUnit4Provider.execute(JUnit4Provider.java:365)
	at org.apache.maven.surefire.junit4.JUnit4Provider.executeWithRerun(JUnit4Provider.java:273)
	at org.apache.maven.surefire.junit4.JUnit4Provider.executeTestSet(JUnit4Provider.java:238)
	at org.apache.maven.surefire.junit4.JUnit4Provider.invoke(JUnit4Provider.java:159)
	at org.apache.maven.surefire.booter.ForkedBooter.invokeProviderInSameClassLoader(ForkedBooter.java:383)
	at org.apache.maven.surefire.booter.ForkedBooter.runSuitesInProcess(ForkedBooter.java:344)
	at org.apache.maven.surefire.booter.ForkedBooter.execute(ForkedBooter.java:125)
	at org.apache.maven.surefire.booter.ForkedBooter.main(ForkedBooter.java:417)
]]></error>
    <system-out><![CDATA[2018-07-08 16:21:26 [main] INFO  c.g.n.e.c.p.CassandraStarterTests - Extract /root/.embedded-cassandra/cassandra/3.11.2/apache-cassandra-3.11.2-bin.tar.gz : starting...
2018-07-08 16:21:26 [main] INFO  c.g.n.e.c.p.CassandraStarterTests - Extract /root/.embedded-cassandra/cassandra/3.11.2/apache-cassandra-3.11.2-bin.tar.gz : extract apache-cassandra-3.11.2/conf/cassandra-env.ps1
2018-07-08 16:21:26 [main] INFO  c.g.n.e.c.p.CassandraStarterTests - Extract /root/.embedded-cassandra/cassandra/3.11.2/apache-cassandra-3.11.2-bin.tar.gz : extract apache-cassandra-3.11.2/conf/cassandra-env.sh
2018-07-08 16:21:26 [main] INFO  c.g.n.e.c.p.CassandraStarterTests - Extract /root/.embedded-cassandra/cassandra/3.11.2/apache-cassandra-3.11.2-bin.tar.gz : extract apache-cassandra-3.11.2/conf/cassandra-jaas.config
2018-07-08 16:21:26 [main] INFO  c.g.n.e.c.p.CassandraStarterTests - Extract /root/.embedded-cassandra/cassandra/3.11.2/apache-cassandra-3.11.2-bin.tar.gz : extract apache-cassandra-3.11.2/conf/cassandra-rackdc.properties
2018-07-08 16:21:26 [main] INFO  c.g.n.e.c.p.CassandraStarterTests - Extract /root/.embedded-cassandra/cassandra/3.11.2/apache-cassandra-3.11.2-bin.tar.gz : extract apache-cassandra-3.11.2/conf/cassandra-topology.properties
2018-07-08 16:21:26 [main] INFO  c.g.n.e.c.p.CassandraStarterTests - Extract /root/.embedded-cassandra/cassandra/3.11.2/apache-cassandra-3.11.2-bin.tar.gz : extract apache-cassandra-3.11.2/conf/cassandra.yaml
2018-07-08 16:21:26 [main] INFO  c.g.n.e.c.p.CassandraStarterTests - Extract /root/.embedded-cassandra/cassandra/3.11.2/apache-cassandra-3.11.2-bin.tar.gz : extract apache-cassandra-3.11.2/conf/commitlog_archiving.properties
2018-07-08 16:21:26 [main] INFO  c.g.n.e.c.p.CassandraStarterTests - Extract /root/.embedded-cassandra/cassandra/3.11.2/apache-cassandra-3.11.2-bin.tar.gz : extract apache-cassandra-3.11.2/conf/cqlshrc.sample
2018-07-08 16:21:26 [main] INFO  c.g.n.e.c.p.CassandraStarterTests - Extract /root/.embedded-cassandra/cassandra/3.11.2/apache-cassandra-3.11.2-bin.tar.gz : extract apache-cassandra-3.11.2/conf/hotspot_compiler
2018-07-08 16:21:26 [main] INFO  c.g.n.e.c.p.CassandraStarterTests - Extract /root/.embedded-cassandra/cassandra/3.11.2/apache-cassandra-3.11.2-bin.tar.gz : extract apache-cassandra-3.11.2/conf/jvm.options
2018-07-08 16:21:26 [main] INFO  c.g.n.e.c.p.CassandraStarterTests - Extract /root/.embedded-cassandra/cassandra/3.11.2/apache-cassandra-3.11.2-bin.tar.gz : extract apache-cassandra-3.11.2/conf/logback-tools.xml
2018-07-08 16:21:26 [main] INFO  c.g.n.e.c.p.CassandraStarterTests - Extract /root/.embedded-cassandra/cassandra/3.11.2/apache-cassandra-3.11.2-bin.tar.gz : extract apache-cassandra-3.11.2/conf/logback.xml
2018-07-08 16:21:26 [main] INFO  c.g.n.e.c.p.CassandraStarterTests - Extract /root/.embedded-cassandra/cassandra/3.11.2/apache-cassandra-3.11.2-bin.tar.gz : extract apache-cassandra-3.11.2/conf/metrics-reporter-config-sample.yaml
2018-07-08 16:21:26 [main] INFO  c.g.n.e.c.p.CassandraStarterTests - Extract /root/.embedded-cassandra/cassandra/3.11.2/apache-cassandra-3.11.2-bin.tar.gz : extract apache-cassandra-3.11.2/conf/triggers/README.txt
2018-07-08 16:21:27 [main] INFO  c.g.n.e.c.p.CassandraStarterTests - Extract /root/.embedded-cassandra/cassandra/3.11.2/apache-cassandra-3.11.2-bin.tar.gz : extract apache-cassandra-3.11.2/interface/cassandra.thrift
2018-07-08 16:21:29 [main] INFO  c.g.n.e.c.p.CassandraStarterTests - Extract /root/.embedded-cassandra/cassandra/3.11.2/apache-cassandra-3.11.2-bin.tar.gz : extract apache-cassandra-3.11.2/lib/HdrHistogram-2.1.9.jar
2018-07-08 16:21:29 [main] INFO  c.g.n.e.c.p.CassandraStarterTests - Extract /root/.embedded-cassandra/cassandra/3.11.2/apache-cassandra-3.11.2-bin.tar.gz : extract apache-cassandra-3.11.2/lib/ST4-4.0.8.jar
2018-07-08 16:21:29 [main] INFO  c.g.n.e.c.p.CassandraStarterTests - Extract /root/.embedded-cassandra/cassandra/3.11.2/apache-cassandra-3.11.2-bin.tar.gz : extract apache-cassandra-3.11.2/lib/airline-0.6.jar
2018-07-08 16:21:29 [main] INFO  c.g.n.e.c.p.CassandraStarterTests - Extract /root/.embedded-cassandra/cassandra/3.11.2/apache-cassandra-3.11.2-bin.tar.gz : extract apache-cassandra-3.11.2/lib/antlr-runtime-3.5.2.jar
2018-07-08 16:21:30 [main] INFO  c.g.n.e.c.p.CassandraStarterTests - Extract /root/.embedded-cassandra/cassandra/3.11.2/apache-cassandra-3.11.2-bin.tar.gz : extract apache-cassandra-3.11.2/lib/apache-cassandra-3.11.2.jar
2018-07-08 16:21:30 [main] INFO  c.g.n.e.c.p.CassandraStarterTests - Extract /root/.embedded-cassandra/cassandra/3.11.2/apache-cassandra-3.11.2-bin.tar.gz : extract apache-cassandra-3.11.2/lib/apache-cassandra-thrift-3.11.2.jar
2018-07-08 16:21:30 [main] INFO  c.g.n.e.c.p.CassandraStarterTests - Extract /root/.embedded-cassandra/cassandra/3.11.2/apache-cassandra-3.11.2-bin.tar.gz : extract apache-cassandra-3.11.2/lib/asm-5.0.4.jar
2018-07-08 16:21:30 [main] INFO  c.g.n.e.c.p.CassandraStarterTests - Extract /root/.embedded-cassandra/cassandra/3.11.2/apache-cassandra-3.11.2-bin.tar.gz : extract apache-cassandra-3.11.2/lib/caffeine-2.2.6.jar
2018-07-08 16:21:30 [main] INFO  c.g.n.e.c.p.CassandraStarterTests - Extract /root/.embedded-cassandra/cassandra/3.11.2/apache-cassandra-3.11.2-bin.tar.gz : extract apache-cassandra-3.11.2/lib/cassandra-driver-core-3.0.1-shaded.jar
2018-07-08 16:21:30 [main] INFO  c.g.n.e.c.p.CassandraStarterTests - Extract /root/.embedded-cassandra/cassandra/3.11.2/apache-cassandra-3.11.2-bin.tar.gz : extract apache-cassandra-3.11.2/lib/cassandra-driver-internal-only-3.10.zip
2018-07-08 16:21:30 [main] INFO  c.g.n.e.c.p.CassandraStarterTests - Extract /root/.embedded-cassandra/cassandra/3.11.2/apache-cassandra-3.11.2-bin.tar.gz : extract apache-cassandra-3.11.2/lib/cassandra-driver-internal-only-3.11.0-bb96859b.zip
2018-07-08 16:21:30 [main] INFO  c.g.n.e.c.p.CassandraStarterTests - Extract /root/.embedded-cassandra/cassandra/3.11.2/apache-cassandra-3.11.2-bin.tar.gz : extract apache-cassandra-3.11.2/lib/commons-cli-1.1.jar
2018-07-08 16:21:30 [main] INFO  c.g.n.e.c.p.CassandraStarterTests - Extract /root/.embedded-cassandra/cassandra/3.11.2/apache-cassandra-3.11.2-bin.tar.gz : extract apache-cassandra-3.11.2/lib/commons-codec-1.9.jar
2018-07-08 16:21:30 [main] INFO  c.g.n.e.c.p.CassandraStarterTests - Extract /root/.embedded-cassandra/cassandra/3.11.2/apache-cassandra-3.11.2-bin.tar.gz : extract apache-cassandra-3.11.2/lib/commons-lang3-3.1.jar
2018-07-08 16:21:30 [main] INFO  c.g.n.e.c.p.CassandraStarterTests - Extract /root/.embedded-cassandra/cassandra/3.11.2/apache-cassandra-3.11.2-bin.tar.gz : extract apache-cassandra-3.11.2/lib/commons-math3-3.2.jar
2018-07-08 16:21:30 [main] INFO  c.g.n.e.c.p.CassandraStarterTests - Extract /root/.embedded-cassandra/cassandra/3.11.2/apache-cassandra-3.11.2-bin.tar.gz : extract apache-cassandra-3.11.2/lib/compress-lzf-0.8.4.jar
2018-07-08 16:21:30 [main] INFO  c.g.n.e.c.p.CassandraStarterTests - Extract /root/.embedded-cassandra/cassandra/3.11.2/apache-cassandra-3.11.2-bin.tar.gz : extract apache-cassandra-3.11.2/lib/concurrent-trees-2.4.0.jar
2018-07-08 16:21:30 [main] INFO  c.g.n.e.c.p.CassandraStarterTests - Extract /root/.embedded-cassandra/cassandra/3.11.2/apache-cassandra-3.11.2-bin.tar.gz : extract apache-cassandra-3.11.2/lib/concurrentlinkedhashmap-lru-1.4.jar
2018-07-08 16:21:30 [main] INFO  c.g.n.e.c.p.CassandraStarterTests - Extract /root/.embedded-cassandra/cassandra/3.11.2/apache-cassandra-3.11.2-bin.tar.gz : extract apache-cassandra-3.11.2/lib/disruptor-3.0.1.jar
2018-07-08 16:21:30 [main] INFO  c.g.n.e.c.p.CassandraStarterTests - Extract /root/.embedded-cassandra/cassandra/3.11.2/apache-cassandra-3.11.2-bin.tar.gz : extract apache-cassandra-3.11.2/lib/ecj-4.4.2.jar
2018-07-08 16:21:30 [main] INFO  c.g.n.e.c.p.CassandraStarterTests - Extract /root/.embedded-cassandra/cassandra/3.11.2/apache-cassandra-3.11.2-bin.tar.gz : extract apache-cassandra-3.11.2/lib/futures-2.1.6-py2.py3-none-any.zip
2018-07-08 16:21:30 [main] INFO  c.g.n.e.c.p.CassandraStarterTests - Extract /root/.embedded-cassandra/cassandra/3.11.2/apache-cassandra-3.11.2-bin.tar.gz : extract apache-cassandra-3.11.2/lib/guava-18.0.jar
2018-07-08 16:21:30 [main] INFO  c.g.n.e.c.p.CassandraStarterTests - Extract /root/.embedded-cassandra/cassandra/3.11.2/apache-cassandra-3.11.2-bin.tar.gz : extract apache-cassandra-3.11.2/lib/high-scale-lib-1.0.6.jar
2018-07-08 16:21:30 [main] INFO  c.g.n.e.c.p.CassandraStarterTests - Extract /root/.embedded-cassandra/cassandra/3.11.2/apache-cassandra-3.11.2-bin.tar.gz : extract apache-cassandra-3.11.2/lib/hppc-0.5.4.jar
2018-07-08 16:21:30 [main] INFO  c.g.n.e.c.p.CassandraStarterTests - Extract /root/.embedded-cassandra/cassandra/3.11.2/apache-cassandra-3.11.2-bin.tar.gz : extract apache-cassandra-3.11.2/lib/jackson-core-asl-1.9.13.jar
2018-07-08 16:21:30 [main] INFO  c.g.n.e.c.p.CassandraStarterTests - Extract /root/.embedded-cassandra/cassandra/3.11.2/apache-cassandra-3.11.2-bin.tar.gz : extract apache-cassandra-3.11.2/lib/jackson-mapper-asl-1.9.13.jar
2018-07-08 16:21:30 [main] INFO  c.g.n.e.c.p.CassandraStarterTests - Extract /root/.embedded-cassandra/cassandra/3.11.2/apache-cassandra-3.11.2-bin.tar.gz : extract apache-cassandra-3.11.2/lib/jamm-0.3.0.jar
2018-07-08 16:21:30 [main] INFO  c.g.n.e.c.p.CassandraStarterTests - Extract /root/.embedded-cassandra/cassandra/3.11.2/apache-cassandra-3.11.2-bin.tar.gz : extract apache-cassandra-3.11.2/lib/javax.inject.jar
2018-07-08 16:21:30 [main] INFO  c.g.n.e.c.p.CassandraStarterTests - Extract /root/.embedded-cassandra/cassandra/3.11.2/apache-cassandra-3.11.2-bin.tar.gz : extract apache-cassandra-3.11.2/lib/jbcrypt-0.3m.jar
2018-07-08 16:21:30 [main] INFO  c.g.n.e.c.p.CassandraStarterTests - Extract /root/.embedded-cassandra/cassandra/3.11.2/apache-cassandra-3.11.2-bin.tar.gz : extract apache-cassandra-3.11.2/lib/jcl-over-slf4j-1.7.7.jar
2018-07-08 16:21:30 [main] INFO  c.g.n.e.c.p.CassandraStarterTests - Extract /root/.embedded-cassandra/cassandra/3.11.2/apache-cassandra-3.11.2-bin.tar.gz : extract apache-cassandra-3.11.2/lib/jctools-core-1.2.1.jar
2018-07-08 16:21:30 [main] INFO  c.g.n.e.c.p.CassandraStarterTests - Extract /root/.embedded-cassandra/cassandra/3.11.2/apache-cassandra-3.11.2-bin.tar.gz : extract apache-cassandra-3.11.2/lib/jflex-1.6.0.jar
2018-07-08 16:21:30 [main] INFO  c.g.n.e.c.p.CassandraStarterTests - Extract /root/.embedded-cassandra/cassandra/3.11.2/apache-cassandra-3.11.2-bin.tar.gz : extract apache-cassandra-3.11.2/lib/jna-4.2.2.jar
2018-07-08 16:21:30 [main] INFO  c.g.n.e.c.p.CassandraStarterTests - Extract /root/.embedded-cassandra/cassandra/3.11.2/apache-cassandra-3.11.2-bin.tar.gz : extract apache-cassandra-3.11.2/lib/joda-time-2.4.jar
2018-07-08 16:21:30 [main] INFO  c.g.n.e.c.p.CassandraStarterTests - Extract /root/.embedded-cassandra/cassandra/3.11.2/apache-cassandra-3.11.2-bin.tar.gz : extract apache-cassandra-3.11.2/lib/json-simple-1.1.jar
2018-07-08 16:21:30 [main] INFO  c.g.n.e.c.p.CassandraStarterTests - Extract /root/.embedded-cassandra/cassandra/3.11.2/apache-cassandra-3.11.2-bin.tar.gz : extract apache-cassandra-3.11.2/lib/jstackjunit-0.0.1.jar
2018-07-08 16:21:30 [main] INFO  c.g.n.e.c.p.CassandraStarterTests - Extract /root/.embedded-cassandra/cassandra/3.11.2/apache-cassandra-3.11.2-bin.tar.gz : extract apache-cassandra-3.11.2/lib/libthrift-0.9.2.jar
2018-07-08 16:21:30 [main] INFO  c.g.n.e.c.p.CassandraStarterTests - Extract /root/.embedded-cassandra/cassandra/3.11.2/apache-cassandra-3.11.2-bin.tar.gz : extract apache-cassandra-3.11.2/lib/log4j-over-slf4j-1.7.7.jar
2018-07-08 16:21:30 [main] INFO  c.g.n.e.c.p.CassandraStarterTests - Extract /root/.embedded-cassandra/cassandra/3.11.2/apache-cassandra-3.11.2-bin.tar.gz : extract apache-cassandra-3.11.2/lib/logback-classic-1.1.3.jar
2018-07-08 16:21:30 [main] INFO  c.g.n.e.c.p.CassandraStarterTests - Extract /root/.embedded-cassandra/cassandra/3.11.2/apache-cassandra-3.11.2-bin.tar.gz : extract apache-cassandra-3.11.2/lib/logback-core-1.1.3.jar
2018-07-08 16:21:30 [main] INFO  c.g.n.e.c.p.CassandraStarterTests - Extract /root/.embedded-cassandra/cassandra/3.11.2/apache-cassandra-3.11.2-bin.tar.gz : extract apache-cassandra-3.11.2/lib/lz4-1.3.0.jar
2018-07-08 16:21:30 [main] INFO  c.g.n.e.c.p.CassandraStarterTests - Extract /root/.embedded-cassandra/cassandra/3.11.2/apache-cassandra-3.11.2-bin.tar.gz : extract apache-cassandra-3.11.2/lib/metrics-core-3.1.0.jar
2018-07-08 16:21:30 [main] INFO  c.g.n.e.c.p.CassandraStarterTests - Extract /root/.embedded-cassandra/cassandra/3.11.2/apache-cassandra-3.11.2-bin.tar.gz : extract apache-cassandra-3.11.2/lib/metrics-jvm-3.1.0.jar
2018-07-08 16:21:30 [main] INFO  c.g.n.e.c.p.CassandraStarterTests - Extract /root/.embedded-cassandra/cassandra/3.11.2/apache-cassandra-3.11.2-bin.tar.gz : extract apache-cassandra-3.11.2/lib/metrics-logback-3.1.0.jar
2018-07-08 16:21:30 [main] INFO  c.g.n.e.c.p.CassandraStarterTests - Extract /root/.embedded-cassandra/cassandra/3.11.2/apache-cassandra-3.11.2-bin.tar.gz : extract apache-cassandra-3.11.2/lib/netty-all-4.0.44.Final.jar
2018-07-08 16:21:30 [main] INFO  c.g.n.e.c.p.CassandraStarterTests - Extract /root/.embedded-cassandra/cassandra/3.11.2/apache-cassandra-3.11.2-bin.tar.gz : extract apache-cassandra-3.11.2/lib/ohc-core-0.4.4.jar
2018-07-08 16:21:30 [main] INFO  c.g.n.e.c.p.CassandraStarterTests - Extract /root/.embedded-cassandra/cassandra/3.11.2/apache-cassandra-3.11.2-bin.tar.gz : extract apache-cassandra-3.11.2/lib/ohc-core-j8-0.4.4.jar
2018-07-08 16:21:30 [main] INFO  c.g.n.e.c.p.CassandraStarterTests - Extract /root/.embedded-cassandra/cassandra/3.11.2/apache-cassandra-3.11.2-bin.tar.gz : extract apache-cassandra-3.11.2/lib/reporter-config-base-3.0.3.jar
2018-07-08 16:21:30 [main] INFO  c.g.n.e.c.p.CassandraStarterTests - Extract /root/.embedded-cassandra/cassandra/3.11.2/apache-cassandra-3.11.2-bin.tar.gz : extract apache-cassandra-3.11.2/lib/reporter-config3-3.0.3.jar
2018-07-08 16:21:30 [main] INFO  c.g.n.e.c.p.CassandraStarterTests - Extract /root/.embedded-cassandra/cassandra/3.11.2/apache-cassandra-3.11.2-bin.tar.gz : extract apache-cassandra-3.11.2/lib/sigar-1.6.4.jar
2018-07-08 16:21:30 [main] INFO  c.g.n.e.c.p.CassandraStarterTests - Extract /root/.embedded-cassandra/cassandra/3.11.2/apache-cassandra-3.11.2-bin.tar.gz : extract apache-cassandra-3.11.2/lib/sigar-bin/libsigar-amd64-freebsd-6.so
2018-07-08 16:21:30 [main] INFO  c.g.n.e.c.p.CassandraStarterTests - Extract /root/.embedded-cassandra/cassandra/3.11.2/apache-cassandra-3.11.2-bin.tar.gz : extract apache-cassandra-3.11.2/lib/sigar-bin/libsigar-amd64-linux.so
2018-07-08 16:21:30 [main] INFO  c.g.n.e.c.p.CassandraStarterTests - Extract /root/.embedded-cassandra/cassandra/3.11.2/apache-cassandra-3.11.2-bin.tar.gz : extract apache-cassandra-3.11.2/lib/sigar-bin/libsigar-amd64-solaris.so
2018-07-08 16:21:30 [main] INFO  c.g.n.e.c.p.CassandraStarterTests - Extract /root/.embedded-cassandra/cassandra/3.11.2/apache-cassandra-3.11.2-bin.tar.gz : extract apache-cassandra-3.11.2/lib/sigar-bin/libsigar-ia64-hpux-11.sl
2018-07-08 16:21:30 [main] INFO  c.g.n.e.c.p.CassandraStarterTests - Extract /root/.embedded-cassandra/cassandra/3.11.2/apache-cassandra-3.11.2-bin.tar.gz : extract apache-cassandra-3.11.2/lib/sigar-bin/libsigar-ia64-linux.so
2018-07-08 16:21:30 [main] INFO  c.g.n.e.c.p.CassandraStarterTests - Extract /root/.embedded-cassandra/cassandra/3.11.2/apache-cassandra-3.11.2-bin.tar.gz : extract apache-cassandra-3.11.2/lib/sigar-bin/libsigar-pa-hpux-11.sl
2018-07-08 16:21:30 [main] INFO  c.g.n.e.c.p.CassandraStarterTests - Extract /root/.embedded-cassandra/cassandra/3.11.2/apache-cassandra-3.11.2-bin.tar.gz : extract apache-cassandra-3.11.2/lib/sigar-bin/libsigar-ppc-aix-5.so
2018-07-08 16:21:30 [main] INFO  c.g.n.e.c.p.CassandraStarterTests - Extract /root/.embedded-cassandra/cassandra/3.11.2/apache-cassandra-3.11.2-bin.tar.gz : extract apache-cassandra-3.11.2/lib/sigar-bin/libsigar-ppc-linux.so
2018-07-08 16:21:30 [main] INFO  c.g.n.e.c.p.CassandraStarterTests - Extract /root/.embedded-cassandra/cassandra/3.11.2/apache-cassandra-3.11.2-bin.tar.gz : extract apache-cassandra-3.11.2/lib/sigar-bin/libsigar-ppc64-aix-5.so
2018-07-08 16:21:30 [main] INFO  c.g.n.e.c.p.CassandraStarterTests - Extract /root/.embedded-cassandra/cassandra/3.11.2/apache-cassandra-3.11.2-bin.tar.gz : extract apache-cassandra-3.11.2/lib/sigar-bin/libsigar-ppc64-linux.so
2018-07-08 16:21:30 [main] INFO  c.g.n.e.c.p.CassandraStarterTests - Extract /root/.embedded-cassandra/cassandra/3.11.2/apache-cassandra-3.11.2-bin.tar.gz : extract apache-cassandra-3.11.2/lib/sigar-bin/libsigar-s390x-linux.so
2018-07-08 16:21:30 [main] INFO  c.g.n.e.c.p.CassandraStarterTests - Extract /root/.embedded-cassandra/cassandra/3.11.2/apache-cassandra-3.11.2-bin.tar.gz : extract apache-cassandra-3.11.2/lib/sigar-bin/libsigar-sparc-solaris.so
2018-07-08 16:21:30 [main] INFO  c.g.n.e.c.p.CassandraStarterTests - Extract /root/.embedded-cassandra/cassandra/3.11.2/apache-cassandra-3.11.2-bin.tar.gz : extract apache-cassandra-3.11.2/lib/sigar-bin/libsigar-sparc64-solaris.so
2018-07-08 16:21:30 [main] INFO  c.g.n.e.c.p.CassandraStarterTests - Extract /root/.embedded-cassandra/cassandra/3.11.2/apache-cassandra-3.11.2-bin.tar.gz : extract apache-cassandra-3.11.2/lib/sigar-bin/libsigar-universal-macosx.dylib
2018-07-08 16:21:30 [main] INFO  c.g.n.e.c.p.CassandraStarterTests - Extract /root/.embedded-cassandra/cassandra/3.11.2/apache-cassandra-3.11.2-bin.tar.gz : extract apache-cassandra-3.11.2/lib/sigar-bin/libsigar-universal64-macosx.dylib
2018-07-08 16:21:30 [main] INFO  c.g.n.e.c.p.CassandraStarterTests - Extract /root/.embedded-cassandra/cassandra/3.11.2/apache-cassandra-3.11.2-bin.tar.gz : extract apache-cassandra-3.11.2/lib/sigar-bin/libsigar-x86-freebsd-5.so
2018-07-08 16:21:30 [main] INFO  c.g.n.e.c.p.CassandraStarterTests - Extract /root/.embedded-cassandra/cassandra/3.11.2/apache-cassandra-3.11.2-bin.tar.gz : extract apache-cassandra-3.11.2/lib/sigar-bin/libsigar-x86-freebsd-6.so
2018-07-08 16:21:30 [main] INFO  c.g.n.e.c.p.CassandraStarterTests - Extract /root/.embedded-cassandra/cassandra/3.11.2/apache-cassandra-3.11.2-bin.tar.gz : extract apache-cassandra-3.11.2/lib/sigar-bin/libsigar-x86-linux.so
2018-07-08 16:21:30 [main] INFO  c.g.n.e.c.p.CassandraStarterTests - Extract /root/.embedded-cassandra/cassandra/3.11.2/apache-cassandra-3.11.2-bin.tar.gz : extract apache-cassandra-3.11.2/lib/sigar-bin/libsigar-x86-solaris.so
2018-07-08 16:21:30 [main] INFO  c.g.n.e.c.p.CassandraStarterTests - Extract /root/.embedded-cassandra/cassandra/3.11.2/apache-cassandra-3.11.2-bin.tar.gz : extract apache-cassandra-3.11.2/lib/sigar-bin/sigar-amd64-winnt.dll
2018-07-08 16:21:30 [main] INFO  c.g.n.e.c.p.CassandraStarterTests - Extract /root/.embedded-cassandra/cassandra/3.11.2/apache-cassandra-3.11.2-bin.tar.gz : extract apache-cassandra-3.11.2/lib/sigar-bin/sigar-x86-winnt.dll
2018-07-08 16:21:30 [main] INFO  c.g.n.e.c.p.CassandraStarterTests - Extract /root/.embedded-cassandra/cassandra/3.11.2/apache-cassandra-3.11.2-bin.tar.gz : extract apache-cassandra-3.11.2/lib/sigar-bin/sigar-x86-winnt.lib
2018-07-08 16:21:30 [main] INFO  c.g.n.e.c.p.CassandraStarterTests - Extract /root/.embedded-cassandra/cassandra/3.11.2/apache-cassandra-3.11.2-bin.tar.gz : extract apache-cassandra-3.11.2/lib/six-1.7.3-py2.py3-none-any.zip
2018-07-08 16:21:30 [main] INFO  c.g.n.e.c.p.CassandraStarterTests - Extract /root/.embedded-cassandra/cassandra/3.11.2/apache-cassandra-3.11.2-bin.tar.gz : extract apache-cassandra-3.11.2/lib/slf4j-api-1.7.7.jar
2018-07-08 16:21:30 [main] INFO  c.g.n.e.c.p.CassandraStarterTests - Extract /root/.embedded-cassandra/cassandra/3.11.2/apache-cassandra-3.11.2-bin.tar.gz : extract apache-cassandra-3.11.2/lib/snakeyaml-1.11.jar
2018-07-08 16:21:30 [main] INFO  c.g.n.e.c.p.CassandraStarterTests - Extract /root/.embedded-cassandra/cassandra/3.11.2/apache-cassandra-3.11.2-bin.tar.gz : extract apache-cassandra-3.11.2/lib/snappy-java-1.1.1.7.jar
2018-07-08 16:21:30 [main] INFO  c.g.n.e.c.p.CassandraStarterTests - Extract /root/.embedded-cassandra/cassandra/3.11.2/apache-cassandra-3.11.2-bin.tar.gz : extract apache-cassandra-3.11.2/lib/snowball-stemmer-1.3.0.581.1.jar
2018-07-08 16:21:30 [main] INFO  c.g.n.e.c.p.CassandraStarterTests - Extract /root/.embedded-cassandra/cassandra/3.11.2/apache-cassandra-3.11.2-bin.tar.gz : extract apache-cassandra-3.11.2/lib/stream-2.5.2.jar
2018-07-08 16:21:30 [main] INFO  c.g.n.e.c.p.CassandraStarterTests - Extract /root/.embedded-cassandra/cassandra/3.11.2/apache-cassandra-3.11.2-bin.tar.gz : extract apache-cassandra-3.11.2/lib/thrift-server-0.3.7.jar
2018-07-08 16:21:30 [main] INFO  c.g.n.e.c.p.CassandraStarterTests - Extract /root/.embedded-cassandra/cassandra/3.11.2/apache-cassandra-3.11.2-bin.tar.gz : extract apache-cassandra-3.11.2/pylib/cqlshlib/__init__.py
2018-07-08 16:21:30 [main] INFO  c.g.n.e.c.p.CassandraStarterTests - Extract /root/.embedded-cassandra/cassandra/3.11.2/apache-cassandra-3.11.2-bin.tar.gz : extract apache-cassandra-3.11.2/pylib/cqlshlib/copyutil.py
2018-07-08 16:21:30 [main] INFO  c.g.n.e.c.p.CassandraStarterTests - Extract /root/.embedded-cassandra/cassandra/3.11.2/apache-cassandra-3.11.2-bin.tar.gz : extract apache-cassandra-3.11.2/pylib/cqlshlib/cql3handling.py
2018-07-08 16:21:30 [main] INFO  c.g.n.e.c.p.CassandraStarterTests - Extract /root/.embedded-cassandra/cassandra/3.11.2/apache-cassandra-3.11.2-bin.tar.gz : extract apache-cassandra-3.11.2/pylib/cqlshlib/cqlhandling.py
2018-07-08 16:21:30 [main] INFO  c.g.n.e.c.p.CassandraStarterTests - Extract /root/.embedded-cassandra/cassandra/3.11.2/apache-cassandra-3.11.2-bin.tar.gz : extract apache-cassandra-3.11.2/pylib/cqlshlib/cqlshhandling.py
2018-07-08 16:21:30 [main] INFO  c.g.n.e.c.p.CassandraStarterTests - Extract /root/.embedded-cassandra/cassandra/3.11.2/apache-cassandra-3.11.2-bin.tar.gz : extract apache-cassandra-3.11.2/pylib/cqlshlib/displaying.py
2018-07-08 16:21:30 [main] INFO  c.g.n.e.c.p.CassandraStarterTests - Extract /root/.embedded-cassandra/cassandra/3.11.2/apache-cassandra-3.11.2-bin.tar.gz : extract apache-cassandra-3.11.2/pylib/cqlshlib/formatting.py
2018-07-08 16:21:30 [main] INFO  c.g.n.e.c.p.CassandraStarterTests - Extract /root/.embedded-cassandra/cassandra/3.11.2/apache-cassandra-3.11.2-bin.tar.gz : extract apache-cassandra-3.11.2/pylib/cqlshlib/helptopics.py
2018-07-08 16:21:30 [main] INFO  c.g.n.e.c.p.CassandraStarterTests - Extract /root/.embedded-cassandra/cassandra/3.11.2/apache-cassandra-3.11.2-bin.tar.gz : extract apache-cassandra-3.11.2/pylib/cqlshlib/pylexotron.py
2018-07-08 16:21:30 [main] INFO  c.g.n.e.c.p.CassandraStarterTests - Extract /root/.embedded-cassandra/cassandra/3.11.2/apache-cassandra-3.11.2-bin.tar.gz : extract apache-cassandra-3.11.2/pylib/cqlshlib/saferscanner.py
2018-07-08 16:21:30 [main] INFO  c.g.n.e.c.p.CassandraStarterTests - Extract /root/.embedded-cassandra/cassandra/3.11.2/apache-cassandra-3.11.2-bin.tar.gz : extract apache-cassandra-3.11.2/pylib/cqlshlib/sslhandling.py
2018-07-08 16:21:30 [main] INFO  c.g.n.e.c.p.CassandraStarterTests - Extract /root/.embedded-cassandra/cassandra/3.11.2/apache-cassandra-3.11.2-bin.tar.gz : extract apache-cassandra-3.11.2/pylib/cqlshlib/test/__init__.py
2018-07-08 16:21:30 [main] INFO  c.g.n.e.c.p.CassandraStarterTests - Extract /root/.embedded-cassandra/cassandra/3.11.2/apache-cassandra-3.11.2-bin.tar.gz : extract apache-cassandra-3.11.2/pylib/cqlshlib/test/ansi_colors.py
2018-07-08 16:21:30 [main] INFO  c.g.n.e.c.p.CassandraStarterTests - Extract /root/.embedded-cassandra/cassandra/3.11.2/apache-cassandra-3.11.2-bin.tar.gz : extract apache-cassandra-3.11.2/pylib/cqlshlib/test/basecase.py
2018-07-08 16:21:30 [main] INFO  c.g.n.e.c.p.CassandraStarterTests - Extract /root/.embedded-cassandra/cassandra/3.11.2/apache-cassandra-3.11.2-bin.tar.gz : extract apache-cassandra-3.11.2/pylib/cqlshlib/test/cassconnect.py
2018-07-08 16:21:30 [main] INFO  c.g.n.e.c.p.CassandraStarterTests - Extract /root/.embedded-cassandra/cassandra/3.11.2/apache-cassandra-3.11.2-bin.tar.gz : extract apache-cassandra-3.11.2/pylib/cqlshlib/test/run_cqlsh.py
2018-07-08 16:21:30 [main] INFO  c.g.n.e.c.p.CassandraStarterTests - Extract /root/.embedded-cassandra/cassandra/3.11.2/apache-cassandra-3.11.2-bin.tar.gz : extract apache-cassandra-3.11.2/pylib/cqlshlib/test/test_cql_parsing.py
2018-07-08 16:21:30 [main] INFO  c.g.n.e.c.p.CassandraStarterTests - Extract /root/.embedded-cassandra/cassandra/3.11.2/apache-cassandra-3.11.2-bin.tar.gz : extract apache-cassandra-3.11.2/pylib/cqlshlib/test/test_cqlsh_commands.py
2018-07-08 16:21:30 [main] INFO  c.g.n.e.c.p.CassandraStarterTests - Extract /root/.embedded-cassandra/cassandra/3.11.2/apache-cassandra-3.11.2-bin.tar.gz : extract apache-cassandra-3.11.2/pylib/cqlshlib/test/test_cqlsh_completion.py
2018-07-08 16:21:30 [main] INFO  c.g.n.e.c.p.CassandraStarterTests - Extract /root/.embedded-cassandra/cassandra/3.11.2/apache-cassandra-3.11.2-bin.tar.gz : extract apache-cassandra-3.11.2/pylib/cqlshlib/test/test_cqlsh_invocation.py
2018-07-08 16:21:30 [main] INFO  c.g.n.e.c.p.CassandraStarterTests - Extract /root/.embedded-cassandra/cassandra/3.11.2/apache-cassandra-3.11.2-bin.tar.gz : extract apache-cassandra-3.11.2/pylib/cqlshlib/test/test_cqlsh_output.py
2018-07-08 16:21:30 [main] INFO  c.g.n.e.c.p.CassandraStarterTests - Extract /root/.embedded-cassandra/cassandra/3.11.2/apache-cassandra-3.11.2-bin.tar.gz : extract apache-cassandra-3.11.2/pylib/cqlshlib/test/test_cqlsh_parsing.py
2018-07-08 16:21:30 [main] INFO  c.g.n.e.c.p.CassandraStarterTests - Extract /root/.embedded-cassandra/cassandra/3.11.2/apache-cassandra-3.11.2-bin.tar.gz : extract apache-cassandra-3.11.2/pylib/cqlshlib/test/test_keyspace_init.cql
2018-07-08 16:21:30 [main] INFO  c.g.n.e.c.p.CassandraStarterTests - Extract /root/.embedded-cassandra/cassandra/3.11.2/apache-cassandra-3.11.2-bin.tar.gz : extract apache-cassandra-3.11.2/pylib/cqlshlib/test/winpty.py
2018-07-08 16:21:30 [main] INFO  c.g.n.e.c.p.CassandraStarterTests - Extract /root/.embedded-cassandra/cassandra/3.11.2/apache-cassandra-3.11.2-bin.tar.gz : extract apache-cassandra-3.11.2/pylib/cqlshlib/tracing.py
2018-07-08 16:21:30 [main] INFO  c.g.n.e.c.p.CassandraStarterTests - Extract /root/.embedded-cassandra/cassandra/3.11.2/apache-cassandra-3.11.2-bin.tar.gz : extract apache-cassandra-3.11.2/pylib/cqlshlib/util.py
2018-07-08 16:21:30 [main] INFO  c.g.n.e.c.p.CassandraStarterTests - Extract /root/.embedded-cassandra/cassandra/3.11.2/apache-cassandra-3.11.2-bin.tar.gz : extract apache-cassandra-3.11.2/pylib/cqlshlib/wcwidth.py
2018-07-08 16:21:30 [main] INFO  c.g.n.e.c.p.CassandraStarterTests - Extract /root/.embedded-cassandra/cassandra/3.11.2/apache-cassandra-3.11.2-bin.tar.gz : extract apache-cassandra-3.11.2/pylib/setup.py
2018-07-08 16:21:30 [main] INFO  c.g.n.e.c.p.CassandraStarterTests - Extract /root/.embedded-cassandra/cassandra/3.11.2/apache-cassandra-3.11.2-bin.tar.gz : extract apache-cassandra-3.11.2/tools/bin/cassandra-stress
2018-07-08 16:21:30 [main] INFO  c.g.n.e.c.p.CassandraStarterTests - Extract /root/.embedded-cassandra/cassandra/3.11.2/apache-cassandra-3.11.2-bin.tar.gz : extract apache-cassandra-3.11.2/tools/bin/cassandra-stress.bat
2018-07-08 16:21:30 [main] INFO  c.g.n.e.c.p.CassandraStarterTests - Extract /root/.embedded-cassandra/cassandra/3.11.2/apache-cassandra-3.11.2-bin.tar.gz : extract apache-cassandra-3.11.2/tools/bin/cassandra-stressd
2018-07-08 16:21:30 [main] INFO  c.g.n.e.c.p.CassandraStarterTests - Extract /root/.embedded-cassandra/cassandra/3.11.2/apache-cassandra-3.11.2-bin.tar.gz : extract apache-cassandra-3.11.2/tools/bin/cassandra.in.bat
2018-07-08 16:21:30 [main] INFO  c.g.n.e.c.p.CassandraStarterTests - Extract /root/.embedded-cassandra/cassandra/3.11.2/apache-cassandra-3.11.2-bin.tar.gz : extract apache-cassandra-3.11.2/tools/bin/cassandra.in.sh
2018-07-08 16:21:30 [main] INFO  c.g.n.e.c.p.CassandraStarterTests - Extract /root/.embedded-cassandra/cassandra/3.11.2/apache-cassandra-3.11.2-bin.tar.gz : extract apache-cassandra-3.11.2/tools/bin/compaction-stress
2018-07-08 16:21:30 [main] INFO  c.g.n.e.c.p.CassandraStarterTests - Extract /root/.embedded-cassandra/cassandra/3.11.2/apache-cassandra-3.11.2-bin.tar.gz : extract apache-cassandra-3.11.2/tools/bin/sstabledump
2018-07-08 16:21:30 [main] INFO  c.g.n.e.c.p.CassandraStarterTests - Extract /root/.embedded-cassandra/cassandra/3.11.2/apache-cassandra-3.11.2-bin.tar.gz : extract apache-cassandra-3.11.2/tools/bin/sstabledump.bat
2018-07-08 16:21:30 [main] INFO  c.g.n.e.c.p.CassandraStarterTests - Extract /root/.embedded-cassandra/cassandra/3.11.2/apache-cassandra-3.11.2-bin.tar.gz : extract apache-cassandra-3.11.2/tools/bin/sstableexpiredblockers
2018-07-08 16:21:30 [main] INFO  c.g.n.e.c.p.CassandraStarterTests - Extract /root/.embedded-cassandra/cassandra/3.11.2/apache-cassandra-3.11.2-bin.tar.gz : extract apache-cassandra-3.11.2/tools/bin/sstableexpiredblockers.bat
2018-07-08 16:21:30 [main] INFO  c.g.n.e.c.p.CassandraStarterTests - Extract /root/.embedded-cassandra/cassandra/3.11.2/apache-cassandra-3.11.2-bin.tar.gz : extract apache-cassandra-3.11.2/tools/bin/sstablelevelreset
2018-07-08 16:21:30 [main] INFO  c.g.n.e.c.p.CassandraStarterTests - Extract /root/.embedded-cassandra/cassandra/3.11.2/apache-cassandra-3.11.2-bin.tar.gz : extract apache-cassandra-3.11.2/tools/bin/sstablelevelreset.bat
2018-07-08 16:21:30 [main] INFO  c.g.n.e.c.p.CassandraStarterTests - Extract /root/.embedded-cassandra/cassandra/3.11.2/apache-cassandra-3.11.2-bin.tar.gz : extract apache-cassandra-3.11.2/tools/bin/sstablemetadata
2018-07-08 16:21:30 [main] INFO  c.g.n.e.c.p.CassandraStarterTests - Extract /root/.embedded-cassandra/cassandra/3.11.2/apache-cassandra-3.11.2-bin.tar.gz : extract apache-cassandra-3.11.2/tools/bin/sstablemetadata.bat
2018-07-08 16:21:30 [main] INFO  c.g.n.e.c.p.CassandraStarterTests - Extract /root/.embedded-cassandra/cassandra/3.11.2/apache-cassandra-3.11.2-bin.tar.gz : extract apache-cassandra-3.11.2/tools/bin/sstableofflinerelevel
2018-07-08 16:21:30 [main] INFO  c.g.n.e.c.p.CassandraStarterTests - Extract /root/.embedded-cassandra/cassandra/3.11.2/apache-cassandra-3.11.2-bin.tar.gz : extract apache-cassandra-3.11.2/tools/bin/sstableofflinerelevel.bat
2018-07-08 16:21:30 [main] INFO  c.g.n.e.c.p.CassandraStarterTests - Extract /root/.embedded-cassandra/cassandra/3.11.2/apache-cassandra-3.11.2-bin.tar.gz : extract apache-cassandra-3.11.2/tools/bin/sstablerepairedset
2018-07-08 16:21:30 [main] INFO  c.g.n.e.c.p.CassandraStarterTests - Extract /root/.embedded-cassandra/cassandra/3.11.2/apache-cassandra-3.11.2-bin.tar.gz : extract apache-cassandra-3.11.2/tools/bin/sstablerepairedset.bat
2018-07-08 16:21:30 [main] INFO  c.g.n.e.c.p.CassandraStarterTests - Extract /root/.embedded-cassandra/cassandra/3.11.2/apache-cassandra-3.11.2-bin.tar.gz : extract apache-cassandra-3.11.2/tools/bin/sstablesplit
2018-07-08 16:21:30 [main] INFO  c.g.n.e.c.p.CassandraStarterTests - Extract /root/.embedded-cassandra/cassandra/3.11.2/apache-cassandra-3.11.2-bin.tar.gz : extract apache-cassandra-3.11.2/tools/bin/sstablesplit.bat
2018-07-08 16:21:30 [main] INFO  c.g.n.e.c.p.CassandraStarterTests - Extract /root/.embedded-cassandra/cassandra/3.11.2/apache-cassandra-3.11.2-bin.tar.gz : extract apache-cassandra-3.11.2/tools/cqlstress-counter-example.yaml
2018-07-08 16:21:30 [main] INFO  c.g.n.e.c.p.CassandraStarterTests - Extract /root/.embedded-cassandra/cassandra/3.11.2/apache-cassandra-3.11.2-bin.tar.gz : extract apache-cassandra-3.11.2/tools/cqlstress-example.yaml
2018-07-08 16:21:30 [main] INFO  c.g.n.e.c.p.CassandraStarterTests - Extract /root/.embedded-cassandra/cassandra/3.11.2/apache-cassandra-3.11.2-bin.tar.gz : extract apache-cassandra-3.11.2/tools/cqlstress-insanity-example.yaml
2018-07-08 16:21:30 [main] INFO  c.g.n.e.c.p.CassandraStarterTests - Extract /root/.embedded-cassandra/cassandra/3.11.2/apache-cassandra-3.11.2-bin.tar.gz : extract apache-cassandra-3.11.2/tools/lib/stress.jar
2018-07-08 16:21:30 [main] INFO  c.g.n.e.c.p.CassandraStarterTests - Extract /root/.embedded-cassandra/cassandra/3.11.2/apache-cassandra-3.11.2-bin.tar.gz : extract apache-cassandra-3.11.2/bin/cassandra.in.sh
2018-07-08 16:21:30 [main] INFO  c.g.n.e.c.p.CassandraStarterTests - Extract /root/.embedded-cassandra/cassandra/3.11.2/apache-cassandra-3.11.2-bin.tar.gz : extract apache-cassandra-3.11.2/bin/cassandra
2018-07-08 16:21:30 [main] INFO  c.g.n.e.c.p.CassandraStarterTests - Extract /root/.embedded-cassandra/cassandra/3.11.2/apache-cassandra-3.11.2-bin.tar.gz : extract apache-cassandra-3.11.2/bin/cassandra.bat
2018-07-08 16:21:30 [main] INFO  c.g.n.e.c.p.CassandraStarterTests - Extract /root/.embedded-cassandra/cassandra/3.11.2/apache-cassandra-3.11.2-bin.tar.gz : extract apache-cassandra-3.11.2/bin/cassandra.in.bat
2018-07-08 16:21:30 [main] INFO  c.g.n.e.c.p.CassandraStarterTests - Extract /root/.embedded-cassandra/cassandra/3.11.2/apache-cassandra-3.11.2-bin.tar.gz : extract apache-cassandra-3.11.2/bin/cqlsh
2018-07-08 16:21:30 [main] INFO  c.g.n.e.c.p.CassandraStarterTests - Extract /root/.embedded-cassandra/cassandra/3.11.2/apache-cassandra-3.11.2-bin.tar.gz : extract apache-cassandra-3.11.2/bin/cqlsh.bat
2018-07-08 16:21:30 [main] INFO  c.g.n.e.c.p.CassandraStarterTests - Extract /root/.embedded-cassandra/cassandra/3.11.2/apache-cassandra-3.11.2-bin.tar.gz : extract apache-cassandra-3.11.2/bin/cqlsh.py
2018-07-08 16:21:30 [main] INFO  c.g.n.e.c.p.CassandraStarterTests - Extract /root/.embedded-cassandra/cassandra/3.11.2/apache-cassandra-3.11.2-bin.tar.gz : extract apache-cassandra-3.11.2/bin/debug-cql
2018-07-08 16:21:30 [main] INFO  c.g.n.e.c.p.CassandraStarterTests - Extract /root/.embedded-cassandra/cassandra/3.11.2/apache-cassandra-3.11.2-bin.tar.gz : extract apache-cassandra-3.11.2/bin/debug-cql.bat
2018-07-08 16:21:30 [main] INFO  c.g.n.e.c.p.CassandraStarterTests - Extract /root/.embedded-cassandra/cassandra/3.11.2/apache-cassandra-3.11.2-bin.tar.gz : extract apache-cassandra-3.11.2/bin/nodetool
2018-07-08 16:21:30 [main] INFO  c.g.n.e.c.p.CassandraStarterTests - Extract /root/.embedded-cassandra/cassandra/3.11.2/apache-cassandra-3.11.2-bin.tar.gz : extract apache-cassandra-3.11.2/bin/nodetool.bat
2018-07-08 16:21:30 [main] INFO  c.g.n.e.c.p.CassandraStarterTests - Extract /root/.embedded-cassandra/cassandra/3.11.2/apache-cassandra-3.11.2-bin.tar.gz : extract apache-cassandra-3.11.2/bin/source-conf.ps1
2018-07-08 16:21:30 [main] INFO  c.g.n.e.c.p.CassandraStarterTests - Extract /root/.embedded-cassandra/cassandra/3.11.2/apache-cassandra-3.11.2-bin.tar.gz : extract apache-cassandra-3.11.2/bin/sstableloader
2018-07-08 16:21:30 [main] INFO  c.g.n.e.c.p.CassandraStarterTests - Extract /root/.embedded-cassandra/cassandra/3.11.2/apache-cassandra-3.11.2-bin.tar.gz : extract apache-cassandra-3.11.2/bin/sstableloader.bat
2018-07-08 16:21:30 [main] INFO  c.g.n.e.c.p.CassandraStarterTests - Extract /root/.embedded-cassandra/cassandra/3.11.2/apache-cassandra-3.11.2-bin.tar.gz : extract apache-cassandra-3.11.2/bin/sstablescrub
2018-07-08 16:21:30 [main] INFO  c.g.n.e.c.p.CassandraStarterTests - Extract /root/.embedded-cassandra/cassandra/3.11.2/apache-cassandra-3.11.2-bin.tar.gz : extract apache-cassandra-3.11.2/bin/sstablescrub.bat
2018-07-08 16:21:30 [main] INFO  c.g.n.e.c.p.CassandraStarterTests - Extract /root/.embedded-cassandra/cassandra/3.11.2/apache-cassandra-3.11.2-bin.tar.gz : extract apache-cassandra-3.11.2/bin/sstableupgrade
2018-07-08 16:21:30 [main] INFO  c.g.n.e.c.p.CassandraStarterTests - Extract /root/.embedded-cassandra/cassandra/3.11.2/apache-cassandra-3.11.2-bin.tar.gz : extract apache-cassandra-3.11.2/bin/sstableupgrade.bat
2018-07-08 16:21:30 [main] INFO  c.g.n.e.c.p.CassandraStarterTests - Extract /root/.embedded-cassandra/cassandra/3.11.2/apache-cassandra-3.11.2-bin.tar.gz : extract apache-cassandra-3.11.2/bin/sstableutil
2018-07-08 16:21:30 [main] INFO  c.g.n.e.c.p.CassandraStarterTests - Extract /root/.embedded-cassandra/cassandra/3.11.2/apache-cassandra-3.11.2-bin.tar.gz : extract apache-cassandra-3.11.2/bin/sstableutil.bat
2018-07-08 16:21:30 [main] INFO  c.g.n.e.c.p.CassandraStarterTests - Extract /root/.embedded-cassandra/cassandra/3.11.2/apache-cassandra-3.11.2-bin.tar.gz : extract apache-cassandra-3.11.2/bin/sstableverify
2018-07-08 16:21:30 [main] INFO  c.g.n.e.c.p.CassandraStarterTests - Extract /root/.embedded-cassandra/cassandra/3.11.2/apache-cassandra-3.11.2-bin.tar.gz : extract apache-cassandra-3.11.2/bin/sstableverify.bat
2018-07-08 16:21:30 [main] INFO  c.g.n.e.c.p.CassandraStarterTests - Extract /root/.embedded-cassandra/cassandra/3.11.2/apache-cassandra-3.11.2-bin.tar.gz : extract apache-cassandra-3.11.2/bin/stop-server
2018-07-08 16:21:30 [main] INFO  c.g.n.e.c.p.CassandraStarterTests - Extract /root/.embedded-cassandra/cassandra/3.11.2/apache-cassandra-3.11.2-bin.tar.gz : extract apache-cassandra-3.11.2/bin/stop-server.bat
2018-07-08 16:21:30 [main] INFO  c.g.n.e.c.p.CassandraStarterTests - Extract /root/.embedded-cassandra/cassandra/3.11.2/apache-cassandra-3.11.2-bin.tar.gz : extract apache-cassandra-3.11.2/bin/stop-server.ps1
2018-07-08 16:21:30 [main] INFO  c.g.n.e.c.p.CassandraStarterTests - Extract /root/.embedded-cassandra/cassandra/3.11.2/apache-cassandra-3.11.2-bin.tar.gz : finished
2018-07-08 16:21:30 [main] INFO  c.g.n.e.c.process.CassandraProcess - Starting the new cassandra server using directory '/tmp/temp--934b03f6-8725-42e7-84f3-2a293a8a107a' with arguments [/tmp/temp--934b03f6-8725-42e7-84f3-2a293a8a107a/apache-cassandra-3.11.2/bin/cassandra, -f]
2018-07-08 16:21:30 [Thread-40] INFO  c.g.n.e.c.p.CassandraStarterTests - Running Cassandra as root user or group is not recommended - please start Cassandra using a different system user.
2018-07-08 16:21:30 [Thread-40] INFO  c.g.n.e.c.p.CassandraStarterTests - If you really want to force running Cassandra as root, use -R command line option.
2018-07-08 16:21:30 [main] ERROR d.f.e.p.runtime.AbstractProcess - failed to call onAfterProcessStart()
java.io.IOException: Could not start a process.
----------------------
Hmm.. no failure message.. 
...the cause must be somewhere in the process output
----------------------
				Running Cassandra as root user or group is not recommended - please start Cassandra using a different system user.
If you really want to force running Cassandra as root, use -R command line option.

	at com.github.nosan.embedded.cassandra.process.CassandraProcess.onAfterProcessStart(CassandraProcess.java:110)
	at de.flapdoodle.embed.process.runtime.AbstractProcess.<init>(AbstractProcess.java:116)
	at com.github.nosan.embedded.cassandra.process.CassandraProcess.<init>(CassandraProcess.java:61)
	at com.github.nosan.embedded.cassandra.process.CassandraExecutable.start(CassandraExecutable.java:49)
	at com.github.nosan.embedded.cassandra.process.CassandraExecutable.start(CassandraExecutable.java:37)
	at de.flapdoodle.embed.process.runtime.Executable.start(Executable.java:108)
	at com.github.nosan.embedded.cassandra.process.CassandraStarterTests.start(CassandraStarterTests.java:135)
	at com.github.nosan.embedded.cassandra.process.CassandraStarterTests.shouldStartCassandraWithNativeTrasnport(CassandraStarterTests.java:57)
	at sun.reflect.NativeMethodAccessorImpl.invoke0(Native Method)
	at sun.reflect.NativeMethodAccessorImpl.invoke(NativeMethodAccessorImpl.java:62)
	at sun.reflect.DelegatingMethodAccessorImpl.invoke(DelegatingMethodAccessorImpl.java:43)
	at java.lang.reflect.Method.invoke(Method.java:498)
	at org.junit.runners.model.FrameworkMethod$1.runReflectiveCall(FrameworkMethod.java:50)
	at org.junit.internal.runners.model.ReflectiveCallable.run(ReflectiveCallable.java:12)
	at org.junit.runners.model.FrameworkMethod.invokeExplosively(FrameworkMethod.java:47)
	at org.junit.internal.runners.statements.InvokeMethod.evaluate(InvokeMethod.java:17)
	at org.junit.rules.ExpectedException$ExpectedExceptionStatement.evaluate(ExpectedException.java:239)
	at org.junit.rules.RunRules.evaluate(RunRules.java:20)
	at org.junit.runners.ParentRunner.runLeaf(ParentRunner.java:325)
	at org.junit.runners.BlockJUnit4ClassRunner.runChild(BlockJUnit4ClassRunner.java:78)
	at org.junit.runners.BlockJUnit4ClassRunner.runChild(BlockJUnit4ClassRunner.java:57)
	at org.junit.runners.ParentRunner$3.run(ParentRunner.java:290)
	at org.junit.runners.ParentRunner$1.schedule(ParentRunner.java:71)
	at org.junit.runners.ParentRunner.runChildren(ParentRunner.java:288)
	at org.junit.runners.ParentRunner.access$000(ParentRunner.java:58)
	at org.junit.runners.ParentRunner$2.evaluate(ParentRunner.java:268)
	at org.junit.runners.ParentRunner.run(ParentRunner.java:363)
	at org.apache.maven.surefire.junit4.JUnit4Provider.execute(JUnit4Provider.java:365)
	at org.apache.maven.surefire.junit4.JUnit4Provider.executeWithRerun(JUnit4Provider.java:273)
	at org.apache.maven.surefire.junit4.JUnit4Provider.executeTestSet(JUnit4Provider.java:238)
	at org.apache.maven.surefire.junit4.JUnit4Provider.invoke(JUnit4Provider.java:159)
	at org.apache.maven.surefire.booter.ForkedBooter.invokeProviderInSameClassLoader(ForkedBooter.java:383)
	at org.apache.maven.surefire.booter.ForkedBooter.runSuitesInProcess(ForkedBooter.java:344)
	at org.apache.maven.surefire.booter.ForkedBooter.execute(ForkedBooter.java:125)
	at org.apache.maven.surefire.booter.ForkedBooter.main(ForkedBooter.java:417)
2018-07-08 16:21:30 [main] INFO  d.f.e.p.runtime.AbstractProcess - construct com.github.nosan.embedded.cassandra.ExecutableConfig@3e7dd664
2018-07-08 16:21:30 [main] INFO  c.g.n.e.c.process.CassandraProcess - Cassandra server has been stopped.
]]></system-out>
  </testcase>
  <testcase name="shouldFailWithTimeoutError" classname="com.github.nosan.embedded.cassandra.process.CassandraStarterTests" time="4.137"/>
</testsuite>