<?xml version="1.0" encoding="UTF-8"?>
<testsuite xmlns:xsi="http://www.w3.org/2001/XMLSchema-instance" xsi:noNamespaceSchemaLocation="https://maven.apache.org/surefire/maven-surefire-plugin/xsd/surefire-test-report.xsd" name="com.github.nosan.embedded.cassandra.CassandraServerStarterTests" time="22.398" tests="6" errors="4" skipped="0" failures="0">
  <properties>
    <property name="java.runtime.name" value="OpenJDK Runtime Environment"/>
    <property name="sun.boot.library.path" value="/usr/lib/jvm/java-8-openjdk-amd64/jre/lib/amd64"/>
    <property name="java.vm.version" value="25.121-b13"/>
    <property name="java.vm.vendor" value="Oracle Corporation"/>
    <property name="maven.multiModuleProjectDirectory" value="/root/workspace/nosan/embedded-cassandra/395425873"/>
    <property name="java.vendor.url" value="http://java.oracle.com/"/>
    <property name="path.separator" value=":"/>
    <property name="guice.disable.misplaced.annotation.check" value="true"/>
    <property name="skip.gulp" value="true"/>
    <property name="java.vm.name" value="OpenJDK 64-Bit Server VM"/>
    <property name="file.encoding.pkg" value="sun.io"/>
    <property name="sun.java.launcher" value="SUN_STANDARD"/>
    <property name="sun.os.patch.level" value="unknown"/>
    <property name="findbugs.skip" value="true"/>
    <property name="java.vm.specification.name" value="Java Virtual Machine Specification"/>
    <property name="user.dir" value="/root/workspace/nosan/embedded-cassandra/395425873"/>
    <property name="checkstyle.skip" value="true"/>
    <property name="java.runtime.version" value="1.8.0_121-8u121-b13-1~bpo8+1-b13"/>
    <property name="java.awt.graphicsenv" value="sun.awt.X11GraphicsEnvironment"/>
    <property name="skip.npm" value="true"/>
    <property name="java.endorsed.dirs" value="/usr/lib/jvm/java-8-openjdk-amd64/jre/lib/endorsed"/>
    <property name="os.arch" value="amd64"/>
    <property name="java.io.tmpdir" value="/tmp"/>
    <property name="gpg.skip" value="true"/>
    <property name="line.separator" value="&#10;"/>
    <property name="java.vm.specification.vendor" value="Oracle Corporation"/>
    <property name="cobertura.skip" value="true"/>
    <property name="os.name" value="Linux"/>
    <property name="classworlds.conf" value="/usr/share/maven/bin/m2.conf"/>
    <property name="sun.jnu.encoding" value="UTF-8"/>
    <property name="java.library.path" value="/usr/java/packages/lib/amd64:/usr/lib/x86_64-linux-gnu/jni:/lib/x86_64-linux-gnu:/usr/lib/x86_64-linux-gnu:/usr/lib/jni:/lib:/usr/lib"/>
    <property name="license.skip" value="true"/>
    <property name="java.specification.name" value="Java Platform API Specification"/>
    <property name="java.class.version" value="52.0"/>
    <property name="sun.management.compiler" value="HotSpot 64-Bit Tiered Compilers"/>
    <property name="skip.bower" value="true"/>
    <property name="maven.repo.local" value="/root/./workspace/nosan/embedded-cassandra/395425873/.m2"/>
    <property name="os.version" value="3.10.0-862.2.3.el7.x86_64"/>
    <property name="user.home" value="/root"/>
    <property name="user.timezone" value="Europe/Paris"/>
    <property name="java.awt.printerjob" value="sun.print.PSPrinterJob"/>
    <property name="osgi.nls.warnings" value="ignore"/>
    <property name="java.specification.version" value="1.8"/>
    <property name="file.encoding" value="UTF-8"/>
    <property name="user.name" value="root"/>
    <property name="java.class.path" value="/usr/share/maven/boot/plexus-classworlds-2.5.2.jar"/>
    <property name="skipITs" value="true"/>
    <property name="java.vm.specification.version" value="1.8"/>
    <property name="sun.arch.data.model" value="64"/>
    <property name="java.home" value="/usr/lib/jvm/java-8-openjdk-amd64/jre"/>
    <property name="sun.java.command" value="org.codehaus.plexus.classworlds.launcher.Launcher -B -D enforcer.skip=true -D dependency-check.skip=true -D skipITs=true -D cobertura.skip=true -D maven.repo.local=/root/./workspace/nosan/embedded-cassandra/395425873/.m2 -D rat.skip=true -D findbugs.skip=true -D skip.bower=true -D gpg.skip=true -D checkstyle.skip=true -D skip.gulp=true -D license.skip=true -D skip.npm=true test"/>
    <property name="java.specification.vendor" value="Oracle Corporation"/>
    <property name="user.language" value="en"/>
    <property name="awt.toolkit" value="sun.awt.X11.XToolkit"/>
    <property name="dependency-check.skip" value="true"/>
    <property name="java.vm.info" value="mixed mode"/>
    <property name="java.version" value="1.8.0_121"/>
    <property name="java.ext.dirs" value="/usr/lib/jvm/java-8-openjdk-amd64/jre/lib/ext:/usr/java/packages/lib/ext"/>
    <property name="securerandom.source" value="file:/dev/./urandom"/>
    <property name="sun.boot.class.path" value="/usr/lib/jvm/java-8-openjdk-amd64/jre/lib/resources.jar:/usr/lib/jvm/java-8-openjdk-amd64/jre/lib/rt.jar:/usr/lib/jvm/java-8-openjdk-amd64/jre/lib/sunrsasign.jar:/usr/lib/jvm/java-8-openjdk-amd64/jre/lib/jsse.jar:/usr/lib/jvm/java-8-openjdk-amd64/jre/lib/jce.jar:/usr/lib/jvm/java-8-openjdk-amd64/jre/lib/charsets.jar:/usr/lib/jvm/java-8-openjdk-amd64/jre/lib/jfr.jar:/usr/lib/jvm/java-8-openjdk-amd64/jre/classes"/>
    <property name="java.vendor" value="Oracle Corporation"/>
    <property name="enforcer.skip" value="true"/>
    <property name="rat.skip" value="true"/>
    <property name="maven.home" value="/usr/share/maven"/>
    <property name="file.separator" value="/"/>
    <property name="java.vendor.url.bug" value="http://bugreport.sun.com/bugreport/"/>
    <property name="sun.cpu.endian" value="little"/>
    <property name="sun.io.unicode.encoding" value="UnicodeLittle"/>
    <property name="sun.cpu.isalist" value=""/>
  </properties>
  <testcase name="invalidConfig" classname="com.github.nosan.embedded.cassandra.CassandraServerStarterTests" time="6.933"/>
  <testcase name="multiplyInstances" classname="com.github.nosan.embedded.cassandra.CassandraServerStarterTests" time="3.195">
    <error message="Could not start process. &lt;EOF&gt;" type="java.io.IOException"><![CDATA[java.io.IOException: Could not start process. <EOF>
	at com.github.nosan.embedded.cassandra.CassandraServerStarterTests.multiplyInstances(CassandraServerStarterTests.java:74)
]]></error>
    <system-out><![CDATA[Extract /root/.embedded-cassandra/cassandra/3.11.2/apache-cassandra-3.11.2-bin.tar.gz START
Extract /root/.embedded-cassandra/cassandra/3.11.2/apache-cassandra-3.11.2-bin.tar.gz extract apache-cassandra-3.11.2/CASSANDRA-14092.txt
Extract /root/.embedded-cassandra/cassandra/3.11.2/apache-cassandra-3.11.2-bin.tar.gz extract apache-cassandra-3.11.2/CHANGES.txt
Extract /root/.embedded-cassandra/cassandra/3.11.2/apache-cassandra-3.11.2-bin.tar.gz extract apache-cassandra-3.11.2/LICENSE.txt
Extract /root/.embedded-cassandra/cassandra/3.11.2/apache-cassandra-3.11.2-bin.tar.gz extract apache-cassandra-3.11.2/NEWS.txt
Extract /root/.embedded-cassandra/cassandra/3.11.2/apache-cassandra-3.11.2-bin.tar.gz extract apache-cassandra-3.11.2/NOTICE.txt
Extract /root/.embedded-cassandra/cassandra/3.11.2/apache-cassandra-3.11.2-bin.tar.gz extract apache-cassandra-3.11.2/conf/README.txt
Extract /root/.embedded-cassandra/cassandra/3.11.2/apache-cassandra-3.11.2-bin.tar.gz extract apache-cassandra-3.11.2/conf/cassandra-env.ps1
Extract /root/.embedded-cassandra/cassandra/3.11.2/apache-cassandra-3.11.2-bin.tar.gz extract apache-cassandra-3.11.2/conf/cassandra-env.sh
Extract /root/.embedded-cassandra/cassandra/3.11.2/apache-cassandra-3.11.2-bin.tar.gz extract apache-cassandra-3.11.2/conf/cassandra-jaas.config
Extract /root/.embedded-cassandra/cassandra/3.11.2/apache-cassandra-3.11.2-bin.tar.gz extract apache-cassandra-3.11.2/conf/cassandra-rackdc.properties
Extract /root/.embedded-cassandra/cassandra/3.11.2/apache-cassandra-3.11.2-bin.tar.gz extract apache-cassandra-3.11.2/conf/cassandra-topology.properties
Extract /root/.embedded-cassandra/cassandra/3.11.2/apache-cassandra-3.11.2-bin.tar.gz extract apache-cassandra-3.11.2/conf/cassandra.yaml
Extract /root/.embedded-cassandra/cassandra/3.11.2/apache-cassandra-3.11.2-bin.tar.gz extract apache-cassandra-3.11.2/conf/commitlog_archiving.properties
Extract /root/.embedded-cassandra/cassandra/3.11.2/apache-cassandra-3.11.2-bin.tar.gz extract apache-cassandra-3.11.2/conf/cqlshrc.sample
Extract /root/.embedded-cassandra/cassandra/3.11.2/apache-cassandra-3.11.2-bin.tar.gz extract apache-cassandra-3.11.2/conf/hotspot_compiler
Extract /root/.embedded-cassandra/cassandra/3.11.2/apache-cassandra-3.11.2-bin.tar.gz extract apache-cassandra-3.11.2/conf/jvm.options
Extract /root/.embedded-cassandra/cassandra/3.11.2/apache-cassandra-3.11.2-bin.tar.gz extract apache-cassandra-3.11.2/conf/logback-tools.xml
Extract /root/.embedded-cassandra/cassandra/3.11.2/apache-cassandra-3.11.2-bin.tar.gz extract apache-cassandra-3.11.2/conf/logback.xml
Extract /root/.embedded-cassandra/cassandra/3.11.2/apache-cassandra-3.11.2-bin.tar.gz extract apache-cassandra-3.11.2/conf/metrics-reporter-config-sample.yaml
Extract /root/.embedded-cassandra/cassandra/3.11.2/apache-cassandra-3.11.2-bin.tar.gz extract apache-cassandra-3.11.2/conf/triggers/README.txt
Extract /root/.embedded-cassandra/cassandra/3.11.2/apache-cassandra-3.11.2-bin.tar.gz extract apache-cassandra-3.11.2/interface/cassandra.thrift
Extract /root/.embedded-cassandra/cassandra/3.11.2/apache-cassandra-3.11.2-bin.tar.gz extract apache-cassandra-3.11.2/lib/HdrHistogram-2.1.9.jar
Extract /root/.embedded-cassandra/cassandra/3.11.2/apache-cassandra-3.11.2-bin.tar.gz extract apache-cassandra-3.11.2/lib/ST4-4.0.8.jar
Extract /root/.embedded-cassandra/cassandra/3.11.2/apache-cassandra-3.11.2-bin.tar.gz extract apache-cassandra-3.11.2/lib/airline-0.6.jar
Extract /root/.embedded-cassandra/cassandra/3.11.2/apache-cassandra-3.11.2-bin.tar.gz extract apache-cassandra-3.11.2/lib/antlr-runtime-3.5.2.jar
Extract /root/.embedded-cassandra/cassandra/3.11.2/apache-cassandra-3.11.2-bin.tar.gz extract apache-cassandra-3.11.2/lib/apache-cassandra-3.11.2.jar
Extract /root/.embedded-cassandra/cassandra/3.11.2/apache-cassandra-3.11.2-bin.tar.gz extract apache-cassandra-3.11.2/lib/apache-cassandra-thrift-3.11.2.jar
Extract /root/.embedded-cassandra/cassandra/3.11.2/apache-cassandra-3.11.2-bin.tar.gz extract apache-cassandra-3.11.2/lib/asm-5.0.4.jar
Extract /root/.embedded-cassandra/cassandra/3.11.2/apache-cassandra-3.11.2-bin.tar.gz extract apache-cassandra-3.11.2/lib/caffeine-2.2.6.jar
Extract /root/.embedded-cassandra/cassandra/3.11.2/apache-cassandra-3.11.2-bin.tar.gz extract apache-cassandra-3.11.2/lib/cassandra-driver-core-3.0.1-shaded.jar
Extract /root/.embedded-cassandra/cassandra/3.11.2/apache-cassandra-3.11.2-bin.tar.gz extract apache-cassandra-3.11.2/lib/cassandra-driver-internal-only-3.10.zip
Extract /root/.embedded-cassandra/cassandra/3.11.2/apache-cassandra-3.11.2-bin.tar.gz extract apache-cassandra-3.11.2/lib/cassandra-driver-internal-only-3.11.0-bb96859b.zip
Extract /root/.embedded-cassandra/cassandra/3.11.2/apache-cassandra-3.11.2-bin.tar.gz extract apache-cassandra-3.11.2/lib/commons-cli-1.1.jar
Extract /root/.embedded-cassandra/cassandra/3.11.2/apache-cassandra-3.11.2-bin.tar.gz extract apache-cassandra-3.11.2/lib/commons-codec-1.9.jar
Extract /root/.embedded-cassandra/cassandra/3.11.2/apache-cassandra-3.11.2-bin.tar.gz extract apache-cassandra-3.11.2/lib/commons-lang3-3.1.jar
Extract /root/.embedded-cassandra/cassandra/3.11.2/apache-cassandra-3.11.2-bin.tar.gz extract apache-cassandra-3.11.2/lib/commons-math3-3.2.jar
Extract /root/.embedded-cassandra/cassandra/3.11.2/apache-cassandra-3.11.2-bin.tar.gz extract apache-cassandra-3.11.2/lib/compress-lzf-0.8.4.jar
Extract /root/.embedded-cassandra/cassandra/3.11.2/apache-cassandra-3.11.2-bin.tar.gz extract apache-cassandra-3.11.2/lib/concurrent-trees-2.4.0.jar
Extract /root/.embedded-cassandra/cassandra/3.11.2/apache-cassandra-3.11.2-bin.tar.gz extract apache-cassandra-3.11.2/lib/concurrentlinkedhashmap-lru-1.4.jar
Extract /root/.embedded-cassandra/cassandra/3.11.2/apache-cassandra-3.11.2-bin.tar.gz extract apache-cassandra-3.11.2/lib/disruptor-3.0.1.jar
Extract /root/.embedded-cassandra/cassandra/3.11.2/apache-cassandra-3.11.2-bin.tar.gz extract apache-cassandra-3.11.2/lib/ecj-4.4.2.jar
Extract /root/.embedded-cassandra/cassandra/3.11.2/apache-cassandra-3.11.2-bin.tar.gz extract apache-cassandra-3.11.2/lib/futures-2.1.6-py2.py3-none-any.zip
Extract /root/.embedded-cassandra/cassandra/3.11.2/apache-cassandra-3.11.2-bin.tar.gz extract apache-cassandra-3.11.2/lib/guava-18.0.jar
Extract /root/.embedded-cassandra/cassandra/3.11.2/apache-cassandra-3.11.2-bin.tar.gz extract apache-cassandra-3.11.2/lib/high-scale-lib-1.0.6.jar
Extract /root/.embedded-cassandra/cassandra/3.11.2/apache-cassandra-3.11.2-bin.tar.gz extract apache-cassandra-3.11.2/lib/hppc-0.5.4.jar
Extract /root/.embedded-cassandra/cassandra/3.11.2/apache-cassandra-3.11.2-bin.tar.gz extract apache-cassandra-3.11.2/lib/jackson-core-asl-1.9.13.jar
Extract /root/.embedded-cassandra/cassandra/3.11.2/apache-cassandra-3.11.2-bin.tar.gz extract apache-cassandra-3.11.2/lib/jackson-mapper-asl-1.9.13.jar
Extract /root/.embedded-cassandra/cassandra/3.11.2/apache-cassandra-3.11.2-bin.tar.gz extract apache-cassandra-3.11.2/lib/jamm-0.3.0.jar
Extract /root/.embedded-cassandra/cassandra/3.11.2/apache-cassandra-3.11.2-bin.tar.gz extract apache-cassandra-3.11.2/lib/javax.inject.jar
Extract /root/.embedded-cassandra/cassandra/3.11.2/apache-cassandra-3.11.2-bin.tar.gz extract apache-cassandra-3.11.2/lib/jbcrypt-0.3m.jar
Extract /root/.embedded-cassandra/cassandra/3.11.2/apache-cassandra-3.11.2-bin.tar.gz extract apache-cassandra-3.11.2/lib/jcl-over-slf4j-1.7.7.jar
Extract /root/.embedded-cassandra/cassandra/3.11.2/apache-cassandra-3.11.2-bin.tar.gz extract apache-cassandra-3.11.2/lib/jctools-core-1.2.1.jar
Extract /root/.embedded-cassandra/cassandra/3.11.2/apache-cassandra-3.11.2-bin.tar.gz extract apache-cassandra-3.11.2/lib/jflex-1.6.0.jar
Extract /root/.embedded-cassandra/cassandra/3.11.2/apache-cassandra-3.11.2-bin.tar.gz extract apache-cassandra-3.11.2/lib/jna-4.2.2.jar
Extract /root/.embedded-cassandra/cassandra/3.11.2/apache-cassandra-3.11.2-bin.tar.gz extract apache-cassandra-3.11.2/lib/joda-time-2.4.jar
Extract /root/.embedded-cassandra/cassandra/3.11.2/apache-cassandra-3.11.2-bin.tar.gz extract apache-cassandra-3.11.2/lib/json-simple-1.1.jar
Extract /root/.embedded-cassandra/cassandra/3.11.2/apache-cassandra-3.11.2-bin.tar.gz extract apache-cassandra-3.11.2/lib/jstackjunit-0.0.1.jar
Extract /root/.embedded-cassandra/cassandra/3.11.2/apache-cassandra-3.11.2-bin.tar.gz extract apache-cassandra-3.11.2/lib/libthrift-0.9.2.jar
Extract /root/.embedded-cassandra/cassandra/3.11.2/apache-cassandra-3.11.2-bin.tar.gz extract apache-cassandra-3.11.2/lib/licenses/ST4-4.0.8.txt
Extract /root/.embedded-cassandra/cassandra/3.11.2/apache-cassandra-3.11.2-bin.tar.gz extract apache-cassandra-3.11.2/lib/licenses/airline-0.6.txt
Extract /root/.embedded-cassandra/cassandra/3.11.2/apache-cassandra-3.11.2-bin.tar.gz extract apache-cassandra-3.11.2/lib/licenses/antlr-runtime-3.5.2.txt
Extract /root/.embedded-cassandra/cassandra/3.11.2/apache-cassandra-3.11.2-bin.tar.gz extract apache-cassandra-3.11.2/lib/licenses/asm-5.0.4.txt
Extract /root/.embedded-cassandra/cassandra/3.11.2/apache-cassandra-3.11.2-bin.tar.gz extract apache-cassandra-3.11.2/lib/licenses/caffeine-2.2.6.txt
Extract /root/.embedded-cassandra/cassandra/3.11.2/apache-cassandra-3.11.2-bin.tar.gz extract apache-cassandra-3.11.2/lib/licenses/cassandra-driver-3.0.1.txt
Extract /root/.embedded-cassandra/cassandra/3.11.2/apache-cassandra-3.11.2-bin.tar.gz extract apache-cassandra-3.11.2/lib/licenses/commons-cli-1.1.txt
Extract /root/.embedded-cassandra/cassandra/3.11.2/apache-cassandra-3.11.2-bin.tar.gz extract apache-cassandra-3.11.2/lib/licenses/commons-codec-1.9.txt
Extract /root/.embedded-cassandra/cassandra/3.11.2/apache-cassandra-3.11.2-bin.tar.gz extract apache-cassandra-3.11.2/lib/licenses/commons-lang3-3.1.txt
Extract /root/.embedded-cassandra/cassandra/3.11.2/apache-cassandra-3.11.2-bin.tar.gz extract apache-cassandra-3.11.2/lib/licenses/commons-math3-3.2.txt
Extract /root/.embedded-cassandra/cassandra/3.11.2/apache-cassandra-3.11.2-bin.tar.gz extract apache-cassandra-3.11.2/lib/licenses/compress-lzf-0.8.4.txt
Extract /root/.embedded-cassandra/cassandra/3.11.2/apache-cassandra-3.11.2-bin.tar.gz extract apache-cassandra-3.11.2/lib/licenses/concurrent-trees-2.4.0.txt
Extract /root/.embedded-cassandra/cassandra/3.11.2/apache-cassandra-3.11.2-bin.tar.gz extract apache-cassandra-3.11.2/lib/licenses/concurrentlinkedhashmap-lru-1.4.txt
Extract /root/.embedded-cassandra/cassandra/3.11.2/apache-cassandra-3.11.2-bin.tar.gz extract apache-cassandra-3.11.2/lib/licenses/disruptor-3.0.1.txt
Extract /root/.embedded-cassandra/cassandra/3.11.2/apache-cassandra-3.11.2-bin.tar.gz extract apache-cassandra-3.11.2/lib/licenses/ecj-4.4.2.txt
Extract /root/.embedded-cassandra/cassandra/3.11.2/apache-cassandra-3.11.2-bin.tar.gz extract apache-cassandra-3.11.2/lib/licenses/futures-2.1.6.txt
Extract /root/.embedded-cassandra/cassandra/3.11.2/apache-cassandra-3.11.2-bin.tar.gz extract apache-cassandra-3.11.2/lib/licenses/guava-18.0.txt
Extract /root/.embedded-cassandra/cassandra/3.11.2/apache-cassandra-3.11.2-bin.tar.gz extract apache-cassandra-3.11.2/lib/licenses/hdrhistogram-2.1.9.txt
Extract /root/.embedded-cassandra/cassandra/3.11.2/apache-cassandra-3.11.2-bin.tar.gz extract apache-cassandra-3.11.2/lib/licenses/high-scale-lib-1.0.6.txt
Extract /root/.embedded-cassandra/cassandra/3.11.2/apache-cassandra-3.11.2-bin.tar.gz extract apache-cassandra-3.11.2/lib/licenses/hppc-0.5.4.txt
Extract /root/.embedded-cassandra/cassandra/3.11.2/apache-cassandra-3.11.2-bin.tar.gz extract apache-cassandra-3.11.2/lib/licenses/jackson-core-asl-1.9.13.txt
Extract /root/.embedded-cassandra/cassandra/3.11.2/apache-cassandra-3.11.2-bin.tar.gz extract apache-cassandra-3.11.2/lib/licenses/jackson-mapper-asl-1.9.13.txt
Extract /root/.embedded-cassandra/cassandra/3.11.2/apache-cassandra-3.11.2-bin.tar.gz extract apache-cassandra-3.11.2/lib/licenses/jamm-0.3.0.txt
Extract /root/.embedded-cassandra/cassandra/3.11.2/apache-cassandra-3.11.2-bin.tar.gz extract apache-cassandra-3.11.2/lib/licenses/javax.inject.txt
Extract /root/.embedded-cassandra/cassandra/3.11.2/apache-cassandra-3.11.2-bin.tar.gz extract apache-cassandra-3.11.2/lib/licenses/jbcrypt-0.3m.txt
Extract /root/.embedded-cassandra/cassandra/3.11.2/apache-cassandra-3.11.2-bin.tar.gz extract apache-cassandra-3.11.2/lib/licenses/jcl-over-slf4j-1.7.7.txt
Extract /root/.embedded-cassandra/cassandra/3.11.2/apache-cassandra-3.11.2-bin.tar.gz extract apache-cassandra-3.11.2/lib/licenses/jctools-core-1.2.1.txt
Extract /root/.embedded-cassandra/cassandra/3.11.2/apache-cassandra-3.11.2-bin.tar.gz extract apache-cassandra-3.11.2/lib/licenses/jflex-1.6.0.txt
Extract /root/.embedded-cassandra/cassandra/3.11.2/apache-cassandra-3.11.2-bin.tar.gz extract apache-cassandra-3.11.2/lib/licenses/jna-4.2.2.txt
Extract /root/.embedded-cassandra/cassandra/3.11.2/apache-cassandra-3.11.2-bin.tar.gz extract apache-cassandra-3.11.2/lib/licenses/joda-time-2.4.txt
Extract /root/.embedded-cassandra/cassandra/3.11.2/apache-cassandra-3.11.2-bin.tar.gz extract apache-cassandra-3.11.2/lib/licenses/json-simple-1.1.txt
Extract /root/.embedded-cassandra/cassandra/3.11.2/apache-cassandra-3.11.2-bin.tar.gz extract apache-cassandra-3.11.2/lib/licenses/jstackjunit-0.0.1.txt
Extract /root/.embedded-cassandra/cassandra/3.11.2/apache-cassandra-3.11.2-bin.tar.gz extract apache-cassandra-3.11.2/lib/licenses/libthrift-0.9.2.txt
Extract /root/.embedded-cassandra/cassandra/3.11.2/apache-cassandra-3.11.2-bin.tar.gz extract apache-cassandra-3.11.2/lib/licenses/log4j-over-slf4j-1.7.7.txt
Extract /root/.embedded-cassandra/cassandra/3.11.2/apache-cassandra-3.11.2-bin.tar.gz extract apache-cassandra-3.11.2/lib/licenses/logback-classic-1.1.3.txt
Extract /root/.embedded-cassandra/cassandra/3.11.2/apache-cassandra-3.11.2-bin.tar.gz extract apache-cassandra-3.11.2/lib/licenses/logback-core-1.1.3.txt
Extract /root/.embedded-cassandra/cassandra/3.11.2/apache-cassandra-3.11.2-bin.tar.gz extract apache-cassandra-3.11.2/lib/licenses/lz4-1.3.0.txt
Extract /root/.embedded-cassandra/cassandra/3.11.2/apache-cassandra-3.11.2-bin.tar.gz extract apache-cassandra-3.11.2/lib/licenses/metrics-core-3.1.0.txt
Extract /root/.embedded-cassandra/cassandra/3.11.2/apache-cassandra-3.11.2-bin.tar.gz extract apache-cassandra-3.11.2/lib/licenses/metrics-jvm-3.1.0.txt
Extract /root/.embedded-cassandra/cassandra/3.11.2/apache-cassandra-3.11.2-bin.tar.gz extract apache-cassandra-3.11.2/lib/licenses/metrics-logback-3.1.0.txt
Extract /root/.embedded-cassandra/cassandra/3.11.2/apache-cassandra-3.11.2-bin.tar.gz extract apache-cassandra-3.11.2/lib/licenses/netty-all-4.0.44.Final.txt
Extract /root/.embedded-cassandra/cassandra/3.11.2/apache-cassandra-3.11.2-bin.tar.gz extract apache-cassandra-3.11.2/lib/licenses/ohc-0.4.4.txt
Extract /root/.embedded-cassandra/cassandra/3.11.2/apache-cassandra-3.11.2-bin.tar.gz extract apache-cassandra-3.11.2/lib/licenses/reporter-config-base-3.0.3.txt
Extract /root/.embedded-cassandra/cassandra/3.11.2/apache-cassandra-3.11.2-bin.tar.gz extract apache-cassandra-3.11.2/lib/licenses/reporter-config3-3.0.3.txt
Extract /root/.embedded-cassandra/cassandra/3.11.2/apache-cassandra-3.11.2-bin.tar.gz extract apache-cassandra-3.11.2/lib/licenses/sigar-1.6.4.txt
Extract /root/.embedded-cassandra/cassandra/3.11.2/apache-cassandra-3.11.2-bin.tar.gz extract apache-cassandra-3.11.2/lib/licenses/six-1.7.3.txt
Extract /root/.embedded-cassandra/cassandra/3.11.2/apache-cassandra-3.11.2-bin.tar.gz extract apache-cassandra-3.11.2/lib/licenses/slf4j-api-1.7.7.txt
Extract /root/.embedded-cassandra/cassandra/3.11.2/apache-cassandra-3.11.2-bin.tar.gz extract apache-cassandra-3.11.2/lib/licenses/snakeyaml-1.11.txt
Extract /root/.embedded-cassandra/cassandra/3.11.2/apache-cassandra-3.11.2-bin.tar.gz extract apache-cassandra-3.11.2/lib/licenses/snappy-java-1.1.1.7.txt
Extract /root/.embedded-cassandra/cassandra/3.11.2/apache-cassandra-3.11.2-bin.tar.gz extract apache-cassandra-3.11.2/lib/licenses/snowball-stemmer-1.3.0.581.1.txt
Extract /root/.embedded-cassandra/cassandra/3.11.2/apache-cassandra-3.11.2-bin.tar.gz extract apache-cassandra-3.11.2/lib/licenses/stream-2.5.2.txt
Extract /root/.embedded-cassandra/cassandra/3.11.2/apache-cassandra-3.11.2-bin.tar.gz extract apache-cassandra-3.11.2/lib/licenses/thrift-server-0.3.7.txt
Extract /root/.embedded-cassandra/cassandra/3.11.2/apache-cassandra-3.11.2-bin.tar.gz extract apache-cassandra-3.11.2/lib/log4j-over-slf4j-1.7.7.jar
Extract /root/.embedded-cassandra/cassandra/3.11.2/apache-cassandra-3.11.2-bin.tar.gz extract apache-cassandra-3.11.2/lib/logback-classic-1.1.3.jar
Extract /root/.embedded-cassandra/cassandra/3.11.2/apache-cassandra-3.11.2-bin.tar.gz extract apache-cassandra-3.11.2/lib/logback-core-1.1.3.jar
Extract /root/.embedded-cassandra/cassandra/3.11.2/apache-cassandra-3.11.2-bin.tar.gz extract apache-cassandra-3.11.2/lib/lz4-1.3.0.jar
Extract /root/.embedded-cassandra/cassandra/3.11.2/apache-cassandra-3.11.2-bin.tar.gz extract apache-cassandra-3.11.2/lib/metrics-core-3.1.0.jar
Extract /root/.embedded-cassandra/cassandra/3.11.2/apache-cassandra-3.11.2-bin.tar.gz extract apache-cassandra-3.11.2/lib/metrics-jvm-3.1.0.jar
Extract /root/.embedded-cassandra/cassandra/3.11.2/apache-cassandra-3.11.2-bin.tar.gz extract apache-cassandra-3.11.2/lib/metrics-logback-3.1.0.jar
Extract /root/.embedded-cassandra/cassandra/3.11.2/apache-cassandra-3.11.2-bin.tar.gz extract apache-cassandra-3.11.2/lib/netty-all-4.0.44.Final.jar
Extract /root/.embedded-cassandra/cassandra/3.11.2/apache-cassandra-3.11.2-bin.tar.gz extract apache-cassandra-3.11.2/lib/ohc-core-0.4.4.jar
Extract /root/.embedded-cassandra/cassandra/3.11.2/apache-cassandra-3.11.2-bin.tar.gz extract apache-cassandra-3.11.2/lib/ohc-core-j8-0.4.4.jar
Extract /root/.embedded-cassandra/cassandra/3.11.2/apache-cassandra-3.11.2-bin.tar.gz extract apache-cassandra-3.11.2/lib/reporter-config-base-3.0.3.jar
Extract /root/.embedded-cassandra/cassandra/3.11.2/apache-cassandra-3.11.2-bin.tar.gz extract apache-cassandra-3.11.2/lib/reporter-config3-3.0.3.jar
Extract /root/.embedded-cassandra/cassandra/3.11.2/apache-cassandra-3.11.2-bin.tar.gz extract apache-cassandra-3.11.2/lib/sigar-1.6.4.jar
Extract /root/.embedded-cassandra/cassandra/3.11.2/apache-cassandra-3.11.2-bin.tar.gz extract apache-cassandra-3.11.2/lib/sigar-bin/libsigar-amd64-freebsd-6.so
Extract /root/.embedded-cassandra/cassandra/3.11.2/apache-cassandra-3.11.2-bin.tar.gz extract apache-cassandra-3.11.2/lib/sigar-bin/libsigar-amd64-linux.so
Extract /root/.embedded-cassandra/cassandra/3.11.2/apache-cassandra-3.11.2-bin.tar.gz extract apache-cassandra-3.11.2/lib/sigar-bin/libsigar-amd64-solaris.so
Extract /root/.embedded-cassandra/cassandra/3.11.2/apache-cassandra-3.11.2-bin.tar.gz extract apache-cassandra-3.11.2/lib/sigar-bin/libsigar-ia64-hpux-11.sl
Extract /root/.embedded-cassandra/cassandra/3.11.2/apache-cassandra-3.11.2-bin.tar.gz extract apache-cassandra-3.11.2/lib/sigar-bin/libsigar-ia64-linux.so
Extract /root/.embedded-cassandra/cassandra/3.11.2/apache-cassandra-3.11.2-bin.tar.gz extract apache-cassandra-3.11.2/lib/sigar-bin/libsigar-pa-hpux-11.sl
Extract /root/.embedded-cassandra/cassandra/3.11.2/apache-cassandra-3.11.2-bin.tar.gz extract apache-cassandra-3.11.2/lib/sigar-bin/libsigar-ppc-aix-5.so
Extract /root/.embedded-cassandra/cassandra/3.11.2/apache-cassandra-3.11.2-bin.tar.gz extract apache-cassandra-3.11.2/lib/sigar-bin/libsigar-ppc-linux.so
Extract /root/.embedded-cassandra/cassandra/3.11.2/apache-cassandra-3.11.2-bin.tar.gz extract apache-cassandra-3.11.2/lib/sigar-bin/libsigar-ppc64-aix-5.so
Extract /root/.embedded-cassandra/cassandra/3.11.2/apache-cassandra-3.11.2-bin.tar.gz extract apache-cassandra-3.11.2/lib/sigar-bin/libsigar-ppc64-linux.so
Extract /root/.embedded-cassandra/cassandra/3.11.2/apache-cassandra-3.11.2-bin.tar.gz extract apache-cassandra-3.11.2/lib/sigar-bin/libsigar-s390x-linux.so
Extract /root/.embedded-cassandra/cassandra/3.11.2/apache-cassandra-3.11.2-bin.tar.gz extract apache-cassandra-3.11.2/lib/sigar-bin/libsigar-sparc-solaris.so
Extract /root/.embedded-cassandra/cassandra/3.11.2/apache-cassandra-3.11.2-bin.tar.gz extract apache-cassandra-3.11.2/lib/sigar-bin/libsigar-sparc64-solaris.so
Extract /root/.embedded-cassandra/cassandra/3.11.2/apache-cassandra-3.11.2-bin.tar.gz extract apache-cassandra-3.11.2/lib/sigar-bin/libsigar-universal-macosx.dylib
Extract /root/.embedded-cassandra/cassandra/3.11.2/apache-cassandra-3.11.2-bin.tar.gz extract apache-cassandra-3.11.2/lib/sigar-bin/libsigar-universal64-macosx.dylib
Extract /root/.embedded-cassandra/cassandra/3.11.2/apache-cassandra-3.11.2-bin.tar.gz extract apache-cassandra-3.11.2/lib/sigar-bin/libsigar-x86-freebsd-5.so
Extract /root/.embedded-cassandra/cassandra/3.11.2/apache-cassandra-3.11.2-bin.tar.gz extract apache-cassandra-3.11.2/lib/sigar-bin/libsigar-x86-freebsd-6.so
Extract /root/.embedded-cassandra/cassandra/3.11.2/apache-cassandra-3.11.2-bin.tar.gz extract apache-cassandra-3.11.2/lib/sigar-bin/libsigar-x86-linux.so
Extract /root/.embedded-cassandra/cassandra/3.11.2/apache-cassandra-3.11.2-bin.tar.gz extract apache-cassandra-3.11.2/lib/sigar-bin/libsigar-x86-solaris.so
Extract /root/.embedded-cassandra/cassandra/3.11.2/apache-cassandra-3.11.2-bin.tar.gz extract apache-cassandra-3.11.2/lib/sigar-bin/sigar-amd64-winnt.dll
Extract /root/.embedded-cassandra/cassandra/3.11.2/apache-cassandra-3.11.2-bin.tar.gz extract apache-cassandra-3.11.2/lib/sigar-bin/sigar-x86-winnt.dll
Extract /root/.embedded-cassandra/cassandra/3.11.2/apache-cassandra-3.11.2-bin.tar.gz extract apache-cassandra-3.11.2/lib/sigar-bin/sigar-x86-winnt.lib
Extract /root/.embedded-cassandra/cassandra/3.11.2/apache-cassandra-3.11.2-bin.tar.gz extract apache-cassandra-3.11.2/lib/six-1.7.3-py2.py3-none-any.zip
Extract /root/.embedded-cassandra/cassandra/3.11.2/apache-cassandra-3.11.2-bin.tar.gz extract apache-cassandra-3.11.2/lib/slf4j-api-1.7.7.jar
Extract /root/.embedded-cassandra/cassandra/3.11.2/apache-cassandra-3.11.2-bin.tar.gz extract apache-cassandra-3.11.2/lib/snakeyaml-1.11.jar
Extract /root/.embedded-cassandra/cassandra/3.11.2/apache-cassandra-3.11.2-bin.tar.gz extract apache-cassandra-3.11.2/lib/snappy-java-1.1.1.7.jar
Extract /root/.embedded-cassandra/cassandra/3.11.2/apache-cassandra-3.11.2-bin.tar.gz extract apache-cassandra-3.11.2/lib/snowball-stemmer-1.3.0.581.1.jar
Extract /root/.embedded-cassandra/cassandra/3.11.2/apache-cassandra-3.11.2-bin.tar.gz extract apache-cassandra-3.11.2/lib/stream-2.5.2.jar
Extract /root/.embedded-cassandra/cassandra/3.11.2/apache-cassandra-3.11.2-bin.tar.gz extract apache-cassandra-3.11.2/lib/thrift-server-0.3.7.jar
Extract /root/.embedded-cassandra/cassandra/3.11.2/apache-cassandra-3.11.2-bin.tar.gz extract apache-cassandra-3.11.2/pylib/cqlshlib/__init__.py
Extract /root/.embedded-cassandra/cassandra/3.11.2/apache-cassandra-3.11.2-bin.tar.gz extract apache-cassandra-3.11.2/pylib/cqlshlib/copyutil.py
Extract /root/.embedded-cassandra/cassandra/3.11.2/apache-cassandra-3.11.2-bin.tar.gz extract apache-cassandra-3.11.2/pylib/cqlshlib/cql3handling.py
Extract /root/.embedded-cassandra/cassandra/3.11.2/apache-cassandra-3.11.2-bin.tar.gz extract apache-cassandra-3.11.2/pylib/cqlshlib/cqlhandling.py
Extract /root/.embedded-cassandra/cassandra/3.11.2/apache-cassandra-3.11.2-bin.tar.gz extract apache-cassandra-3.11.2/pylib/cqlshlib/cqlshhandling.py
Extract /root/.embedded-cassandra/cassandra/3.11.2/apache-cassandra-3.11.2-bin.tar.gz extract apache-cassandra-3.11.2/pylib/cqlshlib/displaying.py
Extract /root/.embedded-cassandra/cassandra/3.11.2/apache-cassandra-3.11.2-bin.tar.gz extract apache-cassandra-3.11.2/pylib/cqlshlib/formatting.py
Extract /root/.embedded-cassandra/cassandra/3.11.2/apache-cassandra-3.11.2-bin.tar.gz extract apache-cassandra-3.11.2/pylib/cqlshlib/helptopics.py
Extract /root/.embedded-cassandra/cassandra/3.11.2/apache-cassandra-3.11.2-bin.tar.gz extract apache-cassandra-3.11.2/pylib/cqlshlib/pylexotron.py
Extract /root/.embedded-cassandra/cassandra/3.11.2/apache-cassandra-3.11.2-bin.tar.gz extract apache-cassandra-3.11.2/pylib/cqlshlib/saferscanner.py
Extract /root/.embedded-cassandra/cassandra/3.11.2/apache-cassandra-3.11.2-bin.tar.gz extract apache-cassandra-3.11.2/pylib/cqlshlib/sslhandling.py
Extract /root/.embedded-cassandra/cassandra/3.11.2/apache-cassandra-3.11.2-bin.tar.gz extract apache-cassandra-3.11.2/pylib/cqlshlib/test/__init__.py
Extract /root/.embedded-cassandra/cassandra/3.11.2/apache-cassandra-3.11.2-bin.tar.gz extract apache-cassandra-3.11.2/pylib/cqlshlib/test/ansi_colors.py
Extract /root/.embedded-cassandra/cassandra/3.11.2/apache-cassandra-3.11.2-bin.tar.gz extract apache-cassandra-3.11.2/pylib/cqlshlib/test/basecase.py
Extract /root/.embedded-cassandra/cassandra/3.11.2/apache-cassandra-3.11.2-bin.tar.gz extract apache-cassandra-3.11.2/pylib/cqlshlib/test/cassconnect.py
Extract /root/.embedded-cassandra/cassandra/3.11.2/apache-cassandra-3.11.2-bin.tar.gz extract apache-cassandra-3.11.2/pylib/cqlshlib/test/run_cqlsh.py
Extract /root/.embedded-cassandra/cassandra/3.11.2/apache-cassandra-3.11.2-bin.tar.gz extract apache-cassandra-3.11.2/pylib/cqlshlib/test/test_cql_parsing.py
Extract /root/.embedded-cassandra/cassandra/3.11.2/apache-cassandra-3.11.2-bin.tar.gz extract apache-cassandra-3.11.2/pylib/cqlshlib/test/test_cqlsh_commands.py
Extract /root/.embedded-cassandra/cassandra/3.11.2/apache-cassandra-3.11.2-bin.tar.gz extract apache-cassandra-3.11.2/pylib/cqlshlib/test/test_cqlsh_completion.py
Extract /root/.embedded-cassandra/cassandra/3.11.2/apache-cassandra-3.11.2-bin.tar.gz extract apache-cassandra-3.11.2/pylib/cqlshlib/test/test_cqlsh_invocation.py
Extract /root/.embedded-cassandra/cassandra/3.11.2/apache-cassandra-3.11.2-bin.tar.gz extract apache-cassandra-3.11.2/pylib/cqlshlib/test/test_cqlsh_output.py
Extract /root/.embedded-cassandra/cassandra/3.11.2/apache-cassandra-3.11.2-bin.tar.gz extract apache-cassandra-3.11.2/pylib/cqlshlib/test/test_cqlsh_parsing.py
Extract /root/.embedded-cassandra/cassandra/3.11.2/apache-cassandra-3.11.2-bin.tar.gz extract apache-cassandra-3.11.2/pylib/cqlshlib/test/test_keyspace_init.cql
Extract /root/.embedded-cassandra/cassandra/3.11.2/apache-cassandra-3.11.2-bin.tar.gz extract apache-cassandra-3.11.2/pylib/cqlshlib/test/winpty.py
Extract /root/.embedded-cassandra/cassandra/3.11.2/apache-cassandra-3.11.2-bin.tar.gz extract apache-cassandra-3.11.2/pylib/cqlshlib/tracing.py
Extract /root/.embedded-cassandra/cassandra/3.11.2/apache-cassandra-3.11.2-bin.tar.gz extract apache-cassandra-3.11.2/pylib/cqlshlib/util.py
Extract /root/.embedded-cassandra/cassandra/3.11.2/apache-cassandra-3.11.2-bin.tar.gz extract apache-cassandra-3.11.2/pylib/cqlshlib/wcwidth.py
Extract /root/.embedded-cassandra/cassandra/3.11.2/apache-cassandra-3.11.2-bin.tar.gz extract apache-cassandra-3.11.2/pylib/setup.py
Extract /root/.embedded-cassandra/cassandra/3.11.2/apache-cassandra-3.11.2-bin.tar.gz extract apache-cassandra-3.11.2/tools/bin/cassandra-stress
Extract /root/.embedded-cassandra/cassandra/3.11.2/apache-cassandra-3.11.2-bin.tar.gz extract apache-cassandra-3.11.2/tools/bin/cassandra-stress.bat
Extract /root/.embedded-cassandra/cassandra/3.11.2/apache-cassandra-3.11.2-bin.tar.gz extract apache-cassandra-3.11.2/tools/bin/cassandra-stressd
Extract /root/.embedded-cassandra/cassandra/3.11.2/apache-cassandra-3.11.2-bin.tar.gz extract apache-cassandra-3.11.2/tools/bin/cassandra.in.bat
Extract /root/.embedded-cassandra/cassandra/3.11.2/apache-cassandra-3.11.2-bin.tar.gz extract apache-cassandra-3.11.2/tools/bin/cassandra.in.sh
Extract /root/.embedded-cassandra/cassandra/3.11.2/apache-cassandra-3.11.2-bin.tar.gz extract apache-cassandra-3.11.2/tools/bin/compaction-stress
Extract /root/.embedded-cassandra/cassandra/3.11.2/apache-cassandra-3.11.2-bin.tar.gz extract apache-cassandra-3.11.2/tools/bin/sstabledump
Extract /root/.embedded-cassandra/cassandra/3.11.2/apache-cassandra-3.11.2-bin.tar.gz extract apache-cassandra-3.11.2/tools/bin/sstabledump.bat
Extract /root/.embedded-cassandra/cassandra/3.11.2/apache-cassandra-3.11.2-bin.tar.gz extract apache-cassandra-3.11.2/tools/bin/sstableexpiredblockers
Extract /root/.embedded-cassandra/cassandra/3.11.2/apache-cassandra-3.11.2-bin.tar.gz extract apache-cassandra-3.11.2/tools/bin/sstableexpiredblockers.bat
Extract /root/.embedded-cassandra/cassandra/3.11.2/apache-cassandra-3.11.2-bin.tar.gz extract apache-cassandra-3.11.2/tools/bin/sstablelevelreset
Extract /root/.embedded-cassandra/cassandra/3.11.2/apache-cassandra-3.11.2-bin.tar.gz extract apache-cassandra-3.11.2/tools/bin/sstablelevelreset.bat
Extract /root/.embedded-cassandra/cassandra/3.11.2/apache-cassandra-3.11.2-bin.tar.gz extract apache-cassandra-3.11.2/tools/bin/sstablemetadata
Extract /root/.embedded-cassandra/cassandra/3.11.2/apache-cassandra-3.11.2-bin.tar.gz extract apache-cassandra-3.11.2/tools/bin/sstablemetadata.bat
Extract /root/.embedded-cassandra/cassandra/3.11.2/apache-cassandra-3.11.2-bin.tar.gz extract apache-cassandra-3.11.2/tools/bin/sstableofflinerelevel
Extract /root/.embedded-cassandra/cassandra/3.11.2/apache-cassandra-3.11.2-bin.tar.gz extract apache-cassandra-3.11.2/tools/bin/sstableofflinerelevel.bat
Extract /root/.embedded-cassandra/cassandra/3.11.2/apache-cassandra-3.11.2-bin.tar.gz extract apache-cassandra-3.11.2/tools/bin/sstablerepairedset
Extract /root/.embedded-cassandra/cassandra/3.11.2/apache-cassandra-3.11.2-bin.tar.gz extract apache-cassandra-3.11.2/tools/bin/sstablerepairedset.bat
Extract /root/.embedded-cassandra/cassandra/3.11.2/apache-cassandra-3.11.2-bin.tar.gz extract apache-cassandra-3.11.2/tools/bin/sstablesplit
Extract /root/.embedded-cassandra/cassandra/3.11.2/apache-cassandra-3.11.2-bin.tar.gz extract apache-cassandra-3.11.2/tools/bin/sstablesplit.bat
Extract /root/.embedded-cassandra/cassandra/3.11.2/apache-cassandra-3.11.2-bin.tar.gz extract apache-cassandra-3.11.2/tools/cqlstress-counter-example.yaml
Extract /root/.embedded-cassandra/cassandra/3.11.2/apache-cassandra-3.11.2-bin.tar.gz extract apache-cassandra-3.11.2/tools/cqlstress-example.yaml
Extract /root/.embedded-cassandra/cassandra/3.11.2/apache-cassandra-3.11.2-bin.tar.gz extract apache-cassandra-3.11.2/tools/cqlstress-insanity-example.yaml
Extract /root/.embedded-cassandra/cassandra/3.11.2/apache-cassandra-3.11.2-bin.tar.gz extract apache-cassandra-3.11.2/tools/lib/stress.jar
Extract /root/.embedded-cassandra/cassandra/3.11.2/apache-cassandra-3.11.2-bin.tar.gz extract apache-cassandra-3.11.2/bin/cassandra.in.sh
Extract /root/.embedded-cassandra/cassandra/3.11.2/apache-cassandra-3.11.2-bin.tar.gz extract apache-cassandra-3.11.2/bin/cassandra
Extract /root/.embedded-cassandra/cassandra/3.11.2/apache-cassandra-3.11.2-bin.tar.gz extract apache-cassandra-3.11.2/bin/cassandra.in.bat
Extract /root/.embedded-cassandra/cassandra/3.11.2/apache-cassandra-3.11.2-bin.tar.gz extract apache-cassandra-3.11.2/bin/cassandra.ps1
Extract /root/.embedded-cassandra/cassandra/3.11.2/apache-cassandra-3.11.2-bin.tar.gz extract apache-cassandra-3.11.2/bin/cqlsh
Extract /root/.embedded-cassandra/cassandra/3.11.2/apache-cassandra-3.11.2-bin.tar.gz extract apache-cassandra-3.11.2/bin/cqlsh.bat
Extract /root/.embedded-cassandra/cassandra/3.11.2/apache-cassandra-3.11.2-bin.tar.gz extract apache-cassandra-3.11.2/bin/cqlsh.py
Extract /root/.embedded-cassandra/cassandra/3.11.2/apache-cassandra-3.11.2-bin.tar.gz extract apache-cassandra-3.11.2/bin/debug-cql
Extract /root/.embedded-cassandra/cassandra/3.11.2/apache-cassandra-3.11.2-bin.tar.gz extract apache-cassandra-3.11.2/bin/debug-cql.bat
Extract /root/.embedded-cassandra/cassandra/3.11.2/apache-cassandra-3.11.2-bin.tar.gz extract apache-cassandra-3.11.2/bin/nodetool
Extract /root/.embedded-cassandra/cassandra/3.11.2/apache-cassandra-3.11.2-bin.tar.gz extract apache-cassandra-3.11.2/bin/nodetool.bat
Extract /root/.embedded-cassandra/cassandra/3.11.2/apache-cassandra-3.11.2-bin.tar.gz extract apache-cassandra-3.11.2/bin/source-conf.ps1
Extract /root/.embedded-cassandra/cassandra/3.11.2/apache-cassandra-3.11.2-bin.tar.gz extract apache-cassandra-3.11.2/bin/sstableloader
Extract /root/.embedded-cassandra/cassandra/3.11.2/apache-cassandra-3.11.2-bin.tar.gz extract apache-cassandra-3.11.2/bin/sstableloader.bat
Extract /root/.embedded-cassandra/cassandra/3.11.2/apache-cassandra-3.11.2-bin.tar.gz extract apache-cassandra-3.11.2/bin/sstablescrub
Extract /root/.embedded-cassandra/cassandra/3.11.2/apache-cassandra-3.11.2-bin.tar.gz extract apache-cassandra-3.11.2/bin/sstablescrub.bat
Extract /root/.embedded-cassandra/cassandra/3.11.2/apache-cassandra-3.11.2-bin.tar.gz extract apache-cassandra-3.11.2/bin/sstableupgrade
Extract /root/.embedded-cassandra/cassandra/3.11.2/apache-cassandra-3.11.2-bin.tar.gz extract apache-cassandra-3.11.2/bin/sstableupgrade.bat
Extract /root/.embedded-cassandra/cassandra/3.11.2/apache-cassandra-3.11.2-bin.tar.gz extract apache-cassandra-3.11.2/bin/sstableutil
Extract /root/.embedded-cassandra/cassandra/3.11.2/apache-cassandra-3.11.2-bin.tar.gz extract apache-cassandra-3.11.2/bin/sstableutil.bat
Extract /root/.embedded-cassandra/cassandra/3.11.2/apache-cassandra-3.11.2-bin.tar.gz extract apache-cassandra-3.11.2/bin/sstableverify
Extract /root/.embedded-cassandra/cassandra/3.11.2/apache-cassandra-3.11.2-bin.tar.gz extract apache-cassandra-3.11.2/bin/sstableverify.bat
Extract /root/.embedded-cassandra/cassandra/3.11.2/apache-cassandra-3.11.2-bin.tar.gz extract apache-cassandra-3.11.2/bin/stop-server
Extract /root/.embedded-cassandra/cassandra/3.11.2/apache-cassandra-3.11.2-bin.tar.gz extract apache-cassandra-3.11.2/bin/stop-server.bat
Extract /root/.embedded-cassandra/cassandra/3.11.2/apache-cassandra-3.11.2-bin.tar.gz extract apache-cassandra-3.11.2/bin/stop-server.ps1
Extract /root/.embedded-cassandra/cassandra/3.11.2/apache-cassandra-3.11.2-bin.tar.gz DONE

[Cassandra > output]Running Cassandra as root user or group is not recommended - please start Cassandra using a different system user.
[Cassandra > output] If you really want to force running Cassandra as root, use -R command line option.
[Cassandra > output] 

]]></system-out>
  </testcase>
  <testcase name="disableTransport" classname="com.github.nosan.embedded.cassandra.CassandraServerStarterTests" time="3.066">
    <error message="Could not start process. &lt;EOF&gt;" type="java.io.IOException"><![CDATA[java.io.IOException: Could not start process. <EOF>
	at com.github.nosan.embedded.cassandra.CassandraServerStarterTests.disableTransport(CassandraServerStarterTests.java:107)
]]></error>
    <system-out><![CDATA[Extract /root/.embedded-cassandra/cassandra/3.11.2/apache-cassandra-3.11.2-bin.tar.gz START
Extract /root/.embedded-cassandra/cassandra/3.11.2/apache-cassandra-3.11.2-bin.tar.gz extract apache-cassandra-3.11.2/CASSANDRA-14092.txt
Extract /root/.embedded-cassandra/cassandra/3.11.2/apache-cassandra-3.11.2-bin.tar.gz extract apache-cassandra-3.11.2/CHANGES.txt
Extract /root/.embedded-cassandra/cassandra/3.11.2/apache-cassandra-3.11.2-bin.tar.gz extract apache-cassandra-3.11.2/LICENSE.txt
Extract /root/.embedded-cassandra/cassandra/3.11.2/apache-cassandra-3.11.2-bin.tar.gz extract apache-cassandra-3.11.2/NEWS.txt
Extract /root/.embedded-cassandra/cassandra/3.11.2/apache-cassandra-3.11.2-bin.tar.gz extract apache-cassandra-3.11.2/NOTICE.txt
Extract /root/.embedded-cassandra/cassandra/3.11.2/apache-cassandra-3.11.2-bin.tar.gz extract apache-cassandra-3.11.2/conf/README.txt
Extract /root/.embedded-cassandra/cassandra/3.11.2/apache-cassandra-3.11.2-bin.tar.gz extract apache-cassandra-3.11.2/conf/cassandra-env.ps1
Extract /root/.embedded-cassandra/cassandra/3.11.2/apache-cassandra-3.11.2-bin.tar.gz extract apache-cassandra-3.11.2/conf/cassandra-env.sh
Extract /root/.embedded-cassandra/cassandra/3.11.2/apache-cassandra-3.11.2-bin.tar.gz extract apache-cassandra-3.11.2/conf/cassandra-jaas.config
Extract /root/.embedded-cassandra/cassandra/3.11.2/apache-cassandra-3.11.2-bin.tar.gz extract apache-cassandra-3.11.2/conf/cassandra-rackdc.properties
Extract /root/.embedded-cassandra/cassandra/3.11.2/apache-cassandra-3.11.2-bin.tar.gz extract apache-cassandra-3.11.2/conf/cassandra-topology.properties
Extract /root/.embedded-cassandra/cassandra/3.11.2/apache-cassandra-3.11.2-bin.tar.gz extract apache-cassandra-3.11.2/conf/cassandra.yaml
Extract /root/.embedded-cassandra/cassandra/3.11.2/apache-cassandra-3.11.2-bin.tar.gz extract apache-cassandra-3.11.2/conf/commitlog_archiving.properties
Extract /root/.embedded-cassandra/cassandra/3.11.2/apache-cassandra-3.11.2-bin.tar.gz extract apache-cassandra-3.11.2/conf/cqlshrc.sample
Extract /root/.embedded-cassandra/cassandra/3.11.2/apache-cassandra-3.11.2-bin.tar.gz extract apache-cassandra-3.11.2/conf/hotspot_compiler
Extract /root/.embedded-cassandra/cassandra/3.11.2/apache-cassandra-3.11.2-bin.tar.gz extract apache-cassandra-3.11.2/conf/jvm.options
Extract /root/.embedded-cassandra/cassandra/3.11.2/apache-cassandra-3.11.2-bin.tar.gz extract apache-cassandra-3.11.2/conf/logback-tools.xml
Extract /root/.embedded-cassandra/cassandra/3.11.2/apache-cassandra-3.11.2-bin.tar.gz extract apache-cassandra-3.11.2/conf/logback.xml
Extract /root/.embedded-cassandra/cassandra/3.11.2/apache-cassandra-3.11.2-bin.tar.gz extract apache-cassandra-3.11.2/conf/metrics-reporter-config-sample.yaml
Extract /root/.embedded-cassandra/cassandra/3.11.2/apache-cassandra-3.11.2-bin.tar.gz extract apache-cassandra-3.11.2/conf/triggers/README.txt
Extract /root/.embedded-cassandra/cassandra/3.11.2/apache-cassandra-3.11.2-bin.tar.gz extract apache-cassandra-3.11.2/interface/cassandra.thrift
Extract /root/.embedded-cassandra/cassandra/3.11.2/apache-cassandra-3.11.2-bin.tar.gz extract apache-cassandra-3.11.2/lib/HdrHistogram-2.1.9.jar
Extract /root/.embedded-cassandra/cassandra/3.11.2/apache-cassandra-3.11.2-bin.tar.gz extract apache-cassandra-3.11.2/lib/ST4-4.0.8.jar
Extract /root/.embedded-cassandra/cassandra/3.11.2/apache-cassandra-3.11.2-bin.tar.gz extract apache-cassandra-3.11.2/lib/airline-0.6.jar
Extract /root/.embedded-cassandra/cassandra/3.11.2/apache-cassandra-3.11.2-bin.tar.gz extract apache-cassandra-3.11.2/lib/antlr-runtime-3.5.2.jar
Extract /root/.embedded-cassandra/cassandra/3.11.2/apache-cassandra-3.11.2-bin.tar.gz extract apache-cassandra-3.11.2/lib/apache-cassandra-3.11.2.jar
Extract /root/.embedded-cassandra/cassandra/3.11.2/apache-cassandra-3.11.2-bin.tar.gz extract apache-cassandra-3.11.2/lib/apache-cassandra-thrift-3.11.2.jar
Extract /root/.embedded-cassandra/cassandra/3.11.2/apache-cassandra-3.11.2-bin.tar.gz extract apache-cassandra-3.11.2/lib/asm-5.0.4.jar
Extract /root/.embedded-cassandra/cassandra/3.11.2/apache-cassandra-3.11.2-bin.tar.gz extract apache-cassandra-3.11.2/lib/caffeine-2.2.6.jar
Extract /root/.embedded-cassandra/cassandra/3.11.2/apache-cassandra-3.11.2-bin.tar.gz extract apache-cassandra-3.11.2/lib/cassandra-driver-core-3.0.1-shaded.jar
Extract /root/.embedded-cassandra/cassandra/3.11.2/apache-cassandra-3.11.2-bin.tar.gz extract apache-cassandra-3.11.2/lib/cassandra-driver-internal-only-3.10.zip
Extract /root/.embedded-cassandra/cassandra/3.11.2/apache-cassandra-3.11.2-bin.tar.gz extract apache-cassandra-3.11.2/lib/cassandra-driver-internal-only-3.11.0-bb96859b.zip
Extract /root/.embedded-cassandra/cassandra/3.11.2/apache-cassandra-3.11.2-bin.tar.gz extract apache-cassandra-3.11.2/lib/commons-cli-1.1.jar
Extract /root/.embedded-cassandra/cassandra/3.11.2/apache-cassandra-3.11.2-bin.tar.gz extract apache-cassandra-3.11.2/lib/commons-codec-1.9.jar
Extract /root/.embedded-cassandra/cassandra/3.11.2/apache-cassandra-3.11.2-bin.tar.gz extract apache-cassandra-3.11.2/lib/commons-lang3-3.1.jar
Extract /root/.embedded-cassandra/cassandra/3.11.2/apache-cassandra-3.11.2-bin.tar.gz extract apache-cassandra-3.11.2/lib/commons-math3-3.2.jar
Extract /root/.embedded-cassandra/cassandra/3.11.2/apache-cassandra-3.11.2-bin.tar.gz extract apache-cassandra-3.11.2/lib/compress-lzf-0.8.4.jar
Extract /root/.embedded-cassandra/cassandra/3.11.2/apache-cassandra-3.11.2-bin.tar.gz extract apache-cassandra-3.11.2/lib/concurrent-trees-2.4.0.jar
Extract /root/.embedded-cassandra/cassandra/3.11.2/apache-cassandra-3.11.2-bin.tar.gz extract apache-cassandra-3.11.2/lib/concurrentlinkedhashmap-lru-1.4.jar
Extract /root/.embedded-cassandra/cassandra/3.11.2/apache-cassandra-3.11.2-bin.tar.gz extract apache-cassandra-3.11.2/lib/disruptor-3.0.1.jar
Extract /root/.embedded-cassandra/cassandra/3.11.2/apache-cassandra-3.11.2-bin.tar.gz extract apache-cassandra-3.11.2/lib/ecj-4.4.2.jar
Extract /root/.embedded-cassandra/cassandra/3.11.2/apache-cassandra-3.11.2-bin.tar.gz extract apache-cassandra-3.11.2/lib/futures-2.1.6-py2.py3-none-any.zip
Extract /root/.embedded-cassandra/cassandra/3.11.2/apache-cassandra-3.11.2-bin.tar.gz extract apache-cassandra-3.11.2/lib/guava-18.0.jar
Extract /root/.embedded-cassandra/cassandra/3.11.2/apache-cassandra-3.11.2-bin.tar.gz extract apache-cassandra-3.11.2/lib/high-scale-lib-1.0.6.jar
Extract /root/.embedded-cassandra/cassandra/3.11.2/apache-cassandra-3.11.2-bin.tar.gz extract apache-cassandra-3.11.2/lib/hppc-0.5.4.jar
Extract /root/.embedded-cassandra/cassandra/3.11.2/apache-cassandra-3.11.2-bin.tar.gz extract apache-cassandra-3.11.2/lib/jackson-core-asl-1.9.13.jar
Extract /root/.embedded-cassandra/cassandra/3.11.2/apache-cassandra-3.11.2-bin.tar.gz extract apache-cassandra-3.11.2/lib/jackson-mapper-asl-1.9.13.jar
Extract /root/.embedded-cassandra/cassandra/3.11.2/apache-cassandra-3.11.2-bin.tar.gz extract apache-cassandra-3.11.2/lib/jamm-0.3.0.jar
Extract /root/.embedded-cassandra/cassandra/3.11.2/apache-cassandra-3.11.2-bin.tar.gz extract apache-cassandra-3.11.2/lib/javax.inject.jar
Extract /root/.embedded-cassandra/cassandra/3.11.2/apache-cassandra-3.11.2-bin.tar.gz extract apache-cassandra-3.11.2/lib/jbcrypt-0.3m.jar
Extract /root/.embedded-cassandra/cassandra/3.11.2/apache-cassandra-3.11.2-bin.tar.gz extract apache-cassandra-3.11.2/lib/jcl-over-slf4j-1.7.7.jar
Extract /root/.embedded-cassandra/cassandra/3.11.2/apache-cassandra-3.11.2-bin.tar.gz extract apache-cassandra-3.11.2/lib/jctools-core-1.2.1.jar
Extract /root/.embedded-cassandra/cassandra/3.11.2/apache-cassandra-3.11.2-bin.tar.gz extract apache-cassandra-3.11.2/lib/jflex-1.6.0.jar
Extract /root/.embedded-cassandra/cassandra/3.11.2/apache-cassandra-3.11.2-bin.tar.gz extract apache-cassandra-3.11.2/lib/jna-4.2.2.jar
Extract /root/.embedded-cassandra/cassandra/3.11.2/apache-cassandra-3.11.2-bin.tar.gz extract apache-cassandra-3.11.2/lib/joda-time-2.4.jar
Extract /root/.embedded-cassandra/cassandra/3.11.2/apache-cassandra-3.11.2-bin.tar.gz extract apache-cassandra-3.11.2/lib/json-simple-1.1.jar
Extract /root/.embedded-cassandra/cassandra/3.11.2/apache-cassandra-3.11.2-bin.tar.gz extract apache-cassandra-3.11.2/lib/jstackjunit-0.0.1.jar
Extract /root/.embedded-cassandra/cassandra/3.11.2/apache-cassandra-3.11.2-bin.tar.gz extract apache-cassandra-3.11.2/lib/libthrift-0.9.2.jar
Extract /root/.embedded-cassandra/cassandra/3.11.2/apache-cassandra-3.11.2-bin.tar.gz extract apache-cassandra-3.11.2/lib/licenses/ST4-4.0.8.txt
Extract /root/.embedded-cassandra/cassandra/3.11.2/apache-cassandra-3.11.2-bin.tar.gz extract apache-cassandra-3.11.2/lib/licenses/airline-0.6.txt
Extract /root/.embedded-cassandra/cassandra/3.11.2/apache-cassandra-3.11.2-bin.tar.gz extract apache-cassandra-3.11.2/lib/licenses/antlr-runtime-3.5.2.txt
Extract /root/.embedded-cassandra/cassandra/3.11.2/apache-cassandra-3.11.2-bin.tar.gz extract apache-cassandra-3.11.2/lib/licenses/asm-5.0.4.txt
Extract /root/.embedded-cassandra/cassandra/3.11.2/apache-cassandra-3.11.2-bin.tar.gz extract apache-cassandra-3.11.2/lib/licenses/caffeine-2.2.6.txt
Extract /root/.embedded-cassandra/cassandra/3.11.2/apache-cassandra-3.11.2-bin.tar.gz extract apache-cassandra-3.11.2/lib/licenses/cassandra-driver-3.0.1.txt
Extract /root/.embedded-cassandra/cassandra/3.11.2/apache-cassandra-3.11.2-bin.tar.gz extract apache-cassandra-3.11.2/lib/licenses/commons-cli-1.1.txt
Extract /root/.embedded-cassandra/cassandra/3.11.2/apache-cassandra-3.11.2-bin.tar.gz extract apache-cassandra-3.11.2/lib/licenses/commons-codec-1.9.txt
Extract /root/.embedded-cassandra/cassandra/3.11.2/apache-cassandra-3.11.2-bin.tar.gz extract apache-cassandra-3.11.2/lib/licenses/commons-lang3-3.1.txt
Extract /root/.embedded-cassandra/cassandra/3.11.2/apache-cassandra-3.11.2-bin.tar.gz extract apache-cassandra-3.11.2/lib/licenses/commons-math3-3.2.txt
Extract /root/.embedded-cassandra/cassandra/3.11.2/apache-cassandra-3.11.2-bin.tar.gz extract apache-cassandra-3.11.2/lib/licenses/compress-lzf-0.8.4.txt
Extract /root/.embedded-cassandra/cassandra/3.11.2/apache-cassandra-3.11.2-bin.tar.gz extract apache-cassandra-3.11.2/lib/licenses/concurrent-trees-2.4.0.txt
Extract /root/.embedded-cassandra/cassandra/3.11.2/apache-cassandra-3.11.2-bin.tar.gz extract apache-cassandra-3.11.2/lib/licenses/concurrentlinkedhashmap-lru-1.4.txt
Extract /root/.embedded-cassandra/cassandra/3.11.2/apache-cassandra-3.11.2-bin.tar.gz extract apache-cassandra-3.11.2/lib/licenses/disruptor-3.0.1.txt
Extract /root/.embedded-cassandra/cassandra/3.11.2/apache-cassandra-3.11.2-bin.tar.gz extract apache-cassandra-3.11.2/lib/licenses/ecj-4.4.2.txt
Extract /root/.embedded-cassandra/cassandra/3.11.2/apache-cassandra-3.11.2-bin.tar.gz extract apache-cassandra-3.11.2/lib/licenses/futures-2.1.6.txt
Extract /root/.embedded-cassandra/cassandra/3.11.2/apache-cassandra-3.11.2-bin.tar.gz extract apache-cassandra-3.11.2/lib/licenses/guava-18.0.txt
Extract /root/.embedded-cassandra/cassandra/3.11.2/apache-cassandra-3.11.2-bin.tar.gz extract apache-cassandra-3.11.2/lib/licenses/hdrhistogram-2.1.9.txt
Extract /root/.embedded-cassandra/cassandra/3.11.2/apache-cassandra-3.11.2-bin.tar.gz extract apache-cassandra-3.11.2/lib/licenses/high-scale-lib-1.0.6.txt
Extract /root/.embedded-cassandra/cassandra/3.11.2/apache-cassandra-3.11.2-bin.tar.gz extract apache-cassandra-3.11.2/lib/licenses/hppc-0.5.4.txt
Extract /root/.embedded-cassandra/cassandra/3.11.2/apache-cassandra-3.11.2-bin.tar.gz extract apache-cassandra-3.11.2/lib/licenses/jackson-core-asl-1.9.13.txt
Extract /root/.embedded-cassandra/cassandra/3.11.2/apache-cassandra-3.11.2-bin.tar.gz extract apache-cassandra-3.11.2/lib/licenses/jackson-mapper-asl-1.9.13.txt
Extract /root/.embedded-cassandra/cassandra/3.11.2/apache-cassandra-3.11.2-bin.tar.gz extract apache-cassandra-3.11.2/lib/licenses/jamm-0.3.0.txt
Extract /root/.embedded-cassandra/cassandra/3.11.2/apache-cassandra-3.11.2-bin.tar.gz extract apache-cassandra-3.11.2/lib/licenses/javax.inject.txt
Extract /root/.embedded-cassandra/cassandra/3.11.2/apache-cassandra-3.11.2-bin.tar.gz extract apache-cassandra-3.11.2/lib/licenses/jbcrypt-0.3m.txt
Extract /root/.embedded-cassandra/cassandra/3.11.2/apache-cassandra-3.11.2-bin.tar.gz extract apache-cassandra-3.11.2/lib/licenses/jcl-over-slf4j-1.7.7.txt
Extract /root/.embedded-cassandra/cassandra/3.11.2/apache-cassandra-3.11.2-bin.tar.gz extract apache-cassandra-3.11.2/lib/licenses/jctools-core-1.2.1.txt
Extract /root/.embedded-cassandra/cassandra/3.11.2/apache-cassandra-3.11.2-bin.tar.gz extract apache-cassandra-3.11.2/lib/licenses/jflex-1.6.0.txt
Extract /root/.embedded-cassandra/cassandra/3.11.2/apache-cassandra-3.11.2-bin.tar.gz extract apache-cassandra-3.11.2/lib/licenses/jna-4.2.2.txt
Extract /root/.embedded-cassandra/cassandra/3.11.2/apache-cassandra-3.11.2-bin.tar.gz extract apache-cassandra-3.11.2/lib/licenses/joda-time-2.4.txt
Extract /root/.embedded-cassandra/cassandra/3.11.2/apache-cassandra-3.11.2-bin.tar.gz extract apache-cassandra-3.11.2/lib/licenses/json-simple-1.1.txt
Extract /root/.embedded-cassandra/cassandra/3.11.2/apache-cassandra-3.11.2-bin.tar.gz extract apache-cassandra-3.11.2/lib/licenses/jstackjunit-0.0.1.txt
Extract /root/.embedded-cassandra/cassandra/3.11.2/apache-cassandra-3.11.2-bin.tar.gz extract apache-cassandra-3.11.2/lib/licenses/libthrift-0.9.2.txt
Extract /root/.embedded-cassandra/cassandra/3.11.2/apache-cassandra-3.11.2-bin.tar.gz extract apache-cassandra-3.11.2/lib/licenses/log4j-over-slf4j-1.7.7.txt
Extract /root/.embedded-cassandra/cassandra/3.11.2/apache-cassandra-3.11.2-bin.tar.gz extract apache-cassandra-3.11.2/lib/licenses/logback-classic-1.1.3.txt
Extract /root/.embedded-cassandra/cassandra/3.11.2/apache-cassandra-3.11.2-bin.tar.gz extract apache-cassandra-3.11.2/lib/licenses/logback-core-1.1.3.txt
Extract /root/.embedded-cassandra/cassandra/3.11.2/apache-cassandra-3.11.2-bin.tar.gz extract apache-cassandra-3.11.2/lib/licenses/lz4-1.3.0.txt
Extract /root/.embedded-cassandra/cassandra/3.11.2/apache-cassandra-3.11.2-bin.tar.gz extract apache-cassandra-3.11.2/lib/licenses/metrics-core-3.1.0.txt
Extract /root/.embedded-cassandra/cassandra/3.11.2/apache-cassandra-3.11.2-bin.tar.gz extract apache-cassandra-3.11.2/lib/licenses/metrics-jvm-3.1.0.txt
Extract /root/.embedded-cassandra/cassandra/3.11.2/apache-cassandra-3.11.2-bin.tar.gz extract apache-cassandra-3.11.2/lib/licenses/metrics-logback-3.1.0.txt
Extract /root/.embedded-cassandra/cassandra/3.11.2/apache-cassandra-3.11.2-bin.tar.gz extract apache-cassandra-3.11.2/lib/licenses/netty-all-4.0.44.Final.txt
Extract /root/.embedded-cassandra/cassandra/3.11.2/apache-cassandra-3.11.2-bin.tar.gz extract apache-cassandra-3.11.2/lib/licenses/ohc-0.4.4.txt
Extract /root/.embedded-cassandra/cassandra/3.11.2/apache-cassandra-3.11.2-bin.tar.gz extract apache-cassandra-3.11.2/lib/licenses/reporter-config-base-3.0.3.txt
Extract /root/.embedded-cassandra/cassandra/3.11.2/apache-cassandra-3.11.2-bin.tar.gz extract apache-cassandra-3.11.2/lib/licenses/reporter-config3-3.0.3.txt
Extract /root/.embedded-cassandra/cassandra/3.11.2/apache-cassandra-3.11.2-bin.tar.gz extract apache-cassandra-3.11.2/lib/licenses/sigar-1.6.4.txt
Extract /root/.embedded-cassandra/cassandra/3.11.2/apache-cassandra-3.11.2-bin.tar.gz extract apache-cassandra-3.11.2/lib/licenses/six-1.7.3.txt
Extract /root/.embedded-cassandra/cassandra/3.11.2/apache-cassandra-3.11.2-bin.tar.gz extract apache-cassandra-3.11.2/lib/licenses/slf4j-api-1.7.7.txt
Extract /root/.embedded-cassandra/cassandra/3.11.2/apache-cassandra-3.11.2-bin.tar.gz extract apache-cassandra-3.11.2/lib/licenses/snakeyaml-1.11.txt
Extract /root/.embedded-cassandra/cassandra/3.11.2/apache-cassandra-3.11.2-bin.tar.gz extract apache-cassandra-3.11.2/lib/licenses/snappy-java-1.1.1.7.txt
Extract /root/.embedded-cassandra/cassandra/3.11.2/apache-cassandra-3.11.2-bin.tar.gz extract apache-cassandra-3.11.2/lib/licenses/snowball-stemmer-1.3.0.581.1.txt
Extract /root/.embedded-cassandra/cassandra/3.11.2/apache-cassandra-3.11.2-bin.tar.gz extract apache-cassandra-3.11.2/lib/licenses/stream-2.5.2.txt
Extract /root/.embedded-cassandra/cassandra/3.11.2/apache-cassandra-3.11.2-bin.tar.gz extract apache-cassandra-3.11.2/lib/licenses/thrift-server-0.3.7.txt
Extract /root/.embedded-cassandra/cassandra/3.11.2/apache-cassandra-3.11.2-bin.tar.gz extract apache-cassandra-3.11.2/lib/log4j-over-slf4j-1.7.7.jar
Extract /root/.embedded-cassandra/cassandra/3.11.2/apache-cassandra-3.11.2-bin.tar.gz extract apache-cassandra-3.11.2/lib/logback-classic-1.1.3.jar
Extract /root/.embedded-cassandra/cassandra/3.11.2/apache-cassandra-3.11.2-bin.tar.gz extract apache-cassandra-3.11.2/lib/logback-core-1.1.3.jar
Extract /root/.embedded-cassandra/cassandra/3.11.2/apache-cassandra-3.11.2-bin.tar.gz extract apache-cassandra-3.11.2/lib/lz4-1.3.0.jar
Extract /root/.embedded-cassandra/cassandra/3.11.2/apache-cassandra-3.11.2-bin.tar.gz extract apache-cassandra-3.11.2/lib/metrics-core-3.1.0.jar
Extract /root/.embedded-cassandra/cassandra/3.11.2/apache-cassandra-3.11.2-bin.tar.gz extract apache-cassandra-3.11.2/lib/metrics-jvm-3.1.0.jar
Extract /root/.embedded-cassandra/cassandra/3.11.2/apache-cassandra-3.11.2-bin.tar.gz extract apache-cassandra-3.11.2/lib/metrics-logback-3.1.0.jar
Extract /root/.embedded-cassandra/cassandra/3.11.2/apache-cassandra-3.11.2-bin.tar.gz extract apache-cassandra-3.11.2/lib/netty-all-4.0.44.Final.jar
Extract /root/.embedded-cassandra/cassandra/3.11.2/apache-cassandra-3.11.2-bin.tar.gz extract apache-cassandra-3.11.2/lib/ohc-core-0.4.4.jar
Extract /root/.embedded-cassandra/cassandra/3.11.2/apache-cassandra-3.11.2-bin.tar.gz extract apache-cassandra-3.11.2/lib/ohc-core-j8-0.4.4.jar
Extract /root/.embedded-cassandra/cassandra/3.11.2/apache-cassandra-3.11.2-bin.tar.gz extract apache-cassandra-3.11.2/lib/reporter-config-base-3.0.3.jar
Extract /root/.embedded-cassandra/cassandra/3.11.2/apache-cassandra-3.11.2-bin.tar.gz extract apache-cassandra-3.11.2/lib/reporter-config3-3.0.3.jar
Extract /root/.embedded-cassandra/cassandra/3.11.2/apache-cassandra-3.11.2-bin.tar.gz extract apache-cassandra-3.11.2/lib/sigar-1.6.4.jar
Extract /root/.embedded-cassandra/cassandra/3.11.2/apache-cassandra-3.11.2-bin.tar.gz extract apache-cassandra-3.11.2/lib/sigar-bin/libsigar-amd64-freebsd-6.so
Extract /root/.embedded-cassandra/cassandra/3.11.2/apache-cassandra-3.11.2-bin.tar.gz extract apache-cassandra-3.11.2/lib/sigar-bin/libsigar-amd64-linux.so
Extract /root/.embedded-cassandra/cassandra/3.11.2/apache-cassandra-3.11.2-bin.tar.gz extract apache-cassandra-3.11.2/lib/sigar-bin/libsigar-amd64-solaris.so
Extract /root/.embedded-cassandra/cassandra/3.11.2/apache-cassandra-3.11.2-bin.tar.gz extract apache-cassandra-3.11.2/lib/sigar-bin/libsigar-ia64-hpux-11.sl
Extract /root/.embedded-cassandra/cassandra/3.11.2/apache-cassandra-3.11.2-bin.tar.gz extract apache-cassandra-3.11.2/lib/sigar-bin/libsigar-ia64-linux.so
Extract /root/.embedded-cassandra/cassandra/3.11.2/apache-cassandra-3.11.2-bin.tar.gz extract apache-cassandra-3.11.2/lib/sigar-bin/libsigar-pa-hpux-11.sl
Extract /root/.embedded-cassandra/cassandra/3.11.2/apache-cassandra-3.11.2-bin.tar.gz extract apache-cassandra-3.11.2/lib/sigar-bin/libsigar-ppc-aix-5.so
Extract /root/.embedded-cassandra/cassandra/3.11.2/apache-cassandra-3.11.2-bin.tar.gz extract apache-cassandra-3.11.2/lib/sigar-bin/libsigar-ppc-linux.so
Extract /root/.embedded-cassandra/cassandra/3.11.2/apache-cassandra-3.11.2-bin.tar.gz extract apache-cassandra-3.11.2/lib/sigar-bin/libsigar-ppc64-aix-5.so
Extract /root/.embedded-cassandra/cassandra/3.11.2/apache-cassandra-3.11.2-bin.tar.gz extract apache-cassandra-3.11.2/lib/sigar-bin/libsigar-ppc64-linux.so
Extract /root/.embedded-cassandra/cassandra/3.11.2/apache-cassandra-3.11.2-bin.tar.gz extract apache-cassandra-3.11.2/lib/sigar-bin/libsigar-s390x-linux.so
Extract /root/.embedded-cassandra/cassandra/3.11.2/apache-cassandra-3.11.2-bin.tar.gz extract apache-cassandra-3.11.2/lib/sigar-bin/libsigar-sparc-solaris.so
Extract /root/.embedded-cassandra/cassandra/3.11.2/apache-cassandra-3.11.2-bin.tar.gz extract apache-cassandra-3.11.2/lib/sigar-bin/libsigar-sparc64-solaris.so
Extract /root/.embedded-cassandra/cassandra/3.11.2/apache-cassandra-3.11.2-bin.tar.gz extract apache-cassandra-3.11.2/lib/sigar-bin/libsigar-universal-macosx.dylib
Extract /root/.embedded-cassandra/cassandra/3.11.2/apache-cassandra-3.11.2-bin.tar.gz extract apache-cassandra-3.11.2/lib/sigar-bin/libsigar-universal64-macosx.dylib
Extract /root/.embedded-cassandra/cassandra/3.11.2/apache-cassandra-3.11.2-bin.tar.gz extract apache-cassandra-3.11.2/lib/sigar-bin/libsigar-x86-freebsd-5.so
Extract /root/.embedded-cassandra/cassandra/3.11.2/apache-cassandra-3.11.2-bin.tar.gz extract apache-cassandra-3.11.2/lib/sigar-bin/libsigar-x86-freebsd-6.so
Extract /root/.embedded-cassandra/cassandra/3.11.2/apache-cassandra-3.11.2-bin.tar.gz extract apache-cassandra-3.11.2/lib/sigar-bin/libsigar-x86-linux.so
Extract /root/.embedded-cassandra/cassandra/3.11.2/apache-cassandra-3.11.2-bin.tar.gz extract apache-cassandra-3.11.2/lib/sigar-bin/libsigar-x86-solaris.so
Extract /root/.embedded-cassandra/cassandra/3.11.2/apache-cassandra-3.11.2-bin.tar.gz extract apache-cassandra-3.11.2/lib/sigar-bin/sigar-amd64-winnt.dll
Extract /root/.embedded-cassandra/cassandra/3.11.2/apache-cassandra-3.11.2-bin.tar.gz extract apache-cassandra-3.11.2/lib/sigar-bin/sigar-x86-winnt.dll
Extract /root/.embedded-cassandra/cassandra/3.11.2/apache-cassandra-3.11.2-bin.tar.gz extract apache-cassandra-3.11.2/lib/sigar-bin/sigar-x86-winnt.lib
Extract /root/.embedded-cassandra/cassandra/3.11.2/apache-cassandra-3.11.2-bin.tar.gz extract apache-cassandra-3.11.2/lib/six-1.7.3-py2.py3-none-any.zip
Extract /root/.embedded-cassandra/cassandra/3.11.2/apache-cassandra-3.11.2-bin.tar.gz extract apache-cassandra-3.11.2/lib/slf4j-api-1.7.7.jar
Extract /root/.embedded-cassandra/cassandra/3.11.2/apache-cassandra-3.11.2-bin.tar.gz extract apache-cassandra-3.11.2/lib/snakeyaml-1.11.jar
Extract /root/.embedded-cassandra/cassandra/3.11.2/apache-cassandra-3.11.2-bin.tar.gz extract apache-cassandra-3.11.2/lib/snappy-java-1.1.1.7.jar
Extract /root/.embedded-cassandra/cassandra/3.11.2/apache-cassandra-3.11.2-bin.tar.gz extract apache-cassandra-3.11.2/lib/snowball-stemmer-1.3.0.581.1.jar
Extract /root/.embedded-cassandra/cassandra/3.11.2/apache-cassandra-3.11.2-bin.tar.gz extract apache-cassandra-3.11.2/lib/stream-2.5.2.jar
Extract /root/.embedded-cassandra/cassandra/3.11.2/apache-cassandra-3.11.2-bin.tar.gz extract apache-cassandra-3.11.2/lib/thrift-server-0.3.7.jar
Extract /root/.embedded-cassandra/cassandra/3.11.2/apache-cassandra-3.11.2-bin.tar.gz extract apache-cassandra-3.11.2/pylib/cqlshlib/__init__.py
Extract /root/.embedded-cassandra/cassandra/3.11.2/apache-cassandra-3.11.2-bin.tar.gz extract apache-cassandra-3.11.2/pylib/cqlshlib/copyutil.py
Extract /root/.embedded-cassandra/cassandra/3.11.2/apache-cassandra-3.11.2-bin.tar.gz extract apache-cassandra-3.11.2/pylib/cqlshlib/cql3handling.py
Extract /root/.embedded-cassandra/cassandra/3.11.2/apache-cassandra-3.11.2-bin.tar.gz extract apache-cassandra-3.11.2/pylib/cqlshlib/cqlhandling.py
Extract /root/.embedded-cassandra/cassandra/3.11.2/apache-cassandra-3.11.2-bin.tar.gz extract apache-cassandra-3.11.2/pylib/cqlshlib/cqlshhandling.py
Extract /root/.embedded-cassandra/cassandra/3.11.2/apache-cassandra-3.11.2-bin.tar.gz extract apache-cassandra-3.11.2/pylib/cqlshlib/displaying.py
Extract /root/.embedded-cassandra/cassandra/3.11.2/apache-cassandra-3.11.2-bin.tar.gz extract apache-cassandra-3.11.2/pylib/cqlshlib/formatting.py
Extract /root/.embedded-cassandra/cassandra/3.11.2/apache-cassandra-3.11.2-bin.tar.gz extract apache-cassandra-3.11.2/pylib/cqlshlib/helptopics.py
Extract /root/.embedded-cassandra/cassandra/3.11.2/apache-cassandra-3.11.2-bin.tar.gz extract apache-cassandra-3.11.2/pylib/cqlshlib/pylexotron.py
Extract /root/.embedded-cassandra/cassandra/3.11.2/apache-cassandra-3.11.2-bin.tar.gz extract apache-cassandra-3.11.2/pylib/cqlshlib/saferscanner.py
Extract /root/.embedded-cassandra/cassandra/3.11.2/apache-cassandra-3.11.2-bin.tar.gz extract apache-cassandra-3.11.2/pylib/cqlshlib/sslhandling.py
Extract /root/.embedded-cassandra/cassandra/3.11.2/apache-cassandra-3.11.2-bin.tar.gz extract apache-cassandra-3.11.2/pylib/cqlshlib/test/__init__.py
Extract /root/.embedded-cassandra/cassandra/3.11.2/apache-cassandra-3.11.2-bin.tar.gz extract apache-cassandra-3.11.2/pylib/cqlshlib/test/ansi_colors.py
Extract /root/.embedded-cassandra/cassandra/3.11.2/apache-cassandra-3.11.2-bin.tar.gz extract apache-cassandra-3.11.2/pylib/cqlshlib/test/basecase.py
Extract /root/.embedded-cassandra/cassandra/3.11.2/apache-cassandra-3.11.2-bin.tar.gz extract apache-cassandra-3.11.2/pylib/cqlshlib/test/cassconnect.py
Extract /root/.embedded-cassandra/cassandra/3.11.2/apache-cassandra-3.11.2-bin.tar.gz extract apache-cassandra-3.11.2/pylib/cqlshlib/test/run_cqlsh.py
Extract /root/.embedded-cassandra/cassandra/3.11.2/apache-cassandra-3.11.2-bin.tar.gz extract apache-cassandra-3.11.2/pylib/cqlshlib/test/test_cql_parsing.py
Extract /root/.embedded-cassandra/cassandra/3.11.2/apache-cassandra-3.11.2-bin.tar.gz extract apache-cassandra-3.11.2/pylib/cqlshlib/test/test_cqlsh_commands.py
Extract /root/.embedded-cassandra/cassandra/3.11.2/apache-cassandra-3.11.2-bin.tar.gz extract apache-cassandra-3.11.2/pylib/cqlshlib/test/test_cqlsh_completion.py
Extract /root/.embedded-cassandra/cassandra/3.11.2/apache-cassandra-3.11.2-bin.tar.gz extract apache-cassandra-3.11.2/pylib/cqlshlib/test/test_cqlsh_invocation.py
Extract /root/.embedded-cassandra/cassandra/3.11.2/apache-cassandra-3.11.2-bin.tar.gz extract apache-cassandra-3.11.2/pylib/cqlshlib/test/test_cqlsh_output.py
Extract /root/.embedded-cassandra/cassandra/3.11.2/apache-cassandra-3.11.2-bin.tar.gz extract apache-cassandra-3.11.2/pylib/cqlshlib/test/test_cqlsh_parsing.py
Extract /root/.embedded-cassandra/cassandra/3.11.2/apache-cassandra-3.11.2-bin.tar.gz extract apache-cassandra-3.11.2/pylib/cqlshlib/test/test_keyspace_init.cql
Extract /root/.embedded-cassandra/cassandra/3.11.2/apache-cassandra-3.11.2-bin.tar.gz extract apache-cassandra-3.11.2/pylib/cqlshlib/test/winpty.py
Extract /root/.embedded-cassandra/cassandra/3.11.2/apache-cassandra-3.11.2-bin.tar.gz extract apache-cassandra-3.11.2/pylib/cqlshlib/tracing.py
Extract /root/.embedded-cassandra/cassandra/3.11.2/apache-cassandra-3.11.2-bin.tar.gz extract apache-cassandra-3.11.2/pylib/cqlshlib/util.py
Extract /root/.embedded-cassandra/cassandra/3.11.2/apache-cassandra-3.11.2-bin.tar.gz extract apache-cassandra-3.11.2/pylib/cqlshlib/wcwidth.py
Extract /root/.embedded-cassandra/cassandra/3.11.2/apache-cassandra-3.11.2-bin.tar.gz extract apache-cassandra-3.11.2/pylib/setup.py
Extract /root/.embedded-cassandra/cassandra/3.11.2/apache-cassandra-3.11.2-bin.tar.gz extract apache-cassandra-3.11.2/tools/bin/cassandra-stress
Extract /root/.embedded-cassandra/cassandra/3.11.2/apache-cassandra-3.11.2-bin.tar.gz extract apache-cassandra-3.11.2/tools/bin/cassandra-stress.bat
Extract /root/.embedded-cassandra/cassandra/3.11.2/apache-cassandra-3.11.2-bin.tar.gz extract apache-cassandra-3.11.2/tools/bin/cassandra-stressd
Extract /root/.embedded-cassandra/cassandra/3.11.2/apache-cassandra-3.11.2-bin.tar.gz extract apache-cassandra-3.11.2/tools/bin/cassandra.in.bat
Extract /root/.embedded-cassandra/cassandra/3.11.2/apache-cassandra-3.11.2-bin.tar.gz extract apache-cassandra-3.11.2/tools/bin/cassandra.in.sh
Extract /root/.embedded-cassandra/cassandra/3.11.2/apache-cassandra-3.11.2-bin.tar.gz extract apache-cassandra-3.11.2/tools/bin/compaction-stress
Extract /root/.embedded-cassandra/cassandra/3.11.2/apache-cassandra-3.11.2-bin.tar.gz extract apache-cassandra-3.11.2/tools/bin/sstabledump
Extract /root/.embedded-cassandra/cassandra/3.11.2/apache-cassandra-3.11.2-bin.tar.gz extract apache-cassandra-3.11.2/tools/bin/sstabledump.bat
Extract /root/.embedded-cassandra/cassandra/3.11.2/apache-cassandra-3.11.2-bin.tar.gz extract apache-cassandra-3.11.2/tools/bin/sstableexpiredblockers
Extract /root/.embedded-cassandra/cassandra/3.11.2/apache-cassandra-3.11.2-bin.tar.gz extract apache-cassandra-3.11.2/tools/bin/sstableexpiredblockers.bat
Extract /root/.embedded-cassandra/cassandra/3.11.2/apache-cassandra-3.11.2-bin.tar.gz extract apache-cassandra-3.11.2/tools/bin/sstablelevelreset
Extract /root/.embedded-cassandra/cassandra/3.11.2/apache-cassandra-3.11.2-bin.tar.gz extract apache-cassandra-3.11.2/tools/bin/sstablelevelreset.bat
Extract /root/.embedded-cassandra/cassandra/3.11.2/apache-cassandra-3.11.2-bin.tar.gz extract apache-cassandra-3.11.2/tools/bin/sstablemetadata
Extract /root/.embedded-cassandra/cassandra/3.11.2/apache-cassandra-3.11.2-bin.tar.gz extract apache-cassandra-3.11.2/tools/bin/sstablemetadata.bat
Extract /root/.embedded-cassandra/cassandra/3.11.2/apache-cassandra-3.11.2-bin.tar.gz extract apache-cassandra-3.11.2/tools/bin/sstableofflinerelevel
Extract /root/.embedded-cassandra/cassandra/3.11.2/apache-cassandra-3.11.2-bin.tar.gz extract apache-cassandra-3.11.2/tools/bin/sstableofflinerelevel.bat
Extract /root/.embedded-cassandra/cassandra/3.11.2/apache-cassandra-3.11.2-bin.tar.gz extract apache-cassandra-3.11.2/tools/bin/sstablerepairedset
Extract /root/.embedded-cassandra/cassandra/3.11.2/apache-cassandra-3.11.2-bin.tar.gz extract apache-cassandra-3.11.2/tools/bin/sstablerepairedset.bat
Extract /root/.embedded-cassandra/cassandra/3.11.2/apache-cassandra-3.11.2-bin.tar.gz extract apache-cassandra-3.11.2/tools/bin/sstablesplit
Extract /root/.embedded-cassandra/cassandra/3.11.2/apache-cassandra-3.11.2-bin.tar.gz extract apache-cassandra-3.11.2/tools/bin/sstablesplit.bat
Extract /root/.embedded-cassandra/cassandra/3.11.2/apache-cassandra-3.11.2-bin.tar.gz extract apache-cassandra-3.11.2/tools/cqlstress-counter-example.yaml
Extract /root/.embedded-cassandra/cassandra/3.11.2/apache-cassandra-3.11.2-bin.tar.gz extract apache-cassandra-3.11.2/tools/cqlstress-example.yaml
Extract /root/.embedded-cassandra/cassandra/3.11.2/apache-cassandra-3.11.2-bin.tar.gz extract apache-cassandra-3.11.2/tools/cqlstress-insanity-example.yaml
Extract /root/.embedded-cassandra/cassandra/3.11.2/apache-cassandra-3.11.2-bin.tar.gz extract apache-cassandra-3.11.2/tools/lib/stress.jar
Extract /root/.embedded-cassandra/cassandra/3.11.2/apache-cassandra-3.11.2-bin.tar.gz extract apache-cassandra-3.11.2/bin/cassandra.in.sh
Extract /root/.embedded-cassandra/cassandra/3.11.2/apache-cassandra-3.11.2-bin.tar.gz extract apache-cassandra-3.11.2/bin/cassandra
Extract /root/.embedded-cassandra/cassandra/3.11.2/apache-cassandra-3.11.2-bin.tar.gz extract apache-cassandra-3.11.2/bin/cassandra.in.bat
Extract /root/.embedded-cassandra/cassandra/3.11.2/apache-cassandra-3.11.2-bin.tar.gz extract apache-cassandra-3.11.2/bin/cassandra.ps1
Extract /root/.embedded-cassandra/cassandra/3.11.2/apache-cassandra-3.11.2-bin.tar.gz extract apache-cassandra-3.11.2/bin/cqlsh
Extract /root/.embedded-cassandra/cassandra/3.11.2/apache-cassandra-3.11.2-bin.tar.gz extract apache-cassandra-3.11.2/bin/cqlsh.bat
Extract /root/.embedded-cassandra/cassandra/3.11.2/apache-cassandra-3.11.2-bin.tar.gz extract apache-cassandra-3.11.2/bin/cqlsh.py
Extract /root/.embedded-cassandra/cassandra/3.11.2/apache-cassandra-3.11.2-bin.tar.gz extract apache-cassandra-3.11.2/bin/debug-cql
Extract /root/.embedded-cassandra/cassandra/3.11.2/apache-cassandra-3.11.2-bin.tar.gz extract apache-cassandra-3.11.2/bin/debug-cql.bat
Extract /root/.embedded-cassandra/cassandra/3.11.2/apache-cassandra-3.11.2-bin.tar.gz extract apache-cassandra-3.11.2/bin/nodetool
Extract /root/.embedded-cassandra/cassandra/3.11.2/apache-cassandra-3.11.2-bin.tar.gz extract apache-cassandra-3.11.2/bin/nodetool.bat
Extract /root/.embedded-cassandra/cassandra/3.11.2/apache-cassandra-3.11.2-bin.tar.gz extract apache-cassandra-3.11.2/bin/source-conf.ps1
Extract /root/.embedded-cassandra/cassandra/3.11.2/apache-cassandra-3.11.2-bin.tar.gz extract apache-cassandra-3.11.2/bin/sstableloader
Extract /root/.embedded-cassandra/cassandra/3.11.2/apache-cassandra-3.11.2-bin.tar.gz extract apache-cassandra-3.11.2/bin/sstableloader.bat
Extract /root/.embedded-cassandra/cassandra/3.11.2/apache-cassandra-3.11.2-bin.tar.gz extract apache-cassandra-3.11.2/bin/sstablescrub
Extract /root/.embedded-cassandra/cassandra/3.11.2/apache-cassandra-3.11.2-bin.tar.gz extract apache-cassandra-3.11.2/bin/sstablescrub.bat
Extract /root/.embedded-cassandra/cassandra/3.11.2/apache-cassandra-3.11.2-bin.tar.gz extract apache-cassandra-3.11.2/bin/sstableupgrade
Extract /root/.embedded-cassandra/cassandra/3.11.2/apache-cassandra-3.11.2-bin.tar.gz extract apache-cassandra-3.11.2/bin/sstableupgrade.bat
Extract /root/.embedded-cassandra/cassandra/3.11.2/apache-cassandra-3.11.2-bin.tar.gz extract apache-cassandra-3.11.2/bin/sstableutil
Extract /root/.embedded-cassandra/cassandra/3.11.2/apache-cassandra-3.11.2-bin.tar.gz extract apache-cassandra-3.11.2/bin/sstableutil.bat
Extract /root/.embedded-cassandra/cassandra/3.11.2/apache-cassandra-3.11.2-bin.tar.gz extract apache-cassandra-3.11.2/bin/sstableverify
Extract /root/.embedded-cassandra/cassandra/3.11.2/apache-cassandra-3.11.2-bin.tar.gz extract apache-cassandra-3.11.2/bin/sstableverify.bat
Extract /root/.embedded-cassandra/cassandra/3.11.2/apache-cassandra-3.11.2-bin.tar.gz extract apache-cassandra-3.11.2/bin/stop-server
Extract /root/.embedded-cassandra/cassandra/3.11.2/apache-cassandra-3.11.2-bin.tar.gz extract apache-cassandra-3.11.2/bin/stop-server.bat
Extract /root/.embedded-cassandra/cassandra/3.11.2/apache-cassandra-3.11.2-bin.tar.gz extract apache-cassandra-3.11.2/bin/stop-server.ps1
Extract /root/.embedded-cassandra/cassandra/3.11.2/apache-cassandra-3.11.2-bin.tar.gz DONE

[Cassandra > output]Running Cassandra as root user or group is not recommended - please start Cassandra using a different system user.
[Cassandra > output] If you really want to force running Cassandra as root, use -R command line option.
[Cassandra > output] 

]]></system-out>
  </testcase>
  <testcase name="timeout" classname="com.github.nosan.embedded.cassandra.CassandraServerStarterTests" time="3.13"/>
  <testcase name="rpcTransport" classname="com.github.nosan.embedded.cassandra.CassandraServerStarterTests" time="3.004">
    <error message="Could not start process. &lt;EOF&gt;" type="java.io.IOException"><![CDATA[java.io.IOException: Could not start process. <EOF>
	at com.github.nosan.embedded.cassandra.CassandraServerStarterTests.rpcTransport(CassandraServerStarterTests.java:98)
]]></error>
    <system-out><![CDATA[Extract /root/.embedded-cassandra/cassandra/3.11.2/apache-cassandra-3.11.2-bin.tar.gz START
Extract /root/.embedded-cassandra/cassandra/3.11.2/apache-cassandra-3.11.2-bin.tar.gz extract apache-cassandra-3.11.2/CASSANDRA-14092.txt
Extract /root/.embedded-cassandra/cassandra/3.11.2/apache-cassandra-3.11.2-bin.tar.gz extract apache-cassandra-3.11.2/CHANGES.txt
Extract /root/.embedded-cassandra/cassandra/3.11.2/apache-cassandra-3.11.2-bin.tar.gz extract apache-cassandra-3.11.2/LICENSE.txt
Extract /root/.embedded-cassandra/cassandra/3.11.2/apache-cassandra-3.11.2-bin.tar.gz extract apache-cassandra-3.11.2/NEWS.txt
Extract /root/.embedded-cassandra/cassandra/3.11.2/apache-cassandra-3.11.2-bin.tar.gz extract apache-cassandra-3.11.2/NOTICE.txt
Extract /root/.embedded-cassandra/cassandra/3.11.2/apache-cassandra-3.11.2-bin.tar.gz extract apache-cassandra-3.11.2/conf/README.txt
Extract /root/.embedded-cassandra/cassandra/3.11.2/apache-cassandra-3.11.2-bin.tar.gz extract apache-cassandra-3.11.2/conf/cassandra-env.ps1
Extract /root/.embedded-cassandra/cassandra/3.11.2/apache-cassandra-3.11.2-bin.tar.gz extract apache-cassandra-3.11.2/conf/cassandra-env.sh
Extract /root/.embedded-cassandra/cassandra/3.11.2/apache-cassandra-3.11.2-bin.tar.gz extract apache-cassandra-3.11.2/conf/cassandra-jaas.config
Extract /root/.embedded-cassandra/cassandra/3.11.2/apache-cassandra-3.11.2-bin.tar.gz extract apache-cassandra-3.11.2/conf/cassandra-rackdc.properties
Extract /root/.embedded-cassandra/cassandra/3.11.2/apache-cassandra-3.11.2-bin.tar.gz extract apache-cassandra-3.11.2/conf/cassandra-topology.properties
Extract /root/.embedded-cassandra/cassandra/3.11.2/apache-cassandra-3.11.2-bin.tar.gz extract apache-cassandra-3.11.2/conf/cassandra.yaml
Extract /root/.embedded-cassandra/cassandra/3.11.2/apache-cassandra-3.11.2-bin.tar.gz extract apache-cassandra-3.11.2/conf/commitlog_archiving.properties
Extract /root/.embedded-cassandra/cassandra/3.11.2/apache-cassandra-3.11.2-bin.tar.gz extract apache-cassandra-3.11.2/conf/cqlshrc.sample
Extract /root/.embedded-cassandra/cassandra/3.11.2/apache-cassandra-3.11.2-bin.tar.gz extract apache-cassandra-3.11.2/conf/hotspot_compiler
Extract /root/.embedded-cassandra/cassandra/3.11.2/apache-cassandra-3.11.2-bin.tar.gz extract apache-cassandra-3.11.2/conf/jvm.options
Extract /root/.embedded-cassandra/cassandra/3.11.2/apache-cassandra-3.11.2-bin.tar.gz extract apache-cassandra-3.11.2/conf/logback-tools.xml
Extract /root/.embedded-cassandra/cassandra/3.11.2/apache-cassandra-3.11.2-bin.tar.gz extract apache-cassandra-3.11.2/conf/logback.xml
Extract /root/.embedded-cassandra/cassandra/3.11.2/apache-cassandra-3.11.2-bin.tar.gz extract apache-cassandra-3.11.2/conf/metrics-reporter-config-sample.yaml
Extract /root/.embedded-cassandra/cassandra/3.11.2/apache-cassandra-3.11.2-bin.tar.gz extract apache-cassandra-3.11.2/conf/triggers/README.txt
Extract /root/.embedded-cassandra/cassandra/3.11.2/apache-cassandra-3.11.2-bin.tar.gz extract apache-cassandra-3.11.2/interface/cassandra.thrift
Extract /root/.embedded-cassandra/cassandra/3.11.2/apache-cassandra-3.11.2-bin.tar.gz extract apache-cassandra-3.11.2/lib/HdrHistogram-2.1.9.jar
Extract /root/.embedded-cassandra/cassandra/3.11.2/apache-cassandra-3.11.2-bin.tar.gz extract apache-cassandra-3.11.2/lib/ST4-4.0.8.jar
Extract /root/.embedded-cassandra/cassandra/3.11.2/apache-cassandra-3.11.2-bin.tar.gz extract apache-cassandra-3.11.2/lib/airline-0.6.jar
Extract /root/.embedded-cassandra/cassandra/3.11.2/apache-cassandra-3.11.2-bin.tar.gz extract apache-cassandra-3.11.2/lib/antlr-runtime-3.5.2.jar
Extract /root/.embedded-cassandra/cassandra/3.11.2/apache-cassandra-3.11.2-bin.tar.gz extract apache-cassandra-3.11.2/lib/apache-cassandra-3.11.2.jar
Extract /root/.embedded-cassandra/cassandra/3.11.2/apache-cassandra-3.11.2-bin.tar.gz extract apache-cassandra-3.11.2/lib/apache-cassandra-thrift-3.11.2.jar
Extract /root/.embedded-cassandra/cassandra/3.11.2/apache-cassandra-3.11.2-bin.tar.gz extract apache-cassandra-3.11.2/lib/asm-5.0.4.jar
Extract /root/.embedded-cassandra/cassandra/3.11.2/apache-cassandra-3.11.2-bin.tar.gz extract apache-cassandra-3.11.2/lib/caffeine-2.2.6.jar
Extract /root/.embedded-cassandra/cassandra/3.11.2/apache-cassandra-3.11.2-bin.tar.gz extract apache-cassandra-3.11.2/lib/cassandra-driver-core-3.0.1-shaded.jar
Extract /root/.embedded-cassandra/cassandra/3.11.2/apache-cassandra-3.11.2-bin.tar.gz extract apache-cassandra-3.11.2/lib/cassandra-driver-internal-only-3.10.zip
Extract /root/.embedded-cassandra/cassandra/3.11.2/apache-cassandra-3.11.2-bin.tar.gz extract apache-cassandra-3.11.2/lib/cassandra-driver-internal-only-3.11.0-bb96859b.zip
Extract /root/.embedded-cassandra/cassandra/3.11.2/apache-cassandra-3.11.2-bin.tar.gz extract apache-cassandra-3.11.2/lib/commons-cli-1.1.jar
Extract /root/.embedded-cassandra/cassandra/3.11.2/apache-cassandra-3.11.2-bin.tar.gz extract apache-cassandra-3.11.2/lib/commons-codec-1.9.jar
Extract /root/.embedded-cassandra/cassandra/3.11.2/apache-cassandra-3.11.2-bin.tar.gz extract apache-cassandra-3.11.2/lib/commons-lang3-3.1.jar
Extract /root/.embedded-cassandra/cassandra/3.11.2/apache-cassandra-3.11.2-bin.tar.gz extract apache-cassandra-3.11.2/lib/commons-math3-3.2.jar
Extract /root/.embedded-cassandra/cassandra/3.11.2/apache-cassandra-3.11.2-bin.tar.gz extract apache-cassandra-3.11.2/lib/compress-lzf-0.8.4.jar
Extract /root/.embedded-cassandra/cassandra/3.11.2/apache-cassandra-3.11.2-bin.tar.gz extract apache-cassandra-3.11.2/lib/concurrent-trees-2.4.0.jar
Extract /root/.embedded-cassandra/cassandra/3.11.2/apache-cassandra-3.11.2-bin.tar.gz extract apache-cassandra-3.11.2/lib/concurrentlinkedhashmap-lru-1.4.jar
Extract /root/.embedded-cassandra/cassandra/3.11.2/apache-cassandra-3.11.2-bin.tar.gz extract apache-cassandra-3.11.2/lib/disruptor-3.0.1.jar
Extract /root/.embedded-cassandra/cassandra/3.11.2/apache-cassandra-3.11.2-bin.tar.gz extract apache-cassandra-3.11.2/lib/ecj-4.4.2.jar
Extract /root/.embedded-cassandra/cassandra/3.11.2/apache-cassandra-3.11.2-bin.tar.gz extract apache-cassandra-3.11.2/lib/futures-2.1.6-py2.py3-none-any.zip
Extract /root/.embedded-cassandra/cassandra/3.11.2/apache-cassandra-3.11.2-bin.tar.gz extract apache-cassandra-3.11.2/lib/guava-18.0.jar
Extract /root/.embedded-cassandra/cassandra/3.11.2/apache-cassandra-3.11.2-bin.tar.gz extract apache-cassandra-3.11.2/lib/high-scale-lib-1.0.6.jar
Extract /root/.embedded-cassandra/cassandra/3.11.2/apache-cassandra-3.11.2-bin.tar.gz extract apache-cassandra-3.11.2/lib/hppc-0.5.4.jar
Extract /root/.embedded-cassandra/cassandra/3.11.2/apache-cassandra-3.11.2-bin.tar.gz extract apache-cassandra-3.11.2/lib/jackson-core-asl-1.9.13.jar
Extract /root/.embedded-cassandra/cassandra/3.11.2/apache-cassandra-3.11.2-bin.tar.gz extract apache-cassandra-3.11.2/lib/jackson-mapper-asl-1.9.13.jar
Extract /root/.embedded-cassandra/cassandra/3.11.2/apache-cassandra-3.11.2-bin.tar.gz extract apache-cassandra-3.11.2/lib/jamm-0.3.0.jar
Extract /root/.embedded-cassandra/cassandra/3.11.2/apache-cassandra-3.11.2-bin.tar.gz extract apache-cassandra-3.11.2/lib/javax.inject.jar
Extract /root/.embedded-cassandra/cassandra/3.11.2/apache-cassandra-3.11.2-bin.tar.gz extract apache-cassandra-3.11.2/lib/jbcrypt-0.3m.jar
Extract /root/.embedded-cassandra/cassandra/3.11.2/apache-cassandra-3.11.2-bin.tar.gz extract apache-cassandra-3.11.2/lib/jcl-over-slf4j-1.7.7.jar
Extract /root/.embedded-cassandra/cassandra/3.11.2/apache-cassandra-3.11.2-bin.tar.gz extract apache-cassandra-3.11.2/lib/jctools-core-1.2.1.jar
Extract /root/.embedded-cassandra/cassandra/3.11.2/apache-cassandra-3.11.2-bin.tar.gz extract apache-cassandra-3.11.2/lib/jflex-1.6.0.jar
Extract /root/.embedded-cassandra/cassandra/3.11.2/apache-cassandra-3.11.2-bin.tar.gz extract apache-cassandra-3.11.2/lib/jna-4.2.2.jar
Extract /root/.embedded-cassandra/cassandra/3.11.2/apache-cassandra-3.11.2-bin.tar.gz extract apache-cassandra-3.11.2/lib/joda-time-2.4.jar
Extract /root/.embedded-cassandra/cassandra/3.11.2/apache-cassandra-3.11.2-bin.tar.gz extract apache-cassandra-3.11.2/lib/json-simple-1.1.jar
Extract /root/.embedded-cassandra/cassandra/3.11.2/apache-cassandra-3.11.2-bin.tar.gz extract apache-cassandra-3.11.2/lib/jstackjunit-0.0.1.jar
Extract /root/.embedded-cassandra/cassandra/3.11.2/apache-cassandra-3.11.2-bin.tar.gz extract apache-cassandra-3.11.2/lib/libthrift-0.9.2.jar
Extract /root/.embedded-cassandra/cassandra/3.11.2/apache-cassandra-3.11.2-bin.tar.gz extract apache-cassandra-3.11.2/lib/licenses/ST4-4.0.8.txt
Extract /root/.embedded-cassandra/cassandra/3.11.2/apache-cassandra-3.11.2-bin.tar.gz extract apache-cassandra-3.11.2/lib/licenses/airline-0.6.txt
Extract /root/.embedded-cassandra/cassandra/3.11.2/apache-cassandra-3.11.2-bin.tar.gz extract apache-cassandra-3.11.2/lib/licenses/antlr-runtime-3.5.2.txt
Extract /root/.embedded-cassandra/cassandra/3.11.2/apache-cassandra-3.11.2-bin.tar.gz extract apache-cassandra-3.11.2/lib/licenses/asm-5.0.4.txt
Extract /root/.embedded-cassandra/cassandra/3.11.2/apache-cassandra-3.11.2-bin.tar.gz extract apache-cassandra-3.11.2/lib/licenses/caffeine-2.2.6.txt
Extract /root/.embedded-cassandra/cassandra/3.11.2/apache-cassandra-3.11.2-bin.tar.gz extract apache-cassandra-3.11.2/lib/licenses/cassandra-driver-3.0.1.txt
Extract /root/.embedded-cassandra/cassandra/3.11.2/apache-cassandra-3.11.2-bin.tar.gz extract apache-cassandra-3.11.2/lib/licenses/commons-cli-1.1.txt
Extract /root/.embedded-cassandra/cassandra/3.11.2/apache-cassandra-3.11.2-bin.tar.gz extract apache-cassandra-3.11.2/lib/licenses/commons-codec-1.9.txt
Extract /root/.embedded-cassandra/cassandra/3.11.2/apache-cassandra-3.11.2-bin.tar.gz extract apache-cassandra-3.11.2/lib/licenses/commons-lang3-3.1.txt
Extract /root/.embedded-cassandra/cassandra/3.11.2/apache-cassandra-3.11.2-bin.tar.gz extract apache-cassandra-3.11.2/lib/licenses/commons-math3-3.2.txt
Extract /root/.embedded-cassandra/cassandra/3.11.2/apache-cassandra-3.11.2-bin.tar.gz extract apache-cassandra-3.11.2/lib/licenses/compress-lzf-0.8.4.txt
Extract /root/.embedded-cassandra/cassandra/3.11.2/apache-cassandra-3.11.2-bin.tar.gz extract apache-cassandra-3.11.2/lib/licenses/concurrent-trees-2.4.0.txt
Extract /root/.embedded-cassandra/cassandra/3.11.2/apache-cassandra-3.11.2-bin.tar.gz extract apache-cassandra-3.11.2/lib/licenses/concurrentlinkedhashmap-lru-1.4.txt
Extract /root/.embedded-cassandra/cassandra/3.11.2/apache-cassandra-3.11.2-bin.tar.gz extract apache-cassandra-3.11.2/lib/licenses/disruptor-3.0.1.txt
Extract /root/.embedded-cassandra/cassandra/3.11.2/apache-cassandra-3.11.2-bin.tar.gz extract apache-cassandra-3.11.2/lib/licenses/ecj-4.4.2.txt
Extract /root/.embedded-cassandra/cassandra/3.11.2/apache-cassandra-3.11.2-bin.tar.gz extract apache-cassandra-3.11.2/lib/licenses/futures-2.1.6.txt
Extract /root/.embedded-cassandra/cassandra/3.11.2/apache-cassandra-3.11.2-bin.tar.gz extract apache-cassandra-3.11.2/lib/licenses/guava-18.0.txt
Extract /root/.embedded-cassandra/cassandra/3.11.2/apache-cassandra-3.11.2-bin.tar.gz extract apache-cassandra-3.11.2/lib/licenses/hdrhistogram-2.1.9.txt
Extract /root/.embedded-cassandra/cassandra/3.11.2/apache-cassandra-3.11.2-bin.tar.gz extract apache-cassandra-3.11.2/lib/licenses/high-scale-lib-1.0.6.txt
Extract /root/.embedded-cassandra/cassandra/3.11.2/apache-cassandra-3.11.2-bin.tar.gz extract apache-cassandra-3.11.2/lib/licenses/hppc-0.5.4.txt
Extract /root/.embedded-cassandra/cassandra/3.11.2/apache-cassandra-3.11.2-bin.tar.gz extract apache-cassandra-3.11.2/lib/licenses/jackson-core-asl-1.9.13.txt
Extract /root/.embedded-cassandra/cassandra/3.11.2/apache-cassandra-3.11.2-bin.tar.gz extract apache-cassandra-3.11.2/lib/licenses/jackson-mapper-asl-1.9.13.txt
Extract /root/.embedded-cassandra/cassandra/3.11.2/apache-cassandra-3.11.2-bin.tar.gz extract apache-cassandra-3.11.2/lib/licenses/jamm-0.3.0.txt
Extract /root/.embedded-cassandra/cassandra/3.11.2/apache-cassandra-3.11.2-bin.tar.gz extract apache-cassandra-3.11.2/lib/licenses/javax.inject.txt
Extract /root/.embedded-cassandra/cassandra/3.11.2/apache-cassandra-3.11.2-bin.tar.gz extract apache-cassandra-3.11.2/lib/licenses/jbcrypt-0.3m.txt
Extract /root/.embedded-cassandra/cassandra/3.11.2/apache-cassandra-3.11.2-bin.tar.gz extract apache-cassandra-3.11.2/lib/licenses/jcl-over-slf4j-1.7.7.txt
Extract /root/.embedded-cassandra/cassandra/3.11.2/apache-cassandra-3.11.2-bin.tar.gz extract apache-cassandra-3.11.2/lib/licenses/jctools-core-1.2.1.txt
Extract /root/.embedded-cassandra/cassandra/3.11.2/apache-cassandra-3.11.2-bin.tar.gz extract apache-cassandra-3.11.2/lib/licenses/jflex-1.6.0.txt
Extract /root/.embedded-cassandra/cassandra/3.11.2/apache-cassandra-3.11.2-bin.tar.gz extract apache-cassandra-3.11.2/lib/licenses/jna-4.2.2.txt
Extract /root/.embedded-cassandra/cassandra/3.11.2/apache-cassandra-3.11.2-bin.tar.gz extract apache-cassandra-3.11.2/lib/licenses/joda-time-2.4.txt
Extract /root/.embedded-cassandra/cassandra/3.11.2/apache-cassandra-3.11.2-bin.tar.gz extract apache-cassandra-3.11.2/lib/licenses/json-simple-1.1.txt
Extract /root/.embedded-cassandra/cassandra/3.11.2/apache-cassandra-3.11.2-bin.tar.gz extract apache-cassandra-3.11.2/lib/licenses/jstackjunit-0.0.1.txt
Extract /root/.embedded-cassandra/cassandra/3.11.2/apache-cassandra-3.11.2-bin.tar.gz extract apache-cassandra-3.11.2/lib/licenses/libthrift-0.9.2.txt
Extract /root/.embedded-cassandra/cassandra/3.11.2/apache-cassandra-3.11.2-bin.tar.gz extract apache-cassandra-3.11.2/lib/licenses/log4j-over-slf4j-1.7.7.txt
Extract /root/.embedded-cassandra/cassandra/3.11.2/apache-cassandra-3.11.2-bin.tar.gz extract apache-cassandra-3.11.2/lib/licenses/logback-classic-1.1.3.txt
Extract /root/.embedded-cassandra/cassandra/3.11.2/apache-cassandra-3.11.2-bin.tar.gz extract apache-cassandra-3.11.2/lib/licenses/logback-core-1.1.3.txt
Extract /root/.embedded-cassandra/cassandra/3.11.2/apache-cassandra-3.11.2-bin.tar.gz extract apache-cassandra-3.11.2/lib/licenses/lz4-1.3.0.txt
Extract /root/.embedded-cassandra/cassandra/3.11.2/apache-cassandra-3.11.2-bin.tar.gz extract apache-cassandra-3.11.2/lib/licenses/metrics-core-3.1.0.txt
Extract /root/.embedded-cassandra/cassandra/3.11.2/apache-cassandra-3.11.2-bin.tar.gz extract apache-cassandra-3.11.2/lib/licenses/metrics-jvm-3.1.0.txt
Extract /root/.embedded-cassandra/cassandra/3.11.2/apache-cassandra-3.11.2-bin.tar.gz extract apache-cassandra-3.11.2/lib/licenses/metrics-logback-3.1.0.txt
Extract /root/.embedded-cassandra/cassandra/3.11.2/apache-cassandra-3.11.2-bin.tar.gz extract apache-cassandra-3.11.2/lib/licenses/netty-all-4.0.44.Final.txt
Extract /root/.embedded-cassandra/cassandra/3.11.2/apache-cassandra-3.11.2-bin.tar.gz extract apache-cassandra-3.11.2/lib/licenses/ohc-0.4.4.txt
Extract /root/.embedded-cassandra/cassandra/3.11.2/apache-cassandra-3.11.2-bin.tar.gz extract apache-cassandra-3.11.2/lib/licenses/reporter-config-base-3.0.3.txt
Extract /root/.embedded-cassandra/cassandra/3.11.2/apache-cassandra-3.11.2-bin.tar.gz extract apache-cassandra-3.11.2/lib/licenses/reporter-config3-3.0.3.txt
Extract /root/.embedded-cassandra/cassandra/3.11.2/apache-cassandra-3.11.2-bin.tar.gz extract apache-cassandra-3.11.2/lib/licenses/sigar-1.6.4.txt
Extract /root/.embedded-cassandra/cassandra/3.11.2/apache-cassandra-3.11.2-bin.tar.gz extract apache-cassandra-3.11.2/lib/licenses/six-1.7.3.txt
Extract /root/.embedded-cassandra/cassandra/3.11.2/apache-cassandra-3.11.2-bin.tar.gz extract apache-cassandra-3.11.2/lib/licenses/slf4j-api-1.7.7.txt
Extract /root/.embedded-cassandra/cassandra/3.11.2/apache-cassandra-3.11.2-bin.tar.gz extract apache-cassandra-3.11.2/lib/licenses/snakeyaml-1.11.txt
Extract /root/.embedded-cassandra/cassandra/3.11.2/apache-cassandra-3.11.2-bin.tar.gz extract apache-cassandra-3.11.2/lib/licenses/snappy-java-1.1.1.7.txt
Extract /root/.embedded-cassandra/cassandra/3.11.2/apache-cassandra-3.11.2-bin.tar.gz extract apache-cassandra-3.11.2/lib/licenses/snowball-stemmer-1.3.0.581.1.txt
Extract /root/.embedded-cassandra/cassandra/3.11.2/apache-cassandra-3.11.2-bin.tar.gz extract apache-cassandra-3.11.2/lib/licenses/stream-2.5.2.txt
Extract /root/.embedded-cassandra/cassandra/3.11.2/apache-cassandra-3.11.2-bin.tar.gz extract apache-cassandra-3.11.2/lib/licenses/thrift-server-0.3.7.txt
Extract /root/.embedded-cassandra/cassandra/3.11.2/apache-cassandra-3.11.2-bin.tar.gz extract apache-cassandra-3.11.2/lib/log4j-over-slf4j-1.7.7.jar
Extract /root/.embedded-cassandra/cassandra/3.11.2/apache-cassandra-3.11.2-bin.tar.gz extract apache-cassandra-3.11.2/lib/logback-classic-1.1.3.jar
Extract /root/.embedded-cassandra/cassandra/3.11.2/apache-cassandra-3.11.2-bin.tar.gz extract apache-cassandra-3.11.2/lib/logback-core-1.1.3.jar
Extract /root/.embedded-cassandra/cassandra/3.11.2/apache-cassandra-3.11.2-bin.tar.gz extract apache-cassandra-3.11.2/lib/lz4-1.3.0.jar
Extract /root/.embedded-cassandra/cassandra/3.11.2/apache-cassandra-3.11.2-bin.tar.gz extract apache-cassandra-3.11.2/lib/metrics-core-3.1.0.jar
Extract /root/.embedded-cassandra/cassandra/3.11.2/apache-cassandra-3.11.2-bin.tar.gz extract apache-cassandra-3.11.2/lib/metrics-jvm-3.1.0.jar
Extract /root/.embedded-cassandra/cassandra/3.11.2/apache-cassandra-3.11.2-bin.tar.gz extract apache-cassandra-3.11.2/lib/metrics-logback-3.1.0.jar
Extract /root/.embedded-cassandra/cassandra/3.11.2/apache-cassandra-3.11.2-bin.tar.gz extract apache-cassandra-3.11.2/lib/netty-all-4.0.44.Final.jar
Extract /root/.embedded-cassandra/cassandra/3.11.2/apache-cassandra-3.11.2-bin.tar.gz extract apache-cassandra-3.11.2/lib/ohc-core-0.4.4.jar
Extract /root/.embedded-cassandra/cassandra/3.11.2/apache-cassandra-3.11.2-bin.tar.gz extract apache-cassandra-3.11.2/lib/ohc-core-j8-0.4.4.jar
Extract /root/.embedded-cassandra/cassandra/3.11.2/apache-cassandra-3.11.2-bin.tar.gz extract apache-cassandra-3.11.2/lib/reporter-config-base-3.0.3.jar
Extract /root/.embedded-cassandra/cassandra/3.11.2/apache-cassandra-3.11.2-bin.tar.gz extract apache-cassandra-3.11.2/lib/reporter-config3-3.0.3.jar
Extract /root/.embedded-cassandra/cassandra/3.11.2/apache-cassandra-3.11.2-bin.tar.gz extract apache-cassandra-3.11.2/lib/sigar-1.6.4.jar
Extract /root/.embedded-cassandra/cassandra/3.11.2/apache-cassandra-3.11.2-bin.tar.gz extract apache-cassandra-3.11.2/lib/sigar-bin/libsigar-amd64-freebsd-6.so
Extract /root/.embedded-cassandra/cassandra/3.11.2/apache-cassandra-3.11.2-bin.tar.gz extract apache-cassandra-3.11.2/lib/sigar-bin/libsigar-amd64-linux.so
Extract /root/.embedded-cassandra/cassandra/3.11.2/apache-cassandra-3.11.2-bin.tar.gz extract apache-cassandra-3.11.2/lib/sigar-bin/libsigar-amd64-solaris.so
Extract /root/.embedded-cassandra/cassandra/3.11.2/apache-cassandra-3.11.2-bin.tar.gz extract apache-cassandra-3.11.2/lib/sigar-bin/libsigar-ia64-hpux-11.sl
Extract /root/.embedded-cassandra/cassandra/3.11.2/apache-cassandra-3.11.2-bin.tar.gz extract apache-cassandra-3.11.2/lib/sigar-bin/libsigar-ia64-linux.so
Extract /root/.embedded-cassandra/cassandra/3.11.2/apache-cassandra-3.11.2-bin.tar.gz extract apache-cassandra-3.11.2/lib/sigar-bin/libsigar-pa-hpux-11.sl
Extract /root/.embedded-cassandra/cassandra/3.11.2/apache-cassandra-3.11.2-bin.tar.gz extract apache-cassandra-3.11.2/lib/sigar-bin/libsigar-ppc-aix-5.so
Extract /root/.embedded-cassandra/cassandra/3.11.2/apache-cassandra-3.11.2-bin.tar.gz extract apache-cassandra-3.11.2/lib/sigar-bin/libsigar-ppc-linux.so
Extract /root/.embedded-cassandra/cassandra/3.11.2/apache-cassandra-3.11.2-bin.tar.gz extract apache-cassandra-3.11.2/lib/sigar-bin/libsigar-ppc64-aix-5.so
Extract /root/.embedded-cassandra/cassandra/3.11.2/apache-cassandra-3.11.2-bin.tar.gz extract apache-cassandra-3.11.2/lib/sigar-bin/libsigar-ppc64-linux.so
Extract /root/.embedded-cassandra/cassandra/3.11.2/apache-cassandra-3.11.2-bin.tar.gz extract apache-cassandra-3.11.2/lib/sigar-bin/libsigar-s390x-linux.so
Extract /root/.embedded-cassandra/cassandra/3.11.2/apache-cassandra-3.11.2-bin.tar.gz extract apache-cassandra-3.11.2/lib/sigar-bin/libsigar-sparc-solaris.so
Extract /root/.embedded-cassandra/cassandra/3.11.2/apache-cassandra-3.11.2-bin.tar.gz extract apache-cassandra-3.11.2/lib/sigar-bin/libsigar-sparc64-solaris.so
Extract /root/.embedded-cassandra/cassandra/3.11.2/apache-cassandra-3.11.2-bin.tar.gz extract apache-cassandra-3.11.2/lib/sigar-bin/libsigar-universal-macosx.dylib
Extract /root/.embedded-cassandra/cassandra/3.11.2/apache-cassandra-3.11.2-bin.tar.gz extract apache-cassandra-3.11.2/lib/sigar-bin/libsigar-universal64-macosx.dylib
Extract /root/.embedded-cassandra/cassandra/3.11.2/apache-cassandra-3.11.2-bin.tar.gz extract apache-cassandra-3.11.2/lib/sigar-bin/libsigar-x86-freebsd-5.so
Extract /root/.embedded-cassandra/cassandra/3.11.2/apache-cassandra-3.11.2-bin.tar.gz extract apache-cassandra-3.11.2/lib/sigar-bin/libsigar-x86-freebsd-6.so
Extract /root/.embedded-cassandra/cassandra/3.11.2/apache-cassandra-3.11.2-bin.tar.gz extract apache-cassandra-3.11.2/lib/sigar-bin/libsigar-x86-linux.so
Extract /root/.embedded-cassandra/cassandra/3.11.2/apache-cassandra-3.11.2-bin.tar.gz extract apache-cassandra-3.11.2/lib/sigar-bin/libsigar-x86-solaris.so
Extract /root/.embedded-cassandra/cassandra/3.11.2/apache-cassandra-3.11.2-bin.tar.gz extract apache-cassandra-3.11.2/lib/sigar-bin/sigar-amd64-winnt.dll
Extract /root/.embedded-cassandra/cassandra/3.11.2/apache-cassandra-3.11.2-bin.tar.gz extract apache-cassandra-3.11.2/lib/sigar-bin/sigar-x86-winnt.dll
Extract /root/.embedded-cassandra/cassandra/3.11.2/apache-cassandra-3.11.2-bin.tar.gz extract apache-cassandra-3.11.2/lib/sigar-bin/sigar-x86-winnt.lib
Extract /root/.embedded-cassandra/cassandra/3.11.2/apache-cassandra-3.11.2-bin.tar.gz extract apache-cassandra-3.11.2/lib/six-1.7.3-py2.py3-none-any.zip
Extract /root/.embedded-cassandra/cassandra/3.11.2/apache-cassandra-3.11.2-bin.tar.gz extract apache-cassandra-3.11.2/lib/slf4j-api-1.7.7.jar
Extract /root/.embedded-cassandra/cassandra/3.11.2/apache-cassandra-3.11.2-bin.tar.gz extract apache-cassandra-3.11.2/lib/snakeyaml-1.11.jar
Extract /root/.embedded-cassandra/cassandra/3.11.2/apache-cassandra-3.11.2-bin.tar.gz extract apache-cassandra-3.11.2/lib/snappy-java-1.1.1.7.jar
Extract /root/.embedded-cassandra/cassandra/3.11.2/apache-cassandra-3.11.2-bin.tar.gz extract apache-cassandra-3.11.2/lib/snowball-stemmer-1.3.0.581.1.jar
Extract /root/.embedded-cassandra/cassandra/3.11.2/apache-cassandra-3.11.2-bin.tar.gz extract apache-cassandra-3.11.2/lib/stream-2.5.2.jar
Extract /root/.embedded-cassandra/cassandra/3.11.2/apache-cassandra-3.11.2-bin.tar.gz extract apache-cassandra-3.11.2/lib/thrift-server-0.3.7.jar
Extract /root/.embedded-cassandra/cassandra/3.11.2/apache-cassandra-3.11.2-bin.tar.gz extract apache-cassandra-3.11.2/pylib/cqlshlib/__init__.py
Extract /root/.embedded-cassandra/cassandra/3.11.2/apache-cassandra-3.11.2-bin.tar.gz extract apache-cassandra-3.11.2/pylib/cqlshlib/copyutil.py
Extract /root/.embedded-cassandra/cassandra/3.11.2/apache-cassandra-3.11.2-bin.tar.gz extract apache-cassandra-3.11.2/pylib/cqlshlib/cql3handling.py
Extract /root/.embedded-cassandra/cassandra/3.11.2/apache-cassandra-3.11.2-bin.tar.gz extract apache-cassandra-3.11.2/pylib/cqlshlib/cqlhandling.py
Extract /root/.embedded-cassandra/cassandra/3.11.2/apache-cassandra-3.11.2-bin.tar.gz extract apache-cassandra-3.11.2/pylib/cqlshlib/cqlshhandling.py
Extract /root/.embedded-cassandra/cassandra/3.11.2/apache-cassandra-3.11.2-bin.tar.gz extract apache-cassandra-3.11.2/pylib/cqlshlib/displaying.py
Extract /root/.embedded-cassandra/cassandra/3.11.2/apache-cassandra-3.11.2-bin.tar.gz extract apache-cassandra-3.11.2/pylib/cqlshlib/formatting.py
Extract /root/.embedded-cassandra/cassandra/3.11.2/apache-cassandra-3.11.2-bin.tar.gz extract apache-cassandra-3.11.2/pylib/cqlshlib/helptopics.py
Extract /root/.embedded-cassandra/cassandra/3.11.2/apache-cassandra-3.11.2-bin.tar.gz extract apache-cassandra-3.11.2/pylib/cqlshlib/pylexotron.py
Extract /root/.embedded-cassandra/cassandra/3.11.2/apache-cassandra-3.11.2-bin.tar.gz extract apache-cassandra-3.11.2/pylib/cqlshlib/saferscanner.py
Extract /root/.embedded-cassandra/cassandra/3.11.2/apache-cassandra-3.11.2-bin.tar.gz extract apache-cassandra-3.11.2/pylib/cqlshlib/sslhandling.py
Extract /root/.embedded-cassandra/cassandra/3.11.2/apache-cassandra-3.11.2-bin.tar.gz extract apache-cassandra-3.11.2/pylib/cqlshlib/test/__init__.py
Extract /root/.embedded-cassandra/cassandra/3.11.2/apache-cassandra-3.11.2-bin.tar.gz extract apache-cassandra-3.11.2/pylib/cqlshlib/test/ansi_colors.py
Extract /root/.embedded-cassandra/cassandra/3.11.2/apache-cassandra-3.11.2-bin.tar.gz extract apache-cassandra-3.11.2/pylib/cqlshlib/test/basecase.py
Extract /root/.embedded-cassandra/cassandra/3.11.2/apache-cassandra-3.11.2-bin.tar.gz extract apache-cassandra-3.11.2/pylib/cqlshlib/test/cassconnect.py
Extract /root/.embedded-cassandra/cassandra/3.11.2/apache-cassandra-3.11.2-bin.tar.gz extract apache-cassandra-3.11.2/pylib/cqlshlib/test/run_cqlsh.py
Extract /root/.embedded-cassandra/cassandra/3.11.2/apache-cassandra-3.11.2-bin.tar.gz extract apache-cassandra-3.11.2/pylib/cqlshlib/test/test_cql_parsing.py
Extract /root/.embedded-cassandra/cassandra/3.11.2/apache-cassandra-3.11.2-bin.tar.gz extract apache-cassandra-3.11.2/pylib/cqlshlib/test/test_cqlsh_commands.py
Extract /root/.embedded-cassandra/cassandra/3.11.2/apache-cassandra-3.11.2-bin.tar.gz extract apache-cassandra-3.11.2/pylib/cqlshlib/test/test_cqlsh_completion.py
Extract /root/.embedded-cassandra/cassandra/3.11.2/apache-cassandra-3.11.2-bin.tar.gz extract apache-cassandra-3.11.2/pylib/cqlshlib/test/test_cqlsh_invocation.py
Extract /root/.embedded-cassandra/cassandra/3.11.2/apache-cassandra-3.11.2-bin.tar.gz extract apache-cassandra-3.11.2/pylib/cqlshlib/test/test_cqlsh_output.py
Extract /root/.embedded-cassandra/cassandra/3.11.2/apache-cassandra-3.11.2-bin.tar.gz extract apache-cassandra-3.11.2/pylib/cqlshlib/test/test_cqlsh_parsing.py
Extract /root/.embedded-cassandra/cassandra/3.11.2/apache-cassandra-3.11.2-bin.tar.gz extract apache-cassandra-3.11.2/pylib/cqlshlib/test/test_keyspace_init.cql
Extract /root/.embedded-cassandra/cassandra/3.11.2/apache-cassandra-3.11.2-bin.tar.gz extract apache-cassandra-3.11.2/pylib/cqlshlib/test/winpty.py
Extract /root/.embedded-cassandra/cassandra/3.11.2/apache-cassandra-3.11.2-bin.tar.gz extract apache-cassandra-3.11.2/pylib/cqlshlib/tracing.py
Extract /root/.embedded-cassandra/cassandra/3.11.2/apache-cassandra-3.11.2-bin.tar.gz extract apache-cassandra-3.11.2/pylib/cqlshlib/util.py
Extract /root/.embedded-cassandra/cassandra/3.11.2/apache-cassandra-3.11.2-bin.tar.gz extract apache-cassandra-3.11.2/pylib/cqlshlib/wcwidth.py
Extract /root/.embedded-cassandra/cassandra/3.11.2/apache-cassandra-3.11.2-bin.tar.gz extract apache-cassandra-3.11.2/pylib/setup.py
Extract /root/.embedded-cassandra/cassandra/3.11.2/apache-cassandra-3.11.2-bin.tar.gz extract apache-cassandra-3.11.2/tools/bin/cassandra-stress
Extract /root/.embedded-cassandra/cassandra/3.11.2/apache-cassandra-3.11.2-bin.tar.gz extract apache-cassandra-3.11.2/tools/bin/cassandra-stress.bat
Extract /root/.embedded-cassandra/cassandra/3.11.2/apache-cassandra-3.11.2-bin.tar.gz extract apache-cassandra-3.11.2/tools/bin/cassandra-stressd
Extract /root/.embedded-cassandra/cassandra/3.11.2/apache-cassandra-3.11.2-bin.tar.gz extract apache-cassandra-3.11.2/tools/bin/cassandra.in.bat
Extract /root/.embedded-cassandra/cassandra/3.11.2/apache-cassandra-3.11.2-bin.tar.gz extract apache-cassandra-3.11.2/tools/bin/cassandra.in.sh
Extract /root/.embedded-cassandra/cassandra/3.11.2/apache-cassandra-3.11.2-bin.tar.gz extract apache-cassandra-3.11.2/tools/bin/compaction-stress
Extract /root/.embedded-cassandra/cassandra/3.11.2/apache-cassandra-3.11.2-bin.tar.gz extract apache-cassandra-3.11.2/tools/bin/sstabledump
Extract /root/.embedded-cassandra/cassandra/3.11.2/apache-cassandra-3.11.2-bin.tar.gz extract apache-cassandra-3.11.2/tools/bin/sstabledump.bat
Extract /root/.embedded-cassandra/cassandra/3.11.2/apache-cassandra-3.11.2-bin.tar.gz extract apache-cassandra-3.11.2/tools/bin/sstableexpiredblockers
Extract /root/.embedded-cassandra/cassandra/3.11.2/apache-cassandra-3.11.2-bin.tar.gz extract apache-cassandra-3.11.2/tools/bin/sstableexpiredblockers.bat
Extract /root/.embedded-cassandra/cassandra/3.11.2/apache-cassandra-3.11.2-bin.tar.gz extract apache-cassandra-3.11.2/tools/bin/sstablelevelreset
Extract /root/.embedded-cassandra/cassandra/3.11.2/apache-cassandra-3.11.2-bin.tar.gz extract apache-cassandra-3.11.2/tools/bin/sstablelevelreset.bat
Extract /root/.embedded-cassandra/cassandra/3.11.2/apache-cassandra-3.11.2-bin.tar.gz extract apache-cassandra-3.11.2/tools/bin/sstablemetadata
Extract /root/.embedded-cassandra/cassandra/3.11.2/apache-cassandra-3.11.2-bin.tar.gz extract apache-cassandra-3.11.2/tools/bin/sstablemetadata.bat
Extract /root/.embedded-cassandra/cassandra/3.11.2/apache-cassandra-3.11.2-bin.tar.gz extract apache-cassandra-3.11.2/tools/bin/sstableofflinerelevel
Extract /root/.embedded-cassandra/cassandra/3.11.2/apache-cassandra-3.11.2-bin.tar.gz extract apache-cassandra-3.11.2/tools/bin/sstableofflinerelevel.bat
Extract /root/.embedded-cassandra/cassandra/3.11.2/apache-cassandra-3.11.2-bin.tar.gz extract apache-cassandra-3.11.2/tools/bin/sstablerepairedset
Extract /root/.embedded-cassandra/cassandra/3.11.2/apache-cassandra-3.11.2-bin.tar.gz extract apache-cassandra-3.11.2/tools/bin/sstablerepairedset.bat
Extract /root/.embedded-cassandra/cassandra/3.11.2/apache-cassandra-3.11.2-bin.tar.gz extract apache-cassandra-3.11.2/tools/bin/sstablesplit
Extract /root/.embedded-cassandra/cassandra/3.11.2/apache-cassandra-3.11.2-bin.tar.gz extract apache-cassandra-3.11.2/tools/bin/sstablesplit.bat
Extract /root/.embedded-cassandra/cassandra/3.11.2/apache-cassandra-3.11.2-bin.tar.gz extract apache-cassandra-3.11.2/tools/cqlstress-counter-example.yaml
Extract /root/.embedded-cassandra/cassandra/3.11.2/apache-cassandra-3.11.2-bin.tar.gz extract apache-cassandra-3.11.2/tools/cqlstress-example.yaml
Extract /root/.embedded-cassandra/cassandra/3.11.2/apache-cassandra-3.11.2-bin.tar.gz extract apache-cassandra-3.11.2/tools/cqlstress-insanity-example.yaml
Extract /root/.embedded-cassandra/cassandra/3.11.2/apache-cassandra-3.11.2-bin.tar.gz extract apache-cassandra-3.11.2/tools/lib/stress.jar
Extract /root/.embedded-cassandra/cassandra/3.11.2/apache-cassandra-3.11.2-bin.tar.gz extract apache-cassandra-3.11.2/bin/cassandra.in.sh
Extract /root/.embedded-cassandra/cassandra/3.11.2/apache-cassandra-3.11.2-bin.tar.gz extract apache-cassandra-3.11.2/bin/cassandra
Extract /root/.embedded-cassandra/cassandra/3.11.2/apache-cassandra-3.11.2-bin.tar.gz extract apache-cassandra-3.11.2/bin/cassandra.in.bat
Extract /root/.embedded-cassandra/cassandra/3.11.2/apache-cassandra-3.11.2-bin.tar.gz extract apache-cassandra-3.11.2/bin/cassandra.ps1
Extract /root/.embedded-cassandra/cassandra/3.11.2/apache-cassandra-3.11.2-bin.tar.gz extract apache-cassandra-3.11.2/bin/cqlsh
Extract /root/.embedded-cassandra/cassandra/3.11.2/apache-cassandra-3.11.2-bin.tar.gz extract apache-cassandra-3.11.2/bin/cqlsh.bat
Extract /root/.embedded-cassandra/cassandra/3.11.2/apache-cassandra-3.11.2-bin.tar.gz extract apache-cassandra-3.11.2/bin/cqlsh.py
Extract /root/.embedded-cassandra/cassandra/3.11.2/apache-cassandra-3.11.2-bin.tar.gz extract apache-cassandra-3.11.2/bin/debug-cql
Extract /root/.embedded-cassandra/cassandra/3.11.2/apache-cassandra-3.11.2-bin.tar.gz extract apache-cassandra-3.11.2/bin/debug-cql.bat
Extract /root/.embedded-cassandra/cassandra/3.11.2/apache-cassandra-3.11.2-bin.tar.gz extract apache-cassandra-3.11.2/bin/nodetool
Extract /root/.embedded-cassandra/cassandra/3.11.2/apache-cassandra-3.11.2-bin.tar.gz extract apache-cassandra-3.11.2/bin/nodetool.bat
Extract /root/.embedded-cassandra/cassandra/3.11.2/apache-cassandra-3.11.2-bin.tar.gz extract apache-cassandra-3.11.2/bin/source-conf.ps1
Extract /root/.embedded-cassandra/cassandra/3.11.2/apache-cassandra-3.11.2-bin.tar.gz extract apache-cassandra-3.11.2/bin/sstableloader
Extract /root/.embedded-cassandra/cassandra/3.11.2/apache-cassandra-3.11.2-bin.tar.gz extract apache-cassandra-3.11.2/bin/sstableloader.bat
Extract /root/.embedded-cassandra/cassandra/3.11.2/apache-cassandra-3.11.2-bin.tar.gz extract apache-cassandra-3.11.2/bin/sstablescrub
Extract /root/.embedded-cassandra/cassandra/3.11.2/apache-cassandra-3.11.2-bin.tar.gz extract apache-cassandra-3.11.2/bin/sstablescrub.bat
Extract /root/.embedded-cassandra/cassandra/3.11.2/apache-cassandra-3.11.2-bin.tar.gz extract apache-cassandra-3.11.2/bin/sstableupgrade
Extract /root/.embedded-cassandra/cassandra/3.11.2/apache-cassandra-3.11.2-bin.tar.gz extract apache-cassandra-3.11.2/bin/sstableupgrade.bat
Extract /root/.embedded-cassandra/cassandra/3.11.2/apache-cassandra-3.11.2-bin.tar.gz extract apache-cassandra-3.11.2/bin/sstableutil
Extract /root/.embedded-cassandra/cassandra/3.11.2/apache-cassandra-3.11.2-bin.tar.gz extract apache-cassandra-3.11.2/bin/sstableutil.bat
Extract /root/.embedded-cassandra/cassandra/3.11.2/apache-cassandra-3.11.2-bin.tar.gz extract apache-cassandra-3.11.2/bin/sstableverify
Extract /root/.embedded-cassandra/cassandra/3.11.2/apache-cassandra-3.11.2-bin.tar.gz extract apache-cassandra-3.11.2/bin/sstableverify.bat
Extract /root/.embedded-cassandra/cassandra/3.11.2/apache-cassandra-3.11.2-bin.tar.gz extract apache-cassandra-3.11.2/bin/stop-server
Extract /root/.embedded-cassandra/cassandra/3.11.2/apache-cassandra-3.11.2-bin.tar.gz extract apache-cassandra-3.11.2/bin/stop-server.bat
Extract /root/.embedded-cassandra/cassandra/3.11.2/apache-cassandra-3.11.2-bin.tar.gz extract apache-cassandra-3.11.2/bin/stop-server.ps1
Extract /root/.embedded-cassandra/cassandra/3.11.2/apache-cassandra-3.11.2-bin.tar.gz DONE

[Cassandra > output]Running Cassandra as root user or group is not recommended - please start Cassandra using a different system user.
[Cassandra > output] If you really want to force running Cassandra as root, use -R command line option.
[Cassandra > output] 

]]></system-out>
  </testcase>
  <testcase name="nativeTransport" classname="com.github.nosan.embedded.cassandra.CassandraServerStarterTests" time="3.069">
    <error message="Could not start process. &lt;EOF&gt;" type="java.io.IOException"><![CDATA[java.io.IOException: Could not start process. <EOF>
	at com.github.nosan.embedded.cassandra.CassandraServerStarterTests.nativeTransport(CassandraServerStarterTests.java:63)
]]></error>
    <system-out><![CDATA[Extract /root/.embedded-cassandra/cassandra/3.11.2/apache-cassandra-3.11.2-bin.tar.gz START
Extract /root/.embedded-cassandra/cassandra/3.11.2/apache-cassandra-3.11.2-bin.tar.gz extract apache-cassandra-3.11.2/CASSANDRA-14092.txt
Extract /root/.embedded-cassandra/cassandra/3.11.2/apache-cassandra-3.11.2-bin.tar.gz extract apache-cassandra-3.11.2/CHANGES.txt
Extract /root/.embedded-cassandra/cassandra/3.11.2/apache-cassandra-3.11.2-bin.tar.gz extract apache-cassandra-3.11.2/LICENSE.txt
Extract /root/.embedded-cassandra/cassandra/3.11.2/apache-cassandra-3.11.2-bin.tar.gz extract apache-cassandra-3.11.2/NEWS.txt
Extract /root/.embedded-cassandra/cassandra/3.11.2/apache-cassandra-3.11.2-bin.tar.gz extract apache-cassandra-3.11.2/NOTICE.txt
Extract /root/.embedded-cassandra/cassandra/3.11.2/apache-cassandra-3.11.2-bin.tar.gz extract apache-cassandra-3.11.2/conf/README.txt
Extract /root/.embedded-cassandra/cassandra/3.11.2/apache-cassandra-3.11.2-bin.tar.gz extract apache-cassandra-3.11.2/conf/cassandra-env.ps1
Extract /root/.embedded-cassandra/cassandra/3.11.2/apache-cassandra-3.11.2-bin.tar.gz extract apache-cassandra-3.11.2/conf/cassandra-env.sh
Extract /root/.embedded-cassandra/cassandra/3.11.2/apache-cassandra-3.11.2-bin.tar.gz extract apache-cassandra-3.11.2/conf/cassandra-jaas.config
Extract /root/.embedded-cassandra/cassandra/3.11.2/apache-cassandra-3.11.2-bin.tar.gz extract apache-cassandra-3.11.2/conf/cassandra-rackdc.properties
Extract /root/.embedded-cassandra/cassandra/3.11.2/apache-cassandra-3.11.2-bin.tar.gz extract apache-cassandra-3.11.2/conf/cassandra-topology.properties
Extract /root/.embedded-cassandra/cassandra/3.11.2/apache-cassandra-3.11.2-bin.tar.gz extract apache-cassandra-3.11.2/conf/cassandra.yaml
Extract /root/.embedded-cassandra/cassandra/3.11.2/apache-cassandra-3.11.2-bin.tar.gz extract apache-cassandra-3.11.2/conf/commitlog_archiving.properties
Extract /root/.embedded-cassandra/cassandra/3.11.2/apache-cassandra-3.11.2-bin.tar.gz extract apache-cassandra-3.11.2/conf/cqlshrc.sample
Extract /root/.embedded-cassandra/cassandra/3.11.2/apache-cassandra-3.11.2-bin.tar.gz extract apache-cassandra-3.11.2/conf/hotspot_compiler
Extract /root/.embedded-cassandra/cassandra/3.11.2/apache-cassandra-3.11.2-bin.tar.gz extract apache-cassandra-3.11.2/conf/jvm.options
Extract /root/.embedded-cassandra/cassandra/3.11.2/apache-cassandra-3.11.2-bin.tar.gz extract apache-cassandra-3.11.2/conf/logback-tools.xml
Extract /root/.embedded-cassandra/cassandra/3.11.2/apache-cassandra-3.11.2-bin.tar.gz extract apache-cassandra-3.11.2/conf/logback.xml
Extract /root/.embedded-cassandra/cassandra/3.11.2/apache-cassandra-3.11.2-bin.tar.gz extract apache-cassandra-3.11.2/conf/metrics-reporter-config-sample.yaml
Extract /root/.embedded-cassandra/cassandra/3.11.2/apache-cassandra-3.11.2-bin.tar.gz extract apache-cassandra-3.11.2/conf/triggers/README.txt
Extract /root/.embedded-cassandra/cassandra/3.11.2/apache-cassandra-3.11.2-bin.tar.gz extract apache-cassandra-3.11.2/interface/cassandra.thrift
Extract /root/.embedded-cassandra/cassandra/3.11.2/apache-cassandra-3.11.2-bin.tar.gz extract apache-cassandra-3.11.2/lib/HdrHistogram-2.1.9.jar
Extract /root/.embedded-cassandra/cassandra/3.11.2/apache-cassandra-3.11.2-bin.tar.gz extract apache-cassandra-3.11.2/lib/ST4-4.0.8.jar
Extract /root/.embedded-cassandra/cassandra/3.11.2/apache-cassandra-3.11.2-bin.tar.gz extract apache-cassandra-3.11.2/lib/airline-0.6.jar
Extract /root/.embedded-cassandra/cassandra/3.11.2/apache-cassandra-3.11.2-bin.tar.gz extract apache-cassandra-3.11.2/lib/antlr-runtime-3.5.2.jar
Extract /root/.embedded-cassandra/cassandra/3.11.2/apache-cassandra-3.11.2-bin.tar.gz extract apache-cassandra-3.11.2/lib/apache-cassandra-3.11.2.jar
Extract /root/.embedded-cassandra/cassandra/3.11.2/apache-cassandra-3.11.2-bin.tar.gz extract apache-cassandra-3.11.2/lib/apache-cassandra-thrift-3.11.2.jar
Extract /root/.embedded-cassandra/cassandra/3.11.2/apache-cassandra-3.11.2-bin.tar.gz extract apache-cassandra-3.11.2/lib/asm-5.0.4.jar
Extract /root/.embedded-cassandra/cassandra/3.11.2/apache-cassandra-3.11.2-bin.tar.gz extract apache-cassandra-3.11.2/lib/caffeine-2.2.6.jar
Extract /root/.embedded-cassandra/cassandra/3.11.2/apache-cassandra-3.11.2-bin.tar.gz extract apache-cassandra-3.11.2/lib/cassandra-driver-core-3.0.1-shaded.jar
Extract /root/.embedded-cassandra/cassandra/3.11.2/apache-cassandra-3.11.2-bin.tar.gz extract apache-cassandra-3.11.2/lib/cassandra-driver-internal-only-3.10.zip
Extract /root/.embedded-cassandra/cassandra/3.11.2/apache-cassandra-3.11.2-bin.tar.gz extract apache-cassandra-3.11.2/lib/cassandra-driver-internal-only-3.11.0-bb96859b.zip
Extract /root/.embedded-cassandra/cassandra/3.11.2/apache-cassandra-3.11.2-bin.tar.gz extract apache-cassandra-3.11.2/lib/commons-cli-1.1.jar
Extract /root/.embedded-cassandra/cassandra/3.11.2/apache-cassandra-3.11.2-bin.tar.gz extract apache-cassandra-3.11.2/lib/commons-codec-1.9.jar
Extract /root/.embedded-cassandra/cassandra/3.11.2/apache-cassandra-3.11.2-bin.tar.gz extract apache-cassandra-3.11.2/lib/commons-lang3-3.1.jar
Extract /root/.embedded-cassandra/cassandra/3.11.2/apache-cassandra-3.11.2-bin.tar.gz extract apache-cassandra-3.11.2/lib/commons-math3-3.2.jar
Extract /root/.embedded-cassandra/cassandra/3.11.2/apache-cassandra-3.11.2-bin.tar.gz extract apache-cassandra-3.11.2/lib/compress-lzf-0.8.4.jar
Extract /root/.embedded-cassandra/cassandra/3.11.2/apache-cassandra-3.11.2-bin.tar.gz extract apache-cassandra-3.11.2/lib/concurrent-trees-2.4.0.jar
Extract /root/.embedded-cassandra/cassandra/3.11.2/apache-cassandra-3.11.2-bin.tar.gz extract apache-cassandra-3.11.2/lib/concurrentlinkedhashmap-lru-1.4.jar
Extract /root/.embedded-cassandra/cassandra/3.11.2/apache-cassandra-3.11.2-bin.tar.gz extract apache-cassandra-3.11.2/lib/disruptor-3.0.1.jar
Extract /root/.embedded-cassandra/cassandra/3.11.2/apache-cassandra-3.11.2-bin.tar.gz extract apache-cassandra-3.11.2/lib/ecj-4.4.2.jar
Extract /root/.embedded-cassandra/cassandra/3.11.2/apache-cassandra-3.11.2-bin.tar.gz extract apache-cassandra-3.11.2/lib/futures-2.1.6-py2.py3-none-any.zip
Extract /root/.embedded-cassandra/cassandra/3.11.2/apache-cassandra-3.11.2-bin.tar.gz extract apache-cassandra-3.11.2/lib/guava-18.0.jar
Extract /root/.embedded-cassandra/cassandra/3.11.2/apache-cassandra-3.11.2-bin.tar.gz extract apache-cassandra-3.11.2/lib/high-scale-lib-1.0.6.jar
Extract /root/.embedded-cassandra/cassandra/3.11.2/apache-cassandra-3.11.2-bin.tar.gz extract apache-cassandra-3.11.2/lib/hppc-0.5.4.jar
Extract /root/.embedded-cassandra/cassandra/3.11.2/apache-cassandra-3.11.2-bin.tar.gz extract apache-cassandra-3.11.2/lib/jackson-core-asl-1.9.13.jar
Extract /root/.embedded-cassandra/cassandra/3.11.2/apache-cassandra-3.11.2-bin.tar.gz extract apache-cassandra-3.11.2/lib/jackson-mapper-asl-1.9.13.jar
Extract /root/.embedded-cassandra/cassandra/3.11.2/apache-cassandra-3.11.2-bin.tar.gz extract apache-cassandra-3.11.2/lib/jamm-0.3.0.jar
Extract /root/.embedded-cassandra/cassandra/3.11.2/apache-cassandra-3.11.2-bin.tar.gz extract apache-cassandra-3.11.2/lib/javax.inject.jar
Extract /root/.embedded-cassandra/cassandra/3.11.2/apache-cassandra-3.11.2-bin.tar.gz extract apache-cassandra-3.11.2/lib/jbcrypt-0.3m.jar
Extract /root/.embedded-cassandra/cassandra/3.11.2/apache-cassandra-3.11.2-bin.tar.gz extract apache-cassandra-3.11.2/lib/jcl-over-slf4j-1.7.7.jar
Extract /root/.embedded-cassandra/cassandra/3.11.2/apache-cassandra-3.11.2-bin.tar.gz extract apache-cassandra-3.11.2/lib/jctools-core-1.2.1.jar
Extract /root/.embedded-cassandra/cassandra/3.11.2/apache-cassandra-3.11.2-bin.tar.gz extract apache-cassandra-3.11.2/lib/jflex-1.6.0.jar
Extract /root/.embedded-cassandra/cassandra/3.11.2/apache-cassandra-3.11.2-bin.tar.gz extract apache-cassandra-3.11.2/lib/jna-4.2.2.jar
Extract /root/.embedded-cassandra/cassandra/3.11.2/apache-cassandra-3.11.2-bin.tar.gz extract apache-cassandra-3.11.2/lib/joda-time-2.4.jar
Extract /root/.embedded-cassandra/cassandra/3.11.2/apache-cassandra-3.11.2-bin.tar.gz extract apache-cassandra-3.11.2/lib/json-simple-1.1.jar
Extract /root/.embedded-cassandra/cassandra/3.11.2/apache-cassandra-3.11.2-bin.tar.gz extract apache-cassandra-3.11.2/lib/jstackjunit-0.0.1.jar
Extract /root/.embedded-cassandra/cassandra/3.11.2/apache-cassandra-3.11.2-bin.tar.gz extract apache-cassandra-3.11.2/lib/libthrift-0.9.2.jar
Extract /root/.embedded-cassandra/cassandra/3.11.2/apache-cassandra-3.11.2-bin.tar.gz extract apache-cassandra-3.11.2/lib/licenses/ST4-4.0.8.txt
Extract /root/.embedded-cassandra/cassandra/3.11.2/apache-cassandra-3.11.2-bin.tar.gz extract apache-cassandra-3.11.2/lib/licenses/airline-0.6.txt
Extract /root/.embedded-cassandra/cassandra/3.11.2/apache-cassandra-3.11.2-bin.tar.gz extract apache-cassandra-3.11.2/lib/licenses/antlr-runtime-3.5.2.txt
Extract /root/.embedded-cassandra/cassandra/3.11.2/apache-cassandra-3.11.2-bin.tar.gz extract apache-cassandra-3.11.2/lib/licenses/asm-5.0.4.txt
Extract /root/.embedded-cassandra/cassandra/3.11.2/apache-cassandra-3.11.2-bin.tar.gz extract apache-cassandra-3.11.2/lib/licenses/caffeine-2.2.6.txt
Extract /root/.embedded-cassandra/cassandra/3.11.2/apache-cassandra-3.11.2-bin.tar.gz extract apache-cassandra-3.11.2/lib/licenses/cassandra-driver-3.0.1.txt
Extract /root/.embedded-cassandra/cassandra/3.11.2/apache-cassandra-3.11.2-bin.tar.gz extract apache-cassandra-3.11.2/lib/licenses/commons-cli-1.1.txt
Extract /root/.embedded-cassandra/cassandra/3.11.2/apache-cassandra-3.11.2-bin.tar.gz extract apache-cassandra-3.11.2/lib/licenses/commons-codec-1.9.txt
Extract /root/.embedded-cassandra/cassandra/3.11.2/apache-cassandra-3.11.2-bin.tar.gz extract apache-cassandra-3.11.2/lib/licenses/commons-lang3-3.1.txt
Extract /root/.embedded-cassandra/cassandra/3.11.2/apache-cassandra-3.11.2-bin.tar.gz extract apache-cassandra-3.11.2/lib/licenses/commons-math3-3.2.txt
Extract /root/.embedded-cassandra/cassandra/3.11.2/apache-cassandra-3.11.2-bin.tar.gz extract apache-cassandra-3.11.2/lib/licenses/compress-lzf-0.8.4.txt
Extract /root/.embedded-cassandra/cassandra/3.11.2/apache-cassandra-3.11.2-bin.tar.gz extract apache-cassandra-3.11.2/lib/licenses/concurrent-trees-2.4.0.txt
Extract /root/.embedded-cassandra/cassandra/3.11.2/apache-cassandra-3.11.2-bin.tar.gz extract apache-cassandra-3.11.2/lib/licenses/concurrentlinkedhashmap-lru-1.4.txt
Extract /root/.embedded-cassandra/cassandra/3.11.2/apache-cassandra-3.11.2-bin.tar.gz extract apache-cassandra-3.11.2/lib/licenses/disruptor-3.0.1.txt
Extract /root/.embedded-cassandra/cassandra/3.11.2/apache-cassandra-3.11.2-bin.tar.gz extract apache-cassandra-3.11.2/lib/licenses/ecj-4.4.2.txt
Extract /root/.embedded-cassandra/cassandra/3.11.2/apache-cassandra-3.11.2-bin.tar.gz extract apache-cassandra-3.11.2/lib/licenses/futures-2.1.6.txt
Extract /root/.embedded-cassandra/cassandra/3.11.2/apache-cassandra-3.11.2-bin.tar.gz extract apache-cassandra-3.11.2/lib/licenses/guava-18.0.txt
Extract /root/.embedded-cassandra/cassandra/3.11.2/apache-cassandra-3.11.2-bin.tar.gz extract apache-cassandra-3.11.2/lib/licenses/hdrhistogram-2.1.9.txt
Extract /root/.embedded-cassandra/cassandra/3.11.2/apache-cassandra-3.11.2-bin.tar.gz extract apache-cassandra-3.11.2/lib/licenses/high-scale-lib-1.0.6.txt
Extract /root/.embedded-cassandra/cassandra/3.11.2/apache-cassandra-3.11.2-bin.tar.gz extract apache-cassandra-3.11.2/lib/licenses/hppc-0.5.4.txt
Extract /root/.embedded-cassandra/cassandra/3.11.2/apache-cassandra-3.11.2-bin.tar.gz extract apache-cassandra-3.11.2/lib/licenses/jackson-core-asl-1.9.13.txt
Extract /root/.embedded-cassandra/cassandra/3.11.2/apache-cassandra-3.11.2-bin.tar.gz extract apache-cassandra-3.11.2/lib/licenses/jackson-mapper-asl-1.9.13.txt
Extract /root/.embedded-cassandra/cassandra/3.11.2/apache-cassandra-3.11.2-bin.tar.gz extract apache-cassandra-3.11.2/lib/licenses/jamm-0.3.0.txt
Extract /root/.embedded-cassandra/cassandra/3.11.2/apache-cassandra-3.11.2-bin.tar.gz extract apache-cassandra-3.11.2/lib/licenses/javax.inject.txt
Extract /root/.embedded-cassandra/cassandra/3.11.2/apache-cassandra-3.11.2-bin.tar.gz extract apache-cassandra-3.11.2/lib/licenses/jbcrypt-0.3m.txt
Extract /root/.embedded-cassandra/cassandra/3.11.2/apache-cassandra-3.11.2-bin.tar.gz extract apache-cassandra-3.11.2/lib/licenses/jcl-over-slf4j-1.7.7.txt
Extract /root/.embedded-cassandra/cassandra/3.11.2/apache-cassandra-3.11.2-bin.tar.gz extract apache-cassandra-3.11.2/lib/licenses/jctools-core-1.2.1.txt
Extract /root/.embedded-cassandra/cassandra/3.11.2/apache-cassandra-3.11.2-bin.tar.gz extract apache-cassandra-3.11.2/lib/licenses/jflex-1.6.0.txt
Extract /root/.embedded-cassandra/cassandra/3.11.2/apache-cassandra-3.11.2-bin.tar.gz extract apache-cassandra-3.11.2/lib/licenses/jna-4.2.2.txt
Extract /root/.embedded-cassandra/cassandra/3.11.2/apache-cassandra-3.11.2-bin.tar.gz extract apache-cassandra-3.11.2/lib/licenses/joda-time-2.4.txt
Extract /root/.embedded-cassandra/cassandra/3.11.2/apache-cassandra-3.11.2-bin.tar.gz extract apache-cassandra-3.11.2/lib/licenses/json-simple-1.1.txt
Extract /root/.embedded-cassandra/cassandra/3.11.2/apache-cassandra-3.11.2-bin.tar.gz extract apache-cassandra-3.11.2/lib/licenses/jstackjunit-0.0.1.txt
Extract /root/.embedded-cassandra/cassandra/3.11.2/apache-cassandra-3.11.2-bin.tar.gz extract apache-cassandra-3.11.2/lib/licenses/libthrift-0.9.2.txt
Extract /root/.embedded-cassandra/cassandra/3.11.2/apache-cassandra-3.11.2-bin.tar.gz extract apache-cassandra-3.11.2/lib/licenses/log4j-over-slf4j-1.7.7.txt
Extract /root/.embedded-cassandra/cassandra/3.11.2/apache-cassandra-3.11.2-bin.tar.gz extract apache-cassandra-3.11.2/lib/licenses/logback-classic-1.1.3.txt
Extract /root/.embedded-cassandra/cassandra/3.11.2/apache-cassandra-3.11.2-bin.tar.gz extract apache-cassandra-3.11.2/lib/licenses/logback-core-1.1.3.txt
Extract /root/.embedded-cassandra/cassandra/3.11.2/apache-cassandra-3.11.2-bin.tar.gz extract apache-cassandra-3.11.2/lib/licenses/lz4-1.3.0.txt
Extract /root/.embedded-cassandra/cassandra/3.11.2/apache-cassandra-3.11.2-bin.tar.gz extract apache-cassandra-3.11.2/lib/licenses/metrics-core-3.1.0.txt
Extract /root/.embedded-cassandra/cassandra/3.11.2/apache-cassandra-3.11.2-bin.tar.gz extract apache-cassandra-3.11.2/lib/licenses/metrics-jvm-3.1.0.txt
Extract /root/.embedded-cassandra/cassandra/3.11.2/apache-cassandra-3.11.2-bin.tar.gz extract apache-cassandra-3.11.2/lib/licenses/metrics-logback-3.1.0.txt
Extract /root/.embedded-cassandra/cassandra/3.11.2/apache-cassandra-3.11.2-bin.tar.gz extract apache-cassandra-3.11.2/lib/licenses/netty-all-4.0.44.Final.txt
Extract /root/.embedded-cassandra/cassandra/3.11.2/apache-cassandra-3.11.2-bin.tar.gz extract apache-cassandra-3.11.2/lib/licenses/ohc-0.4.4.txt
Extract /root/.embedded-cassandra/cassandra/3.11.2/apache-cassandra-3.11.2-bin.tar.gz extract apache-cassandra-3.11.2/lib/licenses/reporter-config-base-3.0.3.txt
Extract /root/.embedded-cassandra/cassandra/3.11.2/apache-cassandra-3.11.2-bin.tar.gz extract apache-cassandra-3.11.2/lib/licenses/reporter-config3-3.0.3.txt
Extract /root/.embedded-cassandra/cassandra/3.11.2/apache-cassandra-3.11.2-bin.tar.gz extract apache-cassandra-3.11.2/lib/licenses/sigar-1.6.4.txt
Extract /root/.embedded-cassandra/cassandra/3.11.2/apache-cassandra-3.11.2-bin.tar.gz extract apache-cassandra-3.11.2/lib/licenses/six-1.7.3.txt
Extract /root/.embedded-cassandra/cassandra/3.11.2/apache-cassandra-3.11.2-bin.tar.gz extract apache-cassandra-3.11.2/lib/licenses/slf4j-api-1.7.7.txt
Extract /root/.embedded-cassandra/cassandra/3.11.2/apache-cassandra-3.11.2-bin.tar.gz extract apache-cassandra-3.11.2/lib/licenses/snakeyaml-1.11.txt
Extract /root/.embedded-cassandra/cassandra/3.11.2/apache-cassandra-3.11.2-bin.tar.gz extract apache-cassandra-3.11.2/lib/licenses/snappy-java-1.1.1.7.txt
Extract /root/.embedded-cassandra/cassandra/3.11.2/apache-cassandra-3.11.2-bin.tar.gz extract apache-cassandra-3.11.2/lib/licenses/snowball-stemmer-1.3.0.581.1.txt
Extract /root/.embedded-cassandra/cassandra/3.11.2/apache-cassandra-3.11.2-bin.tar.gz extract apache-cassandra-3.11.2/lib/licenses/stream-2.5.2.txt
Extract /root/.embedded-cassandra/cassandra/3.11.2/apache-cassandra-3.11.2-bin.tar.gz extract apache-cassandra-3.11.2/lib/licenses/thrift-server-0.3.7.txt
Extract /root/.embedded-cassandra/cassandra/3.11.2/apache-cassandra-3.11.2-bin.tar.gz extract apache-cassandra-3.11.2/lib/log4j-over-slf4j-1.7.7.jar
Extract /root/.embedded-cassandra/cassandra/3.11.2/apache-cassandra-3.11.2-bin.tar.gz extract apache-cassandra-3.11.2/lib/logback-classic-1.1.3.jar
Extract /root/.embedded-cassandra/cassandra/3.11.2/apache-cassandra-3.11.2-bin.tar.gz extract apache-cassandra-3.11.2/lib/logback-core-1.1.3.jar
Extract /root/.embedded-cassandra/cassandra/3.11.2/apache-cassandra-3.11.2-bin.tar.gz extract apache-cassandra-3.11.2/lib/lz4-1.3.0.jar
Extract /root/.embedded-cassandra/cassandra/3.11.2/apache-cassandra-3.11.2-bin.tar.gz extract apache-cassandra-3.11.2/lib/metrics-core-3.1.0.jar
Extract /root/.embedded-cassandra/cassandra/3.11.2/apache-cassandra-3.11.2-bin.tar.gz extract apache-cassandra-3.11.2/lib/metrics-jvm-3.1.0.jar
Extract /root/.embedded-cassandra/cassandra/3.11.2/apache-cassandra-3.11.2-bin.tar.gz extract apache-cassandra-3.11.2/lib/metrics-logback-3.1.0.jar
Extract /root/.embedded-cassandra/cassandra/3.11.2/apache-cassandra-3.11.2-bin.tar.gz extract apache-cassandra-3.11.2/lib/netty-all-4.0.44.Final.jar
Extract /root/.embedded-cassandra/cassandra/3.11.2/apache-cassandra-3.11.2-bin.tar.gz extract apache-cassandra-3.11.2/lib/ohc-core-0.4.4.jar
Extract /root/.embedded-cassandra/cassandra/3.11.2/apache-cassandra-3.11.2-bin.tar.gz extract apache-cassandra-3.11.2/lib/ohc-core-j8-0.4.4.jar
Extract /root/.embedded-cassandra/cassandra/3.11.2/apache-cassandra-3.11.2-bin.tar.gz extract apache-cassandra-3.11.2/lib/reporter-config-base-3.0.3.jar
Extract /root/.embedded-cassandra/cassandra/3.11.2/apache-cassandra-3.11.2-bin.tar.gz extract apache-cassandra-3.11.2/lib/reporter-config3-3.0.3.jar
Extract /root/.embedded-cassandra/cassandra/3.11.2/apache-cassandra-3.11.2-bin.tar.gz extract apache-cassandra-3.11.2/lib/sigar-1.6.4.jar
Extract /root/.embedded-cassandra/cassandra/3.11.2/apache-cassandra-3.11.2-bin.tar.gz extract apache-cassandra-3.11.2/lib/sigar-bin/libsigar-amd64-freebsd-6.so
Extract /root/.embedded-cassandra/cassandra/3.11.2/apache-cassandra-3.11.2-bin.tar.gz extract apache-cassandra-3.11.2/lib/sigar-bin/libsigar-amd64-linux.so
Extract /root/.embedded-cassandra/cassandra/3.11.2/apache-cassandra-3.11.2-bin.tar.gz extract apache-cassandra-3.11.2/lib/sigar-bin/libsigar-amd64-solaris.so
Extract /root/.embedded-cassandra/cassandra/3.11.2/apache-cassandra-3.11.2-bin.tar.gz extract apache-cassandra-3.11.2/lib/sigar-bin/libsigar-ia64-hpux-11.sl
Extract /root/.embedded-cassandra/cassandra/3.11.2/apache-cassandra-3.11.2-bin.tar.gz extract apache-cassandra-3.11.2/lib/sigar-bin/libsigar-ia64-linux.so
Extract /root/.embedded-cassandra/cassandra/3.11.2/apache-cassandra-3.11.2-bin.tar.gz extract apache-cassandra-3.11.2/lib/sigar-bin/libsigar-pa-hpux-11.sl
Extract /root/.embedded-cassandra/cassandra/3.11.2/apache-cassandra-3.11.2-bin.tar.gz extract apache-cassandra-3.11.2/lib/sigar-bin/libsigar-ppc-aix-5.so
Extract /root/.embedded-cassandra/cassandra/3.11.2/apache-cassandra-3.11.2-bin.tar.gz extract apache-cassandra-3.11.2/lib/sigar-bin/libsigar-ppc-linux.so
Extract /root/.embedded-cassandra/cassandra/3.11.2/apache-cassandra-3.11.2-bin.tar.gz extract apache-cassandra-3.11.2/lib/sigar-bin/libsigar-ppc64-aix-5.so
Extract /root/.embedded-cassandra/cassandra/3.11.2/apache-cassandra-3.11.2-bin.tar.gz extract apache-cassandra-3.11.2/lib/sigar-bin/libsigar-ppc64-linux.so
Extract /root/.embedded-cassandra/cassandra/3.11.2/apache-cassandra-3.11.2-bin.tar.gz extract apache-cassandra-3.11.2/lib/sigar-bin/libsigar-s390x-linux.so
Extract /root/.embedded-cassandra/cassandra/3.11.2/apache-cassandra-3.11.2-bin.tar.gz extract apache-cassandra-3.11.2/lib/sigar-bin/libsigar-sparc-solaris.so
Extract /root/.embedded-cassandra/cassandra/3.11.2/apache-cassandra-3.11.2-bin.tar.gz extract apache-cassandra-3.11.2/lib/sigar-bin/libsigar-sparc64-solaris.so
Extract /root/.embedded-cassandra/cassandra/3.11.2/apache-cassandra-3.11.2-bin.tar.gz extract apache-cassandra-3.11.2/lib/sigar-bin/libsigar-universal-macosx.dylib
Extract /root/.embedded-cassandra/cassandra/3.11.2/apache-cassandra-3.11.2-bin.tar.gz extract apache-cassandra-3.11.2/lib/sigar-bin/libsigar-universal64-macosx.dylib
Extract /root/.embedded-cassandra/cassandra/3.11.2/apache-cassandra-3.11.2-bin.tar.gz extract apache-cassandra-3.11.2/lib/sigar-bin/libsigar-x86-freebsd-5.so
Extract /root/.embedded-cassandra/cassandra/3.11.2/apache-cassandra-3.11.2-bin.tar.gz extract apache-cassandra-3.11.2/lib/sigar-bin/libsigar-x86-freebsd-6.so
Extract /root/.embedded-cassandra/cassandra/3.11.2/apache-cassandra-3.11.2-bin.tar.gz extract apache-cassandra-3.11.2/lib/sigar-bin/libsigar-x86-linux.so
Extract /root/.embedded-cassandra/cassandra/3.11.2/apache-cassandra-3.11.2-bin.tar.gz extract apache-cassandra-3.11.2/lib/sigar-bin/libsigar-x86-solaris.so
Extract /root/.embedded-cassandra/cassandra/3.11.2/apache-cassandra-3.11.2-bin.tar.gz extract apache-cassandra-3.11.2/lib/sigar-bin/sigar-amd64-winnt.dll
Extract /root/.embedded-cassandra/cassandra/3.11.2/apache-cassandra-3.11.2-bin.tar.gz extract apache-cassandra-3.11.2/lib/sigar-bin/sigar-x86-winnt.dll
Extract /root/.embedded-cassandra/cassandra/3.11.2/apache-cassandra-3.11.2-bin.tar.gz extract apache-cassandra-3.11.2/lib/sigar-bin/sigar-x86-winnt.lib
Extract /root/.embedded-cassandra/cassandra/3.11.2/apache-cassandra-3.11.2-bin.tar.gz extract apache-cassandra-3.11.2/lib/six-1.7.3-py2.py3-none-any.zip
Extract /root/.embedded-cassandra/cassandra/3.11.2/apache-cassandra-3.11.2-bin.tar.gz extract apache-cassandra-3.11.2/lib/slf4j-api-1.7.7.jar
Extract /root/.embedded-cassandra/cassandra/3.11.2/apache-cassandra-3.11.2-bin.tar.gz extract apache-cassandra-3.11.2/lib/snakeyaml-1.11.jar
Extract /root/.embedded-cassandra/cassandra/3.11.2/apache-cassandra-3.11.2-bin.tar.gz extract apache-cassandra-3.11.2/lib/snappy-java-1.1.1.7.jar
Extract /root/.embedded-cassandra/cassandra/3.11.2/apache-cassandra-3.11.2-bin.tar.gz extract apache-cassandra-3.11.2/lib/snowball-stemmer-1.3.0.581.1.jar
Extract /root/.embedded-cassandra/cassandra/3.11.2/apache-cassandra-3.11.2-bin.tar.gz extract apache-cassandra-3.11.2/lib/stream-2.5.2.jar
Extract /root/.embedded-cassandra/cassandra/3.11.2/apache-cassandra-3.11.2-bin.tar.gz extract apache-cassandra-3.11.2/lib/thrift-server-0.3.7.jar
Extract /root/.embedded-cassandra/cassandra/3.11.2/apache-cassandra-3.11.2-bin.tar.gz extract apache-cassandra-3.11.2/pylib/cqlshlib/__init__.py
Extract /root/.embedded-cassandra/cassandra/3.11.2/apache-cassandra-3.11.2-bin.tar.gz extract apache-cassandra-3.11.2/pylib/cqlshlib/copyutil.py
Extract /root/.embedded-cassandra/cassandra/3.11.2/apache-cassandra-3.11.2-bin.tar.gz extract apache-cassandra-3.11.2/pylib/cqlshlib/cql3handling.py
Extract /root/.embedded-cassandra/cassandra/3.11.2/apache-cassandra-3.11.2-bin.tar.gz extract apache-cassandra-3.11.2/pylib/cqlshlib/cqlhandling.py
Extract /root/.embedded-cassandra/cassandra/3.11.2/apache-cassandra-3.11.2-bin.tar.gz extract apache-cassandra-3.11.2/pylib/cqlshlib/cqlshhandling.py
Extract /root/.embedded-cassandra/cassandra/3.11.2/apache-cassandra-3.11.2-bin.tar.gz extract apache-cassandra-3.11.2/pylib/cqlshlib/displaying.py
Extract /root/.embedded-cassandra/cassandra/3.11.2/apache-cassandra-3.11.2-bin.tar.gz extract apache-cassandra-3.11.2/pylib/cqlshlib/formatting.py
Extract /root/.embedded-cassandra/cassandra/3.11.2/apache-cassandra-3.11.2-bin.tar.gz extract apache-cassandra-3.11.2/pylib/cqlshlib/helptopics.py
Extract /root/.embedded-cassandra/cassandra/3.11.2/apache-cassandra-3.11.2-bin.tar.gz extract apache-cassandra-3.11.2/pylib/cqlshlib/pylexotron.py
Extract /root/.embedded-cassandra/cassandra/3.11.2/apache-cassandra-3.11.2-bin.tar.gz extract apache-cassandra-3.11.2/pylib/cqlshlib/saferscanner.py
Extract /root/.embedded-cassandra/cassandra/3.11.2/apache-cassandra-3.11.2-bin.tar.gz extract apache-cassandra-3.11.2/pylib/cqlshlib/sslhandling.py
Extract /root/.embedded-cassandra/cassandra/3.11.2/apache-cassandra-3.11.2-bin.tar.gz extract apache-cassandra-3.11.2/pylib/cqlshlib/test/__init__.py
Extract /root/.embedded-cassandra/cassandra/3.11.2/apache-cassandra-3.11.2-bin.tar.gz extract apache-cassandra-3.11.2/pylib/cqlshlib/test/ansi_colors.py
Extract /root/.embedded-cassandra/cassandra/3.11.2/apache-cassandra-3.11.2-bin.tar.gz extract apache-cassandra-3.11.2/pylib/cqlshlib/test/basecase.py
Extract /root/.embedded-cassandra/cassandra/3.11.2/apache-cassandra-3.11.2-bin.tar.gz extract apache-cassandra-3.11.2/pylib/cqlshlib/test/cassconnect.py
Extract /root/.embedded-cassandra/cassandra/3.11.2/apache-cassandra-3.11.2-bin.tar.gz extract apache-cassandra-3.11.2/pylib/cqlshlib/test/run_cqlsh.py
Extract /root/.embedded-cassandra/cassandra/3.11.2/apache-cassandra-3.11.2-bin.tar.gz extract apache-cassandra-3.11.2/pylib/cqlshlib/test/test_cql_parsing.py
Extract /root/.embedded-cassandra/cassandra/3.11.2/apache-cassandra-3.11.2-bin.tar.gz extract apache-cassandra-3.11.2/pylib/cqlshlib/test/test_cqlsh_commands.py
Extract /root/.embedded-cassandra/cassandra/3.11.2/apache-cassandra-3.11.2-bin.tar.gz extract apache-cassandra-3.11.2/pylib/cqlshlib/test/test_cqlsh_completion.py
Extract /root/.embedded-cassandra/cassandra/3.11.2/apache-cassandra-3.11.2-bin.tar.gz extract apache-cassandra-3.11.2/pylib/cqlshlib/test/test_cqlsh_invocation.py
Extract /root/.embedded-cassandra/cassandra/3.11.2/apache-cassandra-3.11.2-bin.tar.gz extract apache-cassandra-3.11.2/pylib/cqlshlib/test/test_cqlsh_output.py
Extract /root/.embedded-cassandra/cassandra/3.11.2/apache-cassandra-3.11.2-bin.tar.gz extract apache-cassandra-3.11.2/pylib/cqlshlib/test/test_cqlsh_parsing.py
Extract /root/.embedded-cassandra/cassandra/3.11.2/apache-cassandra-3.11.2-bin.tar.gz extract apache-cassandra-3.11.2/pylib/cqlshlib/test/test_keyspace_init.cql
Extract /root/.embedded-cassandra/cassandra/3.11.2/apache-cassandra-3.11.2-bin.tar.gz extract apache-cassandra-3.11.2/pylib/cqlshlib/test/winpty.py
Extract /root/.embedded-cassandra/cassandra/3.11.2/apache-cassandra-3.11.2-bin.tar.gz extract apache-cassandra-3.11.2/pylib/cqlshlib/tracing.py
Extract /root/.embedded-cassandra/cassandra/3.11.2/apache-cassandra-3.11.2-bin.tar.gz extract apache-cassandra-3.11.2/pylib/cqlshlib/util.py
Extract /root/.embedded-cassandra/cassandra/3.11.2/apache-cassandra-3.11.2-bin.tar.gz extract apache-cassandra-3.11.2/pylib/cqlshlib/wcwidth.py
Extract /root/.embedded-cassandra/cassandra/3.11.2/apache-cassandra-3.11.2-bin.tar.gz extract apache-cassandra-3.11.2/pylib/setup.py
Extract /root/.embedded-cassandra/cassandra/3.11.2/apache-cassandra-3.11.2-bin.tar.gz extract apache-cassandra-3.11.2/tools/bin/cassandra-stress
Extract /root/.embedded-cassandra/cassandra/3.11.2/apache-cassandra-3.11.2-bin.tar.gz extract apache-cassandra-3.11.2/tools/bin/cassandra-stress.bat
Extract /root/.embedded-cassandra/cassandra/3.11.2/apache-cassandra-3.11.2-bin.tar.gz extract apache-cassandra-3.11.2/tools/bin/cassandra-stressd
Extract /root/.embedded-cassandra/cassandra/3.11.2/apache-cassandra-3.11.2-bin.tar.gz extract apache-cassandra-3.11.2/tools/bin/cassandra.in.bat
Extract /root/.embedded-cassandra/cassandra/3.11.2/apache-cassandra-3.11.2-bin.tar.gz extract apache-cassandra-3.11.2/tools/bin/cassandra.in.sh
Extract /root/.embedded-cassandra/cassandra/3.11.2/apache-cassandra-3.11.2-bin.tar.gz extract apache-cassandra-3.11.2/tools/bin/compaction-stress
Extract /root/.embedded-cassandra/cassandra/3.11.2/apache-cassandra-3.11.2-bin.tar.gz extract apache-cassandra-3.11.2/tools/bin/sstabledump
Extract /root/.embedded-cassandra/cassandra/3.11.2/apache-cassandra-3.11.2-bin.tar.gz extract apache-cassandra-3.11.2/tools/bin/sstabledump.bat
Extract /root/.embedded-cassandra/cassandra/3.11.2/apache-cassandra-3.11.2-bin.tar.gz extract apache-cassandra-3.11.2/tools/bin/sstableexpiredblockers
Extract /root/.embedded-cassandra/cassandra/3.11.2/apache-cassandra-3.11.2-bin.tar.gz extract apache-cassandra-3.11.2/tools/bin/sstableexpiredblockers.bat
Extract /root/.embedded-cassandra/cassandra/3.11.2/apache-cassandra-3.11.2-bin.tar.gz extract apache-cassandra-3.11.2/tools/bin/sstablelevelreset
Extract /root/.embedded-cassandra/cassandra/3.11.2/apache-cassandra-3.11.2-bin.tar.gz extract apache-cassandra-3.11.2/tools/bin/sstablelevelreset.bat
Extract /root/.embedded-cassandra/cassandra/3.11.2/apache-cassandra-3.11.2-bin.tar.gz extract apache-cassandra-3.11.2/tools/bin/sstablemetadata
Extract /root/.embedded-cassandra/cassandra/3.11.2/apache-cassandra-3.11.2-bin.tar.gz extract apache-cassandra-3.11.2/tools/bin/sstablemetadata.bat
Extract /root/.embedded-cassandra/cassandra/3.11.2/apache-cassandra-3.11.2-bin.tar.gz extract apache-cassandra-3.11.2/tools/bin/sstableofflinerelevel
Extract /root/.embedded-cassandra/cassandra/3.11.2/apache-cassandra-3.11.2-bin.tar.gz extract apache-cassandra-3.11.2/tools/bin/sstableofflinerelevel.bat
Extract /root/.embedded-cassandra/cassandra/3.11.2/apache-cassandra-3.11.2-bin.tar.gz extract apache-cassandra-3.11.2/tools/bin/sstablerepairedset
Extract /root/.embedded-cassandra/cassandra/3.11.2/apache-cassandra-3.11.2-bin.tar.gz extract apache-cassandra-3.11.2/tools/bin/sstablerepairedset.bat
Extract /root/.embedded-cassandra/cassandra/3.11.2/apache-cassandra-3.11.2-bin.tar.gz extract apache-cassandra-3.11.2/tools/bin/sstablesplit
Extract /root/.embedded-cassandra/cassandra/3.11.2/apache-cassandra-3.11.2-bin.tar.gz extract apache-cassandra-3.11.2/tools/bin/sstablesplit.bat
Extract /root/.embedded-cassandra/cassandra/3.11.2/apache-cassandra-3.11.2-bin.tar.gz extract apache-cassandra-3.11.2/tools/cqlstress-counter-example.yaml
Extract /root/.embedded-cassandra/cassandra/3.11.2/apache-cassandra-3.11.2-bin.tar.gz extract apache-cassandra-3.11.2/tools/cqlstress-example.yaml
Extract /root/.embedded-cassandra/cassandra/3.11.2/apache-cassandra-3.11.2-bin.tar.gz extract apache-cassandra-3.11.2/tools/cqlstress-insanity-example.yaml
Extract /root/.embedded-cassandra/cassandra/3.11.2/apache-cassandra-3.11.2-bin.tar.gz extract apache-cassandra-3.11.2/tools/lib/stress.jar
Extract /root/.embedded-cassandra/cassandra/3.11.2/apache-cassandra-3.11.2-bin.tar.gz extract apache-cassandra-3.11.2/bin/cassandra.in.sh
Extract /root/.embedded-cassandra/cassandra/3.11.2/apache-cassandra-3.11.2-bin.tar.gz extract apache-cassandra-3.11.2/bin/cassandra
Extract /root/.embedded-cassandra/cassandra/3.11.2/apache-cassandra-3.11.2-bin.tar.gz extract apache-cassandra-3.11.2/bin/cassandra.in.bat
Extract /root/.embedded-cassandra/cassandra/3.11.2/apache-cassandra-3.11.2-bin.tar.gz extract apache-cassandra-3.11.2/bin/cassandra.ps1
Extract /root/.embedded-cassandra/cassandra/3.11.2/apache-cassandra-3.11.2-bin.tar.gz extract apache-cassandra-3.11.2/bin/cqlsh
Extract /root/.embedded-cassandra/cassandra/3.11.2/apache-cassandra-3.11.2-bin.tar.gz extract apache-cassandra-3.11.2/bin/cqlsh.bat
Extract /root/.embedded-cassandra/cassandra/3.11.2/apache-cassandra-3.11.2-bin.tar.gz extract apache-cassandra-3.11.2/bin/cqlsh.py
Extract /root/.embedded-cassandra/cassandra/3.11.2/apache-cassandra-3.11.2-bin.tar.gz extract apache-cassandra-3.11.2/bin/debug-cql
Extract /root/.embedded-cassandra/cassandra/3.11.2/apache-cassandra-3.11.2-bin.tar.gz extract apache-cassandra-3.11.2/bin/debug-cql.bat
Extract /root/.embedded-cassandra/cassandra/3.11.2/apache-cassandra-3.11.2-bin.tar.gz extract apache-cassandra-3.11.2/bin/nodetool
Extract /root/.embedded-cassandra/cassandra/3.11.2/apache-cassandra-3.11.2-bin.tar.gz extract apache-cassandra-3.11.2/bin/nodetool.bat
Extract /root/.embedded-cassandra/cassandra/3.11.2/apache-cassandra-3.11.2-bin.tar.gz extract apache-cassandra-3.11.2/bin/source-conf.ps1
Extract /root/.embedded-cassandra/cassandra/3.11.2/apache-cassandra-3.11.2-bin.tar.gz extract apache-cassandra-3.11.2/bin/sstableloader
Extract /root/.embedded-cassandra/cassandra/3.11.2/apache-cassandra-3.11.2-bin.tar.gz extract apache-cassandra-3.11.2/bin/sstableloader.bat
Extract /root/.embedded-cassandra/cassandra/3.11.2/apache-cassandra-3.11.2-bin.tar.gz extract apache-cassandra-3.11.2/bin/sstablescrub
Extract /root/.embedded-cassandra/cassandra/3.11.2/apache-cassandra-3.11.2-bin.tar.gz extract apache-cassandra-3.11.2/bin/sstablescrub.bat
Extract /root/.embedded-cassandra/cassandra/3.11.2/apache-cassandra-3.11.2-bin.tar.gz extract apache-cassandra-3.11.2/bin/sstableupgrade
Extract /root/.embedded-cassandra/cassandra/3.11.2/apache-cassandra-3.11.2-bin.tar.gz extract apache-cassandra-3.11.2/bin/sstableupgrade.bat
Extract /root/.embedded-cassandra/cassandra/3.11.2/apache-cassandra-3.11.2-bin.tar.gz extract apache-cassandra-3.11.2/bin/sstableutil
Extract /root/.embedded-cassandra/cassandra/3.11.2/apache-cassandra-3.11.2-bin.tar.gz extract apache-cassandra-3.11.2/bin/sstableutil.bat
Extract /root/.embedded-cassandra/cassandra/3.11.2/apache-cassandra-3.11.2-bin.tar.gz extract apache-cassandra-3.11.2/bin/sstableverify
Extract /root/.embedded-cassandra/cassandra/3.11.2/apache-cassandra-3.11.2-bin.tar.gz extract apache-cassandra-3.11.2/bin/sstableverify.bat
Extract /root/.embedded-cassandra/cassandra/3.11.2/apache-cassandra-3.11.2-bin.tar.gz extract apache-cassandra-3.11.2/bin/stop-server
Extract /root/.embedded-cassandra/cassandra/3.11.2/apache-cassandra-3.11.2-bin.tar.gz extract apache-cassandra-3.11.2/bin/stop-server.bat
Extract /root/.embedded-cassandra/cassandra/3.11.2/apache-cassandra-3.11.2-bin.tar.gz extract apache-cassandra-3.11.2/bin/stop-server.ps1
Extract /root/.embedded-cassandra/cassandra/3.11.2/apache-cassandra-3.11.2-bin.tar.gz DONE

[Cassandra > output]Running Cassandra as root user or group is not recommended - please start Cassandra using a different system user.
[Cassandra > output] If you really want to force running Cassandra as root, use -R command line option.
[Cassandra > output] 

]]></system-out>
  </testcase>
</testsuite>