<?xml version="1.0" encoding="UTF-8"?>
<testsuite xmlns:xsi="http://www.w3.org/2001/XMLSchema-instance" xsi:noNamespaceSchemaLocation="https://maven.apache.org/surefire/maven-surefire-plugin/xsd/surefire-test-report.xsd" name="com.github.nosan.embedded.cassandra.CassandraTests" time="16.705" tests="3" errors="2" skipped="0" failures="1">
  <properties>
    <property name="java.runtime.name" value="OpenJDK Runtime Environment"/>
    <property name="sun.boot.library.path" value="/usr/lib/jvm/java-8-openjdk-amd64/jre/lib/amd64"/>
    <property name="java.vm.version" value="25.121-b13"/>
    <property name="java.vm.vendor" value="Oracle Corporation"/>
    <property name="maven.multiModuleProjectDirectory" value="/root/workspace/nosan/embedded-cassandra/407610733"/>
    <property name="java.vendor.url" value="http://java.oracle.com/"/>
    <property name="path.separator" value=":"/>
    <property name="guice.disable.misplaced.annotation.check" value="true"/>
    <property name="skip.gulp" value="true"/>
    <property name="java.vm.name" value="OpenJDK 64-Bit Server VM"/>
    <property name="file.encoding.pkg" value="sun.io"/>
    <property name="sun.java.launcher" value="SUN_STANDARD"/>
    <property name="sun.os.patch.level" value="unknown"/>
    <property name="findbugs.skip" value="true"/>
    <property name="java.vm.specification.name" value="Java Virtual Machine Specification"/>
    <property name="user.dir" value="/root/workspace/nosan/embedded-cassandra/407610733"/>
    <property name="checkstyle.skip" value="true"/>
    <property name="java.runtime.version" value="1.8.0_121-8u121-b13-1~bpo8+1-b13"/>
    <property name="java.awt.graphicsenv" value="sun.awt.X11GraphicsEnvironment"/>
    <property name="skip.npm" value="true"/>
    <property name="java.endorsed.dirs" value="/usr/lib/jvm/java-8-openjdk-amd64/jre/lib/endorsed"/>
    <property name="os.arch" value="amd64"/>
    <property name="java.io.tmpdir" value="/tmp"/>
    <property name="gpg.skip" value="true"/>
    <property name="line.separator" value="&#10;"/>
    <property name="java.vm.specification.vendor" value="Oracle Corporation"/>
    <property name="cobertura.skip" value="true"/>
    <property name="os.name" value="Linux"/>
    <property name="classworlds.conf" value="/usr/share/maven/bin/m2.conf"/>
    <property name="sun.jnu.encoding" value="UTF-8"/>
    <property name="java.library.path" value="/usr/java/packages/lib/amd64:/usr/lib/x86_64-linux-gnu/jni:/lib/x86_64-linux-gnu:/usr/lib/x86_64-linux-gnu:/usr/lib/jni:/lib:/usr/lib"/>
    <property name="license.skip" value="true"/>
    <property name="java.specification.name" value="Java Platform API Specification"/>
    <property name="java.class.version" value="52.0"/>
    <property name="sun.management.compiler" value="HotSpot 64-Bit Tiered Compilers"/>
    <property name="skip.bower" value="true"/>
    <property name="maven.repo.local" value="/root/./workspace/nosan/embedded-cassandra/407610733/.m2"/>
    <property name="os.version" value="4.9.0-6-amd64"/>
    <property name="user.home" value="/root"/>
    <property name="user.timezone" value="Europe/Paris"/>
    <property name="java.awt.printerjob" value="sun.print.PSPrinterJob"/>
    <property name="java.specification.version" value="1.8"/>
    <property name="file.encoding" value="UTF-8"/>
    <property name="user.name" value="root"/>
    <property name="java.class.path" value="/usr/share/maven/boot/plexus-classworlds-2.5.2.jar"/>
    <property name="skipITs" value="true"/>
    <property name="java.vm.specification.version" value="1.8"/>
    <property name="sun.arch.data.model" value="64"/>
    <property name="java.home" value="/usr/lib/jvm/java-8-openjdk-amd64/jre"/>
    <property name="sun.java.command" value="org.codehaus.plexus.classworlds.launcher.Launcher -B -D enforcer.skip=true -D dependency-check.skip=true -D skipITs=true -D cobertura.skip=true -D maven.repo.local=/root/./workspace/nosan/embedded-cassandra/407610733/.m2 -D rat.skip=true -D findbugs.skip=true -D skip.bower=true -D gpg.skip=true -D checkstyle.skip=true -D skip.gulp=true -D license.skip=true -D skip.npm=true test"/>
    <property name="java.specification.vendor" value="Oracle Corporation"/>
    <property name="user.language" value="en"/>
    <property name="awt.toolkit" value="sun.awt.X11.XToolkit"/>
    <property name="dependency-check.skip" value="true"/>
    <property name="java.vm.info" value="mixed mode"/>
    <property name="java.version" value="1.8.0_121"/>
    <property name="java.ext.dirs" value="/usr/lib/jvm/java-8-openjdk-amd64/jre/lib/ext:/usr/java/packages/lib/ext"/>
    <property name="securerandom.source" value="file:/dev/./urandom"/>
    <property name="sun.boot.class.path" value="/usr/lib/jvm/java-8-openjdk-amd64/jre/lib/resources.jar:/usr/lib/jvm/java-8-openjdk-amd64/jre/lib/rt.jar:/usr/lib/jvm/java-8-openjdk-amd64/jre/lib/sunrsasign.jar:/usr/lib/jvm/java-8-openjdk-amd64/jre/lib/jsse.jar:/usr/lib/jvm/java-8-openjdk-amd64/jre/lib/jce.jar:/usr/lib/jvm/java-8-openjdk-amd64/jre/lib/charsets.jar:/usr/lib/jvm/java-8-openjdk-amd64/jre/lib/jfr.jar:/usr/lib/jvm/java-8-openjdk-amd64/jre/classes"/>
    <property name="java.vendor" value="Oracle Corporation"/>
    <property name="enforcer.skip" value="true"/>
    <property name="rat.skip" value="true"/>
    <property name="maven.home" value="/usr/share/maven"/>
    <property name="file.separator" value="/"/>
    <property name="java.vendor.url.bug" value="http://bugreport.sun.com/bugreport/"/>
    <property name="sun.cpu.endian" value="little"/>
    <property name="sun.io.unicode.encoding" value="UnicodeLittle"/>
    <property name="sun.cpu.isalist" value=""/>
  </properties>
  <testcase name="shouldBeAbleToRestartCassandra" classname="com.github.nosan.embedded.cassandra.CassandraTests" time="8.622">
    <error message="Could not start a process &apos;407&apos;. Timeout : 60000 ms.&#10;Failure:&lt;EOF&gt;&#10;Output:&#10;----- START ----- &#10;Running Cassandra as root user or group is not recommended - please start Cassandra using a different system user.&#10;If you really want to force running Cassandra as root, use -R command line option.&#10;----- END ----- &#10;Support Url:	https://github.com/nosan/embedded-cassandra&#10;" type="java.io.IOException"><![CDATA[java.io.IOException: 
Could not start a process '407'. Timeout : 60000 ms.
Failure:<EOF>
Output:
----- START ----- 
Running Cassandra as root user or group is not recommended - please start Cassandra using a different system user.
If you really want to force running Cassandra as root, use -R command line option.
----- END ----- 
Support Url:	https://github.com/nosan/embedded-cassandra

	at com.github.nosan.embedded.cassandra.process.CassandraProcess.start(CassandraProcess.java:94)
	at com.github.nosan.embedded.cassandra.process.CassandraExecutable.start(CassandraExecutable.java:51)
	at com.github.nosan.embedded.cassandra.process.CassandraExecutable.start(CassandraExecutable.java:37)
	at de.flapdoodle.embed.process.runtime.Executable.start(Executable.java:108)
	at com.github.nosan.embedded.cassandra.Cassandra.start(Cassandra.java:188)
	at com.github.nosan.embedded.cassandra.CassandraTests.run(CassandraTests.java:67)
	at com.github.nosan.embedded.cassandra.CassandraTests.shouldBeAbleToRestartCassandra(CassandraTests.java:56)
	at sun.reflect.NativeMethodAccessorImpl.invoke0(Native Method)
	at sun.reflect.NativeMethodAccessorImpl.invoke(NativeMethodAccessorImpl.java:62)
	at sun.reflect.DelegatingMethodAccessorImpl.invoke(DelegatingMethodAccessorImpl.java:43)
	at java.lang.reflect.Method.invoke(Method.java:498)
	at org.junit.runners.model.FrameworkMethod$1.runReflectiveCall(FrameworkMethod.java:50)
	at org.junit.internal.runners.model.ReflectiveCallable.run(ReflectiveCallable.java:12)
	at org.junit.runners.model.FrameworkMethod.invokeExplosively(FrameworkMethod.java:47)
	at org.junit.internal.runners.statements.InvokeMethod.evaluate(InvokeMethod.java:17)
	at org.junit.rules.ExpectedException$ExpectedExceptionStatement.evaluate(ExpectedException.java:239)
	at org.junit.rules.RunRules.evaluate(RunRules.java:20)
	at org.junit.runners.ParentRunner.runLeaf(ParentRunner.java:325)
	at org.junit.runners.BlockJUnit4ClassRunner.runChild(BlockJUnit4ClassRunner.java:78)
	at org.junit.runners.BlockJUnit4ClassRunner.runChild(BlockJUnit4ClassRunner.java:57)
	at org.junit.runners.ParentRunner$3.run(ParentRunner.java:290)
	at org.junit.runners.ParentRunner$1.schedule(ParentRunner.java:71)
	at org.junit.runners.ParentRunner.runChildren(ParentRunner.java:288)
	at org.junit.runners.ParentRunner.access$000(ParentRunner.java:58)
	at org.junit.runners.ParentRunner$2.evaluate(ParentRunner.java:268)
	at org.junit.runners.ParentRunner.run(ParentRunner.java:363)
	at org.apache.maven.surefire.junit4.JUnit4Provider.execute(JUnit4Provider.java:365)
	at org.apache.maven.surefire.junit4.JUnit4Provider.executeWithRerun(JUnit4Provider.java:272)
	at org.apache.maven.surefire.junit4.JUnit4Provider.executeTestSet(JUnit4Provider.java:236)
	at org.apache.maven.surefire.junit4.JUnit4Provider.invoke(JUnit4Provider.java:159)
	at org.apache.maven.surefire.booter.ForkedBooter.invokeProviderInSameClassLoader(ForkedBooter.java:386)
	at org.apache.maven.surefire.booter.ForkedBooter.runSuitesInProcess(ForkedBooter.java:323)
	at org.apache.maven.surefire.booter.ForkedBooter.main(ForkedBooter.java:143)
]]></error>
    <system-out><![CDATA[2018-07-24 15:45:40 [main] INFO  c.g.n.embedded.cassandra.Cassandra - Download LATEST:Linux:B64 : starting...
2018-07-24 15:45:40 [main] INFO  c.g.n.embedded.cassandra.Cassandra - Download LATEST:Linux:B64 : DownloadSize: 38436262
2018-07-24 15:45:40 [main] INFO  c.g.n.embedded.cassandra.Cassandra - Download LATEST:Linux:B64 : 0 %
2018-07-24 15:45:40 [main] INFO  c.g.n.embedded.cassandra.Cassandra - Download LATEST:Linux:B64 : 10 %
2018-07-24 15:45:40 [main] INFO  c.g.n.embedded.cassandra.Cassandra - Download LATEST:Linux:B64 : 20 %
2018-07-24 15:45:40 [main] INFO  c.g.n.embedded.cassandra.Cassandra - Download LATEST:Linux:B64 : 30 %
2018-07-24 15:45:40 [main] INFO  c.g.n.embedded.cassandra.Cassandra - Download LATEST:Linux:B64 : 40 %
2018-07-24 15:45:40 [main] INFO  c.g.n.embedded.cassandra.Cassandra - Download LATEST:Linux:B64 : 50 %
2018-07-24 15:45:41 [main] INFO  c.g.n.embedded.cassandra.Cassandra - Download LATEST:Linux:B64 : 60 %
2018-07-24 15:45:41 [main] INFO  c.g.n.embedded.cassandra.Cassandra - Download LATEST:Linux:B64 : 70 %
2018-07-24 15:45:41 [main] INFO  c.g.n.embedded.cassandra.Cassandra - Download LATEST:Linux:B64 : 80 %
2018-07-24 15:45:41 [main] INFO  c.g.n.embedded.cassandra.Cassandra - Download LATEST:Linux:B64 : 90 %
2018-07-24 15:45:41 [main] INFO  c.g.n.embedded.cassandra.Cassandra - Download LATEST:Linux:B64 : 100 %
2018-07-24 15:45:41 [main] INFO  c.g.n.embedded.cassandra.Cassandra - Download LATEST:Linux:B64 : downloaded with 37535kb/s
2018-07-24 15:45:41 [main] INFO  c.g.n.embedded.cassandra.Cassandra - Download LATEST:Linux:B64 : finished
2018-07-24 15:45:41 [main] INFO  c.g.n.embedded.cassandra.Cassandra - Extract /root/.embedded-cassandra/cassandra/3.11.2/apache-cassandra-3.11.2-bin.tar.gz : starting...
2018-07-24 15:45:41 [main] INFO  c.g.n.embedded.cassandra.Cassandra - Extract /root/.embedded-cassandra/cassandra/3.11.2/apache-cassandra-3.11.2-bin.tar.gz : extract apache-cassandra-3.11.2/conf/cassandra-env.ps1
2018-07-24 15:45:41 [main] INFO  c.g.n.embedded.cassandra.Cassandra - Extract /root/.embedded-cassandra/cassandra/3.11.2/apache-cassandra-3.11.2-bin.tar.gz : extract apache-cassandra-3.11.2/conf/cassandra-env.sh
2018-07-24 15:45:41 [main] INFO  c.g.n.embedded.cassandra.Cassandra - Extract /root/.embedded-cassandra/cassandra/3.11.2/apache-cassandra-3.11.2-bin.tar.gz : extract apache-cassandra-3.11.2/conf/cassandra-jaas.config
2018-07-24 15:45:41 [main] INFO  c.g.n.embedded.cassandra.Cassandra - Extract /root/.embedded-cassandra/cassandra/3.11.2/apache-cassandra-3.11.2-bin.tar.gz : extract apache-cassandra-3.11.2/conf/cassandra-rackdc.properties
2018-07-24 15:45:41 [main] INFO  c.g.n.embedded.cassandra.Cassandra - Extract /root/.embedded-cassandra/cassandra/3.11.2/apache-cassandra-3.11.2-bin.tar.gz : extract apache-cassandra-3.11.2/conf/cassandra-topology.properties
2018-07-24 15:45:41 [main] INFO  c.g.n.embedded.cassandra.Cassandra - Extract /root/.embedded-cassandra/cassandra/3.11.2/apache-cassandra-3.11.2-bin.tar.gz : extract apache-cassandra-3.11.2/conf/cassandra.yaml
2018-07-24 15:45:41 [main] INFO  c.g.n.embedded.cassandra.Cassandra - Extract /root/.embedded-cassandra/cassandra/3.11.2/apache-cassandra-3.11.2-bin.tar.gz : extract apache-cassandra-3.11.2/conf/commitlog_archiving.properties
2018-07-24 15:45:41 [main] INFO  c.g.n.embedded.cassandra.Cassandra - Extract /root/.embedded-cassandra/cassandra/3.11.2/apache-cassandra-3.11.2-bin.tar.gz : extract apache-cassandra-3.11.2/conf/cqlshrc.sample
2018-07-24 15:45:41 [main] INFO  c.g.n.embedded.cassandra.Cassandra - Extract /root/.embedded-cassandra/cassandra/3.11.2/apache-cassandra-3.11.2-bin.tar.gz : extract apache-cassandra-3.11.2/conf/hotspot_compiler
2018-07-24 15:45:41 [main] INFO  c.g.n.embedded.cassandra.Cassandra - Extract /root/.embedded-cassandra/cassandra/3.11.2/apache-cassandra-3.11.2-bin.tar.gz : extract apache-cassandra-3.11.2/conf/jvm.options
2018-07-24 15:45:41 [main] INFO  c.g.n.embedded.cassandra.Cassandra - Extract /root/.embedded-cassandra/cassandra/3.11.2/apache-cassandra-3.11.2-bin.tar.gz : extract apache-cassandra-3.11.2/conf/logback-tools.xml
2018-07-24 15:45:41 [main] INFO  c.g.n.embedded.cassandra.Cassandra - Extract /root/.embedded-cassandra/cassandra/3.11.2/apache-cassandra-3.11.2-bin.tar.gz : extract apache-cassandra-3.11.2/conf/logback.xml
2018-07-24 15:45:41 [main] INFO  c.g.n.embedded.cassandra.Cassandra - Extract /root/.embedded-cassandra/cassandra/3.11.2/apache-cassandra-3.11.2-bin.tar.gz : extract apache-cassandra-3.11.2/conf/metrics-reporter-config-sample.yaml
2018-07-24 15:45:41 [main] INFO  c.g.n.embedded.cassandra.Cassandra - Extract /root/.embedded-cassandra/cassandra/3.11.2/apache-cassandra-3.11.2-bin.tar.gz : extract apache-cassandra-3.11.2/conf/triggers/README.txt
2018-07-24 15:45:41 [main] INFO  c.g.n.embedded.cassandra.Cassandra - Extract /root/.embedded-cassandra/cassandra/3.11.2/apache-cassandra-3.11.2-bin.tar.gz : extract apache-cassandra-3.11.2/interface/cassandra.thrift
2018-07-24 15:45:44 [main] INFO  c.g.n.embedded.cassandra.Cassandra - Extract /root/.embedded-cassandra/cassandra/3.11.2/apache-cassandra-3.11.2-bin.tar.gz : extract apache-cassandra-3.11.2/lib/HdrHistogram-2.1.9.jar
2018-07-24 15:45:44 [main] INFO  c.g.n.embedded.cassandra.Cassandra - Extract /root/.embedded-cassandra/cassandra/3.11.2/apache-cassandra-3.11.2-bin.tar.gz : extract apache-cassandra-3.11.2/lib/ST4-4.0.8.jar
2018-07-24 15:45:44 [main] INFO  c.g.n.embedded.cassandra.Cassandra - Extract /root/.embedded-cassandra/cassandra/3.11.2/apache-cassandra-3.11.2-bin.tar.gz : extract apache-cassandra-3.11.2/lib/airline-0.6.jar
2018-07-24 15:45:44 [main] INFO  c.g.n.embedded.cassandra.Cassandra - Extract /root/.embedded-cassandra/cassandra/3.11.2/apache-cassandra-3.11.2-bin.tar.gz : extract apache-cassandra-3.11.2/lib/antlr-runtime-3.5.2.jar
2018-07-24 15:45:45 [main] INFO  c.g.n.embedded.cassandra.Cassandra - Extract /root/.embedded-cassandra/cassandra/3.11.2/apache-cassandra-3.11.2-bin.tar.gz : extract apache-cassandra-3.11.2/lib/apache-cassandra-3.11.2.jar
2018-07-24 15:45:45 [main] INFO  c.g.n.embedded.cassandra.Cassandra - Extract /root/.embedded-cassandra/cassandra/3.11.2/apache-cassandra-3.11.2-bin.tar.gz : extract apache-cassandra-3.11.2/lib/apache-cassandra-thrift-3.11.2.jar
2018-07-24 15:45:45 [main] INFO  c.g.n.embedded.cassandra.Cassandra - Extract /root/.embedded-cassandra/cassandra/3.11.2/apache-cassandra-3.11.2-bin.tar.gz : extract apache-cassandra-3.11.2/lib/asm-5.0.4.jar
2018-07-24 15:45:45 [main] INFO  c.g.n.embedded.cassandra.Cassandra - Extract /root/.embedded-cassandra/cassandra/3.11.2/apache-cassandra-3.11.2-bin.tar.gz : extract apache-cassandra-3.11.2/lib/caffeine-2.2.6.jar
2018-07-24 15:45:45 [main] INFO  c.g.n.embedded.cassandra.Cassandra - Extract /root/.embedded-cassandra/cassandra/3.11.2/apache-cassandra-3.11.2-bin.tar.gz : extract apache-cassandra-3.11.2/lib/cassandra-driver-core-3.0.1-shaded.jar
2018-07-24 15:45:45 [main] INFO  c.g.n.embedded.cassandra.Cassandra - Extract /root/.embedded-cassandra/cassandra/3.11.2/apache-cassandra-3.11.2-bin.tar.gz : extract apache-cassandra-3.11.2/lib/cassandra-driver-internal-only-3.10.zip
2018-07-24 15:45:45 [main] INFO  c.g.n.embedded.cassandra.Cassandra - Extract /root/.embedded-cassandra/cassandra/3.11.2/apache-cassandra-3.11.2-bin.tar.gz : extract apache-cassandra-3.11.2/lib/cassandra-driver-internal-only-3.11.0-bb96859b.zip
2018-07-24 15:45:45 [main] INFO  c.g.n.embedded.cassandra.Cassandra - Extract /root/.embedded-cassandra/cassandra/3.11.2/apache-cassandra-3.11.2-bin.tar.gz : extract apache-cassandra-3.11.2/lib/commons-cli-1.1.jar
2018-07-24 15:45:45 [main] INFO  c.g.n.embedded.cassandra.Cassandra - Extract /root/.embedded-cassandra/cassandra/3.11.2/apache-cassandra-3.11.2-bin.tar.gz : extract apache-cassandra-3.11.2/lib/commons-codec-1.9.jar
2018-07-24 15:45:45 [main] INFO  c.g.n.embedded.cassandra.Cassandra - Extract /root/.embedded-cassandra/cassandra/3.11.2/apache-cassandra-3.11.2-bin.tar.gz : extract apache-cassandra-3.11.2/lib/commons-lang3-3.1.jar
2018-07-24 15:45:45 [main] INFO  c.g.n.embedded.cassandra.Cassandra - Extract /root/.embedded-cassandra/cassandra/3.11.2/apache-cassandra-3.11.2-bin.tar.gz : extract apache-cassandra-3.11.2/lib/commons-math3-3.2.jar
2018-07-24 15:45:45 [main] INFO  c.g.n.embedded.cassandra.Cassandra - Extract /root/.embedded-cassandra/cassandra/3.11.2/apache-cassandra-3.11.2-bin.tar.gz : extract apache-cassandra-3.11.2/lib/compress-lzf-0.8.4.jar
2018-07-24 15:45:45 [main] INFO  c.g.n.embedded.cassandra.Cassandra - Extract /root/.embedded-cassandra/cassandra/3.11.2/apache-cassandra-3.11.2-bin.tar.gz : extract apache-cassandra-3.11.2/lib/concurrent-trees-2.4.0.jar
2018-07-24 15:45:45 [main] INFO  c.g.n.embedded.cassandra.Cassandra - Extract /root/.embedded-cassandra/cassandra/3.11.2/apache-cassandra-3.11.2-bin.tar.gz : extract apache-cassandra-3.11.2/lib/concurrentlinkedhashmap-lru-1.4.jar
2018-07-24 15:45:45 [main] INFO  c.g.n.embedded.cassandra.Cassandra - Extract /root/.embedded-cassandra/cassandra/3.11.2/apache-cassandra-3.11.2-bin.tar.gz : extract apache-cassandra-3.11.2/lib/disruptor-3.0.1.jar
2018-07-24 15:45:45 [main] INFO  c.g.n.embedded.cassandra.Cassandra - Extract /root/.embedded-cassandra/cassandra/3.11.2/apache-cassandra-3.11.2-bin.tar.gz : extract apache-cassandra-3.11.2/lib/ecj-4.4.2.jar
2018-07-24 15:45:45 [main] INFO  c.g.n.embedded.cassandra.Cassandra - Extract /root/.embedded-cassandra/cassandra/3.11.2/apache-cassandra-3.11.2-bin.tar.gz : extract apache-cassandra-3.11.2/lib/futures-2.1.6-py2.py3-none-any.zip
2018-07-24 15:45:45 [main] INFO  c.g.n.embedded.cassandra.Cassandra - Extract /root/.embedded-cassandra/cassandra/3.11.2/apache-cassandra-3.11.2-bin.tar.gz : extract apache-cassandra-3.11.2/lib/guava-18.0.jar
2018-07-24 15:45:45 [main] INFO  c.g.n.embedded.cassandra.Cassandra - Extract /root/.embedded-cassandra/cassandra/3.11.2/apache-cassandra-3.11.2-bin.tar.gz : extract apache-cassandra-3.11.2/lib/high-scale-lib-1.0.6.jar
2018-07-24 15:45:45 [main] INFO  c.g.n.embedded.cassandra.Cassandra - Extract /root/.embedded-cassandra/cassandra/3.11.2/apache-cassandra-3.11.2-bin.tar.gz : extract apache-cassandra-3.11.2/lib/hppc-0.5.4.jar
2018-07-24 15:45:45 [main] INFO  c.g.n.embedded.cassandra.Cassandra - Extract /root/.embedded-cassandra/cassandra/3.11.2/apache-cassandra-3.11.2-bin.tar.gz : extract apache-cassandra-3.11.2/lib/jackson-core-asl-1.9.13.jar
2018-07-24 15:45:45 [main] INFO  c.g.n.embedded.cassandra.Cassandra - Extract /root/.embedded-cassandra/cassandra/3.11.2/apache-cassandra-3.11.2-bin.tar.gz : extract apache-cassandra-3.11.2/lib/jackson-mapper-asl-1.9.13.jar
2018-07-24 15:45:45 [main] INFO  c.g.n.embedded.cassandra.Cassandra - Extract /root/.embedded-cassandra/cassandra/3.11.2/apache-cassandra-3.11.2-bin.tar.gz : extract apache-cassandra-3.11.2/lib/jamm-0.3.0.jar
2018-07-24 15:45:45 [main] INFO  c.g.n.embedded.cassandra.Cassandra - Extract /root/.embedded-cassandra/cassandra/3.11.2/apache-cassandra-3.11.2-bin.tar.gz : extract apache-cassandra-3.11.2/lib/javax.inject.jar
2018-07-24 15:45:45 [main] INFO  c.g.n.embedded.cassandra.Cassandra - Extract /root/.embedded-cassandra/cassandra/3.11.2/apache-cassandra-3.11.2-bin.tar.gz : extract apache-cassandra-3.11.2/lib/jbcrypt-0.3m.jar
2018-07-24 15:45:45 [main] INFO  c.g.n.embedded.cassandra.Cassandra - Extract /root/.embedded-cassandra/cassandra/3.11.2/apache-cassandra-3.11.2-bin.tar.gz : extract apache-cassandra-3.11.2/lib/jcl-over-slf4j-1.7.7.jar
2018-07-24 15:45:45 [main] INFO  c.g.n.embedded.cassandra.Cassandra - Extract /root/.embedded-cassandra/cassandra/3.11.2/apache-cassandra-3.11.2-bin.tar.gz : extract apache-cassandra-3.11.2/lib/jctools-core-1.2.1.jar
2018-07-24 15:45:45 [main] INFO  c.g.n.embedded.cassandra.Cassandra - Extract /root/.embedded-cassandra/cassandra/3.11.2/apache-cassandra-3.11.2-bin.tar.gz : extract apache-cassandra-3.11.2/lib/jflex-1.6.0.jar
2018-07-24 15:45:45 [main] INFO  c.g.n.embedded.cassandra.Cassandra - Extract /root/.embedded-cassandra/cassandra/3.11.2/apache-cassandra-3.11.2-bin.tar.gz : extract apache-cassandra-3.11.2/lib/jna-4.2.2.jar
2018-07-24 15:45:45 [main] INFO  c.g.n.embedded.cassandra.Cassandra - Extract /root/.embedded-cassandra/cassandra/3.11.2/apache-cassandra-3.11.2-bin.tar.gz : extract apache-cassandra-3.11.2/lib/joda-time-2.4.jar
2018-07-24 15:45:45 [main] INFO  c.g.n.embedded.cassandra.Cassandra - Extract /root/.embedded-cassandra/cassandra/3.11.2/apache-cassandra-3.11.2-bin.tar.gz : extract apache-cassandra-3.11.2/lib/json-simple-1.1.jar
2018-07-24 15:45:45 [main] INFO  c.g.n.embedded.cassandra.Cassandra - Extract /root/.embedded-cassandra/cassandra/3.11.2/apache-cassandra-3.11.2-bin.tar.gz : extract apache-cassandra-3.11.2/lib/jstackjunit-0.0.1.jar
2018-07-24 15:45:45 [main] INFO  c.g.n.embedded.cassandra.Cassandra - Extract /root/.embedded-cassandra/cassandra/3.11.2/apache-cassandra-3.11.2-bin.tar.gz : extract apache-cassandra-3.11.2/lib/libthrift-0.9.2.jar
2018-07-24 15:45:45 [main] INFO  c.g.n.embedded.cassandra.Cassandra - Extract /root/.embedded-cassandra/cassandra/3.11.2/apache-cassandra-3.11.2-bin.tar.gz : extract apache-cassandra-3.11.2/lib/log4j-over-slf4j-1.7.7.jar
2018-07-24 15:45:45 [main] INFO  c.g.n.embedded.cassandra.Cassandra - Extract /root/.embedded-cassandra/cassandra/3.11.2/apache-cassandra-3.11.2-bin.tar.gz : extract apache-cassandra-3.11.2/lib/logback-classic-1.1.3.jar
2018-07-24 15:45:45 [main] INFO  c.g.n.embedded.cassandra.Cassandra - Extract /root/.embedded-cassandra/cassandra/3.11.2/apache-cassandra-3.11.2-bin.tar.gz : extract apache-cassandra-3.11.2/lib/logback-core-1.1.3.jar
2018-07-24 15:45:45 [main] INFO  c.g.n.embedded.cassandra.Cassandra - Extract /root/.embedded-cassandra/cassandra/3.11.2/apache-cassandra-3.11.2-bin.tar.gz : extract apache-cassandra-3.11.2/lib/lz4-1.3.0.jar
2018-07-24 15:45:45 [main] INFO  c.g.n.embedded.cassandra.Cassandra - Extract /root/.embedded-cassandra/cassandra/3.11.2/apache-cassandra-3.11.2-bin.tar.gz : extract apache-cassandra-3.11.2/lib/metrics-core-3.1.0.jar
2018-07-24 15:45:45 [main] INFO  c.g.n.embedded.cassandra.Cassandra - Extract /root/.embedded-cassandra/cassandra/3.11.2/apache-cassandra-3.11.2-bin.tar.gz : extract apache-cassandra-3.11.2/lib/metrics-jvm-3.1.0.jar
2018-07-24 15:45:45 [main] INFO  c.g.n.embedded.cassandra.Cassandra - Extract /root/.embedded-cassandra/cassandra/3.11.2/apache-cassandra-3.11.2-bin.tar.gz : extract apache-cassandra-3.11.2/lib/metrics-logback-3.1.0.jar
2018-07-24 15:45:45 [main] INFO  c.g.n.embedded.cassandra.Cassandra - Extract /root/.embedded-cassandra/cassandra/3.11.2/apache-cassandra-3.11.2-bin.tar.gz : extract apache-cassandra-3.11.2/lib/netty-all-4.0.44.Final.jar
2018-07-24 15:45:45 [main] INFO  c.g.n.embedded.cassandra.Cassandra - Extract /root/.embedded-cassandra/cassandra/3.11.2/apache-cassandra-3.11.2-bin.tar.gz : extract apache-cassandra-3.11.2/lib/ohc-core-0.4.4.jar
2018-07-24 15:45:45 [main] INFO  c.g.n.embedded.cassandra.Cassandra - Extract /root/.embedded-cassandra/cassandra/3.11.2/apache-cassandra-3.11.2-bin.tar.gz : extract apache-cassandra-3.11.2/lib/ohc-core-j8-0.4.4.jar
2018-07-24 15:45:45 [main] INFO  c.g.n.embedded.cassandra.Cassandra - Extract /root/.embedded-cassandra/cassandra/3.11.2/apache-cassandra-3.11.2-bin.tar.gz : extract apache-cassandra-3.11.2/lib/reporter-config-base-3.0.3.jar
2018-07-24 15:45:45 [main] INFO  c.g.n.embedded.cassandra.Cassandra - Extract /root/.embedded-cassandra/cassandra/3.11.2/apache-cassandra-3.11.2-bin.tar.gz : extract apache-cassandra-3.11.2/lib/reporter-config3-3.0.3.jar
2018-07-24 15:45:45 [main] INFO  c.g.n.embedded.cassandra.Cassandra - Extract /root/.embedded-cassandra/cassandra/3.11.2/apache-cassandra-3.11.2-bin.tar.gz : extract apache-cassandra-3.11.2/lib/sigar-1.6.4.jar
2018-07-24 15:45:45 [main] INFO  c.g.n.embedded.cassandra.Cassandra - Extract /root/.embedded-cassandra/cassandra/3.11.2/apache-cassandra-3.11.2-bin.tar.gz : extract apache-cassandra-3.11.2/lib/sigar-bin/libsigar-amd64-freebsd-6.so
2018-07-24 15:45:45 [main] INFO  c.g.n.embedded.cassandra.Cassandra - Extract /root/.embedded-cassandra/cassandra/3.11.2/apache-cassandra-3.11.2-bin.tar.gz : extract apache-cassandra-3.11.2/lib/sigar-bin/libsigar-amd64-linux.so
2018-07-24 15:45:45 [main] INFO  c.g.n.embedded.cassandra.Cassandra - Extract /root/.embedded-cassandra/cassandra/3.11.2/apache-cassandra-3.11.2-bin.tar.gz : extract apache-cassandra-3.11.2/lib/sigar-bin/libsigar-amd64-solaris.so
2018-07-24 15:45:45 [main] INFO  c.g.n.embedded.cassandra.Cassandra - Extract /root/.embedded-cassandra/cassandra/3.11.2/apache-cassandra-3.11.2-bin.tar.gz : extract apache-cassandra-3.11.2/lib/sigar-bin/libsigar-ia64-hpux-11.sl
2018-07-24 15:45:45 [main] INFO  c.g.n.embedded.cassandra.Cassandra - Extract /root/.embedded-cassandra/cassandra/3.11.2/apache-cassandra-3.11.2-bin.tar.gz : extract apache-cassandra-3.11.2/lib/sigar-bin/libsigar-ia64-linux.so
2018-07-24 15:45:45 [main] INFO  c.g.n.embedded.cassandra.Cassandra - Extract /root/.embedded-cassandra/cassandra/3.11.2/apache-cassandra-3.11.2-bin.tar.gz : extract apache-cassandra-3.11.2/lib/sigar-bin/libsigar-pa-hpux-11.sl
2018-07-24 15:45:45 [main] INFO  c.g.n.embedded.cassandra.Cassandra - Extract /root/.embedded-cassandra/cassandra/3.11.2/apache-cassandra-3.11.2-bin.tar.gz : extract apache-cassandra-3.11.2/lib/sigar-bin/libsigar-ppc-aix-5.so
2018-07-24 15:45:45 [main] INFO  c.g.n.embedded.cassandra.Cassandra - Extract /root/.embedded-cassandra/cassandra/3.11.2/apache-cassandra-3.11.2-bin.tar.gz : extract apache-cassandra-3.11.2/lib/sigar-bin/libsigar-ppc-linux.so
2018-07-24 15:45:45 [main] INFO  c.g.n.embedded.cassandra.Cassandra - Extract /root/.embedded-cassandra/cassandra/3.11.2/apache-cassandra-3.11.2-bin.tar.gz : extract apache-cassandra-3.11.2/lib/sigar-bin/libsigar-ppc64-aix-5.so
2018-07-24 15:45:45 [main] INFO  c.g.n.embedded.cassandra.Cassandra - Extract /root/.embedded-cassandra/cassandra/3.11.2/apache-cassandra-3.11.2-bin.tar.gz : extract apache-cassandra-3.11.2/lib/sigar-bin/libsigar-ppc64-linux.so
2018-07-24 15:45:45 [main] INFO  c.g.n.embedded.cassandra.Cassandra - Extract /root/.embedded-cassandra/cassandra/3.11.2/apache-cassandra-3.11.2-bin.tar.gz : extract apache-cassandra-3.11.2/lib/sigar-bin/libsigar-s390x-linux.so
2018-07-24 15:45:45 [main] INFO  c.g.n.embedded.cassandra.Cassandra - Extract /root/.embedded-cassandra/cassandra/3.11.2/apache-cassandra-3.11.2-bin.tar.gz : extract apache-cassandra-3.11.2/lib/sigar-bin/libsigar-sparc-solaris.so
2018-07-24 15:45:45 [main] INFO  c.g.n.embedded.cassandra.Cassandra - Extract /root/.embedded-cassandra/cassandra/3.11.2/apache-cassandra-3.11.2-bin.tar.gz : extract apache-cassandra-3.11.2/lib/sigar-bin/libsigar-sparc64-solaris.so
2018-07-24 15:45:45 [main] INFO  c.g.n.embedded.cassandra.Cassandra - Extract /root/.embedded-cassandra/cassandra/3.11.2/apache-cassandra-3.11.2-bin.tar.gz : extract apache-cassandra-3.11.2/lib/sigar-bin/libsigar-universal-macosx.dylib
2018-07-24 15:45:45 [main] INFO  c.g.n.embedded.cassandra.Cassandra - Extract /root/.embedded-cassandra/cassandra/3.11.2/apache-cassandra-3.11.2-bin.tar.gz : extract apache-cassandra-3.11.2/lib/sigar-bin/libsigar-universal64-macosx.dylib
2018-07-24 15:45:45 [main] INFO  c.g.n.embedded.cassandra.Cassandra - Extract /root/.embedded-cassandra/cassandra/3.11.2/apache-cassandra-3.11.2-bin.tar.gz : extract apache-cassandra-3.11.2/lib/sigar-bin/libsigar-x86-freebsd-5.so
2018-07-24 15:45:45 [main] INFO  c.g.n.embedded.cassandra.Cassandra - Extract /root/.embedded-cassandra/cassandra/3.11.2/apache-cassandra-3.11.2-bin.tar.gz : extract apache-cassandra-3.11.2/lib/sigar-bin/libsigar-x86-freebsd-6.so
2018-07-24 15:45:45 [main] INFO  c.g.n.embedded.cassandra.Cassandra - Extract /root/.embedded-cassandra/cassandra/3.11.2/apache-cassandra-3.11.2-bin.tar.gz : extract apache-cassandra-3.11.2/lib/sigar-bin/libsigar-x86-linux.so
2018-07-24 15:45:45 [main] INFO  c.g.n.embedded.cassandra.Cassandra - Extract /root/.embedded-cassandra/cassandra/3.11.2/apache-cassandra-3.11.2-bin.tar.gz : extract apache-cassandra-3.11.2/lib/sigar-bin/libsigar-x86-solaris.so
2018-07-24 15:45:45 [main] INFO  c.g.n.embedded.cassandra.Cassandra - Extract /root/.embedded-cassandra/cassandra/3.11.2/apache-cassandra-3.11.2-bin.tar.gz : extract apache-cassandra-3.11.2/lib/sigar-bin/sigar-amd64-winnt.dll
2018-07-24 15:45:45 [main] INFO  c.g.n.embedded.cassandra.Cassandra - Extract /root/.embedded-cassandra/cassandra/3.11.2/apache-cassandra-3.11.2-bin.tar.gz : extract apache-cassandra-3.11.2/lib/sigar-bin/sigar-x86-winnt.dll
2018-07-24 15:45:45 [main] INFO  c.g.n.embedded.cassandra.Cassandra - Extract /root/.embedded-cassandra/cassandra/3.11.2/apache-cassandra-3.11.2-bin.tar.gz : extract apache-cassandra-3.11.2/lib/sigar-bin/sigar-x86-winnt.lib
2018-07-24 15:45:45 [main] INFO  c.g.n.embedded.cassandra.Cassandra - Extract /root/.embedded-cassandra/cassandra/3.11.2/apache-cassandra-3.11.2-bin.tar.gz : extract apache-cassandra-3.11.2/lib/six-1.7.3-py2.py3-none-any.zip
2018-07-24 15:45:45 [main] INFO  c.g.n.embedded.cassandra.Cassandra - Extract /root/.embedded-cassandra/cassandra/3.11.2/apache-cassandra-3.11.2-bin.tar.gz : extract apache-cassandra-3.11.2/lib/slf4j-api-1.7.7.jar
2018-07-24 15:45:45 [main] INFO  c.g.n.embedded.cassandra.Cassandra - Extract /root/.embedded-cassandra/cassandra/3.11.2/apache-cassandra-3.11.2-bin.tar.gz : extract apache-cassandra-3.11.2/lib/snakeyaml-1.11.jar
2018-07-24 15:45:45 [main] INFO  c.g.n.embedded.cassandra.Cassandra - Extract /root/.embedded-cassandra/cassandra/3.11.2/apache-cassandra-3.11.2-bin.tar.gz : extract apache-cassandra-3.11.2/lib/snappy-java-1.1.1.7.jar
2018-07-24 15:45:45 [main] INFO  c.g.n.embedded.cassandra.Cassandra - Extract /root/.embedded-cassandra/cassandra/3.11.2/apache-cassandra-3.11.2-bin.tar.gz : extract apache-cassandra-3.11.2/lib/snowball-stemmer-1.3.0.581.1.jar
2018-07-24 15:45:45 [main] INFO  c.g.n.embedded.cassandra.Cassandra - Extract /root/.embedded-cassandra/cassandra/3.11.2/apache-cassandra-3.11.2-bin.tar.gz : extract apache-cassandra-3.11.2/lib/stream-2.5.2.jar
2018-07-24 15:45:45 [main] INFO  c.g.n.embedded.cassandra.Cassandra - Extract /root/.embedded-cassandra/cassandra/3.11.2/apache-cassandra-3.11.2-bin.tar.gz : extract apache-cassandra-3.11.2/lib/thrift-server-0.3.7.jar
2018-07-24 15:45:45 [main] INFO  c.g.n.embedded.cassandra.Cassandra - Extract /root/.embedded-cassandra/cassandra/3.11.2/apache-cassandra-3.11.2-bin.tar.gz : extract apache-cassandra-3.11.2/pylib/cqlshlib/__init__.py
2018-07-24 15:45:45 [main] INFO  c.g.n.embedded.cassandra.Cassandra - Extract /root/.embedded-cassandra/cassandra/3.11.2/apache-cassandra-3.11.2-bin.tar.gz : extract apache-cassandra-3.11.2/pylib/cqlshlib/copyutil.py
2018-07-24 15:45:45 [main] INFO  c.g.n.embedded.cassandra.Cassandra - Extract /root/.embedded-cassandra/cassandra/3.11.2/apache-cassandra-3.11.2-bin.tar.gz : extract apache-cassandra-3.11.2/pylib/cqlshlib/cql3handling.py
2018-07-24 15:45:45 [main] INFO  c.g.n.embedded.cassandra.Cassandra - Extract /root/.embedded-cassandra/cassandra/3.11.2/apache-cassandra-3.11.2-bin.tar.gz : extract apache-cassandra-3.11.2/pylib/cqlshlib/cqlhandling.py
2018-07-24 15:45:45 [main] INFO  c.g.n.embedded.cassandra.Cassandra - Extract /root/.embedded-cassandra/cassandra/3.11.2/apache-cassandra-3.11.2-bin.tar.gz : extract apache-cassandra-3.11.2/pylib/cqlshlib/cqlshhandling.py
2018-07-24 15:45:45 [main] INFO  c.g.n.embedded.cassandra.Cassandra - Extract /root/.embedded-cassandra/cassandra/3.11.2/apache-cassandra-3.11.2-bin.tar.gz : extract apache-cassandra-3.11.2/pylib/cqlshlib/displaying.py
2018-07-24 15:45:45 [main] INFO  c.g.n.embedded.cassandra.Cassandra - Extract /root/.embedded-cassandra/cassandra/3.11.2/apache-cassandra-3.11.2-bin.tar.gz : extract apache-cassandra-3.11.2/pylib/cqlshlib/formatting.py
2018-07-24 15:45:45 [main] INFO  c.g.n.embedded.cassandra.Cassandra - Extract /root/.embedded-cassandra/cassandra/3.11.2/apache-cassandra-3.11.2-bin.tar.gz : extract apache-cassandra-3.11.2/pylib/cqlshlib/helptopics.py
2018-07-24 15:45:45 [main] INFO  c.g.n.embedded.cassandra.Cassandra - Extract /root/.embedded-cassandra/cassandra/3.11.2/apache-cassandra-3.11.2-bin.tar.gz : extract apache-cassandra-3.11.2/pylib/cqlshlib/pylexotron.py
2018-07-24 15:45:45 [main] INFO  c.g.n.embedded.cassandra.Cassandra - Extract /root/.embedded-cassandra/cassandra/3.11.2/apache-cassandra-3.11.2-bin.tar.gz : extract apache-cassandra-3.11.2/pylib/cqlshlib/saferscanner.py
2018-07-24 15:45:45 [main] INFO  c.g.n.embedded.cassandra.Cassandra - Extract /root/.embedded-cassandra/cassandra/3.11.2/apache-cassandra-3.11.2-bin.tar.gz : extract apache-cassandra-3.11.2/pylib/cqlshlib/sslhandling.py
2018-07-24 15:45:45 [main] INFO  c.g.n.embedded.cassandra.Cassandra - Extract /root/.embedded-cassandra/cassandra/3.11.2/apache-cassandra-3.11.2-bin.tar.gz : extract apache-cassandra-3.11.2/pylib/cqlshlib/test/__init__.py
2018-07-24 15:45:45 [main] INFO  c.g.n.embedded.cassandra.Cassandra - Extract /root/.embedded-cassandra/cassandra/3.11.2/apache-cassandra-3.11.2-bin.tar.gz : extract apache-cassandra-3.11.2/pylib/cqlshlib/test/ansi_colors.py
2018-07-24 15:45:45 [main] INFO  c.g.n.embedded.cassandra.Cassandra - Extract /root/.embedded-cassandra/cassandra/3.11.2/apache-cassandra-3.11.2-bin.tar.gz : extract apache-cassandra-3.11.2/pylib/cqlshlib/test/basecase.py
2018-07-24 15:45:45 [main] INFO  c.g.n.embedded.cassandra.Cassandra - Extract /root/.embedded-cassandra/cassandra/3.11.2/apache-cassandra-3.11.2-bin.tar.gz : extract apache-cassandra-3.11.2/pylib/cqlshlib/test/cassconnect.py
2018-07-24 15:45:45 [main] INFO  c.g.n.embedded.cassandra.Cassandra - Extract /root/.embedded-cassandra/cassandra/3.11.2/apache-cassandra-3.11.2-bin.tar.gz : extract apache-cassandra-3.11.2/pylib/cqlshlib/test/run_cqlsh.py
2018-07-24 15:45:45 [main] INFO  c.g.n.embedded.cassandra.Cassandra - Extract /root/.embedded-cassandra/cassandra/3.11.2/apache-cassandra-3.11.2-bin.tar.gz : extract apache-cassandra-3.11.2/pylib/cqlshlib/test/test_cql_parsing.py
2018-07-24 15:45:45 [main] INFO  c.g.n.embedded.cassandra.Cassandra - Extract /root/.embedded-cassandra/cassandra/3.11.2/apache-cassandra-3.11.2-bin.tar.gz : extract apache-cassandra-3.11.2/pylib/cqlshlib/test/test_cqlsh_commands.py
2018-07-24 15:45:45 [main] INFO  c.g.n.embedded.cassandra.Cassandra - Extract /root/.embedded-cassandra/cassandra/3.11.2/apache-cassandra-3.11.2-bin.tar.gz : extract apache-cassandra-3.11.2/pylib/cqlshlib/test/test_cqlsh_completion.py
2018-07-24 15:45:45 [main] INFO  c.g.n.embedded.cassandra.Cassandra - Extract /root/.embedded-cassandra/cassandra/3.11.2/apache-cassandra-3.11.2-bin.tar.gz : extract apache-cassandra-3.11.2/pylib/cqlshlib/test/test_cqlsh_invocation.py
2018-07-24 15:45:45 [main] INFO  c.g.n.embedded.cassandra.Cassandra - Extract /root/.embedded-cassandra/cassandra/3.11.2/apache-cassandra-3.11.2-bin.tar.gz : extract apache-cassandra-3.11.2/pylib/cqlshlib/test/test_cqlsh_output.py
2018-07-24 15:45:45 [main] INFO  c.g.n.embedded.cassandra.Cassandra - Extract /root/.embedded-cassandra/cassandra/3.11.2/apache-cassandra-3.11.2-bin.tar.gz : extract apache-cassandra-3.11.2/pylib/cqlshlib/test/test_cqlsh_parsing.py
2018-07-24 15:45:45 [main] INFO  c.g.n.embedded.cassandra.Cassandra - Extract /root/.embedded-cassandra/cassandra/3.11.2/apache-cassandra-3.11.2-bin.tar.gz : extract apache-cassandra-3.11.2/pylib/cqlshlib/test/test_keyspace_init.cql
2018-07-24 15:45:45 [main] INFO  c.g.n.embedded.cassandra.Cassandra - Extract /root/.embedded-cassandra/cassandra/3.11.2/apache-cassandra-3.11.2-bin.tar.gz : extract apache-cassandra-3.11.2/pylib/cqlshlib/test/winpty.py
2018-07-24 15:45:45 [main] INFO  c.g.n.embedded.cassandra.Cassandra - Extract /root/.embedded-cassandra/cassandra/3.11.2/apache-cassandra-3.11.2-bin.tar.gz : extract apache-cassandra-3.11.2/pylib/cqlshlib/tracing.py
2018-07-24 15:45:45 [main] INFO  c.g.n.embedded.cassandra.Cassandra - Extract /root/.embedded-cassandra/cassandra/3.11.2/apache-cassandra-3.11.2-bin.tar.gz : extract apache-cassandra-3.11.2/pylib/cqlshlib/util.py
2018-07-24 15:45:45 [main] INFO  c.g.n.embedded.cassandra.Cassandra - Extract /root/.embedded-cassandra/cassandra/3.11.2/apache-cassandra-3.11.2-bin.tar.gz : extract apache-cassandra-3.11.2/pylib/cqlshlib/wcwidth.py
2018-07-24 15:45:45 [main] INFO  c.g.n.embedded.cassandra.Cassandra - Extract /root/.embedded-cassandra/cassandra/3.11.2/apache-cassandra-3.11.2-bin.tar.gz : extract apache-cassandra-3.11.2/pylib/setup.py
2018-07-24 15:45:45 [main] INFO  c.g.n.embedded.cassandra.Cassandra - Extract /root/.embedded-cassandra/cassandra/3.11.2/apache-cassandra-3.11.2-bin.tar.gz : extract apache-cassandra-3.11.2/tools/bin/cassandra-stress
2018-07-24 15:45:45 [main] INFO  c.g.n.embedded.cassandra.Cassandra - Extract /root/.embedded-cassandra/cassandra/3.11.2/apache-cassandra-3.11.2-bin.tar.gz : extract apache-cassandra-3.11.2/tools/bin/cassandra-stress.bat
2018-07-24 15:45:45 [main] INFO  c.g.n.embedded.cassandra.Cassandra - Extract /root/.embedded-cassandra/cassandra/3.11.2/apache-cassandra-3.11.2-bin.tar.gz : extract apache-cassandra-3.11.2/tools/bin/cassandra-stressd
2018-07-24 15:45:45 [main] INFO  c.g.n.embedded.cassandra.Cassandra - Extract /root/.embedded-cassandra/cassandra/3.11.2/apache-cassandra-3.11.2-bin.tar.gz : extract apache-cassandra-3.11.2/tools/bin/cassandra.in.bat
2018-07-24 15:45:45 [main] INFO  c.g.n.embedded.cassandra.Cassandra - Extract /root/.embedded-cassandra/cassandra/3.11.2/apache-cassandra-3.11.2-bin.tar.gz : extract apache-cassandra-3.11.2/tools/bin/cassandra.in.sh
2018-07-24 15:45:45 [main] INFO  c.g.n.embedded.cassandra.Cassandra - Extract /root/.embedded-cassandra/cassandra/3.11.2/apache-cassandra-3.11.2-bin.tar.gz : extract apache-cassandra-3.11.2/tools/bin/compaction-stress
2018-07-24 15:45:45 [main] INFO  c.g.n.embedded.cassandra.Cassandra - Extract /root/.embedded-cassandra/cassandra/3.11.2/apache-cassandra-3.11.2-bin.tar.gz : extract apache-cassandra-3.11.2/tools/bin/sstabledump
2018-07-24 15:45:45 [main] INFO  c.g.n.embedded.cassandra.Cassandra - Extract /root/.embedded-cassandra/cassandra/3.11.2/apache-cassandra-3.11.2-bin.tar.gz : extract apache-cassandra-3.11.2/tools/bin/sstabledump.bat
2018-07-24 15:45:45 [main] INFO  c.g.n.embedded.cassandra.Cassandra - Extract /root/.embedded-cassandra/cassandra/3.11.2/apache-cassandra-3.11.2-bin.tar.gz : extract apache-cassandra-3.11.2/tools/bin/sstableexpiredblockers
2018-07-24 15:45:45 [main] INFO  c.g.n.embedded.cassandra.Cassandra - Extract /root/.embedded-cassandra/cassandra/3.11.2/apache-cassandra-3.11.2-bin.tar.gz : extract apache-cassandra-3.11.2/tools/bin/sstableexpiredblockers.bat
2018-07-24 15:45:45 [main] INFO  c.g.n.embedded.cassandra.Cassandra - Extract /root/.embedded-cassandra/cassandra/3.11.2/apache-cassandra-3.11.2-bin.tar.gz : extract apache-cassandra-3.11.2/tools/bin/sstablelevelreset
2018-07-24 15:45:45 [main] INFO  c.g.n.embedded.cassandra.Cassandra - Extract /root/.embedded-cassandra/cassandra/3.11.2/apache-cassandra-3.11.2-bin.tar.gz : extract apache-cassandra-3.11.2/tools/bin/sstablelevelreset.bat
2018-07-24 15:45:45 [main] INFO  c.g.n.embedded.cassandra.Cassandra - Extract /root/.embedded-cassandra/cassandra/3.11.2/apache-cassandra-3.11.2-bin.tar.gz : extract apache-cassandra-3.11.2/tools/bin/sstablemetadata
2018-07-24 15:45:45 [main] INFO  c.g.n.embedded.cassandra.Cassandra - Extract /root/.embedded-cassandra/cassandra/3.11.2/apache-cassandra-3.11.2-bin.tar.gz : extract apache-cassandra-3.11.2/tools/bin/sstablemetadata.bat
2018-07-24 15:45:45 [main] INFO  c.g.n.embedded.cassandra.Cassandra - Extract /root/.embedded-cassandra/cassandra/3.11.2/apache-cassandra-3.11.2-bin.tar.gz : extract apache-cassandra-3.11.2/tools/bin/sstableofflinerelevel
2018-07-24 15:45:45 [main] INFO  c.g.n.embedded.cassandra.Cassandra - Extract /root/.embedded-cassandra/cassandra/3.11.2/apache-cassandra-3.11.2-bin.tar.gz : extract apache-cassandra-3.11.2/tools/bin/sstableofflinerelevel.bat
2018-07-24 15:45:45 [main] INFO  c.g.n.embedded.cassandra.Cassandra - Extract /root/.embedded-cassandra/cassandra/3.11.2/apache-cassandra-3.11.2-bin.tar.gz : extract apache-cassandra-3.11.2/tools/bin/sstablerepairedset
2018-07-24 15:45:45 [main] INFO  c.g.n.embedded.cassandra.Cassandra - Extract /root/.embedded-cassandra/cassandra/3.11.2/apache-cassandra-3.11.2-bin.tar.gz : extract apache-cassandra-3.11.2/tools/bin/sstablerepairedset.bat
2018-07-24 15:45:45 [main] INFO  c.g.n.embedded.cassandra.Cassandra - Extract /root/.embedded-cassandra/cassandra/3.11.2/apache-cassandra-3.11.2-bin.tar.gz : extract apache-cassandra-3.11.2/tools/bin/sstablesplit
2018-07-24 15:45:45 [main] INFO  c.g.n.embedded.cassandra.Cassandra - Extract /root/.embedded-cassandra/cassandra/3.11.2/apache-cassandra-3.11.2-bin.tar.gz : extract apache-cassandra-3.11.2/tools/bin/sstablesplit.bat
2018-07-24 15:45:45 [main] INFO  c.g.n.embedded.cassandra.Cassandra - Extract /root/.embedded-cassandra/cassandra/3.11.2/apache-cassandra-3.11.2-bin.tar.gz : extract apache-cassandra-3.11.2/tools/cqlstress-counter-example.yaml
2018-07-24 15:45:45 [main] INFO  c.g.n.embedded.cassandra.Cassandra - Extract /root/.embedded-cassandra/cassandra/3.11.2/apache-cassandra-3.11.2-bin.tar.gz : extract apache-cassandra-3.11.2/tools/cqlstress-example.yaml
2018-07-24 15:45:45 [main] INFO  c.g.n.embedded.cassandra.Cassandra - Extract /root/.embedded-cassandra/cassandra/3.11.2/apache-cassandra-3.11.2-bin.tar.gz : extract apache-cassandra-3.11.2/tools/cqlstress-insanity-example.yaml
2018-07-24 15:45:45 [main] INFO  c.g.n.embedded.cassandra.Cassandra - Extract /root/.embedded-cassandra/cassandra/3.11.2/apache-cassandra-3.11.2-bin.tar.gz : extract apache-cassandra-3.11.2/tools/lib/stress.jar
2018-07-24 15:45:45 [main] INFO  c.g.n.embedded.cassandra.Cassandra - Extract /root/.embedded-cassandra/cassandra/3.11.2/apache-cassandra-3.11.2-bin.tar.gz : extract apache-cassandra-3.11.2/bin/cassandra.in.sh
2018-07-24 15:45:45 [main] INFO  c.g.n.embedded.cassandra.Cassandra - Extract /root/.embedded-cassandra/cassandra/3.11.2/apache-cassandra-3.11.2-bin.tar.gz : extract apache-cassandra-3.11.2/bin/cassandra
2018-07-24 15:45:45 [main] INFO  c.g.n.embedded.cassandra.Cassandra - Extract /root/.embedded-cassandra/cassandra/3.11.2/apache-cassandra-3.11.2-bin.tar.gz : extract apache-cassandra-3.11.2/bin/cassandra.bat
2018-07-24 15:45:45 [main] INFO  c.g.n.embedded.cassandra.Cassandra - Extract /root/.embedded-cassandra/cassandra/3.11.2/apache-cassandra-3.11.2-bin.tar.gz : extract apache-cassandra-3.11.2/bin/cassandra.in.bat
2018-07-24 15:45:45 [main] INFO  c.g.n.embedded.cassandra.Cassandra - Extract /root/.embedded-cassandra/cassandra/3.11.2/apache-cassandra-3.11.2-bin.tar.gz : extract apache-cassandra-3.11.2/bin/cqlsh
2018-07-24 15:45:45 [main] INFO  c.g.n.embedded.cassandra.Cassandra - Extract /root/.embedded-cassandra/cassandra/3.11.2/apache-cassandra-3.11.2-bin.tar.gz : extract apache-cassandra-3.11.2/bin/cqlsh.bat
2018-07-24 15:45:45 [main] INFO  c.g.n.embedded.cassandra.Cassandra - Extract /root/.embedded-cassandra/cassandra/3.11.2/apache-cassandra-3.11.2-bin.tar.gz : extract apache-cassandra-3.11.2/bin/cqlsh.py
2018-07-24 15:45:45 [main] INFO  c.g.n.embedded.cassandra.Cassandra - Extract /root/.embedded-cassandra/cassandra/3.11.2/apache-cassandra-3.11.2-bin.tar.gz : extract apache-cassandra-3.11.2/bin/debug-cql
2018-07-24 15:45:45 [main] INFO  c.g.n.embedded.cassandra.Cassandra - Extract /root/.embedded-cassandra/cassandra/3.11.2/apache-cassandra-3.11.2-bin.tar.gz : extract apache-cassandra-3.11.2/bin/debug-cql.bat
2018-07-24 15:45:45 [main] INFO  c.g.n.embedded.cassandra.Cassandra - Extract /root/.embedded-cassandra/cassandra/3.11.2/apache-cassandra-3.11.2-bin.tar.gz : extract apache-cassandra-3.11.2/bin/nodetool
2018-07-24 15:45:45 [main] INFO  c.g.n.embedded.cassandra.Cassandra - Extract /root/.embedded-cassandra/cassandra/3.11.2/apache-cassandra-3.11.2-bin.tar.gz : extract apache-cassandra-3.11.2/bin/nodetool.bat
2018-07-24 15:45:45 [main] INFO  c.g.n.embedded.cassandra.Cassandra - Extract /root/.embedded-cassandra/cassandra/3.11.2/apache-cassandra-3.11.2-bin.tar.gz : extract apache-cassandra-3.11.2/bin/source-conf.ps1
2018-07-24 15:45:45 [main] INFO  c.g.n.embedded.cassandra.Cassandra - Extract /root/.embedded-cassandra/cassandra/3.11.2/apache-cassandra-3.11.2-bin.tar.gz : extract apache-cassandra-3.11.2/bin/sstableloader
2018-07-24 15:45:45 [main] INFO  c.g.n.embedded.cassandra.Cassandra - Extract /root/.embedded-cassandra/cassandra/3.11.2/apache-cassandra-3.11.2-bin.tar.gz : extract apache-cassandra-3.11.2/bin/sstableloader.bat
2018-07-24 15:45:45 [main] INFO  c.g.n.embedded.cassandra.Cassandra - Extract /root/.embedded-cassandra/cassandra/3.11.2/apache-cassandra-3.11.2-bin.tar.gz : extract apache-cassandra-3.11.2/bin/sstablescrub
2018-07-24 15:45:45 [main] INFO  c.g.n.embedded.cassandra.Cassandra - Extract /root/.embedded-cassandra/cassandra/3.11.2/apache-cassandra-3.11.2-bin.tar.gz : extract apache-cassandra-3.11.2/bin/sstablescrub.bat
2018-07-24 15:45:45 [main] INFO  c.g.n.embedded.cassandra.Cassandra - Extract /root/.embedded-cassandra/cassandra/3.11.2/apache-cassandra-3.11.2-bin.tar.gz : extract apache-cassandra-3.11.2/bin/sstableupgrade
2018-07-24 15:45:45 [main] INFO  c.g.n.embedded.cassandra.Cassandra - Extract /root/.embedded-cassandra/cassandra/3.11.2/apache-cassandra-3.11.2-bin.tar.gz : extract apache-cassandra-3.11.2/bin/sstableupgrade.bat
2018-07-24 15:45:45 [main] INFO  c.g.n.embedded.cassandra.Cassandra - Extract /root/.embedded-cassandra/cassandra/3.11.2/apache-cassandra-3.11.2-bin.tar.gz : extract apache-cassandra-3.11.2/bin/sstableutil
2018-07-24 15:45:45 [main] INFO  c.g.n.embedded.cassandra.Cassandra - Extract /root/.embedded-cassandra/cassandra/3.11.2/apache-cassandra-3.11.2-bin.tar.gz : extract apache-cassandra-3.11.2/bin/sstableutil.bat
2018-07-24 15:45:45 [main] INFO  c.g.n.embedded.cassandra.Cassandra - Extract /root/.embedded-cassandra/cassandra/3.11.2/apache-cassandra-3.11.2-bin.tar.gz : extract apache-cassandra-3.11.2/bin/sstableverify
2018-07-24 15:45:45 [main] INFO  c.g.n.embedded.cassandra.Cassandra - Extract /root/.embedded-cassandra/cassandra/3.11.2/apache-cassandra-3.11.2-bin.tar.gz : extract apache-cassandra-3.11.2/bin/sstableverify.bat
2018-07-24 15:45:45 [main] INFO  c.g.n.embedded.cassandra.Cassandra - Extract /root/.embedded-cassandra/cassandra/3.11.2/apache-cassandra-3.11.2-bin.tar.gz : extract apache-cassandra-3.11.2/bin/stop-server
2018-07-24 15:45:45 [main] INFO  c.g.n.embedded.cassandra.Cassandra - Extract /root/.embedded-cassandra/cassandra/3.11.2/apache-cassandra-3.11.2-bin.tar.gz : extract apache-cassandra-3.11.2/bin/stop-server.bat
2018-07-24 15:45:45 [main] INFO  c.g.n.embedded.cassandra.Cassandra - Extract /root/.embedded-cassandra/cassandra/3.11.2/apache-cassandra-3.11.2-bin.tar.gz : extract apache-cassandra-3.11.2/bin/stop-server.ps1
2018-07-24 15:45:45 [main] INFO  c.g.n.embedded.cassandra.Cassandra - Extract /root/.embedded-cassandra/cassandra/3.11.2/apache-cassandra-3.11.2-bin.tar.gz : finished
2018-07-24 15:45:45 [main] INFO  c.g.n.e.c.process.CassandraProcess - Starting Cassandra Process with a command line [/tmp/temp--85a5db40-0797-4365-9bf5-8d5bb96e418d/apache-cassandra-3.11.2/bin/cassandra, -f, -Dcassandra.jmx.local.port=42451]
2018-07-24 15:45:48 [Thread-1] INFO  c.g.n.embedded.cassandra.Cassandra - Running Cassandra as root user or group is not recommended - please start Cassandra using a different system user.
2018-07-24 15:45:48 [Thread-1] INFO  c.g.n.embedded.cassandra.Cassandra - If you really want to force running Cassandra as root, use -R command line option.
]]></system-out>
  </testcase>
  <testcase name="shouldNotStartCassandraIfCassandraHasBeenAlreadyStarted" classname="com.github.nosan.embedded.cassandra.CassandraTests" time="3.976">
    <failure message="&#10;Expected: (an instance of java.lang.IllegalStateException and exception with message a string containing &quot;Cassandra has already been initialized&quot;)&#10;     but: an instance of java.lang.IllegalStateException &lt;java.io.IOException: Could not start a process &apos;475&apos;. Timeout : 60000 ms.&#10;Failure:&lt;EOF&gt;&#10;Output:&#10;----- START ----- &#10;Running Cassandra as root user or group is not recommended - please start Cassandra using a different system user.&#10;If you really want to force running Cassandra as root, use -R command line option.&#10;----- END ----- &#10;Support Url:	https://github.com/nosan/embedded-cassandra&#10;&gt; is a java.io.IOException&#10;Stacktrace was: java.io.IOException: Could not start a process &apos;475&apos;. Timeout : 60000 ms.&#10;Failure:&lt;EOF&gt;&#10;Output:&#10;----- START ----- &#10;Running Cassandra as root user or group is not recommended - please start Cassandra using a different system user.&#10;If you really want to force running Cassandra as root, use -R command line option.&#10;----- END ----- &#10;Support Url:	https://github.com/nosan/embedded-cassandra&#10;&#10;	at com.github.nosan.embedded.cassandra.process.CassandraProcess.start(CassandraProcess.java:94)&#10;	at com.github.nosan.embedded.cassandra.process.CassandraExecutable.start(CassandraExecutable.java:51)&#10;	at com.github.nosan.embedded.cassandra.process.CassandraExecutable.start(CassandraExecutable.java:37)&#10;	at de.flapdoodle.embed.process.runtime.Executable.start(Executable.java:108)&#10;	at com.github.nosan.embedded.cassandra.Cassandra.start(Cassandra.java:188)&#10;	at com.github.nosan.embedded.cassandra.CassandraTests.run(CassandraTests.java:76)&#10;	at com.github.nosan.embedded.cassandra.CassandraTests.shouldNotStartCassandraIfCassandraHasBeenAlreadyStarted(CassandraTests.java:50)&#10;	at sun.reflect.NativeMethodAccessorImpl.invoke0(Native Method)&#10;	at sun.reflect.NativeMethodAccessorImpl.invoke(NativeMethodAccessorImpl.java:62)&#10;	at sun.reflect.DelegatingMethodAccessorImpl.invoke(DelegatingMethodAccessorImpl.java:43)&#10;	at java.lang.reflect.Method.invoke(Method.java:498)&#10;	at org.junit.runners.model.FrameworkMethod$1.runReflectiveCall(FrameworkMethod.java:50)&#10;	at org.junit.internal.runners.model.ReflectiveCallable.run(ReflectiveCallable.java:12)&#10;	at org.junit.runners.model.FrameworkMethod.invokeExplosively(FrameworkMethod.java:47)&#10;	at org.junit.internal.runners.statements.InvokeMethod.evaluate(InvokeMethod.java:17)&#10;	at org.junit.rules.ExpectedException$ExpectedExceptionStatement.evaluate(ExpectedException.java:239)&#10;	at org.junit.rules.RunRules.evaluate(RunRules.java:20)&#10;	at org.junit.runners.ParentRunner.runLeaf(ParentRunner.java:325)&#10;	at org.junit.runners.BlockJUnit4ClassRunner.runChild(BlockJUnit4ClassRunner.java:78)&#10;	at org.junit.runners.BlockJUnit4ClassRunner.runChild(BlockJUnit4ClassRunner.java:57)&#10;	at org.junit.runners.ParentRunner$3.run(ParentRunner.java:290)&#10;	at org.junit.runners.ParentRunner$1.schedule(ParentRunner.java:71)&#10;	at org.junit.runners.ParentRunner.runChildren(ParentRunner.java:288)&#10;	at org.junit.runners.ParentRunner.access$000(ParentRunner.java:58)&#10;	at org.junit.runners.ParentRunner$2.evaluate(ParentRunner.java:268)&#10;	at org.junit.runners.ParentRunner.run(ParentRunner.java:363)&#10;	at org.apache.maven.surefire.junit4.JUnit4Provider.execute(JUnit4Provider.java:365)&#10;	at org.apache.maven.surefire.junit4.JUnit4Provider.executeWithRerun(JUnit4Provider.java:272)&#10;	at org.apache.maven.surefire.junit4.JUnit4Provider.executeTestSet(JUnit4Provider.java:236)&#10;	at org.apache.maven.surefire.junit4.JUnit4Provider.invoke(JUnit4Provider.java:159)&#10;	at org.apache.maven.surefire.booter.ForkedBooter.invokeProviderInSameClassLoader(ForkedBooter.java:386)&#10;	at org.apache.maven.surefire.booter.ForkedBooter.runSuitesInProcess(ForkedBooter.java:323)&#10;	at org.apache.maven.surefire.booter.ForkedBooter.main(ForkedBooter.java:143)&#10;" type="java.lang.AssertionError"><![CDATA[java.lang.AssertionError: 

Expected: (an instance of java.lang.IllegalStateException and exception with message a string containing "Cassandra has already been initialized")
     but: an instance of java.lang.IllegalStateException <java.io.IOException: Could not start a process '475'. Timeout : 60000 ms.
Failure:<EOF>
Output:
----- START ----- 
Running Cassandra as root user or group is not recommended - please start Cassandra using a different system user.
If you really want to force running Cassandra as root, use -R command line option.
----- END ----- 
Support Url:	https://github.com/nosan/embedded-cassandra
> is a java.io.IOException
Stacktrace was: java.io.IOException: Could not start a process '475'. Timeout : 60000 ms.
Failure:<EOF>
Output:
----- START ----- 
Running Cassandra as root user or group is not recommended - please start Cassandra using a different system user.
If you really want to force running Cassandra as root, use -R command line option.
----- END ----- 
Support Url:	https://github.com/nosan/embedded-cassandra

	at com.github.nosan.embedded.cassandra.process.CassandraProcess.start(CassandraProcess.java:94)
	at com.github.nosan.embedded.cassandra.process.CassandraExecutable.start(CassandraExecutable.java:51)
	at com.github.nosan.embedded.cassandra.process.CassandraExecutable.start(CassandraExecutable.java:37)
	at de.flapdoodle.embed.process.runtime.Executable.start(Executable.java:108)
	at com.github.nosan.embedded.cassandra.Cassandra.start(Cassandra.java:188)
	at com.github.nosan.embedded.cassandra.CassandraTests.run(CassandraTests.java:76)
	at com.github.nosan.embedded.cassandra.CassandraTests.shouldNotStartCassandraIfCassandraHasBeenAlreadyStarted(CassandraTests.java:50)
	at sun.reflect.NativeMethodAccessorImpl.invoke0(Native Method)
	at sun.reflect.NativeMethodAccessorImpl.invoke(NativeMethodAccessorImpl.java:62)
	at sun.reflect.DelegatingMethodAccessorImpl.invoke(DelegatingMethodAccessorImpl.java:43)
	at java.lang.reflect.Method.invoke(Method.java:498)
	at org.junit.runners.model.FrameworkMethod$1.runReflectiveCall(FrameworkMethod.java:50)
	at org.junit.internal.runners.model.ReflectiveCallable.run(ReflectiveCallable.java:12)
	at org.junit.runners.model.FrameworkMethod.invokeExplosively(FrameworkMethod.java:47)
	at org.junit.internal.runners.statements.InvokeMethod.evaluate(InvokeMethod.java:17)
	at org.junit.rules.ExpectedException$ExpectedExceptionStatement.evaluate(ExpectedException.java:239)
	at org.junit.rules.RunRules.evaluate(RunRules.java:20)
	at org.junit.runners.ParentRunner.runLeaf(ParentRunner.java:325)
	at org.junit.runners.BlockJUnit4ClassRunner.runChild(BlockJUnit4ClassRunner.java:78)
	at org.junit.runners.BlockJUnit4ClassRunner.runChild(BlockJUnit4ClassRunner.java:57)
	at org.junit.runners.ParentRunner$3.run(ParentRunner.java:290)
	at org.junit.runners.ParentRunner$1.schedule(ParentRunner.java:71)
	at org.junit.runners.ParentRunner.runChildren(ParentRunner.java:288)
	at org.junit.runners.ParentRunner.access$000(ParentRunner.java:58)
	at org.junit.runners.ParentRunner$2.evaluate(ParentRunner.java:268)
	at org.junit.runners.ParentRunner.run(ParentRunner.java:363)
	at org.apache.maven.surefire.junit4.JUnit4Provider.execute(JUnit4Provider.java:365)
	at org.apache.maven.surefire.junit4.JUnit4Provider.executeWithRerun(JUnit4Provider.java:272)
	at org.apache.maven.surefire.junit4.JUnit4Provider.executeTestSet(JUnit4Provider.java:236)
	at org.apache.maven.surefire.junit4.JUnit4Provider.invoke(JUnit4Provider.java:159)
	at org.apache.maven.surefire.booter.ForkedBooter.invokeProviderInSameClassLoader(ForkedBooter.java:386)
	at org.apache.maven.surefire.booter.ForkedBooter.runSuitesInProcess(ForkedBooter.java:323)
	at org.apache.maven.surefire.booter.ForkedBooter.main(ForkedBooter.java:143)

	at org.hamcrest.MatcherAssert.assertThat(MatcherAssert.java:20)
	at org.junit.Assert.assertThat(Assert.java:956)
	at org.junit.Assert.assertThat(Assert.java:923)
	at org.junit.rules.ExpectedException.handleException(ExpectedException.java:252)
	at org.junit.rules.ExpectedException.access$000(ExpectedException.java:106)
	at org.junit.rules.ExpectedException$ExpectedExceptionStatement.evaluate(ExpectedException.java:241)
	at org.junit.rules.RunRules.evaluate(RunRules.java:20)
	at org.junit.runners.ParentRunner.runLeaf(ParentRunner.java:325)
	at org.junit.runners.BlockJUnit4ClassRunner.runChild(BlockJUnit4ClassRunner.java:78)
	at org.junit.runners.BlockJUnit4ClassRunner.runChild(BlockJUnit4ClassRunner.java:57)
	at org.junit.runners.ParentRunner$3.run(ParentRunner.java:290)
	at org.junit.runners.ParentRunner$1.schedule(ParentRunner.java:71)
	at org.junit.runners.ParentRunner.runChildren(ParentRunner.java:288)
	at org.junit.runners.ParentRunner.access$000(ParentRunner.java:58)
	at org.junit.runners.ParentRunner$2.evaluate(ParentRunner.java:268)
	at org.junit.runners.ParentRunner.run(ParentRunner.java:363)
	at org.apache.maven.surefire.junit4.JUnit4Provider.execute(JUnit4Provider.java:365)
	at org.apache.maven.surefire.junit4.JUnit4Provider.executeWithRerun(JUnit4Provider.java:272)
	at org.apache.maven.surefire.junit4.JUnit4Provider.executeTestSet(JUnit4Provider.java:236)
	at org.apache.maven.surefire.junit4.JUnit4Provider.invoke(JUnit4Provider.java:159)
	at org.apache.maven.surefire.booter.ForkedBooter.invokeProviderInSameClassLoader(ForkedBooter.java:386)
	at org.apache.maven.surefire.booter.ForkedBooter.runSuitesInProcess(ForkedBooter.java:323)
	at org.apache.maven.surefire.booter.ForkedBooter.main(ForkedBooter.java:143)
]]></failure>
    <system-out><![CDATA[2018-07-24 15:45:48 [main] INFO  c.g.n.embedded.cassandra.Cassandra - Extract /root/.embedded-cassandra/cassandra/3.11.2/apache-cassandra-3.11.2-bin.tar.gz : starting...
2018-07-24 15:45:48 [main] INFO  c.g.n.embedded.cassandra.Cassandra - Extract /root/.embedded-cassandra/cassandra/3.11.2/apache-cassandra-3.11.2-bin.tar.gz : extract apache-cassandra-3.11.2/conf/cassandra-env.ps1
2018-07-24 15:45:48 [main] INFO  c.g.n.embedded.cassandra.Cassandra - Extract /root/.embedded-cassandra/cassandra/3.11.2/apache-cassandra-3.11.2-bin.tar.gz : extract apache-cassandra-3.11.2/conf/cassandra-env.sh
2018-07-24 15:45:48 [main] INFO  c.g.n.embedded.cassandra.Cassandra - Extract /root/.embedded-cassandra/cassandra/3.11.2/apache-cassandra-3.11.2-bin.tar.gz : extract apache-cassandra-3.11.2/conf/cassandra-jaas.config
2018-07-24 15:45:48 [main] INFO  c.g.n.embedded.cassandra.Cassandra - Extract /root/.embedded-cassandra/cassandra/3.11.2/apache-cassandra-3.11.2-bin.tar.gz : extract apache-cassandra-3.11.2/conf/cassandra-rackdc.properties
2018-07-24 15:45:48 [main] INFO  c.g.n.embedded.cassandra.Cassandra - Extract /root/.embedded-cassandra/cassandra/3.11.2/apache-cassandra-3.11.2-bin.tar.gz : extract apache-cassandra-3.11.2/conf/cassandra-topology.properties
2018-07-24 15:45:48 [main] INFO  c.g.n.embedded.cassandra.Cassandra - Extract /root/.embedded-cassandra/cassandra/3.11.2/apache-cassandra-3.11.2-bin.tar.gz : extract apache-cassandra-3.11.2/conf/cassandra.yaml
2018-07-24 15:45:48 [main] INFO  c.g.n.embedded.cassandra.Cassandra - Extract /root/.embedded-cassandra/cassandra/3.11.2/apache-cassandra-3.11.2-bin.tar.gz : extract apache-cassandra-3.11.2/conf/commitlog_archiving.properties
2018-07-24 15:45:48 [main] INFO  c.g.n.embedded.cassandra.Cassandra - Extract /root/.embedded-cassandra/cassandra/3.11.2/apache-cassandra-3.11.2-bin.tar.gz : extract apache-cassandra-3.11.2/conf/cqlshrc.sample
2018-07-24 15:45:48 [main] INFO  c.g.n.embedded.cassandra.Cassandra - Extract /root/.embedded-cassandra/cassandra/3.11.2/apache-cassandra-3.11.2-bin.tar.gz : extract apache-cassandra-3.11.2/conf/hotspot_compiler
2018-07-24 15:45:48 [main] INFO  c.g.n.embedded.cassandra.Cassandra - Extract /root/.embedded-cassandra/cassandra/3.11.2/apache-cassandra-3.11.2-bin.tar.gz : extract apache-cassandra-3.11.2/conf/jvm.options
2018-07-24 15:45:48 [main] INFO  c.g.n.embedded.cassandra.Cassandra - Extract /root/.embedded-cassandra/cassandra/3.11.2/apache-cassandra-3.11.2-bin.tar.gz : extract apache-cassandra-3.11.2/conf/logback-tools.xml
2018-07-24 15:45:48 [main] INFO  c.g.n.embedded.cassandra.Cassandra - Extract /root/.embedded-cassandra/cassandra/3.11.2/apache-cassandra-3.11.2-bin.tar.gz : extract apache-cassandra-3.11.2/conf/logback.xml
2018-07-24 15:45:48 [main] INFO  c.g.n.embedded.cassandra.Cassandra - Extract /root/.embedded-cassandra/cassandra/3.11.2/apache-cassandra-3.11.2-bin.tar.gz : extract apache-cassandra-3.11.2/conf/metrics-reporter-config-sample.yaml
2018-07-24 15:45:48 [main] INFO  c.g.n.embedded.cassandra.Cassandra - Extract /root/.embedded-cassandra/cassandra/3.11.2/apache-cassandra-3.11.2-bin.tar.gz : extract apache-cassandra-3.11.2/conf/triggers/README.txt
2018-07-24 15:45:48 [main] INFO  c.g.n.embedded.cassandra.Cassandra - Extract /root/.embedded-cassandra/cassandra/3.11.2/apache-cassandra-3.11.2-bin.tar.gz : extract apache-cassandra-3.11.2/interface/cassandra.thrift
2018-07-24 15:45:51 [main] INFO  c.g.n.embedded.cassandra.Cassandra - Extract /root/.embedded-cassandra/cassandra/3.11.2/apache-cassandra-3.11.2-bin.tar.gz : extract apache-cassandra-3.11.2/lib/HdrHistogram-2.1.9.jar
2018-07-24 15:45:51 [main] INFO  c.g.n.embedded.cassandra.Cassandra - Extract /root/.embedded-cassandra/cassandra/3.11.2/apache-cassandra-3.11.2-bin.tar.gz : extract apache-cassandra-3.11.2/lib/ST4-4.0.8.jar
2018-07-24 15:45:51 [main] INFO  c.g.n.embedded.cassandra.Cassandra - Extract /root/.embedded-cassandra/cassandra/3.11.2/apache-cassandra-3.11.2-bin.tar.gz : extract apache-cassandra-3.11.2/lib/airline-0.6.jar
2018-07-24 15:45:51 [main] INFO  c.g.n.embedded.cassandra.Cassandra - Extract /root/.embedded-cassandra/cassandra/3.11.2/apache-cassandra-3.11.2-bin.tar.gz : extract apache-cassandra-3.11.2/lib/antlr-runtime-3.5.2.jar
2018-07-24 15:45:51 [main] INFO  c.g.n.embedded.cassandra.Cassandra - Extract /root/.embedded-cassandra/cassandra/3.11.2/apache-cassandra-3.11.2-bin.tar.gz : extract apache-cassandra-3.11.2/lib/apache-cassandra-3.11.2.jar
2018-07-24 15:45:52 [main] INFO  c.g.n.embedded.cassandra.Cassandra - Extract /root/.embedded-cassandra/cassandra/3.11.2/apache-cassandra-3.11.2-bin.tar.gz : extract apache-cassandra-3.11.2/lib/apache-cassandra-thrift-3.11.2.jar
2018-07-24 15:45:52 [main] INFO  c.g.n.embedded.cassandra.Cassandra - Extract /root/.embedded-cassandra/cassandra/3.11.2/apache-cassandra-3.11.2-bin.tar.gz : extract apache-cassandra-3.11.2/lib/asm-5.0.4.jar
2018-07-24 15:45:52 [main] INFO  c.g.n.embedded.cassandra.Cassandra - Extract /root/.embedded-cassandra/cassandra/3.11.2/apache-cassandra-3.11.2-bin.tar.gz : extract apache-cassandra-3.11.2/lib/caffeine-2.2.6.jar
2018-07-24 15:45:52 [main] INFO  c.g.n.embedded.cassandra.Cassandra - Extract /root/.embedded-cassandra/cassandra/3.11.2/apache-cassandra-3.11.2-bin.tar.gz : extract apache-cassandra-3.11.2/lib/cassandra-driver-core-3.0.1-shaded.jar
2018-07-24 15:45:52 [main] INFO  c.g.n.embedded.cassandra.Cassandra - Extract /root/.embedded-cassandra/cassandra/3.11.2/apache-cassandra-3.11.2-bin.tar.gz : extract apache-cassandra-3.11.2/lib/cassandra-driver-internal-only-3.10.zip
2018-07-24 15:45:52 [main] INFO  c.g.n.embedded.cassandra.Cassandra - Extract /root/.embedded-cassandra/cassandra/3.11.2/apache-cassandra-3.11.2-bin.tar.gz : extract apache-cassandra-3.11.2/lib/cassandra-driver-internal-only-3.11.0-bb96859b.zip
2018-07-24 15:45:52 [main] INFO  c.g.n.embedded.cassandra.Cassandra - Extract /root/.embedded-cassandra/cassandra/3.11.2/apache-cassandra-3.11.2-bin.tar.gz : extract apache-cassandra-3.11.2/lib/commons-cli-1.1.jar
2018-07-24 15:45:52 [main] INFO  c.g.n.embedded.cassandra.Cassandra - Extract /root/.embedded-cassandra/cassandra/3.11.2/apache-cassandra-3.11.2-bin.tar.gz : extract apache-cassandra-3.11.2/lib/commons-codec-1.9.jar
2018-07-24 15:45:52 [main] INFO  c.g.n.embedded.cassandra.Cassandra - Extract /root/.embedded-cassandra/cassandra/3.11.2/apache-cassandra-3.11.2-bin.tar.gz : extract apache-cassandra-3.11.2/lib/commons-lang3-3.1.jar
2018-07-24 15:45:52 [main] INFO  c.g.n.embedded.cassandra.Cassandra - Extract /root/.embedded-cassandra/cassandra/3.11.2/apache-cassandra-3.11.2-bin.tar.gz : extract apache-cassandra-3.11.2/lib/commons-math3-3.2.jar
2018-07-24 15:45:52 [main] INFO  c.g.n.embedded.cassandra.Cassandra - Extract /root/.embedded-cassandra/cassandra/3.11.2/apache-cassandra-3.11.2-bin.tar.gz : extract apache-cassandra-3.11.2/lib/compress-lzf-0.8.4.jar
2018-07-24 15:45:52 [main] INFO  c.g.n.embedded.cassandra.Cassandra - Extract /root/.embedded-cassandra/cassandra/3.11.2/apache-cassandra-3.11.2-bin.tar.gz : extract apache-cassandra-3.11.2/lib/concurrent-trees-2.4.0.jar
2018-07-24 15:45:52 [main] INFO  c.g.n.embedded.cassandra.Cassandra - Extract /root/.embedded-cassandra/cassandra/3.11.2/apache-cassandra-3.11.2-bin.tar.gz : extract apache-cassandra-3.11.2/lib/concurrentlinkedhashmap-lru-1.4.jar
2018-07-24 15:45:52 [main] INFO  c.g.n.embedded.cassandra.Cassandra - Extract /root/.embedded-cassandra/cassandra/3.11.2/apache-cassandra-3.11.2-bin.tar.gz : extract apache-cassandra-3.11.2/lib/disruptor-3.0.1.jar
2018-07-24 15:45:52 [main] INFO  c.g.n.embedded.cassandra.Cassandra - Extract /root/.embedded-cassandra/cassandra/3.11.2/apache-cassandra-3.11.2-bin.tar.gz : extract apache-cassandra-3.11.2/lib/ecj-4.4.2.jar
2018-07-24 15:45:52 [main] INFO  c.g.n.embedded.cassandra.Cassandra - Extract /root/.embedded-cassandra/cassandra/3.11.2/apache-cassandra-3.11.2-bin.tar.gz : extract apache-cassandra-3.11.2/lib/futures-2.1.6-py2.py3-none-any.zip
2018-07-24 15:45:52 [main] INFO  c.g.n.embedded.cassandra.Cassandra - Extract /root/.embedded-cassandra/cassandra/3.11.2/apache-cassandra-3.11.2-bin.tar.gz : extract apache-cassandra-3.11.2/lib/guava-18.0.jar
2018-07-24 15:45:52 [main] INFO  c.g.n.embedded.cassandra.Cassandra - Extract /root/.embedded-cassandra/cassandra/3.11.2/apache-cassandra-3.11.2-bin.tar.gz : extract apache-cassandra-3.11.2/lib/high-scale-lib-1.0.6.jar
2018-07-24 15:45:52 [main] INFO  c.g.n.embedded.cassandra.Cassandra - Extract /root/.embedded-cassandra/cassandra/3.11.2/apache-cassandra-3.11.2-bin.tar.gz : extract apache-cassandra-3.11.2/lib/hppc-0.5.4.jar
2018-07-24 15:45:52 [main] INFO  c.g.n.embedded.cassandra.Cassandra - Extract /root/.embedded-cassandra/cassandra/3.11.2/apache-cassandra-3.11.2-bin.tar.gz : extract apache-cassandra-3.11.2/lib/jackson-core-asl-1.9.13.jar
2018-07-24 15:45:52 [main] INFO  c.g.n.embedded.cassandra.Cassandra - Extract /root/.embedded-cassandra/cassandra/3.11.2/apache-cassandra-3.11.2-bin.tar.gz : extract apache-cassandra-3.11.2/lib/jackson-mapper-asl-1.9.13.jar
2018-07-24 15:45:52 [main] INFO  c.g.n.embedded.cassandra.Cassandra - Extract /root/.embedded-cassandra/cassandra/3.11.2/apache-cassandra-3.11.2-bin.tar.gz : extract apache-cassandra-3.11.2/lib/jamm-0.3.0.jar
2018-07-24 15:45:52 [main] INFO  c.g.n.embedded.cassandra.Cassandra - Extract /root/.embedded-cassandra/cassandra/3.11.2/apache-cassandra-3.11.2-bin.tar.gz : extract apache-cassandra-3.11.2/lib/javax.inject.jar
2018-07-24 15:45:52 [main] INFO  c.g.n.embedded.cassandra.Cassandra - Extract /root/.embedded-cassandra/cassandra/3.11.2/apache-cassandra-3.11.2-bin.tar.gz : extract apache-cassandra-3.11.2/lib/jbcrypt-0.3m.jar
2018-07-24 15:45:52 [main] INFO  c.g.n.embedded.cassandra.Cassandra - Extract /root/.embedded-cassandra/cassandra/3.11.2/apache-cassandra-3.11.2-bin.tar.gz : extract apache-cassandra-3.11.2/lib/jcl-over-slf4j-1.7.7.jar
2018-07-24 15:45:52 [main] INFO  c.g.n.embedded.cassandra.Cassandra - Extract /root/.embedded-cassandra/cassandra/3.11.2/apache-cassandra-3.11.2-bin.tar.gz : extract apache-cassandra-3.11.2/lib/jctools-core-1.2.1.jar
2018-07-24 15:45:52 [main] INFO  c.g.n.embedded.cassandra.Cassandra - Extract /root/.embedded-cassandra/cassandra/3.11.2/apache-cassandra-3.11.2-bin.tar.gz : extract apache-cassandra-3.11.2/lib/jflex-1.6.0.jar
2018-07-24 15:45:52 [main] INFO  c.g.n.embedded.cassandra.Cassandra - Extract /root/.embedded-cassandra/cassandra/3.11.2/apache-cassandra-3.11.2-bin.tar.gz : extract apache-cassandra-3.11.2/lib/jna-4.2.2.jar
2018-07-24 15:45:52 [main] INFO  c.g.n.embedded.cassandra.Cassandra - Extract /root/.embedded-cassandra/cassandra/3.11.2/apache-cassandra-3.11.2-bin.tar.gz : extract apache-cassandra-3.11.2/lib/joda-time-2.4.jar
2018-07-24 15:45:52 [main] INFO  c.g.n.embedded.cassandra.Cassandra - Extract /root/.embedded-cassandra/cassandra/3.11.2/apache-cassandra-3.11.2-bin.tar.gz : extract apache-cassandra-3.11.2/lib/json-simple-1.1.jar
2018-07-24 15:45:52 [main] INFO  c.g.n.embedded.cassandra.Cassandra - Extract /root/.embedded-cassandra/cassandra/3.11.2/apache-cassandra-3.11.2-bin.tar.gz : extract apache-cassandra-3.11.2/lib/jstackjunit-0.0.1.jar
2018-07-24 15:45:52 [main] INFO  c.g.n.embedded.cassandra.Cassandra - Extract /root/.embedded-cassandra/cassandra/3.11.2/apache-cassandra-3.11.2-bin.tar.gz : extract apache-cassandra-3.11.2/lib/libthrift-0.9.2.jar
2018-07-24 15:45:52 [main] INFO  c.g.n.embedded.cassandra.Cassandra - Extract /root/.embedded-cassandra/cassandra/3.11.2/apache-cassandra-3.11.2-bin.tar.gz : extract apache-cassandra-3.11.2/lib/log4j-over-slf4j-1.7.7.jar
2018-07-24 15:45:52 [main] INFO  c.g.n.embedded.cassandra.Cassandra - Extract /root/.embedded-cassandra/cassandra/3.11.2/apache-cassandra-3.11.2-bin.tar.gz : extract apache-cassandra-3.11.2/lib/logback-classic-1.1.3.jar
2018-07-24 15:45:52 [main] INFO  c.g.n.embedded.cassandra.Cassandra - Extract /root/.embedded-cassandra/cassandra/3.11.2/apache-cassandra-3.11.2-bin.tar.gz : extract apache-cassandra-3.11.2/lib/logback-core-1.1.3.jar
2018-07-24 15:45:52 [main] INFO  c.g.n.embedded.cassandra.Cassandra - Extract /root/.embedded-cassandra/cassandra/3.11.2/apache-cassandra-3.11.2-bin.tar.gz : extract apache-cassandra-3.11.2/lib/lz4-1.3.0.jar
2018-07-24 15:45:52 [main] INFO  c.g.n.embedded.cassandra.Cassandra - Extract /root/.embedded-cassandra/cassandra/3.11.2/apache-cassandra-3.11.2-bin.tar.gz : extract apache-cassandra-3.11.2/lib/metrics-core-3.1.0.jar
2018-07-24 15:45:52 [main] INFO  c.g.n.embedded.cassandra.Cassandra - Extract /root/.embedded-cassandra/cassandra/3.11.2/apache-cassandra-3.11.2-bin.tar.gz : extract apache-cassandra-3.11.2/lib/metrics-jvm-3.1.0.jar
2018-07-24 15:45:52 [main] INFO  c.g.n.embedded.cassandra.Cassandra - Extract /root/.embedded-cassandra/cassandra/3.11.2/apache-cassandra-3.11.2-bin.tar.gz : extract apache-cassandra-3.11.2/lib/metrics-logback-3.1.0.jar
2018-07-24 15:45:52 [main] INFO  c.g.n.embedded.cassandra.Cassandra - Extract /root/.embedded-cassandra/cassandra/3.11.2/apache-cassandra-3.11.2-bin.tar.gz : extract apache-cassandra-3.11.2/lib/netty-all-4.0.44.Final.jar
2018-07-24 15:45:52 [main] INFO  c.g.n.embedded.cassandra.Cassandra - Extract /root/.embedded-cassandra/cassandra/3.11.2/apache-cassandra-3.11.2-bin.tar.gz : extract apache-cassandra-3.11.2/lib/ohc-core-0.4.4.jar
2018-07-24 15:45:52 [main] INFO  c.g.n.embedded.cassandra.Cassandra - Extract /root/.embedded-cassandra/cassandra/3.11.2/apache-cassandra-3.11.2-bin.tar.gz : extract apache-cassandra-3.11.2/lib/ohc-core-j8-0.4.4.jar
2018-07-24 15:45:52 [main] INFO  c.g.n.embedded.cassandra.Cassandra - Extract /root/.embedded-cassandra/cassandra/3.11.2/apache-cassandra-3.11.2-bin.tar.gz : extract apache-cassandra-3.11.2/lib/reporter-config-base-3.0.3.jar
2018-07-24 15:45:52 [main] INFO  c.g.n.embedded.cassandra.Cassandra - Extract /root/.embedded-cassandra/cassandra/3.11.2/apache-cassandra-3.11.2-bin.tar.gz : extract apache-cassandra-3.11.2/lib/reporter-config3-3.0.3.jar
2018-07-24 15:45:52 [main] INFO  c.g.n.embedded.cassandra.Cassandra - Extract /root/.embedded-cassandra/cassandra/3.11.2/apache-cassandra-3.11.2-bin.tar.gz : extract apache-cassandra-3.11.2/lib/sigar-1.6.4.jar
2018-07-24 15:45:52 [main] INFO  c.g.n.embedded.cassandra.Cassandra - Extract /root/.embedded-cassandra/cassandra/3.11.2/apache-cassandra-3.11.2-bin.tar.gz : extract apache-cassandra-3.11.2/lib/sigar-bin/libsigar-amd64-freebsd-6.so
2018-07-24 15:45:52 [main] INFO  c.g.n.embedded.cassandra.Cassandra - Extract /root/.embedded-cassandra/cassandra/3.11.2/apache-cassandra-3.11.2-bin.tar.gz : extract apache-cassandra-3.11.2/lib/sigar-bin/libsigar-amd64-linux.so
2018-07-24 15:45:52 [main] INFO  c.g.n.embedded.cassandra.Cassandra - Extract /root/.embedded-cassandra/cassandra/3.11.2/apache-cassandra-3.11.2-bin.tar.gz : extract apache-cassandra-3.11.2/lib/sigar-bin/libsigar-amd64-solaris.so
2018-07-24 15:45:52 [main] INFO  c.g.n.embedded.cassandra.Cassandra - Extract /root/.embedded-cassandra/cassandra/3.11.2/apache-cassandra-3.11.2-bin.tar.gz : extract apache-cassandra-3.11.2/lib/sigar-bin/libsigar-ia64-hpux-11.sl
2018-07-24 15:45:52 [main] INFO  c.g.n.embedded.cassandra.Cassandra - Extract /root/.embedded-cassandra/cassandra/3.11.2/apache-cassandra-3.11.2-bin.tar.gz : extract apache-cassandra-3.11.2/lib/sigar-bin/libsigar-ia64-linux.so
2018-07-24 15:45:52 [main] INFO  c.g.n.embedded.cassandra.Cassandra - Extract /root/.embedded-cassandra/cassandra/3.11.2/apache-cassandra-3.11.2-bin.tar.gz : extract apache-cassandra-3.11.2/lib/sigar-bin/libsigar-pa-hpux-11.sl
2018-07-24 15:45:52 [main] INFO  c.g.n.embedded.cassandra.Cassandra - Extract /root/.embedded-cassandra/cassandra/3.11.2/apache-cassandra-3.11.2-bin.tar.gz : extract apache-cassandra-3.11.2/lib/sigar-bin/libsigar-ppc-aix-5.so
2018-07-24 15:45:52 [main] INFO  c.g.n.embedded.cassandra.Cassandra - Extract /root/.embedded-cassandra/cassandra/3.11.2/apache-cassandra-3.11.2-bin.tar.gz : extract apache-cassandra-3.11.2/lib/sigar-bin/libsigar-ppc-linux.so
2018-07-24 15:45:52 [main] INFO  c.g.n.embedded.cassandra.Cassandra - Extract /root/.embedded-cassandra/cassandra/3.11.2/apache-cassandra-3.11.2-bin.tar.gz : extract apache-cassandra-3.11.2/lib/sigar-bin/libsigar-ppc64-aix-5.so
2018-07-24 15:45:52 [main] INFO  c.g.n.embedded.cassandra.Cassandra - Extract /root/.embedded-cassandra/cassandra/3.11.2/apache-cassandra-3.11.2-bin.tar.gz : extract apache-cassandra-3.11.2/lib/sigar-bin/libsigar-ppc64-linux.so
2018-07-24 15:45:52 [main] INFO  c.g.n.embedded.cassandra.Cassandra - Extract /root/.embedded-cassandra/cassandra/3.11.2/apache-cassandra-3.11.2-bin.tar.gz : extract apache-cassandra-3.11.2/lib/sigar-bin/libsigar-s390x-linux.so
2018-07-24 15:45:52 [main] INFO  c.g.n.embedded.cassandra.Cassandra - Extract /root/.embedded-cassandra/cassandra/3.11.2/apache-cassandra-3.11.2-bin.tar.gz : extract apache-cassandra-3.11.2/lib/sigar-bin/libsigar-sparc-solaris.so
2018-07-24 15:45:52 [main] INFO  c.g.n.embedded.cassandra.Cassandra - Extract /root/.embedded-cassandra/cassandra/3.11.2/apache-cassandra-3.11.2-bin.tar.gz : extract apache-cassandra-3.11.2/lib/sigar-bin/libsigar-sparc64-solaris.so
2018-07-24 15:45:52 [main] INFO  c.g.n.embedded.cassandra.Cassandra - Extract /root/.embedded-cassandra/cassandra/3.11.2/apache-cassandra-3.11.2-bin.tar.gz : extract apache-cassandra-3.11.2/lib/sigar-bin/libsigar-universal-macosx.dylib
2018-07-24 15:45:52 [main] INFO  c.g.n.embedded.cassandra.Cassandra - Extract /root/.embedded-cassandra/cassandra/3.11.2/apache-cassandra-3.11.2-bin.tar.gz : extract apache-cassandra-3.11.2/lib/sigar-bin/libsigar-universal64-macosx.dylib
2018-07-24 15:45:52 [main] INFO  c.g.n.embedded.cassandra.Cassandra - Extract /root/.embedded-cassandra/cassandra/3.11.2/apache-cassandra-3.11.2-bin.tar.gz : extract apache-cassandra-3.11.2/lib/sigar-bin/libsigar-x86-freebsd-5.so
2018-07-24 15:45:52 [main] INFO  c.g.n.embedded.cassandra.Cassandra - Extract /root/.embedded-cassandra/cassandra/3.11.2/apache-cassandra-3.11.2-bin.tar.gz : extract apache-cassandra-3.11.2/lib/sigar-bin/libsigar-x86-freebsd-6.so
2018-07-24 15:45:52 [main] INFO  c.g.n.embedded.cassandra.Cassandra - Extract /root/.embedded-cassandra/cassandra/3.11.2/apache-cassandra-3.11.2-bin.tar.gz : extract apache-cassandra-3.11.2/lib/sigar-bin/libsigar-x86-linux.so
2018-07-24 15:45:52 [main] INFO  c.g.n.embedded.cassandra.Cassandra - Extract /root/.embedded-cassandra/cassandra/3.11.2/apache-cassandra-3.11.2-bin.tar.gz : extract apache-cassandra-3.11.2/lib/sigar-bin/libsigar-x86-solaris.so
2018-07-24 15:45:52 [main] INFO  c.g.n.embedded.cassandra.Cassandra - Extract /root/.embedded-cassandra/cassandra/3.11.2/apache-cassandra-3.11.2-bin.tar.gz : extract apache-cassandra-3.11.2/lib/sigar-bin/sigar-amd64-winnt.dll
2018-07-24 15:45:52 [main] INFO  c.g.n.embedded.cassandra.Cassandra - Extract /root/.embedded-cassandra/cassandra/3.11.2/apache-cassandra-3.11.2-bin.tar.gz : extract apache-cassandra-3.11.2/lib/sigar-bin/sigar-x86-winnt.dll
2018-07-24 15:45:52 [main] INFO  c.g.n.embedded.cassandra.Cassandra - Extract /root/.embedded-cassandra/cassandra/3.11.2/apache-cassandra-3.11.2-bin.tar.gz : extract apache-cassandra-3.11.2/lib/sigar-bin/sigar-x86-winnt.lib
2018-07-24 15:45:52 [main] INFO  c.g.n.embedded.cassandra.Cassandra - Extract /root/.embedded-cassandra/cassandra/3.11.2/apache-cassandra-3.11.2-bin.tar.gz : extract apache-cassandra-3.11.2/lib/six-1.7.3-py2.py3-none-any.zip
2018-07-24 15:45:52 [main] INFO  c.g.n.embedded.cassandra.Cassandra - Extract /root/.embedded-cassandra/cassandra/3.11.2/apache-cassandra-3.11.2-bin.tar.gz : extract apache-cassandra-3.11.2/lib/slf4j-api-1.7.7.jar
2018-07-24 15:45:52 [main] INFO  c.g.n.embedded.cassandra.Cassandra - Extract /root/.embedded-cassandra/cassandra/3.11.2/apache-cassandra-3.11.2-bin.tar.gz : extract apache-cassandra-3.11.2/lib/snakeyaml-1.11.jar
2018-07-24 15:45:52 [main] INFO  c.g.n.embedded.cassandra.Cassandra - Extract /root/.embedded-cassandra/cassandra/3.11.2/apache-cassandra-3.11.2-bin.tar.gz : extract apache-cassandra-3.11.2/lib/snappy-java-1.1.1.7.jar
2018-07-24 15:45:52 [main] INFO  c.g.n.embedded.cassandra.Cassandra - Extract /root/.embedded-cassandra/cassandra/3.11.2/apache-cassandra-3.11.2-bin.tar.gz : extract apache-cassandra-3.11.2/lib/snowball-stemmer-1.3.0.581.1.jar
2018-07-24 15:45:52 [main] INFO  c.g.n.embedded.cassandra.Cassandra - Extract /root/.embedded-cassandra/cassandra/3.11.2/apache-cassandra-3.11.2-bin.tar.gz : extract apache-cassandra-3.11.2/lib/stream-2.5.2.jar
2018-07-24 15:45:52 [main] INFO  c.g.n.embedded.cassandra.Cassandra - Extract /root/.embedded-cassandra/cassandra/3.11.2/apache-cassandra-3.11.2-bin.tar.gz : extract apache-cassandra-3.11.2/lib/thrift-server-0.3.7.jar
2018-07-24 15:45:52 [main] INFO  c.g.n.embedded.cassandra.Cassandra - Extract /root/.embedded-cassandra/cassandra/3.11.2/apache-cassandra-3.11.2-bin.tar.gz : extract apache-cassandra-3.11.2/pylib/cqlshlib/__init__.py
2018-07-24 15:45:52 [main] INFO  c.g.n.embedded.cassandra.Cassandra - Extract /root/.embedded-cassandra/cassandra/3.11.2/apache-cassandra-3.11.2-bin.tar.gz : extract apache-cassandra-3.11.2/pylib/cqlshlib/copyutil.py
2018-07-24 15:45:52 [main] INFO  c.g.n.embedded.cassandra.Cassandra - Extract /root/.embedded-cassandra/cassandra/3.11.2/apache-cassandra-3.11.2-bin.tar.gz : extract apache-cassandra-3.11.2/pylib/cqlshlib/cql3handling.py
2018-07-24 15:45:52 [main] INFO  c.g.n.embedded.cassandra.Cassandra - Extract /root/.embedded-cassandra/cassandra/3.11.2/apache-cassandra-3.11.2-bin.tar.gz : extract apache-cassandra-3.11.2/pylib/cqlshlib/cqlhandling.py
2018-07-24 15:45:52 [main] INFO  c.g.n.embedded.cassandra.Cassandra - Extract /root/.embedded-cassandra/cassandra/3.11.2/apache-cassandra-3.11.2-bin.tar.gz : extract apache-cassandra-3.11.2/pylib/cqlshlib/cqlshhandling.py
2018-07-24 15:45:52 [main] INFO  c.g.n.embedded.cassandra.Cassandra - Extract /root/.embedded-cassandra/cassandra/3.11.2/apache-cassandra-3.11.2-bin.tar.gz : extract apache-cassandra-3.11.2/pylib/cqlshlib/displaying.py
2018-07-24 15:45:52 [main] INFO  c.g.n.embedded.cassandra.Cassandra - Extract /root/.embedded-cassandra/cassandra/3.11.2/apache-cassandra-3.11.2-bin.tar.gz : extract apache-cassandra-3.11.2/pylib/cqlshlib/formatting.py
2018-07-24 15:45:52 [main] INFO  c.g.n.embedded.cassandra.Cassandra - Extract /root/.embedded-cassandra/cassandra/3.11.2/apache-cassandra-3.11.2-bin.tar.gz : extract apache-cassandra-3.11.2/pylib/cqlshlib/helptopics.py
2018-07-24 15:45:52 [main] INFO  c.g.n.embedded.cassandra.Cassandra - Extract /root/.embedded-cassandra/cassandra/3.11.2/apache-cassandra-3.11.2-bin.tar.gz : extract apache-cassandra-3.11.2/pylib/cqlshlib/pylexotron.py
2018-07-24 15:45:52 [main] INFO  c.g.n.embedded.cassandra.Cassandra - Extract /root/.embedded-cassandra/cassandra/3.11.2/apache-cassandra-3.11.2-bin.tar.gz : extract apache-cassandra-3.11.2/pylib/cqlshlib/saferscanner.py
2018-07-24 15:45:52 [main] INFO  c.g.n.embedded.cassandra.Cassandra - Extract /root/.embedded-cassandra/cassandra/3.11.2/apache-cassandra-3.11.2-bin.tar.gz : extract apache-cassandra-3.11.2/pylib/cqlshlib/sslhandling.py
2018-07-24 15:45:52 [main] INFO  c.g.n.embedded.cassandra.Cassandra - Extract /root/.embedded-cassandra/cassandra/3.11.2/apache-cassandra-3.11.2-bin.tar.gz : extract apache-cassandra-3.11.2/pylib/cqlshlib/test/__init__.py
2018-07-24 15:45:52 [main] INFO  c.g.n.embedded.cassandra.Cassandra - Extract /root/.embedded-cassandra/cassandra/3.11.2/apache-cassandra-3.11.2-bin.tar.gz : extract apache-cassandra-3.11.2/pylib/cqlshlib/test/ansi_colors.py
2018-07-24 15:45:52 [main] INFO  c.g.n.embedded.cassandra.Cassandra - Extract /root/.embedded-cassandra/cassandra/3.11.2/apache-cassandra-3.11.2-bin.tar.gz : extract apache-cassandra-3.11.2/pylib/cqlshlib/test/basecase.py
2018-07-24 15:45:52 [main] INFO  c.g.n.embedded.cassandra.Cassandra - Extract /root/.embedded-cassandra/cassandra/3.11.2/apache-cassandra-3.11.2-bin.tar.gz : extract apache-cassandra-3.11.2/pylib/cqlshlib/test/cassconnect.py
2018-07-24 15:45:52 [main] INFO  c.g.n.embedded.cassandra.Cassandra - Extract /root/.embedded-cassandra/cassandra/3.11.2/apache-cassandra-3.11.2-bin.tar.gz : extract apache-cassandra-3.11.2/pylib/cqlshlib/test/run_cqlsh.py
2018-07-24 15:45:52 [main] INFO  c.g.n.embedded.cassandra.Cassandra - Extract /root/.embedded-cassandra/cassandra/3.11.2/apache-cassandra-3.11.2-bin.tar.gz : extract apache-cassandra-3.11.2/pylib/cqlshlib/test/test_cql_parsing.py
2018-07-24 15:45:52 [main] INFO  c.g.n.embedded.cassandra.Cassandra - Extract /root/.embedded-cassandra/cassandra/3.11.2/apache-cassandra-3.11.2-bin.tar.gz : extract apache-cassandra-3.11.2/pylib/cqlshlib/test/test_cqlsh_commands.py
2018-07-24 15:45:52 [main] INFO  c.g.n.embedded.cassandra.Cassandra - Extract /root/.embedded-cassandra/cassandra/3.11.2/apache-cassandra-3.11.2-bin.tar.gz : extract apache-cassandra-3.11.2/pylib/cqlshlib/test/test_cqlsh_completion.py
2018-07-24 15:45:52 [main] INFO  c.g.n.embedded.cassandra.Cassandra - Extract /root/.embedded-cassandra/cassandra/3.11.2/apache-cassandra-3.11.2-bin.tar.gz : extract apache-cassandra-3.11.2/pylib/cqlshlib/test/test_cqlsh_invocation.py
2018-07-24 15:45:52 [main] INFO  c.g.n.embedded.cassandra.Cassandra - Extract /root/.embedded-cassandra/cassandra/3.11.2/apache-cassandra-3.11.2-bin.tar.gz : extract apache-cassandra-3.11.2/pylib/cqlshlib/test/test_cqlsh_output.py
2018-07-24 15:45:52 [main] INFO  c.g.n.embedded.cassandra.Cassandra - Extract /root/.embedded-cassandra/cassandra/3.11.2/apache-cassandra-3.11.2-bin.tar.gz : extract apache-cassandra-3.11.2/pylib/cqlshlib/test/test_cqlsh_parsing.py
2018-07-24 15:45:52 [main] INFO  c.g.n.embedded.cassandra.Cassandra - Extract /root/.embedded-cassandra/cassandra/3.11.2/apache-cassandra-3.11.2-bin.tar.gz : extract apache-cassandra-3.11.2/pylib/cqlshlib/test/test_keyspace_init.cql
2018-07-24 15:45:52 [main] INFO  c.g.n.embedded.cassandra.Cassandra - Extract /root/.embedded-cassandra/cassandra/3.11.2/apache-cassandra-3.11.2-bin.tar.gz : extract apache-cassandra-3.11.2/pylib/cqlshlib/test/winpty.py
2018-07-24 15:45:52 [main] INFO  c.g.n.embedded.cassandra.Cassandra - Extract /root/.embedded-cassandra/cassandra/3.11.2/apache-cassandra-3.11.2-bin.tar.gz : extract apache-cassandra-3.11.2/pylib/cqlshlib/tracing.py
2018-07-24 15:45:52 [main] INFO  c.g.n.embedded.cassandra.Cassandra - Extract /root/.embedded-cassandra/cassandra/3.11.2/apache-cassandra-3.11.2-bin.tar.gz : extract apache-cassandra-3.11.2/pylib/cqlshlib/util.py
2018-07-24 15:45:52 [main] INFO  c.g.n.embedded.cassandra.Cassandra - Extract /root/.embedded-cassandra/cassandra/3.11.2/apache-cassandra-3.11.2-bin.tar.gz : extract apache-cassandra-3.11.2/pylib/cqlshlib/wcwidth.py
2018-07-24 15:45:52 [main] INFO  c.g.n.embedded.cassandra.Cassandra - Extract /root/.embedded-cassandra/cassandra/3.11.2/apache-cassandra-3.11.2-bin.tar.gz : extract apache-cassandra-3.11.2/pylib/setup.py
2018-07-24 15:45:52 [main] INFO  c.g.n.embedded.cassandra.Cassandra - Extract /root/.embedded-cassandra/cassandra/3.11.2/apache-cassandra-3.11.2-bin.tar.gz : extract apache-cassandra-3.11.2/tools/bin/cassandra-stress
2018-07-24 15:45:52 [main] INFO  c.g.n.embedded.cassandra.Cassandra - Extract /root/.embedded-cassandra/cassandra/3.11.2/apache-cassandra-3.11.2-bin.tar.gz : extract apache-cassandra-3.11.2/tools/bin/cassandra-stress.bat
2018-07-24 15:45:52 [main] INFO  c.g.n.embedded.cassandra.Cassandra - Extract /root/.embedded-cassandra/cassandra/3.11.2/apache-cassandra-3.11.2-bin.tar.gz : extract apache-cassandra-3.11.2/tools/bin/cassandra-stressd
2018-07-24 15:45:52 [main] INFO  c.g.n.embedded.cassandra.Cassandra - Extract /root/.embedded-cassandra/cassandra/3.11.2/apache-cassandra-3.11.2-bin.tar.gz : extract apache-cassandra-3.11.2/tools/bin/cassandra.in.bat
2018-07-24 15:45:52 [main] INFO  c.g.n.embedded.cassandra.Cassandra - Extract /root/.embedded-cassandra/cassandra/3.11.2/apache-cassandra-3.11.2-bin.tar.gz : extract apache-cassandra-3.11.2/tools/bin/cassandra.in.sh
2018-07-24 15:45:52 [main] INFO  c.g.n.embedded.cassandra.Cassandra - Extract /root/.embedded-cassandra/cassandra/3.11.2/apache-cassandra-3.11.2-bin.tar.gz : extract apache-cassandra-3.11.2/tools/bin/compaction-stress
2018-07-24 15:45:52 [main] INFO  c.g.n.embedded.cassandra.Cassandra - Extract /root/.embedded-cassandra/cassandra/3.11.2/apache-cassandra-3.11.2-bin.tar.gz : extract apache-cassandra-3.11.2/tools/bin/sstabledump
2018-07-24 15:45:52 [main] INFO  c.g.n.embedded.cassandra.Cassandra - Extract /root/.embedded-cassandra/cassandra/3.11.2/apache-cassandra-3.11.2-bin.tar.gz : extract apache-cassandra-3.11.2/tools/bin/sstabledump.bat
2018-07-24 15:45:52 [main] INFO  c.g.n.embedded.cassandra.Cassandra - Extract /root/.embedded-cassandra/cassandra/3.11.2/apache-cassandra-3.11.2-bin.tar.gz : extract apache-cassandra-3.11.2/tools/bin/sstableexpiredblockers
2018-07-24 15:45:52 [main] INFO  c.g.n.embedded.cassandra.Cassandra - Extract /root/.embedded-cassandra/cassandra/3.11.2/apache-cassandra-3.11.2-bin.tar.gz : extract apache-cassandra-3.11.2/tools/bin/sstableexpiredblockers.bat
2018-07-24 15:45:52 [main] INFO  c.g.n.embedded.cassandra.Cassandra - Extract /root/.embedded-cassandra/cassandra/3.11.2/apache-cassandra-3.11.2-bin.tar.gz : extract apache-cassandra-3.11.2/tools/bin/sstablelevelreset
2018-07-24 15:45:52 [main] INFO  c.g.n.embedded.cassandra.Cassandra - Extract /root/.embedded-cassandra/cassandra/3.11.2/apache-cassandra-3.11.2-bin.tar.gz : extract apache-cassandra-3.11.2/tools/bin/sstablelevelreset.bat
2018-07-24 15:45:52 [main] INFO  c.g.n.embedded.cassandra.Cassandra - Extract /root/.embedded-cassandra/cassandra/3.11.2/apache-cassandra-3.11.2-bin.tar.gz : extract apache-cassandra-3.11.2/tools/bin/sstablemetadata
2018-07-24 15:45:52 [main] INFO  c.g.n.embedded.cassandra.Cassandra - Extract /root/.embedded-cassandra/cassandra/3.11.2/apache-cassandra-3.11.2-bin.tar.gz : extract apache-cassandra-3.11.2/tools/bin/sstablemetadata.bat
2018-07-24 15:45:52 [main] INFO  c.g.n.embedded.cassandra.Cassandra - Extract /root/.embedded-cassandra/cassandra/3.11.2/apache-cassandra-3.11.2-bin.tar.gz : extract apache-cassandra-3.11.2/tools/bin/sstableofflinerelevel
2018-07-24 15:45:52 [main] INFO  c.g.n.embedded.cassandra.Cassandra - Extract /root/.embedded-cassandra/cassandra/3.11.2/apache-cassandra-3.11.2-bin.tar.gz : extract apache-cassandra-3.11.2/tools/bin/sstableofflinerelevel.bat
2018-07-24 15:45:52 [main] INFO  c.g.n.embedded.cassandra.Cassandra - Extract /root/.embedded-cassandra/cassandra/3.11.2/apache-cassandra-3.11.2-bin.tar.gz : extract apache-cassandra-3.11.2/tools/bin/sstablerepairedset
2018-07-24 15:45:52 [main] INFO  c.g.n.embedded.cassandra.Cassandra - Extract /root/.embedded-cassandra/cassandra/3.11.2/apache-cassandra-3.11.2-bin.tar.gz : extract apache-cassandra-3.11.2/tools/bin/sstablerepairedset.bat
2018-07-24 15:45:52 [main] INFO  c.g.n.embedded.cassandra.Cassandra - Extract /root/.embedded-cassandra/cassandra/3.11.2/apache-cassandra-3.11.2-bin.tar.gz : extract apache-cassandra-3.11.2/tools/bin/sstablesplit
2018-07-24 15:45:52 [main] INFO  c.g.n.embedded.cassandra.Cassandra - Extract /root/.embedded-cassandra/cassandra/3.11.2/apache-cassandra-3.11.2-bin.tar.gz : extract apache-cassandra-3.11.2/tools/bin/sstablesplit.bat
2018-07-24 15:45:52 [main] INFO  c.g.n.embedded.cassandra.Cassandra - Extract /root/.embedded-cassandra/cassandra/3.11.2/apache-cassandra-3.11.2-bin.tar.gz : extract apache-cassandra-3.11.2/tools/cqlstress-counter-example.yaml
2018-07-24 15:45:52 [main] INFO  c.g.n.embedded.cassandra.Cassandra - Extract /root/.embedded-cassandra/cassandra/3.11.2/apache-cassandra-3.11.2-bin.tar.gz : extract apache-cassandra-3.11.2/tools/cqlstress-example.yaml
2018-07-24 15:45:52 [main] INFO  c.g.n.embedded.cassandra.Cassandra - Extract /root/.embedded-cassandra/cassandra/3.11.2/apache-cassandra-3.11.2-bin.tar.gz : extract apache-cassandra-3.11.2/tools/cqlstress-insanity-example.yaml
2018-07-24 15:45:52 [main] INFO  c.g.n.embedded.cassandra.Cassandra - Extract /root/.embedded-cassandra/cassandra/3.11.2/apache-cassandra-3.11.2-bin.tar.gz : extract apache-cassandra-3.11.2/tools/lib/stress.jar
2018-07-24 15:45:52 [main] INFO  c.g.n.embedded.cassandra.Cassandra - Extract /root/.embedded-cassandra/cassandra/3.11.2/apache-cassandra-3.11.2-bin.tar.gz : extract apache-cassandra-3.11.2/bin/cassandra.in.sh
2018-07-24 15:45:52 [main] INFO  c.g.n.embedded.cassandra.Cassandra - Extract /root/.embedded-cassandra/cassandra/3.11.2/apache-cassandra-3.11.2-bin.tar.gz : extract apache-cassandra-3.11.2/bin/cassandra
2018-07-24 15:45:52 [main] INFO  c.g.n.embedded.cassandra.Cassandra - Extract /root/.embedded-cassandra/cassandra/3.11.2/apache-cassandra-3.11.2-bin.tar.gz : extract apache-cassandra-3.11.2/bin/cassandra.bat
2018-07-24 15:45:52 [main] INFO  c.g.n.embedded.cassandra.Cassandra - Extract /root/.embedded-cassandra/cassandra/3.11.2/apache-cassandra-3.11.2-bin.tar.gz : extract apache-cassandra-3.11.2/bin/cassandra.in.bat
2018-07-24 15:45:52 [main] INFO  c.g.n.embedded.cassandra.Cassandra - Extract /root/.embedded-cassandra/cassandra/3.11.2/apache-cassandra-3.11.2-bin.tar.gz : extract apache-cassandra-3.11.2/bin/cqlsh
2018-07-24 15:45:52 [main] INFO  c.g.n.embedded.cassandra.Cassandra - Extract /root/.embedded-cassandra/cassandra/3.11.2/apache-cassandra-3.11.2-bin.tar.gz : extract apache-cassandra-3.11.2/bin/cqlsh.bat
2018-07-24 15:45:52 [main] INFO  c.g.n.embedded.cassandra.Cassandra - Extract /root/.embedded-cassandra/cassandra/3.11.2/apache-cassandra-3.11.2-bin.tar.gz : extract apache-cassandra-3.11.2/bin/cqlsh.py
2018-07-24 15:45:52 [main] INFO  c.g.n.embedded.cassandra.Cassandra - Extract /root/.embedded-cassandra/cassandra/3.11.2/apache-cassandra-3.11.2-bin.tar.gz : extract apache-cassandra-3.11.2/bin/debug-cql
2018-07-24 15:45:52 [main] INFO  c.g.n.embedded.cassandra.Cassandra - Extract /root/.embedded-cassandra/cassandra/3.11.2/apache-cassandra-3.11.2-bin.tar.gz : extract apache-cassandra-3.11.2/bin/debug-cql.bat
2018-07-24 15:45:52 [main] INFO  c.g.n.embedded.cassandra.Cassandra - Extract /root/.embedded-cassandra/cassandra/3.11.2/apache-cassandra-3.11.2-bin.tar.gz : extract apache-cassandra-3.11.2/bin/nodetool
2018-07-24 15:45:52 [main] INFO  c.g.n.embedded.cassandra.Cassandra - Extract /root/.embedded-cassandra/cassandra/3.11.2/apache-cassandra-3.11.2-bin.tar.gz : extract apache-cassandra-3.11.2/bin/nodetool.bat
2018-07-24 15:45:52 [main] INFO  c.g.n.embedded.cassandra.Cassandra - Extract /root/.embedded-cassandra/cassandra/3.11.2/apache-cassandra-3.11.2-bin.tar.gz : extract apache-cassandra-3.11.2/bin/source-conf.ps1
2018-07-24 15:45:52 [main] INFO  c.g.n.embedded.cassandra.Cassandra - Extract /root/.embedded-cassandra/cassandra/3.11.2/apache-cassandra-3.11.2-bin.tar.gz : extract apache-cassandra-3.11.2/bin/sstableloader
2018-07-24 15:45:52 [main] INFO  c.g.n.embedded.cassandra.Cassandra - Extract /root/.embedded-cassandra/cassandra/3.11.2/apache-cassandra-3.11.2-bin.tar.gz : extract apache-cassandra-3.11.2/bin/sstableloader.bat
2018-07-24 15:45:52 [main] INFO  c.g.n.embedded.cassandra.Cassandra - Extract /root/.embedded-cassandra/cassandra/3.11.2/apache-cassandra-3.11.2-bin.tar.gz : extract apache-cassandra-3.11.2/bin/sstablescrub
2018-07-24 15:45:52 [main] INFO  c.g.n.embedded.cassandra.Cassandra - Extract /root/.embedded-cassandra/cassandra/3.11.2/apache-cassandra-3.11.2-bin.tar.gz : extract apache-cassandra-3.11.2/bin/sstablescrub.bat
2018-07-24 15:45:52 [main] INFO  c.g.n.embedded.cassandra.Cassandra - Extract /root/.embedded-cassandra/cassandra/3.11.2/apache-cassandra-3.11.2-bin.tar.gz : extract apache-cassandra-3.11.2/bin/sstableupgrade
2018-07-24 15:45:52 [main] INFO  c.g.n.embedded.cassandra.Cassandra - Extract /root/.embedded-cassandra/cassandra/3.11.2/apache-cassandra-3.11.2-bin.tar.gz : extract apache-cassandra-3.11.2/bin/sstableupgrade.bat
2018-07-24 15:45:52 [main] INFO  c.g.n.embedded.cassandra.Cassandra - Extract /root/.embedded-cassandra/cassandra/3.11.2/apache-cassandra-3.11.2-bin.tar.gz : extract apache-cassandra-3.11.2/bin/sstableutil
2018-07-24 15:45:52 [main] INFO  c.g.n.embedded.cassandra.Cassandra - Extract /root/.embedded-cassandra/cassandra/3.11.2/apache-cassandra-3.11.2-bin.tar.gz : extract apache-cassandra-3.11.2/bin/sstableutil.bat
2018-07-24 15:45:52 [main] INFO  c.g.n.embedded.cassandra.Cassandra - Extract /root/.embedded-cassandra/cassandra/3.11.2/apache-cassandra-3.11.2-bin.tar.gz : extract apache-cassandra-3.11.2/bin/sstableverify
2018-07-24 15:45:52 [main] INFO  c.g.n.embedded.cassandra.Cassandra - Extract /root/.embedded-cassandra/cassandra/3.11.2/apache-cassandra-3.11.2-bin.tar.gz : extract apache-cassandra-3.11.2/bin/sstableverify.bat
2018-07-24 15:45:52 [main] INFO  c.g.n.embedded.cassandra.Cassandra - Extract /root/.embedded-cassandra/cassandra/3.11.2/apache-cassandra-3.11.2-bin.tar.gz : extract apache-cassandra-3.11.2/bin/stop-server
2018-07-24 15:45:52 [main] INFO  c.g.n.embedded.cassandra.Cassandra - Extract /root/.embedded-cassandra/cassandra/3.11.2/apache-cassandra-3.11.2-bin.tar.gz : extract apache-cassandra-3.11.2/bin/stop-server.bat
2018-07-24 15:45:52 [main] INFO  c.g.n.embedded.cassandra.Cassandra - Extract /root/.embedded-cassandra/cassandra/3.11.2/apache-cassandra-3.11.2-bin.tar.gz : extract apache-cassandra-3.11.2/bin/stop-server.ps1
2018-07-24 15:45:52 [main] INFO  c.g.n.embedded.cassandra.Cassandra - Extract /root/.embedded-cassandra/cassandra/3.11.2/apache-cassandra-3.11.2-bin.tar.gz : finished
2018-07-24 15:45:52 [main] INFO  c.g.n.e.c.process.CassandraProcess - Starting Cassandra Process with a command line [/tmp/temp--00d4a024-ac88-47ed-adb9-7bbca59d753e/apache-cassandra-3.11.2/bin/cassandra, -f, -Dcassandra.jmx.local.port=44799]
2018-07-24 15:45:52 [Thread-3] INFO  c.g.n.embedded.cassandra.Cassandra - Running Cassandra as root user or group is not recommended - please start Cassandra using a different system user.
2018-07-24 15:45:52 [Thread-3] INFO  c.g.n.embedded.cassandra.Cassandra - If you really want to force running Cassandra as root, use -R command line option.
]]></system-out>
  </testcase>
  <testcase name="shouldStartCassandraUsingDefaultConfiguration" classname="com.github.nosan.embedded.cassandra.CassandraTests" time="4.095">
    <error message="Could not start a process &apos;543&apos;. Timeout : 60000 ms.&#10;Failure:&lt;EOF&gt;&#10;Output:&#10;----- START ----- &#10;Running Cassandra as root user or group is not recommended - please start Cassandra using a different system user.&#10;If you really want to force running Cassandra as root, use -R command line option.&#10;----- END ----- &#10;Support Url:	https://github.com/nosan/embedded-cassandra&#10;" type="java.io.IOException"><![CDATA[java.io.IOException: 
Could not start a process '543'. Timeout : 60000 ms.
Failure:<EOF>
Output:
----- START ----- 
Running Cassandra as root user or group is not recommended - please start Cassandra using a different system user.
If you really want to force running Cassandra as root, use -R command line option.
----- END ----- 
Support Url:	https://github.com/nosan/embedded-cassandra

	at com.github.nosan.embedded.cassandra.process.CassandraProcess.start(CassandraProcess.java:94)
	at com.github.nosan.embedded.cassandra.process.CassandraExecutable.start(CassandraExecutable.java:51)
	at com.github.nosan.embedded.cassandra.process.CassandraExecutable.start(CassandraExecutable.java:37)
	at de.flapdoodle.embed.process.runtime.Executable.start(Executable.java:108)
	at com.github.nosan.embedded.cassandra.Cassandra.start(Cassandra.java:188)
	at com.github.nosan.embedded.cassandra.CassandraTests.run(CassandraTests.java:76)
	at com.github.nosan.embedded.cassandra.CassandraTests.shouldStartCassandraUsingDefaultConfiguration(CassandraTests.java:40)
	at sun.reflect.NativeMethodAccessorImpl.invoke0(Native Method)
	at sun.reflect.NativeMethodAccessorImpl.invoke(NativeMethodAccessorImpl.java:62)
	at sun.reflect.DelegatingMethodAccessorImpl.invoke(DelegatingMethodAccessorImpl.java:43)
	at java.lang.reflect.Method.invoke(Method.java:498)
	at org.junit.runners.model.FrameworkMethod$1.runReflectiveCall(FrameworkMethod.java:50)
	at org.junit.internal.runners.model.ReflectiveCallable.run(ReflectiveCallable.java:12)
	at org.junit.runners.model.FrameworkMethod.invokeExplosively(FrameworkMethod.java:47)
	at org.junit.internal.runners.statements.InvokeMethod.evaluate(InvokeMethod.java:17)
	at org.junit.rules.ExpectedException$ExpectedExceptionStatement.evaluate(ExpectedException.java:239)
	at org.junit.rules.RunRules.evaluate(RunRules.java:20)
	at org.junit.runners.ParentRunner.runLeaf(ParentRunner.java:325)
	at org.junit.runners.BlockJUnit4ClassRunner.runChild(BlockJUnit4ClassRunner.java:78)
	at org.junit.runners.BlockJUnit4ClassRunner.runChild(BlockJUnit4ClassRunner.java:57)
	at org.junit.runners.ParentRunner$3.run(ParentRunner.java:290)
	at org.junit.runners.ParentRunner$1.schedule(ParentRunner.java:71)
	at org.junit.runners.ParentRunner.runChildren(ParentRunner.java:288)
	at org.junit.runners.ParentRunner.access$000(ParentRunner.java:58)
	at org.junit.runners.ParentRunner$2.evaluate(ParentRunner.java:268)
	at org.junit.runners.ParentRunner.run(ParentRunner.java:363)
	at org.apache.maven.surefire.junit4.JUnit4Provider.execute(JUnit4Provider.java:365)
	at org.apache.maven.surefire.junit4.JUnit4Provider.executeWithRerun(JUnit4Provider.java:272)
	at org.apache.maven.surefire.junit4.JUnit4Provider.executeTestSet(JUnit4Provider.java:236)
	at org.apache.maven.surefire.junit4.JUnit4Provider.invoke(JUnit4Provider.java:159)
	at org.apache.maven.surefire.booter.ForkedBooter.invokeProviderInSameClassLoader(ForkedBooter.java:386)
	at org.apache.maven.surefire.booter.ForkedBooter.runSuitesInProcess(ForkedBooter.java:323)
	at org.apache.maven.surefire.booter.ForkedBooter.main(ForkedBooter.java:143)
]]></error>
    <system-out><![CDATA[2018-07-24 15:45:52 [main] INFO  c.g.n.embedded.cassandra.Cassandra - Extract /root/.embedded-cassandra/cassandra/3.11.2/apache-cassandra-3.11.2-bin.tar.gz : starting...
2018-07-24 15:45:52 [main] INFO  c.g.n.embedded.cassandra.Cassandra - Extract /root/.embedded-cassandra/cassandra/3.11.2/apache-cassandra-3.11.2-bin.tar.gz : extract apache-cassandra-3.11.2/conf/cassandra-env.ps1
2018-07-24 15:45:52 [main] INFO  c.g.n.embedded.cassandra.Cassandra - Extract /root/.embedded-cassandra/cassandra/3.11.2/apache-cassandra-3.11.2-bin.tar.gz : extract apache-cassandra-3.11.2/conf/cassandra-env.sh
2018-07-24 15:45:52 [main] INFO  c.g.n.embedded.cassandra.Cassandra - Extract /root/.embedded-cassandra/cassandra/3.11.2/apache-cassandra-3.11.2-bin.tar.gz : extract apache-cassandra-3.11.2/conf/cassandra-jaas.config
2018-07-24 15:45:52 [main] INFO  c.g.n.embedded.cassandra.Cassandra - Extract /root/.embedded-cassandra/cassandra/3.11.2/apache-cassandra-3.11.2-bin.tar.gz : extract apache-cassandra-3.11.2/conf/cassandra-rackdc.properties
2018-07-24 15:45:52 [main] INFO  c.g.n.embedded.cassandra.Cassandra - Extract /root/.embedded-cassandra/cassandra/3.11.2/apache-cassandra-3.11.2-bin.tar.gz : extract apache-cassandra-3.11.2/conf/cassandra-topology.properties
2018-07-24 15:45:52 [main] INFO  c.g.n.embedded.cassandra.Cassandra - Extract /root/.embedded-cassandra/cassandra/3.11.2/apache-cassandra-3.11.2-bin.tar.gz : extract apache-cassandra-3.11.2/conf/cassandra.yaml
2018-07-24 15:45:52 [main] INFO  c.g.n.embedded.cassandra.Cassandra - Extract /root/.embedded-cassandra/cassandra/3.11.2/apache-cassandra-3.11.2-bin.tar.gz : extract apache-cassandra-3.11.2/conf/commitlog_archiving.properties
2018-07-24 15:45:52 [main] INFO  c.g.n.embedded.cassandra.Cassandra - Extract /root/.embedded-cassandra/cassandra/3.11.2/apache-cassandra-3.11.2-bin.tar.gz : extract apache-cassandra-3.11.2/conf/cqlshrc.sample
2018-07-24 15:45:52 [main] INFO  c.g.n.embedded.cassandra.Cassandra - Extract /root/.embedded-cassandra/cassandra/3.11.2/apache-cassandra-3.11.2-bin.tar.gz : extract apache-cassandra-3.11.2/conf/hotspot_compiler
2018-07-24 15:45:52 [main] INFO  c.g.n.embedded.cassandra.Cassandra - Extract /root/.embedded-cassandra/cassandra/3.11.2/apache-cassandra-3.11.2-bin.tar.gz : extract apache-cassandra-3.11.2/conf/jvm.options
2018-07-24 15:45:52 [main] INFO  c.g.n.embedded.cassandra.Cassandra - Extract /root/.embedded-cassandra/cassandra/3.11.2/apache-cassandra-3.11.2-bin.tar.gz : extract apache-cassandra-3.11.2/conf/logback-tools.xml
2018-07-24 15:45:52 [main] INFO  c.g.n.embedded.cassandra.Cassandra - Extract /root/.embedded-cassandra/cassandra/3.11.2/apache-cassandra-3.11.2-bin.tar.gz : extract apache-cassandra-3.11.2/conf/logback.xml
2018-07-24 15:45:52 [main] INFO  c.g.n.embedded.cassandra.Cassandra - Extract /root/.embedded-cassandra/cassandra/3.11.2/apache-cassandra-3.11.2-bin.tar.gz : extract apache-cassandra-3.11.2/conf/metrics-reporter-config-sample.yaml
2018-07-24 15:45:52 [main] INFO  c.g.n.embedded.cassandra.Cassandra - Extract /root/.embedded-cassandra/cassandra/3.11.2/apache-cassandra-3.11.2-bin.tar.gz : extract apache-cassandra-3.11.2/conf/triggers/README.txt
2018-07-24 15:45:52 [main] INFO  c.g.n.embedded.cassandra.Cassandra - Extract /root/.embedded-cassandra/cassandra/3.11.2/apache-cassandra-3.11.2-bin.tar.gz : extract apache-cassandra-3.11.2/interface/cassandra.thrift
2018-07-24 15:45:55 [main] INFO  c.g.n.embedded.cassandra.Cassandra - Extract /root/.embedded-cassandra/cassandra/3.11.2/apache-cassandra-3.11.2-bin.tar.gz : extract apache-cassandra-3.11.2/lib/HdrHistogram-2.1.9.jar
2018-07-24 15:45:55 [main] INFO  c.g.n.embedded.cassandra.Cassandra - Extract /root/.embedded-cassandra/cassandra/3.11.2/apache-cassandra-3.11.2-bin.tar.gz : extract apache-cassandra-3.11.2/lib/ST4-4.0.8.jar
2018-07-24 15:45:55 [main] INFO  c.g.n.embedded.cassandra.Cassandra - Extract /root/.embedded-cassandra/cassandra/3.11.2/apache-cassandra-3.11.2-bin.tar.gz : extract apache-cassandra-3.11.2/lib/airline-0.6.jar
2018-07-24 15:45:55 [main] INFO  c.g.n.embedded.cassandra.Cassandra - Extract /root/.embedded-cassandra/cassandra/3.11.2/apache-cassandra-3.11.2-bin.tar.gz : extract apache-cassandra-3.11.2/lib/antlr-runtime-3.5.2.jar
2018-07-24 15:45:55 [main] INFO  c.g.n.embedded.cassandra.Cassandra - Extract /root/.embedded-cassandra/cassandra/3.11.2/apache-cassandra-3.11.2-bin.tar.gz : extract apache-cassandra-3.11.2/lib/apache-cassandra-3.11.2.jar
2018-07-24 15:45:55 [main] INFO  c.g.n.embedded.cassandra.Cassandra - Extract /root/.embedded-cassandra/cassandra/3.11.2/apache-cassandra-3.11.2-bin.tar.gz : extract apache-cassandra-3.11.2/lib/apache-cassandra-thrift-3.11.2.jar
2018-07-24 15:45:55 [main] INFO  c.g.n.embedded.cassandra.Cassandra - Extract /root/.embedded-cassandra/cassandra/3.11.2/apache-cassandra-3.11.2-bin.tar.gz : extract apache-cassandra-3.11.2/lib/asm-5.0.4.jar
2018-07-24 15:45:55 [main] INFO  c.g.n.embedded.cassandra.Cassandra - Extract /root/.embedded-cassandra/cassandra/3.11.2/apache-cassandra-3.11.2-bin.tar.gz : extract apache-cassandra-3.11.2/lib/caffeine-2.2.6.jar
2018-07-24 15:45:55 [main] INFO  c.g.n.embedded.cassandra.Cassandra - Extract /root/.embedded-cassandra/cassandra/3.11.2/apache-cassandra-3.11.2-bin.tar.gz : extract apache-cassandra-3.11.2/lib/cassandra-driver-core-3.0.1-shaded.jar
2018-07-24 15:45:55 [main] INFO  c.g.n.embedded.cassandra.Cassandra - Extract /root/.embedded-cassandra/cassandra/3.11.2/apache-cassandra-3.11.2-bin.tar.gz : extract apache-cassandra-3.11.2/lib/cassandra-driver-internal-only-3.10.zip
2018-07-24 15:45:55 [main] INFO  c.g.n.embedded.cassandra.Cassandra - Extract /root/.embedded-cassandra/cassandra/3.11.2/apache-cassandra-3.11.2-bin.tar.gz : extract apache-cassandra-3.11.2/lib/cassandra-driver-internal-only-3.11.0-bb96859b.zip
2018-07-24 15:45:55 [main] INFO  c.g.n.embedded.cassandra.Cassandra - Extract /root/.embedded-cassandra/cassandra/3.11.2/apache-cassandra-3.11.2-bin.tar.gz : extract apache-cassandra-3.11.2/lib/commons-cli-1.1.jar
2018-07-24 15:45:55 [main] INFO  c.g.n.embedded.cassandra.Cassandra - Extract /root/.embedded-cassandra/cassandra/3.11.2/apache-cassandra-3.11.2-bin.tar.gz : extract apache-cassandra-3.11.2/lib/commons-codec-1.9.jar
2018-07-24 15:45:55 [main] INFO  c.g.n.embedded.cassandra.Cassandra - Extract /root/.embedded-cassandra/cassandra/3.11.2/apache-cassandra-3.11.2-bin.tar.gz : extract apache-cassandra-3.11.2/lib/commons-lang3-3.1.jar
2018-07-24 15:45:55 [main] INFO  c.g.n.embedded.cassandra.Cassandra - Extract /root/.embedded-cassandra/cassandra/3.11.2/apache-cassandra-3.11.2-bin.tar.gz : extract apache-cassandra-3.11.2/lib/commons-math3-3.2.jar
2018-07-24 15:45:55 [main] INFO  c.g.n.embedded.cassandra.Cassandra - Extract /root/.embedded-cassandra/cassandra/3.11.2/apache-cassandra-3.11.2-bin.tar.gz : extract apache-cassandra-3.11.2/lib/compress-lzf-0.8.4.jar
2018-07-24 15:45:55 [main] INFO  c.g.n.embedded.cassandra.Cassandra - Extract /root/.embedded-cassandra/cassandra/3.11.2/apache-cassandra-3.11.2-bin.tar.gz : extract apache-cassandra-3.11.2/lib/concurrent-trees-2.4.0.jar
2018-07-24 15:45:55 [main] INFO  c.g.n.embedded.cassandra.Cassandra - Extract /root/.embedded-cassandra/cassandra/3.11.2/apache-cassandra-3.11.2-bin.tar.gz : extract apache-cassandra-3.11.2/lib/concurrentlinkedhashmap-lru-1.4.jar
2018-07-24 15:45:55 [main] INFO  c.g.n.embedded.cassandra.Cassandra - Extract /root/.embedded-cassandra/cassandra/3.11.2/apache-cassandra-3.11.2-bin.tar.gz : extract apache-cassandra-3.11.2/lib/disruptor-3.0.1.jar
2018-07-24 15:45:56 [main] INFO  c.g.n.embedded.cassandra.Cassandra - Extract /root/.embedded-cassandra/cassandra/3.11.2/apache-cassandra-3.11.2-bin.tar.gz : extract apache-cassandra-3.11.2/lib/ecj-4.4.2.jar
2018-07-24 15:45:56 [main] INFO  c.g.n.embedded.cassandra.Cassandra - Extract /root/.embedded-cassandra/cassandra/3.11.2/apache-cassandra-3.11.2-bin.tar.gz : extract apache-cassandra-3.11.2/lib/futures-2.1.6-py2.py3-none-any.zip
2018-07-24 15:45:56 [main] INFO  c.g.n.embedded.cassandra.Cassandra - Extract /root/.embedded-cassandra/cassandra/3.11.2/apache-cassandra-3.11.2-bin.tar.gz : extract apache-cassandra-3.11.2/lib/guava-18.0.jar
2018-07-24 15:45:56 [main] INFO  c.g.n.embedded.cassandra.Cassandra - Extract /root/.embedded-cassandra/cassandra/3.11.2/apache-cassandra-3.11.2-bin.tar.gz : extract apache-cassandra-3.11.2/lib/high-scale-lib-1.0.6.jar
2018-07-24 15:45:56 [main] INFO  c.g.n.embedded.cassandra.Cassandra - Extract /root/.embedded-cassandra/cassandra/3.11.2/apache-cassandra-3.11.2-bin.tar.gz : extract apache-cassandra-3.11.2/lib/hppc-0.5.4.jar
2018-07-24 15:45:56 [main] INFO  c.g.n.embedded.cassandra.Cassandra - Extract /root/.embedded-cassandra/cassandra/3.11.2/apache-cassandra-3.11.2-bin.tar.gz : extract apache-cassandra-3.11.2/lib/jackson-core-asl-1.9.13.jar
2018-07-24 15:45:56 [main] INFO  c.g.n.embedded.cassandra.Cassandra - Extract /root/.embedded-cassandra/cassandra/3.11.2/apache-cassandra-3.11.2-bin.tar.gz : extract apache-cassandra-3.11.2/lib/jackson-mapper-asl-1.9.13.jar
2018-07-24 15:45:56 [main] INFO  c.g.n.embedded.cassandra.Cassandra - Extract /root/.embedded-cassandra/cassandra/3.11.2/apache-cassandra-3.11.2-bin.tar.gz : extract apache-cassandra-3.11.2/lib/jamm-0.3.0.jar
2018-07-24 15:45:56 [main] INFO  c.g.n.embedded.cassandra.Cassandra - Extract /root/.embedded-cassandra/cassandra/3.11.2/apache-cassandra-3.11.2-bin.tar.gz : extract apache-cassandra-3.11.2/lib/javax.inject.jar
2018-07-24 15:45:56 [main] INFO  c.g.n.embedded.cassandra.Cassandra - Extract /root/.embedded-cassandra/cassandra/3.11.2/apache-cassandra-3.11.2-bin.tar.gz : extract apache-cassandra-3.11.2/lib/jbcrypt-0.3m.jar
2018-07-24 15:45:56 [main] INFO  c.g.n.embedded.cassandra.Cassandra - Extract /root/.embedded-cassandra/cassandra/3.11.2/apache-cassandra-3.11.2-bin.tar.gz : extract apache-cassandra-3.11.2/lib/jcl-over-slf4j-1.7.7.jar
2018-07-24 15:45:56 [main] INFO  c.g.n.embedded.cassandra.Cassandra - Extract /root/.embedded-cassandra/cassandra/3.11.2/apache-cassandra-3.11.2-bin.tar.gz : extract apache-cassandra-3.11.2/lib/jctools-core-1.2.1.jar
2018-07-24 15:45:56 [main] INFO  c.g.n.embedded.cassandra.Cassandra - Extract /root/.embedded-cassandra/cassandra/3.11.2/apache-cassandra-3.11.2-bin.tar.gz : extract apache-cassandra-3.11.2/lib/jflex-1.6.0.jar
2018-07-24 15:45:56 [main] INFO  c.g.n.embedded.cassandra.Cassandra - Extract /root/.embedded-cassandra/cassandra/3.11.2/apache-cassandra-3.11.2-bin.tar.gz : extract apache-cassandra-3.11.2/lib/jna-4.2.2.jar
2018-07-24 15:45:56 [main] INFO  c.g.n.embedded.cassandra.Cassandra - Extract /root/.embedded-cassandra/cassandra/3.11.2/apache-cassandra-3.11.2-bin.tar.gz : extract apache-cassandra-3.11.2/lib/joda-time-2.4.jar
2018-07-24 15:45:56 [main] INFO  c.g.n.embedded.cassandra.Cassandra - Extract /root/.embedded-cassandra/cassandra/3.11.2/apache-cassandra-3.11.2-bin.tar.gz : extract apache-cassandra-3.11.2/lib/json-simple-1.1.jar
2018-07-24 15:45:56 [main] INFO  c.g.n.embedded.cassandra.Cassandra - Extract /root/.embedded-cassandra/cassandra/3.11.2/apache-cassandra-3.11.2-bin.tar.gz : extract apache-cassandra-3.11.2/lib/jstackjunit-0.0.1.jar
2018-07-24 15:45:56 [main] INFO  c.g.n.embedded.cassandra.Cassandra - Extract /root/.embedded-cassandra/cassandra/3.11.2/apache-cassandra-3.11.2-bin.tar.gz : extract apache-cassandra-3.11.2/lib/libthrift-0.9.2.jar
2018-07-24 15:45:56 [main] INFO  c.g.n.embedded.cassandra.Cassandra - Extract /root/.embedded-cassandra/cassandra/3.11.2/apache-cassandra-3.11.2-bin.tar.gz : extract apache-cassandra-3.11.2/lib/log4j-over-slf4j-1.7.7.jar
2018-07-24 15:45:56 [main] INFO  c.g.n.embedded.cassandra.Cassandra - Extract /root/.embedded-cassandra/cassandra/3.11.2/apache-cassandra-3.11.2-bin.tar.gz : extract apache-cassandra-3.11.2/lib/logback-classic-1.1.3.jar
2018-07-24 15:45:56 [main] INFO  c.g.n.embedded.cassandra.Cassandra - Extract /root/.embedded-cassandra/cassandra/3.11.2/apache-cassandra-3.11.2-bin.tar.gz : extract apache-cassandra-3.11.2/lib/logback-core-1.1.3.jar
2018-07-24 15:45:56 [main] INFO  c.g.n.embedded.cassandra.Cassandra - Extract /root/.embedded-cassandra/cassandra/3.11.2/apache-cassandra-3.11.2-bin.tar.gz : extract apache-cassandra-3.11.2/lib/lz4-1.3.0.jar
2018-07-24 15:45:56 [main] INFO  c.g.n.embedded.cassandra.Cassandra - Extract /root/.embedded-cassandra/cassandra/3.11.2/apache-cassandra-3.11.2-bin.tar.gz : extract apache-cassandra-3.11.2/lib/metrics-core-3.1.0.jar
2018-07-24 15:45:56 [main] INFO  c.g.n.embedded.cassandra.Cassandra - Extract /root/.embedded-cassandra/cassandra/3.11.2/apache-cassandra-3.11.2-bin.tar.gz : extract apache-cassandra-3.11.2/lib/metrics-jvm-3.1.0.jar
2018-07-24 15:45:56 [main] INFO  c.g.n.embedded.cassandra.Cassandra - Extract /root/.embedded-cassandra/cassandra/3.11.2/apache-cassandra-3.11.2-bin.tar.gz : extract apache-cassandra-3.11.2/lib/metrics-logback-3.1.0.jar
2018-07-24 15:45:56 [main] INFO  c.g.n.embedded.cassandra.Cassandra - Extract /root/.embedded-cassandra/cassandra/3.11.2/apache-cassandra-3.11.2-bin.tar.gz : extract apache-cassandra-3.11.2/lib/netty-all-4.0.44.Final.jar
2018-07-24 15:45:56 [main] INFO  c.g.n.embedded.cassandra.Cassandra - Extract /root/.embedded-cassandra/cassandra/3.11.2/apache-cassandra-3.11.2-bin.tar.gz : extract apache-cassandra-3.11.2/lib/ohc-core-0.4.4.jar
2018-07-24 15:45:56 [main] INFO  c.g.n.embedded.cassandra.Cassandra - Extract /root/.embedded-cassandra/cassandra/3.11.2/apache-cassandra-3.11.2-bin.tar.gz : extract apache-cassandra-3.11.2/lib/ohc-core-j8-0.4.4.jar
2018-07-24 15:45:56 [main] INFO  c.g.n.embedded.cassandra.Cassandra - Extract /root/.embedded-cassandra/cassandra/3.11.2/apache-cassandra-3.11.2-bin.tar.gz : extract apache-cassandra-3.11.2/lib/reporter-config-base-3.0.3.jar
2018-07-24 15:45:56 [main] INFO  c.g.n.embedded.cassandra.Cassandra - Extract /root/.embedded-cassandra/cassandra/3.11.2/apache-cassandra-3.11.2-bin.tar.gz : extract apache-cassandra-3.11.2/lib/reporter-config3-3.0.3.jar
2018-07-24 15:45:56 [main] INFO  c.g.n.embedded.cassandra.Cassandra - Extract /root/.embedded-cassandra/cassandra/3.11.2/apache-cassandra-3.11.2-bin.tar.gz : extract apache-cassandra-3.11.2/lib/sigar-1.6.4.jar
2018-07-24 15:45:56 [main] INFO  c.g.n.embedded.cassandra.Cassandra - Extract /root/.embedded-cassandra/cassandra/3.11.2/apache-cassandra-3.11.2-bin.tar.gz : extract apache-cassandra-3.11.2/lib/sigar-bin/libsigar-amd64-freebsd-6.so
2018-07-24 15:45:56 [main] INFO  c.g.n.embedded.cassandra.Cassandra - Extract /root/.embedded-cassandra/cassandra/3.11.2/apache-cassandra-3.11.2-bin.tar.gz : extract apache-cassandra-3.11.2/lib/sigar-bin/libsigar-amd64-linux.so
2018-07-24 15:45:56 [main] INFO  c.g.n.embedded.cassandra.Cassandra - Extract /root/.embedded-cassandra/cassandra/3.11.2/apache-cassandra-3.11.2-bin.tar.gz : extract apache-cassandra-3.11.2/lib/sigar-bin/libsigar-amd64-solaris.so
2018-07-24 15:45:56 [main] INFO  c.g.n.embedded.cassandra.Cassandra - Extract /root/.embedded-cassandra/cassandra/3.11.2/apache-cassandra-3.11.2-bin.tar.gz : extract apache-cassandra-3.11.2/lib/sigar-bin/libsigar-ia64-hpux-11.sl
2018-07-24 15:45:56 [main] INFO  c.g.n.embedded.cassandra.Cassandra - Extract /root/.embedded-cassandra/cassandra/3.11.2/apache-cassandra-3.11.2-bin.tar.gz : extract apache-cassandra-3.11.2/lib/sigar-bin/libsigar-ia64-linux.so
2018-07-24 15:45:56 [main] INFO  c.g.n.embedded.cassandra.Cassandra - Extract /root/.embedded-cassandra/cassandra/3.11.2/apache-cassandra-3.11.2-bin.tar.gz : extract apache-cassandra-3.11.2/lib/sigar-bin/libsigar-pa-hpux-11.sl
2018-07-24 15:45:56 [main] INFO  c.g.n.embedded.cassandra.Cassandra - Extract /root/.embedded-cassandra/cassandra/3.11.2/apache-cassandra-3.11.2-bin.tar.gz : extract apache-cassandra-3.11.2/lib/sigar-bin/libsigar-ppc-aix-5.so
2018-07-24 15:45:56 [main] INFO  c.g.n.embedded.cassandra.Cassandra - Extract /root/.embedded-cassandra/cassandra/3.11.2/apache-cassandra-3.11.2-bin.tar.gz : extract apache-cassandra-3.11.2/lib/sigar-bin/libsigar-ppc-linux.so
2018-07-24 15:45:56 [main] INFO  c.g.n.embedded.cassandra.Cassandra - Extract /root/.embedded-cassandra/cassandra/3.11.2/apache-cassandra-3.11.2-bin.tar.gz : extract apache-cassandra-3.11.2/lib/sigar-bin/libsigar-ppc64-aix-5.so
2018-07-24 15:45:56 [main] INFO  c.g.n.embedded.cassandra.Cassandra - Extract /root/.embedded-cassandra/cassandra/3.11.2/apache-cassandra-3.11.2-bin.tar.gz : extract apache-cassandra-3.11.2/lib/sigar-bin/libsigar-ppc64-linux.so
2018-07-24 15:45:56 [main] INFO  c.g.n.embedded.cassandra.Cassandra - Extract /root/.embedded-cassandra/cassandra/3.11.2/apache-cassandra-3.11.2-bin.tar.gz : extract apache-cassandra-3.11.2/lib/sigar-bin/libsigar-s390x-linux.so
2018-07-24 15:45:56 [main] INFO  c.g.n.embedded.cassandra.Cassandra - Extract /root/.embedded-cassandra/cassandra/3.11.2/apache-cassandra-3.11.2-bin.tar.gz : extract apache-cassandra-3.11.2/lib/sigar-bin/libsigar-sparc-solaris.so
2018-07-24 15:45:56 [main] INFO  c.g.n.embedded.cassandra.Cassandra - Extract /root/.embedded-cassandra/cassandra/3.11.2/apache-cassandra-3.11.2-bin.tar.gz : extract apache-cassandra-3.11.2/lib/sigar-bin/libsigar-sparc64-solaris.so
2018-07-24 15:45:56 [main] INFO  c.g.n.embedded.cassandra.Cassandra - Extract /root/.embedded-cassandra/cassandra/3.11.2/apache-cassandra-3.11.2-bin.tar.gz : extract apache-cassandra-3.11.2/lib/sigar-bin/libsigar-universal-macosx.dylib
2018-07-24 15:45:56 [main] INFO  c.g.n.embedded.cassandra.Cassandra - Extract /root/.embedded-cassandra/cassandra/3.11.2/apache-cassandra-3.11.2-bin.tar.gz : extract apache-cassandra-3.11.2/lib/sigar-bin/libsigar-universal64-macosx.dylib
2018-07-24 15:45:56 [main] INFO  c.g.n.embedded.cassandra.Cassandra - Extract /root/.embedded-cassandra/cassandra/3.11.2/apache-cassandra-3.11.2-bin.tar.gz : extract apache-cassandra-3.11.2/lib/sigar-bin/libsigar-x86-freebsd-5.so
2018-07-24 15:45:56 [main] INFO  c.g.n.embedded.cassandra.Cassandra - Extract /root/.embedded-cassandra/cassandra/3.11.2/apache-cassandra-3.11.2-bin.tar.gz : extract apache-cassandra-3.11.2/lib/sigar-bin/libsigar-x86-freebsd-6.so
2018-07-24 15:45:56 [main] INFO  c.g.n.embedded.cassandra.Cassandra - Extract /root/.embedded-cassandra/cassandra/3.11.2/apache-cassandra-3.11.2-bin.tar.gz : extract apache-cassandra-3.11.2/lib/sigar-bin/libsigar-x86-linux.so
2018-07-24 15:45:56 [main] INFO  c.g.n.embedded.cassandra.Cassandra - Extract /root/.embedded-cassandra/cassandra/3.11.2/apache-cassandra-3.11.2-bin.tar.gz : extract apache-cassandra-3.11.2/lib/sigar-bin/libsigar-x86-solaris.so
2018-07-24 15:45:56 [main] INFO  c.g.n.embedded.cassandra.Cassandra - Extract /root/.embedded-cassandra/cassandra/3.11.2/apache-cassandra-3.11.2-bin.tar.gz : extract apache-cassandra-3.11.2/lib/sigar-bin/sigar-amd64-winnt.dll
2018-07-24 15:45:56 [main] INFO  c.g.n.embedded.cassandra.Cassandra - Extract /root/.embedded-cassandra/cassandra/3.11.2/apache-cassandra-3.11.2-bin.tar.gz : extract apache-cassandra-3.11.2/lib/sigar-bin/sigar-x86-winnt.dll
2018-07-24 15:45:56 [main] INFO  c.g.n.embedded.cassandra.Cassandra - Extract /root/.embedded-cassandra/cassandra/3.11.2/apache-cassandra-3.11.2-bin.tar.gz : extract apache-cassandra-3.11.2/lib/sigar-bin/sigar-x86-winnt.lib
2018-07-24 15:45:56 [main] INFO  c.g.n.embedded.cassandra.Cassandra - Extract /root/.embedded-cassandra/cassandra/3.11.2/apache-cassandra-3.11.2-bin.tar.gz : extract apache-cassandra-3.11.2/lib/six-1.7.3-py2.py3-none-any.zip
2018-07-24 15:45:56 [main] INFO  c.g.n.embedded.cassandra.Cassandra - Extract /root/.embedded-cassandra/cassandra/3.11.2/apache-cassandra-3.11.2-bin.tar.gz : extract apache-cassandra-3.11.2/lib/slf4j-api-1.7.7.jar
2018-07-24 15:45:56 [main] INFO  c.g.n.embedded.cassandra.Cassandra - Extract /root/.embedded-cassandra/cassandra/3.11.2/apache-cassandra-3.11.2-bin.tar.gz : extract apache-cassandra-3.11.2/lib/snakeyaml-1.11.jar
2018-07-24 15:45:56 [main] INFO  c.g.n.embedded.cassandra.Cassandra - Extract /root/.embedded-cassandra/cassandra/3.11.2/apache-cassandra-3.11.2-bin.tar.gz : extract apache-cassandra-3.11.2/lib/snappy-java-1.1.1.7.jar
2018-07-24 15:45:56 [main] INFO  c.g.n.embedded.cassandra.Cassandra - Extract /root/.embedded-cassandra/cassandra/3.11.2/apache-cassandra-3.11.2-bin.tar.gz : extract apache-cassandra-3.11.2/lib/snowball-stemmer-1.3.0.581.1.jar
2018-07-24 15:45:56 [main] INFO  c.g.n.embedded.cassandra.Cassandra - Extract /root/.embedded-cassandra/cassandra/3.11.2/apache-cassandra-3.11.2-bin.tar.gz : extract apache-cassandra-3.11.2/lib/stream-2.5.2.jar
2018-07-24 15:45:56 [main] INFO  c.g.n.embedded.cassandra.Cassandra - Extract /root/.embedded-cassandra/cassandra/3.11.2/apache-cassandra-3.11.2-bin.tar.gz : extract apache-cassandra-3.11.2/lib/thrift-server-0.3.7.jar
2018-07-24 15:45:56 [main] INFO  c.g.n.embedded.cassandra.Cassandra - Extract /root/.embedded-cassandra/cassandra/3.11.2/apache-cassandra-3.11.2-bin.tar.gz : extract apache-cassandra-3.11.2/pylib/cqlshlib/__init__.py
2018-07-24 15:45:56 [main] INFO  c.g.n.embedded.cassandra.Cassandra - Extract /root/.embedded-cassandra/cassandra/3.11.2/apache-cassandra-3.11.2-bin.tar.gz : extract apache-cassandra-3.11.2/pylib/cqlshlib/copyutil.py
2018-07-24 15:45:56 [main] INFO  c.g.n.embedded.cassandra.Cassandra - Extract /root/.embedded-cassandra/cassandra/3.11.2/apache-cassandra-3.11.2-bin.tar.gz : extract apache-cassandra-3.11.2/pylib/cqlshlib/cql3handling.py
2018-07-24 15:45:56 [main] INFO  c.g.n.embedded.cassandra.Cassandra - Extract /root/.embedded-cassandra/cassandra/3.11.2/apache-cassandra-3.11.2-bin.tar.gz : extract apache-cassandra-3.11.2/pylib/cqlshlib/cqlhandling.py
2018-07-24 15:45:56 [main] INFO  c.g.n.embedded.cassandra.Cassandra - Extract /root/.embedded-cassandra/cassandra/3.11.2/apache-cassandra-3.11.2-bin.tar.gz : extract apache-cassandra-3.11.2/pylib/cqlshlib/cqlshhandling.py
2018-07-24 15:45:56 [main] INFO  c.g.n.embedded.cassandra.Cassandra - Extract /root/.embedded-cassandra/cassandra/3.11.2/apache-cassandra-3.11.2-bin.tar.gz : extract apache-cassandra-3.11.2/pylib/cqlshlib/displaying.py
2018-07-24 15:45:56 [main] INFO  c.g.n.embedded.cassandra.Cassandra - Extract /root/.embedded-cassandra/cassandra/3.11.2/apache-cassandra-3.11.2-bin.tar.gz : extract apache-cassandra-3.11.2/pylib/cqlshlib/formatting.py
2018-07-24 15:45:56 [main] INFO  c.g.n.embedded.cassandra.Cassandra - Extract /root/.embedded-cassandra/cassandra/3.11.2/apache-cassandra-3.11.2-bin.tar.gz : extract apache-cassandra-3.11.2/pylib/cqlshlib/helptopics.py
2018-07-24 15:45:56 [main] INFO  c.g.n.embedded.cassandra.Cassandra - Extract /root/.embedded-cassandra/cassandra/3.11.2/apache-cassandra-3.11.2-bin.tar.gz : extract apache-cassandra-3.11.2/pylib/cqlshlib/pylexotron.py
2018-07-24 15:45:56 [main] INFO  c.g.n.embedded.cassandra.Cassandra - Extract /root/.embedded-cassandra/cassandra/3.11.2/apache-cassandra-3.11.2-bin.tar.gz : extract apache-cassandra-3.11.2/pylib/cqlshlib/saferscanner.py
2018-07-24 15:45:56 [main] INFO  c.g.n.embedded.cassandra.Cassandra - Extract /root/.embedded-cassandra/cassandra/3.11.2/apache-cassandra-3.11.2-bin.tar.gz : extract apache-cassandra-3.11.2/pylib/cqlshlib/sslhandling.py
2018-07-24 15:45:56 [main] INFO  c.g.n.embedded.cassandra.Cassandra - Extract /root/.embedded-cassandra/cassandra/3.11.2/apache-cassandra-3.11.2-bin.tar.gz : extract apache-cassandra-3.11.2/pylib/cqlshlib/test/__init__.py
2018-07-24 15:45:56 [main] INFO  c.g.n.embedded.cassandra.Cassandra - Extract /root/.embedded-cassandra/cassandra/3.11.2/apache-cassandra-3.11.2-bin.tar.gz : extract apache-cassandra-3.11.2/pylib/cqlshlib/test/ansi_colors.py
2018-07-24 15:45:56 [main] INFO  c.g.n.embedded.cassandra.Cassandra - Extract /root/.embedded-cassandra/cassandra/3.11.2/apache-cassandra-3.11.2-bin.tar.gz : extract apache-cassandra-3.11.2/pylib/cqlshlib/test/basecase.py
2018-07-24 15:45:56 [main] INFO  c.g.n.embedded.cassandra.Cassandra - Extract /root/.embedded-cassandra/cassandra/3.11.2/apache-cassandra-3.11.2-bin.tar.gz : extract apache-cassandra-3.11.2/pylib/cqlshlib/test/cassconnect.py
2018-07-24 15:45:56 [main] INFO  c.g.n.embedded.cassandra.Cassandra - Extract /root/.embedded-cassandra/cassandra/3.11.2/apache-cassandra-3.11.2-bin.tar.gz : extract apache-cassandra-3.11.2/pylib/cqlshlib/test/run_cqlsh.py
2018-07-24 15:45:56 [main] INFO  c.g.n.embedded.cassandra.Cassandra - Extract /root/.embedded-cassandra/cassandra/3.11.2/apache-cassandra-3.11.2-bin.tar.gz : extract apache-cassandra-3.11.2/pylib/cqlshlib/test/test_cql_parsing.py
2018-07-24 15:45:56 [main] INFO  c.g.n.embedded.cassandra.Cassandra - Extract /root/.embedded-cassandra/cassandra/3.11.2/apache-cassandra-3.11.2-bin.tar.gz : extract apache-cassandra-3.11.2/pylib/cqlshlib/test/test_cqlsh_commands.py
2018-07-24 15:45:56 [main] INFO  c.g.n.embedded.cassandra.Cassandra - Extract /root/.embedded-cassandra/cassandra/3.11.2/apache-cassandra-3.11.2-bin.tar.gz : extract apache-cassandra-3.11.2/pylib/cqlshlib/test/test_cqlsh_completion.py
2018-07-24 15:45:56 [main] INFO  c.g.n.embedded.cassandra.Cassandra - Extract /root/.embedded-cassandra/cassandra/3.11.2/apache-cassandra-3.11.2-bin.tar.gz : extract apache-cassandra-3.11.2/pylib/cqlshlib/test/test_cqlsh_invocation.py
2018-07-24 15:45:56 [main] INFO  c.g.n.embedded.cassandra.Cassandra - Extract /root/.embedded-cassandra/cassandra/3.11.2/apache-cassandra-3.11.2-bin.tar.gz : extract apache-cassandra-3.11.2/pylib/cqlshlib/test/test_cqlsh_output.py
2018-07-24 15:45:56 [main] INFO  c.g.n.embedded.cassandra.Cassandra - Extract /root/.embedded-cassandra/cassandra/3.11.2/apache-cassandra-3.11.2-bin.tar.gz : extract apache-cassandra-3.11.2/pylib/cqlshlib/test/test_cqlsh_parsing.py
2018-07-24 15:45:56 [main] INFO  c.g.n.embedded.cassandra.Cassandra - Extract /root/.embedded-cassandra/cassandra/3.11.2/apache-cassandra-3.11.2-bin.tar.gz : extract apache-cassandra-3.11.2/pylib/cqlshlib/test/test_keyspace_init.cql
2018-07-24 15:45:56 [main] INFO  c.g.n.embedded.cassandra.Cassandra - Extract /root/.embedded-cassandra/cassandra/3.11.2/apache-cassandra-3.11.2-bin.tar.gz : extract apache-cassandra-3.11.2/pylib/cqlshlib/test/winpty.py
2018-07-24 15:45:56 [main] INFO  c.g.n.embedded.cassandra.Cassandra - Extract /root/.embedded-cassandra/cassandra/3.11.2/apache-cassandra-3.11.2-bin.tar.gz : extract apache-cassandra-3.11.2/pylib/cqlshlib/tracing.py
2018-07-24 15:45:56 [main] INFO  c.g.n.embedded.cassandra.Cassandra - Extract /root/.embedded-cassandra/cassandra/3.11.2/apache-cassandra-3.11.2-bin.tar.gz : extract apache-cassandra-3.11.2/pylib/cqlshlib/util.py
2018-07-24 15:45:56 [main] INFO  c.g.n.embedded.cassandra.Cassandra - Extract /root/.embedded-cassandra/cassandra/3.11.2/apache-cassandra-3.11.2-bin.tar.gz : extract apache-cassandra-3.11.2/pylib/cqlshlib/wcwidth.py
2018-07-24 15:45:56 [main] INFO  c.g.n.embedded.cassandra.Cassandra - Extract /root/.embedded-cassandra/cassandra/3.11.2/apache-cassandra-3.11.2-bin.tar.gz : extract apache-cassandra-3.11.2/pylib/setup.py
2018-07-24 15:45:56 [main] INFO  c.g.n.embedded.cassandra.Cassandra - Extract /root/.embedded-cassandra/cassandra/3.11.2/apache-cassandra-3.11.2-bin.tar.gz : extract apache-cassandra-3.11.2/tools/bin/cassandra-stress
2018-07-24 15:45:56 [main] INFO  c.g.n.embedded.cassandra.Cassandra - Extract /root/.embedded-cassandra/cassandra/3.11.2/apache-cassandra-3.11.2-bin.tar.gz : extract apache-cassandra-3.11.2/tools/bin/cassandra-stress.bat
2018-07-24 15:45:56 [main] INFO  c.g.n.embedded.cassandra.Cassandra - Extract /root/.embedded-cassandra/cassandra/3.11.2/apache-cassandra-3.11.2-bin.tar.gz : extract apache-cassandra-3.11.2/tools/bin/cassandra-stressd
2018-07-24 15:45:56 [main] INFO  c.g.n.embedded.cassandra.Cassandra - Extract /root/.embedded-cassandra/cassandra/3.11.2/apache-cassandra-3.11.2-bin.tar.gz : extract apache-cassandra-3.11.2/tools/bin/cassandra.in.bat
2018-07-24 15:45:56 [main] INFO  c.g.n.embedded.cassandra.Cassandra - Extract /root/.embedded-cassandra/cassandra/3.11.2/apache-cassandra-3.11.2-bin.tar.gz : extract apache-cassandra-3.11.2/tools/bin/cassandra.in.sh
2018-07-24 15:45:56 [main] INFO  c.g.n.embedded.cassandra.Cassandra - Extract /root/.embedded-cassandra/cassandra/3.11.2/apache-cassandra-3.11.2-bin.tar.gz : extract apache-cassandra-3.11.2/tools/bin/compaction-stress
2018-07-24 15:45:56 [main] INFO  c.g.n.embedded.cassandra.Cassandra - Extract /root/.embedded-cassandra/cassandra/3.11.2/apache-cassandra-3.11.2-bin.tar.gz : extract apache-cassandra-3.11.2/tools/bin/sstabledump
2018-07-24 15:45:56 [main] INFO  c.g.n.embedded.cassandra.Cassandra - Extract /root/.embedded-cassandra/cassandra/3.11.2/apache-cassandra-3.11.2-bin.tar.gz : extract apache-cassandra-3.11.2/tools/bin/sstabledump.bat
2018-07-24 15:45:56 [main] INFO  c.g.n.embedded.cassandra.Cassandra - Extract /root/.embedded-cassandra/cassandra/3.11.2/apache-cassandra-3.11.2-bin.tar.gz : extract apache-cassandra-3.11.2/tools/bin/sstableexpiredblockers
2018-07-24 15:45:56 [main] INFO  c.g.n.embedded.cassandra.Cassandra - Extract /root/.embedded-cassandra/cassandra/3.11.2/apache-cassandra-3.11.2-bin.tar.gz : extract apache-cassandra-3.11.2/tools/bin/sstableexpiredblockers.bat
2018-07-24 15:45:56 [main] INFO  c.g.n.embedded.cassandra.Cassandra - Extract /root/.embedded-cassandra/cassandra/3.11.2/apache-cassandra-3.11.2-bin.tar.gz : extract apache-cassandra-3.11.2/tools/bin/sstablelevelreset
2018-07-24 15:45:56 [main] INFO  c.g.n.embedded.cassandra.Cassandra - Extract /root/.embedded-cassandra/cassandra/3.11.2/apache-cassandra-3.11.2-bin.tar.gz : extract apache-cassandra-3.11.2/tools/bin/sstablelevelreset.bat
2018-07-24 15:45:56 [main] INFO  c.g.n.embedded.cassandra.Cassandra - Extract /root/.embedded-cassandra/cassandra/3.11.2/apache-cassandra-3.11.2-bin.tar.gz : extract apache-cassandra-3.11.2/tools/bin/sstablemetadata
2018-07-24 15:45:56 [main] INFO  c.g.n.embedded.cassandra.Cassandra - Extract /root/.embedded-cassandra/cassandra/3.11.2/apache-cassandra-3.11.2-bin.tar.gz : extract apache-cassandra-3.11.2/tools/bin/sstablemetadata.bat
2018-07-24 15:45:56 [main] INFO  c.g.n.embedded.cassandra.Cassandra - Extract /root/.embedded-cassandra/cassandra/3.11.2/apache-cassandra-3.11.2-bin.tar.gz : extract apache-cassandra-3.11.2/tools/bin/sstableofflinerelevel
2018-07-24 15:45:56 [main] INFO  c.g.n.embedded.cassandra.Cassandra - Extract /root/.embedded-cassandra/cassandra/3.11.2/apache-cassandra-3.11.2-bin.tar.gz : extract apache-cassandra-3.11.2/tools/bin/sstableofflinerelevel.bat
2018-07-24 15:45:56 [main] INFO  c.g.n.embedded.cassandra.Cassandra - Extract /root/.embedded-cassandra/cassandra/3.11.2/apache-cassandra-3.11.2-bin.tar.gz : extract apache-cassandra-3.11.2/tools/bin/sstablerepairedset
2018-07-24 15:45:56 [main] INFO  c.g.n.embedded.cassandra.Cassandra - Extract /root/.embedded-cassandra/cassandra/3.11.2/apache-cassandra-3.11.2-bin.tar.gz : extract apache-cassandra-3.11.2/tools/bin/sstablerepairedset.bat
2018-07-24 15:45:56 [main] INFO  c.g.n.embedded.cassandra.Cassandra - Extract /root/.embedded-cassandra/cassandra/3.11.2/apache-cassandra-3.11.2-bin.tar.gz : extract apache-cassandra-3.11.2/tools/bin/sstablesplit
2018-07-24 15:45:56 [main] INFO  c.g.n.embedded.cassandra.Cassandra - Extract /root/.embedded-cassandra/cassandra/3.11.2/apache-cassandra-3.11.2-bin.tar.gz : extract apache-cassandra-3.11.2/tools/bin/sstablesplit.bat
2018-07-24 15:45:56 [main] INFO  c.g.n.embedded.cassandra.Cassandra - Extract /root/.embedded-cassandra/cassandra/3.11.2/apache-cassandra-3.11.2-bin.tar.gz : extract apache-cassandra-3.11.2/tools/cqlstress-counter-example.yaml
2018-07-24 15:45:56 [main] INFO  c.g.n.embedded.cassandra.Cassandra - Extract /root/.embedded-cassandra/cassandra/3.11.2/apache-cassandra-3.11.2-bin.tar.gz : extract apache-cassandra-3.11.2/tools/cqlstress-example.yaml
2018-07-24 15:45:56 [main] INFO  c.g.n.embedded.cassandra.Cassandra - Extract /root/.embedded-cassandra/cassandra/3.11.2/apache-cassandra-3.11.2-bin.tar.gz : extract apache-cassandra-3.11.2/tools/cqlstress-insanity-example.yaml
2018-07-24 15:45:56 [main] INFO  c.g.n.embedded.cassandra.Cassandra - Extract /root/.embedded-cassandra/cassandra/3.11.2/apache-cassandra-3.11.2-bin.tar.gz : extract apache-cassandra-3.11.2/tools/lib/stress.jar
2018-07-24 15:45:56 [main] INFO  c.g.n.embedded.cassandra.Cassandra - Extract /root/.embedded-cassandra/cassandra/3.11.2/apache-cassandra-3.11.2-bin.tar.gz : extract apache-cassandra-3.11.2/bin/cassandra.in.sh
2018-07-24 15:45:56 [main] INFO  c.g.n.embedded.cassandra.Cassandra - Extract /root/.embedded-cassandra/cassandra/3.11.2/apache-cassandra-3.11.2-bin.tar.gz : extract apache-cassandra-3.11.2/bin/cassandra
2018-07-24 15:45:56 [main] INFO  c.g.n.embedded.cassandra.Cassandra - Extract /root/.embedded-cassandra/cassandra/3.11.2/apache-cassandra-3.11.2-bin.tar.gz : extract apache-cassandra-3.11.2/bin/cassandra.bat
2018-07-24 15:45:56 [main] INFO  c.g.n.embedded.cassandra.Cassandra - Extract /root/.embedded-cassandra/cassandra/3.11.2/apache-cassandra-3.11.2-bin.tar.gz : extract apache-cassandra-3.11.2/bin/cassandra.in.bat
2018-07-24 15:45:56 [main] INFO  c.g.n.embedded.cassandra.Cassandra - Extract /root/.embedded-cassandra/cassandra/3.11.2/apache-cassandra-3.11.2-bin.tar.gz : extract apache-cassandra-3.11.2/bin/cqlsh
2018-07-24 15:45:56 [main] INFO  c.g.n.embedded.cassandra.Cassandra - Extract /root/.embedded-cassandra/cassandra/3.11.2/apache-cassandra-3.11.2-bin.tar.gz : extract apache-cassandra-3.11.2/bin/cqlsh.bat
2018-07-24 15:45:56 [main] INFO  c.g.n.embedded.cassandra.Cassandra - Extract /root/.embedded-cassandra/cassandra/3.11.2/apache-cassandra-3.11.2-bin.tar.gz : extract apache-cassandra-3.11.2/bin/cqlsh.py
2018-07-24 15:45:56 [main] INFO  c.g.n.embedded.cassandra.Cassandra - Extract /root/.embedded-cassandra/cassandra/3.11.2/apache-cassandra-3.11.2-bin.tar.gz : extract apache-cassandra-3.11.2/bin/debug-cql
2018-07-24 15:45:56 [main] INFO  c.g.n.embedded.cassandra.Cassandra - Extract /root/.embedded-cassandra/cassandra/3.11.2/apache-cassandra-3.11.2-bin.tar.gz : extract apache-cassandra-3.11.2/bin/debug-cql.bat
2018-07-24 15:45:56 [main] INFO  c.g.n.embedded.cassandra.Cassandra - Extract /root/.embedded-cassandra/cassandra/3.11.2/apache-cassandra-3.11.2-bin.tar.gz : extract apache-cassandra-3.11.2/bin/nodetool
2018-07-24 15:45:56 [main] INFO  c.g.n.embedded.cassandra.Cassandra - Extract /root/.embedded-cassandra/cassandra/3.11.2/apache-cassandra-3.11.2-bin.tar.gz : extract apache-cassandra-3.11.2/bin/nodetool.bat
2018-07-24 15:45:56 [main] INFO  c.g.n.embedded.cassandra.Cassandra - Extract /root/.embedded-cassandra/cassandra/3.11.2/apache-cassandra-3.11.2-bin.tar.gz : extract apache-cassandra-3.11.2/bin/source-conf.ps1
2018-07-24 15:45:56 [main] INFO  c.g.n.embedded.cassandra.Cassandra - Extract /root/.embedded-cassandra/cassandra/3.11.2/apache-cassandra-3.11.2-bin.tar.gz : extract apache-cassandra-3.11.2/bin/sstableloader
2018-07-24 15:45:56 [main] INFO  c.g.n.embedded.cassandra.Cassandra - Extract /root/.embedded-cassandra/cassandra/3.11.2/apache-cassandra-3.11.2-bin.tar.gz : extract apache-cassandra-3.11.2/bin/sstableloader.bat
2018-07-24 15:45:56 [main] INFO  c.g.n.embedded.cassandra.Cassandra - Extract /root/.embedded-cassandra/cassandra/3.11.2/apache-cassandra-3.11.2-bin.tar.gz : extract apache-cassandra-3.11.2/bin/sstablescrub
2018-07-24 15:45:56 [main] INFO  c.g.n.embedded.cassandra.Cassandra - Extract /root/.embedded-cassandra/cassandra/3.11.2/apache-cassandra-3.11.2-bin.tar.gz : extract apache-cassandra-3.11.2/bin/sstablescrub.bat
2018-07-24 15:45:56 [main] INFO  c.g.n.embedded.cassandra.Cassandra - Extract /root/.embedded-cassandra/cassandra/3.11.2/apache-cassandra-3.11.2-bin.tar.gz : extract apache-cassandra-3.11.2/bin/sstableupgrade
2018-07-24 15:45:56 [main] INFO  c.g.n.embedded.cassandra.Cassandra - Extract /root/.embedded-cassandra/cassandra/3.11.2/apache-cassandra-3.11.2-bin.tar.gz : extract apache-cassandra-3.11.2/bin/sstableupgrade.bat
2018-07-24 15:45:56 [main] INFO  c.g.n.embedded.cassandra.Cassandra - Extract /root/.embedded-cassandra/cassandra/3.11.2/apache-cassandra-3.11.2-bin.tar.gz : extract apache-cassandra-3.11.2/bin/sstableutil
2018-07-24 15:45:56 [main] INFO  c.g.n.embedded.cassandra.Cassandra - Extract /root/.embedded-cassandra/cassandra/3.11.2/apache-cassandra-3.11.2-bin.tar.gz : extract apache-cassandra-3.11.2/bin/sstableutil.bat
2018-07-24 15:45:56 [main] INFO  c.g.n.embedded.cassandra.Cassandra - Extract /root/.embedded-cassandra/cassandra/3.11.2/apache-cassandra-3.11.2-bin.tar.gz : extract apache-cassandra-3.11.2/bin/sstableverify
2018-07-24 15:45:56 [main] INFO  c.g.n.embedded.cassandra.Cassandra - Extract /root/.embedded-cassandra/cassandra/3.11.2/apache-cassandra-3.11.2-bin.tar.gz : extract apache-cassandra-3.11.2/bin/sstableverify.bat
2018-07-24 15:45:56 [main] INFO  c.g.n.embedded.cassandra.Cassandra - Extract /root/.embedded-cassandra/cassandra/3.11.2/apache-cassandra-3.11.2-bin.tar.gz : extract apache-cassandra-3.11.2/bin/stop-server
2018-07-24 15:45:56 [main] INFO  c.g.n.embedded.cassandra.Cassandra - Extract /root/.embedded-cassandra/cassandra/3.11.2/apache-cassandra-3.11.2-bin.tar.gz : extract apache-cassandra-3.11.2/bin/stop-server.bat
2018-07-24 15:45:56 [main] INFO  c.g.n.embedded.cassandra.Cassandra - Extract /root/.embedded-cassandra/cassandra/3.11.2/apache-cassandra-3.11.2-bin.tar.gz : extract apache-cassandra-3.11.2/bin/stop-server.ps1
2018-07-24 15:45:56 [main] INFO  c.g.n.embedded.cassandra.Cassandra - Extract /root/.embedded-cassandra/cassandra/3.11.2/apache-cassandra-3.11.2-bin.tar.gz : finished
2018-07-24 15:45:56 [main] INFO  c.g.n.e.c.process.CassandraProcess - Starting Cassandra Process with a command line [/tmp/temp--6677e555-7bc2-48e5-98e4-8ccb66712354/apache-cassandra-3.11.2/bin/cassandra, -f, -Dcassandra.jmx.local.port=42379]
2018-07-24 15:45:56 [Thread-5] INFO  c.g.n.embedded.cassandra.Cassandra - Running Cassandra as root user or group is not recommended - please start Cassandra using a different system user.
2018-07-24 15:45:56 [Thread-5] INFO  c.g.n.embedded.cassandra.Cassandra - If you really want to force running Cassandra as root, use -R command line option.
]]></system-out>
  </testcase>
</testsuite>