<?xml version="1.0" encoding="UTF-8"?>
<testsuite xmlns:xsi="http://www.w3.org/2001/XMLSchema-instance" xsi:noNamespaceSchemaLocation="https://maven.apache.org/surefire/maven-surefire-plugin/xsd/surefire-test-report.xsd" name="com.github.nosan.embedded.cassandra.support.LatestPackageResolverTests" time="0.017" tests="3" errors="0" skipped="0" failures="1">
  <properties>
    <property name="java.runtime.name" value="OpenJDK Runtime Environment"/>
    <property name="sun.boot.library.path" value="/usr/lib/jvm/java-8-openjdk-amd64/jre/lib/amd64"/>
    <property name="java.vm.version" value="25.121-b13"/>
    <property name="java.vm.vendor" value="Oracle Corporation"/>
    <property name="maven.multiModuleProjectDirectory" value="/root/workspace/nosan/embedded-cassandra/407994815"/>
    <property name="java.vendor.url" value="http://java.oracle.com/"/>
    <property name="path.separator" value=":"/>
    <property name="guice.disable.misplaced.annotation.check" value="true"/>
    <property name="skip.gulp" value="true"/>
    <property name="java.vm.name" value="OpenJDK 64-Bit Server VM"/>
    <property name="file.encoding.pkg" value="sun.io"/>
    <property name="sun.java.launcher" value="SUN_STANDARD"/>
    <property name="sun.os.patch.level" value="unknown"/>
    <property name="findbugs.skip" value="true"/>
    <property name="java.vm.specification.name" value="Java Virtual Machine Specification"/>
    <property name="user.dir" value="/root/workspace/nosan/embedded-cassandra/407994815"/>
    <property name="checkstyle.skip" value="true"/>
    <property name="java.runtime.version" value="1.8.0_121-8u121-b13-1~bpo8+1-b13"/>
    <property name="java.awt.graphicsenv" value="sun.awt.X11GraphicsEnvironment"/>
    <property name="skip.npm" value="true"/>
    <property name="java.endorsed.dirs" value="/usr/lib/jvm/java-8-openjdk-amd64/jre/lib/endorsed"/>
    <property name="os.arch" value="amd64"/>
    <property name="java.io.tmpdir" value="/tmp"/>
    <property name="gpg.skip" value="true"/>
    <property name="line.separator" value="&#10;"/>
    <property name="java.vm.specification.vendor" value="Oracle Corporation"/>
    <property name="cobertura.skip" value="true"/>
    <property name="os.name" value="Linux"/>
    <property name="classworlds.conf" value="/usr/share/maven/bin/m2.conf"/>
    <property name="sun.jnu.encoding" value="UTF-8"/>
    <property name="java.library.path" value="/usr/java/packages/lib/amd64:/usr/lib/x86_64-linux-gnu/jni:/lib/x86_64-linux-gnu:/usr/lib/x86_64-linux-gnu:/usr/lib/jni:/lib:/usr/lib"/>
    <property name="license.skip" value="true"/>
    <property name="java.specification.name" value="Java Platform API Specification"/>
    <property name="java.class.version" value="52.0"/>
    <property name="sun.management.compiler" value="HotSpot 64-Bit Tiered Compilers"/>
    <property name="skip.bower" value="true"/>
    <property name="maven.repo.local" value="/root/./workspace/nosan/embedded-cassandra/407994815/.m2"/>
    <property name="os.version" value="4.9.0-6-amd64"/>
    <property name="user.home" value="/root"/>
    <property name="user.timezone" value="Europe/Paris"/>
    <property name="java.awt.printerjob" value="sun.print.PSPrinterJob"/>
    <property name="java.specification.version" value="1.8"/>
    <property name="file.encoding" value="UTF-8"/>
    <property name="user.name" value="root"/>
    <property name="java.class.path" value="/usr/share/maven/boot/plexus-classworlds-2.5.2.jar"/>
    <property name="skipITs" value="true"/>
    <property name="java.vm.specification.version" value="1.8"/>
    <property name="sun.arch.data.model" value="64"/>
    <property name="java.home" value="/usr/lib/jvm/java-8-openjdk-amd64/jre"/>
    <property name="sun.java.command" value="org.codehaus.plexus.classworlds.launcher.Launcher -B -D enforcer.skip=true -D dependency-check.skip=true -D skipITs=true -D cobertura.skip=true -D maven.repo.local=/root/./workspace/nosan/embedded-cassandra/407994815/.m2 -D rat.skip=true -D findbugs.skip=true -D skip.bower=true -D gpg.skip=true -D checkstyle.skip=true -D skip.gulp=true -D license.skip=true -D skip.npm=true test"/>
    <property name="java.specification.vendor" value="Oracle Corporation"/>
    <property name="user.language" value="en"/>
    <property name="awt.toolkit" value="sun.awt.X11.XToolkit"/>
    <property name="dependency-check.skip" value="true"/>
    <property name="java.vm.info" value="mixed mode"/>
    <property name="java.version" value="1.8.0_121"/>
    <property name="java.ext.dirs" value="/usr/lib/jvm/java-8-openjdk-amd64/jre/lib/ext:/usr/java/packages/lib/ext"/>
    <property name="securerandom.source" value="file:/dev/./urandom"/>
    <property name="sun.boot.class.path" value="/usr/lib/jvm/java-8-openjdk-amd64/jre/lib/resources.jar:/usr/lib/jvm/java-8-openjdk-amd64/jre/lib/rt.jar:/usr/lib/jvm/java-8-openjdk-amd64/jre/lib/sunrsasign.jar:/usr/lib/jvm/java-8-openjdk-amd64/jre/lib/jsse.jar:/usr/lib/jvm/java-8-openjdk-amd64/jre/lib/jce.jar:/usr/lib/jvm/java-8-openjdk-amd64/jre/lib/charsets.jar:/usr/lib/jvm/java-8-openjdk-amd64/jre/lib/jfr.jar:/usr/lib/jvm/java-8-openjdk-amd64/jre/classes"/>
    <property name="java.vendor" value="Oracle Corporation"/>
    <property name="enforcer.skip" value="true"/>
    <property name="rat.skip" value="true"/>
    <property name="maven.home" value="/usr/share/maven"/>
    <property name="file.separator" value="/"/>
    <property name="java.vendor.url.bug" value="http://bugreport.sun.com/bugreport/"/>
    <property name="sun.cpu.endian" value="little"/>
    <property name="sun.io.unicode.encoding" value="UnicodeLittle"/>
    <property name="sun.cpu.isalist" value=""/>
  </properties>
  <testcase name="getPath" classname="com.github.nosan.embedded.cassandra.support.LatestPackageResolverTests" time="0"/>
  <testcase name="getFileSet" classname="com.github.nosan.embedded.cassandra.support.LatestPackageResolverTests" time="0.004">
    <failure message="&#10;Expected size:&lt;186&gt; but was:&lt;171&gt; in:&#10;&lt;[de.flapdoodle.embed.process.config.store.FileSet$Entry@14f485c5,&#10;    de.flapdoodle.embed.process.config.store.FileSet$Entry@3cfce131,&#10;    de.flapdoodle.embed.process.config.store.FileSet$Entry@a6a955d9,&#10;    de.flapdoodle.embed.process.config.store.FileSet$Entry@199a39f9,&#10;    de.flapdoodle.embed.process.config.store.FileSet$Entry@a27c8e59,&#10;    de.flapdoodle.embed.process.config.store.FileSet$Entry@e57fc139,&#10;    de.flapdoodle.embed.process.config.store.FileSet$Entry@d4b72f71,&#10;    de.flapdoodle.embed.process.config.store.FileSet$Entry@e7e5a279,&#10;    de.flapdoodle.embed.process.config.store.FileSet$Entry@6a01c559,&#10;    de.flapdoodle.embed.process.config.store.FileSet$Entry@a4115a31,&#10;    de.flapdoodle.embed.process.config.store.FileSet$Entry@359ae111,&#10;    de.flapdoodle.embed.process.config.store.FileSet$Entry@39da7db9,&#10;    de.flapdoodle.embed.process.config.store.FileSet$Entry@f4b9d819,&#10;    de.flapdoodle.embed.process.config.store.FileSet$Entry@e0822af9,&#10;    de.flapdoodle.embed.process.config.store.FileSet$Entry@43fbb911,&#10;    de.flapdoodle.embed.process.config.store.FileSet$Entry@97acff1,&#10;    de.flapdoodle.embed.process.config.store.FileSet$Entry@8ad207b1,&#10;    de.flapdoodle.embed.process.config.store.FileSet$Entry@4948ce91,&#10;    de.flapdoodle.embed.process.config.store.FileSet$Entry@e86c46f9,&#10;    de.flapdoodle.embed.process.config.store.FileSet$Entry@c5a229d9,&#10;    de.flapdoodle.embed.process.config.store.FileSet$Entry@624e4d9,&#10;    de.flapdoodle.embed.process.config.store.FileSet$Entry@f818d7b9,&#10;    de.flapdoodle.embed.process.config.store.FileSet$Entry@95d366b9,&#10;    de.flapdoodle.embed.process.config.store.FileSet$Entry@26f36999,&#10;    de.flapdoodle.embed.process.config.store.FileSet$Entry@26fa38b9,&#10;    de.flapdoodle.embed.process.config.store.FileSet$Entry@a8a74691,&#10;    de.flapdoodle.embed.process.config.store.FileSet$Entry@fc0adbb9,&#10;    de.flapdoodle.embed.process.config.store.FileSet$Entry@607c2bd1,&#10;    de.flapdoodle.embed.process.config.store.FileSet$Entry@2338fb51,&#10;    de.flapdoodle.embed.process.config.store.FileSet$Entry@201fcd31,&#10;    de.flapdoodle.embed.process.config.store.FileSet$Entry@3f3a82f9,&#10;    de.flapdoodle.embed.process.config.store.FileSet$Entry@291d3d9,&#10;    de.flapdoodle.embed.process.config.store.FileSet$Entry@fb49bbd9,&#10;    de.flapdoodle.embed.process.config.store.FileSet$Entry@8620a39,&#10;    de.flapdoodle.embed.process.config.store.FileSet$Entry@2ac504b1,&#10;    de.flapdoodle.embed.process.config.store.FileSet$Entry@f28b71d1,&#10;    de.flapdoodle.embed.process.config.store.FileSet$Entry@3c06f511,&#10;    de.flapdoodle.embed.process.config.store.FileSet$Entry@9c48fed1,&#10;    de.flapdoodle.embed.process.config.store.FileSet$Entry@46a8ff11,&#10;    de.flapdoodle.embed.process.config.store.FileSet$Entry@db450391,&#10;    de.flapdoodle.embed.process.config.store.FileSet$Entry@d358aff1,&#10;    de.flapdoodle.embed.process.config.store.FileSet$Entry@7349ba19,&#10;    de.flapdoodle.embed.process.config.store.FileSet$Entry@227ab979,&#10;    de.flapdoodle.embed.process.config.store.FileSet$Entry@7a19bd79,&#10;    de.flapdoodle.embed.process.config.store.FileSet$Entry@ab0b16b9,&#10;    de.flapdoodle.embed.process.config.store.FileSet$Entry@aa8433b1,&#10;    de.flapdoodle.embed.process.config.store.FileSet$Entry@7f1aab9,&#10;    de.flapdoodle.embed.process.config.store.FileSet$Entry@1f8bc711,&#10;    de.flapdoodle.embed.process.config.store.FileSet$Entry@83d7b311,&#10;    de.flapdoodle.embed.process.config.store.FileSet$Entry@96153679,&#10;    de.flapdoodle.embed.process.config.store.FileSet$Entry@c8aad6d1,&#10;    de.flapdoodle.embed.process.config.store.FileSet$Entry@67995e99,&#10;    de.flapdoodle.embed.process.config.store.FileSet$Entry@7dd6b559,&#10;    de.flapdoodle.embed.process.config.store.FileSet$Entry@1b75a279,&#10;    de.flapdoodle.embed.process.config.store.FileSet$Entry@224d9759,&#10;    de.flapdoodle.embed.process.config.store.FileSet$Entry@f66d4fd1,&#10;    de.flapdoodle.embed.process.config.store.FileSet$Entry@8a48eb51,&#10;    de.flapdoodle.embed.process.config.store.FileSet$Entry@ca7c9b99,&#10;    de.flapdoodle.embed.process.config.store.FileSet$Entry@4be9a6b9,&#10;    de.flapdoodle.embed.process.config.store.FileSet$Entry@f77104f9,&#10;    de.flapdoodle.embed.process.config.store.FileSet$Entry@50268811,&#10;    de.flapdoodle.embed.process.config.store.FileSet$Entry@1cea16d1,&#10;    de.flapdoodle.embed.process.config.store.FileSet$Entry@29827d71,&#10;    de.flapdoodle.embed.process.config.store.FileSet$Entry@d3bcd31,&#10;    de.flapdoodle.embed.process.config.store.FileSet$Entry@cc464db9,&#10;    de.flapdoodle.embed.process.config.store.FileSet$Entry@8ef75079,&#10;    de.flapdoodle.embed.process.config.store.FileSet$Entry@49a8dff1,&#10;    de.flapdoodle.embed.process.config.store.FileSet$Entry@2c6625f1,&#10;    de.flapdoodle.embed.process.config.store.FileSet$Entry@44aa72b1,&#10;    de.flapdoodle.embed.process.config.store.FileSet$Entry@3f4a6011,&#10;    de.flapdoodle.embed.process.config.store.FileSet$Entry@eeebba71,&#10;    de.flapdoodle.embed.process.config.store.FileSet$Entry@21f80679,&#10;    de.flapdoodle.embed.process.config.store.FileSet$Entry@e2c08ed9,&#10;    de.flapdoodle.embed.process.config.store.FileSet$Entry@15c297b9,&#10;    de.flapdoodle.embed.process.config.store.FileSet$Entry@15926e19,&#10;    de.flapdoodle.embed.process.config.store.FileSet$Entry@a1d78859,&#10;    de.flapdoodle.embed.process.config.store.FileSet$Entry@ecf68859,&#10;    de.flapdoodle.embed.process.config.store.FileSet$Entry@6103a831,&#10;    de.flapdoodle.embed.process.config.store.FileSet$Entry@d32602d9,&#10;    de.flapdoodle.embed.process.config.store.FileSet$Entry@f06a9171,&#10;    de.flapdoodle.embed.process.config.store.FileSet$Entry@8724a779,&#10;    de.flapdoodle.embed.process.config.store.FileSet$Entry@ed41ce51,&#10;    de.flapdoodle.embed.process.config.store.FileSet$Entry@1a01b199,&#10;    de.flapdoodle.embed.process.config.store.FileSet$Entry@7e2dd0d9,&#10;    de.flapdoodle.embed.process.config.store.FileSet$Entry@40d7f0b1,&#10;    de.flapdoodle.embed.process.config.store.FileSet$Entry@258b4bf1,&#10;    de.flapdoodle.embed.process.config.store.FileSet$Entry@2c4259,&#10;    de.flapdoodle.embed.process.config.store.FileSet$Entry@1dce8771,&#10;    de.flapdoodle.embed.process.config.store.FileSet$Entry@ed1af411,&#10;    de.flapdoodle.embed.process.config.store.FileSet$Entry@5cca1ad9,&#10;    de.flapdoodle.embed.process.config.store.FileSet$Entry@ac243179,&#10;    de.flapdoodle.embed.process.config.store.FileSet$Entry@fba8aaf9,&#10;    de.flapdoodle.embed.process.config.store.FileSet$Entry@fb0b3719,&#10;    de.flapdoodle.embed.process.config.store.FileSet$Entry@de599811,&#10;    de.flapdoodle.embed.process.config.store.FileSet$Entry@d6358131,&#10;    de.flapdoodle.embed.process.config.store.FileSet$Entry@55e3ffb1,&#10;    de.flapdoodle.embed.process.config.store.FileSet$Entry@4415c9d9,&#10;    de.flapdoodle.embed.process.config.store.FileSet$Entry@7a46da59,&#10;    de.flapdoodle.embed.process.config.store.FileSet$Entry@c03f6919,&#10;    de.flapdoodle.embed.process.config.store.FileSet$Entry@f6707999,&#10;    de.flapdoodle.embed.process.config.store.FileSet$Entry@62a1c199,&#10;    de.flapdoodle.embed.process.config.store.FileSet$Entry@8cb6ff39,&#10;    de.flapdoodle.embed.process.config.store.FileSet$Entry@9dbc9e79,&#10;    de.flapdoodle.embed.process.config.store.FileSet$Entry@f31fae79,&#10;    de.flapdoodle.embed.process.config.store.FileSet$Entry@62f1adb9,&#10;    de.flapdoodle.embed.process.config.store.FileSet$Entry@59b51e99,&#10;    de.flapdoodle.embed.process.config.store.FileSet$Entry@59c3aa79,&#10;    de.flapdoodle.embed.process.config.store.FileSet$Entry@cdeca3f9,&#10;    de.flapdoodle.embed.process.config.store.FileSet$Entry@4c34f019,&#10;    de.flapdoodle.embed.process.config.store.FileSet$Entry@ddcf9319,&#10;    de.flapdoodle.embed.process.config.store.FileSet$Entry@42333419,&#10;    de.flapdoodle.embed.process.config.store.FileSet$Entry@4236e839,&#10;    de.flapdoodle.embed.process.config.store.FileSet$Entry@8b37cb91,&#10;    de.flapdoodle.embed.process.config.store.FileSet$Entry@7510a719,&#10;    de.flapdoodle.embed.process.config.store.FileSet$Entry@234ebe31,&#10;    de.flapdoodle.embed.process.config.store.FileSet$Entry@ee45a39,&#10;    de.flapdoodle.embed.process.config.store.FileSet$Entry@dc1ae351,&#10;    de.flapdoodle.embed.process.config.store.FileSet$Entry@addcc6d1,&#10;    de.flapdoodle.embed.process.config.store.FileSet$Entry@3871e959,&#10;    de.flapdoodle.embed.process.config.store.FileSet$Entry@a0380491,&#10;    de.flapdoodle.embed.process.config.store.FileSet$Entry@a2a5d3b1,&#10;    de.flapdoodle.embed.process.config.store.FileSet$Entry@6f3a7551,&#10;    de.flapdoodle.embed.process.config.store.FileSet$Entry@b2eea6b9,&#10;    de.flapdoodle.embed.process.config.store.FileSet$Entry@4d841719,&#10;    de.flapdoodle.embed.process.config.store.FileSet$Entry@1eba1391,&#10;    de.flapdoodle.embed.process.config.store.FileSet$Entry@1563def1,&#10;    de.flapdoodle.embed.process.config.store.FileSet$Entry@b81756f1,&#10;    de.flapdoodle.embed.process.config.store.FileSet$Entry@27e314d1,&#10;    de.flapdoodle.embed.process.config.store.FileSet$Entry@ca70b171,&#10;    de.flapdoodle.embed.process.config.store.FileSet$Entry@f4384f9,&#10;    de.flapdoodle.embed.process.config.store.FileSet$Entry@7d93ac79,&#10;    de.flapdoodle.embed.process.config.store.FileSet$Entry@3fed8b1,&#10;    de.flapdoodle.embed.process.config.store.FileSet$Entry@474e6259,&#10;    de.flapdoodle.embed.process.config.store.FileSet$Entry@90c218b1,&#10;    de.flapdoodle.embed.process.config.store.FileSet$Entry@edb43551,&#10;    de.flapdoodle.embed.process.config.store.FileSet$Entry@8606da39,&#10;    de.flapdoodle.embed.process.config.store.FileSet$Entry@e39b3611,&#10;    de.flapdoodle.embed.process.config.store.FileSet$Entry@8d9b0c91,&#10;    de.flapdoodle.embed.process.config.store.FileSet$Entry@b432e611,&#10;    de.flapdoodle.embed.process.config.store.FileSet$Entry@482841f1,&#10;    de.flapdoodle.embed.process.config.store.FileSet$Entry@5a30a99,&#10;    de.flapdoodle.embed.process.config.store.FileSet$Entry@dff7e8b1,&#10;    de.flapdoodle.embed.process.config.store.FileSet$Entry@aa47e859,&#10;    de.flapdoodle.embed.process.config.store.FileSet$Entry@e06e78d9,&#10;    de.flapdoodle.embed.process.config.store.FileSet$Entry@cb1c5451,&#10;    de.flapdoodle.embed.process.config.store.FileSet$Entry@cd2961d9,&#10;    de.flapdoodle.embed.process.config.store.FileSet$Entry@670ba491,&#10;    de.flapdoodle.embed.process.config.store.FileSet$Entry@258ecf91,&#10;    de.flapdoodle.embed.process.config.store.FileSet$Entry@269ea671,&#10;    de.flapdoodle.embed.process.config.store.FileSet$Entry@afa311d9,&#10;    de.flapdoodle.embed.process.config.store.FileSet$Entry@91d6fab1,&#10;    de.flapdoodle.embed.process.config.store.FileSet$Entry@1c56f079,&#10;    de.flapdoodle.embed.process.config.store.FileSet$Entry@26189bf9,&#10;    de.flapdoodle.embed.process.config.store.FileSet$Entry@1e117bb9,&#10;    de.flapdoodle.embed.process.config.store.FileSet$Entry@881efe99,&#10;    de.flapdoodle.embed.process.config.store.FileSet$Entry@fa107d71,&#10;    de.flapdoodle.embed.process.config.store.FileSet$Entry@64d66451,&#10;    de.flapdoodle.embed.process.config.store.FileSet$Entry@9ea35399,&#10;    de.flapdoodle.embed.process.config.store.FileSet$Entry@3a41e679,&#10;    de.flapdoodle.embed.process.config.store.FileSet$Entry@ffddc119,&#10;    de.flapdoodle.embed.process.config.store.FileSet$Entry@758993f9,&#10;    de.flapdoodle.embed.process.config.store.FileSet$Entry@3d28a5f9,&#10;    de.flapdoodle.embed.process.config.store.FileSet$Entry@971708d9,&#10;    de.flapdoodle.embed.process.config.store.FileSet$Entry@9915e71,&#10;    de.flapdoodle.embed.process.config.store.FileSet$Entry@16fec551,&#10;    de.flapdoodle.embed.process.config.store.FileSet$Entry@e198aff1,&#10;    de.flapdoodle.embed.process.config.store.FileSet$Entry@100156d1,&#10;    de.flapdoodle.embed.process.config.store.FileSet$Entry@4d384351,&#10;    de.flapdoodle.embed.process.config.store.FileSet$Entry@7fc61931,&#10;    de.flapdoodle.embed.process.config.store.FileSet$Entry@408af5b9,&#10;    de.flapdoodle.embed.process.config.store.FileSet$Entry@2d2975d1]&gt;" type="java.lang.AssertionError"><![CDATA[java.lang.AssertionError: 

Expected size:<186> but was:<171> in:
<[de.flapdoodle.embed.process.config.store.FileSet$Entry@14f485c5,
    de.flapdoodle.embed.process.config.store.FileSet$Entry@3cfce131,
    de.flapdoodle.embed.process.config.store.FileSet$Entry@a6a955d9,
    de.flapdoodle.embed.process.config.store.FileSet$Entry@199a39f9,
    de.flapdoodle.embed.process.config.store.FileSet$Entry@a27c8e59,
    de.flapdoodle.embed.process.config.store.FileSet$Entry@e57fc139,
    de.flapdoodle.embed.process.config.store.FileSet$Entry@d4b72f71,
    de.flapdoodle.embed.process.config.store.FileSet$Entry@e7e5a279,
    de.flapdoodle.embed.process.config.store.FileSet$Entry@6a01c559,
    de.flapdoodle.embed.process.config.store.FileSet$Entry@a4115a31,
    de.flapdoodle.embed.process.config.store.FileSet$Entry@359ae111,
    de.flapdoodle.embed.process.config.store.FileSet$Entry@39da7db9,
    de.flapdoodle.embed.process.config.store.FileSet$Entry@f4b9d819,
    de.flapdoodle.embed.process.config.store.FileSet$Entry@e0822af9,
    de.flapdoodle.embed.process.config.store.FileSet$Entry@43fbb911,
    de.flapdoodle.embed.process.config.store.FileSet$Entry@97acff1,
    de.flapdoodle.embed.process.config.store.FileSet$Entry@8ad207b1,
    de.flapdoodle.embed.process.config.store.FileSet$Entry@4948ce91,
    de.flapdoodle.embed.process.config.store.FileSet$Entry@e86c46f9,
    de.flapdoodle.embed.process.config.store.FileSet$Entry@c5a229d9,
    de.flapdoodle.embed.process.config.store.FileSet$Entry@624e4d9,
    de.flapdoodle.embed.process.config.store.FileSet$Entry@f818d7b9,
    de.flapdoodle.embed.process.config.store.FileSet$Entry@95d366b9,
    de.flapdoodle.embed.process.config.store.FileSet$Entry@26f36999,
    de.flapdoodle.embed.process.config.store.FileSet$Entry@26fa38b9,
    de.flapdoodle.embed.process.config.store.FileSet$Entry@a8a74691,
    de.flapdoodle.embed.process.config.store.FileSet$Entry@fc0adbb9,
    de.flapdoodle.embed.process.config.store.FileSet$Entry@607c2bd1,
    de.flapdoodle.embed.process.config.store.FileSet$Entry@2338fb51,
    de.flapdoodle.embed.process.config.store.FileSet$Entry@201fcd31,
    de.flapdoodle.embed.process.config.store.FileSet$Entry@3f3a82f9,
    de.flapdoodle.embed.process.config.store.FileSet$Entry@291d3d9,
    de.flapdoodle.embed.process.config.store.FileSet$Entry@fb49bbd9,
    de.flapdoodle.embed.process.config.store.FileSet$Entry@8620a39,
    de.flapdoodle.embed.process.config.store.FileSet$Entry@2ac504b1,
    de.flapdoodle.embed.process.config.store.FileSet$Entry@f28b71d1,
    de.flapdoodle.embed.process.config.store.FileSet$Entry@3c06f511,
    de.flapdoodle.embed.process.config.store.FileSet$Entry@9c48fed1,
    de.flapdoodle.embed.process.config.store.FileSet$Entry@46a8ff11,
    de.flapdoodle.embed.process.config.store.FileSet$Entry@db450391,
    de.flapdoodle.embed.process.config.store.FileSet$Entry@d358aff1,
    de.flapdoodle.embed.process.config.store.FileSet$Entry@7349ba19,
    de.flapdoodle.embed.process.config.store.FileSet$Entry@227ab979,
    de.flapdoodle.embed.process.config.store.FileSet$Entry@7a19bd79,
    de.flapdoodle.embed.process.config.store.FileSet$Entry@ab0b16b9,
    de.flapdoodle.embed.process.config.store.FileSet$Entry@aa8433b1,
    de.flapdoodle.embed.process.config.store.FileSet$Entry@7f1aab9,
    de.flapdoodle.embed.process.config.store.FileSet$Entry@1f8bc711,
    de.flapdoodle.embed.process.config.store.FileSet$Entry@83d7b311,
    de.flapdoodle.embed.process.config.store.FileSet$Entry@96153679,
    de.flapdoodle.embed.process.config.store.FileSet$Entry@c8aad6d1,
    de.flapdoodle.embed.process.config.store.FileSet$Entry@67995e99,
    de.flapdoodle.embed.process.config.store.FileSet$Entry@7dd6b559,
    de.flapdoodle.embed.process.config.store.FileSet$Entry@1b75a279,
    de.flapdoodle.embed.process.config.store.FileSet$Entry@224d9759,
    de.flapdoodle.embed.process.config.store.FileSet$Entry@f66d4fd1,
    de.flapdoodle.embed.process.config.store.FileSet$Entry@8a48eb51,
    de.flapdoodle.embed.process.config.store.FileSet$Entry@ca7c9b99,
    de.flapdoodle.embed.process.config.store.FileSet$Entry@4be9a6b9,
    de.flapdoodle.embed.process.config.store.FileSet$Entry@f77104f9,
    de.flapdoodle.embed.process.config.store.FileSet$Entry@50268811,
    de.flapdoodle.embed.process.config.store.FileSet$Entry@1cea16d1,
    de.flapdoodle.embed.process.config.store.FileSet$Entry@29827d71,
    de.flapdoodle.embed.process.config.store.FileSet$Entry@d3bcd31,
    de.flapdoodle.embed.process.config.store.FileSet$Entry@cc464db9,
    de.flapdoodle.embed.process.config.store.FileSet$Entry@8ef75079,
    de.flapdoodle.embed.process.config.store.FileSet$Entry@49a8dff1,
    de.flapdoodle.embed.process.config.store.FileSet$Entry@2c6625f1,
    de.flapdoodle.embed.process.config.store.FileSet$Entry@44aa72b1,
    de.flapdoodle.embed.process.config.store.FileSet$Entry@3f4a6011,
    de.flapdoodle.embed.process.config.store.FileSet$Entry@eeebba71,
    de.flapdoodle.embed.process.config.store.FileSet$Entry@21f80679,
    de.flapdoodle.embed.process.config.store.FileSet$Entry@e2c08ed9,
    de.flapdoodle.embed.process.config.store.FileSet$Entry@15c297b9,
    de.flapdoodle.embed.process.config.store.FileSet$Entry@15926e19,
    de.flapdoodle.embed.process.config.store.FileSet$Entry@a1d78859,
    de.flapdoodle.embed.process.config.store.FileSet$Entry@ecf68859,
    de.flapdoodle.embed.process.config.store.FileSet$Entry@6103a831,
    de.flapdoodle.embed.process.config.store.FileSet$Entry@d32602d9,
    de.flapdoodle.embed.process.config.store.FileSet$Entry@f06a9171,
    de.flapdoodle.embed.process.config.store.FileSet$Entry@8724a779,
    de.flapdoodle.embed.process.config.store.FileSet$Entry@ed41ce51,
    de.flapdoodle.embed.process.config.store.FileSet$Entry@1a01b199,
    de.flapdoodle.embed.process.config.store.FileSet$Entry@7e2dd0d9,
    de.flapdoodle.embed.process.config.store.FileSet$Entry@40d7f0b1,
    de.flapdoodle.embed.process.config.store.FileSet$Entry@258b4bf1,
    de.flapdoodle.embed.process.config.store.FileSet$Entry@2c4259,
    de.flapdoodle.embed.process.config.store.FileSet$Entry@1dce8771,
    de.flapdoodle.embed.process.config.store.FileSet$Entry@ed1af411,
    de.flapdoodle.embed.process.config.store.FileSet$Entry@5cca1ad9,
    de.flapdoodle.embed.process.config.store.FileSet$Entry@ac243179,
    de.flapdoodle.embed.process.config.store.FileSet$Entry@fba8aaf9,
    de.flapdoodle.embed.process.config.store.FileSet$Entry@fb0b3719,
    de.flapdoodle.embed.process.config.store.FileSet$Entry@de599811,
    de.flapdoodle.embed.process.config.store.FileSet$Entry@d6358131,
    de.flapdoodle.embed.process.config.store.FileSet$Entry@55e3ffb1,
    de.flapdoodle.embed.process.config.store.FileSet$Entry@4415c9d9,
    de.flapdoodle.embed.process.config.store.FileSet$Entry@7a46da59,
    de.flapdoodle.embed.process.config.store.FileSet$Entry@c03f6919,
    de.flapdoodle.embed.process.config.store.FileSet$Entry@f6707999,
    de.flapdoodle.embed.process.config.store.FileSet$Entry@62a1c199,
    de.flapdoodle.embed.process.config.store.FileSet$Entry@8cb6ff39,
    de.flapdoodle.embed.process.config.store.FileSet$Entry@9dbc9e79,
    de.flapdoodle.embed.process.config.store.FileSet$Entry@f31fae79,
    de.flapdoodle.embed.process.config.store.FileSet$Entry@62f1adb9,
    de.flapdoodle.embed.process.config.store.FileSet$Entry@59b51e99,
    de.flapdoodle.embed.process.config.store.FileSet$Entry@59c3aa79,
    de.flapdoodle.embed.process.config.store.FileSet$Entry@cdeca3f9,
    de.flapdoodle.embed.process.config.store.FileSet$Entry@4c34f019,
    de.flapdoodle.embed.process.config.store.FileSet$Entry@ddcf9319,
    de.flapdoodle.embed.process.config.store.FileSet$Entry@42333419,
    de.flapdoodle.embed.process.config.store.FileSet$Entry@4236e839,
    de.flapdoodle.embed.process.config.store.FileSet$Entry@8b37cb91,
    de.flapdoodle.embed.process.config.store.FileSet$Entry@7510a719,
    de.flapdoodle.embed.process.config.store.FileSet$Entry@234ebe31,
    de.flapdoodle.embed.process.config.store.FileSet$Entry@ee45a39,
    de.flapdoodle.embed.process.config.store.FileSet$Entry@dc1ae351,
    de.flapdoodle.embed.process.config.store.FileSet$Entry@addcc6d1,
    de.flapdoodle.embed.process.config.store.FileSet$Entry@3871e959,
    de.flapdoodle.embed.process.config.store.FileSet$Entry@a0380491,
    de.flapdoodle.embed.process.config.store.FileSet$Entry@a2a5d3b1,
    de.flapdoodle.embed.process.config.store.FileSet$Entry@6f3a7551,
    de.flapdoodle.embed.process.config.store.FileSet$Entry@b2eea6b9,
    de.flapdoodle.embed.process.config.store.FileSet$Entry@4d841719,
    de.flapdoodle.embed.process.config.store.FileSet$Entry@1eba1391,
    de.flapdoodle.embed.process.config.store.FileSet$Entry@1563def1,
    de.flapdoodle.embed.process.config.store.FileSet$Entry@b81756f1,
    de.flapdoodle.embed.process.config.store.FileSet$Entry@27e314d1,
    de.flapdoodle.embed.process.config.store.FileSet$Entry@ca70b171,
    de.flapdoodle.embed.process.config.store.FileSet$Entry@f4384f9,
    de.flapdoodle.embed.process.config.store.FileSet$Entry@7d93ac79,
    de.flapdoodle.embed.process.config.store.FileSet$Entry@3fed8b1,
    de.flapdoodle.embed.process.config.store.FileSet$Entry@474e6259,
    de.flapdoodle.embed.process.config.store.FileSet$Entry@90c218b1,
    de.flapdoodle.embed.process.config.store.FileSet$Entry@edb43551,
    de.flapdoodle.embed.process.config.store.FileSet$Entry@8606da39,
    de.flapdoodle.embed.process.config.store.FileSet$Entry@e39b3611,
    de.flapdoodle.embed.process.config.store.FileSet$Entry@8d9b0c91,
    de.flapdoodle.embed.process.config.store.FileSet$Entry@b432e611,
    de.flapdoodle.embed.process.config.store.FileSet$Entry@482841f1,
    de.flapdoodle.embed.process.config.store.FileSet$Entry@5a30a99,
    de.flapdoodle.embed.process.config.store.FileSet$Entry@dff7e8b1,
    de.flapdoodle.embed.process.config.store.FileSet$Entry@aa47e859,
    de.flapdoodle.embed.process.config.store.FileSet$Entry@e06e78d9,
    de.flapdoodle.embed.process.config.store.FileSet$Entry@cb1c5451,
    de.flapdoodle.embed.process.config.store.FileSet$Entry@cd2961d9,
    de.flapdoodle.embed.process.config.store.FileSet$Entry@670ba491,
    de.flapdoodle.embed.process.config.store.FileSet$Entry@258ecf91,
    de.flapdoodle.embed.process.config.store.FileSet$Entry@269ea671,
    de.flapdoodle.embed.process.config.store.FileSet$Entry@afa311d9,
    de.flapdoodle.embed.process.config.store.FileSet$Entry@91d6fab1,
    de.flapdoodle.embed.process.config.store.FileSet$Entry@1c56f079,
    de.flapdoodle.embed.process.config.store.FileSet$Entry@26189bf9,
    de.flapdoodle.embed.process.config.store.FileSet$Entry@1e117bb9,
    de.flapdoodle.embed.process.config.store.FileSet$Entry@881efe99,
    de.flapdoodle.embed.process.config.store.FileSet$Entry@fa107d71,
    de.flapdoodle.embed.process.config.store.FileSet$Entry@64d66451,
    de.flapdoodle.embed.process.config.store.FileSet$Entry@9ea35399,
    de.flapdoodle.embed.process.config.store.FileSet$Entry@3a41e679,
    de.flapdoodle.embed.process.config.store.FileSet$Entry@ffddc119,
    de.flapdoodle.embed.process.config.store.FileSet$Entry@758993f9,
    de.flapdoodle.embed.process.config.store.FileSet$Entry@3d28a5f9,
    de.flapdoodle.embed.process.config.store.FileSet$Entry@971708d9,
    de.flapdoodle.embed.process.config.store.FileSet$Entry@9915e71,
    de.flapdoodle.embed.process.config.store.FileSet$Entry@16fec551,
    de.flapdoodle.embed.process.config.store.FileSet$Entry@e198aff1,
    de.flapdoodle.embed.process.config.store.FileSet$Entry@100156d1,
    de.flapdoodle.embed.process.config.store.FileSet$Entry@4d384351,
    de.flapdoodle.embed.process.config.store.FileSet$Entry@7fc61931,
    de.flapdoodle.embed.process.config.store.FileSet$Entry@408af5b9,
    de.flapdoodle.embed.process.config.store.FileSet$Entry@2d2975d1]>
	at com.github.nosan.embedded.cassandra.support.LatestPackageResolverTests.getFileSet(LatestPackageResolverTests.java:45)
	at sun.reflect.NativeMethodAccessorImpl.invoke0(Native Method)
	at sun.reflect.NativeMethodAccessorImpl.invoke(NativeMethodAccessorImpl.java:62)
	at sun.reflect.DelegatingMethodAccessorImpl.invoke(DelegatingMethodAccessorImpl.java:43)
	at java.lang.reflect.Method.invoke(Method.java:498)
	at org.junit.runners.model.FrameworkMethod$1.runReflectiveCall(FrameworkMethod.java:50)
	at org.junit.internal.runners.model.ReflectiveCallable.run(ReflectiveCallable.java:12)
	at org.junit.runners.model.FrameworkMethod.invokeExplosively(FrameworkMethod.java:47)
	at org.junit.internal.runners.statements.InvokeMethod.evaluate(InvokeMethod.java:17)
	at org.junit.runners.ParentRunner.runLeaf(ParentRunner.java:325)
	at org.junit.runners.BlockJUnit4ClassRunner.runChild(BlockJUnit4ClassRunner.java:78)
	at org.junit.runners.BlockJUnit4ClassRunner.runChild(BlockJUnit4ClassRunner.java:57)
	at org.junit.runners.ParentRunner$3.run(ParentRunner.java:290)
	at org.junit.runners.ParentRunner$1.schedule(ParentRunner.java:71)
	at org.junit.runners.ParentRunner.runChildren(ParentRunner.java:288)
	at org.junit.runners.ParentRunner.access$000(ParentRunner.java:58)
	at org.junit.runners.ParentRunner$2.evaluate(ParentRunner.java:268)
	at org.junit.runners.ParentRunner.run(ParentRunner.java:363)
	at org.apache.maven.surefire.junit4.JUnit4Provider.execute(JUnit4Provider.java:365)
	at org.apache.maven.surefire.junit4.JUnit4Provider.executeWithRerun(JUnit4Provider.java:272)
	at org.apache.maven.surefire.junit4.JUnit4Provider.executeTestSet(JUnit4Provider.java:236)
	at org.apache.maven.surefire.junit4.JUnit4Provider.invoke(JUnit4Provider.java:159)
	at org.apache.maven.surefire.booter.ForkedBooter.invokeProviderInSameClassLoader(ForkedBooter.java:386)
	at org.apache.maven.surefire.booter.ForkedBooter.runSuitesInProcess(ForkedBooter.java:323)
	at org.apache.maven.surefire.booter.ForkedBooter.main(ForkedBooter.java:143)
]]></failure>
  </testcase>
  <testcase name="getArchiveType" classname="com.github.nosan.embedded.cassandra.support.LatestPackageResolverTests" time="0.001"/>
</testsuite>