<?xml version="1.0" encoding="UTF-8"?>
<testsuite xmlns:xsi="http://www.w3.org/2001/XMLSchema-instance" xsi:noNamespaceSchemaLocation="https://maven.apache.org/surefire/maven-surefire-plugin/xsd/surefire-test-report.xsd" name="com.github.nosan.embedded.cassandra.CassandraTests" time="14.386" tests="3" errors="2" skipped="0" failures="1">
  <properties>
    <property name="awt.toolkit" value="sun.awt.X11.XToolkit"/>
    <property name="file.encoding.pkg" value="sun.io"/>
    <property name="java.specification.version" value="1.8"/>
    <property name="sun.cpu.isalist" value=""/>
    <property name="sun.jnu.encoding" value="UTF-8"/>
    <property name="java.class.path" value="/root/workspace/nosan/embedded-cassandra/401405752/embedded-cassandra/target/test-classes:/root/workspace/nosan/embedded-cassandra/401405752/embedded-cassandra/target/classes:/root/./workspace/nosan/embedded-cassandra/401405752/.m2/de/flapdoodle/embed/de.flapdoodle.embed.process/2.0.5/de.flapdoodle.embed.process-2.0.5.jar:/root/./workspace/nosan/embedded-cassandra/401405752/.m2/net/java/dev/jna/jna-platform/4.5.1/jna-platform-4.5.1.jar:/root/./workspace/nosan/embedded-cassandra/401405752/.m2/net/java/dev/jna/jna/4.5.1/jna-4.5.1.jar:/root/./workspace/nosan/embedded-cassandra/401405752/.m2/org/apache/commons/commons-compress/1.17/commons-compress-1.17.jar:/root/./workspace/nosan/embedded-cassandra/401405752/.m2/org/apache/commons/commons-lang3/3.7/commons-lang3-3.7.jar:/root/./workspace/nosan/embedded-cassandra/401405752/.m2/org/slf4j/slf4j-api/1.7.25/slf4j-api-1.7.25.jar:/root/./workspace/nosan/embedded-cassandra/401405752/.m2/org/yaml/snakeyaml/1.21/snakeyaml-1.21.jar:/root/./workspace/nosan/embedded-cassandra/401405752/.m2/com/datastax/cassandra/cassandra-driver-core/3.5.0/cassandra-driver-core-3.5.0.jar:/root/./workspace/nosan/embedded-cassandra/401405752/.m2/io/netty/netty-handler/4.0.56.Final/netty-handler-4.0.56.Final.jar:/root/./workspace/nosan/embedded-cassandra/401405752/.m2/io/netty/netty-buffer/4.0.56.Final/netty-buffer-4.0.56.Final.jar:/root/./workspace/nosan/embedded-cassandra/401405752/.m2/io/netty/netty-common/4.0.56.Final/netty-common-4.0.56.Final.jar:/root/./workspace/nosan/embedded-cassandra/401405752/.m2/io/netty/netty-transport/4.0.56.Final/netty-transport-4.0.56.Final.jar:/root/./workspace/nosan/embedded-cassandra/401405752/.m2/io/netty/netty-codec/4.0.56.Final/netty-codec-4.0.56.Final.jar:/root/./workspace/nosan/embedded-cassandra/401405752/.m2/com/google/guava/guava/19.0/guava-19.0.jar:/root/./workspace/nosan/embedded-cassandra/401405752/.m2/io/dropwizard/metrics/metrics-core/3.2.2/metrics-core-3.2.2.jar:/root/./workspace/nosan/embedded-cassandra/401405752/.m2/com/github/jnr/jnr-ffi/2.1.7/jnr-ffi-2.1.7.jar:/root/./workspace/nosan/embedded-cassandra/401405752/.m2/com/github/jnr/jffi/1.2.16/jffi-1.2.16.jar:/root/./workspace/nosan/embedded-cassandra/401405752/.m2/com/github/jnr/jffi/1.2.16/jffi-1.2.16-native.jar:/root/./workspace/nosan/embedded-cassandra/401405752/.m2/org/ow2/asm/asm/5.0.3/asm-5.0.3.jar:/root/./workspace/nosan/embedded-cassandra/401405752/.m2/org/ow2/asm/asm-commons/5.0.3/asm-commons-5.0.3.jar:/root/./workspace/nosan/embedded-cassandra/401405752/.m2/org/ow2/asm/asm-analysis/5.0.3/asm-analysis-5.0.3.jar:/root/./workspace/nosan/embedded-cassandra/401405752/.m2/org/ow2/asm/asm-tree/5.0.3/asm-tree-5.0.3.jar:/root/./workspace/nosan/embedded-cassandra/401405752/.m2/org/ow2/asm/asm-util/5.0.3/asm-util-5.0.3.jar:/root/./workspace/nosan/embedded-cassandra/401405752/.m2/com/github/jnr/jnr-x86asm/1.0.2/jnr-x86asm-1.0.2.jar:/root/./workspace/nosan/embedded-cassandra/401405752/.m2/com/github/jnr/jnr-posix/3.0.44/jnr-posix-3.0.44.jar:/root/./workspace/nosan/embedded-cassandra/401405752/.m2/com/github/jnr/jnr-constants/0.9.9/jnr-constants-0.9.9.jar:/root/./workspace/nosan/embedded-cassandra/401405752/.m2/junit/junit/4.12/junit-4.12.jar:/root/./workspace/nosan/embedded-cassandra/401405752/.m2/org/hamcrest/hamcrest-core/1.3/hamcrest-core-1.3.jar:/root/./workspace/nosan/embedded-cassandra/401405752/.m2/org/assertj/assertj-core/3.8.0/assertj-core-3.8.0.jar:/root/./workspace/nosan/embedded-cassandra/401405752/.m2/ch/qos/logback/logback-classic/1.2.3/logback-classic-1.2.3.jar:/root/./workspace/nosan/embedded-cassandra/401405752/.m2/ch/qos/logback/logback-core/1.2.3/logback-core-1.2.3.jar:"/>
    <property name="java.vm.vendor" value="Oracle Corporation"/>
    <property name="skip.bower" value="true"/>
    <property name="sun.arch.data.model" value="64"/>
    <property name="java.vendor.url" value="http://java.oracle.com/"/>
    <property name="user.timezone" value=""/>
    <property name="java.vm.specification.version" value="1.8"/>
    <property name="os.name" value="Linux"/>
    <property name="rat.skip" value="true"/>
    <property name="gpg.skip" value="true"/>
    <property name="sun.java.launcher" value="SUN_STANDARD"/>
    <property name="sun.boot.library.path" value="/usr/lib/jvm/java-8-openjdk-amd64/jre/lib/amd64"/>
    <property name="skip.gulp" value="true"/>
    <property name="sun.java.command" value="/root/workspace/nosan/embedded-cassandra/401405752/embedded-cassandra/target/surefire/surefirebooter5998424843099385886.jar /root/workspace/nosan/embedded-cassandra/401405752/embedded-cassandra/target/surefire 2018-07-08T12-16-51_834-jvmRun1 surefire8458662581529864497tmp surefire_09007445010794332680tmp"/>
    <property name="dependency-check.skip" value="true"/>
    <property name="surefire.test.class.path" value="/root/workspace/nosan/embedded-cassandra/401405752/embedded-cassandra/target/test-classes:/root/workspace/nosan/embedded-cassandra/401405752/embedded-cassandra/target/classes:/root/./workspace/nosan/embedded-cassandra/401405752/.m2/de/flapdoodle/embed/de.flapdoodle.embed.process/2.0.5/de.flapdoodle.embed.process-2.0.5.jar:/root/./workspace/nosan/embedded-cassandra/401405752/.m2/net/java/dev/jna/jna-platform/4.5.1/jna-platform-4.5.1.jar:/root/./workspace/nosan/embedded-cassandra/401405752/.m2/net/java/dev/jna/jna/4.5.1/jna-4.5.1.jar:/root/./workspace/nosan/embedded-cassandra/401405752/.m2/org/apache/commons/commons-compress/1.17/commons-compress-1.17.jar:/root/./workspace/nosan/embedded-cassandra/401405752/.m2/org/apache/commons/commons-lang3/3.7/commons-lang3-3.7.jar:/root/./workspace/nosan/embedded-cassandra/401405752/.m2/org/slf4j/slf4j-api/1.7.25/slf4j-api-1.7.25.jar:/root/./workspace/nosan/embedded-cassandra/401405752/.m2/org/yaml/snakeyaml/1.21/snakeyaml-1.21.jar:/root/./workspace/nosan/embedded-cassandra/401405752/.m2/com/datastax/cassandra/cassandra-driver-core/3.5.0/cassandra-driver-core-3.5.0.jar:/root/./workspace/nosan/embedded-cassandra/401405752/.m2/io/netty/netty-handler/4.0.56.Final/netty-handler-4.0.56.Final.jar:/root/./workspace/nosan/embedded-cassandra/401405752/.m2/io/netty/netty-buffer/4.0.56.Final/netty-buffer-4.0.56.Final.jar:/root/./workspace/nosan/embedded-cassandra/401405752/.m2/io/netty/netty-common/4.0.56.Final/netty-common-4.0.56.Final.jar:/root/./workspace/nosan/embedded-cassandra/401405752/.m2/io/netty/netty-transport/4.0.56.Final/netty-transport-4.0.56.Final.jar:/root/./workspace/nosan/embedded-cassandra/401405752/.m2/io/netty/netty-codec/4.0.56.Final/netty-codec-4.0.56.Final.jar:/root/./workspace/nosan/embedded-cassandra/401405752/.m2/com/google/guava/guava/19.0/guava-19.0.jar:/root/./workspace/nosan/embedded-cassandra/401405752/.m2/io/dropwizard/metrics/metrics-core/3.2.2/metrics-core-3.2.2.jar:/root/./workspace/nosan/embedded-cassandra/401405752/.m2/com/github/jnr/jnr-ffi/2.1.7/jnr-ffi-2.1.7.jar:/root/./workspace/nosan/embedded-cassandra/401405752/.m2/com/github/jnr/jffi/1.2.16/jffi-1.2.16.jar:/root/./workspace/nosan/embedded-cassandra/401405752/.m2/com/github/jnr/jffi/1.2.16/jffi-1.2.16-native.jar:/root/./workspace/nosan/embedded-cassandra/401405752/.m2/org/ow2/asm/asm/5.0.3/asm-5.0.3.jar:/root/./workspace/nosan/embedded-cassandra/401405752/.m2/org/ow2/asm/asm-commons/5.0.3/asm-commons-5.0.3.jar:/root/./workspace/nosan/embedded-cassandra/401405752/.m2/org/ow2/asm/asm-analysis/5.0.3/asm-analysis-5.0.3.jar:/root/./workspace/nosan/embedded-cassandra/401405752/.m2/org/ow2/asm/asm-tree/5.0.3/asm-tree-5.0.3.jar:/root/./workspace/nosan/embedded-cassandra/401405752/.m2/org/ow2/asm/asm-util/5.0.3/asm-util-5.0.3.jar:/root/./workspace/nosan/embedded-cassandra/401405752/.m2/com/github/jnr/jnr-x86asm/1.0.2/jnr-x86asm-1.0.2.jar:/root/./workspace/nosan/embedded-cassandra/401405752/.m2/com/github/jnr/jnr-posix/3.0.44/jnr-posix-3.0.44.jar:/root/./workspace/nosan/embedded-cassandra/401405752/.m2/com/github/jnr/jnr-constants/0.9.9/jnr-constants-0.9.9.jar:/root/./workspace/nosan/embedded-cassandra/401405752/.m2/junit/junit/4.12/junit-4.12.jar:/root/./workspace/nosan/embedded-cassandra/401405752/.m2/org/hamcrest/hamcrest-core/1.3/hamcrest-core-1.3.jar:/root/./workspace/nosan/embedded-cassandra/401405752/.m2/org/assertj/assertj-core/3.8.0/assertj-core-3.8.0.jar:/root/./workspace/nosan/embedded-cassandra/401405752/.m2/ch/qos/logback/logback-classic/1.2.3/logback-classic-1.2.3.jar:/root/./workspace/nosan/embedded-cassandra/401405752/.m2/ch/qos/logback/logback-core/1.2.3/logback-core-1.2.3.jar:"/>
    <property name="sun.cpu.endian" value="little"/>
    <property name="user.home" value="/root"/>
    <property name="user.language" value="en"/>
    <property name="java.specification.vendor" value="Oracle Corporation"/>
    <property name="java.home" value="/usr/lib/jvm/java-8-openjdk-amd64/jre"/>
    <property name="basedir" value="/root/workspace/nosan/embedded-cassandra/401405752/embedded-cassandra"/>
    <property name="file.separator" value="/"/>
    <property name="checkstyle.skip" value="true"/>
    <property name="line.separator" value="&#10;"/>
    <property name="skip.npm" value="true"/>
    <property name="java.vm.specification.vendor" value="Oracle Corporation"/>
    <property name="java.specification.name" value="Java Platform API Specification"/>
    <property name="java.awt.graphicsenv" value="sun.awt.X11GraphicsEnvironment"/>
    <property name="skipITs" value="true"/>
    <property name="surefire.real.class.path" value="/root/workspace/nosan/embedded-cassandra/401405752/embedded-cassandra/target/surefire/surefirebooter5998424843099385886.jar"/>
    <property name="cobertura.skip" value="true"/>
    <property name="sun.boot.class.path" value="/usr/lib/jvm/java-8-openjdk-amd64/jre/lib/resources.jar:/usr/lib/jvm/java-8-openjdk-amd64/jre/lib/rt.jar:/usr/lib/jvm/java-8-openjdk-amd64/jre/lib/sunrsasign.jar:/usr/lib/jvm/java-8-openjdk-amd64/jre/lib/jsse.jar:/usr/lib/jvm/java-8-openjdk-amd64/jre/lib/jce.jar:/usr/lib/jvm/java-8-openjdk-amd64/jre/lib/charsets.jar:/usr/lib/jvm/java-8-openjdk-amd64/jre/lib/jfr.jar:/usr/lib/jvm/java-8-openjdk-amd64/jre/classes"/>
    <property name="sun.management.compiler" value="HotSpot 64-Bit Tiered Compilers"/>
    <property name="java.runtime.version" value="1.8.0_121-8u121-b13-1~bpo8+1-b13"/>
    <property name="user.name" value="root"/>
    <property name="findbugs.skip" value="true"/>
    <property name="path.separator" value=":"/>
    <property name="os.version" value="4.9.0-6-amd64"/>
    <property name="java.endorsed.dirs" value="/usr/lib/jvm/java-8-openjdk-amd64/jre/lib/endorsed"/>
    <property name="java.runtime.name" value="OpenJDK Runtime Environment"/>
    <property name="file.encoding" value="UTF-8"/>
    <property name="java.vm.name" value="OpenJDK 64-Bit Server VM"/>
    <property name="localRepository" value="/root/./workspace/nosan/embedded-cassandra/401405752/.m2"/>
    <property name="java.vendor.url.bug" value="http://bugreport.sun.com/bugreport/"/>
    <property name="java.io.tmpdir" value="/tmp"/>
    <property name="java.version" value="1.8.0_121"/>
    <property name="user.dir" value="/root/workspace/nosan/embedded-cassandra/401405752/embedded-cassandra"/>
    <property name="os.arch" value="amd64"/>
    <property name="license.skip" value="true"/>
    <property name="java.vm.specification.name" value="Java Virtual Machine Specification"/>
    <property name="java.awt.printerjob" value="sun.print.PSPrinterJob"/>
    <property name="sun.os.patch.level" value="unknown"/>
    <property name="java.library.path" value="/usr/java/packages/lib/amd64:/usr/lib/x86_64-linux-gnu/jni:/lib/x86_64-linux-gnu:/usr/lib/x86_64-linux-gnu:/usr/lib/jni:/lib:/usr/lib"/>
    <property name="java.vm.info" value="mixed mode"/>
    <property name="java.vendor" value="Oracle Corporation"/>
    <property name="java.vm.version" value="25.121-b13"/>
    <property name="java.ext.dirs" value="/usr/lib/jvm/java-8-openjdk-amd64/jre/lib/ext:/usr/java/packages/lib/ext"/>
    <property name="sun.io.unicode.encoding" value="UnicodeLittle"/>
    <property name="maven.repo.local" value="/root/./workspace/nosan/embedded-cassandra/401405752/.m2"/>
    <property name="enforcer.skip" value="true"/>
    <property name="java.class.version" value="52.0"/>
  </properties>
  <testcase name="impossibleToStartTwice" classname="com.github.nosan.embedded.cassandra.CassandraTests" time="6.682">
    <failure message="&#10;Expected: (an instance of java.io.IOException and exception with message a string containing &quot;Cassandra has already been started&quot;)&#10;     but: exception with message a string containing &quot;Cassandra has already been started&quot; message was &quot;Could not start a process: &lt;EOF&gt;&quot;&#10;Stacktrace was: java.io.IOException: Could not start a process: &lt;EOF&gt;&#10;	at com.github.nosan.embedded.cassandra.process.CassandraProcess.onAfterProcessStart(CassandraProcess.java:106)&#10;	at de.flapdoodle.embed.process.runtime.AbstractProcess.&lt;init&gt;(AbstractProcess.java:116)&#10;	at com.github.nosan.embedded.cassandra.process.CassandraProcess.&lt;init&gt;(CassandraProcess.java:60)&#10;	at com.github.nosan.embedded.cassandra.process.CassandraExecutable.start(CassandraExecutable.java:49)&#10;	at com.github.nosan.embedded.cassandra.process.CassandraExecutable.start(CassandraExecutable.java:37)&#10;	at de.flapdoodle.embed.process.runtime.Executable.start(Executable.java:108)&#10;	at com.github.nosan.embedded.cassandra.Cassandra.start(Cassandra.java:110)&#10;	at com.github.nosan.embedded.cassandra.CassandraTests.start(CassandraTests.java:73)&#10;	at com.github.nosan.embedded.cassandra.CassandraTests.impossibleToStartTwice(CassandraTests.java:59)&#10;	at sun.reflect.NativeMethodAccessorImpl.invoke0(Native Method)&#10;	at sun.reflect.NativeMethodAccessorImpl.invoke(NativeMethodAccessorImpl.java:62)&#10;	at sun.reflect.DelegatingMethodAccessorImpl.invoke(DelegatingMethodAccessorImpl.java:43)&#10;	at java.lang.reflect.Method.invoke(Method.java:498)&#10;	at org.junit.runners.model.FrameworkMethod$1.runReflectiveCall(FrameworkMethod.java:50)&#10;	at org.junit.internal.runners.model.ReflectiveCallable.run(ReflectiveCallable.java:12)&#10;	at org.junit.runners.model.FrameworkMethod.invokeExplosively(FrameworkMethod.java:47)&#10;	at org.junit.internal.runners.statements.InvokeMethod.evaluate(InvokeMethod.java:17)&#10;	at org.junit.rules.ExpectedException$ExpectedExceptionStatement.evaluate(ExpectedException.java:239)&#10;	at org.junit.rules.RunRules.evaluate(RunRules.java:20)&#10;	at org.junit.runners.ParentRunner.runLeaf(ParentRunner.java:325)&#10;	at org.junit.runners.BlockJUnit4ClassRunner.runChild(BlockJUnit4ClassRunner.java:78)&#10;	at org.junit.runners.BlockJUnit4ClassRunner.runChild(BlockJUnit4ClassRunner.java:57)&#10;	at org.junit.runners.ParentRunner$3.run(ParentRunner.java:290)&#10;	at org.junit.runners.ParentRunner$1.schedule(ParentRunner.java:71)&#10;	at org.junit.runners.ParentRunner.runChildren(ParentRunner.java:288)&#10;	at org.junit.runners.ParentRunner.access$000(ParentRunner.java:58)&#10;	at org.junit.runners.ParentRunner$2.evaluate(ParentRunner.java:268)&#10;	at org.junit.runners.ParentRunner.run(ParentRunner.java:363)&#10;	at org.apache.maven.surefire.junit4.JUnit4Provider.execute(JUnit4Provider.java:365)&#10;	at org.apache.maven.surefire.junit4.JUnit4Provider.executeWithRerun(JUnit4Provider.java:273)&#10;	at org.apache.maven.surefire.junit4.JUnit4Provider.executeTestSet(JUnit4Provider.java:238)&#10;	at org.apache.maven.surefire.junit4.JUnit4Provider.invoke(JUnit4Provider.java:159)&#10;	at org.apache.maven.surefire.booter.ForkedBooter.invokeProviderInSameClassLoader(ForkedBooter.java:383)&#10;	at org.apache.maven.surefire.booter.ForkedBooter.runSuitesInProcess(ForkedBooter.java:344)&#10;	at org.apache.maven.surefire.booter.ForkedBooter.execute(ForkedBooter.java:125)&#10;	at org.apache.maven.surefire.booter.ForkedBooter.main(ForkedBooter.java:417)&#10;" type="java.lang.AssertionError"><![CDATA[java.lang.AssertionError: 

Expected: (an instance of java.io.IOException and exception with message a string containing "Cassandra has already been started")
     but: exception with message a string containing "Cassandra has already been started" message was "Could not start a process: <EOF>"
Stacktrace was: java.io.IOException: Could not start a process: <EOF>
	at com.github.nosan.embedded.cassandra.process.CassandraProcess.onAfterProcessStart(CassandraProcess.java:106)
	at de.flapdoodle.embed.process.runtime.AbstractProcess.<init>(AbstractProcess.java:116)
	at com.github.nosan.embedded.cassandra.process.CassandraProcess.<init>(CassandraProcess.java:60)
	at com.github.nosan.embedded.cassandra.process.CassandraExecutable.start(CassandraExecutable.java:49)
	at com.github.nosan.embedded.cassandra.process.CassandraExecutable.start(CassandraExecutable.java:37)
	at de.flapdoodle.embed.process.runtime.Executable.start(Executable.java:108)
	at com.github.nosan.embedded.cassandra.Cassandra.start(Cassandra.java:110)
	at com.github.nosan.embedded.cassandra.CassandraTests.start(CassandraTests.java:73)
	at com.github.nosan.embedded.cassandra.CassandraTests.impossibleToStartTwice(CassandraTests.java:59)
	at sun.reflect.NativeMethodAccessorImpl.invoke0(Native Method)
	at sun.reflect.NativeMethodAccessorImpl.invoke(NativeMethodAccessorImpl.java:62)
	at sun.reflect.DelegatingMethodAccessorImpl.invoke(DelegatingMethodAccessorImpl.java:43)
	at java.lang.reflect.Method.invoke(Method.java:498)
	at org.junit.runners.model.FrameworkMethod$1.runReflectiveCall(FrameworkMethod.java:50)
	at org.junit.internal.runners.model.ReflectiveCallable.run(ReflectiveCallable.java:12)
	at org.junit.runners.model.FrameworkMethod.invokeExplosively(FrameworkMethod.java:47)
	at org.junit.internal.runners.statements.InvokeMethod.evaluate(InvokeMethod.java:17)
	at org.junit.rules.ExpectedException$ExpectedExceptionStatement.evaluate(ExpectedException.java:239)
	at org.junit.rules.RunRules.evaluate(RunRules.java:20)
	at org.junit.runners.ParentRunner.runLeaf(ParentRunner.java:325)
	at org.junit.runners.BlockJUnit4ClassRunner.runChild(BlockJUnit4ClassRunner.java:78)
	at org.junit.runners.BlockJUnit4ClassRunner.runChild(BlockJUnit4ClassRunner.java:57)
	at org.junit.runners.ParentRunner$3.run(ParentRunner.java:290)
	at org.junit.runners.ParentRunner$1.schedule(ParentRunner.java:71)
	at org.junit.runners.ParentRunner.runChildren(ParentRunner.java:288)
	at org.junit.runners.ParentRunner.access$000(ParentRunner.java:58)
	at org.junit.runners.ParentRunner$2.evaluate(ParentRunner.java:268)
	at org.junit.runners.ParentRunner.run(ParentRunner.java:363)
	at org.apache.maven.surefire.junit4.JUnit4Provider.execute(JUnit4Provider.java:365)
	at org.apache.maven.surefire.junit4.JUnit4Provider.executeWithRerun(JUnit4Provider.java:273)
	at org.apache.maven.surefire.junit4.JUnit4Provider.executeTestSet(JUnit4Provider.java:238)
	at org.apache.maven.surefire.junit4.JUnit4Provider.invoke(JUnit4Provider.java:159)
	at org.apache.maven.surefire.booter.ForkedBooter.invokeProviderInSameClassLoader(ForkedBooter.java:383)
	at org.apache.maven.surefire.booter.ForkedBooter.runSuitesInProcess(ForkedBooter.java:344)
	at org.apache.maven.surefire.booter.ForkedBooter.execute(ForkedBooter.java:125)
	at org.apache.maven.surefire.booter.ForkedBooter.main(ForkedBooter.java:417)

	at org.hamcrest.MatcherAssert.assertThat(MatcherAssert.java:20)
	at org.junit.Assert.assertThat(Assert.java:956)
	at org.junit.Assert.assertThat(Assert.java:923)
	at org.junit.rules.ExpectedException.handleException(ExpectedException.java:252)
	at org.junit.rules.ExpectedException.access$000(ExpectedException.java:106)
	at org.junit.rules.ExpectedException$ExpectedExceptionStatement.evaluate(ExpectedException.java:241)
	at org.junit.rules.RunRules.evaluate(RunRules.java:20)
	at org.junit.runners.ParentRunner.runLeaf(ParentRunner.java:325)
	at org.junit.runners.BlockJUnit4ClassRunner.runChild(BlockJUnit4ClassRunner.java:78)
	at org.junit.runners.BlockJUnit4ClassRunner.runChild(BlockJUnit4ClassRunner.java:57)
	at org.junit.runners.ParentRunner$3.run(ParentRunner.java:290)
	at org.junit.runners.ParentRunner$1.schedule(ParentRunner.java:71)
	at org.junit.runners.ParentRunner.runChildren(ParentRunner.java:288)
	at org.junit.runners.ParentRunner.access$000(ParentRunner.java:58)
	at org.junit.runners.ParentRunner$2.evaluate(ParentRunner.java:268)
	at org.junit.runners.ParentRunner.run(ParentRunner.java:363)
	at org.apache.maven.surefire.junit4.JUnit4Provider.execute(JUnit4Provider.java:365)
	at org.apache.maven.surefire.junit4.JUnit4Provider.executeWithRerun(JUnit4Provider.java:273)
	at org.apache.maven.surefire.junit4.JUnit4Provider.executeTestSet(JUnit4Provider.java:238)
	at org.apache.maven.surefire.junit4.JUnit4Provider.invoke(JUnit4Provider.java:159)
	at org.apache.maven.surefire.booter.ForkedBooter.invokeProviderInSameClassLoader(ForkedBooter.java:383)
	at org.apache.maven.surefire.booter.ForkedBooter.runSuitesInProcess(ForkedBooter.java:344)
	at org.apache.maven.surefire.booter.ForkedBooter.execute(ForkedBooter.java:125)
	at org.apache.maven.surefire.booter.ForkedBooter.main(ForkedBooter.java:417)
]]></failure>
    <system-out><![CDATA[2018-07-08 12:17:00 [main] ERROR d.f.e.p.runtime.AbstractProcess - failed to call onAfterProcessStart()
java.io.IOException: Could not start a process: <EOF>
	at com.github.nosan.embedded.cassandra.process.CassandraProcess.onAfterProcessStart(CassandraProcess.java:106)
	at de.flapdoodle.embed.process.runtime.AbstractProcess.<init>(AbstractProcess.java:116)
	at com.github.nosan.embedded.cassandra.process.CassandraProcess.<init>(CassandraProcess.java:60)
	at com.github.nosan.embedded.cassandra.process.CassandraExecutable.start(CassandraExecutable.java:49)
	at com.github.nosan.embedded.cassandra.process.CassandraExecutable.start(CassandraExecutable.java:37)
	at de.flapdoodle.embed.process.runtime.Executable.start(Executable.java:108)
	at com.github.nosan.embedded.cassandra.Cassandra.start(Cassandra.java:110)
	at com.github.nosan.embedded.cassandra.CassandraTests.start(CassandraTests.java:73)
	at com.github.nosan.embedded.cassandra.CassandraTests.impossibleToStartTwice(CassandraTests.java:59)
	at sun.reflect.NativeMethodAccessorImpl.invoke0(Native Method)
	at sun.reflect.NativeMethodAccessorImpl.invoke(NativeMethodAccessorImpl.java:62)
	at sun.reflect.DelegatingMethodAccessorImpl.invoke(DelegatingMethodAccessorImpl.java:43)
	at java.lang.reflect.Method.invoke(Method.java:498)
	at org.junit.runners.model.FrameworkMethod$1.runReflectiveCall(FrameworkMethod.java:50)
	at org.junit.internal.runners.model.ReflectiveCallable.run(ReflectiveCallable.java:12)
	at org.junit.runners.model.FrameworkMethod.invokeExplosively(FrameworkMethod.java:47)
	at org.junit.internal.runners.statements.InvokeMethod.evaluate(InvokeMethod.java:17)
	at org.junit.rules.ExpectedException$ExpectedExceptionStatement.evaluate(ExpectedException.java:239)
	at org.junit.rules.RunRules.evaluate(RunRules.java:20)
	at org.junit.runners.ParentRunner.runLeaf(ParentRunner.java:325)
	at org.junit.runners.BlockJUnit4ClassRunner.runChild(BlockJUnit4ClassRunner.java:78)
	at org.junit.runners.BlockJUnit4ClassRunner.runChild(BlockJUnit4ClassRunner.java:57)
	at org.junit.runners.ParentRunner$3.run(ParentRunner.java:290)
	at org.junit.runners.ParentRunner$1.schedule(ParentRunner.java:71)
	at org.junit.runners.ParentRunner.runChildren(ParentRunner.java:288)
	at org.junit.runners.ParentRunner.access$000(ParentRunner.java:58)
	at org.junit.runners.ParentRunner$2.evaluate(ParentRunner.java:268)
	at org.junit.runners.ParentRunner.run(ParentRunner.java:363)
	at org.apache.maven.surefire.junit4.JUnit4Provider.execute(JUnit4Provider.java:365)
	at org.apache.maven.surefire.junit4.JUnit4Provider.executeWithRerun(JUnit4Provider.java:273)
	at org.apache.maven.surefire.junit4.JUnit4Provider.executeTestSet(JUnit4Provider.java:238)
	at org.apache.maven.surefire.junit4.JUnit4Provider.invoke(JUnit4Provider.java:159)
	at org.apache.maven.surefire.booter.ForkedBooter.invokeProviderInSameClassLoader(ForkedBooter.java:383)
	at org.apache.maven.surefire.booter.ForkedBooter.runSuitesInProcess(ForkedBooter.java:344)
	at org.apache.maven.surefire.booter.ForkedBooter.execute(ForkedBooter.java:125)
	at org.apache.maven.surefire.booter.ForkedBooter.main(ForkedBooter.java:417)
]]></system-out>
  </testcase>
  <testcase name="restart" classname="com.github.nosan.embedded.cassandra.CassandraTests" time="4.102">
    <error message="Could not start a process: &lt;EOF&gt;" type="java.io.IOException"><![CDATA[java.io.IOException: Could not start a process: <EOF>
	at com.github.nosan.embedded.cassandra.process.CassandraProcess.onAfterProcessStart(CassandraProcess.java:106)
	at de.flapdoodle.embed.process.runtime.AbstractProcess.<init>(AbstractProcess.java:116)
	at com.github.nosan.embedded.cassandra.process.CassandraProcess.<init>(CassandraProcess.java:60)
	at com.github.nosan.embedded.cassandra.process.CassandraExecutable.start(CassandraExecutable.java:49)
	at com.github.nosan.embedded.cassandra.process.CassandraExecutable.start(CassandraExecutable.java:37)
	at de.flapdoodle.embed.process.runtime.Executable.start(Executable.java:108)
	at com.github.nosan.embedded.cassandra.Cassandra.start(Cassandra.java:110)
	at com.github.nosan.embedded.cassandra.CassandraTests.start(CassandraTests.java:73)
	at com.github.nosan.embedded.cassandra.CassandraTests.restart(CassandraTests.java:65)
	at sun.reflect.NativeMethodAccessorImpl.invoke0(Native Method)
	at sun.reflect.NativeMethodAccessorImpl.invoke(NativeMethodAccessorImpl.java:62)
	at sun.reflect.DelegatingMethodAccessorImpl.invoke(DelegatingMethodAccessorImpl.java:43)
	at java.lang.reflect.Method.invoke(Method.java:498)
	at org.junit.runners.model.FrameworkMethod$1.runReflectiveCall(FrameworkMethod.java:50)
	at org.junit.internal.runners.model.ReflectiveCallable.run(ReflectiveCallable.java:12)
	at org.junit.runners.model.FrameworkMethod.invokeExplosively(FrameworkMethod.java:47)
	at org.junit.internal.runners.statements.InvokeMethod.evaluate(InvokeMethod.java:17)
	at org.junit.rules.ExpectedException$ExpectedExceptionStatement.evaluate(ExpectedException.java:239)
	at org.junit.rules.RunRules.evaluate(RunRules.java:20)
	at org.junit.runners.ParentRunner.runLeaf(ParentRunner.java:325)
	at org.junit.runners.BlockJUnit4ClassRunner.runChild(BlockJUnit4ClassRunner.java:78)
	at org.junit.runners.BlockJUnit4ClassRunner.runChild(BlockJUnit4ClassRunner.java:57)
	at org.junit.runners.ParentRunner$3.run(ParentRunner.java:290)
	at org.junit.runners.ParentRunner$1.schedule(ParentRunner.java:71)
	at org.junit.runners.ParentRunner.runChildren(ParentRunner.java:288)
	at org.junit.runners.ParentRunner.access$000(ParentRunner.java:58)
	at org.junit.runners.ParentRunner$2.evaluate(ParentRunner.java:268)
	at org.junit.runners.ParentRunner.run(ParentRunner.java:363)
	at org.apache.maven.surefire.junit4.JUnit4Provider.execute(JUnit4Provider.java:365)
	at org.apache.maven.surefire.junit4.JUnit4Provider.executeWithRerun(JUnit4Provider.java:273)
	at org.apache.maven.surefire.junit4.JUnit4Provider.executeTestSet(JUnit4Provider.java:238)
	at org.apache.maven.surefire.junit4.JUnit4Provider.invoke(JUnit4Provider.java:159)
	at org.apache.maven.surefire.booter.ForkedBooter.invokeProviderInSameClassLoader(ForkedBooter.java:383)
	at org.apache.maven.surefire.booter.ForkedBooter.runSuitesInProcess(ForkedBooter.java:344)
	at org.apache.maven.surefire.booter.ForkedBooter.execute(ForkedBooter.java:125)
	at org.apache.maven.surefire.booter.ForkedBooter.main(ForkedBooter.java:417)
]]></error>
    <system-out><![CDATA[2018-07-08 12:17:04 [main] ERROR d.f.e.p.runtime.AbstractProcess - failed to call onAfterProcessStart()
java.io.IOException: Could not start a process: <EOF>
	at com.github.nosan.embedded.cassandra.process.CassandraProcess.onAfterProcessStart(CassandraProcess.java:106)
	at de.flapdoodle.embed.process.runtime.AbstractProcess.<init>(AbstractProcess.java:116)
	at com.github.nosan.embedded.cassandra.process.CassandraProcess.<init>(CassandraProcess.java:60)
	at com.github.nosan.embedded.cassandra.process.CassandraExecutable.start(CassandraExecutable.java:49)
	at com.github.nosan.embedded.cassandra.process.CassandraExecutable.start(CassandraExecutable.java:37)
	at de.flapdoodle.embed.process.runtime.Executable.start(Executable.java:108)
	at com.github.nosan.embedded.cassandra.Cassandra.start(Cassandra.java:110)
	at com.github.nosan.embedded.cassandra.CassandraTests.start(CassandraTests.java:73)
	at com.github.nosan.embedded.cassandra.CassandraTests.restart(CassandraTests.java:65)
	at sun.reflect.NativeMethodAccessorImpl.invoke0(Native Method)
	at sun.reflect.NativeMethodAccessorImpl.invoke(NativeMethodAccessorImpl.java:62)
	at sun.reflect.DelegatingMethodAccessorImpl.invoke(DelegatingMethodAccessorImpl.java:43)
	at java.lang.reflect.Method.invoke(Method.java:498)
	at org.junit.runners.model.FrameworkMethod$1.runReflectiveCall(FrameworkMethod.java:50)
	at org.junit.internal.runners.model.ReflectiveCallable.run(ReflectiveCallable.java:12)
	at org.junit.runners.model.FrameworkMethod.invokeExplosively(FrameworkMethod.java:47)
	at org.junit.internal.runners.statements.InvokeMethod.evaluate(InvokeMethod.java:17)
	at org.junit.rules.ExpectedException$ExpectedExceptionStatement.evaluate(ExpectedException.java:239)
	at org.junit.rules.RunRules.evaluate(RunRules.java:20)
	at org.junit.runners.ParentRunner.runLeaf(ParentRunner.java:325)
	at org.junit.runners.BlockJUnit4ClassRunner.runChild(BlockJUnit4ClassRunner.java:78)
	at org.junit.runners.BlockJUnit4ClassRunner.runChild(BlockJUnit4ClassRunner.java:57)
	at org.junit.runners.ParentRunner$3.run(ParentRunner.java:290)
	at org.junit.runners.ParentRunner$1.schedule(ParentRunner.java:71)
	at org.junit.runners.ParentRunner.runChildren(ParentRunner.java:288)
	at org.junit.runners.ParentRunner.access$000(ParentRunner.java:58)
	at org.junit.runners.ParentRunner$2.evaluate(ParentRunner.java:268)
	at org.junit.runners.ParentRunner.run(ParentRunner.java:363)
	at org.apache.maven.surefire.junit4.JUnit4Provider.execute(JUnit4Provider.java:365)
	at org.apache.maven.surefire.junit4.JUnit4Provider.executeWithRerun(JUnit4Provider.java:273)
	at org.apache.maven.surefire.junit4.JUnit4Provider.executeTestSet(JUnit4Provider.java:238)
	at org.apache.maven.surefire.junit4.JUnit4Provider.invoke(JUnit4Provider.java:159)
	at org.apache.maven.surefire.booter.ForkedBooter.invokeProviderInSameClassLoader(ForkedBooter.java:383)
	at org.apache.maven.surefire.booter.ForkedBooter.runSuitesInProcess(ForkedBooter.java:344)
	at org.apache.maven.surefire.booter.ForkedBooter.execute(ForkedBooter.java:125)
	at org.apache.maven.surefire.booter.ForkedBooter.main(ForkedBooter.java:417)
]]></system-out>
  </testcase>
  <testcase name="successfullyStarted" classname="com.github.nosan.embedded.cassandra.CassandraTests" time="3.601">
    <error message="Could not start a process: &lt;EOF&gt;" type="java.io.IOException"><![CDATA[java.io.IOException: Could not start a process: <EOF>
	at com.github.nosan.embedded.cassandra.process.CassandraProcess.onAfterProcessStart(CassandraProcess.java:106)
	at de.flapdoodle.embed.process.runtime.AbstractProcess.<init>(AbstractProcess.java:116)
	at com.github.nosan.embedded.cassandra.process.CassandraProcess.<init>(CassandraProcess.java:60)
	at com.github.nosan.embedded.cassandra.process.CassandraExecutable.start(CassandraExecutable.java:49)
	at com.github.nosan.embedded.cassandra.process.CassandraExecutable.start(CassandraExecutable.java:37)
	at de.flapdoodle.embed.process.runtime.Executable.start(Executable.java:108)
	at com.github.nosan.embedded.cassandra.Cassandra.start(Cassandra.java:110)
	at com.github.nosan.embedded.cassandra.CassandraTests.start(CassandraTests.java:73)
	at com.github.nosan.embedded.cassandra.CassandraTests.successfullyStarted(CassandraTests.java:44)
	at sun.reflect.NativeMethodAccessorImpl.invoke0(Native Method)
	at sun.reflect.NativeMethodAccessorImpl.invoke(NativeMethodAccessorImpl.java:62)
	at sun.reflect.DelegatingMethodAccessorImpl.invoke(DelegatingMethodAccessorImpl.java:43)
	at java.lang.reflect.Method.invoke(Method.java:498)
	at org.junit.runners.model.FrameworkMethod$1.runReflectiveCall(FrameworkMethod.java:50)
	at org.junit.internal.runners.model.ReflectiveCallable.run(ReflectiveCallable.java:12)
	at org.junit.runners.model.FrameworkMethod.invokeExplosively(FrameworkMethod.java:47)
	at org.junit.internal.runners.statements.InvokeMethod.evaluate(InvokeMethod.java:17)
	at org.junit.rules.ExpectedException$ExpectedExceptionStatement.evaluate(ExpectedException.java:239)
	at org.junit.rules.RunRules.evaluate(RunRules.java:20)
	at org.junit.runners.ParentRunner.runLeaf(ParentRunner.java:325)
	at org.junit.runners.BlockJUnit4ClassRunner.runChild(BlockJUnit4ClassRunner.java:78)
	at org.junit.runners.BlockJUnit4ClassRunner.runChild(BlockJUnit4ClassRunner.java:57)
	at org.junit.runners.ParentRunner$3.run(ParentRunner.java:290)
	at org.junit.runners.ParentRunner$1.schedule(ParentRunner.java:71)
	at org.junit.runners.ParentRunner.runChildren(ParentRunner.java:288)
	at org.junit.runners.ParentRunner.access$000(ParentRunner.java:58)
	at org.junit.runners.ParentRunner$2.evaluate(ParentRunner.java:268)
	at org.junit.runners.ParentRunner.run(ParentRunner.java:363)
	at org.apache.maven.surefire.junit4.JUnit4Provider.execute(JUnit4Provider.java:365)
	at org.apache.maven.surefire.junit4.JUnit4Provider.executeWithRerun(JUnit4Provider.java:273)
	at org.apache.maven.surefire.junit4.JUnit4Provider.executeTestSet(JUnit4Provider.java:238)
	at org.apache.maven.surefire.junit4.JUnit4Provider.invoke(JUnit4Provider.java:159)
	at org.apache.maven.surefire.booter.ForkedBooter.invokeProviderInSameClassLoader(ForkedBooter.java:383)
	at org.apache.maven.surefire.booter.ForkedBooter.runSuitesInProcess(ForkedBooter.java:344)
	at org.apache.maven.surefire.booter.ForkedBooter.execute(ForkedBooter.java:125)
	at org.apache.maven.surefire.booter.ForkedBooter.main(ForkedBooter.java:417)
]]></error>
    <system-out><![CDATA[2018-07-08 12:17:08 [main] ERROR d.f.e.p.runtime.AbstractProcess - failed to call onAfterProcessStart()
java.io.IOException: Could not start a process: <EOF>
	at com.github.nosan.embedded.cassandra.process.CassandraProcess.onAfterProcessStart(CassandraProcess.java:106)
	at de.flapdoodle.embed.process.runtime.AbstractProcess.<init>(AbstractProcess.java:116)
	at com.github.nosan.embedded.cassandra.process.CassandraProcess.<init>(CassandraProcess.java:60)
	at com.github.nosan.embedded.cassandra.process.CassandraExecutable.start(CassandraExecutable.java:49)
	at com.github.nosan.embedded.cassandra.process.CassandraExecutable.start(CassandraExecutable.java:37)
	at de.flapdoodle.embed.process.runtime.Executable.start(Executable.java:108)
	at com.github.nosan.embedded.cassandra.Cassandra.start(Cassandra.java:110)
	at com.github.nosan.embedded.cassandra.CassandraTests.start(CassandraTests.java:73)
	at com.github.nosan.embedded.cassandra.CassandraTests.successfullyStarted(CassandraTests.java:44)
	at sun.reflect.NativeMethodAccessorImpl.invoke0(Native Method)
	at sun.reflect.NativeMethodAccessorImpl.invoke(NativeMethodAccessorImpl.java:62)
	at sun.reflect.DelegatingMethodAccessorImpl.invoke(DelegatingMethodAccessorImpl.java:43)
	at java.lang.reflect.Method.invoke(Method.java:498)
	at org.junit.runners.model.FrameworkMethod$1.runReflectiveCall(FrameworkMethod.java:50)
	at org.junit.internal.runners.model.ReflectiveCallable.run(ReflectiveCallable.java:12)
	at org.junit.runners.model.FrameworkMethod.invokeExplosively(FrameworkMethod.java:47)
	at org.junit.internal.runners.statements.InvokeMethod.evaluate(InvokeMethod.java:17)
	at org.junit.rules.ExpectedException$ExpectedExceptionStatement.evaluate(ExpectedException.java:239)
	at org.junit.rules.RunRules.evaluate(RunRules.java:20)
	at org.junit.runners.ParentRunner.runLeaf(ParentRunner.java:325)
	at org.junit.runners.BlockJUnit4ClassRunner.runChild(BlockJUnit4ClassRunner.java:78)
	at org.junit.runners.BlockJUnit4ClassRunner.runChild(BlockJUnit4ClassRunner.java:57)
	at org.junit.runners.ParentRunner$3.run(ParentRunner.java:290)
	at org.junit.runners.ParentRunner$1.schedule(ParentRunner.java:71)
	at org.junit.runners.ParentRunner.runChildren(ParentRunner.java:288)
	at org.junit.runners.ParentRunner.access$000(ParentRunner.java:58)
	at org.junit.runners.ParentRunner$2.evaluate(ParentRunner.java:268)
	at org.junit.runners.ParentRunner.run(ParentRunner.java:363)
	at org.apache.maven.surefire.junit4.JUnit4Provider.execute(JUnit4Provider.java:365)
	at org.apache.maven.surefire.junit4.JUnit4Provider.executeWithRerun(JUnit4Provider.java:273)
	at org.apache.maven.surefire.junit4.JUnit4Provider.executeTestSet(JUnit4Provider.java:238)
	at org.apache.maven.surefire.junit4.JUnit4Provider.invoke(JUnit4Provider.java:159)
	at org.apache.maven.surefire.booter.ForkedBooter.invokeProviderInSameClassLoader(ForkedBooter.java:383)
	at org.apache.maven.surefire.booter.ForkedBooter.runSuitesInProcess(ForkedBooter.java:344)
	at org.apache.maven.surefire.booter.ForkedBooter.execute(ForkedBooter.java:125)
	at org.apache.maven.surefire.booter.ForkedBooter.main(ForkedBooter.java:417)
]]></system-out>
  </testcase>
</testsuite>