<?xml version="1.0" encoding="UTF-8"?>
<testsuite xmlns:xsi="http://www.w3.org/2001/XMLSchema-instance" xsi:noNamespaceSchemaLocation="https://maven.apache.org/surefire/maven-surefire-plugin/xsd/surefire-test-report.xsd" name="com.github.nosan.embedded.cassandra.config.PackageResolverFactoryTests" time="0.005" tests="3" errors="0" skipped="0" failures="1">
  <properties>
    <property name="java.runtime.name" value="OpenJDK Runtime Environment"/>
    <property name="sun.boot.library.path" value="/usr/lib/jvm/java-8-openjdk-amd64/jre/lib/amd64"/>
    <property name="java.vm.version" value="25.121-b13"/>
    <property name="java.vm.vendor" value="Oracle Corporation"/>
    <property name="maven.multiModuleProjectDirectory" value="/root/workspace/nosan/embedded-cassandra/395806419"/>
    <property name="java.vendor.url" value="http://java.oracle.com/"/>
    <property name="path.separator" value=":"/>
    <property name="guice.disable.misplaced.annotation.check" value="true"/>
    <property name="skip.gulp" value="true"/>
    <property name="java.vm.name" value="OpenJDK 64-Bit Server VM"/>
    <property name="file.encoding.pkg" value="sun.io"/>
    <property name="sun.java.launcher" value="SUN_STANDARD"/>
    <property name="sun.os.patch.level" value="unknown"/>
    <property name="findbugs.skip" value="true"/>
    <property name="java.vm.specification.name" value="Java Virtual Machine Specification"/>
    <property name="user.dir" value="/root/workspace/nosan/embedded-cassandra/395806419"/>
    <property name="checkstyle.skip" value="true"/>
    <property name="java.runtime.version" value="1.8.0_121-8u121-b13-1~bpo8+1-b13"/>
    <property name="java.awt.graphicsenv" value="sun.awt.X11GraphicsEnvironment"/>
    <property name="skip.npm" value="true"/>
    <property name="java.endorsed.dirs" value="/usr/lib/jvm/java-8-openjdk-amd64/jre/lib/endorsed"/>
    <property name="os.arch" value="amd64"/>
    <property name="java.io.tmpdir" value="/tmp"/>
    <property name="gpg.skip" value="true"/>
    <property name="line.separator" value="&#10;"/>
    <property name="java.vm.specification.vendor" value="Oracle Corporation"/>
    <property name="cobertura.skip" value="true"/>
    <property name="os.name" value="Linux"/>
    <property name="classworlds.conf" value="/usr/share/maven/bin/m2.conf"/>
    <property name="sun.jnu.encoding" value="UTF-8"/>
    <property name="java.library.path" value="/usr/java/packages/lib/amd64:/usr/lib/x86_64-linux-gnu/jni:/lib/x86_64-linux-gnu:/usr/lib/x86_64-linux-gnu:/usr/lib/jni:/lib:/usr/lib"/>
    <property name="license.skip" value="true"/>
    <property name="java.specification.name" value="Java Platform API Specification"/>
    <property name="java.class.version" value="52.0"/>
    <property name="sun.management.compiler" value="HotSpot 64-Bit Tiered Compilers"/>
    <property name="skip.bower" value="true"/>
    <property name="maven.repo.local" value="/root/./workspace/nosan/embedded-cassandra/395806419/.m2"/>
    <property name="os.version" value="3.10.0-862.2.3.el7.x86_64"/>
    <property name="user.home" value="/root"/>
    <property name="user.timezone" value="Europe/Paris"/>
    <property name="java.awt.printerjob" value="sun.print.PSPrinterJob"/>
    <property name="osgi.nls.warnings" value="ignore"/>
    <property name="java.specification.version" value="1.8"/>
    <property name="file.encoding" value="UTF-8"/>
    <property name="user.name" value="root"/>
    <property name="java.class.path" value="/usr/share/maven/boot/plexus-classworlds-2.5.2.jar"/>
    <property name="skipITs" value="true"/>
    <property name="java.vm.specification.version" value="1.8"/>
    <property name="sun.arch.data.model" value="64"/>
    <property name="java.home" value="/usr/lib/jvm/java-8-openjdk-amd64/jre"/>
    <property name="sun.java.command" value="org.codehaus.plexus.classworlds.launcher.Launcher -B -D enforcer.skip=true -D dependency-check.skip=true -D skipITs=true -D cobertura.skip=true -D maven.repo.local=/root/./workspace/nosan/embedded-cassandra/395806419/.m2 -D rat.skip=true -D findbugs.skip=true -D skip.bower=true -D gpg.skip=true -D checkstyle.skip=true -D skip.gulp=true -D license.skip=true -D skip.npm=true test"/>
    <property name="java.specification.vendor" value="Oracle Corporation"/>
    <property name="user.language" value="en"/>
    <property name="awt.toolkit" value="sun.awt.X11.XToolkit"/>
    <property name="dependency-check.skip" value="true"/>
    <property name="java.vm.info" value="mixed mode"/>
    <property name="java.version" value="1.8.0_121"/>
    <property name="java.ext.dirs" value="/usr/lib/jvm/java-8-openjdk-amd64/jre/lib/ext:/usr/java/packages/lib/ext"/>
    <property name="securerandom.source" value="file:/dev/./urandom"/>
    <property name="sun.boot.class.path" value="/usr/lib/jvm/java-8-openjdk-amd64/jre/lib/resources.jar:/usr/lib/jvm/java-8-openjdk-amd64/jre/lib/rt.jar:/usr/lib/jvm/java-8-openjdk-amd64/jre/lib/sunrsasign.jar:/usr/lib/jvm/java-8-openjdk-amd64/jre/lib/jsse.jar:/usr/lib/jvm/java-8-openjdk-amd64/jre/lib/jce.jar:/usr/lib/jvm/java-8-openjdk-amd64/jre/lib/charsets.jar:/usr/lib/jvm/java-8-openjdk-amd64/jre/lib/jfr.jar:/usr/lib/jvm/java-8-openjdk-amd64/jre/classes"/>
    <property name="java.vendor" value="Oracle Corporation"/>
    <property name="enforcer.skip" value="true"/>
    <property name="rat.skip" value="true"/>
    <property name="maven.home" value="/usr/share/maven"/>
    <property name="file.separator" value="/"/>
    <property name="java.vendor.url.bug" value="http://bugreport.sun.com/bugreport/"/>
    <property name="sun.cpu.endian" value="little"/>
    <property name="sun.io.unicode.encoding" value="UnicodeLittle"/>
    <property name="sun.cpu.isalist" value=""/>
  </properties>
  <testcase name="getPath" classname="com.github.nosan.embedded.cassandra.config.PackageResolverFactoryTests" time="0"/>
  <testcase name="getFileSet" classname="com.github.nosan.embedded.cassandra.config.PackageResolverFactoryTests" time="0.005">
    <failure message="&#10;Expected size:&lt;186&gt; but was:&lt;185&gt; in:&#10;&lt;[de.flapdoodle.embed.process.config.store.FileSet$Entry@f868b1cc,&#10;    de.flapdoodle.embed.process.config.store.FileSet$Entry@4e3fc978,&#10;    de.flapdoodle.embed.process.config.store.FileSet$Entry@7ef765d0,&#10;    de.flapdoodle.embed.process.config.store.FileSet$Entry@e8a3da78,&#10;    de.flapdoodle.embed.process.config.store.FileSet$Entry@5b94be98,&#10;    de.flapdoodle.embed.process.config.store.FileSet$Entry@e47712f8,&#10;    de.flapdoodle.embed.process.config.store.FileSet$Entry@277a45d8,&#10;    de.flapdoodle.embed.process.config.store.FileSet$Entry@16b1b410,&#10;    de.flapdoodle.embed.process.config.store.FileSet$Entry@29e02718,&#10;    de.flapdoodle.embed.process.config.store.FileSet$Entry@abfc49f8,&#10;    de.flapdoodle.embed.process.config.store.FileSet$Entry@e60bded0,&#10;    de.flapdoodle.embed.process.config.store.FileSet$Entry@779565b0,&#10;    de.flapdoodle.embed.process.config.store.FileSet$Entry@7bd50258,&#10;    de.flapdoodle.embed.process.config.store.FileSet$Entry@36b45cb8,&#10;    de.flapdoodle.embed.process.config.store.FileSet$Entry@227caf98,&#10;    de.flapdoodle.embed.process.config.store.FileSet$Entry@85f63db0,&#10;    de.flapdoodle.embed.process.config.store.FileSet$Entry@4b755490,&#10;    de.flapdoodle.embed.process.config.store.FileSet$Entry@cccc8c50,&#10;    de.flapdoodle.embed.process.config.store.FileSet$Entry@8b435330,&#10;    de.flapdoodle.embed.process.config.store.FileSet$Entry@2a66cb98,&#10;    de.flapdoodle.embed.process.config.store.FileSet$Entry@79cae78,&#10;    de.flapdoodle.embed.process.config.store.FileSet$Entry@481f6978,&#10;    de.flapdoodle.embed.process.config.store.FileSet$Entry@3a135c58,&#10;    de.flapdoodle.embed.process.config.store.FileSet$Entry@d7cdeb58,&#10;    de.flapdoodle.embed.process.config.store.FileSet$Entry@68edee38,&#10;    de.flapdoodle.embed.process.config.store.FileSet$Entry@68f4bd58,&#10;    de.flapdoodle.embed.process.config.store.FileSet$Entry@eaa1cb30,&#10;    de.flapdoodle.embed.process.config.store.FileSet$Entry@3e056058,&#10;    de.flapdoodle.embed.process.config.store.FileSet$Entry@a276b070,&#10;    de.flapdoodle.embed.process.config.store.FileSet$Entry@65337ff0,&#10;    de.flapdoodle.embed.process.config.store.FileSet$Entry@621a51d0,&#10;    de.flapdoodle.embed.process.config.store.FileSet$Entry@81350798,&#10;    de.flapdoodle.embed.process.config.store.FileSet$Entry@448c5878,&#10;    de.flapdoodle.embed.process.config.store.FileSet$Entry@3d444078,&#10;    de.flapdoodle.embed.process.config.store.FileSet$Entry@4a5c8ed8,&#10;    de.flapdoodle.embed.process.config.store.FileSet$Entry@3485f670,&#10;    de.flapdoodle.embed.process.config.store.FileSet$Entry@7e0179b0,&#10;    de.flapdoodle.embed.process.config.store.FileSet$Entry@de438370,&#10;    de.flapdoodle.embed.process.config.store.FileSet$Entry@88a383b0,&#10;    de.flapdoodle.embed.process.config.store.FileSet$Entry@1d3f8830,&#10;    de.flapdoodle.embed.process.config.store.FileSet$Entry@15533490,&#10;    de.flapdoodle.embed.process.config.store.FileSet$Entry@b5443eb8,&#10;    de.flapdoodle.embed.process.config.store.FileSet$Entry@64753e18,&#10;    de.flapdoodle.embed.process.config.store.FileSet$Entry@bc144218,&#10;    de.flapdoodle.embed.process.config.store.FileSet$Entry@ed059b58,&#10;    de.flapdoodle.embed.process.config.store.FileSet$Entry@ec7eb850,&#10;    de.flapdoodle.embed.process.config.store.FileSet$Entry@49ec2f58,&#10;    de.flapdoodle.embed.process.config.store.FileSet$Entry@61864bb0,&#10;    de.flapdoodle.embed.process.config.store.FileSet$Entry@c5d237b0,&#10;    de.flapdoodle.embed.process.config.store.FileSet$Entry@d80fbb18,&#10;    de.flapdoodle.embed.process.config.store.FileSet$Entry@aa55b70,&#10;    de.flapdoodle.embed.process.config.store.FileSet$Entry@a993e338,&#10;    de.flapdoodle.embed.process.config.store.FileSet$Entry@bfd139f8,&#10;    de.flapdoodle.embed.process.config.store.FileSet$Entry@5d702718,&#10;    de.flapdoodle.embed.process.config.store.FileSet$Entry@64481bf8,&#10;    de.flapdoodle.embed.process.config.store.FileSet$Entry@3867d470,&#10;    de.flapdoodle.embed.process.config.store.FileSet$Entry@cc436ff0,&#10;    de.flapdoodle.embed.process.config.store.FileSet$Entry@c772038,&#10;    de.flapdoodle.embed.process.config.store.FileSet$Entry@8de42b58,&#10;    de.flapdoodle.embed.process.config.store.FileSet$Entry@396b8998,&#10;    de.flapdoodle.embed.process.config.store.FileSet$Entry@92210cb0,&#10;    de.flapdoodle.embed.process.config.store.FileSet$Entry@5ee49b70,&#10;    de.flapdoodle.embed.process.config.store.FileSet$Entry@6b7d0210,&#10;    de.flapdoodle.embed.process.config.store.FileSet$Entry@4f3651d0,&#10;    de.flapdoodle.embed.process.config.store.FileSet$Entry@e40d258,&#10;    de.flapdoodle.embed.process.config.store.FileSet$Entry@d0f1d518,&#10;    de.flapdoodle.embed.process.config.store.FileSet$Entry@8ba36490,&#10;    de.flapdoodle.embed.process.config.store.FileSet$Entry@6e60aa90,&#10;    de.flapdoodle.embed.process.config.store.FileSet$Entry@86a4f750,&#10;    de.flapdoodle.embed.process.config.store.FileSet$Entry@8144e4b0,&#10;    de.flapdoodle.embed.process.config.store.FileSet$Entry@30e63f10,&#10;    de.flapdoodle.embed.process.config.store.FileSet$Entry@63f28b18,&#10;    de.flapdoodle.embed.process.config.store.FileSet$Entry@24bb1378,&#10;    de.flapdoodle.embed.process.config.store.FileSet$Entry@57bd1c58,&#10;    de.flapdoodle.embed.process.config.store.FileSet$Entry@578cf2b8,&#10;    de.flapdoodle.embed.process.config.store.FileSet$Entry@e3d20cf8,&#10;    de.flapdoodle.embed.process.config.store.FileSet$Entry@2ef10cf8,&#10;    de.flapdoodle.embed.process.config.store.FileSet$Entry@a2fe2cd0,&#10;    de.flapdoodle.embed.process.config.store.FileSet$Entry@15208778,&#10;    de.flapdoodle.embed.process.config.store.FileSet$Entry@32651610,&#10;    de.flapdoodle.embed.process.config.store.FileSet$Entry@c91f2c18,&#10;    de.flapdoodle.embed.process.config.store.FileSet$Entry@2f3c52f0,&#10;    de.flapdoodle.embed.process.config.store.FileSet$Entry@5bfc3638,&#10;    de.flapdoodle.embed.process.config.store.FileSet$Entry@c0285578,&#10;    de.flapdoodle.embed.process.config.store.FileSet$Entry@82d27550,&#10;    de.flapdoodle.embed.process.config.store.FileSet$Entry@6785d090,&#10;    de.flapdoodle.embed.process.config.store.FileSet$Entry@4226c6f8,&#10;    de.flapdoodle.embed.process.config.store.FileSet$Entry@5fc90c10,&#10;    de.flapdoodle.embed.process.config.store.FileSet$Entry@2f1578b0,&#10;    de.flapdoodle.embed.process.config.store.FileSet$Entry@9ec49f78,&#10;    de.flapdoodle.embed.process.config.store.FileSet$Entry@ee1eb618,&#10;    de.flapdoodle.embed.process.config.store.FileSet$Entry@3da32f98,&#10;    de.flapdoodle.embed.process.config.store.FileSet$Entry@3d05bbb8,&#10;    de.flapdoodle.embed.process.config.store.FileSet$Entry@20541cb0,&#10;    de.flapdoodle.embed.process.config.store.FileSet$Entry@183005d0,&#10;    de.flapdoodle.embed.process.config.store.FileSet$Entry@97de8450,&#10;    de.flapdoodle.embed.process.config.store.FileSet$Entry@86104e78,&#10;    de.flapdoodle.embed.process.config.store.FileSet$Entry@bc415ef8,&#10;    de.flapdoodle.embed.process.config.store.FileSet$Entry@239edb8,&#10;    de.flapdoodle.embed.process.config.store.FileSet$Entry@386afe38,&#10;    de.flapdoodle.embed.process.config.store.FileSet$Entry@a49c4638,&#10;    de.flapdoodle.embed.process.config.store.FileSet$Entry@ceb183d8,&#10;    de.flapdoodle.embed.process.config.store.FileSet$Entry@dfb72318,&#10;    de.flapdoodle.embed.process.config.store.FileSet$Entry@351a3318,&#10;    de.flapdoodle.embed.process.config.store.FileSet$Entry@a4ec3258,&#10;    de.flapdoodle.embed.process.config.store.FileSet$Entry@9bafa338,&#10;    de.flapdoodle.embed.process.config.store.FileSet$Entry@9bbe2f18,&#10;    de.flapdoodle.embed.process.config.store.FileSet$Entry@fe72898,&#10;    de.flapdoodle.embed.process.config.store.FileSet$Entry@8e2f74b8,&#10;    de.flapdoodle.embed.process.config.store.FileSet$Entry@1fca17b8,&#10;    de.flapdoodle.embed.process.config.store.FileSet$Entry@842db8b8,&#10;    de.flapdoodle.embed.process.config.store.FileSet$Entry@84316cd8,&#10;    de.flapdoodle.embed.process.config.store.FileSet$Entry@cd325030,&#10;    de.flapdoodle.embed.process.config.store.FileSet$Entry@b70b2bb8,&#10;    de.flapdoodle.embed.process.config.store.FileSet$Entry@654942d0,&#10;    de.flapdoodle.embed.process.config.store.FileSet$Entry@50deded8,&#10;    de.flapdoodle.embed.process.config.store.FileSet$Entry@1e1567f0,&#10;    de.flapdoodle.embed.process.config.store.FileSet$Entry@efd74b70,&#10;    de.flapdoodle.embed.process.config.store.FileSet$Entry@7a6c6df8,&#10;    de.flapdoodle.embed.process.config.store.FileSet$Entry@e2328930,&#10;    de.flapdoodle.embed.process.config.store.FileSet$Entry@cc1b0158,&#10;    de.flapdoodle.embed.process.config.store.FileSet$Entry@e4a05850,&#10;    de.flapdoodle.embed.process.config.store.FileSet$Entry@17671638,&#10;    de.flapdoodle.embed.process.config.store.FileSet$Entry@b134f9f0,&#10;    de.flapdoodle.embed.process.config.store.FileSet$Entry@dd66a898,&#10;    de.flapdoodle.embed.process.config.store.FileSet$Entry@f4e92b58,&#10;    de.flapdoodle.embed.process.config.store.FileSet$Entry@1038a430,&#10;    de.flapdoodle.embed.process.config.store.FileSet$Entry@8f7e9bb8,&#10;    de.flapdoodle.embed.process.config.store.FileSet$Entry@c8513fd0,&#10;    de.flapdoodle.embed.process.config.store.FileSet$Entry@60b49830,&#10;    de.flapdoodle.embed.process.config.store.FileSet$Entry@1ddad258,&#10;    de.flapdoodle.embed.process.config.store.FileSet$Entry@575e6390,&#10;    de.flapdoodle.embed.process.config.store.FileSet$Entry@fc6a72f8,&#10;    de.flapdoodle.embed.process.config.store.FileSet$Entry@fa11db90,&#10;    de.flapdoodle.embed.process.config.store.FileSet$Entry@b025faf8,&#10;    de.flapdoodle.embed.process.config.store.FileSet$Entry@69dd9970,&#10;    de.flapdoodle.embed.process.config.store.FileSet$Entry@39d1f918,&#10;    de.flapdoodle.embed.process.config.store.FileSet$Entry@c6b3610,&#10;    de.flapdoodle.embed.process.config.store.FileSet$Entry@e8f7f078,&#10;    de.flapdoodle.embed.process.config.store.FileSet$Entry@513e0998,&#10;    de.flapdoodle.embed.process.config.store.FileSet$Entry@3e7f8df0,&#10;    de.flapdoodle.embed.process.config.store.FileSet$Entry@bf8e3118,&#10;    de.flapdoodle.embed.process.config.store.FileSet$Entry@45f95d50,&#10;    de.flapdoodle.embed.process.config.store.FileSet$Entry@8948e6f8,&#10;    de.flapdoodle.embed.process.config.store.FileSet$Entry@d2bc9d50,&#10;    de.flapdoodle.embed.process.config.store.FileSet$Entry@2faeb9f0,&#10;    de.flapdoodle.embed.process.config.store.FileSet$Entry@c8015ed8,&#10;    de.flapdoodle.embed.process.config.store.FileSet$Entry@2595bab0,&#10;    de.flapdoodle.embed.process.config.store.FileSet$Entry@cf959130,&#10;    de.flapdoodle.embed.process.config.store.FileSet$Entry@f62d6ab0,&#10;    de.flapdoodle.embed.process.config.store.FileSet$Entry@8a22c690,&#10;    de.flapdoodle.embed.process.config.store.FileSet$Entry@479d8f38,&#10;    de.flapdoodle.embed.process.config.store.FileSet$Entry@21f26d50,&#10;    de.flapdoodle.embed.process.config.store.FileSet$Entry@ec426cf8,&#10;    de.flapdoodle.embed.process.config.store.FileSet$Entry@2268fd78,&#10;    de.flapdoodle.embed.process.config.store.FileSet$Entry@92b31610,&#10;    de.flapdoodle.embed.process.config.store.FileSet$Entry@d16d8f0,&#10;    de.flapdoodle.embed.process.config.store.FileSet$Entry@fdc0a998,&#10;    de.flapdoodle.embed.process.config.store.FileSet$Entry@f23e678,&#10;    de.flapdoodle.embed.process.config.store.FileSet$Entry@3d554d10,&#10;    de.flapdoodle.embed.process.config.store.FileSet$Entry@a9062930,&#10;    de.flapdoodle.embed.process.config.store.FileSet$Entry@67895430,&#10;    de.flapdoodle.embed.process.config.store.FileSet$Entry@68992b10,&#10;    de.flapdoodle.embed.process.config.store.FileSet$Entry@f19d9678,&#10;    de.flapdoodle.embed.process.config.store.FileSet$Entry@d3d17f50,&#10;    de.flapdoodle.embed.process.config.store.FileSet$Entry@5e517518,&#10;    de.flapdoodle.embed.process.config.store.FileSet$Entry@68132098,&#10;    de.flapdoodle.embed.process.config.store.FileSet$Entry@600c0058,&#10;    de.flapdoodle.embed.process.config.store.FileSet$Entry@ca198338,&#10;    de.flapdoodle.embed.process.config.store.FileSet$Entry@3c0b0210,&#10;    de.flapdoodle.embed.process.config.store.FileSet$Entry@a6d0e8f0,&#10;    de.flapdoodle.embed.process.config.store.FileSet$Entry@e09dd838,&#10;    de.flapdoodle.embed.process.config.store.FileSet$Entry@7c3c6b18,&#10;    de.flapdoodle.embed.process.config.store.FileSet$Entry@41d845b8,&#10;    de.flapdoodle.embed.process.config.store.FileSet$Entry@b7841898,&#10;    de.flapdoodle.embed.process.config.store.FileSet$Entry@7f232a98,&#10;    de.flapdoodle.embed.process.config.store.FileSet$Entry@d9118d78,&#10;    de.flapdoodle.embed.process.config.store.FileSet$Entry@4b8be310,&#10;    de.flapdoodle.embed.process.config.store.FileSet$Entry@58f949f0,&#10;    de.flapdoodle.embed.process.config.store.FileSet$Entry@23933490,&#10;    de.flapdoodle.embed.process.config.store.FileSet$Entry@51fbdb70,&#10;    de.flapdoodle.embed.process.config.store.FileSet$Entry@8f32c7f0,&#10;    de.flapdoodle.embed.process.config.store.FileSet$Entry@c1c09dd0,&#10;    de.flapdoodle.embed.process.config.store.FileSet$Entry@82857a58,&#10;    de.flapdoodle.embed.process.config.store.FileSet$Entry@6f23fa70]&gt;" type="java.lang.AssertionError"><![CDATA[java.lang.AssertionError: 

Expected size:<186> but was:<185> in:
<[de.flapdoodle.embed.process.config.store.FileSet$Entry@f868b1cc,
    de.flapdoodle.embed.process.config.store.FileSet$Entry@4e3fc978,
    de.flapdoodle.embed.process.config.store.FileSet$Entry@7ef765d0,
    de.flapdoodle.embed.process.config.store.FileSet$Entry@e8a3da78,
    de.flapdoodle.embed.process.config.store.FileSet$Entry@5b94be98,
    de.flapdoodle.embed.process.config.store.FileSet$Entry@e47712f8,
    de.flapdoodle.embed.process.config.store.FileSet$Entry@277a45d8,
    de.flapdoodle.embed.process.config.store.FileSet$Entry@16b1b410,
    de.flapdoodle.embed.process.config.store.FileSet$Entry@29e02718,
    de.flapdoodle.embed.process.config.store.FileSet$Entry@abfc49f8,
    de.flapdoodle.embed.process.config.store.FileSet$Entry@e60bded0,
    de.flapdoodle.embed.process.config.store.FileSet$Entry@779565b0,
    de.flapdoodle.embed.process.config.store.FileSet$Entry@7bd50258,
    de.flapdoodle.embed.process.config.store.FileSet$Entry@36b45cb8,
    de.flapdoodle.embed.process.config.store.FileSet$Entry@227caf98,
    de.flapdoodle.embed.process.config.store.FileSet$Entry@85f63db0,
    de.flapdoodle.embed.process.config.store.FileSet$Entry@4b755490,
    de.flapdoodle.embed.process.config.store.FileSet$Entry@cccc8c50,
    de.flapdoodle.embed.process.config.store.FileSet$Entry@8b435330,
    de.flapdoodle.embed.process.config.store.FileSet$Entry@2a66cb98,
    de.flapdoodle.embed.process.config.store.FileSet$Entry@79cae78,
    de.flapdoodle.embed.process.config.store.FileSet$Entry@481f6978,
    de.flapdoodle.embed.process.config.store.FileSet$Entry@3a135c58,
    de.flapdoodle.embed.process.config.store.FileSet$Entry@d7cdeb58,
    de.flapdoodle.embed.process.config.store.FileSet$Entry@68edee38,
    de.flapdoodle.embed.process.config.store.FileSet$Entry@68f4bd58,
    de.flapdoodle.embed.process.config.store.FileSet$Entry@eaa1cb30,
    de.flapdoodle.embed.process.config.store.FileSet$Entry@3e056058,
    de.flapdoodle.embed.process.config.store.FileSet$Entry@a276b070,
    de.flapdoodle.embed.process.config.store.FileSet$Entry@65337ff0,
    de.flapdoodle.embed.process.config.store.FileSet$Entry@621a51d0,
    de.flapdoodle.embed.process.config.store.FileSet$Entry@81350798,
    de.flapdoodle.embed.process.config.store.FileSet$Entry@448c5878,
    de.flapdoodle.embed.process.config.store.FileSet$Entry@3d444078,
    de.flapdoodle.embed.process.config.store.FileSet$Entry@4a5c8ed8,
    de.flapdoodle.embed.process.config.store.FileSet$Entry@3485f670,
    de.flapdoodle.embed.process.config.store.FileSet$Entry@7e0179b0,
    de.flapdoodle.embed.process.config.store.FileSet$Entry@de438370,
    de.flapdoodle.embed.process.config.store.FileSet$Entry@88a383b0,
    de.flapdoodle.embed.process.config.store.FileSet$Entry@1d3f8830,
    de.flapdoodle.embed.process.config.store.FileSet$Entry@15533490,
    de.flapdoodle.embed.process.config.store.FileSet$Entry@b5443eb8,
    de.flapdoodle.embed.process.config.store.FileSet$Entry@64753e18,
    de.flapdoodle.embed.process.config.store.FileSet$Entry@bc144218,
    de.flapdoodle.embed.process.config.store.FileSet$Entry@ed059b58,
    de.flapdoodle.embed.process.config.store.FileSet$Entry@ec7eb850,
    de.flapdoodle.embed.process.config.store.FileSet$Entry@49ec2f58,
    de.flapdoodle.embed.process.config.store.FileSet$Entry@61864bb0,
    de.flapdoodle.embed.process.config.store.FileSet$Entry@c5d237b0,
    de.flapdoodle.embed.process.config.store.FileSet$Entry@d80fbb18,
    de.flapdoodle.embed.process.config.store.FileSet$Entry@aa55b70,
    de.flapdoodle.embed.process.config.store.FileSet$Entry@a993e338,
    de.flapdoodle.embed.process.config.store.FileSet$Entry@bfd139f8,
    de.flapdoodle.embed.process.config.store.FileSet$Entry@5d702718,
    de.flapdoodle.embed.process.config.store.FileSet$Entry@64481bf8,
    de.flapdoodle.embed.process.config.store.FileSet$Entry@3867d470,
    de.flapdoodle.embed.process.config.store.FileSet$Entry@cc436ff0,
    de.flapdoodle.embed.process.config.store.FileSet$Entry@c772038,
    de.flapdoodle.embed.process.config.store.FileSet$Entry@8de42b58,
    de.flapdoodle.embed.process.config.store.FileSet$Entry@396b8998,
    de.flapdoodle.embed.process.config.store.FileSet$Entry@92210cb0,
    de.flapdoodle.embed.process.config.store.FileSet$Entry@5ee49b70,
    de.flapdoodle.embed.process.config.store.FileSet$Entry@6b7d0210,
    de.flapdoodle.embed.process.config.store.FileSet$Entry@4f3651d0,
    de.flapdoodle.embed.process.config.store.FileSet$Entry@e40d258,
    de.flapdoodle.embed.process.config.store.FileSet$Entry@d0f1d518,
    de.flapdoodle.embed.process.config.store.FileSet$Entry@8ba36490,
    de.flapdoodle.embed.process.config.store.FileSet$Entry@6e60aa90,
    de.flapdoodle.embed.process.config.store.FileSet$Entry@86a4f750,
    de.flapdoodle.embed.process.config.store.FileSet$Entry@8144e4b0,
    de.flapdoodle.embed.process.config.store.FileSet$Entry@30e63f10,
    de.flapdoodle.embed.process.config.store.FileSet$Entry@63f28b18,
    de.flapdoodle.embed.process.config.store.FileSet$Entry@24bb1378,
    de.flapdoodle.embed.process.config.store.FileSet$Entry@57bd1c58,
    de.flapdoodle.embed.process.config.store.FileSet$Entry@578cf2b8,
    de.flapdoodle.embed.process.config.store.FileSet$Entry@e3d20cf8,
    de.flapdoodle.embed.process.config.store.FileSet$Entry@2ef10cf8,
    de.flapdoodle.embed.process.config.store.FileSet$Entry@a2fe2cd0,
    de.flapdoodle.embed.process.config.store.FileSet$Entry@15208778,
    de.flapdoodle.embed.process.config.store.FileSet$Entry@32651610,
    de.flapdoodle.embed.process.config.store.FileSet$Entry@c91f2c18,
    de.flapdoodle.embed.process.config.store.FileSet$Entry@2f3c52f0,
    de.flapdoodle.embed.process.config.store.FileSet$Entry@5bfc3638,
    de.flapdoodle.embed.process.config.store.FileSet$Entry@c0285578,
    de.flapdoodle.embed.process.config.store.FileSet$Entry@82d27550,
    de.flapdoodle.embed.process.config.store.FileSet$Entry@6785d090,
    de.flapdoodle.embed.process.config.store.FileSet$Entry@4226c6f8,
    de.flapdoodle.embed.process.config.store.FileSet$Entry@5fc90c10,
    de.flapdoodle.embed.process.config.store.FileSet$Entry@2f1578b0,
    de.flapdoodle.embed.process.config.store.FileSet$Entry@9ec49f78,
    de.flapdoodle.embed.process.config.store.FileSet$Entry@ee1eb618,
    de.flapdoodle.embed.process.config.store.FileSet$Entry@3da32f98,
    de.flapdoodle.embed.process.config.store.FileSet$Entry@3d05bbb8,
    de.flapdoodle.embed.process.config.store.FileSet$Entry@20541cb0,
    de.flapdoodle.embed.process.config.store.FileSet$Entry@183005d0,
    de.flapdoodle.embed.process.config.store.FileSet$Entry@97de8450,
    de.flapdoodle.embed.process.config.store.FileSet$Entry@86104e78,
    de.flapdoodle.embed.process.config.store.FileSet$Entry@bc415ef8,
    de.flapdoodle.embed.process.config.store.FileSet$Entry@239edb8,
    de.flapdoodle.embed.process.config.store.FileSet$Entry@386afe38,
    de.flapdoodle.embed.process.config.store.FileSet$Entry@a49c4638,
    de.flapdoodle.embed.process.config.store.FileSet$Entry@ceb183d8,
    de.flapdoodle.embed.process.config.store.FileSet$Entry@dfb72318,
    de.flapdoodle.embed.process.config.store.FileSet$Entry@351a3318,
    de.flapdoodle.embed.process.config.store.FileSet$Entry@a4ec3258,
    de.flapdoodle.embed.process.config.store.FileSet$Entry@9bafa338,
    de.flapdoodle.embed.process.config.store.FileSet$Entry@9bbe2f18,
    de.flapdoodle.embed.process.config.store.FileSet$Entry@fe72898,
    de.flapdoodle.embed.process.config.store.FileSet$Entry@8e2f74b8,
    de.flapdoodle.embed.process.config.store.FileSet$Entry@1fca17b8,
    de.flapdoodle.embed.process.config.store.FileSet$Entry@842db8b8,
    de.flapdoodle.embed.process.config.store.FileSet$Entry@84316cd8,
    de.flapdoodle.embed.process.config.store.FileSet$Entry@cd325030,
    de.flapdoodle.embed.process.config.store.FileSet$Entry@b70b2bb8,
    de.flapdoodle.embed.process.config.store.FileSet$Entry@654942d0,
    de.flapdoodle.embed.process.config.store.FileSet$Entry@50deded8,
    de.flapdoodle.embed.process.config.store.FileSet$Entry@1e1567f0,
    de.flapdoodle.embed.process.config.store.FileSet$Entry@efd74b70,
    de.flapdoodle.embed.process.config.store.FileSet$Entry@7a6c6df8,
    de.flapdoodle.embed.process.config.store.FileSet$Entry@e2328930,
    de.flapdoodle.embed.process.config.store.FileSet$Entry@cc1b0158,
    de.flapdoodle.embed.process.config.store.FileSet$Entry@e4a05850,
    de.flapdoodle.embed.process.config.store.FileSet$Entry@17671638,
    de.flapdoodle.embed.process.config.store.FileSet$Entry@b134f9f0,
    de.flapdoodle.embed.process.config.store.FileSet$Entry@dd66a898,
    de.flapdoodle.embed.process.config.store.FileSet$Entry@f4e92b58,
    de.flapdoodle.embed.process.config.store.FileSet$Entry@1038a430,
    de.flapdoodle.embed.process.config.store.FileSet$Entry@8f7e9bb8,
    de.flapdoodle.embed.process.config.store.FileSet$Entry@c8513fd0,
    de.flapdoodle.embed.process.config.store.FileSet$Entry@60b49830,
    de.flapdoodle.embed.process.config.store.FileSet$Entry@1ddad258,
    de.flapdoodle.embed.process.config.store.FileSet$Entry@575e6390,
    de.flapdoodle.embed.process.config.store.FileSet$Entry@fc6a72f8,
    de.flapdoodle.embed.process.config.store.FileSet$Entry@fa11db90,
    de.flapdoodle.embed.process.config.store.FileSet$Entry@b025faf8,
    de.flapdoodle.embed.process.config.store.FileSet$Entry@69dd9970,
    de.flapdoodle.embed.process.config.store.FileSet$Entry@39d1f918,
    de.flapdoodle.embed.process.config.store.FileSet$Entry@c6b3610,
    de.flapdoodle.embed.process.config.store.FileSet$Entry@e8f7f078,
    de.flapdoodle.embed.process.config.store.FileSet$Entry@513e0998,
    de.flapdoodle.embed.process.config.store.FileSet$Entry@3e7f8df0,
    de.flapdoodle.embed.process.config.store.FileSet$Entry@bf8e3118,
    de.flapdoodle.embed.process.config.store.FileSet$Entry@45f95d50,
    de.flapdoodle.embed.process.config.store.FileSet$Entry@8948e6f8,
    de.flapdoodle.embed.process.config.store.FileSet$Entry@d2bc9d50,
    de.flapdoodle.embed.process.config.store.FileSet$Entry@2faeb9f0,
    de.flapdoodle.embed.process.config.store.FileSet$Entry@c8015ed8,
    de.flapdoodle.embed.process.config.store.FileSet$Entry@2595bab0,
    de.flapdoodle.embed.process.config.store.FileSet$Entry@cf959130,
    de.flapdoodle.embed.process.config.store.FileSet$Entry@f62d6ab0,
    de.flapdoodle.embed.process.config.store.FileSet$Entry@8a22c690,
    de.flapdoodle.embed.process.config.store.FileSet$Entry@479d8f38,
    de.flapdoodle.embed.process.config.store.FileSet$Entry@21f26d50,
    de.flapdoodle.embed.process.config.store.FileSet$Entry@ec426cf8,
    de.flapdoodle.embed.process.config.store.FileSet$Entry@2268fd78,
    de.flapdoodle.embed.process.config.store.FileSet$Entry@92b31610,
    de.flapdoodle.embed.process.config.store.FileSet$Entry@d16d8f0,
    de.flapdoodle.embed.process.config.store.FileSet$Entry@fdc0a998,
    de.flapdoodle.embed.process.config.store.FileSet$Entry@f23e678,
    de.flapdoodle.embed.process.config.store.FileSet$Entry@3d554d10,
    de.flapdoodle.embed.process.config.store.FileSet$Entry@a9062930,
    de.flapdoodle.embed.process.config.store.FileSet$Entry@67895430,
    de.flapdoodle.embed.process.config.store.FileSet$Entry@68992b10,
    de.flapdoodle.embed.process.config.store.FileSet$Entry@f19d9678,
    de.flapdoodle.embed.process.config.store.FileSet$Entry@d3d17f50,
    de.flapdoodle.embed.process.config.store.FileSet$Entry@5e517518,
    de.flapdoodle.embed.process.config.store.FileSet$Entry@68132098,
    de.flapdoodle.embed.process.config.store.FileSet$Entry@600c0058,
    de.flapdoodle.embed.process.config.store.FileSet$Entry@ca198338,
    de.flapdoodle.embed.process.config.store.FileSet$Entry@3c0b0210,
    de.flapdoodle.embed.process.config.store.FileSet$Entry@a6d0e8f0,
    de.flapdoodle.embed.process.config.store.FileSet$Entry@e09dd838,
    de.flapdoodle.embed.process.config.store.FileSet$Entry@7c3c6b18,
    de.flapdoodle.embed.process.config.store.FileSet$Entry@41d845b8,
    de.flapdoodle.embed.process.config.store.FileSet$Entry@b7841898,
    de.flapdoodle.embed.process.config.store.FileSet$Entry@7f232a98,
    de.flapdoodle.embed.process.config.store.FileSet$Entry@d9118d78,
    de.flapdoodle.embed.process.config.store.FileSet$Entry@4b8be310,
    de.flapdoodle.embed.process.config.store.FileSet$Entry@58f949f0,
    de.flapdoodle.embed.process.config.store.FileSet$Entry@23933490,
    de.flapdoodle.embed.process.config.store.FileSet$Entry@51fbdb70,
    de.flapdoodle.embed.process.config.store.FileSet$Entry@8f32c7f0,
    de.flapdoodle.embed.process.config.store.FileSet$Entry@c1c09dd0,
    de.flapdoodle.embed.process.config.store.FileSet$Entry@82857a58,
    de.flapdoodle.embed.process.config.store.FileSet$Entry@6f23fa70]>
	at com.github.nosan.embedded.cassandra.config.PackageResolverFactoryTests.getFileSet(PackageResolverFactoryTests.java:42)
]]></failure>
  </testcase>
  <testcase name="getArchiveType" classname="com.github.nosan.embedded.cassandra.config.PackageResolverFactoryTests" time="0"/>
</testsuite>