<?xml version="1.0" encoding="UTF-8"?>
<testsuite xmlns:xsi="http://www.w3.org/2001/XMLSchema-instance" xsi:schemaLocation="https://maven.apache.org/surefire/maven-surefire-plugin/xsd/surefire-test-report.xsd" name="io.hekate.messaging.internal.FailoverRequestTest" time="45.867" tests="264" errors="0" skipped="0" failures="0">
  <properties>
    <property name="java.runtime.name" value="OpenJDK Runtime Environment"/>
    <property name="sun.boot.library.path" value="/usr/lib/jvm/java-8-openjdk-amd64/jre/lib/amd64"/>
    <property name="java.vm.version" value="25.121-b13"/>
    <property name="java.vm.vendor" value="Oracle Corporation"/>
    <property name="maven.multiModuleProjectDirectory" value="/root/workspace/hekate-io/hekate/383632883"/>
    <property name="java.vendor.url" value="http://java.oracle.com/"/>
    <property name="path.separator" value=":"/>
    <property name="guice.disable.misplaced.annotation.check" value="true"/>
    <property name="skip.gulp" value="true"/>
    <property name="java.vm.name" value="OpenJDK 64-Bit Server VM"/>
    <property name="file.encoding.pkg" value="sun.io"/>
    <property name="sun.java.launcher" value="SUN_STANDARD"/>
    <property name="sun.os.patch.level" value="unknown"/>
    <property name="findbugs.skip" value="true"/>
    <property name="java.vm.specification.name" value="Java Virtual Machine Specification"/>
    <property name="user.dir" value="/root/workspace/hekate-io/hekate/383632883"/>
    <property name="checkstyle.skip" value="true"/>
    <property name="java.runtime.version" value="1.8.0_121-8u121-b13-1~bpo8+1-b13"/>
    <property name="java.awt.graphicsenv" value="sun.awt.X11GraphicsEnvironment"/>
    <property name="skip.npm" value="true"/>
    <property name="java.endorsed.dirs" value="/usr/lib/jvm/java-8-openjdk-amd64/jre/lib/endorsed"/>
    <property name="os.arch" value="amd64"/>
    <property name="java.io.tmpdir" value="/tmp"/>
    <property name="gpg.skip" value="true"/>
    <property name="line.separator" value="&#10;"/>
    <property name="java.vm.specification.vendor" value="Oracle Corporation"/>
    <property name="cobertura.skip" value="true"/>
    <property name="os.name" value="Linux"/>
    <property name="classworlds.conf" value="/usr/share/maven/bin/m2.conf"/>
    <property name="sun.jnu.encoding" value="UTF-8"/>
    <property name="java.library.path" value="/usr/java/packages/lib/amd64:/usr/lib/x86_64-linux-gnu/jni:/lib/x86_64-linux-gnu:/usr/lib/x86_64-linux-gnu:/usr/lib/jni:/lib:/usr/lib"/>
    <property name="license.skip" value="true"/>
    <property name="java.specification.name" value="Java Platform API Specification"/>
    <property name="java.class.version" value="52.0"/>
    <property name="org.slf4j.simpleLogger.levelInBrackets" value="true"/>
    <property name="sun.management.compiler" value="HotSpot 64-Bit Tiered Compilers"/>
    <property name="skip.bower" value="true"/>
    <property name="maven.repo.local" value="/root/./workspace/hekate-io/hekate/383632883/.m2"/>
    <property name="os.version" value="3.10.0-862.2.3.el7.x86_64"/>
    <property name="user.home" value="/root"/>
    <property name="user.timezone" value="Europe/Paris"/>
    <property name="java.awt.printerjob" value="sun.print.PSPrinterJob"/>
    <property name="java.specification.version" value="1.8"/>
    <property name="file.encoding" value="UTF-8"/>
    <property name="user.name" value="root"/>
    <property name="java.class.path" value="/usr/share/maven/boot/plexus-classworlds-2.5.2.jar"/>
    <property name="skipITs" value="true"/>
    <property name="java.vm.specification.version" value="1.8"/>
    <property name="sun.arch.data.model" value="64"/>
    <property name="java.home" value="/usr/lib/jvm/java-8-openjdk-amd64/jre"/>
    <property name="sun.java.command" value="org.codehaus.plexus.classworlds.launcher.Launcher -B -D enforcer.skip=true -D dependency-check.skip=true -D skipITs=true -D cobertura.skip=true -D maven.repo.local=/root/./workspace/hekate-io/hekate/383632883/.m2 -D rat.skip=true -D findbugs.skip=true -D skip.bower=true -D gpg.skip=true -D checkstyle.skip=true -D skip.gulp=true -D license.skip=true -D skip.npm=true test"/>
    <property name="java.specification.vendor" value="Oracle Corporation"/>
    <property name="user.language" value="en"/>
    <property name="awt.toolkit" value="sun.awt.X11.XToolkit"/>
    <property name="dependency-check.skip" value="true"/>
    <property name="java.vm.info" value="mixed mode"/>
    <property name="java.version" value="1.8.0_121"/>
    <property name="java.ext.dirs" value="/usr/lib/jvm/java-8-openjdk-amd64/jre/lib/ext:/usr/java/packages/lib/ext"/>
    <property name="securerandom.source" value="file:/dev/./urandom"/>
    <property name="sun.boot.class.path" value="/usr/lib/jvm/java-8-openjdk-amd64/jre/lib/resources.jar:/usr/lib/jvm/java-8-openjdk-amd64/jre/lib/rt.jar:/usr/lib/jvm/java-8-openjdk-amd64/jre/lib/sunrsasign.jar:/usr/lib/jvm/java-8-openjdk-amd64/jre/lib/jsse.jar:/usr/lib/jvm/java-8-openjdk-amd64/jre/lib/jce.jar:/usr/lib/jvm/java-8-openjdk-amd64/jre/lib/charsets.jar:/usr/lib/jvm/java-8-openjdk-amd64/jre/lib/jfr.jar:/usr/lib/jvm/java-8-openjdk-amd64/jre/classes"/>
    <property name="java.vendor" value="Oracle Corporation"/>
    <property name="enforcer.skip" value="true"/>
    <property name="rat.skip" value="true"/>
    <property name="maven.home" value="/usr/share/maven"/>
    <property name="file.separator" value="/"/>
    <property name="java.vendor.url.bug" value="http://bugreport.sun.com/bugreport/"/>
    <property name="sun.cpu.endian" value="little"/>
    <property name="sun.io.unicode.encoding" value="UnicodeLittle"/>
    <property name="org.slf4j.simpleLogger.showThreadName" value="false"/>
    <property name="sun.cpu.isalist" value=""/>
  </properties>
  <testcase name="testSelfFailoverSuccess[0: transport=NIO, worker-threads=0, nio-threads=1]" classname="io.hekate.messaging.internal.FailoverRequestTest" time="0.046"/>
  <testcase name="testRemoteFailoverFailure[0: transport=NIO, worker-threads=0, nio-threads=1]" classname="io.hekate.messaging.internal.FailoverRequestTest" time="0.033"/>
  <testcase name="testSelfFailoverDelay[0: transport=NIO, worker-threads=0, nio-threads=1]" classname="io.hekate.messaging.internal.FailoverRequestTest" time="0.63"/>
  <testcase name="testSelfFailoverFailure[0: transport=NIO, worker-threads=0, nio-threads=1]" classname="io.hekate.messaging.internal.FailoverRequestTest" time="0.032"/>
  <testcase name="testChannelCloseWhileInFailoverWithDelay[0: transport=NIO, worker-threads=0, nio-threads=1]" classname="io.hekate.messaging.internal.FailoverRequestTest" time="0.075"/>
  <testcase name="testRoutingPolicyPreferSameNode[0: transport=NIO, worker-threads=0, nio-threads=1]" classname="io.hekate.messaging.internal.FailoverRequestTest" time="0.034"/>
  <testcase name="testRemoteFailoverDelay[0: transport=NIO, worker-threads=0, nio-threads=1]" classname="io.hekate.messaging.internal.FailoverRequestTest" time="0.634"/>
  <testcase name="testRoutingPolicyRetrySameNode[0: transport=NIO, worker-threads=0, nio-threads=1]" classname="io.hekate.messaging.internal.FailoverRequestTest" time="0.038"/>
  <testcase name="testRoutingPolicyReRoute[0: transport=NIO, worker-threads=0, nio-threads=1]" classname="io.hekate.messaging.internal.FailoverRequestTest" time="0.037"/>
  <testcase name="testRemoteFailoverSuccess[0: transport=NIO, worker-threads=0, nio-threads=1]" classname="io.hekate.messaging.internal.FailoverRequestTest" time="0.057"/>
  <testcase name="testNoFailoverOfRoutingErrors[0: transport=NIO, worker-threads=0, nio-threads=1]" classname="io.hekate.messaging.internal.FailoverRequestTest" time="0.028"/>
  <testcase name="testSelfFailoverSuccess[1: transport=NIO, worker-threads=1, nio-threads=1]" classname="io.hekate.messaging.internal.FailoverRequestTest" time="0.027"/>
  <testcase name="testRemoteFailoverFailure[1: transport=NIO, worker-threads=1, nio-threads=1]" classname="io.hekate.messaging.internal.FailoverRequestTest" time="0.036"/>
  <testcase name="testSelfFailoverDelay[1: transport=NIO, worker-threads=1, nio-threads=1]" classname="io.hekate.messaging.internal.FailoverRequestTest" time="0.632"/>
  <testcase name="testSelfFailoverFailure[1: transport=NIO, worker-threads=1, nio-threads=1]" classname="io.hekate.messaging.internal.FailoverRequestTest" time="0.034"/>
  <testcase name="testChannelCloseWhileInFailoverWithDelay[1: transport=NIO, worker-threads=1, nio-threads=1]" classname="io.hekate.messaging.internal.FailoverRequestTest" time="0.076"/>
  <testcase name="testRoutingPolicyPreferSameNode[1: transport=NIO, worker-threads=1, nio-threads=1]" classname="io.hekate.messaging.internal.FailoverRequestTest" time="0.035"/>
  <testcase name="testRemoteFailoverDelay[1: transport=NIO, worker-threads=1, nio-threads=1]" classname="io.hekate.messaging.internal.FailoverRequestTest" time="0.637"/>
  <testcase name="testRoutingPolicyRetrySameNode[1: transport=NIO, worker-threads=1, nio-threads=1]" classname="io.hekate.messaging.internal.FailoverRequestTest" time="0.038"/>
  <testcase name="testRoutingPolicyReRoute[1: transport=NIO, worker-threads=1, nio-threads=1]" classname="io.hekate.messaging.internal.FailoverRequestTest" time="0.035"/>
  <testcase name="testRemoteFailoverSuccess[1: transport=NIO, worker-threads=1, nio-threads=1]" classname="io.hekate.messaging.internal.FailoverRequestTest" time="0.036"/>
  <testcase name="testNoFailoverOfRoutingErrors[1: transport=NIO, worker-threads=1, nio-threads=1]" classname="io.hekate.messaging.internal.FailoverRequestTest" time="0.028"/>
  <testcase name="testSelfFailoverSuccess[2: transport=NIO, worker-threads=4, nio-threads=1]" classname="io.hekate.messaging.internal.FailoverRequestTest" time="0.047"/>
  <testcase name="testRemoteFailoverFailure[2: transport=NIO, worker-threads=4, nio-threads=1]" classname="io.hekate.messaging.internal.FailoverRequestTest" time="0.033"/>
  <testcase name="testSelfFailoverDelay[2: transport=NIO, worker-threads=4, nio-threads=1]" classname="io.hekate.messaging.internal.FailoverRequestTest" time="0.632"/>
  <testcase name="testSelfFailoverFailure[2: transport=NIO, worker-threads=4, nio-threads=1]" classname="io.hekate.messaging.internal.FailoverRequestTest" time="0.035"/>
  <testcase name="testChannelCloseWhileInFailoverWithDelay[2: transport=NIO, worker-threads=4, nio-threads=1]" classname="io.hekate.messaging.internal.FailoverRequestTest" time="0.077"/>
  <testcase name="testRoutingPolicyPreferSameNode[2: transport=NIO, worker-threads=4, nio-threads=1]" classname="io.hekate.messaging.internal.FailoverRequestTest" time="0.037"/>
  <testcase name="testRemoteFailoverDelay[2: transport=NIO, worker-threads=4, nio-threads=1]" classname="io.hekate.messaging.internal.FailoverRequestTest" time="0.64"/>
  <testcase name="testRoutingPolicyRetrySameNode[2: transport=NIO, worker-threads=4, nio-threads=1]" classname="io.hekate.messaging.internal.FailoverRequestTest" time="0.041"/>
  <testcase name="testRoutingPolicyReRoute[2: transport=NIO, worker-threads=4, nio-threads=1]" classname="io.hekate.messaging.internal.FailoverRequestTest" time="0.038"/>
  <testcase name="testRemoteFailoverSuccess[2: transport=NIO, worker-threads=4, nio-threads=1]" classname="io.hekate.messaging.internal.FailoverRequestTest" time="0.041"/>
  <testcase name="testNoFailoverOfRoutingErrors[2: transport=NIO, worker-threads=4, nio-threads=1]" classname="io.hekate.messaging.internal.FailoverRequestTest" time="0.031"/>
  <testcase name="testSelfFailoverSuccess[3: transport=NIO, worker-threads=5, nio-threads=0]" classname="io.hekate.messaging.internal.FailoverRequestTest" time="0.034"/>
  <testcase name="testRemoteFailoverFailure[3: transport=NIO, worker-threads=5, nio-threads=0]" classname="io.hekate.messaging.internal.FailoverRequestTest" time="0.059"/>
  <testcase name="testSelfFailoverDelay[3: transport=NIO, worker-threads=5, nio-threads=0]" classname="io.hekate.messaging.internal.FailoverRequestTest" time="0.633"/>
  <testcase name="testSelfFailoverFailure[3: transport=NIO, worker-threads=5, nio-threads=0]" classname="io.hekate.messaging.internal.FailoverRequestTest" time="0.037"/>
  <testcase name="testChannelCloseWhileInFailoverWithDelay[3: transport=NIO, worker-threads=5, nio-threads=0]" classname="io.hekate.messaging.internal.FailoverRequestTest" time="0.077"/>
  <testcase name="testRoutingPolicyPreferSameNode[3: transport=NIO, worker-threads=5, nio-threads=0]" classname="io.hekate.messaging.internal.FailoverRequestTest" time="0.037"/>
  <testcase name="testRemoteFailoverDelay[3: transport=NIO, worker-threads=5, nio-threads=0]" classname="io.hekate.messaging.internal.FailoverRequestTest" time="0.639"/>
  <testcase name="testRoutingPolicyRetrySameNode[3: transport=NIO, worker-threads=5, nio-threads=0]" classname="io.hekate.messaging.internal.FailoverRequestTest" time="0.04"/>
  <testcase name="testRoutingPolicyReRoute[3: transport=NIO, worker-threads=5, nio-threads=0]" classname="io.hekate.messaging.internal.FailoverRequestTest" time="0.037"/>
  <testcase name="testRemoteFailoverSuccess[3: transport=NIO, worker-threads=5, nio-threads=0]" classname="io.hekate.messaging.internal.FailoverRequestTest" time="0.04"/>
  <testcase name="testNoFailoverOfRoutingErrors[3: transport=NIO, worker-threads=5, nio-threads=0]" classname="io.hekate.messaging.internal.FailoverRequestTest" time="0.031"/>
  <testcase name="testSelfFailoverSuccess[4: transport=NIO, ssl=JDK, worker-threads=0, nio-threads=1]" classname="io.hekate.messaging.internal.FailoverRequestTest" time="0.064"/>
  <testcase name="testRemoteFailoverFailure[4: transport=NIO, ssl=JDK, worker-threads=0, nio-threads=1]" classname="io.hekate.messaging.internal.FailoverRequestTest" time="0.144"/>
  <testcase name="testSelfFailoverDelay[4: transport=NIO, ssl=JDK, worker-threads=0, nio-threads=1]" classname="io.hekate.messaging.internal.FailoverRequestTest" time="0.658"/>
  <testcase name="testSelfFailoverFailure[4: transport=NIO, ssl=JDK, worker-threads=0, nio-threads=1]" classname="io.hekate.messaging.internal.FailoverRequestTest" time="0.068"/>
  <testcase name="testChannelCloseWhileInFailoverWithDelay[4: transport=NIO, ssl=JDK, worker-threads=0, nio-threads=1]" classname="io.hekate.messaging.internal.FailoverRequestTest" time="0.106"/>
  <testcase name="testRoutingPolicyPreferSameNode[4: transport=NIO, ssl=JDK, worker-threads=0, nio-threads=1]" classname="io.hekate.messaging.internal.FailoverRequestTest" time="0.07"/>
  <testcase name="testRemoteFailoverDelay[4: transport=NIO, ssl=JDK, worker-threads=0, nio-threads=1]" classname="io.hekate.messaging.internal.FailoverRequestTest" time="0.67"/>
  <testcase name="testRoutingPolicyRetrySameNode[4: transport=NIO, ssl=JDK, worker-threads=0, nio-threads=1]" classname="io.hekate.messaging.internal.FailoverRequestTest" time="0.072"/>
  <testcase name="testRoutingPolicyReRoute[4: transport=NIO, ssl=JDK, worker-threads=0, nio-threads=1]" classname="io.hekate.messaging.internal.FailoverRequestTest" time="0.067"/>
  <testcase name="testRemoteFailoverSuccess[4: transport=NIO, ssl=JDK, worker-threads=0, nio-threads=1]" classname="io.hekate.messaging.internal.FailoverRequestTest" time="0.071"/>
  <testcase name="testNoFailoverOfRoutingErrors[4: transport=NIO, ssl=JDK, worker-threads=0, nio-threads=1]" classname="io.hekate.messaging.internal.FailoverRequestTest" time="0.085"/>
  <testcase name="testSelfFailoverSuccess[5: transport=NIO, ssl=JDK, worker-threads=1, nio-threads=1]" classname="io.hekate.messaging.internal.FailoverRequestTest" time="0.079"/>
  <testcase name="testRemoteFailoverFailure[5: transport=NIO, ssl=JDK, worker-threads=1, nio-threads=1]" classname="io.hekate.messaging.internal.FailoverRequestTest" time="0.07"/>
  <testcase name="testSelfFailoverDelay[5: transport=NIO, ssl=JDK, worker-threads=1, nio-threads=1]" classname="io.hekate.messaging.internal.FailoverRequestTest" time="0.666"/>
  <testcase name="testSelfFailoverFailure[5: transport=NIO, ssl=JDK, worker-threads=1, nio-threads=1]" classname="io.hekate.messaging.internal.FailoverRequestTest" time="0.085"/>
  <testcase name="testChannelCloseWhileInFailoverWithDelay[5: transport=NIO, ssl=JDK, worker-threads=1, nio-threads=1]" classname="io.hekate.messaging.internal.FailoverRequestTest" time="0.11"/>
  <testcase name="testRoutingPolicyPreferSameNode[5: transport=NIO, ssl=JDK, worker-threads=1, nio-threads=1]" classname="io.hekate.messaging.internal.FailoverRequestTest" time="0.089"/>
  <testcase name="testRemoteFailoverDelay[5: transport=NIO, ssl=JDK, worker-threads=1, nio-threads=1]" classname="io.hekate.messaging.internal.FailoverRequestTest" time="0.673"/>
  <testcase name="testRoutingPolicyRetrySameNode[5: transport=NIO, ssl=JDK, worker-threads=1, nio-threads=1]" classname="io.hekate.messaging.internal.FailoverRequestTest" time="0.074"/>
  <testcase name="testRoutingPolicyReRoute[5: transport=NIO, ssl=JDK, worker-threads=1, nio-threads=1]" classname="io.hekate.messaging.internal.FailoverRequestTest" time="0.089"/>
  <testcase name="testRemoteFailoverSuccess[5: transport=NIO, ssl=JDK, worker-threads=1, nio-threads=1]" classname="io.hekate.messaging.internal.FailoverRequestTest" time="0.073"/>
  <testcase name="testNoFailoverOfRoutingErrors[5: transport=NIO, ssl=JDK, worker-threads=1, nio-threads=1]" classname="io.hekate.messaging.internal.FailoverRequestTest" time="0.064"/>
  <testcase name="testSelfFailoverSuccess[6: transport=NIO, ssl=JDK, worker-threads=4, nio-threads=1]" classname="io.hekate.messaging.internal.FailoverRequestTest" time="0.068"/>
  <testcase name="testRemoteFailoverFailure[6: transport=NIO, ssl=JDK, worker-threads=4, nio-threads=1]" classname="io.hekate.messaging.internal.FailoverRequestTest" time="0.078"/>
  <testcase name="testSelfFailoverDelay[6: transport=NIO, ssl=JDK, worker-threads=4, nio-threads=1]" classname="io.hekate.messaging.internal.FailoverRequestTest" time="0.67"/>
  <testcase name="testSelfFailoverFailure[6: transport=NIO, ssl=JDK, worker-threads=4, nio-threads=1]" classname="io.hekate.messaging.internal.FailoverRequestTest" time="0.071"/>
  <testcase name="testChannelCloseWhileInFailoverWithDelay[6: transport=NIO, ssl=JDK, worker-threads=4, nio-threads=1]" classname="io.hekate.messaging.internal.FailoverRequestTest" time="0.111"/>
  <testcase name="testRoutingPolicyPreferSameNode[6: transport=NIO, ssl=JDK, worker-threads=4, nio-threads=1]" classname="io.hekate.messaging.internal.FailoverRequestTest" time="0.074"/>
  <testcase name="testRemoteFailoverDelay[6: transport=NIO, ssl=JDK, worker-threads=4, nio-threads=1]" classname="io.hekate.messaging.internal.FailoverRequestTest" time="0.676"/>
  <testcase name="testRoutingPolicyRetrySameNode[6: transport=NIO, ssl=JDK, worker-threads=4, nio-threads=1]" classname="io.hekate.messaging.internal.FailoverRequestTest" time="0.099"/>
  <testcase name="testRoutingPolicyReRoute[6: transport=NIO, ssl=JDK, worker-threads=4, nio-threads=1]" classname="io.hekate.messaging.internal.FailoverRequestTest" time="0.072"/>
  <testcase name="testRemoteFailoverSuccess[6: transport=NIO, ssl=JDK, worker-threads=4, nio-threads=1]" classname="io.hekate.messaging.internal.FailoverRequestTest" time="0.075"/>
  <testcase name="testNoFailoverOfRoutingErrors[6: transport=NIO, ssl=JDK, worker-threads=4, nio-threads=1]" classname="io.hekate.messaging.internal.FailoverRequestTest" time="0.067"/>
  <testcase name="testSelfFailoverSuccess[7: transport=NIO, ssl=JDK, worker-threads=5, nio-threads=0]" classname="io.hekate.messaging.internal.FailoverRequestTest" time="0.07"/>
  <testcase name="testRemoteFailoverFailure[7: transport=NIO, ssl=JDK, worker-threads=5, nio-threads=0]" classname="io.hekate.messaging.internal.FailoverRequestTest" time="0.081"/>
  <testcase name="testSelfFailoverDelay[7: transport=NIO, ssl=JDK, worker-threads=5, nio-threads=0]" classname="io.hekate.messaging.internal.FailoverRequestTest" time="0.668"/>
  <testcase name="testSelfFailoverFailure[7: transport=NIO, ssl=JDK, worker-threads=5, nio-threads=0]" classname="io.hekate.messaging.internal.FailoverRequestTest" time="0.071"/>
  <testcase name="testChannelCloseWhileInFailoverWithDelay[7: transport=NIO, ssl=JDK, worker-threads=5, nio-threads=0]" classname="io.hekate.messaging.internal.FailoverRequestTest" time="0.108"/>
  <testcase name="testRoutingPolicyPreferSameNode[7: transport=NIO, ssl=JDK, worker-threads=5, nio-threads=0]" classname="io.hekate.messaging.internal.FailoverRequestTest" time="0.07"/>
  <testcase name="testRemoteFailoverDelay[7: transport=NIO, ssl=JDK, worker-threads=5, nio-threads=0]" classname="io.hekate.messaging.internal.FailoverRequestTest" time="0.701"/>
  <testcase name="testRoutingPolicyRetrySameNode[7: transport=NIO, ssl=JDK, worker-threads=5, nio-threads=0]" classname="io.hekate.messaging.internal.FailoverRequestTest" time="0.076"/>
  <testcase name="testRoutingPolicyReRoute[7: transport=NIO, ssl=JDK, worker-threads=5, nio-threads=0]" classname="io.hekate.messaging.internal.FailoverRequestTest" time="0.071"/>
  <testcase name="testRemoteFailoverSuccess[7: transport=NIO, ssl=JDK, worker-threads=5, nio-threads=0]" classname="io.hekate.messaging.internal.FailoverRequestTest" time="0.073"/>
  <testcase name="testNoFailoverOfRoutingErrors[7: transport=NIO, ssl=JDK, worker-threads=5, nio-threads=0]" classname="io.hekate.messaging.internal.FailoverRequestTest" time="0.062"/>
  <testcase name="testSelfFailoverSuccess[8: transport=NIO, ssl=OPEN_SSL, worker-threads=0, nio-threads=1]" classname="io.hekate.messaging.internal.FailoverRequestTest" time="0.041"/>
  <testcase name="testRemoteFailoverFailure[8: transport=NIO, ssl=OPEN_SSL, worker-threads=0, nio-threads=1]" classname="io.hekate.messaging.internal.FailoverRequestTest" time="0.05"/>
  <testcase name="testSelfFailoverDelay[8: transport=NIO, ssl=OPEN_SSL, worker-threads=0, nio-threads=1]" classname="io.hekate.messaging.internal.FailoverRequestTest" time="0.643"/>
  <testcase name="testSelfFailoverFailure[8: transport=NIO, ssl=OPEN_SSL, worker-threads=0, nio-threads=1]" classname="io.hekate.messaging.internal.FailoverRequestTest" time="0.046"/>
  <testcase name="testChannelCloseWhileInFailoverWithDelay[8: transport=NIO, ssl=OPEN_SSL, worker-threads=0, nio-threads=1]" classname="io.hekate.messaging.internal.FailoverRequestTest" time="0.087"/>
  <testcase name="testRoutingPolicyPreferSameNode[8: transport=NIO, ssl=OPEN_SSL, worker-threads=0, nio-threads=1]" classname="io.hekate.messaging.internal.FailoverRequestTest" time="0.05"/>
  <testcase name="testRemoteFailoverDelay[8: transport=NIO, ssl=OPEN_SSL, worker-threads=0, nio-threads=1]" classname="io.hekate.messaging.internal.FailoverRequestTest" time="0.65"/>
  <testcase name="testRoutingPolicyRetrySameNode[8: transport=NIO, ssl=OPEN_SSL, worker-threads=0, nio-threads=1]" classname="io.hekate.messaging.internal.FailoverRequestTest" time="0.075"/>
  <testcase name="testRoutingPolicyReRoute[8: transport=NIO, ssl=OPEN_SSL, worker-threads=0, nio-threads=1]" classname="io.hekate.messaging.internal.FailoverRequestTest" time="0.05"/>
  <testcase name="testRemoteFailoverSuccess[8: transport=NIO, ssl=OPEN_SSL, worker-threads=0, nio-threads=1]" classname="io.hekate.messaging.internal.FailoverRequestTest" time="0.051"/>
  <testcase name="testNoFailoverOfRoutingErrors[8: transport=NIO, ssl=OPEN_SSL, worker-threads=0, nio-threads=1]" classname="io.hekate.messaging.internal.FailoverRequestTest" time="0.043"/>
  <testcase name="testSelfFailoverSuccess[9: transport=NIO, ssl=OPEN_SSL, worker-threads=1, nio-threads=1]" classname="io.hekate.messaging.internal.FailoverRequestTest" time="0.044"/>
  <testcase name="testRemoteFailoverFailure[9: transport=NIO, ssl=OPEN_SSL, worker-threads=1, nio-threads=1]" classname="io.hekate.messaging.internal.FailoverRequestTest" time="0.052"/>
  <testcase name="testSelfFailoverDelay[9: transport=NIO, ssl=OPEN_SSL, worker-threads=1, nio-threads=1]" classname="io.hekate.messaging.internal.FailoverRequestTest" time="0.643"/>
  <testcase name="testSelfFailoverFailure[9: transport=NIO, ssl=OPEN_SSL, worker-threads=1, nio-threads=1]" classname="io.hekate.messaging.internal.FailoverRequestTest" time="0.044"/>
  <testcase name="testChannelCloseWhileInFailoverWithDelay[9: transport=NIO, ssl=OPEN_SSL, worker-threads=1, nio-threads=1]" classname="io.hekate.messaging.internal.FailoverRequestTest" time="0.088"/>
  <testcase name="testRoutingPolicyPreferSameNode[9: transport=NIO, ssl=OPEN_SSL, worker-threads=1, nio-threads=1]" classname="io.hekate.messaging.internal.FailoverRequestTest" time="0.05"/>
  <testcase name="testRemoteFailoverDelay[9: transport=NIO, ssl=OPEN_SSL, worker-threads=1, nio-threads=1]" classname="io.hekate.messaging.internal.FailoverRequestTest" time="0.651"/>
  <testcase name="testRoutingPolicyRetrySameNode[9: transport=NIO, ssl=OPEN_SSL, worker-threads=1, nio-threads=1]" classname="io.hekate.messaging.internal.FailoverRequestTest" time="0.052"/>
  <testcase name="testRoutingPolicyReRoute[9: transport=NIO, ssl=OPEN_SSL, worker-threads=1, nio-threads=1]" classname="io.hekate.messaging.internal.FailoverRequestTest" time="0.049"/>
  <testcase name="testRemoteFailoverSuccess[9: transport=NIO, ssl=OPEN_SSL, worker-threads=1, nio-threads=1]" classname="io.hekate.messaging.internal.FailoverRequestTest" time="0.079"/>
  <testcase name="testNoFailoverOfRoutingErrors[9: transport=NIO, ssl=OPEN_SSL, worker-threads=1, nio-threads=1]" classname="io.hekate.messaging.internal.FailoverRequestTest" time="0.044"/>
  <testcase name="testSelfFailoverSuccess[10: transport=NIO, ssl=OPEN_SSL, worker-threads=4, nio-threads=1]" classname="io.hekate.messaging.internal.FailoverRequestTest" time="0.049"/>
  <testcase name="testRemoteFailoverFailure[10: transport=NIO, ssl=OPEN_SSL, worker-threads=4, nio-threads=1]" classname="io.hekate.messaging.internal.FailoverRequestTest" time="0.063"/>
  <testcase name="testSelfFailoverDelay[10: transport=NIO, ssl=OPEN_SSL, worker-threads=4, nio-threads=1]" classname="io.hekate.messaging.internal.FailoverRequestTest" time="0.647"/>
  <testcase name="testSelfFailoverFailure[10: transport=NIO, ssl=OPEN_SSL, worker-threads=4, nio-threads=1]" classname="io.hekate.messaging.internal.FailoverRequestTest" time="0.048"/>
  <testcase name="testChannelCloseWhileInFailoverWithDelay[10: transport=NIO, ssl=OPEN_SSL, worker-threads=4, nio-threads=1]" classname="io.hekate.messaging.internal.FailoverRequestTest" time="0.09"/>
  <testcase name="testRoutingPolicyPreferSameNode[10: transport=NIO, ssl=OPEN_SSL, worker-threads=4, nio-threads=1]" classname="io.hekate.messaging.internal.FailoverRequestTest" time="0.056"/>
  <testcase name="testRemoteFailoverDelay[10: transport=NIO, ssl=OPEN_SSL, worker-threads=4, nio-threads=1]" classname="io.hekate.messaging.internal.FailoverRequestTest" time="0.66"/>
  <testcase name="testRoutingPolicyRetrySameNode[10: transport=NIO, ssl=OPEN_SSL, worker-threads=4, nio-threads=1]" classname="io.hekate.messaging.internal.FailoverRequestTest" time="0.059"/>
  <testcase name="testRoutingPolicyReRoute[10: transport=NIO, ssl=OPEN_SSL, worker-threads=4, nio-threads=1]" classname="io.hekate.messaging.internal.FailoverRequestTest" time="0.059"/>
  <testcase name="testRemoteFailoverSuccess[10: transport=NIO, ssl=OPEN_SSL, worker-threads=4, nio-threads=1]" classname="io.hekate.messaging.internal.FailoverRequestTest" time="0.078"/>
  <testcase name="testNoFailoverOfRoutingErrors[10: transport=NIO, ssl=OPEN_SSL, worker-threads=4, nio-threads=1]" classname="io.hekate.messaging.internal.FailoverRequestTest" time="0.045"/>
  <testcase name="testSelfFailoverSuccess[11: transport=NIO, ssl=OPEN_SSL, worker-threads=5, nio-threads=0]" classname="io.hekate.messaging.internal.FailoverRequestTest" time="0.047"/>
  <testcase name="testRemoteFailoverFailure[11: transport=NIO, ssl=OPEN_SSL, worker-threads=5, nio-threads=0]" classname="io.hekate.messaging.internal.FailoverRequestTest" time="0.061"/>
  <testcase name="testSelfFailoverDelay[11: transport=NIO, ssl=OPEN_SSL, worker-threads=5, nio-threads=0]" classname="io.hekate.messaging.internal.FailoverRequestTest" time="0.647"/>
  <testcase name="testSelfFailoverFailure[11: transport=NIO, ssl=OPEN_SSL, worker-threads=5, nio-threads=0]" classname="io.hekate.messaging.internal.FailoverRequestTest" time="0.047"/>
  <testcase name="testChannelCloseWhileInFailoverWithDelay[11: transport=NIO, ssl=OPEN_SSL, worker-threads=5, nio-threads=0]" classname="io.hekate.messaging.internal.FailoverRequestTest" time="0.09"/>
  <testcase name="testRoutingPolicyPreferSameNode[11: transport=NIO, ssl=OPEN_SSL, worker-threads=5, nio-threads=0]" classname="io.hekate.messaging.internal.FailoverRequestTest" time="0.053"/>
  <testcase name="testRemoteFailoverDelay[11: transport=NIO, ssl=OPEN_SSL, worker-threads=5, nio-threads=0]" classname="io.hekate.messaging.internal.FailoverRequestTest" time="0.657"/>
  <testcase name="testRoutingPolicyRetrySameNode[11: transport=NIO, ssl=OPEN_SSL, worker-threads=5, nio-threads=0]" classname="io.hekate.messaging.internal.FailoverRequestTest" time="0.06"/>
  <testcase name="testRoutingPolicyReRoute[11: transport=NIO, ssl=OPEN_SSL, worker-threads=5, nio-threads=0]" classname="io.hekate.messaging.internal.FailoverRequestTest" time="0.055"/>
  <testcase name="testRemoteFailoverSuccess[11: transport=NIO, ssl=OPEN_SSL, worker-threads=5, nio-threads=0]" classname="io.hekate.messaging.internal.FailoverRequestTest" time="0.076"/>
  <testcase name="testNoFailoverOfRoutingErrors[11: transport=NIO, ssl=OPEN_SSL, worker-threads=5, nio-threads=0]" classname="io.hekate.messaging.internal.FailoverRequestTest" time="0.04"/>
  <testcase name="testSelfFailoverSuccess[12: transport=EPOLL, worker-threads=0, nio-threads=1]" classname="io.hekate.messaging.internal.FailoverRequestTest" time="0.031"/>
  <testcase name="testRemoteFailoverFailure[12: transport=EPOLL, worker-threads=0, nio-threads=1]" classname="io.hekate.messaging.internal.FailoverRequestTest" time="0.037"/>
  <testcase name="testSelfFailoverDelay[12: transport=EPOLL, worker-threads=0, nio-threads=1]" classname="io.hekate.messaging.internal.FailoverRequestTest" time="0.633"/>
  <testcase name="testSelfFailoverFailure[12: transport=EPOLL, worker-threads=0, nio-threads=1]" classname="io.hekate.messaging.internal.FailoverRequestTest" time="0.032"/>
  <testcase name="testChannelCloseWhileInFailoverWithDelay[12: transport=EPOLL, worker-threads=0, nio-threads=1]" classname="io.hekate.messaging.internal.FailoverRequestTest" time="0.077"/>
  <testcase name="testRoutingPolicyPreferSameNode[12: transport=EPOLL, worker-threads=0, nio-threads=1]" classname="io.hekate.messaging.internal.FailoverRequestTest" time="0.035"/>
  <testcase name="testRemoteFailoverDelay[12: transport=EPOLL, worker-threads=0, nio-threads=1]" classname="io.hekate.messaging.internal.FailoverRequestTest" time="0.636"/>
  <testcase name="testRoutingPolicyRetrySameNode[12: transport=EPOLL, worker-threads=0, nio-threads=1]" classname="io.hekate.messaging.internal.FailoverRequestTest" time="0.037"/>
  <testcase name="testRoutingPolicyReRoute[12: transport=EPOLL, worker-threads=0, nio-threads=1]" classname="io.hekate.messaging.internal.FailoverRequestTest" time="0.037"/>
  <testcase name="testRemoteFailoverSuccess[12: transport=EPOLL, worker-threads=0, nio-threads=1]" classname="io.hekate.messaging.internal.FailoverRequestTest" time="0.035"/>
  <testcase name="testNoFailoverOfRoutingErrors[12: transport=EPOLL, worker-threads=0, nio-threads=1]" classname="io.hekate.messaging.internal.FailoverRequestTest" time="0.031"/>
  <testcase name="testSelfFailoverSuccess[13: transport=EPOLL, worker-threads=1, nio-threads=1]" classname="io.hekate.messaging.internal.FailoverRequestTest" time="0.031"/>
  <testcase name="testRemoteFailoverFailure[13: transport=EPOLL, worker-threads=1, nio-threads=1]" classname="io.hekate.messaging.internal.FailoverRequestTest" time="0.052"/>
  <testcase name="testSelfFailoverDelay[13: transport=EPOLL, worker-threads=1, nio-threads=1]" classname="io.hekate.messaging.internal.FailoverRequestTest" time="0.63"/>
  <testcase name="testSelfFailoverFailure[13: transport=EPOLL, worker-threads=1, nio-threads=1]" classname="io.hekate.messaging.internal.FailoverRequestTest" time="0.034"/>
  <testcase name="testChannelCloseWhileInFailoverWithDelay[13: transport=EPOLL, worker-threads=1, nio-threads=1]" classname="io.hekate.messaging.internal.FailoverRequestTest" time="0.078"/>
  <testcase name="testRoutingPolicyPreferSameNode[13: transport=EPOLL, worker-threads=1, nio-threads=1]" classname="io.hekate.messaging.internal.FailoverRequestTest" time="0.036"/>
  <testcase name="testRemoteFailoverDelay[13: transport=EPOLL, worker-threads=1, nio-threads=1]" classname="io.hekate.messaging.internal.FailoverRequestTest" time="0.638"/>
  <testcase name="testRoutingPolicyRetrySameNode[13: transport=EPOLL, worker-threads=1, nio-threads=1]" classname="io.hekate.messaging.internal.FailoverRequestTest" time="0.037"/>
  <testcase name="testRoutingPolicyReRoute[13: transport=EPOLL, worker-threads=1, nio-threads=1]" classname="io.hekate.messaging.internal.FailoverRequestTest" time="0.032"/>
  <testcase name="testRemoteFailoverSuccess[13: transport=EPOLL, worker-threads=1, nio-threads=1]" classname="io.hekate.messaging.internal.FailoverRequestTest" time="0.03"/>
  <testcase name="testNoFailoverOfRoutingErrors[13: transport=EPOLL, worker-threads=1, nio-threads=1]" classname="io.hekate.messaging.internal.FailoverRequestTest" time="0.026"/>
  <testcase name="testSelfFailoverSuccess[14: transport=EPOLL, worker-threads=4, nio-threads=1]" classname="io.hekate.messaging.internal.FailoverRequestTest" time="0.026"/>
  <testcase name="testRemoteFailoverFailure[14: transport=EPOLL, worker-threads=4, nio-threads=1]" classname="io.hekate.messaging.internal.FailoverRequestTest" time="0.031"/>
  <testcase name="testSelfFailoverDelay[14: transport=EPOLL, worker-threads=4, nio-threads=1]" classname="io.hekate.messaging.internal.FailoverRequestTest" time="0.632"/>
  <testcase name="testSelfFailoverFailure[14: transport=EPOLL, worker-threads=4, nio-threads=1]" classname="io.hekate.messaging.internal.FailoverRequestTest" time="0.037"/>
  <testcase name="testChannelCloseWhileInFailoverWithDelay[14: transport=EPOLL, worker-threads=4, nio-threads=1]" classname="io.hekate.messaging.internal.FailoverRequestTest" time="0.077"/>
  <testcase name="testRoutingPolicyPreferSameNode[14: transport=EPOLL, worker-threads=4, nio-threads=1]" classname="io.hekate.messaging.internal.FailoverRequestTest" time="0.033"/>
  <testcase name="testRemoteFailoverDelay[14: transport=EPOLL, worker-threads=4, nio-threads=1]" classname="io.hekate.messaging.internal.FailoverRequestTest" time="0.64"/>
  <testcase name="testRoutingPolicyRetrySameNode[14: transport=EPOLL, worker-threads=4, nio-threads=1]" classname="io.hekate.messaging.internal.FailoverRequestTest" time="0.041"/>
  <testcase name="testRoutingPolicyReRoute[14: transport=EPOLL, worker-threads=4, nio-threads=1]" classname="io.hekate.messaging.internal.FailoverRequestTest" time="0.035"/>
  <testcase name="testRemoteFailoverSuccess[14: transport=EPOLL, worker-threads=4, nio-threads=1]" classname="io.hekate.messaging.internal.FailoverRequestTest" time="0.038"/>
  <testcase name="testNoFailoverOfRoutingErrors[14: transport=EPOLL, worker-threads=4, nio-threads=1]" classname="io.hekate.messaging.internal.FailoverRequestTest" time="0.027"/>
  <testcase name="testSelfFailoverSuccess[15: transport=EPOLL, worker-threads=5, nio-threads=0]" classname="io.hekate.messaging.internal.FailoverRequestTest" time="0.028"/>
  <testcase name="testRemoteFailoverFailure[15: transport=EPOLL, worker-threads=5, nio-threads=0]" classname="io.hekate.messaging.internal.FailoverRequestTest" time="0.034"/>
  <testcase name="testSelfFailoverDelay[15: transport=EPOLL, worker-threads=5, nio-threads=0]" classname="io.hekate.messaging.internal.FailoverRequestTest" time="0.632"/>
  <testcase name="testSelfFailoverFailure[15: transport=EPOLL, worker-threads=5, nio-threads=0]" classname="io.hekate.messaging.internal.FailoverRequestTest" time="0.035"/>
  <testcase name="testChannelCloseWhileInFailoverWithDelay[15: transport=EPOLL, worker-threads=5, nio-threads=0]" classname="io.hekate.messaging.internal.FailoverRequestTest" time="0.075"/>
  <testcase name="testRoutingPolicyPreferSameNode[15: transport=EPOLL, worker-threads=5, nio-threads=0]" classname="io.hekate.messaging.internal.FailoverRequestTest" time="0.06"/>
  <testcase name="testRemoteFailoverDelay[15: transport=EPOLL, worker-threads=5, nio-threads=0]" classname="io.hekate.messaging.internal.FailoverRequestTest" time="0.642"/>
  <testcase name="testRoutingPolicyRetrySameNode[15: transport=EPOLL, worker-threads=5, nio-threads=0]" classname="io.hekate.messaging.internal.FailoverRequestTest" time="0.043"/>
  <testcase name="testRoutingPolicyReRoute[15: transport=EPOLL, worker-threads=5, nio-threads=0]" classname="io.hekate.messaging.internal.FailoverRequestTest" time="0.039"/>
  <testcase name="testRemoteFailoverSuccess[15: transport=EPOLL, worker-threads=5, nio-threads=0]" classname="io.hekate.messaging.internal.FailoverRequestTest" time="0.04"/>
  <testcase name="testNoFailoverOfRoutingErrors[15: transport=EPOLL, worker-threads=5, nio-threads=0]" classname="io.hekate.messaging.internal.FailoverRequestTest" time="0.025"/>
  <testcase name="testSelfFailoverSuccess[16: transport=EPOLL, ssl=JDK, worker-threads=0, nio-threads=1]" classname="io.hekate.messaging.internal.FailoverRequestTest" time="0.053"/>
  <testcase name="testRemoteFailoverFailure[16: transport=EPOLL, ssl=JDK, worker-threads=0, nio-threads=1]" classname="io.hekate.messaging.internal.FailoverRequestTest" time="0.055"/>
  <testcase name="testSelfFailoverDelay[16: transport=EPOLL, ssl=JDK, worker-threads=0, nio-threads=1]" classname="io.hekate.messaging.internal.FailoverRequestTest" time="0.652"/>
  <testcase name="testSelfFailoverFailure[16: transport=EPOLL, ssl=JDK, worker-threads=0, nio-threads=1]" classname="io.hekate.messaging.internal.FailoverRequestTest" time="0.07"/>
  <testcase name="testChannelCloseWhileInFailoverWithDelay[16: transport=EPOLL, ssl=JDK, worker-threads=0, nio-threads=1]" classname="io.hekate.messaging.internal.FailoverRequestTest" time="0.112"/>
  <testcase name="testRoutingPolicyPreferSameNode[16: transport=EPOLL, ssl=JDK, worker-threads=0, nio-threads=1]" classname="io.hekate.messaging.internal.FailoverRequestTest" time="0.098"/>
  <testcase name="testRemoteFailoverDelay[16: transport=EPOLL, ssl=JDK, worker-threads=0, nio-threads=1]" classname="io.hekate.messaging.internal.FailoverRequestTest" time="0.7"/>
  <testcase name="testRoutingPolicyRetrySameNode[16: transport=EPOLL, ssl=JDK, worker-threads=0, nio-threads=1]" classname="io.hekate.messaging.internal.FailoverRequestTest" time="0.069"/>
  <testcase name="testRoutingPolicyReRoute[16: transport=EPOLL, ssl=JDK, worker-threads=0, nio-threads=1]" classname="io.hekate.messaging.internal.FailoverRequestTest" time="0.066"/>
  <testcase name="testRemoteFailoverSuccess[16: transport=EPOLL, ssl=JDK, worker-threads=0, nio-threads=1]" classname="io.hekate.messaging.internal.FailoverRequestTest" time="0.085"/>
  <testcase name="testNoFailoverOfRoutingErrors[16: transport=EPOLL, ssl=JDK, worker-threads=0, nio-threads=1]" classname="io.hekate.messaging.internal.FailoverRequestTest" time="0.069"/>
  <testcase name="testSelfFailoverSuccess[17: transport=EPOLL, ssl=JDK, worker-threads=1, nio-threads=1]" classname="io.hekate.messaging.internal.FailoverRequestTest" time="0.06"/>
  <testcase name="testRemoteFailoverFailure[17: transport=EPOLL, ssl=JDK, worker-threads=1, nio-threads=1]" classname="io.hekate.messaging.internal.FailoverRequestTest" time="0.083"/>
  <testcase name="testSelfFailoverDelay[17: transport=EPOLL, ssl=JDK, worker-threads=1, nio-threads=1]" classname="io.hekate.messaging.internal.FailoverRequestTest" time="0.667"/>
  <testcase name="testSelfFailoverFailure[17: transport=EPOLL, ssl=JDK, worker-threads=1, nio-threads=1]" classname="io.hekate.messaging.internal.FailoverRequestTest" time="0.071"/>
  <testcase name="testChannelCloseWhileInFailoverWithDelay[17: transport=EPOLL, ssl=JDK, worker-threads=1, nio-threads=1]" classname="io.hekate.messaging.internal.FailoverRequestTest" time="0.111"/>
  <testcase name="testRoutingPolicyPreferSameNode[17: transport=EPOLL, ssl=JDK, worker-threads=1, nio-threads=1]" classname="io.hekate.messaging.internal.FailoverRequestTest" time="0.07"/>
  <testcase name="testRemoteFailoverDelay[17: transport=EPOLL, ssl=JDK, worker-threads=1, nio-threads=1]" classname="io.hekate.messaging.internal.FailoverRequestTest" time="0.671"/>
  <testcase name="testRoutingPolicyRetrySameNode[17: transport=EPOLL, ssl=JDK, worker-threads=1, nio-threads=1]" classname="io.hekate.messaging.internal.FailoverRequestTest" time="0.074"/>
  <testcase name="testRoutingPolicyReRoute[17: transport=EPOLL, ssl=JDK, worker-threads=1, nio-threads=1]" classname="io.hekate.messaging.internal.FailoverRequestTest" time="0.07"/>
  <testcase name="testRemoteFailoverSuccess[17: transport=EPOLL, ssl=JDK, worker-threads=1, nio-threads=1]" classname="io.hekate.messaging.internal.FailoverRequestTest" time="0.073"/>
  <testcase name="testNoFailoverOfRoutingErrors[17: transport=EPOLL, ssl=JDK, worker-threads=1, nio-threads=1]" classname="io.hekate.messaging.internal.FailoverRequestTest" time="0.062"/>
  <testcase name="testSelfFailoverSuccess[18: transport=EPOLL, ssl=JDK, worker-threads=4, nio-threads=1]" classname="io.hekate.messaging.internal.FailoverRequestTest" time="0.063"/>
  <testcase name="testRemoteFailoverFailure[18: transport=EPOLL, ssl=JDK, worker-threads=4, nio-threads=1]" classname="io.hekate.messaging.internal.FailoverRequestTest" time="0.076"/>
  <testcase name="testSelfFailoverDelay[18: transport=EPOLL, ssl=JDK, worker-threads=4, nio-threads=1]" classname="io.hekate.messaging.internal.FailoverRequestTest" time="0.663"/>
  <testcase name="testSelfFailoverFailure[18: transport=EPOLL, ssl=JDK, worker-threads=4, nio-threads=1]" classname="io.hekate.messaging.internal.FailoverRequestTest" time="0.072"/>
  <testcase name="testChannelCloseWhileInFailoverWithDelay[18: transport=EPOLL, ssl=JDK, worker-threads=4, nio-threads=1]" classname="io.hekate.messaging.internal.FailoverRequestTest" time="0.113"/>
  <testcase name="testRoutingPolicyPreferSameNode[18: transport=EPOLL, ssl=JDK, worker-threads=4, nio-threads=1]" classname="io.hekate.messaging.internal.FailoverRequestTest" time="0.074"/>
  <testcase name="testRemoteFailoverDelay[18: transport=EPOLL, ssl=JDK, worker-threads=4, nio-threads=1]" classname="io.hekate.messaging.internal.FailoverRequestTest" time="0.698"/>
  <testcase name="testRoutingPolicyRetrySameNode[18: transport=EPOLL, ssl=JDK, worker-threads=4, nio-threads=1]" classname="io.hekate.messaging.internal.FailoverRequestTest" time="0.078"/>
  <testcase name="testRoutingPolicyReRoute[18: transport=EPOLL, ssl=JDK, worker-threads=4, nio-threads=1]" classname="io.hekate.messaging.internal.FailoverRequestTest" time="0.07"/>
  <testcase name="testRemoteFailoverSuccess[18: transport=EPOLL, ssl=JDK, worker-threads=4, nio-threads=1]" classname="io.hekate.messaging.internal.FailoverRequestTest" time="0.065"/>
  <testcase name="testNoFailoverOfRoutingErrors[18: transport=EPOLL, ssl=JDK, worker-threads=4, nio-threads=1]" classname="io.hekate.messaging.internal.FailoverRequestTest" time="0.056"/>
  <testcase name="testSelfFailoverSuccess[19: transport=EPOLL, ssl=JDK, worker-threads=5, nio-threads=0]" classname="io.hekate.messaging.internal.FailoverRequestTest" time="0.054"/>
  <testcase name="testRemoteFailoverFailure[19: transport=EPOLL, ssl=JDK, worker-threads=5, nio-threads=0]" classname="io.hekate.messaging.internal.FailoverRequestTest" time="0.062"/>
  <testcase name="testSelfFailoverDelay[19: transport=EPOLL, ssl=JDK, worker-threads=5, nio-threads=0]" classname="io.hekate.messaging.internal.FailoverRequestTest" time="0.661"/>
  <testcase name="testSelfFailoverFailure[19: transport=EPOLL, ssl=JDK, worker-threads=5, nio-threads=0]" classname="io.hekate.messaging.internal.FailoverRequestTest" time="0.069"/>
  <testcase name="testChannelCloseWhileInFailoverWithDelay[19: transport=EPOLL, ssl=JDK, worker-threads=5, nio-threads=0]" classname="io.hekate.messaging.internal.FailoverRequestTest" time="0.108"/>
  <testcase name="testRoutingPolicyPreferSameNode[19: transport=EPOLL, ssl=JDK, worker-threads=5, nio-threads=0]" classname="io.hekate.messaging.internal.FailoverRequestTest" time="0.074"/>
  <testcase name="testRemoteFailoverDelay[19: transport=EPOLL, ssl=JDK, worker-threads=5, nio-threads=0]" classname="io.hekate.messaging.internal.FailoverRequestTest" time="0.696"/>
  <testcase name="testRoutingPolicyRetrySameNode[19: transport=EPOLL, ssl=JDK, worker-threads=5, nio-threads=0]" classname="io.hekate.messaging.internal.FailoverRequestTest" time="0.072"/>
  <testcase name="testRoutingPolicyReRoute[19: transport=EPOLL, ssl=JDK, worker-threads=5, nio-threads=0]" classname="io.hekate.messaging.internal.FailoverRequestTest" time="0.07"/>
  <testcase name="testRemoteFailoverSuccess[19: transport=EPOLL, ssl=JDK, worker-threads=5, nio-threads=0]" classname="io.hekate.messaging.internal.FailoverRequestTest" time="0.072"/>
  <testcase name="testNoFailoverOfRoutingErrors[19: transport=EPOLL, ssl=JDK, worker-threads=5, nio-threads=0]" classname="io.hekate.messaging.internal.FailoverRequestTest" time="0.055"/>
  <testcase name="testSelfFailoverSuccess[20: transport=EPOLL, ssl=OPEN_SSL, worker-threads=0, nio-threads=1]" classname="io.hekate.messaging.internal.FailoverRequestTest" time="0.039"/>
  <testcase name="testRemoteFailoverFailure[20: transport=EPOLL, ssl=OPEN_SSL, worker-threads=0, nio-threads=1]" classname="io.hekate.messaging.internal.FailoverRequestTest" time="0.049"/>
  <testcase name="testSelfFailoverDelay[20: transport=EPOLL, ssl=OPEN_SSL, worker-threads=0, nio-threads=1]" classname="io.hekate.messaging.internal.FailoverRequestTest" time="0.637"/>
  <testcase name="testSelfFailoverFailure[20: transport=EPOLL, ssl=OPEN_SSL, worker-threads=0, nio-threads=1]" classname="io.hekate.messaging.internal.FailoverRequestTest" time="0.033"/>
  <testcase name="testChannelCloseWhileInFailoverWithDelay[20: transport=EPOLL, ssl=OPEN_SSL, worker-threads=0, nio-threads=1]" classname="io.hekate.messaging.internal.FailoverRequestTest" time="1.077"/>
  <testcase name="testRoutingPolicyPreferSameNode[20: transport=EPOLL, ssl=OPEN_SSL, worker-threads=0, nio-threads=1]" classname="io.hekate.messaging.internal.FailoverRequestTest" time="0.042"/>
  <testcase name="testRemoteFailoverDelay[20: transport=EPOLL, ssl=OPEN_SSL, worker-threads=0, nio-threads=1]" classname="io.hekate.messaging.internal.FailoverRequestTest" time="0.643"/>
  <testcase name="testRoutingPolicyRetrySameNode[20: transport=EPOLL, ssl=OPEN_SSL, worker-threads=0, nio-threads=1]" classname="io.hekate.messaging.internal.FailoverRequestTest" time="0.062"/>
  <testcase name="testRoutingPolicyReRoute[20: transport=EPOLL, ssl=OPEN_SSL, worker-threads=0, nio-threads=1]" classname="io.hekate.messaging.internal.FailoverRequestTest" time="0.038"/>
  <testcase name="testRemoteFailoverSuccess[20: transport=EPOLL, ssl=OPEN_SSL, worker-threads=0, nio-threads=1]" classname="io.hekate.messaging.internal.FailoverRequestTest" time="0.035"/>
  <testcase name="testNoFailoverOfRoutingErrors[20: transport=EPOLL, ssl=OPEN_SSL, worker-threads=0, nio-threads=1]" classname="io.hekate.messaging.internal.FailoverRequestTest" time="1.033"/>
  <testcase name="testSelfFailoverSuccess[21: transport=EPOLL, ssl=OPEN_SSL, worker-threads=1, nio-threads=1]" classname="io.hekate.messaging.internal.FailoverRequestTest" time="0.045"/>
  <testcase name="testRemoteFailoverFailure[21: transport=EPOLL, ssl=OPEN_SSL, worker-threads=1, nio-threads=1]" classname="io.hekate.messaging.internal.FailoverRequestTest" time="0.056"/>
  <testcase name="testSelfFailoverDelay[21: transport=EPOLL, ssl=OPEN_SSL, worker-threads=1, nio-threads=1]" classname="io.hekate.messaging.internal.FailoverRequestTest" time="0.646"/>
  <testcase name="testSelfFailoverFailure[21: transport=EPOLL, ssl=OPEN_SSL, worker-threads=1, nio-threads=1]" classname="io.hekate.messaging.internal.FailoverRequestTest" time="0.047"/>
  <testcase name="testChannelCloseWhileInFailoverWithDelay[21: transport=EPOLL, ssl=OPEN_SSL, worker-threads=1, nio-threads=1]" classname="io.hekate.messaging.internal.FailoverRequestTest" time="0.089"/>
  <testcase name="testRoutingPolicyPreferSameNode[21: transport=EPOLL, ssl=OPEN_SSL, worker-threads=1, nio-threads=1]" classname="io.hekate.messaging.internal.FailoverRequestTest" time="0.054"/>
  <testcase name="testRemoteFailoverDelay[21: transport=EPOLL, ssl=OPEN_SSL, worker-threads=1, nio-threads=1]" classname="io.hekate.messaging.internal.FailoverRequestTest" time="0.654"/>
  <testcase name="testRoutingPolicyRetrySameNode[21: transport=EPOLL, ssl=OPEN_SSL, worker-threads=1, nio-threads=1]" classname="io.hekate.messaging.internal.FailoverRequestTest" time="0.053"/>
  <testcase name="testRoutingPolicyReRoute[21: transport=EPOLL, ssl=OPEN_SSL, worker-threads=1, nio-threads=1]" classname="io.hekate.messaging.internal.FailoverRequestTest" time="0.075"/>
  <testcase name="testRemoteFailoverSuccess[21: transport=EPOLL, ssl=OPEN_SSL, worker-threads=1, nio-threads=1]" classname="io.hekate.messaging.internal.FailoverRequestTest" time="0.057"/>
  <testcase name="testNoFailoverOfRoutingErrors[21: transport=EPOLL, ssl=OPEN_SSL, worker-threads=1, nio-threads=1]" classname="io.hekate.messaging.internal.FailoverRequestTest" time="0.044"/>
  <testcase name="testSelfFailoverSuccess[22: transport=EPOLL, ssl=OPEN_SSL, worker-threads=4, nio-threads=1]" classname="io.hekate.messaging.internal.FailoverRequestTest" time="0.043"/>
  <testcase name="testRemoteFailoverFailure[22: transport=EPOLL, ssl=OPEN_SSL, worker-threads=4, nio-threads=1]" classname="io.hekate.messaging.internal.FailoverRequestTest" time="0.057"/>
  <testcase name="testSelfFailoverDelay[22: transport=EPOLL, ssl=OPEN_SSL, worker-threads=4, nio-threads=1]" classname="io.hekate.messaging.internal.FailoverRequestTest" time="0.645"/>
  <testcase name="testSelfFailoverFailure[22: transport=EPOLL, ssl=OPEN_SSL, worker-threads=4, nio-threads=1]" classname="io.hekate.messaging.internal.FailoverRequestTest" time="0.051"/>
  <testcase name="testChannelCloseWhileInFailoverWithDelay[22: transport=EPOLL, ssl=OPEN_SSL, worker-threads=4, nio-threads=1]" classname="io.hekate.messaging.internal.FailoverRequestTest" time="0.091"/>
  <testcase name="testRoutingPolicyPreferSameNode[22: transport=EPOLL, ssl=OPEN_SSL, worker-threads=4, nio-threads=1]" classname="io.hekate.messaging.internal.FailoverRequestTest" time="0.056"/>
  <testcase name="testRemoteFailoverDelay[22: transport=EPOLL, ssl=OPEN_SSL, worker-threads=4, nio-threads=1]" classname="io.hekate.messaging.internal.FailoverRequestTest" time="0.677"/>
  <testcase name="testRoutingPolicyRetrySameNode[22: transport=EPOLL, ssl=OPEN_SSL, worker-threads=4, nio-threads=1]" classname="io.hekate.messaging.internal.FailoverRequestTest" time="0.06"/>
  <testcase name="testRoutingPolicyReRoute[22: transport=EPOLL, ssl=OPEN_SSL, worker-threads=4, nio-threads=1]" classname="io.hekate.messaging.internal.FailoverRequestTest" time="0.056"/>
  <testcase name="testRemoteFailoverSuccess[22: transport=EPOLL, ssl=OPEN_SSL, worker-threads=4, nio-threads=1]" classname="io.hekate.messaging.internal.FailoverRequestTest" time="0.054"/>
  <testcase name="testNoFailoverOfRoutingErrors[22: transport=EPOLL, ssl=OPEN_SSL, worker-threads=4, nio-threads=1]" classname="io.hekate.messaging.internal.FailoverRequestTest" time="0.038"/>
  <testcase name="testSelfFailoverSuccess[23: transport=EPOLL, ssl=OPEN_SSL, worker-threads=5, nio-threads=0]" classname="io.hekate.messaging.internal.FailoverRequestTest" time="0.038"/>
  <testcase name="testRemoteFailoverFailure[23: transport=EPOLL, ssl=OPEN_SSL, worker-threads=5, nio-threads=0]" classname="io.hekate.messaging.internal.FailoverRequestTest" time="0.053"/>
  <testcase name="testSelfFailoverDelay[23: transport=EPOLL, ssl=OPEN_SSL, worker-threads=5, nio-threads=0]" classname="io.hekate.messaging.internal.FailoverRequestTest" time="0.644"/>
  <testcase name="testSelfFailoverFailure[23: transport=EPOLL, ssl=OPEN_SSL, worker-threads=5, nio-threads=0]" classname="io.hekate.messaging.internal.FailoverRequestTest" time="0.047"/>
  <testcase name="testChannelCloseWhileInFailoverWithDelay[23: transport=EPOLL, ssl=OPEN_SSL, worker-threads=5, nio-threads=0]" classname="io.hekate.messaging.internal.FailoverRequestTest" time="0.086"/>
  <testcase name="testRoutingPolicyPreferSameNode[23: transport=EPOLL, ssl=OPEN_SSL, worker-threads=5, nio-threads=0]" classname="io.hekate.messaging.internal.FailoverRequestTest" time="0.052"/>
  <testcase name="testRemoteFailoverDelay[23: transport=EPOLL, ssl=OPEN_SSL, worker-threads=5, nio-threads=0]" classname="io.hekate.messaging.internal.FailoverRequestTest" time="0.678"/>
  <testcase name="testRoutingPolicyRetrySameNode[23: transport=EPOLL, ssl=OPEN_SSL, worker-threads=5, nio-threads=0]" classname="io.hekate.messaging.internal.FailoverRequestTest" time="0.06"/>
  <testcase name="testRoutingPolicyReRoute[23: transport=EPOLL, ssl=OPEN_SSL, worker-threads=5, nio-threads=0]" classname="io.hekate.messaging.internal.FailoverRequestTest" time="0.055"/>
  <testcase name="testRemoteFailoverSuccess[23: transport=EPOLL, ssl=OPEN_SSL, worker-threads=5, nio-threads=0]" classname="io.hekate.messaging.internal.FailoverRequestTest" time="0.06"/>
  <testcase name="testNoFailoverOfRoutingErrors[23: transport=EPOLL, ssl=OPEN_SSL, worker-threads=5, nio-threads=0]" classname="io.hekate.messaging.internal.FailoverRequestTest" time="0.043"/>
</testsuite>