<?xml version="1.0" encoding="UTF-8"?>
<testsuite xmlns:xsi="http://www.w3.org/2001/XMLSchema-instance" xsi:schemaLocation="https://maven.apache.org/surefire/maven-surefire-plugin/xsd/surefire-test-report.xsd" name="io.hekate.cluster.internal.ClusterServiceSingleNodeTest" time="53.388" tests="66" errors="0" skipped="0" failures="0">
  <properties>
    <property name="java.runtime.name" value="OpenJDK Runtime Environment"/>
    <property name="sun.boot.library.path" value="/usr/lib/jvm/java-8-openjdk-amd64/jre/lib/amd64"/>
    <property name="java.vm.version" value="25.121-b13"/>
    <property name="java.vm.vendor" value="Oracle Corporation"/>
    <property name="maven.multiModuleProjectDirectory" value="/root/workspace/hekate-io/hekate/383632883"/>
    <property name="java.vendor.url" value="http://java.oracle.com/"/>
    <property name="path.separator" value=":"/>
    <property name="guice.disable.misplaced.annotation.check" value="true"/>
    <property name="skip.gulp" value="true"/>
    <property name="java.vm.name" value="OpenJDK 64-Bit Server VM"/>
    <property name="file.encoding.pkg" value="sun.io"/>
    <property name="sun.java.launcher" value="SUN_STANDARD"/>
    <property name="sun.os.patch.level" value="unknown"/>
    <property name="findbugs.skip" value="true"/>
    <property name="java.vm.specification.name" value="Java Virtual Machine Specification"/>
    <property name="user.dir" value="/root/workspace/hekate-io/hekate/383632883"/>
    <property name="checkstyle.skip" value="true"/>
    <property name="java.runtime.version" value="1.8.0_121-8u121-b13-1~bpo8+1-b13"/>
    <property name="java.awt.graphicsenv" value="sun.awt.X11GraphicsEnvironment"/>
    <property name="skip.npm" value="true"/>
    <property name="java.endorsed.dirs" value="/usr/lib/jvm/java-8-openjdk-amd64/jre/lib/endorsed"/>
    <property name="os.arch" value="amd64"/>
    <property name="java.io.tmpdir" value="/tmp"/>
    <property name="gpg.skip" value="true"/>
    <property name="line.separator" value="&#10;"/>
    <property name="java.vm.specification.vendor" value="Oracle Corporation"/>
    <property name="cobertura.skip" value="true"/>
    <property name="os.name" value="Linux"/>
    <property name="classworlds.conf" value="/usr/share/maven/bin/m2.conf"/>
    <property name="sun.jnu.encoding" value="UTF-8"/>
    <property name="java.library.path" value="/usr/java/packages/lib/amd64:/usr/lib/x86_64-linux-gnu/jni:/lib/x86_64-linux-gnu:/usr/lib/x86_64-linux-gnu:/usr/lib/jni:/lib:/usr/lib"/>
    <property name="license.skip" value="true"/>
    <property name="java.specification.name" value="Java Platform API Specification"/>
    <property name="java.class.version" value="52.0"/>
    <property name="org.slf4j.simpleLogger.levelInBrackets" value="true"/>
    <property name="sun.management.compiler" value="HotSpot 64-Bit Tiered Compilers"/>
    <property name="skip.bower" value="true"/>
    <property name="maven.repo.local" value="/root/./workspace/hekate-io/hekate/383632883/.m2"/>
    <property name="os.version" value="3.10.0-862.2.3.el7.x86_64"/>
    <property name="user.home" value="/root"/>
    <property name="user.timezone" value="Europe/Paris"/>
    <property name="java.awt.printerjob" value="sun.print.PSPrinterJob"/>
    <property name="java.specification.version" value="1.8"/>
    <property name="file.encoding" value="UTF-8"/>
    <property name="user.name" value="root"/>
    <property name="java.class.path" value="/usr/share/maven/boot/plexus-classworlds-2.5.2.jar"/>
    <property name="skipITs" value="true"/>
    <property name="java.vm.specification.version" value="1.8"/>
    <property name="sun.arch.data.model" value="64"/>
    <property name="java.home" value="/usr/lib/jvm/java-8-openjdk-amd64/jre"/>
    <property name="sun.java.command" value="org.codehaus.plexus.classworlds.launcher.Launcher -B -D enforcer.skip=true -D dependency-check.skip=true -D skipITs=true -D cobertura.skip=true -D maven.repo.local=/root/./workspace/hekate-io/hekate/383632883/.m2 -D rat.skip=true -D findbugs.skip=true -D skip.bower=true -D gpg.skip=true -D checkstyle.skip=true -D skip.gulp=true -D license.skip=true -D skip.npm=true test"/>
    <property name="java.specification.vendor" value="Oracle Corporation"/>
    <property name="user.language" value="en"/>
    <property name="awt.toolkit" value="sun.awt.X11.XToolkit"/>
    <property name="dependency-check.skip" value="true"/>
    <property name="java.vm.info" value="mixed mode"/>
    <property name="java.version" value="1.8.0_121"/>
    <property name="java.ext.dirs" value="/usr/lib/jvm/java-8-openjdk-amd64/jre/lib/ext:/usr/java/packages/lib/ext"/>
    <property name="securerandom.source" value="file:/dev/./urandom"/>
    <property name="sun.boot.class.path" value="/usr/lib/jvm/java-8-openjdk-amd64/jre/lib/resources.jar:/usr/lib/jvm/java-8-openjdk-amd64/jre/lib/rt.jar:/usr/lib/jvm/java-8-openjdk-amd64/jre/lib/sunrsasign.jar:/usr/lib/jvm/java-8-openjdk-amd64/jre/lib/jsse.jar:/usr/lib/jvm/java-8-openjdk-amd64/jre/lib/jce.jar:/usr/lib/jvm/java-8-openjdk-amd64/jre/lib/charsets.jar:/usr/lib/jvm/java-8-openjdk-amd64/jre/lib/jfr.jar:/usr/lib/jvm/java-8-openjdk-amd64/jre/classes"/>
    <property name="java.vendor" value="Oracle Corporation"/>
    <property name="enforcer.skip" value="true"/>
    <property name="rat.skip" value="true"/>
    <property name="maven.home" value="/usr/share/maven"/>
    <property name="file.separator" value="/"/>
    <property name="java.vendor.url.bug" value="http://bugreport.sun.com/bugreport/"/>
    <property name="sun.cpu.endian" value="little"/>
    <property name="sun.io.unicode.encoding" value="UnicodeLittle"/>
    <property name="org.slf4j.simpleLogger.showThreadName" value="false"/>
    <property name="sun.cpu.isalist" value=""/>
  </properties>
  <testcase name="testClusterName[0: transport=NIO]" classname="io.hekate.cluster.internal.ClusterServiceSingleNodeTest" time="0.014"/>
  <testcase name="testTerminateWhileRegisteringSeedNode[0: transport=NIO]" classname="io.hekate.cluster.internal.ClusterServiceSingleNodeTest" time="0.387"/>
  <testcase name="testJoinLeaveEventsWithListenerAfterJoin[0: transport=NIO]" classname="io.hekate.cluster.internal.ClusterServiceSingleNodeTest" time="0.439"/>
  <testcase name="testLeaveWhileRegisteringSeedNode[0: transport=NIO]" classname="io.hekate.cluster.internal.ClusterServiceSingleNodeTest" time="0.409"/>
  <testcase name="testUnrecoverableErrorOnJoin[0: transport=NIO]" classname="io.hekate.cluster.internal.ClusterServiceSingleNodeTest" time="0.408"/>
  <testcase name="testStateInListenerBeforeJoin[0: transport=NIO]" classname="io.hekate.cluster.internal.ClusterServiceSingleNodeTest" time="0.413"/>
  <testcase name="testJoinLeaveEventsWithTerminate[0: transport=NIO]" classname="io.hekate.cluster.internal.ClusterServiceSingleNodeTest" time="0.425"/>
  <testcase name="testRecoverableErrorOnSeedNodeGet[0: transport=NIO]" classname="io.hekate.cluster.internal.ClusterServiceSingleNodeTest" time="1.576"/>
  <testcase name="testJoinWithInvalidSeedNode[0: transport=NIO]" classname="io.hekate.cluster.internal.ClusterServiceSingleNodeTest" time="0.116"/>
  <testcase name="testJoinLeaveEventsWithListenerBeforeJoin[0: transport=NIO]" classname="io.hekate.cluster.internal.ClusterServiceSingleNodeTest" time="0.454"/>
  <testcase name="testRecoverableErrorOnSeedNodeRegister[0: transport=NIO]" classname="io.hekate.cluster.internal.ClusterServiceSingleNodeTest" time="1.561"/>
  <testcase name="testClusterName[1: transport=NIO, ssl=JDK]" classname="io.hekate.cluster.internal.ClusterServiceSingleNodeTest" time="0.013"/>
  <testcase name="testTerminateWhileRegisteringSeedNode[1: transport=NIO, ssl=JDK]" classname="io.hekate.cluster.internal.ClusterServiceSingleNodeTest" time="0.415"/>
  <testcase name="testJoinLeaveEventsWithListenerAfterJoin[1: transport=NIO, ssl=JDK]" classname="io.hekate.cluster.internal.ClusterServiceSingleNodeTest" time="0.422"/>
  <testcase name="testLeaveWhileRegisteringSeedNode[1: transport=NIO, ssl=JDK]" classname="io.hekate.cluster.internal.ClusterServiceSingleNodeTest" time="0.386"/>
  <testcase name="testUnrecoverableErrorOnJoin[1: transport=NIO, ssl=JDK]" classname="io.hekate.cluster.internal.ClusterServiceSingleNodeTest" time="0.375"/>
  <testcase name="testStateInListenerBeforeJoin[1: transport=NIO, ssl=JDK]" classname="io.hekate.cluster.internal.ClusterServiceSingleNodeTest" time="0.429"/>
  <testcase name="testJoinLeaveEventsWithTerminate[1: transport=NIO, ssl=JDK]" classname="io.hekate.cluster.internal.ClusterServiceSingleNodeTest" time="0.397"/>
  <testcase name="testRecoverableErrorOnSeedNodeGet[1: transport=NIO, ssl=JDK]" classname="io.hekate.cluster.internal.ClusterServiceSingleNodeTest" time="3.079"/>
  <testcase name="testJoinWithInvalidSeedNode[1: transport=NIO, ssl=JDK]" classname="io.hekate.cluster.internal.ClusterServiceSingleNodeTest" time="0.215"/>
  <testcase name="testJoinLeaveEventsWithListenerBeforeJoin[1: transport=NIO, ssl=JDK]" classname="io.hekate.cluster.internal.ClusterServiceSingleNodeTest" time="0.475"/>
  <testcase name="testRecoverableErrorOnSeedNodeRegister[1: transport=NIO, ssl=JDK]" classname="io.hekate.cluster.internal.ClusterServiceSingleNodeTest" time="3.061"/>
  <testcase name="testClusterName[2: transport=NIO, ssl=OPEN_SSL]" classname="io.hekate.cluster.internal.ClusterServiceSingleNodeTest" time="0.014"/>
  <testcase name="testTerminateWhileRegisteringSeedNode[2: transport=NIO, ssl=OPEN_SSL]" classname="io.hekate.cluster.internal.ClusterServiceSingleNodeTest" time="0.426"/>
  <testcase name="testJoinLeaveEventsWithListenerAfterJoin[2: transport=NIO, ssl=OPEN_SSL]" classname="io.hekate.cluster.internal.ClusterServiceSingleNodeTest" time="0.4"/>
  <testcase name="testLeaveWhileRegisteringSeedNode[2: transport=NIO, ssl=OPEN_SSL]" classname="io.hekate.cluster.internal.ClusterServiceSingleNodeTest" time="0.405"/>
  <testcase name="testUnrecoverableErrorOnJoin[2: transport=NIO, ssl=OPEN_SSL]" classname="io.hekate.cluster.internal.ClusterServiceSingleNodeTest" time="0.359"/>
  <testcase name="testStateInListenerBeforeJoin[2: transport=NIO, ssl=OPEN_SSL]" classname="io.hekate.cluster.internal.ClusterServiceSingleNodeTest" time="0.42"/>
  <testcase name="testJoinLeaveEventsWithTerminate[2: transport=NIO, ssl=OPEN_SSL]" classname="io.hekate.cluster.internal.ClusterServiceSingleNodeTest" time="0.413"/>
  <testcase name="testRecoverableErrorOnSeedNodeGet[2: transport=NIO, ssl=OPEN_SSL]" classname="io.hekate.cluster.internal.ClusterServiceSingleNodeTest" time="1.573"/>
  <testcase name="testJoinWithInvalidSeedNode[2: transport=NIO, ssl=OPEN_SSL]" classname="io.hekate.cluster.internal.ClusterServiceSingleNodeTest" time="0.114"/>
  <testcase name="testJoinLeaveEventsWithListenerBeforeJoin[2: transport=NIO, ssl=OPEN_SSL]" classname="io.hekate.cluster.internal.ClusterServiceSingleNodeTest" time="0.446"/>
  <testcase name="testRecoverableErrorOnSeedNodeRegister[2: transport=NIO, ssl=OPEN_SSL]" classname="io.hekate.cluster.internal.ClusterServiceSingleNodeTest" time="1.559"/>
  <testcase name="testClusterName[3: transport=EPOLL]" classname="io.hekate.cluster.internal.ClusterServiceSingleNodeTest" time="0.012"/>
  <testcase name="testTerminateWhileRegisteringSeedNode[3: transport=EPOLL]" classname="io.hekate.cluster.internal.ClusterServiceSingleNodeTest" time="1.443"/>
  <testcase name="testJoinLeaveEventsWithListenerAfterJoin[3: transport=EPOLL]" classname="io.hekate.cluster.internal.ClusterServiceSingleNodeTest" time="0.452"/>
  <testcase name="testLeaveWhileRegisteringSeedNode[3: transport=EPOLL]" classname="io.hekate.cluster.internal.ClusterServiceSingleNodeTest" time="1.397"/>
  <testcase name="testUnrecoverableErrorOnJoin[3: transport=EPOLL]" classname="io.hekate.cluster.internal.ClusterServiceSingleNodeTest" time="1.418"/>
  <testcase name="testStateInListenerBeforeJoin[3: transport=EPOLL]" classname="io.hekate.cluster.internal.ClusterServiceSingleNodeTest" time="0.443"/>
  <testcase name="testJoinLeaveEventsWithTerminate[3: transport=EPOLL]" classname="io.hekate.cluster.internal.ClusterServiceSingleNodeTest" time="0.402"/>
  <testcase name="testRecoverableErrorOnSeedNodeGet[3: transport=EPOLL]" classname="io.hekate.cluster.internal.ClusterServiceSingleNodeTest" time="1.558"/>
  <testcase name="testJoinWithInvalidSeedNode[3: transport=EPOLL]" classname="io.hekate.cluster.internal.ClusterServiceSingleNodeTest" time="0.113"/>
  <testcase name="testJoinLeaveEventsWithListenerBeforeJoin[3: transport=EPOLL]" classname="io.hekate.cluster.internal.ClusterServiceSingleNodeTest" time="1.478"/>
  <testcase name="testRecoverableErrorOnSeedNodeRegister[3: transport=EPOLL]" classname="io.hekate.cluster.internal.ClusterServiceSingleNodeTest" time="1.573"/>
  <testcase name="testClusterName[4: transport=EPOLL, ssl=JDK]" classname="io.hekate.cluster.internal.ClusterServiceSingleNodeTest" time="0.013"/>
  <testcase name="testTerminateWhileRegisteringSeedNode[4: transport=EPOLL, ssl=JDK]" classname="io.hekate.cluster.internal.ClusterServiceSingleNodeTest" time="0.409"/>
  <testcase name="testJoinLeaveEventsWithListenerAfterJoin[4: transport=EPOLL, ssl=JDK]" classname="io.hekate.cluster.internal.ClusterServiceSingleNodeTest" time="0.385"/>
  <testcase name="testLeaveWhileRegisteringSeedNode[4: transport=EPOLL, ssl=JDK]" classname="io.hekate.cluster.internal.ClusterServiceSingleNodeTest" time="0.386"/>
  <testcase name="testUnrecoverableErrorOnJoin[4: transport=EPOLL, ssl=JDK]" classname="io.hekate.cluster.internal.ClusterServiceSingleNodeTest" time="1.425"/>
  <testcase name="testStateInListenerBeforeJoin[4: transport=EPOLL, ssl=JDK]" classname="io.hekate.cluster.internal.ClusterServiceSingleNodeTest" time="0.428"/>
  <testcase name="testJoinLeaveEventsWithTerminate[4: transport=EPOLL, ssl=JDK]" classname="io.hekate.cluster.internal.ClusterServiceSingleNodeTest" time="0.407"/>
  <testcase name="testRecoverableErrorOnSeedNodeGet[4: transport=EPOLL, ssl=JDK]" classname="io.hekate.cluster.internal.ClusterServiceSingleNodeTest" time="3.061"/>
  <testcase name="testJoinWithInvalidSeedNode[4: transport=EPOLL, ssl=JDK]" classname="io.hekate.cluster.internal.ClusterServiceSingleNodeTest" time="0.214"/>
  <testcase name="testJoinLeaveEventsWithListenerBeforeJoin[4: transport=EPOLL, ssl=JDK]" classname="io.hekate.cluster.internal.ClusterServiceSingleNodeTest" time="0.475"/>
  <testcase name="testRecoverableErrorOnSeedNodeRegister[4: transport=EPOLL, ssl=JDK]" classname="io.hekate.cluster.internal.ClusterServiceSingleNodeTest" time="4.064"/>
  <testcase name="testClusterName[5: transport=EPOLL, ssl=OPEN_SSL]" classname="io.hekate.cluster.internal.ClusterServiceSingleNodeTest" time="0.028"/>
  <testcase name="testTerminateWhileRegisteringSeedNode[5: transport=EPOLL, ssl=OPEN_SSL]" classname="io.hekate.cluster.internal.ClusterServiceSingleNodeTest" time="0.414"/>
  <testcase name="testJoinLeaveEventsWithListenerAfterJoin[5: transport=EPOLL, ssl=OPEN_SSL]" classname="io.hekate.cluster.internal.ClusterServiceSingleNodeTest" time="0.395"/>
  <testcase name="testLeaveWhileRegisteringSeedNode[5: transport=EPOLL, ssl=OPEN_SSL]" classname="io.hekate.cluster.internal.ClusterServiceSingleNodeTest" time="1.413"/>
  <testcase name="testUnrecoverableErrorOnJoin[5: transport=EPOLL, ssl=OPEN_SSL]" classname="io.hekate.cluster.internal.ClusterServiceSingleNodeTest" time="1.403"/>
  <testcase name="testStateInListenerBeforeJoin[5: transport=EPOLL, ssl=OPEN_SSL]" classname="io.hekate.cluster.internal.ClusterServiceSingleNodeTest" time="1.449"/>
  <testcase name="testJoinLeaveEventsWithTerminate[5: transport=EPOLL, ssl=OPEN_SSL]" classname="io.hekate.cluster.internal.ClusterServiceSingleNodeTest" time="0.4"/>
  <testcase name="testRecoverableErrorOnSeedNodeGet[5: transport=EPOLL, ssl=OPEN_SSL]" classname="io.hekate.cluster.internal.ClusterServiceSingleNodeTest" time="1.561"/>
  <testcase name="testJoinWithInvalidSeedNode[5: transport=EPOLL, ssl=OPEN_SSL]" classname="io.hekate.cluster.internal.ClusterServiceSingleNodeTest" time="0.114"/>
  <testcase name="testJoinLeaveEventsWithListenerBeforeJoin[5: transport=EPOLL, ssl=OPEN_SSL]" classname="io.hekate.cluster.internal.ClusterServiceSingleNodeTest" time="1.485"/>
  <testcase name="testRecoverableErrorOnSeedNodeRegister[5: transport=EPOLL, ssl=OPEN_SSL]" classname="io.hekate.cluster.internal.ClusterServiceSingleNodeTest" time="1.562"/>
</testsuite>