<?xml version="1.0" encoding="UTF-8"?>
<testsuite xmlns:xsi="http://www.w3.org/2001/XMLSchema-instance" xsi:schemaLocation="https://maven.apache.org/surefire/maven-surefire-plugin/xsd/surefire-test-report.xsd" name="io.hekate.lock.internal.DistributedLockTest" time="351.848" tests="1392" errors="0" skipped="0" failures="0">
  <properties>
    <property name="java.runtime.name" value="OpenJDK Runtime Environment"/>
    <property name="sun.boot.library.path" value="/usr/lib/jvm/java-8-openjdk-amd64/jre/lib/amd64"/>
    <property name="java.vm.version" value="25.121-b13"/>
    <property name="java.vm.vendor" value="Oracle Corporation"/>
    <property name="maven.multiModuleProjectDirectory" value="/root/workspace/hekate-io/hekate/383632883"/>
    <property name="java.vendor.url" value="http://java.oracle.com/"/>
    <property name="path.separator" value=":"/>
    <property name="guice.disable.misplaced.annotation.check" value="true"/>
    <property name="skip.gulp" value="true"/>
    <property name="java.vm.name" value="OpenJDK 64-Bit Server VM"/>
    <property name="file.encoding.pkg" value="sun.io"/>
    <property name="sun.java.launcher" value="SUN_STANDARD"/>
    <property name="sun.os.patch.level" value="unknown"/>
    <property name="findbugs.skip" value="true"/>
    <property name="java.vm.specification.name" value="Java Virtual Machine Specification"/>
    <property name="user.dir" value="/root/workspace/hekate-io/hekate/383632883"/>
    <property name="checkstyle.skip" value="true"/>
    <property name="java.runtime.version" value="1.8.0_121-8u121-b13-1~bpo8+1-b13"/>
    <property name="java.awt.graphicsenv" value="sun.awt.X11GraphicsEnvironment"/>
    <property name="skip.npm" value="true"/>
    <property name="java.endorsed.dirs" value="/usr/lib/jvm/java-8-openjdk-amd64/jre/lib/endorsed"/>
    <property name="os.arch" value="amd64"/>
    <property name="java.io.tmpdir" value="/tmp"/>
    <property name="gpg.skip" value="true"/>
    <property name="line.separator" value="&#10;"/>
    <property name="java.vm.specification.vendor" value="Oracle Corporation"/>
    <property name="cobertura.skip" value="true"/>
    <property name="os.name" value="Linux"/>
    <property name="classworlds.conf" value="/usr/share/maven/bin/m2.conf"/>
    <property name="sun.jnu.encoding" value="UTF-8"/>
    <property name="java.library.path" value="/usr/java/packages/lib/amd64:/usr/lib/x86_64-linux-gnu/jni:/lib/x86_64-linux-gnu:/usr/lib/x86_64-linux-gnu:/usr/lib/jni:/lib:/usr/lib"/>
    <property name="license.skip" value="true"/>
    <property name="java.specification.name" value="Java Platform API Specification"/>
    <property name="java.class.version" value="52.0"/>
    <property name="org.slf4j.simpleLogger.levelInBrackets" value="true"/>
    <property name="sun.management.compiler" value="HotSpot 64-Bit Tiered Compilers"/>
    <property name="skip.bower" value="true"/>
    <property name="maven.repo.local" value="/root/./workspace/hekate-io/hekate/383632883/.m2"/>
    <property name="os.version" value="3.10.0-862.2.3.el7.x86_64"/>
    <property name="user.home" value="/root"/>
    <property name="user.timezone" value="Europe/Paris"/>
    <property name="java.awt.printerjob" value="sun.print.PSPrinterJob"/>
    <property name="java.specification.version" value="1.8"/>
    <property name="file.encoding" value="UTF-8"/>
    <property name="user.name" value="root"/>
    <property name="java.class.path" value="/usr/share/maven/boot/plexus-classworlds-2.5.2.jar"/>
    <property name="skipITs" value="true"/>
    <property name="java.vm.specification.version" value="1.8"/>
    <property name="sun.arch.data.model" value="64"/>
    <property name="java.home" value="/usr/lib/jvm/java-8-openjdk-amd64/jre"/>
    <property name="sun.java.command" value="org.codehaus.plexus.classworlds.launcher.Launcher -B -D enforcer.skip=true -D dependency-check.skip=true -D skipITs=true -D cobertura.skip=true -D maven.repo.local=/root/./workspace/hekate-io/hekate/383632883/.m2 -D rat.skip=true -D findbugs.skip=true -D skip.bower=true -D gpg.skip=true -D checkstyle.skip=true -D skip.gulp=true -D license.skip=true -D skip.npm=true test"/>
    <property name="java.specification.vendor" value="Oracle Corporation"/>
    <property name="user.language" value="en"/>
    <property name="awt.toolkit" value="sun.awt.X11.XToolkit"/>
    <property name="dependency-check.skip" value="true"/>
    <property name="java.vm.info" value="mixed mode"/>
    <property name="java.version" value="1.8.0_121"/>
    <property name="java.ext.dirs" value="/usr/lib/jvm/java-8-openjdk-amd64/jre/lib/ext:/usr/java/packages/lib/ext"/>
    <property name="securerandom.source" value="file:/dev/./urandom"/>
    <property name="sun.boot.class.path" value="/usr/lib/jvm/java-8-openjdk-amd64/jre/lib/resources.jar:/usr/lib/jvm/java-8-openjdk-amd64/jre/lib/rt.jar:/usr/lib/jvm/java-8-openjdk-amd64/jre/lib/sunrsasign.jar:/usr/lib/jvm/java-8-openjdk-amd64/jre/lib/jsse.jar:/usr/lib/jvm/java-8-openjdk-amd64/jre/lib/jce.jar:/usr/lib/jvm/java-8-openjdk-amd64/jre/lib/charsets.jar:/usr/lib/jvm/java-8-openjdk-amd64/jre/lib/jfr.jar:/usr/lib/jvm/java-8-openjdk-amd64/jre/classes"/>
    <property name="java.vendor" value="Oracle Corporation"/>
    <property name="enforcer.skip" value="true"/>
    <property name="rat.skip" value="true"/>
    <property name="maven.home" value="/usr/share/maven"/>
    <property name="file.separator" value="/"/>
    <property name="java.vendor.url.bug" value="http://bugreport.sun.com/bugreport/"/>
    <property name="sun.cpu.endian" value="little"/>
    <property name="sun.io.unicode.encoding" value="UnicodeLittle"/>
    <property name="org.slf4j.simpleLogger.showThreadName" value="false"/>
    <property name="sun.cpu.isalist" value=""/>
  </properties>
  <testcase name="testTryLockWithTimeoutInterruptibly[0: transport=NIO, worker-threads=1, nio-threads=0, node-count=1]" classname="io.hekate.lock.internal.DistributedLockTest" time="0.035"/>
  <testcase name="testGetOwner[0: transport=NIO, worker-threads=1, nio-threads=0, node-count=1]" classname="io.hekate.lock.internal.DistributedLockTest" time="0.013"/>
  <testcase name="testLockUnlockAsyncSameInstance[0: transport=NIO, worker-threads=1, nio-threads=0, node-count=1]" classname="io.hekate.lock.internal.DistributedLockTest" time="0.013"/>
  <testcase name="testQueuedLockAfterOtherLockTimeout[0: transport=NIO, worker-threads=1, nio-threads=0, node-count=1]" classname="io.hekate.lock.internal.DistributedLockTest" time="0.264"/>
  <testcase name="testUnlockAfterOwnerLeaves[0: transport=NIO, worker-threads=1, nio-threads=0, node-count=1]" classname="io.hekate.lock.internal.DistributedLockTest" time="0.012"/>
  <testcase name="testLockAfterManagerTermination[0: transport=NIO, worker-threads=1, nio-threads=0, node-count=1]" classname="io.hekate.lock.internal.DistributedLockTest" time="0.01"/>
  <testcase name="testConcurrentLockFromSameNode[0: transport=NIO, worker-threads=1, nio-threads=0, node-count=1]" classname="io.hekate.lock.internal.DistributedLockTest" time="0.329"/>
  <testcase name="testLockAfterReleaseByOtherNode[0: transport=NIO, worker-threads=1, nio-threads=0, node-count=1]" classname="io.hekate.lock.internal.DistributedLockTest" time="0.122"/>
  <testcase name="testTryFreeLock[0: transport=NIO, worker-threads=1, nio-threads=0, node-count=1]" classname="io.hekate.lock.internal.DistributedLockTest" time="0.015"/>
  <testcase name="testLockUnlockAsyncDifferentInstances[0: transport=NIO, worker-threads=1, nio-threads=0, node-count=1]" classname="io.hekate.lock.internal.DistributedLockTest" time="0.012"/>
  <testcase name="testLockWithTimeoutAfterManagerTermination[0: transport=NIO, worker-threads=1, nio-threads=0, node-count=1]" classname="io.hekate.lock.internal.DistributedLockTest" time="0.009"/>
  <testcase name="testLockAfterQueuedNodeLeave[0: transport=NIO, worker-threads=1, nio-threads=0, node-count=1]" classname="io.hekate.lock.internal.DistributedLockTest" time="0.009"/>
  <testcase name="testLockInterruptibly[0: transport=NIO, worker-threads=1, nio-threads=0, node-count=1]" classname="io.hekate.lock.internal.DistributedLockTest" time="0.025"/>
  <testcase name="testLockWithTimeoutAfterReleaseByOtherNode[0: transport=NIO, worker-threads=1, nio-threads=0, node-count=1]" classname="io.hekate.lock.internal.DistributedLockTest" time="0.117"/>
  <testcase name="testNonReentrantWithDifferentNodes[0: transport=NIO, worker-threads=1, nio-threads=0, node-count=1]" classname="io.hekate.lock.internal.DistributedLockTest" time="0.011"/>
  <testcase name="testLockAfterQueuedNodeTermination[0: transport=NIO, worker-threads=1, nio-threads=0, node-count=1]" classname="io.hekate.lock.internal.DistributedLockTest" time="0.009"/>
  <testcase name="testTryBusyLock[0: transport=NIO, worker-threads=1, nio-threads=0, node-count=1]" classname="io.hekate.lock.internal.DistributedLockTest" time="0.015"/>
  <testcase name="testConcurrentLockFromDifferentNodes[0: transport=NIO, worker-threads=1, nio-threads=0, node-count=1]" classname="io.hekate.lock.internal.DistributedLockTest" time="0.008"/>
  <testcase name="testTryFreeLockWithTimeout[0: transport=NIO, worker-threads=1, nio-threads=0, node-count=1]" classname="io.hekate.lock.internal.DistributedLockTest" time="0.012"/>
  <testcase name="testTryLockWithTerminatedService[0: transport=NIO, worker-threads=1, nio-threads=0, node-count=1]" classname="io.hekate.lock.internal.DistributedLockTest" time="0.031"/>
  <testcase name="testLockUnlockDifferentInstances[0: transport=NIO, worker-threads=1, nio-threads=0, node-count=1]" classname="io.hekate.lock.internal.DistributedLockTest" time="0.014"/>
  <testcase name="testLockLivenessIfAtLeastOneNodeExists[0: transport=NIO, worker-threads=1, nio-threads=0, node-count=1]" classname="io.hekate.lock.internal.DistributedLockTest" time="0.008"/>
  <testcase name="testTryBusyLockWithTimeout[0: transport=NIO, worker-threads=1, nio-threads=0, node-count=1]" classname="io.hekate.lock.internal.DistributedLockTest" time="0.015"/>
  <testcase name="testCluster[0: transport=NIO, worker-threads=1, nio-threads=0, node-count=1]" classname="io.hekate.lock.internal.DistributedLockTest" time="0.062"/>
  <testcase name="testLockAfterManagerLeave[0: transport=NIO, worker-threads=1, nio-threads=0, node-count=1]" classname="io.hekate.lock.internal.DistributedLockTest" time="0.007"/>
  <testcase name="testLockWithTimeoutAfterManagerLeave[0: transport=NIO, worker-threads=1, nio-threads=0, node-count=1]" classname="io.hekate.lock.internal.DistributedLockTest" time="0.006"/>
  <testcase name="testGetOwnerOfNonExistingLock[0: transport=NIO, worker-threads=1, nio-threads=0, node-count=1]" classname="io.hekate.lock.internal.DistributedLockTest" time="0.007"/>
  <testcase name="testLockUnlockSameInstance[0: transport=NIO, worker-threads=1, nio-threads=0, node-count=1]" classname="io.hekate.lock.internal.DistributedLockTest" time="0.009"/>
  <testcase name="testGetOwnerTerminatedService[0: transport=NIO, worker-threads=1, nio-threads=0, node-count=1]" classname="io.hekate.lock.internal.DistributedLockTest" time="0.006"/>
  <testcase name="testTryLockWithTimeoutInterruptibly[1: transport=NIO, worker-threads=2, nio-threads=2, node-count=1]" classname="io.hekate.lock.internal.DistributedLockTest" time="0.019"/>
  <testcase name="testGetOwner[1: transport=NIO, worker-threads=2, nio-threads=2, node-count=1]" classname="io.hekate.lock.internal.DistributedLockTest" time="0.007"/>
  <testcase name="testLockUnlockAsyncSameInstance[1: transport=NIO, worker-threads=2, nio-threads=2, node-count=1]" classname="io.hekate.lock.internal.DistributedLockTest" time="0.01"/>
  <testcase name="testQueuedLockAfterOtherLockTimeout[1: transport=NIO, worker-threads=2, nio-threads=2, node-count=1]" classname="io.hekate.lock.internal.DistributedLockTest" time="0.263"/>
  <testcase name="testUnlockAfterOwnerLeaves[1: transport=NIO, worker-threads=2, nio-threads=2, node-count=1]" classname="io.hekate.lock.internal.DistributedLockTest" time="0.012"/>
  <testcase name="testLockAfterManagerTermination[1: transport=NIO, worker-threads=2, nio-threads=2, node-count=1]" classname="io.hekate.lock.internal.DistributedLockTest" time="0.01"/>
  <testcase name="testConcurrentLockFromSameNode[1: transport=NIO, worker-threads=2, nio-threads=2, node-count=1]" classname="io.hekate.lock.internal.DistributedLockTest" time="0.314"/>
  <testcase name="testLockAfterReleaseByOtherNode[1: transport=NIO, worker-threads=2, nio-threads=2, node-count=1]" classname="io.hekate.lock.internal.DistributedLockTest" time="0.067"/>
  <testcase name="testTryFreeLock[1: transport=NIO, worker-threads=2, nio-threads=2, node-count=1]" classname="io.hekate.lock.internal.DistributedLockTest" time="0.014"/>
  <testcase name="testLockUnlockAsyncDifferentInstances[1: transport=NIO, worker-threads=2, nio-threads=2, node-count=1]" classname="io.hekate.lock.internal.DistributedLockTest" time="0.012"/>
  <testcase name="testLockWithTimeoutAfterManagerTermination[1: transport=NIO, worker-threads=2, nio-threads=2, node-count=1]" classname="io.hekate.lock.internal.DistributedLockTest" time="0.009"/>
  <testcase name="testLockAfterQueuedNodeLeave[1: transport=NIO, worker-threads=2, nio-threads=2, node-count=1]" classname="io.hekate.lock.internal.DistributedLockTest" time="0.008"/>
  <testcase name="testLockInterruptibly[1: transport=NIO, worker-threads=2, nio-threads=2, node-count=1]" classname="io.hekate.lock.internal.DistributedLockTest" time="0.023"/>
  <testcase name="testLockWithTimeoutAfterReleaseByOtherNode[1: transport=NIO, worker-threads=2, nio-threads=2, node-count=1]" classname="io.hekate.lock.internal.DistributedLockTest" time="0.143"/>
  <testcase name="testNonReentrantWithDifferentNodes[1: transport=NIO, worker-threads=2, nio-threads=2, node-count=1]" classname="io.hekate.lock.internal.DistributedLockTest" time="0.012"/>
  <testcase name="testLockAfterQueuedNodeTermination[1: transport=NIO, worker-threads=2, nio-threads=2, node-count=1]" classname="io.hekate.lock.internal.DistributedLockTest" time="0.011"/>
  <testcase name="testTryBusyLock[1: transport=NIO, worker-threads=2, nio-threads=2, node-count=1]" classname="io.hekate.lock.internal.DistributedLockTest" time="0.04"/>
  <testcase name="testConcurrentLockFromDifferentNodes[1: transport=NIO, worker-threads=2, nio-threads=2, node-count=1]" classname="io.hekate.lock.internal.DistributedLockTest" time="0.01"/>
  <testcase name="testTryFreeLockWithTimeout[1: transport=NIO, worker-threads=2, nio-threads=2, node-count=1]" classname="io.hekate.lock.internal.DistributedLockTest" time="0.013"/>
  <testcase name="testTryLockWithTerminatedService[1: transport=NIO, worker-threads=2, nio-threads=2, node-count=1]" classname="io.hekate.lock.internal.DistributedLockTest" time="0.008"/>
  <testcase name="testLockUnlockDifferentInstances[1: transport=NIO, worker-threads=2, nio-threads=2, node-count=1]" classname="io.hekate.lock.internal.DistributedLockTest" time="0.012"/>
  <testcase name="testLockLivenessIfAtLeastOneNodeExists[1: transport=NIO, worker-threads=2, nio-threads=2, node-count=1]" classname="io.hekate.lock.internal.DistributedLockTest" time="0.009"/>
  <testcase name="testTryBusyLockWithTimeout[1: transport=NIO, worker-threads=2, nio-threads=2, node-count=1]" classname="io.hekate.lock.internal.DistributedLockTest" time="0.015"/>
  <testcase name="testCluster[1: transport=NIO, worker-threads=2, nio-threads=2, node-count=1]" classname="io.hekate.lock.internal.DistributedLockTest" time="0.04"/>
  <testcase name="testLockAfterManagerLeave[1: transport=NIO, worker-threads=2, nio-threads=2, node-count=1]" classname="io.hekate.lock.internal.DistributedLockTest" time="0.008"/>
  <testcase name="testLockWithTimeoutAfterManagerLeave[1: transport=NIO, worker-threads=2, nio-threads=2, node-count=1]" classname="io.hekate.lock.internal.DistributedLockTest" time="0.007"/>
  <testcase name="testGetOwnerOfNonExistingLock[1: transport=NIO, worker-threads=2, nio-threads=2, node-count=1]" classname="io.hekate.lock.internal.DistributedLockTest" time="0.007"/>
  <testcase name="testLockUnlockSameInstance[1: transport=NIO, worker-threads=2, nio-threads=2, node-count=1]" classname="io.hekate.lock.internal.DistributedLockTest" time="0.023"/>
  <testcase name="testGetOwnerTerminatedService[1: transport=NIO, worker-threads=2, nio-threads=2, node-count=1]" classname="io.hekate.lock.internal.DistributedLockTest" time="0.008"/>
  <testcase name="testTryLockWithTimeoutInterruptibly[2: transport=NIO, worker-threads=1, nio-threads=0, node-count=2]" classname="io.hekate.lock.internal.DistributedLockTest" time="0.085"/>
  <testcase name="testGetOwner[2: transport=NIO, worker-threads=1, nio-threads=0, node-count=2]" classname="io.hekate.lock.internal.DistributedLockTest" time="0.03"/>
  <testcase name="testLockUnlockAsyncSameInstance[2: transport=NIO, worker-threads=1, nio-threads=0, node-count=2]" classname="io.hekate.lock.internal.DistributedLockTest" time="0.031"/>
  <testcase name="testQueuedLockAfterOtherLockTimeout[2: transport=NIO, worker-threads=1, nio-threads=0, node-count=2]" classname="io.hekate.lock.internal.DistributedLockTest" time="0.54"/>
  <testcase name="testUnlockAfterOwnerLeaves[2: transport=NIO, worker-threads=1, nio-threads=0, node-count=2]" classname="io.hekate.lock.internal.DistributedLockTest" time="0.052"/>
  <testcase name="testLockAfterManagerTermination[2: transport=NIO, worker-threads=1, nio-threads=0, node-count=2]" classname="io.hekate.lock.internal.DistributedLockTest" time="0.812"/>
  <testcase name="testConcurrentLockFromSameNode[2: transport=NIO, worker-threads=1, nio-threads=0, node-count=2]" classname="io.hekate.lock.internal.DistributedLockTest" time="0.427"/>
  <testcase name="testLockAfterReleaseByOtherNode[2: transport=NIO, worker-threads=1, nio-threads=0, node-count=2]" classname="io.hekate.lock.internal.DistributedLockTest" time="0.519"/>
  <testcase name="testTryFreeLock[2: transport=NIO, worker-threads=1, nio-threads=0, node-count=2]" classname="io.hekate.lock.internal.DistributedLockTest" time="0.05"/>
  <testcase name="testLockUnlockAsyncDifferentInstances[2: transport=NIO, worker-threads=1, nio-threads=0, node-count=2]" classname="io.hekate.lock.internal.DistributedLockTest" time="0.065"/>
  <testcase name="testLockWithTimeoutAfterManagerTermination[2: transport=NIO, worker-threads=1, nio-threads=0, node-count=2]" classname="io.hekate.lock.internal.DistributedLockTest" time="0.621"/>
  <testcase name="testLockAfterQueuedNodeLeave[2: transport=NIO, worker-threads=1, nio-threads=0, node-count=2]" classname="io.hekate.lock.internal.DistributedLockTest" time="0.059"/>
  <testcase name="testLockInterruptibly[2: transport=NIO, worker-threads=1, nio-threads=0, node-count=2]" classname="io.hekate.lock.internal.DistributedLockTest" time="0.079"/>
  <testcase name="testLockWithTimeoutAfterReleaseByOtherNode[2: transport=NIO, worker-threads=1, nio-threads=0, node-count=2]" classname="io.hekate.lock.internal.DistributedLockTest" time="0.449"/>
  <testcase name="testNonReentrantWithDifferentNodes[2: transport=NIO, worker-threads=1, nio-threads=0, node-count=2]" classname="io.hekate.lock.internal.DistributedLockTest" time="0.057"/>
  <testcase name="testLockAfterQueuedNodeTermination[2: transport=NIO, worker-threads=1, nio-threads=0, node-count=2]" classname="io.hekate.lock.internal.DistributedLockTest" time="0.625"/>
  <testcase name="testTryBusyLock[2: transport=NIO, worker-threads=1, nio-threads=0, node-count=2]" classname="io.hekate.lock.internal.DistributedLockTest" time="0.07"/>
  <testcase name="testConcurrentLockFromDifferentNodes[2: transport=NIO, worker-threads=1, nio-threads=0, node-count=2]" classname="io.hekate.lock.internal.DistributedLockTest" time="0.578"/>
  <testcase name="testTryFreeLockWithTimeout[2: transport=NIO, worker-threads=1, nio-threads=0, node-count=2]" classname="io.hekate.lock.internal.DistributedLockTest" time="0.048"/>
  <testcase name="testTryLockWithTerminatedService[2: transport=NIO, worker-threads=1, nio-threads=0, node-count=2]" classname="io.hekate.lock.internal.DistributedLockTest" time="0.023"/>
  <testcase name="testLockUnlockDifferentInstances[2: transport=NIO, worker-threads=1, nio-threads=0, node-count=2]" classname="io.hekate.lock.internal.DistributedLockTest" time="0.045"/>
  <testcase name="testLockLivenessIfAtLeastOneNodeExists[2: transport=NIO, worker-threads=1, nio-threads=0, node-count=2]" classname="io.hekate.lock.internal.DistributedLockTest" time="0.091"/>
  <testcase name="testTryBusyLockWithTimeout[2: transport=NIO, worker-threads=1, nio-threads=0, node-count=2]" classname="io.hekate.lock.internal.DistributedLockTest" time="0.063"/>
  <testcase name="testCluster[2: transport=NIO, worker-threads=1, nio-threads=0, node-count=2]" classname="io.hekate.lock.internal.DistributedLockTest" time="0.035"/>
  <testcase name="testLockAfterManagerLeave[2: transport=NIO, worker-threads=1, nio-threads=0, node-count=2]" classname="io.hekate.lock.internal.DistributedLockTest" time="0.053"/>
  <testcase name="testLockWithTimeoutAfterManagerLeave[2: transport=NIO, worker-threads=1, nio-threads=0, node-count=2]" classname="io.hekate.lock.internal.DistributedLockTest" time="0.055"/>
  <testcase name="testGetOwnerOfNonExistingLock[2: transport=NIO, worker-threads=1, nio-threads=0, node-count=2]" classname="io.hekate.lock.internal.DistributedLockTest" time="0.036"/>
  <testcase name="testLockUnlockSameInstance[2: transport=NIO, worker-threads=1, nio-threads=0, node-count=2]" classname="io.hekate.lock.internal.DistributedLockTest" time="0.044"/>
  <testcase name="testGetOwnerTerminatedService[2: transport=NIO, worker-threads=1, nio-threads=0, node-count=2]" classname="io.hekate.lock.internal.DistributedLockTest" time="0.034"/>
  <testcase name="testTryLockWithTimeoutInterruptibly[3: transport=NIO, worker-threads=2, nio-threads=2, node-count=2]" classname="io.hekate.lock.internal.DistributedLockTest" time="0.062"/>
  <testcase name="testGetOwner[3: transport=NIO, worker-threads=2, nio-threads=2, node-count=2]" classname="io.hekate.lock.internal.DistributedLockTest" time="0.032"/>
  <testcase name="testLockUnlockAsyncSameInstance[3: transport=NIO, worker-threads=2, nio-threads=2, node-count=2]" classname="io.hekate.lock.internal.DistributedLockTest" time="0.038"/>
  <testcase name="testQueuedLockAfterOtherLockTimeout[3: transport=NIO, worker-threads=2, nio-threads=2, node-count=2]" classname="io.hekate.lock.internal.DistributedLockTest" time="0.568"/>
  <testcase name="testUnlockAfterOwnerLeaves[3: transport=NIO, worker-threads=2, nio-threads=2, node-count=2]" classname="io.hekate.lock.internal.DistributedLockTest" time="0.038"/>
  <testcase name="testLockAfterManagerTermination[3: transport=NIO, worker-threads=2, nio-threads=2, node-count=2]" classname="io.hekate.lock.internal.DistributedLockTest" time="0.621"/>
  <testcase name="testConcurrentLockFromSameNode[3: transport=NIO, worker-threads=2, nio-threads=2, node-count=2]" classname="io.hekate.lock.internal.DistributedLockTest" time="0.415"/>
  <testcase name="testLockAfterReleaseByOtherNode[3: transport=NIO, worker-threads=2, nio-threads=2, node-count=2]" classname="io.hekate.lock.internal.DistributedLockTest" time="0.296"/>
  <testcase name="testTryFreeLock[3: transport=NIO, worker-threads=2, nio-threads=2, node-count=2]" classname="io.hekate.lock.internal.DistributedLockTest" time="0.052"/>
  <testcase name="testLockUnlockAsyncDifferentInstances[3: transport=NIO, worker-threads=2, nio-threads=2, node-count=2]" classname="io.hekate.lock.internal.DistributedLockTest" time="0.046"/>
  <testcase name="testLockWithTimeoutAfterManagerTermination[3: transport=NIO, worker-threads=2, nio-threads=2, node-count=2]" classname="io.hekate.lock.internal.DistributedLockTest" time="0.622"/>
  <testcase name="testLockAfterQueuedNodeLeave[3: transport=NIO, worker-threads=2, nio-threads=2, node-count=2]" classname="io.hekate.lock.internal.DistributedLockTest" time="0.122"/>
  <testcase name="testLockInterruptibly[3: transport=NIO, worker-threads=2, nio-threads=2, node-count=2]" classname="io.hekate.lock.internal.DistributedLockTest" time="0.079"/>
  <testcase name="testLockWithTimeoutAfterReleaseByOtherNode[3: transport=NIO, worker-threads=2, nio-threads=2, node-count=2]" classname="io.hekate.lock.internal.DistributedLockTest" time="0.516"/>
  <testcase name="testNonReentrantWithDifferentNodes[3: transport=NIO, worker-threads=2, nio-threads=2, node-count=2]" classname="io.hekate.lock.internal.DistributedLockTest" time="0.062"/>
  <testcase name="testLockAfterQueuedNodeTermination[3: transport=NIO, worker-threads=2, nio-threads=2, node-count=2]" classname="io.hekate.lock.internal.DistributedLockTest" time="0.726"/>
  <testcase name="testTryBusyLock[3: transport=NIO, worker-threads=2, nio-threads=2, node-count=2]" classname="io.hekate.lock.internal.DistributedLockTest" time="0.074"/>
  <testcase name="testConcurrentLockFromDifferentNodes[3: transport=NIO, worker-threads=2, nio-threads=2, node-count=2]" classname="io.hekate.lock.internal.DistributedLockTest" time="0.608"/>
  <testcase name="testTryFreeLockWithTimeout[3: transport=NIO, worker-threads=2, nio-threads=2, node-count=2]" classname="io.hekate.lock.internal.DistributedLockTest" time="0.055"/>
  <testcase name="testTryLockWithTerminatedService[3: transport=NIO, worker-threads=2, nio-threads=2, node-count=2]" classname="io.hekate.lock.internal.DistributedLockTest" time="0.028"/>
  <testcase name="testLockUnlockDifferentInstances[3: transport=NIO, worker-threads=2, nio-threads=2, node-count=2]" classname="io.hekate.lock.internal.DistributedLockTest" time="0.065"/>
  <testcase name="testLockLivenessIfAtLeastOneNodeExists[3: transport=NIO, worker-threads=2, nio-threads=2, node-count=2]" classname="io.hekate.lock.internal.DistributedLockTest" time="0.065"/>
  <testcase name="testTryBusyLockWithTimeout[3: transport=NIO, worker-threads=2, nio-threads=2, node-count=2]" classname="io.hekate.lock.internal.DistributedLockTest" time="0.072"/>
  <testcase name="testCluster[3: transport=NIO, worker-threads=2, nio-threads=2, node-count=2]" classname="io.hekate.lock.internal.DistributedLockTest" time="0.034"/>
  <testcase name="testLockAfterManagerLeave[3: transport=NIO, worker-threads=2, nio-threads=2, node-count=2]" classname="io.hekate.lock.internal.DistributedLockTest" time="0.074"/>
  <testcase name="testLockWithTimeoutAfterManagerLeave[3: transport=NIO, worker-threads=2, nio-threads=2, node-count=2]" classname="io.hekate.lock.internal.DistributedLockTest" time="0.104"/>
  <testcase name="testGetOwnerOfNonExistingLock[3: transport=NIO, worker-threads=2, nio-threads=2, node-count=2]" classname="io.hekate.lock.internal.DistributedLockTest" time="0.035"/>
  <testcase name="testLockUnlockSameInstance[3: transport=NIO, worker-threads=2, nio-threads=2, node-count=2]" classname="io.hekate.lock.internal.DistributedLockTest" time="0.049"/>
  <testcase name="testGetOwnerTerminatedService[3: transport=NIO, worker-threads=2, nio-threads=2, node-count=2]" classname="io.hekate.lock.internal.DistributedLockTest" time="0.031"/>
  <testcase name="testTryLockWithTimeoutInterruptibly[4: transport=NIO, worker-threads=1, nio-threads=0, node-count=3]" classname="io.hekate.lock.internal.DistributedLockTest" time="0.084"/>
  <testcase name="testGetOwner[4: transport=NIO, worker-threads=1, nio-threads=0, node-count=3]" classname="io.hekate.lock.internal.DistributedLockTest" time="0.068"/>
  <testcase name="testLockUnlockAsyncSameInstance[4: transport=NIO, worker-threads=1, nio-threads=0, node-count=3]" classname="io.hekate.lock.internal.DistributedLockTest" time="0.126"/>
  <testcase name="testQueuedLockAfterOtherLockTimeout[4: transport=NIO, worker-threads=1, nio-threads=0, node-count=3]" classname="io.hekate.lock.internal.DistributedLockTest" time="0.829"/>
  <testcase name="testUnlockAfterOwnerLeaves[4: transport=NIO, worker-threads=1, nio-threads=0, node-count=3]" classname="io.hekate.lock.internal.DistributedLockTest" time="0.059"/>
  <testcase name="testLockAfterManagerTermination[4: transport=NIO, worker-threads=1, nio-threads=0, node-count=3]" classname="io.hekate.lock.internal.DistributedLockTest" time="0.738"/>
  <testcase name="testConcurrentLockFromSameNode[4: transport=NIO, worker-threads=1, nio-threads=0, node-count=3]" classname="io.hekate.lock.internal.DistributedLockTest" time="0.37"/>
  <testcase name="testLockAfterReleaseByOtherNode[4: transport=NIO, worker-threads=1, nio-threads=0, node-count=3]" classname="io.hekate.lock.internal.DistributedLockTest" time="0.937"/>
  <testcase name="testTryFreeLock[4: transport=NIO, worker-threads=1, nio-threads=0, node-count=3]" classname="io.hekate.lock.internal.DistributedLockTest" time="0.128"/>
  <testcase name="testLockUnlockAsyncDifferentInstances[4: transport=NIO, worker-threads=1, nio-threads=0, node-count=3]" classname="io.hekate.lock.internal.DistributedLockTest" time="0.094"/>
  <testcase name="testLockWithTimeoutAfterManagerTermination[4: transport=NIO, worker-threads=1, nio-threads=0, node-count=3]" classname="io.hekate.lock.internal.DistributedLockTest" time="0.637"/>
  <testcase name="testLockAfterQueuedNodeLeave[4: transport=NIO, worker-threads=1, nio-threads=0, node-count=3]" classname="io.hekate.lock.internal.DistributedLockTest" time="0.081"/>
  <testcase name="testLockInterruptibly[4: transport=NIO, worker-threads=1, nio-threads=0, node-count=3]" classname="io.hekate.lock.internal.DistributedLockTest" time="0.094"/>
  <testcase name="testLockWithTimeoutAfterReleaseByOtherNode[4: transport=NIO, worker-threads=1, nio-threads=0, node-count=3]" classname="io.hekate.lock.internal.DistributedLockTest" time="0.75"/>
  <testcase name="testNonReentrantWithDifferentNodes[4: transport=NIO, worker-threads=1, nio-threads=0, node-count=3]" classname="io.hekate.lock.internal.DistributedLockTest" time="0.076"/>
  <testcase name="testLockAfterQueuedNodeTermination[4: transport=NIO, worker-threads=1, nio-threads=0, node-count=3]" classname="io.hekate.lock.internal.DistributedLockTest" time="0.643"/>
  <testcase name="testTryBusyLock[4: transport=NIO, worker-threads=1, nio-threads=0, node-count=3]" classname="io.hekate.lock.internal.DistributedLockTest" time="0.108"/>
  <testcase name="testConcurrentLockFromDifferentNodes[4: transport=NIO, worker-threads=1, nio-threads=0, node-count=3]" classname="io.hekate.lock.internal.DistributedLockTest" time="0.969"/>
  <testcase name="testTryFreeLockWithTimeout[4: transport=NIO, worker-threads=1, nio-threads=0, node-count=3]" classname="io.hekate.lock.internal.DistributedLockTest" time="0.062"/>
  <testcase name="testTryLockWithTerminatedService[4: transport=NIO, worker-threads=1, nio-threads=0, node-count=3]" classname="io.hekate.lock.internal.DistributedLockTest" time="0.032"/>
  <testcase name="testLockUnlockDifferentInstances[4: transport=NIO, worker-threads=1, nio-threads=0, node-count=3]" classname="io.hekate.lock.internal.DistributedLockTest" time="0.062"/>
  <testcase name="testLockLivenessIfAtLeastOneNodeExists[4: transport=NIO, worker-threads=1, nio-threads=0, node-count=3]" classname="io.hekate.lock.internal.DistributedLockTest" time="0.099"/>
  <testcase name="testTryBusyLockWithTimeout[4: transport=NIO, worker-threads=1, nio-threads=0, node-count=3]" classname="io.hekate.lock.internal.DistributedLockTest" time="0.074"/>
  <testcase name="testCluster[4: transport=NIO, worker-threads=1, nio-threads=0, node-count=3]" classname="io.hekate.lock.internal.DistributedLockTest" time="0.062"/>
  <testcase name="testLockAfterManagerLeave[4: transport=NIO, worker-threads=1, nio-threads=0, node-count=3]" classname="io.hekate.lock.internal.DistributedLockTest" time="0.091"/>
  <testcase name="testLockWithTimeoutAfterManagerLeave[4: transport=NIO, worker-threads=1, nio-threads=0, node-count=3]" classname="io.hekate.lock.internal.DistributedLockTest" time="0.065"/>
  <testcase name="testGetOwnerOfNonExistingLock[4: transport=NIO, worker-threads=1, nio-threads=0, node-count=3]" classname="io.hekate.lock.internal.DistributedLockTest" time="0.071"/>
  <testcase name="testLockUnlockSameInstance[4: transport=NIO, worker-threads=1, nio-threads=0, node-count=3]" classname="io.hekate.lock.internal.DistributedLockTest" time="0.072"/>
  <testcase name="testGetOwnerTerminatedService[4: transport=NIO, worker-threads=1, nio-threads=0, node-count=3]" classname="io.hekate.lock.internal.DistributedLockTest" time="0.046"/>
  <testcase name="testTryLockWithTimeoutInterruptibly[5: transport=NIO, worker-threads=2, nio-threads=2, node-count=3]" classname="io.hekate.lock.internal.DistributedLockTest" time="0.109"/>
  <testcase name="testGetOwner[5: transport=NIO, worker-threads=2, nio-threads=2, node-count=3]" classname="io.hekate.lock.internal.DistributedLockTest" time="0.079"/>
  <testcase name="testLockUnlockAsyncSameInstance[5: transport=NIO, worker-threads=2, nio-threads=2, node-count=3]" classname="io.hekate.lock.internal.DistributedLockTest" time="0.056"/>
  <testcase name="testQueuedLockAfterOtherLockTimeout[5: transport=NIO, worker-threads=2, nio-threads=2, node-count=3]" classname="io.hekate.lock.internal.DistributedLockTest" time="0.832"/>
  <testcase name="testUnlockAfterOwnerLeaves[5: transport=NIO, worker-threads=2, nio-threads=2, node-count=3]" classname="io.hekate.lock.internal.DistributedLockTest" time="0.053"/>
  <testcase name="testLockAfterManagerTermination[5: transport=NIO, worker-threads=2, nio-threads=2, node-count=3]" classname="io.hekate.lock.internal.DistributedLockTest" time="0.733"/>
  <testcase name="testConcurrentLockFromSameNode[5: transport=NIO, worker-threads=2, nio-threads=2, node-count=3]" classname="io.hekate.lock.internal.DistributedLockTest" time="0.458"/>
  <testcase name="testLockAfterReleaseByOtherNode[5: transport=NIO, worker-threads=2, nio-threads=2, node-count=3]" classname="io.hekate.lock.internal.DistributedLockTest" time="0.705"/>
  <testcase name="testTryFreeLock[5: transport=NIO, worker-threads=2, nio-threads=2, node-count=3]" classname="io.hekate.lock.internal.DistributedLockTest" time="0.065"/>
  <testcase name="testLockUnlockAsyncDifferentInstances[5: transport=NIO, worker-threads=2, nio-threads=2, node-count=3]" classname="io.hekate.lock.internal.DistributedLockTest" time="0.082"/>
  <testcase name="testLockWithTimeoutAfterManagerTermination[5: transport=NIO, worker-threads=2, nio-threads=2, node-count=3]" classname="io.hekate.lock.internal.DistributedLockTest" time="0.731"/>
  <testcase name="testLockAfterQueuedNodeLeave[5: transport=NIO, worker-threads=2, nio-threads=2, node-count=3]" classname="io.hekate.lock.internal.DistributedLockTest" time="0.069"/>
  <testcase name="testLockInterruptibly[5: transport=NIO, worker-threads=2, nio-threads=2, node-count=3]" classname="io.hekate.lock.internal.DistributedLockTest" time="0.079"/>
  <testcase name="testLockWithTimeoutAfterReleaseByOtherNode[5: transport=NIO, worker-threads=2, nio-threads=2, node-count=3]" classname="io.hekate.lock.internal.DistributedLockTest" time="0.823"/>
  <testcase name="testNonReentrantWithDifferentNodes[5: transport=NIO, worker-threads=2, nio-threads=2, node-count=3]" classname="io.hekate.lock.internal.DistributedLockTest" time="0.15"/>
  <testcase name="testLockAfterQueuedNodeTermination[5: transport=NIO, worker-threads=2, nio-threads=2, node-count=3]" classname="io.hekate.lock.internal.DistributedLockTest" time="0.744"/>
  <testcase name="testTryBusyLock[5: transport=NIO, worker-threads=2, nio-threads=2, node-count=3]" classname="io.hekate.lock.internal.DistributedLockTest" time="0.107"/>
  <testcase name="testConcurrentLockFromDifferentNodes[5: transport=NIO, worker-threads=2, nio-threads=2, node-count=3]" classname="io.hekate.lock.internal.DistributedLockTest" time="0.869"/>
  <testcase name="testTryFreeLockWithTimeout[5: transport=NIO, worker-threads=2, nio-threads=2, node-count=3]" classname="io.hekate.lock.internal.DistributedLockTest" time="0.06"/>
  <testcase name="testTryLockWithTerminatedService[5: transport=NIO, worker-threads=2, nio-threads=2, node-count=3]" classname="io.hekate.lock.internal.DistributedLockTest" time="0.032"/>
  <testcase name="testLockUnlockDifferentInstances[5: transport=NIO, worker-threads=2, nio-threads=2, node-count=3]" classname="io.hekate.lock.internal.DistributedLockTest" time="0.079"/>
  <testcase name="testLockLivenessIfAtLeastOneNodeExists[5: transport=NIO, worker-threads=2, nio-threads=2, node-count=3]" classname="io.hekate.lock.internal.DistributedLockTest" time="0.085"/>
  <testcase name="testTryBusyLockWithTimeout[5: transport=NIO, worker-threads=2, nio-threads=2, node-count=3]" classname="io.hekate.lock.internal.DistributedLockTest" time="0.098"/>
  <testcase name="testCluster[5: transport=NIO, worker-threads=2, nio-threads=2, node-count=3]" classname="io.hekate.lock.internal.DistributedLockTest" time="0.06"/>
  <testcase name="testLockAfterManagerLeave[5: transport=NIO, worker-threads=2, nio-threads=2, node-count=3]" classname="io.hekate.lock.internal.DistributedLockTest" time="0.09"/>
  <testcase name="testLockWithTimeoutAfterManagerLeave[5: transport=NIO, worker-threads=2, nio-threads=2, node-count=3]" classname="io.hekate.lock.internal.DistributedLockTest" time="0.102"/>
  <testcase name="testGetOwnerOfNonExistingLock[5: transport=NIO, worker-threads=2, nio-threads=2, node-count=3]" classname="io.hekate.lock.internal.DistributedLockTest" time="0.049"/>
  <testcase name="testLockUnlockSameInstance[5: transport=NIO, worker-threads=2, nio-threads=2, node-count=3]" classname="io.hekate.lock.internal.DistributedLockTest" time="0.056"/>
  <testcase name="testGetOwnerTerminatedService[5: transport=NIO, worker-threads=2, nio-threads=2, node-count=3]" classname="io.hekate.lock.internal.DistributedLockTest" time="0.041"/>
  <testcase name="testTryLockWithTimeoutInterruptibly[6: transport=NIO, worker-threads=1, nio-threads=0, node-count=4]" classname="io.hekate.lock.internal.DistributedLockTest" time="0.081"/>
  <testcase name="testGetOwner[6: transport=NIO, worker-threads=1, nio-threads=0, node-count=4]" classname="io.hekate.lock.internal.DistributedLockTest" time="0.082"/>
  <testcase name="testLockUnlockAsyncSameInstance[6: transport=NIO, worker-threads=1, nio-threads=0, node-count=4]" classname="io.hekate.lock.internal.DistributedLockTest" time="0.081"/>
  <testcase name="testQueuedLockAfterOtherLockTimeout[6: transport=NIO, worker-threads=1, nio-threads=0, node-count=4]" classname="io.hekate.lock.internal.DistributedLockTest" time="1.136"/>
  <testcase name="testUnlockAfterOwnerLeaves[6: transport=NIO, worker-threads=1, nio-threads=0, node-count=4]" classname="io.hekate.lock.internal.DistributedLockTest" time="0.155"/>
  <testcase name="testLockAfterManagerTermination[6: transport=NIO, worker-threads=1, nio-threads=0, node-count=4]" classname="io.hekate.lock.internal.DistributedLockTest" time="0.748"/>
  <testcase name="testConcurrentLockFromSameNode[6: transport=NIO, worker-threads=1, nio-threads=0, node-count=4]" classname="io.hekate.lock.internal.DistributedLockTest" time="0.458"/>
  <testcase name="testLockAfterReleaseByOtherNode[6: transport=NIO, worker-threads=1, nio-threads=0, node-count=4]" classname="io.hekate.lock.internal.DistributedLockTest" time="0.936"/>
  <testcase name="testTryFreeLock[6: transport=NIO, worker-threads=1, nio-threads=0, node-count=4]" classname="io.hekate.lock.internal.DistributedLockTest" time="0.138"/>
  <testcase name="testLockUnlockAsyncDifferentInstances[6: transport=NIO, worker-threads=1, nio-threads=0, node-count=4]" classname="io.hekate.lock.internal.DistributedLockTest" time="0.25"/>
  <testcase name="testLockWithTimeoutAfterManagerTermination[6: transport=NIO, worker-threads=1, nio-threads=0, node-count=4]" classname="io.hekate.lock.internal.DistributedLockTest" time="0.742"/>
  <testcase name="testLockAfterQueuedNodeLeave[6: transport=NIO, worker-threads=1, nio-threads=0, node-count=4]" classname="io.hekate.lock.internal.DistributedLockTest" time="0.127"/>
  <testcase name="testLockInterruptibly[6: transport=NIO, worker-threads=1, nio-threads=0, node-count=4]" classname="io.hekate.lock.internal.DistributedLockTest" time="0.126"/>
  <testcase name="testLockWithTimeoutAfterReleaseByOtherNode[6: transport=NIO, worker-threads=1, nio-threads=0, node-count=4]" classname="io.hekate.lock.internal.DistributedLockTest" time="1.008"/>
  <testcase name="testNonReentrantWithDifferentNodes[6: transport=NIO, worker-threads=1, nio-threads=0, node-count=4]" classname="io.hekate.lock.internal.DistributedLockTest" time="0.122"/>
  <testcase name="testLockAfterQueuedNodeTermination[6: transport=NIO, worker-threads=1, nio-threads=0, node-count=4]" classname="io.hekate.lock.internal.DistributedLockTest" time="0.849"/>
  <testcase name="testTryBusyLock[6: transport=NIO, worker-threads=1, nio-threads=0, node-count=4]" classname="io.hekate.lock.internal.DistributedLockTest" time="0.128"/>
  <testcase name="testConcurrentLockFromDifferentNodes[6: transport=NIO, worker-threads=1, nio-threads=0, node-count=4]" classname="io.hekate.lock.internal.DistributedLockTest" time="1.166"/>
  <testcase name="testTryFreeLockWithTimeout[6: transport=NIO, worker-threads=1, nio-threads=0, node-count=4]" classname="io.hekate.lock.internal.DistributedLockTest" time="0.105"/>
  <testcase name="testTryLockWithTerminatedService[6: transport=NIO, worker-threads=1, nio-threads=0, node-count=4]" classname="io.hekate.lock.internal.DistributedLockTest" time="0.045"/>
  <testcase name="testLockUnlockDifferentInstances[6: transport=NIO, worker-threads=1, nio-threads=0, node-count=4]" classname="io.hekate.lock.internal.DistributedLockTest" time="0.139"/>
  <testcase name="testLockLivenessIfAtLeastOneNodeExists[6: transport=NIO, worker-threads=1, nio-threads=0, node-count=4]" classname="io.hekate.lock.internal.DistributedLockTest" time="0.216"/>
  <testcase name="testTryBusyLockWithTimeout[6: transport=NIO, worker-threads=1, nio-threads=0, node-count=4]" classname="io.hekate.lock.internal.DistributedLockTest" time="0.12"/>
  <testcase name="testCluster[6: transport=NIO, worker-threads=1, nio-threads=0, node-count=4]" classname="io.hekate.lock.internal.DistributedLockTest" time="0.161"/>
  <testcase name="testLockAfterManagerLeave[6: transport=NIO, worker-threads=1, nio-threads=0, node-count=4]" classname="io.hekate.lock.internal.DistributedLockTest" time="0.12"/>
  <testcase name="testLockWithTimeoutAfterManagerLeave[6: transport=NIO, worker-threads=1, nio-threads=0, node-count=4]" classname="io.hekate.lock.internal.DistributedLockTest" time="0.172"/>
  <testcase name="testGetOwnerOfNonExistingLock[6: transport=NIO, worker-threads=1, nio-threads=0, node-count=4]" classname="io.hekate.lock.internal.DistributedLockTest" time="0.079"/>
  <testcase name="testLockUnlockSameInstance[6: transport=NIO, worker-threads=1, nio-threads=0, node-count=4]" classname="io.hekate.lock.internal.DistributedLockTest" time="0.069"/>
  <testcase name="testGetOwnerTerminatedService[6: transport=NIO, worker-threads=1, nio-threads=0, node-count=4]" classname="io.hekate.lock.internal.DistributedLockTest" time="0.065"/>
  <testcase name="testTryLockWithTimeoutInterruptibly[7: transport=NIO, worker-threads=2, nio-threads=2, node-count=4]" classname="io.hekate.lock.internal.DistributedLockTest" time="0.087"/>
  <testcase name="testGetOwner[7: transport=NIO, worker-threads=2, nio-threads=2, node-count=4]" classname="io.hekate.lock.internal.DistributedLockTest" time="0.16"/>
  <testcase name="testLockUnlockAsyncSameInstance[7: transport=NIO, worker-threads=2, nio-threads=2, node-count=4]" classname="io.hekate.lock.internal.DistributedLockTest" time="0.132"/>
  <testcase name="testQueuedLockAfterOtherLockTimeout[7: transport=NIO, worker-threads=2, nio-threads=2, node-count=4]" classname="io.hekate.lock.internal.DistributedLockTest" time="1.092"/>
  <testcase name="testUnlockAfterOwnerLeaves[7: transport=NIO, worker-threads=2, nio-threads=2, node-count=4]" classname="io.hekate.lock.internal.DistributedLockTest" time="0.065"/>
  <testcase name="testLockAfterManagerTermination[7: transport=NIO, worker-threads=2, nio-threads=2, node-count=4]" classname="io.hekate.lock.internal.DistributedLockTest" time="0.767"/>
  <testcase name="testConcurrentLockFromSameNode[7: transport=NIO, worker-threads=2, nio-threads=2, node-count=4]" classname="io.hekate.lock.internal.DistributedLockTest" time="0.637"/>
  <testcase name="testLockAfterReleaseByOtherNode[7: transport=NIO, worker-threads=2, nio-threads=2, node-count=4]" classname="io.hekate.lock.internal.DistributedLockTest" time="0.839"/>
  <testcase name="testTryFreeLock[7: transport=NIO, worker-threads=2, nio-threads=2, node-count=4]" classname="io.hekate.lock.internal.DistributedLockTest" time="0.088"/>
  <testcase name="testLockUnlockAsyncDifferentInstances[7: transport=NIO, worker-threads=2, nio-threads=2, node-count=4]" classname="io.hekate.lock.internal.DistributedLockTest" time="0.139"/>
  <testcase name="testLockWithTimeoutAfterManagerTermination[7: transport=NIO, worker-threads=2, nio-threads=2, node-count=4]" classname="io.hekate.lock.internal.DistributedLockTest" time="0.741"/>
  <testcase name="testLockAfterQueuedNodeLeave[7: transport=NIO, worker-threads=2, nio-threads=2, node-count=4]" classname="io.hekate.lock.internal.DistributedLockTest" time="0.126"/>
  <testcase name="testLockInterruptibly[7: transport=NIO, worker-threads=2, nio-threads=2, node-count=4]" classname="io.hekate.lock.internal.DistributedLockTest" time="0.129"/>
  <testcase name="testLockWithTimeoutAfterReleaseByOtherNode[7: transport=NIO, worker-threads=2, nio-threads=2, node-count=4]" classname="io.hekate.lock.internal.DistributedLockTest" time="1.138"/>
  <testcase name="testNonReentrantWithDifferentNodes[7: transport=NIO, worker-threads=2, nio-threads=2, node-count=4]" classname="io.hekate.lock.internal.DistributedLockTest" time="0.162"/>
  <testcase name="testLockAfterQueuedNodeTermination[7: transport=NIO, worker-threads=2, nio-threads=2, node-count=4]" classname="io.hekate.lock.internal.DistributedLockTest" time="0.752"/>
  <testcase name="testTryBusyLock[7: transport=NIO, worker-threads=2, nio-threads=2, node-count=4]" classname="io.hekate.lock.internal.DistributedLockTest" time="0.23"/>
  <testcase name="testConcurrentLockFromDifferentNodes[7: transport=NIO, worker-threads=2, nio-threads=2, node-count=4]" classname="io.hekate.lock.internal.DistributedLockTest" time="1.233"/>
  <testcase name="testTryFreeLockWithTimeout[7: transport=NIO, worker-threads=2, nio-threads=2, node-count=4]" classname="io.hekate.lock.internal.DistributedLockTest" time="0.087"/>
  <testcase name="testTryLockWithTerminatedService[7: transport=NIO, worker-threads=2, nio-threads=2, node-count=4]" classname="io.hekate.lock.internal.DistributedLockTest" time="0.046"/>
  <testcase name="testLockUnlockDifferentInstances[7: transport=NIO, worker-threads=2, nio-threads=2, node-count=4]" classname="io.hekate.lock.internal.DistributedLockTest" time="0.069"/>
  <testcase name="testLockLivenessIfAtLeastOneNodeExists[7: transport=NIO, worker-threads=2, nio-threads=2, node-count=4]" classname="io.hekate.lock.internal.DistributedLockTest" time="0.154"/>
  <testcase name="testTryBusyLockWithTimeout[7: transport=NIO, worker-threads=2, nio-threads=2, node-count=4]" classname="io.hekate.lock.internal.DistributedLockTest" time="0.125"/>
  <testcase name="testCluster[7: transport=NIO, worker-threads=2, nio-threads=2, node-count=4]" classname="io.hekate.lock.internal.DistributedLockTest" time="0.066"/>
  <testcase name="testLockAfterManagerLeave[7: transport=NIO, worker-threads=2, nio-threads=2, node-count=4]" classname="io.hekate.lock.internal.DistributedLockTest" time="0.089"/>
  <testcase name="testLockWithTimeoutAfterManagerLeave[7: transport=NIO, worker-threads=2, nio-threads=2, node-count=4]" classname="io.hekate.lock.internal.DistributedLockTest" time="0.149"/>
  <testcase name="testGetOwnerOfNonExistingLock[7: transport=NIO, worker-threads=2, nio-threads=2, node-count=4]" classname="io.hekate.lock.internal.DistributedLockTest" time="0.121"/>
  <testcase name="testLockUnlockSameInstance[7: transport=NIO, worker-threads=2, nio-threads=2, node-count=4]" classname="io.hekate.lock.internal.DistributedLockTest" time="0.134"/>
  <testcase name="testGetOwnerTerminatedService[7: transport=NIO, worker-threads=2, nio-threads=2, node-count=4]" classname="io.hekate.lock.internal.DistributedLockTest" time="0.13"/>
  <testcase name="testTryLockWithTimeoutInterruptibly[8: transport=NIO, ssl=JDK, worker-threads=1, nio-threads=0, node-count=1]" classname="io.hekate.lock.internal.DistributedLockTest" time="0.025"/>
  <testcase name="testGetOwner[8: transport=NIO, ssl=JDK, worker-threads=1, nio-threads=0, node-count=1]" classname="io.hekate.lock.internal.DistributedLockTest" time="0.012"/>
  <testcase name="testLockUnlockAsyncSameInstance[8: transport=NIO, ssl=JDK, worker-threads=1, nio-threads=0, node-count=1]" classname="io.hekate.lock.internal.DistributedLockTest" time="0.011"/>
  <testcase name="testQueuedLockAfterOtherLockTimeout[8: transport=NIO, ssl=JDK, worker-threads=1, nio-threads=0, node-count=1]" classname="io.hekate.lock.internal.DistributedLockTest" time="0.262"/>
  <testcase name="testUnlockAfterOwnerLeaves[8: transport=NIO, ssl=JDK, worker-threads=1, nio-threads=0, node-count=1]" classname="io.hekate.lock.internal.DistributedLockTest" time="0.035"/>
  <testcase name="testLockAfterManagerTermination[8: transport=NIO, ssl=JDK, worker-threads=1, nio-threads=0, node-count=1]" classname="io.hekate.lock.internal.DistributedLockTest" time="0.012"/>
  <testcase name="testConcurrentLockFromSameNode[8: transport=NIO, ssl=JDK, worker-threads=1, nio-threads=0, node-count=1]" classname="io.hekate.lock.internal.DistributedLockTest" time="0.312"/>
  <testcase name="testLockAfterReleaseByOtherNode[8: transport=NIO, ssl=JDK, worker-threads=1, nio-threads=0, node-count=1]" classname="io.hekate.lock.internal.DistributedLockTest" time="0.171"/>
  <testcase name="testTryFreeLock[8: transport=NIO, ssl=JDK, worker-threads=1, nio-threads=0, node-count=1]" classname="io.hekate.lock.internal.DistributedLockTest" time="0.015"/>
  <testcase name="testLockUnlockAsyncDifferentInstances[8: transport=NIO, ssl=JDK, worker-threads=1, nio-threads=0, node-count=1]" classname="io.hekate.lock.internal.DistributedLockTest" time="0.013"/>
  <testcase name="testLockWithTimeoutAfterManagerTermination[8: transport=NIO, ssl=JDK, worker-threads=1, nio-threads=0, node-count=1]" classname="io.hekate.lock.internal.DistributedLockTest" time="0.01"/>
  <testcase name="testLockAfterQueuedNodeLeave[8: transport=NIO, ssl=JDK, worker-threads=1, nio-threads=0, node-count=1]" classname="io.hekate.lock.internal.DistributedLockTest" time="0.009"/>
  <testcase name="testLockInterruptibly[8: transport=NIO, ssl=JDK, worker-threads=1, nio-threads=0, node-count=1]" classname="io.hekate.lock.internal.DistributedLockTest" time="0.027"/>
  <testcase name="testLockWithTimeoutAfterReleaseByOtherNode[8: transport=NIO, ssl=JDK, worker-threads=1, nio-threads=0, node-count=1]" classname="io.hekate.lock.internal.DistributedLockTest" time="0.092"/>
  <testcase name="testNonReentrantWithDifferentNodes[8: transport=NIO, ssl=JDK, worker-threads=1, nio-threads=0, node-count=1]" classname="io.hekate.lock.internal.DistributedLockTest" time="0.032"/>
  <testcase name="testLockAfterQueuedNodeTermination[8: transport=NIO, ssl=JDK, worker-threads=1, nio-threads=0, node-count=1]" classname="io.hekate.lock.internal.DistributedLockTest" time="0.01"/>
  <testcase name="testTryBusyLock[8: transport=NIO, ssl=JDK, worker-threads=1, nio-threads=0, node-count=1]" classname="io.hekate.lock.internal.DistributedLockTest" time="0.014"/>
  <testcase name="testConcurrentLockFromDifferentNodes[8: transport=NIO, ssl=JDK, worker-threads=1, nio-threads=0, node-count=1]" classname="io.hekate.lock.internal.DistributedLockTest" time="0.008"/>
  <testcase name="testTryFreeLockWithTimeout[8: transport=NIO, ssl=JDK, worker-threads=1, nio-threads=0, node-count=1]" classname="io.hekate.lock.internal.DistributedLockTest" time="0.012"/>
  <testcase name="testTryLockWithTerminatedService[8: transport=NIO, ssl=JDK, worker-threads=1, nio-threads=0, node-count=1]" classname="io.hekate.lock.internal.DistributedLockTest" time="0.008"/>
  <testcase name="testLockUnlockDifferentInstances[8: transport=NIO, ssl=JDK, worker-threads=1, nio-threads=0, node-count=1]" classname="io.hekate.lock.internal.DistributedLockTest" time="0.01"/>
  <testcase name="testLockLivenessIfAtLeastOneNodeExists[8: transport=NIO, ssl=JDK, worker-threads=1, nio-threads=0, node-count=1]" classname="io.hekate.lock.internal.DistributedLockTest" time="0.008"/>
  <testcase name="testTryBusyLockWithTimeout[8: transport=NIO, ssl=JDK, worker-threads=1, nio-threads=0, node-count=1]" classname="io.hekate.lock.internal.DistributedLockTest" time="0.012"/>
  <testcase name="testCluster[8: transport=NIO, ssl=JDK, worker-threads=1, nio-threads=0, node-count=1]" classname="io.hekate.lock.internal.DistributedLockTest" time="0.065"/>
  <testcase name="testLockAfterManagerLeave[8: transport=NIO, ssl=JDK, worker-threads=1, nio-threads=0, node-count=1]" classname="io.hekate.lock.internal.DistributedLockTest" time="0.008"/>
  <testcase name="testLockWithTimeoutAfterManagerLeave[8: transport=NIO, ssl=JDK, worker-threads=1, nio-threads=0, node-count=1]" classname="io.hekate.lock.internal.DistributedLockTest" time="0.007"/>
  <testcase name="testGetOwnerOfNonExistingLock[8: transport=NIO, ssl=JDK, worker-threads=1, nio-threads=0, node-count=1]" classname="io.hekate.lock.internal.DistributedLockTest" time="0.007"/>
  <testcase name="testLockUnlockSameInstance[8: transport=NIO, ssl=JDK, worker-threads=1, nio-threads=0, node-count=1]" classname="io.hekate.lock.internal.DistributedLockTest" time="0.012"/>
  <testcase name="testGetOwnerTerminatedService[8: transport=NIO, ssl=JDK, worker-threads=1, nio-threads=0, node-count=1]" classname="io.hekate.lock.internal.DistributedLockTest" time="0.007"/>
  <testcase name="testTryLockWithTimeoutInterruptibly[9: transport=NIO, ssl=JDK, worker-threads=2, nio-threads=2, node-count=1]" classname="io.hekate.lock.internal.DistributedLockTest" time="0.018"/>
  <testcase name="testGetOwner[9: transport=NIO, ssl=JDK, worker-threads=2, nio-threads=2, node-count=1]" classname="io.hekate.lock.internal.DistributedLockTest" time="0.008"/>
  <testcase name="testLockUnlockAsyncSameInstance[9: transport=NIO, ssl=JDK, worker-threads=2, nio-threads=2, node-count=1]" classname="io.hekate.lock.internal.DistributedLockTest" time="0.009"/>
  <testcase name="testQueuedLockAfterOtherLockTimeout[9: transport=NIO, ssl=JDK, worker-threads=2, nio-threads=2, node-count=1]" classname="io.hekate.lock.internal.DistributedLockTest" time="0.262"/>
  <testcase name="testUnlockAfterOwnerLeaves[9: transport=NIO, ssl=JDK, worker-threads=2, nio-threads=2, node-count=1]" classname="io.hekate.lock.internal.DistributedLockTest" time="0.012"/>
  <testcase name="testLockAfterManagerTermination[9: transport=NIO, ssl=JDK, worker-threads=2, nio-threads=2, node-count=1]" classname="io.hekate.lock.internal.DistributedLockTest" time="0.029"/>
  <testcase name="testConcurrentLockFromSameNode[9: transport=NIO, ssl=JDK, worker-threads=2, nio-threads=2, node-count=1]" classname="io.hekate.lock.internal.DistributedLockTest" time="0.323"/>
  <testcase name="testLockAfterReleaseByOtherNode[9: transport=NIO, ssl=JDK, worker-threads=2, nio-threads=2, node-count=1]" classname="io.hekate.lock.internal.DistributedLockTest" time="0.22"/>
  <testcase name="testTryFreeLock[9: transport=NIO, ssl=JDK, worker-threads=2, nio-threads=2, node-count=1]" classname="io.hekate.lock.internal.DistributedLockTest" time="0.015"/>
  <testcase name="testLockUnlockAsyncDifferentInstances[9: transport=NIO, ssl=JDK, worker-threads=2, nio-threads=2, node-count=1]" classname="io.hekate.lock.internal.DistributedLockTest" time="0.013"/>
  <testcase name="testLockWithTimeoutAfterManagerTermination[9: transport=NIO, ssl=JDK, worker-threads=2, nio-threads=2, node-count=1]" classname="io.hekate.lock.internal.DistributedLockTest" time="0.01"/>
  <testcase name="testLockAfterQueuedNodeLeave[9: transport=NIO, ssl=JDK, worker-threads=2, nio-threads=2, node-count=1]" classname="io.hekate.lock.internal.DistributedLockTest" time="0.009"/>
  <testcase name="testLockInterruptibly[9: transport=NIO, ssl=JDK, worker-threads=2, nio-threads=2, node-count=1]" classname="io.hekate.lock.internal.DistributedLockTest" time="0.022"/>
  <testcase name="testLockWithTimeoutAfterReleaseByOtherNode[9: transport=NIO, ssl=JDK, worker-threads=2, nio-threads=2, node-count=1]" classname="io.hekate.lock.internal.DistributedLockTest" time="0.218"/>
  <testcase name="testNonReentrantWithDifferentNodes[9: transport=NIO, ssl=JDK, worker-threads=2, nio-threads=2, node-count=1]" classname="io.hekate.lock.internal.DistributedLockTest" time="0.011"/>
  <testcase name="testLockAfterQueuedNodeTermination[9: transport=NIO, ssl=JDK, worker-threads=2, nio-threads=2, node-count=1]" classname="io.hekate.lock.internal.DistributedLockTest" time="0.034"/>
  <testcase name="testTryBusyLock[9: transport=NIO, ssl=JDK, worker-threads=2, nio-threads=2, node-count=1]" classname="io.hekate.lock.internal.DistributedLockTest" time="0.015"/>
  <testcase name="testConcurrentLockFromDifferentNodes[9: transport=NIO, ssl=JDK, worker-threads=2, nio-threads=2, node-count=1]" classname="io.hekate.lock.internal.DistributedLockTest" time="0.009"/>
  <testcase name="testTryFreeLockWithTimeout[9: transport=NIO, ssl=JDK, worker-threads=2, nio-threads=2, node-count=1]" classname="io.hekate.lock.internal.DistributedLockTest" time="0.01"/>
  <testcase name="testTryLockWithTerminatedService[9: transport=NIO, ssl=JDK, worker-threads=2, nio-threads=2, node-count=1]" classname="io.hekate.lock.internal.DistributedLockTest" time="0.008"/>
  <testcase name="testLockUnlockDifferentInstances[9: transport=NIO, ssl=JDK, worker-threads=2, nio-threads=2, node-count=1]" classname="io.hekate.lock.internal.DistributedLockTest" time="0.011"/>
  <testcase name="testLockLivenessIfAtLeastOneNodeExists[9: transport=NIO, ssl=JDK, worker-threads=2, nio-threads=2, node-count=1]" classname="io.hekate.lock.internal.DistributedLockTest" time="0.007"/>
  <testcase name="testTryBusyLockWithTimeout[9: transport=NIO, ssl=JDK, worker-threads=2, nio-threads=2, node-count=1]" classname="io.hekate.lock.internal.DistributedLockTest" time="0.013"/>
  <testcase name="testCluster[9: transport=NIO, ssl=JDK, worker-threads=2, nio-threads=2, node-count=1]" classname="io.hekate.lock.internal.DistributedLockTest" time="0.065"/>
  <testcase name="testLockAfterManagerLeave[9: transport=NIO, ssl=JDK, worker-threads=2, nio-threads=2, node-count=1]" classname="io.hekate.lock.internal.DistributedLockTest" time="0.008"/>
  <testcase name="testLockWithTimeoutAfterManagerLeave[9: transport=NIO, ssl=JDK, worker-threads=2, nio-threads=2, node-count=1]" classname="io.hekate.lock.internal.DistributedLockTest" time="0.007"/>
  <testcase name="testGetOwnerOfNonExistingLock[9: transport=NIO, ssl=JDK, worker-threads=2, nio-threads=2, node-count=1]" classname="io.hekate.lock.internal.DistributedLockTest" time="0.007"/>
  <testcase name="testLockUnlockSameInstance[9: transport=NIO, ssl=JDK, worker-threads=2, nio-threads=2, node-count=1]" classname="io.hekate.lock.internal.DistributedLockTest" time="0.009"/>
  <testcase name="testGetOwnerTerminatedService[9: transport=NIO, ssl=JDK, worker-threads=2, nio-threads=2, node-count=1]" classname="io.hekate.lock.internal.DistributedLockTest" time="0.007"/>
  <testcase name="testTryLockWithTimeoutInterruptibly[10: transport=NIO, ssl=JDK, worker-threads=1, nio-threads=0, node-count=2]" classname="io.hekate.lock.internal.DistributedLockTest" time="0.085"/>
  <testcase name="testGetOwner[10: transport=NIO, ssl=JDK, worker-threads=1, nio-threads=0, node-count=2]" classname="io.hekate.lock.internal.DistributedLockTest" time="0.052"/>
  <testcase name="testLockUnlockAsyncSameInstance[10: transport=NIO, ssl=JDK, worker-threads=1, nio-threads=0, node-count=2]" classname="io.hekate.lock.internal.DistributedLockTest" time="0.06"/>
  <testcase name="testQueuedLockAfterOtherLockTimeout[10: transport=NIO, ssl=JDK, worker-threads=1, nio-threads=0, node-count=2]" classname="io.hekate.lock.internal.DistributedLockTest" time="0.565"/>
  <testcase name="testUnlockAfterOwnerLeaves[10: transport=NIO, ssl=JDK, worker-threads=1, nio-threads=0, node-count=2]" classname="io.hekate.lock.internal.DistributedLockTest" time="0.073"/>
  <testcase name="testLockAfterManagerTermination[10: transport=NIO, ssl=JDK, worker-threads=1, nio-threads=0, node-count=2]" classname="io.hekate.lock.internal.DistributedLockTest" time="1.218"/>
  <testcase name="testConcurrentLockFromSameNode[10: transport=NIO, ssl=JDK, worker-threads=1, nio-threads=0, node-count=2]" classname="io.hekate.lock.internal.DistributedLockTest" time="0.381"/>
  <testcase name="testLockAfterReleaseByOtherNode[10: transport=NIO, ssl=JDK, worker-threads=1, nio-threads=0, node-count=2]" classname="io.hekate.lock.internal.DistributedLockTest" time="0.386"/>
  <testcase name="testTryFreeLock[10: transport=NIO, ssl=JDK, worker-threads=1, nio-threads=0, node-count=2]" classname="io.hekate.lock.internal.DistributedLockTest" time="0.079"/>
  <testcase name="testLockUnlockAsyncDifferentInstances[10: transport=NIO, ssl=JDK, worker-threads=1, nio-threads=0, node-count=2]" classname="io.hekate.lock.internal.DistributedLockTest" time="0.064"/>
  <testcase name="testLockWithTimeoutAfterManagerTermination[10: transport=NIO, ssl=JDK, worker-threads=1, nio-threads=0, node-count=2]" classname="io.hekate.lock.internal.DistributedLockTest" time="1.221"/>
  <testcase name="testLockAfterQueuedNodeLeave[10: transport=NIO, ssl=JDK, worker-threads=1, nio-threads=0, node-count=2]" classname="io.hekate.lock.internal.DistributedLockTest" time="0.095"/>
  <testcase name="testLockInterruptibly[10: transport=NIO, ssl=JDK, worker-threads=1, nio-threads=0, node-count=2]" classname="io.hekate.lock.internal.DistributedLockTest" time="0.121"/>
  <testcase name="testLockWithTimeoutAfterReleaseByOtherNode[10: transport=NIO, ssl=JDK, worker-threads=1, nio-threads=0, node-count=2]" classname="io.hekate.lock.internal.DistributedLockTest" time="0.509"/>
  <testcase name="testNonReentrantWithDifferentNodes[10: transport=NIO, ssl=JDK, worker-threads=1, nio-threads=0, node-count=2]" classname="io.hekate.lock.internal.DistributedLockTest" time="0.085"/>
  <testcase name="testLockAfterQueuedNodeTermination[10: transport=NIO, ssl=JDK, worker-threads=1, nio-threads=0, node-count=2]" classname="io.hekate.lock.internal.DistributedLockTest" time="1.227"/>
  <testcase name="testTryBusyLock[10: transport=NIO, ssl=JDK, worker-threads=1, nio-threads=0, node-count=2]" classname="io.hekate.lock.internal.DistributedLockTest" time="0.111"/>
  <testcase name="testConcurrentLockFromDifferentNodes[10: transport=NIO, ssl=JDK, worker-threads=1, nio-threads=0, node-count=2]" classname="io.hekate.lock.internal.DistributedLockTest" time="0.619"/>
  <testcase name="testTryFreeLockWithTimeout[10: transport=NIO, ssl=JDK, worker-threads=1, nio-threads=0, node-count=2]" classname="io.hekate.lock.internal.DistributedLockTest" time="0.089"/>
  <testcase name="testTryLockWithTerminatedService[10: transport=NIO, ssl=JDK, worker-threads=1, nio-threads=0, node-count=2]" classname="io.hekate.lock.internal.DistributedLockTest" time="0.054"/>
  <testcase name="testLockUnlockDifferentInstances[10: transport=NIO, ssl=JDK, worker-threads=1, nio-threads=0, node-count=2]" classname="io.hekate.lock.internal.DistributedLockTest" time="0.072"/>
  <testcase name="testLockLivenessIfAtLeastOneNodeExists[10: transport=NIO, ssl=JDK, worker-threads=1, nio-threads=0, node-count=2]" classname="io.hekate.lock.internal.DistributedLockTest" time="0.095"/>
  <testcase name="testTryBusyLockWithTimeout[10: transport=NIO, ssl=JDK, worker-threads=1, nio-threads=0, node-count=2]" classname="io.hekate.lock.internal.DistributedLockTest" time="0.167"/>
  <testcase name="testCluster[10: transport=NIO, ssl=JDK, worker-threads=1, nio-threads=0, node-count=2]" classname="io.hekate.lock.internal.DistributedLockTest" time="0.087"/>
  <testcase name="testLockAfterManagerLeave[10: transport=NIO, ssl=JDK, worker-threads=1, nio-threads=0, node-count=2]" classname="io.hekate.lock.internal.DistributedLockTest" time="0.075"/>
  <testcase name="testLockWithTimeoutAfterManagerLeave[10: transport=NIO, ssl=JDK, worker-threads=1, nio-threads=0, node-count=2]" classname="io.hekate.lock.internal.DistributedLockTest" time="0.114"/>
  <testcase name="testGetOwnerOfNonExistingLock[10: transport=NIO, ssl=JDK, worker-threads=1, nio-threads=0, node-count=2]" classname="io.hekate.lock.internal.DistributedLockTest" time="0.073"/>
  <testcase name="testLockUnlockSameInstance[10: transport=NIO, ssl=JDK, worker-threads=1, nio-threads=0, node-count=2]" classname="io.hekate.lock.internal.DistributedLockTest" time="0.079"/>
  <testcase name="testGetOwnerTerminatedService[10: transport=NIO, ssl=JDK, worker-threads=1, nio-threads=0, node-count=2]" classname="io.hekate.lock.internal.DistributedLockTest" time="0.065"/>
  <testcase name="testTryLockWithTimeoutInterruptibly[11: transport=NIO, ssl=JDK, worker-threads=2, nio-threads=2, node-count=2]" classname="io.hekate.lock.internal.DistributedLockTest" time="0.131"/>
  <testcase name="testGetOwner[11: transport=NIO, ssl=JDK, worker-threads=2, nio-threads=2, node-count=2]" classname="io.hekate.lock.internal.DistributedLockTest" time="0.071"/>
  <testcase name="testLockUnlockAsyncSameInstance[11: transport=NIO, ssl=JDK, worker-threads=2, nio-threads=2, node-count=2]" classname="io.hekate.lock.internal.DistributedLockTest" time="0.058"/>
  <testcase name="testQueuedLockAfterOtherLockTimeout[11: transport=NIO, ssl=JDK, worker-threads=2, nio-threads=2, node-count=2]" classname="io.hekate.lock.internal.DistributedLockTest" time="0.584"/>
  <testcase name="testUnlockAfterOwnerLeaves[11: transport=NIO, ssl=JDK, worker-threads=2, nio-threads=2, node-count=2]" classname="io.hekate.lock.internal.DistributedLockTest" time="0.069"/>
  <testcase name="testLockAfterManagerTermination[11: transport=NIO, ssl=JDK, worker-threads=2, nio-threads=2, node-count=2]" classname="io.hekate.lock.internal.DistributedLockTest" time="1.218"/>
  <testcase name="testConcurrentLockFromSameNode[11: transport=NIO, ssl=JDK, worker-threads=2, nio-threads=2, node-count=2]" classname="io.hekate.lock.internal.DistributedLockTest" time="0.378"/>
  <testcase name="testLockAfterReleaseByOtherNode[11: transport=NIO, ssl=JDK, worker-threads=2, nio-threads=2, node-count=2]" classname="io.hekate.lock.internal.DistributedLockTest" time="0.507"/>
  <testcase name="testTryFreeLock[11: transport=NIO, ssl=JDK, worker-threads=2, nio-threads=2, node-count=2]" classname="io.hekate.lock.internal.DistributedLockTest" time="0.079"/>
  <testcase name="testLockUnlockAsyncDifferentInstances[11: transport=NIO, ssl=JDK, worker-threads=2, nio-threads=2, node-count=2]" classname="io.hekate.lock.internal.DistributedLockTest" time="0.074"/>
  <testcase name="testLockWithTimeoutAfterManagerTermination[11: transport=NIO, ssl=JDK, worker-threads=2, nio-threads=2, node-count=2]" classname="io.hekate.lock.internal.DistributedLockTest" time="1.217"/>
  <testcase name="testLockAfterQueuedNodeLeave[11: transport=NIO, ssl=JDK, worker-threads=2, nio-threads=2, node-count=2]" classname="io.hekate.lock.internal.DistributedLockTest" time="0.114"/>
  <testcase name="testLockInterruptibly[11: transport=NIO, ssl=JDK, worker-threads=2, nio-threads=2, node-count=2]" classname="io.hekate.lock.internal.DistributedLockTest" time="0.097"/>
  <testcase name="testLockWithTimeoutAfterReleaseByOtherNode[11: transport=NIO, ssl=JDK, worker-threads=2, nio-threads=2, node-count=2]" classname="io.hekate.lock.internal.DistributedLockTest" time="0.509"/>
  <testcase name="testNonReentrantWithDifferentNodes[11: transport=NIO, ssl=JDK, worker-threads=2, nio-threads=2, node-count=2]" classname="io.hekate.lock.internal.DistributedLockTest" time="0.092"/>
  <testcase name="testLockAfterQueuedNodeTermination[11: transport=NIO, ssl=JDK, worker-threads=2, nio-threads=2, node-count=2]" classname="io.hekate.lock.internal.DistributedLockTest" time="1.252"/>
  <testcase name="testTryBusyLock[11: transport=NIO, ssl=JDK, worker-threads=2, nio-threads=2, node-count=2]" classname="io.hekate.lock.internal.DistributedLockTest" time="0.111"/>
  <testcase name="testConcurrentLockFromDifferentNodes[11: transport=NIO, ssl=JDK, worker-threads=2, nio-threads=2, node-count=2]" classname="io.hekate.lock.internal.DistributedLockTest" time="0.641"/>
  <testcase name="testTryFreeLockWithTimeout[11: transport=NIO, ssl=JDK, worker-threads=2, nio-threads=2, node-count=2]" classname="io.hekate.lock.internal.DistributedLockTest" time="0.075"/>
  <testcase name="testTryLockWithTerminatedService[11: transport=NIO, ssl=JDK, worker-threads=2, nio-threads=2, node-count=2]" classname="io.hekate.lock.internal.DistributedLockTest" time="0.046"/>
  <testcase name="testLockUnlockDifferentInstances[11: transport=NIO, ssl=JDK, worker-threads=2, nio-threads=2, node-count=2]" classname="io.hekate.lock.internal.DistributedLockTest" time="0.069"/>
  <testcase name="testLockLivenessIfAtLeastOneNodeExists[11: transport=NIO, ssl=JDK, worker-threads=2, nio-threads=2, node-count=2]" classname="io.hekate.lock.internal.DistributedLockTest" time="0.099"/>
  <testcase name="testTryBusyLockWithTimeout[11: transport=NIO, ssl=JDK, worker-threads=2, nio-threads=2, node-count=2]" classname="io.hekate.lock.internal.DistributedLockTest" time="0.091"/>
  <testcase name="testCluster[11: transport=NIO, ssl=JDK, worker-threads=2, nio-threads=2, node-count=2]" classname="io.hekate.lock.internal.DistributedLockTest" time="0.095"/>
  <testcase name="testLockAfterManagerLeave[11: transport=NIO, ssl=JDK, worker-threads=2, nio-threads=2, node-count=2]" classname="io.hekate.lock.internal.DistributedLockTest" time="0.079"/>
  <testcase name="testLockWithTimeoutAfterManagerLeave[11: transport=NIO, ssl=JDK, worker-threads=2, nio-threads=2, node-count=2]" classname="io.hekate.lock.internal.DistributedLockTest" time="0.093"/>
  <testcase name="testGetOwnerOfNonExistingLock[11: transport=NIO, ssl=JDK, worker-threads=2, nio-threads=2, node-count=2]" classname="io.hekate.lock.internal.DistributedLockTest" time="0.068"/>
  <testcase name="testLockUnlockSameInstance[11: transport=NIO, ssl=JDK, worker-threads=2, nio-threads=2, node-count=2]" classname="io.hekate.lock.internal.DistributedLockTest" time="0.089"/>
  <testcase name="testGetOwnerTerminatedService[11: transport=NIO, ssl=JDK, worker-threads=2, nio-threads=2, node-count=2]" classname="io.hekate.lock.internal.DistributedLockTest" time="0.053"/>
  <testcase name="testTryLockWithTimeoutInterruptibly[12: transport=NIO, ssl=JDK, worker-threads=1, nio-threads=0, node-count=3]" classname="io.hekate.lock.internal.DistributedLockTest" time="0.168"/>
  <testcase name="testGetOwner[12: transport=NIO, ssl=JDK, worker-threads=1, nio-threads=0, node-count=3]" classname="io.hekate.lock.internal.DistributedLockTest" time="0.109"/>
  <testcase name="testLockUnlockAsyncSameInstance[12: transport=NIO, ssl=JDK, worker-threads=1, nio-threads=0, node-count=3]" classname="io.hekate.lock.internal.DistributedLockTest" time="0.123"/>
  <testcase name="testQueuedLockAfterOtherLockTimeout[12: transport=NIO, ssl=JDK, worker-threads=1, nio-threads=0, node-count=3]" classname="io.hekate.lock.internal.DistributedLockTest" time="0.873"/>
  <testcase name="testUnlockAfterOwnerLeaves[12: transport=NIO, ssl=JDK, worker-threads=1, nio-threads=0, node-count=3]" classname="io.hekate.lock.internal.DistributedLockTest" time="0.148"/>
  <testcase name="testLockAfterManagerTermination[12: transport=NIO, ssl=JDK, worker-threads=1, nio-threads=0, node-count=3]" classname="io.hekate.lock.internal.DistributedLockTest" time="1.462"/>
  <testcase name="testConcurrentLockFromSameNode[12: transport=NIO, ssl=JDK, worker-threads=1, nio-threads=0, node-count=3]" classname="io.hekate.lock.internal.DistributedLockTest" time="0.442"/>
  <testcase name="testLockAfterReleaseByOtherNode[12: transport=NIO, ssl=JDK, worker-threads=1, nio-threads=0, node-count=3]" classname="io.hekate.lock.internal.DistributedLockTest" time="0.812"/>
  <testcase name="testTryFreeLock[12: transport=NIO, ssl=JDK, worker-threads=1, nio-threads=0, node-count=3]" classname="io.hekate.lock.internal.DistributedLockTest" time="0.15"/>
  <testcase name="testLockUnlockAsyncDifferentInstances[12: transport=NIO, ssl=JDK, worker-threads=1, nio-threads=0, node-count=3]" classname="io.hekate.lock.internal.DistributedLockTest" time="0.145"/>
  <testcase name="testLockWithTimeoutAfterManagerTermination[12: transport=NIO, ssl=JDK, worker-threads=1, nio-threads=0, node-count=3]" classname="io.hekate.lock.internal.DistributedLockTest" time="1.499"/>
  <testcase name="testLockAfterQueuedNodeLeave[12: transport=NIO, ssl=JDK, worker-threads=1, nio-threads=0, node-count=3]" classname="io.hekate.lock.internal.DistributedLockTest" time="0.173"/>
  <testcase name="testLockInterruptibly[12: transport=NIO, ssl=JDK, worker-threads=1, nio-threads=0, node-count=3]" classname="io.hekate.lock.internal.DistributedLockTest" time="0.155"/>
  <testcase name="testLockWithTimeoutAfterReleaseByOtherNode[12: transport=NIO, ssl=JDK, worker-threads=1, nio-threads=0, node-count=3]" classname="io.hekate.lock.internal.DistributedLockTest" time="0.871"/>
  <testcase name="testNonReentrantWithDifferentNodes[12: transport=NIO, ssl=JDK, worker-threads=1, nio-threads=0, node-count=3]" classname="io.hekate.lock.internal.DistributedLockTest" time="0.162"/>
  <testcase name="testLockAfterQueuedNodeTermination[12: transport=NIO, ssl=JDK, worker-threads=1, nio-threads=0, node-count=3]" classname="io.hekate.lock.internal.DistributedLockTest" time="1.526"/>
  <testcase name="testTryBusyLock[12: transport=NIO, ssl=JDK, worker-threads=1, nio-threads=0, node-count=3]" classname="io.hekate.lock.internal.DistributedLockTest" time="0.232"/>
  <testcase name="testConcurrentLockFromDifferentNodes[12: transport=NIO, ssl=JDK, worker-threads=1, nio-threads=0, node-count=3]" classname="io.hekate.lock.internal.DistributedLockTest" time="0.954"/>
  <testcase name="testTryFreeLockWithTimeout[12: transport=NIO, ssl=JDK, worker-threads=1, nio-threads=0, node-count=3]" classname="io.hekate.lock.internal.DistributedLockTest" time="0.151"/>
  <testcase name="testTryLockWithTerminatedService[12: transport=NIO, ssl=JDK, worker-threads=1, nio-threads=0, node-count=3]" classname="io.hekate.lock.internal.DistributedLockTest" time="0.087"/>
  <testcase name="testLockUnlockDifferentInstances[12: transport=NIO, ssl=JDK, worker-threads=1, nio-threads=0, node-count=3]" classname="io.hekate.lock.internal.DistributedLockTest" time="0.115"/>
  <testcase name="testLockLivenessIfAtLeastOneNodeExists[12: transport=NIO, ssl=JDK, worker-threads=1, nio-threads=0, node-count=3]" classname="io.hekate.lock.internal.DistributedLockTest" time="0.286"/>
  <testcase name="testTryBusyLockWithTimeout[12: transport=NIO, ssl=JDK, worker-threads=1, nio-threads=0, node-count=3]" classname="io.hekate.lock.internal.DistributedLockTest" time="0.224"/>
  <testcase name="testCluster[12: transport=NIO, ssl=JDK, worker-threads=1, nio-threads=0, node-count=3]" classname="io.hekate.lock.internal.DistributedLockTest" time="0.23"/>
  <testcase name="testLockAfterManagerLeave[12: transport=NIO, ssl=JDK, worker-threads=1, nio-threads=0, node-count=3]" classname="io.hekate.lock.internal.DistributedLockTest" time="0.158"/>
  <testcase name="testLockWithTimeoutAfterManagerLeave[12: transport=NIO, ssl=JDK, worker-threads=1, nio-threads=0, node-count=3]" classname="io.hekate.lock.internal.DistributedLockTest" time="0.223"/>
  <testcase name="testGetOwnerOfNonExistingLock[12: transport=NIO, ssl=JDK, worker-threads=1, nio-threads=0, node-count=3]" classname="io.hekate.lock.internal.DistributedLockTest" time="0.161"/>
  <testcase name="testLockUnlockSameInstance[12: transport=NIO, ssl=JDK, worker-threads=1, nio-threads=0, node-count=3]" classname="io.hekate.lock.internal.DistributedLockTest" time="0.129"/>
  <testcase name="testGetOwnerTerminatedService[12: transport=NIO, ssl=JDK, worker-threads=1, nio-threads=0, node-count=3]" classname="io.hekate.lock.internal.DistributedLockTest" time="0.105"/>
  <testcase name="testTryLockWithTimeoutInterruptibly[13: transport=NIO, ssl=JDK, worker-threads=2, nio-threads=2, node-count=3]" classname="io.hekate.lock.internal.DistributedLockTest" time="0.154"/>
  <testcase name="testGetOwner[13: transport=NIO, ssl=JDK, worker-threads=2, nio-threads=2, node-count=3]" classname="io.hekate.lock.internal.DistributedLockTest" time="0.137"/>
  <testcase name="testLockUnlockAsyncSameInstance[13: transport=NIO, ssl=JDK, worker-threads=2, nio-threads=2, node-count=3]" classname="io.hekate.lock.internal.DistributedLockTest" time="0.161"/>
  <testcase name="testQueuedLockAfterOtherLockTimeout[13: transport=NIO, ssl=JDK, worker-threads=2, nio-threads=2, node-count=3]" classname="io.hekate.lock.internal.DistributedLockTest" time="0.901"/>
  <testcase name="testUnlockAfterOwnerLeaves[13: transport=NIO, ssl=JDK, worker-threads=2, nio-threads=2, node-count=3]" classname="io.hekate.lock.internal.DistributedLockTest" time="0.126"/>
  <testcase name="testLockAfterManagerTermination[13: transport=NIO, ssl=JDK, worker-threads=2, nio-threads=2, node-count=3]" classname="io.hekate.lock.internal.DistributedLockTest" time="1.261"/>
  <testcase name="testConcurrentLockFromSameNode[13: transport=NIO, ssl=JDK, worker-threads=2, nio-threads=2, node-count=3]" classname="io.hekate.lock.internal.DistributedLockTest" time="0.463"/>
  <testcase name="testLockAfterReleaseByOtherNode[13: transport=NIO, ssl=JDK, worker-threads=2, nio-threads=2, node-count=3]" classname="io.hekate.lock.internal.DistributedLockTest" time="0.926"/>
  <testcase name="testTryFreeLock[13: transport=NIO, ssl=JDK, worker-threads=2, nio-threads=2, node-count=3]" classname="io.hekate.lock.internal.DistributedLockTest" time="0.132"/>
  <testcase name="testLockUnlockAsyncDifferentInstances[13: transport=NIO, ssl=JDK, worker-threads=2, nio-threads=2, node-count=3]" classname="io.hekate.lock.internal.DistributedLockTest" time="0.119"/>
  <testcase name="testLockWithTimeoutAfterManagerTermination[13: transport=NIO, ssl=JDK, worker-threads=2, nio-threads=2, node-count=3]" classname="io.hekate.lock.internal.DistributedLockTest" time="1.239"/>
  <testcase name="testLockAfterQueuedNodeLeave[13: transport=NIO, ssl=JDK, worker-threads=2, nio-threads=2, node-count=3]" classname="io.hekate.lock.internal.DistributedLockTest" time="0.147"/>
  <testcase name="testLockInterruptibly[13: transport=NIO, ssl=JDK, worker-threads=2, nio-threads=2, node-count=3]" classname="io.hekate.lock.internal.DistributedLockTest" time="0.183"/>
  <testcase name="testLockWithTimeoutAfterReleaseByOtherNode[13: transport=NIO, ssl=JDK, worker-threads=2, nio-threads=2, node-count=3]" classname="io.hekate.lock.internal.DistributedLockTest" time="0.819"/>
  <testcase name="testNonReentrantWithDifferentNodes[13: transport=NIO, ssl=JDK, worker-threads=2, nio-threads=2, node-count=3]" classname="io.hekate.lock.internal.DistributedLockTest" time="0.259"/>
  <testcase name="testLockAfterQueuedNodeTermination[13: transport=NIO, ssl=JDK, worker-threads=2, nio-threads=2, node-count=3]" classname="io.hekate.lock.internal.DistributedLockTest" time="1.275"/>
  <testcase name="testTryBusyLock[13: transport=NIO, ssl=JDK, worker-threads=2, nio-threads=2, node-count=3]" classname="io.hekate.lock.internal.DistributedLockTest" time="0.301"/>
  <testcase name="testConcurrentLockFromDifferentNodes[13: transport=NIO, ssl=JDK, worker-threads=2, nio-threads=2, node-count=3]" classname="io.hekate.lock.internal.DistributedLockTest" time="0.934"/>
  <testcase name="testTryFreeLockWithTimeout[13: transport=NIO, ssl=JDK, worker-threads=2, nio-threads=2, node-count=3]" classname="io.hekate.lock.internal.DistributedLockTest" time="0.11"/>
  <testcase name="testTryLockWithTerminatedService[13: transport=NIO, ssl=JDK, worker-threads=2, nio-threads=2, node-count=3]" classname="io.hekate.lock.internal.DistributedLockTest" time="0.085"/>
  <testcase name="testLockUnlockDifferentInstances[13: transport=NIO, ssl=JDK, worker-threads=2, nio-threads=2, node-count=3]" classname="io.hekate.lock.internal.DistributedLockTest" time="0.119"/>
  <testcase name="testLockLivenessIfAtLeastOneNodeExists[13: transport=NIO, ssl=JDK, worker-threads=2, nio-threads=2, node-count=3]" classname="io.hekate.lock.internal.DistributedLockTest" time="0.169"/>
  <testcase name="testTryBusyLockWithTimeout[13: transport=NIO, ssl=JDK, worker-threads=2, nio-threads=2, node-count=3]" classname="io.hekate.lock.internal.DistributedLockTest" time="0.181"/>
  <testcase name="testCluster[13: transport=NIO, ssl=JDK, worker-threads=2, nio-threads=2, node-count=3]" classname="io.hekate.lock.internal.DistributedLockTest" time="0.144"/>
  <testcase name="testLockAfterManagerLeave[13: transport=NIO, ssl=JDK, worker-threads=2, nio-threads=2, node-count=3]" classname="io.hekate.lock.internal.DistributedLockTest" time="0.146"/>
  <testcase name="testLockWithTimeoutAfterManagerLeave[13: transport=NIO, ssl=JDK, worker-threads=2, nio-threads=2, node-count=3]" classname="io.hekate.lock.internal.DistributedLockTest" time="0.155"/>
  <testcase name="testGetOwnerOfNonExistingLock[13: transport=NIO, ssl=JDK, worker-threads=2, nio-threads=2, node-count=3]" classname="io.hekate.lock.internal.DistributedLockTest" time="0.132"/>
  <testcase name="testLockUnlockSameInstance[13: transport=NIO, ssl=JDK, worker-threads=2, nio-threads=2, node-count=3]" classname="io.hekate.lock.internal.DistributedLockTest" time="0.135"/>
  <testcase name="testGetOwnerTerminatedService[13: transport=NIO, ssl=JDK, worker-threads=2, nio-threads=2, node-count=3]" classname="io.hekate.lock.internal.DistributedLockTest" time="0.124"/>
  <testcase name="testTryLockWithTimeoutInterruptibly[14: transport=NIO, ssl=JDK, worker-threads=1, nio-threads=0, node-count=4]" classname="io.hekate.lock.internal.DistributedLockTest" time="0.244"/>
  <testcase name="testGetOwner[14: transport=NIO, ssl=JDK, worker-threads=1, nio-threads=0, node-count=4]" classname="io.hekate.lock.internal.DistributedLockTest" time="0.233"/>
  <testcase name="testLockUnlockAsyncSameInstance[14: transport=NIO, ssl=JDK, worker-threads=1, nio-threads=0, node-count=4]" classname="io.hekate.lock.internal.DistributedLockTest" time="0.237"/>
  <testcase name="testQueuedLockAfterOtherLockTimeout[14: transport=NIO, ssl=JDK, worker-threads=1, nio-threads=0, node-count=4]" classname="io.hekate.lock.internal.DistributedLockTest" time="1.213"/>
  <testcase name="testUnlockAfterOwnerLeaves[14: transport=NIO, ssl=JDK, worker-threads=1, nio-threads=0, node-count=4]" classname="io.hekate.lock.internal.DistributedLockTest" time="0.249"/>
  <testcase name="testLockAfterManagerTermination[14: transport=NIO, ssl=JDK, worker-threads=1, nio-threads=0, node-count=4]" classname="io.hekate.lock.internal.DistributedLockTest" time="1.546"/>
  <testcase name="testConcurrentLockFromSameNode[14: transport=NIO, ssl=JDK, worker-threads=1, nio-threads=0, node-count=4]" classname="io.hekate.lock.internal.DistributedLockTest" time="0.696"/>
  <testcase name="testLockAfterReleaseByOtherNode[14: transport=NIO, ssl=JDK, worker-threads=1, nio-threads=0, node-count=4]" classname="io.hekate.lock.internal.DistributedLockTest" time="1.283"/>
  <testcase name="testTryFreeLock[14: transport=NIO, ssl=JDK, worker-threads=1, nio-threads=0, node-count=4]" classname="io.hekate.lock.internal.DistributedLockTest" time="0.449"/>
  <testcase name="testLockUnlockAsyncDifferentInstances[14: transport=NIO, ssl=JDK, worker-threads=1, nio-threads=0, node-count=4]" classname="io.hekate.lock.internal.DistributedLockTest" time="0.242"/>
  <testcase name="testLockWithTimeoutAfterManagerTermination[14: transport=NIO, ssl=JDK, worker-threads=1, nio-threads=0, node-count=4]" classname="io.hekate.lock.internal.DistributedLockTest" time="1.292"/>
  <testcase name="testLockAfterQueuedNodeLeave[14: transport=NIO, ssl=JDK, worker-threads=1, nio-threads=0, node-count=4]" classname="io.hekate.lock.internal.DistributedLockTest" time="0.304"/>
  <testcase name="testLockInterruptibly[14: transport=NIO, ssl=JDK, worker-threads=1, nio-threads=0, node-count=4]" classname="io.hekate.lock.internal.DistributedLockTest" time="0.226"/>
  <testcase name="testLockWithTimeoutAfterReleaseByOtherNode[14: transport=NIO, ssl=JDK, worker-threads=1, nio-threads=0, node-count=4]" classname="io.hekate.lock.internal.DistributedLockTest" time="1.235"/>
  <testcase name="testNonReentrantWithDifferentNodes[14: transport=NIO, ssl=JDK, worker-threads=1, nio-threads=0, node-count=4]" classname="io.hekate.lock.internal.DistributedLockTest" time="0.334"/>
  <testcase name="testLockAfterQueuedNodeTermination[14: transport=NIO, ssl=JDK, worker-threads=1, nio-threads=0, node-count=4]" classname="io.hekate.lock.internal.DistributedLockTest" time="1.324"/>
  <testcase name="testTryBusyLock[14: transport=NIO, ssl=JDK, worker-threads=1, nio-threads=0, node-count=4]" classname="io.hekate.lock.internal.DistributedLockTest" time="0.342"/>
  <testcase name="testConcurrentLockFromDifferentNodes[14: transport=NIO, ssl=JDK, worker-threads=1, nio-threads=0, node-count=4]" classname="io.hekate.lock.internal.DistributedLockTest" time="1.308"/>
  <testcase name="testTryFreeLockWithTimeout[14: transport=NIO, ssl=JDK, worker-threads=1, nio-threads=0, node-count=4]" classname="io.hekate.lock.internal.DistributedLockTest" time="0.228"/>
  <testcase name="testTryLockWithTerminatedService[14: transport=NIO, ssl=JDK, worker-threads=1, nio-threads=0, node-count=4]" classname="io.hekate.lock.internal.DistributedLockTest" time="0.17"/>
  <testcase name="testLockUnlockDifferentInstances[14: transport=NIO, ssl=JDK, worker-threads=1, nio-threads=0, node-count=4]" classname="io.hekate.lock.internal.DistributedLockTest" time="0.229"/>
  <testcase name="testLockLivenessIfAtLeastOneNodeExists[14: transport=NIO, ssl=JDK, worker-threads=1, nio-threads=0, node-count=4]" classname="io.hekate.lock.internal.DistributedLockTest" time="0.287"/>
  <testcase name="testTryBusyLockWithTimeout[14: transport=NIO, ssl=JDK, worker-threads=1, nio-threads=0, node-count=4]" classname="io.hekate.lock.internal.DistributedLockTest" time="0.452"/>
  <testcase name="testCluster[14: transport=NIO, ssl=JDK, worker-threads=1, nio-threads=0, node-count=4]" classname="io.hekate.lock.internal.DistributedLockTest" time="0.239"/>
  <testcase name="testLockAfterManagerLeave[14: transport=NIO, ssl=JDK, worker-threads=1, nio-threads=0, node-count=4]" classname="io.hekate.lock.internal.DistributedLockTest" time="0.186"/>
  <testcase name="testLockWithTimeoutAfterManagerLeave[14: transport=NIO, ssl=JDK, worker-threads=1, nio-threads=0, node-count=4]" classname="io.hekate.lock.internal.DistributedLockTest" time="0.182"/>
  <testcase name="testGetOwnerOfNonExistingLock[14: transport=NIO, ssl=JDK, worker-threads=1, nio-threads=0, node-count=4]" classname="io.hekate.lock.internal.DistributedLockTest" time="0.243"/>
  <testcase name="testLockUnlockSameInstance[14: transport=NIO, ssl=JDK, worker-threads=1, nio-threads=0, node-count=4]" classname="io.hekate.lock.internal.DistributedLockTest" time="0.304"/>
  <testcase name="testGetOwnerTerminatedService[14: transport=NIO, ssl=JDK, worker-threads=1, nio-threads=0, node-count=4]" classname="io.hekate.lock.internal.DistributedLockTest" time="0.142"/>
  <testcase name="testTryLockWithTimeoutInterruptibly[15: transport=NIO, ssl=JDK, worker-threads=2, nio-threads=2, node-count=4]" classname="io.hekate.lock.internal.DistributedLockTest" time="0.242"/>
  <testcase name="testGetOwner[15: transport=NIO, ssl=JDK, worker-threads=2, nio-threads=2, node-count=4]" classname="io.hekate.lock.internal.DistributedLockTest" time="0.214"/>
  <testcase name="testLockUnlockAsyncSameInstance[15: transport=NIO, ssl=JDK, worker-threads=2, nio-threads=2, node-count=4]" classname="io.hekate.lock.internal.DistributedLockTest" time="0.269"/>
  <testcase name="testQueuedLockAfterOtherLockTimeout[15: transport=NIO, ssl=JDK, worker-threads=2, nio-threads=2, node-count=4]" classname="io.hekate.lock.internal.DistributedLockTest" time="1.237"/>
  <testcase name="testUnlockAfterOwnerLeaves[15: transport=NIO, ssl=JDK, worker-threads=2, nio-threads=2, node-count=4]" classname="io.hekate.lock.internal.DistributedLockTest" time="0.229"/>
  <testcase name="testLockAfterManagerTermination[15: transport=NIO, ssl=JDK, worker-threads=2, nio-threads=2, node-count=4]" classname="io.hekate.lock.internal.DistributedLockTest" time="1.451"/>
  <testcase name="testConcurrentLockFromSameNode[15: transport=NIO, ssl=JDK, worker-threads=2, nio-threads=2, node-count=4]" classname="io.hekate.lock.internal.DistributedLockTest" time="0.535"/>
  <testcase name="testLockAfterReleaseByOtherNode[15: transport=NIO, ssl=JDK, worker-threads=2, nio-threads=2, node-count=4]" classname="io.hekate.lock.internal.DistributedLockTest" time="1.259"/>
  <testcase name="testTryFreeLock[15: transport=NIO, ssl=JDK, worker-threads=2, nio-threads=2, node-count=4]" classname="io.hekate.lock.internal.DistributedLockTest" time="0.174"/>
  <testcase name="testLockUnlockAsyncDifferentInstances[15: transport=NIO, ssl=JDK, worker-threads=2, nio-threads=2, node-count=4]" classname="io.hekate.lock.internal.DistributedLockTest" time="0.229"/>
  <testcase name="testLockWithTimeoutAfterManagerTermination[15: transport=NIO, ssl=JDK, worker-threads=2, nio-threads=2, node-count=4]" classname="io.hekate.lock.internal.DistributedLockTest" time="1.459"/>
  <testcase name="testLockAfterQueuedNodeLeave[15: transport=NIO, ssl=JDK, worker-threads=2, nio-threads=2, node-count=4]" classname="io.hekate.lock.internal.DistributedLockTest" time="0.22"/>
  <testcase name="testLockInterruptibly[15: transport=NIO, ssl=JDK, worker-threads=2, nio-threads=2, node-count=4]" classname="io.hekate.lock.internal.DistributedLockTest" time="0.21"/>
  <testcase name="testLockWithTimeoutAfterReleaseByOtherNode[15: transport=NIO, ssl=JDK, worker-threads=2, nio-threads=2, node-count=4]" classname="io.hekate.lock.internal.DistributedLockTest" time="1.228"/>
  <testcase name="testNonReentrantWithDifferentNodes[15: transport=NIO, ssl=JDK, worker-threads=2, nio-threads=2, node-count=4]" classname="io.hekate.lock.internal.DistributedLockTest" time="0.334"/>
  <testcase name="testLockAfterQueuedNodeTermination[15: transport=NIO, ssl=JDK, worker-threads=2, nio-threads=2, node-count=4]" classname="io.hekate.lock.internal.DistributedLockTest" time="1.47"/>
  <testcase name="testTryBusyLock[15: transport=NIO, ssl=JDK, worker-threads=2, nio-threads=2, node-count=4]" classname="io.hekate.lock.internal.DistributedLockTest" time="0.455"/>
  <testcase name="testConcurrentLockFromDifferentNodes[15: transport=NIO, ssl=JDK, worker-threads=2, nio-threads=2, node-count=4]" classname="io.hekate.lock.internal.DistributedLockTest" time="1.301"/>
  <testcase name="testTryFreeLockWithTimeout[15: transport=NIO, ssl=JDK, worker-threads=2, nio-threads=2, node-count=4]" classname="io.hekate.lock.internal.DistributedLockTest" time="0.247"/>
  <testcase name="testTryLockWithTerminatedService[15: transport=NIO, ssl=JDK, worker-threads=2, nio-threads=2, node-count=4]" classname="io.hekate.lock.internal.DistributedLockTest" time="0.239"/>
  <testcase name="testLockUnlockDifferentInstances[15: transport=NIO, ssl=JDK, worker-threads=2, nio-threads=2, node-count=4]" classname="io.hekate.lock.internal.DistributedLockTest" time="0.191"/>
  <testcase name="testLockLivenessIfAtLeastOneNodeExists[15: transport=NIO, ssl=JDK, worker-threads=2, nio-threads=2, node-count=4]" classname="io.hekate.lock.internal.DistributedLockTest" time="0.259"/>
  <testcase name="testTryBusyLockWithTimeout[15: transport=NIO, ssl=JDK, worker-threads=2, nio-threads=2, node-count=4]" classname="io.hekate.lock.internal.DistributedLockTest" time="0.323"/>
  <testcase name="testCluster[15: transport=NIO, ssl=JDK, worker-threads=2, nio-threads=2, node-count=4]" classname="io.hekate.lock.internal.DistributedLockTest" time="0.309"/>
  <testcase name="testLockAfterManagerLeave[15: transport=NIO, ssl=JDK, worker-threads=2, nio-threads=2, node-count=4]" classname="io.hekate.lock.internal.DistributedLockTest" time="0.206"/>
  <testcase name="testLockWithTimeoutAfterManagerLeave[15: transport=NIO, ssl=JDK, worker-threads=2, nio-threads=2, node-count=4]" classname="io.hekate.lock.internal.DistributedLockTest" time="0.226"/>
  <testcase name="testGetOwnerOfNonExistingLock[15: transport=NIO, ssl=JDK, worker-threads=2, nio-threads=2, node-count=4]" classname="io.hekate.lock.internal.DistributedLockTest" time="0.157"/>
  <testcase name="testLockUnlockSameInstance[15: transport=NIO, ssl=JDK, worker-threads=2, nio-threads=2, node-count=4]" classname="io.hekate.lock.internal.DistributedLockTest" time="0.163"/>
  <testcase name="testGetOwnerTerminatedService[15: transport=NIO, ssl=JDK, worker-threads=2, nio-threads=2, node-count=4]" classname="io.hekate.lock.internal.DistributedLockTest" time="0.189"/>
  <testcase name="testTryLockWithTimeoutInterruptibly[16: transport=NIO, ssl=OPEN_SSL, worker-threads=1, nio-threads=0, node-count=1]" classname="io.hekate.lock.internal.DistributedLockTest" time="0.02"/>
  <testcase name="testGetOwner[16: transport=NIO, ssl=OPEN_SSL, worker-threads=1, nio-threads=0, node-count=1]" classname="io.hekate.lock.internal.DistributedLockTest" time="0.008"/>
  <testcase name="testLockUnlockAsyncSameInstance[16: transport=NIO, ssl=OPEN_SSL, worker-threads=1, nio-threads=0, node-count=1]" classname="io.hekate.lock.internal.DistributedLockTest" time="0.024"/>
  <testcase name="testQueuedLockAfterOtherLockTimeout[16: transport=NIO, ssl=OPEN_SSL, worker-threads=1, nio-threads=0, node-count=1]" classname="io.hekate.lock.internal.DistributedLockTest" time="0.262"/>
  <testcase name="testUnlockAfterOwnerLeaves[16: transport=NIO, ssl=OPEN_SSL, worker-threads=1, nio-threads=0, node-count=1]" classname="io.hekate.lock.internal.DistributedLockTest" time="0.013"/>
  <testcase name="testLockAfterManagerTermination[16: transport=NIO, ssl=OPEN_SSL, worker-threads=1, nio-threads=0, node-count=1]" classname="io.hekate.lock.internal.DistributedLockTest" time="0.009"/>
  <testcase name="testConcurrentLockFromSameNode[16: transport=NIO, ssl=OPEN_SSL, worker-threads=1, nio-threads=0, node-count=1]" classname="io.hekate.lock.internal.DistributedLockTest" time="0.31"/>
  <testcase name="testLockAfterReleaseByOtherNode[16: transport=NIO, ssl=OPEN_SSL, worker-threads=1, nio-threads=0, node-count=1]" classname="io.hekate.lock.internal.DistributedLockTest" time="0.244"/>
  <testcase name="testTryFreeLock[16: transport=NIO, ssl=OPEN_SSL, worker-threads=1, nio-threads=0, node-count=1]" classname="io.hekate.lock.internal.DistributedLockTest" time="0.014"/>
  <testcase name="testLockUnlockAsyncDifferentInstances[16: transport=NIO, ssl=OPEN_SSL, worker-threads=1, nio-threads=0, node-count=1]" classname="io.hekate.lock.internal.DistributedLockTest" time="0.011"/>
  <testcase name="testLockWithTimeoutAfterManagerTermination[16: transport=NIO, ssl=OPEN_SSL, worker-threads=1, nio-threads=0, node-count=1]" classname="io.hekate.lock.internal.DistributedLockTest" time="0.011"/>
  <testcase name="testLockAfterQueuedNodeLeave[16: transport=NIO, ssl=OPEN_SSL, worker-threads=1, nio-threads=0, node-count=1]" classname="io.hekate.lock.internal.DistributedLockTest" time="0.01"/>
  <testcase name="testLockInterruptibly[16: transport=NIO, ssl=OPEN_SSL, worker-threads=1, nio-threads=0, node-count=1]" classname="io.hekate.lock.internal.DistributedLockTest" time="0.016"/>
  <testcase name="testLockWithTimeoutAfterReleaseByOtherNode[16: transport=NIO, ssl=OPEN_SSL, worker-threads=1, nio-threads=0, node-count=1]" classname="io.hekate.lock.internal.DistributedLockTest" time="0.038"/>
  <testcase name="testNonReentrantWithDifferentNodes[16: transport=NIO, ssl=OPEN_SSL, worker-threads=1, nio-threads=0, node-count=1]" classname="io.hekate.lock.internal.DistributedLockTest" time="0.01"/>
  <testcase name="testLockAfterQueuedNodeTermination[16: transport=NIO, ssl=OPEN_SSL, worker-threads=1, nio-threads=0, node-count=1]" classname="io.hekate.lock.internal.DistributedLockTest" time="0.009"/>
  <testcase name="testTryBusyLock[16: transport=NIO, ssl=OPEN_SSL, worker-threads=1, nio-threads=0, node-count=1]" classname="io.hekate.lock.internal.DistributedLockTest" time="0.015"/>
  <testcase name="testConcurrentLockFromDifferentNodes[16: transport=NIO, ssl=OPEN_SSL, worker-threads=1, nio-threads=0, node-count=1]" classname="io.hekate.lock.internal.DistributedLockTest" time="0.009"/>
  <testcase name="testTryFreeLockWithTimeout[16: transport=NIO, ssl=OPEN_SSL, worker-threads=1, nio-threads=0, node-count=1]" classname="io.hekate.lock.internal.DistributedLockTest" time="0.011"/>
  <testcase name="testTryLockWithTerminatedService[16: transport=NIO, ssl=OPEN_SSL, worker-threads=1, nio-threads=0, node-count=1]" classname="io.hekate.lock.internal.DistributedLockTest" time="0.008"/>
  <testcase name="testLockUnlockDifferentInstances[16: transport=NIO, ssl=OPEN_SSL, worker-threads=1, nio-threads=0, node-count=1]" classname="io.hekate.lock.internal.DistributedLockTest" time="0.01"/>
  <testcase name="testLockLivenessIfAtLeastOneNodeExists[16: transport=NIO, ssl=OPEN_SSL, worker-threads=1, nio-threads=0, node-count=1]" classname="io.hekate.lock.internal.DistributedLockTest" time="0.007"/>
  <testcase name="testTryBusyLockWithTimeout[16: transport=NIO, ssl=OPEN_SSL, worker-threads=1, nio-threads=0, node-count=1]" classname="io.hekate.lock.internal.DistributedLockTest" time="0.012"/>
  <testcase name="testCluster[16: transport=NIO, ssl=OPEN_SSL, worker-threads=1, nio-threads=0, node-count=1]" classname="io.hekate.lock.internal.DistributedLockTest" time="0.028"/>
  <testcase name="testLockAfterManagerLeave[16: transport=NIO, ssl=OPEN_SSL, worker-threads=1, nio-threads=0, node-count=1]" classname="io.hekate.lock.internal.DistributedLockTest" time="0.007"/>
  <testcase name="testLockWithTimeoutAfterManagerLeave[16: transport=NIO, ssl=OPEN_SSL, worker-threads=1, nio-threads=0, node-count=1]" classname="io.hekate.lock.internal.DistributedLockTest" time="0.007"/>
  <testcase name="testGetOwnerOfNonExistingLock[16: transport=NIO, ssl=OPEN_SSL, worker-threads=1, nio-threads=0, node-count=1]" classname="io.hekate.lock.internal.DistributedLockTest" time="0.007"/>
  <testcase name="testLockUnlockSameInstance[16: transport=NIO, ssl=OPEN_SSL, worker-threads=1, nio-threads=0, node-count=1]" classname="io.hekate.lock.internal.DistributedLockTest" time="0.012"/>
  <testcase name="testGetOwnerTerminatedService[16: transport=NIO, ssl=OPEN_SSL, worker-threads=1, nio-threads=0, node-count=1]" classname="io.hekate.lock.internal.DistributedLockTest" time="0.022"/>
  <testcase name="testTryLockWithTimeoutInterruptibly[17: transport=NIO, ssl=OPEN_SSL, worker-threads=2, nio-threads=2, node-count=1]" classname="io.hekate.lock.internal.DistributedLockTest" time="0.023"/>
  <testcase name="testGetOwner[17: transport=NIO, ssl=OPEN_SSL, worker-threads=2, nio-threads=2, node-count=1]" classname="io.hekate.lock.internal.DistributedLockTest" time="0.009"/>
  <testcase name="testLockUnlockAsyncSameInstance[17: transport=NIO, ssl=OPEN_SSL, worker-threads=2, nio-threads=2, node-count=1]" classname="io.hekate.lock.internal.DistributedLockTest" time="0.009"/>
  <testcase name="testQueuedLockAfterOtherLockTimeout[17: transport=NIO, ssl=OPEN_SSL, worker-threads=2, nio-threads=2, node-count=1]" classname="io.hekate.lock.internal.DistributedLockTest" time="0.262"/>
  <testcase name="testUnlockAfterOwnerLeaves[17: transport=NIO, ssl=OPEN_SSL, worker-threads=2, nio-threads=2, node-count=1]" classname="io.hekate.lock.internal.DistributedLockTest" time="0.012"/>
  <testcase name="testLockAfterManagerTermination[17: transport=NIO, ssl=OPEN_SSL, worker-threads=2, nio-threads=2, node-count=1]" classname="io.hekate.lock.internal.DistributedLockTest" time="0.011"/>
  <testcase name="testConcurrentLockFromSameNode[17: transport=NIO, ssl=OPEN_SSL, worker-threads=2, nio-threads=2, node-count=1]" classname="io.hekate.lock.internal.DistributedLockTest" time="0.298"/>
  <testcase name="testLockAfterReleaseByOtherNode[17: transport=NIO, ssl=OPEN_SSL, worker-threads=2, nio-threads=2, node-count=1]" classname="io.hekate.lock.internal.DistributedLockTest" time="0.218"/>
  <testcase name="testTryFreeLock[17: transport=NIO, ssl=OPEN_SSL, worker-threads=2, nio-threads=2, node-count=1]" classname="io.hekate.lock.internal.DistributedLockTest" time="0.012"/>
  <testcase name="testLockUnlockAsyncDifferentInstances[17: transport=NIO, ssl=OPEN_SSL, worker-threads=2, nio-threads=2, node-count=1]" classname="io.hekate.lock.internal.DistributedLockTest" time="0.01"/>
  <testcase name="testLockWithTimeoutAfterManagerTermination[17: transport=NIO, ssl=OPEN_SSL, worker-threads=2, nio-threads=2, node-count=1]" classname="io.hekate.lock.internal.DistributedLockTest" time="0.009"/>
  <testcase name="testLockAfterQueuedNodeLeave[17: transport=NIO, ssl=OPEN_SSL, worker-threads=2, nio-threads=2, node-count=1]" classname="io.hekate.lock.internal.DistributedLockTest" time="0.007"/>
  <testcase name="testLockInterruptibly[17: transport=NIO, ssl=OPEN_SSL, worker-threads=2, nio-threads=2, node-count=1]" classname="io.hekate.lock.internal.DistributedLockTest" time="0.018"/>
  <testcase name="testLockWithTimeoutAfterReleaseByOtherNode[17: transport=NIO, ssl=OPEN_SSL, worker-threads=2, nio-threads=2, node-count=1]" classname="io.hekate.lock.internal.DistributedLockTest" time="0.244"/>
  <testcase name="testNonReentrantWithDifferentNodes[17: transport=NIO, ssl=OPEN_SSL, worker-threads=2, nio-threads=2, node-count=1]" classname="io.hekate.lock.internal.DistributedLockTest" time="0.012"/>
  <testcase name="testLockAfterQueuedNodeTermination[17: transport=NIO, ssl=OPEN_SSL, worker-threads=2, nio-threads=2, node-count=1]" classname="io.hekate.lock.internal.DistributedLockTest" time="0.011"/>
  <testcase name="testTryBusyLock[17: transport=NIO, ssl=OPEN_SSL, worker-threads=2, nio-threads=2, node-count=1]" classname="io.hekate.lock.internal.DistributedLockTest" time="0.015"/>
  <testcase name="testConcurrentLockFromDifferentNodes[17: transport=NIO, ssl=OPEN_SSL, worker-threads=2, nio-threads=2, node-count=1]" classname="io.hekate.lock.internal.DistributedLockTest" time="0.01"/>
  <testcase name="testTryFreeLockWithTimeout[17: transport=NIO, ssl=OPEN_SSL, worker-threads=2, nio-threads=2, node-count=1]" classname="io.hekate.lock.internal.DistributedLockTest" time="0.012"/>
  <testcase name="testTryLockWithTerminatedService[17: transport=NIO, ssl=OPEN_SSL, worker-threads=2, nio-threads=2, node-count=1]" classname="io.hekate.lock.internal.DistributedLockTest" time="0.009"/>
  <testcase name="testLockUnlockDifferentInstances[17: transport=NIO, ssl=OPEN_SSL, worker-threads=2, nio-threads=2, node-count=1]" classname="io.hekate.lock.internal.DistributedLockTest" time="0.013"/>
  <testcase name="testLockLivenessIfAtLeastOneNodeExists[17: transport=NIO, ssl=OPEN_SSL, worker-threads=2, nio-threads=2, node-count=1]" classname="io.hekate.lock.internal.DistributedLockTest" time="0.029"/>
  <testcase name="testTryBusyLockWithTimeout[17: transport=NIO, ssl=OPEN_SSL, worker-threads=2, nio-threads=2, node-count=1]" classname="io.hekate.lock.internal.DistributedLockTest" time="0.015"/>
  <testcase name="testCluster[17: transport=NIO, ssl=OPEN_SSL, worker-threads=2, nio-threads=2, node-count=1]" classname="io.hekate.lock.internal.DistributedLockTest" time="0.03"/>
  <testcase name="testLockAfterManagerLeave[17: transport=NIO, ssl=OPEN_SSL, worker-threads=2, nio-threads=2, node-count=1]" classname="io.hekate.lock.internal.DistributedLockTest" time="0.01"/>
  <testcase name="testLockWithTimeoutAfterManagerLeave[17: transport=NIO, ssl=OPEN_SSL, worker-threads=2, nio-threads=2, node-count=1]" classname="io.hekate.lock.internal.DistributedLockTest" time="0.009"/>
  <testcase name="testGetOwnerOfNonExistingLock[17: transport=NIO, ssl=OPEN_SSL, worker-threads=2, nio-threads=2, node-count=1]" classname="io.hekate.lock.internal.DistributedLockTest" time="0.01"/>
  <testcase name="testLockUnlockSameInstance[17: transport=NIO, ssl=OPEN_SSL, worker-threads=2, nio-threads=2, node-count=1]" classname="io.hekate.lock.internal.DistributedLockTest" time="0.012"/>
  <testcase name="testGetOwnerTerminatedService[17: transport=NIO, ssl=OPEN_SSL, worker-threads=2, nio-threads=2, node-count=1]" classname="io.hekate.lock.internal.DistributedLockTest" time="0.011"/>
  <testcase name="testTryLockWithTimeoutInterruptibly[18: transport=NIO, ssl=OPEN_SSL, worker-threads=1, nio-threads=0, node-count=2]" classname="io.hekate.lock.internal.DistributedLockTest" time="0.084"/>
  <testcase name="testGetOwner[18: transport=NIO, ssl=OPEN_SSL, worker-threads=1, nio-threads=0, node-count=2]" classname="io.hekate.lock.internal.DistributedLockTest" time="0.038"/>
  <testcase name="testLockUnlockAsyncSameInstance[18: transport=NIO, ssl=OPEN_SSL, worker-threads=1, nio-threads=0, node-count=2]" classname="io.hekate.lock.internal.DistributedLockTest" time="0.063"/>
  <testcase name="testQueuedLockAfterOtherLockTimeout[18: transport=NIO, ssl=OPEN_SSL, worker-threads=1, nio-threads=0, node-count=2]" classname="io.hekate.lock.internal.DistributedLockTest" time="0.547"/>
  <testcase name="testUnlockAfterOwnerLeaves[18: transport=NIO, ssl=OPEN_SSL, worker-threads=1, nio-threads=0, node-count=2]" classname="io.hekate.lock.internal.DistributedLockTest" time="0.046"/>
  <testcase name="testLockAfterManagerTermination[18: transport=NIO, ssl=OPEN_SSL, worker-threads=1, nio-threads=0, node-count=2]" classname="io.hekate.lock.internal.DistributedLockTest" time="0.621"/>
  <testcase name="testConcurrentLockFromSameNode[18: transport=NIO, ssl=OPEN_SSL, worker-threads=1, nio-threads=0, node-count=2]" classname="io.hekate.lock.internal.DistributedLockTest" time="0.339"/>
  <testcase name="testLockAfterReleaseByOtherNode[18: transport=NIO, ssl=OPEN_SSL, worker-threads=1, nio-threads=0, node-count=2]" classname="io.hekate.lock.internal.DistributedLockTest" time="0.454"/>
  <testcase name="testTryFreeLock[18: transport=NIO, ssl=OPEN_SSL, worker-threads=1, nio-threads=0, node-count=2]" classname="io.hekate.lock.internal.DistributedLockTest" time="0.07"/>
  <testcase name="testLockUnlockAsyncDifferentInstances[18: transport=NIO, ssl=OPEN_SSL, worker-threads=1, nio-threads=0, node-count=2]" classname="io.hekate.lock.internal.DistributedLockTest" time="0.046"/>
  <testcase name="testLockWithTimeoutAfterManagerTermination[18: transport=NIO, ssl=OPEN_SSL, worker-threads=1, nio-threads=0, node-count=2]" classname="io.hekate.lock.internal.DistributedLockTest" time="0.619"/>
  <testcase name="testLockAfterQueuedNodeLeave[18: transport=NIO, ssl=OPEN_SSL, worker-threads=1, nio-threads=0, node-count=2]" classname="io.hekate.lock.internal.DistributedLockTest" time="0.139"/>
  <testcase name="testLockInterruptibly[18: transport=NIO, ssl=OPEN_SSL, worker-threads=1, nio-threads=0, node-count=2]" classname="io.hekate.lock.internal.DistributedLockTest" time="0.076"/>
  <testcase name="testLockWithTimeoutAfterReleaseByOtherNode[18: transport=NIO, ssl=OPEN_SSL, worker-threads=1, nio-threads=0, node-count=2]" classname="io.hekate.lock.internal.DistributedLockTest" time="0.499"/>
  <testcase name="testNonReentrantWithDifferentNodes[18: transport=NIO, ssl=OPEN_SSL, worker-threads=1, nio-threads=0, node-count=2]" classname="io.hekate.lock.internal.DistributedLockTest" time="0.051"/>
  <testcase name="testLockAfterQueuedNodeTermination[18: transport=NIO, ssl=OPEN_SSL, worker-threads=1, nio-threads=0, node-count=2]" classname="io.hekate.lock.internal.DistributedLockTest" time="0.727"/>
  <testcase name="testTryBusyLock[18: transport=NIO, ssl=OPEN_SSL, worker-threads=1, nio-threads=0, node-count=2]" classname="io.hekate.lock.internal.DistributedLockTest" time="0.08"/>
  <testcase name="testConcurrentLockFromDifferentNodes[18: transport=NIO, ssl=OPEN_SSL, worker-threads=1, nio-threads=0, node-count=2]" classname="io.hekate.lock.internal.DistributedLockTest" time="0.579"/>
  <testcase name="testTryFreeLockWithTimeout[18: transport=NIO, ssl=OPEN_SSL, worker-threads=1, nio-threads=0, node-count=2]" classname="io.hekate.lock.internal.DistributedLockTest" time="0.045"/>
  <testcase name="testTryLockWithTerminatedService[18: transport=NIO, ssl=OPEN_SSL, worker-threads=1, nio-threads=0, node-count=2]" classname="io.hekate.lock.internal.DistributedLockTest" time="0.026"/>
  <testcase name="testLockUnlockDifferentInstances[18: transport=NIO, ssl=OPEN_SSL, worker-threads=1, nio-threads=0, node-count=2]" classname="io.hekate.lock.internal.DistributedLockTest" time="0.054"/>
  <testcase name="testLockLivenessIfAtLeastOneNodeExists[18: transport=NIO, ssl=OPEN_SSL, worker-threads=1, nio-threads=0, node-count=2]" classname="io.hekate.lock.internal.DistributedLockTest" time="0.072"/>
  <testcase name="testTryBusyLockWithTimeout[18: transport=NIO, ssl=OPEN_SSL, worker-threads=1, nio-threads=0, node-count=2]" classname="io.hekate.lock.internal.DistributedLockTest" time="0.07"/>
  <testcase name="testCluster[18: transport=NIO, ssl=OPEN_SSL, worker-threads=1, nio-threads=0, node-count=2]" classname="io.hekate.lock.internal.DistributedLockTest" time="0.08"/>
  <testcase name="testLockAfterManagerLeave[18: transport=NIO, ssl=OPEN_SSL, worker-threads=1, nio-threads=0, node-count=2]" classname="io.hekate.lock.internal.DistributedLockTest" time="0.081"/>
  <testcase name="testLockWithTimeoutAfterManagerLeave[18: transport=NIO, ssl=OPEN_SSL, worker-threads=1, nio-threads=0, node-count=2]" classname="io.hekate.lock.internal.DistributedLockTest" time="0.131"/>
  <testcase name="testGetOwnerOfNonExistingLock[18: transport=NIO, ssl=OPEN_SSL, worker-threads=1, nio-threads=0, node-count=2]" classname="io.hekate.lock.internal.DistributedLockTest" time="0.044"/>
  <testcase name="testLockUnlockSameInstance[18: transport=NIO, ssl=OPEN_SSL, worker-threads=1, nio-threads=0, node-count=2]" classname="io.hekate.lock.internal.DistributedLockTest" time="0.047"/>
  <testcase name="testGetOwnerTerminatedService[18: transport=NIO, ssl=OPEN_SSL, worker-threads=1, nio-threads=0, node-count=2]" classname="io.hekate.lock.internal.DistributedLockTest" time="0.036"/>
  <testcase name="testTryLockWithTimeoutInterruptibly[19: transport=NIO, ssl=OPEN_SSL, worker-threads=2, nio-threads=2, node-count=2]" classname="io.hekate.lock.internal.DistributedLockTest" time="0.083"/>
  <testcase name="testGetOwner[19: transport=NIO, ssl=OPEN_SSL, worker-threads=2, nio-threads=2, node-count=2]" classname="io.hekate.lock.internal.DistributedLockTest" time="0.045"/>
  <testcase name="testLockUnlockAsyncSameInstance[19: transport=NIO, ssl=OPEN_SSL, worker-threads=2, nio-threads=2, node-count=2]" classname="io.hekate.lock.internal.DistributedLockTest" time="0.048"/>
  <testcase name="testQueuedLockAfterOtherLockTimeout[19: transport=NIO, ssl=OPEN_SSL, worker-threads=2, nio-threads=2, node-count=2]" classname="io.hekate.lock.internal.DistributedLockTest" time="0.544"/>
  <testcase name="testUnlockAfterOwnerLeaves[19: transport=NIO, ssl=OPEN_SSL, worker-threads=2, nio-threads=2, node-count=2]" classname="io.hekate.lock.internal.DistributedLockTest" time="0.035"/>
  <testcase name="testLockAfterManagerTermination[19: transport=NIO, ssl=OPEN_SSL, worker-threads=2, nio-threads=2, node-count=2]" classname="io.hekate.lock.internal.DistributedLockTest" time="0.718"/>
  <testcase name="testConcurrentLockFromSameNode[19: transport=NIO, ssl=OPEN_SSL, worker-threads=2, nio-threads=2, node-count=2]" classname="io.hekate.lock.internal.DistributedLockTest" time="0.446"/>
  <testcase name="testLockAfterReleaseByOtherNode[19: transport=NIO, ssl=OPEN_SSL, worker-threads=2, nio-threads=2, node-count=2]" classname="io.hekate.lock.internal.DistributedLockTest" time="0.559"/>
  <testcase name="testTryFreeLock[19: transport=NIO, ssl=OPEN_SSL, worker-threads=2, nio-threads=2, node-count=2]" classname="io.hekate.lock.internal.DistributedLockTest" time="0.05"/>
  <testcase name="testLockUnlockAsyncDifferentInstances[19: transport=NIO, ssl=OPEN_SSL, worker-threads=2, nio-threads=2, node-count=2]" classname="io.hekate.lock.internal.DistributedLockTest" time="0.052"/>
  <testcase name="testLockWithTimeoutAfterManagerTermination[19: transport=NIO, ssl=OPEN_SSL, worker-threads=2, nio-threads=2, node-count=2]" classname="io.hekate.lock.internal.DistributedLockTest" time="0.715"/>
  <testcase name="testLockAfterQueuedNodeLeave[19: transport=NIO, ssl=OPEN_SSL, worker-threads=2, nio-threads=2, node-count=2]" classname="io.hekate.lock.internal.DistributedLockTest" time="0.081"/>
  <testcase name="testLockInterruptibly[19: transport=NIO, ssl=OPEN_SSL, worker-threads=2, nio-threads=2, node-count=2]" classname="io.hekate.lock.internal.DistributedLockTest" time="0.063"/>
  <testcase name="testLockWithTimeoutAfterReleaseByOtherNode[19: transport=NIO, ssl=OPEN_SSL, worker-threads=2, nio-threads=2, node-count=2]" classname="io.hekate.lock.internal.DistributedLockTest" time="0.371"/>
  <testcase name="testNonReentrantWithDifferentNodes[19: transport=NIO, ssl=OPEN_SSL, worker-threads=2, nio-threads=2, node-count=2]" classname="io.hekate.lock.internal.DistributedLockTest" time="0.063"/>
  <testcase name="testLockAfterQueuedNodeTermination[19: transport=NIO, ssl=OPEN_SSL, worker-threads=2, nio-threads=2, node-count=2]" classname="io.hekate.lock.internal.DistributedLockTest" time="0.626"/>
  <testcase name="testTryBusyLock[19: transport=NIO, ssl=OPEN_SSL, worker-threads=2, nio-threads=2, node-count=2]" classname="io.hekate.lock.internal.DistributedLockTest" time="0.077"/>
  <testcase name="testConcurrentLockFromDifferentNodes[19: transport=NIO, ssl=OPEN_SSL, worker-threads=2, nio-threads=2, node-count=2]" classname="io.hekate.lock.internal.DistributedLockTest" time="0.591"/>
  <testcase name="testTryFreeLockWithTimeout[19: transport=NIO, ssl=OPEN_SSL, worker-threads=2, nio-threads=2, node-count=2]" classname="io.hekate.lock.internal.DistributedLockTest" time="0.084"/>
  <testcase name="testTryLockWithTerminatedService[19: transport=NIO, ssl=OPEN_SSL, worker-threads=2, nio-threads=2, node-count=2]" classname="io.hekate.lock.internal.DistributedLockTest" time="0.032"/>
  <testcase name="testLockUnlockDifferentInstances[19: transport=NIO, ssl=OPEN_SSL, worker-threads=2, nio-threads=2, node-count=2]" classname="io.hekate.lock.internal.DistributedLockTest" time="0.046"/>
  <testcase name="testLockLivenessIfAtLeastOneNodeExists[19: transport=NIO, ssl=OPEN_SSL, worker-threads=2, nio-threads=2, node-count=2]" classname="io.hekate.lock.internal.DistributedLockTest" time="0.068"/>
  <testcase name="testTryBusyLockWithTimeout[19: transport=NIO, ssl=OPEN_SSL, worker-threads=2, nio-threads=2, node-count=2]" classname="io.hekate.lock.internal.DistributedLockTest" time="0.063"/>
  <testcase name="testCluster[19: transport=NIO, ssl=OPEN_SSL, worker-threads=2, nio-threads=2, node-count=2]" classname="io.hekate.lock.internal.DistributedLockTest" time="0.051"/>
  <testcase name="testLockAfterManagerLeave[19: transport=NIO, ssl=OPEN_SSL, worker-threads=2, nio-threads=2, node-count=2]" classname="io.hekate.lock.internal.DistributedLockTest" time="0.065"/>
  <testcase name="testLockWithTimeoutAfterManagerLeave[19: transport=NIO, ssl=OPEN_SSL, worker-threads=2, nio-threads=2, node-count=2]" classname="io.hekate.lock.internal.DistributedLockTest" time="0.086"/>
  <testcase name="testGetOwnerOfNonExistingLock[19: transport=NIO, ssl=OPEN_SSL, worker-threads=2, nio-threads=2, node-count=2]" classname="io.hekate.lock.internal.DistributedLockTest" time="0.051"/>
  <testcase name="testLockUnlockSameInstance[19: transport=NIO, ssl=OPEN_SSL, worker-threads=2, nio-threads=2, node-count=2]" classname="io.hekate.lock.internal.DistributedLockTest" time="0.056"/>
  <testcase name="testGetOwnerTerminatedService[19: transport=NIO, ssl=OPEN_SSL, worker-threads=2, nio-threads=2, node-count=2]" classname="io.hekate.lock.internal.DistributedLockTest" time="0.068"/>
  <testcase name="testTryLockWithTimeoutInterruptibly[20: transport=NIO, ssl=OPEN_SSL, worker-threads=1, nio-threads=0, node-count=3]" classname="io.hekate.lock.internal.DistributedLockTest" time="0.166"/>
  <testcase name="testGetOwner[20: transport=NIO, ssl=OPEN_SSL, worker-threads=1, nio-threads=0, node-count=3]" classname="io.hekate.lock.internal.DistributedLockTest" time="0.06"/>
  <testcase name="testLockUnlockAsyncSameInstance[20: transport=NIO, ssl=OPEN_SSL, worker-threads=1, nio-threads=0, node-count=3]" classname="io.hekate.lock.internal.DistributedLockTest" time="0.063"/>
  <testcase name="testQueuedLockAfterOtherLockTimeout[20: transport=NIO, ssl=OPEN_SSL, worker-threads=1, nio-threads=0, node-count=3]" classname="io.hekate.lock.internal.DistributedLockTest" time="0.831"/>
  <testcase name="testUnlockAfterOwnerLeaves[20: transport=NIO, ssl=OPEN_SSL, worker-threads=1, nio-threads=0, node-count=3]" classname="io.hekate.lock.internal.DistributedLockTest" time="0.069"/>
  <testcase name="testLockAfterManagerTermination[20: transport=NIO, ssl=OPEN_SSL, worker-threads=1, nio-threads=0, node-count=3]" classname="io.hekate.lock.internal.DistributedLockTest" time="0.647"/>
  <testcase name="testConcurrentLockFromSameNode[20: transport=NIO, ssl=OPEN_SSL, worker-threads=1, nio-threads=0, node-count=3]" classname="io.hekate.lock.internal.DistributedLockTest" time="0.385"/>
  <testcase name="testLockAfterReleaseByOtherNode[20: transport=NIO, ssl=OPEN_SSL, worker-threads=1, nio-threads=0, node-count=3]" classname="io.hekate.lock.internal.DistributedLockTest" time="0.89"/>
  <testcase name="testTryFreeLock[20: transport=NIO, ssl=OPEN_SSL, worker-threads=1, nio-threads=0, node-count=3]" classname="io.hekate.lock.internal.DistributedLockTest" time="0.075"/>
  <testcase name="testLockUnlockAsyncDifferentInstances[20: transport=NIO, ssl=OPEN_SSL, worker-threads=1, nio-threads=0, node-count=3]" classname="io.hekate.lock.internal.DistributedLockTest" time="0.101"/>
  <testcase name="testLockWithTimeoutAfterManagerTermination[20: transport=NIO, ssl=OPEN_SSL, worker-threads=1, nio-threads=0, node-count=3]" classname="io.hekate.lock.internal.DistributedLockTest" time="0.632"/>
  <testcase name="testLockAfterQueuedNodeLeave[20: transport=NIO, ssl=OPEN_SSL, worker-threads=1, nio-threads=0, node-count=3]" classname="io.hekate.lock.internal.DistributedLockTest" time="0.123"/>
  <testcase name="testLockInterruptibly[20: transport=NIO, ssl=OPEN_SSL, worker-threads=1, nio-threads=0, node-count=3]" classname="io.hekate.lock.internal.DistributedLockTest" time="0.156"/>
  <testcase name="testLockWithTimeoutAfterReleaseByOtherNode[20: transport=NIO, ssl=OPEN_SSL, worker-threads=1, nio-threads=0, node-count=3]" classname="io.hekate.lock.internal.DistributedLockTest" time="0.83"/>
  <testcase name="testNonReentrantWithDifferentNodes[20: transport=NIO, ssl=OPEN_SSL, worker-threads=1, nio-threads=0, node-count=3]" classname="io.hekate.lock.internal.DistributedLockTest" time="0.134"/>
  <testcase name="testLockAfterQueuedNodeTermination[20: transport=NIO, ssl=OPEN_SSL, worker-threads=1, nio-threads=0, node-count=3]" classname="io.hekate.lock.internal.DistributedLockTest" time="0.659"/>
  <testcase name="testTryBusyLock[20: transport=NIO, ssl=OPEN_SSL, worker-threads=1, nio-threads=0, node-count=3]" classname="io.hekate.lock.internal.DistributedLockTest" time="0.127"/>
  <testcase name="testConcurrentLockFromDifferentNodes[20: transport=NIO, ssl=OPEN_SSL, worker-threads=1, nio-threads=0, node-count=3]" classname="io.hekate.lock.internal.DistributedLockTest" time="0.907"/>
  <testcase name="testTryFreeLockWithTimeout[20: transport=NIO, ssl=OPEN_SSL, worker-threads=1, nio-threads=0, node-count=3]" classname="io.hekate.lock.internal.DistributedLockTest" time="0.102"/>
  <testcase name="testTryLockWithTerminatedService[20: transport=NIO, ssl=OPEN_SSL, worker-threads=1, nio-threads=0, node-count=3]" classname="io.hekate.lock.internal.DistributedLockTest" time="0.05"/>
  <testcase name="testLockUnlockDifferentInstances[20: transport=NIO, ssl=OPEN_SSL, worker-threads=1, nio-threads=0, node-count=3]" classname="io.hekate.lock.internal.DistributedLockTest" time="0.107"/>
  <testcase name="testLockLivenessIfAtLeastOneNodeExists[20: transport=NIO, ssl=OPEN_SSL, worker-threads=1, nio-threads=0, node-count=3]" classname="io.hekate.lock.internal.DistributedLockTest" time="0.107"/>
  <testcase name="testTryBusyLockWithTimeout[20: transport=NIO, ssl=OPEN_SSL, worker-threads=1, nio-threads=0, node-count=3]" classname="io.hekate.lock.internal.DistributedLockTest" time="0.13"/>
  <testcase name="testCluster[20: transport=NIO, ssl=OPEN_SSL, worker-threads=1, nio-threads=0, node-count=3]" classname="io.hekate.lock.internal.DistributedLockTest" time="0.236"/>
  <testcase name="testLockAfterManagerLeave[20: transport=NIO, ssl=OPEN_SSL, worker-threads=1, nio-threads=0, node-count=3]" classname="io.hekate.lock.internal.DistributedLockTest" time="0.115"/>
  <testcase name="testLockWithTimeoutAfterManagerLeave[20: transport=NIO, ssl=OPEN_SSL, worker-threads=1, nio-threads=0, node-count=3]" classname="io.hekate.lock.internal.DistributedLockTest" time="0.09"/>
  <testcase name="testGetOwnerOfNonExistingLock[20: transport=NIO, ssl=OPEN_SSL, worker-threads=1, nio-threads=0, node-count=3]" classname="io.hekate.lock.internal.DistributedLockTest" time="0.081"/>
  <testcase name="testLockUnlockSameInstance[20: transport=NIO, ssl=OPEN_SSL, worker-threads=1, nio-threads=0, node-count=3]" classname="io.hekate.lock.internal.DistributedLockTest" time="0.119"/>
  <testcase name="testGetOwnerTerminatedService[20: transport=NIO, ssl=OPEN_SSL, worker-threads=1, nio-threads=0, node-count=3]" classname="io.hekate.lock.internal.DistributedLockTest" time="0.111"/>
  <testcase name="testTryLockWithTimeoutInterruptibly[21: transport=NIO, ssl=OPEN_SSL, worker-threads=2, nio-threads=2, node-count=3]" classname="io.hekate.lock.internal.DistributedLockTest" time="0.11"/>
  <testcase name="testGetOwner[21: transport=NIO, ssl=OPEN_SSL, worker-threads=2, nio-threads=2, node-count=3]" classname="io.hekate.lock.internal.DistributedLockTest" time="0.061"/>
  <testcase name="testLockUnlockAsyncSameInstance[21: transport=NIO, ssl=OPEN_SSL, worker-threads=2, nio-threads=2, node-count=3]" classname="io.hekate.lock.internal.DistributedLockTest" time="0.135"/>
  <testcase name="testQueuedLockAfterOtherLockTimeout[21: transport=NIO, ssl=OPEN_SSL, worker-threads=2, nio-threads=2, node-count=3]" classname="io.hekate.lock.internal.DistributedLockTest" time="0.845"/>
  <testcase name="testUnlockAfterOwnerLeaves[21: transport=NIO, ssl=OPEN_SSL, worker-threads=2, nio-threads=2, node-count=3]" classname="io.hekate.lock.internal.DistributedLockTest" time="0.083"/>
  <testcase name="testLockAfterManagerTermination[21: transport=NIO, ssl=OPEN_SSL, worker-threads=2, nio-threads=2, node-count=3]" classname="io.hekate.lock.internal.DistributedLockTest" time="0.837"/>
  <testcase name="testConcurrentLockFromSameNode[21: transport=NIO, ssl=OPEN_SSL, worker-threads=2, nio-threads=2, node-count=3]" classname="io.hekate.lock.internal.DistributedLockTest" time="0.513"/>
  <testcase name="testLockAfterReleaseByOtherNode[21: transport=NIO, ssl=OPEN_SSL, worker-threads=2, nio-threads=2, node-count=3]" classname="io.hekate.lock.internal.DistributedLockTest" time="0.837"/>
  <testcase name="testTryFreeLock[21: transport=NIO, ssl=OPEN_SSL, worker-threads=2, nio-threads=2, node-count=3]" classname="io.hekate.lock.internal.DistributedLockTest" time="0.109"/>
  <testcase name="testLockUnlockAsyncDifferentInstances[21: transport=NIO, ssl=OPEN_SSL, worker-threads=2, nio-threads=2, node-count=3]" classname="io.hekate.lock.internal.DistributedLockTest" time="0.066"/>
  <testcase name="testLockWithTimeoutAfterManagerTermination[21: transport=NIO, ssl=OPEN_SSL, worker-threads=2, nio-threads=2, node-count=3]" classname="io.hekate.lock.internal.DistributedLockTest" time="0.761"/>
  <testcase name="testLockAfterQueuedNodeLeave[21: transport=NIO, ssl=OPEN_SSL, worker-threads=2, nio-threads=2, node-count=3]" classname="io.hekate.lock.internal.DistributedLockTest" time="0.127"/>
  <testcase name="testLockInterruptibly[21: transport=NIO, ssl=OPEN_SSL, worker-threads=2, nio-threads=2, node-count=3]" classname="io.hekate.lock.internal.DistributedLockTest" time="0.116"/>
  <testcase name="testLockWithTimeoutAfterReleaseByOtherNode[21: transport=NIO, ssl=OPEN_SSL, worker-threads=2, nio-threads=2, node-count=3]" classname="io.hekate.lock.internal.DistributedLockTest" time="0.872"/>
  <testcase name="testNonReentrantWithDifferentNodes[21: transport=NIO, ssl=OPEN_SSL, worker-threads=2, nio-threads=2, node-count=3]" classname="io.hekate.lock.internal.DistributedLockTest" time="0.129"/>
  <testcase name="testLockAfterQueuedNodeTermination[21: transport=NIO, ssl=OPEN_SSL, worker-threads=2, nio-threads=2, node-count=3]" classname="io.hekate.lock.internal.DistributedLockTest" time="0.754"/>
  <testcase name="testTryBusyLock[21: transport=NIO, ssl=OPEN_SSL, worker-threads=2, nio-threads=2, node-count=3]" classname="io.hekate.lock.internal.DistributedLockTest" time="0.147"/>
  <testcase name="testConcurrentLockFromDifferentNodes[21: transport=NIO, ssl=OPEN_SSL, worker-threads=2, nio-threads=2, node-count=3]" classname="io.hekate.lock.internal.DistributedLockTest" time="0.929"/>
  <testcase name="testTryFreeLockWithTimeout[21: transport=NIO, ssl=OPEN_SSL, worker-threads=2, nio-threads=2, node-count=3]" classname="io.hekate.lock.internal.DistributedLockTest" time="0.081"/>
  <testcase name="testTryLockWithTerminatedService[21: transport=NIO, ssl=OPEN_SSL, worker-threads=2, nio-threads=2, node-count=3]" classname="io.hekate.lock.internal.DistributedLockTest" time="0.053"/>
  <testcase name="testLockUnlockDifferentInstances[21: transport=NIO, ssl=OPEN_SSL, worker-threads=2, nio-threads=2, node-count=3]" classname="io.hekate.lock.internal.DistributedLockTest" time="0.131"/>
  <testcase name="testLockLivenessIfAtLeastOneNodeExists[21: transport=NIO, ssl=OPEN_SSL, worker-threads=2, nio-threads=2, node-count=3]" classname="io.hekate.lock.internal.DistributedLockTest" time="0.164"/>
  <testcase name="testTryBusyLockWithTimeout[21: transport=NIO, ssl=OPEN_SSL, worker-threads=2, nio-threads=2, node-count=3]" classname="io.hekate.lock.internal.DistributedLockTest" time="0.137"/>
  <testcase name="testCluster[21: transport=NIO, ssl=OPEN_SSL, worker-threads=2, nio-threads=2, node-count=3]" classname="io.hekate.lock.internal.DistributedLockTest" time="0.133"/>
  <testcase name="testLockAfterManagerLeave[21: transport=NIO, ssl=OPEN_SSL, worker-threads=2, nio-threads=2, node-count=3]" classname="io.hekate.lock.internal.DistributedLockTest" time="0.185"/>
  <testcase name="testLockWithTimeoutAfterManagerLeave[21: transport=NIO, ssl=OPEN_SSL, worker-threads=2, nio-threads=2, node-count=3]" classname="io.hekate.lock.internal.DistributedLockTest" time="0.088"/>
  <testcase name="testGetOwnerOfNonExistingLock[21: transport=NIO, ssl=OPEN_SSL, worker-threads=2, nio-threads=2, node-count=3]" classname="io.hekate.lock.internal.DistributedLockTest" time="0.075"/>
  <testcase name="testLockUnlockSameInstance[21: transport=NIO, ssl=OPEN_SSL, worker-threads=2, nio-threads=2, node-count=3]" classname="io.hekate.lock.internal.DistributedLockTest" time="0.073"/>
  <testcase name="testGetOwnerTerminatedService[21: transport=NIO, ssl=OPEN_SSL, worker-threads=2, nio-threads=2, node-count=3]" classname="io.hekate.lock.internal.DistributedLockTest" time="0.057"/>
  <testcase name="testTryLockWithTimeoutInterruptibly[22: transport=NIO, ssl=OPEN_SSL, worker-threads=1, nio-threads=0, node-count=4]" classname="io.hekate.lock.internal.DistributedLockTest" time="0.139"/>
  <testcase name="testGetOwner[22: transport=NIO, ssl=OPEN_SSL, worker-threads=1, nio-threads=0, node-count=4]" classname="io.hekate.lock.internal.DistributedLockTest" time="0.125"/>
  <testcase name="testLockUnlockAsyncSameInstance[22: transport=NIO, ssl=OPEN_SSL, worker-threads=1, nio-threads=0, node-count=4]" classname="io.hekate.lock.internal.DistributedLockTest" time="0.132"/>
  <testcase name="testQueuedLockAfterOtherLockTimeout[22: transport=NIO, ssl=OPEN_SSL, worker-threads=1, nio-threads=0, node-count=4]" classname="io.hekate.lock.internal.DistributedLockTest" time="1.134"/>
  <testcase name="testUnlockAfterOwnerLeaves[22: transport=NIO, ssl=OPEN_SSL, worker-threads=1, nio-threads=0, node-count=4]" classname="io.hekate.lock.internal.DistributedLockTest" time="0.096"/>
  <testcase name="testLockAfterManagerTermination[22: transport=NIO, ssl=OPEN_SSL, worker-threads=1, nio-threads=0, node-count=4]" classname="io.hekate.lock.internal.DistributedLockTest" time="0.695"/>
  <testcase name="testConcurrentLockFromSameNode[22: transport=NIO, ssl=OPEN_SSL, worker-threads=1, nio-threads=0, node-count=4]" classname="io.hekate.lock.internal.DistributedLockTest" time="0.528"/>
  <testcase name="testLockAfterReleaseByOtherNode[22: transport=NIO, ssl=OPEN_SSL, worker-threads=1, nio-threads=0, node-count=4]" classname="io.hekate.lock.internal.DistributedLockTest" time="0.925"/>
  <testcase name="testTryFreeLock[22: transport=NIO, ssl=OPEN_SSL, worker-threads=1, nio-threads=0, node-count=4]" classname="io.hekate.lock.internal.DistributedLockTest" time="0.117"/>
  <testcase name="testLockUnlockAsyncDifferentInstances[22: transport=NIO, ssl=OPEN_SSL, worker-threads=1, nio-threads=0, node-count=4]" classname="io.hekate.lock.internal.DistributedLockTest" time="0.111"/>
  <testcase name="testLockWithTimeoutAfterManagerTermination[22: transport=NIO, ssl=OPEN_SSL, worker-threads=1, nio-threads=0, node-count=4]" classname="io.hekate.lock.internal.DistributedLockTest" time="0.76"/>
  <testcase name="testLockAfterQueuedNodeLeave[22: transport=NIO, ssl=OPEN_SSL, worker-threads=1, nio-threads=0, node-count=4]" classname="io.hekate.lock.internal.DistributedLockTest" time="0.162"/>
  <testcase name="testLockInterruptibly[22: transport=NIO, ssl=OPEN_SSL, worker-threads=1, nio-threads=0, node-count=4]" classname="io.hekate.lock.internal.DistributedLockTest" time="0.154"/>
  <testcase name="testLockWithTimeoutAfterReleaseByOtherNode[22: transport=NIO, ssl=OPEN_SSL, worker-threads=1, nio-threads=0, node-count=4]" classname="io.hekate.lock.internal.DistributedLockTest" time="1.131"/>
  <testcase name="testNonReentrantWithDifferentNodes[22: transport=NIO, ssl=OPEN_SSL, worker-threads=1, nio-threads=0, node-count=4]" classname="io.hekate.lock.internal.DistributedLockTest" time="0.193"/>
  <testcase name="testLockAfterQueuedNodeTermination[22: transport=NIO, ssl=OPEN_SSL, worker-threads=1, nio-threads=0, node-count=4]" classname="io.hekate.lock.internal.DistributedLockTest" time="0.767"/>
  <testcase name="testTryBusyLock[22: transport=NIO, ssl=OPEN_SSL, worker-threads=1, nio-threads=0, node-count=4]" classname="io.hekate.lock.internal.DistributedLockTest" time="0.209"/>
  <testcase name="testConcurrentLockFromDifferentNodes[22: transport=NIO, ssl=OPEN_SSL, worker-threads=1, nio-threads=0, node-count=4]" classname="io.hekate.lock.internal.DistributedLockTest" time="1.274"/>
  <testcase name="testTryFreeLockWithTimeout[22: transport=NIO, ssl=OPEN_SSL, worker-threads=1, nio-threads=0, node-count=4]" classname="io.hekate.lock.internal.DistributedLockTest" time="0.146"/>
  <testcase name="testTryLockWithTerminatedService[22: transport=NIO, ssl=OPEN_SSL, worker-threads=1, nio-threads=0, node-count=4]" classname="io.hekate.lock.internal.DistributedLockTest" time="0.077"/>
  <testcase name="testLockUnlockDifferentInstances[22: transport=NIO, ssl=OPEN_SSL, worker-threads=1, nio-threads=0, node-count=4]" classname="io.hekate.lock.internal.DistributedLockTest" time="0.098"/>
  <testcase name="testLockLivenessIfAtLeastOneNodeExists[22: transport=NIO, ssl=OPEN_SSL, worker-threads=1, nio-threads=0, node-count=4]" classname="io.hekate.lock.internal.DistributedLockTest" time="0.179"/>
  <testcase name="testTryBusyLockWithTimeout[22: transport=NIO, ssl=OPEN_SSL, worker-threads=1, nio-threads=0, node-count=4]" classname="io.hekate.lock.internal.DistributedLockTest" time="0.261"/>
  <testcase name="testCluster[22: transport=NIO, ssl=OPEN_SSL, worker-threads=1, nio-threads=0, node-count=4]" classname="io.hekate.lock.internal.DistributedLockTest" time="0.143"/>
  <testcase name="testLockAfterManagerLeave[22: transport=NIO, ssl=OPEN_SSL, worker-threads=1, nio-threads=0, node-count=4]" classname="io.hekate.lock.internal.DistributedLockTest" time="0.159"/>
  <testcase name="testLockWithTimeoutAfterManagerLeave[22: transport=NIO, ssl=OPEN_SSL, worker-threads=1, nio-threads=0, node-count=4]" classname="io.hekate.lock.internal.DistributedLockTest" time="0.12"/>
  <testcase name="testGetOwnerOfNonExistingLock[22: transport=NIO, ssl=OPEN_SSL, worker-threads=1, nio-threads=0, node-count=4]" classname="io.hekate.lock.internal.DistributedLockTest" time="0.126"/>
  <testcase name="testLockUnlockSameInstance[22: transport=NIO, ssl=OPEN_SSL, worker-threads=1, nio-threads=0, node-count=4]" classname="io.hekate.lock.internal.DistributedLockTest" time="0.112"/>
  <testcase name="testGetOwnerTerminatedService[22: transport=NIO, ssl=OPEN_SSL, worker-threads=1, nio-threads=0, node-count=4]" classname="io.hekate.lock.internal.DistributedLockTest" time="0.092"/>
  <testcase name="testTryLockWithTimeoutInterruptibly[23: transport=NIO, ssl=OPEN_SSL, worker-threads=2, nio-threads=2, node-count=4]" classname="io.hekate.lock.internal.DistributedLockTest" time="0.129"/>
  <testcase name="testGetOwner[23: transport=NIO, ssl=OPEN_SSL, worker-threads=2, nio-threads=2, node-count=4]" classname="io.hekate.lock.internal.DistributedLockTest" time="0.131"/>
  <testcase name="testLockUnlockAsyncSameInstance[23: transport=NIO, ssl=OPEN_SSL, worker-threads=2, nio-threads=2, node-count=4]" classname="io.hekate.lock.internal.DistributedLockTest" time="0.116"/>
  <testcase name="testQueuedLockAfterOtherLockTimeout[23: transport=NIO, ssl=OPEN_SSL, worker-threads=2, nio-threads=2, node-count=4]" classname="io.hekate.lock.internal.DistributedLockTest" time="1.12"/>
  <testcase name="testUnlockAfterOwnerLeaves[23: transport=NIO, ssl=OPEN_SSL, worker-threads=2, nio-threads=2, node-count=4]" classname="io.hekate.lock.internal.DistributedLockTest" time="0.131"/>
  <testcase name="testLockAfterManagerTermination[23: transport=NIO, ssl=OPEN_SSL, worker-threads=2, nio-threads=2, node-count=4]" classname="io.hekate.lock.internal.DistributedLockTest" time="0.658"/>
  <testcase name="testConcurrentLockFromSameNode[23: transport=NIO, ssl=OPEN_SSL, worker-threads=2, nio-threads=2, node-count=4]" classname="io.hekate.lock.internal.DistributedLockTest" time="0.527"/>
  <testcase name="testLockAfterReleaseByOtherNode[23: transport=NIO, ssl=OPEN_SSL, worker-threads=2, nio-threads=2, node-count=4]" classname="io.hekate.lock.internal.DistributedLockTest" time="1.112"/>
  <testcase name="testTryFreeLock[23: transport=NIO, ssl=OPEN_SSL, worker-threads=2, nio-threads=2, node-count=4]" classname="io.hekate.lock.internal.DistributedLockTest" time="0.145"/>
  <testcase name="testLockUnlockAsyncDifferentInstances[23: transport=NIO, ssl=OPEN_SSL, worker-threads=2, nio-threads=2, node-count=4]" classname="io.hekate.lock.internal.DistributedLockTest" time="0.165"/>
  <testcase name="testLockWithTimeoutAfterManagerTermination[23: transport=NIO, ssl=OPEN_SSL, worker-threads=2, nio-threads=2, node-count=4]" classname="io.hekate.lock.internal.DistributedLockTest" time="0.677"/>
  <testcase name="testLockAfterQueuedNodeLeave[23: transport=NIO, ssl=OPEN_SSL, worker-threads=2, nio-threads=2, node-count=4]" classname="io.hekate.lock.internal.DistributedLockTest" time="0.145"/>
  <testcase name="testLockInterruptibly[23: transport=NIO, ssl=OPEN_SSL, worker-threads=2, nio-threads=2, node-count=4]" classname="io.hekate.lock.internal.DistributedLockTest" time="0.177"/>
  <testcase name="testLockWithTimeoutAfterReleaseByOtherNode[23: transport=NIO, ssl=OPEN_SSL, worker-threads=2, nio-threads=2, node-count=4]" classname="io.hekate.lock.internal.DistributedLockTest" time="1.234"/>
  <testcase name="testNonReentrantWithDifferentNodes[23: transport=NIO, ssl=OPEN_SSL, worker-threads=2, nio-threads=2, node-count=4]" classname="io.hekate.lock.internal.DistributedLockTest" time="0.204"/>
  <testcase name="testLockAfterQueuedNodeTermination[23: transport=NIO, ssl=OPEN_SSL, worker-threads=2, nio-threads=2, node-count=4]" classname="io.hekate.lock.internal.DistributedLockTest" time="0.772"/>
  <testcase name="testTryBusyLock[23: transport=NIO, ssl=OPEN_SSL, worker-threads=2, nio-threads=2, node-count=4]" classname="io.hekate.lock.internal.DistributedLockTest" time="0.232"/>
  <testcase name="testConcurrentLockFromDifferentNodes[23: transport=NIO, ssl=OPEN_SSL, worker-threads=2, nio-threads=2, node-count=4]" classname="io.hekate.lock.internal.DistributedLockTest" time="1.219"/>
  <testcase name="testTryFreeLockWithTimeout[23: transport=NIO, ssl=OPEN_SSL, worker-threads=2, nio-threads=2, node-count=4]" classname="io.hekate.lock.internal.DistributedLockTest" time="0.13"/>
  <testcase name="testTryLockWithTerminatedService[23: transport=NIO, ssl=OPEN_SSL, worker-threads=2, nio-threads=2, node-count=4]" classname="io.hekate.lock.internal.DistributedLockTest" time="0.076"/>
  <testcase name="testLockUnlockDifferentInstances[23: transport=NIO, ssl=OPEN_SSL, worker-threads=2, nio-threads=2, node-count=4]" classname="io.hekate.lock.internal.DistributedLockTest" time="0.109"/>
  <testcase name="testLockLivenessIfAtLeastOneNodeExists[23: transport=NIO, ssl=OPEN_SSL, worker-threads=2, nio-threads=2, node-count=4]" classname="io.hekate.lock.internal.DistributedLockTest" time="0.207"/>
  <testcase name="testTryBusyLockWithTimeout[23: transport=NIO, ssl=OPEN_SSL, worker-threads=2, nio-threads=2, node-count=4]" classname="io.hekate.lock.internal.DistributedLockTest" time="0.211"/>
  <testcase name="testCluster[23: transport=NIO, ssl=OPEN_SSL, worker-threads=2, nio-threads=2, node-count=4]" classname="io.hekate.lock.internal.DistributedLockTest" time="0.138"/>
  <testcase name="testLockAfterManagerLeave[23: transport=NIO, ssl=OPEN_SSL, worker-threads=2, nio-threads=2, node-count=4]" classname="io.hekate.lock.internal.DistributedLockTest" time="0.154"/>
  <testcase name="testLockWithTimeoutAfterManagerLeave[23: transport=NIO, ssl=OPEN_SSL, worker-threads=2, nio-threads=2, node-count=4]" classname="io.hekate.lock.internal.DistributedLockTest" time="0.11"/>
  <testcase name="testGetOwnerOfNonExistingLock[23: transport=NIO, ssl=OPEN_SSL, worker-threads=2, nio-threads=2, node-count=4]" classname="io.hekate.lock.internal.DistributedLockTest" time="0.133"/>
  <testcase name="testLockUnlockSameInstance[23: transport=NIO, ssl=OPEN_SSL, worker-threads=2, nio-threads=2, node-count=4]" classname="io.hekate.lock.internal.DistributedLockTest" time="0.113"/>
  <testcase name="testGetOwnerTerminatedService[23: transport=NIO, ssl=OPEN_SSL, worker-threads=2, nio-threads=2, node-count=4]" classname="io.hekate.lock.internal.DistributedLockTest" time="0.166"/>
  <testcase name="testTryLockWithTimeoutInterruptibly[24: transport=EPOLL, worker-threads=1, nio-threads=0, node-count=1]" classname="io.hekate.lock.internal.DistributedLockTest" time="0.016"/>
  <testcase name="testGetOwner[24: transport=EPOLL, worker-threads=1, nio-threads=0, node-count=1]" classname="io.hekate.lock.internal.DistributedLockTest" time="0.007"/>
  <testcase name="testLockUnlockAsyncSameInstance[24: transport=EPOLL, worker-threads=1, nio-threads=0, node-count=1]" classname="io.hekate.lock.internal.DistributedLockTest" time="0.008"/>
  <testcase name="testQueuedLockAfterOtherLockTimeout[24: transport=EPOLL, worker-threads=1, nio-threads=0, node-count=1]" classname="io.hekate.lock.internal.DistributedLockTest" time="0.26"/>
  <testcase name="testUnlockAfterOwnerLeaves[24: transport=EPOLL, worker-threads=1, nio-threads=0, node-count=1]" classname="io.hekate.lock.internal.DistributedLockTest" time="0.01"/>
  <testcase name="testLockAfterManagerTermination[24: transport=EPOLL, worker-threads=1, nio-threads=0, node-count=1]" classname="io.hekate.lock.internal.DistributedLockTest" time="0.008"/>
  <testcase name="testConcurrentLockFromSameNode[24: transport=EPOLL, worker-threads=1, nio-threads=0, node-count=1]" classname="io.hekate.lock.internal.DistributedLockTest" time="0.308"/>
  <testcase name="testLockAfterReleaseByOtherNode[24: transport=EPOLL, worker-threads=1, nio-threads=0, node-count=1]" classname="io.hekate.lock.internal.DistributedLockTest" time="0.245"/>
  <testcase name="testTryFreeLock[24: transport=EPOLL, worker-threads=1, nio-threads=0, node-count=1]" classname="io.hekate.lock.internal.DistributedLockTest" time="0.013"/>
  <testcase name="testLockUnlockAsyncDifferentInstances[24: transport=EPOLL, worker-threads=1, nio-threads=0, node-count=1]" classname="io.hekate.lock.internal.DistributedLockTest" time="0.011"/>
  <testcase name="testLockWithTimeoutAfterManagerTermination[24: transport=EPOLL, worker-threads=1, nio-threads=0, node-count=1]" classname="io.hekate.lock.internal.DistributedLockTest" time="0.007"/>
  <testcase name="testLockAfterQueuedNodeLeave[24: transport=EPOLL, worker-threads=1, nio-threads=0, node-count=1]" classname="io.hekate.lock.internal.DistributedLockTest" time="0.007"/>
  <testcase name="testLockInterruptibly[24: transport=EPOLL, worker-threads=1, nio-threads=0, node-count=1]" classname="io.hekate.lock.internal.DistributedLockTest" time="0.022"/>
  <testcase name="testLockWithTimeoutAfterReleaseByOtherNode[24: transport=EPOLL, worker-threads=1, nio-threads=0, node-count=1]" classname="io.hekate.lock.internal.DistributedLockTest" time="0.115"/>
  <testcase name="testNonReentrantWithDifferentNodes[24: transport=EPOLL, worker-threads=1, nio-threads=0, node-count=1]" classname="io.hekate.lock.internal.DistributedLockTest" time="0.008"/>
  <testcase name="testLockAfterQueuedNodeTermination[24: transport=EPOLL, worker-threads=1, nio-threads=0, node-count=1]" classname="io.hekate.lock.internal.DistributedLockTest" time="0.009"/>
  <testcase name="testTryBusyLock[24: transport=EPOLL, worker-threads=1, nio-threads=0, node-count=1]" classname="io.hekate.lock.internal.DistributedLockTest" time="0.011"/>
  <testcase name="testConcurrentLockFromDifferentNodes[24: transport=EPOLL, worker-threads=1, nio-threads=0, node-count=1]" classname="io.hekate.lock.internal.DistributedLockTest" time="0.007"/>
  <testcase name="testTryFreeLockWithTimeout[24: transport=EPOLL, worker-threads=1, nio-threads=0, node-count=1]" classname="io.hekate.lock.internal.DistributedLockTest" time="0.01"/>
  <testcase name="testTryLockWithTerminatedService[24: transport=EPOLL, worker-threads=1, nio-threads=0, node-count=1]" classname="io.hekate.lock.internal.DistributedLockTest" time="0.007"/>
  <testcase name="testLockUnlockDifferentInstances[24: transport=EPOLL, worker-threads=1, nio-threads=0, node-count=1]" classname="io.hekate.lock.internal.DistributedLockTest" time="0.01"/>
  <testcase name="testLockLivenessIfAtLeastOneNodeExists[24: transport=EPOLL, worker-threads=1, nio-threads=0, node-count=1]" classname="io.hekate.lock.internal.DistributedLockTest" time="0.007"/>
  <testcase name="testTryBusyLockWithTimeout[24: transport=EPOLL, worker-threads=1, nio-threads=0, node-count=1]" classname="io.hekate.lock.internal.DistributedLockTest" time="0.012"/>
  <testcase name="testCluster[24: transport=EPOLL, worker-threads=1, nio-threads=0, node-count=1]" classname="io.hekate.lock.internal.DistributedLockTest" time="0.033"/>
  <testcase name="testLockAfterManagerLeave[24: transport=EPOLL, worker-threads=1, nio-threads=0, node-count=1]" classname="io.hekate.lock.internal.DistributedLockTest" time="0.007"/>
  <testcase name="testLockWithTimeoutAfterManagerLeave[24: transport=EPOLL, worker-threads=1, nio-threads=0, node-count=1]" classname="io.hekate.lock.internal.DistributedLockTest" time="0.006"/>
  <testcase name="testGetOwnerOfNonExistingLock[24: transport=EPOLL, worker-threads=1, nio-threads=0, node-count=1]" classname="io.hekate.lock.internal.DistributedLockTest" time="0.007"/>
  <testcase name="testLockUnlockSameInstance[24: transport=EPOLL, worker-threads=1, nio-threads=0, node-count=1]" classname="io.hekate.lock.internal.DistributedLockTest" time="0.008"/>
  <testcase name="testGetOwnerTerminatedService[24: transport=EPOLL, worker-threads=1, nio-threads=0, node-count=1]" classname="io.hekate.lock.internal.DistributedLockTest" time="0.007"/>
  <testcase name="testTryLockWithTimeoutInterruptibly[25: transport=EPOLL, worker-threads=2, nio-threads=2, node-count=1]" classname="io.hekate.lock.internal.DistributedLockTest" time="0.017"/>
  <testcase name="testGetOwner[25: transport=EPOLL, worker-threads=2, nio-threads=2, node-count=1]" classname="io.hekate.lock.internal.DistributedLockTest" time="0.007"/>
  <testcase name="testLockUnlockAsyncSameInstance[25: transport=EPOLL, worker-threads=2, nio-threads=2, node-count=1]" classname="io.hekate.lock.internal.DistributedLockTest" time="0.008"/>
  <testcase name="testQueuedLockAfterOtherLockTimeout[25: transport=EPOLL, worker-threads=2, nio-threads=2, node-count=1]" classname="io.hekate.lock.internal.DistributedLockTest" time="0.261"/>
  <testcase name="testUnlockAfterOwnerLeaves[25: transport=EPOLL, worker-threads=2, nio-threads=2, node-count=1]" classname="io.hekate.lock.internal.DistributedLockTest" time="0.011"/>
  <testcase name="testLockAfterManagerTermination[25: transport=EPOLL, worker-threads=2, nio-threads=2, node-count=1]" classname="io.hekate.lock.internal.DistributedLockTest" time="0.011"/>
  <testcase name="testConcurrentLockFromSameNode[25: transport=EPOLL, worker-threads=2, nio-threads=2, node-count=1]" classname="io.hekate.lock.internal.DistributedLockTest" time="0.329"/>
  <testcase name="testLockAfterReleaseByOtherNode[25: transport=EPOLL, worker-threads=2, nio-threads=2, node-count=1]" classname="io.hekate.lock.internal.DistributedLockTest" time="0.246"/>
  <testcase name="testTryFreeLock[25: transport=EPOLL, worker-threads=2, nio-threads=2, node-count=1]" classname="io.hekate.lock.internal.DistributedLockTest" time="0.013"/>
  <testcase name="testLockUnlockAsyncDifferentInstances[25: transport=EPOLL, worker-threads=2, nio-threads=2, node-count=1]" classname="io.hekate.lock.internal.DistributedLockTest" time="0.011"/>
  <testcase name="testLockWithTimeoutAfterManagerTermination[25: transport=EPOLL, worker-threads=2, nio-threads=2, node-count=1]" classname="io.hekate.lock.internal.DistributedLockTest" time="0.008"/>
  <testcase name="testLockAfterQueuedNodeLeave[25: transport=EPOLL, worker-threads=2, nio-threads=2, node-count=1]" classname="io.hekate.lock.internal.DistributedLockTest" time="0.007"/>
  <testcase name="testLockInterruptibly[25: transport=EPOLL, worker-threads=2, nio-threads=2, node-count=1]" classname="io.hekate.lock.internal.DistributedLockTest" time="0.018"/>
  <testcase name="testLockWithTimeoutAfterReleaseByOtherNode[25: transport=EPOLL, worker-threads=2, nio-threads=2, node-count=1]" classname="io.hekate.lock.internal.DistributedLockTest" time="0.218"/>
  <testcase name="testNonReentrantWithDifferentNodes[25: transport=EPOLL, worker-threads=2, nio-threads=2, node-count=1]" classname="io.hekate.lock.internal.DistributedLockTest" time="0.014"/>
  <testcase name="testLockAfterQueuedNodeTermination[25: transport=EPOLL, worker-threads=2, nio-threads=2, node-count=1]" classname="io.hekate.lock.internal.DistributedLockTest" time="0.01"/>
  <testcase name="testTryBusyLock[25: transport=EPOLL, worker-threads=2, nio-threads=2, node-count=1]" classname="io.hekate.lock.internal.DistributedLockTest" time="0.016"/>
  <testcase name="testConcurrentLockFromDifferentNodes[25: transport=EPOLL, worker-threads=2, nio-threads=2, node-count=1]" classname="io.hekate.lock.internal.DistributedLockTest" time="0.009"/>
  <testcase name="testTryFreeLockWithTimeout[25: transport=EPOLL, worker-threads=2, nio-threads=2, node-count=1]" classname="io.hekate.lock.internal.DistributedLockTest" time="0.013"/>
  <testcase name="testTryLockWithTerminatedService[25: transport=EPOLL, worker-threads=2, nio-threads=2, node-count=1]" classname="io.hekate.lock.internal.DistributedLockTest" time="0.009"/>
  <testcase name="testLockUnlockDifferentInstances[25: transport=EPOLL, worker-threads=2, nio-threads=2, node-count=1]" classname="io.hekate.lock.internal.DistributedLockTest" time="0.024"/>
  <testcase name="testLockLivenessIfAtLeastOneNodeExists[25: transport=EPOLL, worker-threads=2, nio-threads=2, node-count=1]" classname="io.hekate.lock.internal.DistributedLockTest" time="0.008"/>
  <testcase name="testTryBusyLockWithTimeout[25: transport=EPOLL, worker-threads=2, nio-threads=2, node-count=1]" classname="io.hekate.lock.internal.DistributedLockTest" time="0.012"/>
  <testcase name="testCluster[25: transport=EPOLL, worker-threads=2, nio-threads=2, node-count=1]" classname="io.hekate.lock.internal.DistributedLockTest" time="0.017"/>
  <testcase name="testLockAfterManagerLeave[25: transport=EPOLL, worker-threads=2, nio-threads=2, node-count=1]" classname="io.hekate.lock.internal.DistributedLockTest" time="0.006"/>
  <testcase name="testLockWithTimeoutAfterManagerLeave[25: transport=EPOLL, worker-threads=2, nio-threads=2, node-count=1]" classname="io.hekate.lock.internal.DistributedLockTest" time="0.007"/>
  <testcase name="testGetOwnerOfNonExistingLock[25: transport=EPOLL, worker-threads=2, nio-threads=2, node-count=1]" classname="io.hekate.lock.internal.DistributedLockTest" time="0.008"/>
  <testcase name="testLockUnlockSameInstance[25: transport=EPOLL, worker-threads=2, nio-threads=2, node-count=1]" classname="io.hekate.lock.internal.DistributedLockTest" time="0.022"/>
  <testcase name="testGetOwnerTerminatedService[25: transport=EPOLL, worker-threads=2, nio-threads=2, node-count=1]" classname="io.hekate.lock.internal.DistributedLockTest" time="0.013"/>
  <testcase name="testTryLockWithTimeoutInterruptibly[26: transport=EPOLL, worker-threads=1, nio-threads=0, node-count=2]" classname="io.hekate.lock.internal.DistributedLockTest" time="0.076"/>
  <testcase name="testGetOwner[26: transport=EPOLL, worker-threads=1, nio-threads=0, node-count=2]" classname="io.hekate.lock.internal.DistributedLockTest" time="0.032"/>
  <testcase name="testLockUnlockAsyncSameInstance[26: transport=EPOLL, worker-threads=1, nio-threads=0, node-count=2]" classname="io.hekate.lock.internal.DistributedLockTest" time="0.035"/>
  <testcase name="testQueuedLockAfterOtherLockTimeout[26: transport=EPOLL, worker-threads=1, nio-threads=0, node-count=2]" classname="io.hekate.lock.internal.DistributedLockTest" time="0.536"/>
  <testcase name="testUnlockAfterOwnerLeaves[26: transport=EPOLL, worker-threads=1, nio-threads=0, node-count=2]" classname="io.hekate.lock.internal.DistributedLockTest" time="0.051"/>
  <testcase name="testLockAfterManagerTermination[26: transport=EPOLL, worker-threads=1, nio-threads=0, node-count=2]" classname="io.hekate.lock.internal.DistributedLockTest" time="0.613"/>
  <testcase name="testConcurrentLockFromSameNode[26: transport=EPOLL, worker-threads=1, nio-threads=0, node-count=2]" classname="io.hekate.lock.internal.DistributedLockTest" time="0.405"/>
  <testcase name="testLockAfterReleaseByOtherNode[26: transport=EPOLL, worker-threads=1, nio-threads=0, node-count=2]" classname="io.hekate.lock.internal.DistributedLockTest" time="0.509"/>
  <testcase name="testTryFreeLock[26: transport=EPOLL, worker-threads=1, nio-threads=0, node-count=2]" classname="io.hekate.lock.internal.DistributedLockTest" time="0.037"/>
  <testcase name="testLockUnlockAsyncDifferentInstances[26: transport=EPOLL, worker-threads=1, nio-threads=0, node-count=2]" classname="io.hekate.lock.internal.DistributedLockTest" time="0.034"/>
  <testcase name="testLockWithTimeoutAfterManagerTermination[26: transport=EPOLL, worker-threads=1, nio-threads=0, node-count=2]" classname="io.hekate.lock.internal.DistributedLockTest" time="0.623"/>
  <testcase name="testLockAfterQueuedNodeLeave[26: transport=EPOLL, worker-threads=1, nio-threads=0, node-count=2]" classname="io.hekate.lock.internal.DistributedLockTest" time="0.075"/>
  <testcase name="testLockInterruptibly[26: transport=EPOLL, worker-threads=1, nio-threads=0, node-count=2]" classname="io.hekate.lock.internal.DistributedLockTest" time="0.056"/>
  <testcase name="testLockWithTimeoutAfterReleaseByOtherNode[26: transport=EPOLL, worker-threads=1, nio-threads=0, node-count=2]" classname="io.hekate.lock.internal.DistributedLockTest" time="0.51"/>
  <testcase name="testNonReentrantWithDifferentNodes[26: transport=EPOLL, worker-threads=1, nio-threads=0, node-count=2]" classname="io.hekate.lock.internal.DistributedLockTest" time="0.044"/>
  <testcase name="testLockAfterQueuedNodeTermination[26: transport=EPOLL, worker-threads=1, nio-threads=0, node-count=2]" classname="io.hekate.lock.internal.DistributedLockTest" time="0.625"/>
  <testcase name="testTryBusyLock[26: transport=EPOLL, worker-threads=1, nio-threads=0, node-count=2]" classname="io.hekate.lock.internal.DistributedLockTest" time="0.053"/>
  <testcase name="testConcurrentLockFromDifferentNodes[26: transport=EPOLL, worker-threads=1, nio-threads=0, node-count=2]" classname="io.hekate.lock.internal.DistributedLockTest" time="0.576"/>
  <testcase name="testTryFreeLockWithTimeout[26: transport=EPOLL, worker-threads=1, nio-threads=0, node-count=2]" classname="io.hekate.lock.internal.DistributedLockTest" time="0.043"/>
  <testcase name="testTryLockWithTerminatedService[26: transport=EPOLL, worker-threads=1, nio-threads=0, node-count=2]" classname="io.hekate.lock.internal.DistributedLockTest" time="0.02"/>
  <testcase name="testLockUnlockDifferentInstances[26: transport=EPOLL, worker-threads=1, nio-threads=0, node-count=2]" classname="io.hekate.lock.internal.DistributedLockTest" time="0.037"/>
  <testcase name="testLockLivenessIfAtLeastOneNodeExists[26: transport=EPOLL, worker-threads=1, nio-threads=0, node-count=2]" classname="io.hekate.lock.internal.DistributedLockTest" time="0.058"/>
  <testcase name="testTryBusyLockWithTimeout[26: transport=EPOLL, worker-threads=1, nio-threads=0, node-count=2]" classname="io.hekate.lock.internal.DistributedLockTest" time="0.05"/>
  <testcase name="testCluster[26: transport=EPOLL, worker-threads=1, nio-threads=0, node-count=2]" classname="io.hekate.lock.internal.DistributedLockTest" time="0.032"/>
  <testcase name="testLockAfterManagerLeave[26: transport=EPOLL, worker-threads=1, nio-threads=0, node-count=2]" classname="io.hekate.lock.internal.DistributedLockTest" time="0.053"/>
  <testcase name="testLockWithTimeoutAfterManagerLeave[26: transport=EPOLL, worker-threads=1, nio-threads=0, node-count=2]" classname="io.hekate.lock.internal.DistributedLockTest" time="0.076"/>
  <testcase name="testGetOwnerOfNonExistingLock[26: transport=EPOLL, worker-threads=1, nio-threads=0, node-count=2]" classname="io.hekate.lock.internal.DistributedLockTest" time="0.054"/>
  <testcase name="testLockUnlockSameInstance[26: transport=EPOLL, worker-threads=1, nio-threads=0, node-count=2]" classname="io.hekate.lock.internal.DistributedLockTest" time="0.08"/>
  <testcase name="testGetOwnerTerminatedService[26: transport=EPOLL, worker-threads=1, nio-threads=0, node-count=2]" classname="io.hekate.lock.internal.DistributedLockTest" time="0.027"/>
  <testcase name="testTryLockWithTimeoutInterruptibly[27: transport=EPOLL, worker-threads=2, nio-threads=2, node-count=2]" classname="io.hekate.lock.internal.DistributedLockTest" time="0.059"/>
  <testcase name="testGetOwner[27: transport=EPOLL, worker-threads=2, nio-threads=2, node-count=2]" classname="io.hekate.lock.internal.DistributedLockTest" time="0.029"/>
  <testcase name="testLockUnlockAsyncSameInstance[27: transport=EPOLL, worker-threads=2, nio-threads=2, node-count=2]" classname="io.hekate.lock.internal.DistributedLockTest" time="0.03"/>
  <testcase name="testQueuedLockAfterOtherLockTimeout[27: transport=EPOLL, worker-threads=2, nio-threads=2, node-count=2]" classname="io.hekate.lock.internal.DistributedLockTest" time="0.539"/>
  <testcase name="testUnlockAfterOwnerLeaves[27: transport=EPOLL, worker-threads=2, nio-threads=2, node-count=2]" classname="io.hekate.lock.internal.DistributedLockTest" time="0.036"/>
  <testcase name="testLockAfterManagerTermination[27: transport=EPOLL, worker-threads=2, nio-threads=2, node-count=2]" classname="io.hekate.lock.internal.DistributedLockTest" time="0.619"/>
  <testcase name="testConcurrentLockFromSameNode[27: transport=EPOLL, worker-threads=2, nio-threads=2, node-count=2]" classname="io.hekate.lock.internal.DistributedLockTest" time="0.37"/>
  <testcase name="testLockAfterReleaseByOtherNode[27: transport=EPOLL, worker-threads=2, nio-threads=2, node-count=2]" classname="io.hekate.lock.internal.DistributedLockTest" time="0.441"/>
  <testcase name="testTryFreeLock[27: transport=EPOLL, worker-threads=2, nio-threads=2, node-count=2]" classname="io.hekate.lock.internal.DistributedLockTest" time="0.05"/>
  <testcase name="testLockUnlockAsyncDifferentInstances[27: transport=EPOLL, worker-threads=2, nio-threads=2, node-count=2]" classname="io.hekate.lock.internal.DistributedLockTest" time="0.033"/>
  <testcase name="testLockWithTimeoutAfterManagerTermination[27: transport=EPOLL, worker-threads=2, nio-threads=2, node-count=2]" classname="io.hekate.lock.internal.DistributedLockTest" time="0.618"/>
  <testcase name="testLockAfterQueuedNodeLeave[27: transport=EPOLL, worker-threads=2, nio-threads=2, node-count=2]" classname="io.hekate.lock.internal.DistributedLockTest" time="0.049"/>
  <testcase name="testLockInterruptibly[27: transport=EPOLL, worker-threads=2, nio-threads=2, node-count=2]" classname="io.hekate.lock.internal.DistributedLockTest" time="0.061"/>
  <testcase name="testLockWithTimeoutAfterReleaseByOtherNode[27: transport=EPOLL, worker-threads=2, nio-threads=2, node-count=2]" classname="io.hekate.lock.internal.DistributedLockTest" time="0.541"/>
  <testcase name="testNonReentrantWithDifferentNodes[27: transport=EPOLL, worker-threads=2, nio-threads=2, node-count=2]" classname="io.hekate.lock.internal.DistributedLockTest" time="0.049"/>
  <testcase name="testLockAfterQueuedNodeTermination[27: transport=EPOLL, worker-threads=2, nio-threads=2, node-count=2]" classname="io.hekate.lock.internal.DistributedLockTest" time="0.626"/>
  <testcase name="testTryBusyLock[27: transport=EPOLL, worker-threads=2, nio-threads=2, node-count=2]" classname="io.hekate.lock.internal.DistributedLockTest" time="0.079"/>
  <testcase name="testConcurrentLockFromDifferentNodes[27: transport=EPOLL, worker-threads=2, nio-threads=2, node-count=2]" classname="io.hekate.lock.internal.DistributedLockTest" time="0.566"/>
  <testcase name="testTryFreeLockWithTimeout[27: transport=EPOLL, worker-threads=2, nio-threads=2, node-count=2]" classname="io.hekate.lock.internal.DistributedLockTest" time="0.042"/>
  <testcase name="testTryLockWithTerminatedService[27: transport=EPOLL, worker-threads=2, nio-threads=2, node-count=2]" classname="io.hekate.lock.internal.DistributedLockTest" time="0.02"/>
  <testcase name="testLockUnlockDifferentInstances[27: transport=EPOLL, worker-threads=2, nio-threads=2, node-count=2]" classname="io.hekate.lock.internal.DistributedLockTest" time="0.041"/>
  <testcase name="testLockLivenessIfAtLeastOneNodeExists[27: transport=EPOLL, worker-threads=2, nio-threads=2, node-count=2]" classname="io.hekate.lock.internal.DistributedLockTest" time="0.058"/>
  <testcase name="testTryBusyLockWithTimeout[27: transport=EPOLL, worker-threads=2, nio-threads=2, node-count=2]" classname="io.hekate.lock.internal.DistributedLockTest" time="0.053"/>
  <testcase name="testCluster[27: transport=EPOLL, worker-threads=2, nio-threads=2, node-count=2]" classname="io.hekate.lock.internal.DistributedLockTest" time="0.03"/>
  <testcase name="testLockAfterManagerLeave[27: transport=EPOLL, worker-threads=2, nio-threads=2, node-count=2]" classname="io.hekate.lock.internal.DistributedLockTest" time="0.104"/>
  <testcase name="testLockWithTimeoutAfterManagerLeave[27: transport=EPOLL, worker-threads=2, nio-threads=2, node-count=2]" classname="io.hekate.lock.internal.DistributedLockTest" time="0.052"/>
  <testcase name="testGetOwnerOfNonExistingLock[27: transport=EPOLL, worker-threads=2, nio-threads=2, node-count=2]" classname="io.hekate.lock.internal.DistributedLockTest" time="0.035"/>
  <testcase name="testLockUnlockSameInstance[27: transport=EPOLL, worker-threads=2, nio-threads=2, node-count=2]" classname="io.hekate.lock.internal.DistributedLockTest" time="0.038"/>
  <testcase name="testGetOwnerTerminatedService[27: transport=EPOLL, worker-threads=2, nio-threads=2, node-count=2]" classname="io.hekate.lock.internal.DistributedLockTest" time="0.058"/>
  <testcase name="testTryLockWithTimeoutInterruptibly[28: transport=EPOLL, worker-threads=1, nio-threads=0, node-count=3]" classname="io.hekate.lock.internal.DistributedLockTest" time="0.064"/>
  <testcase name="testGetOwner[28: transport=EPOLL, worker-threads=1, nio-threads=0, node-count=3]" classname="io.hekate.lock.internal.DistributedLockTest" time="0.046"/>
  <testcase name="testLockUnlockAsyncSameInstance[28: transport=EPOLL, worker-threads=1, nio-threads=0, node-count=3]" classname="io.hekate.lock.internal.DistributedLockTest" time="0.057"/>
  <testcase name="testQueuedLockAfterOtherLockTimeout[28: transport=EPOLL, worker-threads=1, nio-threads=0, node-count=3]" classname="io.hekate.lock.internal.DistributedLockTest" time="0.799"/>
  <testcase name="testUnlockAfterOwnerLeaves[28: transport=EPOLL, worker-threads=1, nio-threads=0, node-count=3]" classname="io.hekate.lock.internal.DistributedLockTest" time="0.045"/>
  <testcase name="testLockAfterManagerTermination[28: transport=EPOLL, worker-threads=1, nio-threads=0, node-count=3]" classname="io.hekate.lock.internal.DistributedLockTest" time="0.728"/>
  <testcase name="testConcurrentLockFromSameNode[28: transport=EPOLL, worker-threads=1, nio-threads=0, node-count=3]" classname="io.hekate.lock.internal.DistributedLockTest" time="0.357"/>
  <testcase name="testLockAfterReleaseByOtherNode[28: transport=EPOLL, worker-threads=1, nio-threads=0, node-count=3]" classname="io.hekate.lock.internal.DistributedLockTest" time="0.69"/>
  <testcase name="testTryFreeLock[28: transport=EPOLL, worker-threads=1, nio-threads=0, node-count=3]" classname="io.hekate.lock.internal.DistributedLockTest" time="0.055"/>
  <testcase name="testLockUnlockAsyncDifferentInstances[28: transport=EPOLL, worker-threads=1, nio-threads=0, node-count=3]" classname="io.hekate.lock.internal.DistributedLockTest" time="0.047"/>
  <testcase name="testLockWithTimeoutAfterManagerTermination[28: transport=EPOLL, worker-threads=1, nio-threads=0, node-count=3]" classname="io.hekate.lock.internal.DistributedLockTest" time="0.635"/>
  <testcase name="testLockAfterQueuedNodeLeave[28: transport=EPOLL, worker-threads=1, nio-threads=0, node-count=3]" classname="io.hekate.lock.internal.DistributedLockTest" time="0.09"/>
  <testcase name="testLockInterruptibly[28: transport=EPOLL, worker-threads=1, nio-threads=0, node-count=3]" classname="io.hekate.lock.internal.DistributedLockTest" time="0.083"/>
  <testcase name="testLockWithTimeoutAfterReleaseByOtherNode[28: transport=EPOLL, worker-threads=1, nio-threads=0, node-count=3]" classname="io.hekate.lock.internal.DistributedLockTest" time="0.726"/>
  <testcase name="testNonReentrantWithDifferentNodes[28: transport=EPOLL, worker-threads=1, nio-threads=0, node-count=3]" classname="io.hekate.lock.internal.DistributedLockTest" time="0.13"/>
  <testcase name="testLockAfterQueuedNodeTermination[28: transport=EPOLL, worker-threads=1, nio-threads=0, node-count=3]" classname="io.hekate.lock.internal.DistributedLockTest" time="0.638"/>
  <testcase name="testTryBusyLock[28: transport=EPOLL, worker-threads=1, nio-threads=0, node-count=3]" classname="io.hekate.lock.internal.DistributedLockTest" time="0.104"/>
  <testcase name="testConcurrentLockFromDifferentNodes[28: transport=EPOLL, worker-threads=1, nio-threads=0, node-count=3]" classname="io.hekate.lock.internal.DistributedLockTest" time="0.871"/>
  <testcase name="testTryFreeLockWithTimeout[28: transport=EPOLL, worker-threads=1, nio-threads=0, node-count=3]" classname="io.hekate.lock.internal.DistributedLockTest" time="0.052"/>
  <testcase name="testTryLockWithTerminatedService[28: transport=EPOLL, worker-threads=1, nio-threads=0, node-count=3]" classname="io.hekate.lock.internal.DistributedLockTest" time="0.034"/>
  <testcase name="testLockUnlockDifferentInstances[28: transport=EPOLL, worker-threads=1, nio-threads=0, node-count=3]" classname="io.hekate.lock.internal.DistributedLockTest" time="0.07"/>
  <testcase name="testLockLivenessIfAtLeastOneNodeExists[28: transport=EPOLL, worker-threads=1, nio-threads=0, node-count=3]" classname="io.hekate.lock.internal.DistributedLockTest" time="0.099"/>
  <testcase name="testTryBusyLockWithTimeout[28: transport=EPOLL, worker-threads=1, nio-threads=0, node-count=3]" classname="io.hekate.lock.internal.DistributedLockTest" time="0.074"/>
  <testcase name="testCluster[28: transport=EPOLL, worker-threads=1, nio-threads=0, node-count=3]" classname="io.hekate.lock.internal.DistributedLockTest" time="0.123"/>
  <testcase name="testLockAfterManagerLeave[28: transport=EPOLL, worker-threads=1, nio-threads=0, node-count=3]" classname="io.hekate.lock.internal.DistributedLockTest" time="0.074"/>
  <testcase name="testLockWithTimeoutAfterManagerLeave[28: transport=EPOLL, worker-threads=1, nio-threads=0, node-count=3]" classname="io.hekate.lock.internal.DistributedLockTest" time="0.084"/>
  <testcase name="testGetOwnerOfNonExistingLock[28: transport=EPOLL, worker-threads=1, nio-threads=0, node-count=3]" classname="io.hekate.lock.internal.DistributedLockTest" time="0.123"/>
  <testcase name="testLockUnlockSameInstance[28: transport=EPOLL, worker-threads=1, nio-threads=0, node-count=3]" classname="io.hekate.lock.internal.DistributedLockTest" time="0.056"/>
  <testcase name="testGetOwnerTerminatedService[28: transport=EPOLL, worker-threads=1, nio-threads=0, node-count=3]" classname="io.hekate.lock.internal.DistributedLockTest" time="0.057"/>
  <testcase name="testTryLockWithTimeoutInterruptibly[29: transport=EPOLL, worker-threads=2, nio-threads=2, node-count=3]" classname="io.hekate.lock.internal.DistributedLockTest" time="0.067"/>
  <testcase name="testGetOwner[29: transport=EPOLL, worker-threads=2, nio-threads=2, node-count=3]" classname="io.hekate.lock.internal.DistributedLockTest" time="0.053"/>
  <testcase name="testLockUnlockAsyncSameInstance[29: transport=EPOLL, worker-threads=2, nio-threads=2, node-count=3]" classname="io.hekate.lock.internal.DistributedLockTest" time="0.045"/>
  <testcase name="testQueuedLockAfterOtherLockTimeout[29: transport=EPOLL, worker-threads=2, nio-threads=2, node-count=3]" classname="io.hekate.lock.internal.DistributedLockTest" time="0.812"/>
  <testcase name="testUnlockAfterOwnerLeaves[29: transport=EPOLL, worker-threads=2, nio-threads=2, node-count=3]" classname="io.hekate.lock.internal.DistributedLockTest" time="0.047"/>
  <testcase name="testLockAfterManagerTermination[29: transport=EPOLL, worker-threads=2, nio-threads=2, node-count=3]" classname="io.hekate.lock.internal.DistributedLockTest" time="0.729"/>
  <testcase name="testConcurrentLockFromSameNode[29: transport=EPOLL, worker-threads=2, nio-threads=2, node-count=3]" classname="io.hekate.lock.internal.DistributedLockTest" time="0.422"/>
  <testcase name="testLockAfterReleaseByOtherNode[29: transport=EPOLL, worker-threads=2, nio-threads=2, node-count=3]" classname="io.hekate.lock.internal.DistributedLockTest" time="0.868"/>
  <testcase name="testTryFreeLock[29: transport=EPOLL, worker-threads=2, nio-threads=2, node-count=3]" classname="io.hekate.lock.internal.DistributedLockTest" time="0.051"/>
  <testcase name="testLockUnlockAsyncDifferentInstances[29: transport=EPOLL, worker-threads=2, nio-threads=2, node-count=3]" classname="io.hekate.lock.internal.DistributedLockTest" time="0.046"/>
  <testcase name="testLockWithTimeoutAfterManagerTermination[29: transport=EPOLL, worker-threads=2, nio-threads=2, node-count=3]" classname="io.hekate.lock.internal.DistributedLockTest" time="0.66"/>
  <testcase name="testLockAfterQueuedNodeLeave[29: transport=EPOLL, worker-threads=2, nio-threads=2, node-count=3]" classname="io.hekate.lock.internal.DistributedLockTest" time="0.077"/>
  <testcase name="testLockInterruptibly[29: transport=EPOLL, worker-threads=2, nio-threads=2, node-count=3]" classname="io.hekate.lock.internal.DistributedLockTest" time="0.076"/>
  <testcase name="testLockWithTimeoutAfterReleaseByOtherNode[29: transport=EPOLL, worker-threads=2, nio-threads=2, node-count=3]" classname="io.hekate.lock.internal.DistributedLockTest" time="0.822"/>
  <testcase name="testNonReentrantWithDifferentNodes[29: transport=EPOLL, worker-threads=2, nio-threads=2, node-count=3]" classname="io.hekate.lock.internal.DistributedLockTest" time="0.072"/>
  <testcase name="testLockAfterQueuedNodeTermination[29: transport=EPOLL, worker-threads=2, nio-threads=2, node-count=3]" classname="io.hekate.lock.internal.DistributedLockTest" time="0.76"/>
  <testcase name="testTryBusyLock[29: transport=EPOLL, worker-threads=2, nio-threads=2, node-count=3]" classname="io.hekate.lock.internal.DistributedLockTest" time="0.09"/>
  <testcase name="testConcurrentLockFromDifferentNodes[29: transport=EPOLL, worker-threads=2, nio-threads=2, node-count=3]" classname="io.hekate.lock.internal.DistributedLockTest" time="0.861"/>
  <testcase name="testTryFreeLockWithTimeout[29: transport=EPOLL, worker-threads=2, nio-threads=2, node-count=3]" classname="io.hekate.lock.internal.DistributedLockTest" time="0.053"/>
  <testcase name="testTryLockWithTerminatedService[29: transport=EPOLL, worker-threads=2, nio-threads=2, node-count=3]" classname="io.hekate.lock.internal.DistributedLockTest" time="0.032"/>
  <testcase name="testLockUnlockDifferentInstances[29: transport=EPOLL, worker-threads=2, nio-threads=2, node-count=3]" classname="io.hekate.lock.internal.DistributedLockTest" time="0.05"/>
  <testcase name="testLockLivenessIfAtLeastOneNodeExists[29: transport=EPOLL, worker-threads=2, nio-threads=2, node-count=3]" classname="io.hekate.lock.internal.DistributedLockTest" time="0.115"/>
  <testcase name="testTryBusyLockWithTimeout[29: transport=EPOLL, worker-threads=2, nio-threads=2, node-count=3]" classname="io.hekate.lock.internal.DistributedLockTest" time="0.125"/>
  <testcase name="testCluster[29: transport=EPOLL, worker-threads=2, nio-threads=2, node-count=3]" classname="io.hekate.lock.internal.DistributedLockTest" time="0.048"/>
  <testcase name="testLockAfterManagerLeave[29: transport=EPOLL, worker-threads=2, nio-threads=2, node-count=3]" classname="io.hekate.lock.internal.DistributedLockTest" time="0.096"/>
  <testcase name="testLockWithTimeoutAfterManagerLeave[29: transport=EPOLL, worker-threads=2, nio-threads=2, node-count=3]" classname="io.hekate.lock.internal.DistributedLockTest" time="0.115"/>
  <testcase name="testGetOwnerOfNonExistingLock[29: transport=EPOLL, worker-threads=2, nio-threads=2, node-count=3]" classname="io.hekate.lock.internal.DistributedLockTest" time="0.043"/>
  <testcase name="testLockUnlockSameInstance[29: transport=EPOLL, worker-threads=2, nio-threads=2, node-count=3]" classname="io.hekate.lock.internal.DistributedLockTest" time="0.068"/>
  <testcase name="testGetOwnerTerminatedService[29: transport=EPOLL, worker-threads=2, nio-threads=2, node-count=3]" classname="io.hekate.lock.internal.DistributedLockTest" time="0.052"/>
  <testcase name="testTryLockWithTimeoutInterruptibly[30: transport=EPOLL, worker-threads=1, nio-threads=0, node-count=4]" classname="io.hekate.lock.internal.DistributedLockTest" time="0.11"/>
  <testcase name="testGetOwner[30: transport=EPOLL, worker-threads=1, nio-threads=0, node-count=4]" classname="io.hekate.lock.internal.DistributedLockTest" time="0.082"/>
  <testcase name="testLockUnlockAsyncSameInstance[30: transport=EPOLL, worker-threads=1, nio-threads=0, node-count=4]" classname="io.hekate.lock.internal.DistributedLockTest" time="0.087"/>
  <testcase name="testQueuedLockAfterOtherLockTimeout[30: transport=EPOLL, worker-threads=1, nio-threads=0, node-count=4]" classname="io.hekate.lock.internal.DistributedLockTest" time="1.129"/>
  <testcase name="testUnlockAfterOwnerLeaves[30: transport=EPOLL, worker-threads=1, nio-threads=0, node-count=4]" classname="io.hekate.lock.internal.DistributedLockTest" time="0.083"/>
  <testcase name="testLockAfterManagerTermination[30: transport=EPOLL, worker-threads=1, nio-threads=0, node-count=4]" classname="io.hekate.lock.internal.DistributedLockTest" time="0.646"/>
  <testcase name="testConcurrentLockFromSameNode[30: transport=EPOLL, worker-threads=1, nio-threads=0, node-count=4]" classname="io.hekate.lock.internal.DistributedLockTest" time="0.434"/>
  <testcase name="testLockAfterReleaseByOtherNode[30: transport=EPOLL, worker-threads=1, nio-threads=0, node-count=4]" classname="io.hekate.lock.internal.DistributedLockTest" time="1.049"/>
  <testcase name="testTryFreeLock[30: transport=EPOLL, worker-threads=1, nio-threads=0, node-count=4]" classname="io.hekate.lock.internal.DistributedLockTest" time="0.068"/>
  <testcase name="testLockUnlockAsyncDifferentInstances[30: transport=EPOLL, worker-threads=1, nio-threads=0, node-count=4]" classname="io.hekate.lock.internal.DistributedLockTest" time="0.136"/>
  <testcase name="testLockWithTimeoutAfterManagerTermination[30: transport=EPOLL, worker-threads=1, nio-threads=0, node-count=4]" classname="io.hekate.lock.internal.DistributedLockTest" time="0.73"/>
  <testcase name="testLockAfterQueuedNodeLeave[30: transport=EPOLL, worker-threads=1, nio-threads=0, node-count=4]" classname="io.hekate.lock.internal.DistributedLockTest" time="0.092"/>
  <testcase name="testLockInterruptibly[30: transport=EPOLL, worker-threads=1, nio-threads=0, node-count=4]" classname="io.hekate.lock.internal.DistributedLockTest" time="0.08"/>
  <testcase name="testLockWithTimeoutAfterReleaseByOtherNode[30: transport=EPOLL, worker-threads=1, nio-threads=0, node-count=4]" classname="io.hekate.lock.internal.DistributedLockTest" time="1.106"/>
  <testcase name="testNonReentrantWithDifferentNodes[30: transport=EPOLL, worker-threads=1, nio-threads=0, node-count=4]" classname="io.hekate.lock.internal.DistributedLockTest" time="0.112"/>
  <testcase name="testLockAfterQueuedNodeTermination[30: transport=EPOLL, worker-threads=1, nio-threads=0, node-count=4]" classname="io.hekate.lock.internal.DistributedLockTest" time="0.751"/>
  <testcase name="testTryBusyLock[30: transport=EPOLL, worker-threads=1, nio-threads=0, node-count=4]" classname="io.hekate.lock.internal.DistributedLockTest" time="0.123"/>
  <testcase name="testConcurrentLockFromDifferentNodes[30: transport=EPOLL, worker-threads=1, nio-threads=0, node-count=4]" classname="io.hekate.lock.internal.DistributedLockTest" time="1.244"/>
  <testcase name="testTryFreeLockWithTimeout[30: transport=EPOLL, worker-threads=1, nio-threads=0, node-count=4]" classname="io.hekate.lock.internal.DistributedLockTest" time="0.127"/>
  <testcase name="testTryLockWithTerminatedService[30: transport=EPOLL, worker-threads=1, nio-threads=0, node-count=4]" classname="io.hekate.lock.internal.DistributedLockTest" time="0.054"/>
  <testcase name="testLockUnlockDifferentInstances[30: transport=EPOLL, worker-threads=1, nio-threads=0, node-count=4]" classname="io.hekate.lock.internal.DistributedLockTest" time="0.07"/>
  <testcase name="testLockLivenessIfAtLeastOneNodeExists[30: transport=EPOLL, worker-threads=1, nio-threads=0, node-count=4]" classname="io.hekate.lock.internal.DistributedLockTest" time="0.209"/>
  <testcase name="testTryBusyLockWithTimeout[30: transport=EPOLL, worker-threads=1, nio-threads=0, node-count=4]" classname="io.hekate.lock.internal.DistributedLockTest" time="0.244"/>
  <testcase name="testCluster[30: transport=EPOLL, worker-threads=1, nio-threads=0, node-count=4]" classname="io.hekate.lock.internal.DistributedLockTest" time="0.08"/>
  <testcase name="testLockAfterManagerLeave[30: transport=EPOLL, worker-threads=1, nio-threads=0, node-count=4]" classname="io.hekate.lock.internal.DistributedLockTest" time="0.141"/>
  <testcase name="testLockWithTimeoutAfterManagerLeave[30: transport=EPOLL, worker-threads=1, nio-threads=0, node-count=4]" classname="io.hekate.lock.internal.DistributedLockTest" time="0.14"/>
  <testcase name="testGetOwnerOfNonExistingLock[30: transport=EPOLL, worker-threads=1, nio-threads=0, node-count=4]" classname="io.hekate.lock.internal.DistributedLockTest" time="0.088"/>
  <testcase name="testLockUnlockSameInstance[30: transport=EPOLL, worker-threads=1, nio-threads=0, node-count=4]" classname="io.hekate.lock.internal.DistributedLockTest" time="0.073"/>
  <testcase name="testGetOwnerTerminatedService[30: transport=EPOLL, worker-threads=1, nio-threads=0, node-count=4]" classname="io.hekate.lock.internal.DistributedLockTest" time="0.134"/>
  <testcase name="testTryLockWithTimeoutInterruptibly[31: transport=EPOLL, worker-threads=2, nio-threads=2, node-count=4]" classname="io.hekate.lock.internal.DistributedLockTest" time="0.127"/>
  <testcase name="testGetOwner[31: transport=EPOLL, worker-threads=2, nio-threads=2, node-count=4]" classname="io.hekate.lock.internal.DistributedLockTest" time="0.083"/>
  <testcase name="testLockUnlockAsyncSameInstance[31: transport=EPOLL, worker-threads=2, nio-threads=2, node-count=4]" classname="io.hekate.lock.internal.DistributedLockTest" time="0.065"/>
  <testcase name="testQueuedLockAfterOtherLockTimeout[31: transport=EPOLL, worker-threads=2, nio-threads=2, node-count=4]" classname="io.hekate.lock.internal.DistributedLockTest" time="1.131"/>
  <testcase name="testUnlockAfterOwnerLeaves[31: transport=EPOLL, worker-threads=2, nio-threads=2, node-count=4]" classname="io.hekate.lock.internal.DistributedLockTest" time="0.134"/>
  <testcase name="testLockAfterManagerTermination[31: transport=EPOLL, worker-threads=2, nio-threads=2, node-count=4]" classname="io.hekate.lock.internal.DistributedLockTest" time="0.825"/>
  <testcase name="testConcurrentLockFromSameNode[31: transport=EPOLL, worker-threads=2, nio-threads=2, node-count=4]" classname="io.hekate.lock.internal.DistributedLockTest" time="0.432"/>
  <testcase name="testLockAfterReleaseByOtherNode[31: transport=EPOLL, worker-threads=2, nio-threads=2, node-count=4]" classname="io.hekate.lock.internal.DistributedLockTest" time="1.132"/>
  <testcase name="testTryFreeLock[31: transport=EPOLL, worker-threads=2, nio-threads=2, node-count=4]" classname="io.hekate.lock.internal.DistributedLockTest" time="0.14"/>
  <testcase name="testLockUnlockAsyncDifferentInstances[31: transport=EPOLL, worker-threads=2, nio-threads=2, node-count=4]" classname="io.hekate.lock.internal.DistributedLockTest" time="0.075"/>
  <testcase name="testLockWithTimeoutAfterManagerTermination[31: transport=EPOLL, worker-threads=2, nio-threads=2, node-count=4]" classname="io.hekate.lock.internal.DistributedLockTest" time="0.763"/>
  <testcase name="testLockAfterQueuedNodeLeave[31: transport=EPOLL, worker-threads=2, nio-threads=2, node-count=4]" classname="io.hekate.lock.internal.DistributedLockTest" time="0.118"/>
  <testcase name="testLockInterruptibly[31: transport=EPOLL, worker-threads=2, nio-threads=2, node-count=4]" classname="io.hekate.lock.internal.DistributedLockTest" time="0.094"/>
  <testcase name="testLockWithTimeoutAfterReleaseByOtherNode[31: transport=EPOLL, worker-threads=2, nio-threads=2, node-count=4]" classname="io.hekate.lock.internal.DistributedLockTest" time="0.866"/>
  <testcase name="testNonReentrantWithDifferentNodes[31: transport=EPOLL, worker-threads=2, nio-threads=2, node-count=4]" classname="io.hekate.lock.internal.DistributedLockTest" time="0.141"/>
  <testcase name="testLockAfterQueuedNodeTermination[31: transport=EPOLL, worker-threads=2, nio-threads=2, node-count=4]" classname="io.hekate.lock.internal.DistributedLockTest" time="0.668"/>
  <testcase name="testTryBusyLock[31: transport=EPOLL, worker-threads=2, nio-threads=2, node-count=4]" classname="io.hekate.lock.internal.DistributedLockTest" time="0.142"/>
  <testcase name="testConcurrentLockFromDifferentNodes[31: transport=EPOLL, worker-threads=2, nio-threads=2, node-count=4]" classname="io.hekate.lock.internal.DistributedLockTest" time="1.185"/>
  <testcase name="testTryFreeLockWithTimeout[31: transport=EPOLL, worker-threads=2, nio-threads=2, node-count=4]" classname="io.hekate.lock.internal.DistributedLockTest" time="0.118"/>
  <testcase name="testTryLockWithTerminatedService[31: transport=EPOLL, worker-threads=2, nio-threads=2, node-count=4]" classname="io.hekate.lock.internal.DistributedLockTest" time="0.061"/>
  <testcase name="testLockUnlockDifferentInstances[31: transport=EPOLL, worker-threads=2, nio-threads=2, node-count=4]" classname="io.hekate.lock.internal.DistributedLockTest" time="0.077"/>
  <testcase name="testLockLivenessIfAtLeastOneNodeExists[31: transport=EPOLL, worker-threads=2, nio-threads=2, node-count=4]" classname="io.hekate.lock.internal.DistributedLockTest" time="0.16"/>
  <testcase name="testTryBusyLockWithTimeout[31: transport=EPOLL, worker-threads=2, nio-threads=2, node-count=4]" classname="io.hekate.lock.internal.DistributedLockTest" time="0.14"/>
  <testcase name="testCluster[31: transport=EPOLL, worker-threads=2, nio-threads=2, node-count=4]" classname="io.hekate.lock.internal.DistributedLockTest" time="0.066"/>
  <testcase name="testLockAfterManagerLeave[31: transport=EPOLL, worker-threads=2, nio-threads=2, node-count=4]" classname="io.hekate.lock.internal.DistributedLockTest" time="0.128"/>
  <testcase name="testLockWithTimeoutAfterManagerLeave[31: transport=EPOLL, worker-threads=2, nio-threads=2, node-count=4]" classname="io.hekate.lock.internal.DistributedLockTest" time="0.125"/>
  <testcase name="testGetOwnerOfNonExistingLock[31: transport=EPOLL, worker-threads=2, nio-threads=2, node-count=4]" classname="io.hekate.lock.internal.DistributedLockTest" time="0.129"/>
  <testcase name="testLockUnlockSameInstance[31: transport=EPOLL, worker-threads=2, nio-threads=2, node-count=4]" classname="io.hekate.lock.internal.DistributedLockTest" time="0.075"/>
  <testcase name="testGetOwnerTerminatedService[31: transport=EPOLL, worker-threads=2, nio-threads=2, node-count=4]" classname="io.hekate.lock.internal.DistributedLockTest" time="0.056"/>
  <testcase name="testTryLockWithTimeoutInterruptibly[32: transport=EPOLL, ssl=JDK, worker-threads=1, nio-threads=0, node-count=1]" classname="io.hekate.lock.internal.DistributedLockTest" time="0.017"/>
  <testcase name="testGetOwner[32: transport=EPOLL, ssl=JDK, worker-threads=1, nio-threads=0, node-count=1]" classname="io.hekate.lock.internal.DistributedLockTest" time="0.007"/>
  <testcase name="testLockUnlockAsyncSameInstance[32: transport=EPOLL, ssl=JDK, worker-threads=1, nio-threads=0, node-count=1]" classname="io.hekate.lock.internal.DistributedLockTest" time="0.008"/>
  <testcase name="testQueuedLockAfterOtherLockTimeout[32: transport=EPOLL, ssl=JDK, worker-threads=1, nio-threads=0, node-count=1]" classname="io.hekate.lock.internal.DistributedLockTest" time="0.261"/>
  <testcase name="testUnlockAfterOwnerLeaves[32: transport=EPOLL, ssl=JDK, worker-threads=1, nio-threads=0, node-count=1]" classname="io.hekate.lock.internal.DistributedLockTest" time="0.013"/>
  <testcase name="testLockAfterManagerTermination[32: transport=EPOLL, ssl=JDK, worker-threads=1, nio-threads=0, node-count=1]" classname="io.hekate.lock.internal.DistributedLockTest" time="0.01"/>
  <testcase name="testConcurrentLockFromSameNode[32: transport=EPOLL, ssl=JDK, worker-threads=1, nio-threads=0, node-count=1]" classname="io.hekate.lock.internal.DistributedLockTest" time="0.312"/>
  <testcase name="testLockAfterReleaseByOtherNode[32: transport=EPOLL, ssl=JDK, worker-threads=1, nio-threads=0, node-count=1]" classname="io.hekate.lock.internal.DistributedLockTest" time="0.22"/>
  <testcase name="testTryFreeLock[32: transport=EPOLL, ssl=JDK, worker-threads=1, nio-threads=0, node-count=1]" classname="io.hekate.lock.internal.DistributedLockTest" time="0.016"/>
  <testcase name="testLockUnlockAsyncDifferentInstances[32: transport=EPOLL, ssl=JDK, worker-threads=1, nio-threads=0, node-count=1]" classname="io.hekate.lock.internal.DistributedLockTest" time="0.012"/>
  <testcase name="testLockWithTimeoutAfterManagerTermination[32: transport=EPOLL, ssl=JDK, worker-threads=1, nio-threads=0, node-count=1]" classname="io.hekate.lock.internal.DistributedLockTest" time="0.01"/>
  <testcase name="testLockAfterQueuedNodeLeave[32: transport=EPOLL, ssl=JDK, worker-threads=1, nio-threads=0, node-count=1]" classname="io.hekate.lock.internal.DistributedLockTest" time="0.011"/>
  <testcase name="testLockInterruptibly[32: transport=EPOLL, ssl=JDK, worker-threads=1, nio-threads=0, node-count=1]" classname="io.hekate.lock.internal.DistributedLockTest" time="0.021"/>
  <testcase name="testLockWithTimeoutAfterReleaseByOtherNode[32: transport=EPOLL, ssl=JDK, worker-threads=1, nio-threads=0, node-count=1]" classname="io.hekate.lock.internal.DistributedLockTest" time="0.091"/>
  <testcase name="testNonReentrantWithDifferentNodes[32: transport=EPOLL, ssl=JDK, worker-threads=1, nio-threads=0, node-count=1]" classname="io.hekate.lock.internal.DistributedLockTest" time="0.011"/>
  <testcase name="testLockAfterQueuedNodeTermination[32: transport=EPOLL, ssl=JDK, worker-threads=1, nio-threads=0, node-count=1]" classname="io.hekate.lock.internal.DistributedLockTest" time="0.009"/>
  <testcase name="testTryBusyLock[32: transport=EPOLL, ssl=JDK, worker-threads=1, nio-threads=0, node-count=1]" classname="io.hekate.lock.internal.DistributedLockTest" time="0.014"/>
  <testcase name="testConcurrentLockFromDifferentNodes[32: transport=EPOLL, ssl=JDK, worker-threads=1, nio-threads=0, node-count=1]" classname="io.hekate.lock.internal.DistributedLockTest" time="0.009"/>
  <testcase name="testTryFreeLockWithTimeout[32: transport=EPOLL, ssl=JDK, worker-threads=1, nio-threads=0, node-count=1]" classname="io.hekate.lock.internal.DistributedLockTest" time="0.01"/>
  <testcase name="testTryLockWithTerminatedService[32: transport=EPOLL, ssl=JDK, worker-threads=1, nio-threads=0, node-count=1]" classname="io.hekate.lock.internal.DistributedLockTest" time="0.008"/>
  <testcase name="testLockUnlockDifferentInstances[32: transport=EPOLL, ssl=JDK, worker-threads=1, nio-threads=0, node-count=1]" classname="io.hekate.lock.internal.DistributedLockTest" time="0.035"/>
  <testcase name="testLockLivenessIfAtLeastOneNodeExists[32: transport=EPOLL, ssl=JDK, worker-threads=1, nio-threads=0, node-count=1]" classname="io.hekate.lock.internal.DistributedLockTest" time="0.009"/>
  <testcase name="testTryBusyLockWithTimeout[32: transport=EPOLL, ssl=JDK, worker-threads=1, nio-threads=0, node-count=1]" classname="io.hekate.lock.internal.DistributedLockTest" time="0.015"/>
  <testcase name="testCluster[32: transport=EPOLL, ssl=JDK, worker-threads=1, nio-threads=0, node-count=1]" classname="io.hekate.lock.internal.DistributedLockTest" time="0.106"/>
  <testcase name="testLockAfterManagerLeave[32: transport=EPOLL, ssl=JDK, worker-threads=1, nio-threads=0, node-count=1]" classname="io.hekate.lock.internal.DistributedLockTest" time="0.007"/>
  <testcase name="testLockWithTimeoutAfterManagerLeave[32: transport=EPOLL, ssl=JDK, worker-threads=1, nio-threads=0, node-count=1]" classname="io.hekate.lock.internal.DistributedLockTest" time="0.006"/>
  <testcase name="testGetOwnerOfNonExistingLock[32: transport=EPOLL, ssl=JDK, worker-threads=1, nio-threads=0, node-count=1]" classname="io.hekate.lock.internal.DistributedLockTest" time="0.007"/>
  <testcase name="testLockUnlockSameInstance[32: transport=EPOLL, ssl=JDK, worker-threads=1, nio-threads=0, node-count=1]" classname="io.hekate.lock.internal.DistributedLockTest" time="0.009"/>
  <testcase name="testGetOwnerTerminatedService[32: transport=EPOLL, ssl=JDK, worker-threads=1, nio-threads=0, node-count=1]" classname="io.hekate.lock.internal.DistributedLockTest" time="0.01"/>
  <testcase name="testTryLockWithTimeoutInterruptibly[33: transport=EPOLL, ssl=JDK, worker-threads=2, nio-threads=2, node-count=1]" classname="io.hekate.lock.internal.DistributedLockTest" time="0.022"/>
  <testcase name="testGetOwner[33: transport=EPOLL, ssl=JDK, worker-threads=2, nio-threads=2, node-count=1]" classname="io.hekate.lock.internal.DistributedLockTest" time="0.01"/>
  <testcase name="testLockUnlockAsyncSameInstance[33: transport=EPOLL, ssl=JDK, worker-threads=2, nio-threads=2, node-count=1]" classname="io.hekate.lock.internal.DistributedLockTest" time="0.012"/>
  <testcase name="testQueuedLockAfterOtherLockTimeout[33: transport=EPOLL, ssl=JDK, worker-threads=2, nio-threads=2, node-count=1]" classname="io.hekate.lock.internal.DistributedLockTest" time="0.262"/>
  <testcase name="testUnlockAfterOwnerLeaves[33: transport=EPOLL, ssl=JDK, worker-threads=2, nio-threads=2, node-count=1]" classname="io.hekate.lock.internal.DistributedLockTest" time="0.012"/>
  <testcase name="testLockAfterManagerTermination[33: transport=EPOLL, ssl=JDK, worker-threads=2, nio-threads=2, node-count=1]" classname="io.hekate.lock.internal.DistributedLockTest" time="0.01"/>
  <testcase name="testConcurrentLockFromSameNode[33: transport=EPOLL, ssl=JDK, worker-threads=2, nio-threads=2, node-count=1]" classname="io.hekate.lock.internal.DistributedLockTest" time="0.325"/>
  <testcase name="testLockAfterReleaseByOtherNode[33: transport=EPOLL, ssl=JDK, worker-threads=2, nio-threads=2, node-count=1]" classname="io.hekate.lock.internal.DistributedLockTest" time="0.245"/>
  <testcase name="testTryFreeLock[33: transport=EPOLL, ssl=JDK, worker-threads=2, nio-threads=2, node-count=1]" classname="io.hekate.lock.internal.DistributedLockTest" time="0.015"/>
  <testcase name="testLockUnlockAsyncDifferentInstances[33: transport=EPOLL, ssl=JDK, worker-threads=2, nio-threads=2, node-count=1]" classname="io.hekate.lock.internal.DistributedLockTest" time="0.013"/>
  <testcase name="testLockWithTimeoutAfterManagerTermination[33: transport=EPOLL, ssl=JDK, worker-threads=2, nio-threads=2, node-count=1]" classname="io.hekate.lock.internal.DistributedLockTest" time="0.01"/>
  <testcase name="testLockAfterQueuedNodeLeave[33: transport=EPOLL, ssl=JDK, worker-threads=2, nio-threads=2, node-count=1]" classname="io.hekate.lock.internal.DistributedLockTest" time="0.009"/>
  <testcase name="testLockInterruptibly[33: transport=EPOLL, ssl=JDK, worker-threads=2, nio-threads=2, node-count=1]" classname="io.hekate.lock.internal.DistributedLockTest" time="0.022"/>
  <testcase name="testLockWithTimeoutAfterReleaseByOtherNode[33: transport=EPOLL, ssl=JDK, worker-threads=2, nio-threads=2, node-count=1]" classname="io.hekate.lock.internal.DistributedLockTest" time="0.244"/>
  <testcase name="testNonReentrantWithDifferentNodes[33: transport=EPOLL, ssl=JDK, worker-threads=2, nio-threads=2, node-count=1]" classname="io.hekate.lock.internal.DistributedLockTest" time="0.012"/>
  <testcase name="testLockAfterQueuedNodeTermination[33: transport=EPOLL, ssl=JDK, worker-threads=2, nio-threads=2, node-count=1]" classname="io.hekate.lock.internal.DistributedLockTest" time="0.01"/>
  <testcase name="testTryBusyLock[33: transport=EPOLL, ssl=JDK, worker-threads=2, nio-threads=2, node-count=1]" classname="io.hekate.lock.internal.DistributedLockTest" time="0.014"/>
  <testcase name="testConcurrentLockFromDifferentNodes[33: transport=EPOLL, ssl=JDK, worker-threads=2, nio-threads=2, node-count=1]" classname="io.hekate.lock.internal.DistributedLockTest" time="0.01"/>
  <testcase name="testTryFreeLockWithTimeout[33: transport=EPOLL, ssl=JDK, worker-threads=2, nio-threads=2, node-count=1]" classname="io.hekate.lock.internal.DistributedLockTest" time="0.011"/>
  <testcase name="testTryLockWithTerminatedService[33: transport=EPOLL, ssl=JDK, worker-threads=2, nio-threads=2, node-count=1]" classname="io.hekate.lock.internal.DistributedLockTest" time="0.027"/>
  <testcase name="testLockUnlockDifferentInstances[33: transport=EPOLL, ssl=JDK, worker-threads=2, nio-threads=2, node-count=1]" classname="io.hekate.lock.internal.DistributedLockTest" time="0.011"/>
  <testcase name="testLockLivenessIfAtLeastOneNodeExists[33: transport=EPOLL, ssl=JDK, worker-threads=2, nio-threads=2, node-count=1]" classname="io.hekate.lock.internal.DistributedLockTest" time="0.008"/>
  <testcase name="testTryBusyLockWithTimeout[33: transport=EPOLL, ssl=JDK, worker-threads=2, nio-threads=2, node-count=1]" classname="io.hekate.lock.internal.DistributedLockTest" time="0.012"/>
  <testcase name="testCluster[33: transport=EPOLL, ssl=JDK, worker-threads=2, nio-threads=2, node-count=1]" classname="io.hekate.lock.internal.DistributedLockTest" time="0.046"/>
  <testcase name="testLockAfterManagerLeave[33: transport=EPOLL, ssl=JDK, worker-threads=2, nio-threads=2, node-count=1]" classname="io.hekate.lock.internal.DistributedLockTest" time="0.01"/>
  <testcase name="testLockWithTimeoutAfterManagerLeave[33: transport=EPOLL, ssl=JDK, worker-threads=2, nio-threads=2, node-count=1]" classname="io.hekate.lock.internal.DistributedLockTest" time="0.009"/>
  <testcase name="testGetOwnerOfNonExistingLock[33: transport=EPOLL, ssl=JDK, worker-threads=2, nio-threads=2, node-count=1]" classname="io.hekate.lock.internal.DistributedLockTest" time="0.022"/>
  <testcase name="testLockUnlockSameInstance[33: transport=EPOLL, ssl=JDK, worker-threads=2, nio-threads=2, node-count=1]" classname="io.hekate.lock.internal.DistributedLockTest" time="0.012"/>
  <testcase name="testGetOwnerTerminatedService[33: transport=EPOLL, ssl=JDK, worker-threads=2, nio-threads=2, node-count=1]" classname="io.hekate.lock.internal.DistributedLockTest" time="0.008"/>
  <testcase name="testTryLockWithTimeoutInterruptibly[34: transport=EPOLL, ssl=JDK, worker-threads=1, nio-threads=0, node-count=2]" classname="io.hekate.lock.internal.DistributedLockTest" time="0.088"/>
  <testcase name="testGetOwner[34: transport=EPOLL, ssl=JDK, worker-threads=1, nio-threads=0, node-count=2]" classname="io.hekate.lock.internal.DistributedLockTest" time="0.069"/>
  <testcase name="testLockUnlockAsyncSameInstance[34: transport=EPOLL, ssl=JDK, worker-threads=1, nio-threads=0, node-count=2]" classname="io.hekate.lock.internal.DistributedLockTest" time="0.059"/>
  <testcase name="testQueuedLockAfterOtherLockTimeout[34: transport=EPOLL, ssl=JDK, worker-threads=1, nio-threads=0, node-count=2]" classname="io.hekate.lock.internal.DistributedLockTest" time="0.561"/>
  <testcase name="testUnlockAfterOwnerLeaves[34: transport=EPOLL, ssl=JDK, worker-threads=1, nio-threads=0, node-count=2]" classname="io.hekate.lock.internal.DistributedLockTest" time="0.085"/>
  <testcase name="testLockAfterManagerTermination[34: transport=EPOLL, ssl=JDK, worker-threads=1, nio-threads=0, node-count=2]" classname="io.hekate.lock.internal.DistributedLockTest" time="1.216"/>
  <testcase name="testConcurrentLockFromSameNode[34: transport=EPOLL, ssl=JDK, worker-threads=1, nio-threads=0, node-count=2]" classname="io.hekate.lock.internal.DistributedLockTest" time="1.418"/>
  <testcase name="testLockAfterReleaseByOtherNode[34: transport=EPOLL, ssl=JDK, worker-threads=1, nio-threads=0, node-count=2]" classname="io.hekate.lock.internal.DistributedLockTest" time="0.463"/>
  <testcase name="testTryFreeLock[34: transport=EPOLL, ssl=JDK, worker-threads=1, nio-threads=0, node-count=2]" classname="io.hekate.lock.internal.DistributedLockTest" time="0.104"/>
  <testcase name="testLockUnlockAsyncDifferentInstances[34: transport=EPOLL, ssl=JDK, worker-threads=1, nio-threads=0, node-count=2]" classname="io.hekate.lock.internal.DistributedLockTest" time="0.064"/>
  <testcase name="testLockWithTimeoutAfterManagerTermination[34: transport=EPOLL, ssl=JDK, worker-threads=1, nio-threads=0, node-count=2]" classname="io.hekate.lock.internal.DistributedLockTest" time="1.221"/>
  <testcase name="testLockAfterQueuedNodeLeave[34: transport=EPOLL, ssl=JDK, worker-threads=1, nio-threads=0, node-count=2]" classname="io.hekate.lock.internal.DistributedLockTest" time="0.077"/>
  <testcase name="testLockInterruptibly[34: transport=EPOLL, ssl=JDK, worker-threads=1, nio-threads=0, node-count=2]" classname="io.hekate.lock.internal.DistributedLockTest" time="0.084"/>
  <testcase name="testLockWithTimeoutAfterReleaseByOtherNode[34: transport=EPOLL, ssl=JDK, worker-threads=1, nio-threads=0, node-count=2]" classname="io.hekate.lock.internal.DistributedLockTest" time="0.439"/>
  <testcase name="testNonReentrantWithDifferentNodes[34: transport=EPOLL, ssl=JDK, worker-threads=1, nio-threads=0, node-count=2]" classname="io.hekate.lock.internal.DistributedLockTest" time="0.079"/>
  <testcase name="testLockAfterQueuedNodeTermination[34: transport=EPOLL, ssl=JDK, worker-threads=1, nio-threads=0, node-count=2]" classname="io.hekate.lock.internal.DistributedLockTest" time="1.231"/>
  <testcase name="testTryBusyLock[34: transport=EPOLL, ssl=JDK, worker-threads=1, nio-threads=0, node-count=2]" classname="io.hekate.lock.internal.DistributedLockTest" time="0.128"/>
  <testcase name="testConcurrentLockFromDifferentNodes[34: transport=EPOLL, ssl=JDK, worker-threads=1, nio-threads=0, node-count=2]" classname="io.hekate.lock.internal.DistributedLockTest" time="0.638"/>
  <testcase name="testTryFreeLockWithTimeout[34: transport=EPOLL, ssl=JDK, worker-threads=1, nio-threads=0, node-count=2]" classname="io.hekate.lock.internal.DistributedLockTest" time="0.096"/>
  <testcase name="testTryLockWithTerminatedService[34: transport=EPOLL, ssl=JDK, worker-threads=1, nio-threads=0, node-count=2]" classname="io.hekate.lock.internal.DistributedLockTest" time="0.084"/>
  <testcase name="testLockUnlockDifferentInstances[34: transport=EPOLL, ssl=JDK, worker-threads=1, nio-threads=0, node-count=2]" classname="io.hekate.lock.internal.DistributedLockTest" time="0.092"/>
  <testcase name="testLockLivenessIfAtLeastOneNodeExists[34: transport=EPOLL, ssl=JDK, worker-threads=1, nio-threads=0, node-count=2]" classname="io.hekate.lock.internal.DistributedLockTest" time="0.137"/>
  <testcase name="testTryBusyLockWithTimeout[34: transport=EPOLL, ssl=JDK, worker-threads=1, nio-threads=0, node-count=2]" classname="io.hekate.lock.internal.DistributedLockTest" time="0.139"/>
  <testcase name="testCluster[34: transport=EPOLL, ssl=JDK, worker-threads=1, nio-threads=0, node-count=2]" classname="io.hekate.lock.internal.DistributedLockTest" time="0.137"/>
  <testcase name="testLockAfterManagerLeave[34: transport=EPOLL, ssl=JDK, worker-threads=1, nio-threads=0, node-count=2]" classname="io.hekate.lock.internal.DistributedLockTest" time="0.097"/>
  <testcase name="testLockWithTimeoutAfterManagerLeave[34: transport=EPOLL, ssl=JDK, worker-threads=1, nio-threads=0, node-count=2]" classname="io.hekate.lock.internal.DistributedLockTest" time="0.099"/>
  <testcase name="testGetOwnerOfNonExistingLock[34: transport=EPOLL, ssl=JDK, worker-threads=1, nio-threads=0, node-count=2]" classname="io.hekate.lock.internal.DistributedLockTest" time="0.079"/>
  <testcase name="testLockUnlockSameInstance[34: transport=EPOLL, ssl=JDK, worker-threads=1, nio-threads=0, node-count=2]" classname="io.hekate.lock.internal.DistributedLockTest" time="0.087"/>
  <testcase name="testGetOwnerTerminatedService[34: transport=EPOLL, ssl=JDK, worker-threads=1, nio-threads=0, node-count=2]" classname="io.hekate.lock.internal.DistributedLockTest" time="0.098"/>
  <testcase name="testTryLockWithTimeoutInterruptibly[35: transport=EPOLL, ssl=JDK, worker-threads=2, nio-threads=2, node-count=2]" classname="io.hekate.lock.internal.DistributedLockTest" time="0.128"/>
  <testcase name="testGetOwner[35: transport=EPOLL, ssl=JDK, worker-threads=2, nio-threads=2, node-count=2]" classname="io.hekate.lock.internal.DistributedLockTest" time="0.07"/>
  <testcase name="testLockUnlockAsyncSameInstance[35: transport=EPOLL, ssl=JDK, worker-threads=2, nio-threads=2, node-count=2]" classname="io.hekate.lock.internal.DistributedLockTest" time="0.076"/>
  <testcase name="testQueuedLockAfterOtherLockTimeout[35: transport=EPOLL, ssl=JDK, worker-threads=2, nio-threads=2, node-count=2]" classname="io.hekate.lock.internal.DistributedLockTest" time="0.575"/>
  <testcase name="testUnlockAfterOwnerLeaves[35: transport=EPOLL, ssl=JDK, worker-threads=2, nio-threads=2, node-count=2]" classname="io.hekate.lock.internal.DistributedLockTest" time="0.08"/>
  <testcase name="testLockAfterManagerTermination[35: transport=EPOLL, ssl=JDK, worker-threads=2, nio-threads=2, node-count=2]" classname="io.hekate.lock.internal.DistributedLockTest" time="1.218"/>
  <testcase name="testConcurrentLockFromSameNode[35: transport=EPOLL, ssl=JDK, worker-threads=2, nio-threads=2, node-count=2]" classname="io.hekate.lock.internal.DistributedLockTest" time="0.543"/>
  <testcase name="testLockAfterReleaseByOtherNode[35: transport=EPOLL, ssl=JDK, worker-threads=2, nio-threads=2, node-count=2]" classname="io.hekate.lock.internal.DistributedLockTest" time="0.529"/>
  <testcase name="testTryFreeLock[35: transport=EPOLL, ssl=JDK, worker-threads=2, nio-threads=2, node-count=2]" classname="io.hekate.lock.internal.DistributedLockTest" time="0.149"/>
  <testcase name="testLockUnlockAsyncDifferentInstances[35: transport=EPOLL, ssl=JDK, worker-threads=2, nio-threads=2, node-count=2]" classname="io.hekate.lock.internal.DistributedLockTest" time="0.067"/>
  <testcase name="testLockWithTimeoutAfterManagerTermination[35: transport=EPOLL, ssl=JDK, worker-threads=2, nio-threads=2, node-count=2]" classname="io.hekate.lock.internal.DistributedLockTest" time="1.224"/>
  <testcase name="testLockAfterQueuedNodeLeave[35: transport=EPOLL, ssl=JDK, worker-threads=2, nio-threads=2, node-count=2]" classname="io.hekate.lock.internal.DistributedLockTest" time="0.099"/>
  <testcase name="testLockInterruptibly[35: transport=EPOLL, ssl=JDK, worker-threads=2, nio-threads=2, node-count=2]" classname="io.hekate.lock.internal.DistributedLockTest" time="0.16"/>
  <testcase name="testLockWithTimeoutAfterReleaseByOtherNode[35: transport=EPOLL, ssl=JDK, worker-threads=2, nio-threads=2, node-count=2]" classname="io.hekate.lock.internal.DistributedLockTest" time="0.472"/>
  <testcase name="testNonReentrantWithDifferentNodes[35: transport=EPOLL, ssl=JDK, worker-threads=2, nio-threads=2, node-count=2]" classname="io.hekate.lock.internal.DistributedLockTest" time="0.106"/>
  <testcase name="testLockAfterQueuedNodeTermination[35: transport=EPOLL, ssl=JDK, worker-threads=2, nio-threads=2, node-count=2]" classname="io.hekate.lock.internal.DistributedLockTest" time="1.229"/>
  <testcase name="testTryBusyLock[35: transport=EPOLL, ssl=JDK, worker-threads=2, nio-threads=2, node-count=2]" classname="io.hekate.lock.internal.DistributedLockTest" time="0.094"/>
  <testcase name="testConcurrentLockFromDifferentNodes[35: transport=EPOLL, ssl=JDK, worker-threads=2, nio-threads=2, node-count=2]" classname="io.hekate.lock.internal.DistributedLockTest" time="0.635"/>
  <testcase name="testTryFreeLockWithTimeout[35: transport=EPOLL, ssl=JDK, worker-threads=2, nio-threads=2, node-count=2]" classname="io.hekate.lock.internal.DistributedLockTest" time="0.094"/>
  <testcase name="testTryLockWithTerminatedService[35: transport=EPOLL, ssl=JDK, worker-threads=2, nio-threads=2, node-count=2]" classname="io.hekate.lock.internal.DistributedLockTest" time="0.064"/>
  <testcase name="testLockUnlockDifferentInstances[35: transport=EPOLL, ssl=JDK, worker-threads=2, nio-threads=2, node-count=2]" classname="io.hekate.lock.internal.DistributedLockTest" time="0.106"/>
  <testcase name="testLockLivenessIfAtLeastOneNodeExists[35: transport=EPOLL, ssl=JDK, worker-threads=2, nio-threads=2, node-count=2]" classname="io.hekate.lock.internal.DistributedLockTest" time="0.093"/>
  <testcase name="testTryBusyLockWithTimeout[35: transport=EPOLL, ssl=JDK, worker-threads=2, nio-threads=2, node-count=2]" classname="io.hekate.lock.internal.DistributedLockTest" time="0.11"/>
  <testcase name="testCluster[35: transport=EPOLL, ssl=JDK, worker-threads=2, nio-threads=2, node-count=2]" classname="io.hekate.lock.internal.DistributedLockTest" time="0.099"/>
  <testcase name="testLockAfterManagerLeave[35: transport=EPOLL, ssl=JDK, worker-threads=2, nio-threads=2, node-count=2]" classname="io.hekate.lock.internal.DistributedLockTest" time="0.102"/>
  <testcase name="testLockWithTimeoutAfterManagerLeave[35: transport=EPOLL, ssl=JDK, worker-threads=2, nio-threads=2, node-count=2]" classname="io.hekate.lock.internal.DistributedLockTest" time="0.113"/>
  <testcase name="testGetOwnerOfNonExistingLock[35: transport=EPOLL, ssl=JDK, worker-threads=2, nio-threads=2, node-count=2]" classname="io.hekate.lock.internal.DistributedLockTest" time="0.066"/>
  <testcase name="testLockUnlockSameInstance[35: transport=EPOLL, ssl=JDK, worker-threads=2, nio-threads=2, node-count=2]" classname="io.hekate.lock.internal.DistributedLockTest" time="0.082"/>
  <testcase name="testGetOwnerTerminatedService[35: transport=EPOLL, ssl=JDK, worker-threads=2, nio-threads=2, node-count=2]" classname="io.hekate.lock.internal.DistributedLockTest" time="0.063"/>
  <testcase name="testTryLockWithTimeoutInterruptibly[36: transport=EPOLL, ssl=JDK, worker-threads=1, nio-threads=0, node-count=3]" classname="io.hekate.lock.internal.DistributedLockTest" time="0.153"/>
  <testcase name="testGetOwner[36: transport=EPOLL, ssl=JDK, worker-threads=1, nio-threads=0, node-count=3]" classname="io.hekate.lock.internal.DistributedLockTest" time="0.136"/>
  <testcase name="testLockUnlockAsyncSameInstance[36: transport=EPOLL, ssl=JDK, worker-threads=1, nio-threads=0, node-count=3]" classname="io.hekate.lock.internal.DistributedLockTest" time="0.154"/>
  <testcase name="testQueuedLockAfterOtherLockTimeout[36: transport=EPOLL, ssl=JDK, worker-threads=1, nio-threads=0, node-count=3]" classname="io.hekate.lock.internal.DistributedLockTest" time="0.903"/>
  <testcase name="testUnlockAfterOwnerLeaves[36: transport=EPOLL, ssl=JDK, worker-threads=1, nio-threads=0, node-count=3]" classname="io.hekate.lock.internal.DistributedLockTest" time="0.144"/>
  <testcase name="testLockAfterManagerTermination[36: transport=EPOLL, ssl=JDK, worker-threads=1, nio-threads=0, node-count=3]" classname="io.hekate.lock.internal.DistributedLockTest" time="1.479"/>
  <testcase name="testConcurrentLockFromSameNode[36: transport=EPOLL, ssl=JDK, worker-threads=1, nio-threads=0, node-count=3]" classname="io.hekate.lock.internal.DistributedLockTest" time="0.567"/>
  <testcase name="testLockAfterReleaseByOtherNode[36: transport=EPOLL, ssl=JDK, worker-threads=1, nio-threads=0, node-count=3]" classname="io.hekate.lock.internal.DistributedLockTest" time="0.73"/>
  <testcase name="testTryFreeLock[36: transport=EPOLL, ssl=JDK, worker-threads=1, nio-threads=0, node-count=3]" classname="io.hekate.lock.internal.DistributedLockTest" time="0.164"/>
  <testcase name="testLockUnlockAsyncDifferentInstances[36: transport=EPOLL, ssl=JDK, worker-threads=1, nio-threads=0, node-count=3]" classname="io.hekate.lock.internal.DistributedLockTest" time="0.129"/>
  <testcase name="testLockWithTimeoutAfterManagerTermination[36: transport=EPOLL, ssl=JDK, worker-threads=1, nio-threads=0, node-count=3]" classname="io.hekate.lock.internal.DistributedLockTest" time="1.238"/>
  <testcase name="testLockAfterQueuedNodeLeave[36: transport=EPOLL, ssl=JDK, worker-threads=1, nio-threads=0, node-count=3]" classname="io.hekate.lock.internal.DistributedLockTest" time="0.173"/>
  <testcase name="testLockInterruptibly[36: transport=EPOLL, ssl=JDK, worker-threads=1, nio-threads=0, node-count=3]" classname="io.hekate.lock.internal.DistributedLockTest" time="0.155"/>
  <testcase name="testLockWithTimeoutAfterReleaseByOtherNode[36: transport=EPOLL, ssl=JDK, worker-threads=1, nio-threads=0, node-count=3]" classname="io.hekate.lock.internal.DistributedLockTest" time="1.851"/>
  <testcase name="testNonReentrantWithDifferentNodes[36: transport=EPOLL, ssl=JDK, worker-threads=1, nio-threads=0, node-count=3]" classname="io.hekate.lock.internal.DistributedLockTest" time="0.23"/>
  <testcase name="testLockAfterQueuedNodeTermination[36: transport=EPOLL, ssl=JDK, worker-threads=1, nio-threads=0, node-count=3]" classname="io.hekate.lock.internal.DistributedLockTest" time="1.488"/>
  <testcase name="testTryBusyLock[36: transport=EPOLL, ssl=JDK, worker-threads=1, nio-threads=0, node-count=3]" classname="io.hekate.lock.internal.DistributedLockTest" time="0.206"/>
  <testcase name="testConcurrentLockFromDifferentNodes[36: transport=EPOLL, ssl=JDK, worker-threads=1, nio-threads=0, node-count=3]" classname="io.hekate.lock.internal.DistributedLockTest" time="1.962"/>
  <testcase name="testTryFreeLockWithTimeout[36: transport=EPOLL, ssl=JDK, worker-threads=1, nio-threads=0, node-count=3]" classname="io.hekate.lock.internal.DistributedLockTest" time="0.163"/>
  <testcase name="testTryLockWithTerminatedService[36: transport=EPOLL, ssl=JDK, worker-threads=1, nio-threads=0, node-count=3]" classname="io.hekate.lock.internal.DistributedLockTest" time="0.08"/>
  <testcase name="testLockUnlockDifferentInstances[36: transport=EPOLL, ssl=JDK, worker-threads=1, nio-threads=0, node-count=3]" classname="io.hekate.lock.internal.DistributedLockTest" time="0.122"/>
  <testcase name="testLockLivenessIfAtLeastOneNodeExists[36: transport=EPOLL, ssl=JDK, worker-threads=1, nio-threads=0, node-count=3]" classname="io.hekate.lock.internal.DistributedLockTest" time="0.266"/>
  <testcase name="testTryBusyLockWithTimeout[36: transport=EPOLL, ssl=JDK, worker-threads=1, nio-threads=0, node-count=3]" classname="io.hekate.lock.internal.DistributedLockTest" time="0.234"/>
  <testcase name="testCluster[36: transport=EPOLL, ssl=JDK, worker-threads=1, nio-threads=0, node-count=3]" classname="io.hekate.lock.internal.DistributedLockTest" time="0.171"/>
  <testcase name="testLockAfterManagerLeave[36: transport=EPOLL, ssl=JDK, worker-threads=1, nio-threads=0, node-count=3]" classname="io.hekate.lock.internal.DistributedLockTest" time="0.141"/>
  <testcase name="testLockWithTimeoutAfterManagerLeave[36: transport=EPOLL, ssl=JDK, worker-threads=1, nio-threads=0, node-count=3]" classname="io.hekate.lock.internal.DistributedLockTest" time="0.143"/>
  <testcase name="testGetOwnerOfNonExistingLock[36: transport=EPOLL, ssl=JDK, worker-threads=1, nio-threads=0, node-count=3]" classname="io.hekate.lock.internal.DistributedLockTest" time="1.151"/>
  <testcase name="testLockUnlockSameInstance[36: transport=EPOLL, ssl=JDK, worker-threads=1, nio-threads=0, node-count=3]" classname="io.hekate.lock.internal.DistributedLockTest" time="0.177"/>
  <testcase name="testGetOwnerTerminatedService[36: transport=EPOLL, ssl=JDK, worker-threads=1, nio-threads=0, node-count=3]" classname="io.hekate.lock.internal.DistributedLockTest" time="0.134"/>
  <testcase name="testTryLockWithTimeoutInterruptibly[37: transport=EPOLL, ssl=JDK, worker-threads=2, nio-threads=2, node-count=3]" classname="io.hekate.lock.internal.DistributedLockTest" time="0.19"/>
  <testcase name="testGetOwner[37: transport=EPOLL, ssl=JDK, worker-threads=2, nio-threads=2, node-count=3]" classname="io.hekate.lock.internal.DistributedLockTest" time="0.123"/>
  <testcase name="testLockUnlockAsyncSameInstance[37: transport=EPOLL, ssl=JDK, worker-threads=2, nio-threads=2, node-count=3]" classname="io.hekate.lock.internal.DistributedLockTest" time="0.129"/>
  <testcase name="testQueuedLockAfterOtherLockTimeout[37: transport=EPOLL, ssl=JDK, worker-threads=2, nio-threads=2, node-count=3]" classname="io.hekate.lock.internal.DistributedLockTest" time="0.904"/>
  <testcase name="testUnlockAfterOwnerLeaves[37: transport=EPOLL, ssl=JDK, worker-threads=2, nio-threads=2, node-count=3]" classname="io.hekate.lock.internal.DistributedLockTest" time="0.149"/>
  <testcase name="testLockAfterManagerTermination[37: transport=EPOLL, ssl=JDK, worker-threads=2, nio-threads=2, node-count=3]" classname="io.hekate.lock.internal.DistributedLockTest" time="1.269"/>
  <testcase name="testConcurrentLockFromSameNode[37: transport=EPOLL, ssl=JDK, worker-threads=2, nio-threads=2, node-count=3]" classname="io.hekate.lock.internal.DistributedLockTest" time="0.543"/>
  <testcase name="testLockAfterReleaseByOtherNode[37: transport=EPOLL, ssl=JDK, worker-threads=2, nio-threads=2, node-count=3]" classname="io.hekate.lock.internal.DistributedLockTest" time="0.944"/>
  <testcase name="testTryFreeLock[37: transport=EPOLL, ssl=JDK, worker-threads=2, nio-threads=2, node-count=3]" classname="io.hekate.lock.internal.DistributedLockTest" time="0.234"/>
  <testcase name="testLockUnlockAsyncDifferentInstances[37: transport=EPOLL, ssl=JDK, worker-threads=2, nio-threads=2, node-count=3]" classname="io.hekate.lock.internal.DistributedLockTest" time="0.148"/>
  <testcase name="testLockWithTimeoutAfterManagerTermination[37: transport=EPOLL, ssl=JDK, worker-threads=2, nio-threads=2, node-count=3]" classname="io.hekate.lock.internal.DistributedLockTest" time="1.435"/>
  <testcase name="testLockAfterQueuedNodeLeave[37: transport=EPOLL, ssl=JDK, worker-threads=2, nio-threads=2, node-count=3]" classname="io.hekate.lock.internal.DistributedLockTest" time="0.154"/>
  <testcase name="testLockInterruptibly[37: transport=EPOLL, ssl=JDK, worker-threads=2, nio-threads=2, node-count=3]" classname="io.hekate.lock.internal.DistributedLockTest" time="0.181"/>
  <testcase name="testLockWithTimeoutAfterReleaseByOtherNode[37: transport=EPOLL, ssl=JDK, worker-threads=2, nio-threads=2, node-count=3]" classname="io.hekate.lock.internal.DistributedLockTest" time="0.934"/>
  <testcase name="testNonReentrantWithDifferentNodes[37: transport=EPOLL, ssl=JDK, worker-threads=2, nio-threads=2, node-count=3]" classname="io.hekate.lock.internal.DistributedLockTest" time="0.199"/>
  <testcase name="testLockAfterQueuedNodeTermination[37: transport=EPOLL, ssl=JDK, worker-threads=2, nio-threads=2, node-count=3]" classname="io.hekate.lock.internal.DistributedLockTest" time="1.485"/>
  <testcase name="testTryBusyLock[37: transport=EPOLL, ssl=JDK, worker-threads=2, nio-threads=2, node-count=3]" classname="io.hekate.lock.internal.DistributedLockTest" time="0.199"/>
  <testcase name="testConcurrentLockFromDifferentNodes[37: transport=EPOLL, ssl=JDK, worker-threads=2, nio-threads=2, node-count=3]" classname="io.hekate.lock.internal.DistributedLockTest" time="0.955"/>
  <testcase name="testTryFreeLockWithTimeout[37: transport=EPOLL, ssl=JDK, worker-threads=2, nio-threads=2, node-count=3]" classname="io.hekate.lock.internal.DistributedLockTest" time="0.153"/>
  <testcase name="testTryLockWithTerminatedService[37: transport=EPOLL, ssl=JDK, worker-threads=2, nio-threads=2, node-count=3]" classname="io.hekate.lock.internal.DistributedLockTest" time="0.087"/>
  <testcase name="testLockUnlockDifferentInstances[37: transport=EPOLL, ssl=JDK, worker-threads=2, nio-threads=2, node-count=3]" classname="io.hekate.lock.internal.DistributedLockTest" time="0.129"/>
  <testcase name="testLockLivenessIfAtLeastOneNodeExists[37: transport=EPOLL, ssl=JDK, worker-threads=2, nio-threads=2, node-count=3]" classname="io.hekate.lock.internal.DistributedLockTest" time="0.285"/>
  <testcase name="testTryBusyLockWithTimeout[37: transport=EPOLL, ssl=JDK, worker-threads=2, nio-threads=2, node-count=3]" classname="io.hekate.lock.internal.DistributedLockTest" time="0.174"/>
  <testcase name="testCluster[37: transport=EPOLL, ssl=JDK, worker-threads=2, nio-threads=2, node-count=3]" classname="io.hekate.lock.internal.DistributedLockTest" time="0.132"/>
  <testcase name="testLockAfterManagerLeave[37: transport=EPOLL, ssl=JDK, worker-threads=2, nio-threads=2, node-count=3]" classname="io.hekate.lock.internal.DistributedLockTest" time="0.138"/>
  <testcase name="testLockWithTimeoutAfterManagerLeave[37: transport=EPOLL, ssl=JDK, worker-threads=2, nio-threads=2, node-count=3]" classname="io.hekate.lock.internal.DistributedLockTest" time="0.189"/>
  <testcase name="testGetOwnerOfNonExistingLock[37: transport=EPOLL, ssl=JDK, worker-threads=2, nio-threads=2, node-count=3]" classname="io.hekate.lock.internal.DistributedLockTest" time="0.144"/>
  <testcase name="testLockUnlockSameInstance[37: transport=EPOLL, ssl=JDK, worker-threads=2, nio-threads=2, node-count=3]" classname="io.hekate.lock.internal.DistributedLockTest" time="0.117"/>
  <testcase name="testGetOwnerTerminatedService[37: transport=EPOLL, ssl=JDK, worker-threads=2, nio-threads=2, node-count=3]" classname="io.hekate.lock.internal.DistributedLockTest" time="0.115"/>
  <testcase name="testTryLockWithTimeoutInterruptibly[38: transport=EPOLL, ssl=JDK, worker-threads=1, nio-threads=0, node-count=4]" classname="io.hekate.lock.internal.DistributedLockTest" time="0.214"/>
  <testcase name="testGetOwner[38: transport=EPOLL, ssl=JDK, worker-threads=1, nio-threads=0, node-count=4]" classname="io.hekate.lock.internal.DistributedLockTest" time="0.182"/>
  <testcase name="testLockUnlockAsyncSameInstance[38: transport=EPOLL, ssl=JDK, worker-threads=1, nio-threads=0, node-count=4]" classname="io.hekate.lock.internal.DistributedLockTest" time="0.191"/>
  <testcase name="testQueuedLockAfterOtherLockTimeout[38: transport=EPOLL, ssl=JDK, worker-threads=1, nio-threads=0, node-count=4]" classname="io.hekate.lock.internal.DistributedLockTest" time="1.233"/>
  <testcase name="testUnlockAfterOwnerLeaves[38: transport=EPOLL, ssl=JDK, worker-threads=1, nio-threads=0, node-count=4]" classname="io.hekate.lock.internal.DistributedLockTest" time="0.235"/>
  <testcase name="testLockAfterManagerTermination[38: transport=EPOLL, ssl=JDK, worker-threads=1, nio-threads=0, node-count=4]" classname="io.hekate.lock.internal.DistributedLockTest" time="1.454"/>
  <testcase name="testConcurrentLockFromSameNode[38: transport=EPOLL, ssl=JDK, worker-threads=1, nio-threads=0, node-count=4]" classname="io.hekate.lock.internal.DistributedLockTest" time="1.56"/>
  <testcase name="testLockAfterReleaseByOtherNode[38: transport=EPOLL, ssl=JDK, worker-threads=1, nio-threads=0, node-count=4]" classname="io.hekate.lock.internal.DistributedLockTest" time="1.237"/>
  <testcase name="testTryFreeLock[38: transport=EPOLL, ssl=JDK, worker-threads=1, nio-threads=0, node-count=4]" classname="io.hekate.lock.internal.DistributedLockTest" time="0.46"/>
  <testcase name="testLockUnlockAsyncDifferentInstances[38: transport=EPOLL, ssl=JDK, worker-threads=1, nio-threads=0, node-count=4]" classname="io.hekate.lock.internal.DistributedLockTest" time="0.279"/>
  <testcase name="testLockWithTimeoutAfterManagerTermination[38: transport=EPOLL, ssl=JDK, worker-threads=1, nio-threads=0, node-count=4]" classname="io.hekate.lock.internal.DistributedLockTest" time="1.258"/>
  <testcase name="testLockAfterQueuedNodeLeave[38: transport=EPOLL, ssl=JDK, worker-threads=1, nio-threads=0, node-count=4]" classname="io.hekate.lock.internal.DistributedLockTest" time="0.245"/>
  <testcase name="testLockInterruptibly[38: transport=EPOLL, ssl=JDK, worker-threads=1, nio-threads=0, node-count=4]" classname="io.hekate.lock.internal.DistributedLockTest" time="0.237"/>
  <testcase name="testLockWithTimeoutAfterReleaseByOtherNode[38: transport=EPOLL, ssl=JDK, worker-threads=1, nio-threads=0, node-count=4]" classname="io.hekate.lock.internal.DistributedLockTest" time="1.461"/>
  <testcase name="testNonReentrantWithDifferentNodes[38: transport=EPOLL, ssl=JDK, worker-threads=1, nio-threads=0, node-count=4]" classname="io.hekate.lock.internal.DistributedLockTest" time="0.436"/>
  <testcase name="testLockAfterQueuedNodeTermination[38: transport=EPOLL, ssl=JDK, worker-threads=1, nio-threads=0, node-count=4]" classname="io.hekate.lock.internal.DistributedLockTest" time="1.554"/>
  <testcase name="testTryBusyLock[38: transport=EPOLL, ssl=JDK, worker-threads=1, nio-threads=0, node-count=4]" classname="io.hekate.lock.internal.DistributedLockTest" time="0.327"/>
  <testcase name="testConcurrentLockFromDifferentNodes[38: transport=EPOLL, ssl=JDK, worker-threads=1, nio-threads=0, node-count=4]" classname="io.hekate.lock.internal.DistributedLockTest" time="1.302"/>
  <testcase name="testTryFreeLockWithTimeout[38: transport=EPOLL, ssl=JDK, worker-threads=1, nio-threads=0, node-count=4]" classname="io.hekate.lock.internal.DistributedLockTest" time="0.247"/>
  <testcase name="testTryLockWithTerminatedService[38: transport=EPOLL, ssl=JDK, worker-threads=1, nio-threads=0, node-count=4]" classname="io.hekate.lock.internal.DistributedLockTest" time="0.152"/>
  <testcase name="testLockUnlockDifferentInstances[38: transport=EPOLL, ssl=JDK, worker-threads=1, nio-threads=0, node-count=4]" classname="io.hekate.lock.internal.DistributedLockTest" time="0.233"/>
  <testcase name="testLockLivenessIfAtLeastOneNodeExists[38: transport=EPOLL, ssl=JDK, worker-threads=1, nio-threads=0, node-count=4]" classname="io.hekate.lock.internal.DistributedLockTest" time="0.314"/>
  <testcase name="testTryBusyLockWithTimeout[38: transport=EPOLL, ssl=JDK, worker-threads=1, nio-threads=0, node-count=4]" classname="io.hekate.lock.internal.DistributedLockTest" time="0.489"/>
  <testcase name="testCluster[38: transport=EPOLL, ssl=JDK, worker-threads=1, nio-threads=0, node-count=4]" classname="io.hekate.lock.internal.DistributedLockTest" time="0.249"/>
  <testcase name="testLockAfterManagerLeave[38: transport=EPOLL, ssl=JDK, worker-threads=1, nio-threads=0, node-count=4]" classname="io.hekate.lock.internal.DistributedLockTest" time="0.181"/>
  <testcase name="testLockWithTimeoutAfterManagerLeave[38: transport=EPOLL, ssl=JDK, worker-threads=1, nio-threads=0, node-count=4]" classname="io.hekate.lock.internal.DistributedLockTest" time="0.266"/>
  <testcase name="testGetOwnerOfNonExistingLock[38: transport=EPOLL, ssl=JDK, worker-threads=1, nio-threads=0, node-count=4]" classname="io.hekate.lock.internal.DistributedLockTest" time="0.183"/>
  <testcase name="testLockUnlockSameInstance[38: transport=EPOLL, ssl=JDK, worker-threads=1, nio-threads=0, node-count=4]" classname="io.hekate.lock.internal.DistributedLockTest" time="0.175"/>
  <testcase name="testGetOwnerTerminatedService[38: transport=EPOLL, ssl=JDK, worker-threads=1, nio-threads=0, node-count=4]" classname="io.hekate.lock.internal.DistributedLockTest" time="0.155"/>
  <testcase name="testTryLockWithTimeoutInterruptibly[39: transport=EPOLL, ssl=JDK, worker-threads=2, nio-threads=2, node-count=4]" classname="io.hekate.lock.internal.DistributedLockTest" time="1.207"/>
  <testcase name="testGetOwner[39: transport=EPOLL, ssl=JDK, worker-threads=2, nio-threads=2, node-count=4]" classname="io.hekate.lock.internal.DistributedLockTest" time="0.223"/>
  <testcase name="testLockUnlockAsyncSameInstance[39: transport=EPOLL, ssl=JDK, worker-threads=2, nio-threads=2, node-count=4]" classname="io.hekate.lock.internal.DistributedLockTest" time="0.234"/>
  <testcase name="testQueuedLockAfterOtherLockTimeout[39: transport=EPOLL, ssl=JDK, worker-threads=2, nio-threads=2, node-count=4]" classname="io.hekate.lock.internal.DistributedLockTest" time="1.255"/>
  <testcase name="testUnlockAfterOwnerLeaves[39: transport=EPOLL, ssl=JDK, worker-threads=2, nio-threads=2, node-count=4]" classname="io.hekate.lock.internal.DistributedLockTest" time="0.178"/>
  <testcase name="testLockAfterManagerTermination[39: transport=EPOLL, ssl=JDK, worker-threads=2, nio-threads=2, node-count=4]" classname="io.hekate.lock.internal.DistributedLockTest" time="1.466"/>
  <testcase name="testConcurrentLockFromSameNode[39: transport=EPOLL, ssl=JDK, worker-threads=2, nio-threads=2, node-count=4]" classname="io.hekate.lock.internal.DistributedLockTest" time="0.516"/>
  <testcase name="testLockAfterReleaseByOtherNode[39: transport=EPOLL, ssl=JDK, worker-threads=2, nio-threads=2, node-count=4]" classname="io.hekate.lock.internal.DistributedLockTest" time="1.276"/>
  <testcase name="testTryFreeLock[39: transport=EPOLL, ssl=JDK, worker-threads=2, nio-threads=2, node-count=4]" classname="io.hekate.lock.internal.DistributedLockTest" time="0.204"/>
  <testcase name="testLockUnlockAsyncDifferentInstances[39: transport=EPOLL, ssl=JDK, worker-threads=2, nio-threads=2, node-count=4]" classname="io.hekate.lock.internal.DistributedLockTest" time="0.238"/>
  <testcase name="testLockWithTimeoutAfterManagerTermination[39: transport=EPOLL, ssl=JDK, worker-threads=2, nio-threads=2, node-count=4]" classname="io.hekate.lock.internal.DistributedLockTest" time="2.559"/>
  <testcase name="testLockAfterQueuedNodeLeave[39: transport=EPOLL, ssl=JDK, worker-threads=2, nio-threads=2, node-count=4]" classname="io.hekate.lock.internal.DistributedLockTest" time="0.273"/>
  <testcase name="testLockInterruptibly[39: transport=EPOLL, ssl=JDK, worker-threads=2, nio-threads=2, node-count=4]" classname="io.hekate.lock.internal.DistributedLockTest" time="0.25"/>
  <testcase name="testLockWithTimeoutAfterReleaseByOtherNode[39: transport=EPOLL, ssl=JDK, worker-threads=2, nio-threads=2, node-count=4]" classname="io.hekate.lock.internal.DistributedLockTest" time="1.195"/>
  <testcase name="testNonReentrantWithDifferentNodes[39: transport=EPOLL, ssl=JDK, worker-threads=2, nio-threads=2, node-count=4]" classname="io.hekate.lock.internal.DistributedLockTest" time="0.436"/>
  <testcase name="testLockAfterQueuedNodeTermination[39: transport=EPOLL, ssl=JDK, worker-threads=2, nio-threads=2, node-count=4]" classname="io.hekate.lock.internal.DistributedLockTest" time="1.576"/>
  <testcase name="testTryBusyLock[39: transport=EPOLL, ssl=JDK, worker-threads=2, nio-threads=2, node-count=4]" classname="io.hekate.lock.internal.DistributedLockTest" time="0.436"/>
  <testcase name="testConcurrentLockFromDifferentNodes[39: transport=EPOLL, ssl=JDK, worker-threads=2, nio-threads=2, node-count=4]" classname="io.hekate.lock.internal.DistributedLockTest" time="1.346"/>
  <testcase name="testTryFreeLockWithTimeout[39: transport=EPOLL, ssl=JDK, worker-threads=2, nio-threads=2, node-count=4]" classname="io.hekate.lock.internal.DistributedLockTest" time="0.203"/>
  <testcase name="testTryLockWithTerminatedService[39: transport=EPOLL, ssl=JDK, worker-threads=2, nio-threads=2, node-count=4]" classname="io.hekate.lock.internal.DistributedLockTest" time="0.134"/>
  <testcase name="testLockUnlockDifferentInstances[39: transport=EPOLL, ssl=JDK, worker-threads=2, nio-threads=2, node-count=4]" classname="io.hekate.lock.internal.DistributedLockTest" time="0.232"/>
  <testcase name="testLockLivenessIfAtLeastOneNodeExists[39: transport=EPOLL, ssl=JDK, worker-threads=2, nio-threads=2, node-count=4]" classname="io.hekate.lock.internal.DistributedLockTest" time="0.286"/>
  <testcase name="testTryBusyLockWithTimeout[39: transport=EPOLL, ssl=JDK, worker-threads=2, nio-threads=2, node-count=4]" classname="io.hekate.lock.internal.DistributedLockTest" time="0.27"/>
  <testcase name="testCluster[39: transport=EPOLL, ssl=JDK, worker-threads=2, nio-threads=2, node-count=4]" classname="io.hekate.lock.internal.DistributedLockTest" time="0.481"/>
  <testcase name="testLockAfterManagerLeave[39: transport=EPOLL, ssl=JDK, worker-threads=2, nio-threads=2, node-count=4]" classname="io.hekate.lock.internal.DistributedLockTest" time="0.238"/>
  <testcase name="testLockWithTimeoutAfterManagerLeave[39: transport=EPOLL, ssl=JDK, worker-threads=2, nio-threads=2, node-count=4]" classname="io.hekate.lock.internal.DistributedLockTest" time="0.361"/>
  <testcase name="testGetOwnerOfNonExistingLock[39: transport=EPOLL, ssl=JDK, worker-threads=2, nio-threads=2, node-count=4]" classname="io.hekate.lock.internal.DistributedLockTest" time="0.251"/>
  <testcase name="testLockUnlockSameInstance[39: transport=EPOLL, ssl=JDK, worker-threads=2, nio-threads=2, node-count=4]" classname="io.hekate.lock.internal.DistributedLockTest" time="0.205"/>
  <testcase name="testGetOwnerTerminatedService[39: transport=EPOLL, ssl=JDK, worker-threads=2, nio-threads=2, node-count=4]" classname="io.hekate.lock.internal.DistributedLockTest" time="0.247"/>
  <testcase name="testTryLockWithTimeoutInterruptibly[40: transport=EPOLL, ssl=OPEN_SSL, worker-threads=1, nio-threads=0, node-count=1]" classname="io.hekate.lock.internal.DistributedLockTest" time="0.02"/>
  <testcase name="testGetOwner[40: transport=EPOLL, ssl=OPEN_SSL, worker-threads=1, nio-threads=0, node-count=1]" classname="io.hekate.lock.internal.DistributedLockTest" time="0.009"/>
  <testcase name="testLockUnlockAsyncSameInstance[40: transport=EPOLL, ssl=OPEN_SSL, worker-threads=1, nio-threads=0, node-count=1]" classname="io.hekate.lock.internal.DistributedLockTest" time="0.027"/>
  <testcase name="testQueuedLockAfterOtherLockTimeout[40: transport=EPOLL, ssl=OPEN_SSL, worker-threads=1, nio-threads=0, node-count=1]" classname="io.hekate.lock.internal.DistributedLockTest" time="0.263"/>
  <testcase name="testUnlockAfterOwnerLeaves[40: transport=EPOLL, ssl=OPEN_SSL, worker-threads=1, nio-threads=0, node-count=1]" classname="io.hekate.lock.internal.DistributedLockTest" time="0.011"/>
  <testcase name="testLockAfterManagerTermination[40: transport=EPOLL, ssl=OPEN_SSL, worker-threads=1, nio-threads=0, node-count=1]" classname="io.hekate.lock.internal.DistributedLockTest" time="0.011"/>
  <testcase name="testConcurrentLockFromSameNode[40: transport=EPOLL, ssl=OPEN_SSL, worker-threads=1, nio-threads=0, node-count=1]" classname="io.hekate.lock.internal.DistributedLockTest" time="0.34"/>
  <testcase name="testLockAfterReleaseByOtherNode[40: transport=EPOLL, ssl=OPEN_SSL, worker-threads=1, nio-threads=0, node-count=1]" classname="io.hekate.lock.internal.DistributedLockTest" time="0.245"/>
  <testcase name="testTryFreeLock[40: transport=EPOLL, ssl=OPEN_SSL, worker-threads=1, nio-threads=0, node-count=1]" classname="io.hekate.lock.internal.DistributedLockTest" time="0.015"/>
  <testcase name="testLockUnlockAsyncDifferentInstances[40: transport=EPOLL, ssl=OPEN_SSL, worker-threads=1, nio-threads=0, node-count=1]" classname="io.hekate.lock.internal.DistributedLockTest" time="0.013"/>
  <testcase name="testLockWithTimeoutAfterManagerTermination[40: transport=EPOLL, ssl=OPEN_SSL, worker-threads=1, nio-threads=0, node-count=1]" classname="io.hekate.lock.internal.DistributedLockTest" time="0.01"/>
  <testcase name="testLockAfterQueuedNodeLeave[40: transport=EPOLL, ssl=OPEN_SSL, worker-threads=1, nio-threads=0, node-count=1]" classname="io.hekate.lock.internal.DistributedLockTest" time="0.009"/>
  <testcase name="testLockInterruptibly[40: transport=EPOLL, ssl=OPEN_SSL, worker-threads=1, nio-threads=0, node-count=1]" classname="io.hekate.lock.internal.DistributedLockTest" time="0.023"/>
  <testcase name="testLockWithTimeoutAfterReleaseByOtherNode[40: transport=EPOLL, ssl=OPEN_SSL, worker-threads=1, nio-threads=0, node-count=1]" classname="io.hekate.lock.internal.DistributedLockTest" time="0.194"/>
  <testcase name="testNonReentrantWithDifferentNodes[40: transport=EPOLL, ssl=OPEN_SSL, worker-threads=1, nio-threads=0, node-count=1]" classname="io.hekate.lock.internal.DistributedLockTest" time="0.011"/>
  <testcase name="testLockAfterQueuedNodeTermination[40: transport=EPOLL, ssl=OPEN_SSL, worker-threads=1, nio-threads=0, node-count=1]" classname="io.hekate.lock.internal.DistributedLockTest" time="0.011"/>
  <testcase name="testTryBusyLock[40: transport=EPOLL, ssl=OPEN_SSL, worker-threads=1, nio-threads=0, node-count=1]" classname="io.hekate.lock.internal.DistributedLockTest" time="0.015"/>
  <testcase name="testConcurrentLockFromDifferentNodes[40: transport=EPOLL, ssl=OPEN_SSL, worker-threads=1, nio-threads=0, node-count=1]" classname="io.hekate.lock.internal.DistributedLockTest" time="0.01"/>
  <testcase name="testTryFreeLockWithTimeout[40: transport=EPOLL, ssl=OPEN_SSL, worker-threads=1, nio-threads=0, node-count=1]" classname="io.hekate.lock.internal.DistributedLockTest" time="0.013"/>
  <testcase name="testTryLockWithTerminatedService[40: transport=EPOLL, ssl=OPEN_SSL, worker-threads=1, nio-threads=0, node-count=1]" classname="io.hekate.lock.internal.DistributedLockTest" time="0.009"/>
  <testcase name="testLockUnlockDifferentInstances[40: transport=EPOLL, ssl=OPEN_SSL, worker-threads=1, nio-threads=0, node-count=1]" classname="io.hekate.lock.internal.DistributedLockTest" time="0.032"/>
  <testcase name="testLockLivenessIfAtLeastOneNodeExists[40: transport=EPOLL, ssl=OPEN_SSL, worker-threads=1, nio-threads=0, node-count=1]" classname="io.hekate.lock.internal.DistributedLockTest" time="0.009"/>
  <testcase name="testTryBusyLockWithTimeout[40: transport=EPOLL, ssl=OPEN_SSL, worker-threads=1, nio-threads=0, node-count=1]" classname="io.hekate.lock.internal.DistributedLockTest" time="0.014"/>
  <testcase name="testCluster[40: transport=EPOLL, ssl=OPEN_SSL, worker-threads=1, nio-threads=0, node-count=1]" classname="io.hekate.lock.internal.DistributedLockTest" time="0.028"/>
  <testcase name="testLockAfterManagerLeave[40: transport=EPOLL, ssl=OPEN_SSL, worker-threads=1, nio-threads=0, node-count=1]" classname="io.hekate.lock.internal.DistributedLockTest" time="0.007"/>
  <testcase name="testLockWithTimeoutAfterManagerLeave[40: transport=EPOLL, ssl=OPEN_SSL, worker-threads=1, nio-threads=0, node-count=1]" classname="io.hekate.lock.internal.DistributedLockTest" time="0.007"/>
  <testcase name="testGetOwnerOfNonExistingLock[40: transport=EPOLL, ssl=OPEN_SSL, worker-threads=1, nio-threads=0, node-count=1]" classname="io.hekate.lock.internal.DistributedLockTest" time="0.007"/>
  <testcase name="testLockUnlockSameInstance[40: transport=EPOLL, ssl=OPEN_SSL, worker-threads=1, nio-threads=0, node-count=1]" classname="io.hekate.lock.internal.DistributedLockTest" time="0.01"/>
  <testcase name="testGetOwnerTerminatedService[40: transport=EPOLL, ssl=OPEN_SSL, worker-threads=1, nio-threads=0, node-count=1]" classname="io.hekate.lock.internal.DistributedLockTest" time="0.006"/>
  <testcase name="testTryLockWithTimeoutInterruptibly[41: transport=EPOLL, ssl=OPEN_SSL, worker-threads=2, nio-threads=2, node-count=1]" classname="io.hekate.lock.internal.DistributedLockTest" time="0.037"/>
  <testcase name="testGetOwner[41: transport=EPOLL, ssl=OPEN_SSL, worker-threads=2, nio-threads=2, node-count=1]" classname="io.hekate.lock.internal.DistributedLockTest" time="0.008"/>
  <testcase name="testLockUnlockAsyncSameInstance[41: transport=EPOLL, ssl=OPEN_SSL, worker-threads=2, nio-threads=2, node-count=1]" classname="io.hekate.lock.internal.DistributedLockTest" time="0.009"/>
  <testcase name="testQueuedLockAfterOtherLockTimeout[41: transport=EPOLL, ssl=OPEN_SSL, worker-threads=2, nio-threads=2, node-count=1]" classname="io.hekate.lock.internal.DistributedLockTest" time="0.262"/>
  <testcase name="testUnlockAfterOwnerLeaves[41: transport=EPOLL, ssl=OPEN_SSL, worker-threads=2, nio-threads=2, node-count=1]" classname="io.hekate.lock.internal.DistributedLockTest" time="0.012"/>
  <testcase name="testLockAfterManagerTermination[41: transport=EPOLL, ssl=OPEN_SSL, worker-threads=2, nio-threads=2, node-count=1]" classname="io.hekate.lock.internal.DistributedLockTest" time="0.012"/>
  <testcase name="testConcurrentLockFromSameNode[41: transport=EPOLL, ssl=OPEN_SSL, worker-threads=2, nio-threads=2, node-count=1]" classname="io.hekate.lock.internal.DistributedLockTest" time="0.316"/>
  <testcase name="testLockAfterReleaseByOtherNode[41: transport=EPOLL, ssl=OPEN_SSL, worker-threads=2, nio-threads=2, node-count=1]" classname="io.hekate.lock.internal.DistributedLockTest" time="0.248"/>
  <testcase name="testTryFreeLock[41: transport=EPOLL, ssl=OPEN_SSL, worker-threads=2, nio-threads=2, node-count=1]" classname="io.hekate.lock.internal.DistributedLockTest" time="0.016"/>
  <testcase name="testLockUnlockAsyncDifferentInstances[41: transport=EPOLL, ssl=OPEN_SSL, worker-threads=2, nio-threads=2, node-count=1]" classname="io.hekate.lock.internal.DistributedLockTest" time="0.014"/>
  <testcase name="testLockWithTimeoutAfterManagerTermination[41: transport=EPOLL, ssl=OPEN_SSL, worker-threads=2, nio-threads=2, node-count=1]" classname="io.hekate.lock.internal.DistributedLockTest" time="0.029"/>
  <testcase name="testLockAfterQueuedNodeLeave[41: transport=EPOLL, ssl=OPEN_SSL, worker-threads=2, nio-threads=2, node-count=1]" classname="io.hekate.lock.internal.DistributedLockTest" time="0.009"/>
  <testcase name="testLockInterruptibly[41: transport=EPOLL, ssl=OPEN_SSL, worker-threads=2, nio-threads=2, node-count=1]" classname="io.hekate.lock.internal.DistributedLockTest" time="0.021"/>
  <testcase name="testLockWithTimeoutAfterReleaseByOtherNode[41: transport=EPOLL, ssl=OPEN_SSL, worker-threads=2, nio-threads=2, node-count=1]" classname="io.hekate.lock.internal.DistributedLockTest" time="0.192"/>
  <testcase name="testNonReentrantWithDifferentNodes[41: transport=EPOLL, ssl=OPEN_SSL, worker-threads=2, nio-threads=2, node-count=1]" classname="io.hekate.lock.internal.DistributedLockTest" time="0.012"/>
  <testcase name="testLockAfterQueuedNodeTermination[41: transport=EPOLL, ssl=OPEN_SSL, worker-threads=2, nio-threads=2, node-count=1]" classname="io.hekate.lock.internal.DistributedLockTest" time="0.01"/>
  <testcase name="testTryBusyLock[41: transport=EPOLL, ssl=OPEN_SSL, worker-threads=2, nio-threads=2, node-count=1]" classname="io.hekate.lock.internal.DistributedLockTest" time="0.015"/>
  <testcase name="testConcurrentLockFromDifferentNodes[41: transport=EPOLL, ssl=OPEN_SSL, worker-threads=2, nio-threads=2, node-count=1]" classname="io.hekate.lock.internal.DistributedLockTest" time="0.009"/>
  <testcase name="testTryFreeLockWithTimeout[41: transport=EPOLL, ssl=OPEN_SSL, worker-threads=2, nio-threads=2, node-count=1]" classname="io.hekate.lock.internal.DistributedLockTest" time="0.013"/>
  <testcase name="testTryLockWithTerminatedService[41: transport=EPOLL, ssl=OPEN_SSL, worker-threads=2, nio-threads=2, node-count=1]" classname="io.hekate.lock.internal.DistributedLockTest" time="0.009"/>
  <testcase name="testLockUnlockDifferentInstances[41: transport=EPOLL, ssl=OPEN_SSL, worker-threads=2, nio-threads=2, node-count=1]" classname="io.hekate.lock.internal.DistributedLockTest" time="0.012"/>
  <testcase name="testLockLivenessIfAtLeastOneNodeExists[41: transport=EPOLL, ssl=OPEN_SSL, worker-threads=2, nio-threads=2, node-count=1]" classname="io.hekate.lock.internal.DistributedLockTest" time="0.008"/>
  <testcase name="testTryBusyLockWithTimeout[41: transport=EPOLL, ssl=OPEN_SSL, worker-threads=2, nio-threads=2, node-count=1]" classname="io.hekate.lock.internal.DistributedLockTest" time="0.014"/>
  <testcase name="testCluster[41: transport=EPOLL, ssl=OPEN_SSL, worker-threads=2, nio-threads=2, node-count=1]" classname="io.hekate.lock.internal.DistributedLockTest" time="0.028"/>
  <testcase name="testLockAfterManagerLeave[41: transport=EPOLL, ssl=OPEN_SSL, worker-threads=2, nio-threads=2, node-count=1]" classname="io.hekate.lock.internal.DistributedLockTest" time="0.008"/>
  <testcase name="testLockWithTimeoutAfterManagerLeave[41: transport=EPOLL, ssl=OPEN_SSL, worker-threads=2, nio-threads=2, node-count=1]" classname="io.hekate.lock.internal.DistributedLockTest" time="0.007"/>
  <testcase name="testGetOwnerOfNonExistingLock[41: transport=EPOLL, ssl=OPEN_SSL, worker-threads=2, nio-threads=2, node-count=1]" classname="io.hekate.lock.internal.DistributedLockTest" time="0.007"/>
  <testcase name="testLockUnlockSameInstance[41: transport=EPOLL, ssl=OPEN_SSL, worker-threads=2, nio-threads=2, node-count=1]" classname="io.hekate.lock.internal.DistributedLockTest" time="0.009"/>
  <testcase name="testGetOwnerTerminatedService[41: transport=EPOLL, ssl=OPEN_SSL, worker-threads=2, nio-threads=2, node-count=1]" classname="io.hekate.lock.internal.DistributedLockTest" time="0.007"/>
  <testcase name="testTryLockWithTimeoutInterruptibly[42: transport=EPOLL, ssl=OPEN_SSL, worker-threads=1, nio-threads=0, node-count=2]" classname="io.hekate.lock.internal.DistributedLockTest" time="0.087"/>
  <testcase name="testGetOwner[42: transport=EPOLL, ssl=OPEN_SSL, worker-threads=1, nio-threads=0, node-count=2]" classname="io.hekate.lock.internal.DistributedLockTest" time="0.042"/>
  <testcase name="testLockUnlockAsyncSameInstance[42: transport=EPOLL, ssl=OPEN_SSL, worker-threads=1, nio-threads=0, node-count=2]" classname="io.hekate.lock.internal.DistributedLockTest" time="0.044"/>
  <testcase name="testQueuedLockAfterOtherLockTimeout[42: transport=EPOLL, ssl=OPEN_SSL, worker-threads=1, nio-threads=0, node-count=2]" classname="io.hekate.lock.internal.DistributedLockTest" time="0.554"/>
  <testcase name="testUnlockAfterOwnerLeaves[42: transport=EPOLL, ssl=OPEN_SSL, worker-threads=1, nio-threads=0, node-count=2]" classname="io.hekate.lock.internal.DistributedLockTest" time="0.048"/>
  <testcase name="testLockAfterManagerTermination[42: transport=EPOLL, ssl=OPEN_SSL, worker-threads=1, nio-threads=0, node-count=2]" classname="io.hekate.lock.internal.DistributedLockTest" time="0.617"/>
  <testcase name="testConcurrentLockFromSameNode[42: transport=EPOLL, ssl=OPEN_SSL, worker-threads=1, nio-threads=0, node-count=2]" classname="io.hekate.lock.internal.DistributedLockTest" time="0.478"/>
  <testcase name="testLockAfterReleaseByOtherNode[42: transport=EPOLL, ssl=OPEN_SSL, worker-threads=1, nio-threads=0, node-count=2]" classname="io.hekate.lock.internal.DistributedLockTest" time="0.538"/>
  <testcase name="testTryFreeLock[42: transport=EPOLL, ssl=OPEN_SSL, worker-threads=1, nio-threads=0, node-count=2]" classname="io.hekate.lock.internal.DistributedLockTest" time="0.056"/>
  <testcase name="testLockUnlockAsyncDifferentInstances[42: transport=EPOLL, ssl=OPEN_SSL, worker-threads=1, nio-threads=0, node-count=2]" classname="io.hekate.lock.internal.DistributedLockTest" time="0.046"/>
  <testcase name="testLockWithTimeoutAfterManagerTermination[42: transport=EPOLL, ssl=OPEN_SSL, worker-threads=1, nio-threads=0, node-count=2]" classname="io.hekate.lock.internal.DistributedLockTest" time="0.622"/>
  <testcase name="testLockAfterQueuedNodeLeave[42: transport=EPOLL, ssl=OPEN_SSL, worker-threads=1, nio-threads=0, node-count=2]" classname="io.hekate.lock.internal.DistributedLockTest" time="0.096"/>
  <testcase name="testLockInterruptibly[42: transport=EPOLL, ssl=OPEN_SSL, worker-threads=1, nio-threads=0, node-count=2]" classname="io.hekate.lock.internal.DistributedLockTest" time="0.085"/>
  <testcase name="testLockWithTimeoutAfterReleaseByOtherNode[42: transport=EPOLL, ssl=OPEN_SSL, worker-threads=1, nio-threads=0, node-count=2]" classname="io.hekate.lock.internal.DistributedLockTest" time="0.437"/>
  <testcase name="testNonReentrantWithDifferentNodes[42: transport=EPOLL, ssl=OPEN_SSL, worker-threads=1, nio-threads=0, node-count=2]" classname="io.hekate.lock.internal.DistributedLockTest" time="0.062"/>
  <testcase name="testLockAfterQueuedNodeTermination[42: transport=EPOLL, ssl=OPEN_SSL, worker-threads=1, nio-threads=0, node-count=2]" classname="io.hekate.lock.internal.DistributedLockTest" time="0.626"/>
  <testcase name="testTryBusyLock[42: transport=EPOLL, ssl=OPEN_SSL, worker-threads=1, nio-threads=0, node-count=2]" classname="io.hekate.lock.internal.DistributedLockTest" time="0.076"/>
  <testcase name="testConcurrentLockFromDifferentNodes[42: transport=EPOLL, ssl=OPEN_SSL, worker-threads=1, nio-threads=0, node-count=2]" classname="io.hekate.lock.internal.DistributedLockTest" time="0.598"/>
  <testcase name="testTryFreeLockWithTimeout[42: transport=EPOLL, ssl=OPEN_SSL, worker-threads=1, nio-threads=0, node-count=2]" classname="io.hekate.lock.internal.DistributedLockTest" time="0.053"/>
  <testcase name="testTryLockWithTerminatedService[42: transport=EPOLL, ssl=OPEN_SSL, worker-threads=1, nio-threads=0, node-count=2]" classname="io.hekate.lock.internal.DistributedLockTest" time="0.048"/>
  <testcase name="testLockUnlockDifferentInstances[42: transport=EPOLL, ssl=OPEN_SSL, worker-threads=1, nio-threads=0, node-count=2]" classname="io.hekate.lock.internal.DistributedLockTest" time="0.051"/>
  <testcase name="testLockLivenessIfAtLeastOneNodeExists[42: transport=EPOLL, ssl=OPEN_SSL, worker-threads=1, nio-threads=0, node-count=2]" classname="io.hekate.lock.internal.DistributedLockTest" time="0.072"/>
  <testcase name="testTryBusyLockWithTimeout[42: transport=EPOLL, ssl=OPEN_SSL, worker-threads=1, nio-threads=0, node-count=2]" classname="io.hekate.lock.internal.DistributedLockTest" time="0.068"/>
  <testcase name="testCluster[42: transport=EPOLL, ssl=OPEN_SSL, worker-threads=1, nio-threads=0, node-count=2]" classname="io.hekate.lock.internal.DistributedLockTest" time="0.047"/>
  <testcase name="testLockAfterManagerLeave[42: transport=EPOLL, ssl=OPEN_SSL, worker-threads=1, nio-threads=0, node-count=2]" classname="io.hekate.lock.internal.DistributedLockTest" time="0.061"/>
  <testcase name="testLockWithTimeoutAfterManagerLeave[42: transport=EPOLL, ssl=OPEN_SSL, worker-threads=1, nio-threads=0, node-count=2]" classname="io.hekate.lock.internal.DistributedLockTest" time="0.062"/>
  <testcase name="testGetOwnerOfNonExistingLock[42: transport=EPOLL, ssl=OPEN_SSL, worker-threads=1, nio-threads=0, node-count=2]" classname="io.hekate.lock.internal.DistributedLockTest" time="0.043"/>
  <testcase name="testLockUnlockSameInstance[42: transport=EPOLL, ssl=OPEN_SSL, worker-threads=1, nio-threads=0, node-count=2]" classname="io.hekate.lock.internal.DistributedLockTest" time="0.052"/>
  <testcase name="testGetOwnerTerminatedService[42: transport=EPOLL, ssl=OPEN_SSL, worker-threads=1, nio-threads=0, node-count=2]" classname="io.hekate.lock.internal.DistributedLockTest" time="0.056"/>
  <testcase name="testTryLockWithTimeoutInterruptibly[43: transport=EPOLL, ssl=OPEN_SSL, worker-threads=2, nio-threads=2, node-count=2]" classname="io.hekate.lock.internal.DistributedLockTest" time="0.06"/>
  <testcase name="testGetOwner[43: transport=EPOLL, ssl=OPEN_SSL, worker-threads=2, nio-threads=2, node-count=2]" classname="io.hekate.lock.internal.DistributedLockTest" time="0.041"/>
  <testcase name="testLockUnlockAsyncSameInstance[43: transport=EPOLL, ssl=OPEN_SSL, worker-threads=2, nio-threads=2, node-count=2]" classname="io.hekate.lock.internal.DistributedLockTest" time="0.048"/>
  <testcase name="testQueuedLockAfterOtherLockTimeout[43: transport=EPOLL, ssl=OPEN_SSL, worker-threads=2, nio-threads=2, node-count=2]" classname="io.hekate.lock.internal.DistributedLockTest" time="0.553"/>
  <testcase name="testUnlockAfterOwnerLeaves[43: transport=EPOLL, ssl=OPEN_SSL, worker-threads=2, nio-threads=2, node-count=2]" classname="io.hekate.lock.internal.DistributedLockTest" time="0.051"/>
  <testcase name="testLockAfterManagerTermination[43: transport=EPOLL, ssl=OPEN_SSL, worker-threads=2, nio-threads=2, node-count=2]" classname="io.hekate.lock.internal.DistributedLockTest" time="0.618"/>
  <testcase name="testConcurrentLockFromSameNode[43: transport=EPOLL, ssl=OPEN_SSL, worker-threads=2, nio-threads=2, node-count=2]" classname="io.hekate.lock.internal.DistributedLockTest" time="0.477"/>
  <testcase name="testLockAfterReleaseByOtherNode[43: transport=EPOLL, ssl=OPEN_SSL, worker-threads=2, nio-threads=2, node-count=2]" classname="io.hekate.lock.internal.DistributedLockTest" time="0.427"/>
  <testcase name="testTryFreeLock[43: transport=EPOLL, ssl=OPEN_SSL, worker-threads=2, nio-threads=2, node-count=2]" classname="io.hekate.lock.internal.DistributedLockTest" time="0.094"/>
  <testcase name="testLockUnlockAsyncDifferentInstances[43: transport=EPOLL, ssl=OPEN_SSL, worker-threads=2, nio-threads=2, node-count=2]" classname="io.hekate.lock.internal.DistributedLockTest" time="0.038"/>
  <testcase name="testLockWithTimeoutAfterManagerTermination[43: transport=EPOLL, ssl=OPEN_SSL, worker-threads=2, nio-threads=2, node-count=2]" classname="io.hekate.lock.internal.DistributedLockTest" time="0.616"/>
  <testcase name="testLockAfterQueuedNodeLeave[43: transport=EPOLL, ssl=OPEN_SSL, worker-threads=2, nio-threads=2, node-count=2]" classname="io.hekate.lock.internal.DistributedLockTest" time="0.073"/>
  <testcase name="testLockInterruptibly[43: transport=EPOLL, ssl=OPEN_SSL, worker-threads=2, nio-threads=2, node-count=2]" classname="io.hekate.lock.internal.DistributedLockTest" time="0.083"/>
  <testcase name="testLockWithTimeoutAfterReleaseByOtherNode[43: transport=EPOLL, ssl=OPEN_SSL, worker-threads=2, nio-threads=2, node-count=2]" classname="io.hekate.lock.internal.DistributedLockTest" time="0.53"/>
  <testcase name="testNonReentrantWithDifferentNodes[43: transport=EPOLL, ssl=OPEN_SSL, worker-threads=2, nio-threads=2, node-count=2]" classname="io.hekate.lock.internal.DistributedLockTest" time="0.065"/>
  <testcase name="testLockAfterQueuedNodeTermination[43: transport=EPOLL, ssl=OPEN_SSL, worker-threads=2, nio-threads=2, node-count=2]" classname="io.hekate.lock.internal.DistributedLockTest" time="0.628"/>
  <testcase name="testTryBusyLock[43: transport=EPOLL, ssl=OPEN_SSL, worker-threads=2, nio-threads=2, node-count=2]" classname="io.hekate.lock.internal.DistributedLockTest" time="0.095"/>
  <testcase name="testConcurrentLockFromDifferentNodes[43: transport=EPOLL, ssl=OPEN_SSL, worker-threads=2, nio-threads=2, node-count=2]" classname="io.hekate.lock.internal.DistributedLockTest" time="0.612"/>
  <testcase name="testTryFreeLockWithTimeout[43: transport=EPOLL, ssl=OPEN_SSL, worker-threads=2, nio-threads=2, node-count=2]" classname="io.hekate.lock.internal.DistributedLockTest" time="0.06"/>
  <testcase name="testTryLockWithTerminatedService[43: transport=EPOLL, ssl=OPEN_SSL, worker-threads=2, nio-threads=2, node-count=2]" classname="io.hekate.lock.internal.DistributedLockTest" time="0.031"/>
  <testcase name="testLockUnlockDifferentInstances[43: transport=EPOLL, ssl=OPEN_SSL, worker-threads=2, nio-threads=2, node-count=2]" classname="io.hekate.lock.internal.DistributedLockTest" time="0.065"/>
  <testcase name="testLockLivenessIfAtLeastOneNodeExists[43: transport=EPOLL, ssl=OPEN_SSL, worker-threads=2, nio-threads=2, node-count=2]" classname="io.hekate.lock.internal.DistributedLockTest" time="0.075"/>
  <testcase name="testTryBusyLockWithTimeout[43: transport=EPOLL, ssl=OPEN_SSL, worker-threads=2, nio-threads=2, node-count=2]" classname="io.hekate.lock.internal.DistributedLockTest" time="0.07"/>
  <testcase name="testCluster[43: transport=EPOLL, ssl=OPEN_SSL, worker-threads=2, nio-threads=2, node-count=2]" classname="io.hekate.lock.internal.DistributedLockTest" time="0.072"/>
  <testcase name="testLockAfterManagerLeave[43: transport=EPOLL, ssl=OPEN_SSL, worker-threads=2, nio-threads=2, node-count=2]" classname="io.hekate.lock.internal.DistributedLockTest" time="0.062"/>
  <testcase name="testLockWithTimeoutAfterManagerLeave[43: transport=EPOLL, ssl=OPEN_SSL, worker-threads=2, nio-threads=2, node-count=2]" classname="io.hekate.lock.internal.DistributedLockTest" time="0.182"/>
  <testcase name="testGetOwnerOfNonExistingLock[43: transport=EPOLL, ssl=OPEN_SSL, worker-threads=2, nio-threads=2, node-count=2]" classname="io.hekate.lock.internal.DistributedLockTest" time="0.045"/>
  <testcase name="testLockUnlockSameInstance[43: transport=EPOLL, ssl=OPEN_SSL, worker-threads=2, nio-threads=2, node-count=2]" classname="io.hekate.lock.internal.DistributedLockTest" time="0.048"/>
  <testcase name="testGetOwnerTerminatedService[43: transport=EPOLL, ssl=OPEN_SSL, worker-threads=2, nio-threads=2, node-count=2]" classname="io.hekate.lock.internal.DistributedLockTest" time="0.042"/>
  <testcase name="testTryLockWithTimeoutInterruptibly[44: transport=EPOLL, ssl=OPEN_SSL, worker-threads=1, nio-threads=0, node-count=3]" classname="io.hekate.lock.internal.DistributedLockTest" time="0.104"/>
  <testcase name="testGetOwner[44: transport=EPOLL, ssl=OPEN_SSL, worker-threads=1, nio-threads=0, node-count=3]" classname="io.hekate.lock.internal.DistributedLockTest" time="0.06"/>
  <testcase name="testLockUnlockAsyncSameInstance[44: transport=EPOLL, ssl=OPEN_SSL, worker-threads=1, nio-threads=0, node-count=3]" classname="io.hekate.lock.internal.DistributedLockTest" time="0.068"/>
  <testcase name="testQueuedLockAfterOtherLockTimeout[44: transport=EPOLL, ssl=OPEN_SSL, worker-threads=1, nio-threads=0, node-count=3]" classname="io.hekate.lock.internal.DistributedLockTest" time="0.823"/>
  <testcase name="testUnlockAfterOwnerLeaves[44: transport=EPOLL, ssl=OPEN_SSL, worker-threads=1, nio-threads=0, node-count=3]" classname="io.hekate.lock.internal.DistributedLockTest" time="0.087"/>
  <testcase name="testLockAfterManagerTermination[44: transport=EPOLL, ssl=OPEN_SSL, worker-threads=1, nio-threads=0, node-count=3]" classname="io.hekate.lock.internal.DistributedLockTest" time="0.645"/>
  <testcase name="testConcurrentLockFromSameNode[44: transport=EPOLL, ssl=OPEN_SSL, worker-threads=1, nio-threads=0, node-count=3]" classname="io.hekate.lock.internal.DistributedLockTest" time="0.473"/>
  <testcase name="testLockAfterReleaseByOtherNode[44: transport=EPOLL, ssl=OPEN_SSL, worker-threads=1, nio-threads=0, node-count=3]" classname="io.hekate.lock.internal.DistributedLockTest" time="0.821"/>
  <testcase name="testTryFreeLock[44: transport=EPOLL, ssl=OPEN_SSL, worker-threads=1, nio-threads=0, node-count=3]" classname="io.hekate.lock.internal.DistributedLockTest" time="0.137"/>
  <testcase name="testLockUnlockAsyncDifferentInstances[44: transport=EPOLL, ssl=OPEN_SSL, worker-threads=1, nio-threads=0, node-count=3]" classname="io.hekate.lock.internal.DistributedLockTest" time="0.097"/>
  <testcase name="testLockWithTimeoutAfterManagerTermination[44: transport=EPOLL, ssl=OPEN_SSL, worker-threads=1, nio-threads=0, node-count=3]" classname="io.hekate.lock.internal.DistributedLockTest" time="0.645"/>
  <testcase name="testLockAfterQueuedNodeLeave[44: transport=EPOLL, ssl=OPEN_SSL, worker-threads=1, nio-threads=0, node-count=3]" classname="io.hekate.lock.internal.DistributedLockTest" time="0.159"/>
  <testcase name="testLockInterruptibly[44: transport=EPOLL, ssl=OPEN_SSL, worker-threads=1, nio-threads=0, node-count=3]" classname="io.hekate.lock.internal.DistributedLockTest" time="0.109"/>
  <testcase name="testLockWithTimeoutAfterReleaseByOtherNode[44: transport=EPOLL, ssl=OPEN_SSL, worker-threads=1, nio-threads=0, node-count=3]" classname="io.hekate.lock.internal.DistributedLockTest" time="0.718"/>
  <testcase name="testNonReentrantWithDifferentNodes[44: transport=EPOLL, ssl=OPEN_SSL, worker-threads=1, nio-threads=0, node-count=3]" classname="io.hekate.lock.internal.DistributedLockTest" time="0.123"/>
  <testcase name="testLockAfterQueuedNodeTermination[44: transport=EPOLL, ssl=OPEN_SSL, worker-threads=1, nio-threads=0, node-count=3]" classname="io.hekate.lock.internal.DistributedLockTest" time="0.75"/>
  <testcase name="testTryBusyLock[44: transport=EPOLL, ssl=OPEN_SSL, worker-threads=1, nio-threads=0, node-count=3]" classname="io.hekate.lock.internal.DistributedLockTest" time="0.125"/>
  <testcase name="testConcurrentLockFromDifferentNodes[44: transport=EPOLL, ssl=OPEN_SSL, worker-threads=1, nio-threads=0, node-count=3]" classname="io.hekate.lock.internal.DistributedLockTest" time="0.899"/>
  <testcase name="testTryFreeLockWithTimeout[44: transport=EPOLL, ssl=OPEN_SSL, worker-threads=1, nio-threads=0, node-count=3]" classname="io.hekate.lock.internal.DistributedLockTest" time="0.105"/>
  <testcase name="testTryLockWithTerminatedService[44: transport=EPOLL, ssl=OPEN_SSL, worker-threads=1, nio-threads=0, node-count=3]" classname="io.hekate.lock.internal.DistributedLockTest" time="0.129"/>
  <testcase name="testLockUnlockDifferentInstances[44: transport=EPOLL, ssl=OPEN_SSL, worker-threads=1, nio-threads=0, node-count=3]" classname="io.hekate.lock.internal.DistributedLockTest" time="0.079"/>
  <testcase name="testLockLivenessIfAtLeastOneNodeExists[44: transport=EPOLL, ssl=OPEN_SSL, worker-threads=1, nio-threads=0, node-count=3]" classname="io.hekate.lock.internal.DistributedLockTest" time="0.112"/>
  <testcase name="testTryBusyLockWithTimeout[44: transport=EPOLL, ssl=OPEN_SSL, worker-threads=1, nio-threads=0, node-count=3]" classname="io.hekate.lock.internal.DistributedLockTest" time="0.118"/>
  <testcase name="testCluster[44: transport=EPOLL, ssl=OPEN_SSL, worker-threads=1, nio-threads=0, node-count=3]" classname="io.hekate.lock.internal.DistributedLockTest" time="0.07"/>
  <testcase name="testLockAfterManagerLeave[44: transport=EPOLL, ssl=OPEN_SSL, worker-threads=1, nio-threads=0, node-count=3]" classname="io.hekate.lock.internal.DistributedLockTest" time="0.127"/>
  <testcase name="testLockWithTimeoutAfterManagerLeave[44: transport=EPOLL, ssl=OPEN_SSL, worker-threads=1, nio-threads=0, node-count=3]" classname="io.hekate.lock.internal.DistributedLockTest" time="0.112"/>
  <testcase name="testGetOwnerOfNonExistingLock[44: transport=EPOLL, ssl=OPEN_SSL, worker-threads=1, nio-threads=0, node-count=3]" classname="io.hekate.lock.internal.DistributedLockTest" time="0.078"/>
  <testcase name="testLockUnlockSameInstance[44: transport=EPOLL, ssl=OPEN_SSL, worker-threads=1, nio-threads=0, node-count=3]" classname="io.hekate.lock.internal.DistributedLockTest" time="0.065"/>
  <testcase name="testGetOwnerTerminatedService[44: transport=EPOLL, ssl=OPEN_SSL, worker-threads=1, nio-threads=0, node-count=3]" classname="io.hekate.lock.internal.DistributedLockTest" time="0.134"/>
  <testcase name="testTryLockWithTimeoutInterruptibly[45: transport=EPOLL, ssl=OPEN_SSL, worker-threads=2, nio-threads=2, node-count=3]" classname="io.hekate.lock.internal.DistributedLockTest" time="0.108"/>
  <testcase name="testGetOwner[45: transport=EPOLL, ssl=OPEN_SSL, worker-threads=2, nio-threads=2, node-count=3]" classname="io.hekate.lock.internal.DistributedLockTest" time="0.131"/>
  <testcase name="testLockUnlockAsyncSameInstance[45: transport=EPOLL, ssl=OPEN_SSL, worker-threads=2, nio-threads=2, node-count=3]" classname="io.hekate.lock.internal.DistributedLockTest" time="0.077"/>
  <testcase name="testQueuedLockAfterOtherLockTimeout[45: transport=EPOLL, ssl=OPEN_SSL, worker-threads=2, nio-threads=2, node-count=3]" classname="io.hekate.lock.internal.DistributedLockTest" time="0.84"/>
  <testcase name="testUnlockAfterOwnerLeaves[45: transport=EPOLL, ssl=OPEN_SSL, worker-threads=2, nio-threads=2, node-count=3]" classname="io.hekate.lock.internal.DistributedLockTest" time="0.083"/>
  <testcase name="testLockAfterManagerTermination[45: transport=EPOLL, ssl=OPEN_SSL, worker-threads=2, nio-threads=2, node-count=3]" classname="io.hekate.lock.internal.DistributedLockTest" time="0.65"/>
  <testcase name="testConcurrentLockFromSameNode[45: transport=EPOLL, ssl=OPEN_SSL, worker-threads=2, nio-threads=2, node-count=3]" classname="io.hekate.lock.internal.DistributedLockTest" time="0.506"/>
  <testcase name="testLockAfterReleaseByOtherNode[45: transport=EPOLL, ssl=OPEN_SSL, worker-threads=2, nio-threads=2, node-count=3]" classname="io.hekate.lock.internal.DistributedLockTest" time="0.775"/>
  <testcase name="testTryFreeLock[45: transport=EPOLL, ssl=OPEN_SSL, worker-threads=2, nio-threads=2, node-count=3]" classname="io.hekate.lock.internal.DistributedLockTest" time="0.09"/>
  <testcase name="testLockUnlockAsyncDifferentInstances[45: transport=EPOLL, ssl=OPEN_SSL, worker-threads=2, nio-threads=2, node-count=3]" classname="io.hekate.lock.internal.DistributedLockTest" time="0.094"/>
  <testcase name="testLockWithTimeoutAfterManagerTermination[45: transport=EPOLL, ssl=OPEN_SSL, worker-threads=2, nio-threads=2, node-count=3]" classname="io.hekate.lock.internal.DistributedLockTest" time="0.65"/>
  <testcase name="testLockAfterQueuedNodeLeave[45: transport=EPOLL, ssl=OPEN_SSL, worker-threads=2, nio-threads=2, node-count=3]" classname="io.hekate.lock.internal.DistributedLockTest" time="0.129"/>
  <testcase name="testLockInterruptibly[45: transport=EPOLL, ssl=OPEN_SSL, worker-threads=2, nio-threads=2, node-count=3]" classname="io.hekate.lock.internal.DistributedLockTest" time="0.116"/>
  <testcase name="testLockWithTimeoutAfterReleaseByOtherNode[45: transport=EPOLL, ssl=OPEN_SSL, worker-threads=2, nio-threads=2, node-count=3]" classname="io.hekate.lock.internal.DistributedLockTest" time="0.857"/>
  <testcase name="testNonReentrantWithDifferentNodes[45: transport=EPOLL, ssl=OPEN_SSL, worker-threads=2, nio-threads=2, node-count=3]" classname="io.hekate.lock.internal.DistributedLockTest" time="0.117"/>
  <testcase name="testLockAfterQueuedNodeTermination[45: transport=EPOLL, ssl=OPEN_SSL, worker-threads=2, nio-threads=2, node-count=3]" classname="io.hekate.lock.internal.DistributedLockTest" time="0.754"/>
  <testcase name="testTryBusyLock[45: transport=EPOLL, ssl=OPEN_SSL, worker-threads=2, nio-threads=2, node-count=3]" classname="io.hekate.lock.internal.DistributedLockTest" time="0.159"/>
  <testcase name="testConcurrentLockFromDifferentNodes[45: transport=EPOLL, ssl=OPEN_SSL, worker-threads=2, nio-threads=2, node-count=3]" classname="io.hekate.lock.internal.DistributedLockTest" time="0.899"/>
  <testcase name="testTryFreeLockWithTimeout[45: transport=EPOLL, ssl=OPEN_SSL, worker-threads=2, nio-threads=2, node-count=3]" classname="io.hekate.lock.internal.DistributedLockTest" time="0.083"/>
  <testcase name="testTryLockWithTerminatedService[45: transport=EPOLL, ssl=OPEN_SSL, worker-threads=2, nio-threads=2, node-count=3]" classname="io.hekate.lock.internal.DistributedLockTest" time="1.082"/>
  <testcase name="testLockUnlockDifferentInstances[45: transport=EPOLL, ssl=OPEN_SSL, worker-threads=2, nio-threads=2, node-count=3]" classname="io.hekate.lock.internal.DistributedLockTest" time="0.106"/>
  <testcase name="testLockLivenessIfAtLeastOneNodeExists[45: transport=EPOLL, ssl=OPEN_SSL, worker-threads=2, nio-threads=2, node-count=3]" classname="io.hekate.lock.internal.DistributedLockTest" time="0.145"/>
  <testcase name="testTryBusyLockWithTimeout[45: transport=EPOLL, ssl=OPEN_SSL, worker-threads=2, nio-threads=2, node-count=3]" classname="io.hekate.lock.internal.DistributedLockTest" time="0.111"/>
  <testcase name="testCluster[45: transport=EPOLL, ssl=OPEN_SSL, worker-threads=2, nio-threads=2, node-count=3]" classname="io.hekate.lock.internal.DistributedLockTest" time="0.081"/>
  <testcase name="testLockAfterManagerLeave[45: transport=EPOLL, ssl=OPEN_SSL, worker-threads=2, nio-threads=2, node-count=3]" classname="io.hekate.lock.internal.DistributedLockTest" time="0.106"/>
  <testcase name="testLockWithTimeoutAfterManagerLeave[45: transport=EPOLL, ssl=OPEN_SSL, worker-threads=2, nio-threads=2, node-count=3]" classname="io.hekate.lock.internal.DistributedLockTest" time="0.095"/>
  <testcase name="testGetOwnerOfNonExistingLock[45: transport=EPOLL, ssl=OPEN_SSL, worker-threads=2, nio-threads=2, node-count=3]" classname="io.hekate.lock.internal.DistributedLockTest" time="0.082"/>
  <testcase name="testLockUnlockSameInstance[45: transport=EPOLL, ssl=OPEN_SSL, worker-threads=2, nio-threads=2, node-count=3]" classname="io.hekate.lock.internal.DistributedLockTest" time="0.118"/>
  <testcase name="testGetOwnerTerminatedService[45: transport=EPOLL, ssl=OPEN_SSL, worker-threads=2, nio-threads=2, node-count=3]" classname="io.hekate.lock.internal.DistributedLockTest" time="0.084"/>
  <testcase name="testTryLockWithTimeoutInterruptibly[46: transport=EPOLL, ssl=OPEN_SSL, worker-threads=1, nio-threads=0, node-count=4]" classname="io.hekate.lock.internal.DistributedLockTest" time="0.176"/>
  <testcase name="testGetOwner[46: transport=EPOLL, ssl=OPEN_SSL, worker-threads=1, nio-threads=0, node-count=4]" classname="io.hekate.lock.internal.DistributedLockTest" time="0.142"/>
  <testcase name="testLockUnlockAsyncSameInstance[46: transport=EPOLL, ssl=OPEN_SSL, worker-threads=1, nio-threads=0, node-count=4]" classname="io.hekate.lock.internal.DistributedLockTest" time="0.114"/>
  <testcase name="testQueuedLockAfterOtherLockTimeout[46: transport=EPOLL, ssl=OPEN_SSL, worker-threads=1, nio-threads=0, node-count=4]" classname="io.hekate.lock.internal.DistributedLockTest" time="1.116"/>
  <testcase name="testUnlockAfterOwnerLeaves[46: transport=EPOLL, ssl=OPEN_SSL, worker-threads=1, nio-threads=0, node-count=4]" classname="io.hekate.lock.internal.DistributedLockTest" time="0.095"/>
  <testcase name="testLockAfterManagerTermination[46: transport=EPOLL, ssl=OPEN_SSL, worker-threads=1, nio-threads=0, node-count=4]" classname="io.hekate.lock.internal.DistributedLockTest" time="0.663"/>
  <testcase name="testConcurrentLockFromSameNode[46: transport=EPOLL, ssl=OPEN_SSL, worker-threads=1, nio-threads=0, node-count=4]" classname="io.hekate.lock.internal.DistributedLockTest" time="0.457"/>
  <testcase name="testLockAfterReleaseByOtherNode[46: transport=EPOLL, ssl=OPEN_SSL, worker-threads=1, nio-threads=0, node-count=4]" classname="io.hekate.lock.internal.DistributedLockTest" time="0.996"/>
  <testcase name="testTryFreeLock[46: transport=EPOLL, ssl=OPEN_SSL, worker-threads=1, nio-threads=0, node-count=4]" classname="io.hekate.lock.internal.DistributedLockTest" time="0.109"/>
  <testcase name="testLockUnlockAsyncDifferentInstances[46: transport=EPOLL, ssl=OPEN_SSL, worker-threads=1, nio-threads=0, node-count=4]" classname="io.hekate.lock.internal.DistributedLockTest" time="0.134"/>
  <testcase name="testLockWithTimeoutAfterManagerTermination[46: transport=EPOLL, ssl=OPEN_SSL, worker-threads=1, nio-threads=0, node-count=4]" classname="io.hekate.lock.internal.DistributedLockTest" time="0.771"/>
  <testcase name="testLockAfterQueuedNodeLeave[46: transport=EPOLL, ssl=OPEN_SSL, worker-threads=1, nio-threads=0, node-count=4]" classname="io.hekate.lock.internal.DistributedLockTest" time="0.131"/>
  <testcase name="testLockInterruptibly[46: transport=EPOLL, ssl=OPEN_SSL, worker-threads=1, nio-threads=0, node-count=4]" classname="io.hekate.lock.internal.DistributedLockTest" time="0.145"/>
  <testcase name="testLockWithTimeoutAfterReleaseByOtherNode[46: transport=EPOLL, ssl=OPEN_SSL, worker-threads=1, nio-threads=0, node-count=4]" classname="io.hekate.lock.internal.DistributedLockTest" time="1.301"/>
  <testcase name="testNonReentrantWithDifferentNodes[46: transport=EPOLL, ssl=OPEN_SSL, worker-threads=1, nio-threads=0, node-count=4]" classname="io.hekate.lock.internal.DistributedLockTest" time="0.15"/>
  <testcase name="testLockAfterQueuedNodeTermination[46: transport=EPOLL, ssl=OPEN_SSL, worker-threads=1, nio-threads=0, node-count=4]" classname="io.hekate.lock.internal.DistributedLockTest" time="0.679"/>
  <testcase name="testTryBusyLock[46: transport=EPOLL, ssl=OPEN_SSL, worker-threads=1, nio-threads=0, node-count=4]" classname="io.hekate.lock.internal.DistributedLockTest" time="0.186"/>
  <testcase name="testConcurrentLockFromDifferentNodes[46: transport=EPOLL, ssl=OPEN_SSL, worker-threads=1, nio-threads=0, node-count=4]" classname="io.hekate.lock.internal.DistributedLockTest" time="1.214"/>
  <testcase name="testTryFreeLockWithTimeout[46: transport=EPOLL, ssl=OPEN_SSL, worker-threads=1, nio-threads=0, node-count=4]" classname="io.hekate.lock.internal.DistributedLockTest" time="0.129"/>
  <testcase name="testTryLockWithTerminatedService[46: transport=EPOLL, ssl=OPEN_SSL, worker-threads=1, nio-threads=0, node-count=4]" classname="io.hekate.lock.internal.DistributedLockTest" time="0.138"/>
  <testcase name="testLockUnlockDifferentInstances[46: transport=EPOLL, ssl=OPEN_SSL, worker-threads=1, nio-threads=0, node-count=4]" classname="io.hekate.lock.internal.DistributedLockTest" time="0.104"/>
  <testcase name="testLockLivenessIfAtLeastOneNodeExists[46: transport=EPOLL, ssl=OPEN_SSL, worker-threads=1, nio-threads=0, node-count=4]" classname="io.hekate.lock.internal.DistributedLockTest" time="0.225"/>
  <testcase name="testTryBusyLockWithTimeout[46: transport=EPOLL, ssl=OPEN_SSL, worker-threads=1, nio-threads=0, node-count=4]" classname="io.hekate.lock.internal.DistributedLockTest" time="0.217"/>
  <testcase name="testCluster[46: transport=EPOLL, ssl=OPEN_SSL, worker-threads=1, nio-threads=0, node-count=4]" classname="io.hekate.lock.internal.DistributedLockTest" time="0.331"/>
  <testcase name="testLockAfterManagerLeave[46: transport=EPOLL, ssl=OPEN_SSL, worker-threads=1, nio-threads=0, node-count=4]" classname="io.hekate.lock.internal.DistributedLockTest" time="0.119"/>
  <testcase name="testLockWithTimeoutAfterManagerLeave[46: transport=EPOLL, ssl=OPEN_SSL, worker-threads=1, nio-threads=0, node-count=4]" classname="io.hekate.lock.internal.DistributedLockTest" time="0.144"/>
  <testcase name="testGetOwnerOfNonExistingLock[46: transport=EPOLL, ssl=OPEN_SSL, worker-threads=1, nio-threads=0, node-count=4]" classname="io.hekate.lock.internal.DistributedLockTest" time="0.106"/>
  <testcase name="testLockUnlockSameInstance[46: transport=EPOLL, ssl=OPEN_SSL, worker-threads=1, nio-threads=0, node-count=4]" classname="io.hekate.lock.internal.DistributedLockTest" time="0.096"/>
  <testcase name="testGetOwnerTerminatedService[46: transport=EPOLL, ssl=OPEN_SSL, worker-threads=1, nio-threads=0, node-count=4]" classname="io.hekate.lock.internal.DistributedLockTest" time="0.082"/>
  <testcase name="testTryLockWithTimeoutInterruptibly[47: transport=EPOLL, ssl=OPEN_SSL, worker-threads=2, nio-threads=2, node-count=4]" classname="io.hekate.lock.internal.DistributedLockTest" time="0.136"/>
  <testcase name="testGetOwner[47: transport=EPOLL, ssl=OPEN_SSL, worker-threads=2, nio-threads=2, node-count=4]" classname="io.hekate.lock.internal.DistributedLockTest" time="0.111"/>
  <testcase name="testLockUnlockAsyncSameInstance[47: transport=EPOLL, ssl=OPEN_SSL, worker-threads=2, nio-threads=2, node-count=4]" classname="io.hekate.lock.internal.DistributedLockTest" time="0.091"/>
  <testcase name="testQueuedLockAfterOtherLockTimeout[47: transport=EPOLL, ssl=OPEN_SSL, worker-threads=2, nio-threads=2, node-count=4]" classname="io.hekate.lock.internal.DistributedLockTest" time="1.119"/>
  <testcase name="testUnlockAfterOwnerLeaves[47: transport=EPOLL, ssl=OPEN_SSL, worker-threads=2, nio-threads=2, node-count=4]" classname="io.hekate.lock.internal.DistributedLockTest" time="0.128"/>
  <testcase name="testLockAfterManagerTermination[47: transport=EPOLL, ssl=OPEN_SSL, worker-threads=2, nio-threads=2, node-count=4]" classname="io.hekate.lock.internal.DistributedLockTest" time="0.767"/>
  <testcase name="testConcurrentLockFromSameNode[47: transport=EPOLL, ssl=OPEN_SSL, worker-threads=2, nio-threads=2, node-count=4]" classname="io.hekate.lock.internal.DistributedLockTest" time="0.45"/>
  <testcase name="testLockAfterReleaseByOtherNode[47: transport=EPOLL, ssl=OPEN_SSL, worker-threads=2, nio-threads=2, node-count=4]" classname="io.hekate.lock.internal.DistributedLockTest" time="1.226"/>
  <testcase name="testTryFreeLock[47: transport=EPOLL, ssl=OPEN_SSL, worker-threads=2, nio-threads=2, node-count=4]" classname="io.hekate.lock.internal.DistributedLockTest" time="0.128"/>
  <testcase name="testLockUnlockAsyncDifferentInstances[47: transport=EPOLL, ssl=OPEN_SSL, worker-threads=2, nio-threads=2, node-count=4]" classname="io.hekate.lock.internal.DistributedLockTest" time="0.127"/>
  <testcase name="testLockWithTimeoutAfterManagerTermination[47: transport=EPOLL, ssl=OPEN_SSL, worker-threads=2, nio-threads=2, node-count=4]" classname="io.hekate.lock.internal.DistributedLockTest" time="0.664"/>
  <testcase name="testLockAfterQueuedNodeLeave[47: transport=EPOLL, ssl=OPEN_SSL, worker-threads=2, nio-threads=2, node-count=4]" classname="io.hekate.lock.internal.DistributedLockTest" time="0.14"/>
  <testcase name="testLockInterruptibly[47: transport=EPOLL, ssl=OPEN_SSL, worker-threads=2, nio-threads=2, node-count=4]" classname="io.hekate.lock.internal.DistributedLockTest" time="0.161"/>
  <testcase name="testLockWithTimeoutAfterReleaseByOtherNode[47: transport=EPOLL, ssl=OPEN_SSL, worker-threads=2, nio-threads=2, node-count=4]" classname="io.hekate.lock.internal.DistributedLockTest" time="1.237"/>
  <testcase name="testNonReentrantWithDifferentNodes[47: transport=EPOLL, ssl=OPEN_SSL, worker-threads=2, nio-threads=2, node-count=4]" classname="io.hekate.lock.internal.DistributedLockTest" time="0.18"/>
  <testcase name="testLockAfterQueuedNodeTermination[47: transport=EPOLL, ssl=OPEN_SSL, worker-threads=2, nio-threads=2, node-count=4]" classname="io.hekate.lock.internal.DistributedLockTest" time="0.775"/>
  <testcase name="testTryBusyLock[47: transport=EPOLL, ssl=OPEN_SSL, worker-threads=2, nio-threads=2, node-count=4]" classname="io.hekate.lock.internal.DistributedLockTest" time="0.216"/>
  <testcase name="testConcurrentLockFromDifferentNodes[47: transport=EPOLL, ssl=OPEN_SSL, worker-threads=2, nio-threads=2, node-count=4]" classname="io.hekate.lock.internal.DistributedLockTest" time="1.229"/>
  <testcase name="testTryFreeLockWithTimeout[47: transport=EPOLL, ssl=OPEN_SSL, worker-threads=2, nio-threads=2, node-count=4]" classname="io.hekate.lock.internal.DistributedLockTest" time="1.133"/>
  <testcase name="testTryLockWithTerminatedService[47: transport=EPOLL, ssl=OPEN_SSL, worker-threads=2, nio-threads=2, node-count=4]" classname="io.hekate.lock.internal.DistributedLockTest" time="0.104"/>
  <testcase name="testLockUnlockDifferentInstances[47: transport=EPOLL, ssl=OPEN_SSL, worker-threads=2, nio-threads=2, node-count=4]" classname="io.hekate.lock.internal.DistributedLockTest" time="0.098"/>
  <testcase name="testLockLivenessIfAtLeastOneNodeExists[47: transport=EPOLL, ssl=OPEN_SSL, worker-threads=2, nio-threads=2, node-count=4]" classname="io.hekate.lock.internal.DistributedLockTest" time="0.161"/>
  <testcase name="testTryBusyLockWithTimeout[47: transport=EPOLL, ssl=OPEN_SSL, worker-threads=2, nio-threads=2, node-count=4]" classname="io.hekate.lock.internal.DistributedLockTest" time="0.179"/>
  <testcase name="testCluster[47: transport=EPOLL, ssl=OPEN_SSL, worker-threads=2, nio-threads=2, node-count=4]" classname="io.hekate.lock.internal.DistributedLockTest" time="0.101"/>
  <testcase name="testLockAfterManagerLeave[47: transport=EPOLL, ssl=OPEN_SSL, worker-threads=2, nio-threads=2, node-count=4]" classname="io.hekate.lock.internal.DistributedLockTest" time="0.136"/>
  <testcase name="testLockWithTimeoutAfterManagerLeave[47: transport=EPOLL, ssl=OPEN_SSL, worker-threads=2, nio-threads=2, node-count=4]" classname="io.hekate.lock.internal.DistributedLockTest" time="0.133"/>
  <testcase name="testGetOwnerOfNonExistingLock[47: transport=EPOLL, ssl=OPEN_SSL, worker-threads=2, nio-threads=2, node-count=4]" classname="io.hekate.lock.internal.DistributedLockTest" time="0.104"/>
  <testcase name="testLockUnlockSameInstance[47: transport=EPOLL, ssl=OPEN_SSL, worker-threads=2, nio-threads=2, node-count=4]" classname="io.hekate.lock.internal.DistributedLockTest" time="0.202"/>
  <testcase name="testGetOwnerTerminatedService[47: transport=EPOLL, ssl=OPEN_SSL, worker-threads=2, nio-threads=2, node-count=4]" classname="io.hekate.lock.internal.DistributedLockTest" time="0.09"/>
</testsuite>