<?xml version="1.0" encoding="UTF-8"?>
<testsuite xmlns:xsi="http://www.w3.org/2001/XMLSchema-instance" xsi:schemaLocation="https://maven.apache.org/surefire/maven-surefire-plugin/xsd/surefire-test-report.xsd" name="io.hekate.messaging.internal.MessagingChannelTest" time="7.164" tests="168" errors="0" skipped="0" failures="0">
  <properties>
    <property name="java.runtime.name" value="OpenJDK Runtime Environment"/>
    <property name="sun.boot.library.path" value="/usr/lib/jvm/java-8-openjdk-amd64/jre/lib/amd64"/>
    <property name="java.vm.version" value="25.121-b13"/>
    <property name="java.vm.vendor" value="Oracle Corporation"/>
    <property name="maven.multiModuleProjectDirectory" value="/root/workspace/hekate-io/hekate/383632883"/>
    <property name="java.vendor.url" value="http://java.oracle.com/"/>
    <property name="path.separator" value=":"/>
    <property name="guice.disable.misplaced.annotation.check" value="true"/>
    <property name="skip.gulp" value="true"/>
    <property name="java.vm.name" value="OpenJDK 64-Bit Server VM"/>
    <property name="file.encoding.pkg" value="sun.io"/>
    <property name="sun.java.launcher" value="SUN_STANDARD"/>
    <property name="sun.os.patch.level" value="unknown"/>
    <property name="findbugs.skip" value="true"/>
    <property name="java.vm.specification.name" value="Java Virtual Machine Specification"/>
    <property name="user.dir" value="/root/workspace/hekate-io/hekate/383632883"/>
    <property name="checkstyle.skip" value="true"/>
    <property name="java.runtime.version" value="1.8.0_121-8u121-b13-1~bpo8+1-b13"/>
    <property name="java.awt.graphicsenv" value="sun.awt.X11GraphicsEnvironment"/>
    <property name="skip.npm" value="true"/>
    <property name="java.endorsed.dirs" value="/usr/lib/jvm/java-8-openjdk-amd64/jre/lib/endorsed"/>
    <property name="os.arch" value="amd64"/>
    <property name="java.io.tmpdir" value="/tmp"/>
    <property name="gpg.skip" value="true"/>
    <property name="line.separator" value="&#10;"/>
    <property name="java.vm.specification.vendor" value="Oracle Corporation"/>
    <property name="cobertura.skip" value="true"/>
    <property name="os.name" value="Linux"/>
    <property name="classworlds.conf" value="/usr/share/maven/bin/m2.conf"/>
    <property name="sun.jnu.encoding" value="UTF-8"/>
    <property name="java.library.path" value="/usr/java/packages/lib/amd64:/usr/lib/x86_64-linux-gnu/jni:/lib/x86_64-linux-gnu:/usr/lib/x86_64-linux-gnu:/usr/lib/jni:/lib:/usr/lib"/>
    <property name="license.skip" value="true"/>
    <property name="java.specification.name" value="Java Platform API Specification"/>
    <property name="java.class.version" value="52.0"/>
    <property name="org.slf4j.simpleLogger.levelInBrackets" value="true"/>
    <property name="sun.management.compiler" value="HotSpot 64-Bit Tiered Compilers"/>
    <property name="skip.bower" value="true"/>
    <property name="maven.repo.local" value="/root/./workspace/hekate-io/hekate/383632883/.m2"/>
    <property name="os.version" value="3.10.0-862.2.3.el7.x86_64"/>
    <property name="user.home" value="/root"/>
    <property name="user.timezone" value="Europe/Paris"/>
    <property name="java.awt.printerjob" value="sun.print.PSPrinterJob"/>
    <property name="java.specification.version" value="1.8"/>
    <property name="file.encoding" value="UTF-8"/>
    <property name="user.name" value="root"/>
    <property name="java.class.path" value="/usr/share/maven/boot/plexus-classworlds-2.5.2.jar"/>
    <property name="skipITs" value="true"/>
    <property name="java.vm.specification.version" value="1.8"/>
    <property name="sun.arch.data.model" value="64"/>
    <property name="java.home" value="/usr/lib/jvm/java-8-openjdk-amd64/jre"/>
    <property name="sun.java.command" value="org.codehaus.plexus.classworlds.launcher.Launcher -B -D enforcer.skip=true -D dependency-check.skip=true -D skipITs=true -D cobertura.skip=true -D maven.repo.local=/root/./workspace/hekate-io/hekate/383632883/.m2 -D rat.skip=true -D findbugs.skip=true -D skip.bower=true -D gpg.skip=true -D checkstyle.skip=true -D skip.gulp=true -D license.skip=true -D skip.npm=true test"/>
    <property name="java.specification.vendor" value="Oracle Corporation"/>
    <property name="user.language" value="en"/>
    <property name="awt.toolkit" value="sun.awt.X11.XToolkit"/>
    <property name="dependency-check.skip" value="true"/>
    <property name="java.vm.info" value="mixed mode"/>
    <property name="java.version" value="1.8.0_121"/>
    <property name="java.ext.dirs" value="/usr/lib/jvm/java-8-openjdk-amd64/jre/lib/ext:/usr/java/packages/lib/ext"/>
    <property name="securerandom.source" value="file:/dev/./urandom"/>
    <property name="sun.boot.class.path" value="/usr/lib/jvm/java-8-openjdk-amd64/jre/lib/resources.jar:/usr/lib/jvm/java-8-openjdk-amd64/jre/lib/rt.jar:/usr/lib/jvm/java-8-openjdk-amd64/jre/lib/sunrsasign.jar:/usr/lib/jvm/java-8-openjdk-amd64/jre/lib/jsse.jar:/usr/lib/jvm/java-8-openjdk-amd64/jre/lib/jce.jar:/usr/lib/jvm/java-8-openjdk-amd64/jre/lib/charsets.jar:/usr/lib/jvm/java-8-openjdk-amd64/jre/lib/jfr.jar:/usr/lib/jvm/java-8-openjdk-amd64/jre/classes"/>
    <property name="java.vendor" value="Oracle Corporation"/>
    <property name="enforcer.skip" value="true"/>
    <property name="rat.skip" value="true"/>
    <property name="maven.home" value="/usr/share/maven"/>
    <property name="file.separator" value="/"/>
    <property name="java.vendor.url.bug" value="http://bugreport.sun.com/bugreport/"/>
    <property name="sun.cpu.endian" value="little"/>
    <property name="sun.io.unicode.encoding" value="UnicodeLittle"/>
    <property name="org.slf4j.simpleLogger.showThreadName" value="false"/>
    <property name="sun.cpu.isalist" value=""/>
  </properties>
  <testcase name="testIgnoreMessageToInvalidNode[0: transport=NIO, worker-threads=0, nio-threads=1]" classname="io.hekate.messaging.internal.MessagingChannelTest" time="0.14"/>
  <testcase name="testGetTimeout[0: transport=NIO, worker-threads=0, nio-threads=1]" classname="io.hekate.messaging.internal.MessagingChannelTest" time="0.013"/>
  <testcase name="testMessageState[0: transport=NIO, worker-threads=0, nio-threads=1]" classname="io.hekate.messaging.internal.MessagingChannelTest" time="0.037"/>
  <testcase name="testChannel[0: transport=NIO, worker-threads=0, nio-threads=1]" classname="io.hekate.messaging.internal.MessagingChannelTest" time="0.013"/>
  <testcase name="testMessagingEndpoint[0: transport=NIO, worker-threads=0, nio-threads=1]" classname="io.hekate.messaging.internal.MessagingChannelTest" time="0.032"/>
  <testcase name="testGetAffinity[0: transport=NIO, worker-threads=0, nio-threads=1]" classname="io.hekate.messaging.internal.MessagingChannelTest" time="0.011"/>
  <testcase name="testGetFailover[0: transport=NIO, worker-threads=0, nio-threads=1]" classname="io.hekate.messaging.internal.MessagingChannelTest" time="0.013"/>
  <testcase name="testIgnoreMessageToInvalidNode[1: transport=NIO, worker-threads=1, nio-threads=1]" classname="io.hekate.messaging.internal.MessagingChannelTest" time="0.139"/>
  <testcase name="testGetTimeout[1: transport=NIO, worker-threads=1, nio-threads=1]" classname="io.hekate.messaging.internal.MessagingChannelTest" time="0.012"/>
  <testcase name="testMessageState[1: transport=NIO, worker-threads=1, nio-threads=1]" classname="io.hekate.messaging.internal.MessagingChannelTest" time="0.031"/>
  <testcase name="testChannel[1: transport=NIO, worker-threads=1, nio-threads=1]" classname="io.hekate.messaging.internal.MessagingChannelTest" time="0.011"/>
  <testcase name="testMessagingEndpoint[1: transport=NIO, worker-threads=1, nio-threads=1]" classname="io.hekate.messaging.internal.MessagingChannelTest" time="0.028"/>
  <testcase name="testGetAffinity[1: transport=NIO, worker-threads=1, nio-threads=1]" classname="io.hekate.messaging.internal.MessagingChannelTest" time="0.011"/>
  <testcase name="testGetFailover[1: transport=NIO, worker-threads=1, nio-threads=1]" classname="io.hekate.messaging.internal.MessagingChannelTest" time="0.01"/>
  <testcase name="testIgnoreMessageToInvalidNode[2: transport=NIO, worker-threads=4, nio-threads=1]" classname="io.hekate.messaging.internal.MessagingChannelTest" time="0.139"/>
  <testcase name="testGetTimeout[2: transport=NIO, worker-threads=4, nio-threads=1]" classname="io.hekate.messaging.internal.MessagingChannelTest" time="0.038"/>
  <testcase name="testMessageState[2: transport=NIO, worker-threads=4, nio-threads=1]" classname="io.hekate.messaging.internal.MessagingChannelTest" time="0.037"/>
  <testcase name="testChannel[2: transport=NIO, worker-threads=4, nio-threads=1]" classname="io.hekate.messaging.internal.MessagingChannelTest" time="0.009"/>
  <testcase name="testMessagingEndpoint[2: transport=NIO, worker-threads=4, nio-threads=1]" classname="io.hekate.messaging.internal.MessagingChannelTest" time="0.077"/>
  <testcase name="testGetAffinity[2: transport=NIO, worker-threads=4, nio-threads=1]" classname="io.hekate.messaging.internal.MessagingChannelTest" time="0.01"/>
  <testcase name="testGetFailover[2: transport=NIO, worker-threads=4, nio-threads=1]" classname="io.hekate.messaging.internal.MessagingChannelTest" time="0.01"/>
  <testcase name="testIgnoreMessageToInvalidNode[3: transport=NIO, worker-threads=5, nio-threads=0]" classname="io.hekate.messaging.internal.MessagingChannelTest" time="0.138"/>
  <testcase name="testGetTimeout[3: transport=NIO, worker-threads=5, nio-threads=0]" classname="io.hekate.messaging.internal.MessagingChannelTest" time="0.013"/>
  <testcase name="testMessageState[3: transport=NIO, worker-threads=5, nio-threads=0]" classname="io.hekate.messaging.internal.MessagingChannelTest" time="0.035"/>
  <testcase name="testChannel[3: transport=NIO, worker-threads=5, nio-threads=0]" classname="io.hekate.messaging.internal.MessagingChannelTest" time="0.012"/>
  <testcase name="testMessagingEndpoint[3: transport=NIO, worker-threads=5, nio-threads=0]" classname="io.hekate.messaging.internal.MessagingChannelTest" time="0.034"/>
  <testcase name="testGetAffinity[3: transport=NIO, worker-threads=5, nio-threads=0]" classname="io.hekate.messaging.internal.MessagingChannelTest" time="0.013"/>
  <testcase name="testGetFailover[3: transport=NIO, worker-threads=5, nio-threads=0]" classname="io.hekate.messaging.internal.MessagingChannelTest" time="0.012"/>
  <testcase name="testIgnoreMessageToInvalidNode[4: transport=NIO, ssl=JDK, worker-threads=0, nio-threads=1]" classname="io.hekate.messaging.internal.MessagingChannelTest" time="0.139"/>
  <testcase name="testGetTimeout[4: transport=NIO, ssl=JDK, worker-threads=0, nio-threads=1]" classname="io.hekate.messaging.internal.MessagingChannelTest" time="0.033"/>
  <testcase name="testMessageState[4: transport=NIO, ssl=JDK, worker-threads=0, nio-threads=1]" classname="io.hekate.messaging.internal.MessagingChannelTest" time="0.087"/>
  <testcase name="testChannel[4: transport=NIO, ssl=JDK, worker-threads=0, nio-threads=1]" classname="io.hekate.messaging.internal.MessagingChannelTest" time="0.012"/>
  <testcase name="testMessagingEndpoint[4: transport=NIO, ssl=JDK, worker-threads=0, nio-threads=1]" classname="io.hekate.messaging.internal.MessagingChannelTest" time="0.063"/>
  <testcase name="testGetAffinity[4: transport=NIO, ssl=JDK, worker-threads=0, nio-threads=1]" classname="io.hekate.messaging.internal.MessagingChannelTest" time="0.012"/>
  <testcase name="testGetFailover[4: transport=NIO, ssl=JDK, worker-threads=0, nio-threads=1]" classname="io.hekate.messaging.internal.MessagingChannelTest" time="0.011"/>
  <testcase name="testIgnoreMessageToInvalidNode[5: transport=NIO, ssl=JDK, worker-threads=1, nio-threads=1]" classname="io.hekate.messaging.internal.MessagingChannelTest" time="0.137"/>
  <testcase name="testGetTimeout[5: transport=NIO, ssl=JDK, worker-threads=1, nio-threads=1]" classname="io.hekate.messaging.internal.MessagingChannelTest" time="0.026"/>
  <testcase name="testMessageState[5: transport=NIO, ssl=JDK, worker-threads=1, nio-threads=1]" classname="io.hekate.messaging.internal.MessagingChannelTest" time="0.067"/>
  <testcase name="testChannel[5: transport=NIO, ssl=JDK, worker-threads=1, nio-threads=1]" classname="io.hekate.messaging.internal.MessagingChannelTest" time="0.013"/>
  <testcase name="testMessagingEndpoint[5: transport=NIO, ssl=JDK, worker-threads=1, nio-threads=1]" classname="io.hekate.messaging.internal.MessagingChannelTest" time="0.082"/>
  <testcase name="testGetAffinity[5: transport=NIO, ssl=JDK, worker-threads=1, nio-threads=1]" classname="io.hekate.messaging.internal.MessagingChannelTest" time="0.011"/>
  <testcase name="testGetFailover[5: transport=NIO, ssl=JDK, worker-threads=1, nio-threads=1]" classname="io.hekate.messaging.internal.MessagingChannelTest" time="0.011"/>
  <testcase name="testIgnoreMessageToInvalidNode[6: transport=NIO, ssl=JDK, worker-threads=4, nio-threads=1]" classname="io.hekate.messaging.internal.MessagingChannelTest" time="0.14"/>
  <testcase name="testGetTimeout[6: transport=NIO, ssl=JDK, worker-threads=4, nio-threads=1]" classname="io.hekate.messaging.internal.MessagingChannelTest" time="0.012"/>
  <testcase name="testMessageState[6: transport=NIO, ssl=JDK, worker-threads=4, nio-threads=1]" classname="io.hekate.messaging.internal.MessagingChannelTest" time="0.093"/>
  <testcase name="testChannel[6: transport=NIO, ssl=JDK, worker-threads=4, nio-threads=1]" classname="io.hekate.messaging.internal.MessagingChannelTest" time="0.012"/>
  <testcase name="testMessagingEndpoint[6: transport=NIO, ssl=JDK, worker-threads=4, nio-threads=1]" classname="io.hekate.messaging.internal.MessagingChannelTest" time="0.065"/>
  <testcase name="testGetAffinity[6: transport=NIO, ssl=JDK, worker-threads=4, nio-threads=1]" classname="io.hekate.messaging.internal.MessagingChannelTest" time="0.013"/>
  <testcase name="testGetFailover[6: transport=NIO, ssl=JDK, worker-threads=4, nio-threads=1]" classname="io.hekate.messaging.internal.MessagingChannelTest" time="0.011"/>
  <testcase name="testIgnoreMessageToInvalidNode[7: transport=NIO, ssl=JDK, worker-threads=5, nio-threads=0]" classname="io.hekate.messaging.internal.MessagingChannelTest" time="0.139"/>
  <testcase name="testGetTimeout[7: transport=NIO, ssl=JDK, worker-threads=5, nio-threads=0]" classname="io.hekate.messaging.internal.MessagingChannelTest" time="0.012"/>
  <testcase name="testMessageState[7: transport=NIO, ssl=JDK, worker-threads=5, nio-threads=0]" classname="io.hekate.messaging.internal.MessagingChannelTest" time="0.076"/>
  <testcase name="testChannel[7: transport=NIO, ssl=JDK, worker-threads=5, nio-threads=0]" classname="io.hekate.messaging.internal.MessagingChannelTest" time="0.012"/>
  <testcase name="testMessagingEndpoint[7: transport=NIO, ssl=JDK, worker-threads=5, nio-threads=0]" classname="io.hekate.messaging.internal.MessagingChannelTest" time="0.063"/>
  <testcase name="testGetAffinity[7: transport=NIO, ssl=JDK, worker-threads=5, nio-threads=0]" classname="io.hekate.messaging.internal.MessagingChannelTest" time="0.012"/>
  <testcase name="testGetFailover[7: transport=NIO, ssl=JDK, worker-threads=5, nio-threads=0]" classname="io.hekate.messaging.internal.MessagingChannelTest" time="0.012"/>
  <testcase name="testIgnoreMessageToInvalidNode[8: transport=NIO, ssl=OPEN_SSL, worker-threads=0, nio-threads=1]" classname="io.hekate.messaging.internal.MessagingChannelTest" time="0.138"/>
  <testcase name="testGetTimeout[8: transport=NIO, ssl=OPEN_SSL, worker-threads=0, nio-threads=1]" classname="io.hekate.messaging.internal.MessagingChannelTest" time="0.011"/>
  <testcase name="testMessageState[8: transport=NIO, ssl=OPEN_SSL, worker-threads=0, nio-threads=1]" classname="io.hekate.messaging.internal.MessagingChannelTest" time="0.048"/>
  <testcase name="testChannel[8: transport=NIO, ssl=OPEN_SSL, worker-threads=0, nio-threads=1]" classname="io.hekate.messaging.internal.MessagingChannelTest" time="0.013"/>
  <testcase name="testMessagingEndpoint[8: transport=NIO, ssl=OPEN_SSL, worker-threads=0, nio-threads=1]" classname="io.hekate.messaging.internal.MessagingChannelTest" time="0.047"/>
  <testcase name="testGetAffinity[8: transport=NIO, ssl=OPEN_SSL, worker-threads=0, nio-threads=1]" classname="io.hekate.messaging.internal.MessagingChannelTest" time="0.012"/>
  <testcase name="testGetFailover[8: transport=NIO, ssl=OPEN_SSL, worker-threads=0, nio-threads=1]" classname="io.hekate.messaging.internal.MessagingChannelTest" time="0.038"/>
  <testcase name="testIgnoreMessageToInvalidNode[9: transport=NIO, ssl=OPEN_SSL, worker-threads=1, nio-threads=1]" classname="io.hekate.messaging.internal.MessagingChannelTest" time="0.145"/>
  <testcase name="testGetTimeout[9: transport=NIO, ssl=OPEN_SSL, worker-threads=1, nio-threads=1]" classname="io.hekate.messaging.internal.MessagingChannelTest" time="0.013"/>
  <testcase name="testMessageState[9: transport=NIO, ssl=OPEN_SSL, worker-threads=1, nio-threads=1]" classname="io.hekate.messaging.internal.MessagingChannelTest" time="0.05"/>
  <testcase name="testChannel[9: transport=NIO, ssl=OPEN_SSL, worker-threads=1, nio-threads=1]" classname="io.hekate.messaging.internal.MessagingChannelTest" time="0.013"/>
  <testcase name="testMessagingEndpoint[9: transport=NIO, ssl=OPEN_SSL, worker-threads=1, nio-threads=1]" classname="io.hekate.messaging.internal.MessagingChannelTest" time="0.047"/>
  <testcase name="testGetAffinity[9: transport=NIO, ssl=OPEN_SSL, worker-threads=1, nio-threads=1]" classname="io.hekate.messaging.internal.MessagingChannelTest" time="0.012"/>
  <testcase name="testGetFailover[9: transport=NIO, ssl=OPEN_SSL, worker-threads=1, nio-threads=1]" classname="io.hekate.messaging.internal.MessagingChannelTest" time="0.011"/>
  <testcase name="testIgnoreMessageToInvalidNode[10: transport=NIO, ssl=OPEN_SSL, worker-threads=4, nio-threads=1]" classname="io.hekate.messaging.internal.MessagingChannelTest" time="0.141"/>
  <testcase name="testGetTimeout[10: transport=NIO, ssl=OPEN_SSL, worker-threads=4, nio-threads=1]" classname="io.hekate.messaging.internal.MessagingChannelTest" time="0.014"/>
  <testcase name="testMessageState[10: transport=NIO, ssl=OPEN_SSL, worker-threads=4, nio-threads=1]" classname="io.hekate.messaging.internal.MessagingChannelTest" time="0.054"/>
  <testcase name="testChannel[10: transport=NIO, ssl=OPEN_SSL, worker-threads=4, nio-threads=1]" classname="io.hekate.messaging.internal.MessagingChannelTest" time="0.013"/>
  <testcase name="testMessagingEndpoint[10: transport=NIO, ssl=OPEN_SSL, worker-threads=4, nio-threads=1]" classname="io.hekate.messaging.internal.MessagingChannelTest" time="0.05"/>
  <testcase name="testGetAffinity[10: transport=NIO, ssl=OPEN_SSL, worker-threads=4, nio-threads=1]" classname="io.hekate.messaging.internal.MessagingChannelTest" time="0.013"/>
  <testcase name="testGetFailover[10: transport=NIO, ssl=OPEN_SSL, worker-threads=4, nio-threads=1]" classname="io.hekate.messaging.internal.MessagingChannelTest" time="0.012"/>
  <testcase name="testIgnoreMessageToInvalidNode[11: transport=NIO, ssl=OPEN_SSL, worker-threads=5, nio-threads=0]" classname="io.hekate.messaging.internal.MessagingChannelTest" time="0.14"/>
  <testcase name="testGetTimeout[11: transport=NIO, ssl=OPEN_SSL, worker-threads=5, nio-threads=0]" classname="io.hekate.messaging.internal.MessagingChannelTest" time="0.015"/>
  <testcase name="testMessageState[11: transport=NIO, ssl=OPEN_SSL, worker-threads=5, nio-threads=0]" classname="io.hekate.messaging.internal.MessagingChannelTest" time="0.054"/>
  <testcase name="testChannel[11: transport=NIO, ssl=OPEN_SSL, worker-threads=5, nio-threads=0]" classname="io.hekate.messaging.internal.MessagingChannelTest" time="0.031"/>
  <testcase name="testMessagingEndpoint[11: transport=NIO, ssl=OPEN_SSL, worker-threads=5, nio-threads=0]" classname="io.hekate.messaging.internal.MessagingChannelTest" time="0.043"/>
  <testcase name="testGetAffinity[11: transport=NIO, ssl=OPEN_SSL, worker-threads=5, nio-threads=0]" classname="io.hekate.messaging.internal.MessagingChannelTest" time="0.011"/>
  <testcase name="testGetFailover[11: transport=NIO, ssl=OPEN_SSL, worker-threads=5, nio-threads=0]" classname="io.hekate.messaging.internal.MessagingChannelTest" time="0.011"/>
  <testcase name="testIgnoreMessageToInvalidNode[12: transport=EPOLL, worker-threads=0, nio-threads=1]" classname="io.hekate.messaging.internal.MessagingChannelTest" time="0.142"/>
  <testcase name="testGetTimeout[12: transport=EPOLL, worker-threads=0, nio-threads=1]" classname="io.hekate.messaging.internal.MessagingChannelTest" time="0.013"/>
  <testcase name="testMessageState[12: transport=EPOLL, worker-threads=0, nio-threads=1]" classname="io.hekate.messaging.internal.MessagingChannelTest" time="0.031"/>
  <testcase name="testChannel[12: transport=EPOLL, worker-threads=0, nio-threads=1]" classname="io.hekate.messaging.internal.MessagingChannelTest" time="0.013"/>
  <testcase name="testMessagingEndpoint[12: transport=EPOLL, worker-threads=0, nio-threads=1]" classname="io.hekate.messaging.internal.MessagingChannelTest" time="0.032"/>
  <testcase name="testGetAffinity[12: transport=EPOLL, worker-threads=0, nio-threads=1]" classname="io.hekate.messaging.internal.MessagingChannelTest" time="0.012"/>
  <testcase name="testGetFailover[12: transport=EPOLL, worker-threads=0, nio-threads=1]" classname="io.hekate.messaging.internal.MessagingChannelTest" time="0.011"/>
  <testcase name="testIgnoreMessageToInvalidNode[13: transport=EPOLL, worker-threads=1, nio-threads=1]" classname="io.hekate.messaging.internal.MessagingChannelTest" time="0.14"/>
  <testcase name="testGetTimeout[13: transport=EPOLL, worker-threads=1, nio-threads=1]" classname="io.hekate.messaging.internal.MessagingChannelTest" time="0.013"/>
  <testcase name="testMessageState[13: transport=EPOLL, worker-threads=1, nio-threads=1]" classname="io.hekate.messaging.internal.MessagingChannelTest" time="0.032"/>
  <testcase name="testChannel[13: transport=EPOLL, worker-threads=1, nio-threads=1]" classname="io.hekate.messaging.internal.MessagingChannelTest" time="0.012"/>
  <testcase name="testMessagingEndpoint[13: transport=EPOLL, worker-threads=1, nio-threads=1]" classname="io.hekate.messaging.internal.MessagingChannelTest" time="0.031"/>
  <testcase name="testGetAffinity[13: transport=EPOLL, worker-threads=1, nio-threads=1]" classname="io.hekate.messaging.internal.MessagingChannelTest" time="0.025"/>
  <testcase name="testGetFailover[13: transport=EPOLL, worker-threads=1, nio-threads=1]" classname="io.hekate.messaging.internal.MessagingChannelTest" time="0.01"/>
  <testcase name="testIgnoreMessageToInvalidNode[14: transport=EPOLL, worker-threads=4, nio-threads=1]" classname="io.hekate.messaging.internal.MessagingChannelTest" time="0.14"/>
  <testcase name="testGetTimeout[14: transport=EPOLL, worker-threads=4, nio-threads=1]" classname="io.hekate.messaging.internal.MessagingChannelTest" time="0.012"/>
  <testcase name="testMessageState[14: transport=EPOLL, worker-threads=4, nio-threads=1]" classname="io.hekate.messaging.internal.MessagingChannelTest" time="0.039"/>
  <testcase name="testChannel[14: transport=EPOLL, worker-threads=4, nio-threads=1]" classname="io.hekate.messaging.internal.MessagingChannelTest" time="0.012"/>
  <testcase name="testMessagingEndpoint[14: transport=EPOLL, worker-threads=4, nio-threads=1]" classname="io.hekate.messaging.internal.MessagingChannelTest" time="0.034"/>
  <testcase name="testGetAffinity[14: transport=EPOLL, worker-threads=4, nio-threads=1]" classname="io.hekate.messaging.internal.MessagingChannelTest" time="0.012"/>
  <testcase name="testGetFailover[14: transport=EPOLL, worker-threads=4, nio-threads=1]" classname="io.hekate.messaging.internal.MessagingChannelTest" time="0.011"/>
  <testcase name="testIgnoreMessageToInvalidNode[15: transport=EPOLL, worker-threads=5, nio-threads=0]" classname="io.hekate.messaging.internal.MessagingChannelTest" time="0.143"/>
  <testcase name="testGetTimeout[15: transport=EPOLL, worker-threads=5, nio-threads=0]" classname="io.hekate.messaging.internal.MessagingChannelTest" time="0.012"/>
  <testcase name="testMessageState[15: transport=EPOLL, worker-threads=5, nio-threads=0]" classname="io.hekate.messaging.internal.MessagingChannelTest" time="0.037"/>
  <testcase name="testChannel[15: transport=EPOLL, worker-threads=5, nio-threads=0]" classname="io.hekate.messaging.internal.MessagingChannelTest" time="0.012"/>
  <testcase name="testMessagingEndpoint[15: transport=EPOLL, worker-threads=5, nio-threads=0]" classname="io.hekate.messaging.internal.MessagingChannelTest" time="0.032"/>
  <testcase name="testGetAffinity[15: transport=EPOLL, worker-threads=5, nio-threads=0]" classname="io.hekate.messaging.internal.MessagingChannelTest" time="0.012"/>
  <testcase name="testGetFailover[15: transport=EPOLL, worker-threads=5, nio-threads=0]" classname="io.hekate.messaging.internal.MessagingChannelTest" time="0.025"/>
  <testcase name="testIgnoreMessageToInvalidNode[16: transport=EPOLL, ssl=JDK, worker-threads=0, nio-threads=1]" classname="io.hekate.messaging.internal.MessagingChannelTest" time="0.138"/>
  <testcase name="testGetTimeout[16: transport=EPOLL, ssl=JDK, worker-threads=0, nio-threads=1]" classname="io.hekate.messaging.internal.MessagingChannelTest" time="0.011"/>
  <testcase name="testMessageState[16: transport=EPOLL, ssl=JDK, worker-threads=0, nio-threads=1]" classname="io.hekate.messaging.internal.MessagingChannelTest" time="0.066"/>
  <testcase name="testChannel[16: transport=EPOLL, ssl=JDK, worker-threads=0, nio-threads=1]" classname="io.hekate.messaging.internal.MessagingChannelTest" time="0.011"/>
  <testcase name="testMessagingEndpoint[16: transport=EPOLL, ssl=JDK, worker-threads=0, nio-threads=1]" classname="io.hekate.messaging.internal.MessagingChannelTest" time="0.067"/>
  <testcase name="testGetAffinity[16: transport=EPOLL, ssl=JDK, worker-threads=0, nio-threads=1]" classname="io.hekate.messaging.internal.MessagingChannelTest" time="0.011"/>
  <testcase name="testGetFailover[16: transport=EPOLL, ssl=JDK, worker-threads=0, nio-threads=1]" classname="io.hekate.messaging.internal.MessagingChannelTest" time="0.012"/>
  <testcase name="testIgnoreMessageToInvalidNode[17: transport=EPOLL, ssl=JDK, worker-threads=1, nio-threads=1]" classname="io.hekate.messaging.internal.MessagingChannelTest" time="0.14"/>
  <testcase name="testGetTimeout[17: transport=EPOLL, ssl=JDK, worker-threads=1, nio-threads=1]" classname="io.hekate.messaging.internal.MessagingChannelTest" time="0.011"/>
  <testcase name="testMessageState[17: transport=EPOLL, ssl=JDK, worker-threads=1, nio-threads=1]" classname="io.hekate.messaging.internal.MessagingChannelTest" time="0.068"/>
  <testcase name="testChannel[17: transport=EPOLL, ssl=JDK, worker-threads=1, nio-threads=1]" classname="io.hekate.messaging.internal.MessagingChannelTest" time="0.012"/>
  <testcase name="testMessagingEndpoint[17: transport=EPOLL, ssl=JDK, worker-threads=1, nio-threads=1]" classname="io.hekate.messaging.internal.MessagingChannelTest" time="0.063"/>
  <testcase name="testGetAffinity[17: transport=EPOLL, ssl=JDK, worker-threads=1, nio-threads=1]" classname="io.hekate.messaging.internal.MessagingChannelTest" time="0.012"/>
  <testcase name="testGetFailover[17: transport=EPOLL, ssl=JDK, worker-threads=1, nio-threads=1]" classname="io.hekate.messaging.internal.MessagingChannelTest" time="0.012"/>
  <testcase name="testIgnoreMessageToInvalidNode[18: transport=EPOLL, ssl=JDK, worker-threads=4, nio-threads=1]" classname="io.hekate.messaging.internal.MessagingChannelTest" time="0.139"/>
  <testcase name="testGetTimeout[18: transport=EPOLL, ssl=JDK, worker-threads=4, nio-threads=1]" classname="io.hekate.messaging.internal.MessagingChannelTest" time="0.027"/>
  <testcase name="testMessageState[18: transport=EPOLL, ssl=JDK, worker-threads=4, nio-threads=1]" classname="io.hekate.messaging.internal.MessagingChannelTest" time="0.06"/>
  <testcase name="testChannel[18: transport=EPOLL, ssl=JDK, worker-threads=4, nio-threads=1]" classname="io.hekate.messaging.internal.MessagingChannelTest" time="0.012"/>
  <testcase name="testMessagingEndpoint[18: transport=EPOLL, ssl=JDK, worker-threads=4, nio-threads=1]" classname="io.hekate.messaging.internal.MessagingChannelTest" time="0.06"/>
  <testcase name="testGetAffinity[18: transport=EPOLL, ssl=JDK, worker-threads=4, nio-threads=1]" classname="io.hekate.messaging.internal.MessagingChannelTest" time="0.011"/>
  <testcase name="testGetFailover[18: transport=EPOLL, ssl=JDK, worker-threads=4, nio-threads=1]" classname="io.hekate.messaging.internal.MessagingChannelTest" time="0.011"/>
  <testcase name="testIgnoreMessageToInvalidNode[19: transport=EPOLL, ssl=JDK, worker-threads=5, nio-threads=0]" classname="io.hekate.messaging.internal.MessagingChannelTest" time="0.138"/>
  <testcase name="testGetTimeout[19: transport=EPOLL, ssl=JDK, worker-threads=5, nio-threads=0]" classname="io.hekate.messaging.internal.MessagingChannelTest" time="0.012"/>
  <testcase name="testMessageState[19: transport=EPOLL, ssl=JDK, worker-threads=5, nio-threads=0]" classname="io.hekate.messaging.internal.MessagingChannelTest" time="0.072"/>
  <testcase name="testChannel[19: transport=EPOLL, ssl=JDK, worker-threads=5, nio-threads=0]" classname="io.hekate.messaging.internal.MessagingChannelTest" time="0.012"/>
  <testcase name="testMessagingEndpoint[19: transport=EPOLL, ssl=JDK, worker-threads=5, nio-threads=0]" classname="io.hekate.messaging.internal.MessagingChannelTest" time="0.065"/>
  <testcase name="testGetAffinity[19: transport=EPOLL, ssl=JDK, worker-threads=5, nio-threads=0]" classname="io.hekate.messaging.internal.MessagingChannelTest" time="0.011"/>
  <testcase name="testGetFailover[19: transport=EPOLL, ssl=JDK, worker-threads=5, nio-threads=0]" classname="io.hekate.messaging.internal.MessagingChannelTest" time="0.011"/>
  <testcase name="testIgnoreMessageToInvalidNode[20: transport=EPOLL, ssl=OPEN_SSL, worker-threads=0, nio-threads=1]" classname="io.hekate.messaging.internal.MessagingChannelTest" time="0.139"/>
  <testcase name="testGetTimeout[20: transport=EPOLL, ssl=OPEN_SSL, worker-threads=0, nio-threads=1]" classname="io.hekate.messaging.internal.MessagingChannelTest" time="0.012"/>
  <testcase name="testMessageState[20: transport=EPOLL, ssl=OPEN_SSL, worker-threads=0, nio-threads=1]" classname="io.hekate.messaging.internal.MessagingChannelTest" time="0.063"/>
  <testcase name="testChannel[20: transport=EPOLL, ssl=OPEN_SSL, worker-threads=0, nio-threads=1]" classname="io.hekate.messaging.internal.MessagingChannelTest" time="0.011"/>
  <testcase name="testMessagingEndpoint[20: transport=EPOLL, ssl=OPEN_SSL, worker-threads=0, nio-threads=1]" classname="io.hekate.messaging.internal.MessagingChannelTest" time="0.043"/>
  <testcase name="testGetAffinity[20: transport=EPOLL, ssl=OPEN_SSL, worker-threads=0, nio-threads=1]" classname="io.hekate.messaging.internal.MessagingChannelTest" time="0.01"/>
  <testcase name="testGetFailover[20: transport=EPOLL, ssl=OPEN_SSL, worker-threads=0, nio-threads=1]" classname="io.hekate.messaging.internal.MessagingChannelTest" time="0.011"/>
  <testcase name="testIgnoreMessageToInvalidNode[21: transport=EPOLL, ssl=OPEN_SSL, worker-threads=1, nio-threads=1]" classname="io.hekate.messaging.internal.MessagingChannelTest" time="0.138"/>
  <testcase name="testGetTimeout[21: transport=EPOLL, ssl=OPEN_SSL, worker-threads=1, nio-threads=1]" classname="io.hekate.messaging.internal.MessagingChannelTest" time="0.011"/>
  <testcase name="testMessageState[21: transport=EPOLL, ssl=OPEN_SSL, worker-threads=1, nio-threads=1]" classname="io.hekate.messaging.internal.MessagingChannelTest" time="0.046"/>
  <testcase name="testChannel[21: transport=EPOLL, ssl=OPEN_SSL, worker-threads=1, nio-threads=1]" classname="io.hekate.messaging.internal.MessagingChannelTest" time="0.011"/>
  <testcase name="testMessagingEndpoint[21: transport=EPOLL, ssl=OPEN_SSL, worker-threads=1, nio-threads=1]" classname="io.hekate.messaging.internal.MessagingChannelTest" time="0.045"/>
  <testcase name="testGetAffinity[21: transport=EPOLL, ssl=OPEN_SSL, worker-threads=1, nio-threads=1]" classname="io.hekate.messaging.internal.MessagingChannelTest" time="0.011"/>
  <testcase name="testGetFailover[21: transport=EPOLL, ssl=OPEN_SSL, worker-threads=1, nio-threads=1]" classname="io.hekate.messaging.internal.MessagingChannelTest" time="0.012"/>
  <testcase name="testIgnoreMessageToInvalidNode[22: transport=EPOLL, ssl=OPEN_SSL, worker-threads=4, nio-threads=1]" classname="io.hekate.messaging.internal.MessagingChannelTest" time="0.14"/>
  <testcase name="testGetTimeout[22: transport=EPOLL, ssl=OPEN_SSL, worker-threads=4, nio-threads=1]" classname="io.hekate.messaging.internal.MessagingChannelTest" time="0.013"/>
  <testcase name="testMessageState[22: transport=EPOLL, ssl=OPEN_SSL, worker-threads=4, nio-threads=1]" classname="io.hekate.messaging.internal.MessagingChannelTest" time="0.049"/>
  <testcase name="testChannel[22: transport=EPOLL, ssl=OPEN_SSL, worker-threads=4, nio-threads=1]" classname="io.hekate.messaging.internal.MessagingChannelTest" time="0.011"/>
  <testcase name="testMessagingEndpoint[22: transport=EPOLL, ssl=OPEN_SSL, worker-threads=4, nio-threads=1]" classname="io.hekate.messaging.internal.MessagingChannelTest" time="0.058"/>
  <testcase name="testGetAffinity[22: transport=EPOLL, ssl=OPEN_SSL, worker-threads=4, nio-threads=1]" classname="io.hekate.messaging.internal.MessagingChannelTest" time="0.011"/>
  <testcase name="testGetFailover[22: transport=EPOLL, ssl=OPEN_SSL, worker-threads=4, nio-threads=1]" classname="io.hekate.messaging.internal.MessagingChannelTest" time="0.01"/>
  <testcase name="testIgnoreMessageToInvalidNode[23: transport=EPOLL, ssl=OPEN_SSL, worker-threads=5, nio-threads=0]" classname="io.hekate.messaging.internal.MessagingChannelTest" time="0.141"/>
  <testcase name="testGetTimeout[23: transport=EPOLL, ssl=OPEN_SSL, worker-threads=5, nio-threads=0]" classname="io.hekate.messaging.internal.MessagingChannelTest" time="0.013"/>
  <testcase name="testMessageState[23: transport=EPOLL, ssl=OPEN_SSL, worker-threads=5, nio-threads=0]" classname="io.hekate.messaging.internal.MessagingChannelTest" time="0.054"/>
  <testcase name="testChannel[23: transport=EPOLL, ssl=OPEN_SSL, worker-threads=5, nio-threads=0]" classname="io.hekate.messaging.internal.MessagingChannelTest" time="0.012"/>
  <testcase name="testMessagingEndpoint[23: transport=EPOLL, ssl=OPEN_SSL, worker-threads=5, nio-threads=0]" classname="io.hekate.messaging.internal.MessagingChannelTest" time="0.048"/>
  <testcase name="testGetAffinity[23: transport=EPOLL, ssl=OPEN_SSL, worker-threads=5, nio-threads=0]" classname="io.hekate.messaging.internal.MessagingChannelTest" time="0.012"/>
  <testcase name="testGetFailover[23: transport=EPOLL, ssl=OPEN_SSL, worker-threads=5, nio-threads=0]" classname="io.hekate.messaging.internal.MessagingChannelTest" time="0.01"/>
</testsuite>