<?xml version="1.0" encoding="UTF-8"?>
<testsuite xmlns:xsi="http://www.w3.org/2001/XMLSchema-instance" xsi:schemaLocation="https://maven.apache.org/surefire/maven-surefire-plugin/xsd/surefire-test-report.xsd" name="io.hekate.messaging.internal.MessagingChannelRequestTest" time="194.962" tests="744" errors="0" skipped="0" failures="0">
  <properties>
    <property name="java.runtime.name" value="OpenJDK Runtime Environment"/>
    <property name="sun.boot.library.path" value="/usr/lib/jvm/java-8-openjdk-amd64/jre/lib/amd64"/>
    <property name="java.vm.version" value="25.121-b13"/>
    <property name="java.vm.vendor" value="Oracle Corporation"/>
    <property name="maven.multiModuleProjectDirectory" value="/root/workspace/hekate-io/hekate/383632883"/>
    <property name="java.vendor.url" value="http://java.oracle.com/"/>
    <property name="path.separator" value=":"/>
    <property name="guice.disable.misplaced.annotation.check" value="true"/>
    <property name="skip.gulp" value="true"/>
    <property name="java.vm.name" value="OpenJDK 64-Bit Server VM"/>
    <property name="file.encoding.pkg" value="sun.io"/>
    <property name="sun.java.launcher" value="SUN_STANDARD"/>
    <property name="sun.os.patch.level" value="unknown"/>
    <property name="findbugs.skip" value="true"/>
    <property name="java.vm.specification.name" value="Java Virtual Machine Specification"/>
    <property name="user.dir" value="/root/workspace/hekate-io/hekate/383632883"/>
    <property name="checkstyle.skip" value="true"/>
    <property name="java.runtime.version" value="1.8.0_121-8u121-b13-1~bpo8+1-b13"/>
    <property name="java.awt.graphicsenv" value="sun.awt.X11GraphicsEnvironment"/>
    <property name="skip.npm" value="true"/>
    <property name="java.endorsed.dirs" value="/usr/lib/jvm/java-8-openjdk-amd64/jre/lib/endorsed"/>
    <property name="os.arch" value="amd64"/>
    <property name="java.io.tmpdir" value="/tmp"/>
    <property name="gpg.skip" value="true"/>
    <property name="line.separator" value="&#10;"/>
    <property name="java.vm.specification.vendor" value="Oracle Corporation"/>
    <property name="cobertura.skip" value="true"/>
    <property name="os.name" value="Linux"/>
    <property name="classworlds.conf" value="/usr/share/maven/bin/m2.conf"/>
    <property name="sun.jnu.encoding" value="UTF-8"/>
    <property name="java.library.path" value="/usr/java/packages/lib/amd64:/usr/lib/x86_64-linux-gnu/jni:/lib/x86_64-linux-gnu:/usr/lib/x86_64-linux-gnu:/usr/lib/jni:/lib:/usr/lib"/>
    <property name="license.skip" value="true"/>
    <property name="java.specification.name" value="Java Platform API Specification"/>
    <property name="java.class.version" value="52.0"/>
    <property name="org.slf4j.simpleLogger.levelInBrackets" value="true"/>
    <property name="sun.management.compiler" value="HotSpot 64-Bit Tiered Compilers"/>
    <property name="skip.bower" value="true"/>
    <property name="maven.repo.local" value="/root/./workspace/hekate-io/hekate/383632883/.m2"/>
    <property name="os.version" value="3.10.0-862.2.3.el7.x86_64"/>
    <property name="user.home" value="/root"/>
    <property name="user.timezone" value="Europe/Paris"/>
    <property name="java.awt.printerjob" value="sun.print.PSPrinterJob"/>
    <property name="java.specification.version" value="1.8"/>
    <property name="file.encoding" value="UTF-8"/>
    <property name="user.name" value="root"/>
    <property name="java.class.path" value="/usr/share/maven/boot/plexus-classworlds-2.5.2.jar"/>
    <property name="skipITs" value="true"/>
    <property name="java.vm.specification.version" value="1.8"/>
    <property name="sun.arch.data.model" value="64"/>
    <property name="java.home" value="/usr/lib/jvm/java-8-openjdk-amd64/jre"/>
    <property name="sun.java.command" value="org.codehaus.plexus.classworlds.launcher.Launcher -B -D enforcer.skip=true -D dependency-check.skip=true -D skipITs=true -D cobertura.skip=true -D maven.repo.local=/root/./workspace/hekate-io/hekate/383632883/.m2 -D rat.skip=true -D findbugs.skip=true -D skip.bower=true -D gpg.skip=true -D checkstyle.skip=true -D skip.gulp=true -D license.skip=true -D skip.npm=true test"/>
    <property name="java.specification.vendor" value="Oracle Corporation"/>
    <property name="user.language" value="en"/>
    <property name="awt.toolkit" value="sun.awt.X11.XToolkit"/>
    <property name="dependency-check.skip" value="true"/>
    <property name="java.vm.info" value="mixed mode"/>
    <property name="java.version" value="1.8.0_121"/>
    <property name="java.ext.dirs" value="/usr/lib/jvm/java-8-openjdk-amd64/jre/lib/ext:/usr/java/packages/lib/ext"/>
    <property name="securerandom.source" value="file:/dev/./urandom"/>
    <property name="sun.boot.class.path" value="/usr/lib/jvm/java-8-openjdk-amd64/jre/lib/resources.jar:/usr/lib/jvm/java-8-openjdk-amd64/jre/lib/rt.jar:/usr/lib/jvm/java-8-openjdk-amd64/jre/lib/sunrsasign.jar:/usr/lib/jvm/java-8-openjdk-amd64/jre/lib/jsse.jar:/usr/lib/jvm/java-8-openjdk-amd64/jre/lib/jce.jar:/usr/lib/jvm/java-8-openjdk-amd64/jre/lib/charsets.jar:/usr/lib/jvm/java-8-openjdk-amd64/jre/lib/jfr.jar:/usr/lib/jvm/java-8-openjdk-amd64/jre/classes"/>
    <property name="java.vendor" value="Oracle Corporation"/>
    <property name="enforcer.skip" value="true"/>
    <property name="rat.skip" value="true"/>
    <property name="maven.home" value="/usr/share/maven"/>
    <property name="file.separator" value="/"/>
    <property name="java.vendor.url.bug" value="http://bugreport.sun.com/bugreport/"/>
    <property name="sun.cpu.endian" value="little"/>
    <property name="sun.io.unicode.encoding" value="UnicodeLittle"/>
    <property name="org.slf4j.simpleLogger.showThreadName" value="false"/>
    <property name="sun.cpu.isalist" value=""/>
  </properties>
  <testcase name="testUnknownNodeFuture[0: transport=NIO, worker-threads=0, nio-threads=1]" classname="io.hekate.messaging.internal.MessagingChannelRequestTest" time="0.021"/>
  <testcase name="testRequestOnClusterEvent[0: transport=NIO, worker-threads=0, nio-threads=1]" classname="io.hekate.messaging.internal.MessagingChannelRequestTest" time="0.025"/>
  <testcase name="testNetworkDisconnectWhileReceiving[0: transport=NIO, worker-threads=0, nio-threads=1]" classname="io.hekate.messaging.internal.MessagingChannelRequestTest" time="0.024"/>
  <testcase name="testNonDeSerializableRequest[0: transport=NIO, worker-threads=0, nio-threads=1]" classname="io.hekate.messaging.internal.MessagingChannelRequestTest" time="0.047"/>
  <testcase name="testNonSerializableResponse[0: transport=NIO, worker-threads=0, nio-threads=1]" classname="io.hekate.messaging.internal.MessagingChannelRequestTest" time="0.04"/>
  <testcase name="testLoadBalanceFailure[0: transport=NIO, worker-threads=0, nio-threads=1]" classname="io.hekate.messaging.internal.MessagingChannelRequestTest" time="0.027"/>
  <testcase name="testResponseFailure[0: transport=NIO, worker-threads=0, nio-threads=1]" classname="io.hekate.messaging.internal.MessagingChannelRequestTest" time="0.042"/>
  <testcase name="testClosedChannel[0: transport=NIO, worker-threads=0, nio-threads=1]" classname="io.hekate.messaging.internal.MessagingChannelRequestTest" time="0.01"/>
  <testcase name="testChannelCloseWhileRouting[0: transport=NIO, worker-threads=0, nio-threads=1]" classname="io.hekate.messaging.internal.MessagingChannelRequestTest" time="0.068"/>
  <testcase name="testNoReceiver[0: transport=NIO, worker-threads=0, nio-threads=1]" classname="io.hekate.messaging.internal.MessagingChannelRequestTest" time="0.01"/>
  <testcase name="testUnknownNodeCallback[0: transport=NIO, worker-threads=0, nio-threads=1]" classname="io.hekate.messaging.internal.MessagingChannelRequestTest" time="0.009"/>
  <testcase name="testReplyCallback[0: transport=NIO, worker-threads=0, nio-threads=1]" classname="io.hekate.messaging.internal.MessagingChannelRequestTest" time="0.024"/>
  <testcase name="testChannelCloseWhileReceiving[0: transport=NIO, worker-threads=0, nio-threads=1]" classname="io.hekate.messaging.internal.MessagingChannelRequestTest" time="0.137"/>
  <testcase name="testIdleTimeout[0: transport=NIO, worker-threads=0, nio-threads=1]" classname="io.hekate.messaging.internal.MessagingChannelRequestTest" time="1.345"/>
  <testcase name="testFutureUninterruptedly[0: transport=NIO, worker-threads=0, nio-threads=1]" classname="io.hekate.messaging.internal.MessagingChannelRequestTest" time="0.085"/>
  <testcase name="testIdleTimeoutWithPendingResponse[0: transport=NIO, worker-threads=0, nio-threads=1]" classname="io.hekate.messaging.internal.MessagingChannelRequestTest" time="3.143"/>
  <testcase name="testTopologyChange[0: transport=NIO, worker-threads=0, nio-threads=1]" classname="io.hekate.messaging.internal.MessagingChannelRequestTest" time="0.148"/>
  <testcase name="testChannelCloseWhileSending[0: transport=NIO, worker-threads=0, nio-threads=1]" classname="io.hekate.messaging.internal.MessagingChannelRequestTest" time="0.168"/>
  <testcase name="testCallback[0: transport=NIO, worker-threads=0, nio-threads=1]" classname="io.hekate.messaging.internal.MessagingChannelRequestTest" time="0.06"/>
  <testcase name="testNonAffinityRouting[0: transport=NIO, worker-threads=0, nio-threads=1]" classname="io.hekate.messaging.internal.MessagingChannelRequestTest" time="0.073"/>
  <testcase name="testLoadBalanceReturnsNull[0: transport=NIO, worker-threads=0, nio-threads=1]" classname="io.hekate.messaging.internal.MessagingChannelRequestTest" time="0.055"/>
  <testcase name="testRouteToNonExistingNode[0: transport=NIO, worker-threads=0, nio-threads=1]" classname="io.hekate.messaging.internal.MessagingChannelRequestTest" time="0.031"/>
  <testcase name="testNetworkDisconnectWhileSending[0: transport=NIO, worker-threads=0, nio-threads=1]" classname="io.hekate.messaging.internal.MessagingChannelRequestTest" time="0.03"/>
  <testcase name="testInterceptor[0: transport=NIO, worker-threads=0, nio-threads=1]" classname="io.hekate.messaging.internal.MessagingChannelRequestTest" time="0.062"/>
  <testcase name="testFuture[0: transport=NIO, worker-threads=0, nio-threads=1]" classname="io.hekate.messaging.internal.MessagingChannelRequestTest" time="0.06"/>
  <testcase name="testNonDeserializableResponse[0: transport=NIO, worker-threads=0, nio-threads=1]" classname="io.hekate.messaging.internal.MessagingChannelRequestTest" time="0.038"/>
  <testcase name="testAffinityRouting[0: transport=NIO, worker-threads=0, nio-threads=1]" classname="io.hekate.messaging.internal.MessagingChannelRequestTest" time="0.237"/>
  <testcase name="testServerReplyAfterStop[0: transport=NIO, worker-threads=0, nio-threads=1]" classname="io.hekate.messaging.internal.MessagingChannelRequestTest" time="0.034"/>
  <testcase name="testNonSerializableRequest[0: transport=NIO, worker-threads=0, nio-threads=1]" classname="io.hekate.messaging.internal.MessagingChannelRequestTest" time="0.038"/>
  <testcase name="testNoFailuresWithSmallIdleTimeout[0: transport=NIO, worker-threads=0, nio-threads=1]" classname="io.hekate.messaging.internal.MessagingChannelRequestTest" time="0.303"/>
  <testcase name="testNetworkDisconnectWhileReplying[0: transport=NIO, worker-threads=0, nio-threads=1]" classname="io.hekate.messaging.internal.MessagingChannelRequestTest" time="0.028"/>
  <testcase name="testUnknownNodeFuture[1: transport=NIO, worker-threads=1, nio-threads=1]" classname="io.hekate.messaging.internal.MessagingChannelRequestTest" time="0.009"/>
  <testcase name="testRequestOnClusterEvent[1: transport=NIO, worker-threads=1, nio-threads=1]" classname="io.hekate.messaging.internal.MessagingChannelRequestTest" time="0.022"/>
  <testcase name="testNetworkDisconnectWhileReceiving[1: transport=NIO, worker-threads=1, nio-threads=1]" classname="io.hekate.messaging.internal.MessagingChannelRequestTest" time="0.02"/>
  <testcase name="testNonDeSerializableRequest[1: transport=NIO, worker-threads=1, nio-threads=1]" classname="io.hekate.messaging.internal.MessagingChannelRequestTest" time="0.029"/>
  <testcase name="testNonSerializableResponse[1: transport=NIO, worker-threads=1, nio-threads=1]" classname="io.hekate.messaging.internal.MessagingChannelRequestTest" time="0.028"/>
  <testcase name="testLoadBalanceFailure[1: transport=NIO, worker-threads=1, nio-threads=1]" classname="io.hekate.messaging.internal.MessagingChannelRequestTest" time="0.027"/>
  <testcase name="testResponseFailure[1: transport=NIO, worker-threads=1, nio-threads=1]" classname="io.hekate.messaging.internal.MessagingChannelRequestTest" time="0.028"/>
  <testcase name="testClosedChannel[1: transport=NIO, worker-threads=1, nio-threads=1]" classname="io.hekate.messaging.internal.MessagingChannelRequestTest" time="0.009"/>
  <testcase name="testChannelCloseWhileRouting[1: transport=NIO, worker-threads=1, nio-threads=1]" classname="io.hekate.messaging.internal.MessagingChannelRequestTest" time="0.074"/>
  <testcase name="testNoReceiver[1: transport=NIO, worker-threads=1, nio-threads=1]" classname="io.hekate.messaging.internal.MessagingChannelRequestTest" time="0.01"/>
  <testcase name="testUnknownNodeCallback[1: transport=NIO, worker-threads=1, nio-threads=1]" classname="io.hekate.messaging.internal.MessagingChannelRequestTest" time="0.009"/>
  <testcase name="testReplyCallback[1: transport=NIO, worker-threads=1, nio-threads=1]" classname="io.hekate.messaging.internal.MessagingChannelRequestTest" time="0.046"/>
  <testcase name="testChannelCloseWhileReceiving[1: transport=NIO, worker-threads=1, nio-threads=1]" classname="io.hekate.messaging.internal.MessagingChannelRequestTest" time="0.204"/>
  <testcase name="testIdleTimeout[1: transport=NIO, worker-threads=1, nio-threads=1]" classname="io.hekate.messaging.internal.MessagingChannelRequestTest" time="1.347"/>
  <testcase name="testFutureUninterruptedly[1: transport=NIO, worker-threads=1, nio-threads=1]" classname="io.hekate.messaging.internal.MessagingChannelRequestTest" time="0.063"/>
  <testcase name="testIdleTimeoutWithPendingResponse[1: transport=NIO, worker-threads=1, nio-threads=1]" classname="io.hekate.messaging.internal.MessagingChannelRequestTest" time="3.169"/>
  <testcase name="testTopologyChange[1: transport=NIO, worker-threads=1, nio-threads=1]" classname="io.hekate.messaging.internal.MessagingChannelRequestTest" time="0.225"/>
  <testcase name="testChannelCloseWhileSending[1: transport=NIO, worker-threads=1, nio-threads=1]" classname="io.hekate.messaging.internal.MessagingChannelRequestTest" time="0.202"/>
  <testcase name="testCallback[1: transport=NIO, worker-threads=1, nio-threads=1]" classname="io.hekate.messaging.internal.MessagingChannelRequestTest" time="0.064"/>
  <testcase name="testNonAffinityRouting[1: transport=NIO, worker-threads=1, nio-threads=1]" classname="io.hekate.messaging.internal.MessagingChannelRequestTest" time="0.088"/>
  <testcase name="testLoadBalanceReturnsNull[1: transport=NIO, worker-threads=1, nio-threads=1]" classname="io.hekate.messaging.internal.MessagingChannelRequestTest" time="0.031"/>
  <testcase name="testRouteToNonExistingNode[1: transport=NIO, worker-threads=1, nio-threads=1]" classname="io.hekate.messaging.internal.MessagingChannelRequestTest" time="0.03"/>
  <testcase name="testNetworkDisconnectWhileSending[1: transport=NIO, worker-threads=1, nio-threads=1]" classname="io.hekate.messaging.internal.MessagingChannelRequestTest" time="0.032"/>
  <testcase name="testInterceptor[1: transport=NIO, worker-threads=1, nio-threads=1]" classname="io.hekate.messaging.internal.MessagingChannelRequestTest" time="0.064"/>
  <testcase name="testFuture[1: transport=NIO, worker-threads=1, nio-threads=1]" classname="io.hekate.messaging.internal.MessagingChannelRequestTest" time="0.134"/>
  <testcase name="testNonDeserializableResponse[1: transport=NIO, worker-threads=1, nio-threads=1]" classname="io.hekate.messaging.internal.MessagingChannelRequestTest" time="0.06"/>
  <testcase name="testAffinityRouting[1: transport=NIO, worker-threads=1, nio-threads=1]" classname="io.hekate.messaging.internal.MessagingChannelRequestTest" time="0.377"/>
  <testcase name="testServerReplyAfterStop[1: transport=NIO, worker-threads=1, nio-threads=1]" classname="io.hekate.messaging.internal.MessagingChannelRequestTest" time="0.034"/>
  <testcase name="testNonSerializableRequest[1: transport=NIO, worker-threads=1, nio-threads=1]" classname="io.hekate.messaging.internal.MessagingChannelRequestTest" time="0.034"/>
  <testcase name="testNoFailuresWithSmallIdleTimeout[1: transport=NIO, worker-threads=1, nio-threads=1]" classname="io.hekate.messaging.internal.MessagingChannelRequestTest" time="0.302"/>
  <testcase name="testNetworkDisconnectWhileReplying[1: transport=NIO, worker-threads=1, nio-threads=1]" classname="io.hekate.messaging.internal.MessagingChannelRequestTest" time="0.023"/>
  <testcase name="testUnknownNodeFuture[2: transport=NIO, worker-threads=4, nio-threads=1]" classname="io.hekate.messaging.internal.MessagingChannelRequestTest" time="0.009"/>
  <testcase name="testRequestOnClusterEvent[2: transport=NIO, worker-threads=4, nio-threads=1]" classname="io.hekate.messaging.internal.MessagingChannelRequestTest" time="0.029"/>
  <testcase name="testNetworkDisconnectWhileReceiving[2: transport=NIO, worker-threads=4, nio-threads=1]" classname="io.hekate.messaging.internal.MessagingChannelRequestTest" time="0.03"/>
  <testcase name="testNonDeSerializableRequest[2: transport=NIO, worker-threads=4, nio-threads=1]" classname="io.hekate.messaging.internal.MessagingChannelRequestTest" time="0.036"/>
  <testcase name="testNonSerializableResponse[2: transport=NIO, worker-threads=4, nio-threads=1]" classname="io.hekate.messaging.internal.MessagingChannelRequestTest" time="0.06"/>
  <testcase name="testLoadBalanceFailure[2: transport=NIO, worker-threads=4, nio-threads=1]" classname="io.hekate.messaging.internal.MessagingChannelRequestTest" time="0.028"/>
  <testcase name="testResponseFailure[2: transport=NIO, worker-threads=4, nio-threads=1]" classname="io.hekate.messaging.internal.MessagingChannelRequestTest" time="0.032"/>
  <testcase name="testClosedChannel[2: transport=NIO, worker-threads=4, nio-threads=1]" classname="io.hekate.messaging.internal.MessagingChannelRequestTest" time="0.011"/>
  <testcase name="testChannelCloseWhileRouting[2: transport=NIO, worker-threads=4, nio-threads=1]" classname="io.hekate.messaging.internal.MessagingChannelRequestTest" time="0.085"/>
  <testcase name="testNoReceiver[2: transport=NIO, worker-threads=4, nio-threads=1]" classname="io.hekate.messaging.internal.MessagingChannelRequestTest" time="0.012"/>
  <testcase name="testUnknownNodeCallback[2: transport=NIO, worker-threads=4, nio-threads=1]" classname="io.hekate.messaging.internal.MessagingChannelRequestTest" time="0.01"/>
  <testcase name="testReplyCallback[2: transport=NIO, worker-threads=4, nio-threads=1]" classname="io.hekate.messaging.internal.MessagingChannelRequestTest" time="0.033"/>
  <testcase name="testChannelCloseWhileReceiving[2: transport=NIO, worker-threads=4, nio-threads=1]" classname="io.hekate.messaging.internal.MessagingChannelRequestTest" time="0.219"/>
  <testcase name="testIdleTimeout[2: transport=NIO, worker-threads=4, nio-threads=1]" classname="io.hekate.messaging.internal.MessagingChannelRequestTest" time="1.379"/>
  <testcase name="testFutureUninterruptedly[2: transport=NIO, worker-threads=4, nio-threads=1]" classname="io.hekate.messaging.internal.MessagingChannelRequestTest" time="0.062"/>
  <testcase name="testIdleTimeoutWithPendingResponse[2: transport=NIO, worker-threads=4, nio-threads=1]" classname="io.hekate.messaging.internal.MessagingChannelRequestTest" time="3.17"/>
  <testcase name="testTopologyChange[2: transport=NIO, worker-threads=4, nio-threads=1]" classname="io.hekate.messaging.internal.MessagingChannelRequestTest" time="0.153"/>
  <testcase name="testChannelCloseWhileSending[2: transport=NIO, worker-threads=4, nio-threads=1]" classname="io.hekate.messaging.internal.MessagingChannelRequestTest" time="0.217"/>
  <testcase name="testCallback[2: transport=NIO, worker-threads=4, nio-threads=1]" classname="io.hekate.messaging.internal.MessagingChannelRequestTest" time="0.093"/>
  <testcase name="testNonAffinityRouting[2: transport=NIO, worker-threads=4, nio-threads=1]" classname="io.hekate.messaging.internal.MessagingChannelRequestTest" time="0.096"/>
  <testcase name="testLoadBalanceReturnsNull[2: transport=NIO, worker-threads=4, nio-threads=1]" classname="io.hekate.messaging.internal.MessagingChannelRequestTest" time="0.037"/>
  <testcase name="testRouteToNonExistingNode[2: transport=NIO, worker-threads=4, nio-threads=1]" classname="io.hekate.messaging.internal.MessagingChannelRequestTest" time="0.031"/>
  <testcase name="testNetworkDisconnectWhileSending[2: transport=NIO, worker-threads=4, nio-threads=1]" classname="io.hekate.messaging.internal.MessagingChannelRequestTest" time="0.03"/>
  <testcase name="testInterceptor[2: transport=NIO, worker-threads=4, nio-threads=1]" classname="io.hekate.messaging.internal.MessagingChannelRequestTest" time="0.069"/>
  <testcase name="testFuture[2: transport=NIO, worker-threads=4, nio-threads=1]" classname="io.hekate.messaging.internal.MessagingChannelRequestTest" time="0.069"/>
  <testcase name="testNonDeserializableResponse[2: transport=NIO, worker-threads=4, nio-threads=1]" classname="io.hekate.messaging.internal.MessagingChannelRequestTest" time="0.035"/>
  <testcase name="testAffinityRouting[2: transport=NIO, worker-threads=4, nio-threads=1]" classname="io.hekate.messaging.internal.MessagingChannelRequestTest" time="0.413"/>
  <testcase name="testServerReplyAfterStop[2: transport=NIO, worker-threads=4, nio-threads=1]" classname="io.hekate.messaging.internal.MessagingChannelRequestTest" time="0.031"/>
  <testcase name="testNonSerializableRequest[2: transport=NIO, worker-threads=4, nio-threads=1]" classname="io.hekate.messaging.internal.MessagingChannelRequestTest" time="0.03"/>
  <testcase name="testNoFailuresWithSmallIdleTimeout[2: transport=NIO, worker-threads=4, nio-threads=1]" classname="io.hekate.messaging.internal.MessagingChannelRequestTest" time="0.416"/>
  <testcase name="testNetworkDisconnectWhileReplying[2: transport=NIO, worker-threads=4, nio-threads=1]" classname="io.hekate.messaging.internal.MessagingChannelRequestTest" time="0.028"/>
  <testcase name="testUnknownNodeFuture[3: transport=NIO, worker-threads=5, nio-threads=0]" classname="io.hekate.messaging.internal.MessagingChannelRequestTest" time="0.011"/>
  <testcase name="testRequestOnClusterEvent[3: transport=NIO, worker-threads=5, nio-threads=0]" classname="io.hekate.messaging.internal.MessagingChannelRequestTest" time="0.029"/>
  <testcase name="testNetworkDisconnectWhileReceiving[3: transport=NIO, worker-threads=5, nio-threads=0]" classname="io.hekate.messaging.internal.MessagingChannelRequestTest" time="0.029"/>
  <testcase name="testNonDeSerializableRequest[3: transport=NIO, worker-threads=5, nio-threads=0]" classname="io.hekate.messaging.internal.MessagingChannelRequestTest" time="0.035"/>
  <testcase name="testNonSerializableResponse[3: transport=NIO, worker-threads=5, nio-threads=0]" classname="io.hekate.messaging.internal.MessagingChannelRequestTest" time="0.034"/>
  <testcase name="testLoadBalanceFailure[3: transport=NIO, worker-threads=5, nio-threads=0]" classname="io.hekate.messaging.internal.MessagingChannelRequestTest" time="0.03"/>
  <testcase name="testResponseFailure[3: transport=NIO, worker-threads=5, nio-threads=0]" classname="io.hekate.messaging.internal.MessagingChannelRequestTest" time="0.033"/>
  <testcase name="testClosedChannel[3: transport=NIO, worker-threads=5, nio-threads=0]" classname="io.hekate.messaging.internal.MessagingChannelRequestTest" time="0.011"/>
  <testcase name="testChannelCloseWhileRouting[3: transport=NIO, worker-threads=5, nio-threads=0]" classname="io.hekate.messaging.internal.MessagingChannelRequestTest" time="0.103"/>
  <testcase name="testNoReceiver[3: transport=NIO, worker-threads=5, nio-threads=0]" classname="io.hekate.messaging.internal.MessagingChannelRequestTest" time="0.011"/>
  <testcase name="testUnknownNodeCallback[3: transport=NIO, worker-threads=5, nio-threads=0]" classname="io.hekate.messaging.internal.MessagingChannelRequestTest" time="0.01"/>
  <testcase name="testReplyCallback[3: transport=NIO, worker-threads=5, nio-threads=0]" classname="io.hekate.messaging.internal.MessagingChannelRequestTest" time="0.031"/>
  <testcase name="testChannelCloseWhileReceiving[3: transport=NIO, worker-threads=5, nio-threads=0]" classname="io.hekate.messaging.internal.MessagingChannelRequestTest" time="0.209"/>
  <testcase name="testIdleTimeout[3: transport=NIO, worker-threads=5, nio-threads=0]" classname="io.hekate.messaging.internal.MessagingChannelRequestTest" time="1.333"/>
  <testcase name="testFutureUninterruptedly[3: transport=NIO, worker-threads=5, nio-threads=0]" classname="io.hekate.messaging.internal.MessagingChannelRequestTest" time="0.136"/>
  <testcase name="testIdleTimeoutWithPendingResponse[3: transport=NIO, worker-threads=5, nio-threads=0]" classname="io.hekate.messaging.internal.MessagingChannelRequestTest" time="3.143"/>
  <testcase name="testTopologyChange[3: transport=NIO, worker-threads=5, nio-threads=0]" classname="io.hekate.messaging.internal.MessagingChannelRequestTest" time="0.156"/>
  <testcase name="testChannelCloseWhileSending[3: transport=NIO, worker-threads=5, nio-threads=0]" classname="io.hekate.messaging.internal.MessagingChannelRequestTest" time="0.221"/>
  <testcase name="testCallback[3: transport=NIO, worker-threads=5, nio-threads=0]" classname="io.hekate.messaging.internal.MessagingChannelRequestTest" time="0.151"/>
  <testcase name="testNonAffinityRouting[3: transport=NIO, worker-threads=5, nio-threads=0]" classname="io.hekate.messaging.internal.MessagingChannelRequestTest" time="0.069"/>
  <testcase name="testLoadBalanceReturnsNull[3: transport=NIO, worker-threads=5, nio-threads=0]" classname="io.hekate.messaging.internal.MessagingChannelRequestTest" time="0.024"/>
  <testcase name="testRouteToNonExistingNode[3: transport=NIO, worker-threads=5, nio-threads=0]" classname="io.hekate.messaging.internal.MessagingChannelRequestTest" time="0.024"/>
  <testcase name="testNetworkDisconnectWhileSending[3: transport=NIO, worker-threads=5, nio-threads=0]" classname="io.hekate.messaging.internal.MessagingChannelRequestTest" time="0.026"/>
  <testcase name="testInterceptor[3: transport=NIO, worker-threads=5, nio-threads=0]" classname="io.hekate.messaging.internal.MessagingChannelRequestTest" time="0.061"/>
  <testcase name="testFuture[3: transport=NIO, worker-threads=5, nio-threads=0]" classname="io.hekate.messaging.internal.MessagingChannelRequestTest" time="0.065"/>
  <testcase name="testNonDeserializableResponse[3: transport=NIO, worker-threads=5, nio-threads=0]" classname="io.hekate.messaging.internal.MessagingChannelRequestTest" time="0.037"/>
  <testcase name="testAffinityRouting[3: transport=NIO, worker-threads=5, nio-threads=0]" classname="io.hekate.messaging.internal.MessagingChannelRequestTest" time="0.462"/>
  <testcase name="testServerReplyAfterStop[3: transport=NIO, worker-threads=5, nio-threads=0]" classname="io.hekate.messaging.internal.MessagingChannelRequestTest" time="0.032"/>
  <testcase name="testNonSerializableRequest[3: transport=NIO, worker-threads=5, nio-threads=0]" classname="io.hekate.messaging.internal.MessagingChannelRequestTest" time="0.046"/>
  <testcase name="testNoFailuresWithSmallIdleTimeout[3: transport=NIO, worker-threads=5, nio-threads=0]" classname="io.hekate.messaging.internal.MessagingChannelRequestTest" time="0.432"/>
  <testcase name="testNetworkDisconnectWhileReplying[3: transport=NIO, worker-threads=5, nio-threads=0]" classname="io.hekate.messaging.internal.MessagingChannelRequestTest" time="0.026"/>
  <testcase name="testUnknownNodeFuture[4: transport=NIO, ssl=JDK, worker-threads=0, nio-threads=1]" classname="io.hekate.messaging.internal.MessagingChannelRequestTest" time="0.01"/>
  <testcase name="testRequestOnClusterEvent[4: transport=NIO, ssl=JDK, worker-threads=0, nio-threads=1]" classname="io.hekate.messaging.internal.MessagingChannelRequestTest" time="0.056"/>
  <testcase name="testNetworkDisconnectWhileReceiving[4: transport=NIO, ssl=JDK, worker-threads=0, nio-threads=1]" classname="io.hekate.messaging.internal.MessagingChannelRequestTest" time="0.059"/>
  <testcase name="testNonDeSerializableRequest[4: transport=NIO, ssl=JDK, worker-threads=0, nio-threads=1]" classname="io.hekate.messaging.internal.MessagingChannelRequestTest" time="0.062"/>
  <testcase name="testNonSerializableResponse[4: transport=NIO, ssl=JDK, worker-threads=0, nio-threads=1]" classname="io.hekate.messaging.internal.MessagingChannelRequestTest" time="0.065"/>
  <testcase name="testLoadBalanceFailure[4: transport=NIO, ssl=JDK, worker-threads=0, nio-threads=1]" classname="io.hekate.messaging.internal.MessagingChannelRequestTest" time="0.063"/>
  <testcase name="testResponseFailure[4: transport=NIO, ssl=JDK, worker-threads=0, nio-threads=1]" classname="io.hekate.messaging.internal.MessagingChannelRequestTest" time="0.068"/>
  <testcase name="testClosedChannel[4: transport=NIO, ssl=JDK, worker-threads=0, nio-threads=1]" classname="io.hekate.messaging.internal.MessagingChannelRequestTest" time="0.013"/>
  <testcase name="testChannelCloseWhileRouting[4: transport=NIO, ssl=JDK, worker-threads=0, nio-threads=1]" classname="io.hekate.messaging.internal.MessagingChannelRequestTest" time="0.18"/>
  <testcase name="testNoReceiver[4: transport=NIO, ssl=JDK, worker-threads=0, nio-threads=1]" classname="io.hekate.messaging.internal.MessagingChannelRequestTest" time="0.013"/>
  <testcase name="testUnknownNodeCallback[4: transport=NIO, ssl=JDK, worker-threads=0, nio-threads=1]" classname="io.hekate.messaging.internal.MessagingChannelRequestTest" time="0.013"/>
  <testcase name="testReplyCallback[4: transport=NIO, ssl=JDK, worker-threads=0, nio-threads=1]" classname="io.hekate.messaging.internal.MessagingChannelRequestTest" time="0.098"/>
  <testcase name="testChannelCloseWhileReceiving[4: transport=NIO, ssl=JDK, worker-threads=0, nio-threads=1]" classname="io.hekate.messaging.internal.MessagingChannelRequestTest" time="0.326"/>
  <testcase name="testIdleTimeout[4: transport=NIO, ssl=JDK, worker-threads=0, nio-threads=1]" classname="io.hekate.messaging.internal.MessagingChannelRequestTest" time="1.4"/>
  <testcase name="testFutureUninterruptedly[4: transport=NIO, ssl=JDK, worker-threads=0, nio-threads=1]" classname="io.hekate.messaging.internal.MessagingChannelRequestTest" time="0.18"/>
  <testcase name="testIdleTimeoutWithPendingResponse[4: transport=NIO, ssl=JDK, worker-threads=0, nio-threads=1]" classname="io.hekate.messaging.internal.MessagingChannelRequestTest" time="3.245"/>
  <testcase name="testTopologyChange[4: transport=NIO, ssl=JDK, worker-threads=0, nio-threads=1]" classname="io.hekate.messaging.internal.MessagingChannelRequestTest" time="0.529"/>
  <testcase name="testChannelCloseWhileSending[4: transport=NIO, ssl=JDK, worker-threads=0, nio-threads=1]" classname="io.hekate.messaging.internal.MessagingChannelRequestTest" time="0.325"/>
  <testcase name="testCallback[4: transport=NIO, ssl=JDK, worker-threads=0, nio-threads=1]" classname="io.hekate.messaging.internal.MessagingChannelRequestTest" time="0.161"/>
  <testcase name="testNonAffinityRouting[4: transport=NIO, ssl=JDK, worker-threads=0, nio-threads=1]" classname="io.hekate.messaging.internal.MessagingChannelRequestTest" time="0.162"/>
  <testcase name="testLoadBalanceReturnsNull[4: transport=NIO, ssl=JDK, worker-threads=0, nio-threads=1]" classname="io.hekate.messaging.internal.MessagingChannelRequestTest" time="0.089"/>
  <testcase name="testRouteToNonExistingNode[4: transport=NIO, ssl=JDK, worker-threads=0, nio-threads=1]" classname="io.hekate.messaging.internal.MessagingChannelRequestTest" time="0.071"/>
  <testcase name="testNetworkDisconnectWhileSending[4: transport=NIO, ssl=JDK, worker-threads=0, nio-threads=1]" classname="io.hekate.messaging.internal.MessagingChannelRequestTest" time="0.065"/>
  <testcase name="testInterceptor[4: transport=NIO, ssl=JDK, worker-threads=0, nio-threads=1]" classname="io.hekate.messaging.internal.MessagingChannelRequestTest" time="0.159"/>
  <testcase name="testFuture[4: transport=NIO, ssl=JDK, worker-threads=0, nio-threads=1]" classname="io.hekate.messaging.internal.MessagingChannelRequestTest" time="0.23"/>
  <testcase name="testNonDeserializableResponse[4: transport=NIO, ssl=JDK, worker-threads=0, nio-threads=1]" classname="io.hekate.messaging.internal.MessagingChannelRequestTest" time="0.075"/>
  <testcase name="testAffinityRouting[4: transport=NIO, ssl=JDK, worker-threads=0, nio-threads=1]" classname="io.hekate.messaging.internal.MessagingChannelRequestTest" time="0.466"/>
  <testcase name="testServerReplyAfterStop[4: transport=NIO, ssl=JDK, worker-threads=0, nio-threads=1]" classname="io.hekate.messaging.internal.MessagingChannelRequestTest" time="0.07"/>
  <testcase name="testNonSerializableRequest[4: transport=NIO, ssl=JDK, worker-threads=0, nio-threads=1]" classname="io.hekate.messaging.internal.MessagingChannelRequestTest" time="0.084"/>
  <testcase name="testNoFailuresWithSmallIdleTimeout[4: transport=NIO, ssl=JDK, worker-threads=0, nio-threads=1]" classname="io.hekate.messaging.internal.MessagingChannelRequestTest" time="0.425"/>
  <testcase name="testNetworkDisconnectWhileReplying[4: transport=NIO, ssl=JDK, worker-threads=0, nio-threads=1]" classname="io.hekate.messaging.internal.MessagingChannelRequestTest" time="0.058"/>
  <testcase name="testUnknownNodeFuture[5: transport=NIO, ssl=JDK, worker-threads=1, nio-threads=1]" classname="io.hekate.messaging.internal.MessagingChannelRequestTest" time="0.011"/>
  <testcase name="testRequestOnClusterEvent[5: transport=NIO, ssl=JDK, worker-threads=1, nio-threads=1]" classname="io.hekate.messaging.internal.MessagingChannelRequestTest" time="0.059"/>
  <testcase name="testNetworkDisconnectWhileReceiving[5: transport=NIO, ssl=JDK, worker-threads=1, nio-threads=1]" classname="io.hekate.messaging.internal.MessagingChannelRequestTest" time="0.063"/>
  <testcase name="testNonDeSerializableRequest[5: transport=NIO, ssl=JDK, worker-threads=1, nio-threads=1]" classname="io.hekate.messaging.internal.MessagingChannelRequestTest" time="0.071"/>
  <testcase name="testNonSerializableResponse[5: transport=NIO, ssl=JDK, worker-threads=1, nio-threads=1]" classname="io.hekate.messaging.internal.MessagingChannelRequestTest" time="0.069"/>
  <testcase name="testLoadBalanceFailure[5: transport=NIO, ssl=JDK, worker-threads=1, nio-threads=1]" classname="io.hekate.messaging.internal.MessagingChannelRequestTest" time="0.064"/>
  <testcase name="testResponseFailure[5: transport=NIO, ssl=JDK, worker-threads=1, nio-threads=1]" classname="io.hekate.messaging.internal.MessagingChannelRequestTest" time="0.086"/>
  <testcase name="testClosedChannel[5: transport=NIO, ssl=JDK, worker-threads=1, nio-threads=1]" classname="io.hekate.messaging.internal.MessagingChannelRequestTest" time="0.013"/>
  <testcase name="testChannelCloseWhileRouting[5: transport=NIO, ssl=JDK, worker-threads=1, nio-threads=1]" classname="io.hekate.messaging.internal.MessagingChannelRequestTest" time="0.184"/>
  <testcase name="testNoReceiver[5: transport=NIO, ssl=JDK, worker-threads=1, nio-threads=1]" classname="io.hekate.messaging.internal.MessagingChannelRequestTest" time="0.012"/>
  <testcase name="testUnknownNodeCallback[5: transport=NIO, ssl=JDK, worker-threads=1, nio-threads=1]" classname="io.hekate.messaging.internal.MessagingChannelRequestTest" time="0.012"/>
  <testcase name="testReplyCallback[5: transport=NIO, ssl=JDK, worker-threads=1, nio-threads=1]" classname="io.hekate.messaging.internal.MessagingChannelRequestTest" time="0.067"/>
  <testcase name="testChannelCloseWhileReceiving[5: transport=NIO, ssl=JDK, worker-threads=1, nio-threads=1]" classname="io.hekate.messaging.internal.MessagingChannelRequestTest" time="0.338"/>
  <testcase name="testIdleTimeout[5: transport=NIO, ssl=JDK, worker-threads=1, nio-threads=1]" classname="io.hekate.messaging.internal.MessagingChannelRequestTest" time="1.399"/>
  <testcase name="testFutureUninterruptedly[5: transport=NIO, ssl=JDK, worker-threads=1, nio-threads=1]" classname="io.hekate.messaging.internal.MessagingChannelRequestTest" time="0.19"/>
  <testcase name="testIdleTimeoutWithPendingResponse[5: transport=NIO, ssl=JDK, worker-threads=1, nio-threads=1]" classname="io.hekate.messaging.internal.MessagingChannelRequestTest" time="3.243"/>
  <testcase name="testTopologyChange[5: transport=NIO, ssl=JDK, worker-threads=1, nio-threads=1]" classname="io.hekate.messaging.internal.MessagingChannelRequestTest" time="0.43"/>
  <testcase name="testChannelCloseWhileSending[5: transport=NIO, ssl=JDK, worker-threads=1, nio-threads=1]" classname="io.hekate.messaging.internal.MessagingChannelRequestTest" time="0.345"/>
  <testcase name="testCallback[5: transport=NIO, ssl=JDK, worker-threads=1, nio-threads=1]" classname="io.hekate.messaging.internal.MessagingChannelRequestTest" time="0.168"/>
  <testcase name="testNonAffinityRouting[5: transport=NIO, ssl=JDK, worker-threads=1, nio-threads=1]" classname="io.hekate.messaging.internal.MessagingChannelRequestTest" time="0.203"/>
  <testcase name="testLoadBalanceReturnsNull[5: transport=NIO, ssl=JDK, worker-threads=1, nio-threads=1]" classname="io.hekate.messaging.internal.MessagingChannelRequestTest" time="0.067"/>
  <testcase name="testRouteToNonExistingNode[5: transport=NIO, ssl=JDK, worker-threads=1, nio-threads=1]" classname="io.hekate.messaging.internal.MessagingChannelRequestTest" time="0.065"/>
  <testcase name="testNetworkDisconnectWhileSending[5: transport=NIO, ssl=JDK, worker-threads=1, nio-threads=1]" classname="io.hekate.messaging.internal.MessagingChannelRequestTest" time="0.061"/>
  <testcase name="testInterceptor[5: transport=NIO, ssl=JDK, worker-threads=1, nio-threads=1]" classname="io.hekate.messaging.internal.MessagingChannelRequestTest" time="0.154"/>
  <testcase name="testFuture[5: transport=NIO, ssl=JDK, worker-threads=1, nio-threads=1]" classname="io.hekate.messaging.internal.MessagingChannelRequestTest" time="0.155"/>
  <testcase name="testNonDeserializableResponse[5: transport=NIO, ssl=JDK, worker-threads=1, nio-threads=1]" classname="io.hekate.messaging.internal.MessagingChannelRequestTest" time="0.061"/>
  <testcase name="testAffinityRouting[5: transport=NIO, ssl=JDK, worker-threads=1, nio-threads=1]" classname="io.hekate.messaging.internal.MessagingChannelRequestTest" time="0.626"/>
  <testcase name="testServerReplyAfterStop[5: transport=NIO, ssl=JDK, worker-threads=1, nio-threads=1]" classname="io.hekate.messaging.internal.MessagingChannelRequestTest" time="0.087"/>
  <testcase name="testNonSerializableRequest[5: transport=NIO, ssl=JDK, worker-threads=1, nio-threads=1]" classname="io.hekate.messaging.internal.MessagingChannelRequestTest" time="0.065"/>
  <testcase name="testNoFailuresWithSmallIdleTimeout[5: transport=NIO, ssl=JDK, worker-threads=1, nio-threads=1]" classname="io.hekate.messaging.internal.MessagingChannelRequestTest" time="0.49"/>
  <testcase name="testNetworkDisconnectWhileReplying[5: transport=NIO, ssl=JDK, worker-threads=1, nio-threads=1]" classname="io.hekate.messaging.internal.MessagingChannelRequestTest" time="0.058"/>
  <testcase name="testUnknownNodeFuture[6: transport=NIO, ssl=JDK, worker-threads=4, nio-threads=1]" classname="io.hekate.messaging.internal.MessagingChannelRequestTest" time="0.012"/>
  <testcase name="testRequestOnClusterEvent[6: transport=NIO, ssl=JDK, worker-threads=4, nio-threads=1]" classname="io.hekate.messaging.internal.MessagingChannelRequestTest" time="0.066"/>
  <testcase name="testNetworkDisconnectWhileReceiving[6: transport=NIO, ssl=JDK, worker-threads=4, nio-threads=1]" classname="io.hekate.messaging.internal.MessagingChannelRequestTest" time="0.064"/>
  <testcase name="testNonDeSerializableRequest[6: transport=NIO, ssl=JDK, worker-threads=4, nio-threads=1]" classname="io.hekate.messaging.internal.MessagingChannelRequestTest" time="0.068"/>
  <testcase name="testNonSerializableResponse[6: transport=NIO, ssl=JDK, worker-threads=4, nio-threads=1]" classname="io.hekate.messaging.internal.MessagingChannelRequestTest" time="0.075"/>
  <testcase name="testLoadBalanceFailure[6: transport=NIO, ssl=JDK, worker-threads=4, nio-threads=1]" classname="io.hekate.messaging.internal.MessagingChannelRequestTest" time="0.083"/>
  <testcase name="testResponseFailure[6: transport=NIO, ssl=JDK, worker-threads=4, nio-threads=1]" classname="io.hekate.messaging.internal.MessagingChannelRequestTest" time="0.071"/>
  <testcase name="testClosedChannel[6: transport=NIO, ssl=JDK, worker-threads=4, nio-threads=1]" classname="io.hekate.messaging.internal.MessagingChannelRequestTest" time="0.012"/>
  <testcase name="testChannelCloseWhileRouting[6: transport=NIO, ssl=JDK, worker-threads=4, nio-threads=1]" classname="io.hekate.messaging.internal.MessagingChannelRequestTest" time="0.188"/>
  <testcase name="testNoReceiver[6: transport=NIO, ssl=JDK, worker-threads=4, nio-threads=1]" classname="io.hekate.messaging.internal.MessagingChannelRequestTest" time="0.013"/>
  <testcase name="testUnknownNodeCallback[6: transport=NIO, ssl=JDK, worker-threads=4, nio-threads=1]" classname="io.hekate.messaging.internal.MessagingChannelRequestTest" time="0.014"/>
  <testcase name="testReplyCallback[6: transport=NIO, ssl=JDK, worker-threads=4, nio-threads=1]" classname="io.hekate.messaging.internal.MessagingChannelRequestTest" time="0.071"/>
  <testcase name="testChannelCloseWhileReceiving[6: transport=NIO, ssl=JDK, worker-threads=4, nio-threads=1]" classname="io.hekate.messaging.internal.MessagingChannelRequestTest" time="0.356"/>
  <testcase name="testIdleTimeout[6: transport=NIO, ssl=JDK, worker-threads=4, nio-threads=1]" classname="io.hekate.messaging.internal.MessagingChannelRequestTest" time="1.426"/>
  <testcase name="testFutureUninterruptedly[6: transport=NIO, ssl=JDK, worker-threads=4, nio-threads=1]" classname="io.hekate.messaging.internal.MessagingChannelRequestTest" time="0.175"/>
  <testcase name="testIdleTimeoutWithPendingResponse[6: transport=NIO, ssl=JDK, worker-threads=4, nio-threads=1]" classname="io.hekate.messaging.internal.MessagingChannelRequestTest" time="3.246"/>
  <testcase name="testTopologyChange[6: transport=NIO, ssl=JDK, worker-threads=4, nio-threads=1]" classname="io.hekate.messaging.internal.MessagingChannelRequestTest" time="0.46"/>
  <testcase name="testChannelCloseWhileSending[6: transport=NIO, ssl=JDK, worker-threads=4, nio-threads=1]" classname="io.hekate.messaging.internal.MessagingChannelRequestTest" time="0.354"/>
  <testcase name="testCallback[6: transport=NIO, ssl=JDK, worker-threads=4, nio-threads=1]" classname="io.hekate.messaging.internal.MessagingChannelRequestTest" time="0.172"/>
  <testcase name="testNonAffinityRouting[6: transport=NIO, ssl=JDK, worker-threads=4, nio-threads=1]" classname="io.hekate.messaging.internal.MessagingChannelRequestTest" time="0.217"/>
  <testcase name="testLoadBalanceReturnsNull[6: transport=NIO, ssl=JDK, worker-threads=4, nio-threads=1]" classname="io.hekate.messaging.internal.MessagingChannelRequestTest" time="0.071"/>
  <testcase name="testRouteToNonExistingNode[6: transport=NIO, ssl=JDK, worker-threads=4, nio-threads=1]" classname="io.hekate.messaging.internal.MessagingChannelRequestTest" time="0.067"/>
  <testcase name="testNetworkDisconnectWhileSending[6: transport=NIO, ssl=JDK, worker-threads=4, nio-threads=1]" classname="io.hekate.messaging.internal.MessagingChannelRequestTest" time="0.064"/>
  <testcase name="testInterceptor[6: transport=NIO, ssl=JDK, worker-threads=4, nio-threads=1]" classname="io.hekate.messaging.internal.MessagingChannelRequestTest" time="0.195"/>
  <testcase name="testFuture[6: transport=NIO, ssl=JDK, worker-threads=4, nio-threads=1]" classname="io.hekate.messaging.internal.MessagingChannelRequestTest" time="0.176"/>
  <testcase name="testNonDeserializableResponse[6: transport=NIO, ssl=JDK, worker-threads=4, nio-threads=1]" classname="io.hekate.messaging.internal.MessagingChannelRequestTest" time="0.071"/>
  <testcase name="testAffinityRouting[6: transport=NIO, ssl=JDK, worker-threads=4, nio-threads=1]" classname="io.hekate.messaging.internal.MessagingChannelRequestTest" time="0.527"/>
  <testcase name="testServerReplyAfterStop[6: transport=NIO, ssl=JDK, worker-threads=4, nio-threads=1]" classname="io.hekate.messaging.internal.MessagingChannelRequestTest" time="0.064"/>
  <testcase name="testNonSerializableRequest[6: transport=NIO, ssl=JDK, worker-threads=4, nio-threads=1]" classname="io.hekate.messaging.internal.MessagingChannelRequestTest" time="0.064"/>
  <testcase name="testNoFailuresWithSmallIdleTimeout[6: transport=NIO, ssl=JDK, worker-threads=4, nio-threads=1]" classname="io.hekate.messaging.internal.MessagingChannelRequestTest" time="0.525"/>
  <testcase name="testNetworkDisconnectWhileReplying[6: transport=NIO, ssl=JDK, worker-threads=4, nio-threads=1]" classname="io.hekate.messaging.internal.MessagingChannelRequestTest" time="0.065"/>
  <testcase name="testUnknownNodeFuture[7: transport=NIO, ssl=JDK, worker-threads=5, nio-threads=0]" classname="io.hekate.messaging.internal.MessagingChannelRequestTest" time="0.012"/>
  <testcase name="testRequestOnClusterEvent[7: transport=NIO, ssl=JDK, worker-threads=5, nio-threads=0]" classname="io.hekate.messaging.internal.MessagingChannelRequestTest" time="0.068"/>
  <testcase name="testNetworkDisconnectWhileReceiving[7: transport=NIO, ssl=JDK, worker-threads=5, nio-threads=0]" classname="io.hekate.messaging.internal.MessagingChannelRequestTest" time="0.066"/>
  <testcase name="testNonDeSerializableRequest[7: transport=NIO, ssl=JDK, worker-threads=5, nio-threads=0]" classname="io.hekate.messaging.internal.MessagingChannelRequestTest" time="0.077"/>
  <testcase name="testNonSerializableResponse[7: transport=NIO, ssl=JDK, worker-threads=5, nio-threads=0]" classname="io.hekate.messaging.internal.MessagingChannelRequestTest" time="0.075"/>
  <testcase name="testLoadBalanceFailure[7: transport=NIO, ssl=JDK, worker-threads=5, nio-threads=0]" classname="io.hekate.messaging.internal.MessagingChannelRequestTest" time="0.066"/>
  <testcase name="testResponseFailure[7: transport=NIO, ssl=JDK, worker-threads=5, nio-threads=0]" classname="io.hekate.messaging.internal.MessagingChannelRequestTest" time="0.066"/>
  <testcase name="testClosedChannel[7: transport=NIO, ssl=JDK, worker-threads=5, nio-threads=0]" classname="io.hekate.messaging.internal.MessagingChannelRequestTest" time="0.011"/>
  <testcase name="testChannelCloseWhileRouting[7: transport=NIO, ssl=JDK, worker-threads=5, nio-threads=0]" classname="io.hekate.messaging.internal.MessagingChannelRequestTest" time="0.193"/>
  <testcase name="testNoReceiver[7: transport=NIO, ssl=JDK, worker-threads=5, nio-threads=0]" classname="io.hekate.messaging.internal.MessagingChannelRequestTest" time="0.012"/>
  <testcase name="testUnknownNodeCallback[7: transport=NIO, ssl=JDK, worker-threads=5, nio-threads=0]" classname="io.hekate.messaging.internal.MessagingChannelRequestTest" time="0.011"/>
  <testcase name="testReplyCallback[7: transport=NIO, ssl=JDK, worker-threads=5, nio-threads=0]" classname="io.hekate.messaging.internal.MessagingChannelRequestTest" time="0.072"/>
  <testcase name="testChannelCloseWhileReceiving[7: transport=NIO, ssl=JDK, worker-threads=5, nio-threads=0]" classname="io.hekate.messaging.internal.MessagingChannelRequestTest" time="0.358"/>
  <testcase name="testIdleTimeout[7: transport=NIO, ssl=JDK, worker-threads=5, nio-threads=0]" classname="io.hekate.messaging.internal.MessagingChannelRequestTest" time="1.45"/>
  <testcase name="testFutureUninterruptedly[7: transport=NIO, ssl=JDK, worker-threads=5, nio-threads=0]" classname="io.hekate.messaging.internal.MessagingChannelRequestTest" time="0.18"/>
  <testcase name="testIdleTimeoutWithPendingResponse[7: transport=NIO, ssl=JDK, worker-threads=5, nio-threads=0]" classname="io.hekate.messaging.internal.MessagingChannelRequestTest" time="3.203"/>
  <testcase name="testTopologyChange[7: transport=NIO, ssl=JDK, worker-threads=5, nio-threads=0]" classname="io.hekate.messaging.internal.MessagingChannelRequestTest" time="0.477"/>
  <testcase name="testChannelCloseWhileSending[7: transport=NIO, ssl=JDK, worker-threads=5, nio-threads=0]" classname="io.hekate.messaging.internal.MessagingChannelRequestTest" time="0.4"/>
  <testcase name="testCallback[7: transport=NIO, ssl=JDK, worker-threads=5, nio-threads=0]" classname="io.hekate.messaging.internal.MessagingChannelRequestTest" time="0.186"/>
  <testcase name="testNonAffinityRouting[7: transport=NIO, ssl=JDK, worker-threads=5, nio-threads=0]" classname="io.hekate.messaging.internal.MessagingChannelRequestTest" time="0.284"/>
  <testcase name="testLoadBalanceReturnsNull[7: transport=NIO, ssl=JDK, worker-threads=5, nio-threads=0]" classname="io.hekate.messaging.internal.MessagingChannelRequestTest" time="0.069"/>
  <testcase name="testRouteToNonExistingNode[7: transport=NIO, ssl=JDK, worker-threads=5, nio-threads=0]" classname="io.hekate.messaging.internal.MessagingChannelRequestTest" time="0.088"/>
  <testcase name="testNetworkDisconnectWhileSending[7: transport=NIO, ssl=JDK, worker-threads=5, nio-threads=0]" classname="io.hekate.messaging.internal.MessagingChannelRequestTest" time="0.064"/>
  <testcase name="testInterceptor[7: transport=NIO, ssl=JDK, worker-threads=5, nio-threads=0]" classname="io.hekate.messaging.internal.MessagingChannelRequestTest" time="0.205"/>
  <testcase name="testFuture[7: transport=NIO, ssl=JDK, worker-threads=5, nio-threads=0]" classname="io.hekate.messaging.internal.MessagingChannelRequestTest" time="0.189"/>
  <testcase name="testNonDeserializableResponse[7: transport=NIO, ssl=JDK, worker-threads=5, nio-threads=0]" classname="io.hekate.messaging.internal.MessagingChannelRequestTest" time="0.072"/>
  <testcase name="testAffinityRouting[7: transport=NIO, ssl=JDK, worker-threads=5, nio-threads=0]" classname="io.hekate.messaging.internal.MessagingChannelRequestTest" time="0.684"/>
  <testcase name="testServerReplyAfterStop[7: transport=NIO, ssl=JDK, worker-threads=5, nio-threads=0]" classname="io.hekate.messaging.internal.MessagingChannelRequestTest" time="0.063"/>
  <testcase name="testNonSerializableRequest[7: transport=NIO, ssl=JDK, worker-threads=5, nio-threads=0]" classname="io.hekate.messaging.internal.MessagingChannelRequestTest" time="0.065"/>
  <testcase name="testNoFailuresWithSmallIdleTimeout[7: transport=NIO, ssl=JDK, worker-threads=5, nio-threads=0]" classname="io.hekate.messaging.internal.MessagingChannelRequestTest" time="0.597"/>
  <testcase name="testNetworkDisconnectWhileReplying[7: transport=NIO, ssl=JDK, worker-threads=5, nio-threads=0]" classname="io.hekate.messaging.internal.MessagingChannelRequestTest" time="0.086"/>
  <testcase name="testUnknownNodeFuture[8: transport=NIO, ssl=OPEN_SSL, worker-threads=0, nio-threads=1]" classname="io.hekate.messaging.internal.MessagingChannelRequestTest" time="0.012"/>
  <testcase name="testRequestOnClusterEvent[8: transport=NIO, ssl=OPEN_SSL, worker-threads=0, nio-threads=1]" classname="io.hekate.messaging.internal.MessagingChannelRequestTest" time="0.045"/>
  <testcase name="testNetworkDisconnectWhileReceiving[8: transport=NIO, ssl=OPEN_SSL, worker-threads=0, nio-threads=1]" classname="io.hekate.messaging.internal.MessagingChannelRequestTest" time="0.04"/>
  <testcase name="testNonDeSerializableRequest[8: transport=NIO, ssl=OPEN_SSL, worker-threads=0, nio-threads=1]" classname="io.hekate.messaging.internal.MessagingChannelRequestTest" time="0.05"/>
  <testcase name="testNonSerializableResponse[8: transport=NIO, ssl=OPEN_SSL, worker-threads=0, nio-threads=1]" classname="io.hekate.messaging.internal.MessagingChannelRequestTest" time="0.051"/>
  <testcase name="testLoadBalanceFailure[8: transport=NIO, ssl=OPEN_SSL, worker-threads=0, nio-threads=1]" classname="io.hekate.messaging.internal.MessagingChannelRequestTest" time="0.048"/>
  <testcase name="testResponseFailure[8: transport=NIO, ssl=OPEN_SSL, worker-threads=0, nio-threads=1]" classname="io.hekate.messaging.internal.MessagingChannelRequestTest" time="0.05"/>
  <testcase name="testClosedChannel[8: transport=NIO, ssl=OPEN_SSL, worker-threads=0, nio-threads=1]" classname="io.hekate.messaging.internal.MessagingChannelRequestTest" time="0.012"/>
  <testcase name="testChannelCloseWhileRouting[8: transport=NIO, ssl=OPEN_SSL, worker-threads=0, nio-threads=1]" classname="io.hekate.messaging.internal.MessagingChannelRequestTest" time="0.127"/>
  <testcase name="testNoReceiver[8: transport=NIO, ssl=OPEN_SSL, worker-threads=0, nio-threads=1]" classname="io.hekate.messaging.internal.MessagingChannelRequestTest" time="0.012"/>
  <testcase name="testUnknownNodeCallback[8: transport=NIO, ssl=OPEN_SSL, worker-threads=0, nio-threads=1]" classname="io.hekate.messaging.internal.MessagingChannelRequestTest" time="0.012"/>
  <testcase name="testReplyCallback[8: transport=NIO, ssl=OPEN_SSL, worker-threads=0, nio-threads=1]" classname="io.hekate.messaging.internal.MessagingChannelRequestTest" time="0.048"/>
  <testcase name="testChannelCloseWhileReceiving[8: transport=NIO, ssl=OPEN_SSL, worker-threads=0, nio-threads=1]" classname="io.hekate.messaging.internal.MessagingChannelRequestTest" time="0.263"/>
  <testcase name="testIdleTimeout[8: transport=NIO, ssl=OPEN_SSL, worker-threads=0, nio-threads=1]" classname="io.hekate.messaging.internal.MessagingChannelRequestTest" time="1.355"/>
  <testcase name="testFutureUninterruptedly[8: transport=NIO, ssl=OPEN_SSL, worker-threads=0, nio-threads=1]" classname="io.hekate.messaging.internal.MessagingChannelRequestTest" time="0.11"/>
  <testcase name="testIdleTimeoutWithPendingResponse[8: transport=NIO, ssl=OPEN_SSL, worker-threads=0, nio-threads=1]" classname="io.hekate.messaging.internal.MessagingChannelRequestTest" time="3.17"/>
  <testcase name="testTopologyChange[8: transport=NIO, ssl=OPEN_SSL, worker-threads=0, nio-threads=1]" classname="io.hekate.messaging.internal.MessagingChannelRequestTest" time="0.249"/>
  <testcase name="testChannelCloseWhileSending[8: transport=NIO, ssl=OPEN_SSL, worker-threads=0, nio-threads=1]" classname="io.hekate.messaging.internal.MessagingChannelRequestTest" time="0.264"/>
  <testcase name="testCallback[8: transport=NIO, ssl=OPEN_SSL, worker-threads=0, nio-threads=1]" classname="io.hekate.messaging.internal.MessagingChannelRequestTest" time="0.107"/>
  <testcase name="testNonAffinityRouting[8: transport=NIO, ssl=OPEN_SSL, worker-threads=0, nio-threads=1]" classname="io.hekate.messaging.internal.MessagingChannelRequestTest" time="0.12"/>
  <testcase name="testLoadBalanceReturnsNull[8: transport=NIO, ssl=OPEN_SSL, worker-threads=0, nio-threads=1]" classname="io.hekate.messaging.internal.MessagingChannelRequestTest" time="0.046"/>
  <testcase name="testRouteToNonExistingNode[8: transport=NIO, ssl=OPEN_SSL, worker-threads=0, nio-threads=1]" classname="io.hekate.messaging.internal.MessagingChannelRequestTest" time="0.046"/>
  <testcase name="testNetworkDisconnectWhileSending[8: transport=NIO, ssl=OPEN_SSL, worker-threads=0, nio-threads=1]" classname="io.hekate.messaging.internal.MessagingChannelRequestTest" time="0.041"/>
  <testcase name="testInterceptor[8: transport=NIO, ssl=OPEN_SSL, worker-threads=0, nio-threads=1]" classname="io.hekate.messaging.internal.MessagingChannelRequestTest" time="0.109"/>
  <testcase name="testFuture[8: transport=NIO, ssl=OPEN_SSL, worker-threads=0, nio-threads=1]" classname="io.hekate.messaging.internal.MessagingChannelRequestTest" time="0.11"/>
  <testcase name="testNonDeserializableResponse[8: transport=NIO, ssl=OPEN_SSL, worker-threads=0, nio-threads=1]" classname="io.hekate.messaging.internal.MessagingChannelRequestTest" time="0.051"/>
  <testcase name="testAffinityRouting[8: transport=NIO, ssl=OPEN_SSL, worker-threads=0, nio-threads=1]" classname="io.hekate.messaging.internal.MessagingChannelRequestTest" time="0.353"/>
  <testcase name="testServerReplyAfterStop[8: transport=NIO, ssl=OPEN_SSL, worker-threads=0, nio-threads=1]" classname="io.hekate.messaging.internal.MessagingChannelRequestTest" time="0.046"/>
  <testcase name="testNonSerializableRequest[8: transport=NIO, ssl=OPEN_SSL, worker-threads=0, nio-threads=1]" classname="io.hekate.messaging.internal.MessagingChannelRequestTest" time="0.044"/>
  <testcase name="testNoFailuresWithSmallIdleTimeout[8: transport=NIO, ssl=OPEN_SSL, worker-threads=0, nio-threads=1]" classname="io.hekate.messaging.internal.MessagingChannelRequestTest" time="0.389"/>
  <testcase name="testNetworkDisconnectWhileReplying[8: transport=NIO, ssl=OPEN_SSL, worker-threads=0, nio-threads=1]" classname="io.hekate.messaging.internal.MessagingChannelRequestTest" time="0.043"/>
  <testcase name="testUnknownNodeFuture[9: transport=NIO, ssl=OPEN_SSL, worker-threads=1, nio-threads=1]" classname="io.hekate.messaging.internal.MessagingChannelRequestTest" time="0.011"/>
  <testcase name="testRequestOnClusterEvent[9: transport=NIO, ssl=OPEN_SSL, worker-threads=1, nio-threads=1]" classname="io.hekate.messaging.internal.MessagingChannelRequestTest" time="0.047"/>
  <testcase name="testNetworkDisconnectWhileReceiving[9: transport=NIO, ssl=OPEN_SSL, worker-threads=1, nio-threads=1]" classname="io.hekate.messaging.internal.MessagingChannelRequestTest" time="0.048"/>
  <testcase name="testNonDeSerializableRequest[9: transport=NIO, ssl=OPEN_SSL, worker-threads=1, nio-threads=1]" classname="io.hekate.messaging.internal.MessagingChannelRequestTest" time="0.05"/>
  <testcase name="testNonSerializableResponse[9: transport=NIO, ssl=OPEN_SSL, worker-threads=1, nio-threads=1]" classname="io.hekate.messaging.internal.MessagingChannelRequestTest" time="0.054"/>
  <testcase name="testLoadBalanceFailure[9: transport=NIO, ssl=OPEN_SSL, worker-threads=1, nio-threads=1]" classname="io.hekate.messaging.internal.MessagingChannelRequestTest" time="0.059"/>
  <testcase name="testResponseFailure[9: transport=NIO, ssl=OPEN_SSL, worker-threads=1, nio-threads=1]" classname="io.hekate.messaging.internal.MessagingChannelRequestTest" time="0.045"/>
  <testcase name="testClosedChannel[9: transport=NIO, ssl=OPEN_SSL, worker-threads=1, nio-threads=1]" classname="io.hekate.messaging.internal.MessagingChannelRequestTest" time="0.012"/>
  <testcase name="testChannelCloseWhileRouting[9: transport=NIO, ssl=OPEN_SSL, worker-threads=1, nio-threads=1]" classname="io.hekate.messaging.internal.MessagingChannelRequestTest" time="0.118"/>
  <testcase name="testNoReceiver[9: transport=NIO, ssl=OPEN_SSL, worker-threads=1, nio-threads=1]" classname="io.hekate.messaging.internal.MessagingChannelRequestTest" time="0.012"/>
  <testcase name="testUnknownNodeCallback[9: transport=NIO, ssl=OPEN_SSL, worker-threads=1, nio-threads=1]" classname="io.hekate.messaging.internal.MessagingChannelRequestTest" time="0.012"/>
  <testcase name="testReplyCallback[9: transport=NIO, ssl=OPEN_SSL, worker-threads=1, nio-threads=1]" classname="io.hekate.messaging.internal.MessagingChannelRequestTest" time="0.047"/>
  <testcase name="testChannelCloseWhileReceiving[9: transport=NIO, ssl=OPEN_SSL, worker-threads=1, nio-threads=1]" classname="io.hekate.messaging.internal.MessagingChannelRequestTest" time="0.281"/>
  <testcase name="testIdleTimeout[9: transport=NIO, ssl=OPEN_SSL, worker-threads=1, nio-threads=1]" classname="io.hekate.messaging.internal.MessagingChannelRequestTest" time="1.383"/>
  <testcase name="testFutureUninterruptedly[9: transport=NIO, ssl=OPEN_SSL, worker-threads=1, nio-threads=1]" classname="io.hekate.messaging.internal.MessagingChannelRequestTest" time="0.104"/>
  <testcase name="testIdleTimeoutWithPendingResponse[9: transport=NIO, ssl=OPEN_SSL, worker-threads=1, nio-threads=1]" classname="io.hekate.messaging.internal.MessagingChannelRequestTest" time="3.151"/>
  <testcase name="testTopologyChange[9: transport=NIO, ssl=OPEN_SSL, worker-threads=1, nio-threads=1]" classname="io.hekate.messaging.internal.MessagingChannelRequestTest" time="0.239"/>
  <testcase name="testChannelCloseWhileSending[9: transport=NIO, ssl=OPEN_SSL, worker-threads=1, nio-threads=1]" classname="io.hekate.messaging.internal.MessagingChannelRequestTest" time="0.286"/>
  <testcase name="testCallback[9: transport=NIO, ssl=OPEN_SSL, worker-threads=1, nio-threads=1]" classname="io.hekate.messaging.internal.MessagingChannelRequestTest" time="0.135"/>
  <testcase name="testNonAffinityRouting[9: transport=NIO, ssl=OPEN_SSL, worker-threads=1, nio-threads=1]" classname="io.hekate.messaging.internal.MessagingChannelRequestTest" time="0.122"/>
  <testcase name="testLoadBalanceReturnsNull[9: transport=NIO, ssl=OPEN_SSL, worker-threads=1, nio-threads=1]" classname="io.hekate.messaging.internal.MessagingChannelRequestTest" time="0.049"/>
  <testcase name="testRouteToNonExistingNode[9: transport=NIO, ssl=OPEN_SSL, worker-threads=1, nio-threads=1]" classname="io.hekate.messaging.internal.MessagingChannelRequestTest" time="0.048"/>
  <testcase name="testNetworkDisconnectWhileSending[9: transport=NIO, ssl=OPEN_SSL, worker-threads=1, nio-threads=1]" classname="io.hekate.messaging.internal.MessagingChannelRequestTest" time="0.044"/>
  <testcase name="testInterceptor[9: transport=NIO, ssl=OPEN_SSL, worker-threads=1, nio-threads=1]" classname="io.hekate.messaging.internal.MessagingChannelRequestTest" time="0.112"/>
  <testcase name="testFuture[9: transport=NIO, ssl=OPEN_SSL, worker-threads=1, nio-threads=1]" classname="io.hekate.messaging.internal.MessagingChannelRequestTest" time="0.113"/>
  <testcase name="testNonDeserializableResponse[9: transport=NIO, ssl=OPEN_SSL, worker-threads=1, nio-threads=1]" classname="io.hekate.messaging.internal.MessagingChannelRequestTest" time="0.051"/>
  <testcase name="testAffinityRouting[9: transport=NIO, ssl=OPEN_SSL, worker-threads=1, nio-threads=1]" classname="io.hekate.messaging.internal.MessagingChannelRequestTest" time="0.367"/>
  <testcase name="testServerReplyAfterStop[9: transport=NIO, ssl=OPEN_SSL, worker-threads=1, nio-threads=1]" classname="io.hekate.messaging.internal.MessagingChannelRequestTest" time="0.049"/>
  <testcase name="testNonSerializableRequest[9: transport=NIO, ssl=OPEN_SSL, worker-threads=1, nio-threads=1]" classname="io.hekate.messaging.internal.MessagingChannelRequestTest" time="0.044"/>
  <testcase name="testNoFailuresWithSmallIdleTimeout[9: transport=NIO, ssl=OPEN_SSL, worker-threads=1, nio-threads=1]" classname="io.hekate.messaging.internal.MessagingChannelRequestTest" time="0.478"/>
  <testcase name="testNetworkDisconnectWhileReplying[9: transport=NIO, ssl=OPEN_SSL, worker-threads=1, nio-threads=1]" classname="io.hekate.messaging.internal.MessagingChannelRequestTest" time="0.038"/>
  <testcase name="testUnknownNodeFuture[10: transport=NIO, ssl=OPEN_SSL, worker-threads=4, nio-threads=1]" classname="io.hekate.messaging.internal.MessagingChannelRequestTest" time="0.011"/>
  <testcase name="testRequestOnClusterEvent[10: transport=NIO, ssl=OPEN_SSL, worker-threads=4, nio-threads=1]" classname="io.hekate.messaging.internal.MessagingChannelRequestTest" time="0.048"/>
  <testcase name="testNetworkDisconnectWhileReceiving[10: transport=NIO, ssl=OPEN_SSL, worker-threads=4, nio-threads=1]" classname="io.hekate.messaging.internal.MessagingChannelRequestTest" time="0.048"/>
  <testcase name="testNonDeSerializableRequest[10: transport=NIO, ssl=OPEN_SSL, worker-threads=4, nio-threads=1]" classname="io.hekate.messaging.internal.MessagingChannelRequestTest" time="0.053"/>
  <testcase name="testNonSerializableResponse[10: transport=NIO, ssl=OPEN_SSL, worker-threads=4, nio-threads=1]" classname="io.hekate.messaging.internal.MessagingChannelRequestTest" time="0.053"/>
  <testcase name="testLoadBalanceFailure[10: transport=NIO, ssl=OPEN_SSL, worker-threads=4, nio-threads=1]" classname="io.hekate.messaging.internal.MessagingChannelRequestTest" time="0.067"/>
  <testcase name="testResponseFailure[10: transport=NIO, ssl=OPEN_SSL, worker-threads=4, nio-threads=1]" classname="io.hekate.messaging.internal.MessagingChannelRequestTest" time="0.052"/>
  <testcase name="testClosedChannel[10: transport=NIO, ssl=OPEN_SSL, worker-threads=4, nio-threads=1]" classname="io.hekate.messaging.internal.MessagingChannelRequestTest" time="0.012"/>
  <testcase name="testChannelCloseWhileRouting[10: transport=NIO, ssl=OPEN_SSL, worker-threads=4, nio-threads=1]" classname="io.hekate.messaging.internal.MessagingChannelRequestTest" time="0.121"/>
  <testcase name="testNoReceiver[10: transport=NIO, ssl=OPEN_SSL, worker-threads=4, nio-threads=1]" classname="io.hekate.messaging.internal.MessagingChannelRequestTest" time="0.014"/>
  <testcase name="testUnknownNodeCallback[10: transport=NIO, ssl=OPEN_SSL, worker-threads=4, nio-threads=1]" classname="io.hekate.messaging.internal.MessagingChannelRequestTest" time="0.012"/>
  <testcase name="testReplyCallback[10: transport=NIO, ssl=OPEN_SSL, worker-threads=4, nio-threads=1]" classname="io.hekate.messaging.internal.MessagingChannelRequestTest" time="0.052"/>
  <testcase name="testChannelCloseWhileReceiving[10: transport=NIO, ssl=OPEN_SSL, worker-threads=4, nio-threads=1]" classname="io.hekate.messaging.internal.MessagingChannelRequestTest" time="0.294"/>
  <testcase name="testIdleTimeout[10: transport=NIO, ssl=OPEN_SSL, worker-threads=4, nio-threads=1]" classname="io.hekate.messaging.internal.MessagingChannelRequestTest" time="1.435"/>
  <testcase name="testFutureUninterruptedly[10: transport=NIO, ssl=OPEN_SSL, worker-threads=4, nio-threads=1]" classname="io.hekate.messaging.internal.MessagingChannelRequestTest" time="0.117"/>
  <testcase name="testIdleTimeoutWithPendingResponse[10: transport=NIO, ssl=OPEN_SSL, worker-threads=4, nio-threads=1]" classname="io.hekate.messaging.internal.MessagingChannelRequestTest" time="3.179"/>
  <testcase name="testTopologyChange[10: transport=NIO, ssl=OPEN_SSL, worker-threads=4, nio-threads=1]" classname="io.hekate.messaging.internal.MessagingChannelRequestTest" time="0.261"/>
  <testcase name="testChannelCloseWhileSending[10: transport=NIO, ssl=OPEN_SSL, worker-threads=4, nio-threads=1]" classname="io.hekate.messaging.internal.MessagingChannelRequestTest" time="0.321"/>
  <testcase name="testCallback[10: transport=NIO, ssl=OPEN_SSL, worker-threads=4, nio-threads=1]" classname="io.hekate.messaging.internal.MessagingChannelRequestTest" time="0.145"/>
  <testcase name="testNonAffinityRouting[10: transport=NIO, ssl=OPEN_SSL, worker-threads=4, nio-threads=1]" classname="io.hekate.messaging.internal.MessagingChannelRequestTest" time="0.162"/>
  <testcase name="testLoadBalanceReturnsNull[10: transport=NIO, ssl=OPEN_SSL, worker-threads=4, nio-threads=1]" classname="io.hekate.messaging.internal.MessagingChannelRequestTest" time="0.05"/>
  <testcase name="testRouteToNonExistingNode[10: transport=NIO, ssl=OPEN_SSL, worker-threads=4, nio-threads=1]" classname="io.hekate.messaging.internal.MessagingChannelRequestTest" time="0.048"/>
  <testcase name="testNetworkDisconnectWhileSending[10: transport=NIO, ssl=OPEN_SSL, worker-threads=4, nio-threads=1]" classname="io.hekate.messaging.internal.MessagingChannelRequestTest" time="0.062"/>
  <testcase name="testInterceptor[10: transport=NIO, ssl=OPEN_SSL, worker-threads=4, nio-threads=1]" classname="io.hekate.messaging.internal.MessagingChannelRequestTest" time="0.115"/>
  <testcase name="testFuture[10: transport=NIO, ssl=OPEN_SSL, worker-threads=4, nio-threads=1]" classname="io.hekate.messaging.internal.MessagingChannelRequestTest" time="0.115"/>
  <testcase name="testNonDeserializableResponse[10: transport=NIO, ssl=OPEN_SSL, worker-threads=4, nio-threads=1]" classname="io.hekate.messaging.internal.MessagingChannelRequestTest" time="0.05"/>
  <testcase name="testAffinityRouting[10: transport=NIO, ssl=OPEN_SSL, worker-threads=4, nio-threads=1]" classname="io.hekate.messaging.internal.MessagingChannelRequestTest" time="0.492"/>
  <testcase name="testServerReplyAfterStop[10: transport=NIO, ssl=OPEN_SSL, worker-threads=4, nio-threads=1]" classname="io.hekate.messaging.internal.MessagingChannelRequestTest" time="0.05"/>
  <testcase name="testNonSerializableRequest[10: transport=NIO, ssl=OPEN_SSL, worker-threads=4, nio-threads=1]" classname="io.hekate.messaging.internal.MessagingChannelRequestTest" time="0.045"/>
  <testcase name="testNoFailuresWithSmallIdleTimeout[10: transport=NIO, ssl=OPEN_SSL, worker-threads=4, nio-threads=1]" classname="io.hekate.messaging.internal.MessagingChannelRequestTest" time="0.538"/>
  <testcase name="testNetworkDisconnectWhileReplying[10: transport=NIO, ssl=OPEN_SSL, worker-threads=4, nio-threads=1]" classname="io.hekate.messaging.internal.MessagingChannelRequestTest" time="0.065"/>
  <testcase name="testUnknownNodeFuture[11: transport=NIO, ssl=OPEN_SSL, worker-threads=5, nio-threads=0]" classname="io.hekate.messaging.internal.MessagingChannelRequestTest" time="0.012"/>
  <testcase name="testRequestOnClusterEvent[11: transport=NIO, ssl=OPEN_SSL, worker-threads=5, nio-threads=0]" classname="io.hekate.messaging.internal.MessagingChannelRequestTest" time="0.04"/>
  <testcase name="testNetworkDisconnectWhileReceiving[11: transport=NIO, ssl=OPEN_SSL, worker-threads=5, nio-threads=0]" classname="io.hekate.messaging.internal.MessagingChannelRequestTest" time="0.046"/>
  <testcase name="testNonDeSerializableRequest[11: transport=NIO, ssl=OPEN_SSL, worker-threads=5, nio-threads=0]" classname="io.hekate.messaging.internal.MessagingChannelRequestTest" time="0.049"/>
  <testcase name="testNonSerializableResponse[11: transport=NIO, ssl=OPEN_SSL, worker-threads=5, nio-threads=0]" classname="io.hekate.messaging.internal.MessagingChannelRequestTest" time="0.053"/>
  <testcase name="testLoadBalanceFailure[11: transport=NIO, ssl=OPEN_SSL, worker-threads=5, nio-threads=0]" classname="io.hekate.messaging.internal.MessagingChannelRequestTest" time="0.044"/>
  <testcase name="testResponseFailure[11: transport=NIO, ssl=OPEN_SSL, worker-threads=5, nio-threads=0]" classname="io.hekate.messaging.internal.MessagingChannelRequestTest" time="0.051"/>
  <testcase name="testClosedChannel[11: transport=NIO, ssl=OPEN_SSL, worker-threads=5, nio-threads=0]" classname="io.hekate.messaging.internal.MessagingChannelRequestTest" time="0.013"/>
  <testcase name="testChannelCloseWhileRouting[11: transport=NIO, ssl=OPEN_SSL, worker-threads=5, nio-threads=0]" classname="io.hekate.messaging.internal.MessagingChannelRequestTest" time="0.126"/>
  <testcase name="testNoReceiver[11: transport=NIO, ssl=OPEN_SSL, worker-threads=5, nio-threads=0]" classname="io.hekate.messaging.internal.MessagingChannelRequestTest" time="0.014"/>
  <testcase name="testUnknownNodeCallback[11: transport=NIO, ssl=OPEN_SSL, worker-threads=5, nio-threads=0]" classname="io.hekate.messaging.internal.MessagingChannelRequestTest" time="0.012"/>
  <testcase name="testReplyCallback[11: transport=NIO, ssl=OPEN_SSL, worker-threads=5, nio-threads=0]" classname="io.hekate.messaging.internal.MessagingChannelRequestTest" time="0.053"/>
  <testcase name="testChannelCloseWhileReceiving[11: transport=NIO, ssl=OPEN_SSL, worker-threads=5, nio-threads=0]" classname="io.hekate.messaging.internal.MessagingChannelRequestTest" time="0.316"/>
  <testcase name="testIdleTimeout[11: transport=NIO, ssl=OPEN_SSL, worker-threads=5, nio-threads=0]" classname="io.hekate.messaging.internal.MessagingChannelRequestTest" time="1.399"/>
  <testcase name="testFutureUninterruptedly[11: transport=NIO, ssl=OPEN_SSL, worker-threads=5, nio-threads=0]" classname="io.hekate.messaging.internal.MessagingChannelRequestTest" time="0.118"/>
  <testcase name="testIdleTimeoutWithPendingResponse[11: transport=NIO, ssl=OPEN_SSL, worker-threads=5, nio-threads=0]" classname="io.hekate.messaging.internal.MessagingChannelRequestTest" time="3.177"/>
  <testcase name="testTopologyChange[11: transport=NIO, ssl=OPEN_SSL, worker-threads=5, nio-threads=0]" classname="io.hekate.messaging.internal.MessagingChannelRequestTest" time="0.257"/>
  <testcase name="testChannelCloseWhileSending[11: transport=NIO, ssl=OPEN_SSL, worker-threads=5, nio-threads=0]" classname="io.hekate.messaging.internal.MessagingChannelRequestTest" time="0.278"/>
  <testcase name="testCallback[11: transport=NIO, ssl=OPEN_SSL, worker-threads=5, nio-threads=0]" classname="io.hekate.messaging.internal.MessagingChannelRequestTest" time="0.093"/>
  <testcase name="testNonAffinityRouting[11: transport=NIO, ssl=OPEN_SSL, worker-threads=5, nio-threads=0]" classname="io.hekate.messaging.internal.MessagingChannelRequestTest" time="0.114"/>
  <testcase name="testLoadBalanceReturnsNull[11: transport=NIO, ssl=OPEN_SSL, worker-threads=5, nio-threads=0]" classname="io.hekate.messaging.internal.MessagingChannelRequestTest" time="0.035"/>
  <testcase name="testRouteToNonExistingNode[11: transport=NIO, ssl=OPEN_SSL, worker-threads=5, nio-threads=0]" classname="io.hekate.messaging.internal.MessagingChannelRequestTest" time="0.031"/>
  <testcase name="testNetworkDisconnectWhileSending[11: transport=NIO, ssl=OPEN_SSL, worker-threads=5, nio-threads=0]" classname="io.hekate.messaging.internal.MessagingChannelRequestTest" time="0.027"/>
  <testcase name="testInterceptor[11: transport=NIO, ssl=OPEN_SSL, worker-threads=5, nio-threads=0]" classname="io.hekate.messaging.internal.MessagingChannelRequestTest" time="0.088"/>
  <testcase name="testFuture[11: transport=NIO, ssl=OPEN_SSL, worker-threads=5, nio-threads=0]" classname="io.hekate.messaging.internal.MessagingChannelRequestTest" time="0.118"/>
  <testcase name="testNonDeserializableResponse[11: transport=NIO, ssl=OPEN_SSL, worker-threads=5, nio-threads=0]" classname="io.hekate.messaging.internal.MessagingChannelRequestTest" time="0.046"/>
  <testcase name="testAffinityRouting[11: transport=NIO, ssl=OPEN_SSL, worker-threads=5, nio-threads=0]" classname="io.hekate.messaging.internal.MessagingChannelRequestTest" time="0.495"/>
  <testcase name="testServerReplyAfterStop[11: transport=NIO, ssl=OPEN_SSL, worker-threads=5, nio-threads=0]" classname="io.hekate.messaging.internal.MessagingChannelRequestTest" time="0.046"/>
  <testcase name="testNonSerializableRequest[11: transport=NIO, ssl=OPEN_SSL, worker-threads=5, nio-threads=0]" classname="io.hekate.messaging.internal.MessagingChannelRequestTest" time="0.043"/>
  <testcase name="testNoFailuresWithSmallIdleTimeout[11: transport=NIO, ssl=OPEN_SSL, worker-threads=5, nio-threads=0]" classname="io.hekate.messaging.internal.MessagingChannelRequestTest" time="0.53"/>
  <testcase name="testNetworkDisconnectWhileReplying[11: transport=NIO, ssl=OPEN_SSL, worker-threads=5, nio-threads=0]" classname="io.hekate.messaging.internal.MessagingChannelRequestTest" time="0.036"/>
  <testcase name="testUnknownNodeFuture[12: transport=EPOLL, worker-threads=0, nio-threads=1]" classname="io.hekate.messaging.internal.MessagingChannelRequestTest" time="0.011"/>
  <testcase name="testRequestOnClusterEvent[12: transport=EPOLL, worker-threads=0, nio-threads=1]" classname="io.hekate.messaging.internal.MessagingChannelRequestTest" time="0.025"/>
  <testcase name="testNetworkDisconnectWhileReceiving[12: transport=EPOLL, worker-threads=0, nio-threads=1]" classname="io.hekate.messaging.internal.MessagingChannelRequestTest" time="0.046"/>
  <testcase name="testNonDeSerializableRequest[12: transport=EPOLL, worker-threads=0, nio-threads=1]" classname="io.hekate.messaging.internal.MessagingChannelRequestTest" time="0.035"/>
  <testcase name="testNonSerializableResponse[12: transport=EPOLL, worker-threads=0, nio-threads=1]" classname="io.hekate.messaging.internal.MessagingChannelRequestTest" time="0.04"/>
  <testcase name="testLoadBalanceFailure[12: transport=EPOLL, worker-threads=0, nio-threads=1]" classname="io.hekate.messaging.internal.MessagingChannelRequestTest" time="0.026"/>
  <testcase name="testResponseFailure[12: transport=EPOLL, worker-threads=0, nio-threads=1]" classname="io.hekate.messaging.internal.MessagingChannelRequestTest" time="0.031"/>
  <testcase name="testClosedChannel[12: transport=EPOLL, worker-threads=0, nio-threads=1]" classname="io.hekate.messaging.internal.MessagingChannelRequestTest" time="0.01"/>
  <testcase name="testChannelCloseWhileRouting[12: transport=EPOLL, worker-threads=0, nio-threads=1]" classname="io.hekate.messaging.internal.MessagingChannelRequestTest" time="0.076"/>
  <testcase name="testNoReceiver[12: transport=EPOLL, worker-threads=0, nio-threads=1]" classname="io.hekate.messaging.internal.MessagingChannelRequestTest" time="0.01"/>
  <testcase name="testUnknownNodeCallback[12: transport=EPOLL, worker-threads=0, nio-threads=1]" classname="io.hekate.messaging.internal.MessagingChannelRequestTest" time="1.013"/>
  <testcase name="testReplyCallback[12: transport=EPOLL, worker-threads=0, nio-threads=1]" classname="io.hekate.messaging.internal.MessagingChannelRequestTest" time="0.04"/>
  <testcase name="testChannelCloseWhileReceiving[12: transport=EPOLL, worker-threads=0, nio-threads=1]" classname="io.hekate.messaging.internal.MessagingChannelRequestTest" time="0.171"/>
  <testcase name="testIdleTimeout[12: transport=EPOLL, worker-threads=0, nio-threads=1]" classname="io.hekate.messaging.internal.MessagingChannelRequestTest" time="1.38"/>
  <testcase name="testFutureUninterruptedly[12: transport=EPOLL, worker-threads=0, nio-threads=1]" classname="io.hekate.messaging.internal.MessagingChannelRequestTest" time="0.051"/>
  <testcase name="testIdleTimeoutWithPendingResponse[12: transport=EPOLL, worker-threads=0, nio-threads=1]" classname="io.hekate.messaging.internal.MessagingChannelRequestTest" time="3.128"/>
  <testcase name="testTopologyChange[12: transport=EPOLL, worker-threads=0, nio-threads=1]" classname="io.hekate.messaging.internal.MessagingChannelRequestTest" time="0.146"/>
  <testcase name="testChannelCloseWhileSending[12: transport=EPOLL, worker-threads=0, nio-threads=1]" classname="io.hekate.messaging.internal.MessagingChannelRequestTest" time="0.166"/>
  <testcase name="testCallback[12: transport=EPOLL, worker-threads=0, nio-threads=1]" classname="io.hekate.messaging.internal.MessagingChannelRequestTest" time="0.081"/>
  <testcase name="testNonAffinityRouting[12: transport=EPOLL, worker-threads=0, nio-threads=1]" classname="io.hekate.messaging.internal.MessagingChannelRequestTest" time="0.085"/>
  <testcase name="testLoadBalanceReturnsNull[12: transport=EPOLL, worker-threads=0, nio-threads=1]" classname="io.hekate.messaging.internal.MessagingChannelRequestTest" time="0.03"/>
  <testcase name="testRouteToNonExistingNode[12: transport=EPOLL, worker-threads=0, nio-threads=1]" classname="io.hekate.messaging.internal.MessagingChannelRequestTest" time="0.032"/>
  <testcase name="testNetworkDisconnectWhileSending[12: transport=EPOLL, worker-threads=0, nio-threads=1]" classname="io.hekate.messaging.internal.MessagingChannelRequestTest" time="0.029"/>
  <testcase name="testInterceptor[12: transport=EPOLL, worker-threads=0, nio-threads=1]" classname="io.hekate.messaging.internal.MessagingChannelRequestTest" time="0.081"/>
  <testcase name="testFuture[12: transport=EPOLL, worker-threads=0, nio-threads=1]" classname="io.hekate.messaging.internal.MessagingChannelRequestTest" time="0.063"/>
  <testcase name="testNonDeserializableResponse[12: transport=EPOLL, worker-threads=0, nio-threads=1]" classname="io.hekate.messaging.internal.MessagingChannelRequestTest" time="0.056"/>
  <testcase name="testAffinityRouting[12: transport=EPOLL, worker-threads=0, nio-threads=1]" classname="io.hekate.messaging.internal.MessagingChannelRequestTest" time="0.194"/>
  <testcase name="testServerReplyAfterStop[12: transport=EPOLL, worker-threads=0, nio-threads=1]" classname="io.hekate.messaging.internal.MessagingChannelRequestTest" time="0.065"/>
  <testcase name="testNonSerializableRequest[12: transport=EPOLL, worker-threads=0, nio-threads=1]" classname="io.hekate.messaging.internal.MessagingChannelRequestTest" time="0.033"/>
  <testcase name="testNoFailuresWithSmallIdleTimeout[12: transport=EPOLL, worker-threads=0, nio-threads=1]" classname="io.hekate.messaging.internal.MessagingChannelRequestTest" time="0.265"/>
  <testcase name="testNetworkDisconnectWhileReplying[12: transport=EPOLL, worker-threads=0, nio-threads=1]" classname="io.hekate.messaging.internal.MessagingChannelRequestTest" time="0.027"/>
  <testcase name="testUnknownNodeFuture[13: transport=EPOLL, worker-threads=1, nio-threads=1]" classname="io.hekate.messaging.internal.MessagingChannelRequestTest" time="0.01"/>
  <testcase name="testRequestOnClusterEvent[13: transport=EPOLL, worker-threads=1, nio-threads=1]" classname="io.hekate.messaging.internal.MessagingChannelRequestTest" time="0.032"/>
  <testcase name="testNetworkDisconnectWhileReceiving[13: transport=EPOLL, worker-threads=1, nio-threads=1]" classname="io.hekate.messaging.internal.MessagingChannelRequestTest" time="0.031"/>
  <testcase name="testNonDeSerializableRequest[13: transport=EPOLL, worker-threads=1, nio-threads=1]" classname="io.hekate.messaging.internal.MessagingChannelRequestTest" time="0.037"/>
  <testcase name="testNonSerializableResponse[13: transport=EPOLL, worker-threads=1, nio-threads=1]" classname="io.hekate.messaging.internal.MessagingChannelRequestTest" time="0.035"/>
  <testcase name="testLoadBalanceFailure[13: transport=EPOLL, worker-threads=1, nio-threads=1]" classname="io.hekate.messaging.internal.MessagingChannelRequestTest" time="0.048"/>
  <testcase name="testResponseFailure[13: transport=EPOLL, worker-threads=1, nio-threads=1]" classname="io.hekate.messaging.internal.MessagingChannelRequestTest" time="0.029"/>
  <testcase name="testClosedChannel[13: transport=EPOLL, worker-threads=1, nio-threads=1]" classname="io.hekate.messaging.internal.MessagingChannelRequestTest" time="0.011"/>
  <testcase name="testChannelCloseWhileRouting[13: transport=EPOLL, worker-threads=1, nio-threads=1]" classname="io.hekate.messaging.internal.MessagingChannelRequestTest" time="0.081"/>
  <testcase name="testNoReceiver[13: transport=EPOLL, worker-threads=1, nio-threads=1]" classname="io.hekate.messaging.internal.MessagingChannelRequestTest" time="0.011"/>
  <testcase name="testUnknownNodeCallback[13: transport=EPOLL, worker-threads=1, nio-threads=1]" classname="io.hekate.messaging.internal.MessagingChannelRequestTest" time="0.011"/>
  <testcase name="testReplyCallback[13: transport=EPOLL, worker-threads=1, nio-threads=1]" classname="io.hekate.messaging.internal.MessagingChannelRequestTest" time="0.031"/>
  <testcase name="testChannelCloseWhileReceiving[13: transport=EPOLL, worker-threads=1, nio-threads=1]" classname="io.hekate.messaging.internal.MessagingChannelRequestTest" time="0.209"/>
  <testcase name="testIdleTimeout[13: transport=EPOLL, worker-threads=1, nio-threads=1]" classname="io.hekate.messaging.internal.MessagingChannelRequestTest" time="1.36"/>
  <testcase name="testFutureUninterruptedly[13: transport=EPOLL, worker-threads=1, nio-threads=1]" classname="io.hekate.messaging.internal.MessagingChannelRequestTest" time="0.066"/>
  <testcase name="testIdleTimeoutWithPendingResponse[13: transport=EPOLL, worker-threads=1, nio-threads=1]" classname="io.hekate.messaging.internal.MessagingChannelRequestTest" time="3.163"/>
  <testcase name="testTopologyChange[13: transport=EPOLL, worker-threads=1, nio-threads=1]" classname="io.hekate.messaging.internal.MessagingChannelRequestTest" time="0.161"/>
  <testcase name="testChannelCloseWhileSending[13: transport=EPOLL, worker-threads=1, nio-threads=1]" classname="io.hekate.messaging.internal.MessagingChannelRequestTest" time="0.198"/>
  <testcase name="testCallback[13: transport=EPOLL, worker-threads=1, nio-threads=1]" classname="io.hekate.messaging.internal.MessagingChannelRequestTest" time="0.059"/>
  <testcase name="testNonAffinityRouting[13: transport=EPOLL, worker-threads=1, nio-threads=1]" classname="io.hekate.messaging.internal.MessagingChannelRequestTest" time="0.088"/>
  <testcase name="testLoadBalanceReturnsNull[13: transport=EPOLL, worker-threads=1, nio-threads=1]" classname="io.hekate.messaging.internal.MessagingChannelRequestTest" time="0.032"/>
  <testcase name="testRouteToNonExistingNode[13: transport=EPOLL, worker-threads=1, nio-threads=1]" classname="io.hekate.messaging.internal.MessagingChannelRequestTest" time="0.03"/>
  <testcase name="testNetworkDisconnectWhileSending[13: transport=EPOLL, worker-threads=1, nio-threads=1]" classname="io.hekate.messaging.internal.MessagingChannelRequestTest" time="0.03"/>
  <testcase name="testInterceptor[13: transport=EPOLL, worker-threads=1, nio-threads=1]" classname="io.hekate.messaging.internal.MessagingChannelRequestTest" time="0.076"/>
  <testcase name="testFuture[13: transport=EPOLL, worker-threads=1, nio-threads=1]" classname="io.hekate.messaging.internal.MessagingChannelRequestTest" time="0.06"/>
  <testcase name="testNonDeserializableResponse[13: transport=EPOLL, worker-threads=1, nio-threads=1]" classname="io.hekate.messaging.internal.MessagingChannelRequestTest" time="0.034"/>
  <testcase name="testAffinityRouting[13: transport=EPOLL, worker-threads=1, nio-threads=1]" classname="io.hekate.messaging.internal.MessagingChannelRequestTest" time="0.324"/>
  <testcase name="testServerReplyAfterStop[13: transport=EPOLL, worker-threads=1, nio-threads=1]" classname="io.hekate.messaging.internal.MessagingChannelRequestTest" time="0.034"/>
  <testcase name="testNonSerializableRequest[13: transport=EPOLL, worker-threads=1, nio-threads=1]" classname="io.hekate.messaging.internal.MessagingChannelRequestTest" time="0.034"/>
  <testcase name="testNoFailuresWithSmallIdleTimeout[13: transport=EPOLL, worker-threads=1, nio-threads=1]" classname="io.hekate.messaging.internal.MessagingChannelRequestTest" time="0.277"/>
  <testcase name="testNetworkDisconnectWhileReplying[13: transport=EPOLL, worker-threads=1, nio-threads=1]" classname="io.hekate.messaging.internal.MessagingChannelRequestTest" time="0.027"/>
  <testcase name="testUnknownNodeFuture[14: transport=EPOLL, worker-threads=4, nio-threads=1]" classname="io.hekate.messaging.internal.MessagingChannelRequestTest" time="0.026"/>
  <testcase name="testRequestOnClusterEvent[14: transport=EPOLL, worker-threads=4, nio-threads=1]" classname="io.hekate.messaging.internal.MessagingChannelRequestTest" time="0.027"/>
  <testcase name="testNetworkDisconnectWhileReceiving[14: transport=EPOLL, worker-threads=4, nio-threads=1]" classname="io.hekate.messaging.internal.MessagingChannelRequestTest" time="0.031"/>
  <testcase name="testNonDeSerializableRequest[14: transport=EPOLL, worker-threads=4, nio-threads=1]" classname="io.hekate.messaging.internal.MessagingChannelRequestTest" time="0.035"/>
  <testcase name="testNonSerializableResponse[14: transport=EPOLL, worker-threads=4, nio-threads=1]" classname="io.hekate.messaging.internal.MessagingChannelRequestTest" time="0.033"/>
  <testcase name="testLoadBalanceFailure[14: transport=EPOLL, worker-threads=4, nio-threads=1]" classname="io.hekate.messaging.internal.MessagingChannelRequestTest" time="0.032"/>
  <testcase name="testResponseFailure[14: transport=EPOLL, worker-threads=4, nio-threads=1]" classname="io.hekate.messaging.internal.MessagingChannelRequestTest" time="0.035"/>
  <testcase name="testClosedChannel[14: transport=EPOLL, worker-threads=4, nio-threads=1]" classname="io.hekate.messaging.internal.MessagingChannelRequestTest" time="0.012"/>
  <testcase name="testChannelCloseWhileRouting[14: transport=EPOLL, worker-threads=4, nio-threads=1]" classname="io.hekate.messaging.internal.MessagingChannelRequestTest" time="0.091"/>
  <testcase name="testNoReceiver[14: transport=EPOLL, worker-threads=4, nio-threads=1]" classname="io.hekate.messaging.internal.MessagingChannelRequestTest" time="0.013"/>
  <testcase name="testUnknownNodeCallback[14: transport=EPOLL, worker-threads=4, nio-threads=1]" classname="io.hekate.messaging.internal.MessagingChannelRequestTest" time="0.012"/>
  <testcase name="testReplyCallback[14: transport=EPOLL, worker-threads=4, nio-threads=1]" classname="io.hekate.messaging.internal.MessagingChannelRequestTest" time="0.053"/>
  <testcase name="testChannelCloseWhileReceiving[14: transport=EPOLL, worker-threads=4, nio-threads=1]" classname="io.hekate.messaging.internal.MessagingChannelRequestTest" time="0.202"/>
  <testcase name="testIdleTimeout[14: transport=EPOLL, worker-threads=4, nio-threads=1]" classname="io.hekate.messaging.internal.MessagingChannelRequestTest" time="1.355"/>
  <testcase name="testFutureUninterruptedly[14: transport=EPOLL, worker-threads=4, nio-threads=1]" classname="io.hekate.messaging.internal.MessagingChannelRequestTest" time="0.064"/>
  <testcase name="testIdleTimeoutWithPendingResponse[14: transport=EPOLL, worker-threads=4, nio-threads=1]" classname="io.hekate.messaging.internal.MessagingChannelRequestTest" time="3.17"/>
  <testcase name="testTopologyChange[14: transport=EPOLL, worker-threads=4, nio-threads=1]" classname="io.hekate.messaging.internal.MessagingChannelRequestTest" time="0.166"/>
  <testcase name="testChannelCloseWhileSending[14: transport=EPOLL, worker-threads=4, nio-threads=1]" classname="io.hekate.messaging.internal.MessagingChannelRequestTest" time="0.209"/>
  <testcase name="testCallback[14: transport=EPOLL, worker-threads=4, nio-threads=1]" classname="io.hekate.messaging.internal.MessagingChannelRequestTest" time="0.068"/>
  <testcase name="testNonAffinityRouting[14: transport=EPOLL, worker-threads=4, nio-threads=1]" classname="io.hekate.messaging.internal.MessagingChannelRequestTest" time="0.092"/>
  <testcase name="testLoadBalanceReturnsNull[14: transport=EPOLL, worker-threads=4, nio-threads=1]" classname="io.hekate.messaging.internal.MessagingChannelRequestTest" time="0.033"/>
  <testcase name="testRouteToNonExistingNode[14: transport=EPOLL, worker-threads=4, nio-threads=1]" classname="io.hekate.messaging.internal.MessagingChannelRequestTest" time="0.033"/>
  <testcase name="testNetworkDisconnectWhileSending[14: transport=EPOLL, worker-threads=4, nio-threads=1]" classname="io.hekate.messaging.internal.MessagingChannelRequestTest" time="0.032"/>
  <testcase name="testInterceptor[14: transport=EPOLL, worker-threads=4, nio-threads=1]" classname="io.hekate.messaging.internal.MessagingChannelRequestTest" time="0.09"/>
  <testcase name="testFuture[14: transport=EPOLL, worker-threads=4, nio-threads=1]" classname="io.hekate.messaging.internal.MessagingChannelRequestTest" time="0.062"/>
  <testcase name="testNonDeserializableResponse[14: transport=EPOLL, worker-threads=4, nio-threads=1]" classname="io.hekate.messaging.internal.MessagingChannelRequestTest" time="0.033"/>
  <testcase name="testAffinityRouting[14: transport=EPOLL, worker-threads=4, nio-threads=1]" classname="io.hekate.messaging.internal.MessagingChannelRequestTest" time="0.422"/>
  <testcase name="testServerReplyAfterStop[14: transport=EPOLL, worker-threads=4, nio-threads=1]" classname="io.hekate.messaging.internal.MessagingChannelRequestTest" time="0.031"/>
  <testcase name="testNonSerializableRequest[14: transport=EPOLL, worker-threads=4, nio-threads=1]" classname="io.hekate.messaging.internal.MessagingChannelRequestTest" time="0.033"/>
  <testcase name="testNoFailuresWithSmallIdleTimeout[14: transport=EPOLL, worker-threads=4, nio-threads=1]" classname="io.hekate.messaging.internal.MessagingChannelRequestTest" time="0.336"/>
  <testcase name="testNetworkDisconnectWhileReplying[14: transport=EPOLL, worker-threads=4, nio-threads=1]" classname="io.hekate.messaging.internal.MessagingChannelRequestTest" time="0.044"/>
  <testcase name="testUnknownNodeFuture[15: transport=EPOLL, worker-threads=5, nio-threads=0]" classname="io.hekate.messaging.internal.MessagingChannelRequestTest" time="0.01"/>
  <testcase name="testRequestOnClusterEvent[15: transport=EPOLL, worker-threads=5, nio-threads=0]" classname="io.hekate.messaging.internal.MessagingChannelRequestTest" time="0.028"/>
  <testcase name="testNetworkDisconnectWhileReceiving[15: transport=EPOLL, worker-threads=5, nio-threads=0]" classname="io.hekate.messaging.internal.MessagingChannelRequestTest" time="0.026"/>
  <testcase name="testNonDeSerializableRequest[15: transport=EPOLL, worker-threads=5, nio-threads=0]" classname="io.hekate.messaging.internal.MessagingChannelRequestTest" time="0.028"/>
  <testcase name="testNonSerializableResponse[15: transport=EPOLL, worker-threads=5, nio-threads=0]" classname="io.hekate.messaging.internal.MessagingChannelRequestTest" time="0.033"/>
  <testcase name="testLoadBalanceFailure[15: transport=EPOLL, worker-threads=5, nio-threads=0]" classname="io.hekate.messaging.internal.MessagingChannelRequestTest" time="0.031"/>
  <testcase name="testResponseFailure[15: transport=EPOLL, worker-threads=5, nio-threads=0]" classname="io.hekate.messaging.internal.MessagingChannelRequestTest" time="0.035"/>
  <testcase name="testClosedChannel[15: transport=EPOLL, worker-threads=5, nio-threads=0]" classname="io.hekate.messaging.internal.MessagingChannelRequestTest" time="0.012"/>
  <testcase name="testChannelCloseWhileRouting[15: transport=EPOLL, worker-threads=5, nio-threads=0]" classname="io.hekate.messaging.internal.MessagingChannelRequestTest" time="0.083"/>
  <testcase name="testNoReceiver[15: transport=EPOLL, worker-threads=5, nio-threads=0]" classname="io.hekate.messaging.internal.MessagingChannelRequestTest" time="0.012"/>
  <testcase name="testUnknownNodeCallback[15: transport=EPOLL, worker-threads=5, nio-threads=0]" classname="io.hekate.messaging.internal.MessagingChannelRequestTest" time="0.011"/>
  <testcase name="testReplyCallback[15: transport=EPOLL, worker-threads=5, nio-threads=0]" classname="io.hekate.messaging.internal.MessagingChannelRequestTest" time="0.052"/>
  <testcase name="testChannelCloseWhileReceiving[15: transport=EPOLL, worker-threads=5, nio-threads=0]" classname="io.hekate.messaging.internal.MessagingChannelRequestTest" time="0.194"/>
  <testcase name="testIdleTimeout[15: transport=EPOLL, worker-threads=5, nio-threads=0]" classname="io.hekate.messaging.internal.MessagingChannelRequestTest" time="2.359"/>
  <testcase name="testFutureUninterruptedly[15: transport=EPOLL, worker-threads=5, nio-threads=0]" classname="io.hekate.messaging.internal.MessagingChannelRequestTest" time="0.069"/>
  <testcase name="testIdleTimeoutWithPendingResponse[15: transport=EPOLL, worker-threads=5, nio-threads=0]" classname="io.hekate.messaging.internal.MessagingChannelRequestTest" time="3.137"/>
  <testcase name="testTopologyChange[15: transport=EPOLL, worker-threads=5, nio-threads=0]" classname="io.hekate.messaging.internal.MessagingChannelRequestTest" time="0.147"/>
  <testcase name="testChannelCloseWhileSending[15: transport=EPOLL, worker-threads=5, nio-threads=0]" classname="io.hekate.messaging.internal.MessagingChannelRequestTest" time="0.201"/>
  <testcase name="testCallback[15: transport=EPOLL, worker-threads=5, nio-threads=0]" classname="io.hekate.messaging.internal.MessagingChannelRequestTest" time="0.062"/>
  <testcase name="testNonAffinityRouting[15: transport=EPOLL, worker-threads=5, nio-threads=0]" classname="io.hekate.messaging.internal.MessagingChannelRequestTest" time="0.091"/>
  <testcase name="testLoadBalanceReturnsNull[15: transport=EPOLL, worker-threads=5, nio-threads=0]" classname="io.hekate.messaging.internal.MessagingChannelRequestTest" time="0.053"/>
  <testcase name="testRouteToNonExistingNode[15: transport=EPOLL, worker-threads=5, nio-threads=0]" classname="io.hekate.messaging.internal.MessagingChannelRequestTest" time="0.031"/>
  <testcase name="testNetworkDisconnectWhileSending[15: transport=EPOLL, worker-threads=5, nio-threads=0]" classname="io.hekate.messaging.internal.MessagingChannelRequestTest" time="0.028"/>
  <testcase name="testInterceptor[15: transport=EPOLL, worker-threads=5, nio-threads=0]" classname="io.hekate.messaging.internal.MessagingChannelRequestTest" time="0.062"/>
  <testcase name="testFuture[15: transport=EPOLL, worker-threads=5, nio-threads=0]" classname="io.hekate.messaging.internal.MessagingChannelRequestTest" time="0.067"/>
  <testcase name="testNonDeserializableResponse[15: transport=EPOLL, worker-threads=5, nio-threads=0]" classname="io.hekate.messaging.internal.MessagingChannelRequestTest" time="0.036"/>
  <testcase name="testAffinityRouting[15: transport=EPOLL, worker-threads=5, nio-threads=0]" classname="io.hekate.messaging.internal.MessagingChannelRequestTest" time="0.382"/>
  <testcase name="testServerReplyAfterStop[15: transport=EPOLL, worker-threads=5, nio-threads=0]" classname="io.hekate.messaging.internal.MessagingChannelRequestTest" time="0.032"/>
  <testcase name="testNonSerializableRequest[15: transport=EPOLL, worker-threads=5, nio-threads=0]" classname="io.hekate.messaging.internal.MessagingChannelRequestTest" time="0.055"/>
  <testcase name="testNoFailuresWithSmallIdleTimeout[15: transport=EPOLL, worker-threads=5, nio-threads=0]" classname="io.hekate.messaging.internal.MessagingChannelRequestTest" time="0.352"/>
  <testcase name="testNetworkDisconnectWhileReplying[15: transport=EPOLL, worker-threads=5, nio-threads=0]" classname="io.hekate.messaging.internal.MessagingChannelRequestTest" time="0.031"/>
  <testcase name="testUnknownNodeFuture[16: transport=EPOLL, ssl=JDK, worker-threads=0, nio-threads=1]" classname="io.hekate.messaging.internal.MessagingChannelRequestTest" time="0.013"/>
  <testcase name="testRequestOnClusterEvent[16: transport=EPOLL, ssl=JDK, worker-threads=0, nio-threads=1]" classname="io.hekate.messaging.internal.MessagingChannelRequestTest" time="0.068"/>
  <testcase name="testNetworkDisconnectWhileReceiving[16: transport=EPOLL, ssl=JDK, worker-threads=0, nio-threads=1]" classname="io.hekate.messaging.internal.MessagingChannelRequestTest" time="0.068"/>
  <testcase name="testNonDeSerializableRequest[16: transport=EPOLL, ssl=JDK, worker-threads=0, nio-threads=1]" classname="io.hekate.messaging.internal.MessagingChannelRequestTest" time="0.1"/>
  <testcase name="testNonSerializableResponse[16: transport=EPOLL, ssl=JDK, worker-threads=0, nio-threads=1]" classname="io.hekate.messaging.internal.MessagingChannelRequestTest" time="0.091"/>
  <testcase name="testLoadBalanceFailure[16: transport=EPOLL, ssl=JDK, worker-threads=0, nio-threads=1]" classname="io.hekate.messaging.internal.MessagingChannelRequestTest" time="1.068"/>
  <testcase name="testResponseFailure[16: transport=EPOLL, ssl=JDK, worker-threads=0, nio-threads=1]" classname="io.hekate.messaging.internal.MessagingChannelRequestTest" time="0.077"/>
  <testcase name="testClosedChannel[16: transport=EPOLL, ssl=JDK, worker-threads=0, nio-threads=1]" classname="io.hekate.messaging.internal.MessagingChannelRequestTest" time="0.027"/>
  <testcase name="testChannelCloseWhileRouting[16: transport=EPOLL, ssl=JDK, worker-threads=0, nio-threads=1]" classname="io.hekate.messaging.internal.MessagingChannelRequestTest" time="0.191"/>
  <testcase name="testNoReceiver[16: transport=EPOLL, ssl=JDK, worker-threads=0, nio-threads=1]" classname="io.hekate.messaging.internal.MessagingChannelRequestTest" time="0.013"/>
  <testcase name="testUnknownNodeCallback[16: transport=EPOLL, ssl=JDK, worker-threads=0, nio-threads=1]" classname="io.hekate.messaging.internal.MessagingChannelRequestTest" time="0.028"/>
  <testcase name="testReplyCallback[16: transport=EPOLL, ssl=JDK, worker-threads=0, nio-threads=1]" classname="io.hekate.messaging.internal.MessagingChannelRequestTest" time="0.068"/>
  <testcase name="testChannelCloseWhileReceiving[16: transport=EPOLL, ssl=JDK, worker-threads=0, nio-threads=1]" classname="io.hekate.messaging.internal.MessagingChannelRequestTest" time="0.304"/>
  <testcase name="testIdleTimeout[16: transport=EPOLL, ssl=JDK, worker-threads=0, nio-threads=1]" classname="io.hekate.messaging.internal.MessagingChannelRequestTest" time="1.425"/>
  <testcase name="testFutureUninterruptedly[16: transport=EPOLL, ssl=JDK, worker-threads=0, nio-threads=1]" classname="io.hekate.messaging.internal.MessagingChannelRequestTest" time="0.18"/>
  <testcase name="testIdleTimeoutWithPendingResponse[16: transport=EPOLL, ssl=JDK, worker-threads=0, nio-threads=1]" classname="io.hekate.messaging.internal.MessagingChannelRequestTest" time="3.267"/>
  <testcase name="testTopologyChange[16: transport=EPOLL, ssl=JDK, worker-threads=0, nio-threads=1]" classname="io.hekate.messaging.internal.MessagingChannelRequestTest" time="0.43"/>
  <testcase name="testChannelCloseWhileSending[16: transport=EPOLL, ssl=JDK, worker-threads=0, nio-threads=1]" classname="io.hekate.messaging.internal.MessagingChannelRequestTest" time="0.313"/>
  <testcase name="testCallback[16: transport=EPOLL, ssl=JDK, worker-threads=0, nio-threads=1]" classname="io.hekate.messaging.internal.MessagingChannelRequestTest" time="0.175"/>
  <testcase name="testNonAffinityRouting[16: transport=EPOLL, ssl=JDK, worker-threads=0, nio-threads=1]" classname="io.hekate.messaging.internal.MessagingChannelRequestTest" time="0.242"/>
  <testcase name="testLoadBalanceReturnsNull[16: transport=EPOLL, ssl=JDK, worker-threads=0, nio-threads=1]" classname="io.hekate.messaging.internal.MessagingChannelRequestTest" time="0.092"/>
  <testcase name="testRouteToNonExistingNode[16: transport=EPOLL, ssl=JDK, worker-threads=0, nio-threads=1]" classname="io.hekate.messaging.internal.MessagingChannelRequestTest" time="0.066"/>
  <testcase name="testNetworkDisconnectWhileSending[16: transport=EPOLL, ssl=JDK, worker-threads=0, nio-threads=1]" classname="io.hekate.messaging.internal.MessagingChannelRequestTest" time="0.061"/>
  <testcase name="testInterceptor[16: transport=EPOLL, ssl=JDK, worker-threads=0, nio-threads=1]" classname="io.hekate.messaging.internal.MessagingChannelRequestTest" time="0.163"/>
  <testcase name="testFuture[16: transport=EPOLL, ssl=JDK, worker-threads=0, nio-threads=1]" classname="io.hekate.messaging.internal.MessagingChannelRequestTest" time="0.167"/>
  <testcase name="testNonDeserializableResponse[16: transport=EPOLL, ssl=JDK, worker-threads=0, nio-threads=1]" classname="io.hekate.messaging.internal.MessagingChannelRequestTest" time="0.074"/>
  <testcase name="testAffinityRouting[16: transport=EPOLL, ssl=JDK, worker-threads=0, nio-threads=1]" classname="io.hekate.messaging.internal.MessagingChannelRequestTest" time="0.379"/>
  <testcase name="testServerReplyAfterStop[16: transport=EPOLL, ssl=JDK, worker-threads=0, nio-threads=1]" classname="io.hekate.messaging.internal.MessagingChannelRequestTest" time="0.066"/>
  <testcase name="testNonSerializableRequest[16: transport=EPOLL, ssl=JDK, worker-threads=0, nio-threads=1]" classname="io.hekate.messaging.internal.MessagingChannelRequestTest" time="0.067"/>
  <testcase name="testNoFailuresWithSmallIdleTimeout[16: transport=EPOLL, ssl=JDK, worker-threads=0, nio-threads=1]" classname="io.hekate.messaging.internal.MessagingChannelRequestTest" time="0.454"/>
  <testcase name="testNetworkDisconnectWhileReplying[16: transport=EPOLL, ssl=JDK, worker-threads=0, nio-threads=1]" classname="io.hekate.messaging.internal.MessagingChannelRequestTest" time="0.052"/>
  <testcase name="testUnknownNodeFuture[17: transport=EPOLL, ssl=JDK, worker-threads=1, nio-threads=1]" classname="io.hekate.messaging.internal.MessagingChannelRequestTest" time="0.011"/>
  <testcase name="testRequestOnClusterEvent[17: transport=EPOLL, ssl=JDK, worker-threads=1, nio-threads=1]" classname="io.hekate.messaging.internal.MessagingChannelRequestTest" time="0.056"/>
  <testcase name="testNetworkDisconnectWhileReceiving[17: transport=EPOLL, ssl=JDK, worker-threads=1, nio-threads=1]" classname="io.hekate.messaging.internal.MessagingChannelRequestTest" time="0.057"/>
  <testcase name="testNonDeSerializableRequest[17: transport=EPOLL, ssl=JDK, worker-threads=1, nio-threads=1]" classname="io.hekate.messaging.internal.MessagingChannelRequestTest" time="0.066"/>
  <testcase name="testNonSerializableResponse[17: transport=EPOLL, ssl=JDK, worker-threads=1, nio-threads=1]" classname="io.hekate.messaging.internal.MessagingChannelRequestTest" time="0.075"/>
  <testcase name="testLoadBalanceFailure[17: transport=EPOLL, ssl=JDK, worker-threads=1, nio-threads=1]" classname="io.hekate.messaging.internal.MessagingChannelRequestTest" time="0.065"/>
  <testcase name="testResponseFailure[17: transport=EPOLL, ssl=JDK, worker-threads=1, nio-threads=1]" classname="io.hekate.messaging.internal.MessagingChannelRequestTest" time="1.082"/>
  <testcase name="testClosedChannel[17: transport=EPOLL, ssl=JDK, worker-threads=1, nio-threads=1]" classname="io.hekate.messaging.internal.MessagingChannelRequestTest" time="0.015"/>
  <testcase name="testChannelCloseWhileRouting[17: transport=EPOLL, ssl=JDK, worker-threads=1, nio-threads=1]" classname="io.hekate.messaging.internal.MessagingChannelRequestTest" time="0.189"/>
  <testcase name="testNoReceiver[17: transport=EPOLL, ssl=JDK, worker-threads=1, nio-threads=1]" classname="io.hekate.messaging.internal.MessagingChannelRequestTest" time="0.013"/>
  <testcase name="testUnknownNodeCallback[17: transport=EPOLL, ssl=JDK, worker-threads=1, nio-threads=1]" classname="io.hekate.messaging.internal.MessagingChannelRequestTest" time="0.012"/>
  <testcase name="testReplyCallback[17: transport=EPOLL, ssl=JDK, worker-threads=1, nio-threads=1]" classname="io.hekate.messaging.internal.MessagingChannelRequestTest" time="0.067"/>
  <testcase name="testChannelCloseWhileReceiving[17: transport=EPOLL, ssl=JDK, worker-threads=1, nio-threads=1]" classname="io.hekate.messaging.internal.MessagingChannelRequestTest" time="0.319"/>
  <testcase name="testIdleTimeout[17: transport=EPOLL, ssl=JDK, worker-threads=1, nio-threads=1]" classname="io.hekate.messaging.internal.MessagingChannelRequestTest" time="1.363"/>
  <testcase name="testFutureUninterruptedly[17: transport=EPOLL, ssl=JDK, worker-threads=1, nio-threads=1]" classname="io.hekate.messaging.internal.MessagingChannelRequestTest" time="0.193"/>
  <testcase name="testIdleTimeoutWithPendingResponse[17: transport=EPOLL, ssl=JDK, worker-threads=1, nio-threads=1]" classname="io.hekate.messaging.internal.MessagingChannelRequestTest" time="3.245"/>
  <testcase name="testTopologyChange[17: transport=EPOLL, ssl=JDK, worker-threads=1, nio-threads=1]" classname="io.hekate.messaging.internal.MessagingChannelRequestTest" time="0.452"/>
  <testcase name="testChannelCloseWhileSending[17: transport=EPOLL, ssl=JDK, worker-threads=1, nio-threads=1]" classname="io.hekate.messaging.internal.MessagingChannelRequestTest" time="0.337"/>
  <testcase name="testCallback[17: transport=EPOLL, ssl=JDK, worker-threads=1, nio-threads=1]" classname="io.hekate.messaging.internal.MessagingChannelRequestTest" time="1.239"/>
  <testcase name="testNonAffinityRouting[17: transport=EPOLL, ssl=JDK, worker-threads=1, nio-threads=1]" classname="io.hekate.messaging.internal.MessagingChannelRequestTest" time="0.223"/>
  <testcase name="testLoadBalanceReturnsNull[17: transport=EPOLL, ssl=JDK, worker-threads=1, nio-threads=1]" classname="io.hekate.messaging.internal.MessagingChannelRequestTest" time="0.07"/>
  <testcase name="testRouteToNonExistingNode[17: transport=EPOLL, ssl=JDK, worker-threads=1, nio-threads=1]" classname="io.hekate.messaging.internal.MessagingChannelRequestTest" time="0.072"/>
  <testcase name="testNetworkDisconnectWhileSending[17: transport=EPOLL, ssl=JDK, worker-threads=1, nio-threads=1]" classname="io.hekate.messaging.internal.MessagingChannelRequestTest" time="0.067"/>
  <testcase name="testInterceptor[17: transport=EPOLL, ssl=JDK, worker-threads=1, nio-threads=1]" classname="io.hekate.messaging.internal.MessagingChannelRequestTest" time="0.169"/>
  <testcase name="testFuture[17: transport=EPOLL, ssl=JDK, worker-threads=1, nio-threads=1]" classname="io.hekate.messaging.internal.MessagingChannelRequestTest" time="0.176"/>
  <testcase name="testNonDeserializableResponse[17: transport=EPOLL, ssl=JDK, worker-threads=1, nio-threads=1]" classname="io.hekate.messaging.internal.MessagingChannelRequestTest" time="0.075"/>
  <testcase name="testAffinityRouting[17: transport=EPOLL, ssl=JDK, worker-threads=1, nio-threads=1]" classname="io.hekate.messaging.internal.MessagingChannelRequestTest" time="0.502"/>
  <testcase name="testServerReplyAfterStop[17: transport=EPOLL, ssl=JDK, worker-threads=1, nio-threads=1]" classname="io.hekate.messaging.internal.MessagingChannelRequestTest" time="0.073"/>
  <testcase name="testNonSerializableRequest[17: transport=EPOLL, ssl=JDK, worker-threads=1, nio-threads=1]" classname="io.hekate.messaging.internal.MessagingChannelRequestTest" time="0.095"/>
  <testcase name="testNoFailuresWithSmallIdleTimeout[17: transport=EPOLL, ssl=JDK, worker-threads=1, nio-threads=1]" classname="io.hekate.messaging.internal.MessagingChannelRequestTest" time="0.478"/>
  <testcase name="testNetworkDisconnectWhileReplying[17: transport=EPOLL, ssl=JDK, worker-threads=1, nio-threads=1]" classname="io.hekate.messaging.internal.MessagingChannelRequestTest" time="0.058"/>
  <testcase name="testUnknownNodeFuture[18: transport=EPOLL, ssl=JDK, worker-threads=4, nio-threads=1]" classname="io.hekate.messaging.internal.MessagingChannelRequestTest" time="0.012"/>
  <testcase name="testRequestOnClusterEvent[18: transport=EPOLL, ssl=JDK, worker-threads=4, nio-threads=1]" classname="io.hekate.messaging.internal.MessagingChannelRequestTest" time="0.067"/>
  <testcase name="testNetworkDisconnectWhileReceiving[18: transport=EPOLL, ssl=JDK, worker-threads=4, nio-threads=1]" classname="io.hekate.messaging.internal.MessagingChannelRequestTest" time="0.064"/>
  <testcase name="testNonDeSerializableRequest[18: transport=EPOLL, ssl=JDK, worker-threads=4, nio-threads=1]" classname="io.hekate.messaging.internal.MessagingChannelRequestTest" time="0.072"/>
  <testcase name="testNonSerializableResponse[18: transport=EPOLL, ssl=JDK, worker-threads=4, nio-threads=1]" classname="io.hekate.messaging.internal.MessagingChannelRequestTest" time="0.081"/>
  <testcase name="testLoadBalanceFailure[18: transport=EPOLL, ssl=JDK, worker-threads=4, nio-threads=1]" classname="io.hekate.messaging.internal.MessagingChannelRequestTest" time="0.071"/>
  <testcase name="testResponseFailure[18: transport=EPOLL, ssl=JDK, worker-threads=4, nio-threads=1]" classname="io.hekate.messaging.internal.MessagingChannelRequestTest" time="0.094"/>
  <testcase name="testClosedChannel[18: transport=EPOLL, ssl=JDK, worker-threads=4, nio-threads=1]" classname="io.hekate.messaging.internal.MessagingChannelRequestTest" time="0.011"/>
  <testcase name="testChannelCloseWhileRouting[18: transport=EPOLL, ssl=JDK, worker-threads=4, nio-threads=1]" classname="io.hekate.messaging.internal.MessagingChannelRequestTest" time="0.192"/>
  <testcase name="testNoReceiver[18: transport=EPOLL, ssl=JDK, worker-threads=4, nio-threads=1]" classname="io.hekate.messaging.internal.MessagingChannelRequestTest" time="0.014"/>
  <testcase name="testUnknownNodeCallback[18: transport=EPOLL, ssl=JDK, worker-threads=4, nio-threads=1]" classname="io.hekate.messaging.internal.MessagingChannelRequestTest" time="0.012"/>
  <testcase name="testReplyCallback[18: transport=EPOLL, ssl=JDK, worker-threads=4, nio-threads=1]" classname="io.hekate.messaging.internal.MessagingChannelRequestTest" time="0.075"/>
  <testcase name="testChannelCloseWhileReceiving[18: transport=EPOLL, ssl=JDK, worker-threads=4, nio-threads=1]" classname="io.hekate.messaging.internal.MessagingChannelRequestTest" time="0.339"/>
  <testcase name="testIdleTimeout[18: transport=EPOLL, ssl=JDK, worker-threads=4, nio-threads=1]" classname="io.hekate.messaging.internal.MessagingChannelRequestTest" time="1.422"/>
  <testcase name="testFutureUninterruptedly[18: transport=EPOLL, ssl=JDK, worker-threads=4, nio-threads=1]" classname="io.hekate.messaging.internal.MessagingChannelRequestTest" time="0.27"/>
  <testcase name="testIdleTimeoutWithPendingResponse[18: transport=EPOLL, ssl=JDK, worker-threads=4, nio-threads=1]" classname="io.hekate.messaging.internal.MessagingChannelRequestTest" time="3.25"/>
  <testcase name="testTopologyChange[18: transport=EPOLL, ssl=JDK, worker-threads=4, nio-threads=1]" classname="io.hekate.messaging.internal.MessagingChannelRequestTest" time="0.426"/>
  <testcase name="testChannelCloseWhileSending[18: transport=EPOLL, ssl=JDK, worker-threads=4, nio-threads=1]" classname="io.hekate.messaging.internal.MessagingChannelRequestTest" time="0.382"/>
  <testcase name="testCallback[18: transport=EPOLL, ssl=JDK, worker-threads=4, nio-threads=1]" classname="io.hekate.messaging.internal.MessagingChannelRequestTest" time="0.182"/>
  <testcase name="testNonAffinityRouting[18: transport=EPOLL, ssl=JDK, worker-threads=4, nio-threads=1]" classname="io.hekate.messaging.internal.MessagingChannelRequestTest" time="0.212"/>
  <testcase name="testLoadBalanceReturnsNull[18: transport=EPOLL, ssl=JDK, worker-threads=4, nio-threads=1]" classname="io.hekate.messaging.internal.MessagingChannelRequestTest" time="0.073"/>
  <testcase name="testRouteToNonExistingNode[18: transport=EPOLL, ssl=JDK, worker-threads=4, nio-threads=1]" classname="io.hekate.messaging.internal.MessagingChannelRequestTest" time="0.07"/>
  <testcase name="testNetworkDisconnectWhileSending[18: transport=EPOLL, ssl=JDK, worker-threads=4, nio-threads=1]" classname="io.hekate.messaging.internal.MessagingChannelRequestTest" time="0.065"/>
  <testcase name="testInterceptor[18: transport=EPOLL, ssl=JDK, worker-threads=4, nio-threads=1]" classname="io.hekate.messaging.internal.MessagingChannelRequestTest" time="0.185"/>
  <testcase name="testFuture[18: transport=EPOLL, ssl=JDK, worker-threads=4, nio-threads=1]" classname="io.hekate.messaging.internal.MessagingChannelRequestTest" time="0.232"/>
  <testcase name="testNonDeserializableResponse[18: transport=EPOLL, ssl=JDK, worker-threads=4, nio-threads=1]" classname="io.hekate.messaging.internal.MessagingChannelRequestTest" time="0.073"/>
  <testcase name="testAffinityRouting[18: transport=EPOLL, ssl=JDK, worker-threads=4, nio-threads=1]" classname="io.hekate.messaging.internal.MessagingChannelRequestTest" time="0.555"/>
  <testcase name="testServerReplyAfterStop[18: transport=EPOLL, ssl=JDK, worker-threads=4, nio-threads=1]" classname="io.hekate.messaging.internal.MessagingChannelRequestTest" time="0.068"/>
  <testcase name="testNonSerializableRequest[18: transport=EPOLL, ssl=JDK, worker-threads=4, nio-threads=1]" classname="io.hekate.messaging.internal.MessagingChannelRequestTest" time="0.068"/>
  <testcase name="testNoFailuresWithSmallIdleTimeout[18: transport=EPOLL, ssl=JDK, worker-threads=4, nio-threads=1]" classname="io.hekate.messaging.internal.MessagingChannelRequestTest" time="0.567"/>
  <testcase name="testNetworkDisconnectWhileReplying[18: transport=EPOLL, ssl=JDK, worker-threads=4, nio-threads=1]" classname="io.hekate.messaging.internal.MessagingChannelRequestTest" time="0.063"/>
  <testcase name="testUnknownNodeFuture[19: transport=EPOLL, ssl=JDK, worker-threads=5, nio-threads=0]" classname="io.hekate.messaging.internal.MessagingChannelRequestTest" time="0.012"/>
  <testcase name="testRequestOnClusterEvent[19: transport=EPOLL, ssl=JDK, worker-threads=5, nio-threads=0]" classname="io.hekate.messaging.internal.MessagingChannelRequestTest" time="0.066"/>
  <testcase name="testNetworkDisconnectWhileReceiving[19: transport=EPOLL, ssl=JDK, worker-threads=5, nio-threads=0]" classname="io.hekate.messaging.internal.MessagingChannelRequestTest" time="0.066"/>
  <testcase name="testNonDeSerializableRequest[19: transport=EPOLL, ssl=JDK, worker-threads=5, nio-threads=0]" classname="io.hekate.messaging.internal.MessagingChannelRequestTest" time="0.072"/>
  <testcase name="testNonSerializableResponse[19: transport=EPOLL, ssl=JDK, worker-threads=5, nio-threads=0]" classname="io.hekate.messaging.internal.MessagingChannelRequestTest" time="0.075"/>
  <testcase name="testLoadBalanceFailure[19: transport=EPOLL, ssl=JDK, worker-threads=5, nio-threads=0]" classname="io.hekate.messaging.internal.MessagingChannelRequestTest" time="0.07"/>
  <testcase name="testResponseFailure[19: transport=EPOLL, ssl=JDK, worker-threads=5, nio-threads=0]" classname="io.hekate.messaging.internal.MessagingChannelRequestTest" time="0.075"/>
  <testcase name="testClosedChannel[19: transport=EPOLL, ssl=JDK, worker-threads=5, nio-threads=0]" classname="io.hekate.messaging.internal.MessagingChannelRequestTest" time="0.013"/>
  <testcase name="testChannelCloseWhileRouting[19: transport=EPOLL, ssl=JDK, worker-threads=5, nio-threads=0]" classname="io.hekate.messaging.internal.MessagingChannelRequestTest" time="0.19"/>
  <testcase name="testNoReceiver[19: transport=EPOLL, ssl=JDK, worker-threads=5, nio-threads=0]" classname="io.hekate.messaging.internal.MessagingChannelRequestTest" time="0.032"/>
  <testcase name="testUnknownNodeCallback[19: transport=EPOLL, ssl=JDK, worker-threads=5, nio-threads=0]" classname="io.hekate.messaging.internal.MessagingChannelRequestTest" time="0.012"/>
  <testcase name="testReplyCallback[19: transport=EPOLL, ssl=JDK, worker-threads=5, nio-threads=0]" classname="io.hekate.messaging.internal.MessagingChannelRequestTest" time="0.066"/>
  <testcase name="testChannelCloseWhileReceiving[19: transport=EPOLL, ssl=JDK, worker-threads=5, nio-threads=0]" classname="io.hekate.messaging.internal.MessagingChannelRequestTest" time="0.359"/>
  <testcase name="testIdleTimeout[19: transport=EPOLL, ssl=JDK, worker-threads=5, nio-threads=0]" classname="io.hekate.messaging.internal.MessagingChannelRequestTest" time="1.433"/>
  <testcase name="testFutureUninterruptedly[19: transport=EPOLL, ssl=JDK, worker-threads=5, nio-threads=0]" classname="io.hekate.messaging.internal.MessagingChannelRequestTest" time="0.172"/>
  <testcase name="testIdleTimeoutWithPendingResponse[19: transport=EPOLL, ssl=JDK, worker-threads=5, nio-threads=0]" classname="io.hekate.messaging.internal.MessagingChannelRequestTest" time="3.213"/>
  <testcase name="testTopologyChange[19: transport=EPOLL, ssl=JDK, worker-threads=5, nio-threads=0]" classname="io.hekate.messaging.internal.MessagingChannelRequestTest" time="0.414"/>
  <testcase name="testChannelCloseWhileSending[19: transport=EPOLL, ssl=JDK, worker-threads=5, nio-threads=0]" classname="io.hekate.messaging.internal.MessagingChannelRequestTest" time="0.377"/>
  <testcase name="testCallback[19: transport=EPOLL, ssl=JDK, worker-threads=5, nio-threads=0]" classname="io.hekate.messaging.internal.MessagingChannelRequestTest" time="0.271"/>
  <testcase name="testNonAffinityRouting[19: transport=EPOLL, ssl=JDK, worker-threads=5, nio-threads=0]" classname="io.hekate.messaging.internal.MessagingChannelRequestTest" time="0.196"/>
  <testcase name="testLoadBalanceReturnsNull[19: transport=EPOLL, ssl=JDK, worker-threads=5, nio-threads=0]" classname="io.hekate.messaging.internal.MessagingChannelRequestTest" time="0.072"/>
  <testcase name="testRouteToNonExistingNode[19: transport=EPOLL, ssl=JDK, worker-threads=5, nio-threads=0]" classname="io.hekate.messaging.internal.MessagingChannelRequestTest" time="0.068"/>
  <testcase name="testNetworkDisconnectWhileSending[19: transport=EPOLL, ssl=JDK, worker-threads=5, nio-threads=0]" classname="io.hekate.messaging.internal.MessagingChannelRequestTest" time="0.084"/>
  <testcase name="testInterceptor[19: transport=EPOLL, ssl=JDK, worker-threads=5, nio-threads=0]" classname="io.hekate.messaging.internal.MessagingChannelRequestTest" time="0.228"/>
  <testcase name="testFuture[19: transport=EPOLL, ssl=JDK, worker-threads=5, nio-threads=0]" classname="io.hekate.messaging.internal.MessagingChannelRequestTest" time="0.177"/>
  <testcase name="testNonDeserializableResponse[19: transport=EPOLL, ssl=JDK, worker-threads=5, nio-threads=0]" classname="io.hekate.messaging.internal.MessagingChannelRequestTest" time="0.072"/>
  <testcase name="testAffinityRouting[19: transport=EPOLL, ssl=JDK, worker-threads=5, nio-threads=0]" classname="io.hekate.messaging.internal.MessagingChannelRequestTest" time="0.679"/>
  <testcase name="testServerReplyAfterStop[19: transport=EPOLL, ssl=JDK, worker-threads=5, nio-threads=0]" classname="io.hekate.messaging.internal.MessagingChannelRequestTest" time="0.077"/>
  <testcase name="testNonSerializableRequest[19: transport=EPOLL, ssl=JDK, worker-threads=5, nio-threads=0]" classname="io.hekate.messaging.internal.MessagingChannelRequestTest" time="0.069"/>
  <testcase name="testNoFailuresWithSmallIdleTimeout[19: transport=EPOLL, ssl=JDK, worker-threads=5, nio-threads=0]" classname="io.hekate.messaging.internal.MessagingChannelRequestTest" time="0.608"/>
  <testcase name="testNetworkDisconnectWhileReplying[19: transport=EPOLL, ssl=JDK, worker-threads=5, nio-threads=0]" classname="io.hekate.messaging.internal.MessagingChannelRequestTest" time="0.054"/>
  <testcase name="testUnknownNodeFuture[20: transport=EPOLL, ssl=OPEN_SSL, worker-threads=0, nio-threads=1]" classname="io.hekate.messaging.internal.MessagingChannelRequestTest" time="1.011"/>
  <testcase name="testRequestOnClusterEvent[20: transport=EPOLL, ssl=OPEN_SSL, worker-threads=0, nio-threads=1]" classname="io.hekate.messaging.internal.MessagingChannelRequestTest" time="0.048"/>
  <testcase name="testNetworkDisconnectWhileReceiving[20: transport=EPOLL, ssl=OPEN_SSL, worker-threads=0, nio-threads=1]" classname="io.hekate.messaging.internal.MessagingChannelRequestTest" time="0.047"/>
  <testcase name="testNonDeSerializableRequest[20: transport=EPOLL, ssl=OPEN_SSL, worker-threads=0, nio-threads=1]" classname="io.hekate.messaging.internal.MessagingChannelRequestTest" time="0.053"/>
  <testcase name="testNonSerializableResponse[20: transport=EPOLL, ssl=OPEN_SSL, worker-threads=0, nio-threads=1]" classname="io.hekate.messaging.internal.MessagingChannelRequestTest" time="0.052"/>
  <testcase name="testLoadBalanceFailure[20: transport=EPOLL, ssl=OPEN_SSL, worker-threads=0, nio-threads=1]" classname="io.hekate.messaging.internal.MessagingChannelRequestTest" time="0.045"/>
  <testcase name="testResponseFailure[20: transport=EPOLL, ssl=OPEN_SSL, worker-threads=0, nio-threads=1]" classname="io.hekate.messaging.internal.MessagingChannelRequestTest" time="0.048"/>
  <testcase name="testClosedChannel[20: transport=EPOLL, ssl=OPEN_SSL, worker-threads=0, nio-threads=1]" classname="io.hekate.messaging.internal.MessagingChannelRequestTest" time="0.013"/>
  <testcase name="testChannelCloseWhileRouting[20: transport=EPOLL, ssl=OPEN_SSL, worker-threads=0, nio-threads=1]" classname="io.hekate.messaging.internal.MessagingChannelRequestTest" time="1.129"/>
  <testcase name="testNoReceiver[20: transport=EPOLL, ssl=OPEN_SSL, worker-threads=0, nio-threads=1]" classname="io.hekate.messaging.internal.MessagingChannelRequestTest" time="0.013"/>
  <testcase name="testUnknownNodeCallback[20: transport=EPOLL, ssl=OPEN_SSL, worker-threads=0, nio-threads=1]" classname="io.hekate.messaging.internal.MessagingChannelRequestTest" time="0.012"/>
  <testcase name="testReplyCallback[20: transport=EPOLL, ssl=OPEN_SSL, worker-threads=0, nio-threads=1]" classname="io.hekate.messaging.internal.MessagingChannelRequestTest" time="0.07"/>
  <testcase name="testChannelCloseWhileReceiving[20: transport=EPOLL, ssl=OPEN_SSL, worker-threads=0, nio-threads=1]" classname="io.hekate.messaging.internal.MessagingChannelRequestTest" time="0.213"/>
  <testcase name="testIdleTimeout[20: transport=EPOLL, ssl=OPEN_SSL, worker-threads=0, nio-threads=1]" classname="io.hekate.messaging.internal.MessagingChannelRequestTest" time="1.343"/>
  <testcase name="testFutureUninterruptedly[20: transport=EPOLL, ssl=OPEN_SSL, worker-threads=0, nio-threads=1]" classname="io.hekate.messaging.internal.MessagingChannelRequestTest" time="0.111"/>
  <testcase name="testIdleTimeoutWithPendingResponse[20: transport=EPOLL, ssl=OPEN_SSL, worker-threads=0, nio-threads=1]" classname="io.hekate.messaging.internal.MessagingChannelRequestTest" time="3.173"/>
  <testcase name="testTopologyChange[20: transport=EPOLL, ssl=OPEN_SSL, worker-threads=0, nio-threads=1]" classname="io.hekate.messaging.internal.MessagingChannelRequestTest" time="0.267"/>
  <testcase name="testChannelCloseWhileSending[20: transport=EPOLL, ssl=OPEN_SSL, worker-threads=0, nio-threads=1]" classname="io.hekate.messaging.internal.MessagingChannelRequestTest" time="0.231"/>
  <testcase name="testCallback[20: transport=EPOLL, ssl=OPEN_SSL, worker-threads=0, nio-threads=1]" classname="io.hekate.messaging.internal.MessagingChannelRequestTest" time="0.141"/>
  <testcase name="testNonAffinityRouting[20: transport=EPOLL, ssl=OPEN_SSL, worker-threads=0, nio-threads=1]" classname="io.hekate.messaging.internal.MessagingChannelRequestTest" time="0.11"/>
  <testcase name="testLoadBalanceReturnsNull[20: transport=EPOLL, ssl=OPEN_SSL, worker-threads=0, nio-threads=1]" classname="io.hekate.messaging.internal.MessagingChannelRequestTest" time="0.049"/>
  <testcase name="testRouteToNonExistingNode[20: transport=EPOLL, ssl=OPEN_SSL, worker-threads=0, nio-threads=1]" classname="io.hekate.messaging.internal.MessagingChannelRequestTest" time="0.048"/>
  <testcase name="testNetworkDisconnectWhileSending[20: transport=EPOLL, ssl=OPEN_SSL, worker-threads=0, nio-threads=1]" classname="io.hekate.messaging.internal.MessagingChannelRequestTest" time="0.043"/>
  <testcase name="testInterceptor[20: transport=EPOLL, ssl=OPEN_SSL, worker-threads=0, nio-threads=1]" classname="io.hekate.messaging.internal.MessagingChannelRequestTest" time="0.109"/>
  <testcase name="testFuture[20: transport=EPOLL, ssl=OPEN_SSL, worker-threads=0, nio-threads=1]" classname="io.hekate.messaging.internal.MessagingChannelRequestTest" time="0.106"/>
  <testcase name="testNonDeserializableResponse[20: transport=EPOLL, ssl=OPEN_SSL, worker-threads=0, nio-threads=1]" classname="io.hekate.messaging.internal.MessagingChannelRequestTest" time="0.058"/>
  <testcase name="testAffinityRouting[20: transport=EPOLL, ssl=OPEN_SSL, worker-threads=0, nio-threads=1]" classname="io.hekate.messaging.internal.MessagingChannelRequestTest" time="0.369"/>
  <testcase name="testServerReplyAfterStop[20: transport=EPOLL, ssl=OPEN_SSL, worker-threads=0, nio-threads=1]" classname="io.hekate.messaging.internal.MessagingChannelRequestTest" time="0.047"/>
  <testcase name="testNonSerializableRequest[20: transport=EPOLL, ssl=OPEN_SSL, worker-threads=0, nio-threads=1]" classname="io.hekate.messaging.internal.MessagingChannelRequestTest" time="0.044"/>
  <testcase name="testNoFailuresWithSmallIdleTimeout[20: transport=EPOLL, ssl=OPEN_SSL, worker-threads=0, nio-threads=1]" classname="io.hekate.messaging.internal.MessagingChannelRequestTest" time="0.306"/>
  <testcase name="testNetworkDisconnectWhileReplying[20: transport=EPOLL, ssl=OPEN_SSL, worker-threads=0, nio-threads=1]" classname="io.hekate.messaging.internal.MessagingChannelRequestTest" time="0.04"/>
  <testcase name="testUnknownNodeFuture[21: transport=EPOLL, ssl=OPEN_SSL, worker-threads=1, nio-threads=1]" classname="io.hekate.messaging.internal.MessagingChannelRequestTest" time="0.011"/>
  <testcase name="testRequestOnClusterEvent[21: transport=EPOLL, ssl=OPEN_SSL, worker-threads=1, nio-threads=1]" classname="io.hekate.messaging.internal.MessagingChannelRequestTest" time="0.044"/>
  <testcase name="testNetworkDisconnectWhileReceiving[21: transport=EPOLL, ssl=OPEN_SSL, worker-threads=1, nio-threads=1]" classname="io.hekate.messaging.internal.MessagingChannelRequestTest" time="0.045"/>
  <testcase name="testNonDeSerializableRequest[21: transport=EPOLL, ssl=OPEN_SSL, worker-threads=1, nio-threads=1]" classname="io.hekate.messaging.internal.MessagingChannelRequestTest" time="0.049"/>
  <testcase name="testNonSerializableResponse[21: transport=EPOLL, ssl=OPEN_SSL, worker-threads=1, nio-threads=1]" classname="io.hekate.messaging.internal.MessagingChannelRequestTest" time="0.075"/>
  <testcase name="testLoadBalanceFailure[21: transport=EPOLL, ssl=OPEN_SSL, worker-threads=1, nio-threads=1]" classname="io.hekate.messaging.internal.MessagingChannelRequestTest" time="0.047"/>
  <testcase name="testResponseFailure[21: transport=EPOLL, ssl=OPEN_SSL, worker-threads=1, nio-threads=1]" classname="io.hekate.messaging.internal.MessagingChannelRequestTest" time="0.055"/>
  <testcase name="testClosedChannel[21: transport=EPOLL, ssl=OPEN_SSL, worker-threads=1, nio-threads=1]" classname="io.hekate.messaging.internal.MessagingChannelRequestTest" time="0.014"/>
  <testcase name="testChannelCloseWhileRouting[21: transport=EPOLL, ssl=OPEN_SSL, worker-threads=1, nio-threads=1]" classname="io.hekate.messaging.internal.MessagingChannelRequestTest" time="0.122"/>
  <testcase name="testNoReceiver[21: transport=EPOLL, ssl=OPEN_SSL, worker-threads=1, nio-threads=1]" classname="io.hekate.messaging.internal.MessagingChannelRequestTest" time="0.012"/>
  <testcase name="testUnknownNodeCallback[21: transport=EPOLL, ssl=OPEN_SSL, worker-threads=1, nio-threads=1]" classname="io.hekate.messaging.internal.MessagingChannelRequestTest" time="0.011"/>
  <testcase name="testReplyCallback[21: transport=EPOLL, ssl=OPEN_SSL, worker-threads=1, nio-threads=1]" classname="io.hekate.messaging.internal.MessagingChannelRequestTest" time="0.05"/>
  <testcase name="testChannelCloseWhileReceiving[21: transport=EPOLL, ssl=OPEN_SSL, worker-threads=1, nio-threads=1]" classname="io.hekate.messaging.internal.MessagingChannelRequestTest" time="0.287"/>
  <testcase name="testIdleTimeout[21: transport=EPOLL, ssl=OPEN_SSL, worker-threads=1, nio-threads=1]" classname="io.hekate.messaging.internal.MessagingChannelRequestTest" time="1.364"/>
  <testcase name="testFutureUninterruptedly[21: transport=EPOLL, ssl=OPEN_SSL, worker-threads=1, nio-threads=1]" classname="io.hekate.messaging.internal.MessagingChannelRequestTest" time="0.122"/>
  <testcase name="testIdleTimeoutWithPendingResponse[21: transport=EPOLL, ssl=OPEN_SSL, worker-threads=1, nio-threads=1]" classname="io.hekate.messaging.internal.MessagingChannelRequestTest" time="3.204"/>
  <testcase name="testTopologyChange[21: transport=EPOLL, ssl=OPEN_SSL, worker-threads=1, nio-threads=1]" classname="io.hekate.messaging.internal.MessagingChannelRequestTest" time="0.257"/>
  <testcase name="testChannelCloseWhileSending[21: transport=EPOLL, ssl=OPEN_SSL, worker-threads=1, nio-threads=1]" classname="io.hekate.messaging.internal.MessagingChannelRequestTest" time="0.285"/>
  <testcase name="testCallback[21: transport=EPOLL, ssl=OPEN_SSL, worker-threads=1, nio-threads=1]" classname="io.hekate.messaging.internal.MessagingChannelRequestTest" time="0.145"/>
  <testcase name="testNonAffinityRouting[21: transport=EPOLL, ssl=OPEN_SSL, worker-threads=1, nio-threads=1]" classname="io.hekate.messaging.internal.MessagingChannelRequestTest" time="0.126"/>
  <testcase name="testLoadBalanceReturnsNull[21: transport=EPOLL, ssl=OPEN_SSL, worker-threads=1, nio-threads=1]" classname="io.hekate.messaging.internal.MessagingChannelRequestTest" time="0.054"/>
  <testcase name="testRouteToNonExistingNode[21: transport=EPOLL, ssl=OPEN_SSL, worker-threads=1, nio-threads=1]" classname="io.hekate.messaging.internal.MessagingChannelRequestTest" time="0.051"/>
  <testcase name="testNetworkDisconnectWhileSending[21: transport=EPOLL, ssl=OPEN_SSL, worker-threads=1, nio-threads=1]" classname="io.hekate.messaging.internal.MessagingChannelRequestTest" time="0.043"/>
  <testcase name="testInterceptor[21: transport=EPOLL, ssl=OPEN_SSL, worker-threads=1, nio-threads=1]" classname="io.hekate.messaging.internal.MessagingChannelRequestTest" time="0.118"/>
  <testcase name="testFuture[21: transport=EPOLL, ssl=OPEN_SSL, worker-threads=1, nio-threads=1]" classname="io.hekate.messaging.internal.MessagingChannelRequestTest" time="0.115"/>
  <testcase name="testNonDeserializableResponse[21: transport=EPOLL, ssl=OPEN_SSL, worker-threads=1, nio-threads=1]" classname="io.hekate.messaging.internal.MessagingChannelRequestTest" time="0.054"/>
  <testcase name="testAffinityRouting[21: transport=EPOLL, ssl=OPEN_SSL, worker-threads=1, nio-threads=1]" classname="io.hekate.messaging.internal.MessagingChannelRequestTest" time="0.538"/>
  <testcase name="testServerReplyAfterStop[21: transport=EPOLL, ssl=OPEN_SSL, worker-threads=1, nio-threads=1]" classname="io.hekate.messaging.internal.MessagingChannelRequestTest" time="0.045"/>
  <testcase name="testNonSerializableRequest[21: transport=EPOLL, ssl=OPEN_SSL, worker-threads=1, nio-threads=1]" classname="io.hekate.messaging.internal.MessagingChannelRequestTest" time="0.046"/>
  <testcase name="testNoFailuresWithSmallIdleTimeout[21: transport=EPOLL, ssl=OPEN_SSL, worker-threads=1, nio-threads=1]" classname="io.hekate.messaging.internal.MessagingChannelRequestTest" time="0.454"/>
  <testcase name="testNetworkDisconnectWhileReplying[21: transport=EPOLL, ssl=OPEN_SSL, worker-threads=1, nio-threads=1]" classname="io.hekate.messaging.internal.MessagingChannelRequestTest" time="0.047"/>
  <testcase name="testUnknownNodeFuture[22: transport=EPOLL, ssl=OPEN_SSL, worker-threads=4, nio-threads=1]" classname="io.hekate.messaging.internal.MessagingChannelRequestTest" time="0.013"/>
  <testcase name="testRequestOnClusterEvent[22: transport=EPOLL, ssl=OPEN_SSL, worker-threads=4, nio-threads=1]" classname="io.hekate.messaging.internal.MessagingChannelRequestTest" time="0.05"/>
  <testcase name="testNetworkDisconnectWhileReceiving[22: transport=EPOLL, ssl=OPEN_SSL, worker-threads=4, nio-threads=1]" classname="io.hekate.messaging.internal.MessagingChannelRequestTest" time="0.05"/>
  <testcase name="testNonDeSerializableRequest[22: transport=EPOLL, ssl=OPEN_SSL, worker-threads=4, nio-threads=1]" classname="io.hekate.messaging.internal.MessagingChannelRequestTest" time="0.054"/>
  <testcase name="testNonSerializableResponse[22: transport=EPOLL, ssl=OPEN_SSL, worker-threads=4, nio-threads=1]" classname="io.hekate.messaging.internal.MessagingChannelRequestTest" time="0.06"/>
  <testcase name="testLoadBalanceFailure[22: transport=EPOLL, ssl=OPEN_SSL, worker-threads=4, nio-threads=1]" classname="io.hekate.messaging.internal.MessagingChannelRequestTest" time="0.051"/>
  <testcase name="testResponseFailure[22: transport=EPOLL, ssl=OPEN_SSL, worker-threads=4, nio-threads=1]" classname="io.hekate.messaging.internal.MessagingChannelRequestTest" time="0.052"/>
  <testcase name="testClosedChannel[22: transport=EPOLL, ssl=OPEN_SSL, worker-threads=4, nio-threads=1]" classname="io.hekate.messaging.internal.MessagingChannelRequestTest" time="0.013"/>
  <testcase name="testChannelCloseWhileRouting[22: transport=EPOLL, ssl=OPEN_SSL, worker-threads=4, nio-threads=1]" classname="io.hekate.messaging.internal.MessagingChannelRequestTest" time="0.129"/>
  <testcase name="testNoReceiver[22: transport=EPOLL, ssl=OPEN_SSL, worker-threads=4, nio-threads=1]" classname="io.hekate.messaging.internal.MessagingChannelRequestTest" time="0.034"/>
  <testcase name="testUnknownNodeCallback[22: transport=EPOLL, ssl=OPEN_SSL, worker-threads=4, nio-threads=1]" classname="io.hekate.messaging.internal.MessagingChannelRequestTest" time="0.012"/>
  <testcase name="testReplyCallback[22: transport=EPOLL, ssl=OPEN_SSL, worker-threads=4, nio-threads=1]" classname="io.hekate.messaging.internal.MessagingChannelRequestTest" time="0.051"/>
  <testcase name="testChannelCloseWhileReceiving[22: transport=EPOLL, ssl=OPEN_SSL, worker-threads=4, nio-threads=1]" classname="io.hekate.messaging.internal.MessagingChannelRequestTest" time="0.276"/>
  <testcase name="testIdleTimeout[22: transport=EPOLL, ssl=OPEN_SSL, worker-threads=4, nio-threads=1]" classname="io.hekate.messaging.internal.MessagingChannelRequestTest" time="1.37"/>
  <testcase name="testFutureUninterruptedly[22: transport=EPOLL, ssl=OPEN_SSL, worker-threads=4, nio-threads=1]" classname="io.hekate.messaging.internal.MessagingChannelRequestTest" time="0.121"/>
  <testcase name="testIdleTimeoutWithPendingResponse[22: transport=EPOLL, ssl=OPEN_SSL, worker-threads=4, nio-threads=1]" classname="io.hekate.messaging.internal.MessagingChannelRequestTest" time="3.173"/>
  <testcase name="testTopologyChange[22: transport=EPOLL, ssl=OPEN_SSL, worker-threads=4, nio-threads=1]" classname="io.hekate.messaging.internal.MessagingChannelRequestTest" time="0.249"/>
  <testcase name="testChannelCloseWhileSending[22: transport=EPOLL, ssl=OPEN_SSL, worker-threads=4, nio-threads=1]" classname="io.hekate.messaging.internal.MessagingChannelRequestTest" time="0.283"/>
  <testcase name="testCallback[22: transport=EPOLL, ssl=OPEN_SSL, worker-threads=4, nio-threads=1]" classname="io.hekate.messaging.internal.MessagingChannelRequestTest" time="0.115"/>
  <testcase name="testNonAffinityRouting[22: transport=EPOLL, ssl=OPEN_SSL, worker-threads=4, nio-threads=1]" classname="io.hekate.messaging.internal.MessagingChannelRequestTest" time="0.129"/>
  <testcase name="testLoadBalanceReturnsNull[22: transport=EPOLL, ssl=OPEN_SSL, worker-threads=4, nio-threads=1]" classname="io.hekate.messaging.internal.MessagingChannelRequestTest" time="0.052"/>
  <testcase name="testRouteToNonExistingNode[22: transport=EPOLL, ssl=OPEN_SSL, worker-threads=4, nio-threads=1]" classname="io.hekate.messaging.internal.MessagingChannelRequestTest" time="0.079"/>
  <testcase name="testNetworkDisconnectWhileSending[22: transport=EPOLL, ssl=OPEN_SSL, worker-threads=4, nio-threads=1]" classname="io.hekate.messaging.internal.MessagingChannelRequestTest" time="0.043"/>
  <testcase name="testInterceptor[22: transport=EPOLL, ssl=OPEN_SSL, worker-threads=4, nio-threads=1]" classname="io.hekate.messaging.internal.MessagingChannelRequestTest" time="0.116"/>
  <testcase name="testFuture[22: transport=EPOLL, ssl=OPEN_SSL, worker-threads=4, nio-threads=1]" classname="io.hekate.messaging.internal.MessagingChannelRequestTest" time="0.119"/>
  <testcase name="testNonDeserializableResponse[22: transport=EPOLL, ssl=OPEN_SSL, worker-threads=4, nio-threads=1]" classname="io.hekate.messaging.internal.MessagingChannelRequestTest" time="0.054"/>
  <testcase name="testAffinityRouting[22: transport=EPOLL, ssl=OPEN_SSL, worker-threads=4, nio-threads=1]" classname="io.hekate.messaging.internal.MessagingChannelRequestTest" time="0.473"/>
  <testcase name="testServerReplyAfterStop[22: transport=EPOLL, ssl=OPEN_SSL, worker-threads=4, nio-threads=1]" classname="io.hekate.messaging.internal.MessagingChannelRequestTest" time="0.049"/>
  <testcase name="testNonSerializableRequest[22: transport=EPOLL, ssl=OPEN_SSL, worker-threads=4, nio-threads=1]" classname="io.hekate.messaging.internal.MessagingChannelRequestTest" time="0.044"/>
  <testcase name="testNoFailuresWithSmallIdleTimeout[22: transport=EPOLL, ssl=OPEN_SSL, worker-threads=4, nio-threads=1]" classname="io.hekate.messaging.internal.MessagingChannelRequestTest" time="0.509"/>
  <testcase name="testNetworkDisconnectWhileReplying[22: transport=EPOLL, ssl=OPEN_SSL, worker-threads=4, nio-threads=1]" classname="io.hekate.messaging.internal.MessagingChannelRequestTest" time="0.036"/>
  <testcase name="testUnknownNodeFuture[23: transport=EPOLL, ssl=OPEN_SSL, worker-threads=5, nio-threads=0]" classname="io.hekate.messaging.internal.MessagingChannelRequestTest" time="0.011"/>
  <testcase name="testRequestOnClusterEvent[23: transport=EPOLL, ssl=OPEN_SSL, worker-threads=5, nio-threads=0]" classname="io.hekate.messaging.internal.MessagingChannelRequestTest" time="0.042"/>
  <testcase name="testNetworkDisconnectWhileReceiving[23: transport=EPOLL, ssl=OPEN_SSL, worker-threads=5, nio-threads=0]" classname="io.hekate.messaging.internal.MessagingChannelRequestTest" time="0.043"/>
  <testcase name="testNonDeSerializableRequest[23: transport=EPOLL, ssl=OPEN_SSL, worker-threads=5, nio-threads=0]" classname="io.hekate.messaging.internal.MessagingChannelRequestTest" time="0.048"/>
  <testcase name="testNonSerializableResponse[23: transport=EPOLL, ssl=OPEN_SSL, worker-threads=5, nio-threads=0]" classname="io.hekate.messaging.internal.MessagingChannelRequestTest" time="0.052"/>
  <testcase name="testLoadBalanceFailure[23: transport=EPOLL, ssl=OPEN_SSL, worker-threads=5, nio-threads=0]" classname="io.hekate.messaging.internal.MessagingChannelRequestTest" time="0.047"/>
  <testcase name="testResponseFailure[23: transport=EPOLL, ssl=OPEN_SSL, worker-threads=5, nio-threads=0]" classname="io.hekate.messaging.internal.MessagingChannelRequestTest" time="0.052"/>
  <testcase name="testClosedChannel[23: transport=EPOLL, ssl=OPEN_SSL, worker-threads=5, nio-threads=0]" classname="io.hekate.messaging.internal.MessagingChannelRequestTest" time="0.012"/>
  <testcase name="testChannelCloseWhileRouting[23: transport=EPOLL, ssl=OPEN_SSL, worker-threads=5, nio-threads=0]" classname="io.hekate.messaging.internal.MessagingChannelRequestTest" time="0.137"/>
  <testcase name="testNoReceiver[23: transport=EPOLL, ssl=OPEN_SSL, worker-threads=5, nio-threads=0]" classname="io.hekate.messaging.internal.MessagingChannelRequestTest" time="0.012"/>
  <testcase name="testUnknownNodeCallback[23: transport=EPOLL, ssl=OPEN_SSL, worker-threads=5, nio-threads=0]" classname="io.hekate.messaging.internal.MessagingChannelRequestTest" time="0.01"/>
  <testcase name="testReplyCallback[23: transport=EPOLL, ssl=OPEN_SSL, worker-threads=5, nio-threads=0]" classname="io.hekate.messaging.internal.MessagingChannelRequestTest" time="0.046"/>
  <testcase name="testChannelCloseWhileReceiving[23: transport=EPOLL, ssl=OPEN_SSL, worker-threads=5, nio-threads=0]" classname="io.hekate.messaging.internal.MessagingChannelRequestTest" time="0.272"/>
  <testcase name="testIdleTimeout[23: transport=EPOLL, ssl=OPEN_SSL, worker-threads=5, nio-threads=0]" classname="io.hekate.messaging.internal.MessagingChannelRequestTest" time="1.368"/>
  <testcase name="testFutureUninterruptedly[23: transport=EPOLL, ssl=OPEN_SSL, worker-threads=5, nio-threads=0]" classname="io.hekate.messaging.internal.MessagingChannelRequestTest" time="0.088"/>
  <testcase name="testIdleTimeoutWithPendingResponse[23: transport=EPOLL, ssl=OPEN_SSL, worker-threads=5, nio-threads=0]" classname="io.hekate.messaging.internal.MessagingChannelRequestTest" time="3.221"/>
  <testcase name="testTopologyChange[23: transport=EPOLL, ssl=OPEN_SSL, worker-threads=5, nio-threads=0]" classname="io.hekate.messaging.internal.MessagingChannelRequestTest" time="0.229"/>
  <testcase name="testChannelCloseWhileSending[23: transport=EPOLL, ssl=OPEN_SSL, worker-threads=5, nio-threads=0]" classname="io.hekate.messaging.internal.MessagingChannelRequestTest" time="0.266"/>
  <testcase name="testCallback[23: transport=EPOLL, ssl=OPEN_SSL, worker-threads=5, nio-threads=0]" classname="io.hekate.messaging.internal.MessagingChannelRequestTest" time="0.102"/>
  <testcase name="testNonAffinityRouting[23: transport=EPOLL, ssl=OPEN_SSL, worker-threads=5, nio-threads=0]" classname="io.hekate.messaging.internal.MessagingChannelRequestTest" time="0.127"/>
  <testcase name="testLoadBalanceReturnsNull[23: transport=EPOLL, ssl=OPEN_SSL, worker-threads=5, nio-threads=0]" classname="io.hekate.messaging.internal.MessagingChannelRequestTest" time="0.037"/>
  <testcase name="testRouteToNonExistingNode[23: transport=EPOLL, ssl=OPEN_SSL, worker-threads=5, nio-threads=0]" classname="io.hekate.messaging.internal.MessagingChannelRequestTest" time="0.034"/>
  <testcase name="testNetworkDisconnectWhileSending[23: transport=EPOLL, ssl=OPEN_SSL, worker-threads=5, nio-threads=0]" classname="io.hekate.messaging.internal.MessagingChannelRequestTest" time="0.029"/>
  <testcase name="testInterceptor[23: transport=EPOLL, ssl=OPEN_SSL, worker-threads=5, nio-threads=0]" classname="io.hekate.messaging.internal.MessagingChannelRequestTest" time="0.077"/>
  <testcase name="testFuture[23: transport=EPOLL, ssl=OPEN_SSL, worker-threads=5, nio-threads=0]" classname="io.hekate.messaging.internal.MessagingChannelRequestTest" time="0.065"/>
  <testcase name="testNonDeserializableResponse[23: transport=EPOLL, ssl=OPEN_SSL, worker-threads=5, nio-threads=0]" classname="io.hekate.messaging.internal.MessagingChannelRequestTest" time="0.037"/>
  <testcase name="testAffinityRouting[23: transport=EPOLL, ssl=OPEN_SSL, worker-threads=5, nio-threads=0]" classname="io.hekate.messaging.internal.MessagingChannelRequestTest" time="0.381"/>
  <testcase name="testServerReplyAfterStop[23: transport=EPOLL, ssl=OPEN_SSL, worker-threads=5, nio-threads=0]" classname="io.hekate.messaging.internal.MessagingChannelRequestTest" time="0.034"/>
  <testcase name="testNonSerializableRequest[23: transport=EPOLL, ssl=OPEN_SSL, worker-threads=5, nio-threads=0]" classname="io.hekate.messaging.internal.MessagingChannelRequestTest" time="0.054"/>
  <testcase name="testNoFailuresWithSmallIdleTimeout[23: transport=EPOLL, ssl=OPEN_SSL, worker-threads=5, nio-threads=0]" classname="io.hekate.messaging.internal.MessagingChannelRequestTest" time="0.494"/>
  <testcase name="testNetworkDisconnectWhileReplying[23: transport=EPOLL, ssl=OPEN_SSL, worker-threads=5, nio-threads=0]" classname="io.hekate.messaging.internal.MessagingChannelRequestTest" time="0.035"/>
</testsuite>