<?xml version="1.0" encoding="UTF-8"?>
<testsuite xmlns:xsi="http://www.w3.org/2001/XMLSchema-instance" xsi:schemaLocation="https://maven.apache.org/surefire/maven-surefire-plugin/xsd/surefire-test-report.xsd" name="io.hekate.network.netty.PauseResumeReceivingTest" time="62.888" tests="60" errors="0" skipped="0" failures="0">
  <properties>
    <property name="java.runtime.name" value="OpenJDK Runtime Environment"/>
    <property name="sun.boot.library.path" value="/usr/lib/jvm/java-8-openjdk-amd64/jre/lib/amd64"/>
    <property name="java.vm.version" value="25.121-b13"/>
    <property name="java.vm.vendor" value="Oracle Corporation"/>
    <property name="maven.multiModuleProjectDirectory" value="/root/workspace/hekate-io/hekate/383632883"/>
    <property name="java.vendor.url" value="http://java.oracle.com/"/>
    <property name="path.separator" value=":"/>
    <property name="guice.disable.misplaced.annotation.check" value="true"/>
    <property name="skip.gulp" value="true"/>
    <property name="java.vm.name" value="OpenJDK 64-Bit Server VM"/>
    <property name="file.encoding.pkg" value="sun.io"/>
    <property name="sun.java.launcher" value="SUN_STANDARD"/>
    <property name="sun.os.patch.level" value="unknown"/>
    <property name="findbugs.skip" value="true"/>
    <property name="java.vm.specification.name" value="Java Virtual Machine Specification"/>
    <property name="user.dir" value="/root/workspace/hekate-io/hekate/383632883"/>
    <property name="checkstyle.skip" value="true"/>
    <property name="java.runtime.version" value="1.8.0_121-8u121-b13-1~bpo8+1-b13"/>
    <property name="java.awt.graphicsenv" value="sun.awt.X11GraphicsEnvironment"/>
    <property name="skip.npm" value="true"/>
    <property name="java.endorsed.dirs" value="/usr/lib/jvm/java-8-openjdk-amd64/jre/lib/endorsed"/>
    <property name="os.arch" value="amd64"/>
    <property name="java.io.tmpdir" value="/tmp"/>
    <property name="gpg.skip" value="true"/>
    <property name="line.separator" value="&#10;"/>
    <property name="java.vm.specification.vendor" value="Oracle Corporation"/>
    <property name="cobertura.skip" value="true"/>
    <property name="os.name" value="Linux"/>
    <property name="classworlds.conf" value="/usr/share/maven/bin/m2.conf"/>
    <property name="sun.jnu.encoding" value="UTF-8"/>
    <property name="java.library.path" value="/usr/java/packages/lib/amd64:/usr/lib/x86_64-linux-gnu/jni:/lib/x86_64-linux-gnu:/usr/lib/x86_64-linux-gnu:/usr/lib/jni:/lib:/usr/lib"/>
    <property name="license.skip" value="true"/>
    <property name="java.specification.name" value="Java Platform API Specification"/>
    <property name="java.class.version" value="52.0"/>
    <property name="org.slf4j.simpleLogger.levelInBrackets" value="true"/>
    <property name="sun.management.compiler" value="HotSpot 64-Bit Tiered Compilers"/>
    <property name="skip.bower" value="true"/>
    <property name="maven.repo.local" value="/root/./workspace/hekate-io/hekate/383632883/.m2"/>
    <property name="os.version" value="3.10.0-862.2.3.el7.x86_64"/>
    <property name="user.home" value="/root"/>
    <property name="user.timezone" value="Europe/Paris"/>
    <property name="java.awt.printerjob" value="sun.print.PSPrinterJob"/>
    <property name="java.specification.version" value="1.8"/>
    <property name="file.encoding" value="UTF-8"/>
    <property name="user.name" value="root"/>
    <property name="java.class.path" value="/usr/share/maven/boot/plexus-classworlds-2.5.2.jar"/>
    <property name="skipITs" value="true"/>
    <property name="java.vm.specification.version" value="1.8"/>
    <property name="sun.arch.data.model" value="64"/>
    <property name="java.home" value="/usr/lib/jvm/java-8-openjdk-amd64/jre"/>
    <property name="sun.java.command" value="org.codehaus.plexus.classworlds.launcher.Launcher -B -D enforcer.skip=true -D dependency-check.skip=true -D skipITs=true -D cobertura.skip=true -D maven.repo.local=/root/./workspace/hekate-io/hekate/383632883/.m2 -D rat.skip=true -D findbugs.skip=true -D skip.bower=true -D gpg.skip=true -D checkstyle.skip=true -D skip.gulp=true -D license.skip=true -D skip.npm=true test"/>
    <property name="java.specification.vendor" value="Oracle Corporation"/>
    <property name="user.language" value="en"/>
    <property name="awt.toolkit" value="sun.awt.X11.XToolkit"/>
    <property name="dependency-check.skip" value="true"/>
    <property name="java.vm.info" value="mixed mode"/>
    <property name="java.version" value="1.8.0_121"/>
    <property name="java.ext.dirs" value="/usr/lib/jvm/java-8-openjdk-amd64/jre/lib/ext:/usr/java/packages/lib/ext"/>
    <property name="securerandom.source" value="file:/dev/./urandom"/>
    <property name="sun.boot.class.path" value="/usr/lib/jvm/java-8-openjdk-amd64/jre/lib/resources.jar:/usr/lib/jvm/java-8-openjdk-amd64/jre/lib/rt.jar:/usr/lib/jvm/java-8-openjdk-amd64/jre/lib/sunrsasign.jar:/usr/lib/jvm/java-8-openjdk-amd64/jre/lib/jsse.jar:/usr/lib/jvm/java-8-openjdk-amd64/jre/lib/jce.jar:/usr/lib/jvm/java-8-openjdk-amd64/jre/lib/charsets.jar:/usr/lib/jvm/java-8-openjdk-amd64/jre/lib/jfr.jar:/usr/lib/jvm/java-8-openjdk-amd64/jre/classes"/>
    <property name="java.vendor" value="Oracle Corporation"/>
    <property name="enforcer.skip" value="true"/>
    <property name="rat.skip" value="true"/>
    <property name="maven.home" value="/usr/share/maven"/>
    <property name="file.separator" value="/"/>
    <property name="java.vendor.url.bug" value="http://bugreport.sun.com/bugreport/"/>
    <property name="sun.cpu.endian" value="little"/>
    <property name="sun.io.unicode.encoding" value="UnicodeLittle"/>
    <property name="org.slf4j.simpleLogger.showThreadName" value="false"/>
    <property name="sun.cpu.isalist" value=""/>
  </properties>
  <testcase name="testServerDisconnectWhilePausedTest[0: transport=NIO]" classname="io.hekate.network.netty.PauseResumeReceivingTest" time="0.065"/>
  <testcase name="testPauseClientTest[0: transport=NIO]" classname="io.hekate.network.netty.PauseResumeReceivingTest" time="0.95"/>
  <testcase name="testClientNoHeartbeatTimeoutOnPause[0: transport=NIO]" classname="io.hekate.network.netty.PauseResumeReceivingTest" time="2.471"/>
  <testcase name="testClientDisconnectWhilePausedTest[0: transport=NIO]" classname="io.hekate.network.netty.PauseResumeReceivingTest" time="0.064"/>
  <testcase name="testServerDisconnectWhileBothPausedTest[0: transport=NIO]" classname="io.hekate.network.netty.PauseResumeReceivingTest" time="0.617"/>
  <testcase name="testPauseServerTest[0: transport=NIO]" classname="io.hekate.network.netty.PauseResumeReceivingTest" time="0.846"/>
  <testcase name="testClientDisconnectWhileServerPausedTest[0: transport=NIO]" classname="io.hekate.network.netty.PauseResumeReceivingTest" time="0.632"/>
  <testcase name="testServerDisconnectWhileClientPausedTest[0: transport=NIO]" classname="io.hekate.network.netty.PauseResumeReceivingTest" time="0.618"/>
  <testcase name="testClientDisconnectWhileBothPausedTest[0: transport=NIO]" classname="io.hekate.network.netty.PauseResumeReceivingTest" time="0.618"/>
  <testcase name="testServerNoHeartbeatTimeoutOnPause[0: transport=NIO]" classname="io.hekate.network.netty.PauseResumeReceivingTest" time="2.419"/>
  <testcase name="testServerDisconnectWhilePausedTest[1: transport=NIO, ssl=JDK]" classname="io.hekate.network.netty.PauseResumeReceivingTest" time="0.108"/>
  <testcase name="testPauseClientTest[1: transport=NIO, ssl=JDK]" classname="io.hekate.network.netty.PauseResumeReceivingTest" time="1.015"/>
  <testcase name="testClientNoHeartbeatTimeoutOnPause[1: transport=NIO, ssl=JDK]" classname="io.hekate.network.netty.PauseResumeReceivingTest" time="4.91"/>
  <testcase name="testClientDisconnectWhilePausedTest[1: transport=NIO, ssl=JDK]" classname="io.hekate.network.netty.PauseResumeReceivingTest" time="0.108"/>
  <testcase name="testServerDisconnectWhileBothPausedTest[1: transport=NIO, ssl=JDK]" classname="io.hekate.network.netty.PauseResumeReceivingTest" time="1.268"/>
  <testcase name="testPauseServerTest[1: transport=NIO, ssl=JDK]" classname="io.hekate.network.netty.PauseResumeReceivingTest" time="0.944"/>
  <testcase name="testClientDisconnectWhileServerPausedTest[1: transport=NIO, ssl=JDK]" classname="io.hekate.network.netty.PauseResumeReceivingTest" time="1.271"/>
  <testcase name="testServerDisconnectWhileClientPausedTest[1: transport=NIO, ssl=JDK]" classname="io.hekate.network.netty.PauseResumeReceivingTest" time="1.269"/>
  <testcase name="testClientDisconnectWhileBothPausedTest[1: transport=NIO, ssl=JDK]" classname="io.hekate.network.netty.PauseResumeReceivingTest" time="1.27"/>
  <testcase name="testServerNoHeartbeatTimeoutOnPause[1: transport=NIO, ssl=JDK]" classname="io.hekate.network.netty.PauseResumeReceivingTest" time="4.835"/>
  <testcase name="testServerDisconnectWhilePausedTest[2: transport=NIO, ssl=OPEN_SSL]" classname="io.hekate.network.netty.PauseResumeReceivingTest" time="0.098"/>
  <testcase name="testPauseClientTest[2: transport=NIO, ssl=OPEN_SSL]" classname="io.hekate.network.netty.PauseResumeReceivingTest" time="1.006"/>
  <testcase name="testClientNoHeartbeatTimeoutOnPause[2: transport=NIO, ssl=OPEN_SSL]" classname="io.hekate.network.netty.PauseResumeReceivingTest" time="2.492"/>
  <testcase name="testClientDisconnectWhilePausedTest[2: transport=NIO, ssl=OPEN_SSL]" classname="io.hekate.network.netty.PauseResumeReceivingTest" time="0.095"/>
  <testcase name="testServerDisconnectWhileBothPausedTest[2: transport=NIO, ssl=OPEN_SSL]" classname="io.hekate.network.netty.PauseResumeReceivingTest" time="0.624"/>
  <testcase name="testPauseServerTest[2: transport=NIO, ssl=OPEN_SSL]" classname="io.hekate.network.netty.PauseResumeReceivingTest" time="0.932"/>
  <testcase name="testClientDisconnectWhileServerPausedTest[2: transport=NIO, ssl=OPEN_SSL]" classname="io.hekate.network.netty.PauseResumeReceivingTest" time="0.628"/>
  <testcase name="testServerDisconnectWhileClientPausedTest[2: transport=NIO, ssl=OPEN_SSL]" classname="io.hekate.network.netty.PauseResumeReceivingTest" time="0.626"/>
  <testcase name="testClientDisconnectWhileBothPausedTest[2: transport=NIO, ssl=OPEN_SSL]" classname="io.hekate.network.netty.PauseResumeReceivingTest" time="0.625"/>
  <testcase name="testServerNoHeartbeatTimeoutOnPause[2: transport=NIO, ssl=OPEN_SSL]" classname="io.hekate.network.netty.PauseResumeReceivingTest" time="2.418"/>
  <testcase name="testServerDisconnectWhilePausedTest[3: transport=EPOLL]" classname="io.hekate.network.netty.PauseResumeReceivingTest" time="0.091"/>
  <testcase name="testPauseClientTest[3: transport=EPOLL]" classname="io.hekate.network.netty.PauseResumeReceivingTest" time="0.97"/>
  <testcase name="testClientNoHeartbeatTimeoutOnPause[3: transport=EPOLL]" classname="io.hekate.network.netty.PauseResumeReceivingTest" time="2.503"/>
  <testcase name="testClientDisconnectWhilePausedTest[3: transport=EPOLL]" classname="io.hekate.network.netty.PauseResumeReceivingTest" time="0.089"/>
  <testcase name="testServerDisconnectWhileBothPausedTest[3: transport=EPOLL]" classname="io.hekate.network.netty.PauseResumeReceivingTest" time="0.085"/>
  <testcase name="testPauseServerTest[3: transport=EPOLL]" classname="io.hekate.network.netty.PauseResumeReceivingTest" time="0.923"/>
  <testcase name="testClientDisconnectWhileServerPausedTest[3: transport=EPOLL]" classname="io.hekate.network.netty.PauseResumeReceivingTest" time="0.09"/>
  <testcase name="testServerDisconnectWhileClientPausedTest[3: transport=EPOLL]" classname="io.hekate.network.netty.PauseResumeReceivingTest" time="0.085"/>
  <testcase name="testClientDisconnectWhileBothPausedTest[3: transport=EPOLL]" classname="io.hekate.network.netty.PauseResumeReceivingTest" time="0.086"/>
  <testcase name="testServerNoHeartbeatTimeoutOnPause[3: transport=EPOLL]" classname="io.hekate.network.netty.PauseResumeReceivingTest" time="2.411"/>
  <testcase name="testServerDisconnectWhilePausedTest[4: transport=EPOLL, ssl=JDK]" classname="io.hekate.network.netty.PauseResumeReceivingTest" time="0.103"/>
  <testcase name="testPauseClientTest[4: transport=EPOLL, ssl=JDK]" classname="io.hekate.network.netty.PauseResumeReceivingTest" time="1.01"/>
  <testcase name="testClientNoHeartbeatTimeoutOnPause[4: transport=EPOLL, ssl=JDK]" classname="io.hekate.network.netty.PauseResumeReceivingTest" time="4.905"/>
  <testcase name="testClientDisconnectWhilePausedTest[4: transport=EPOLL, ssl=JDK]" classname="io.hekate.network.netty.PauseResumeReceivingTest" time="0.106"/>
  <testcase name="testServerDisconnectWhileBothPausedTest[4: transport=EPOLL, ssl=JDK]" classname="io.hekate.network.netty.PauseResumeReceivingTest" time="0.104"/>
  <testcase name="testPauseServerTest[4: transport=EPOLL, ssl=JDK]" classname="io.hekate.network.netty.PauseResumeReceivingTest" time="0.934"/>
  <testcase name="testClientDisconnectWhileServerPausedTest[4: transport=EPOLL, ssl=JDK]" classname="io.hekate.network.netty.PauseResumeReceivingTest" time="0.104"/>
  <testcase name="testServerDisconnectWhileClientPausedTest[4: transport=EPOLL, ssl=JDK]" classname="io.hekate.network.netty.PauseResumeReceivingTest" time="0.1"/>
  <testcase name="testClientDisconnectWhileBothPausedTest[4: transport=EPOLL, ssl=JDK]" classname="io.hekate.network.netty.PauseResumeReceivingTest" time="0.111"/>
  <testcase name="testServerNoHeartbeatTimeoutOnPause[4: transport=EPOLL, ssl=JDK]" classname="io.hekate.network.netty.PauseResumeReceivingTest" time="4.831"/>
  <testcase name="testServerDisconnectWhilePausedTest[5: transport=EPOLL, ssl=OPEN_SSL]" classname="io.hekate.network.netty.PauseResumeReceivingTest" time="0.098"/>
  <testcase name="testPauseClientTest[5: transport=EPOLL, ssl=OPEN_SSL]" classname="io.hekate.network.netty.PauseResumeReceivingTest" time="1.002"/>
  <testcase name="testClientNoHeartbeatTimeoutOnPause[5: transport=EPOLL, ssl=OPEN_SSL]" classname="io.hekate.network.netty.PauseResumeReceivingTest" time="2.491"/>
  <testcase name="testClientDisconnectWhilePausedTest[5: transport=EPOLL, ssl=OPEN_SSL]" classname="io.hekate.network.netty.PauseResumeReceivingTest" time="0.102"/>
  <testcase name="testServerDisconnectWhileBothPausedTest[5: transport=EPOLL, ssl=OPEN_SSL]" classname="io.hekate.network.netty.PauseResumeReceivingTest" time="0.099"/>
  <testcase name="testPauseServerTest[5: transport=EPOLL, ssl=OPEN_SSL]" classname="io.hekate.network.netty.PauseResumeReceivingTest" time="0.885"/>
  <testcase name="testClientDisconnectWhileServerPausedTest[5: transport=EPOLL, ssl=OPEN_SSL]" classname="io.hekate.network.netty.PauseResumeReceivingTest" time="0.102"/>
  <testcase name="testServerDisconnectWhileClientPausedTest[5: transport=EPOLL, ssl=OPEN_SSL]" classname="io.hekate.network.netty.PauseResumeReceivingTest" time="0.099"/>
  <testcase name="testClientDisconnectWhileBothPausedTest[5: transport=EPOLL, ssl=OPEN_SSL]" classname="io.hekate.network.netty.PauseResumeReceivingTest" time="0.101"/>
  <testcase name="testServerNoHeartbeatTimeoutOnPause[5: transport=EPOLL, ssl=OPEN_SSL]" classname="io.hekate.network.netty.PauseResumeReceivingTest" time="2.418"/>
</testsuite>