<?xml version="1.0" encoding="UTF-8"?>
<testsuite xmlns:xsi="http://www.w3.org/2001/XMLSchema-instance" xsi:schemaLocation="https://maven.apache.org/surefire/maven-surefire-plugin/xsd/surefire-test-report.xsd" name="io.hekate.messaging.internal.ResponseCallbackAcceptTest" time="9.255" tests="192" errors="0" skipped="0" failures="0">
  <properties>
    <property name="java.runtime.name" value="OpenJDK Runtime Environment"/>
    <property name="sun.boot.library.path" value="/usr/lib/jvm/java-8-openjdk-amd64/jre/lib/amd64"/>
    <property name="java.vm.version" value="25.121-b13"/>
    <property name="java.vm.vendor" value="Oracle Corporation"/>
    <property name="maven.multiModuleProjectDirectory" value="/root/workspace/hekate-io/hekate/383632883"/>
    <property name="java.vendor.url" value="http://java.oracle.com/"/>
    <property name="path.separator" value=":"/>
    <property name="guice.disable.misplaced.annotation.check" value="true"/>
    <property name="skip.gulp" value="true"/>
    <property name="java.vm.name" value="OpenJDK 64-Bit Server VM"/>
    <property name="file.encoding.pkg" value="sun.io"/>
    <property name="sun.java.launcher" value="SUN_STANDARD"/>
    <property name="sun.os.patch.level" value="unknown"/>
    <property name="findbugs.skip" value="true"/>
    <property name="java.vm.specification.name" value="Java Virtual Machine Specification"/>
    <property name="user.dir" value="/root/workspace/hekate-io/hekate/383632883"/>
    <property name="checkstyle.skip" value="true"/>
    <property name="java.runtime.version" value="1.8.0_121-8u121-b13-1~bpo8+1-b13"/>
    <property name="java.awt.graphicsenv" value="sun.awt.X11GraphicsEnvironment"/>
    <property name="skip.npm" value="true"/>
    <property name="java.endorsed.dirs" value="/usr/lib/jvm/java-8-openjdk-amd64/jre/lib/endorsed"/>
    <property name="os.arch" value="amd64"/>
    <property name="java.io.tmpdir" value="/tmp"/>
    <property name="gpg.skip" value="true"/>
    <property name="line.separator" value="&#10;"/>
    <property name="java.vm.specification.vendor" value="Oracle Corporation"/>
    <property name="cobertura.skip" value="true"/>
    <property name="os.name" value="Linux"/>
    <property name="classworlds.conf" value="/usr/share/maven/bin/m2.conf"/>
    <property name="sun.jnu.encoding" value="UTF-8"/>
    <property name="java.library.path" value="/usr/java/packages/lib/amd64:/usr/lib/x86_64-linux-gnu/jni:/lib/x86_64-linux-gnu:/usr/lib/x86_64-linux-gnu:/usr/lib/jni:/lib:/usr/lib"/>
    <property name="license.skip" value="true"/>
    <property name="java.specification.name" value="Java Platform API Specification"/>
    <property name="java.class.version" value="52.0"/>
    <property name="org.slf4j.simpleLogger.levelInBrackets" value="true"/>
    <property name="sun.management.compiler" value="HotSpot 64-Bit Tiered Compilers"/>
    <property name="skip.bower" value="true"/>
    <property name="maven.repo.local" value="/root/./workspace/hekate-io/hekate/383632883/.m2"/>
    <property name="os.version" value="3.10.0-862.2.3.el7.x86_64"/>
    <property name="user.home" value="/root"/>
    <property name="user.timezone" value="Europe/Paris"/>
    <property name="java.awt.printerjob" value="sun.print.PSPrinterJob"/>
    <property name="java.specification.version" value="1.8"/>
    <property name="file.encoding" value="UTF-8"/>
    <property name="user.name" value="root"/>
    <property name="java.class.path" value="/usr/share/maven/boot/plexus-classworlds-2.5.2.jar"/>
    <property name="skipITs" value="true"/>
    <property name="java.vm.specification.version" value="1.8"/>
    <property name="sun.arch.data.model" value="64"/>
    <property name="java.home" value="/usr/lib/jvm/java-8-openjdk-amd64/jre"/>
    <property name="sun.java.command" value="org.codehaus.plexus.classworlds.launcher.Launcher -B -D enforcer.skip=true -D dependency-check.skip=true -D skipITs=true -D cobertura.skip=true -D maven.repo.local=/root/./workspace/hekate-io/hekate/383632883/.m2 -D rat.skip=true -D findbugs.skip=true -D skip.bower=true -D gpg.skip=true -D checkstyle.skip=true -D skip.gulp=true -D license.skip=true -D skip.npm=true test"/>
    <property name="java.specification.vendor" value="Oracle Corporation"/>
    <property name="user.language" value="en"/>
    <property name="awt.toolkit" value="sun.awt.X11.XToolkit"/>
    <property name="dependency-check.skip" value="true"/>
    <property name="java.vm.info" value="mixed mode"/>
    <property name="java.version" value="1.8.0_121"/>
    <property name="java.ext.dirs" value="/usr/lib/jvm/java-8-openjdk-amd64/jre/lib/ext:/usr/java/packages/lib/ext"/>
    <property name="securerandom.source" value="file:/dev/./urandom"/>
    <property name="sun.boot.class.path" value="/usr/lib/jvm/java-8-openjdk-amd64/jre/lib/resources.jar:/usr/lib/jvm/java-8-openjdk-amd64/jre/lib/rt.jar:/usr/lib/jvm/java-8-openjdk-amd64/jre/lib/sunrsasign.jar:/usr/lib/jvm/java-8-openjdk-amd64/jre/lib/jsse.jar:/usr/lib/jvm/java-8-openjdk-amd64/jre/lib/jce.jar:/usr/lib/jvm/java-8-openjdk-amd64/jre/lib/charsets.jar:/usr/lib/jvm/java-8-openjdk-amd64/jre/lib/jfr.jar:/usr/lib/jvm/java-8-openjdk-amd64/jre/classes"/>
    <property name="java.vendor" value="Oracle Corporation"/>
    <property name="enforcer.skip" value="true"/>
    <property name="rat.skip" value="true"/>
    <property name="maven.home" value="/usr/share/maven"/>
    <property name="file.separator" value="/"/>
    <property name="java.vendor.url.bug" value="http://bugreport.sun.com/bugreport/"/>
    <property name="sun.cpu.endian" value="little"/>
    <property name="sun.io.unicode.encoding" value="UnicodeLittle"/>
    <property name="org.slf4j.simpleLogger.showThreadName" value="false"/>
    <property name="sun.cpu.isalist" value=""/>
  </properties>
  <testcase name="testCompleteWithPolicy[0: transport=NIO, worker-threads=0, nio-threads=1]" classname="io.hekate.messaging.internal.ResponseCallbackAcceptTest" time="0.034"/>
  <testcase name="testRetryWithPolicyFail[0: transport=NIO, worker-threads=0, nio-threads=1]" classname="io.hekate.messaging.internal.ResponseCallbackAcceptTest" time="0.045"/>
  <testcase name="testCompleteNoPolicy[0: transport=NIO, worker-threads=0, nio-threads=1]" classname="io.hekate.messaging.internal.ResponseCallbackAcceptTest" time="0.028"/>
  <testcase name="testRetryWithPolicyRetry[0: transport=NIO, worker-threads=0, nio-threads=1]" classname="io.hekate.messaging.internal.ResponseCallbackAcceptTest" time="0.029"/>
  <testcase name="testCompleteAfterReject[0: transport=NIO, worker-threads=0, nio-threads=1]" classname="io.hekate.messaging.internal.ResponseCallbackAcceptTest" time="0.031"/>
  <testcase name="testRetryNoPolicy[0: transport=NIO, worker-threads=0, nio-threads=1]" classname="io.hekate.messaging.internal.ResponseCallbackAcceptTest" time="0.028"/>
  <testcase name="testRetryWithError[0: transport=NIO, worker-threads=0, nio-threads=1]" classname="io.hekate.messaging.internal.ResponseCallbackAcceptTest" time="0.032"/>
  <testcase name="testDefaultWithError[0: transport=NIO, worker-threads=0, nio-threads=1]" classname="io.hekate.messaging.internal.ResponseCallbackAcceptTest" time="0.032"/>
  <testcase name="testCompleteWithPolicy[1: transport=NIO, worker-threads=1, nio-threads=1]" classname="io.hekate.messaging.internal.ResponseCallbackAcceptTest" time="0.032"/>
  <testcase name="testRetryWithPolicyFail[1: transport=NIO, worker-threads=1, nio-threads=1]" classname="io.hekate.messaging.internal.ResponseCallbackAcceptTest" time="0.032"/>
  <testcase name="testCompleteNoPolicy[1: transport=NIO, worker-threads=1, nio-threads=1]" classname="io.hekate.messaging.internal.ResponseCallbackAcceptTest" time="0.031"/>
  <testcase name="testRetryWithPolicyRetry[1: transport=NIO, worker-threads=1, nio-threads=1]" classname="io.hekate.messaging.internal.ResponseCallbackAcceptTest" time="0.048"/>
  <testcase name="testCompleteAfterReject[1: transport=NIO, worker-threads=1, nio-threads=1]" classname="io.hekate.messaging.internal.ResponseCallbackAcceptTest" time="0.031"/>
  <testcase name="testRetryNoPolicy[1: transport=NIO, worker-threads=1, nio-threads=1]" classname="io.hekate.messaging.internal.ResponseCallbackAcceptTest" time="0.028"/>
  <testcase name="testRetryWithError[1: transport=NIO, worker-threads=1, nio-threads=1]" classname="io.hekate.messaging.internal.ResponseCallbackAcceptTest" time="0.029"/>
  <testcase name="testDefaultWithError[1: transport=NIO, worker-threads=1, nio-threads=1]" classname="io.hekate.messaging.internal.ResponseCallbackAcceptTest" time="0.03"/>
  <testcase name="testCompleteWithPolicy[2: transport=NIO, worker-threads=4, nio-threads=1]" classname="io.hekate.messaging.internal.ResponseCallbackAcceptTest" time="0.028"/>
  <testcase name="testRetryWithPolicyFail[2: transport=NIO, worker-threads=4, nio-threads=1]" classname="io.hekate.messaging.internal.ResponseCallbackAcceptTest" time="0.031"/>
  <testcase name="testCompleteNoPolicy[2: transport=NIO, worker-threads=4, nio-threads=1]" classname="io.hekate.messaging.internal.ResponseCallbackAcceptTest" time="0.032"/>
  <testcase name="testRetryWithPolicyRetry[2: transport=NIO, worker-threads=4, nio-threads=1]" classname="io.hekate.messaging.internal.ResponseCallbackAcceptTest" time="0.029"/>
  <testcase name="testCompleteAfterReject[2: transport=NIO, worker-threads=4, nio-threads=1]" classname="io.hekate.messaging.internal.ResponseCallbackAcceptTest" time="0.033"/>
  <testcase name="testRetryNoPolicy[2: transport=NIO, worker-threads=4, nio-threads=1]" classname="io.hekate.messaging.internal.ResponseCallbackAcceptTest" time="0.029"/>
  <testcase name="testRetryWithError[2: transport=NIO, worker-threads=4, nio-threads=1]" classname="io.hekate.messaging.internal.ResponseCallbackAcceptTest" time="0.047"/>
  <testcase name="testDefaultWithError[2: transport=NIO, worker-threads=4, nio-threads=1]" classname="io.hekate.messaging.internal.ResponseCallbackAcceptTest" time="0.028"/>
  <testcase name="testCompleteWithPolicy[3: transport=NIO, worker-threads=5, nio-threads=0]" classname="io.hekate.messaging.internal.ResponseCallbackAcceptTest" time="0.027"/>
  <testcase name="testRetryWithPolicyFail[3: transport=NIO, worker-threads=5, nio-threads=0]" classname="io.hekate.messaging.internal.ResponseCallbackAcceptTest" time="0.029"/>
  <testcase name="testCompleteNoPolicy[3: transport=NIO, worker-threads=5, nio-threads=0]" classname="io.hekate.messaging.internal.ResponseCallbackAcceptTest" time="0.027"/>
  <testcase name="testRetryWithPolicyRetry[3: transport=NIO, worker-threads=5, nio-threads=0]" classname="io.hekate.messaging.internal.ResponseCallbackAcceptTest" time="0.032"/>
  <testcase name="testCompleteAfterReject[3: transport=NIO, worker-threads=5, nio-threads=0]" classname="io.hekate.messaging.internal.ResponseCallbackAcceptTest" time="0.032"/>
  <testcase name="testRetryNoPolicy[3: transport=NIO, worker-threads=5, nio-threads=0]" classname="io.hekate.messaging.internal.ResponseCallbackAcceptTest" time="0.028"/>
  <testcase name="testRetryWithError[3: transport=NIO, worker-threads=5, nio-threads=0]" classname="io.hekate.messaging.internal.ResponseCallbackAcceptTest" time="0.031"/>
  <testcase name="testDefaultWithError[3: transport=NIO, worker-threads=5, nio-threads=0]" classname="io.hekate.messaging.internal.ResponseCallbackAcceptTest" time="0.031"/>
  <testcase name="testCompleteWithPolicy[4: transport=NIO, ssl=JDK, worker-threads=0, nio-threads=1]" classname="io.hekate.messaging.internal.ResponseCallbackAcceptTest" time="0.061"/>
  <testcase name="testRetryWithPolicyFail[4: transport=NIO, ssl=JDK, worker-threads=0, nio-threads=1]" classname="io.hekate.messaging.internal.ResponseCallbackAcceptTest" time="0.076"/>
  <testcase name="testCompleteNoPolicy[4: transport=NIO, ssl=JDK, worker-threads=0, nio-threads=1]" classname="io.hekate.messaging.internal.ResponseCallbackAcceptTest" time="0.06"/>
  <testcase name="testRetryWithPolicyRetry[4: transport=NIO, ssl=JDK, worker-threads=0, nio-threads=1]" classname="io.hekate.messaging.internal.ResponseCallbackAcceptTest" time="0.06"/>
  <testcase name="testCompleteAfterReject[4: transport=NIO, ssl=JDK, worker-threads=0, nio-threads=1]" classname="io.hekate.messaging.internal.ResponseCallbackAcceptTest" time="0.065"/>
  <testcase name="testRetryNoPolicy[4: transport=NIO, ssl=JDK, worker-threads=0, nio-threads=1]" classname="io.hekate.messaging.internal.ResponseCallbackAcceptTest" time="0.065"/>
  <testcase name="testRetryWithError[4: transport=NIO, ssl=JDK, worker-threads=0, nio-threads=1]" classname="io.hekate.messaging.internal.ResponseCallbackAcceptTest" time="0.068"/>
  <testcase name="testDefaultWithError[4: transport=NIO, ssl=JDK, worker-threads=0, nio-threads=1]" classname="io.hekate.messaging.internal.ResponseCallbackAcceptTest" time="0.069"/>
  <testcase name="testCompleteWithPolicy[5: transport=NIO, ssl=JDK, worker-threads=1, nio-threads=1]" classname="io.hekate.messaging.internal.ResponseCallbackAcceptTest" time="0.067"/>
  <testcase name="testRetryWithPolicyFail[5: transport=NIO, ssl=JDK, worker-threads=1, nio-threads=1]" classname="io.hekate.messaging.internal.ResponseCallbackAcceptTest" time="0.066"/>
  <testcase name="testCompleteNoPolicy[5: transport=NIO, ssl=JDK, worker-threads=1, nio-threads=1]" classname="io.hekate.messaging.internal.ResponseCallbackAcceptTest" time="0.069"/>
  <testcase name="testRetryWithPolicyRetry[5: transport=NIO, ssl=JDK, worker-threads=1, nio-threads=1]" classname="io.hekate.messaging.internal.ResponseCallbackAcceptTest" time="0.085"/>
  <testcase name="testCompleteAfterReject[5: transport=NIO, ssl=JDK, worker-threads=1, nio-threads=1]" classname="io.hekate.messaging.internal.ResponseCallbackAcceptTest" time="0.068"/>
  <testcase name="testRetryNoPolicy[5: transport=NIO, ssl=JDK, worker-threads=1, nio-threads=1]" classname="io.hekate.messaging.internal.ResponseCallbackAcceptTest" time="0.066"/>
  <testcase name="testRetryWithError[5: transport=NIO, ssl=JDK, worker-threads=1, nio-threads=1]" classname="io.hekate.messaging.internal.ResponseCallbackAcceptTest" time="0.067"/>
  <testcase name="testDefaultWithError[5: transport=NIO, ssl=JDK, worker-threads=1, nio-threads=1]" classname="io.hekate.messaging.internal.ResponseCallbackAcceptTest" time="0.068"/>
  <testcase name="testCompleteWithPolicy[6: transport=NIO, ssl=JDK, worker-threads=4, nio-threads=1]" classname="io.hekate.messaging.internal.ResponseCallbackAcceptTest" time="0.065"/>
  <testcase name="testRetryWithPolicyFail[6: transport=NIO, ssl=JDK, worker-threads=4, nio-threads=1]" classname="io.hekate.messaging.internal.ResponseCallbackAcceptTest" time="0.066"/>
  <testcase name="testCompleteNoPolicy[6: transport=NIO, ssl=JDK, worker-threads=4, nio-threads=1]" classname="io.hekate.messaging.internal.ResponseCallbackAcceptTest" time="0.067"/>
  <testcase name="testRetryWithPolicyRetry[6: transport=NIO, ssl=JDK, worker-threads=4, nio-threads=1]" classname="io.hekate.messaging.internal.ResponseCallbackAcceptTest" time="0.072"/>
  <testcase name="testCompleteAfterReject[6: transport=NIO, ssl=JDK, worker-threads=4, nio-threads=1]" classname="io.hekate.messaging.internal.ResponseCallbackAcceptTest" time="0.094"/>
  <testcase name="testRetryNoPolicy[6: transport=NIO, ssl=JDK, worker-threads=4, nio-threads=1]" classname="io.hekate.messaging.internal.ResponseCallbackAcceptTest" time="0.072"/>
  <testcase name="testRetryWithError[6: transport=NIO, ssl=JDK, worker-threads=4, nio-threads=1]" classname="io.hekate.messaging.internal.ResponseCallbackAcceptTest" time="0.072"/>
  <testcase name="testDefaultWithError[6: transport=NIO, ssl=JDK, worker-threads=4, nio-threads=1]" classname="io.hekate.messaging.internal.ResponseCallbackAcceptTest" time="0.069"/>
  <testcase name="testCompleteWithPolicy[7: transport=NIO, ssl=JDK, worker-threads=5, nio-threads=0]" classname="io.hekate.messaging.internal.ResponseCallbackAcceptTest" time="0.071"/>
  <testcase name="testRetryWithPolicyFail[7: transport=NIO, ssl=JDK, worker-threads=5, nio-threads=0]" classname="io.hekate.messaging.internal.ResponseCallbackAcceptTest" time="0.075"/>
  <testcase name="testCompleteNoPolicy[7: transport=NIO, ssl=JDK, worker-threads=5, nio-threads=0]" classname="io.hekate.messaging.internal.ResponseCallbackAcceptTest" time="0.067"/>
  <testcase name="testRetryWithPolicyRetry[7: transport=NIO, ssl=JDK, worker-threads=5, nio-threads=0]" classname="io.hekate.messaging.internal.ResponseCallbackAcceptTest" time="0.075"/>
  <testcase name="testCompleteAfterReject[7: transport=NIO, ssl=JDK, worker-threads=5, nio-threads=0]" classname="io.hekate.messaging.internal.ResponseCallbackAcceptTest" time="0.09"/>
  <testcase name="testRetryNoPolicy[7: transport=NIO, ssl=JDK, worker-threads=5, nio-threads=0]" classname="io.hekate.messaging.internal.ResponseCallbackAcceptTest" time="0.064"/>
  <testcase name="testRetryWithError[7: transport=NIO, ssl=JDK, worker-threads=5, nio-threads=0]" classname="io.hekate.messaging.internal.ResponseCallbackAcceptTest" time="0.065"/>
  <testcase name="testDefaultWithError[7: transport=NIO, ssl=JDK, worker-threads=5, nio-threads=0]" classname="io.hekate.messaging.internal.ResponseCallbackAcceptTest" time="0.072"/>
  <testcase name="testCompleteWithPolicy[8: transport=NIO, ssl=OPEN_SSL, worker-threads=0, nio-threads=1]" classname="io.hekate.messaging.internal.ResponseCallbackAcceptTest" time="0.046"/>
  <testcase name="testRetryWithPolicyFail[8: transport=NIO, ssl=OPEN_SSL, worker-threads=0, nio-threads=1]" classname="io.hekate.messaging.internal.ResponseCallbackAcceptTest" time="0.047"/>
  <testcase name="testCompleteNoPolicy[8: transport=NIO, ssl=OPEN_SSL, worker-threads=0, nio-threads=1]" classname="io.hekate.messaging.internal.ResponseCallbackAcceptTest" time="0.046"/>
  <testcase name="testRetryWithPolicyRetry[8: transport=NIO, ssl=OPEN_SSL, worker-threads=0, nio-threads=1]" classname="io.hekate.messaging.internal.ResponseCallbackAcceptTest" time="0.05"/>
  <testcase name="testCompleteAfterReject[8: transport=NIO, ssl=OPEN_SSL, worker-threads=0, nio-threads=1]" classname="io.hekate.messaging.internal.ResponseCallbackAcceptTest" time="0.07"/>
  <testcase name="testRetryNoPolicy[8: transport=NIO, ssl=OPEN_SSL, worker-threads=0, nio-threads=1]" classname="io.hekate.messaging.internal.ResponseCallbackAcceptTest" time="0.101"/>
  <testcase name="testRetryWithError[8: transport=NIO, ssl=OPEN_SSL, worker-threads=0, nio-threads=1]" classname="io.hekate.messaging.internal.ResponseCallbackAcceptTest" time="0.041"/>
  <testcase name="testDefaultWithError[8: transport=NIO, ssl=OPEN_SSL, worker-threads=0, nio-threads=1]" classname="io.hekate.messaging.internal.ResponseCallbackAcceptTest" time="0.041"/>
  <testcase name="testCompleteWithPolicy[9: transport=NIO, ssl=OPEN_SSL, worker-threads=1, nio-threads=1]" classname="io.hekate.messaging.internal.ResponseCallbackAcceptTest" time="0.041"/>
  <testcase name="testRetryWithPolicyFail[9: transport=NIO, ssl=OPEN_SSL, worker-threads=1, nio-threads=1]" classname="io.hekate.messaging.internal.ResponseCallbackAcceptTest" time="0.044"/>
  <testcase name="testCompleteNoPolicy[9: transport=NIO, ssl=OPEN_SSL, worker-threads=1, nio-threads=1]" classname="io.hekate.messaging.internal.ResponseCallbackAcceptTest" time="0.046"/>
  <testcase name="testRetryWithPolicyRetry[9: transport=NIO, ssl=OPEN_SSL, worker-threads=1, nio-threads=1]" classname="io.hekate.messaging.internal.ResponseCallbackAcceptTest" time="0.044"/>
  <testcase name="testCompleteAfterReject[9: transport=NIO, ssl=OPEN_SSL, worker-threads=1, nio-threads=1]" classname="io.hekate.messaging.internal.ResponseCallbackAcceptTest" time="0.046"/>
  <testcase name="testRetryNoPolicy[9: transport=NIO, ssl=OPEN_SSL, worker-threads=1, nio-threads=1]" classname="io.hekate.messaging.internal.ResponseCallbackAcceptTest" time="0.063"/>
  <testcase name="testRetryWithError[9: transport=NIO, ssl=OPEN_SSL, worker-threads=1, nio-threads=1]" classname="io.hekate.messaging.internal.ResponseCallbackAcceptTest" time="0.056"/>
  <testcase name="testDefaultWithError[9: transport=NIO, ssl=OPEN_SSL, worker-threads=1, nio-threads=1]" classname="io.hekate.messaging.internal.ResponseCallbackAcceptTest" time="0.048"/>
  <testcase name="testCompleteWithPolicy[10: transport=NIO, ssl=OPEN_SSL, worker-threads=4, nio-threads=1]" classname="io.hekate.messaging.internal.ResponseCallbackAcceptTest" time="0.05"/>
  <testcase name="testRetryWithPolicyFail[10: transport=NIO, ssl=OPEN_SSL, worker-threads=4, nio-threads=1]" classname="io.hekate.messaging.internal.ResponseCallbackAcceptTest" time="0.064"/>
  <testcase name="testCompleteNoPolicy[10: transport=NIO, ssl=OPEN_SSL, worker-threads=4, nio-threads=1]" classname="io.hekate.messaging.internal.ResponseCallbackAcceptTest" time="0.047"/>
  <testcase name="testRetryWithPolicyRetry[10: transport=NIO, ssl=OPEN_SSL, worker-threads=4, nio-threads=1]" classname="io.hekate.messaging.internal.ResponseCallbackAcceptTest" time="0.053"/>
  <testcase name="testCompleteAfterReject[10: transport=NIO, ssl=OPEN_SSL, worker-threads=4, nio-threads=1]" classname="io.hekate.messaging.internal.ResponseCallbackAcceptTest" time="0.071"/>
  <testcase name="testRetryNoPolicy[10: transport=NIO, ssl=OPEN_SSL, worker-threads=4, nio-threads=1]" classname="io.hekate.messaging.internal.ResponseCallbackAcceptTest" time="0.049"/>
  <testcase name="testRetryWithError[10: transport=NIO, ssl=OPEN_SSL, worker-threads=4, nio-threads=1]" classname="io.hekate.messaging.internal.ResponseCallbackAcceptTest" time="0.052"/>
  <testcase name="testDefaultWithError[10: transport=NIO, ssl=OPEN_SSL, worker-threads=4, nio-threads=1]" classname="io.hekate.messaging.internal.ResponseCallbackAcceptTest" time="0.051"/>
  <testcase name="testCompleteWithPolicy[11: transport=NIO, ssl=OPEN_SSL, worker-threads=5, nio-threads=0]" classname="io.hekate.messaging.internal.ResponseCallbackAcceptTest" time="0.069"/>
  <testcase name="testRetryWithPolicyFail[11: transport=NIO, ssl=OPEN_SSL, worker-threads=5, nio-threads=0]" classname="io.hekate.messaging.internal.ResponseCallbackAcceptTest" time="0.048"/>
  <testcase name="testCompleteNoPolicy[11: transport=NIO, ssl=OPEN_SSL, worker-threads=5, nio-threads=0]" classname="io.hekate.messaging.internal.ResponseCallbackAcceptTest" time="0.046"/>
  <testcase name="testRetryWithPolicyRetry[11: transport=NIO, ssl=OPEN_SSL, worker-threads=5, nio-threads=0]" classname="io.hekate.messaging.internal.ResponseCallbackAcceptTest" time="0.05"/>
  <testcase name="testCompleteAfterReject[11: transport=NIO, ssl=OPEN_SSL, worker-threads=5, nio-threads=0]" classname="io.hekate.messaging.internal.ResponseCallbackAcceptTest" time="0.054"/>
  <testcase name="testRetryNoPolicy[11: transport=NIO, ssl=OPEN_SSL, worker-threads=5, nio-threads=0]" classname="io.hekate.messaging.internal.ResponseCallbackAcceptTest" time="0.048"/>
  <testcase name="testRetryWithError[11: transport=NIO, ssl=OPEN_SSL, worker-threads=5, nio-threads=0]" classname="io.hekate.messaging.internal.ResponseCallbackAcceptTest" time="0.053"/>
  <testcase name="testDefaultWithError[11: transport=NIO, ssl=OPEN_SSL, worker-threads=5, nio-threads=0]" classname="io.hekate.messaging.internal.ResponseCallbackAcceptTest" time="0.048"/>
  <testcase name="testCompleteWithPolicy[12: transport=EPOLL, worker-threads=0, nio-threads=1]" classname="io.hekate.messaging.internal.ResponseCallbackAcceptTest" time="0.032"/>
  <testcase name="testRetryWithPolicyFail[12: transport=EPOLL, worker-threads=0, nio-threads=1]" classname="io.hekate.messaging.internal.ResponseCallbackAcceptTest" time="0.029"/>
  <testcase name="testCompleteNoPolicy[12: transport=EPOLL, worker-threads=0, nio-threads=1]" classname="io.hekate.messaging.internal.ResponseCallbackAcceptTest" time="0.03"/>
  <testcase name="testRetryWithPolicyRetry[12: transport=EPOLL, worker-threads=0, nio-threads=1]" classname="io.hekate.messaging.internal.ResponseCallbackAcceptTest" time="0.029"/>
  <testcase name="testCompleteAfterReject[12: transport=EPOLL, worker-threads=0, nio-threads=1]" classname="io.hekate.messaging.internal.ResponseCallbackAcceptTest" time="0.055"/>
  <testcase name="testRetryNoPolicy[12: transport=EPOLL, worker-threads=0, nio-threads=1]" classname="io.hekate.messaging.internal.ResponseCallbackAcceptTest" time="0.027"/>
  <testcase name="testRetryWithError[12: transport=EPOLL, worker-threads=0, nio-threads=1]" classname="io.hekate.messaging.internal.ResponseCallbackAcceptTest" time="0.028"/>
  <testcase name="testDefaultWithError[12: transport=EPOLL, worker-threads=0, nio-threads=1]" classname="io.hekate.messaging.internal.ResponseCallbackAcceptTest" time="0.028"/>
  <testcase name="testCompleteWithPolicy[13: transport=EPOLL, worker-threads=1, nio-threads=1]" classname="io.hekate.messaging.internal.ResponseCallbackAcceptTest" time="0.03"/>
  <testcase name="testRetryWithPolicyFail[13: transport=EPOLL, worker-threads=1, nio-threads=1]" classname="io.hekate.messaging.internal.ResponseCallbackAcceptTest" time="0.031"/>
  <testcase name="testCompleteNoPolicy[13: transport=EPOLL, worker-threads=1, nio-threads=1]" classname="io.hekate.messaging.internal.ResponseCallbackAcceptTest" time="0.028"/>
  <testcase name="testRetryWithPolicyRetry[13: transport=EPOLL, worker-threads=1, nio-threads=1]" classname="io.hekate.messaging.internal.ResponseCallbackAcceptTest" time="0.035"/>
  <testcase name="testCompleteAfterReject[13: transport=EPOLL, worker-threads=1, nio-threads=1]" classname="io.hekate.messaging.internal.ResponseCallbackAcceptTest" time="0.032"/>
  <testcase name="testRetryNoPolicy[13: transport=EPOLL, worker-threads=1, nio-threads=1]" classname="io.hekate.messaging.internal.ResponseCallbackAcceptTest" time="0.031"/>
  <testcase name="testRetryWithError[13: transport=EPOLL, worker-threads=1, nio-threads=1]" classname="io.hekate.messaging.internal.ResponseCallbackAcceptTest" time="0.033"/>
  <testcase name="testDefaultWithError[13: transport=EPOLL, worker-threads=1, nio-threads=1]" classname="io.hekate.messaging.internal.ResponseCallbackAcceptTest" time="0.035"/>
  <testcase name="testCompleteWithPolicy[14: transport=EPOLL, worker-threads=4, nio-threads=1]" classname="io.hekate.messaging.internal.ResponseCallbackAcceptTest" time="0.034"/>
  <testcase name="testRetryWithPolicyFail[14: transport=EPOLL, worker-threads=4, nio-threads=1]" classname="io.hekate.messaging.internal.ResponseCallbackAcceptTest" time="0.05"/>
  <testcase name="testCompleteNoPolicy[14: transport=EPOLL, worker-threads=4, nio-threads=1]" classname="io.hekate.messaging.internal.ResponseCallbackAcceptTest" time="0.029"/>
  <testcase name="testRetryWithPolicyRetry[14: transport=EPOLL, worker-threads=4, nio-threads=1]" classname="io.hekate.messaging.internal.ResponseCallbackAcceptTest" time="0.027"/>
  <testcase name="testCompleteAfterReject[14: transport=EPOLL, worker-threads=4, nio-threads=1]" classname="io.hekate.messaging.internal.ResponseCallbackAcceptTest" time="0.024"/>
  <testcase name="testRetryNoPolicy[14: transport=EPOLL, worker-threads=4, nio-threads=1]" classname="io.hekate.messaging.internal.ResponseCallbackAcceptTest" time="0.022"/>
  <testcase name="testRetryWithError[14: transport=EPOLL, worker-threads=4, nio-threads=1]" classname="io.hekate.messaging.internal.ResponseCallbackAcceptTest" time="0.023"/>
  <testcase name="testDefaultWithError[14: transport=EPOLL, worker-threads=4, nio-threads=1]" classname="io.hekate.messaging.internal.ResponseCallbackAcceptTest" time="0.024"/>
  <testcase name="testCompleteWithPolicy[15: transport=EPOLL, worker-threads=5, nio-threads=0]" classname="io.hekate.messaging.internal.ResponseCallbackAcceptTest" time="0.021"/>
  <testcase name="testRetryWithPolicyFail[15: transport=EPOLL, worker-threads=5, nio-threads=0]" classname="io.hekate.messaging.internal.ResponseCallbackAcceptTest" time="0.021"/>
  <testcase name="testCompleteNoPolicy[15: transport=EPOLL, worker-threads=5, nio-threads=0]" classname="io.hekate.messaging.internal.ResponseCallbackAcceptTest" time="0.02"/>
  <testcase name="testRetryWithPolicyRetry[15: transport=EPOLL, worker-threads=5, nio-threads=0]" classname="io.hekate.messaging.internal.ResponseCallbackAcceptTest" time="0.039"/>
  <testcase name="testCompleteAfterReject[15: transport=EPOLL, worker-threads=5, nio-threads=0]" classname="io.hekate.messaging.internal.ResponseCallbackAcceptTest" time="0.031"/>
  <testcase name="testRetryNoPolicy[15: transport=EPOLL, worker-threads=5, nio-threads=0]" classname="io.hekate.messaging.internal.ResponseCallbackAcceptTest" time="0.022"/>
  <testcase name="testRetryWithError[15: transport=EPOLL, worker-threads=5, nio-threads=0]" classname="io.hekate.messaging.internal.ResponseCallbackAcceptTest" time="0.027"/>
  <testcase name="testDefaultWithError[15: transport=EPOLL, worker-threads=5, nio-threads=0]" classname="io.hekate.messaging.internal.ResponseCallbackAcceptTest" time="0.024"/>
  <testcase name="testCompleteWithPolicy[16: transport=EPOLL, ssl=JDK, worker-threads=0, nio-threads=1]" classname="io.hekate.messaging.internal.ResponseCallbackAcceptTest" time="0.051"/>
  <testcase name="testRetryWithPolicyFail[16: transport=EPOLL, ssl=JDK, worker-threads=0, nio-threads=1]" classname="io.hekate.messaging.internal.ResponseCallbackAcceptTest" time="0.048"/>
  <testcase name="testCompleteNoPolicy[16: transport=EPOLL, ssl=JDK, worker-threads=0, nio-threads=1]" classname="io.hekate.messaging.internal.ResponseCallbackAcceptTest" time="0.044"/>
  <testcase name="testRetryWithPolicyRetry[16: transport=EPOLL, ssl=JDK, worker-threads=0, nio-threads=1]" classname="io.hekate.messaging.internal.ResponseCallbackAcceptTest" time="0.045"/>
  <testcase name="testCompleteAfterReject[16: transport=EPOLL, ssl=JDK, worker-threads=0, nio-threads=1]" classname="io.hekate.messaging.internal.ResponseCallbackAcceptTest" time="0.045"/>
  <testcase name="testRetryNoPolicy[16: transport=EPOLL, ssl=JDK, worker-threads=0, nio-threads=1]" classname="io.hekate.messaging.internal.ResponseCallbackAcceptTest" time="0.046"/>
  <testcase name="testRetryWithError[16: transport=EPOLL, ssl=JDK, worker-threads=0, nio-threads=1]" classname="io.hekate.messaging.internal.ResponseCallbackAcceptTest" time="0.068"/>
  <testcase name="testDefaultWithError[16: transport=EPOLL, ssl=JDK, worker-threads=0, nio-threads=1]" classname="io.hekate.messaging.internal.ResponseCallbackAcceptTest" time="0.046"/>
  <testcase name="testCompleteWithPolicy[17: transport=EPOLL, ssl=JDK, worker-threads=1, nio-threads=1]" classname="io.hekate.messaging.internal.ResponseCallbackAcceptTest" time="0.048"/>
  <testcase name="testRetryWithPolicyFail[17: transport=EPOLL, ssl=JDK, worker-threads=1, nio-threads=1]" classname="io.hekate.messaging.internal.ResponseCallbackAcceptTest" time="0.049"/>
  <testcase name="testCompleteNoPolicy[17: transport=EPOLL, ssl=JDK, worker-threads=1, nio-threads=1]" classname="io.hekate.messaging.internal.ResponseCallbackAcceptTest" time="0.047"/>
  <testcase name="testRetryWithPolicyRetry[17: transport=EPOLL, ssl=JDK, worker-threads=1, nio-threads=1]" classname="io.hekate.messaging.internal.ResponseCallbackAcceptTest" time="0.051"/>
  <testcase name="testCompleteAfterReject[17: transport=EPOLL, ssl=JDK, worker-threads=1, nio-threads=1]" classname="io.hekate.messaging.internal.ResponseCallbackAcceptTest" time="0.048"/>
  <testcase name="testRetryNoPolicy[17: transport=EPOLL, ssl=JDK, worker-threads=1, nio-threads=1]" classname="io.hekate.messaging.internal.ResponseCallbackAcceptTest" time="0.046"/>
  <testcase name="testRetryWithError[17: transport=EPOLL, ssl=JDK, worker-threads=1, nio-threads=1]" classname="io.hekate.messaging.internal.ResponseCallbackAcceptTest" time="0.056"/>
  <testcase name="testDefaultWithError[17: transport=EPOLL, ssl=JDK, worker-threads=1, nio-threads=1]" classname="io.hekate.messaging.internal.ResponseCallbackAcceptTest" time="0.051"/>
  <testcase name="testCompleteWithPolicy[18: transport=EPOLL, ssl=JDK, worker-threads=4, nio-threads=1]" classname="io.hekate.messaging.internal.ResponseCallbackAcceptTest" time="0.05"/>
  <testcase name="testRetryWithPolicyFail[18: transport=EPOLL, ssl=JDK, worker-threads=4, nio-threads=1]" classname="io.hekate.messaging.internal.ResponseCallbackAcceptTest" time="0.065"/>
  <testcase name="testCompleteNoPolicy[18: transport=EPOLL, ssl=JDK, worker-threads=4, nio-threads=1]" classname="io.hekate.messaging.internal.ResponseCallbackAcceptTest" time="0.052"/>
  <testcase name="testRetryWithPolicyRetry[18: transport=EPOLL, ssl=JDK, worker-threads=4, nio-threads=1]" classname="io.hekate.messaging.internal.ResponseCallbackAcceptTest" time="0.054"/>
  <testcase name="testCompleteAfterReject[18: transport=EPOLL, ssl=JDK, worker-threads=4, nio-threads=1]" classname="io.hekate.messaging.internal.ResponseCallbackAcceptTest" time="0.057"/>
  <testcase name="testRetryNoPolicy[18: transport=EPOLL, ssl=JDK, worker-threads=4, nio-threads=1]" classname="io.hekate.messaging.internal.ResponseCallbackAcceptTest" time="0.054"/>
  <testcase name="testRetryWithError[18: transport=EPOLL, ssl=JDK, worker-threads=4, nio-threads=1]" classname="io.hekate.messaging.internal.ResponseCallbackAcceptTest" time="0.059"/>
  <testcase name="testDefaultWithError[18: transport=EPOLL, ssl=JDK, worker-threads=4, nio-threads=1]" classname="io.hekate.messaging.internal.ResponseCallbackAcceptTest" time="0.066"/>
  <testcase name="testCompleteWithPolicy[19: transport=EPOLL, ssl=JDK, worker-threads=5, nio-threads=0]" classname="io.hekate.messaging.internal.ResponseCallbackAcceptTest" time="0.067"/>
  <testcase name="testRetryWithPolicyFail[19: transport=EPOLL, ssl=JDK, worker-threads=5, nio-threads=0]" classname="io.hekate.messaging.internal.ResponseCallbackAcceptTest" time="0.062"/>
  <testcase name="testCompleteNoPolicy[19: transport=EPOLL, ssl=JDK, worker-threads=5, nio-threads=0]" classname="io.hekate.messaging.internal.ResponseCallbackAcceptTest" time="0.063"/>
  <testcase name="testRetryWithPolicyRetry[19: transport=EPOLL, ssl=JDK, worker-threads=5, nio-threads=0]" classname="io.hekate.messaging.internal.ResponseCallbackAcceptTest" time="0.086"/>
  <testcase name="testCompleteAfterReject[19: transport=EPOLL, ssl=JDK, worker-threads=5, nio-threads=0]" classname="io.hekate.messaging.internal.ResponseCallbackAcceptTest" time="0.067"/>
  <testcase name="testRetryNoPolicy[19: transport=EPOLL, ssl=JDK, worker-threads=5, nio-threads=0]" classname="io.hekate.messaging.internal.ResponseCallbackAcceptTest" time="0.062"/>
  <testcase name="testRetryWithError[19: transport=EPOLL, ssl=JDK, worker-threads=5, nio-threads=0]" classname="io.hekate.messaging.internal.ResponseCallbackAcceptTest" time="0.065"/>
  <testcase name="testDefaultWithError[19: transport=EPOLL, ssl=JDK, worker-threads=5, nio-threads=0]" classname="io.hekate.messaging.internal.ResponseCallbackAcceptTest" time="0.063"/>
  <testcase name="testCompleteWithPolicy[20: transport=EPOLL, ssl=OPEN_SSL, worker-threads=0, nio-threads=1]" classname="io.hekate.messaging.internal.ResponseCallbackAcceptTest" time="0.046"/>
  <testcase name="testRetryWithPolicyFail[20: transport=EPOLL, ssl=OPEN_SSL, worker-threads=0, nio-threads=1]" classname="io.hekate.messaging.internal.ResponseCallbackAcceptTest" time="0.046"/>
  <testcase name="testCompleteNoPolicy[20: transport=EPOLL, ssl=OPEN_SSL, worker-threads=0, nio-threads=1]" classname="io.hekate.messaging.internal.ResponseCallbackAcceptTest" time="0.046"/>
  <testcase name="testRetryWithPolicyRetry[20: transport=EPOLL, ssl=OPEN_SSL, worker-threads=0, nio-threads=1]" classname="io.hekate.messaging.internal.ResponseCallbackAcceptTest" time="0.05"/>
  <testcase name="testCompleteAfterReject[20: transport=EPOLL, ssl=OPEN_SSL, worker-threads=0, nio-threads=1]" classname="io.hekate.messaging.internal.ResponseCallbackAcceptTest" time="0.047"/>
  <testcase name="testRetryNoPolicy[20: transport=EPOLL, ssl=OPEN_SSL, worker-threads=0, nio-threads=1]" classname="io.hekate.messaging.internal.ResponseCallbackAcceptTest" time="0.043"/>
  <testcase name="testRetryWithError[20: transport=EPOLL, ssl=OPEN_SSL, worker-threads=0, nio-threads=1]" classname="io.hekate.messaging.internal.ResponseCallbackAcceptTest" time="0.069"/>
  <testcase name="testDefaultWithError[20: transport=EPOLL, ssl=OPEN_SSL, worker-threads=0, nio-threads=1]" classname="io.hekate.messaging.internal.ResponseCallbackAcceptTest" time="0.045"/>
  <testcase name="testCompleteWithPolicy[21: transport=EPOLL, ssl=OPEN_SSL, worker-threads=1, nio-threads=1]" classname="io.hekate.messaging.internal.ResponseCallbackAcceptTest" time="0.047"/>
  <testcase name="testRetryWithPolicyFail[21: transport=EPOLL, ssl=OPEN_SSL, worker-threads=1, nio-threads=1]" classname="io.hekate.messaging.internal.ResponseCallbackAcceptTest" time="0.044"/>
  <testcase name="testCompleteNoPolicy[21: transport=EPOLL, ssl=OPEN_SSL, worker-threads=1, nio-threads=1]" classname="io.hekate.messaging.internal.ResponseCallbackAcceptTest" time="0.046"/>
  <testcase name="testRetryWithPolicyRetry[21: transport=EPOLL, ssl=OPEN_SSL, worker-threads=1, nio-threads=1]" classname="io.hekate.messaging.internal.ResponseCallbackAcceptTest" time="0.046"/>
  <testcase name="testCompleteAfterReject[21: transport=EPOLL, ssl=OPEN_SSL, worker-threads=1, nio-threads=1]" classname="io.hekate.messaging.internal.ResponseCallbackAcceptTest" time="0.045"/>
  <testcase name="testRetryNoPolicy[21: transport=EPOLL, ssl=OPEN_SSL, worker-threads=1, nio-threads=1]" classname="io.hekate.messaging.internal.ResponseCallbackAcceptTest" time="0.044"/>
  <testcase name="testRetryWithError[21: transport=EPOLL, ssl=OPEN_SSL, worker-threads=1, nio-threads=1]" classname="io.hekate.messaging.internal.ResponseCallbackAcceptTest" time="0.064"/>
  <testcase name="testDefaultWithError[21: transport=EPOLL, ssl=OPEN_SSL, worker-threads=1, nio-threads=1]" classname="io.hekate.messaging.internal.ResponseCallbackAcceptTest" time="0.045"/>
  <testcase name="testCompleteWithPolicy[22: transport=EPOLL, ssl=OPEN_SSL, worker-threads=4, nio-threads=1]" classname="io.hekate.messaging.internal.ResponseCallbackAcceptTest" time="0.044"/>
  <testcase name="testRetryWithPolicyFail[22: transport=EPOLL, ssl=OPEN_SSL, worker-threads=4, nio-threads=1]" classname="io.hekate.messaging.internal.ResponseCallbackAcceptTest" time="0.047"/>
  <testcase name="testCompleteNoPolicy[22: transport=EPOLL, ssl=OPEN_SSL, worker-threads=4, nio-threads=1]" classname="io.hekate.messaging.internal.ResponseCallbackAcceptTest" time="0.045"/>
  <testcase name="testRetryWithPolicyRetry[22: transport=EPOLL, ssl=OPEN_SSL, worker-threads=4, nio-threads=1]" classname="io.hekate.messaging.internal.ResponseCallbackAcceptTest" time="0.051"/>
  <testcase name="testCompleteAfterReject[22: transport=EPOLL, ssl=OPEN_SSL, worker-threads=4, nio-threads=1]" classname="io.hekate.messaging.internal.ResponseCallbackAcceptTest" time="0.05"/>
  <testcase name="testRetryNoPolicy[22: transport=EPOLL, ssl=OPEN_SSL, worker-threads=4, nio-threads=1]" classname="io.hekate.messaging.internal.ResponseCallbackAcceptTest" time="0.047"/>
  <testcase name="testRetryWithError[22: transport=EPOLL, ssl=OPEN_SSL, worker-threads=4, nio-threads=1]" classname="io.hekate.messaging.internal.ResponseCallbackAcceptTest" time="0.052"/>
  <testcase name="testDefaultWithError[22: transport=EPOLL, ssl=OPEN_SSL, worker-threads=4, nio-threads=1]" classname="io.hekate.messaging.internal.ResponseCallbackAcceptTest" time="0.15"/>
  <testcase name="testCompleteWithPolicy[23: transport=EPOLL, ssl=OPEN_SSL, worker-threads=5, nio-threads=0]" classname="io.hekate.messaging.internal.ResponseCallbackAcceptTest" time="0.033"/>
  <testcase name="testRetryWithPolicyFail[23: transport=EPOLL, ssl=OPEN_SSL, worker-threads=5, nio-threads=0]" classname="io.hekate.messaging.internal.ResponseCallbackAcceptTest" time="0.032"/>
  <testcase name="testCompleteNoPolicy[23: transport=EPOLL, ssl=OPEN_SSL, worker-threads=5, nio-threads=0]" classname="io.hekate.messaging.internal.ResponseCallbackAcceptTest" time="0.034"/>
  <testcase name="testRetryWithPolicyRetry[23: transport=EPOLL, ssl=OPEN_SSL, worker-threads=5, nio-threads=0]" classname="io.hekate.messaging.internal.ResponseCallbackAcceptTest" time="0.042"/>
  <testcase name="testCompleteAfterReject[23: transport=EPOLL, ssl=OPEN_SSL, worker-threads=5, nio-threads=0]" classname="io.hekate.messaging.internal.ResponseCallbackAcceptTest" time="0.044"/>
  <testcase name="testRetryNoPolicy[23: transport=EPOLL, ssl=OPEN_SSL, worker-threads=5, nio-threads=0]" classname="io.hekate.messaging.internal.ResponseCallbackAcceptTest" time="0.037"/>
  <testcase name="testRetryWithError[23: transport=EPOLL, ssl=OPEN_SSL, worker-threads=5, nio-threads=0]" classname="io.hekate.messaging.internal.ResponseCallbackAcceptTest" time="0.043"/>
  <testcase name="testDefaultWithError[23: transport=EPOLL, ssl=OPEN_SSL, worker-threads=5, nio-threads=0]" classname="io.hekate.messaging.internal.ResponseCallbackAcceptTest" time="0.045"/>
</testsuite>