<?xml version="1.0" encoding="UTF-8"?>
<testsuite xmlns:xsi="http://www.w3.org/2001/XMLSchema-instance" xsi:schemaLocation="https://maven.apache.org/surefire/maven-surefire-plugin/xsd/surefire-test-report.xsd" name="io.hekate.messaging.internal.BackPressureRequestTest" time="46.053" tests="288" errors="0" skipped="0" failures="0">
  <properties>
    <property name="java.runtime.name" value="OpenJDK Runtime Environment"/>
    <property name="sun.boot.library.path" value="/usr/lib/jvm/java-8-openjdk-amd64/jre/lib/amd64"/>
    <property name="java.vm.version" value="25.121-b13"/>
    <property name="java.vm.vendor" value="Oracle Corporation"/>
    <property name="maven.multiModuleProjectDirectory" value="/root/workspace/hekate-io/hekate/383632883"/>
    <property name="java.vendor.url" value="http://java.oracle.com/"/>
    <property name="path.separator" value=":"/>
    <property name="guice.disable.misplaced.annotation.check" value="true"/>
    <property name="skip.gulp" value="true"/>
    <property name="java.vm.name" value="OpenJDK 64-Bit Server VM"/>
    <property name="file.encoding.pkg" value="sun.io"/>
    <property name="sun.java.launcher" value="SUN_STANDARD"/>
    <property name="sun.os.patch.level" value="unknown"/>
    <property name="findbugs.skip" value="true"/>
    <property name="java.vm.specification.name" value="Java Virtual Machine Specification"/>
    <property name="user.dir" value="/root/workspace/hekate-io/hekate/383632883"/>
    <property name="checkstyle.skip" value="true"/>
    <property name="java.runtime.version" value="1.8.0_121-8u121-b13-1~bpo8+1-b13"/>
    <property name="java.awt.graphicsenv" value="sun.awt.X11GraphicsEnvironment"/>
    <property name="skip.npm" value="true"/>
    <property name="java.endorsed.dirs" value="/usr/lib/jvm/java-8-openjdk-amd64/jre/lib/endorsed"/>
    <property name="os.arch" value="amd64"/>
    <property name="java.io.tmpdir" value="/tmp"/>
    <property name="gpg.skip" value="true"/>
    <property name="line.separator" value="&#10;"/>
    <property name="java.vm.specification.vendor" value="Oracle Corporation"/>
    <property name="cobertura.skip" value="true"/>
    <property name="os.name" value="Linux"/>
    <property name="classworlds.conf" value="/usr/share/maven/bin/m2.conf"/>
    <property name="sun.jnu.encoding" value="UTF-8"/>
    <property name="java.library.path" value="/usr/java/packages/lib/amd64:/usr/lib/x86_64-linux-gnu/jni:/lib/x86_64-linux-gnu:/usr/lib/x86_64-linux-gnu:/usr/lib/jni:/lib:/usr/lib"/>
    <property name="license.skip" value="true"/>
    <property name="java.specification.name" value="Java Platform API Specification"/>
    <property name="java.class.version" value="52.0"/>
    <property name="org.slf4j.simpleLogger.levelInBrackets" value="true"/>
    <property name="sun.management.compiler" value="HotSpot 64-Bit Tiered Compilers"/>
    <property name="skip.bower" value="true"/>
    <property name="maven.repo.local" value="/root/./workspace/hekate-io/hekate/383632883/.m2"/>
    <property name="os.version" value="3.10.0-862.2.3.el7.x86_64"/>
    <property name="user.home" value="/root"/>
    <property name="user.timezone" value="Europe/Paris"/>
    <property name="java.awt.printerjob" value="sun.print.PSPrinterJob"/>
    <property name="java.specification.version" value="1.8"/>
    <property name="file.encoding" value="UTF-8"/>
    <property name="user.name" value="root"/>
    <property name="java.class.path" value="/usr/share/maven/boot/plexus-classworlds-2.5.2.jar"/>
    <property name="skipITs" value="true"/>
    <property name="java.vm.specification.version" value="1.8"/>
    <property name="sun.arch.data.model" value="64"/>
    <property name="java.home" value="/usr/lib/jvm/java-8-openjdk-amd64/jre"/>
    <property name="sun.java.command" value="org.codehaus.plexus.classworlds.launcher.Launcher -B -D enforcer.skip=true -D dependency-check.skip=true -D skipITs=true -D cobertura.skip=true -D maven.repo.local=/root/./workspace/hekate-io/hekate/383632883/.m2 -D rat.skip=true -D findbugs.skip=true -D skip.bower=true -D gpg.skip=true -D checkstyle.skip=true -D skip.gulp=true -D license.skip=true -D skip.npm=true test"/>
    <property name="java.specification.vendor" value="Oracle Corporation"/>
    <property name="user.language" value="en"/>
    <property name="awt.toolkit" value="sun.awt.X11.XToolkit"/>
    <property name="dependency-check.skip" value="true"/>
    <property name="java.vm.info" value="mixed mode"/>
    <property name="java.version" value="1.8.0_121"/>
    <property name="java.ext.dirs" value="/usr/lib/jvm/java-8-openjdk-amd64/jre/lib/ext:/usr/java/packages/lib/ext"/>
    <property name="securerandom.source" value="file:/dev/./urandom"/>
    <property name="sun.boot.class.path" value="/usr/lib/jvm/java-8-openjdk-amd64/jre/lib/resources.jar:/usr/lib/jvm/java-8-openjdk-amd64/jre/lib/rt.jar:/usr/lib/jvm/java-8-openjdk-amd64/jre/lib/sunrsasign.jar:/usr/lib/jvm/java-8-openjdk-amd64/jre/lib/jsse.jar:/usr/lib/jvm/java-8-openjdk-amd64/jre/lib/jce.jar:/usr/lib/jvm/java-8-openjdk-amd64/jre/lib/charsets.jar:/usr/lib/jvm/java-8-openjdk-amd64/jre/lib/jfr.jar:/usr/lib/jvm/java-8-openjdk-amd64/jre/classes"/>
    <property name="java.vendor" value="Oracle Corporation"/>
    <property name="enforcer.skip" value="true"/>
    <property name="rat.skip" value="true"/>
    <property name="maven.home" value="/usr/share/maven"/>
    <property name="file.separator" value="/"/>
    <property name="java.vendor.url.bug" value="http://bugreport.sun.com/bugreport/"/>
    <property name="sun.cpu.endian" value="little"/>
    <property name="sun.io.unicode.encoding" value="UnicodeLittle"/>
    <property name="org.slf4j.simpleLogger.showThreadName" value="false"/>
    <property name="sun.cpu.isalist" value=""/>
  </properties>
  <testcase name="testContinuousBlocking[0: BackPressureTestContext[parent=transport=NIO, worker-threads=0, nio-threads=1, low-watermark=0, high-watermark=1]]" classname="io.hekate.messaging.internal.BackPressureRequestTest" time="0.236"/>
  <testcase name="testTimeout[0: BackPressureTestContext[parent=transport=NIO, worker-threads=0, nio-threads=1, low-watermark=0, high-watermark=1]]" classname="io.hekate.messaging.internal.BackPressureRequestTest" time="0.07"/>
  <testcase name="test[0: BackPressureTestContext[parent=transport=NIO, worker-threads=0, nio-threads=1, low-watermark=0, high-watermark=1]]" classname="io.hekate.messaging.internal.BackPressureRequestTest" time="0.055"/>
  <testcase name="testReplyIsNotGuarded[0: BackPressureTestContext[parent=transport=NIO, worker-threads=0, nio-threads=1, low-watermark=0, high-watermark=1]]" classname="io.hekate.messaging.internal.BackPressureRequestTest" time="0.03"/>
  <testcase name="testFailWithReceiverStop[0: BackPressureTestContext[parent=transport=NIO, worker-threads=0, nio-threads=1, low-watermark=0, high-watermark=1]]" classname="io.hekate.messaging.internal.BackPressureRequestTest" time="0.064"/>
  <testcase name="testBlockWithSenderStop[0: BackPressureTestContext[parent=transport=NIO, worker-threads=0, nio-threads=1, low-watermark=0, high-watermark=1]]" classname="io.hekate.messaging.internal.BackPressureRequestTest" time="0.281"/>
  <testcase name="testContinuousBlocking[1: BackPressureTestContext[parent=transport=NIO, worker-threads=0, nio-threads=1, low-watermark=2, high-watermark=4]]" classname="io.hekate.messaging.internal.BackPressureRequestTest" time="0.102"/>
  <testcase name="testTimeout[1: BackPressureTestContext[parent=transport=NIO, worker-threads=0, nio-threads=1, low-watermark=2, high-watermark=4]]" classname="io.hekate.messaging.internal.BackPressureRequestTest" time="0.09"/>
  <testcase name="test[1: BackPressureTestContext[parent=transport=NIO, worker-threads=0, nio-threads=1, low-watermark=2, high-watermark=4]]" classname="io.hekate.messaging.internal.BackPressureRequestTest" time="0.08"/>
  <testcase name="testReplyIsNotGuarded[1: BackPressureTestContext[parent=transport=NIO, worker-threads=0, nio-threads=1, low-watermark=2, high-watermark=4]]" classname="io.hekate.messaging.internal.BackPressureRequestTest" time="0.027"/>
  <testcase name="testFailWithReceiverStop[1: BackPressureTestContext[parent=transport=NIO, worker-threads=0, nio-threads=1, low-watermark=2, high-watermark=4]]" classname="io.hekate.messaging.internal.BackPressureRequestTest" time="0.069"/>
  <testcase name="testBlockWithSenderStop[1: BackPressureTestContext[parent=transport=NIO, worker-threads=0, nio-threads=1, low-watermark=2, high-watermark=4]]" classname="io.hekate.messaging.internal.BackPressureRequestTest" time="0.254"/>
  <testcase name="testContinuousBlocking[2: BackPressureTestContext[parent=transport=NIO, worker-threads=1, nio-threads=1, low-watermark=0, high-watermark=1]]" classname="io.hekate.messaging.internal.BackPressureRequestTest" time="0.25"/>
  <testcase name="testTimeout[2: BackPressureTestContext[parent=transport=NIO, worker-threads=1, nio-threads=1, low-watermark=0, high-watermark=1]]" classname="io.hekate.messaging.internal.BackPressureRequestTest" time="0.089"/>
  <testcase name="test[2: BackPressureTestContext[parent=transport=NIO, worker-threads=1, nio-threads=1, low-watermark=0, high-watermark=1]]" classname="io.hekate.messaging.internal.BackPressureRequestTest" time="0.079"/>
  <testcase name="testReplyIsNotGuarded[2: BackPressureTestContext[parent=transport=NIO, worker-threads=1, nio-threads=1, low-watermark=0, high-watermark=1]]" classname="io.hekate.messaging.internal.BackPressureRequestTest" time="0.029"/>
  <testcase name="testFailWithReceiverStop[2: BackPressureTestContext[parent=transport=NIO, worker-threads=1, nio-threads=1, low-watermark=0, high-watermark=1]]" classname="io.hekate.messaging.internal.BackPressureRequestTest" time="0.092"/>
  <testcase name="testBlockWithSenderStop[2: BackPressureTestContext[parent=transport=NIO, worker-threads=1, nio-threads=1, low-watermark=0, high-watermark=1]]" classname="io.hekate.messaging.internal.BackPressureRequestTest" time="0.258"/>
  <testcase name="testContinuousBlocking[3: BackPressureTestContext[parent=transport=NIO, worker-threads=1, nio-threads=1, low-watermark=2, high-watermark=4]]" classname="io.hekate.messaging.internal.BackPressureRequestTest" time="0.105"/>
  <testcase name="testTimeout[3: BackPressureTestContext[parent=transport=NIO, worker-threads=1, nio-threads=1, low-watermark=2, high-watermark=4]]" classname="io.hekate.messaging.internal.BackPressureRequestTest" time="0.09"/>
  <testcase name="test[3: BackPressureTestContext[parent=transport=NIO, worker-threads=1, nio-threads=1, low-watermark=2, high-watermark=4]]" classname="io.hekate.messaging.internal.BackPressureRequestTest" time="0.081"/>
  <testcase name="testReplyIsNotGuarded[3: BackPressureTestContext[parent=transport=NIO, worker-threads=1, nio-threads=1, low-watermark=2, high-watermark=4]]" classname="io.hekate.messaging.internal.BackPressureRequestTest" time="0.032"/>
  <testcase name="testFailWithReceiverStop[3: BackPressureTestContext[parent=transport=NIO, worker-threads=1, nio-threads=1, low-watermark=2, high-watermark=4]]" classname="io.hekate.messaging.internal.BackPressureRequestTest" time="0.076"/>
  <testcase name="testBlockWithSenderStop[3: BackPressureTestContext[parent=transport=NIO, worker-threads=1, nio-threads=1, low-watermark=2, high-watermark=4]]" classname="io.hekate.messaging.internal.BackPressureRequestTest" time="0.256"/>
  <testcase name="testContinuousBlocking[4: BackPressureTestContext[parent=transport=NIO, worker-threads=4, nio-threads=1, low-watermark=0, high-watermark=1]]" classname="io.hekate.messaging.internal.BackPressureRequestTest" time="0.451"/>
  <testcase name="testTimeout[4: BackPressureTestContext[parent=transport=NIO, worker-threads=4, nio-threads=1, low-watermark=0, high-watermark=1]]" classname="io.hekate.messaging.internal.BackPressureRequestTest" time="0.094"/>
  <testcase name="test[4: BackPressureTestContext[parent=transport=NIO, worker-threads=4, nio-threads=1, low-watermark=0, high-watermark=1]]" classname="io.hekate.messaging.internal.BackPressureRequestTest" time="0.105"/>
  <testcase name="testReplyIsNotGuarded[4: BackPressureTestContext[parent=transport=NIO, worker-threads=4, nio-threads=1, low-watermark=0, high-watermark=1]]" classname="io.hekate.messaging.internal.BackPressureRequestTest" time="0.034"/>
  <testcase name="testFailWithReceiverStop[4: BackPressureTestContext[parent=transport=NIO, worker-threads=4, nio-threads=1, low-watermark=0, high-watermark=1]]" classname="io.hekate.messaging.internal.BackPressureRequestTest" time="0.078"/>
  <testcase name="testBlockWithSenderStop[4: BackPressureTestContext[parent=transport=NIO, worker-threads=4, nio-threads=1, low-watermark=0, high-watermark=1]]" classname="io.hekate.messaging.internal.BackPressureRequestTest" time="0.259"/>
  <testcase name="testContinuousBlocking[5: BackPressureTestContext[parent=transport=NIO, worker-threads=4, nio-threads=1, low-watermark=2, high-watermark=4]]" classname="io.hekate.messaging.internal.BackPressureRequestTest" time="0.141"/>
  <testcase name="testTimeout[5: BackPressureTestContext[parent=transport=NIO, worker-threads=4, nio-threads=1, low-watermark=2, high-watermark=4]]" classname="io.hekate.messaging.internal.BackPressureRequestTest" time="0.09"/>
  <testcase name="test[5: BackPressureTestContext[parent=transport=NIO, worker-threads=4, nio-threads=1, low-watermark=2, high-watermark=4]]" classname="io.hekate.messaging.internal.BackPressureRequestTest" time="0.083"/>
  <testcase name="testReplyIsNotGuarded[5: BackPressureTestContext[parent=transport=NIO, worker-threads=4, nio-threads=1, low-watermark=2, high-watermark=4]]" classname="io.hekate.messaging.internal.BackPressureRequestTest" time="0.034"/>
  <testcase name="testFailWithReceiverStop[5: BackPressureTestContext[parent=transport=NIO, worker-threads=4, nio-threads=1, low-watermark=2, high-watermark=4]]" classname="io.hekate.messaging.internal.BackPressureRequestTest" time="0.075"/>
  <testcase name="testBlockWithSenderStop[5: BackPressureTestContext[parent=transport=NIO, worker-threads=4, nio-threads=1, low-watermark=2, high-watermark=4]]" classname="io.hekate.messaging.internal.BackPressureRequestTest" time="0.258"/>
  <testcase name="testContinuousBlocking[6: BackPressureTestContext[parent=transport=NIO, worker-threads=5, nio-threads=0, low-watermark=0, high-watermark=1]]" classname="io.hekate.messaging.internal.BackPressureRequestTest" time="0.371"/>
  <testcase name="testTimeout[6: BackPressureTestContext[parent=transport=NIO, worker-threads=5, nio-threads=0, low-watermark=0, high-watermark=1]]" classname="io.hekate.messaging.internal.BackPressureRequestTest" time="0.091"/>
  <testcase name="test[6: BackPressureTestContext[parent=transport=NIO, worker-threads=5, nio-threads=0, low-watermark=0, high-watermark=1]]" classname="io.hekate.messaging.internal.BackPressureRequestTest" time="0.082"/>
  <testcase name="testReplyIsNotGuarded[6: BackPressureTestContext[parent=transport=NIO, worker-threads=5, nio-threads=0, low-watermark=0, high-watermark=1]]" classname="io.hekate.messaging.internal.BackPressureRequestTest" time="0.033"/>
  <testcase name="testFailWithReceiverStop[6: BackPressureTestContext[parent=transport=NIO, worker-threads=5, nio-threads=0, low-watermark=0, high-watermark=1]]" classname="io.hekate.messaging.internal.BackPressureRequestTest" time="0.075"/>
  <testcase name="testBlockWithSenderStop[6: BackPressureTestContext[parent=transport=NIO, worker-threads=5, nio-threads=0, low-watermark=0, high-watermark=1]]" classname="io.hekate.messaging.internal.BackPressureRequestTest" time="0.256"/>
  <testcase name="testContinuousBlocking[7: BackPressureTestContext[parent=transport=NIO, worker-threads=5, nio-threads=0, low-watermark=2, high-watermark=4]]" classname="io.hekate.messaging.internal.BackPressureRequestTest" time="0.154"/>
  <testcase name="testTimeout[7: BackPressureTestContext[parent=transport=NIO, worker-threads=5, nio-threads=0, low-watermark=2, high-watermark=4]]" classname="io.hekate.messaging.internal.BackPressureRequestTest" time="0.09"/>
  <testcase name="test[7: BackPressureTestContext[parent=transport=NIO, worker-threads=5, nio-threads=0, low-watermark=2, high-watermark=4]]" classname="io.hekate.messaging.internal.BackPressureRequestTest" time="0.083"/>
  <testcase name="testReplyIsNotGuarded[7: BackPressureTestContext[parent=transport=NIO, worker-threads=5, nio-threads=0, low-watermark=2, high-watermark=4]]" classname="io.hekate.messaging.internal.BackPressureRequestTest" time="0.034"/>
  <testcase name="testFailWithReceiverStop[7: BackPressureTestContext[parent=transport=NIO, worker-threads=5, nio-threads=0, low-watermark=2, high-watermark=4]]" classname="io.hekate.messaging.internal.BackPressureRequestTest" time="0.093"/>
  <testcase name="testBlockWithSenderStop[7: BackPressureTestContext[parent=transport=NIO, worker-threads=5, nio-threads=0, low-watermark=2, high-watermark=4]]" classname="io.hekate.messaging.internal.BackPressureRequestTest" time="0.258"/>
  <testcase name="testContinuousBlocking[8: BackPressureTestContext[parent=transport=NIO, ssl=JDK, worker-threads=0, nio-threads=1, low-watermark=0, high-watermark=1]]" classname="io.hekate.messaging.internal.BackPressureRequestTest" time="0.334"/>
  <testcase name="testTimeout[8: BackPressureTestContext[parent=transport=NIO, ssl=JDK, worker-threads=0, nio-threads=1, low-watermark=0, high-watermark=1]]" classname="io.hekate.messaging.internal.BackPressureRequestTest" time="0.129"/>
  <testcase name="test[8: BackPressureTestContext[parent=transport=NIO, ssl=JDK, worker-threads=0, nio-threads=1, low-watermark=0, high-watermark=1]]" classname="io.hekate.messaging.internal.BackPressureRequestTest" time="0.114"/>
  <testcase name="testReplyIsNotGuarded[8: BackPressureTestContext[parent=transport=NIO, ssl=JDK, worker-threads=0, nio-threads=1, low-watermark=0, high-watermark=1]]" classname="io.hekate.messaging.internal.BackPressureRequestTest" time="0.067"/>
  <testcase name="testFailWithReceiverStop[8: BackPressureTestContext[parent=transport=NIO, ssl=JDK, worker-threads=0, nio-threads=1, low-watermark=0, high-watermark=1]]" classname="io.hekate.messaging.internal.BackPressureRequestTest" time="0.138"/>
  <testcase name="testBlockWithSenderStop[8: BackPressureTestContext[parent=transport=NIO, ssl=JDK, worker-threads=0, nio-threads=1, low-watermark=0, high-watermark=1]]" classname="io.hekate.messaging.internal.BackPressureRequestTest" time="0.289"/>
  <testcase name="testContinuousBlocking[9: BackPressureTestContext[parent=transport=NIO, ssl=JDK, worker-threads=0, nio-threads=1, low-watermark=2, high-watermark=4]]" classname="io.hekate.messaging.internal.BackPressureRequestTest" time="0.178"/>
  <testcase name="testTimeout[9: BackPressureTestContext[parent=transport=NIO, ssl=JDK, worker-threads=0, nio-threads=1, low-watermark=2, high-watermark=4]]" classname="io.hekate.messaging.internal.BackPressureRequestTest" time="0.128"/>
  <testcase name="test[9: BackPressureTestContext[parent=transport=NIO, ssl=JDK, worker-threads=0, nio-threads=1, low-watermark=2, high-watermark=4]]" classname="io.hekate.messaging.internal.BackPressureRequestTest" time="0.116"/>
  <testcase name="testReplyIsNotGuarded[9: BackPressureTestContext[parent=transport=NIO, ssl=JDK, worker-threads=0, nio-threads=1, low-watermark=2, high-watermark=4]]" classname="io.hekate.messaging.internal.BackPressureRequestTest" time="0.067"/>
  <testcase name="testFailWithReceiverStop[9: BackPressureTestContext[parent=transport=NIO, ssl=JDK, worker-threads=0, nio-threads=1, low-watermark=2, high-watermark=4]]" classname="io.hekate.messaging.internal.BackPressureRequestTest" time="0.146"/>
  <testcase name="testBlockWithSenderStop[9: BackPressureTestContext[parent=transport=NIO, ssl=JDK, worker-threads=0, nio-threads=1, low-watermark=2, high-watermark=4]]" classname="io.hekate.messaging.internal.BackPressureRequestTest" time="0.29"/>
  <testcase name="testContinuousBlocking[10: BackPressureTestContext[parent=transport=NIO, ssl=JDK, worker-threads=1, nio-threads=1, low-watermark=0, high-watermark=1]]" classname="io.hekate.messaging.internal.BackPressureRequestTest" time="0.488"/>
  <testcase name="testTimeout[10: BackPressureTestContext[parent=transport=NIO, ssl=JDK, worker-threads=1, nio-threads=1, low-watermark=0, high-watermark=1]]" classname="io.hekate.messaging.internal.BackPressureRequestTest" time="0.129"/>
  <testcase name="test[10: BackPressureTestContext[parent=transport=NIO, ssl=JDK, worker-threads=1, nio-threads=1, low-watermark=0, high-watermark=1]]" classname="io.hekate.messaging.internal.BackPressureRequestTest" time="0.114"/>
  <testcase name="testReplyIsNotGuarded[10: BackPressureTestContext[parent=transport=NIO, ssl=JDK, worker-threads=1, nio-threads=1, low-watermark=0, high-watermark=1]]" classname="io.hekate.messaging.internal.BackPressureRequestTest" time="0.091"/>
  <testcase name="testFailWithReceiverStop[10: BackPressureTestContext[parent=transport=NIO, ssl=JDK, worker-threads=1, nio-threads=1, low-watermark=0, high-watermark=1]]" classname="io.hekate.messaging.internal.BackPressureRequestTest" time="0.204"/>
  <testcase name="testBlockWithSenderStop[10: BackPressureTestContext[parent=transport=NIO, ssl=JDK, worker-threads=1, nio-threads=1, low-watermark=0, high-watermark=1]]" classname="io.hekate.messaging.internal.BackPressureRequestTest" time="0.277"/>
  <testcase name="testContinuousBlocking[11: BackPressureTestContext[parent=transport=NIO, ssl=JDK, worker-threads=1, nio-threads=1, low-watermark=2, high-watermark=4]]" classname="io.hekate.messaging.internal.BackPressureRequestTest" time="0.207"/>
  <testcase name="testTimeout[11: BackPressureTestContext[parent=transport=NIO, ssl=JDK, worker-threads=1, nio-threads=1, low-watermark=2, high-watermark=4]]" classname="io.hekate.messaging.internal.BackPressureRequestTest" time="0.126"/>
  <testcase name="test[11: BackPressureTestContext[parent=transport=NIO, ssl=JDK, worker-threads=1, nio-threads=1, low-watermark=2, high-watermark=4]]" classname="io.hekate.messaging.internal.BackPressureRequestTest" time="0.114"/>
  <testcase name="testReplyIsNotGuarded[11: BackPressureTestContext[parent=transport=NIO, ssl=JDK, worker-threads=1, nio-threads=1, low-watermark=2, high-watermark=4]]" classname="io.hekate.messaging.internal.BackPressureRequestTest" time="0.066"/>
  <testcase name="testFailWithReceiverStop[11: BackPressureTestContext[parent=transport=NIO, ssl=JDK, worker-threads=1, nio-threads=1, low-watermark=2, high-watermark=4]]" classname="io.hekate.messaging.internal.BackPressureRequestTest" time="0.145"/>
  <testcase name="testBlockWithSenderStop[11: BackPressureTestContext[parent=transport=NIO, ssl=JDK, worker-threads=1, nio-threads=1, low-watermark=2, high-watermark=4]]" classname="io.hekate.messaging.internal.BackPressureRequestTest" time="0.31"/>
  <testcase name="testContinuousBlocking[12: BackPressureTestContext[parent=transport=NIO, ssl=JDK, worker-threads=4, nio-threads=1, low-watermark=0, high-watermark=1]]" classname="io.hekate.messaging.internal.BackPressureRequestTest" time="0.589"/>
  <testcase name="testTimeout[12: BackPressureTestContext[parent=transport=NIO, ssl=JDK, worker-threads=4, nio-threads=1, low-watermark=0, high-watermark=1]]" classname="io.hekate.messaging.internal.BackPressureRequestTest" time="0.119"/>
  <testcase name="test[12: BackPressureTestContext[parent=transport=NIO, ssl=JDK, worker-threads=4, nio-threads=1, low-watermark=0, high-watermark=1]]" classname="io.hekate.messaging.internal.BackPressureRequestTest" time="0.118"/>
  <testcase name="testReplyIsNotGuarded[12: BackPressureTestContext[parent=transport=NIO, ssl=JDK, worker-threads=4, nio-threads=1, low-watermark=0, high-watermark=1]]" classname="io.hekate.messaging.internal.BackPressureRequestTest" time="0.073"/>
  <testcase name="testFailWithReceiverStop[12: BackPressureTestContext[parent=transport=NIO, ssl=JDK, worker-threads=4, nio-threads=1, low-watermark=0, high-watermark=1]]" classname="io.hekate.messaging.internal.BackPressureRequestTest" time="0.165"/>
  <testcase name="testBlockWithSenderStop[12: BackPressureTestContext[parent=transport=NIO, ssl=JDK, worker-threads=4, nio-threads=1, low-watermark=0, high-watermark=1]]" classname="io.hekate.messaging.internal.BackPressureRequestTest" time="0.293"/>
  <testcase name="testContinuousBlocking[13: BackPressureTestContext[parent=transport=NIO, ssl=JDK, worker-threads=4, nio-threads=1, low-watermark=2, high-watermark=4]]" classname="io.hekate.messaging.internal.BackPressureRequestTest" time="0.234"/>
  <testcase name="testTimeout[13: BackPressureTestContext[parent=transport=NIO, ssl=JDK, worker-threads=4, nio-threads=1, low-watermark=2, high-watermark=4]]" classname="io.hekate.messaging.internal.BackPressureRequestTest" time="0.123"/>
  <testcase name="test[13: BackPressureTestContext[parent=transport=NIO, ssl=JDK, worker-threads=4, nio-threads=1, low-watermark=2, high-watermark=4]]" classname="io.hekate.messaging.internal.BackPressureRequestTest" time="0.124"/>
  <testcase name="testReplyIsNotGuarded[13: BackPressureTestContext[parent=transport=NIO, ssl=JDK, worker-threads=4, nio-threads=1, low-watermark=2, high-watermark=4]]" classname="io.hekate.messaging.internal.BackPressureRequestTest" time="0.078"/>
  <testcase name="testFailWithReceiverStop[13: BackPressureTestContext[parent=transport=NIO, ssl=JDK, worker-threads=4, nio-threads=1, low-watermark=2, high-watermark=4]]" classname="io.hekate.messaging.internal.BackPressureRequestTest" time="0.149"/>
  <testcase name="testBlockWithSenderStop[13: BackPressureTestContext[parent=transport=NIO, ssl=JDK, worker-threads=4, nio-threads=1, low-watermark=2, high-watermark=4]]" classname="io.hekate.messaging.internal.BackPressureRequestTest" time="0.291"/>
  <testcase name="testContinuousBlocking[14: BackPressureTestContext[parent=transport=NIO, ssl=JDK, worker-threads=5, nio-threads=0, low-watermark=0, high-watermark=1]]" classname="io.hekate.messaging.internal.BackPressureRequestTest" time="0.545"/>
  <testcase name="testTimeout[14: BackPressureTestContext[parent=transport=NIO, ssl=JDK, worker-threads=5, nio-threads=0, low-watermark=0, high-watermark=1]]" classname="io.hekate.messaging.internal.BackPressureRequestTest" time="0.123"/>
  <testcase name="test[14: BackPressureTestContext[parent=transport=NIO, ssl=JDK, worker-threads=5, nio-threads=0, low-watermark=0, high-watermark=1]]" classname="io.hekate.messaging.internal.BackPressureRequestTest" time="0.134"/>
  <testcase name="testReplyIsNotGuarded[14: BackPressureTestContext[parent=transport=NIO, ssl=JDK, worker-threads=5, nio-threads=0, low-watermark=0, high-watermark=1]]" classname="io.hekate.messaging.internal.BackPressureRequestTest" time="0.071"/>
  <testcase name="testFailWithReceiverStop[14: BackPressureTestContext[parent=transport=NIO, ssl=JDK, worker-threads=5, nio-threads=0, low-watermark=0, high-watermark=1]]" classname="io.hekate.messaging.internal.BackPressureRequestTest" time="0.148"/>
  <testcase name="testBlockWithSenderStop[14: BackPressureTestContext[parent=transport=NIO, ssl=JDK, worker-threads=5, nio-threads=0, low-watermark=0, high-watermark=1]]" classname="io.hekate.messaging.internal.BackPressureRequestTest" time="0.29"/>
  <testcase name="testContinuousBlocking[15: BackPressureTestContext[parent=transport=NIO, ssl=JDK, worker-threads=5, nio-threads=0, low-watermark=2, high-watermark=4]]" classname="io.hekate.messaging.internal.BackPressureRequestTest" time="0.222"/>
  <testcase name="testTimeout[15: BackPressureTestContext[parent=transport=NIO, ssl=JDK, worker-threads=5, nio-threads=0, low-watermark=2, high-watermark=4]]" classname="io.hekate.messaging.internal.BackPressureRequestTest" time="0.135"/>
  <testcase name="test[15: BackPressureTestContext[parent=transport=NIO, ssl=JDK, worker-threads=5, nio-threads=0, low-watermark=2, high-watermark=4]]" classname="io.hekate.messaging.internal.BackPressureRequestTest" time="0.122"/>
  <testcase name="testReplyIsNotGuarded[15: BackPressureTestContext[parent=transport=NIO, ssl=JDK, worker-threads=5, nio-threads=0, low-watermark=2, high-watermark=4]]" classname="io.hekate.messaging.internal.BackPressureRequestTest" time="0.07"/>
  <testcase name="testFailWithReceiverStop[15: BackPressureTestContext[parent=transport=NIO, ssl=JDK, worker-threads=5, nio-threads=0, low-watermark=2, high-watermark=4]]" classname="io.hekate.messaging.internal.BackPressureRequestTest" time="0.141"/>
  <testcase name="testBlockWithSenderStop[15: BackPressureTestContext[parent=transport=NIO, ssl=JDK, worker-threads=5, nio-threads=0, low-watermark=2, high-watermark=4]]" classname="io.hekate.messaging.internal.BackPressureRequestTest" time="0.308"/>
  <testcase name="testContinuousBlocking[16: BackPressureTestContext[parent=transport=NIO, ssl=OPEN_SSL, worker-threads=0, nio-threads=1, low-watermark=0, high-watermark=1]]" classname="io.hekate.messaging.internal.BackPressureRequestTest" time="0.294"/>
  <testcase name="testTimeout[16: BackPressureTestContext[parent=transport=NIO, ssl=OPEN_SSL, worker-threads=0, nio-threads=1, low-watermark=0, high-watermark=1]]" classname="io.hekate.messaging.internal.BackPressureRequestTest" time="0.105"/>
  <testcase name="test[16: BackPressureTestContext[parent=transport=NIO, ssl=OPEN_SSL, worker-threads=0, nio-threads=1, low-watermark=0, high-watermark=1]]" classname="io.hekate.messaging.internal.BackPressureRequestTest" time="0.093"/>
  <testcase name="testReplyIsNotGuarded[16: BackPressureTestContext[parent=transport=NIO, ssl=OPEN_SSL, worker-threads=0, nio-threads=1, low-watermark=0, high-watermark=1]]" classname="io.hekate.messaging.internal.BackPressureRequestTest" time="0.046"/>
  <testcase name="testFailWithReceiverStop[16: BackPressureTestContext[parent=transport=NIO, ssl=OPEN_SSL, worker-threads=0, nio-threads=1, low-watermark=0, high-watermark=1]]" classname="io.hekate.messaging.internal.BackPressureRequestTest" time="0.102"/>
  <testcase name="testBlockWithSenderStop[16: BackPressureTestContext[parent=transport=NIO, ssl=OPEN_SSL, worker-threads=0, nio-threads=1, low-watermark=0, high-watermark=1]]" classname="io.hekate.messaging.internal.BackPressureRequestTest" time="0.27"/>
  <testcase name="testContinuousBlocking[17: BackPressureTestContext[parent=transport=NIO, ssl=OPEN_SSL, worker-threads=0, nio-threads=1, low-watermark=2, high-watermark=4]]" classname="io.hekate.messaging.internal.BackPressureRequestTest" time="0.143"/>
  <testcase name="testTimeout[17: BackPressureTestContext[parent=transport=NIO, ssl=OPEN_SSL, worker-threads=0, nio-threads=1, low-watermark=2, high-watermark=4]]" classname="io.hekate.messaging.internal.BackPressureRequestTest" time="0.102"/>
  <testcase name="test[17: BackPressureTestContext[parent=transport=NIO, ssl=OPEN_SSL, worker-threads=0, nio-threads=1, low-watermark=2, high-watermark=4]]" classname="io.hekate.messaging.internal.BackPressureRequestTest" time="0.094"/>
  <testcase name="testReplyIsNotGuarded[17: BackPressureTestContext[parent=transport=NIO, ssl=OPEN_SSL, worker-threads=0, nio-threads=1, low-watermark=2, high-watermark=4]]" classname="io.hekate.messaging.internal.BackPressureRequestTest" time="0.05"/>
  <testcase name="testFailWithReceiverStop[17: BackPressureTestContext[parent=transport=NIO, ssl=OPEN_SSL, worker-threads=0, nio-threads=1, low-watermark=2, high-watermark=4]]" classname="io.hekate.messaging.internal.BackPressureRequestTest" time="0.126"/>
  <testcase name="testBlockWithSenderStop[17: BackPressureTestContext[parent=transport=NIO, ssl=OPEN_SSL, worker-threads=0, nio-threads=1, low-watermark=2, high-watermark=4]]" classname="io.hekate.messaging.internal.BackPressureRequestTest" time="0.269"/>
  <testcase name="testContinuousBlocking[18: BackPressureTestContext[parent=transport=NIO, ssl=OPEN_SSL, worker-threads=1, nio-threads=1, low-watermark=0, high-watermark=1]]" classname="io.hekate.messaging.internal.BackPressureRequestTest" time="0.432"/>
  <testcase name="testTimeout[18: BackPressureTestContext[parent=transport=NIO, ssl=OPEN_SSL, worker-threads=1, nio-threads=1, low-watermark=0, high-watermark=1]]" classname="io.hekate.messaging.internal.BackPressureRequestTest" time="0.103"/>
  <testcase name="test[18: BackPressureTestContext[parent=transport=NIO, ssl=OPEN_SSL, worker-threads=1, nio-threads=1, low-watermark=0, high-watermark=1]]" classname="io.hekate.messaging.internal.BackPressureRequestTest" time="0.094"/>
  <testcase name="testReplyIsNotGuarded[18: BackPressureTestContext[parent=transport=NIO, ssl=OPEN_SSL, worker-threads=1, nio-threads=1, low-watermark=0, high-watermark=1]]" classname="io.hekate.messaging.internal.BackPressureRequestTest" time="0.048"/>
  <testcase name="testFailWithReceiverStop[18: BackPressureTestContext[parent=transport=NIO, ssl=OPEN_SSL, worker-threads=1, nio-threads=1, low-watermark=0, high-watermark=1]]" classname="io.hekate.messaging.internal.BackPressureRequestTest" time="0.102"/>
  <testcase name="testBlockWithSenderStop[18: BackPressureTestContext[parent=transport=NIO, ssl=OPEN_SSL, worker-threads=1, nio-threads=1, low-watermark=0, high-watermark=1]]" classname="io.hekate.messaging.internal.BackPressureRequestTest" time="0.271"/>
  <testcase name="testContinuousBlocking[19: BackPressureTestContext[parent=transport=NIO, ssl=OPEN_SSL, worker-threads=1, nio-threads=1, low-watermark=2, high-watermark=4]]" classname="io.hekate.messaging.internal.BackPressureRequestTest" time="0.173"/>
  <testcase name="testTimeout[19: BackPressureTestContext[parent=transport=NIO, ssl=OPEN_SSL, worker-threads=1, nio-threads=1, low-watermark=2, high-watermark=4]]" classname="io.hekate.messaging.internal.BackPressureRequestTest" time="0.103"/>
  <testcase name="test[19: BackPressureTestContext[parent=transport=NIO, ssl=OPEN_SSL, worker-threads=1, nio-threads=1, low-watermark=2, high-watermark=4]]" classname="io.hekate.messaging.internal.BackPressureRequestTest" time="0.094"/>
  <testcase name="testReplyIsNotGuarded[19: BackPressureTestContext[parent=transport=NIO, ssl=OPEN_SSL, worker-threads=1, nio-threads=1, low-watermark=2, high-watermark=4]]" classname="io.hekate.messaging.internal.BackPressureRequestTest" time="0.068"/>
  <testcase name="testFailWithReceiverStop[19: BackPressureTestContext[parent=transport=NIO, ssl=OPEN_SSL, worker-threads=1, nio-threads=1, low-watermark=2, high-watermark=4]]" classname="io.hekate.messaging.internal.BackPressureRequestTest" time="0.1"/>
  <testcase name="testBlockWithSenderStop[19: BackPressureTestContext[parent=transport=NIO, ssl=OPEN_SSL, worker-threads=1, nio-threads=1, low-watermark=2, high-watermark=4]]" classname="io.hekate.messaging.internal.BackPressureRequestTest" time="0.269"/>
  <testcase name="testContinuousBlocking[20: BackPressureTestContext[parent=transport=NIO, ssl=OPEN_SSL, worker-threads=4, nio-threads=1, low-watermark=0, high-watermark=1]]" classname="io.hekate.messaging.internal.BackPressureRequestTest" time="0.469"/>
  <testcase name="testTimeout[20: BackPressureTestContext[parent=transport=NIO, ssl=OPEN_SSL, worker-threads=4, nio-threads=1, low-watermark=0, high-watermark=1]]" classname="io.hekate.messaging.internal.BackPressureRequestTest" time="0.107"/>
  <testcase name="test[20: BackPressureTestContext[parent=transport=NIO, ssl=OPEN_SSL, worker-threads=4, nio-threads=1, low-watermark=0, high-watermark=1]]" classname="io.hekate.messaging.internal.BackPressureRequestTest" time="0.096"/>
  <testcase name="testReplyIsNotGuarded[20: BackPressureTestContext[parent=transport=NIO, ssl=OPEN_SSL, worker-threads=4, nio-threads=1, low-watermark=0, high-watermark=1]]" classname="io.hekate.messaging.internal.BackPressureRequestTest" time="0.05"/>
  <testcase name="testFailWithReceiverStop[20: BackPressureTestContext[parent=transport=NIO, ssl=OPEN_SSL, worker-threads=4, nio-threads=1, low-watermark=0, high-watermark=1]]" classname="io.hekate.messaging.internal.BackPressureRequestTest" time="0.102"/>
  <testcase name="testBlockWithSenderStop[20: BackPressureTestContext[parent=transport=NIO, ssl=OPEN_SSL, worker-threads=4, nio-threads=1, low-watermark=0, high-watermark=1]]" classname="io.hekate.messaging.internal.BackPressureRequestTest" time="0.268"/>
  <testcase name="testContinuousBlocking[21: BackPressureTestContext[parent=transport=NIO, ssl=OPEN_SSL, worker-threads=4, nio-threads=1, low-watermark=2, high-watermark=4]]" classname="io.hekate.messaging.internal.BackPressureRequestTest" time="0.185"/>
  <testcase name="testTimeout[21: BackPressureTestContext[parent=transport=NIO, ssl=OPEN_SSL, worker-threads=4, nio-threads=1, low-watermark=2, high-watermark=4]]" classname="io.hekate.messaging.internal.BackPressureRequestTest" time="0.124"/>
  <testcase name="test[21: BackPressureTestContext[parent=transport=NIO, ssl=OPEN_SSL, worker-threads=4, nio-threads=1, low-watermark=2, high-watermark=4]]" classname="io.hekate.messaging.internal.BackPressureRequestTest" time="0.094"/>
  <testcase name="testReplyIsNotGuarded[21: BackPressureTestContext[parent=transport=NIO, ssl=OPEN_SSL, worker-threads=4, nio-threads=1, low-watermark=2, high-watermark=4]]" classname="io.hekate.messaging.internal.BackPressureRequestTest" time="0.051"/>
  <testcase name="testFailWithReceiverStop[21: BackPressureTestContext[parent=transport=NIO, ssl=OPEN_SSL, worker-threads=4, nio-threads=1, low-watermark=2, high-watermark=4]]" classname="io.hekate.messaging.internal.BackPressureRequestTest" time="0.103"/>
  <testcase name="testBlockWithSenderStop[21: BackPressureTestContext[parent=transport=NIO, ssl=OPEN_SSL, worker-threads=4, nio-threads=1, low-watermark=2, high-watermark=4]]" classname="io.hekate.messaging.internal.BackPressureRequestTest" time="0.27"/>
  <testcase name="testContinuousBlocking[22: BackPressureTestContext[parent=transport=NIO, ssl=OPEN_SSL, worker-threads=5, nio-threads=0, low-watermark=0, high-watermark=1]]" classname="io.hekate.messaging.internal.BackPressureRequestTest" time="0.458"/>
  <testcase name="testTimeout[22: BackPressureTestContext[parent=transport=NIO, ssl=OPEN_SSL, worker-threads=5, nio-threads=0, low-watermark=0, high-watermark=1]]" classname="io.hekate.messaging.internal.BackPressureRequestTest" time="0.106"/>
  <testcase name="test[22: BackPressureTestContext[parent=transport=NIO, ssl=OPEN_SSL, worker-threads=5, nio-threads=0, low-watermark=0, high-watermark=1]]" classname="io.hekate.messaging.internal.BackPressureRequestTest" time="0.095"/>
  <testcase name="testReplyIsNotGuarded[22: BackPressureTestContext[parent=transport=NIO, ssl=OPEN_SSL, worker-threads=5, nio-threads=0, low-watermark=0, high-watermark=1]]" classname="io.hekate.messaging.internal.BackPressureRequestTest" time="0.048"/>
  <testcase name="testFailWithReceiverStop[22: BackPressureTestContext[parent=transport=NIO, ssl=OPEN_SSL, worker-threads=5, nio-threads=0, low-watermark=0, high-watermark=1]]" classname="io.hekate.messaging.internal.BackPressureRequestTest" time="0.099"/>
  <testcase name="testBlockWithSenderStop[22: BackPressureTestContext[parent=transport=NIO, ssl=OPEN_SSL, worker-threads=5, nio-threads=0, low-watermark=0, high-watermark=1]]" classname="io.hekate.messaging.internal.BackPressureRequestTest" time="0.268"/>
  <testcase name="testContinuousBlocking[23: BackPressureTestContext[parent=transport=NIO, ssl=OPEN_SSL, worker-threads=5, nio-threads=0, low-watermark=2, high-watermark=4]]" classname="io.hekate.messaging.internal.BackPressureRequestTest" time="0.202"/>
  <testcase name="testTimeout[23: BackPressureTestContext[parent=transport=NIO, ssl=OPEN_SSL, worker-threads=5, nio-threads=0, low-watermark=2, high-watermark=4]]" classname="io.hekate.messaging.internal.BackPressureRequestTest" time="0.106"/>
  <testcase name="test[23: BackPressureTestContext[parent=transport=NIO, ssl=OPEN_SSL, worker-threads=5, nio-threads=0, low-watermark=2, high-watermark=4]]" classname="io.hekate.messaging.internal.BackPressureRequestTest" time="0.095"/>
  <testcase name="testReplyIsNotGuarded[23: BackPressureTestContext[parent=transport=NIO, ssl=OPEN_SSL, worker-threads=5, nio-threads=0, low-watermark=2, high-watermark=4]]" classname="io.hekate.messaging.internal.BackPressureRequestTest" time="0.049"/>
  <testcase name="testFailWithReceiverStop[23: BackPressureTestContext[parent=transport=NIO, ssl=OPEN_SSL, worker-threads=5, nio-threads=0, low-watermark=2, high-watermark=4]]" classname="io.hekate.messaging.internal.BackPressureRequestTest" time="0.102"/>
  <testcase name="testBlockWithSenderStop[23: BackPressureTestContext[parent=transport=NIO, ssl=OPEN_SSL, worker-threads=5, nio-threads=0, low-watermark=2, high-watermark=4]]" classname="io.hekate.messaging.internal.BackPressureRequestTest" time="0.27"/>
  <testcase name="testContinuousBlocking[24: BackPressureTestContext[parent=transport=EPOLL, worker-threads=0, nio-threads=1, low-watermark=0, high-watermark=1]]" classname="io.hekate.messaging.internal.BackPressureRequestTest" time="0.227"/>
  <testcase name="testTimeout[24: BackPressureTestContext[parent=transport=EPOLL, worker-threads=0, nio-threads=1, low-watermark=0, high-watermark=1]]" classname="io.hekate.messaging.internal.BackPressureRequestTest" time="0.091"/>
  <testcase name="test[24: BackPressureTestContext[parent=transport=EPOLL, worker-threads=0, nio-threads=1, low-watermark=0, high-watermark=1]]" classname="io.hekate.messaging.internal.BackPressureRequestTest" time="0.082"/>
  <testcase name="testReplyIsNotGuarded[24: BackPressureTestContext[parent=transport=EPOLL, worker-threads=0, nio-threads=1, low-watermark=0, high-watermark=1]]" classname="io.hekate.messaging.internal.BackPressureRequestTest" time="0.033"/>
  <testcase name="testFailWithReceiverStop[24: BackPressureTestContext[parent=transport=EPOLL, worker-threads=0, nio-threads=1, low-watermark=0, high-watermark=1]]" classname="io.hekate.messaging.internal.BackPressureRequestTest" time="0.076"/>
  <testcase name="testBlockWithSenderStop[24: BackPressureTestContext[parent=transport=EPOLL, worker-threads=0, nio-threads=1, low-watermark=0, high-watermark=1]]" classname="io.hekate.messaging.internal.BackPressureRequestTest" time="0.276"/>
  <testcase name="testContinuousBlocking[25: BackPressureTestContext[parent=transport=EPOLL, worker-threads=0, nio-threads=1, low-watermark=2, high-watermark=4]]" classname="io.hekate.messaging.internal.BackPressureRequestTest" time="0.103"/>
  <testcase name="testTimeout[25: BackPressureTestContext[parent=transport=EPOLL, worker-threads=0, nio-threads=1, low-watermark=2, high-watermark=4]]" classname="io.hekate.messaging.internal.BackPressureRequestTest" time="0.092"/>
  <testcase name="test[25: BackPressureTestContext[parent=transport=EPOLL, worker-threads=0, nio-threads=1, low-watermark=2, high-watermark=4]]" classname="io.hekate.messaging.internal.BackPressureRequestTest" time="0.081"/>
  <testcase name="testReplyIsNotGuarded[25: BackPressureTestContext[parent=transport=EPOLL, worker-threads=0, nio-threads=1, low-watermark=2, high-watermark=4]]" classname="io.hekate.messaging.internal.BackPressureRequestTest" time="0.032"/>
  <testcase name="testFailWithReceiverStop[25: BackPressureTestContext[parent=transport=EPOLL, worker-threads=0, nio-threads=1, low-watermark=2, high-watermark=4]]" classname="io.hekate.messaging.internal.BackPressureRequestTest" time="0.076"/>
  <testcase name="testBlockWithSenderStop[25: BackPressureTestContext[parent=transport=EPOLL, worker-threads=0, nio-threads=1, low-watermark=2, high-watermark=4]]" classname="io.hekate.messaging.internal.BackPressureRequestTest" time="0.256"/>
  <testcase name="testContinuousBlocking[26: BackPressureTestContext[parent=transport=EPOLL, worker-threads=1, nio-threads=1, low-watermark=0, high-watermark=1]]" classname="io.hekate.messaging.internal.BackPressureRequestTest" time="0.268"/>
  <testcase name="testTimeout[26: BackPressureTestContext[parent=transport=EPOLL, worker-threads=1, nio-threads=1, low-watermark=0, high-watermark=1]]" classname="io.hekate.messaging.internal.BackPressureRequestTest" time="0.094"/>
  <testcase name="test[26: BackPressureTestContext[parent=transport=EPOLL, worker-threads=1, nio-threads=1, low-watermark=0, high-watermark=1]]" classname="io.hekate.messaging.internal.BackPressureRequestTest" time="0.081"/>
  <testcase name="testReplyIsNotGuarded[26: BackPressureTestContext[parent=transport=EPOLL, worker-threads=1, nio-threads=1, low-watermark=0, high-watermark=1]]" classname="io.hekate.messaging.internal.BackPressureRequestTest" time="0.032"/>
  <testcase name="testFailWithReceiverStop[26: BackPressureTestContext[parent=transport=EPOLL, worker-threads=1, nio-threads=1, low-watermark=0, high-watermark=1]]" classname="io.hekate.messaging.internal.BackPressureRequestTest" time="0.092"/>
  <testcase name="testBlockWithSenderStop[26: BackPressureTestContext[parent=transport=EPOLL, worker-threads=1, nio-threads=1, low-watermark=0, high-watermark=1]]" classname="io.hekate.messaging.internal.BackPressureRequestTest" time="0.256"/>
  <testcase name="testContinuousBlocking[27: BackPressureTestContext[parent=transport=EPOLL, worker-threads=1, nio-threads=1, low-watermark=2, high-watermark=4]]" classname="io.hekate.messaging.internal.BackPressureRequestTest" time="0.132"/>
  <testcase name="testTimeout[27: BackPressureTestContext[parent=transport=EPOLL, worker-threads=1, nio-threads=1, low-watermark=2, high-watermark=4]]" classname="io.hekate.messaging.internal.BackPressureRequestTest" time="0.092"/>
  <testcase name="test[27: BackPressureTestContext[parent=transport=EPOLL, worker-threads=1, nio-threads=1, low-watermark=2, high-watermark=4]]" classname="io.hekate.messaging.internal.BackPressureRequestTest" time="0.083"/>
  <testcase name="testReplyIsNotGuarded[27: BackPressureTestContext[parent=transport=EPOLL, worker-threads=1, nio-threads=1, low-watermark=2, high-watermark=4]]" classname="io.hekate.messaging.internal.BackPressureRequestTest" time="0.033"/>
  <testcase name="testFailWithReceiverStop[27: BackPressureTestContext[parent=transport=EPOLL, worker-threads=1, nio-threads=1, low-watermark=2, high-watermark=4]]" classname="io.hekate.messaging.internal.BackPressureRequestTest" time="0.079"/>
  <testcase name="testBlockWithSenderStop[27: BackPressureTestContext[parent=transport=EPOLL, worker-threads=1, nio-threads=1, low-watermark=2, high-watermark=4]]" classname="io.hekate.messaging.internal.BackPressureRequestTest" time="0.256"/>
  <testcase name="testContinuousBlocking[28: BackPressureTestContext[parent=transport=EPOLL, worker-threads=4, nio-threads=1, low-watermark=0, high-watermark=1]]" classname="io.hekate.messaging.internal.BackPressureRequestTest" time="0.408"/>
  <testcase name="testTimeout[28: BackPressureTestContext[parent=transport=EPOLL, worker-threads=4, nio-threads=1, low-watermark=0, high-watermark=1]]" classname="io.hekate.messaging.internal.BackPressureRequestTest" time="0.094"/>
  <testcase name="test[28: BackPressureTestContext[parent=transport=EPOLL, worker-threads=4, nio-threads=1, low-watermark=0, high-watermark=1]]" classname="io.hekate.messaging.internal.BackPressureRequestTest" time="0.083"/>
  <testcase name="testReplyIsNotGuarded[28: BackPressureTestContext[parent=transport=EPOLL, worker-threads=4, nio-threads=1, low-watermark=0, high-watermark=1]]" classname="io.hekate.messaging.internal.BackPressureRequestTest" time="0.052"/>
  <testcase name="testFailWithReceiverStop[28: BackPressureTestContext[parent=transport=EPOLL, worker-threads=4, nio-threads=1, low-watermark=0, high-watermark=1]]" classname="io.hekate.messaging.internal.BackPressureRequestTest" time="0.075"/>
  <testcase name="testBlockWithSenderStop[28: BackPressureTestContext[parent=transport=EPOLL, worker-threads=4, nio-threads=1, low-watermark=0, high-watermark=1]]" classname="io.hekate.messaging.internal.BackPressureRequestTest" time="0.259"/>
  <testcase name="testContinuousBlocking[29: BackPressureTestContext[parent=transport=EPOLL, worker-threads=4, nio-threads=1, low-watermark=2, high-watermark=4]]" classname="io.hekate.messaging.internal.BackPressureRequestTest" time="0.145"/>
  <testcase name="testTimeout[29: BackPressureTestContext[parent=transport=EPOLL, worker-threads=4, nio-threads=1, low-watermark=2, high-watermark=4]]" classname="io.hekate.messaging.internal.BackPressureRequestTest" time="0.092"/>
  <testcase name="test[29: BackPressureTestContext[parent=transport=EPOLL, worker-threads=4, nio-threads=1, low-watermark=2, high-watermark=4]]" classname="io.hekate.messaging.internal.BackPressureRequestTest" time="0.084"/>
  <testcase name="testReplyIsNotGuarded[29: BackPressureTestContext[parent=transport=EPOLL, worker-threads=4, nio-threads=1, low-watermark=2, high-watermark=4]]" classname="io.hekate.messaging.internal.BackPressureRequestTest" time="0.034"/>
  <testcase name="testFailWithReceiverStop[29: BackPressureTestContext[parent=transport=EPOLL, worker-threads=4, nio-threads=1, low-watermark=2, high-watermark=4]]" classname="io.hekate.messaging.internal.BackPressureRequestTest" time="0.078"/>
  <testcase name="testBlockWithSenderStop[29: BackPressureTestContext[parent=transport=EPOLL, worker-threads=4, nio-threads=1, low-watermark=2, high-watermark=4]]" classname="io.hekate.messaging.internal.BackPressureRequestTest" time="0.256"/>
  <testcase name="testContinuousBlocking[30: BackPressureTestContext[parent=transport=EPOLL, worker-threads=5, nio-threads=0, low-watermark=0, high-watermark=1]]" classname="io.hekate.messaging.internal.BackPressureRequestTest" time="0.362"/>
  <testcase name="testTimeout[30: BackPressureTestContext[parent=transport=EPOLL, worker-threads=5, nio-threads=0, low-watermark=0, high-watermark=1]]" classname="io.hekate.messaging.internal.BackPressureRequestTest" time="0.109"/>
  <testcase name="test[30: BackPressureTestContext[parent=transport=EPOLL, worker-threads=5, nio-threads=0, low-watermark=0, high-watermark=1]]" classname="io.hekate.messaging.internal.BackPressureRequestTest" time="0.083"/>
  <testcase name="testReplyIsNotGuarded[30: BackPressureTestContext[parent=transport=EPOLL, worker-threads=5, nio-threads=0, low-watermark=0, high-watermark=1]]" classname="io.hekate.messaging.internal.BackPressureRequestTest" time="0.033"/>
  <testcase name="testFailWithReceiverStop[30: BackPressureTestContext[parent=transport=EPOLL, worker-threads=5, nio-threads=0, low-watermark=0, high-watermark=1]]" classname="io.hekate.messaging.internal.BackPressureRequestTest" time="0.078"/>
  <testcase name="testBlockWithSenderStop[30: BackPressureTestContext[parent=transport=EPOLL, worker-threads=5, nio-threads=0, low-watermark=0, high-watermark=1]]" classname="io.hekate.messaging.internal.BackPressureRequestTest" time="0.259"/>
  <testcase name="testContinuousBlocking[31: BackPressureTestContext[parent=transport=EPOLL, worker-threads=5, nio-threads=0, low-watermark=2, high-watermark=4]]" classname="io.hekate.messaging.internal.BackPressureRequestTest" time="0.14"/>
  <testcase name="testTimeout[31: BackPressureTestContext[parent=transport=EPOLL, worker-threads=5, nio-threads=0, low-watermark=2, high-watermark=4]]" classname="io.hekate.messaging.internal.BackPressureRequestTest" time="0.091"/>
  <testcase name="test[31: BackPressureTestContext[parent=transport=EPOLL, worker-threads=5, nio-threads=0, low-watermark=2, high-watermark=4]]" classname="io.hekate.messaging.internal.BackPressureRequestTest" time="0.084"/>
  <testcase name="testReplyIsNotGuarded[31: BackPressureTestContext[parent=transport=EPOLL, worker-threads=5, nio-threads=0, low-watermark=2, high-watermark=4]]" classname="io.hekate.messaging.internal.BackPressureRequestTest" time="0.034"/>
  <testcase name="testFailWithReceiverStop[31: BackPressureTestContext[parent=transport=EPOLL, worker-threads=5, nio-threads=0, low-watermark=2, high-watermark=4]]" classname="io.hekate.messaging.internal.BackPressureRequestTest" time="0.088"/>
  <testcase name="testBlockWithSenderStop[31: BackPressureTestContext[parent=transport=EPOLL, worker-threads=5, nio-threads=0, low-watermark=2, high-watermark=4]]" classname="io.hekate.messaging.internal.BackPressureRequestTest" time="0.254"/>
  <testcase name="testContinuousBlocking[32: BackPressureTestContext[parent=transport=EPOLL, ssl=JDK, worker-threads=0, nio-threads=1, low-watermark=0, high-watermark=1]]" classname="io.hekate.messaging.internal.BackPressureRequestTest" time="0.406"/>
  <testcase name="testTimeout[32: BackPressureTestContext[parent=transport=EPOLL, ssl=JDK, worker-threads=0, nio-threads=1, low-watermark=0, high-watermark=1]]" classname="io.hekate.messaging.internal.BackPressureRequestTest" time="0.126"/>
  <testcase name="test[32: BackPressureTestContext[parent=transport=EPOLL, ssl=JDK, worker-threads=0, nio-threads=1, low-watermark=0, high-watermark=1]]" classname="io.hekate.messaging.internal.BackPressureRequestTest" time="0.112"/>
  <testcase name="testReplyIsNotGuarded[32: BackPressureTestContext[parent=transport=EPOLL, ssl=JDK, worker-threads=0, nio-threads=1, low-watermark=0, high-watermark=1]]" classname="io.hekate.messaging.internal.BackPressureRequestTest" time="0.068"/>
  <testcase name="testFailWithReceiverStop[32: BackPressureTestContext[parent=transport=EPOLL, ssl=JDK, worker-threads=0, nio-threads=1, low-watermark=0, high-watermark=1]]" classname="io.hekate.messaging.internal.BackPressureRequestTest" time="0.144"/>
  <testcase name="testBlockWithSenderStop[32: BackPressureTestContext[parent=transport=EPOLL, ssl=JDK, worker-threads=0, nio-threads=1, low-watermark=0, high-watermark=1]]" classname="io.hekate.messaging.internal.BackPressureRequestTest" time="0.29"/>
  <testcase name="testContinuousBlocking[33: BackPressureTestContext[parent=transport=EPOLL, ssl=JDK, worker-threads=0, nio-threads=1, low-watermark=2, high-watermark=4]]" classname="io.hekate.messaging.internal.BackPressureRequestTest" time="0.151"/>
  <testcase name="testTimeout[33: BackPressureTestContext[parent=transport=EPOLL, ssl=JDK, worker-threads=0, nio-threads=1, low-watermark=2, high-watermark=4]]" classname="io.hekate.messaging.internal.BackPressureRequestTest" time="0.143"/>
  <testcase name="test[33: BackPressureTestContext[parent=transport=EPOLL, ssl=JDK, worker-threads=0, nio-threads=1, low-watermark=2, high-watermark=4]]" classname="io.hekate.messaging.internal.BackPressureRequestTest" time="0.118"/>
  <testcase name="testReplyIsNotGuarded[33: BackPressureTestContext[parent=transport=EPOLL, ssl=JDK, worker-threads=0, nio-threads=1, low-watermark=2, high-watermark=4]]" classname="io.hekate.messaging.internal.BackPressureRequestTest" time="0.068"/>
  <testcase name="testFailWithReceiverStop[33: BackPressureTestContext[parent=transport=EPOLL, ssl=JDK, worker-threads=0, nio-threads=1, low-watermark=2, high-watermark=4]]" classname="io.hekate.messaging.internal.BackPressureRequestTest" time="0.145"/>
  <testcase name="testBlockWithSenderStop[33: BackPressureTestContext[parent=transport=EPOLL, ssl=JDK, worker-threads=0, nio-threads=1, low-watermark=2, high-watermark=4]]" classname="io.hekate.messaging.internal.BackPressureRequestTest" time="0.29"/>
  <testcase name="testContinuousBlocking[34: BackPressureTestContext[parent=transport=EPOLL, ssl=JDK, worker-threads=1, nio-threads=1, low-watermark=0, high-watermark=1]]" classname="io.hekate.messaging.internal.BackPressureRequestTest" time="0.528"/>
  <testcase name="testTimeout[34: BackPressureTestContext[parent=transport=EPOLL, ssl=JDK, worker-threads=1, nio-threads=1, low-watermark=0, high-watermark=1]]" classname="io.hekate.messaging.internal.BackPressureRequestTest" time="1.121"/>
  <testcase name="test[34: BackPressureTestContext[parent=transport=EPOLL, ssl=JDK, worker-threads=1, nio-threads=1, low-watermark=0, high-watermark=1]]" classname="io.hekate.messaging.internal.BackPressureRequestTest" time="0.117"/>
  <testcase name="testReplyIsNotGuarded[34: BackPressureTestContext[parent=transport=EPOLL, ssl=JDK, worker-threads=1, nio-threads=1, low-watermark=0, high-watermark=1]]" classname="io.hekate.messaging.internal.BackPressureRequestTest" time="0.067"/>
  <testcase name="testFailWithReceiverStop[34: BackPressureTestContext[parent=transport=EPOLL, ssl=JDK, worker-threads=1, nio-threads=1, low-watermark=0, high-watermark=1]]" classname="io.hekate.messaging.internal.BackPressureRequestTest" time="0.146"/>
  <testcase name="testBlockWithSenderStop[34: BackPressureTestContext[parent=transport=EPOLL, ssl=JDK, worker-threads=1, nio-threads=1, low-watermark=0, high-watermark=1]]" classname="io.hekate.messaging.internal.BackPressureRequestTest" time="0.318"/>
  <testcase name="testContinuousBlocking[35: BackPressureTestContext[parent=transport=EPOLL, ssl=JDK, worker-threads=1, nio-threads=1, low-watermark=2, high-watermark=4]]" classname="io.hekate.messaging.internal.BackPressureRequestTest" time="0.217"/>
  <testcase name="testTimeout[35: BackPressureTestContext[parent=transport=EPOLL, ssl=JDK, worker-threads=1, nio-threads=1, low-watermark=2, high-watermark=4]]" classname="io.hekate.messaging.internal.BackPressureRequestTest" time="0.128"/>
  <testcase name="test[35: BackPressureTestContext[parent=transport=EPOLL, ssl=JDK, worker-threads=1, nio-threads=1, low-watermark=2, high-watermark=4]]" classname="io.hekate.messaging.internal.BackPressureRequestTest" time="0.116"/>
  <testcase name="testReplyIsNotGuarded[35: BackPressureTestContext[parent=transport=EPOLL, ssl=JDK, worker-threads=1, nio-threads=1, low-watermark=2, high-watermark=4]]" classname="io.hekate.messaging.internal.BackPressureRequestTest" time="0.072"/>
  <testcase name="testFailWithReceiverStop[35: BackPressureTestContext[parent=transport=EPOLL, ssl=JDK, worker-threads=1, nio-threads=1, low-watermark=2, high-watermark=4]]" classname="io.hekate.messaging.internal.BackPressureRequestTest" time="0.147"/>
  <testcase name="testBlockWithSenderStop[35: BackPressureTestContext[parent=transport=EPOLL, ssl=JDK, worker-threads=1, nio-threads=1, low-watermark=2, high-watermark=4]]" classname="io.hekate.messaging.internal.BackPressureRequestTest" time="0.291"/>
  <testcase name="testContinuousBlocking[36: BackPressureTestContext[parent=transport=EPOLL, ssl=JDK, worker-threads=4, nio-threads=1, low-watermark=0, high-watermark=1]]" classname="io.hekate.messaging.internal.BackPressureRequestTest" time="0.526"/>
  <testcase name="testTimeout[36: BackPressureTestContext[parent=transport=EPOLL, ssl=JDK, worker-threads=4, nio-threads=1, low-watermark=0, high-watermark=1]]" classname="io.hekate.messaging.internal.BackPressureRequestTest" time="0.151"/>
  <testcase name="test[36: BackPressureTestContext[parent=transport=EPOLL, ssl=JDK, worker-threads=4, nio-threads=1, low-watermark=0, high-watermark=1]]" classname="io.hekate.messaging.internal.BackPressureRequestTest" time="0.118"/>
  <testcase name="testReplyIsNotGuarded[36: BackPressureTestContext[parent=transport=EPOLL, ssl=JDK, worker-threads=4, nio-threads=1, low-watermark=0, high-watermark=1]]" classname="io.hekate.messaging.internal.BackPressureRequestTest" time="0.069"/>
  <testcase name="testFailWithReceiverStop[36: BackPressureTestContext[parent=transport=EPOLL, ssl=JDK, worker-threads=4, nio-threads=1, low-watermark=0, high-watermark=1]]" classname="io.hekate.messaging.internal.BackPressureRequestTest" time="0.145"/>
  <testcase name="testBlockWithSenderStop[36: BackPressureTestContext[parent=transport=EPOLL, ssl=JDK, worker-threads=4, nio-threads=1, low-watermark=0, high-watermark=1]]" classname="io.hekate.messaging.internal.BackPressureRequestTest" time="0.289"/>
  <testcase name="testContinuousBlocking[37: BackPressureTestContext[parent=transport=EPOLL, ssl=JDK, worker-threads=4, nio-threads=1, low-watermark=2, high-watermark=4]]" classname="io.hekate.messaging.internal.BackPressureRequestTest" time="0.201"/>
  <testcase name="testTimeout[37: BackPressureTestContext[parent=transport=EPOLL, ssl=JDK, worker-threads=4, nio-threads=1, low-watermark=2, high-watermark=4]]" classname="io.hekate.messaging.internal.BackPressureRequestTest" time="0.12"/>
  <testcase name="test[37: BackPressureTestContext[parent=transport=EPOLL, ssl=JDK, worker-threads=4, nio-threads=1, low-watermark=2, high-watermark=4]]" classname="io.hekate.messaging.internal.BackPressureRequestTest" time="0.116"/>
  <testcase name="testReplyIsNotGuarded[37: BackPressureTestContext[parent=transport=EPOLL, ssl=JDK, worker-threads=4, nio-threads=1, low-watermark=2, high-watermark=4]]" classname="io.hekate.messaging.internal.BackPressureRequestTest" time="0.072"/>
  <testcase name="testFailWithReceiverStop[37: BackPressureTestContext[parent=transport=EPOLL, ssl=JDK, worker-threads=4, nio-threads=1, low-watermark=2, high-watermark=4]]" classname="io.hekate.messaging.internal.BackPressureRequestTest" time="0.169"/>
  <testcase name="testBlockWithSenderStop[37: BackPressureTestContext[parent=transport=EPOLL, ssl=JDK, worker-threads=4, nio-threads=1, low-watermark=2, high-watermark=4]]" classname="io.hekate.messaging.internal.BackPressureRequestTest" time="0.293"/>
  <testcase name="testContinuousBlocking[38: BackPressureTestContext[parent=transport=EPOLL, ssl=JDK, worker-threads=5, nio-threads=0, low-watermark=0, high-watermark=1]]" classname="io.hekate.messaging.internal.BackPressureRequestTest" time="0.424"/>
  <testcase name="testTimeout[38: BackPressureTestContext[parent=transport=EPOLL, ssl=JDK, worker-threads=5, nio-threads=0, low-watermark=0, high-watermark=1]]" classname="io.hekate.messaging.internal.BackPressureRequestTest" time="0.117"/>
  <testcase name="test[38: BackPressureTestContext[parent=transport=EPOLL, ssl=JDK, worker-threads=5, nio-threads=0, low-watermark=0, high-watermark=1]]" classname="io.hekate.messaging.internal.BackPressureRequestTest" time="0.114"/>
  <testcase name="testReplyIsNotGuarded[38: BackPressureTestContext[parent=transport=EPOLL, ssl=JDK, worker-threads=5, nio-threads=0, low-watermark=0, high-watermark=1]]" classname="io.hekate.messaging.internal.BackPressureRequestTest" time="0.068"/>
  <testcase name="testFailWithReceiverStop[38: BackPressureTestContext[parent=transport=EPOLL, ssl=JDK, worker-threads=5, nio-threads=0, low-watermark=0, high-watermark=1]]" classname="io.hekate.messaging.internal.BackPressureRequestTest" time="0.139"/>
  <testcase name="testBlockWithSenderStop[38: BackPressureTestContext[parent=transport=EPOLL, ssl=JDK, worker-threads=5, nio-threads=0, low-watermark=0, high-watermark=1]]" classname="io.hekate.messaging.internal.BackPressureRequestTest" time="0.285"/>
  <testcase name="testContinuousBlocking[39: BackPressureTestContext[parent=transport=EPOLL, ssl=JDK, worker-threads=5, nio-threads=0, low-watermark=2, high-watermark=4]]" classname="io.hekate.messaging.internal.BackPressureRequestTest" time="0.319"/>
  <testcase name="testTimeout[39: BackPressureTestContext[parent=transport=EPOLL, ssl=JDK, worker-threads=5, nio-threads=0, low-watermark=2, high-watermark=4]]" classname="io.hekate.messaging.internal.BackPressureRequestTest" time="0.114"/>
  <testcase name="test[39: BackPressureTestContext[parent=transport=EPOLL, ssl=JDK, worker-threads=5, nio-threads=0, low-watermark=2, high-watermark=4]]" classname="io.hekate.messaging.internal.BackPressureRequestTest" time="0.115"/>
  <testcase name="testReplyIsNotGuarded[39: BackPressureTestContext[parent=transport=EPOLL, ssl=JDK, worker-threads=5, nio-threads=0, low-watermark=2, high-watermark=4]]" classname="io.hekate.messaging.internal.BackPressureRequestTest" time="0.07"/>
  <testcase name="testFailWithReceiverStop[39: BackPressureTestContext[parent=transport=EPOLL, ssl=JDK, worker-threads=5, nio-threads=0, low-watermark=2, high-watermark=4]]" classname="io.hekate.messaging.internal.BackPressureRequestTest" time="0.142"/>
  <testcase name="testBlockWithSenderStop[39: BackPressureTestContext[parent=transport=EPOLL, ssl=JDK, worker-threads=5, nio-threads=0, low-watermark=2, high-watermark=4]]" classname="io.hekate.messaging.internal.BackPressureRequestTest" time="0.29"/>
  <testcase name="testContinuousBlocking[40: BackPressureTestContext[parent=transport=EPOLL, ssl=OPEN_SSL, worker-threads=0, nio-threads=1, low-watermark=0, high-watermark=1]]" classname="io.hekate.messaging.internal.BackPressureRequestTest" time="0.299"/>
  <testcase name="testTimeout[40: BackPressureTestContext[parent=transport=EPOLL, ssl=OPEN_SSL, worker-threads=0, nio-threads=1, low-watermark=0, high-watermark=1]]" classname="io.hekate.messaging.internal.BackPressureRequestTest" time="0.1"/>
  <testcase name="test[40: BackPressureTestContext[parent=transport=EPOLL, ssl=OPEN_SSL, worker-threads=0, nio-threads=1, low-watermark=0, high-watermark=1]]" classname="io.hekate.messaging.internal.BackPressureRequestTest" time="0.094"/>
  <testcase name="testReplyIsNotGuarded[40: BackPressureTestContext[parent=transport=EPOLL, ssl=OPEN_SSL, worker-threads=0, nio-threads=1, low-watermark=0, high-watermark=1]]" classname="io.hekate.messaging.internal.BackPressureRequestTest" time="0.051"/>
  <testcase name="testFailWithReceiverStop[40: BackPressureTestContext[parent=transport=EPOLL, ssl=OPEN_SSL, worker-threads=0, nio-threads=1, low-watermark=0, high-watermark=1]]" classname="io.hekate.messaging.internal.BackPressureRequestTest" time="0.133"/>
  <testcase name="testBlockWithSenderStop[40: BackPressureTestContext[parent=transport=EPOLL, ssl=OPEN_SSL, worker-threads=0, nio-threads=1, low-watermark=0, high-watermark=1]]" classname="io.hekate.messaging.internal.BackPressureRequestTest" time="0.268"/>
  <testcase name="testContinuousBlocking[41: BackPressureTestContext[parent=transport=EPOLL, ssl=OPEN_SSL, worker-threads=0, nio-threads=1, low-watermark=2, high-watermark=4]]" classname="io.hekate.messaging.internal.BackPressureRequestTest" time="0.164"/>
  <testcase name="testTimeout[41: BackPressureTestContext[parent=transport=EPOLL, ssl=OPEN_SSL, worker-threads=0, nio-threads=1, low-watermark=2, high-watermark=4]]" classname="io.hekate.messaging.internal.BackPressureRequestTest" time="0.099"/>
  <testcase name="test[41: BackPressureTestContext[parent=transport=EPOLL, ssl=OPEN_SSL, worker-threads=0, nio-threads=1, low-watermark=2, high-watermark=4]]" classname="io.hekate.messaging.internal.BackPressureRequestTest" time="0.094"/>
  <testcase name="testReplyIsNotGuarded[41: BackPressureTestContext[parent=transport=EPOLL, ssl=OPEN_SSL, worker-threads=0, nio-threads=1, low-watermark=2, high-watermark=4]]" classname="io.hekate.messaging.internal.BackPressureRequestTest" time="0.049"/>
  <testcase name="testFailWithReceiverStop[41: BackPressureTestContext[parent=transport=EPOLL, ssl=OPEN_SSL, worker-threads=0, nio-threads=1, low-watermark=2, high-watermark=4]]" classname="io.hekate.messaging.internal.BackPressureRequestTest" time="0.117"/>
  <testcase name="testBlockWithSenderStop[41: BackPressureTestContext[parent=transport=EPOLL, ssl=OPEN_SSL, worker-threads=0, nio-threads=1, low-watermark=2, high-watermark=4]]" classname="io.hekate.messaging.internal.BackPressureRequestTest" time="0.269"/>
  <testcase name="testContinuousBlocking[42: BackPressureTestContext[parent=transport=EPOLL, ssl=OPEN_SSL, worker-threads=1, nio-threads=1, low-watermark=0, high-watermark=1]]" classname="io.hekate.messaging.internal.BackPressureRequestTest" time="0.533"/>
  <testcase name="testTimeout[42: BackPressureTestContext[parent=transport=EPOLL, ssl=OPEN_SSL, worker-threads=1, nio-threads=1, low-watermark=0, high-watermark=1]]" classname="io.hekate.messaging.internal.BackPressureRequestTest" time="0.104"/>
  <testcase name="test[42: BackPressureTestContext[parent=transport=EPOLL, ssl=OPEN_SSL, worker-threads=1, nio-threads=1, low-watermark=0, high-watermark=1]]" classname="io.hekate.messaging.internal.BackPressureRequestTest" time="0.093"/>
  <testcase name="testReplyIsNotGuarded[42: BackPressureTestContext[parent=transport=EPOLL, ssl=OPEN_SSL, worker-threads=1, nio-threads=1, low-watermark=0, high-watermark=1]]" classname="io.hekate.messaging.internal.BackPressureRequestTest" time="0.047"/>
  <testcase name="testFailWithReceiverStop[42: BackPressureTestContext[parent=transport=EPOLL, ssl=OPEN_SSL, worker-threads=1, nio-threads=1, low-watermark=0, high-watermark=1]]" classname="io.hekate.messaging.internal.BackPressureRequestTest" time="0.102"/>
  <testcase name="testBlockWithSenderStop[42: BackPressureTestContext[parent=transport=EPOLL, ssl=OPEN_SSL, worker-threads=1, nio-threads=1, low-watermark=0, high-watermark=1]]" classname="io.hekate.messaging.internal.BackPressureRequestTest" time="0.27"/>
  <testcase name="testContinuousBlocking[43: BackPressureTestContext[parent=transport=EPOLL, ssl=OPEN_SSL, worker-threads=1, nio-threads=1, low-watermark=2, high-watermark=4]]" classname="io.hekate.messaging.internal.BackPressureRequestTest" time="0.18"/>
  <testcase name="testTimeout[43: BackPressureTestContext[parent=transport=EPOLL, ssl=OPEN_SSL, worker-threads=1, nio-threads=1, low-watermark=2, high-watermark=4]]" classname="io.hekate.messaging.internal.BackPressureRequestTest" time="0.103"/>
  <testcase name="test[43: BackPressureTestContext[parent=transport=EPOLL, ssl=OPEN_SSL, worker-threads=1, nio-threads=1, low-watermark=2, high-watermark=4]]" classname="io.hekate.messaging.internal.BackPressureRequestTest" time="0.093"/>
  <testcase name="testReplyIsNotGuarded[43: BackPressureTestContext[parent=transport=EPOLL, ssl=OPEN_SSL, worker-threads=1, nio-threads=1, low-watermark=2, high-watermark=4]]" classname="io.hekate.messaging.internal.BackPressureRequestTest" time="0.049"/>
  <testcase name="testFailWithReceiverStop[43: BackPressureTestContext[parent=transport=EPOLL, ssl=OPEN_SSL, worker-threads=1, nio-threads=1, low-watermark=2, high-watermark=4]]" classname="io.hekate.messaging.internal.BackPressureRequestTest" time="0.101"/>
  <testcase name="testBlockWithSenderStop[43: BackPressureTestContext[parent=transport=EPOLL, ssl=OPEN_SSL, worker-threads=1, nio-threads=1, low-watermark=2, high-watermark=4]]" classname="io.hekate.messaging.internal.BackPressureRequestTest" time="0.267"/>
  <testcase name="testContinuousBlocking[44: BackPressureTestContext[parent=transport=EPOLL, ssl=OPEN_SSL, worker-threads=4, nio-threads=1, low-watermark=0, high-watermark=1]]" classname="io.hekate.messaging.internal.BackPressureRequestTest" time="0.544"/>
  <testcase name="testTimeout[44: BackPressureTestContext[parent=transport=EPOLL, ssl=OPEN_SSL, worker-threads=4, nio-threads=1, low-watermark=0, high-watermark=1]]" classname="io.hekate.messaging.internal.BackPressureRequestTest" time="0.106"/>
  <testcase name="test[44: BackPressureTestContext[parent=transport=EPOLL, ssl=OPEN_SSL, worker-threads=4, nio-threads=1, low-watermark=0, high-watermark=1]]" classname="io.hekate.messaging.internal.BackPressureRequestTest" time="0.095"/>
  <testcase name="testReplyIsNotGuarded[44: BackPressureTestContext[parent=transport=EPOLL, ssl=OPEN_SSL, worker-threads=4, nio-threads=1, low-watermark=0, high-watermark=1]]" classname="io.hekate.messaging.internal.BackPressureRequestTest" time="0.049"/>
  <testcase name="testFailWithReceiverStop[44: BackPressureTestContext[parent=transport=EPOLL, ssl=OPEN_SSL, worker-threads=4, nio-threads=1, low-watermark=0, high-watermark=1]]" classname="io.hekate.messaging.internal.BackPressureRequestTest" time="0.103"/>
  <testcase name="testBlockWithSenderStop[44: BackPressureTestContext[parent=transport=EPOLL, ssl=OPEN_SSL, worker-threads=4, nio-threads=1, low-watermark=0, high-watermark=1]]" classname="io.hekate.messaging.internal.BackPressureRequestTest" time="0.267"/>
  <testcase name="testContinuousBlocking[45: BackPressureTestContext[parent=transport=EPOLL, ssl=OPEN_SSL, worker-threads=4, nio-threads=1, low-watermark=2, high-watermark=4]]" classname="io.hekate.messaging.internal.BackPressureRequestTest" time="0.193"/>
  <testcase name="testTimeout[45: BackPressureTestContext[parent=transport=EPOLL, ssl=OPEN_SSL, worker-threads=4, nio-threads=1, low-watermark=2, high-watermark=4]]" classname="io.hekate.messaging.internal.BackPressureRequestTest" time="0.103"/>
  <testcase name="test[45: BackPressureTestContext[parent=transport=EPOLL, ssl=OPEN_SSL, worker-threads=4, nio-threads=1, low-watermark=2, high-watermark=4]]" classname="io.hekate.messaging.internal.BackPressureRequestTest" time="0.095"/>
  <testcase name="testReplyIsNotGuarded[45: BackPressureTestContext[parent=transport=EPOLL, ssl=OPEN_SSL, worker-threads=4, nio-threads=1, low-watermark=2, high-watermark=4]]" classname="io.hekate.messaging.internal.BackPressureRequestTest" time="0.075"/>
  <testcase name="testFailWithReceiverStop[45: BackPressureTestContext[parent=transport=EPOLL, ssl=OPEN_SSL, worker-threads=4, nio-threads=1, low-watermark=2, high-watermark=4]]" classname="io.hekate.messaging.internal.BackPressureRequestTest" time="0.098"/>
  <testcase name="testBlockWithSenderStop[45: BackPressureTestContext[parent=transport=EPOLL, ssl=OPEN_SSL, worker-threads=4, nio-threads=1, low-watermark=2, high-watermark=4]]" classname="io.hekate.messaging.internal.BackPressureRequestTest" time="0.271"/>
  <testcase name="testContinuousBlocking[46: BackPressureTestContext[parent=transport=EPOLL, ssl=OPEN_SSL, worker-threads=5, nio-threads=0, low-watermark=0, high-watermark=1]]" classname="io.hekate.messaging.internal.BackPressureRequestTest" time="0.471"/>
  <testcase name="testTimeout[46: BackPressureTestContext[parent=transport=EPOLL, ssl=OPEN_SSL, worker-threads=5, nio-threads=0, low-watermark=0, high-watermark=1]]" classname="io.hekate.messaging.internal.BackPressureRequestTest" time="0.104"/>
  <testcase name="test[46: BackPressureTestContext[parent=transport=EPOLL, ssl=OPEN_SSL, worker-threads=5, nio-threads=0, low-watermark=0, high-watermark=1]]" classname="io.hekate.messaging.internal.BackPressureRequestTest" time="0.094"/>
  <testcase name="testReplyIsNotGuarded[46: BackPressureTestContext[parent=transport=EPOLL, ssl=OPEN_SSL, worker-threads=5, nio-threads=0, low-watermark=0, high-watermark=1]]" classname="io.hekate.messaging.internal.BackPressureRequestTest" time="0.051"/>
  <testcase name="testFailWithReceiverStop[46: BackPressureTestContext[parent=transport=EPOLL, ssl=OPEN_SSL, worker-threads=5, nio-threads=0, low-watermark=0, high-watermark=1]]" classname="io.hekate.messaging.internal.BackPressureRequestTest" time="0.103"/>
  <testcase name="testBlockWithSenderStop[46: BackPressureTestContext[parent=transport=EPOLL, ssl=OPEN_SSL, worker-threads=5, nio-threads=0, low-watermark=0, high-watermark=1]]" classname="io.hekate.messaging.internal.BackPressureRequestTest" time="0.27"/>
  <testcase name="testContinuousBlocking[47: BackPressureTestContext[parent=transport=EPOLL, ssl=OPEN_SSL, worker-threads=5, nio-threads=0, low-watermark=2, high-watermark=4]]" classname="io.hekate.messaging.internal.BackPressureRequestTest" time="0.203"/>
  <testcase name="testTimeout[47: BackPressureTestContext[parent=transport=EPOLL, ssl=OPEN_SSL, worker-threads=5, nio-threads=0, low-watermark=2, high-watermark=4]]" classname="io.hekate.messaging.internal.BackPressureRequestTest" time="0.106"/>
  <testcase name="test[47: BackPressureTestContext[parent=transport=EPOLL, ssl=OPEN_SSL, worker-threads=5, nio-threads=0, low-watermark=2, high-watermark=4]]" classname="io.hekate.messaging.internal.BackPressureRequestTest" time="0.094"/>
  <testcase name="testReplyIsNotGuarded[47: BackPressureTestContext[parent=transport=EPOLL, ssl=OPEN_SSL, worker-threads=5, nio-threads=0, low-watermark=2, high-watermark=4]]" classname="io.hekate.messaging.internal.BackPressureRequestTest" time="0.047"/>
  <testcase name="testFailWithReceiverStop[47: BackPressureTestContext[parent=transport=EPOLL, ssl=OPEN_SSL, worker-threads=5, nio-threads=0, low-watermark=2, high-watermark=4]]" classname="io.hekate.messaging.internal.BackPressureRequestTest" time="0.101"/>
  <testcase name="testBlockWithSenderStop[47: BackPressureTestContext[parent=transport=EPOLL, ssl=OPEN_SSL, worker-threads=5, nio-threads=0, low-watermark=2, high-watermark=4]]" classname="io.hekate.messaging.internal.BackPressureRequestTest" time="0.27"/>
</testsuite>