<?xml version="1.0" encoding="UTF-8"?>
<testsuite xmlns:xsi="http://www.w3.org/2001/XMLSchema-instance" xsi:schemaLocation="https://maven.apache.org/surefire/maven-surefire-plugin/xsd/surefire-test-report.xsd" name="io.hekate.cluster.internal.ClusterServiceMultipleNodesTest" time="255.57" tests="156" errors="0" skipped="0" failures="0">
  <properties>
    <property name="java.runtime.name" value="OpenJDK Runtime Environment"/>
    <property name="sun.boot.library.path" value="/usr/lib/jvm/java-8-openjdk-amd64/jre/lib/amd64"/>
    <property name="java.vm.version" value="25.121-b13"/>
    <property name="java.vm.vendor" value="Oracle Corporation"/>
    <property name="maven.multiModuleProjectDirectory" value="/root/workspace/hekate-io/hekate/383632883"/>
    <property name="java.vendor.url" value="http://java.oracle.com/"/>
    <property name="path.separator" value=":"/>
    <property name="guice.disable.misplaced.annotation.check" value="true"/>
    <property name="skip.gulp" value="true"/>
    <property name="java.vm.name" value="OpenJDK 64-Bit Server VM"/>
    <property name="file.encoding.pkg" value="sun.io"/>
    <property name="sun.java.launcher" value="SUN_STANDARD"/>
    <property name="sun.os.patch.level" value="unknown"/>
    <property name="findbugs.skip" value="true"/>
    <property name="java.vm.specification.name" value="Java Virtual Machine Specification"/>
    <property name="user.dir" value="/root/workspace/hekate-io/hekate/383632883"/>
    <property name="checkstyle.skip" value="true"/>
    <property name="java.runtime.version" value="1.8.0_121-8u121-b13-1~bpo8+1-b13"/>
    <property name="java.awt.graphicsenv" value="sun.awt.X11GraphicsEnvironment"/>
    <property name="skip.npm" value="true"/>
    <property name="java.endorsed.dirs" value="/usr/lib/jvm/java-8-openjdk-amd64/jre/lib/endorsed"/>
    <property name="os.arch" value="amd64"/>
    <property name="java.io.tmpdir" value="/tmp"/>
    <property name="gpg.skip" value="true"/>
    <property name="line.separator" value="&#10;"/>
    <property name="java.vm.specification.vendor" value="Oracle Corporation"/>
    <property name="cobertura.skip" value="true"/>
    <property name="os.name" value="Linux"/>
    <property name="classworlds.conf" value="/usr/share/maven/bin/m2.conf"/>
    <property name="sun.jnu.encoding" value="UTF-8"/>
    <property name="java.library.path" value="/usr/java/packages/lib/amd64:/usr/lib/x86_64-linux-gnu/jni:/lib/x86_64-linux-gnu:/usr/lib/x86_64-linux-gnu:/usr/lib/jni:/lib:/usr/lib"/>
    <property name="license.skip" value="true"/>
    <property name="java.specification.name" value="Java Platform API Specification"/>
    <property name="java.class.version" value="52.0"/>
    <property name="org.slf4j.simpleLogger.levelInBrackets" value="true"/>
    <property name="sun.management.compiler" value="HotSpot 64-Bit Tiered Compilers"/>
    <property name="skip.bower" value="true"/>
    <property name="maven.repo.local" value="/root/./workspace/hekate-io/hekate/383632883/.m2"/>
    <property name="os.version" value="3.10.0-862.2.3.el7.x86_64"/>
    <property name="user.home" value="/root"/>
    <property name="user.timezone" value="Europe/Paris"/>
    <property name="java.awt.printerjob" value="sun.print.PSPrinterJob"/>
    <property name="java.specification.version" value="1.8"/>
    <property name="file.encoding" value="UTF-8"/>
    <property name="user.name" value="root"/>
    <property name="java.class.path" value="/usr/share/maven/boot/plexus-classworlds-2.5.2.jar"/>
    <property name="skipITs" value="true"/>
    <property name="java.vm.specification.version" value="1.8"/>
    <property name="sun.arch.data.model" value="64"/>
    <property name="java.home" value="/usr/lib/jvm/java-8-openjdk-amd64/jre"/>
    <property name="sun.java.command" value="org.codehaus.plexus.classworlds.launcher.Launcher -B -D enforcer.skip=true -D dependency-check.skip=true -D skipITs=true -D cobertura.skip=true -D maven.repo.local=/root/./workspace/hekate-io/hekate/383632883/.m2 -D rat.skip=true -D findbugs.skip=true -D skip.bower=true -D gpg.skip=true -D checkstyle.skip=true -D skip.gulp=true -D license.skip=true -D skip.npm=true test"/>
    <property name="java.specification.vendor" value="Oracle Corporation"/>
    <property name="user.language" value="en"/>
    <property name="awt.toolkit" value="sun.awt.X11.XToolkit"/>
    <property name="dependency-check.skip" value="true"/>
    <property name="java.vm.info" value="mixed mode"/>
    <property name="java.version" value="1.8.0_121"/>
    <property name="java.ext.dirs" value="/usr/lib/jvm/java-8-openjdk-amd64/jre/lib/ext:/usr/java/packages/lib/ext"/>
    <property name="securerandom.source" value="file:/dev/./urandom"/>
    <property name="sun.boot.class.path" value="/usr/lib/jvm/java-8-openjdk-amd64/jre/lib/resources.jar:/usr/lib/jvm/java-8-openjdk-amd64/jre/lib/rt.jar:/usr/lib/jvm/java-8-openjdk-amd64/jre/lib/sunrsasign.jar:/usr/lib/jvm/java-8-openjdk-amd64/jre/lib/jsse.jar:/usr/lib/jvm/java-8-openjdk-amd64/jre/lib/jce.jar:/usr/lib/jvm/java-8-openjdk-amd64/jre/lib/charsets.jar:/usr/lib/jvm/java-8-openjdk-amd64/jre/lib/jfr.jar:/usr/lib/jvm/java-8-openjdk-amd64/jre/classes"/>
    <property name="java.vendor" value="Oracle Corporation"/>
    <property name="enforcer.skip" value="true"/>
    <property name="rat.skip" value="true"/>
    <property name="maven.home" value="/usr/share/maven"/>
    <property name="file.separator" value="/"/>
    <property name="java.vendor.url.bug" value="http://bugreport.sun.com/bugreport/"/>
    <property name="sun.cpu.endian" value="little"/>
    <property name="sun.io.unicode.encoding" value="UnicodeLittle"/>
    <property name="org.slf4j.simpleLogger.showThreadName" value="false"/>
    <property name="sun.cpu.isalist" value=""/>
  </properties>
  <testcase name="testJoinOrderRemoveYoungest[0: transport=NIO]" classname="io.hekate.cluster.internal.ClusterServiceMultipleNodesTest" time="1.32"/>
  <testcase name="testFutureOf[0: transport=NIO]" classname="io.hekate.cluster.internal.ClusterServiceMultipleNodesTest" time="0.038"/>
  <testcase name="testCoordinatorFailureWhileJoining[0: transport=NIO]" classname="io.hekate.cluster.internal.ClusterServiceMultipleNodesTest" time="0.62"/>
  <testcase name="testClusterView[0: transport=NIO]" classname="io.hekate.cluster.internal.ClusterServiceMultipleNodesTest" time="0.063"/>
  <testcase name="testJoinRejectLoopback[0: transport=NIO]" classname="io.hekate.cluster.internal.ClusterServiceMultipleNodesTest" time="0.027"/>
  <testcase name="testNodeBecomesNonReachable[0: transport=NIO]" classname="io.hekate.cluster.internal.ClusterServiceMultipleNodesTest" time="1.934"/>
  <testcase name="testJoinRejectCustom[0: transport=NIO]" classname="io.hekate.cluster.internal.ClusterServiceMultipleNodesTest" time="0.03"/>
  <testcase name="testHasService[0: transport=NIO]" classname="io.hekate.cluster.internal.ClusterServiceMultipleNodesTest" time="0.05"/>
  <testcase name="testAwaitFor[0: transport=NIO]" classname="io.hekate.cluster.internal.ClusterServiceMultipleNodesTest" time="0.179"/>
  <testcase name="testTerminateJoinSameTimeWithPermanentNodes[0: transport=NIO]" classname="io.hekate.cluster.internal.ClusterServiceMultipleNodesTest" time="5.976"/>
  <testcase name="testJoinRejectNonLoopback[0: transport=NIO]" classname="io.hekate.cluster.internal.ClusterServiceMultipleNodesTest" time="0.034"/>
  <testcase name="testJoinLeaveWithPermanentNodes[0: transport=NIO]" classname="io.hekate.cluster.internal.ClusterServiceMultipleNodesTest" time="0.629"/>
  <testcase name="testTopologyEvents[0: transport=NIO]" classname="io.hekate.cluster.internal.ClusterServiceMultipleNodesTest" time="0.503"/>
  <testcase name="testJoinLeave[0: transport=NIO]" classname="io.hekate.cluster.internal.ClusterServiceMultipleNodesTest" time="2.231"/>
  <testcase name="testLeaveJoinSameTimeWithPermanentNodes[0: transport=NIO]" classname="io.hekate.cluster.internal.ClusterServiceMultipleNodesTest" time="0.741"/>
  <testcase name="testJoinOrderRemoveOldest[0: transport=NIO]" classname="io.hekate.cluster.internal.ClusterServiceMultipleNodesTest" time="0.406"/>
  <testcase name="testJoiningNodeNonReachable[0: transport=NIO]" classname="io.hekate.cluster.internal.ClusterServiceMultipleNodesTest" time="2.155"/>
  <testcase name="testJoinTerminateSameTimeWithPermanentNodes[0: transport=NIO]" classname="io.hekate.cluster.internal.ClusterServiceMultipleNodesTest" time="6.107"/>
  <testcase name="testTopologyEventsWithTerminate[0: transport=NIO]" classname="io.hekate.cluster.internal.ClusterServiceMultipleNodesTest" time="2.171"/>
  <testcase name="testJoinLeaveNoWait[0: transport=NIO]" classname="io.hekate.cluster.internal.ClusterServiceMultipleNodesTest" time="0.37"/>
  <testcase name="testJoiningNodeHanged[0: transport=NIO]" classname="io.hekate.cluster.internal.ClusterServiceMultipleNodesTest" time="1.93"/>
  <testcase name="testJoinTerminateNoWaitWithPermanentNodes[0: transport=NIO]" classname="io.hekate.cluster.internal.ClusterServiceMultipleNodesTest" time="0.308"/>
  <testcase name="testJoinLeaveSameTimeWithPermanentNodes[0: transport=NIO]" classname="io.hekate.cluster.internal.ClusterServiceMultipleNodesTest" time="0.768"/>
  <testcase name="testAwaitForNodes[0: transport=NIO]" classname="io.hekate.cluster.internal.ClusterServiceMultipleNodesTest" time="0.145"/>
  <testcase name="testTopologyChangeEvents[0: transport=NIO]" classname="io.hekate.cluster.internal.ClusterServiceMultipleNodesTest" time="0.529"/>
  <testcase name="testJoinLeaveNoWaitWithPermanentNodes[0: transport=NIO]" classname="io.hekate.cluster.internal.ClusterServiceMultipleNodesTest" time="0.285"/>
  <testcase name="testJoinOrderRemoveYoungest[1: transport=NIO, ssl=JDK]" classname="io.hekate.cluster.internal.ClusterServiceMultipleNodesTest" time="3.22"/>
  <testcase name="testFutureOf[1: transport=NIO, ssl=JDK]" classname="io.hekate.cluster.internal.ClusterServiceMultipleNodesTest" time="0.089"/>
  <testcase name="testCoordinatorFailureWhileJoining[1: transport=NIO, ssl=JDK]" classname="io.hekate.cluster.internal.ClusterServiceMultipleNodesTest" time="1.219"/>
  <testcase name="testClusterView[1: transport=NIO, ssl=JDK]" classname="io.hekate.cluster.internal.ClusterServiceMultipleNodesTest" time="0.16"/>
  <testcase name="testJoinRejectLoopback[1: transport=NIO, ssl=JDK]" classname="io.hekate.cluster.internal.ClusterServiceMultipleNodesTest" time="0.054"/>
  <testcase name="testNodeBecomesNonReachable[1: transport=NIO, ssl=JDK]" classname="io.hekate.cluster.internal.ClusterServiceMultipleNodesTest" time="4.076"/>
  <testcase name="testJoinRejectCustom[1: transport=NIO, ssl=JDK]" classname="io.hekate.cluster.internal.ClusterServiceMultipleNodesTest" time="0.062"/>
  <testcase name="testHasService[1: transport=NIO, ssl=JDK]" classname="io.hekate.cluster.internal.ClusterServiceMultipleNodesTest" time="0.28"/>
  <testcase name="testAwaitFor[1: transport=NIO, ssl=JDK]" classname="io.hekate.cluster.internal.ClusterServiceMultipleNodesTest" time="0.203"/>
  <testcase name="testTerminateJoinSameTimeWithPermanentNodes[1: transport=NIO, ssl=JDK]" classname="io.hekate.cluster.internal.ClusterServiceMultipleNodesTest" time="12.07"/>
  <testcase name="testJoinRejectNonLoopback[1: transport=NIO, ssl=JDK]" classname="io.hekate.cluster.internal.ClusterServiceMultipleNodesTest" time="0.081"/>
  <testcase name="testJoinLeaveWithPermanentNodes[1: transport=NIO, ssl=JDK]" classname="io.hekate.cluster.internal.ClusterServiceMultipleNodesTest" time="2.439"/>
  <testcase name="testTopologyEvents[1: transport=NIO, ssl=JDK]" classname="io.hekate.cluster.internal.ClusterServiceMultipleNodesTest" time="1.694"/>
  <testcase name="testJoinLeave[1: transport=NIO, ssl=JDK]" classname="io.hekate.cluster.internal.ClusterServiceMultipleNodesTest" time="5.364"/>
  <testcase name="testLeaveJoinSameTimeWithPermanentNodes[1: transport=NIO, ssl=JDK]" classname="io.hekate.cluster.internal.ClusterServiceMultipleNodesTest" time="2.438"/>
  <testcase name="testJoinOrderRemoveOldest[1: transport=NIO, ssl=JDK]" classname="io.hekate.cluster.internal.ClusterServiceMultipleNodesTest" time="0.938"/>
  <testcase name="testJoiningNodeNonReachable[1: transport=NIO, ssl=JDK]" classname="io.hekate.cluster.internal.ClusterServiceMultipleNodesTest" time="4.252"/>
  <testcase name="testJoinTerminateSameTimeWithPermanentNodes[1: transport=NIO, ssl=JDK]" classname="io.hekate.cluster.internal.ClusterServiceMultipleNodesTest" time="12.101"/>
  <testcase name="testTopologyEventsWithTerminate[1: transport=NIO, ssl=JDK]" classname="io.hekate.cluster.internal.ClusterServiceMultipleNodesTest" time="4.253"/>
  <testcase name="testJoinLeaveNoWait[1: transport=NIO, ssl=JDK]" classname="io.hekate.cluster.internal.ClusterServiceMultipleNodesTest" time="0.902"/>
  <testcase name="testJoiningNodeHanged[1: transport=NIO, ssl=JDK]" classname="io.hekate.cluster.internal.ClusterServiceMultipleNodesTest" time="3.787"/>
  <testcase name="testJoinTerminateNoWaitWithPermanentNodes[1: transport=NIO, ssl=JDK]" classname="io.hekate.cluster.internal.ClusterServiceMultipleNodesTest" time="0.782"/>
  <testcase name="testJoinLeaveSameTimeWithPermanentNodes[1: transport=NIO, ssl=JDK]" classname="io.hekate.cluster.internal.ClusterServiceMultipleNodesTest" time="2.082"/>
  <testcase name="testAwaitForNodes[1: transport=NIO, ssl=JDK]" classname="io.hekate.cluster.internal.ClusterServiceMultipleNodesTest" time="0.175"/>
  <testcase name="testTopologyChangeEvents[1: transport=NIO, ssl=JDK]" classname="io.hekate.cluster.internal.ClusterServiceMultipleNodesTest" time="1.614"/>
  <testcase name="testJoinLeaveNoWaitWithPermanentNodes[1: transport=NIO, ssl=JDK]" classname="io.hekate.cluster.internal.ClusterServiceMultipleNodesTest" time="0.82"/>
  <testcase name="testJoinOrderRemoveYoungest[2: transport=NIO, ssl=OPEN_SSL]" classname="io.hekate.cluster.internal.ClusterServiceMultipleNodesTest" time="1.614"/>
  <testcase name="testFutureOf[2: transport=NIO, ssl=OPEN_SSL]" classname="io.hekate.cluster.internal.ClusterServiceMultipleNodesTest" time="0.048"/>
  <testcase name="testCoordinatorFailureWhileJoining[2: transport=NIO, ssl=OPEN_SSL]" classname="io.hekate.cluster.internal.ClusterServiceMultipleNodesTest" time="0.639"/>
  <testcase name="testClusterView[2: transport=NIO, ssl=OPEN_SSL]" classname="io.hekate.cluster.internal.ClusterServiceMultipleNodesTest" time="0.08"/>
  <testcase name="testJoinRejectLoopback[2: transport=NIO, ssl=OPEN_SSL]" classname="io.hekate.cluster.internal.ClusterServiceMultipleNodesTest" time="0.034"/>
  <testcase name="testNodeBecomesNonReachable[2: transport=NIO, ssl=OPEN_SSL]" classname="io.hekate.cluster.internal.ClusterServiceMultipleNodesTest" time="2.252"/>
  <testcase name="testJoinRejectCustom[2: transport=NIO, ssl=OPEN_SSL]" classname="io.hekate.cluster.internal.ClusterServiceMultipleNodesTest" time="0.033"/>
  <testcase name="testHasService[2: transport=NIO, ssl=OPEN_SSL]" classname="io.hekate.cluster.internal.ClusterServiceMultipleNodesTest" time="0.074"/>
  <testcase name="testAwaitFor[2: transport=NIO, ssl=OPEN_SSL]" classname="io.hekate.cluster.internal.ClusterServiceMultipleNodesTest" time="0.154"/>
  <testcase name="testTerminateJoinSameTimeWithPermanentNodes[2: transport=NIO, ssl=OPEN_SSL]" classname="io.hekate.cluster.internal.ClusterServiceMultipleNodesTest" time="6.211"/>
  <testcase name="testJoinRejectNonLoopback[2: transport=NIO, ssl=OPEN_SSL]" classname="io.hekate.cluster.internal.ClusterServiceMultipleNodesTest" time="0.034"/>
  <testcase name="testJoinLeaveWithPermanentNodes[2: transport=NIO, ssl=OPEN_SSL]" classname="io.hekate.cluster.internal.ClusterServiceMultipleNodesTest" time="1.231"/>
  <testcase name="testTopologyEvents[2: transport=NIO, ssl=OPEN_SSL]" classname="io.hekate.cluster.internal.ClusterServiceMultipleNodesTest" time="0.664"/>
  <testcase name="testJoinLeave[2: transport=NIO, ssl=OPEN_SSL]" classname="io.hekate.cluster.internal.ClusterServiceMultipleNodesTest" time="2.7"/>
  <testcase name="testLeaveJoinSameTimeWithPermanentNodes[2: transport=NIO, ssl=OPEN_SSL]" classname="io.hekate.cluster.internal.ClusterServiceMultipleNodesTest" time="1.117"/>
  <testcase name="testJoinOrderRemoveOldest[2: transport=NIO, ssl=OPEN_SSL]" classname="io.hekate.cluster.internal.ClusterServiceMultipleNodesTest" time="0.652"/>
  <testcase name="testJoiningNodeNonReachable[2: transport=NIO, ssl=OPEN_SSL]" classname="io.hekate.cluster.internal.ClusterServiceMultipleNodesTest" time="2.152"/>
  <testcase name="testJoinTerminateSameTimeWithPermanentNodes[2: transport=NIO, ssl=OPEN_SSL]" classname="io.hekate.cluster.internal.ClusterServiceMultipleNodesTest" time="6.205"/>
  <testcase name="testTopologyEventsWithTerminate[2: transport=NIO, ssl=OPEN_SSL]" classname="io.hekate.cluster.internal.ClusterServiceMultipleNodesTest" time="2.176"/>
  <testcase name="testJoinLeaveNoWait[2: transport=NIO, ssl=OPEN_SSL]" classname="io.hekate.cluster.internal.ClusterServiceMultipleNodesTest" time="0.259"/>
  <testcase name="testJoiningNodeHanged[2: transport=NIO, ssl=OPEN_SSL]" classname="io.hekate.cluster.internal.ClusterServiceMultipleNodesTest" time="1.967"/>
  <testcase name="testJoinTerminateNoWaitWithPermanentNodes[2: transport=NIO, ssl=OPEN_SSL]" classname="io.hekate.cluster.internal.ClusterServiceMultipleNodesTest" time="0.468"/>
  <testcase name="testJoinLeaveSameTimeWithPermanentNodes[2: transport=NIO, ssl=OPEN_SSL]" classname="io.hekate.cluster.internal.ClusterServiceMultipleNodesTest" time="1.281"/>
  <testcase name="testAwaitForNodes[2: transport=NIO, ssl=OPEN_SSL]" classname="io.hekate.cluster.internal.ClusterServiceMultipleNodesTest" time="0.146"/>
  <testcase name="testTopologyChangeEvents[2: transport=NIO, ssl=OPEN_SSL]" classname="io.hekate.cluster.internal.ClusterServiceMultipleNodesTest" time="0.654"/>
  <testcase name="testJoinLeaveNoWaitWithPermanentNodes[2: transport=NIO, ssl=OPEN_SSL]" classname="io.hekate.cluster.internal.ClusterServiceMultipleNodesTest" time="0.354"/>
  <testcase name="testJoinOrderRemoveYoungest[3: transport=EPOLL]" classname="io.hekate.cluster.internal.ClusterServiceMultipleNodesTest" time="1.109"/>
  <testcase name="testFutureOf[3: transport=EPOLL]" classname="io.hekate.cluster.internal.ClusterServiceMultipleNodesTest" time="0.027"/>
  <testcase name="testCoordinatorFailureWhileJoining[3: transport=EPOLL]" classname="io.hekate.cluster.internal.ClusterServiceMultipleNodesTest" time="0.614"/>
  <testcase name="testClusterView[3: transport=EPOLL]" classname="io.hekate.cluster.internal.ClusterServiceMultipleNodesTest" time="0.042"/>
  <testcase name="testJoinRejectLoopback[3: transport=EPOLL]" classname="io.hekate.cluster.internal.ClusterServiceMultipleNodesTest" time="0.02"/>
  <testcase name="testNodeBecomesNonReachable[3: transport=EPOLL]" classname="io.hekate.cluster.internal.ClusterServiceMultipleNodesTest" time="2.113"/>
  <testcase name="testJoinRejectCustom[3: transport=EPOLL]" classname="io.hekate.cluster.internal.ClusterServiceMultipleNodesTest" time="0.026"/>
  <testcase name="testHasService[3: transport=EPOLL]" classname="io.hekate.cluster.internal.ClusterServiceMultipleNodesTest" time="0.135"/>
  <testcase name="testAwaitFor[3: transport=EPOLL]" classname="io.hekate.cluster.internal.ClusterServiceMultipleNodesTest" time="0.153"/>
  <testcase name="testTerminateJoinSameTimeWithPermanentNodes[3: transport=EPOLL]" classname="io.hekate.cluster.internal.ClusterServiceMultipleNodesTest" time="6.235"/>
  <testcase name="testJoinRejectNonLoopback[3: transport=EPOLL]" classname="io.hekate.cluster.internal.ClusterServiceMultipleNodesTest" time="0.055"/>
  <testcase name="testJoinLeaveWithPermanentNodes[3: transport=EPOLL]" classname="io.hekate.cluster.internal.ClusterServiceMultipleNodesTest" time="1.77"/>
  <testcase name="testTopologyEvents[3: transport=EPOLL]" classname="io.hekate.cluster.internal.ClusterServiceMultipleNodesTest" time="0.704"/>
  <testcase name="testJoinLeave[3: transport=EPOLL]" classname="io.hekate.cluster.internal.ClusterServiceMultipleNodesTest" time="2.257"/>
  <testcase name="testLeaveJoinSameTimeWithPermanentNodes[3: transport=EPOLL]" classname="io.hekate.cluster.internal.ClusterServiceMultipleNodesTest" time="1.083"/>
  <testcase name="testJoinOrderRemoveOldest[3: transport=EPOLL]" classname="io.hekate.cluster.internal.ClusterServiceMultipleNodesTest" time="0.22"/>
  <testcase name="testJoiningNodeNonReachable[3: transport=EPOLL]" classname="io.hekate.cluster.internal.ClusterServiceMultipleNodesTest" time="2.26"/>
  <testcase name="testJoinTerminateSameTimeWithPermanentNodes[3: transport=EPOLL]" classname="io.hekate.cluster.internal.ClusterServiceMultipleNodesTest" time="6.475"/>
  <testcase name="testTopologyEventsWithTerminate[3: transport=EPOLL]" classname="io.hekate.cluster.internal.ClusterServiceMultipleNodesTest" time="1.929"/>
  <testcase name="testJoinLeaveNoWait[3: transport=EPOLL]" classname="io.hekate.cluster.internal.ClusterServiceMultipleNodesTest" time="0.672"/>
  <testcase name="testJoiningNodeHanged[3: transport=EPOLL]" classname="io.hekate.cluster.internal.ClusterServiceMultipleNodesTest" time="1.922"/>
  <testcase name="testJoinTerminateNoWaitWithPermanentNodes[3: transport=EPOLL]" classname="io.hekate.cluster.internal.ClusterServiceMultipleNodesTest" time="0.272"/>
  <testcase name="testJoinLeaveSameTimeWithPermanentNodes[3: transport=EPOLL]" classname="io.hekate.cluster.internal.ClusterServiceMultipleNodesTest" time="0.808"/>
  <testcase name="testAwaitForNodes[3: transport=EPOLL]" classname="io.hekate.cluster.internal.ClusterServiceMultipleNodesTest" time="0.139"/>
  <testcase name="testTopologyChangeEvents[3: transport=EPOLL]" classname="io.hekate.cluster.internal.ClusterServiceMultipleNodesTest" time="0.495"/>
  <testcase name="testJoinLeaveNoWaitWithPermanentNodes[3: transport=EPOLL]" classname="io.hekate.cluster.internal.ClusterServiceMultipleNodesTest" time="0.375"/>
  <testcase name="testJoinOrderRemoveYoungest[4: transport=EPOLL, ssl=JDK]" classname="io.hekate.cluster.internal.ClusterServiceMultipleNodesTest" time="3.391"/>
  <testcase name="testFutureOf[4: transport=EPOLL, ssl=JDK]" classname="io.hekate.cluster.internal.ClusterServiceMultipleNodesTest" time="0.066"/>
  <testcase name="testCoordinatorFailureWhileJoining[4: transport=EPOLL, ssl=JDK]" classname="io.hekate.cluster.internal.ClusterServiceMultipleNodesTest" time="1.218"/>
  <testcase name="testClusterView[4: transport=EPOLL, ssl=JDK]" classname="io.hekate.cluster.internal.ClusterServiceMultipleNodesTest" time="0.161"/>
  <testcase name="testJoinRejectLoopback[4: transport=EPOLL, ssl=JDK]" classname="io.hekate.cluster.internal.ClusterServiceMultipleNodesTest" time="0.063"/>
  <testcase name="testNodeBecomesNonReachable[4: transport=EPOLL, ssl=JDK]" classname="io.hekate.cluster.internal.ClusterServiceMultipleNodesTest" time="4.154"/>
  <testcase name="testJoinRejectCustom[4: transport=EPOLL, ssl=JDK]" classname="io.hekate.cluster.internal.ClusterServiceMultipleNodesTest" time="0.06"/>
  <testcase name="testHasService[4: transport=EPOLL, ssl=JDK]" classname="io.hekate.cluster.internal.ClusterServiceMultipleNodesTest" time="0.139"/>
  <testcase name="testAwaitFor[4: transport=EPOLL, ssl=JDK]" classname="io.hekate.cluster.internal.ClusterServiceMultipleNodesTest" time="0.178"/>
  <testcase name="testTerminateJoinSameTimeWithPermanentNodes[4: transport=EPOLL, ssl=JDK]" classname="io.hekate.cluster.internal.ClusterServiceMultipleNodesTest" time="11.741"/>
  <testcase name="testJoinRejectNonLoopback[4: transport=EPOLL, ssl=JDK]" classname="io.hekate.cluster.internal.ClusterServiceMultipleNodesTest" time="0.057"/>
  <testcase name="testJoinLeaveWithPermanentNodes[4: transport=EPOLL, ssl=JDK]" classname="io.hekate.cluster.internal.ClusterServiceMultipleNodesTest" time="2.005"/>
  <testcase name="testTopologyEvents[4: transport=EPOLL, ssl=JDK]" classname="io.hekate.cluster.internal.ClusterServiceMultipleNodesTest" time="1.096"/>
  <testcase name="testJoinLeave[4: transport=EPOLL, ssl=JDK]" classname="io.hekate.cluster.internal.ClusterServiceMultipleNodesTest" time="4.724"/>
  <testcase name="testLeaveJoinSameTimeWithPermanentNodes[4: transport=EPOLL, ssl=JDK]" classname="io.hekate.cluster.internal.ClusterServiceMultipleNodesTest" time="2.213"/>
  <testcase name="testJoinOrderRemoveOldest[4: transport=EPOLL, ssl=JDK]" classname="io.hekate.cluster.internal.ClusterServiceMultipleNodesTest" time="0.767"/>
  <testcase name="testJoiningNodeNonReachable[4: transport=EPOLL, ssl=JDK]" classname="io.hekate.cluster.internal.ClusterServiceMultipleNodesTest" time="4.25"/>
  <testcase name="testJoinTerminateSameTimeWithPermanentNodes[4: transport=EPOLL, ssl=JDK]" classname="io.hekate.cluster.internal.ClusterServiceMultipleNodesTest" time="12.454"/>
  <testcase name="testTopologyEventsWithTerminate[4: transport=EPOLL, ssl=JDK]" classname="io.hekate.cluster.internal.ClusterServiceMultipleNodesTest" time="4.05"/>
  <testcase name="testJoinLeaveNoWait[4: transport=EPOLL, ssl=JDK]" classname="io.hekate.cluster.internal.ClusterServiceMultipleNodesTest" time="0.925"/>
  <testcase name="testJoiningNodeHanged[4: transport=EPOLL, ssl=JDK]" classname="io.hekate.cluster.internal.ClusterServiceMultipleNodesTest" time="3.78"/>
  <testcase name="testJoinTerminateNoWaitWithPermanentNodes[4: transport=EPOLL, ssl=JDK]" classname="io.hekate.cluster.internal.ClusterServiceMultipleNodesTest" time="0.826"/>
  <testcase name="testJoinLeaveSameTimeWithPermanentNodes[4: transport=EPOLL, ssl=JDK]" classname="io.hekate.cluster.internal.ClusterServiceMultipleNodesTest" time="2.873"/>
  <testcase name="testAwaitForNodes[4: transport=EPOLL, ssl=JDK]" classname="io.hekate.cluster.internal.ClusterServiceMultipleNodesTest" time="0.177"/>
  <testcase name="testTopologyChangeEvents[4: transport=EPOLL, ssl=JDK]" classname="io.hekate.cluster.internal.ClusterServiceMultipleNodesTest" time="1.347"/>
  <testcase name="testJoinLeaveNoWaitWithPermanentNodes[4: transport=EPOLL, ssl=JDK]" classname="io.hekate.cluster.internal.ClusterServiceMultipleNodesTest" time="1.769"/>
  <testcase name="testJoinOrderRemoveYoungest[5: transport=EPOLL, ssl=OPEN_SSL]" classname="io.hekate.cluster.internal.ClusterServiceMultipleNodesTest" time="1.454"/>
  <testcase name="testFutureOf[5: transport=EPOLL, ssl=OPEN_SSL]" classname="io.hekate.cluster.internal.ClusterServiceMultipleNodesTest" time="0.071"/>
  <testcase name="testCoordinatorFailureWhileJoining[5: transport=EPOLL, ssl=OPEN_SSL]" classname="io.hekate.cluster.internal.ClusterServiceMultipleNodesTest" time="0.617"/>
  <testcase name="testClusterView[5: transport=EPOLL, ssl=OPEN_SSL]" classname="io.hekate.cluster.internal.ClusterServiceMultipleNodesTest" time="0.084"/>
  <testcase name="testJoinRejectLoopback[5: transport=EPOLL, ssl=OPEN_SSL]" classname="io.hekate.cluster.internal.ClusterServiceMultipleNodesTest" time="0.034"/>
  <testcase name="testNodeBecomesNonReachable[5: transport=EPOLL, ssl=OPEN_SSL]" classname="io.hekate.cluster.internal.ClusterServiceMultipleNodesTest" time="2.124"/>
  <testcase name="testJoinRejectCustom[5: transport=EPOLL, ssl=OPEN_SSL]" classname="io.hekate.cluster.internal.ClusterServiceMultipleNodesTest" time="0.033"/>
  <testcase name="testHasService[5: transport=EPOLL, ssl=OPEN_SSL]" classname="io.hekate.cluster.internal.ClusterServiceMultipleNodesTest" time="0.075"/>
  <testcase name="testAwaitFor[5: transport=EPOLL, ssl=OPEN_SSL]" classname="io.hekate.cluster.internal.ClusterServiceMultipleNodesTest" time="0.153"/>
  <testcase name="testTerminateJoinSameTimeWithPermanentNodes[5: transport=EPOLL, ssl=OPEN_SSL]" classname="io.hekate.cluster.internal.ClusterServiceMultipleNodesTest" time="6.162"/>
  <testcase name="testJoinRejectNonLoopback[5: transport=EPOLL, ssl=OPEN_SSL]" classname="io.hekate.cluster.internal.ClusterServiceMultipleNodesTest" time="0.031"/>
  <testcase name="testJoinLeaveWithPermanentNodes[5: transport=EPOLL, ssl=OPEN_SSL]" classname="io.hekate.cluster.internal.ClusterServiceMultipleNodesTest" time="0.867"/>
  <testcase name="testTopologyEvents[5: transport=EPOLL, ssl=OPEN_SSL]" classname="io.hekate.cluster.internal.ClusterServiceMultipleNodesTest" time="0.697"/>
  <testcase name="testJoinLeave[5: transport=EPOLL, ssl=OPEN_SSL]" classname="io.hekate.cluster.internal.ClusterServiceMultipleNodesTest" time="2.39"/>
  <testcase name="testLeaveJoinSameTimeWithPermanentNodes[5: transport=EPOLL, ssl=OPEN_SSL]" classname="io.hekate.cluster.internal.ClusterServiceMultipleNodesTest" time="0.737"/>
  <testcase name="testJoinOrderRemoveOldest[5: transport=EPOLL, ssl=OPEN_SSL]" classname="io.hekate.cluster.internal.ClusterServiceMultipleNodesTest" time="0.303"/>
  <testcase name="testJoiningNodeNonReachable[5: transport=EPOLL, ssl=OPEN_SSL]" classname="io.hekate.cluster.internal.ClusterServiceMultipleNodesTest" time="2.143"/>
  <testcase name="testJoinTerminateSameTimeWithPermanentNodes[5: transport=EPOLL, ssl=OPEN_SSL]" classname="io.hekate.cluster.internal.ClusterServiceMultipleNodesTest" time="6.399"/>
  <testcase name="testTopologyEventsWithTerminate[5: transport=EPOLL, ssl=OPEN_SSL]" classname="io.hekate.cluster.internal.ClusterServiceMultipleNodesTest" time="2.051"/>
  <testcase name="testJoinLeaveNoWait[5: transport=EPOLL, ssl=OPEN_SSL]" classname="io.hekate.cluster.internal.ClusterServiceMultipleNodesTest" time="0.235"/>
  <testcase name="testJoiningNodeHanged[5: transport=EPOLL, ssl=OPEN_SSL]" classname="io.hekate.cluster.internal.ClusterServiceMultipleNodesTest" time="1.96"/>
  <testcase name="testJoinTerminateNoWaitWithPermanentNodes[5: transport=EPOLL, ssl=OPEN_SSL]" classname="io.hekate.cluster.internal.ClusterServiceMultipleNodesTest" time="0.483"/>
  <testcase name="testJoinLeaveSameTimeWithPermanentNodes[5: transport=EPOLL, ssl=OPEN_SSL]" classname="io.hekate.cluster.internal.ClusterServiceMultipleNodesTest" time="1.047"/>
  <testcase name="testAwaitForNodes[5: transport=EPOLL, ssl=OPEN_SSL]" classname="io.hekate.cluster.internal.ClusterServiceMultipleNodesTest" time="0.154"/>
  <testcase name="testTopologyChangeEvents[5: transport=EPOLL, ssl=OPEN_SSL]" classname="io.hekate.cluster.internal.ClusterServiceMultipleNodesTest" time="0.518"/>
  <testcase name="testJoinLeaveNoWaitWithPermanentNodes[5: transport=EPOLL, ssl=OPEN_SSL]" classname="io.hekate.cluster.internal.ClusterServiceMultipleNodesTest" time="0.422"/>
</testsuite>