<?xml version="1.0" encoding="UTF-8"?>
<testsuite xmlns:xsi="http://www.w3.org/2001/XMLSchema-instance" xsi:schemaLocation="https://maven.apache.org/surefire/maven-surefire-plugin/xsd/surefire-test-report.xsd" name="io.hekate.lock.internal.DistributedLockAsyncTest" time="20.72" tests="120" errors="0" skipped="0" failures="0">
  <properties>
    <property name="java.runtime.name" value="OpenJDK Runtime Environment"/>
    <property name="sun.boot.library.path" value="/usr/lib/jvm/java-8-openjdk-amd64/jre/lib/amd64"/>
    <property name="java.vm.version" value="25.121-b13"/>
    <property name="java.vm.vendor" value="Oracle Corporation"/>
    <property name="maven.multiModuleProjectDirectory" value="/root/workspace/hekate-io/hekate/383632883"/>
    <property name="java.vendor.url" value="http://java.oracle.com/"/>
    <property name="path.separator" value=":"/>
    <property name="guice.disable.misplaced.annotation.check" value="true"/>
    <property name="skip.gulp" value="true"/>
    <property name="java.vm.name" value="OpenJDK 64-Bit Server VM"/>
    <property name="file.encoding.pkg" value="sun.io"/>
    <property name="sun.java.launcher" value="SUN_STANDARD"/>
    <property name="sun.os.patch.level" value="unknown"/>
    <property name="findbugs.skip" value="true"/>
    <property name="java.vm.specification.name" value="Java Virtual Machine Specification"/>
    <property name="user.dir" value="/root/workspace/hekate-io/hekate/383632883"/>
    <property name="checkstyle.skip" value="true"/>
    <property name="java.runtime.version" value="1.8.0_121-8u121-b13-1~bpo8+1-b13"/>
    <property name="java.awt.graphicsenv" value="sun.awt.X11GraphicsEnvironment"/>
    <property name="skip.npm" value="true"/>
    <property name="java.endorsed.dirs" value="/usr/lib/jvm/java-8-openjdk-amd64/jre/lib/endorsed"/>
    <property name="os.arch" value="amd64"/>
    <property name="java.io.tmpdir" value="/tmp"/>
    <property name="gpg.skip" value="true"/>
    <property name="line.separator" value="&#10;"/>
    <property name="java.vm.specification.vendor" value="Oracle Corporation"/>
    <property name="cobertura.skip" value="true"/>
    <property name="os.name" value="Linux"/>
    <property name="classworlds.conf" value="/usr/share/maven/bin/m2.conf"/>
    <property name="sun.jnu.encoding" value="UTF-8"/>
    <property name="java.library.path" value="/usr/java/packages/lib/amd64:/usr/lib/x86_64-linux-gnu/jni:/lib/x86_64-linux-gnu:/usr/lib/x86_64-linux-gnu:/usr/lib/jni:/lib:/usr/lib"/>
    <property name="license.skip" value="true"/>
    <property name="java.specification.name" value="Java Platform API Specification"/>
    <property name="java.class.version" value="52.0"/>
    <property name="org.slf4j.simpleLogger.levelInBrackets" value="true"/>
    <property name="sun.management.compiler" value="HotSpot 64-Bit Tiered Compilers"/>
    <property name="skip.bower" value="true"/>
    <property name="maven.repo.local" value="/root/./workspace/hekate-io/hekate/383632883/.m2"/>
    <property name="os.version" value="3.10.0-862.2.3.el7.x86_64"/>
    <property name="user.home" value="/root"/>
    <property name="user.timezone" value="Europe/Paris"/>
    <property name="java.awt.printerjob" value="sun.print.PSPrinterJob"/>
    <property name="java.specification.version" value="1.8"/>
    <property name="file.encoding" value="UTF-8"/>
    <property name="user.name" value="root"/>
    <property name="java.class.path" value="/usr/share/maven/boot/plexus-classworlds-2.5.2.jar"/>
    <property name="skipITs" value="true"/>
    <property name="java.vm.specification.version" value="1.8"/>
    <property name="sun.arch.data.model" value="64"/>
    <property name="java.home" value="/usr/lib/jvm/java-8-openjdk-amd64/jre"/>
    <property name="sun.java.command" value="org.codehaus.plexus.classworlds.launcher.Launcher -B -D enforcer.skip=true -D dependency-check.skip=true -D skipITs=true -D cobertura.skip=true -D maven.repo.local=/root/./workspace/hekate-io/hekate/383632883/.m2 -D rat.skip=true -D findbugs.skip=true -D skip.bower=true -D gpg.skip=true -D checkstyle.skip=true -D skip.gulp=true -D license.skip=true -D skip.npm=true test"/>
    <property name="java.specification.vendor" value="Oracle Corporation"/>
    <property name="user.language" value="en"/>
    <property name="awt.toolkit" value="sun.awt.X11.XToolkit"/>
    <property name="dependency-check.skip" value="true"/>
    <property name="java.vm.info" value="mixed mode"/>
    <property name="java.version" value="1.8.0_121"/>
    <property name="java.ext.dirs" value="/usr/lib/jvm/java-8-openjdk-amd64/jre/lib/ext:/usr/java/packages/lib/ext"/>
    <property name="securerandom.source" value="file:/dev/./urandom"/>
    <property name="sun.boot.class.path" value="/usr/lib/jvm/java-8-openjdk-amd64/jre/lib/resources.jar:/usr/lib/jvm/java-8-openjdk-amd64/jre/lib/rt.jar:/usr/lib/jvm/java-8-openjdk-amd64/jre/lib/sunrsasign.jar:/usr/lib/jvm/java-8-openjdk-amd64/jre/lib/jsse.jar:/usr/lib/jvm/java-8-openjdk-amd64/jre/lib/jce.jar:/usr/lib/jvm/java-8-openjdk-amd64/jre/lib/charsets.jar:/usr/lib/jvm/java-8-openjdk-amd64/jre/lib/jfr.jar:/usr/lib/jvm/java-8-openjdk-amd64/jre/classes"/>
    <property name="java.vendor" value="Oracle Corporation"/>
    <property name="enforcer.skip" value="true"/>
    <property name="rat.skip" value="true"/>
    <property name="maven.home" value="/usr/share/maven"/>
    <property name="file.separator" value="/"/>
    <property name="java.vendor.url.bug" value="http://bugreport.sun.com/bugreport/"/>
    <property name="sun.cpu.endian" value="little"/>
    <property name="sun.io.unicode.encoding" value="UnicodeLittle"/>
    <property name="org.slf4j.simpleLogger.showThreadName" value="false"/>
    <property name="sun.cpu.isalist" value=""/>
  </properties>
  <testcase name="testLockBusy[0: transport=NIO, worker-threads=1, nio-threads=0]" classname="io.hekate.lock.internal.DistributedLockAsyncTest" time="0.041"/>
  <testcase name="testLock[0: transport=NIO, worker-threads=1, nio-threads=0]" classname="io.hekate.lock.internal.DistributedLockAsyncTest" time="0.009"/>
  <testcase name="testLockFuture[0: transport=NIO, worker-threads=1, nio-threads=0]" classname="io.hekate.lock.internal.DistributedLockAsyncTest" time="0.061"/>
  <testcase name="testReleaseOnNodeTermination[0: transport=NIO, worker-threads=1, nio-threads=0]" classname="io.hekate.lock.internal.DistributedLockAsyncTest" time="0.01"/>
  <testcase name="testLockOwnerChange[0: transport=NIO, worker-threads=1, nio-threads=0]" classname="io.hekate.lock.internal.DistributedLockAsyncTest" time="0.614"/>
  <testcase name="testLockBusy[1: transport=NIO, worker-threads=1, nio-threads=1]" classname="io.hekate.lock.internal.DistributedLockAsyncTest" time="0.038"/>
  <testcase name="testLock[1: transport=NIO, worker-threads=1, nio-threads=1]" classname="io.hekate.lock.internal.DistributedLockAsyncTest" time="0.008"/>
  <testcase name="testLockFuture[1: transport=NIO, worker-threads=1, nio-threads=1]" classname="io.hekate.lock.internal.DistributedLockAsyncTest" time="0.122"/>
  <testcase name="testReleaseOnNodeTermination[1: transport=NIO, worker-threads=1, nio-threads=1]" classname="io.hekate.lock.internal.DistributedLockAsyncTest" time="0.011"/>
  <testcase name="testLockOwnerChange[1: transport=NIO, worker-threads=1, nio-threads=1]" classname="io.hekate.lock.internal.DistributedLockAsyncTest" time="0.298"/>
  <testcase name="testLockBusy[2: transport=NIO, worker-threads=2, nio-threads=1]" classname="io.hekate.lock.internal.DistributedLockAsyncTest" time="0.037"/>
  <testcase name="testLock[2: transport=NIO, worker-threads=2, nio-threads=1]" classname="io.hekate.lock.internal.DistributedLockAsyncTest" time="0.008"/>
  <testcase name="testLockFuture[2: transport=NIO, worker-threads=2, nio-threads=1]" classname="io.hekate.lock.internal.DistributedLockAsyncTest" time="0.066"/>
  <testcase name="testReleaseOnNodeTermination[2: transport=NIO, worker-threads=2, nio-threads=1]" classname="io.hekate.lock.internal.DistributedLockAsyncTest" time="0.008"/>
  <testcase name="testLockOwnerChange[2: transport=NIO, worker-threads=2, nio-threads=1]" classname="io.hekate.lock.internal.DistributedLockAsyncTest" time="0.37"/>
  <testcase name="testLockBusy[3: transport=NIO, worker-threads=2, nio-threads=2]" classname="io.hekate.lock.internal.DistributedLockAsyncTest" time="0.043"/>
  <testcase name="testLock[3: transport=NIO, worker-threads=2, nio-threads=2]" classname="io.hekate.lock.internal.DistributedLockAsyncTest" time="0.011"/>
  <testcase name="testLockFuture[3: transport=NIO, worker-threads=2, nio-threads=2]" classname="io.hekate.lock.internal.DistributedLockAsyncTest" time="0.05"/>
  <testcase name="testReleaseOnNodeTermination[3: transport=NIO, worker-threads=2, nio-threads=2]" classname="io.hekate.lock.internal.DistributedLockAsyncTest" time="0.009"/>
  <testcase name="testLockOwnerChange[3: transport=NIO, worker-threads=2, nio-threads=2]" classname="io.hekate.lock.internal.DistributedLockAsyncTest" time="0.586"/>
  <testcase name="testLockBusy[4: transport=NIO, ssl=JDK, worker-threads=1, nio-threads=0]" classname="io.hekate.lock.internal.DistributedLockAsyncTest" time="0.056"/>
  <testcase name="testLock[4: transport=NIO, ssl=JDK, worker-threads=1, nio-threads=0]" classname="io.hekate.lock.internal.DistributedLockAsyncTest" time="0.007"/>
  <testcase name="testLockFuture[4: transport=NIO, ssl=JDK, worker-threads=1, nio-threads=0]" classname="io.hekate.lock.internal.DistributedLockAsyncTest" time="0.113"/>
  <testcase name="testReleaseOnNodeTermination[4: transport=NIO, ssl=JDK, worker-threads=1, nio-threads=0]" classname="io.hekate.lock.internal.DistributedLockAsyncTest" time="0.012"/>
  <testcase name="testLockOwnerChange[4: transport=NIO, ssl=JDK, worker-threads=1, nio-threads=0]" classname="io.hekate.lock.internal.DistributedLockAsyncTest" time="1.117"/>
  <testcase name="testLockBusy[5: transport=NIO, ssl=JDK, worker-threads=1, nio-threads=1]" classname="io.hekate.lock.internal.DistributedLockAsyncTest" time="0.057"/>
  <testcase name="testLock[5: transport=NIO, ssl=JDK, worker-threads=1, nio-threads=1]" classname="io.hekate.lock.internal.DistributedLockAsyncTest" time="0.01"/>
  <testcase name="testLockFuture[5: transport=NIO, ssl=JDK, worker-threads=1, nio-threads=1]" classname="io.hekate.lock.internal.DistributedLockAsyncTest" time="0.119"/>
  <testcase name="testReleaseOnNodeTermination[5: transport=NIO, ssl=JDK, worker-threads=1, nio-threads=1]" classname="io.hekate.lock.internal.DistributedLockAsyncTest" time="0.01"/>
  <testcase name="testLockOwnerChange[5: transport=NIO, ssl=JDK, worker-threads=1, nio-threads=1]" classname="io.hekate.lock.internal.DistributedLockAsyncTest" time="0.957"/>
  <testcase name="testLockBusy[6: transport=NIO, ssl=JDK, worker-threads=2, nio-threads=1]" classname="io.hekate.lock.internal.DistributedLockAsyncTest" time="0.053"/>
  <testcase name="testLock[6: transport=NIO, ssl=JDK, worker-threads=2, nio-threads=1]" classname="io.hekate.lock.internal.DistributedLockAsyncTest" time="0.008"/>
  <testcase name="testLockFuture[6: transport=NIO, ssl=JDK, worker-threads=2, nio-threads=1]" classname="io.hekate.lock.internal.DistributedLockAsyncTest" time="0.12"/>
  <testcase name="testReleaseOnNodeTermination[6: transport=NIO, ssl=JDK, worker-threads=2, nio-threads=1]" classname="io.hekate.lock.internal.DistributedLockAsyncTest" time="0.008"/>
  <testcase name="testLockOwnerChange[6: transport=NIO, ssl=JDK, worker-threads=2, nio-threads=1]" classname="io.hekate.lock.internal.DistributedLockAsyncTest" time="1.025"/>
  <testcase name="testLockBusy[7: transport=NIO, ssl=JDK, worker-threads=2, nio-threads=2]" classname="io.hekate.lock.internal.DistributedLockAsyncTest" time="0.057"/>
  <testcase name="testLock[7: transport=NIO, ssl=JDK, worker-threads=2, nio-threads=2]" classname="io.hekate.lock.internal.DistributedLockAsyncTest" time="0.011"/>
  <testcase name="testLockFuture[7: transport=NIO, ssl=JDK, worker-threads=2, nio-threads=2]" classname="io.hekate.lock.internal.DistributedLockAsyncTest" time="0.122"/>
  <testcase name="testReleaseOnNodeTermination[7: transport=NIO, ssl=JDK, worker-threads=2, nio-threads=2]" classname="io.hekate.lock.internal.DistributedLockAsyncTest" time="0.01"/>
  <testcase name="testLockOwnerChange[7: transport=NIO, ssl=JDK, worker-threads=2, nio-threads=2]" classname="io.hekate.lock.internal.DistributedLockAsyncTest" time="0.826"/>
  <testcase name="testLockBusy[8: transport=NIO, ssl=OPEN_SSL, worker-threads=1, nio-threads=0]" classname="io.hekate.lock.internal.DistributedLockAsyncTest" time="0.04"/>
  <testcase name="testLock[8: transport=NIO, ssl=OPEN_SSL, worker-threads=1, nio-threads=0]" classname="io.hekate.lock.internal.DistributedLockAsyncTest" time="0.007"/>
  <testcase name="testLockFuture[8: transport=NIO, ssl=OPEN_SSL, worker-threads=1, nio-threads=0]" classname="io.hekate.lock.internal.DistributedLockAsyncTest" time="0.148"/>
  <testcase name="testReleaseOnNodeTermination[8: transport=NIO, ssl=OPEN_SSL, worker-threads=1, nio-threads=0]" classname="io.hekate.lock.internal.DistributedLockAsyncTest" time="0.01"/>
  <testcase name="testLockOwnerChange[8: transport=NIO, ssl=OPEN_SSL, worker-threads=1, nio-threads=0]" classname="io.hekate.lock.internal.DistributedLockAsyncTest" time="0.598"/>
  <testcase name="testLockBusy[9: transport=NIO, ssl=OPEN_SSL, worker-threads=1, nio-threads=1]" classname="io.hekate.lock.internal.DistributedLockAsyncTest" time="0.034"/>
  <testcase name="testLock[9: transport=NIO, ssl=OPEN_SSL, worker-threads=1, nio-threads=1]" classname="io.hekate.lock.internal.DistributedLockAsyncTest" time="0.007"/>
  <testcase name="testLockFuture[9: transport=NIO, ssl=OPEN_SSL, worker-threads=1, nio-threads=1]" classname="io.hekate.lock.internal.DistributedLockAsyncTest" time="0.056"/>
  <testcase name="testReleaseOnNodeTermination[9: transport=NIO, ssl=OPEN_SSL, worker-threads=1, nio-threads=1]" classname="io.hekate.lock.internal.DistributedLockAsyncTest" time="0.009"/>
  <testcase name="testLockOwnerChange[9: transport=NIO, ssl=OPEN_SSL, worker-threads=1, nio-threads=1]" classname="io.hekate.lock.internal.DistributedLockAsyncTest" time="0.657"/>
  <testcase name="testLockBusy[10: transport=NIO, ssl=OPEN_SSL, worker-threads=2, nio-threads=1]" classname="io.hekate.lock.internal.DistributedLockAsyncTest" time="0.047"/>
  <testcase name="testLock[10: transport=NIO, ssl=OPEN_SSL, worker-threads=2, nio-threads=1]" classname="io.hekate.lock.internal.DistributedLockAsyncTest" time="0.009"/>
  <testcase name="testLockFuture[10: transport=NIO, ssl=OPEN_SSL, worker-threads=2, nio-threads=1]" classname="io.hekate.lock.internal.DistributedLockAsyncTest" time="0.062"/>
  <testcase name="testReleaseOnNodeTermination[10: transport=NIO, ssl=OPEN_SSL, worker-threads=2, nio-threads=1]" classname="io.hekate.lock.internal.DistributedLockAsyncTest" time="0.008"/>
  <testcase name="testLockOwnerChange[10: transport=NIO, ssl=OPEN_SSL, worker-threads=2, nio-threads=1]" classname="io.hekate.lock.internal.DistributedLockAsyncTest" time="0.544"/>
  <testcase name="testLockBusy[11: transport=NIO, ssl=OPEN_SSL, worker-threads=2, nio-threads=2]" classname="io.hekate.lock.internal.DistributedLockAsyncTest" time="0.042"/>
  <testcase name="testLock[11: transport=NIO, ssl=OPEN_SSL, worker-threads=2, nio-threads=2]" classname="io.hekate.lock.internal.DistributedLockAsyncTest" time="0.008"/>
  <testcase name="testLockFuture[11: transport=NIO, ssl=OPEN_SSL, worker-threads=2, nio-threads=2]" classname="io.hekate.lock.internal.DistributedLockAsyncTest" time="0.087"/>
  <testcase name="testReleaseOnNodeTermination[11: transport=NIO, ssl=OPEN_SSL, worker-threads=2, nio-threads=2]" classname="io.hekate.lock.internal.DistributedLockAsyncTest" time="0.052"/>
  <testcase name="testLockOwnerChange[11: transport=NIO, ssl=OPEN_SSL, worker-threads=2, nio-threads=2]" classname="io.hekate.lock.internal.DistributedLockAsyncTest" time="0.528"/>
  <testcase name="testLockBusy[12: transport=EPOLL, worker-threads=1, nio-threads=0]" classname="io.hekate.lock.internal.DistributedLockAsyncTest" time="0.035"/>
  <testcase name="testLock[12: transport=EPOLL, worker-threads=1, nio-threads=0]" classname="io.hekate.lock.internal.DistributedLockAsyncTest" time="0.008"/>
  <testcase name="testLockFuture[12: transport=EPOLL, worker-threads=1, nio-threads=0]" classname="io.hekate.lock.internal.DistributedLockAsyncTest" time="0.06"/>
  <testcase name="testReleaseOnNodeTermination[12: transport=EPOLL, worker-threads=1, nio-threads=0]" classname="io.hekate.lock.internal.DistributedLockAsyncTest" time="0.007"/>
  <testcase name="testLockOwnerChange[12: transport=EPOLL, worker-threads=1, nio-threads=0]" classname="io.hekate.lock.internal.DistributedLockAsyncTest" time="0.618"/>
  <testcase name="testLockBusy[13: transport=EPOLL, worker-threads=1, nio-threads=1]" classname="io.hekate.lock.internal.DistributedLockAsyncTest" time="0.039"/>
  <testcase name="testLock[13: transport=EPOLL, worker-threads=1, nio-threads=1]" classname="io.hekate.lock.internal.DistributedLockAsyncTest" time="0.027"/>
  <testcase name="testLockFuture[13: transport=EPOLL, worker-threads=1, nio-threads=1]" classname="io.hekate.lock.internal.DistributedLockAsyncTest" time="0.045"/>
  <testcase name="testReleaseOnNodeTermination[13: transport=EPOLL, worker-threads=1, nio-threads=1]" classname="io.hekate.lock.internal.DistributedLockAsyncTest" time="0.007"/>
  <testcase name="testLockOwnerChange[13: transport=EPOLL, worker-threads=1, nio-threads=1]" classname="io.hekate.lock.internal.DistributedLockAsyncTest" time="0.493"/>
  <testcase name="testLockBusy[14: transport=EPOLL, worker-threads=2, nio-threads=1]" classname="io.hekate.lock.internal.DistributedLockAsyncTest" time="0.037"/>
  <testcase name="testLock[14: transport=EPOLL, worker-threads=2, nio-threads=1]" classname="io.hekate.lock.internal.DistributedLockAsyncTest" time="0.008"/>
  <testcase name="testLockFuture[14: transport=EPOLL, worker-threads=2, nio-threads=1]" classname="io.hekate.lock.internal.DistributedLockAsyncTest" time="0.047"/>
  <testcase name="testReleaseOnNodeTermination[14: transport=EPOLL, worker-threads=2, nio-threads=1]" classname="io.hekate.lock.internal.DistributedLockAsyncTest" time="0.007"/>
  <testcase name="testLockOwnerChange[14: transport=EPOLL, worker-threads=2, nio-threads=1]" classname="io.hekate.lock.internal.DistributedLockAsyncTest" time="0.487"/>
  <testcase name="testLockBusy[15: transport=EPOLL, worker-threads=2, nio-threads=2]" classname="io.hekate.lock.internal.DistributedLockAsyncTest" time="0.042"/>
  <testcase name="testLock[15: transport=EPOLL, worker-threads=2, nio-threads=2]" classname="io.hekate.lock.internal.DistributedLockAsyncTest" time="0.01"/>
  <testcase name="testLockFuture[15: transport=EPOLL, worker-threads=2, nio-threads=2]" classname="io.hekate.lock.internal.DistributedLockAsyncTest" time="0.048"/>
  <testcase name="testReleaseOnNodeTermination[15: transport=EPOLL, worker-threads=2, nio-threads=2]" classname="io.hekate.lock.internal.DistributedLockAsyncTest" time="0.009"/>
  <testcase name="testLockOwnerChange[15: transport=EPOLL, worker-threads=2, nio-threads=2]" classname="io.hekate.lock.internal.DistributedLockAsyncTest" time="0.493"/>
  <testcase name="testLockBusy[16: transport=EPOLL, ssl=JDK, worker-threads=1, nio-threads=0]" classname="io.hekate.lock.internal.DistributedLockAsyncTest" time="0.064"/>
  <testcase name="testLock[16: transport=EPOLL, ssl=JDK, worker-threads=1, nio-threads=0]" classname="io.hekate.lock.internal.DistributedLockAsyncTest" time="0.011"/>
  <testcase name="testLockFuture[16: transport=EPOLL, ssl=JDK, worker-threads=1, nio-threads=0]" classname="io.hekate.lock.internal.DistributedLockAsyncTest" time="0.099"/>
  <testcase name="testReleaseOnNodeTermination[16: transport=EPOLL, ssl=JDK, worker-threads=1, nio-threads=0]" classname="io.hekate.lock.internal.DistributedLockAsyncTest" time="0.009"/>
  <testcase name="testLockOwnerChange[16: transport=EPOLL, ssl=JDK, worker-threads=1, nio-threads=0]" classname="io.hekate.lock.internal.DistributedLockAsyncTest" time="1.008"/>
  <testcase name="testLockBusy[17: transport=EPOLL, ssl=JDK, worker-threads=1, nio-threads=1]" classname="io.hekate.lock.internal.DistributedLockAsyncTest" time="0.046"/>
  <testcase name="testLock[17: transport=EPOLL, ssl=JDK, worker-threads=1, nio-threads=1]" classname="io.hekate.lock.internal.DistributedLockAsyncTest" time="0.008"/>
  <testcase name="testLockFuture[17: transport=EPOLL, ssl=JDK, worker-threads=1, nio-threads=1]" classname="io.hekate.lock.internal.DistributedLockAsyncTest" time="0.156"/>
  <testcase name="testReleaseOnNodeTermination[17: transport=EPOLL, ssl=JDK, worker-threads=1, nio-threads=1]" classname="io.hekate.lock.internal.DistributedLockAsyncTest" time="0.009"/>
  <testcase name="testLockOwnerChange[17: transport=EPOLL, ssl=JDK, worker-threads=1, nio-threads=1]" classname="io.hekate.lock.internal.DistributedLockAsyncTest" time="1.243"/>
  <testcase name="testLockBusy[18: transport=EPOLL, ssl=JDK, worker-threads=2, nio-threads=1]" classname="io.hekate.lock.internal.DistributedLockAsyncTest" time="0.144"/>
  <testcase name="testLock[18: transport=EPOLL, ssl=JDK, worker-threads=2, nio-threads=1]" classname="io.hekate.lock.internal.DistributedLockAsyncTest" time="0.01"/>
  <testcase name="testLockFuture[18: transport=EPOLL, ssl=JDK, worker-threads=2, nio-threads=1]" classname="io.hekate.lock.internal.DistributedLockAsyncTest" time="0.105"/>
  <testcase name="testReleaseOnNodeTermination[18: transport=EPOLL, ssl=JDK, worker-threads=2, nio-threads=1]" classname="io.hekate.lock.internal.DistributedLockAsyncTest" time="0.008"/>
  <testcase name="testLockOwnerChange[18: transport=EPOLL, ssl=JDK, worker-threads=2, nio-threads=1]" classname="io.hekate.lock.internal.DistributedLockAsyncTest" time="1.051"/>
  <testcase name="testLockBusy[19: transport=EPOLL, ssl=JDK, worker-threads=2, nio-threads=2]" classname="io.hekate.lock.internal.DistributedLockAsyncTest" time="0.057"/>
  <testcase name="testLock[19: transport=EPOLL, ssl=JDK, worker-threads=2, nio-threads=2]" classname="io.hekate.lock.internal.DistributedLockAsyncTest" time="0.011"/>
  <testcase name="testLockFuture[19: transport=EPOLL, ssl=JDK, worker-threads=2, nio-threads=2]" classname="io.hekate.lock.internal.DistributedLockAsyncTest" time="0.119"/>
  <testcase name="testReleaseOnNodeTermination[19: transport=EPOLL, ssl=JDK, worker-threads=2, nio-threads=2]" classname="io.hekate.lock.internal.DistributedLockAsyncTest" time="0.009"/>
  <testcase name="testLockOwnerChange[19: transport=EPOLL, ssl=JDK, worker-threads=2, nio-threads=2]" classname="io.hekate.lock.internal.DistributedLockAsyncTest" time="1.038"/>
  <testcase name="testLockBusy[20: transport=EPOLL, ssl=OPEN_SSL, worker-threads=1, nio-threads=0]" classname="io.hekate.lock.internal.DistributedLockAsyncTest" time="0.043"/>
  <testcase name="testLock[20: transport=EPOLL, ssl=OPEN_SSL, worker-threads=1, nio-threads=0]" classname="io.hekate.lock.internal.DistributedLockAsyncTest" time="0.007"/>
  <testcase name="testLockFuture[20: transport=EPOLL, ssl=OPEN_SSL, worker-threads=1, nio-threads=0]" classname="io.hekate.lock.internal.DistributedLockAsyncTest" time="0.07"/>
  <testcase name="testReleaseOnNodeTermination[20: transport=EPOLL, ssl=OPEN_SSL, worker-threads=1, nio-threads=0]" classname="io.hekate.lock.internal.DistributedLockAsyncTest" time="0.008"/>
  <testcase name="testLockOwnerChange[20: transport=EPOLL, ssl=OPEN_SSL, worker-threads=1, nio-threads=0]" classname="io.hekate.lock.internal.DistributedLockAsyncTest" time="0.592"/>
  <testcase name="testLockBusy[21: transport=EPOLL, ssl=OPEN_SSL, worker-threads=1, nio-threads=1]" classname="io.hekate.lock.internal.DistributedLockAsyncTest" time="0.048"/>
  <testcase name="testLock[21: transport=EPOLL, ssl=OPEN_SSL, worker-threads=1, nio-threads=1]" classname="io.hekate.lock.internal.DistributedLockAsyncTest" time="0.01"/>
  <testcase name="testLockFuture[21: transport=EPOLL, ssl=OPEN_SSL, worker-threads=1, nio-threads=1]" classname="io.hekate.lock.internal.DistributedLockAsyncTest" time="0.07"/>
  <testcase name="testReleaseOnNodeTermination[21: transport=EPOLL, ssl=OPEN_SSL, worker-threads=1, nio-threads=1]" classname="io.hekate.lock.internal.DistributedLockAsyncTest" time="0.01"/>
  <testcase name="testLockOwnerChange[21: transport=EPOLL, ssl=OPEN_SSL, worker-threads=1, nio-threads=1]" classname="io.hekate.lock.internal.DistributedLockAsyncTest" time="0.522"/>
  <testcase name="testLockBusy[22: transport=EPOLL, ssl=OPEN_SSL, worker-threads=2, nio-threads=1]" classname="io.hekate.lock.internal.DistributedLockAsyncTest" time="0.042"/>
  <testcase name="testLock[22: transport=EPOLL, ssl=OPEN_SSL, worker-threads=2, nio-threads=1]" classname="io.hekate.lock.internal.DistributedLockAsyncTest" time="0.009"/>
  <testcase name="testLockFuture[22: transport=EPOLL, ssl=OPEN_SSL, worker-threads=2, nio-threads=1]" classname="io.hekate.lock.internal.DistributedLockAsyncTest" time="0.063"/>
  <testcase name="testReleaseOnNodeTermination[22: transport=EPOLL, ssl=OPEN_SSL, worker-threads=2, nio-threads=1]" classname="io.hekate.lock.internal.DistributedLockAsyncTest" time="0.009"/>
  <testcase name="testLockOwnerChange[22: transport=EPOLL, ssl=OPEN_SSL, worker-threads=2, nio-threads=1]" classname="io.hekate.lock.internal.DistributedLockAsyncTest" time="0.646"/>
  <testcase name="testLockBusy[23: transport=EPOLL, ssl=OPEN_SSL, worker-threads=2, nio-threads=2]" classname="io.hekate.lock.internal.DistributedLockAsyncTest" time="0.035"/>
  <testcase name="testLock[23: transport=EPOLL, ssl=OPEN_SSL, worker-threads=2, nio-threads=2]" classname="io.hekate.lock.internal.DistributedLockAsyncTest" time="0.01"/>
  <testcase name="testLockFuture[23: transport=EPOLL, ssl=OPEN_SSL, worker-threads=2, nio-threads=2]" classname="io.hekate.lock.internal.DistributedLockAsyncTest" time="0.081"/>
  <testcase name="testReleaseOnNodeTermination[23: transport=EPOLL, ssl=OPEN_SSL, worker-threads=2, nio-threads=2]" classname="io.hekate.lock.internal.DistributedLockAsyncTest" time="0.01"/>
  <testcase name="testLockOwnerChange[23: transport=EPOLL, ssl=OPEN_SSL, worker-threads=2, nio-threads=2]" classname="io.hekate.lock.internal.DistributedLockAsyncTest" time="0.638"/>
</testsuite>