<?xml version="1.0" encoding="UTF-8"?>
<testsuite xmlns:xsi="http://www.w3.org/2001/XMLSchema-instance" xsi:schemaLocation="https://maven.apache.org/surefire/maven-surefire-plugin/xsd/surefire-test-report.xsd" name="io.hekate.rpc.internal.RpcAggregateTest" time="40.413" tests="252" errors="0" skipped="0" failures="0">
  <properties>
    <property name="java.runtime.name" value="OpenJDK Runtime Environment"/>
    <property name="sun.boot.library.path" value="/usr/lib/jvm/java-8-openjdk-amd64/jre/lib/amd64"/>
    <property name="java.vm.version" value="25.121-b13"/>
    <property name="java.vm.vendor" value="Oracle Corporation"/>
    <property name="maven.multiModuleProjectDirectory" value="/root/workspace/hekate-io/hekate/383632883"/>
    <property name="java.vendor.url" value="http://java.oracle.com/"/>
    <property name="path.separator" value=":"/>
    <property name="guice.disable.misplaced.annotation.check" value="true"/>
    <property name="skip.gulp" value="true"/>
    <property name="java.vm.name" value="OpenJDK 64-Bit Server VM"/>
    <property name="file.encoding.pkg" value="sun.io"/>
    <property name="sun.java.launcher" value="SUN_STANDARD"/>
    <property name="sun.os.patch.level" value="unknown"/>
    <property name="findbugs.skip" value="true"/>
    <property name="java.vm.specification.name" value="Java Virtual Machine Specification"/>
    <property name="user.dir" value="/root/workspace/hekate-io/hekate/383632883"/>
    <property name="checkstyle.skip" value="true"/>
    <property name="java.runtime.version" value="1.8.0_121-8u121-b13-1~bpo8+1-b13"/>
    <property name="java.awt.graphicsenv" value="sun.awt.X11GraphicsEnvironment"/>
    <property name="skip.npm" value="true"/>
    <property name="java.endorsed.dirs" value="/usr/lib/jvm/java-8-openjdk-amd64/jre/lib/endorsed"/>
    <property name="os.arch" value="amd64"/>
    <property name="java.io.tmpdir" value="/tmp"/>
    <property name="gpg.skip" value="true"/>
    <property name="line.separator" value="&#10;"/>
    <property name="java.vm.specification.vendor" value="Oracle Corporation"/>
    <property name="cobertura.skip" value="true"/>
    <property name="os.name" value="Linux"/>
    <property name="classworlds.conf" value="/usr/share/maven/bin/m2.conf"/>
    <property name="sun.jnu.encoding" value="UTF-8"/>
    <property name="java.library.path" value="/usr/java/packages/lib/amd64:/usr/lib/x86_64-linux-gnu/jni:/lib/x86_64-linux-gnu:/usr/lib/x86_64-linux-gnu:/usr/lib/jni:/lib:/usr/lib"/>
    <property name="license.skip" value="true"/>
    <property name="java.specification.name" value="Java Platform API Specification"/>
    <property name="java.class.version" value="52.0"/>
    <property name="org.slf4j.simpleLogger.levelInBrackets" value="true"/>
    <property name="sun.management.compiler" value="HotSpot 64-Bit Tiered Compilers"/>
    <property name="skip.bower" value="true"/>
    <property name="maven.repo.local" value="/root/./workspace/hekate-io/hekate/383632883/.m2"/>
    <property name="os.version" value="3.10.0-862.2.3.el7.x86_64"/>
    <property name="user.home" value="/root"/>
    <property name="user.timezone" value="Europe/Paris"/>
    <property name="java.awt.printerjob" value="sun.print.PSPrinterJob"/>
    <property name="java.specification.version" value="1.8"/>
    <property name="file.encoding" value="UTF-8"/>
    <property name="user.name" value="root"/>
    <property name="java.class.path" value="/usr/share/maven/boot/plexus-classworlds-2.5.2.jar"/>
    <property name="skipITs" value="true"/>
    <property name="java.vm.specification.version" value="1.8"/>
    <property name="sun.arch.data.model" value="64"/>
    <property name="java.home" value="/usr/lib/jvm/java-8-openjdk-amd64/jre"/>
    <property name="sun.java.command" value="org.codehaus.plexus.classworlds.launcher.Launcher -B -D enforcer.skip=true -D dependency-check.skip=true -D skipITs=true -D cobertura.skip=true -D maven.repo.local=/root/./workspace/hekate-io/hekate/383632883/.m2 -D rat.skip=true -D findbugs.skip=true -D skip.bower=true -D gpg.skip=true -D checkstyle.skip=true -D skip.gulp=true -D license.skip=true -D skip.npm=true test"/>
    <property name="java.specification.vendor" value="Oracle Corporation"/>
    <property name="user.language" value="en"/>
    <property name="awt.toolkit" value="sun.awt.X11.XToolkit"/>
    <property name="dependency-check.skip" value="true"/>
    <property name="java.vm.info" value="mixed mode"/>
    <property name="java.version" value="1.8.0_121"/>
    <property name="java.ext.dirs" value="/usr/lib/jvm/java-8-openjdk-amd64/jre/lib/ext:/usr/java/packages/lib/ext"/>
    <property name="securerandom.source" value="file:/dev/./urandom"/>
    <property name="sun.boot.class.path" value="/usr/lib/jvm/java-8-openjdk-amd64/jre/lib/resources.jar:/usr/lib/jvm/java-8-openjdk-amd64/jre/lib/rt.jar:/usr/lib/jvm/java-8-openjdk-amd64/jre/lib/sunrsasign.jar:/usr/lib/jvm/java-8-openjdk-amd64/jre/lib/jsse.jar:/usr/lib/jvm/java-8-openjdk-amd64/jre/lib/jce.jar:/usr/lib/jvm/java-8-openjdk-amd64/jre/lib/charsets.jar:/usr/lib/jvm/java-8-openjdk-amd64/jre/lib/jfr.jar:/usr/lib/jvm/java-8-openjdk-amd64/jre/classes"/>
    <property name="java.vendor" value="Oracle Corporation"/>
    <property name="enforcer.skip" value="true"/>
    <property name="rat.skip" value="true"/>
    <property name="maven.home" value="/usr/share/maven"/>
    <property name="file.separator" value="/"/>
    <property name="java.vendor.url.bug" value="http://bugreport.sun.com/bugreport/"/>
    <property name="sun.cpu.endian" value="little"/>
    <property name="sun.io.unicode.encoding" value="UnicodeLittle"/>
    <property name="org.slf4j.simpleLogger.showThreadName" value="false"/>
    <property name="sun.cpu.isalist" value=""/>
  </properties>
  <testcase name="testMap[0: transport=NIO, codec-factory=KryoCodecFactory[unsafe-io=true, cache-unknown-types=false]]" classname="io.hekate.rpc.internal.RpcAggregateTest" time="0.063"/>
  <testcase name="testSet[0: transport=NIO, codec-factory=KryoCodecFactory[unsafe-io=true, cache-unknown-types=false]]" classname="io.hekate.rpc.internal.RpcAggregateTest" time="0.124"/>
  <testcase name="testListPartialNull[0: transport=NIO, codec-factory=KryoCodecFactory[unsafe-io=true, cache-unknown-types=false]]" classname="io.hekate.rpc.internal.RpcAggregateTest" time="0.092"/>
  <testcase name="testError[0: transport=NIO, codec-factory=KryoCodecFactory[unsafe-io=true, cache-unknown-types=false]]" classname="io.hekate.rpc.internal.RpcAggregateTest" time="0.161"/>
  <testcase name="testList[0: transport=NIO, codec-factory=KryoCodecFactory[unsafe-io=true, cache-unknown-types=false]]" classname="io.hekate.rpc.internal.RpcAggregateTest" time="0.139"/>
  <testcase name="testWarnPartialError[0: transport=NIO, codec-factory=KryoCodecFactory[unsafe-io=true, cache-unknown-types=false]]" classname="io.hekate.rpc.internal.RpcAggregateTest" time="0.126"/>
  <testcase name="testRecursiveResult[0: transport=NIO, codec-factory=KryoCodecFactory[unsafe-io=true, cache-unknown-types=false]]" classname="io.hekate.rpc.internal.RpcAggregateTest" time="0.078"/>
  <testcase name="testMapPartialNull[0: transport=NIO, codec-factory=KryoCodecFactory[unsafe-io=true, cache-unknown-types=false]]" classname="io.hekate.rpc.internal.RpcAggregateTest" time="0.062"/>
  <testcase name="testIgnoreError[0: transport=NIO, codec-factory=KryoCodecFactory[unsafe-io=true, cache-unknown-types=false]]" classname="io.hekate.rpc.internal.RpcAggregateTest" time="0.06"/>
  <testcase name="testSetPartialNull[0: transport=NIO, codec-factory=KryoCodecFactory[unsafe-io=true, cache-unknown-types=false]]" classname="io.hekate.rpc.internal.RpcAggregateTest" time="0.074"/>
  <testcase name="testPartialError[0: transport=NIO, codec-factory=KryoCodecFactory[unsafe-io=true, cache-unknown-types=false]]" classname="io.hekate.rpc.internal.RpcAggregateTest" time="0.071"/>
  <testcase name="testIgnorePartialError[0: transport=NIO, codec-factory=KryoCodecFactory[unsafe-io=true, cache-unknown-types=false]]" classname="io.hekate.rpc.internal.RpcAggregateTest" time="0.048"/>
  <testcase name="testCollection[0: transport=NIO, codec-factory=KryoCodecFactory[unsafe-io=true, cache-unknown-types=false]]" classname="io.hekate.rpc.internal.RpcAggregateTest" time="0.06"/>
  <testcase name="testRecursiveError[0: transport=NIO, codec-factory=KryoCodecFactory[unsafe-io=true, cache-unknown-types=false]]" classname="io.hekate.rpc.internal.RpcAggregateTest" time="0.06"/>
  <testcase name="testMap[1: transport=NIO, codec-factory=FstCodecFactory[use-unsafe=true]]" classname="io.hekate.rpc.internal.RpcAggregateTest" time="0.128"/>
  <testcase name="testSet[1: transport=NIO, codec-factory=FstCodecFactory[use-unsafe=true]]" classname="io.hekate.rpc.internal.RpcAggregateTest" time="0.168"/>
  <testcase name="testListPartialNull[1: transport=NIO, codec-factory=FstCodecFactory[use-unsafe=true]]" classname="io.hekate.rpc.internal.RpcAggregateTest" time="0.141"/>
  <testcase name="testError[1: transport=NIO, codec-factory=FstCodecFactory[use-unsafe=true]]" classname="io.hekate.rpc.internal.RpcAggregateTest" time="0.149"/>
  <testcase name="testList[1: transport=NIO, codec-factory=FstCodecFactory[use-unsafe=true]]" classname="io.hekate.rpc.internal.RpcAggregateTest" time="0.135"/>
  <testcase name="testWarnPartialError[1: transport=NIO, codec-factory=FstCodecFactory[use-unsafe=true]]" classname="io.hekate.rpc.internal.RpcAggregateTest" time="0.15"/>
  <testcase name="testRecursiveResult[1: transport=NIO, codec-factory=FstCodecFactory[use-unsafe=true]]" classname="io.hekate.rpc.internal.RpcAggregateTest" time="0.15"/>
  <testcase name="testMapPartialNull[1: transport=NIO, codec-factory=FstCodecFactory[use-unsafe=true]]" classname="io.hekate.rpc.internal.RpcAggregateTest" time="0.142"/>
  <testcase name="testIgnoreError[1: transport=NIO, codec-factory=FstCodecFactory[use-unsafe=true]]" classname="io.hekate.rpc.internal.RpcAggregateTest" time="0.143"/>
  <testcase name="testSetPartialNull[1: transport=NIO, codec-factory=FstCodecFactory[use-unsafe=true]]" classname="io.hekate.rpc.internal.RpcAggregateTest" time="0.145"/>
  <testcase name="testPartialError[1: transport=NIO, codec-factory=FstCodecFactory[use-unsafe=true]]" classname="io.hekate.rpc.internal.RpcAggregateTest" time="0.186"/>
  <testcase name="testIgnorePartialError[1: transport=NIO, codec-factory=FstCodecFactory[use-unsafe=true]]" classname="io.hekate.rpc.internal.RpcAggregateTest" time="0.15"/>
  <testcase name="testCollection[1: transport=NIO, codec-factory=FstCodecFactory[use-unsafe=true]]" classname="io.hekate.rpc.internal.RpcAggregateTest" time="0.152"/>
  <testcase name="testRecursiveError[1: transport=NIO, codec-factory=FstCodecFactory[use-unsafe=true]]" classname="io.hekate.rpc.internal.RpcAggregateTest" time="0.178"/>
  <testcase name="testMap[2: transport=NIO, codec-factory=JdkCodecFactory]" classname="io.hekate.rpc.internal.RpcAggregateTest" time="0.049"/>
  <testcase name="testSet[2: transport=NIO, codec-factory=JdkCodecFactory]" classname="io.hekate.rpc.internal.RpcAggregateTest" time="0.049"/>
  <testcase name="testListPartialNull[2: transport=NIO, codec-factory=JdkCodecFactory]" classname="io.hekate.rpc.internal.RpcAggregateTest" time="0.06"/>
  <testcase name="testError[2: transport=NIO, codec-factory=JdkCodecFactory]" classname="io.hekate.rpc.internal.RpcAggregateTest" time="0.043"/>
  <testcase name="testList[2: transport=NIO, codec-factory=JdkCodecFactory]" classname="io.hekate.rpc.internal.RpcAggregateTest" time="0.041"/>
  <testcase name="testWarnPartialError[2: transport=NIO, codec-factory=JdkCodecFactory]" classname="io.hekate.rpc.internal.RpcAggregateTest" time="0.042"/>
  <testcase name="testRecursiveResult[2: transport=NIO, codec-factory=JdkCodecFactory]" classname="io.hekate.rpc.internal.RpcAggregateTest" time="0.047"/>
  <testcase name="testMapPartialNull[2: transport=NIO, codec-factory=JdkCodecFactory]" classname="io.hekate.rpc.internal.RpcAggregateTest" time="0.042"/>
  <testcase name="testIgnoreError[2: transport=NIO, codec-factory=JdkCodecFactory]" classname="io.hekate.rpc.internal.RpcAggregateTest" time="0.122"/>
  <testcase name="testSetPartialNull[2: transport=NIO, codec-factory=JdkCodecFactory]" classname="io.hekate.rpc.internal.RpcAggregateTest" time="0.134"/>
  <testcase name="testPartialError[2: transport=NIO, codec-factory=JdkCodecFactory]" classname="io.hekate.rpc.internal.RpcAggregateTest" time="0.155"/>
  <testcase name="testIgnorePartialError[2: transport=NIO, codec-factory=JdkCodecFactory]" classname="io.hekate.rpc.internal.RpcAggregateTest" time="0.057"/>
  <testcase name="testCollection[2: transport=NIO, codec-factory=JdkCodecFactory]" classname="io.hekate.rpc.internal.RpcAggregateTest" time="0.052"/>
  <testcase name="testRecursiveError[2: transport=NIO, codec-factory=JdkCodecFactory]" classname="io.hekate.rpc.internal.RpcAggregateTest" time="0.057"/>
  <testcase name="testMap[3: transport=NIO, ssl=JDK, codec-factory=KryoCodecFactory[unsafe-io=true, cache-unknown-types=false]]" classname="io.hekate.rpc.internal.RpcAggregateTest" time="0.14"/>
  <testcase name="testSet[3: transport=NIO, ssl=JDK, codec-factory=KryoCodecFactory[unsafe-io=true, cache-unknown-types=false]]" classname="io.hekate.rpc.internal.RpcAggregateTest" time="0.141"/>
  <testcase name="testListPartialNull[3: transport=NIO, ssl=JDK, codec-factory=KryoCodecFactory[unsafe-io=true, cache-unknown-types=false]]" classname="io.hekate.rpc.internal.RpcAggregateTest" time="0.128"/>
  <testcase name="testError[3: transport=NIO, ssl=JDK, codec-factory=KryoCodecFactory[unsafe-io=true, cache-unknown-types=false]]" classname="io.hekate.rpc.internal.RpcAggregateTest" time="0.161"/>
  <testcase name="testList[3: transport=NIO, ssl=JDK, codec-factory=KryoCodecFactory[unsafe-io=true, cache-unknown-types=false]]" classname="io.hekate.rpc.internal.RpcAggregateTest" time="0.142"/>
  <testcase name="testWarnPartialError[3: transport=NIO, ssl=JDK, codec-factory=KryoCodecFactory[unsafe-io=true, cache-unknown-types=false]]" classname="io.hekate.rpc.internal.RpcAggregateTest" time="0.154"/>
  <testcase name="testRecursiveResult[3: transport=NIO, ssl=JDK, codec-factory=KryoCodecFactory[unsafe-io=true, cache-unknown-types=false]]" classname="io.hekate.rpc.internal.RpcAggregateTest" time="0.156"/>
  <testcase name="testMapPartialNull[3: transport=NIO, ssl=JDK, codec-factory=KryoCodecFactory[unsafe-io=true, cache-unknown-types=false]]" classname="io.hekate.rpc.internal.RpcAggregateTest" time="0.118"/>
  <testcase name="testIgnoreError[3: transport=NIO, ssl=JDK, codec-factory=KryoCodecFactory[unsafe-io=true, cache-unknown-types=false]]" classname="io.hekate.rpc.internal.RpcAggregateTest" time="0.132"/>
  <testcase name="testSetPartialNull[3: transport=NIO, ssl=JDK, codec-factory=KryoCodecFactory[unsafe-io=true, cache-unknown-types=false]]" classname="io.hekate.rpc.internal.RpcAggregateTest" time="0.107"/>
  <testcase name="testPartialError[3: transport=NIO, ssl=JDK, codec-factory=KryoCodecFactory[unsafe-io=true, cache-unknown-types=false]]" classname="io.hekate.rpc.internal.RpcAggregateTest" time="0.105"/>
  <testcase name="testIgnorePartialError[3: transport=NIO, ssl=JDK, codec-factory=KryoCodecFactory[unsafe-io=true, cache-unknown-types=false]]" classname="io.hekate.rpc.internal.RpcAggregateTest" time="0.108"/>
  <testcase name="testCollection[3: transport=NIO, ssl=JDK, codec-factory=KryoCodecFactory[unsafe-io=true, cache-unknown-types=false]]" classname="io.hekate.rpc.internal.RpcAggregateTest" time="0.138"/>
  <testcase name="testRecursiveError[3: transport=NIO, ssl=JDK, codec-factory=KryoCodecFactory[unsafe-io=true, cache-unknown-types=false]]" classname="io.hekate.rpc.internal.RpcAggregateTest" time="0.175"/>
  <testcase name="testMap[4: transport=NIO, ssl=JDK, codec-factory=FstCodecFactory[use-unsafe=true]]" classname="io.hekate.rpc.internal.RpcAggregateTest" time="0.252"/>
  <testcase name="testSet[4: transport=NIO, ssl=JDK, codec-factory=FstCodecFactory[use-unsafe=true]]" classname="io.hekate.rpc.internal.RpcAggregateTest" time="0.227"/>
  <testcase name="testListPartialNull[4: transport=NIO, ssl=JDK, codec-factory=FstCodecFactory[use-unsafe=true]]" classname="io.hekate.rpc.internal.RpcAggregateTest" time="0.203"/>
  <testcase name="testError[4: transport=NIO, ssl=JDK, codec-factory=FstCodecFactory[use-unsafe=true]]" classname="io.hekate.rpc.internal.RpcAggregateTest" time="0.236"/>
  <testcase name="testList[4: transport=NIO, ssl=JDK, codec-factory=FstCodecFactory[use-unsafe=true]]" classname="io.hekate.rpc.internal.RpcAggregateTest" time="0.271"/>
  <testcase name="testWarnPartialError[4: transport=NIO, ssl=JDK, codec-factory=FstCodecFactory[use-unsafe=true]]" classname="io.hekate.rpc.internal.RpcAggregateTest" time="0.242"/>
  <testcase name="testRecursiveResult[4: transport=NIO, ssl=JDK, codec-factory=FstCodecFactory[use-unsafe=true]]" classname="io.hekate.rpc.internal.RpcAggregateTest" time="0.285"/>
  <testcase name="testMapPartialNull[4: transport=NIO, ssl=JDK, codec-factory=FstCodecFactory[use-unsafe=true]]" classname="io.hekate.rpc.internal.RpcAggregateTest" time="0.231"/>
  <testcase name="testIgnoreError[4: transport=NIO, ssl=JDK, codec-factory=FstCodecFactory[use-unsafe=true]]" classname="io.hekate.rpc.internal.RpcAggregateTest" time="0.254"/>
  <testcase name="testSetPartialNull[4: transport=NIO, ssl=JDK, codec-factory=FstCodecFactory[use-unsafe=true]]" classname="io.hekate.rpc.internal.RpcAggregateTest" time="0.285"/>
  <testcase name="testPartialError[4: transport=NIO, ssl=JDK, codec-factory=FstCodecFactory[use-unsafe=true]]" classname="io.hekate.rpc.internal.RpcAggregateTest" time="0.25"/>
  <testcase name="testIgnorePartialError[4: transport=NIO, ssl=JDK, codec-factory=FstCodecFactory[use-unsafe=true]]" classname="io.hekate.rpc.internal.RpcAggregateTest" time="0.251"/>
  <testcase name="testCollection[4: transport=NIO, ssl=JDK, codec-factory=FstCodecFactory[use-unsafe=true]]" classname="io.hekate.rpc.internal.RpcAggregateTest" time="0.263"/>
  <testcase name="testRecursiveError[4: transport=NIO, ssl=JDK, codec-factory=FstCodecFactory[use-unsafe=true]]" classname="io.hekate.rpc.internal.RpcAggregateTest" time="0.369"/>
  <testcase name="testMap[5: transport=NIO, ssl=JDK, codec-factory=JdkCodecFactory]" classname="io.hekate.rpc.internal.RpcAggregateTest" time="0.171"/>
  <testcase name="testSet[5: transport=NIO, ssl=JDK, codec-factory=JdkCodecFactory]" classname="io.hekate.rpc.internal.RpcAggregateTest" time="0.172"/>
  <testcase name="testListPartialNull[5: transport=NIO, ssl=JDK, codec-factory=JdkCodecFactory]" classname="io.hekate.rpc.internal.RpcAggregateTest" time="0.152"/>
  <testcase name="testError[5: transport=NIO, ssl=JDK, codec-factory=JdkCodecFactory]" classname="io.hekate.rpc.internal.RpcAggregateTest" time="0.166"/>
  <testcase name="testList[5: transport=NIO, ssl=JDK, codec-factory=JdkCodecFactory]" classname="io.hekate.rpc.internal.RpcAggregateTest" time="0.146"/>
  <testcase name="testWarnPartialError[5: transport=NIO, ssl=JDK, codec-factory=JdkCodecFactory]" classname="io.hekate.rpc.internal.RpcAggregateTest" time="0.144"/>
  <testcase name="testRecursiveResult[5: transport=NIO, ssl=JDK, codec-factory=JdkCodecFactory]" classname="io.hekate.rpc.internal.RpcAggregateTest" time="0.17"/>
  <testcase name="testMapPartialNull[5: transport=NIO, ssl=JDK, codec-factory=JdkCodecFactory]" classname="io.hekate.rpc.internal.RpcAggregateTest" time="0.161"/>
  <testcase name="testIgnoreError[5: transport=NIO, ssl=JDK, codec-factory=JdkCodecFactory]" classname="io.hekate.rpc.internal.RpcAggregateTest" time="0.166"/>
  <testcase name="testSetPartialNull[5: transport=NIO, ssl=JDK, codec-factory=JdkCodecFactory]" classname="io.hekate.rpc.internal.RpcAggregateTest" time="0.185"/>
  <testcase name="testPartialError[5: transport=NIO, ssl=JDK, codec-factory=JdkCodecFactory]" classname="io.hekate.rpc.internal.RpcAggregateTest" time="0.279"/>
  <testcase name="testIgnorePartialError[5: transport=NIO, ssl=JDK, codec-factory=JdkCodecFactory]" classname="io.hekate.rpc.internal.RpcAggregateTest" time="0.16"/>
  <testcase name="testCollection[5: transport=NIO, ssl=JDK, codec-factory=JdkCodecFactory]" classname="io.hekate.rpc.internal.RpcAggregateTest" time="0.172"/>
  <testcase name="testRecursiveError[5: transport=NIO, ssl=JDK, codec-factory=JdkCodecFactory]" classname="io.hekate.rpc.internal.RpcAggregateTest" time="0.29"/>
  <testcase name="testMap[6: transport=NIO, ssl=OPEN_SSL, codec-factory=KryoCodecFactory[unsafe-io=true, cache-unknown-types=false]]" classname="io.hekate.rpc.internal.RpcAggregateTest" time="0.106"/>
  <testcase name="testSet[6: transport=NIO, ssl=OPEN_SSL, codec-factory=KryoCodecFactory[unsafe-io=true, cache-unknown-types=false]]" classname="io.hekate.rpc.internal.RpcAggregateTest" time="0.14"/>
  <testcase name="testListPartialNull[6: transport=NIO, ssl=OPEN_SSL, codec-factory=KryoCodecFactory[unsafe-io=true, cache-unknown-types=false]]" classname="io.hekate.rpc.internal.RpcAggregateTest" time="0.091"/>
  <testcase name="testError[6: transport=NIO, ssl=OPEN_SSL, codec-factory=KryoCodecFactory[unsafe-io=true, cache-unknown-types=false]]" classname="io.hekate.rpc.internal.RpcAggregateTest" time="0.094"/>
  <testcase name="testList[6: transport=NIO, ssl=OPEN_SSL, codec-factory=KryoCodecFactory[unsafe-io=true, cache-unknown-types=false]]" classname="io.hekate.rpc.internal.RpcAggregateTest" time="0.108"/>
  <testcase name="testWarnPartialError[6: transport=NIO, ssl=OPEN_SSL, codec-factory=KryoCodecFactory[unsafe-io=true, cache-unknown-types=false]]" classname="io.hekate.rpc.internal.RpcAggregateTest" time="0.089"/>
  <testcase name="testRecursiveResult[6: transport=NIO, ssl=OPEN_SSL, codec-factory=KryoCodecFactory[unsafe-io=true, cache-unknown-types=false]]" classname="io.hekate.rpc.internal.RpcAggregateTest" time="0.087"/>
  <testcase name="testMapPartialNull[6: transport=NIO, ssl=OPEN_SSL, codec-factory=KryoCodecFactory[unsafe-io=true, cache-unknown-types=false]]" classname="io.hekate.rpc.internal.RpcAggregateTest" time="0.071"/>
  <testcase name="testIgnoreError[6: transport=NIO, ssl=OPEN_SSL, codec-factory=KryoCodecFactory[unsafe-io=true, cache-unknown-types=false]]" classname="io.hekate.rpc.internal.RpcAggregateTest" time="0.136"/>
  <testcase name="testSetPartialNull[6: transport=NIO, ssl=OPEN_SSL, codec-factory=KryoCodecFactory[unsafe-io=true, cache-unknown-types=false]]" classname="io.hekate.rpc.internal.RpcAggregateTest" time="0.075"/>
  <testcase name="testPartialError[6: transport=NIO, ssl=OPEN_SSL, codec-factory=KryoCodecFactory[unsafe-io=true, cache-unknown-types=false]]" classname="io.hekate.rpc.internal.RpcAggregateTest" time="0.074"/>
  <testcase name="testIgnorePartialError[6: transport=NIO, ssl=OPEN_SSL, codec-factory=KryoCodecFactory[unsafe-io=true, cache-unknown-types=false]]" classname="io.hekate.rpc.internal.RpcAggregateTest" time="0.138"/>
  <testcase name="testCollection[6: transport=NIO, ssl=OPEN_SSL, codec-factory=KryoCodecFactory[unsafe-io=true, cache-unknown-types=false]]" classname="io.hekate.rpc.internal.RpcAggregateTest" time="0.099"/>
  <testcase name="testRecursiveError[6: transport=NIO, ssl=OPEN_SSL, codec-factory=KryoCodecFactory[unsafe-io=true, cache-unknown-types=false]]" classname="io.hekate.rpc.internal.RpcAggregateTest" time="0.137"/>
  <testcase name="testMap[7: transport=NIO, ssl=OPEN_SSL, codec-factory=FstCodecFactory[use-unsafe=true]]" classname="io.hekate.rpc.internal.RpcAggregateTest" time="0.15"/>
  <testcase name="testSet[7: transport=NIO, ssl=OPEN_SSL, codec-factory=FstCodecFactory[use-unsafe=true]]" classname="io.hekate.rpc.internal.RpcAggregateTest" time="0.124"/>
  <testcase name="testListPartialNull[7: transport=NIO, ssl=OPEN_SSL, codec-factory=FstCodecFactory[use-unsafe=true]]" classname="io.hekate.rpc.internal.RpcAggregateTest" time="0.125"/>
  <testcase name="testError[7: transport=NIO, ssl=OPEN_SSL, codec-factory=FstCodecFactory[use-unsafe=true]]" classname="io.hekate.rpc.internal.RpcAggregateTest" time="0.193"/>
  <testcase name="testList[7: transport=NIO, ssl=OPEN_SSL, codec-factory=FstCodecFactory[use-unsafe=true]]" classname="io.hekate.rpc.internal.RpcAggregateTest" time="0.163"/>
  <testcase name="testWarnPartialError[7: transport=NIO, ssl=OPEN_SSL, codec-factory=FstCodecFactory[use-unsafe=true]]" classname="io.hekate.rpc.internal.RpcAggregateTest" time="0.171"/>
  <testcase name="testRecursiveResult[7: transport=NIO, ssl=OPEN_SSL, codec-factory=FstCodecFactory[use-unsafe=true]]" classname="io.hekate.rpc.internal.RpcAggregateTest" time="0.2"/>
  <testcase name="testMapPartialNull[7: transport=NIO, ssl=OPEN_SSL, codec-factory=FstCodecFactory[use-unsafe=true]]" classname="io.hekate.rpc.internal.RpcAggregateTest" time="0.162"/>
  <testcase name="testIgnoreError[7: transport=NIO, ssl=OPEN_SSL, codec-factory=FstCodecFactory[use-unsafe=true]]" classname="io.hekate.rpc.internal.RpcAggregateTest" time="0.157"/>
  <testcase name="testSetPartialNull[7: transport=NIO, ssl=OPEN_SSL, codec-factory=FstCodecFactory[use-unsafe=true]]" classname="io.hekate.rpc.internal.RpcAggregateTest" time="0.142"/>
  <testcase name="testPartialError[7: transport=NIO, ssl=OPEN_SSL, codec-factory=FstCodecFactory[use-unsafe=true]]" classname="io.hekate.rpc.internal.RpcAggregateTest" time="0.189"/>
  <testcase name="testIgnorePartialError[7: transport=NIO, ssl=OPEN_SSL, codec-factory=FstCodecFactory[use-unsafe=true]]" classname="io.hekate.rpc.internal.RpcAggregateTest" time="0.163"/>
  <testcase name="testCollection[7: transport=NIO, ssl=OPEN_SSL, codec-factory=FstCodecFactory[use-unsafe=true]]" classname="io.hekate.rpc.internal.RpcAggregateTest" time="0.164"/>
  <testcase name="testRecursiveError[7: transport=NIO, ssl=OPEN_SSL, codec-factory=FstCodecFactory[use-unsafe=true]]" classname="io.hekate.rpc.internal.RpcAggregateTest" time="0.248"/>
  <testcase name="testMap[8: transport=NIO, ssl=OPEN_SSL, codec-factory=JdkCodecFactory]" classname="io.hekate.rpc.internal.RpcAggregateTest" time="0.089"/>
  <testcase name="testSet[8: transport=NIO, ssl=OPEN_SSL, codec-factory=JdkCodecFactory]" classname="io.hekate.rpc.internal.RpcAggregateTest" time="0.084"/>
  <testcase name="testListPartialNull[8: transport=NIO, ssl=OPEN_SSL, codec-factory=JdkCodecFactory]" classname="io.hekate.rpc.internal.RpcAggregateTest" time="0.083"/>
  <testcase name="testError[8: transport=NIO, ssl=OPEN_SSL, codec-factory=JdkCodecFactory]" classname="io.hekate.rpc.internal.RpcAggregateTest" time="0.107"/>
  <testcase name="testList[8: transport=NIO, ssl=OPEN_SSL, codec-factory=JdkCodecFactory]" classname="io.hekate.rpc.internal.RpcAggregateTest" time="0.083"/>
  <testcase name="testWarnPartialError[8: transport=NIO, ssl=OPEN_SSL, codec-factory=JdkCodecFactory]" classname="io.hekate.rpc.internal.RpcAggregateTest" time="0.08"/>
  <testcase name="testRecursiveResult[8: transport=NIO, ssl=OPEN_SSL, codec-factory=JdkCodecFactory]" classname="io.hekate.rpc.internal.RpcAggregateTest" time="0.088"/>
  <testcase name="testMapPartialNull[8: transport=NIO, ssl=OPEN_SSL, codec-factory=JdkCodecFactory]" classname="io.hekate.rpc.internal.RpcAggregateTest" time="0.087"/>
  <testcase name="testIgnoreError[8: transport=NIO, ssl=OPEN_SSL, codec-factory=JdkCodecFactory]" classname="io.hekate.rpc.internal.RpcAggregateTest" time="0.091"/>
  <testcase name="testSetPartialNull[8: transport=NIO, ssl=OPEN_SSL, codec-factory=JdkCodecFactory]" classname="io.hekate.rpc.internal.RpcAggregateTest" time="0.143"/>
  <testcase name="testPartialError[8: transport=NIO, ssl=OPEN_SSL, codec-factory=JdkCodecFactory]" classname="io.hekate.rpc.internal.RpcAggregateTest" time="0.116"/>
  <testcase name="testIgnorePartialError[8: transport=NIO, ssl=OPEN_SSL, codec-factory=JdkCodecFactory]" classname="io.hekate.rpc.internal.RpcAggregateTest" time="0.086"/>
  <testcase name="testCollection[8: transport=NIO, ssl=OPEN_SSL, codec-factory=JdkCodecFactory]" classname="io.hekate.rpc.internal.RpcAggregateTest" time="0.094"/>
  <testcase name="testRecursiveError[8: transport=NIO, ssl=OPEN_SSL, codec-factory=JdkCodecFactory]" classname="io.hekate.rpc.internal.RpcAggregateTest" time="0.109"/>
  <testcase name="testMap[9: transport=EPOLL, codec-factory=KryoCodecFactory[unsafe-io=true, cache-unknown-types=false]]" classname="io.hekate.rpc.internal.RpcAggregateTest" time="0.061"/>
  <testcase name="testSet[9: transport=EPOLL, codec-factory=KryoCodecFactory[unsafe-io=true, cache-unknown-types=false]]" classname="io.hekate.rpc.internal.RpcAggregateTest" time="0.059"/>
  <testcase name="testListPartialNull[9: transport=EPOLL, codec-factory=KryoCodecFactory[unsafe-io=true, cache-unknown-types=false]]" classname="io.hekate.rpc.internal.RpcAggregateTest" time="0.059"/>
  <testcase name="testError[9: transport=EPOLL, codec-factory=KryoCodecFactory[unsafe-io=true, cache-unknown-types=false]]" classname="io.hekate.rpc.internal.RpcAggregateTest" time="0.06"/>
  <testcase name="testList[9: transport=EPOLL, codec-factory=KryoCodecFactory[unsafe-io=true, cache-unknown-types=false]]" classname="io.hekate.rpc.internal.RpcAggregateTest" time="0.094"/>
  <testcase name="testWarnPartialError[9: transport=EPOLL, codec-factory=KryoCodecFactory[unsafe-io=true, cache-unknown-types=false]]" classname="io.hekate.rpc.internal.RpcAggregateTest" time="0.057"/>
  <testcase name="testRecursiveResult[9: transport=EPOLL, codec-factory=KryoCodecFactory[unsafe-io=true, cache-unknown-types=false]]" classname="io.hekate.rpc.internal.RpcAggregateTest" time="0.067"/>
  <testcase name="testMapPartialNull[9: transport=EPOLL, codec-factory=KryoCodecFactory[unsafe-io=true, cache-unknown-types=false]]" classname="io.hekate.rpc.internal.RpcAggregateTest" time="0.058"/>
  <testcase name="testIgnoreError[9: transport=EPOLL, codec-factory=KryoCodecFactory[unsafe-io=true, cache-unknown-types=false]]" classname="io.hekate.rpc.internal.RpcAggregateTest" time="0.058"/>
  <testcase name="testSetPartialNull[9: transport=EPOLL, codec-factory=KryoCodecFactory[unsafe-io=true, cache-unknown-types=false]]" classname="io.hekate.rpc.internal.RpcAggregateTest" time="0.056"/>
  <testcase name="testPartialError[9: transport=EPOLL, codec-factory=KryoCodecFactory[unsafe-io=true, cache-unknown-types=false]]" classname="io.hekate.rpc.internal.RpcAggregateTest" time="0.059"/>
  <testcase name="testIgnorePartialError[9: transport=EPOLL, codec-factory=KryoCodecFactory[unsafe-io=true, cache-unknown-types=false]]" classname="io.hekate.rpc.internal.RpcAggregateTest" time="0.078"/>
  <testcase name="testCollection[9: transport=EPOLL, codec-factory=KryoCodecFactory[unsafe-io=true, cache-unknown-types=false]]" classname="io.hekate.rpc.internal.RpcAggregateTest" time="0.107"/>
  <testcase name="testRecursiveError[9: transport=EPOLL, codec-factory=KryoCodecFactory[unsafe-io=true, cache-unknown-types=false]]" classname="io.hekate.rpc.internal.RpcAggregateTest" time="0.048"/>
  <testcase name="testMap[10: transport=EPOLL, codec-factory=FstCodecFactory[use-unsafe=true]]" classname="io.hekate.rpc.internal.RpcAggregateTest" time="0.099"/>
  <testcase name="testSet[10: transport=EPOLL, codec-factory=FstCodecFactory[use-unsafe=true]]" classname="io.hekate.rpc.internal.RpcAggregateTest" time="0.118"/>
  <testcase name="testListPartialNull[10: transport=EPOLL, codec-factory=FstCodecFactory[use-unsafe=true]]" classname="io.hekate.rpc.internal.RpcAggregateTest" time="0.161"/>
  <testcase name="testError[10: transport=EPOLL, codec-factory=FstCodecFactory[use-unsafe=true]]" classname="io.hekate.rpc.internal.RpcAggregateTest" time="0.168"/>
  <testcase name="testList[10: transport=EPOLL, codec-factory=FstCodecFactory[use-unsafe=true]]" classname="io.hekate.rpc.internal.RpcAggregateTest" time="0.144"/>
  <testcase name="testWarnPartialError[10: transport=EPOLL, codec-factory=FstCodecFactory[use-unsafe=true]]" classname="io.hekate.rpc.internal.RpcAggregateTest" time="0.144"/>
  <testcase name="testRecursiveResult[10: transport=EPOLL, codec-factory=FstCodecFactory[use-unsafe=true]]" classname="io.hekate.rpc.internal.RpcAggregateTest" time="0.175"/>
  <testcase name="testMapPartialNull[10: transport=EPOLL, codec-factory=FstCodecFactory[use-unsafe=true]]" classname="io.hekate.rpc.internal.RpcAggregateTest" time="0.134"/>
  <testcase name="testIgnoreError[10: transport=EPOLL, codec-factory=FstCodecFactory[use-unsafe=true]]" classname="io.hekate.rpc.internal.RpcAggregateTest" time="1.13"/>
  <testcase name="testSetPartialNull[10: transport=EPOLL, codec-factory=FstCodecFactory[use-unsafe=true]]" classname="io.hekate.rpc.internal.RpcAggregateTest" time="0.17"/>
  <testcase name="testPartialError[10: transport=EPOLL, codec-factory=FstCodecFactory[use-unsafe=true]]" classname="io.hekate.rpc.internal.RpcAggregateTest" time="0.147"/>
  <testcase name="testIgnorePartialError[10: transport=EPOLL, codec-factory=FstCodecFactory[use-unsafe=true]]" classname="io.hekate.rpc.internal.RpcAggregateTest" time="0.155"/>
  <testcase name="testCollection[10: transport=EPOLL, codec-factory=FstCodecFactory[use-unsafe=true]]" classname="io.hekate.rpc.internal.RpcAggregateTest" time="0.146"/>
  <testcase name="testRecursiveError[10: transport=EPOLL, codec-factory=FstCodecFactory[use-unsafe=true]]" classname="io.hekate.rpc.internal.RpcAggregateTest" time="0.175"/>
  <testcase name="testMap[11: transport=EPOLL, codec-factory=JdkCodecFactory]" classname="io.hekate.rpc.internal.RpcAggregateTest" time="0.057"/>
  <testcase name="testSet[11: transport=EPOLL, codec-factory=JdkCodecFactory]" classname="io.hekate.rpc.internal.RpcAggregateTest" time="0.13"/>
  <testcase name="testListPartialNull[11: transport=EPOLL, codec-factory=JdkCodecFactory]" classname="io.hekate.rpc.internal.RpcAggregateTest" time="1.065"/>
  <testcase name="testError[11: transport=EPOLL, codec-factory=JdkCodecFactory]" classname="io.hekate.rpc.internal.RpcAggregateTest" time="0.065"/>
  <testcase name="testList[11: transport=EPOLL, codec-factory=JdkCodecFactory]" classname="io.hekate.rpc.internal.RpcAggregateTest" time="0.06"/>
  <testcase name="testWarnPartialError[11: transport=EPOLL, codec-factory=JdkCodecFactory]" classname="io.hekate.rpc.internal.RpcAggregateTest" time="0.062"/>
  <testcase name="testRecursiveResult[11: transport=EPOLL, codec-factory=JdkCodecFactory]" classname="io.hekate.rpc.internal.RpcAggregateTest" time="0.134"/>
  <testcase name="testMapPartialNull[11: transport=EPOLL, codec-factory=JdkCodecFactory]" classname="io.hekate.rpc.internal.RpcAggregateTest" time="0.062"/>
  <testcase name="testIgnoreError[11: transport=EPOLL, codec-factory=JdkCodecFactory]" classname="io.hekate.rpc.internal.RpcAggregateTest" time="0.06"/>
  <testcase name="testSetPartialNull[11: transport=EPOLL, codec-factory=JdkCodecFactory]" classname="io.hekate.rpc.internal.RpcAggregateTest" time="0.051"/>
  <testcase name="testPartialError[11: transport=EPOLL, codec-factory=JdkCodecFactory]" classname="io.hekate.rpc.internal.RpcAggregateTest" time="0.051"/>
  <testcase name="testIgnorePartialError[11: transport=EPOLL, codec-factory=JdkCodecFactory]" classname="io.hekate.rpc.internal.RpcAggregateTest" time="0.16"/>
  <testcase name="testCollection[11: transport=EPOLL, codec-factory=JdkCodecFactory]" classname="io.hekate.rpc.internal.RpcAggregateTest" time="0.067"/>
  <testcase name="testRecursiveError[11: transport=EPOLL, codec-factory=JdkCodecFactory]" classname="io.hekate.rpc.internal.RpcAggregateTest" time="0.081"/>
  <testcase name="testMap[12: transport=EPOLL, ssl=JDK, codec-factory=KryoCodecFactory[unsafe-io=true, cache-unknown-types=false]]" classname="io.hekate.rpc.internal.RpcAggregateTest" time="0.159"/>
  <testcase name="testSet[12: transport=EPOLL, ssl=JDK, codec-factory=KryoCodecFactory[unsafe-io=true, cache-unknown-types=false]]" classname="io.hekate.rpc.internal.RpcAggregateTest" time="0.163"/>
  <testcase name="testListPartialNull[12: transport=EPOLL, ssl=JDK, codec-factory=KryoCodecFactory[unsafe-io=true, cache-unknown-types=false]]" classname="io.hekate.rpc.internal.RpcAggregateTest" time="0.176"/>
  <testcase name="testError[12: transport=EPOLL, ssl=JDK, codec-factory=KryoCodecFactory[unsafe-io=true, cache-unknown-types=false]]" classname="io.hekate.rpc.internal.RpcAggregateTest" time="0.176"/>
  <testcase name="testList[12: transport=EPOLL, ssl=JDK, codec-factory=KryoCodecFactory[unsafe-io=true, cache-unknown-types=false]]" classname="io.hekate.rpc.internal.RpcAggregateTest" time="0.197"/>
  <testcase name="testWarnPartialError[12: transport=EPOLL, ssl=JDK, codec-factory=KryoCodecFactory[unsafe-io=true, cache-unknown-types=false]]" classname="io.hekate.rpc.internal.RpcAggregateTest" time="0.16"/>
  <testcase name="testRecursiveResult[12: transport=EPOLL, ssl=JDK, codec-factory=KryoCodecFactory[unsafe-io=true, cache-unknown-types=false]]" classname="io.hekate.rpc.internal.RpcAggregateTest" time="1.174"/>
  <testcase name="testMapPartialNull[12: transport=EPOLL, ssl=JDK, codec-factory=KryoCodecFactory[unsafe-io=true, cache-unknown-types=false]]" classname="io.hekate.rpc.internal.RpcAggregateTest" time="0.175"/>
  <testcase name="testIgnoreError[12: transport=EPOLL, ssl=JDK, codec-factory=KryoCodecFactory[unsafe-io=true, cache-unknown-types=false]]" classname="io.hekate.rpc.internal.RpcAggregateTest" time="0.153"/>
  <testcase name="testSetPartialNull[12: transport=EPOLL, ssl=JDK, codec-factory=KryoCodecFactory[unsafe-io=true, cache-unknown-types=false]]" classname="io.hekate.rpc.internal.RpcAggregateTest" time="0.163"/>
  <testcase name="testPartialError[12: transport=EPOLL, ssl=JDK, codec-factory=KryoCodecFactory[unsafe-io=true, cache-unknown-types=false]]" classname="io.hekate.rpc.internal.RpcAggregateTest" time="1.167"/>
  <testcase name="testIgnorePartialError[12: transport=EPOLL, ssl=JDK, codec-factory=KryoCodecFactory[unsafe-io=true, cache-unknown-types=false]]" classname="io.hekate.rpc.internal.RpcAggregateTest" time="0.278"/>
  <testcase name="testCollection[12: transport=EPOLL, ssl=JDK, codec-factory=KryoCodecFactory[unsafe-io=true, cache-unknown-types=false]]" classname="io.hekate.rpc.internal.RpcAggregateTest" time="0.164"/>
  <testcase name="testRecursiveError[12: transport=EPOLL, ssl=JDK, codec-factory=KryoCodecFactory[unsafe-io=true, cache-unknown-types=false]]" classname="io.hekate.rpc.internal.RpcAggregateTest" time="0.178"/>
  <testcase name="testMap[13: transport=EPOLL, ssl=JDK, codec-factory=FstCodecFactory[use-unsafe=true]]" classname="io.hekate.rpc.internal.RpcAggregateTest" time="0.258"/>
  <testcase name="testSet[13: transport=EPOLL, ssl=JDK, codec-factory=FstCodecFactory[use-unsafe=true]]" classname="io.hekate.rpc.internal.RpcAggregateTest" time="0.25"/>
  <testcase name="testListPartialNull[13: transport=EPOLL, ssl=JDK, codec-factory=FstCodecFactory[use-unsafe=true]]" classname="io.hekate.rpc.internal.RpcAggregateTest" time="0.294"/>
  <testcase name="testError[13: transport=EPOLL, ssl=JDK, codec-factory=FstCodecFactory[use-unsafe=true]]" classname="io.hekate.rpc.internal.RpcAggregateTest" time="0.263"/>
  <testcase name="testList[13: transport=EPOLL, ssl=JDK, codec-factory=FstCodecFactory[use-unsafe=true]]" classname="io.hekate.rpc.internal.RpcAggregateTest" time="0.198"/>
  <testcase name="testWarnPartialError[13: transport=EPOLL, ssl=JDK, codec-factory=FstCodecFactory[use-unsafe=true]]" classname="io.hekate.rpc.internal.RpcAggregateTest" time="0.185"/>
  <testcase name="testRecursiveResult[13: transport=EPOLL, ssl=JDK, codec-factory=FstCodecFactory[use-unsafe=true]]" classname="io.hekate.rpc.internal.RpcAggregateTest" time="0.27"/>
  <testcase name="testMapPartialNull[13: transport=EPOLL, ssl=JDK, codec-factory=FstCodecFactory[use-unsafe=true]]" classname="io.hekate.rpc.internal.RpcAggregateTest" time="0.223"/>
  <testcase name="testIgnoreError[13: transport=EPOLL, ssl=JDK, codec-factory=FstCodecFactory[use-unsafe=true]]" classname="io.hekate.rpc.internal.RpcAggregateTest" time="0.221"/>
  <testcase name="testSetPartialNull[13: transport=EPOLL, ssl=JDK, codec-factory=FstCodecFactory[use-unsafe=true]]" classname="io.hekate.rpc.internal.RpcAggregateTest" time="0.254"/>
  <testcase name="testPartialError[13: transport=EPOLL, ssl=JDK, codec-factory=FstCodecFactory[use-unsafe=true]]" classname="io.hekate.rpc.internal.RpcAggregateTest" time="0.242"/>
  <testcase name="testIgnorePartialError[13: transport=EPOLL, ssl=JDK, codec-factory=FstCodecFactory[use-unsafe=true]]" classname="io.hekate.rpc.internal.RpcAggregateTest" time="0.245"/>
  <testcase name="testCollection[13: transport=EPOLL, ssl=JDK, codec-factory=FstCodecFactory[use-unsafe=true]]" classname="io.hekate.rpc.internal.RpcAggregateTest" time="0.255"/>
  <testcase name="testRecursiveError[13: transport=EPOLL, ssl=JDK, codec-factory=FstCodecFactory[use-unsafe=true]]" classname="io.hekate.rpc.internal.RpcAggregateTest" time="0.311"/>
  <testcase name="testMap[14: transport=EPOLL, ssl=JDK, codec-factory=JdkCodecFactory]" classname="io.hekate.rpc.internal.RpcAggregateTest" time="0.186"/>
  <testcase name="testSet[14: transport=EPOLL, ssl=JDK, codec-factory=JdkCodecFactory]" classname="io.hekate.rpc.internal.RpcAggregateTest" time="0.162"/>
  <testcase name="testListPartialNull[14: transport=EPOLL, ssl=JDK, codec-factory=JdkCodecFactory]" classname="io.hekate.rpc.internal.RpcAggregateTest" time="0.239"/>
  <testcase name="testError[14: transport=EPOLL, ssl=JDK, codec-factory=JdkCodecFactory]" classname="io.hekate.rpc.internal.RpcAggregateTest" time="0.242"/>
  <testcase name="testList[14: transport=EPOLL, ssl=JDK, codec-factory=JdkCodecFactory]" classname="io.hekate.rpc.internal.RpcAggregateTest" time="0.163"/>
  <testcase name="testWarnPartialError[14: transport=EPOLL, ssl=JDK, codec-factory=JdkCodecFactory]" classname="io.hekate.rpc.internal.RpcAggregateTest" time="0.163"/>
  <testcase name="testRecursiveResult[14: transport=EPOLL, ssl=JDK, codec-factory=JdkCodecFactory]" classname="io.hekate.rpc.internal.RpcAggregateTest" time="0.15"/>
  <testcase name="testMapPartialNull[14: transport=EPOLL, ssl=JDK, codec-factory=JdkCodecFactory]" classname="io.hekate.rpc.internal.RpcAggregateTest" time="0.24"/>
  <testcase name="testIgnoreError[14: transport=EPOLL, ssl=JDK, codec-factory=JdkCodecFactory]" classname="io.hekate.rpc.internal.RpcAggregateTest" time="0.184"/>
  <testcase name="testSetPartialNull[14: transport=EPOLL, ssl=JDK, codec-factory=JdkCodecFactory]" classname="io.hekate.rpc.internal.RpcAggregateTest" time="0.139"/>
  <testcase name="testPartialError[14: transport=EPOLL, ssl=JDK, codec-factory=JdkCodecFactory]" classname="io.hekate.rpc.internal.RpcAggregateTest" time="0.145"/>
  <testcase name="testIgnorePartialError[14: transport=EPOLL, ssl=JDK, codec-factory=JdkCodecFactory]" classname="io.hekate.rpc.internal.RpcAggregateTest" time="0.164"/>
  <testcase name="testCollection[14: transport=EPOLL, ssl=JDK, codec-factory=JdkCodecFactory]" classname="io.hekate.rpc.internal.RpcAggregateTest" time="0.16"/>
  <testcase name="testRecursiveError[14: transport=EPOLL, ssl=JDK, codec-factory=JdkCodecFactory]" classname="io.hekate.rpc.internal.RpcAggregateTest" time="0.185"/>
  <testcase name="testMap[15: transport=EPOLL, ssl=OPEN_SSL, codec-factory=KryoCodecFactory[unsafe-io=true, cache-unknown-types=false]]" classname="io.hekate.rpc.internal.RpcAggregateTest" time="0.091"/>
  <testcase name="testSet[15: transport=EPOLL, ssl=OPEN_SSL, codec-factory=KryoCodecFactory[unsafe-io=true, cache-unknown-types=false]]" classname="io.hekate.rpc.internal.RpcAggregateTest" time="0.081"/>
  <testcase name="testListPartialNull[15: transport=EPOLL, ssl=OPEN_SSL, codec-factory=KryoCodecFactory[unsafe-io=true, cache-unknown-types=false]]" classname="io.hekate.rpc.internal.RpcAggregateTest" time="0.11"/>
  <testcase name="testError[15: transport=EPOLL, ssl=OPEN_SSL, codec-factory=KryoCodecFactory[unsafe-io=true, cache-unknown-types=false]]" classname="io.hekate.rpc.internal.RpcAggregateTest" time="0.084"/>
  <testcase name="testList[15: transport=EPOLL, ssl=OPEN_SSL, codec-factory=KryoCodecFactory[unsafe-io=true, cache-unknown-types=false]]" classname="io.hekate.rpc.internal.RpcAggregateTest" time="0.08"/>
  <testcase name="testWarnPartialError[15: transport=EPOLL, ssl=OPEN_SSL, codec-factory=KryoCodecFactory[unsafe-io=true, cache-unknown-types=false]]" classname="io.hekate.rpc.internal.RpcAggregateTest" time="0.085"/>
  <testcase name="testRecursiveResult[15: transport=EPOLL, ssl=OPEN_SSL, codec-factory=KryoCodecFactory[unsafe-io=true, cache-unknown-types=false]]" classname="io.hekate.rpc.internal.RpcAggregateTest" time="0.08"/>
  <testcase name="testMapPartialNull[15: transport=EPOLL, ssl=OPEN_SSL, codec-factory=KryoCodecFactory[unsafe-io=true, cache-unknown-types=false]]" classname="io.hekate.rpc.internal.RpcAggregateTest" time="0.069"/>
  <testcase name="testIgnoreError[15: transport=EPOLL, ssl=OPEN_SSL, codec-factory=KryoCodecFactory[unsafe-io=true, cache-unknown-types=false]]" classname="io.hekate.rpc.internal.RpcAggregateTest" time="0.13"/>
  <testcase name="testSetPartialNull[15: transport=EPOLL, ssl=OPEN_SSL, codec-factory=KryoCodecFactory[unsafe-io=true, cache-unknown-types=false]]" classname="io.hekate.rpc.internal.RpcAggregateTest" time="0.101"/>
  <testcase name="testPartialError[15: transport=EPOLL, ssl=OPEN_SSL, codec-factory=KryoCodecFactory[unsafe-io=true, cache-unknown-types=false]]" classname="io.hekate.rpc.internal.RpcAggregateTest" time="0.144"/>
  <testcase name="testIgnorePartialError[15: transport=EPOLL, ssl=OPEN_SSL, codec-factory=KryoCodecFactory[unsafe-io=true, cache-unknown-types=false]]" classname="io.hekate.rpc.internal.RpcAggregateTest" time="0.18"/>
  <testcase name="testCollection[15: transport=EPOLL, ssl=OPEN_SSL, codec-factory=KryoCodecFactory[unsafe-io=true, cache-unknown-types=false]]" classname="io.hekate.rpc.internal.RpcAggregateTest" time="0.084"/>
  <testcase name="testRecursiveError[15: transport=EPOLL, ssl=OPEN_SSL, codec-factory=KryoCodecFactory[unsafe-io=true, cache-unknown-types=false]]" classname="io.hekate.rpc.internal.RpcAggregateTest" time="0.1"/>
  <testcase name="testMap[16: transport=EPOLL, ssl=OPEN_SSL, codec-factory=FstCodecFactory[use-unsafe=true]]" classname="io.hekate.rpc.internal.RpcAggregateTest" time="0.171"/>
  <testcase name="testSet[16: transport=EPOLL, ssl=OPEN_SSL, codec-factory=FstCodecFactory[use-unsafe=true]]" classname="io.hekate.rpc.internal.RpcAggregateTest" time="0.165"/>
  <testcase name="testListPartialNull[16: transport=EPOLL, ssl=OPEN_SSL, codec-factory=FstCodecFactory[use-unsafe=true]]" classname="io.hekate.rpc.internal.RpcAggregateTest" time="0.198"/>
  <testcase name="testError[16: transport=EPOLL, ssl=OPEN_SSL, codec-factory=FstCodecFactory[use-unsafe=true]]" classname="io.hekate.rpc.internal.RpcAggregateTest" time="0.184"/>
  <testcase name="testList[16: transport=EPOLL, ssl=OPEN_SSL, codec-factory=FstCodecFactory[use-unsafe=true]]" classname="io.hekate.rpc.internal.RpcAggregateTest" time="0.176"/>
  <testcase name="testWarnPartialError[16: transport=EPOLL, ssl=OPEN_SSL, codec-factory=FstCodecFactory[use-unsafe=true]]" classname="io.hekate.rpc.internal.RpcAggregateTest" time="0.203"/>
  <testcase name="testRecursiveResult[16: transport=EPOLL, ssl=OPEN_SSL, codec-factory=FstCodecFactory[use-unsafe=true]]" classname="io.hekate.rpc.internal.RpcAggregateTest" time="0.192"/>
  <testcase name="testMapPartialNull[16: transport=EPOLL, ssl=OPEN_SSL, codec-factory=FstCodecFactory[use-unsafe=true]]" classname="io.hekate.rpc.internal.RpcAggregateTest" time="0.159"/>
  <testcase name="testIgnoreError[16: transport=EPOLL, ssl=OPEN_SSL, codec-factory=FstCodecFactory[use-unsafe=true]]" classname="io.hekate.rpc.internal.RpcAggregateTest" time="0.178"/>
  <testcase name="testSetPartialNull[16: transport=EPOLL, ssl=OPEN_SSL, codec-factory=FstCodecFactory[use-unsafe=true]]" classname="io.hekate.rpc.internal.RpcAggregateTest" time="0.172"/>
  <testcase name="testPartialError[16: transport=EPOLL, ssl=OPEN_SSL, codec-factory=FstCodecFactory[use-unsafe=true]]" classname="io.hekate.rpc.internal.RpcAggregateTest" time="0.192"/>
  <testcase name="testIgnorePartialError[16: transport=EPOLL, ssl=OPEN_SSL, codec-factory=FstCodecFactory[use-unsafe=true]]" classname="io.hekate.rpc.internal.RpcAggregateTest" time="0.154"/>
  <testcase name="testCollection[16: transport=EPOLL, ssl=OPEN_SSL, codec-factory=FstCodecFactory[use-unsafe=true]]" classname="io.hekate.rpc.internal.RpcAggregateTest" time="0.154"/>
  <testcase name="testRecursiveError[16: transport=EPOLL, ssl=OPEN_SSL, codec-factory=FstCodecFactory[use-unsafe=true]]" classname="io.hekate.rpc.internal.RpcAggregateTest" time="0.219"/>
  <testcase name="testMap[17: transport=EPOLL, ssl=OPEN_SSL, codec-factory=JdkCodecFactory]" classname="io.hekate.rpc.internal.RpcAggregateTest" time="0.093"/>
  <testcase name="testSet[17: transport=EPOLL, ssl=OPEN_SSL, codec-factory=JdkCodecFactory]" classname="io.hekate.rpc.internal.RpcAggregateTest" time="0.104"/>
  <testcase name="testListPartialNull[17: transport=EPOLL, ssl=OPEN_SSL, codec-factory=JdkCodecFactory]" classname="io.hekate.rpc.internal.RpcAggregateTest" time="0.084"/>
  <testcase name="testError[17: transport=EPOLL, ssl=OPEN_SSL, codec-factory=JdkCodecFactory]" classname="io.hekate.rpc.internal.RpcAggregateTest" time="0.09"/>
  <testcase name="testList[17: transport=EPOLL, ssl=OPEN_SSL, codec-factory=JdkCodecFactory]" classname="io.hekate.rpc.internal.RpcAggregateTest" time="0.09"/>
  <testcase name="testWarnPartialError[17: transport=EPOLL, ssl=OPEN_SSL, codec-factory=JdkCodecFactory]" classname="io.hekate.rpc.internal.RpcAggregateTest" time="0.092"/>
  <testcase name="testRecursiveResult[17: transport=EPOLL, ssl=OPEN_SSL, codec-factory=JdkCodecFactory]" classname="io.hekate.rpc.internal.RpcAggregateTest" time="0.099"/>
  <testcase name="testMapPartialNull[17: transport=EPOLL, ssl=OPEN_SSL, codec-factory=JdkCodecFactory]" classname="io.hekate.rpc.internal.RpcAggregateTest" time="0.091"/>
  <testcase name="testIgnoreError[17: transport=EPOLL, ssl=OPEN_SSL, codec-factory=JdkCodecFactory]" classname="io.hekate.rpc.internal.RpcAggregateTest" time="1.084"/>
  <testcase name="testSetPartialNull[17: transport=EPOLL, ssl=OPEN_SSL, codec-factory=JdkCodecFactory]" classname="io.hekate.rpc.internal.RpcAggregateTest" time="0.117"/>
  <testcase name="testPartialError[17: transport=EPOLL, ssl=OPEN_SSL, codec-factory=JdkCodecFactory]" classname="io.hekate.rpc.internal.RpcAggregateTest" time="0.091"/>
  <testcase name="testIgnorePartialError[17: transport=EPOLL, ssl=OPEN_SSL, codec-factory=JdkCodecFactory]" classname="io.hekate.rpc.internal.RpcAggregateTest" time="0.087"/>
  <testcase name="testCollection[17: transport=EPOLL, ssl=OPEN_SSL, codec-factory=JdkCodecFactory]" classname="io.hekate.rpc.internal.RpcAggregateTest" time="0.08"/>
  <testcase name="testRecursiveError[17: transport=EPOLL, ssl=OPEN_SSL, codec-factory=JdkCodecFactory]" classname="io.hekate.rpc.internal.RpcAggregateTest" time="0.099"/>
</testsuite>