<?xml version="1.0" encoding="UTF-8"?>
<testsuite xmlns:xsi="http://www.w3.org/2001/XMLSchema-instance" xsi:schemaLocation="https://maven.apache.org/surefire/maven-surefire-plugin/xsd/surefire-test-report.xsd" name="io.hekate.network.netty.NetworkMessagingTest" time="36.869" tests="306" errors="0" skipped="0" failures="0">
  <properties>
    <property name="java.runtime.name" value="OpenJDK Runtime Environment"/>
    <property name="sun.boot.library.path" value="/usr/lib/jvm/java-8-openjdk-amd64/jre/lib/amd64"/>
    <property name="java.vm.version" value="25.121-b13"/>
    <property name="java.vm.vendor" value="Oracle Corporation"/>
    <property name="maven.multiModuleProjectDirectory" value="/root/workspace/hekate-io/hekate/383632883"/>
    <property name="java.vendor.url" value="http://java.oracle.com/"/>
    <property name="path.separator" value=":"/>
    <property name="guice.disable.misplaced.annotation.check" value="true"/>
    <property name="skip.gulp" value="true"/>
    <property name="java.vm.name" value="OpenJDK 64-Bit Server VM"/>
    <property name="file.encoding.pkg" value="sun.io"/>
    <property name="sun.java.launcher" value="SUN_STANDARD"/>
    <property name="sun.os.patch.level" value="unknown"/>
    <property name="findbugs.skip" value="true"/>
    <property name="java.vm.specification.name" value="Java Virtual Machine Specification"/>
    <property name="user.dir" value="/root/workspace/hekate-io/hekate/383632883"/>
    <property name="checkstyle.skip" value="true"/>
    <property name="java.runtime.version" value="1.8.0_121-8u121-b13-1~bpo8+1-b13"/>
    <property name="java.awt.graphicsenv" value="sun.awt.X11GraphicsEnvironment"/>
    <property name="skip.npm" value="true"/>
    <property name="java.endorsed.dirs" value="/usr/lib/jvm/java-8-openjdk-amd64/jre/lib/endorsed"/>
    <property name="os.arch" value="amd64"/>
    <property name="java.io.tmpdir" value="/tmp"/>
    <property name="gpg.skip" value="true"/>
    <property name="line.separator" value="&#10;"/>
    <property name="java.vm.specification.vendor" value="Oracle Corporation"/>
    <property name="cobertura.skip" value="true"/>
    <property name="os.name" value="Linux"/>
    <property name="classworlds.conf" value="/usr/share/maven/bin/m2.conf"/>
    <property name="sun.jnu.encoding" value="UTF-8"/>
    <property name="java.library.path" value="/usr/java/packages/lib/amd64:/usr/lib/x86_64-linux-gnu/jni:/lib/x86_64-linux-gnu:/usr/lib/x86_64-linux-gnu:/usr/lib/jni:/lib:/usr/lib"/>
    <property name="license.skip" value="true"/>
    <property name="java.specification.name" value="Java Platform API Specification"/>
    <property name="java.class.version" value="52.0"/>
    <property name="org.slf4j.simpleLogger.levelInBrackets" value="true"/>
    <property name="sun.management.compiler" value="HotSpot 64-Bit Tiered Compilers"/>
    <property name="skip.bower" value="true"/>
    <property name="maven.repo.local" value="/root/./workspace/hekate-io/hekate/383632883/.m2"/>
    <property name="os.version" value="3.10.0-862.2.3.el7.x86_64"/>
    <property name="user.home" value="/root"/>
    <property name="user.timezone" value="Europe/Paris"/>
    <property name="java.awt.printerjob" value="sun.print.PSPrinterJob"/>
    <property name="java.specification.version" value="1.8"/>
    <property name="file.encoding" value="UTF-8"/>
    <property name="user.name" value="root"/>
    <property name="java.class.path" value="/usr/share/maven/boot/plexus-classworlds-2.5.2.jar"/>
    <property name="skipITs" value="true"/>
    <property name="java.vm.specification.version" value="1.8"/>
    <property name="sun.arch.data.model" value="64"/>
    <property name="java.home" value="/usr/lib/jvm/java-8-openjdk-amd64/jre"/>
    <property name="sun.java.command" value="org.codehaus.plexus.classworlds.launcher.Launcher -B -D enforcer.skip=true -D dependency-check.skip=true -D skipITs=true -D cobertura.skip=true -D maven.repo.local=/root/./workspace/hekate-io/hekate/383632883/.m2 -D rat.skip=true -D findbugs.skip=true -D skip.bower=true -D gpg.skip=true -D checkstyle.skip=true -D skip.gulp=true -D license.skip=true -D skip.npm=true test"/>
    <property name="java.specification.vendor" value="Oracle Corporation"/>
    <property name="user.language" value="en"/>
    <property name="awt.toolkit" value="sun.awt.X11.XToolkit"/>
    <property name="dependency-check.skip" value="true"/>
    <property name="java.vm.info" value="mixed mode"/>
    <property name="java.version" value="1.8.0_121"/>
    <property name="java.ext.dirs" value="/usr/lib/jvm/java-8-openjdk-amd64/jre/lib/ext:/usr/java/packages/lib/ext"/>
    <property name="securerandom.source" value="file:/dev/./urandom"/>
    <property name="sun.boot.class.path" value="/usr/lib/jvm/java-8-openjdk-amd64/jre/lib/resources.jar:/usr/lib/jvm/java-8-openjdk-amd64/jre/lib/rt.jar:/usr/lib/jvm/java-8-openjdk-amd64/jre/lib/sunrsasign.jar:/usr/lib/jvm/java-8-openjdk-amd64/jre/lib/jsse.jar:/usr/lib/jvm/java-8-openjdk-amd64/jre/lib/jce.jar:/usr/lib/jvm/java-8-openjdk-amd64/jre/lib/charsets.jar:/usr/lib/jvm/java-8-openjdk-amd64/jre/lib/jfr.jar:/usr/lib/jvm/java-8-openjdk-amd64/jre/classes"/>
    <property name="java.vendor" value="Oracle Corporation"/>
    <property name="enforcer.skip" value="true"/>
    <property name="rat.skip" value="true"/>
    <property name="maven.home" value="/usr/share/maven"/>
    <property name="file.separator" value="/"/>
    <property name="java.vendor.url.bug" value="http://bugreport.sun.com/bugreport/"/>
    <property name="sun.cpu.endian" value="little"/>
    <property name="sun.io.unicode.encoding" value="UnicodeLittle"/>
    <property name="org.slf4j.simpleLogger.showThreadName" value="false"/>
    <property name="sun.cpu.isalist" value=""/>
  </properties>
  <testcase name="testDisconnectOnLastMessageDeferred[0: transport=NIO, handler-threads=0]" classname="io.hekate.network.netty.NetworkMessagingTest" time="0.166"/>
  <testcase name="testDisconnectOnFirstMessageDeferred[0: transport=NIO, handler-threads=0]" classname="io.hekate.network.netty.NetworkMessagingTest" time="0.087"/>
  <testcase name="testDisconnectOnFirstMessage[0: transport=NIO, handler-threads=0]" classname="io.hekate.network.netty.NetworkMessagingTest" time="0.089"/>
  <testcase name="testSendOnConnectDeferredOrder[0: transport=NIO, handler-threads=0]" classname="io.hekate.network.netty.NetworkMessagingTest" time="0.09"/>
  <testcase name="testReply[0: transport=NIO, handler-threads=0]" classname="io.hekate.network.netty.NetworkMessagingTest" time="0.09"/>
  <testcase name="testSend[0: transport=NIO, handler-threads=0]" classname="io.hekate.network.netty.NetworkMessagingTest" time="0.088"/>
  <testcase name="testDisconnectOnLastMessage[0: transport=NIO, handler-threads=0]" classname="io.hekate.network.netty.NetworkMessagingTest" time="0.086"/>
  <testcase name="testSendAfterReconnectNoWaitWithDeferred[0: transport=NIO, handler-threads=0]" classname="io.hekate.network.netty.NetworkMessagingTest" time="0.24"/>
  <testcase name="testSendAfterReconnectNoWait[0: transport=NIO, handler-threads=0]" classname="io.hekate.network.netty.NetworkMessagingTest" time="0.167"/>
  <testcase name="testSendOnConnect[0: transport=NIO, handler-threads=0]" classname="io.hekate.network.netty.NetworkMessagingTest" time="0.094"/>
  <testcase name="testReplyOnConnect[0: transport=NIO, handler-threads=0]" classname="io.hekate.network.netty.NetworkMessagingTest" time="0.063"/>
  <testcase name="testReplyWithCallbackSuccess[0: transport=NIO, handler-threads=0]" classname="io.hekate.network.netty.NetworkMessagingTest" time="0.109"/>
  <testcase name="testDiscardDeferred[0: transport=NIO, handler-threads=0]" classname="io.hekate.network.netty.NetworkMessagingTest" time="0.014"/>
  <testcase name="testReplyWithCallbackFailure[0: transport=NIO, handler-threads=0]" classname="io.hekate.network.netty.NetworkMessagingTest" time="0.088"/>
  <testcase name="testSendWithCallback[0: transport=NIO, handler-threads=0]" classname="io.hekate.network.netty.NetworkMessagingTest" time="0.09"/>
  <testcase name="testSendFailureIfDisconnected[0: transport=NIO, handler-threads=0]" classname="io.hekate.network.netty.NetworkMessagingTest" time="0.145"/>
  <testcase name="testSendDeferred[0: transport=NIO, handler-threads=0]" classname="io.hekate.network.netty.NetworkMessagingTest" time="0.165"/>
  <testcase name="testDisconnectOnLastMessageDeferred[1: transport=NIO, handler-threads=1]" classname="io.hekate.network.netty.NetworkMessagingTest" time="0.164"/>
  <testcase name="testDisconnectOnFirstMessageDeferred[1: transport=NIO, handler-threads=1]" classname="io.hekate.network.netty.NetworkMessagingTest" time="0.091"/>
  <testcase name="testDisconnectOnFirstMessage[1: transport=NIO, handler-threads=1]" classname="io.hekate.network.netty.NetworkMessagingTest" time="0.087"/>
  <testcase name="testSendOnConnectDeferredOrder[1: transport=NIO, handler-threads=1]" classname="io.hekate.network.netty.NetworkMessagingTest" time="0.088"/>
  <testcase name="testReply[1: transport=NIO, handler-threads=1]" classname="io.hekate.network.netty.NetworkMessagingTest" time="0.088"/>
  <testcase name="testSend[1: transport=NIO, handler-threads=1]" classname="io.hekate.network.netty.NetworkMessagingTest" time="0.087"/>
  <testcase name="testDisconnectOnLastMessage[1: transport=NIO, handler-threads=1]" classname="io.hekate.network.netty.NetworkMessagingTest" time="0.089"/>
  <testcase name="testSendAfterReconnectNoWaitWithDeferred[1: transport=NIO, handler-threads=1]" classname="io.hekate.network.netty.NetworkMessagingTest" time="0.24"/>
  <testcase name="testSendAfterReconnectNoWait[1: transport=NIO, handler-threads=1]" classname="io.hekate.network.netty.NetworkMessagingTest" time="0.169"/>
  <testcase name="testSendOnConnect[1: transport=NIO, handler-threads=1]" classname="io.hekate.network.netty.NetworkMessagingTest" time="0.089"/>
  <testcase name="testReplyOnConnect[1: transport=NIO, handler-threads=1]" classname="io.hekate.network.netty.NetworkMessagingTest" time="0.088"/>
  <testcase name="testReplyWithCallbackSuccess[1: transport=NIO, handler-threads=1]" classname="io.hekate.network.netty.NetworkMessagingTest" time="0.089"/>
  <testcase name="testDiscardDeferred[1: transport=NIO, handler-threads=1]" classname="io.hekate.network.netty.NetworkMessagingTest" time="0.011"/>
  <testcase name="testReplyWithCallbackFailure[1: transport=NIO, handler-threads=1]" classname="io.hekate.network.netty.NetworkMessagingTest" time="0.089"/>
  <testcase name="testSendWithCallback[1: transport=NIO, handler-threads=1]" classname="io.hekate.network.netty.NetworkMessagingTest" time="0.088"/>
  <testcase name="testSendFailureIfDisconnected[1: transport=NIO, handler-threads=1]" classname="io.hekate.network.netty.NetworkMessagingTest" time="0.142"/>
  <testcase name="testSendDeferred[1: transport=NIO, handler-threads=1]" classname="io.hekate.network.netty.NetworkMessagingTest" time="0.163"/>
  <testcase name="testDisconnectOnLastMessageDeferred[2: transport=NIO, handler-threads=2]" classname="io.hekate.network.netty.NetworkMessagingTest" time="0.163"/>
  <testcase name="testDisconnectOnFirstMessageDeferred[2: transport=NIO, handler-threads=2]" classname="io.hekate.network.netty.NetworkMessagingTest" time="0.088"/>
  <testcase name="testDisconnectOnFirstMessage[2: transport=NIO, handler-threads=2]" classname="io.hekate.network.netty.NetworkMessagingTest" time="0.087"/>
  <testcase name="testSendOnConnectDeferredOrder[2: transport=NIO, handler-threads=2]" classname="io.hekate.network.netty.NetworkMessagingTest" time="0.09"/>
  <testcase name="testReply[2: transport=NIO, handler-threads=2]" classname="io.hekate.network.netty.NetworkMessagingTest" time="0.103"/>
  <testcase name="testSend[2: transport=NIO, handler-threads=2]" classname="io.hekate.network.netty.NetworkMessagingTest" time="0.088"/>
  <testcase name="testDisconnectOnLastMessage[2: transport=NIO, handler-threads=2]" classname="io.hekate.network.netty.NetworkMessagingTest" time="0.088"/>
  <testcase name="testSendAfterReconnectNoWaitWithDeferred[2: transport=NIO, handler-threads=2]" classname="io.hekate.network.netty.NetworkMessagingTest" time="0.24"/>
  <testcase name="testSendAfterReconnectNoWait[2: transport=NIO, handler-threads=2]" classname="io.hekate.network.netty.NetworkMessagingTest" time="0.17"/>
  <testcase name="testSendOnConnect[2: transport=NIO, handler-threads=2]" classname="io.hekate.network.netty.NetworkMessagingTest" time="0.09"/>
  <testcase name="testReplyOnConnect[2: transport=NIO, handler-threads=2]" classname="io.hekate.network.netty.NetworkMessagingTest" time="0.089"/>
  <testcase name="testReplyWithCallbackSuccess[2: transport=NIO, handler-threads=2]" classname="io.hekate.network.netty.NetworkMessagingTest" time="0.088"/>
  <testcase name="testDiscardDeferred[2: transport=NIO, handler-threads=2]" classname="io.hekate.network.netty.NetworkMessagingTest" time="0.009"/>
  <testcase name="testReplyWithCallbackFailure[2: transport=NIO, handler-threads=2]" classname="io.hekate.network.netty.NetworkMessagingTest" time="0.087"/>
  <testcase name="testSendWithCallback[2: transport=NIO, handler-threads=2]" classname="io.hekate.network.netty.NetworkMessagingTest" time="0.087"/>
  <testcase name="testSendFailureIfDisconnected[2: transport=NIO, handler-threads=2]" classname="io.hekate.network.netty.NetworkMessagingTest" time="0.147"/>
  <testcase name="testSendDeferred[2: transport=NIO, handler-threads=2]" classname="io.hekate.network.netty.NetworkMessagingTest" time="0.165"/>
  <testcase name="testDisconnectOnLastMessageDeferred[3: transport=NIO, ssl=JDK, handler-threads=0]" classname="io.hekate.network.netty.NetworkMessagingTest" time="0.187"/>
  <testcase name="testDisconnectOnFirstMessageDeferred[3: transport=NIO, ssl=JDK, handler-threads=0]" classname="io.hekate.network.netty.NetworkMessagingTest" time="0.109"/>
  <testcase name="testDisconnectOnFirstMessage[3: transport=NIO, ssl=JDK, handler-threads=0]" classname="io.hekate.network.netty.NetworkMessagingTest" time="0.11"/>
  <testcase name="testSendOnConnectDeferredOrder[3: transport=NIO, ssl=JDK, handler-threads=0]" classname="io.hekate.network.netty.NetworkMessagingTest" time="0.113"/>
  <testcase name="testReply[3: transport=NIO, ssl=JDK, handler-threads=0]" classname="io.hekate.network.netty.NetworkMessagingTest" time="0.101"/>
  <testcase name="testSend[3: transport=NIO, ssl=JDK, handler-threads=0]" classname="io.hekate.network.netty.NetworkMessagingTest" time="0.107"/>
  <testcase name="testDisconnectOnLastMessage[3: transport=NIO, ssl=JDK, handler-threads=0]" classname="io.hekate.network.netty.NetworkMessagingTest" time="0.131"/>
  <testcase name="testSendAfterReconnectNoWaitWithDeferred[3: transport=NIO, ssl=JDK, handler-threads=0]" classname="io.hekate.network.netty.NetworkMessagingTest" time="0.244"/>
  <testcase name="testSendAfterReconnectNoWait[3: transport=NIO, ssl=JDK, handler-threads=0]" classname="io.hekate.network.netty.NetworkMessagingTest" time="0.189"/>
  <testcase name="testSendOnConnect[3: transport=NIO, ssl=JDK, handler-threads=0]" classname="io.hekate.network.netty.NetworkMessagingTest" time="0.107"/>
  <testcase name="testReplyOnConnect[3: transport=NIO, ssl=JDK, handler-threads=0]" classname="io.hekate.network.netty.NetworkMessagingTest" time="0.106"/>
  <testcase name="testReplyWithCallbackSuccess[3: transport=NIO, ssl=JDK, handler-threads=0]" classname="io.hekate.network.netty.NetworkMessagingTest" time="0.106"/>
  <testcase name="testDiscardDeferred[3: transport=NIO, ssl=JDK, handler-threads=0]" classname="io.hekate.network.netty.NetworkMessagingTest" time="0.029"/>
  <testcase name="testReplyWithCallbackFailure[3: transport=NIO, ssl=JDK, handler-threads=0]" classname="io.hekate.network.netty.NetworkMessagingTest" time="0.105"/>
  <testcase name="testSendWithCallback[3: transport=NIO, ssl=JDK, handler-threads=0]" classname="io.hekate.network.netty.NetworkMessagingTest" time="0.105"/>
  <testcase name="testSendFailureIfDisconnected[3: transport=NIO, ssl=JDK, handler-threads=0]" classname="io.hekate.network.netty.NetworkMessagingTest" time="0.163"/>
  <testcase name="testSendDeferred[3: transport=NIO, ssl=JDK, handler-threads=0]" classname="io.hekate.network.netty.NetworkMessagingTest" time="0.183"/>
  <testcase name="testDisconnectOnLastMessageDeferred[4: transport=NIO, ssl=JDK, handler-threads=1]" classname="io.hekate.network.netty.NetworkMessagingTest" time="0.182"/>
  <testcase name="testDisconnectOnFirstMessageDeferred[4: transport=NIO, ssl=JDK, handler-threads=1]" classname="io.hekate.network.netty.NetworkMessagingTest" time="0.107"/>
  <testcase name="testDisconnectOnFirstMessage[4: transport=NIO, ssl=JDK, handler-threads=1]" classname="io.hekate.network.netty.NetworkMessagingTest" time="0.106"/>
  <testcase name="testSendOnConnectDeferredOrder[4: transport=NIO, ssl=JDK, handler-threads=1]" classname="io.hekate.network.netty.NetworkMessagingTest" time="0.107"/>
  <testcase name="testReply[4: transport=NIO, ssl=JDK, handler-threads=1]" classname="io.hekate.network.netty.NetworkMessagingTest" time="0.108"/>
  <testcase name="testSend[4: transport=NIO, ssl=JDK, handler-threads=1]" classname="io.hekate.network.netty.NetworkMessagingTest" time="0.106"/>
  <testcase name="testDisconnectOnLastMessage[4: transport=NIO, ssl=JDK, handler-threads=1]" classname="io.hekate.network.netty.NetworkMessagingTest" time="0.108"/>
  <testcase name="testSendAfterReconnectNoWaitWithDeferred[4: transport=NIO, ssl=JDK, handler-threads=1]" classname="io.hekate.network.netty.NetworkMessagingTest" time="0.243"/>
  <testcase name="testSendAfterReconnectNoWait[4: transport=NIO, ssl=JDK, handler-threads=1]" classname="io.hekate.network.netty.NetworkMessagingTest" time="0.191"/>
  <testcase name="testSendOnConnect[4: transport=NIO, ssl=JDK, handler-threads=1]" classname="io.hekate.network.netty.NetworkMessagingTest" time="0.108"/>
  <testcase name="testReplyOnConnect[4: transport=NIO, ssl=JDK, handler-threads=1]" classname="io.hekate.network.netty.NetworkMessagingTest" time="0.108"/>
  <testcase name="testReplyWithCallbackSuccess[4: transport=NIO, ssl=JDK, handler-threads=1]" classname="io.hekate.network.netty.NetworkMessagingTest" time="0.108"/>
  <testcase name="testDiscardDeferred[4: transport=NIO, ssl=JDK, handler-threads=1]" classname="io.hekate.network.netty.NetworkMessagingTest" time="0.01"/>
  <testcase name="testReplyWithCallbackFailure[4: transport=NIO, ssl=JDK, handler-threads=1]" classname="io.hekate.network.netty.NetworkMessagingTest" time="0.104"/>
  <testcase name="testSendWithCallback[4: transport=NIO, ssl=JDK, handler-threads=1]" classname="io.hekate.network.netty.NetworkMessagingTest" time="0.105"/>
  <testcase name="testSendFailureIfDisconnected[4: transport=NIO, ssl=JDK, handler-threads=1]" classname="io.hekate.network.netty.NetworkMessagingTest" time="0.163"/>
  <testcase name="testSendDeferred[4: transport=NIO, ssl=JDK, handler-threads=1]" classname="io.hekate.network.netty.NetworkMessagingTest" time="0.182"/>
  <testcase name="testDisconnectOnLastMessageDeferred[5: transport=NIO, ssl=JDK, handler-threads=2]" classname="io.hekate.network.netty.NetworkMessagingTest" time="0.183"/>
  <testcase name="testDisconnectOnFirstMessageDeferred[5: transport=NIO, ssl=JDK, handler-threads=2]" classname="io.hekate.network.netty.NetworkMessagingTest" time="0.125"/>
  <testcase name="testDisconnectOnFirstMessage[5: transport=NIO, ssl=JDK, handler-threads=2]" classname="io.hekate.network.netty.NetworkMessagingTest" time="0.108"/>
  <testcase name="testSendOnConnectDeferredOrder[5: transport=NIO, ssl=JDK, handler-threads=2]" classname="io.hekate.network.netty.NetworkMessagingTest" time="0.109"/>
  <testcase name="testReply[5: transport=NIO, ssl=JDK, handler-threads=2]" classname="io.hekate.network.netty.NetworkMessagingTest" time="0.107"/>
  <testcase name="testSend[5: transport=NIO, ssl=JDK, handler-threads=2]" classname="io.hekate.network.netty.NetworkMessagingTest" time="0.107"/>
  <testcase name="testDisconnectOnLastMessage[5: transport=NIO, ssl=JDK, handler-threads=2]" classname="io.hekate.network.netty.NetworkMessagingTest" time="0.107"/>
  <testcase name="testSendAfterReconnectNoWaitWithDeferred[5: transport=NIO, ssl=JDK, handler-threads=2]" classname="io.hekate.network.netty.NetworkMessagingTest" time="0.244"/>
  <testcase name="testSendAfterReconnectNoWait[5: transport=NIO, ssl=JDK, handler-threads=2]" classname="io.hekate.network.netty.NetworkMessagingTest" time="0.192"/>
  <testcase name="testSendOnConnect[5: transport=NIO, ssl=JDK, handler-threads=2]" classname="io.hekate.network.netty.NetworkMessagingTest" time="0.107"/>
  <testcase name="testReplyOnConnect[5: transport=NIO, ssl=JDK, handler-threads=2]" classname="io.hekate.network.netty.NetworkMessagingTest" time="0.106"/>
  <testcase name="testReplyWithCallbackSuccess[5: transport=NIO, ssl=JDK, handler-threads=2]" classname="io.hekate.network.netty.NetworkMessagingTest" time="0.107"/>
  <testcase name="testDiscardDeferred[5: transport=NIO, ssl=JDK, handler-threads=2]" classname="io.hekate.network.netty.NetworkMessagingTest" time="0.01"/>
  <testcase name="testReplyWithCallbackFailure[5: transport=NIO, ssl=JDK, handler-threads=2]" classname="io.hekate.network.netty.NetworkMessagingTest" time="0.106"/>
  <testcase name="testSendWithCallback[5: transport=NIO, ssl=JDK, handler-threads=2]" classname="io.hekate.network.netty.NetworkMessagingTest" time="0.107"/>
  <testcase name="testSendFailureIfDisconnected[5: transport=NIO, ssl=JDK, handler-threads=2]" classname="io.hekate.network.netty.NetworkMessagingTest" time="0.164"/>
  <testcase name="testSendDeferred[5: transport=NIO, ssl=JDK, handler-threads=2]" classname="io.hekate.network.netty.NetworkMessagingTest" time="0.181"/>
  <testcase name="testDisconnectOnLastMessageDeferred[6: transport=NIO, ssl=OPEN_SSL, handler-threads=0]" classname="io.hekate.network.netty.NetworkMessagingTest" time="0.174"/>
  <testcase name="testDisconnectOnFirstMessageDeferred[6: transport=NIO, ssl=OPEN_SSL, handler-threads=0]" classname="io.hekate.network.netty.NetworkMessagingTest" time="0.098"/>
  <testcase name="testDisconnectOnFirstMessage[6: transport=NIO, ssl=OPEN_SSL, handler-threads=0]" classname="io.hekate.network.netty.NetworkMessagingTest" time="0.097"/>
  <testcase name="testSendOnConnectDeferredOrder[6: transport=NIO, ssl=OPEN_SSL, handler-threads=0]" classname="io.hekate.network.netty.NetworkMessagingTest" time="0.098"/>
  <testcase name="testReply[6: transport=NIO, ssl=OPEN_SSL, handler-threads=0]" classname="io.hekate.network.netty.NetworkMessagingTest" time="0.1"/>
  <testcase name="testSend[6: transport=NIO, ssl=OPEN_SSL, handler-threads=0]" classname="io.hekate.network.netty.NetworkMessagingTest" time="0.098"/>
  <testcase name="testDisconnectOnLastMessage[6: transport=NIO, ssl=OPEN_SSL, handler-threads=0]" classname="io.hekate.network.netty.NetworkMessagingTest" time="0.097"/>
  <testcase name="testSendAfterReconnectNoWaitWithDeferred[6: transport=NIO, ssl=OPEN_SSL, handler-threads=0]" classname="io.hekate.network.netty.NetworkMessagingTest" time="0.248"/>
  <testcase name="testSendAfterReconnectNoWait[6: transport=NIO, ssl=OPEN_SSL, handler-threads=0]" classname="io.hekate.network.netty.NetworkMessagingTest" time="0.202"/>
  <testcase name="testSendOnConnect[6: transport=NIO, ssl=OPEN_SSL, handler-threads=0]" classname="io.hekate.network.netty.NetworkMessagingTest" time="0.099"/>
  <testcase name="testReplyOnConnect[6: transport=NIO, ssl=OPEN_SSL, handler-threads=0]" classname="io.hekate.network.netty.NetworkMessagingTest" time="0.098"/>
  <testcase name="testReplyWithCallbackSuccess[6: transport=NIO, ssl=OPEN_SSL, handler-threads=0]" classname="io.hekate.network.netty.NetworkMessagingTest" time="0.099"/>
  <testcase name="testDiscardDeferred[6: transport=NIO, ssl=OPEN_SSL, handler-threads=0]" classname="io.hekate.network.netty.NetworkMessagingTest" time="0.01"/>
  <testcase name="testReplyWithCallbackFailure[6: transport=NIO, ssl=OPEN_SSL, handler-threads=0]" classname="io.hekate.network.netty.NetworkMessagingTest" time="0.098"/>
  <testcase name="testSendWithCallback[6: transport=NIO, ssl=OPEN_SSL, handler-threads=0]" classname="io.hekate.network.netty.NetworkMessagingTest" time="0.1"/>
  <testcase name="testSendFailureIfDisconnected[6: transport=NIO, ssl=OPEN_SSL, handler-threads=0]" classname="io.hekate.network.netty.NetworkMessagingTest" time="0.16"/>
  <testcase name="testSendDeferred[6: transport=NIO, ssl=OPEN_SSL, handler-threads=0]" classname="io.hekate.network.netty.NetworkMessagingTest" time="0.173"/>
  <testcase name="testDisconnectOnLastMessageDeferred[7: transport=NIO, ssl=OPEN_SSL, handler-threads=1]" classname="io.hekate.network.netty.NetworkMessagingTest" time="0.173"/>
  <testcase name="testDisconnectOnFirstMessageDeferred[7: transport=NIO, ssl=OPEN_SSL, handler-threads=1]" classname="io.hekate.network.netty.NetworkMessagingTest" time="0.098"/>
  <testcase name="testDisconnectOnFirstMessage[7: transport=NIO, ssl=OPEN_SSL, handler-threads=1]" classname="io.hekate.network.netty.NetworkMessagingTest" time="0.098"/>
  <testcase name="testSendOnConnectDeferredOrder[7: transport=NIO, ssl=OPEN_SSL, handler-threads=1]" classname="io.hekate.network.netty.NetworkMessagingTest" time="0.099"/>
  <testcase name="testReply[7: transport=NIO, ssl=OPEN_SSL, handler-threads=1]" classname="io.hekate.network.netty.NetworkMessagingTest" time="0.1"/>
  <testcase name="testSend[7: transport=NIO, ssl=OPEN_SSL, handler-threads=1]" classname="io.hekate.network.netty.NetworkMessagingTest" time="0.099"/>
  <testcase name="testDisconnectOnLastMessage[7: transport=NIO, ssl=OPEN_SSL, handler-threads=1]" classname="io.hekate.network.netty.NetworkMessagingTest" time="0.098"/>
  <testcase name="testSendAfterReconnectNoWaitWithDeferred[7: transport=NIO, ssl=OPEN_SSL, handler-threads=1]" classname="io.hekate.network.netty.NetworkMessagingTest" time="0.25"/>
  <testcase name="testSendAfterReconnectNoWait[7: transport=NIO, ssl=OPEN_SSL, handler-threads=1]" classname="io.hekate.network.netty.NetworkMessagingTest" time="0.189"/>
  <testcase name="testSendOnConnect[7: transport=NIO, ssl=OPEN_SSL, handler-threads=1]" classname="io.hekate.network.netty.NetworkMessagingTest" time="0.099"/>
  <testcase name="testReplyOnConnect[7: transport=NIO, ssl=OPEN_SSL, handler-threads=1]" classname="io.hekate.network.netty.NetworkMessagingTest" time="0.098"/>
  <testcase name="testReplyWithCallbackSuccess[7: transport=NIO, ssl=OPEN_SSL, handler-threads=1]" classname="io.hekate.network.netty.NetworkMessagingTest" time="0.1"/>
  <testcase name="testDiscardDeferred[7: transport=NIO, ssl=OPEN_SSL, handler-threads=1]" classname="io.hekate.network.netty.NetworkMessagingTest" time="0.01"/>
  <testcase name="testReplyWithCallbackFailure[7: transport=NIO, ssl=OPEN_SSL, handler-threads=1]" classname="io.hekate.network.netty.NetworkMessagingTest" time="0.098"/>
  <testcase name="testSendWithCallback[7: transport=NIO, ssl=OPEN_SSL, handler-threads=1]" classname="io.hekate.network.netty.NetworkMessagingTest" time="0.099"/>
  <testcase name="testSendFailureIfDisconnected[7: transport=NIO, ssl=OPEN_SSL, handler-threads=1]" classname="io.hekate.network.netty.NetworkMessagingTest" time="0.16"/>
  <testcase name="testSendDeferred[7: transport=NIO, ssl=OPEN_SSL, handler-threads=1]" classname="io.hekate.network.netty.NetworkMessagingTest" time="0.19"/>
  <testcase name="testDisconnectOnLastMessageDeferred[8: transport=NIO, ssl=OPEN_SSL, handler-threads=2]" classname="io.hekate.network.netty.NetworkMessagingTest" time="0.174"/>
  <testcase name="testDisconnectOnFirstMessageDeferred[8: transport=NIO, ssl=OPEN_SSL, handler-threads=2]" classname="io.hekate.network.netty.NetworkMessagingTest" time="0.098"/>
  <testcase name="testDisconnectOnFirstMessage[8: transport=NIO, ssl=OPEN_SSL, handler-threads=2]" classname="io.hekate.network.netty.NetworkMessagingTest" time="0.098"/>
  <testcase name="testSendOnConnectDeferredOrder[8: transport=NIO, ssl=OPEN_SSL, handler-threads=2]" classname="io.hekate.network.netty.NetworkMessagingTest" time="0.099"/>
  <testcase name="testReply[8: transport=NIO, ssl=OPEN_SSL, handler-threads=2]" classname="io.hekate.network.netty.NetworkMessagingTest" time="0.099"/>
  <testcase name="testSend[8: transport=NIO, ssl=OPEN_SSL, handler-threads=2]" classname="io.hekate.network.netty.NetworkMessagingTest" time="0.099"/>
  <testcase name="testDisconnectOnLastMessage[8: transport=NIO, ssl=OPEN_SSL, handler-threads=2]" classname="io.hekate.network.netty.NetworkMessagingTest" time="0.098"/>
  <testcase name="testSendAfterReconnectNoWaitWithDeferred[8: transport=NIO, ssl=OPEN_SSL, handler-threads=2]" classname="io.hekate.network.netty.NetworkMessagingTest" time="0.249"/>
  <testcase name="testSendAfterReconnectNoWait[8: transport=NIO, ssl=OPEN_SSL, handler-threads=2]" classname="io.hekate.network.netty.NetworkMessagingTest" time="0.189"/>
  <testcase name="testSendOnConnect[8: transport=NIO, ssl=OPEN_SSL, handler-threads=2]" classname="io.hekate.network.netty.NetworkMessagingTest" time="0.099"/>
  <testcase name="testReplyOnConnect[8: transport=NIO, ssl=OPEN_SSL, handler-threads=2]" classname="io.hekate.network.netty.NetworkMessagingTest" time="0.1"/>
  <testcase name="testReplyWithCallbackSuccess[8: transport=NIO, ssl=OPEN_SSL, handler-threads=2]" classname="io.hekate.network.netty.NetworkMessagingTest" time="0.099"/>
  <testcase name="testDiscardDeferred[8: transport=NIO, ssl=OPEN_SSL, handler-threads=2]" classname="io.hekate.network.netty.NetworkMessagingTest" time="0.009"/>
  <testcase name="testReplyWithCallbackFailure[8: transport=NIO, ssl=OPEN_SSL, handler-threads=2]" classname="io.hekate.network.netty.NetworkMessagingTest" time="0.099"/>
  <testcase name="testSendWithCallback[8: transport=NIO, ssl=OPEN_SSL, handler-threads=2]" classname="io.hekate.network.netty.NetworkMessagingTest" time="0.124"/>
  <testcase name="testSendFailureIfDisconnected[8: transport=NIO, ssl=OPEN_SSL, handler-threads=2]" classname="io.hekate.network.netty.NetworkMessagingTest" time="0.16"/>
  <testcase name="testSendDeferred[8: transport=NIO, ssl=OPEN_SSL, handler-threads=2]" classname="io.hekate.network.netty.NetworkMessagingTest" time="0.175"/>
  <testcase name="testDisconnectOnLastMessageDeferred[9: transport=EPOLL, handler-threads=0]" classname="io.hekate.network.netty.NetworkMessagingTest" time="0.165"/>
  <testcase name="testDisconnectOnFirstMessageDeferred[9: transport=EPOLL, handler-threads=0]" classname="io.hekate.network.netty.NetworkMessagingTest" time="0.089"/>
  <testcase name="testDisconnectOnFirstMessage[9: transport=EPOLL, handler-threads=0]" classname="io.hekate.network.netty.NetworkMessagingTest" time="0.09"/>
  <testcase name="testSendOnConnectDeferredOrder[9: transport=EPOLL, handler-threads=0]" classname="io.hekate.network.netty.NetworkMessagingTest" time="0.092"/>
  <testcase name="testReply[9: transport=EPOLL, handler-threads=0]" classname="io.hekate.network.netty.NetworkMessagingTest" time="0.09"/>
  <testcase name="testSend[9: transport=EPOLL, handler-threads=0]" classname="io.hekate.network.netty.NetworkMessagingTest" time="0.089"/>
  <testcase name="testDisconnectOnLastMessage[9: transport=EPOLL, handler-threads=0]" classname="io.hekate.network.netty.NetworkMessagingTest" time="0.116"/>
  <testcase name="testSendAfterReconnectNoWaitWithDeferred[9: transport=EPOLL, handler-threads=0]" classname="io.hekate.network.netty.NetworkMessagingTest" time="0.24"/>
  <testcase name="testSendAfterReconnectNoWait[9: transport=EPOLL, handler-threads=0]" classname="io.hekate.network.netty.NetworkMessagingTest" time="0.185"/>
  <testcase name="testSendOnConnect[9: transport=EPOLL, handler-threads=0]" classname="io.hekate.network.netty.NetworkMessagingTest" time="0.089"/>
  <testcase name="testReplyOnConnect[9: transport=EPOLL, handler-threads=0]" classname="io.hekate.network.netty.NetworkMessagingTest" time="0.063"/>
  <testcase name="testReplyWithCallbackSuccess[9: transport=EPOLL, handler-threads=0]" classname="io.hekate.network.netty.NetworkMessagingTest" time="0.087"/>
  <testcase name="testDiscardDeferred[9: transport=EPOLL, handler-threads=0]" classname="io.hekate.network.netty.NetworkMessagingTest" time="0.009"/>
  <testcase name="testReplyWithCallbackFailure[9: transport=EPOLL, handler-threads=0]" classname="io.hekate.network.netty.NetworkMessagingTest" time="0.09"/>
  <testcase name="testSendWithCallback[9: transport=EPOLL, handler-threads=0]" classname="io.hekate.network.netty.NetworkMessagingTest" time="0.086"/>
  <testcase name="testSendFailureIfDisconnected[9: transport=EPOLL, handler-threads=0]" classname="io.hekate.network.netty.NetworkMessagingTest" time="0.143"/>
  <testcase name="testSendDeferred[9: transport=EPOLL, handler-threads=0]" classname="io.hekate.network.netty.NetworkMessagingTest" time="0.167"/>
  <testcase name="testDisconnectOnLastMessageDeferred[10: transport=EPOLL, handler-threads=1]" classname="io.hekate.network.netty.NetworkMessagingTest" time="0.162"/>
  <testcase name="testDisconnectOnFirstMessageDeferred[10: transport=EPOLL, handler-threads=1]" classname="io.hekate.network.netty.NetworkMessagingTest" time="0.09"/>
  <testcase name="testDisconnectOnFirstMessage[10: transport=EPOLL, handler-threads=1]" classname="io.hekate.network.netty.NetworkMessagingTest" time="0.09"/>
  <testcase name="testSendOnConnectDeferredOrder[10: transport=EPOLL, handler-threads=1]" classname="io.hekate.network.netty.NetworkMessagingTest" time="0.093"/>
  <testcase name="testReply[10: transport=EPOLL, handler-threads=1]" classname="io.hekate.network.netty.NetworkMessagingTest" time="0.092"/>
  <testcase name="testSend[10: transport=EPOLL, handler-threads=1]" classname="io.hekate.network.netty.NetworkMessagingTest" time="0.09"/>
  <testcase name="testDisconnectOnLastMessage[10: transport=EPOLL, handler-threads=1]" classname="io.hekate.network.netty.NetworkMessagingTest" time="0.09"/>
  <testcase name="testSendAfterReconnectNoWaitWithDeferred[10: transport=EPOLL, handler-threads=1]" classname="io.hekate.network.netty.NetworkMessagingTest" time="0.241"/>
  <testcase name="testSendAfterReconnectNoWait[10: transport=EPOLL, handler-threads=1]" classname="io.hekate.network.netty.NetworkMessagingTest" time="0.17"/>
  <testcase name="testSendOnConnect[10: transport=EPOLL, handler-threads=1]" classname="io.hekate.network.netty.NetworkMessagingTest" time="0.09"/>
  <testcase name="testReplyOnConnect[10: transport=EPOLL, handler-threads=1]" classname="io.hekate.network.netty.NetworkMessagingTest" time="0.064"/>
  <testcase name="testReplyWithCallbackSuccess[10: transport=EPOLL, handler-threads=1]" classname="io.hekate.network.netty.NetworkMessagingTest" time="0.092"/>
  <testcase name="testDiscardDeferred[10: transport=EPOLL, handler-threads=1]" classname="io.hekate.network.netty.NetworkMessagingTest" time="0.008"/>
  <testcase name="testReplyWithCallbackFailure[10: transport=EPOLL, handler-threads=1]" classname="io.hekate.network.netty.NetworkMessagingTest" time="0.089"/>
  <testcase name="testSendWithCallback[10: transport=EPOLL, handler-threads=1]" classname="io.hekate.network.netty.NetworkMessagingTest" time="0.091"/>
  <testcase name="testSendFailureIfDisconnected[10: transport=EPOLL, handler-threads=1]" classname="io.hekate.network.netty.NetworkMessagingTest" time="0.144"/>
  <testcase name="testSendDeferred[10: transport=EPOLL, handler-threads=1]" classname="io.hekate.network.netty.NetworkMessagingTest" time="0.165"/>
  <testcase name="testDisconnectOnLastMessageDeferred[11: transport=EPOLL, handler-threads=2]" classname="io.hekate.network.netty.NetworkMessagingTest" time="0.166"/>
  <testcase name="testDisconnectOnFirstMessageDeferred[11: transport=EPOLL, handler-threads=2]" classname="io.hekate.network.netty.NetworkMessagingTest" time="0.102"/>
  <testcase name="testDisconnectOnFirstMessage[11: transport=EPOLL, handler-threads=2]" classname="io.hekate.network.netty.NetworkMessagingTest" time="0.091"/>
  <testcase name="testSendOnConnectDeferredOrder[11: transport=EPOLL, handler-threads=2]" classname="io.hekate.network.netty.NetworkMessagingTest" time="0.09"/>
  <testcase name="testReply[11: transport=EPOLL, handler-threads=2]" classname="io.hekate.network.netty.NetworkMessagingTest" time="0.093"/>
  <testcase name="testSend[11: transport=EPOLL, handler-threads=2]" classname="io.hekate.network.netty.NetworkMessagingTest" time="0.091"/>
  <testcase name="testDisconnectOnLastMessage[11: transport=EPOLL, handler-threads=2]" classname="io.hekate.network.netty.NetworkMessagingTest" time="0.091"/>
  <testcase name="testSendAfterReconnectNoWaitWithDeferred[11: transport=EPOLL, handler-threads=2]" classname="io.hekate.network.netty.NetworkMessagingTest" time="0.24"/>
  <testcase name="testSendAfterReconnectNoWait[11: transport=EPOLL, handler-threads=2]" classname="io.hekate.network.netty.NetworkMessagingTest" time="0.17"/>
  <testcase name="testSendOnConnect[11: transport=EPOLL, handler-threads=2]" classname="io.hekate.network.netty.NetworkMessagingTest" time="0.089"/>
  <testcase name="testReplyOnConnect[11: transport=EPOLL, handler-threads=2]" classname="io.hekate.network.netty.NetworkMessagingTest" time="0.086"/>
  <testcase name="testReplyWithCallbackSuccess[11: transport=EPOLL, handler-threads=2]" classname="io.hekate.network.netty.NetworkMessagingTest" time="0.09"/>
  <testcase name="testDiscardDeferred[11: transport=EPOLL, handler-threads=2]" classname="io.hekate.network.netty.NetworkMessagingTest" time="0.008"/>
  <testcase name="testReplyWithCallbackFailure[11: transport=EPOLL, handler-threads=2]" classname="io.hekate.network.netty.NetworkMessagingTest" time="0.088"/>
  <testcase name="testSendWithCallback[11: transport=EPOLL, handler-threads=2]" classname="io.hekate.network.netty.NetworkMessagingTest" time="0.086"/>
  <testcase name="testSendFailureIfDisconnected[11: transport=EPOLL, handler-threads=2]" classname="io.hekate.network.netty.NetworkMessagingTest" time="0.142"/>
  <testcase name="testSendDeferred[11: transport=EPOLL, handler-threads=2]" classname="io.hekate.network.netty.NetworkMessagingTest" time="0.161"/>
  <testcase name="testDisconnectOnLastMessageDeferred[12: transport=EPOLL, ssl=JDK, handler-threads=0]" classname="io.hekate.network.netty.NetworkMessagingTest" time="0.178"/>
  <testcase name="testDisconnectOnFirstMessageDeferred[12: transport=EPOLL, ssl=JDK, handler-threads=0]" classname="io.hekate.network.netty.NetworkMessagingTest" time="0.099"/>
  <testcase name="testDisconnectOnFirstMessage[12: transport=EPOLL, ssl=JDK, handler-threads=0]" classname="io.hekate.network.netty.NetworkMessagingTest" time="0.1"/>
  <testcase name="testSendOnConnectDeferredOrder[12: transport=EPOLL, ssl=JDK, handler-threads=0]" classname="io.hekate.network.netty.NetworkMessagingTest" time="0.108"/>
  <testcase name="testReply[12: transport=EPOLL, ssl=JDK, handler-threads=0]" classname="io.hekate.network.netty.NetworkMessagingTest" time="0.106"/>
  <testcase name="testSend[12: transport=EPOLL, ssl=JDK, handler-threads=0]" classname="io.hekate.network.netty.NetworkMessagingTest" time="0.105"/>
  <testcase name="testDisconnectOnLastMessage[12: transport=EPOLL, ssl=JDK, handler-threads=0]" classname="io.hekate.network.netty.NetworkMessagingTest" time="0.102"/>
  <testcase name="testSendAfterReconnectNoWaitWithDeferred[12: transport=EPOLL, ssl=JDK, handler-threads=0]" classname="io.hekate.network.netty.NetworkMessagingTest" time="0.245"/>
  <testcase name="testSendAfterReconnectNoWait[12: transport=EPOLL, ssl=JDK, handler-threads=0]" classname="io.hekate.network.netty.NetworkMessagingTest" time="0.19"/>
  <testcase name="testSendOnConnect[12: transport=EPOLL, ssl=JDK, handler-threads=0]" classname="io.hekate.network.netty.NetworkMessagingTest" time="0.124"/>
  <testcase name="testReplyOnConnect[12: transport=EPOLL, ssl=JDK, handler-threads=0]" classname="io.hekate.network.netty.NetworkMessagingTest" time="0.111"/>
  <testcase name="testReplyWithCallbackSuccess[12: transport=EPOLL, ssl=JDK, handler-threads=0]" classname="io.hekate.network.netty.NetworkMessagingTest" time="0.102"/>
  <testcase name="testDiscardDeferred[12: transport=EPOLL, ssl=JDK, handler-threads=0]" classname="io.hekate.network.netty.NetworkMessagingTest" time="0.009"/>
  <testcase name="testReplyWithCallbackFailure[12: transport=EPOLL, ssl=JDK, handler-threads=0]" classname="io.hekate.network.netty.NetworkMessagingTest" time="0.108"/>
  <testcase name="testSendWithCallback[12: transport=EPOLL, ssl=JDK, handler-threads=0]" classname="io.hekate.network.netty.NetworkMessagingTest" time="0.134"/>
  <testcase name="testSendFailureIfDisconnected[12: transport=EPOLL, ssl=JDK, handler-threads=0]" classname="io.hekate.network.netty.NetworkMessagingTest" time="0.171"/>
  <testcase name="testSendDeferred[12: transport=EPOLL, ssl=JDK, handler-threads=0]" classname="io.hekate.network.netty.NetworkMessagingTest" time="0.182"/>
  <testcase name="testDisconnectOnLastMessageDeferred[13: transport=EPOLL, ssl=JDK, handler-threads=1]" classname="io.hekate.network.netty.NetworkMessagingTest" time="0.185"/>
  <testcase name="testDisconnectOnFirstMessageDeferred[13: transport=EPOLL, ssl=JDK, handler-threads=1]" classname="io.hekate.network.netty.NetworkMessagingTest" time="0.11"/>
  <testcase name="testDisconnectOnFirstMessage[13: transport=EPOLL, ssl=JDK, handler-threads=1]" classname="io.hekate.network.netty.NetworkMessagingTest" time="0.109"/>
  <testcase name="testSendOnConnectDeferredOrder[13: transport=EPOLL, ssl=JDK, handler-threads=1]" classname="io.hekate.network.netty.NetworkMessagingTest" time="0.106"/>
  <testcase name="testReply[13: transport=EPOLL, ssl=JDK, handler-threads=1]" classname="io.hekate.network.netty.NetworkMessagingTest" time="0.11"/>
  <testcase name="testSend[13: transport=EPOLL, ssl=JDK, handler-threads=1]" classname="io.hekate.network.netty.NetworkMessagingTest" time="0.108"/>
  <testcase name="testDisconnectOnLastMessage[13: transport=EPOLL, ssl=JDK, handler-threads=1]" classname="io.hekate.network.netty.NetworkMessagingTest" time="0.104"/>
  <testcase name="testSendAfterReconnectNoWaitWithDeferred[13: transport=EPOLL, ssl=JDK, handler-threads=1]" classname="io.hekate.network.netty.NetworkMessagingTest" time="0.245"/>
  <testcase name="testSendAfterReconnectNoWait[13: transport=EPOLL, ssl=JDK, handler-threads=1]" classname="io.hekate.network.netty.NetworkMessagingTest" time="0.197"/>
  <testcase name="testSendOnConnect[13: transport=EPOLL, ssl=JDK, handler-threads=1]" classname="io.hekate.network.netty.NetworkMessagingTest" time="0.105"/>
  <testcase name="testReplyOnConnect[13: transport=EPOLL, ssl=JDK, handler-threads=1]" classname="io.hekate.network.netty.NetworkMessagingTest" time="0.105"/>
  <testcase name="testReplyWithCallbackSuccess[13: transport=EPOLL, ssl=JDK, handler-threads=1]" classname="io.hekate.network.netty.NetworkMessagingTest" time="0.11"/>
  <testcase name="testDiscardDeferred[13: transport=EPOLL, ssl=JDK, handler-threads=1]" classname="io.hekate.network.netty.NetworkMessagingTest" time="0.01"/>
  <testcase name="testReplyWithCallbackFailure[13: transport=EPOLL, ssl=JDK, handler-threads=1]" classname="io.hekate.network.netty.NetworkMessagingTest" time="0.104"/>
  <testcase name="testSendWithCallback[13: transport=EPOLL, ssl=JDK, handler-threads=1]" classname="io.hekate.network.netty.NetworkMessagingTest" time="0.098"/>
  <testcase name="testSendFailureIfDisconnected[13: transport=EPOLL, ssl=JDK, handler-threads=1]" classname="io.hekate.network.netty.NetworkMessagingTest" time="0.157"/>
  <testcase name="testSendDeferred[13: transport=EPOLL, ssl=JDK, handler-threads=1]" classname="io.hekate.network.netty.NetworkMessagingTest" time="0.18"/>
  <testcase name="testDisconnectOnLastMessageDeferred[14: transport=EPOLL, ssl=JDK, handler-threads=2]" classname="io.hekate.network.netty.NetworkMessagingTest" time="0.184"/>
  <testcase name="testDisconnectOnFirstMessageDeferred[14: transport=EPOLL, ssl=JDK, handler-threads=2]" classname="io.hekate.network.netty.NetworkMessagingTest" time="0.118"/>
  <testcase name="testDisconnectOnFirstMessage[14: transport=EPOLL, ssl=JDK, handler-threads=2]" classname="io.hekate.network.netty.NetworkMessagingTest" time="0.105"/>
  <testcase name="testSendOnConnectDeferredOrder[14: transport=EPOLL, ssl=JDK, handler-threads=2]" classname="io.hekate.network.netty.NetworkMessagingTest" time="0.11"/>
  <testcase name="testReply[14: transport=EPOLL, ssl=JDK, handler-threads=2]" classname="io.hekate.network.netty.NetworkMessagingTest" time="0.11"/>
  <testcase name="testSend[14: transport=EPOLL, ssl=JDK, handler-threads=2]" classname="io.hekate.network.netty.NetworkMessagingTest" time="0.16"/>
  <testcase name="testDisconnectOnLastMessage[14: transport=EPOLL, ssl=JDK, handler-threads=2]" classname="io.hekate.network.netty.NetworkMessagingTest" time="0.112"/>
  <testcase name="testSendAfterReconnectNoWaitWithDeferred[14: transport=EPOLL, ssl=JDK, handler-threads=2]" classname="io.hekate.network.netty.NetworkMessagingTest" time="0.247"/>
  <testcase name="testSendAfterReconnectNoWait[14: transport=EPOLL, ssl=JDK, handler-threads=2]" classname="io.hekate.network.netty.NetworkMessagingTest" time="0.192"/>
  <testcase name="testSendOnConnect[14: transport=EPOLL, ssl=JDK, handler-threads=2]" classname="io.hekate.network.netty.NetworkMessagingTest" time="0.11"/>
  <testcase name="testReplyOnConnect[14: transport=EPOLL, ssl=JDK, handler-threads=2]" classname="io.hekate.network.netty.NetworkMessagingTest" time="0.107"/>
  <testcase name="testReplyWithCallbackSuccess[14: transport=EPOLL, ssl=JDK, handler-threads=2]" classname="io.hekate.network.netty.NetworkMessagingTest" time="0.11"/>
  <testcase name="testDiscardDeferred[14: transport=EPOLL, ssl=JDK, handler-threads=2]" classname="io.hekate.network.netty.NetworkMessagingTest" time="0.011"/>
  <testcase name="testReplyWithCallbackFailure[14: transport=EPOLL, ssl=JDK, handler-threads=2]" classname="io.hekate.network.netty.NetworkMessagingTest" time="0.109"/>
  <testcase name="testSendWithCallback[14: transport=EPOLL, ssl=JDK, handler-threads=2]" classname="io.hekate.network.netty.NetworkMessagingTest" time="0.111"/>
  <testcase name="testSendFailureIfDisconnected[14: transport=EPOLL, ssl=JDK, handler-threads=2]" classname="io.hekate.network.netty.NetworkMessagingTest" time="0.169"/>
  <testcase name="testSendDeferred[14: transport=EPOLL, ssl=JDK, handler-threads=2]" classname="io.hekate.network.netty.NetworkMessagingTest" time="0.187"/>
  <testcase name="testDisconnectOnLastMessageDeferred[15: transport=EPOLL, ssl=OPEN_SSL, handler-threads=0]" classname="io.hekate.network.netty.NetworkMessagingTest" time="0.179"/>
  <testcase name="testDisconnectOnFirstMessageDeferred[15: transport=EPOLL, ssl=OPEN_SSL, handler-threads=0]" classname="io.hekate.network.netty.NetworkMessagingTest" time="0.101"/>
  <testcase name="testDisconnectOnFirstMessage[15: transport=EPOLL, ssl=OPEN_SSL, handler-threads=0]" classname="io.hekate.network.netty.NetworkMessagingTest" time="0.101"/>
  <testcase name="testSendOnConnectDeferredOrder[15: transport=EPOLL, ssl=OPEN_SSL, handler-threads=0]" classname="io.hekate.network.netty.NetworkMessagingTest" time="0.105"/>
  <testcase name="testReply[15: transport=EPOLL, ssl=OPEN_SSL, handler-threads=0]" classname="io.hekate.network.netty.NetworkMessagingTest" time="0.104"/>
  <testcase name="testSend[15: transport=EPOLL, ssl=OPEN_SSL, handler-threads=0]" classname="io.hekate.network.netty.NetworkMessagingTest" time="0.099"/>
  <testcase name="testDisconnectOnLastMessage[15: transport=EPOLL, ssl=OPEN_SSL, handler-threads=0]" classname="io.hekate.network.netty.NetworkMessagingTest" time="0.102"/>
  <testcase name="testSendAfterReconnectNoWaitWithDeferred[15: transport=EPOLL, ssl=OPEN_SSL, handler-threads=0]" classname="io.hekate.network.netty.NetworkMessagingTest" time="0.254"/>
  <testcase name="testSendAfterReconnectNoWait[15: transport=EPOLL, ssl=OPEN_SSL, handler-threads=0]" classname="io.hekate.network.netty.NetworkMessagingTest" time="0.213"/>
  <testcase name="testSendOnConnect[15: transport=EPOLL, ssl=OPEN_SSL, handler-threads=0]" classname="io.hekate.network.netty.NetworkMessagingTest" time="0.109"/>
  <testcase name="testReplyOnConnect[15: transport=EPOLL, ssl=OPEN_SSL, handler-threads=0]" classname="io.hekate.network.netty.NetworkMessagingTest" time="0.097"/>
  <testcase name="testReplyWithCallbackSuccess[15: transport=EPOLL, ssl=OPEN_SSL, handler-threads=0]" classname="io.hekate.network.netty.NetworkMessagingTest" time="0.099"/>
  <testcase name="testDiscardDeferred[15: transport=EPOLL, ssl=OPEN_SSL, handler-threads=0]" classname="io.hekate.network.netty.NetworkMessagingTest" time="0.011"/>
  <testcase name="testReplyWithCallbackFailure[15: transport=EPOLL, ssl=OPEN_SSL, handler-threads=0]" classname="io.hekate.network.netty.NetworkMessagingTest" time="0.102"/>
  <testcase name="testSendWithCallback[15: transport=EPOLL, ssl=OPEN_SSL, handler-threads=0]" classname="io.hekate.network.netty.NetworkMessagingTest" time="0.128"/>
  <testcase name="testSendFailureIfDisconnected[15: transport=EPOLL, ssl=OPEN_SSL, handler-threads=0]" classname="io.hekate.network.netty.NetworkMessagingTest" time="0.163"/>
  <testcase name="testSendDeferred[15: transport=EPOLL, ssl=OPEN_SSL, handler-threads=0]" classname="io.hekate.network.netty.NetworkMessagingTest" time="0.178"/>
  <testcase name="testDisconnectOnLastMessageDeferred[16: transport=EPOLL, ssl=OPEN_SSL, handler-threads=1]" classname="io.hekate.network.netty.NetworkMessagingTest" time="0.175"/>
  <testcase name="testDisconnectOnFirstMessageDeferred[16: transport=EPOLL, ssl=OPEN_SSL, handler-threads=1]" classname="io.hekate.network.netty.NetworkMessagingTest" time="0.1"/>
  <testcase name="testDisconnectOnFirstMessage[16: transport=EPOLL, ssl=OPEN_SSL, handler-threads=1]" classname="io.hekate.network.netty.NetworkMessagingTest" time="0.1"/>
  <testcase name="testSendOnConnectDeferredOrder[16: transport=EPOLL, ssl=OPEN_SSL, handler-threads=1]" classname="io.hekate.network.netty.NetworkMessagingTest" time="0.097"/>
  <testcase name="testReply[16: transport=EPOLL, ssl=OPEN_SSL, handler-threads=1]" classname="io.hekate.network.netty.NetworkMessagingTest" time="0.096"/>
  <testcase name="testSend[16: transport=EPOLL, ssl=OPEN_SSL, handler-threads=1]" classname="io.hekate.network.netty.NetworkMessagingTest" time="0.1"/>
  <testcase name="testDisconnectOnLastMessage[16: transport=EPOLL, ssl=OPEN_SSL, handler-threads=1]" classname="io.hekate.network.netty.NetworkMessagingTest" time="0.101"/>
  <testcase name="testSendAfterReconnectNoWaitWithDeferred[16: transport=EPOLL, ssl=OPEN_SSL, handler-threads=1]" classname="io.hekate.network.netty.NetworkMessagingTest" time="0.252"/>
  <testcase name="testSendAfterReconnectNoWait[16: transport=EPOLL, ssl=OPEN_SSL, handler-threads=1]" classname="io.hekate.network.netty.NetworkMessagingTest" time="0.193"/>
  <testcase name="testSendOnConnect[16: transport=EPOLL, ssl=OPEN_SSL, handler-threads=1]" classname="io.hekate.network.netty.NetworkMessagingTest" time="0.102"/>
  <testcase name="testReplyOnConnect[16: transport=EPOLL, ssl=OPEN_SSL, handler-threads=1]" classname="io.hekate.network.netty.NetworkMessagingTest" time="0.101"/>
  <testcase name="testReplyWithCallbackSuccess[16: transport=EPOLL, ssl=OPEN_SSL, handler-threads=1]" classname="io.hekate.network.netty.NetworkMessagingTest" time="0.104"/>
  <testcase name="testDiscardDeferred[16: transport=EPOLL, ssl=OPEN_SSL, handler-threads=1]" classname="io.hekate.network.netty.NetworkMessagingTest" time="0.009"/>
  <testcase name="testReplyWithCallbackFailure[16: transport=EPOLL, ssl=OPEN_SSL, handler-threads=1]" classname="io.hekate.network.netty.NetworkMessagingTest" time="0.101"/>
  <testcase name="testSendWithCallback[16: transport=EPOLL, ssl=OPEN_SSL, handler-threads=1]" classname="io.hekate.network.netty.NetworkMessagingTest" time="0.103"/>
  <testcase name="testSendFailureIfDisconnected[16: transport=EPOLL, ssl=OPEN_SSL, handler-threads=1]" classname="io.hekate.network.netty.NetworkMessagingTest" time="0.164"/>
  <testcase name="testSendDeferred[16: transport=EPOLL, ssl=OPEN_SSL, handler-threads=1]" classname="io.hekate.network.netty.NetworkMessagingTest" time="0.179"/>
  <testcase name="testDisconnectOnLastMessageDeferred[17: transport=EPOLL, ssl=OPEN_SSL, handler-threads=2]" classname="io.hekate.network.netty.NetworkMessagingTest" time="0.174"/>
  <testcase name="testDisconnectOnFirstMessageDeferred[17: transport=EPOLL, ssl=OPEN_SSL, handler-threads=2]" classname="io.hekate.network.netty.NetworkMessagingTest" time="0.116"/>
  <testcase name="testDisconnectOnFirstMessage[17: transport=EPOLL, ssl=OPEN_SSL, handler-threads=2]" classname="io.hekate.network.netty.NetworkMessagingTest" time="0.102"/>
  <testcase name="testSendOnConnectDeferredOrder[17: transport=EPOLL, ssl=OPEN_SSL, handler-threads=2]" classname="io.hekate.network.netty.NetworkMessagingTest" time="0.099"/>
  <testcase name="testReply[17: transport=EPOLL, ssl=OPEN_SSL, handler-threads=2]" classname="io.hekate.network.netty.NetworkMessagingTest" time="0.102"/>
  <testcase name="testSend[17: transport=EPOLL, ssl=OPEN_SSL, handler-threads=2]" classname="io.hekate.network.netty.NetworkMessagingTest" time="0.101"/>
  <testcase name="testDisconnectOnLastMessage[17: transport=EPOLL, ssl=OPEN_SSL, handler-threads=2]" classname="io.hekate.network.netty.NetworkMessagingTest" time="0.101"/>
  <testcase name="testSendAfterReconnectNoWaitWithDeferred[17: transport=EPOLL, ssl=OPEN_SSL, handler-threads=2]" classname="io.hekate.network.netty.NetworkMessagingTest" time="0.252"/>
  <testcase name="testSendAfterReconnectNoWait[17: transport=EPOLL, ssl=OPEN_SSL, handler-threads=2]" classname="io.hekate.network.netty.NetworkMessagingTest" time="0.192"/>
  <testcase name="testSendOnConnect[17: transport=EPOLL, ssl=OPEN_SSL, handler-threads=2]" classname="io.hekate.network.netty.NetworkMessagingTest" time="0.102"/>
  <testcase name="testReplyOnConnect[17: transport=EPOLL, ssl=OPEN_SSL, handler-threads=2]" classname="io.hekate.network.netty.NetworkMessagingTest" time="0.102"/>
  <testcase name="testReplyWithCallbackSuccess[17: transport=EPOLL, ssl=OPEN_SSL, handler-threads=2]" classname="io.hekate.network.netty.NetworkMessagingTest" time="0.102"/>
  <testcase name="testDiscardDeferred[17: transport=EPOLL, ssl=OPEN_SSL, handler-threads=2]" classname="io.hekate.network.netty.NetworkMessagingTest" time="0.01"/>
  <testcase name="testReplyWithCallbackFailure[17: transport=EPOLL, ssl=OPEN_SSL, handler-threads=2]" classname="io.hekate.network.netty.NetworkMessagingTest" time="0.101"/>
  <testcase name="testSendWithCallback[17: transport=EPOLL, ssl=OPEN_SSL, handler-threads=2]" classname="io.hekate.network.netty.NetworkMessagingTest" time="0.101"/>
  <testcase name="testSendFailureIfDisconnected[17: transport=EPOLL, ssl=OPEN_SSL, handler-threads=2]" classname="io.hekate.network.netty.NetworkMessagingTest" time="0.164"/>
  <testcase name="testSendDeferred[17: transport=EPOLL, ssl=OPEN_SSL, handler-threads=2]" classname="io.hekate.network.netty.NetworkMessagingTest" time="0.178"/>
</testsuite>