<?xml version="1.0" encoding="UTF-8"?>
<testsuite xmlns:xsi="http://www.w3.org/2001/XMLSchema-instance" xsi:schemaLocation="https://maven.apache.org/surefire/maven-surefire-plugin/xsd/surefire-test-report.xsd" name="io.hekate.rpc.internal.RpcServiceTest" time="12.969" tests="234" errors="0" skipped="0" failures="0">
  <properties>
    <property name="java.runtime.name" value="OpenJDK Runtime Environment"/>
    <property name="sun.boot.library.path" value="/usr/lib/jvm/java-8-openjdk-amd64/jre/lib/amd64"/>
    <property name="java.vm.version" value="25.121-b13"/>
    <property name="java.vm.vendor" value="Oracle Corporation"/>
    <property name="maven.multiModuleProjectDirectory" value="/root/workspace/hekate-io/hekate/383632883"/>
    <property name="java.vendor.url" value="http://java.oracle.com/"/>
    <property name="path.separator" value=":"/>
    <property name="guice.disable.misplaced.annotation.check" value="true"/>
    <property name="skip.gulp" value="true"/>
    <property name="java.vm.name" value="OpenJDK 64-Bit Server VM"/>
    <property name="file.encoding.pkg" value="sun.io"/>
    <property name="sun.java.launcher" value="SUN_STANDARD"/>
    <property name="sun.os.patch.level" value="unknown"/>
    <property name="findbugs.skip" value="true"/>
    <property name="java.vm.specification.name" value="Java Virtual Machine Specification"/>
    <property name="user.dir" value="/root/workspace/hekate-io/hekate/383632883"/>
    <property name="checkstyle.skip" value="true"/>
    <property name="java.runtime.version" value="1.8.0_121-8u121-b13-1~bpo8+1-b13"/>
    <property name="java.awt.graphicsenv" value="sun.awt.X11GraphicsEnvironment"/>
    <property name="skip.npm" value="true"/>
    <property name="java.endorsed.dirs" value="/usr/lib/jvm/java-8-openjdk-amd64/jre/lib/endorsed"/>
    <property name="os.arch" value="amd64"/>
    <property name="java.io.tmpdir" value="/tmp"/>
    <property name="gpg.skip" value="true"/>
    <property name="line.separator" value="&#10;"/>
    <property name="java.vm.specification.vendor" value="Oracle Corporation"/>
    <property name="cobertura.skip" value="true"/>
    <property name="os.name" value="Linux"/>
    <property name="classworlds.conf" value="/usr/share/maven/bin/m2.conf"/>
    <property name="sun.jnu.encoding" value="UTF-8"/>
    <property name="java.library.path" value="/usr/java/packages/lib/amd64:/usr/lib/x86_64-linux-gnu/jni:/lib/x86_64-linux-gnu:/usr/lib/x86_64-linux-gnu:/usr/lib/jni:/lib:/usr/lib"/>
    <property name="license.skip" value="true"/>
    <property name="java.specification.name" value="Java Platform API Specification"/>
    <property name="java.class.version" value="52.0"/>
    <property name="org.slf4j.simpleLogger.levelInBrackets" value="true"/>
    <property name="sun.management.compiler" value="HotSpot 64-Bit Tiered Compilers"/>
    <property name="skip.bower" value="true"/>
    <property name="maven.repo.local" value="/root/./workspace/hekate-io/hekate/383632883/.m2"/>
    <property name="os.version" value="3.10.0-862.2.3.el7.x86_64"/>
    <property name="user.home" value="/root"/>
    <property name="user.timezone" value="Europe/Paris"/>
    <property name="java.awt.printerjob" value="sun.print.PSPrinterJob"/>
    <property name="java.specification.version" value="1.8"/>
    <property name="file.encoding" value="UTF-8"/>
    <property name="user.name" value="root"/>
    <property name="java.class.path" value="/usr/share/maven/boot/plexus-classworlds-2.5.2.jar"/>
    <property name="skipITs" value="true"/>
    <property name="java.vm.specification.version" value="1.8"/>
    <property name="sun.arch.data.model" value="64"/>
    <property name="java.home" value="/usr/lib/jvm/java-8-openjdk-amd64/jre"/>
    <property name="sun.java.command" value="org.codehaus.plexus.classworlds.launcher.Launcher -B -D enforcer.skip=true -D dependency-check.skip=true -D skipITs=true -D cobertura.skip=true -D maven.repo.local=/root/./workspace/hekate-io/hekate/383632883/.m2 -D rat.skip=true -D findbugs.skip=true -D skip.bower=true -D gpg.skip=true -D checkstyle.skip=true -D skip.gulp=true -D license.skip=true -D skip.npm=true test"/>
    <property name="java.specification.vendor" value="Oracle Corporation"/>
    <property name="user.language" value="en"/>
    <property name="awt.toolkit" value="sun.awt.X11.XToolkit"/>
    <property name="dependency-check.skip" value="true"/>
    <property name="java.vm.info" value="mixed mode"/>
    <property name="java.version" value="1.8.0_121"/>
    <property name="java.ext.dirs" value="/usr/lib/jvm/java-8-openjdk-amd64/jre/lib/ext:/usr/java/packages/lib/ext"/>
    <property name="securerandom.source" value="file:/dev/./urandom"/>
    <property name="sun.boot.class.path" value="/usr/lib/jvm/java-8-openjdk-amd64/jre/lib/resources.jar:/usr/lib/jvm/java-8-openjdk-amd64/jre/lib/rt.jar:/usr/lib/jvm/java-8-openjdk-amd64/jre/lib/sunrsasign.jar:/usr/lib/jvm/java-8-openjdk-amd64/jre/lib/jsse.jar:/usr/lib/jvm/java-8-openjdk-amd64/jre/lib/jce.jar:/usr/lib/jvm/java-8-openjdk-amd64/jre/lib/charsets.jar:/usr/lib/jvm/java-8-openjdk-amd64/jre/lib/jfr.jar:/usr/lib/jvm/java-8-openjdk-amd64/jre/classes"/>
    <property name="java.vendor" value="Oracle Corporation"/>
    <property name="enforcer.skip" value="true"/>
    <property name="rat.skip" value="true"/>
    <property name="maven.home" value="/usr/share/maven"/>
    <property name="file.separator" value="/"/>
    <property name="java.vendor.url.bug" value="http://bugreport.sun.com/bugreport/"/>
    <property name="sun.cpu.endian" value="little"/>
    <property name="sun.io.unicode.encoding" value="UnicodeLittle"/>
    <property name="org.slf4j.simpleLogger.showThreadName" value="false"/>
    <property name="sun.cpu.isalist" value=""/>
  </properties>
  <testcase name="failIfRpcClientHasInvalidTag[0: transport=NIO, codec-factory=KryoCodecFactory[unsafe-io=true, cache-unknown-types=false]]" classname="io.hekate.rpc.internal.RpcServiceTest" time="0.004"/>
  <testcase name="testClientBuilder[0: transport=NIO, codec-factory=KryoCodecFactory[unsafe-io=true, cache-unknown-types=false]]" classname="io.hekate.rpc.internal.RpcServiceTest" time="0.111"/>
  <testcase name="testCanNotRegisterSameRpcTwice[0: transport=NIO, codec-factory=KryoCodecFactory[unsafe-io=true, cache-unknown-types=false]]" classname="io.hekate.rpc.internal.RpcServiceTest" time="0.02"/>
  <testcase name="testTags[0: transport=NIO, codec-factory=KryoCodecFactory[unsafe-io=true, cache-unknown-types=false]]" classname="io.hekate.rpc.internal.RpcServiceTest" time="0.028"/>
  <testcase name="testPreConfiguredClientBuilder[0: transport=NIO, codec-factory=KryoCodecFactory[unsafe-io=true, cache-unknown-types=false]]" classname="io.hekate.rpc.internal.RpcServiceTest" time="0.028"/>
  <testcase name="failIfRpcServerHasInvalidTag[0: transport=NIO, codec-factory=KryoCodecFactory[unsafe-io=true, cache-unknown-types=false]]" classname="io.hekate.rpc.internal.RpcServiceTest" time="0.002"/>
  <testcase name="testClusterOfType[0: transport=NIO, codec-factory=KryoCodecFactory[unsafe-io=true, cache-unknown-types=false]]" classname="io.hekate.rpc.internal.RpcServiceTest" time="0.026"/>
  <testcase name="testClusterOfTypeAndTag[0: transport=NIO, codec-factory=KryoCodecFactory[unsafe-io=true, cache-unknown-types=false]]" classname="io.hekate.rpc.internal.RpcServiceTest" time="0.027"/>
  <testcase name="testClientForReturnsSameInstance[0: transport=NIO, codec-factory=KryoCodecFactory[unsafe-io=true, cache-unknown-types=false]]" classname="io.hekate.rpc.internal.RpcServiceTest" time="0.019"/>
  <testcase name="failIfRpcServerIsNotAnRpcInterface[0: transport=NIO, codec-factory=KryoCodecFactory[unsafe-io=true, cache-unknown-types=false]]" classname="io.hekate.rpc.internal.RpcServiceTest" time="0.003"/>
  <testcase name="testCanRegisterSameServerWithTag[0: transport=NIO, codec-factory=KryoCodecFactory[unsafe-io=true, cache-unknown-types=false]]" classname="io.hekate.rpc.internal.RpcServiceTest" time="0.028"/>
  <testcase name="testServers[0: transport=NIO, codec-factory=KryoCodecFactory[unsafe-io=true, cache-unknown-types=false]]" classname="io.hekate.rpc.internal.RpcServiceTest" time="0.049"/>
  <testcase name="testRejoin[0: transport=NIO, codec-factory=KryoCodecFactory[unsafe-io=true, cache-unknown-types=false]]" classname="io.hekate.rpc.internal.RpcServiceTest" time="0.083"/>
  <testcase name="failIfRpcClientHasInvalidTag[1: transport=NIO, codec-factory=FstCodecFactory[use-unsafe=true]]" classname="io.hekate.rpc.internal.RpcServiceTest" time="0.005"/>
  <testcase name="testClientBuilder[1: transport=NIO, codec-factory=FstCodecFactory[use-unsafe=true]]" classname="io.hekate.rpc.internal.RpcServiceTest" time="0.075"/>
  <testcase name="testCanNotRegisterSameRpcTwice[1: transport=NIO, codec-factory=FstCodecFactory[use-unsafe=true]]" classname="io.hekate.rpc.internal.RpcServiceTest" time="0.018"/>
  <testcase name="testTags[1: transport=NIO, codec-factory=FstCodecFactory[use-unsafe=true]]" classname="io.hekate.rpc.internal.RpcServiceTest" time="0.082"/>
  <testcase name="testPreConfiguredClientBuilder[1: transport=NIO, codec-factory=FstCodecFactory[use-unsafe=true]]" classname="io.hekate.rpc.internal.RpcServiceTest" time="0.086"/>
  <testcase name="failIfRpcServerHasInvalidTag[1: transport=NIO, codec-factory=FstCodecFactory[use-unsafe=true]]" classname="io.hekate.rpc.internal.RpcServiceTest" time="0.007"/>
  <testcase name="testClusterOfType[1: transport=NIO, codec-factory=FstCodecFactory[use-unsafe=true]]" classname="io.hekate.rpc.internal.RpcServiceTest" time="0.088"/>
  <testcase name="testClusterOfTypeAndTag[1: transport=NIO, codec-factory=FstCodecFactory[use-unsafe=true]]" classname="io.hekate.rpc.internal.RpcServiceTest" time="0.062"/>
  <testcase name="testClientForReturnsSameInstance[1: transport=NIO, codec-factory=FstCodecFactory[use-unsafe=true]]" classname="io.hekate.rpc.internal.RpcServiceTest" time="0.037"/>
  <testcase name="failIfRpcServerIsNotAnRpcInterface[1: transport=NIO, codec-factory=FstCodecFactory[use-unsafe=true]]" classname="io.hekate.rpc.internal.RpcServiceTest" time="0.005"/>
  <testcase name="testCanRegisterSameServerWithTag[1: transport=NIO, codec-factory=FstCodecFactory[use-unsafe=true]]" classname="io.hekate.rpc.internal.RpcServiceTest" time="0.058"/>
  <testcase name="testServers[1: transport=NIO, codec-factory=FstCodecFactory[use-unsafe=true]]" classname="io.hekate.rpc.internal.RpcServiceTest" time="0.027"/>
  <testcase name="testRejoin[1: transport=NIO, codec-factory=FstCodecFactory[use-unsafe=true]]" classname="io.hekate.rpc.internal.RpcServiceTest" time="0.159"/>
  <testcase name="failIfRpcClientHasInvalidTag[2: transport=NIO, codec-factory=JdkCodecFactory]" classname="io.hekate.rpc.internal.RpcServiceTest" time="0.002"/>
  <testcase name="testClientBuilder[2: transport=NIO, codec-factory=JdkCodecFactory]" classname="io.hekate.rpc.internal.RpcServiceTest" time="0.035"/>
  <testcase name="testCanNotRegisterSameRpcTwice[2: transport=NIO, codec-factory=JdkCodecFactory]" classname="io.hekate.rpc.internal.RpcServiceTest" time="0.004"/>
  <testcase name="testTags[2: transport=NIO, codec-factory=JdkCodecFactory]" classname="io.hekate.rpc.internal.RpcServiceTest" time="0.032"/>
  <testcase name="testPreConfiguredClientBuilder[2: transport=NIO, codec-factory=JdkCodecFactory]" classname="io.hekate.rpc.internal.RpcServiceTest" time="0.032"/>
  <testcase name="failIfRpcServerHasInvalidTag[2: transport=NIO, codec-factory=JdkCodecFactory]" classname="io.hekate.rpc.internal.RpcServiceTest" time="0.002"/>
  <testcase name="testClusterOfType[2: transport=NIO, codec-factory=JdkCodecFactory]" classname="io.hekate.rpc.internal.RpcServiceTest" time="0.029"/>
  <testcase name="testClusterOfTypeAndTag[2: transport=NIO, codec-factory=JdkCodecFactory]" classname="io.hekate.rpc.internal.RpcServiceTest" time="0.029"/>
  <testcase name="testClientForReturnsSameInstance[2: transport=NIO, codec-factory=JdkCodecFactory]" classname="io.hekate.rpc.internal.RpcServiceTest" time="0.021"/>
  <testcase name="failIfRpcServerIsNotAnRpcInterface[2: transport=NIO, codec-factory=JdkCodecFactory]" classname="io.hekate.rpc.internal.RpcServiceTest" time="0.001"/>
  <testcase name="testCanRegisterSameServerWithTag[2: transport=NIO, codec-factory=JdkCodecFactory]" classname="io.hekate.rpc.internal.RpcServiceTest" time="0.048"/>
  <testcase name="testServers[2: transport=NIO, codec-factory=JdkCodecFactory]" classname="io.hekate.rpc.internal.RpcServiceTest" time="0.012"/>
  <testcase name="testRejoin[2: transport=NIO, codec-factory=JdkCodecFactory]" classname="io.hekate.rpc.internal.RpcServiceTest" time="0.088"/>
  <testcase name="failIfRpcClientHasInvalidTag[3: transport=NIO, ssl=JDK, codec-factory=KryoCodecFactory[unsafe-io=true, cache-unknown-types=false]]" classname="io.hekate.rpc.internal.RpcServiceTest" time="0.001"/>
  <testcase name="testClientBuilder[3: transport=NIO, ssl=JDK, codec-factory=KryoCodecFactory[unsafe-io=true, cache-unknown-types=false]]" classname="io.hekate.rpc.internal.RpcServiceTest" time="0.081"/>
  <testcase name="testCanNotRegisterSameRpcTwice[3: transport=NIO, ssl=JDK, codec-factory=KryoCodecFactory[unsafe-io=true, cache-unknown-types=false]]" classname="io.hekate.rpc.internal.RpcServiceTest" time="0.004"/>
  <testcase name="testTags[3: transport=NIO, ssl=JDK, codec-factory=KryoCodecFactory[unsafe-io=true, cache-unknown-types=false]]" classname="io.hekate.rpc.internal.RpcServiceTest" time="0.067"/>
  <testcase name="testPreConfiguredClientBuilder[3: transport=NIO, ssl=JDK, codec-factory=KryoCodecFactory[unsafe-io=true, cache-unknown-types=false]]" classname="io.hekate.rpc.internal.RpcServiceTest" time="0.065"/>
  <testcase name="failIfRpcServerHasInvalidTag[3: transport=NIO, ssl=JDK, codec-factory=KryoCodecFactory[unsafe-io=true, cache-unknown-types=false]]" classname="io.hekate.rpc.internal.RpcServiceTest" time="0.002"/>
  <testcase name="testClusterOfType[3: transport=NIO, ssl=JDK, codec-factory=KryoCodecFactory[unsafe-io=true, cache-unknown-types=false]]" classname="io.hekate.rpc.internal.RpcServiceTest" time="0.062"/>
  <testcase name="testClusterOfTypeAndTag[3: transport=NIO, ssl=JDK, codec-factory=KryoCodecFactory[unsafe-io=true, cache-unknown-types=false]]" classname="io.hekate.rpc.internal.RpcServiceTest" time="0.061"/>
  <testcase name="testClientForReturnsSameInstance[3: transport=NIO, ssl=JDK, codec-factory=KryoCodecFactory[unsafe-io=true, cache-unknown-types=false]]" classname="io.hekate.rpc.internal.RpcServiceTest" time="0.021"/>
  <testcase name="failIfRpcServerIsNotAnRpcInterface[3: transport=NIO, ssl=JDK, codec-factory=KryoCodecFactory[unsafe-io=true, cache-unknown-types=false]]" classname="io.hekate.rpc.internal.RpcServiceTest" time="0.001"/>
  <testcase name="testCanRegisterSameServerWithTag[3: transport=NIO, ssl=JDK, codec-factory=KryoCodecFactory[unsafe-io=true, cache-unknown-types=false]]" classname="io.hekate.rpc.internal.RpcServiceTest" time="0.062"/>
  <testcase name="testServers[3: transport=NIO, ssl=JDK, codec-factory=KryoCodecFactory[unsafe-io=true, cache-unknown-types=false]]" classname="io.hekate.rpc.internal.RpcServiceTest" time="0.013"/>
  <testcase name="testRejoin[3: transport=NIO, ssl=JDK, codec-factory=KryoCodecFactory[unsafe-io=true, cache-unknown-types=false]]" classname="io.hekate.rpc.internal.RpcServiceTest" time="0.163"/>
  <testcase name="failIfRpcClientHasInvalidTag[4: transport=NIO, ssl=JDK, codec-factory=FstCodecFactory[use-unsafe=true]]" classname="io.hekate.rpc.internal.RpcServiceTest" time="0.007"/>
  <testcase name="testClientBuilder[4: transport=NIO, ssl=JDK, codec-factory=FstCodecFactory[use-unsafe=true]]" classname="io.hekate.rpc.internal.RpcServiceTest" time="0.142"/>
  <testcase name="testCanNotRegisterSameRpcTwice[4: transport=NIO, ssl=JDK, codec-factory=FstCodecFactory[use-unsafe=true]]" classname="io.hekate.rpc.internal.RpcServiceTest" time="0.025"/>
  <testcase name="testTags[4: transport=NIO, ssl=JDK, codec-factory=FstCodecFactory[use-unsafe=true]]" classname="io.hekate.rpc.internal.RpcServiceTest" time="0.119"/>
  <testcase name="testPreConfiguredClientBuilder[4: transport=NIO, ssl=JDK, codec-factory=FstCodecFactory[use-unsafe=true]]" classname="io.hekate.rpc.internal.RpcServiceTest" time="0.104"/>
  <testcase name="failIfRpcServerHasInvalidTag[4: transport=NIO, ssl=JDK, codec-factory=FstCodecFactory[use-unsafe=true]]" classname="io.hekate.rpc.internal.RpcServiceTest" time="0.005"/>
  <testcase name="testClusterOfType[4: transport=NIO, ssl=JDK, codec-factory=FstCodecFactory[use-unsafe=true]]" classname="io.hekate.rpc.internal.RpcServiceTest" time="0.091"/>
  <testcase name="testClusterOfTypeAndTag[4: transport=NIO, ssl=JDK, codec-factory=FstCodecFactory[use-unsafe=true]]" classname="io.hekate.rpc.internal.RpcServiceTest" time="0.093"/>
  <testcase name="testClientForReturnsSameInstance[4: transport=NIO, ssl=JDK, codec-factory=FstCodecFactory[use-unsafe=true]]" classname="io.hekate.rpc.internal.RpcServiceTest" time="0.039"/>
  <testcase name="failIfRpcServerIsNotAnRpcInterface[4: transport=NIO, ssl=JDK, codec-factory=FstCodecFactory[use-unsafe=true]]" classname="io.hekate.rpc.internal.RpcServiceTest" time="0.005"/>
  <testcase name="testCanRegisterSameServerWithTag[4: transport=NIO, ssl=JDK, codec-factory=FstCodecFactory[use-unsafe=true]]" classname="io.hekate.rpc.internal.RpcServiceTest" time="0.092"/>
  <testcase name="testServers[4: transport=NIO, ssl=JDK, codec-factory=FstCodecFactory[use-unsafe=true]]" classname="io.hekate.rpc.internal.RpcServiceTest" time="0.027"/>
  <testcase name="testRejoin[4: transport=NIO, ssl=JDK, codec-factory=FstCodecFactory[use-unsafe=true]]" classname="io.hekate.rpc.internal.RpcServiceTest" time="0.232"/>
  <testcase name="failIfRpcClientHasInvalidTag[5: transport=NIO, ssl=JDK, codec-factory=JdkCodecFactory]" classname="io.hekate.rpc.internal.RpcServiceTest" time="0.001"/>
  <testcase name="testClientBuilder[5: transport=NIO, ssl=JDK, codec-factory=JdkCodecFactory]" classname="io.hekate.rpc.internal.RpcServiceTest" time="0.07"/>
  <testcase name="testCanNotRegisterSameRpcTwice[5: transport=NIO, ssl=JDK, codec-factory=JdkCodecFactory]" classname="io.hekate.rpc.internal.RpcServiceTest" time="0.003"/>
  <testcase name="testTags[5: transport=NIO, ssl=JDK, codec-factory=JdkCodecFactory]" classname="io.hekate.rpc.internal.RpcServiceTest" time="0.068"/>
  <testcase name="testPreConfiguredClientBuilder[5: transport=NIO, ssl=JDK, codec-factory=JdkCodecFactory]" classname="io.hekate.rpc.internal.RpcServiceTest" time="0.067"/>
  <testcase name="failIfRpcServerHasInvalidTag[5: transport=NIO, ssl=JDK, codec-factory=JdkCodecFactory]" classname="io.hekate.rpc.internal.RpcServiceTest" time="0.002"/>
  <testcase name="testClusterOfType[5: transport=NIO, ssl=JDK, codec-factory=JdkCodecFactory]" classname="io.hekate.rpc.internal.RpcServiceTest" time="0.06"/>
  <testcase name="testClusterOfTypeAndTag[5: transport=NIO, ssl=JDK, codec-factory=JdkCodecFactory]" classname="io.hekate.rpc.internal.RpcServiceTest" time="0.062"/>
  <testcase name="testClientForReturnsSameInstance[5: transport=NIO, ssl=JDK, codec-factory=JdkCodecFactory]" classname="io.hekate.rpc.internal.RpcServiceTest" time="0.02"/>
  <testcase name="failIfRpcServerIsNotAnRpcInterface[5: transport=NIO, ssl=JDK, codec-factory=JdkCodecFactory]" classname="io.hekate.rpc.internal.RpcServiceTest" time="0.001"/>
  <testcase name="testCanRegisterSameServerWithTag[5: transport=NIO, ssl=JDK, codec-factory=JdkCodecFactory]" classname="io.hekate.rpc.internal.RpcServiceTest" time="0.061"/>
  <testcase name="testServers[5: transport=NIO, ssl=JDK, codec-factory=JdkCodecFactory]" classname="io.hekate.rpc.internal.RpcServiceTest" time="0.012"/>
  <testcase name="testRejoin[5: transport=NIO, ssl=JDK, codec-factory=JdkCodecFactory]" classname="io.hekate.rpc.internal.RpcServiceTest" time="0.169"/>
  <testcase name="failIfRpcClientHasInvalidTag[6: transport=NIO, ssl=OPEN_SSL, codec-factory=KryoCodecFactory[unsafe-io=true, cache-unknown-types=false]]" classname="io.hekate.rpc.internal.RpcServiceTest" time="0.001"/>
  <testcase name="testClientBuilder[6: transport=NIO, ssl=OPEN_SSL, codec-factory=KryoCodecFactory[unsafe-io=true, cache-unknown-types=false]]" classname="io.hekate.rpc.internal.RpcServiceTest" time="0.051"/>
  <testcase name="testCanNotRegisterSameRpcTwice[6: transport=NIO, ssl=OPEN_SSL, codec-factory=KryoCodecFactory[unsafe-io=true, cache-unknown-types=false]]" classname="io.hekate.rpc.internal.RpcServiceTest" time="0.005"/>
  <testcase name="testTags[6: transport=NIO, ssl=OPEN_SSL, codec-factory=KryoCodecFactory[unsafe-io=true, cache-unknown-types=false]]" classname="io.hekate.rpc.internal.RpcServiceTest" time="0.053"/>
  <testcase name="testPreConfiguredClientBuilder[6: transport=NIO, ssl=OPEN_SSL, codec-factory=KryoCodecFactory[unsafe-io=true, cache-unknown-types=false]]" classname="io.hekate.rpc.internal.RpcServiceTest" time="0.05"/>
  <testcase name="failIfRpcServerHasInvalidTag[6: transport=NIO, ssl=OPEN_SSL, codec-factory=KryoCodecFactory[unsafe-io=true, cache-unknown-types=false]]" classname="io.hekate.rpc.internal.RpcServiceTest" time="0.002"/>
  <testcase name="testClusterOfType[6: transport=NIO, ssl=OPEN_SSL, codec-factory=KryoCodecFactory[unsafe-io=true, cache-unknown-types=false]]" classname="io.hekate.rpc.internal.RpcServiceTest" time="0.044"/>
  <testcase name="testClusterOfTypeAndTag[6: transport=NIO, ssl=OPEN_SSL, codec-factory=KryoCodecFactory[unsafe-io=true, cache-unknown-types=false]]" classname="io.hekate.rpc.internal.RpcServiceTest" time="0.042"/>
  <testcase name="testClientForReturnsSameInstance[6: transport=NIO, ssl=OPEN_SSL, codec-factory=KryoCodecFactory[unsafe-io=true, cache-unknown-types=false]]" classname="io.hekate.rpc.internal.RpcServiceTest" time="0.022"/>
  <testcase name="failIfRpcServerIsNotAnRpcInterface[6: transport=NIO, ssl=OPEN_SSL, codec-factory=KryoCodecFactory[unsafe-io=true, cache-unknown-types=false]]" classname="io.hekate.rpc.internal.RpcServiceTest" time="0.001"/>
  <testcase name="testCanRegisterSameServerWithTag[6: transport=NIO, ssl=OPEN_SSL, codec-factory=KryoCodecFactory[unsafe-io=true, cache-unknown-types=false]]" classname="io.hekate.rpc.internal.RpcServiceTest" time="0.043"/>
  <testcase name="testServers[6: transport=NIO, ssl=OPEN_SSL, codec-factory=KryoCodecFactory[unsafe-io=true, cache-unknown-types=false]]" classname="io.hekate.rpc.internal.RpcServiceTest" time="0.014"/>
  <testcase name="testRejoin[6: transport=NIO, ssl=OPEN_SSL, codec-factory=KryoCodecFactory[unsafe-io=true, cache-unknown-types=false]]" classname="io.hekate.rpc.internal.RpcServiceTest" time="0.159"/>
  <testcase name="failIfRpcClientHasInvalidTag[7: transport=NIO, ssl=OPEN_SSL, codec-factory=FstCodecFactory[use-unsafe=true]]" classname="io.hekate.rpc.internal.RpcServiceTest" time="0.006"/>
  <testcase name="testClientBuilder[7: transport=NIO, ssl=OPEN_SSL, codec-factory=FstCodecFactory[use-unsafe=true]]" classname="io.hekate.rpc.internal.RpcServiceTest" time="0.115"/>
  <testcase name="testCanNotRegisterSameRpcTwice[7: transport=NIO, ssl=OPEN_SSL, codec-factory=FstCodecFactory[use-unsafe=true]]" classname="io.hekate.rpc.internal.RpcServiceTest" time="0.022"/>
  <testcase name="testTags[7: transport=NIO, ssl=OPEN_SSL, codec-factory=FstCodecFactory[use-unsafe=true]]" classname="io.hekate.rpc.internal.RpcServiceTest" time="0.158"/>
  <testcase name="testPreConfiguredClientBuilder[7: transport=NIO, ssl=OPEN_SSL, codec-factory=FstCodecFactory[use-unsafe=true]]" classname="io.hekate.rpc.internal.RpcServiceTest" time="0.076"/>
  <testcase name="failIfRpcServerHasInvalidTag[7: transport=NIO, ssl=OPEN_SSL, codec-factory=FstCodecFactory[use-unsafe=true]]" classname="io.hekate.rpc.internal.RpcServiceTest" time="0.008"/>
  <testcase name="testClusterOfType[7: transport=NIO, ssl=OPEN_SSL, codec-factory=FstCodecFactory[use-unsafe=true]]" classname="io.hekate.rpc.internal.RpcServiceTest" time="0.079"/>
  <testcase name="testClusterOfTypeAndTag[7: transport=NIO, ssl=OPEN_SSL, codec-factory=FstCodecFactory[use-unsafe=true]]" classname="io.hekate.rpc.internal.RpcServiceTest" time="0.079"/>
  <testcase name="testClientForReturnsSameInstance[7: transport=NIO, ssl=OPEN_SSL, codec-factory=FstCodecFactory[use-unsafe=true]]" classname="io.hekate.rpc.internal.RpcServiceTest" time="0.038"/>
  <testcase name="failIfRpcServerIsNotAnRpcInterface[7: transport=NIO, ssl=OPEN_SSL, codec-factory=FstCodecFactory[use-unsafe=true]]" classname="io.hekate.rpc.internal.RpcServiceTest" time="0.007"/>
  <testcase name="testCanRegisterSameServerWithTag[7: transport=NIO, ssl=OPEN_SSL, codec-factory=FstCodecFactory[use-unsafe=true]]" classname="io.hekate.rpc.internal.RpcServiceTest" time="0.082"/>
  <testcase name="testServers[7: transport=NIO, ssl=OPEN_SSL, codec-factory=FstCodecFactory[use-unsafe=true]]" classname="io.hekate.rpc.internal.RpcServiceTest" time="0.033"/>
  <testcase name="testRejoin[7: transport=NIO, ssl=OPEN_SSL, codec-factory=FstCodecFactory[use-unsafe=true]]" classname="io.hekate.rpc.internal.RpcServiceTest" time="0.235"/>
  <testcase name="failIfRpcClientHasInvalidTag[8: transport=NIO, ssl=OPEN_SSL, codec-factory=JdkCodecFactory]" classname="io.hekate.rpc.internal.RpcServiceTest" time="0.001"/>
  <testcase name="testClientBuilder[8: transport=NIO, ssl=OPEN_SSL, codec-factory=JdkCodecFactory]" classname="io.hekate.rpc.internal.RpcServiceTest" time="0.072"/>
  <testcase name="testCanNotRegisterSameRpcTwice[8: transport=NIO, ssl=OPEN_SSL, codec-factory=JdkCodecFactory]" classname="io.hekate.rpc.internal.RpcServiceTest" time="0.004"/>
  <testcase name="testTags[8: transport=NIO, ssl=OPEN_SSL, codec-factory=JdkCodecFactory]" classname="io.hekate.rpc.internal.RpcServiceTest" time="0.063"/>
  <testcase name="testPreConfiguredClientBuilder[8: transport=NIO, ssl=OPEN_SSL, codec-factory=JdkCodecFactory]" classname="io.hekate.rpc.internal.RpcServiceTest" time="0.048"/>
  <testcase name="failIfRpcServerHasInvalidTag[8: transport=NIO, ssl=OPEN_SSL, codec-factory=JdkCodecFactory]" classname="io.hekate.rpc.internal.RpcServiceTest" time="0.002"/>
  <testcase name="testClusterOfType[8: transport=NIO, ssl=OPEN_SSL, codec-factory=JdkCodecFactory]" classname="io.hekate.rpc.internal.RpcServiceTest" time="0.041"/>
  <testcase name="testClusterOfTypeAndTag[8: transport=NIO, ssl=OPEN_SSL, codec-factory=JdkCodecFactory]" classname="io.hekate.rpc.internal.RpcServiceTest" time="0.04"/>
  <testcase name="testClientForReturnsSameInstance[8: transport=NIO, ssl=OPEN_SSL, codec-factory=JdkCodecFactory]" classname="io.hekate.rpc.internal.RpcServiceTest" time="0.039"/>
  <testcase name="failIfRpcServerIsNotAnRpcInterface[8: transport=NIO, ssl=OPEN_SSL, codec-factory=JdkCodecFactory]" classname="io.hekate.rpc.internal.RpcServiceTest" time="0.001"/>
  <testcase name="testCanRegisterSameServerWithTag[8: transport=NIO, ssl=OPEN_SSL, codec-factory=JdkCodecFactory]" classname="io.hekate.rpc.internal.RpcServiceTest" time="0.041"/>
  <testcase name="testServers[8: transport=NIO, ssl=OPEN_SSL, codec-factory=JdkCodecFactory]" classname="io.hekate.rpc.internal.RpcServiceTest" time="0.012"/>
  <testcase name="testRejoin[8: transport=NIO, ssl=OPEN_SSL, codec-factory=JdkCodecFactory]" classname="io.hekate.rpc.internal.RpcServiceTest" time="0.166"/>
  <testcase name="failIfRpcClientHasInvalidTag[9: transport=EPOLL, codec-factory=KryoCodecFactory[unsafe-io=true, cache-unknown-types=false]]" classname="io.hekate.rpc.internal.RpcServiceTest" time="0.002"/>
  <testcase name="testClientBuilder[9: transport=EPOLL, codec-factory=KryoCodecFactory[unsafe-io=true, cache-unknown-types=false]]" classname="io.hekate.rpc.internal.RpcServiceTest" time="0.035"/>
  <testcase name="testCanNotRegisterSameRpcTwice[9: transport=EPOLL, codec-factory=KryoCodecFactory[unsafe-io=true, cache-unknown-types=false]]" classname="io.hekate.rpc.internal.RpcServiceTest" time="0.004"/>
  <testcase name="testTags[9: transport=EPOLL, codec-factory=KryoCodecFactory[unsafe-io=true, cache-unknown-types=false]]" classname="io.hekate.rpc.internal.RpcServiceTest" time="0.029"/>
  <testcase name="testPreConfiguredClientBuilder[9: transport=EPOLL, codec-factory=KryoCodecFactory[unsafe-io=true, cache-unknown-types=false]]" classname="io.hekate.rpc.internal.RpcServiceTest" time="0.032"/>
  <testcase name="failIfRpcServerHasInvalidTag[9: transport=EPOLL, codec-factory=KryoCodecFactory[unsafe-io=true, cache-unknown-types=false]]" classname="io.hekate.rpc.internal.RpcServiceTest" time="0.002"/>
  <testcase name="testClusterOfType[9: transport=EPOLL, codec-factory=KryoCodecFactory[unsafe-io=true, cache-unknown-types=false]]" classname="io.hekate.rpc.internal.RpcServiceTest" time="0.028"/>
  <testcase name="testClusterOfTypeAndTag[9: transport=EPOLL, codec-factory=KryoCodecFactory[unsafe-io=true, cache-unknown-types=false]]" classname="io.hekate.rpc.internal.RpcServiceTest" time="0.027"/>
  <testcase name="testClientForReturnsSameInstance[9: transport=EPOLL, codec-factory=KryoCodecFactory[unsafe-io=true, cache-unknown-types=false]]" classname="io.hekate.rpc.internal.RpcServiceTest" time="0.022"/>
  <testcase name="failIfRpcServerIsNotAnRpcInterface[9: transport=EPOLL, codec-factory=KryoCodecFactory[unsafe-io=true, cache-unknown-types=false]]" classname="io.hekate.rpc.internal.RpcServiceTest" time="0.001"/>
  <testcase name="testCanRegisterSameServerWithTag[9: transport=EPOLL, codec-factory=KryoCodecFactory[unsafe-io=true, cache-unknown-types=false]]" classname="io.hekate.rpc.internal.RpcServiceTest" time="0.028"/>
  <testcase name="testServers[9: transport=EPOLL, codec-factory=KryoCodecFactory[unsafe-io=true, cache-unknown-types=false]]" classname="io.hekate.rpc.internal.RpcServiceTest" time="0.011"/>
  <testcase name="testRejoin[9: transport=EPOLL, codec-factory=KryoCodecFactory[unsafe-io=true, cache-unknown-types=false]]" classname="io.hekate.rpc.internal.RpcServiceTest" time="0.089"/>
  <testcase name="failIfRpcClientHasInvalidTag[10: transport=EPOLL, codec-factory=FstCodecFactory[use-unsafe=true]]" classname="io.hekate.rpc.internal.RpcServiceTest" time="0.008"/>
  <testcase name="testClientBuilder[10: transport=EPOLL, codec-factory=FstCodecFactory[use-unsafe=true]]" classname="io.hekate.rpc.internal.RpcServiceTest" time="0.106"/>
  <testcase name="testCanNotRegisterSameRpcTwice[10: transport=EPOLL, codec-factory=FstCodecFactory[use-unsafe=true]]" classname="io.hekate.rpc.internal.RpcServiceTest" time="0.024"/>
  <testcase name="testTags[10: transport=EPOLL, codec-factory=FstCodecFactory[use-unsafe=true]]" classname="io.hekate.rpc.internal.RpcServiceTest" time="0.085"/>
  <testcase name="testPreConfiguredClientBuilder[10: transport=EPOLL, codec-factory=FstCodecFactory[use-unsafe=true]]" classname="io.hekate.rpc.internal.RpcServiceTest" time="0.08"/>
  <testcase name="failIfRpcServerHasInvalidTag[10: transport=EPOLL, codec-factory=FstCodecFactory[use-unsafe=true]]" classname="io.hekate.rpc.internal.RpcServiceTest" time="0.006"/>
  <testcase name="testClusterOfType[10: transport=EPOLL, codec-factory=FstCodecFactory[use-unsafe=true]]" classname="io.hekate.rpc.internal.RpcServiceTest" time="0.09"/>
  <testcase name="testClusterOfTypeAndTag[10: transport=EPOLL, codec-factory=FstCodecFactory[use-unsafe=true]]" classname="io.hekate.rpc.internal.RpcServiceTest" time="0.061"/>
  <testcase name="testClientForReturnsSameInstance[10: transport=EPOLL, codec-factory=FstCodecFactory[use-unsafe=true]]" classname="io.hekate.rpc.internal.RpcServiceTest" time="0.045"/>
  <testcase name="failIfRpcServerIsNotAnRpcInterface[10: transport=EPOLL, codec-factory=FstCodecFactory[use-unsafe=true]]" classname="io.hekate.rpc.internal.RpcServiceTest" time="0.006"/>
  <testcase name="testCanRegisterSameServerWithTag[10: transport=EPOLL, codec-factory=FstCodecFactory[use-unsafe=true]]" classname="io.hekate.rpc.internal.RpcServiceTest" time="0.064"/>
  <testcase name="testServers[10: transport=EPOLL, codec-factory=FstCodecFactory[use-unsafe=true]]" classname="io.hekate.rpc.internal.RpcServiceTest" time="0.029"/>
  <testcase name="testRejoin[10: transport=EPOLL, codec-factory=FstCodecFactory[use-unsafe=true]]" classname="io.hekate.rpc.internal.RpcServiceTest" time="0.17"/>
  <testcase name="failIfRpcClientHasInvalidTag[11: transport=EPOLL, codec-factory=JdkCodecFactory]" classname="io.hekate.rpc.internal.RpcServiceTest" time="0.001"/>
  <testcase name="testClientBuilder[11: transport=EPOLL, codec-factory=JdkCodecFactory]" classname="io.hekate.rpc.internal.RpcServiceTest" time="0.031"/>
  <testcase name="testCanNotRegisterSameRpcTwice[11: transport=EPOLL, codec-factory=JdkCodecFactory]" classname="io.hekate.rpc.internal.RpcServiceTest" time="0.003"/>
  <testcase name="testTags[11: transport=EPOLL, codec-factory=JdkCodecFactory]" classname="io.hekate.rpc.internal.RpcServiceTest" time="0.026"/>
  <testcase name="testPreConfiguredClientBuilder[11: transport=EPOLL, codec-factory=JdkCodecFactory]" classname="io.hekate.rpc.internal.RpcServiceTest" time="0.026"/>
  <testcase name="failIfRpcServerHasInvalidTag[11: transport=EPOLL, codec-factory=JdkCodecFactory]" classname="io.hekate.rpc.internal.RpcServiceTest" time="0.002"/>
  <testcase name="testClusterOfType[11: transport=EPOLL, codec-factory=JdkCodecFactory]" classname="io.hekate.rpc.internal.RpcServiceTest" time="0.024"/>
  <testcase name="testClusterOfTypeAndTag[11: transport=EPOLL, codec-factory=JdkCodecFactory]" classname="io.hekate.rpc.internal.RpcServiceTest" time="0.041"/>
  <testcase name="testClientForReturnsSameInstance[11: transport=EPOLL, codec-factory=JdkCodecFactory]" classname="io.hekate.rpc.internal.RpcServiceTest" time="0.018"/>
  <testcase name="failIfRpcServerIsNotAnRpcInterface[11: transport=EPOLL, codec-factory=JdkCodecFactory]" classname="io.hekate.rpc.internal.RpcServiceTest" time="0.002"/>
  <testcase name="testCanRegisterSameServerWithTag[11: transport=EPOLL, codec-factory=JdkCodecFactory]" classname="io.hekate.rpc.internal.RpcServiceTest" time="0.029"/>
  <testcase name="testServers[11: transport=EPOLL, codec-factory=JdkCodecFactory]" classname="io.hekate.rpc.internal.RpcServiceTest" time="0.01"/>
  <testcase name="testRejoin[11: transport=EPOLL, codec-factory=JdkCodecFactory]" classname="io.hekate.rpc.internal.RpcServiceTest" time="0.086"/>
  <testcase name="failIfRpcClientHasInvalidTag[12: transport=EPOLL, ssl=JDK, codec-factory=KryoCodecFactory[unsafe-io=true, cache-unknown-types=false]]" classname="io.hekate.rpc.internal.RpcServiceTest" time="0.001"/>
  <testcase name="testClientBuilder[12: transport=EPOLL, ssl=JDK, codec-factory=KryoCodecFactory[unsafe-io=true, cache-unknown-types=false]]" classname="io.hekate.rpc.internal.RpcServiceTest" time="0.075"/>
  <testcase name="testCanNotRegisterSameRpcTwice[12: transport=EPOLL, ssl=JDK, codec-factory=KryoCodecFactory[unsafe-io=true, cache-unknown-types=false]]" classname="io.hekate.rpc.internal.RpcServiceTest" time="0.003"/>
  <testcase name="testTags[12: transport=EPOLL, ssl=JDK, codec-factory=KryoCodecFactory[unsafe-io=true, cache-unknown-types=false]]" classname="io.hekate.rpc.internal.RpcServiceTest" time="0.065"/>
  <testcase name="testPreConfiguredClientBuilder[12: transport=EPOLL, ssl=JDK, codec-factory=KryoCodecFactory[unsafe-io=true, cache-unknown-types=false]]" classname="io.hekate.rpc.internal.RpcServiceTest" time="0.071"/>
  <testcase name="failIfRpcServerHasInvalidTag[12: transport=EPOLL, ssl=JDK, codec-factory=KryoCodecFactory[unsafe-io=true, cache-unknown-types=false]]" classname="io.hekate.rpc.internal.RpcServiceTest" time="0.002"/>
  <testcase name="testClusterOfType[12: transport=EPOLL, ssl=JDK, codec-factory=KryoCodecFactory[unsafe-io=true, cache-unknown-types=false]]" classname="io.hekate.rpc.internal.RpcServiceTest" time="0.062"/>
  <testcase name="testClusterOfTypeAndTag[12: transport=EPOLL, ssl=JDK, codec-factory=KryoCodecFactory[unsafe-io=true, cache-unknown-types=false]]" classname="io.hekate.rpc.internal.RpcServiceTest" time="0.053"/>
  <testcase name="testClientForReturnsSameInstance[12: transport=EPOLL, ssl=JDK, codec-factory=KryoCodecFactory[unsafe-io=true, cache-unknown-types=false]]" classname="io.hekate.rpc.internal.RpcServiceTest" time="0.017"/>
  <testcase name="failIfRpcServerIsNotAnRpcInterface[12: transport=EPOLL, ssl=JDK, codec-factory=KryoCodecFactory[unsafe-io=true, cache-unknown-types=false]]" classname="io.hekate.rpc.internal.RpcServiceTest" time="0.001"/>
  <testcase name="testCanRegisterSameServerWithTag[12: transport=EPOLL, ssl=JDK, codec-factory=KryoCodecFactory[unsafe-io=true, cache-unknown-types=false]]" classname="io.hekate.rpc.internal.RpcServiceTest" time="0.05"/>
  <testcase name="testServers[12: transport=EPOLL, ssl=JDK, codec-factory=KryoCodecFactory[unsafe-io=true, cache-unknown-types=false]]" classname="io.hekate.rpc.internal.RpcServiceTest" time="0.01"/>
  <testcase name="testRejoin[12: transport=EPOLL, ssl=JDK, codec-factory=KryoCodecFactory[unsafe-io=true, cache-unknown-types=false]]" classname="io.hekate.rpc.internal.RpcServiceTest" time="0.142"/>
  <testcase name="failIfRpcClientHasInvalidTag[13: transport=EPOLL, ssl=JDK, codec-factory=FstCodecFactory[use-unsafe=true]]" classname="io.hekate.rpc.internal.RpcServiceTest" time="0.006"/>
  <testcase name="testClientBuilder[13: transport=EPOLL, ssl=JDK, codec-factory=FstCodecFactory[use-unsafe=true]]" classname="io.hekate.rpc.internal.RpcServiceTest" time="0.124"/>
  <testcase name="testCanNotRegisterSameRpcTwice[13: transport=EPOLL, ssl=JDK, codec-factory=FstCodecFactory[use-unsafe=true]]" classname="io.hekate.rpc.internal.RpcServiceTest" time="0.018"/>
  <testcase name="testTags[13: transport=EPOLL, ssl=JDK, codec-factory=FstCodecFactory[use-unsafe=true]]" classname="io.hekate.rpc.internal.RpcServiceTest" time="0.106"/>
  <testcase name="testPreConfiguredClientBuilder[13: transport=EPOLL, ssl=JDK, codec-factory=FstCodecFactory[use-unsafe=true]]" classname="io.hekate.rpc.internal.RpcServiceTest" time="0.106"/>
  <testcase name="failIfRpcServerHasInvalidTag[13: transport=EPOLL, ssl=JDK, codec-factory=FstCodecFactory[use-unsafe=true]]" classname="io.hekate.rpc.internal.RpcServiceTest" time="0.006"/>
  <testcase name="testClusterOfType[13: transport=EPOLL, ssl=JDK, codec-factory=FstCodecFactory[use-unsafe=true]]" classname="io.hekate.rpc.internal.RpcServiceTest" time="0.093"/>
  <testcase name="testClusterOfTypeAndTag[13: transport=EPOLL, ssl=JDK, codec-factory=FstCodecFactory[use-unsafe=true]]" classname="io.hekate.rpc.internal.RpcServiceTest" time="0.093"/>
  <testcase name="testClientForReturnsSameInstance[13: transport=EPOLL, ssl=JDK, codec-factory=FstCodecFactory[use-unsafe=true]]" classname="io.hekate.rpc.internal.RpcServiceTest" time="0.039"/>
  <testcase name="failIfRpcServerIsNotAnRpcInterface[13: transport=EPOLL, ssl=JDK, codec-factory=FstCodecFactory[use-unsafe=true]]" classname="io.hekate.rpc.internal.RpcServiceTest" time="0.004"/>
  <testcase name="testCanRegisterSameServerWithTag[13: transport=EPOLL, ssl=JDK, codec-factory=FstCodecFactory[use-unsafe=true]]" classname="io.hekate.rpc.internal.RpcServiceTest" time="0.087"/>
  <testcase name="testServers[13: transport=EPOLL, ssl=JDK, codec-factory=FstCodecFactory[use-unsafe=true]]" classname="io.hekate.rpc.internal.RpcServiceTest" time="0.025"/>
  <testcase name="testRejoin[13: transport=EPOLL, ssl=JDK, codec-factory=FstCodecFactory[use-unsafe=true]]" classname="io.hekate.rpc.internal.RpcServiceTest" time="0.224"/>
  <testcase name="failIfRpcClientHasInvalidTag[14: transport=EPOLL, ssl=JDK, codec-factory=JdkCodecFactory]" classname="io.hekate.rpc.internal.RpcServiceTest" time="0.002"/>
  <testcase name="testClientBuilder[14: transport=EPOLL, ssl=JDK, codec-factory=JdkCodecFactory]" classname="io.hekate.rpc.internal.RpcServiceTest" time="0.076"/>
  <testcase name="testCanNotRegisterSameRpcTwice[14: transport=EPOLL, ssl=JDK, codec-factory=JdkCodecFactory]" classname="io.hekate.rpc.internal.RpcServiceTest" time="0.003"/>
  <testcase name="testTags[14: transport=EPOLL, ssl=JDK, codec-factory=JdkCodecFactory]" classname="io.hekate.rpc.internal.RpcServiceTest" time="0.063"/>
  <testcase name="testPreConfiguredClientBuilder[14: transport=EPOLL, ssl=JDK, codec-factory=JdkCodecFactory]" classname="io.hekate.rpc.internal.RpcServiceTest" time="0.064"/>
  <testcase name="failIfRpcServerHasInvalidTag[14: transport=EPOLL, ssl=JDK, codec-factory=JdkCodecFactory]" classname="io.hekate.rpc.internal.RpcServiceTest" time="0.002"/>
  <testcase name="testClusterOfType[14: transport=EPOLL, ssl=JDK, codec-factory=JdkCodecFactory]" classname="io.hekate.rpc.internal.RpcServiceTest" time="0.06"/>
  <testcase name="testClusterOfTypeAndTag[14: transport=EPOLL, ssl=JDK, codec-factory=JdkCodecFactory]" classname="io.hekate.rpc.internal.RpcServiceTest" time="0.06"/>
  <testcase name="testClientForReturnsSameInstance[14: transport=EPOLL, ssl=JDK, codec-factory=JdkCodecFactory]" classname="io.hekate.rpc.internal.RpcServiceTest" time="0.021"/>
  <testcase name="failIfRpcServerIsNotAnRpcInterface[14: transport=EPOLL, ssl=JDK, codec-factory=JdkCodecFactory]" classname="io.hekate.rpc.internal.RpcServiceTest" time="0.001"/>
  <testcase name="testCanRegisterSameServerWithTag[14: transport=EPOLL, ssl=JDK, codec-factory=JdkCodecFactory]" classname="io.hekate.rpc.internal.RpcServiceTest" time="0.066"/>
  <testcase name="testServers[14: transport=EPOLL, ssl=JDK, codec-factory=JdkCodecFactory]" classname="io.hekate.rpc.internal.RpcServiceTest" time="0.012"/>
  <testcase name="testRejoin[14: transport=EPOLL, ssl=JDK, codec-factory=JdkCodecFactory]" classname="io.hekate.rpc.internal.RpcServiceTest" time="0.143"/>
  <testcase name="failIfRpcClientHasInvalidTag[15: transport=EPOLL, ssl=OPEN_SSL, codec-factory=KryoCodecFactory[unsafe-io=true, cache-unknown-types=false]]" classname="io.hekate.rpc.internal.RpcServiceTest" time="0.002"/>
  <testcase name="testClientBuilder[15: transport=EPOLL, ssl=OPEN_SSL, codec-factory=KryoCodecFactory[unsafe-io=true, cache-unknown-types=false]]" classname="io.hekate.rpc.internal.RpcServiceTest" time="0.055"/>
  <testcase name="testCanNotRegisterSameRpcTwice[15: transport=EPOLL, ssl=OPEN_SSL, codec-factory=KryoCodecFactory[unsafe-io=true, cache-unknown-types=false]]" classname="io.hekate.rpc.internal.RpcServiceTest" time="0.004"/>
  <testcase name="testTags[15: transport=EPOLL, ssl=OPEN_SSL, codec-factory=KryoCodecFactory[unsafe-io=true, cache-unknown-types=false]]" classname="io.hekate.rpc.internal.RpcServiceTest" time="0.068"/>
  <testcase name="testPreConfiguredClientBuilder[15: transport=EPOLL, ssl=OPEN_SSL, codec-factory=KryoCodecFactory[unsafe-io=true, cache-unknown-types=false]]" classname="io.hekate.rpc.internal.RpcServiceTest" time="0.048"/>
  <testcase name="failIfRpcServerHasInvalidTag[15: transport=EPOLL, ssl=OPEN_SSL, codec-factory=KryoCodecFactory[unsafe-io=true, cache-unknown-types=false]]" classname="io.hekate.rpc.internal.RpcServiceTest" time="0.002"/>
  <testcase name="testClusterOfType[15: transport=EPOLL, ssl=OPEN_SSL, codec-factory=KryoCodecFactory[unsafe-io=true, cache-unknown-types=false]]" classname="io.hekate.rpc.internal.RpcServiceTest" time="0.041"/>
  <testcase name="testClusterOfTypeAndTag[15: transport=EPOLL, ssl=OPEN_SSL, codec-factory=KryoCodecFactory[unsafe-io=true, cache-unknown-types=false]]" classname="io.hekate.rpc.internal.RpcServiceTest" time="0.039"/>
  <testcase name="testClientForReturnsSameInstance[15: transport=EPOLL, ssl=OPEN_SSL, codec-factory=KryoCodecFactory[unsafe-io=true, cache-unknown-types=false]]" classname="io.hekate.rpc.internal.RpcServiceTest" time="0.021"/>
  <testcase name="failIfRpcServerIsNotAnRpcInterface[15: transport=EPOLL, ssl=OPEN_SSL, codec-factory=KryoCodecFactory[unsafe-io=true, cache-unknown-types=false]]" classname="io.hekate.rpc.internal.RpcServiceTest" time="0.002"/>
  <testcase name="testCanRegisterSameServerWithTag[15: transport=EPOLL, ssl=OPEN_SSL, codec-factory=KryoCodecFactory[unsafe-io=true, cache-unknown-types=false]]" classname="io.hekate.rpc.internal.RpcServiceTest" time="1.066"/>
  <testcase name="testServers[15: transport=EPOLL, ssl=OPEN_SSL, codec-factory=KryoCodecFactory[unsafe-io=true, cache-unknown-types=false]]" classname="io.hekate.rpc.internal.RpcServiceTest" time="0.016"/>
  <testcase name="testRejoin[15: transport=EPOLL, ssl=OPEN_SSL, codec-factory=KryoCodecFactory[unsafe-io=true, cache-unknown-types=false]]" classname="io.hekate.rpc.internal.RpcServiceTest" time="0.154"/>
  <testcase name="failIfRpcClientHasInvalidTag[16: transport=EPOLL, ssl=OPEN_SSL, codec-factory=FstCodecFactory[use-unsafe=true]]" classname="io.hekate.rpc.internal.RpcServiceTest" time="0.006"/>
  <testcase name="testClientBuilder[16: transport=EPOLL, ssl=OPEN_SSL, codec-factory=FstCodecFactory[use-unsafe=true]]" classname="io.hekate.rpc.internal.RpcServiceTest" time="0.116"/>
  <testcase name="testCanNotRegisterSameRpcTwice[16: transport=EPOLL, ssl=OPEN_SSL, codec-factory=FstCodecFactory[use-unsafe=true]]" classname="io.hekate.rpc.internal.RpcServiceTest" time="0.023"/>
  <testcase name="testTags[16: transport=EPOLL, ssl=OPEN_SSL, codec-factory=FstCodecFactory[use-unsafe=true]]" classname="io.hekate.rpc.internal.RpcServiceTest" time="0.1"/>
  <testcase name="testPreConfiguredClientBuilder[16: transport=EPOLL, ssl=OPEN_SSL, codec-factory=FstCodecFactory[use-unsafe=true]]" classname="io.hekate.rpc.internal.RpcServiceTest" time="0.097"/>
  <testcase name="failIfRpcServerHasInvalidTag[16: transport=EPOLL, ssl=OPEN_SSL, codec-factory=FstCodecFactory[use-unsafe=true]]" classname="io.hekate.rpc.internal.RpcServiceTest" time="0.006"/>
  <testcase name="testClusterOfType[16: transport=EPOLL, ssl=OPEN_SSL, codec-factory=FstCodecFactory[use-unsafe=true]]" classname="io.hekate.rpc.internal.RpcServiceTest" time="0.081"/>
  <testcase name="testClusterOfTypeAndTag[16: transport=EPOLL, ssl=OPEN_SSL, codec-factory=FstCodecFactory[use-unsafe=true]]" classname="io.hekate.rpc.internal.RpcServiceTest" time="0.101"/>
  <testcase name="testClientForReturnsSameInstance[16: transport=EPOLL, ssl=OPEN_SSL, codec-factory=FstCodecFactory[use-unsafe=true]]" classname="io.hekate.rpc.internal.RpcServiceTest" time="1.04"/>
  <testcase name="failIfRpcServerIsNotAnRpcInterface[16: transport=EPOLL, ssl=OPEN_SSL, codec-factory=FstCodecFactory[use-unsafe=true]]" classname="io.hekate.rpc.internal.RpcServiceTest" time="0.007"/>
  <testcase name="testCanRegisterSameServerWithTag[16: transport=EPOLL, ssl=OPEN_SSL, codec-factory=FstCodecFactory[use-unsafe=true]]" classname="io.hekate.rpc.internal.RpcServiceTest" time="0.079"/>
  <testcase name="testServers[16: transport=EPOLL, ssl=OPEN_SSL, codec-factory=FstCodecFactory[use-unsafe=true]]" classname="io.hekate.rpc.internal.RpcServiceTest" time="0.032"/>
  <testcase name="testRejoin[16: transport=EPOLL, ssl=OPEN_SSL, codec-factory=FstCodecFactory[use-unsafe=true]]" classname="io.hekate.rpc.internal.RpcServiceTest" time="0.216"/>
  <testcase name="failIfRpcClientHasInvalidTag[17: transport=EPOLL, ssl=OPEN_SSL, codec-factory=JdkCodecFactory]" classname="io.hekate.rpc.internal.RpcServiceTest" time="0.002"/>
  <testcase name="testClientBuilder[17: transport=EPOLL, ssl=OPEN_SSL, codec-factory=JdkCodecFactory]" classname="io.hekate.rpc.internal.RpcServiceTest" time="0.046"/>
  <testcase name="testCanNotRegisterSameRpcTwice[17: transport=EPOLL, ssl=OPEN_SSL, codec-factory=JdkCodecFactory]" classname="io.hekate.rpc.internal.RpcServiceTest" time="0.003"/>
  <testcase name="testTags[17: transport=EPOLL, ssl=OPEN_SSL, codec-factory=JdkCodecFactory]" classname="io.hekate.rpc.internal.RpcServiceTest" time="0.047"/>
  <testcase name="testPreConfiguredClientBuilder[17: transport=EPOLL, ssl=OPEN_SSL, codec-factory=JdkCodecFactory]" classname="io.hekate.rpc.internal.RpcServiceTest" time="0.047"/>
  <testcase name="failIfRpcServerHasInvalidTag[17: transport=EPOLL, ssl=OPEN_SSL, codec-factory=JdkCodecFactory]" classname="io.hekate.rpc.internal.RpcServiceTest" time="0.002"/>
  <testcase name="testClusterOfType[17: transport=EPOLL, ssl=OPEN_SSL, codec-factory=JdkCodecFactory]" classname="io.hekate.rpc.internal.RpcServiceTest" time="0.04"/>
  <testcase name="testClusterOfTypeAndTag[17: transport=EPOLL, ssl=OPEN_SSL, codec-factory=JdkCodecFactory]" classname="io.hekate.rpc.internal.RpcServiceTest" time="0.041"/>
  <testcase name="testClientForReturnsSameInstance[17: transport=EPOLL, ssl=OPEN_SSL, codec-factory=JdkCodecFactory]" classname="io.hekate.rpc.internal.RpcServiceTest" time="0.041"/>
  <testcase name="failIfRpcServerIsNotAnRpcInterface[17: transport=EPOLL, ssl=OPEN_SSL, codec-factory=JdkCodecFactory]" classname="io.hekate.rpc.internal.RpcServiceTest" time="0.002"/>
  <testcase name="testCanRegisterSameServerWithTag[17: transport=EPOLL, ssl=OPEN_SSL, codec-factory=JdkCodecFactory]" classname="io.hekate.rpc.internal.RpcServiceTest" time="0.041"/>
  <testcase name="testServers[17: transport=EPOLL, ssl=OPEN_SSL, codec-factory=JdkCodecFactory]" classname="io.hekate.rpc.internal.RpcServiceTest" time="0.012"/>
  <testcase name="testRejoin[17: transport=EPOLL, ssl=OPEN_SSL, codec-factory=JdkCodecFactory]" classname="io.hekate.rpc.internal.RpcServiceTest" time="0.15"/>
</testsuite>