<?xml version="1.0" encoding="UTF-8"?>
<testsuite xmlns:xsi="http://www.w3.org/2001/XMLSchema-instance" xsi:schemaLocation="https://maven.apache.org/surefire/maven-surefire-plugin/xsd/surefire-test-report.xsd" name="io.hekate.messaging.internal.BackPressureStreamTest" time="6.202" tests="48" errors="0" skipped="0" failures="0">
  <properties>
    <property name="java.runtime.name" value="OpenJDK Runtime Environment"/>
    <property name="sun.boot.library.path" value="/usr/lib/jvm/java-8-openjdk-amd64/jre/lib/amd64"/>
    <property name="java.vm.version" value="25.121-b13"/>
    <property name="java.vm.vendor" value="Oracle Corporation"/>
    <property name="maven.multiModuleProjectDirectory" value="/root/workspace/hekate-io/hekate/383632883"/>
    <property name="java.vendor.url" value="http://java.oracle.com/"/>
    <property name="path.separator" value=":"/>
    <property name="guice.disable.misplaced.annotation.check" value="true"/>
    <property name="skip.gulp" value="true"/>
    <property name="java.vm.name" value="OpenJDK 64-Bit Server VM"/>
    <property name="file.encoding.pkg" value="sun.io"/>
    <property name="sun.java.launcher" value="SUN_STANDARD"/>
    <property name="sun.os.patch.level" value="unknown"/>
    <property name="findbugs.skip" value="true"/>
    <property name="java.vm.specification.name" value="Java Virtual Machine Specification"/>
    <property name="user.dir" value="/root/workspace/hekate-io/hekate/383632883"/>
    <property name="checkstyle.skip" value="true"/>
    <property name="java.runtime.version" value="1.8.0_121-8u121-b13-1~bpo8+1-b13"/>
    <property name="java.awt.graphicsenv" value="sun.awt.X11GraphicsEnvironment"/>
    <property name="skip.npm" value="true"/>
    <property name="java.endorsed.dirs" value="/usr/lib/jvm/java-8-openjdk-amd64/jre/lib/endorsed"/>
    <property name="os.arch" value="amd64"/>
    <property name="java.io.tmpdir" value="/tmp"/>
    <property name="gpg.skip" value="true"/>
    <property name="line.separator" value="&#10;"/>
    <property name="java.vm.specification.vendor" value="Oracle Corporation"/>
    <property name="cobertura.skip" value="true"/>
    <property name="os.name" value="Linux"/>
    <property name="classworlds.conf" value="/usr/share/maven/bin/m2.conf"/>
    <property name="sun.jnu.encoding" value="UTF-8"/>
    <property name="java.library.path" value="/usr/java/packages/lib/amd64:/usr/lib/x86_64-linux-gnu/jni:/lib/x86_64-linux-gnu:/usr/lib/x86_64-linux-gnu:/usr/lib/jni:/lib:/usr/lib"/>
    <property name="license.skip" value="true"/>
    <property name="java.specification.name" value="Java Platform API Specification"/>
    <property name="java.class.version" value="52.0"/>
    <property name="org.slf4j.simpleLogger.levelInBrackets" value="true"/>
    <property name="sun.management.compiler" value="HotSpot 64-Bit Tiered Compilers"/>
    <property name="skip.bower" value="true"/>
    <property name="maven.repo.local" value="/root/./workspace/hekate-io/hekate/383632883/.m2"/>
    <property name="os.version" value="3.10.0-862.2.3.el7.x86_64"/>
    <property name="user.home" value="/root"/>
    <property name="user.timezone" value="Europe/Paris"/>
    <property name="java.awt.printerjob" value="sun.print.PSPrinterJob"/>
    <property name="java.specification.version" value="1.8"/>
    <property name="file.encoding" value="UTF-8"/>
    <property name="user.name" value="root"/>
    <property name="java.class.path" value="/usr/share/maven/boot/plexus-classworlds-2.5.2.jar"/>
    <property name="skipITs" value="true"/>
    <property name="java.vm.specification.version" value="1.8"/>
    <property name="sun.arch.data.model" value="64"/>
    <property name="java.home" value="/usr/lib/jvm/java-8-openjdk-amd64/jre"/>
    <property name="sun.java.command" value="org.codehaus.plexus.classworlds.launcher.Launcher -B -D enforcer.skip=true -D dependency-check.skip=true -D skipITs=true -D cobertura.skip=true -D maven.repo.local=/root/./workspace/hekate-io/hekate/383632883/.m2 -D rat.skip=true -D findbugs.skip=true -D skip.bower=true -D gpg.skip=true -D checkstyle.skip=true -D skip.gulp=true -D license.skip=true -D skip.npm=true test"/>
    <property name="java.specification.vendor" value="Oracle Corporation"/>
    <property name="user.language" value="en"/>
    <property name="awt.toolkit" value="sun.awt.X11.XToolkit"/>
    <property name="dependency-check.skip" value="true"/>
    <property name="java.vm.info" value="mixed mode"/>
    <property name="java.version" value="1.8.0_121"/>
    <property name="java.ext.dirs" value="/usr/lib/jvm/java-8-openjdk-amd64/jre/lib/ext:/usr/java/packages/lib/ext"/>
    <property name="securerandom.source" value="file:/dev/./urandom"/>
    <property name="sun.boot.class.path" value="/usr/lib/jvm/java-8-openjdk-amd64/jre/lib/resources.jar:/usr/lib/jvm/java-8-openjdk-amd64/jre/lib/rt.jar:/usr/lib/jvm/java-8-openjdk-amd64/jre/lib/sunrsasign.jar:/usr/lib/jvm/java-8-openjdk-amd64/jre/lib/jsse.jar:/usr/lib/jvm/java-8-openjdk-amd64/jre/lib/jce.jar:/usr/lib/jvm/java-8-openjdk-amd64/jre/lib/charsets.jar:/usr/lib/jvm/java-8-openjdk-amd64/jre/lib/jfr.jar:/usr/lib/jvm/java-8-openjdk-amd64/jre/classes"/>
    <property name="java.vendor" value="Oracle Corporation"/>
    <property name="enforcer.skip" value="true"/>
    <property name="rat.skip" value="true"/>
    <property name="maven.home" value="/usr/share/maven"/>
    <property name="file.separator" value="/"/>
    <property name="java.vendor.url.bug" value="http://bugreport.sun.com/bugreport/"/>
    <property name="sun.cpu.endian" value="little"/>
    <property name="sun.io.unicode.encoding" value="UnicodeLittle"/>
    <property name="org.slf4j.simpleLogger.showThreadName" value="false"/>
    <property name="sun.cpu.isalist" value=""/>
  </properties>
  <testcase name="testPartialReplyIsGuarded[0: BackPressureTestContext[parent=transport=NIO, worker-threads=0, nio-threads=1, low-watermark=0, high-watermark=1]]" classname="io.hekate.messaging.internal.BackPressureStreamTest" time="0.103"/>
  <testcase name="testPartialReplyIsGuarded[1: BackPressureTestContext[parent=transport=NIO, worker-threads=0, nio-threads=1, low-watermark=2, high-watermark=4]]" classname="io.hekate.messaging.internal.BackPressureStreamTest" time="0.11"/>
  <testcase name="testPartialReplyIsGuarded[2: BackPressureTestContext[parent=transport=NIO, worker-threads=1, nio-threads=1, low-watermark=0, high-watermark=1]]" classname="io.hekate.messaging.internal.BackPressureStreamTest" time="0.109"/>
  <testcase name="testPartialReplyIsGuarded[3: BackPressureTestContext[parent=transport=NIO, worker-threads=1, nio-threads=1, low-watermark=2, high-watermark=4]]" classname="io.hekate.messaging.internal.BackPressureStreamTest" time="0.114"/>
  <testcase name="testPartialReplyIsGuarded[4: BackPressureTestContext[parent=transport=NIO, worker-threads=4, nio-threads=1, low-watermark=0, high-watermark=1]]" classname="io.hekate.messaging.internal.BackPressureStreamTest" time="0.113"/>
  <testcase name="testPartialReplyIsGuarded[5: BackPressureTestContext[parent=transport=NIO, worker-threads=4, nio-threads=1, low-watermark=2, high-watermark=4]]" classname="io.hekate.messaging.internal.BackPressureStreamTest" time="0.112"/>
  <testcase name="testPartialReplyIsGuarded[6: BackPressureTestContext[parent=transport=NIO, worker-threads=5, nio-threads=0, low-watermark=0, high-watermark=1]]" classname="io.hekate.messaging.internal.BackPressureStreamTest" time="0.112"/>
  <testcase name="testPartialReplyIsGuarded[7: BackPressureTestContext[parent=transport=NIO, worker-threads=5, nio-threads=0, low-watermark=2, high-watermark=4]]" classname="io.hekate.messaging.internal.BackPressureStreamTest" time="0.129"/>
  <testcase name="testPartialReplyIsGuarded[8: BackPressureTestContext[parent=transport=NIO, ssl=JDK, worker-threads=0, nio-threads=1, low-watermark=0, high-watermark=1]]" classname="io.hekate.messaging.internal.BackPressureStreamTest" time="0.142"/>
  <testcase name="testPartialReplyIsGuarded[9: BackPressureTestContext[parent=transport=NIO, ssl=JDK, worker-threads=0, nio-threads=1, low-watermark=2, high-watermark=4]]" classname="io.hekate.messaging.internal.BackPressureStreamTest" time="0.147"/>
  <testcase name="testPartialReplyIsGuarded[10: BackPressureTestContext[parent=transport=NIO, ssl=JDK, worker-threads=1, nio-threads=1, low-watermark=0, high-watermark=1]]" classname="io.hekate.messaging.internal.BackPressureStreamTest" time="0.145"/>
  <testcase name="testPartialReplyIsGuarded[11: BackPressureTestContext[parent=transport=NIO, ssl=JDK, worker-threads=1, nio-threads=1, low-watermark=2, high-watermark=4]]" classname="io.hekate.messaging.internal.BackPressureStreamTest" time="0.144"/>
  <testcase name="testPartialReplyIsGuarded[12: BackPressureTestContext[parent=transport=NIO, ssl=JDK, worker-threads=4, nio-threads=1, low-watermark=0, high-watermark=1]]" classname="io.hekate.messaging.internal.BackPressureStreamTest" time="0.148"/>
  <testcase name="testPartialReplyIsGuarded[13: BackPressureTestContext[parent=transport=NIO, ssl=JDK, worker-threads=4, nio-threads=1, low-watermark=2, high-watermark=4]]" classname="io.hekate.messaging.internal.BackPressureStreamTest" time="0.147"/>
  <testcase name="testPartialReplyIsGuarded[14: BackPressureTestContext[parent=transport=NIO, ssl=JDK, worker-threads=5, nio-threads=0, low-watermark=0, high-watermark=1]]" classname="io.hekate.messaging.internal.BackPressureStreamTest" time="0.145"/>
  <testcase name="testPartialReplyIsGuarded[15: BackPressureTestContext[parent=transport=NIO, ssl=JDK, worker-threads=5, nio-threads=0, low-watermark=2, high-watermark=4]]" classname="io.hekate.messaging.internal.BackPressureStreamTest" time="0.146"/>
  <testcase name="testPartialReplyIsGuarded[16: BackPressureTestContext[parent=transport=NIO, ssl=OPEN_SSL, worker-threads=0, nio-threads=1, low-watermark=0, high-watermark=1]]" classname="io.hekate.messaging.internal.BackPressureStreamTest" time="0.122"/>
  <testcase name="testPartialReplyIsGuarded[17: BackPressureTestContext[parent=transport=NIO, ssl=OPEN_SSL, worker-threads=0, nio-threads=1, low-watermark=2, high-watermark=4]]" classname="io.hekate.messaging.internal.BackPressureStreamTest" time="0.14"/>
  <testcase name="testPartialReplyIsGuarded[18: BackPressureTestContext[parent=transport=NIO, ssl=OPEN_SSL, worker-threads=1, nio-threads=1, low-watermark=0, high-watermark=1]]" classname="io.hekate.messaging.internal.BackPressureStreamTest" time="0.119"/>
  <testcase name="testPartialReplyIsGuarded[19: BackPressureTestContext[parent=transport=NIO, ssl=OPEN_SSL, worker-threads=1, nio-threads=1, low-watermark=2, high-watermark=4]]" classname="io.hekate.messaging.internal.BackPressureStreamTest" time="0.119"/>
  <testcase name="testPartialReplyIsGuarded[20: BackPressureTestContext[parent=transport=NIO, ssl=OPEN_SSL, worker-threads=4, nio-threads=1, low-watermark=0, high-watermark=1]]" classname="io.hekate.messaging.internal.BackPressureStreamTest" time="0.123"/>
  <testcase name="testPartialReplyIsGuarded[21: BackPressureTestContext[parent=transport=NIO, ssl=OPEN_SSL, worker-threads=4, nio-threads=1, low-watermark=2, high-watermark=4]]" classname="io.hekate.messaging.internal.BackPressureStreamTest" time="0.125"/>
  <testcase name="testPartialReplyIsGuarded[22: BackPressureTestContext[parent=transport=NIO, ssl=OPEN_SSL, worker-threads=5, nio-threads=0, low-watermark=0, high-watermark=1]]" classname="io.hekate.messaging.internal.BackPressureStreamTest" time="0.125"/>
  <testcase name="testPartialReplyIsGuarded[23: BackPressureTestContext[parent=transport=NIO, ssl=OPEN_SSL, worker-threads=5, nio-threads=0, low-watermark=2, high-watermark=4]]" classname="io.hekate.messaging.internal.BackPressureStreamTest" time="0.122"/>
  <testcase name="testPartialReplyIsGuarded[24: BackPressureTestContext[parent=transport=EPOLL, worker-threads=0, nio-threads=1, low-watermark=0, high-watermark=1]]" classname="io.hekate.messaging.internal.BackPressureStreamTest" time="0.112"/>
  <testcase name="testPartialReplyIsGuarded[25: BackPressureTestContext[parent=transport=EPOLL, worker-threads=0, nio-threads=1, low-watermark=2, high-watermark=4]]" classname="io.hekate.messaging.internal.BackPressureStreamTest" time="0.11"/>
  <testcase name="testPartialReplyIsGuarded[26: BackPressureTestContext[parent=transport=EPOLL, worker-threads=1, nio-threads=1, low-watermark=0, high-watermark=1]]" classname="io.hekate.messaging.internal.BackPressureStreamTest" time="0.108"/>
  <testcase name="testPartialReplyIsGuarded[27: BackPressureTestContext[parent=transport=EPOLL, worker-threads=1, nio-threads=1, low-watermark=2, high-watermark=4]]" classname="io.hekate.messaging.internal.BackPressureStreamTest" time="0.131"/>
  <testcase name="testPartialReplyIsGuarded[28: BackPressureTestContext[parent=transport=EPOLL, worker-threads=4, nio-threads=1, low-watermark=0, high-watermark=1]]" classname="io.hekate.messaging.internal.BackPressureStreamTest" time="0.11"/>
  <testcase name="testPartialReplyIsGuarded[29: BackPressureTestContext[parent=transport=EPOLL, worker-threads=4, nio-threads=1, low-watermark=2, high-watermark=4]]" classname="io.hekate.messaging.internal.BackPressureStreamTest" time="0.11"/>
  <testcase name="testPartialReplyIsGuarded[30: BackPressureTestContext[parent=transport=EPOLL, worker-threads=5, nio-threads=0, low-watermark=0, high-watermark=1]]" classname="io.hekate.messaging.internal.BackPressureStreamTest" time="0.11"/>
  <testcase name="testPartialReplyIsGuarded[31: BackPressureTestContext[parent=transport=EPOLL, worker-threads=5, nio-threads=0, low-watermark=2, high-watermark=4]]" classname="io.hekate.messaging.internal.BackPressureStreamTest" time="0.109"/>
  <testcase name="testPartialReplyIsGuarded[32: BackPressureTestContext[parent=transport=EPOLL, ssl=JDK, worker-threads=0, nio-threads=1, low-watermark=0, high-watermark=1]]" classname="io.hekate.messaging.internal.BackPressureStreamTest" time="0.147"/>
  <testcase name="testPartialReplyIsGuarded[33: BackPressureTestContext[parent=transport=EPOLL, ssl=JDK, worker-threads=0, nio-threads=1, low-watermark=2, high-watermark=4]]" classname="io.hekate.messaging.internal.BackPressureStreamTest" time="0.15"/>
  <testcase name="testPartialReplyIsGuarded[34: BackPressureTestContext[parent=transport=EPOLL, ssl=JDK, worker-threads=1, nio-threads=1, low-watermark=0, high-watermark=1]]" classname="io.hekate.messaging.internal.BackPressureStreamTest" time="0.146"/>
  <testcase name="testPartialReplyIsGuarded[35: BackPressureTestContext[parent=transport=EPOLL, ssl=JDK, worker-threads=1, nio-threads=1, low-watermark=2, high-watermark=4]]" classname="io.hekate.messaging.internal.BackPressureStreamTest" time="0.165"/>
  <testcase name="testPartialReplyIsGuarded[36: BackPressureTestContext[parent=transport=EPOLL, ssl=JDK, worker-threads=4, nio-threads=1, low-watermark=0, high-watermark=1]]" classname="io.hekate.messaging.internal.BackPressureStreamTest" time="0.147"/>
  <testcase name="testPartialReplyIsGuarded[37: BackPressureTestContext[parent=transport=EPOLL, ssl=JDK, worker-threads=4, nio-threads=1, low-watermark=2, high-watermark=4]]" classname="io.hekate.messaging.internal.BackPressureStreamTest" time="0.148"/>
  <testcase name="testPartialReplyIsGuarded[38: BackPressureTestContext[parent=transport=EPOLL, ssl=JDK, worker-threads=5, nio-threads=0, low-watermark=0, high-watermark=1]]" classname="io.hekate.messaging.internal.BackPressureStreamTest" time="0.151"/>
  <testcase name="testPartialReplyIsGuarded[39: BackPressureTestContext[parent=transport=EPOLL, ssl=JDK, worker-threads=5, nio-threads=0, low-watermark=2, high-watermark=4]]" classname="io.hekate.messaging.internal.BackPressureStreamTest" time="0.145"/>
  <testcase name="testPartialReplyIsGuarded[40: BackPressureTestContext[parent=transport=EPOLL, ssl=OPEN_SSL, worker-threads=0, nio-threads=1, low-watermark=0, high-watermark=1]]" classname="io.hekate.messaging.internal.BackPressureStreamTest" time="0.122"/>
  <testcase name="testPartialReplyIsGuarded[41: BackPressureTestContext[parent=transport=EPOLL, ssl=OPEN_SSL, worker-threads=0, nio-threads=1, low-watermark=2, high-watermark=4]]" classname="io.hekate.messaging.internal.BackPressureStreamTest" time="0.121"/>
  <testcase name="testPartialReplyIsGuarded[42: BackPressureTestContext[parent=transport=EPOLL, ssl=OPEN_SSL, worker-threads=1, nio-threads=1, low-watermark=0, high-watermark=1]]" classname="io.hekate.messaging.internal.BackPressureStreamTest" time="0.123"/>
  <testcase name="testPartialReplyIsGuarded[43: BackPressureTestContext[parent=transport=EPOLL, ssl=OPEN_SSL, worker-threads=1, nio-threads=1, low-watermark=2, high-watermark=4]]" classname="io.hekate.messaging.internal.BackPressureStreamTest" time="0.13"/>
  <testcase name="testPartialReplyIsGuarded[44: BackPressureTestContext[parent=transport=EPOLL, ssl=OPEN_SSL, worker-threads=4, nio-threads=1, low-watermark=0, high-watermark=1]]" classname="io.hekate.messaging.internal.BackPressureStreamTest" time="0.128"/>
  <testcase name="testPartialReplyIsGuarded[45: BackPressureTestContext[parent=transport=EPOLL, ssl=OPEN_SSL, worker-threads=4, nio-threads=1, low-watermark=2, high-watermark=4]]" classname="io.hekate.messaging.internal.BackPressureStreamTest" time="0.144"/>
  <testcase name="testPartialReplyIsGuarded[46: BackPressureTestContext[parent=transport=EPOLL, ssl=OPEN_SSL, worker-threads=5, nio-threads=0, low-watermark=0, high-watermark=1]]" classname="io.hekate.messaging.internal.BackPressureStreamTest" time="0.123"/>
  <testcase name="testPartialReplyIsGuarded[47: BackPressureTestContext[parent=transport=EPOLL, ssl=OPEN_SSL, worker-threads=5, nio-threads=0, low-watermark=2, high-watermark=4]]" classname="io.hekate.messaging.internal.BackPressureStreamTest" time="0.121"/>
</testsuite>