<?xml version="1.0" encoding="UTF-8"?>
<testsuite xmlns:xsi="http://www.w3.org/2001/XMLSchema-instance" xsi:schemaLocation="https://maven.apache.org/surefire/maven-surefire-plugin/xsd/surefire-test-report.xsd" name="io.hekate.messaging.internal.MessagingTimeoutTest" time="40.424" tests="168" errors="0" skipped="0" failures="0">
  <properties>
    <property name="java.runtime.name" value="OpenJDK Runtime Environment"/>
    <property name="sun.boot.library.path" value="/usr/lib/jvm/java-8-openjdk-amd64/jre/lib/amd64"/>
    <property name="java.vm.version" value="25.121-b13"/>
    <property name="java.vm.vendor" value="Oracle Corporation"/>
    <property name="maven.multiModuleProjectDirectory" value="/root/workspace/hekate-io/hekate/383632883"/>
    <property name="java.vendor.url" value="http://java.oracle.com/"/>
    <property name="path.separator" value=":"/>
    <property name="guice.disable.misplaced.annotation.check" value="true"/>
    <property name="skip.gulp" value="true"/>
    <property name="java.vm.name" value="OpenJDK 64-Bit Server VM"/>
    <property name="file.encoding.pkg" value="sun.io"/>
    <property name="sun.java.launcher" value="SUN_STANDARD"/>
    <property name="sun.os.patch.level" value="unknown"/>
    <property name="findbugs.skip" value="true"/>
    <property name="java.vm.specification.name" value="Java Virtual Machine Specification"/>
    <property name="user.dir" value="/root/workspace/hekate-io/hekate/383632883"/>
    <property name="checkstyle.skip" value="true"/>
    <property name="java.runtime.version" value="1.8.0_121-8u121-b13-1~bpo8+1-b13"/>
    <property name="java.awt.graphicsenv" value="sun.awt.X11GraphicsEnvironment"/>
    <property name="skip.npm" value="true"/>
    <property name="java.endorsed.dirs" value="/usr/lib/jvm/java-8-openjdk-amd64/jre/lib/endorsed"/>
    <property name="os.arch" value="amd64"/>
    <property name="java.io.tmpdir" value="/tmp"/>
    <property name="gpg.skip" value="true"/>
    <property name="line.separator" value="&#10;"/>
    <property name="java.vm.specification.vendor" value="Oracle Corporation"/>
    <property name="cobertura.skip" value="true"/>
    <property name="os.name" value="Linux"/>
    <property name="classworlds.conf" value="/usr/share/maven/bin/m2.conf"/>
    <property name="sun.jnu.encoding" value="UTF-8"/>
    <property name="java.library.path" value="/usr/java/packages/lib/amd64:/usr/lib/x86_64-linux-gnu/jni:/lib/x86_64-linux-gnu:/usr/lib/x86_64-linux-gnu:/usr/lib/jni:/lib:/usr/lib"/>
    <property name="license.skip" value="true"/>
    <property name="java.specification.name" value="Java Platform API Specification"/>
    <property name="java.class.version" value="52.0"/>
    <property name="org.slf4j.simpleLogger.levelInBrackets" value="true"/>
    <property name="sun.management.compiler" value="HotSpot 64-Bit Tiered Compilers"/>
    <property name="skip.bower" value="true"/>
    <property name="maven.repo.local" value="/root/./workspace/hekate-io/hekate/383632883/.m2"/>
    <property name="os.version" value="3.10.0-862.2.3.el7.x86_64"/>
    <property name="user.home" value="/root"/>
    <property name="user.timezone" value="Europe/Paris"/>
    <property name="java.awt.printerjob" value="sun.print.PSPrinterJob"/>
    <property name="java.specification.version" value="1.8"/>
    <property name="file.encoding" value="UTF-8"/>
    <property name="user.name" value="root"/>
    <property name="java.class.path" value="/usr/share/maven/boot/plexus-classworlds-2.5.2.jar"/>
    <property name="skipITs" value="true"/>
    <property name="java.vm.specification.version" value="1.8"/>
    <property name="sun.arch.data.model" value="64"/>
    <property name="java.home" value="/usr/lib/jvm/java-8-openjdk-amd64/jre"/>
    <property name="sun.java.command" value="org.codehaus.plexus.classworlds.launcher.Launcher -B -D enforcer.skip=true -D dependency-check.skip=true -D skipITs=true -D cobertura.skip=true -D maven.repo.local=/root/./workspace/hekate-io/hekate/383632883/.m2 -D rat.skip=true -D findbugs.skip=true -D skip.bower=true -D gpg.skip=true -D checkstyle.skip=true -D skip.gulp=true -D license.skip=true -D skip.npm=true test"/>
    <property name="java.specification.vendor" value="Oracle Corporation"/>
    <property name="user.language" value="en"/>
    <property name="awt.toolkit" value="sun.awt.X11.XToolkit"/>
    <property name="dependency-check.skip" value="true"/>
    <property name="java.vm.info" value="mixed mode"/>
    <property name="java.version" value="1.8.0_121"/>
    <property name="java.ext.dirs" value="/usr/lib/jvm/java-8-openjdk-amd64/jre/lib/ext:/usr/java/packages/lib/ext"/>
    <property name="securerandom.source" value="file:/dev/./urandom"/>
    <property name="sun.boot.class.path" value="/usr/lib/jvm/java-8-openjdk-amd64/jre/lib/resources.jar:/usr/lib/jvm/java-8-openjdk-amd64/jre/lib/rt.jar:/usr/lib/jvm/java-8-openjdk-amd64/jre/lib/sunrsasign.jar:/usr/lib/jvm/java-8-openjdk-amd64/jre/lib/jsse.jar:/usr/lib/jvm/java-8-openjdk-amd64/jre/lib/jce.jar:/usr/lib/jvm/java-8-openjdk-amd64/jre/lib/charsets.jar:/usr/lib/jvm/java-8-openjdk-amd64/jre/lib/jfr.jar:/usr/lib/jvm/java-8-openjdk-amd64/jre/classes"/>
    <property name="java.vendor" value="Oracle Corporation"/>
    <property name="enforcer.skip" value="true"/>
    <property name="rat.skip" value="true"/>
    <property name="maven.home" value="/usr/share/maven"/>
    <property name="file.separator" value="/"/>
    <property name="java.vendor.url.bug" value="http://bugreport.sun.com/bugreport/"/>
    <property name="sun.cpu.endian" value="little"/>
    <property name="sun.io.unicode.encoding" value="UnicodeLittle"/>
    <property name="org.slf4j.simpleLogger.showThreadName" value="false"/>
    <property name="sun.cpu.isalist" value=""/>
  </properties>
  <testcase name="testStreamNoTimeout[0: transport=NIO, worker-threads=0, nio-threads=1]" classname="io.hekate.messaging.internal.MessagingTimeoutTest" time="0.794"/>
  <testcase name="testSend[0: transport=NIO, worker-threads=0, nio-threads=1]" classname="io.hekate.messaging.internal.MessagingTimeoutTest" time="0.038"/>
  <testcase name="testRequestTimeoutOnReceiver[0: transport=NIO, worker-threads=0, nio-threads=1]" classname="io.hekate.messaging.internal.MessagingTimeoutTest" time="0"/>
  <testcase name="testRequest[0: transport=NIO, worker-threads=0, nio-threads=1]" classname="io.hekate.messaging.internal.MessagingTimeoutTest" time="0.044"/>
  <testcase name="testRequestNoTimeout[0: transport=NIO, worker-threads=0, nio-threads=1]" classname="io.hekate.messaging.internal.MessagingTimeoutTest" time="0.035"/>
  <testcase name="testSendNoTimeout[0: transport=NIO, worker-threads=0, nio-threads=1]" classname="io.hekate.messaging.internal.MessagingTimeoutTest" time="0.036"/>
  <testcase name="testStream[0: transport=NIO, worker-threads=0, nio-threads=1]" classname="io.hekate.messaging.internal.MessagingTimeoutTest" time="0.043"/>
  <testcase name="testStreamNoTimeout[1: transport=NIO, worker-threads=1, nio-threads=1]" classname="io.hekate.messaging.internal.MessagingTimeoutTest" time="0.791"/>
  <testcase name="testSend[1: transport=NIO, worker-threads=1, nio-threads=1]" classname="io.hekate.messaging.internal.MessagingTimeoutTest" time="0.037"/>
  <testcase name="testRequestTimeoutOnReceiver[1: transport=NIO, worker-threads=1, nio-threads=1]" classname="io.hekate.messaging.internal.MessagingTimeoutTest" time="0.72"/>
  <testcase name="testRequest[1: transport=NIO, worker-threads=1, nio-threads=1]" classname="io.hekate.messaging.internal.MessagingTimeoutTest" time="0.039"/>
  <testcase name="testRequestNoTimeout[1: transport=NIO, worker-threads=1, nio-threads=1]" classname="io.hekate.messaging.internal.MessagingTimeoutTest" time="0.031"/>
  <testcase name="testSendNoTimeout[1: transport=NIO, worker-threads=1, nio-threads=1]" classname="io.hekate.messaging.internal.MessagingTimeoutTest" time="0.03"/>
  <testcase name="testStream[1: transport=NIO, worker-threads=1, nio-threads=1]" classname="io.hekate.messaging.internal.MessagingTimeoutTest" time="0.036"/>
  <testcase name="testStreamNoTimeout[2: transport=NIO, worker-threads=4, nio-threads=1]" classname="io.hekate.messaging.internal.MessagingTimeoutTest" time="0.789"/>
  <testcase name="testSend[2: transport=NIO, worker-threads=4, nio-threads=1]" classname="io.hekate.messaging.internal.MessagingTimeoutTest" time="0.04"/>
  <testcase name="testRequestTimeoutOnReceiver[2: transport=NIO, worker-threads=4, nio-threads=1]" classname="io.hekate.messaging.internal.MessagingTimeoutTest" time="0.688"/>
  <testcase name="testRequest[2: transport=NIO, worker-threads=4, nio-threads=1]" classname="io.hekate.messaging.internal.MessagingTimeoutTest" time="0.042"/>
  <testcase name="testRequestNoTimeout[2: transport=NIO, worker-threads=4, nio-threads=1]" classname="io.hekate.messaging.internal.MessagingTimeoutTest" time="0.069"/>
  <testcase name="testSendNoTimeout[2: transport=NIO, worker-threads=4, nio-threads=1]" classname="io.hekate.messaging.internal.MessagingTimeoutTest" time="0.036"/>
  <testcase name="testStream[2: transport=NIO, worker-threads=4, nio-threads=1]" classname="io.hekate.messaging.internal.MessagingTimeoutTest" time="0.038"/>
  <testcase name="testStreamNoTimeout[3: transport=NIO, worker-threads=5, nio-threads=0]" classname="io.hekate.messaging.internal.MessagingTimeoutTest" time="0.805"/>
  <testcase name="testSend[3: transport=NIO, worker-threads=5, nio-threads=0]" classname="io.hekate.messaging.internal.MessagingTimeoutTest" time="0.037"/>
  <testcase name="testRequestTimeoutOnReceiver[3: transport=NIO, worker-threads=5, nio-threads=0]" classname="io.hekate.messaging.internal.MessagingTimeoutTest" time="0.702"/>
  <testcase name="testRequest[3: transport=NIO, worker-threads=5, nio-threads=0]" classname="io.hekate.messaging.internal.MessagingTimeoutTest" time="0.042"/>
  <testcase name="testRequestNoTimeout[3: transport=NIO, worker-threads=5, nio-threads=0]" classname="io.hekate.messaging.internal.MessagingTimeoutTest" time="0.038"/>
  <testcase name="testSendNoTimeout[3: transport=NIO, worker-threads=5, nio-threads=0]" classname="io.hekate.messaging.internal.MessagingTimeoutTest" time="0.05"/>
  <testcase name="testStream[3: transport=NIO, worker-threads=5, nio-threads=0]" classname="io.hekate.messaging.internal.MessagingTimeoutTest" time="0.036"/>
  <testcase name="testStreamNoTimeout[4: transport=NIO, ssl=JDK, worker-threads=0, nio-threads=1]" classname="io.hekate.messaging.internal.MessagingTimeoutTest" time="0.827"/>
  <testcase name="testSend[4: transport=NIO, ssl=JDK, worker-threads=0, nio-threads=1]" classname="io.hekate.messaging.internal.MessagingTimeoutTest" time="0.073"/>
  <testcase name="testRequestTimeoutOnReceiver[4: transport=NIO, ssl=JDK, worker-threads=0, nio-threads=1]" classname="io.hekate.messaging.internal.MessagingTimeoutTest" time="0.001"/>
  <testcase name="testRequest[4: transport=NIO, ssl=JDK, worker-threads=0, nio-threads=1]" classname="io.hekate.messaging.internal.MessagingTimeoutTest" time="0.074"/>
  <testcase name="testRequestNoTimeout[4: transport=NIO, ssl=JDK, worker-threads=0, nio-threads=1]" classname="io.hekate.messaging.internal.MessagingTimeoutTest" time="0.07"/>
  <testcase name="testSendNoTimeout[4: transport=NIO, ssl=JDK, worker-threads=0, nio-threads=1]" classname="io.hekate.messaging.internal.MessagingTimeoutTest" time="0.065"/>
  <testcase name="testStream[4: transport=NIO, ssl=JDK, worker-threads=0, nio-threads=1]" classname="io.hekate.messaging.internal.MessagingTimeoutTest" time="0.065"/>
  <testcase name="testStreamNoTimeout[5: transport=NIO, ssl=JDK, worker-threads=1, nio-threads=1]" classname="io.hekate.messaging.internal.MessagingTimeoutTest" time="0.821"/>
  <testcase name="testSend[5: transport=NIO, ssl=JDK, worker-threads=1, nio-threads=1]" classname="io.hekate.messaging.internal.MessagingTimeoutTest" time="0.074"/>
  <testcase name="testRequestTimeoutOnReceiver[5: transport=NIO, ssl=JDK, worker-threads=1, nio-threads=1]" classname="io.hekate.messaging.internal.MessagingTimeoutTest" time="0.806"/>
  <testcase name="testRequest[5: transport=NIO, ssl=JDK, worker-threads=1, nio-threads=1]" classname="io.hekate.messaging.internal.MessagingTimeoutTest" time="0.075"/>
  <testcase name="testRequestNoTimeout[5: transport=NIO, ssl=JDK, worker-threads=1, nio-threads=1]" classname="io.hekate.messaging.internal.MessagingTimeoutTest" time="0.065"/>
  <testcase name="testSendNoTimeout[5: transport=NIO, ssl=JDK, worker-threads=1, nio-threads=1]" classname="io.hekate.messaging.internal.MessagingTimeoutTest" time="0.058"/>
  <testcase name="testStream[5: transport=NIO, ssl=JDK, worker-threads=1, nio-threads=1]" classname="io.hekate.messaging.internal.MessagingTimeoutTest" time="0.062"/>
  <testcase name="testStreamNoTimeout[6: transport=NIO, ssl=JDK, worker-threads=4, nio-threads=1]" classname="io.hekate.messaging.internal.MessagingTimeoutTest" time="0.817"/>
  <testcase name="testSend[6: transport=NIO, ssl=JDK, worker-threads=4, nio-threads=1]" classname="io.hekate.messaging.internal.MessagingTimeoutTest" time="0.074"/>
  <testcase name="testRequestTimeoutOnReceiver[6: transport=NIO, ssl=JDK, worker-threads=4, nio-threads=1]" classname="io.hekate.messaging.internal.MessagingTimeoutTest" time="0.799"/>
  <testcase name="testRequest[6: transport=NIO, ssl=JDK, worker-threads=4, nio-threads=1]" classname="io.hekate.messaging.internal.MessagingTimeoutTest" time="0.077"/>
  <testcase name="testRequestNoTimeout[6: transport=NIO, ssl=JDK, worker-threads=4, nio-threads=1]" classname="io.hekate.messaging.internal.MessagingTimeoutTest" time="0.096"/>
  <testcase name="testSendNoTimeout[6: transport=NIO, ssl=JDK, worker-threads=4, nio-threads=1]" classname="io.hekate.messaging.internal.MessagingTimeoutTest" time="0.077"/>
  <testcase name="testStream[6: transport=NIO, ssl=JDK, worker-threads=4, nio-threads=1]" classname="io.hekate.messaging.internal.MessagingTimeoutTest" time="0.073"/>
  <testcase name="testStreamNoTimeout[7: transport=NIO, ssl=JDK, worker-threads=5, nio-threads=0]" classname="io.hekate.messaging.internal.MessagingTimeoutTest" time="0.827"/>
  <testcase name="testSend[7: transport=NIO, ssl=JDK, worker-threads=5, nio-threads=0]" classname="io.hekate.messaging.internal.MessagingTimeoutTest" time="0.071"/>
  <testcase name="testRequestTimeoutOnReceiver[7: transport=NIO, ssl=JDK, worker-threads=5, nio-threads=0]" classname="io.hekate.messaging.internal.MessagingTimeoutTest" time="0.799"/>
  <testcase name="testRequest[7: transport=NIO, ssl=JDK, worker-threads=5, nio-threads=0]" classname="io.hekate.messaging.internal.MessagingTimeoutTest" time="0.078"/>
  <testcase name="testRequestNoTimeout[7: transport=NIO, ssl=JDK, worker-threads=5, nio-threads=0]" classname="io.hekate.messaging.internal.MessagingTimeoutTest" time="0.081"/>
  <testcase name="testSendNoTimeout[7: transport=NIO, ssl=JDK, worker-threads=5, nio-threads=0]" classname="io.hekate.messaging.internal.MessagingTimeoutTest" time="0.074"/>
  <testcase name="testStream[7: transport=NIO, ssl=JDK, worker-threads=5, nio-threads=0]" classname="io.hekate.messaging.internal.MessagingTimeoutTest" time="0.067"/>
  <testcase name="testStreamNoTimeout[8: transport=NIO, ssl=OPEN_SSL, worker-threads=0, nio-threads=1]" classname="io.hekate.messaging.internal.MessagingTimeoutTest" time="0.801"/>
  <testcase name="testSend[8: transport=NIO, ssl=OPEN_SSL, worker-threads=0, nio-threads=1]" classname="io.hekate.messaging.internal.MessagingTimeoutTest" time="0.087"/>
  <testcase name="testRequestTimeoutOnReceiver[8: transport=NIO, ssl=OPEN_SSL, worker-threads=0, nio-threads=1]" classname="io.hekate.messaging.internal.MessagingTimeoutTest" time="0.001"/>
  <testcase name="testRequest[8: transport=NIO, ssl=OPEN_SSL, worker-threads=0, nio-threads=1]" classname="io.hekate.messaging.internal.MessagingTimeoutTest" time="0.05"/>
  <testcase name="testRequestNoTimeout[8: transport=NIO, ssl=OPEN_SSL, worker-threads=0, nio-threads=1]" classname="io.hekate.messaging.internal.MessagingTimeoutTest" time="0.047"/>
  <testcase name="testSendNoTimeout[8: transport=NIO, ssl=OPEN_SSL, worker-threads=0, nio-threads=1]" classname="io.hekate.messaging.internal.MessagingTimeoutTest" time="0.048"/>
  <testcase name="testStream[8: transport=NIO, ssl=OPEN_SSL, worker-threads=0, nio-threads=1]" classname="io.hekate.messaging.internal.MessagingTimeoutTest" time="0.046"/>
  <testcase name="testStreamNoTimeout[9: transport=NIO, ssl=OPEN_SSL, worker-threads=1, nio-threads=1]" classname="io.hekate.messaging.internal.MessagingTimeoutTest" time="0.805"/>
  <testcase name="testSend[9: transport=NIO, ssl=OPEN_SSL, worker-threads=1, nio-threads=1]" classname="io.hekate.messaging.internal.MessagingTimeoutTest" time="0.052"/>
  <testcase name="testRequestTimeoutOnReceiver[9: transport=NIO, ssl=OPEN_SSL, worker-threads=1, nio-threads=1]" classname="io.hekate.messaging.internal.MessagingTimeoutTest" time="0.725"/>
  <testcase name="testRequest[9: transport=NIO, ssl=OPEN_SSL, worker-threads=1, nio-threads=1]" classname="io.hekate.messaging.internal.MessagingTimeoutTest" time="0.05"/>
  <testcase name="testRequestNoTimeout[9: transport=NIO, ssl=OPEN_SSL, worker-threads=1, nio-threads=1]" classname="io.hekate.messaging.internal.MessagingTimeoutTest" time="0.05"/>
  <testcase name="testSendNoTimeout[9: transport=NIO, ssl=OPEN_SSL, worker-threads=1, nio-threads=1]" classname="io.hekate.messaging.internal.MessagingTimeoutTest" time="0.049"/>
  <testcase name="testStream[9: transport=NIO, ssl=OPEN_SSL, worker-threads=1, nio-threads=1]" classname="io.hekate.messaging.internal.MessagingTimeoutTest" time="0.048"/>
  <testcase name="testStreamNoTimeout[10: transport=NIO, ssl=OPEN_SSL, worker-threads=4, nio-threads=1]" classname="io.hekate.messaging.internal.MessagingTimeoutTest" time="0.829"/>
  <testcase name="testSend[10: transport=NIO, ssl=OPEN_SSL, worker-threads=4, nio-threads=1]" classname="io.hekate.messaging.internal.MessagingTimeoutTest" time="0.054"/>
  <testcase name="testRequestTimeoutOnReceiver[10: transport=NIO, ssl=OPEN_SSL, worker-threads=4, nio-threads=1]" classname="io.hekate.messaging.internal.MessagingTimeoutTest" time="0.729"/>
  <testcase name="testRequest[10: transport=NIO, ssl=OPEN_SSL, worker-threads=4, nio-threads=1]" classname="io.hekate.messaging.internal.MessagingTimeoutTest" time="0.053"/>
  <testcase name="testRequestNoTimeout[10: transport=NIO, ssl=OPEN_SSL, worker-threads=4, nio-threads=1]" classname="io.hekate.messaging.internal.MessagingTimeoutTest" time="0.054"/>
  <testcase name="testSendNoTimeout[10: transport=NIO, ssl=OPEN_SSL, worker-threads=4, nio-threads=1]" classname="io.hekate.messaging.internal.MessagingTimeoutTest" time="0.053"/>
  <testcase name="testStream[10: transport=NIO, ssl=OPEN_SSL, worker-threads=4, nio-threads=1]" classname="io.hekate.messaging.internal.MessagingTimeoutTest" time="0.048"/>
  <testcase name="testStreamNoTimeout[11: transport=NIO, ssl=OPEN_SSL, worker-threads=5, nio-threads=0]" classname="io.hekate.messaging.internal.MessagingTimeoutTest" time="0.804"/>
  <testcase name="testSend[11: transport=NIO, ssl=OPEN_SSL, worker-threads=5, nio-threads=0]" classname="io.hekate.messaging.internal.MessagingTimeoutTest" time="0.071"/>
  <testcase name="testRequestTimeoutOnReceiver[11: transport=NIO, ssl=OPEN_SSL, worker-threads=5, nio-threads=0]" classname="io.hekate.messaging.internal.MessagingTimeoutTest" time="0.726"/>
  <testcase name="testRequest[11: transport=NIO, ssl=OPEN_SSL, worker-threads=5, nio-threads=0]" classname="io.hekate.messaging.internal.MessagingTimeoutTest" time="0.052"/>
  <testcase name="testRequestNoTimeout[11: transport=NIO, ssl=OPEN_SSL, worker-threads=5, nio-threads=0]" classname="io.hekate.messaging.internal.MessagingTimeoutTest" time="0.053"/>
  <testcase name="testSendNoTimeout[11: transport=NIO, ssl=OPEN_SSL, worker-threads=5, nio-threads=0]" classname="io.hekate.messaging.internal.MessagingTimeoutTest" time="0.046"/>
  <testcase name="testStream[11: transport=NIO, ssl=OPEN_SSL, worker-threads=5, nio-threads=0]" classname="io.hekate.messaging.internal.MessagingTimeoutTest" time="0.04"/>
  <testcase name="testStreamNoTimeout[12: transport=EPOLL, worker-threads=0, nio-threads=1]" classname="io.hekate.messaging.internal.MessagingTimeoutTest" time="0.788"/>
  <testcase name="testSend[12: transport=EPOLL, worker-threads=0, nio-threads=1]" classname="io.hekate.messaging.internal.MessagingTimeoutTest" time="0.033"/>
  <testcase name="testRequestTimeoutOnReceiver[12: transport=EPOLL, worker-threads=0, nio-threads=1]" classname="io.hekate.messaging.internal.MessagingTimeoutTest" time="0"/>
  <testcase name="testRequest[12: transport=EPOLL, worker-threads=0, nio-threads=1]" classname="io.hekate.messaging.internal.MessagingTimeoutTest" time="0.036"/>
  <testcase name="testRequestNoTimeout[12: transport=EPOLL, worker-threads=0, nio-threads=1]" classname="io.hekate.messaging.internal.MessagingTimeoutTest" time="0.027"/>
  <testcase name="testSendNoTimeout[12: transport=EPOLL, worker-threads=0, nio-threads=1]" classname="io.hekate.messaging.internal.MessagingTimeoutTest" time="0.046"/>
  <testcase name="testStream[12: transport=EPOLL, worker-threads=0, nio-threads=1]" classname="io.hekate.messaging.internal.MessagingTimeoutTest" time="0.031"/>
  <testcase name="testStreamNoTimeout[13: transport=EPOLL, worker-threads=1, nio-threads=1]" classname="io.hekate.messaging.internal.MessagingTimeoutTest" time="0.788"/>
  <testcase name="testSend[13: transport=EPOLL, worker-threads=1, nio-threads=1]" classname="io.hekate.messaging.internal.MessagingTimeoutTest" time="0.033"/>
  <testcase name="testRequestTimeoutOnReceiver[13: transport=EPOLL, worker-threads=1, nio-threads=1]" classname="io.hekate.messaging.internal.MessagingTimeoutTest" time="0.679"/>
  <testcase name="testRequest[13: transport=EPOLL, worker-threads=1, nio-threads=1]" classname="io.hekate.messaging.internal.MessagingTimeoutTest" time="0.038"/>
  <testcase name="testRequestNoTimeout[13: transport=EPOLL, worker-threads=1, nio-threads=1]" classname="io.hekate.messaging.internal.MessagingTimeoutTest" time="0.034"/>
  <testcase name="testSendNoTimeout[13: transport=EPOLL, worker-threads=1, nio-threads=1]" classname="io.hekate.messaging.internal.MessagingTimeoutTest" time="0.032"/>
  <testcase name="testStream[13: transport=EPOLL, worker-threads=1, nio-threads=1]" classname="io.hekate.messaging.internal.MessagingTimeoutTest" time="0.033"/>
  <testcase name="testStreamNoTimeout[14: transport=EPOLL, worker-threads=4, nio-threads=1]" classname="io.hekate.messaging.internal.MessagingTimeoutTest" time="0.787"/>
  <testcase name="testSend[14: transport=EPOLL, worker-threads=4, nio-threads=1]" classname="io.hekate.messaging.internal.MessagingTimeoutTest" time="0.037"/>
  <testcase name="testRequestTimeoutOnReceiver[14: transport=EPOLL, worker-threads=4, nio-threads=1]" classname="io.hekate.messaging.internal.MessagingTimeoutTest" time="0.697"/>
  <testcase name="testRequest[14: transport=EPOLL, worker-threads=4, nio-threads=1]" classname="io.hekate.messaging.internal.MessagingTimeoutTest" time="0.042"/>
  <testcase name="testRequestNoTimeout[14: transport=EPOLL, worker-threads=4, nio-threads=1]" classname="io.hekate.messaging.internal.MessagingTimeoutTest" time="0.039"/>
  <testcase name="testSendNoTimeout[14: transport=EPOLL, worker-threads=4, nio-threads=1]" classname="io.hekate.messaging.internal.MessagingTimeoutTest" time="0.037"/>
  <testcase name="testStream[14: transport=EPOLL, worker-threads=4, nio-threads=1]" classname="io.hekate.messaging.internal.MessagingTimeoutTest" time="0.037"/>
  <testcase name="testStreamNoTimeout[15: transport=EPOLL, worker-threads=5, nio-threads=0]" classname="io.hekate.messaging.internal.MessagingTimeoutTest" time="0.791"/>
  <testcase name="testSend[15: transport=EPOLL, worker-threads=5, nio-threads=0]" classname="io.hekate.messaging.internal.MessagingTimeoutTest" time="0.036"/>
  <testcase name="testRequestTimeoutOnReceiver[15: transport=EPOLL, worker-threads=5, nio-threads=0]" classname="io.hekate.messaging.internal.MessagingTimeoutTest" time="0.678"/>
  <testcase name="testRequest[15: transport=EPOLL, worker-threads=5, nio-threads=0]" classname="io.hekate.messaging.internal.MessagingTimeoutTest" time="0.041"/>
  <testcase name="testRequestNoTimeout[15: transport=EPOLL, worker-threads=5, nio-threads=0]" classname="io.hekate.messaging.internal.MessagingTimeoutTest" time="0.053"/>
  <testcase name="testSendNoTimeout[15: transport=EPOLL, worker-threads=5, nio-threads=0]" classname="io.hekate.messaging.internal.MessagingTimeoutTest" time="0.036"/>
  <testcase name="testStream[15: transport=EPOLL, worker-threads=5, nio-threads=0]" classname="io.hekate.messaging.internal.MessagingTimeoutTest" time="0.035"/>
  <testcase name="testStreamNoTimeout[16: transport=EPOLL, ssl=JDK, worker-threads=0, nio-threads=1]" classname="io.hekate.messaging.internal.MessagingTimeoutTest" time="0.823"/>
  <testcase name="testSend[16: transport=EPOLL, ssl=JDK, worker-threads=0, nio-threads=1]" classname="io.hekate.messaging.internal.MessagingTimeoutTest" time="0.068"/>
  <testcase name="testRequestTimeoutOnReceiver[16: transport=EPOLL, ssl=JDK, worker-threads=0, nio-threads=1]" classname="io.hekate.messaging.internal.MessagingTimeoutTest" time="0.001"/>
  <testcase name="testRequest[16: transport=EPOLL, ssl=JDK, worker-threads=0, nio-threads=1]" classname="io.hekate.messaging.internal.MessagingTimeoutTest" time="0.072"/>
  <testcase name="testRequestNoTimeout[16: transport=EPOLL, ssl=JDK, worker-threads=0, nio-threads=1]" classname="io.hekate.messaging.internal.MessagingTimeoutTest" time="0.069"/>
  <testcase name="testSendNoTimeout[16: transport=EPOLL, ssl=JDK, worker-threads=0, nio-threads=1]" classname="io.hekate.messaging.internal.MessagingTimeoutTest" time="0.066"/>
  <testcase name="testStream[16: transport=EPOLL, ssl=JDK, worker-threads=0, nio-threads=1]" classname="io.hekate.messaging.internal.MessagingTimeoutTest" time="0.071"/>
  <testcase name="testStreamNoTimeout[17: transport=EPOLL, ssl=JDK, worker-threads=1, nio-threads=1]" classname="io.hekate.messaging.internal.MessagingTimeoutTest" time="0.822"/>
  <testcase name="testSend[17: transport=EPOLL, ssl=JDK, worker-threads=1, nio-threads=1]" classname="io.hekate.messaging.internal.MessagingTimeoutTest" time="0.089"/>
  <testcase name="testRequestTimeoutOnReceiver[17: transport=EPOLL, ssl=JDK, worker-threads=1, nio-threads=1]" classname="io.hekate.messaging.internal.MessagingTimeoutTest" time="0.789"/>
  <testcase name="testRequest[17: transport=EPOLL, ssl=JDK, worker-threads=1, nio-threads=1]" classname="io.hekate.messaging.internal.MessagingTimeoutTest" time="0.074"/>
  <testcase name="testRequestNoTimeout[17: transport=EPOLL, ssl=JDK, worker-threads=1, nio-threads=1]" classname="io.hekate.messaging.internal.MessagingTimeoutTest" time="0.073"/>
  <testcase name="testSendNoTimeout[17: transport=EPOLL, ssl=JDK, worker-threads=1, nio-threads=1]" classname="io.hekate.messaging.internal.MessagingTimeoutTest" time="0.071"/>
  <testcase name="testStream[17: transport=EPOLL, ssl=JDK, worker-threads=1, nio-threads=1]" classname="io.hekate.messaging.internal.MessagingTimeoutTest" time="0.073"/>
  <testcase name="testStreamNoTimeout[18: transport=EPOLL, ssl=JDK, worker-threads=4, nio-threads=1]" classname="io.hekate.messaging.internal.MessagingTimeoutTest" time="0.826"/>
  <testcase name="testSend[18: transport=EPOLL, ssl=JDK, worker-threads=4, nio-threads=1]" classname="io.hekate.messaging.internal.MessagingTimeoutTest" time="0.072"/>
  <testcase name="testRequestTimeoutOnReceiver[18: transport=EPOLL, ssl=JDK, worker-threads=4, nio-threads=1]" classname="io.hekate.messaging.internal.MessagingTimeoutTest" time="0.803"/>
  <testcase name="testRequest[18: transport=EPOLL, ssl=JDK, worker-threads=4, nio-threads=1]" classname="io.hekate.messaging.internal.MessagingTimeoutTest" time="0.084"/>
  <testcase name="testRequestNoTimeout[18: transport=EPOLL, ssl=JDK, worker-threads=4, nio-threads=1]" classname="io.hekate.messaging.internal.MessagingTimeoutTest" time="0.079"/>
  <testcase name="testSendNoTimeout[18: transport=EPOLL, ssl=JDK, worker-threads=4, nio-threads=1]" classname="io.hekate.messaging.internal.MessagingTimeoutTest" time="0.072"/>
  <testcase name="testStream[18: transport=EPOLL, ssl=JDK, worker-threads=4, nio-threads=1]" classname="io.hekate.messaging.internal.MessagingTimeoutTest" time="0.068"/>
  <testcase name="testStreamNoTimeout[19: transport=EPOLL, ssl=JDK, worker-threads=5, nio-threads=0]" classname="io.hekate.messaging.internal.MessagingTimeoutTest" time="0.826"/>
  <testcase name="testSend[19: transport=EPOLL, ssl=JDK, worker-threads=5, nio-threads=0]" classname="io.hekate.messaging.internal.MessagingTimeoutTest" time="0.074"/>
  <testcase name="testRequestTimeoutOnReceiver[19: transport=EPOLL, ssl=JDK, worker-threads=5, nio-threads=0]" classname="io.hekate.messaging.internal.MessagingTimeoutTest" time="0.786"/>
  <testcase name="testRequest[19: transport=EPOLL, ssl=JDK, worker-threads=5, nio-threads=0]" classname="io.hekate.messaging.internal.MessagingTimeoutTest" time="0.111"/>
  <testcase name="testRequestNoTimeout[19: transport=EPOLL, ssl=JDK, worker-threads=5, nio-threads=0]" classname="io.hekate.messaging.internal.MessagingTimeoutTest" time="0.129"/>
  <testcase name="testSendNoTimeout[19: transport=EPOLL, ssl=JDK, worker-threads=5, nio-threads=0]" classname="io.hekate.messaging.internal.MessagingTimeoutTest" time="0.078"/>
  <testcase name="testStream[19: transport=EPOLL, ssl=JDK, worker-threads=5, nio-threads=0]" classname="io.hekate.messaging.internal.MessagingTimeoutTest" time="0.063"/>
  <testcase name="testStreamNoTimeout[20: transport=EPOLL, ssl=OPEN_SSL, worker-threads=0, nio-threads=1]" classname="io.hekate.messaging.internal.MessagingTimeoutTest" time="0.804"/>
  <testcase name="testSend[20: transport=EPOLL, ssl=OPEN_SSL, worker-threads=0, nio-threads=1]" classname="io.hekate.messaging.internal.MessagingTimeoutTest" time="0.047"/>
  <testcase name="testRequestTimeoutOnReceiver[20: transport=EPOLL, ssl=OPEN_SSL, worker-threads=0, nio-threads=1]" classname="io.hekate.messaging.internal.MessagingTimeoutTest" time="0"/>
  <testcase name="testRequest[20: transport=EPOLL, ssl=OPEN_SSL, worker-threads=0, nio-threads=1]" classname="io.hekate.messaging.internal.MessagingTimeoutTest" time="0.046"/>
  <testcase name="testRequestNoTimeout[20: transport=EPOLL, ssl=OPEN_SSL, worker-threads=0, nio-threads=1]" classname="io.hekate.messaging.internal.MessagingTimeoutTest" time="0.047"/>
  <testcase name="testSendNoTimeout[20: transport=EPOLL, ssl=OPEN_SSL, worker-threads=0, nio-threads=1]" classname="io.hekate.messaging.internal.MessagingTimeoutTest" time="0.046"/>
  <testcase name="testStream[20: transport=EPOLL, ssl=OPEN_SSL, worker-threads=0, nio-threads=1]" classname="io.hekate.messaging.internal.MessagingTimeoutTest" time="0.047"/>
  <testcase name="testStreamNoTimeout[21: transport=EPOLL, ssl=OPEN_SSL, worker-threads=1, nio-threads=1]" classname="io.hekate.messaging.internal.MessagingTimeoutTest" time="0.803"/>
  <testcase name="testSend[21: transport=EPOLL, ssl=OPEN_SSL, worker-threads=1, nio-threads=1]" classname="io.hekate.messaging.internal.MessagingTimeoutTest" time="0.079"/>
  <testcase name="testRequestTimeoutOnReceiver[21: transport=EPOLL, ssl=OPEN_SSL, worker-threads=1, nio-threads=1]" classname="io.hekate.messaging.internal.MessagingTimeoutTest" time="0.748"/>
  <testcase name="testRequest[21: transport=EPOLL, ssl=OPEN_SSL, worker-threads=1, nio-threads=1]" classname="io.hekate.messaging.internal.MessagingTimeoutTest" time="0.053"/>
  <testcase name="testRequestNoTimeout[21: transport=EPOLL, ssl=OPEN_SSL, worker-threads=1, nio-threads=1]" classname="io.hekate.messaging.internal.MessagingTimeoutTest" time="0.052"/>
  <testcase name="testSendNoTimeout[21: transport=EPOLL, ssl=OPEN_SSL, worker-threads=1, nio-threads=1]" classname="io.hekate.messaging.internal.MessagingTimeoutTest" time="0.064"/>
  <testcase name="testStream[21: transport=EPOLL, ssl=OPEN_SSL, worker-threads=1, nio-threads=1]" classname="io.hekate.messaging.internal.MessagingTimeoutTest" time="0.046"/>
  <testcase name="testStreamNoTimeout[22: transport=EPOLL, ssl=OPEN_SSL, worker-threads=4, nio-threads=1]" classname="io.hekate.messaging.internal.MessagingTimeoutTest" time="0.802"/>
  <testcase name="testSend[22: transport=EPOLL, ssl=OPEN_SSL, worker-threads=4, nio-threads=1]" classname="io.hekate.messaging.internal.MessagingTimeoutTest" time="1.081"/>
  <testcase name="testRequestTimeoutOnReceiver[22: transport=EPOLL, ssl=OPEN_SSL, worker-threads=4, nio-threads=1]" classname="io.hekate.messaging.internal.MessagingTimeoutTest" time="0.738"/>
  <testcase name="testRequest[22: transport=EPOLL, ssl=OPEN_SSL, worker-threads=4, nio-threads=1]" classname="io.hekate.messaging.internal.MessagingTimeoutTest" time="0.053"/>
  <testcase name="testRequestNoTimeout[22: transport=EPOLL, ssl=OPEN_SSL, worker-threads=4, nio-threads=1]" classname="io.hekate.messaging.internal.MessagingTimeoutTest" time="0.073"/>
  <testcase name="testSendNoTimeout[22: transport=EPOLL, ssl=OPEN_SSL, worker-threads=4, nio-threads=1]" classname="io.hekate.messaging.internal.MessagingTimeoutTest" time="0.053"/>
  <testcase name="testStream[22: transport=EPOLL, ssl=OPEN_SSL, worker-threads=4, nio-threads=1]" classname="io.hekate.messaging.internal.MessagingTimeoutTest" time="0.047"/>
  <testcase name="testStreamNoTimeout[23: transport=EPOLL, ssl=OPEN_SSL, worker-threads=5, nio-threads=0]" classname="io.hekate.messaging.internal.MessagingTimeoutTest" time="0.801"/>
  <testcase name="testSend[23: transport=EPOLL, ssl=OPEN_SSL, worker-threads=5, nio-threads=0]" classname="io.hekate.messaging.internal.MessagingTimeoutTest" time="0.053"/>
  <testcase name="testRequestTimeoutOnReceiver[23: transport=EPOLL, ssl=OPEN_SSL, worker-threads=5, nio-threads=0]" classname="io.hekate.messaging.internal.MessagingTimeoutTest" time="0.732"/>
  <testcase name="testRequest[23: transport=EPOLL, ssl=OPEN_SSL, worker-threads=5, nio-threads=0]" classname="io.hekate.messaging.internal.MessagingTimeoutTest" time="0.052"/>
  <testcase name="testRequestNoTimeout[23: transport=EPOLL, ssl=OPEN_SSL, worker-threads=5, nio-threads=0]" classname="io.hekate.messaging.internal.MessagingTimeoutTest" time="0.051"/>
  <testcase name="testSendNoTimeout[23: transport=EPOLL, ssl=OPEN_SSL, worker-threads=5, nio-threads=0]" classname="io.hekate.messaging.internal.MessagingTimeoutTest" time="0.055"/>
  <testcase name="testStream[23: transport=EPOLL, ssl=OPEN_SSL, worker-threads=5, nio-threads=0]" classname="io.hekate.messaging.internal.MessagingTimeoutTest" time="0.049"/>
</testsuite>