<?xml version="1.0" encoding="UTF-8"?>
<testsuite xmlns:xsi="http://www.w3.org/2001/XMLSchema-instance" xsi:schemaLocation="https://maven.apache.org/surefire/maven-surefire-plugin/xsd/surefire-test-report.xsd" name="io.hekate.election.internal.ElectionServiceTest" time="11.939" tests="42" errors="0" skipped="0" failures="0">
  <properties>
    <property name="java.runtime.name" value="OpenJDK Runtime Environment"/>
    <property name="sun.boot.library.path" value="/usr/lib/jvm/java-8-openjdk-amd64/jre/lib/amd64"/>
    <property name="java.vm.version" value="25.121-b13"/>
    <property name="java.vm.vendor" value="Oracle Corporation"/>
    <property name="maven.multiModuleProjectDirectory" value="/root/workspace/hekate-io/hekate/383632883"/>
    <property name="java.vendor.url" value="http://java.oracle.com/"/>
    <property name="path.separator" value=":"/>
    <property name="guice.disable.misplaced.annotation.check" value="true"/>
    <property name="skip.gulp" value="true"/>
    <property name="java.vm.name" value="OpenJDK 64-Bit Server VM"/>
    <property name="file.encoding.pkg" value="sun.io"/>
    <property name="sun.java.launcher" value="SUN_STANDARD"/>
    <property name="sun.os.patch.level" value="unknown"/>
    <property name="findbugs.skip" value="true"/>
    <property name="java.vm.specification.name" value="Java Virtual Machine Specification"/>
    <property name="user.dir" value="/root/workspace/hekate-io/hekate/383632883"/>
    <property name="checkstyle.skip" value="true"/>
    <property name="java.runtime.version" value="1.8.0_121-8u121-b13-1~bpo8+1-b13"/>
    <property name="java.awt.graphicsenv" value="sun.awt.X11GraphicsEnvironment"/>
    <property name="skip.npm" value="true"/>
    <property name="java.endorsed.dirs" value="/usr/lib/jvm/java-8-openjdk-amd64/jre/lib/endorsed"/>
    <property name="os.arch" value="amd64"/>
    <property name="java.io.tmpdir" value="/tmp"/>
    <property name="gpg.skip" value="true"/>
    <property name="line.separator" value="&#10;"/>
    <property name="java.vm.specification.vendor" value="Oracle Corporation"/>
    <property name="cobertura.skip" value="true"/>
    <property name="os.name" value="Linux"/>
    <property name="classworlds.conf" value="/usr/share/maven/bin/m2.conf"/>
    <property name="sun.jnu.encoding" value="UTF-8"/>
    <property name="java.library.path" value="/usr/java/packages/lib/amd64:/usr/lib/x86_64-linux-gnu/jni:/lib/x86_64-linux-gnu:/usr/lib/x86_64-linux-gnu:/usr/lib/jni:/lib:/usr/lib"/>
    <property name="license.skip" value="true"/>
    <property name="java.specification.name" value="Java Platform API Specification"/>
    <property name="java.class.version" value="52.0"/>
    <property name="org.slf4j.simpleLogger.levelInBrackets" value="true"/>
    <property name="sun.management.compiler" value="HotSpot 64-Bit Tiered Compilers"/>
    <property name="skip.bower" value="true"/>
    <property name="maven.repo.local" value="/root/./workspace/hekate-io/hekate/383632883/.m2"/>
    <property name="os.version" value="3.10.0-862.2.3.el7.x86_64"/>
    <property name="user.home" value="/root"/>
    <property name="user.timezone" value="Europe/Paris"/>
    <property name="java.awt.printerjob" value="sun.print.PSPrinterJob"/>
    <property name="java.specification.version" value="1.8"/>
    <property name="file.encoding" value="UTF-8"/>
    <property name="user.name" value="root"/>
    <property name="java.class.path" value="/usr/share/maven/boot/plexus-classworlds-2.5.2.jar"/>
    <property name="skipITs" value="true"/>
    <property name="java.vm.specification.version" value="1.8"/>
    <property name="sun.arch.data.model" value="64"/>
    <property name="java.home" value="/usr/lib/jvm/java-8-openjdk-amd64/jre"/>
    <property name="sun.java.command" value="org.codehaus.plexus.classworlds.launcher.Launcher -B -D enforcer.skip=true -D dependency-check.skip=true -D skipITs=true -D cobertura.skip=true -D maven.repo.local=/root/./workspace/hekate-io/hekate/383632883/.m2 -D rat.skip=true -D findbugs.skip=true -D skip.bower=true -D gpg.skip=true -D checkstyle.skip=true -D skip.gulp=true -D license.skip=true -D skip.npm=true test"/>
    <property name="java.specification.vendor" value="Oracle Corporation"/>
    <property name="user.language" value="en"/>
    <property name="awt.toolkit" value="sun.awt.X11.XToolkit"/>
    <property name="dependency-check.skip" value="true"/>
    <property name="java.vm.info" value="mixed mode"/>
    <property name="java.version" value="1.8.0_121"/>
    <property name="java.ext.dirs" value="/usr/lib/jvm/java-8-openjdk-amd64/jre/lib/ext:/usr/java/packages/lib/ext"/>
    <property name="securerandom.source" value="file:/dev/./urandom"/>
    <property name="sun.boot.class.path" value="/usr/lib/jvm/java-8-openjdk-amd64/jre/lib/resources.jar:/usr/lib/jvm/java-8-openjdk-amd64/jre/lib/rt.jar:/usr/lib/jvm/java-8-openjdk-amd64/jre/lib/sunrsasign.jar:/usr/lib/jvm/java-8-openjdk-amd64/jre/lib/jsse.jar:/usr/lib/jvm/java-8-openjdk-amd64/jre/lib/jce.jar:/usr/lib/jvm/java-8-openjdk-amd64/jre/lib/charsets.jar:/usr/lib/jvm/java-8-openjdk-amd64/jre/lib/jfr.jar:/usr/lib/jvm/java-8-openjdk-amd64/jre/classes"/>
    <property name="java.vendor" value="Oracle Corporation"/>
    <property name="enforcer.skip" value="true"/>
    <property name="rat.skip" value="true"/>
    <property name="maven.home" value="/usr/share/maven"/>
    <property name="file.separator" value="/"/>
    <property name="java.vendor.url.bug" value="http://bugreport.sun.com/bugreport/"/>
    <property name="sun.cpu.endian" value="little"/>
    <property name="sun.io.unicode.encoding" value="UnicodeLittle"/>
    <property name="org.slf4j.simpleLogger.showThreadName" value="false"/>
    <property name="sun.cpu.isalist" value=""/>
  </properties>
  <testcase name="testYieldLeadershipSameNodes[0: transport=NIO]" classname="io.hekate.election.internal.ElectionServiceTest" time="0.241"/>
  <testcase name="testYieldLeadershipNewNodes[0: transport=NIO]" classname="io.hekate.election.internal.ElectionServiceTest" time="0.273"/>
  <testcase name="testYieldLeadershipSingleNode[0: transport=NIO]" classname="io.hekate.election.internal.ElectionServiceTest" time="0.089"/>
  <testcase name="testConcurrentElectionWithLeave[0: transport=NIO]" classname="io.hekate.election.internal.ElectionServiceTest" time="0.129"/>
  <testcase name="testClusterChange[0: transport=NIO]" classname="io.hekate.election.internal.ElectionServiceTest" time="0.634"/>
  <testcase name="testConcurrentElectionWithTerminate[0: transport=NIO]" classname="io.hekate.election.internal.ElectionServiceTest" time="0.103"/>
  <testcase name="testLeaderLeave[0: transport=NIO]" classname="io.hekate.election.internal.ElectionServiceTest" time="0.095"/>
  <testcase name="testYieldLeadershipSameNodes[1: transport=NIO, ssl=JDK]" classname="io.hekate.election.internal.ElectionServiceTest" time="0.177"/>
  <testcase name="testYieldLeadershipNewNodes[1: transport=NIO, ssl=JDK]" classname="io.hekate.election.internal.ElectionServiceTest" time="0.424"/>
  <testcase name="testYieldLeadershipSingleNode[1: transport=NIO, ssl=JDK]" classname="io.hekate.election.internal.ElectionServiceTest" time="0.089"/>
  <testcase name="testConcurrentElectionWithLeave[1: transport=NIO, ssl=JDK]" classname="io.hekate.election.internal.ElectionServiceTest" time="0.244"/>
  <testcase name="testClusterChange[1: transport=NIO, ssl=JDK]" classname="io.hekate.election.internal.ElectionServiceTest" time="1.161"/>
  <testcase name="testConcurrentElectionWithTerminate[1: transport=NIO, ssl=JDK]" classname="io.hekate.election.internal.ElectionServiceTest" time="0.251"/>
  <testcase name="testLeaderLeave[1: transport=NIO, ssl=JDK]" classname="io.hekate.election.internal.ElectionServiceTest" time="0.287"/>
  <testcase name="testYieldLeadershipSameNodes[2: transport=NIO, ssl=OPEN_SSL]" classname="io.hekate.election.internal.ElectionServiceTest" time="0.195"/>
  <testcase name="testYieldLeadershipNewNodes[2: transport=NIO, ssl=OPEN_SSL]" classname="io.hekate.election.internal.ElectionServiceTest" time="0.36"/>
  <testcase name="testYieldLeadershipSingleNode[2: transport=NIO, ssl=OPEN_SSL]" classname="io.hekate.election.internal.ElectionServiceTest" time="0.089"/>
  <testcase name="testConcurrentElectionWithLeave[2: transport=NIO, ssl=OPEN_SSL]" classname="io.hekate.election.internal.ElectionServiceTest" time="0.151"/>
  <testcase name="testClusterChange[2: transport=NIO, ssl=OPEN_SSL]" classname="io.hekate.election.internal.ElectionServiceTest" time="0.72"/>
  <testcase name="testConcurrentElectionWithTerminate[2: transport=NIO, ssl=OPEN_SSL]" classname="io.hekate.election.internal.ElectionServiceTest" time="0.137"/>
  <testcase name="testLeaderLeave[2: transport=NIO, ssl=OPEN_SSL]" classname="io.hekate.election.internal.ElectionServiceTest" time="0.129"/>
  <testcase name="testYieldLeadershipSameNodes[3: transport=EPOLL]" classname="io.hekate.election.internal.ElectionServiceTest" time="0.154"/>
  <testcase name="testYieldLeadershipNewNodes[3: transport=EPOLL]" classname="io.hekate.election.internal.ElectionServiceTest" time="0.285"/>
  <testcase name="testYieldLeadershipSingleNode[3: transport=EPOLL]" classname="io.hekate.election.internal.ElectionServiceTest" time="0.087"/>
  <testcase name="testConcurrentElectionWithLeave[3: transport=EPOLL]" classname="io.hekate.election.internal.ElectionServiceTest" time="0.112"/>
  <testcase name="testClusterChange[3: transport=EPOLL]" classname="io.hekate.election.internal.ElectionServiceTest" time="0.627"/>
  <testcase name="testConcurrentElectionWithTerminate[3: transport=EPOLL]" classname="io.hekate.election.internal.ElectionServiceTest" time="0.117"/>
  <testcase name="testLeaderLeave[3: transport=EPOLL]" classname="io.hekate.election.internal.ElectionServiceTest" time="0.068"/>
  <testcase name="testYieldLeadershipSameNodes[4: transport=EPOLL, ssl=JDK]" classname="io.hekate.election.internal.ElectionServiceTest" time="0.175"/>
  <testcase name="testYieldLeadershipNewNodes[4: transport=EPOLL, ssl=JDK]" classname="io.hekate.election.internal.ElectionServiceTest" time="0.457"/>
  <testcase name="testYieldLeadershipSingleNode[4: transport=EPOLL, ssl=JDK]" classname="io.hekate.election.internal.ElectionServiceTest" time="0.087"/>
  <testcase name="testConcurrentElectionWithLeave[4: transport=EPOLL, ssl=JDK]" classname="io.hekate.election.internal.ElectionServiceTest" time="0.251"/>
  <testcase name="testClusterChange[4: transport=EPOLL, ssl=JDK]" classname="io.hekate.election.internal.ElectionServiceTest" time="1.192"/>
  <testcase name="testConcurrentElectionWithTerminate[4: transport=EPOLL, ssl=JDK]" classname="io.hekate.election.internal.ElectionServiceTest" time="0.201"/>
  <testcase name="testLeaderLeave[4: transport=EPOLL, ssl=JDK]" classname="io.hekate.election.internal.ElectionServiceTest" time="0.241"/>
  <testcase name="testYieldLeadershipSameNodes[5: transport=EPOLL, ssl=OPEN_SSL]" classname="io.hekate.election.internal.ElectionServiceTest" time="0.185"/>
  <testcase name="testYieldLeadershipNewNodes[5: transport=EPOLL, ssl=OPEN_SSL]" classname="io.hekate.election.internal.ElectionServiceTest" time="0.386"/>
  <testcase name="testYieldLeadershipSingleNode[5: transport=EPOLL, ssl=OPEN_SSL]" classname="io.hekate.election.internal.ElectionServiceTest" time="0.088"/>
  <testcase name="testConcurrentElectionWithLeave[5: transport=EPOLL, ssl=OPEN_SSL]" classname="io.hekate.election.internal.ElectionServiceTest" time="0.166"/>
  <testcase name="testClusterChange[5: transport=EPOLL, ssl=OPEN_SSL]" classname="io.hekate.election.internal.ElectionServiceTest" time="0.811"/>
  <testcase name="testConcurrentElectionWithTerminate[5: transport=EPOLL, ssl=OPEN_SSL]" classname="io.hekate.election.internal.ElectionServiceTest" time="0.139"/>
  <testcase name="testLeaderLeave[5: transport=EPOLL, ssl=OPEN_SSL]" classname="io.hekate.election.internal.ElectionServiceTest" time="0.123"/>
</testsuite>