<?xml version="1.0" encoding="UTF-8"?>
<testsuite xmlns:xsi="http://www.w3.org/2001/XMLSchema-instance" xsi:schemaLocation="https://maven.apache.org/surefire/maven-surefire-plugin/xsd/surefire-test-report.xsd" name="io.hekate.lock.internal.LockMigrationTest" time="111.11" tests="240" errors="0" skipped="0" failures="0">
  <properties>
    <property name="java.runtime.name" value="OpenJDK Runtime Environment"/>
    <property name="sun.boot.library.path" value="/usr/lib/jvm/java-8-openjdk-amd64/jre/lib/amd64"/>
    <property name="java.vm.version" value="25.121-b13"/>
    <property name="java.vm.vendor" value="Oracle Corporation"/>
    <property name="maven.multiModuleProjectDirectory" value="/root/workspace/hekate-io/hekate/383632883"/>
    <property name="java.vendor.url" value="http://java.oracle.com/"/>
    <property name="path.separator" value=":"/>
    <property name="guice.disable.misplaced.annotation.check" value="true"/>
    <property name="skip.gulp" value="true"/>
    <property name="java.vm.name" value="OpenJDK 64-Bit Server VM"/>
    <property name="file.encoding.pkg" value="sun.io"/>
    <property name="sun.java.launcher" value="SUN_STANDARD"/>
    <property name="sun.os.patch.level" value="unknown"/>
    <property name="findbugs.skip" value="true"/>
    <property name="java.vm.specification.name" value="Java Virtual Machine Specification"/>
    <property name="user.dir" value="/root/workspace/hekate-io/hekate/383632883"/>
    <property name="checkstyle.skip" value="true"/>
    <property name="java.runtime.version" value="1.8.0_121-8u121-b13-1~bpo8+1-b13"/>
    <property name="java.awt.graphicsenv" value="sun.awt.X11GraphicsEnvironment"/>
    <property name="skip.npm" value="true"/>
    <property name="java.endorsed.dirs" value="/usr/lib/jvm/java-8-openjdk-amd64/jre/lib/endorsed"/>
    <property name="os.arch" value="amd64"/>
    <property name="java.io.tmpdir" value="/tmp"/>
    <property name="gpg.skip" value="true"/>
    <property name="line.separator" value="&#10;"/>
    <property name="java.vm.specification.vendor" value="Oracle Corporation"/>
    <property name="cobertura.skip" value="true"/>
    <property name="os.name" value="Linux"/>
    <property name="classworlds.conf" value="/usr/share/maven/bin/m2.conf"/>
    <property name="sun.jnu.encoding" value="UTF-8"/>
    <property name="java.library.path" value="/usr/java/packages/lib/amd64:/usr/lib/x86_64-linux-gnu/jni:/lib/x86_64-linux-gnu:/usr/lib/x86_64-linux-gnu:/usr/lib/jni:/lib:/usr/lib"/>
    <property name="license.skip" value="true"/>
    <property name="java.specification.name" value="Java Platform API Specification"/>
    <property name="java.class.version" value="52.0"/>
    <property name="org.slf4j.simpleLogger.levelInBrackets" value="true"/>
    <property name="sun.management.compiler" value="HotSpot 64-Bit Tiered Compilers"/>
    <property name="skip.bower" value="true"/>
    <property name="maven.repo.local" value="/root/./workspace/hekate-io/hekate/383632883/.m2"/>
    <property name="os.version" value="3.10.0-862.2.3.el7.x86_64"/>
    <property name="user.home" value="/root"/>
    <property name="user.timezone" value="Europe/Paris"/>
    <property name="java.awt.printerjob" value="sun.print.PSPrinterJob"/>
    <property name="java.specification.version" value="1.8"/>
    <property name="file.encoding" value="UTF-8"/>
    <property name="user.name" value="root"/>
    <property name="java.class.path" value="/usr/share/maven/boot/plexus-classworlds-2.5.2.jar"/>
    <property name="skipITs" value="true"/>
    <property name="java.vm.specification.version" value="1.8"/>
    <property name="sun.arch.data.model" value="64"/>
    <property name="java.home" value="/usr/lib/jvm/java-8-openjdk-amd64/jre"/>
    <property name="sun.java.command" value="org.codehaus.plexus.classworlds.launcher.Launcher -B -D enforcer.skip=true -D dependency-check.skip=true -D skipITs=true -D cobertura.skip=true -D maven.repo.local=/root/./workspace/hekate-io/hekate/383632883/.m2 -D rat.skip=true -D findbugs.skip=true -D skip.bower=true -D gpg.skip=true -D checkstyle.skip=true -D skip.gulp=true -D license.skip=true -D skip.npm=true test"/>
    <property name="java.specification.vendor" value="Oracle Corporation"/>
    <property name="user.language" value="en"/>
    <property name="awt.toolkit" value="sun.awt.X11.XToolkit"/>
    <property name="dependency-check.skip" value="true"/>
    <property name="java.vm.info" value="mixed mode"/>
    <property name="java.version" value="1.8.0_121"/>
    <property name="java.ext.dirs" value="/usr/lib/jvm/java-8-openjdk-amd64/jre/lib/ext:/usr/java/packages/lib/ext"/>
    <property name="securerandom.source" value="file:/dev/./urandom"/>
    <property name="sun.boot.class.path" value="/usr/lib/jvm/java-8-openjdk-amd64/jre/lib/resources.jar:/usr/lib/jvm/java-8-openjdk-amd64/jre/lib/rt.jar:/usr/lib/jvm/java-8-openjdk-amd64/jre/lib/sunrsasign.jar:/usr/lib/jvm/java-8-openjdk-amd64/jre/lib/jsse.jar:/usr/lib/jvm/java-8-openjdk-amd64/jre/lib/jce.jar:/usr/lib/jvm/java-8-openjdk-amd64/jre/lib/charsets.jar:/usr/lib/jvm/java-8-openjdk-amd64/jre/lib/jfr.jar:/usr/lib/jvm/java-8-openjdk-amd64/jre/classes"/>
    <property name="java.vendor" value="Oracle Corporation"/>
    <property name="enforcer.skip" value="true"/>
    <property name="rat.skip" value="true"/>
    <property name="maven.home" value="/usr/share/maven"/>
    <property name="file.separator" value="/"/>
    <property name="java.vendor.url.bug" value="http://bugreport.sun.com/bugreport/"/>
    <property name="sun.cpu.endian" value="little"/>
    <property name="sun.io.unicode.encoding" value="UnicodeLittle"/>
    <property name="org.slf4j.simpleLogger.showThreadName" value="false"/>
    <property name="sun.cpu.isalist" value=""/>
  </properties>
  <testcase name="testMigrationWithQueuedLock[0: transport=NIO, worker-threads=1, nio-threads=0]" classname="io.hekate.lock.internal.LockMigrationTest" time="0.262"/>
  <testcase name="testCoordinatorLeaveOnPrepareReceived[0: transport=NIO, worker-threads=1, nio-threads=0]" classname="io.hekate.lock.internal.LockMigrationTest" time="0.254"/>
  <testcase name="testNodeLeaveOnApply[0: transport=NIO, worker-threads=1, nio-threads=0]" classname="io.hekate.lock.internal.LockMigrationTest" time="0.286"/>
  <testcase name="testCoordinatorLeaveOnPrepareSent[0: transport=NIO, worker-threads=1, nio-threads=0]" classname="io.hekate.lock.internal.LockMigrationTest" time="0.373"/>
  <testcase name="testNodeJoinOnPrepare[0: transport=NIO, worker-threads=1, nio-threads=0]" classname="io.hekate.lock.internal.LockMigrationTest" time="0.32"/>
  <testcase name="testNodeJoinOnApply[0: transport=NIO, worker-threads=1, nio-threads=0]" classname="io.hekate.lock.internal.LockMigrationTest" time="0.371"/>
  <testcase name="testNoMigrationWhenNonLockServiceNodeJoins[0: transport=NIO, worker-threads=1, nio-threads=0]" classname="io.hekate.lock.internal.LockMigrationTest" time="0.256"/>
  <testcase name="testNoMigrationWhenOtherRegionNodeJoins[0: transport=NIO, worker-threads=1, nio-threads=0]" classname="io.hekate.lock.internal.LockMigrationTest" time="0.443"/>
  <testcase name="testCoordinatorLeaveOnApplySent[0: transport=NIO, worker-threads=1, nio-threads=0]" classname="io.hekate.lock.internal.LockMigrationTest" time="0.343"/>
  <testcase name="testNodeLeaveOnPrepare[0: transport=NIO, worker-threads=1, nio-threads=0]" classname="io.hekate.lock.internal.LockMigrationTest" time="0.244"/>
  <testcase name="testMigrationWithQueuedLock[1: transport=NIO, worker-threads=1, nio-threads=1]" classname="io.hekate.lock.internal.LockMigrationTest" time="0.244"/>
  <testcase name="testCoordinatorLeaveOnPrepareReceived[1: transport=NIO, worker-threads=1, nio-threads=1]" classname="io.hekate.lock.internal.LockMigrationTest" time="0.203"/>
  <testcase name="testNodeLeaveOnApply[1: transport=NIO, worker-threads=1, nio-threads=1]" classname="io.hekate.lock.internal.LockMigrationTest" time="0.386"/>
  <testcase name="testCoordinatorLeaveOnPrepareSent[1: transport=NIO, worker-threads=1, nio-threads=1]" classname="io.hekate.lock.internal.LockMigrationTest" time="0.335"/>
  <testcase name="testNodeJoinOnPrepare[1: transport=NIO, worker-threads=1, nio-threads=1]" classname="io.hekate.lock.internal.LockMigrationTest" time="0.334"/>
  <testcase name="testNodeJoinOnApply[1: transport=NIO, worker-threads=1, nio-threads=1]" classname="io.hekate.lock.internal.LockMigrationTest" time="0.331"/>
  <testcase name="testNoMigrationWhenNonLockServiceNodeJoins[1: transport=NIO, worker-threads=1, nio-threads=1]" classname="io.hekate.lock.internal.LockMigrationTest" time="0.359"/>
  <testcase name="testNoMigrationWhenOtherRegionNodeJoins[1: transport=NIO, worker-threads=1, nio-threads=1]" classname="io.hekate.lock.internal.LockMigrationTest" time="0.26"/>
  <testcase name="testCoordinatorLeaveOnApplySent[1: transport=NIO, worker-threads=1, nio-threads=1]" classname="io.hekate.lock.internal.LockMigrationTest" time="0.294"/>
  <testcase name="testNodeLeaveOnPrepare[1: transport=NIO, worker-threads=1, nio-threads=1]" classname="io.hekate.lock.internal.LockMigrationTest" time="0.255"/>
  <testcase name="testMigrationWithQueuedLock[2: transport=NIO, worker-threads=2, nio-threads=1]" classname="io.hekate.lock.internal.LockMigrationTest" time="0.275"/>
  <testcase name="testCoordinatorLeaveOnPrepareReceived[2: transport=NIO, worker-threads=2, nio-threads=1]" classname="io.hekate.lock.internal.LockMigrationTest" time="0.33"/>
  <testcase name="testNodeLeaveOnApply[2: transport=NIO, worker-threads=2, nio-threads=1]" classname="io.hekate.lock.internal.LockMigrationTest" time="0.346"/>
  <testcase name="testCoordinatorLeaveOnPrepareSent[2: transport=NIO, worker-threads=2, nio-threads=1]" classname="io.hekate.lock.internal.LockMigrationTest" time="0.245"/>
  <testcase name="testNodeJoinOnPrepare[2: transport=NIO, worker-threads=2, nio-threads=1]" classname="io.hekate.lock.internal.LockMigrationTest" time="0.341"/>
  <testcase name="testNodeJoinOnApply[2: transport=NIO, worker-threads=2, nio-threads=1]" classname="io.hekate.lock.internal.LockMigrationTest" time="0.353"/>
  <testcase name="testNoMigrationWhenNonLockServiceNodeJoins[2: transport=NIO, worker-threads=2, nio-threads=1]" classname="io.hekate.lock.internal.LockMigrationTest" time="0.356"/>
  <testcase name="testNoMigrationWhenOtherRegionNodeJoins[2: transport=NIO, worker-threads=2, nio-threads=1]" classname="io.hekate.lock.internal.LockMigrationTest" time="0.342"/>
  <testcase name="testCoordinatorLeaveOnApplySent[2: transport=NIO, worker-threads=2, nio-threads=1]" classname="io.hekate.lock.internal.LockMigrationTest" time="0.35"/>
  <testcase name="testNodeLeaveOnPrepare[2: transport=NIO, worker-threads=2, nio-threads=1]" classname="io.hekate.lock.internal.LockMigrationTest" time="0.289"/>
  <testcase name="testMigrationWithQueuedLock[3: transport=NIO, worker-threads=2, nio-threads=2]" classname="io.hekate.lock.internal.LockMigrationTest" time="0.293"/>
  <testcase name="testCoordinatorLeaveOnPrepareReceived[3: transport=NIO, worker-threads=2, nio-threads=2]" classname="io.hekate.lock.internal.LockMigrationTest" time="0.336"/>
  <testcase name="testNodeLeaveOnApply[3: transport=NIO, worker-threads=2, nio-threads=2]" classname="io.hekate.lock.internal.LockMigrationTest" time="0.32"/>
  <testcase name="testCoordinatorLeaveOnPrepareSent[3: transport=NIO, worker-threads=2, nio-threads=2]" classname="io.hekate.lock.internal.LockMigrationTest" time="0.265"/>
  <testcase name="testNodeJoinOnPrepare[3: transport=NIO, worker-threads=2, nio-threads=2]" classname="io.hekate.lock.internal.LockMigrationTest" time="0.475"/>
  <testcase name="testNodeJoinOnApply[3: transport=NIO, worker-threads=2, nio-threads=2]" classname="io.hekate.lock.internal.LockMigrationTest" time="0.385"/>
  <testcase name="testNoMigrationWhenNonLockServiceNodeJoins[3: transport=NIO, worker-threads=2, nio-threads=2]" classname="io.hekate.lock.internal.LockMigrationTest" time="0.368"/>
  <testcase name="testNoMigrationWhenOtherRegionNodeJoins[3: transport=NIO, worker-threads=2, nio-threads=2]" classname="io.hekate.lock.internal.LockMigrationTest" time="0.344"/>
  <testcase name="testCoordinatorLeaveOnApplySent[3: transport=NIO, worker-threads=2, nio-threads=2]" classname="io.hekate.lock.internal.LockMigrationTest" time="0.343"/>
  <testcase name="testNodeLeaveOnPrepare[3: transport=NIO, worker-threads=2, nio-threads=2]" classname="io.hekate.lock.internal.LockMigrationTest" time="0.506"/>
  <testcase name="testMigrationWithQueuedLock[4: transport=NIO, ssl=JDK, worker-threads=1, nio-threads=0]" classname="io.hekate.lock.internal.LockMigrationTest" time="0.669"/>
  <testcase name="testCoordinatorLeaveOnPrepareReceived[4: transport=NIO, ssl=JDK, worker-threads=1, nio-threads=0]" classname="io.hekate.lock.internal.LockMigrationTest" time="0.595"/>
  <testcase name="testNodeLeaveOnApply[4: transport=NIO, ssl=JDK, worker-threads=1, nio-threads=0]" classname="io.hekate.lock.internal.LockMigrationTest" time="0.618"/>
  <testcase name="testCoordinatorLeaveOnPrepareSent[4: transport=NIO, ssl=JDK, worker-threads=1, nio-threads=0]" classname="io.hekate.lock.internal.LockMigrationTest" time="0.565"/>
  <testcase name="testNodeJoinOnPrepare[4: transport=NIO, ssl=JDK, worker-threads=1, nio-threads=0]" classname="io.hekate.lock.internal.LockMigrationTest" time="0.635"/>
  <testcase name="testNodeJoinOnApply[4: transport=NIO, ssl=JDK, worker-threads=1, nio-threads=0]" classname="io.hekate.lock.internal.LockMigrationTest" time="0.667"/>
  <testcase name="testNoMigrationWhenNonLockServiceNodeJoins[4: transport=NIO, ssl=JDK, worker-threads=1, nio-threads=0]" classname="io.hekate.lock.internal.LockMigrationTest" time="0.658"/>
  <testcase name="testNoMigrationWhenOtherRegionNodeJoins[4: transport=NIO, ssl=JDK, worker-threads=1, nio-threads=0]" classname="io.hekate.lock.internal.LockMigrationTest" time="0.718"/>
  <testcase name="testCoordinatorLeaveOnApplySent[4: transport=NIO, ssl=JDK, worker-threads=1, nio-threads=0]" classname="io.hekate.lock.internal.LockMigrationTest" time="0.531"/>
  <testcase name="testNodeLeaveOnPrepare[4: transport=NIO, ssl=JDK, worker-threads=1, nio-threads=0]" classname="io.hekate.lock.internal.LockMigrationTest" time="0.578"/>
  <testcase name="testMigrationWithQueuedLock[5: transport=NIO, ssl=JDK, worker-threads=1, nio-threads=1]" classname="io.hekate.lock.internal.LockMigrationTest" time="0.565"/>
  <testcase name="testCoordinatorLeaveOnPrepareReceived[5: transport=NIO, ssl=JDK, worker-threads=1, nio-threads=1]" classname="io.hekate.lock.internal.LockMigrationTest" time="0.531"/>
  <testcase name="testNodeLeaveOnApply[5: transport=NIO, ssl=JDK, worker-threads=1, nio-threads=1]" classname="io.hekate.lock.internal.LockMigrationTest" time="0.59"/>
  <testcase name="testCoordinatorLeaveOnPrepareSent[5: transport=NIO, ssl=JDK, worker-threads=1, nio-threads=1]" classname="io.hekate.lock.internal.LockMigrationTest" time="0.588"/>
  <testcase name="testNodeJoinOnPrepare[5: transport=NIO, ssl=JDK, worker-threads=1, nio-threads=1]" classname="io.hekate.lock.internal.LockMigrationTest" time="0.845"/>
  <testcase name="testNodeJoinOnApply[5: transport=NIO, ssl=JDK, worker-threads=1, nio-threads=1]" classname="io.hekate.lock.internal.LockMigrationTest" time="0.784"/>
  <testcase name="testNoMigrationWhenNonLockServiceNodeJoins[5: transport=NIO, ssl=JDK, worker-threads=1, nio-threads=1]" classname="io.hekate.lock.internal.LockMigrationTest" time="0.739"/>
  <testcase name="testNoMigrationWhenOtherRegionNodeJoins[5: transport=NIO, ssl=JDK, worker-threads=1, nio-threads=1]" classname="io.hekate.lock.internal.LockMigrationTest" time="0.679"/>
  <testcase name="testCoordinatorLeaveOnApplySent[5: transport=NIO, ssl=JDK, worker-threads=1, nio-threads=1]" classname="io.hekate.lock.internal.LockMigrationTest" time="0.565"/>
  <testcase name="testNodeLeaveOnPrepare[5: transport=NIO, ssl=JDK, worker-threads=1, nio-threads=1]" classname="io.hekate.lock.internal.LockMigrationTest" time="0.515"/>
  <testcase name="testMigrationWithQueuedLock[6: transport=NIO, ssl=JDK, worker-threads=2, nio-threads=1]" classname="io.hekate.lock.internal.LockMigrationTest" time="0.539"/>
  <testcase name="testCoordinatorLeaveOnPrepareReceived[6: transport=NIO, ssl=JDK, worker-threads=2, nio-threads=1]" classname="io.hekate.lock.internal.LockMigrationTest" time="0.508"/>
  <testcase name="testNodeLeaveOnApply[6: transport=NIO, ssl=JDK, worker-threads=2, nio-threads=1]" classname="io.hekate.lock.internal.LockMigrationTest" time="0.55"/>
  <testcase name="testCoordinatorLeaveOnPrepareSent[6: transport=NIO, ssl=JDK, worker-threads=2, nio-threads=1]" classname="io.hekate.lock.internal.LockMigrationTest" time="0.554"/>
  <testcase name="testNodeJoinOnPrepare[6: transport=NIO, ssl=JDK, worker-threads=2, nio-threads=1]" classname="io.hekate.lock.internal.LockMigrationTest" time="0.795"/>
  <testcase name="testNodeJoinOnApply[6: transport=NIO, ssl=JDK, worker-threads=2, nio-threads=1]" classname="io.hekate.lock.internal.LockMigrationTest" time="0.827"/>
  <testcase name="testNoMigrationWhenNonLockServiceNodeJoins[6: transport=NIO, ssl=JDK, worker-threads=2, nio-threads=1]" classname="io.hekate.lock.internal.LockMigrationTest" time="0.887"/>
  <testcase name="testNoMigrationWhenOtherRegionNodeJoins[6: transport=NIO, ssl=JDK, worker-threads=2, nio-threads=1]" classname="io.hekate.lock.internal.LockMigrationTest" time="0.576"/>
  <testcase name="testCoordinatorLeaveOnApplySent[6: transport=NIO, ssl=JDK, worker-threads=2, nio-threads=1]" classname="io.hekate.lock.internal.LockMigrationTest" time="0.659"/>
  <testcase name="testNodeLeaveOnPrepare[6: transport=NIO, ssl=JDK, worker-threads=2, nio-threads=1]" classname="io.hekate.lock.internal.LockMigrationTest" time="0.55"/>
  <testcase name="testMigrationWithQueuedLock[7: transport=NIO, ssl=JDK, worker-threads=2, nio-threads=2]" classname="io.hekate.lock.internal.LockMigrationTest" time="0.517"/>
  <testcase name="testCoordinatorLeaveOnPrepareReceived[7: transport=NIO, ssl=JDK, worker-threads=2, nio-threads=2]" classname="io.hekate.lock.internal.LockMigrationTest" time="0.539"/>
  <testcase name="testNodeLeaveOnApply[7: transport=NIO, ssl=JDK, worker-threads=2, nio-threads=2]" classname="io.hekate.lock.internal.LockMigrationTest" time="0.53"/>
  <testcase name="testCoordinatorLeaveOnPrepareSent[7: transport=NIO, ssl=JDK, worker-threads=2, nio-threads=2]" classname="io.hekate.lock.internal.LockMigrationTest" time="0.512"/>
  <testcase name="testNodeJoinOnPrepare[7: transport=NIO, ssl=JDK, worker-threads=2, nio-threads=2]" classname="io.hekate.lock.internal.LockMigrationTest" time="0.787"/>
  <testcase name="testNodeJoinOnApply[7: transport=NIO, ssl=JDK, worker-threads=2, nio-threads=2]" classname="io.hekate.lock.internal.LockMigrationTest" time="0.771"/>
  <testcase name="testNoMigrationWhenNonLockServiceNodeJoins[7: transport=NIO, ssl=JDK, worker-threads=2, nio-threads=2]" classname="io.hekate.lock.internal.LockMigrationTest" time="0.732"/>
  <testcase name="testNoMigrationWhenOtherRegionNodeJoins[7: transport=NIO, ssl=JDK, worker-threads=2, nio-threads=2]" classname="io.hekate.lock.internal.LockMigrationTest" time="0.696"/>
  <testcase name="testCoordinatorLeaveOnApplySent[7: transport=NIO, ssl=JDK, worker-threads=2, nio-threads=2]" classname="io.hekate.lock.internal.LockMigrationTest" time="0.532"/>
  <testcase name="testNodeLeaveOnPrepare[7: transport=NIO, ssl=JDK, worker-threads=2, nio-threads=2]" classname="io.hekate.lock.internal.LockMigrationTest" time="0.556"/>
  <testcase name="testMigrationWithQueuedLock[8: transport=NIO, ssl=OPEN_SSL, worker-threads=1, nio-threads=0]" classname="io.hekate.lock.internal.LockMigrationTest" time="0.373"/>
  <testcase name="testCoordinatorLeaveOnPrepareReceived[8: transport=NIO, ssl=OPEN_SSL, worker-threads=1, nio-threads=0]" classname="io.hekate.lock.internal.LockMigrationTest" time="0.371"/>
  <testcase name="testNodeLeaveOnApply[8: transport=NIO, ssl=OPEN_SSL, worker-threads=1, nio-threads=0]" classname="io.hekate.lock.internal.LockMigrationTest" time="0.544"/>
  <testcase name="testCoordinatorLeaveOnPrepareSent[8: transport=NIO, ssl=OPEN_SSL, worker-threads=1, nio-threads=0]" classname="io.hekate.lock.internal.LockMigrationTest" time="0.392"/>
  <testcase name="testNodeJoinOnPrepare[8: transport=NIO, ssl=OPEN_SSL, worker-threads=1, nio-threads=0]" classname="io.hekate.lock.internal.LockMigrationTest" time="0.478"/>
  <testcase name="testNodeJoinOnApply[8: transport=NIO, ssl=OPEN_SSL, worker-threads=1, nio-threads=0]" classname="io.hekate.lock.internal.LockMigrationTest" time="0.578"/>
  <testcase name="testNoMigrationWhenNonLockServiceNodeJoins[8: transport=NIO, ssl=OPEN_SSL, worker-threads=1, nio-threads=0]" classname="io.hekate.lock.internal.LockMigrationTest" time="0.458"/>
  <testcase name="testNoMigrationWhenOtherRegionNodeJoins[8: transport=NIO, ssl=OPEN_SSL, worker-threads=1, nio-threads=0]" classname="io.hekate.lock.internal.LockMigrationTest" time="0.456"/>
  <testcase name="testCoordinatorLeaveOnApplySent[8: transport=NIO, ssl=OPEN_SSL, worker-threads=1, nio-threads=0]" classname="io.hekate.lock.internal.LockMigrationTest" time="0.404"/>
  <testcase name="testNodeLeaveOnPrepare[8: transport=NIO, ssl=OPEN_SSL, worker-threads=1, nio-threads=0]" classname="io.hekate.lock.internal.LockMigrationTest" time="0.423"/>
  <testcase name="testMigrationWithQueuedLock[9: transport=NIO, ssl=OPEN_SSL, worker-threads=1, nio-threads=1]" classname="io.hekate.lock.internal.LockMigrationTest" time="0.357"/>
  <testcase name="testCoordinatorLeaveOnPrepareReceived[9: transport=NIO, ssl=OPEN_SSL, worker-threads=1, nio-threads=1]" classname="io.hekate.lock.internal.LockMigrationTest" time="0.338"/>
  <testcase name="testNodeLeaveOnApply[9: transport=NIO, ssl=OPEN_SSL, worker-threads=1, nio-threads=1]" classname="io.hekate.lock.internal.LockMigrationTest" time="0.492"/>
  <testcase name="testCoordinatorLeaveOnPrepareSent[9: transport=NIO, ssl=OPEN_SSL, worker-threads=1, nio-threads=1]" classname="io.hekate.lock.internal.LockMigrationTest" time="0.595"/>
  <testcase name="testNodeJoinOnPrepare[9: transport=NIO, ssl=OPEN_SSL, worker-threads=1, nio-threads=1]" classname="io.hekate.lock.internal.LockMigrationTest" time="0.595"/>
  <testcase name="testNodeJoinOnApply[9: transport=NIO, ssl=OPEN_SSL, worker-threads=1, nio-threads=1]" classname="io.hekate.lock.internal.LockMigrationTest" time="0.437"/>
  <testcase name="testNoMigrationWhenNonLockServiceNodeJoins[9: transport=NIO, ssl=OPEN_SSL, worker-threads=1, nio-threads=1]" classname="io.hekate.lock.internal.LockMigrationTest" time="0.66"/>
  <testcase name="testNoMigrationWhenOtherRegionNodeJoins[9: transport=NIO, ssl=OPEN_SSL, worker-threads=1, nio-threads=1]" classname="io.hekate.lock.internal.LockMigrationTest" time="0.358"/>
  <testcase name="testCoordinatorLeaveOnApplySent[9: transport=NIO, ssl=OPEN_SSL, worker-threads=1, nio-threads=1]" classname="io.hekate.lock.internal.LockMigrationTest" time="0.495"/>
  <testcase name="testNodeLeaveOnPrepare[9: transport=NIO, ssl=OPEN_SSL, worker-threads=1, nio-threads=1]" classname="io.hekate.lock.internal.LockMigrationTest" time="0.348"/>
  <testcase name="testMigrationWithQueuedLock[10: transport=NIO, ssl=OPEN_SSL, worker-threads=2, nio-threads=1]" classname="io.hekate.lock.internal.LockMigrationTest" time="0.389"/>
  <testcase name="testCoordinatorLeaveOnPrepareReceived[10: transport=NIO, ssl=OPEN_SSL, worker-threads=2, nio-threads=1]" classname="io.hekate.lock.internal.LockMigrationTest" time="0.403"/>
  <testcase name="testNodeLeaveOnApply[10: transport=NIO, ssl=OPEN_SSL, worker-threads=2, nio-threads=1]" classname="io.hekate.lock.internal.LockMigrationTest" time="0.487"/>
  <testcase name="testCoordinatorLeaveOnPrepareSent[10: transport=NIO, ssl=OPEN_SSL, worker-threads=2, nio-threads=1]" classname="io.hekate.lock.internal.LockMigrationTest" time="0.349"/>
  <testcase name="testNodeJoinOnPrepare[10: transport=NIO, ssl=OPEN_SSL, worker-threads=2, nio-threads=1]" classname="io.hekate.lock.internal.LockMigrationTest" time="0.446"/>
  <testcase name="testNodeJoinOnApply[10: transport=NIO, ssl=OPEN_SSL, worker-threads=2, nio-threads=1]" classname="io.hekate.lock.internal.LockMigrationTest" time="0.43"/>
  <testcase name="testNoMigrationWhenNonLockServiceNodeJoins[10: transport=NIO, ssl=OPEN_SSL, worker-threads=2, nio-threads=1]" classname="io.hekate.lock.internal.LockMigrationTest" time="0.459"/>
  <testcase name="testNoMigrationWhenOtherRegionNodeJoins[10: transport=NIO, ssl=OPEN_SSL, worker-threads=2, nio-threads=1]" classname="io.hekate.lock.internal.LockMigrationTest" time="0.406"/>
  <testcase name="testCoordinatorLeaveOnApplySent[10: transport=NIO, ssl=OPEN_SSL, worker-threads=2, nio-threads=1]" classname="io.hekate.lock.internal.LockMigrationTest" time="0.361"/>
  <testcase name="testNodeLeaveOnPrepare[10: transport=NIO, ssl=OPEN_SSL, worker-threads=2, nio-threads=1]" classname="io.hekate.lock.internal.LockMigrationTest" time="0.341"/>
  <testcase name="testMigrationWithQueuedLock[11: transport=NIO, ssl=OPEN_SSL, worker-threads=2, nio-threads=2]" classname="io.hekate.lock.internal.LockMigrationTest" time="0.351"/>
  <testcase name="testCoordinatorLeaveOnPrepareReceived[11: transport=NIO, ssl=OPEN_SSL, worker-threads=2, nio-threads=2]" classname="io.hekate.lock.internal.LockMigrationTest" time="0.465"/>
  <testcase name="testNodeLeaveOnApply[11: transport=NIO, ssl=OPEN_SSL, worker-threads=2, nio-threads=2]" classname="io.hekate.lock.internal.LockMigrationTest" time="0.365"/>
  <testcase name="testCoordinatorLeaveOnPrepareSent[11: transport=NIO, ssl=OPEN_SSL, worker-threads=2, nio-threads=2]" classname="io.hekate.lock.internal.LockMigrationTest" time="0.369"/>
  <testcase name="testNodeJoinOnPrepare[11: transport=NIO, ssl=OPEN_SSL, worker-threads=2, nio-threads=2]" classname="io.hekate.lock.internal.LockMigrationTest" time="0.445"/>
  <testcase name="testNodeJoinOnApply[11: transport=NIO, ssl=OPEN_SSL, worker-threads=2, nio-threads=2]" classname="io.hekate.lock.internal.LockMigrationTest" time="0.475"/>
  <testcase name="testNoMigrationWhenNonLockServiceNodeJoins[11: transport=NIO, ssl=OPEN_SSL, worker-threads=2, nio-threads=2]" classname="io.hekate.lock.internal.LockMigrationTest" time="0.452"/>
  <testcase name="testNoMigrationWhenOtherRegionNodeJoins[11: transport=NIO, ssl=OPEN_SSL, worker-threads=2, nio-threads=2]" classname="io.hekate.lock.internal.LockMigrationTest" time="0.526"/>
  <testcase name="testCoordinatorLeaveOnApplySent[11: transport=NIO, ssl=OPEN_SSL, worker-threads=2, nio-threads=2]" classname="io.hekate.lock.internal.LockMigrationTest" time="0.456"/>
  <testcase name="testNodeLeaveOnPrepare[11: transport=NIO, ssl=OPEN_SSL, worker-threads=2, nio-threads=2]" classname="io.hekate.lock.internal.LockMigrationTest" time="0.399"/>
  <testcase name="testMigrationWithQueuedLock[12: transport=EPOLL, worker-threads=1, nio-threads=0]" classname="io.hekate.lock.internal.LockMigrationTest" time="0.293"/>
  <testcase name="testCoordinatorLeaveOnPrepareReceived[12: transport=EPOLL, worker-threads=1, nio-threads=0]" classname="io.hekate.lock.internal.LockMigrationTest" time="0.232"/>
  <testcase name="testNodeLeaveOnApply[12: transport=EPOLL, worker-threads=1, nio-threads=0]" classname="io.hekate.lock.internal.LockMigrationTest" time="0.26"/>
  <testcase name="testCoordinatorLeaveOnPrepareSent[12: transport=EPOLL, worker-threads=1, nio-threads=0]" classname="io.hekate.lock.internal.LockMigrationTest" time="0.217"/>
  <testcase name="testNodeJoinOnPrepare[12: transport=EPOLL, worker-threads=1, nio-threads=0]" classname="io.hekate.lock.internal.LockMigrationTest" time="0.36"/>
  <testcase name="testNodeJoinOnApply[12: transport=EPOLL, worker-threads=1, nio-threads=0]" classname="io.hekate.lock.internal.LockMigrationTest" time="0.335"/>
  <testcase name="testNoMigrationWhenNonLockServiceNodeJoins[12: transport=EPOLL, worker-threads=1, nio-threads=0]" classname="io.hekate.lock.internal.LockMigrationTest" time="0.366"/>
  <testcase name="testNoMigrationWhenOtherRegionNodeJoins[12: transport=EPOLL, worker-threads=1, nio-threads=0]" classname="io.hekate.lock.internal.LockMigrationTest" time="0.357"/>
  <testcase name="testCoordinatorLeaveOnApplySent[12: transport=EPOLL, worker-threads=1, nio-threads=0]" classname="io.hekate.lock.internal.LockMigrationTest" time="0.298"/>
  <testcase name="testNodeLeaveOnPrepare[12: transport=EPOLL, worker-threads=1, nio-threads=0]" classname="io.hekate.lock.internal.LockMigrationTest" time="0.238"/>
  <testcase name="testMigrationWithQueuedLock[13: transport=EPOLL, worker-threads=1, nio-threads=1]" classname="io.hekate.lock.internal.LockMigrationTest" time="0.358"/>
  <testcase name="testCoordinatorLeaveOnPrepareReceived[13: transport=EPOLL, worker-threads=1, nio-threads=1]" classname="io.hekate.lock.internal.LockMigrationTest" time="0.246"/>
  <testcase name="testNodeLeaveOnApply[13: transport=EPOLL, worker-threads=1, nio-threads=1]" classname="io.hekate.lock.internal.LockMigrationTest" time="0.245"/>
  <testcase name="testCoordinatorLeaveOnPrepareSent[13: transport=EPOLL, worker-threads=1, nio-threads=1]" classname="io.hekate.lock.internal.LockMigrationTest" time="0.209"/>
  <testcase name="testNodeJoinOnPrepare[13: transport=EPOLL, worker-threads=1, nio-threads=1]" classname="io.hekate.lock.internal.LockMigrationTest" time="0.339"/>
  <testcase name="testNodeJoinOnApply[13: transport=EPOLL, worker-threads=1, nio-threads=1]" classname="io.hekate.lock.internal.LockMigrationTest" time="0.33"/>
  <testcase name="testNoMigrationWhenNonLockServiceNodeJoins[13: transport=EPOLL, worker-threads=1, nio-threads=1]" classname="io.hekate.lock.internal.LockMigrationTest" time="0.239"/>
  <testcase name="testNoMigrationWhenOtherRegionNodeJoins[13: transport=EPOLL, worker-threads=1, nio-threads=1]" classname="io.hekate.lock.internal.LockMigrationTest" time="0.243"/>
  <testcase name="testCoordinatorLeaveOnApplySent[13: transport=EPOLL, worker-threads=1, nio-threads=1]" classname="io.hekate.lock.internal.LockMigrationTest" time="0.356"/>
  <testcase name="testNodeLeaveOnPrepare[13: transport=EPOLL, worker-threads=1, nio-threads=1]" classname="io.hekate.lock.internal.LockMigrationTest" time="0.428"/>
  <testcase name="testMigrationWithQueuedLock[14: transport=EPOLL, worker-threads=2, nio-threads=1]" classname="io.hekate.lock.internal.LockMigrationTest" time="0.26"/>
  <testcase name="testCoordinatorLeaveOnPrepareReceived[14: transport=EPOLL, worker-threads=2, nio-threads=1]" classname="io.hekate.lock.internal.LockMigrationTest" time="0.327"/>
  <testcase name="testNodeLeaveOnApply[14: transport=EPOLL, worker-threads=2, nio-threads=1]" classname="io.hekate.lock.internal.LockMigrationTest" time="0.338"/>
  <testcase name="testCoordinatorLeaveOnPrepareSent[14: transport=EPOLL, worker-threads=2, nio-threads=1]" classname="io.hekate.lock.internal.LockMigrationTest" time="0.359"/>
  <testcase name="testNodeJoinOnPrepare[14: transport=EPOLL, worker-threads=2, nio-threads=1]" classname="io.hekate.lock.internal.LockMigrationTest" time="0.392"/>
  <testcase name="testNodeJoinOnApply[14: transport=EPOLL, worker-threads=2, nio-threads=1]" classname="io.hekate.lock.internal.LockMigrationTest" time="0.329"/>
  <testcase name="testNoMigrationWhenNonLockServiceNodeJoins[14: transport=EPOLL, worker-threads=2, nio-threads=1]" classname="io.hekate.lock.internal.LockMigrationTest" time="0.263"/>
  <testcase name="testNoMigrationWhenOtherRegionNodeJoins[14: transport=EPOLL, worker-threads=2, nio-threads=1]" classname="io.hekate.lock.internal.LockMigrationTest" time="0.27"/>
  <testcase name="testCoordinatorLeaveOnApplySent[14: transport=EPOLL, worker-threads=2, nio-threads=1]" classname="io.hekate.lock.internal.LockMigrationTest" time="0.259"/>
  <testcase name="testNodeLeaveOnPrepare[14: transport=EPOLL, worker-threads=2, nio-threads=1]" classname="io.hekate.lock.internal.LockMigrationTest" time="0.342"/>
  <testcase name="testMigrationWithQueuedLock[15: transport=EPOLL, worker-threads=2, nio-threads=2]" classname="io.hekate.lock.internal.LockMigrationTest" time="0.285"/>
  <testcase name="testCoordinatorLeaveOnPrepareReceived[15: transport=EPOLL, worker-threads=2, nio-threads=2]" classname="io.hekate.lock.internal.LockMigrationTest" time="0.345"/>
  <testcase name="testNodeLeaveOnApply[15: transport=EPOLL, worker-threads=2, nio-threads=2]" classname="io.hekate.lock.internal.LockMigrationTest" time="0.342"/>
  <testcase name="testCoordinatorLeaveOnPrepareSent[15: transport=EPOLL, worker-threads=2, nio-threads=2]" classname="io.hekate.lock.internal.LockMigrationTest" time="0.22"/>
  <testcase name="testNodeJoinOnPrepare[15: transport=EPOLL, worker-threads=2, nio-threads=2]" classname="io.hekate.lock.internal.LockMigrationTest" time="0.462"/>
  <testcase name="testNodeJoinOnApply[15: transport=EPOLL, worker-threads=2, nio-threads=2]" classname="io.hekate.lock.internal.LockMigrationTest" time="0.343"/>
  <testcase name="testNoMigrationWhenNonLockServiceNodeJoins[15: transport=EPOLL, worker-threads=2, nio-threads=2]" classname="io.hekate.lock.internal.LockMigrationTest" time="0.293"/>
  <testcase name="testNoMigrationWhenOtherRegionNodeJoins[15: transport=EPOLL, worker-threads=2, nio-threads=2]" classname="io.hekate.lock.internal.LockMigrationTest" time="0.258"/>
  <testcase name="testCoordinatorLeaveOnApplySent[15: transport=EPOLL, worker-threads=2, nio-threads=2]" classname="io.hekate.lock.internal.LockMigrationTest" time="0.35"/>
  <testcase name="testNodeLeaveOnPrepare[15: transport=EPOLL, worker-threads=2, nio-threads=2]" classname="io.hekate.lock.internal.LockMigrationTest" time="0.341"/>
  <testcase name="testMigrationWithQueuedLock[16: transport=EPOLL, ssl=JDK, worker-threads=1, nio-threads=0]" classname="io.hekate.lock.internal.LockMigrationTest" time="0.636"/>
  <testcase name="testCoordinatorLeaveOnPrepareReceived[16: transport=EPOLL, ssl=JDK, worker-threads=1, nio-threads=0]" classname="io.hekate.lock.internal.LockMigrationTest" time="0.751"/>
  <testcase name="testNodeLeaveOnApply[16: transport=EPOLL, ssl=JDK, worker-threads=1, nio-threads=0]" classname="io.hekate.lock.internal.LockMigrationTest" time="0.575"/>
  <testcase name="testCoordinatorLeaveOnPrepareSent[16: transport=EPOLL, ssl=JDK, worker-threads=1, nio-threads=0]" classname="io.hekate.lock.internal.LockMigrationTest" time="0.541"/>
  <testcase name="testNodeJoinOnPrepare[16: transport=EPOLL, ssl=JDK, worker-threads=1, nio-threads=0]" classname="io.hekate.lock.internal.LockMigrationTest" time="0.821"/>
  <testcase name="testNodeJoinOnApply[16: transport=EPOLL, ssl=JDK, worker-threads=1, nio-threads=0]" classname="io.hekate.lock.internal.LockMigrationTest" time="0.878"/>
  <testcase name="testNoMigrationWhenNonLockServiceNodeJoins[16: transport=EPOLL, ssl=JDK, worker-threads=1, nio-threads=0]" classname="io.hekate.lock.internal.LockMigrationTest" time="0.788"/>
  <testcase name="testNoMigrationWhenOtherRegionNodeJoins[16: transport=EPOLL, ssl=JDK, worker-threads=1, nio-threads=0]" classname="io.hekate.lock.internal.LockMigrationTest" time="0.679"/>
  <testcase name="testCoordinatorLeaveOnApplySent[16: transport=EPOLL, ssl=JDK, worker-threads=1, nio-threads=0]" classname="io.hekate.lock.internal.LockMigrationTest" time="0.558"/>
  <testcase name="testNodeLeaveOnPrepare[16: transport=EPOLL, ssl=JDK, worker-threads=1, nio-threads=0]" classname="io.hekate.lock.internal.LockMigrationTest" time="0.693"/>
  <testcase name="testMigrationWithQueuedLock[17: transport=EPOLL, ssl=JDK, worker-threads=1, nio-threads=1]" classname="io.hekate.lock.internal.LockMigrationTest" time="0.65"/>
  <testcase name="testCoordinatorLeaveOnPrepareReceived[17: transport=EPOLL, ssl=JDK, worker-threads=1, nio-threads=1]" classname="io.hekate.lock.internal.LockMigrationTest" time="0.532"/>
  <testcase name="testNodeLeaveOnApply[17: transport=EPOLL, ssl=JDK, worker-threads=1, nio-threads=1]" classname="io.hekate.lock.internal.LockMigrationTest" time="0.543"/>
  <testcase name="testCoordinatorLeaveOnPrepareSent[17: transport=EPOLL, ssl=JDK, worker-threads=1, nio-threads=1]" classname="io.hekate.lock.internal.LockMigrationTest" time="0.549"/>
  <testcase name="testNodeJoinOnPrepare[17: transport=EPOLL, ssl=JDK, worker-threads=1, nio-threads=1]" classname="io.hekate.lock.internal.LockMigrationTest" time="0.825"/>
  <testcase name="testNodeJoinOnApply[17: transport=EPOLL, ssl=JDK, worker-threads=1, nio-threads=1]" classname="io.hekate.lock.internal.LockMigrationTest" time="0.866"/>
  <testcase name="testNoMigrationWhenNonLockServiceNodeJoins[17: transport=EPOLL, ssl=JDK, worker-threads=1, nio-threads=1]" classname="io.hekate.lock.internal.LockMigrationTest" time="0.67"/>
  <testcase name="testNoMigrationWhenOtherRegionNodeJoins[17: transport=EPOLL, ssl=JDK, worker-threads=1, nio-threads=1]" classname="io.hekate.lock.internal.LockMigrationTest" time="0.713"/>
  <testcase name="testCoordinatorLeaveOnApplySent[17: transport=EPOLL, ssl=JDK, worker-threads=1, nio-threads=1]" classname="io.hekate.lock.internal.LockMigrationTest" time="0.587"/>
  <testcase name="testNodeLeaveOnPrepare[17: transport=EPOLL, ssl=JDK, worker-threads=1, nio-threads=1]" classname="io.hekate.lock.internal.LockMigrationTest" time="0.539"/>
  <testcase name="testMigrationWithQueuedLock[18: transport=EPOLL, ssl=JDK, worker-threads=2, nio-threads=1]" classname="io.hekate.lock.internal.LockMigrationTest" time="0.486"/>
  <testcase name="testCoordinatorLeaveOnPrepareReceived[18: transport=EPOLL, ssl=JDK, worker-threads=2, nio-threads=1]" classname="io.hekate.lock.internal.LockMigrationTest" time="0.495"/>
  <testcase name="testNodeLeaveOnApply[18: transport=EPOLL, ssl=JDK, worker-threads=2, nio-threads=1]" classname="io.hekate.lock.internal.LockMigrationTest" time="0.557"/>
  <testcase name="testCoordinatorLeaveOnPrepareSent[18: transport=EPOLL, ssl=JDK, worker-threads=2, nio-threads=1]" classname="io.hekate.lock.internal.LockMigrationTest" time="0.635"/>
  <testcase name="testNodeJoinOnPrepare[18: transport=EPOLL, ssl=JDK, worker-threads=2, nio-threads=1]" classname="io.hekate.lock.internal.LockMigrationTest" time="0.819"/>
  <testcase name="testNodeJoinOnApply[18: transport=EPOLL, ssl=JDK, worker-threads=2, nio-threads=1]" classname="io.hekate.lock.internal.LockMigrationTest" time="0.73"/>
  <testcase name="testNoMigrationWhenNonLockServiceNodeJoins[18: transport=EPOLL, ssl=JDK, worker-threads=2, nio-threads=1]" classname="io.hekate.lock.internal.LockMigrationTest" time="0.741"/>
  <testcase name="testNoMigrationWhenOtherRegionNodeJoins[18: transport=EPOLL, ssl=JDK, worker-threads=2, nio-threads=1]" classname="io.hekate.lock.internal.LockMigrationTest" time="0.707"/>
  <testcase name="testCoordinatorLeaveOnApplySent[18: transport=EPOLL, ssl=JDK, worker-threads=2, nio-threads=1]" classname="io.hekate.lock.internal.LockMigrationTest" time="0.787"/>
  <testcase name="testNodeLeaveOnPrepare[18: transport=EPOLL, ssl=JDK, worker-threads=2, nio-threads=1]" classname="io.hekate.lock.internal.LockMigrationTest" time="0.56"/>
  <testcase name="testMigrationWithQueuedLock[19: transport=EPOLL, ssl=JDK, worker-threads=2, nio-threads=2]" classname="io.hekate.lock.internal.LockMigrationTest" time="0.609"/>
  <testcase name="testCoordinatorLeaveOnPrepareReceived[19: transport=EPOLL, ssl=JDK, worker-threads=2, nio-threads=2]" classname="io.hekate.lock.internal.LockMigrationTest" time="0.554"/>
  <testcase name="testNodeLeaveOnApply[19: transport=EPOLL, ssl=JDK, worker-threads=2, nio-threads=2]" classname="io.hekate.lock.internal.LockMigrationTest" time="0.534"/>
  <testcase name="testCoordinatorLeaveOnPrepareSent[19: transport=EPOLL, ssl=JDK, worker-threads=2, nio-threads=2]" classname="io.hekate.lock.internal.LockMigrationTest" time="0.578"/>
  <testcase name="testNodeJoinOnPrepare[19: transport=EPOLL, ssl=JDK, worker-threads=2, nio-threads=2]" classname="io.hekate.lock.internal.LockMigrationTest" time="0.839"/>
  <testcase name="testNodeJoinOnApply[19: transport=EPOLL, ssl=JDK, worker-threads=2, nio-threads=2]" classname="io.hekate.lock.internal.LockMigrationTest" time="0.838"/>
  <testcase name="testNoMigrationWhenNonLockServiceNodeJoins[19: transport=EPOLL, ssl=JDK, worker-threads=2, nio-threads=2]" classname="io.hekate.lock.internal.LockMigrationTest" time="0.687"/>
  <testcase name="testNoMigrationWhenOtherRegionNodeJoins[19: transport=EPOLL, ssl=JDK, worker-threads=2, nio-threads=2]" classname="io.hekate.lock.internal.LockMigrationTest" time="0.661"/>
  <testcase name="testCoordinatorLeaveOnApplySent[19: transport=EPOLL, ssl=JDK, worker-threads=2, nio-threads=2]" classname="io.hekate.lock.internal.LockMigrationTest" time="0.543"/>
  <testcase name="testNodeLeaveOnPrepare[19: transport=EPOLL, ssl=JDK, worker-threads=2, nio-threads=2]" classname="io.hekate.lock.internal.LockMigrationTest" time="0.718"/>
  <testcase name="testMigrationWithQueuedLock[20: transport=EPOLL, ssl=OPEN_SSL, worker-threads=1, nio-threads=0]" classname="io.hekate.lock.internal.LockMigrationTest" time="0.471"/>
  <testcase name="testCoordinatorLeaveOnPrepareReceived[20: transport=EPOLL, ssl=OPEN_SSL, worker-threads=1, nio-threads=0]" classname="io.hekate.lock.internal.LockMigrationTest" time="0.338"/>
  <testcase name="testNodeLeaveOnApply[20: transport=EPOLL, ssl=OPEN_SSL, worker-threads=1, nio-threads=0]" classname="io.hekate.lock.internal.LockMigrationTest" time="0.357"/>
  <testcase name="testCoordinatorLeaveOnPrepareSent[20: transport=EPOLL, ssl=OPEN_SSL, worker-threads=1, nio-threads=0]" classname="io.hekate.lock.internal.LockMigrationTest" time="0.342"/>
  <testcase name="testNodeJoinOnPrepare[20: transport=EPOLL, ssl=OPEN_SSL, worker-threads=1, nio-threads=0]" classname="io.hekate.lock.internal.LockMigrationTest" time="0.594"/>
  <testcase name="testNodeJoinOnApply[20: transport=EPOLL, ssl=OPEN_SSL, worker-threads=1, nio-threads=0]" classname="io.hekate.lock.internal.LockMigrationTest" time="0.55"/>
  <testcase name="testNoMigrationWhenNonLockServiceNodeJoins[20: transport=EPOLL, ssl=OPEN_SSL, worker-threads=1, nio-threads=0]" classname="io.hekate.lock.internal.LockMigrationTest" time="0.441"/>
  <testcase name="testNoMigrationWhenOtherRegionNodeJoins[20: transport=EPOLL, ssl=OPEN_SSL, worker-threads=1, nio-threads=0]" classname="io.hekate.lock.internal.LockMigrationTest" time="0.484"/>
  <testcase name="testCoordinatorLeaveOnApplySent[20: transport=EPOLL, ssl=OPEN_SSL, worker-threads=1, nio-threads=0]" classname="io.hekate.lock.internal.LockMigrationTest" time="0.482"/>
  <testcase name="testNodeLeaveOnPrepare[20: transport=EPOLL, ssl=OPEN_SSL, worker-threads=1, nio-threads=0]" classname="io.hekate.lock.internal.LockMigrationTest" time="0.362"/>
  <testcase name="testMigrationWithQueuedLock[21: transport=EPOLL, ssl=OPEN_SSL, worker-threads=1, nio-threads=1]" classname="io.hekate.lock.internal.LockMigrationTest" time="0.351"/>
  <testcase name="testCoordinatorLeaveOnPrepareReceived[21: transport=EPOLL, ssl=OPEN_SSL, worker-threads=1, nio-threads=1]" classname="io.hekate.lock.internal.LockMigrationTest" time="0.325"/>
  <testcase name="testNodeLeaveOnApply[21: transport=EPOLL, ssl=OPEN_SSL, worker-threads=1, nio-threads=1]" classname="io.hekate.lock.internal.LockMigrationTest" time="0.319"/>
  <testcase name="testCoordinatorLeaveOnPrepareSent[21: transport=EPOLL, ssl=OPEN_SSL, worker-threads=1, nio-threads=1]" classname="io.hekate.lock.internal.LockMigrationTest" time="0.338"/>
  <testcase name="testNodeJoinOnPrepare[21: transport=EPOLL, ssl=OPEN_SSL, worker-threads=1, nio-threads=1]" classname="io.hekate.lock.internal.LockMigrationTest" time="0.434"/>
  <testcase name="testNodeJoinOnApply[21: transport=EPOLL, ssl=OPEN_SSL, worker-threads=1, nio-threads=1]" classname="io.hekate.lock.internal.LockMigrationTest" time="0.451"/>
  <testcase name="testNoMigrationWhenNonLockServiceNodeJoins[21: transport=EPOLL, ssl=OPEN_SSL, worker-threads=1, nio-threads=1]" classname="io.hekate.lock.internal.LockMigrationTest" time="0.446"/>
  <testcase name="testNoMigrationWhenOtherRegionNodeJoins[21: transport=EPOLL, ssl=OPEN_SSL, worker-threads=1, nio-threads=1]" classname="io.hekate.lock.internal.LockMigrationTest" time="0.39"/>
  <testcase name="testCoordinatorLeaveOnApplySent[21: transport=EPOLL, ssl=OPEN_SSL, worker-threads=1, nio-threads=1]" classname="io.hekate.lock.internal.LockMigrationTest" time="0.435"/>
  <testcase name="testNodeLeaveOnPrepare[21: transport=EPOLL, ssl=OPEN_SSL, worker-threads=1, nio-threads=1]" classname="io.hekate.lock.internal.LockMigrationTest" time="0.325"/>
  <testcase name="testMigrationWithQueuedLock[22: transport=EPOLL, ssl=OPEN_SSL, worker-threads=2, nio-threads=1]" classname="io.hekate.lock.internal.LockMigrationTest" time="0.379"/>
  <testcase name="testCoordinatorLeaveOnPrepareReceived[22: transport=EPOLL, ssl=OPEN_SSL, worker-threads=2, nio-threads=1]" classname="io.hekate.lock.internal.LockMigrationTest" time="0.438"/>
  <testcase name="testNodeLeaveOnApply[22: transport=EPOLL, ssl=OPEN_SSL, worker-threads=2, nio-threads=1]" classname="io.hekate.lock.internal.LockMigrationTest" time="0.449"/>
  <testcase name="testCoordinatorLeaveOnPrepareSent[22: transport=EPOLL, ssl=OPEN_SSL, worker-threads=2, nio-threads=1]" classname="io.hekate.lock.internal.LockMigrationTest" time="0.478"/>
  <testcase name="testNodeJoinOnPrepare[22: transport=EPOLL, ssl=OPEN_SSL, worker-threads=2, nio-threads=1]" classname="io.hekate.lock.internal.LockMigrationTest" time="0.547"/>
  <testcase name="testNodeJoinOnApply[22: transport=EPOLL, ssl=OPEN_SSL, worker-threads=2, nio-threads=1]" classname="io.hekate.lock.internal.LockMigrationTest" time="0.543"/>
  <testcase name="testNoMigrationWhenNonLockServiceNodeJoins[22: transport=EPOLL, ssl=OPEN_SSL, worker-threads=2, nio-threads=1]" classname="io.hekate.lock.internal.LockMigrationTest" time="0.349"/>
  <testcase name="testNoMigrationWhenOtherRegionNodeJoins[22: transport=EPOLL, ssl=OPEN_SSL, worker-threads=2, nio-threads=1]" classname="io.hekate.lock.internal.LockMigrationTest" time="0.381"/>
  <testcase name="testCoordinatorLeaveOnApplySent[22: transport=EPOLL, ssl=OPEN_SSL, worker-threads=2, nio-threads=1]" classname="io.hekate.lock.internal.LockMigrationTest" time="0.341"/>
  <testcase name="testNodeLeaveOnPrepare[22: transport=EPOLL, ssl=OPEN_SSL, worker-threads=2, nio-threads=1]" classname="io.hekate.lock.internal.LockMigrationTest" time="0.407"/>
  <testcase name="testMigrationWithQueuedLock[23: transport=EPOLL, ssl=OPEN_SSL, worker-threads=2, nio-threads=2]" classname="io.hekate.lock.internal.LockMigrationTest" time="0.373"/>
  <testcase name="testCoordinatorLeaveOnPrepareReceived[23: transport=EPOLL, ssl=OPEN_SSL, worker-threads=2, nio-threads=2]" classname="io.hekate.lock.internal.LockMigrationTest" time="0.352"/>
  <testcase name="testNodeLeaveOnApply[23: transport=EPOLL, ssl=OPEN_SSL, worker-threads=2, nio-threads=2]" classname="io.hekate.lock.internal.LockMigrationTest" time="0.383"/>
  <testcase name="testCoordinatorLeaveOnPrepareSent[23: transport=EPOLL, ssl=OPEN_SSL, worker-threads=2, nio-threads=2]" classname="io.hekate.lock.internal.LockMigrationTest" time="0.353"/>
  <testcase name="testNodeJoinOnPrepare[23: transport=EPOLL, ssl=OPEN_SSL, worker-threads=2, nio-threads=2]" classname="io.hekate.lock.internal.LockMigrationTest" time="0.42"/>
  <testcase name="testNodeJoinOnApply[23: transport=EPOLL, ssl=OPEN_SSL, worker-threads=2, nio-threads=2]" classname="io.hekate.lock.internal.LockMigrationTest" time="0.516"/>
  <testcase name="testNoMigrationWhenNonLockServiceNodeJoins[23: transport=EPOLL, ssl=OPEN_SSL, worker-threads=2, nio-threads=2]" classname="io.hekate.lock.internal.LockMigrationTest" time="0.453"/>
  <testcase name="testNoMigrationWhenOtherRegionNodeJoins[23: transport=EPOLL, ssl=OPEN_SSL, worker-threads=2, nio-threads=2]" classname="io.hekate.lock.internal.LockMigrationTest" time="0.385"/>
  <testcase name="testCoordinatorLeaveOnApplySent[23: transport=EPOLL, ssl=OPEN_SSL, worker-threads=2, nio-threads=2]" classname="io.hekate.lock.internal.LockMigrationTest" time="0.356"/>
  <testcase name="testNodeLeaveOnPrepare[23: transport=EPOLL, ssl=OPEN_SSL, worker-threads=2, nio-threads=2]" classname="io.hekate.lock.internal.LockMigrationTest" time="0.364"/>
</testsuite>