<?xml version="1.0" encoding="UTF-8"?>
<testsuite xmlns:xsi="http://www.w3.org/2001/XMLSchema-instance" xsi:schemaLocation="https://maven.apache.org/surefire/maven-surefire-plugin/xsd/surefire-test-report.xsd" name="io.hekate.metrics.cluster.internal.ClusterMetricsServiceTest" time="27.172" tests="42" errors="0" skipped="0" failures="0">
  <properties>
    <property name="java.runtime.name" value="OpenJDK Runtime Environment"/>
    <property name="sun.boot.library.path" value="/usr/lib/jvm/java-8-openjdk-amd64/jre/lib/amd64"/>
    <property name="java.vm.version" value="25.121-b13"/>
    <property name="java.vm.vendor" value="Oracle Corporation"/>
    <property name="maven.multiModuleProjectDirectory" value="/root/workspace/hekate-io/hekate/383632883"/>
    <property name="java.vendor.url" value="http://java.oracle.com/"/>
    <property name="path.separator" value=":"/>
    <property name="guice.disable.misplaced.annotation.check" value="true"/>
    <property name="skip.gulp" value="true"/>
    <property name="java.vm.name" value="OpenJDK 64-Bit Server VM"/>
    <property name="file.encoding.pkg" value="sun.io"/>
    <property name="sun.java.launcher" value="SUN_STANDARD"/>
    <property name="sun.os.patch.level" value="unknown"/>
    <property name="findbugs.skip" value="true"/>
    <property name="java.vm.specification.name" value="Java Virtual Machine Specification"/>
    <property name="user.dir" value="/root/workspace/hekate-io/hekate/383632883"/>
    <property name="checkstyle.skip" value="true"/>
    <property name="java.runtime.version" value="1.8.0_121-8u121-b13-1~bpo8+1-b13"/>
    <property name="java.awt.graphicsenv" value="sun.awt.X11GraphicsEnvironment"/>
    <property name="skip.npm" value="true"/>
    <property name="java.endorsed.dirs" value="/usr/lib/jvm/java-8-openjdk-amd64/jre/lib/endorsed"/>
    <property name="os.arch" value="amd64"/>
    <property name="java.io.tmpdir" value="/tmp"/>
    <property name="gpg.skip" value="true"/>
    <property name="line.separator" value="&#10;"/>
    <property name="java.vm.specification.vendor" value="Oracle Corporation"/>
    <property name="cobertura.skip" value="true"/>
    <property name="os.name" value="Linux"/>
    <property name="classworlds.conf" value="/usr/share/maven/bin/m2.conf"/>
    <property name="sun.jnu.encoding" value="UTF-8"/>
    <property name="java.library.path" value="/usr/java/packages/lib/amd64:/usr/lib/x86_64-linux-gnu/jni:/lib/x86_64-linux-gnu:/usr/lib/x86_64-linux-gnu:/usr/lib/jni:/lib:/usr/lib"/>
    <property name="license.skip" value="true"/>
    <property name="java.specification.name" value="Java Platform API Specification"/>
    <property name="java.class.version" value="52.0"/>
    <property name="org.slf4j.simpleLogger.levelInBrackets" value="true"/>
    <property name="sun.management.compiler" value="HotSpot 64-Bit Tiered Compilers"/>
    <property name="skip.bower" value="true"/>
    <property name="maven.repo.local" value="/root/./workspace/hekate-io/hekate/383632883/.m2"/>
    <property name="os.version" value="3.10.0-862.2.3.el7.x86_64"/>
    <property name="user.home" value="/root"/>
    <property name="user.timezone" value="Europe/Paris"/>
    <property name="java.awt.printerjob" value="sun.print.PSPrinterJob"/>
    <property name="java.specification.version" value="1.8"/>
    <property name="file.encoding" value="UTF-8"/>
    <property name="user.name" value="root"/>
    <property name="java.class.path" value="/usr/share/maven/boot/plexus-classworlds-2.5.2.jar"/>
    <property name="skipITs" value="true"/>
    <property name="java.vm.specification.version" value="1.8"/>
    <property name="sun.arch.data.model" value="64"/>
    <property name="java.home" value="/usr/lib/jvm/java-8-openjdk-amd64/jre"/>
    <property name="sun.java.command" value="org.codehaus.plexus.classworlds.launcher.Launcher -B -D enforcer.skip=true -D dependency-check.skip=true -D skipITs=true -D cobertura.skip=true -D maven.repo.local=/root/./workspace/hekate-io/hekate/383632883/.m2 -D rat.skip=true -D findbugs.skip=true -D skip.bower=true -D gpg.skip=true -D checkstyle.skip=true -D skip.gulp=true -D license.skip=true -D skip.npm=true test"/>
    <property name="java.specification.vendor" value="Oracle Corporation"/>
    <property name="user.language" value="en"/>
    <property name="awt.toolkit" value="sun.awt.X11.XToolkit"/>
    <property name="dependency-check.skip" value="true"/>
    <property name="java.vm.info" value="mixed mode"/>
    <property name="java.version" value="1.8.0_121"/>
    <property name="java.ext.dirs" value="/usr/lib/jvm/java-8-openjdk-amd64/jre/lib/ext:/usr/java/packages/lib/ext"/>
    <property name="securerandom.source" value="file:/dev/./urandom"/>
    <property name="sun.boot.class.path" value="/usr/lib/jvm/java-8-openjdk-amd64/jre/lib/resources.jar:/usr/lib/jvm/java-8-openjdk-amd64/jre/lib/rt.jar:/usr/lib/jvm/java-8-openjdk-amd64/jre/lib/sunrsasign.jar:/usr/lib/jvm/java-8-openjdk-amd64/jre/lib/jsse.jar:/usr/lib/jvm/java-8-openjdk-amd64/jre/lib/jce.jar:/usr/lib/jvm/java-8-openjdk-amd64/jre/lib/charsets.jar:/usr/lib/jvm/java-8-openjdk-amd64/jre/lib/jfr.jar:/usr/lib/jvm/java-8-openjdk-amd64/jre/classes"/>
    <property name="java.vendor" value="Oracle Corporation"/>
    <property name="enforcer.skip" value="true"/>
    <property name="rat.skip" value="true"/>
    <property name="maven.home" value="/usr/share/maven"/>
    <property name="file.separator" value="/"/>
    <property name="java.vendor.url.bug" value="http://bugreport.sun.com/bugreport/"/>
    <property name="sun.cpu.endian" value="little"/>
    <property name="sun.io.unicode.encoding" value="UnicodeLittle"/>
    <property name="org.slf4j.simpleLogger.showThreadName" value="false"/>
    <property name="sun.cpu.isalist" value=""/>
  </properties>
  <testcase name="testAddMetrics[0: transport=NIO]" classname="io.hekate.metrics.cluster.internal.ClusterMetricsServiceTest" time="0.822"/>
  <testcase name="testMetricsFilter[0: transport=NIO]" classname="io.hekate.metrics.cluster.internal.ClusterMetricsServiceTest" time="0.407"/>
  <testcase name="testAddRemoveNodes[0: transport=NIO]" classname="io.hekate.metrics.cluster.internal.ClusterMetricsServiceTest" time="1.139"/>
  <testcase name="testSingleNode[0: transport=NIO]" classname="io.hekate.metrics.cluster.internal.ClusterMetricsServiceTest" time="0.089"/>
  <testcase name="testTerminateNode[0: transport=NIO]" classname="io.hekate.metrics.cluster.internal.ClusterMetricsServiceTest" time="0.768"/>
  <testcase name="testGetMetricsWithFilter[0: transport=NIO]" classname="io.hekate.metrics.cluster.internal.ClusterMetricsServiceTest" time="0.169"/>
  <testcase name="testMetricsWithNoMetricsNode[0: transport=NIO]" classname="io.hekate.metrics.cluster.internal.ClusterMetricsServiceTest" time="0.71"/>
  <testcase name="testAddMetrics[1: transport=NIO, ssl=JDK]" classname="io.hekate.metrics.cluster.internal.ClusterMetricsServiceTest" time="0.901"/>
  <testcase name="testMetricsFilter[1: transport=NIO, ssl=JDK]" classname="io.hekate.metrics.cluster.internal.ClusterMetricsServiceTest" time="0.448"/>
  <testcase name="testAddRemoveNodes[1: transport=NIO, ssl=JDK]" classname="io.hekate.metrics.cluster.internal.ClusterMetricsServiceTest" time="1.466"/>
  <testcase name="testSingleNode[1: transport=NIO, ssl=JDK]" classname="io.hekate.metrics.cluster.internal.ClusterMetricsServiceTest" time="0.091"/>
  <testcase name="testTerminateNode[1: transport=NIO, ssl=JDK]" classname="io.hekate.metrics.cluster.internal.ClusterMetricsServiceTest" time="1.256"/>
  <testcase name="testGetMetricsWithFilter[1: transport=NIO, ssl=JDK]" classname="io.hekate.metrics.cluster.internal.ClusterMetricsServiceTest" time="0.194"/>
  <testcase name="testMetricsWithNoMetricsNode[1: transport=NIO, ssl=JDK]" classname="io.hekate.metrics.cluster.internal.ClusterMetricsServiceTest" time="0.821"/>
  <testcase name="testAddMetrics[2: transport=NIO, ssl=OPEN_SSL]" classname="io.hekate.metrics.cluster.internal.ClusterMetricsServiceTest" time="0.848"/>
  <testcase name="testMetricsFilter[2: transport=NIO, ssl=OPEN_SSL]" classname="io.hekate.metrics.cluster.internal.ClusterMetricsServiceTest" time="0.417"/>
  <testcase name="testAddRemoveNodes[2: transport=NIO, ssl=OPEN_SSL]" classname="io.hekate.metrics.cluster.internal.ClusterMetricsServiceTest" time="1.567"/>
  <testcase name="testSingleNode[2: transport=NIO, ssl=OPEN_SSL]" classname="io.hekate.metrics.cluster.internal.ClusterMetricsServiceTest" time="0.09"/>
  <testcase name="testTerminateNode[2: transport=NIO, ssl=OPEN_SSL]" classname="io.hekate.metrics.cluster.internal.ClusterMetricsServiceTest" time="0.659"/>
  <testcase name="testGetMetricsWithFilter[2: transport=NIO, ssl=OPEN_SSL]" classname="io.hekate.metrics.cluster.internal.ClusterMetricsServiceTest" time="0.171"/>
  <testcase name="testMetricsWithNoMetricsNode[2: transport=NIO, ssl=OPEN_SSL]" classname="io.hekate.metrics.cluster.internal.ClusterMetricsServiceTest" time="0.834"/>
  <testcase name="testAddMetrics[3: transport=EPOLL]" classname="io.hekate.metrics.cluster.internal.ClusterMetricsServiceTest" time="0.812"/>
  <testcase name="testMetricsFilter[3: transport=EPOLL]" classname="io.hekate.metrics.cluster.internal.ClusterMetricsServiceTest" time="0.408"/>
  <testcase name="testAddRemoveNodes[3: transport=EPOLL]" classname="io.hekate.metrics.cluster.internal.ClusterMetricsServiceTest" time="1.268"/>
  <testcase name="testSingleNode[3: transport=EPOLL]" classname="io.hekate.metrics.cluster.internal.ClusterMetricsServiceTest" time="0.089"/>
  <testcase name="testTerminateNode[3: transport=EPOLL]" classname="io.hekate.metrics.cluster.internal.ClusterMetricsServiceTest" time="0.752"/>
  <testcase name="testGetMetricsWithFilter[3: transport=EPOLL]" classname="io.hekate.metrics.cluster.internal.ClusterMetricsServiceTest" time="0.157"/>
  <testcase name="testMetricsWithNoMetricsNode[3: transport=EPOLL]" classname="io.hekate.metrics.cluster.internal.ClusterMetricsServiceTest" time="0.8"/>
  <testcase name="testAddMetrics[4: transport=EPOLL, ssl=JDK]" classname="io.hekate.metrics.cluster.internal.ClusterMetricsServiceTest" time="0.864"/>
  <testcase name="testMetricsFilter[4: transport=EPOLL, ssl=JDK]" classname="io.hekate.metrics.cluster.internal.ClusterMetricsServiceTest" time="0.435"/>
  <testcase name="testAddRemoveNodes[4: transport=EPOLL, ssl=JDK]" classname="io.hekate.metrics.cluster.internal.ClusterMetricsServiceTest" time="1.554"/>
  <testcase name="testSingleNode[4: transport=EPOLL, ssl=JDK]" classname="io.hekate.metrics.cluster.internal.ClusterMetricsServiceTest" time="0.09"/>
  <testcase name="testTerminateNode[4: transport=EPOLL, ssl=JDK]" classname="io.hekate.metrics.cluster.internal.ClusterMetricsServiceTest" time="1.255"/>
  <testcase name="testGetMetricsWithFilter[4: transport=EPOLL, ssl=JDK]" classname="io.hekate.metrics.cluster.internal.ClusterMetricsServiceTest" time="0.19"/>
  <testcase name="testMetricsWithNoMetricsNode[4: transport=EPOLL, ssl=JDK]" classname="io.hekate.metrics.cluster.internal.ClusterMetricsServiceTest" time="0.887"/>
  <testcase name="testAddMetrics[5: transport=EPOLL, ssl=OPEN_SSL]" classname="io.hekate.metrics.cluster.internal.ClusterMetricsServiceTest" time="0.82"/>
  <testcase name="testMetricsFilter[5: transport=EPOLL, ssl=OPEN_SSL]" classname="io.hekate.metrics.cluster.internal.ClusterMetricsServiceTest" time="0.415"/>
  <testcase name="testAddRemoveNodes[5: transport=EPOLL, ssl=OPEN_SSL]" classname="io.hekate.metrics.cluster.internal.ClusterMetricsServiceTest" time="1.127"/>
  <testcase name="testSingleNode[5: transport=EPOLL, ssl=OPEN_SSL]" classname="io.hekate.metrics.cluster.internal.ClusterMetricsServiceTest" time="0.089"/>
  <testcase name="testTerminateNode[5: transport=EPOLL, ssl=OPEN_SSL]" classname="io.hekate.metrics.cluster.internal.ClusterMetricsServiceTest" time="0.652"/>
  <testcase name="testGetMetricsWithFilter[5: transport=EPOLL, ssl=OPEN_SSL]" classname="io.hekate.metrics.cluster.internal.ClusterMetricsServiceTest" time="0.164"/>
  <testcase name="testMetricsWithNoMetricsNode[5: transport=EPOLL, ssl=OPEN_SSL]" classname="io.hekate.metrics.cluster.internal.ClusterMetricsServiceTest" time="0.47"/>
</testsuite>