<?xml version="1.0" encoding="UTF-8"?>
<!-- Generated by org.testng.reporters.JUnitReportReporter -->
<testsuite hostname="spirals-vortex.lille.inria.fr" name="org.molgenis.semanticsearch.string.StemmerTest" tests="3" failures="0" timestamp="1 Jun 2018 11:22:37 GMT" time="0.047" errors="0">
  <testcase name="stemPhrase" time="0.019" classname="org.molgenis.semanticsearch.string.StemmerTest"/>
  <testcase name="replaceIllegalCharacter" time="0.021" classname="org.molgenis.semanticsearch.string.StemmerTest"/>
  <testcase name="stem" time="0.007" classname="org.molgenis.semanticsearch.string.StemmerTest"/>
</testsuite> <!-- org.molgenis.semanticsearch.string.StemmerTest -->
