<?xml version="1.0" encoding="UTF-8"?>
<!-- Generated by org.testng.reporters.JUnitReportReporter -->
<testsuite hostname="spirals-vortex.lille.inria.fr" name="org.molgenis.semanticsearch.service.impl.OntologyTagServiceTest" tests="7" failures="0" timestamp="1 Jun 2018 11:22:37 GMT" time="0.656" errors="0">
  <testcase name="testAddAttributeTag" time="0.063" classname="org.molgenis.semanticsearch.service.impl.OntologyTagServiceTest"/>
  <testcase name="testGetTagsForAttribute" time="0.068" classname="org.molgenis.semanticsearch.service.impl.OntologyTagServiceTest"/>
  <testcase name="testGetTagsForPackage" time="0.029" classname="org.molgenis.semanticsearch.service.impl.OntologyTagServiceTest"/>
  <testcase name="testGetTagEntity" time="0.058" classname="org.molgenis.semanticsearch.service.impl.OntologyTagServiceTest"/>
  <testcase name="testTagAttributesInEntity" time="0.007" classname="org.molgenis.semanticsearch.service.impl.OntologyTagServiceTest"/>
  <testcase name="testRemoveAllTagsFromEntity" time="0.422" classname="org.molgenis.semanticsearch.service.impl.OntologyTagServiceTest"/>
  <testcase name="testRemoveAttributeTag" time="0.009" classname="org.molgenis.semanticsearch.service.impl.OntologyTagServiceTest"/>
</testsuite> <!-- org.molgenis.semanticsearch.service.impl.OntologyTagServiceTest -->
