<?xml version="1.0" encoding="UTF-8"?>
<!-- Generated by org.testng.reporters.JUnitReportReporter -->
<testsuite hostname="spirals-vortex.lille.inria.fr" name="org.molgenis.semanticsearch.explain.service.ElasticSearchExplainServiceImplTest" tests="5" failures="0" timestamp="1 Jun 2018 11:22:37 GMT" time="0.008" errors="0">
  <testcase name="testDiscoverMatchedQueries" time="0.003" classname="org.molgenis.semanticsearch.explain.service.ElasticSearchExplainServiceImplTest"/>
  <testcase name="testRecursivelyFindQuery" time="0.002" classname="org.molgenis.semanticsearch.explain.service.ElasticSearchExplainServiceImplTest"/>
  <testcase name="testReverseSearchQueryStrings" time="0.002" classname="org.molgenis.semanticsearch.explain.service.ElasticSearchExplainServiceImplTest"/>
  <testcase name="testRegExp" time="0.001" classname="org.molgenis.semanticsearch.explain.service.ElasticSearchExplainServiceImplTest"/>
  <testcase name="testRemoveBoostFromQuery" time="0.000" classname="org.molgenis.semanticsearch.explain.service.ElasticSearchExplainServiceImplTest"/>
</testsuite> <!-- org.molgenis.semanticsearch.explain.service.ElasticSearchExplainServiceImplTest -->
