<?xml version="1.0" encoding="UTF-8"?>
<!-- Generated by org.testng.reporters.JUnitReportReporter -->
<testsuite hostname="spirals-vortex.lille.inria.fr" name="org.molgenis.semanticsearch.repository.TagRepositoryTest" tests="2" failures="0" timestamp="1 Jun 2018 11:22:37 GMT" time="0.009" errors="0">
  <testcase name="testGetTagEntityExisting" time="0.004" classname="org.molgenis.semanticsearch.repository.TagRepositoryTest"/>
  <testcase name="testGetTagEntityNew" time="0.005" classname="org.molgenis.semanticsearch.repository.TagRepositoryTest"/>
</testsuite> <!-- org.molgenis.semanticsearch.repository.TagRepositoryTest -->
