<?xml version="1.0" encoding="UTF-8"?>
<!-- Generated by org.testng.reporters.JUnitReportReporter -->
<testsuite hostname="spirals-vortex.lille.inria.fr" name="org.molgenis.semanticsearch.explain.service.ExplainServiceHelperTest" tests="3" failures="0" timestamp="1 Jun 2018 11:22:37 GMT" time="0.099" errors="0">
  <testcase name="discoverMatchedQueries" time="0.098" classname="org.molgenis.semanticsearch.explain.service.ExplainServiceHelperTest"/>
  <testcase name="testFindQuery" time="0.001" classname="org.molgenis.semanticsearch.explain.service.ExplainServiceHelperTest"/>
  <testcase name="getMatchedWord" time="0.000" classname="org.molgenis.semanticsearch.explain.service.ExplainServiceHelperTest"/>
</testsuite> <!-- org.molgenis.semanticsearch.explain.service.ExplainServiceHelperTest -->
