<?xml version="1.0" encoding="UTF-8"?>
<!-- Generated by org.testng.reporters.JUnitReportReporter -->
<testsuite hostname="spirals-vortex.lille.inria.fr" name="org.molgenis.semanticsearch.service.impl.SemanticSearchServiceImplTest" tests="10" failures="0" timestamp="1 Jun 2018 11:22:37 GMT" time="0.137" errors="0">
  <testcase name="testSearchDescription" time="0.007" classname="org.molgenis.semanticsearch.service.impl.SemanticSearchServiceImplTest"/>
  <testcase name="testConvertAttribute" time="0.004" classname="org.molgenis.semanticsearch.service.impl.SemanticSearchServiceImplTest"/>
  <testcase name="testSearchLabel" time="0.007" classname="org.molgenis.semanticsearch.service.impl.SemanticSearchServiceImplTest"/>
  <testcase name="testSearchMultipleTags" time="0.004" classname="org.molgenis.semanticsearch.service.impl.SemanticSearchServiceImplTest"/>
  <testcase name="testDistanceFrom" time="0.014" classname="org.molgenis.semanticsearch.service.impl.SemanticSearchServiceImplTest"/>
  <testcase name="testFindAttributes" time="0.077" classname="org.molgenis.semanticsearch.service.impl.SemanticSearchServiceImplTest"/>
  <testcase name="testSearchUnicode" time="0.007" classname="org.molgenis.semanticsearch.service.impl.SemanticSearchServiceImplTest"/>
  <testcase name="testIsSingleMatchHighQuality" time="0.006" classname="org.molgenis.semanticsearch.service.impl.SemanticSearchServiceImplTest"/>
  <testcase name="testSearchHypertension" time="0.003" classname="org.molgenis.semanticsearch.service.impl.SemanticSearchServiceImplTest"/>
  <testcase name="testIsGoodMatch" time="0.008" classname="org.molgenis.semanticsearch.service.impl.SemanticSearchServiceImplTest"/>
</testsuite> <!-- org.molgenis.semanticsearch.service.impl.SemanticSearchServiceImplTest -->
