<?xml version="1.0" encoding="UTF-8"?>
<!-- Generated by org.testng.reporters.JUnitReportReporter -->
<testsuite hostname="spirals-vortex.lille.inria.fr" name="org.molgenis.semanticsearch.string.NgramDistanceAlgorithmTest" tests="2" failures="0" timestamp="1 Jun 2018 11:22:37 GMT" time="0.046" errors="0">
  <testcase name="createNGrams" time="0.001" classname="org.molgenis.semanticsearch.string.NgramDistanceAlgorithmTest"/>
  <testcase name="calculateScore" time="0.045" classname="org.molgenis.semanticsearch.string.NgramDistanceAlgorithmTest"/>
</testsuite> <!-- org.molgenis.semanticsearch.string.NgramDistanceAlgorithmTest -->
