<?xml version="1.0" encoding="UTF-8"?>
<!-- Generated by org.testng.reporters.JUnitReportReporter -->
<testsuite hostname="spirals-vortex.lille.inria.fr" name="org.molgenis.semanticsearch.service.impl.SemanticSearchServiceHelperTest" tests="14" failures="0" timestamp="1 Jun 2018 11:22:37 GMT" time="0.083" errors="0">
  <testcase name="testCollectQueryTermsFromOntologyTerm" time="0.008" classname="org.molgenis.semanticsearch.service.impl.SemanticSearchServiceHelperTest"/>
  <testcase name="testEscapeCharsExcludingCaretChar" time="0.001" classname="org.molgenis.semanticsearch.service.impl.SemanticSearchServiceHelperTest"/>
  <testcase name="testSearchIsoLatin" time="0.002" classname="org.molgenis.semanticsearch.service.impl.SemanticSearchServiceHelperTest"/>
  <testcase name="testFindTagsSync" time="0.002" classname="org.molgenis.semanticsearch.service.impl.SemanticSearchServiceHelperTest"/>
  <testcase name="testRemoveStopWords" time="0.001" classname="org.molgenis.semanticsearch.service.impl.SemanticSearchServiceHelperTest"/>
  <testcase name="testGetAttributeIdentifiers" time="0.001" classname="org.molgenis.semanticsearch.service.impl.SemanticSearchServiceHelperTest"/>
  <testcase name="testCreateTargetAttributeQueryTerms" time="0.014" classname="org.molgenis.semanticsearch.service.impl.SemanticSearchServiceHelperTest"/>
  <testcase name="testSearchUnicode" time="0.002" classname="org.molgenis.semanticsearch.service.impl.SemanticSearchServiceHelperTest"/>
  <testcase name="testCreateShouldQueryRule" time="0.006" classname="org.molgenis.semanticsearch.service.impl.SemanticSearchServiceHelperTest"/>
  <testcase name="testSearchUnderScore" time="0.001" classname="org.molgenis.semanticsearch.service.impl.SemanticSearchServiceHelperTest"/>
  <testcase name="testCreateDisMaxQueryRule" time="0.038" classname="org.molgenis.semanticsearch.service.impl.SemanticSearchServiceHelperTest"/>
  <testcase name="testSearchCircumflex" time="0.001" classname="org.molgenis.semanticsearch.service.impl.SemanticSearchServiceHelperTest"/>
  <testcase name="testParseBoostQueryString" time="0.004" classname="org.molgenis.semanticsearch.service.impl.SemanticSearchServiceHelperTest"/>
  <testcase name="testSearchTilde" time="0.002" classname="org.molgenis.semanticsearch.service.impl.SemanticSearchServiceHelperTest"/>
</testsuite> <!-- org.molgenis.semanticsearch.service.impl.SemanticSearchServiceHelperTest -->
