<?xml version="1.0" encoding="UTF-8" ?><testsuite errors="0" name="jasmine.specs" tests="288" failures="0" skipped="0" hostname="localhost" time="0.0" timestamp="2018-05-30T09:10:47"><testcase classname="jasmine" name="Helper test suite formatKM exists" time="0.0" failure="false"/><testcase classname="jasmine" name="Helper test suite formatKM returns undefined if the argument is undefined" time="0.0" failure="false"/><testcase classname="jasmine" name="Helper test suite formatKM returns 0 min if the argument is 0" time="0.0" failure="false"/><testcase classname="jasmine" name="Helper test suite formatKM formats natural numbers correctly" time="0.0" failure="false"/><testcase classname="jasmine" name="Helper test suite formatKM formats non-natural numbers correctly" time="0.0" failure="false"/><testcase classname="jasmine" name="Helper test suite formatting duration in detail returns '-' if duration is not defined" time="0.0" failure="false"/><testcase classname="jasmine" name="Helper test suite formatting duration in detail returns formatted duration for 800 min" time="0.0" failure="false"/><testcase classname="jasmine" name="Helper test suite formatting duration in detail returns formatted duration for 8000 min" time="0.0" failure="false"/><testcase classname="jasmine" name="Helper test suite formatting duration in detail returns formatted duration for 70 min" time="0.0" failure="false"/><testcase classname="jasmine" name="Helper test suite formatting duration in detail returns formatted duration for 5 min" time="0.0" failure="false"/><testcase classname="jasmine" name="Helper test suite closePopups for all popups" time="0.0" failure="false"/><testcase classname="jasmine" name="SelectableAwareCollection instantiation can be instantiated" time="0.0" failure="false"/><testcase classname="jasmine" name="SelectableAwareCollection instantiation can be instantiated with params" time="0.0" failure="false"/><testcase classname="jasmine" name="SelectableAwareCollection selectable aware functionality deselect all other elements if an element is selected" time="0.0" failure="false"/><testcase classname="jasmine" name="SelectableAwareCollection selectable aware functionality triggers selectedchanged if an element is selected" time="0.0" failure="false"/><testcase classname="jasmine" name="SelectableAwareCollection selectable aware functionality finds selected element" time="0.0" failure="false"/><testcase classname="jasmine" name="SelectableAwareCollection selectable aware functionality sets the element with defaultValue = true as selected" time="0.0" failure="false"/><testcase classname="jasmine" name="Server can be instantiated" time="0.0" failure="false"/><testcase classname="jasmine" name="Server has function generateDetailsUrl" time="0.0" failure="false"/><testcase classname="jasmine" name="Server has function getRouteDetails" time="0.0" failure="false"/><testcase classname="jasmine" name="Server has function geoCode" time="0.0" failure="false"/><testcase classname="jasmine" name="Server has function countries" time="0.0" failure="false"/><testcase classname="jasmine" name="Server has function getActiveSeaports" time="0.0" failure="false"/><testcase classname="jasmine" name="Server has function terminals" time="0.0" failure="false"/><testcase classname="jasmine" name="Servers geoCode fails if no request comes in" time="0.0" failure="false"/><testcase classname="jasmine" name="Servers geoCode fails if strange request comes in" time="0.0" failure="false"/><testcase classname="jasmine" name="Servers geoCode does the request" time="0.0" failure="false"/><testcase classname="jasmine" name="Servers geoCode alerts if invalid structure is coming back from server" time="0.0" failure="false"/><testcase classname="jasmine" name="Servers geoCode executes the callback" time="0.0" failure="false"/><testcase classname="jasmine" name="Servers get active seaports does the request" time="0.0" failure="false"/><testcase classname="jasmine" name="Servers get active seaports alerts if invalid structure is coming back from server" time="0.0" failure="false"/><testcase classname="jasmine" name="Servers get active seaports executes the callback" time="0.0" failure="false"/><testcase classname="jasmine" name="Servers terminals does the request" time="0.0" failure="false"/><testcase classname="jasmine" name="Servers terminals alerts if invalid structure is coming back from server" time="0.0" failure="false"/><testcase classname="jasmine" name="Servers terminals executes the callback" time="0.0" failure="false"/><testcase classname="jasmine" name="Servers seaportConnections fails if no request comes in" time="0.0" failure="false"/><testcase classname="jasmine" name="Servers seaportConnections alerts if invalid structure is coming back from server" time="0.0" failure="false"/><testcase classname="jasmine" name="Servers seaportConnections executes the callback" time="0.0" failure="false"/><testcase classname="jasmine" name="TemplateManager can be instatiated" time="0.0" failure="false"/><testcase classname="jasmine" name="TemplateManager can be instatiated" time="0.0" failure="false"/><testcase classname="jasmine" name="TemplateManager has method to load a template" time="0.0" failure="false"/><testcase classname="jasmine" name="TemplateManager throws on error" time="0.0" failure="false"/><testcase classname="jasmine" name="TemplateManager loads a template" time="0.0" failure="false"/><testcase classname="jasmine" name="TemplateManager caches a template" time="0.0" failure="false"/><testcase classname="jasmine" name="ErrorObjectSyntaxChecker test suite instantiation can be instantiated" time="0.0" failure="false"/><testcase classname="jasmine" name="ErrorObjectSyntaxChecker test suite hasAllProperties true" time="0.0" failure="false"/><testcase classname="jasmine" name="ErrorObjectSyntaxChecker test suite hasAllProperties without code" time="0.0" failure="false"/><testcase classname="jasmine" name="ErrorObjectSyntaxChecker test suite hasAllProperties without message" time="0.0" failure="false"/><testcase classname="jasmine" name="ErrorObjectSyntaxChecker test suite allPropertiesDefined true" time="0.0" failure="false"/><testcase classname="jasmine" name="ErrorObjectSyntaxChecker test suite allPropertiesDefined message not defined" time="0.0" failure="false"/><testcase classname="jasmine" name="ErrorObjectSyntaxChecker test suite allPropertiesDefined code not defined" time="0.0" failure="false"/><testcase classname="jasmine" name="ErrorObjectSyntaxChecker test suite isValid true" time="0.0" failure="false"/><testcase classname="jasmine" name="ErrorObjectSyntaxChecker test suite isValid properties not defined" time="0.0" failure="false"/><testcase classname="jasmine" name="ErrorObjectSyntaxChecker test suite isValid not all properties available" time="0.0" failure="false"/><testcase classname="jasmine" name="ErrorObjectSyntaxChecker test suite isValid properties not defined and not all properties available" time="0.0" failure="false"/><testcase classname="jasmine" name="ErrorObjectSyntaxChecker test suite isValidJSONString true" time="0.0" failure="false"/><testcase classname="jasmine" name="ErrorObjectSyntaxChecker test suite isValidJSONString cannot parse" time="0.0" failure="false"/><testcase classname="jasmine" name="ErrorObjectSyntaxChecker test suite isValidJSONString is not valid" time="0.0" failure="false"/><testcase classname="jasmine" name="AddressListList can be instantiated" time="0.0" failure="false"/><testcase classname="jasmine" name="AddressListList takes elements of type AddressListModel" time="0.0" failure="false"/><testcase classname="jasmine" name="AddressListList has an no selected element until one is actively selected" time="0.0" failure="false"/><testcase classname="jasmine" name="AddressListList sets its selectedAddressOfAddressList property when one of its elements is selected" time="0.0" failure="false"/><testcase classname="jasmine" name="AddressListList changes its selectedAddressOfAddressList property when another element is selected" time="0.0" failure="false"/><testcase classname="jasmine" name="AddressListList resets the selected flag of its members when a different member is selected" time="0.0" failure="false"/><testcase classname="jasmine" name="AddressList can be instantiated" time="0.0" failure="false"/><testcase classname="jasmine" name="AddressList takes elements of type Address" time="0.0" failure="false"/><testcase classname="jasmine" name="Address with nothing set can be instantiated" time="0.0" failure="false"/><testcase classname="jasmine" name="Address with nothing set has property latitude" time="0.0" failure="false"/><testcase classname="jasmine" name="Address with nothing set has property longitude" time="0.0" failure="false"/><testcase classname="jasmine" name="Address with nothing set has property displayName" time="0.0" failure="false"/><testcase classname="jasmine" name="GeoCodeRequest with nothing set is empty" time="0.0" failure="false"/><testcase classname="jasmine" name="GeoCodeRequest can be instantiated" time="0.0" failure="false"/><testcase classname="jasmine" name="GeoCodeRequest has property street" time="0.0" failure="false"/><testcase classname="jasmine" name="GeoCodeRequest has property postalcode" time="0.0" failure="false"/><testcase classname="jasmine" name="GeoCodeRequest has property city" time="0.0" failure="false"/><testcase classname="jasmine" name="GeoCodeRequest has property country" time="0.0" failure="false"/><testcase classname="jasmine" name="GeoCodeRequest has getQueryStringMethod" time="0.0" failure="false"/><testcase classname="jasmine" name="GeoCodeRequest querystring contains city parameter " time="0.0" failure="false"/><testcase classname="jasmine" name="GeoCodeRequest querystring does not contain street parameter" time="0.0" failure="false"/><testcase classname="jasmine" name="GeoCodeRequest has the default country set as selected if nothing else selected" time="0.0" failure="false"/><testcase classname="jasmine" name="GeoCodeRequests with mores than city set querystring contains city parameter " time="0.0" failure="false"/><testcase classname="jasmine" name="GeoCodeRequests with mores than city set querystring contains street parameter " time="0.0" failure="false"/><testcase classname="jasmine" name="GeoCodeRequests with mores than city set querystring contains concatinations" time="0.0" failure="false"/><testcase classname="jasmine" name="GeoCodeRequests with mores than city set is empty is false" time="0.0" failure="false"/><testcase classname="jasmine" name="GeoCodeRequests with special characters querystring is encoded" time="0.0" failure="false"/><testcase classname="jasmine" name="GeoCoding instanciation fails without server in options" time="0.0" failure="false"/><testcase classname="jasmine" name="GeoCoding can be instantiated with server" time="0.0" failure="false"/><testcase classname="jasmine" name="GeoCoding has request" time="0.0" failure="false"/><testcase classname="jasmine" name="GeoCoding has result list" time="0.0" failure="false"/><testcase classname="jasmine" name="GeoCoding has result list" time="0.0" failure="false"/><testcase classname="jasmine" name="GeoCoding search interaction returns request" time="0.0" failure="false"/><testcase classname="jasmine" name="GeoCoding search interaction returns results" time="0.0" failure="false"/><testcase classname="jasmine" name="GeoCoding search interaction executes server-request on changes to its request" time="0.0" failure="false"/><testcase classname="jasmine" name="GeoCoding search interaction resets adresses on callback" time="0.0" failure="false"/><testcase classname="jasmine" name="GeoCoding address selection has addresses" time="0.0" failure="false"/><testcase classname="jasmine" name="GeoCoding address selection has no selected one by default" time="0.0" failure="false"/><testcase classname="jasmine" name="GeoCoding address selection has selected when setting one" time="0.0" failure="false"/><testcase classname="jasmine" name="GeoCoding address selection has new when setting anotherone" time="0.0" failure="false"/><testcase classname="jasmine" name="GeoCoding address selection works on double-select" time="0.0" failure="false"/><testcase classname="jasmine" name="Seaport can be instantiated" time="0.0" failure="false"/><testcase classname="jasmine" name="Seaport has a name" time="0.0" failure="false"/><testcase classname="jasmine" name="Seaport has possibleTypes" time="0.0" failure="false"/><testcase classname="jasmine" name="Seaport has canAcceptTransport Method" time="0.0" failure="false"/><testcase classname="jasmine" name="SeaportList can be instantiated" time="0.0" failure="false"/><testcase classname="jasmine" name="SeaportList has no elements by default" time="0.0" failure="false"/><testcase classname="jasmine" name="SeaportList has filterByPossibleType function" time="0.0" failure="false"/><testcase classname="jasmine" name="SeaportList filterByPossibleType returns empty array by default" time="0.0" failure="false"/><testcase classname="jasmine" name="Terminal test suite can be instatiated" time="0.0" failure="false"/><testcase classname="jasmine" name="TerminalList test suite can be instantiated" time="0.0" failure="false"/><testcase classname="jasmine" name="TrianglePoints can be instatiated" time="0.0" failure="false"/><testcase classname="jasmine" name="TrianglePoints accepts addresses" time="0.0" failure="false"/><testcase classname="jasmine" name="TrianglePoints accepts terminals" time="0.0" failure="false"/><testcase classname="jasmine" name="TrianglePoints accepts terminals and addresses at once" time="0.0" failure="false"/><testcase classname="jasmine" name="TrianglePoints accepts seaports" time="0.0" failure="false"/><testcase classname="jasmine" name="TrianglePoints accepts seaports, terminals and addresses at once" time="0.0" failure="false"/><testcase classname="jasmine" name="TrianglePoints has getRoutePairs function" time="0.0" failure="false"/><testcase classname="jasmine" name="TrianglePoints returns correct route pairs" time="0.0" failure="false"/><testcase classname="jasmine" name="TrianglePoints calls server for route-details on getRoutePairs" time="0.0" failure="false"/><testcase classname="jasmine" name="TrianglePoints sets totals and part-details correctly upon getRoutePairs" time="0.0" failure="false"/><testcase classname="jasmine" name="TrianglePoints removes item when routepart is destroyed" time="0.0" failure="false"/><testcase classname="jasmine" name="TrianglePoints moves items up and down on two" time="0.0" failure="false"/><testcase classname="jasmine" name="TrianglePoints moves items up and down" time="0.0" failure="false"/><testcase classname="jasmine" name="TriangleRoutePart can be instatiated" time="0.0" failure="false"/><testcase classname="jasmine" name="TriangleRoutePart has from and to" time="0.0" failure="false"/><testcase classname="jasmine" name="TriangleRoutingApp can be instatiated" time="0.0" failure="false"/><testcase classname="jasmine" name="AddressCategoryView instanciation without model fails" time="0.0" failure="false"/><testcase classname="jasmine" name="AddressCategoryView instanciation works all needed parameters" time="0.0" failure="false"/><testcase classname="jasmine" name="AddressCategoryView rendering shows no message on initial load" time="0.0" failure="false"/><testcase classname="jasmine" name="AddressCategoryView rendering shows 'no results found' message on search with no results" time="0.0" failure="false"/><testcase classname="jasmine" name="AddressCategoryView rendering shows '' message on no search with results (maybe not in real life :-))" time="0.0" failure="false"/><testcase classname="jasmine" name="AddressCategoryView rendering renders itself to target on load" time="0.0" failure="false"/><testcase classname="jasmine" name="AddressCategoryView rendering re-renders itself to target on reset" time="0.0" failure="false"/><testcase classname="jasmine" name="AddressCategoryView rendering re-renders itself to target on add and remove" time="0.0" failure="false"/><testcase classname="jasmine" name="AddressCategoryView rendering renders child-content" time="0.0" failure="false"/><testcase classname="jasmine" name="AddressListView instanciation without model fails" time="0.0" failure="false"/><testcase classname="jasmine" name="AddressListView instanciation works all needed parameters" time="0.0" failure="false"/><testcase classname="jasmine" name="AddressListView rendering renders itself to target on load" time="0.0" failure="false"/><testcase classname="jasmine" name="AddressListView rendering re-renders itself to target on reset" time="0.0" failure="false"/><testcase classname="jasmine" name="AddressListView rendering re-renders itself to target on add and remove" time="0.0" failure="false"/><testcase classname="jasmine" name="AddressListView rendering renders child-content" time="0.0" failure="false"/><testcase classname="jasmine" name="AddressView cannot be instantiated without options" time="0.0" failure="false"/><testcase classname="jasmine" name="AddressView cannot be instantiated without template in options" time="0.0" failure="false"/><testcase classname="jasmine" name="AddressView cannot be instantiated with non-existing template in options" time="0.0" failure="false"/><testcase classname="jasmine" name="AddressView cannot be instantiated without model in options" time="0.0" failure="false"/><testcase classname="jasmine" name="AddressView can be instantiated with template and model in options" time="0.0" failure="false"/><testcase classname="jasmine" name="AddressView renders" time="0.0" failure="false"/><testcase classname="jasmine" name="A AddressListView instantiation cannot be instantiated without a model" time="0.0" failure="false"/><testcase classname="jasmine" name="A AddressListView rendering can be instantiated with a model" time="0.0" failure="false"/><testcase classname="jasmine" name="A AddressListView rendering html contains all important classes" time="0.0" failure="false"/><testcase classname="jasmine" name="A AddressView instantiation cannot be instantiated without a model" time="0.0" failure="false"/><testcase classname="jasmine" name="A AddressView rendering can be instantiated with a model" time="0.0" failure="false"/><testcase classname="jasmine" name="A AddressView rendering displayes displayName correctly" time="0.0" failure="false"/><testcase classname="jasmine" name="A AddressView rendering swiches selected when calling method selectAddress" time="0.0" failure="false"/><testcase classname="jasmine" name="A BootstrapDropDownView instantiation cannot be instantiated without a model" time="0.0" failure="false"/><testcase classname="jasmine" name="A BootstrapDropDownView rendering can be instantiated with a model" time="0.0" failure="false"/><testcase classname="jasmine" name="A BootstrapDropDownView rendering has Bootstrap button group" time="0.0" failure="false"/><testcase classname="jasmine" name="A BootstrapDropDownView rendering renders children of Bootstrap button group" time="0.0" failure="false"/><testcase classname="jasmine" name="A BootstrapDropDownView rendering renders new children if added" time="0.0" failure="false"/><testcase classname="jasmine" name="A BootstrapDropDownView rendering calls selectedchanged method if an element is clicked" time="0.0" failure="false"/><testcase classname="jasmine" name="A BootstrapDropDownView rendering triggers change event when element was not selected" time="0.0" failure="false"/><testcase classname="jasmine" name="A BootstrapDropDownView rendering triggers no change event when element is selected" time="0.0" failure="false"/><testcase classname="jasmine" name="GeoCodeRequestView instanciation without model fails" time="0.0" failure="false"/><testcase classname="jasmine" name="GeoCodeRequestView instanciation works all needed parameters" time="0.0" failure="false"/><testcase classname="jasmine" name="GeoCodeRequestView instanciation calls resetForm method if the reset button was clicked" time="0.0" failure="false"/><testcase classname="jasmine" name="GeoCodeRequestView instanciation has a country select box in Bootstrap Dropdown Style" time="0.0" failure="false"/><testcase classname="jasmine" name="GeoCodeRequestView reset triggers reset event" time="0.0" failure="false"/><testcase classname="jasmine" name="A TerminalView instantiation cannot be instantiated if its template does not exist in the dom" time="0.0" failure="false"/><testcase classname="jasmine" name="A TerminalView rendering can be instantiated if its template is found" time="0.0" failure="false"/><testcase classname="jasmine" name="A TerminalView rendering renders its name" time="0.0" failure="false"/><testcase classname="jasmine" name="TrianglePointsView instanciation without model fails" time="0.0" failure="false"/><testcase classname="jasmine" name="TrianglePointsView instanciation works all needed parameters" time="0.0" failure="false"/><testcase classname="jasmine" name="TrianglePointsView instanciation renders itself to target on load" time="0.0" failure="false"/><testcase classname="jasmine" name="TrianglePointsView instanciation re-renders itself to target on reset" time="0.0" failure="false"/><testcase classname="jasmine" name="TrianglePointsView instanciation re-renders itself to target on add and remove" time="0.0" failure="false"/><testcase classname="jasmine" name="TrianglePointsView instanciation re-renders itself on repositioning of items" time="0.0" failure="false"/><testcase classname="jasmine" name="TrianglePointsView instanciation clears list on click on trashcan" time="0.0" failure="false"/><testcase classname="jasmine" name="TriangleRoutePartView without model fails" time="0.0" failure="false"/><testcase classname="jasmine" name="TriangleRoutePartView works all needed parameters" time="0.0" failure="false"/><testcase classname="jasmine" name="TriangleRoutePartView renders itself to target on load" time="0.0" failure="false"/><testcase classname="jasmine" name="TriangleRoutePartView renders name of location" time="0.0" failure="false"/><testcase classname="jasmine" name="TriangleRoutePartView renders name of address" time="0.0" failure="false"/><testcase classname="jasmine" name="TriangleRoutePartView triggers destoy on trashcan-click" time="0.0" failure="false"/><testcase classname="jasmine" name="TriangleRoutePartView triggers up on upclick" time="0.0" failure="false"/><testcase classname="jasmine" name="TriangleRoutePartView triggers down on downclick" time="0.0" failure="false"/><testcase classname="jasmine" name="TriangleRouteTotalView without model fails" time="0.0" failure="false"/><testcase classname="jasmine" name="TriangleRouteTotalView works all needed parameters" time="0.0" failure="false"/><testcase classname="jasmine" name="TriangleRouteTotalView renders itself to target on load" time="0.0" failure="false"/><testcase classname="jasmine" name="TriangleRouteTotalView renders total stops" time="0.0" failure="false"/><testcase classname="jasmine" name="TriangleRouteTotalView renders distance" time="0.0" failure="false"/><testcase classname="jasmine" name="TriangleRouteTotalView renders toll distance" time="0.0" failure="false"/><testcase classname="jasmine" name="TriangleRouteTotalView renders duration" time="0.0" failure="false"/><testcase classname="jasmine" name="TriangleRouteTotalView renders clear button" time="0.0" failure="false"/><testcase classname="jasmine" name="TriangleRouteTotalView re-renders itself to target on change" time="0.0" failure="false"/><testcase classname="jasmine" name="A TriangularTrafficDropDownView instantiation cannot be instantiated without a model" time="0.0" failure="false"/><testcase classname="jasmine" name="A TriangularTrafficDropDownView rendering can be instantiated with a model" time="0.0" failure="false"/><testcase classname="jasmine" name="A TriangularTrafficDropDownView rendering renders all options" time="0.0" failure="false"/><testcase classname="jasmine" name="A TriangularTrafficDropDownView rendering sets default value" time="0.0" failure="false"/><testcase classname="jasmine" name="A TriangularTrafficDropDownView rendering sets no default value - nothing in the list" time="0.0" failure="false"/><testcase classname="jasmine" name="A TriangularTrafficDropDownView rendering sets first element to selected without default value" time="0.0" failure="false"/><testcase classname="jasmine" name="A TriangularTrafficDropDownView rendering ignores invisible elements" time="0.0" failure="false"/><testcase classname="jasmine" name="ConnectionApp can be instantiated" time="0.0" failure="false"/><testcase classname="jasmine" name="ConnectionApp start create" time="0.0" failure="false"/><testcase classname="jasmine" name="ConnectionApp start update" time="0.0" failure="false"/><testcase classname="jasmine" name="ConnectionApp loadModels" time="0.0" failure="false"/><testcase classname="jasmine" name="ConnectionApp loadModels empty seaports" time="0.0" failure="false"/><testcase classname="jasmine" name="ConnectionApp loadModels with seaport loading error" time="0.0" failure="false"/><testcase classname="jasmine" name="ConnectionApp loadModels empty terminals" time="0.0" failure="false"/><testcase classname="jasmine" name="ConnectionApp loadModels with terminal loading error" time="0.0" failure="false"/><testcase classname="jasmine" name="ConnectionApp loadModels with types loading error" time="0.0" failure="false"/><testcase classname="jasmine" name="ConnectionApp loadModels without connectionId" time="0.0" failure="false"/><testcase classname="jasmine" name="ConnectionApp loadModels with connection loading error" time="0.0" failure="false"/><testcase classname="jasmine" name="ConnectionApp registers update seaport event" time="0.0" failure="false"/><testcase classname="jasmine" name="ConnectionApp registers update terminal event" time="0.0" failure="false"/><testcase classname="jasmine" name="ConnectionApp registers update route type event" time="0.0" failure="false"/><testcase classname="jasmine" name="ConnectionApp adds subconnections" time="0.0" failure="false"/><testcase classname="jasmine" name="ConnectionApp removes subconnections" time="0.0" failure="false"/><testcase classname="jasmine" name="ConnectionApp creates new connection" time="0.0" failure="false"/><testcase classname="jasmine" name="ConnectionApp creates new connection with error" time="0.0" failure="false"/><testcase classname="jasmine" name="ConnectionApp updates connection" time="0.0" failure="false"/><testcase classname="jasmine" name="ConnectionApp updates connection with error" time="0.0" failure="false"/><testcase classname="jasmine" name="ConnectionApp handles save error" time="0.0" failure="false"/><testcase classname="jasmine" name="ConnectionApp handles save error with invalid error object" time="0.0" failure="false"/><testcase classname="jasmine" name="ConnectionMapper creates barge subconnection from json" time="0.0" failure="false"/><testcase classname="jasmine" name="ConnectionMapper creates rail subconnection from json" time="0.0" failure="false"/><testcase classname="jasmine" name="ConnectionMapper creates connection from json" time="0.0" failure="false"/><testcase classname="jasmine" name="ConnectionMapper converts subconnections to json" time="0.0" failure="false"/><testcase classname="jasmine" name="ConnectionMapper converts barge subconnection to json" time="0.0" failure="false"/><testcase classname="jasmine" name="ConnectionMapper converts rail subconnection to json" time="0.0" failure="false"/><testcase classname="jasmine" name="ConnectionMapper converts connection to json" time="0.0" failure="false"/><testcase classname="jasmine" name="Connection updates terminal" time="0.0" failure="false"/><testcase classname="jasmine" name="Connection updates seaport" time="0.0" failure="false"/><testcase classname="jasmine" name="Connection updates seaport with subconnections" time="0.0" failure="false"/><testcase classname="jasmine" name="Connection updates route type" time="0.0" failure="false"/><testcase classname="jasmine" name="Connection updates route type to barge-rail with empty subconnections" time="0.0" failure="false"/><testcase classname="jasmine" name="Connection updates route type to barge-rail with non-empty subconnections" time="0.0" failure="false"/><testcase classname="jasmine" name="Connection updates route type from barge-rail to barge" time="0.0" failure="false"/><testcase classname="jasmine" name="Connection creates Subconnection empty list" time="0.0" failure="false"/><testcase classname="jasmine" name="Connection creates Subconnection non-empty list" time="0.0" failure="false"/><testcase classname="jasmine" name="Connection creates Subconnection non-empty list but matching endpoints" time="0.0" failure="false"/><testcase classname="jasmine" name="Connection has a valid terminal in its last subconnection" time="0.0" failure="false"/><testcase classname="jasmine" name="Connection has no valid terminal in its last subconnection" time="0.0" failure="false"/><testcase classname="jasmine" name="Connection has valid terminal in its last subconnection because it's not a barge-rail type" time="0.0" failure="false"/><testcase classname="jasmine" name="ConnectionEndpoints sets Selected silent" time="0.0" failure="false"/><testcase classname="jasmine" name="ConnectionEndpoints sets Selected" time="0.0" failure="false"/><testcase classname="jasmine" name="ConnectionEndpoints sets Selected undefined silent" time="0.0" failure="false"/><testcase classname="jasmine" name="ConnectionEndpoints sets undefined Selected" time="0.0" failure="false"/><testcase classname="jasmine" name="ConnectionEndpoints gets selected name" time="0.0" failure="false"/><testcase classname="jasmine" name="ConnectionEndpoints gets selected element" time="0.0" failure="false"/><testcase classname="jasmine" name="ConnectionEndpoints gets element by its unique id" time="0.0" failure="false"/><testcase classname="jasmine" name="RouteTypes sets Selected silent" time="0.0" failure="false"/><testcase classname="jasmine" name="RouteTypes sets Selected" time="0.0" failure="false"/><testcase classname="jasmine" name="RouteTypes sets Selected undefined silent" time="0.0" failure="false"/><testcase classname="jasmine" name="RouteTypes sets undefined Selected" time="0.0" failure="false"/><testcase classname="jasmine" name="RouteTypes gets selected element" time="0.0" failure="false"/><testcase classname="jasmine" name="Connection View renders barge connection" time="0.0" failure="false"/><testcase classname="jasmine" name="Connection View renders barge-rail connection" time="0.0" failure="false"/><testcase classname="jasmine" name="Connection View updates enabled" time="0.0" failure="false"/><testcase classname="jasmine" name="Connection View updates connection" time="0.0" failure="false"/><testcase classname="jasmine" name="Connection View has a subconnection matching error" time="0.0" failure="false"/><testcase classname="jasmine" name="Connection View has no subconnection matching error" time="0.0" failure="false"/><testcase classname="jasmine" name="Connection View displays error if an input has a form error" time="0.0" failure="false"/><testcase classname="jasmine" name="Connection View displays error if subconnection has matching error" time="0.0" failure="false"/><testcase classname="jasmine" name="Distances View renders for barge connection" time="0.0" failure="false"/><testcase classname="jasmine" name="Distances View renders for barge connection without direct truck" time="0.0" failure="false"/><testcase classname="jasmine" name="Distances View renders for rail connection" time="0.0" failure="false"/><testcase classname="jasmine" name="Distances View renders for dtruck connection" time="0.0" failure="false"/><testcase classname="jasmine" name="Distances View updates barge" time="0.0" failure="false"/><testcase classname="jasmine" name="Distances View updates rail diesel" time="0.0" failure="false"/><testcase classname="jasmine" name="Distances View updates rail electric" time="0.0" failure="false"/><testcase classname="jasmine" name="Distances View updates road" time="0.0" failure="false"/><testcase classname="jasmine" name="Distances View updates its model attributes" time="0.0" failure="false"/><testcase classname="jasmine" name="Route Types View renders" time="0.0" failure="false"/><testcase classname="jasmine" name="Route Types View updates" time="0.0" failure="false"/><testcase classname="jasmine" name="Seaports View renders" time="0.0" failure="false"/><testcase classname="jasmine" name="Seaports View updates" time="0.0" failure="false"/><testcase classname="jasmine" name="Subconnections View renders" time="0.0" failure="false"/><testcase classname="jasmine" name="Subconnections View renders barge subconnection" time="0.0" failure="false"/><testcase classname="jasmine" name="Subconnections View renders rail subconnection" time="0.0" failure="false"/><testcase classname="jasmine" name="Subconnections View renders for latest subconnection" time="0.0" failure="false"/><testcase classname="jasmine" name="Subconnections View renders for latest and only subconnection" time="0.0" failure="false"/><testcase classname="jasmine" name="Subconnections View updates barge" time="0.0" failure="false"/><testcase classname="jasmine" name="Subconnections View updates rail diesel" time="0.0" failure="false"/><testcase classname="jasmine" name="Subconnections View updates rail electric" time="0.0" failure="false"/><testcase classname="jasmine" name="Subconnections View updates endpoint2" time="0.0" failure="false"/><testcase classname="jasmine" name="Subconnections View adds a new subconnection" time="0.0" failure="false"/><testcase classname="jasmine" name="Subconnections View removes a new subconnection" time="0.0" failure="false"/><testcase classname="jasmine" name="Terminals View renders" time="0.0" failure="false"/><testcase classname="jasmine" name="Terminals View updates" time="0.0" failure="false"/></testsuite>