<?xml version="1.0" encoding="UTF-8"?>
<!-- Generated by org.testng.reporters.JUnitReportReporter -->
<testsuite hostname="spirals-vortex.lille.inria.fr" name="org.molgenis.script.core.ScriptUtilsTest" tests="1" failures="0" timestamp="30 May 2018 12:44:50 GMT" time="1.551" errors="0">
  <testcase name="testGenerateScript" time="1.551" classname="org.molgenis.script.core.ScriptUtilsTest"/>
</testsuite> <!-- org.molgenis.script.core.ScriptUtilsTest -->
