<?xml version="1.0" encoding="UTF-8"?>
<!-- Generated by org.testng.reporters.JUnitReportReporter -->
<testsuite hostname="spirals-vortex.lille.inria.fr" name="org.molgenis.script.core.ScriptTypePopulatorTest" tests="2" failures="0" timestamp="25 May 2018 09:37:16 GMT" time="0.551" errors="0">
  <testcase name="populateNoChanges" time="0.387" classname="org.molgenis.script.core.ScriptTypePopulatorTest"/>
  <testcase name="populate" time="0.164" classname="org.molgenis.script.core.ScriptTypePopulatorTest"/>
</testsuite> <!-- org.molgenis.script.core.ScriptTypePopulatorTest -->
