<?xml version="1.0" encoding="UTF-8"?>
<testsuite xmlns:xsi="http://www.w3.org/2001/XMLSchema-instance" xsi:schemaLocation="https://maven.apache.org/surefire/maven-surefire-plugin/xsd/surefire-test-report.xsd" name="TestSuite" time="1.806" tests="58" errors="0" skipped="0" failures="0">
  <properties>
    <property name="java.runtime.name" value="OpenJDK Runtime Environment"/>
    <property name="sun.boot.library.path" value="/usr/lib/jvm/java-8-openjdk-amd64/jre/lib/amd64"/>
    <property name="java.vm.version" value="25.121-b13"/>
    <property name="java.vm.vendor" value="Oracle Corporation"/>
    <property name="maven.multiModuleProjectDirectory" value="/root/workspace/mark-de-haan/molgenis/384626428"/>
    <property name="java.vendor.url" value="http://java.oracle.com/"/>
    <property name="path.separator" value=":"/>
    <property name="guice.disable.misplaced.annotation.check" value="true"/>
    <property name="skip.gulp" value="true"/>
    <property name="java.vm.name" value="OpenJDK 64-Bit Server VM"/>
    <property name="file.encoding.pkg" value="sun.io"/>
    <property name="sun.java.launcher" value="SUN_STANDARD"/>
    <property name="sun.os.patch.level" value="unknown"/>
    <property name="findbugs.skip" value="true"/>
    <property name="java.vm.specification.name" value="Java Virtual Machine Specification"/>
    <property name="user.dir" value="/root/workspace/mark-de-haan/molgenis/384626428"/>
    <property name="checkstyle.skip" value="true"/>
    <property name="java.runtime.version" value="1.8.0_121-8u121-b13-1~bpo8+1-b13"/>
    <property name="java.awt.graphicsenv" value="sun.awt.X11GraphicsEnvironment"/>
    <property name="skip.npm" value="true"/>
    <property name="java.endorsed.dirs" value="/usr/lib/jvm/java-8-openjdk-amd64/jre/lib/endorsed"/>
    <property name="os.arch" value="amd64"/>
    <property name="java.io.tmpdir" value="/tmp"/>
    <property name="gpg.skip" value="true"/>
    <property name="line.separator" value="&#10;"/>
    <property name="java.vm.specification.vendor" value="Oracle Corporation"/>
    <property name="cobertura.skip" value="true"/>
    <property name="os.name" value="Linux"/>
    <property name="classworlds.conf" value="/usr/share/maven/bin/m2.conf"/>
    <property name="sun.jnu.encoding" value="UTF-8"/>
    <property name="java.library.path" value="/usr/java/packages/lib/amd64:/usr/lib/x86_64-linux-gnu/jni:/lib/x86_64-linux-gnu:/usr/lib/x86_64-linux-gnu:/usr/lib/jni:/lib:/usr/lib"/>
    <property name="license.skip" value="true"/>
    <property name="java.specification.name" value="Java Platform API Specification"/>
    <property name="java.class.version" value="52.0"/>
    <property name="sun.management.compiler" value="HotSpot 64-Bit Tiered Compilers"/>
    <property name="skip.bower" value="true"/>
    <property name="maven.repo.local" value="/root/./workspace/mark-de-haan/molgenis/384626428/.m2"/>
    <property name="os.version" value="3.10.0-862.2.3.el7.x86_64"/>
    <property name="user.home" value="/root"/>
    <property name="user.timezone" value="Europe/Paris"/>
    <property name="java.awt.printerjob" value="sun.print.PSPrinterJob"/>
    <property name="java.specification.version" value="1.8"/>
    <property name="file.encoding" value="UTF-8"/>
    <property name="user.name" value="root"/>
    <property name="java.class.path" value="/usr/share/maven/boot/plexus-classworlds-2.5.2.jar"/>
    <property name="skipITs" value="true"/>
    <property name="java.vm.specification.version" value="1.8"/>
    <property name="sun.arch.data.model" value="64"/>
    <property name="java.home" value="/usr/lib/jvm/java-8-openjdk-amd64/jre"/>
    <property name="sun.java.command" value="org.codehaus.plexus.classworlds.launcher.Launcher -B -D enforcer.skip=true -D dependency-check.skip=true -D skipITs=true -D cobertura.skip=true -D maven.repo.local=/root/./workspace/mark-de-haan/molgenis/384626428/.m2 -D rat.skip=true -D findbugs.skip=true -D skip.bower=true -D gpg.skip=true -D checkstyle.skip=true -D skip.gulp=true -D license.skip=true -D skip.npm=true test"/>
    <property name="java.specification.vendor" value="Oracle Corporation"/>
    <property name="user.language" value="en"/>
    <property name="awt.toolkit" value="sun.awt.X11.XToolkit"/>
    <property name="dependency-check.skip" value="true"/>
    <property name="java.vm.info" value="mixed mode"/>
    <property name="java.version" value="1.8.0_121"/>
    <property name="java.ext.dirs" value="/usr/lib/jvm/java-8-openjdk-amd64/jre/lib/ext:/usr/java/packages/lib/ext"/>
    <property name="securerandom.source" value="file:/dev/./urandom"/>
    <property name="sun.boot.class.path" value="/usr/lib/jvm/java-8-openjdk-amd64/jre/lib/resources.jar:/usr/lib/jvm/java-8-openjdk-amd64/jre/lib/rt.jar:/usr/lib/jvm/java-8-openjdk-amd64/jre/lib/sunrsasign.jar:/usr/lib/jvm/java-8-openjdk-amd64/jre/lib/jsse.jar:/usr/lib/jvm/java-8-openjdk-amd64/jre/lib/jce.jar:/usr/lib/jvm/java-8-openjdk-amd64/jre/lib/charsets.jar:/usr/lib/jvm/java-8-openjdk-amd64/jre/lib/jfr.jar:/usr/lib/jvm/java-8-openjdk-amd64/jre/classes"/>
    <property name="java.vendor" value="Oracle Corporation"/>
    <property name="enforcer.skip" value="true"/>
    <property name="rat.skip" value="true"/>
    <property name="maven.home" value="/usr/share/maven"/>
    <property name="file.separator" value="/"/>
    <property name="java.vendor.url.bug" value="http://bugreport.sun.com/bugreport/"/>
    <property name="sun.cpu.endian" value="little"/>
    <property name="sun.io.unicode.encoding" value="UnicodeLittle"/>
    <property name="sun.cpu.isalist" value=""/>
  </properties>
  <testcase name="commaSeparatedEmailListRegex" classname="org.molgenis.util.RegexUtilsTest" time="0.009"/>
  <testcase name="cronJobRegex" classname="org.molgenis.util.RegexUtilsTest" time="0"/>
  <testcase name="UnexpectedEnumException" classname="org.molgenis.util.UnexpectedEnumExceptionTest" time="0.009"/>
  <testcase name="add" classname="org.molgenis.util.HugeSetTest" time="0"/>
  <testcase name="addLarge" classname="org.molgenis.util.HugeSetTest" time="0.061"/>
  <testcase name="clear" classname="org.molgenis.util.HugeSetTest" time="0.001"/>
  <testcase name="clearLarge" classname="org.molgenis.util.HugeSetTest" time="0.003"/>
  <testcase name="contains" classname="org.molgenis.util.HugeSetTest" time="0"/>
  <testcase name="containsAll" classname="org.molgenis.util.HugeSetTest" time="0.001"/>
  <testcase name="containsAllLarge" classname="org.molgenis.util.HugeSetTest" time="0.01"/>
  <testcase name="containsLarge" classname="org.molgenis.util.HugeSetTest" time="0.002"/>
  <testcase name="iterator" classname="org.molgenis.util.HugeSetTest" time="0.015"/>
  <testcase name="iteratorLarge" classname="org.molgenis.util.HugeSetTest" time="0.009"/>
  <testcase name="remove" classname="org.molgenis.util.HugeSetTest" time="0"/>
  <testcase name="removeAll" classname="org.molgenis.util.HugeSetTest" time="0"/>
  <testcase name="removeAllLarge" classname="org.molgenis.util.HugeSetTest" time="0.007"/>
  <testcase name="removeLarge" classname="org.molgenis.util.HugeSetTest" time="0.002"/>
  <testcase name="retainAll" classname="org.molgenis.util.HugeSetTest" time="0"/>
  <testcase name="retainAllLarge" classname="org.molgenis.util.HugeSetTest" time="0.004"/>
  <testcase name="toArray" classname="org.molgenis.util.HugeSetTest" time="0"/>
  <testcase name="toArrayLarge" classname="org.molgenis.util.HugeSetTest" time="0.002"/>
  <testcase name="testSendSingleMessage" classname="org.molgenis.util.mail.MailSenderImplTest" time="0.033"/>
  <testcase name="testSendTwoMessages" classname="org.molgenis.util.mail.MailSenderImplTest" time="0.001"/>
  <testcase name="testCreateMailSenderWithDefaultProperties" classname="org.molgenis.util.mail.JavaMailSenderFactoryTest" time="0.03"/>
  <testcase name="testCreateMailSenderWithSpecifiedProperties" classname="org.molgenis.util.mail.JavaMailSenderFactoryTest" time="0.003"/>
  <testcase name="testValidateConnectionInvalidConnection" classname="org.molgenis.util.mail.JavaMailSenderFactoryTest" time="0.126"/>
  <testcase name="getBytes" classname="org.molgenis.util.ResourceUtilsTest" time="0.018"/>
  <testcase name="getMySqlQueryFromFileTest" classname="org.molgenis.util.ResourceUtilsTest" time="0.005"/>
  <testcase name="getStringClassString" classname="org.molgenis.util.ResourceUtilsTest" time="0.001"/>
  <testcase name="getStringClassStringCharset" classname="org.molgenis.util.ResourceUtilsTest" time="0"/>
  <testcase name="testToLinkedMap" classname="org.molgenis.util.stream.MapCollectorsTest" time="0.009"/>
  <testcase name="testToLinkedMapDuplicateKey" classname="org.molgenis.util.stream.MapCollectorsTest" time="0.001"/>
  <testcase name="clear" classname="org.molgenis.util.HugeMapTest" time="0"/>
  <testcase name="clearLarge" classname="org.molgenis.util.HugeMapTest" time="0.006"/>
  <testcase name="containsKey" classname="org.molgenis.util.HugeMapTest" time="0"/>
  <testcase name="containsKeyLarge" classname="org.molgenis.util.HugeMapTest" time="0.002"/>
  <testcase name="containsValue" classname="org.molgenis.util.HugeMapTest" time="0"/>
  <testcase name="containsValueLarge" classname="org.molgenis.util.HugeMapTest" time="0.003"/>
  <testcase name="entrySet" classname="org.molgenis.util.HugeMapTest" time="0"/>
  <testcase name="entrySetLarge" classname="org.molgenis.util.HugeMapTest" time="0.001"/>
  <testcase name="get" classname="org.molgenis.util.HugeMapTest" time="0"/>
  <testcase name="getLarge" classname="org.molgenis.util.HugeMapTest" time="0.002"/>
  <testcase name="isEmpty" classname="org.molgenis.util.HugeMapTest" time="0"/>
  <testcase name="isEmptyLarge" classname="org.molgenis.util.HugeMapTest" time="0.002"/>
  <testcase name="keySet" classname="org.molgenis.util.HugeMapTest" time="0.025"/>
  <testcase name="keySetLarge" classname="org.molgenis.util.HugeMapTest" time="0.002"/>
  <testcase name="putAll" classname="org.molgenis.util.HugeMapTest" time="0.001"/>
  <testcase name="putAllLarge" classname="org.molgenis.util.HugeMapTest" time="0.005"/>
  <testcase name="remove" classname="org.molgenis.util.HugeMapTest" time="0.001"/>
  <testcase name="removeLarge" classname="org.molgenis.util.HugeMapTest" time="0"/>
  <testcase name="values" classname="org.molgenis.util.HugeMapTest" time="0"/>
  <testcase name="valuesLarge" classname="org.molgenis.util.HugeMapTest" time="0.001"/>
  <testcase name="toListString" classname="org.molgenis.util.ListEscapeUtilsTest" time="0.001"/>
  <testcase name="toListStringcharchar" classname="org.molgenis.util.ListEscapeUtilsTest" time="0"/>
  <testcase name="toListStringcharchar_exception" classname="org.molgenis.util.ListEscapeUtilsTest" time="0"/>
  <testcase name="toStringList" classname="org.molgenis.util.ListEscapeUtilsTest" time="0"/>
  <testcase name="toStringListcharchar" classname="org.molgenis.util.ListEscapeUtilsTest" time="0"/>
  <testcase name="toStringListcharchar_exception" classname="org.molgenis.util.ListEscapeUtilsTest" time="0.001"/>
</testsuite>