<?xml version="1.0" encoding="UTF-8"?>
<testsuite xmlns:xsi="http://www.w3.org/2001/XMLSchema-instance" xsi:noNamespaceSchemaLocation="https://maven.apache.org/surefire/maven-surefire-plugin/xsd/surefire-test-report.xsd" name="TestSuite" time="1.908" tests="58" errors="0" skipped="0" failures="0">
  <properties>
    <property name="awt.toolkit" value="sun.awt.X11.XToolkit"/>
    <property name="file.encoding.pkg" value="sun.io"/>
    <property name="java.specification.version" value="1.8"/>
    <property name="sun.cpu.isalist" value=""/>
    <property name="sun.jnu.encoding" value="UTF-8"/>
    <property name="java.class.path" value="/root/workspace/molgenis/molgenis/385661241/molgenis-util/target/test-classes:/root/workspace/molgenis/molgenis/385661241/molgenis-util/target/classes:/root/./workspace/molgenis/molgenis/385661241/.m2/org/springframework/spring-context-support/5.0.6.RELEASE/spring-context-support-5.0.6.RELEASE.jar:/root/./workspace/molgenis/molgenis/385661241/.m2/org/springframework/spring-beans/5.0.6.RELEASE/spring-beans-5.0.6.RELEASE.jar:/root/./workspace/molgenis/molgenis/385661241/.m2/org/springframework/spring-context/5.0.6.RELEASE/spring-context-5.0.6.RELEASE.jar:/root/./workspace/molgenis/molgenis/385661241/.m2/org/springframework/spring-aop/5.0.6.RELEASE/spring-aop-5.0.6.RELEASE.jar:/root/./workspace/molgenis/molgenis/385661241/.m2/org/springframework/spring-expression/5.0.6.RELEASE/spring-expression-5.0.6.RELEASE.jar:/root/./workspace/molgenis/molgenis/385661241/.m2/org/springframework/spring-core/5.0.6.RELEASE/spring-core-5.0.6.RELEASE.jar:/root/./workspace/molgenis/molgenis/385661241/.m2/org/springframework/spring-jcl/5.0.6.RELEASE/spring-jcl-5.0.6.RELEASE.jar:/root/./workspace/molgenis/molgenis/385661241/.m2/com/google/code/findbugs/findbugs-annotations/3.0.1/findbugs-annotations-3.0.1.jar:/root/./workspace/molgenis/molgenis/385661241/.m2/com/sun/mail/javax.mail/1.6.1/javax.mail-1.6.1.jar:/root/./workspace/molgenis/molgenis/385661241/.m2/javax/activation/activation/1.1.1/activation-1.1.1.jar:/root/./workspace/molgenis/molgenis/385661241/.m2/org/mapdb/mapdb/1.0.6/mapdb-1.0.6.jar:/root/./workspace/molgenis/molgenis/385661241/.m2/com/google/code/gson/gson/2.8.4/gson-2.8.4.jar:/root/workspace/molgenis/molgenis/385661241/molgenis-test/target/classes:/root/./workspace/molgenis/molgenis/385661241/.m2/org/testng/testng/6.8/testng-6.8.jar:/root/./workspace/molgenis/molgenis/385661241/.m2/junit/junit/4.12/junit-4.12.jar:/root/./workspace/molgenis/molgenis/385661241/.m2/org/hamcrest/hamcrest-core/1.3/hamcrest-core-1.3.jar:/root/./workspace/molgenis/molgenis/385661241/.m2/org/beanshell/bsh/2.0b5/bsh-2.0b5.jar:/root/./workspace/molgenis/molgenis/385661241/.m2/com/beust/jcommander/1.27/jcommander-1.27.jar:/root/./workspace/molgenis/molgenis/385661241/.m2/org/yaml/snakeyaml/1.19/snakeyaml-1.19.jar:/root/./workspace/molgenis/molgenis/385661241/.m2/org/mockito/mockito-core/2.7.22/mockito-core-2.7.22.jar:/root/./workspace/molgenis/molgenis/385661241/.m2/net/bytebuddy/byte-buddy/1.7.11/byte-buddy-1.7.11.jar:/root/./workspace/molgenis/molgenis/385661241/.m2/net/bytebuddy/byte-buddy-agent/1.7.11/byte-buddy-agent-1.7.11.jar:/root/./workspace/molgenis/molgenis/385661241/.m2/org/objenesis/objenesis/2.6/objenesis-2.6.jar:/root/./workspace/molgenis/molgenis/385661241/.m2/org/hamcrest/hamcrest-all/1.3/hamcrest-all-1.3.jar:/root/./workspace/molgenis/molgenis/385661241/.m2/javax/servlet/javax.servlet-api/3.1.0/javax.servlet-api-3.1.0.jar:/root/./workspace/molgenis/molgenis/385661241/.m2/org/springframework/spring-test/5.0.6.RELEASE/spring-test-5.0.6.RELEASE.jar:/root/./workspace/molgenis/molgenis/385661241/.m2/com/fasterxml/jackson/core/jackson-databind/2.9.5/jackson-databind-2.9.5.jar:/root/./workspace/molgenis/molgenis/385661241/.m2/com/fasterxml/jackson/core/jackson-annotations/2.9.0/jackson-annotations-2.9.0.jar:/root/./workspace/molgenis/molgenis/385661241/.m2/com/fasterxml/jackson/core/jackson-core/2.9.5/jackson-core-2.9.5.jar:/root/./workspace/molgenis/molgenis/385661241/.m2/org/springframework/boot/spring-boot-starter-logging/2.0.2.RELEASE/spring-boot-starter-logging-2.0.2.RELEASE.jar:/root/./workspace/molgenis/molgenis/385661241/.m2/ch/qos/logback/logback-classic/1.2.3/logback-classic-1.2.3.jar:/root/./workspace/molgenis/molgenis/385661241/.m2/ch/qos/logback/logback-core/1.2.3/logback-core-1.2.3.jar:/root/./workspace/molgenis/molgenis/385661241/.m2/org/apache/logging/log4j/log4j-to-slf4j/2.10.0/log4j-to-slf4j-2.10.0.jar:/root/./workspace/molgenis/molgenis/385661241/.m2/org/apache/logging/log4j/log4j-api/2.10.0/log4j-api-2.10.0.jar:/root/./workspace/molgenis/molgenis/385661241/.m2/org/slf4j/jul-to-slf4j/1.7.25/jul-to-slf4j-1.7.25.jar:/root/./workspace/molgenis/molgenis/385661241/.m2/org/slf4j/log4j-over-slf4j/1.7.25/log4j-over-slf4j-1.7.25.jar:/root/./workspace/molgenis/molgenis/385661241/.m2/org/slf4j/slf4j-api/1.7.25/slf4j-api-1.7.25.jar:/root/./workspace/molgenis/molgenis/385661241/.m2/com/google/guava/guava/25.0-jre/guava-25.0-jre.jar:/root/./workspace/molgenis/molgenis/385661241/.m2/org/apache/maven/surefire/surefire-testng-utils/2.21.0/surefire-testng-utils-2.21.0.jar:/root/./workspace/molgenis/molgenis/385661241/.m2/org/apache/maven/surefire/surefire-grouper/2.21.0/surefire-grouper-2.21.0.jar:"/>
    <property name="java.vm.vendor" value="Oracle Corporation"/>
    <property name="skip.bower" value="true"/>
    <property name="sun.arch.data.model" value="64"/>
    <property name="java.vendor.url" value="http://java.oracle.com/"/>
    <property name="user.timezone" value=""/>
    <property name="java.vm.specification.version" value="1.8"/>
    <property name="os.name" value="Linux"/>
    <property name="rat.skip" value="true"/>
    <property name="gpg.skip" value="true"/>
    <property name="sun.java.launcher" value="SUN_STANDARD"/>
    <property name="sun.boot.library.path" value="/usr/lib/jvm/java-8-openjdk-amd64/jre/lib/amd64"/>
    <property name="skip.gulp" value="true"/>
    <property name="sun.java.command" value="/root/workspace/molgenis/molgenis/385661241/molgenis-util/target/surefire/surefirebooter1097066427172838072.jar /root/workspace/molgenis/molgenis/385661241/molgenis-util/target/surefire 2018-05-30T14-44-06_300-jvmRun1 surefire7404211444477357576tmp surefire_02110484341526826830tmp"/>
    <property name="dependency-check.skip" value="true"/>
    <property name="surefire.test.class.path" value="/root/workspace/molgenis/molgenis/385661241/molgenis-util/target/test-classes:/root/workspace/molgenis/molgenis/385661241/molgenis-util/target/classes:/root/./workspace/molgenis/molgenis/385661241/.m2/org/springframework/spring-context-support/5.0.6.RELEASE/spring-context-support-5.0.6.RELEASE.jar:/root/./workspace/molgenis/molgenis/385661241/.m2/org/springframework/spring-beans/5.0.6.RELEASE/spring-beans-5.0.6.RELEASE.jar:/root/./workspace/molgenis/molgenis/385661241/.m2/org/springframework/spring-context/5.0.6.RELEASE/spring-context-5.0.6.RELEASE.jar:/root/./workspace/molgenis/molgenis/385661241/.m2/org/springframework/spring-aop/5.0.6.RELEASE/spring-aop-5.0.6.RELEASE.jar:/root/./workspace/molgenis/molgenis/385661241/.m2/org/springframework/spring-expression/5.0.6.RELEASE/spring-expression-5.0.6.RELEASE.jar:/root/./workspace/molgenis/molgenis/385661241/.m2/org/springframework/spring-core/5.0.6.RELEASE/spring-core-5.0.6.RELEASE.jar:/root/./workspace/molgenis/molgenis/385661241/.m2/org/springframework/spring-jcl/5.0.6.RELEASE/spring-jcl-5.0.6.RELEASE.jar:/root/./workspace/molgenis/molgenis/385661241/.m2/com/google/code/findbugs/findbugs-annotations/3.0.1/findbugs-annotations-3.0.1.jar:/root/./workspace/molgenis/molgenis/385661241/.m2/com/sun/mail/javax.mail/1.6.1/javax.mail-1.6.1.jar:/root/./workspace/molgenis/molgenis/385661241/.m2/javax/activation/activation/1.1.1/activation-1.1.1.jar:/root/./workspace/molgenis/molgenis/385661241/.m2/org/mapdb/mapdb/1.0.6/mapdb-1.0.6.jar:/root/./workspace/molgenis/molgenis/385661241/.m2/com/google/code/gson/gson/2.8.4/gson-2.8.4.jar:/root/workspace/molgenis/molgenis/385661241/molgenis-test/target/classes:/root/./workspace/molgenis/molgenis/385661241/.m2/org/testng/testng/6.8/testng-6.8.jar:/root/./workspace/molgenis/molgenis/385661241/.m2/junit/junit/4.12/junit-4.12.jar:/root/./workspace/molgenis/molgenis/385661241/.m2/org/hamcrest/hamcrest-core/1.3/hamcrest-core-1.3.jar:/root/./workspace/molgenis/molgenis/385661241/.m2/org/beanshell/bsh/2.0b5/bsh-2.0b5.jar:/root/./workspace/molgenis/molgenis/385661241/.m2/com/beust/jcommander/1.27/jcommander-1.27.jar:/root/./workspace/molgenis/molgenis/385661241/.m2/org/yaml/snakeyaml/1.19/snakeyaml-1.19.jar:/root/./workspace/molgenis/molgenis/385661241/.m2/org/mockito/mockito-core/2.7.22/mockito-core-2.7.22.jar:/root/./workspace/molgenis/molgenis/385661241/.m2/net/bytebuddy/byte-buddy/1.7.11/byte-buddy-1.7.11.jar:/root/./workspace/molgenis/molgenis/385661241/.m2/net/bytebuddy/byte-buddy-agent/1.7.11/byte-buddy-agent-1.7.11.jar:/root/./workspace/molgenis/molgenis/385661241/.m2/org/objenesis/objenesis/2.6/objenesis-2.6.jar:/root/./workspace/molgenis/molgenis/385661241/.m2/org/hamcrest/hamcrest-all/1.3/hamcrest-all-1.3.jar:/root/./workspace/molgenis/molgenis/385661241/.m2/javax/servlet/javax.servlet-api/3.1.0/javax.servlet-api-3.1.0.jar:/root/./workspace/molgenis/molgenis/385661241/.m2/org/springframework/spring-test/5.0.6.RELEASE/spring-test-5.0.6.RELEASE.jar:/root/./workspace/molgenis/molgenis/385661241/.m2/com/fasterxml/jackson/core/jackson-databind/2.9.5/jackson-databind-2.9.5.jar:/root/./workspace/molgenis/molgenis/385661241/.m2/com/fasterxml/jackson/core/jackson-annotations/2.9.0/jackson-annotations-2.9.0.jar:/root/./workspace/molgenis/molgenis/385661241/.m2/com/fasterxml/jackson/core/jackson-core/2.9.5/jackson-core-2.9.5.jar:/root/./workspace/molgenis/molgenis/385661241/.m2/org/springframework/boot/spring-boot-starter-logging/2.0.2.RELEASE/spring-boot-starter-logging-2.0.2.RELEASE.jar:/root/./workspace/molgenis/molgenis/385661241/.m2/ch/qos/logback/logback-classic/1.2.3/logback-classic-1.2.3.jar:/root/./workspace/molgenis/molgenis/385661241/.m2/ch/qos/logback/logback-core/1.2.3/logback-core-1.2.3.jar:/root/./workspace/molgenis/molgenis/385661241/.m2/org/apache/logging/log4j/log4j-to-slf4j/2.10.0/log4j-to-slf4j-2.10.0.jar:/root/./workspace/molgenis/molgenis/385661241/.m2/org/apache/logging/log4j/log4j-api/2.10.0/log4j-api-2.10.0.jar:/root/./workspace/molgenis/molgenis/385661241/.m2/org/slf4j/jul-to-slf4j/1.7.25/jul-to-slf4j-1.7.25.jar:/root/./workspace/molgenis/molgenis/385661241/.m2/org/slf4j/log4j-over-slf4j/1.7.25/log4j-over-slf4j-1.7.25.jar:/root/./workspace/molgenis/molgenis/385661241/.m2/org/slf4j/slf4j-api/1.7.25/slf4j-api-1.7.25.jar:/root/./workspace/molgenis/molgenis/385661241/.m2/com/google/guava/guava/25.0-jre/guava-25.0-jre.jar:/root/./workspace/molgenis/molgenis/385661241/.m2/org/apache/maven/surefire/surefire-testng-utils/2.21.0/surefire-testng-utils-2.21.0.jar:/root/./workspace/molgenis/molgenis/385661241/.m2/org/apache/maven/surefire/surefire-grouper/2.21.0/surefire-grouper-2.21.0.jar:"/>
    <property name="sun.cpu.endian" value="little"/>
    <property name="user.home" value="/root"/>
    <property name="user.language" value="en"/>
    <property name="java.specification.vendor" value="Oracle Corporation"/>
    <property name="java.home" value="/usr/lib/jvm/java-8-openjdk-amd64/jre"/>
    <property name="basedir" value="/root/workspace/molgenis/molgenis/385661241/molgenis-util"/>
    <property name="file.separator" value="/"/>
    <property name="checkstyle.skip" value="true"/>
    <property name="line.separator" value="&#10;"/>
    <property name="skip.npm" value="true"/>
    <property name="java.vm.specification.vendor" value="Oracle Corporation"/>
    <property name="java.specification.name" value="Java Platform API Specification"/>
    <property name="java.awt.graphicsenv" value="sun.awt.X11GraphicsEnvironment"/>
    <property name="skipITs" value="true"/>
    <property name="surefire.real.class.path" value="/root/workspace/molgenis/molgenis/385661241/molgenis-util/target/surefire/surefirebooter1097066427172838072.jar:/root/./workspace/molgenis/molgenis/385661241/.m2/org/jacoco/org.jacoco.agent/0.8.1/org.jacoco.agent-0.8.1-runtime.jar"/>
    <property name="cobertura.skip" value="true"/>
    <property name="sun.boot.class.path" value="/usr/lib/jvm/java-8-openjdk-amd64/jre/lib/resources.jar:/usr/lib/jvm/java-8-openjdk-amd64/jre/lib/rt.jar:/usr/lib/jvm/java-8-openjdk-amd64/jre/lib/sunrsasign.jar:/usr/lib/jvm/java-8-openjdk-amd64/jre/lib/jsse.jar:/usr/lib/jvm/java-8-openjdk-amd64/jre/lib/jce.jar:/usr/lib/jvm/java-8-openjdk-amd64/jre/lib/charsets.jar:/usr/lib/jvm/java-8-openjdk-amd64/jre/lib/jfr.jar:/usr/lib/jvm/java-8-openjdk-amd64/jre/classes"/>
    <property name="sun.management.compiler" value="HotSpot 64-Bit Tiered Compilers"/>
    <property name="java.runtime.version" value="1.8.0_121-8u121-b13-1~bpo8+1-b13"/>
    <property name="user.name" value="root"/>
    <property name="findbugs.skip" value="true"/>
    <property name="path.separator" value=":"/>
    <property name="os.version" value="3.10.0-862.2.3.el7.x86_64"/>
    <property name="java.endorsed.dirs" value="/usr/lib/jvm/java-8-openjdk-amd64/jre/lib/endorsed"/>
    <property name="java.runtime.name" value="OpenJDK Runtime Environment"/>
    <property name="file.encoding" value="UTF-8"/>
    <property name="java.vm.name" value="OpenJDK 64-Bit Server VM"/>
    <property name="localRepository" value="/root/./workspace/molgenis/molgenis/385661241/.m2"/>
    <property name="java.vendor.url.bug" value="http://bugreport.sun.com/bugreport/"/>
    <property name="java.io.tmpdir" value="/tmp"/>
    <property name="java.version" value="1.8.0_121"/>
    <property name="user.dir" value="/root/workspace/molgenis/molgenis/385661241/molgenis-util"/>
    <property name="os.arch" value="amd64"/>
    <property name="license.skip" value="true"/>
    <property name="java.vm.specification.name" value="Java Virtual Machine Specification"/>
    <property name="java.awt.printerjob" value="sun.print.PSPrinterJob"/>
    <property name="sun.os.patch.level" value="unknown"/>
    <property name="java.library.path" value="/usr/java/packages/lib/amd64:/usr/lib/x86_64-linux-gnu/jni:/lib/x86_64-linux-gnu:/usr/lib/x86_64-linux-gnu:/usr/lib/jni:/lib:/usr/lib"/>
    <property name="java.vm.info" value="mixed mode"/>
    <property name="java.vendor" value="Oracle Corporation"/>
    <property name="java.vm.version" value="25.121-b13"/>
    <property name="java.ext.dirs" value="/usr/lib/jvm/java-8-openjdk-amd64/jre/lib/ext:/usr/java/packages/lib/ext"/>
    <property name="sun.io.unicode.encoding" value="UnicodeLittle"/>
    <property name="maven.repo.local" value="/root/./workspace/molgenis/molgenis/385661241/.m2"/>
    <property name="enforcer.skip" value="true"/>
    <property name="java.class.version" value="52.0"/>
  </properties>
  <testcase name="add" classname="org.molgenis.util.HugeSetTest" time="0.003"/>
  <testcase name="addLarge" classname="org.molgenis.util.HugeSetTest" time="0.01"/>
  <testcase name="clear" classname="org.molgenis.util.HugeSetTest" time="0.001"/>
  <testcase name="clearLarge" classname="org.molgenis.util.HugeSetTest" time="0.003"/>
  <testcase name="contains" classname="org.molgenis.util.HugeSetTest" time="0"/>
  <testcase name="containsAll" classname="org.molgenis.util.HugeSetTest" time="0"/>
  <testcase name="containsAllLarge" classname="org.molgenis.util.HugeSetTest" time="0.01"/>
  <testcase name="containsLarge" classname="org.molgenis.util.HugeSetTest" time="0.003"/>
  <testcase name="iterator" classname="org.molgenis.util.HugeSetTest" time="0.014"/>
  <testcase name="iteratorLarge" classname="org.molgenis.util.HugeSetTest" time="0.01"/>
  <testcase name="remove" classname="org.molgenis.util.HugeSetTest" time="0"/>
  <testcase name="removeAll" classname="org.molgenis.util.HugeSetTest" time="0.001"/>
  <testcase name="removeAllLarge" classname="org.molgenis.util.HugeSetTest" time="0.008"/>
  <testcase name="removeLarge" classname="org.molgenis.util.HugeSetTest" time="0.002"/>
  <testcase name="retainAll" classname="org.molgenis.util.HugeSetTest" time="0"/>
  <testcase name="retainAllLarge" classname="org.molgenis.util.HugeSetTest" time="0.005"/>
  <testcase name="toArray" classname="org.molgenis.util.HugeSetTest" time="0"/>
  <testcase name="toArrayLarge" classname="org.molgenis.util.HugeSetTest" time="0.003"/>
  <testcase name="clear" classname="org.molgenis.util.HugeMapTest" time="0"/>
  <testcase name="clearLarge" classname="org.molgenis.util.HugeMapTest" time="0.007"/>
  <testcase name="containsKey" classname="org.molgenis.util.HugeMapTest" time="0"/>
  <testcase name="containsKeyLarge" classname="org.molgenis.util.HugeMapTest" time="0.003"/>
  <testcase name="containsValue" classname="org.molgenis.util.HugeMapTest" time="0"/>
  <testcase name="containsValueLarge" classname="org.molgenis.util.HugeMapTest" time="0.005"/>
  <testcase name="entrySet" classname="org.molgenis.util.HugeMapTest" time="0"/>
  <testcase name="entrySetLarge" classname="org.molgenis.util.HugeMapTest" time="0.001"/>
  <testcase name="get" classname="org.molgenis.util.HugeMapTest" time="0"/>
  <testcase name="getLarge" classname="org.molgenis.util.HugeMapTest" time="0.001"/>
  <testcase name="isEmpty" classname="org.molgenis.util.HugeMapTest" time="0"/>
  <testcase name="isEmptyLarge" classname="org.molgenis.util.HugeMapTest" time="0.002"/>
  <testcase name="keySet" classname="org.molgenis.util.HugeMapTest" time="0.025"/>
  <testcase name="keySetLarge" classname="org.molgenis.util.HugeMapTest" time="0.001"/>
  <testcase name="putAll" classname="org.molgenis.util.HugeMapTest" time="0.001"/>
  <testcase name="putAllLarge" classname="org.molgenis.util.HugeMapTest" time="0.005"/>
  <testcase name="remove" classname="org.molgenis.util.HugeMapTest" time="0.002"/>
  <testcase name="removeLarge" classname="org.molgenis.util.HugeMapTest" time="0"/>
  <testcase name="values" classname="org.molgenis.util.HugeMapTest" time="0"/>
  <testcase name="valuesLarge" classname="org.molgenis.util.HugeMapTest" time="0.001"/>
  <testcase name="testUnexpectedEnumException" classname="org.molgenis.util.UnexpectedEnumExceptionTest" time="0.002"/>
  <testcase name="commaSeparatedEmailListRegex" classname="org.molgenis.util.RegexUtilsTest" time="0.002"/>
  <testcase name="cronJobRegex" classname="org.molgenis.util.RegexUtilsTest" time="0.003"/>
  <testcase name="toListString" classname="org.molgenis.util.ListEscapeUtilsTest" time="0.001"/>
  <testcase name="toListStringcharchar" classname="org.molgenis.util.ListEscapeUtilsTest" time="0.001"/>
  <testcase name="toListStringcharchar_exception" classname="org.molgenis.util.ListEscapeUtilsTest" time="0.001"/>
  <testcase name="toStringList" classname="org.molgenis.util.ListEscapeUtilsTest" time="0"/>
  <testcase name="toStringListcharchar" classname="org.molgenis.util.ListEscapeUtilsTest" time="0"/>
  <testcase name="toStringListcharchar_exception" classname="org.molgenis.util.ListEscapeUtilsTest" time="0"/>
  <testcase name="getBytes" classname="org.molgenis.util.ResourceUtilsTest" time="0.11"/>
  <testcase name="getMySqlQueryFromFileTest" classname="org.molgenis.util.ResourceUtilsTest" time="0.005"/>
  <testcase name="getStringClassString" classname="org.molgenis.util.ResourceUtilsTest" time="0.001"/>
  <testcase name="getStringClassStringCharset" classname="org.molgenis.util.ResourceUtilsTest" time="0"/>
  <testcase name="testCreateMailSenderWithDefaultProperties" classname="org.molgenis.util.mail.JavaMailSenderFactoryTest" time="0.048"/>
  <testcase name="testCreateMailSenderWithSpecifiedProperties" classname="org.molgenis.util.mail.JavaMailSenderFactoryTest" time="0.004"/>
  <testcase name="testValidateConnectionInvalidConnection" classname="org.molgenis.util.mail.JavaMailSenderFactoryTest" time="0.085"/>
  <testcase name="testSendSingleMessage" classname="org.molgenis.util.mail.MailSenderImplTest" time="0.01"/>
  <testcase name="testSendTwoMessages" classname="org.molgenis.util.mail.MailSenderImplTest" time="0.001"/>
  <testcase name="testToLinkedMap" classname="org.molgenis.util.stream.MapCollectorsTest" time="0.007"/>
  <testcase name="testToLinkedMapDuplicateKey" classname="org.molgenis.util.stream.MapCollectorsTest" time="0.001"/>
</testsuite>