<?xml version="1.0" encoding="UTF-8"?>
<!-- Generated by org.testng.reporters.JUnitReportReporter -->
<testsuite hostname="spirals-vortex.lille.inria.fr" name="org.molgenis.data.meta.SystemEntityTypeTest" tests="2" failures="0" timestamp="30 May 2018 09:54:41 GMT" time="0.330" errors="0">
  <testcase name="testAssignRolesToAttributeParts" time="0.027" classname="org.molgenis.data.meta.SystemEntityTypeTest"/>
  <testcase name="testAssignRolesToAttributePartsNested" time="0.303" classname="org.molgenis.data.meta.SystemEntityTypeTest"/>
</testsuite> <!-- org.molgenis.data.meta.SystemEntityTypeTest -->
