<?xml version="1.0" encoding="UTF-8"?>
<!-- Generated by org.testng.reporters.JUnitReportReporter -->
<testsuite hostname="spirals-vortex.lille.inria.fr" name="org.molgenis.data.DataServiceImplTest" tests="18" failures="0" timestamp="25 May 2018 14:03:09 GMT" time="0.057" errors="0">
  <testcase name="findOneStringObjectFetchEntityNull" time="0.000" classname="org.molgenis.data.DataServiceImplTest"/>
  <testcase name="addStream" time="0.000" classname="org.molgenis.data.DataServiceImplTest"/>
  <testcase name="findAllStringStream" time="0.002" classname="org.molgenis.data.DataServiceImplTest"/>
  <testcase name="findAllStreamStringQueryClass" time="0.001" classname="org.molgenis.data.DataServiceImplTest"/>
  <testcase name="findAllStreamStringQuery" time="0.001" classname="org.molgenis.data.DataServiceImplTest"/>
  <testcase name="getEntityNames" time="0.002" classname="org.molgenis.data.DataServiceImplTest"/>
  <testcase name="findAllStringStreamFetchClass" time="0.001" classname="org.molgenis.data.DataServiceImplTest"/>
  <testcase name="getRepositoryByEntityName" time="0.001" classname="org.molgenis.data.DataServiceImplTest"/>
  <testcase name="updateStream" time="0.001" classname="org.molgenis.data.DataServiceImplTest"/>
  <testcase name="findOneStringObjectFetchClassEntityNull" time="0.037" classname="org.molgenis.data.DataServiceImplTest"/>
  <testcase name="findOneStringObjectFetch" time="0.002" classname="org.molgenis.data.DataServiceImplTest"/>
  <testcase name="findAllStringStreamClass" time="0.001" classname="org.molgenis.data.DataServiceImplTest"/>
  <testcase name="deleteAllStream" time="0.002" classname="org.molgenis.data.DataServiceImplTest"/>
  <testcase name="findAllStreamString" time="0.001" classname="org.molgenis.data.DataServiceImplTest"/>
  <testcase name="findAllStringStreamFetch" time="0.001" classname="org.molgenis.data.DataServiceImplTest"/>
  <testcase name="deleteStream" time="0.001" classname="org.molgenis.data.DataServiceImplTest"/>
  <testcase name="findAllStreamStringClass" time="0.001" classname="org.molgenis.data.DataServiceImplTest"/>
  <testcase name="findOneStringObjectFetchClass" time="0.002" classname="org.molgenis.data.DataServiceImplTest"/>
</testsuite> <!-- org.molgenis.data.DataServiceImplTest -->
