<?xml version="1.0" encoding="UTF-8"?>
<!-- Generated by org.testng.reporters.JUnitReportReporter -->
<testsuite hostname="spirals-vortex.lille.inria.fr" name="org.molgenis.data.support.BatchingQueryResultTest" tests="1" failures="0" timestamp="28 May 2018 08:14:50 GMT" time="0.002" errors="0">
  <testcase name="getBatch" time="0.002" classname="org.molgenis.data.support.BatchingQueryResultTest"/>
</testsuite> <!-- org.molgenis.data.support.BatchingQueryResultTest -->
