<?xml version="1.0" encoding="UTF-8"?>
<!-- Generated by org.testng.reporters.JUnitReportReporter -->
<testsuite hostname="spirals-vortex.lille.inria.fr" name="org.molgenis.data.meta.persist.PackagePersisterTest" tests="2" failures="0" timestamp="1 Jun 2018 10:50:35 GMT" time="0.079" errors="0">
  <testcase name="testPackagePersister" time="0.002" classname="org.molgenis.data.meta.persist.PackagePersisterTest"/>
  <testcase name="testUpsertPackages" time="0.077" classname="org.molgenis.data.meta.persist.PackagePersisterTest"/>
</testsuite> <!-- org.molgenis.data.meta.persist.PackagePersisterTest -->
