<?xml version="1.0" encoding="UTF-8"?>
<!-- Generated by org.testng.reporters.JUnitReportReporter -->
<testsuite hostname="spirals-vortex.lille.inria.fr" name="org.molgenis.data.UnknownAttributeExceptionTest" tests="2" failures="0" timestamp="28 May 2018 08:14:50 GMT" time="0.005" errors="0">
  <testcase name="testGetLocalizedMessage" time="0.000" classname="org.molgenis.data.UnknownAttributeExceptionTest"/>
  <testcase name="testGetLocalizedMessage" time="0.005" classname="org.molgenis.data.UnknownAttributeExceptionTest"/>
</testsuite> <!-- org.molgenis.data.UnknownAttributeExceptionTest -->
