<?xml version="1.0" encoding="UTF-8"?>
<!-- Generated by org.testng.reporters.JUnitReportReporter -->
<testsuite hostname="spirals-vortex.lille.inria.fr" name="org.molgenis.data.decorator.DynamicRepositoryDecoratorRegistryImplTest" tests="2" failures="0" timestamp="30 May 2018 12:44:29 GMT" time="0.108" errors="0">
  <testcase name="testDecorate" time="0.052" classname="org.molgenis.data.decorator.DynamicRepositoryDecoratorRegistryImplTest"/>
  <testcase name="testDecorateNoDecorator" time="0.056" classname="org.molgenis.data.decorator.DynamicRepositoryDecoratorRegistryImplTest"/>
</testsuite> <!-- org.molgenis.data.decorator.DynamicRepositoryDecoratorRegistryImplTest -->
