<?xml version="1.0" encoding="UTF-8"?>
<!-- Generated by org.testng.reporters.JUnitReportReporter -->
<testsuite hostname="spirals-vortex.lille.inria.fr" name="org.molgenis.data.populate.IdGeneratorImplTest" tests="5" failures="0" timestamp="25 May 2018 14:03:09 GMT" time="1.111" errors="0">
  <testcase name="testGenerateIds" time="0.008" classname="org.molgenis.data.populate.IdGeneratorImplTest"/>
  <testcase name="testGenerateIds" time="0.005" classname="org.molgenis.data.populate.IdGeneratorImplTest"/>
  <testcase name="testGenerateIds" time="1.091" classname="org.molgenis.data.populate.IdGeneratorImplTest"/>
  <testcase name="testGenerateIds" time="0.002" classname="org.molgenis.data.populate.IdGeneratorImplTest"/>
  <testcase name="testGenerateIds" time="0.005" classname="org.molgenis.data.populate.IdGeneratorImplTest"/>
</testsuite> <!-- org.molgenis.data.populate.IdGeneratorImplTest -->
