<?xml version="1.0" encoding="UTF-8"?>
<!-- Generated by org.testng.reporters.JUnitReportReporter -->
<testsuite hostname="spirals-vortex.lille.inria.fr" name="org.molgenis.data.support.MapOfStringsExpressionEvaluatorTest" tests="7" failures="0" timestamp="1 Jun 2018 11:16:41 GMT" time="0.040" errors="0">
  <testcase name="testMapOfStringsEvaluatorConstructorChecksIfExpressionIsMap" time="0.003" classname="org.molgenis.data.support.MapOfStringsExpressionEvaluatorTest"/>
  <testcase name="testMapOfStringsEvaluatorConstructorChecksThatExpressionIsMapOfStrings" time="0.004" classname="org.molgenis.data.support.MapOfStringsExpressionEvaluatorTest"/>
  <testcase name="testEvaluate" time="0.021" classname="org.molgenis.data.support.MapOfStringsExpressionEvaluatorTest"/>
  <testcase name="testMapOfStringsEvaluatorConstructorChecksIfMentionedAttributesAllExist" time="0.004" classname="org.molgenis.data.support.MapOfStringsExpressionEvaluatorTest"/>
  <testcase name="testMapOfStringsEvaluatorConstructorChecksIfCalculatedAttributesAllExist" time="0.001" classname="org.molgenis.data.support.MapOfStringsExpressionEvaluatorTest"/>
  <testcase name="testMapOfStringsEvaluatorConstructorChecksIfAttributeHasExpression" time="0.003" classname="org.molgenis.data.support.MapOfStringsExpressionEvaluatorTest"/>
  <testcase name="testMapOfStringsEvaluatorConstructorChecksIfAttributeHasRefEntity" time="0.004" classname="org.molgenis.data.support.MapOfStringsExpressionEvaluatorTest"/>
</testsuite> <!-- org.molgenis.data.support.MapOfStringsExpressionEvaluatorTest -->
