<?xml version="1.0" encoding="UTF-8"?>
<!-- Generated by org.testng.reporters.JUnitReportReporter -->
<testsuite hostname="spirals-vortex.lille.inria.fr" name="org.molgenis.data.meta.persist.PackagePersisterTest" tests="2" failures="0" timestamp="30 May 2018 09:54:41 GMT" time="0.215" errors="0">
  <testcase name="testUpsertPackages" time="0.213" classname="org.molgenis.data.meta.persist.PackagePersisterTest"/>
  <testcase name="testPackagePersister" time="0.002" classname="org.molgenis.data.meta.persist.PackagePersisterTest"/>
</testsuite> <!-- org.molgenis.data.meta.persist.PackagePersisterTest -->
