<?xml version="1.0" encoding="UTF-8"?>
<!-- Generated by org.testng.reporters.JUnitReportReporter -->
<testsuite hostname="spirals-vortex.lille.inria.fr" name="org.molgenis.data.util.EntityPagerTest" tests="7" failures="0" timestamp="30 May 2018 12:44:29 GMT" time="0.002" errors="0">
  <testcase name="getNextStart_limit" time="0.000" classname="org.molgenis.data.util.EntityPagerTest"/>
  <testcase name="getNextStart" time="0.001" classname="org.molgenis.data.util.EntityPagerTest"/>
  <testcase name="getNextStart_borderRight" time="0.000" classname="org.molgenis.data.util.EntityPagerTest"/>
  <testcase name="getPrevStart_borderLeft" time="0.000" classname="org.molgenis.data.util.EntityPagerTest"/>
  <testcase name="getPrevStart" time="0.001" classname="org.molgenis.data.util.EntityPagerTest"/>
  <testcase name="getNextStart_borderLeft" time="0.000" classname="org.molgenis.data.util.EntityPagerTest"/>
  <testcase name="getPrevStart_offset" time="0.000" classname="org.molgenis.data.util.EntityPagerTest"/>
</testsuite> <!-- org.molgenis.data.util.EntityPagerTest -->
