<?xml version="1.0" encoding="UTF-8"?>
<!-- Generated by org.testng.reporters.JUnitReportReporter -->
<testsuite hostname="spirals-vortex.lille.inria.fr" name="org.molgenis.data.util.EntityUtilsTest" tests="103" failures="0" timestamp="25 May 2018 14:30:42 GMT" time="0.037" errors="0">
  <testcase name="getTypedValueStringAttributeEntityManagerOneToMany" time="0.001" classname="org.molgenis.data.util.EntityUtilsTest"/>
  <testcase name="testEqualsEntityType" time="0.000" classname="org.molgenis.data.util.EntityUtilsTest"/>
  <testcase name="isNullValue" time="0.000" classname="org.molgenis.data.util.EntityUtilsTest"/>
  <testcase name="testEqualsAttribute" time="0.000" classname="org.molgenis.data.util.EntityUtilsTest"/>
  <testcase name="isNullValue" time="0.000" classname="org.molgenis.data.util.EntityUtilsTest"/>
  <testcase name="testEqualsAttributeNoIdentifierCheck" time="0.001" classname="org.molgenis.data.util.EntityUtilsTest"/>
  <testcase name="isNullValue" time="0.000" classname="org.molgenis.data.util.EntityUtilsTest"/>
  <testcase name="testEqualsAttribute" time="0.001" classname="org.molgenis.data.util.EntityUtilsTest"/>
  <testcase name="testEqualsEntityType" time="0.000" classname="org.molgenis.data.util.EntityUtilsTest"/>
  <testcase name="isNullValue" time="0.000" classname="org.molgenis.data.util.EntityUtilsTest"/>
  <testcase name="isNullValue" time="0.000" classname="org.molgenis.data.util.EntityUtilsTest"/>
  <testcase name="testEqualsAttribute" time="0.000" classname="org.molgenis.data.util.EntityUtilsTest"/>
  <testcase name="isNullValue" time="0.000" classname="org.molgenis.data.util.EntityUtilsTest"/>
  <testcase name="testEqualsAttribute" time="0.001" classname="org.molgenis.data.util.EntityUtilsTest"/>
  <testcase name="isNullValue" time="0.000" classname="org.molgenis.data.util.EntityUtilsTest"/>
  <testcase name="testEqualsAttribute" time="0.001" classname="org.molgenis.data.util.EntityUtilsTest"/>
  <testcase name="isNullValue" time="0.000" classname="org.molgenis.data.util.EntityUtilsTest"/>
  <testcase name="testEqualsAttribute" time="0.000" classname="org.molgenis.data.util.EntityUtilsTest"/>
  <testcase name="attributeEqualsNoIdentifierCheck" time="0.000" classname="org.molgenis.data.util.EntityUtilsTest"/>
  <testcase name="isNullValue" time="0.000" classname="org.molgenis.data.util.EntityUtilsTest"/>
  <testcase name="testEqualsAttribute" time="0.001" classname="org.molgenis.data.util.EntityUtilsTest"/>
  <testcase name="isNullValue" time="0.000" classname="org.molgenis.data.util.EntityUtilsTest"/>
  <testcase name="isNullValue" time="0.000" classname="org.molgenis.data.util.EntityUtilsTest"/>
  <testcase name="isNullValue" time="0.000" classname="org.molgenis.data.util.EntityUtilsTest"/>
  <testcase name="doesExtend" time="0.001" classname="org.molgenis.data.util.EntityUtilsTest"/>
  <testcase name="testEqualsAttribute" time="0.001" classname="org.molgenis.data.util.EntityUtilsTest"/>
  <testcase name="isNullValue" time="0.000" classname="org.molgenis.data.util.EntityUtilsTest"/>
  <testcase name="testEqualsAttribute" time="0.000" classname="org.molgenis.data.util.EntityUtilsTest"/>
  <testcase name="testEqualsAttribute" time="0.000" classname="org.molgenis.data.util.EntityUtilsTest"/>
  <testcase name="isNullValue" time="0.000" classname="org.molgenis.data.util.EntityUtilsTest"/>
  <testcase name="testEqualsAttribute" time="0.000" classname="org.molgenis.data.util.EntityUtilsTest"/>
  <testcase name="testEqualsAttribute" time="0.001" classname="org.molgenis.data.util.EntityUtilsTest"/>
  <testcase name="testEqualsEntityType" time="0.000" classname="org.molgenis.data.util.EntityUtilsTest"/>
  <testcase name="testEqualsAttribute" time="0.000" classname="org.molgenis.data.util.EntityUtilsTest"/>
  <testcase name="isNullValue" time="0.000" classname="org.molgenis.data.util.EntityUtilsTest"/>
  <testcase name="testEqualsAttributeNoIdentifierCheck" time="0.000" classname="org.molgenis.data.util.EntityUtilsTest"/>
  <testcase name="testEqualsEntityType" time="0.000" classname="org.molgenis.data.util.EntityUtilsTest"/>
  <testcase name="testEqualsAttribute" time="0.000" classname="org.molgenis.data.util.EntityUtilsTest"/>
  <testcase name="testEqualsAttribute" time="0.000" classname="org.molgenis.data.util.EntityUtilsTest"/>
  <testcase name="isNullValue" time="0.000" classname="org.molgenis.data.util.EntityUtilsTest"/>
  <testcase name="testEqualsAttribute" time="0.001" classname="org.molgenis.data.util.EntityUtilsTest"/>
  <testcase name="testEqualsAttribute" time="0.001" classname="org.molgenis.data.util.EntityUtilsTest"/>
  <testcase name="isNullValue" time="0.000" classname="org.molgenis.data.util.EntityUtilsTest"/>
  <testcase name="isNullValue" time="0.000" classname="org.molgenis.data.util.EntityUtilsTest"/>
  <testcase name="testEqualsAttribute" time="0.000" classname="org.molgenis.data.util.EntityUtilsTest"/>
  <testcase name="isNullValue" time="0.000" classname="org.molgenis.data.util.EntityUtilsTest"/>
  <testcase name="testEqualsEntityType" time="0.000" classname="org.molgenis.data.util.EntityUtilsTest"/>
  <testcase name="testEqualsEntityType" time="0.000" classname="org.molgenis.data.util.EntityUtilsTest"/>
  <testcase name="testEqualsEntityType" time="0.001" classname="org.molgenis.data.util.EntityUtilsTest"/>
  <testcase name="testEqualsEntityType" time="0.000" classname="org.molgenis.data.util.EntityUtilsTest"/>
  <testcase name="testEqualsEntityType" time="0.000" classname="org.molgenis.data.util.EntityUtilsTest"/>
  <testcase name="testEqualsEntityType" time="0.001" classname="org.molgenis.data.util.EntityUtilsTest"/>
  <testcase name="isNullValue" time="0.000" classname="org.molgenis.data.util.EntityUtilsTest"/>
  <testcase name="testEqualsAttribute" time="0.001" classname="org.molgenis.data.util.EntityUtilsTest"/>
  <testcase name="isNullValue" time="0.000" classname="org.molgenis.data.util.EntityUtilsTest"/>
  <testcase name="testEqualsAttribute" time="0.000" classname="org.molgenis.data.util.EntityUtilsTest"/>
  <testcase name="isNullValue" time="0.001" classname="org.molgenis.data.util.EntityUtilsTest"/>
  <testcase name="testEqualsAttribute" time="0.000" classname="org.molgenis.data.util.EntityUtilsTest"/>
  <testcase name="isNullValue" time="0.000" classname="org.molgenis.data.util.EntityUtilsTest"/>
  <testcase name="isNullValue" time="0.000" classname="org.molgenis.data.util.EntityUtilsTest"/>
  <testcase name="testEqualsAttribute" time="0.001" classname="org.molgenis.data.util.EntityUtilsTest"/>
  <testcase name="isNullValue" time="0.000" classname="org.molgenis.data.util.EntityUtilsTest"/>
  <testcase name="testEqualsAttribute" time="0.001" classname="org.molgenis.data.util.EntityUtilsTest"/>
  <testcase name="isEmptyAttributeValuesNotNull" time="0.005" classname="org.molgenis.data.util.EntityUtilsTest"/>
  <testcase name="isNullValueCompoundAttribute" time="0.000" classname="org.molgenis.data.util.EntityUtilsTest"/>
  <testcase name="testEqualsAttribute" time="0.000" classname="org.molgenis.data.util.EntityUtilsTest"/>
  <testcase name="testEqualsAttributeNoIdentifierCheck" time="0.000" classname="org.molgenis.data.util.EntityUtilsTest"/>
  <testcase name="getTypedValueStringAttributeEntityManagerXref" time="0.001" classname="org.molgenis.data.util.EntityUtilsTest"/>
  <testcase name="testEqualsAttribute" time="0.001" classname="org.molgenis.data.util.EntityUtilsTest"/>
  <testcase name="isNullValue" time="0.000" classname="org.molgenis.data.util.EntityUtilsTest"/>
  <testcase name="testEqualsAttribute" time="0.000" classname="org.molgenis.data.util.EntityUtilsTest"/>
  <testcase name="testEqualsAttributeNoIdentifierCheck" time="0.001" classname="org.molgenis.data.util.EntityUtilsTest"/>
  <testcase name="testEqualsAttribute" time="0.001" classname="org.molgenis.data.util.EntityUtilsTest"/>
  <testcase name="isNullValue" time="0.001" classname="org.molgenis.data.util.EntityUtilsTest"/>
  <testcase name="isNullValue" time="0.000" classname="org.molgenis.data.util.EntityUtilsTest"/>
  <testcase name="testEqualsAttribute" time="0.000" classname="org.molgenis.data.util.EntityUtilsTest"/>
  <testcase name="testEqualsAttribute" time="0.000" classname="org.molgenis.data.util.EntityUtilsTest"/>
  <testcase name="testEqualsAttribute" time="0.000" classname="org.molgenis.data.util.EntityUtilsTest"/>
  <testcase name="isNullValue" time="0.000" classname="org.molgenis.data.util.EntityUtilsTest"/>
  <testcase name="testEqualsAttribute" time="0.000" classname="org.molgenis.data.util.EntityUtilsTest"/>
  <testcase name="testEqualsAttribute" time="0.001" classname="org.molgenis.data.util.EntityUtilsTest"/>
  <testcase name="isNullValue" time="0.000" classname="org.molgenis.data.util.EntityUtilsTest"/>
  <testcase name="isNullValue" time="0.000" classname="org.molgenis.data.util.EntityUtilsTest"/>
  <testcase name="testEqualsAttribute" time="0.001" classname="org.molgenis.data.util.EntityUtilsTest"/>
  <testcase name="testEqualsEntityType" time="0.000" classname="org.molgenis.data.util.EntityUtilsTest"/>
  <testcase name="isNullValue" time="0.000" classname="org.molgenis.data.util.EntityUtilsTest"/>
  <testcase name="testEqualsAttribute" time="0.000" classname="org.molgenis.data.util.EntityUtilsTest"/>
  <testcase name="isNullValue" time="0.001" classname="org.molgenis.data.util.EntityUtilsTest"/>
  <testcase name="testEqualsAttribute" time="0.001" classname="org.molgenis.data.util.EntityUtilsTest"/>
  <testcase name="isEmptyAttributeValuesNull" time="0.000" classname="org.molgenis.data.util.EntityUtilsTest"/>
  <testcase name="isEmptyNoAttributes" time="0.000" classname="org.molgenis.data.util.EntityUtilsTest"/>
  <testcase name="isNullValue" time="0.001" classname="org.molgenis.data.util.EntityUtilsTest"/>
  <testcase name="testEqualsAttribute" time="0.000" classname="org.molgenis.data.util.EntityUtilsTest"/>
  <testcase name="isNullValue" time="0.000" classname="org.molgenis.data.util.EntityUtilsTest"/>
  <testcase name="isNullValue" time="0.000" classname="org.molgenis.data.util.EntityUtilsTest"/>
  <testcase name="testEqualsAttribute" time="0.000" classname="org.molgenis.data.util.EntityUtilsTest"/>
  <testcase name="isNullValue" time="0.000" classname="org.molgenis.data.util.EntityUtilsTest"/>
  <testcase name="testEqualsAttribute" time="0.001" classname="org.molgenis.data.util.EntityUtilsTest"/>
  <testcase name="testEqualsAttribute" time="0.002" classname="org.molgenis.data.util.EntityUtilsTest"/>
  <testcase name="testEqualsAttribute" time="0.001" classname="org.molgenis.data.util.EntityUtilsTest"/>
  <testcase name="isNullValue" time="0.000" classname="org.molgenis.data.util.EntityUtilsTest"/>
  <testcase name="testEqualsAttribute" time="0.000" classname="org.molgenis.data.util.EntityUtilsTest"/>
  <testcase name="testEqualsAttribute" time="0.001" classname="org.molgenis.data.util.EntityUtilsTest"/>
</testsuite> <!-- org.molgenis.data.util.EntityUtilsTest -->
