<?xml version="1.0" encoding="UTF-8"?>
<!-- Generated by org.testng.reporters.JUnitReportReporter -->
<testsuite hostname="spirals-vortex.lille.inria.fr" name="org.molgenis.data.meta.AttributeRepositoryDecoratorTest" tests="3" failures="0" timestamp="25 May 2018 09:36:53 GMT" time="0.205" errors="0">
  <testcase name="delete" time="0.031" classname="org.molgenis.data.meta.AttributeRepositoryDecoratorTest"/>
  <testcase name="deleteCompoundAttribute" time="0.005" classname="org.molgenis.data.meta.AttributeRepositoryDecoratorTest"/>
  <testcase name="updateNonSystemAbstractEntity" time="0.169" classname="org.molgenis.data.meta.AttributeRepositoryDecoratorTest"/>
</testsuite> <!-- org.molgenis.data.meta.AttributeRepositoryDecoratorTest -->
