<?xml version="1.0" encoding="UTF-8"?>
<!-- Generated by org.testng.reporters.JUnitReportReporter -->
<testsuite hostname="spirals-vortex.lille.inria.fr" name="org.molgenis.data.populate.IdGeneratorImplTest" tests="5" failures="0" timestamp="30 May 2018 13:30:00 GMT" time="0.900" errors="0">
  <testcase name="testGenerateIds" time="0.003" classname="org.molgenis.data.populate.IdGeneratorImplTest"/>
  <testcase name="testGenerateIds" time="0.008" classname="org.molgenis.data.populate.IdGeneratorImplTest"/>
  <testcase name="testGenerateIds" time="0.003" classname="org.molgenis.data.populate.IdGeneratorImplTest"/>
  <testcase name="testGenerateIds" time="0.884" classname="org.molgenis.data.populate.IdGeneratorImplTest"/>
  <testcase name="testGenerateIds" time="0.002" classname="org.molgenis.data.populate.IdGeneratorImplTest"/>
</testsuite> <!-- org.molgenis.data.populate.IdGeneratorImplTest -->
