<?xml version="1.0" encoding="UTF-8"?>
<!-- Generated by org.testng.reporters.JUnitReportReporter -->
<testsuite hostname="spirals-vortex.lille.inria.fr" name="org.molgenis.data.mem.InMemoryRepositoryTest" tests="11" failures="0" timestamp="30 May 2018 12:44:29 GMT" time="0.110" errors="0">
  <testcase name="findAllAsStreamQueryWithContent" time="0.003" classname="org.molgenis.data.mem.InMemoryRepositoryTest"/>
  <testcase name="updateStream" time="0.003" classname="org.molgenis.data.mem.InMemoryRepositoryTest"/>
  <testcase name="deleteStream" time="0.012" classname="org.molgenis.data.mem.InMemoryRepositoryTest"/>
  <testcase name="findAllStream" time="0.003" classname="org.molgenis.data.mem.InMemoryRepositoryTest"/>
  <testcase name="addStream" time="0.032" classname="org.molgenis.data.mem.InMemoryRepositoryTest"/>
  <testcase name="findAllAsStreamSingleEqualsQuery" time="0.006" classname="org.molgenis.data.mem.InMemoryRepositoryTest"/>
  <testcase name="findAllAsStream" time="0.010" classname="org.molgenis.data.mem.InMemoryRepositoryTest"/>
  <testcase name="findAllStreamFetch" time="0.003" classname="org.molgenis.data.mem.InMemoryRepositoryTest"/>
  <testcase name="findOneObjectFetch" time="0.001" classname="org.molgenis.data.mem.InMemoryRepositoryTest"/>
  <testcase name="findOneObjectFetchEntityNull" time="0.001" classname="org.molgenis.data.mem.InMemoryRepositoryTest"/>
  <testcase name="streamFetch" time="0.036" classname="org.molgenis.data.mem.InMemoryRepositoryTest"/>
</testsuite> <!-- org.molgenis.data.mem.InMemoryRepositoryTest -->
