<?xml version="1.0" encoding="UTF-8"?>
<!-- Generated by org.testng.reporters.JUnitReportReporter -->
<testsuite hostname="spirals-vortex.lille.inria.fr" name="org.molgenis.data.support.EntityTypeUtilsTest" tests="71" failures="0" timestamp="30 May 2018 09:54:41 GMT" time="0.008" errors="0">
  <testcase name="isMultipleReferenceType" time="0.000" classname="org.molgenis.data.support.EntityTypeUtilsTest"/>
  <testcase name="isMultipleReferenceType" time="0.000" classname="org.molgenis.data.support.EntityTypeUtilsTest"/>
  <testcase name="isMultipleReferenceType" time="0.000" classname="org.molgenis.data.support.EntityTypeUtilsTest"/>
  <testcase name="isReferenceTypeAttr" time="0.000" classname="org.molgenis.data.support.EntityTypeUtilsTest"/>
  <testcase name="isMultipleReferenceType" time="0.000" classname="org.molgenis.data.support.EntityTypeUtilsTest"/>
  <testcase name="isMultipleReferenceType" time="0.000" classname="org.molgenis.data.support.EntityTypeUtilsTest"/>
  <testcase name="isReferenceTypeAttrType" time="0.000" classname="org.molgenis.data.support.EntityTypeUtilsTest"/>
  <testcase name="isReferenceTypeAttr" time="0.000" classname="org.molgenis.data.support.EntityTypeUtilsTest"/>
  <testcase name="buildFullNamePackageDefault" time="0.001" classname="org.molgenis.data.support.EntityTypeUtilsTest"/>
  <testcase name="isMultipleReferenceType" time="0.000" classname="org.molgenis.data.support.EntityTypeUtilsTest"/>
  <testcase name="isReferenceTypeAttr" time="0.000" classname="org.molgenis.data.support.EntityTypeUtilsTest"/>
  <testcase name="isReferenceTypeAttr" time="0.001" classname="org.molgenis.data.support.EntityTypeUtilsTest"/>
  <testcase name="isReferenceTypeAttr" time="0.000" classname="org.molgenis.data.support.EntityTypeUtilsTest"/>
  <testcase name="isReferenceTypeAttrType" time="0.000" classname="org.molgenis.data.support.EntityTypeUtilsTest"/>
  <testcase name="isReferenceTypeAttr" time="0.000" classname="org.molgenis.data.support.EntityTypeUtilsTest"/>
  <testcase name="isMultipleReferenceType" time="0.000" classname="org.molgenis.data.support.EntityTypeUtilsTest"/>
  <testcase name="isReferenceTypeAttr" time="0.000" classname="org.molgenis.data.support.EntityTypeUtilsTest"/>
  <testcase name="testCreateFetchForReindexingIndexingDepth2" time="0.000" classname="org.molgenis.data.support.EntityTypeUtilsTest"/>
  <testcase name="isReferenceTypeAttrType" time="0.000" classname="org.molgenis.data.support.EntityTypeUtilsTest"/>
  <testcase name="isMultipleReferenceType" time="0.000" classname="org.molgenis.data.support.EntityTypeUtilsTest"/>
  <testcase name="isReferenceTypeAttrType" time="0.000" classname="org.molgenis.data.support.EntityTypeUtilsTest"/>
  <testcase name="isMultipleReferenceType" time="0.000" classname="org.molgenis.data.support.EntityTypeUtilsTest"/>
  <testcase name="isMultipleReferenceType" time="0.000" classname="org.molgenis.data.support.EntityTypeUtilsTest"/>
  <testcase name="isMultipleReferenceType" time="0.000" classname="org.molgenis.data.support.EntityTypeUtilsTest"/>
  <testcase name="testCreateFetchForReindexingIndexingDepth1" time="0.001" classname="org.molgenis.data.support.EntityTypeUtilsTest"/>
  <testcase name="isMultipleReferenceType" time="0.001" classname="org.molgenis.data.support.EntityTypeUtilsTest"/>
  <testcase name="isMultipleReferenceType" time="0.000" classname="org.molgenis.data.support.EntityTypeUtilsTest"/>
  <testcase name="isReferenceTypeAttrType" time="0.000" classname="org.molgenis.data.support.EntityTypeUtilsTest"/>
  <testcase name="isReferenceTypeAttr" time="0.000" classname="org.molgenis.data.support.EntityTypeUtilsTest"/>
  <testcase name="isMultipleReferenceType" time="0.000" classname="org.molgenis.data.support.EntityTypeUtilsTest"/>
  <testcase name="isReferenceTypeAttrType" time="0.000" classname="org.molgenis.data.support.EntityTypeUtilsTest"/>
  <testcase name="testCreateFetchForReindexingIndexingDepth0" time="0.001" classname="org.molgenis.data.support.EntityTypeUtilsTest"/>
  <testcase name="isReferenceTypeAttrType" time="0.000" classname="org.molgenis.data.support.EntityTypeUtilsTest"/>
  <testcase name="isReferenceTypeAttr" time="0.000" classname="org.molgenis.data.support.EntityTypeUtilsTest"/>
  <testcase name="isReferenceTypeAttr" time="0.000" classname="org.molgenis.data.support.EntityTypeUtilsTest"/>
  <testcase name="isReferenceTypeAttr" time="0.000" classname="org.molgenis.data.support.EntityTypeUtilsTest"/>
  <testcase name="isReferenceTypeAttrType" time="0.000" classname="org.molgenis.data.support.EntityTypeUtilsTest"/>
  <testcase name="isReferenceTypeAttrType" time="0.000" classname="org.molgenis.data.support.EntityTypeUtilsTest"/>
  <testcase name="isSystemEntityNotASystemEntityIfNotInPackage" time="0.000" classname="org.molgenis.data.support.EntityTypeUtilsTest"/>
  <testcase name="isMultipleReferenceType" time="0.000" classname="org.molgenis.data.support.EntityTypeUtilsTest"/>
  <testcase name="isReferenceTypeAttrType" time="0.000" classname="org.molgenis.data.support.EntityTypeUtilsTest"/>
  <testcase name="isReferenceTypeAttr" time="0.000" classname="org.molgenis.data.support.EntityTypeUtilsTest"/>
  <testcase name="isReferenceTypeAttr" time="0.000" classname="org.molgenis.data.support.EntityTypeUtilsTest"/>
  <testcase name="isMultipleReferenceType" time="0.000" classname="org.molgenis.data.support.EntityTypeUtilsTest"/>
  <testcase name="isReferenceTypeAttr" time="0.000" classname="org.molgenis.data.support.EntityTypeUtilsTest"/>
  <testcase name="isReferenceTypeAttr" time="0.000" classname="org.molgenis.data.support.EntityTypeUtilsTest"/>
  <testcase name="isReferenceTypeAttr" time="0.000" classname="org.molgenis.data.support.EntityTypeUtilsTest"/>
  <testcase name="isSystemEntityNotASystemIfNotInSystemPackage" time="0.000" classname="org.molgenis.data.support.EntityTypeUtilsTest"/>
  <testcase name="isReferenceTypeAttr" time="0.000" classname="org.molgenis.data.support.EntityTypeUtilsTest"/>
  <testcase name="isReferenceTypeAttrType" time="0.000" classname="org.molgenis.data.support.EntityTypeUtilsTest"/>
  <testcase name="buildFullNameNoPackage" time="0.000" classname="org.molgenis.data.support.EntityTypeUtilsTest"/>
  <testcase name="isReferenceTypeAttrType" time="0.000" classname="org.molgenis.data.support.EntityTypeUtilsTest"/>
  <testcase name="isReferenceTypeAttrType" time="0.000" classname="org.molgenis.data.support.EntityTypeUtilsTest"/>
  <testcase name="isReferenceTypeAttrType" time="0.000" classname="org.molgenis.data.support.EntityTypeUtilsTest"/>
  <testcase name="isMultipleReferenceType" time="0.000" classname="org.molgenis.data.support.EntityTypeUtilsTest"/>
  <testcase name="buildFullNamePackage" time="0.000" classname="org.molgenis.data.support.EntityTypeUtilsTest"/>
  <testcase name="isMultipleReferenceType" time="0.001" classname="org.molgenis.data.support.EntityTypeUtilsTest"/>
  <testcase name="isSystemEntityIfInSystemPackage" time="0.000" classname="org.molgenis.data.support.EntityTypeUtilsTest"/>
  <testcase name="isReferenceTypeAttr" time="0.000" classname="org.molgenis.data.support.EntityTypeUtilsTest"/>
  <testcase name="isReferenceTypeAttrType" time="0.000" classname="org.molgenis.data.support.EntityTypeUtilsTest"/>
  <testcase name="isReferenceTypeAttr" time="0.000" classname="org.molgenis.data.support.EntityTypeUtilsTest"/>
  <testcase name="isReferenceTypeAttrType" time="0.000" classname="org.molgenis.data.support.EntityTypeUtilsTest"/>
  <testcase name="isReferenceTypeAttrType" time="0.000" classname="org.molgenis.data.support.EntityTypeUtilsTest"/>
  <testcase name="getAttributeNames" time="0.001" classname="org.molgenis.data.support.EntityTypeUtilsTest"/>
  <testcase name="isReferenceTypeAttr" time="0.000" classname="org.molgenis.data.support.EntityTypeUtilsTest"/>
  <testcase name="isSystemEntityIfInSystemSubPackage" time="0.000" classname="org.molgenis.data.support.EntityTypeUtilsTest"/>
  <testcase name="isReferenceTypeAttrType" time="0.000" classname="org.molgenis.data.support.EntityTypeUtilsTest"/>
  <testcase name="isMultipleReferenceType" time="0.001" classname="org.molgenis.data.support.EntityTypeUtilsTest"/>
  <testcase name="isReferenceTypeAttrType" time="0.000" classname="org.molgenis.data.support.EntityTypeUtilsTest"/>
  <testcase name="isReferenceTypeAttrType" time="0.000" classname="org.molgenis.data.support.EntityTypeUtilsTest"/>
  <testcase name="isMultipleReferenceType" time="0.000" classname="org.molgenis.data.support.EntityTypeUtilsTest"/>
</testsuite> <!-- org.molgenis.data.support.EntityTypeUtilsTest -->
