<?xml version="1.0" encoding="UTF-8"?>
<!-- Generated by org.testng.reporters.JUnitReportReporter -->
<testsuite hostname="spirals-vortex.lille.inria.fr" name="org.molgenis.data.support.QueryImplTest" tests="12" failures="0" timestamp="30 May 2018 09:54:41 GMT" time="0.002" errors="0">
  <testcase name="setFetch" time="0.000" classname="org.molgenis.data.support.QueryImplTest"/>
  <testcase name="nestDeep" time="0.001" classname="org.molgenis.data.support.QueryImplTest"/>
  <testcase name="equals" time="0.001" classname="org.molgenis.data.support.QueryImplTest"/>
  <testcase name="nest" time="0.000" classname="org.molgenis.data.support.QueryImplTest"/>
  <testcase name="equalsFetchFalse" time="0.000" classname="org.molgenis.data.support.QueryImplTest"/>
  <testcase name="nestOr" time="0.000" classname="org.molgenis.data.support.QueryImplTest"/>
  <testcase name="equalsFetch" time="0.000" classname="org.molgenis.data.support.QueryImplTest"/>
  <testcase name="rng" time="0.000" classname="org.molgenis.data.support.QueryImplTest"/>
  <testcase name="fetchFetch" time="0.000" classname="org.molgenis.data.support.QueryImplTest"/>
  <testcase name="fetch" time="0.000" classname="org.molgenis.data.support.QueryImplTest"/>
  <testcase name="nestAnd" time="0.000" classname="org.molgenis.data.support.QueryImplTest"/>
  <testcase name="queryImplQueryFetch" time="0.000" classname="org.molgenis.data.support.QueryImplTest"/>
</testsuite> <!-- org.molgenis.data.support.QueryImplTest -->
