<?xml version="1.0" encoding="UTF-8"?>
<!-- Generated by org.testng.reporters.JUnitReportReporter -->
<testsuite hostname="spirals-vortex.lille.inria.fr" name="org.molgenis.data.meta.model.PackageTest" tests="2" failures="0" timestamp="30 May 2018 13:30:00 GMT" time="0.104" errors="0">
  <testcase name="getRootPackageNoParent" time="0.103" classname="org.molgenis.data.meta.model.PackageTest"/>
  <testcase name="getRootPackageParent" time="0.001" classname="org.molgenis.data.meta.model.PackageTest"/>
</testsuite> <!-- org.molgenis.data.meta.model.PackageTest -->
