<?xml version="1.0" encoding="UTF-8"?>
<!-- Generated by org.testng.reporters.JUnitReportReporter -->
<testsuite hostname="spirals-vortex.lille.inria.fr" name="org.molgenis.data.transaction.UnknownRepositoryCollectionExceptionTest" tests="2" failures="0" timestamp="30 May 2018 13:30:00 GMT" time="0.002" errors="0">
  <testcase name="testGetLocalizedMessage" time="0.002" classname="org.molgenis.data.transaction.UnknownRepositoryCollectionExceptionTest"/>
  <testcase name="testGetLocalizedMessage" time="0.000" classname="org.molgenis.data.transaction.UnknownRepositoryCollectionExceptionTest"/>
</testsuite> <!-- org.molgenis.data.transaction.UnknownRepositoryCollectionExceptionTest -->
