<?xml version="1.0" encoding="UTF-8"?>
<!-- Generated by org.testng.reporters.JUnitReportReporter -->
<testsuite hostname="spirals-vortex.lille.inria.fr" name="org.molgenis.data.meta.SystemEntityTypeTest" tests="2" failures="0" timestamp="25 May 2018 14:03:09 GMT" time="0.094" errors="0">
  <testcase name="testAssignRolesToAttributePartsNested" time="0.002" classname="org.molgenis.data.meta.SystemEntityTypeTest"/>
  <testcase name="testAssignRolesToAttributeParts" time="0.092" classname="org.molgenis.data.meta.SystemEntityTypeTest"/>
</testsuite> <!-- org.molgenis.data.meta.SystemEntityTypeTest -->
