<?xml version="1.0" encoding="UTF-8"?>
<!-- Generated by org.testng.reporters.JUnitReportReporter -->
<testsuite hostname="spirals-vortex.lille.inria.fr" name="org.molgenis.data.UnknownRepositoryExceptionTest" tests="2" failures="0" timestamp="1 Jun 2018 11:16:41 GMT" time="0.002" errors="0">
  <testcase name="testGetLocalizedMessage" time="0.002" classname="org.molgenis.data.UnknownRepositoryExceptionTest"/>
  <testcase name="testGetLocalizedMessage" time="0.000" classname="org.molgenis.data.UnknownRepositoryExceptionTest"/>
</testsuite> <!-- org.molgenis.data.UnknownRepositoryExceptionTest -->
