<?xml version="1.0" encoding="UTF-8"?>
<!-- Generated by org.testng.reporters.JUnitReportReporter -->
<testsuite hostname="spirals-vortex.lille.inria.fr" name="org.molgenis.data.UnknownEntityTypeExceptionTest" tests="2" failures="0" timestamp="28 May 2018 08:14:50 GMT" time="0.024" errors="0">
  <testcase name="testGetLocalizedMessage" time="0.013" classname="org.molgenis.data.UnknownEntityTypeExceptionTest"/>
  <testcase name="testGetLocalizedMessage" time="0.011" classname="org.molgenis.data.UnknownEntityTypeExceptionTest"/>
</testsuite> <!-- org.molgenis.data.UnknownEntityTypeExceptionTest -->
