<?xml version="1.0" encoding="UTF-8"?>
<!-- Generated by org.testng.reporters.JUnitReportReporter -->
<testsuite hostname="spirals-vortex.lille.inria.fr" name="org.molgenis.data.populate.IdGeneratorImplTest" tests="5" failures="0" timestamp="30 May 2018 15:20:23 GMT" time="1.087" errors="0">
  <testcase name="testGenerateIds" time="0.005" classname="org.molgenis.data.populate.IdGeneratorImplTest"/>
  <testcase name="testGenerateIds" time="0.012" classname="org.molgenis.data.populate.IdGeneratorImplTest"/>
  <testcase name="testGenerateIds" time="0.003" classname="org.molgenis.data.populate.IdGeneratorImplTest"/>
  <testcase name="testGenerateIds" time="1.061" classname="org.molgenis.data.populate.IdGeneratorImplTest"/>
  <testcase name="testGenerateIds" time="0.006" classname="org.molgenis.data.populate.IdGeneratorImplTest"/>
</testsuite> <!-- org.molgenis.data.populate.IdGeneratorImplTest -->
