<?xml version="1.0" encoding="UTF-8"?>
<!-- Generated by org.testng.reporters.JUnitReportReporter -->
<testsuite hostname="spirals-vortex.lille.inria.fr" name="org.molgenis.data.populate.AutoValuePopulatorTest" tests="1" failures="0" timestamp="1 Jun 2018 10:50:35 GMT" time="0.006" errors="0">
  <testcase name="populateAutoValues" time="0.006" classname="org.molgenis.data.populate.AutoValuePopulatorTest"/>
</testsuite> <!-- org.molgenis.data.populate.AutoValuePopulatorTest -->
