<?xml version="1.0" encoding="UTF-8"?>
<!-- Generated by org.testng.reporters.JUnitReportReporter -->
<testsuite hostname="spirals-vortex.lille.inria.fr" name="org.molgenis.data.EntityManagerImplTest" tests="5" failures="0" timestamp="30 May 2018 09:54:41 GMT" time="0.019" errors="0">
  <testcase name="resolveReferencesStreamNoFetch" time="0.001" classname="org.molgenis.data.EntityManagerImplTest"/>
  <testcase name="resolveReferencesNoFetch" time="0.001" classname="org.molgenis.data.EntityManagerImplTest"/>
  <testcase name="getReference" time="0.001" classname="org.molgenis.data.EntityManagerImplTest"/>
  <testcase name="EntityManagerImpl" time="0.016" classname="org.molgenis.data.EntityManagerImplTest"/>
  <testcase name="getReferences" time="0.000" classname="org.molgenis.data.EntityManagerImplTest"/>
</testsuite> <!-- org.molgenis.data.EntityManagerImplTest -->
