<?xml version="1.0" encoding="UTF-8"?>
<!-- Generated by org.testng.reporters.JUnitReportReporter -->
<testsuite hostname="spirals-vortex.lille.inria.fr" name="org.molgenis.data.mem.InMemoryRepositoryTest" tests="11" failures="0" timestamp="25 May 2018 14:03:09 GMT" time="0.012" errors="0">
  <testcase name="findOneObjectFetch" time="0.000" classname="org.molgenis.data.mem.InMemoryRepositoryTest"/>
  <testcase name="findAllStreamFetch" time="0.002" classname="org.molgenis.data.mem.InMemoryRepositoryTest"/>
  <testcase name="findAllAsStream" time="0.000" classname="org.molgenis.data.mem.InMemoryRepositoryTest"/>
  <testcase name="findOneObjectFetchEntityNull" time="0.000" classname="org.molgenis.data.mem.InMemoryRepositoryTest"/>
  <testcase name="streamFetch" time="0.003" classname="org.molgenis.data.mem.InMemoryRepositoryTest"/>
  <testcase name="updateStream" time="0.001" classname="org.molgenis.data.mem.InMemoryRepositoryTest"/>
  <testcase name="findAllStream" time="0.001" classname="org.molgenis.data.mem.InMemoryRepositoryTest"/>
  <testcase name="findAllAsStreamSingleEqualsQuery" time="0.002" classname="org.molgenis.data.mem.InMemoryRepositoryTest"/>
  <testcase name="findAllAsStreamQueryWithContent" time="0.000" classname="org.molgenis.data.mem.InMemoryRepositoryTest"/>
  <testcase name="deleteStream" time="0.002" classname="org.molgenis.data.mem.InMemoryRepositoryTest"/>
  <testcase name="addStream" time="0.001" classname="org.molgenis.data.mem.InMemoryRepositoryTest"/>
</testsuite> <!-- org.molgenis.data.mem.InMemoryRepositoryTest -->
