<?xml version="1.0" encoding="UTF-8"?>
<!-- Generated by org.testng.reporters.JUnitReportReporter -->
<testsuite hostname="spirals-vortex.lille.inria.fr" name="org.molgenis.data.meta.MetaUtilsTest" tests="3" failures="0" timestamp="30 May 2018 13:30:00 GMT" time="0.002" errors="0">
  <testcase name="isSystemPackageTrue" time="0.000" classname="org.molgenis.data.meta.MetaUtilsTest"/>
  <testcase name="isSystemPackageTrueNested" time="0.000" classname="org.molgenis.data.meta.MetaUtilsTest"/>
  <testcase name="isSystemPackageFalse" time="0.002" classname="org.molgenis.data.meta.MetaUtilsTest"/>
</testsuite> <!-- org.molgenis.data.meta.MetaUtilsTest -->
