<?xml version="1.0" encoding="UTF-8"?>
<!-- Generated by org.testng.reporters.JUnitReportReporter -->
<testsuite hostname="spirals-vortex.lille.inria.fr" name="org.molgenis.data.support.LazyEntityTest" tests="23" failures="0" timestamp="30 May 2018 15:20:23 GMT" time="0.016" errors="0">
  <testcase name="getLocalDate" time="0.001" classname="org.molgenis.data.support.LazyEntityTest"/>
  <testcase name="getInt" time="0.000" classname="org.molgenis.data.support.LazyEntityTest"/>
  <testcase name="getAttributeNames" time="0.000" classname="org.molgenis.data.support.LazyEntityTest"/>
  <testcase name="getString" time="0.001" classname="org.molgenis.data.support.LazyEntityTest"/>
  <testcase name="getLabelValue" time="0.000" classname="org.molgenis.data.support.LazyEntityTest"/>
  <testcase name="getLabelValueLabelAttrIsIdAttr" time="0.000" classname="org.molgenis.data.support.LazyEntityTest"/>
  <testcase name="getEntityString" time="0.001" classname="org.molgenis.data.support.LazyEntityTest"/>
  <testcase name="getEntitiesStringClassE" time="0.000" classname="org.molgenis.data.support.LazyEntityTest"/>
  <testcase name="getDouble" time="0.000" classname="org.molgenis.data.support.LazyEntityTest"/>
  <testcase name="getStringIdAttr" time="0.002" classname="org.molgenis.data.support.LazyEntityTest"/>
  <testcase name="getLong" time="0.000" classname="org.molgenis.data.support.LazyEntityTest"/>
  <testcase name="getIntIdAttr" time="0.000" classname="org.molgenis.data.support.LazyEntityTest"/>
  <testcase name="setEntity" time="0.000" classname="org.molgenis.data.support.LazyEntityTest"/>
  <testcase name="getEntityStringClassE" time="0.001" classname="org.molgenis.data.support.LazyEntityTest"/>
  <testcase name="getEntitiesString" time="0.002" classname="org.molgenis.data.support.LazyEntityTest"/>
  <testcase name="setStringObject" time="0.001" classname="org.molgenis.data.support.LazyEntityTest"/>
  <testcase name="getBoolean" time="0.001" classname="org.molgenis.data.support.LazyEntityTest"/>
  <testcase name="getIdValue" time="0.001" classname="org.molgenis.data.support.LazyEntityTest"/>
  <testcase name="getIdAttr" time="0.000" classname="org.molgenis.data.support.LazyEntityTest"/>
  <testcase name="getInstant" time="0.000" classname="org.molgenis.data.support.LazyEntityTest"/>
  <testcase name="get" time="0.002" classname="org.molgenis.data.support.LazyEntityTest"/>
  <testcase name="getEntityType" time="0.000" classname="org.molgenis.data.support.LazyEntityTest"/>
  <testcase name="LazyEntity" time="0.003" classname="org.molgenis.data.support.LazyEntityTest"/>
</testsuite> <!-- org.molgenis.data.support.LazyEntityTest -->
