<?xml version="1.0" encoding="UTF-8"?>
<!-- Generated by org.testng.reporters.JUnitReportReporter -->
<testsuite hostname="spirals-vortex.lille.inria.fr" name="org.molgenis.data.meta.AttributeRepositoryDecoratorTest" tests="3" failures="0" timestamp="25 May 2018 14:03:09 GMT" time="0.009" errors="0">
  <testcase name="deleteCompoundAttribute" time="0.003" classname="org.molgenis.data.meta.AttributeRepositoryDecoratorTest"/>
  <testcase name="delete" time="0.002" classname="org.molgenis.data.meta.AttributeRepositoryDecoratorTest"/>
  <testcase name="updateNonSystemAbstractEntity" time="0.004" classname="org.molgenis.data.meta.AttributeRepositoryDecoratorTest"/>
</testsuite> <!-- org.molgenis.data.meta.AttributeRepositoryDecoratorTest -->
