<?xml version="1.0" encoding="UTF-8"?>
<!-- Generated by org.testng.reporters.JUnitReportReporter -->
<testsuite hostname="spirals-vortex.lille.inria.fr" name="org.molgenis.data.support.RepositoryCopierTest" tests="2" failures="0" timestamp="25 May 2018 09:36:53 GMT" time="0.045" errors="0">
  <testcase name="testRepositoryCopier" time="0.001" classname="org.molgenis.data.support.RepositoryCopierTest"/>
  <testcase name="testCopyRepository" time="0.044" classname="org.molgenis.data.support.RepositoryCopierTest"/>
</testsuite> <!-- org.molgenis.data.support.RepositoryCopierTest -->
