<?xml version="1.0" encoding="UTF-8"?>
<!-- Generated by org.testng.reporters.JUnitReportReporter -->
<testsuite hostname="spirals-vortex.lille.inria.fr" name="org.molgenis.data.listeners.EntityListenersServiceTest" tests="9" failures="0" timestamp="28 May 2018 08:14:50 GMT" time="0.012" errors="0">
  <testcase name="verifyRepoRegistered" time="0.001" classname="org.molgenis.data.listeners.EntityListenersServiceTest"/>
  <testcase name="isEmptyTest" time="0.001" classname="org.molgenis.data.listeners.EntityListenersServiceTest"/>
  <testcase name="updateEntityTest" time="0.000" classname="org.molgenis.data.listeners.EntityListenersServiceTest"/>
  <testcase name="registerTest" time="0.001" classname="org.molgenis.data.listeners.EntityListenersServiceTest"/>
  <testcase name="noExceptionsStressTest" time="0.008" classname="org.molgenis.data.listeners.EntityListenersServiceTest"/>
  <testcase name="removeEntityListenerTest" time="0.000" classname="org.molgenis.data.listeners.EntityListenersServiceTest"/>
  <testcase name="updateEntitiesTest" time="0.001" classname="org.molgenis.data.listeners.EntityListenersServiceTest"/>
  <testcase name="addEntityListenerTest" time="0.000" classname="org.molgenis.data.listeners.EntityListenersServiceTest"/>
  <testcase name="registerNullPointer" time="0.000" classname="org.molgenis.data.listeners.EntityListenersServiceTest"/>
</testsuite> <!-- org.molgenis.data.listeners.EntityListenersServiceTest -->
