<?xml version="1.0" encoding="UTF-8"?>
<!-- Generated by org.testng.reporters.JUnitReportReporter -->
<testsuite hostname="spirals-vortex.lille.inria.fr" name="org.molgenis.data.FetchTest" tests="9" failures="0" timestamp="28 May 2018 08:14:50 GMT" time="0.008" errors="0">
  <testcase name="equalsFalse" time="0.000" classname="org.molgenis.data.FetchTest"/>
  <testcase name="equalsSubFetchFalse" time="0.001" classname="org.molgenis.data.FetchTest"/>
  <testcase name="hasFieldTrue" time="0.000" classname="org.molgenis.data.FetchTest"/>
  <testcase name="iterator" time="0.002" classname="org.molgenis.data.FetchTest"/>
  <testcase name="equalsTrue" time="0.000" classname="org.molgenis.data.FetchTest"/>
  <testcase name="hasFieldFalse" time="0.000" classname="org.molgenis.data.FetchTest"/>
  <testcase name="getFields" time="0.005" classname="org.molgenis.data.FetchTest"/>
  <testcase name="getFetch" time="0.000" classname="org.molgenis.data.FetchTest"/>
  <testcase name="equalsSubFetchTrue" time="0.000" classname="org.molgenis.data.FetchTest"/>
</testsuite> <!-- org.molgenis.data.FetchTest -->
