<?xml version="1.0" encoding="UTF-8"?>
<!-- Generated by org.testng.reporters.JUnitReportReporter -->
<testsuite hostname="spirals-vortex.lille.inria.fr" name="org.molgenis.data.util.MolgenisDateFormatTest" tests="12" failures="0" timestamp="1 Jun 2018 10:50:35 GMT" time="0.029" errors="0">
  <testcase name="testParseLocalDate" time="0.000" classname="org.molgenis.data.util.MolgenisDateFormatTest"/>
  <testcase name="testParseInstant" time="0.000" classname="org.molgenis.data.util.MolgenisDateFormatTest"/>
  <testcase name="testParseInstant" time="0.005" classname="org.molgenis.data.util.MolgenisDateFormatTest"/>
  <testcase name="testParseInstant" time="0.000" classname="org.molgenis.data.util.MolgenisDateFormatTest"/>
  <testcase name="testParseLocalDate" time="0.003" classname="org.molgenis.data.util.MolgenisDateFormatTest"/>
  <testcase name="testParseLocalDate" time="0.001" classname="org.molgenis.data.util.MolgenisDateFormatTest"/>
  <testcase name="testParseInstant" time="0.015" classname="org.molgenis.data.util.MolgenisDateFormatTest"/>
  <testcase name="testParseLocalDate" time="0.003" classname="org.molgenis.data.util.MolgenisDateFormatTest"/>
  <testcase name="testParseLocalDate" time="0.000" classname="org.molgenis.data.util.MolgenisDateFormatTest"/>
  <testcase name="testParseLocalDate" time="0.001" classname="org.molgenis.data.util.MolgenisDateFormatTest"/>
  <testcase name="testParseInstant" time="0.001" classname="org.molgenis.data.util.MolgenisDateFormatTest"/>
  <testcase name="testParseInstant" time="0.000" classname="org.molgenis.data.util.MolgenisDateFormatTest"/>
</testsuite> <!-- org.molgenis.data.util.MolgenisDateFormatTest -->
