<?xml version="1.0" encoding="UTF-8"?>
<!-- Generated by org.testng.reporters.JUnitReportReporter -->
<testsuite hostname="spirals-vortex.lille.inria.fr" name="org.molgenis.data.UnknownRepositoryExceptionTest" tests="2" failures="0" timestamp="30 May 2018 15:20:23 GMT" time="0.033" errors="0">
  <testcase name="testGetLocalizedMessage" time="0.011" classname="org.molgenis.data.UnknownRepositoryExceptionTest"/>
  <testcase name="testGetLocalizedMessage" time="0.022" classname="org.molgenis.data.UnknownRepositoryExceptionTest"/>
</testsuite> <!-- org.molgenis.data.UnknownRepositoryExceptionTest -->
