<?xml version="1.0" encoding="UTF-8"?>
<!-- Generated by org.testng.reporters.JUnitReportReporter -->
<testsuite hostname="spirals-vortex.lille.inria.fr" name="org.molgenis.data.meta.MetaDataServiceImplTest" tests="57" failures="0" timestamp="25 May 2018 09:36:52 GMT" time="0.256" errors="0">
  <testcase name="getRepositoryAbstractEntityType" time="0.001" classname="org.molgenis.data.meta.MetaDataServiceImplTest"/>
  <testcase name="hasBackendFalse" time="0.001" classname="org.molgenis.data.meta.MetaDataServiceImplTest"/>
  <testcase name="updateEntityTypeEntityDoesNotExist" time="0.003" classname="org.molgenis.data.meta.MetaDataServiceImplTest"/>
  <testcase name="createRepositoryTypedAbstractEntityType" time="0.001" classname="org.molgenis.data.meta.MetaDataServiceImplTest"/>
  <testcase name="getRepositoryTypedEntityTypeAbstract" time="0.001" classname="org.molgenis.data.meta.MetaDataServiceImplTest"/>
  <testcase name="hasEntityTypeNonSystemEntityType" time="0.001" classname="org.molgenis.data.meta.MetaDataServiceImplTest"/>
  <testcase name="upsertPackages" time="0.002" classname="org.molgenis.data.meta.MetaDataServiceImplTest"/>
  <testcase name="isMetaEntityType" time="0.001" classname="org.molgenis.data.meta.MetaDataServiceImplTest"/>
  <testcase name="updateEntityTypeCollectionMappedByExisting" time="0.004" classname="org.molgenis.data.meta.MetaDataServiceImplTest"/>
  <testcase name="createRepositoryTyped" time="0.001" classname="org.molgenis.data.meta.MetaDataServiceImplTest"/>
  <testcase name="getEntityType" time="0.002" classname="org.molgenis.data.meta.MetaDataServiceImplTest"/>
  <testcase name="hasBackendTrue" time="0.001" classname="org.molgenis.data.meta.MetaDataServiceImplTest"/>
  <testcase name="addPackage" time="0.001" classname="org.molgenis.data.meta.MetaDataServiceImplTest"/>
  <testcase name="getPackages" time="0.002" classname="org.molgenis.data.meta.MetaDataServiceImplTest"/>
  <testcase name="updateEntityType" time="0.004" classname="org.molgenis.data.meta.MetaDataServiceImplTest"/>
  <testcase name="deleteEntityType" time="0.003" classname="org.molgenis.data.meta.MetaDataServiceImplTest"/>
  <testcase name="deleteEntityTypeCollectionEmpty" time="0.002" classname="org.molgenis.data.meta.MetaDataServiceImplTest"/>
  <testcase name="isMetaEntityType" time="0.001" classname="org.molgenis.data.meta.MetaDataServiceImplTest"/>
  <testcase name="updateEntityTypeCollection" time="0.006" classname="org.molgenis.data.meta.MetaDataServiceImplTest"/>
  <testcase name="hasRepository" time="0.000" classname="org.molgenis.data.meta.MetaDataServiceImplTest"/>
  <testcase name="upsertEntityTypeCollectionEmpty" time="0.001" classname="org.molgenis.data.meta.MetaDataServiceImplTest"/>
  <testcase name="isMetaEntityType" time="0.000" classname="org.molgenis.data.meta.MetaDataServiceImplTest"/>
  <testcase name="getBackendUnknown" time="0.003" classname="org.molgenis.data.meta.MetaDataServiceImplTest"/>
  <testcase name="getRepositoryTypedEntityType" time="0.000" classname="org.molgenis.data.meta.MetaDataServiceImplTest"/>
  <testcase name="deleteEntityTypeCollection" time="0.048" classname="org.molgenis.data.meta.MetaDataServiceImplTest"/>
  <testcase name="hasEntityTypeSystemEntityType" time="0.000" classname="org.molgenis.data.meta.MetaDataServiceImplTest"/>
  <testcase name="getRepositoryTypedUnknownEntity" time="0.000" classname="org.molgenis.data.meta.MetaDataServiceImplTest"/>
  <testcase name="getRepositoryTyped" time="0.002" classname="org.molgenis.data.meta.MetaDataServiceImplTest"/>
  <testcase name="getRepositoryEntityTypeAbstract" time="0.000" classname="org.molgenis.data.meta.MetaDataServiceImplTest"/>
  <testcase name="addEntityType" time="0.000" classname="org.molgenis.data.meta.MetaDataServiceImplTest"/>
  <testcase name="deleteAttributeById" time="0.004" classname="org.molgenis.data.meta.MetaDataServiceImplTest"/>
  <testcase name="getPackageStringUnknownPackage" time="0.001" classname="org.molgenis.data.meta.MetaDataServiceImplTest"/>
  <testcase name="hasEntityTypeUnknownEntityType" time="0.001" classname="org.molgenis.data.meta.MetaDataServiceImplTest"/>
  <testcase name="updateEntityTypeCollectionMappedByNew" time="0.005" classname="org.molgenis.data.meta.MetaDataServiceImplTest"/>
  <testcase name="getRepositoryUnknownEntity" time="0.001" classname="org.molgenis.data.meta.MetaDataServiceImplTest"/>
  <testcase name="getRootPackages" time="0.001" classname="org.molgenis.data.meta.MetaDataServiceImplTest"/>
  <testcase name="getRepositoryEntityType" time="0.000" classname="org.molgenis.data.meta.MetaDataServiceImplTest"/>
  <testcase name="addEntityTypesNoMappedByAttrs" time="0.003" classname="org.molgenis.data.meta.MetaDataServiceImplTest"/>
  <testcase name="isMetaEntityType" time="0.001" classname="org.molgenis.data.meta.MetaDataServiceImplTest"/>
  <testcase name="getRepositoryTypedAbstractEntityType" time="0.000" classname="org.molgenis.data.meta.MetaDataServiceImplTest"/>
  <testcase name="getRepositories" time="0.004" classname="org.molgenis.data.meta.MetaDataServiceImplTest"/>
  <testcase name="getRepository" time="0.001" classname="org.molgenis.data.meta.MetaDataServiceImplTest"/>
  <testcase name="testGetReferringAttributes" time="0.002" classname="org.molgenis.data.meta.MetaDataServiceImplTest"/>
  <testcase name="getEntityTypeUnknownEntity" time="0.001" classname="org.molgenis.data.meta.MetaDataServiceImplTest"/>
  <testcase name="createRepositoryAbstractEntityType" time="0.000" classname="org.molgenis.data.meta.MetaDataServiceImplTest"/>
  <testcase name="updateEntityTypeCollectionEmpty" time="0.002" classname="org.molgenis.data.meta.MetaDataServiceImplTest"/>
  <testcase name="getDefaultRepositoryCollection" time="0.001" classname="org.molgenis.data.meta.MetaDataServiceImplTest"/>
  <testcase name="createRepository" time="0.003" classname="org.molgenis.data.meta.MetaDataServiceImplTest"/>
  <testcase name="getEntityTypeNull" time="0.000" classname="org.molgenis.data.meta.MetaDataServiceImplTest"/>
  <testcase name="isMetaEntityType" time="0.001" classname="org.molgenis.data.meta.MetaDataServiceImplTest"/>
  <testcase name="getBackend" time="0.001" classname="org.molgenis.data.meta.MetaDataServiceImplTest"/>
  <testcase name="hasRepositoryAbstractEntityType" time="0.001" classname="org.molgenis.data.meta.MetaDataServiceImplTest"/>
  <testcase name="getSystemEntityTypeFromRegistry" time="0.005" classname="org.molgenis.data.meta.MetaDataServiceImplTest"/>
  <testcase name="addAttribute" time="0.004" classname="org.molgenis.data.meta.MetaDataServiceImplTest"/>
  <testcase name="addEntityTypesMappedByAttrs" time="0.018" classname="org.molgenis.data.meta.MetaDataServiceImplTest"/>
  <testcase name="getPackageString" time="0.001" classname="org.molgenis.data.meta.MetaDataServiceImplTest"/>
  <testcase name="getSystemEntityTypeBypassingRegistry" time="0.102" classname="org.molgenis.data.meta.MetaDataServiceImplTest"/>
</testsuite> <!-- org.molgenis.data.meta.MetaDataServiceImplTest -->
