<?xml version="1.0" encoding="UTF-8"?>
<!-- Generated by org.testng.reporters.JUnitReportReporter -->
<testsuite hostname="spirals-vortex.lille.inria.fr" name="org.molgenis.data.support.RepositoryCopierTest" tests="2" failures="0" timestamp="30 May 2018 09:54:41 GMT" time="0.094" errors="0">
  <testcase name="testCopyRepository" time="0.091" classname="org.molgenis.data.support.RepositoryCopierTest"/>
  <testcase name="testRepositoryCopier" time="0.003" classname="org.molgenis.data.support.RepositoryCopierTest"/>
</testsuite> <!-- org.molgenis.data.support.RepositoryCopierTest -->
