<?xml version="1.0" encoding="UTF-8"?>
<!-- Generated by org.testng.reporters.JUnitReportReporter -->
<testsuite hostname="spirals-vortex.lille.inria.fr" name="org.molgenis.data.util.BatchingIterableTest" tests="57" failures="0" timestamp="28 May 2018 08:14:50 GMT" time="0.006" errors="0">
  <testcase name="iterator" time="0.000" classname="org.molgenis.data.util.BatchingIterableTest"/>
  <testcase name="iterator" time="0.000" classname="org.molgenis.data.util.BatchingIterableTest"/>
  <testcase name="iterator" time="0.000" classname="org.molgenis.data.util.BatchingIterableTest"/>
  <testcase name="iterator" time="0.000" classname="org.molgenis.data.util.BatchingIterableTest"/>
  <testcase name="iterator" time="0.000" classname="org.molgenis.data.util.BatchingIterableTest"/>
  <testcase name="iterator" time="0.000" classname="org.molgenis.data.util.BatchingIterableTest"/>
  <testcase name="iterator" time="0.000" classname="org.molgenis.data.util.BatchingIterableTest"/>
  <testcase name="iterator" time="0.000" classname="org.molgenis.data.util.BatchingIterableTest"/>
  <testcase name="iterator" time="0.000" classname="org.molgenis.data.util.BatchingIterableTest"/>
  <testcase name="iterator" time="0.001" classname="org.molgenis.data.util.BatchingIterableTest"/>
  <testcase name="iterator" time="0.000" classname="org.molgenis.data.util.BatchingIterableTest"/>
  <testcase name="iterator" time="0.000" classname="org.molgenis.data.util.BatchingIterableTest"/>
  <testcase name="iterator" time="0.000" classname="org.molgenis.data.util.BatchingIterableTest"/>
  <testcase name="iterator" time="0.001" classname="org.molgenis.data.util.BatchingIterableTest"/>
  <testcase name="iterator" time="0.000" classname="org.molgenis.data.util.BatchingIterableTest"/>
  <testcase name="iterator" time="0.000" classname="org.molgenis.data.util.BatchingIterableTest"/>
  <testcase name="iteratorNoResults" time="0.001" classname="org.molgenis.data.util.BatchingIterableTest"/>
  <testcase name="iterator" time="0.000" classname="org.molgenis.data.util.BatchingIterableTest"/>
  <testcase name="iterator" time="0.000" classname="org.molgenis.data.util.BatchingIterableTest"/>
  <testcase name="iterator" time="0.000" classname="org.molgenis.data.util.BatchingIterableTest"/>
  <testcase name="iterator" time="0.000" classname="org.molgenis.data.util.BatchingIterableTest"/>
  <testcase name="iterator" time="0.000" classname="org.molgenis.data.util.BatchingIterableTest"/>
  <testcase name="iterator" time="0.000" classname="org.molgenis.data.util.BatchingIterableTest"/>
  <testcase name="iterator" time="0.000" classname="org.molgenis.data.util.BatchingIterableTest"/>
  <testcase name="iterator" time="0.000" classname="org.molgenis.data.util.BatchingIterableTest"/>
  <testcase name="iterator" time="0.000" classname="org.molgenis.data.util.BatchingIterableTest"/>
  <testcase name="iterator" time="0.000" classname="org.molgenis.data.util.BatchingIterableTest"/>
  <testcase name="iterator" time="0.000" classname="org.molgenis.data.util.BatchingIterableTest"/>
  <testcase name="iterator" time="0.000" classname="org.molgenis.data.util.BatchingIterableTest"/>
  <testcase name="iterator" time="0.000" classname="org.molgenis.data.util.BatchingIterableTest"/>
  <testcase name="iterator" time="0.000" classname="org.molgenis.data.util.BatchingIterableTest"/>
  <testcase name="iterator" time="0.000" classname="org.molgenis.data.util.BatchingIterableTest"/>
  <testcase name="iterator" time="0.000" classname="org.molgenis.data.util.BatchingIterableTest"/>
  <testcase name="iterator" time="0.000" classname="org.molgenis.data.util.BatchingIterableTest"/>
  <testcase name="iterator" time="0.000" classname="org.molgenis.data.util.BatchingIterableTest"/>
  <testcase name="iterator" time="0.000" classname="org.molgenis.data.util.BatchingIterableTest"/>
  <testcase name="iterator" time="0.000" classname="org.molgenis.data.util.BatchingIterableTest"/>
  <testcase name="iterator" time="0.000" classname="org.molgenis.data.util.BatchingIterableTest"/>
  <testcase name="iterator" time="0.000" classname="org.molgenis.data.util.BatchingIterableTest"/>
  <testcase name="iterator" time="0.000" classname="org.molgenis.data.util.BatchingIterableTest"/>
  <testcase name="iterator" time="0.000" classname="org.molgenis.data.util.BatchingIterableTest"/>
  <testcase name="iterator" time="0.000" classname="org.molgenis.data.util.BatchingIterableTest"/>
  <testcase name="iterator" time="0.000" classname="org.molgenis.data.util.BatchingIterableTest"/>
  <testcase name="iterator" time="0.000" classname="org.molgenis.data.util.BatchingIterableTest"/>
  <testcase name="iterator" time="0.000" classname="org.molgenis.data.util.BatchingIterableTest"/>
  <testcase name="iterator" time="0.000" classname="org.molgenis.data.util.BatchingIterableTest"/>
  <testcase name="iterator" time="0.001" classname="org.molgenis.data.util.BatchingIterableTest"/>
  <testcase name="iterator" time="0.000" classname="org.molgenis.data.util.BatchingIterableTest"/>
  <testcase name="iterator" time="0.000" classname="org.molgenis.data.util.BatchingIterableTest"/>
  <testcase name="iterator" time="0.000" classname="org.molgenis.data.util.BatchingIterableTest"/>
  <testcase name="iterator" time="0.001" classname="org.molgenis.data.util.BatchingIterableTest"/>
  <testcase name="iterator" time="0.000" classname="org.molgenis.data.util.BatchingIterableTest"/>
  <testcase name="iterator" time="0.001" classname="org.molgenis.data.util.BatchingIterableTest"/>
  <testcase name="iterator" time="0.000" classname="org.molgenis.data.util.BatchingIterableTest"/>
  <testcase name="iterator" time="0.000" classname="org.molgenis.data.util.BatchingIterableTest"/>
  <testcase name="iterator" time="0.000" classname="org.molgenis.data.util.BatchingIterableTest"/>
  <testcase name="iterator" time="0.000" classname="org.molgenis.data.util.BatchingIterableTest"/>
</testsuite> <!-- org.molgenis.data.util.BatchingIterableTest -->
