<?xml version="1.0" encoding="UTF-8"?>
<!-- Generated by org.testng.reporters.JUnitReportReporter -->
<testsuite hostname="spirals-vortex.lille.inria.fr" name="org.molgenis.data.meta.system.SystemEntityTypePersisterTest" tests="3" failures="0" timestamp="25 May 2018 14:03:09 GMT" time="0.266" errors="0">
  <testcase name="persistSystemPackageNoChange" time="0.003" classname="org.molgenis.data.meta.system.SystemEntityTypePersisterTest"/>
  <testcase name="persistSystemPackageChange" time="0.260" classname="org.molgenis.data.meta.system.SystemEntityTypePersisterTest"/>
  <testcase name="removeNonExistingSystemEntities" time="0.003" classname="org.molgenis.data.meta.system.SystemEntityTypePersisterTest"/>
</testsuite> <!-- org.molgenis.data.meta.system.SystemEntityTypePersisterTest -->
