<?xml version="1.0" encoding="UTF-8"?>
<!-- Generated by org.testng.reporters.JUnitReportReporter -->
<testsuite hostname="spirals-vortex.lille.inria.fr" name="org.molgenis.data.decorator.DynamicRepositoryDecoratorRegistryImplTest" tests="2" failures="0" timestamp="1 Jun 2018 11:16:41 GMT" time="0.182" errors="0">
  <testcase name="testDecorateNoDecorator" time="0.008" classname="org.molgenis.data.decorator.DynamicRepositoryDecoratorRegistryImplTest"/>
  <testcase name="testDecorate" time="0.174" classname="org.molgenis.data.decorator.DynamicRepositoryDecoratorRegistryImplTest"/>
</testsuite> <!-- org.molgenis.data.decorator.DynamicRepositoryDecoratorRegistryImplTest -->
