<?xml version="1.0" encoding="UTF-8"?>
<!-- Generated by org.testng.reporters.JUnitReportReporter -->
<testsuite hostname="spirals-vortex.lille.inria.fr" name="org.molgenis.data.UnknownEntityExceptionTest" tests="2" failures="0" timestamp="30 May 2018 12:44:29 GMT" time="0.002" errors="0">
  <testcase name="testGetLocalizedMessageIdOnly" time="0.001" classname="org.molgenis.data.UnknownEntityExceptionTest"/>
  <testcase name="testGetLocalizedMessage" time="0.001" classname="org.molgenis.data.UnknownEntityExceptionTest"/>
</testsuite> <!-- org.molgenis.data.UnknownEntityExceptionTest -->
