<?xml version="1.0" encoding="UTF-8"?>
<!-- Generated by org.testng.reporters.JUnitReportReporter -->
<testsuite hostname="spirals-vortex.lille.inria.fr" name="org.molgenis.data.UnknownEntityTypeExceptionTest" tests="2" failures="0" timestamp="30 May 2018 12:44:29 GMT" time="0.031" errors="0">
  <testcase name="testGetLocalizedMessage" time="0.016" classname="org.molgenis.data.UnknownEntityTypeExceptionTest"/>
  <testcase name="testGetLocalizedMessage" time="0.015" classname="org.molgenis.data.UnknownEntityTypeExceptionTest"/>
</testsuite> <!-- org.molgenis.data.UnknownEntityTypeExceptionTest -->
