<?xml version="1.0" encoding="UTF-8"?>
<!-- Generated by org.testng.reporters.JUnitReportReporter -->
<testsuite hostname="spirals-vortex.lille.inria.fr" name="org.molgenis.data.meta.PackageRepositoryDecoratorTest" tests="1" failures="0" timestamp="25 May 2018 14:03:09 GMT" time="0.000" errors="0">
  <testcase name="testPackageRepositoryDecorator" time="0.000" classname="org.molgenis.data.meta.PackageRepositoryDecoratorTest"/>
</testsuite> <!-- org.molgenis.data.meta.PackageRepositoryDecoratorTest -->
