<?xml version="1.0" encoding="UTF-8"?>
<!-- Generated by org.testng.reporters.JUnitReportReporter -->
<testsuite hostname="spirals-vortex.lille.inria.fr" name="org.molgenis.data.support.MapOfStringsExpressionEvaluatorTest" tests="7" failures="0" timestamp="30 May 2018 09:54:41 GMT" time="0.072" errors="0">
  <testcase name="testMapOfStringsEvaluatorConstructorChecksIfAttributeHasExpression" time="0.018" classname="org.molgenis.data.support.MapOfStringsExpressionEvaluatorTest"/>
  <testcase name="testMapOfStringsEvaluatorConstructorChecksIfMentionedAttributesAllExist" time="0.006" classname="org.molgenis.data.support.MapOfStringsExpressionEvaluatorTest"/>
  <testcase name="testMapOfStringsEvaluatorConstructorChecksThatExpressionIsMapOfStrings" time="0.002" classname="org.molgenis.data.support.MapOfStringsExpressionEvaluatorTest"/>
  <testcase name="testMapOfStringsEvaluatorConstructorChecksIfAttributeHasRefEntity" time="0.003" classname="org.molgenis.data.support.MapOfStringsExpressionEvaluatorTest"/>
  <testcase name="testEvaluate" time="0.030" classname="org.molgenis.data.support.MapOfStringsExpressionEvaluatorTest"/>
  <testcase name="testMapOfStringsEvaluatorConstructorChecksIfExpressionIsMap" time="0.003" classname="org.molgenis.data.support.MapOfStringsExpressionEvaluatorTest"/>
  <testcase name="testMapOfStringsEvaluatorConstructorChecksIfCalculatedAttributesAllExist" time="0.010" classname="org.molgenis.data.support.MapOfStringsExpressionEvaluatorTest"/>
</testsuite> <!-- org.molgenis.data.support.MapOfStringsExpressionEvaluatorTest -->
