<?xml version="1.0" encoding="UTF-8"?>
<!-- Generated by org.testng.reporters.JUnitReportReporter -->
<testsuite hostname="spirals-vortex.lille.inria.fr" name="org.molgenis.data.UnknownAttributeExceptionTest" tests="2" failures="0" timestamp="1 Jun 2018 10:50:35 GMT" time="0.007" errors="0">
  <testcase name="testGetLocalizedMessage" time="0.003" classname="org.molgenis.data.UnknownAttributeExceptionTest"/>
  <testcase name="testGetLocalizedMessage" time="0.004" classname="org.molgenis.data.UnknownAttributeExceptionTest"/>
</testsuite> <!-- org.molgenis.data.UnknownAttributeExceptionTest -->
