<?xml version="1.0" encoding="UTF-8"?>
<!-- Generated by org.testng.reporters.JUnitReportReporter -->
<testsuite hostname="spirals-vortex.lille.inria.fr" name="org.molgenis.data.EntityReferenceResolverDecoratorTest" tests="30" failures="0" timestamp="25 May 2018 14:30:42 GMT" time="0.201" errors="0">
  <testcase name="getCapabilities" time="0.001" classname="org.molgenis.data.EntityReferenceResolverDecoratorTest"/>
  <testcase name="updateEntity" time="0.000" classname="org.molgenis.data.EntityReferenceResolverDecoratorTest"/>
  <testcase name="findOneObjectFetchNull" time="0.002" classname="org.molgenis.data.EntityReferenceResolverDecoratorTest"/>
  <testcase name="findOneObjectFetch" time="0.003" classname="org.molgenis.data.EntityReferenceResolverDecoratorTest"/>
  <testcase name="aggregate" time="0.012" classname="org.molgenis.data.EntityReferenceResolverDecoratorTest"/>
  <testcase name="getEntityType" time="0.001" classname="org.molgenis.data.EntityReferenceResolverDecoratorTest"/>
  <testcase name="deleteByIdIterableObject" time="0.012" classname="org.molgenis.data.EntityReferenceResolverDecoratorTest"/>
  <testcase name="deleteAll" time="0.002" classname="org.molgenis.data.EntityReferenceResolverDecoratorTest"/>
  <testcase name="countQuery" time="0.030" classname="org.molgenis.data.EntityReferenceResolverDecoratorTest"/>
  <testcase name="streamFetch" time="0.003" classname="org.molgenis.data.EntityReferenceResolverDecoratorTest"/>
  <testcase name="findOneObject" time="0.001" classname="org.molgenis.data.EntityReferenceResolverDecoratorTest"/>
  <testcase name="iterator" time="0.002" classname="org.molgenis.data.EntityReferenceResolverDecoratorTest"/>
  <testcase name="query" time="0.001" classname="org.molgenis.data.EntityReferenceResolverDecoratorTest"/>
  <testcase name="getName" time="0.002" classname="org.molgenis.data.EntityReferenceResolverDecoratorTest"/>
  <testcase name="updateStream" time="0.003" classname="org.molgenis.data.EntityReferenceResolverDecoratorTest"/>
  <testcase name="findAllAsStreamNoFetch" time="0.001" classname="org.molgenis.data.EntityReferenceResolverDecoratorTest"/>
  <testcase name="findOneQueryFetchEntityNull" time="0.029" classname="org.molgenis.data.EntityReferenceResolverDecoratorTest"/>
  <testcase name="addEntity" time="0.002" classname="org.molgenis.data.EntityReferenceResolverDecoratorTest"/>
  <testcase name="findAllStream" time="0.002" classname="org.molgenis.data.EntityReferenceResolverDecoratorTest"/>
  <testcase name="addStream" time="0.002" classname="org.molgenis.data.EntityReferenceResolverDecoratorTest"/>
  <testcase name="findAllStreamFetch" time="0.000" classname="org.molgenis.data.EntityReferenceResolverDecoratorTest"/>
  <testcase name="count" time="0.001" classname="org.molgenis.data.EntityReferenceResolverDecoratorTest"/>
  <testcase name="deleteByIdObject" time="0.014" classname="org.molgenis.data.EntityReferenceResolverDecoratorTest"/>
  <testcase name="deleteEntity" time="0.001" classname="org.molgenis.data.EntityReferenceResolverDecoratorTest"/>
  <testcase name="findOneQueryFetchEntity" time="0.001" classname="org.molgenis.data.EntityReferenceResolverDecoratorTest"/>
  <testcase name="EntityReferenceResolverDecorator" time="0.001" classname="org.molgenis.data.EntityReferenceResolverDecoratorTest"/>
  <testcase name="close" time="0.001" classname="org.molgenis.data.EntityReferenceResolverDecoratorTest"/>
  <testcase name="findAllAsStreamFetch" time="0.028" classname="org.molgenis.data.EntityReferenceResolverDecoratorTest"/>
  <testcase name="deleteStream" time="0.043" classname="org.molgenis.data.EntityReferenceResolverDecoratorTest"/>
  <testcase name="findOneQueryNoFetch" time="0.000" classname="org.molgenis.data.EntityReferenceResolverDecoratorTest"/>
</testsuite> <!-- org.molgenis.data.EntityReferenceResolverDecoratorTest -->
