<?xml version="1.0" encoding="UTF-8"?>
<!-- Generated by org.testng.reporters.JUnitReportReporter -->
<testsuite hostname="spirals-vortex.lille.inria.fr" name="org.molgenis.data.util.GenericDependencyResolverTest" tests="5" failures="0" timestamp="30 May 2018 15:20:23 GMT" time="0.035" errors="0">
  <testcase name="testGetAllDependantsCircularZeroDepth" time="0.014" classname="org.molgenis.data.util.GenericDependencyResolverTest"/>
  <testcase name="testGetAllDependantsCircular" time="0.000" classname="org.molgenis.data.util.GenericDependencyResolverTest"/>
  <testcase name="testCyclicDependencies" time="0.007" classname="org.molgenis.data.util.GenericDependencyResolverTest"/>
  <testcase name="testGetAllDependants" time="0.012" classname="org.molgenis.data.util.GenericDependencyResolverTest"/>
  <testcase name="testResolveTransientDependency" time="0.002" classname="org.molgenis.data.util.GenericDependencyResolverTest"/>
</testsuite> <!-- org.molgenis.data.util.GenericDependencyResolverTest -->
