<?xml version="1.0" encoding="UTF-8"?>
<!-- Generated by org.testng.reporters.JUnitReportReporter -->
<testsuite hostname="spirals-vortex.lille.inria.fr" name="org.molgenis.data.meta.model.EntityTypeTest" tests="6" failures="0" timestamp="30 May 2018 09:54:41 GMT" time="0.067" errors="0">
  <testcase name="setLabelNull" time="0.002" classname="org.molgenis.data.meta.model.EntityTypeTest"/>
  <testcase name="addAttributeWithDuplicateName" time="0.003" classname="org.molgenis.data.meta.model.EntityTypeTest"/>
  <testcase name="addSequenceNumberNullAndOtherNull" time="0.002" classname="org.molgenis.data.meta.model.EntityTypeTest"/>
  <testcase name="setLabel" time="0.003" classname="org.molgenis.data.meta.model.EntityTypeTest"/>
  <testcase name="newInstanceShallowCopy" time="0.055" classname="org.molgenis.data.meta.model.EntityTypeTest"/>
  <testcase name="addSequenceNumberNull" time="0.002" classname="org.molgenis.data.meta.model.EntityTypeTest"/>
</testsuite> <!-- org.molgenis.data.meta.model.EntityTypeTest -->
