<?xml version="1.0" encoding="UTF-8"?>
<!-- Generated by org.testng.reporters.JUnitReportReporter -->
<testsuite hostname="spirals-vortex.lille.inria.fr" name="org.molgenis.data.util.EntityUtilsTest" tests="104" failures="0" timestamp="30 May 2018 15:20:23 GMT" time="0.139" errors="0">
  <testcase name="isNullValue" time="0.000" classname="org.molgenis.data.util.EntityUtilsTest"/>
  <testcase name="testEqualsAttribute" time="0.002" classname="org.molgenis.data.util.EntityUtilsTest"/>
  <testcase name="testEqualsAttribute" time="0.000" classname="org.molgenis.data.util.EntityUtilsTest"/>
  <testcase name="testEqualsEntityType" time="0.001" classname="org.molgenis.data.util.EntityUtilsTest"/>
  <testcase name="getTypedValueStringAttributeEntityManagerOneToMany" time="0.022" classname="org.molgenis.data.util.EntityUtilsTest"/>
  <testcase name="testEqualsAttribute" time="0.001" classname="org.molgenis.data.util.EntityUtilsTest"/>
  <testcase name="testEqualsAttributeNoIdentifierCheck" time="0.000" classname="org.molgenis.data.util.EntityUtilsTest"/>
  <testcase name="isNullValue" time="0.000" classname="org.molgenis.data.util.EntityUtilsTest"/>
  <testcase name="isEmptyAttributeValuesNotNull" time="0.008" classname="org.molgenis.data.util.EntityUtilsTest"/>
  <testcase name="isNullValue" time="0.000" classname="org.molgenis.data.util.EntityUtilsTest"/>
  <testcase name="testEqualsEntityType" time="0.000" classname="org.molgenis.data.util.EntityUtilsTest"/>
  <testcase name="doesExtend" time="0.001" classname="org.molgenis.data.util.EntityUtilsTest"/>
  <testcase name="testEqualsEntityType" time="0.001" classname="org.molgenis.data.util.EntityUtilsTest"/>
  <testcase name="getTypedValueStringAttributeEntityManagerXref" time="0.001" classname="org.molgenis.data.util.EntityUtilsTest"/>
  <testcase name="isNullValue" time="0.000" classname="org.molgenis.data.util.EntityUtilsTest"/>
  <testcase name="isNullValue" time="0.001" classname="org.molgenis.data.util.EntityUtilsTest"/>
  <testcase name="testEqualsAttributeNoIdentifierCheck" time="0.001" classname="org.molgenis.data.util.EntityUtilsTest"/>
  <testcase name="isNullValueCompoundAttribute" time="0.000" classname="org.molgenis.data.util.EntityUtilsTest"/>
  <testcase name="isNullValue" time="0.000" classname="org.molgenis.data.util.EntityUtilsTest"/>
  <testcase name="isEmptyAttributeValuesNull" time="0.000" classname="org.molgenis.data.util.EntityUtilsTest"/>
  <testcase name="testEqualsAttribute" time="0.001" classname="org.molgenis.data.util.EntityUtilsTest"/>
  <testcase name="isNullValue" time="0.000" classname="org.molgenis.data.util.EntityUtilsTest"/>
  <testcase name="isNullValue" time="0.000" classname="org.molgenis.data.util.EntityUtilsTest"/>
  <testcase name="testEqualsAttribute" time="0.001" classname="org.molgenis.data.util.EntityUtilsTest"/>
  <testcase name="isNullValue" time="0.000" classname="org.molgenis.data.util.EntityUtilsTest"/>
  <testcase name="isNullValue" time="0.000" classname="org.molgenis.data.util.EntityUtilsTest"/>
  <testcase name="testEqualsEntityType" time="0.000" classname="org.molgenis.data.util.EntityUtilsTest"/>
  <testcase name="testEqualsAttribute" time="0.001" classname="org.molgenis.data.util.EntityUtilsTest"/>
  <testcase name="testEqualsAttributeNoIdentifierCheck" time="0.001" classname="org.molgenis.data.util.EntityUtilsTest"/>
  <testcase name="testEqualsAttribute" time="0.001" classname="org.molgenis.data.util.EntityUtilsTest"/>
  <testcase name="testEqualsAttribute" time="0.001" classname="org.molgenis.data.util.EntityUtilsTest"/>
  <testcase name="testEqualsAttribute" time="0.001" classname="org.molgenis.data.util.EntityUtilsTest"/>
  <testcase name="isNullValue" time="0.000" classname="org.molgenis.data.util.EntityUtilsTest"/>
  <testcase name="testEqualsAttribute" time="0.000" classname="org.molgenis.data.util.EntityUtilsTest"/>
  <testcase name="testEqualsAttribute" time="0.001" classname="org.molgenis.data.util.EntityUtilsTest"/>
  <testcase name="isNullValue" time="0.000" classname="org.molgenis.data.util.EntityUtilsTest"/>
  <testcase name="isNullValue" time="0.000" classname="org.molgenis.data.util.EntityUtilsTest"/>
  <testcase name="isNullValue" time="0.000" classname="org.molgenis.data.util.EntityUtilsTest"/>
  <testcase name="isNullValue" time="0.000" classname="org.molgenis.data.util.EntityUtilsTest"/>
  <testcase name="attributeEqualsNoIdentifierCheck" time="0.001" classname="org.molgenis.data.util.EntityUtilsTest"/>
  <testcase name="isNullValue" time="0.000" classname="org.molgenis.data.util.EntityUtilsTest"/>
  <testcase name="isNullValue" time="0.000" classname="org.molgenis.data.util.EntityUtilsTest"/>
  <testcase name="isNullValue" time="0.001" classname="org.molgenis.data.util.EntityUtilsTest"/>
  <testcase name="testEqualsAttribute" time="0.012" classname="org.molgenis.data.util.EntityUtilsTest"/>
  <testcase name="testEqualsAttribute" time="0.001" classname="org.molgenis.data.util.EntityUtilsTest"/>
  <testcase name="isNullValue" time="0.001" classname="org.molgenis.data.util.EntityUtilsTest"/>
  <testcase name="testEqualsAttribute" time="0.002" classname="org.molgenis.data.util.EntityUtilsTest"/>
  <testcase name="testEqualsAttribute" time="0.037" classname="org.molgenis.data.util.EntityUtilsTest"/>
  <testcase name="testEqualsAttribute" time="0.001" classname="org.molgenis.data.util.EntityUtilsTest"/>
  <testcase name="isNullValue" time="0.001" classname="org.molgenis.data.util.EntityUtilsTest"/>
  <testcase name="isNullValue" time="0.000" classname="org.molgenis.data.util.EntityUtilsTest"/>
  <testcase name="isNullValue" time="0.000" classname="org.molgenis.data.util.EntityUtilsTest"/>
  <testcase name="testEqualsEntityType" time="0.000" classname="org.molgenis.data.util.EntityUtilsTest"/>
  <testcase name="isNullValue" time="0.000" classname="org.molgenis.data.util.EntityUtilsTest"/>
  <testcase name="testEqualsAttribute" time="0.001" classname="org.molgenis.data.util.EntityUtilsTest"/>
  <testcase name="testEqualsAttribute" time="0.001" classname="org.molgenis.data.util.EntityUtilsTest"/>
  <testcase name="testEqualsAttribute" time="0.000" classname="org.molgenis.data.util.EntityUtilsTest"/>
  <testcase name="testEqualsAttribute" time="0.001" classname="org.molgenis.data.util.EntityUtilsTest"/>
  <testcase name="testEqualsAttribute" time="0.001" classname="org.molgenis.data.util.EntityUtilsTest"/>
  <testcase name="testEqualsEntityType" time="0.000" classname="org.molgenis.data.util.EntityUtilsTest"/>
  <testcase name="isNullValue" time="0.000" classname="org.molgenis.data.util.EntityUtilsTest"/>
  <testcase name="isNullValue" time="0.000" classname="org.molgenis.data.util.EntityUtilsTest"/>
  <testcase name="isNullValue" time="0.000" classname="org.molgenis.data.util.EntityUtilsTest"/>
  <testcase name="isNullValue" time="0.000" classname="org.molgenis.data.util.EntityUtilsTest"/>
  <testcase name="isNullValue" time="0.000" classname="org.molgenis.data.util.EntityUtilsTest"/>
  <testcase name="testEqualsAttribute" time="0.002" classname="org.molgenis.data.util.EntityUtilsTest"/>
  <testcase name="isNullValue" time="0.000" classname="org.molgenis.data.util.EntityUtilsTest"/>
  <testcase name="testEqualsEntityType" time="0.001" classname="org.molgenis.data.util.EntityUtilsTest"/>
  <testcase name="isNullValue" time="0.000" classname="org.molgenis.data.util.EntityUtilsTest"/>
  <testcase name="testEqualsAttribute" time="0.001" classname="org.molgenis.data.util.EntityUtilsTest"/>
  <testcase name="testEqualsAttributeNoIdentifierCheck" time="0.000" classname="org.molgenis.data.util.EntityUtilsTest"/>
  <testcase name="testEqualsAttribute" time="0.000" classname="org.molgenis.data.util.EntityUtilsTest"/>
  <testcase name="isNullValue" time="0.000" classname="org.molgenis.data.util.EntityUtilsTest"/>
  <testcase name="isNullValue" time="0.000" classname="org.molgenis.data.util.EntityUtilsTest"/>
  <testcase name="testEqualsAttribute" time="0.001" classname="org.molgenis.data.util.EntityUtilsTest"/>
  <testcase name="isNullValue" time="0.001" classname="org.molgenis.data.util.EntityUtilsTest"/>
  <testcase name="isNullValue" time="0.001" classname="org.molgenis.data.util.EntityUtilsTest"/>
  <testcase name="testEqualsAttribute" time="0.000" classname="org.molgenis.data.util.EntityUtilsTest"/>
  <testcase name="isNullValue" time="0.000" classname="org.molgenis.data.util.EntityUtilsTest"/>
  <testcase name="testEqualsAttribute" time="0.001" classname="org.molgenis.data.util.EntityUtilsTest"/>
  <testcase name="isNullValue" time="0.000" classname="org.molgenis.data.util.EntityUtilsTest"/>
  <testcase name="testEqualsAttribute" time="0.000" classname="org.molgenis.data.util.EntityUtilsTest"/>
  <testcase name="testEqualsEntityType" time="0.000" classname="org.molgenis.data.util.EntityUtilsTest"/>
  <testcase name="isNullValue" time="0.000" classname="org.molgenis.data.util.EntityUtilsTest"/>
  <testcase name="testEqualsAttribute" time="0.000" classname="org.molgenis.data.util.EntityUtilsTest"/>
  <testcase name="testEqualsAttribute" time="0.001" classname="org.molgenis.data.util.EntityUtilsTest"/>
  <testcase name="testEqualsAttribute" time="0.001" classname="org.molgenis.data.util.EntityUtilsTest"/>
  <testcase name="testEqualsAttributeNoIdentifierCheck" time="0.003" classname="org.molgenis.data.util.EntityUtilsTest"/>
  <testcase name="testEqualsAttribute" time="0.000" classname="org.molgenis.data.util.EntityUtilsTest"/>
  <testcase name="testEqualsAttribute" time="0.006" classname="org.molgenis.data.util.EntityUtilsTest"/>
  <testcase name="testEqualsAttribute" time="0.001" classname="org.molgenis.data.util.EntityUtilsTest"/>
  <testcase name="testEqualsEntityType" time="0.000" classname="org.molgenis.data.util.EntityUtilsTest"/>
  <testcase name="testEqualsAttribute" time="0.001" classname="org.molgenis.data.util.EntityUtilsTest"/>
  <testcase name="isNullValue" time="0.000" classname="org.molgenis.data.util.EntityUtilsTest"/>
  <testcase name="testEqualsAttribute" time="0.003" classname="org.molgenis.data.util.EntityUtilsTest"/>
  <testcase name="testEqualsAttribute" time="0.001" classname="org.molgenis.data.util.EntityUtilsTest"/>
  <testcase name="testEqualsEntityType" time="0.000" classname="org.molgenis.data.util.EntityUtilsTest"/>
  <testcase name="testEqualsAttribute" time="0.002" classname="org.molgenis.data.util.EntityUtilsTest"/>
  <testcase name="testEqualsAttribute" time="0.000" classname="org.molgenis.data.util.EntityUtilsTest"/>
  <testcase name="testEqualsAttribute" time="0.001" classname="org.molgenis.data.util.EntityUtilsTest"/>
  <testcase name="isEmptyNoAttributes" time="0.000" classname="org.molgenis.data.util.EntityUtilsTest"/>
  <testcase name="testEqualsAttribute" time="0.001" classname="org.molgenis.data.util.EntityUtilsTest"/>
  <testcase name="testEqualsAttribute" time="0.001" classname="org.molgenis.data.util.EntityUtilsTest"/>
  <testcase name="testEqualsEntityType" time="0.001" classname="org.molgenis.data.util.EntityUtilsTest"/>
</testsuite> <!-- org.molgenis.data.util.EntityUtilsTest -->
