<?xml version="1.0" encoding="UTF-8"?>
<!-- Generated by org.testng.reporters.JUnitReportReporter -->
<testsuite hostname="spirals-vortex.lille.inria.fr" name="org.molgenis.data.support.PartialEntityTest" tests="31" failures="0" timestamp="25 May 2018 14:30:42 GMT" time="0.024" errors="0">
  <testcase name="getLongNotInFetch" time="0.001" classname="org.molgenis.data.support.PartialEntityTest"/>
  <testcase name="getTimestampNotInFetch" time="0.001" classname="org.molgenis.data.support.PartialEntityTest"/>
  <testcase name="getEntityStringClassE" time="0.001" classname="org.molgenis.data.support.PartialEntityTest"/>
  <testcase name="getStringNotInFetch" time="0.000" classname="org.molgenis.data.support.PartialEntityTest"/>
  <testcase name="getBooleanNotInFetch" time="0.001" classname="org.molgenis.data.support.PartialEntityTest"/>
  <testcase name="getEntityType" time="0.001" classname="org.molgenis.data.support.PartialEntityTest"/>
  <testcase name="getIdValue" time="0.001" classname="org.molgenis.data.support.PartialEntityTest"/>
  <testcase name="getEntitiesString" time="0.000" classname="org.molgenis.data.support.PartialEntityTest"/>
  <testcase name="getDouble" time="0.001" classname="org.molgenis.data.support.PartialEntityTest"/>
  <testcase name="get" time="0.000" classname="org.molgenis.data.support.PartialEntityTest"/>
  <testcase name="getLabelValue" time="0.001" classname="org.molgenis.data.support.PartialEntityTest"/>
  <testcase name="getDateNotInFetch" time="0.000" classname="org.molgenis.data.support.PartialEntityTest"/>
  <testcase name="getIntNotInFetch" time="0.001" classname="org.molgenis.data.support.PartialEntityTest"/>
  <testcase name="getBoolean" time="0.000" classname="org.molgenis.data.support.PartialEntityTest"/>
  <testcase name="getEntitiesStringNotInFetch" time="0.002" classname="org.molgenis.data.support.PartialEntityTest"/>
  <testcase name="setStringObject" time="0.001" classname="org.molgenis.data.support.PartialEntityTest"/>
  <testcase name="getEntitiesStringClassENotInFetch" time="0.003" classname="org.molgenis.data.support.PartialEntityTest"/>
  <testcase name="getTimestamp" time="0.001" classname="org.molgenis.data.support.PartialEntityTest"/>
  <testcase name="setEntity" time="0.000" classname="org.molgenis.data.support.PartialEntityTest"/>
  <testcase name="getUtilDateNotInFetch" time="0.001" classname="org.molgenis.data.support.PartialEntityTest"/>
  <testcase name="getInt" time="0.001" classname="org.molgenis.data.support.PartialEntityTest"/>
  <testcase name="getLong" time="0.000" classname="org.molgenis.data.support.PartialEntityTest"/>
  <testcase name="getEntityStringNotInFetch" time="0.001" classname="org.molgenis.data.support.PartialEntityTest"/>
  <testcase name="getEntityStringClassENotInFetch" time="0.000" classname="org.molgenis.data.support.PartialEntityTest"/>
  <testcase name="getUtilDate" time="0.001" classname="org.molgenis.data.support.PartialEntityTest"/>
  <testcase name="getEntityString" time="0.000" classname="org.molgenis.data.support.PartialEntityTest"/>
  <testcase name="getString" time="0.002" classname="org.molgenis.data.support.PartialEntityTest"/>
  <testcase name="getNotInFetch" time="0.001" classname="org.molgenis.data.support.PartialEntityTest"/>
  <testcase name="getDoubleNotInFetch" time="0.000" classname="org.molgenis.data.support.PartialEntityTest"/>
  <testcase name="getAttributeNames" time="0.001" classname="org.molgenis.data.support.PartialEntityTest"/>
  <testcase name="getEntitiesStringClassE" time="0.000" classname="org.molgenis.data.support.PartialEntityTest"/>
</testsuite> <!-- org.molgenis.data.support.PartialEntityTest -->
