<?xml version="1.0" encoding="UTF-8"?>
<!-- Generated by org.testng.reporters.JUnitReportReporter -->
<testsuite hostname="spirals-vortex.lille.inria.fr" name="org.molgenis.data.util.GenericDependencyResolverTest" tests="5" failures="0" timestamp="1 Jun 2018 10:50:35 GMT" time="0.031" errors="0">
  <testcase name="testResolveTransientDependency" time="0.004" classname="org.molgenis.data.util.GenericDependencyResolverTest"/>
  <testcase name="testCyclicDependencies" time="0.004" classname="org.molgenis.data.util.GenericDependencyResolverTest"/>
  <testcase name="testGetAllDependantsCircular" time="0.012" classname="org.molgenis.data.util.GenericDependencyResolverTest"/>
  <testcase name="testGetAllDependants" time="0.011" classname="org.molgenis.data.util.GenericDependencyResolverTest"/>
  <testcase name="testGetAllDependantsCircularZeroDepth" time="0.000" classname="org.molgenis.data.util.GenericDependencyResolverTest"/>
</testsuite> <!-- org.molgenis.data.util.GenericDependencyResolverTest -->
