<?xml version="1.0" encoding="UTF-8"?>
<!-- Generated by org.testng.reporters.JUnitReportReporter -->
<testsuite hostname="spirals-vortex.lille.inria.fr" name="org.molgenis.data.populate.IdGeneratorImplTest" tests="5" failures="0" timestamp="30 May 2018 12:44:29 GMT" time="0.695" errors="0">
  <testcase name="testGenerateIds" time="0.676" classname="org.molgenis.data.populate.IdGeneratorImplTest"/>
  <testcase name="testGenerateIds" time="0.002" classname="org.molgenis.data.populate.IdGeneratorImplTest"/>
  <testcase name="testGenerateIds" time="0.004" classname="org.molgenis.data.populate.IdGeneratorImplTest"/>
  <testcase name="testGenerateIds" time="0.009" classname="org.molgenis.data.populate.IdGeneratorImplTest"/>
  <testcase name="testGenerateIds" time="0.004" classname="org.molgenis.data.populate.IdGeneratorImplTest"/>
</testsuite> <!-- org.molgenis.data.populate.IdGeneratorImplTest -->
