<?xml version="1.0" encoding="UTF-8"?>
<!-- Generated by org.testng.reporters.JUnitReportReporter -->
<testsuite hostname="spirals-vortex.lille.inria.fr" name="org.molgenis.data.meta.persist.PackagePersisterTest" tests="2" failures="0" timestamp="25 May 2018 14:03:09 GMT" time="0.005" errors="0">
  <testcase name="testPackagePersister" time="0.000" classname="org.molgenis.data.meta.persist.PackagePersisterTest"/>
  <testcase name="testUpsertPackages" time="0.005" classname="org.molgenis.data.meta.persist.PackagePersisterTest"/>
</testsuite> <!-- org.molgenis.data.meta.persist.PackagePersisterTest -->
