<?xml version="1.0" encoding="UTF-8"?>
<!-- Generated by org.testng.reporters.JUnitReportReporter -->
<testsuite hostname="spirals-vortex.lille.inria.fr" name="org.molgenis.data.util.MolgenisDateFormatTest" tests="12" failures="0" timestamp="1 Jun 2018 11:16:41 GMT" time="0.020" errors="0">
  <testcase name="testParseInstant" time="0.013" classname="org.molgenis.data.util.MolgenisDateFormatTest"/>
  <testcase name="testParseLocalDate" time="0.001" classname="org.molgenis.data.util.MolgenisDateFormatTest"/>
  <testcase name="testParseLocalDate" time="0.002" classname="org.molgenis.data.util.MolgenisDateFormatTest"/>
  <testcase name="testParseInstant" time="0.001" classname="org.molgenis.data.util.MolgenisDateFormatTest"/>
  <testcase name="testParseInstant" time="0.000" classname="org.molgenis.data.util.MolgenisDateFormatTest"/>
  <testcase name="testParseLocalDate" time="0.002" classname="org.molgenis.data.util.MolgenisDateFormatTest"/>
  <testcase name="testParseLocalDate" time="0.000" classname="org.molgenis.data.util.MolgenisDateFormatTest"/>
  <testcase name="testParseInstant" time="0.001" classname="org.molgenis.data.util.MolgenisDateFormatTest"/>
  <testcase name="testParseLocalDate" time="0.000" classname="org.molgenis.data.util.MolgenisDateFormatTest"/>
  <testcase name="testParseLocalDate" time="0.000" classname="org.molgenis.data.util.MolgenisDateFormatTest"/>
  <testcase name="testParseInstant" time="0.000" classname="org.molgenis.data.util.MolgenisDateFormatTest"/>
  <testcase name="testParseInstant" time="0.000" classname="org.molgenis.data.util.MolgenisDateFormatTest"/>
</testsuite> <!-- org.molgenis.data.util.MolgenisDateFormatTest -->
