<?xml version="1.0" encoding="UTF-8"?>
<!-- Generated by org.testng.reporters.JUnitReportReporter -->
<testsuite hostname="spirals-vortex.lille.inria.fr" name="org.molgenis.data.util.BatchingIterableTest" tests="57" failures="0" timestamp="1 Jun 2018 10:50:35 GMT" time="0.017" errors="0">
  <testcase name="iterator" time="0.001" classname="org.molgenis.data.util.BatchingIterableTest"/>
  <testcase name="iterator" time="0.001" classname="org.molgenis.data.util.BatchingIterableTest"/>
  <testcase name="iterator" time="0.000" classname="org.molgenis.data.util.BatchingIterableTest"/>
  <testcase name="iterator" time="0.000" classname="org.molgenis.data.util.BatchingIterableTest"/>
  <testcase name="iterator" time="0.000" classname="org.molgenis.data.util.BatchingIterableTest"/>
  <testcase name="iterator" time="0.000" classname="org.molgenis.data.util.BatchingIterableTest"/>
  <testcase name="iterator" time="0.000" classname="org.molgenis.data.util.BatchingIterableTest"/>
  <testcase name="iteratorNoResults" time="0.001" classname="org.molgenis.data.util.BatchingIterableTest"/>
  <testcase name="iterator" time="0.001" classname="org.molgenis.data.util.BatchingIterableTest"/>
  <testcase name="iterator" time="0.000" classname="org.molgenis.data.util.BatchingIterableTest"/>
  <testcase name="iterator" time="0.000" classname="org.molgenis.data.util.BatchingIterableTest"/>
  <testcase name="iterator" time="0.000" classname="org.molgenis.data.util.BatchingIterableTest"/>
  <testcase name="iterator" time="0.000" classname="org.molgenis.data.util.BatchingIterableTest"/>
  <testcase name="iterator" time="0.000" classname="org.molgenis.data.util.BatchingIterableTest"/>
  <testcase name="iterator" time="0.001" classname="org.molgenis.data.util.BatchingIterableTest"/>
  <testcase name="iterator" time="0.000" classname="org.molgenis.data.util.BatchingIterableTest"/>
  <testcase name="iterator" time="0.000" classname="org.molgenis.data.util.BatchingIterableTest"/>
  <testcase name="iterator" time="0.001" classname="org.molgenis.data.util.BatchingIterableTest"/>
  <testcase name="iterator" time="0.000" classname="org.molgenis.data.util.BatchingIterableTest"/>
  <testcase name="iterator" time="0.000" classname="org.molgenis.data.util.BatchingIterableTest"/>
  <testcase name="iterator" time="0.000" classname="org.molgenis.data.util.BatchingIterableTest"/>
  <testcase name="iterator" time="0.000" classname="org.molgenis.data.util.BatchingIterableTest"/>
  <testcase name="iterator" time="0.000" classname="org.molgenis.data.util.BatchingIterableTest"/>
  <testcase name="iterator" time="0.000" classname="org.molgenis.data.util.BatchingIterableTest"/>
  <testcase name="iterator" time="0.000" classname="org.molgenis.data.util.BatchingIterableTest"/>
  <testcase name="iterator" time="0.000" classname="org.molgenis.data.util.BatchingIterableTest"/>
  <testcase name="iterator" time="0.000" classname="org.molgenis.data.util.BatchingIterableTest"/>
  <testcase name="iterator" time="0.000" classname="org.molgenis.data.util.BatchingIterableTest"/>
  <testcase name="iterator" time="0.000" classname="org.molgenis.data.util.BatchingIterableTest"/>
  <testcase name="iterator" time="0.000" classname="org.molgenis.data.util.BatchingIterableTest"/>
  <testcase name="iterator" time="0.001" classname="org.molgenis.data.util.BatchingIterableTest"/>
  <testcase name="iterator" time="0.000" classname="org.molgenis.data.util.BatchingIterableTest"/>
  <testcase name="iterator" time="0.000" classname="org.molgenis.data.util.BatchingIterableTest"/>
  <testcase name="iterator" time="0.000" classname="org.molgenis.data.util.BatchingIterableTest"/>
  <testcase name="iterator" time="0.000" classname="org.molgenis.data.util.BatchingIterableTest"/>
  <testcase name="iterator" time="0.001" classname="org.molgenis.data.util.BatchingIterableTest"/>
  <testcase name="iterator" time="0.000" classname="org.molgenis.data.util.BatchingIterableTest"/>
  <testcase name="iterator" time="0.000" classname="org.molgenis.data.util.BatchingIterableTest"/>
  <testcase name="iterator" time="0.000" classname="org.molgenis.data.util.BatchingIterableTest"/>
  <testcase name="iterator" time="0.000" classname="org.molgenis.data.util.BatchingIterableTest"/>
  <testcase name="iterator" time="0.000" classname="org.molgenis.data.util.BatchingIterableTest"/>
  <testcase name="iterator" time="0.001" classname="org.molgenis.data.util.BatchingIterableTest"/>
  <testcase name="iterator" time="0.000" classname="org.molgenis.data.util.BatchingIterableTest"/>
  <testcase name="iterator" time="0.001" classname="org.molgenis.data.util.BatchingIterableTest"/>
  <testcase name="iterator" time="0.001" classname="org.molgenis.data.util.BatchingIterableTest"/>
  <testcase name="iterator" time="0.000" classname="org.molgenis.data.util.BatchingIterableTest"/>
  <testcase name="iterator" time="0.000" classname="org.molgenis.data.util.BatchingIterableTest"/>
  <testcase name="iterator" time="0.000" classname="org.molgenis.data.util.BatchingIterableTest"/>
  <testcase name="iterator" time="0.003" classname="org.molgenis.data.util.BatchingIterableTest"/>
  <testcase name="iterator" time="0.001" classname="org.molgenis.data.util.BatchingIterableTest"/>
  <testcase name="iterator" time="0.001" classname="org.molgenis.data.util.BatchingIterableTest"/>
  <testcase name="iterator" time="0.000" classname="org.molgenis.data.util.BatchingIterableTest"/>
  <testcase name="iterator" time="0.000" classname="org.molgenis.data.util.BatchingIterableTest"/>
  <testcase name="iterator" time="0.000" classname="org.molgenis.data.util.BatchingIterableTest"/>
  <testcase name="iterator" time="0.000" classname="org.molgenis.data.util.BatchingIterableTest"/>
  <testcase name="iterator" time="0.001" classname="org.molgenis.data.util.BatchingIterableTest"/>
  <testcase name="iterator" time="0.000" classname="org.molgenis.data.util.BatchingIterableTest"/>
</testsuite> <!-- org.molgenis.data.util.BatchingIterableTest -->
