<?xml version="1.0" encoding="UTF-8"?>
<!-- Generated by org.testng.reporters.JUnitReportReporter -->
<testsuite hostname="spirals-vortex.lille.inria.fr" name="org.molgenis.data.meta.model.PackageTest" tests="2" failures="0" timestamp="28 May 2018 08:14:50 GMT" time="0.118" errors="0">
  <testcase name="getRootPackageNoParent" time="0.118" classname="org.molgenis.data.meta.model.PackageTest"/>
  <testcase name="getRootPackageParent" time="0.000" classname="org.molgenis.data.meta.model.PackageTest"/>
</testsuite> <!-- org.molgenis.data.meta.model.PackageTest -->
