<?xml version="1.0" encoding="UTF-8"?>
<!-- Generated by org.testng.reporters.JUnitReportReporter -->
<testsuite hostname="spirals-vortex.lille.inria.fr" name="org.molgenis.data.support.DefaultEntityCollectionTest" tests="1" failures="0" timestamp="30 May 2018 15:20:23 GMT" time="0.002" errors="0">
  <testcase name="isLazy" time="0.002" classname="org.molgenis.data.support.DefaultEntityCollectionTest"/>
</testsuite> <!-- org.molgenis.data.support.DefaultEntityCollectionTest -->
