<?xml version="1.0" encoding="UTF-8"?>
<!-- Generated by org.testng.reporters.JUnitReportReporter -->
<testsuite hostname="spirals-vortex.lille.inria.fr" name="org.molgenis.data.CascadeDeleteRepositoryDecoratorTest" tests="14" failures="0" timestamp="25 May 2018 14:30:42 GMT" time="0.327" errors="0">
  <testcase name="testDeleteAllStreamNoCascade" time="0.003" classname="org.molgenis.data.CascadeDeleteRepositoryDecoratorTest"/>
  <testcase name="testDeleteCascadeMrefEmpty" time="0.004" classname="org.molgenis.data.CascadeDeleteRepositoryDecoratorTest"/>
  <testcase name="testDeleteNoCascade" time="0.001" classname="org.molgenis.data.CascadeDeleteRepositoryDecoratorTest"/>
  <testcase name="testDeleteAllNoCascade" time="0.002" classname="org.molgenis.data.CascadeDeleteRepositoryDecoratorTest"/>
  <testcase name="testDelegate" time="0.003" classname="org.molgenis.data.CascadeDeleteRepositoryDecoratorTest"/>
  <testcase name="testDeleteCascadeNotNull" time="0.003" classname="org.molgenis.data.CascadeDeleteRepositoryDecoratorTest"/>
  <testcase name="testDeleteByIdNoCascade" time="0.002" classname="org.molgenis.data.CascadeDeleteRepositoryDecoratorTest"/>
  <testcase name="testDeleteByIdCascadeNotNull" time="0.003" classname="org.molgenis.data.CascadeDeleteRepositoryDecoratorTest"/>
  <testcase name="testDeleteAllCascadeNotNull" time="0.290" classname="org.molgenis.data.CascadeDeleteRepositoryDecoratorTest"/>
  <testcase name="testDeleteCascadeNull" time="0.003" classname="org.molgenis.data.CascadeDeleteRepositoryDecoratorTest"/>
  <testcase name="testDeleteCascadeMrefNotEmpty" time="0.004" classname="org.molgenis.data.CascadeDeleteRepositoryDecoratorTest"/>
  <testcase name="testDeleteStreamCascadeNotNull" time="0.003" classname="org.molgenis.data.CascadeDeleteRepositoryDecoratorTest"/>
  <testcase name="testDeleteAllStreamCascadeNotNull" time="0.003" classname="org.molgenis.data.CascadeDeleteRepositoryDecoratorTest"/>
  <testcase name="testDeleteStreamNoCascade" time="0.003" classname="org.molgenis.data.CascadeDeleteRepositoryDecoratorTest"/>
</testsuite> <!-- org.molgenis.data.CascadeDeleteRepositoryDecoratorTest -->
