<?xml version="1.0" encoding="UTF-8"?>
<!-- Generated by org.testng.reporters.JUnitReportReporter -->
<testsuite hostname="spirals-vortex.lille.inria.fr" name="org.molgenis.data.QueryUtilsTest" tests="16" failures="0" timestamp="1 Jun 2018 11:16:41 GMT" time="0.027" errors="0">
  <testcase name="nestedQueryRules" time="0.001" classname="org.molgenis.data.QueryUtilsTest"/>
  <testcase name="containsOperator" time="0.001" classname="org.molgenis.data.QueryUtilsTest"/>
  <testcase name="containsComputedAttributeNested" time="0.001" classname="org.molgenis.data.QueryUtilsTest"/>
  <testcase name="containsNestedComputedAttributes" time="0.018" classname="org.molgenis.data.QueryUtilsTest"/>
  <testcase name="containsNestedQueryRuleFieldTrue" time="0.000" classname="org.molgenis.data.QueryUtilsTest"/>
  <testcase name="notContainsComputedAttributes" time="0.001" classname="org.molgenis.data.QueryUtilsTest"/>
  <testcase name="containsNestedQueryRuleFieldFalse" time="0.000" classname="org.molgenis.data.QueryUtilsTest"/>
  <testcase name="testGetQueryRuleAttributeNestedUnknown" time="0.000" classname="org.molgenis.data.QueryUtilsTest"/>
  <testcase name="testGetQueryRuleAttributeUnknown" time="0.000" classname="org.molgenis.data.QueryUtilsTest"/>
  <testcase name="containsAnyOperator" time="0.001" classname="org.molgenis.data.QueryUtilsTest"/>
  <testcase name="containsComputedAttribute" time="0.002" classname="org.molgenis.data.QueryUtilsTest"/>
  <testcase name="notContainsAnyOperator" time="0.000" classname="org.molgenis.data.QueryUtilsTest"/>
  <testcase name="notContainsOperator" time="0.000" classname="org.molgenis.data.QueryUtilsTest"/>
  <testcase name="emptyQuery" time="0.000" classname="org.molgenis.data.QueryUtilsTest"/>
  <testcase name="testGetQueryRuleAttributeNested" time="0.001" classname="org.molgenis.data.QueryUtilsTest"/>
  <testcase name="testGetQueryRuleAttribute" time="0.001" classname="org.molgenis.data.QueryUtilsTest"/>
</testsuite> <!-- org.molgenis.data.QueryUtilsTest -->
