<?xml version="1.0" encoding="UTF-8"?>
<!-- Generated by org.testng.reporters.JUnitReportReporter -->
<testsuite hostname="spirals-vortex.lille.inria.fr" name="org.molgenis.data.meta.SystemEntityTypeTest" tests="2" failures="0" timestamp="30 May 2018 13:30:00 GMT" time="0.306" errors="0">
  <testcase name="testAssignRolesToAttributeParts" time="0.013" classname="org.molgenis.data.meta.SystemEntityTypeTest"/>
  <testcase name="testAssignRolesToAttributePartsNested" time="0.293" classname="org.molgenis.data.meta.SystemEntityTypeTest"/>
</testsuite> <!-- org.molgenis.data.meta.SystemEntityTypeTest -->
