<?xml version="1.0" encoding="UTF-8"?>
<!-- Generated by org.testng.reporters.JUnitReportReporter -->
<testsuite hostname="spirals-vortex.lille.inria.fr" name="org.molgenis.data.meta.AttributeRepositoryDecoratorTest" tests="1" failures="0" timestamp="30 May 2018 12:44:29 GMT" time="0.023" errors="0">
  <testcase name="updateNonSystemAbstractEntity" time="0.023" classname="org.molgenis.data.meta.AttributeRepositoryDecoratorTest"/>
</testsuite> <!-- org.molgenis.data.meta.AttributeRepositoryDecoratorTest -->
