<?xml version="1.0" encoding="UTF-8"?>
<!-- Generated by org.testng.reporters.JUnitReportReporter -->
<testsuite hostname="spirals-vortex.lille.inria.fr" name="org.molgenis.data.QueryRuleTest" tests="8" failures="0" timestamp="25 May 2018 14:30:42 GMT" time="0.001" errors="0">
  <testcase name="equalsWithNestedRules" time="0.000" classname="org.molgenis.data.QueryRuleTest"/>
  <testcase name="equalsWithDifferentValues" time="0.000" classname="org.molgenis.data.QueryRuleTest"/>
  <testcase name="equalsWithDifferentOperator" time="0.000" classname="org.molgenis.data.QueryRuleTest"/>
  <testcase name="equalsInEntity" time="0.001" classname="org.molgenis.data.QueryRuleTest"/>
  <testcase name="equalsWithDifferentFields" time="0.000" classname="org.molgenis.data.QueryRuleTest"/>
  <testcase name="equals" time="0.000" classname="org.molgenis.data.QueryRuleTest"/>
  <testcase name="valuesForRangeOperator" time="0.000" classname="org.molgenis.data.QueryRuleTest"/>
  <testcase name="equalsEntityId" time="0.000" classname="org.molgenis.data.QueryRuleTest"/>
</testsuite> <!-- org.molgenis.data.QueryRuleTest -->
