<?xml version="1.0" encoding="UTF-8"?>
<!-- Generated by org.testng.reporters.JUnitReportReporter -->
<testsuite hostname="spirals-vortex.lille.inria.fr" name="org.molgenis.data.transaction.TransactionalRepositoryDecoratorTest" tests="21" failures="0" timestamp="1 Jun 2018 11:16:41 GMT" time="0.033" errors="0">
  <testcase name="findAllStream" time="0.000" classname="org.molgenis.data.transaction.TransactionalRepositoryDecoratorTest"/>
  <testcase name="add" time="0.005" classname="org.molgenis.data.transaction.TransactionalRepositoryDecoratorTest"/>
  <testcase name="updateStream" time="0.002" classname="org.molgenis.data.transaction.TransactionalRepositoryDecoratorTest"/>
  <testcase name="iterator" time="0.000" classname="org.molgenis.data.transaction.TransactionalRepositoryDecoratorTest"/>
  <testcase name="deleteStream" time="0.001" classname="org.molgenis.data.transaction.TransactionalRepositoryDecoratorTest"/>
  <testcase name="findOneByIdFetch" time="0.001" classname="org.molgenis.data.transaction.TransactionalRepositoryDecoratorTest"/>
  <testcase name="update" time="0.001" classname="org.molgenis.data.transaction.TransactionalRepositoryDecoratorTest"/>
  <testcase name="findAllStreamFetch" time="0.000" classname="org.molgenis.data.transaction.TransactionalRepositoryDecoratorTest"/>
  <testcase name="delete" time="0.001" classname="org.molgenis.data.transaction.TransactionalRepositoryDecoratorTest"/>
  <testcase name="forEachBatchedFetch" time="0.002" classname="org.molgenis.data.transaction.TransactionalRepositoryDecoratorTest"/>
  <testcase name="deleteAll" time="0.000" classname="org.molgenis.data.transaction.TransactionalRepositoryDecoratorTest"/>
  <testcase name="deleteById" time="0.001" classname="org.molgenis.data.transaction.TransactionalRepositoryDecoratorTest"/>
  <testcase name="forEachBatched" time="0.002" classname="org.molgenis.data.transaction.TransactionalRepositoryDecoratorTest"/>
  <testcase name="deleteAllStream" time="0.000" classname="org.molgenis.data.transaction.TransactionalRepositoryDecoratorTest"/>
  <testcase name="findOne" time="0.001" classname="org.molgenis.data.transaction.TransactionalRepositoryDecoratorTest"/>
  <testcase name="count" time="0.001" classname="org.molgenis.data.transaction.TransactionalRepositoryDecoratorTest"/>
  <testcase name="findOneById" time="0.001" classname="org.molgenis.data.transaction.TransactionalRepositoryDecoratorTest"/>
  <testcase name="aggregate" time="0.012" classname="org.molgenis.data.transaction.TransactionalRepositoryDecoratorTest"/>
  <testcase name="findAllQuery" time="0.000" classname="org.molgenis.data.transaction.TransactionalRepositoryDecoratorTest"/>
  <testcase name="addStream" time="0.000" classname="org.molgenis.data.transaction.TransactionalRepositoryDecoratorTest"/>
  <testcase name="countQuery" time="0.002" classname="org.molgenis.data.transaction.TransactionalRepositoryDecoratorTest"/>
</testsuite> <!-- org.molgenis.data.transaction.TransactionalRepositoryDecoratorTest -->
