<?xml version="1.0" encoding="UTF-8"?>
<!-- Generated by org.testng.reporters.JUnitReportReporter -->
<testsuite hostname="spirals-vortex.lille.inria.fr" name="org.molgenis.data.support.RepositoryCopierTest" tests="2" failures="0" timestamp="28 May 2018 08:14:50 GMT" time="0.013" errors="0">
  <testcase name="testRepositoryCopier" time="0.001" classname="org.molgenis.data.support.RepositoryCopierTest"/>
  <testcase name="testCopyRepository" time="0.012" classname="org.molgenis.data.support.RepositoryCopierTest"/>
</testsuite> <!-- org.molgenis.data.support.RepositoryCopierTest -->
