<?xml version="1.0" encoding="UTF-8"?>
<!-- Generated by org.testng.reporters.JUnitReportReporter -->
<testsuite hostname="spirals-vortex.lille.inria.fr" name="org.molgenis.data.meta.model.EntityTypeTest" tests="6" failures="0" timestamp="1 Jun 2018 10:50:35 GMT" time="0.006" errors="0">
  <testcase name="newInstanceShallowCopy" time="0.001" classname="org.molgenis.data.meta.model.EntityTypeTest"/>
  <testcase name="addSequenceNumberNull" time="0.001" classname="org.molgenis.data.meta.model.EntityTypeTest"/>
  <testcase name="setLabel" time="0.002" classname="org.molgenis.data.meta.model.EntityTypeTest"/>
  <testcase name="setLabelNull" time="0.001" classname="org.molgenis.data.meta.model.EntityTypeTest"/>
  <testcase name="addSequenceNumberNullAndOtherNull" time="0.000" classname="org.molgenis.data.meta.model.EntityTypeTest"/>
  <testcase name="addAttributeWithDuplicateName" time="0.001" classname="org.molgenis.data.meta.model.EntityTypeTest"/>
</testsuite> <!-- org.molgenis.data.meta.model.EntityTypeTest -->
