<?xml version="1.0" encoding="UTF-8"?>
<!-- Generated by org.testng.reporters.JUnitReportReporter -->
<testsuite hostname="spirals-vortex.lille.inria.fr" name="org.molgenis.data.meta.model.AttributeTest" tests="8" failures="0" timestamp="28 May 2018 08:14:50 GMT" time="0.247" errors="0">
  <testcase name="setParentNullToAttribute" time="0.004" classname="org.molgenis.data.meta.model.AttributeTest"/>
  <testcase name="setParentAttributeToNull" time="0.005" classname="org.molgenis.data.meta.model.AttributeTest"/>
  <testcase name="setParentNullToNull" time="0.003" classname="org.molgenis.data.meta.model.AttributeTest"/>
  <testcase name="setParentAttributeToAttribute" time="0.012" classname="org.molgenis.data.meta.model.AttributeTest"/>
  <testcase name="testIdValidationExpression" time="0.162" classname="org.molgenis.data.meta.model.AttributeTest"/>
  <testcase name="setIdAttributeTrue" time="0.006" classname="org.molgenis.data.meta.model.AttributeTest"/>
  <testcase name="setIdAttributeFalse" time="0.007" classname="org.molgenis.data.meta.model.AttributeTest"/>
  <testcase name="testNewInstance" time="0.048" classname="org.molgenis.data.meta.model.AttributeTest"/>
</testsuite> <!-- org.molgenis.data.meta.model.AttributeTest -->
