<?xml version="1.0" encoding="UTF-8"?>
<!-- Generated by org.testng.reporters.JUnitReportReporter -->
<testsuite hostname="spirals-vortex.lille.inria.fr" name="org.molgenis.data.meta.SystemEntityTypeTest" tests="2" failures="0" timestamp="28 May 2018 08:14:50 GMT" time="0.105" errors="0">
  <testcase name="testAssignRolesToAttributePartsNested" time="0.094" classname="org.molgenis.data.meta.SystemEntityTypeTest"/>
  <testcase name="testAssignRolesToAttributeParts" time="0.011" classname="org.molgenis.data.meta.SystemEntityTypeTest"/>
</testsuite> <!-- org.molgenis.data.meta.SystemEntityTypeTest -->
