<?xml version="1.0" encoding="UTF-8"?>
<!-- Generated by org.testng.reporters.JUnitReportReporter -->
<testsuite hostname="spirals-vortex.lille.inria.fr" name="org.molgenis.data.SortTest" tests="14" failures="0" timestamp="1 Jun 2018 10:50:35 GMT" time="0.001" errors="0">
  <testcase name="sortMultipleAttrDesc" time="0.000" classname="org.molgenis.data.SortTest"/>
  <testcase name="sortMultipleAttrAsc" time="0.000" classname="org.molgenis.data.SortTest"/>
  <testcase name="sortMultipleAttrBuilderDesc" time="0.000" classname="org.molgenis.data.SortTest"/>
  <testcase name="sortMultipleAttrBuilderAsc" time="0.000" classname="org.molgenis.data.SortTest"/>
  <testcase name="sortSingleAttrBuilderDefault" time="0.000" classname="org.molgenis.data.SortTest"/>
  <testcase name="sortMultipleAttrBuilderAscAndDesc" time="0.001" classname="org.molgenis.data.SortTest"/>
  <testcase name="sortSingleAttrBuilderAsc" time="0.000" classname="org.molgenis.data.SortTest"/>
  <testcase name="sortMultipleAttrAscAndDesc" time="0.000" classname="org.molgenis.data.SortTest"/>
  <testcase name="sortMultipleAttrDefault" time="0.000" classname="org.molgenis.data.SortTest"/>
  <testcase name="sortSingleAttrBuilderDesc" time="0.000" classname="org.molgenis.data.SortTest"/>
  <testcase name="sortSingleAttrAsc" time="0.000" classname="org.molgenis.data.SortTest"/>
  <testcase name="sortMultipleAttrBuilderDefault" time="0.000" classname="org.molgenis.data.SortTest"/>
  <testcase name="sortSingleAttrDesc" time="0.000" classname="org.molgenis.data.SortTest"/>
  <testcase name="sortSingleAttrDefault" time="0.000" classname="org.molgenis.data.SortTest"/>
</testsuite> <!-- org.molgenis.data.SortTest -->
