<?xml version="1.0" encoding="UTF-8"?>
<!-- Generated by org.testng.reporters.JUnitReportReporter -->
<testsuite hostname="spirals-vortex.lille.inria.fr" name="org.molgenis.data.decorator.DynamicRepositoryDecoratorRegistryImplTest" tests="2" failures="0" timestamp="30 May 2018 09:54:41 GMT" time="0.120" errors="0">
  <testcase name="testDecorate" time="0.011" classname="org.molgenis.data.decorator.DynamicRepositoryDecoratorRegistryImplTest"/>
  <testcase name="testDecorateNoDecorator" time="0.109" classname="org.molgenis.data.decorator.DynamicRepositoryDecoratorRegistryImplTest"/>
</testsuite> <!-- org.molgenis.data.decorator.DynamicRepositoryDecoratorRegistryImplTest -->
