<?xml version="1.0" encoding="UTF-8"?>
<!-- Generated by org.testng.reporters.JUnitReportReporter -->
<testsuite hostname="spirals-vortex.lille.inria.fr" name="org.molgenis.data.support.BatchingQueryResultTest" tests="1" failures="0" timestamp="1 Jun 2018 10:50:35 GMT" time="0.000" errors="0">
  <testcase name="getBatch" time="0.000" classname="org.molgenis.data.support.BatchingQueryResultTest"/>
</testsuite> <!-- org.molgenis.data.support.BatchingQueryResultTest -->
