<?xml version="1.0" encoding="UTF-8"?>
<!-- Generated by org.testng.reporters.JUnitReportReporter -->
<testsuite hostname="spirals-vortex.lille.inria.fr" name="org.molgenis.data.support.EntityReferenceTest" tests="31" failures="0" timestamp="30 May 2018 12:44:29 GMT" time="0.015" errors="0">
  <testcase name="testSetEntityIdAttribute" time="0.000" classname="org.molgenis.data.support.EntityReferenceTest"/>
  <testcase name="testGetEntityType" time="0.001" classname="org.molgenis.data.support.EntityReferenceTest"/>
  <testcase name="testSetIdValueIntegerWrongType" time="0.002" classname="org.molgenis.data.support.EntityReferenceTest"/>
  <testcase name="testSetIdValueLongWrongType" time="0.000" classname="org.molgenis.data.support.EntityReferenceTest"/>
  <testcase name="testGetEntityClass" time="0.001" classname="org.molgenis.data.support.EntityReferenceTest"/>
  <testcase name="testGetLong" time="0.001" classname="org.molgenis.data.support.EntityReferenceTest"/>
  <testcase name="testGetEntities" time="0.001" classname="org.molgenis.data.support.EntityReferenceTest"/>
  <testcase name="testGetIdAttribute" time="0.000" classname="org.molgenis.data.support.EntityReferenceTest"/>
  <testcase name="testSetIdValue" time="0.000" classname="org.molgenis.data.support.EntityReferenceTest"/>
  <testcase name="testGetIdValue" time="0.000" classname="org.molgenis.data.support.EntityReferenceTest"/>
  <testcase name="testGetInt" time="0.000" classname="org.molgenis.data.support.EntityReferenceTest"/>
  <testcase name="testGetBoolean" time="0.000" classname="org.molgenis.data.support.EntityReferenceTest"/>
  <testcase name="testGetLocalDate" time="0.001" classname="org.molgenis.data.support.EntityReferenceTest"/>
  <testcase name="testGetLabelValueLabelAttributeIsIdAttribute" time="0.001" classname="org.molgenis.data.support.EntityReferenceTest"/>
  <testcase name="testGetStringIdAttribute" time="0.001" classname="org.molgenis.data.support.EntityReferenceTest"/>
  <testcase name="testGetLabelValue" time="0.000" classname="org.molgenis.data.support.EntityReferenceTest"/>
  <testcase name="testEntityReference" time="0.001" classname="org.molgenis.data.support.EntityReferenceTest"/>
  <testcase name="testSet" time="0.000" classname="org.molgenis.data.support.EntityReferenceTest"/>
  <testcase name="testEntityReferenceInvalidIdTrue" time="0.000" classname="org.molgenis.data.support.EntityReferenceTest"/>
  <testcase name="testGetAttributeNames" time="0.000" classname="org.molgenis.data.support.EntityReferenceTest"/>
  <testcase name="testSetIdAttribute" time="0.000" classname="org.molgenis.data.support.EntityReferenceTest"/>
  <testcase name="testGet" time="0.000" classname="org.molgenis.data.support.EntityReferenceTest"/>
  <testcase name="testGetInstant" time="0.000" classname="org.molgenis.data.support.EntityReferenceTest"/>
  <testcase name="testGetIntIdAttribute" time="0.001" classname="org.molgenis.data.support.EntityReferenceTest"/>
  <testcase name="testGetEntitiesClass" time="0.000" classname="org.molgenis.data.support.EntityReferenceTest"/>
  <testcase name="testGetString" time="0.001" classname="org.molgenis.data.support.EntityReferenceTest"/>
  <testcase name="testGetLongIdAttribute" time="0.001" classname="org.molgenis.data.support.EntityReferenceTest"/>
  <testcase name="testGetDouble" time="0.000" classname="org.molgenis.data.support.EntityReferenceTest"/>
  <testcase name="testSetIdValueStringWrongType" time="0.001" classname="org.molgenis.data.support.EntityReferenceTest"/>
  <testcase name="testGetEntity" time="0.000" classname="org.molgenis.data.support.EntityReferenceTest"/>
  <testcase name="testSetEntity" time="0.001" classname="org.molgenis.data.support.EntityReferenceTest"/>
</testsuite> <!-- org.molgenis.data.support.EntityReferenceTest -->
