<?xml version="1.0" encoding="UTF-8"?>
<!-- Generated by org.testng.reporters.JUnitReportReporter -->
<testsuite hostname="spirals-vortex.lille.inria.fr" name="org.molgenis.data.meta.model.PackageTest" tests="2" failures="0" timestamp="25 May 2018 14:03:09 GMT" time="0.091" errors="0">
  <testcase name="getRootPackageNoParent" time="0.090" classname="org.molgenis.data.meta.model.PackageTest"/>
  <testcase name="getRootPackageParent" time="0.001" classname="org.molgenis.data.meta.model.PackageTest"/>
</testsuite> <!-- org.molgenis.data.meta.model.PackageTest -->
