<?xml version="1.0" encoding="UTF-8"?>
<!-- Generated by org.testng.reporters.JUnitReportReporter -->
<testsuite hostname="spirals-vortex.lille.inria.fr" name="org.molgenis.data.support.MapOfStringsExpressionEvaluatorTest" tests="7" failures="0" timestamp="25 May 2018 14:03:09 GMT" time="0.137" errors="0">
  <testcase name="testEvaluate" time="0.102" classname="org.molgenis.data.support.MapOfStringsExpressionEvaluatorTest"/>
  <testcase name="testMapOfStringsEvaluatorConstructorChecksIfCalculatedAttributesAllExist" time="0.008" classname="org.molgenis.data.support.MapOfStringsExpressionEvaluatorTest"/>
  <testcase name="testMapOfStringsEvaluatorConstructorChecksIfMentionedAttributesAllExist" time="0.012" classname="org.molgenis.data.support.MapOfStringsExpressionEvaluatorTest"/>
  <testcase name="testMapOfStringsEvaluatorConstructorChecksThatExpressionIsMapOfStrings" time="0.004" classname="org.molgenis.data.support.MapOfStringsExpressionEvaluatorTest"/>
  <testcase name="testMapOfStringsEvaluatorConstructorChecksIfAttributeHasRefEntity" time="0.003" classname="org.molgenis.data.support.MapOfStringsExpressionEvaluatorTest"/>
  <testcase name="testMapOfStringsEvaluatorConstructorChecksIfAttributeHasExpression" time="0.003" classname="org.molgenis.data.support.MapOfStringsExpressionEvaluatorTest"/>
  <testcase name="testMapOfStringsEvaluatorConstructorChecksIfExpressionIsMap" time="0.005" classname="org.molgenis.data.support.MapOfStringsExpressionEvaluatorTest"/>
</testsuite> <!-- org.molgenis.data.support.MapOfStringsExpressionEvaluatorTest -->
