<?xml version="1.0" encoding="UTF-8"?>
<!-- Generated by org.testng.reporters.JUnitReportReporter -->
<testsuite hostname="spirals-vortex.lille.inria.fr" name="org.molgenis.data.UnknownEntityExceptionTest" tests="2" failures="0" timestamp="1 Jun 2018 11:16:41 GMT" time="0.027" errors="0">
  <testcase name="testGetLocalizedMessage" time="0.022" classname="org.molgenis.data.UnknownEntityExceptionTest"/>
  <testcase name="testGetLocalizedMessageIdOnly" time="0.005" classname="org.molgenis.data.UnknownEntityExceptionTest"/>
</testsuite> <!-- org.molgenis.data.UnknownEntityExceptionTest -->
