<?xml version="1.0" encoding="UTF-8"?>
<!-- Generated by org.testng.reporters.JUnitReportReporter -->
<testsuite hostname="spirals-vortex.lille.inria.fr" name="org.molgenis.data.support.StringExpressionEvaluatorTest" tests="8" failures="0" timestamp="1 Jun 2018 11:16:41 GMT" time="0.133" errors="0">
  <testcase name="testStringEvaluatorLookupAttributeAndConvertFromStringToLong" time="0.001" classname="org.molgenis.data.support.StringExpressionEvaluatorTest"/>
  <testcase name="testStringEvaluatorConstructorChecksIfExpressionIsMap" time="0.000" classname="org.molgenis.data.support.StringExpressionEvaluatorTest"/>
  <testcase name="testStringEvaluatorLookupAttributeAndConvertFromNonNumericStringToLongFails" time="0.003" classname="org.molgenis.data.support.StringExpressionEvaluatorTest"/>
  <testcase name="testStringEvaluatorLookupAttributeAndConvertFromIntToLong" time="0.060" classname="org.molgenis.data.support.StringExpressionEvaluatorTest"/>
  <testcase name="testStringEvaluatorLookupAttributeAndConvertFromLongToInt" time="0.000" classname="org.molgenis.data.support.StringExpressionEvaluatorTest"/>
  <testcase name="testStringEvaluatorLookupAttributeAndConvertFromIntToString" time="0.001" classname="org.molgenis.data.support.StringExpressionEvaluatorTest"/>
  <testcase name="testStringEvaluatorConstructorChecksIfAttributeMentionsExistingAttribute" time="0.067" classname="org.molgenis.data.support.StringExpressionEvaluatorTest"/>
  <testcase name="testStringEvaluatorConstructorChecksIfAttributeHasExpression" time="0.001" classname="org.molgenis.data.support.StringExpressionEvaluatorTest"/>
</testsuite> <!-- org.molgenis.data.support.StringExpressionEvaluatorTest -->
