<?xml version="1.0" encoding="UTF-8"?>
<!-- Generated by org.testng.reporters.JUnitReportReporter -->
<testsuite hostname="spirals-vortex.lille.inria.fr" name="org.molgenis.dataexplorer.negotiator.NegotiatorControllerTest" tests="9" failures="0" timestamp="1 Jun 2018 11:20:46 GMT" time="0.579" errors="0">
  <testcase name="testValidateNegotiatorExportAllCollectionsAreDisabled" time="0.007" classname="org.molgenis.dataexplorer.negotiator.NegotiatorControllerTest"/>
  <testcase name="testValidateNegotiatorExportContainsDisabledCollections" time="0.003" classname="org.molgenis.dataexplorer.negotiator.NegotiatorControllerTest"/>
  <testcase name="testExportToNegotiator" time="0.023" classname="org.molgenis.dataexplorer.negotiator.NegotiatorControllerTest"/>
  <testcase name="testShowButton" time="0.004" classname="org.molgenis.dataexplorer.negotiator.NegotiatorControllerTest"/>
  <testcase name="testShowButtonNoPermissionsOnPlugin" time="0.528" classname="org.molgenis.dataexplorer.negotiator.NegotiatorControllerTest"/>
  <testcase name="testValidateNegotiatorExportNoConfig" time="0.001" classname="org.molgenis.dataexplorer.negotiator.NegotiatorControllerTest"/>
  <testcase name="testShowButtonPermissionsOnPluginNoConfig" time="0.003" classname="org.molgenis.dataexplorer.negotiator.NegotiatorControllerTest"/>
  <testcase name="testValidateNegotiatorExportEmptyCollections" time="0.002" classname="org.molgenis.dataexplorer.negotiator.NegotiatorControllerTest"/>
  <testcase name="testValidateNegotiatorExport" time="0.008" classname="org.molgenis.dataexplorer.negotiator.NegotiatorControllerTest"/>
</testsuite> <!-- org.molgenis.dataexplorer.negotiator.NegotiatorControllerTest -->
