<?xml version="1.0" encoding="UTF-8"?>
<!-- Generated by org.testng.reporters.JUnitReportReporter -->
<testsuite hostname="spirals-vortex.lille.inria.fr" name="org.molgenis.dataexplorer.negotiator.NegotiatorQueryTest" tests="2" failures="0" timestamp="1 Jun 2018 11:20:46 GMT" time="0.019" errors="0">
  <testcase name="testDeserialization" time="0.016" classname="org.molgenis.dataexplorer.negotiator.NegotiatorQueryTest"/>
  <testcase name="testSerialization" time="0.003" classname="org.molgenis.dataexplorer.negotiator.NegotiatorQueryTest"/>
</testsuite> <!-- org.molgenis.dataexplorer.negotiator.NegotiatorQueryTest -->
