<?xml version="1.0" encoding="UTF-8"?>
<!-- Generated by org.testng.reporters.JUnitReportReporter -->
<testsuite hostname="spirals-vortex.lille.inria.fr" name="org.molgenis.dataexplorer.AnnotationJobTest" tests="2" failures="0" timestamp="1 Jun 2018 11:20:46 GMT" time="2.191" errors="0">
  <testcase name="testFirstAnnotatorFails" time="1.084" classname="org.molgenis.dataexplorer.AnnotationJobTest"/>
  <testcase name="testHappyPath" time="1.107" classname="org.molgenis.dataexplorer.AnnotationJobTest"/>
</testsuite> <!-- org.molgenis.dataexplorer.AnnotationJobTest -->
