<?xml version="1.0" encoding="UTF-8"?>
<!-- Generated by org.testng.reporters.JUnitReportReporter -->
<testsuite hostname="spirals-vortex.lille.inria.fr" name="org.molgenis.dataexplorer.DataExplorerControllerTest" tests="12" failures="0" timestamp="1 Jun 2018 11:20:46 GMT" time="2.796" errors="0">
  <testcase name="getAnnotatorModuleFail" time="0.032" classname="org.molgenis.dataexplorer.DataExplorerControllerTest"/>
  <testcase name="initSortEntitiesByLabel" time="0.043" classname="org.molgenis.dataexplorer.DataExplorerControllerTest"/>
  <testcase name="getAnnotatorModuleSuccess" time="0.029" classname="org.molgenis.dataexplorer.DataExplorerControllerTest"/>
  <testcase name="testGetDownloadFilenameXlsx" time="0.025" classname="org.molgenis.dataexplorer.DataExplorerControllerTest"/>
  <testcase name="testViewEntityDetailsById" time="0.041" classname="org.molgenis.dataexplorer.DataExplorerControllerTest"/>
  <testcase name="testViewEntityDetails" time="0.219" classname="org.molgenis.dataexplorer.DataExplorerControllerTest"/>
  <testcase name="testViewEntityDetailsByIdEntityTypeNotExists" time="1.416" classname="org.molgenis.dataexplorer.DataExplorerControllerTest"/>
  <testcase name="initSetNavigatorMenuPathNoNavigator" time="0.066" classname="org.molgenis.dataexplorer.DataExplorerControllerTest"/>
  <testcase name="initTrackingIdNotPresent" time="0.033" classname="org.molgenis.dataexplorer.DataExplorerControllerTest"/>
  <testcase name="initTrackingIdPresent" time="0.030" classname="org.molgenis.dataexplorer.DataExplorerControllerTest"/>
  <testcase name="testGetDownloadFilenameCsv" time="0.064" classname="org.molgenis.dataexplorer.DataExplorerControllerTest"/>
  <testcase name="testPackageLink" time="0.798" classname="org.molgenis.dataexplorer.DataExplorerControllerTest"/>
</testsuite> <!-- org.molgenis.dataexplorer.DataExplorerControllerTest -->
