<?xml version="1.0" encoding="UTF-8"?>
<!-- Generated by org.testng.reporters.JUnitReportReporter -->
<testsuite hostname="spirals-vortex.lille.inria.fr" name="org.molgenis.dataexplorer.download.DataExplorerDownloadHandlerTest" tests="9" failures="0" timestamp="1 Jun 2018 11:20:46 GMT" time="2.174" errors="0">
  <testcase name="testWriteToExcel" time="0.057" classname="org.molgenis.dataexplorer.download.DataExplorerDownloadHandlerTest"/>
  <testcase name="testWriteToExcelTooManyCells" time="0.022" classname="org.molgenis.dataexplorer.download.DataExplorerDownloadHandlerTest"/>
  <testcase name="testWriteToCSV" time="0.006" classname="org.molgenis.dataexplorer.download.DataExplorerDownloadHandlerTest"/>
  <testcase name="testWriteToExcel" time="1.069" classname="org.molgenis.dataexplorer.download.DataExplorerDownloadHandlerTest"/>
  <testcase name="testWriteToCSV" time="0.010" classname="org.molgenis.dataexplorer.download.DataExplorerDownloadHandlerTest"/>
  <testcase name="testWriteToCSV" time="0.011" classname="org.molgenis.dataexplorer.download.DataExplorerDownloadHandlerTest"/>
  <testcase name="testWriteToCSV" time="0.083" classname="org.molgenis.dataexplorer.download.DataExplorerDownloadHandlerTest"/>
  <testcase name="testWriteToExcel" time="0.063" classname="org.molgenis.dataexplorer.download.DataExplorerDownloadHandlerTest"/>
  <testcase name="testWriteToExcel" time="0.853" classname="org.molgenis.dataexplorer.download.DataExplorerDownloadHandlerTest"/>
</testsuite> <!-- org.molgenis.dataexplorer.download.DataExplorerDownloadHandlerTest -->
