<?xml version="1.0" encoding="UTF-8"?>
<!-- Generated by org.testng.reporters.JUnitReportReporter -->
<testsuite hostname="spirals-vortex.lille.inria.fr" name="org.molgenis.js.JsMagmaScriptEvaluatorTest" tests="41" failures="0" timestamp="30 May 2018 13:30:31 GMT" time="1.195" errors="0">
  <testcase name="testPlusObject" time="0.005" classname="org.molgenis.js.JsMagmaScriptEvaluatorTest"/>
  <testcase name="testValueForNestedXrefDefaultDepth" time="0.005" classname="org.molgenis.js.JsMagmaScriptEvaluatorTest"/>
  <testcase name="testLe" time="0.009" classname="org.molgenis.js.JsMagmaScriptEvaluatorTest"/>
  <testcase name="testLt" time="0.008" classname="org.molgenis.js.JsMagmaScriptEvaluatorTest"/>
  <testcase name="testTimes" time="0.006" classname="org.molgenis.js.JsMagmaScriptEvaluatorTest"/>
  <testcase name="evalList" time="0.017" classname="org.molgenis.js.JsMagmaScriptEvaluatorTest"/>
  <testcase name="testValueForLong" time="0.004" classname="org.molgenis.js.JsMagmaScriptEvaluatorTest"/>
  <testcase name="age" time="0.031" classname="org.molgenis.js.JsMagmaScriptEvaluatorTest"/>
  <testcase name="testEq" time="0.008" classname="org.molgenis.js.JsMagmaScriptEvaluatorTest"/>
  <testcase name="testNot" time="0.006" classname="org.molgenis.js.JsMagmaScriptEvaluatorTest"/>
  <testcase name="testPlusNullValue" time="0.004" classname="org.molgenis.js.JsMagmaScriptEvaluatorTest"/>
  <testcase name="pow" time="0.002" classname="org.molgenis.js.JsMagmaScriptEvaluatorTest"/>
  <testcase name="testIsValidJson" time="0.013" classname="org.molgenis.js.JsMagmaScriptEvaluatorTest"/>
  <testcase name="div" time="0.006" classname="org.molgenis.js.JsMagmaScriptEvaluatorTest"/>
  <testcase name="test$" time="0.003" classname="org.molgenis.js.JsMagmaScriptEvaluatorTest"/>
  <testcase name="testValueForDateTime" time="0.003" classname="org.molgenis.js.JsMagmaScriptEvaluatorTest"/>
  <testcase name="testGlucose" time="0.005" classname="org.molgenis.js.JsMagmaScriptEvaluatorTest"/>
  <testcase name="combinePlusGroupMapFunctions" time="0.017" classname="org.molgenis.js.JsMagmaScriptEvaluatorTest"/>
  <testcase name="testNull" time="0.008" classname="org.molgenis.js.JsMagmaScriptEvaluatorTest"/>
  <testcase name="mapSimple" time="0.004" classname="org.molgenis.js.JsMagmaScriptEvaluatorTest"/>
  <testcase name="testBmi" time="0.008" classname="org.molgenis.js.JsMagmaScriptEvaluatorTest"/>
  <testcase name="testValueForBool" time="0.003" classname="org.molgenis.js.JsMagmaScriptEvaluatorTest"/>
  <testcase name="testGroup" time="0.009" classname="org.molgenis.js.JsMagmaScriptEvaluatorTest"/>
  <testcase name="testValueForMrefWithSimplifiedAlgorithm" time="0.005" classname="org.molgenis.js.JsMagmaScriptEvaluatorTest"/>
  <testcase name="testValueForMref" time="0.012" classname="org.molgenis.js.JsMagmaScriptEvaluatorTest"/>
  <testcase name="testEvalDefaultDepth$" time="0.003" classname="org.molgenis.js.JsMagmaScriptEvaluatorTest"/>
  <testcase name="testGe" time="0.010" classname="org.molgenis.js.JsMagmaScriptEvaluatorTest"/>
  <testcase name="testIsNull" time="0.005" classname="org.molgenis.js.JsMagmaScriptEvaluatorTest"/>
  <testcase name="testOr" time="0.010" classname="org.molgenis.js.JsMagmaScriptEvaluatorTest"/>
  <testcase name="testValueForMrefWithComplexAlgorithm" time="0.011" classname="org.molgenis.js.JsMagmaScriptEvaluatorTest"/>
  <testcase name="mapDefault" time="0.006" classname="org.molgenis.js.JsMagmaScriptEvaluatorTest"/>
  <testcase name="testValueForXrefDefaultDepth" time="0.002" classname="org.molgenis.js.JsMagmaScriptEvaluatorTest"/>
  <testcase name="testGt" time="0.009" classname="org.molgenis.js.JsMagmaScriptEvaluatorTest"/>
  <testcase name="testPlusValue" time="0.003" classname="org.molgenis.js.JsMagmaScriptEvaluatorTest"/>
  <testcase name="testUnitConversion" time="0.861" classname="org.molgenis.js.JsMagmaScriptEvaluatorTest"/>
  <testcase name="testValueForXref" time="0.004" classname="org.molgenis.js.JsMagmaScriptEvaluatorTest"/>
  <testcase name="mapNull" time="0.005" classname="org.molgenis.js.JsMagmaScriptEvaluatorTest"/>
  <testcase name="testGroupNull" time="0.009" classname="org.molgenis.js.JsMagmaScriptEvaluatorTest"/>
  <testcase name="combineGroupMapFunctions" time="0.036" classname="org.molgenis.js.JsMagmaScriptEvaluatorTest"/>
  <testcase name="testAverageValueOfMultipleNumericAttributes" time="0.017" classname="org.molgenis.js.JsMagmaScriptEvaluatorTest"/>
  <testcase name="testGroupConstantValue" time="0.003" classname="org.molgenis.js.JsMagmaScriptEvaluatorTest"/>
</testsuite> <!-- org.molgenis.js.JsMagmaScriptEvaluatorTest -->
