<?xml version="1.0" encoding="UTF-8"?>
<!-- Generated by org.testng.reporters.JUnitReportReporter -->
<testsuite hostname="spirals-vortex.lille.inria.fr" name="org.molgenis.js.nashorn.NashornScriptEngineTest" tests="3" failures="0" timestamp="28 May 2018 08:15:17 GMT" time="0.407" errors="0">
  <testcase name="doesntDirtyContext" time="0.292" classname="org.molgenis.js.nashorn.NashornScriptEngineTest"/>
  <testcase name="testInvokeDateDMY" time="0.101" classname="org.molgenis.js.nashorn.NashornScriptEngineTest"/>
  <testcase name="testInvokeFunction" time="0.014" classname="org.molgenis.js.nashorn.NashornScriptEngineTest"/>
</testsuite> <!-- org.molgenis.js.nashorn.NashornScriptEngineTest -->
