<?xml version="1.0" encoding="UTF-8"?>
<!-- Generated by org.testng.reporters.JUnitReportReporter -->
<testsuite hostname="spirals-vortex.lille.inria.fr" name="org.molgenis.js.nashorn.NashornScriptEngineTest" tests="3" failures="0" timestamp="1 Jun 2018 11:17:16 GMT" time="0.047" errors="0">
  <testcase name="testInvokeDateDMY" time="0.036" classname="org.molgenis.js.nashorn.NashornScriptEngineTest"/>
  <testcase name="doesntDirtyContext" time="0.006" classname="org.molgenis.js.nashorn.NashornScriptEngineTest"/>
  <testcase name="testInvokeFunction" time="0.005" classname="org.molgenis.js.nashorn.NashornScriptEngineTest"/>
</testsuite> <!-- org.molgenis.js.nashorn.NashornScriptEngineTest -->
