<?xml version="1.0" encoding="UTF-8"?>
<!-- Generated by org.testng.reporters.JUnitReportReporter -->
<testsuite hostname="spirals-vortex.lille.inria.fr" name="org.molgenis.js.nashorn.NashornScriptEngineTest" tests="3" failures="0" timestamp="25 May 2018 14:31:12 GMT" time="0.112" errors="0">
  <testcase name="testInvokeDateDMY" time="0.086" classname="org.molgenis.js.nashorn.NashornScriptEngineTest"/>
  <testcase name="doesntDirtyContext" time="0.019" classname="org.molgenis.js.nashorn.NashornScriptEngineTest"/>
  <testcase name="testInvokeFunction" time="0.007" classname="org.molgenis.js.nashorn.NashornScriptEngineTest"/>
</testsuite> <!-- org.molgenis.js.nashorn.NashornScriptEngineTest -->
