<?xml version="1.0" encoding="UTF-8"?>

<beans xmlns="http://www.springframework.org/schema/beans"
	xmlns:xsi="http://www.w3.org/2001/XMLSchema-instance"	
	xmlns:tx="http://www.springframework.org/schema/tx"
	xsi:schemaLocation="
		http://www.springframework.org/schema/beans http://www.springframework.org/schema/beans/spring-beans-4.0.xsd
	    http://www.springframework.org/schema/tx http://www.springframework.org/schema/tx/spring-tx-4.0.xsd
	">

	<import resource="datasource.xml" />
	<import resource="config/packages.xml" />
	
	<bean id="validator" class="org.springframework.validation.beanvalidation.LocalValidatorFactoryBean"/>
	
	<import resource="config/i18n-l10n-junit.xml" />

	<bean id="messageSource"
		class="org.springframework.context.support.ReloadableResourceBundleMessageSource">
		<property name="basenames" ref="messages" />
		<property name="defaultEncoding" value="ISO-8859-1" />
		<property name="fallbackToSystemLocale" value="false" />
<!-- 		<property name="useCodeAsDefaultMessage" value="true" />
 -->	</bean>
	
</beans>
