<?xml version="1.0" encoding="UTF-8"?>
<testsuite xmlns:xsi="http://www.w3.org/2001/XMLSchema-instance" xsi:noNamespaceSchemaLocation="https://maven.apache.org/surefire/maven-surefire-plugin/xsd/surefire-test-report.xsd" name="de.nierbeck.example.vertx.alive.TestAliveCheck" time="1.88" tests="3" errors="0" skipped="0" failures="0">
  <properties>
    <property name="awt.toolkit" value="sun.awt.X11.XToolkit"/>
    <property name="file.encoding.pkg" value="sun.io"/>
    <property name="java.specification.version" value="1.8"/>
    <property name="sun.cpu.isalist" value=""/>
    <property name="sun.jnu.encoding" value="UTF-8"/>
    <property name="java.class.path" value="/root/workspace/ANierbeck/Karaf-Vertx/386330350/Vertx-AliveCheck/target/test-classes:/root/workspace/ANierbeck/Karaf-Vertx/386330350/Vertx-AliveCheck/target/classes:/root/./workspace/ANierbeck/Karaf-Vertx/386330350/.m2/io/vertx/vertx-web/3.5.1/vertx-web-3.5.1.jar:/root/./workspace/ANierbeck/Karaf-Vertx/386330350/.m2/io/vertx/vertx-auth-common/3.5.1/vertx-auth-common-3.5.1.jar:/root/./workspace/ANierbeck/Karaf-Vertx/386330350/.m2/io/vertx/vertx-bridge-common/3.5.1/vertx-bridge-common-3.5.1.jar:/root/./workspace/ANierbeck/Karaf-Vertx/386330350/.m2/io/vertx/vertx-core/3.5.1/vertx-core-3.5.1.jar:/root/./workspace/ANierbeck/Karaf-Vertx/386330350/.m2/io/netty/netty-common/4.1.19.Final/netty-common-4.1.19.Final.jar:/root/./workspace/ANierbeck/Karaf-Vertx/386330350/.m2/io/netty/netty-buffer/4.1.19.Final/netty-buffer-4.1.19.Final.jar:/root/./workspace/ANierbeck/Karaf-Vertx/386330350/.m2/io/netty/netty-transport/4.1.19.Final/netty-transport-4.1.19.Final.jar:/root/./workspace/ANierbeck/Karaf-Vertx/386330350/.m2/io/netty/netty-handler/4.1.19.Final/netty-handler-4.1.19.Final.jar:/root/./workspace/ANierbeck/Karaf-Vertx/386330350/.m2/io/netty/netty-codec/4.1.19.Final/netty-codec-4.1.19.Final.jar:/root/./workspace/ANierbeck/Karaf-Vertx/386330350/.m2/io/netty/netty-handler-proxy/4.1.19.Final/netty-handler-proxy-4.1.19.Final.jar:/root/./workspace/ANierbeck/Karaf-Vertx/386330350/.m2/io/netty/netty-codec-socks/4.1.19.Final/netty-codec-socks-4.1.19.Final.jar:/root/./workspace/ANierbeck/Karaf-Vertx/386330350/.m2/io/netty/netty-codec-http/4.1.19.Final/netty-codec-http-4.1.19.Final.jar:/root/./workspace/ANierbeck/Karaf-Vertx/386330350/.m2/io/netty/netty-codec-http2/4.1.19.Final/netty-codec-http2-4.1.19.Final.jar:/root/./workspace/ANierbeck/Karaf-Vertx/386330350/.m2/io/netty/netty-resolver/4.1.19.Final/netty-resolver-4.1.19.Final.jar:/root/./workspace/ANierbeck/Karaf-Vertx/386330350/.m2/io/netty/netty-resolver-dns/4.1.19.Final/netty-resolver-dns-4.1.19.Final.jar:/root/./workspace/ANierbeck/Karaf-Vertx/386330350/.m2/io/netty/netty-codec-dns/4.1.19.Final/netty-codec-dns-4.1.19.Final.jar:/root/./workspace/ANierbeck/Karaf-Vertx/386330350/.m2/com/fasterxml/jackson/core/jackson-core/2.9.3/jackson-core-2.9.3.jar:/root/./workspace/ANierbeck/Karaf-Vertx/386330350/.m2/com/fasterxml/jackson/core/jackson-databind/2.9.3/jackson-databind-2.9.3.jar:/root/./workspace/ANierbeck/Karaf-Vertx/386330350/.m2/com/fasterxml/jackson/core/jackson-annotations/2.9.0/jackson-annotations-2.9.0.jar:/root/./workspace/ANierbeck/Karaf-Vertx/386330350/.m2/io/vertx/vertx-health-check/3.5.1/vertx-health-check-3.5.1.jar:/root/./workspace/ANierbeck/Karaf-Vertx/386330350/.m2/io/vertx/vertx-dropwizard-metrics/3.5.1/vertx-dropwizard-metrics-3.5.1.jar:/root/./workspace/ANierbeck/Karaf-Vertx/386330350/.m2/io/dropwizard/metrics/metrics-core/4.0.2/metrics-core-4.0.2.jar:/root/./workspace/ANierbeck/Karaf-Vertx/386330350/.m2/org/osgi/osgi.cmpn/6.0.0/osgi.cmpn-6.0.0.jar:/root/./workspace/ANierbeck/Karaf-Vertx/386330350/.m2/org/osgi/osgi.core/6.0.0/osgi.core-6.0.0.jar:/root/workspace/ANierbeck/Karaf-Vertx/386330350/Vertx-System/target/classes:/root/workspace/ANierbeck/Karaf-Vertx/386330350/Vertx-Http/target/classes:/root/./workspace/ANierbeck/Karaf-Vertx/386330350/.m2/io/vertx/vertx-unit/3.5.1/vertx-unit-3.5.1.jar:/root/./workspace/ANierbeck/Karaf-Vertx/386330350/.m2/junit/junit/4.12/junit-4.12.jar:/root/./workspace/ANierbeck/Karaf-Vertx/386330350/.m2/org/hamcrest/hamcrest-core/1.3/hamcrest-core-1.3.jar:/root/./workspace/ANierbeck/Karaf-Vertx/386330350/.m2/io/rest-assured/rest-assured/3.0.3/rest-assured-3.0.3.jar:/root/./workspace/ANierbeck/Karaf-Vertx/386330350/.m2/org/codehaus/groovy/groovy/2.4.9/groovy-2.4.9.jar:/root/./workspace/ANierbeck/Karaf-Vertx/386330350/.m2/org/codehaus/groovy/groovy-xml/2.4.9/groovy-xml-2.4.9.jar:/root/./workspace/ANierbeck/Karaf-Vertx/386330350/.m2/org/apache/httpcomponents/httpclient/4.5.2/httpclient-4.5.2.jar:/root/./workspace/ANierbeck/Karaf-Vertx/386330350/.m2/org/apache/httpcomponents/httpcore/4.4.4/httpcore-4.4.4.jar:/root/./workspace/ANierbeck/Karaf-Vertx/386330350/.m2/commons-logging/commons-logging/1.2/commons-logging-1.2.jar:/root/./workspace/ANierbeck/Karaf-Vertx/386330350/.m2/commons-codec/commons-codec/1.9/commons-codec-1.9.jar:/root/./workspace/ANierbeck/Karaf-Vertx/386330350/.m2/org/apache/httpcomponents/httpmime/4.5.1/httpmime-4.5.1.jar:/root/./workspace/ANierbeck/Karaf-Vertx/386330350/.m2/org/hamcrest/hamcrest-library/1.3/hamcrest-library-1.3.jar:/root/./workspace/ANierbeck/Karaf-Vertx/386330350/.m2/org/ccil/cowan/tagsoup/tagsoup/1.2.1/tagsoup-1.2.1.jar:/root/./workspace/ANierbeck/Karaf-Vertx/386330350/.m2/io/rest-assured/json-path/3.0.3/json-path-3.0.3.jar:/root/./workspace/ANierbeck/Karaf-Vertx/386330350/.m2/org/codehaus/groovy/groovy-json/2.4.9/groovy-json-2.4.9.jar:/root/./workspace/ANierbeck/Karaf-Vertx/386330350/.m2/io/rest-assured/rest-assured-common/3.0.3/rest-assured-common-3.0.3.jar:/root/./workspace/ANierbeck/Karaf-Vertx/386330350/.m2/io/rest-assured/xml-path/3.0.3/xml-path-3.0.3.jar:/root/./workspace/ANierbeck/Karaf-Vertx/386330350/.m2/org/apache/commons/commons-lang3/3.4/commons-lang3-3.4.jar:"/>
    <property name="java.vm.vendor" value="Oracle Corporation"/>
    <property name="skip.bower" value="true"/>
    <property name="sun.arch.data.model" value="64"/>
    <property name="java.vendor.url" value="http://java.oracle.com/"/>
    <property name="user.timezone" value=""/>
    <property name="java.vm.specification.version" value="1.8"/>
    <property name="os.name" value="Linux"/>
    <property name="rat.skip" value="true"/>
    <property name="gpg.skip" value="true"/>
    <property name="sun.java.launcher" value="SUN_STANDARD"/>
    <property name="sun.boot.library.path" value="/usr/lib/jvm/java-8-openjdk-amd64/jre/lib/amd64"/>
    <property name="skip.gulp" value="true"/>
    <property name="sun.java.command" value="/root/workspace/ANierbeck/Karaf-Vertx/386330350/Vertx-AliveCheck/target/surefire/surefirebooter220150057822578847.jar /root/workspace/ANierbeck/Karaf-Vertx/386330350/Vertx-AliveCheck/target/surefire 2018-05-31T21-18-39_643-jvmRun1 surefire57429733178150596tmp surefire_0780973979401933994tmp"/>
    <property name="dependency-check.skip" value="true"/>
    <property name="surefire.test.class.path" value="/root/workspace/ANierbeck/Karaf-Vertx/386330350/Vertx-AliveCheck/target/test-classes:/root/workspace/ANierbeck/Karaf-Vertx/386330350/Vertx-AliveCheck/target/classes:/root/./workspace/ANierbeck/Karaf-Vertx/386330350/.m2/io/vertx/vertx-web/3.5.1/vertx-web-3.5.1.jar:/root/./workspace/ANierbeck/Karaf-Vertx/386330350/.m2/io/vertx/vertx-auth-common/3.5.1/vertx-auth-common-3.5.1.jar:/root/./workspace/ANierbeck/Karaf-Vertx/386330350/.m2/io/vertx/vertx-bridge-common/3.5.1/vertx-bridge-common-3.5.1.jar:/root/./workspace/ANierbeck/Karaf-Vertx/386330350/.m2/io/vertx/vertx-core/3.5.1/vertx-core-3.5.1.jar:/root/./workspace/ANierbeck/Karaf-Vertx/386330350/.m2/io/netty/netty-common/4.1.19.Final/netty-common-4.1.19.Final.jar:/root/./workspace/ANierbeck/Karaf-Vertx/386330350/.m2/io/netty/netty-buffer/4.1.19.Final/netty-buffer-4.1.19.Final.jar:/root/./workspace/ANierbeck/Karaf-Vertx/386330350/.m2/io/netty/netty-transport/4.1.19.Final/netty-transport-4.1.19.Final.jar:/root/./workspace/ANierbeck/Karaf-Vertx/386330350/.m2/io/netty/netty-handler/4.1.19.Final/netty-handler-4.1.19.Final.jar:/root/./workspace/ANierbeck/Karaf-Vertx/386330350/.m2/io/netty/netty-codec/4.1.19.Final/netty-codec-4.1.19.Final.jar:/root/./workspace/ANierbeck/Karaf-Vertx/386330350/.m2/io/netty/netty-handler-proxy/4.1.19.Final/netty-handler-proxy-4.1.19.Final.jar:/root/./workspace/ANierbeck/Karaf-Vertx/386330350/.m2/io/netty/netty-codec-socks/4.1.19.Final/netty-codec-socks-4.1.19.Final.jar:/root/./workspace/ANierbeck/Karaf-Vertx/386330350/.m2/io/netty/netty-codec-http/4.1.19.Final/netty-codec-http-4.1.19.Final.jar:/root/./workspace/ANierbeck/Karaf-Vertx/386330350/.m2/io/netty/netty-codec-http2/4.1.19.Final/netty-codec-http2-4.1.19.Final.jar:/root/./workspace/ANierbeck/Karaf-Vertx/386330350/.m2/io/netty/netty-resolver/4.1.19.Final/netty-resolver-4.1.19.Final.jar:/root/./workspace/ANierbeck/Karaf-Vertx/386330350/.m2/io/netty/netty-resolver-dns/4.1.19.Final/netty-resolver-dns-4.1.19.Final.jar:/root/./workspace/ANierbeck/Karaf-Vertx/386330350/.m2/io/netty/netty-codec-dns/4.1.19.Final/netty-codec-dns-4.1.19.Final.jar:/root/./workspace/ANierbeck/Karaf-Vertx/386330350/.m2/com/fasterxml/jackson/core/jackson-core/2.9.3/jackson-core-2.9.3.jar:/root/./workspace/ANierbeck/Karaf-Vertx/386330350/.m2/com/fasterxml/jackson/core/jackson-databind/2.9.3/jackson-databind-2.9.3.jar:/root/./workspace/ANierbeck/Karaf-Vertx/386330350/.m2/com/fasterxml/jackson/core/jackson-annotations/2.9.0/jackson-annotations-2.9.0.jar:/root/./workspace/ANierbeck/Karaf-Vertx/386330350/.m2/io/vertx/vertx-health-check/3.5.1/vertx-health-check-3.5.1.jar:/root/./workspace/ANierbeck/Karaf-Vertx/386330350/.m2/io/vertx/vertx-dropwizard-metrics/3.5.1/vertx-dropwizard-metrics-3.5.1.jar:/root/./workspace/ANierbeck/Karaf-Vertx/386330350/.m2/io/dropwizard/metrics/metrics-core/4.0.2/metrics-core-4.0.2.jar:/root/./workspace/ANierbeck/Karaf-Vertx/386330350/.m2/org/osgi/osgi.cmpn/6.0.0/osgi.cmpn-6.0.0.jar:/root/./workspace/ANierbeck/Karaf-Vertx/386330350/.m2/org/osgi/osgi.core/6.0.0/osgi.core-6.0.0.jar:/root/workspace/ANierbeck/Karaf-Vertx/386330350/Vertx-System/target/classes:/root/workspace/ANierbeck/Karaf-Vertx/386330350/Vertx-Http/target/classes:/root/./workspace/ANierbeck/Karaf-Vertx/386330350/.m2/io/vertx/vertx-unit/3.5.1/vertx-unit-3.5.1.jar:/root/./workspace/ANierbeck/Karaf-Vertx/386330350/.m2/junit/junit/4.12/junit-4.12.jar:/root/./workspace/ANierbeck/Karaf-Vertx/386330350/.m2/org/hamcrest/hamcrest-core/1.3/hamcrest-core-1.3.jar:/root/./workspace/ANierbeck/Karaf-Vertx/386330350/.m2/io/rest-assured/rest-assured/3.0.3/rest-assured-3.0.3.jar:/root/./workspace/ANierbeck/Karaf-Vertx/386330350/.m2/org/codehaus/groovy/groovy/2.4.9/groovy-2.4.9.jar:/root/./workspace/ANierbeck/Karaf-Vertx/386330350/.m2/org/codehaus/groovy/groovy-xml/2.4.9/groovy-xml-2.4.9.jar:/root/./workspace/ANierbeck/Karaf-Vertx/386330350/.m2/org/apache/httpcomponents/httpclient/4.5.2/httpclient-4.5.2.jar:/root/./workspace/ANierbeck/Karaf-Vertx/386330350/.m2/org/apache/httpcomponents/httpcore/4.4.4/httpcore-4.4.4.jar:/root/./workspace/ANierbeck/Karaf-Vertx/386330350/.m2/commons-logging/commons-logging/1.2/commons-logging-1.2.jar:/root/./workspace/ANierbeck/Karaf-Vertx/386330350/.m2/commons-codec/commons-codec/1.9/commons-codec-1.9.jar:/root/./workspace/ANierbeck/Karaf-Vertx/386330350/.m2/org/apache/httpcomponents/httpmime/4.5.1/httpmime-4.5.1.jar:/root/./workspace/ANierbeck/Karaf-Vertx/386330350/.m2/org/hamcrest/hamcrest-library/1.3/hamcrest-library-1.3.jar:/root/./workspace/ANierbeck/Karaf-Vertx/386330350/.m2/org/ccil/cowan/tagsoup/tagsoup/1.2.1/tagsoup-1.2.1.jar:/root/./workspace/ANierbeck/Karaf-Vertx/386330350/.m2/io/rest-assured/json-path/3.0.3/json-path-3.0.3.jar:/root/./workspace/ANierbeck/Karaf-Vertx/386330350/.m2/org/codehaus/groovy/groovy-json/2.4.9/groovy-json-2.4.9.jar:/root/./workspace/ANierbeck/Karaf-Vertx/386330350/.m2/io/rest-assured/rest-assured-common/3.0.3/rest-assured-common-3.0.3.jar:/root/./workspace/ANierbeck/Karaf-Vertx/386330350/.m2/io/rest-assured/xml-path/3.0.3/xml-path-3.0.3.jar:/root/./workspace/ANierbeck/Karaf-Vertx/386330350/.m2/org/apache/commons/commons-lang3/3.4/commons-lang3-3.4.jar:"/>
    <property name="sun.cpu.endian" value="little"/>
    <property name="user.home" value="/root"/>
    <property name="user.language" value="en"/>
    <property name="java.specification.vendor" value="Oracle Corporation"/>
    <property name="java.home" value="/usr/lib/jvm/java-8-openjdk-amd64/jre"/>
    <property name="basedir" value="/root/workspace/ANierbeck/Karaf-Vertx/386330350/Vertx-AliveCheck"/>
    <property name="file.separator" value="/"/>
    <property name="checkstyle.skip" value="true"/>
    <property name="line.separator" value="&#10;"/>
    <property name="skip.npm" value="true"/>
    <property name="java.vm.specification.vendor" value="Oracle Corporation"/>
    <property name="java.specification.name" value="Java Platform API Specification"/>
    <property name="java.awt.graphicsenv" value="sun.awt.X11GraphicsEnvironment"/>
    <property name="skipITs" value="true"/>
    <property name="surefire.real.class.path" value="/root/workspace/ANierbeck/Karaf-Vertx/386330350/Vertx-AliveCheck/target/surefire/surefirebooter220150057822578847.jar"/>
    <property name="cobertura.skip" value="true"/>
    <property name="sun.boot.class.path" value="/usr/lib/jvm/java-8-openjdk-amd64/jre/lib/resources.jar:/usr/lib/jvm/java-8-openjdk-amd64/jre/lib/rt.jar:/usr/lib/jvm/java-8-openjdk-amd64/jre/lib/sunrsasign.jar:/usr/lib/jvm/java-8-openjdk-amd64/jre/lib/jsse.jar:/usr/lib/jvm/java-8-openjdk-amd64/jre/lib/jce.jar:/usr/lib/jvm/java-8-openjdk-amd64/jre/lib/charsets.jar:/usr/lib/jvm/java-8-openjdk-amd64/jre/lib/jfr.jar:/usr/lib/jvm/java-8-openjdk-amd64/jre/classes"/>
    <property name="sun.management.compiler" value="HotSpot 64-Bit Tiered Compilers"/>
    <property name="java.runtime.version" value="1.8.0_121-8u121-b13-1~bpo8+1-b13"/>
    <property name="user.name" value="root"/>
    <property name="findbugs.skip" value="true"/>
    <property name="path.separator" value=":"/>
    <property name="os.version" value="3.10.0-862.2.3.el7.x86_64"/>
    <property name="java.endorsed.dirs" value="/usr/lib/jvm/java-8-openjdk-amd64/jre/lib/endorsed"/>
    <property name="java.runtime.name" value="OpenJDK Runtime Environment"/>
    <property name="file.encoding" value="UTF-8"/>
    <property name="java.vm.name" value="OpenJDK 64-Bit Server VM"/>
    <property name="localRepository" value="/root/./workspace/ANierbeck/Karaf-Vertx/386330350/.m2"/>
    <property name="java.vendor.url.bug" value="http://bugreport.sun.com/bugreport/"/>
    <property name="java.io.tmpdir" value="/tmp"/>
    <property name="java.version" value="1.8.0_121"/>
    <property name="user.dir" value="/root/workspace/ANierbeck/Karaf-Vertx/386330350/Vertx-AliveCheck"/>
    <property name="os.arch" value="amd64"/>
    <property name="license.skip" value="true"/>
    <property name="java.vm.specification.name" value="Java Virtual Machine Specification"/>
    <property name="java.awt.printerjob" value="sun.print.PSPrinterJob"/>
    <property name="sun.os.patch.level" value="unknown"/>
    <property name="java.library.path" value="/usr/java/packages/lib/amd64:/usr/lib/x86_64-linux-gnu/jni:/lib/x86_64-linux-gnu:/usr/lib/x86_64-linux-gnu:/usr/lib/jni:/lib:/usr/lib"/>
    <property name="java.vm.info" value="mixed mode"/>
    <property name="java.vendor" value="Oracle Corporation"/>
    <property name="java.vm.version" value="25.121-b13"/>
    <property name="java.ext.dirs" value="/usr/lib/jvm/java-8-openjdk-amd64/jre/lib/ext:/usr/java/packages/lib/ext"/>
    <property name="sun.io.unicode.encoding" value="UnicodeLittle"/>
    <property name="maven.repo.local" value="/root/./workspace/ANierbeck/Karaf-Vertx/386330350/.m2"/>
    <property name="enforcer.skip" value="true"/>
    <property name="java.class.version" value="52.0"/>
  </properties>
  <testcase name="checkThatTheIndexPageIsServed" classname="de.nierbeck.example.vertx.alive.TestAliveCheck" time="0.715"/>
  <testcase name="testPing" classname="de.nierbeck.example.vertx.alive.TestAliveCheck" time="0.24"/>
  <testcase name="checkStatus" classname="de.nierbeck.example.vertx.alive.TestAliveCheck" time="0.874"/>
</testsuite>