<?xml version="1.0" encoding="UTF-8"?>
<testsuite xmlns:xsi="http://www.w3.org/2001/XMLSchema-instance" xsi:noNamespaceSchemaLocation="https://maven.apache.org/surefire/maven-surefire-plugin/xsd/surefire-test-report.xsd" name="TestSuite" time="4.646" tests="406" errors="0" skipped="0" failures="0">
  <properties>
    <property name="awt.toolkit" value="sun.awt.X11.XToolkit"/>
    <property name="file.encoding.pkg" value="sun.io"/>
    <property name="java.specification.version" value="1.8"/>
    <property name="sun.cpu.isalist" value=""/>
    <property name="sun.jnu.encoding" value="UTF-8"/>
    <property name="java.class.path" value="/root/workspace/molgenis/molgenis/386600939/molgenis-data-postgresql/target/test-classes:/root/workspace/molgenis/molgenis/386600939/molgenis-data-postgresql/target/classes:/root/workspace/molgenis/molgenis/386600939/molgenis-data/target/classes:/root/workspace/molgenis/molgenis/386600939/molgenis-util/target/classes:/root/./workspace/molgenis/molgenis/386600939/.m2/org/springframework/spring-context-support/5.0.6.RELEASE/spring-context-support-5.0.6.RELEASE.jar:/root/./workspace/molgenis/molgenis/386600939/.m2/com/sun/mail/javax.mail/1.6.1/javax.mail-1.6.1.jar:/root/./workspace/molgenis/molgenis/386600939/.m2/javax/activation/activation/1.1.1/activation-1.1.1.jar:/root/./workspace/molgenis/molgenis/386600939/.m2/org/mapdb/mapdb/1.0.6/mapdb-1.0.6.jar:/root/workspace/molgenis/molgenis/386600939/molgenis-i18n/target/classes:/root/./workspace/molgenis/molgenis/386600939/.m2/org/springframework/spring-tx/5.0.6.RELEASE/spring-tx-5.0.6.RELEASE.jar:/root/./workspace/molgenis/molgenis/386600939/.m2/com/google/code/gson/gson/2.8.4/gson-2.8.4.jar:/root/./workspace/molgenis/molgenis/386600939/.m2/com/eaio/uuid/uuid/3.2/uuid-3.2.jar:/root/./workspace/molgenis/molgenis/386600939/.m2/com/mchange/c3p0/0.9.5.2/c3p0-0.9.5.2.jar:/root/./workspace/molgenis/molgenis/386600939/.m2/com/mchange/mchange-commons-java/0.2.11/mchange-commons-java-0.2.11.jar:/root/workspace/molgenis/molgenis/386600939/molgenis-data-file/target/classes:/root/workspace/molgenis/molgenis/386600939/molgenis-data-security/target/classes:/root/workspace/molgenis/molgenis/386600939/molgenis-security-core/target/classes:/root/./workspace/molgenis/molgenis/386600939/.m2/org/springframework/spring-aspects/5.0.6.RELEASE/spring-aspects-5.0.6.RELEASE.jar:/root/./workspace/molgenis/molgenis/386600939/.m2/org/aspectj/aspectjweaver/1.8.13/aspectjweaver-1.8.13.jar:/root/workspace/molgenis/molgenis/386600939/molgenis-settings/target/classes:/root/./workspace/molgenis/molgenis/386600939/.m2/org/springframework/security/spring-security-core/5.0.5.RELEASE/spring-security-core-5.0.5.RELEASE.jar:/root/./workspace/molgenis/molgenis/386600939/.m2/org/springframework/security/spring-security-acl/5.0.5.RELEASE/spring-security-acl-5.0.5.RELEASE.jar:/root/./workspace/molgenis/molgenis/386600939/.m2/commons-io/commons-io/2.6/commons-io-2.6.jar:/root/workspace/molgenis/molgenis/386600939/molgenis-data-validation/target/classes:/root/workspace/molgenis/molgenis/386600939/molgenis-js/target/classes:/root/workspace/molgenis/molgenis/386600939/molgenis-scripts-core/target/classes:/root/./workspace/molgenis/molgenis/386600939/.m2/org/freemarker/freemarker/2.3.28/freemarker-2.3.28.jar:/root/./workspace/molgenis/molgenis/386600939/.m2/com/github/ben-manes/caffeine/caffeine/2.6.2/caffeine-2.6.2.jar:/root/./workspace/molgenis/molgenis/386600939/.m2/org/everit/json/org.everit.json.schema/1.5.1/org.everit.json.schema-1.5.1.jar:/root/./workspace/molgenis/molgenis/386600939/.m2/org/json/json/20141113/json-20141113.jar:/root/./workspace/molgenis/molgenis/386600939/.m2/commons-validator/commons-validator/1.5.1/commons-validator-1.5.1.jar:/root/./workspace/molgenis/molgenis/386600939/.m2/commons-beanutils/commons-beanutils/1.9.3/commons-beanutils-1.9.3.jar:/root/./workspace/molgenis/molgenis/386600939/.m2/commons-digester/commons-digester/1.8.1/commons-digester-1.8.1.jar:/root/./workspace/molgenis/molgenis/386600939/.m2/commons-collections/commons-collections/3.2.2/commons-collections-3.2.2.jar:/root/./workspace/molgenis/molgenis/386600939/.m2/org/hibernate/validator/hibernate-validator/6.0.9.Final/hibernate-validator-6.0.9.Final.jar:/root/./workspace/molgenis/molgenis/386600939/.m2/javax/validation/validation-api/2.0.1.Final/validation-api-2.0.1.Final.jar:/root/./workspace/molgenis/molgenis/386600939/.m2/org/jboss/logging/jboss-logging/3.3.2.Final/jboss-logging-3.3.2.Final.jar:/root/./workspace/molgenis/molgenis/386600939/.m2/com/fasterxml/classmate/1.3.4/classmate-1.3.4.jar:/root/./workspace/molgenis/molgenis/386600939/.m2/org/glassfish/javax.el/3.0.0/javax.el-3.0.0.jar:/root/./workspace/molgenis/molgenis/386600939/.m2/com/google/auto/value/auto-value/1.4.1/auto-value-1.4.1.jar:/root/./workspace/molgenis/molgenis/386600939/.m2/org/postgresql/postgresql/9.4.1211/postgresql-9.4.1211.jar:/root/./workspace/molgenis/molgenis/386600939/.m2/org/springframework/spring-jdbc/5.0.6.RELEASE/spring-jdbc-5.0.6.RELEASE.jar:/root/./workspace/molgenis/molgenis/386600939/.m2/org/springframework/spring-beans/5.0.6.RELEASE/spring-beans-5.0.6.RELEASE.jar:/root/./workspace/molgenis/molgenis/386600939/.m2/org/springframework/spring-core/5.0.6.RELEASE/spring-core-5.0.6.RELEASE.jar:/root/./workspace/molgenis/molgenis/386600939/.m2/org/springframework/spring-jcl/5.0.6.RELEASE/spring-jcl-5.0.6.RELEASE.jar:/root/./workspace/molgenis/molgenis/386600939/.m2/org/apache/commons/commons-lang3/3.7/commons-lang3-3.7.jar:/root/workspace/molgenis/molgenis/386600939/molgenis-test/target/classes:/root/./workspace/molgenis/molgenis/386600939/.m2/org/testng/testng/6.8/testng-6.8.jar:/root/./workspace/molgenis/molgenis/386600939/.m2/junit/junit/4.12/junit-4.12.jar:/root/./workspace/molgenis/molgenis/386600939/.m2/org/hamcrest/hamcrest-core/1.3/hamcrest-core-1.3.jar:/root/./workspace/molgenis/molgenis/386600939/.m2/org/beanshell/bsh/2.0b5/bsh-2.0b5.jar:/root/./workspace/molgenis/molgenis/386600939/.m2/com/beust/jcommander/1.27/jcommander-1.27.jar:/root/./workspace/molgenis/molgenis/386600939/.m2/org/yaml/snakeyaml/1.19/snakeyaml-1.19.jar:/root/./workspace/molgenis/molgenis/386600939/.m2/org/mockito/mockito-core/2.7.22/mockito-core-2.7.22.jar:/root/./workspace/molgenis/molgenis/386600939/.m2/net/bytebuddy/byte-buddy/1.7.11/byte-buddy-1.7.11.jar:/root/./workspace/molgenis/molgenis/386600939/.m2/net/bytebuddy/byte-buddy-agent/1.7.11/byte-buddy-agent-1.7.11.jar:/root/./workspace/molgenis/molgenis/386600939/.m2/org/objenesis/objenesis/2.6/objenesis-2.6.jar:/root/./workspace/molgenis/molgenis/386600939/.m2/org/hamcrest/hamcrest-all/1.3/hamcrest-all-1.3.jar:/root/./workspace/molgenis/molgenis/386600939/.m2/javax/servlet/javax.servlet-api/3.1.0/javax.servlet-api-3.1.0.jar:/root/./workspace/molgenis/molgenis/386600939/.m2/org/springframework/spring-test/5.0.6.RELEASE/spring-test-5.0.6.RELEASE.jar:/root/./workspace/molgenis/molgenis/386600939/.m2/com/fasterxml/jackson/core/jackson-databind/2.9.5/jackson-databind-2.9.5.jar:/root/./workspace/molgenis/molgenis/386600939/.m2/com/fasterxml/jackson/core/jackson-annotations/2.9.0/jackson-annotations-2.9.0.jar:/root/./workspace/molgenis/molgenis/386600939/.m2/com/fasterxml/jackson/core/jackson-core/2.9.5/jackson-core-2.9.5.jar:/root/./workspace/molgenis/molgenis/386600939/.m2/org/springframework/spring-context/5.0.6.RELEASE/spring-context-5.0.6.RELEASE.jar:/root/./workspace/molgenis/molgenis/386600939/.m2/org/springframework/spring-aop/5.0.6.RELEASE/spring-aop-5.0.6.RELEASE.jar:/root/./workspace/molgenis/molgenis/386600939/.m2/org/springframework/spring-expression/5.0.6.RELEASE/spring-expression-5.0.6.RELEASE.jar:/root/./workspace/molgenis/molgenis/386600939/.m2/org/springframework/boot/spring-boot-starter-logging/2.0.2.RELEASE/spring-boot-starter-logging-2.0.2.RELEASE.jar:/root/./workspace/molgenis/molgenis/386600939/.m2/ch/qos/logback/logback-classic/1.2.3/logback-classic-1.2.3.jar:/root/./workspace/molgenis/molgenis/386600939/.m2/ch/qos/logback/logback-core/1.2.3/logback-core-1.2.3.jar:/root/./workspace/molgenis/molgenis/386600939/.m2/org/apache/logging/log4j/log4j-to-slf4j/2.10.0/log4j-to-slf4j-2.10.0.jar:/root/./workspace/molgenis/molgenis/386600939/.m2/org/apache/logging/log4j/log4j-api/2.10.0/log4j-api-2.10.0.jar:/root/./workspace/molgenis/molgenis/386600939/.m2/org/slf4j/jul-to-slf4j/1.7.25/jul-to-slf4j-1.7.25.jar:/root/./workspace/molgenis/molgenis/386600939/.m2/org/slf4j/log4j-over-slf4j/1.7.25/log4j-over-slf4j-1.7.25.jar:/root/./workspace/molgenis/molgenis/386600939/.m2/org/slf4j/slf4j-api/1.7.25/slf4j-api-1.7.25.jar:/root/./workspace/molgenis/molgenis/386600939/.m2/com/google/guava/guava/25.0-jre/guava-25.0-jre.jar:/root/./workspace/molgenis/molgenis/386600939/.m2/org/apache/maven/surefire/surefire-testng-utils/2.21.0/surefire-testng-utils-2.21.0.jar:/root/./workspace/molgenis/molgenis/386600939/.m2/org/apache/maven/surefire/surefire-grouper/2.21.0/surefire-grouper-2.21.0.jar:"/>
    <property name="java.vm.vendor" value="Oracle Corporation"/>
    <property name="skip.bower" value="true"/>
    <property name="sun.arch.data.model" value="64"/>
    <property name="java.vendor.url" value="http://java.oracle.com/"/>
    <property name="user.timezone" value=""/>
    <property name="java.vm.specification.version" value="1.8"/>
    <property name="os.name" value="Linux"/>
    <property name="rat.skip" value="true"/>
    <property name="gpg.skip" value="true"/>
    <property name="sun.java.launcher" value="SUN_STANDARD"/>
    <property name="sun.boot.library.path" value="/usr/lib/jvm/java-8-openjdk-amd64/jre/lib/amd64"/>
    <property name="skip.gulp" value="true"/>
    <property name="sun.java.command" value="/root/workspace/molgenis/molgenis/386600939/molgenis-data-postgresql/target/surefire/surefirebooter9209727987769063122.jar /root/workspace/molgenis/molgenis/386600939/molgenis-data-postgresql/target/surefire 2018-06-01T13-16-23_183-jvmRun1 surefire6697182545893603144tmp surefire_317752252967532449537tmp"/>
    <property name="dependency-check.skip" value="true"/>
    <property name="surefire.test.class.path" value="/root/workspace/molgenis/molgenis/386600939/molgenis-data-postgresql/target/test-classes:/root/workspace/molgenis/molgenis/386600939/molgenis-data-postgresql/target/classes:/root/workspace/molgenis/molgenis/386600939/molgenis-data/target/classes:/root/workspace/molgenis/molgenis/386600939/molgenis-util/target/classes:/root/./workspace/molgenis/molgenis/386600939/.m2/org/springframework/spring-context-support/5.0.6.RELEASE/spring-context-support-5.0.6.RELEASE.jar:/root/./workspace/molgenis/molgenis/386600939/.m2/com/sun/mail/javax.mail/1.6.1/javax.mail-1.6.1.jar:/root/./workspace/molgenis/molgenis/386600939/.m2/javax/activation/activation/1.1.1/activation-1.1.1.jar:/root/./workspace/molgenis/molgenis/386600939/.m2/org/mapdb/mapdb/1.0.6/mapdb-1.0.6.jar:/root/workspace/molgenis/molgenis/386600939/molgenis-i18n/target/classes:/root/./workspace/molgenis/molgenis/386600939/.m2/org/springframework/spring-tx/5.0.6.RELEASE/spring-tx-5.0.6.RELEASE.jar:/root/./workspace/molgenis/molgenis/386600939/.m2/com/google/code/gson/gson/2.8.4/gson-2.8.4.jar:/root/./workspace/molgenis/molgenis/386600939/.m2/com/eaio/uuid/uuid/3.2/uuid-3.2.jar:/root/./workspace/molgenis/molgenis/386600939/.m2/com/mchange/c3p0/0.9.5.2/c3p0-0.9.5.2.jar:/root/./workspace/molgenis/molgenis/386600939/.m2/com/mchange/mchange-commons-java/0.2.11/mchange-commons-java-0.2.11.jar:/root/workspace/molgenis/molgenis/386600939/molgenis-data-file/target/classes:/root/workspace/molgenis/molgenis/386600939/molgenis-data-security/target/classes:/root/workspace/molgenis/molgenis/386600939/molgenis-security-core/target/classes:/root/./workspace/molgenis/molgenis/386600939/.m2/org/springframework/spring-aspects/5.0.6.RELEASE/spring-aspects-5.0.6.RELEASE.jar:/root/./workspace/molgenis/molgenis/386600939/.m2/org/aspectj/aspectjweaver/1.8.13/aspectjweaver-1.8.13.jar:/root/workspace/molgenis/molgenis/386600939/molgenis-settings/target/classes:/root/./workspace/molgenis/molgenis/386600939/.m2/org/springframework/security/spring-security-core/5.0.5.RELEASE/spring-security-core-5.0.5.RELEASE.jar:/root/./workspace/molgenis/molgenis/386600939/.m2/org/springframework/security/spring-security-acl/5.0.5.RELEASE/spring-security-acl-5.0.5.RELEASE.jar:/root/./workspace/molgenis/molgenis/386600939/.m2/commons-io/commons-io/2.6/commons-io-2.6.jar:/root/workspace/molgenis/molgenis/386600939/molgenis-data-validation/target/classes:/root/workspace/molgenis/molgenis/386600939/molgenis-js/target/classes:/root/workspace/molgenis/molgenis/386600939/molgenis-scripts-core/target/classes:/root/./workspace/molgenis/molgenis/386600939/.m2/org/freemarker/freemarker/2.3.28/freemarker-2.3.28.jar:/root/./workspace/molgenis/molgenis/386600939/.m2/com/github/ben-manes/caffeine/caffeine/2.6.2/caffeine-2.6.2.jar:/root/./workspace/molgenis/molgenis/386600939/.m2/org/everit/json/org.everit.json.schema/1.5.1/org.everit.json.schema-1.5.1.jar:/root/./workspace/molgenis/molgenis/386600939/.m2/org/json/json/20141113/json-20141113.jar:/root/./workspace/molgenis/molgenis/386600939/.m2/commons-validator/commons-validator/1.5.1/commons-validator-1.5.1.jar:/root/./workspace/molgenis/molgenis/386600939/.m2/commons-beanutils/commons-beanutils/1.9.3/commons-beanutils-1.9.3.jar:/root/./workspace/molgenis/molgenis/386600939/.m2/commons-digester/commons-digester/1.8.1/commons-digester-1.8.1.jar:/root/./workspace/molgenis/molgenis/386600939/.m2/commons-collections/commons-collections/3.2.2/commons-collections-3.2.2.jar:/root/./workspace/molgenis/molgenis/386600939/.m2/org/hibernate/validator/hibernate-validator/6.0.9.Final/hibernate-validator-6.0.9.Final.jar:/root/./workspace/molgenis/molgenis/386600939/.m2/javax/validation/validation-api/2.0.1.Final/validation-api-2.0.1.Final.jar:/root/./workspace/molgenis/molgenis/386600939/.m2/org/jboss/logging/jboss-logging/3.3.2.Final/jboss-logging-3.3.2.Final.jar:/root/./workspace/molgenis/molgenis/386600939/.m2/com/fasterxml/classmate/1.3.4/classmate-1.3.4.jar:/root/./workspace/molgenis/molgenis/386600939/.m2/org/glassfish/javax.el/3.0.0/javax.el-3.0.0.jar:/root/./workspace/molgenis/molgenis/386600939/.m2/com/google/auto/value/auto-value/1.4.1/auto-value-1.4.1.jar:/root/./workspace/molgenis/molgenis/386600939/.m2/org/postgresql/postgresql/9.4.1211/postgresql-9.4.1211.jar:/root/./workspace/molgenis/molgenis/386600939/.m2/org/springframework/spring-jdbc/5.0.6.RELEASE/spring-jdbc-5.0.6.RELEASE.jar:/root/./workspace/molgenis/molgenis/386600939/.m2/org/springframework/spring-beans/5.0.6.RELEASE/spring-beans-5.0.6.RELEASE.jar:/root/./workspace/molgenis/molgenis/386600939/.m2/org/springframework/spring-core/5.0.6.RELEASE/spring-core-5.0.6.RELEASE.jar:/root/./workspace/molgenis/molgenis/386600939/.m2/org/springframework/spring-jcl/5.0.6.RELEASE/spring-jcl-5.0.6.RELEASE.jar:/root/./workspace/molgenis/molgenis/386600939/.m2/org/apache/commons/commons-lang3/3.7/commons-lang3-3.7.jar:/root/workspace/molgenis/molgenis/386600939/molgenis-test/target/classes:/root/./workspace/molgenis/molgenis/386600939/.m2/org/testng/testng/6.8/testng-6.8.jar:/root/./workspace/molgenis/molgenis/386600939/.m2/junit/junit/4.12/junit-4.12.jar:/root/./workspace/molgenis/molgenis/386600939/.m2/org/hamcrest/hamcrest-core/1.3/hamcrest-core-1.3.jar:/root/./workspace/molgenis/molgenis/386600939/.m2/org/beanshell/bsh/2.0b5/bsh-2.0b5.jar:/root/./workspace/molgenis/molgenis/386600939/.m2/com/beust/jcommander/1.27/jcommander-1.27.jar:/root/./workspace/molgenis/molgenis/386600939/.m2/org/yaml/snakeyaml/1.19/snakeyaml-1.19.jar:/root/./workspace/molgenis/molgenis/386600939/.m2/org/mockito/mockito-core/2.7.22/mockito-core-2.7.22.jar:/root/./workspace/molgenis/molgenis/386600939/.m2/net/bytebuddy/byte-buddy/1.7.11/byte-buddy-1.7.11.jar:/root/./workspace/molgenis/molgenis/386600939/.m2/net/bytebuddy/byte-buddy-agent/1.7.11/byte-buddy-agent-1.7.11.jar:/root/./workspace/molgenis/molgenis/386600939/.m2/org/objenesis/objenesis/2.6/objenesis-2.6.jar:/root/./workspace/molgenis/molgenis/386600939/.m2/org/hamcrest/hamcrest-all/1.3/hamcrest-all-1.3.jar:/root/./workspace/molgenis/molgenis/386600939/.m2/javax/servlet/javax.servlet-api/3.1.0/javax.servlet-api-3.1.0.jar:/root/./workspace/molgenis/molgenis/386600939/.m2/org/springframework/spring-test/5.0.6.RELEASE/spring-test-5.0.6.RELEASE.jar:/root/./workspace/molgenis/molgenis/386600939/.m2/com/fasterxml/jackson/core/jackson-databind/2.9.5/jackson-databind-2.9.5.jar:/root/./workspace/molgenis/molgenis/386600939/.m2/com/fasterxml/jackson/core/jackson-annotations/2.9.0/jackson-annotations-2.9.0.jar:/root/./workspace/molgenis/molgenis/386600939/.m2/com/fasterxml/jackson/core/jackson-core/2.9.5/jackson-core-2.9.5.jar:/root/./workspace/molgenis/molgenis/386600939/.m2/org/springframework/spring-context/5.0.6.RELEASE/spring-context-5.0.6.RELEASE.jar:/root/./workspace/molgenis/molgenis/386600939/.m2/org/springframework/spring-aop/5.0.6.RELEASE/spring-aop-5.0.6.RELEASE.jar:/root/./workspace/molgenis/molgenis/386600939/.m2/org/springframework/spring-expression/5.0.6.RELEASE/spring-expression-5.0.6.RELEASE.jar:/root/./workspace/molgenis/molgenis/386600939/.m2/org/springframework/boot/spring-boot-starter-logging/2.0.2.RELEASE/spring-boot-starter-logging-2.0.2.RELEASE.jar:/root/./workspace/molgenis/molgenis/386600939/.m2/ch/qos/logback/logback-classic/1.2.3/logback-classic-1.2.3.jar:/root/./workspace/molgenis/molgenis/386600939/.m2/ch/qos/logback/logback-core/1.2.3/logback-core-1.2.3.jar:/root/./workspace/molgenis/molgenis/386600939/.m2/org/apache/logging/log4j/log4j-to-slf4j/2.10.0/log4j-to-slf4j-2.10.0.jar:/root/./workspace/molgenis/molgenis/386600939/.m2/org/apache/logging/log4j/log4j-api/2.10.0/log4j-api-2.10.0.jar:/root/./workspace/molgenis/molgenis/386600939/.m2/org/slf4j/jul-to-slf4j/1.7.25/jul-to-slf4j-1.7.25.jar:/root/./workspace/molgenis/molgenis/386600939/.m2/org/slf4j/log4j-over-slf4j/1.7.25/log4j-over-slf4j-1.7.25.jar:/root/./workspace/molgenis/molgenis/386600939/.m2/org/slf4j/slf4j-api/1.7.25/slf4j-api-1.7.25.jar:/root/./workspace/molgenis/molgenis/386600939/.m2/com/google/guava/guava/25.0-jre/guava-25.0-jre.jar:/root/./workspace/molgenis/molgenis/386600939/.m2/org/apache/maven/surefire/surefire-testng-utils/2.21.0/surefire-testng-utils-2.21.0.jar:/root/./workspace/molgenis/molgenis/386600939/.m2/org/apache/maven/surefire/surefire-grouper/2.21.0/surefire-grouper-2.21.0.jar:"/>
    <property name="sun.cpu.endian" value="little"/>
    <property name="user.home" value="/root"/>
    <property name="user.language" value="en"/>
    <property name="java.specification.vendor" value="Oracle Corporation"/>
    <property name="java.home" value="/usr/lib/jvm/java-8-openjdk-amd64/jre"/>
    <property name="basedir" value="/root/workspace/molgenis/molgenis/386600939/molgenis-data-postgresql"/>
    <property name="file.separator" value="/"/>
    <property name="checkstyle.skip" value="true"/>
    <property name="line.separator" value="&#10;"/>
    <property name="skip.npm" value="true"/>
    <property name="java.vm.specification.vendor" value="Oracle Corporation"/>
    <property name="java.specification.name" value="Java Platform API Specification"/>
    <property name="java.awt.graphicsenv" value="sun.awt.X11GraphicsEnvironment"/>
    <property name="skipITs" value="true"/>
    <property name="surefire.real.class.path" value="/root/workspace/molgenis/molgenis/386600939/molgenis-data-postgresql/target/surefire/surefirebooter9209727987769063122.jar:/root/./workspace/molgenis/molgenis/386600939/.m2/org/jacoco/org.jacoco.agent/0.8.1/org.jacoco.agent-0.8.1-runtime.jar"/>
    <property name="cobertura.skip" value="true"/>
    <property name="sun.boot.class.path" value="/usr/lib/jvm/java-8-openjdk-amd64/jre/lib/resources.jar:/usr/lib/jvm/java-8-openjdk-amd64/jre/lib/rt.jar:/usr/lib/jvm/java-8-openjdk-amd64/jre/lib/sunrsasign.jar:/usr/lib/jvm/java-8-openjdk-amd64/jre/lib/jsse.jar:/usr/lib/jvm/java-8-openjdk-amd64/jre/lib/jce.jar:/usr/lib/jvm/java-8-openjdk-amd64/jre/lib/charsets.jar:/usr/lib/jvm/java-8-openjdk-amd64/jre/lib/jfr.jar:/usr/lib/jvm/java-8-openjdk-amd64/jre/classes"/>
    <property name="sun.management.compiler" value="HotSpot 64-Bit Tiered Compilers"/>
    <property name="java.runtime.version" value="1.8.0_121-8u121-b13-1~bpo8+1-b13"/>
    <property name="user.name" value="root"/>
    <property name="findbugs.skip" value="true"/>
    <property name="path.separator" value=":"/>
    <property name="os.version" value="3.10.0-862.2.3.el7.x86_64"/>
    <property name="java.endorsed.dirs" value="/usr/lib/jvm/java-8-openjdk-amd64/jre/lib/endorsed"/>
    <property name="java.runtime.name" value="OpenJDK Runtime Environment"/>
    <property name="file.encoding" value="UTF-8"/>
    <property name="java.vm.name" value="OpenJDK 64-Bit Server VM"/>
    <property name="localRepository" value="/root/./workspace/molgenis/molgenis/386600939/.m2"/>
    <property name="java.vendor.url.bug" value="http://bugreport.sun.com/bugreport/"/>
    <property name="java.io.tmpdir" value="/tmp"/>
    <property name="java.version" value="1.8.0_121"/>
    <property name="user.dir" value="/root/workspace/molgenis/molgenis/386600939/molgenis-data-postgresql"/>
    <property name="os.arch" value="amd64"/>
    <property name="license.skip" value="true"/>
    <property name="java.vm.specification.name" value="Java Virtual Machine Specification"/>
    <property name="java.awt.printerjob" value="sun.print.PSPrinterJob"/>
    <property name="sun.os.patch.level" value="unknown"/>
    <property name="java.library.path" value="/usr/java/packages/lib/amd64:/usr/lib/x86_64-linux-gnu/jni:/lib/x86_64-linux-gnu:/usr/lib/x86_64-linux-gnu:/usr/lib/jni:/lib:/usr/lib"/>
    <property name="java.vm.info" value="mixed mode"/>
    <property name="java.vendor" value="Oracle Corporation"/>
    <property name="java.vm.version" value="25.121-b13"/>
    <property name="java.ext.dirs" value="/usr/lib/jvm/java-8-openjdk-amd64/jre/lib/ext:/usr/java/packages/lib/ext"/>
    <property name="sun.io.unicode.encoding" value="UnicodeLittle"/>
    <property name="maven.repo.local" value="/root/./workspace/molgenis/molgenis/386600939/.m2"/>
    <property name="enforcer.skip" value="true"/>
    <property name="java.class.version" value="52.0"/>
  </properties>
  <testcase name="testGetCheckConstraintName" classname="org.molgenis.data.postgresql.PostgreSqlNameGeneratorTest" time="1.388"/>
  <testcase name="testGetCheckConstraintName" classname="org.molgenis.data.postgresql.PostgreSqlNameGeneratorTest" time="0.001"/>
  <testcase name="testGetCheckConstraintName" classname="org.molgenis.data.postgresql.PostgreSqlNameGeneratorTest" time="0.001"/>
  <testcase name="testGetCheckConstraintName" classname="org.molgenis.data.postgresql.PostgreSqlNameGeneratorTest" time="0.001"/>
  <testcase name="testGetColumnName" classname="org.molgenis.data.postgresql.PostgreSqlNameGeneratorTest" time="0.001"/>
  <testcase name="testGetColumnName" classname="org.molgenis.data.postgresql.PostgreSqlNameGeneratorTest" time="0.001"/>
  <testcase name="testGetColumnName" classname="org.molgenis.data.postgresql.PostgreSqlNameGeneratorTest" time="0.001"/>
  <testcase name="testGetColumnName" classname="org.molgenis.data.postgresql.PostgreSqlNameGeneratorTest" time="0"/>
  <testcase name="testGetColumnName" classname="org.molgenis.data.postgresql.PostgreSqlNameGeneratorTest" time="0.001"/>
  <testcase name="testGetColumnName" classname="org.molgenis.data.postgresql.PostgreSqlNameGeneratorTest" time="0.001"/>
  <testcase name="testGetColumnName" classname="org.molgenis.data.postgresql.PostgreSqlNameGeneratorTest" time="0.001"/>
  <testcase name="testGetColumnName" classname="org.molgenis.data.postgresql.PostgreSqlNameGeneratorTest" time="0"/>
  <testcase name="testGetColumnName" classname="org.molgenis.data.postgresql.PostgreSqlNameGeneratorTest" time="0.001"/>
  <testcase name="testGetFilterColumnName" classname="org.molgenis.data.postgresql.PostgreSqlNameGeneratorTest" time="0.001"/>
  <testcase name="testGetFilterColumnName" classname="org.molgenis.data.postgresql.PostgreSqlNameGeneratorTest" time="0"/>
  <testcase name="testGetFilterColumnName" classname="org.molgenis.data.postgresql.PostgreSqlNameGeneratorTest" time="0.001"/>
  <testcase name="testGetFilterColumnName" classname="org.molgenis.data.postgresql.PostgreSqlNameGeneratorTest" time="0.001"/>
  <testcase name="testGetForeignKeyName" classname="org.molgenis.data.postgresql.PostgreSqlNameGeneratorTest" time="0.001"/>
  <testcase name="testGetForeignKeyName" classname="org.molgenis.data.postgresql.PostgreSqlNameGeneratorTest" time="0"/>
  <testcase name="testGetForeignKeyName" classname="org.molgenis.data.postgresql.PostgreSqlNameGeneratorTest" time="0.001"/>
  <testcase name="testGetForeignKeyName" classname="org.molgenis.data.postgresql.PostgreSqlNameGeneratorTest" time="0.001"/>
  <testcase name="testGetFunctionValidateUpdateName" classname="org.molgenis.data.postgresql.PostgreSqlNameGeneratorTest" time="0"/>
  <testcase name="testGetFunctionValidateUpdateName" classname="org.molgenis.data.postgresql.PostgreSqlNameGeneratorTest" time="0.001"/>
  <testcase name="testGetJunctionTableIndexName" classname="org.molgenis.data.postgresql.PostgreSqlNameGeneratorTest" time="0.001"/>
  <testcase name="testGetJunctionTableIndexName" classname="org.molgenis.data.postgresql.PostgreSqlNameGeneratorTest" time="0.001"/>
  <testcase name="testGetJunctionTableIndexName" classname="org.molgenis.data.postgresql.PostgreSqlNameGeneratorTest" time="0.001"/>
  <testcase name="testGetJunctionTableIndexName" classname="org.molgenis.data.postgresql.PostgreSqlNameGeneratorTest" time="0.001"/>
  <testcase name="testGetJunctionTableIndexName" classname="org.molgenis.data.postgresql.PostgreSqlNameGeneratorTest" time="0.001"/>
  <testcase name="testGetJunctionTableName" classname="org.molgenis.data.postgresql.PostgreSqlNameGeneratorTest" time="0"/>
  <testcase name="testGetJunctionTableName" classname="org.molgenis.data.postgresql.PostgreSqlNameGeneratorTest" time="0.001"/>
  <testcase name="testGetJunctionTableName" classname="org.molgenis.data.postgresql.PostgreSqlNameGeneratorTest" time="0.001"/>
  <testcase name="testGetJunctionTableName" classname="org.molgenis.data.postgresql.PostgreSqlNameGeneratorTest" time="0.001"/>
  <testcase name="testGetJunctionTableName" classname="org.molgenis.data.postgresql.PostgreSqlNameGeneratorTest" time="0.001"/>
  <testcase name="testGetJunctionTableOrderColumnName" classname="org.molgenis.data.postgresql.PostgreSqlNameGeneratorTest" time="0"/>
  <testcase name="testGetPrimaryKeyName" classname="org.molgenis.data.postgresql.PostgreSqlNameGeneratorTest" time="0"/>
  <testcase name="testGetPrimaryKeyName" classname="org.molgenis.data.postgresql.PostgreSqlNameGeneratorTest" time="0"/>
  <testcase name="testGetPrimaryKeyName" classname="org.molgenis.data.postgresql.PostgreSqlNameGeneratorTest" time="0.001"/>
  <testcase name="testGetPrimaryKeyName" classname="org.molgenis.data.postgresql.PostgreSqlNameGeneratorTest" time="0.001"/>
  <testcase name="testGetTableNameEntityType" classname="org.molgenis.data.postgresql.PostgreSqlNameGeneratorTest" time="0"/>
  <testcase name="testGetTableNameEntityType" classname="org.molgenis.data.postgresql.PostgreSqlNameGeneratorTest" time="0.001"/>
  <testcase name="testGetTableNameEntityTypeBoolean" classname="org.molgenis.data.postgresql.PostgreSqlNameGeneratorTest" time="0"/>
  <testcase name="testGetTableNameEntityTypeBoolean" classname="org.molgenis.data.postgresql.PostgreSqlNameGeneratorTest" time="0.001"/>
  <testcase name="testGetTableNameEntityTypeBoolean" classname="org.molgenis.data.postgresql.PostgreSqlNameGeneratorTest" time="0"/>
  <testcase name="testGetTableNameEntityTypeBoolean" classname="org.molgenis.data.postgresql.PostgreSqlNameGeneratorTest" time="0.001"/>
  <testcase name="testGetUniqueKeyName" classname="org.molgenis.data.postgresql.PostgreSqlNameGeneratorTest" time="0.001"/>
  <testcase name="testGetUniqueKeyName" classname="org.molgenis.data.postgresql.PostgreSqlNameGeneratorTest" time="0.001"/>
  <testcase name="testGetUniqueKeyName" classname="org.molgenis.data.postgresql.PostgreSqlNameGeneratorTest" time="0.001"/>
  <testcase name="testGetUniqueKeyName" classname="org.molgenis.data.postgresql.PostgreSqlNameGeneratorTest" time="0.001"/>
  <testcase name="testGetUpdateTriggerName" classname="org.molgenis.data.postgresql.PostgreSqlNameGeneratorTest" time="0.001"/>
  <testcase name="testGetUpdateTriggerName" classname="org.molgenis.data.postgresql.PostgreSqlNameGeneratorTest" time="0"/>
  <testcase name="testAddIntAttribute" classname="org.molgenis.data.postgresql.identifier.EntityTypeRegistryImplTest" time="0.023"/>
  <testcase name="testAddMrefAttribute" classname="org.molgenis.data.postgresql.identifier.EntityTypeRegistryImplTest" time="0.001"/>
  <testcase name="testAfterCommitTransaction" classname="org.molgenis.data.postgresql.identifier.EntityTypeRegistryImplTest" time="0.001"/>
  <testcase name="testDeleteMrefAttr" classname="org.molgenis.data.postgresql.identifier.EntityTypeRegistryImplTest" time="0.003"/>
  <testcase name="testDeleteMrefAttrInTransaction" classname="org.molgenis.data.postgresql.identifier.EntityTypeRegistryImplTest" time="0.077"/>
  <testcase name="testDeleteStringAttr" classname="org.molgenis.data.postgresql.identifier.EntityTypeRegistryImplTest" time="0.006"/>
  <testcase name="testGetEntityTypeDescription" classname="org.molgenis.data.postgresql.identifier.EntityTypeRegistryImplTest" time="0"/>
  <testcase name="testGetEntityTypeDescriptionWithinNewTransactionFallbackToCommitted" classname="org.molgenis.data.postgresql.identifier.EntityTypeRegistryImplTest" time="0"/>
  <testcase name="testGetEntityTypeDescriptionWithinNewTransactionOverrideWithRegistered" classname="org.molgenis.data.postgresql.identifier.EntityTypeRegistryImplTest" time="0.001"/>
  <testcase name="testRollbackTransaction" classname="org.molgenis.data.postgresql.identifier.EntityTypeRegistryImplTest" time="0.001"/>
  <testcase name="testUnregisterEntityType" classname="org.molgenis.data.postgresql.identifier.EntityTypeRegistryImplTest" time="0"/>
  <testcase name="testUpdateMrefAttributeName" classname="org.molgenis.data.postgresql.identifier.EntityTypeRegistryImplTest" time="0.002"/>
  <testcase name="testUpdateMrefToIntAttribute" classname="org.molgenis.data.postgresql.identifier.EntityTypeRegistryImplTest" time="0.001"/>
  <testcase name="testUpdateStringToMrefAttribute" classname="org.molgenis.data.postgresql.identifier.EntityTypeRegistryImplTest" time="0.001"/>
  <testcase name="addAttribute" classname="org.molgenis.data.postgresql.PostgreSqlRepositoryCollectionTest" time="0.022"/>
  <testcase name="addAttributeAbstractEntity" classname="org.molgenis.data.postgresql.PostgreSqlRepositoryCollectionTest" time="0.002"/>
  <testcase name="addAttributeAlreadyExists" classname="org.molgenis.data.postgresql.PostgreSqlRepositoryCollectionTest" time="0.001"/>
  <testcase name="addAttributeCompound" classname="org.molgenis.data.postgresql.PostgreSqlRepositoryCollectionTest" time="0.001"/>
  <testcase name="addAttributeDefaultValueString" classname="org.molgenis.data.postgresql.PostgreSqlRepositoryCollectionTest" time="0.005"/>
  <testcase name="addAttributeOneToManyMappedBy" classname="org.molgenis.data.postgresql.PostgreSqlRepositoryCollectionTest" time="0.002"/>
  <testcase name="addAttributeUnique" classname="org.molgenis.data.postgresql.PostgreSqlRepositoryCollectionTest" time="0.002"/>
  <testcase name="addAttributeWithExpression" classname="org.molgenis.data.postgresql.PostgreSqlRepositoryCollectionTest" time="0.001"/>
  <testcase name="deleteAttribute" classname="org.molgenis.data.postgresql.PostgreSqlRepositoryCollectionTest" time="0.001"/>
  <testcase name="deleteAttributeAbstractEntity" classname="org.molgenis.data.postgresql.PostgreSqlRepositoryCollectionTest" time="0.001"/>
  <testcase name="deleteAttributeMref" classname="org.molgenis.data.postgresql.PostgreSqlRepositoryCollectionTest" time="0"/>
  <testcase name="deleteAttributeOneToManyMappedBy" classname="org.molgenis.data.postgresql.PostgreSqlRepositoryCollectionTest" time="0.001"/>
  <testcase name="deleteAttributeUnknownAttribute" classname="org.molgenis.data.postgresql.PostgreSqlRepositoryCollectionTest" time="0.001"/>
  <testcase name="deleteAttributeWithExpression" classname="org.molgenis.data.postgresql.PostgreSqlRepositoryCollectionTest" time="0.001"/>
  <testcase name="deleteRepositoryWithReadOnlyAttribute" classname="org.molgenis.data.postgresql.PostgreSqlRepositoryCollectionTest" time="0.006"/>
  <testcase name="deleteRepositoryWithoutReadOnlyAttribute" classname="org.molgenis.data.postgresql.PostgreSqlRepositoryCollectionTest" time="0.001"/>
  <testcase name="updateAttribute" classname="org.molgenis.data.postgresql.PostgreSqlRepositoryCollectionTest" time="0.001"/>
  <testcase name="updateAttributeAbstractEntity" classname="org.molgenis.data.postgresql.PostgreSqlRepositoryCollectionTest" time="0.042"/>
  <testcase name="updateAttributeCompoundAfter" classname="org.molgenis.data.postgresql.PostgreSqlRepositoryCollectionTest" time="0.001"/>
  <testcase name="updateAttributeCompoundBefore" classname="org.molgenis.data.postgresql.PostgreSqlRepositoryCollectionTest" time="0.001"/>
  <testcase name="updateAttributeCompoundBeforeAfter" classname="org.molgenis.data.postgresql.PostgreSqlRepositoryCollectionTest" time="0.001"/>
  <testcase name="updateAttributeDataTypeToDataType" classname="org.molgenis.data.postgresql.PostgreSqlRepositoryCollectionTest" time="0.003"/>
  <testcase name="updateAttributeDataTypeToDataTypeIdAttr" classname="org.molgenis.data.postgresql.PostgreSqlRepositoryCollectionTest" time="0.001"/>
  <testcase name="updateAttributeDataTypeToSingleRefDataType" classname="org.molgenis.data.postgresql.PostgreSqlRepositoryCollectionTest" time="0.001"/>
  <testcase name="updateAttributeMultiRefDataTypeToMultiRefDataType" classname="org.molgenis.data.postgresql.PostgreSqlRepositoryCollectionTest" time="0.001"/>
  <testcase name="updateAttributeNillableToNotNillable" classname="org.molgenis.data.postgresql.PostgreSqlRepositoryCollectionTest" time="0.001"/>
  <testcase name="updateAttributeNotNillableToNillable" classname="org.molgenis.data.postgresql.PostgreSqlRepositoryCollectionTest" time="0"/>
  <testcase name="updateAttributeNotNillableToNillableIdAttr" classname="org.molgenis.data.postgresql.PostgreSqlRepositoryCollectionTest" time="0"/>
  <testcase name="updateAttributeNotUniqueToUnique" classname="org.molgenis.data.postgresql.PostgreSqlRepositoryCollectionTest" time="0.001"/>
  <testcase name="updateAttributeRefEntityMref" classname="org.molgenis.data.postgresql.PostgreSqlRepositoryCollectionTest" time="0.001"/>
  <testcase name="updateAttributeRefEntityXref" classname="org.molgenis.data.postgresql.PostgreSqlRepositoryCollectionTest" time="0.001"/>
  <testcase name="updateAttributeRefEntityXrefDifferentIdAttrType" classname="org.molgenis.data.postgresql.PostgreSqlRepositoryCollectionTest" time="0.002"/>
  <testcase name="updateAttributeSingleRefDataTypeToDataType" classname="org.molgenis.data.postgresql.PostgreSqlRepositoryCollectionTest" time="0.001"/>
  <testcase name="updateAttributeSingleRefDataTypeToSingleRefDataType" classname="org.molgenis.data.postgresql.PostgreSqlRepositoryCollectionTest" time="0"/>
  <testcase name="updateAttributeUniqueToNotUnique" classname="org.molgenis.data.postgresql.PostgreSqlRepositoryCollectionTest" time="0"/>
  <testcase name="updateAttributeUniqueToNotUniqueIdAttr" classname="org.molgenis.data.postgresql.PostgreSqlRepositoryCollectionTest" time="0.001"/>
  <testcase name="updateAttributeWithExpressionAfter" classname="org.molgenis.data.postgresql.PostgreSqlRepositoryCollectionTest" time="0.001"/>
  <testcase name="updateAttributeWithExpressionBefore" classname="org.molgenis.data.postgresql.PostgreSqlRepositoryCollectionTest" time="0.001"/>
  <testcase name="updateAttributeWithExpressionBeforeAfter" classname="org.molgenis.data.postgresql.PostgreSqlRepositoryCollectionTest" time="0"/>
  <testcase name="testGenerateIdAttribute" classname="org.molgenis.data.postgresql.PostgreSqlIdGeneratorTest" time="0"/>
  <testcase name="testGenerateIdAttribute" classname="org.molgenis.data.postgresql.PostgreSqlIdGeneratorTest" time="0.001"/>
  <testcase name="testGenerateIdAttribute" classname="org.molgenis.data.postgresql.PostgreSqlIdGeneratorTest" time="0"/>
  <testcase name="testGenerateIdAttribute" classname="org.molgenis.data.postgresql.PostgreSqlIdGeneratorTest" time="0"/>
  <testcase name="testGenerateIdAttribute" classname="org.molgenis.data.postgresql.PostgreSqlIdGeneratorTest" time="0"/>
  <testcase name="testGenerateIdEntityType" classname="org.molgenis.data.postgresql.PostgreSqlIdGeneratorTest" time="0"/>
  <testcase name="testGenerateIdEntityType" classname="org.molgenis.data.postgresql.PostgreSqlIdGeneratorTest" time="0"/>
  <testcase name="testGenerateIdEntityType" classname="org.molgenis.data.postgresql.PostgreSqlIdGeneratorTest" time="0"/>
  <testcase name="testGenerateIdEntityType" classname="org.molgenis.data.postgresql.PostgreSqlIdGeneratorTest" time="0.001"/>
  <testcase name="testTableIdGenerator" classname="org.molgenis.data.postgresql.PostgreSqlIdGeneratorTest" time="0"/>
  <testcase name="getJunctionTableAttributes" classname="org.molgenis.data.postgresql.PostgreSqlQueryUtilsTest" time="0.002"/>
  <testcase name="getPersistedAttributes" classname="org.molgenis.data.postgresql.PostgreSqlQueryUtilsTest" time="0"/>
  <testcase name="getPersistedAttributes" classname="org.molgenis.data.postgresql.PostgreSqlQueryUtilsTest" time="0"/>
  <testcase name="getPersistedAttributes" classname="org.molgenis.data.postgresql.PostgreSqlQueryUtilsTest" time="0"/>
  <testcase name="getPersistedAttributes" classname="org.molgenis.data.postgresql.PostgreSqlQueryUtilsTest" time="0"/>
  <testcase name="getPersistedAttributes" classname="org.molgenis.data.postgresql.PostgreSqlQueryUtilsTest" time="0.001"/>
  <testcase name="getPersistedAttributes" classname="org.molgenis.data.postgresql.PostgreSqlQueryUtilsTest" time="0"/>
  <testcase name="getPersistedAttributes" classname="org.molgenis.data.postgresql.PostgreSqlQueryUtilsTest" time="0.001"/>
  <testcase name="getPersistedAttributes" classname="org.molgenis.data.postgresql.PostgreSqlQueryUtilsTest" time="0"/>
  <testcase name="getPersistedAttributes" classname="org.molgenis.data.postgresql.PostgreSqlQueryUtilsTest" time="0"/>
  <testcase name="getPersistedAttributes" classname="org.molgenis.data.postgresql.PostgreSqlQueryUtilsTest" time="0.001"/>
  <testcase name="getPersistedAttributes" classname="org.molgenis.data.postgresql.PostgreSqlQueryUtilsTest" time="0"/>
  <testcase name="getPersistedAttributes" classname="org.molgenis.data.postgresql.PostgreSqlQueryUtilsTest" time="0"/>
  <testcase name="getPersistedAttributes" classname="org.molgenis.data.postgresql.PostgreSqlQueryUtilsTest" time="0.001"/>
  <testcase name="getPersistedAttributes" classname="org.molgenis.data.postgresql.PostgreSqlQueryUtilsTest" time="0.001"/>
  <testcase name="getPersistedAttributes" classname="org.molgenis.data.postgresql.PostgreSqlQueryUtilsTest" time="0"/>
  <testcase name="getPersistedAttributes" classname="org.molgenis.data.postgresql.PostgreSqlQueryUtilsTest" time="0.001"/>
  <testcase name="getPersistedAttributes" classname="org.molgenis.data.postgresql.PostgreSqlQueryUtilsTest" time="0"/>
  <testcase name="getPersistedAttributes" classname="org.molgenis.data.postgresql.PostgreSqlQueryUtilsTest" time="0.001"/>
  <testcase name="getPersistedAttributes" classname="org.molgenis.data.postgresql.PostgreSqlQueryUtilsTest" time="0"/>
  <testcase name="getPersistedAttributes" classname="org.molgenis.data.postgresql.PostgreSqlQueryUtilsTest" time="0"/>
  <testcase name="getPersistedAttributes" classname="org.molgenis.data.postgresql.PostgreSqlQueryUtilsTest" time="0"/>
  <testcase name="getPersistedAttributes" classname="org.molgenis.data.postgresql.PostgreSqlQueryUtilsTest" time="0"/>
  <testcase name="getPersistedAttributes" classname="org.molgenis.data.postgresql.PostgreSqlQueryUtilsTest" time="0"/>
  <testcase name="getPersistedAttributes" classname="org.molgenis.data.postgresql.PostgreSqlQueryUtilsTest" time="0"/>
  <testcase name="getPersistedAttributes" classname="org.molgenis.data.postgresql.PostgreSqlQueryUtilsTest" time="0"/>
  <testcase name="getPersistedAttributes" classname="org.molgenis.data.postgresql.PostgreSqlQueryUtilsTest" time="0.001"/>
  <testcase name="getPersistedAttributes" classname="org.molgenis.data.postgresql.PostgreSqlQueryUtilsTest" time="0"/>
  <testcase name="getPersistedAttributes" classname="org.molgenis.data.postgresql.PostgreSqlQueryUtilsTest" time="0"/>
  <testcase name="getPersistedAttributes" classname="org.molgenis.data.postgresql.PostgreSqlQueryUtilsTest" time="0.001"/>
  <testcase name="getPersistedAttributes" classname="org.molgenis.data.postgresql.PostgreSqlQueryUtilsTest" time="0"/>
  <testcase name="getPersistedAttributes" classname="org.molgenis.data.postgresql.PostgreSqlQueryUtilsTest" time="0"/>
  <testcase name="getPersistedAttributes" classname="org.molgenis.data.postgresql.PostgreSqlQueryUtilsTest" time="0.001"/>
  <testcase name="getPersistedAttributes" classname="org.molgenis.data.postgresql.PostgreSqlQueryUtilsTest" time="0"/>
  <testcase name="getPersistedAttributes" classname="org.molgenis.data.postgresql.PostgreSqlQueryUtilsTest" time="0"/>
  <testcase name="getPersistedAttributes" classname="org.molgenis.data.postgresql.PostgreSqlQueryUtilsTest" time="0"/>
  <testcase name="getPersistedAttributes" classname="org.molgenis.data.postgresql.PostgreSqlQueryUtilsTest" time="0.001"/>
  <testcase name="getPersistedAttributes" classname="org.molgenis.data.postgresql.PostgreSqlQueryUtilsTest" time="0.001"/>
  <testcase name="getPersistedAttributes" classname="org.molgenis.data.postgresql.PostgreSqlQueryUtilsTest" time="0"/>
  <testcase name="getPersistedAttributes" classname="org.molgenis.data.postgresql.PostgreSqlQueryUtilsTest" time="0"/>
  <testcase name="getPersistedAttributes" classname="org.molgenis.data.postgresql.PostgreSqlQueryUtilsTest" time="0.001"/>
  <testcase name="getTableAttributes" classname="org.molgenis.data.postgresql.PostgreSqlQueryUtilsTest" time="0.001"/>
  <testcase name="isTableAttributeMrefAttr" classname="org.molgenis.data.postgresql.PostgreSqlQueryUtilsTest" time="0.001"/>
  <testcase name="isTableAttributeStringAttr" classname="org.molgenis.data.postgresql.PostgreSqlQueryUtilsTest" time="0"/>
  <testcase name="doGetTransaction" classname="org.molgenis.data.postgresql.transaction.PostgreSqlTransactionManagerTest" time="0.004"/>
  <testcase name="generateSqlColumnDefaultConstraint" classname="org.molgenis.data.postgresql.PostgreSqlQueryGeneratorTest" time="0"/>
  <testcase name="generateSqlColumnDefaultConstraint" classname="org.molgenis.data.postgresql.PostgreSqlQueryGeneratorTest" time="0"/>
  <testcase name="generateSqlColumnDefaultConstraint" classname="org.molgenis.data.postgresql.PostgreSqlQueryGeneratorTest" time="0"/>
  <testcase name="generateSqlColumnDefaultConstraint" classname="org.molgenis.data.postgresql.PostgreSqlQueryGeneratorTest" time="0"/>
  <testcase name="getJunctionTableSelect" classname="org.molgenis.data.postgresql.PostgreSqlQueryGeneratorTest" time="0.004"/>
  <testcase name="getSqlAddColumn" classname="org.molgenis.data.postgresql.PostgreSqlQueryGeneratorTest" time="0"/>
  <testcase name="getSqlAddColumn" classname="org.molgenis.data.postgresql.PostgreSqlQueryGeneratorTest" time="0.003"/>
  <testcase name="getSqlAddColumn" classname="org.molgenis.data.postgresql.PostgreSqlQueryGeneratorTest" time="0.001"/>
  <testcase name="getSqlAddColumn" classname="org.molgenis.data.postgresql.PostgreSqlQueryGeneratorTest" time="0.001"/>
  <testcase name="getSqlAddColumn" classname="org.molgenis.data.postgresql.PostgreSqlQueryGeneratorTest" time="0"/>
  <testcase name="getSqlAddColumn" classname="org.molgenis.data.postgresql.PostgreSqlQueryGeneratorTest" time="0"/>
  <testcase name="getSqlAddColumn" classname="org.molgenis.data.postgresql.PostgreSqlQueryGeneratorTest" time="0.002"/>
  <testcase name="getSqlAddColumn" classname="org.molgenis.data.postgresql.PostgreSqlQueryGeneratorTest" time="0.001"/>
  <testcase name="getSqlAddColumn" classname="org.molgenis.data.postgresql.PostgreSqlQueryGeneratorTest" time="0.001"/>
  <testcase name="getSqlAddColumn" classname="org.molgenis.data.postgresql.PostgreSqlQueryGeneratorTest" time="0"/>
  <testcase name="getSqlAddColumn" classname="org.molgenis.data.postgresql.PostgreSqlQueryGeneratorTest" time="0.001"/>
  <testcase name="getSqlAddColumn" classname="org.molgenis.data.postgresql.PostgreSqlQueryGeneratorTest" time="0.001"/>
  <testcase name="getSqlAddColumn" classname="org.molgenis.data.postgresql.PostgreSqlQueryGeneratorTest" time="0.001"/>
  <testcase name="getSqlAddColumn" classname="org.molgenis.data.postgresql.PostgreSqlQueryGeneratorTest" time="0"/>
  <testcase name="getSqlAddColumn" classname="org.molgenis.data.postgresql.PostgreSqlQueryGeneratorTest" time="0.001"/>
  <testcase name="getSqlAddColumn" classname="org.molgenis.data.postgresql.PostgreSqlQueryGeneratorTest" time="0.001"/>
  <testcase name="getSqlAddColumn" classname="org.molgenis.data.postgresql.PostgreSqlQueryGeneratorTest" time="0.001"/>
  <testcase name="getSqlAddColumn" classname="org.molgenis.data.postgresql.PostgreSqlQueryGeneratorTest" time="0.001"/>
  <testcase name="getSqlAddColumn" classname="org.molgenis.data.postgresql.PostgreSqlQueryGeneratorTest" time="0"/>
  <testcase name="getSqlAddColumn" classname="org.molgenis.data.postgresql.PostgreSqlQueryGeneratorTest" time="0.001"/>
  <testcase name="getSqlAddColumn" classname="org.molgenis.data.postgresql.PostgreSqlQueryGeneratorTest" time="0"/>
  <testcase name="getSqlAddColumn" classname="org.molgenis.data.postgresql.PostgreSqlQueryGeneratorTest" time="0"/>
  <testcase name="getSqlAddColumn" classname="org.molgenis.data.postgresql.PostgreSqlQueryGeneratorTest" time="0.001"/>
  <testcase name="getSqlAddColumn" classname="org.molgenis.data.postgresql.PostgreSqlQueryGeneratorTest" time="0.001"/>
  <testcase name="getSqlAddColumn" classname="org.molgenis.data.postgresql.PostgreSqlQueryGeneratorTest" time="0"/>
  <testcase name="getSqlAddColumn" classname="org.molgenis.data.postgresql.PostgreSqlQueryGeneratorTest" time="0.001"/>
  <testcase name="getSqlAddColumn" classname="org.molgenis.data.postgresql.PostgreSqlQueryGeneratorTest" time="0"/>
  <testcase name="getSqlAddColumn" classname="org.molgenis.data.postgresql.PostgreSqlQueryGeneratorTest" time="0.001"/>
  <testcase name="getSqlAddColumn" classname="org.molgenis.data.postgresql.PostgreSqlQueryGeneratorTest" time="0.001"/>
  <testcase name="getSqlAddColumn" classname="org.molgenis.data.postgresql.PostgreSqlQueryGeneratorTest" time="0"/>
  <testcase name="getSqlAddColumn" classname="org.molgenis.data.postgresql.PostgreSqlQueryGeneratorTest" time="0.001"/>
  <testcase name="getSqlAddColumn" classname="org.molgenis.data.postgresql.PostgreSqlQueryGeneratorTest" time="0.001"/>
  <testcase name="getSqlAddColumn" classname="org.molgenis.data.postgresql.PostgreSqlQueryGeneratorTest" time="0"/>
  <testcase name="getSqlAddColumn" classname="org.molgenis.data.postgresql.PostgreSqlQueryGeneratorTest" time="0.007"/>
  <testcase name="getSqlAddColumn" classname="org.molgenis.data.postgresql.PostgreSqlQueryGeneratorTest" time="0.019"/>
  <testcase name="getSqlAddColumn" classname="org.molgenis.data.postgresql.PostgreSqlQueryGeneratorTest" time="0.018"/>
  <testcase name="getSqlAddColumn" classname="org.molgenis.data.postgresql.PostgreSqlQueryGeneratorTest" time="0.001"/>
  <testcase name="getSqlAddColumn" classname="org.molgenis.data.postgresql.PostgreSqlQueryGeneratorTest" time="0.001"/>
  <testcase name="getSqlAddColumn" classname="org.molgenis.data.postgresql.PostgreSqlQueryGeneratorTest" time="0"/>
  <testcase name="getSqlAddColumn" classname="org.molgenis.data.postgresql.PostgreSqlQueryGeneratorTest" time="0.001"/>
  <testcase name="getSqlAddColumn" classname="org.molgenis.data.postgresql.PostgreSqlQueryGeneratorTest" time="0.001"/>
  <testcase name="getSqlAddColumn" classname="org.molgenis.data.postgresql.PostgreSqlQueryGeneratorTest" time="0"/>
  <testcase name="getSqlAddColumn" classname="org.molgenis.data.postgresql.PostgreSqlQueryGeneratorTest" time="0.001"/>
  <testcase name="getSqlAddColumn" classname="org.molgenis.data.postgresql.PostgreSqlQueryGeneratorTest" time="0.001"/>
  <testcase name="getSqlAddColumn" classname="org.molgenis.data.postgresql.PostgreSqlQueryGeneratorTest" time="0"/>
  <testcase name="getSqlAddColumn" classname="org.molgenis.data.postgresql.PostgreSqlQueryGeneratorTest" time="0.001"/>
  <testcase name="getSqlAddColumn" classname="org.molgenis.data.postgresql.PostgreSqlQueryGeneratorTest" time="0"/>
  <testcase name="getSqlAddColumn" classname="org.molgenis.data.postgresql.PostgreSqlQueryGeneratorTest" time="0.001"/>
  <testcase name="getSqlAddColumn" classname="org.molgenis.data.postgresql.PostgreSqlQueryGeneratorTest" time="0.001"/>
  <testcase name="getSqlAddColumnInvalidType" classname="org.molgenis.data.postgresql.PostgreSqlQueryGeneratorTest" time="0"/>
  <testcase name="getSqlAddColumnInvalidType" classname="org.molgenis.data.postgresql.PostgreSqlQueryGeneratorTest" time="0.001"/>
  <testcase name="getSqlAddColumnInvalidType" classname="org.molgenis.data.postgresql.PostgreSqlQueryGeneratorTest" time="0"/>
  <testcase name="getSqlAddColumnInvalidType" classname="org.molgenis.data.postgresql.PostgreSqlQueryGeneratorTest" time="0"/>
  <testcase name="getSqlAddColumnInvalidType" classname="org.molgenis.data.postgresql.PostgreSqlQueryGeneratorTest" time="0.001"/>
  <testcase name="getSqlAddColumnInvalidType" classname="org.molgenis.data.postgresql.PostgreSqlQueryGeneratorTest" time="0"/>
  <testcase name="getSqlCreateCheckConstraint" classname="org.molgenis.data.postgresql.PostgreSqlQueryGeneratorTest" time="0.001"/>
  <testcase name="getSqlCreateCheckConstraintWrongDataType" classname="org.molgenis.data.postgresql.PostgreSqlQueryGeneratorTest" time="0"/>
  <testcase name="getSqlCreateForeignKey" classname="org.molgenis.data.postgresql.PostgreSqlQueryGeneratorTest" time="0.001"/>
  <testcase name="getSqlCreateForeignKeySelfReferencing" classname="org.molgenis.data.postgresql.PostgreSqlQueryGeneratorTest" time="0"/>
  <testcase name="getSqlCreateFunctionValidateUpdate" classname="org.molgenis.data.postgresql.PostgreSqlQueryGeneratorTest" time="0.002"/>
  <testcase name="getSqlCreateJunctionTable" classname="org.molgenis.data.postgresql.PostgreSqlQueryGeneratorTest" time="0.001"/>
  <testcase name="getSqlCreateJunctionTableIndex" classname="org.molgenis.data.postgresql.PostgreSqlQueryGeneratorTest" time="0.001"/>
  <testcase name="getSqlCreateJunctionTableSelfReferencing" classname="org.molgenis.data.postgresql.PostgreSqlQueryGeneratorTest" time="0"/>
  <testcase name="getSqlCreateTable" classname="org.molgenis.data.postgresql.PostgreSqlQueryGeneratorTest" time="0.032"/>
  <testcase name="getSqlCreateUniqueKey" classname="org.molgenis.data.postgresql.PostgreSqlQueryGeneratorTest" time="0.001"/>
  <testcase name="getSqlCreateUpdateTrigger" classname="org.molgenis.data.postgresql.PostgreSqlQueryGeneratorTest" time="0.001"/>
  <testcase name="getSqlDropCheckConstraint" classname="org.molgenis.data.postgresql.PostgreSqlQueryGeneratorTest" time="0"/>
  <testcase name="getSqlDropCheckConstraintWrongDataType" classname="org.molgenis.data.postgresql.PostgreSqlQueryGeneratorTest" time="0.001"/>
  <testcase name="getSqlDropColumn" classname="org.molgenis.data.postgresql.PostgreSqlQueryGeneratorTest" time="0"/>
  <testcase name="getSqlDropColumnDefault" classname="org.molgenis.data.postgresql.PostgreSqlQueryGeneratorTest" time="0.001"/>
  <testcase name="getSqlDropForeignKey" classname="org.molgenis.data.postgresql.PostgreSqlQueryGeneratorTest" time="0"/>
  <testcase name="getSqlDropFunctionValidateUpdate" classname="org.molgenis.data.postgresql.PostgreSqlQueryGeneratorTest" time="0"/>
  <testcase name="getSqlDropNotNull" classname="org.molgenis.data.postgresql.PostgreSqlQueryGeneratorTest" time="0"/>
  <testcase name="getSqlDropUniqueKey" classname="org.molgenis.data.postgresql.PostgreSqlQueryGeneratorTest" time="0"/>
  <testcase name="getSqlDropUpdateTrigger" classname="org.molgenis.data.postgresql.PostgreSqlQueryGeneratorTest" time="0.001"/>
  <testcase name="getSqlFrom" classname="org.molgenis.data.postgresql.PostgreSqlQueryGeneratorTest" time="0.06"/>
  <testcase name="getSqlInsertJunction" classname="org.molgenis.data.postgresql.PostgreSqlQueryGeneratorTest" time="0.001"/>
  <testcase name="getSqlInsertJunctionInversedBy" classname="org.molgenis.data.postgresql.PostgreSqlQueryGeneratorTest" time="0"/>
  <testcase name="getSqlSelectMref" classname="org.molgenis.data.postgresql.PostgreSqlQueryGeneratorTest" time="0.001"/>
  <testcase name="getSqlSelectOneToManyMappedBy" classname="org.molgenis.data.postgresql.PostgreSqlQueryGeneratorTest" time="0.002"/>
  <testcase name="getSqlSelectOneToManyMappedBy" classname="org.molgenis.data.postgresql.PostgreSqlQueryGeneratorTest" time="0.006"/>
  <testcase name="getSqlSelectOneToManyMappedBy" classname="org.molgenis.data.postgresql.PostgreSqlQueryGeneratorTest" time="0.001"/>
  <testcase name="getSqlSelectXref" classname="org.molgenis.data.postgresql.PostgreSqlQueryGeneratorTest" time="0.001"/>
  <testcase name="getSqlSelectXrefInversed" classname="org.molgenis.data.postgresql.PostgreSqlQueryGeneratorTest" time="0.001"/>
  <testcase name="getSqlSetNotNull" classname="org.molgenis.data.postgresql.PostgreSqlQueryGeneratorTest" time="0"/>
  <testcase name="getSqlSortNoSort" classname="org.molgenis.data.postgresql.PostgreSqlQueryGeneratorTest" time="0.001"/>
  <testcase name="getSqlSortOnUnselectedMref" classname="org.molgenis.data.postgresql.PostgreSqlQueryGeneratorTest" time="0.001"/>
  <testcase name="getSqlSortSortWithUniqueAttribute" classname="org.molgenis.data.postgresql.PostgreSqlQueryGeneratorTest" time="0"/>
  <testcase name="getSqlSortSortWithoutUniqueAttribute" classname="org.molgenis.data.postgresql.PostgreSqlQueryGeneratorTest" time="0"/>
  <testcase name="getSqlWhere" classname="org.molgenis.data.postgresql.PostgreSqlQueryGeneratorTest" time="0.005"/>
  <testcase name="countQueryOneToManyEquals" classname="org.molgenis.data.postgresql.PostgreSqlRepositoryTest" time="0.003"/>
  <testcase name="findAllQueryOneToManyEquals" classname="org.molgenis.data.postgresql.PostgreSqlRepositoryTest" time="0.028"/>
  <testcase name="testAddEntityNull" classname="org.molgenis.data.postgresql.PostgreSqlRepositoryTest" time="0.001"/>
  <testcase name="testMrefIdRowCallbackHandlerInvalidType" classname="org.molgenis.data.postgresql.PostgreSqlRepositoryTest" time="0.129"/>
  <testcase name="testMrefIdRowCallbackHandlerInvalidType" classname="org.molgenis.data.postgresql.PostgreSqlRepositoryTest" time="0"/>
  <testcase name="testMrefIdRowCallbackHandlerString" classname="org.molgenis.data.postgresql.PostgreSqlRepositoryTest" time="0.007"/>
  <testcase name="testMrefIdRowCallbackHandlerString" classname="org.molgenis.data.postgresql.PostgreSqlRepositoryTest" time="0"/>
  <testcase name="testMrefIdRowCallbackHandlerString" classname="org.molgenis.data.postgresql.PostgreSqlRepositoryTest" time="0"/>
  <testcase name="testMrefValueTooLong" classname="org.molgenis.data.postgresql.PostgreSqlRepositoryTest" time="0.007"/>
  <testcase name="testUpdateEntitiesExist" classname="org.molgenis.data.postgresql.PostgreSqlRepositoryTest" time="0.005"/>
  <testcase name="testUpdateEntityDoesNotExist" classname="org.molgenis.data.postgresql.PostgreSqlRepositoryTest" time="0.015"/>
  <testcase name="testAddAttribute" classname="org.molgenis.data.postgresql.PostgreSqlRepositoryCollectionDecoratorTest" time="0.003"/>
  <testcase name="testCreateRepository" classname="org.molgenis.data.postgresql.PostgreSqlRepositoryCollectionDecoratorTest" time="0.001"/>
  <testcase name="testDeleteAttribute" classname="org.molgenis.data.postgresql.PostgreSqlRepositoryCollectionDecoratorTest" time="0"/>
  <testcase name="testDeleteRepository" classname="org.molgenis.data.postgresql.PostgreSqlRepositoryCollectionDecoratorTest" time="0"/>
  <testcase name="testUpdateAttribute" classname="org.molgenis.data.postgresql.PostgreSqlRepositoryCollectionDecoratorTest" time="0"/>
  <testcase name="createRowMapperOneToMany" classname="org.molgenis.data.postgresql.PostgreSqlEntityFactoryTest" time="0.013"/>
  <testcase name="createRowMapperOneToManyIntegerIds" classname="org.molgenis.data.postgresql.PostgreSqlEntityFactoryTest" time="0.001"/>
  <testcase name="createRowMapperXref" classname="org.molgenis.data.postgresql.PostgreSqlEntityFactoryTest" time="0.001"/>
  <testcase name="getPostgreSqlValue" classname="org.molgenis.data.postgresql.PostgreSqlUtilsTest" time="0"/>
  <testcase name="getPostgreSqlValue" classname="org.molgenis.data.postgresql.PostgreSqlUtilsTest" time="0"/>
  <testcase name="getPostgreSqlValue" classname="org.molgenis.data.postgresql.PostgreSqlUtilsTest" time="0"/>
  <testcase name="getPostgreSqlValue" classname="org.molgenis.data.postgresql.PostgreSqlUtilsTest" time="0"/>
  <testcase name="getPostgreSqlValue" classname="org.molgenis.data.postgresql.PostgreSqlUtilsTest" time="0.001"/>
  <testcase name="getPostgreSqlValue" classname="org.molgenis.data.postgresql.PostgreSqlUtilsTest" time="0"/>
  <testcase name="getPostgreSqlValue" classname="org.molgenis.data.postgresql.PostgreSqlUtilsTest" time="0"/>
  <testcase name="getPostgreSqlValue" classname="org.molgenis.data.postgresql.PostgreSqlUtilsTest" time="0.001"/>
  <testcase name="getPostgreSqlValue" classname="org.molgenis.data.postgresql.PostgreSqlUtilsTest" time="0"/>
  <testcase name="getPostgreSqlValue" classname="org.molgenis.data.postgresql.PostgreSqlUtilsTest" time="0"/>
  <testcase name="getPostgreSqlValue" classname="org.molgenis.data.postgresql.PostgreSqlUtilsTest" time="0"/>
  <testcase name="getPostgreSqlValue" classname="org.molgenis.data.postgresql.PostgreSqlUtilsTest" time="0"/>
  <testcase name="getPostgreSqlValue" classname="org.molgenis.data.postgresql.PostgreSqlUtilsTest" time="0"/>
  <testcase name="getPostgreSqlValue" classname="org.molgenis.data.postgresql.PostgreSqlUtilsTest" time="0"/>
  <testcase name="getPostgreSqlValue" classname="org.molgenis.data.postgresql.PostgreSqlUtilsTest" time="0"/>
  <testcase name="getPostgreSqlValue" classname="org.molgenis.data.postgresql.PostgreSqlUtilsTest" time="0"/>
  <testcase name="getPostgreSqlValue" classname="org.molgenis.data.postgresql.PostgreSqlUtilsTest" time="0"/>
  <testcase name="getPostgreSqlValue" classname="org.molgenis.data.postgresql.PostgreSqlUtilsTest" time="0"/>
  <testcase name="getPostgreSqlValue" classname="org.molgenis.data.postgresql.PostgreSqlUtilsTest" time="0.001"/>
  <testcase name="getPostgreSqlValue" classname="org.molgenis.data.postgresql.PostgreSqlUtilsTest" time="0"/>
  <testcase name="getPostgreSqlValue" classname="org.molgenis.data.postgresql.PostgreSqlUtilsTest" time="0"/>
  <testcase name="getPostgreSqlValue" classname="org.molgenis.data.postgresql.PostgreSqlUtilsTest" time="0"/>
  <testcase name="getPostgreSqlValue" classname="org.molgenis.data.postgresql.PostgreSqlUtilsTest" time="0"/>
  <testcase name="getPostgreSqlValue" classname="org.molgenis.data.postgresql.PostgreSqlUtilsTest" time="0"/>
  <testcase name="getPostgreSqlValue" classname="org.molgenis.data.postgresql.PostgreSqlUtilsTest" time="0"/>
  <testcase name="getPostgreSqlValue" classname="org.molgenis.data.postgresql.PostgreSqlUtilsTest" time="0"/>
  <testcase name="getPostgreSqlValue" classname="org.molgenis.data.postgresql.PostgreSqlUtilsTest" time="0"/>
  <testcase name="getPostgreSqlValue" classname="org.molgenis.data.postgresql.PostgreSqlUtilsTest" time="0.001"/>
  <testcase name="getPostgreSqlValue" classname="org.molgenis.data.postgresql.PostgreSqlUtilsTest" time="0"/>
  <testcase name="getPostgreSqlValue" classname="org.molgenis.data.postgresql.PostgreSqlUtilsTest" time="0"/>
  <testcase name="getPostgreSqlValue" classname="org.molgenis.data.postgresql.PostgreSqlUtilsTest" time="0"/>
  <testcase name="getPostgreSqlValue" classname="org.molgenis.data.postgresql.PostgreSqlUtilsTest" time="0"/>
  <testcase name="getPostgreSqlValue" classname="org.molgenis.data.postgresql.PostgreSqlUtilsTest" time="0"/>
  <testcase name="getPostgreSqlValue" classname="org.molgenis.data.postgresql.PostgreSqlUtilsTest" time="0"/>
  <testcase name="getPostgreSqlValue" classname="org.molgenis.data.postgresql.PostgreSqlUtilsTest" time="0"/>
  <testcase name="getPostgreSqlValue" classname="org.molgenis.data.postgresql.PostgreSqlUtilsTest" time="0.001"/>
  <testcase name="getPostgreSqlValue" classname="org.molgenis.data.postgresql.PostgreSqlUtilsTest" time="0"/>
  <testcase name="getPostgreSqlValueCompound" classname="org.molgenis.data.postgresql.PostgreSqlUtilsTest" time="0"/>
  <testcase name="getPostgreSqlValueQuery" classname="org.molgenis.data.postgresql.PostgreSqlUtilsTest" time="0"/>
  <testcase name="getPostgreSqlValueQuery" classname="org.molgenis.data.postgresql.PostgreSqlUtilsTest" time="0.001"/>
  <testcase name="getPostgreSqlValueQuery" classname="org.molgenis.data.postgresql.PostgreSqlUtilsTest" time="0"/>
  <testcase name="getPostgreSqlValueQuery" classname="org.molgenis.data.postgresql.PostgreSqlUtilsTest" time="0"/>
  <testcase name="getPostgreSqlValueQuery" classname="org.molgenis.data.postgresql.PostgreSqlUtilsTest" time="0"/>
  <testcase name="getPostgreSqlValueQuery" classname="org.molgenis.data.postgresql.PostgreSqlUtilsTest" time="0"/>
  <testcase name="getPostgreSqlValueQuery" classname="org.molgenis.data.postgresql.PostgreSqlUtilsTest" time="0"/>
  <testcase name="getPostgreSqlValueQuery" classname="org.molgenis.data.postgresql.PostgreSqlUtilsTest" time="0"/>
  <testcase name="getPostgreSqlValueQuery" classname="org.molgenis.data.postgresql.PostgreSqlUtilsTest" time="0"/>
  <testcase name="getPostgreSqlValueQuery" classname="org.molgenis.data.postgresql.PostgreSqlUtilsTest" time="0"/>
  <testcase name="getPostgreSqlValueQuery" classname="org.molgenis.data.postgresql.PostgreSqlUtilsTest" time="0.001"/>
  <testcase name="getPostgreSqlValueQuery" classname="org.molgenis.data.postgresql.PostgreSqlUtilsTest" time="0"/>
  <testcase name="getPostgreSqlValueQuery" classname="org.molgenis.data.postgresql.PostgreSqlUtilsTest" time="0"/>
  <testcase name="getPostgreSqlValueQuery" classname="org.molgenis.data.postgresql.PostgreSqlUtilsTest" time="0"/>
  <testcase name="getPostgreSqlValueQuery" classname="org.molgenis.data.postgresql.PostgreSqlUtilsTest" time="0"/>
  <testcase name="getPostgreSqlValueQuery" classname="org.molgenis.data.postgresql.PostgreSqlUtilsTest" time="0"/>
  <testcase name="getPostgreSqlValueQuery" classname="org.molgenis.data.postgresql.PostgreSqlUtilsTest" time="0"/>
  <testcase name="getPostgreSqlValueQuery" classname="org.molgenis.data.postgresql.PostgreSqlUtilsTest" time="0.001"/>
  <testcase name="getPostgreSqlValueQuery" classname="org.molgenis.data.postgresql.PostgreSqlUtilsTest" time="0"/>
  <testcase name="getPostgreSqlValueQuery" classname="org.molgenis.data.postgresql.PostgreSqlUtilsTest" time="0"/>
  <testcase name="getPostgreSqlValueQuery" classname="org.molgenis.data.postgresql.PostgreSqlUtilsTest" time="0"/>
  <testcase name="getPostgreSqlValueQuery" classname="org.molgenis.data.postgresql.PostgreSqlUtilsTest" time="0"/>
  <testcase name="getPostgreSqlValueQuery" classname="org.molgenis.data.postgresql.PostgreSqlUtilsTest" time="0"/>
  <testcase name="getPostgreSqlValueQuery" classname="org.molgenis.data.postgresql.PostgreSqlUtilsTest" time="0"/>
  <testcase name="getPostgreSqlValueQuery" classname="org.molgenis.data.postgresql.PostgreSqlUtilsTest" time="0"/>
  <testcase name="getPostgreSqlValueQuery" classname="org.molgenis.data.postgresql.PostgreSqlUtilsTest" time="0"/>
  <testcase name="getPostgreSqlValueQuery" classname="org.molgenis.data.postgresql.PostgreSqlUtilsTest" time="0.001"/>
  <testcase name="getPostgreSqlValueQuery" classname="org.molgenis.data.postgresql.PostgreSqlUtilsTest" time="0"/>
  <testcase name="getPostgreSqlValueQuery" classname="org.molgenis.data.postgresql.PostgreSqlUtilsTest" time="0"/>
  <testcase name="getPostgreSqlValueQuery" classname="org.molgenis.data.postgresql.PostgreSqlUtilsTest" time="0"/>
  <testcase name="getPostgreSqlValueQuery" classname="org.molgenis.data.postgresql.PostgreSqlUtilsTest" time="0"/>
  <testcase name="getPostgreSqlValueQuery" classname="org.molgenis.data.postgresql.PostgreSqlUtilsTest" time="0"/>
  <testcase name="getPostgreSqlValueQuery" classname="org.molgenis.data.postgresql.PostgreSqlUtilsTest" time="0"/>
  <testcase name="getPostgreSqlValueQuery" classname="org.molgenis.data.postgresql.PostgreSqlUtilsTest" time="0"/>
  <testcase name="getPostgreSqlValueQuery" classname="org.molgenis.data.postgresql.PostgreSqlUtilsTest" time="0"/>
  <testcase name="getPostgreSqlValueQuery" classname="org.molgenis.data.postgresql.PostgreSqlUtilsTest" time="0"/>
  <testcase name="getPostgreSqlValueQuery" classname="org.molgenis.data.postgresql.PostgreSqlUtilsTest" time="0"/>
  <testcase name="getPostgreSqlValueQuery" classname="org.molgenis.data.postgresql.PostgreSqlUtilsTest" time="0"/>
  <testcase name="getPostgreSqlValueQuery" classname="org.molgenis.data.postgresql.PostgreSqlUtilsTest" time="0"/>
  <testcase name="getPostgreSqlValueQuery" classname="org.molgenis.data.postgresql.PostgreSqlUtilsTest" time="0"/>
  <testcase name="getPostgreSqlValueQuery" classname="org.molgenis.data.postgresql.PostgreSqlUtilsTest" time="0"/>
  <testcase name="getPostgreSqlValueQuery" classname="org.molgenis.data.postgresql.PostgreSqlUtilsTest" time="0"/>
  <testcase name="getPostgreSqlValueQuery" classname="org.molgenis.data.postgresql.PostgreSqlUtilsTest" time="0"/>
  <testcase name="getPostgreSqlValueQuery" classname="org.molgenis.data.postgresql.PostgreSqlUtilsTest" time="0"/>
  <testcase name="getPostgreSqlValueQueryCompound" classname="org.molgenis.data.postgresql.PostgreSqlUtilsTest" time="0.001"/>
  <testcase name="getPostgreSqlValueQueryException" classname="org.molgenis.data.postgresql.PostgreSqlUtilsTest" time="0.001"/>
  <testcase name="getPostgreSqlValueQueryException" classname="org.molgenis.data.postgresql.PostgreSqlUtilsTest" time="0"/>
  <testcase name="getPostgreSqlValueQueryException" classname="org.molgenis.data.postgresql.PostgreSqlUtilsTest" time="0"/>
  <testcase name="getPostgreSqlValueQueryException" classname="org.molgenis.data.postgresql.PostgreSqlUtilsTest" time="0"/>
  <testcase name="getPostgreSqlValueQueryException" classname="org.molgenis.data.postgresql.PostgreSqlUtilsTest" time="0.001"/>
  <testcase name="getPostgreSqlValueQueryException" classname="org.molgenis.data.postgresql.PostgreSqlUtilsTest" time="0"/>
  <testcase name="getPostgreSqlValueQueryException" classname="org.molgenis.data.postgresql.PostgreSqlUtilsTest" time="0"/>
  <testcase name="getPostgreSqlValueQueryException" classname="org.molgenis.data.postgresql.PostgreSqlUtilsTest" time="0"/>
  <testcase name="getPostgreSqlValueQueryException" classname="org.molgenis.data.postgresql.PostgreSqlUtilsTest" time="0"/>
  <testcase name="getPostgreSqlValueQueryException" classname="org.molgenis.data.postgresql.PostgreSqlUtilsTest" time="0"/>
  <testcase name="getPostgreSqlValueQueryException" classname="org.molgenis.data.postgresql.PostgreSqlUtilsTest" time="0"/>
  <testcase name="getPostgreSqlValueQueryException" classname="org.molgenis.data.postgresql.PostgreSqlUtilsTest" time="0"/>
  <testcase name="getPostgreSqlValueQueryException" classname="org.molgenis.data.postgresql.PostgreSqlUtilsTest" time="0"/>
  <testcase name="getPostgreSqlValueQueryException" classname="org.molgenis.data.postgresql.PostgreSqlUtilsTest" time="0.001"/>
  <testcase name="getPostgreSqlValueQueryException" classname="org.molgenis.data.postgresql.PostgreSqlUtilsTest" time="0"/>
  <testcase name="getPostgreSqlValueQueryException" classname="org.molgenis.data.postgresql.PostgreSqlUtilsTest" time="0"/>
  <testcase name="getPostgreSqlValueQueryException" classname="org.molgenis.data.postgresql.PostgreSqlUtilsTest" time="0"/>
  <testcase name="getPostgreSqlValueQueryException" classname="org.molgenis.data.postgresql.PostgreSqlUtilsTest" time="0.001"/>
  <testcase name="getPostgreSqlValueQueryException" classname="org.molgenis.data.postgresql.PostgreSqlUtilsTest" time="0"/>
  <testcase name="getPostgreSqlValueQueryException" classname="org.molgenis.data.postgresql.PostgreSqlUtilsTest" time="0"/>
  <testcase name="getPostgreSqlValueQueryException" classname="org.molgenis.data.postgresql.PostgreSqlUtilsTest" time="0"/>
  <testcase name="getPostgreSqlValueQueryException" classname="org.molgenis.data.postgresql.PostgreSqlUtilsTest" time="0"/>
  <testcase name="getPostgreSqlValueQueryException" classname="org.molgenis.data.postgresql.PostgreSqlUtilsTest" time="0.001"/>
  <testcase name="PostgreSqlExceptionTranslator" classname="org.molgenis.data.postgresql.PostgreSqlExceptionTranslatorTest" time="0.001"/>
  <testcase name="translateCheckConstraintViolation" classname="org.molgenis.data.postgresql.PostgreSqlExceptionTranslatorTest" time="0.035"/>
  <testcase name="translateDependentObjectsStillExistMultipleDependentTables" classname="org.molgenis.data.postgresql.PostgreSqlExceptionTranslatorTest" time="0.003"/>
  <testcase name="translateDependentObjectsStillExistNoDoubleQuotes" classname="org.molgenis.data.postgresql.PostgreSqlExceptionTranslatorTest" time="0.001"/>
  <testcase name="translateDependentObjectsStillExistOneDependentTableMultipleDependencies" classname="org.molgenis.data.postgresql.PostgreSqlExceptionTranslatorTest" time="0"/>
  <testcase name="translateDependentObjectsStillExistOneDependentTableSingleDependency" classname="org.molgenis.data.postgresql.PostgreSqlExceptionTranslatorTest" time="0.001"/>
  <testcase name="translateForeignKeyViolation" classname="org.molgenis.data.postgresql.PostgreSqlExceptionTranslatorTest" time="0"/>
  <testcase name="translateForeignKeyViolationBadMessage" classname="org.molgenis.data.postgresql.PostgreSqlExceptionTranslatorTest" time="0.001"/>
  <testcase name="translateForeignKeyViolationNotPresent" classname="org.molgenis.data.postgresql.PostgreSqlExceptionTranslatorTest" time="0"/>
  <testcase name="translateForeignKeyViolationStillReferenced" classname="org.molgenis.data.postgresql.PostgreSqlExceptionTranslatorTest" time="0"/>
  <testcase name="translateInvalidIntegerExceptionBoolean" classname="org.molgenis.data.postgresql.PostgreSqlExceptionTranslatorTest" time="0"/>
  <testcase name="translateInvalidIntegerExceptionDate" classname="org.molgenis.data.postgresql.PostgreSqlExceptionTranslatorTest" time="0.001"/>
  <testcase name="translateInvalidIntegerExceptionDateTime" classname="org.molgenis.data.postgresql.PostgreSqlExceptionTranslatorTest" time="0"/>
  <testcase name="translateInvalidIntegerExceptionDouble" classname="org.molgenis.data.postgresql.PostgreSqlExceptionTranslatorTest" time="0.001"/>
  <testcase name="translateInvalidIntegerExceptionInteger" classname="org.molgenis.data.postgresql.PostgreSqlExceptionTranslatorTest" time="0"/>
  <testcase name="translateNotNullViolation" classname="org.molgenis.data.postgresql.PostgreSqlExceptionTranslatorTest" time="0"/>
  <testcase name="translateNotNullViolationBadMessage" classname="org.molgenis.data.postgresql.PostgreSqlExceptionTranslatorTest" time="0"/>
  <testcase name="translateNotNullViolationNoDoubleQuotes" classname="org.molgenis.data.postgresql.PostgreSqlExceptionTranslatorTest" time="0.001"/>
  <testcase name="translateReadonlyViolation" classname="org.molgenis.data.postgresql.PostgreSqlExceptionTranslatorTest" time="0"/>
  <testcase name="translateReadonlyViolationNoDoubleQuotes" classname="org.molgenis.data.postgresql.PostgreSqlExceptionTranslatorTest" time="0"/>
  <testcase name="translateUndefinedColumnException" classname="org.molgenis.data.postgresql.PostgreSqlExceptionTranslatorTest" time="0.001"/>
  <testcase name="translateUniqueKeyViolation" classname="org.molgenis.data.postgresql.PostgreSqlExceptionTranslatorTest" time="0.001"/>
  <testcase name="translateUniqueKeyViolationBadMessage" classname="org.molgenis.data.postgresql.PostgreSqlExceptionTranslatorTest" time="0.001"/>
  <testcase name="translateUniqueKeyViolationCompositeKey" classname="org.molgenis.data.postgresql.PostgreSqlExceptionTranslatorTest" time="0.001"/>
  <testcase name="translateUniqueKeyViolationDoubleQuotes" classname="org.molgenis.data.postgresql.PostgreSqlExceptionTranslatorTest" time="0"/>
  <testcase name="translateUniqueKeyViolationKeyIsDuplicated" classname="org.molgenis.data.postgresql.PostgreSqlExceptionTranslatorTest" time="0"/>
  <testcase name="translateUniqueKeyViolationKeyIsDuplicatedDoubleQuotes" classname="org.molgenis.data.postgresql.PostgreSqlExceptionTranslatorTest" time="0.001"/>
  <testcase name="translateValueTooLongViolation" classname="org.molgenis.data.postgresql.PostgreSqlExceptionTranslatorTest" time="0.001"/>
</testsuite>