<?xml version="1.0" encoding="UTF-8"?>
<!-- Generated by org.testng.reporters.JUnitReportReporter -->
<testsuite hostname="spirals-vortex.lille.inria.fr" name="org.molgenis.data.migrate.version.MolgenisVersionServiceTest" tests="3" failures="0" timestamp="30 May 2018 13:32:55 GMT" time="1.276" errors="0">
  <testcase name="testGetAppVersion" time="0.779" classname="org.molgenis.data.migrate.version.MolgenisVersionServiceTest"/>
  <testcase name="testGetSchemaVersion" time="0.482" classname="org.molgenis.data.migrate.version.MolgenisVersionServiceTest"/>
  <testcase name="testSetSchemaVersion" time="0.015" classname="org.molgenis.data.migrate.version.MolgenisVersionServiceTest"/>
</testsuite> <!-- org.molgenis.data.migrate.version.MolgenisVersionServiceTest -->
