<?xml version="1.0" encoding="UTF-8"?>
<!-- Generated by org.testng.reporters.JUnitReportReporter -->
<testsuite hostname="spirals-vortex.lille.inria.fr" name="org.molgenis.data.migrate.version.MolgenisVersionServiceTest" tests="3" failures="0" timestamp="1 Jun 2018 11:20:13 GMT" time="1.508" errors="0">
  <testcase name="testGetSchemaVersion" time="0.638" classname="org.molgenis.data.migrate.version.MolgenisVersionServiceTest"/>
  <testcase name="testSetSchemaVersion" time="0.019" classname="org.molgenis.data.migrate.version.MolgenisVersionServiceTest"/>
  <testcase name="testGetAppVersion" time="0.851" classname="org.molgenis.data.migrate.version.MolgenisVersionServiceTest"/>
</testsuite> <!-- org.molgenis.data.migrate.version.MolgenisVersionServiceTest -->
