<?xml version="1.0" encoding="UTF-8"?>
<!-- Generated by org.testng.reporters.JUnitReportReporter -->
<testsuite hostname="spirals-vortex.lille.inria.fr" name="org.molgenis.data.migrate.version.MolgenisVersionServiceTest" tests="3" failures="0" timestamp="30 May 2018 12:47:29 GMT" time="1.322" errors="0">
  <testcase name="testGetAppVersion" time="0.828" classname="org.molgenis.data.migrate.version.MolgenisVersionServiceTest"/>
  <testcase name="testGetSchemaVersion" time="0.480" classname="org.molgenis.data.migrate.version.MolgenisVersionServiceTest"/>
  <testcase name="testSetSchemaVersion" time="0.014" classname="org.molgenis.data.migrate.version.MolgenisVersionServiceTest"/>
</testsuite> <!-- org.molgenis.data.migrate.version.MolgenisVersionServiceTest -->
