<?xml version="1.0" encoding="UTF-8"?>
<!-- Generated by org.testng.reporters.JUnitReportReporter -->
<testsuite hostname="spirals-vortex.lille.inria.fr" name="org.molgenis.swagger.controller.SwaggerControllerTest" tests="4" failures="0" timestamp="1 Jun 2018 11:25:35 GMT" time="1.752" errors="0">
  <testcase name="testSwaggerHostAddsPort" time="0.005" classname="org.molgenis.swagger.controller.SwaggerControllerTest"/>
  <testcase name="testInit" time="1.610" classname="org.molgenis.swagger.controller.SwaggerControllerTest"/>
  <testcase name="testSwagger" time="0.093" classname="org.molgenis.swagger.controller.SwaggerControllerTest"/>
  <testcase name="testInitWithoutUser" time="0.044" classname="org.molgenis.swagger.controller.SwaggerControllerTest"/>
</testsuite> <!-- org.molgenis.swagger.controller.SwaggerControllerTest -->
