<?xml version="1.0" encoding="UTF-8"?>
<!-- Generated by org.testng.reporters.JUnitReportReporter -->
<testsuite hostname="spirals-vortex.lille.inria.fr" name="org.molgenis.app.manager.controller.AppControllerTest" tests="5" failures="0" timestamp="1 Jun 2018 11:19:42 GMT" time="0.497" errors="0">
  <testcase name="testServeAppNoPermissions" time="0.147" classname="org.molgenis.app.manager.controller.AppControllerTest"/>
  <testcase name="testServeResource" time="0.045" classname="org.molgenis.app.manager.controller.AppControllerTest"/>
  <testcase name="testServeAppInactiveApp" time="0.113" classname="org.molgenis.app.manager.controller.AppControllerTest"/>
  <testcase name="testServeAppRedirectToApp" time="0.047" classname="org.molgenis.app.manager.controller.AppControllerTest"/>
  <testcase name="testServeApp" time="0.145" classname="org.molgenis.app.manager.controller.AppControllerTest"/>
</testsuite> <!-- org.molgenis.app.manager.controller.AppControllerTest -->
