<?xml version="1.0" encoding="UTF-8"?>
<!-- Generated by org.testng.reporters.JUnitReportReporter -->
<testsuite hostname="spirals-vortex.lille.inria.fr" name="org.molgenis.app.manager.controller.AppManagerControllerTest" tests="6" failures="0" timestamp="1 Jun 2018 11:19:42 GMT" time="0.274" errors="0">
  <testcase name="testInit" time="0.032" classname="org.molgenis.app.manager.controller.AppManagerControllerTest"/>
  <testcase name="testDeactivateApp" time="0.036" classname="org.molgenis.app.manager.controller.AppManagerControllerTest"/>
  <testcase name="testActivateApp" time="0.042" classname="org.molgenis.app.manager.controller.AppManagerControllerTest"/>
  <testcase name="testGetApps" time="0.072" classname="org.molgenis.app.manager.controller.AppManagerControllerTest"/>
  <testcase name="testDeleteApp" time="0.047" classname="org.molgenis.app.manager.controller.AppManagerControllerTest"/>
  <testcase name="testUploadApp" time="0.045" classname="org.molgenis.app.manager.controller.AppManagerControllerTest"/>
</testsuite> <!-- org.molgenis.app.manager.controller.AppManagerControllerTest -->
