<?xml version="1.0" encoding="UTF-8"?>
<!-- Generated by org.testng.reporters.JUnitReportReporter -->
<testsuite hostname="spirals-vortex.lille.inria.fr" name="org.molgenis.app.manager.service.AppManagerServiceTest" tests="14" failures="0" timestamp="1 Jun 2018 11:19:42 GMT" time="1.764" errors="0">
  <testcase name="testUploadAppInvalidZip" time="0.002" classname="org.molgenis.app.manager.service.AppManagerServiceTest"/>
  <testcase name="testActivateApp" time="0.116" classname="org.molgenis.app.manager.service.AppManagerServiceTest"/>
  <testcase name="testUploadAppMissingRequiredIndexFile" time="0.004" classname="org.molgenis.app.manager.service.AppManagerServiceTest"/>
  <testcase name="testAppUriDoesNotExist" time="0.008" classname="org.molgenis.app.manager.service.AppManagerServiceTest"/>
  <testcase name="testUploadAppMissingRequiredConfigParameters" time="1.512" classname="org.molgenis.app.manager.service.AppManagerServiceTest"/>
  <testcase name="testAppIdDoesNotExist" time="0.004" classname="org.molgenis.app.manager.service.AppManagerServiceTest"/>
  <testcase name="testGetAppByUri" time="0.004" classname="org.molgenis.app.manager.service.AppManagerServiceTest"/>
  <testcase name="testGetApps" time="0.015" classname="org.molgenis.app.manager.service.AppManagerServiceTest"/>
  <testcase name="testUploadApp" time="0.061" classname="org.molgenis.app.manager.service.AppManagerServiceTest"/>
  <testcase name="testUploadAppInvalidJsonConfigFile" time="0.007" classname="org.molgenis.app.manager.service.AppManagerServiceTest"/>
  <testcase name="testUploadAppMissingRequiredConfigFile" time="0.004" classname="org.molgenis.app.manager.service.AppManagerServiceTest"/>
  <testcase name="testDeleteApp" time="0.010" classname="org.molgenis.app.manager.service.AppManagerServiceTest"/>
  <testcase name="testUploadAppEmptyRuntimeOptions" time="0.015" classname="org.molgenis.app.manager.service.AppManagerServiceTest"/>
  <testcase name="testDeactivateApp" time="0.002" classname="org.molgenis.app.manager.service.AppManagerServiceTest"/>
</testsuite> <!-- org.molgenis.app.manager.service.AppManagerServiceTest -->
