<?xml version="1.0" encoding="UTF-8"?>
<testsuite name="org.eclipse.paho.client.mqttv3.test.WebSocketTest" time="0.13" tests="4" errors="0" skipped="0" failures="4">
  <properties>
    <property name="java.runtime.name" value="OpenJDK Runtime Environment"/>
    <property name="sun.boot.library.path" value="/usr/lib/jvm/java-8-openjdk-amd64/jre/lib/amd64"/>
    <property name="java.vm.version" value="25.121-b13"/>
    <property name="java.vm.vendor" value="Oracle Corporation"/>
    <property name="maven.multiModuleProjectDirectory" value="/root/workspace/eclipse/paho.mqtt.java/385127677"/>
    <property name="java.vendor.url" value="http://java.oracle.com/"/>
    <property name="path.separator" value=":"/>
    <property name="guice.disable.misplaced.annotation.check" value="true"/>
    <property name="skip.gulp" value="true"/>
    <property name="java.vm.name" value="OpenJDK 64-Bit Server VM"/>
    <property name="file.encoding.pkg" value="sun.io"/>
    <property name="sun.java.launcher" value="SUN_STANDARD"/>
    <property name="sun.os.patch.level" value="unknown"/>
    <property name="findbugs.skip" value="true"/>
    <property name="java.vm.specification.name" value="Java Virtual Machine Specification"/>
    <property name="user.dir" value="/root/workspace/eclipse/paho.mqtt.java/385127677"/>
    <property name="checkstyle.skip" value="true"/>
    <property name="java.runtime.version" value="1.8.0_121-8u121-b13-1~bpo8+1-b13"/>
    <property name="java.awt.graphicsenv" value="sun.awt.X11GraphicsEnvironment"/>
    <property name="skip.npm" value="true"/>
    <property name="java.endorsed.dirs" value="/usr/lib/jvm/java-8-openjdk-amd64/jre/lib/endorsed"/>
    <property name="os.arch" value="amd64"/>
    <property name="java.io.tmpdir" value="/tmp"/>
    <property name="gpg.skip" value="true"/>
    <property name="line.separator" value="&#10;"/>
    <property name="java.vm.specification.vendor" value="Oracle Corporation"/>
    <property name="cobertura.skip" value="true"/>
    <property name="p2.userAgent" value="tycho/1.1.0"/>
    <property name="os.name" value="Linux"/>
    <property name="classworlds.conf" value="/usr/share/maven/bin/m2.conf"/>
    <property name="sun.jnu.encoding" value="UTF-8"/>
    <property name="java.library.path" value="/usr/java/packages/lib/amd64:/usr/lib/x86_64-linux-gnu/jni:/lib/x86_64-linux-gnu:/usr/lib/x86_64-linux-gnu:/usr/lib/jni:/lib:/usr/lib"/>
    <property name="license.skip" value="true"/>
    <property name="java.specification.name" value="Java Platform API Specification"/>
    <property name="java.class.version" value="52.0"/>
    <property name="sun.management.compiler" value="HotSpot 64-Bit Tiered Compilers"/>
    <property name="skip.bower" value="true"/>
    <property name="maven.repo.local" value="/root/./workspace/eclipse/paho.mqtt.java/385127677/.m2"/>
    <property name="os.version" value="3.10.0-862.2.3.el7.x86_64"/>
    <property name="user.home" value="/root"/>
    <property name="user.timezone" value="Europe/Paris"/>
    <property name="java.awt.printerjob" value="sun.print.PSPrinterJob"/>
    <property name="java.specification.version" value="1.8"/>
    <property name="file.encoding" value="UTF-8"/>
    <property name="user.name" value="root"/>
    <property name="java.class.path" value="/usr/share/maven/boot/plexus-classworlds-2.5.2.jar"/>
    <property name="skipITs" value="true"/>
    <property name="java.vm.specification.version" value="1.8"/>
    <property name="sun.arch.data.model" value="64"/>
    <property name="java.home" value="/usr/lib/jvm/java-8-openjdk-amd64/jre"/>
    <property name="sun.java.command" value="org.codehaus.plexus.classworlds.launcher.Launcher -B -D enforcer.skip=true -D dependency-check.skip=true -D skipITs=true -D cobertura.skip=true -D maven.repo.local=/root/./workspace/eclipse/paho.mqtt.java/385127677/.m2 -D rat.skip=true -D findbugs.skip=true -D skip.bower=true -D gpg.skip=true -D checkstyle.skip=true -D skip.gulp=true -D license.skip=true -D skip.npm=true test"/>
    <property name="java.specification.vendor" value="Oracle Corporation"/>
    <property name="user.language" value="en"/>
    <property name="eclipse.p2.atomic.composite.loading.default" value="true"/>
    <property name="awt.toolkit" value="sun.awt.X11.XToolkit"/>
    <property name="dependency-check.skip" value="true"/>
    <property name="java.vm.info" value="mixed mode"/>
    <property name="java.version" value="1.8.0_121"/>
    <property name="java.ext.dirs" value="/usr/lib/jvm/java-8-openjdk-amd64/jre/lib/ext:/usr/java/packages/lib/ext"/>
    <property name="securerandom.source" value="file:/dev/./urandom"/>
    <property name="sun.boot.class.path" value="/usr/lib/jvm/java-8-openjdk-amd64/jre/lib/resources.jar:/usr/lib/jvm/java-8-openjdk-amd64/jre/lib/rt.jar:/usr/lib/jvm/java-8-openjdk-amd64/jre/lib/sunrsasign.jar:/usr/lib/jvm/java-8-openjdk-amd64/jre/lib/jsse.jar:/usr/lib/jvm/java-8-openjdk-amd64/jre/lib/jce.jar:/usr/lib/jvm/java-8-openjdk-amd64/jre/lib/charsets.jar:/usr/lib/jvm/java-8-openjdk-amd64/jre/lib/jfr.jar:/usr/lib/jvm/java-8-openjdk-amd64/jre/classes"/>
    <property name="java.vendor" value="Oracle Corporation"/>
    <property name="enforcer.skip" value="true"/>
    <property name="rat.skip" value="true"/>
    <property name="maven.home" value="/usr/share/maven"/>
    <property name="file.separator" value="/"/>
    <property name="osgi.framework.useSystemProperties" value="false"/>
    <property name="java.vendor.url.bug" value="http://bugreport.sun.com/bugreport/"/>
    <property name="sun.cpu.endian" value="little"/>
    <property name="sun.io.unicode.encoding" value="UnicodeLittle"/>
    <property name="sun.cpu.isalist" value=""/>
  </properties>
  <testcase name="testBasicAuth" classname="org.eclipse.paho.client.mqttv3.test.WebSocketTest" time="0.078">
    <failure message="Unexpected exception: Unable to connect to server (32103) - java.net.ConnectException: Connection refused (Connection refused)" type="java.lang.AssertionError">java.lang.AssertionError: Unexpected exception: Unable to connect to server (32103) - java.net.ConnectException: Connection refused (Connection refused)
	at org.junit.Assert.fail(Assert.java:88)
	at org.eclipse.paho.client.mqttv3.test.WebSocketTest.testBasicAuth(WebSocketTest.java:283)
</failure>
    <system-out>20180529 135320.464 
20180529 135320.487 *************************************************************
20180529 135320.487 * WebSocketTest.setUpBeforeClass
20180529 135320.487 *************************************************************
20180529 135320.492 Loading properties from: 'test.properties'
20180529 135320.493                      SERVER_URI = tcp://localhost:1883
20180529 135320.493                      CLIENT_TRUST_STORE = clientkeystore.jks
20180529 135320.493                      SERVER_SSL_PORT = 18885
20180529 135320.493                      CLIENT_KEY_STORE = clientkeystore.jks
20180529 135320.494                      CLIENT_KEY_STORE_PASSWORD = password
20180529 135320.494                      SERVER_WEBSOCKET_URI = ws://localhost:1883
20180529 135320.520 
20180529 135320.520 *************************************************************
20180529 135320.521 * WebSocketTest.testBasicAuth
20180529 135320.521 *************************************************************
20180529 135320.589 caught exception:
Unable to connect to server (32103) - java.net.ConnectException: Connection refused (Connection refused)
	at org.eclipse.paho.client.mqttv3.internal.TCPNetworkModule.start(TCPNetworkModule.java:87)
	at org.eclipse.paho.client.mqttv3.internal.websocket.WebSocketNetworkModule.start(WebSocketNetworkModule.java:62)
	at org.eclipse.paho.client.mqttv3.internal.ClientComms$ConnectBG.run(ClientComms.java:714)
	at java.util.concurrent.Executors$RunnableAdapter.call(Executors.java:511)
	at java.util.concurrent.FutureTask.run(FutureTask.java:266)
	at java.util.concurrent.ScheduledThreadPoolExecutor$ScheduledFutureTask.access$201(ScheduledThreadPoolExecutor.java:180)
	at java.util.concurrent.ScheduledThreadPoolExecutor$ScheduledFutureTask.run(ScheduledThreadPoolExecutor.java:293)
	at java.util.concurrent.ThreadPoolExecutor.runWorker(ThreadPoolExecutor.java:1142)
	at java.util.concurrent.ThreadPoolExecutor$Worker.run(ThreadPoolExecutor.java:617)
	at java.lang.Thread.run(Thread.java:745)
Caused by: java.net.ConnectException: Connection refused (Connection refused)
	at java.net.PlainSocketImpl.socketConnect(Native Method)
	at java.net.AbstractPlainSocketImpl.doConnect(AbstractPlainSocketImpl.java:350)
	at java.net.AbstractPlainSocketImpl.connectToAddress(AbstractPlainSocketImpl.java:206)
	at java.net.AbstractPlainSocketImpl.connect(AbstractPlainSocketImpl.java:188)
	at java.net.SocksSocketImpl.connect(SocksSocketImpl.java:392)
	at java.net.Socket.connect(Socket.java:589)
	at org.eclipse.paho.client.mqttv3.internal.TCPNetworkModule.start(TCPNetworkModule.java:81)
	... 9 more
20180529 135320.590 Close...
</system-out>
  </testcase>
  <testcase name="testWebSocketConnect" classname="org.eclipse.paho.client.mqttv3.test.WebSocketTest" time="0.016">
    <failure message="Unexpected exception: Unable to connect to server (32103) - java.net.ConnectException: Connection refused (Connection refused)" type="java.lang.AssertionError">java.lang.AssertionError: Unexpected exception: Unable to connect to server (32103) - java.net.ConnectException: Connection refused (Connection refused)
	at org.junit.Assert.fail(Assert.java:88)
	at org.eclipse.paho.client.mqttv3.test.WebSocketTest.testWebSocketConnect(WebSocketTest.java:130)
</failure>
    <system-out>20180529 135320.597 
20180529 135320.597 *************************************************************
20180529 135320.597 * WebSocketTest.testWebSocketConnect
20180529 135320.598 *************************************************************
20180529 135320.599 Connecting...(serverURI:ws://localhost:1883, ClientId:testWebSocketConnect
20180529 135320.610 caught exception:
Unable to connect to server (32103) - java.net.ConnectException: Connection refused (Connection refused)
	at org.eclipse.paho.client.mqttv3.internal.TCPNetworkModule.start(TCPNetworkModule.java:87)
	at org.eclipse.paho.client.mqttv3.internal.websocket.WebSocketNetworkModule.start(WebSocketNetworkModule.java:62)
	at org.eclipse.paho.client.mqttv3.internal.ClientComms$ConnectBG.run(ClientComms.java:714)
	at java.util.concurrent.Executors$RunnableAdapter.call(Executors.java:511)
	at java.util.concurrent.FutureTask.run(FutureTask.java:266)
	at java.util.concurrent.ScheduledThreadPoolExecutor$ScheduledFutureTask.access$201(ScheduledThreadPoolExecutor.java:180)
	at java.util.concurrent.ScheduledThreadPoolExecutor$ScheduledFutureTask.run(ScheduledThreadPoolExecutor.java:293)
	at java.util.concurrent.ThreadPoolExecutor.runWorker(ThreadPoolExecutor.java:1142)
	at java.util.concurrent.ThreadPoolExecutor$Worker.run(ThreadPoolExecutor.java:617)
	at java.lang.Thread.run(Thread.java:745)
Caused by: java.net.ConnectException: Connection refused (Connection refused)
	at java.net.PlainSocketImpl.socketConnect(Native Method)
	at java.net.AbstractPlainSocketImpl.doConnect(AbstractPlainSocketImpl.java:350)
	at java.net.AbstractPlainSocketImpl.connectToAddress(AbstractPlainSocketImpl.java:206)
	at java.net.AbstractPlainSocketImpl.connect(AbstractPlainSocketImpl.java:188)
	at java.net.SocksSocketImpl.connect(SocksSocketImpl.java:392)
	at java.net.Socket.connect(Socket.java:589)
	at org.eclipse.paho.client.mqttv3.internal.TCPNetworkModule.start(TCPNetworkModule.java:81)
	... 9 more
20180529 135320.611 Close...
</system-out>
  </testcase>
  <testcase name="testWebSocketPubSub" classname="org.eclipse.paho.client.mqttv3.test.WebSocketTest" time="0.02">
    <failure message="Unexpected exception: Unable to connect to server (32103) - java.net.ConnectException: Connection refused (Connection refused)" type="java.lang.AssertionError">java.lang.AssertionError: Unexpected exception: Unable to connect to server (32103) - java.net.ConnectException: Connection refused (Connection refused)
	at org.junit.Assert.fail(Assert.java:88)
	at org.eclipse.paho.client.mqttv3.test.WebSocketTest.testWebSocketPubSub(WebSocketTest.java:187)
</failure>
    <system-out>20180529 135320.614 
20180529 135320.614 *************************************************************
20180529 135320.615 * WebSocketTest.testWebSocketPubSub
20180529 135320.615 *************************************************************
20180529 135320.616 Assigning callback...
20180529 135320.616 Connecting...(serverURI:ws://localhost:1883, ClientId:testWebSocketPubSub
20180529 135320.631 caught exception:
Unable to connect to server (32103) - java.net.ConnectException: Connection refused (Connection refused)
	at org.eclipse.paho.client.mqttv3.internal.TCPNetworkModule.start(TCPNetworkModule.java:87)
	at org.eclipse.paho.client.mqttv3.internal.websocket.WebSocketNetworkModule.start(WebSocketNetworkModule.java:62)
	at org.eclipse.paho.client.mqttv3.internal.ClientComms$ConnectBG.run(ClientComms.java:714)
	at java.util.concurrent.Executors$RunnableAdapter.call(Executors.java:511)
	at java.util.concurrent.FutureTask.run(FutureTask.java:266)
	at java.util.concurrent.ScheduledThreadPoolExecutor$ScheduledFutureTask.access$201(ScheduledThreadPoolExecutor.java:180)
	at java.util.concurrent.ScheduledThreadPoolExecutor$ScheduledFutureTask.run(ScheduledThreadPoolExecutor.java:293)
	at java.util.concurrent.ThreadPoolExecutor.runWorker(ThreadPoolExecutor.java:1142)
	at java.util.concurrent.ThreadPoolExecutor$Worker.run(ThreadPoolExecutor.java:617)
	at java.lang.Thread.run(Thread.java:745)
Caused by: java.net.ConnectException: Connection refused (Connection refused)
	at java.net.PlainSocketImpl.socketConnect(Native Method)
	at java.net.AbstractPlainSocketImpl.doConnect(AbstractPlainSocketImpl.java:350)
	at java.net.AbstractPlainSocketImpl.connectToAddress(AbstractPlainSocketImpl.java:206)
	at java.net.AbstractPlainSocketImpl.connect(AbstractPlainSocketImpl.java:188)
	at java.net.SocksSocketImpl.connect(SocksSocketImpl.java:392)
	at java.net.Socket.connect(Socket.java:589)
	at org.eclipse.paho.client.mqttv3.internal.TCPNetworkModule.start(TCPNetworkModule.java:81)
	... 9 more
20180529 135320.632 Close...
</system-out>
  </testcase>
  <testcase name="largePayloadTest" classname="org.eclipse.paho.client.mqttv3.test.WebSocketTest" time="0.016">
    <failure message="Unexpected exception: Unable to connect to server (32103) - java.net.ConnectException: Connection refused (Connection refused)" type="java.lang.AssertionError">java.lang.AssertionError: Unexpected exception: Unable to connect to server (32103) - java.net.ConnectException: Connection refused (Connection refused)
	at org.junit.Assert.fail(Assert.java:88)
	at org.eclipse.paho.client.mqttv3.test.WebSocketTest.largePayloadTest(WebSocketTest.java:247)
</failure>
    <system-out>20180529 135320.636 
20180529 135320.637 *************************************************************
20180529 135320.637 * WebSocketTest.largePayloadTest
20180529 135320.637 *************************************************************
20180529 135320.638 Assigning callback...
20180529 135320.638 Connecting... serverURI:ws://localhost:1883, ClientId:largePayloadTest
20180529 135320.648 caught exception:
Unable to connect to server (32103) - java.net.ConnectException: Connection refused (Connection refused)
	at org.eclipse.paho.client.mqttv3.internal.TCPNetworkModule.start(TCPNetworkModule.java:87)
	at org.eclipse.paho.client.mqttv3.internal.websocket.WebSocketNetworkModule.start(WebSocketNetworkModule.java:62)
	at org.eclipse.paho.client.mqttv3.internal.ClientComms$ConnectBG.run(ClientComms.java:714)
	at java.util.concurrent.Executors$RunnableAdapter.call(Executors.java:511)
	at java.util.concurrent.FutureTask.run(FutureTask.java:266)
	at java.util.concurrent.ScheduledThreadPoolExecutor$ScheduledFutureTask.access$201(ScheduledThreadPoolExecutor.java:180)
	at java.util.concurrent.ScheduledThreadPoolExecutor$ScheduledFutureTask.run(ScheduledThreadPoolExecutor.java:293)
	at java.util.concurrent.ThreadPoolExecutor.runWorker(ThreadPoolExecutor.java:1142)
	at java.util.concurrent.ThreadPoolExecutor$Worker.run(ThreadPoolExecutor.java:617)
	at java.lang.Thread.run(Thread.java:745)
Caused by: java.net.ConnectException: Connection refused (Connection refused)
	at java.net.PlainSocketImpl.socketConnect(Native Method)
	at java.net.AbstractPlainSocketImpl.doConnect(AbstractPlainSocketImpl.java:350)
	at java.net.AbstractPlainSocketImpl.connectToAddress(AbstractPlainSocketImpl.java:206)
	at java.net.AbstractPlainSocketImpl.connect(AbstractPlainSocketImpl.java:188)
	at java.net.SocksSocketImpl.connect(SocksSocketImpl.java:392)
	at java.net.Socket.connect(Socket.java:589)
	at org.eclipse.paho.client.mqttv3.internal.TCPNetworkModule.start(TCPNetworkModule.java:81)
	... 9 more
20180529 135320.648 Close...
</system-out>
  </testcase>
</testsuite>