<?xml version="1.0" encoding="UTF-8"?>
<!-- Generated by org.testng.reporters.JUnitReportReporter -->
<testsuite hostname="spirals-vortex.lille.inria.fr" name="org.modelmapper.functional.shading.ConditionalShading" tests="3" failures="0" timestamp="26 May 2018 07:30:56 GMT" time="0.032" errors="0">
  <testcase name="shouldShadeAllProperties" time="0.010" classname="org.modelmapper.functional.shading.ConditionalShading"/>
  <testcase name="shouldShadeSomeProperties" time="0.015" classname="org.modelmapper.functional.shading.ConditionalShading"/>
  <testcase name="shouldConditionallyMap" time="0.007" classname="org.modelmapper.functional.shading.ConditionalShading"/>
</testsuite> <!-- org.modelmapper.functional.shading.ConditionalShading -->
