<?xml version="1.0" encoding="UTF-8"?>
<!-- Generated by org.testng.reporters.JUnitReportReporter -->
<testsuite hostname="spirals-vortex.lille.inria.fr" name="org.modelmapper.functional.UnequalHierarchies" tests="2" failures="0" timestamp="26 May 2018 07:30:56 GMT" time="0.002" errors="0">
  <testcase name="shouldMapInverse" time="0.001" classname="org.modelmapper.functional.UnequalHierarchies"/>
  <testcase name="shouldMap" time="0.001" classname="org.modelmapper.functional.UnequalHierarchies"/>
</testsuite> <!-- org.modelmapper.functional.UnequalHierarchies -->
