<?xml version="1.0" encoding="UTF-8"?>
<!-- Generated by org.testng.reporters.JUnitReportReporter -->
<testsuite hostname="spirals-vortex.lille.inria.fr" name="org.modelmapper.functional.persistence.LazyFetching" tests="1" failures="0" timestamp="26 May 2018 07:30:56 GMT" time="1.261" errors="0">
  <testcase name="shouldSkipLazyFetchedProperties" time="1.261" classname="org.modelmapper.functional.persistence.LazyFetching"/>
</testsuite> <!-- org.modelmapper.functional.persistence.LazyFetching -->
