<?xml version="1.0" encoding="UTF-8"?>
<!-- Generated by org.testng.reporters.JUnitReportReporter -->
<testsuite hostname="spirals-vortex.lille.inria.fr" name="org.modelmapper.functional.disambiguation.DisambiguationTest4" tests="2" failures="0" timestamp="26 May 2018 07:30:56 GMT" time="0.007" errors="0">
  <testcase name="shouldOverrideAmbiguityWithExplicitMapping" time="0.006" classname="org.modelmapper.functional.disambiguation.DisambiguationTest4"/>
  <testcase name="shouldThrowOnMap" time="0.001" classname="org.modelmapper.functional.disambiguation.DisambiguationTest4"/>
</testsuite> <!-- org.modelmapper.functional.disambiguation.DisambiguationTest4 -->
