<?xml version="1.0" encoding="UTF-8"?>
<!-- Generated by org.testng.reporters.JUnitReportReporter -->
<testsuite hostname="spirals-vortex.lille.inria.fr" name="org.modelmapper.functional.lambda.TypeMapLambdaMultipleFieldsTest" tests="5" failures="0" timestamp="26 May 2018 07:30:56 GMT" time="0.031" errors="0">
  <testcase name="shouldAddMappings" time="0.006" classname="org.modelmapper.functional.lambda.TypeMapLambdaMultipleFieldsTest"/>
  <testcase name="shouldAddMapping" time="0.008" classname="org.modelmapper.functional.lambda.TypeMapLambdaMultipleFieldsTest"/>
  <testcase name="shouldAddMappingWithSkip" time="0.004" classname="org.modelmapper.functional.lambda.TypeMapLambdaMultipleFieldsTest"/>
  <testcase name="shouldAddMappingWithConverter" time="0.006" classname="org.modelmapper.functional.lambda.TypeMapLambdaMultipleFieldsTest"/>
  <testcase name="shouldAddMappingWithCondition" time="0.007" classname="org.modelmapper.functional.lambda.TypeMapLambdaMultipleFieldsTest"/>
</testsuite> <!-- org.modelmapper.functional.lambda.TypeMapLambdaMultipleFieldsTest -->
