<?xml version="1.0" encoding="UTF-8"?>
<!-- Generated by org.testng.reporters.JUnitReportReporter -->
<testsuite hostname="spirals-vortex.lille.inria.fr" name="org.modelmapper.internal.valueaccess.MapValueReaderTest" tests="3" failures="0" timestamp="26 May 2018 07:30:56 GMT" time="0.002" errors="0">
  <testcase name="shouldMapMapToBean" time="0.001" classname="org.modelmapper.internal.valueaccess.MapValueReaderTest"/>
  <testcase name="shouldMapAnotherMapToBean" time="0.001" classname="org.modelmapper.internal.valueaccess.MapValueReaderTest"/>
  <testcase name="shouldMapNullValue" time="0.000" classname="org.modelmapper.internal.valueaccess.MapValueReaderTest"/>
</testsuite> <!-- org.modelmapper.internal.valueaccess.MapValueReaderTest -->
