<?xml version="1.0" encoding="UTF-8"?>
<!-- Generated by org.testng.reporters.JUnitReportReporter -->
<testsuite hostname="spirals-vortex.lille.inria.fr" name="org.modelmapper.bugs.GH204" tests="3" failures="0" timestamp="26 May 2018 07:30:56 GMT" time="0.027" errors="0">
  <testcase name="shouldMappingMethod2" time="0.011" classname="org.modelmapper.bugs.GH204"/>
  <testcase name="shouldMappingMethod1" time="0.008" classname="org.modelmapper.bugs.GH204"/>
  <testcase name="shouldMappingMethod3" time="0.008" classname="org.modelmapper.bugs.GH204"/>
</testsuite> <!-- org.modelmapper.bugs.GH204 -->
