<?xml version="1.0" encoding="UTF-8"?>
<!-- Generated by org.testng.reporters.JUnitReportReporter -->
<testsuite hostname="spirals-vortex.lille.inria.fr" name="org.modelmapper.functional.converter.ConvertNestedObjectTest" tests="1" failures="0" timestamp="26 May 2018 07:30:56 GMT" time="0.016" errors="0">
  <testcase name="convertNested" time="0.016" classname="org.modelmapper.functional.converter.ConvertNestedObjectTest"/>
</testsuite> <!-- org.modelmapper.functional.converter.ConvertNestedObjectTest -->
