<?xml version="1.0" encoding="UTF-8"?>
<!-- Generated by org.testng.reporters.JUnitReportReporter -->
<testsuite hostname="spirals-vortex.lille.inria.fr" name="org.modelmapper.internal.converter.CollectionConverterTest" tests="11" failures="0" timestamp="26 May 2018 07:30:56 GMT" time="0.008" errors="0">
  <testcase name="shouldConvertElementsFromList" time="0.002" classname="org.modelmapper.internal.converter.CollectionConverterTest"/>
  <testcase name="shouldConvertElementsFromModel" time="0.001" classname="org.modelmapper.internal.converter.CollectionConverterTest"/>
  <testcase name="shouldConvertPrimitiveArrayToCollection" time="0.000" classname="org.modelmapper.internal.converter.CollectionConverterTest"/>
  <testcase name="shouldConvertElementsFromArray" time="0.001" classname="org.modelmapper.internal.converter.CollectionConverterTest"/>
  <testcase name="shouldConvertListToHashSet" time="0.000" classname="org.modelmapper.internal.converter.CollectionConverterTest"/>
  <testcase name="shouldConvertArrayToList" time="0.001" classname="org.modelmapper.internal.converter.CollectionConverterTest"/>
  <testcase name="shouldConvertListToSet" time="0.001" classname="org.modelmapper.internal.converter.CollectionConverterTest"/>
  <testcase name="testMatches" time="0.000" classname="org.modelmapper.internal.converter.CollectionConverterTest"/>
  <testcase name="shouldConvertArrayToCollection" time="0.000" classname="org.modelmapper.internal.converter.CollectionConverterTest"/>
  <testcase name="shouldConvertListToList" time="0.001" classname="org.modelmapper.internal.converter.CollectionConverterTest"/>
  <testcase name="shouldConvertListToSortedSet" time="0.001" classname="org.modelmapper.internal.converter.CollectionConverterTest"/>
</testsuite> <!-- org.modelmapper.internal.converter.CollectionConverterTest -->
