<?xml version="1.0" encoding="UTF-8"?>
<!-- Generated by org.testng.reporters.JUnitReportReporter -->
<testsuite hostname="spirals-vortex.lille.inria.fr" name="org.modelmapper.PropertyMapTest" tests="3" failures="0" timestamp="26 May 2018 07:30:56 GMT" time="0.001" errors="0">
  <testcase name="loadShouldRequireTypeParameters" time="0.000" classname="org.modelmapper.PropertyMapTest"/>
  <testcase name="shouldInstantiate" time="0.000" classname="org.modelmapper.PropertyMapTest"/>
  <testcase name="shouldThrowWhenMapOutsideOfDefine" time="0.001" classname="org.modelmapper.PropertyMapTest"/>
</testsuite> <!-- org.modelmapper.PropertyMapTest -->
