<?xml version="1.0" encoding="UTF-8"?>
<!-- Generated by org.testng.reporters.JUnitReportReporter -->
<testsuite hostname="spirals-vortex.lille.inria.fr" name="org.modelmapper.functional.skip.EnableSkipNullTest" tests="3" failures="0" timestamp="26 May 2018 07:30:56 GMT" time="0.015" errors="0">
  <testcase name="shouldSkipNull" time="0.000" classname="org.modelmapper.functional.skip.EnableSkipNullTest"/>
  <testcase name="shouldSkipNullWithConverter" time="0.007" classname="org.modelmapper.functional.skip.EnableSkipNullTest"/>
  <testcase name="shouldSkipNullWithPropertyMapSkipFailed" time="0.008" classname="org.modelmapper.functional.skip.EnableSkipNullTest"/>
</testsuite> <!-- org.modelmapper.functional.skip.EnableSkipNullTest -->
