<?xml version="1.0" encoding="UTF-8"?>
<!-- Generated by org.testng.reporters.JUnitReportReporter -->
<testsuite hostname="spirals-vortex.lille.inria.fr" name="org.modelmapper.functional.inherit.ValueReaderInheritanceTest" tests="2" failures="0" timestamp="26 May 2018 07:30:56 GMT" time="0.018" errors="0">
  <testcase name="shouldNotMapIfNotInclude" time="0.008" classname="org.modelmapper.functional.inherit.ValueReaderInheritanceTest"/>
  <testcase name="shouldInclude" time="0.010" classname="org.modelmapper.functional.inherit.ValueReaderInheritanceTest"/>
</testsuite> <!-- org.modelmapper.functional.inherit.ValueReaderInheritanceTest -->
