<?xml version="1.0" encoding="UTF-8"?>
<!-- Generated by org.testng.reporters.JUnitReportReporter -->
<testsuite hostname="spirals-vortex.lille.inria.fr" name="org.modelmapper.functional.inherit.TypeMapInheritanceDeepTypeTest" tests="1" failures="0" timestamp="26 May 2018 07:30:56 GMT" time="0.008" errors="0">
  <testcase name="shouldMapIfInclude" time="0.008" classname="org.modelmapper.functional.inherit.TypeMapInheritanceDeepTypeTest"/>
</testsuite> <!-- org.modelmapper.functional.inherit.TypeMapInheritanceDeepTypeTest -->
