<?xml version="1.0" encoding="UTF-8"?>
<!-- Generated by org.testng.reporters.JUnitReportReporter -->
<testsuite hostname="spirals-vortex.lille.inria.fr" name="org.modelmapper.functional.converter.CustomConversion$When_using_member_converter_for_different_member" tests="2" failures="0" timestamp="26 May 2018 07:30:56 GMT" time="0.014" errors="0">
  <testcase name="shouldMapFromSourceObject" time="0.009" classname="org.modelmapper.functional.converter.CustomConversion$When_using_member_converter_for_different_member"/>
  <testcase name="shouldMapFromSourceMember" time="0.005" classname="org.modelmapper.functional.converter.CustomConversion$When_using_member_converter_for_different_member"/>
</testsuite> <!-- org.modelmapper.functional.converter.CustomConversion$When_using_member_converter_for_different_member -->
