<?xml version="1.0" encoding="UTF-8"?>
<!-- Generated by org.testng.reporters.JUnitReportReporter -->
<testsuite hostname="spirals-vortex.lille.inria.fr" name="org.modelmapper.functional.disambiguation.DisambiguationTest3" tests="2" failures="0" timestamp="26 May 2018 07:30:56 GMT" time="0.003" errors="0">
  <testcase name="shouldMapDTOToEntity" time="0.002" classname="org.modelmapper.functional.disambiguation.DisambiguationTest3"/>
  <testcase name="shouldMapEntityToDTO" time="0.001" classname="org.modelmapper.functional.disambiguation.DisambiguationTest3"/>
</testsuite> <!-- org.modelmapper.functional.disambiguation.DisambiguationTest3 -->
