<?xml version="1.0" encoding="UTF-8"?>
<!-- Generated by org.testng.reporters.JUnitReportReporter -->
<testsuite hostname="spirals-vortex.lille.inria.fr" name="org.modelmapper.functional.circular.CircularDependencies2" tests="4" failures="0" timestamp="26 May 2018 07:30:56 GMT" time="0.363" errors="0">
  <testcase name="shouldAllowSkippedCircularReferenceForInnerProperty" time="0.015" classname="org.modelmapper.functional.circular.CircularDependencies2"/>
  <testcase name="shouldAllowSkippedCircularReference" time="0.333" classname="org.modelmapper.functional.circular.CircularDependencies2"/>
  <testcase name="shouldMapGraphEdges" time="0.005" classname="org.modelmapper.functional.circular.CircularDependencies2"/>
  <testcase name="shouldMapCircularReferences" time="0.010" classname="org.modelmapper.functional.circular.CircularDependencies2"/>
</testsuite> <!-- org.modelmapper.functional.circular.CircularDependencies2 -->
