<?xml version="1.0" encoding="UTF-8"?>
<!-- Generated by org.testng.reporters.JUnitReportReporter -->
<testsuite hostname="spirals-vortex.lille.inria.fr" name="org.modelmapper.bugs.GH126" tests="1" failures="0" timestamp="26 May 2018 07:30:56 GMT" time="0.006" errors="0">
  <testcase name="mapWithGenericField" time="0.006" classname="org.modelmapper.bugs.GH126"/>
</testsuite> <!-- org.modelmapper.bugs.GH126 -->
