<?xml version="1.0" encoding="UTF-8"?>
<!-- Generated by org.testng.reporters.JUnitReportReporter -->
<testsuite hostname="spirals-vortex.lille.inria.fr" name="org.modelmapper.functional.iterable.CollectionMapping3" tests="2" failures="0" timestamp="26 May 2018 07:30:56 GMT" time="0.068" errors="0">
  <testcase name="shouldMapWithPropertyMap" time="0.066" classname="org.modelmapper.functional.iterable.CollectionMapping3"/>
  <testcase name="shouldMap" time="0.002" classname="org.modelmapper.functional.iterable.CollectionMapping3"/>
</testsuite> <!-- org.modelmapper.functional.iterable.CollectionMapping3 -->
