<?xml version="1.0" encoding="UTF-8"?>
<!-- Generated by org.testng.reporters.JUnitReportReporter -->
<testsuite hostname="spirals-vortex.lille.inria.fr" name="org.modelmapper.functional.circular.CircularDependencies1" tests="5" failures="0" timestamp="26 May 2018 07:30:56 GMT" time="0.016" errors="0">
  <testcase name="shouldMap2LevelCircularReference" time="0.002" classname="org.modelmapper.functional.circular.CircularDependencies1"/>
  <testcase name="shouldMap1LevelCircularReference" time="0.005" classname="org.modelmapper.functional.circular.CircularDependencies1"/>
  <testcase name="shouldMapLengthyCircularReferenceWithHomoTypes" time="0.001" classname="org.modelmapper.functional.circular.CircularDependencies1"/>
  <testcase name="shouldMapLengthyCircularReferenceWithHeteroTypes" time="0.004" classname="org.modelmapper.functional.circular.CircularDependencies1"/>
  <testcase name="shouldMapHierarchyOfHomoReferences" time="0.004" classname="org.modelmapper.functional.circular.CircularDependencies1"/>
</testsuite> <!-- org.modelmapper.functional.circular.CircularDependencies1 -->
