<?xml version="1.0" encoding="UTF-8"?>
<!-- Generated by org.testng.reporters.JUnitReportReporter -->
<testsuite hostname="spirals-vortex.lille.inria.fr" name="org.modelmapper.functional.iterable.GenericElementMapping" tests="3" failures="0" timestamp="26 May 2018 07:30:56 GMT" time="0.026" errors="0">
  <testcase name="shouldMapExplicitGenericElements" time="0.013" classname="org.modelmapper.functional.iterable.GenericElementMapping"/>
  <testcase name="shouldMapImplicitGenericElements" time="0.001" classname="org.modelmapper.functional.iterable.GenericElementMapping"/>
  <testcase name="shouldMapDeeplyMappedExplicitGenericElements" time="0.012" classname="org.modelmapper.functional.iterable.GenericElementMapping"/>
</testsuite> <!-- org.modelmapper.functional.iterable.GenericElementMapping -->
