<?xml version="1.0" encoding="UTF-8"?>
<!-- Generated by org.testng.reporters.JUnitReportReporter -->
<testsuite hostname="spirals-vortex.lille.inria.fr" name="org.modelmapper.functional.converter.CustomConversion$When_using_converter_for_mapping_to_one_destination_from_many_sources" tests="1" failures="0" timestamp="26 May 2018 07:30:56 GMT" time="0.026" errors="0">
  <testcase name="shouldMapSubDestValueWithConverter" time="0.026" classname="org.modelmapper.functional.converter.CustomConversion$When_using_converter_for_mapping_to_one_destination_from_many_sources"/>
</testsuite> <!-- org.modelmapper.functional.converter.CustomConversion$When_using_converter_for_mapping_to_one_destination_from_many_sources -->
