<?xml version="1.0" encoding="UTF-8"?>
<!-- Generated by org.testng.reporters.JUnitReportReporter -->
<testsuite hostname="spirals-vortex.lille.inria.fr" name="org.modelmapper.internal.converter.ConverterStoreTest" tests="5" failures="0" timestamp="26 May 2018 07:30:56 GMT" time="0.002" errors="0">
  <testcase name="shouldSelectPartialMatchConverter" time="0.000" classname="org.modelmapper.internal.converter.ConverterStoreTest"/>
  <testcase name="shouldSelectFullMatchConverter" time="0.000" classname="org.modelmapper.internal.converter.ConverterStoreTest"/>
  <testcase name="shouldSelectNull" time="0.001" classname="org.modelmapper.internal.converter.ConverterStoreTest"/>
  <testcase name="shouldSelectFirstFullMatchConverter" time="0.001" classname="org.modelmapper.internal.converter.ConverterStoreTest"/>
  <testcase name="shouldSelectFirstPartialMatchConverter" time="0.000" classname="org.modelmapper.internal.converter.ConverterStoreTest"/>
</testsuite> <!-- org.modelmapper.internal.converter.ConverterStoreTest -->
