<?xml version="1.0" encoding="UTF-8"?>
<!-- Generated by org.testng.reporters.JUnitReportReporter -->
<testsuite hostname="spirals-vortex.lille.inria.fr" name="org.modelmapper.internal.util.MembersTest" tests="7" failures="0" timestamp="26 May 2018 07:30:56 GMT" time="0.000" errors="0">
  <testcase name="shouldGetMethodForDerivedInterface" time="0.000" classname="org.modelmapper.internal.util.MembersTest"/>
  <testcase name="shouldGetMethodForClass" time="0.000" classname="org.modelmapper.internal.util.MembersTest"/>
  <testcase name="shouldGetFieldForClass" time="0.000" classname="org.modelmapper.internal.util.MembersTest"/>
  <testcase name="shouldGetMethodForMoreDerivedInterface" time="0.000" classname="org.modelmapper.internal.util.MembersTest"/>
  <testcase name="shuoldGetMethodForChildClass" time="0.000" classname="org.modelmapper.internal.util.MembersTest"/>
  <testcase name="shouldGetMethodForInterface" time="0.000" classname="org.modelmapper.internal.util.MembersTest"/>
  <testcase name="shouldGetFieldForChildClas" time="0.000" classname="org.modelmapper.internal.util.MembersTest"/>
</testsuite> <!-- org.modelmapper.internal.util.MembersTest -->
