<?xml version="1.0" encoding="UTF-8"?>
<!-- Generated by org.testng.reporters.JUnitReportReporter -->
<testsuite hostname="spirals-vortex.lille.inria.fr" name="org.modelmapper.functional.conditional.ConditionalTest" tests="3" failures="0" timestamp="26 May 2018 07:30:56 GMT" time="0.006" errors="0">
  <testcase name="shouldUseTypeMapCondition" time="0.000" classname="org.modelmapper.functional.conditional.ConditionalTest"/>
  <testcase name="shouldUseTypeMapPropertyCondition" time="0.001" classname="org.modelmapper.functional.conditional.ConditionalTest"/>
  <testcase name="propertyMapConditionShouldOverrideTypeMapPropertyCondition" time="0.005" classname="org.modelmapper.functional.conditional.ConditionalTest"/>
</testsuite> <!-- org.modelmapper.functional.conditional.ConditionalTest -->
