<?xml version="1.0" encoding="UTF-8"?>
<!-- Generated by org.testng.reporters.JUnitReportReporter -->
<testsuite hostname="spirals-vortex.lille.inria.fr" name="org.modelmapper.functional.circular.CircularDependencies3" tests="1" failures="0" timestamp="26 May 2018 07:30:56 GMT" time="0.003" errors="0">
  <testcase name="shouldMapCircularlReferences" time="0.003" classname="org.modelmapper.functional.circular.CircularDependencies3"/>
</testsuite> <!-- org.modelmapper.functional.circular.CircularDependencies3 -->
