<?xml version="1.0" encoding="UTF-8"?>
<!-- Generated by org.testng.reporters.JUnitReportReporter -->
<testsuite hostname="spirals-vortex.lille.inria.fr" name="org.modelmapper.functional.converter.CustomConversion$When_using_converter_for_mismatched_properties" tests="2" failures="0" timestamp="26 May 2018 07:30:56 GMT" time="0.001" errors="0">
  <testcase name="shouldValidate" time="0.000" classname="org.modelmapper.functional.converter.CustomConversion$When_using_converter_for_mismatched_properties"/>
  <testcase name="shouldMap" time="0.001" classname="org.modelmapper.functional.converter.CustomConversion$When_using_converter_for_mismatched_properties"/>
</testsuite> <!-- org.modelmapper.functional.converter.CustomConversion$When_using_converter_for_mismatched_properties -->
