<?xml version="1.0" encoding="UTF-8"?>
<!-- Generated by org.testng.reporters.JUnitReportReporter -->
<testsuite hostname="spirals-vortex.lille.inria.fr" name="org.modelmapper.internal.converter.ArrayConverterTest" tests="8" failures="0" timestamp="26 May 2018 07:30:56 GMT" time="0.009" errors="0">
  <testcase name="shouldConvertFromSet" time="0.000" classname="org.modelmapper.internal.converter.ArrayConverterTest"/>
  <testcase name="shouldConvertFromList" time="0.001" classname="org.modelmapper.internal.converter.ArrayConverterTest"/>
  <testcase name="shouldConvertFromPrimitiveArray" time="0.000" classname="org.modelmapper.internal.converter.ArrayConverterTest"/>
  <testcase name="shouldConvertElementsFromArray" time="0.003" classname="org.modelmapper.internal.converter.ArrayConverterTest"/>
  <testcase name="shouldConvertFromArray" time="0.001" classname="org.modelmapper.internal.converter.ArrayConverterTest"/>
  <testcase name="shouldConvertNestedElements" time="0.001" classname="org.modelmapper.internal.converter.ArrayConverterTest"/>
  <testcase name="shouldConvertElementsFromModel" time="0.003" classname="org.modelmapper.internal.converter.ArrayConverterTest"/>
  <testcase name="testMatches" time="0.000" classname="org.modelmapper.internal.converter.ArrayConverterTest"/>
</testsuite> <!-- org.modelmapper.internal.converter.ArrayConverterTest -->
