<?xml version="1.0" encoding="UTF-8"?>
<!-- Generated by org.testng.reporters.JUnitReportReporter -->
<testsuite hostname="spirals-vortex.lille.inria.fr" name="org.modelmapper.internal.InheritingConfigurationTest" tests="4" failures="0" timestamp="26 May 2018 07:30:56 GMT" time="0.001" errors="0">
  <testcase name="testEquals" time="0.000" classname="org.modelmapper.internal.InheritingConfigurationTest"/>
  <testcase name="testFullMatchingRequiredDefualtsToFalse" time="0.001" classname="org.modelmapper.internal.InheritingConfigurationTest"/>
  <testcase name="testFullMatchingRequiredIsInherited" time="0.000" classname="org.modelmapper.internal.InheritingConfigurationTest"/>
  <testcase name="testHashCode" time="0.000" classname="org.modelmapper.internal.InheritingConfigurationTest"/>
</testsuite> <!-- org.modelmapper.internal.InheritingConfigurationTest -->
