<?xml version="1.0" encoding="UTF-8"?>
<!-- Generated by org.testng.reporters.JUnitReportReporter -->
<testsuite hostname="spirals-vortex.lille.inria.fr" name="org.modelmapper.functional.converter.CustomConversion$When_using_member_converter" tests="2" failures="0" timestamp="26 May 2018 07:30:56 GMT" time="0.010" errors="0">
  <testcase name="shouldMapWithImplicitMappings" time="0.005" classname="org.modelmapper.functional.converter.CustomConversion$When_using_member_converter"/>
  <testcase name="shouldMapWithExplicitMappings" time="0.005" classname="org.modelmapper.functional.converter.CustomConversion$When_using_member_converter"/>
</testsuite> <!-- org.modelmapper.functional.converter.CustomConversion$When_using_member_converter -->
