<?xml version="1.0" encoding="UTF-8"?>
<!-- Generated by org.testng.reporters.JUnitReportReporter -->
<testsuite hostname="spirals-vortex.lille.inria.fr" name="org.modelmapper.functional.converter.CustomConversion$When_using_converter" tests="2" failures="0" timestamp="26 May 2018 07:30:56 GMT" time="0.006" errors="0">
  <testcase name="shouldSkipUnusedSourceMembers" time="0.006" classname="org.modelmapper.functional.converter.CustomConversion$When_using_converter"/>
  <testcase name="shouldUseConverter" time="0.000" classname="org.modelmapper.functional.converter.CustomConversion$When_using_converter"/>
</testsuite> <!-- org.modelmapper.functional.converter.CustomConversion$When_using_converter -->
