<?xml version="1.0" encoding="UTF-8"?>
<!-- Generated by org.testng.reporters.JUnitReportReporter -->
<testsuite hostname="spirals-vortex.lille.inria.fr" name="org.modelmapper.bugs.GH176" tests="3" failures="0" timestamp="26 May 2018 07:30:56 GMT" time="0.024" errors="0">
  <testcase name="shouldReuseConverter" time="0.007" classname="org.modelmapper.bugs.GH176"/>
  <testcase name="shouldAllowConverterToMultipleDestinationSources" time="0.007" classname="org.modelmapper.bugs.GH176"/>
  <testcase name="shouldAllowToReuseMultipleConverters" time="0.010" classname="org.modelmapper.bugs.GH176"/>
</testsuite> <!-- org.modelmapper.bugs.GH176 -->
