<?xml version="1.0" encoding="UTF-8"?>
<!-- Generated by org.testng.reporters.JUnitReportReporter -->
<testsuite hostname="spirals-vortex.lille.inria.fr" name="org.modelmapper.internal.converter.EnumConverterTest" tests="3" failures="0" timestamp="26 May 2018 07:30:56 GMT" time="0.001" errors="0">
  <testcase name="testMatches" time="0.000" classname="org.modelmapper.internal.converter.EnumConverterTest"/>
  <testcase name="shouldConvertFromStringToEnum" time="0.001" classname="org.modelmapper.internal.converter.EnumConverterTest"/>
  <testcase name="testConvert" time="0.000" classname="org.modelmapper.internal.converter.EnumConverterTest"/>
</testsuite> <!-- org.modelmapper.internal.converter.EnumConverterTest -->
