<?xml version="1.0" encoding="UTF-8"?>
<!-- Generated by org.testng.reporters.JUnitReportReporter -->
<testsuite hostname="spirals-vortex.lille.inria.fr" name="org.modelmapper.functional.shading.ConverterShading" tests="2" failures="0" timestamp="26 May 2018 07:30:56 GMT" time="0.020" errors="0">
  <testcase name="shouldShadeAllProperties" time="0.009" classname="org.modelmapper.functional.shading.ConverterShading"/>
  <testcase name="shouldShadeSomeProperties" time="0.011" classname="org.modelmapper.functional.shading.ConverterShading"/>
</testsuite> <!-- org.modelmapper.functional.shading.ConverterShading -->
