<?xml version="1.0" encoding="UTF-8"?>
<!-- Generated by org.testng.reporters.JUnitReportReporter -->
<testsuite hostname="spirals-vortex.lille.inria.fr" name="org.modelmapper.convention.LooseMatchingStrategyTest" tests="17" failures="0" timestamp="26 May 2018 07:30:56 GMT" time="0.001" errors="0">
  <testcase name="shouldMatchWithSameNameAndClassName" time="0.000" classname="org.modelmapper.convention.LooseMatchingStrategyTest"/>
  <testcase name="shouldMatchSplitTokens" time="0.000" classname="org.modelmapper.convention.LooseMatchingStrategyTest"/>
  <testcase name="shouldMatchGreaterDestinationHierarchy" time="0.000" classname="org.modelmapper.convention.LooseMatchingStrategyTest"/>
  <testcase name="shouldMatchInverted" time="0.000" classname="org.modelmapper.convention.LooseMatchingStrategyTest"/>
  <testcase name="shouldMatchInvertedDeclaringClass" time="0.000" classname="org.modelmapper.convention.LooseMatchingStrategyTest"/>
  <testcase name="shouldMatchCombinedTokens" time="0.000" classname="org.modelmapper.convention.LooseMatchingStrategyTest"/>
  <testcase name="shouldMatchSameTokenAgainstMultipleSourceMembers" time="0.000" classname="org.modelmapper.convention.LooseMatchingStrategyTest"/>
  <testcase name="shouldMatchClass" time="0.000" classname="org.modelmapper.convention.LooseMatchingStrategyTest"/>
  <testcase name="shouldMatchLastSourceMemberName" time="0.001" classname="org.modelmapper.convention.LooseMatchingStrategyTest"/>
  <testcase name="shouldMatchEqualHierarchies" time="0.000" classname="org.modelmapper.convention.LooseMatchingStrategyTest"/>
  <testcase name="shouldMatchSameTokenTwice" time="0.000" classname="org.modelmapper.convention.LooseMatchingStrategyTest"/>
  <testcase name="shouldNotMatchClassAlone" time="0.000" classname="org.modelmapper.convention.LooseMatchingStrategyTest"/>
  <testcase name="shouldMatchLastTokens" time="0.000" classname="org.modelmapper.convention.LooseMatchingStrategyTest"/>
  <testcase name="shouldNotMatchWithMismatchedLastToken" time="0.000" classname="org.modelmapper.convention.LooseMatchingStrategyTest"/>
  <testcase name="shouldMatchInvertedClass" time="0.000" classname="org.modelmapper.convention.LooseMatchingStrategyTest"/>
  <testcase name="shouldMatchDeclaringClass" time="0.000" classname="org.modelmapper.convention.LooseMatchingStrategyTest"/>
  <testcase name="shouldMatchGreaterSourceHierarchy" time="0.000" classname="org.modelmapper.convention.LooseMatchingStrategyTest"/>
</testsuite> <!-- org.modelmapper.convention.LooseMatchingStrategyTest -->
