<?xml version="1.0" encoding="UTF-8"?>
<!-- Generated by org.testng.reporters.JUnitReportReporter -->
<testsuite hostname="spirals-vortex.lille.inria.fr" name="org.modelmapper.functional.FieldMappingTest" tests="3" failures="0" timestamp="26 May 2018 07:30:56 GMT" time="0.028" errors="0">
  <testcase name="shouldMapFieldsWithSubclass" time="0.007" classname="org.modelmapper.functional.FieldMappingTest"/>
  <testcase name="shouldMapConstantToDestinationField" time="0.006" classname="org.modelmapper.functional.FieldMappingTest"/>
  <testcase name="shouldMapFieldReferencesFromPropertyMap" time="0.015" classname="org.modelmapper.functional.FieldMappingTest"/>
</testsuite> <!-- org.modelmapper.functional.FieldMappingTest -->
