<?xml version="1.0" encoding="UTF-8"?>
<!-- Generated by org.testng.reporters.JUnitReportReporter -->
<testsuite hostname="spirals-vortex.lille.inria.fr" name="org.modelmapper.functional.deepmapping.DeepMappingTest1" tests="2" failures="0" timestamp="26 May 2018 07:30:56 GMT" time="0.020" errors="0">
  <testcase name="testMapping" time="0.017" classname="org.modelmapper.functional.deepmapping.DeepMappingTest1"/>
  <testcase name="shouldThrowOnMissingMutatorForAccessor" time="0.003" classname="org.modelmapper.functional.deepmapping.DeepMappingTest1"/>
</testsuite> <!-- org.modelmapper.functional.deepmapping.DeepMappingTest1 -->
