<?xml version="1.0" encoding="UTF-8"?>
<!-- Generated by org.testng.reporters.JUnitReportReporter -->
<testsuite hostname="spirals-vortex.lille.inria.fr" name="org.modelmapper.convention.StandardMatchingStrategyTest" tests="16" failures="0" timestamp="26 May 2018 07:30:56 GMT" time="0.002" errors="0">
  <testcase name="shouldMatchEqualHierarchies" time="0.001" classname="org.modelmapper.convention.StandardMatchingStrategyTest"/>
  <testcase name="shouldMatchSameTokenTwice" time="0.000" classname="org.modelmapper.convention.StandardMatchingStrategyTest"/>
  <testcase name="shouldMatchSplitTokens" time="0.000" classname="org.modelmapper.convention.StandardMatchingStrategyTest"/>
  <testcase name="shouldMatchInvertedClass" time="0.000" classname="org.modelmapper.convention.StandardMatchingStrategyTest"/>
  <testcase name="shouldMatchGreaterSourceHierarchy" time="0.000" classname="org.modelmapper.convention.StandardMatchingStrategyTest"/>
  <testcase name="shouldMatchClass" time="0.001" classname="org.modelmapper.convention.StandardMatchingStrategyTest"/>
  <testcase name="shouldMatchDeclaringClass" time="0.000" classname="org.modelmapper.convention.StandardMatchingStrategyTest"/>
  <testcase name="shouldMatchCombinedTokens" time="0.000" classname="org.modelmapper.convention.StandardMatchingStrategyTest"/>
  <testcase name="shouldMatchWithSameNameAndClassName" time="0.000" classname="org.modelmapper.convention.StandardMatchingStrategyTest"/>
  <testcase name="shouldNotMatchClassAlone" time="0.000" classname="org.modelmapper.convention.StandardMatchingStrategyTest"/>
  <testcase name="shouldMatchInvertedDeclaringClass" time="0.000" classname="org.modelmapper.convention.StandardMatchingStrategyTest"/>
  <testcase name="shouldMatchInverted" time="0.000" classname="org.modelmapper.convention.StandardMatchingStrategyTest"/>
  <testcase name="shouldMatchGreaterDestinationHierarchy" time="0.000" classname="org.modelmapper.convention.StandardMatchingStrategyTest"/>
  <testcase name="shouldNotMatchMissingDestinationToken" time="0.000" classname="org.modelmapper.convention.StandardMatchingStrategyTest"/>
  <testcase name="shouldMatchUnorderedSourceTokens" time="0.000" classname="org.modelmapper.convention.StandardMatchingStrategyTest"/>
  <testcase name="shouldNotMatchMissingSourceToken" time="0.000" classname="org.modelmapper.convention.StandardMatchingStrategyTest"/>
</testsuite> <!-- org.modelmapper.convention.StandardMatchingStrategyTest -->
