<?xml version="1.0" encoding="UTF-8"?>
<!-- Generated by org.testng.reporters.JUnitReportReporter -->
<testsuite hostname="spirals-vortex.lille.inria.fr" name="org.modelmapper.functional.converter.ImplicitUnknownTypeConversionTest" tests="8" failures="0" timestamp="26 May 2018 07:30:56 GMT" time="0.003" errors="0">
  <testcase name="strictMapperShouldNotAllowImplicitMappingObjectsToBooleans" time="0.000" classname="org.modelmapper.functional.converter.ImplicitUnknownTypeConversionTest"/>
  <testcase name="standardMapperShouldAllowImplicitMappingObjectsToStrings" time="0.000" classname="org.modelmapper.functional.converter.ImplicitUnknownTypeConversionTest"/>
  <testcase name="strictMapperShouldNotAllowImplicitMappingObjectsToCharacters" time="0.000" classname="org.modelmapper.functional.converter.ImplicitUnknownTypeConversionTest"/>
  <testcase name="standardMapperShouldAllowImplicitMappingObjectsToBooleans" time="0.000" classname="org.modelmapper.functional.converter.ImplicitUnknownTypeConversionTest"/>
  <testcase name="strictMapperShouldNotAllowImplicitMappingObjectsToStrings" time="0.000" classname="org.modelmapper.functional.converter.ImplicitUnknownTypeConversionTest"/>
  <testcase name="strictMapperShouldNotAllowImplicitMappingObjectsToIntegers" time="0.001" classname="org.modelmapper.functional.converter.ImplicitUnknownTypeConversionTest"/>
  <testcase name="standardMapperShouldAllowImplicitMappingObjectsToIntegers" time="0.000" classname="org.modelmapper.functional.converter.ImplicitUnknownTypeConversionTest"/>
  <testcase name="standardMapperShouldAllowImplicitMappingObjectsToCharacters" time="0.002" classname="org.modelmapper.functional.converter.ImplicitUnknownTypeConversionTest"/>
</testsuite> <!-- org.modelmapper.functional.converter.ImplicitUnknownTypeConversionTest -->
