<?xml version="1.0" encoding="UTF-8"?>
<!-- Generated by org.testng.reporters.JUnitReportReporter -->
<testsuite hostname="spirals-vortex.lille.inria.fr" name="org.modelmapper.functional.lambda.TypeMapLambdaDeepMapTest" tests="2" failures="0" timestamp="26 May 2018 07:30:56 GMT" time="0.012" errors="0">
  <testcase name="shouldAddMappingDeeply" time="0.007" classname="org.modelmapper.functional.lambda.TypeMapLambdaDeepMapTest"/>
  <testcase name="shouldAddMappingWithProvider" time="0.005" classname="org.modelmapper.functional.lambda.TypeMapLambdaDeepMapTest"/>
</testsuite> <!-- org.modelmapper.functional.lambda.TypeMapLambdaDeepMapTest -->
