<?xml version="1.0" encoding="UTF-8"?>
<!-- Generated by org.testng.reporters.JUnitReportReporter -->
<testsuite hostname="spirals-vortex.lille.inria.fr" name="org.modelmapper.functional.deepmapping.NestedMappingTest2" tests="11" failures="0" timestamp="26 May 2018 07:30:56 GMT" time="0.005" errors="0">
  <testcase name="shouldMapEvent2ToEventDTO2" time="0.000" classname="org.modelmapper.functional.deepmapping.NestedMappingTest2"/>
  <testcase name="shouldMapEventDTO3ToEventDTO2" time="0.001" classname="org.modelmapper.functional.deepmapping.NestedMappingTest2"/>
  <testcase name="shouldMapEventDTO1ToEvent1" time="0.000" classname="org.modelmapper.functional.deepmapping.NestedMappingTest2"/>
  <testcase name="shouldThrowOnAmbiguousEventDTO4ToEvent1" time="0.001" classname="org.modelmapper.functional.deepmapping.NestedMappingTest2"/>
  <testcase name="shouldMapEvent1ToEventDTO1" time="0.000" classname="org.modelmapper.functional.deepmapping.NestedMappingTest2"/>
  <testcase name="shouldMapEventDTO3ToEvent1" time="0.000" classname="org.modelmapper.functional.deepmapping.NestedMappingTest2"/>
  <testcase name="shouldMapEventDTO2ToEvent1" time="0.001" classname="org.modelmapper.functional.deepmapping.NestedMappingTest2"/>
  <testcase name="shouldMapEvent2ToEventDTO1" time="0.000" classname="org.modelmapper.functional.deepmapping.NestedMappingTest2"/>
  <testcase name="shouldMapEvent1ToEventDTO2" time="0.000" classname="org.modelmapper.functional.deepmapping.NestedMappingTest2"/>
  <testcase name="shouldMapEvent1ToEventDTO3" time="0.000" classname="org.modelmapper.functional.deepmapping.NestedMappingTest2"/>
  <testcase name="shouldMapEventDTO4ToEvent3" time="0.002" classname="org.modelmapper.functional.deepmapping.NestedMappingTest2"/>
</testsuite> <!-- org.modelmapper.functional.deepmapping.NestedMappingTest2 -->
