<?xml version="1.0" encoding="UTF-8"?>
<!-- Generated by org.testng.reporters.JUnitReportReporter -->
<testsuite hostname="spirals-vortex.lille.inria.fr" name="org.modelmapper.functional.shading.NullMapping1" tests="2" failures="0" timestamp="26 May 2018 07:30:56 GMT" time="0.005" errors="0">
  <testcase name="shouldShadeWhenNullEncountered" time="0.004" classname="org.modelmapper.functional.shading.NullMapping1"/>
  <testcase name="shouldMap" time="0.001" classname="org.modelmapper.functional.shading.NullMapping1"/>
</testsuite> <!-- org.modelmapper.functional.shading.NullMapping1 -->
