<?xml version="1.0" encoding="UTF-8"?>
<!-- Generated by org.testng.reporters.JUnitReportReporter -->
<testsuite hostname="spirals-vortex.lille.inria.fr" name="org.modelmapper.bugs.GH171" tests="2" failures="0" timestamp="26 May 2018 07:30:56 GMT" time="0.015" errors="0">
  <testcase name="shouldMap2" time="0.003" classname="org.modelmapper.bugs.GH171"/>
  <testcase name="shouldMap1" time="0.012" classname="org.modelmapper.bugs.GH171"/>
</testsuite> <!-- org.modelmapper.bugs.GH171 -->
