<?xml version="1.0" encoding="UTF-8"?>
<!-- Generated by org.testng.reporters.JUnitReportReporter -->
<testsuite hostname="spirals-vortex.lille.inria.fr" name="org.modelmapper.internal.converter.CalendarConverterTest" tests="7" failures="0" timestamp="26 May 2018 07:30:56 GMT" time="0.038" errors="0">
  <testcase name="shouldConvertDate1" time="0.017" classname="org.modelmapper.internal.converter.CalendarConverterTest"/>
  <testcase name="shouldThrowOnInvalidDestinationType" time="0.008" classname="org.modelmapper.internal.converter.CalendarConverterTest"/>
  <testcase name="testMatches" time="0.001" classname="org.modelmapper.internal.converter.CalendarConverterTest"/>
  <testcase name="shouldConvertDate2" time="0.002" classname="org.modelmapper.internal.converter.CalendarConverterTest"/>
  <testcase name="shouldConvertDate1" time="0.002" classname="org.modelmapper.internal.converter.CalendarConverterTest"/>
  <testcase name="shouldThrowOnNullSource" time="0.001" classname="org.modelmapper.internal.converter.CalendarConverterTest"/>
  <testcase name="shouldConvertDate2" time="0.007" classname="org.modelmapper.internal.converter.CalendarConverterTest"/>
</testsuite> <!-- org.modelmapper.internal.converter.CalendarConverterTest -->
