<?xml version="1.0" encoding="UTF-8"?>
<!-- Generated by org.testng.reporters.JUnitReportReporter -->
<testsuite hostname="spirals-vortex.lille.inria.fr" name="org.modelmapper.functional.deepmapping.NestedMappingTest1" tests="6" failures="0" timestamp="26 May 2018 07:30:56 GMT" time="0.003" errors="0">
  <testcase name="shouldMapArtistToSongDTO2" time="0.001" classname="org.modelmapper.functional.deepmapping.NestedMappingTest1"/>
  <testcase name="shouldMapSongDTOToArtist" time="0.000" classname="org.modelmapper.functional.deepmapping.NestedMappingTest1"/>
  <testcase name="shouldMapArtistToArtistDTO" time="0.001" classname="org.modelmapper.functional.deepmapping.NestedMappingTest1"/>
  <testcase name="shouldMapSongDTO2ToSong" time="0.000" classname="org.modelmapper.functional.deepmapping.NestedMappingTest1"/>
  <testcase name="shouldMapSongToSongDTO1" time="0.000" classname="org.modelmapper.functional.deepmapping.NestedMappingTest1"/>
  <testcase name="shouldMapSongToSongDTO2" time="0.001" classname="org.modelmapper.functional.deepmapping.NestedMappingTest1"/>
</testsuite> <!-- org.modelmapper.functional.deepmapping.NestedMappingTest1 -->
