<?xml version="1.0" encoding="UTF-8"?>
<!-- Generated by org.testng.reporters.JUnitReportReporter -->
<testsuite hostname="spirals-vortex.lille.inria.fr" name="org.modelmapper.internal.converter.NumberConverterTest" tests="51" failures="0" timestamp="26 May 2018 07:30:56 GMT" time="0.018" errors="0">
  <testcase name="shouldFailOnInvalidDestinationType" time="0.000" classname="org.modelmapper.internal.converter.NumberConverterTest"/>
  <testcase name="shouldConvertDoubles" time="0.000" classname="org.modelmapper.internal.converter.NumberConverterTest"/>
  <testcase name="testInvalidIntegerAmount" time="0.000" classname="org.modelmapper.internal.converter.NumberConverterTest"/>
  <testcase name="testBooleanToNumber" time="0.001" classname="org.modelmapper.internal.converter.NumberConverterTest"/>
  <testcase name="testConvertNumber" time="0.000" classname="org.modelmapper.internal.converter.NumberConverterTest"/>
  <testcase name="testConvertNumber" time="0.000" classname="org.modelmapper.internal.converter.NumberConverterTest"/>
  <testcase name="testConvertNumber" time="0.000" classname="org.modelmapper.internal.converter.NumberConverterTest"/>
  <testcase name="shouldConvertBytes" time="0.000" classname="org.modelmapper.internal.converter.NumberConverterTest"/>
  <testcase name="testStringToNumber" time="0.000" classname="org.modelmapper.internal.converter.NumberConverterTest"/>
  <testcase name="shouldConvertXmlGregorianCalendarToLong" time="0.001" classname="org.modelmapper.internal.converter.NumberConverterTest"/>
  <testcase name="testBooleanToNumber" time="0.000" classname="org.modelmapper.internal.converter.NumberConverterTest"/>
  <testcase name="testInvalidByteAmount" time="0.000" classname="org.modelmapper.internal.converter.NumberConverterTest"/>
  <testcase name="shouldConvertFloats" time="0.001" classname="org.modelmapper.internal.converter.NumberConverterTest"/>
  <testcase name="testConvertNumber" time="0.000" classname="org.modelmapper.internal.converter.NumberConverterTest"/>
  <testcase name="testStringToNumber" time="0.000" classname="org.modelmapper.internal.converter.NumberConverterTest"/>
  <testcase name="shouldFailOnInvalidDestinationType" time="0.000" classname="org.modelmapper.internal.converter.NumberConverterTest"/>
  <testcase name="testBooleanToNumber" time="0.001" classname="org.modelmapper.internal.converter.NumberConverterTest"/>
  <testcase name="testConvertNumber" time="0.001" classname="org.modelmapper.internal.converter.NumberConverterTest"/>
  <testcase name="testBooleanToNumber" time="0.000" classname="org.modelmapper.internal.converter.NumberConverterTest"/>
  <testcase name="shouldConvertBigDecimals" time="0.002" classname="org.modelmapper.internal.converter.NumberConverterTest"/>
  <testcase name="shouldThrowOnMapDateToInteger" time="0.000" classname="org.modelmapper.internal.converter.NumberConverterTest"/>
  <testcase name="shouldConvertBigIntegers" time="0.000" classname="org.modelmapper.internal.converter.NumberConverterTest"/>
  <testcase name="testStringToNumber" time="0.000" classname="org.modelmapper.internal.converter.NumberConverterTest"/>
  <testcase name="shouldThrowOnMapCalendarToInteger" time="0.000" classname="org.modelmapper.internal.converter.NumberConverterTest"/>
  <testcase name="testInvalidFloatAmount" time="0.001" classname="org.modelmapper.internal.converter.NumberConverterTest"/>
  <testcase name="shouldConvertCalendarToLong" time="0.001" classname="org.modelmapper.internal.converter.NumberConverterTest"/>
  <testcase name="testBooleanToNumber" time="0.000" classname="org.modelmapper.internal.converter.NumberConverterTest"/>
  <testcase name="shouldFailOnInvalidDestinationType" time="0.000" classname="org.modelmapper.internal.converter.NumberConverterTest"/>
  <testcase name="testBooleanToNumber" time="0.000" classname="org.modelmapper.internal.converter.NumberConverterTest"/>
  <testcase name="shouldConvertIntegers" time="0.000" classname="org.modelmapper.internal.converter.NumberConverterTest"/>
  <testcase name="shouldConvertDateToLong" time="0.000" classname="org.modelmapper.internal.converter.NumberConverterTest"/>
  <testcase name="shouldThrowOnNotANumber" time="0.001" classname="org.modelmapper.internal.converter.NumberConverterTest"/>
  <testcase name="testConvertNumber" time="0.000" classname="org.modelmapper.internal.converter.NumberConverterTest"/>
  <testcase name="testMatches" time="0.001" classname="org.modelmapper.internal.converter.NumberConverterTest"/>
  <testcase name="testConvertNumber" time="0.000" classname="org.modelmapper.internal.converter.NumberConverterTest"/>
  <testcase name="shouldFailOnInvalidDestinationType" time="0.000" classname="org.modelmapper.internal.converter.NumberConverterTest"/>
  <testcase name="testStringToNumber" time="0.000" classname="org.modelmapper.internal.converter.NumberConverterTest"/>
  <testcase name="testInvalidShortAmount" time="0.000" classname="org.modelmapper.internal.converter.NumberConverterTest"/>
  <testcase name="testStringToNumber" time="0.001" classname="org.modelmapper.internal.converter.NumberConverterTest"/>
  <testcase name="shouldFailOnInvalidDestinationType" time="0.001" classname="org.modelmapper.internal.converter.NumberConverterTest"/>
  <testcase name="shouldConvertLongs" time="0.002" classname="org.modelmapper.internal.converter.NumberConverterTest"/>
  <testcase name="shouldConvertShorts" time="0.000" classname="org.modelmapper.internal.converter.NumberConverterTest"/>
  <testcase name="shouldFailOnInvalidDestinationType" time="0.000" classname="org.modelmapper.internal.converter.NumberConverterTest"/>
  <testcase name="shouldFailOnInvalidDestinationType" time="0.001" classname="org.modelmapper.internal.converter.NumberConverterTest"/>
  <testcase name="testBooleanToNumber" time="0.000" classname="org.modelmapper.internal.converter.NumberConverterTest"/>
  <testcase name="shouldFailOnInvalidDestinationType" time="0.000" classname="org.modelmapper.internal.converter.NumberConverterTest"/>
  <testcase name="testStringToNumber" time="0.000" classname="org.modelmapper.internal.converter.NumberConverterTest"/>
  <testcase name="testStringToNumber" time="0.002" classname="org.modelmapper.internal.converter.NumberConverterTest"/>
  <testcase name="testStringToNumber" time="0.000" classname="org.modelmapper.internal.converter.NumberConverterTest"/>
  <testcase name="testConvertNumber" time="0.000" classname="org.modelmapper.internal.converter.NumberConverterTest"/>
  <testcase name="testBooleanToNumber" time="0.000" classname="org.modelmapper.internal.converter.NumberConverterTest"/>
</testsuite> <!-- org.modelmapper.internal.converter.NumberConverterTest -->
