<?xml version="1.0" encoding="UTF-8"?>
<!-- Generated by org.testng.reporters.JUnitReportReporter -->
<testsuite hostname="spirals-vortex.lille.inria.fr" name="org.modelmapper.functional.lambda.TypeMapLambdaTypeConvertTest" tests="2" failures="0" timestamp="26 May 2018 07:30:56 GMT" time="0.007" errors="0">
  <testcase name="shouldAddMappingIntegerToString" time="0.004" classname="org.modelmapper.functional.lambda.TypeMapLambdaTypeConvertTest"/>
  <testcase name="shouldAddMappingStringToInteger" time="0.003" classname="org.modelmapper.functional.lambda.TypeMapLambdaTypeConvertTest"/>
</testsuite> <!-- org.modelmapper.functional.lambda.TypeMapLambdaTypeConvertTest -->
