<?xml version="1.0" encoding="UTF-8"?>
<!-- Generated by org.testng.reporters.JUnitReportReporter -->
<testsuite hostname="spirals-vortex.lille.inria.fr" name="org.modelmapper.functional.deepmapping.NestedMappingTest4" tests="6" failures="0" timestamp="26 May 2018 07:30:56 GMT" time="0.004" errors="0">
  <testcase name="shouldNotMapUserDTO1ToUser2" time="0.000" classname="org.modelmapper.functional.deepmapping.NestedMappingTest4"/>
  <testcase name="shouldMapUser1ToUserDTO1" time="0.000" classname="org.modelmapper.functional.deepmapping.NestedMappingTest4"/>
  <testcase name="shouldMapUser2ToUserDTO2" time="0.000" classname="org.modelmapper.functional.deepmapping.NestedMappingTest4"/>
  <testcase name="shouldMapUserDTO2ToUser2" time="0.002" classname="org.modelmapper.functional.deepmapping.NestedMappingTest4"/>
  <testcase name="shouldNotMapUser2ToUserDTO1" time="0.001" classname="org.modelmapper.functional.deepmapping.NestedMappingTest4"/>
  <testcase name="shouldMapUserDTO1ToUser1" time="0.001" classname="org.modelmapper.functional.deepmapping.NestedMappingTest4"/>
</testsuite> <!-- org.modelmapper.functional.deepmapping.NestedMappingTest4 -->
