<?xml version="1.0" encoding="UTF-8"?>
<!-- Generated by org.testng.reporters.JUnitReportReporter -->
<testsuite hostname="spirals-vortex.lille.inria.fr" name="org.modelmapper.internal.util.TypesTest" tests="3" failures="0" timestamp="26 May 2018 07:30:56 GMT" time="0.008" errors="0">
  <testcase name="shouldDeProxyCGLibProxy" time="0.005" classname="org.modelmapper.internal.util.TypesTest"/>
  <testcase name="shouldDeProxyJavassistProxy" time="0.002" classname="org.modelmapper.internal.util.TypesTest"/>
  <testcase name="shouldDeProxyDynamicProxy" time="0.001" classname="org.modelmapper.internal.util.TypesTest"/>
</testsuite> <!-- org.modelmapper.internal.util.TypesTest -->
