<?xml version="1.0" encoding="UTF-8"?>
<!-- Generated by org.testng.reporters.JUnitReportReporter -->
<testsuite hostname="spirals-vortex.lille.inria.fr" name="org.modelmapper.functional.EqualHierarchies" tests="4" failures="0" timestamp="26 May 2018 07:30:56 GMT" time="0.001" errors="0">
  <testcase name="shouldMapInnerClasses" time="0.000" classname="org.modelmapper.functional.EqualHierarchies"/>
  <testcase name="shouldMapInverseInnerClasses" time="0.000" classname="org.modelmapper.functional.EqualHierarchies"/>
  <testcase name="shouldMapInverseOuterClasses" time="0.001" classname="org.modelmapper.functional.EqualHierarchies"/>
  <testcase name="shouldMapOuterClasses" time="0.000" classname="org.modelmapper.functional.EqualHierarchies"/>
</testsuite> <!-- org.modelmapper.functional.EqualHierarchies -->
