<?xml version="1.0" encoding="UTF-8"?>
<!-- Generated by org.testng.reporters.JUnitReportReporter -->
<testsuite hostname="spirals-vortex.lille.inria.fr" name="org.modelmapper.functional.circular.CircularDependencies5" tests="3" failures="0" timestamp="26 May 2018 07:30:56 GMT" time="0.005" errors="0">
  <testcase name="shouldMapTowns" time="0.001" classname="org.modelmapper.functional.circular.CircularDependencies5"/>
  <testcase name="shouldMapStreet" time="0.002" classname="org.modelmapper.functional.circular.CircularDependencies5"/>
  <testcase name="shouldMapHouses" time="0.002" classname="org.modelmapper.functional.circular.CircularDependencies5"/>
</testsuite> <!-- org.modelmapper.functional.circular.CircularDependencies5 -->
