<?xml version="1.0" encoding="UTF-8"?>
<!-- Generated by org.testng.reporters.JUnitReportReporter -->
<testsuite hostname="spirals-vortex.lille.inria.fr" name="org.modelmapper.functional.lambda.TypeMapLambdaTest" tests="7" failures="0" timestamp="26 May 2018 07:30:56 GMT" time="0.024" errors="0">
  <testcase name="shouldAddMappingWithCondition" time="0.004" classname="org.modelmapper.functional.lambda.TypeMapLambdaTest"/>
  <testcase name="shouldAddMappingWithConverter" time="0.003" classname="org.modelmapper.functional.lambda.TypeMapLambdaTest"/>
  <testcase name="shouldAddMappingWithSkip" time="0.001" classname="org.modelmapper.functional.lambda.TypeMapLambdaTest"/>
  <testcase name="shouldFailedWithEmptyDestinationSetter" time="0.007" classname="org.modelmapper.functional.lambda.TypeMapLambdaTest"/>
  <testcase name="shouldFailedWithWrongSourceGetter" time="0.003" classname="org.modelmapper.functional.lambda.TypeMapLambdaTest"/>
  <testcase name="shouldAddMapping" time="0.003" classname="org.modelmapper.functional.lambda.TypeMapLambdaTest"/>
  <testcase name="shouldFailedWithEmptySourceGetter" time="0.003" classname="org.modelmapper.functional.lambda.TypeMapLambdaTest"/>
</testsuite> <!-- org.modelmapper.functional.lambda.TypeMapLambdaTest -->
