<?xml version="1.0" encoding="UTF-8"?>
<!-- Generated by org.testng.reporters.JUnitReportReporter -->
<testsuite hostname="spirals-vortex.lille.inria.fr" name="org.modelmapper.functional.converter.ConverterTest1" tests="5" failures="0" timestamp="26 May 2018 07:30:56 GMT" time="0.019" errors="0">
  <testcase name="shouldUseConverterWhenMappingFields" time="0.007" classname="org.modelmapper.functional.converter.ConverterTest1"/>
  <testcase name="propertyMapConverterShouldOverrideTypeMapPropertyConverter" time="0.005" classname="org.modelmapper.functional.converter.ConverterTest1"/>
  <testcase name="shouldUseTypeMapPropertyConverter" time="0.000" classname="org.modelmapper.functional.converter.ConverterTest1"/>
  <testcase name="shouldUseTypeMapConverter" time="0.000" classname="org.modelmapper.functional.converter.ConverterTest1"/>
  <testcase name="shouldUseConverterWhenMappingDestinationFieldWithoutSource" time="0.007" classname="org.modelmapper.functional.converter.ConverterTest1"/>
</testsuite> <!-- org.modelmapper.functional.converter.ConverterTest1 -->
