<?xml version="1.0" encoding="UTF-8"?>
<!-- Generated by org.testng.reporters.JUnitReportReporter -->
<testsuite hostname="spirals-vortex.lille.inria.fr" name="org.modelmapper.internal.converter.BooleanConverterTest" tests="4" failures="0" timestamp="26 May 2018 07:30:56 GMT" time="0.000" errors="0">
  <testcase name="testSupported" time="0.000" classname="org.modelmapper.internal.converter.BooleanConverterTest"/>
  <testcase name="shouldThrowOnInvalidString" time="0.000" classname="org.modelmapper.internal.converter.BooleanConverterTest"/>
  <testcase name="testStandardValues" time="0.000" classname="org.modelmapper.internal.converter.BooleanConverterTest"/>
  <testcase name="testCaseInsensitivity" time="0.000" classname="org.modelmapper.internal.converter.BooleanConverterTest"/>
</testsuite> <!-- org.modelmapper.internal.converter.BooleanConverterTest -->
