<?xml version="1.0" encoding="UTF-8"?>
<!-- Generated by org.testng.reporters.JUnitReportReporter -->
<testsuite hostname="spirals-vortex.lille.inria.fr" name="org.modelmapper.functional.deepmapping.NestedMappingTest3" tests="9" failures="0" timestamp="26 May 2018 07:30:56 GMT" time="0.008" errors="0">
  <testcase name="shouldMapOrderToOrderDTO2" time="0.000" classname="org.modelmapper.functional.deepmapping.NestedMappingTest3"/>
  <testcase name="shouldMapOrderToOrderDTO3" time="0.002" classname="org.modelmapper.functional.deepmapping.NestedMappingTest3"/>
  <testcase name="shouldMapName2ToPersonDTO1" time="0.001" classname="org.modelmapper.functional.deepmapping.NestedMappingTest3"/>
  <testcase name="shouldMapPersonToPersonDTO1" time="0.002" classname="org.modelmapper.functional.deepmapping.NestedMappingTest3"/>
  <testcase name="shouldMapOrderDTO2ToOrder" time="0.001" classname="org.modelmapper.functional.deepmapping.NestedMappingTest3"/>
  <testcase name="shouldMapOrderDTO1ToOrder" time="0.001" classname="org.modelmapper.functional.deepmapping.NestedMappingTest3"/>
  <testcase name="shouldMapOrderToOrderDTO1" time="0.000" classname="org.modelmapper.functional.deepmapping.NestedMappingTest3"/>
  <testcase name="shouldMapOrderDTO3ToOrder" time="0.001" classname="org.modelmapper.functional.deepmapping.NestedMappingTest3"/>
  <testcase name="shouldMapPersonToPersonDTO2" time="0.000" classname="org.modelmapper.functional.deepmapping.NestedMappingTest3"/>
</testsuite> <!-- org.modelmapper.functional.deepmapping.NestedMappingTest3 -->
