<?xml version="1.0" encoding="UTF-8"?>
<!-- Generated by org.testng.reporters.JUnitReportReporter -->
<testsuite hostname="spirals-vortex.lille.inria.fr" name="org.modelmapper.functional.MismatchedProperties" tests="1" failures="0" timestamp="26 May 2018 07:30:56 GMT" time="0.005" errors="0">
  <testcase name="shouldMapMismatchedProperties" time="0.005" classname="org.modelmapper.functional.MismatchedProperties"/>
</testsuite> <!-- org.modelmapper.functional.MismatchedProperties -->
