<?xml version="1.0" encoding="UTF-8"?>
<!-- Generated by org.testng.reporters.JUnitReportReporter -->
<testsuite hostname="spirals-vortex.lille.inria.fr" name="org.modelmapper.functional.typeresolution.GenericMapping" tests="4" failures="0" timestamp="26 May 2018 07:30:56 GMT" time="0.001" errors="0">
  <testcase name="shouldMapFromGenericType" time="0.001" classname="org.modelmapper.functional.typeresolution.GenericMapping"/>
  <testcase name="shouldMapToSameType" time="0.000" classname="org.modelmapper.functional.typeresolution.GenericMapping"/>
  <testcase name="shouldMapToGenericType" time="0.000" classname="org.modelmapper.functional.typeresolution.GenericMapping"/>
  <testcase name="shouldMapFromGenericTypeToGenericType" time="0.000" classname="org.modelmapper.functional.typeresolution.GenericMapping"/>
</testsuite> <!-- org.modelmapper.functional.typeresolution.GenericMapping -->
