<?xml version="1.0" encoding="UTF-8"?>
<!-- Generated by org.testng.reporters.JUnitReportReporter -->
<testsuite hostname="spirals-vortex.lille.inria.fr" name="org.modelmapper.functional.ProxyTest" tests="2" failures="0" timestamp="26 May 2018 07:30:56 GMT" time="0.069" errors="0">
  <testcase name="shouldMapCglibProxies" time="0.068" classname="org.modelmapper.functional.ProxyTest"/>
  <testcase name="shouldMapBytebuddyProxies" time="0.001" classname="org.modelmapper.functional.ProxyTest"/>
</testsuite> <!-- org.modelmapper.functional.ProxyTest -->
