<?xml version="1.0" encoding="UTF-8"?>
<!-- Generated by org.testng.reporters.JUnitReportReporter -->
<testsuite hostname="spirals-vortex.lille.inria.fr" name="org.modelmapper.convention.InexactMatcherTest" tests="1" failures="0" timestamp="26 May 2018 07:30:56 GMT" time="0.000" errors="0">
  <testcase name="shouldMatchTokens" time="0.000" classname="org.modelmapper.convention.InexactMatcherTest"/>
</testsuite> <!-- org.modelmapper.convention.InexactMatcherTest -->
