<?xml version="1.0" encoding="UTF-8"?>
<!-- Generated by org.testng.reporters.JUnitReportReporter -->
<testsuite hostname="spirals-vortex.lille.inria.fr" name="org.modelmapper.functional.inherit.TypeMapIncludeBaseTest" tests="2" failures="0" timestamp="26 May 2018 07:30:56 GMT" time="0.009" errors="0">
  <testcase name="shouldMappingInterfaceSuccess" time="0.004" classname="org.modelmapper.functional.inherit.TypeMapIncludeBaseTest"/>
  <testcase name="shouldMappingClassSuccess" time="0.005" classname="org.modelmapper.functional.inherit.TypeMapIncludeBaseTest"/>
</testsuite> <!-- org.modelmapper.functional.inherit.TypeMapIncludeBaseTest -->
