<?xml version="1.0" encoding="UTF-8"?>
<!-- Generated by org.testng.reporters.JUnitReportReporter -->
<testsuite hostname="spirals-vortex.lille.inria.fr" name="org.modelmapper.functional.enums.EnumSetMappingTest" tests="2" failures="0" timestamp="26 May 2018 07:30:56 GMT" time="0.083" errors="0">
  <testcase name="testEnumSetAsEmpty" time="0.047" classname="org.modelmapper.functional.enums.EnumSetMappingTest"/>
  <testcase name="testEnumSetWithValues" time="0.036" classname="org.modelmapper.functional.enums.EnumSetMappingTest"/>
</testsuite> <!-- org.modelmapper.functional.enums.EnumSetMappingTest -->
