<?xml version="1.0" encoding="UTF-8"?>
<!-- Generated by org.testng.reporters.JUnitReportReporter -->
<testsuite hostname="spirals-vortex.lille.inria.fr" name="org.modelmapper.ModelMapperTest" tests="8" failures="0" timestamp="26 May 2018 07:30:56 GMT" time="0.015" errors="0">
  <testcase name="shouldLoadWhenMemberMapIsValid" time="0.004" classname="org.modelmapper.ModelMapperTest"/>
  <testcase name="shouldCreateTypeMap" time="0.001" classname="org.modelmapper.ModelMapperTest"/>
  <testcase name="shouldTypeMapCreateOrGet" time="0.001" classname="org.modelmapper.ModelMapperTest"/>
  <testcase name="shouldValidateWhenAllDestinationMembersMapped" time="0.005" classname="org.modelmapper.ModelMapperTest"/>
  <testcase name="shouldCreateTypeMapForConfig" time="0.002" classname="org.modelmapper.ModelMapperTest"/>
  <testcase name="shouldGetTypeMap" time="0.000" classname="org.modelmapper.ModelMapperTest"/>
  <testcase name="shouldRegisterMapper" time="0.001" classname="org.modelmapper.ModelMapperTest"/>
  <testcase name="shouldThrowOnValidateWhenDestinationMembersMissing" time="0.001" classname="org.modelmapper.ModelMapperTest"/>
</testsuite> <!-- org.modelmapper.ModelMapperTest -->
