<?xml version="1.0" encoding="UTF-8"?>
<!-- Generated by org.testng.reporters.JUnitReportReporter -->
<testsuite hostname="spirals-vortex.lille.inria.fr" name="org.modelmapper.bugs.GH197" tests="2" failures="0" timestamp="26 May 2018 07:30:56 GMT" time="0.008" errors="0">
  <testcase name="shouldNotSkipWhenConditionNotMatch" time="0.004" classname="org.modelmapper.bugs.GH197"/>
  <testcase name="shouldSkipWhenConditionMatch" time="0.004" classname="org.modelmapper.bugs.GH197"/>
</testsuite> <!-- org.modelmapper.bugs.GH197 -->
