<?xml version="1.0" encoding="UTF-8"?>
<!-- Generated by org.testng.reporters.JUnitReportReporter -->
<testsuite hostname="spirals-vortex.lille.inria.fr" name="org.modelmapper.functional.iterable.CollectionMapping2" tests="4" failures="0" timestamp="26 May 2018 07:30:56 GMT" time="0.002" errors="0">
  <testcase name="shouldMapListToListOfDifferentTypes" time="0.000" classname="org.modelmapper.functional.iterable.CollectionMapping2"/>
  <testcase name="shouldMapListToArray" time="0.001" classname="org.modelmapper.functional.iterable.CollectionMapping2"/>
  <testcase name="shouldMapArrayToList" time="0.001" classname="org.modelmapper.functional.iterable.CollectionMapping2"/>
  <testcase name="shouldMapListToList" time="0.000" classname="org.modelmapper.functional.iterable.CollectionMapping2"/>
</testsuite> <!-- org.modelmapper.functional.iterable.CollectionMapping2 -->
