<?xml version="1.0" encoding="UTF-8"?>
<!-- Generated by org.testng.reporters.JUnitReportReporter -->
<testsuite hostname="spirals-vortex.lille.inria.fr" name="org.modelmapper.internal.TypeInfoImplTest" tests="2" failures="0" timestamp="26 May 2018 07:30:56 GMT" time="0.001" errors="0">
  <testcase name="shouldProduceMutators" time="0.000" classname="org.modelmapper.internal.TypeInfoImplTest"/>
  <testcase name="shouldProduceAccessors" time="0.001" classname="org.modelmapper.internal.TypeInfoImplTest"/>
</testsuite> <!-- org.modelmapper.internal.TypeInfoImplTest -->
