<?xml version="1.0" encoding="UTF-8"?>
<!-- Generated by org.testng.reporters.JUnitReportReporter -->
<testsuite hostname="spirals-vortex.lille.inria.fr" name="org.modelmapper.functional.inherit.TypeMapIncludeTest" tests="5" failures="0" timestamp="26 May 2018 07:30:56 GMT" time="0.018" errors="0">
  <testcase name="shouldNotMappingUndefinedTypeMap" time="0.003" classname="org.modelmapper.functional.inherit.TypeMapIncludeTest"/>
  <testcase name="shouldMappingInterfaceWithProviderSuccess" time="0.004" classname="org.modelmapper.functional.inherit.TypeMapIncludeTest"/>
  <testcase name="shouldFailedDuplicateInclude" time="0.004" classname="org.modelmapper.functional.inherit.TypeMapIncludeTest"/>
  <testcase name="shouldMappingClassSuccess" time="0.003" classname="org.modelmapper.functional.inherit.TypeMapIncludeTest"/>
  <testcase name="shouldMapDependsOnDestType" time="0.004" classname="org.modelmapper.functional.inherit.TypeMapIncludeTest"/>
</testsuite> <!-- org.modelmapper.functional.inherit.TypeMapIncludeTest -->
