<?xml version="1.0" encoding="UTF-8"?>
<!-- Generated by org.testng.reporters.JUnitReportReporter -->
<testsuite hostname="spirals-vortex.lille.inria.fr" name="org.modelmapper.functional.converter.CustomConversion$When_using_converter_for_destination_object" tests="4" failures="0" timestamp="26 May 2018 07:30:56 GMT" time="0.020" errors="0">
  <testcase name="shouldUseConverter" time="0.000" classname="org.modelmapper.functional.converter.CustomConversion$When_using_converter_for_destination_object"/>
  <testcase name="shouldMapUsingMemberConverter" time="0.007" classname="org.modelmapper.functional.converter.CustomConversion$When_using_converter_for_destination_object"/>
  <testcase name="shouldMapUsingConverter" time="0.008" classname="org.modelmapper.functional.converter.CustomConversion$When_using_converter_for_destination_object"/>
  <testcase name="shouldSkipUnusedSourceMembers" time="0.005" classname="org.modelmapper.functional.converter.CustomConversion$When_using_converter_for_destination_object"/>
</testsuite> <!-- org.modelmapper.functional.converter.CustomConversion$When_using_converter_for_destination_object -->
