<?xml version="1.0" encoding="UTF-8"?>
<!-- Generated by org.testng.reporters.JUnitReportReporter -->
<testsuite hostname="spirals-vortex.lille.inria.fr" name="org.modelmapper.functional.PropertyMappingTest" tests="4" failures="0" timestamp="26 May 2018 07:30:56 GMT" time="0.014" errors="0">
  <testcase name="shouldThrowWhenUsingNullCondition" time="0.004" classname="org.modelmapper.functional.PropertyMappingTest"/>
  <testcase name="shouldThrowWhenUsingNullProvider" time="0.003" classname="org.modelmapper.functional.PropertyMappingTest"/>
  <testcase name="shouldThrowWhenUsingNullSource" time="0.004" classname="org.modelmapper.functional.PropertyMappingTest"/>
  <testcase name="shouldThrowWhenUsingNullConverter" time="0.003" classname="org.modelmapper.functional.PropertyMappingTest"/>
</testsuite> <!-- org.modelmapper.functional.PropertyMappingTest -->
