<?xml version="1.0" encoding="UTF-8"?>
<!-- Generated by org.testng.reporters.JUnitReportReporter -->
<testsuite hostname="spirals-vortex.lille.inria.fr" name="org.modelmapper.functional.NullBehavior" tests="4" failures="0" timestamp="26 May 2018 07:30:56 GMT" time="0.001" errors="0">
  <testcase name="shouldSkipNullsGlobally" time="0.000" classname="org.modelmapper.functional.NullBehavior"/>
  <testcase name="shouldMapModelWithNullItems" time="0.001" classname="org.modelmapper.functional.NullBehavior"/>
  <testcase name="shouldSkipNullsPerTypeMap" time="0.000" classname="org.modelmapper.functional.NullBehavior"/>
  <testcase name="shouldValidateTypeMap" time="0.000" classname="org.modelmapper.functional.NullBehavior"/>
</testsuite> <!-- org.modelmapper.functional.NullBehavior -->
