<?xml version="1.0" encoding="UTF-8"?>
<!-- Generated by org.testng.reporters.JUnitReportReporter -->
<testsuite hostname="spirals-vortex.lille.inria.fr" name="org.modelmapper.internal.converter.DateConverterTest" tests="18" failures="0" timestamp="26 May 2018 07:30:56 GMT" time="0.017" errors="0">
  <testcase name="shouldConvertDate2" time="0.001" classname="org.modelmapper.internal.converter.DateConverterTest"/>
  <testcase name="shouldThrowOnInvalidSourceString" time="0.001" classname="org.modelmapper.internal.converter.DateConverterTest"/>
  <testcase name="shouldConvertDate1" time="0.001" classname="org.modelmapper.internal.converter.DateConverterTest"/>
  <testcase name="shouldThrowOnInvalidDestinationType" time="0.001" classname="org.modelmapper.internal.converter.DateConverterTest"/>
  <testcase name="shouldConvertDate1" time="0.000" classname="org.modelmapper.internal.converter.DateConverterTest"/>
  <testcase name="shouldConvertDate2" time="0.002" classname="org.modelmapper.internal.converter.DateConverterTest"/>
  <testcase name="shouldConvertDate1" time="0.000" classname="org.modelmapper.internal.converter.DateConverterTest"/>
  <testcase name="shouldThrowOnInvalidSourceString" time="0.001" classname="org.modelmapper.internal.converter.DateConverterTest"/>
  <testcase name="shouldConvertDate2" time="0.001" classname="org.modelmapper.internal.converter.DateConverterTest"/>
  <testcase name="testMatches" time="0.001" classname="org.modelmapper.internal.converter.DateConverterTest"/>
  <testcase name="shouldThrowOnInvalidSourceString" time="0.002" classname="org.modelmapper.internal.converter.DateConverterTest"/>
  <testcase name="shouldConvertDate2" time="0.001" classname="org.modelmapper.internal.converter.DateConverterTest"/>
  <testcase name="shouldThrowOnInvalidSourceString" time="0.001" classname="org.modelmapper.internal.converter.DateConverterTest"/>
  <testcase name="shouldConvertStringToTime" time="0.002" classname="org.modelmapper.internal.converter.DateConverterTest"/>
  <testcase name="shouldThrowOnNullSource" time="0.000" classname="org.modelmapper.internal.converter.DateConverterTest"/>
  <testcase name="shouldConvertDate1" time="0.001" classname="org.modelmapper.internal.converter.DateConverterTest"/>
  <testcase name="shouldConvertStringToTimestamp" time="0.001" classname="org.modelmapper.internal.converter.DateConverterTest"/>
  <testcase name="shouldConvertStringToSqlDate" time="0.000" classname="org.modelmapper.internal.converter.DateConverterTest"/>
</testsuite> <!-- org.modelmapper.internal.converter.DateConverterTest -->
