<?xml version="1.0" encoding="UTF-8"?>
<!-- Generated by org.testng.reporters.JUnitReportReporter -->
<testsuite hostname="spirals-vortex.lille.inria.fr" name="org.modelmapper.functional.stringmapping.StringMapping" tests="2" failures="0" timestamp="26 May 2018 07:30:56 GMT" time="0.008" errors="0">
  <testcase name="shouldThrowOnInvalidSourcePath" time="0.003" classname="org.modelmapper.functional.stringmapping.StringMapping"/>
  <testcase name="shouldMapFromSourceStrings" time="0.005" classname="org.modelmapper.functional.stringmapping.StringMapping"/>
</testsuite> <!-- org.modelmapper.functional.stringmapping.StringMapping -->
