<?xml version="1.0" encoding="UTF-8"?>
<testsuite xmlns:xsi="http://www.w3.org/2001/XMLSchema-instance" xsi:noNamespaceSchemaLocation="https://maven.apache.org/surefire/maven-surefire-plugin/xsd/surefire-test-report.xsd" name="TestSuite" time="5.905" tests="473" errors="0" skipped="0" failures="0">
  <properties>
    <property name="awt.toolkit" value="sun.awt.X11.XToolkit"/>
    <property name="file.encoding.pkg" value="sun.io"/>
    <property name="java.specification.version" value="1.8"/>
    <property name="sun.cpu.isalist" value=""/>
    <property name="sun.jnu.encoding" value="UTF-8"/>
    <property name="java.class.path" value="/root/workspace/molgenis/molgenis/385661241/molgenis-data-validation/target/test-classes:/root/workspace/molgenis/molgenis/385661241/molgenis-data-validation/target/classes:/root/workspace/molgenis/molgenis/385661241/molgenis-data/target/classes:/root/workspace/molgenis/molgenis/385661241/molgenis-util/target/classes:/root/./workspace/molgenis/molgenis/385661241/.m2/org/springframework/spring-context-support/5.0.6.RELEASE/spring-context-support-5.0.6.RELEASE.jar:/root/./workspace/molgenis/molgenis/385661241/.m2/com/sun/mail/javax.mail/1.6.1/javax.mail-1.6.1.jar:/root/./workspace/molgenis/molgenis/385661241/.m2/javax/activation/activation/1.1.1/activation-1.1.1.jar:/root/./workspace/molgenis/molgenis/385661241/.m2/org/mapdb/mapdb/1.0.6/mapdb-1.0.6.jar:/root/workspace/molgenis/molgenis/385661241/molgenis-i18n/target/classes:/root/workspace/molgenis/molgenis/385661241/molgenis-security-core/target/classes:/root/./workspace/molgenis/molgenis/385661241/.m2/com/google/code/findbugs/jsr305/3.0.2/jsr305-3.0.2.jar:/root/./workspace/molgenis/molgenis/385661241/.m2/org/springframework/spring-aspects/5.0.6.RELEASE/spring-aspects-5.0.6.RELEASE.jar:/root/./workspace/molgenis/molgenis/385661241/.m2/org/aspectj/aspectjweaver/1.8.13/aspectjweaver-1.8.13.jar:/root/./workspace/molgenis/molgenis/385661241/.m2/com/google/auto/value/auto-value/1.4.1/auto-value-1.4.1.jar:/root/./workspace/molgenis/molgenis/385661241/.m2/org/springframework/spring-tx/5.0.6.RELEASE/spring-tx-5.0.6.RELEASE.jar:/root/./workspace/molgenis/molgenis/385661241/.m2/org/springframework/spring-beans/5.0.6.RELEASE/spring-beans-5.0.6.RELEASE.jar:/root/./workspace/molgenis/molgenis/385661241/.m2/org/springframework/spring-core/5.0.6.RELEASE/spring-core-5.0.6.RELEASE.jar:/root/./workspace/molgenis/molgenis/385661241/.m2/org/springframework/spring-jcl/5.0.6.RELEASE/spring-jcl-5.0.6.RELEASE.jar:/root/./workspace/molgenis/molgenis/385661241/.m2/com/google/code/gson/gson/2.8.4/gson-2.8.4.jar:/root/./workspace/molgenis/molgenis/385661241/.m2/com/eaio/uuid/uuid/3.2/uuid-3.2.jar:/root/./workspace/molgenis/molgenis/385661241/.m2/com/mchange/c3p0/0.9.5.2/c3p0-0.9.5.2.jar:/root/./workspace/molgenis/molgenis/385661241/.m2/com/mchange/mchange-commons-java/0.2.11/mchange-commons-java-0.2.11.jar:/root/workspace/molgenis/molgenis/385661241/molgenis-data-file/target/classes:/root/./workspace/molgenis/molgenis/385661241/.m2/commons-io/commons-io/2.6/commons-io-2.6.jar:/root/workspace/molgenis/molgenis/385661241/molgenis-data-security/target/classes:/root/workspace/molgenis/molgenis/385661241/molgenis-settings/target/classes:/root/./workspace/molgenis/molgenis/385661241/.m2/org/springframework/security/spring-security-core/5.0.5.RELEASE/spring-security-core-5.0.5.RELEASE.jar:/root/./workspace/molgenis/molgenis/385661241/.m2/org/springframework/spring-aop/5.0.6.RELEASE/spring-aop-5.0.6.RELEASE.jar:/root/./workspace/molgenis/molgenis/385661241/.m2/org/springframework/spring-expression/5.0.6.RELEASE/spring-expression-5.0.6.RELEASE.jar:/root/./workspace/molgenis/molgenis/385661241/.m2/org/springframework/security/spring-security-acl/5.0.5.RELEASE/spring-security-acl-5.0.5.RELEASE.jar:/root/./workspace/molgenis/molgenis/385661241/.m2/org/springframework/spring-jdbc/5.0.6.RELEASE/spring-jdbc-5.0.6.RELEASE.jar:/root/workspace/molgenis/molgenis/385661241/molgenis-js/target/classes:/root/workspace/molgenis/molgenis/385661241/molgenis-scripts-core/target/classes:/root/./workspace/molgenis/molgenis/385661241/.m2/org/freemarker/freemarker/2.3.28/freemarker-2.3.28.jar:/root/./workspace/molgenis/molgenis/385661241/.m2/com/github/ben-manes/caffeine/caffeine/2.6.2/caffeine-2.6.2.jar:/root/./workspace/molgenis/molgenis/385661241/.m2/org/everit/json/org.everit.json.schema/1.5.1/org.everit.json.schema-1.5.1.jar:/root/./workspace/molgenis/molgenis/385661241/.m2/org/json/json/20141113/json-20141113.jar:/root/./workspace/molgenis/molgenis/385661241/.m2/commons-validator/commons-validator/1.5.1/commons-validator-1.5.1.jar:/root/./workspace/molgenis/molgenis/385661241/.m2/commons-beanutils/commons-beanutils/1.9.3/commons-beanutils-1.9.3.jar:/root/./workspace/molgenis/molgenis/385661241/.m2/commons-digester/commons-digester/1.8.1/commons-digester-1.8.1.jar:/root/./workspace/molgenis/molgenis/385661241/.m2/commons-collections/commons-collections/3.2.2/commons-collections-3.2.2.jar:/root/./workspace/molgenis/molgenis/385661241/.m2/org/apache/commons/commons-lang3/3.7/commons-lang3-3.7.jar:/root/workspace/molgenis/molgenis/385661241/molgenis-test/target/classes:/root/./workspace/molgenis/molgenis/385661241/.m2/org/testng/testng/6.8/testng-6.8.jar:/root/./workspace/molgenis/molgenis/385661241/.m2/junit/junit/4.12/junit-4.12.jar:/root/./workspace/molgenis/molgenis/385661241/.m2/org/hamcrest/hamcrest-core/1.3/hamcrest-core-1.3.jar:/root/./workspace/molgenis/molgenis/385661241/.m2/org/beanshell/bsh/2.0b5/bsh-2.0b5.jar:/root/./workspace/molgenis/molgenis/385661241/.m2/com/beust/jcommander/1.27/jcommander-1.27.jar:/root/./workspace/molgenis/molgenis/385661241/.m2/org/yaml/snakeyaml/1.19/snakeyaml-1.19.jar:/root/./workspace/molgenis/molgenis/385661241/.m2/org/mockito/mockito-core/2.7.22/mockito-core-2.7.22.jar:/root/./workspace/molgenis/molgenis/385661241/.m2/net/bytebuddy/byte-buddy/1.7.11/byte-buddy-1.7.11.jar:/root/./workspace/molgenis/molgenis/385661241/.m2/net/bytebuddy/byte-buddy-agent/1.7.11/byte-buddy-agent-1.7.11.jar:/root/./workspace/molgenis/molgenis/385661241/.m2/org/objenesis/objenesis/2.6/objenesis-2.6.jar:/root/./workspace/molgenis/molgenis/385661241/.m2/org/hamcrest/hamcrest-all/1.3/hamcrest-all-1.3.jar:/root/./workspace/molgenis/molgenis/385661241/.m2/javax/servlet/javax.servlet-api/3.1.0/javax.servlet-api-3.1.0.jar:/root/./workspace/molgenis/molgenis/385661241/.m2/org/springframework/spring-test/5.0.6.RELEASE/spring-test-5.0.6.RELEASE.jar:/root/./workspace/molgenis/molgenis/385661241/.m2/com/fasterxml/jackson/core/jackson-databind/2.9.5/jackson-databind-2.9.5.jar:/root/./workspace/molgenis/molgenis/385661241/.m2/com/fasterxml/jackson/core/jackson-annotations/2.9.0/jackson-annotations-2.9.0.jar:/root/./workspace/molgenis/molgenis/385661241/.m2/com/fasterxml/jackson/core/jackson-core/2.9.5/jackson-core-2.9.5.jar:/root/./workspace/molgenis/molgenis/385661241/.m2/org/springframework/spring-context/5.0.6.RELEASE/spring-context-5.0.6.RELEASE.jar:/root/./workspace/molgenis/molgenis/385661241/.m2/org/hibernate/validator/hibernate-validator/6.0.9.Final/hibernate-validator-6.0.9.Final.jar:/root/./workspace/molgenis/molgenis/385661241/.m2/javax/validation/validation-api/2.0.1.Final/validation-api-2.0.1.Final.jar:/root/./workspace/molgenis/molgenis/385661241/.m2/org/jboss/logging/jboss-logging/3.3.2.Final/jboss-logging-3.3.2.Final.jar:/root/./workspace/molgenis/molgenis/385661241/.m2/com/fasterxml/classmate/1.3.4/classmate-1.3.4.jar:/root/./workspace/molgenis/molgenis/385661241/.m2/org/glassfish/javax.el/3.0.0/javax.el-3.0.0.jar:/root/./workspace/molgenis/molgenis/385661241/.m2/org/springframework/boot/spring-boot-starter-logging/2.0.2.RELEASE/spring-boot-starter-logging-2.0.2.RELEASE.jar:/root/./workspace/molgenis/molgenis/385661241/.m2/ch/qos/logback/logback-classic/1.2.3/logback-classic-1.2.3.jar:/root/./workspace/molgenis/molgenis/385661241/.m2/ch/qos/logback/logback-core/1.2.3/logback-core-1.2.3.jar:/root/./workspace/molgenis/molgenis/385661241/.m2/org/apache/logging/log4j/log4j-to-slf4j/2.10.0/log4j-to-slf4j-2.10.0.jar:/root/./workspace/molgenis/molgenis/385661241/.m2/org/apache/logging/log4j/log4j-api/2.10.0/log4j-api-2.10.0.jar:/root/./workspace/molgenis/molgenis/385661241/.m2/org/slf4j/jul-to-slf4j/1.7.25/jul-to-slf4j-1.7.25.jar:/root/./workspace/molgenis/molgenis/385661241/.m2/org/slf4j/log4j-over-slf4j/1.7.25/log4j-over-slf4j-1.7.25.jar:/root/./workspace/molgenis/molgenis/385661241/.m2/org/slf4j/slf4j-api/1.7.25/slf4j-api-1.7.25.jar:/root/./workspace/molgenis/molgenis/385661241/.m2/com/google/guava/guava/25.0-jre/guava-25.0-jre.jar:/root/./workspace/molgenis/molgenis/385661241/.m2/org/apache/maven/surefire/surefire-testng-utils/2.21.0/surefire-testng-utils-2.21.0.jar:/root/./workspace/molgenis/molgenis/385661241/.m2/org/apache/maven/surefire/surefire-grouper/2.21.0/surefire-grouper-2.21.0.jar:"/>
    <property name="java.vm.vendor" value="Oracle Corporation"/>
    <property name="skip.bower" value="true"/>
    <property name="sun.arch.data.model" value="64"/>
    <property name="java.vendor.url" value="http://java.oracle.com/"/>
    <property name="user.timezone" value=""/>
    <property name="java.vm.specification.version" value="1.8"/>
    <property name="os.name" value="Linux"/>
    <property name="rat.skip" value="true"/>
    <property name="gpg.skip" value="true"/>
    <property name="sun.java.launcher" value="SUN_STANDARD"/>
    <property name="sun.boot.library.path" value="/usr/lib/jvm/java-8-openjdk-amd64/jre/lib/amd64"/>
    <property name="skip.gulp" value="true"/>
    <property name="sun.java.command" value="/root/workspace/molgenis/molgenis/385661241/molgenis-data-validation/target/surefire/surefirebooter7820651728525071731.jar /root/workspace/molgenis/molgenis/385661241/molgenis-data-validation/target/surefire 2018-05-30T14-44-06_300-jvmRun1 surefire4563137146713918941tmp surefire_104844780751794060575tmp"/>
    <property name="dependency-check.skip" value="true"/>
    <property name="surefire.test.class.path" value="/root/workspace/molgenis/molgenis/385661241/molgenis-data-validation/target/test-classes:/root/workspace/molgenis/molgenis/385661241/molgenis-data-validation/target/classes:/root/workspace/molgenis/molgenis/385661241/molgenis-data/target/classes:/root/workspace/molgenis/molgenis/385661241/molgenis-util/target/classes:/root/./workspace/molgenis/molgenis/385661241/.m2/org/springframework/spring-context-support/5.0.6.RELEASE/spring-context-support-5.0.6.RELEASE.jar:/root/./workspace/molgenis/molgenis/385661241/.m2/com/sun/mail/javax.mail/1.6.1/javax.mail-1.6.1.jar:/root/./workspace/molgenis/molgenis/385661241/.m2/javax/activation/activation/1.1.1/activation-1.1.1.jar:/root/./workspace/molgenis/molgenis/385661241/.m2/org/mapdb/mapdb/1.0.6/mapdb-1.0.6.jar:/root/workspace/molgenis/molgenis/385661241/molgenis-i18n/target/classes:/root/workspace/molgenis/molgenis/385661241/molgenis-security-core/target/classes:/root/./workspace/molgenis/molgenis/385661241/.m2/com/google/code/findbugs/jsr305/3.0.2/jsr305-3.0.2.jar:/root/./workspace/molgenis/molgenis/385661241/.m2/org/springframework/spring-aspects/5.0.6.RELEASE/spring-aspects-5.0.6.RELEASE.jar:/root/./workspace/molgenis/molgenis/385661241/.m2/org/aspectj/aspectjweaver/1.8.13/aspectjweaver-1.8.13.jar:/root/./workspace/molgenis/molgenis/385661241/.m2/com/google/auto/value/auto-value/1.4.1/auto-value-1.4.1.jar:/root/./workspace/molgenis/molgenis/385661241/.m2/org/springframework/spring-tx/5.0.6.RELEASE/spring-tx-5.0.6.RELEASE.jar:/root/./workspace/molgenis/molgenis/385661241/.m2/org/springframework/spring-beans/5.0.6.RELEASE/spring-beans-5.0.6.RELEASE.jar:/root/./workspace/molgenis/molgenis/385661241/.m2/org/springframework/spring-core/5.0.6.RELEASE/spring-core-5.0.6.RELEASE.jar:/root/./workspace/molgenis/molgenis/385661241/.m2/org/springframework/spring-jcl/5.0.6.RELEASE/spring-jcl-5.0.6.RELEASE.jar:/root/./workspace/molgenis/molgenis/385661241/.m2/com/google/code/gson/gson/2.8.4/gson-2.8.4.jar:/root/./workspace/molgenis/molgenis/385661241/.m2/com/eaio/uuid/uuid/3.2/uuid-3.2.jar:/root/./workspace/molgenis/molgenis/385661241/.m2/com/mchange/c3p0/0.9.5.2/c3p0-0.9.5.2.jar:/root/./workspace/molgenis/molgenis/385661241/.m2/com/mchange/mchange-commons-java/0.2.11/mchange-commons-java-0.2.11.jar:/root/workspace/molgenis/molgenis/385661241/molgenis-data-file/target/classes:/root/./workspace/molgenis/molgenis/385661241/.m2/commons-io/commons-io/2.6/commons-io-2.6.jar:/root/workspace/molgenis/molgenis/385661241/molgenis-data-security/target/classes:/root/workspace/molgenis/molgenis/385661241/molgenis-settings/target/classes:/root/./workspace/molgenis/molgenis/385661241/.m2/org/springframework/security/spring-security-core/5.0.5.RELEASE/spring-security-core-5.0.5.RELEASE.jar:/root/./workspace/molgenis/molgenis/385661241/.m2/org/springframework/spring-aop/5.0.6.RELEASE/spring-aop-5.0.6.RELEASE.jar:/root/./workspace/molgenis/molgenis/385661241/.m2/org/springframework/spring-expression/5.0.6.RELEASE/spring-expression-5.0.6.RELEASE.jar:/root/./workspace/molgenis/molgenis/385661241/.m2/org/springframework/security/spring-security-acl/5.0.5.RELEASE/spring-security-acl-5.0.5.RELEASE.jar:/root/./workspace/molgenis/molgenis/385661241/.m2/org/springframework/spring-jdbc/5.0.6.RELEASE/spring-jdbc-5.0.6.RELEASE.jar:/root/workspace/molgenis/molgenis/385661241/molgenis-js/target/classes:/root/workspace/molgenis/molgenis/385661241/molgenis-scripts-core/target/classes:/root/./workspace/molgenis/molgenis/385661241/.m2/org/freemarker/freemarker/2.3.28/freemarker-2.3.28.jar:/root/./workspace/molgenis/molgenis/385661241/.m2/com/github/ben-manes/caffeine/caffeine/2.6.2/caffeine-2.6.2.jar:/root/./workspace/molgenis/molgenis/385661241/.m2/org/everit/json/org.everit.json.schema/1.5.1/org.everit.json.schema-1.5.1.jar:/root/./workspace/molgenis/molgenis/385661241/.m2/org/json/json/20141113/json-20141113.jar:/root/./workspace/molgenis/molgenis/385661241/.m2/commons-validator/commons-validator/1.5.1/commons-validator-1.5.1.jar:/root/./workspace/molgenis/molgenis/385661241/.m2/commons-beanutils/commons-beanutils/1.9.3/commons-beanutils-1.9.3.jar:/root/./workspace/molgenis/molgenis/385661241/.m2/commons-digester/commons-digester/1.8.1/commons-digester-1.8.1.jar:/root/./workspace/molgenis/molgenis/385661241/.m2/commons-collections/commons-collections/3.2.2/commons-collections-3.2.2.jar:/root/./workspace/molgenis/molgenis/385661241/.m2/org/apache/commons/commons-lang3/3.7/commons-lang3-3.7.jar:/root/workspace/molgenis/molgenis/385661241/molgenis-test/target/classes:/root/./workspace/molgenis/molgenis/385661241/.m2/org/testng/testng/6.8/testng-6.8.jar:/root/./workspace/molgenis/molgenis/385661241/.m2/junit/junit/4.12/junit-4.12.jar:/root/./workspace/molgenis/molgenis/385661241/.m2/org/hamcrest/hamcrest-core/1.3/hamcrest-core-1.3.jar:/root/./workspace/molgenis/molgenis/385661241/.m2/org/beanshell/bsh/2.0b5/bsh-2.0b5.jar:/root/./workspace/molgenis/molgenis/385661241/.m2/com/beust/jcommander/1.27/jcommander-1.27.jar:/root/./workspace/molgenis/molgenis/385661241/.m2/org/yaml/snakeyaml/1.19/snakeyaml-1.19.jar:/root/./workspace/molgenis/molgenis/385661241/.m2/org/mockito/mockito-core/2.7.22/mockito-core-2.7.22.jar:/root/./workspace/molgenis/molgenis/385661241/.m2/net/bytebuddy/byte-buddy/1.7.11/byte-buddy-1.7.11.jar:/root/./workspace/molgenis/molgenis/385661241/.m2/net/bytebuddy/byte-buddy-agent/1.7.11/byte-buddy-agent-1.7.11.jar:/root/./workspace/molgenis/molgenis/385661241/.m2/org/objenesis/objenesis/2.6/objenesis-2.6.jar:/root/./workspace/molgenis/molgenis/385661241/.m2/org/hamcrest/hamcrest-all/1.3/hamcrest-all-1.3.jar:/root/./workspace/molgenis/molgenis/385661241/.m2/javax/servlet/javax.servlet-api/3.1.0/javax.servlet-api-3.1.0.jar:/root/./workspace/molgenis/molgenis/385661241/.m2/org/springframework/spring-test/5.0.6.RELEASE/spring-test-5.0.6.RELEASE.jar:/root/./workspace/molgenis/molgenis/385661241/.m2/com/fasterxml/jackson/core/jackson-databind/2.9.5/jackson-databind-2.9.5.jar:/root/./workspace/molgenis/molgenis/385661241/.m2/com/fasterxml/jackson/core/jackson-annotations/2.9.0/jackson-annotations-2.9.0.jar:/root/./workspace/molgenis/molgenis/385661241/.m2/com/fasterxml/jackson/core/jackson-core/2.9.5/jackson-core-2.9.5.jar:/root/./workspace/molgenis/molgenis/385661241/.m2/org/springframework/spring-context/5.0.6.RELEASE/spring-context-5.0.6.RELEASE.jar:/root/./workspace/molgenis/molgenis/385661241/.m2/org/hibernate/validator/hibernate-validator/6.0.9.Final/hibernate-validator-6.0.9.Final.jar:/root/./workspace/molgenis/molgenis/385661241/.m2/javax/validation/validation-api/2.0.1.Final/validation-api-2.0.1.Final.jar:/root/./workspace/molgenis/molgenis/385661241/.m2/org/jboss/logging/jboss-logging/3.3.2.Final/jboss-logging-3.3.2.Final.jar:/root/./workspace/molgenis/molgenis/385661241/.m2/com/fasterxml/classmate/1.3.4/classmate-1.3.4.jar:/root/./workspace/molgenis/molgenis/385661241/.m2/org/glassfish/javax.el/3.0.0/javax.el-3.0.0.jar:/root/./workspace/molgenis/molgenis/385661241/.m2/org/springframework/boot/spring-boot-starter-logging/2.0.2.RELEASE/spring-boot-starter-logging-2.0.2.RELEASE.jar:/root/./workspace/molgenis/molgenis/385661241/.m2/ch/qos/logback/logback-classic/1.2.3/logback-classic-1.2.3.jar:/root/./workspace/molgenis/molgenis/385661241/.m2/ch/qos/logback/logback-core/1.2.3/logback-core-1.2.3.jar:/root/./workspace/molgenis/molgenis/385661241/.m2/org/apache/logging/log4j/log4j-to-slf4j/2.10.0/log4j-to-slf4j-2.10.0.jar:/root/./workspace/molgenis/molgenis/385661241/.m2/org/apache/logging/log4j/log4j-api/2.10.0/log4j-api-2.10.0.jar:/root/./workspace/molgenis/molgenis/385661241/.m2/org/slf4j/jul-to-slf4j/1.7.25/jul-to-slf4j-1.7.25.jar:/root/./workspace/molgenis/molgenis/385661241/.m2/org/slf4j/log4j-over-slf4j/1.7.25/log4j-over-slf4j-1.7.25.jar:/root/./workspace/molgenis/molgenis/385661241/.m2/org/slf4j/slf4j-api/1.7.25/slf4j-api-1.7.25.jar:/root/./workspace/molgenis/molgenis/385661241/.m2/com/google/guava/guava/25.0-jre/guava-25.0-jre.jar:/root/./workspace/molgenis/molgenis/385661241/.m2/org/apache/maven/surefire/surefire-testng-utils/2.21.0/surefire-testng-utils-2.21.0.jar:/root/./workspace/molgenis/molgenis/385661241/.m2/org/apache/maven/surefire/surefire-grouper/2.21.0/surefire-grouper-2.21.0.jar:"/>
    <property name="sun.cpu.endian" value="little"/>
    <property name="user.home" value="/root"/>
    <property name="user.language" value="en"/>
    <property name="java.specification.vendor" value="Oracle Corporation"/>
    <property name="java.home" value="/usr/lib/jvm/java-8-openjdk-amd64/jre"/>
    <property name="basedir" value="/root/workspace/molgenis/molgenis/385661241/molgenis-data-validation"/>
    <property name="file.separator" value="/"/>
    <property name="checkstyle.skip" value="true"/>
    <property name="line.separator" value="&#10;"/>
    <property name="skip.npm" value="true"/>
    <property name="java.vm.specification.vendor" value="Oracle Corporation"/>
    <property name="java.specification.name" value="Java Platform API Specification"/>
    <property name="java.awt.graphicsenv" value="sun.awt.X11GraphicsEnvironment"/>
    <property name="skipITs" value="true"/>
    <property name="surefire.real.class.path" value="/root/workspace/molgenis/molgenis/385661241/molgenis-data-validation/target/surefire/surefirebooter7820651728525071731.jar:/root/./workspace/molgenis/molgenis/385661241/.m2/org/jacoco/org.jacoco.agent/0.8.1/org.jacoco.agent-0.8.1-runtime.jar"/>
    <property name="cobertura.skip" value="true"/>
    <property name="sun.boot.class.path" value="/usr/lib/jvm/java-8-openjdk-amd64/jre/lib/resources.jar:/usr/lib/jvm/java-8-openjdk-amd64/jre/lib/rt.jar:/usr/lib/jvm/java-8-openjdk-amd64/jre/lib/sunrsasign.jar:/usr/lib/jvm/java-8-openjdk-amd64/jre/lib/jsse.jar:/usr/lib/jvm/java-8-openjdk-amd64/jre/lib/jce.jar:/usr/lib/jvm/java-8-openjdk-amd64/jre/lib/charsets.jar:/usr/lib/jvm/java-8-openjdk-amd64/jre/lib/jfr.jar:/usr/lib/jvm/java-8-openjdk-amd64/jre/classes"/>
    <property name="sun.management.compiler" value="HotSpot 64-Bit Tiered Compilers"/>
    <property name="java.runtime.version" value="1.8.0_121-8u121-b13-1~bpo8+1-b13"/>
    <property name="user.name" value="root"/>
    <property name="findbugs.skip" value="true"/>
    <property name="path.separator" value=":"/>
    <property name="os.version" value="3.10.0-862.2.3.el7.x86_64"/>
    <property name="java.endorsed.dirs" value="/usr/lib/jvm/java-8-openjdk-amd64/jre/lib/endorsed"/>
    <property name="java.runtime.name" value="OpenJDK Runtime Environment"/>
    <property name="file.encoding" value="UTF-8"/>
    <property name="java.vm.name" value="OpenJDK 64-Bit Server VM"/>
    <property name="localRepository" value="/root/./workspace/molgenis/molgenis/385661241/.m2"/>
    <property name="java.vendor.url.bug" value="http://bugreport.sun.com/bugreport/"/>
    <property name="java.io.tmpdir" value="/tmp"/>
    <property name="java.version" value="1.8.0_121"/>
    <property name="user.dir" value="/root/workspace/molgenis/molgenis/385661241/molgenis-data-validation"/>
    <property name="os.arch" value="amd64"/>
    <property name="license.skip" value="true"/>
    <property name="java.vm.specification.name" value="Java Virtual Machine Specification"/>
    <property name="java.awt.printerjob" value="sun.print.PSPrinterJob"/>
    <property name="sun.os.patch.level" value="unknown"/>
    <property name="java.library.path" value="/usr/java/packages/lib/amd64:/usr/lib/x86_64-linux-gnu/jni:/lib/x86_64-linux-gnu:/usr/lib/x86_64-linux-gnu:/usr/lib/jni:/lib:/usr/lib"/>
    <property name="java.vm.info" value="mixed mode"/>
    <property name="java.vendor" value="Oracle Corporation"/>
    <property name="java.vm.version" value="25.121-b13"/>
    <property name="java.ext.dirs" value="/usr/lib/jvm/java-8-openjdk-amd64/jre/lib/ext:/usr/java/packages/lib/ext"/>
    <property name="sun.io.unicode.encoding" value="UnicodeLittle"/>
    <property name="maven.repo.local" value="/root/./workspace/molgenis/molgenis/385661241/.m2"/>
    <property name="enforcer.skip" value="true"/>
    <property name="java.class.version" value="52.0"/>
  </properties>
  <testcase name="validateInvalid" classname="org.molgenis.data.validation.meta.TagValidatorTest" time="1.109"/>
  <testcase name="validateValid" classname="org.molgenis.data.validation.meta.TagValidatorTest" time="0"/>
  <testcase name="testAllowedTransition" classname="org.molgenis.data.validation.meta.AttributeValidatorTest" time="0.041"/>
  <testcase name="testAllowedTransition" classname="org.molgenis.data.validation.meta.AttributeValidatorTest" time="0"/>
  <testcase name="testAllowedTransition" classname="org.molgenis.data.validation.meta.AttributeValidatorTest" time="0"/>
  <testcase name="testDefaultValueDate" classname="org.molgenis.data.validation.meta.AttributeValidatorTest" time="0.045"/>
  <testcase name="testDefaultValueDateTime" classname="org.molgenis.data.validation.meta.AttributeValidatorTest" time="0.005"/>
  <testcase name="testDefaultValueDateTimeValid" classname="org.molgenis.data.validation.meta.AttributeValidatorTest" time="0.005"/>
  <testcase name="testDefaultValueDateValid" classname="org.molgenis.data.validation.meta.AttributeValidatorTest" time="0.001"/>
  <testcase name="testDefaultValueEnum" classname="org.molgenis.data.validation.meta.AttributeValidatorTest" time="0.002"/>
  <testcase name="testDefaultValueEnumValid" classname="org.molgenis.data.validation.meta.AttributeValidatorTest" time="0.001"/>
  <testcase name="testDefaultValueHyperlink" classname="org.molgenis.data.validation.meta.AttributeValidatorTest" time="0"/>
  <testcase name="testDefaultValueHyperlinkValid" classname="org.molgenis.data.validation.meta.AttributeValidatorTest" time="0.001"/>
  <testcase name="testDefaultValueInt1" classname="org.molgenis.data.validation.meta.AttributeValidatorTest" time="0.018"/>
  <testcase name="testDefaultValueInt2" classname="org.molgenis.data.validation.meta.AttributeValidatorTest" time="0.001"/>
  <testcase name="testDefaultValueIntValid" classname="org.molgenis.data.validation.meta.AttributeValidatorTest" time="0.001"/>
  <testcase name="testDefaultValueLong" classname="org.molgenis.data.validation.meta.AttributeValidatorTest" time="0.001"/>
  <testcase name="testDefaultValueLongValid" classname="org.molgenis.data.validation.meta.AttributeValidatorTest" time="0.001"/>
  <testcase name="testDefaultXref" classname="org.molgenis.data.validation.meta.AttributeValidatorTest" time="0.215"/>
  <testcase name="testDefaultXrefInvalid" classname="org.molgenis.data.validation.meta.AttributeValidatorTest" time="0.003"/>
  <testcase name="testDefaultXrefSkipEntityReferenceValidation" classname="org.molgenis.data.validation.meta.AttributeValidatorTest" time="0.001"/>
  <testcase name="testDisallowedTransition" classname="org.molgenis.data.validation.meta.AttributeValidatorTest" time="0.02"/>
  <testcase name="testDisallowedTransition" classname="org.molgenis.data.validation.meta.AttributeValidatorTest" time="0.001"/>
  <testcase name="testDisallowedTransition" classname="org.molgenis.data.validation.meta.AttributeValidatorTest" time="0.001"/>
  <testcase name="validateAttributeInvalidName" classname="org.molgenis.data.validation.meta.AttributeValidatorTest" time="0.001"/>
  <testcase name="validateMappedByInvalidDataType" classname="org.molgenis.data.validation.meta.AttributeValidatorTest" time="0.001"/>
  <testcase name="validateMappedByInvalidEntity" classname="org.molgenis.data.validation.meta.AttributeValidatorTest" time="0.002"/>
  <testcase name="validateMappedByValidEntity" classname="org.molgenis.data.validation.meta.AttributeValidatorTest" time="0.002"/>
  <testcase name="validateOrderByInvalidRefAttribute" classname="org.molgenis.data.validation.meta.AttributeValidatorTest" time="0.008"/>
  <testcase name="validateOrderByValid" classname="org.molgenis.data.validation.meta.AttributeValidatorTest" time="0.002"/>
  <testcase name="tagRepositoryValidationDecorator" classname="org.molgenis.data.validation.meta.TagRepositoryValidationDecoratorTest" time="0"/>
  <testcase name="testAddInValid" classname="org.molgenis.data.validation.meta.TagRepositoryValidationDecoratorTest" time="0.063"/>
  <testcase name="testAddStreamInvalid" classname="org.molgenis.data.validation.meta.TagRepositoryValidationDecoratorTest" time="0.017"/>
  <testcase name="testAddStreamValid" classname="org.molgenis.data.validation.meta.TagRepositoryValidationDecoratorTest" time="0.004"/>
  <testcase name="testAddValid" classname="org.molgenis.data.validation.meta.TagRepositoryValidationDecoratorTest" time="0.001"/>
  <testcase name="testUpdateInvalid" classname="org.molgenis.data.validation.meta.TagRepositoryValidationDecoratorTest" time="0"/>
  <testcase name="testUpdateStreamInvalid" classname="org.molgenis.data.validation.meta.TagRepositoryValidationDecoratorTest" time="0.001"/>
  <testcase name="testUpdateStreamValid" classname="org.molgenis.data.validation.meta.TagRepositoryValidationDecoratorTest" time="0.001"/>
  <testcase name="testUpdateValid" classname="org.molgenis.data.validation.meta.TagRepositoryValidationDecoratorTest" time="0.001"/>
  <testcase name="testAddInvalid" classname="org.molgenis.data.validation.meta.PackageRepositoryValidationDecoratorTest" time="0.071"/>
  <testcase name="testAddStreamInvalid" classname="org.molgenis.data.validation.meta.PackageRepositoryValidationDecoratorTest" time="0.002"/>
  <testcase name="testAddStreamValid" classname="org.molgenis.data.validation.meta.PackageRepositoryValidationDecoratorTest" time="0.001"/>
  <testcase name="testAddValid" classname="org.molgenis.data.validation.meta.PackageRepositoryValidationDecoratorTest" time="0.001"/>
  <testcase name="testDeleteAllInvalid" classname="org.molgenis.data.validation.meta.PackageRepositoryValidationDecoratorTest" time="0.002"/>
  <testcase name="testDeleteAllStreamInvalid" classname="org.molgenis.data.validation.meta.PackageRepositoryValidationDecoratorTest" time="0.01"/>
  <testcase name="testDeleteAllStreamValid" classname="org.molgenis.data.validation.meta.PackageRepositoryValidationDecoratorTest" time="0.001"/>
  <testcase name="testDeleteAllValid" classname="org.molgenis.data.validation.meta.PackageRepositoryValidationDecoratorTest" time="0.001"/>
  <testcase name="testDeleteByIdInvalid" classname="org.molgenis.data.validation.meta.PackageRepositoryValidationDecoratorTest" time="0.001"/>
  <testcase name="testDeleteByIdValid" classname="org.molgenis.data.validation.meta.PackageRepositoryValidationDecoratorTest" time="0.001"/>
  <testcase name="testDeleteInvalid" classname="org.molgenis.data.validation.meta.PackageRepositoryValidationDecoratorTest" time="0"/>
  <testcase name="testDeleteStreamInvalid" classname="org.molgenis.data.validation.meta.PackageRepositoryValidationDecoratorTest" time="0.001"/>
  <testcase name="testDeleteStreamValid" classname="org.molgenis.data.validation.meta.PackageRepositoryValidationDecoratorTest" time="0.001"/>
  <testcase name="testDeleteValid" classname="org.molgenis.data.validation.meta.PackageRepositoryValidationDecoratorTest" time="0.001"/>
  <testcase name="testUpdateInvalid" classname="org.molgenis.data.validation.meta.PackageRepositoryValidationDecoratorTest" time="0"/>
  <testcase name="testUpdateStreamInvalid" classname="org.molgenis.data.validation.meta.PackageRepositoryValidationDecoratorTest" time="0.001"/>
  <testcase name="testUpdateStreamValid" classname="org.molgenis.data.validation.meta.PackageRepositoryValidationDecoratorTest" time="0"/>
  <testcase name="testUpdateValid" classname="org.molgenis.data.validation.meta.PackageRepositoryValidationDecoratorTest" time="0"/>
  <testcase name="EntityTypeRepositoryValidationDecorator" classname="org.molgenis.data.validation.meta.EntityTypeRepositoryValidationDecoratorTest" time="0.001"/>
  <testcase name="addEntityInvalid" classname="org.molgenis.data.validation.meta.EntityTypeRepositoryValidationDecoratorTest" time="0.001"/>
  <testcase name="addEntityStreamInvalid" classname="org.molgenis.data.validation.meta.EntityTypeRepositoryValidationDecoratorTest" time="0.002"/>
  <testcase name="addEntityStreamValid" classname="org.molgenis.data.validation.meta.EntityTypeRepositoryValidationDecoratorTest" time="0"/>
  <testcase name="addEntityValid" classname="org.molgenis.data.validation.meta.EntityTypeRepositoryValidationDecoratorTest" time="0"/>
  <testcase name="updateEntityInvalid" classname="org.molgenis.data.validation.meta.EntityTypeRepositoryValidationDecoratorTest" time="0"/>
  <testcase name="updateEntityStreamInvalid" classname="org.molgenis.data.validation.meta.EntityTypeRepositoryValidationDecoratorTest" time="0.002"/>
  <testcase name="updateEntityStreamValid" classname="org.molgenis.data.validation.meta.EntityTypeRepositoryValidationDecoratorTest" time="0.001"/>
  <testcase name="updateEntityValid" classname="org.molgenis.data.validation.meta.EntityTypeRepositoryValidationDecoratorTest" time="0"/>
  <testcase name="testValidateBackendInvalid" classname="org.molgenis.data.validation.meta.EntityTypeValidatorTest" time="0.003"/>
  <testcase name="testValidateBackendValid" classname="org.molgenis.data.validation.meta.EntityTypeValidatorTest" time="0.001"/>
  <testcase name="testValidateEntityIdIsReservedKeyword" classname="org.molgenis.data.validation.meta.EntityTypeValidatorTest" time="0"/>
  <testcase name="testValidateEntityIdValid" classname="org.molgenis.data.validation.meta.EntityTypeValidatorTest" time="0"/>
  <testcase name="testValidateExtendsNonAbstract" classname="org.molgenis.data.validation.meta.EntityTypeValidatorTest" time="0.001"/>
  <testcase name="testValidateExtendsValid" classname="org.molgenis.data.validation.meta.EntityTypeValidatorTest" time="0"/>
  <testcase name="testValidateLabelAttributeIdHidden" classname="org.molgenis.data.validation.meta.EntityTypeValidatorTest" time="0.001"/>
  <testcase name="testValidateLabelAttributeNullIdAttributeInvisible" classname="org.molgenis.data.validation.meta.EntityTypeValidatorTest" time="0.001"/>
  <testcase name="testValidateLabelIsEmpty" classname="org.molgenis.data.validation.meta.EntityTypeValidatorTest" time="0"/>
  <testcase name="testValidateLabelIsValid" classname="org.molgenis.data.validation.meta.EntityTypeValidatorTest" time="0.001"/>
  <testcase name="testValidateLabelIsWhiteSpace" classname="org.molgenis.data.validation.meta.EntityTypeValidatorTest" time="0.001"/>
  <testcase name="testValidateOwnAttributesAttributesWithSameName" classname="org.molgenis.data.validation.meta.EntityTypeValidatorTest" time="0.023"/>
  <testcase name="testValidateOwnAttributesNoAttributes" classname="org.molgenis.data.validation.meta.EntityTypeValidatorTest" time="0.001"/>
  <testcase name="testValidateOwnIdAttributeInvalidType" classname="org.molgenis.data.validation.meta.EntityTypeValidatorTest" time="0.007"/>
  <testcase name="testValidateOwnIdAttributeNillable" classname="org.molgenis.data.validation.meta.EntityTypeValidatorTest" time="0.001"/>
  <testcase name="testValidateOwnIdAttributeNotListedInAllAttributes" classname="org.molgenis.data.validation.meta.EntityTypeValidatorTest" time="0.001"/>
  <testcase name="testValidateOwnIdAttributeNotUnique" classname="org.molgenis.data.validation.meta.EntityTypeValidatorTest" time="0"/>
  <testcase name="testValidateOwnIdAttributeNull" classname="org.molgenis.data.validation.meta.EntityTypeValidatorTest" time="0.008"/>
  <testcase name="testValidateOwnIdAttributeNullAbstract" classname="org.molgenis.data.validation.meta.EntityTypeValidatorTest" time="0"/>
  <testcase name="testValidateOwnIdAttributeNullParentIdNull" classname="org.molgenis.data.validation.meta.EntityTypeValidatorTest" time="0.001"/>
  <testcase name="testValidateOwnIdAttributeParentHasIdAttribute" classname="org.molgenis.data.validation.meta.EntityTypeValidatorTest" time="0.001"/>
  <testcase name="testValidateOwnLabelAttributeAbstractEntity" classname="org.molgenis.data.validation.meta.EntityTypeValidatorTest" time="0"/>
  <testcase name="testValidateOwnLabelAttributeNotInAttributeMap" classname="org.molgenis.data.validation.meta.EntityTypeValidatorTest" time="0.002"/>
  <testcase name="testValidateOwnLabelAttributeNullIdAttributeVisible" classname="org.molgenis.data.validation.meta.EntityTypeValidatorTest" time="0"/>
  <testcase name="testValidateOwnLabelAttributeValid" classname="org.molgenis.data.validation.meta.EntityTypeValidatorTest" time="0"/>
  <testcase name="testValidateOwnLookupAttributesEmpty" classname="org.molgenis.data.validation.meta.EntityTypeValidatorTest" time="0.001"/>
  <testcase name="testValidateOwnLookupAttributesInvisible" classname="org.molgenis.data.validation.meta.EntityTypeValidatorTest" time="0.006"/>
  <testcase name="testValidateOwnLookupAttributesNotInAttributeMap" classname="org.molgenis.data.validation.meta.EntityTypeValidatorTest" time="0"/>
  <testcase name="testValidateOwnLookupAttributesValid" classname="org.molgenis.data.validation.meta.EntityTypeValidatorTest" time="0"/>
  <testcase name="testValidatePackageNonSystem" classname="org.molgenis.data.validation.meta.EntityTypeValidatorTest" time="0.002"/>
  <testcase name="testValidatePackageNull" classname="org.molgenis.data.validation.meta.EntityTypeValidatorTest" time="0"/>
  <testcase name="testValidateSystemPackageInvalid" classname="org.molgenis.data.validation.meta.EntityTypeValidatorTest" time="0.001"/>
  <testcase name="testValidateSystemPackageValid" classname="org.molgenis.data.validation.meta.EntityTypeValidatorTest" time="0"/>
  <testcase name="testValidateValid" classname="org.molgenis.data.validation.meta.EntityTypeValidatorTest" time="0.007"/>
  <testcase name="addEntityInvalid" classname="org.molgenis.data.validation.meta.AttributeRepositoryValidationDecoratorTest" time="0.001"/>
  <testcase name="addEntityStreamInvalid" classname="org.molgenis.data.validation.meta.AttributeRepositoryValidationDecoratorTest" time="0.002"/>
  <testcase name="addEntityStreamValid" classname="org.molgenis.data.validation.meta.AttributeRepositoryValidationDecoratorTest" time="0.002"/>
  <testcase name="addEntityValid" classname="org.molgenis.data.validation.meta.AttributeRepositoryValidationDecoratorTest" time="0"/>
  <testcase name="attributeRepositoryValidationDecorator" classname="org.molgenis.data.validation.meta.AttributeRepositoryValidationDecoratorTest" time="0"/>
  <testcase name="updateAttributeValid" classname="org.molgenis.data.validation.meta.AttributeRepositoryValidationDecoratorTest" time="0"/>
  <testcase name="updateEntityInvalid" classname="org.molgenis.data.validation.meta.AttributeRepositoryValidationDecoratorTest" time="0.001"/>
  <testcase name="updateEntityStreamInvalid" classname="org.molgenis.data.validation.meta.AttributeRepositoryValidationDecoratorTest" time="0.001"/>
  <testcase name="updateEntityStreamValid" classname="org.molgenis.data.validation.meta.AttributeRepositoryValidationDecoratorTest" time="0.001"/>
  <testcase name="testValidateNonSystemPackage" classname="org.molgenis.data.validation.meta.PackageValidatorTest" time="0.001"/>
  <testcase name="testValidatePackageInvalidName" classname="org.molgenis.data.validation.meta.PackageValidatorTest" time="0.001"/>
  <testcase name="testValidatePackageValidName" classname="org.molgenis.data.validation.meta.PackageValidatorTest" time="0"/>
  <testcase name="testValidatePackageValidNameNoParent" classname="org.molgenis.data.validation.meta.PackageValidatorTest" time="0"/>
  <testcase name="testValidateSystemPackageInRegistry" classname="org.molgenis.data.validation.meta.PackageValidatorTest" time="0.001"/>
  <testcase name="testValidateSystemPackageNotInRegistry" classname="org.molgenis.data.validation.meta.PackageValidatorTest" time="0.009"/>
  <testcase name="testI18nMissing" classname="org.molgenis.data.validation.meta.NameValidatorTest" time="0"/>
  <testcase name="testI18nName" classname="org.molgenis.data.validation.meta.NameValidatorTest" time="0"/>
  <testcase name="testI18nNameMilti" classname="org.molgenis.data.validation.meta.NameValidatorTest" time="0"/>
  <testcase name="testI18nNumber" classname="org.molgenis.data.validation.meta.NameValidatorTest" time="0"/>
  <testcase name="testI18nTooLong" classname="org.molgenis.data.validation.meta.NameValidatorTest" time="0"/>
  <testcase name="testI18nUpperCase" classname="org.molgenis.data.validation.meta.NameValidatorTest" time="0.001"/>
  <testcase name="testReservedKeyword" classname="org.molgenis.data.validation.meta.NameValidatorTest" time="0"/>
  <testcase name="testUnderscoreAttr" classname="org.molgenis.data.validation.meta.NameValidatorTest" time="0"/>
  <testcase name="testValidateNameInvalidCharacters" classname="org.molgenis.data.validation.meta.NameValidatorTest" time="0"/>
  <testcase name="testValidateNameStartsWithDigit" classname="org.molgenis.data.validation.meta.NameValidatorTest" time="0"/>
  <testcase name="testQueryValidator" classname="org.molgenis.data.validation.QueryValidatorTest" time="0"/>
  <testcase name="testValidateInvalid" classname="org.molgenis.data.validation.QueryValidatorTest" time="0.004"/>
  <testcase name="testValidateInvalid" classname="org.molgenis.data.validation.QueryValidatorTest" time="0.002"/>
  <testcase name="testValidateInvalid" classname="org.molgenis.data.validation.QueryValidatorTest" time="0.002"/>
  <testcase name="testValidateInvalid" classname="org.molgenis.data.validation.QueryValidatorTest" time="0"/>
  <testcase name="testValidateInvalid" classname="org.molgenis.data.validation.QueryValidatorTest" time="0"/>
  <testcase name="testValidateInvalid" classname="org.molgenis.data.validation.QueryValidatorTest" time="0"/>
  <testcase name="testValidateInvalid" classname="org.molgenis.data.validation.QueryValidatorTest" time="0"/>
  <testcase name="testValidateInvalid" classname="org.molgenis.data.validation.QueryValidatorTest" time="0.001"/>
  <testcase name="testValidateInvalid" classname="org.molgenis.data.validation.QueryValidatorTest" time="0"/>
  <testcase name="testValidateInvalid" classname="org.molgenis.data.validation.QueryValidatorTest" time="0"/>
  <testcase name="testValidateInvalid" classname="org.molgenis.data.validation.QueryValidatorTest" time="0"/>
  <testcase name="testValidateInvalid" classname="org.molgenis.data.validation.QueryValidatorTest" time="0"/>
  <testcase name="testValidateInvalid" classname="org.molgenis.data.validation.QueryValidatorTest" time="0"/>
  <testcase name="testValidateInvalid" classname="org.molgenis.data.validation.QueryValidatorTest" time="0"/>
  <testcase name="testValidateInvalid" classname="org.molgenis.data.validation.QueryValidatorTest" time="0.001"/>
  <testcase name="testValidateInvalid" classname="org.molgenis.data.validation.QueryValidatorTest" time="0"/>
  <testcase name="testValidateInvalid" classname="org.molgenis.data.validation.QueryValidatorTest" time="0"/>
  <testcase name="testValidateInvalid" classname="org.molgenis.data.validation.QueryValidatorTest" time="0"/>
  <testcase name="testValidateInvalid" classname="org.molgenis.data.validation.QueryValidatorTest" time="0"/>
  <testcase name="testValidateInvalid" classname="org.molgenis.data.validation.QueryValidatorTest" time="0"/>
  <testcase name="testValidateValid" classname="org.molgenis.data.validation.QueryValidatorTest" time="0.001"/>
  <testcase name="testValidateValid" classname="org.molgenis.data.validation.QueryValidatorTest" time="0"/>
  <testcase name="testValidateValid" classname="org.molgenis.data.validation.QueryValidatorTest" time="0"/>
  <testcase name="testValidateValid" classname="org.molgenis.data.validation.QueryValidatorTest" time="0"/>
  <testcase name="testValidateValid" classname="org.molgenis.data.validation.QueryValidatorTest" time="0"/>
  <testcase name="testValidateValid" classname="org.molgenis.data.validation.QueryValidatorTest" time="0.001"/>
  <testcase name="testValidateValid" classname="org.molgenis.data.validation.QueryValidatorTest" time="0"/>
  <testcase name="testValidateValid" classname="org.molgenis.data.validation.QueryValidatorTest" time="0.001"/>
  <testcase name="testValidateValid" classname="org.molgenis.data.validation.QueryValidatorTest" time="0"/>
  <testcase name="testValidateValid" classname="org.molgenis.data.validation.QueryValidatorTest" time="0.001"/>
  <testcase name="testValidateValid" classname="org.molgenis.data.validation.QueryValidatorTest" time="0"/>
  <testcase name="testValidateValid" classname="org.molgenis.data.validation.QueryValidatorTest" time="0"/>
  <testcase name="testValidateValid" classname="org.molgenis.data.validation.QueryValidatorTest" time="0"/>
  <testcase name="testValidateValid" classname="org.molgenis.data.validation.QueryValidatorTest" time="0.001"/>
  <testcase name="testValidateValid" classname="org.molgenis.data.validation.QueryValidatorTest" time="0"/>
  <testcase name="testValidateValid" classname="org.molgenis.data.validation.QueryValidatorTest" time="0.001"/>
  <testcase name="testValidateValid" classname="org.molgenis.data.validation.QueryValidatorTest" time="0"/>
  <testcase name="testValidateValid" classname="org.molgenis.data.validation.QueryValidatorTest" time="0.001"/>
  <testcase name="testValidateValid" classname="org.molgenis.data.validation.QueryValidatorTest" time="0"/>
  <testcase name="testValidateValid" classname="org.molgenis.data.validation.QueryValidatorTest" time="0"/>
  <testcase name="testValidateValid" classname="org.molgenis.data.validation.QueryValidatorTest" time="0"/>
  <testcase name="testValidateValid" classname="org.molgenis.data.validation.QueryValidatorTest" time="0"/>
  <testcase name="testValidateValid" classname="org.molgenis.data.validation.QueryValidatorTest" time="0"/>
  <testcase name="testValidateValid" classname="org.molgenis.data.validation.QueryValidatorTest" time="0"/>
  <testcase name="testValidateValid" classname="org.molgenis.data.validation.QueryValidatorTest" time="0"/>
  <testcase name="testValidateValid" classname="org.molgenis.data.validation.QueryValidatorTest" time="0"/>
  <testcase name="testValidateValid" classname="org.molgenis.data.validation.QueryValidatorTest" time="0"/>
  <testcase name="testValidateValid" classname="org.molgenis.data.validation.QueryValidatorTest" time="0"/>
  <testcase name="testValidateValid" classname="org.molgenis.data.validation.QueryValidatorTest" time="0.001"/>
  <testcase name="testValidateValid" classname="org.molgenis.data.validation.QueryValidatorTest" time="0"/>
  <testcase name="testValidateValid" classname="org.molgenis.data.validation.QueryValidatorTest" time="0"/>
  <testcase name="testValidateValid" classname="org.molgenis.data.validation.QueryValidatorTest" time="0.001"/>
  <testcase name="testValidateValid" classname="org.molgenis.data.validation.QueryValidatorTest" time="0"/>
  <testcase name="testValidateValid" classname="org.molgenis.data.validation.QueryValidatorTest" time="0"/>
  <testcase name="testValidateValid" classname="org.molgenis.data.validation.QueryValidatorTest" time="0"/>
  <testcase name="testValidateValid" classname="org.molgenis.data.validation.QueryValidatorTest" time="0"/>
  <testcase name="testValidateValid" classname="org.molgenis.data.validation.QueryValidatorTest" time="0"/>
  <testcase name="testValidateValid" classname="org.molgenis.data.validation.QueryValidatorTest" time="0"/>
  <testcase name="testValidateValid" classname="org.molgenis.data.validation.QueryValidatorTest" time="0"/>
  <testcase name="testValidateValid" classname="org.molgenis.data.validation.QueryValidatorTest" time="0"/>
  <testcase name="testValidateValid" classname="org.molgenis.data.validation.QueryValidatorTest" time="0"/>
  <testcase name="testValidateValid" classname="org.molgenis.data.validation.QueryValidatorTest" time="0.001"/>
  <testcase name="testValidateValid" classname="org.molgenis.data.validation.QueryValidatorTest" time="0"/>
  <testcase name="testValidateValid" classname="org.molgenis.data.validation.QueryValidatorTest" time="0"/>
  <testcase name="testValidateValid" classname="org.molgenis.data.validation.QueryValidatorTest" time="0.001"/>
  <testcase name="testValidateValid" classname="org.molgenis.data.validation.QueryValidatorTest" time="0"/>
  <testcase name="testValidateValid" classname="org.molgenis.data.validation.QueryValidatorTest" time="0"/>
  <testcase name="testValidateValid" classname="org.molgenis.data.validation.QueryValidatorTest" time="0"/>
  <testcase name="testValidateValid" classname="org.molgenis.data.validation.QueryValidatorTest" time="0"/>
  <testcase name="testValidateValid" classname="org.molgenis.data.validation.QueryValidatorTest" time="0"/>
  <testcase name="testValidateValid" classname="org.molgenis.data.validation.QueryValidatorTest" time="0"/>
  <testcase name="testValidateValid" classname="org.molgenis.data.validation.QueryValidatorTest" time="0"/>
  <testcase name="testValidateValid" classname="org.molgenis.data.validation.QueryValidatorTest" time="0"/>
  <testcase name="testValidateValid" classname="org.molgenis.data.validation.QueryValidatorTest" time="0"/>
  <testcase name="testValidateValid" classname="org.molgenis.data.validation.QueryValidatorTest" time="0"/>
  <testcase name="testValidateValid" classname="org.molgenis.data.validation.QueryValidatorTest" time="0"/>
  <testcase name="testValidateValid" classname="org.molgenis.data.validation.QueryValidatorTest" time="0.001"/>
  <testcase name="testValidateValid" classname="org.molgenis.data.validation.QueryValidatorTest" time="0"/>
  <testcase name="testValidateValid" classname="org.molgenis.data.validation.QueryValidatorTest" time="0"/>
  <testcase name="testValidateValid" classname="org.molgenis.data.validation.QueryValidatorTest" time="0.001"/>
  <testcase name="testValidateValid" classname="org.molgenis.data.validation.QueryValidatorTest" time="0"/>
  <testcase name="testValidateValid" classname="org.molgenis.data.validation.QueryValidatorTest" time="0"/>
  <testcase name="testValidateValid" classname="org.molgenis.data.validation.QueryValidatorTest" time="0"/>
  <testcase name="testValidateValid" classname="org.molgenis.data.validation.QueryValidatorTest" time="0"/>
  <testcase name="testValidateValid" classname="org.molgenis.data.validation.QueryValidatorTest" time="0"/>
  <testcase name="testValidateValid" classname="org.molgenis.data.validation.QueryValidatorTest" time="0.001"/>
  <testcase name="testValidateValid" classname="org.molgenis.data.validation.QueryValidatorTest" time="0"/>
  <testcase name="testValidateValid" classname="org.molgenis.data.validation.QueryValidatorTest" time="0"/>
  <testcase name="testValidateValid" classname="org.molgenis.data.validation.QueryValidatorTest" time="0.001"/>
  <testcase name="testValidateValid" classname="org.molgenis.data.validation.QueryValidatorTest" time="0"/>
  <testcase name="testValidateValid" classname="org.molgenis.data.validation.QueryValidatorTest" time="0"/>
  <testcase name="testValidateValid" classname="org.molgenis.data.validation.QueryValidatorTest" time="0"/>
  <testcase name="testValidateValid" classname="org.molgenis.data.validation.QueryValidatorTest" time="0"/>
  <testcase name="testValidateValid" classname="org.molgenis.data.validation.QueryValidatorTest" time="0"/>
  <testcase name="testValidateValid" classname="org.molgenis.data.validation.QueryValidatorTest" time="0"/>
  <testcase name="testValidateValid" classname="org.molgenis.data.validation.QueryValidatorTest" time="0"/>
  <testcase name="testValidateValid" classname="org.molgenis.data.validation.QueryValidatorTest" time="0"/>
  <testcase name="testValidateValid" classname="org.molgenis.data.validation.QueryValidatorTest" time="0"/>
  <testcase name="testValidateValid" classname="org.molgenis.data.validation.QueryValidatorTest" time="0.001"/>
  <testcase name="testValidateValid" classname="org.molgenis.data.validation.QueryValidatorTest" time="0"/>
  <testcase name="testValidateValid" classname="org.molgenis.data.validation.QueryValidatorTest" time="0"/>
  <testcase name="testValidateValid" classname="org.molgenis.data.validation.QueryValidatorTest" time="0"/>
  <testcase name="testValidateValid" classname="org.molgenis.data.validation.QueryValidatorTest" time="0"/>
  <testcase name="testValidateValid" classname="org.molgenis.data.validation.QueryValidatorTest" time="0"/>
  <testcase name="testValidateValid" classname="org.molgenis.data.validation.QueryValidatorTest" time="0"/>
  <testcase name="testValidateValid" classname="org.molgenis.data.validation.QueryValidatorTest" time="0"/>
  <testcase name="testValidateValid" classname="org.molgenis.data.validation.QueryValidatorTest" time="0"/>
  <testcase name="testValidateValid" classname="org.molgenis.data.validation.QueryValidatorTest" time="0"/>
  <testcase name="testValidateValid" classname="org.molgenis.data.validation.QueryValidatorTest" time="0.001"/>
  <testcase name="testValidateValid" classname="org.molgenis.data.validation.QueryValidatorTest" time="0"/>
  <testcase name="testValidateValid" classname="org.molgenis.data.validation.QueryValidatorTest" time="0"/>
  <testcase name="testValidateValid" classname="org.molgenis.data.validation.QueryValidatorTest" time="0.001"/>
  <testcase name="testValidateValid" classname="org.molgenis.data.validation.QueryValidatorTest" time="0"/>
  <testcase name="testValidateValid" classname="org.molgenis.data.validation.QueryValidatorTest" time="0"/>
  <testcase name="testValidateValid" classname="org.molgenis.data.validation.QueryValidatorTest" time="0"/>
  <testcase name="testValidateValid" classname="org.molgenis.data.validation.QueryValidatorTest" time="0.001"/>
  <testcase name="testValidateValid" classname="org.molgenis.data.validation.QueryValidatorTest" time="0"/>
  <testcase name="testValidateValid" classname="org.molgenis.data.validation.QueryValidatorTest" time="0"/>
  <testcase name="testValidateValid" classname="org.molgenis.data.validation.QueryValidatorTest" time="0"/>
  <testcase name="testValidateValid" classname="org.molgenis.data.validation.QueryValidatorTest" time="0"/>
  <testcase name="testValidateValid" classname="org.molgenis.data.validation.QueryValidatorTest" time="0"/>
  <testcase name="testValidateValid" classname="org.molgenis.data.validation.QueryValidatorTest" time="0"/>
  <testcase name="testValidateValid" classname="org.molgenis.data.validation.QueryValidatorTest" time="0.001"/>
  <testcase name="testValidateValid" classname="org.molgenis.data.validation.QueryValidatorTest" time="0"/>
  <testcase name="testValidateValid" classname="org.molgenis.data.validation.QueryValidatorTest" time="0"/>
  <testcase name="testValidateValid" classname="org.molgenis.data.validation.QueryValidatorTest" time="0"/>
  <testcase name="testValidateValid" classname="org.molgenis.data.validation.QueryValidatorTest" time="0.001"/>
  <testcase name="testValidateValid" classname="org.molgenis.data.validation.QueryValidatorTest" time="0"/>
  <testcase name="testValidateValid" classname="org.molgenis.data.validation.QueryValidatorTest" time="0"/>
  <testcase name="testValidateValid" classname="org.molgenis.data.validation.QueryValidatorTest" time="0.001"/>
  <testcase name="testValidateValid" classname="org.molgenis.data.validation.QueryValidatorTest" time="0"/>
  <testcase name="testValidateValid" classname="org.molgenis.data.validation.QueryValidatorTest" time="0"/>
  <testcase name="testValidateValid" classname="org.molgenis.data.validation.QueryValidatorTest" time="0"/>
  <testcase name="testValidateValid" classname="org.molgenis.data.validation.QueryValidatorTest" time="0"/>
  <testcase name="testValidateValid" classname="org.molgenis.data.validation.QueryValidatorTest" time="0"/>
  <testcase name="testValidateValid" classname="org.molgenis.data.validation.QueryValidatorTest" time="0"/>
  <testcase name="testValidateValid" classname="org.molgenis.data.validation.QueryValidatorTest" time="0"/>
  <testcase name="testValidateValid" classname="org.molgenis.data.validation.QueryValidatorTest" time="0.001"/>
  <testcase name="testValidateValid" classname="org.molgenis.data.validation.QueryValidatorTest" time="0"/>
  <testcase name="testValidateValid" classname="org.molgenis.data.validation.QueryValidatorTest" time="0"/>
  <testcase name="testValidateValid" classname="org.molgenis.data.validation.QueryValidatorTest" time="0.001"/>
  <testcase name="testValidateValid" classname="org.molgenis.data.validation.QueryValidatorTest" time="0"/>
  <testcase name="testValidateValid" classname="org.molgenis.data.validation.QueryValidatorTest" time="0"/>
  <testcase name="testValidateValid" classname="org.molgenis.data.validation.QueryValidatorTest" time="0.001"/>
  <testcase name="testValidateValid" classname="org.molgenis.data.validation.QueryValidatorTest" time="0"/>
  <testcase name="testValidateValid" classname="org.molgenis.data.validation.QueryValidatorTest" time="0"/>
  <testcase name="testValidateValid" classname="org.molgenis.data.validation.QueryValidatorTest" time="0.001"/>
  <testcase name="testValidateValid" classname="org.molgenis.data.validation.QueryValidatorTest" time="0"/>
  <testcase name="testValidateValid" classname="org.molgenis.data.validation.QueryValidatorTest" time="0"/>
  <testcase name="testValidateValid" classname="org.molgenis.data.validation.QueryValidatorTest" time="0"/>
  <testcase name="testValidateValid" classname="org.molgenis.data.validation.QueryValidatorTest" time="0"/>
  <testcase name="testValidateValid" classname="org.molgenis.data.validation.QueryValidatorTest" time="0"/>
  <testcase name="testValidateValid" classname="org.molgenis.data.validation.QueryValidatorTest" time="0"/>
  <testcase name="testValidateValid" classname="org.molgenis.data.validation.QueryValidatorTest" time="0.001"/>
  <testcase name="testValidateValid" classname="org.molgenis.data.validation.QueryValidatorTest" time="0"/>
  <testcase name="testValidateValid" classname="org.molgenis.data.validation.QueryValidatorTest" time="0"/>
  <testcase name="testValidateValid" classname="org.molgenis.data.validation.QueryValidatorTest" time="0.001"/>
  <testcase name="testValidateValid" classname="org.molgenis.data.validation.QueryValidatorTest" time="0"/>
  <testcase name="testValidateValid" classname="org.molgenis.data.validation.QueryValidatorTest" time="0"/>
  <testcase name="testValidateValid" classname="org.molgenis.data.validation.QueryValidatorTest" time="0.001"/>
  <testcase name="testValidateValid" classname="org.molgenis.data.validation.QueryValidatorTest" time="0"/>
  <testcase name="testValidateValid" classname="org.molgenis.data.validation.QueryValidatorTest" time="0"/>
  <testcase name="testValidateValid" classname="org.molgenis.data.validation.QueryValidatorTest" time="0"/>
  <testcase name="testValidateValid" classname="org.molgenis.data.validation.QueryValidatorTest" time="0.001"/>
  <testcase name="testValidateValid" classname="org.molgenis.data.validation.QueryValidatorTest" time="0"/>
  <testcase name="testValidateValid" classname="org.molgenis.data.validation.QueryValidatorTest" time="0"/>
  <testcase name="testValidateValid" classname="org.molgenis.data.validation.QueryValidatorTest" time="0"/>
  <testcase name="testValidateValid" classname="org.molgenis.data.validation.QueryValidatorTest" time="0"/>
  <testcase name="testValidateValid" classname="org.molgenis.data.validation.QueryValidatorTest" time="0"/>
  <testcase name="testValidateValid" classname="org.molgenis.data.validation.QueryValidatorTest" time="0"/>
  <testcase name="testValidateValid" classname="org.molgenis.data.validation.QueryValidatorTest" time="0"/>
  <testcase name="testValidateValid" classname="org.molgenis.data.validation.QueryValidatorTest" time="0"/>
  <testcase name="testValidateValid" classname="org.molgenis.data.validation.QueryValidatorTest" time="0"/>
  <testcase name="testValidateValid" classname="org.molgenis.data.validation.QueryValidatorTest" time="0"/>
  <testcase name="testValidateValid" classname="org.molgenis.data.validation.QueryValidatorTest" time="0.001"/>
  <testcase name="testValidateValid" classname="org.molgenis.data.validation.QueryValidatorTest" time="0"/>
  <testcase name="testValidateValid" classname="org.molgenis.data.validation.QueryValidatorTest" time="0"/>
  <testcase name="testValidateValid" classname="org.molgenis.data.validation.QueryValidatorTest" time="0"/>
  <testcase name="testValidateValid" classname="org.molgenis.data.validation.QueryValidatorTest" time="0"/>
  <testcase name="testValidateValid" classname="org.molgenis.data.validation.QueryValidatorTest" time="0"/>
  <testcase name="testValidateValid" classname="org.molgenis.data.validation.QueryValidatorTest" time="0"/>
  <testcase name="testValidateValid" classname="org.molgenis.data.validation.QueryValidatorTest" time="0"/>
  <testcase name="testValidateValid" classname="org.molgenis.data.validation.QueryValidatorTest" time="0"/>
  <testcase name="testValidateValid" classname="org.molgenis.data.validation.QueryValidatorTest" time="0"/>
  <testcase name="testValidateValid" classname="org.molgenis.data.validation.QueryValidatorTest" time="0"/>
  <testcase name="testValidateValid" classname="org.molgenis.data.validation.QueryValidatorTest" time="0"/>
  <testcase name="testValidateValid" classname="org.molgenis.data.validation.QueryValidatorTest" time="0"/>
  <testcase name="testValidateValid" classname="org.molgenis.data.validation.QueryValidatorTest" time="0"/>
  <testcase name="testValidateValid" classname="org.molgenis.data.validation.QueryValidatorTest" time="0"/>
  <testcase name="testValidateValid" classname="org.molgenis.data.validation.QueryValidatorTest" time="0"/>
  <testcase name="testValidateValid" classname="org.molgenis.data.validation.QueryValidatorTest" time="0.001"/>
  <testcase name="testValidateValid" classname="org.molgenis.data.validation.QueryValidatorTest" time="0"/>
  <testcase name="testValidateValid" classname="org.molgenis.data.validation.QueryValidatorTest" time="0"/>
  <testcase name="testValidateValid" classname="org.molgenis.data.validation.QueryValidatorTest" time="0"/>
  <testcase name="testValidateValid" classname="org.molgenis.data.validation.QueryValidatorTest" time="0.001"/>
  <testcase name="testValidateValid" classname="org.molgenis.data.validation.QueryValidatorTest" time="0"/>
  <testcase name="testValidateValid" classname="org.molgenis.data.validation.QueryValidatorTest" time="0"/>
  <testcase name="testValidateValid" classname="org.molgenis.data.validation.QueryValidatorTest" time="0"/>
  <testcase name="testValidateValid" classname="org.molgenis.data.validation.QueryValidatorTest" time="0"/>
  <testcase name="testValidateValid" classname="org.molgenis.data.validation.QueryValidatorTest" time="0"/>
  <testcase name="testValidateValid" classname="org.molgenis.data.validation.QueryValidatorTest" time="0"/>
  <testcase name="testValidateValid" classname="org.molgenis.data.validation.QueryValidatorTest" time="0.001"/>
  <testcase name="testValidateValid" classname="org.molgenis.data.validation.QueryValidatorTest" time="0"/>
  <testcase name="testValidateValid" classname="org.molgenis.data.validation.QueryValidatorTest" time="0"/>
  <testcase name="testValidateValid" classname="org.molgenis.data.validation.QueryValidatorTest" time="0"/>
  <testcase name="testValidateValid" classname="org.molgenis.data.validation.QueryValidatorTest" time="0"/>
  <testcase name="testValidateValid" classname="org.molgenis.data.validation.QueryValidatorTest" time="0"/>
  <testcase name="testValidateValid" classname="org.molgenis.data.validation.QueryValidatorTest" time="0"/>
  <testcase name="testValidateValid" classname="org.molgenis.data.validation.QueryValidatorTest" time="0"/>
  <testcase name="testValidateValid" classname="org.molgenis.data.validation.QueryValidatorTest" time="0"/>
  <testcase name="testValidateValid" classname="org.molgenis.data.validation.QueryValidatorTest" time="0"/>
  <testcase name="testValidateValid" classname="org.molgenis.data.validation.QueryValidatorTest" time="0"/>
  <testcase name="testValidateValid" classname="org.molgenis.data.validation.QueryValidatorTest" time="0"/>
  <testcase name="testValidateValid" classname="org.molgenis.data.validation.QueryValidatorTest" time="0.001"/>
  <testcase name="testValidateValid" classname="org.molgenis.data.validation.QueryValidatorTest" time="0"/>
  <testcase name="testValidateValid" classname="org.molgenis.data.validation.QueryValidatorTest" time="0"/>
  <testcase name="testValidateValid" classname="org.molgenis.data.validation.QueryValidatorTest" time="0.001"/>
  <testcase name="testValidateValid" classname="org.molgenis.data.validation.QueryValidatorTest" time="0"/>
  <testcase name="add" classname="org.molgenis.data.validation.RepositoryValidationDecoratorTest" time="0.013"/>
  <testcase name="addEntityAttributesValidationError" classname="org.molgenis.data.validation.RepositoryValidationDecoratorTest" time="0.003"/>
  <testcase name="addEntityCrossRepositoryCollectionReference" classname="org.molgenis.data.validation.RepositoryValidationDecoratorTest" time="0.029"/>
  <testcase name="addEntityDoesNotRequireValidationDueToRepoCapabilities" classname="org.molgenis.data.validation.RepositoryValidationDecoratorTest" time="0.002"/>
  <testcase name="addReferenceAttrWithExpression" classname="org.molgenis.data.validation.RepositoryValidationDecoratorTest" time="0.003"/>
  <testcase name="addReferenceMrefDoesNotExistsValidationError" classname="org.molgenis.data.validation.RepositoryValidationDecoratorTest" time="0.003"/>
  <testcase name="addReferenceXrefDoesNotExistsValidationError" classname="org.molgenis.data.validation.RepositoryValidationDecoratorTest" time="0.002"/>
  <testcase name="addReferenceXrefSelfReferenceToPreviouslyAddedEntity" classname="org.molgenis.data.validation.RepositoryValidationDecoratorTest" time="0.003"/>
  <testcase name="addRequiredMrefValueValidationError" classname="org.molgenis.data.validation.RepositoryValidationDecoratorTest" time="0.003"/>
  <testcase name="addRequiredValueValidationError" classname="org.molgenis.data.validation.RepositoryValidationDecoratorTest" time="0.004"/>
  <testcase name="addRequiredValueWithExpression" classname="org.molgenis.data.validation.RepositoryValidationDecoratorTest" time="0.002"/>
  <testcase name="addStream" classname="org.molgenis.data.validation.RepositoryValidationDecoratorTest" time="0.004"/>
  <testcase name="addStreamEntityAttributesValidationError" classname="org.molgenis.data.validation.RepositoryValidationDecoratorTest" time="0.003"/>
  <testcase name="addStreamReferenceAttrWithExpression" classname="org.molgenis.data.validation.RepositoryValidationDecoratorTest" time="0.004"/>
  <testcase name="addStreamReferenceMrefDoesNotExistsValidationError" classname="org.molgenis.data.validation.RepositoryValidationDecoratorTest" time="0.005"/>
  <testcase name="addStreamReferenceXrefDoesNotExistsValidationError" classname="org.molgenis.data.validation.RepositoryValidationDecoratorTest" time="0.003"/>
  <testcase name="addStreamReferenceXrefSelfReferenceToPreviouslyAddedEntity" classname="org.molgenis.data.validation.RepositoryValidationDecoratorTest" time="0.003"/>
  <testcase name="addStreamReferenceXrefSelfReferenceToSelf" classname="org.molgenis.data.validation.RepositoryValidationDecoratorTest" time="0.004"/>
  <testcase name="addStreamRequiredMrefValueValidationError" classname="org.molgenis.data.validation.RepositoryValidationDecoratorTest" time="0.002"/>
  <testcase name="addStreamRequiredValueValidationError" classname="org.molgenis.data.validation.RepositoryValidationDecoratorTest" time="0.002"/>
  <testcase name="addStreamRequiredValueWithExpression" classname="org.molgenis.data.validation.RepositoryValidationDecoratorTest" time="0.002"/>
  <testcase name="addStreamUniqueStringValueExistsInBackendValidationError" classname="org.molgenis.data.validation.RepositoryValidationDecoratorTest" time="0.005"/>
  <testcase name="addStreamUniqueStringValueExistsInSourceValidationError" classname="org.molgenis.data.validation.RepositoryValidationDecoratorTest" time="0.003"/>
  <testcase name="addStreamUniqueValueWithExpression" classname="org.molgenis.data.validation.RepositoryValidationDecoratorTest" time="0.002"/>
  <testcase name="addStreamUniqueXrefValueExistsInBackendValidationError" classname="org.molgenis.data.validation.RepositoryValidationDecoratorTest" time="0.003"/>
  <testcase name="addUniqueStringValueExistsInBackendValidationError" classname="org.molgenis.data.validation.RepositoryValidationDecoratorTest" time="0.002"/>
  <testcase name="addUniqueValueWithExpression" classname="org.molgenis.data.validation.RepositoryValidationDecoratorTest" time="0.004"/>
  <testcase name="addUniqueXrefValueExistsInBackendValidationError" classname="org.molgenis.data.validation.RepositoryValidationDecoratorTest" time="0.004"/>
  <testcase name="findAll" classname="org.molgenis.data.validation.RepositoryValidationDecoratorTest" time="0.001"/>
  <testcase name="findAllStream" classname="org.molgenis.data.validation.RepositoryValidationDecoratorTest" time="0"/>
  <testcase name="findAllStreamFetch" classname="org.molgenis.data.validation.RepositoryValidationDecoratorTest" time="0"/>
  <testcase name="findOneObjectFetch" classname="org.molgenis.data.validation.RepositoryValidationDecoratorTest" time="0"/>
  <testcase name="forEachBatchedFetch" classname="org.molgenis.data.validation.RepositoryValidationDecoratorTest" time="0.016"/>
  <testcase name="query" classname="org.molgenis.data.validation.RepositoryValidationDecoratorTest" time="0"/>
  <testcase name="testDelete" classname="org.molgenis.data.validation.RepositoryValidationDecoratorTest" time="0.001"/>
  <testcase name="testDeleteAll" classname="org.molgenis.data.validation.RepositoryValidationDecoratorTest" time="0"/>
  <testcase name="testDeleteAllStream" classname="org.molgenis.data.validation.RepositoryValidationDecoratorTest" time="0.001"/>
  <testcase name="testDeleteAllStreamValidationException" classname="org.molgenis.data.validation.RepositoryValidationDecoratorTest" time="0.005"/>
  <testcase name="testDeleteAllValidationException" classname="org.molgenis.data.validation.RepositoryValidationDecoratorTest" time="0"/>
  <testcase name="testDeleteById" classname="org.molgenis.data.validation.RepositoryValidationDecoratorTest" time="0"/>
  <testcase name="testDeleteByIdValidationException" classname="org.molgenis.data.validation.RepositoryValidationDecoratorTest" time="0"/>
  <testcase name="testDeleteStream" classname="org.molgenis.data.validation.RepositoryValidationDecoratorTest" time="0"/>
  <testcase name="testDeleteStreamValidationException" classname="org.molgenis.data.validation.RepositoryValidationDecoratorTest" time="0"/>
  <testcase name="testDeleteValidationException" classname="org.molgenis.data.validation.RepositoryValidationDecoratorTest" time="0"/>
  <testcase name="update" classname="org.molgenis.data.validation.RepositoryValidationDecoratorTest" time="0.003"/>
  <testcase name="updateEntityAttributesValidationError" classname="org.molgenis.data.validation.RepositoryValidationDecoratorTest" time="0.002"/>
  <testcase name="updateReadOnlyMrefAttr" classname="org.molgenis.data.validation.RepositoryValidationDecoratorTest" time="0.006"/>
  <testcase name="updateReadOnlyMrefAttrNull" classname="org.molgenis.data.validation.RepositoryValidationDecoratorTest" time="0.002"/>
  <testcase name="updateReadOnlyMrefAttrValidationError" classname="org.molgenis.data.validation.RepositoryValidationDecoratorTest" time="0.003"/>
  <testcase name="updateReadOnlyStringAttrValidationError" classname="org.molgenis.data.validation.RepositoryValidationDecoratorTest" time="0.003"/>
  <testcase name="updateReadOnlyXrefAttr" classname="org.molgenis.data.validation.RepositoryValidationDecoratorTest" time="0.003"/>
  <testcase name="updateReadOnlyXrefAttrValidationError" classname="org.molgenis.data.validation.RepositoryValidationDecoratorTest" time="0.003"/>
  <testcase name="updateReferenceAttrWithExpression" classname="org.molgenis.data.validation.RepositoryValidationDecoratorTest" time="0.002"/>
  <testcase name="updateReferenceMrefDoesNotExistsValidationError" classname="org.molgenis.data.validation.RepositoryValidationDecoratorTest" time="0.002"/>
  <testcase name="updateReferenceXrefDoesNotExistsValidationError" classname="org.molgenis.data.validation.RepositoryValidationDecoratorTest" time="0.003"/>
  <testcase name="updateReferenceXrefSelfReferenceToPreviouslyAddedEntity" classname="org.molgenis.data.validation.RepositoryValidationDecoratorTest" time="0.002"/>
  <testcase name="updateRequiredMrefValueValidationError" classname="org.molgenis.data.validation.RepositoryValidationDecoratorTest" time="0.004"/>
  <testcase name="updateRequiredValueValidationError" classname="org.molgenis.data.validation.RepositoryValidationDecoratorTest" time="0.001"/>
  <testcase name="updateRequiredValueWithExpression" classname="org.molgenis.data.validation.RepositoryValidationDecoratorTest" time="0.002"/>
  <testcase name="updateStream" classname="org.molgenis.data.validation.RepositoryValidationDecoratorTest" time="0.002"/>
  <testcase name="updateStreamEntityAttributesValidationError" classname="org.molgenis.data.validation.RepositoryValidationDecoratorTest" time="0.004"/>
  <testcase name="updateStreamReadOnlyMrefAttr" classname="org.molgenis.data.validation.RepositoryValidationDecoratorTest" time="0.003"/>
  <testcase name="updateStreamReadOnlyMrefAttrValidationError" classname="org.molgenis.data.validation.RepositoryValidationDecoratorTest" time="0.003"/>
  <testcase name="updateStreamReadOnlyStringAttrValidationError" classname="org.molgenis.data.validation.RepositoryValidationDecoratorTest" time="0.003"/>
  <testcase name="updateStreamReadOnlyXrefAttr" classname="org.molgenis.data.validation.RepositoryValidationDecoratorTest" time="0.002"/>
  <testcase name="updateStreamReadOnlyXrefAttrValidationError" classname="org.molgenis.data.validation.RepositoryValidationDecoratorTest" time="0.005"/>
  <testcase name="updateStreamReferenceAttrWithExpression" classname="org.molgenis.data.validation.RepositoryValidationDecoratorTest" time="0.003"/>
  <testcase name="updateStreamReferenceMrefDoesNotExistsValidationError" classname="org.molgenis.data.validation.RepositoryValidationDecoratorTest" time="0.004"/>
  <testcase name="updateStreamReferenceXrefDoesNotExistsValidationError" classname="org.molgenis.data.validation.RepositoryValidationDecoratorTest" time="0.003"/>
  <testcase name="updateStreamReferenceXrefSelfReferenceToPreviouslyAddedEntity" classname="org.molgenis.data.validation.RepositoryValidationDecoratorTest" time="0.004"/>
  <testcase name="updateStreamReferenceXrefSelfReferenceToSelf" classname="org.molgenis.data.validation.RepositoryValidationDecoratorTest" time="0.005"/>
  <testcase name="updateStreamRequiredMrefValueValidationError" classname="org.molgenis.data.validation.RepositoryValidationDecoratorTest" time="0.003"/>
  <testcase name="updateStreamRequiredValueValidationError" classname="org.molgenis.data.validation.RepositoryValidationDecoratorTest" time="0.002"/>
  <testcase name="updateStreamRequiredValueWithExpression" classname="org.molgenis.data.validation.RepositoryValidationDecoratorTest" time="0.003"/>
  <testcase name="updateStreamUniqueStringValueExistsInBackendValidationError" classname="org.molgenis.data.validation.RepositoryValidationDecoratorTest" time="0.004"/>
  <testcase name="updateStreamUniqueStringValueExistsInSourceValidationError" classname="org.molgenis.data.validation.RepositoryValidationDecoratorTest" time="0.003"/>
  <testcase name="updateStreamUniqueValueWithExpression" classname="org.molgenis.data.validation.RepositoryValidationDecoratorTest" time="0.002"/>
  <testcase name="updateStreamUniqueXrefValueExistsInBackendValidationError" classname="org.molgenis.data.validation.RepositoryValidationDecoratorTest" time="0.002"/>
  <testcase name="updateUniqueStringValueExistsInBackendValidationError" classname="org.molgenis.data.validation.RepositoryValidationDecoratorTest" time="0.002"/>
  <testcase name="updateUniqueValueWithExpression" classname="org.molgenis.data.validation.RepositoryValidationDecoratorTest" time="0.002"/>
  <testcase name="updateUniqueXrefValueExistsInBackendValidationError" classname="org.molgenis.data.validation.RepositoryValidationDecoratorTest" time="0.002"/>
  <testcase name="testDefaultValueReferenceValidatorImpl" classname="org.molgenis.data.validation.DefaultValueReferenceValidatorImplTest" time="0"/>
  <testcase name="testValidateEntitiesNotReferenced" classname="org.molgenis.data.validation.DefaultValueReferenceValidatorImplTest" time="0.055"/>
  <testcase name="testValidateEntitiesNotReferencedById" classname="org.molgenis.data.validation.DefaultValueReferenceValidatorImplTest" time="0.002"/>
  <testcase name="testValidateEntitiesNotReferencedByIdValidationException" classname="org.molgenis.data.validation.DefaultValueReferenceValidatorImplTest" time="0.004"/>
  <testcase name="testValidateEntitiesNotReferencedValidationException" classname="org.molgenis.data.validation.DefaultValueReferenceValidatorImplTest" time="0.001"/>
  <testcase name="testValidateEntityNotReferenced" classname="org.molgenis.data.validation.DefaultValueReferenceValidatorImplTest" time="0.001"/>
  <testcase name="testValidateEntityNotReferencedById" classname="org.molgenis.data.validation.DefaultValueReferenceValidatorImplTest" time="0.001"/>
  <testcase name="testValidateEntityNotReferencedByIdValidationException" classname="org.molgenis.data.validation.DefaultValueReferenceValidatorImplTest" time="0.001"/>
  <testcase name="testValidateEntityNotReferencedValidationException" classname="org.molgenis.data.validation.DefaultValueReferenceValidatorImplTest" time="0.001"/>
  <testcase name="testValidateEntityTypeNotReferenced" classname="org.molgenis.data.validation.DefaultValueReferenceValidatorImplTest" time="0"/>
  <testcase name="testValidateEntityTypeNotReferencedValidationException" classname="org.molgenis.data.validation.DefaultValueReferenceValidatorImplTest" time="0.001"/>
  <testcase name="checkMrefNullValue" classname="org.molgenis.data.validation.EntityAttributesValidatorTest" time="0.002"/>
  <testcase name="checkMrefNullValue" classname="org.molgenis.data.validation.EntityAttributesValidatorTest" time="0.001"/>
  <testcase name="checkMrefValid" classname="org.molgenis.data.validation.EntityAttributesValidatorTest" time="0"/>
  <testcase name="checkMrefValid" classname="org.molgenis.data.validation.EntityAttributesValidatorTest" time="0.001"/>
  <testcase name="checkMrefValidWrongType" classname="org.molgenis.data.validation.EntityAttributesValidatorTest" time="0"/>
  <testcase name="checkMrefValidWrongType" classname="org.molgenis.data.validation.EntityAttributesValidatorTest" time="0.001"/>
  <testcase name="checkRangeMaxOnly" classname="org.molgenis.data.validation.EntityAttributesValidatorTest" time="0.003"/>
  <testcase name="checkRangeMaxOnlyInvalid" classname="org.molgenis.data.validation.EntityAttributesValidatorTest" time="0.001"/>
  <testcase name="checkRangeMinOnly" classname="org.molgenis.data.validation.EntityAttributesValidatorTest" time="0.001"/>
  <testcase name="checkRangeMinOnlyInvalid" classname="org.molgenis.data.validation.EntityAttributesValidatorTest" time="0"/>
  <testcase name="checkXrefEntityWrongType" classname="org.molgenis.data.validation.EntityAttributesValidatorTest" time="0.001"/>
  <testcase name="checkXrefEntityWrongType" classname="org.molgenis.data.validation.EntityAttributesValidatorTest" time="0.001"/>
  <testcase name="checkXrefValid" classname="org.molgenis.data.validation.EntityAttributesValidatorTest" time="0"/>
  <testcase name="checkXrefValid" classname="org.molgenis.data.validation.EntityAttributesValidatorTest" time="0"/>
  <testcase name="testGetDataValuesForTypeDecimal" classname="org.molgenis.data.validation.EntityAttributesValidatorTest" time="0"/>
  <testcase name="testGetDataValuesForTypeInt" classname="org.molgenis.data.validation.EntityAttributesValidatorTest" time="0"/>
  <testcase name="testGetDataValuesForTypeLong" classname="org.molgenis.data.validation.EntityAttributesValidatorTest" time="0"/>
  <testcase name="validateNullableExpression" classname="org.molgenis.data.validation.EntityAttributesValidatorTest" time="0.007"/>
  <testcase name="testCountQueryInvalid" classname="org.molgenis.data.validation.QueryValidationRepositoryDecoratorTest" time="0"/>
  <testcase name="testCountQueryValid" classname="org.molgenis.data.validation.QueryValidationRepositoryDecoratorTest" time="0"/>
  <testcase name="testFindAllQueryInvalid" classname="org.molgenis.data.validation.QueryValidationRepositoryDecoratorTest" time="0"/>
  <testcase name="testFindAllQueryValid" classname="org.molgenis.data.validation.QueryValidationRepositoryDecoratorTest" time="0"/>
  <testcase name="testFindOneQueryInvalid" classname="org.molgenis.data.validation.QueryValidationRepositoryDecoratorTest" time="0"/>
  <testcase name="testFindOneQueryValid" classname="org.molgenis.data.validation.QueryValidationRepositoryDecoratorTest" time="0"/>
  <testcase name="testQueryValidationRepositoryDecorator" classname="org.molgenis.data.validation.QueryValidationRepositoryDecoratorTest" time="0"/>
  <testcase name="renumberRowIndexNoRowNumber" classname="org.molgenis.data.validation.ConstraintViolationTest" time="0"/>
  <testcase name="renumberRowIndexRowNumber" classname="org.molgenis.data.validation.ConstraintViolationTest" time="0"/>
  <testcase name="testResolveBooleanExpression" classname="org.molgenis.data.validation.ExpressionValidatorTest" time="0.002"/>
  <testcase name="testResolveBooleanExpression" classname="org.molgenis.data.validation.ExpressionValidatorTest" time="0"/>
  <testcase name="testResolveBooleanExpression" classname="org.molgenis.data.validation.ExpressionValidatorTest" time="0"/>
  <testcase name="testResolveBooleanExpression" classname="org.molgenis.data.validation.ExpressionValidatorTest" time="0"/>
  <testcase name="testResolveBooleanExpression" classname="org.molgenis.data.validation.ExpressionValidatorTest" time="0"/>
  <testcase name="testResolveBooleanExpression" classname="org.molgenis.data.validation.ExpressionValidatorTest" time="0"/>
  <testcase name="testResolveBooleanExpressions" classname="org.molgenis.data.validation.ExpressionValidatorTest" time="0"/>
  <testcase name="testLoadAndValidate" classname="org.molgenis.data.validation.JsonValidatorTest" time="0.061"/>
  <testcase name="testLoadAndValidateInvalid" classname="org.molgenis.data.validation.JsonValidatorTest" time="0.006"/>
  <testcase name="testLoadSchemaInvalid" classname="org.molgenis.data.validation.JsonValidatorTest" time="0.001"/>
</testsuite>