<?xml version="1.0" encoding="UTF-8"?>
<!-- Generated by org.testng.reporters.JUnitReportReporter -->
<testsuite hostname="spirals-vortex.lille.inria.fr" name="org.modelmapper.jackson.JsonNodeValueReaderTest" tests="4" failures="0" timestamp="26 May 2018 07:30:59 GMT" time="0.030" errors="0">
  <testcase name="shouldMapAfterMapNull" time="0.008" classname="org.modelmapper.jackson.JsonNodeValueReaderTest"/>
  <testcase name="shouldMapWithExplicitMapping" time="0.015" classname="org.modelmapper.jackson.JsonNodeValueReaderTest"/>
  <testcase name="shouldGetElements" time="0.003" classname="org.modelmapper.jackson.JsonNodeValueReaderTest"/>
  <testcase name="shouldMapFromJsonNode" time="0.004" classname="org.modelmapper.jackson.JsonNodeValueReaderTest"/>
</testsuite> <!-- org.modelmapper.jackson.JsonNodeValueReaderTest -->
