<?xml version="1.0" encoding="UTF-8"?>
<!-- Generated by org.testng.reporters.JUnitReportReporter -->
<testsuite hostname="spirals-vortex.lille.inria.fr" name="org.molgenis.gavin.job.GavinJobTest" tests="5" failures="0" timestamp="1 Jun 2018 11:24:27 GMT" time="0.624" errors="0">
  <testcase name="testRunHappyPathVcf" time="0.029" classname="org.molgenis.gavin.job.GavinJobTest"/>
  <testcase name="testMixedInputsThrowsException" time="0.011" classname="org.molgenis.gavin.job.GavinJobTest"/>
  <testcase name="testRunHappyPathCadd" time="0.011" classname="org.molgenis.gavin.job.GavinJobTest"/>
  <testcase name="testSkippedThrowsException" time="0.566" classname="org.molgenis.gavin.job.GavinJobTest"/>
  <testcase name="testNoValidLinesThrowsException" time="0.007" classname="org.molgenis.gavin.job.GavinJobTest"/>
</testsuite> <!-- org.molgenis.gavin.job.GavinJobTest -->
