<?xml version="1.0" encoding="UTF-8"?>
<!-- Generated by org.testng.reporters.JUnitReportReporter -->
<testsuite hostname="spirals-vortex.lille.inria.fr" name="org.molgenis.gavin.job.input.ParserTest" tests="43" failures="0" timestamp="1 Jun 2018 11:24:27 GMT" time="1.003" errors="0">
  <testcase name="testParseVariant" time="0.002" classname="org.molgenis.gavin.job.input.ParserTest"/>
  <testcase name="testParseChrom" time="0.000" classname="org.molgenis.gavin.job.input.ParserTest"/>
  <testcase name="testParseChrom" time="0.000" classname="org.molgenis.gavin.job.input.ParserTest"/>
  <testcase name="testParseChrom" time="0.001" classname="org.molgenis.gavin.job.input.ParserTest"/>
  <testcase name="testParseChrom" time="0.000" classname="org.molgenis.gavin.job.input.ParserTest"/>
  <testcase name="testParseChrom" time="0.000" classname="org.molgenis.gavin.job.input.ParserTest"/>
  <testcase name="testParseChrom" time="0.000" classname="org.molgenis.gavin.job.input.ParserTest"/>
  <testcase name="testParseChrom" time="0.002" classname="org.molgenis.gavin.job.input.ParserTest"/>
  <testcase name="testParseChrom" time="0.002" classname="org.molgenis.gavin.job.input.ParserTest"/>
  <testcase name="testParseChrom" time="0.000" classname="org.molgenis.gavin.job.input.ParserTest"/>
  <testcase name="testParseVariant" time="0.001" classname="org.molgenis.gavin.job.input.ParserTest"/>
  <testcase name="testParseVariant" time="0.000" classname="org.molgenis.gavin.job.input.ParserTest"/>
  <testcase name="testTransformSkipsLinesWhenMaxLinesProcessed" time="0.877" classname="org.molgenis.gavin.job.input.ParserTest"/>
  <testcase name="testParseChrom" time="0.002" classname="org.molgenis.gavin.job.input.ParserTest"/>
  <testcase name="testParseChrom" time="0.001" classname="org.molgenis.gavin.job.input.ParserTest"/>
  <testcase name="testParseChrom" time="0.000" classname="org.molgenis.gavin.job.input.ParserTest"/>
  <testcase name="testParseChrom" time="0.001" classname="org.molgenis.gavin.job.input.ParserTest"/>
  <testcase name="testParseVariant" time="0.015" classname="org.molgenis.gavin.job.input.ParserTest"/>
  <testcase name="testParseChrom" time="0.000" classname="org.molgenis.gavin.job.input.ParserTest"/>
  <testcase name="testParseChrom" time="0.001" classname="org.molgenis.gavin.job.input.ParserTest"/>
  <testcase name="testParseVariant" time="0.000" classname="org.molgenis.gavin.job.input.ParserTest"/>
  <testcase name="testParseChrom" time="0.001" classname="org.molgenis.gavin.job.input.ParserTest"/>
  <testcase name="testParseVariant" time="0.008" classname="org.molgenis.gavin.job.input.ParserTest"/>
  <testcase name="testParseChrom" time="0.001" classname="org.molgenis.gavin.job.input.ParserTest"/>
  <testcase name="testParseVariant" time="0.000" classname="org.molgenis.gavin.job.input.ParserTest"/>
  <testcase name="testParseChrom" time="0.001" classname="org.molgenis.gavin.job.input.ParserTest"/>
  <testcase name="testParseVariant" time="0.000" classname="org.molgenis.gavin.job.input.ParserTest"/>
  <testcase name="testParseChrom" time="0.001" classname="org.molgenis.gavin.job.input.ParserTest"/>
  <testcase name="testParseChrom" time="0.000" classname="org.molgenis.gavin.job.input.ParserTest"/>
  <testcase name="testParseChrom" time="0.001" classname="org.molgenis.gavin.job.input.ParserTest"/>
  <testcase name="testParseChrom" time="0.001" classname="org.molgenis.gavin.job.input.ParserTest"/>
  <testcase name="testParseVariant" time="0.002" classname="org.molgenis.gavin.job.input.ParserTest"/>
  <testcase name="testTransform" time="0.071" classname="org.molgenis.gavin.job.input.ParserTest"/>
  <testcase name="testParseChrom" time="0.002" classname="org.molgenis.gavin.job.input.ParserTest"/>
  <testcase name="testParseChrom" time="0.000" classname="org.molgenis.gavin.job.input.ParserTest"/>
  <testcase name="testParseChrom" time="0.002" classname="org.molgenis.gavin.job.input.ParserTest"/>
  <testcase name="testParseChrom" time="0.001" classname="org.molgenis.gavin.job.input.ParserTest"/>
  <testcase name="testParseChrom" time="0.001" classname="org.molgenis.gavin.job.input.ParserTest"/>
  <testcase name="testParseChrom" time="0.001" classname="org.molgenis.gavin.job.input.ParserTest"/>
  <testcase name="testParseVariant" time="0.000" classname="org.molgenis.gavin.job.input.ParserTest"/>
  <testcase name="testParseChrom" time="0.002" classname="org.molgenis.gavin.job.input.ParserTest"/>
  <testcase name="testParseChrom" time="0.000" classname="org.molgenis.gavin.job.input.ParserTest"/>
  <testcase name="testParseChrom" time="0.002" classname="org.molgenis.gavin.job.input.ParserTest"/>
</testsuite> <!-- org.molgenis.gavin.job.input.ParserTest -->
