<?xml version="1.0" encoding="UTF-8"?>
<!-- Generated by org.testng.reporters.JUnitReportReporter -->
<testsuite hostname="spirals-vortex.lille.inria.fr" name="org.molgenis.gavin.job.input.model.VcfVariantTest" tests="2" failures="0" timestamp="1 Jun 2018 11:24:27 GMT" time="0.002" errors="0">
  <testcase name="testToString" time="0.002" classname="org.molgenis.gavin.job.input.model.VcfVariantTest"/>
  <testcase name="testToStringDotId" time="0.000" classname="org.molgenis.gavin.job.input.model.VcfVariantTest"/>
</testsuite> <!-- org.molgenis.gavin.job.input.model.VcfVariantTest -->
