<?xml version="1.0" encoding="UTF-8"?>
<!-- Generated by org.testng.reporters.JUnitReportReporter -->
<testsuite hostname="spirals-vortex.lille.inria.fr" name="org.molgenis.gavin.controller.GavinControllerTest" tests="6" failures="0" timestamp="1 Jun 2018 11:24:27 GMT" time="0.298" errors="0">
  <testcase name="testAnnotateFile" time="0.218" classname="org.molgenis.gavin.controller.GavinControllerTest"/>
  <testcase name="testResultNotFound" time="0.003" classname="org.molgenis.gavin.controller.GavinControllerTest"/>
  <testcase name="testInitResourcesPresent" time="0.001" classname="org.molgenis.gavin.controller.GavinControllerTest"/>
  <testcase name="testInitMissingResources" time="0.006" classname="org.molgenis.gavin.controller.GavinControllerTest"/>
  <testcase name="testResult" time="0.041" classname="org.molgenis.gavin.controller.GavinControllerTest"/>
  <testcase name="testCleanUp" time="0.029" classname="org.molgenis.gavin.controller.GavinControllerTest"/>
</testsuite> <!-- org.molgenis.gavin.controller.GavinControllerTest -->
