<?xml version="1.0" encoding="UTF-8"?>
<!-- Generated by org.testng.reporters.JUnitReportReporter -->
<testsuite hostname="spirals-vortex.lille.inria.fr" name="org.molgenis.data.elasticsearch.generator.DocumentContentBuilderTest" tests="61" failures="0" timestamp="1 Jun 2018 11:22:25 GMT" time="0.151" errors="0">
  <testcase name="createDocumentString" time="0.002" classname="org.molgenis.data.elasticsearch.generator.DocumentContentBuilderTest"/>
  <testcase name="createDocumentBool" time="0.001" classname="org.molgenis.data.elasticsearch.generator.DocumentContentBuilderTest"/>
  <testcase name="createDocumentString" time="0.002" classname="org.molgenis.data.elasticsearch.generator.DocumentContentBuilderTest"/>
  <testcase name="createDocumentDateTime" time="0.001" classname="org.molgenis.data.elasticsearch.generator.DocumentContentBuilderTest"/>
  <testcase name="createDocumentDecimal" time="0.002" classname="org.molgenis.data.elasticsearch.generator.DocumentContentBuilderTest"/>
  <testcase name="createDocumentReferenceAttribute" time="0.002" classname="org.molgenis.data.elasticsearch.generator.DocumentContentBuilderTest"/>
  <testcase name="createDocumentDate" time="0.003" classname="org.molgenis.data.elasticsearch.generator.DocumentContentBuilderTest"/>
  <testcase name="createDocumentString" time="0.001" classname="org.molgenis.data.elasticsearch.generator.DocumentContentBuilderTest"/>
  <testcase name="createDocumentString" time="0.001" classname="org.molgenis.data.elasticsearch.generator.DocumentContentBuilderTest"/>
  <testcase name="createDocumentString" time="0.001" classname="org.molgenis.data.elasticsearch.generator.DocumentContentBuilderTest"/>
  <testcase name="createDocumentString" time="0.001" classname="org.molgenis.data.elasticsearch.generator.DocumentContentBuilderTest"/>
  <testcase name="createDocumentString" time="0.003" classname="org.molgenis.data.elasticsearch.generator.DocumentContentBuilderTest"/>
  <testcase name="createDocumentObject" time="0.000" classname="org.molgenis.data.elasticsearch.generator.DocumentContentBuilderTest"/>
  <testcase name="createDocumentString" time="0.003" classname="org.molgenis.data.elasticsearch.generator.DocumentContentBuilderTest"/>
  <testcase name="createDocumentBool" time="0.002" classname="org.molgenis.data.elasticsearch.generator.DocumentContentBuilderTest"/>
  <testcase name="createDocumentLong" time="0.002" classname="org.molgenis.data.elasticsearch.generator.DocumentContentBuilderTest"/>
  <testcase name="createDocumentDecimal" time="0.002" classname="org.molgenis.data.elasticsearch.generator.DocumentContentBuilderTest"/>
  <testcase name="createDocumentDepth" time="0.007" classname="org.molgenis.data.elasticsearch.generator.DocumentContentBuilderTest"/>
  <testcase name="createDocumentReferenceAttribute" time="0.003" classname="org.molgenis.data.elasticsearch.generator.DocumentContentBuilderTest"/>
  <testcase name="createDocumentString" time="0.002" classname="org.molgenis.data.elasticsearch.generator.DocumentContentBuilderTest"/>
  <testcase name="createDocumentDateTime" time="0.001" classname="org.molgenis.data.elasticsearch.generator.DocumentContentBuilderTest"/>
  <testcase name="createDocumentString" time="0.001" classname="org.molgenis.data.elasticsearch.generator.DocumentContentBuilderTest"/>
  <testcase name="createDocumentMultiReferenceAttribute" time="0.003" classname="org.molgenis.data.elasticsearch.generator.DocumentContentBuilderTest"/>
  <testcase name="createDocumentLong" time="0.001" classname="org.molgenis.data.elasticsearch.generator.DocumentContentBuilderTest"/>
  <testcase name="createDocumentInt" time="0.003" classname="org.molgenis.data.elasticsearch.generator.DocumentContentBuilderTest"/>
  <testcase name="createDocumentString" time="0.001" classname="org.molgenis.data.elasticsearch.generator.DocumentContentBuilderTest"/>
  <testcase name="createDocumentMultiReferenceAttribute" time="0.002" classname="org.molgenis.data.elasticsearch.generator.DocumentContentBuilderTest"/>
  <testcase name="createDocumentDepth" time="0.005" classname="org.molgenis.data.elasticsearch.generator.DocumentContentBuilderTest"/>
  <testcase name="createDocumentString" time="0.002" classname="org.molgenis.data.elasticsearch.generator.DocumentContentBuilderTest"/>
  <testcase name="createDocumentString" time="0.001" classname="org.molgenis.data.elasticsearch.generator.DocumentContentBuilderTest"/>
  <testcase name="createDocumentReferenceAttribute" time="0.002" classname="org.molgenis.data.elasticsearch.generator.DocumentContentBuilderTest"/>
  <testcase name="createDocumentInt" time="0.001" classname="org.molgenis.data.elasticsearch.generator.DocumentContentBuilderTest"/>
  <testcase name="createDocumentMultiReferenceAttribute" time="0.002" classname="org.molgenis.data.elasticsearch.generator.DocumentContentBuilderTest"/>
  <testcase name="createDocumentInt" time="0.002" classname="org.molgenis.data.elasticsearch.generator.DocumentContentBuilderTest"/>
  <testcase name="createDocumentDecimal" time="0.002" classname="org.molgenis.data.elasticsearch.generator.DocumentContentBuilderTest"/>
  <testcase name="createDocumentString" time="0.002" classname="org.molgenis.data.elasticsearch.generator.DocumentContentBuilderTest"/>
  <testcase name="createDocumentBool" time="0.028" classname="org.molgenis.data.elasticsearch.generator.DocumentContentBuilderTest"/>
  <testcase name="createDocumentLong" time="0.002" classname="org.molgenis.data.elasticsearch.generator.DocumentContentBuilderTest"/>
  <testcase name="createDocumentString" time="0.003" classname="org.molgenis.data.elasticsearch.generator.DocumentContentBuilderTest"/>
  <testcase name="createDocumentString" time="0.001" classname="org.molgenis.data.elasticsearch.generator.DocumentContentBuilderTest"/>
  <testcase name="createDocumentDecimal" time="0.003" classname="org.molgenis.data.elasticsearch.generator.DocumentContentBuilderTest"/>
  <testcase name="createDocumentReferenceAttribute" time="0.001" classname="org.molgenis.data.elasticsearch.generator.DocumentContentBuilderTest"/>
  <testcase name="createDocumentString" time="0.002" classname="org.molgenis.data.elasticsearch.generator.DocumentContentBuilderTest"/>
  <testcase name="createDocumentInt" time="0.002" classname="org.molgenis.data.elasticsearch.generator.DocumentContentBuilderTest"/>
  <testcase name="createDocumentString" time="0.002" classname="org.molgenis.data.elasticsearch.generator.DocumentContentBuilderTest"/>
  <testcase name="createDocumentDecimal" time="0.002" classname="org.molgenis.data.elasticsearch.generator.DocumentContentBuilderTest"/>
  <testcase name="DocumentContentBuilder" time="0.002" classname="org.molgenis.data.elasticsearch.generator.DocumentContentBuilderTest"/>
  <testcase name="createDocumentInt" time="0.004" classname="org.molgenis.data.elasticsearch.generator.DocumentContentBuilderTest"/>
  <testcase name="createDocumentString" time="0.003" classname="org.molgenis.data.elasticsearch.generator.DocumentContentBuilderTest"/>
  <testcase name="createDocumentLong" time="0.002" classname="org.molgenis.data.elasticsearch.generator.DocumentContentBuilderTest"/>
  <testcase name="createDocumentDepth" time="0.003" classname="org.molgenis.data.elasticsearch.generator.DocumentContentBuilderTest"/>
  <testcase name="createDocumentDecimal" time="0.001" classname="org.molgenis.data.elasticsearch.generator.DocumentContentBuilderTest"/>
  <testcase name="createDocumentReferenceAttribute" time="0.001" classname="org.molgenis.data.elasticsearch.generator.DocumentContentBuilderTest"/>
  <testcase name="createDocumentDate" time="0.003" classname="org.molgenis.data.elasticsearch.generator.DocumentContentBuilderTest"/>
  <testcase name="createDocumentMultiReferenceAttribute" time="0.002" classname="org.molgenis.data.elasticsearch.generator.DocumentContentBuilderTest"/>
  <testcase name="createDocumentString" time="0.002" classname="org.molgenis.data.elasticsearch.generator.DocumentContentBuilderTest"/>
  <testcase name="createDocumentReferenceAttribute" time="0.002" classname="org.molgenis.data.elasticsearch.generator.DocumentContentBuilderTest"/>
  <testcase name="createDocumentLong" time="0.003" classname="org.molgenis.data.elasticsearch.generator.DocumentContentBuilderTest"/>
  <testcase name="createDocumentString" time="0.002" classname="org.molgenis.data.elasticsearch.generator.DocumentContentBuilderTest"/>
  <testcase name="createDocumentMultiReferenceAttribute" time="0.001" classname="org.molgenis.data.elasticsearch.generator.DocumentContentBuilderTest"/>
  <testcase name="createDocumentMultiReferenceAttribute" time="0.002" classname="org.molgenis.data.elasticsearch.generator.DocumentContentBuilderTest"/>
</testsuite> <!-- org.molgenis.data.elasticsearch.generator.DocumentContentBuilderTest -->
