<?xml version="1.0" encoding="UTF-8"?>
<!-- Generated by org.testng.reporters.JUnitReportReporter -->
<testsuite hostname="spirals-vortex.lille.inria.fr" name="org.molgenis.data.elasticsearch.generator.QueryGeneratorReferencesTest" tests="22" failures="0" timestamp="1 Jun 2018 11:22:25 GMT" time="0.064" errors="0">
  <testcase name="generateMultipleQueryRuleMultipleNotClauses" time="0.005" classname="org.molgenis.data.elasticsearch.generator.QueryGeneratorReferencesTest"/>
  <testcase name="generateOneQueryRuleLikeCompoundPartString" time="0.002" classname="org.molgenis.data.elasticsearch.generator.QueryGeneratorReferencesTest"/>
  <testcase name="generateOneQueryRuleNotEqualsCompoundPartString" time="0.003" classname="org.molgenis.data.elasticsearch.generator.QueryGeneratorReferencesTest"/>
  <testcase name="generateOneQueryRuleGreaterDate" time="0.003" classname="org.molgenis.data.elasticsearch.generator.QueryGeneratorReferencesTest"/>
  <testcase name="generateOneQueryRuleGreaterLong" time="0.003" classname="org.molgenis.data.elasticsearch.generator.QueryGeneratorReferencesTest"/>
  <testcase name="generateOneQueryRuleSearchOneFieldCompoundPartString" time="0.004" classname="org.molgenis.data.elasticsearch.generator.QueryGeneratorReferencesTest"/>
  <testcase name="generateOneQueryRuleSearchOneFieldCategorical" time="0.002" classname="org.molgenis.data.elasticsearch.generator.QueryGeneratorReferencesTest"/>
  <testcase name="generateOneQueryRuleEqualsString" time="0.002" classname="org.molgenis.data.elasticsearch.generator.QueryGeneratorReferencesTest"/>
  <testcase name="generateOneQueryRuleGreaterInt" time="0.002" classname="org.molgenis.data.elasticsearch.generator.QueryGeneratorReferencesTest"/>
  <testcase name="generateOneQueryRuleGreaterEqualDate" time="0.003" classname="org.molgenis.data.elasticsearch.generator.QueryGeneratorReferencesTest"/>
  <testcase name="generateMultipleQueryRule" time="0.006" classname="org.molgenis.data.elasticsearch.generator.QueryGeneratorReferencesTest"/>
  <testcase name="generateOneQueryRuleNotEqualsCategorical" time="0.002" classname="org.molgenis.data.elasticsearch.generator.QueryGeneratorReferencesTest"/>
  <testcase name="generateOneQueryRuleGreaterDateTime" time="0.005" classname="org.molgenis.data.elasticsearch.generator.QueryGeneratorReferencesTest"/>
  <testcase name="generateOneQueryRuleGreaterDecimal" time="0.005" classname="org.molgenis.data.elasticsearch.generator.QueryGeneratorReferencesTest"/>
  <testcase name="generateOneQueryRuleRangeInt" time="0.002" classname="org.molgenis.data.elasticsearch.generator.QueryGeneratorReferencesTest"/>
  <testcase name="generateOneQueryRuleLesserInt" time="0.003" classname="org.molgenis.data.elasticsearch.generator.QueryGeneratorReferencesTest"/>
  <testcase name="generateOneQueryRuleEqualsCategorical" time="0.002" classname="org.molgenis.data.elasticsearch.generator.QueryGeneratorReferencesTest"/>
  <testcase name="generateOneQueryRuleNotEqualsCompound" time="0.001" classname="org.molgenis.data.elasticsearch.generator.QueryGeneratorReferencesTest"/>
  <testcase name="generateOneQueryRuleEqualsBool" time="0.004" classname="org.molgenis.data.elasticsearch.generator.QueryGeneratorReferencesTest"/>
  <testcase name="generateOneQueryRuleLesserEqualDecimal" time="0.001" classname="org.molgenis.data.elasticsearch.generator.QueryGeneratorReferencesTest"/>
  <testcase name="generateOneQueryRuleNotEqualsEqualsBool" time="0.002" classname="org.molgenis.data.elasticsearch.generator.QueryGeneratorReferencesTest"/>
  <testcase name="generateOneQueryRuleInCategorical_Ids" time="0.002" classname="org.molgenis.data.elasticsearch.generator.QueryGeneratorReferencesTest"/>
</testsuite> <!-- org.molgenis.data.elasticsearch.generator.QueryGeneratorReferencesTest -->
