<?xml version="1.0" encoding="UTF-8"?>
<!-- Generated by org.testng.reporters.JUnitReportReporter -->
<testsuite hostname="spirals-vortex.lille.inria.fr" name="org.molgenis.data.elasticsearch.ElasticsearchServiceTest" tests="3" failures="0" timestamp="1 Jun 2018 11:22:25 GMT" time="0.534" errors="0">
  <testcase name="testBatchingSearchPageSizeZero" time="0.212" classname="org.molgenis.data.elasticsearch.ElasticsearchServiceTest"/>
  <testcase name="testSingleBatchSearch" time="0.003" classname="org.molgenis.data.elasticsearch.ElasticsearchServiceTest"/>
  <testcase name="testBatchingSearchPageSizeLargerThanMax" time="0.319" classname="org.molgenis.data.elasticsearch.ElasticsearchServiceTest"/>
</testsuite> <!-- org.molgenis.data.elasticsearch.ElasticsearchServiceTest -->
