<?xml version="1.0" encoding="UTF-8"?>
<!-- Generated by org.testng.reporters.JUnitReportReporter -->
<testsuite hostname="spirals-vortex.lille.inria.fr" name="org.molgenis.data.elasticsearch.client.SortContentBuilderTest" tests="2" failures="0" timestamp="1 Jun 2018 11:22:25 GMT" time="0.248" errors="0">
  <testcase name="createSortsAsc" time="0.233" classname="org.molgenis.data.elasticsearch.client.SortContentBuilderTest"/>
  <testcase name="createSortsDesc" time="0.015" classname="org.molgenis.data.elasticsearch.client.SortContentBuilderTest"/>
</testsuite> <!-- org.molgenis.data.elasticsearch.client.SortContentBuilderTest -->
