<?xml version="1.0" encoding="UTF-8"?>
<!-- Generated by org.testng.reporters.JUnitReportReporter -->
<testsuite hostname="spirals-vortex.lille.inria.fr" name="org.molgenis.data.elasticsearch.generator.QueryGeneratorTest" tests="152" failures="0" timestamp="1 Jun 2018 11:22:25 GMT" time="0.678" errors="0">
  <testcase name="generateOneQueryRuleLikeEnum" time="0.004" classname="org.molgenis.data.elasticsearch.generator.QueryGeneratorTest"/>
  <testcase name="generateOneQueryRuleEqualsCompound" time="0.001" classname="org.molgenis.data.elasticsearch.generator.QueryGeneratorTest"/>
  <testcase name="generateOneQueryRuleSearchOneFieldCategorical" time="0.011" classname="org.molgenis.data.elasticsearch.generator.QueryGeneratorTest"/>
  <testcase name="generateOneQueryRuleEqualsCategoricalNull" time="0.003" classname="org.molgenis.data.elasticsearch.generator.QueryGeneratorTest"/>
  <testcase name="generateOneQueryRuleGreaterEqualLong" time="0.003" classname="org.molgenis.data.elasticsearch.generator.QueryGeneratorTest"/>
  <testcase name="generateOneQueryRuleEqualsDecimal" time="0.003" classname="org.molgenis.data.elasticsearch.generator.QueryGeneratorTest"/>
  <testcase name="generateOneQueryRuleLikeString" time="0.002" classname="org.molgenis.data.elasticsearch.generator.QueryGeneratorTest"/>
  <testcase name="generateOneQueryRuleEqualsDecimalNull" time="0.002" classname="org.molgenis.data.elasticsearch.generator.QueryGeneratorTest"/>
  <testcase name="generateOneQueryRuleEqualsEnumNull" time="0.003" classname="org.molgenis.data.elasticsearch.generator.QueryGeneratorTest"/>
  <testcase name="generateOneQueryRuleInDateTime" time="0.004" classname="org.molgenis.data.elasticsearch.generator.QueryGeneratorTest"/>
  <testcase name="generateOneQueryRuleNotEqualsDecimal" time="0.008" classname="org.molgenis.data.elasticsearch.generator.QueryGeneratorTest"/>
  <testcase name="generateOneQueryRuleEqualsXref" time="0.005" classname="org.molgenis.data.elasticsearch.generator.QueryGeneratorTest"/>
  <testcase name="generateOneQueryRuleEqualsHyperlink" time="0.002" classname="org.molgenis.data.elasticsearch.generator.QueryGeneratorTest"/>
  <testcase name="generateOneQueryRuleNotEqualsXrefNull" time="0.004" classname="org.molgenis.data.elasticsearch.generator.QueryGeneratorTest"/>
  <testcase name="generateOneQueryRuleEqualsEnum" time="0.002" classname="org.molgenis.data.elasticsearch.generator.QueryGeneratorTest"/>
  <testcase name="generateOneQueryRuleNotEqualsEnum" time="0.002" classname="org.molgenis.data.elasticsearch.generator.QueryGeneratorTest"/>
  <testcase name="generateOneQueryRuleNotEqualsCompoundPartStringNull" time="0.005" classname="org.molgenis.data.elasticsearch.generator.QueryGeneratorTest"/>
  <testcase name="generateOneQueryRuleNotEqualsText" time="0.001" classname="org.molgenis.data.elasticsearch.generator.QueryGeneratorTest"/>
  <testcase name="generateOneQueryRuleGreaterEqualDecimal" time="0.003" classname="org.molgenis.data.elasticsearch.generator.QueryGeneratorTest"/>
  <testcase name="generateOneQueryRuleNotEqualsCategoricalNull" time="0.003" classname="org.molgenis.data.elasticsearch.generator.QueryGeneratorTest"/>
  <testcase name="generateOneQueryRuleNotEqualsCompoundNull" time="0.003" classname="org.molgenis.data.elasticsearch.generator.QueryGeneratorTest"/>
  <testcase name="generateOneQueryRuleLikeBool" time="0.002" classname="org.molgenis.data.elasticsearch.generator.QueryGeneratorTest"/>
  <testcase name="generateOneQueryRuleNotEqualsHyperlink" time="0.003" classname="org.molgenis.data.elasticsearch.generator.QueryGeneratorTest"/>
  <testcase name="generateOneQueryRuleNotEqualsInt" time="0.003" classname="org.molgenis.data.elasticsearch.generator.QueryGeneratorTest"/>
  <testcase name="generateOneQueryRuleLesserInt" time="0.005" classname="org.molgenis.data.elasticsearch.generator.QueryGeneratorTest"/>
  <testcase name="generateOneQueryRuleEqualsCategorical" time="0.013" classname="org.molgenis.data.elasticsearch.generator.QueryGeneratorTest"/>
  <testcase name="generateOneQueryRuleGreaterInvalidAttribute" time="0.001" classname="org.molgenis.data.elasticsearch.generator.QueryGeneratorTest"/>
  <testcase name="generateOneQueryRuleSearchOneFieldBool" time="0.002" classname="org.molgenis.data.elasticsearch.generator.QueryGeneratorTest"/>
  <testcase name="generateOneQueryRuleNotEqualsEmail" time="0.002" classname="org.molgenis.data.elasticsearch.generator.QueryGeneratorTest"/>
  <testcase name="generateOneQueryRuleSearchOneFieldDate" time="0.003" classname="org.molgenis.data.elasticsearch.generator.QueryGeneratorTest"/>
  <testcase name="generateOneQueryRuleInEnum" time="0.004" classname="org.molgenis.data.elasticsearch.generator.QueryGeneratorTest"/>
  <testcase name="generateOneQueryRuleEqualsDate" time="0.009" classname="org.molgenis.data.elasticsearch.generator.QueryGeneratorTest"/>
  <testcase name="generateOneQueryRuleInHyperlink" time="0.002" classname="org.molgenis.data.elasticsearch.generator.QueryGeneratorTest"/>
  <testcase name="generateOneQueryRuleLesserDate" time="0.003" classname="org.molgenis.data.elasticsearch.generator.QueryGeneratorTest"/>
  <testcase name="generateOneQueryRuleLikeDateTime" time="0.004" classname="org.molgenis.data.elasticsearch.generator.QueryGeneratorTest"/>
  <testcase name="generateOneQueryRuleSearchOneFieldHyperlink" time="0.001" classname="org.molgenis.data.elasticsearch.generator.QueryGeneratorTest"/>
  <testcase name="generateOneQueryRuleLikeDecimal" time="0.001" classname="org.molgenis.data.elasticsearch.generator.QueryGeneratorTest"/>
  <testcase name="generateOneQueryRuleNotEqualsBool" time="0.002" classname="org.molgenis.data.elasticsearch.generator.QueryGeneratorTest"/>
  <testcase name="generateOneQueryRuleGreaterInt" time="0.005" classname="org.molgenis.data.elasticsearch.generator.QueryGeneratorTest"/>
  <testcase name="generateOneQueryRuleInHtml" time="0.003" classname="org.molgenis.data.elasticsearch.generator.QueryGeneratorTest"/>
  <testcase name="generateOneQueryRuleLikeEmail" time="0.003" classname="org.molgenis.data.elasticsearch.generator.QueryGeneratorTest"/>
  <testcase name="generateOneQueryRuleLikeDate" time="0.002" classname="org.molgenis.data.elasticsearch.generator.QueryGeneratorTest"/>
  <testcase name="generateOneQueryRuleNotEqualsXref" time="0.004" classname="org.molgenis.data.elasticsearch.generator.QueryGeneratorTest"/>
  <testcase name="generateOneQueryRuleInString" time="0.004" classname="org.molgenis.data.elasticsearch.generator.QueryGeneratorTest"/>
  <testcase name="generateOneQueryRuleSearchOneFieldDateTime" time="0.002" classname="org.molgenis.data.elasticsearch.generator.QueryGeneratorTest"/>
  <testcase name="generateOneQueryRuleEqualsLongNull" time="0.004" classname="org.molgenis.data.elasticsearch.generator.QueryGeneratorTest"/>
  <testcase name="generateOneQueryRuleEqualsText" time="0.004" classname="org.molgenis.data.elasticsearch.generator.QueryGeneratorTest"/>
  <testcase name="generateOneQueryRuleLikeInt" time="0.002" classname="org.molgenis.data.elasticsearch.generator.QueryGeneratorTest"/>
  <testcase name="generateOneQueryRuleGreaterEqualInvalidAttribute" time="0.002" classname="org.molgenis.data.elasticsearch.generator.QueryGeneratorTest"/>
  <testcase name="generateOneQueryRuleLikeText" time="0.004" classname="org.molgenis.data.elasticsearch.generator.QueryGeneratorTest"/>
  <testcase name="generateOneQueryRuleNotEqualsLong" time="0.003" classname="org.molgenis.data.elasticsearch.generator.QueryGeneratorTest"/>
  <testcase name="generateOneQueryRuleLesserEqualDecimal" time="0.004" classname="org.molgenis.data.elasticsearch.generator.QueryGeneratorTest"/>
  <testcase name="generateOneQueryRuleLikeCompoundPartString" time="0.010" classname="org.molgenis.data.elasticsearch.generator.QueryGeneratorTest"/>
  <testcase name="generateMultipleQueryRuleMultipleNotClauses" time="0.005" classname="org.molgenis.data.elasticsearch.generator.QueryGeneratorTest"/>
  <testcase name="generateOneQueryRuleEqualsDateTime" time="0.006" classname="org.molgenis.data.elasticsearch.generator.QueryGeneratorTest"/>
  <testcase name="generateOneQueryRuleLesserDecimal" time="0.010" classname="org.molgenis.data.elasticsearch.generator.QueryGeneratorTest"/>
  <testcase name="generateOneQueryRuleEqualsScript" time="0.003" classname="org.molgenis.data.elasticsearch.generator.QueryGeneratorTest"/>
  <testcase name="generateOneQueryRuleNotEqualsCompoundPartString" time="0.004" classname="org.molgenis.data.elasticsearch.generator.QueryGeneratorTest"/>
  <testcase name="generateOneQueryRuleNotEqualsIntNull" time="0.002" classname="org.molgenis.data.elasticsearch.generator.QueryGeneratorTest"/>
  <testcase name="generateOneQueryRuleNotEqualsScript" time="0.003" classname="org.molgenis.data.elasticsearch.generator.QueryGeneratorTest"/>
  <testcase name="generateOneQueryRuleInCategorical_Ids" time="0.004" classname="org.molgenis.data.elasticsearch.generator.QueryGeneratorTest"/>
  <testcase name="generateOneQueryRuleGreaterLong" time="0.005" classname="org.molgenis.data.elasticsearch.generator.QueryGeneratorTest"/>
  <testcase name="generateOneQueryRuleNotEqualsTextNull" time="0.004" classname="org.molgenis.data.elasticsearch.generator.QueryGeneratorTest"/>
  <testcase name="generateOneQueryRuleSearchOneFieldXref" time="0.003" classname="org.molgenis.data.elasticsearch.generator.QueryGeneratorTest"/>
  <testcase name="generateOneQueryRuleInMref_Ids" time="0.004" classname="org.molgenis.data.elasticsearch.generator.QueryGeneratorTest"/>
  <testcase name="generateOneQueryRuleSearchOneFieldCompoundPartString" time="0.003" classname="org.molgenis.data.elasticsearch.generator.QueryGeneratorTest"/>
  <testcase name="generateOneQueryRuleSearchOneFieldHtml" time="0.001" classname="org.molgenis.data.elasticsearch.generator.QueryGeneratorTest"/>
  <testcase name="generateOneQueryRuleInDecimal" time="0.003" classname="org.molgenis.data.elasticsearch.generator.QueryGeneratorTest"/>
  <testcase name="generateOneQueryRuleNotEqualsStringNull" time="0.019" classname="org.molgenis.data.elasticsearch.generator.QueryGeneratorTest"/>
  <testcase name="generateOneQueryRuleRangeInt" time="0.002" classname="org.molgenis.data.elasticsearch.generator.QueryGeneratorTest"/>
  <testcase name="generateOneQueryRuleLikeCategorical" time="0.004" classname="org.molgenis.data.elasticsearch.generator.QueryGeneratorTest"/>
  <testcase name="generateOneQueryRuleInBool" time="0.009" classname="org.molgenis.data.elasticsearch.generator.QueryGeneratorTest"/>
  <testcase name="generateOneQueryRuleNotEqualsLongNull" time="0.003" classname="org.molgenis.data.elasticsearch.generator.QueryGeneratorTest"/>
  <testcase name="generateOneQueryRuleEqualsTextNull" time="0.003" classname="org.molgenis.data.elasticsearch.generator.QueryGeneratorTest"/>
  <testcase name="generateOneQueryRuleLikeCompound" time="0.002" classname="org.molgenis.data.elasticsearch.generator.QueryGeneratorTest"/>
  <testcase name="generateOneQueryRuleLesserEqualInt" time="0.001" classname="org.molgenis.data.elasticsearch.generator.QueryGeneratorTest"/>
  <testcase name="generateOneQueryRuleLesserEqualDate" time="0.003" classname="org.molgenis.data.elasticsearch.generator.QueryGeneratorTest"/>
  <testcase name="generateOneQueryRuleEqualsHtml" time="0.009" classname="org.molgenis.data.elasticsearch.generator.QueryGeneratorTest"/>
  <testcase name="generateOneQueryRuleRangeLong" time="0.002" classname="org.molgenis.data.elasticsearch.generator.QueryGeneratorTest"/>
  <testcase name="generateOneQueryRuleEqualsCompoundPartString" time="0.005" classname="org.molgenis.data.elasticsearch.generator.QueryGeneratorTest"/>
  <testcase name="generateOneQueryRuleEqualsHtmlNull" time="0.002" classname="org.molgenis.data.elasticsearch.generator.QueryGeneratorTest"/>
  <testcase name="generateOneQueryRuleSearchOneFieldDecimal" time="0.006" classname="org.molgenis.data.elasticsearch.generator.QueryGeneratorTest"/>
  <testcase name="generateOneQueryRuleInDate" time="0.010" classname="org.molgenis.data.elasticsearch.generator.QueryGeneratorTest"/>
  <testcase name="generateOneQueryRuleGreaterEqualDate" time="0.005" classname="org.molgenis.data.elasticsearch.generator.QueryGeneratorTest"/>
  <testcase name="generateOneQueryRuleLikeLong" time="0.003" classname="org.molgenis.data.elasticsearch.generator.QueryGeneratorTest"/>
  <testcase name="generateOneQueryRuleGreaterEqualInt" time="0.002" classname="org.molgenis.data.elasticsearch.generator.QueryGeneratorTest"/>
  <testcase name="generateOneQueryRuleInCategorical_Entities" time="0.006" classname="org.molgenis.data.elasticsearch.generator.QueryGeneratorTest"/>
  <testcase name="generateOneQueryRuleNotEqualsDateTimeNull" time="0.002" classname="org.molgenis.data.elasticsearch.generator.QueryGeneratorTest"/>
  <testcase name="generateOneQueryRuleEqualsInt" time="0.005" classname="org.molgenis.data.elasticsearch.generator.QueryGeneratorTest"/>
  <testcase name="generateOneQueryRuleLesserDateTime" time="0.008" classname="org.molgenis.data.elasticsearch.generator.QueryGeneratorTest"/>
  <testcase name="generateOneQueryRuleLikeHtml" time="0.003" classname="org.molgenis.data.elasticsearch.generator.QueryGeneratorTest"/>
  <testcase name="generateOneQueryRuleInEmail" time="0.002" classname="org.molgenis.data.elasticsearch.generator.QueryGeneratorTest"/>
  <testcase name="generateOneQueryRuleSearchOneFieldString" time="0.002" classname="org.molgenis.data.elasticsearch.generator.QueryGeneratorTest"/>
  <testcase name="generateMultipleQueryRule" time="0.034" classname="org.molgenis.data.elasticsearch.generator.QueryGeneratorTest"/>
  <testcase name="generateOneQueryRuleLesserEqualInvalidAttribute" time="0.003" classname="org.molgenis.data.elasticsearch.generator.QueryGeneratorTest"/>
  <testcase name="generateOneQueryRuleLesserInvalidAttribute" time="0.001" classname="org.molgenis.data.elasticsearch.generator.QueryGeneratorTest"/>
  <testcase name="generateOneQueryRuleSearchOneFieldCompound" time="0.003" classname="org.molgenis.data.elasticsearch.generator.QueryGeneratorTest"/>
  <testcase name="generateOneQueryRuleNotEqualsHyperlinkNull" time="0.005" classname="org.molgenis.data.elasticsearch.generator.QueryGeneratorTest"/>
  <testcase name="generateOneQueryRuleInText" time="0.005" classname="org.molgenis.data.elasticsearch.generator.QueryGeneratorTest"/>
  <testcase name="generateOneQueryRuleSearchOneFieldText" time="0.003" classname="org.molgenis.data.elasticsearch.generator.QueryGeneratorTest"/>
  <testcase name="generateOneQueryRuleNotEqualsCompound" time="0.003" classname="org.molgenis.data.elasticsearch.generator.QueryGeneratorTest"/>
  <testcase name="generateOneQueryRuleEqualsEmail" time="0.008" classname="org.molgenis.data.elasticsearch.generator.QueryGeneratorTest"/>
  <testcase name="generateOneQueryRuleSearchOneFieldInt" time="0.003" classname="org.molgenis.data.elasticsearch.generator.QueryGeneratorTest"/>
  <testcase name="generateOneQueryRuleEqualsString" time="0.004" classname="org.molgenis.data.elasticsearch.generator.QueryGeneratorTest"/>
  <testcase name="generateOneQueryRuleInLong" time="0.002" classname="org.molgenis.data.elasticsearch.generator.QueryGeneratorTest"/>
  <testcase name="generateOneQueryRuleEqualsDateNull" time="0.006" classname="org.molgenis.data.elasticsearch.generator.QueryGeneratorTest"/>
  <testcase name="generateOneQueryRuleNotEqualsBoolNull" time="0.004" classname="org.molgenis.data.elasticsearch.generator.QueryGeneratorTest"/>
  <testcase name="generateOneQueryRuleEqualsDateTimeNull" time="0.005" classname="org.molgenis.data.elasticsearch.generator.QueryGeneratorTest"/>
  <testcase name="generateOneQueryRuleSearchOneFieldEnum" time="0.004" classname="org.molgenis.data.elasticsearch.generator.QueryGeneratorTest"/>
  <testcase name="generateOneQueryRuleNotEqualsEmailNull" time="0.006" classname="org.molgenis.data.elasticsearch.generator.QueryGeneratorTest"/>
  <testcase name="generateOneQueryRuleGreaterDate" time="0.008" classname="org.molgenis.data.elasticsearch.generator.QueryGeneratorTest"/>
  <testcase name="generateOneQueryRuleSearchOneFieldScript" time="0.002" classname="org.molgenis.data.elasticsearch.generator.QueryGeneratorTest"/>
  <testcase name="generateOneQueryRuleLesserEqualDateTime" time="0.006" classname="org.molgenis.data.elasticsearch.generator.QueryGeneratorTest"/>
  <testcase name="generateOneQueryRuleNotEqualsHtmlNull" time="0.002" classname="org.molgenis.data.elasticsearch.generator.QueryGeneratorTest"/>
  <testcase name="generateOneQueryRuleEqualsBool" time="0.004" classname="org.molgenis.data.elasticsearch.generator.QueryGeneratorTest"/>
  <testcase name="generateOneQueryRuleSearchOneFieldMref" time="0.004" classname="org.molgenis.data.elasticsearch.generator.QueryGeneratorTest"/>
  <testcase name="generateOneQueryRuleGreaterEqualDateTime" time="0.008" classname="org.molgenis.data.elasticsearch.generator.QueryGeneratorTest"/>
  <testcase name="generateOneQueryRuleEqualsLong" time="0.004" classname="org.molgenis.data.elasticsearch.generator.QueryGeneratorTest"/>
  <testcase name="generateOneQueryRuleNotEqualsDateTime" time="0.004" classname="org.molgenis.data.elasticsearch.generator.QueryGeneratorTest"/>
  <testcase name="generateOneQueryRuleNotEqualsScriptNull" time="0.003" classname="org.molgenis.data.elasticsearch.generator.QueryGeneratorTest"/>
  <testcase name="generateOneQueryRuleNotEqualsEnumNull" time="0.003" classname="org.molgenis.data.elasticsearch.generator.QueryGeneratorTest"/>
  <testcase name="generateOneQueryRuleNotEqualsHtml" time="0.004" classname="org.molgenis.data.elasticsearch.generator.QueryGeneratorTest"/>
  <testcase name="generateOneQueryRuleEqualsIntNull" time="0.003" classname="org.molgenis.data.elasticsearch.generator.QueryGeneratorTest"/>
  <testcase name="generateOneQueryRuleLikeScript" time="0.003" classname="org.molgenis.data.elasticsearch.generator.QueryGeneratorTest"/>
  <testcase name="generateOneQueryRuleLikeHyperlink" time="0.003" classname="org.molgenis.data.elasticsearch.generator.QueryGeneratorTest"/>
  <testcase name="generateOneQueryRuleNotEqualsDate" time="0.003" classname="org.molgenis.data.elasticsearch.generator.QueryGeneratorTest"/>
  <testcase name="generateOneQueryRuleSearchAllFields" time="0.004" classname="org.molgenis.data.elasticsearch.generator.QueryGeneratorTest"/>
  <testcase name="generateOneQueryRuleSearchOneFieldLong" time="0.005" classname="org.molgenis.data.elasticsearch.generator.QueryGeneratorTest"/>
  <testcase name="generateOneQueryRuleEqualsCompoundPartStringNull" time="0.005" classname="org.molgenis.data.elasticsearch.generator.QueryGeneratorTest"/>
  <testcase name="generateOneQueryRuleEqualsStringNull" time="0.003" classname="org.molgenis.data.elasticsearch.generator.QueryGeneratorTest"/>
  <testcase name="generateOneQueryRuleLesserEqualLong" time="0.003" classname="org.molgenis.data.elasticsearch.generator.QueryGeneratorTest"/>
  <testcase name="generateOneQueryRuleEqualsScriptNull" time="0.004" classname="org.molgenis.data.elasticsearch.generator.QueryGeneratorTest"/>
  <testcase name="generateOneQueryRuleGreaterDateTime" time="0.043" classname="org.molgenis.data.elasticsearch.generator.QueryGeneratorTest"/>
  <testcase name="generateOneQueryRuleInScript" time="0.003" classname="org.molgenis.data.elasticsearch.generator.QueryGeneratorTest"/>
  <testcase name="generateOneQueryRuleEqualsCompoundNull" time="0.004" classname="org.molgenis.data.elasticsearch.generator.QueryGeneratorTest"/>
  <testcase name="generateOneQueryRuleEqualsXrefNull" time="0.005" classname="org.molgenis.data.elasticsearch.generator.QueryGeneratorTest"/>
  <testcase name="generateOneQueryRuleLikeMref" time="0.001" classname="org.molgenis.data.elasticsearch.generator.QueryGeneratorTest"/>
  <testcase name="generateOneQueryRuleEqualsBoolNull" time="0.009" classname="org.molgenis.data.elasticsearch.generator.QueryGeneratorTest"/>
  <testcase name="generateOneQueryRuleGreaterDecimal" time="0.004" classname="org.molgenis.data.elasticsearch.generator.QueryGeneratorTest"/>
  <testcase name="generateOneQueryRuleInXref_Ids" time="0.008" classname="org.molgenis.data.elasticsearch.generator.QueryGeneratorTest"/>
  <testcase name="generateOneQueryRuleLikeXref" time="0.004" classname="org.molgenis.data.elasticsearch.generator.QueryGeneratorTest"/>
  <testcase name="generateOneQueryRuleInMref_Entities" time="0.003" classname="org.molgenis.data.elasticsearch.generator.QueryGeneratorTest"/>
  <testcase name="generateOneQueryRuleNotEqualsDecimalNull" time="0.009" classname="org.molgenis.data.elasticsearch.generator.QueryGeneratorTest"/>
  <testcase name="generateOneQueryRuleLesserLong" time="0.004" classname="org.molgenis.data.elasticsearch.generator.QueryGeneratorTest"/>
  <testcase name="generateOneQueryRuleNotEqualsDateNull" time="0.003" classname="org.molgenis.data.elasticsearch.generator.QueryGeneratorTest"/>
  <testcase name="generateOneQueryRuleNotEqualsCategorical" time="0.002" classname="org.molgenis.data.elasticsearch.generator.QueryGeneratorTest"/>
  <testcase name="generateOneQueryRuleEqualsHyperlinkNull" time="0.002" classname="org.molgenis.data.elasticsearch.generator.QueryGeneratorTest"/>
  <testcase name="generateOneQueryRuleInInt" time="0.005" classname="org.molgenis.data.elasticsearch.generator.QueryGeneratorTest"/>
  <testcase name="generateOneQueryRuleNotEqualsString" time="0.003" classname="org.molgenis.data.elasticsearch.generator.QueryGeneratorTest"/>
  <testcase name="generateOneQueryRuleEqualsEmailNull" time="0.003" classname="org.molgenis.data.elasticsearch.generator.QueryGeneratorTest"/>
  <testcase name="generateOneQueryRuleSearchOneFieldEmail" time="0.004" classname="org.molgenis.data.elasticsearch.generator.QueryGeneratorTest"/>
  <testcase name="generateOneQueryRuleInXref_Entities" time="0.004" classname="org.molgenis.data.elasticsearch.generator.QueryGeneratorTest"/>
</testsuite> <!-- org.molgenis.data.elasticsearch.generator.QueryGeneratorTest -->
