<?xml version="1.0" encoding="UTF-8"?>
<!-- Generated by org.testng.reporters.JUnitReportReporter -->
<testsuite hostname="spirals-vortex.lille.inria.fr" name="org.molgenis.data.elasticsearch.generator.DocumentIdGeneratorTest" tests="8" failures="0" timestamp="1 Jun 2018 11:22:25 GMT" time="0.396" errors="0">
  <testcase name="testGenerateIdAttribute" time="0.001" classname="org.molgenis.data.elasticsearch.generator.DocumentIdGeneratorTest"/>
  <testcase name="testGenerateIdEntityType" time="0.001" classname="org.molgenis.data.elasticsearch.generator.DocumentIdGeneratorTest"/>
  <testcase name="testGenerateIdAttribute" time="0.002" classname="org.molgenis.data.elasticsearch.generator.DocumentIdGeneratorTest"/>
  <testcase name="testGenerateIdAttribute" time="0.003" classname="org.molgenis.data.elasticsearch.generator.DocumentIdGeneratorTest"/>
  <testcase name="testGenerateIdEntityType" time="0.001" classname="org.molgenis.data.elasticsearch.generator.DocumentIdGeneratorTest"/>
  <testcase name="testGenerateIdAttribute" time="0.386" classname="org.molgenis.data.elasticsearch.generator.DocumentIdGeneratorTest"/>
  <testcase name="testGenerateIdEntityType" time="0.001" classname="org.molgenis.data.elasticsearch.generator.DocumentIdGeneratorTest"/>
  <testcase name="testGenerateIdAttribute" time="0.001" classname="org.molgenis.data.elasticsearch.generator.DocumentIdGeneratorTest"/>
</testsuite> <!-- org.molgenis.data.elasticsearch.generator.DocumentIdGeneratorTest -->
