<?xml version="1.0" encoding="UTF-8"?>
<!-- Generated by org.testng.reporters.JUnitReportReporter -->
<testsuite hostname="spirals-vortex.lille.inria.fr" name="org.molgenis.data.elasticsearch.client.ClientFactoryTest" tests="3" failures="0" timestamp="1 Jun 2018 11:22:25 GMT" time="2.213" errors="0">
  <testcase name="testCreateClientNullAddresses" time="0.002" classname="org.molgenis.data.elasticsearch.client.ClientFactoryTest"/>
  <testcase name="testCreateClient" time="2.204" classname="org.molgenis.data.elasticsearch.client.ClientFactoryTest"/>
  <testcase name="testCreateClientEmptyAddresses" time="0.007" classname="org.molgenis.data.elasticsearch.client.ClientFactoryTest"/>
</testsuite> <!-- org.molgenis.data.elasticsearch.client.ClientFactoryTest -->
