<?xml version="1.0" encoding="UTF-8"?>
<!-- Generated by org.testng.reporters.JUnitReportReporter -->
<testsuite hostname="spirals-vortex.lille.inria.fr" name="org.molgenis.data.elasticsearch.generator.SortGeneratorTest" tests="5" failures="0" timestamp="1 Jun 2018 11:22:25 GMT" time="0.162" errors="0">
  <testcase name="testGenerateDescRaw" time="0.147" classname="org.molgenis.data.elasticsearch.generator.SortGeneratorTest"/>
  <testcase name="testGenerateAscRaw" time="0.003" classname="org.molgenis.data.elasticsearch.generator.SortGeneratorTest"/>
  <testcase name="testGenerateDesc" time="0.002" classname="org.molgenis.data.elasticsearch.generator.SortGeneratorTest"/>
  <testcase name="testGenerateDescAscRaw" time="0.003" classname="org.molgenis.data.elasticsearch.generator.SortGeneratorTest"/>
  <testcase name="testGenerateAsc" time="0.007" classname="org.molgenis.data.elasticsearch.generator.SortGeneratorTest"/>
</testsuite> <!-- org.molgenis.data.elasticsearch.generator.SortGeneratorTest -->
