<?xml version="1.0" encoding="UTF-8"?>
<!-- Generated by org.testng.reporters.JUnitReportReporter -->
<testsuite hostname="spirals-vortex.lille.inria.fr" name="org.molgenis.data.elasticsearch.client.MappingContentBuilderTest" tests="8" failures="0" timestamp="1 Jun 2018 11:22:25 GMT" time="0.009" errors="0">
  <testcase name="testCreateMapping" time="0.002" classname="org.molgenis.data.elasticsearch.client.MappingContentBuilderTest"/>
  <testcase name="testCreateMapping" time="0.000" classname="org.molgenis.data.elasticsearch.client.MappingContentBuilderTest"/>
  <testcase name="testCreateMapping" time="0.000" classname="org.molgenis.data.elasticsearch.client.MappingContentBuilderTest"/>
  <testcase name="testCreateMapping" time="0.001" classname="org.molgenis.data.elasticsearch.client.MappingContentBuilderTest"/>
  <testcase name="testCreateMapping" time="0.004" classname="org.molgenis.data.elasticsearch.client.MappingContentBuilderTest"/>
  <testcase name="testCreateMappingNested" time="0.001" classname="org.molgenis.data.elasticsearch.client.MappingContentBuilderTest"/>
  <testcase name="testCreateMapping" time="0.001" classname="org.molgenis.data.elasticsearch.client.MappingContentBuilderTest"/>
  <testcase name="testCreateMapping" time="0.000" classname="org.molgenis.data.elasticsearch.client.MappingContentBuilderTest"/>
</testsuite> <!-- org.molgenis.data.elasticsearch.client.MappingContentBuilderTest -->
