<?xml version="1.0" encoding="UTF-8"?>
<!-- Generated by org.testng.reporters.JUnitReportReporter -->
<testsuite hostname="spirals-vortex.lille.inria.fr" name="org.molgenis.data.elasticsearch.generator.MappingGeneratorTest" tests="19" failures="0" timestamp="1 Jun 2018 11:22:25 GMT" time="0.043" errors="0">
  <testcase name="testCreateMappingProviderDepth" time="0.001" classname="org.molgenis.data.elasticsearch.generator.MappingGeneratorTest"/>
  <testcase name="testCreateMappingProviderNested" time="0.004" classname="org.molgenis.data.elasticsearch.generator.MappingGeneratorTest"/>
  <testcase name="testCreateMapping" time="0.002" classname="org.molgenis.data.elasticsearch.generator.MappingGeneratorTest"/>
  <testcase name="testCreateMapping" time="0.003" classname="org.molgenis.data.elasticsearch.generator.MappingGeneratorTest"/>
  <testcase name="testCreateMapping" time="0.002" classname="org.molgenis.data.elasticsearch.generator.MappingGeneratorTest"/>
  <testcase name="testCreateMappingProviderNested" time="0.002" classname="org.molgenis.data.elasticsearch.generator.MappingGeneratorTest"/>
  <testcase name="testCreateMapping" time="0.001" classname="org.molgenis.data.elasticsearch.generator.MappingGeneratorTest"/>
  <testcase name="testCreateMappingProviderNested" time="0.002" classname="org.molgenis.data.elasticsearch.generator.MappingGeneratorTest"/>
  <testcase name="testCreateMappingProviderNested" time="0.002" classname="org.molgenis.data.elasticsearch.generator.MappingGeneratorTest"/>
  <testcase name="testMappingGenerator" time="0.001" classname="org.molgenis.data.elasticsearch.generator.MappingGeneratorTest"/>
  <testcase name="testCreateMapping" time="0.001" classname="org.molgenis.data.elasticsearch.generator.MappingGeneratorTest"/>
  <testcase name="testCreateMappingProviderNested" time="0.002" classname="org.molgenis.data.elasticsearch.generator.MappingGeneratorTest"/>
  <testcase name="testCreateMapping" time="0.002" classname="org.molgenis.data.elasticsearch.generator.MappingGeneratorTest"/>
  <testcase name="testCreateMappingProviderNested" time="0.004" classname="org.molgenis.data.elasticsearch.generator.MappingGeneratorTest"/>
  <testcase name="testCreateMapping" time="0.002" classname="org.molgenis.data.elasticsearch.generator.MappingGeneratorTest"/>
  <testcase name="testCreateMappingProviderDepth" time="0.002" classname="org.molgenis.data.elasticsearch.generator.MappingGeneratorTest"/>
  <testcase name="testCreateMapping" time="0.002" classname="org.molgenis.data.elasticsearch.generator.MappingGeneratorTest"/>
  <testcase name="testCreateMappingProviderDepth" time="0.002" classname="org.molgenis.data.elasticsearch.generator.MappingGeneratorTest"/>
  <testcase name="testCreateMapping" time="0.006" classname="org.molgenis.data.elasticsearch.generator.MappingGeneratorTest"/>
</testsuite> <!-- org.molgenis.data.elasticsearch.generator.MappingGeneratorTest -->
