<?xml version="1.0" encoding="UTF-8"?>
<!-- Generated by org.testng.reporters.JUnitReportReporter -->
<testsuite hostname="spirals-vortex.lille.inria.fr" name="org.molgenis.data.elasticsearch.client.ConnectionRetryConfigTest" tests="4" failures="0" timestamp="1 Jun 2018 11:22:25 GMT" time="0.013" errors="0">
  <testcase name="testBackOffPolicyIsExponential" time="0.006" classname="org.molgenis.data.elasticsearch.client.ConnectionRetryConfigTest"/>
  <testcase name="testInterruptFailingTries" time="0.001" classname="org.molgenis.data.elasticsearch.client.ConnectionRetryConfigTest"/>
  <testcase name="testRetryPolicyInterrupted" time="0.003" classname="org.molgenis.data.elasticsearch.client.ConnectionRetryConfigTest"/>
  <testcase name="testRetryPolicyMolgenisDataException" time="0.003" classname="org.molgenis.data.elasticsearch.client.ConnectionRetryConfigTest"/>
</testsuite> <!-- org.molgenis.data.elasticsearch.client.ConnectionRetryConfigTest -->
