<?xml version="1.0" encoding="UTF-8"?>
<!-- Generated by org.testng.reporters.JUnitReportReporter -->
<testsuite hostname="spirals-vortex.lille.inria.fr" name="org.molgenis.data.elasticsearch.client.ClientFacadeTest" tests="28" failures="0" timestamp="1 Jun 2018 11:22:25 GMT" time="0.286" errors="0">
  <testcase name="testAggregateResultHasShardFailures" time="0.020" classname="org.molgenis.data.elasticsearch.client.ClientFacadeTest"/>
  <testcase name="testRefreshIndicesNotFound" time="0.009" classname="org.molgenis.data.elasticsearch.client.ClientFacadeTest"/>
  <testcase name="testRefreshIndicesThrowsException" time="0.003" classname="org.molgenis.data.elasticsearch.client.ClientFacadeTest"/>
  <testcase name="testIndexThrowsException" time="0.004" classname="org.molgenis.data.elasticsearch.client.ClientFacadeTest"/>
  <testcase name="testIndexShardFailure" time="0.005" classname="org.molgenis.data.elasticsearch.client.ClientFacadeTest"/>
  <testcase name="testSearchThrowsException" time="0.003" classname="org.molgenis.data.elasticsearch.client.ClientFacadeTest"/>
  <testcase name="testDeleteResourceNotFound" time="0.003" classname="org.molgenis.data.elasticsearch.client.ClientFacadeTest"/>
  <testcase name="testCreateIndexThrowsElasticsearchException" time="0.002" classname="org.molgenis.data.elasticsearch.client.ClientFacadeTest"/>
  <testcase name="testDeleteIndexThrowsException" time="0.003" classname="org.molgenis.data.elasticsearch.client.ClientFacadeTest"/>
  <testcase name="testAggregateTimeout" time="0.003" classname="org.molgenis.data.elasticsearch.client.ClientFacadeTest"/>
  <testcase name="testDeleteThrowsException" time="0.004" classname="org.molgenis.data.elasticsearch.client.ClientFacadeTest"/>
  <testcase name="testExplainThrowsException" time="0.006" classname="org.molgenis.data.elasticsearch.client.ClientFacadeTest"/>
  <testcase name="testSearchFailedShards" time="0.003" classname="org.molgenis.data.elasticsearch.client.ClientFacadeTest"/>
  <testcase name="testAggregateThrowsResourceNotFoundException" time="0.004" classname="org.molgenis.data.elasticsearch.client.ClientFacadeTest"/>
  <testcase name="testGetCountThrowsResourceNotFoundException" time="0.003" classname="org.molgenis.data.elasticsearch.client.ClientFacadeTest"/>
  <testcase name="testCloseThrowsException" time="0.006" classname="org.molgenis.data.elasticsearch.client.ClientFacadeTest"/>
  <testcase name="testGetGetCountFailedShards" time="0.003" classname="org.molgenis.data.elasticsearch.client.ClientFacadeTest"/>
  <testcase name="testIndexesExistThrowsException" time="0.003" classname="org.molgenis.data.elasticsearch.client.ClientFacadeTest"/>
  <testcase name="testSearchIndexNotFound" time="0.003" classname="org.molgenis.data.elasticsearch.client.ClientFacadeTest"/>
  <testcase name="testSearchTimedOut" time="0.003" classname="org.molgenis.data.elasticsearch.client.ClientFacadeTest"/>
  <testcase name="testGetCountThrowsException" time="0.002" classname="org.molgenis.data.elasticsearch.client.ClientFacadeTest"/>
  <testcase name="testDeleteIndexNotAcknowledged" time="0.003" classname="org.molgenis.data.elasticsearch.client.ClientFacadeTest"/>
  <testcase name="testGetGetCountTimeout" time="0.001" classname="org.molgenis.data.elasticsearch.client.ClientFacadeTest"/>
  <testcase name="testCreateIndexResponseNotAcknowledgedNoExceptions" time="0.004" classname="org.molgenis.data.elasticsearch.client.ClientFacadeTest"/>
  <testcase name="testRefreshIndicesFailedShards" time="0.003" classname="org.molgenis.data.elasticsearch.client.ClientFacadeTest"/>
  <testcase name="testAggregateThrowsException" time="0.165" classname="org.molgenis.data.elasticsearch.client.ClientFacadeTest"/>
  <testcase name="testCreateIndexAlreadyExists" time="0.013" classname="org.molgenis.data.elasticsearch.client.ClientFacadeTest"/>
  <testcase name="testIndexThrowsResourceNotFoundException" time="0.002" classname="org.molgenis.data.elasticsearch.client.ClientFacadeTest"/>
</testsuite> <!-- org.molgenis.data.elasticsearch.client.ClientFacadeTest -->
