<?xml version="1.0" encoding="UTF-8"?>
<!-- Generated by org.testng.reporters.JUnitReportReporter -->
<testsuite hostname="spirals-vortex.lille.inria.fr" name="org.molgenis.data.index.job.IndexJobSchedulerTest" tests="2" failures="0" timestamp="30 May 2018 12:46:17 GMT" time="0.084" errors="0">
  <testcase name="testCleanupJobExecutions" time="0.082" classname="org.molgenis.data.index.job.IndexJobSchedulerTest"/>
  <testcase name="testRebuildIndexDoesNothingIfNoIndexActionJobIsFound" time="0.002" classname="org.molgenis.data.index.job.IndexJobSchedulerTest"/>
</testsuite> <!-- org.molgenis.data.index.job.IndexJobSchedulerTest -->
