<?xml version="1.0" encoding="UTF-8"?>
<!-- Generated by org.testng.reporters.JUnitReportReporter -->
<testsuite hostname="spirals-vortex.lille.inria.fr" name="org.molgenis.data.index.IndexDependencyModelTest" tests="4" failures="0" timestamp="1 Jun 2018 10:52:28 GMT" time="0.198" errors="0">
  <testcase name="testGetEntityTypesDependentOnDeepReferences" time="0.007" classname="org.molgenis.data.index.IndexDependencyModelTest"/>
  <testcase name="testGetEntityTypesDependentOnCircularZeroDepth" time="0.002" classname="org.molgenis.data.index.IndexDependencyModelTest"/>
  <testcase name="testGetEntityTypesDependentOnCircular" time="0.181" classname="org.molgenis.data.index.IndexDependencyModelTest"/>
  <testcase name="testGetEntityTypesDependentOnDeepExtension" time="0.008" classname="org.molgenis.data.index.IndexDependencyModelTest"/>
</testsuite> <!-- org.molgenis.data.index.IndexDependencyModelTest -->
