<?xml version="1.0" encoding="UTF-8"?>
<!-- Generated by org.testng.reporters.JUnitReportReporter -->
<testsuite hostname="spirals-vortex.lille.inria.fr" name="org.molgenis.data.index.IndexActionRepositoryDecoratorTest" tests="19" failures="0" timestamp="30 May 2018 12:46:17 GMT" time="1.592" errors="0">
  <testcase name="addEntitiesStream" time="0.039" classname="org.molgenis.data.index.IndexActionRepositoryDecoratorTest"/>
  <testcase name="deleteEntity" time="0.003" classname="org.molgenis.data.index.IndexActionRepositoryDecoratorTest"/>
  <testcase name="deleteAllBidi" time="0.004" classname="org.molgenis.data.index.IndexActionRepositoryDecoratorTest"/>
  <testcase name="deleteStreamEntities" time="0.002" classname="org.molgenis.data.index.IndexActionRepositoryDecoratorTest"/>
  <testcase name="getCapabilities" time="0.000" classname="org.molgenis.data.index.IndexActionRepositoryDecoratorTest"/>
  <testcase name="deleteEntityBidi" time="0.005" classname="org.molgenis.data.index.IndexActionRepositoryDecoratorTest"/>
  <testcase name="addEntity" time="0.035" classname="org.molgenis.data.index.IndexActionRepositoryDecoratorTest"/>
  <testcase name="deleteStreamEntitiesBidi" time="1.184" classname="org.molgenis.data.index.IndexActionRepositoryDecoratorTest"/>
  <testcase name="updateStreamEntitiesBidi" time="0.003" classname="org.molgenis.data.index.IndexActionRepositoryDecoratorTest"/>
  <testcase name="updateStreamEntities" time="0.001" classname="org.molgenis.data.index.IndexActionRepositoryDecoratorTest"/>
  <testcase name="deleteEntityByIdBidi" time="0.004" classname="org.molgenis.data.index.IndexActionRepositoryDecoratorTest"/>
  <testcase name="deleteEntityByIdStreamBidi" time="0.070" classname="org.molgenis.data.index.IndexActionRepositoryDecoratorTest"/>
  <testcase name="deleteEntityByIdStream" time="0.002" classname="org.molgenis.data.index.IndexActionRepositoryDecoratorTest"/>
  <testcase name="addEntitiesStreamBidi" time="0.227" classname="org.molgenis.data.index.IndexActionRepositoryDecoratorTest"/>
  <testcase name="deleteEntityById" time="0.003" classname="org.molgenis.data.index.IndexActionRepositoryDecoratorTest"/>
  <testcase name="addEntityBidi" time="0.006" classname="org.molgenis.data.index.IndexActionRepositoryDecoratorTest"/>
  <testcase name="deleteAll" time="0.001" classname="org.molgenis.data.index.IndexActionRepositoryDecoratorTest"/>
  <testcase name="updateEntity" time="0.001" classname="org.molgenis.data.index.IndexActionRepositoryDecoratorTest"/>
  <testcase name="updateEntityBidi" time="0.002" classname="org.molgenis.data.index.IndexActionRepositoryDecoratorTest"/>
</testsuite> <!-- org.molgenis.data.index.IndexActionRepositoryDecoratorTest -->
