<?xml version="1.0" encoding="UTF-8"?>
<!-- Generated by org.testng.reporters.JUnitReportReporter -->
<testsuite hostname="spirals-vortex.lille.inria.fr" name="org.molgenis.data.index.IndexingStrategyTest" tests="4" failures="0" timestamp="1 Jun 2018 10:52:28 GMT" time="0.002" errors="0">
  <testcase name="testDetermineImpact" time="0.001" classname="org.molgenis.data.index.IndexingStrategyTest"/>
  <testcase name="testDetermineImpactNoDependencies" time="0.000" classname="org.molgenis.data.index.IndexingStrategyTest"/>
  <testcase name="testDetermineImpact2" time="0.001" classname="org.molgenis.data.index.IndexingStrategyTest"/>
  <testcase name="testDetermineNecessaryActionsEmptySet" time="0.000" classname="org.molgenis.data.index.IndexingStrategyTest"/>
</testsuite> <!-- org.molgenis.data.index.IndexingStrategyTest -->
