<?xml version="1.0" encoding="UTF-8"?>
<!-- Generated by org.testng.reporters.JUnitReportReporter -->
<testsuite hostname="spirals-vortex.lille.inria.fr" name="org.molgenis.data.index.IndexedRepositoryDecoratorTest" tests="40" failures="0" timestamp="30 May 2018 13:31:47 GMT" time="0.175" errors="0">
  <testcase name="aggregateUnknownIndexExceptionRecoverable" time="0.030" classname="org.molgenis.data.index.IndexedRepositoryDecoratorTest"/>
  <testcase name="getCapabilities" time="0.000" classname="org.molgenis.data.index.IndexedRepositoryDecoratorTest"/>
  <testcase name="unsupportedQueryWithSortOnComputedAttributes" time="0.028" classname="org.molgenis.data.index.IndexedRepositoryDecoratorTest"/>
  <testcase name="deleteEntity" time="0.001" classname="org.molgenis.data.index.IndexedRepositoryDecoratorTest"/>
  <testcase name="unsupportedQueryWithComputedAttributes" time="0.004" classname="org.molgenis.data.index.IndexedRepositoryDecoratorTest"/>
  <testcase name="findOneQuery" time="0.001" classname="org.molgenis.data.index.IndexedRepositoryDecoratorTest"/>
  <testcase name="query" time="0.003" classname="org.molgenis.data.index.IndexedRepositoryDecoratorTest"/>
  <testcase name="updateEntity" time="0.001" classname="org.molgenis.data.index.IndexedRepositoryDecoratorTest"/>
  <testcase name="aggregate" time="0.004" classname="org.molgenis.data.index.IndexedRepositoryDecoratorTest"/>
  <testcase name="indexedRepositoryDecorator" time="0.001" classname="org.molgenis.data.index.IndexedRepositoryDecoratorTest"/>
  <testcase name="getQueryOperators" time="0.002" classname="org.molgenis.data.index.IndexedRepositoryDecoratorTest"/>
  <testcase name="findAllQueryUnsupported" time="0.047" classname="org.molgenis.data.index.IndexedRepositoryDecoratorTest"/>
  <testcase name="findAllUnknownIndexExceptionRecoverable" time="0.001" classname="org.molgenis.data.index.IndexedRepositoryDecoratorTest"/>
  <testcase name="getEntityType" time="0.001" classname="org.molgenis.data.index.IndexedRepositoryDecoratorTest"/>
  <testcase name="findOneUnknownIndexExceptionUnrecoverable" time="0.001" classname="org.molgenis.data.index.IndexedRepositoryDecoratorTest"/>
  <testcase name="findOneQueryUnsupported" time="0.002" classname="org.molgenis.data.index.IndexedRepositoryDecoratorTest"/>
  <testcase name="findOneUnknownIndexExceptionRecoverable" time="0.001" classname="org.molgenis.data.index.IndexedRepositoryDecoratorTest"/>
  <testcase name="countQueryUnsupported" time="0.002" classname="org.molgenis.data.index.IndexedRepositoryDecoratorTest"/>
  <testcase name="countUnknownIndexExceptionUnrecoverable" time="0.002" classname="org.molgenis.data.index.IndexedRepositoryDecoratorTest"/>
  <testcase name="unsupportedQueryWithNestedQueryRuleField" time="0.002" classname="org.molgenis.data.index.IndexedRepositoryDecoratorTest"/>
  <testcase name="countQuery" time="0.002" classname="org.molgenis.data.index.IndexedRepositoryDecoratorTest"/>
  <testcase name="findAllQuery" time="0.002" classname="org.molgenis.data.index.IndexedRepositoryDecoratorTest"/>
  <testcase name="addEntity" time="0.002" classname="org.molgenis.data.index.IndexedRepositoryDecoratorTest"/>
  <testcase name="count" time="0.002" classname="org.molgenis.data.index.IndexedRepositoryDecoratorTest"/>
  <testcase name="close" time="0.001" classname="org.molgenis.data.index.IndexedRepositoryDecoratorTest"/>
  <testcase name="iterator" time="0.001" classname="org.molgenis.data.index.IndexedRepositoryDecoratorTest"/>
  <testcase name="deleteByIdObject" time="0.002" classname="org.molgenis.data.index.IndexedRepositoryDecoratorTest"/>
  <testcase name="countUnknownIndexExceptionRecoverable" time="0.001" classname="org.molgenis.data.index.IndexedRepositoryDecoratorTest"/>
  <testcase name="deleteStream" time="0.000" classname="org.molgenis.data.index.IndexedRepositoryDecoratorTest"/>
  <testcase name="findAllUnknownIndexExceptionUnrecoverable" time="0.003" classname="org.molgenis.data.index.IndexedRepositoryDecoratorTest"/>
  <testcase name="findAllStream" time="0.001" classname="org.molgenis.data.index.IndexedRepositoryDecoratorTest"/>
  <testcase name="findOneById" time="0.008" classname="org.molgenis.data.index.IndexedRepositoryDecoratorTest"/>
  <testcase name="forEachBatched" time="0.009" classname="org.molgenis.data.index.IndexedRepositoryDecoratorTest"/>
  <testcase name="addStream" time="0.000" classname="org.molgenis.data.index.IndexedRepositoryDecoratorTest"/>
  <testcase name="findAllStreamFetch" time="0.001" classname="org.molgenis.data.index.IndexedRepositoryDecoratorTest"/>
  <testcase name="aggregateUnknownIndexExceptionUnrecoverable" time="0.001" classname="org.molgenis.data.index.IndexedRepositoryDecoratorTest"/>
  <testcase name="getName" time="0.001" classname="org.molgenis.data.index.IndexedRepositoryDecoratorTest"/>
  <testcase name="updateStream" time="0.001" classname="org.molgenis.data.index.IndexedRepositoryDecoratorTest"/>
  <testcase name="deleteAll" time="0.001" classname="org.molgenis.data.index.IndexedRepositoryDecoratorTest"/>
  <testcase name="findOneByIdFetch" time="0.002" classname="org.molgenis.data.index.IndexedRepositoryDecoratorTest"/>
</testsuite> <!-- org.molgenis.data.index.IndexedRepositoryDecoratorTest -->
