<?xml version="1.0" encoding="UTF-8"?>
<!-- Generated by org.testng.reporters.JUnitReportReporter -->
<testsuite hostname="spirals-vortex.lille.inria.fr" name="org.molgenis.data.index.job.IndexJobSchedulerTest" tests="2" failures="0" timestamp="1 Jun 2018 11:18:31 GMT" time="0.091" errors="0">
  <testcase name="testCleanupJobExecutions" time="0.050" classname="org.molgenis.data.index.job.IndexJobSchedulerTest"/>
  <testcase name="testRebuildIndexDoesNothingIfNoIndexActionJobIsFound" time="0.041" classname="org.molgenis.data.index.job.IndexJobSchedulerTest"/>
</testsuite> <!-- org.molgenis.data.index.job.IndexJobSchedulerTest -->
