<?xml version="1.0" encoding="UTF-8"?>
<!-- Generated by org.testng.reporters.JUnitReportReporter -->
<testsuite hostname="spirals-vortex.lille.inria.fr" name="org.molgenis.data.index.IndexActionRegisterServiceTest" tests="5" failures="0" timestamp="30 May 2018 12:46:17 GMT" time="0.480" errors="0">
  <testcase name="testRegisterAndForget" time="0.004" classname="org.molgenis.data.index.IndexActionRegisterServiceTest"/>
  <testcase name="isEntityDirtyTrue" time="0.051" classname="org.molgenis.data.index.IndexActionRegisterServiceTest"/>
  <testcase name="testRegisterCreateSingleEntityNoReferences" time="0.138" classname="org.molgenis.data.index.IndexActionRegisterServiceTest"/>
  <testcase name="isEntityDirtyFalse" time="0.012" classname="org.molgenis.data.index.IndexActionRegisterServiceTest"/>
  <testcase name="testRegisterExcludedEntities" time="0.275" classname="org.molgenis.data.index.IndexActionRegisterServiceTest"/>
</testsuite> <!-- org.molgenis.data.index.IndexActionRegisterServiceTest -->
