<?xml version="1.0" encoding="UTF-8"?>
<!-- Generated by org.testng.reporters.JUnitReportReporter -->
<testsuite hostname="spirals-vortex.lille.inria.fr" name="org.molgenis.data.index.job.IndexJobServiceTest" tests="9" failures="0" timestamp="1 Jun 2018 10:52:28 GMT" time="0.085" errors="0">
  <testcase name="rebuildIndexMetaUpdateDataTest" time="0.006" classname="org.molgenis.data.index.job.IndexJobServiceTest"/>
  <testcase name="rebuildIndexCreateSingleEntityTest" time="0.009" classname="org.molgenis.data.index.job.IndexJobServiceTest"/>
  <testcase name="rebuildIndexDeleteMetaDataEntityTest" time="0.012" classname="org.molgenis.data.index.job.IndexJobServiceTest"/>
  <testcase name="rebuildIndexDeleteSingleEntityTest" time="0.005" classname="org.molgenis.data.index.job.IndexJobServiceTest"/>
  <testcase name="testNoIndexActionsForTransaction" time="0.003" classname="org.molgenis.data.index.job.IndexJobServiceTest"/>
  <testcase name="rebuildIndexMetaCreateDataTest" time="0.006" classname="org.molgenis.data.index.job.IndexJobServiceTest"/>
  <testcase name="indexSingleEntityindexServiceThrowsExceptionOnSecondEntityId" time="0.036" classname="org.molgenis.data.index.job.IndexJobServiceTest"/>
  <testcase name="testNoIndexActionJobForTransaction" time="0.005" classname="org.molgenis.data.index.job.IndexJobServiceTest"/>
  <testcase name="testCreateQueryGetAllIndexActions" time="0.003" classname="org.molgenis.data.index.job.IndexJobServiceTest"/>
</testsuite> <!-- org.molgenis.data.index.job.IndexJobServiceTest -->
