<?xml version="1.0" encoding="UTF-8"?>
<!-- Generated by org.testng.reporters.JUnitReportReporter -->
<testsuite hostname="spirals-vortex.lille.inria.fr" name="org.molgenis.data.index.IndexActionRepositoryCollectionDecoratorTest" tests="5" failures="0" timestamp="1 Jun 2018 10:52:28 GMT" time="0.035" errors="0">
  <testcase name="addEntityType" time="0.000" classname="org.molgenis.data.index.IndexActionRepositoryCollectionDecoratorTest"/>
  <testcase name="deleteRepository" time="0.033" classname="org.molgenis.data.index.IndexActionRepositoryCollectionDecoratorTest"/>
  <testcase name="deleteAttribute" time="0.001" classname="org.molgenis.data.index.IndexActionRepositoryCollectionDecoratorTest"/>
  <testcase name="addAttribute" time="0.001" classname="org.molgenis.data.index.IndexActionRepositoryCollectionDecoratorTest"/>
  <testcase name="updateRepository" time="0.000" classname="org.molgenis.data.index.IndexActionRepositoryCollectionDecoratorTest"/>
</testsuite> <!-- org.molgenis.data.index.IndexActionRepositoryCollectionDecoratorTest -->
