<?xml version="1.0" encoding="UTF-8"?>
<!-- Generated by org.testng.reporters.JUnitReportReporter -->
<testsuite hostname="spirals-vortex.lille.inria.fr" name="org.molgenis.data.index.job.IndexJobSchedulerTest" tests="2" failures="0" timestamp="1 Jun 2018 10:52:28 GMT" time="0.096" errors="0">
  <testcase name="testRebuildIndexDoesNothingIfNoIndexActionJobIsFound" time="0.003" classname="org.molgenis.data.index.job.IndexJobSchedulerTest"/>
  <testcase name="testCleanupJobExecutions" time="0.093" classname="org.molgenis.data.index.job.IndexJobSchedulerTest"/>
</testsuite> <!-- org.molgenis.data.index.job.IndexJobSchedulerTest -->
