<?xml version="1.0" encoding="UTF-8"?>
<!-- Generated by org.testng.reporters.JUnitReportReporter -->
<testsuite hostname="spirals-vortex.lille.inria.fr" name="org.molgenis.data.index.IndexDependencyModelTest" tests="4" failures="0" timestamp="30 May 2018 13:31:47 GMT" time="0.261" errors="0">
  <testcase name="testGetEntityTypesDependentOnCircular" time="0.240" classname="org.molgenis.data.index.IndexDependencyModelTest"/>
  <testcase name="testGetEntityTypesDependentOnDeepReferences" time="0.007" classname="org.molgenis.data.index.IndexDependencyModelTest"/>
  <testcase name="testGetEntityTypesDependentOnDeepExtension" time="0.013" classname="org.molgenis.data.index.IndexDependencyModelTest"/>
  <testcase name="testGetEntityTypesDependentOnCircularZeroDepth" time="0.001" classname="org.molgenis.data.index.IndexDependencyModelTest"/>
</testsuite> <!-- org.molgenis.data.index.IndexDependencyModelTest -->
