<?xml version="1.0" encoding="UTF-8"?>
<!-- Generated by org.testng.reporters.JUnitReportReporter -->
<testsuite hostname="spirals-vortex.lille.inria.fr" name="org.molgenis.data.index.IndexActionRepositoryDecoratorTest" tests="19" failures="0" timestamp="1 Jun 2018 11:18:31 GMT" time="1.661" errors="0">
  <testcase name="addEntitiesStream" time="0.046" classname="org.molgenis.data.index.IndexActionRepositoryDecoratorTest"/>
  <testcase name="deleteEntity" time="0.002" classname="org.molgenis.data.index.IndexActionRepositoryDecoratorTest"/>
  <testcase name="deleteAllBidi" time="0.003" classname="org.molgenis.data.index.IndexActionRepositoryDecoratorTest"/>
  <testcase name="deleteStreamEntities" time="0.001" classname="org.molgenis.data.index.IndexActionRepositoryDecoratorTest"/>
  <testcase name="getCapabilities" time="0.001" classname="org.molgenis.data.index.IndexActionRepositoryDecoratorTest"/>
  <testcase name="deleteEntityBidi" time="0.005" classname="org.molgenis.data.index.IndexActionRepositoryDecoratorTest"/>
  <testcase name="addEntity" time="0.026" classname="org.molgenis.data.index.IndexActionRepositoryDecoratorTest"/>
  <testcase name="deleteStreamEntitiesBidi" time="1.269" classname="org.molgenis.data.index.IndexActionRepositoryDecoratorTest"/>
  <testcase name="updateStreamEntitiesBidi" time="0.001" classname="org.molgenis.data.index.IndexActionRepositoryDecoratorTest"/>
  <testcase name="updateStreamEntities" time="0.001" classname="org.molgenis.data.index.IndexActionRepositoryDecoratorTest"/>
  <testcase name="deleteEntityByIdBidi" time="0.002" classname="org.molgenis.data.index.IndexActionRepositoryDecoratorTest"/>
  <testcase name="deleteEntityByIdStreamBidi" time="0.001" classname="org.molgenis.data.index.IndexActionRepositoryDecoratorTest"/>
  <testcase name="deleteEntityByIdStream" time="0.001" classname="org.molgenis.data.index.IndexActionRepositoryDecoratorTest"/>
  <testcase name="addEntitiesStreamBidi" time="0.208" classname="org.molgenis.data.index.IndexActionRepositoryDecoratorTest"/>
  <testcase name="deleteEntityById" time="0.078" classname="org.molgenis.data.index.IndexActionRepositoryDecoratorTest"/>
  <testcase name="addEntityBidi" time="0.011" classname="org.molgenis.data.index.IndexActionRepositoryDecoratorTest"/>
  <testcase name="deleteAll" time="0.002" classname="org.molgenis.data.index.IndexActionRepositoryDecoratorTest"/>
  <testcase name="updateEntity" time="0.001" classname="org.molgenis.data.index.IndexActionRepositoryDecoratorTest"/>
  <testcase name="updateEntityBidi" time="0.002" classname="org.molgenis.data.index.IndexActionRepositoryDecoratorTest"/>
</testsuite> <!-- org.molgenis.data.index.IndexActionRepositoryDecoratorTest -->
