<?xml version="1.0" encoding="UTF-8"?>
<testsuite xmlns:xsi="http://www.w3.org/2001/XMLSchema-instance" xsi:noNamespaceSchemaLocation="https://maven.apache.org/surefire/maven-surefire-plugin/xsd/surefire-test-report.xsd" name="org.hesperides.application.modules.ModuleUseCasesTest" time="0.787" tests="2" errors="0" skipped="0" failures="0">
  <properties>
    <property name="awt.toolkit" value="sun.awt.X11.XToolkit"/>
    <property name="file.encoding.pkg" value="sun.io"/>
    <property name="java.specification.version" value="1.8"/>
    <property name="sun.cpu.isalist" value=""/>
    <property name="sun.jnu.encoding" value="UTF-8"/>
    <property name="java.class.path" value="/root/workspace/voyages-sncf-technologies/hesperides/385309165/application/target/test-classes:/root/workspace/voyages-sncf-technologies/hesperides/385309165/application/target/classes:/root/workspace/voyages-sncf-technologies/hesperides/385309165/domain/target/classes:/root/./workspace/voyages-sncf-technologies/hesperides/385309165/.m2/org/axonframework/axon-spring-boot-starter/3.2.2/axon-spring-boot-starter-3.2.2.jar:/root/./workspace/voyages-sncf-technologies/hesperides/385309165/.m2/org/axonframework/axon-spring-boot-autoconfigure/3.2.2/axon-spring-boot-autoconfigure-3.2.2.jar:/root/./workspace/voyages-sncf-technologies/hesperides/385309165/.m2/org/axonframework/axon-spring/3.2.2/axon-spring-3.2.2.jar:/root/./workspace/voyages-sncf-technologies/hesperides/385309165/.m2/org/axonframework/axon-core/3.2.2/axon-core-3.2.2.jar:/root/./workspace/voyages-sncf-technologies/hesperides/385309165/.m2/com/thoughtworks/xstream/xstream/1.4.10/xstream-1.4.10.jar:/root/./workspace/voyages-sncf-technologies/hesperides/385309165/.m2/xpp3/xpp3/1.1.4c/xpp3-1.1.4c.jar:/root/./workspace/voyages-sncf-technologies/hesperides/385309165/.m2/org/springframework/boot/spring-boot-starter-security/1.5.11.RELEASE/spring-boot-starter-security-1.5.11.RELEASE.jar:/root/./workspace/voyages-sncf-technologies/hesperides/385309165/.m2/org/springframework/boot/spring-boot-starter/1.5.11.RELEASE/spring-boot-starter-1.5.11.RELEASE.jar:/root/./workspace/voyages-sncf-technologies/hesperides/385309165/.m2/org/springframework/boot/spring-boot-starter-logging/1.5.11.RELEASE/spring-boot-starter-logging-1.5.11.RELEASE.jar:/root/./workspace/voyages-sncf-technologies/hesperides/385309165/.m2/ch/qos/logback/logback-classic/1.2.3/logback-classic-1.2.3.jar:/root/./workspace/voyages-sncf-technologies/hesperides/385309165/.m2/ch/qos/logback/logback-core/1.2.3/logback-core-1.2.3.jar:/root/./workspace/voyages-sncf-technologies/hesperides/385309165/.m2/org/slf4j/jcl-over-slf4j/1.7.25/jcl-over-slf4j-1.7.25.jar:/root/./workspace/voyages-sncf-technologies/hesperides/385309165/.m2/org/slf4j/jul-to-slf4j/1.7.25/jul-to-slf4j-1.7.25.jar:/root/./workspace/voyages-sncf-technologies/hesperides/385309165/.m2/org/slf4j/log4j-over-slf4j/1.7.25/log4j-over-slf4j-1.7.25.jar:/root/./workspace/voyages-sncf-technologies/hesperides/385309165/.m2/org/yaml/snakeyaml/1.17/snakeyaml-1.17.jar:/root/./workspace/voyages-sncf-technologies/hesperides/385309165/.m2/org/springframework/spring-aop/4.3.15.RELEASE/spring-aop-4.3.15.RELEASE.jar:/root/./workspace/voyages-sncf-technologies/hesperides/385309165/.m2/org/springframework/spring-beans/4.3.15.RELEASE/spring-beans-4.3.15.RELEASE.jar:/root/./workspace/voyages-sncf-technologies/hesperides/385309165/.m2/org/springframework/security/spring-security-config/4.2.5.RELEASE/spring-security-config-4.2.5.RELEASE.jar:/root/./workspace/voyages-sncf-technologies/hesperides/385309165/.m2/org/springframework/security/spring-security-core/4.2.5.RELEASE/spring-security-core-4.2.5.RELEASE.jar:/root/./workspace/voyages-sncf-technologies/hesperides/385309165/.m2/org/springframework/spring-context/4.3.15.RELEASE/spring-context-4.3.15.RELEASE.jar:/root/./workspace/voyages-sncf-technologies/hesperides/385309165/.m2/org/springframework/security/spring-security-web/4.2.5.RELEASE/spring-security-web-4.2.5.RELEASE.jar:/root/./workspace/voyages-sncf-technologies/hesperides/385309165/.m2/org/springframework/spring-expression/4.3.15.RELEASE/spring-expression-4.3.15.RELEASE.jar:/root/./workspace/voyages-sncf-technologies/hesperides/385309165/.m2/org/springframework/spring-web/4.3.15.RELEASE/spring-web-4.3.15.RELEASE.jar:/root/./workspace/voyages-sncf-technologies/hesperides/385309165/.m2/org/jetbrains/kotlin/kotlin-stdlib-jdk8/1.2.41/kotlin-stdlib-jdk8-1.2.41.jar:/root/./workspace/voyages-sncf-technologies/hesperides/385309165/.m2/org/jetbrains/kotlin/kotlin-stdlib/1.2.41/kotlin-stdlib-1.2.41.jar:/root/./workspace/voyages-sncf-technologies/hesperides/385309165/.m2/org/jetbrains/annotations/13.0/annotations-13.0.jar:/root/./workspace/voyages-sncf-technologies/hesperides/385309165/.m2/org/jetbrains/kotlin/kotlin-stdlib-jdk7/1.2.41/kotlin-stdlib-jdk7-1.2.41.jar:/root/./workspace/voyages-sncf-technologies/hesperides/385309165/.m2/com/google/code/gson/gson/2.8.2/gson-2.8.2.jar:/root/./workspace/voyages-sncf-technologies/hesperides/385309165/.m2/org/springframework/boot/spring-boot-starter-test/1.5.11.RELEASE/spring-boot-starter-test-1.5.11.RELEASE.jar:/root/./workspace/voyages-sncf-technologies/hesperides/385309165/.m2/org/springframework/boot/spring-boot-test/1.5.11.RELEASE/spring-boot-test-1.5.11.RELEASE.jar:/root/./workspace/voyages-sncf-technologies/hesperides/385309165/.m2/org/springframework/boot/spring-boot/1.5.11.RELEASE/spring-boot-1.5.11.RELEASE.jar:/root/./workspace/voyages-sncf-technologies/hesperides/385309165/.m2/org/springframework/boot/spring-boot-test-autoconfigure/1.5.11.RELEASE/spring-boot-test-autoconfigure-1.5.11.RELEASE.jar:/root/./workspace/voyages-sncf-technologies/hesperides/385309165/.m2/org/springframework/boot/spring-boot-autoconfigure/1.5.11.RELEASE/spring-boot-autoconfigure-1.5.11.RELEASE.jar:/root/./workspace/voyages-sncf-technologies/hesperides/385309165/.m2/com/jayway/jsonpath/json-path/2.2.0/json-path-2.2.0.jar:/root/./workspace/voyages-sncf-technologies/hesperides/385309165/.m2/net/minidev/json-smart/2.2.1/json-smart-2.2.1.jar:/root/./workspace/voyages-sncf-technologies/hesperides/385309165/.m2/net/minidev/accessors-smart/1.1/accessors-smart-1.1.jar:/root/./workspace/voyages-sncf-technologies/hesperides/385309165/.m2/org/ow2/asm/asm/5.0.3/asm-5.0.3.jar:/root/./workspace/voyages-sncf-technologies/hesperides/385309165/.m2/org/slf4j/slf4j-api/1.7.25/slf4j-api-1.7.25.jar:/root/./workspace/voyages-sncf-technologies/hesperides/385309165/.m2/junit/junit/4.12/junit-4.12.jar:/root/./workspace/voyages-sncf-technologies/hesperides/385309165/.m2/org/assertj/assertj-core/2.6.0/assertj-core-2.6.0.jar:/root/./workspace/voyages-sncf-technologies/hesperides/385309165/.m2/org/mockito/mockito-core/1.10.19/mockito-core-1.10.19.jar:/root/./workspace/voyages-sncf-technologies/hesperides/385309165/.m2/org/objenesis/objenesis/2.1/objenesis-2.1.jar:/root/./workspace/voyages-sncf-technologies/hesperides/385309165/.m2/org/hamcrest/hamcrest-core/1.3/hamcrest-core-1.3.jar:/root/./workspace/voyages-sncf-technologies/hesperides/385309165/.m2/org/hamcrest/hamcrest-library/1.3/hamcrest-library-1.3.jar:/root/./workspace/voyages-sncf-technologies/hesperides/385309165/.m2/org/skyscreamer/jsonassert/1.4.0/jsonassert-1.4.0.jar:/root/./workspace/voyages-sncf-technologies/hesperides/385309165/.m2/com/vaadin/external/google/android-json/0.0.20131108.vaadin1/android-json-0.0.20131108.vaadin1.jar:/root/./workspace/voyages-sncf-technologies/hesperides/385309165/.m2/org/springframework/spring-core/4.3.15.RELEASE/spring-core-4.3.15.RELEASE.jar:/root/./workspace/voyages-sncf-technologies/hesperides/385309165/.m2/org/springframework/spring-test/4.3.15.RELEASE/spring-test-4.3.15.RELEASE.jar:/root/./workspace/voyages-sncf-technologies/hesperides/385309165/.m2/org/projectlombok/lombok/1.16.20/lombok-1.16.20.jar:"/>
    <property name="java.vm.vendor" value="Oracle Corporation"/>
    <property name="skip.bower" value="true"/>
    <property name="sun.arch.data.model" value="64"/>
    <property name="java.vendor.url" value="http://java.oracle.com/"/>
    <property name="user.timezone" value=""/>
    <property name="java.vm.specification.version" value="1.8"/>
    <property name="os.name" value="Linux"/>
    <property name="rat.skip" value="true"/>
    <property name="gpg.skip" value="true"/>
    <property name="sun.java.launcher" value="SUN_STANDARD"/>
    <property name="sun.boot.library.path" value="/usr/lib/jvm/java-8-openjdk-amd64/jre/lib/amd64"/>
    <property name="skip.gulp" value="true"/>
    <property name="sun.java.command" value="/root/workspace/voyages-sncf-technologies/hesperides/385309165/application/target/surefire/surefirebooter7808864245534054480.jar /root/workspace/voyages-sncf-technologies/hesperides/385309165/application/target/surefire 2018-05-29T19-57-15_114-jvmRun1 surefire2759732837265824704tmp surefire_1686857607387578660tmp"/>
    <property name="dependency-check.skip" value="true"/>
    <property name="surefire.test.class.path" value="/root/workspace/voyages-sncf-technologies/hesperides/385309165/application/target/test-classes:/root/workspace/voyages-sncf-technologies/hesperides/385309165/application/target/classes:/root/workspace/voyages-sncf-technologies/hesperides/385309165/domain/target/classes:/root/./workspace/voyages-sncf-technologies/hesperides/385309165/.m2/org/axonframework/axon-spring-boot-starter/3.2.2/axon-spring-boot-starter-3.2.2.jar:/root/./workspace/voyages-sncf-technologies/hesperides/385309165/.m2/org/axonframework/axon-spring-boot-autoconfigure/3.2.2/axon-spring-boot-autoconfigure-3.2.2.jar:/root/./workspace/voyages-sncf-technologies/hesperides/385309165/.m2/org/axonframework/axon-spring/3.2.2/axon-spring-3.2.2.jar:/root/./workspace/voyages-sncf-technologies/hesperides/385309165/.m2/org/axonframework/axon-core/3.2.2/axon-core-3.2.2.jar:/root/./workspace/voyages-sncf-technologies/hesperides/385309165/.m2/com/thoughtworks/xstream/xstream/1.4.10/xstream-1.4.10.jar:/root/./workspace/voyages-sncf-technologies/hesperides/385309165/.m2/xpp3/xpp3/1.1.4c/xpp3-1.1.4c.jar:/root/./workspace/voyages-sncf-technologies/hesperides/385309165/.m2/org/springframework/boot/spring-boot-starter-security/1.5.11.RELEASE/spring-boot-starter-security-1.5.11.RELEASE.jar:/root/./workspace/voyages-sncf-technologies/hesperides/385309165/.m2/org/springframework/boot/spring-boot-starter/1.5.11.RELEASE/spring-boot-starter-1.5.11.RELEASE.jar:/root/./workspace/voyages-sncf-technologies/hesperides/385309165/.m2/org/springframework/boot/spring-boot-starter-logging/1.5.11.RELEASE/spring-boot-starter-logging-1.5.11.RELEASE.jar:/root/./workspace/voyages-sncf-technologies/hesperides/385309165/.m2/ch/qos/logback/logback-classic/1.2.3/logback-classic-1.2.3.jar:/root/./workspace/voyages-sncf-technologies/hesperides/385309165/.m2/ch/qos/logback/logback-core/1.2.3/logback-core-1.2.3.jar:/root/./workspace/voyages-sncf-technologies/hesperides/385309165/.m2/org/slf4j/jcl-over-slf4j/1.7.25/jcl-over-slf4j-1.7.25.jar:/root/./workspace/voyages-sncf-technologies/hesperides/385309165/.m2/org/slf4j/jul-to-slf4j/1.7.25/jul-to-slf4j-1.7.25.jar:/root/./workspace/voyages-sncf-technologies/hesperides/385309165/.m2/org/slf4j/log4j-over-slf4j/1.7.25/log4j-over-slf4j-1.7.25.jar:/root/./workspace/voyages-sncf-technologies/hesperides/385309165/.m2/org/yaml/snakeyaml/1.17/snakeyaml-1.17.jar:/root/./workspace/voyages-sncf-technologies/hesperides/385309165/.m2/org/springframework/spring-aop/4.3.15.RELEASE/spring-aop-4.3.15.RELEASE.jar:/root/./workspace/voyages-sncf-technologies/hesperides/385309165/.m2/org/springframework/spring-beans/4.3.15.RELEASE/spring-beans-4.3.15.RELEASE.jar:/root/./workspace/voyages-sncf-technologies/hesperides/385309165/.m2/org/springframework/security/spring-security-config/4.2.5.RELEASE/spring-security-config-4.2.5.RELEASE.jar:/root/./workspace/voyages-sncf-technologies/hesperides/385309165/.m2/org/springframework/security/spring-security-core/4.2.5.RELEASE/spring-security-core-4.2.5.RELEASE.jar:/root/./workspace/voyages-sncf-technologies/hesperides/385309165/.m2/org/springframework/spring-context/4.3.15.RELEASE/spring-context-4.3.15.RELEASE.jar:/root/./workspace/voyages-sncf-technologies/hesperides/385309165/.m2/org/springframework/security/spring-security-web/4.2.5.RELEASE/spring-security-web-4.2.5.RELEASE.jar:/root/./workspace/voyages-sncf-technologies/hesperides/385309165/.m2/org/springframework/spring-expression/4.3.15.RELEASE/spring-expression-4.3.15.RELEASE.jar:/root/./workspace/voyages-sncf-technologies/hesperides/385309165/.m2/org/springframework/spring-web/4.3.15.RELEASE/spring-web-4.3.15.RELEASE.jar:/root/./workspace/voyages-sncf-technologies/hesperides/385309165/.m2/org/jetbrains/kotlin/kotlin-stdlib-jdk8/1.2.41/kotlin-stdlib-jdk8-1.2.41.jar:/root/./workspace/voyages-sncf-technologies/hesperides/385309165/.m2/org/jetbrains/kotlin/kotlin-stdlib/1.2.41/kotlin-stdlib-1.2.41.jar:/root/./workspace/voyages-sncf-technologies/hesperides/385309165/.m2/org/jetbrains/annotations/13.0/annotations-13.0.jar:/root/./workspace/voyages-sncf-technologies/hesperides/385309165/.m2/org/jetbrains/kotlin/kotlin-stdlib-jdk7/1.2.41/kotlin-stdlib-jdk7-1.2.41.jar:/root/./workspace/voyages-sncf-technologies/hesperides/385309165/.m2/com/google/code/gson/gson/2.8.2/gson-2.8.2.jar:/root/./workspace/voyages-sncf-technologies/hesperides/385309165/.m2/org/springframework/boot/spring-boot-starter-test/1.5.11.RELEASE/spring-boot-starter-test-1.5.11.RELEASE.jar:/root/./workspace/voyages-sncf-technologies/hesperides/385309165/.m2/org/springframework/boot/spring-boot-test/1.5.11.RELEASE/spring-boot-test-1.5.11.RELEASE.jar:/root/./workspace/voyages-sncf-technologies/hesperides/385309165/.m2/org/springframework/boot/spring-boot/1.5.11.RELEASE/spring-boot-1.5.11.RELEASE.jar:/root/./workspace/voyages-sncf-technologies/hesperides/385309165/.m2/org/springframework/boot/spring-boot-test-autoconfigure/1.5.11.RELEASE/spring-boot-test-autoconfigure-1.5.11.RELEASE.jar:/root/./workspace/voyages-sncf-technologies/hesperides/385309165/.m2/org/springframework/boot/spring-boot-autoconfigure/1.5.11.RELEASE/spring-boot-autoconfigure-1.5.11.RELEASE.jar:/root/./workspace/voyages-sncf-technologies/hesperides/385309165/.m2/com/jayway/jsonpath/json-path/2.2.0/json-path-2.2.0.jar:/root/./workspace/voyages-sncf-technologies/hesperides/385309165/.m2/net/minidev/json-smart/2.2.1/json-smart-2.2.1.jar:/root/./workspace/voyages-sncf-technologies/hesperides/385309165/.m2/net/minidev/accessors-smart/1.1/accessors-smart-1.1.jar:/root/./workspace/voyages-sncf-technologies/hesperides/385309165/.m2/org/ow2/asm/asm/5.0.3/asm-5.0.3.jar:/root/./workspace/voyages-sncf-technologies/hesperides/385309165/.m2/org/slf4j/slf4j-api/1.7.25/slf4j-api-1.7.25.jar:/root/./workspace/voyages-sncf-technologies/hesperides/385309165/.m2/junit/junit/4.12/junit-4.12.jar:/root/./workspace/voyages-sncf-technologies/hesperides/385309165/.m2/org/assertj/assertj-core/2.6.0/assertj-core-2.6.0.jar:/root/./workspace/voyages-sncf-technologies/hesperides/385309165/.m2/org/mockito/mockito-core/1.10.19/mockito-core-1.10.19.jar:/root/./workspace/voyages-sncf-technologies/hesperides/385309165/.m2/org/objenesis/objenesis/2.1/objenesis-2.1.jar:/root/./workspace/voyages-sncf-technologies/hesperides/385309165/.m2/org/hamcrest/hamcrest-core/1.3/hamcrest-core-1.3.jar:/root/./workspace/voyages-sncf-technologies/hesperides/385309165/.m2/org/hamcrest/hamcrest-library/1.3/hamcrest-library-1.3.jar:/root/./workspace/voyages-sncf-technologies/hesperides/385309165/.m2/org/skyscreamer/jsonassert/1.4.0/jsonassert-1.4.0.jar:/root/./workspace/voyages-sncf-technologies/hesperides/385309165/.m2/com/vaadin/external/google/android-json/0.0.20131108.vaadin1/android-json-0.0.20131108.vaadin1.jar:/root/./workspace/voyages-sncf-technologies/hesperides/385309165/.m2/org/springframework/spring-core/4.3.15.RELEASE/spring-core-4.3.15.RELEASE.jar:/root/./workspace/voyages-sncf-technologies/hesperides/385309165/.m2/org/springframework/spring-test/4.3.15.RELEASE/spring-test-4.3.15.RELEASE.jar:/root/./workspace/voyages-sncf-technologies/hesperides/385309165/.m2/org/projectlombok/lombok/1.16.20/lombok-1.16.20.jar:"/>
    <property name="sun.cpu.endian" value="little"/>
    <property name="user.home" value="/root"/>
    <property name="user.language" value="en"/>
    <property name="java.specification.vendor" value="Oracle Corporation"/>
    <property name="java.home" value="/usr/lib/jvm/java-8-openjdk-amd64/jre"/>
    <property name="basedir" value="/root/workspace/voyages-sncf-technologies/hesperides/385309165/application"/>
    <property name="file.separator" value="/"/>
    <property name="checkstyle.skip" value="true"/>
    <property name="line.separator" value="&#10;"/>
    <property name="skip.npm" value="true"/>
    <property name="java.vm.specification.vendor" value="Oracle Corporation"/>
    <property name="java.specification.name" value="Java Platform API Specification"/>
    <property name="java.awt.graphicsenv" value="sun.awt.X11GraphicsEnvironment"/>
    <property name="skipITs" value="true"/>
    <property name="surefire.real.class.path" value="/root/workspace/voyages-sncf-technologies/hesperides/385309165/application/target/surefire/surefirebooter7808864245534054480.jar"/>
    <property name="cobertura.skip" value="true"/>
    <property name="sun.boot.class.path" value="/usr/lib/jvm/java-8-openjdk-amd64/jre/lib/resources.jar:/usr/lib/jvm/java-8-openjdk-amd64/jre/lib/rt.jar:/usr/lib/jvm/java-8-openjdk-amd64/jre/lib/sunrsasign.jar:/usr/lib/jvm/java-8-openjdk-amd64/jre/lib/jsse.jar:/usr/lib/jvm/java-8-openjdk-amd64/jre/lib/jce.jar:/usr/lib/jvm/java-8-openjdk-amd64/jre/lib/charsets.jar:/usr/lib/jvm/java-8-openjdk-amd64/jre/lib/jfr.jar:/usr/lib/jvm/java-8-openjdk-amd64/jre/classes"/>
    <property name="sun.management.compiler" value="HotSpot 64-Bit Tiered Compilers"/>
    <property name="java.runtime.version" value="1.8.0_121-8u121-b13-1~bpo8+1-b13"/>
    <property name="user.name" value="root"/>
    <property name="findbugs.skip" value="true"/>
    <property name="path.separator" value=":"/>
    <property name="os.version" value="3.10.0-862.2.3.el7.x86_64"/>
    <property name="java.endorsed.dirs" value="/usr/lib/jvm/java-8-openjdk-amd64/jre/lib/endorsed"/>
    <property name="java.runtime.name" value="OpenJDK Runtime Environment"/>
    <property name="file.encoding" value="UTF-8"/>
    <property name="java.vm.name" value="OpenJDK 64-Bit Server VM"/>
    <property name="localRepository" value="/root/./workspace/voyages-sncf-technologies/hesperides/385309165/.m2"/>
    <property name="java.vendor.url.bug" value="http://bugreport.sun.com/bugreport/"/>
    <property name="java.io.tmpdir" value="/tmp"/>
    <property name="java.version" value="1.8.0_121"/>
    <property name="user.dir" value="/root/workspace/voyages-sncf-technologies/hesperides/385309165/application"/>
    <property name="os.arch" value="amd64"/>
    <property name="license.skip" value="true"/>
    <property name="java.vm.specification.name" value="Java Virtual Machine Specification"/>
    <property name="java.awt.printerjob" value="sun.print.PSPrinterJob"/>
    <property name="sun.os.patch.level" value="unknown"/>
    <property name="java.library.path" value="/usr/java/packages/lib/amd64:/usr/lib/x86_64-linux-gnu/jni:/lib/x86_64-linux-gnu:/usr/lib/x86_64-linux-gnu:/usr/lib/jni:/lib:/usr/lib"/>
    <property name="java.vm.info" value="mixed mode"/>
    <property name="java.vendor" value="Oracle Corporation"/>
    <property name="java.vm.version" value="25.121-b13"/>
    <property name="java.ext.dirs" value="/usr/lib/jvm/java-8-openjdk-amd64/jre/lib/ext:/usr/java/packages/lib/ext"/>
    <property name="sun.io.unicode.encoding" value="UnicodeLittle"/>
    <property name="maven.repo.local" value="/root/./workspace/voyages-sncf-technologies/hesperides/385309165/.m2"/>
    <property name="enforcer.skip" value="true"/>
    <property name="java.class.version" value="52.0"/>
  </properties>
  <testcase name="createWorkingCopy_should_fail_when_working_copy_already_exists" classname="org.hesperides.application.modules.ModuleUseCasesTest" time="0.026"/>
  <testcase name="createWorkingCopy_should_pass_when_working_copy_do_not_exists" classname="org.hesperides.application.modules.ModuleUseCasesTest" time="0.001"/>
</testsuite>