<?xml version="1.0" encoding="UTF-8"?>
<!-- Generated by org.testng.reporters.JUnitReportReporter -->
<testsuite hostname="spirals-vortex.lille.inria.fr" name="org.molgenis.i18n.AllPropertiesMessageSourceTest" tests="6" failures="0" timestamp="30 May 2018 13:29:43 GMT" time="0.416" errors="0">
  <testcase name="testGetMessageNotSpecified" time="0.002" classname="org.molgenis.i18n.AllPropertiesMessageSourceTest"/>
  <testcase name="testGetMessageSpecifiedInBundle" time="0.000" classname="org.molgenis.i18n.AllPropertiesMessageSourceTest"/>
  <testcase name="testGetMessageSpecifiedInOtherBundle" time="0.000" classname="org.molgenis.i18n.AllPropertiesMessageSourceTest"/>
  <testcase name="testGetMessageUTF8" time="0.000" classname="org.molgenis.i18n.AllPropertiesMessageSourceTest"/>
  <testcase name="testGetMessageSpecifiedInBoth" time="0.000" classname="org.molgenis.i18n.AllPropertiesMessageSourceTest"/>
  <testcase name="testGetAllMessageIds" time="0.414" classname="org.molgenis.i18n.AllPropertiesMessageSourceTest"/>
</testsuite> <!-- org.molgenis.i18n.AllPropertiesMessageSourceTest -->
