<?xml version="1.0" encoding="UTF-8"?>
<!-- Generated by org.testng.reporters.JUnitReportReporter -->
<testsuite hostname="spirals-vortex.lille.inria.fr" name="org.molgenis.i18n.format.LabelFormatFactoryTest" tests="3" failures="0" timestamp="25 May 2018 14:30:30 GMT" time="0.034" errors="0">
  <testcase name="testFormatString" time="0.030" classname="org.molgenis.i18n.format.LabelFormatFactoryTest"/>
  <testcase name="testFormatNull" time="0.002" classname="org.molgenis.i18n.format.LabelFormatFactoryTest"/>
  <testcase name="testFormatLabeled" time="0.002" classname="org.molgenis.i18n.format.LabelFormatFactoryTest"/>
</testsuite> <!-- org.molgenis.i18n.format.LabelFormatFactoryTest -->
