<?xml version="1.0" encoding="UTF-8"?>
<!-- Generated by org.testng.reporters.JUnitReportReporter -->
<testsuite hostname="spirals-vortex.lille.inria.fr" name="org.molgenis.i18n.format.IdFormatFactoryTest" tests="3" failures="0" timestamp="1 Jun 2018 11:16:29 GMT" time="0.030" errors="0">
  <testcase name="testFormatNull" time="0.029" classname="org.molgenis.i18n.format.IdFormatFactoryTest"/>
  <testcase name="testFormatIdentifiable" time="0.000" classname="org.molgenis.i18n.format.IdFormatFactoryTest"/>
  <testcase name="testFormatString" time="0.001" classname="org.molgenis.i18n.format.IdFormatFactoryTest"/>
</testsuite> <!-- org.molgenis.i18n.format.IdFormatFactoryTest -->
