<?xml version="1.0" encoding="UTF-8"?>
<!-- Generated by org.testng.reporters.JUnitReportReporter -->
<testsuite hostname="spirals-vortex.lille.inria.fr" name="org.molgenis.i18n.format.IdFormatFactoryTest" tests="3" failures="0" timestamp="25 May 2018 14:30:30 GMT" time="0.625" errors="0">
  <testcase name="testFormatString" time="0.605" classname="org.molgenis.i18n.format.IdFormatFactoryTest"/>
  <testcase name="testFormatIdentifiable" time="0.017" classname="org.molgenis.i18n.format.IdFormatFactoryTest"/>
  <testcase name="testFormatNull" time="0.003" classname="org.molgenis.i18n.format.IdFormatFactoryTest"/>
</testsuite> <!-- org.molgenis.i18n.format.IdFormatFactoryTest -->
