<?xml version="1.0" encoding="UTF-8"?>
<!-- Generated by org.testng.reporters.JUnitReportReporter -->
<testsuite hostname="spirals-vortex.lille.inria.fr" name="org.molgenis.i18n.LocalizationMessageSourceTest" tests="8" failures="0" timestamp="28 May 2018 08:14:38 GMT" time="0.328" errors="0">
  <testcase name="testResolveCodeWithoutArgumentsMessageFoundForCode" time="0.195" classname="org.molgenis.i18n.LocalizationMessageSourceTest"/>
  <testcase name="testResolveCodeWithoutArgumentsMessageFoundForDefaultLanguage" time="0.001" classname="org.molgenis.i18n.LocalizationMessageSourceTest"/>
  <testcase name="testGetDefaultMessage" time="0.002" classname="org.molgenis.i18n.LocalizationMessageSourceTest"/>
  <testcase name="testResolveCode" time="0.062" classname="org.molgenis.i18n.LocalizationMessageSourceTest"/>
  <testcase name="testResolveCodeWithoutArgumentsMessageFoundForAppDefaultLanguage" time="0.002" classname="org.molgenis.i18n.LocalizationMessageSourceTest"/>
  <testcase name="testResolveCodeWithoutArgumentsMessageNotFound" time="0.001" classname="org.molgenis.i18n.LocalizationMessageSourceTest"/>
  <testcase name="testResolveCodeWithoutArgumentsSupplierFails" time="0.061" classname="org.molgenis.i18n.LocalizationMessageSourceTest"/>
  <testcase name="testResolveCodeFallbackIsIndependentOfArgumentFallback" time="0.004" classname="org.molgenis.i18n.LocalizationMessageSourceTest"/>
</testsuite> <!-- org.molgenis.i18n.LocalizationMessageSourceTest -->
