<?xml version="1.0" encoding="UTF-8"?>
<!-- Generated by org.testng.reporters.JUnitReportReporter -->
<testsuite hostname="spirals-vortex.lille.inria.fr" name="org.molgenis.i18n.LocalizationMessageSourceTest" tests="8" failures="0" timestamp="30 May 2018 15:20:03 GMT" time="0.145" errors="0">
  <testcase name="testResolveCodeWithoutArgumentsMessageNotFound" time="0.003" classname="org.molgenis.i18n.LocalizationMessageSourceTest"/>
  <testcase name="testResolveCode" time="0.021" classname="org.molgenis.i18n.LocalizationMessageSourceTest"/>
  <testcase name="testGetDefaultMessage" time="0.105" classname="org.molgenis.i18n.LocalizationMessageSourceTest"/>
  <testcase name="testResolveCodeWithoutArgumentsMessageFoundForAppDefaultLanguage" time="0.002" classname="org.molgenis.i18n.LocalizationMessageSourceTest"/>
  <testcase name="testResolveCodeWithoutArgumentsMessageFoundForDefaultLanguage" time="0.001" classname="org.molgenis.i18n.LocalizationMessageSourceTest"/>
  <testcase name="testResolveCodeFallbackIsIndependentOfArgumentFallback" time="0.003" classname="org.molgenis.i18n.LocalizationMessageSourceTest"/>
  <testcase name="testResolveCodeWithoutArgumentsMessageFoundForCode" time="0.004" classname="org.molgenis.i18n.LocalizationMessageSourceTest"/>
  <testcase name="testResolveCodeWithoutArgumentsSupplierFails" time="0.006" classname="org.molgenis.i18n.LocalizationMessageSourceTest"/>
</testsuite> <!-- org.molgenis.i18n.LocalizationMessageSourceTest -->
