<?xml version="1.0" encoding="UTF-8"?>
<!-- Generated by org.testng.reporters.JUnitReportReporter -->
<testsuite hostname="spirals-vortex.lille.inria.fr" name="org.molgenis.i18n.AllPropertiesMessageSourceTest" tests="6" failures="0" timestamp="1 Jun 2018 11:16:29 GMT" time="0.112" errors="0">
  <testcase name="testGetMessageSpecifiedInBundle" time="0.000" classname="org.molgenis.i18n.AllPropertiesMessageSourceTest"/>
  <testcase name="testGetMessageSpecifiedInBoth" time="0.017" classname="org.molgenis.i18n.AllPropertiesMessageSourceTest"/>
  <testcase name="testGetMessageNotSpecified" time="0.000" classname="org.molgenis.i18n.AllPropertiesMessageSourceTest"/>
  <testcase name="testGetMessageSpecifiedInOtherBundle" time="0.000" classname="org.molgenis.i18n.AllPropertiesMessageSourceTest"/>
  <testcase name="testGetAllMessageIds" time="0.094" classname="org.molgenis.i18n.AllPropertiesMessageSourceTest"/>
  <testcase name="testGetMessageUTF8" time="0.001" classname="org.molgenis.i18n.AllPropertiesMessageSourceTest"/>
</testsuite> <!-- org.molgenis.i18n.AllPropertiesMessageSourceTest -->
