<?xml version="1.0" encoding="UTF-8"?>
<!-- Generated by org.testng.reporters.JUnitReportReporter -->
<testsuite hostname="spirals-vortex.lille.inria.fr" name="org.molgenis.i18n.format.IdFormatFactoryTest" tests="3" failures="0" timestamp="25 May 2018 14:02:57 GMT" time="0.668" errors="0">
  <testcase name="testFormatIdentifiable" time="0.019" classname="org.molgenis.i18n.format.IdFormatFactoryTest"/>
  <testcase name="testFormatString" time="0.640" classname="org.molgenis.i18n.format.IdFormatFactoryTest"/>
  <testcase name="testFormatNull" time="0.009" classname="org.molgenis.i18n.format.IdFormatFactoryTest"/>
</testsuite> <!-- org.molgenis.i18n.format.IdFormatFactoryTest -->
