<?xml version="1.0" encoding="UTF-8"?>
<!-- Generated by org.testng.reporters.JUnitReportReporter -->
<testsuite hostname="spirals-vortex.lille.inria.fr" name="org.molgenis.i18n.format.IdFormatFactoryTest" tests="3" failures="0" timestamp="28 May 2018 08:14:38 GMT" time="0.036" errors="0">
  <testcase name="testFormatString" time="0.002" classname="org.molgenis.i18n.format.IdFormatFactoryTest"/>
  <testcase name="testFormatIdentifiable" time="0.034" classname="org.molgenis.i18n.format.IdFormatFactoryTest"/>
  <testcase name="testFormatNull" time="0.000" classname="org.molgenis.i18n.format.IdFormatFactoryTest"/>
</testsuite> <!-- org.molgenis.i18n.format.IdFormatFactoryTest -->
