<?xml version="1.0" encoding="UTF-8"?>
<!-- Generated by org.testng.reporters.JUnitReportReporter -->
<testsuite hostname="spirals-vortex.lille.inria.fr" name="org.molgenis.i18n.PropertiesMessageSourceTest" tests="1" failures="0" timestamp="25 May 2018 14:30:30 GMT" time="0.001" errors="0">
  <testcase name="testGetNamespace" time="0.001" classname="org.molgenis.i18n.PropertiesMessageSourceTest"/>
</testsuite> <!-- org.molgenis.i18n.PropertiesMessageSourceTest -->
