<?xml version="1.0" encoding="UTF-8"?>
<!-- Generated by org.testng.reporters.JUnitReportReporter -->
<testsuite hostname="spirals-vortex.lille.inria.fr" name="org.molgenis.data.annotation.core.entity.impl.ExacAnnotatorTest" tests="1" failures="0" timestamp="30 May 2018 13:33:05 GMT" time="0.013" errors="0">
  <testcase name="testAnnotate" time="0.013" classname="org.molgenis.data.annotation.core.entity.impl.ExacAnnotatorTest"/>
</testsuite> <!-- org.molgenis.data.annotation.core.entity.impl.ExacAnnotatorTest -->
