<?xml version="1.0" encoding="UTF-8"?>
<!-- Generated by org.testng.reporters.JUnitReportReporter -->
<testsuite hostname="spirals-vortex.lille.inria.fr" name="org.molgenis.data.annotation.web.AnnotationServiceImplTest" tests="3" failures="0" timestamp="30 May 2018 13:33:05 GMT" time="0.002" errors="0">
  <testcase name="getRepositoryByEntityName" time="0.002" classname="org.molgenis.data.annotation.web.AnnotationServiceImplTest"/>
  <testcase name="getAllAnnotators" time="0.000" classname="org.molgenis.data.annotation.web.AnnotationServiceImplTest"/>
  <testcase name="get" time="0.000" classname="org.molgenis.data.annotation.web.AnnotationServiceImplTest"/>
</testsuite> <!-- org.molgenis.data.annotation.web.AnnotationServiceImplTest -->
