<?xml version="1.0" encoding="UTF-8"?>
<!-- Generated by org.testng.reporters.JUnitReportReporter -->
<testsuite hostname="spirals-vortex.lille.inria.fr" name="org.molgenis.data.annotation.core.resources.impl.tabix.TabixVcfRepositoryTest" tests="3" failures="0" timestamp="1 Jun 2018 11:20:23 GMT" time="0.007" errors="0">
  <testcase name="testQuery" time="0.001" classname="org.molgenis.data.annotation.core.resources.impl.tabix.TabixVcfRepositoryTest"/>
  <testcase name="testIterator" time="0.002" classname="org.molgenis.data.annotation.core.resources.impl.tabix.TabixVcfRepositoryTest"/>
  <testcase name="testGetEntityType" time="0.004" classname="org.molgenis.data.annotation.core.resources.impl.tabix.TabixVcfRepositoryTest"/>
</testsuite> <!-- org.molgenis.data.annotation.core.resources.impl.tabix.TabixVcfRepositoryTest -->
