<?xml version="1.0" encoding="UTF-8"?>
<!-- Generated by org.testng.reporters.JUnitReportReporter -->
<testsuite hostname="spirals-vortex.lille.inria.fr" name="org.molgenis.data.annotation.core.entity.impl.DannAnnotatorTest" tests="6" failures="0" timestamp="30 May 2018 13:33:05 GMT" time="0.007" errors="0">
  <testcase name="testThreeOccurencesOneMatchEntity1" time="0.000" classname="org.molgenis.data.annotation.core.entity.impl.DannAnnotatorTest"/>
  <testcase name="testThreeOccurencesNoMatchEntity2" time="0.002" classname="org.molgenis.data.annotation.core.entity.impl.DannAnnotatorTest"/>
  <testcase name="canAnnotateFalseTest" time="0.001" classname="org.molgenis.data.annotation.core.entity.impl.DannAnnotatorTest"/>
  <testcase name="testThreeOccurencesOneMatchEntity4" time="0.002" classname="org.molgenis.data.annotation.core.entity.impl.DannAnnotatorTest"/>
  <testcase name="testNoOccurencesNoMatchEntity3" time="0.001" classname="org.molgenis.data.annotation.core.entity.impl.DannAnnotatorTest"/>
  <testcase name="canAnnotateTrueTest" time="0.001" classname="org.molgenis.data.annotation.core.entity.impl.DannAnnotatorTest"/>
</testsuite> <!-- org.molgenis.data.annotation.core.entity.impl.DannAnnotatorTest -->
