<?xml version="1.0" encoding="UTF-8"?>
<!-- Generated by org.testng.reporters.JUnitReportReporter -->
<testsuite hostname="spirals-vortex.lille.inria.fr" name="org.molgenis.data.annotation.core.entity.impl.omim.OmimAnnotatorTest" tests="2" failures="0" timestamp="1 Jun 2018 11:20:23 GMT" time="0.016" errors="0">
  <testcase name="testAvailability" time="0.002" classname="org.molgenis.data.annotation.core.entity.impl.omim.OmimAnnotatorTest"/>
  <testcase name="testOmimAnnotation" time="0.014" classname="org.molgenis.data.annotation.core.entity.impl.omim.OmimAnnotatorTest"/>
</testsuite> <!-- org.molgenis.data.annotation.core.entity.impl.omim.OmimAnnotatorTest -->
