<?xml version="1.0" encoding="UTF-8"?>
<!-- Generated by org.testng.reporters.JUnitReportReporter -->
<testsuite hostname="spirals-vortex.lille.inria.fr" name="org.molgenis.data.annotation.core.entity.impl.ThousandGenomesAnnotatorTest" tests="2" failures="0" timestamp="30 May 2018 13:33:05 GMT" time="0.044" errors="0">
  <testcase name="testAnnotateNegative" time="0.016" classname="org.molgenis.data.annotation.core.entity.impl.ThousandGenomesAnnotatorTest"/>
  <testcase name="testAnnotate" time="0.028" classname="org.molgenis.data.annotation.core.entity.impl.ThousandGenomesAnnotatorTest"/>
</testsuite> <!-- org.molgenis.data.annotation.core.entity.impl.ThousandGenomesAnnotatorTest -->
