<?xml version="1.0" encoding="UTF-8"?>
<!-- Generated by org.testng.reporters.JUnitReportReporter -->
<testsuite hostname="spirals-vortex.lille.inria.fr" name="org.molgenis.data.annotation.core.resources.impl.tabix.TabixVcfRepositoryTest" tests="3" failures="0" timestamp="30 May 2018 12:47:39 GMT" time="0.009" errors="0">
  <testcase name="testQuery" time="0.003" classname="org.molgenis.data.annotation.core.resources.impl.tabix.TabixVcfRepositoryTest"/>
  <testcase name="testIterator" time="0.002" classname="org.molgenis.data.annotation.core.resources.impl.tabix.TabixVcfRepositoryTest"/>
  <testcase name="testGetEntityType" time="0.004" classname="org.molgenis.data.annotation.core.resources.impl.tabix.TabixVcfRepositoryTest"/>
</testsuite> <!-- org.molgenis.data.annotation.core.resources.impl.tabix.TabixVcfRepositoryTest -->
