<?xml version="1.0" encoding="UTF-8"?>
<!-- Generated by org.testng.reporters.JUnitReportReporter -->
<testsuite hostname="spirals-vortex.lille.inria.fr" name="org.molgenis.data.annotation.core.utils.AnnotatorDependencyOrderResolverTest" tests="2" failures="0" timestamp="30 May 2018 13:33:05 GMT" time="0.041" errors="0">
  <testcase name="testFail" time="0.037" classname="org.molgenis.data.annotation.core.utils.AnnotatorDependencyOrderResolverTest"/>
  <testcase name="testSucces" time="0.004" classname="org.molgenis.data.annotation.core.utils.AnnotatorDependencyOrderResolverTest"/>
</testsuite> <!-- org.molgenis.data.annotation.core.utils.AnnotatorDependencyOrderResolverTest -->
