<?xml version="1.0" encoding="UTF-8"?>
<!-- Generated by org.testng.reporters.JUnitReportReporter -->
<testsuite hostname="spirals-vortex.lille.inria.fr" name="org.molgenis.data.annotation.core.resources.impl.MultiFileResourceTest" tests="6" failures="0" timestamp="30 May 2018 12:47:39 GMT" time="0.109" errors="0">
  <testcase name="whenConfigsChangeThenIsAvailableUpdates" time="0.015" classname="org.molgenis.data.annotation.core.resources.impl.MultiFileResourceTest"/>
  <testcase name="findAllDelegatesToTheCorrectResource" time="0.087" classname="org.molgenis.data.annotation.core.resources.impl.MultiFileResourceTest"/>
  <testcase name="findAllNoResourceForChrom" time="0.001" classname="org.molgenis.data.annotation.core.resources.impl.MultiFileResourceTest"/>
  <testcase name="whenOneFileIsNotAvailableThenIsAvailableReturnsFalse" time="0.002" classname="org.molgenis.data.annotation.core.resources.impl.MultiFileResourceTest"/>
  <testcase name="whenOneConfigChangesFilePatternThenIsAvailableUpdates" time="0.003" classname="org.molgenis.data.annotation.core.resources.impl.MultiFileResourceTest"/>
  <testcase name="whenAllFilesAvailableThenIsAvailableReturnsTrue" time="0.001" classname="org.molgenis.data.annotation.core.resources.impl.MultiFileResourceTest"/>
</testsuite> <!-- org.molgenis.data.annotation.core.resources.impl.MultiFileResourceTest -->
