<?xml version="1.0" encoding="UTF-8"?>
<!-- Generated by org.testng.reporters.JUnitReportReporter -->
<testsuite hostname="spirals-vortex.lille.inria.fr" name="org.molgenis.data.annotation.core.entity.impl.gavin.GavinAnnotatorTest" tests="6" failures="0" timestamp="1 Jun 2018 11:20:23 GMT" time="2.229" errors="0">
  <testcase name="testAnnotateNoCaddVOUS" time="0.003" classname="org.molgenis.data.annotation.core.entity.impl.gavin.GavinAnnotatorTest"/>
  <testcase name="testGeneWithNullFields" time="0.003" classname="org.molgenis.data.annotation.core.entity.impl.gavin.GavinAnnotatorTest"/>
  <testcase name="testAnnotateHighCaddPathogenic" time="2.215" classname="org.molgenis.data.annotation.core.entity.impl.gavin.GavinAnnotatorTest"/>
  <testcase name="testAnnotateHighMafBenign" time="0.003" classname="org.molgenis.data.annotation.core.entity.impl.gavin.GavinAnnotatorTest"/>
  <testcase name="testAnnotateLowVariantCaddBenign" time="0.003" classname="org.molgenis.data.annotation.core.entity.impl.gavin.GavinAnnotatorTest"/>
  <testcase name="testAnnotateLowCaddBenign" time="0.002" classname="org.molgenis.data.annotation.core.entity.impl.gavin.GavinAnnotatorTest"/>
</testsuite> <!-- org.molgenis.data.annotation.core.entity.impl.gavin.GavinAnnotatorTest -->
