<?xml version="1.0" encoding="UTF-8"?>
<!-- Generated by org.testng.reporters.JUnitReportReporter -->
<testsuite hostname="spirals-vortex.lille.inria.fr" name="org.molgenis.data.annotation.core.entity.impl.CGDAnnotatorTest" tests="2" failures="0" timestamp="30 May 2018 12:47:39 GMT" time="0.018" errors="0">
  <testcase name="annotateTestNoMatch" time="0.001" classname="org.molgenis.data.annotation.core.entity.impl.CGDAnnotatorTest"/>
  <testcase name="annotateTestMatch" time="0.017" classname="org.molgenis.data.annotation.core.entity.impl.CGDAnnotatorTest"/>
</testsuite> <!-- org.molgenis.data.annotation.core.entity.impl.CGDAnnotatorTest -->
