<?xml version="1.0" encoding="UTF-8"?>
<!-- Generated by org.testng.reporters.JUnitReportReporter -->
<testsuite hostname="spirals-vortex.lille.inria.fr" name="org.molgenis.data.annotation.core.entity.impl.snpeff.SnpEffRunnerTest" tests="6" failures="0" timestamp="1 Jun 2018 11:20:23 GMT" time="0.058" errors="0">
  <testcase name="getSnpEffectsSingleAlleleTest" time="0.022" classname="org.molgenis.data.annotation.core.entity.impl.snpeff.SnpEffRunnerTest"/>
  <testcase name="getInputVcfFileTest" time="0.015" classname="org.molgenis.data.annotation.core.entity.impl.snpeff.SnpEffRunnerTest"/>
  <testcase name="getSnpEffectsMultiGeneTest" time="0.003" classname="org.molgenis.data.annotation.core.entity.impl.snpeff.SnpEffRunnerTest"/>
  <testcase name="testGetOutputMetaData" time="0.000" classname="org.molgenis.data.annotation.core.entity.impl.snpeff.SnpEffRunnerTest"/>
  <testcase name="getSnpEffectsMultiAlleleTest" time="0.005" classname="org.molgenis.data.annotation.core.entity.impl.snpeff.SnpEffRunnerTest"/>
  <testcase name="annotateCountTest" time="0.013" classname="org.molgenis.data.annotation.core.entity.impl.snpeff.SnpEffRunnerTest"/>
</testsuite> <!-- org.molgenis.data.annotation.core.entity.impl.snpeff.SnpEffRunnerTest -->
