<?xml version="1.0" encoding="UTF-8"?>
<!-- Generated by org.testng.reporters.JUnitReportReporter -->
<testsuite hostname="spirals-vortex.lille.inria.fr" name="org.molgenis.data.annotation.core.entity.impl.omim.OmimAnnotatorTest" tests="2" failures="0" timestamp="30 May 2018 12:47:39 GMT" time="0.005" errors="0">
  <testcase name="testOmimAnnotation" time="0.004" classname="org.molgenis.data.annotation.core.entity.impl.omim.OmimAnnotatorTest"/>
  <testcase name="testAvailability" time="0.001" classname="org.molgenis.data.annotation.core.entity.impl.omim.OmimAnnotatorTest"/>
</testsuite> <!-- org.molgenis.data.annotation.core.entity.impl.omim.OmimAnnotatorTest -->
