<?xml version="1.0" encoding="UTF-8"?>
<!-- Generated by org.testng.reporters.JUnitReportReporter -->
<testsuite hostname="spirals-vortex.lille.inria.fr" name="org.molgenis.data.annotation.core.resources.impl.ResourcesTest" tests="8" failures="0" timestamp="30 May 2018 12:47:39 GMT" time="0.019" errors="0">
  <testcase name="ifResourceIsUnavailableThenQueryIsDelegated" time="0.003" classname="org.molgenis.data.annotation.core.resources.impl.ResourcesTest"/>
  <testcase name="ifResourceDoesNotExistThenQueryIsDelegated" time="0.001" classname="org.molgenis.data.annotation.core.resources.impl.ResourcesTest"/>
  <testcase name="ifResourceExistsAndIsAvailableButQueryFailsThenExceptionGetsThrown" time="0.011" classname="org.molgenis.data.annotation.core.resources.impl.ResourcesTest"/>
  <testcase name="ifResourceDoesNotExistThenHasResourceReturnsFalse" time="0.000" classname="org.molgenis.data.annotation.core.resources.impl.ResourcesTest"/>
  <testcase name="ifResourceExistsThenFindAllDelegatesWithoutCheckingAvailability" time="0.001" classname="org.molgenis.data.annotation.core.resources.impl.ResourcesTest"/>
  <testcase name="ifResourceExistsAndIsAvailableThenHasResourceReturnsTrue" time="0.001" classname="org.molgenis.data.annotation.core.resources.impl.ResourcesTest"/>
  <testcase name="ifResourceExistsInDataServiceThenHasResourceReturnsTrue" time="0.001" classname="org.molgenis.data.annotation.core.resources.impl.ResourcesTest"/>
  <testcase name="ifResourceExistsButIsUnavailableThenHasResourceReturnsTrue" time="0.001" classname="org.molgenis.data.annotation.core.resources.impl.ResourcesTest"/>
</testsuite> <!-- org.molgenis.data.annotation.core.resources.impl.ResourcesTest -->
