<?xml version="1.0" encoding="UTF-8"?>
<!-- Generated by org.testng.reporters.JUnitReportReporter -->
<testsuite hostname="spirals-vortex.lille.inria.fr" name="org.molgenis.annotation.test.cmd.conversion.EffectStructureConverterTest" tests="3" failures="0" timestamp="1 Jun 2018 11:20:23 GMT" time="0.107" errors="0">
  <testcase name="testGetDescription" time="0.004" classname="org.molgenis.annotation.test.cmd.conversion.EffectStructureConverterTest"/>
  <testcase name="testCreateVariantEffectStructure" time="0.097" classname="org.molgenis.annotation.test.cmd.conversion.EffectStructureConverterTest"/>
  <testcase name="testCreateVcfEntityStructure" time="0.006" classname="org.molgenis.annotation.test.cmd.conversion.EffectStructureConverterTest"/>
</testsuite> <!-- org.molgenis.annotation.test.cmd.conversion.EffectStructureConverterTest -->
