<?xml version="1.0" encoding="UTF-8"?>
<!-- Generated by org.testng.reporters.JUnitReportReporter -->
<testsuite hostname="spirals-vortex.lille.inria.fr" name="org.molgenis.data.annotation.core.entity.impl.hpo.HPORepositoryTest" tests="1" failures="0" timestamp="1 Jun 2018 11:20:23 GMT" time="0.008" errors="0">
  <testcase name="count" time="0.008" classname="org.molgenis.data.annotation.core.entity.impl.hpo.HPORepositoryTest"/>
</testsuite> <!-- org.molgenis.data.annotation.core.entity.impl.hpo.HPORepositoryTest -->
