<?xml version="1.0" encoding="UTF-8"?>
<!-- Generated by org.testng.reporters.JUnitReportReporter -->
<testsuite hostname="spirals-vortex.lille.inria.fr" name="org.molgenis.data.annotation.core.entity.impl.MultiAllelicResultFilterTest" tests="16" failures="0" timestamp="30 May 2018 13:33:05 GMT" time="0.025" errors="0">
  <testcase name="filterResultsTest1" time="0.003" classname="org.molgenis.data.annotation.core.entity.impl.MultiAllelicResultFilterTest"/>
  <testcase name="filterResultsTest9" time="0.001" classname="org.molgenis.data.annotation.core.entity.impl.MultiAllelicResultFilterTest"/>
  <testcase name="filterResultsMergeMultilineMismatchPos" time="0.001" classname="org.molgenis.data.annotation.core.entity.impl.MultiAllelicResultFilterTest"/>
  <testcase name="filterResultsTest3" time="0.001" classname="org.molgenis.data.annotation.core.entity.impl.MultiAllelicResultFilterTest"/>
  <testcase name="filterResultsSourceHasNoRef" time="0.001" classname="org.molgenis.data.annotation.core.entity.impl.MultiAllelicResultFilterTest"/>
  <testcase name="filterResultsMergeMultilineMismatchChrom" time="0.001" classname="org.molgenis.data.annotation.core.entity.impl.MultiAllelicResultFilterTest"/>
  <testcase name="filterResultsTest7" time="0.000" classname="org.molgenis.data.annotation.core.entity.impl.MultiAllelicResultFilterTest"/>
  <testcase name="filterResultsTest5" time="0.002" classname="org.molgenis.data.annotation.core.entity.impl.MultiAllelicResultFilterTest"/>
  <testcase name="filterResultsTest10" time="0.000" classname="org.molgenis.data.annotation.core.entity.impl.MultiAllelicResultFilterTest"/>
  <testcase name="filterResultsTest12" time="0.001" classname="org.molgenis.data.annotation.core.entity.impl.MultiAllelicResultFilterTest"/>
  <testcase name="testMultiLineMerge" time="0.001" classname="org.molgenis.data.annotation.core.entity.impl.MultiAllelicResultFilterTest"/>
  <testcase name="filterResultsTest11" time="0.004" classname="org.molgenis.data.annotation.core.entity.impl.MultiAllelicResultFilterTest"/>
  <testcase name="filterResultsTest4" time="0.003" classname="org.molgenis.data.annotation.core.entity.impl.MultiAllelicResultFilterTest"/>
  <testcase name="filterResultsTest6" time="0.002" classname="org.molgenis.data.annotation.core.entity.impl.MultiAllelicResultFilterTest"/>
  <testcase name="filterResultsTest8" time="0.002" classname="org.molgenis.data.annotation.core.entity.impl.MultiAllelicResultFilterTest"/>
  <testcase name="filterResultsTest2" time="0.002" classname="org.molgenis.data.annotation.core.entity.impl.MultiAllelicResultFilterTest"/>
</testsuite> <!-- org.molgenis.data.annotation.core.entity.impl.MultiAllelicResultFilterTest -->
