<?xml version="1.0" encoding="UTF-8"?>
<!-- Generated by org.testng.reporters.JUnitReportReporter -->
<testsuite hostname="spirals-vortex.lille.inria.fr" name="org.molgenis.data.annotation.core.entity.impl.CaddAnnotatorTest" tests="9" failures="0" timestamp="1 Jun 2018 11:20:23 GMT" time="0.150" errors="0">
  <testcase name="testFourOccurences" time="0.004" classname="org.molgenis.data.annotation.core.entity.impl.CaddAnnotatorTest"/>
  <testcase name="testThreeOccurencesOneMatch" time="0.002" classname="org.molgenis.data.annotation.core.entity.impl.CaddAnnotatorTest"/>
  <testcase name="testEightSingleAllelicIns" time="0.125" classname="org.molgenis.data.annotation.core.entity.impl.CaddAnnotatorTest"/>
  <testcase name="testSixMultiAllelicDel" time="0.004" classname="org.molgenis.data.annotation.core.entity.impl.CaddAnnotatorTest"/>
  <testcase name="testTwoOccurencesNoMatch" time="0.002" classname="org.molgenis.data.annotation.core.entity.impl.CaddAnnotatorTest"/>
  <testcase name="testSevenMultiAllelicIns" time="0.003" classname="org.molgenis.data.annotation.core.entity.impl.CaddAnnotatorTest"/>
  <testcase name="canAnnotateTrueTest" time="0.004" classname="org.molgenis.data.annotation.core.entity.impl.CaddAnnotatorTest"/>
  <testcase name="canAnnotateFalseTest" time="0.002" classname="org.molgenis.data.annotation.core.entity.impl.CaddAnnotatorTest"/>
  <testcase name="testFiveMultiAllelic" time="0.004" classname="org.molgenis.data.annotation.core.entity.impl.CaddAnnotatorTest"/>
</testsuite> <!-- org.molgenis.data.annotation.core.entity.impl.CaddAnnotatorTest -->
