<?xml version="1.0" encoding="UTF-8"?>
<!-- Generated by org.testng.reporters.JUnitReportReporter -->
<testsuite hostname="spirals-vortex.lille.inria.fr" name="org.molgenis.data.annotation.core.resources.impl.tabix.TabixRepositoryTest" tests="4" failures="0" timestamp="30 May 2018 13:33:05 GMT" time="0.006" errors="0">
  <testcase name="testUnknownChromosome" time="0.001" classname="org.molgenis.data.annotation.core.resources.impl.tabix.TabixRepositoryTest"/>
  <testcase name="testGetEntityType" time="0.001" classname="org.molgenis.data.annotation.core.resources.impl.tabix.TabixRepositoryTest"/>
  <testcase name="testIterator" time="0.003" classname="org.molgenis.data.annotation.core.resources.impl.tabix.TabixRepositoryTest"/>
  <testcase name="testQuery" time="0.001" classname="org.molgenis.data.annotation.core.resources.impl.tabix.TabixRepositoryTest"/>
</testsuite> <!-- org.molgenis.data.annotation.core.resources.impl.tabix.TabixRepositoryTest -->
