<?xml version="1.0" encoding="UTF-8"?>
<!-- Generated by org.testng.reporters.JUnitReportReporter -->
<testsuite hostname="spirals-vortex.lille.inria.fr" name="org.molgenis.data.annotation.core.entity.impl.GoNLAnnotatorTest" tests="15" failures="0" timestamp="30 May 2018 12:47:39 GMT" time="0.643" errors="0">
  <testcase name="testAnnotate9" time="0.011" classname="org.molgenis.data.annotation.core.entity.impl.GoNLAnnotatorTest"/>
  <testcase name="testAnnotate12" time="0.009" classname="org.molgenis.data.annotation.core.entity.impl.GoNLAnnotatorTest"/>
  <testcase name="testAnnotate1" time="0.064" classname="org.molgenis.data.annotation.core.entity.impl.GoNLAnnotatorTest"/>
  <testcase name="testAnnotate6" time="0.011" classname="org.molgenis.data.annotation.core.entity.impl.GoNLAnnotatorTest"/>
  <testcase name="testAnnotate2" time="0.009" classname="org.molgenis.data.annotation.core.entity.impl.GoNLAnnotatorTest"/>
  <testcase name="testAnnotate10" time="0.448" classname="org.molgenis.data.annotation.core.entity.impl.GoNLAnnotatorTest"/>
  <testcase name="testAnnotate13" time="0.012" classname="org.molgenis.data.annotation.core.entity.impl.GoNLAnnotatorTest"/>
  <testcase name="testAnnotate15" time="0.009" classname="org.molgenis.data.annotation.core.entity.impl.GoNLAnnotatorTest"/>
  <testcase name="testAnnotate4" time="0.008" classname="org.molgenis.data.annotation.core.entity.impl.GoNLAnnotatorTest"/>
  <testcase name="testAnnotate7" time="0.012" classname="org.molgenis.data.annotation.core.entity.impl.GoNLAnnotatorTest"/>
  <testcase name="testAnnotate3" time="0.008" classname="org.molgenis.data.annotation.core.entity.impl.GoNLAnnotatorTest"/>
  <testcase name="testAnnotate14" time="0.013" classname="org.molgenis.data.annotation.core.entity.impl.GoNLAnnotatorTest"/>
  <testcase name="testAnnotate11" time="0.014" classname="org.molgenis.data.annotation.core.entity.impl.GoNLAnnotatorTest"/>
  <testcase name="testAnnotate8" time="0.008" classname="org.molgenis.data.annotation.core.entity.impl.GoNLAnnotatorTest"/>
  <testcase name="testAnnotate5" time="0.007" classname="org.molgenis.data.annotation.core.entity.impl.GoNLAnnotatorTest"/>
</testsuite> <!-- org.molgenis.data.annotation.core.entity.impl.GoNLAnnotatorTest -->
