<?xml version="1.0" encoding="UTF-8"?>
<!-- Generated by org.testng.reporters.JUnitReportReporter -->
<testsuite hostname="spirals-vortex.lille.inria.fr" name="org.molgenis.data.annotation.core.resources.impl.ResourceImplTest" tests="2" failures="0" timestamp="30 May 2018 13:33:05 GMT" time="0.014" errors="0">
  <testcase name="testFindAllReturnsResultFile2" time="0.013" classname="org.molgenis.data.annotation.core.resources.impl.ResourceImplTest"/>
  <testcase name="testFindAllReturnsResult" time="0.001" classname="org.molgenis.data.annotation.core.resources.impl.ResourceImplTest"/>
</testsuite> <!-- org.molgenis.data.annotation.core.resources.impl.ResourceImplTest -->
