<?xml version="1.0" encoding="UTF-8"?>
<!-- Generated by org.testng.reporters.JUnitReportReporter -->
<testsuite hostname="spirals-vortex.lille.inria.fr" name="org.molgenis.data.annotation.core.entity.impl.snpeff.SnpEffRunnerTest" tests="6" failures="0" timestamp="30 May 2018 13:33:05 GMT" time="0.072" errors="0">
  <testcase name="getSnpEffectsMultiGeneTest" time="0.002" classname="org.molgenis.data.annotation.core.entity.impl.snpeff.SnpEffRunnerTest"/>
  <testcase name="annotateCountTest" time="0.029" classname="org.molgenis.data.annotation.core.entity.impl.snpeff.SnpEffRunnerTest"/>
  <testcase name="getSnpEffectsMultiAlleleTest" time="0.028" classname="org.molgenis.data.annotation.core.entity.impl.snpeff.SnpEffRunnerTest"/>
  <testcase name="testGetOutputMetaData" time="0.002" classname="org.molgenis.data.annotation.core.entity.impl.snpeff.SnpEffRunnerTest"/>
  <testcase name="getSnpEffectsSingleAlleleTest" time="0.008" classname="org.molgenis.data.annotation.core.entity.impl.snpeff.SnpEffRunnerTest"/>
  <testcase name="getInputVcfFileTest" time="0.003" classname="org.molgenis.data.annotation.core.entity.impl.snpeff.SnpEffRunnerTest"/>
</testsuite> <!-- org.molgenis.data.annotation.core.entity.impl.snpeff.SnpEffRunnerTest -->
