<?xml version="1.0" encoding="UTF-8"?>
<!-- Generated by org.testng.reporters.JUnitReportReporter -->
<testsuite hostname="spirals-vortex.lille.inria.fr" name="org.molgenis.data.annotation.core.entity.impl.omim.OmimRepositoryTest" tests="5" failures="0" timestamp="30 May 2018 12:47:39 GMT" time="0.007" errors="0">
  <testcase name="iterator" time="0.002" classname="org.molgenis.data.annotation.core.entity.impl.omim.OmimRepositoryTest"/>
  <testcase name="findAllWithQuery" time="0.002" classname="org.molgenis.data.annotation.core.entity.impl.omim.OmimRepositoryTest"/>
  <testcase name="findAllWithEmptyQuery" time="0.001" classname="org.molgenis.data.annotation.core.entity.impl.omim.OmimRepositoryTest"/>
  <testcase name="findAllWithBadQuery" time="0.000" classname="org.molgenis.data.annotation.core.entity.impl.omim.OmimRepositoryTest"/>
  <testcase name="count" time="0.002" classname="org.molgenis.data.annotation.core.entity.impl.omim.OmimRepositoryTest"/>
</testsuite> <!-- org.molgenis.data.annotation.core.entity.impl.omim.OmimRepositoryTest -->
