<?xml version="1.0" encoding="UTF-8"?>
<!-- Generated by org.testng.reporters.JUnitReportReporter -->
<testsuite hostname="spirals-vortex.lille.inria.fr" name="org.molgenis.data.annotation.core.entity.impl.ThousandGenomesAnnotatorTest" tests="2" failures="0" timestamp="30 May 2018 12:47:39 GMT" time="0.035" errors="0">
  <testcase name="testAnnotateNegative" time="0.009" classname="org.molgenis.data.annotation.core.entity.impl.ThousandGenomesAnnotatorTest"/>
  <testcase name="testAnnotate" time="0.026" classname="org.molgenis.data.annotation.core.entity.impl.ThousandGenomesAnnotatorTest"/>
</testsuite> <!-- org.molgenis.data.annotation.core.entity.impl.ThousandGenomesAnnotatorTest -->
