<?xml version="1.0" encoding="UTF-8"?>
<!-- Generated by org.testng.reporters.JUnitReportReporter -->
<testsuite hostname="spirals-vortex.lille.inria.fr" name="org.molgenis.data.annotation.core.entity.impl.snpeff.SnpEffRunnerTest" tests="6" failures="0" timestamp="30 May 2018 12:47:39 GMT" time="0.082" errors="0">
  <testcase name="getInputVcfFileTest" time="0.006" classname="org.molgenis.data.annotation.core.entity.impl.snpeff.SnpEffRunnerTest"/>
  <testcase name="getSnpEffectsSingleAlleleTest" time="0.027" classname="org.molgenis.data.annotation.core.entity.impl.snpeff.SnpEffRunnerTest"/>
  <testcase name="testGetOutputMetaData" time="0.001" classname="org.molgenis.data.annotation.core.entity.impl.snpeff.SnpEffRunnerTest"/>
  <testcase name="annotateCountTest" time="0.017" classname="org.molgenis.data.annotation.core.entity.impl.snpeff.SnpEffRunnerTest"/>
  <testcase name="getSnpEffectsMultiGeneTest" time="0.025" classname="org.molgenis.data.annotation.core.entity.impl.snpeff.SnpEffRunnerTest"/>
  <testcase name="getSnpEffectsMultiAlleleTest" time="0.006" classname="org.molgenis.data.annotation.core.entity.impl.snpeff.SnpEffRunnerTest"/>
</testsuite> <!-- org.molgenis.data.annotation.core.entity.impl.snpeff.SnpEffRunnerTest -->
