<?xml version="1.0" encoding="UTF-8"?>
<!-- Generated by org.testng.reporters.JUnitReportReporter -->
<testsuite hostname="spirals-vortex.lille.inria.fr" name="org.modelmapper.dagger.DaggerIntegrationTest" tests="1" failures="0" timestamp="26 May 2018 07:30:58 GMT" time="0.087" errors="0">
  <testcase name="testFromDagger" time="0.087" classname="org.modelmapper.dagger.DaggerIntegrationTest"/>
</testsuite> <!-- org.modelmapper.dagger.DaggerIntegrationTest -->
