<?xml version="1.0" encoding="UTF-8"?>
<!-- Generated by org.testng.reporters.JUnitReportReporter -->
<testsuite hostname="spirals-vortex.lille.inria.fr" name="org.molgenis.security.core.MolgenisPasswordEncoderTest" tests="4" failures="0" timestamp="30 May 2018 12:44:16 GMT" time="0.036" errors="0">
  <testcase name="matches" time="0.000" classname="org.molgenis.security.core.MolgenisPasswordEncoderTest"/>
  <testcase name="encode" time="0.034" classname="org.molgenis.security.core.MolgenisPasswordEncoderTest"/>
  <testcase name="MolgenisPasswordEncoder" time="0.001" classname="org.molgenis.security.core.MolgenisPasswordEncoderTest"/>
  <testcase name="matches_noMatch" time="0.001" classname="org.molgenis.security.core.MolgenisPasswordEncoderTest"/>
</testsuite> <!-- org.molgenis.security.core.MolgenisPasswordEncoderTest -->
