<?xml version="1.0" encoding="UTF-8"?>
<!-- Generated by org.testng.reporters.JUnitReportReporter -->
<testsuite hostname="spirals-vortex.lille.inria.fr" name="org.molgenis.security.core.utils.SecurityUtilsTest" tests="11" failures="0" timestamp="28 May 2018 08:14:54 GMT" time="0.121" errors="0">
  <testcase name="defaultPluginAuthorities" time="0.021" classname="org.molgenis.security.core.utils.SecurityUtilsTest"/>
  <testcase name="currentUserIsSu_false" time="0.078" classname="org.molgenis.security.core.utils.SecurityUtilsTest"/>
  <testcase name="currentUserIsSystemTrue" time="0.002" classname="org.molgenis.security.core.utils.SecurityUtilsTest"/>
  <testcase name="currentUserIsAuthenticated_false" time="0.010" classname="org.molgenis.security.core.utils.SecurityUtilsTest"/>
  <testcase name="currentUserIsSu_true" time="0.001" classname="org.molgenis.security.core.utils.SecurityUtilsTest"/>
  <testcase name="getEntityAuthorities" time="0.001" classname="org.molgenis.security.core.utils.SecurityUtilsTest"/>
  <testcase name="getCurrentUsername" time="0.003" classname="org.molgenis.security.core.utils.SecurityUtilsTest"/>
  <testcase name="currentUserIsAuthenticated_falseAnonymous" time="0.001" classname="org.molgenis.security.core.utils.SecurityUtilsTest"/>
  <testcase name="currentUserIsSystemFalse" time="0.001" classname="org.molgenis.security.core.utils.SecurityUtilsTest"/>
  <testcase name="isUserInRole" time="0.002" classname="org.molgenis.security.core.utils.SecurityUtilsTest"/>
  <testcase name="currentUserIsAuthenticated_true" time="0.001" classname="org.molgenis.security.core.utils.SecurityUtilsTest"/>
</testsuite> <!-- org.molgenis.security.core.utils.SecurityUtilsTest -->
