<?xml version="1.0" encoding="UTF-8"?>
<!-- Generated by org.testng.reporters.JUnitReportReporter -->
<testsuite hostname="spirals-vortex.lille.inria.fr" name="org.molgenis.security.core.GroupValueFactoryTest" tests="1" failures="0" timestamp="30 May 2018 12:44:16 GMT" time="0.025" errors="0">
  <testcase name="testCreateGroup" time="0.025" classname="org.molgenis.security.core.GroupValueFactoryTest"/>
</testsuite> <!-- org.molgenis.security.core.GroupValueFactoryTest -->
