<?xml version="1.0" encoding="UTF-8"?>
<!-- Generated by org.testng.reporters.JUnitReportReporter -->
<testsuite hostname="spirals-vortex.lille.inria.fr" name="org.molgenis.security.core.PermissionServiceImplTest" tests="2" failures="0" timestamp="30 May 2018 13:29:46 GMT" time="0.299" errors="0">
  <testcase name="testGrantPermissionSetForSingleObject" time="0.218" classname="org.molgenis.security.core.PermissionServiceImplTest"/>
  <testcase name="testGrantPermissionSetsForMultipleObjects" time="0.081" classname="org.molgenis.security.core.PermissionServiceImplTest"/>
</testsuite> <!-- org.molgenis.security.core.PermissionServiceImplTest -->
