<?xml version="1.0" encoding="UTF-8"?>
<!-- Generated by org.testng.reporters.JUnitReportReporter -->
<testsuite hostname="spirals-vortex.lille.inria.fr" name="org.molgenis.security.core.runas.SystemSecurityTokenTest" tests="3" failures="0" timestamp="25 May 2018 14:03:13 GMT" time="0.004" errors="0">
  <testcase name="getPrincipal" time="0.000" classname="org.molgenis.security.core.runas.SystemSecurityTokenTest"/>
  <testcase name="getCredentials" time="0.000" classname="org.molgenis.security.core.runas.SystemSecurityTokenTest"/>
  <testcase name="SystemSecurityToken" time="0.004" classname="org.molgenis.security.core.runas.SystemSecurityTokenTest"/>
</testsuite> <!-- org.molgenis.security.core.runas.SystemSecurityTokenTest -->
