<?xml version="1.0" encoding="UTF-8"?>
<beans xmlns="http://www.springframework.org/schema/beans"
       xmlns:xsi="http://www.w3.org/2001/XMLSchema-instance"
       xmlns:context="http://www.springframework.org/schema/context"
       xmlns:mvc="http://www.springframework.org/schema/mvc" xmlns:util="http://www.springframework.org/schema/util"
       xsi:schemaLocation="http://www.springframework.org/schema/beans http://www.springframework.org/schema/beans/spring-beans-3.0.xsd
               http://www.springframework.org/schema/mvc http://www.springframework.org/schema/mvc/spring-mvc-3.1.xsd
               http://www.springframework.org/schema/context http://www.springframework.org/schema/context/spring-context-3.0.xsd
               http://www.springframework.org/schema/util http://www.springframework.org/schema/util/spring-util.xsd
               http://www.springframework.org/schema/util http://www.springframework.org/schema/util/spring-util-3.0.xsd">

    <import resource="test-openlmis-persistence-postgres.xml"/>

    <context:annotation-config />
    <mvc:annotation-driven/>

    <util:properties id="opensrp" location="classpath:/opensrp.properties"/>

    <context:component-scan base-package="org.opensrp.stock.openlmis.domain" />
    <context:component-scan base-package="org.opensrp.stock.openlmis.repository" />
    <context:component-scan base-package="org.opensrp.stock.openlmis.service" />
    <context:component-scan base-package="org.opensrp.stock.openlmis.rest" />
</beans>