<?xml version="1.0" encoding="UTF-8"?>
<!-- Generated by org.testng.reporters.JUnitReportReporter -->
<testsuite hostname="spirals-vortex.lille.inria.fr" name="org.molgenis.data.excel.ExcelRepositorySourceTest" tests="3" failures="0" timestamp="1 Jun 2018 10:52:07 GMT" time="0.409" errors="0">
  <testcase name="getNumberOfSheets" time="0.019" classname="org.molgenis.data.excel.ExcelRepositorySourceTest"/>
  <testcase name="getRepository" time="0.377" classname="org.molgenis.data.excel.ExcelRepositorySourceTest"/>
  <testcase name="getRepositories" time="0.013" classname="org.molgenis.data.excel.ExcelRepositorySourceTest"/>
</testsuite> <!-- org.molgenis.data.excel.ExcelRepositorySourceTest -->
