<?xml version="1.0" encoding="UTF-8"?>
<!-- Generated by org.testng.reporters.JUnitReportReporter -->
<testsuite hostname="spirals-vortex.lille.inria.fr" name="org.molgenis.data.excel.ExcelRepositorySourceTest" tests="3" failures="0" timestamp="1 Jun 2018 11:18:11 GMT" time="0.129" errors="0">
  <testcase name="getRepositories" time="0.010" classname="org.molgenis.data.excel.ExcelRepositorySourceTest"/>
  <testcase name="getRepository" time="0.014" classname="org.molgenis.data.excel.ExcelRepositorySourceTest"/>
  <testcase name="getNumberOfSheets" time="0.105" classname="org.molgenis.data.excel.ExcelRepositorySourceTest"/>
</testsuite> <!-- org.molgenis.data.excel.ExcelRepositorySourceTest -->
