<?xml version="1.0" encoding="UTF-8"?>
<!-- Generated by org.testng.reporters.JUnitReportReporter -->
<testsuite hostname="spirals-vortex.lille.inria.fr" name="org.molgenis.data.excel.ExcelRepositorySourceTest" tests="3" failures="0" timestamp="30 May 2018 13:31:27 GMT" time="0.404" errors="0">
  <testcase name="getRepositories" time="0.353" classname="org.molgenis.data.excel.ExcelRepositorySourceTest"/>
  <testcase name="getRepository" time="0.038" classname="org.molgenis.data.excel.ExcelRepositorySourceTest"/>
  <testcase name="getNumberOfSheets" time="0.013" classname="org.molgenis.data.excel.ExcelRepositorySourceTest"/>
</testsuite> <!-- org.molgenis.data.excel.ExcelRepositorySourceTest -->
