<?xml version="1.0" encoding="UTF-8"?>
<!-- Generated by org.testng.reporters.JUnitReportReporter -->
<testsuite hostname="spirals-vortex.lille.inria.fr" name="org.molgenis.data.excel.ExcelEntityTest" tests="9" failures="0" timestamp="30 May 2018 12:45:56 GMT" time="0.079" errors="0">
  <testcase name="getNumericDateType" time="0.046" classname="org.molgenis.data.excel.ExcelEntityTest"/>
  <testcase name="getBlankType" time="0.002" classname="org.molgenis.data.excel.ExcelEntityTest"/>
  <testcase name="getIntegerType" time="0.001" classname="org.molgenis.data.excel.ExcelEntityTest"/>
  <testcase name="set" time="0.000" classname="org.molgenis.data.excel.ExcelEntityTest"/>
  <testcase name="getBooleanType" time="0.000" classname="org.molgenis.data.excel.ExcelEntityTest"/>
  <testcase name="getErrorType" time="0.000" classname="org.molgenis.data.excel.ExcelEntityTest"/>
  <testcase name="setEntity" time="0.028" classname="org.molgenis.data.excel.ExcelEntityTest"/>
  <testcase name="getDoubleType" time="0.001" classname="org.molgenis.data.excel.ExcelEntityTest"/>
  <testcase name="getStringType" time="0.001" classname="org.molgenis.data.excel.ExcelEntityTest"/>
</testsuite> <!-- org.molgenis.data.excel.ExcelEntityTest -->
