<?xml version="1.0" encoding="UTF-8"?>
<!-- Generated by org.testng.reporters.JUnitReportReporter -->
<testsuite hostname="spirals-vortex.lille.inria.fr" name="org.molgenis.data.excel.ExcelRepositorySourceTest" tests="3" failures="0" timestamp="30 May 2018 12:45:56 GMT" time="0.011" errors="0">
  <testcase name="getNumberOfSheets" time="0.004" classname="org.molgenis.data.excel.ExcelRepositorySourceTest"/>
  <testcase name="getRepositories" time="0.003" classname="org.molgenis.data.excel.ExcelRepositorySourceTest"/>
  <testcase name="getRepository" time="0.004" classname="org.molgenis.data.excel.ExcelRepositorySourceTest"/>
</testsuite> <!-- org.molgenis.data.excel.ExcelRepositorySourceTest -->
