<?xml version="1.0" encoding="UTF-8"?>
<!-- Generated by org.testng.reporters.JUnitReportReporter -->
<testsuite hostname="spirals-vortex.lille.inria.fr" name="org.molgenis.data.excel.ExcelSheetWriterTest" tests="2" failures="0" timestamp="1 Jun 2018 11:18:11 GMT" time="0.012" errors="0">
  <testcase name="addCellProcessor" time="0.006" classname="org.molgenis.data.excel.ExcelSheetWriterTest"/>
  <testcase name="write" time="0.006" classname="org.molgenis.data.excel.ExcelSheetWriterTest"/>
</testsuite> <!-- org.molgenis.data.excel.ExcelSheetWriterTest -->
