<?xml version="1.0" encoding="UTF-8"?>
<!-- Generated by org.testng.reporters.JUnitReportReporter -->
<testsuite hostname="spirals-vortex.lille.inria.fr" name="org.molgenis.data.excel.ExcelSheetWriterTest" tests="2" failures="0" timestamp="1 Jun 2018 10:52:07 GMT" time="0.013" errors="0">
  <testcase name="write" time="0.008" classname="org.molgenis.data.excel.ExcelSheetWriterTest"/>
  <testcase name="addCellProcessor" time="0.005" classname="org.molgenis.data.excel.ExcelSheetWriterTest"/>
</testsuite> <!-- org.molgenis.data.excel.ExcelSheetWriterTest -->
