<?xml version="1.0" encoding="UTF-8"?>
<testsuite xmlns:xsi="http://www.w3.org/2001/XMLSchema-instance" xsi:noNamespaceSchemaLocation="https://maven.apache.org/surefire/maven-surefire-plugin/xsd/surefire-test-report.xsd" name="org.apache.calcite.linq4j.test.DeterministicTest" time="0.065" tests="16" errors="0" skipped="0" failures="0">
  <properties>
    <property name="awt.toolkit" value="sun.awt.X11.XToolkit"/>
    <property name="file.encoding.pkg" value="sun.io"/>
    <property name="java.specification.version" value="1.8"/>
    <property name="sun.cpu.isalist" value=""/>
    <property name="sun.jnu.encoding" value="UTF-8"/>
    <property name="java.class.path" value="/root/workspace/apache/calcite/385450262/linq4j/target/test-classes:/root/workspace/apache/calcite/385450262/linq4j/target/classes:/root/./workspace/apache/calcite/385450262/.m2/com/google/guava/guava/19.0/guava-19.0.jar:/root/./workspace/apache/calcite/385450262/.m2/org/hamcrest/hamcrest-core/1.3/hamcrest-core-1.3.jar:/root/./workspace/apache/calcite/385450262/.m2/junit/junit/4.12/junit-4.12.jar:"/>
    <property name="java.vm.vendor" value="Oracle Corporation"/>
    <property name="skip.bower" value="true"/>
    <property name="sun.arch.data.model" value="64"/>
    <property name="java.vendor.url" value="http://java.oracle.com/"/>
    <property name="user.timezone" value=""/>
    <property name="java.vm.specification.version" value="1.8"/>
    <property name="os.name" value="Linux"/>
    <property name="rat.skip" value="true"/>
    <property name="gpg.skip" value="true"/>
    <property name="sun.java.launcher" value="SUN_STANDARD"/>
    <property name="sun.boot.library.path" value="/usr/lib/jvm/java-8-openjdk-amd64/jre/lib/amd64"/>
    <property name="skip.gulp" value="true"/>
    <property name="sun.java.command" value="/root/workspace/apache/calcite/385450262/linq4j/target/surefire/surefirebooter5191982365188304978.jar /root/workspace/apache/calcite/385450262/linq4j/target/surefire 2018-05-30T02-12-30_256-jvmRun1 surefire7717818146279409147tmp surefire_06241252963339572368tmp"/>
    <property name="dependency-check.skip" value="true"/>
    <property name="surefire.test.class.path" value="/root/workspace/apache/calcite/385450262/linq4j/target/test-classes:/root/workspace/apache/calcite/385450262/linq4j/target/classes:/root/./workspace/apache/calcite/385450262/.m2/com/google/guava/guava/19.0/guava-19.0.jar:/root/./workspace/apache/calcite/385450262/.m2/org/hamcrest/hamcrest-core/1.3/hamcrest-core-1.3.jar:/root/./workspace/apache/calcite/385450262/.m2/junit/junit/4.12/junit-4.12.jar:"/>
    <property name="sun.cpu.endian" value="little"/>
    <property name="user.home" value="/root"/>
    <property name="user.language" value="en"/>
    <property name="java.specification.vendor" value="Oracle Corporation"/>
    <property name="java.home" value="/usr/lib/jvm/java-8-openjdk-amd64/jre"/>
    <property name="basedir" value="/root/workspace/apache/calcite/385450262/linq4j"/>
    <property name="file.separator" value="/"/>
    <property name="checkstyle.skip" value="true"/>
    <property name="line.separator" value="&#10;"/>
    <property name="skip.npm" value="true"/>
    <property name="java.vm.specification.vendor" value="Oracle Corporation"/>
    <property name="java.specification.name" value="Java Platform API Specification"/>
    <property name="java.awt.graphicsenv" value="sun.awt.X11GraphicsEnvironment"/>
    <property name="skipITs" value="true"/>
    <property name="surefire.real.class.path" value="/root/workspace/apache/calcite/385450262/linq4j/target/surefire/surefirebooter5191982365188304978.jar"/>
    <property name="cobertura.skip" value="true"/>
    <property name="sun.boot.class.path" value="/usr/lib/jvm/java-8-openjdk-amd64/jre/lib/resources.jar:/usr/lib/jvm/java-8-openjdk-amd64/jre/lib/rt.jar:/usr/lib/jvm/java-8-openjdk-amd64/jre/lib/sunrsasign.jar:/usr/lib/jvm/java-8-openjdk-amd64/jre/lib/jsse.jar:/usr/lib/jvm/java-8-openjdk-amd64/jre/lib/jce.jar:/usr/lib/jvm/java-8-openjdk-amd64/jre/lib/charsets.jar:/usr/lib/jvm/java-8-openjdk-amd64/jre/lib/jfr.jar:/usr/lib/jvm/java-8-openjdk-amd64/jre/classes"/>
    <property name="sun.management.compiler" value="HotSpot 64-Bit Tiered Compilers"/>
    <property name="java.runtime.version" value="1.8.0_121-8u121-b13-1~bpo8+1-b13"/>
    <property name="user.name" value="root"/>
    <property name="findbugs.skip" value="true"/>
    <property name="path.separator" value=":"/>
    <property name="os.version" value="3.10.0-862.2.3.el7.x86_64"/>
    <property name="java.endorsed.dirs" value="/usr/lib/jvm/java-8-openjdk-amd64/jre/lib/endorsed"/>
    <property name="java.runtime.name" value="OpenJDK Runtime Environment"/>
    <property name="file.encoding" value="UTF-8"/>
    <property name="java.vm.name" value="OpenJDK 64-Bit Server VM"/>
    <property name="localRepository" value="/root/./workspace/apache/calcite/385450262/.m2"/>
    <property name="java.vendor.url.bug" value="http://bugreport.sun.com/bugreport/"/>
    <property name="java.io.tmpdir" value="/tmp"/>
    <property name="java.version" value="1.8.0_121"/>
    <property name="user.dir" value="/root/workspace/apache/calcite/385450262/linq4j"/>
    <property name="os.arch" value="amd64"/>
    <property name="license.skip" value="true"/>
    <property name="java.vm.specification.name" value="Java Virtual Machine Specification"/>
    <property name="java.awt.printerjob" value="sun.print.PSPrinterJob"/>
    <property name="sun.os.patch.level" value="unknown"/>
    <property name="java.library.path" value="/usr/java/packages/lib/amd64:/usr/lib/x86_64-linux-gnu/jni:/lib/x86_64-linux-gnu:/usr/lib/x86_64-linux-gnu:/usr/lib/jni:/lib:/usr/lib"/>
    <property name="java.vm.info" value="mixed mode"/>
    <property name="java.vendor" value="Oracle Corporation"/>
    <property name="java.vm.version" value="25.121-b13"/>
    <property name="java.ext.dirs" value="/usr/lib/jvm/java-8-openjdk-amd64/jre/lib/ext:/usr/java/packages/lib/ext"/>
    <property name="sun.io.unicode.encoding" value="UnicodeLittle"/>
    <property name="maven.repo.local" value="/root/./workspace/apache/calcite/385450262/.m2"/>
    <property name="enforcer.skip" value="true"/>
    <property name="java.class.version" value="52.0"/>
  </properties>
  <testcase name="testInstanceofComplexTest" classname="org.apache.calcite.linq4j.test.DeterministicTest" time="0.034"/>
  <testcase name="testNonDeterministicMethodCall" classname="org.apache.calcite.linq4j.test.DeterministicTest" time="0.032"/>
  <testcase name="testConstantIsConstant" classname="org.apache.calcite.linq4j.test.DeterministicTest" time="0.001"/>
  <testcase name="testDeterministicClassDefaultMethod" classname="org.apache.calcite.linq4j.test.DeterministicTest" time="0.003"/>
  <testcase name="testNewBigInteger" classname="org.apache.calcite.linq4j.test.DeterministicTest" time="0.003"/>
  <testcase name="testBigIntegerValueOf" classname="org.apache.calcite.linq4j.test.DeterministicTest" time="0.007"/>
  <testcase name="testFactorOutBinaryAddSurvivesMultipleOptimizations" classname="org.apache.calcite.linq4j.test.DeterministicTest" time="0.005"/>
  <testcase name="testDeterministicMethodCall" classname="org.apache.calcite.linq4j.test.DeterministicTest" time="0.001"/>
  <testcase name="testFactorOutBinaryAdd" classname="org.apache.calcite.linq4j.test.DeterministicTest" time="0.001"/>
  <testcase name="testStaticField" classname="org.apache.calcite.linq4j.test.DeterministicTest" time="0"/>
  <testcase name="testFactorOutBinaryAddNameCollision" classname="org.apache.calcite.linq4j.test.DeterministicTest" time="0.001"/>
  <testcase name="testFactorOutNestedClasses" classname="org.apache.calcite.linq4j.test.DeterministicTest" time="0.005"/>
  <testcase name="testDeterministicClassNonDeterministicMethod" classname="org.apache.calcite.linq4j.test.DeterministicTest" time="0.002"/>
  <testcase name="testFactorOutBinaryAddMul" classname="org.apache.calcite.linq4j.test.DeterministicTest" time="0"/>
  <testcase name="testIntegerValueOfZeroComplexTest" classname="org.apache.calcite.linq4j.test.DeterministicTest" time="0.001"/>
  <testcase name="testInstanceofTest" classname="org.apache.calcite.linq4j.test.DeterministicTest" time="0.001"/>
</testsuite>