<?xml version="1.0" encoding="UTF-8"?>
<testsuite xmlns:xsi="http://www.w3.org/2001/XMLSchema-instance" xsi:noNamespaceSchemaLocation="https://maven.apache.org/surefire/maven-surefire-plugin/xsd/surefire-test-report.xsd" name="org.apache.calcite.linq4j.test.Linq4jTest" time="0.075" tests="115" errors="0" skipped="0" failures="0">
  <properties>
    <property name="awt.toolkit" value="sun.awt.X11.XToolkit"/>
    <property name="file.encoding.pkg" value="sun.io"/>
    <property name="java.specification.version" value="1.8"/>
    <property name="sun.cpu.isalist" value=""/>
    <property name="sun.jnu.encoding" value="UTF-8"/>
    <property name="java.class.path" value="/root/workspace/apache/calcite/385430900/linq4j/target/test-classes:/root/workspace/apache/calcite/385430900/linq4j/target/classes:/root/./workspace/apache/calcite/385430900/.m2/com/google/guava/guava/19.0/guava-19.0.jar:/root/./workspace/apache/calcite/385430900/.m2/org/hamcrest/hamcrest-core/1.3/hamcrest-core-1.3.jar:/root/./workspace/apache/calcite/385430900/.m2/junit/junit/4.12/junit-4.12.jar:"/>
    <property name="java.vm.vendor" value="Oracle Corporation"/>
    <property name="skip.bower" value="true"/>
    <property name="sun.arch.data.model" value="64"/>
    <property name="java.vendor.url" value="http://java.oracle.com/"/>
    <property name="user.timezone" value=""/>
    <property name="java.vm.specification.version" value="1.8"/>
    <property name="os.name" value="Linux"/>
    <property name="rat.skip" value="true"/>
    <property name="gpg.skip" value="true"/>
    <property name="sun.java.launcher" value="SUN_STANDARD"/>
    <property name="sun.boot.library.path" value="/usr/lib/jvm/java-8-openjdk-amd64/jre/lib/amd64"/>
    <property name="skip.gulp" value="true"/>
    <property name="sun.java.command" value="/root/workspace/apache/calcite/385430900/linq4j/target/surefire/surefirebooter9165950473787140516.jar /root/workspace/apache/calcite/385430900/linq4j/target/surefire 2018-05-30T01-07-36_467-jvmRun1 surefire2154552786187894774tmp surefire_02233014244188913765tmp"/>
    <property name="dependency-check.skip" value="true"/>
    <property name="surefire.test.class.path" value="/root/workspace/apache/calcite/385430900/linq4j/target/test-classes:/root/workspace/apache/calcite/385430900/linq4j/target/classes:/root/./workspace/apache/calcite/385430900/.m2/com/google/guava/guava/19.0/guava-19.0.jar:/root/./workspace/apache/calcite/385430900/.m2/org/hamcrest/hamcrest-core/1.3/hamcrest-core-1.3.jar:/root/./workspace/apache/calcite/385430900/.m2/junit/junit/4.12/junit-4.12.jar:"/>
    <property name="sun.cpu.endian" value="little"/>
    <property name="user.home" value="/root"/>
    <property name="user.language" value="en"/>
    <property name="java.specification.vendor" value="Oracle Corporation"/>
    <property name="java.home" value="/usr/lib/jvm/java-8-openjdk-amd64/jre"/>
    <property name="basedir" value="/root/workspace/apache/calcite/385430900/linq4j"/>
    <property name="file.separator" value="/"/>
    <property name="checkstyle.skip" value="true"/>
    <property name="line.separator" value="&#10;"/>
    <property name="skip.npm" value="true"/>
    <property name="java.vm.specification.vendor" value="Oracle Corporation"/>
    <property name="java.specification.name" value="Java Platform API Specification"/>
    <property name="java.awt.graphicsenv" value="sun.awt.X11GraphicsEnvironment"/>
    <property name="skipITs" value="true"/>
    <property name="surefire.real.class.path" value="/root/workspace/apache/calcite/385430900/linq4j/target/surefire/surefirebooter9165950473787140516.jar"/>
    <property name="cobertura.skip" value="true"/>
    <property name="sun.boot.class.path" value="/usr/lib/jvm/java-8-openjdk-amd64/jre/lib/resources.jar:/usr/lib/jvm/java-8-openjdk-amd64/jre/lib/rt.jar:/usr/lib/jvm/java-8-openjdk-amd64/jre/lib/sunrsasign.jar:/usr/lib/jvm/java-8-openjdk-amd64/jre/lib/jsse.jar:/usr/lib/jvm/java-8-openjdk-amd64/jre/lib/jce.jar:/usr/lib/jvm/java-8-openjdk-amd64/jre/lib/charsets.jar:/usr/lib/jvm/java-8-openjdk-amd64/jre/lib/jfr.jar:/usr/lib/jvm/java-8-openjdk-amd64/jre/classes"/>
    <property name="sun.management.compiler" value="HotSpot 64-Bit Tiered Compilers"/>
    <property name="java.runtime.version" value="1.8.0_121-8u121-b13-1~bpo8+1-b13"/>
    <property name="user.name" value="root"/>
    <property name="findbugs.skip" value="true"/>
    <property name="path.separator" value=":"/>
    <property name="os.version" value="3.10.0-862.2.3.el7.x86_64"/>
    <property name="java.endorsed.dirs" value="/usr/lib/jvm/java-8-openjdk-amd64/jre/lib/endorsed"/>
    <property name="java.runtime.name" value="OpenJDK Runtime Environment"/>
    <property name="file.encoding" value="UTF-8"/>
    <property name="java.vm.name" value="OpenJDK 64-Bit Server VM"/>
    <property name="localRepository" value="/root/./workspace/apache/calcite/385430900/.m2"/>
    <property name="java.vendor.url.bug" value="http://bugreport.sun.com/bugreport/"/>
    <property name="java.io.tmpdir" value="/tmp"/>
    <property name="java.version" value="1.8.0_121"/>
    <property name="user.dir" value="/root/workspace/apache/calcite/385430900/linq4j"/>
    <property name="os.arch" value="amd64"/>
    <property name="license.skip" value="true"/>
    <property name="java.vm.specification.name" value="Java Virtual Machine Specification"/>
    <property name="java.awt.printerjob" value="sun.print.PSPrinterJob"/>
    <property name="sun.os.patch.level" value="unknown"/>
    <property name="java.library.path" value="/usr/java/packages/lib/amd64:/usr/lib/x86_64-linux-gnu/jni:/lib/x86_64-linux-gnu:/usr/lib/x86_64-linux-gnu:/usr/lib/jni:/lib:/usr/lib"/>
    <property name="java.vm.info" value="mixed mode"/>
    <property name="java.vendor" value="Oracle Corporation"/>
    <property name="java.vm.version" value="25.121-b13"/>
    <property name="java.ext.dirs" value="/usr/lib/jvm/java-8-openjdk-amd64/jre/lib/ext:/usr/java/packages/lib/ext"/>
    <property name="sun.io.unicode.encoding" value="UnicodeLittle"/>
    <property name="maven.repo.local" value="/root/./workspace/apache/calcite/385430900/.m2"/>
    <property name="enforcer.skip" value="true"/>
    <property name="java.class.version" value="52.0"/>
  </properties>
  <testcase name="testSingleOrDefault" classname="org.apache.calcite.linq4j.test.Linq4jTest" time="0.028"/>
  <testcase name="testMaxSelector2" classname="org.apache.calcite.linq4j.test.Linq4jTest" time="0.041"/>
  <testcase name="testTakeEnumerableGreaterThanLength" classname="org.apache.calcite.linq4j.test.Linq4jTest" time="0.03"/>
  <testcase name="testWhereIndexed" classname="org.apache.calcite.linq4j.test.Linq4jTest" time="0.034"/>
  <testcase name="testGroupByWithKeySelectorAndElementSelectorAndResultSelector" classname="org.apache.calcite.linq4j.test.Linq4jTest" time="0.039"/>
  <testcase name="testSingletonNullEnumerator" classname="org.apache.calcite.linq4j.test.Linq4jTest" time="0.018"/>
  <testcase name="testSingleOrDefaultPredicate1" classname="org.apache.calcite.linq4j.test.Linq4jTest" time="0.026"/>
  <testcase name="testLeftJoin" classname="org.apache.calcite.linq4j.test.Linq4jTest" time="0.02"/>
  <testcase name="testTakeWhileN" classname="org.apache.calcite.linq4j.test.Linq4jTest" time="0.022"/>
  <testcase name="testMaxSelector" classname="org.apache.calcite.linq4j.test.Linq4jTest" time="0.012"/>
  <testcase name="testGroupByWithKeySelectorAndResultSelector" classname="org.apache.calcite.linq4j.test.Linq4jTest" time="0.018"/>
  <testcase name="testDefaultIfEmpty2" classname="org.apache.calcite.linq4j.test.Linq4jTest" time="0.007"/>
  <testcase name="testFirstOrDefaultPredicate1" classname="org.apache.calcite.linq4j.test.Linq4jTest" time="0.004"/>
  <testcase name="testDefaultIfEmpty" classname="org.apache.calcite.linq4j.test.Linq4jTest" time="0.007"/>
  <testcase name="testExample" classname="org.apache.calcite.linq4j.test.Linq4jTest" time="0.014"/>
  <testcase name="testElementAtWithoutList" classname="org.apache.calcite.linq4j.test.Linq4jTest" time="0.004"/>
  <testcase name="testIterableCast" classname="org.apache.calcite.linq4j.test.Linq4jTest" time="0.004"/>
  <testcase name="testApproxConstant" classname="org.apache.calcite.linq4j.test.Linq4jTest" time="0.009"/>
  <testcase name="testOrderBy" classname="org.apache.calcite.linq4j.test.Linq4jTest" time="0.012"/>
  <testcase name="testTakeWhileEnumerableFunction" classname="org.apache.calcite.linq4j.test.Linq4jTest" time="0.005"/>
  <testcase name="testMinSelector2" classname="org.apache.calcite.linq4j.test.Linq4jTest" time="0.009"/>
  <testcase name="testTakeEnumerable" classname="org.apache.calcite.linq4j.test.Linq4jTest" time="0.005"/>
  <testcase name="testAny" classname="org.apache.calcite.linq4j.test.Linq4jTest" time="0.001"/>
  <testcase name="testMax" classname="org.apache.calcite.linq4j.test.Linq4jTest" time="0.006"/>
  <testcase name="testGroupByWithKeySelectorAndComparer" classname="org.apache.calcite.linq4j.test.Linq4jTest" time="0.012"/>
  <testcase name="testMin" classname="org.apache.calcite.linq4j.test.Linq4jTest" time="0.007"/>
  <testcase name="testTransformEnumerator" classname="org.apache.calcite.linq4j.test.Linq4jTest" time="0.003"/>
  <testcase name="testZip" classname="org.apache.calcite.linq4j.test.Linq4jTest" time="0.006"/>
  <testcase name="testSequenceEqualWithoutCollection" classname="org.apache.calcite.linq4j.test.Linq4jTest" time="0.003"/>
  <testcase name="testSingletonEnumerable" classname="org.apache.calcite.linq4j.test.Linq4jTest" time="0.001"/>
  <testcase name="testToLookup" classname="org.apache.calcite.linq4j.test.Linq4jTest" time="0"/>
  <testcase name="testCount" classname="org.apache.calcite.linq4j.test.Linq4jTest" time="0"/>
  <testcase name="testFirst" classname="org.apache.calcite.linq4j.test.Linq4jTest" time="0.004"/>
  <testcase name="testSinglePredicate1" classname="org.apache.calcite.linq4j.test.Linq4jTest" time="0.004"/>
  <testcase name="testList0" classname="org.apache.calcite.linq4j.test.Linq4jTest" time="0.001"/>
  <testcase name="testList2" classname="org.apache.calcite.linq4j.test.Linq4jTest" time="0.006"/>
  <testcase name="testGroupByWithKeySelectorAndResultSelectorAndComparer" classname="org.apache.calcite.linq4j.test.Linq4jTest" time="0.006"/>
  <testcase name="testUnion" classname="org.apache.calcite.linq4j.test.Linq4jTest" time="0.002"/>
  <testcase name="testWhere" classname="org.apache.calcite.linq4j.test.Linq4jTest" time="0.001"/>
  <testcase name="testCast" classname="org.apache.calcite.linq4j.test.Linq4jTest" time="0.004"/>
  <testcase name="testJoin" classname="org.apache.calcite.linq4j.test.Linq4jTest" time="0.004"/>
  <testcase name="testLast" classname="org.apache.calcite.linq4j.test.Linq4jTest" time="0.004"/>
  <testcase name="testSingletonEnumerator" classname="org.apache.calcite.linq4j.test.Linq4jTest" time="0"/>
  <testcase name="testList" classname="org.apache.calcite.linq4j.test.Linq4jTest" time="0.003"/>
  <testcase name="testToMap" classname="org.apache.calcite.linq4j.test.Linq4jTest" time="0.001"/>
  <testcase name="testTake" classname="org.apache.calcite.linq4j.test.Linq4jTest" time="0.004"/>
  <testcase name="testSelectManyWithResultSelector" classname="org.apache.calcite.linq4j.test.Linq4jTest" time="0.019"/>
  <testcase name="testLastWithPredicate" classname="org.apache.calcite.linq4j.test.Linq4jTest" time="0.002"/>
  <testcase name="testTakeWhileEnumerablePredicate" classname="org.apache.calcite.linq4j.test.Linq4jTest" time="0"/>
  <testcase name="testGroupJoin" classname="org.apache.calcite.linq4j.test.Linq4jTest" time="0.002"/>
  <testcase name="testCountPredicate" classname="org.apache.calcite.linq4j.test.Linq4jTest" time="0"/>
  <testcase name="testTakeQueryableZeroOrNegativeSize" classname="org.apache.calcite.linq4j.test.Linq4jTest" time="0"/>
  <testcase name="testGroupByWithKeySelectorAndElementSelectorAndResultSelectorAndComparer" classname="org.apache.calcite.linq4j.test.Linq4jTest" time="0.017"/>
  <testcase name="testSequenceEqualWithComparerWithoutCollection" classname="org.apache.calcite.linq4j.test.Linq4jTest" time="0.017"/>
  <testcase name="testCartesianProductEnumerator" classname="org.apache.calcite.linq4j.test.Linq4jTest" time="0.016"/>
  <testcase name="testTakeWhileQueryableFunctionExpressionPredicate" classname="org.apache.calcite.linq4j.test.Linq4jTest" time="0.017"/>
  <testcase name="testContainsWithEqualityComparer" classname="org.apache.calcite.linq4j.test.Linq4jTest" time="0.017"/>
  <testcase name="testOrderByDescending" classname="org.apache.calcite.linq4j.test.Linq4jTest" time="0.017"/>
  <testcase name="testElementAtOrDefaultWithoutList" classname="org.apache.calcite.linq4j.test.Linq4jTest" time="0"/>
  <testcase name="testRightJoin" classname="org.apache.calcite.linq4j.test.Linq4jTest" time="0.014"/>
  <testcase name="testElementAtOrDefault" classname="org.apache.calcite.linq4j.test.Linq4jTest" time="0.016"/>
  <testcase name="testGroupBy" classname="org.apache.calcite.linq4j.test.Linq4jTest" time="0.001"/>
  <testcase name="testOrderByInSeries" classname="org.apache.calcite.linq4j.test.Linq4jTest" time="0"/>
  <testcase name="testToLookupSelector" classname="org.apache.calcite.linq4j.test.Linq4jTest" time="0.002"/>
  <testcase name="testGroupByWithKeySelectorAndElementSelectorAndComparer" classname="org.apache.calcite.linq4j.test.Linq4jTest" time="0.001"/>
  <testcase name="testJoinCartesianProduct" classname="org.apache.calcite.linq4j.test.Linq4jTest" time="0"/>
  <testcase name="testLastWithoutList" classname="org.apache.calcite.linq4j.test.Linq4jTest" time="0"/>
  <testcase name="testContains" classname="org.apache.calcite.linq4j.test.Linq4jTest" time="0.013"/>
  <testcase name="testTakeEnumerableZeroOrNegativeSize" classname="org.apache.calcite.linq4j.test.Linq4jTest" time="0.013"/>
  <testcase name="testEmptyEnumerable" classname="org.apache.calcite.linq4j.test.Linq4jTest" time="0"/>
  <testcase name="testAsQueryable" classname="org.apache.calcite.linq4j.test.Linq4jTest" time="0.008"/>
  <testcase name="testTakeQueryable" classname="org.apache.calcite.linq4j.test.Linq4jTest" time="0"/>
  <testcase name="testAnyPredicate" classname="org.apache.calcite.linq4j.test.Linq4jTest" time="0.001"/>
  <testcase name="testElementAt" classname="org.apache.calcite.linq4j.test.Linq4jTest" time="0"/>
  <testcase name="testAggregate2" classname="org.apache.calcite.linq4j.test.Linq4jTest" time="0.002"/>
  <testcase name="testDistinctWithEqualityComparer" classname="org.apache.calcite.linq4j.test.Linq4jTest" time="0.001"/>
  <testcase name="testSelectorEqualityComparer" classname="org.apache.calcite.linq4j.test.Linq4jTest" time="0.001"/>
  <testcase name="testSelectManyWithIndexableSelectorAndResultSelector" classname="org.apache.calcite.linq4j.test.Linq4jTest" time="0.012"/>
  <testcase name="testReverse" classname="org.apache.calcite.linq4j.test.Linq4jTest" time="0"/>
  <testcase name="testLongCount" classname="org.apache.calcite.linq4j.test.Linq4jTest" time="0"/>
  <testcase name="testAverageSelector" classname="org.apache.calcite.linq4j.test.Linq4jTest" time="0"/>
  <testcase name="testAllPredicate" classname="org.apache.calcite.linq4j.test.Linq4jTest" time="0"/>
  <testcase name="testSelectManyWithIndexableSelector" classname="org.apache.calcite.linq4j.test.Linq4jTest" time="0.006"/>
  <testcase name="testAggregate" classname="org.apache.calcite.linq4j.test.Linq4jTest" time="0"/>
  <testcase name="testTakeQueryableGreaterThanLength" classname="org.apache.calcite.linq4j.test.Linq4jTest" time="0"/>
  <testcase name="testSequenceEqual" classname="org.apache.calcite.linq4j.test.Linq4jTest" time="0"/>
  <testcase name="testDistinct" classname="org.apache.calcite.linq4j.test.Linq4jTest" time="0"/>
  <testcase name="testToMapWithComparer" classname="org.apache.calcite.linq4j.test.Linq4jTest" time="0.007"/>
  <testcase name="testFirstPredicate1" classname="org.apache.calcite.linq4j.test.Linq4jTest" time="0.006"/>
  <testcase name="testSkip" classname="org.apache.calcite.linq4j.test.Linq4jTest" time="0.014"/>
  <testcase name="testIntersect" classname="org.apache.calcite.linq4j.test.Linq4jTest" time="0.009"/>
  <testcase name="testFirstOrDefault" classname="org.apache.calcite.linq4j.test.Linq4jTest" time="0.009"/>
  <testcase name="testGroupJoinWithComparer" classname="org.apache.calcite.linq4j.test.Linq4jTest" time="0.002"/>
  <testcase name="testConcat" classname="org.apache.calcite.linq4j.test.Linq4jTest" time="0.001"/>
  <testcase name="testExcept" classname="org.apache.calcite.linq4j.test.Linq4jTest" time="0"/>
  <testcase name="testGroupByWithKeySelectorAndElementSelector" classname="org.apache.calcite.linq4j.test.Linq4jTest" time="0.001"/>
  <testcase name="testIdentityEqualityComparer" classname="org.apache.calcite.linq4j.test.Linq4jTest" time="0.007"/>
  <testcase name="testOfType" classname="org.apache.calcite.linq4j.test.Linq4jTest" time="0.001"/>
  <testcase name="testSelect" classname="org.apache.calcite.linq4j.test.Linq4jTest" time="0"/>
  <testcase name="testToMap2" classname="org.apache.calcite.linq4j.test.Linq4jTest" time="0"/>
  <testcase name="testZipLengthNotMatch" classname="org.apache.calcite.linq4j.test.Linq4jTest" time="0.001"/>
  <testcase name="testToMap2WithComparer" classname="org.apache.calcite.linq4j.test.Linq4jTest" time="0.006"/>
  <testcase name="testSelectMany" classname="org.apache.calcite.linq4j.test.Linq4jTest" time="0.006"/>
  <testcase name="testMinSelector" classname="org.apache.calcite.linq4j.test.Linq4jTest" time="0"/>
  <testcase name="testLongCountPredicate" classname="org.apache.calcite.linq4j.test.Linq4jTest" time="0.006"/>
  <testcase name="testFullJoin" classname="org.apache.calcite.linq4j.test.Linq4jTest" time="0.006"/>
  <testcase name="testLastOrDefaultWithPredicate" classname="org.apache.calcite.linq4j.test.Linq4jTest" time="0.003"/>
  <testcase name="testLastOrDefault" classname="org.apache.calcite.linq4j.test.Linq4jTest" time="0"/>
  <testcase name="testSequenceEqualWithComparer" classname="org.apache.calcite.linq4j.test.Linq4jTest" time="0"/>
  <testcase name="testToLookupSelectorComparer" classname="org.apache.calcite.linq4j.test.Linq4jTest" time="0.001"/>
  <testcase name="testTakeWhileNNoMatch" classname="org.apache.calcite.linq4j.test.Linq4jTest" time="0"/>
  <testcase name="testOrderByComparator" classname="org.apache.calcite.linq4j.test.Linq4jTest" time="0"/>
  <testcase name="testSingle" classname="org.apache.calcite.linq4j.test.Linq4jTest" time="0.001"/>
  <testcase name="testIterableOfType" classname="org.apache.calcite.linq4j.test.Linq4jTest" time="0"/>
  <testcase name="testGroupByWithKeySelector" classname="org.apache.calcite.linq4j.test.Linq4jTest" time="0.001"/>
</testsuite>