<?xml version="1.0" encoding="UTF-8"?>
<!-- Generated by org.testng.reporters.JUnitReportReporter -->
<testsuite hostname="spirals-vortex.lille.inria.fr" name="org.molgenis.settings.mail.MailSettingsRepositoryDecoratorTest" tests="10" failures="0" timestamp="30 May 2018 13:30:03 GMT" time="0.049" errors="0">
  <testcase name="testAddDontTestConnection" time="0.001" classname="org.molgenis.settings.mail.MailSettingsRepositoryDecoratorTest"/>
  <testcase name="testAddDontTestConnection" time="0.034" classname="org.molgenis.settings.mail.MailSettingsRepositoryDecoratorTest"/>
  <testcase name="testUpdateDontTestConnection" time="0.001" classname="org.molgenis.settings.mail.MailSettingsRepositoryDecoratorTest"/>
  <testcase name="testUpdateDontTestConnection" time="0.001" classname="org.molgenis.settings.mail.MailSettingsRepositoryDecoratorTest"/>
  <testcase name="testAddValidSettings" time="0.001" classname="org.molgenis.settings.mail.MailSettingsRepositoryDecoratorTest"/>
  <testcase name="testUpdateDontTestConnection" time="0.002" classname="org.molgenis.settings.mail.MailSettingsRepositoryDecoratorTest"/>
  <testcase name="testAddInvalidSettings" time="0.005" classname="org.molgenis.settings.mail.MailSettingsRepositoryDecoratorTest"/>
  <testcase name="testUpdateValidSettings" time="0.001" classname="org.molgenis.settings.mail.MailSettingsRepositoryDecoratorTest"/>
  <testcase name="testUpdateInvalidSettings" time="0.002" classname="org.molgenis.settings.mail.MailSettingsRepositoryDecoratorTest"/>
  <testcase name="testAddDontTestConnection" time="0.001" classname="org.molgenis.settings.mail.MailSettingsRepositoryDecoratorTest"/>
</testsuite> <!-- org.molgenis.settings.mail.MailSettingsRepositoryDecoratorTest -->
