<?xml version="1.0" encoding="UTF-8"?>
<!-- Generated by org.testng.reporters.JUnitReportReporter -->
<testsuite hostname="spirals-vortex.lille.inria.fr" name="org.molgenis.settings.mail.MailSettingsRepositoryDecoratorTest" tests="10" failures="0" timestamp="1 Jun 2018 11:16:48 GMT" time="0.047" errors="0">
  <testcase name="testAddDontTestConnection" time="0.000" classname="org.molgenis.settings.mail.MailSettingsRepositoryDecoratorTest"/>
  <testcase name="testAddDontTestConnection" time="0.034" classname="org.molgenis.settings.mail.MailSettingsRepositoryDecoratorTest"/>
  <testcase name="testUpdateDontTestConnection" time="0.001" classname="org.molgenis.settings.mail.MailSettingsRepositoryDecoratorTest"/>
  <testcase name="testUpdateDontTestConnection" time="0.001" classname="org.molgenis.settings.mail.MailSettingsRepositoryDecoratorTest"/>
  <testcase name="testAddValidSettings" time="0.001" classname="org.molgenis.settings.mail.MailSettingsRepositoryDecoratorTest"/>
  <testcase name="testUpdateDontTestConnection" time="0.001" classname="org.molgenis.settings.mail.MailSettingsRepositoryDecoratorTest"/>
  <testcase name="testAddInvalidSettings" time="0.006" classname="org.molgenis.settings.mail.MailSettingsRepositoryDecoratorTest"/>
  <testcase name="testUpdateValidSettings" time="0.001" classname="org.molgenis.settings.mail.MailSettingsRepositoryDecoratorTest"/>
  <testcase name="testUpdateInvalidSettings" time="0.001" classname="org.molgenis.settings.mail.MailSettingsRepositoryDecoratorTest"/>
  <testcase name="testAddDontTestConnection" time="0.001" classname="org.molgenis.settings.mail.MailSettingsRepositoryDecoratorTest"/>
</testsuite> <!-- org.molgenis.settings.mail.MailSettingsRepositoryDecoratorTest -->
