<?xml version="1.0" encoding="UTF-8"?>
<!-- Generated by org.testng.reporters.JUnitReportReporter -->
<testsuite hostname="spirals-vortex.lille.inria.fr" name="org.molgenis.web.exception.SpringExceptionHandlerTest" tests="14" failures="0" timestamp="30 May 2018 12:45:30 GMT" time="0.413" errors="0">
  <testcase name="testHttpMediaTypeNotSupportedException" time="0.004" classname="org.molgenis.web.exception.SpringExceptionHandlerTest"/>
  <testcase name="testTypeMismatchException" time="0.002" classname="org.molgenis.web.exception.SpringExceptionHandlerTest"/>
  <testcase name="testHttpMediaTypeNotAcceptableException" time="0.359" classname="org.molgenis.web.exception.SpringExceptionHandlerTest"/>
  <testcase name="testServletRequestBindingException" time="0.004" classname="org.molgenis.web.exception.SpringExceptionHandlerTest"/>
  <testcase name="testMethodArgumentNotValidException" time="0.003" classname="org.molgenis.web.exception.SpringExceptionHandlerTest"/>
  <testcase name="testConversionNotSupportedException" time="0.004" classname="org.molgenis.web.exception.SpringExceptionHandlerTest"/>
  <testcase name="testNoHandlerFoundException" time="0.003" classname="org.molgenis.web.exception.SpringExceptionHandlerTest"/>
  <testcase name="testMissingServletRequestParameterExceptionn" time="0.002" classname="org.molgenis.web.exception.SpringExceptionHandlerTest"/>
  <testcase name="testHttpMessageNotReadableException" time="0.003" classname="org.molgenis.web.exception.SpringExceptionHandlerTest"/>
  <testcase name="AsyncRequestTimeoutException" time="0.006" classname="org.molgenis.web.exception.SpringExceptionHandlerTest"/>
  <testcase name="testBindException" time="0.013" classname="org.molgenis.web.exception.SpringExceptionHandlerTest"/>
  <testcase name="testMissingServletRequestPartException" time="0.002" classname="org.molgenis.web.exception.SpringExceptionHandlerTest"/>
  <testcase name="testMissingPathVariableException" time="0.004" classname="org.molgenis.web.exception.SpringExceptionHandlerTest"/>
  <testcase name="testHttpMessageNotWritableException" time="0.004" classname="org.molgenis.web.exception.SpringExceptionHandlerTest"/>
</testsuite> <!-- org.molgenis.web.exception.SpringExceptionHandlerTest -->
