<?xml version="1.0" encoding="UTF-8"?>
<!-- Generated by org.testng.reporters.JUnitReportReporter -->
<testsuite hostname="spirals-vortex.lille.inria.fr" name="org.molgenis.web.support.EntitySerializerTest" tests="1" failures="0" timestamp="1 Jun 2018 10:51:41 GMT" time="1.747" errors="0">
  <testcase name="testSerialize" time="1.747" classname="org.molgenis.web.support.EntitySerializerTest"/>
</testsuite> <!-- org.molgenis.web.support.EntitySerializerTest -->
