<?xml version="1.0" encoding="UTF-8"?>
<!-- Generated by org.testng.reporters.JUnitReportReporter -->
<testsuite hostname="spirals-vortex.lille.inria.fr" name="org.molgenis.web.PluginControllerTest" tests="3" failures="0" timestamp="30 May 2018 12:45:30 GMT" time="0.000" errors="0">
  <testcase name="MolgenisPlugin" time="0.000" classname="org.molgenis.web.PluginControllerTest"/>
  <testcase name="getUri" time="0.000" classname="org.molgenis.web.PluginControllerTest"/>
  <testcase name="getId" time="0.000" classname="org.molgenis.web.PluginControllerTest"/>
</testsuite> <!-- org.molgenis.web.PluginControllerTest -->
