<?xml version="1.0" encoding="UTF-8"?>
<!-- Generated by org.testng.reporters.JUnitReportReporter -->
<testsuite hostname="spirals-vortex.lille.inria.fr" name="org.molgenis.web.converter.MolgenisGsonHttpMessageConverterTest" tests="1" failures="0" timestamp="30 May 2018 13:30:59 GMT" time="0.111" errors="0">
  <testcase name="getSupportedMediaTypes" time="0.111" classname="org.molgenis.web.converter.MolgenisGsonHttpMessageConverterTest"/>
</testsuite> <!-- org.molgenis.web.converter.MolgenisGsonHttpMessageConverterTest -->
