<?xml version="1.0" encoding="UTF-8"?>
<!-- Generated by org.testng.reporters.JUnitReportReporter -->
<testsuite hostname="spirals-vortex.lille.inria.fr" name="org.molgenis.web.bootstrap.PluginPopulatorTest" tests="1" failures="0" timestamp="30 May 2018 12:45:30 GMT" time="0.183" errors="0">
  <testcase name="testPopulate" time="0.183" classname="org.molgenis.web.bootstrap.PluginPopulatorTest"/>
</testsuite> <!-- org.molgenis.web.bootstrap.PluginPopulatorTest -->
