<?xml version="1.0" encoding="UTF-8"?>
<!-- Generated by org.testng.reporters.JUnitReportReporter -->
<testsuite hostname="spirals-vortex.lille.inria.fr" name="org.molgenis.web.exception.ExceptionHandlerUtilsTest" tests="3" failures="0" timestamp="30 May 2018 13:30:59 GMT" time="0.117" errors="0">
  <testcase name="testHandleExceptionNonHtmlRequest" time="0.022" classname="org.molgenis.web.exception.ExceptionHandlerUtilsTest"/>
  <testcase name="testHandleExceptionHtmlRequestDev" time="0.022" classname="org.molgenis.web.exception.ExceptionHandlerUtilsTest"/>
  <testcase name="testHandleExceptionHtmlRequest" time="0.073" classname="org.molgenis.web.exception.ExceptionHandlerUtilsTest"/>
</testsuite> <!-- org.molgenis.web.exception.ExceptionHandlerUtilsTest -->
