<?xml version="1.0" encoding="UTF-8"?>
<!-- Generated by org.testng.reporters.JUnitReportReporter -->
<testsuite hostname="spirals-vortex.lille.inria.fr" name="org.molgenis.web.exception.ExceptionHandlerUtilsTest" tests="3" failures="0" timestamp="1 Jun 2018 10:51:41 GMT" time="0.127" errors="0">
  <testcase name="testHandleExceptionHtmlRequest" time="0.078" classname="org.molgenis.web.exception.ExceptionHandlerUtilsTest"/>
  <testcase name="testHandleExceptionHtmlRequestDev" time="0.023" classname="org.molgenis.web.exception.ExceptionHandlerUtilsTest"/>
  <testcase name="testHandleExceptionNonHtmlRequest" time="0.026" classname="org.molgenis.web.exception.ExceptionHandlerUtilsTest"/>
</testsuite> <!-- org.molgenis.web.exception.ExceptionHandlerUtilsTest -->
