<?xml version="1.0" encoding="UTF-8"?>
<!-- Generated by org.testng.reporters.JUnitReportReporter -->
<testsuite hostname="spirals-vortex.lille.inria.fr" name="org.molgenis.web.ErrorMessageResponseTest" tests="5" failures="0" timestamp="30 May 2018 13:30:59 GMT" time="0.000" errors="0">
  <testcase name="ErrorMessageResponse" time="0.000" classname="org.molgenis.web.ErrorMessageResponseTest"/>
  <testcase name="ErrorMessageResponseListErrorMessage" time="0.000" classname="org.molgenis.web.ErrorMessageResponseTest"/>
  <testcase name="ErrorMessageResponseErrorMessage" time="0.000" classname="org.molgenis.web.ErrorMessageResponseTest"/>
  <testcase name="addErrorMessage" time="0.000" classname="org.molgenis.web.ErrorMessageResponseTest"/>
  <testcase name="addErrorMessages" time="0.000" classname="org.molgenis.web.ErrorMessageResponseTest"/>
</testsuite> <!-- org.molgenis.web.ErrorMessageResponseTest -->
