<?xml version="1.0" encoding="UTF-8"?>
<!-- Generated by org.testng.reporters.JUnitReportReporter -->
<testsuite hostname="spirals-vortex.lille.inria.fr" name="org.molgenis.web.exception.ExceptionHandlerUtilsTest" tests="3" failures="0" timestamp="1 Jun 2018 11:17:45 GMT" time="0.195" errors="0">
  <testcase name="testHandleExceptionHtmlRequestDev" time="0.029" classname="org.molgenis.web.exception.ExceptionHandlerUtilsTest"/>
  <testcase name="testHandleExceptionHtmlRequest" time="0.142" classname="org.molgenis.web.exception.ExceptionHandlerUtilsTest"/>
  <testcase name="testHandleExceptionNonHtmlRequest" time="0.024" classname="org.molgenis.web.exception.ExceptionHandlerUtilsTest"/>
</testsuite> <!-- org.molgenis.web.exception.ExceptionHandlerUtilsTest -->
