<?xml version="1.0" encoding="UTF-8"?>
<!-- Generated by org.testng.reporters.JUnitReportReporter -->
<testsuite hostname="spirals-vortex.lille.inria.fr" name="org.molgenis.web.PluginInterceptorTest" tests="8" failures="0" timestamp="1 Jun 2018 10:51:41 GMT" time="0.300" errors="0">
  <testcase name="postHandle_authenticated" time="0.001" classname="org.molgenis.web.PluginInterceptorTest"/>
  <testcase name="postHandle" time="0.151" classname="org.molgenis.web.PluginInterceptorTest"/>
  <testcase name="MolgenisPluginInterceptor" time="0.003" classname="org.molgenis.web.PluginInterceptorTest"/>
  <testcase name="postHandlePluginidWithQueryString" time="0.078" classname="org.molgenis.web.PluginInterceptorTest"/>
  <testcase name="preHandle" time="0.066" classname="org.molgenis.web.PluginInterceptorTest"/>
  <testcase name="postHandle_notAuthenticated" time="0.001" classname="org.molgenis.web.PluginInterceptorTest"/>
  <testcase name="preHandle_hasContextUrl" time="0.000" classname="org.molgenis.web.PluginInterceptorTest"/>
  <testcase name="postHandle_pluginIdExists" time="0.000" classname="org.molgenis.web.PluginInterceptorTest"/>
</testsuite> <!-- org.molgenis.web.PluginInterceptorTest -->
