<?xml version="1.0" encoding="UTF-8"?>
<!-- Generated by org.testng.reporters.JUnitReportReporter -->
<testsuite hostname="spirals-vortex.lille.inria.fr" name="org.molgenis.web.bootstrap.PluginPopulatorTest" tests="1" failures="0" timestamp="1 Jun 2018 10:51:41 GMT" time="0.324" errors="0">
  <testcase name="testPopulate" time="0.324" classname="org.molgenis.web.bootstrap.PluginPopulatorTest"/>
</testsuite> <!-- org.molgenis.web.bootstrap.PluginPopulatorTest -->
