<?xml version="1.0" encoding="UTF-8"?>
<!-- Generated by org.testng.reporters.JUnitReportReporter -->
<testsuite hostname="spirals-vortex.lille.inria.fr" name="org.molgenis.web.support.EntitySerializerTest" tests="1" failures="0" timestamp="30 May 2018 12:45:30 GMT" time="0.067" errors="0">
  <testcase name="testSerialize" time="0.067" classname="org.molgenis.web.support.EntitySerializerTest"/>
</testsuite> <!-- org.molgenis.web.support.EntitySerializerTest -->
