<?xml version="1.0" encoding="UTF-8" ?>
<testsuite tests="4" failures="0" name="org.matsim.contrib.multimodal.MultiModalControlerListenerTest" time="2.807" errors="0" skipped="3">
  <properties>
    <property name="java.runtime.name" value="OpenJDK Runtime Environment"/>
    <property name="sun.boot.library.path" value="/usr/lib/jvm/java-8-openjdk-amd64/jre/lib/amd64"/>
    <property name="java.vm.version" value="25.121-b13"/>
    <property name="java.vm.vendor" value="Oracle Corporation"/>
    <property name="java.vendor.url" value="http://java.oracle.com/"/>
    <property name="path.separator" value=":"/>
    <property name="skip.gulp" value="true"/>
    <property name="java.vm.name" value="OpenJDK 64-Bit Server VM"/>
    <property name="file.encoding.pkg" value="sun.io"/>
    <property name="sun.java.launcher" value="SUN_STANDARD"/>
    <property name="sun.os.patch.level" value="unknown"/>
    <property name="findbugs.skip" value="true"/>
    <property name="java.vm.specification.name" value="Java Virtual Machine Specification"/>
    <property name="user.dir" value="/root/workspace/matsim-org/matsim/385585169/contribs/multimodal"/>
    <property name="checkstyle.skip" value="true"/>
    <property name="java.runtime.version" value="1.8.0_121-8u121-b13-1~bpo8+1-b13"/>
    <property name="java.awt.graphicsenv" value="sun.awt.X11GraphicsEnvironment"/>
    <property name="basedir" value="/root/workspace/matsim-org/matsim/385585169/contribs/multimodal"/>
    <property name="skip.npm" value="true"/>
    <property name="java.endorsed.dirs" value="/usr/lib/jvm/java-8-openjdk-amd64/jre/lib/endorsed"/>
    <property name="os.arch" value="amd64"/>
    <property name="surefire.real.class.path" value="/root/workspace/matsim-org/matsim/385585169/contribs/multimodal/target/surefire/surefirebooter7286971106012079155.jar"/>
    <property name="java.io.tmpdir" value="/tmp"/>
    <property name="gpg.skip" value="true"/>
    <property name="line.separator" value="
"/>
    <property name="java.vm.specification.vendor" value="Oracle Corporation"/>
    <property name="cobertura.skip" value="true"/>
    <property name="os.name" value="Linux"/>
    <property name="sun.jnu.encoding" value="UTF-8"/>
    <property name="java.library.path" value="/usr/java/packages/lib/amd64:/usr/lib/x86_64-linux-gnu/jni:/lib/x86_64-linux-gnu:/usr/lib/x86_64-linux-gnu:/usr/lib/jni:/lib:/usr/lib"/>
    <property name="license.skip" value="true"/>
    <property name="surefire.test.class.path" value="/root/workspace/matsim-org/matsim/385585169/contribs/multimodal/target/test-classes:/root/workspace/matsim-org/matsim/385585169/contribs/multimodal/target/classes:/root/workspace/matsim-org/matsim/385585169/examples/target/classes:/root/./workspace/matsim-org/matsim/385585169/.m2/junit/junit/4.12/junit-4.12.jar:/root/./workspace/matsim-org/matsim/385585169/.m2/org/hamcrest/hamcrest-core/1.3/hamcrest-core-1.3.jar:/root/./workspace/matsim-org/matsim/385585169/.m2/org/hamcrest/hamcrest-library/1.3/hamcrest-library-1.3.jar:/root/workspace/matsim-org/matsim/385585169/matsim/target/classes:/root/./workspace/matsim-org/matsim/385585169/.m2/log4j/log4j/1.2.15/log4j-1.2.15.jar:/root/./workspace/matsim-org/matsim/385585169/.m2/org/geotools/gt-main/14.0/gt-main-14.0.jar:/root/./workspace/matsim-org/matsim/385585169/.m2/org/geotools/gt-api/14.0/gt-api-14.0.jar:/root/./workspace/matsim-org/matsim/385585169/.m2/com/vividsolutions/jts/1.13/jts-1.13.jar:/root/./workspace/matsim-org/matsim/385585169/.m2/org/jdom/jdom/1.1.3/jdom-1.1.3.jar:/root/./workspace/matsim-org/matsim/385585169/.m2/javax/media/jai_core/1.1.3/jai_core-1.1.3.jar:/root/./workspace/matsim-org/matsim/385585169/.m2/org/geotools/gt-referencing/14.0/gt-referencing-14.0.jar:/root/./workspace/matsim-org/matsim/385585169/.m2/com/googlecode/efficient-java-matrix-library/core/0.26/core-0.26.jar:/root/./workspace/matsim-org/matsim/385585169/.m2/commons-pool/commons-pool/1.5.4/commons-pool-1.5.4.jar:/root/./workspace/matsim-org/matsim/385585169/.m2/org/geotools/gt-metadata/14.0/gt-metadata-14.0.jar:/root/./workspace/matsim-org/matsim/385585169/.m2/org/geotools/gt-opengis/14.0/gt-opengis-14.0.jar:/root/./workspace/matsim-org/matsim/385585169/.m2/net/java/dev/jsr-275/jsr-275/1.0-beta-2/jsr-275-1.0-beta-2.jar:/root/./workspace/matsim-org/matsim/385585169/.m2/jgridshift/jgridshift/1.0/jgridshift-1.0.jar:/root/./workspace/matsim-org/matsim/385585169/.m2/net/sf/geographiclib/GeographicLib-Java/1.44/GeographicLib-Java-1.44.jar:/root/./workspace/matsim-org/matsim/385585169/.m2/org/geotools/gt-shapefile/14.0/gt-shapefile-14.0.jar:/root/./workspace/matsim-org/matsim/385585169/.m2/org/geotools/gt-data/14.0/gt-data-14.0.jar:/root/./workspace/matsim-org/matsim/385585169/.m2/org/geotools/gt-epsg-hsql/14.0/gt-epsg-hsql-14.0.jar:/root/./workspace/matsim-org/matsim/385585169/.m2/org/hsqldb/hsqldb/2.3.0/hsqldb-2.3.0.jar:/root/./workspace/matsim-org/matsim/385585169/.m2/org/jfree/jfreechart/1.0.19/jfreechart-1.0.19.jar:/root/./workspace/matsim-org/matsim/385585169/.m2/org/jfree/jcommon/1.0.23/jcommon-1.0.23.jar:/root/./workspace/matsim-org/matsim/385585169/.m2/com/google/inject/guice/4.1.0/guice-4.1.0.jar:/root/./workspace/matsim-org/matsim/385585169/.m2/javax/inject/javax.inject/1/javax.inject-1.jar:/root/./workspace/matsim-org/matsim/385585169/.m2/aopalliance/aopalliance/1.0/aopalliance-1.0.jar:/root/./workspace/matsim-org/matsim/385585169/.m2/com/google/guava/guava/19.0/guava-19.0.jar:/root/./workspace/matsim-org/matsim/385585169/.m2/com/google/inject/extensions/guice-multibindings/4.1.0/guice-multibindings-4.1.0.jar:/root/./workspace/matsim-org/matsim/385585169/.m2/net/sf/trove4j/trove4j/3.0.3/trove4j-3.0.3.jar:/root/./workspace/matsim-org/matsim/385585169/.m2/org/jvnet/ogc/kml-v_2_2_0/2.2.0/kml-v_2_2_0-2.2.0.jar:/root/./workspace/matsim-org/matsim/385585169/.m2/org/hisrc/w3c/atom-v_1_0/1.1.0/atom-v_1_0-1.1.0.jar:/root/./workspace/matsim-org/matsim/385585169/.m2/org/jvnet/jaxb2_commons/jaxb2-basics-runtime/0.9.4/jaxb2-basics-runtime-0.9.4.jar:/root/workspace/matsim-org/matsim/385585169/matsim/target/test-classes:"/>
    <property name="java.specification.name" value="Java Platform API Specification"/>
    <property name="java.class.version" value="52.0"/>
    <property name="sun.management.compiler" value="HotSpot 64-Bit Tiered Compilers"/>
    <property name="skip.bower" value="true"/>
    <property name="maven.repo.local" value="/root/./workspace/matsim-org/matsim/385585169/.m2"/>
    <property name="os.version" value="3.10.0-862.2.3.el7.x86_64"/>
    <property name="user.home" value="/root"/>
    <property name="user.timezone" value="Europe/Paris"/>
    <property name="java.awt.printerjob" value="sun.print.PSPrinterJob"/>
    <property name="java.specification.version" value="1.8"/>
    <property name="file.encoding" value="UTF-8"/>
    <property name="user.name" value="root"/>
    <property name="java.class.path" value="/root/workspace/matsim-org/matsim/385585169/contribs/multimodal/target/test-classes:/root/workspace/matsim-org/matsim/385585169/contribs/multimodal/target/classes:/root/workspace/matsim-org/matsim/385585169/examples/target/classes:/root/./workspace/matsim-org/matsim/385585169/.m2/junit/junit/4.12/junit-4.12.jar:/root/./workspace/matsim-org/matsim/385585169/.m2/org/hamcrest/hamcrest-core/1.3/hamcrest-core-1.3.jar:/root/./workspace/matsim-org/matsim/385585169/.m2/org/hamcrest/hamcrest-library/1.3/hamcrest-library-1.3.jar:/root/workspace/matsim-org/matsim/385585169/matsim/target/classes:/root/./workspace/matsim-org/matsim/385585169/.m2/log4j/log4j/1.2.15/log4j-1.2.15.jar:/root/./workspace/matsim-org/matsim/385585169/.m2/org/geotools/gt-main/14.0/gt-main-14.0.jar:/root/./workspace/matsim-org/matsim/385585169/.m2/org/geotools/gt-api/14.0/gt-api-14.0.jar:/root/./workspace/matsim-org/matsim/385585169/.m2/com/vividsolutions/jts/1.13/jts-1.13.jar:/root/./workspace/matsim-org/matsim/385585169/.m2/org/jdom/jdom/1.1.3/jdom-1.1.3.jar:/root/./workspace/matsim-org/matsim/385585169/.m2/javax/media/jai_core/1.1.3/jai_core-1.1.3.jar:/root/./workspace/matsim-org/matsim/385585169/.m2/org/geotools/gt-referencing/14.0/gt-referencing-14.0.jar:/root/./workspace/matsim-org/matsim/385585169/.m2/com/googlecode/efficient-java-matrix-library/core/0.26/core-0.26.jar:/root/./workspace/matsim-org/matsim/385585169/.m2/commons-pool/commons-pool/1.5.4/commons-pool-1.5.4.jar:/root/./workspace/matsim-org/matsim/385585169/.m2/org/geotools/gt-metadata/14.0/gt-metadata-14.0.jar:/root/./workspace/matsim-org/matsim/385585169/.m2/org/geotools/gt-opengis/14.0/gt-opengis-14.0.jar:/root/./workspace/matsim-org/matsim/385585169/.m2/net/java/dev/jsr-275/jsr-275/1.0-beta-2/jsr-275-1.0-beta-2.jar:/root/./workspace/matsim-org/matsim/385585169/.m2/jgridshift/jgridshift/1.0/jgridshift-1.0.jar:/root/./workspace/matsim-org/matsim/385585169/.m2/net/sf/geographiclib/GeographicLib-Java/1.44/GeographicLib-Java-1.44.jar:/root/./workspace/matsim-org/matsim/385585169/.m2/org/geotools/gt-shapefile/14.0/gt-shapefile-14.0.jar:/root/./workspace/matsim-org/matsim/385585169/.m2/org/geotools/gt-data/14.0/gt-data-14.0.jar:/root/./workspace/matsim-org/matsim/385585169/.m2/org/geotools/gt-epsg-hsql/14.0/gt-epsg-hsql-14.0.jar:/root/./workspace/matsim-org/matsim/385585169/.m2/org/hsqldb/hsqldb/2.3.0/hsqldb-2.3.0.jar:/root/./workspace/matsim-org/matsim/385585169/.m2/org/jfree/jfreechart/1.0.19/jfreechart-1.0.19.jar:/root/./workspace/matsim-org/matsim/385585169/.m2/org/jfree/jcommon/1.0.23/jcommon-1.0.23.jar:/root/./workspace/matsim-org/matsim/385585169/.m2/com/google/inject/guice/4.1.0/guice-4.1.0.jar:/root/./workspace/matsim-org/matsim/385585169/.m2/javax/inject/javax.inject/1/javax.inject-1.jar:/root/./workspace/matsim-org/matsim/385585169/.m2/aopalliance/aopalliance/1.0/aopalliance-1.0.jar:/root/./workspace/matsim-org/matsim/385585169/.m2/com/google/guava/guava/19.0/guava-19.0.jar:/root/./workspace/matsim-org/matsim/385585169/.m2/com/google/inject/extensions/guice-multibindings/4.1.0/guice-multibindings-4.1.0.jar:/root/./workspace/matsim-org/matsim/385585169/.m2/net/sf/trove4j/trove4j/3.0.3/trove4j-3.0.3.jar:/root/./workspace/matsim-org/matsim/385585169/.m2/org/jvnet/ogc/kml-v_2_2_0/2.2.0/kml-v_2_2_0-2.2.0.jar:/root/./workspace/matsim-org/matsim/385585169/.m2/org/hisrc/w3c/atom-v_1_0/1.1.0/atom-v_1_0-1.1.0.jar:/root/./workspace/matsim-org/matsim/385585169/.m2/org/jvnet/jaxb2_commons/jaxb2-basics-runtime/0.9.4/jaxb2-basics-runtime-0.9.4.jar:/root/workspace/matsim-org/matsim/385585169/matsim/target/test-classes:"/>
    <property name="skipITs" value="true"/>
    <property name="java.vm.specification.version" value="1.8"/>
    <property name="sun.arch.data.model" value="64"/>
    <property name="java.home" value="/usr/lib/jvm/java-8-openjdk-amd64/jre"/>
    <property name="sun.java.command" value="/root/workspace/matsim-org/matsim/385585169/contribs/multimodal/target/surefire/surefirebooter7286971106012079155.jar /root/workspace/matsim-org/matsim/385585169/contribs/multimodal/target/surefire/surefire2189070787198898104tmp /root/workspace/matsim-org/matsim/385585169/contribs/multimodal/target/surefire/surefire906923602247495658tmp"/>
    <property name="java.specification.vendor" value="Oracle Corporation"/>
    <property name="user.language" value="en"/>
    <property name="awt.toolkit" value="sun.awt.X11.XToolkit"/>
    <property name="dependency-check.skip" value="true"/>
    <property name="java.vm.info" value="mixed mode"/>
    <property name="java.version" value="1.8.0_121"/>
    <property name="java.ext.dirs" value="/usr/lib/jvm/java-8-openjdk-amd64/jre/lib/ext:/usr/java/packages/lib/ext"/>
    <property name="sun.boot.class.path" value="/usr/lib/jvm/java-8-openjdk-amd64/jre/lib/resources.jar:/usr/lib/jvm/java-8-openjdk-amd64/jre/lib/rt.jar:/usr/lib/jvm/java-8-openjdk-amd64/jre/lib/sunrsasign.jar:/usr/lib/jvm/java-8-openjdk-amd64/jre/lib/jsse.jar:/usr/lib/jvm/java-8-openjdk-amd64/jre/lib/jce.jar:/usr/lib/jvm/java-8-openjdk-amd64/jre/lib/charsets.jar:/usr/lib/jvm/java-8-openjdk-amd64/jre/lib/jfr.jar:/usr/lib/jvm/java-8-openjdk-amd64/jre/classes"/>
    <property name="java.vendor" value="Oracle Corporation"/>
    <property name="java.awt.headless" value="true"/>
    <property name="enforcer.skip" value="true"/>
    <property name="rat.skip" value="true"/>
    <property name="localRepository" value="/root/./workspace/matsim-org/matsim/385585169/.m2"/>
    <property name="file.separator" value="/"/>
    <property name="java.vendor.url.bug" value="http://bugreport.sun.com/bugreport/"/>
    <property name="sun.cpu.endian" value="little"/>
    <property name="sun.io.unicode.encoding" value="UnicodeLittle"/>
    <property name="sun.cpu.isalist" value=""/>
  </properties>
  <testcase classname="org.matsim.contrib.multimodal.MultiModalControlerListenerTest" name="testBerlinScenario_singleThreaded" time="0">
    <skipped/>
  </testcase>
  <testcase classname="org.matsim.contrib.multimodal.MultiModalControlerListenerTest" name="testSimpleScenario" time="2.667"/>
  <testcase classname="org.matsim.contrib.multimodal.MultiModalControlerListenerTest" name="testBerlinScenario_multiThreaded_2" time="2.667">
    <skipped/>
  </testcase>
  <testcase classname="org.matsim.contrib.multimodal.MultiModalControlerListenerTest" name="testBerlinScenario_multiThreaded_4" time="2.667">
    <skipped/>
  </testcase>
</testsuite>