<?xml version="1.0" encoding="UTF-8"?>
<!-- Generated by org.testng.reporters.JUnitReportReporter -->
<testsuite hostname="spirals-vortex.lille.inria.fr" name="org.molgenis.data.security.auth.TokenTest" tests="3" failures="0" timestamp="25 May 2018 09:37:05 GMT" time="0.014" errors="0">
  <testcase name="testIsExpiredNoExpirationDate" time="0.001" classname="org.molgenis.data.security.auth.TokenTest"/>
  <testcase name="testIsExpiredExpirationDateInPast" time="0.002" classname="org.molgenis.data.security.auth.TokenTest"/>
  <testcase name="testIsExpiredExpirationDateInFuture" time="0.011" classname="org.molgenis.data.security.auth.TokenTest"/>
</testsuite> <!-- org.molgenis.data.security.auth.TokenTest -->
