<?xml version="1.0" encoding="UTF-8"?>
<!-- Generated by org.testng.reporters.JUnitReportReporter -->
<testsuite hostname="spirals-vortex.lille.inria.fr" name="org.molgenis.data.security.meta.PackageRepositorySecurityDecoratorTest" tests="13" failures="0" timestamp="30 May 2018 09:54:53 GMT" time="0.114" errors="0">
  <testcase name="testUpdate1" time="0.002" classname="org.molgenis.data.security.meta.PackageRepositorySecurityDecoratorTest"/>
  <testcase name="testDelete" time="0.001" classname="org.molgenis.data.security.meta.PackageRepositorySecurityDecoratorTest"/>
  <testcase name="testAddNoPermissionOnParent" time="0.002" classname="org.molgenis.data.security.meta.PackageRepositorySecurityDecoratorTest"/>
  <testcase name="testAddNullParent" time="0.002" classname="org.molgenis.data.security.meta.PackageRepositorySecurityDecoratorTest"/>
  <testcase name="testUpdate" time="0.004" classname="org.molgenis.data.security.meta.PackageRepositorySecurityDecoratorTest"/>
  <testcase name="testAdd1" time="0.002" classname="org.molgenis.data.security.meta.PackageRepositorySecurityDecoratorTest"/>
  <testcase name="testDeleteAll" time="0.018" classname="org.molgenis.data.security.meta.PackageRepositorySecurityDecoratorTest"/>
  <testcase name="testUpdateNoParentPermission" time="0.000" classname="org.molgenis.data.security.meta.PackageRepositorySecurityDecoratorTest"/>
  <testcase name="testAdd" time="0.076" classname="org.molgenis.data.security.meta.PackageRepositorySecurityDecoratorTest"/>
  <testcase name="testUpdateToNullPackage" time="0.003" classname="org.molgenis.data.security.meta.PackageRepositorySecurityDecoratorTest"/>
  <testcase name="testDeleteById" time="0.001" classname="org.molgenis.data.security.meta.PackageRepositorySecurityDecoratorTest"/>
  <testcase name="testDelete1" time="0.002" classname="org.molgenis.data.security.meta.PackageRepositorySecurityDecoratorTest"/>
  <testcase name="testDeleteAll1" time="0.001" classname="org.molgenis.data.security.meta.PackageRepositorySecurityDecoratorTest"/>
</testsuite> <!-- org.molgenis.data.security.meta.PackageRepositorySecurityDecoratorTest -->
