<?xml version="1.0" encoding="UTF-8"?>
<!-- Generated by org.testng.reporters.JUnitReportReporter -->
<testsuite hostname="spirals-vortex.lille.inria.fr" name="org.molgenis.data.security.owned.OwnedEntityRepositoryDecoratorTest" tests="20" failures="0" timestamp="25 May 2018 14:30:54 GMT" time="0.085" errors="0">
  <testcase name="consumeBatchedExtendsOwned" time="0.003" classname="org.molgenis.data.security.owned.OwnedEntityRepositoryDecoratorTest"/>
  <testcase name="findAllStreamNotExtendsOwned" time="0.000" classname="org.molgenis.data.security.owned.OwnedEntityRepositoryDecoratorTest"/>
  <testcase name="addStreamExtendsOwned" time="0.057" classname="org.molgenis.data.security.owned.OwnedEntityRepositoryDecoratorTest"/>
  <testcase name="findOneByIdObjectFetchExtendsOwnedBySomeoneElse" time="0.000" classname="org.molgenis.data.security.owned.OwnedEntityRepositoryDecoratorTest"/>
  <testcase name="updateStream" time="0.001" classname="org.molgenis.data.security.owned.OwnedEntityRepositoryDecoratorTest"/>
  <testcase name="updateStreamExtendsOwned" time="0.000" classname="org.molgenis.data.security.owned.OwnedEntityRepositoryDecoratorTest"/>
  <testcase name="findOneByIdObjectFetchNotExtendsOwned" time="0.001" classname="org.molgenis.data.security.owned.OwnedEntityRepositoryDecoratorTest"/>
  <testcase name="findAllStreamFetchNotExtendsOwned" time="0.000" classname="org.molgenis.data.security.owned.OwnedEntityRepositoryDecoratorTest"/>
  <testcase name="findAllStreamFetchExtendsOwnedBySomeoneElse" time="0.000" classname="org.molgenis.data.security.owned.OwnedEntityRepositoryDecoratorTest"/>
  <testcase name="consumeBatchedOwnedBySomeoneElse" time="0.000" classname="org.molgenis.data.security.owned.OwnedEntityRepositoryDecoratorTest"/>
  <testcase name="findAllStreamExtendsOwnedBySomeoneElse" time="0.001" classname="org.molgenis.data.security.owned.OwnedEntityRepositoryDecoratorTest"/>
  <testcase name="addStream" time="0.015" classname="org.molgenis.data.security.owned.OwnedEntityRepositoryDecoratorTest"/>
  <testcase name="findOneByIdObjectFetchExtendsOwned" time="0.001" classname="org.molgenis.data.security.owned.OwnedEntityRepositoryDecoratorTest"/>
  <testcase name="findAllAsStreamExtendsOwned" time="0.001" classname="org.molgenis.data.security.owned.OwnedEntityRepositoryDecoratorTest"/>
  <testcase name="deleteStreamEntityExtendsOwned" time="0.001" classname="org.molgenis.data.security.owned.OwnedEntityRepositoryDecoratorTest"/>
  <testcase name="findAllStreamExtendsOwned" time="0.001" classname="org.molgenis.data.security.owned.OwnedEntityRepositoryDecoratorTest"/>
  <testcase name="deleteStream" time="0.000" classname="org.molgenis.data.security.owned.OwnedEntityRepositoryDecoratorTest"/>
  <testcase name="findAllAsStreamNotExtendsOwned" time="0.000" classname="org.molgenis.data.security.owned.OwnedEntityRepositoryDecoratorTest"/>
  <testcase name="query" time="0.001" classname="org.molgenis.data.security.owned.OwnedEntityRepositoryDecoratorTest"/>
  <testcase name="findAllStreamFetchExtendsOwned" time="0.002" classname="org.molgenis.data.security.owned.OwnedEntityRepositoryDecoratorTest"/>
</testsuite> <!-- org.molgenis.data.security.owned.OwnedEntityRepositoryDecoratorTest -->
