<?xml version="1.0" encoding="UTF-8"?>
<!-- Generated by org.testng.reporters.JUnitReportReporter -->
<testsuite hostname="spirals-vortex.lille.inria.fr" name="org.molgenis.data.security.owned.RowLevelSecurityRepositoryDecoratorTest" tests="39" failures="0" timestamp="30 May 2018 09:54:53 GMT" time="0.079" errors="0">
  <testcase name="testDeleteAllStreamPermissionDenied" time="0.002" classname="org.molgenis.data.security.owned.RowLevelSecurityRepositoryDecoratorTest"/>
  <testcase name="testFindAllStreamPermissionDenied" time="0.002" classname="org.molgenis.data.security.owned.RowLevelSecurityRepositoryDecoratorTest"/>
  <testcase name="testFindOneByIdFetch" time="0.001" classname="org.molgenis.data.security.owned.RowLevelSecurityRepositoryDecoratorTest"/>
  <testcase name="testDeleteStreamPermissionDenied" time="0.001" classname="org.molgenis.data.security.owned.RowLevelSecurityRepositoryDecoratorTest"/>
  <testcase name="testDeleteById" time="0.001" classname="org.molgenis.data.security.owned.RowLevelSecurityRepositoryDecoratorTest"/>
  <testcase name="testCountQueryPermissionDenied" time="0.002" classname="org.molgenis.data.security.owned.RowLevelSecurityRepositoryDecoratorTest"/>
  <testcase name="testCountQuery" time="0.003" classname="org.molgenis.data.security.owned.RowLevelSecurityRepositoryDecoratorTest"/>
  <testcase name="testForEachBatched" time="0.003" classname="org.molgenis.data.security.owned.RowLevelSecurityRepositoryDecoratorTest"/>
  <testcase name="testCountPermissionDenied" time="0.001" classname="org.molgenis.data.security.owned.RowLevelSecurityRepositoryDecoratorTest"/>
  <testcase name="testFindOnePermissionDenied" time="0.002" classname="org.molgenis.data.security.owned.RowLevelSecurityRepositoryDecoratorTest"/>
  <testcase name="testDeletePermissionDenied" time="0.003" classname="org.molgenis.data.security.owned.RowLevelSecurityRepositoryDecoratorTest"/>
  <testcase name="testFindAllStream" time="0.003" classname="org.molgenis.data.security.owned.RowLevelSecurityRepositoryDecoratorTest"/>
  <testcase name="testUpdateStreamPermissionDenied" time="0.002" classname="org.molgenis.data.security.owned.RowLevelSecurityRepositoryDecoratorTest"/>
  <testcase name="testDeleteStream" time="0.002" classname="org.molgenis.data.security.owned.RowLevelSecurityRepositoryDecoratorTest"/>
  <testcase name="testDelete" time="0.001" classname="org.molgenis.data.security.owned.RowLevelSecurityRepositoryDecoratorTest"/>
  <testcase name="testUpdatePermissionDenied" time="0.001" classname="org.molgenis.data.security.owned.RowLevelSecurityRepositoryDecoratorTest"/>
  <testcase name="testUpdateStream" time="0.002" classname="org.molgenis.data.security.owned.RowLevelSecurityRepositoryDecoratorTest"/>
  <testcase name="testIterator" time="0.002" classname="org.molgenis.data.security.owned.RowLevelSecurityRepositoryDecoratorTest"/>
  <testcase name="testFindOneByIdPermissionDenied" time="0.001" classname="org.molgenis.data.security.owned.RowLevelSecurityRepositoryDecoratorTest"/>
  <testcase name="testFindAllQuery" time="0.002" classname="org.molgenis.data.security.owned.RowLevelSecurityRepositoryDecoratorTest"/>
  <testcase name="testAddStream" time="0.004" classname="org.molgenis.data.security.owned.RowLevelSecurityRepositoryDecoratorTest"/>
  <testcase name="testDeleteByIdPermissionDenied" time="0.000" classname="org.molgenis.data.security.owned.RowLevelSecurityRepositoryDecoratorTest"/>
  <testcase name="testDeleteAllStream" time="0.002" classname="org.molgenis.data.security.owned.RowLevelSecurityRepositoryDecoratorTest"/>
  <testcase name="testFindOneByIdFetchPermissionDenied" time="0.001" classname="org.molgenis.data.security.owned.RowLevelSecurityRepositoryDecoratorTest"/>
  <testcase name="testAggregatePermissionDenied" time="0.002" classname="org.molgenis.data.security.owned.RowLevelSecurityRepositoryDecoratorTest"/>
  <testcase name="testFindAllStreamFetch" time="0.005" classname="org.molgenis.data.security.owned.RowLevelSecurityRepositoryDecoratorTest"/>
  <testcase name="testRowLevelSecurityRepositoryDecorator" time="0.001" classname="org.molgenis.data.security.owned.RowLevelSecurityRepositoryDecoratorTest"/>
  <testcase name="testAggregate" time="0.002" classname="org.molgenis.data.security.owned.RowLevelSecurityRepositoryDecoratorTest"/>
  <testcase name="testDeleteAllPermissionDenied" time="0.002" classname="org.molgenis.data.security.owned.RowLevelSecurityRepositoryDecoratorTest"/>
  <testcase name="testIteratorPermissionDenied" time="0.001" classname="org.molgenis.data.security.owned.RowLevelSecurityRepositoryDecoratorTest"/>
  <testcase name="testCount" time="0.004" classname="org.molgenis.data.security.owned.RowLevelSecurityRepositoryDecoratorTest"/>
  <testcase name="testFindAllStreamFetchPermissionDenied" time="0.001" classname="org.molgenis.data.security.owned.RowLevelSecurityRepositoryDecoratorTest"/>
  <testcase name="testForEachBatchedPermissionDenied" time="0.002" classname="org.molgenis.data.security.owned.RowLevelSecurityRepositoryDecoratorTest"/>
  <testcase name="testAdd" time="0.005" classname="org.molgenis.data.security.owned.RowLevelSecurityRepositoryDecoratorTest"/>
  <testcase name="testFindOne" time="0.003" classname="org.molgenis.data.security.owned.RowLevelSecurityRepositoryDecoratorTest"/>
  <testcase name="testUpdate" time="0.002" classname="org.molgenis.data.security.owned.RowLevelSecurityRepositoryDecoratorTest"/>
  <testcase name="testDeleteAll" time="0.001" classname="org.molgenis.data.security.owned.RowLevelSecurityRepositoryDecoratorTest"/>
  <testcase name="testFindAllQueryPermissionDenied" time="0.002" classname="org.molgenis.data.security.owned.RowLevelSecurityRepositoryDecoratorTest"/>
  <testcase name="testFindOneById" time="0.002" classname="org.molgenis.data.security.owned.RowLevelSecurityRepositoryDecoratorTest"/>
</testsuite> <!-- org.molgenis.data.security.owned.RowLevelSecurityRepositoryDecoratorTest -->
