<?xml version="1.0" encoding="UTF-8"?>
<!-- Generated by org.testng.reporters.JUnitReportReporter -->
<testsuite hostname="spirals-vortex.lille.inria.fr" name="org.molgenis.data.security.exception.PackagePermissionExceptionTest" tests="1" failures="0" timestamp="1 Jun 2018 10:50:49 GMT" time="0.033" errors="0">
  <testcase name="testGetLocalizedMessage" time="0.033" classname="org.molgenis.data.security.exception.PackagePermissionExceptionTest"/>
</testsuite> <!-- org.molgenis.data.security.exception.PackagePermissionExceptionTest -->
