<?xml version="1.0" encoding="UTF-8"?>
<!-- Generated by org.testng.reporters.JUnitReportReporter -->
<testsuite hostname="spirals-vortex.lille.inria.fr" name="org.molgenis.data.security.auth.GroupServiceTest" tests="2" failures="0" timestamp="30 May 2018 13:30:10 GMT" time="0.196" errors="0">
  <testcase name="testGrantPermissions" time="0.192" classname="org.molgenis.data.security.auth.GroupServiceTest"/>
  <testcase name="testPersist" time="0.004" classname="org.molgenis.data.security.auth.GroupServiceTest"/>
</testsuite> <!-- org.molgenis.data.security.auth.GroupServiceTest -->
