<?xml version="1.0" encoding="UTF-8"?>
<!-- Generated by org.testng.reporters.JUnitReportReporter -->
<testsuite hostname="spirals-vortex.lille.inria.fr" name="org.molgenis.data.security.aggregation.AggregateAnonymizerRepositoryDecoratorTest" tests="2" failures="0" timestamp="1 Jun 2018 10:50:49 GMT" time="0.037" errors="0">
  <testcase name="aggregateNoThreshold" time="0.001" classname="org.molgenis.data.security.aggregation.AggregateAnonymizerRepositoryDecoratorTest"/>
  <testcase name="aggregateThreshold" time="0.036" classname="org.molgenis.data.security.aggregation.AggregateAnonymizerRepositoryDecoratorTest"/>
</testsuite> <!-- org.molgenis.data.security.aggregation.AggregateAnonymizerRepositoryDecoratorTest -->
