<?xml version="1.0" encoding="UTF-8"?>
<!-- Generated by org.testng.reporters.JUnitReportReporter -->
<testsuite hostname="spirals-vortex.lille.inria.fr" name="org.molgenis.data.security.auth.TokenTest" tests="3" failures="0" timestamp="30 May 2018 12:44:38 GMT" time="0.015" errors="0">
  <testcase name="testIsExpiredExpirationDateInPast" time="0.009" classname="org.molgenis.data.security.auth.TokenTest"/>
  <testcase name="testIsExpiredExpirationDateInFuture" time="0.006" classname="org.molgenis.data.security.auth.TokenTest"/>
  <testcase name="testIsExpiredNoExpirationDate" time="0.000" classname="org.molgenis.data.security.auth.TokenTest"/>
</testsuite> <!-- org.molgenis.data.security.auth.TokenTest -->
