<?xml version="1.0" encoding="UTF-8"?>
<!-- Generated by org.testng.reporters.JUnitReportReporter -->
<testsuite hostname="spirals-vortex.lille.inria.fr" name="org.molgenis.data.security.EntityIdentityUtilsTest" tests="7" failures="0" timestamp="1 Jun 2018 11:16:55 GMT" time="0.001" errors="0">
  <testcase name="testToIdType" time="0.000" classname="org.molgenis.data.security.EntityIdentityUtilsTest"/>
  <testcase name="testToTypeString" time="0.000" classname="org.molgenis.data.security.EntityIdentityUtilsTest"/>
  <testcase name="testToTypeEntityType" time="0.000" classname="org.molgenis.data.security.EntityIdentityUtilsTest"/>
  <testcase name="testToIdType" time="0.000" classname="org.molgenis.data.security.EntityIdentityUtilsTest"/>
  <testcase name="testToIdType" time="0.001" classname="org.molgenis.data.security.EntityIdentityUtilsTest"/>
  <testcase name="testToIdType" time="0.000" classname="org.molgenis.data.security.EntityIdentityUtilsTest"/>
  <testcase name="testToIdType" time="0.000" classname="org.molgenis.data.security.EntityIdentityUtilsTest"/>
</testsuite> <!-- org.molgenis.data.security.EntityIdentityUtilsTest -->
