<?xml version="1.0" encoding="UTF-8"?>
<!-- Generated by org.testng.reporters.JUnitReportReporter -->
<testsuite hostname="spirals-vortex.lille.inria.fr" name="org.molgenis.data.security.aggregation.AggregateAnonymizerRepositoryDecoratorTest" tests="2" failures="0" timestamp="30 May 2018 09:54:53 GMT" time="0.071" errors="0">
  <testcase name="aggregateThreshold" time="0.069" classname="org.molgenis.data.security.aggregation.AggregateAnonymizerRepositoryDecoratorTest"/>
  <testcase name="aggregateNoThreshold" time="0.002" classname="org.molgenis.data.security.aggregation.AggregateAnonymizerRepositoryDecoratorTest"/>
</testsuite> <!-- org.molgenis.data.security.aggregation.AggregateAnonymizerRepositoryDecoratorTest -->
