<?xml version="1.0" encoding="UTF-8"?>
<!-- Generated by org.testng.reporters.JUnitReportReporter -->
<testsuite hostname="spirals-vortex.lille.inria.fr" name="org.molgenis.data.security.meta.EntityTypeRepositorySecurityDecoratorTest" tests="48" failures="0" timestamp="25 May 2018 09:37:05 GMT" time="0.547" errors="0">
  <testcase name="findAllQueryUser" time="0.004" classname="org.molgenis.data.security.meta.EntityTypeRepositorySecurityDecoratorTest"/>
  <testcase name="findAllQuerySystem" time="0.003" classname="org.molgenis.data.security.meta.EntityTypeRepositorySecurityDecoratorTest"/>
  <testcase name="aggregateUser" time="0.003" classname="org.molgenis.data.security.meta.EntityTypeRepositorySecurityDecoratorTest"/>
  <testcase name="findAllIdsSystem" time="0.003" classname="org.molgenis.data.security.meta.EntityTypeRepositorySecurityDecoratorTest"/>
  <testcase name="findOneByIdSu" time="0.002" classname="org.molgenis.data.security.meta.EntityTypeRepositorySecurityDecoratorTest"/>
  <testcase name="findAllIdsSu" time="0.002" classname="org.molgenis.data.security.meta.EntityTypeRepositorySecurityDecoratorTest"/>
  <testcase name="findOneQueryUserPermissionAllowed" time="0.004" classname="org.molgenis.data.security.meta.EntityTypeRepositorySecurityDecoratorTest"/>
  <testcase name="aggregateSu" time="0.003" classname="org.molgenis.data.security.meta.EntityTypeRepositorySecurityDecoratorTest"/>
  <testcase name="deleteUser" time="0.005" classname="org.molgenis.data.security.meta.EntityTypeRepositorySecurityDecoratorTest"/>
  <testcase name="findOneByIdFetchUserPermissionAllowed" time="0.002" classname="org.molgenis.data.security.meta.EntityTypeRepositorySecurityDecoratorTest"/>
  <testcase name="findOneByIdSystem" time="0.002" classname="org.molgenis.data.security.meta.EntityTypeRepositorySecurityDecoratorTest"/>
  <testcase name="deleteUserNotAllowed" time="0.009" classname="org.molgenis.data.security.meta.EntityTypeRepositorySecurityDecoratorTest"/>
  <testcase name="countQueryUser" time="0.009" classname="org.molgenis.data.security.meta.EntityTypeRepositorySecurityDecoratorTest"/>
  <testcase name="findAllQueryUserOffsetLimit" time="0.006" classname="org.molgenis.data.security.meta.EntityTypeRepositorySecurityDecoratorTest"/>
  <testcase name="updateSystemEntityType" time="0.004" classname="org.molgenis.data.security.meta.EntityTypeRepositorySecurityDecoratorTest"/>
  <testcase name="findOneQuerySystem" time="0.005" classname="org.molgenis.data.security.meta.EntityTypeRepositorySecurityDecoratorTest"/>
  <testcase name="findAllQuerySu" time="0.002" classname="org.molgenis.data.security.meta.EntityTypeRepositorySecurityDecoratorTest"/>
  <testcase name="countUser" time="0.004" classname="org.molgenis.data.security.meta.EntityTypeRepositorySecurityDecoratorTest"/>
  <testcase name="findOneByIdUserPermissionAllowed" time="0.003" classname="org.molgenis.data.security.meta.EntityTypeRepositorySecurityDecoratorTest"/>
  <testcase name="findOneByIdFetchSystem" time="0.002" classname="org.molgenis.data.security.meta.EntityTypeRepositorySecurityDecoratorTest"/>
  <testcase name="query" time="0.002" classname="org.molgenis.data.security.meta.EntityTypeRepositorySecurityDecoratorTest"/>
  <testcase name="countQuerySystem" time="0.003" classname="org.molgenis.data.security.meta.EntityTypeRepositorySecurityDecoratorTest"/>
  <testcase name="iteratorSystem" time="0.005" classname="org.molgenis.data.security.meta.EntityTypeRepositorySecurityDecoratorTest"/>
  <testcase name="countSystem" time="0.001" classname="org.molgenis.data.security.meta.EntityTypeRepositorySecurityDecoratorTest"/>
  <testcase name="addWithKnownBackend" time="0.026" classname="org.molgenis.data.security.meta.EntityTypeRepositorySecurityDecoratorTest"/>
  <testcase name="updateSystem" time="0.003" classname="org.molgenis.data.security.meta.EntityTypeRepositorySecurityDecoratorTest"/>
  <testcase name="findAllIdsUser" time="0.005" classname="org.molgenis.data.security.meta.EntityTypeRepositorySecurityDecoratorTest"/>
  <testcase name="countSu" time="0.003" classname="org.molgenis.data.security.meta.EntityTypeRepositorySecurityDecoratorTest"/>
  <testcase name="iteratorSu" time="0.011" classname="org.molgenis.data.security.meta.EntityTypeRepositorySecurityDecoratorTest"/>
  <testcase name="findOneByIdFetchSu" time="0.002" classname="org.molgenis.data.security.meta.EntityTypeRepositorySecurityDecoratorTest"/>
  <testcase name="updateSu" time="0.003" classname="org.molgenis.data.security.meta.EntityTypeRepositorySecurityDecoratorTest"/>
  <testcase name="findOneByIdFetchUserPermissionDenied" time="0.004" classname="org.molgenis.data.security.meta.EntityTypeRepositorySecurityDecoratorTest"/>
  <testcase name="countQuerySu" time="0.003" classname="org.molgenis.data.security.meta.EntityTypeRepositorySecurityDecoratorTest"/>
  <testcase name="deleteSystemEntityType" time="0.006" classname="org.molgenis.data.security.meta.EntityTypeRepositorySecurityDecoratorTest"/>
  <testcase name="deleteSystem" time="0.004" classname="org.molgenis.data.security.meta.EntityTypeRepositorySecurityDecoratorTest"/>
  <testcase name="findAllIdsFetchSu" time="0.028" classname="org.molgenis.data.security.meta.EntityTypeRepositorySecurityDecoratorTest"/>
  <testcase name="forEachBatchedUser" time="0.006" classname="org.molgenis.data.security.meta.EntityTypeRepositorySecurityDecoratorTest"/>
  <testcase name="findOneQueryUserPermissionDenied" time="0.005" classname="org.molgenis.data.security.meta.EntityTypeRepositorySecurityDecoratorTest"/>
  <testcase name="updateUser" time="0.002" classname="org.molgenis.data.security.meta.EntityTypeRepositorySecurityDecoratorTest"/>
  <testcase name="findOneByIdUserPermissionDenied" time="0.005" classname="org.molgenis.data.security.meta.EntityTypeRepositorySecurityDecoratorTest"/>
  <testcase name="forEachBatchedSystem" time="0.002" classname="org.molgenis.data.security.meta.EntityTypeRepositorySecurityDecoratorTest"/>
  <testcase name="findAllIdsFetchUser" time="0.189" classname="org.molgenis.data.security.meta.EntityTypeRepositorySecurityDecoratorTest"/>
  <testcase name="deleteSu" time="0.133" classname="org.molgenis.data.security.meta.EntityTypeRepositorySecurityDecoratorTest"/>
  <testcase name="findOneQuerySu" time="0.004" classname="org.molgenis.data.security.meta.EntityTypeRepositorySecurityDecoratorTest"/>
  <testcase name="iteratorUser" time="0.006" classname="org.molgenis.data.security.meta.EntityTypeRepositorySecurityDecoratorTest"/>
  <testcase name="aggregateSystem" time="0.004" classname="org.molgenis.data.security.meta.EntityTypeRepositorySecurityDecoratorTest"/>
  <testcase name="findAllIdsFetchSystem" time="0.001" classname="org.molgenis.data.security.meta.EntityTypeRepositorySecurityDecoratorTest"/>
  <testcase name="forEachBatchedSu" time="0.004" classname="org.molgenis.data.security.meta.EntityTypeRepositorySecurityDecoratorTest"/>
</testsuite> <!-- org.molgenis.data.security.meta.EntityTypeRepositorySecurityDecoratorTest -->
