<?xml version="1.0" encoding="UTF-8"?>
<!-- Generated by org.testng.reporters.JUnitReportReporter -->
<testsuite hostname="spirals-vortex.lille.inria.fr" name="org.molgenis.data.security.auth.TokenTest" tests="3" failures="0" timestamp="1 Jun 2018 11:16:55 GMT" time="0.021" errors="0">
  <testcase name="testIsExpiredExpirationDateInFuture" time="0.011" classname="org.molgenis.data.security.auth.TokenTest"/>
  <testcase name="testIsExpiredNoExpirationDate" time="0.005" classname="org.molgenis.data.security.auth.TokenTest"/>
  <testcase name="testIsExpiredExpirationDateInPast" time="0.005" classname="org.molgenis.data.security.auth.TokenTest"/>
</testsuite> <!-- org.molgenis.data.security.auth.TokenTest -->
