<?xml version="1.0" encoding="UTF-8"?>
<!-- Generated by org.testng.reporters.JUnitReportReporter -->
<testsuite hostname="spirals-vortex.lille.inria.fr" name="org.molgenis.data.security.SecurityDecoratorUtilsTest" tests="5" failures="0" timestamp="25 May 2018 09:37:05 GMT" time="0.014" errors="0">
  <testcase name="testValidatePermissionSystemUser" time="0.001" classname="org.molgenis.data.security.SecurityDecoratorUtilsTest"/>
  <testcase name="testValidatePermissionSuperuser" time="0.009" classname="org.molgenis.data.security.SecurityDecoratorUtilsTest"/>
  <testcase name="testValidatePermissionUser" time="0.001" classname="org.molgenis.data.security.SecurityDecoratorUtilsTest"/>
  <testcase name="testValidatePermissionUserDifferentEntityType" time="0.002" classname="org.molgenis.data.security.SecurityDecoratorUtilsTest"/>
  <testcase name="testValidatePermissionUserDifferentPermission" time="0.001" classname="org.molgenis.data.security.SecurityDecoratorUtilsTest"/>
</testsuite> <!-- org.molgenis.data.security.SecurityDecoratorUtilsTest -->
