<?xml version="1.0" encoding="UTF-8"?>
<!-- Generated by org.testng.reporters.JUnitReportReporter -->
<testsuite hostname="spirals-vortex.lille.inria.fr" name="org.molgenis.data.security.RepositorySecurityDecoratorTest" tests="20" failures="0" timestamp="25 May 2018 09:37:05 GMT" time="1.339" errors="0">
  <testcase name="streamFetchNoPermission" time="0.001" classname="org.molgenis.data.security.RepositorySecurityDecoratorTest"/>
  <testcase name="streamFetch" time="0.014" classname="org.molgenis.data.security.RepositorySecurityDecoratorTest"/>
  <testcase name="findOneNoPermission" time="0.001" classname="org.molgenis.data.security.RepositorySecurityDecoratorTest"/>
  <testcase name="aggregateNoPermission" time="0.001" classname="org.molgenis.data.security.RepositorySecurityDecoratorTest"/>
  <testcase name="aggregate" time="0.036" classname="org.molgenis.data.security.RepositorySecurityDecoratorTest"/>
  <testcase name="updateStream" time="0.003" classname="org.molgenis.data.security.RepositorySecurityDecoratorTest"/>
  <testcase name="findAllAsStreamNoPermission" time="0.090" classname="org.molgenis.data.security.RepositorySecurityDecoratorTest"/>
  <testcase name="findAllPermission" time="0.002" classname="org.molgenis.data.security.RepositorySecurityDecoratorTest"/>
  <testcase name="deleteStream" time="0.001" classname="org.molgenis.data.security.RepositorySecurityDecoratorTest"/>
  <testcase name="findAllStreamNoPermission" time="0.001" classname="org.molgenis.data.security.RepositorySecurityDecoratorTest"/>
  <testcase name="addStream" time="0.018" classname="org.molgenis.data.security.RepositorySecurityDecoratorTest"/>
  <testcase name="findAllAsStreamPermission" time="0.059" classname="org.molgenis.data.security.RepositorySecurityDecoratorTest"/>
  <testcase name="updateStreamNoPermission" time="0.002" classname="org.molgenis.data.security.RepositorySecurityDecoratorTest"/>
  <testcase name="findAllNoPermission" time="0.001" classname="org.molgenis.data.security.RepositorySecurityDecoratorTest"/>
  <testcase name="deleteStreamNoPermission" time="1.093" classname="org.molgenis.data.security.RepositorySecurityDecoratorTest"/>
  <testcase name="findAllStreamFetch" time="0.001" classname="org.molgenis.data.security.RepositorySecurityDecoratorTest"/>
  <testcase name="addStreamNoPermission" time="0.010" classname="org.molgenis.data.security.RepositorySecurityDecoratorTest"/>
  <testcase name="findOnePermission" time="0.002" classname="org.molgenis.data.security.RepositorySecurityDecoratorTest"/>
  <testcase name="findAllStream" time="0.002" classname="org.molgenis.data.security.RepositorySecurityDecoratorTest"/>
  <testcase name="findAllStreamFetchNoPermission" time="0.001" classname="org.molgenis.data.security.RepositorySecurityDecoratorTest"/>
</testsuite> <!-- org.molgenis.data.security.RepositorySecurityDecoratorTest -->
