<?xml version="1.0" encoding="UTF-8"?>
<!-- Generated by org.testng.reporters.JUnitReportReporter -->
<testsuite hostname="spirals-vortex.lille.inria.fr" name="org.molgenis.data.security.user.UserServiceImplTest" tests="2" failures="0" timestamp="25 May 2018 09:37:05 GMT" time="0.111" errors="0">
  <testcase name="getUser" time="0.110" classname="org.molgenis.data.security.user.UserServiceImplTest"/>
  <testcase name="MolgenisUserServiceImpl" time="0.001" classname="org.molgenis.data.security.user.UserServiceImplTest"/>
</testsuite> <!-- org.molgenis.data.security.user.UserServiceImplTest -->
