<?xml version="1.0" encoding="UTF-8"?>
<!-- Generated by org.testng.reporters.JUnitReportReporter -->
<testsuite hostname="spirals-vortex.lille.inria.fr" name="org.molgenis.data.security.permission.RoleMembershipServiceImplTest" tests="3" failures="0" timestamp="30 May 2018 13:30:10 GMT" time="0.324" errors="0">
  <testcase name="addUserToRole" time="0.051" classname="org.molgenis.data.security.permission.RoleMembershipServiceImplTest"/>
  <testcase name="addNonExistingUserToRole" time="0.263" classname="org.molgenis.data.security.permission.RoleMembershipServiceImplTest"/>
  <testcase name="addUserToNonExistingRole" time="0.010" classname="org.molgenis.data.security.permission.RoleMembershipServiceImplTest"/>
</testsuite> <!-- org.molgenis.data.security.permission.RoleMembershipServiceImplTest -->
