<?xml version="1.0" encoding="UTF-8"?>
<!-- Generated by org.testng.reporters.JUnitReportReporter -->
<testsuite hostname="spirals-vortex.lille.inria.fr" name="org.molgenis.data.security.aggregation.AggregateAnonymizerImplTest" tests="1" failures="0" timestamp="30 May 2018 09:54:53 GMT" time="0.006" errors="0">
  <testcase name="anonymize" time="0.006" classname="org.molgenis.data.security.aggregation.AggregateAnonymizerImplTest"/>
</testsuite> <!-- org.molgenis.data.security.aggregation.AggregateAnonymizerImplTest -->
