<?xml version="1.0" encoding="UTF-8"?>
<!-- Generated by org.testng.reporters.JUnitReportReporter -->
<testsuite hostname="spirals-vortex.lille.inria.fr" name="org.molgenis.data.security.owned.RowLevelSecurityRepositoryDecoratorFactoryTest" tests="3" failures="0" timestamp="30 May 2018 12:44:38 GMT" time="0.017" errors="0">
  <testcase name="testCreateDecoratedRepositoryRowLevelSecurityDisabled" time="0.015" classname="org.molgenis.data.security.owned.RowLevelSecurityRepositoryDecoratorFactoryTest"/>
  <testcase name="testCreateDecoratedRepositoryRowLevelSecurityEnabled" time="0.002" classname="org.molgenis.data.security.owned.RowLevelSecurityRepositoryDecoratorFactoryTest"/>
  <testcase name="testRowLevelSecurityRepositoryDecoratorFactory" time="0.000" classname="org.molgenis.data.security.owned.RowLevelSecurityRepositoryDecoratorFactoryTest"/>
</testsuite> <!-- org.molgenis.data.security.owned.RowLevelSecurityRepositoryDecoratorFactoryTest -->
