<?xml version="1.0" encoding="UTF-8"?>
<!-- Generated by org.testng.reporters.JUnitReportReporter -->
<testsuite hostname="spirals-vortex.lille.inria.fr" name="org.molgenis.data.security.owned.RowLevelSecurityRepositoryDecoratorFactoryTest" tests="3" failures="0" timestamp="30 May 2018 15:20:42 GMT" time="1.767" errors="0">
  <testcase name="testCreateDecoratedRepositoryRowLevelSecurityDisabled" time="1.617" classname="org.molgenis.data.security.owned.RowLevelSecurityRepositoryDecoratorFactoryTest"/>
  <testcase name="testRowLevelSecurityRepositoryDecoratorFactory" time="0.008" classname="org.molgenis.data.security.owned.RowLevelSecurityRepositoryDecoratorFactoryTest"/>
  <testcase name="testCreateDecoratedRepositoryRowLevelSecurityEnabled" time="0.142" classname="org.molgenis.data.security.owned.RowLevelSecurityRepositoryDecoratorFactoryTest"/>
</testsuite> <!-- org.molgenis.data.security.owned.RowLevelSecurityRepositoryDecoratorFactoryTest -->
