<?xml version="1.0" encoding="UTF-8"?>
<!-- Generated by org.testng.reporters.JUnitReportReporter -->
<testsuite hostname="spirals-vortex.lille.inria.fr" name="org.molgenis.data.security.exception.PackagePermissionExceptionTest" tests="1" failures="0" timestamp="30 May 2018 15:20:42 GMT" time="0.109" errors="0">
  <testcase name="testGetLocalizedMessage" time="0.109" classname="org.molgenis.data.security.exception.PackagePermissionExceptionTest"/>
</testsuite> <!-- org.molgenis.data.security.exception.PackagePermissionExceptionTest -->
