<?xml version="1.0" encoding="UTF-8"?>
<!-- Generated by org.testng.reporters.JUnitReportReporter -->
<testsuite hostname="spirals-vortex.lille.inria.fr" name="org.molgenis.data.security.meta.AttributeRepositorySecurityDecoratorTest" tests="42" failures="0" timestamp="30 May 2018 13:30:10 GMT" time="0.884" errors="0">
  <testcase name="findAllIdsFetchUser" time="0.017" classname="org.molgenis.data.security.meta.AttributeRepositorySecurityDecoratorTest"/>
  <testcase name="findOneQuerySu" time="0.005" classname="org.molgenis.data.security.meta.AttributeRepositorySecurityDecoratorTest"/>
  <testcase name="updateSystemEntity" time="0.007" classname="org.molgenis.data.security.meta.AttributeRepositorySecurityDecoratorTest"/>
  <testcase name="findOneQuerySystem" time="0.002" classname="org.molgenis.data.security.meta.AttributeRepositorySecurityDecoratorTest"/>
  <testcase name="findOneByIdUserPermissionDenied" time="0.004" classname="org.molgenis.data.security.meta.AttributeRepositorySecurityDecoratorTest"/>
  <testcase name="forEachBatchedSystem" time="0.018" classname="org.molgenis.data.security.meta.AttributeRepositorySecurityDecoratorTest"/>
  <testcase name="countQuerySystem" time="0.002" classname="org.molgenis.data.security.meta.AttributeRepositorySecurityDecoratorTest"/>
  <testcase name="findOneByIdSystem" time="0.003" classname="org.molgenis.data.security.meta.AttributeRepositorySecurityDecoratorTest"/>
  <testcase name="findAllIdsFetchSystem" time="0.004" classname="org.molgenis.data.security.meta.AttributeRepositorySecurityDecoratorTest"/>
  <testcase name="aggregateSu" time="0.038" classname="org.molgenis.data.security.meta.AttributeRepositorySecurityDecoratorTest"/>
  <testcase name="findAllIdsFetchSu" time="0.038" classname="org.molgenis.data.security.meta.AttributeRepositorySecurityDecoratorTest"/>
  <testcase name="findAllIdsUser" time="0.005" classname="org.molgenis.data.security.meta.AttributeRepositorySecurityDecoratorTest"/>
  <testcase name="iteratorUser" time="0.006" classname="org.molgenis.data.security.meta.AttributeRepositorySecurityDecoratorTest"/>
  <testcase name="findOneByIdUserPermissionAllowedAttrInCompoundWithOneAttr" time="0.005" classname="org.molgenis.data.security.meta.AttributeRepositorySecurityDecoratorTest"/>
  <testcase name="findAllIdsSu" time="0.007" classname="org.molgenis.data.security.meta.AttributeRepositorySecurityDecoratorTest"/>
  <testcase name="iteratorSystem" time="0.004" classname="org.molgenis.data.security.meta.AttributeRepositorySecurityDecoratorTest"/>
  <testcase name="delete" time="0.012" classname="org.molgenis.data.security.meta.AttributeRepositorySecurityDecoratorTest"/>
  <testcase name="findAllQueryUserOffsetLimit" time="0.007" classname="org.molgenis.data.security.meta.AttributeRepositorySecurityDecoratorTest"/>
  <testcase name="findOneByIdFetchSu" time="0.004" classname="org.molgenis.data.security.meta.AttributeRepositorySecurityDecoratorTest"/>
  <testcase name="findAllQueryUser" time="0.005" classname="org.molgenis.data.security.meta.AttributeRepositorySecurityDecoratorTest"/>
  <testcase name="findOneByIdSu" time="0.007" classname="org.molgenis.data.security.meta.AttributeRepositorySecurityDecoratorTest"/>
  <testcase name="findOneQueryUserPermissionDenied" time="0.003" classname="org.molgenis.data.security.meta.AttributeRepositorySecurityDecoratorTest"/>
  <testcase name="countUser" time="0.005" classname="org.molgenis.data.security.meta.AttributeRepositorySecurityDecoratorTest"/>
  <testcase name="countQueryUser" time="0.014" classname="org.molgenis.data.security.meta.AttributeRepositorySecurityDecoratorTest"/>
  <testcase name="findAllIdsSystem" time="0.005" classname="org.molgenis.data.security.meta.AttributeRepositorySecurityDecoratorTest"/>
  <testcase name="deleteStream" time="0.091" classname="org.molgenis.data.security.meta.AttributeRepositorySecurityDecoratorTest"/>
  <testcase name="forEachBatchedUser" time="0.451" classname="org.molgenis.data.security.meta.AttributeRepositorySecurityDecoratorTest"/>
  <testcase name="findOneQueryUserPermissionAllowed" time="0.004" classname="org.molgenis.data.security.meta.AttributeRepositorySecurityDecoratorTest"/>
  <testcase name="aggregateUser" time="0.005" classname="org.molgenis.data.security.meta.AttributeRepositorySecurityDecoratorTest"/>
  <testcase name="countSu" time="0.006" classname="org.molgenis.data.security.meta.AttributeRepositorySecurityDecoratorTest"/>
  <testcase name="deleteSystemAttribute" time="0.004" classname="org.molgenis.data.security.meta.AttributeRepositorySecurityDecoratorTest"/>
  <testcase name="findOneByIdUserPermissionAllowed" time="0.003" classname="org.molgenis.data.security.meta.AttributeRepositorySecurityDecoratorTest"/>
  <testcase name="forEachBatchedSu" time="0.014" classname="org.molgenis.data.security.meta.AttributeRepositorySecurityDecoratorTest"/>
  <testcase name="findOneByIdFetchUserPermissionAllowed" time="0.007" classname="org.molgenis.data.security.meta.AttributeRepositorySecurityDecoratorTest"/>
  <testcase name="countQuerySu" time="0.038" classname="org.molgenis.data.security.meta.AttributeRepositorySecurityDecoratorTest"/>
  <testcase name="findAllQuerySystem" time="0.004" classname="org.molgenis.data.security.meta.AttributeRepositorySecurityDecoratorTest"/>
  <testcase name="findOneByIdFetchSystem" time="0.002" classname="org.molgenis.data.security.meta.AttributeRepositorySecurityDecoratorTest"/>
  <testcase name="findAllQuerySu" time="0.006" classname="org.molgenis.data.security.meta.AttributeRepositorySecurityDecoratorTest"/>
  <testcase name="aggregateSystem" time="0.003" classname="org.molgenis.data.security.meta.AttributeRepositorySecurityDecoratorTest"/>
  <testcase name="findOneByIdFetchUserPermissionDenied" time="0.005" classname="org.molgenis.data.security.meta.AttributeRepositorySecurityDecoratorTest"/>
  <testcase name="countSystem" time="0.004" classname="org.molgenis.data.security.meta.AttributeRepositorySecurityDecoratorTest"/>
  <testcase name="iteratorSu" time="0.010" classname="org.molgenis.data.security.meta.AttributeRepositorySecurityDecoratorTest"/>
</testsuite> <!-- org.molgenis.data.security.meta.AttributeRepositorySecurityDecoratorTest -->
