<?xml version="1.0" encoding="UTF-8"?>
<!-- Generated by org.testng.reporters.JUnitReportReporter -->
<testsuite hostname="spirals-vortex.lille.inria.fr" name="org.molgenis.data.security.SystemEntityTypeRegistryImplTest" tests="16" failures="0" timestamp="30 May 2018 13:30:10 GMT" time="0.109" errors="0">
  <testcase name="testHasSystemAttributePermittedExists" time="0.001" classname="org.molgenis.data.security.SystemEntityTypeRegistryImplTest"/>
  <testcase name="testGetSystemEntityTypesPermitted" time="0.001" classname="org.molgenis.data.security.SystemEntityTypeRegistryImplTest"/>
  <testcase name="testGetSystemAttributeNotPermitted" time="0.001" classname="org.molgenis.data.security.SystemEntityTypeRegistryImplTest"/>
  <testcase name="testGetSystemEntityTypesNotPermitted" time="0.001" classname="org.molgenis.data.security.SystemEntityTypeRegistryImplTest"/>
  <testcase name="testGetSystemAttributePermittedNotExists" time="0.000" classname="org.molgenis.data.security.SystemEntityTypeRegistryImplTest"/>
  <testcase name="testHasSystemAttributePermittedNotExists" time="0.000" classname="org.molgenis.data.security.SystemEntityTypeRegistryImplTest"/>
  <testcase name="testGetSystemEntityTypeNotExists" time="0.000" classname="org.molgenis.data.security.SystemEntityTypeRegistryImplTest"/>
  <testcase name="testGetSystemEntityTypePermitted" time="0.001" classname="org.molgenis.data.security.SystemEntityTypeRegistryImplTest"/>
  <testcase name="testSystemEntityTypeRegistryImpl" time="0.001" classname="org.molgenis.data.security.SystemEntityTypeRegistryImplTest"/>
  <testcase name="testHasSystemAttributeNotPermitted" time="0.001" classname="org.molgenis.data.security.SystemEntityTypeRegistryImplTest"/>
  <testcase name="testHasSystemEntityTypeNotExists" time="0.001" classname="org.molgenis.data.security.SystemEntityTypeRegistryImplTest"/>
  <testcase name="testGetSystemAttributePermittedExists" time="0.001" classname="org.molgenis.data.security.SystemEntityTypeRegistryImplTest"/>
  <testcase name="testGetSystemAttributeCompoundNotExists" time="0.001" classname="org.molgenis.data.security.SystemEntityTypeRegistryImplTest"/>
  <testcase name="testGetSystemAttributeCompound" time="0.098" classname="org.molgenis.data.security.SystemEntityTypeRegistryImplTest"/>
  <testcase name="testGetSystemEntityTypeNotPermitted" time="0.001" classname="org.molgenis.data.security.SystemEntityTypeRegistryImplTest"/>
  <testcase name="testHasSystemEntityTypeExists" time="0.000" classname="org.molgenis.data.security.SystemEntityTypeRegistryImplTest"/>
</testsuite> <!-- org.molgenis.data.security.SystemEntityTypeRegistryImplTest -->
