<?xml version="1.0" encoding="UTF-8"?>
<!-- Generated by org.testng.reporters.JUnitReportReporter -->
<testsuite hostname="spirals-vortex.lille.inria.fr" name="org.molgenis.data.security.meta.EntityTypeRepositorySecurityDecoratorTest" tests="28" failures="0" timestamp="30 May 2018 15:20:42 GMT" time="0.191" errors="0">
  <testcase name="query" time="0.001" classname="org.molgenis.data.security.meta.EntityTypeRepositorySecurityDecoratorTest"/>
  <testcase name="addNoPermissionOnPack" time="0.001" classname="org.molgenis.data.security.meta.EntityTypeRepositorySecurityDecoratorTest"/>
  <testcase name="deleteSystemEntityType" time="0.002" classname="org.molgenis.data.security.meta.EntityTypeRepositorySecurityDecoratorTest"/>
  <testcase name="add" time="0.035" classname="org.molgenis.data.security.meta.EntityTypeRepositorySecurityDecoratorTest"/>
  <testcase name="countQuery" time="0.002" classname="org.molgenis.data.security.meta.EntityTypeRepositorySecurityDecoratorTest"/>
  <testcase name="aggregateSystem" time="0.002" classname="org.molgenis.data.security.meta.EntityTypeRepositorySecurityDecoratorTest"/>
  <testcase name="updateFromNullToNullPackage" time="0.001" classname="org.molgenis.data.security.meta.EntityTypeRepositorySecurityDecoratorTest"/>
  <testcase name="findAllQueryUser" time="0.002" classname="org.molgenis.data.security.meta.EntityTypeRepositorySecurityDecoratorTest"/>
  <testcase name="updateNoPermissionOnPack" time="0.002" classname="org.molgenis.data.security.meta.EntityTypeRepositorySecurityDecoratorTest"/>
  <testcase name="addNullPackage" time="0.001" classname="org.molgenis.data.security.meta.EntityTypeRepositorySecurityDecoratorTest"/>
  <testcase name="updateSystemEntityType" time="0.001" classname="org.molgenis.data.security.meta.EntityTypeRepositorySecurityDecoratorTest"/>
  <testcase name="count" time="0.003" classname="org.molgenis.data.security.meta.EntityTypeRepositorySecurityDecoratorTest"/>
  <testcase name="findOneByIdFetchUserPermissionDenied" time="0.001" classname="org.molgenis.data.security.meta.EntityTypeRepositorySecurityDecoratorTest"/>
  <testcase name="findAllQueryUserOffsetLimit" time="0.003" classname="org.molgenis.data.security.meta.EntityTypeRepositorySecurityDecoratorTest"/>
  <testcase name="findOneByIdFetchUserPermissionAllowed" time="0.000" classname="org.molgenis.data.security.meta.EntityTypeRepositorySecurityDecoratorTest"/>
  <testcase name="deleteNotAllowed" time="0.001" classname="org.molgenis.data.security.meta.EntityTypeRepositorySecurityDecoratorTest"/>
  <testcase name="findAllIdsFetchUser" time="0.003" classname="org.molgenis.data.security.meta.EntityTypeRepositorySecurityDecoratorTest"/>
  <testcase name="update" time="0.005" classname="org.molgenis.data.security.meta.EntityTypeRepositorySecurityDecoratorTest"/>
  <testcase name="findOneByIdUserPermissionAllowed" time="0.002" classname="org.molgenis.data.security.meta.EntityTypeRepositorySecurityDecoratorTest"/>
  <testcase name="updateToNullPackage" time="0.001" classname="org.molgenis.data.security.meta.EntityTypeRepositorySecurityDecoratorTest"/>
  <testcase name="delete" time="0.002" classname="org.molgenis.data.security.meta.EntityTypeRepositorySecurityDecoratorTest"/>
  <testcase name="updateNotAllowed" time="0.002" classname="org.molgenis.data.security.meta.EntityTypeRepositorySecurityDecoratorTest"/>
  <testcase name="aggregateUser" time="0.001" classname="org.molgenis.data.security.meta.EntityTypeRepositorySecurityDecoratorTest"/>
  <testcase name="findOneByIdUserPermissionDenied" time="0.002" classname="org.molgenis.data.security.meta.EntityTypeRepositorySecurityDecoratorTest"/>
  <testcase name="iteratorUser" time="0.003" classname="org.molgenis.data.security.meta.EntityTypeRepositorySecurityDecoratorTest"/>
  <testcase name="aggregateSu" time="0.003" classname="org.molgenis.data.security.meta.EntityTypeRepositorySecurityDecoratorTest"/>
  <testcase name="findOneQueryUserPermissionAllowed" time="0.001" classname="org.molgenis.data.security.meta.EntityTypeRepositorySecurityDecoratorTest"/>
  <testcase name="findOneQueryUserPermissionDenied" time="0.108" classname="org.molgenis.data.security.meta.EntityTypeRepositorySecurityDecoratorTest"/>
</testsuite> <!-- org.molgenis.data.security.meta.EntityTypeRepositorySecurityDecoratorTest -->
