<?xml version="1.0" encoding="UTF-8"?>
<!-- Generated by org.testng.reporters.JUnitReportReporter -->
<testsuite hostname="spirals-vortex.lille.inria.fr" name="org.molgenis.data.security.permission.RoleMembershipServiceImplTest" tests="3" failures="0" timestamp="30 May 2018 12:44:38 GMT" time="0.406" errors="0">
  <testcase name="addUserToNonExistingRole" time="0.009" classname="org.molgenis.data.security.permission.RoleMembershipServiceImplTest"/>
  <testcase name="addUserToRole" time="0.053" classname="org.molgenis.data.security.permission.RoleMembershipServiceImplTest"/>
  <testcase name="addNonExistingUserToRole" time="0.344" classname="org.molgenis.data.security.permission.RoleMembershipServiceImplTest"/>
</testsuite> <!-- org.molgenis.data.security.permission.RoleMembershipServiceImplTest -->
