<?xml version="1.0" encoding="UTF-8"?>
<!-- Generated by org.testng.reporters.JUnitReportReporter -->
<testsuite hostname="spirals-vortex.lille.inria.fr" name="org.molgenis.data.security.user.UserServiceImplTest" tests="2" failures="0" timestamp="25 May 2018 14:03:21 GMT" time="0.116" errors="0">
  <testcase name="getUser" time="0.112" classname="org.molgenis.data.security.user.UserServiceImplTest"/>
  <testcase name="MolgenisUserServiceImpl" time="0.004" classname="org.molgenis.data.security.user.UserServiceImplTest"/>
</testsuite> <!-- org.molgenis.data.security.user.UserServiceImplTest -->
