<?xml version="1.0" encoding="UTF-8"?>
<!-- Generated by org.testng.reporters.JUnitReportReporter -->
<testsuite hostname="spirals-vortex.lille.inria.fr" name="org.molgenis.data.security.auth.UserRepositoryDecoratorTest" tests="10" failures="0" timestamp="28 May 2018 08:15:02 GMT" time="0.236" errors="0">
  <testcase name="updateStream" time="0.003" classname="org.molgenis.data.security.auth.UserRepositoryDecoratorTest"/>
  <testcase name="addEntity" time="0.095" classname="org.molgenis.data.security.auth.UserRepositoryDecoratorTest"/>
  <testcase name="deleteAll" time="0.001" classname="org.molgenis.data.security.auth.UserRepositoryDecoratorTest"/>
  <testcase name="addEntitySu" time="0.042" classname="org.molgenis.data.security.auth.UserRepositoryDecoratorTest"/>
  <testcase name="addStream" time="0.004" classname="org.molgenis.data.security.auth.UserRepositoryDecoratorTest"/>
  <testcase name="deleteById" time="0.002" classname="org.molgenis.data.security.auth.UserRepositoryDecoratorTest"/>
  <testcase name="delete" time="0.045" classname="org.molgenis.data.security.auth.UserRepositoryDecoratorTest"/>
  <testcase name="updateStreamUnchangedPassword" time="0.038" classname="org.molgenis.data.security.auth.UserRepositoryDecoratorTest"/>
  <testcase name="deleteStream" time="0.003" classname="org.molgenis.data.security.auth.UserRepositoryDecoratorTest"/>
  <testcase name="deleteAllStream" time="0.003" classname="org.molgenis.data.security.auth.UserRepositoryDecoratorTest"/>
</testsuite> <!-- org.molgenis.data.security.auth.UserRepositoryDecoratorTest -->
