<?xml version="1.0" encoding="UTF-8"?>
<!-- Generated by org.testng.reporters.JUnitReportReporter -->
<testsuite hostname="spirals-vortex.lille.inria.fr" name="org.molgenis.data.security.RepositorySecurityDecoratorTest" tests="42" failures="0" timestamp="30 May 2018 12:44:38 GMT" time="0.048" errors="0">
  <testcase name="testFindAllStreamPermissionGranted" time="0.000" classname="org.molgenis.data.security.RepositorySecurityDecoratorTest"/>
  <testcase name="testForEachBatchedPermissionDenied" time="0.009" classname="org.molgenis.data.security.RepositorySecurityDecoratorTest"/>
  <testcase name="testFindOneByIdFetchPermissionDenied" time="0.000" classname="org.molgenis.data.security.RepositorySecurityDecoratorTest"/>
  <testcase name="testDeleteStreamPermissionGranted" time="0.001" classname="org.molgenis.data.security.RepositorySecurityDecoratorTest"/>
  <testcase name="testAggregatePermissionDenied" time="0.000" classname="org.molgenis.data.security.RepositorySecurityDecoratorTest"/>
  <testcase name="testFindAllStreamFetchPermissionGranted" time="0.001" classname="org.molgenis.data.security.RepositorySecurityDecoratorTest"/>
  <testcase name="testFindOneByIdFetchPermissionGranted" time="0.002" classname="org.molgenis.data.security.RepositorySecurityDecoratorTest"/>
  <testcase name="testFindOneQueryPermissionGranted" time="0.001" classname="org.molgenis.data.security.RepositorySecurityDecoratorTest"/>
  <testcase name="testAddStreamPermissionDenied" time="0.001" classname="org.molgenis.data.security.RepositorySecurityDecoratorTest"/>
  <testcase name="testDeleteAllPermissionGranted" time="0.002" classname="org.molgenis.data.security.RepositorySecurityDecoratorTest"/>
  <testcase name="testDeletePermissionDenied" time="0.000" classname="org.molgenis.data.security.RepositorySecurityDecoratorTest"/>
  <testcase name="testUpdatePermissionDenied" time="0.001" classname="org.molgenis.data.security.RepositorySecurityDecoratorTest"/>
  <testcase name="testAddStreamPermissionGranted" time="0.002" classname="org.molgenis.data.security.RepositorySecurityDecoratorTest"/>
  <testcase name="testUpdateStreamPermissionDenied" time="0.000" classname="org.molgenis.data.security.RepositorySecurityDecoratorTest"/>
  <testcase name="testForEachBatchedPermissionGranted" time="0.000" classname="org.molgenis.data.security.RepositorySecurityDecoratorTest"/>
  <testcase name="testFindOneByIdPermissionGranted" time="0.001" classname="org.molgenis.data.security.RepositorySecurityDecoratorTest"/>
  <testcase name="testCountPermissionDenied" time="0.001" classname="org.molgenis.data.security.RepositorySecurityDecoratorTest"/>
  <testcase name="testCloseNoPermissionsNeeded" time="0.001" classname="org.molgenis.data.security.RepositorySecurityDecoratorTest"/>
  <testcase name="testCountQueryPermissionDenied" time="0.003" classname="org.molgenis.data.security.RepositorySecurityDecoratorTest"/>
  <testcase name="testAddPermissionDenied" time="0.001" classname="org.molgenis.data.security.RepositorySecurityDecoratorTest"/>
  <testcase name="testFindAllStreamPermissionDenied" time="0.000" classname="org.molgenis.data.security.RepositorySecurityDecoratorTest"/>
  <testcase name="testDeletePermissionGranted" time="0.001" classname="org.molgenis.data.security.RepositorySecurityDecoratorTest"/>
  <testcase name="testDeleteStreamPermissionDenied" time="0.000" classname="org.molgenis.data.security.RepositorySecurityDecoratorTest"/>
  <testcase name="testFindAllQueryPermissionDenied" time="0.000" classname="org.molgenis.data.security.RepositorySecurityDecoratorTest"/>
  <testcase name="testAggregatePermissionGranted" time="0.001" classname="org.molgenis.data.security.RepositorySecurityDecoratorTest"/>
  <testcase name="testIteratorPermissionGranted" time="0.001" classname="org.molgenis.data.security.RepositorySecurityDecoratorTest"/>
  <testcase name="testDeleteByIdPermissionDenied" time="0.006" classname="org.molgenis.data.security.RepositorySecurityDecoratorTest"/>
  <testcase name="testCountPermissionGranted" time="0.002" classname="org.molgenis.data.security.RepositorySecurityDecoratorTest"/>
  <testcase name="testDeleteByIdPermissionGranted" time="0.000" classname="org.molgenis.data.security.RepositorySecurityDecoratorTest"/>
  <testcase name="testUpdatePermissionGranted" time="0.000" classname="org.molgenis.data.security.RepositorySecurityDecoratorTest"/>
  <testcase name="testDeleteAllPermissionDenied" time="0.001" classname="org.molgenis.data.security.RepositorySecurityDecoratorTest"/>
  <testcase name="testCountQueryPermissionGranted" time="0.001" classname="org.molgenis.data.security.RepositorySecurityDecoratorTest"/>
  <testcase name="testDeleteAllStreamPermissionGranted" time="0.001" classname="org.molgenis.data.security.RepositorySecurityDecoratorTest"/>
  <testcase name="testIteratorPermissionDenied" time="0.000" classname="org.molgenis.data.security.RepositorySecurityDecoratorTest"/>
  <testcase name="testAddPermissionGranted" time="0.001" classname="org.molgenis.data.security.RepositorySecurityDecoratorTest"/>
  <testcase name="testFindAllQueryPermissionGranted" time="0.002" classname="org.molgenis.data.security.RepositorySecurityDecoratorTest"/>
  <testcase name="testFindOneByIdPermissionDenied" time="0.000" classname="org.molgenis.data.security.RepositorySecurityDecoratorTest"/>
  <testcase name="testDeleteAllStreamPermissionDenied" time="0.001" classname="org.molgenis.data.security.RepositorySecurityDecoratorTest"/>
  <testcase name="testFindOneQueryPermissionDenied" time="0.001" classname="org.molgenis.data.security.RepositorySecurityDecoratorTest"/>
  <testcase name="testFindAllStreamFetchPermissionDenied" time="0.001" classname="org.molgenis.data.security.RepositorySecurityDecoratorTest"/>
  <testcase name="testUpdateStreamPermissionGranted" time="0.000" classname="org.molgenis.data.security.RepositorySecurityDecoratorTest"/>
  <testcase name="testRepositorySecurityDecorator" time="0.001" classname="org.molgenis.data.security.RepositorySecurityDecoratorTest"/>
</testsuite> <!-- org.molgenis.data.security.RepositorySecurityDecoratorTest -->
