<?xml version="1.0" encoding="UTF-8"?>
<testsuite xmlns:xsi="http://www.w3.org/2001/XMLSchema-instance" xsi:noNamespaceSchemaLocation="https://maven.apache.org/surefire/maven-surefire-plugin/xsd/surefire-test-report.xsd" name="TestSuite" time="11.249" tests="315" errors="0" skipped="0" failures="0">
  <properties>
    <property name="awt.toolkit" value="sun.awt.X11.XToolkit"/>
    <property name="file.encoding.pkg" value="sun.io"/>
    <property name="java.specification.version" value="1.8"/>
    <property name="sun.cpu.isalist" value=""/>
    <property name="sun.jnu.encoding" value="UTF-8"/>
    <property name="java.class.path" value="/root/workspace/molgenis/molgenis/386600939/molgenis-data-elasticsearch/target/test-classes:/root/workspace/molgenis/molgenis/386600939/molgenis-data-elasticsearch/target/classes:/root/workspace/molgenis/molgenis/386600939/molgenis-data/target/classes:/root/workspace/molgenis/molgenis/386600939/molgenis-util/target/classes:/root/./workspace/molgenis/molgenis/386600939/.m2/org/springframework/spring-context-support/5.0.6.RELEASE/spring-context-support-5.0.6.RELEASE.jar:/root/./workspace/molgenis/molgenis/386600939/.m2/com/sun/mail/javax.mail/1.6.1/javax.mail-1.6.1.jar:/root/./workspace/molgenis/molgenis/386600939/.m2/javax/activation/activation/1.1.1/activation-1.1.1.jar:/root/./workspace/molgenis/molgenis/386600939/.m2/org/mapdb/mapdb/1.0.6/mapdb-1.0.6.jar:/root/workspace/molgenis/molgenis/386600939/molgenis-i18n/target/classes:/root/./workspace/molgenis/molgenis/386600939/.m2/org/springframework/spring-tx/5.0.6.RELEASE/spring-tx-5.0.6.RELEASE.jar:/root/./workspace/molgenis/molgenis/386600939/.m2/com/google/code/gson/gson/2.8.4/gson-2.8.4.jar:/root/./workspace/molgenis/molgenis/386600939/.m2/com/eaio/uuid/uuid/3.2/uuid-3.2.jar:/root/./workspace/molgenis/molgenis/386600939/.m2/com/mchange/c3p0/0.9.5.2/c3p0-0.9.5.2.jar:/root/./workspace/molgenis/molgenis/386600939/.m2/com/mchange/mchange-commons-java/0.2.11/mchange-commons-java-0.2.11.jar:/root/./workspace/molgenis/molgenis/386600939/.m2/org/springframework/retry/spring-retry/1.2.2.RELEASE/spring-retry-1.2.2.RELEASE.jar:/root/./workspace/molgenis/molgenis/386600939/.m2/org/springframework/spring-core/5.0.6.RELEASE/spring-core-5.0.6.RELEASE.jar:/root/./workspace/molgenis/molgenis/386600939/.m2/org/springframework/spring-jcl/5.0.6.RELEASE/spring-jcl-5.0.6.RELEASE.jar:/root/workspace/molgenis/molgenis/386600939/molgenis-data-index/target/classes:/root/workspace/molgenis/molgenis/386600939/molgenis-jobs/target/classes:/root/workspace/molgenis/molgenis/386600939/molgenis-security/target/classes:/root/workspace/molgenis/molgenis/386600939/molgenis-core/target/classes:/root/workspace/molgenis/molgenis/386600939/molgenis-data-plugin/target/classes:/root/workspace/molgenis/molgenis/386600939/molgenis-data-security/target/classes:/root/workspace/molgenis/molgenis/386600939/molgenis-settings/target/classes:/root/workspace/molgenis/molgenis/386600939/molgenis-web/target/classes:/root/workspace/molgenis/molgenis/386600939/molgenis-data-csv/target/classes:/root/./workspace/molgenis/molgenis/386600939/.m2/net/sf/opencsv/opencsv/2.3/opencsv-2.3.jar:/root/./workspace/molgenis/molgenis/386600939/.m2/cz/jirutka/rsql/rsql-parser/2.0.0/rsql-parser-2.0.0.jar:/root/./workspace/molgenis/molgenis/386600939/.m2/com/fatboyindustrial/gson-javatime-serialisers/gson-javatime-serialisers/1.1.1/gson-javatime-serialisers-1.1.1.jar:/root/./workspace/molgenis/molgenis/386600939/.m2/io/swagger/swagger-annotations/1.5.16/swagger-annotations-1.5.16.jar:/root/./workspace/molgenis/molgenis/386600939/.m2/com/github/ben-manes/caffeine/caffeine/2.6.2/caffeine-2.6.2.jar:/root/./workspace/molgenis/molgenis/386600939/.m2/org/freemarker/freemarker/2.3.28/freemarker-2.3.28.jar:/root/./workspace/molgenis/molgenis/386600939/.m2/cn/apiclub/tool/simplecaptcha/1.2.2/simplecaptcha-1.2.2.jar:/root/./workspace/molgenis/molgenis/386600939/.m2/org/springframework/spring-webmvc/5.0.6.RELEASE/spring-webmvc-5.0.6.RELEASE.jar:/root/./workspace/molgenis/molgenis/386600939/.m2/org/springframework/security/spring-security-config/5.0.5.RELEASE/spring-security-config-5.0.5.RELEASE.jar:/root/./workspace/molgenis/molgenis/386600939/.m2/com/google/api-client/google-api-client/1.21.0/google-api-client-1.21.0.jar:/root/./workspace/molgenis/molgenis/386600939/.m2/com/google/oauth-client/google-oauth-client/1.21.0/google-oauth-client-1.21.0.jar:/root/./workspace/molgenis/molgenis/386600939/.m2/com/google/http-client/google-http-client/1.21.0/google-http-client-1.21.0.jar:/root/./workspace/molgenis/molgenis/386600939/.m2/com/google/http-client/google-http-client-jackson2/1.21.0/google-http-client-jackson2-1.21.0.jar:/root/./workspace/molgenis/molgenis/386600939/.m2/org/jboss/aerogear/aerogear-otp-java/1.0.0/aerogear-otp-java-1.0.0.jar:/root/./workspace/molgenis/molgenis/386600939/.m2/org/hibernate/validator/hibernate-validator/6.0.9.Final/hibernate-validator-6.0.9.Final.jar:/root/./workspace/molgenis/molgenis/386600939/.m2/javax/validation/validation-api/2.0.1.Final/validation-api-2.0.1.Final.jar:/root/./workspace/molgenis/molgenis/386600939/.m2/org/jboss/logging/jboss-logging/3.3.2.Final/jboss-logging-3.3.2.Final.jar:/root/./workspace/molgenis/molgenis/386600939/.m2/com/fasterxml/classmate/1.3.4/classmate-1.3.4.jar:/root/./workspace/molgenis/molgenis/386600939/.m2/org/glassfish/javax.el/3.0.0/javax.el-3.0.0.jar:/root/./workspace/molgenis/molgenis/386600939/.m2/org/quartz-scheduler/quartz/2.3.0/quartz-2.3.0.jar:/root/./workspace/molgenis/molgenis/386600939/.m2/joda-time/joda-time/2.9.9/joda-time-2.9.9.jar:/root/workspace/molgenis/molgenis/386600939/molgenis-data-validation/target/classes:/root/workspace/molgenis/molgenis/386600939/molgenis-data-file/target/classes:/root/workspace/molgenis/molgenis/386600939/molgenis-js/target/classes:/root/workspace/molgenis/molgenis/386600939/molgenis-scripts-core/target/classes:/root/./workspace/molgenis/molgenis/386600939/.m2/org/everit/json/org.everit.json.schema/1.5.1/org.everit.json.schema-1.5.1.jar:/root/./workspace/molgenis/molgenis/386600939/.m2/org/json/json/20141113/json-20141113.jar:/root/./workspace/molgenis/molgenis/386600939/.m2/commons-validator/commons-validator/1.5.1/commons-validator-1.5.1.jar:/root/./workspace/molgenis/molgenis/386600939/.m2/commons-beanutils/commons-beanutils/1.9.3/commons-beanutils-1.9.3.jar:/root/./workspace/molgenis/molgenis/386600939/.m2/commons-digester/commons-digester/1.8.1/commons-digester-1.8.1.jar:/root/./workspace/molgenis/molgenis/386600939/.m2/commons-collections/commons-collections/3.2.2/commons-collections-3.2.2.jar:/root/workspace/molgenis/molgenis/386600939/molgenis-security-core/target/classes:/root/./workspace/molgenis/molgenis/386600939/.m2/org/springframework/security/spring-security-acl/5.0.5.RELEASE/spring-security-acl-5.0.5.RELEASE.jar:/root/./workspace/molgenis/molgenis/386600939/.m2/org/springframework/spring-jdbc/5.0.6.RELEASE/spring-jdbc-5.0.6.RELEASE.jar:/root/./workspace/molgenis/molgenis/386600939/.m2/org/springframework/spring-aspects/5.0.6.RELEASE/spring-aspects-5.0.6.RELEASE.jar:/root/./workspace/molgenis/molgenis/386600939/.m2/org/aspectj/aspectjweaver/1.8.13/aspectjweaver-1.8.13.jar:/root/./workspace/molgenis/molgenis/386600939/.m2/com/google/code/findbugs/jsr305/3.0.2/jsr305-3.0.2.jar:/root/./workspace/molgenis/molgenis/386600939/.m2/org/springframework/security/spring-security-core/5.0.5.RELEASE/spring-security-core-5.0.5.RELEASE.jar:/root/./workspace/molgenis/molgenis/386600939/.m2/org/springframework/spring-aop/5.0.6.RELEASE/spring-aop-5.0.6.RELEASE.jar:/root/./workspace/molgenis/molgenis/386600939/.m2/org/springframework/spring-beans/5.0.6.RELEASE/spring-beans-5.0.6.RELEASE.jar:/root/./workspace/molgenis/molgenis/386600939/.m2/org/springframework/spring-context/5.0.6.RELEASE/spring-context-5.0.6.RELEASE.jar:/root/./workspace/molgenis/molgenis/386600939/.m2/org/springframework/spring-expression/5.0.6.RELEASE/spring-expression-5.0.6.RELEASE.jar:/root/./workspace/molgenis/molgenis/386600939/.m2/com/google/auto/value/auto-value/1.4.1/auto-value-1.4.1.jar:/root/./workspace/molgenis/molgenis/386600939/.m2/org/elasticsearch/client/transport/5.5.1/transport-5.5.1.jar:/root/./workspace/molgenis/molgenis/386600939/.m2/org/elasticsearch/elasticsearch/5.5.1/elasticsearch-5.5.1.jar:/root/./workspace/molgenis/molgenis/386600939/.m2/org/apache/lucene/lucene-core/6.6.0/lucene-core-6.6.0.jar:/root/./workspace/molgenis/molgenis/386600939/.m2/org/apache/lucene/lucene-analyzers-common/6.6.0/lucene-analyzers-common-6.6.0.jar:/root/./workspace/molgenis/molgenis/386600939/.m2/org/apache/lucene/lucene-backward-codecs/6.6.0/lucene-backward-codecs-6.6.0.jar:/root/./workspace/molgenis/molgenis/386600939/.m2/org/apache/lucene/lucene-grouping/6.6.0/lucene-grouping-6.6.0.jar:/root/./workspace/molgenis/molgenis/386600939/.m2/org/apache/lucene/lucene-highlighter/6.6.0/lucene-highlighter-6.6.0.jar:/root/./workspace/molgenis/molgenis/386600939/.m2/org/apache/lucene/lucene-join/6.6.0/lucene-join-6.6.0.jar:/root/./workspace/molgenis/molgenis/386600939/.m2/org/apache/lucene/lucene-memory/6.6.0/lucene-memory-6.6.0.jar:/root/./workspace/molgenis/molgenis/386600939/.m2/org/apache/lucene/lucene-misc/6.6.0/lucene-misc-6.6.0.jar:/root/./workspace/molgenis/molgenis/386600939/.m2/org/apache/lucene/lucene-queries/6.6.0/lucene-queries-6.6.0.jar:/root/./workspace/molgenis/molgenis/386600939/.m2/org/apache/lucene/lucene-queryparser/6.6.0/lucene-queryparser-6.6.0.jar:/root/./workspace/molgenis/molgenis/386600939/.m2/org/apache/lucene/lucene-sandbox/6.6.0/lucene-sandbox-6.6.0.jar:/root/./workspace/molgenis/molgenis/386600939/.m2/org/apache/lucene/lucene-spatial/6.6.0/lucene-spatial-6.6.0.jar:/root/./workspace/molgenis/molgenis/386600939/.m2/org/apache/lucene/lucene-spatial-extras/6.6.0/lucene-spatial-extras-6.6.0.jar:/root/./workspace/molgenis/molgenis/386600939/.m2/org/apache/lucene/lucene-spatial3d/6.6.0/lucene-spatial3d-6.6.0.jar:/root/./workspace/molgenis/molgenis/386600939/.m2/org/apache/lucene/lucene-suggest/6.6.0/lucene-suggest-6.6.0.jar:/root/./workspace/molgenis/molgenis/386600939/.m2/org/elasticsearch/securesm/1.1/securesm-1.1.jar:/root/./workspace/molgenis/molgenis/386600939/.m2/net/sf/jopt-simple/jopt-simple/5.0.4/jopt-simple-5.0.4.jar:/root/./workspace/molgenis/molgenis/386600939/.m2/com/carrotsearch/hppc/0.7.1/hppc-0.7.1.jar:/root/./workspace/molgenis/molgenis/386600939/.m2/org/yaml/snakeyaml/1.19/snakeyaml-1.19.jar:/root/./workspace/molgenis/molgenis/386600939/.m2/com/fasterxml/jackson/core/jackson-core/2.9.5/jackson-core-2.9.5.jar:/root/./workspace/molgenis/molgenis/386600939/.m2/com/fasterxml/jackson/dataformat/jackson-dataformat-smile/2.9.5/jackson-dataformat-smile-2.9.5.jar:/root/./workspace/molgenis/molgenis/386600939/.m2/com/fasterxml/jackson/dataformat/jackson-dataformat-yaml/2.9.5/jackson-dataformat-yaml-2.9.5.jar:/root/./workspace/molgenis/molgenis/386600939/.m2/com/fasterxml/jackson/dataformat/jackson-dataformat-cbor/2.9.5/jackson-dataformat-cbor-2.9.5.jar:/root/./workspace/molgenis/molgenis/386600939/.m2/com/tdunning/t-digest/3.0/t-digest-3.0.jar:/root/./workspace/molgenis/molgenis/386600939/.m2/org/hdrhistogram/HdrHistogram/2.1.9/HdrHistogram-2.1.9.jar:/root/./workspace/molgenis/molgenis/386600939/.m2/org/apache/logging/log4j/log4j-api/2.10.0/log4j-api-2.10.0.jar:/root/./workspace/molgenis/molgenis/386600939/.m2/org/elasticsearch/jna/4.4.0/jna-4.4.0.jar:/root/./workspace/molgenis/molgenis/386600939/.m2/org/elasticsearch/plugin/transport-netty3-client/5.5.1/transport-netty3-client-5.5.1.jar:/root/./workspace/molgenis/molgenis/386600939/.m2/io/netty/netty/3.10.6.Final/netty-3.10.6.Final.jar:/root/./workspace/molgenis/molgenis/386600939/.m2/org/elasticsearch/plugin/transport-netty4-client/5.5.1/transport-netty4-client-5.5.1.jar:/root/./workspace/molgenis/molgenis/386600939/.m2/io/netty/netty-buffer/4.1.24.Final/netty-buffer-4.1.24.Final.jar:/root/./workspace/molgenis/molgenis/386600939/.m2/io/netty/netty-codec/4.1.24.Final/netty-codec-4.1.24.Final.jar:/root/./workspace/molgenis/molgenis/386600939/.m2/io/netty/netty-codec-http/4.1.24.Final/netty-codec-http-4.1.24.Final.jar:/root/./workspace/molgenis/molgenis/386600939/.m2/io/netty/netty-common/4.1.24.Final/netty-common-4.1.24.Final.jar:/root/./workspace/molgenis/molgenis/386600939/.m2/io/netty/netty-handler/4.1.24.Final/netty-handler-4.1.24.Final.jar:/root/./workspace/molgenis/molgenis/386600939/.m2/io/netty/netty-resolver/4.1.24.Final/netty-resolver-4.1.24.Final.jar:/root/./workspace/molgenis/molgenis/386600939/.m2/io/netty/netty-transport/4.1.24.Final/netty-transport-4.1.24.Final.jar:/root/./workspace/molgenis/molgenis/386600939/.m2/org/elasticsearch/plugin/reindex-client/5.5.1/reindex-client-5.5.1.jar:/root/./workspace/molgenis/molgenis/386600939/.m2/org/elasticsearch/client/rest/5.5.1/rest-5.5.1.jar:/root/./workspace/molgenis/molgenis/386600939/.m2/org/apache/httpcomponents/httpclient/4.5.5/httpclient-4.5.5.jar:/root/./workspace/molgenis/molgenis/386600939/.m2/org/apache/httpcomponents/httpcore/4.4.9/httpcore-4.4.9.jar:/root/./workspace/molgenis/molgenis/386600939/.m2/org/apache/httpcomponents/httpasyncclient/4.1.3/httpasyncclient-4.1.3.jar:/root/./workspace/molgenis/molgenis/386600939/.m2/org/apache/httpcomponents/httpcore-nio/4.4.9/httpcore-nio-4.4.9.jar:/root/./workspace/molgenis/molgenis/386600939/.m2/commons-codec/commons-codec/1.11/commons-codec-1.11.jar:/root/./workspace/molgenis/molgenis/386600939/.m2/org/elasticsearch/plugin/lang-mustache-client/5.5.1/lang-mustache-client-5.5.1.jar:/root/./workspace/molgenis/molgenis/386600939/.m2/com/github/spullara/mustache/java/compiler/0.9.3/compiler-0.9.3.jar:/root/./workspace/molgenis/molgenis/386600939/.m2/org/elasticsearch/plugin/percolator-client/5.5.1/percolator-client-5.5.1.jar:/root/./workspace/molgenis/molgenis/386600939/.m2/org/elasticsearch/plugin/parent-join-client/5.5.1/parent-join-client-5.5.1.jar:/root/./workspace/molgenis/molgenis/386600939/.m2/commons-io/commons-io/2.6/commons-io-2.6.jar:/root/./workspace/molgenis/molgenis/386600939/.m2/org/apache/commons/commons-lang3/3.7/commons-lang3-3.7.jar:/root/workspace/molgenis/molgenis/386600939/molgenis-data/target/test-classes:/root/workspace/molgenis/molgenis/386600939/molgenis-data-index/target/test-classes:/root/workspace/molgenis/molgenis/386600939/molgenis-test/target/classes:/root/./workspace/molgenis/molgenis/386600939/.m2/org/testng/testng/6.8/testng-6.8.jar:/root/./workspace/molgenis/molgenis/386600939/.m2/junit/junit/4.12/junit-4.12.jar:/root/./workspace/molgenis/molgenis/386600939/.m2/org/hamcrest/hamcrest-core/1.3/hamcrest-core-1.3.jar:/root/./workspace/molgenis/molgenis/386600939/.m2/org/beanshell/bsh/2.0b5/bsh-2.0b5.jar:/root/./workspace/molgenis/molgenis/386600939/.m2/com/beust/jcommander/1.27/jcommander-1.27.jar:/root/./workspace/molgenis/molgenis/386600939/.m2/org/mockito/mockito-core/2.7.22/mockito-core-2.7.22.jar:/root/./workspace/molgenis/molgenis/386600939/.m2/net/bytebuddy/byte-buddy/1.7.11/byte-buddy-1.7.11.jar:/root/./workspace/molgenis/molgenis/386600939/.m2/net/bytebuddy/byte-buddy-agent/1.7.11/byte-buddy-agent-1.7.11.jar:/root/./workspace/molgenis/molgenis/386600939/.m2/org/objenesis/objenesis/2.6/objenesis-2.6.jar:/root/./workspace/molgenis/molgenis/386600939/.m2/org/hamcrest/hamcrest-all/1.3/hamcrest-all-1.3.jar:/root/./workspace/molgenis/molgenis/386600939/.m2/javax/servlet/javax.servlet-api/3.1.0/javax.servlet-api-3.1.0.jar:/root/./workspace/molgenis/molgenis/386600939/.m2/org/springframework/spring-test/5.0.6.RELEASE/spring-test-5.0.6.RELEASE.jar:/root/./workspace/molgenis/molgenis/386600939/.m2/com/fasterxml/jackson/core/jackson-databind/2.9.5/jackson-databind-2.9.5.jar:/root/./workspace/molgenis/molgenis/386600939/.m2/com/fasterxml/jackson/core/jackson-annotations/2.9.0/jackson-annotations-2.9.0.jar:/root/./workspace/molgenis/molgenis/386600939/.m2/org/springframework/security/spring-security-test/5.0.5.RELEASE/spring-security-test-5.0.5.RELEASE.jar:/root/./workspace/molgenis/molgenis/386600939/.m2/org/springframework/security/spring-security-web/5.0.5.RELEASE/spring-security-web-5.0.5.RELEASE.jar:/root/./workspace/molgenis/molgenis/386600939/.m2/org/springframework/spring-web/5.0.6.RELEASE/spring-web-5.0.6.RELEASE.jar:/root/./workspace/molgenis/molgenis/386600939/.m2/org/springframework/boot/spring-boot-starter-logging/2.0.2.RELEASE/spring-boot-starter-logging-2.0.2.RELEASE.jar:/root/./workspace/molgenis/molgenis/386600939/.m2/ch/qos/logback/logback-classic/1.2.3/logback-classic-1.2.3.jar:/root/./workspace/molgenis/molgenis/386600939/.m2/ch/qos/logback/logback-core/1.2.3/logback-core-1.2.3.jar:/root/./workspace/molgenis/molgenis/386600939/.m2/org/apache/logging/log4j/log4j-to-slf4j/2.10.0/log4j-to-slf4j-2.10.0.jar:/root/./workspace/molgenis/molgenis/386600939/.m2/org/slf4j/jul-to-slf4j/1.7.25/jul-to-slf4j-1.7.25.jar:/root/./workspace/molgenis/molgenis/386600939/.m2/org/slf4j/log4j-over-slf4j/1.7.25/log4j-over-slf4j-1.7.25.jar:/root/./workspace/molgenis/molgenis/386600939/.m2/org/slf4j/slf4j-api/1.7.25/slf4j-api-1.7.25.jar:/root/./workspace/molgenis/molgenis/386600939/.m2/com/google/guava/guava/25.0-jre/guava-25.0-jre.jar:/root/./workspace/molgenis/molgenis/386600939/.m2/org/apache/maven/surefire/surefire-testng-utils/2.21.0/surefire-testng-utils-2.21.0.jar:/root/./workspace/molgenis/molgenis/386600939/.m2/org/apache/maven/surefire/surefire-grouper/2.21.0/surefire-grouper-2.21.0.jar:"/>
    <property name="java.vm.vendor" value="Oracle Corporation"/>
    <property name="skip.bower" value="true"/>
    <property name="sun.arch.data.model" value="64"/>
    <property name="java.vendor.url" value="http://java.oracle.com/"/>
    <property name="user.timezone" value=""/>
    <property name="java.vm.specification.version" value="1.8"/>
    <property name="os.name" value="Linux"/>
    <property name="rat.skip" value="true"/>
    <property name="gpg.skip" value="true"/>
    <property name="sun.java.launcher" value="SUN_STANDARD"/>
    <property name="sun.boot.library.path" value="/usr/lib/jvm/java-8-openjdk-amd64/jre/lib/amd64"/>
    <property name="skip.gulp" value="true"/>
    <property name="sun.java.command" value="/root/workspace/molgenis/molgenis/386600939/molgenis-data-elasticsearch/target/surefire/surefirebooter399745494969540936.jar /root/workspace/molgenis/molgenis/386600939/molgenis-data-elasticsearch/target/surefire 2018-06-01T13-16-23_183-jvmRun1 surefire7722369197831580689tmp surefire_372666142698130892802tmp"/>
    <property name="dependency-check.skip" value="true"/>
    <property name="surefire.test.class.path" value="/root/workspace/molgenis/molgenis/386600939/molgenis-data-elasticsearch/target/test-classes:/root/workspace/molgenis/molgenis/386600939/molgenis-data-elasticsearch/target/classes:/root/workspace/molgenis/molgenis/386600939/molgenis-data/target/classes:/root/workspace/molgenis/molgenis/386600939/molgenis-util/target/classes:/root/./workspace/molgenis/molgenis/386600939/.m2/org/springframework/spring-context-support/5.0.6.RELEASE/spring-context-support-5.0.6.RELEASE.jar:/root/./workspace/molgenis/molgenis/386600939/.m2/com/sun/mail/javax.mail/1.6.1/javax.mail-1.6.1.jar:/root/./workspace/molgenis/molgenis/386600939/.m2/javax/activation/activation/1.1.1/activation-1.1.1.jar:/root/./workspace/molgenis/molgenis/386600939/.m2/org/mapdb/mapdb/1.0.6/mapdb-1.0.6.jar:/root/workspace/molgenis/molgenis/386600939/molgenis-i18n/target/classes:/root/./workspace/molgenis/molgenis/386600939/.m2/org/springframework/spring-tx/5.0.6.RELEASE/spring-tx-5.0.6.RELEASE.jar:/root/./workspace/molgenis/molgenis/386600939/.m2/com/google/code/gson/gson/2.8.4/gson-2.8.4.jar:/root/./workspace/molgenis/molgenis/386600939/.m2/com/eaio/uuid/uuid/3.2/uuid-3.2.jar:/root/./workspace/molgenis/molgenis/386600939/.m2/com/mchange/c3p0/0.9.5.2/c3p0-0.9.5.2.jar:/root/./workspace/molgenis/molgenis/386600939/.m2/com/mchange/mchange-commons-java/0.2.11/mchange-commons-java-0.2.11.jar:/root/./workspace/molgenis/molgenis/386600939/.m2/org/springframework/retry/spring-retry/1.2.2.RELEASE/spring-retry-1.2.2.RELEASE.jar:/root/./workspace/molgenis/molgenis/386600939/.m2/org/springframework/spring-core/5.0.6.RELEASE/spring-core-5.0.6.RELEASE.jar:/root/./workspace/molgenis/molgenis/386600939/.m2/org/springframework/spring-jcl/5.0.6.RELEASE/spring-jcl-5.0.6.RELEASE.jar:/root/workspace/molgenis/molgenis/386600939/molgenis-data-index/target/classes:/root/workspace/molgenis/molgenis/386600939/molgenis-jobs/target/classes:/root/workspace/molgenis/molgenis/386600939/molgenis-security/target/classes:/root/workspace/molgenis/molgenis/386600939/molgenis-core/target/classes:/root/workspace/molgenis/molgenis/386600939/molgenis-data-plugin/target/classes:/root/workspace/molgenis/molgenis/386600939/molgenis-data-security/target/classes:/root/workspace/molgenis/molgenis/386600939/molgenis-settings/target/classes:/root/workspace/molgenis/molgenis/386600939/molgenis-web/target/classes:/root/workspace/molgenis/molgenis/386600939/molgenis-data-csv/target/classes:/root/./workspace/molgenis/molgenis/386600939/.m2/net/sf/opencsv/opencsv/2.3/opencsv-2.3.jar:/root/./workspace/molgenis/molgenis/386600939/.m2/cz/jirutka/rsql/rsql-parser/2.0.0/rsql-parser-2.0.0.jar:/root/./workspace/molgenis/molgenis/386600939/.m2/com/fatboyindustrial/gson-javatime-serialisers/gson-javatime-serialisers/1.1.1/gson-javatime-serialisers-1.1.1.jar:/root/./workspace/molgenis/molgenis/386600939/.m2/io/swagger/swagger-annotations/1.5.16/swagger-annotations-1.5.16.jar:/root/./workspace/molgenis/molgenis/386600939/.m2/com/github/ben-manes/caffeine/caffeine/2.6.2/caffeine-2.6.2.jar:/root/./workspace/molgenis/molgenis/386600939/.m2/org/freemarker/freemarker/2.3.28/freemarker-2.3.28.jar:/root/./workspace/molgenis/molgenis/386600939/.m2/cn/apiclub/tool/simplecaptcha/1.2.2/simplecaptcha-1.2.2.jar:/root/./workspace/molgenis/molgenis/386600939/.m2/org/springframework/spring-webmvc/5.0.6.RELEASE/spring-webmvc-5.0.6.RELEASE.jar:/root/./workspace/molgenis/molgenis/386600939/.m2/org/springframework/security/spring-security-config/5.0.5.RELEASE/spring-security-config-5.0.5.RELEASE.jar:/root/./workspace/molgenis/molgenis/386600939/.m2/com/google/api-client/google-api-client/1.21.0/google-api-client-1.21.0.jar:/root/./workspace/molgenis/molgenis/386600939/.m2/com/google/oauth-client/google-oauth-client/1.21.0/google-oauth-client-1.21.0.jar:/root/./workspace/molgenis/molgenis/386600939/.m2/com/google/http-client/google-http-client/1.21.0/google-http-client-1.21.0.jar:/root/./workspace/molgenis/molgenis/386600939/.m2/com/google/http-client/google-http-client-jackson2/1.21.0/google-http-client-jackson2-1.21.0.jar:/root/./workspace/molgenis/molgenis/386600939/.m2/org/jboss/aerogear/aerogear-otp-java/1.0.0/aerogear-otp-java-1.0.0.jar:/root/./workspace/molgenis/molgenis/386600939/.m2/org/hibernate/validator/hibernate-validator/6.0.9.Final/hibernate-validator-6.0.9.Final.jar:/root/./workspace/molgenis/molgenis/386600939/.m2/javax/validation/validation-api/2.0.1.Final/validation-api-2.0.1.Final.jar:/root/./workspace/molgenis/molgenis/386600939/.m2/org/jboss/logging/jboss-logging/3.3.2.Final/jboss-logging-3.3.2.Final.jar:/root/./workspace/molgenis/molgenis/386600939/.m2/com/fasterxml/classmate/1.3.4/classmate-1.3.4.jar:/root/./workspace/molgenis/molgenis/386600939/.m2/org/glassfish/javax.el/3.0.0/javax.el-3.0.0.jar:/root/./workspace/molgenis/molgenis/386600939/.m2/org/quartz-scheduler/quartz/2.3.0/quartz-2.3.0.jar:/root/./workspace/molgenis/molgenis/386600939/.m2/joda-time/joda-time/2.9.9/joda-time-2.9.9.jar:/root/workspace/molgenis/molgenis/386600939/molgenis-data-validation/target/classes:/root/workspace/molgenis/molgenis/386600939/molgenis-data-file/target/classes:/root/workspace/molgenis/molgenis/386600939/molgenis-js/target/classes:/root/workspace/molgenis/molgenis/386600939/molgenis-scripts-core/target/classes:/root/./workspace/molgenis/molgenis/386600939/.m2/org/everit/json/org.everit.json.schema/1.5.1/org.everit.json.schema-1.5.1.jar:/root/./workspace/molgenis/molgenis/386600939/.m2/org/json/json/20141113/json-20141113.jar:/root/./workspace/molgenis/molgenis/386600939/.m2/commons-validator/commons-validator/1.5.1/commons-validator-1.5.1.jar:/root/./workspace/molgenis/molgenis/386600939/.m2/commons-beanutils/commons-beanutils/1.9.3/commons-beanutils-1.9.3.jar:/root/./workspace/molgenis/molgenis/386600939/.m2/commons-digester/commons-digester/1.8.1/commons-digester-1.8.1.jar:/root/./workspace/molgenis/molgenis/386600939/.m2/commons-collections/commons-collections/3.2.2/commons-collections-3.2.2.jar:/root/workspace/molgenis/molgenis/386600939/molgenis-security-core/target/classes:/root/./workspace/molgenis/molgenis/386600939/.m2/org/springframework/security/spring-security-acl/5.0.5.RELEASE/spring-security-acl-5.0.5.RELEASE.jar:/root/./workspace/molgenis/molgenis/386600939/.m2/org/springframework/spring-jdbc/5.0.6.RELEASE/spring-jdbc-5.0.6.RELEASE.jar:/root/./workspace/molgenis/molgenis/386600939/.m2/org/springframework/spring-aspects/5.0.6.RELEASE/spring-aspects-5.0.6.RELEASE.jar:/root/./workspace/molgenis/molgenis/386600939/.m2/org/aspectj/aspectjweaver/1.8.13/aspectjweaver-1.8.13.jar:/root/./workspace/molgenis/molgenis/386600939/.m2/com/google/code/findbugs/jsr305/3.0.2/jsr305-3.0.2.jar:/root/./workspace/molgenis/molgenis/386600939/.m2/org/springframework/security/spring-security-core/5.0.5.RELEASE/spring-security-core-5.0.5.RELEASE.jar:/root/./workspace/molgenis/molgenis/386600939/.m2/org/springframework/spring-aop/5.0.6.RELEASE/spring-aop-5.0.6.RELEASE.jar:/root/./workspace/molgenis/molgenis/386600939/.m2/org/springframework/spring-beans/5.0.6.RELEASE/spring-beans-5.0.6.RELEASE.jar:/root/./workspace/molgenis/molgenis/386600939/.m2/org/springframework/spring-context/5.0.6.RELEASE/spring-context-5.0.6.RELEASE.jar:/root/./workspace/molgenis/molgenis/386600939/.m2/org/springframework/spring-expression/5.0.6.RELEASE/spring-expression-5.0.6.RELEASE.jar:/root/./workspace/molgenis/molgenis/386600939/.m2/com/google/auto/value/auto-value/1.4.1/auto-value-1.4.1.jar:/root/./workspace/molgenis/molgenis/386600939/.m2/org/elasticsearch/client/transport/5.5.1/transport-5.5.1.jar:/root/./workspace/molgenis/molgenis/386600939/.m2/org/elasticsearch/elasticsearch/5.5.1/elasticsearch-5.5.1.jar:/root/./workspace/molgenis/molgenis/386600939/.m2/org/apache/lucene/lucene-core/6.6.0/lucene-core-6.6.0.jar:/root/./workspace/molgenis/molgenis/386600939/.m2/org/apache/lucene/lucene-analyzers-common/6.6.0/lucene-analyzers-common-6.6.0.jar:/root/./workspace/molgenis/molgenis/386600939/.m2/org/apache/lucene/lucene-backward-codecs/6.6.0/lucene-backward-codecs-6.6.0.jar:/root/./workspace/molgenis/molgenis/386600939/.m2/org/apache/lucene/lucene-grouping/6.6.0/lucene-grouping-6.6.0.jar:/root/./workspace/molgenis/molgenis/386600939/.m2/org/apache/lucene/lucene-highlighter/6.6.0/lucene-highlighter-6.6.0.jar:/root/./workspace/molgenis/molgenis/386600939/.m2/org/apache/lucene/lucene-join/6.6.0/lucene-join-6.6.0.jar:/root/./workspace/molgenis/molgenis/386600939/.m2/org/apache/lucene/lucene-memory/6.6.0/lucene-memory-6.6.0.jar:/root/./workspace/molgenis/molgenis/386600939/.m2/org/apache/lucene/lucene-misc/6.6.0/lucene-misc-6.6.0.jar:/root/./workspace/molgenis/molgenis/386600939/.m2/org/apache/lucene/lucene-queries/6.6.0/lucene-queries-6.6.0.jar:/root/./workspace/molgenis/molgenis/386600939/.m2/org/apache/lucene/lucene-queryparser/6.6.0/lucene-queryparser-6.6.0.jar:/root/./workspace/molgenis/molgenis/386600939/.m2/org/apache/lucene/lucene-sandbox/6.6.0/lucene-sandbox-6.6.0.jar:/root/./workspace/molgenis/molgenis/386600939/.m2/org/apache/lucene/lucene-spatial/6.6.0/lucene-spatial-6.6.0.jar:/root/./workspace/molgenis/molgenis/386600939/.m2/org/apache/lucene/lucene-spatial-extras/6.6.0/lucene-spatial-extras-6.6.0.jar:/root/./workspace/molgenis/molgenis/386600939/.m2/org/apache/lucene/lucene-spatial3d/6.6.0/lucene-spatial3d-6.6.0.jar:/root/./workspace/molgenis/molgenis/386600939/.m2/org/apache/lucene/lucene-suggest/6.6.0/lucene-suggest-6.6.0.jar:/root/./workspace/molgenis/molgenis/386600939/.m2/org/elasticsearch/securesm/1.1/securesm-1.1.jar:/root/./workspace/molgenis/molgenis/386600939/.m2/net/sf/jopt-simple/jopt-simple/5.0.4/jopt-simple-5.0.4.jar:/root/./workspace/molgenis/molgenis/386600939/.m2/com/carrotsearch/hppc/0.7.1/hppc-0.7.1.jar:/root/./workspace/molgenis/molgenis/386600939/.m2/org/yaml/snakeyaml/1.19/snakeyaml-1.19.jar:/root/./workspace/molgenis/molgenis/386600939/.m2/com/fasterxml/jackson/core/jackson-core/2.9.5/jackson-core-2.9.5.jar:/root/./workspace/molgenis/molgenis/386600939/.m2/com/fasterxml/jackson/dataformat/jackson-dataformat-smile/2.9.5/jackson-dataformat-smile-2.9.5.jar:/root/./workspace/molgenis/molgenis/386600939/.m2/com/fasterxml/jackson/dataformat/jackson-dataformat-yaml/2.9.5/jackson-dataformat-yaml-2.9.5.jar:/root/./workspace/molgenis/molgenis/386600939/.m2/com/fasterxml/jackson/dataformat/jackson-dataformat-cbor/2.9.5/jackson-dataformat-cbor-2.9.5.jar:/root/./workspace/molgenis/molgenis/386600939/.m2/com/tdunning/t-digest/3.0/t-digest-3.0.jar:/root/./workspace/molgenis/molgenis/386600939/.m2/org/hdrhistogram/HdrHistogram/2.1.9/HdrHistogram-2.1.9.jar:/root/./workspace/molgenis/molgenis/386600939/.m2/org/apache/logging/log4j/log4j-api/2.10.0/log4j-api-2.10.0.jar:/root/./workspace/molgenis/molgenis/386600939/.m2/org/elasticsearch/jna/4.4.0/jna-4.4.0.jar:/root/./workspace/molgenis/molgenis/386600939/.m2/org/elasticsearch/plugin/transport-netty3-client/5.5.1/transport-netty3-client-5.5.1.jar:/root/./workspace/molgenis/molgenis/386600939/.m2/io/netty/netty/3.10.6.Final/netty-3.10.6.Final.jar:/root/./workspace/molgenis/molgenis/386600939/.m2/org/elasticsearch/plugin/transport-netty4-client/5.5.1/transport-netty4-client-5.5.1.jar:/root/./workspace/molgenis/molgenis/386600939/.m2/io/netty/netty-buffer/4.1.24.Final/netty-buffer-4.1.24.Final.jar:/root/./workspace/molgenis/molgenis/386600939/.m2/io/netty/netty-codec/4.1.24.Final/netty-codec-4.1.24.Final.jar:/root/./workspace/molgenis/molgenis/386600939/.m2/io/netty/netty-codec-http/4.1.24.Final/netty-codec-http-4.1.24.Final.jar:/root/./workspace/molgenis/molgenis/386600939/.m2/io/netty/netty-common/4.1.24.Final/netty-common-4.1.24.Final.jar:/root/./workspace/molgenis/molgenis/386600939/.m2/io/netty/netty-handler/4.1.24.Final/netty-handler-4.1.24.Final.jar:/root/./workspace/molgenis/molgenis/386600939/.m2/io/netty/netty-resolver/4.1.24.Final/netty-resolver-4.1.24.Final.jar:/root/./workspace/molgenis/molgenis/386600939/.m2/io/netty/netty-transport/4.1.24.Final/netty-transport-4.1.24.Final.jar:/root/./workspace/molgenis/molgenis/386600939/.m2/org/elasticsearch/plugin/reindex-client/5.5.1/reindex-client-5.5.1.jar:/root/./workspace/molgenis/molgenis/386600939/.m2/org/elasticsearch/client/rest/5.5.1/rest-5.5.1.jar:/root/./workspace/molgenis/molgenis/386600939/.m2/org/apache/httpcomponents/httpclient/4.5.5/httpclient-4.5.5.jar:/root/./workspace/molgenis/molgenis/386600939/.m2/org/apache/httpcomponents/httpcore/4.4.9/httpcore-4.4.9.jar:/root/./workspace/molgenis/molgenis/386600939/.m2/org/apache/httpcomponents/httpasyncclient/4.1.3/httpasyncclient-4.1.3.jar:/root/./workspace/molgenis/molgenis/386600939/.m2/org/apache/httpcomponents/httpcore-nio/4.4.9/httpcore-nio-4.4.9.jar:/root/./workspace/molgenis/molgenis/386600939/.m2/commons-codec/commons-codec/1.11/commons-codec-1.11.jar:/root/./workspace/molgenis/molgenis/386600939/.m2/org/elasticsearch/plugin/lang-mustache-client/5.5.1/lang-mustache-client-5.5.1.jar:/root/./workspace/molgenis/molgenis/386600939/.m2/com/github/spullara/mustache/java/compiler/0.9.3/compiler-0.9.3.jar:/root/./workspace/molgenis/molgenis/386600939/.m2/org/elasticsearch/plugin/percolator-client/5.5.1/percolator-client-5.5.1.jar:/root/./workspace/molgenis/molgenis/386600939/.m2/org/elasticsearch/plugin/parent-join-client/5.5.1/parent-join-client-5.5.1.jar:/root/./workspace/molgenis/molgenis/386600939/.m2/commons-io/commons-io/2.6/commons-io-2.6.jar:/root/./workspace/molgenis/molgenis/386600939/.m2/org/apache/commons/commons-lang3/3.7/commons-lang3-3.7.jar:/root/workspace/molgenis/molgenis/386600939/molgenis-data/target/test-classes:/root/workspace/molgenis/molgenis/386600939/molgenis-data-index/target/test-classes:/root/workspace/molgenis/molgenis/386600939/molgenis-test/target/classes:/root/./workspace/molgenis/molgenis/386600939/.m2/org/testng/testng/6.8/testng-6.8.jar:/root/./workspace/molgenis/molgenis/386600939/.m2/junit/junit/4.12/junit-4.12.jar:/root/./workspace/molgenis/molgenis/386600939/.m2/org/hamcrest/hamcrest-core/1.3/hamcrest-core-1.3.jar:/root/./workspace/molgenis/molgenis/386600939/.m2/org/beanshell/bsh/2.0b5/bsh-2.0b5.jar:/root/./workspace/molgenis/molgenis/386600939/.m2/com/beust/jcommander/1.27/jcommander-1.27.jar:/root/./workspace/molgenis/molgenis/386600939/.m2/org/mockito/mockito-core/2.7.22/mockito-core-2.7.22.jar:/root/./workspace/molgenis/molgenis/386600939/.m2/net/bytebuddy/byte-buddy/1.7.11/byte-buddy-1.7.11.jar:/root/./workspace/molgenis/molgenis/386600939/.m2/net/bytebuddy/byte-buddy-agent/1.7.11/byte-buddy-agent-1.7.11.jar:/root/./workspace/molgenis/molgenis/386600939/.m2/org/objenesis/objenesis/2.6/objenesis-2.6.jar:/root/./workspace/molgenis/molgenis/386600939/.m2/org/hamcrest/hamcrest-all/1.3/hamcrest-all-1.3.jar:/root/./workspace/molgenis/molgenis/386600939/.m2/javax/servlet/javax.servlet-api/3.1.0/javax.servlet-api-3.1.0.jar:/root/./workspace/molgenis/molgenis/386600939/.m2/org/springframework/spring-test/5.0.6.RELEASE/spring-test-5.0.6.RELEASE.jar:/root/./workspace/molgenis/molgenis/386600939/.m2/com/fasterxml/jackson/core/jackson-databind/2.9.5/jackson-databind-2.9.5.jar:/root/./workspace/molgenis/molgenis/386600939/.m2/com/fasterxml/jackson/core/jackson-annotations/2.9.0/jackson-annotations-2.9.0.jar:/root/./workspace/molgenis/molgenis/386600939/.m2/org/springframework/security/spring-security-test/5.0.5.RELEASE/spring-security-test-5.0.5.RELEASE.jar:/root/./workspace/molgenis/molgenis/386600939/.m2/org/springframework/security/spring-security-web/5.0.5.RELEASE/spring-security-web-5.0.5.RELEASE.jar:/root/./workspace/molgenis/molgenis/386600939/.m2/org/springframework/spring-web/5.0.6.RELEASE/spring-web-5.0.6.RELEASE.jar:/root/./workspace/molgenis/molgenis/386600939/.m2/org/springframework/boot/spring-boot-starter-logging/2.0.2.RELEASE/spring-boot-starter-logging-2.0.2.RELEASE.jar:/root/./workspace/molgenis/molgenis/386600939/.m2/ch/qos/logback/logback-classic/1.2.3/logback-classic-1.2.3.jar:/root/./workspace/molgenis/molgenis/386600939/.m2/ch/qos/logback/logback-core/1.2.3/logback-core-1.2.3.jar:/root/./workspace/molgenis/molgenis/386600939/.m2/org/apache/logging/log4j/log4j-to-slf4j/2.10.0/log4j-to-slf4j-2.10.0.jar:/root/./workspace/molgenis/molgenis/386600939/.m2/org/slf4j/jul-to-slf4j/1.7.25/jul-to-slf4j-1.7.25.jar:/root/./workspace/molgenis/molgenis/386600939/.m2/org/slf4j/log4j-over-slf4j/1.7.25/log4j-over-slf4j-1.7.25.jar:/root/./workspace/molgenis/molgenis/386600939/.m2/org/slf4j/slf4j-api/1.7.25/slf4j-api-1.7.25.jar:/root/./workspace/molgenis/molgenis/386600939/.m2/com/google/guava/guava/25.0-jre/guava-25.0-jre.jar:/root/./workspace/molgenis/molgenis/386600939/.m2/org/apache/maven/surefire/surefire-testng-utils/2.21.0/surefire-testng-utils-2.21.0.jar:/root/./workspace/molgenis/molgenis/386600939/.m2/org/apache/maven/surefire/surefire-grouper/2.21.0/surefire-grouper-2.21.0.jar:"/>
    <property name="sun.cpu.endian" value="little"/>
    <property name="user.home" value="/root"/>
    <property name="user.language" value="en"/>
    <property name="java.specification.vendor" value="Oracle Corporation"/>
    <property name="java.home" value="/usr/lib/jvm/java-8-openjdk-amd64/jre"/>
    <property name="basedir" value="/root/workspace/molgenis/molgenis/386600939/molgenis-data-elasticsearch"/>
    <property name="file.separator" value="/"/>
    <property name="checkstyle.skip" value="true"/>
    <property name="line.separator" value="&#10;"/>
    <property name="skip.npm" value="true"/>
    <property name="java.vm.specification.vendor" value="Oracle Corporation"/>
    <property name="java.specification.name" value="Java Platform API Specification"/>
    <property name="java.awt.graphicsenv" value="sun.awt.X11GraphicsEnvironment"/>
    <property name="skipITs" value="true"/>
    <property name="surefire.real.class.path" value="/root/workspace/molgenis/molgenis/386600939/molgenis-data-elasticsearch/target/surefire/surefirebooter399745494969540936.jar:/root/./workspace/molgenis/molgenis/386600939/.m2/org/jacoco/org.jacoco.agent/0.8.1/org.jacoco.agent-0.8.1-runtime.jar"/>
    <property name="cobertura.skip" value="true"/>
    <property name="sun.boot.class.path" value="/usr/lib/jvm/java-8-openjdk-amd64/jre/lib/resources.jar:/usr/lib/jvm/java-8-openjdk-amd64/jre/lib/rt.jar:/usr/lib/jvm/java-8-openjdk-amd64/jre/lib/sunrsasign.jar:/usr/lib/jvm/java-8-openjdk-amd64/jre/lib/jsse.jar:/usr/lib/jvm/java-8-openjdk-amd64/jre/lib/jce.jar:/usr/lib/jvm/java-8-openjdk-amd64/jre/lib/charsets.jar:/usr/lib/jvm/java-8-openjdk-amd64/jre/lib/jfr.jar:/usr/lib/jvm/java-8-openjdk-amd64/jre/classes"/>
    <property name="sun.management.compiler" value="HotSpot 64-Bit Tiered Compilers"/>
    <property name="java.runtime.version" value="1.8.0_121-8u121-b13-1~bpo8+1-b13"/>
    <property name="user.name" value="root"/>
    <property name="findbugs.skip" value="true"/>
    <property name="path.separator" value=":"/>
    <property name="os.version" value="3.10.0-862.2.3.el7.x86_64"/>
    <property name="java.endorsed.dirs" value="/usr/lib/jvm/java-8-openjdk-amd64/jre/lib/endorsed"/>
    <property name="java.runtime.name" value="OpenJDK Runtime Environment"/>
    <property name="file.encoding" value="UTF-8"/>
    <property name="java.vm.name" value="OpenJDK 64-Bit Server VM"/>
    <property name="localRepository" value="/root/./workspace/molgenis/molgenis/386600939/.m2"/>
    <property name="java.vendor.url.bug" value="http://bugreport.sun.com/bugreport/"/>
    <property name="java.io.tmpdir" value="/tmp"/>
    <property name="java.version" value="1.8.0_121"/>
    <property name="user.dir" value="/root/workspace/molgenis/molgenis/386600939/molgenis-data-elasticsearch"/>
    <property name="os.arch" value="amd64"/>
    <property name="license.skip" value="true"/>
    <property name="java.vm.specification.name" value="Java Virtual Machine Specification"/>
    <property name="java.awt.printerjob" value="sun.print.PSPrinterJob"/>
    <property name="sun.os.patch.level" value="unknown"/>
    <property name="java.library.path" value="/usr/java/packages/lib/amd64:/usr/lib/x86_64-linux-gnu/jni:/lib/x86_64-linux-gnu:/usr/lib/x86_64-linux-gnu:/usr/lib/jni:/lib:/usr/lib"/>
    <property name="java.vm.info" value="mixed mode"/>
    <property name="java.vendor" value="Oracle Corporation"/>
    <property name="java.vm.version" value="25.121-b13"/>
    <property name="java.ext.dirs" value="/usr/lib/jvm/java-8-openjdk-amd64/jre/lib/ext:/usr/java/packages/lib/ext"/>
    <property name="sun.io.unicode.encoding" value="UnicodeLittle"/>
    <property name="maven.repo.local" value="/root/./workspace/molgenis/molgenis/386600939/.m2"/>
    <property name="enforcer.skip" value="true"/>
    <property name="java.class.version" value="52.0"/>
  </properties>
  <testcase name="createSortsAsc" classname="org.molgenis.data.elasticsearch.client.SortContentBuilderTest" time="0.232"/>
  <testcase name="createSortsDesc" classname="org.molgenis.data.elasticsearch.client.SortContentBuilderTest" time="0.001"/>
  <testcase name="testCreateMapping" classname="org.molgenis.data.elasticsearch.client.MappingContentBuilderTest" time="0.005"/>
  <testcase name="testCreateMapping" classname="org.molgenis.data.elasticsearch.client.MappingContentBuilderTest" time="0"/>
  <testcase name="testCreateMapping" classname="org.molgenis.data.elasticsearch.client.MappingContentBuilderTest" time="0.001"/>
  <testcase name="testCreateMapping" classname="org.molgenis.data.elasticsearch.client.MappingContentBuilderTest" time="0"/>
  <testcase name="testCreateMapping" classname="org.molgenis.data.elasticsearch.client.MappingContentBuilderTest" time="0"/>
  <testcase name="testCreateMapping" classname="org.molgenis.data.elasticsearch.client.MappingContentBuilderTest" time="0"/>
  <testcase name="testCreateMapping" classname="org.molgenis.data.elasticsearch.client.MappingContentBuilderTest" time="0"/>
  <testcase name="testCreateMappingNested" classname="org.molgenis.data.elasticsearch.client.MappingContentBuilderTest" time="0.001"/>
  <testcase name="testCreateClient" classname="org.molgenis.data.elasticsearch.client.ClientFactoryTest" time="0.077"/>
  <testcase name="testCreateClientEmptyAddresses" classname="org.molgenis.data.elasticsearch.client.ClientFactoryTest" time="0.001"/>
  <testcase name="testCreateClientNullAddresses" classname="org.molgenis.data.elasticsearch.client.ClientFactoryTest" time="0"/>
  <testcase name="testBackOffPolicyIsExponential" classname="org.molgenis.data.elasticsearch.client.ConnectionRetryConfigTest" time="0.006"/>
  <testcase name="testInterruptFailingTries" classname="org.molgenis.data.elasticsearch.client.ConnectionRetryConfigTest" time="0.002"/>
  <testcase name="testRetryPolicyInterrupted" classname="org.molgenis.data.elasticsearch.client.ConnectionRetryConfigTest" time="0.002"/>
  <testcase name="testRetryPolicyMolgenisDataException" classname="org.molgenis.data.elasticsearch.client.ConnectionRetryConfigTest" time="0.001"/>
  <testcase name="testAggregateResultHasShardFailures" classname="org.molgenis.data.elasticsearch.client.ClientFacadeTest" time="0.02"/>
  <testcase name="testAggregateThrowsException" classname="org.molgenis.data.elasticsearch.client.ClientFacadeTest" time="0.165"/>
  <testcase name="testAggregateThrowsResourceNotFoundException" classname="org.molgenis.data.elasticsearch.client.ClientFacadeTest" time="0.003"/>
  <testcase name="testAggregateTimeout" classname="org.molgenis.data.elasticsearch.client.ClientFacadeTest" time="0.002"/>
  <testcase name="testCloseThrowsException" classname="org.molgenis.data.elasticsearch.client.ClientFacadeTest" time="0.004"/>
  <testcase name="testCreateIndexAlreadyExists" classname="org.molgenis.data.elasticsearch.client.ClientFacadeTest" time="0.013"/>
  <testcase name="testCreateIndexResponseNotAcknowledgedNoExceptions" classname="org.molgenis.data.elasticsearch.client.ClientFacadeTest" time="0.004"/>
  <testcase name="testCreateIndexThrowsElasticsearchException" classname="org.molgenis.data.elasticsearch.client.ClientFacadeTest" time="0.002"/>
  <testcase name="testDeleteIndexNotAcknowledged" classname="org.molgenis.data.elasticsearch.client.ClientFacadeTest" time="0.001"/>
  <testcase name="testDeleteIndexThrowsException" classname="org.molgenis.data.elasticsearch.client.ClientFacadeTest" time="0.002"/>
  <testcase name="testDeleteResourceNotFound" classname="org.molgenis.data.elasticsearch.client.ClientFacadeTest" time="0.002"/>
  <testcase name="testDeleteThrowsException" classname="org.molgenis.data.elasticsearch.client.ClientFacadeTest" time="0.003"/>
  <testcase name="testExplainThrowsException" classname="org.molgenis.data.elasticsearch.client.ClientFacadeTest" time="0.006"/>
  <testcase name="testGetCountThrowsException" classname="org.molgenis.data.elasticsearch.client.ClientFacadeTest" time="0.001"/>
  <testcase name="testGetCountThrowsResourceNotFoundException" classname="org.molgenis.data.elasticsearch.client.ClientFacadeTest" time="0.002"/>
  <testcase name="testGetGetCountFailedShards" classname="org.molgenis.data.elasticsearch.client.ClientFacadeTest" time="0.003"/>
  <testcase name="testGetGetCountTimeout" classname="org.molgenis.data.elasticsearch.client.ClientFacadeTest" time="0.001"/>
  <testcase name="testIndexShardFailure" classname="org.molgenis.data.elasticsearch.client.ClientFacadeTest" time="0.005"/>
  <testcase name="testIndexThrowsException" classname="org.molgenis.data.elasticsearch.client.ClientFacadeTest" time="0.003"/>
  <testcase name="testIndexThrowsResourceNotFoundException" classname="org.molgenis.data.elasticsearch.client.ClientFacadeTest" time="0.002"/>
  <testcase name="testIndexesExistThrowsException" classname="org.molgenis.data.elasticsearch.client.ClientFacadeTest" time="0.002"/>
  <testcase name="testRefreshIndicesFailedShards" classname="org.molgenis.data.elasticsearch.client.ClientFacadeTest" time="0.002"/>
  <testcase name="testRefreshIndicesNotFound" classname="org.molgenis.data.elasticsearch.client.ClientFacadeTest" time="0.002"/>
  <testcase name="testRefreshIndicesThrowsException" classname="org.molgenis.data.elasticsearch.client.ClientFacadeTest" time="0.002"/>
  <testcase name="testSearchFailedShards" classname="org.molgenis.data.elasticsearch.client.ClientFacadeTest" time="0.002"/>
  <testcase name="testSearchIndexNotFound" classname="org.molgenis.data.elasticsearch.client.ClientFacadeTest" time="0.002"/>
  <testcase name="testSearchThrowsException" classname="org.molgenis.data.elasticsearch.client.ClientFacadeTest" time="0.002"/>
  <testcase name="testSearchTimedOut" classname="org.molgenis.data.elasticsearch.client.ClientFacadeTest" time="0.002"/>
  <testcase name="testGenerateIdAttribute" classname="org.molgenis.data.elasticsearch.generator.DocumentIdGeneratorTest" time="0.387"/>
  <testcase name="testGenerateIdAttribute" classname="org.molgenis.data.elasticsearch.generator.DocumentIdGeneratorTest" time="0.002"/>
  <testcase name="testGenerateIdAttribute" classname="org.molgenis.data.elasticsearch.generator.DocumentIdGeneratorTest" time="0.001"/>
  <testcase name="testGenerateIdAttribute" classname="org.molgenis.data.elasticsearch.generator.DocumentIdGeneratorTest" time="0.001"/>
  <testcase name="testGenerateIdAttribute" classname="org.molgenis.data.elasticsearch.generator.DocumentIdGeneratorTest" time="0.001"/>
  <testcase name="testGenerateIdEntityType" classname="org.molgenis.data.elasticsearch.generator.DocumentIdGeneratorTest" time="0.002"/>
  <testcase name="testGenerateIdEntityType" classname="org.molgenis.data.elasticsearch.generator.DocumentIdGeneratorTest" time="0.001"/>
  <testcase name="testGenerateIdEntityType" classname="org.molgenis.data.elasticsearch.generator.DocumentIdGeneratorTest" time="0.001"/>
  <testcase name="testGenerateAsc" classname="org.molgenis.data.elasticsearch.generator.SortGeneratorTest" time="0.006"/>
  <testcase name="testGenerateAscRaw" classname="org.molgenis.data.elasticsearch.generator.SortGeneratorTest" time="0.001"/>
  <testcase name="testGenerateDesc" classname="org.molgenis.data.elasticsearch.generator.SortGeneratorTest" time="0"/>
  <testcase name="testGenerateDescAscRaw" classname="org.molgenis.data.elasticsearch.generator.SortGeneratorTest" time="0.001"/>
  <testcase name="testGenerateDescRaw" classname="org.molgenis.data.elasticsearch.generator.SortGeneratorTest" time="0.001"/>
  <testcase name="generateMultipleQueryRule" classname="org.molgenis.data.elasticsearch.generator.QueryGeneratorTest" time="0.026"/>
  <testcase name="generateMultipleQueryRuleMultipleNotClauses" classname="org.molgenis.data.elasticsearch.generator.QueryGeneratorTest" time="0.002"/>
  <testcase name="generateOneQueryRuleEqualsBool" classname="org.molgenis.data.elasticsearch.generator.QueryGeneratorTest" time="0.001"/>
  <testcase name="generateOneQueryRuleEqualsBoolNull" classname="org.molgenis.data.elasticsearch.generator.QueryGeneratorTest" time="0.007"/>
  <testcase name="generateOneQueryRuleEqualsCategorical" classname="org.molgenis.data.elasticsearch.generator.QueryGeneratorTest" time="0.01"/>
  <testcase name="generateOneQueryRuleEqualsCategoricalNull" classname="org.molgenis.data.elasticsearch.generator.QueryGeneratorTest" time="0.002"/>
  <testcase name="generateOneQueryRuleEqualsCompound" classname="org.molgenis.data.elasticsearch.generator.QueryGeneratorTest" time="0.001"/>
  <testcase name="generateOneQueryRuleEqualsCompoundNull" classname="org.molgenis.data.elasticsearch.generator.QueryGeneratorTest" time="0.001"/>
  <testcase name="generateOneQueryRuleEqualsCompoundPartString" classname="org.molgenis.data.elasticsearch.generator.QueryGeneratorTest" time="0.002"/>
  <testcase name="generateOneQueryRuleEqualsCompoundPartStringNull" classname="org.molgenis.data.elasticsearch.generator.QueryGeneratorTest" time="0.002"/>
  <testcase name="generateOneQueryRuleEqualsDate" classname="org.molgenis.data.elasticsearch.generator.QueryGeneratorTest" time="0.007"/>
  <testcase name="generateOneQueryRuleEqualsDateNull" classname="org.molgenis.data.elasticsearch.generator.QueryGeneratorTest" time="0.002"/>
  <testcase name="generateOneQueryRuleEqualsDateTime" classname="org.molgenis.data.elasticsearch.generator.QueryGeneratorTest" time="0.004"/>
  <testcase name="generateOneQueryRuleEqualsDateTimeNull" classname="org.molgenis.data.elasticsearch.generator.QueryGeneratorTest" time="0.002"/>
  <testcase name="generateOneQueryRuleEqualsDecimal" classname="org.molgenis.data.elasticsearch.generator.QueryGeneratorTest" time="0.001"/>
  <testcase name="generateOneQueryRuleEqualsDecimalNull" classname="org.molgenis.data.elasticsearch.generator.QueryGeneratorTest" time="0.001"/>
  <testcase name="generateOneQueryRuleEqualsEmail" classname="org.molgenis.data.elasticsearch.generator.QueryGeneratorTest" time="0.001"/>
  <testcase name="generateOneQueryRuleEqualsEmailNull" classname="org.molgenis.data.elasticsearch.generator.QueryGeneratorTest" time="0.001"/>
  <testcase name="generateOneQueryRuleEqualsEnum" classname="org.molgenis.data.elasticsearch.generator.QueryGeneratorTest" time="0.001"/>
  <testcase name="generateOneQueryRuleEqualsEnumNull" classname="org.molgenis.data.elasticsearch.generator.QueryGeneratorTest" time="0.001"/>
  <testcase name="generateOneQueryRuleEqualsHtml" classname="org.molgenis.data.elasticsearch.generator.QueryGeneratorTest" time="0.001"/>
  <testcase name="generateOneQueryRuleEqualsHtmlNull" classname="org.molgenis.data.elasticsearch.generator.QueryGeneratorTest" time="0"/>
  <testcase name="generateOneQueryRuleEqualsHyperlink" classname="org.molgenis.data.elasticsearch.generator.QueryGeneratorTest" time="0.001"/>
  <testcase name="generateOneQueryRuleEqualsHyperlinkNull" classname="org.molgenis.data.elasticsearch.generator.QueryGeneratorTest" time="0.001"/>
  <testcase name="generateOneQueryRuleEqualsInt" classname="org.molgenis.data.elasticsearch.generator.QueryGeneratorTest" time="0"/>
  <testcase name="generateOneQueryRuleEqualsIntNull" classname="org.molgenis.data.elasticsearch.generator.QueryGeneratorTest" time="0.001"/>
  <testcase name="generateOneQueryRuleEqualsLong" classname="org.molgenis.data.elasticsearch.generator.QueryGeneratorTest" time="0.001"/>
  <testcase name="generateOneQueryRuleEqualsLongNull" classname="org.molgenis.data.elasticsearch.generator.QueryGeneratorTest" time="0.001"/>
  <testcase name="generateOneQueryRuleEqualsScript" classname="org.molgenis.data.elasticsearch.generator.QueryGeneratorTest" time="0.001"/>
  <testcase name="generateOneQueryRuleEqualsScriptNull" classname="org.molgenis.data.elasticsearch.generator.QueryGeneratorTest" time="0.001"/>
  <testcase name="generateOneQueryRuleEqualsString" classname="org.molgenis.data.elasticsearch.generator.QueryGeneratorTest" time="0.001"/>
  <testcase name="generateOneQueryRuleEqualsStringNull" classname="org.molgenis.data.elasticsearch.generator.QueryGeneratorTest" time="0.001"/>
  <testcase name="generateOneQueryRuleEqualsText" classname="org.molgenis.data.elasticsearch.generator.QueryGeneratorTest" time="0.001"/>
  <testcase name="generateOneQueryRuleEqualsTextNull" classname="org.molgenis.data.elasticsearch.generator.QueryGeneratorTest" time="0.001"/>
  <testcase name="generateOneQueryRuleEqualsXref" classname="org.molgenis.data.elasticsearch.generator.QueryGeneratorTest" time="0.002"/>
  <testcase name="generateOneQueryRuleEqualsXrefNull" classname="org.molgenis.data.elasticsearch.generator.QueryGeneratorTest" time="0.001"/>
  <testcase name="generateOneQueryRuleGreaterDate" classname="org.molgenis.data.elasticsearch.generator.QueryGeneratorTest" time="0.006"/>
  <testcase name="generateOneQueryRuleGreaterDateTime" classname="org.molgenis.data.elasticsearch.generator.QueryGeneratorTest" time="0.041"/>
  <testcase name="generateOneQueryRuleGreaterDecimal" classname="org.molgenis.data.elasticsearch.generator.QueryGeneratorTest" time="0"/>
  <testcase name="generateOneQueryRuleGreaterEqualDate" classname="org.molgenis.data.elasticsearch.generator.QueryGeneratorTest" time="0"/>
  <testcase name="generateOneQueryRuleGreaterEqualDateTime" classname="org.molgenis.data.elasticsearch.generator.QueryGeneratorTest" time="0"/>
  <testcase name="generateOneQueryRuleGreaterEqualDecimal" classname="org.molgenis.data.elasticsearch.generator.QueryGeneratorTest" time="0"/>
  <testcase name="generateOneQueryRuleGreaterEqualInt" classname="org.molgenis.data.elasticsearch.generator.QueryGeneratorTest" time="0"/>
  <testcase name="generateOneQueryRuleGreaterEqualInvalidAttribute" classname="org.molgenis.data.elasticsearch.generator.QueryGeneratorTest" time="0"/>
  <testcase name="generateOneQueryRuleGreaterEqualLong" classname="org.molgenis.data.elasticsearch.generator.QueryGeneratorTest" time="0.001"/>
  <testcase name="generateOneQueryRuleGreaterInt" classname="org.molgenis.data.elasticsearch.generator.QueryGeneratorTest" time="0.001"/>
  <testcase name="generateOneQueryRuleGreaterInvalidAttribute" classname="org.molgenis.data.elasticsearch.generator.QueryGeneratorTest" time="0"/>
  <testcase name="generateOneQueryRuleGreaterLong" classname="org.molgenis.data.elasticsearch.generator.QueryGeneratorTest" time="0.001"/>
  <testcase name="generateOneQueryRuleInBool" classname="org.molgenis.data.elasticsearch.generator.QueryGeneratorTest" time="0.008"/>
  <testcase name="generateOneQueryRuleInCategorical_Entities" classname="org.molgenis.data.elasticsearch.generator.QueryGeneratorTest" time="0.002"/>
  <testcase name="generateOneQueryRuleInCategorical_Ids" classname="org.molgenis.data.elasticsearch.generator.QueryGeneratorTest" time="0.001"/>
  <testcase name="generateOneQueryRuleInDate" classname="org.molgenis.data.elasticsearch.generator.QueryGeneratorTest" time="0.002"/>
  <testcase name="generateOneQueryRuleInDateTime" classname="org.molgenis.data.elasticsearch.generator.QueryGeneratorTest" time="0.002"/>
  <testcase name="generateOneQueryRuleInDecimal" classname="org.molgenis.data.elasticsearch.generator.QueryGeneratorTest" time="0.001"/>
  <testcase name="generateOneQueryRuleInEmail" classname="org.molgenis.data.elasticsearch.generator.QueryGeneratorTest" time="0.001"/>
  <testcase name="generateOneQueryRuleInEnum" classname="org.molgenis.data.elasticsearch.generator.QueryGeneratorTest" time="0.001"/>
  <testcase name="generateOneQueryRuleInHtml" classname="org.molgenis.data.elasticsearch.generator.QueryGeneratorTest" time="0.001"/>
  <testcase name="generateOneQueryRuleInHyperlink" classname="org.molgenis.data.elasticsearch.generator.QueryGeneratorTest" time="0.001"/>
  <testcase name="generateOneQueryRuleInInt" classname="org.molgenis.data.elasticsearch.generator.QueryGeneratorTest" time="0.004"/>
  <testcase name="generateOneQueryRuleInLong" classname="org.molgenis.data.elasticsearch.generator.QueryGeneratorTest" time="0"/>
  <testcase name="generateOneQueryRuleInMref_Entities" classname="org.molgenis.data.elasticsearch.generator.QueryGeneratorTest" time="0.001"/>
  <testcase name="generateOneQueryRuleInMref_Ids" classname="org.molgenis.data.elasticsearch.generator.QueryGeneratorTest" time="0.001"/>
  <testcase name="generateOneQueryRuleInScript" classname="org.molgenis.data.elasticsearch.generator.QueryGeneratorTest" time="0.001"/>
  <testcase name="generateOneQueryRuleInString" classname="org.molgenis.data.elasticsearch.generator.QueryGeneratorTest" time="0.001"/>
  <testcase name="generateOneQueryRuleInText" classname="org.molgenis.data.elasticsearch.generator.QueryGeneratorTest" time="0.001"/>
  <testcase name="generateOneQueryRuleInXref_Entities" classname="org.molgenis.data.elasticsearch.generator.QueryGeneratorTest" time="0.001"/>
  <testcase name="generateOneQueryRuleInXref_Ids" classname="org.molgenis.data.elasticsearch.generator.QueryGeneratorTest" time="0.001"/>
  <testcase name="generateOneQueryRuleLesserDate" classname="org.molgenis.data.elasticsearch.generator.QueryGeneratorTest" time="0.001"/>
  <testcase name="generateOneQueryRuleLesserDateTime" classname="org.molgenis.data.elasticsearch.generator.QueryGeneratorTest" time="0.002"/>
  <testcase name="generateOneQueryRuleLesserDecimal" classname="org.molgenis.data.elasticsearch.generator.QueryGeneratorTest" time="0.001"/>
  <testcase name="generateOneQueryRuleLesserEqualDate" classname="org.molgenis.data.elasticsearch.generator.QueryGeneratorTest" time="0.001"/>
  <testcase name="generateOneQueryRuleLesserEqualDateTime" classname="org.molgenis.data.elasticsearch.generator.QueryGeneratorTest" time="0.001"/>
  <testcase name="generateOneQueryRuleLesserEqualDecimal" classname="org.molgenis.data.elasticsearch.generator.QueryGeneratorTest" time="0.001"/>
  <testcase name="generateOneQueryRuleLesserEqualInt" classname="org.molgenis.data.elasticsearch.generator.QueryGeneratorTest" time="0"/>
  <testcase name="generateOneQueryRuleLesserEqualInvalidAttribute" classname="org.molgenis.data.elasticsearch.generator.QueryGeneratorTest" time="0"/>
  <testcase name="generateOneQueryRuleLesserEqualLong" classname="org.molgenis.data.elasticsearch.generator.QueryGeneratorTest" time="0"/>
  <testcase name="generateOneQueryRuleLesserInt" classname="org.molgenis.data.elasticsearch.generator.QueryGeneratorTest" time="0.001"/>
  <testcase name="generateOneQueryRuleLesserInvalidAttribute" classname="org.molgenis.data.elasticsearch.generator.QueryGeneratorTest" time="0"/>
  <testcase name="generateOneQueryRuleLesserLong" classname="org.molgenis.data.elasticsearch.generator.QueryGeneratorTest" time="0"/>
  <testcase name="generateOneQueryRuleLikeBool" classname="org.molgenis.data.elasticsearch.generator.QueryGeneratorTest" time="0"/>
  <testcase name="generateOneQueryRuleLikeCategorical" classname="org.molgenis.data.elasticsearch.generator.QueryGeneratorTest" time="0.001"/>
  <testcase name="generateOneQueryRuleLikeCompound" classname="org.molgenis.data.elasticsearch.generator.QueryGeneratorTest" time="0"/>
  <testcase name="generateOneQueryRuleLikeCompoundPartString" classname="org.molgenis.data.elasticsearch.generator.QueryGeneratorTest" time="0.009"/>
  <testcase name="generateOneQueryRuleLikeDate" classname="org.molgenis.data.elasticsearch.generator.QueryGeneratorTest" time="0"/>
  <testcase name="generateOneQueryRuleLikeDateTime" classname="org.molgenis.data.elasticsearch.generator.QueryGeneratorTest" time="0.001"/>
  <testcase name="generateOneQueryRuleLikeDecimal" classname="org.molgenis.data.elasticsearch.generator.QueryGeneratorTest" time="0"/>
  <testcase name="generateOneQueryRuleLikeEmail" classname="org.molgenis.data.elasticsearch.generator.QueryGeneratorTest" time="0.001"/>
  <testcase name="generateOneQueryRuleLikeEnum" classname="org.molgenis.data.elasticsearch.generator.QueryGeneratorTest" time="0"/>
  <testcase name="generateOneQueryRuleLikeHtml" classname="org.molgenis.data.elasticsearch.generator.QueryGeneratorTest" time="0.001"/>
  <testcase name="generateOneQueryRuleLikeHyperlink" classname="org.molgenis.data.elasticsearch.generator.QueryGeneratorTest" time="0"/>
  <testcase name="generateOneQueryRuleLikeInt" classname="org.molgenis.data.elasticsearch.generator.QueryGeneratorTest" time="0"/>
  <testcase name="generateOneQueryRuleLikeLong" classname="org.molgenis.data.elasticsearch.generator.QueryGeneratorTest" time="0.001"/>
  <testcase name="generateOneQueryRuleLikeMref" classname="org.molgenis.data.elasticsearch.generator.QueryGeneratorTest" time="0"/>
  <testcase name="generateOneQueryRuleLikeScript" classname="org.molgenis.data.elasticsearch.generator.QueryGeneratorTest" time="0"/>
  <testcase name="generateOneQueryRuleLikeString" classname="org.molgenis.data.elasticsearch.generator.QueryGeneratorTest" time="0.001"/>
  <testcase name="generateOneQueryRuleLikeText" classname="org.molgenis.data.elasticsearch.generator.QueryGeneratorTest" time="0"/>
  <testcase name="generateOneQueryRuleLikeXref" classname="org.molgenis.data.elasticsearch.generator.QueryGeneratorTest" time="0.001"/>
  <testcase name="generateOneQueryRuleNotEqualsBool" classname="org.molgenis.data.elasticsearch.generator.QueryGeneratorTest" time="0"/>
  <testcase name="generateOneQueryRuleNotEqualsBoolNull" classname="org.molgenis.data.elasticsearch.generator.QueryGeneratorTest" time="0.001"/>
  <testcase name="generateOneQueryRuleNotEqualsCategorical" classname="org.molgenis.data.elasticsearch.generator.QueryGeneratorTest" time="0.001"/>
  <testcase name="generateOneQueryRuleNotEqualsCategoricalNull" classname="org.molgenis.data.elasticsearch.generator.QueryGeneratorTest" time="0.001"/>
  <testcase name="generateOneQueryRuleNotEqualsCompound" classname="org.molgenis.data.elasticsearch.generator.QueryGeneratorTest" time="0"/>
  <testcase name="generateOneQueryRuleNotEqualsCompoundNull" classname="org.molgenis.data.elasticsearch.generator.QueryGeneratorTest" time="0"/>
  <testcase name="generateOneQueryRuleNotEqualsCompoundPartString" classname="org.molgenis.data.elasticsearch.generator.QueryGeneratorTest" time="0.001"/>
  <testcase name="generateOneQueryRuleNotEqualsCompoundPartStringNull" classname="org.molgenis.data.elasticsearch.generator.QueryGeneratorTest" time="0.001"/>
  <testcase name="generateOneQueryRuleNotEqualsDate" classname="org.molgenis.data.elasticsearch.generator.QueryGeneratorTest" time="0.001"/>
  <testcase name="generateOneQueryRuleNotEqualsDateNull" classname="org.molgenis.data.elasticsearch.generator.QueryGeneratorTest" time="0.001"/>
  <testcase name="generateOneQueryRuleNotEqualsDateTime" classname="org.molgenis.data.elasticsearch.generator.QueryGeneratorTest" time="0.001"/>
  <testcase name="generateOneQueryRuleNotEqualsDateTimeNull" classname="org.molgenis.data.elasticsearch.generator.QueryGeneratorTest" time="0.001"/>
  <testcase name="generateOneQueryRuleNotEqualsDecimal" classname="org.molgenis.data.elasticsearch.generator.QueryGeneratorTest" time="0"/>
  <testcase name="generateOneQueryRuleNotEqualsDecimalNull" classname="org.molgenis.data.elasticsearch.generator.QueryGeneratorTest" time="0.001"/>
  <testcase name="generateOneQueryRuleNotEqualsEmail" classname="org.molgenis.data.elasticsearch.generator.QueryGeneratorTest" time="0"/>
  <testcase name="generateOneQueryRuleNotEqualsEmailNull" classname="org.molgenis.data.elasticsearch.generator.QueryGeneratorTest" time="0.001"/>
  <testcase name="generateOneQueryRuleNotEqualsEnum" classname="org.molgenis.data.elasticsearch.generator.QueryGeneratorTest" time="0.001"/>
  <testcase name="generateOneQueryRuleNotEqualsEnumNull" classname="org.molgenis.data.elasticsearch.generator.QueryGeneratorTest" time="0"/>
  <testcase name="generateOneQueryRuleNotEqualsHtml" classname="org.molgenis.data.elasticsearch.generator.QueryGeneratorTest" time="0.001"/>
  <testcase name="generateOneQueryRuleNotEqualsHtmlNull" classname="org.molgenis.data.elasticsearch.generator.QueryGeneratorTest" time="0"/>
  <testcase name="generateOneQueryRuleNotEqualsHyperlink" classname="org.molgenis.data.elasticsearch.generator.QueryGeneratorTest" time="0"/>
  <testcase name="generateOneQueryRuleNotEqualsHyperlinkNull" classname="org.molgenis.data.elasticsearch.generator.QueryGeneratorTest" time="0.001"/>
  <testcase name="generateOneQueryRuleNotEqualsInt" classname="org.molgenis.data.elasticsearch.generator.QueryGeneratorTest" time="0"/>
  <testcase name="generateOneQueryRuleNotEqualsIntNull" classname="org.molgenis.data.elasticsearch.generator.QueryGeneratorTest" time="0.001"/>
  <testcase name="generateOneQueryRuleNotEqualsLong" classname="org.molgenis.data.elasticsearch.generator.QueryGeneratorTest" time="0"/>
  <testcase name="generateOneQueryRuleNotEqualsLongNull" classname="org.molgenis.data.elasticsearch.generator.QueryGeneratorTest" time="0"/>
  <testcase name="generateOneQueryRuleNotEqualsScript" classname="org.molgenis.data.elasticsearch.generator.QueryGeneratorTest" time="0.001"/>
  <testcase name="generateOneQueryRuleNotEqualsScriptNull" classname="org.molgenis.data.elasticsearch.generator.QueryGeneratorTest" time="0.001"/>
  <testcase name="generateOneQueryRuleNotEqualsString" classname="org.molgenis.data.elasticsearch.generator.QueryGeneratorTest" time="0.001"/>
  <testcase name="generateOneQueryRuleNotEqualsStringNull" classname="org.molgenis.data.elasticsearch.generator.QueryGeneratorTest" time="0.001"/>
  <testcase name="generateOneQueryRuleNotEqualsText" classname="org.molgenis.data.elasticsearch.generator.QueryGeneratorTest" time="0.001"/>
  <testcase name="generateOneQueryRuleNotEqualsTextNull" classname="org.molgenis.data.elasticsearch.generator.QueryGeneratorTest" time="0.001"/>
  <testcase name="generateOneQueryRuleNotEqualsXref" classname="org.molgenis.data.elasticsearch.generator.QueryGeneratorTest" time="0.001"/>
  <testcase name="generateOneQueryRuleNotEqualsXrefNull" classname="org.molgenis.data.elasticsearch.generator.QueryGeneratorTest" time="0.001"/>
  <testcase name="generateOneQueryRuleRangeInt" classname="org.molgenis.data.elasticsearch.generator.QueryGeneratorTest" time="0.001"/>
  <testcase name="generateOneQueryRuleRangeLong" classname="org.molgenis.data.elasticsearch.generator.QueryGeneratorTest" time="0"/>
  <testcase name="generateOneQueryRuleSearchAllFields" classname="org.molgenis.data.elasticsearch.generator.QueryGeneratorTest" time="0"/>
  <testcase name="generateOneQueryRuleSearchOneFieldBool" classname="org.molgenis.data.elasticsearch.generator.QueryGeneratorTest" time="0.001"/>
  <testcase name="generateOneQueryRuleSearchOneFieldCategorical" classname="org.molgenis.data.elasticsearch.generator.QueryGeneratorTest" time="0.008"/>
  <testcase name="generateOneQueryRuleSearchOneFieldCompound" classname="org.molgenis.data.elasticsearch.generator.QueryGeneratorTest" time="0"/>
  <testcase name="generateOneQueryRuleSearchOneFieldCompoundPartString" classname="org.molgenis.data.elasticsearch.generator.QueryGeneratorTest" time="0"/>
  <testcase name="generateOneQueryRuleSearchOneFieldDate" classname="org.molgenis.data.elasticsearch.generator.QueryGeneratorTest" time="0"/>
  <testcase name="generateOneQueryRuleSearchOneFieldDateTime" classname="org.molgenis.data.elasticsearch.generator.QueryGeneratorTest" time="0.001"/>
  <testcase name="generateOneQueryRuleSearchOneFieldDecimal" classname="org.molgenis.data.elasticsearch.generator.QueryGeneratorTest" time="0.001"/>
  <testcase name="generateOneQueryRuleSearchOneFieldEmail" classname="org.molgenis.data.elasticsearch.generator.QueryGeneratorTest" time="0"/>
  <testcase name="generateOneQueryRuleSearchOneFieldEnum" classname="org.molgenis.data.elasticsearch.generator.QueryGeneratorTest" time="0.001"/>
  <testcase name="generateOneQueryRuleSearchOneFieldHtml" classname="org.molgenis.data.elasticsearch.generator.QueryGeneratorTest" time="0.001"/>
  <testcase name="generateOneQueryRuleSearchOneFieldHyperlink" classname="org.molgenis.data.elasticsearch.generator.QueryGeneratorTest" time="0"/>
  <testcase name="generateOneQueryRuleSearchOneFieldInt" classname="org.molgenis.data.elasticsearch.generator.QueryGeneratorTest" time="0.001"/>
  <testcase name="generateOneQueryRuleSearchOneFieldLong" classname="org.molgenis.data.elasticsearch.generator.QueryGeneratorTest" time="0.001"/>
  <testcase name="generateOneQueryRuleSearchOneFieldMref" classname="org.molgenis.data.elasticsearch.generator.QueryGeneratorTest" time="0.001"/>
  <testcase name="generateOneQueryRuleSearchOneFieldScript" classname="org.molgenis.data.elasticsearch.generator.QueryGeneratorTest" time="0.001"/>
  <testcase name="generateOneQueryRuleSearchOneFieldString" classname="org.molgenis.data.elasticsearch.generator.QueryGeneratorTest" time="0"/>
  <testcase name="generateOneQueryRuleSearchOneFieldText" classname="org.molgenis.data.elasticsearch.generator.QueryGeneratorTest" time="0.001"/>
  <testcase name="generateOneQueryRuleSearchOneFieldXref" classname="org.molgenis.data.elasticsearch.generator.QueryGeneratorTest" time="0.001"/>
  <testcase name="generateMultipleQueryRule" classname="org.molgenis.data.elasticsearch.generator.QueryGeneratorReferencesTest" time="0.003"/>
  <testcase name="generateMultipleQueryRuleMultipleNotClauses" classname="org.molgenis.data.elasticsearch.generator.QueryGeneratorReferencesTest" time="0.002"/>
  <testcase name="generateOneQueryRuleEqualsBool" classname="org.molgenis.data.elasticsearch.generator.QueryGeneratorReferencesTest" time="0.001"/>
  <testcase name="generateOneQueryRuleEqualsCategorical" classname="org.molgenis.data.elasticsearch.generator.QueryGeneratorReferencesTest" time="0"/>
  <testcase name="generateOneQueryRuleEqualsString" classname="org.molgenis.data.elasticsearch.generator.QueryGeneratorReferencesTest" time="0.001"/>
  <testcase name="generateOneQueryRuleGreaterDate" classname="org.molgenis.data.elasticsearch.generator.QueryGeneratorReferencesTest" time="0.001"/>
  <testcase name="generateOneQueryRuleGreaterDateTime" classname="org.molgenis.data.elasticsearch.generator.QueryGeneratorReferencesTest" time="0.001"/>
  <testcase name="generateOneQueryRuleGreaterDecimal" classname="org.molgenis.data.elasticsearch.generator.QueryGeneratorReferencesTest" time="0.001"/>
  <testcase name="generateOneQueryRuleGreaterEqualDate" classname="org.molgenis.data.elasticsearch.generator.QueryGeneratorReferencesTest" time="0.001"/>
  <testcase name="generateOneQueryRuleGreaterInt" classname="org.molgenis.data.elasticsearch.generator.QueryGeneratorReferencesTest" time="0"/>
  <testcase name="generateOneQueryRuleGreaterLong" classname="org.molgenis.data.elasticsearch.generator.QueryGeneratorReferencesTest" time="0.001"/>
  <testcase name="generateOneQueryRuleInCategorical_Ids" classname="org.molgenis.data.elasticsearch.generator.QueryGeneratorReferencesTest" time="0"/>
  <testcase name="generateOneQueryRuleLesserEqualDecimal" classname="org.molgenis.data.elasticsearch.generator.QueryGeneratorReferencesTest" time="0.001"/>
  <testcase name="generateOneQueryRuleLesserInt" classname="org.molgenis.data.elasticsearch.generator.QueryGeneratorReferencesTest" time="0.001"/>
  <testcase name="generateOneQueryRuleLikeCompoundPartString" classname="org.molgenis.data.elasticsearch.generator.QueryGeneratorReferencesTest" time="0.001"/>
  <testcase name="generateOneQueryRuleNotEqualsCategorical" classname="org.molgenis.data.elasticsearch.generator.QueryGeneratorReferencesTest" time="0"/>
  <testcase name="generateOneQueryRuleNotEqualsCompound" classname="org.molgenis.data.elasticsearch.generator.QueryGeneratorReferencesTest" time="0.001"/>
  <testcase name="generateOneQueryRuleNotEqualsCompoundPartString" classname="org.molgenis.data.elasticsearch.generator.QueryGeneratorReferencesTest" time="0"/>
  <testcase name="generateOneQueryRuleNotEqualsEqualsBool" classname="org.molgenis.data.elasticsearch.generator.QueryGeneratorReferencesTest" time="0.001"/>
  <testcase name="generateOneQueryRuleRangeInt" classname="org.molgenis.data.elasticsearch.generator.QueryGeneratorReferencesTest" time="0.001"/>
  <testcase name="generateOneQueryRuleSearchOneFieldCategorical" classname="org.molgenis.data.elasticsearch.generator.QueryGeneratorReferencesTest" time="0"/>
  <testcase name="generateOneQueryRuleSearchOneFieldCompoundPartString" classname="org.molgenis.data.elasticsearch.generator.QueryGeneratorReferencesTest" time="0.001"/>
  <testcase name="testCreateMapping" classname="org.molgenis.data.elasticsearch.generator.MappingGeneratorTest" time="0.006"/>
  <testcase name="testCreateMapping" classname="org.molgenis.data.elasticsearch.generator.MappingGeneratorTest" time="0.002"/>
  <testcase name="testCreateMapping" classname="org.molgenis.data.elasticsearch.generator.MappingGeneratorTest" time="0.002"/>
  <testcase name="testCreateMapping" classname="org.molgenis.data.elasticsearch.generator.MappingGeneratorTest" time="0.001"/>
  <testcase name="testCreateMapping" classname="org.molgenis.data.elasticsearch.generator.MappingGeneratorTest" time="0.001"/>
  <testcase name="testCreateMapping" classname="org.molgenis.data.elasticsearch.generator.MappingGeneratorTest" time="0.001"/>
  <testcase name="testCreateMapping" classname="org.molgenis.data.elasticsearch.generator.MappingGeneratorTest" time="0.001"/>
  <testcase name="testCreateMapping" classname="org.molgenis.data.elasticsearch.generator.MappingGeneratorTest" time="0.002"/>
  <testcase name="testCreateMapping" classname="org.molgenis.data.elasticsearch.generator.MappingGeneratorTest" time="0.002"/>
  <testcase name="testCreateMappingProviderDepth" classname="org.molgenis.data.elasticsearch.generator.MappingGeneratorTest" time="0.001"/>
  <testcase name="testCreateMappingProviderDepth" classname="org.molgenis.data.elasticsearch.generator.MappingGeneratorTest" time="0.001"/>
  <testcase name="testCreateMappingProviderDepth" classname="org.molgenis.data.elasticsearch.generator.MappingGeneratorTest" time="0.001"/>
  <testcase name="testCreateMappingProviderNested" classname="org.molgenis.data.elasticsearch.generator.MappingGeneratorTest" time="0.002"/>
  <testcase name="testCreateMappingProviderNested" classname="org.molgenis.data.elasticsearch.generator.MappingGeneratorTest" time="0.002"/>
  <testcase name="testCreateMappingProviderNested" classname="org.molgenis.data.elasticsearch.generator.MappingGeneratorTest" time="0.002"/>
  <testcase name="testCreateMappingProviderNested" classname="org.molgenis.data.elasticsearch.generator.MappingGeneratorTest" time="0.002"/>
  <testcase name="testCreateMappingProviderNested" classname="org.molgenis.data.elasticsearch.generator.MappingGeneratorTest" time="0.002"/>
  <testcase name="testCreateMappingProviderNested" classname="org.molgenis.data.elasticsearch.generator.MappingGeneratorTest" time="0.002"/>
  <testcase name="testMappingGenerator" classname="org.molgenis.data.elasticsearch.generator.MappingGeneratorTest" time="0"/>
  <testcase name="DocumentContentBuilder" classname="org.molgenis.data.elasticsearch.generator.DocumentContentBuilderTest" time="0"/>
  <testcase name="createDocumentBool" classname="org.molgenis.data.elasticsearch.generator.DocumentContentBuilderTest" time="0.027"/>
  <testcase name="createDocumentBool" classname="org.molgenis.data.elasticsearch.generator.DocumentContentBuilderTest" time="0.001"/>
  <testcase name="createDocumentBool" classname="org.molgenis.data.elasticsearch.generator.DocumentContentBuilderTest" time="0.001"/>
  <testcase name="createDocumentDate" classname="org.molgenis.data.elasticsearch.generator.DocumentContentBuilderTest" time="0.002"/>
  <testcase name="createDocumentDate" classname="org.molgenis.data.elasticsearch.generator.DocumentContentBuilderTest" time="0.001"/>
  <testcase name="createDocumentDateTime" classname="org.molgenis.data.elasticsearch.generator.DocumentContentBuilderTest" time="0.001"/>
  <testcase name="createDocumentDateTime" classname="org.molgenis.data.elasticsearch.generator.DocumentContentBuilderTest" time="0.001"/>
  <testcase name="createDocumentDecimal" classname="org.molgenis.data.elasticsearch.generator.DocumentContentBuilderTest" time="0.002"/>
  <testcase name="createDocumentDecimal" classname="org.molgenis.data.elasticsearch.generator.DocumentContentBuilderTest" time="0.002"/>
  <testcase name="createDocumentDecimal" classname="org.molgenis.data.elasticsearch.generator.DocumentContentBuilderTest" time="0.002"/>
  <testcase name="createDocumentDecimal" classname="org.molgenis.data.elasticsearch.generator.DocumentContentBuilderTest" time="0.001"/>
  <testcase name="createDocumentDecimal" classname="org.molgenis.data.elasticsearch.generator.DocumentContentBuilderTest" time="0.002"/>
  <testcase name="createDocumentDecimal" classname="org.molgenis.data.elasticsearch.generator.DocumentContentBuilderTest" time="0.001"/>
  <testcase name="createDocumentDepth" classname="org.molgenis.data.elasticsearch.generator.DocumentContentBuilderTest" time="0.003"/>
  <testcase name="createDocumentDepth" classname="org.molgenis.data.elasticsearch.generator.DocumentContentBuilderTest" time="0.004"/>
  <testcase name="createDocumentDepth" classname="org.molgenis.data.elasticsearch.generator.DocumentContentBuilderTest" time="0.004"/>
  <testcase name="createDocumentInt" classname="org.molgenis.data.elasticsearch.generator.DocumentContentBuilderTest" time="0.001"/>
  <testcase name="createDocumentInt" classname="org.molgenis.data.elasticsearch.generator.DocumentContentBuilderTest" time="0.001"/>
  <testcase name="createDocumentInt" classname="org.molgenis.data.elasticsearch.generator.DocumentContentBuilderTest" time="0.002"/>
  <testcase name="createDocumentInt" classname="org.molgenis.data.elasticsearch.generator.DocumentContentBuilderTest" time="0.002"/>
  <testcase name="createDocumentInt" classname="org.molgenis.data.elasticsearch.generator.DocumentContentBuilderTest" time="0.001"/>
  <testcase name="createDocumentLong" classname="org.molgenis.data.elasticsearch.generator.DocumentContentBuilderTest" time="0.002"/>
  <testcase name="createDocumentLong" classname="org.molgenis.data.elasticsearch.generator.DocumentContentBuilderTest" time="0.002"/>
  <testcase name="createDocumentLong" classname="org.molgenis.data.elasticsearch.generator.DocumentContentBuilderTest" time="0.001"/>
  <testcase name="createDocumentLong" classname="org.molgenis.data.elasticsearch.generator.DocumentContentBuilderTest" time="0.002"/>
  <testcase name="createDocumentLong" classname="org.molgenis.data.elasticsearch.generator.DocumentContentBuilderTest" time="0.001"/>
  <testcase name="createDocumentMultiReferenceAttribute" classname="org.molgenis.data.elasticsearch.generator.DocumentContentBuilderTest" time="0.001"/>
  <testcase name="createDocumentMultiReferenceAttribute" classname="org.molgenis.data.elasticsearch.generator.DocumentContentBuilderTest" time="0.001"/>
  <testcase name="createDocumentMultiReferenceAttribute" classname="org.molgenis.data.elasticsearch.generator.DocumentContentBuilderTest" time="0.001"/>
  <testcase name="createDocumentMultiReferenceAttribute" classname="org.molgenis.data.elasticsearch.generator.DocumentContentBuilderTest" time="0.001"/>
  <testcase name="createDocumentMultiReferenceAttribute" classname="org.molgenis.data.elasticsearch.generator.DocumentContentBuilderTest" time="0.001"/>
  <testcase name="createDocumentMultiReferenceAttribute" classname="org.molgenis.data.elasticsearch.generator.DocumentContentBuilderTest" time="0.001"/>
  <testcase name="createDocumentObject" classname="org.molgenis.data.elasticsearch.generator.DocumentContentBuilderTest" time="0"/>
  <testcase name="createDocumentReferenceAttribute" classname="org.molgenis.data.elasticsearch.generator.DocumentContentBuilderTest" time="0.001"/>
  <testcase name="createDocumentReferenceAttribute" classname="org.molgenis.data.elasticsearch.generator.DocumentContentBuilderTest" time="0.002"/>
  <testcase name="createDocumentReferenceAttribute" classname="org.molgenis.data.elasticsearch.generator.DocumentContentBuilderTest" time="0.001"/>
  <testcase name="createDocumentReferenceAttribute" classname="org.molgenis.data.elasticsearch.generator.DocumentContentBuilderTest" time="0.001"/>
  <testcase name="createDocumentReferenceAttribute" classname="org.molgenis.data.elasticsearch.generator.DocumentContentBuilderTest" time="0.001"/>
  <testcase name="createDocumentReferenceAttribute" classname="org.molgenis.data.elasticsearch.generator.DocumentContentBuilderTest" time="0.001"/>
  <testcase name="createDocumentString" classname="org.molgenis.data.elasticsearch.generator.DocumentContentBuilderTest" time="0.001"/>
  <testcase name="createDocumentString" classname="org.molgenis.data.elasticsearch.generator.DocumentContentBuilderTest" time="0.001"/>
  <testcase name="createDocumentString" classname="org.molgenis.data.elasticsearch.generator.DocumentContentBuilderTest" time="0.001"/>
  <testcase name="createDocumentString" classname="org.molgenis.data.elasticsearch.generator.DocumentContentBuilderTest" time="0.001"/>
  <testcase name="createDocumentString" classname="org.molgenis.data.elasticsearch.generator.DocumentContentBuilderTest" time="0.001"/>
  <testcase name="createDocumentString" classname="org.molgenis.data.elasticsearch.generator.DocumentContentBuilderTest" time="0.001"/>
  <testcase name="createDocumentString" classname="org.molgenis.data.elasticsearch.generator.DocumentContentBuilderTest" time="0.001"/>
  <testcase name="createDocumentString" classname="org.molgenis.data.elasticsearch.generator.DocumentContentBuilderTest" time="0.001"/>
  <testcase name="createDocumentString" classname="org.molgenis.data.elasticsearch.generator.DocumentContentBuilderTest" time="0.001"/>
  <testcase name="createDocumentString" classname="org.molgenis.data.elasticsearch.generator.DocumentContentBuilderTest" time="0.001"/>
  <testcase name="createDocumentString" classname="org.molgenis.data.elasticsearch.generator.DocumentContentBuilderTest" time="0.001"/>
  <testcase name="createDocumentString" classname="org.molgenis.data.elasticsearch.generator.DocumentContentBuilderTest" time="0.001"/>
  <testcase name="createDocumentString" classname="org.molgenis.data.elasticsearch.generator.DocumentContentBuilderTest" time="0.001"/>
  <testcase name="createDocumentString" classname="org.molgenis.data.elasticsearch.generator.DocumentContentBuilderTest" time="0.001"/>
  <testcase name="createDocumentString" classname="org.molgenis.data.elasticsearch.generator.DocumentContentBuilderTest" time="0.002"/>
  <testcase name="createDocumentString" classname="org.molgenis.data.elasticsearch.generator.DocumentContentBuilderTest" time="0.002"/>
  <testcase name="createDocumentString" classname="org.molgenis.data.elasticsearch.generator.DocumentContentBuilderTest" time="0.001"/>
  <testcase name="createDocumentString" classname="org.molgenis.data.elasticsearch.generator.DocumentContentBuilderTest" time="0.001"/>
  <testcase name="createDocumentString" classname="org.molgenis.data.elasticsearch.generator.DocumentContentBuilderTest" time="0.001"/>
  <testcase name="createDocumentString" classname="org.molgenis.data.elasticsearch.generator.DocumentContentBuilderTest" time="0.001"/>
  <testcase name="createDocumentString" classname="org.molgenis.data.elasticsearch.generator.DocumentContentBuilderTest" time="0.001"/>
  <testcase name="testBatchingSearchPageSizeLargerThanMax" classname="org.molgenis.data.elasticsearch.ElasticsearchServiceTest" time="0.318"/>
  <testcase name="testBatchingSearchPageSizeZero" classname="org.molgenis.data.elasticsearch.ElasticsearchServiceTest" time="0.003"/>
  <testcase name="testSingleBatchSearch" classname="org.molgenis.data.elasticsearch.ElasticsearchServiceTest" time="0.001"/>
</testsuite>