<?xml version="1.0" encoding="UTF-8"?>
<!-- Generated by org.testng.reporters.JUnitReportReporter -->
<testsuite hostname="spirals-vortex.lille.inria.fr" name="org.wso2.transport.http.netty.websocket.server.WebSocketServerFunctionalityTestCase" tests="7" failures="0" timestamp="31 May 2018 14:01:40 GMT" time="0.143" errors="0">
  <testcase name="testPingToTestClient" time="0.017" classname="org.wso2.transport.http.netty.websocket.server.WebSocketServerFunctionalityTestCase"/>
  <testcase name="testServerInitiatedClosure" time="0.027" classname="org.wso2.transport.http.netty.websocket.server.WebSocketServerFunctionalityTestCase"/>
  <testcase name="testSendAndReceiveDifferentStatusCode" time="0.023" classname="org.wso2.transport.http.netty.websocket.server.WebSocketServerFunctionalityTestCase"/>
  <testcase name="testPong" time="0.023" classname="org.wso2.transport.http.netty.websocket.server.WebSocketServerFunctionalityTestCase"/>
  <testcase name="testBinaryReceiveAndEchoBack" time="0.017" classname="org.wso2.transport.http.netty.websocket.server.WebSocketServerFunctionalityTestCase"/>
  <testcase name="testTextReceiveAndEchoBack" time="0.019" classname="org.wso2.transport.http.netty.websocket.server.WebSocketServerFunctionalityTestCase"/>
  <testcase name="testForceFulConnectionClosure" time="0.017" classname="org.wso2.transport.http.netty.websocket.server.WebSocketServerFunctionalityTestCase"/>
</testsuite> <!-- org.wso2.transport.http.netty.websocket.server.WebSocketServerFunctionalityTestCase -->
