<?xml version="1.0" encoding="UTF-8"?>
<!-- Generated by org.testng.reporters.JUnitReportReporter -->
<testsuite hostname="spirals-vortex.lille.inria.fr" name="org.wso2.transport.http.netty.websocket.client.WebSocketClientFunctionalityTestCase" tests="8" failures="0" timestamp="31 May 2018 14:01:40 GMT" time="0.225" errors="0">
  <testcase name="testConnectionTermination" time="0.008" classname="org.wso2.transport.http.netty.websocket.client.WebSocketClientFunctionalityTestCase"/>
  <testcase name="testPong" time="0.006" classname="org.wso2.transport.http.netty.websocket.client.WebSocketClientFunctionalityTestCase"/>
  <testcase name="testTextSendAndReceive" time="0.016" classname="org.wso2.transport.http.netty.websocket.client.WebSocketClientFunctionalityTestCase"/>
  <testcase name="testPing" time="0.035" classname="org.wso2.transport.http.netty.websocket.client.WebSocketClientFunctionalityTestCase"/>
  <testcase name="testConnectionClosureFromServerSideWithoutCloseFrame" time="0.048" classname="org.wso2.transport.http.netty.websocket.client.WebSocketClientFunctionalityTestCase"/>
  <testcase name="testClientInitiatedClosure" time="0.009" classname="org.wso2.transport.http.netty.websocket.client.WebSocketClientFunctionalityTestCase"/>
  <testcase name="testBinarySendAndReceive" time="0.051" classname="org.wso2.transport.http.netty.websocket.client.WebSocketClientFunctionalityTestCase"/>
  <testcase name="testConnectionClosureFromServerSide" time="0.052" classname="org.wso2.transport.http.netty.websocket.client.WebSocketClientFunctionalityTestCase"/>
</testsuite> <!-- org.wso2.transport.http.netty.websocket.client.WebSocketClientFunctionalityTestCase -->
