<?xml version="1.0" encoding="UTF-8"?>
<!-- Generated by org.testng.reporters.JUnitReportReporter -->
<testsuite hostname="spirals-vortex.lille.inria.fr" name="org.wso2.transport.http.netty.websocket.passthrough.WebSocketPassThroughTestCase" tests="2" failures="0" timestamp="31 May 2018 14:01:40 GMT" time="0.062" errors="0">
  <testcase name="testTextPassThrough" time="0.027" classname="org.wso2.transport.http.netty.websocket.passthrough.WebSocketPassThroughTestCase"/>
  <testcase name="testBinaryPassThrough" time="0.035" classname="org.wso2.transport.http.netty.websocket.passthrough.WebSocketPassThroughTestCase"/>
</testsuite> <!-- org.wso2.transport.http.netty.websocket.passthrough.WebSocketPassThroughTestCase -->
