<?xml version="1.0" encoding="UTF-8"?>
<!-- Generated by org.testng.reporters.JUnitReportReporter -->
<testsuite hostname="spirals-vortex.lille.inria.fr" name="org.wso2.transport.http.netty.certificatevalidation.RevocationVerificationTest" tests="4" failures="0" timestamp="31 May 2018 14:01:40 GMT" time="0.711" errors="0">
  <testcase name="testOCSPPathValidationWithFakeCerts" time="0.126" classname="org.wso2.transport.http.netty.certificatevalidation.RevocationVerificationTest"/>
  <testcase name="testOCSPPathValidation" time="0.148" classname="org.wso2.transport.http.netty.certificatevalidation.RevocationVerificationTest"/>
  <testcase name="testCRLPathValidationWithFakeCerts" time="0.214" classname="org.wso2.transport.http.netty.certificatevalidation.RevocationVerificationTest"/>
  <testcase name="testCRLPathValidation" time="0.223" classname="org.wso2.transport.http.netty.certificatevalidation.RevocationVerificationTest"/>
</testsuite> <!-- org.wso2.transport.http.netty.certificatevalidation.RevocationVerificationTest -->
