<?xml version="1.0" encoding="UTF-8"?>
<!-- Generated by org.testng.reporters.JUnitReportReporter -->
<testsuite hostname="spirals-vortex.lille.inria.fr" name="org.wso2.transport.http.netty.forwardedextension.ForwardedTransitionTestCase" tests="2" failures="0" timestamp="31 May 2018 14:01:40 GMT" time="0.021" errors="0">
  <testcase name="testSingleHeader" time="0.008" classname="org.wso2.transport.http.netty.forwardedextension.ForwardedTransitionTestCase"/>
  <testcase name="testMultipleHeader" time="0.013" classname="org.wso2.transport.http.netty.forwardedextension.ForwardedTransitionTestCase"/>
</testsuite> <!-- org.wso2.transport.http.netty.forwardedextension.ForwardedTransitionTestCase -->
