<?xml version="1.0" encoding="UTF-8"?>
<!-- Generated by org.testng.reporters.JUnitReportReporter -->
<testsuite hostname="spirals-vortex.lille.inria.fr" name="org.wso2.transport.http.netty.urilengthvalidation.Status414And413ResponseTest" tests="3" failures="0" timestamp="31 May 2018 14:01:40 GMT" time="0.159" errors="0">
  <testcase name="largeHeaderTest" time="0.035" classname="org.wso2.transport.http.netty.urilengthvalidation.Status414And413ResponseTest"/>
  <testcase name="largeUriTest" time="0.058" classname="org.wso2.transport.http.netty.urilengthvalidation.Status414And413ResponseTest"/>
  <testcase name="largeEntityBodyTest" time="0.066" classname="org.wso2.transport.http.netty.urilengthvalidation.Status414And413ResponseTest"/>
</testsuite> <!-- org.wso2.transport.http.netty.urilengthvalidation.Status414And413ResponseTest -->
