<?xml version="1.0" encoding="UTF-8"?>
<!-- Generated by org.testng.reporters.JUnitReportReporter -->
<testsuite hostname="spirals-vortex.lille.inria.fr" name="org.wso2.transport.http.netty.forwardedextension.ForwardedDisableTestCase" tests="2" failures="0" timestamp="31 May 2018 14:01:40 GMT" time="0.016" errors="0">
  <testcase name="testMultipleHeader" time="0.009" classname="org.wso2.transport.http.netty.forwardedextension.ForwardedDisableTestCase"/>
  <testcase name="testSingleHeader" time="0.007" classname="org.wso2.transport.http.netty.forwardedextension.ForwardedDisableTestCase"/>
</testsuite> <!-- org.wso2.transport.http.netty.forwardedextension.ForwardedDisableTestCase -->
