<?xml version="1.0" encoding="UTF-8"?>
<!-- Generated by org.testng.reporters.JUnitReportReporter -->
<testsuite hostname="spirals-vortex.lille.inria.fr" name="org.wso2.transport.http.netty.proxyserver.HttpProxyServerTestCase" tests="2" failures="0" timestamp="31 May 2018 14:01:40 GMT" time="0.054" errors="0">
  <testcase name="testHttpProxyRequestUrl" time="0.001" classname="org.wso2.transport.http.netty.proxyserver.HttpProxyServerTestCase"/>
  <testcase name="testHttpProxyServer" time="0.053" classname="org.wso2.transport.http.netty.proxyserver.HttpProxyServerTestCase"/>
</testsuite> <!-- org.wso2.transport.http.netty.proxyserver.HttpProxyServerTestCase -->
