<?xml version="1.0" encoding="UTF-8"?>
<!-- Generated by org.testng.reporters.JUnitReportReporter -->
<testsuite hostname="spirals-vortex.lille.inria.fr" name="org.wso2.transport.http.netty.forwardedextension.ForwardedEnableTestCase" tests="2" failures="0" timestamp="31 May 2018 14:01:40 GMT" time="0.015" errors="0">
  <testcase name="testSingleHeader" time="0.007" classname="org.wso2.transport.http.netty.forwardedextension.ForwardedEnableTestCase"/>
  <testcase name="testMultipleHeader" time="0.008" classname="org.wso2.transport.http.netty.forwardedextension.ForwardedEnableTestCase"/>
</testsuite> <!-- org.wso2.transport.http.netty.forwardedextension.ForwardedEnableTestCase -->
