<?xml version="1.0" encoding="UTF-8"?>
<!-- Generated by org.testng.reporters.JUnitReportReporter -->
<testsuite hostname="spirals-vortex.lille.inria.fr" name="org.wso2.transport.http.netty.hostnameverfication.HostnameVerificationTest" tests="2" failures="0" timestamp="31 May 2018 14:01:40 GMT" time="5.117" errors="0">
  <testcase name="testHostNameVerification" time="5.026" classname="org.wso2.transport.http.netty.hostnameverfication.HostnameVerificationTest"/>
  <testcase name="testHostNameVerification" time="0.091" classname="org.wso2.transport.http.netty.hostnameverfication.HostnameVerificationTest"/>
</testsuite> <!-- org.wso2.transport.http.netty.hostnameverfication.HostnameVerificationTest -->
