<?xml version="1.0" encoding="UTF-8"?>
<!-- Generated by org.testng.reporters.JUnitReportReporter -->
<testsuite hostname="spirals-vortex.lille.inria.fr" name="org.wso2.transport.http.netty.unitfunction.CommonUtilTestCase" tests="2" failures="0" timestamp="31 May 2018 14:01:40 GMT" time="0.002" errors="0">
  <testcase name="testCreateHttpResponse" time="0.001" classname="org.wso2.transport.http.netty.unitfunction.CommonUtilTestCase"/>
  <testcase name="testCreateHttpRequest" time="0.001" classname="org.wso2.transport.http.netty.unitfunction.CommonUtilTestCase"/>
</testsuite> <!-- org.wso2.transport.http.netty.unitfunction.CommonUtilTestCase -->
