<?xml version="1.0" encoding="UTF-8"?>
<!-- Generated by org.testng.reporters.JUnitReportReporter -->
<testsuite hostname="spirals-vortex.lille.inria.fr" name="org.wso2.transport.http.netty.connectionpool.ConnectionPoolMaxConnTestCase" tests="1" failures="0" timestamp="31 May 2018 14:01:40 GMT" time="1.076" errors="0">
  <testcase name="testMaxActiveConnectionsPerPool" time="1.076" classname="org.wso2.transport.http.netty.connectionpool.ConnectionPoolMaxConnTestCase"/>
</testsuite> <!-- org.wso2.transport.http.netty.connectionpool.ConnectionPoolMaxConnTestCase -->
