<?xml version="1.0" encoding="UTF-8"?>
<!-- Generated by org.testng.reporters.JUnitReportReporter -->
<testsuite hostname="spirals-vortex.lille.inria.fr" name="org.wso2.transport.http.netty.encoding.ContentEncodingTestCase" tests="1" failures="0" timestamp="31 May 2018 14:01:40 GMT" time="0.028" errors="0">
  <testcase name="messageEchoingFromProcessorTestCase" time="0.028" classname="org.wso2.transport.http.netty.encoding.ContentEncodingTestCase"/>
</testsuite> <!-- org.wso2.transport.http.netty.encoding.ContentEncodingTestCase -->
