<?xml version="1.0" encoding="UTF-8"?>
<!-- Generated by org.testng.reporters.JUnitReportReporter -->
<testsuite hostname="spirals-vortex.lille.inria.fr" name="org.wso2.transport.http.netty.chunkdisable.ChunkEnableClientTestCase" tests="1" failures="0" timestamp="31 May 2018 14:01:40 GMT" time="0.012" errors="0">
  <testcase name="postTest" time="0.012" classname="org.wso2.transport.http.netty.chunkdisable.ChunkEnableClientTestCase"/>
</testsuite> <!-- org.wso2.transport.http.netty.chunkdisable.ChunkEnableClientTestCase -->
