<?xml version="1.0" encoding="UTF-8"?>
<!-- Generated by org.testng.reporters.JUnitReportReporter -->
<testsuite hostname="spirals-vortex.lille.inria.fr" name="org.wso2.transport.http.netty.passthrough.PassThroughHttpTestCase" tests="2" failures="0" timestamp="31 May 2018 14:01:40 GMT" time="0.908" errors="0">
  <testcase name="passthroughGetTest" time="0.880" classname="org.wso2.transport.http.netty.passthrough.PassThroughHttpTestCase"/>
  <testcase name="passthroughPostTest" time="0.028" classname="org.wso2.transport.http.netty.passthrough.PassThroughHttpTestCase"/>
</testsuite> <!-- org.wso2.transport.http.netty.passthrough.PassThroughHttpTestCase -->
