<?xml version="1.0" encoding="UTF-8"?>
<!-- Generated by org.testng.reporters.JUnitReportReporter -->
<testsuite hostname="spirals-vortex.lille.inria.fr" name="org.wso2.transport.http.netty.websocket.server.WebSocketServerHandshakeFunctionalityTestCase" tests="7" failures="0" timestamp="31 May 2018 14:01:40 GMT" time="4.184" errors="0">
  <testcase name="testSuccessfulSubProtocolNegotiation" time="0.014" classname="org.wso2.transport.http.netty.websocket.server.WebSocketServerHandshakeFunctionalityTestCase"/>
  <testcase name="testReadNextFrame" time="0.037" classname="org.wso2.transport.http.netty.websocket.server.WebSocketServerHandshakeFunctionalityTestCase"/>
  <testcase name="testHandshakeWithCustomHeader" time="0.016" classname="org.wso2.transport.http.netty.websocket.server.WebSocketServerHandshakeFunctionalityTestCase"/>
  <testcase name="testIdleTimeout" time="4.027" classname="org.wso2.transport.http.netty.websocket.server.WebSocketServerHandshakeFunctionalityTestCase"/>
  <testcase name="testFailSubProtocolNegotiation" time="0.030" classname="org.wso2.transport.http.netty.websocket.server.WebSocketServerHandshakeFunctionalityTestCase"/>
  <testcase name="testHandshakeWithPostMethod" time="0.008" classname="org.wso2.transport.http.netty.websocket.server.WebSocketServerHandshakeFunctionalityTestCase"/>
  <testcase name="testCancelHandshake" time="0.052" classname="org.wso2.transport.http.netty.websocket.server.WebSocketServerHandshakeFunctionalityTestCase"/>
</testsuite> <!-- org.wso2.transport.http.netty.websocket.server.WebSocketServerHandshakeFunctionalityTestCase -->
