<?xml version="1.0" encoding="UTF-8"?>
<!-- Generated by org.testng.reporters.JUnitReportReporter -->
<testsuite hostname="spirals-vortex.lille.inria.fr" name="org.wso2.transport.http.netty.connectionpool.ConnectionPoolMainTestCase" tests="1" failures="0" timestamp="31 May 2018 14:01:40 GMT" time="7.510" errors="0">
  <testcase name="testConnectionReuseForMain" time="7.510" classname="org.wso2.transport.http.netty.connectionpool.ConnectionPoolMainTestCase"/>
</testsuite> <!-- org.wso2.transport.http.netty.connectionpool.ConnectionPoolMainTestCase -->
