<?xml version="1.0" encoding="UTF-8"?>
<!-- Generated by org.testng.reporters.JUnitReportReporter -->
<testsuite hostname="spirals-vortex.lille.inria.fr" name="org.wso2.transport.http.netty.redirect.HttpClientRedirectTestCase" tests="20" failures="0" timestamp="31 May 2018 14:01:40 GMT" time="55.328" errors="0">
  <testcase name="justRelativePathName" time="0.001" classname="org.wso2.transport.http.netty.redirect.HttpClientRedirectTestCase"/>
  <testcase name="unitTestForRedirectHandler" time="0.009" classname="org.wso2.transport.http.netty.redirect.HttpClientRedirectTestCase"/>
  <testcase name="redirectOnButNotARedirect" time="4.440" classname="org.wso2.transport.http.netty.redirect.HttpClientRedirectTestCase"/>
  <testcase name="unitTestForSameDomain" time="0.000" classname="org.wso2.transport.http.netty.redirect.HttpClientRedirectTestCase"/>
  <testcase name="requestPathEndsWithSlash" time="0.000" classname="org.wso2.transport.http.netty.redirect.HttpClientRedirectTestCase"/>
  <testcase name="relativePathStartsWithSlash" time="0.000" classname="org.wso2.transport.http.netty.redirect.HttpClientRedirectTestCase"/>
  <testcase name="relativePathEndsWithSlash" time="0.001" classname="org.wso2.transport.http.netty.redirect.HttpClientRedirectTestCase"/>
  <testcase name="integrationTestForTimeout" time="10.868" classname="org.wso2.transport.http.netty.redirect.HttpClientRedirectTestCase"/>
  <testcase name="unitTestForAlwaysGet" time="0.000" classname="org.wso2.transport.http.netty.redirect.HttpClientRedirectTestCase"/>
  <testcase name="integrationTestForRedirectWithHttps" time="8.932" classname="org.wso2.transport.http.netty.redirect.HttpClientRedirectTestCase"/>
  <testcase name="unitTestForRedirectLoop" time="0.002" classname="org.wso2.transport.http.netty.redirect.HttpClientRedirectTestCase"/>
  <testcase name="originalRequestWithQueryParams" time="0.000" classname="org.wso2.transport.http.netty.redirect.HttpClientRedirectTestCase"/>
  <testcase name="absolutePathWithQueryParams" time="0.007" classname="org.wso2.transport.http.netty.redirect.HttpClientRedirectTestCase"/>
  <testcase name="relativePathWithQueryParams" time="0.000" classname="org.wso2.transport.http.netty.redirect.HttpClientRedirectTestCase"/>
  <testcase name="integrationTestForRedirectLoop" time="8.886" classname="org.wso2.transport.http.netty.redirect.HttpClientRedirectTestCase"/>
  <testcase name="unitTestForOriginalMethod" time="0.000" classname="org.wso2.transport.http.netty.redirect.HttpClientRedirectTestCase"/>
  <testcase name="unitTestFor303" time="0.001" classname="org.wso2.transport.http.netty.redirect.HttpClientRedirectTestCase"/>
  <testcase name="unitTestToDetermineCrossDomainURLs" time="0.001" classname="org.wso2.transport.http.netty.redirect.HttpClientRedirectTestCase"/>
  <testcase name="integrationTestForSingleRedirect" time="8.885" classname="org.wso2.transport.http.netty.redirect.HttpClientRedirectTestCase"/>
  <testcase name="integrationTestForResolvedRequestedURI" time="13.295" classname="org.wso2.transport.http.netty.redirect.HttpClientRedirectTestCase"/>
</testsuite> <!-- org.wso2.transport.http.netty.redirect.HttpClientRedirectTestCase -->
