<?xml version="1.0" encoding="UTF-8"?>
<!-- Generated by org.testng.reporters.JUnitReportReporter -->
<testsuite hostname="spirals-vortex.lille.inria.fr" name="org.wso2.transport.http.netty.http2.Http2ClientConnectorBasicTestCase" tests="2" failures="0" timestamp="31 May 2018 14:01:40 GMT" time="0.119" errors="0">
  <testcase name="testHttp2Post" time="0.017" classname="org.wso2.transport.http.netty.http2.Http2ClientConnectorBasicTestCase"/>
  <testcase name="testHttp2Get" time="0.102" classname="org.wso2.transport.http.netty.http2.Http2ClientConnectorBasicTestCase"/>
</testsuite> <!-- org.wso2.transport.http.netty.http2.Http2ClientConnectorBasicTestCase -->
