<?xml version="1.0" encoding="UTF-8"?>
<!-- Generated by org.testng.reporters.JUnitReportReporter -->
<testsuite hostname="spirals-vortex.lille.inria.fr" name="org.wso2.transport.http.netty.https.SSLProtocolsTest" tests="2" failures="0" timestamp="31 May 2018 14:01:40 GMT" time="5.131" errors="0">
  <testcase name="setup" time="5.024" classname="org.wso2.transport.http.netty.https.SSLProtocolsTest"/>
  <testcase name="setup" time="0.107" classname="org.wso2.transport.http.netty.https.SSLProtocolsTest"/>
</testsuite> <!-- org.wso2.transport.http.netty.https.SSLProtocolsTest -->
