<?xml version="1.0" encoding="UTF-8"?>
<!-- Generated by org.testng.reporters.JUnitReportReporter -->
<testsuite hostname="spirals-vortex.lille.inria.fr" name="org.wso2.transport.http.netty.http1point0test.ChunkAutoHttpOnePointZeroClientTestCase" tests="1" failures="0" timestamp="31 May 2018 14:01:40 GMT" time="0.020" errors="0">
  <testcase name="postTest" time="0.020" classname="org.wso2.transport.http.netty.http1point0test.ChunkAutoHttpOnePointZeroClientTestCase"/>
</testsuite> <!-- org.wso2.transport.http.netty.http1point0test.ChunkAutoHttpOnePointZeroClientTestCase -->
