<?xml version="1.0" encoding="UTF-8"?>
<!-- Generated by org.testng.reporters.JUnitReportReporter -->
<testsuite hostname="spirals-vortex.lille.inria.fr" name="org.wso2.transport.http.netty.unitfunction.ForwardedTestCase" tests="11" failures="0" timestamp="31 May 2018 14:01:40 GMT" time="0.013" errors="0">
  <testcase name="testSetForwardedHeaderAsFirstInterface" time="0.000" classname="org.wso2.transport.http.netty.unitfunction.ForwardedTestCase"/>
  <testcase name="testSetForwardedHeaderAsFirstInterfaceWithObfuscatedIdentifier" time="0.000" classname="org.wso2.transport.http.netty.unitfunction.ForwardedTestCase"/>
  <testcase name="testSetForwardedHeadersWhenForwardAndXHeadersAvailable" time="0.002" classname="org.wso2.transport.http.netty.unitfunction.ForwardedTestCase"/>
  <testcase name="testSetForwardedHeaderWithPreviousForwardHeader" time="0.001" classname="org.wso2.transport.http.netty.unitfunction.ForwardedTestCase"/>
  <testcase name="testSetForwardedHeaderAsFirstInterfaceIPv6" time="0.000" classname="org.wso2.transport.http.netty.unitfunction.ForwardedTestCase"/>
  <testcase name="testTransformAndSetForwardedHeaderWithXHeader" time="0.001" classname="org.wso2.transport.http.netty.unitfunction.ForwardedTestCase"/>
  <testcase name="testSetDefactoForwardedHeadersWithIPv6" time="0.007" classname="org.wso2.transport.http.netty.unitfunction.ForwardedTestCase"/>
  <testcase name="testSetDefactoForwardedHeadersWithPreviousXForwardHeader" time="0.000" classname="org.wso2.transport.http.netty.unitfunction.ForwardedTestCase"/>
  <testcase name="testTransformAndSetForwardedHeaderWithXFFAndXFBHeaders" time="0.001" classname="org.wso2.transport.http.netty.unitfunction.ForwardedTestCase"/>
  <testcase name="testTransformAndSetForwardedHeaderWithPreviousXForwardForAndForwardedHeader" time="0.001" classname="org.wso2.transport.http.netty.unitfunction.ForwardedTestCase"/>
  <testcase name="testSetForwardedHeaderAsFirstInterfaceIPv6WithPort" time="0.000" classname="org.wso2.transport.http.netty.unitfunction.ForwardedTestCase"/>
</testsuite> <!-- org.wso2.transport.http.netty.unitfunction.ForwardedTestCase -->
