<?xml version="1.0" encoding="UTF-8"?>
<!-- Generated by org.testng.reporters.JUnitReportReporter -->
<testsuite hostname="spirals-vortex.lille.inria.fr" name="org.wso2.transport.http.netty.websocket.client.WebSocketClientHandshakeFunctionalityTestCase" tests="5" failures="0" timestamp="31 May 2018 14:01:40 GMT" time="3.110" errors="0">
  <testcase name="testIdleTimeout" time="3.037" classname="org.wso2.transport.http.netty.websocket.client.WebSocketClientHandshakeFunctionalityTestCase"/>
  <testcase name="testSubProtocolNegotiationSuccessful" time="0.006" classname="org.wso2.transport.http.netty.websocket.client.WebSocketClientHandshakeFunctionalityTestCase"/>
  <testcase name="testSubProtocolNegotiationFail" time="0.010" classname="org.wso2.transport.http.netty.websocket.client.WebSocketClientHandshakeFunctionalityTestCase"/>
  <testcase name="testSendAndReceiveCustomHeaders" time="0.008" classname="org.wso2.transport.http.netty.websocket.client.WebSocketClientHandshakeFunctionalityTestCase"/>
  <testcase name="testReadNextFrame" time="0.049" classname="org.wso2.transport.http.netty.websocket.client.WebSocketClientHandshakeFunctionalityTestCase"/>
</testsuite> <!-- org.wso2.transport.http.netty.websocket.client.WebSocketClientHandshakeFunctionalityTestCase -->
