<?xml version="1.0" encoding="UTF-8"?>
<!-- Generated by org.testng.reporters.JUnitReportReporter -->
<testsuite hostname="spirals-vortex.lille.inria.fr" name="org.molgenis.searchall.controller.SearchAllServiceTest" tests="1" failures="0" timestamp="1 Jun 2018 11:21:08 GMT" time="0.067" errors="0">
  <testcase name="testFindAll" time="0.067" classname="org.molgenis.searchall.controller.SearchAllServiceTest"/>
</testsuite> <!-- org.molgenis.searchall.controller.SearchAllServiceTest -->
