<?xml version="1.0" encoding="UTF-8"?>
<!-- Generated by org.testng.reporters.JUnitReportReporter -->
<testsuite hostname="spirals-vortex.lille.inria.fr" name="org.molgenis.semanticmapper.algorithmgenerator.categorymapper.CategoryMapperTest" tests="8" failures="0" timestamp="1 Jun 2018 11:22:52 GMT" time="0.052" errors="0">
  <testcase name="testConvertCategory" time="0.000" classname="org.molgenis.semanticmapper.algorithmgenerator.categorymapper.CategoryMapperTest"/>
  <testcase name="testConvertDescriptionToAmount" time="0.001" classname="org.molgenis.semanticmapper.algorithmgenerator.categorymapper.CategoryMapperTest"/>
  <testcase name="testConvertWordToNumber" time="0.000" classname="org.molgenis.semanticmapper.algorithmgenerator.categorymapper.CategoryMapperTest"/>
  <testcase name="testExtractNumbers" time="0.003" classname="org.molgenis.semanticmapper.algorithmgenerator.categorymapper.CategoryMapperTest"/>
  <testcase name="testIntegration" time="0.048" classname="org.molgenis.semanticmapper.algorithmgenerator.categorymapper.CategoryMapperTest"/>
  <testcase name="testMatchUnit" time="0.000" classname="org.molgenis.semanticmapper.algorithmgenerator.categorymapper.CategoryMapperTest"/>
  <testcase name="testIsAmountRanged" time="0.000" classname="org.molgenis.semanticmapper.algorithmgenerator.categorymapper.CategoryMapperTest"/>
  <testcase name="testGetMostGeneralUnit" time="0.000" classname="org.molgenis.semanticmapper.algorithmgenerator.categorymapper.CategoryMapperTest"/>
</testsuite> <!-- org.molgenis.semanticmapper.algorithmgenerator.categorymapper.CategoryMapperTest -->
