<?xml version="1.0" encoding="UTF-8"?>
<!-- Generated by org.testng.reporters.JUnitReportReporter -->
<testsuite hostname="spirals-vortex.lille.inria.fr" name="org.molgenis.semanticmapper.service.impl.MappingServiceImplTest" tests="22" failures="0" timestamp="1 Jun 2018 11:22:52 GMT" time="0.272" errors="0">
  <testcase name="testApplyMappingsToRepoAdd" time="0.008" classname="org.molgenis.semanticmapper.service.impl.MappingServiceImplTest"/>
  <testcase name="testMaxProgressOneSourceMultipleBatches" time="0.004" classname="org.molgenis.semanticmapper.service.impl.MappingServiceImplTest"/>
  <testcase name="testApplyMappingsAdd" time="0.020" classname="org.molgenis.semanticmapper.service.impl.MappingServiceImplTest"/>
  <testcase name="testAddExistingTarget" time="0.003" classname="org.molgenis.semanticmapper.service.impl.MappingServiceImplTest"/>
  <testcase name="testMaxProgressOneSourceOneBatch" time="0.005" classname="org.molgenis.semanticmapper.service.impl.MappingServiceImplTest"/>
  <testcase name="testApplyMappingsToRepoUpsert" time="0.005" classname="org.molgenis.semanticmapper.service.impl.MappingServiceImplTest"/>
  <testcase name="createMetaWithNonNullParameters" time="0.029" classname="org.molgenis.semanticmapper.service.impl.MappingServiceImplTest"/>
  <testcase name="testIncompatibleMetaDataDifferentRefEntity" time="0.057" classname="org.molgenis.semanticmapper.service.impl.MappingServiceImplTest"/>
  <testcase name="testAddMappingProject" time="0.003" classname="org.molgenis.semanticmapper.service.impl.MappingServiceImplTest"/>
  <testcase name="testApplyMappingToEntity" time="0.031" classname="org.molgenis.semanticmapper.service.impl.MappingServiceImplTest"/>
  <testcase name="testCloneMappingProjectString" time="0.022" classname="org.molgenis.semanticmapper.service.impl.MappingServiceImplTest"/>
  <testcase name="testApplyMappingsUpdate" time="0.012" classname="org.molgenis.semanticmapper.service.impl.MappingServiceImplTest"/>
  <testcase name="testUpdateMappingProject" time="0.004" classname="org.molgenis.semanticmapper.service.impl.MappingServiceImplTest"/>
  <testcase name="testCloneMappingProjectStringString" time="0.003" classname="org.molgenis.semanticmapper.service.impl.MappingServiceImplTest"/>
  <testcase name="testGetCompatibleEntityTypes" time="0.004" classname="org.molgenis.semanticmapper.service.impl.MappingServiceImplTest"/>
  <testcase name="testIncompatibleMetaDataDifferentType" time="0.032" classname="org.molgenis.semanticmapper.service.impl.MappingServiceImplTest"/>
  <testcase name="createMetaWithNullParameters" time="0.005" classname="org.molgenis.semanticmapper.service.impl.MappingServiceImplTest"/>
  <testcase name="testMaxProgressMultipleSourcesSelfReferencing" time="0.005" classname="org.molgenis.semanticmapper.service.impl.MappingServiceImplTest"/>
  <testcase name="testIncompatibleMetaDataUnknownAttribute" time="0.004" classname="org.molgenis.semanticmapper.service.impl.MappingServiceImplTest"/>
  <testcase name="testMaxProgressOneSourceMultipleBatchesSelfReferencing" time="0.004" classname="org.molgenis.semanticmapper.service.impl.MappingServiceImplTest"/>
  <testcase name="testMaxProgressMultipleSources" time="0.005" classname="org.molgenis.semanticmapper.service.impl.MappingServiceImplTest"/>
  <testcase name="testGetMappingProject" time="0.007" classname="org.molgenis.semanticmapper.service.impl.MappingServiceImplTest"/>
</testsuite> <!-- org.molgenis.semanticmapper.service.impl.MappingServiceImplTest -->
