<?xml version="1.0" encoding="UTF-8"?>
<!-- Generated by org.testng.reporters.JUnitReportReporter -->
<testsuite hostname="spirals-vortex.lille.inria.fr" name="org.molgenis.semanticmapper.service.impl.AlgorithmTemplateServiceImplTest" tests="1" failures="0" timestamp="1 Jun 2018 11:22:52 GMT" time="0.004" errors="0">
  <testcase name="find" time="0.004" classname="org.molgenis.semanticmapper.service.impl.AlgorithmTemplateServiceImplTest"/>
</testsuite> <!-- org.molgenis.semanticmapper.service.impl.AlgorithmTemplateServiceImplTest -->
