<?xml version="1.0" encoding="UTF-8"?>
<!-- Generated by org.testng.reporters.JUnitReportReporter -->
<testsuite hostname="spirals-vortex.lille.inria.fr" name="org.molgenis.semanticmapper.algorithmgenerator.rules.impl.InternalAbstractCategoryRuleTest" tests="1" failures="0" timestamp="1 Jun 2018 11:22:52 GMT" time="0.979" errors="0">
  <testcase name="testCreateNumericQualityIndicatorDoesNotThrowNPE" time="0.979" classname="org.molgenis.semanticmapper.algorithmgenerator.rules.impl.InternalAbstractCategoryRuleTest"/>
</testsuite> <!-- org.molgenis.semanticmapper.algorithmgenerator.rules.impl.InternalAbstractCategoryRuleTest -->
