<?xml version="1.0" encoding="UTF-8"?>
<!-- Generated by org.testng.reporters.JUnitReportReporter -->
<testsuite hostname="spirals-vortex.lille.inria.fr" name="org.molgenis.semanticmapper.algorithmgenerator.categorymapper.LexicalCategoryMapperTest" tests="1" failures="0" timestamp="1 Jun 2018 11:22:52 GMT" time="0.003" errors="0">
  <testcase name="findBestCategoryMatch" time="0.003" classname="org.molgenis.semanticmapper.algorithmgenerator.categorymapper.LexicalCategoryMapperTest"/>
</testsuite> <!-- org.molgenis.semanticmapper.algorithmgenerator.categorymapper.LexicalCategoryMapperTest -->
