<?xml version="1.0" encoding="UTF-8"?>
<!-- Generated by org.testng.reporters.JUnitReportReporter -->
<testsuite hostname="spirals-vortex.lille.inria.fr" name="org.molgenis.semanticmapper.service.impl.UnitResolverImplTest" tests="13" failures="0" timestamp="1 Jun 2018 11:22:52 GMT" time="0.060" errors="0">
  <testcase name="resolveUnitLabelNoUnitDescriptionWithUnit_directUnitMatchRaw_kgm2" time="0.001" classname="org.molgenis.semanticmapper.service.impl.UnitResolverImplTest"/>
  <testcase name="testConvertNumberToOntologyTermStyle" time="0.002" classname="org.molgenis.semanticmapper.service.impl.UnitResolverImplTest"/>
  <testcase name="resolveUnitLabelNoUnit" time="0.045" classname="org.molgenis.semanticmapper.service.impl.UnitResolverImplTest"/>
  <testcase name="resolveUnitLabelNoUnitDescriptionWithUnit_directUnitMatch" time="0.000" classname="org.molgenis.semanticmapper.service.impl.UnitResolverImplTest"/>
  <testcase name="resolveUnitLabelWithUnit_directUnitMatch" time="0.000" classname="org.molgenis.semanticmapper.service.impl.UnitResolverImplTest"/>
  <testcase name="testTokenize" time="0.002" classname="org.molgenis.semanticmapper.service.impl.UnitResolverImplTest"/>
  <testcase name="testReplaceIllegalChars" time="0.001" classname="org.molgenis.semanticmapper.service.impl.UnitResolverImplTest"/>
  <testcase name="resolveUnitLabelNoUnitDescriptionWithUnit_unitOntologyMatch" time="0.000" classname="org.molgenis.semanticmapper.service.impl.UnitResolverImplTest"/>
  <testcase name="testIsUnitEmpty" time="0.001" classname="org.molgenis.semanticmapper.service.impl.UnitResolverImplTest"/>
  <testcase name="resolveUnitLabelNoUnitDescriptionNoUnit" time="0.002" classname="org.molgenis.semanticmapper.service.impl.UnitResolverImplTest"/>
  <testcase name="resolveUnitLabelNoUnitDescriptionWithUnit_directUnitMatch_kgm2_2" time="0.003" classname="org.molgenis.semanticmapper.service.impl.UnitResolverImplTest"/>
  <testcase name="resolveUnitLabelNoUnitDescriptionWithUnit_unitOntologyMatch_kgm2" time="0.002" classname="org.molgenis.semanticmapper.service.impl.UnitResolverImplTest"/>
  <testcase name="resolveUnitLabelWithUnit_unitOntologyMatch" time="0.001" classname="org.molgenis.semanticmapper.service.impl.UnitResolverImplTest"/>
</testsuite> <!-- org.molgenis.semanticmapper.service.impl.UnitResolverImplTest -->
