<?xml version="1.0" encoding="UTF-8"?>
<!-- Generated by org.testng.reporters.JUnitReportReporter -->
<testsuite hostname="spirals-vortex.lille.inria.fr" name="org.molgenis.semanticmapper.algorithmgenerator.rules.impl.MissingCategoryRuleTest" tests="3" failures="0" timestamp="1 Jun 2018 11:22:52 GMT" time="0.006" errors="0">
  <testcase name="isRuleApplied" time="0.003" classname="org.molgenis.semanticmapper.algorithmgenerator.rules.impl.MissingCategoryRuleTest"/>
  <testcase name="getMatchedTermFromTheRulelabelContainsWords" time="0.002" classname="org.molgenis.semanticmapper.algorithmgenerator.rules.impl.MissingCategoryRuleTest"/>
  <testcase name="removeIllegalChars" time="0.001" classname="org.molgenis.semanticmapper.algorithmgenerator.rules.impl.MissingCategoryRuleTest"/>
</testsuite> <!-- org.molgenis.semanticmapper.algorithmgenerator.rules.impl.MissingCategoryRuleTest -->
