<?xml version="1.0" encoding="UTF-8"?>
<!-- Generated by org.testng.reporters.JUnitReportReporter -->
<testsuite hostname="spirals-vortex.lille.inria.fr" name="org.molgenis.semanticmapper.service.impl.AlgorithmServiceImplTest" tests="10" failures="0" timestamp="1 Jun 2018 11:22:52 GMT" time="0.260" errors="0">
  <testcase name="testApplyConvertIntArithmeticException" time="0.001" classname="org.molgenis.semanticmapper.service.impl.AlgorithmServiceImplTest"/>
  <testcase name="testApplyConvertDateNumberFormatException" time="0.026" classname="org.molgenis.semanticmapper.service.impl.AlgorithmServiceImplTest"/>
  <testcase name="testApplyConvertDoubleNumberFormatException" time="0.055" classname="org.molgenis.semanticmapper.service.impl.AlgorithmServiceImplTest"/>
  <testcase name="testAlgorithmServiceImpl" time="0.001" classname="org.molgenis.semanticmapper.service.impl.AlgorithmServiceImplTest"/>
  <testcase name="testApplyConvertLongNumberFormatException" time="0.002" classname="org.molgenis.semanticmapper.service.impl.AlgorithmServiceImplTest"/>
  <testcase name="testApplyAlgorithmWitInvalidScript" time="0.000" classname="org.molgenis.semanticmapper.service.impl.AlgorithmServiceImplTest"/>
  <testcase name="testApplyConvertDateTimeNumberFormatException" time="0.002" classname="org.molgenis.semanticmapper.service.impl.AlgorithmServiceImplTest"/>
  <testcase name="testApplyWithInvalidScript" time="0.001" classname="org.molgenis.semanticmapper.service.impl.AlgorithmServiceImplTest"/>
  <testcase name="testApplyAlgorithm" time="0.170" classname="org.molgenis.semanticmapper.service.impl.AlgorithmServiceImplTest"/>
  <testcase name="testApplyConvertIntNumberFormatException" time="0.002" classname="org.molgenis.semanticmapper.service.impl.AlgorithmServiceImplTest"/>
</testsuite> <!-- org.molgenis.semanticmapper.service.impl.AlgorithmServiceImplTest -->
