<?xml version="1.0" encoding="UTF-8"?>
<!-- Generated by org.testng.reporters.JUnitReportReporter -->
<testsuite hostname="spirals-vortex.lille.inria.fr" name="org.molgenis.semanticmapper.controller.MappingServiceControllerTest" tests="14" failures="0" timestamp="1 Jun 2018 11:22:52 GMT" time="2.232" errors="0">
  <testcase name="itShouldUpdateExistingAttributeMappingWhenSaving" time="0.046" classname="org.molgenis.semanticmapper.controller.MappingServiceControllerTest"/>
  <testcase name="itShouldCreateNewAttributeMappingWhenSavingIfNonePresent" time="0.104" classname="org.molgenis.semanticmapper.controller.MappingServiceControllerTest"/>
  <testcase name="getFirstAttributeMappingInfo_dob" time="0.042" classname="org.molgenis.semanticmapper.controller.MappingServiceControllerTest"/>
  <testcase name="testIsNewEntityReturnsFalseIfEntityExists" time="0.048" classname="org.molgenis.semanticmapper.controller.MappingServiceControllerTest"/>
  <testcase name="getFirstAttributeMappingInfo_age" time="0.147" classname="org.molgenis.semanticmapper.controller.MappingServiceControllerTest"/>
  <testcase name="testMap" time="0.150" classname="org.molgenis.semanticmapper.controller.MappingServiceControllerTest"/>
  <testcase name="testIsNewEntityReturnsTrueIfEntityIsNew" time="0.044" classname="org.molgenis.semanticmapper.controller.MappingServiceControllerTest"/>
  <testcase name="testScheduleMappingJobSystemPackage" time="0.048" classname="org.molgenis.semanticmapper.controller.MappingServiceControllerTest"/>
  <testcase name="testScheduleMappingJobUnknownPackage" time="0.043" classname="org.molgenis.semanticmapper.controller.MappingServiceControllerTest"/>
  <testcase name="testViewMappingProject" time="0.089" classname="org.molgenis.semanticmapper.controller.MappingServiceControllerTest"/>
  <testcase name="testCreateIntegratedEntity" time="0.050" classname="org.molgenis.semanticmapper.controller.MappingServiceControllerTest"/>
  <testcase name="itShouldRemoveEmptyAttributeMappingsWhenSaving" time="1.315" classname="org.molgenis.semanticmapper.controller.MappingServiceControllerTest"/>
  <testcase name="testScheduleMappingJobUnknownMappingProjectId" time="0.062" classname="org.molgenis.semanticmapper.controller.MappingServiceControllerTest"/>
  <testcase name="getFirstAttributeMappingInfo_none" time="0.044" classname="org.molgenis.semanticmapper.controller.MappingServiceControllerTest"/>
</testsuite> <!-- org.molgenis.semanticmapper.controller.MappingServiceControllerTest -->
