<?xml version="1.0" encoding="UTF-8"?>
<!-- Generated by org.testng.reporters.JUnitReportReporter -->
<testsuite hostname="spirals-vortex.lille.inria.fr" name="org.molgenis.semanticmapper.utils.MagmaUnitConverterTest" tests="2" failures="0" timestamp="1 Jun 2018 11:22:52 GMT" time="0.002" errors="0">
  <testcase name="findCompositeUnitNames" time="0.001" classname="org.molgenis.semanticmapper.utils.MagmaUnitConverterTest"/>
  <testcase name="convertUnit" time="0.001" classname="org.molgenis.semanticmapper.utils.MagmaUnitConverterTest"/>
</testsuite> <!-- org.molgenis.semanticmapper.utils.MagmaUnitConverterTest -->
