<?xml version="1.0" encoding="UTF-8"?>
<!-- Generated by org.testng.reporters.JUnitReportReporter -->
<testsuite hostname="spirals-vortex.lille.inria.fr" name="org.molgenis.semanticmapper.algorithmgenerator.generator.NumericAlgorithmGeneratorTest" tests="3" failures="0" timestamp="1 Jun 2018 11:22:52 GMT" time="0.016" errors="0">
  <testcase name="generate" time="0.007" classname="org.molgenis.semanticmapper.algorithmgenerator.generator.NumericAlgorithmGeneratorTest"/>
  <testcase name="isSuitable" time="0.003" classname="org.molgenis.semanticmapper.algorithmgenerator.generator.NumericAlgorithmGeneratorTest"/>
  <testcase name="generateUnitConversionAlgorithm" time="0.006" classname="org.molgenis.semanticmapper.algorithmgenerator.generator.NumericAlgorithmGeneratorTest"/>
</testsuite> <!-- org.molgenis.semanticmapper.algorithmgenerator.generator.NumericAlgorithmGeneratorTest -->
