<?xml version="1.0" encoding="UTF-8"?>
<!-- Generated by org.testng.reporters.JUnitReportReporter -->
<testsuite hostname="spirals-vortex.lille.inria.fr" name="org.molgenis.semanticmapper.algorithmgenerator.generator.OneToManyCategoryAlgorithmGeneratorTest" tests="10" failures="0" timestamp="1 Jun 2018 11:22:52 GMT" time="0.119" errors="0">
  <testcase name="testCreateAlgorithmElseBlock" time="0.023" classname="org.molgenis.semanticmapper.algorithmgenerator.generator.OneToManyCategoryAlgorithmGeneratorTest"/>
  <testcase name="testHeterogenousGenerator" time="0.025" classname="org.molgenis.semanticmapper.algorithmgenerator.generator.OneToManyCategoryAlgorithmGeneratorTest"/>
  <testcase name="testSuitableForGeneratingWeightedMap" time="0.011" classname="org.molgenis.semanticmapper.algorithmgenerator.generator.OneToManyCategoryAlgorithmGeneratorTest"/>
  <testcase name="testGenerate" time="0.018" classname="org.molgenis.semanticmapper.algorithmgenerator.generator.OneToManyCategoryAlgorithmGeneratorTest"/>
  <testcase name="testIsSuitable" time="0.005" classname="org.molgenis.semanticmapper.algorithmgenerator.generator.OneToManyCategoryAlgorithmGeneratorTest"/>
  <testcase name="testCreateAlgorithmNullCheck" time="0.008" classname="org.molgenis.semanticmapper.algorithmgenerator.generator.OneToManyCategoryAlgorithmGeneratorTest"/>
  <testcase name="testGenerateWeightedMapForTarget" time="0.006" classname="org.molgenis.semanticmapper.algorithmgenerator.generator.OneToManyCategoryAlgorithmGeneratorTest"/>
  <testcase name="testGenerateWeightedMapForSource" time="0.008" classname="org.molgenis.semanticmapper.algorithmgenerator.generator.OneToManyCategoryAlgorithmGeneratorTest"/>
  <testcase name="testHomogenousGenerator" time="0.008" classname="org.molgenis.semanticmapper.algorithmgenerator.generator.OneToManyCategoryAlgorithmGeneratorTest"/>
  <testcase name="testGenerateWeightedMap" time="0.007" classname="org.molgenis.semanticmapper.algorithmgenerator.generator.OneToManyCategoryAlgorithmGeneratorTest"/>
</testsuite> <!-- org.molgenis.semanticmapper.algorithmgenerator.generator.OneToManyCategoryAlgorithmGeneratorTest -->
