<?xml version="1.0" encoding="UTF-8"?>
<!-- Generated by org.testng.reporters.JUnitReportReporter -->
<testsuite hostname="spirals-vortex.lille.inria.fr" name="org.molgenis.semanticmapper.algorithmgenerator.generator.OneToOneCategoryAlgorithmGeneratorTest" tests="3" failures="0" timestamp="1 Jun 2018 11:22:52 GMT" time="0.311" errors="0">
  <testcase name="testIsSuitable" time="0.019" classname="org.molgenis.semanticmapper.algorithmgenerator.generator.OneToOneCategoryAlgorithmGeneratorTest"/>
  <testcase name="testGenerateRules" time="0.085" classname="org.molgenis.semanticmapper.algorithmgenerator.generator.OneToOneCategoryAlgorithmGeneratorTest"/>
  <testcase name="testGenerate" time="0.207" classname="org.molgenis.semanticmapper.algorithmgenerator.generator.OneToOneCategoryAlgorithmGeneratorTest"/>
</testsuite> <!-- org.molgenis.semanticmapper.algorithmgenerator.generator.OneToOneCategoryAlgorithmGeneratorTest -->
