<?xml version="1.0" encoding="UTF-8"?>
<!-- Generated by org.testng.reporters.JUnitReportReporter -->
<testsuite hostname="spirals-vortex.lille.inria.fr" name="org.molgenis.semanticmapper.repository.impl.MappingTargetRepositoryImplTest" tests="3" failures="0" timestamp="1 Jun 2018 11:22:52 GMT" time="0.008" errors="0">
  <testcase name="testToMappingTargets" time="0.003" classname="org.molgenis.semanticmapper.repository.impl.MappingTargetRepositoryImplTest"/>
  <testcase name="testUpdate" time="0.002" classname="org.molgenis.semanticmapper.repository.impl.MappingTargetRepositoryImplTest"/>
  <testcase name="testInsert" time="0.003" classname="org.molgenis.semanticmapper.repository.impl.MappingTargetRepositoryImplTest"/>
</testsuite> <!-- org.molgenis.semanticmapper.repository.impl.MappingTargetRepositoryImplTest -->
