<?xml version="1.0" encoding="UTF-8"?>
<testsuite xmlns:xsi="http://www.w3.org/2001/XMLSchema-instance" xsi:noNamespaceSchemaLocation="https://maven.apache.org/surefire/maven-surefire-plugin/xsd/surefire-test-report.xsd" name="org.hibernate.checkstyle.checks.regexp.DoubleSpacesCheckTest" time="0.045" tests="4" errors="0" skipped="0" failures="0">
  <properties>
    <property name="awt.toolkit" value="sun.awt.X11.XToolkit"/>
    <property name="file.encoding.pkg" value="sun.io"/>
    <property name="java.specification.version" value="1.8"/>
    <property name="sun.cpu.isalist" value=""/>
    <property name="sun.jnu.encoding" value="UTF-8"/>
    <property name="java.class.path" value="/root/workspace/yrodiere/hibernate-search/386544315/build-config/target/test-classes:/root/workspace/yrodiere/hibernate-search/386544315/build-config/target/classes:/root/./workspace/yrodiere/hibernate-search/386544315/.m2/com/puppycrawl/tools/checkstyle/8.8/checkstyle-8.8.jar:/root/./workspace/yrodiere/hibernate-search/386544315/.m2/antlr/antlr/2.7.7/antlr-2.7.7.jar:/root/./workspace/yrodiere/hibernate-search/386544315/.m2/org/antlr/antlr4-runtime/4.7.1/antlr4-runtime-4.7.1.jar:/root/./workspace/yrodiere/hibernate-search/386544315/.m2/commons-beanutils/commons-beanutils/1.9.3/commons-beanutils-1.9.3.jar:/root/./workspace/yrodiere/hibernate-search/386544315/.m2/commons-logging/commons-logging/1.2/commons-logging-1.2.jar:/root/./workspace/yrodiere/hibernate-search/386544315/.m2/commons-collections/commons-collections/3.2.2/commons-collections-3.2.2.jar:/root/./workspace/yrodiere/hibernate-search/386544315/.m2/commons-cli/commons-cli/1.4/commons-cli-1.4.jar:/root/./workspace/yrodiere/hibernate-search/386544315/.m2/com/google/guava/guava/23.6-jre/guava-23.6-jre.jar:/root/./workspace/yrodiere/hibernate-search/386544315/.m2/com/google/code/findbugs/jsr305/1.3.9/jsr305-1.3.9.jar:/root/./workspace/yrodiere/hibernate-search/386544315/.m2/org/checkerframework/checker-compat-qual/2.0.0/checker-compat-qual-2.0.0.jar:/root/./workspace/yrodiere/hibernate-search/386544315/.m2/com/google/errorprone/error_prone_annotations/2.1.3/error_prone_annotations-2.1.3.jar:/root/./workspace/yrodiere/hibernate-search/386544315/.m2/com/google/j2objc/j2objc-annotations/1.1/j2objc-annotations-1.1.jar:/root/./workspace/yrodiere/hibernate-search/386544315/.m2/org/codehaus/mojo/animal-sniffer-annotations/1.14/animal-sniffer-annotations-1.14.jar:/root/./workspace/yrodiere/hibernate-search/386544315/.m2/net/sf/saxon/Saxon-HE/9.8.0-7/Saxon-HE-9.8.0-7.jar:/root/./workspace/yrodiere/hibernate-search/386544315/.m2/junit/junit/4.12/junit-4.12.jar:/root/./workspace/yrodiere/hibernate-search/386544315/.m2/org/hamcrest/hamcrest-core/1.3/hamcrest-core-1.3.jar:"/>
    <property name="java.vm.vendor" value="Oracle Corporation"/>
    <property name="skip.bower" value="true"/>
    <property name="sun.arch.data.model" value="64"/>
    <property name="java.vendor.url" value="http://java.oracle.com/"/>
    <property name="user.timezone" value=""/>
    <property name="java.vm.specification.version" value="1.8"/>
    <property name="os.name" value="Linux"/>
    <property name="rat.skip" value="true"/>
    <property name="gpg.skip" value="true"/>
    <property name="sun.java.launcher" value="SUN_STANDARD"/>
    <property name="sun.boot.library.path" value="/usr/lib/jvm/java-8-openjdk-amd64/jre/lib/amd64"/>
    <property name="skip.gulp" value="true"/>
    <property name="sun.java.command" value="/root/workspace/yrodiere/hibernate-search/386544315/build-config/target/surefire/surefirebooter7113007658405821820.jar /root/workspace/yrodiere/hibernate-search/386544315/build-config/target/surefire 2018-06-01T10-38-48_738-jvmRun1 surefire609361367932436025tmp surefire_02203760185103159801tmp"/>
    <property name="dependency-check.skip" value="true"/>
    <property name="surefire.test.class.path" value="/root/workspace/yrodiere/hibernate-search/386544315/build-config/target/test-classes:/root/workspace/yrodiere/hibernate-search/386544315/build-config/target/classes:/root/./workspace/yrodiere/hibernate-search/386544315/.m2/com/puppycrawl/tools/checkstyle/8.8/checkstyle-8.8.jar:/root/./workspace/yrodiere/hibernate-search/386544315/.m2/antlr/antlr/2.7.7/antlr-2.7.7.jar:/root/./workspace/yrodiere/hibernate-search/386544315/.m2/org/antlr/antlr4-runtime/4.7.1/antlr4-runtime-4.7.1.jar:/root/./workspace/yrodiere/hibernate-search/386544315/.m2/commons-beanutils/commons-beanutils/1.9.3/commons-beanutils-1.9.3.jar:/root/./workspace/yrodiere/hibernate-search/386544315/.m2/commons-logging/commons-logging/1.2/commons-logging-1.2.jar:/root/./workspace/yrodiere/hibernate-search/386544315/.m2/commons-collections/commons-collections/3.2.2/commons-collections-3.2.2.jar:/root/./workspace/yrodiere/hibernate-search/386544315/.m2/commons-cli/commons-cli/1.4/commons-cli-1.4.jar:/root/./workspace/yrodiere/hibernate-search/386544315/.m2/com/google/guava/guava/23.6-jre/guava-23.6-jre.jar:/root/./workspace/yrodiere/hibernate-search/386544315/.m2/com/google/code/findbugs/jsr305/1.3.9/jsr305-1.3.9.jar:/root/./workspace/yrodiere/hibernate-search/386544315/.m2/org/checkerframework/checker-compat-qual/2.0.0/checker-compat-qual-2.0.0.jar:/root/./workspace/yrodiere/hibernate-search/386544315/.m2/com/google/errorprone/error_prone_annotations/2.1.3/error_prone_annotations-2.1.3.jar:/root/./workspace/yrodiere/hibernate-search/386544315/.m2/com/google/j2objc/j2objc-annotations/1.1/j2objc-annotations-1.1.jar:/root/./workspace/yrodiere/hibernate-search/386544315/.m2/org/codehaus/mojo/animal-sniffer-annotations/1.14/animal-sniffer-annotations-1.14.jar:/root/./workspace/yrodiere/hibernate-search/386544315/.m2/net/sf/saxon/Saxon-HE/9.8.0-7/Saxon-HE-9.8.0-7.jar:/root/./workspace/yrodiere/hibernate-search/386544315/.m2/junit/junit/4.12/junit-4.12.jar:/root/./workspace/yrodiere/hibernate-search/386544315/.m2/org/hamcrest/hamcrest-core/1.3/hamcrest-core-1.3.jar:"/>
    <property name="sun.cpu.endian" value="little"/>
    <property name="user.home" value="/root"/>
    <property name="user.language" value="en"/>
    <property name="java.specification.vendor" value="Oracle Corporation"/>
    <property name="java.home" value="/usr/lib/jvm/java-8-openjdk-amd64/jre"/>
    <property name="basedir" value="/root/workspace/yrodiere/hibernate-search/386544315/build-config"/>
    <property name="file.separator" value="/"/>
    <property name="checkstyle.skip" value="true"/>
    <property name="line.separator" value="&#10;"/>
    <property name="skip.npm" value="true"/>
    <property name="java.vm.specification.vendor" value="Oracle Corporation"/>
    <property name="java.specification.name" value="Java Platform API Specification"/>
    <property name="java.awt.graphicsenv" value="sun.awt.X11GraphicsEnvironment"/>
    <property name="skipITs" value="true"/>
    <property name="surefire.real.class.path" value="/root/workspace/yrodiere/hibernate-search/386544315/build-config/target/surefire/surefirebooter7113007658405821820.jar"/>
    <property name="cobertura.skip" value="true"/>
    <property name="sun.boot.class.path" value="/usr/lib/jvm/java-8-openjdk-amd64/jre/lib/resources.jar:/usr/lib/jvm/java-8-openjdk-amd64/jre/lib/rt.jar:/usr/lib/jvm/java-8-openjdk-amd64/jre/lib/sunrsasign.jar:/usr/lib/jvm/java-8-openjdk-amd64/jre/lib/jsse.jar:/usr/lib/jvm/java-8-openjdk-amd64/jre/lib/jce.jar:/usr/lib/jvm/java-8-openjdk-amd64/jre/lib/charsets.jar:/usr/lib/jvm/java-8-openjdk-amd64/jre/lib/jfr.jar:/usr/lib/jvm/java-8-openjdk-amd64/jre/classes"/>
    <property name="sun.management.compiler" value="HotSpot 64-Bit Tiered Compilers"/>
    <property name="java.runtime.version" value="1.8.0_121-8u121-b13-1~bpo8+1-b13"/>
    <property name="user.name" value="root"/>
    <property name="findbugs.skip" value="true"/>
    <property name="path.separator" value=":"/>
    <property name="os.version" value="3.10.0-862.2.3.el7.x86_64"/>
    <property name="java.endorsed.dirs" value="/usr/lib/jvm/java-8-openjdk-amd64/jre/lib/endorsed"/>
    <property name="java.runtime.name" value="OpenJDK Runtime Environment"/>
    <property name="file.encoding" value="UTF-8"/>
    <property name="java.vm.name" value="OpenJDK 64-Bit Server VM"/>
    <property name="localRepository" value="/root/./workspace/yrodiere/hibernate-search/386544315/.m2"/>
    <property name="java.vendor.url.bug" value="http://bugreport.sun.com/bugreport/"/>
    <property name="java.io.tmpdir" value="/tmp"/>
    <property name="java.version" value="1.8.0_121"/>
    <property name="user.dir" value="/root/workspace/yrodiere/hibernate-search/386544315/build-config"/>
    <property name="os.arch" value="amd64"/>
    <property name="license.skip" value="true"/>
    <property name="java.vm.specification.name" value="Java Virtual Machine Specification"/>
    <property name="java.awt.printerjob" value="sun.print.PSPrinterJob"/>
    <property name="sun.os.patch.level" value="unknown"/>
    <property name="java.library.path" value="/usr/java/packages/lib/amd64:/usr/lib/x86_64-linux-gnu/jni:/lib/x86_64-linux-gnu:/usr/lib/x86_64-linux-gnu:/usr/lib/jni:/lib:/usr/lib"/>
    <property name="java.vm.info" value="mixed mode"/>
    <property name="java.vendor" value="Oracle Corporation"/>
    <property name="java.vm.version" value="25.121-b13"/>
    <property name="java.ext.dirs" value="/usr/lib/jvm/java-8-openjdk-amd64/jre/lib/ext:/usr/java/packages/lib/ext"/>
    <property name="sun.io.unicode.encoding" value="UnicodeLittle"/>
    <property name="maven.repo.local" value="/root/./workspace/yrodiere/hibernate-search/386544315/.m2"/>
    <property name="enforcer.skip" value="true"/>
    <property name="java.class.version" value="52.0"/>
  </properties>
  <testcase name="testTwoSpacesInsideString" classname="org.hibernate.checkstyle.checks.regexp.DoubleSpacesCheckTest" time="0.011"/>
  <testcase name="testEmptyString" classname="org.hibernate.checkstyle.checks.regexp.DoubleSpacesCheckTest" time="0"/>
  <testcase name="testTwoSpaces" classname="org.hibernate.checkstyle.checks.regexp.DoubleSpacesCheckTest" time="0"/>
  <testcase name="testTwoSpacesInsideStringWhenStringAreIgnored" classname="org.hibernate.checkstyle.checks.regexp.DoubleSpacesCheckTest" time="0"/>
</testsuite>