<?xml version="1.0" encoding="UTF-8"?>
<!-- Generated by org.testng.reporters.JUnitReportReporter -->
<testsuite hostname="spirals-vortex.lille.inria.fr" name="org.molgenis.navigator.NavigatorControllerTest" tests="1" failures="0" timestamp="1 Jun 2018 11:25:59 GMT" time="3.577" errors="0">
  <testcase name="testInit" time="3.577" classname="org.molgenis.navigator.NavigatorControllerTest"/>
</testsuite> <!-- org.molgenis.navigator.NavigatorControllerTest -->
