<?xml version="1.0" encoding="UTF-8"?>
<!-- Generated by org.testng.reporters.JUnitReportReporter -->
<testsuite hostname="spirals-vortex.lille.inria.fr" name="org.molgenis.data.rest.RestControllerTest" tests="43" failures="0" timestamp="30 May 2018 13:32:03 GMT" time="1.241" errors="0">
  <testcase name="retrieveSortedEntityCollectionCsv" time="0.022" classname="org.molgenis.data.rest.RestControllerTest"/>
  <testcase name="updateInternalRepoExistingIsNull" time="0.025" classname="org.molgenis.data.rest.RestControllerTest"/>
  <testcase name="retrieveEntityAttributeXref" time="0.045" classname="org.molgenis.data.rest.RestControllerTest"/>
  <testcase name="create" time="0.024" classname="org.molgenis.data.rest.RestControllerTest"/>
  <testcase name="deleteMetaPost" time="0.024" classname="org.molgenis.data.rest.RestControllerTest"/>
  <testcase name="deletePost" time="0.021" classname="org.molgenis.data.rest.RestControllerTest"/>
  <testcase name="deleteMetaDelete" time="0.025" classname="org.molgenis.data.rest.RestControllerTest"/>
  <testcase name="retrieveEntityCollectionPost" time="0.023" classname="org.molgenis.data.rest.RestControllerTest"/>
  <testcase name="deleteDelete" time="0.021" classname="org.molgenis.data.rest.RestControllerTest"/>
  <testcase name="loginPasswordReset" time="0.144" classname="org.molgenis.data.rest.RestControllerTest"/>
  <testcase name="retrieveEntityCollectionCsv" time="0.050" classname="org.molgenis.data.rest.RestControllerTest"/>
  <testcase name="molgenisPermissionDeniedException" time="0.026" classname="org.molgenis.data.rest.RestControllerTest"/>
  <testcase name="deleteAllDelete" time="0.020" classname="org.molgenis.data.rest.RestControllerTest"/>
  <testcase name="handleUnknownEntityException" time="0.023" classname="org.molgenis.data.rest.RestControllerTest"/>
  <testcase name="updateAttribute_unknownEntity" time="0.022" classname="org.molgenis.data.rest.RestControllerTest"/>
  <testcase name="testLogoutNoToken" time="0.024" classname="org.molgenis.data.rest.RestControllerTest"/>
  <testcase name="updateAttribute_unknownAttribute" time="0.025" classname="org.molgenis.data.rest.RestControllerTest"/>
  <testcase name="molgenisDataAccessException" time="0.025" classname="org.molgenis.data.rest.RestControllerTest"/>
  <testcase name="retrieveEntityAttributeUnknownEntity" time="0.030" classname="org.molgenis.data.rest.RestControllerTest"/>
  <testcase name="retrieveEntityTypeWritable" time="0.021" classname="org.molgenis.data.rest.RestControllerTest"/>
  <testcase name="retrieveEntityTypeExpandAttributes" time="0.026" classname="org.molgenis.data.rest.RestControllerTest"/>
  <testcase name="retrieveEntityTypeSelectAttributes" time="0.022" classname="org.molgenis.data.rest.RestControllerTest"/>
  <testcase name="testLogoutTokenInParam" time="0.022" classname="org.molgenis.data.rest.RestControllerTest"/>
  <testcase name="retrieveEntityAttributePost" time="0.032" classname="org.molgenis.data.rest.RestControllerTest"/>
  <testcase name="deleteAllPost" time="0.025" classname="org.molgenis.data.rest.RestControllerTest"/>
  <testcase name="updateFromFormPost" time="0.021" classname="org.molgenis.data.rest.RestControllerTest"/>
  <testcase name="retrieveAttributeUnknownEntity" time="0.026" classname="org.molgenis.data.rest.RestControllerTest"/>
  <testcase name="retrieveEntityType" time="0.024" classname="org.molgenis.data.rest.RestControllerTest"/>
  <testcase name="retrieveEntityTypeNotWritable" time="0.025" classname="org.molgenis.data.rest.RestControllerTest"/>
  <testcase name="retrieveEntityAttributeUnknownAttribute" time="0.032" classname="org.molgenis.data.rest.RestControllerTest"/>
  <testcase name="updatePost" time="0.023" classname="org.molgenis.data.rest.RestControllerTest"/>
  <testcase name="updateAttribute" time="0.027" classname="org.molgenis.data.rest.RestControllerTest"/>
  <testcase name="retrieveEntityTypePost" time="0.037" classname="org.molgenis.data.rest.RestControllerTest"/>
  <testcase name="update" time="0.029" classname="org.molgenis.data.rest.RestControllerTest"/>
  <testcase name="retrieveEntityAttribute" time="0.030" classname="org.molgenis.data.rest.RestControllerTest"/>
  <testcase name="retrieveEntityCollection" time="0.035" classname="org.molgenis.data.rest.RestControllerTest"/>
  <testcase name="updateInternalRepoNotUpdateable" time="0.023" classname="org.molgenis.data.rest.RestControllerTest"/>
  <testcase name="retrieveSelectAttributes" time="0.023" classname="org.molgenis.data.rest.RestControllerTest"/>
  <testcase name="updateAttribute_unknownEntityId" time="0.026" classname="org.molgenis.data.rest.RestControllerTest"/>
  <testcase name="createFromFormPost" time="0.024" classname="org.molgenis.data.rest.RestControllerTest"/>
  <testcase name="retrieve" time="0.025" classname="org.molgenis.data.rest.RestControllerTest"/>
  <testcase name="updateInternalRepoIdAttributeIsNull" time="0.023" classname="org.molgenis.data.rest.RestControllerTest"/>
  <testcase name="testLogoutTokenInHeader" time="0.021" classname="org.molgenis.data.rest.RestControllerTest"/>
</testsuite> <!-- org.molgenis.data.rest.RestControllerTest -->
