<?xml version="1.0" encoding="UTF-8"?>
<!-- Generated by org.testng.reporters.JUnitReportReporter -->
<testsuite hostname="spirals-vortex.lille.inria.fr" name="org.molgenis.data.rest.EntityPagerTest" tests="2" failures="0" timestamp="30 May 2018 13:32:03 GMT" time="0.000" errors="0">
  <testcase name="getPrevStart" time="0.000" classname="org.molgenis.data.rest.EntityPagerTest"/>
  <testcase name="getNextStart" time="0.000" classname="org.molgenis.data.rest.EntityPagerTest"/>
</testsuite> <!-- org.molgenis.data.rest.EntityPagerTest -->
