<?xml version="1.0" encoding="UTF-8"?>
<!-- Generated by org.testng.reporters.JUnitReportReporter -->
<testsuite hostname="spirals-vortex.lille.inria.fr" name="org.molgenis.data.rest.convert.SortConverterTest" tests="7" failures="0" timestamp="30 May 2018 13:32:03 GMT" time="0.002" errors="0">
  <testcase name="convertSingleAttrDefault" time="0.000" classname="org.molgenis.data.rest.convert.SortConverterTest"/>
  <testcase name="convertMultiAttrAsc" time="0.001" classname="org.molgenis.data.rest.convert.SortConverterTest"/>
  <testcase name="convertMultiAttrDefault" time="0.000" classname="org.molgenis.data.rest.convert.SortConverterTest"/>
  <testcase name="convertMultiAttrAscAndDesc" time="0.001" classname="org.molgenis.data.rest.convert.SortConverterTest"/>
  <testcase name="convertMultiAttrDesc" time="0.000" classname="org.molgenis.data.rest.convert.SortConverterTest"/>
  <testcase name="convertSingleAttrAsc" time="0.000" classname="org.molgenis.data.rest.convert.SortConverterTest"/>
  <testcase name="convertSingleAttrDesc" time="0.000" classname="org.molgenis.data.rest.convert.SortConverterTest"/>
</testsuite> <!-- org.molgenis.data.rest.convert.SortConverterTest -->
