<?xml version="1.0" encoding="UTF-8"?>
<!-- Generated by org.testng.reporters.JUnitReportReporter -->
<testsuite hostname="spirals-vortex.lille.inria.fr" name="org.molgenis.data.rest.v2.AttributeFilterConverterTest" tests="16" failures="0" timestamp="1 Jun 2018 10:52:44 GMT" time="0.021" errors="0">
  <testcase name="convertSingleAttributeSubSelectionMultipleAttributesWildcard1" time="0.000" classname="org.molgenis.data.rest.v2.AttributeFilterConverterTest"/>
  <testcase name="convertSingleAttributeEscapeComma" time="0.000" classname="org.molgenis.data.rest.v2.AttributeFilterConverterTest"/>
  <testcase name="convertSingleAttributeSubSelectionSingleAttributeParenthesisWildcard" time="0.001" classname="org.molgenis.data.rest.v2.AttributeFilterConverterTest"/>
  <testcase name="convertSingleAttributeSubSelectionMultipleAttributes" time="0.000" classname="org.molgenis.data.rest.v2.AttributeFilterConverterTest"/>
  <testcase name="convertSingleAttributeSubSelectionMultipleAttributesWildcard2" time="0.000" classname="org.molgenis.data.rest.v2.AttributeFilterConverterTest"/>
  <testcase name="convertMultipleAttributesSubSelectionMultipleAttributes" time="0.001" classname="org.molgenis.data.rest.v2.AttributeFilterConverterTest"/>
  <testcase name="convertMultipleAttributes" time="0.006" classname="org.molgenis.data.rest.v2.AttributeFilterConverterTest"/>
  <testcase name="convertMultipleAttributesSubSelectionSingleAttributeParenthesis" time="0.012" classname="org.molgenis.data.rest.v2.AttributeFilterConverterTest"/>
  <testcase name="convertMultipleAttributesSubSelectionSingleAttributeParenthesisWildcard" time="0.001" classname="org.molgenis.data.rest.v2.AttributeFilterConverterTest"/>
  <testcase name="convertSingleAttributeSubSubSelection" time="0.000" classname="org.molgenis.data.rest.v2.AttributeFilterConverterTest"/>
  <testcase name="convertMultipleAttributesSubSelectionMultipleAttributesWildCard2" time="0.000" classname="org.molgenis.data.rest.v2.AttributeFilterConverterTest"/>
  <testcase name="convertSingleAttribute" time="0.000" classname="org.molgenis.data.rest.v2.AttributeFilterConverterTest"/>
  <testcase name="convertSingleAttributeSubSelectionSingleAttributeParenthesis" time="0.000" classname="org.molgenis.data.rest.v2.AttributeFilterConverterTest"/>
  <testcase name="convertSingleAttributeEscapeParenthesisLeft" time="0.000" classname="org.molgenis.data.rest.v2.AttributeFilterConverterTest"/>
  <testcase name="convertSingleAttributeEscapeParenthesisRight" time="0.000" classname="org.molgenis.data.rest.v2.AttributeFilterConverterTest"/>
  <testcase name="convertMultipleAttributesSubSelectionMultipleAttributesWildCard1" time="0.000" classname="org.molgenis.data.rest.v2.AttributeFilterConverterTest"/>
</testsuite> <!-- org.molgenis.data.rest.v2.AttributeFilterConverterTest -->
