<?xml version="1.0" encoding="UTF-8"?>
<!-- Generated by org.testng.reporters.JUnitReportReporter -->
<testsuite hostname="spirals-vortex.lille.inria.fr" name="org.molgenis.data.rest.v2.EntityAggregatesResponseTest" tests="1" failures="0" timestamp="30 May 2018 12:46:34 GMT" time="0.575" errors="0">
  <testcase name="testAggregateResultResponseToResponseAggregateResult" time="0.575" classname="org.molgenis.data.rest.v2.EntityAggregatesResponseTest"/>
</testsuite> <!-- org.molgenis.data.rest.v2.EntityAggregatesResponseTest -->
