<?xml version="1.0" encoding="UTF-8"?>
<!-- Generated by org.testng.reporters.JUnitReportReporter -->
<testsuite hostname="spirals-vortex.lille.inria.fr" name="org.molgenis.data.rest.util.HrefTest" tests="10" failures="0" timestamp="30 May 2018 12:46:34 GMT" time="0.002" errors="0">
  <testcase name="testEntityUrlEncodeIdWithSpace" time="0.000" classname="org.molgenis.data.rest.util.HrefTest"/>
  <testcase name="testEntityType" time="0.000" classname="org.molgenis.data.rest.util.HrefTest"/>
  <testcase name="testAttribute" time="0.001" classname="org.molgenis.data.rest.util.HrefTest"/>
  <testcase name="testConcatEntityCollectionHref" time="0.001" classname="org.molgenis.data.rest.util.HrefTest"/>
  <testcase name="testEntity" time="0.000" classname="org.molgenis.data.rest.util.HrefTest"/>
  <testcase name="testEntityUrlEncodeIdWithSlash" time="0.000" classname="org.molgenis.data.rest.util.HrefTest"/>
  <testcase name="testAttributeEntity" time="0.000" classname="org.molgenis.data.rest.util.HrefTest"/>
  <testcase name="testAttributeUrlEncodeIdWithSpace" time="0.000" classname="org.molgenis.data.rest.util.HrefTest"/>
  <testcase name="testAttributeUrlEncodeIdWithSlash" time="0.000" classname="org.molgenis.data.rest.util.HrefTest"/>
  <testcase name="testEntityTypeV2" time="0.000" classname="org.molgenis.data.rest.util.HrefTest"/>
</testsuite> <!-- org.molgenis.data.rest.util.HrefTest -->
