<?xml version="1.0" encoding="UTF-8"?>
<!-- Generated by org.testng.reporters.JUnitReportReporter -->
<testsuite hostname="spirals-vortex.lille.inria.fr" name="org.molgenis.data.rest.v2.AttributeFilterToFetchConverterTest" tests="17" failures="0" timestamp="30 May 2018 12:46:34 GMT" time="0.138" errors="0">
  <testcase name="convertAttrFilterIncludeAttr" time="0.024" classname="org.molgenis.data.rest.v2.AttributeFilterToFetchConverterTest"/>
  <testcase name="convertAttrFilterCompoundAttr" time="0.013" classname="org.molgenis.data.rest.v2.AttributeFilterToFetchConverterTest"/>
  <testcase name="createDefaultEntityFetchRefs" time="0.004" classname="org.molgenis.data.rest.v2.AttributeFilterToFetchConverterTest"/>
  <testcase name="createDefaultAttributeFetchNoRefAttr" time="0.004" classname="org.molgenis.data.rest.v2.AttributeFilterToFetchConverterTest"/>
  <testcase name="testConvertIdSelfRef" time="0.006" classname="org.molgenis.data.rest.v2.AttributeFilterToFetchConverterTest"/>
  <testcase name="createDefaultEntityFetchRefAttr" time="0.008" classname="org.molgenis.data.rest.v2.AttributeFilterToFetchConverterTest"/>
  <testcase name="testConvertDoubleNestedSelfRef" time="0.008" classname="org.molgenis.data.rest.v2.AttributeFilterToFetchConverterTest"/>
  <testcase name="convertAttrFilterIncludeAll" time="0.009" classname="org.molgenis.data.rest.v2.AttributeFilterToFetchConverterTest"/>
  <testcase name="convertNoAttrFilter" time="0.008" classname="org.molgenis.data.rest.v2.AttributeFilterToFetchConverterTest"/>
  <testcase name="testConvertNestedSelfRef" time="0.007" classname="org.molgenis.data.rest.v2.AttributeFilterToFetchConverterTest"/>
  <testcase name="testConvertSelfRefIncludeId" time="0.006" classname="org.molgenis.data.rest.v2.AttributeFilterToFetchConverterTest"/>
  <testcase name="convertAttrFilterCompoundAttrPart" time="0.009" classname="org.molgenis.data.rest.v2.AttributeFilterToFetchConverterTest"/>
  <testcase name="createDefaultEntityFetchNoRefs" time="0.004" classname="org.molgenis.data.rest.v2.AttributeFilterToFetchConverterTest"/>
  <testcase name="convertAttrFilterUnknownAttr" time="0.006" classname="org.molgenis.data.rest.v2.AttributeFilterToFetchConverterTest"/>
  <testcase name="convertAttrFilterIncludeIdAndLabelAttrs" time="0.004" classname="org.molgenis.data.rest.v2.AttributeFilterToFetchConverterTest"/>
  <testcase name="convertAttrFilterCompoundPartCompoundAttr" time="0.005" classname="org.molgenis.data.rest.v2.AttributeFilterToFetchConverterTest"/>
  <testcase name="convertAttrFilterXrefAttr" time="0.013" classname="org.molgenis.data.rest.v2.AttributeFilterToFetchConverterTest"/>
</testsuite> <!-- org.molgenis.data.rest.v2.AttributeFilterToFetchConverterTest -->
