<?xml version="1.0" encoding="UTF-8"?>
<!-- Generated by org.testng.reporters.JUnitReportReporter -->
<testsuite hostname="spirals-vortex.lille.inria.fr" name="org.molgenis.data.rest.EntityCollectionResponseTest" tests="2" failures="0" timestamp="1 Jun 2018 11:18:46 GMT" time="0.002" errors="0">
  <testcase name="getPrevHref" time="0.000" classname="org.molgenis.data.rest.EntityCollectionResponseTest"/>
  <testcase name="getNextHref" time="0.002" classname="org.molgenis.data.rest.EntityCollectionResponseTest"/>
</testsuite> <!-- org.molgenis.data.rest.EntityCollectionResponseTest -->
