<?xml version="1.0" encoding="UTF-8"?>
<!-- Generated by org.testng.reporters.JUnitReportReporter -->
<testsuite hostname="spirals-vortex.lille.inria.fr" name="org.molgenis.data.rest.service.RestServiceTest" tests="13" failures="0" timestamp="1 Jun 2018 10:52:44 GMT" time="0.153" errors="0">
  <testcase name="toEntityDateTimeStringValueValid" time="0.004" classname="org.molgenis.data.rest.service.RestServiceTest"/>
  <testcase name="toEntityFileValueWithoutFileInRequest" time="0.001" classname="org.molgenis.data.rest.service.RestServiceTest"/>
  <testcase name="updateMappedByEntitiesEntityEntity" time="0.004" classname="org.molgenis.data.rest.service.RestServiceTest"/>
  <testcase name="toEntityDateStringValueValid" time="0.001" classname="org.molgenis.data.rest.service.RestServiceTest"/>
  <testcase name="toEntityValue" time="0.000" classname="org.molgenis.data.rest.service.RestServiceTest"/>
  <testcase name="toEntityFileValueValid" time="0.117" classname="org.molgenis.data.rest.service.RestServiceTest"/>
  <testcase name="toEntityDateStringValueInvalid" time="0.018" classname="org.molgenis.data.rest.service.RestServiceTest"/>
  <testcase name="toEntityValueMrefToStringAttr" time="0.001" classname="org.molgenis.data.rest.service.RestServiceTest"/>
  <testcase name="toEntityValueMrefToIntAttr" time="0.001" classname="org.molgenis.data.rest.service.RestServiceTest"/>
  <testcase name="toEntityValueMrefToStringAttr" time="0.001" classname="org.molgenis.data.rest.service.RestServiceTest"/>
  <testcase name="toEntityValueMrefToIntAttr" time="0.002" classname="org.molgenis.data.rest.service.RestServiceTest"/>
  <testcase name="updateMappedByEntitiesEntity" time="0.002" classname="org.molgenis.data.rest.service.RestServiceTest"/>
  <testcase name="toEntityValueXref" time="0.001" classname="org.molgenis.data.rest.service.RestServiceTest"/>
</testsuite> <!-- org.molgenis.data.rest.service.RestServiceTest -->
