<?xml version="1.0" encoding="UTF-8"?>
<!-- Generated by org.testng.reporters.JUnitReportReporter -->
<testsuite hostname="spirals-vortex.lille.inria.fr" name="org.molgenis.core.util.ResourceFingerprintRegistryTest" tests="1" failures="0" timestamp="30 May 2018 12:45:17 GMT" time="0.049" errors="0">
  <testcase name="getFingerprint" time="0.049" classname="org.molgenis.core.util.ResourceFingerprintRegistryTest"/>
</testsuite> <!-- org.molgenis.core.util.ResourceFingerprintRegistryTest -->
