<?xml version="1.0" encoding="UTF-8"?>
<!-- Generated by org.testng.reporters.JUnitReportReporter -->
<testsuite hostname="spirals-vortex.lille.inria.fr" name="org.molgenis.core.util.FileUploadUtilsTest" tests="4" failures="0" timestamp="30 May 2018 12:45:17 GMT" time="0.678" errors="0">
  <testcase name="getOriginalFileName" time="0.674" classname="org.molgenis.core.util.FileUploadUtilsTest"/>
  <testcase name="saveToTempFile" time="0.004" classname="org.molgenis.core.util.FileUploadUtilsTest"/>
  <testcase name="getOriginalFileNameNoFileSelected" time="0.000" classname="org.molgenis.core.util.FileUploadUtilsTest"/>
  <testcase name="getOriginalFileNameWithMissingHeader" time="0.000" classname="org.molgenis.core.util.FileUploadUtilsTest"/>
</testsuite> <!-- org.molgenis.core.util.FileUploadUtilsTest -->
