<?xml version="1.0" encoding="UTF-8"?>
<!-- Generated by org.testng.reporters.JUnitReportReporter -->
<testsuite hostname="spirals-vortex.lille.inria.fr" name="org.molgenis.core.util.SchemaLoaderTest" tests="2" failures="0" timestamp="30 May 2018 12:45:17 GMT" time="0.514" errors="0">
  <testcase name="getSchemaFromInputStream" time="0.001" classname="org.molgenis.core.util.SchemaLoaderTest"/>
  <testcase name="getSchema" time="0.513" classname="org.molgenis.core.util.SchemaLoaderTest"/>
</testsuite> <!-- org.molgenis.core.util.SchemaLoaderTest -->
