<?xml version="1.0" encoding="UTF-8"?>
<!-- Generated by org.testng.reporters.JUnitReportReporter -->
<testsuite hostname="spirals-vortex.lille.inria.fr" name="org.molgenis.core.util.SchemaLoaderTest" tests="2" failures="0" timestamp="1 Jun 2018 10:51:26 GMT" time="0.559" errors="0">
  <testcase name="getSchemaFromInputStream" time="0.002" classname="org.molgenis.core.util.SchemaLoaderTest"/>
  <testcase name="getSchema" time="0.557" classname="org.molgenis.core.util.SchemaLoaderTest"/>
</testsuite> <!-- org.molgenis.core.util.SchemaLoaderTest -->
