<?xml version="1.0" encoding="UTF-8"?>
<!-- Generated by org.testng.reporters.JUnitReportReporter -->
<testsuite hostname="spirals-vortex.lille.inria.fr" name="org.molgenis.core.util.SchemaLoaderTest" tests="2" failures="0" timestamp="30 May 2018 13:30:46 GMT" time="0.282" errors="0">
  <testcase name="getSchema" time="0.280" classname="org.molgenis.core.util.SchemaLoaderTest"/>
  <testcase name="getSchemaFromInputStream" time="0.002" classname="org.molgenis.core.util.SchemaLoaderTest"/>
</testsuite> <!-- org.molgenis.core.util.SchemaLoaderTest -->
