<?xml version="1.0" encoding="UTF-8"?>
<!-- Generated by org.testng.reporters.JUnitReportReporter -->
<testsuite hostname="spirals-vortex.lille.inria.fr" name="org.molgenis.core.util.FileUploadUtilsTest" tests="4" failures="0" timestamp="1 Jun 2018 11:17:31 GMT" time="0.719" errors="0">
  <testcase name="getOriginalFileNameNoFileSelected" time="0.688" classname="org.molgenis.core.util.FileUploadUtilsTest"/>
  <testcase name="getOriginalFileNameWithMissingHeader" time="0.001" classname="org.molgenis.core.util.FileUploadUtilsTest"/>
  <testcase name="getOriginalFileName" time="0.024" classname="org.molgenis.core.util.FileUploadUtilsTest"/>
  <testcase name="saveToTempFile" time="0.006" classname="org.molgenis.core.util.FileUploadUtilsTest"/>
</testsuite> <!-- org.molgenis.core.util.FileUploadUtilsTest -->
