<?xml version="1.0" encoding="UTF-8"?>
<!-- Generated by org.testng.reporters.JUnitReportReporter -->
<testsuite hostname="spirals-vortex.lille.inria.fr" name="org.molgenis.datarowedit.controller.DataRowEditControllerTest" tests="1" failures="0" timestamp="1 Jun 2018 11:22:01 GMT" time="3.344" errors="0">
  <testcase name="testInit" time="3.344" classname="org.molgenis.datarowedit.controller.DataRowEditControllerTest"/>
</testsuite> <!-- org.molgenis.datarowedit.controller.DataRowEditControllerTest -->
