<?xml version="1.0" encoding="UTF-8"?>
<!-- Generated by org.testng.reporters.JUnitReportReporter -->
<testsuite hostname="spirals-vortex.lille.inria.fr" name="org.molgenis.data.plugin.model.PluginSecurityRepositoryDecoratorTest" tests="8" failures="0" timestamp="30 May 2018 12:45:19 GMT" time="1.156" errors="0">
  <testcase name="testAddStream" time="0.023" classname="org.molgenis.data.plugin.model.PluginSecurityRepositoryDecoratorTest"/>
  <testcase name="testDeleteById" time="0.001" classname="org.molgenis.data.plugin.model.PluginSecurityRepositoryDecoratorTest"/>
  <testcase name="testDeleteStream" time="0.004" classname="org.molgenis.data.plugin.model.PluginSecurityRepositoryDecoratorTest"/>
  <testcase name="testDeleteAll" time="0.005" classname="org.molgenis.data.plugin.model.PluginSecurityRepositoryDecoratorTest"/>
  <testcase name="testPluginSecurityRepositoryDecorator" time="0.002" classname="org.molgenis.data.plugin.model.PluginSecurityRepositoryDecoratorTest"/>
  <testcase name="testDelete" time="0.001" classname="org.molgenis.data.plugin.model.PluginSecurityRepositoryDecoratorTest"/>
  <testcase name="testDeleteAllStream" time="0.916" classname="org.molgenis.data.plugin.model.PluginSecurityRepositoryDecoratorTest"/>
  <testcase name="testAdd" time="0.204" classname="org.molgenis.data.plugin.model.PluginSecurityRepositoryDecoratorTest"/>
</testsuite> <!-- org.molgenis.data.plugin.model.PluginSecurityRepositoryDecoratorTest -->
