<?xml version="1.0" encoding="UTF-8"?>
<!-- Generated by org.testng.reporters.JUnitReportReporter -->
<testsuite hostname="spirals-vortex.lille.inria.fr" name="org.molgenis.data.plugin.model.PluginSecurityRepositoryDecoratorTest" tests="8" failures="0" timestamp="1 Jun 2018 10:51:29 GMT" time="1.261" errors="0">
  <testcase name="testAdd" time="0.202" classname="org.molgenis.data.plugin.model.PluginSecurityRepositoryDecoratorTest"/>
  <testcase name="testDelete" time="1.026" classname="org.molgenis.data.plugin.model.PluginSecurityRepositoryDecoratorTest"/>
  <testcase name="testDeleteAllStream" time="0.003" classname="org.molgenis.data.plugin.model.PluginSecurityRepositoryDecoratorTest"/>
  <testcase name="testDeleteStream" time="0.004" classname="org.molgenis.data.plugin.model.PluginSecurityRepositoryDecoratorTest"/>
  <testcase name="testDeleteById" time="0.001" classname="org.molgenis.data.plugin.model.PluginSecurityRepositoryDecoratorTest"/>
  <testcase name="testAddStream" time="0.019" classname="org.molgenis.data.plugin.model.PluginSecurityRepositoryDecoratorTest"/>
  <testcase name="testPluginSecurityRepositoryDecorator" time="0.002" classname="org.molgenis.data.plugin.model.PluginSecurityRepositoryDecoratorTest"/>
  <testcase name="testDeleteAll" time="0.004" classname="org.molgenis.data.plugin.model.PluginSecurityRepositoryDecoratorTest"/>
</testsuite> <!-- org.molgenis.data.plugin.model.PluginSecurityRepositoryDecoratorTest -->
