<?xml version="1.0" encoding="UTF-8"?>
<!-- Generated by org.testng.reporters.JUnitReportReporter -->
<testsuite hostname="spirals-vortex.lille.inria.fr" name="org.molgenis.data.plugin.model.PluginPermissionDeniedExceptionTest" tests="1" failures="0" timestamp="1 Jun 2018 10:51:29 GMT" time="0.345" errors="0">
  <testcase name="testGetLocalizedMessage" time="0.345" classname="org.molgenis.data.plugin.model.PluginPermissionDeniedExceptionTest"/>
</testsuite> <!-- org.molgenis.data.plugin.model.PluginPermissionDeniedExceptionTest -->
