<?xml version="1.0" encoding="UTF-8"?>
<!-- Generated by org.testng.reporters.JUnitReportReporter -->
<testsuite hostname="spirals-vortex.lille.inria.fr" name="org.molgenis.jobs.model.JobExecutionTest" tests="3" failures="0" timestamp="30 May 2018 12:45:50 GMT" time="0.408" errors="0">
  <testcase name="testSetProgressMessageAbbreviates" time="0.007" classname="org.molgenis.jobs.model.JobExecutionTest"/>
  <testcase name="testAppendLog" time="0.002" classname="org.molgenis.jobs.model.JobExecutionTest"/>
  <testcase name="testAppendLogTruncates" time="0.399" classname="org.molgenis.jobs.model.JobExecutionTest"/>
</testsuite> <!-- org.molgenis.jobs.model.JobExecutionTest -->
