<?xml version="1.0" encoding="UTF-8"?>
<!-- Generated by org.testng.reporters.JUnitReportReporter -->
<testsuite hostname="spirals-vortex.lille.inria.fr" name="org.molgenis.jobs.JobBootstrapperTest" tests="1" failures="0" timestamp="30 May 2018 13:31:20 GMT" time="0.542" errors="0">
  <testcase name="testBootstrap" time="0.542" classname="org.molgenis.jobs.JobBootstrapperTest"/>
</testsuite> <!-- org.molgenis.jobs.JobBootstrapperTest -->
