<?xml version="1.0" encoding="UTF-8"?>
<!-- Generated by org.testng.reporters.JUnitReportReporter -->
<testsuite hostname="spirals-vortex.lille.inria.fr" name="org.molgenis.jobs.JobExecutorTest" tests="3" failures="0" timestamp="30 May 2018 12:45:50 GMT" time="0.068" errors="0">
  <testcase name="executeScheduledJob" time="0.052" classname="org.molgenis.jobs.JobExecutorTest"/>
  <testcase name="submitJobExecutionJobFactoryThrowsException" time="0.009" classname="org.molgenis.jobs.JobExecutorTest"/>
  <testcase name="submitJobExecution" time="0.007" classname="org.molgenis.jobs.JobExecutorTest"/>
</testsuite> <!-- org.molgenis.jobs.JobExecutorTest -->
