<?xml version="1.0" encoding="UTF-8"?>
<!-- Generated by org.testng.reporters.JUnitReportReporter -->
<testsuite hostname="spirals-vortex.lille.inria.fr" name="org.molgenis.jobs.model.hello.HelloWorldTest" tests="1" failures="0" timestamp="30 May 2018 13:31:20 GMT" time="1.138" errors="0">
  <testcase name="helloWorld" time="1.138" classname="org.molgenis.jobs.model.hello.HelloWorldTest"/>
</testsuite> <!-- org.molgenis.jobs.model.hello.HelloWorldTest -->
