<?xml version="1.0" encoding="UTF-8"?>
<!-- Generated by org.testng.reporters.JUnitReportReporter -->
<testsuite hostname="spirals-vortex.lille.inria.fr" name="org.molgenis.jobs.model.JobExecutionTest" tests="3" failures="0" timestamp="30 May 2018 13:31:20 GMT" time="0.365" errors="0">
  <testcase name="testAppendLog" time="0.003" classname="org.molgenis.jobs.model.JobExecutionTest"/>
  <testcase name="testAppendLogTruncates" time="0.354" classname="org.molgenis.jobs.model.JobExecutionTest"/>
  <testcase name="testSetProgressMessageAbbreviates" time="0.008" classname="org.molgenis.jobs.model.JobExecutionTest"/>
</testsuite> <!-- org.molgenis.jobs.model.JobExecutionTest -->
