<?xml version="1.0" encoding="UTF-8"?>
<!-- Generated by org.testng.reporters.JUnitReportReporter -->
<testsuite hostname="spirals-vortex.lille.inria.fr" name="org.molgenis.jobs.JobExecutorTest" tests="3" failures="0" timestamp="30 May 2018 13:31:20 GMT" time="0.066" errors="0">
  <testcase name="submitJobExecutionJobFactoryThrowsException" time="0.007" classname="org.molgenis.jobs.JobExecutorTest"/>
  <testcase name="submitJobExecution" time="0.008" classname="org.molgenis.jobs.JobExecutorTest"/>
  <testcase name="executeScheduledJob" time="0.051" classname="org.molgenis.jobs.JobExecutorTest"/>
</testsuite> <!-- org.molgenis.jobs.JobExecutorTest -->
