<?xml version="1.0" encoding="UTF-8"?>
<!-- Generated by org.testng.reporters.JUnitReportReporter -->
<testsuite hostname="spirals-vortex.lille.inria.fr" name="org.molgenis.jobs.model.JobExecutionTest" tests="3" failures="0" timestamp="1 Jun 2018 10:52:00 GMT" time="0.377" errors="0">
  <testcase name="testSetProgressMessageAbbreviates" time="0.008" classname="org.molgenis.jobs.model.JobExecutionTest"/>
  <testcase name="testAppendLog" time="0.003" classname="org.molgenis.jobs.model.JobExecutionTest"/>
  <testcase name="testAppendLogTruncates" time="0.366" classname="org.molgenis.jobs.model.JobExecutionTest"/>
</testsuite> <!-- org.molgenis.jobs.model.JobExecutionTest -->
