<?xml version="1.0" encoding="UTF-8"?>
<!-- Generated by org.testng.reporters.JUnitReportReporter -->
<testsuite hostname="spirals-vortex.lille.inria.fr" name="org.molgenis.jobs.model.JobExecutionTest" tests="3" failures="0" timestamp="1 Jun 2018 11:18:04 GMT" time="0.384" errors="0">
  <testcase name="testSetProgressMessageAbbreviates" time="0.011" classname="org.molgenis.jobs.model.JobExecutionTest"/>
  <testcase name="testAppendLog" time="0.001" classname="org.molgenis.jobs.model.JobExecutionTest"/>
  <testcase name="testAppendLogTruncates" time="0.372" classname="org.molgenis.jobs.model.JobExecutionTest"/>
</testsuite> <!-- org.molgenis.jobs.model.JobExecutionTest -->
