<?xml version="1.0" encoding="UTF-8"?>
<!-- Generated by org.testng.reporters.JUnitReportReporter -->
<testsuite hostname="spirals-vortex.lille.inria.fr" name="org.molgenis.jobs.ProgressImplTest" tests="6" failures="0" timestamp="30 May 2018 13:31:20 GMT" time="0.023" errors="0">
  <testcase name="testMailSuccess" time="0.004" classname="org.molgenis.jobs.ProgressImplTest"/>
  <testcase name="testLog" time="0.003" classname="org.molgenis.jobs.ProgressImplTest"/>
  <testcase name="testMailFailed" time="0.002" classname="org.molgenis.jobs.ProgressImplTest"/>
  <testcase name="jobSucceedsButMailFails" time="0.002" classname="org.molgenis.jobs.ProgressImplTest"/>
  <testcase name="jobFailsAndMailFails" time="0.007" classname="org.molgenis.jobs.ProgressImplTest"/>
  <testcase name="jobCanceledAndMailFails" time="0.005" classname="org.molgenis.jobs.ProgressImplTest"/>
</testsuite> <!-- org.molgenis.jobs.ProgressImplTest -->
