<?xml version="1.0" encoding="UTF-8"?>
<!-- Generated by org.testng.reporters.JUnitReportReporter -->
<testsuite hostname="spirals-vortex.lille.inria.fr" name="org.molgenis.jobs.JobExecutorTest" tests="3" failures="0" timestamp="1 Jun 2018 10:52:00 GMT" time="0.051" errors="0">
  <testcase name="executeScheduledJob" time="0.043" classname="org.molgenis.jobs.JobExecutorTest"/>
  <testcase name="submitJobExecutionJobFactoryThrowsException" time="0.004" classname="org.molgenis.jobs.JobExecutorTest"/>
  <testcase name="submitJobExecution" time="0.004" classname="org.molgenis.jobs.JobExecutorTest"/>
</testsuite> <!-- org.molgenis.jobs.JobExecutorTest -->
