<?xml version="1.0" encoding="UTF-8"?>
<!-- Generated by org.testng.reporters.JUnitReportReporter -->
<testsuite hostname="spirals-vortex.lille.inria.fr" name="org.molgenis.jobs.JobTest" tests="4" failures="0" timestamp="1 Jun 2018 10:52:00 GMT" time="0.007" errors="0">
  <testcase name="testTransactionOperationsIsCalledWithCorrectAuthentication" time="0.002" classname="org.molgenis.jobs.JobTest"/>
  <testcase name="testTransactionTimeout" time="0.002" classname="org.molgenis.jobs.JobTest"/>
  <testcase name="testTransactionalJob" time="0.001" classname="org.molgenis.jobs.JobTest"/>
  <testcase name="testTransactionalJobFailure" time="0.002" classname="org.molgenis.jobs.JobTest"/>
</testsuite> <!-- org.molgenis.jobs.JobTest -->
