<?xml version="1.0" encoding="UTF-8"?>
<!-- Generated by org.testng.reporters.JUnitReportReporter -->
<testsuite hostname="spirals-vortex.lille.inria.fr" name="org.molgenis.jobs.model.hello.HelloWorldTest" tests="1" failures="0" timestamp="1 Jun 2018 10:52:00 GMT" time="1.177" errors="0">
  <testcase name="helloWorld" time="1.177" classname="org.molgenis.jobs.model.hello.HelloWorldTest"/>
</testsuite> <!-- org.molgenis.jobs.model.hello.HelloWorldTest -->
