<?xml version="1.0" encoding="UTF-8"?>
<!-- Generated by org.testng.reporters.JUnitReportReporter -->
<testsuite hostname="spirals-vortex.lille.inria.fr" name="org.molgenis.jobs.schedule.JobSchedulerTest" tests="8" failures="0" timestamp="1 Jun 2018 10:52:00 GMT" time="0.188" errors="0">
  <testcase name="schedule" time="0.022" classname="org.molgenis.jobs.schedule.JobSchedulerTest"/>
  <testcase name="scheduleInactive" time="0.003" classname="org.molgenis.jobs.schedule.JobSchedulerTest"/>
  <testcase name="runNow" time="0.145" classname="org.molgenis.jobs.schedule.JobSchedulerTest"/>
  <testcase name="runNowUnknownEntity" time="0.003" classname="org.molgenis.jobs.schedule.JobSchedulerTest"/>
  <testcase name="scheduleInvalidCronExpression" time="0.004" classname="org.molgenis.jobs.schedule.JobSchedulerTest"/>
  <testcase name="scheduleExisting" time="0.004" classname="org.molgenis.jobs.schedule.JobSchedulerTest"/>
  <testcase name="runNowExists" time="0.003" classname="org.molgenis.jobs.schedule.JobSchedulerTest"/>
  <testcase name="unschedule" time="0.004" classname="org.molgenis.jobs.schedule.JobSchedulerTest"/>
</testsuite> <!-- org.molgenis.jobs.schedule.JobSchedulerTest -->
