<?xml version="1.0" encoding="UTF-8"?>
<testsuite xmlns:xsi="http://www.w3.org/2001/XMLSchema-instance" xsi:noNamespaceSchemaLocation="https://maven.apache.org/surefire/maven-surefire-plugin/xsd/surefire-test-report.xsd" name="TestSuite" time="9.687" tests="158" errors="0" skipped="0" failures="0">
  <properties>
    <property name="awt.toolkit" value="sun.awt.X11.XToolkit"/>
    <property name="file.encoding.pkg" value="sun.io"/>
    <property name="java.specification.version" value="1.8"/>
    <property name="sun.cpu.isalist" value=""/>
    <property name="sun.jnu.encoding" value="UTF-8"/>
    <property name="java.class.path" value="/root/workspace/molgenis/molgenis/385680151/molgenis-security/target/test-classes:/root/workspace/molgenis/molgenis/385680151/molgenis-security/target/classes:/root/workspace/molgenis/molgenis/385680151/molgenis-security-core/target/classes:/root/./workspace/molgenis/molgenis/385680151/.m2/com/google/code/findbugs/jsr305/3.0.2/jsr305-3.0.2.jar:/root/./workspace/molgenis/molgenis/385680151/.m2/org/springframework/security/spring-security-core/5.0.5.RELEASE/spring-security-core-5.0.5.RELEASE.jar:/root/./workspace/molgenis/molgenis/385680151/.m2/org/springframework/spring-aspects/5.0.6.RELEASE/spring-aspects-5.0.6.RELEASE.jar:/root/./workspace/molgenis/molgenis/385680151/.m2/org/aspectj/aspectjweaver/1.8.13/aspectjweaver-1.8.13.jar:/root/./workspace/molgenis/molgenis/385680151/.m2/com/google/auto/value/auto-value/1.4.1/auto-value-1.4.1.jar:/root/workspace/molgenis/molgenis/385680151/molgenis-core/target/classes:/root/workspace/molgenis/molgenis/385680151/molgenis-util/target/classes:/root/./workspace/molgenis/molgenis/385680151/.m2/org/springframework/spring-context-support/5.0.6.RELEASE/spring-context-support-5.0.6.RELEASE.jar:/root/./workspace/molgenis/molgenis/385680151/.m2/com/sun/mail/javax.mail/1.6.1/javax.mail-1.6.1.jar:/root/./workspace/molgenis/molgenis/385680151/.m2/javax/activation/activation/1.1.1/activation-1.1.1.jar:/root/./workspace/molgenis/molgenis/385680151/.m2/org/mapdb/mapdb/1.0.6/mapdb-1.0.6.jar:/root/./workspace/molgenis/molgenis/385680151/.m2/commons-io/commons-io/2.6/commons-io-2.6.jar:/root/./workspace/molgenis/molgenis/385680151/.m2/org/springframework/spring-web/5.0.6.RELEASE/spring-web-5.0.6.RELEASE.jar:/root/workspace/molgenis/molgenis/385680151/molgenis-data/target/classes:/root/workspace/molgenis/molgenis/385680151/molgenis-i18n/target/classes:/root/./workspace/molgenis/molgenis/385680151/.m2/org/springframework/spring-tx/5.0.6.RELEASE/spring-tx-5.0.6.RELEASE.jar:/root/./workspace/molgenis/molgenis/385680151/.m2/com/google/code/gson/gson/2.8.4/gson-2.8.4.jar:/root/./workspace/molgenis/molgenis/385680151/.m2/com/eaio/uuid/uuid/3.2/uuid-3.2.jar:/root/./workspace/molgenis/molgenis/385680151/.m2/com/mchange/c3p0/0.9.5.2/c3p0-0.9.5.2.jar:/root/./workspace/molgenis/molgenis/385680151/.m2/com/mchange/mchange-commons-java/0.2.11/mchange-commons-java-0.2.11.jar:/root/workspace/molgenis/molgenis/385680151/molgenis-data-plugin/target/classes:/root/workspace/molgenis/molgenis/385680151/molgenis-data-security/target/classes:/root/workspace/molgenis/molgenis/385680151/molgenis-settings/target/classes:/root/workspace/molgenis/molgenis/385680151/molgenis-web/target/classes:/root/workspace/molgenis/molgenis/385680151/molgenis-data-csv/target/classes:/root/workspace/molgenis/molgenis/385680151/molgenis-data-file/target/classes:/root/./workspace/molgenis/molgenis/385680151/.m2/net/sf/opencsv/opencsv/2.3/opencsv-2.3.jar:/root/workspace/molgenis/molgenis/385680151/molgenis-data-validation/target/classes:/root/workspace/molgenis/molgenis/385680151/molgenis-js/target/classes:/root/workspace/molgenis/molgenis/385680151/molgenis-scripts-core/target/classes:/root/./workspace/molgenis/molgenis/385680151/.m2/org/everit/json/org.everit.json.schema/1.5.1/org.everit.json.schema-1.5.1.jar:/root/./workspace/molgenis/molgenis/385680151/.m2/org/json/json/20141113/json-20141113.jar:/root/./workspace/molgenis/molgenis/385680151/.m2/commons-validator/commons-validator/1.5.1/commons-validator-1.5.1.jar:/root/./workspace/molgenis/molgenis/385680151/.m2/commons-beanutils/commons-beanutils/1.9.3/commons-beanutils-1.9.3.jar:/root/./workspace/molgenis/molgenis/385680151/.m2/commons-digester/commons-digester/1.8.1/commons-digester-1.8.1.jar:/root/./workspace/molgenis/molgenis/385680151/.m2/commons-collections/commons-collections/3.2.2/commons-collections-3.2.2.jar:/root/./workspace/molgenis/molgenis/385680151/.m2/cz/jirutka/rsql/rsql-parser/2.0.0/rsql-parser-2.0.0.jar:/root/./workspace/molgenis/molgenis/385680151/.m2/com/fatboyindustrial/gson-javatime-serialisers/gson-javatime-serialisers/1.1.1/gson-javatime-serialisers-1.1.1.jar:/root/./workspace/molgenis/molgenis/385680151/.m2/io/swagger/swagger-annotations/1.5.16/swagger-annotations-1.5.16.jar:/root/./workspace/molgenis/molgenis/385680151/.m2/com/github/ben-manes/caffeine/caffeine/2.6.2/caffeine-2.6.2.jar:/root/./workspace/molgenis/molgenis/385680151/.m2/org/freemarker/freemarker/2.3.28/freemarker-2.3.28.jar:/root/./workspace/molgenis/molgenis/385680151/.m2/javax/servlet/javax.servlet-api/3.1.0/javax.servlet-api-3.1.0.jar:/root/./workspace/molgenis/molgenis/385680151/.m2/cn/apiclub/tool/simplecaptcha/1.2.2/simplecaptcha-1.2.2.jar:/root/./workspace/molgenis/molgenis/385680151/.m2/org/springframework/spring-webmvc/5.0.6.RELEASE/spring-webmvc-5.0.6.RELEASE.jar:/root/./workspace/molgenis/molgenis/385680151/.m2/org/springframework/spring-aop/5.0.6.RELEASE/spring-aop-5.0.6.RELEASE.jar:/root/./workspace/molgenis/molgenis/385680151/.m2/org/springframework/spring-beans/5.0.6.RELEASE/spring-beans-5.0.6.RELEASE.jar:/root/./workspace/molgenis/molgenis/385680151/.m2/org/springframework/spring-context/5.0.6.RELEASE/spring-context-5.0.6.RELEASE.jar:/root/./workspace/molgenis/molgenis/385680151/.m2/org/springframework/spring-core/5.0.6.RELEASE/spring-core-5.0.6.RELEASE.jar:/root/./workspace/molgenis/molgenis/385680151/.m2/org/springframework/spring-jcl/5.0.6.RELEASE/spring-jcl-5.0.6.RELEASE.jar:/root/./workspace/molgenis/molgenis/385680151/.m2/org/springframework/spring-expression/5.0.6.RELEASE/spring-expression-5.0.6.RELEASE.jar:/root/./workspace/molgenis/molgenis/385680151/.m2/org/springframework/security/spring-security-web/5.0.5.RELEASE/spring-security-web-5.0.5.RELEASE.jar:/root/./workspace/molgenis/molgenis/385680151/.m2/org/springframework/security/spring-security-config/5.0.5.RELEASE/spring-security-config-5.0.5.RELEASE.jar:/root/./workspace/molgenis/molgenis/385680151/.m2/org/springframework/security/spring-security-acl/5.0.5.RELEASE/spring-security-acl-5.0.5.RELEASE.jar:/root/./workspace/molgenis/molgenis/385680151/.m2/org/springframework/spring-jdbc/5.0.6.RELEASE/spring-jdbc-5.0.6.RELEASE.jar:/root/./workspace/molgenis/molgenis/385680151/.m2/com/google/api-client/google-api-client/1.21.0/google-api-client-1.21.0.jar:/root/./workspace/molgenis/molgenis/385680151/.m2/com/google/oauth-client/google-oauth-client/1.21.0/google-oauth-client-1.21.0.jar:/root/./workspace/molgenis/molgenis/385680151/.m2/com/google/http-client/google-http-client/1.21.0/google-http-client-1.21.0.jar:/root/./workspace/molgenis/molgenis/385680151/.m2/org/apache/httpcomponents/httpclient/4.5.5/httpclient-4.5.5.jar:/root/./workspace/molgenis/molgenis/385680151/.m2/org/apache/httpcomponents/httpcore/4.4.9/httpcore-4.4.9.jar:/root/./workspace/molgenis/molgenis/385680151/.m2/commons-codec/commons-codec/1.11/commons-codec-1.11.jar:/root/./workspace/molgenis/molgenis/385680151/.m2/com/google/http-client/google-http-client-jackson2/1.21.0/google-http-client-jackson2-1.21.0.jar:/root/./workspace/molgenis/molgenis/385680151/.m2/com/fasterxml/jackson/core/jackson-core/2.9.5/jackson-core-2.9.5.jar:/root/./workspace/molgenis/molgenis/385680151/.m2/org/jboss/aerogear/aerogear-otp-java/1.0.0/aerogear-otp-java-1.0.0.jar:/root/./workspace/molgenis/molgenis/385680151/.m2/org/hibernate/validator/hibernate-validator/6.0.9.Final/hibernate-validator-6.0.9.Final.jar:/root/./workspace/molgenis/molgenis/385680151/.m2/javax/validation/validation-api/2.0.1.Final/validation-api-2.0.1.Final.jar:/root/./workspace/molgenis/molgenis/385680151/.m2/org/jboss/logging/jboss-logging/3.3.2.Final/jboss-logging-3.3.2.Final.jar:/root/./workspace/molgenis/molgenis/385680151/.m2/com/fasterxml/classmate/1.3.4/classmate-1.3.4.jar:/root/./workspace/molgenis/molgenis/385680151/.m2/org/glassfish/javax.el/3.0.0/javax.el-3.0.0.jar:/root/./workspace/molgenis/molgenis/385680151/.m2/org/apache/commons/commons-lang3/3.7/commons-lang3-3.7.jar:/root/./workspace/molgenis/molgenis/385680151/.m2/org/springframework/security/spring-security-test/5.0.5.RELEASE/spring-security-test-5.0.5.RELEASE.jar:/root/./workspace/molgenis/molgenis/385680151/.m2/org/springframework/spring-test/5.0.6.RELEASE/spring-test-5.0.6.RELEASE.jar:/root/workspace/molgenis/molgenis/385680151/molgenis-test/target/classes:/root/./workspace/molgenis/molgenis/385680151/.m2/org/testng/testng/6.8/testng-6.8.jar:/root/./workspace/molgenis/molgenis/385680151/.m2/junit/junit/4.12/junit-4.12.jar:/root/./workspace/molgenis/molgenis/385680151/.m2/org/hamcrest/hamcrest-core/1.3/hamcrest-core-1.3.jar:/root/./workspace/molgenis/molgenis/385680151/.m2/org/beanshell/bsh/2.0b5/bsh-2.0b5.jar:/root/./workspace/molgenis/molgenis/385680151/.m2/com/beust/jcommander/1.27/jcommander-1.27.jar:/root/./workspace/molgenis/molgenis/385680151/.m2/org/yaml/snakeyaml/1.19/snakeyaml-1.19.jar:/root/./workspace/molgenis/molgenis/385680151/.m2/org/mockito/mockito-core/2.7.22/mockito-core-2.7.22.jar:/root/./workspace/molgenis/molgenis/385680151/.m2/net/bytebuddy/byte-buddy/1.7.11/byte-buddy-1.7.11.jar:/root/./workspace/molgenis/molgenis/385680151/.m2/net/bytebuddy/byte-buddy-agent/1.7.11/byte-buddy-agent-1.7.11.jar:/root/./workspace/molgenis/molgenis/385680151/.m2/org/objenesis/objenesis/2.6/objenesis-2.6.jar:/root/./workspace/molgenis/molgenis/385680151/.m2/org/hamcrest/hamcrest-all/1.3/hamcrest-all-1.3.jar:/root/./workspace/molgenis/molgenis/385680151/.m2/com/fasterxml/jackson/core/jackson-databind/2.9.5/jackson-databind-2.9.5.jar:/root/./workspace/molgenis/molgenis/385680151/.m2/com/fasterxml/jackson/core/jackson-annotations/2.9.0/jackson-annotations-2.9.0.jar:/root/./workspace/molgenis/molgenis/385680151/.m2/org/springframework/boot/spring-boot-starter-logging/2.0.2.RELEASE/spring-boot-starter-logging-2.0.2.RELEASE.jar:/root/./workspace/molgenis/molgenis/385680151/.m2/ch/qos/logback/logback-classic/1.2.3/logback-classic-1.2.3.jar:/root/./workspace/molgenis/molgenis/385680151/.m2/ch/qos/logback/logback-core/1.2.3/logback-core-1.2.3.jar:/root/./workspace/molgenis/molgenis/385680151/.m2/org/apache/logging/log4j/log4j-to-slf4j/2.10.0/log4j-to-slf4j-2.10.0.jar:/root/./workspace/molgenis/molgenis/385680151/.m2/org/apache/logging/log4j/log4j-api/2.10.0/log4j-api-2.10.0.jar:/root/./workspace/molgenis/molgenis/385680151/.m2/org/slf4j/jul-to-slf4j/1.7.25/jul-to-slf4j-1.7.25.jar:/root/./workspace/molgenis/molgenis/385680151/.m2/org/slf4j/log4j-over-slf4j/1.7.25/log4j-over-slf4j-1.7.25.jar:/root/./workspace/molgenis/molgenis/385680151/.m2/org/slf4j/slf4j-api/1.7.25/slf4j-api-1.7.25.jar:/root/./workspace/molgenis/molgenis/385680151/.m2/com/google/guava/guava/25.0-jre/guava-25.0-jre.jar:/root/./workspace/molgenis/molgenis/385680151/.m2/org/apache/maven/surefire/surefire-testng-utils/2.21.0/surefire-testng-utils-2.21.0.jar:/root/./workspace/molgenis/molgenis/385680151/.m2/org/apache/maven/surefire/surefire-grouper/2.21.0/surefire-grouper-2.21.0.jar:"/>
    <property name="java.vm.vendor" value="Oracle Corporation"/>
    <property name="skip.bower" value="true"/>
    <property name="sun.arch.data.model" value="64"/>
    <property name="java.vendor.url" value="http://java.oracle.com/"/>
    <property name="user.timezone" value=""/>
    <property name="java.vm.specification.version" value="1.8"/>
    <property name="os.name" value="Linux"/>
    <property name="rat.skip" value="true"/>
    <property name="gpg.skip" value="true"/>
    <property name="sun.java.launcher" value="SUN_STANDARD"/>
    <property name="sun.boot.library.path" value="/usr/lib/jvm/java-8-openjdk-amd64/jre/lib/amd64"/>
    <property name="skip.gulp" value="true"/>
    <property name="sun.java.command" value="/root/workspace/molgenis/molgenis/385680151/molgenis-security/target/surefire/surefirebooter7630109417094980207.jar /root/workspace/molgenis/molgenis/385680151/molgenis-security/target/surefire 2018-05-30T15-29-36_147-jvmRun1 surefire1326071532285390914tmp surefire_166628810616657251505tmp"/>
    <property name="dependency-check.skip" value="true"/>
    <property name="surefire.test.class.path" value="/root/workspace/molgenis/molgenis/385680151/molgenis-security/target/test-classes:/root/workspace/molgenis/molgenis/385680151/molgenis-security/target/classes:/root/workspace/molgenis/molgenis/385680151/molgenis-security-core/target/classes:/root/./workspace/molgenis/molgenis/385680151/.m2/com/google/code/findbugs/jsr305/3.0.2/jsr305-3.0.2.jar:/root/./workspace/molgenis/molgenis/385680151/.m2/org/springframework/security/spring-security-core/5.0.5.RELEASE/spring-security-core-5.0.5.RELEASE.jar:/root/./workspace/molgenis/molgenis/385680151/.m2/org/springframework/spring-aspects/5.0.6.RELEASE/spring-aspects-5.0.6.RELEASE.jar:/root/./workspace/molgenis/molgenis/385680151/.m2/org/aspectj/aspectjweaver/1.8.13/aspectjweaver-1.8.13.jar:/root/./workspace/molgenis/molgenis/385680151/.m2/com/google/auto/value/auto-value/1.4.1/auto-value-1.4.1.jar:/root/workspace/molgenis/molgenis/385680151/molgenis-core/target/classes:/root/workspace/molgenis/molgenis/385680151/molgenis-util/target/classes:/root/./workspace/molgenis/molgenis/385680151/.m2/org/springframework/spring-context-support/5.0.6.RELEASE/spring-context-support-5.0.6.RELEASE.jar:/root/./workspace/molgenis/molgenis/385680151/.m2/com/sun/mail/javax.mail/1.6.1/javax.mail-1.6.1.jar:/root/./workspace/molgenis/molgenis/385680151/.m2/javax/activation/activation/1.1.1/activation-1.1.1.jar:/root/./workspace/molgenis/molgenis/385680151/.m2/org/mapdb/mapdb/1.0.6/mapdb-1.0.6.jar:/root/./workspace/molgenis/molgenis/385680151/.m2/commons-io/commons-io/2.6/commons-io-2.6.jar:/root/./workspace/molgenis/molgenis/385680151/.m2/org/springframework/spring-web/5.0.6.RELEASE/spring-web-5.0.6.RELEASE.jar:/root/workspace/molgenis/molgenis/385680151/molgenis-data/target/classes:/root/workspace/molgenis/molgenis/385680151/molgenis-i18n/target/classes:/root/./workspace/molgenis/molgenis/385680151/.m2/org/springframework/spring-tx/5.0.6.RELEASE/spring-tx-5.0.6.RELEASE.jar:/root/./workspace/molgenis/molgenis/385680151/.m2/com/google/code/gson/gson/2.8.4/gson-2.8.4.jar:/root/./workspace/molgenis/molgenis/385680151/.m2/com/eaio/uuid/uuid/3.2/uuid-3.2.jar:/root/./workspace/molgenis/molgenis/385680151/.m2/com/mchange/c3p0/0.9.5.2/c3p0-0.9.5.2.jar:/root/./workspace/molgenis/molgenis/385680151/.m2/com/mchange/mchange-commons-java/0.2.11/mchange-commons-java-0.2.11.jar:/root/workspace/molgenis/molgenis/385680151/molgenis-data-plugin/target/classes:/root/workspace/molgenis/molgenis/385680151/molgenis-data-security/target/classes:/root/workspace/molgenis/molgenis/385680151/molgenis-settings/target/classes:/root/workspace/molgenis/molgenis/385680151/molgenis-web/target/classes:/root/workspace/molgenis/molgenis/385680151/molgenis-data-csv/target/classes:/root/workspace/molgenis/molgenis/385680151/molgenis-data-file/target/classes:/root/./workspace/molgenis/molgenis/385680151/.m2/net/sf/opencsv/opencsv/2.3/opencsv-2.3.jar:/root/workspace/molgenis/molgenis/385680151/molgenis-data-validation/target/classes:/root/workspace/molgenis/molgenis/385680151/molgenis-js/target/classes:/root/workspace/molgenis/molgenis/385680151/molgenis-scripts-core/target/classes:/root/./workspace/molgenis/molgenis/385680151/.m2/org/everit/json/org.everit.json.schema/1.5.1/org.everit.json.schema-1.5.1.jar:/root/./workspace/molgenis/molgenis/385680151/.m2/org/json/json/20141113/json-20141113.jar:/root/./workspace/molgenis/molgenis/385680151/.m2/commons-validator/commons-validator/1.5.1/commons-validator-1.5.1.jar:/root/./workspace/molgenis/molgenis/385680151/.m2/commons-beanutils/commons-beanutils/1.9.3/commons-beanutils-1.9.3.jar:/root/./workspace/molgenis/molgenis/385680151/.m2/commons-digester/commons-digester/1.8.1/commons-digester-1.8.1.jar:/root/./workspace/molgenis/molgenis/385680151/.m2/commons-collections/commons-collections/3.2.2/commons-collections-3.2.2.jar:/root/./workspace/molgenis/molgenis/385680151/.m2/cz/jirutka/rsql/rsql-parser/2.0.0/rsql-parser-2.0.0.jar:/root/./workspace/molgenis/molgenis/385680151/.m2/com/fatboyindustrial/gson-javatime-serialisers/gson-javatime-serialisers/1.1.1/gson-javatime-serialisers-1.1.1.jar:/root/./workspace/molgenis/molgenis/385680151/.m2/io/swagger/swagger-annotations/1.5.16/swagger-annotations-1.5.16.jar:/root/./workspace/molgenis/molgenis/385680151/.m2/com/github/ben-manes/caffeine/caffeine/2.6.2/caffeine-2.6.2.jar:/root/./workspace/molgenis/molgenis/385680151/.m2/org/freemarker/freemarker/2.3.28/freemarker-2.3.28.jar:/root/./workspace/molgenis/molgenis/385680151/.m2/javax/servlet/javax.servlet-api/3.1.0/javax.servlet-api-3.1.0.jar:/root/./workspace/molgenis/molgenis/385680151/.m2/cn/apiclub/tool/simplecaptcha/1.2.2/simplecaptcha-1.2.2.jar:/root/./workspace/molgenis/molgenis/385680151/.m2/org/springframework/spring-webmvc/5.0.6.RELEASE/spring-webmvc-5.0.6.RELEASE.jar:/root/./workspace/molgenis/molgenis/385680151/.m2/org/springframework/spring-aop/5.0.6.RELEASE/spring-aop-5.0.6.RELEASE.jar:/root/./workspace/molgenis/molgenis/385680151/.m2/org/springframework/spring-beans/5.0.6.RELEASE/spring-beans-5.0.6.RELEASE.jar:/root/./workspace/molgenis/molgenis/385680151/.m2/org/springframework/spring-context/5.0.6.RELEASE/spring-context-5.0.6.RELEASE.jar:/root/./workspace/molgenis/molgenis/385680151/.m2/org/springframework/spring-core/5.0.6.RELEASE/spring-core-5.0.6.RELEASE.jar:/root/./workspace/molgenis/molgenis/385680151/.m2/org/springframework/spring-jcl/5.0.6.RELEASE/spring-jcl-5.0.6.RELEASE.jar:/root/./workspace/molgenis/molgenis/385680151/.m2/org/springframework/spring-expression/5.0.6.RELEASE/spring-expression-5.0.6.RELEASE.jar:/root/./workspace/molgenis/molgenis/385680151/.m2/org/springframework/security/spring-security-web/5.0.5.RELEASE/spring-security-web-5.0.5.RELEASE.jar:/root/./workspace/molgenis/molgenis/385680151/.m2/org/springframework/security/spring-security-config/5.0.5.RELEASE/spring-security-config-5.0.5.RELEASE.jar:/root/./workspace/molgenis/molgenis/385680151/.m2/org/springframework/security/spring-security-acl/5.0.5.RELEASE/spring-security-acl-5.0.5.RELEASE.jar:/root/./workspace/molgenis/molgenis/385680151/.m2/org/springframework/spring-jdbc/5.0.6.RELEASE/spring-jdbc-5.0.6.RELEASE.jar:/root/./workspace/molgenis/molgenis/385680151/.m2/com/google/api-client/google-api-client/1.21.0/google-api-client-1.21.0.jar:/root/./workspace/molgenis/molgenis/385680151/.m2/com/google/oauth-client/google-oauth-client/1.21.0/google-oauth-client-1.21.0.jar:/root/./workspace/molgenis/molgenis/385680151/.m2/com/google/http-client/google-http-client/1.21.0/google-http-client-1.21.0.jar:/root/./workspace/molgenis/molgenis/385680151/.m2/org/apache/httpcomponents/httpclient/4.5.5/httpclient-4.5.5.jar:/root/./workspace/molgenis/molgenis/385680151/.m2/org/apache/httpcomponents/httpcore/4.4.9/httpcore-4.4.9.jar:/root/./workspace/molgenis/molgenis/385680151/.m2/commons-codec/commons-codec/1.11/commons-codec-1.11.jar:/root/./workspace/molgenis/molgenis/385680151/.m2/com/google/http-client/google-http-client-jackson2/1.21.0/google-http-client-jackson2-1.21.0.jar:/root/./workspace/molgenis/molgenis/385680151/.m2/com/fasterxml/jackson/core/jackson-core/2.9.5/jackson-core-2.9.5.jar:/root/./workspace/molgenis/molgenis/385680151/.m2/org/jboss/aerogear/aerogear-otp-java/1.0.0/aerogear-otp-java-1.0.0.jar:/root/./workspace/molgenis/molgenis/385680151/.m2/org/hibernate/validator/hibernate-validator/6.0.9.Final/hibernate-validator-6.0.9.Final.jar:/root/./workspace/molgenis/molgenis/385680151/.m2/javax/validation/validation-api/2.0.1.Final/validation-api-2.0.1.Final.jar:/root/./workspace/molgenis/molgenis/385680151/.m2/org/jboss/logging/jboss-logging/3.3.2.Final/jboss-logging-3.3.2.Final.jar:/root/./workspace/molgenis/molgenis/385680151/.m2/com/fasterxml/classmate/1.3.4/classmate-1.3.4.jar:/root/./workspace/molgenis/molgenis/385680151/.m2/org/glassfish/javax.el/3.0.0/javax.el-3.0.0.jar:/root/./workspace/molgenis/molgenis/385680151/.m2/org/apache/commons/commons-lang3/3.7/commons-lang3-3.7.jar:/root/./workspace/molgenis/molgenis/385680151/.m2/org/springframework/security/spring-security-test/5.0.5.RELEASE/spring-security-test-5.0.5.RELEASE.jar:/root/./workspace/molgenis/molgenis/385680151/.m2/org/springframework/spring-test/5.0.6.RELEASE/spring-test-5.0.6.RELEASE.jar:/root/workspace/molgenis/molgenis/385680151/molgenis-test/target/classes:/root/./workspace/molgenis/molgenis/385680151/.m2/org/testng/testng/6.8/testng-6.8.jar:/root/./workspace/molgenis/molgenis/385680151/.m2/junit/junit/4.12/junit-4.12.jar:/root/./workspace/molgenis/molgenis/385680151/.m2/org/hamcrest/hamcrest-core/1.3/hamcrest-core-1.3.jar:/root/./workspace/molgenis/molgenis/385680151/.m2/org/beanshell/bsh/2.0b5/bsh-2.0b5.jar:/root/./workspace/molgenis/molgenis/385680151/.m2/com/beust/jcommander/1.27/jcommander-1.27.jar:/root/./workspace/molgenis/molgenis/385680151/.m2/org/yaml/snakeyaml/1.19/snakeyaml-1.19.jar:/root/./workspace/molgenis/molgenis/385680151/.m2/org/mockito/mockito-core/2.7.22/mockito-core-2.7.22.jar:/root/./workspace/molgenis/molgenis/385680151/.m2/net/bytebuddy/byte-buddy/1.7.11/byte-buddy-1.7.11.jar:/root/./workspace/molgenis/molgenis/385680151/.m2/net/bytebuddy/byte-buddy-agent/1.7.11/byte-buddy-agent-1.7.11.jar:/root/./workspace/molgenis/molgenis/385680151/.m2/org/objenesis/objenesis/2.6/objenesis-2.6.jar:/root/./workspace/molgenis/molgenis/385680151/.m2/org/hamcrest/hamcrest-all/1.3/hamcrest-all-1.3.jar:/root/./workspace/molgenis/molgenis/385680151/.m2/com/fasterxml/jackson/core/jackson-databind/2.9.5/jackson-databind-2.9.5.jar:/root/./workspace/molgenis/molgenis/385680151/.m2/com/fasterxml/jackson/core/jackson-annotations/2.9.0/jackson-annotations-2.9.0.jar:/root/./workspace/molgenis/molgenis/385680151/.m2/org/springframework/boot/spring-boot-starter-logging/2.0.2.RELEASE/spring-boot-starter-logging-2.0.2.RELEASE.jar:/root/./workspace/molgenis/molgenis/385680151/.m2/ch/qos/logback/logback-classic/1.2.3/logback-classic-1.2.3.jar:/root/./workspace/molgenis/molgenis/385680151/.m2/ch/qos/logback/logback-core/1.2.3/logback-core-1.2.3.jar:/root/./workspace/molgenis/molgenis/385680151/.m2/org/apache/logging/log4j/log4j-to-slf4j/2.10.0/log4j-to-slf4j-2.10.0.jar:/root/./workspace/molgenis/molgenis/385680151/.m2/org/apache/logging/log4j/log4j-api/2.10.0/log4j-api-2.10.0.jar:/root/./workspace/molgenis/molgenis/385680151/.m2/org/slf4j/jul-to-slf4j/1.7.25/jul-to-slf4j-1.7.25.jar:/root/./workspace/molgenis/molgenis/385680151/.m2/org/slf4j/log4j-over-slf4j/1.7.25/log4j-over-slf4j-1.7.25.jar:/root/./workspace/molgenis/molgenis/385680151/.m2/org/slf4j/slf4j-api/1.7.25/slf4j-api-1.7.25.jar:/root/./workspace/molgenis/molgenis/385680151/.m2/com/google/guava/guava/25.0-jre/guava-25.0-jre.jar:/root/./workspace/molgenis/molgenis/385680151/.m2/org/apache/maven/surefire/surefire-testng-utils/2.21.0/surefire-testng-utils-2.21.0.jar:/root/./workspace/molgenis/molgenis/385680151/.m2/org/apache/maven/surefire/surefire-grouper/2.21.0/surefire-grouper-2.21.0.jar:"/>
    <property name="sun.cpu.endian" value="little"/>
    <property name="user.home" value="/root"/>
    <property name="user.language" value="en"/>
    <property name="java.specification.vendor" value="Oracle Corporation"/>
    <property name="java.home" value="/usr/lib/jvm/java-8-openjdk-amd64/jre"/>
    <property name="basedir" value="/root/workspace/molgenis/molgenis/385680151/molgenis-security"/>
    <property name="file.separator" value="/"/>
    <property name="checkstyle.skip" value="true"/>
    <property name="line.separator" value="&#10;"/>
    <property name="skip.npm" value="true"/>
    <property name="java.vm.specification.vendor" value="Oracle Corporation"/>
    <property name="java.specification.name" value="Java Platform API Specification"/>
    <property name="java.awt.graphicsenv" value="sun.awt.X11GraphicsEnvironment"/>
    <property name="skipITs" value="true"/>
    <property name="surefire.real.class.path" value="/root/workspace/molgenis/molgenis/385680151/molgenis-security/target/surefire/surefirebooter7630109417094980207.jar:/root/./workspace/molgenis/molgenis/385680151/.m2/org/jacoco/org.jacoco.agent/0.8.1/org.jacoco.agent-0.8.1-runtime.jar"/>
    <property name="cobertura.skip" value="true"/>
    <property name="sun.boot.class.path" value="/usr/lib/jvm/java-8-openjdk-amd64/jre/lib/resources.jar:/usr/lib/jvm/java-8-openjdk-amd64/jre/lib/rt.jar:/usr/lib/jvm/java-8-openjdk-amd64/jre/lib/sunrsasign.jar:/usr/lib/jvm/java-8-openjdk-amd64/jre/lib/jsse.jar:/usr/lib/jvm/java-8-openjdk-amd64/jre/lib/jce.jar:/usr/lib/jvm/java-8-openjdk-amd64/jre/lib/charsets.jar:/usr/lib/jvm/java-8-openjdk-amd64/jre/lib/jfr.jar:/usr/lib/jvm/java-8-openjdk-amd64/jre/classes"/>
    <property name="sun.management.compiler" value="HotSpot 64-Bit Tiered Compilers"/>
    <property name="java.runtime.version" value="1.8.0_121-8u121-b13-1~bpo8+1-b13"/>
    <property name="user.name" value="root"/>
    <property name="findbugs.skip" value="true"/>
    <property name="path.separator" value=":"/>
    <property name="os.version" value="3.10.0-862.2.3.el7.x86_64"/>
    <property name="java.endorsed.dirs" value="/usr/lib/jvm/java-8-openjdk-amd64/jre/lib/endorsed"/>
    <property name="java.runtime.name" value="OpenJDK Runtime Environment"/>
    <property name="file.encoding" value="UTF-8"/>
    <property name="java.vm.name" value="OpenJDK 64-Bit Server VM"/>
    <property name="localRepository" value="/root/./workspace/molgenis/molgenis/385680151/.m2"/>
    <property name="java.vendor.url.bug" value="http://bugreport.sun.com/bugreport/"/>
    <property name="java.io.tmpdir" value="/tmp"/>
    <property name="java.version" value="1.8.0_121"/>
    <property name="user.dir" value="/root/workspace/molgenis/molgenis/385680151/molgenis-security"/>
    <property name="os.arch" value="amd64"/>
    <property name="license.skip" value="true"/>
    <property name="java.vm.specification.name" value="Java Virtual Machine Specification"/>
    <property name="java.awt.printerjob" value="sun.print.PSPrinterJob"/>
    <property name="sun.os.patch.level" value="unknown"/>
    <property name="java.library.path" value="/usr/java/packages/lib/amd64:/usr/lib/x86_64-linux-gnu/jni:/lib/x86_64-linux-gnu:/usr/lib/x86_64-linux-gnu:/usr/lib/jni:/lib:/usr/lib"/>
    <property name="java.vm.info" value="mixed mode"/>
    <property name="java.vendor" value="Oracle Corporation"/>
    <property name="java.vm.version" value="25.121-b13"/>
    <property name="java.ext.dirs" value="/usr/lib/jvm/java-8-openjdk-amd64/jre/lib/ext:/usr/java/packages/lib/ext"/>
    <property name="sun.io.unicode.encoding" value="UnicodeLittle"/>
    <property name="maven.repo.local" value="/root/./workspace/molgenis/molgenis/385680151/.m2"/>
    <property name="enforcer.skip" value="true"/>
    <property name="java.class.version" value="52.0"/>
  </properties>
  <testcase name="testGenerateRecoveryCodes" classname="org.molgenis.security.twofactor.service.RecoveryServiceImplTest" time="0.028"/>
  <testcase name="testGetRecoveryCodes" classname="org.molgenis.security.twofactor.service.RecoveryServiceImplTest" time="0.002"/>
  <testcase name="testUseRecoveryCode" classname="org.molgenis.security.twofactor.service.RecoveryServiceImplTest" time="0.044"/>
  <testcase name="testGetAuthenticatorURI" classname="org.molgenis.security.twofactor.service.OtpServiceImplTest" time="0.001"/>
  <testcase name="testTryVerificationKeyFailed" classname="org.molgenis.security.twofactor.service.OtpServiceImplTest" time="0.003"/>
  <testcase name="generateSecretKeyTest" classname="org.molgenis.security.twofactor.service.TwoFactorAuthenticationServiceImplTest" time="0.003"/>
  <testcase name="generateWrongSecretKeyTest" classname="org.molgenis.security.twofactor.service.TwoFactorAuthenticationServiceImplTest" time="0"/>
  <testcase name="isConfiguredForUserTest" classname="org.molgenis.security.twofactor.service.TwoFactorAuthenticationServiceImplTest" time="0.001"/>
  <testcase name="setSecretKeyTest" classname="org.molgenis.security.twofactor.service.TwoFactorAuthenticationServiceImplTest" time="0.002"/>
  <testcase name="testDisableForUser" classname="org.molgenis.security.twofactor.service.TwoFactorAuthenticationServiceImplTest" time="0.003"/>
  <testcase name="testUserIsBlocked" classname="org.molgenis.security.twofactor.service.TwoFactorAuthenticationServiceImplTest" time="0.006"/>
  <testcase name="testDoFilterInternalIsConfigured" classname="org.molgenis.security.twofactor.auth.TwoFactorAuthenticationFilterTest" time="0.004"/>
  <testcase name="testDoFilterInternalIsConfiguredChangePassword" classname="org.molgenis.security.twofactor.auth.TwoFactorAuthenticationFilterTest" time="0"/>
  <testcase name="testDoFilterInternalIsNotConfigured" classname="org.molgenis.security.twofactor.auth.TwoFactorAuthenticationFilterTest" time="0.001"/>
  <testcase name="testDoFilterInternalNotAuthenticated" classname="org.molgenis.security.twofactor.auth.TwoFactorAuthenticationFilterTest" time="0"/>
  <testcase name="testDoFilterInternalRecoveryAuthenticated" classname="org.molgenis.security.twofactor.auth.TwoFactorAuthenticationFilterTest" time="0.002"/>
  <testcase name="testAuthenticateInvalidToken" classname="org.molgenis.security.twofactor.auth.TwoFactorAuthenticationProviderTest" time="0"/>
  <testcase name="testAuthentication2fIsNotConfigured" classname="org.molgenis.security.twofactor.auth.TwoFactorAuthenticationProviderTest" time="0.003"/>
  <testcase name="testAuthentication2faIsConfigured" classname="org.molgenis.security.twofactor.auth.TwoFactorAuthenticationProviderTest" time="0.001"/>
  <testcase name="testAuthenticateInvalidToken" classname="org.molgenis.security.twofactor.auth.RecoveryAuthenticationProviderTest" time="0.001"/>
  <testcase name="testAuthentication" classname="org.molgenis.security.twofactor.auth.RecoveryAuthenticationProviderTest" time="0.003"/>
  <testcase name="activationExceptionTest" classname="org.molgenis.security.twofactor.TwoFactorAuthenticationControllerTest" time="0.003"/>
  <testcase name="authenticateExceptionTest" classname="org.molgenis.security.twofactor.TwoFactorAuthenticationControllerTest" time="0.046"/>
  <testcase name="configuredExceptionTest" classname="org.molgenis.security.twofactor.TwoFactorAuthenticationControllerTest" time="0"/>
  <testcase name="testRecoverAccount" classname="org.molgenis.security.twofactor.TwoFactorAuthenticationControllerTest" time="0.001"/>
  <testcase name="validateVerificationCodeAndAuthenticateExceptionTest" classname="org.molgenis.security.twofactor.TwoFactorAuthenticationControllerTest" time="0"/>
  <testcase name="giveUserEntityPermissions" classname="org.molgenis.security.permission.PermissionSystemServiceImplTest" time="0.198"/>
  <testcase name="testPermissionSystemService" classname="org.molgenis.security.permission.PermissionSystemServiceImplTest" time="0.001"/>
  <testcase name="testGetSecurityContextFromSessionUnexpectedValue" classname="org.molgenis.security.permission.SecurityContextRegistryImplTest" time="0.001"/>
  <testcase name="testGetSecurityContextFromSessionWithSecurityContext" classname="org.molgenis.security.permission.SecurityContextRegistryImplTest" time="0"/>
  <testcase name="testGetSecurityContextFromSessionWithoutSecurityContext" classname="org.molgenis.security.permission.SecurityContextRegistryImplTest" time="0.001"/>
  <testcase name="testGetSecurityContextInvalidatedSession" classname="org.molgenis.security.permission.SecurityContextRegistryImplTest" time="0.005"/>
  <testcase name="testGetSecurityContextUnknownSessionId" classname="org.molgenis.security.permission.SecurityContextRegistryImplTest" time="0"/>
  <testcase name="testGetSecurityContexts" classname="org.molgenis.security.permission.SecurityContextRegistryImplTest" time="0.005"/>
  <testcase name="testHandleHttpSessionDestroyedEvent" classname="org.molgenis.security.permission.SecurityContextRegistryImplTest" time="0.001"/>
  <testcase name="testUpdateAuthenticationAnonymousAuthenticationToken" classname="org.molgenis.security.permission.AuthenticationAuthoritiesUpdaterImplTest" time="0.014"/>
  <testcase name="testUpdateAuthenticationRecoveryAuthenticationToken" classname="org.molgenis.security.permission.AuthenticationAuthoritiesUpdaterImplTest" time="0"/>
  <testcase name="testUpdateAuthenticationRestAuthenticationToken" classname="org.molgenis.security.permission.AuthenticationAuthoritiesUpdaterImplTest" time="0"/>
  <testcase name="testUpdateAuthenticationRunAsUserToken" classname="org.molgenis.security.permission.AuthenticationAuthoritiesUpdaterImplTest" time="0"/>
  <testcase name="testUpdateAuthenticationSystemSecurityToken" classname="org.molgenis.security.permission.AuthenticationAuthoritiesUpdaterImplTest" time="0.021"/>
  <testcase name="testUpdateAuthenticationTwoFactorAuthenticationToken" classname="org.molgenis.security.permission.AuthenticationAuthoritiesUpdaterImplTest" time="0"/>
  <testcase name="testUpdateAuthenticationUnknownToken" classname="org.molgenis.security.permission.AuthenticationAuthoritiesUpdaterImplTest" time="0.011"/>
  <testcase name="testUpdateAuthenticationUsernamePasswordAuthenticationToken" classname="org.molgenis.security.permission.AuthenticationAuthoritiesUpdaterImplTest" time="0"/>
  <testcase name="hasPermissionOnEntityTypeFalse" classname="org.molgenis.security.permission.UserPermissionEvaluatorImplTest" time="0.003"/>
  <testcase name="hasPermissionOnEntityTypeSuperuser" classname="org.molgenis.security.permission.UserPermissionEvaluatorImplTest" time="0"/>
  <testcase name="hasPermissionOnEntityTypeSystemUser" classname="org.molgenis.security.permission.UserPermissionEvaluatorImplTest" time="0"/>
  <testcase name="hasPermissionOnEntityTypeTrue" classname="org.molgenis.security.permission.UserPermissionEvaluatorImplTest" time="0.018"/>
  <testcase name="hasPermissionOnPluginFalse" classname="org.molgenis.security.permission.UserPermissionEvaluatorImplTest" time="0.002"/>
  <testcase name="hasPermissionOnPluginSuperuser" classname="org.molgenis.security.permission.UserPermissionEvaluatorImplTest" time="0"/>
  <testcase name="hasPermissionOnPluginSystemUser" classname="org.molgenis.security.permission.UserPermissionEvaluatorImplTest" time="0"/>
  <testcase name="hasPermissionOnPluginTrue" classname="org.molgenis.security.permission.UserPermissionEvaluatorImplTest" time="0"/>
  <testcase name="hasPermissionSetOnEntityTypeFalse" classname="org.molgenis.security.permission.UserPermissionEvaluatorImplTest" time="0"/>
  <testcase name="hasPermissionSetOnEntityTypeSuperuser" classname="org.molgenis.security.permission.UserPermissionEvaluatorImplTest" time="0"/>
  <testcase name="hasPermissionSetOnEntityTypeSystemUser" classname="org.molgenis.security.permission.UserPermissionEvaluatorImplTest" time="0"/>
  <testcase name="hasPermissionSetOnEntityTypeTrue" classname="org.molgenis.security.permission.UserPermissionEvaluatorImplTest" time="0"/>
  <testcase name="hasPermissionSetOnPluginFalse" classname="org.molgenis.security.permission.UserPermissionEvaluatorImplTest" time="0"/>
  <testcase name="hasPermissionSetOnPluginSuperuser" classname="org.molgenis.security.permission.UserPermissionEvaluatorImplTest" time="0.001"/>
  <testcase name="hasPermissionSetOnPluginSystemUser" classname="org.molgenis.security.permission.UserPermissionEvaluatorImplTest" time="0"/>
  <testcase name="hasPermissionSetOnPluginTrue" classname="org.molgenis.security.permission.UserPermissionEvaluatorImplTest" time="0.001"/>
  <testcase name="testGetSecurityContextsNoUserThreadNoUserSessions" classname="org.molgenis.security.permission.PrincipalSecurityContextRegistryImplTest" time="0.022"/>
  <testcase name="testGetSecurityContextsUserThreadNoUserSessions" classname="org.molgenis.security.permission.PrincipalSecurityContextRegistryImplTest" time="0.001"/>
  <testcase name="testGetSecurityContextsUserThreadSessions" classname="org.molgenis.security.permission.PrincipalSecurityContextRegistryImplTest" time="0.003"/>
  <testcase name="MolgenisPermissionController" classname="org.molgenis.security.permission.MolgenisPermissionControllerTest" time="0"/>
  <testcase name="hasReadPermissionFalse" classname="org.molgenis.security.permission.MolgenisPermissionControllerTest" time="0"/>
  <testcase name="hasReadPermissionTrue" classname="org.molgenis.security.permission.MolgenisPermissionControllerTest" time="0.001"/>
  <testcase name="hasWritePermissionFalse" classname="org.molgenis.security.permission.MolgenisPermissionControllerTest" time="0"/>
  <testcase name="hasWritePermissionTrue" classname="org.molgenis.security.permission.MolgenisPermissionControllerTest" time="0.001"/>
  <testcase name="testAclCacheTransactionListener" classname="org.molgenis.security.acl.AclCacheTransactionListenerTest" time="0"/>
  <testcase name="testRollbackTransaction" classname="org.molgenis.security.acl.AclCacheTransactionListenerTest" time="0.001"/>
  <testcase name="testCreateAclClass" classname="org.molgenis.security.acl.MutableAclClassServiceImplTest" time="0.003"/>
  <testcase name="testDeleteAclClass" classname="org.molgenis.security.acl.MutableAclClassServiceImplTest" time="0"/>
  <testcase name="testGetAclClassTypes" classname="org.molgenis.security.acl.MutableAclClassServiceImplTest" time="0"/>
  <testcase name="testHasAclClassFalseCached" classname="org.molgenis.security.acl.MutableAclClassServiceImplTest" time="0.007"/>
  <testcase name="testHasAclClassTrueWithAclClassCacheInvalidation" classname="org.molgenis.security.acl.MutableAclClassServiceImplTest" time="0.007"/>
  <testcase name="testCreateRoleAuthority" classname="org.molgenis.security.acl.SidUtilsTest" time="0.05"/>
  <testcase name="testCreateSidRole" classname="org.molgenis.security.acl.SidUtilsTest" time="0.001"/>
  <testcase name="testCreateSidUser" classname="org.molgenis.security.acl.SidUtilsTest" time="0.001"/>
  <testcase name="testCreateSidUsernameAnonymous" classname="org.molgenis.security.acl.SidUtilsTest" time="0"/>
  <testcase name="testPermissionsDontMatch" classname="org.molgenis.security.acl.BitMaskPermissionGrantingStrategyTest" time="0.001"/>
  <testcase name="testPermissionsDontMatch" classname="org.molgenis.security.acl.BitMaskPermissionGrantingStrategyTest" time="0.001"/>
  <testcase name="testPermissionsDontMatch" classname="org.molgenis.security.acl.BitMaskPermissionGrantingStrategyTest" time="0"/>
  <testcase name="testPermissionsMatch" classname="org.molgenis.security.acl.BitMaskPermissionGrantingStrategyTest" time="0"/>
  <testcase name="testPermissionsMatch" classname="org.molgenis.security.acl.BitMaskPermissionGrantingStrategyTest" time="0"/>
  <testcase name="executeWithPermission" classname="org.molgenis.security.freemarker.HasPermissionDirectiveTest" time="0.04"/>
  <testcase name="executeWithoutPermission" classname="org.molgenis.security.freemarker.HasPermissionDirectiveTest" time="0.001"/>
  <testcase name="doFilter" classname="org.molgenis.security.token.TokenAuthenticationFilterTest" time="0.015"/>
  <testcase name="generateToken" classname="org.molgenis.security.token.TokenGeneratorTest" time="0"/>
  <testcase name="findUserByToken" classname="org.molgenis.security.token.DataServiceTokenServiceTest" time="0.049"/>
  <testcase name="findUserByTokenExpired" classname="org.molgenis.security.token.DataServiceTokenServiceTest" time="0.001"/>
  <testcase name="generateAndStoreToken" classname="org.molgenis.security.token.DataServiceTokenServiceTest" time="0.005"/>
  <testcase name="removeToken" classname="org.molgenis.security.token.DataServiceTokenServiceTest" time="0.001"/>
  <testcase name="testGetTokenFromHeader" classname="org.molgenis.security.token.TokenExtractorTest" time="0.001"/>
  <testcase name="testGetTokenFromParam" classname="org.molgenis.security.token.TokenExtractorTest" time="0"/>
  <testcase name="testResolveArgumentNoToken" classname="org.molgenis.security.token.TokenExtractorTest" time="0.001"/>
  <testcase name="testResolveArgumentNoTokenRequired" classname="org.molgenis.security.token.TokenExtractorTest" time="0.002"/>
  <testcase name="testResolveArgumentTokenInHeader" classname="org.molgenis.security.token.TokenExtractorTest" time="0"/>
  <testcase name="testResolveArgumentTokenInParam" classname="org.molgenis.security.token.TokenExtractorTest" time="0"/>
  <testcase name="authenticate" classname="org.molgenis.security.token.TokenAuthenticationProviderTest" time="0.001"/>
  <testcase name="authenticateInvalidToken" classname="org.molgenis.security.token.TokenAuthenticationProviderTest" time="0.002"/>
  <testcase name="testTokenForDisabledUser" classname="org.molgenis.security.token.RunAsUserTokenFactoryTest" time="0.01"/>
  <testcase name="testTokenForEnabledUser" classname="org.molgenis.security.token.RunAsUserTokenFactoryTest" time="0.001"/>
  <testcase name="testGetReachableGrantedAuthoritiesSu" classname="org.molgenis.security.MolgenisRoleHierarchyTest" time="0"/>
  <testcase name="testCommenceOther" classname="org.molgenis.security.AjaxAwareLoginUrlAuthenticationEntryPointTest" time="0.043"/>
  <testcase name="testCommencePreflight" classname="org.molgenis.security.AjaxAwareLoginUrlAuthenticationEntryPointTest" time="0.001"/>
  <testcase name="testCommenceRest" classname="org.molgenis.security.AjaxAwareLoginUrlAuthenticationEntryPointTest" time="0"/>
  <testcase name="GoogleAuthenticationProcessingFilter" classname="org.molgenis.security.google.GoogleAuthenticationProcessingFilterTest" time="0"/>
  <testcase name="attemptAuthenticationGoogleSignInDisabled" classname="org.molgenis.security.google.GoogleAuthenticationProcessingFilterTest" time="0"/>
  <testcase name="attemptAuthenticationMissingToken" classname="org.molgenis.security.google.GoogleAuthenticationProcessingFilterTest" time="0.001"/>
  <testcase name="testLoadUserByUsernameAnonymous" classname="org.molgenis.security.user.UserDetailsServiceTest" time="0.006"/>
  <testcase name="testLoadUserByUsernameNonSuperuser" classname="org.molgenis.security.user.UserDetailsServiceTest" time="0.004"/>
  <testcase name="testLoadUserByUsernameSuperuser" classname="org.molgenis.security.user.UserDetailsServiceTest" time="0.002"/>
  <testcase name="testLoadUserByUsernameUnknownUser" classname="org.molgenis.security.user.UserDetailsServiceTest" time="0.001"/>
  <testcase name="testUserDetailsService" classname="org.molgenis.security.user.UserDetailsServiceTest" time="0"/>
  <testcase name="getCurrentUser" classname="org.molgenis.security.user.UserAccountServiceImplTest" time="0.001"/>
  <testcase name="updateCurrentUser" classname="org.molgenis.security.user.UserAccountServiceImplTest" time="0.001"/>
  <testcase name="updateCurrentUser_changePassword" classname="org.molgenis.security.user.UserAccountServiceImplTest" time="0"/>
  <testcase name="updateCurrentUser_wrongUser" classname="org.molgenis.security.user.UserAccountServiceImplTest" time="0"/>
  <testcase name="validateCurrentUserPassword" classname="org.molgenis.security.user.UserAccountServiceImplTest" time="0.001"/>
  <testcase name="check_disabledUser" classname="org.molgenis.security.user.UserDetailsCheckerTest" time="0.009"/>
  <testcase name="check_enabledUser" classname="org.molgenis.security.user.UserDetailsCheckerTest" time="0.001"/>
  <testcase name="testDoFilterChangePassword" classname="org.molgenis.security.MolgenisChangePasswordFilterTest" time="0.001"/>
  <testcase name="testDoFilterChangePasswordHackyUri" classname="org.molgenis.security.MolgenisChangePasswordFilterTest" time="0.001"/>
  <testcase name="testDoFilterIgnoreOwnUri" classname="org.molgenis.security.MolgenisChangePasswordFilterTest" time="0"/>
  <testcase name="testDoFilterNoChangePassword" classname="org.molgenis.security.MolgenisChangePasswordFilterTest" time="0.001"/>
  <testcase name="activateUser" classname="org.molgenis.security.account.AccountServiceImplTest" time="0.001"/>
  <testcase name="activateUser_alreadyActivated" classname="org.molgenis.security.account.AccountServiceImplTest" time="0.001"/>
  <testcase name="activateUser_invalidActivationCode" classname="org.molgenis.security.account.AccountServiceImplTest" time="0.001"/>
  <testcase name="changePassword" classname="org.molgenis.security.account.AccountServiceImplTest" time="0.011"/>
  <testcase name="createUser" classname="org.molgenis.security.account.AccountServiceImplTest" time="0.002"/>
  <testcase name="resetPassword" classname="org.molgenis.security.account.AccountServiceImplTest" time="0"/>
  <testcase name="resetPassword_invalidEmailAddress" classname="org.molgenis.security.account.AccountServiceImplTest" time="0"/>
  <testcase name="activateUser" classname="org.molgenis.security.account.AccountControllerTest" time="0.106"/>
  <testcase name="activateUserMolgenisUserException" classname="org.molgenis.security.account.AccountControllerTest" time="0.005"/>
  <testcase name="getLoginForm" classname="org.molgenis.security.account.AccountControllerTest" time="0.004"/>
  <testcase name="getPasswordResetForm" classname="org.molgenis.security.account.AccountControllerTest" time="0.001"/>
  <testcase name="getRegisterForm" classname="org.molgenis.security.account.AccountControllerTest" time="0.007"/>
  <testcase name="registerUser_activationModeAdmin" classname="org.molgenis.security.account.AccountControllerTest" time="0.198"/>
  <testcase name="registerUser_activationModeUser" classname="org.molgenis.security.account.AccountControllerTest" time="0.027"/>
  <testcase name="registerUser_activationModeUserProxy" classname="org.molgenis.security.account.AccountControllerTest" time="0.021"/>
  <testcase name="registerUser_activationModeUserProxyWithScheme" classname="org.molgenis.security.account.AccountControllerTest" time="0.019"/>
  <testcase name="registerUser_invalidCaptcha" classname="org.molgenis.security.account.AccountControllerTest" time="0.017"/>
  <testcase name="registerUser_invalidUserField" classname="org.molgenis.security.account.AccountControllerTest" time="0.042"/>
  <testcase name="registerUser_passwordNotEqualsConfirmPassword" classname="org.molgenis.security.account.AccountControllerTest" time="0.016"/>
  <testcase name="resetPassword" classname="org.molgenis.security.account.AccountControllerTest" time="0.007"/>
  <testcase name="getCaptcha" classname="org.molgenis.security.captcha.CaptchaControllerTest" time="0.017"/>
  <testcase name="validateCaptchaFromForm_invalid" classname="org.molgenis.security.captcha.CaptchaControllerTest" time="0.01"/>
  <testcase name="validateCaptchaFromForm_valid" classname="org.molgenis.security.captcha.CaptchaControllerTest" time="0.006"/>
  <testcase name="validateCaptcha_invalid" classname="org.molgenis.security.captcha.CaptchaControllerTest" time="0.012"/>
  <testcase name="validateCaptcha_valid" classname="org.molgenis.security.captcha.CaptchaControllerTest" time="0.005"/>
  <testcase name="createCaptcha" classname="org.molgenis.security.captcha.CaptchaServiceTest" time="0.125"/>
  <testcase name="validateCaptcha" classname="org.molgenis.security.captcha.CaptchaServiceTest" time="0.002"/>
  <testcase name="validateCaptcha_noCaptcha" classname="org.molgenis.security.captcha.CaptchaServiceTest" time="0.001"/>
  <testcase name="testOnInvalidSessionDetected" classname="org.molgenis.security.AjaxAwareInvalidSessionStrategyTest" time="0.001"/>
  <testcase name="testOnInvalidSessionDetectedXmlHttpRequest" classname="org.molgenis.security.AjaxAwareInvalidSessionStrategyTest" time="0"/>
  <testcase name="getLoginErrorPage" classname="org.molgenis.security.login.MolgenisLoginControllerTest" time="0.004"/>
  <testcase name="getLoginErrorPageSessionExpired" classname="org.molgenis.security.login.MolgenisLoginControllerTest" time="0.002"/>
  <testcase name="getLoginPage" classname="org.molgenis.security.login.MolgenisLoginControllerTest" time="0.001"/>
  <testcase name="testCreateGroup" classname="org.molgenis.security.group.GroupRestControllerTest" time="0.019"/>
</testsuite>