<?xml version="1.0" encoding="UTF-8"?>
<!-- Generated by org.testng.reporters.JUnitReportReporter -->
<testsuite hostname="spirals-vortex.lille.inria.fr" name="org.molgenis.beacon.service.BeaconInfoServiceTest" tests="2" failures="0" timestamp="30 May 2018 12:47:26 GMT" time="0.347" errors="0">
  <testcase name="infoTest" time="0.198" classname="org.molgenis.beacon.service.BeaconInfoServiceTest"/>
  <testcase name="getAvailableBeaconsTest" time="0.149" classname="org.molgenis.beacon.service.BeaconInfoServiceTest"/>
</testsuite> <!-- org.molgenis.beacon.service.BeaconInfoServiceTest -->
