<?xml version="1.0" encoding="UTF-8"?>
<!-- Generated by org.testng.reporters.JUnitReportReporter -->
<testsuite hostname="spirals-vortex.lille.inria.fr" name="org.molgenis.beacon.controller.BeaconControllerTest" tests="4" failures="0" timestamp="30 May 2018 12:47:26 GMT" time="2.439" errors="0">
  <testcase name="getAllBeaconsTest" time="0.229" classname="org.molgenis.beacon.controller.BeaconControllerTest"/>
  <testcase name="getQueryTest" time="0.075" classname="org.molgenis.beacon.controller.BeaconControllerTest"/>
  <testcase name="testPostQuery" time="0.057" classname="org.molgenis.beacon.controller.BeaconControllerTest"/>
  <testcase name="infoTest" time="2.078" classname="org.molgenis.beacon.controller.BeaconControllerTest"/>
</testsuite> <!-- org.molgenis.beacon.controller.BeaconControllerTest -->
