<?xml version="1.0" encoding="UTF-8"?>
<!-- Generated by org.testng.reporters.JUnitReportReporter -->
<testsuite hostname="spirals-vortex.lille.inria.fr" name="org.molgenis.beacon.service.BeaconQueryServiceTest" tests="4" failures="0" timestamp="30 May 2018 13:32:52 GMT" time="0.438" errors="0">
  <testcase name="getQueryExistsTest" time="0.009" classname="org.molgenis.beacon.service.BeaconQueryServiceTest"/>
  <testcase name="queryNotExistsTest" time="0.004" classname="org.molgenis.beacon.service.BeaconQueryServiceTest"/>
  <testcase name="queryErrorTest" time="0.418" classname="org.molgenis.beacon.service.BeaconQueryServiceTest"/>
  <testcase name="postQueryExistsTest" time="0.007" classname="org.molgenis.beacon.service.BeaconQueryServiceTest"/>
</testsuite> <!-- org.molgenis.beacon.service.BeaconQueryServiceTest -->
