<?xml version="1.0" encoding="UTF-8"?>
<!-- Generated by org.testng.reporters.JUnitReportReporter -->
<testsuite hostname="spirals-vortex.lille.inria.fr" name="org.molgenis.beacon.service.BeaconQueryServiceTest" tests="4" failures="0" timestamp="1 Jun 2018 11:20:10 GMT" time="0.389" errors="0">
  <testcase name="queryNotExistsTest" time="0.369" classname="org.molgenis.beacon.service.BeaconQueryServiceTest"/>
  <testcase name="postQueryExistsTest" time="0.004" classname="org.molgenis.beacon.service.BeaconQueryServiceTest"/>
  <testcase name="getQueryExistsTest" time="0.006" classname="org.molgenis.beacon.service.BeaconQueryServiceTest"/>
  <testcase name="queryErrorTest" time="0.010" classname="org.molgenis.beacon.service.BeaconQueryServiceTest"/>
</testsuite> <!-- org.molgenis.beacon.service.BeaconQueryServiceTest -->
