<?xml version="1.0" encoding="UTF-8"?>
<!-- Generated by org.testng.reporters.JUnitReportReporter -->
<testsuite hostname="spirals-vortex.lille.inria.fr" name="org.molgenis.beacon.controller.BeaconControllerTest" tests="4" failures="0" timestamp="30 May 2018 13:32:52 GMT" time="1.387" errors="0">
  <testcase name="getQueryTest" time="0.072" classname="org.molgenis.beacon.controller.BeaconControllerTest"/>
  <testcase name="getAllBeaconsTest" time="1.228" classname="org.molgenis.beacon.controller.BeaconControllerTest"/>
  <testcase name="infoTest" time="0.037" classname="org.molgenis.beacon.controller.BeaconControllerTest"/>
  <testcase name="testPostQuery" time="0.050" classname="org.molgenis.beacon.controller.BeaconControllerTest"/>
</testsuite> <!-- org.molgenis.beacon.controller.BeaconControllerTest -->
