<?xml version="1.0" encoding="UTF-8"?>
<!-- Generated by org.testng.reporters.JUnitReportReporter -->
<testsuite hostname="spirals-vortex.lille.inria.fr" name="org.molgenis.beacon.service.BeaconInfoServiceTest" tests="2" failures="0" timestamp="30 May 2018 13:32:52 GMT" time="1.129" errors="0">
  <testcase name="infoTest" time="0.001" classname="org.molgenis.beacon.service.BeaconInfoServiceTest"/>
  <testcase name="getAvailableBeaconsTest" time="1.128" classname="org.molgenis.beacon.service.BeaconInfoServiceTest"/>
</testsuite> <!-- org.molgenis.beacon.service.BeaconInfoServiceTest -->
