<?xml version="1.0" encoding="UTF-8"?>
<!-- Generated by org.testng.reporters.JUnitReportReporter -->
<testsuite hostname="spirals-vortex.lille.inria.fr" name="org.molgenis.beacon.service.BeaconInfoServiceTest" tests="2" failures="0" timestamp="1 Jun 2018 11:20:10 GMT" time="0.346" errors="0">
  <testcase name="infoTest" time="0.214" classname="org.molgenis.beacon.service.BeaconInfoServiceTest"/>
  <testcase name="getAvailableBeaconsTest" time="0.132" classname="org.molgenis.beacon.service.BeaconInfoServiceTest"/>
</testsuite> <!-- org.molgenis.beacon.service.BeaconInfoServiceTest -->
