<?xml version="1.0" encoding="UTF-8"?>
<testsuite xmlns:xsi="http://www.w3.org/2001/XMLSchema-instance" xsi:noNamespaceSchemaLocation="https://maven.apache.org/surefire/maven-surefire-plugin/xsd/surefire-test-report.xsd" name="org.hibernate.search.test.serialization.SerializationTest" time="0.021" tests="1" errors="0" skipped="0" failures="0">
  <properties>
    <property name="awt.toolkit" value="sun.awt.X11.XToolkit"/>
    <property name="file.encoding.pkg" value="sun.io"/>
    <property name="java.specification.version" value="1.8"/>
    <property name="sun.cpu.isalist" value=""/>
    <property name="sun.jnu.encoding" value="UTF-8"/>
    <property name="java.class.path" value="/root/workspace/yrodiere/hibernate-search/386544315/legacy/serialization/avro/target/test-classes:/root/workspace/yrodiere/hibernate-search/386544315/legacy/serialization/avro/target/classes:/root/workspace/yrodiere/hibernate-search/386544315/legacy/engine/target/classes:/root/./workspace/yrodiere/hibernate-search/386544315/.m2/org/hibernate/common/hibernate-commons-annotations/5.0.3.Final/hibernate-commons-annotations-5.0.3.Final.jar:/root/./workspace/yrodiere/hibernate-search/386544315/.m2/org/apache/lucene/lucene-core/5.5.5/lucene-core-5.5.5.jar:/root/./workspace/yrodiere/hibernate-search/386544315/.m2/org/apache/lucene/lucene-misc/5.5.5/lucene-misc-5.5.5.jar:/root/./workspace/yrodiere/hibernate-search/386544315/.m2/org/apache/lucene/lucene-analyzers-common/5.5.5/lucene-analyzers-common-5.5.5.jar:/root/./workspace/yrodiere/hibernate-search/386544315/.m2/org/apache/lucene/lucene-facet/5.5.5/lucene-facet-5.5.5.jar:/root/./workspace/yrodiere/hibernate-search/386544315/.m2/org/apache/lucene/lucene-queries/5.5.5/lucene-queries-5.5.5.jar:/root/./workspace/yrodiere/hibernate-search/386544315/.m2/org/apache/lucene/lucene-queryparser/5.5.5/lucene-queryparser-5.5.5.jar:/root/./workspace/yrodiere/hibernate-search/386544315/.m2/org/apache/avro/avro/1.7.6/avro-1.7.6.jar:/root/./workspace/yrodiere/hibernate-search/386544315/.m2/org/codehaus/jackson/jackson-core-asl/1.9.13/jackson-core-asl-1.9.13.jar:/root/./workspace/yrodiere/hibernate-search/386544315/.m2/org/codehaus/jackson/jackson-mapper-asl/1.9.13/jackson-mapper-asl-1.9.13.jar:/root/./workspace/yrodiere/hibernate-search/386544315/.m2/com/thoughtworks/paranamer/paranamer/2.3/paranamer-2.3.jar:/root/./workspace/yrodiere/hibernate-search/386544315/.m2/org/apache/commons/commons-compress/1.5/commons-compress-1.5.jar:/root/./workspace/yrodiere/hibernate-search/386544315/.m2/org/slf4j/slf4j-api/1.7.25/slf4j-api-1.7.25.jar:/root/./workspace/yrodiere/hibernate-search/386544315/.m2/org/jboss/logging/jboss-logging/3.3.2.Final/jboss-logging-3.3.2.Final.jar:/root/./workspace/yrodiere/hibernate-search/386544315/.m2/org/jboss/logging/jboss-logging-annotations/2.1.0.Final/jboss-logging-annotations-2.1.0.Final.jar:/root/./workspace/yrodiere/hibernate-search/386544315/.m2/org/jboss/spec/javax/transaction/jboss-transaction-api_1.2_spec/1.1.1.Final/jboss-transaction-api_1.2_spec-1.1.1.Final.jar:/root/./workspace/yrodiere/hibernate-search/386544315/.m2/junit/junit/4.12/junit-4.12.jar:/root/./workspace/yrodiere/hibernate-search/386544315/.m2/org/hamcrest/hamcrest-core/1.3/hamcrest-core-1.3.jar:/root/./workspace/yrodiere/hibernate-search/386544315/.m2/org/assertj/assertj-core/3.9.1/assertj-core-3.9.1.jar:/root/./workspace/yrodiere/hibernate-search/386544315/.m2/org/hibernate/hibernate-testing/5.3.1.Final/hibernate-testing-5.3.1.Final.jar:/root/./workspace/yrodiere/hibernate-search/386544315/.m2/org/hibernate/hibernate-core/5.3.1.Final/hibernate-core-5.3.1.Final.jar:/root/./workspace/yrodiere/hibernate-search/386544315/.m2/javax/persistence/javax.persistence-api/2.2/javax.persistence-api-2.2.jar:/root/./workspace/yrodiere/hibernate-search/386544315/.m2/org/javassist/javassist/3.22.0-GA/javassist-3.22.0-GA.jar:/root/./workspace/yrodiere/hibernate-search/386544315/.m2/net/bytebuddy/byte-buddy/1.8.12/byte-buddy-1.8.12.jar:/root/./workspace/yrodiere/hibernate-search/386544315/.m2/antlr/antlr/2.7.7/antlr-2.7.7.jar:/root/./workspace/yrodiere/hibernate-search/386544315/.m2/org/jboss/jandex/2.0.3.Final/jandex-2.0.3.Final.jar:/root/./workspace/yrodiere/hibernate-search/386544315/.m2/com/fasterxml/classmate/1.3.4/classmate-1.3.4.jar:/root/./workspace/yrodiere/hibernate-search/386544315/.m2/dom4j/dom4j/1.6.1/dom4j-1.6.1.jar:/root/./workspace/yrodiere/hibernate-search/386544315/.m2/org/jboss/byteman/byteman/4.0.2/byteman-4.0.2.jar:/root/./workspace/yrodiere/hibernate-search/386544315/.m2/org/jboss/byteman/byteman-install/4.0.2/byteman-install-4.0.2.jar:/root/./workspace/yrodiere/hibernate-search/386544315/.m2/org/jboss/byteman/byteman-bmunit/4.0.2/byteman-bmunit-4.0.2.jar:/root/./workspace/yrodiere/hibernate-search/386544315/.m2/org/jboss/byteman/byteman-submit/4.0.2/byteman-submit-4.0.2.jar:/usr/lib/jvm/java-8-openjdk-amd64/jre/../lib/tools.jar:/root/./workspace/yrodiere/hibernate-search/386544315/.m2/log4j/log4j/1.2.16/log4j-1.2.16.jar:/root/./workspace/yrodiere/hibernate-search/386544315/.m2/com/h2database/h2/1.4.178/h2-1.4.178.jar:/root/workspace/yrodiere/hibernate-search/386544315/legacy/engine/target/test-classes:/usr/lib/jvm/java-8-openjdk-amd64/jre/../lib/tools.jar:"/>
    <property name="java.vm.vendor" value="Oracle Corporation"/>
    <property name="skip.bower" value="true"/>
    <property name="sun.arch.data.model" value="64"/>
    <property name="java.vendor.url" value="http://java.oracle.com/"/>
    <property name="user.timezone" value=""/>
    <property name="os.name" value="Linux"/>
    <property name="java.vm.specification.version" value="1.8"/>
    <property name="rat.skip" value="true"/>
    <property name="gpg.skip" value="true"/>
    <property name="sun.java.launcher" value="SUN_STANDARD"/>
    <property name="sun.boot.library.path" value="/usr/lib/jvm/java-8-openjdk-amd64/jre/lib/amd64"/>
    <property name="skip.gulp" value="true"/>
    <property name="dependency-check.skip" value="true"/>
    <property name="sun.java.command" value="/root/workspace/yrodiere/hibernate-search/386544315/legacy/serialization/avro/target/surefire/surefirebooter2396392064748514815.jar /root/workspace/yrodiere/hibernate-search/386544315/legacy/serialization/avro/target/surefire 2018-06-01T10-39-23_721-jvmRun1 surefire3182859088187323512tmp surefire_11508529253374463390tmp"/>
    <property name="com.sun.management.jmxremote" value="true"/>
    <property name="surefire.test.class.path" value="/root/workspace/yrodiere/hibernate-search/386544315/legacy/serialization/avro/target/test-classes:/root/workspace/yrodiere/hibernate-search/386544315/legacy/serialization/avro/target/classes:/root/workspace/yrodiere/hibernate-search/386544315/legacy/engine/target/classes:/root/./workspace/yrodiere/hibernate-search/386544315/.m2/org/hibernate/common/hibernate-commons-annotations/5.0.3.Final/hibernate-commons-annotations-5.0.3.Final.jar:/root/./workspace/yrodiere/hibernate-search/386544315/.m2/org/apache/lucene/lucene-core/5.5.5/lucene-core-5.5.5.jar:/root/./workspace/yrodiere/hibernate-search/386544315/.m2/org/apache/lucene/lucene-misc/5.5.5/lucene-misc-5.5.5.jar:/root/./workspace/yrodiere/hibernate-search/386544315/.m2/org/apache/lucene/lucene-analyzers-common/5.5.5/lucene-analyzers-common-5.5.5.jar:/root/./workspace/yrodiere/hibernate-search/386544315/.m2/org/apache/lucene/lucene-facet/5.5.5/lucene-facet-5.5.5.jar:/root/./workspace/yrodiere/hibernate-search/386544315/.m2/org/apache/lucene/lucene-queries/5.5.5/lucene-queries-5.5.5.jar:/root/./workspace/yrodiere/hibernate-search/386544315/.m2/org/apache/lucene/lucene-queryparser/5.5.5/lucene-queryparser-5.5.5.jar:/root/./workspace/yrodiere/hibernate-search/386544315/.m2/org/apache/avro/avro/1.7.6/avro-1.7.6.jar:/root/./workspace/yrodiere/hibernate-search/386544315/.m2/org/codehaus/jackson/jackson-core-asl/1.9.13/jackson-core-asl-1.9.13.jar:/root/./workspace/yrodiere/hibernate-search/386544315/.m2/org/codehaus/jackson/jackson-mapper-asl/1.9.13/jackson-mapper-asl-1.9.13.jar:/root/./workspace/yrodiere/hibernate-search/386544315/.m2/com/thoughtworks/paranamer/paranamer/2.3/paranamer-2.3.jar:/root/./workspace/yrodiere/hibernate-search/386544315/.m2/org/apache/commons/commons-compress/1.5/commons-compress-1.5.jar:/root/./workspace/yrodiere/hibernate-search/386544315/.m2/org/slf4j/slf4j-api/1.7.25/slf4j-api-1.7.25.jar:/root/./workspace/yrodiere/hibernate-search/386544315/.m2/org/jboss/logging/jboss-logging/3.3.2.Final/jboss-logging-3.3.2.Final.jar:/root/./workspace/yrodiere/hibernate-search/386544315/.m2/org/jboss/logging/jboss-logging-annotations/2.1.0.Final/jboss-logging-annotations-2.1.0.Final.jar:/root/./workspace/yrodiere/hibernate-search/386544315/.m2/org/jboss/spec/javax/transaction/jboss-transaction-api_1.2_spec/1.1.1.Final/jboss-transaction-api_1.2_spec-1.1.1.Final.jar:/root/./workspace/yrodiere/hibernate-search/386544315/.m2/junit/junit/4.12/junit-4.12.jar:/root/./workspace/yrodiere/hibernate-search/386544315/.m2/org/hamcrest/hamcrest-core/1.3/hamcrest-core-1.3.jar:/root/./workspace/yrodiere/hibernate-search/386544315/.m2/org/assertj/assertj-core/3.9.1/assertj-core-3.9.1.jar:/root/./workspace/yrodiere/hibernate-search/386544315/.m2/org/hibernate/hibernate-testing/5.3.1.Final/hibernate-testing-5.3.1.Final.jar:/root/./workspace/yrodiere/hibernate-search/386544315/.m2/org/hibernate/hibernate-core/5.3.1.Final/hibernate-core-5.3.1.Final.jar:/root/./workspace/yrodiere/hibernate-search/386544315/.m2/javax/persistence/javax.persistence-api/2.2/javax.persistence-api-2.2.jar:/root/./workspace/yrodiere/hibernate-search/386544315/.m2/org/javassist/javassist/3.22.0-GA/javassist-3.22.0-GA.jar:/root/./workspace/yrodiere/hibernate-search/386544315/.m2/net/bytebuddy/byte-buddy/1.8.12/byte-buddy-1.8.12.jar:/root/./workspace/yrodiere/hibernate-search/386544315/.m2/antlr/antlr/2.7.7/antlr-2.7.7.jar:/root/./workspace/yrodiere/hibernate-search/386544315/.m2/org/jboss/jandex/2.0.3.Final/jandex-2.0.3.Final.jar:/root/./workspace/yrodiere/hibernate-search/386544315/.m2/com/fasterxml/classmate/1.3.4/classmate-1.3.4.jar:/root/./workspace/yrodiere/hibernate-search/386544315/.m2/dom4j/dom4j/1.6.1/dom4j-1.6.1.jar:/root/./workspace/yrodiere/hibernate-search/386544315/.m2/org/jboss/byteman/byteman/4.0.2/byteman-4.0.2.jar:/root/./workspace/yrodiere/hibernate-search/386544315/.m2/org/jboss/byteman/byteman-install/4.0.2/byteman-install-4.0.2.jar:/root/./workspace/yrodiere/hibernate-search/386544315/.m2/org/jboss/byteman/byteman-bmunit/4.0.2/byteman-bmunit-4.0.2.jar:/root/./workspace/yrodiere/hibernate-search/386544315/.m2/org/jboss/byteman/byteman-submit/4.0.2/byteman-submit-4.0.2.jar:/usr/lib/jvm/java-8-openjdk-amd64/jre/../lib/tools.jar:/root/./workspace/yrodiere/hibernate-search/386544315/.m2/log4j/log4j/1.2.16/log4j-1.2.16.jar:/root/./workspace/yrodiere/hibernate-search/386544315/.m2/com/h2database/h2/1.4.178/h2-1.4.178.jar:/root/workspace/yrodiere/hibernate-search/386544315/legacy/engine/target/test-classes:/usr/lib/jvm/java-8-openjdk-amd64/jre/../lib/tools.jar:"/>
    <property name="sun.cpu.endian" value="little"/>
    <property name="user.home" value="/root"/>
    <property name="user.language" value="en"/>
    <property name="java.specification.vendor" value="Oracle Corporation"/>
    <property name="java.home" value="/usr/lib/jvm/java-8-openjdk-amd64/jre"/>
    <property name="file.separator" value="/"/>
    <property name="basedir" value="/root/workspace/yrodiere/hibernate-search/386544315/legacy/serialization/avro"/>
    <property name="checkstyle.skip" value="true"/>
    <property name="line.separator" value="&#10;"/>
    <property name="skip.npm" value="true"/>
    <property name="java.vm.specification.vendor" value="Oracle Corporation"/>
    <property name="java.specification.name" value="Java Platform API Specification"/>
    <property name="java.awt.graphicsenv" value="sun.awt.X11GraphicsEnvironment"/>
    <property name="skipITs" value="true"/>
    <property name="hibernate.service.allow_crawling" value="false"/>
    <property name="org.hibernate.search.fail_on_unreleased_service" value="true"/>
    <property name="surefire.real.class.path" value="/root/workspace/yrodiere/hibernate-search/386544315/legacy/serialization/avro/target/surefire/surefirebooter2396392064748514815.jar"/>
    <property name="cobertura.skip" value="true"/>
    <property name="sun.boot.class.path" value="/usr/lib/jvm/java-8-openjdk-amd64/jre/lib/resources.jar:/usr/lib/jvm/java-8-openjdk-amd64/jre/lib/rt.jar:/usr/lib/jvm/java-8-openjdk-amd64/jre/lib/sunrsasign.jar:/usr/lib/jvm/java-8-openjdk-amd64/jre/lib/jsse.jar:/usr/lib/jvm/java-8-openjdk-amd64/jre/lib/jce.jar:/usr/lib/jvm/java-8-openjdk-amd64/jre/lib/charsets.jar:/usr/lib/jvm/java-8-openjdk-amd64/jre/lib/jfr.jar:/usr/lib/jvm/java-8-openjdk-amd64/jre/classes"/>
    <property name="sun.management.compiler" value="HotSpot 64-Bit Tiered Compilers"/>
    <property name="java.runtime.version" value="1.8.0_121-8u121-b13-1~bpo8+1-b13"/>
    <property name="user.name" value="root"/>
    <property name="findbugs.skip" value="true"/>
    <property name="path.separator" value=":"/>
    <property name="os.version" value="3.10.0-862.2.3.el7.x86_64"/>
    <property name="org.hibernate.search.enable_performance_tests" value=""/>
    <property name="java.endorsed.dirs" value="/usr/lib/jvm/java-8-openjdk-amd64/jre/lib/endorsed"/>
    <property name="java.runtime.name" value="OpenJDK Runtime Environment"/>
    <property name="file.encoding" value="UTF-8"/>
    <property name="java.vm.name" value="OpenJDK 64-Bit Server VM"/>
    <property name="localRepository" value="/root/./workspace/yrodiere/hibernate-search/386544315/.m2"/>
    <property name="java.vendor.url.bug" value="http://bugreport.sun.com/bugreport/"/>
    <property name="java.io.tmpdir" value="/tmp"/>
    <property name="java.version" value="1.8.0_121"/>
    <property name="user.dir" value="/root/workspace/yrodiere/hibernate-search/386544315/legacy/serialization/avro"/>
    <property name="hibernate.bytecode.provider" value="bytebuddy"/>
    <property name="os.arch" value="amd64"/>
    <property name="license.skip" value="true"/>
    <property name="java.vm.specification.name" value="Java Virtual Machine Specification"/>
    <property name="java.awt.printerjob" value="sun.print.PSPrinterJob"/>
    <property name="sun.os.patch.level" value="unknown"/>
    <property name="java.library.path" value="/usr/java/packages/lib/amd64:/usr/lib/x86_64-linux-gnu/jni:/lib/x86_64-linux-gnu:/usr/lib/x86_64-linux-gnu:/usr/lib/jni:/lib:/usr/lib"/>
    <property name="java.vendor" value="Oracle Corporation"/>
    <property name="java.vm.info" value="mixed mode"/>
    <property name="java.vm.version" value="25.121-b13"/>
    <property name="sun.io.unicode.encoding" value="UnicodeLittle"/>
    <property name="java.ext.dirs" value="/usr/lib/jvm/java-8-openjdk-amd64/jre/lib/ext:/usr/java/packages/lib/ext"/>
    <property name="maven.repo.local" value="/root/./workspace/yrodiere/hibernate-search/386544315/.m2"/>
    <property name="enforcer.skip" value="true"/>
    <property name="java.class.version" value="52.0"/>
  </properties>
  <testcase name="testWorkSerialization" classname="org.hibernate.search.test.serialization.SerializationTest" time="0.021"/>
</testsuite>