<?xml version="1.0" encoding="UTF-8"?>
<testsuite xmlns:xsi="http://www.w3.org/2001/XMLSchema-instance" xsi:noNamespaceSchemaLocation="https://maven.apache.org/surefire/maven-surefire-plugin/xsd/surefire-test-report.xsd" name="org.spf4j.concurrent.UIDGeneratorTest" time="0.189" tests="1" errors="0" skipped="0" failures="0">
  <properties>
    <property name="awt.toolkit" value="sun.awt.X11.XToolkit"/>
    <property name="java.specification.version" value="1.8"/>
    <property name="file.encoding.pkg" value="sun.io"/>
    <property name="sun.cpu.isalist" value=""/>
    <property name="sun.jnu.encoding" value="UTF-8"/>
    <property name="java.class.path" value="/root/workspace/zolyfarkas/spf4j/384914256/spf4j-core/target/test-classes:/root/workspace/zolyfarkas/spf4j/384914256/spf4j-core/target/classes:/root/workspace/zolyfarkas/spf4j/384914256/spf4j-slf4j-test/target/classes:/root/./workspace/zolyfarkas/spf4j/384914256/.m2/junit/junit/4.12/junit-4.12.jar:/root/./workspace/zolyfarkas/spf4j/384914256/.m2/org/hamcrest/hamcrest-core/1.3/hamcrest-core-1.3.jar:/root/./workspace/zolyfarkas/spf4j/384914256/.m2/net/java/dev/jna/jna-platform/4.5.0/jna-platform-4.5.0.jar:/root/./workspace/zolyfarkas/spf4j/384914256/.m2/net/java/dev/jna/jna/4.5.0/jna-4.5.0.jar:/root/./workspace/zolyfarkas/spf4j/384914256/.m2/args4j/args4j/2.33/args4j-2.33.jar:/root/./workspace/zolyfarkas/spf4j/384914256/.m2/com/google/guava/guava/23.3-jre/guava-23.3-jre.jar:/root/./workspace/zolyfarkas/spf4j/384914256/.m2/com/google/errorprone/error_prone_annotations/2.0.18/error_prone_annotations-2.0.18.jar:/root/./workspace/zolyfarkas/spf4j/384914256/.m2/com/google/j2objc/j2objc-annotations/1.1/j2objc-annotations-1.1.jar:/root/./workspace/zolyfarkas/spf4j/384914256/.m2/org/codehaus/mojo/animal-sniffer-annotations/1.14/animal-sniffer-annotations-1.14.jar:/root/./workspace/zolyfarkas/spf4j/384914256/.m2/org/slf4j/slf4j-api/1.7.25/slf4j-api-1.7.25.jar:/root/./workspace/zolyfarkas/spf4j/384914256/.m2/com/google/code/findbugs/findbugs-annotations/3.0.1/findbugs-annotations-3.0.1.jar:/root/./workspace/zolyfarkas/spf4j/384914256/.m2/com/google/code/findbugs/jsr305/3.0.2/jsr305-3.0.2.jar:/root/./workspace/zolyfarkas/spf4j/384914256/.m2/net/sf/trove4j/trove4j/3.0.3/trove4j-3.0.3.jar:/root/./workspace/zolyfarkas/spf4j/384914256/.m2/com/netflix/servo/servo-core/0.4.32/servo-core-0.4.32.jar:/root/./workspace/zolyfarkas/spf4j/384914256/.m2/com/google/code/findbugs/annotations/2.0.0/annotations-2.0.0.jar:/root/./workspace/zolyfarkas/spf4j/384914256/.m2/org/apache/avro/avro/1.8.1/avro-1.8.1.jar:/root/./workspace/zolyfarkas/spf4j/384914256/.m2/org/codehaus/jackson/jackson-core-asl/1.9.13/jackson-core-asl-1.9.13.jar:/root/./workspace/zolyfarkas/spf4j/384914256/.m2/org/codehaus/jackson/jackson-mapper-asl/1.9.13/jackson-mapper-asl-1.9.13.jar:/root/./workspace/zolyfarkas/spf4j/384914256/.m2/org/tukaani/xz/1.5/xz-1.5.jar:/root/./workspace/zolyfarkas/spf4j/384914256/.m2/com/h2database/h2/1.4.196/h2-1.4.196.jar:/root/./workspace/zolyfarkas/spf4j/384914256/.m2/org/hamcrest/hamcrest-library/1.3/hamcrest-library-1.3.jar:"/>
    <property name="com.sun.management.jmxremote.authenticate" value="false"/>
    <property name="java.vm.vendor" value="Oracle Corporation"/>
    <property name="skip.bower" value="true"/>
    <property name="sun.arch.data.model" value="64"/>
    <property name="java.vendor.url" value="http://java.oracle.com/"/>
    <property name="user.timezone" value=""/>
    <property name="is.release" value=""/>
    <property name="os.name" value="Linux"/>
    <property name="java.vm.specification.version" value="1.8"/>
    <property name="rat.skip" value="true"/>
    <property name="gpg.skip" value="true"/>
    <property name="sun.java.launcher" value="SUN_STANDARD"/>
    <property name="sun.boot.library.path" value="/usr/lib/jvm/java-8-openjdk-amd64/jre/lib/amd64"/>
    <property name="com.sun.management.jmxremote.ssl" value="false"/>
    <property name="skip.gulp" value="true"/>
    <property name="dependency-check.skip" value="true"/>
    <property name="sun.java.command" value="/root/workspace/zolyfarkas/spf4j/384914256/spf4j-core/target/surefire/surefirebooter1570105144774554518.jar /root/workspace/zolyfarkas/spf4j/384914256/spf4j-core/target/surefire 2018-05-28T23-41-27_111-jvmRun1 surefire4668396824900684068tmp surefire_728532128431332238734tmp"/>
    <property name="com.sun.management.jmxremote" value=""/>
    <property name="surefire.test.class.path" value="/root/workspace/zolyfarkas/spf4j/384914256/spf4j-core/target/test-classes:/root/workspace/zolyfarkas/spf4j/384914256/spf4j-core/target/classes:/root/workspace/zolyfarkas/spf4j/384914256/spf4j-slf4j-test/target/classes:/root/./workspace/zolyfarkas/spf4j/384914256/.m2/junit/junit/4.12/junit-4.12.jar:/root/./workspace/zolyfarkas/spf4j/384914256/.m2/org/hamcrest/hamcrest-core/1.3/hamcrest-core-1.3.jar:/root/./workspace/zolyfarkas/spf4j/384914256/.m2/net/java/dev/jna/jna-platform/4.5.0/jna-platform-4.5.0.jar:/root/./workspace/zolyfarkas/spf4j/384914256/.m2/net/java/dev/jna/jna/4.5.0/jna-4.5.0.jar:/root/./workspace/zolyfarkas/spf4j/384914256/.m2/args4j/args4j/2.33/args4j-2.33.jar:/root/./workspace/zolyfarkas/spf4j/384914256/.m2/com/google/guava/guava/23.3-jre/guava-23.3-jre.jar:/root/./workspace/zolyfarkas/spf4j/384914256/.m2/com/google/errorprone/error_prone_annotations/2.0.18/error_prone_annotations-2.0.18.jar:/root/./workspace/zolyfarkas/spf4j/384914256/.m2/com/google/j2objc/j2objc-annotations/1.1/j2objc-annotations-1.1.jar:/root/./workspace/zolyfarkas/spf4j/384914256/.m2/org/codehaus/mojo/animal-sniffer-annotations/1.14/animal-sniffer-annotations-1.14.jar:/root/./workspace/zolyfarkas/spf4j/384914256/.m2/org/slf4j/slf4j-api/1.7.25/slf4j-api-1.7.25.jar:/root/./workspace/zolyfarkas/spf4j/384914256/.m2/com/google/code/findbugs/findbugs-annotations/3.0.1/findbugs-annotations-3.0.1.jar:/root/./workspace/zolyfarkas/spf4j/384914256/.m2/com/google/code/findbugs/jsr305/3.0.2/jsr305-3.0.2.jar:/root/./workspace/zolyfarkas/spf4j/384914256/.m2/net/sf/trove4j/trove4j/3.0.3/trove4j-3.0.3.jar:/root/./workspace/zolyfarkas/spf4j/384914256/.m2/com/netflix/servo/servo-core/0.4.32/servo-core-0.4.32.jar:/root/./workspace/zolyfarkas/spf4j/384914256/.m2/com/google/code/findbugs/annotations/2.0.0/annotations-2.0.0.jar:/root/./workspace/zolyfarkas/spf4j/384914256/.m2/org/apache/avro/avro/1.8.1/avro-1.8.1.jar:/root/./workspace/zolyfarkas/spf4j/384914256/.m2/org/codehaus/jackson/jackson-core-asl/1.9.13/jackson-core-asl-1.9.13.jar:/root/./workspace/zolyfarkas/spf4j/384914256/.m2/org/codehaus/jackson/jackson-mapper-asl/1.9.13/jackson-mapper-asl-1.9.13.jar:/root/./workspace/zolyfarkas/spf4j/384914256/.m2/org/tukaani/xz/1.5/xz-1.5.jar:/root/./workspace/zolyfarkas/spf4j/384914256/.m2/com/h2database/h2/1.4.196/h2-1.4.196.jar:/root/./workspace/zolyfarkas/spf4j/384914256/.m2/org/hamcrest/hamcrest-library/1.3/hamcrest-library-1.3.jar:"/>
    <property name="sun.cpu.endian" value="little"/>
    <property name="user.home" value="/root"/>
    <property name="user.language" value="en"/>
    <property name="java.specification.vendor" value="Oracle Corporation"/>
    <property name="java.home" value="/usr/lib/jvm/java-8-openjdk-amd64/jre"/>
    <property name="file.separator" value="/"/>
    <property name="basedir" value="/root/workspace/zolyfarkas/spf4j/384914256/spf4j-core"/>
    <property name="checkstyle.skip" value="true"/>
    <property name="line.separator" value="&#10;"/>
    <property name="skip.npm" value="true"/>
    <property name="java.vm.specification.vendor" value="Oracle Corporation"/>
    <property name="java.specification.name" value="Java Platform API Specification"/>
    <property name="java.awt.graphicsenv" value="sun.awt.X11GraphicsEnvironment"/>
    <property name="skipITs" value="true"/>
    <property name="surefire.real.class.path" value="/root/workspace/zolyfarkas/spf4j/384914256/spf4j-core/target/surefire/surefirebooter1570105144774554518.jar:/root/./workspace/zolyfarkas/spf4j/384914256/.m2/org/jacoco/org.jacoco.agent/0.8.0/org.jacoco.agent-0.8.0-runtime.jar"/>
    <property name="cobertura.skip" value="true"/>
    <property name="sun.boot.class.path" value="/usr/lib/jvm/java-8-openjdk-amd64/jre/lib/resources.jar:/usr/lib/jvm/java-8-openjdk-amd64/jre/lib/rt.jar:/usr/lib/jvm/java-8-openjdk-amd64/jre/lib/sunrsasign.jar:/usr/lib/jvm/java-8-openjdk-amd64/jre/lib/jsse.jar:/usr/lib/jvm/java-8-openjdk-amd64/jre/lib/jce.jar:/usr/lib/jvm/java-8-openjdk-amd64/jre/lib/charsets.jar:/usr/lib/jvm/java-8-openjdk-amd64/jre/lib/jfr.jar:/usr/lib/jvm/java-8-openjdk-amd64/jre/classes"/>
    <property name="sun.management.compiler" value="HotSpot 64-Bit Tiered Compilers"/>
    <property name="java.runtime.version" value="1.8.0_121-8u121-b13-1~bpo8+1-b13"/>
    <property name="user.name" value="root"/>
    <property name="findbugs.skip" value="true"/>
    <property name="path.separator" value=":"/>
    <property name="os.version" value="3.10.0-862.2.3.el7.x86_64"/>
    <property name="java.endorsed.dirs" value="/usr/lib/jvm/java-8-openjdk-amd64/jre/lib/endorsed"/>
    <property name="java.runtime.name" value="OpenJDK Runtime Environment"/>
    <property name="file.encoding" value="UTF-8"/>
    <property name="java.vm.name" value="OpenJDK 64-Bit Server VM"/>
    <property name="spf4j.execContentFactoryWrapperClass" value="org.spf4j.stackmonitor.ProfiledExecutionContextFactory"/>
    <property name="localRepository" value="/root/./workspace/zolyfarkas/spf4j/384914256/.m2"/>
    <property name="java.vendor.url.bug" value="http://bugreport.sun.com/bugreport/"/>
    <property name="java.io.tmpdir" value="./target"/>
    <property name="com.sun.management.jmxremote.port" value="9999"/>
    <property name="java.version" value="1.8.0_121"/>
    <property name="user.dir" value="/root/workspace/zolyfarkas/spf4j/384914256/spf4j-core"/>
    <property name="os.arch" value="amd64"/>
    <property name="license.skip" value="true"/>
    <property name="java.vm.specification.name" value="Java Virtual Machine Specification"/>
    <property name="java.awt.printerjob" value="sun.print.PSPrinterJob"/>
    <property name="sun.os.patch.level" value="unknown"/>
    <property name="java.library.path" value="/usr/java/packages/lib/amd64:/usr/lib/x86_64-linux-gnu/jni:/lib/x86_64-linux-gnu:/usr/lib/x86_64-linux-gnu:/usr/lib/jni:/lib:/usr/lib"/>
    <property name="java.vendor" value="Oracle Corporation"/>
    <property name="java.vm.info" value="mixed mode"/>
    <property name="java.vm.version" value="25.121-b13"/>
    <property name="java.rmi.server.randomIDs" value="true"/>
    <property name="sun.io.unicode.encoding" value="UnicodeLittle"/>
    <property name="java.ext.dirs" value="/usr/lib/jvm/java-8-openjdk-amd64/jre/lib/ext:/usr/java/packages/lib/ext"/>
    <property name="maven.repo.local" value="/root/./workspace/zolyfarkas/spf4j/384914256/.m2"/>
    <property name="enforcer.skip" value="true"/>
    <property name="java.class.version" value="52.0"/>
  </properties>
  <testcase name="testSomeMethod" classname="org.spf4j.concurrent.UIDGeneratorTest" time="0.143"/>
</testsuite>