<?xml version="1.0" encoding="UTF-8"?>
<testsuite xmlns:xsi="http://www.w3.org/2001/XMLSchema-instance" xsi:schemaLocation="https://maven.apache.org/surefire/maven-surefire-plugin/xsd/surefire-test-report.xsd" name="org.matsim.core.mobsim.qsim.QSimTest" time="11.018" tests="54" errors="0" skipped="0" failures="0">
  <properties>
    <property name="java.vendor" value="Oracle Corporation"/>
    <property name="sun.java.launcher" value="SUN_STANDARD"/>
    <property name="sun.management.compiler" value="HotSpot 64-Bit Tiered Compilers"/>
    <property name="os.name" value="Linux"/>
    <property name="sun.boot.class.path" value="/usr/lib/jvm/java-8-openjdk-amd64/jre/lib/resources.jar:/usr/lib/jvm/java-8-openjdk-amd64/jre/lib/rt.jar:/usr/lib/jvm/java-8-openjdk-amd64/jre/lib/sunrsasign.jar:/usr/lib/jvm/java-8-openjdk-amd64/jre/lib/jsse.jar:/usr/lib/jvm/java-8-openjdk-amd64/jre/lib/jce.jar:/usr/lib/jvm/java-8-openjdk-amd64/jre/lib/charsets.jar:/usr/lib/jvm/java-8-openjdk-amd64/jre/lib/jfr.jar:/usr/lib/jvm/java-8-openjdk-amd64/jre/classes"/>
    <property name="cobertura.skip" value="true"/>
    <property name="findbugs.skip" value="true"/>
    <property name="java.vm.specification.vendor" value="Oracle Corporation"/>
    <property name="java.runtime.version" value="1.8.0_121-8u121-b13-1~bpo8+1-b13"/>
    <property name="user.name" value="root"/>
    <property name="guice.disable.misplaced.annotation.check" value="true"/>
    <property name="maven.repo.local" value="/root/./workspace/matsim-org/matsim/385025376/.m2"/>
    <property name="user.language" value="en"/>
    <property name="sun.boot.library.path" value="/usr/lib/jvm/java-8-openjdk-amd64/jre/lib/amd64"/>
    <property name="classworlds.conf" value="/usr/share/maven/bin/m2.conf"/>
    <property name="java.version" value="1.8.0_121"/>
    <property name="user.timezone" value="Europe/Paris"/>
    <property name="rat.skip" value="true"/>
    <property name="sun.arch.data.model" value="64"/>
    <property name="java.endorsed.dirs" value="/usr/lib/jvm/java-8-openjdk-amd64/jre/lib/endorsed"/>
    <property name="sun.cpu.isalist" value=""/>
    <property name="sun.jnu.encoding" value="UTF-8"/>
    <property name="file.encoding.pkg" value="sun.io"/>
    <property name="file.separator" value="/"/>
    <property name="java.specification.name" value="Java Platform API Specification"/>
    <property name="java.class.version" value="52.0"/>
    <property name="checkstyle.skip" value="true"/>
    <property name="securerandom.source" value="file:/dev/./urandom"/>
    <property name="java.home" value="/usr/lib/jvm/java-8-openjdk-amd64/jre"/>
    <property name="java.vm.info" value="mixed mode"/>
    <property name="os.version" value="3.10.0-862.2.3.el7.x86_64"/>
    <property name="path.separator" value=":"/>
    <property name="java.vm.version" value="25.121-b13"/>
    <property name="gpg.skip" value="true"/>
    <property name="java.awt.printerjob" value="sun.print.PSPrinterJob"/>
    <property name="sun.io.unicode.encoding" value="UnicodeLittle"/>
    <property name="awt.toolkit" value="sun.awt.X11.XToolkit"/>
    <property name="os.detected.release" value="debian"/>
    <property name="user.home" value="/root"/>
    <property name="java.specification.vendor" value="Oracle Corporation"/>
    <property name="java.library.path" value="/usr/java/packages/lib/amd64:/usr/lib/x86_64-linux-gnu/jni:/lib/x86_64-linux-gnu:/usr/lib/x86_64-linux-gnu:/usr/lib/jni:/lib:/usr/lib"/>
    <property name="java.vendor.url" value="http://java.oracle.com/"/>
    <property name="java.vm.vendor" value="Oracle Corporation"/>
    <property name="os.detected.release.like.debian" value="true"/>
    <property name="dependency-check.skip" value="true"/>
    <property name="maven.home" value="/usr/share/maven"/>
    <property name="java.runtime.name" value="OpenJDK Runtime Environment"/>
    <property name="sun.java.command" value="org.codehaus.plexus.classworlds.launcher.Launcher -B -D enforcer.skip=true -D dependency-check.skip=true -D skipITs=true -D cobertura.skip=true -D maven.repo.local=/root/./workspace/matsim-org/matsim/385025376/.m2 -D rat.skip=true -D findbugs.skip=true -D skip.bower=true -D gpg.skip=true -D checkstyle.skip=true -D skip.gulp=true -D license.skip=true -D skip.npm=true test"/>
    <property name="java.class.path" value="/usr/share/maven/boot/plexus-classworlds-2.5.2.jar"/>
    <property name="os.detected.arch" value="x86_64"/>
    <property name="java.vm.specification.name" value="Java Virtual Machine Specification"/>
    <property name="java.vm.specification.version" value="1.8"/>
    <property name="sun.cpu.endian" value="little"/>
    <property name="sun.os.patch.level" value="unknown"/>
    <property name="os.detected.classifier" value="linux-x86_64"/>
    <property name="java.io.tmpdir" value="/tmp"/>
    <property name="java.vendor.url.bug" value="http://bugreport.sun.com/bugreport/"/>
    <property name="maven.multiModuleProjectDirectory" value="/root/workspace/matsim-org/matsim/385025376"/>
    <property name="os.arch" value="amd64"/>
    <property name="java.awt.graphicsenv" value="sun.awt.X11GraphicsEnvironment"/>
    <property name="java.ext.dirs" value="/usr/lib/jvm/java-8-openjdk-amd64/jre/lib/ext:/usr/java/packages/lib/ext"/>
    <property name="os.detected.release.version" value="8"/>
    <property name="user.dir" value="/root/workspace/matsim-org/matsim/385025376"/>
    <property name="skipITs" value="true"/>
    <property name="line.separator" value="&#10;"/>
    <property name="java.vm.name" value="OpenJDK 64-Bit Server VM"/>
    <property name="enforcer.skip" value="true"/>
    <property name="skip.gulp" value="true"/>
    <property name="skip.bower" value="true"/>
    <property name="skip.npm" value="true"/>
    <property name="file.encoding" value="UTF-8"/>
    <property name="os.detected.name" value="linux"/>
    <property name="license.skip" value="true"/>
    <property name="java.specification.version" value="1.8"/>
  </properties>
  <testcase name="testFlowCapacityMixed[0: isUsingfastCapacityUpdate == false]" classname="org.matsim.core.mobsim.qsim.QSimTest" time="0.722"/>
  <testcase name="testFlowCapacityDriving[0: isUsingfastCapacityUpdate == false]" classname="org.matsim.core.mobsim.qsim.QSimTest" time="0.619"/>
  <testcase name="testTwoAgent[0: isUsingfastCapacityUpdate == false]" classname="org.matsim.core.mobsim.qsim.QSimTest" time="0.3"/>
  <testcase name="testConsistentRoutes_WrongEndLink[0: isUsingfastCapacityUpdate == false]" classname="org.matsim.core.mobsim.qsim.QSimTest" time="0.295"/>
  <testcase name="testSingleAgent_EmptyRoute[0: isUsingfastCapacityUpdate == false]" classname="org.matsim.core.mobsim.qsim.QSimTest" time="0.062"/>
  <testcase name="testSingleAgent_LastLinkIsLoop[0: isUsingfastCapacityUpdate == false]" classname="org.matsim.core.mobsim.qsim.QSimTest" time="0.052"/>
  <testcase name="testSingleAgentImmediateDeparture[0: isUsingfastCapacityUpdate == false]" classname="org.matsim.core.mobsim.qsim.QSimTest" time="0.048"/>
  <testcase name="testConsistentRoutes_WrongStartLink[0: isUsingfastCapacityUpdate == false]" classname="org.matsim.core.mobsim.qsim.QSimTest" time="0.048"/>
  <testcase name="testAssignedVehicles[0: isUsingfastCapacityUpdate == false]" classname="org.matsim.core.mobsim.qsim.QSimTest" time="0.047"/>
  <testcase name="testFlowCapacityStarting[0: isUsingfastCapacityUpdate == false]" classname="org.matsim.core.mobsim.qsim.QSimTest" time="0.616"/>
  <testcase name="testAgentWithoutLeg[0: isUsingfastCapacityUpdate == false]" classname="org.matsim.core.mobsim.qsim.QSimTest" time="0.07"/>
  <testcase name="testCleanupSim_EarlyEnd[0: isUsingfastCapacityUpdate == false]" classname="org.matsim.core.mobsim.qsim.QSimTest" time="0.148"/>
  <testcase name="testVehicleTeleportationTrue[0: isUsingfastCapacityUpdate == false]" classname="org.matsim.core.mobsim.qsim.QSimTest" time="0.064"/>
  <testcase name="testConsistentRoutes_MissingRoute[0: isUsingfastCapacityUpdate == false]" classname="org.matsim.core.mobsim.qsim.QSimTest" time="0.061"/>
  <testcase name="testConsistentRoutes_WrongRoute[0: isUsingfastCapacityUpdate == false]" classname="org.matsim.core.mobsim.qsim.QSimTest" time="0.088"/>
  <testcase name="testWaitingForCar[0: isUsingfastCapacityUpdate == false]" classname="org.matsim.core.mobsim.qsim.QSimTest" time="0.079"/>
  <testcase name="testAgentWithoutLegWithEndtime[0: isUsingfastCapacityUpdate == false]" classname="org.matsim.core.mobsim.qsim.QSimTest" time="0.048"/>
  <testcase name="testStartAndEndTime[0: isUsingfastCapacityUpdate == false]" classname="org.matsim.core.mobsim.qsim.QSimTest" time="1.912"/>
  <testcase name="testSingleAgentWithEndOnLeg[0: isUsingfastCapacityUpdate == false]" classname="org.matsim.core.mobsim.qsim.QSimTest" time="0.05"/>
  <testcase name="testTeleportationSingleAgent[0: isUsingfastCapacityUpdate == false]" classname="org.matsim.core.mobsim.qsim.QSimTest" time="0.061"/>
  <testcase name="testRouteWithEndLinkTwice[0: isUsingfastCapacityUpdate == false]" classname="org.matsim.core.mobsim.qsim.QSimTest" time="0.052"/>
  <testcase name="testVehicleTeleportationFalse[0: isUsingfastCapacityUpdate == false]" classname="org.matsim.core.mobsim.qsim.QSimTest" time="0.049"/>
  <testcase name="testCircleAsRoute[0: isUsingfastCapacityUpdate == false]" classname="org.matsim.core.mobsim.qsim.QSimTest" time="0.05"/>
  <testcase name="testAgentWithLastActWithEndtime[0: isUsingfastCapacityUpdate == false]" classname="org.matsim.core.mobsim.qsim.QSimTest" time="0.047"/>
  <testcase name="testSingleAgent[0: isUsingfastCapacityUpdate == false]" classname="org.matsim.core.mobsim.qsim.QSimTest" time="0.049"/>
  <testcase name="testFlowCapacityDrivingFraction[0: isUsingfastCapacityUpdate == false]" classname="org.matsim.core.mobsim.qsim.QSimTest" time="0.059"/>
  <testcase name="testConsistentRoutes_ImpossibleRoute[0: isUsingfastCapacityUpdate == false]" classname="org.matsim.core.mobsim.qsim.QSimTest" time="0.05"/>
  <testcase name="testFlowCapacityMixed[1: isUsingfastCapacityUpdate == true]" classname="org.matsim.core.mobsim.qsim.QSimTest" time="0.624"/>
  <testcase name="testFlowCapacityDriving[1: isUsingfastCapacityUpdate == true]" classname="org.matsim.core.mobsim.qsim.QSimTest" time="0.545"/>
  <testcase name="testTwoAgent[1: isUsingfastCapacityUpdate == true]" classname="org.matsim.core.mobsim.qsim.QSimTest" time="0.322"/>
  <testcase name="testConsistentRoutes_WrongEndLink[1: isUsingfastCapacityUpdate == true]" classname="org.matsim.core.mobsim.qsim.QSimTest" time="0.288"/>
  <testcase name="testSingleAgent_EmptyRoute[1: isUsingfastCapacityUpdate == true]" classname="org.matsim.core.mobsim.qsim.QSimTest" time="0.049"/>
  <testcase name="testSingleAgent_LastLinkIsLoop[1: isUsingfastCapacityUpdate == true]" classname="org.matsim.core.mobsim.qsim.QSimTest" time="0.063"/>
  <testcase name="testSingleAgentImmediateDeparture[1: isUsingfastCapacityUpdate == true]" classname="org.matsim.core.mobsim.qsim.QSimTest" time="0.049"/>
  <testcase name="testConsistentRoutes_WrongStartLink[1: isUsingfastCapacityUpdate == true]" classname="org.matsim.core.mobsim.qsim.QSimTest" time="0.048"/>
  <testcase name="testAssignedVehicles[1: isUsingfastCapacityUpdate == true]" classname="org.matsim.core.mobsim.qsim.QSimTest" time="0.046"/>
  <testcase name="testFlowCapacityStarting[1: isUsingfastCapacityUpdate == true]" classname="org.matsim.core.mobsim.qsim.QSimTest" time="0.629"/>
  <testcase name="testAgentWithoutLeg[1: isUsingfastCapacityUpdate == true]" classname="org.matsim.core.mobsim.qsim.QSimTest" time="0.055"/>
  <testcase name="testCleanupSim_EarlyEnd[1: isUsingfastCapacityUpdate == true]" classname="org.matsim.core.mobsim.qsim.QSimTest" time="0.139"/>
  <testcase name="testVehicleTeleportationTrue[1: isUsingfastCapacityUpdate == true]" classname="org.matsim.core.mobsim.qsim.QSimTest" time="0.074"/>
  <testcase name="testConsistentRoutes_MissingRoute[1: isUsingfastCapacityUpdate == true]" classname="org.matsim.core.mobsim.qsim.QSimTest" time="0.061"/>
  <testcase name="testConsistentRoutes_WrongRoute[1: isUsingfastCapacityUpdate == true]" classname="org.matsim.core.mobsim.qsim.QSimTest" time="0.074"/>
  <testcase name="testWaitingForCar[1: isUsingfastCapacityUpdate == true]" classname="org.matsim.core.mobsim.qsim.QSimTest" time="0.055"/>
  <testcase name="testAgentWithoutLegWithEndtime[1: isUsingfastCapacityUpdate == true]" classname="org.matsim.core.mobsim.qsim.QSimTest" time="0.075"/>
  <testcase name="testStartAndEndTime[1: isUsingfastCapacityUpdate == true]" classname="org.matsim.core.mobsim.qsim.QSimTest" time="1.595"/>
  <testcase name="testSingleAgentWithEndOnLeg[1: isUsingfastCapacityUpdate == true]" classname="org.matsim.core.mobsim.qsim.QSimTest" time="0.049"/>
  <testcase name="testTeleportationSingleAgent[1: isUsingfastCapacityUpdate == true]" classname="org.matsim.core.mobsim.qsim.QSimTest" time="0.049"/>
  <testcase name="testRouteWithEndLinkTwice[1: isUsingfastCapacityUpdate == true]" classname="org.matsim.core.mobsim.qsim.QSimTest" time="0.05"/>
  <testcase name="testVehicleTeleportationFalse[1: isUsingfastCapacityUpdate == true]" classname="org.matsim.core.mobsim.qsim.QSimTest" time="0.068"/>
  <testcase name="testCircleAsRoute[1: isUsingfastCapacityUpdate == true]" classname="org.matsim.core.mobsim.qsim.QSimTest" time="0.05"/>
  <testcase name="testAgentWithLastActWithEndtime[1: isUsingfastCapacityUpdate == true]" classname="org.matsim.core.mobsim.qsim.QSimTest" time="0.047"/>
  <testcase name="testSingleAgent[1: isUsingfastCapacityUpdate == true]" classname="org.matsim.core.mobsim.qsim.QSimTest" time="0.048"/>
  <testcase name="testFlowCapacityDrivingFraction[1: isUsingfastCapacityUpdate == true]" classname="org.matsim.core.mobsim.qsim.QSimTest" time="0.049"/>
  <testcase name="testConsistentRoutes_ImpossibleRoute[1: isUsingfastCapacityUpdate == true]" classname="org.matsim.core.mobsim.qsim.QSimTest" time="0.065"/>
</testsuite>