<?xml version="1.0" encoding="UTF-8"?>
<testsuite xmlns:xsi="http://www.w3.org/2001/XMLSchema-instance" xsi:schemaLocation="https://maven.apache.org/surefire/maven-surefire-plugin/xsd/surefire-test-report.xsd" name="org.matsim.core.replanning.modules.ExternalModuleTest" time="0.133" tests="2" errors="2" skipped="0" failures="0">
  <properties>
    <property name="java.vendor" value="Oracle Corporation"/>
    <property name="sun.java.launcher" value="SUN_STANDARD"/>
    <property name="sun.management.compiler" value="HotSpot 64-Bit Tiered Compilers"/>
    <property name="os.name" value="Linux"/>
    <property name="sun.boot.class.path" value="/usr/lib/jvm/java-8-openjdk-amd64/jre/lib/resources.jar:/usr/lib/jvm/java-8-openjdk-amd64/jre/lib/rt.jar:/usr/lib/jvm/java-8-openjdk-amd64/jre/lib/sunrsasign.jar:/usr/lib/jvm/java-8-openjdk-amd64/jre/lib/jsse.jar:/usr/lib/jvm/java-8-openjdk-amd64/jre/lib/jce.jar:/usr/lib/jvm/java-8-openjdk-amd64/jre/lib/charsets.jar:/usr/lib/jvm/java-8-openjdk-amd64/jre/lib/jfr.jar:/usr/lib/jvm/java-8-openjdk-amd64/jre/classes"/>
    <property name="cobertura.skip" value="true"/>
    <property name="findbugs.skip" value="true"/>
    <property name="java.vm.specification.vendor" value="Oracle Corporation"/>
    <property name="java.runtime.version" value="1.8.0_121-8u121-b13-1~bpo8+1-b13"/>
    <property name="user.name" value="root"/>
    <property name="guice.disable.misplaced.annotation.check" value="true"/>
    <property name="maven.repo.local" value="/root/./workspace/matsim-org/matsim/386581902/.m2"/>
    <property name="user.language" value="en"/>
    <property name="sun.boot.library.path" value="/usr/lib/jvm/java-8-openjdk-amd64/jre/lib/amd64"/>
    <property name="classworlds.conf" value="/usr/share/maven/bin/m2.conf"/>
    <property name="java.version" value="1.8.0_121"/>
    <property name="user.timezone" value="Europe/Paris"/>
    <property name="rat.skip" value="true"/>
    <property name="sun.arch.data.model" value="64"/>
    <property name="java.endorsed.dirs" value="/usr/lib/jvm/java-8-openjdk-amd64/jre/lib/endorsed"/>
    <property name="sun.cpu.isalist" value=""/>
    <property name="sun.jnu.encoding" value="UTF-8"/>
    <property name="file.encoding.pkg" value="sun.io"/>
    <property name="file.separator" value="/"/>
    <property name="java.specification.name" value="Java Platform API Specification"/>
    <property name="java.class.version" value="52.0"/>
    <property name="checkstyle.skip" value="true"/>
    <property name="securerandom.source" value="file:/dev/./urandom"/>
    <property name="java.home" value="/usr/lib/jvm/java-8-openjdk-amd64/jre"/>
    <property name="java.vm.info" value="mixed mode"/>
    <property name="os.version" value="3.10.0-862.2.3.el7.x86_64"/>
    <property name="path.separator" value=":"/>
    <property name="java.vm.version" value="25.121-b13"/>
    <property name="gpg.skip" value="true"/>
    <property name="java.awt.printerjob" value="sun.print.PSPrinterJob"/>
    <property name="sun.io.unicode.encoding" value="UnicodeLittle"/>
    <property name="awt.toolkit" value="sun.awt.X11.XToolkit"/>
    <property name="os.detected.release" value="debian"/>
    <property name="user.home" value="/root"/>
    <property name="java.specification.vendor" value="Oracle Corporation"/>
    <property name="java.library.path" value="/usr/java/packages/lib/amd64:/usr/lib/x86_64-linux-gnu/jni:/lib/x86_64-linux-gnu:/usr/lib/x86_64-linux-gnu:/usr/lib/jni:/lib:/usr/lib"/>
    <property name="java.vendor.url" value="http://java.oracle.com/"/>
    <property name="java.vm.vendor" value="Oracle Corporation"/>
    <property name="os.detected.release.like.debian" value="true"/>
    <property name="dependency-check.skip" value="true"/>
    <property name="maven.home" value="/usr/share/maven"/>
    <property name="java.runtime.name" value="OpenJDK Runtime Environment"/>
    <property name="sun.java.command" value="org.codehaus.plexus.classworlds.launcher.Launcher -B -D enforcer.skip=true -D dependency-check.skip=true -D skipITs=true -D cobertura.skip=true -D maven.repo.local=/root/./workspace/matsim-org/matsim/386581902/.m2 -D rat.skip=true -D findbugs.skip=true -D skip.bower=true -D gpg.skip=true -D checkstyle.skip=true -D skip.gulp=true -D license.skip=true -D skip.npm=true test"/>
    <property name="java.class.path" value="/usr/share/maven/boot/plexus-classworlds-2.5.2.jar"/>
    <property name="os.detected.arch" value="x86_64"/>
    <property name="java.vm.specification.name" value="Java Virtual Machine Specification"/>
    <property name="java.vm.specification.version" value="1.8"/>
    <property name="sun.cpu.endian" value="little"/>
    <property name="sun.os.patch.level" value="unknown"/>
    <property name="os.detected.classifier" value="linux-x86_64"/>
    <property name="java.io.tmpdir" value="/tmp"/>
    <property name="java.vendor.url.bug" value="http://bugreport.sun.com/bugreport/"/>
    <property name="maven.multiModuleProjectDirectory" value="/root/workspace/matsim-org/matsim/386581902"/>
    <property name="os.arch" value="amd64"/>
    <property name="java.awt.graphicsenv" value="sun.awt.X11GraphicsEnvironment"/>
    <property name="java.ext.dirs" value="/usr/lib/jvm/java-8-openjdk-amd64/jre/lib/ext:/usr/java/packages/lib/ext"/>
    <property name="os.detected.release.version" value="8"/>
    <property name="user.dir" value="/root/workspace/matsim-org/matsim/386581902"/>
    <property name="skipITs" value="true"/>
    <property name="line.separator" value="&#10;"/>
    <property name="java.vm.name" value="OpenJDK 64-Bit Server VM"/>
    <property name="enforcer.skip" value="true"/>
    <property name="skip.gulp" value="true"/>
    <property name="skip.bower" value="true"/>
    <property name="skip.npm" value="true"/>
    <property name="file.encoding" value="UTF-8"/>
    <property name="os.detected.name" value="linux"/>
    <property name="license.skip" value="true"/>
    <property name="java.specification.version" value="1.8"/>
  </properties>
  <testcase name="testNoOpExternalModule" classname="org.matsim.core.replanning.modules.ExternalModuleTest" time="0.071">
    <error message="org.xml.sax.SAXParseException; lineNumber: 15; columnNumber: 108; Attribute &quot;vehicleId&quot; must be declared for element type &quot;route&quot;." type="org.matsim.core.utils.io.UncheckedIOException">org.matsim.core.utils.io.UncheckedIOException: org.xml.sax.SAXParseException; lineNumber: 15; columnNumber: 108; Attribute "vehicleId" must be declared for element type "route".
	at org.matsim.core.replanning.modules.ExternalModuleTest.loadPopulation(ExternalModuleTest.java:95)
	at org.matsim.core.replanning.modules.ExternalModuleTest.access$100(ExternalModuleTest.java:46)
	at org.matsim.core.replanning.modules.ExternalModuleTest.replanPopulation(ExternalModuleTest.java:109)
	at org.matsim.core.replanning.modules.ExternalModuleTest.testNoOpExternalModule(ExternalModuleTest.java:72)
Caused by: org.xml.sax.SAXParseException: Attribute "vehicleId" must be declared for element type "route".
	at org.matsim.core.replanning.modules.ExternalModuleTest.loadPopulation(ExternalModuleTest.java:95)
	at org.matsim.core.replanning.modules.ExternalModuleTest.access$100(ExternalModuleTest.java:46)
	at org.matsim.core.replanning.modules.ExternalModuleTest.replanPopulation(ExternalModuleTest.java:109)
	at org.matsim.core.replanning.modules.ExternalModuleTest.testNoOpExternalModule(ExternalModuleTest.java:72)
</error>
    <system-out><![CDATA[2018-06-01 12:15:54,012  INFO IOUtils:81 String test/scenarios/equil/config.xml does not exist as file on the file system; trying it as a resource ...
2018-06-01 12:15:54,012  INFO Config:563 setting context tofile:/root/workspace/matsim-org/matsim/386581902/matsim/]
2018-06-01 12:15:54,014  INFO MatsimXmlParser:155 starting to parse xml from url file:/root/workspace/matsim-org/matsim/386581902/examples/target/classes/test/scenarios/equil/config.xml ...
2018-06-01 12:15:54,015  INFO ConfigReader:102 using config_v2-reader
2018-06-01 12:15:54,016  INFO MatsimXmlParser:307 Using local DTD from classpath:dtd/config_v2.dtd
2018-06-01 12:15:54,017  INFO Config:563 setting context tofile:/root/workspace/matsim-org/matsim/386581902/examples/target/classes/test/scenarios/equil/config.xml]
2018-06-01 12:15:54,018  INFO ScenarioLoaderImpl:108 loading scenario from base directory: /root/workspace/matsim-org/matsim/386581902/matsim/
2018-06-01 12:15:54,019  INFO ScenarioLoaderImpl:130 loading network from file:/root/workspace/matsim-org/matsim/386581902/examples/target/classes/test/scenarios/equil/network.xml
2018-06-01 12:15:54,019  INFO MatsimXmlParser:155 starting to parse xml from url file:/root/workspace/matsim-org/matsim/386581902/examples/target/classes/test/scenarios/equil/network.xml ...
2018-06-01 12:15:54,020  INFO MatsimNetworkReader:90 using network_v1-reader.
2018-06-01 12:15:54,020  INFO MatsimXmlParser:307 Using local DTD from classpath:dtd/network_v1.dtd
2018-06-01 12:15:54,020  INFO NetworkImpl:167  node # 1
2018-06-01 12:15:54,021  INFO NetworkImpl:167  node # 4
2018-06-01 12:15:54,021  INFO NetworkImpl:163  link # 1
2018-06-01 12:15:54,021  INFO NetworkImpl:163  link # 4
2018-06-01 12:15:54,022  INFO NetworkImpl:163  link # 16
2018-06-01 12:15:54,022  INFO ScenarioLoaderImpl:161 loading facilities from file:/root/workspace/matsim-org/matsim/386581902/examples/target/classes/test/scenarios/equil/facilities.xml
2018-06-01 12:15:54,023  INFO MatsimXmlParser:155 starting to parse xml from url file:/root/workspace/matsim-org/matsim/386581902/examples/target/classes/test/scenarios/equil/facilities.xml ...
2018-06-01 12:15:54,024  INFO MatsimFacilitiesReader:119 using facilities_v1-reader.
2018-06-01 12:15:54,024  INFO MatsimXmlParser:307 Using local DTD from classpath:dtd/facilities_v1.dtd
2018-06-01 12:15:54,025  INFO ScenarioLoaderImpl:179 loaded 23 facilities from file:/root/workspace/matsim-org/matsim/386581902/examples/target/classes/test/scenarios/equil/facilities.xml
2018-06-01 12:15:54,025  INFO ScenarioLoaderImpl:192 no facility-attributes file set in config, not loading any facility attributes
2018-06-01 12:15:54,025  INFO ScenarioLoaderImpl:199 loading population from file:/root/workspace/matsim-org/matsim/386581902/examples/target/classes/test/scenarios/equil/plans100.xml
2018-06-01 12:15:54,025  INFO MatsimXmlParser:155 starting to parse xml from url file:/root/workspace/matsim-org/matsim/386581902/examples/target/classes/test/scenarios/equil/plans100.xml ...
2018-06-01 12:15:54,026  INFO PopulationReader:124 using plans_v4-reader.
2018-06-01 12:15:54,027  INFO MatsimXmlParser:307 Using local DTD from classpath:dtd/plans_v4.dtd
2018-06-01 12:15:54,027  INFO ParallelPopulationReaderMatsimV4:138 Start parallel population reading...
2018-06-01 12:15:54,028  INFO PopulationImpl:112  person # 1
2018-06-01 12:15:54,029  INFO PopulationImpl:112  person # 4
2018-06-01 12:15:54,030  INFO PopulationImpl:112  person # 16
2018-06-01 12:15:54,038  INFO PopulationImpl:112  person # 64
2018-06-01 12:15:54,042  INFO ParallelPopulationReaderMatsimV4:188 Finished parallel population reading...
2018-06-01 12:15:54,043  INFO PopulationUtils:992  person # 100
2018-06-01 12:15:54,043  INFO ScenarioLoaderImpl:235 no person-attributes file set in config, not loading any person attributes
2018-06-01 12:15:54,043  INFO ScenarioLoaderImpl:247 no households file set in config, not loading households
2018-06-01 12:15:54,043  INFO ScenarioLoaderImpl:258 no household-attributes file set in config, not loading any household attributes
2018-06-01 12:15:54,043  INFO ScenarioLoaderImpl:284 no transit schedule file set in config, not loading any transit schedule
2018-06-01 12:15:54,043  INFO ScenarioLoaderImpl:311 no transit vehicles file set in config, not loading any transit vehicles
2018-06-01 12:15:54,044  INFO IOUtils:81 String test/scenarios/equil/config.xml does not exist as file on the file system; trying it as a resource ...
2018-06-01 12:15:54,044  INFO Config:563 setting context tofile:/root/workspace/matsim-org/matsim/386581902/matsim/]
2018-06-01 12:15:54,046  INFO MatsimXmlParser:155 starting to parse xml from url file:/root/workspace/matsim-org/matsim/386581902/examples/target/classes/test/scenarios/equil/config.xml ...
2018-06-01 12:15:54,048  INFO ConfigReader:102 using config_v2-reader
2018-06-01 12:15:54,048  INFO MatsimXmlParser:307 Using local DTD from classpath:dtd/config_v2.dtd
2018-06-01 12:15:54,050  INFO Config:563 setting context tofile:/root/workspace/matsim-org/matsim/386581902/examples/target/classes/test/scenarios/equil/config.xml]
2018-06-01 12:15:54,050  INFO ScenarioLoaderImpl:108 loading scenario from base directory: /root/workspace/matsim-org/matsim/386581902/matsim/
2018-06-01 12:15:54,050  INFO ScenarioLoaderImpl:130 loading network from file:/root/workspace/matsim-org/matsim/386581902/examples/target/classes/test/scenarios/equil/network.xml
2018-06-01 12:15:54,050  INFO MatsimXmlParser:155 starting to parse xml from url file:/root/workspace/matsim-org/matsim/386581902/examples/target/classes/test/scenarios/equil/network.xml ...
2018-06-01 12:15:54,051  INFO MatsimNetworkReader:90 using network_v1-reader.
2018-06-01 12:15:54,052  INFO MatsimXmlParser:307 Using local DTD from classpath:dtd/network_v1.dtd
2018-06-01 12:15:54,052  INFO NetworkImpl:167  node # 1
2018-06-01 12:15:54,052  INFO NetworkImpl:167  node # 4
2018-06-01 12:15:54,053  INFO NetworkImpl:163  link # 1
2018-06-01 12:15:54,053  INFO NetworkImpl:163  link # 4
2018-06-01 12:15:54,053  INFO NetworkImpl:163  link # 16
2018-06-01 12:15:54,053  INFO ScenarioLoaderImpl:161 loading facilities from file:/root/workspace/matsim-org/matsim/386581902/examples/target/classes/test/scenarios/equil/facilities.xml
2018-06-01 12:15:54,054  INFO MatsimXmlParser:155 starting to parse xml from url file:/root/workspace/matsim-org/matsim/386581902/examples/target/classes/test/scenarios/equil/facilities.xml ...
2018-06-01 12:15:54,054  INFO MatsimFacilitiesReader:119 using facilities_v1-reader.
2018-06-01 12:15:54,055  INFO MatsimXmlParser:307 Using local DTD from classpath:dtd/facilities_v1.dtd
2018-06-01 12:15:54,056  INFO ScenarioLoaderImpl:179 loaded 23 facilities from file:/root/workspace/matsim-org/matsim/386581902/examples/target/classes/test/scenarios/equil/facilities.xml
2018-06-01 12:15:54,056  INFO ScenarioLoaderImpl:192 no facility-attributes file set in config, not loading any facility attributes
2018-06-01 12:15:54,056  INFO ScenarioLoaderImpl:199 loading population from file:/root/workspace/matsim-org/matsim/386581902/examples/target/classes/test/scenarios/equil/plans100.xml
2018-06-01 12:15:54,056  INFO MatsimXmlParser:155 starting to parse xml from url file:/root/workspace/matsim-org/matsim/386581902/examples/target/classes/test/scenarios/equil/plans100.xml ...
2018-06-01 12:15:54,057  INFO PopulationReader:124 using plans_v4-reader.
2018-06-01 12:15:54,057  INFO MatsimXmlParser:307 Using local DTD from classpath:dtd/plans_v4.dtd
2018-06-01 12:15:54,058  INFO ParallelPopulationReaderMatsimV4:138 Start parallel population reading...
2018-06-01 12:15:54,058  INFO PopulationImpl:112  person # 1
2018-06-01 12:15:54,059  INFO PopulationImpl:112  person # 4
2018-06-01 12:15:54,059  INFO PopulationImpl:112  person # 16
2018-06-01 12:15:54,061  INFO PopulationImpl:112  person # 64
2018-06-01 12:15:54,064  INFO ParallelPopulationReaderMatsimV4:188 Finished parallel population reading...
2018-06-01 12:15:54,065  INFO PopulationUtils:992  person # 100
2018-06-01 12:15:54,065  INFO ScenarioLoaderImpl:235 no person-attributes file set in config, not loading any person attributes
2018-06-01 12:15:54,065  INFO ScenarioLoaderImpl:247 no households file set in config, not loading households
2018-06-01 12:15:54,065  INFO ScenarioLoaderImpl:258 no household-attributes file set in config, not loading any household attributes
2018-06-01 12:15:54,065  INFO ScenarioLoaderImpl:284 no transit schedule file set in config, not loading any transit schedule
2018-06-01 12:15:54,065  INFO ScenarioLoaderImpl:311 no transit vehicles file set in config, not loading any transit vehicles
2018-06-01 12:15:54,067  INFO Config:563 setting context tofile:/root/workspace/matsim-org/matsim/386581902/matsim/]
2018-06-01 12:15:54,069  INFO PopulationImpl:112  person # 1
2018-06-01 12:15:54,069  INFO PopulationImpl:112  person # 4
2018-06-01 12:15:54,069  INFO PopulationImpl:112  person # 16
2018-06-01 12:15:54,070  INFO PopulationImpl:112  person # 64
2018-06-01 12:15:54,071  INFO Counter:70 [PopulationWriter] dumped person # 1
2018-06-01 12:15:54,071  INFO Counter:70 [PopulationWriter] dumped person # 2
2018-06-01 12:15:54,071  INFO Counter:70 [PopulationWriter] dumped person # 4
2018-06-01 12:15:54,072  INFO Counter:70 [PopulationWriter] dumped person # 8
2018-06-01 12:15:54,072  INFO Counter:70 [PopulationWriter] dumped person # 16
2018-06-01 12:15:54,072  INFO Counter:70 [PopulationWriter] dumped person # 32
2018-06-01 12:15:54,073  INFO Counter:70 [PopulationWriter] dumped person # 64
2018-06-01 12:15:54,074  INFO PopulationWriter:139 Population written to: test/output/org/matsim/core/replanning/modules/ExternalModuleTest/testNoOpExternalModule/tmp/test_plans.in.xml
2018-06-01 12:15:54,075  INFO Counter:76 [PopulationWriter] dumped person # 100
2018-06-01 12:15:54,075  INFO Config:563 setting context tofile:/root/workspace/matsim-org/matsim/386581902/matsim/]
2018-06-01 12:15:54,075  INFO Config:422 module "scenario" added.
2018-06-01 12:15:54,075  INFO Config:563 setting context tofile:/root/workspace/matsim-org/matsim/386581902/matsim/]
2018-06-01 12:15:54,077  INFO Config:563 setting context tofile:/root/workspace/matsim-org/matsim/386581902/matsim/]
2018-06-01 12:15:54,079  INFO MatsimXmlParser:147 starting to parse xml from file test/output/org/matsim/core/replanning/modules/ExternalModuleTest/testNoOpExternalModule/tmp/test_plans.in.xml ...
2018-06-01 12:15:54,080  INFO PopulationReader:109 using population_v6-reader.
2018-06-01 12:15:54,080  INFO MatsimXmlParser:307 Using local DTD from classpath:dtd/population_v6.dtd
null
null
null
Attribute "vehicleId" must be declared for element type "route".
Attribute "vehicleId" must be declared for element type "route".
]]></system-out>
    <system-err><![CDATA[XML-ERROR: test/output/org/matsim/core/replanning/modules/ExternalModuleTest/testNoOpExternalModule/tmp/test_plans.in.xml, line 15, column 108:
org.xml.sax.SAXParseException; lineNumber: 15; columnNumber: 108; Attribute "vehicleId" must be declared for element type "route".
]]></system-err>
  </testcase>
  <testcase name="testPlanEmptyingExternalModule" classname="org.matsim.core.replanning.modules.ExternalModuleTest" time="0.062">
    <error message="org.xml.sax.SAXParseException; lineNumber: 15; columnNumber: 108; Attribute &quot;vehicleId&quot; must be declared for element type &quot;route&quot;." type="org.matsim.core.utils.io.UncheckedIOException">org.matsim.core.utils.io.UncheckedIOException: org.xml.sax.SAXParseException; lineNumber: 15; columnNumber: 108; Attribute "vehicleId" must be declared for element type "route".
	at org.matsim.core.replanning.modules.ExternalModuleTest.loadPopulation(ExternalModuleTest.java:95)
	at org.matsim.core.replanning.modules.ExternalModuleTest.access$100(ExternalModuleTest.java:46)
	at org.matsim.core.replanning.modules.ExternalModuleTest.replanPopulation(ExternalModuleTest.java:109)
	at org.matsim.core.replanning.modules.ExternalModuleTest.testPlanEmptyingExternalModule(ExternalModuleTest.java:89)
Caused by: org.xml.sax.SAXParseException: Attribute "vehicleId" must be declared for element type "route".
	at org.matsim.core.replanning.modules.ExternalModuleTest.loadPopulation(ExternalModuleTest.java:95)
	at org.matsim.core.replanning.modules.ExternalModuleTest.access$100(ExternalModuleTest.java:46)
	at org.matsim.core.replanning.modules.ExternalModuleTest.replanPopulation(ExternalModuleTest.java:109)
	at org.matsim.core.replanning.modules.ExternalModuleTest.testPlanEmptyingExternalModule(ExternalModuleTest.java:89)
</error>
    <system-out><![CDATA[2018-06-01 12:15:54,085  INFO IOUtils:81 String test/scenarios/equil/config.xml does not exist as file on the file system; trying it as a resource ...
2018-06-01 12:15:54,085  INFO Config:563 setting context tofile:/root/workspace/matsim-org/matsim/386581902/matsim/]
2018-06-01 12:15:54,087  INFO MatsimXmlParser:155 starting to parse xml from url file:/root/workspace/matsim-org/matsim/386581902/examples/target/classes/test/scenarios/equil/config.xml ...
2018-06-01 12:15:54,088  INFO ConfigReader:102 using config_v2-reader
2018-06-01 12:15:54,088  INFO MatsimXmlParser:307 Using local DTD from classpath:dtd/config_v2.dtd
2018-06-01 12:15:54,089  INFO Config:563 setting context tofile:/root/workspace/matsim-org/matsim/386581902/examples/target/classes/test/scenarios/equil/config.xml]
2018-06-01 12:15:54,089  INFO ScenarioLoaderImpl:108 loading scenario from base directory: /root/workspace/matsim-org/matsim/386581902/matsim/
2018-06-01 12:15:54,089  INFO ScenarioLoaderImpl:130 loading network from file:/root/workspace/matsim-org/matsim/386581902/examples/target/classes/test/scenarios/equil/network.xml
2018-06-01 12:15:54,090  INFO MatsimXmlParser:155 starting to parse xml from url file:/root/workspace/matsim-org/matsim/386581902/examples/target/classes/test/scenarios/equil/network.xml ...
2018-06-01 12:15:54,091  INFO MatsimNetworkReader:90 using network_v1-reader.
2018-06-01 12:15:54,091  INFO MatsimXmlParser:307 Using local DTD from classpath:dtd/network_v1.dtd
2018-06-01 12:15:54,092  INFO NetworkImpl:167  node # 1
2018-06-01 12:15:54,092  INFO NetworkImpl:167  node # 4
2018-06-01 12:15:54,092  INFO NetworkImpl:163  link # 1
2018-06-01 12:15:54,092  INFO NetworkImpl:163  link # 4
2018-06-01 12:15:54,093  INFO NetworkImpl:163  link # 16
2018-06-01 12:15:54,093  INFO ScenarioLoaderImpl:161 loading facilities from file:/root/workspace/matsim-org/matsim/386581902/examples/target/classes/test/scenarios/equil/facilities.xml
2018-06-01 12:15:54,093  INFO MatsimXmlParser:155 starting to parse xml from url file:/root/workspace/matsim-org/matsim/386581902/examples/target/classes/test/scenarios/equil/facilities.xml ...
2018-06-01 12:15:54,094  INFO MatsimFacilitiesReader:119 using facilities_v1-reader.
2018-06-01 12:15:54,094  INFO MatsimXmlParser:307 Using local DTD from classpath:dtd/facilities_v1.dtd
2018-06-01 12:15:54,095  INFO ScenarioLoaderImpl:179 loaded 23 facilities from file:/root/workspace/matsim-org/matsim/386581902/examples/target/classes/test/scenarios/equil/facilities.xml
2018-06-01 12:15:54,095  INFO ScenarioLoaderImpl:192 no facility-attributes file set in config, not loading any facility attributes
2018-06-01 12:15:54,095  INFO ScenarioLoaderImpl:199 loading population from file:/root/workspace/matsim-org/matsim/386581902/examples/target/classes/test/scenarios/equil/plans100.xml
2018-06-01 12:15:54,095  INFO MatsimXmlParser:155 starting to parse xml from url file:/root/workspace/matsim-org/matsim/386581902/examples/target/classes/test/scenarios/equil/plans100.xml ...
2018-06-01 12:15:54,096  INFO PopulationReader:124 using plans_v4-reader.
2018-06-01 12:15:54,096  INFO MatsimXmlParser:307 Using local DTD from classpath:dtd/plans_v4.dtd
2018-06-01 12:15:54,097  INFO ParallelPopulationReaderMatsimV4:138 Start parallel population reading...
2018-06-01 12:15:54,098  INFO PopulationImpl:112  person # 1
2018-06-01 12:15:54,098  INFO PopulationImpl:112  person # 4
2018-06-01 12:15:54,099  INFO PopulationImpl:112  person # 16
2018-06-01 12:15:54,101  INFO PopulationImpl:112  person # 64
2018-06-01 12:15:54,102  INFO ParallelPopulationReaderMatsimV4:188 Finished parallel population reading...
2018-06-01 12:15:54,102  INFO PopulationUtils:992  person # 100
2018-06-01 12:15:54,103  INFO ScenarioLoaderImpl:235 no person-attributes file set in config, not loading any person attributes
2018-06-01 12:15:54,103  INFO ScenarioLoaderImpl:247 no households file set in config, not loading households
2018-06-01 12:15:54,103  INFO ScenarioLoaderImpl:258 no household-attributes file set in config, not loading any household attributes
2018-06-01 12:15:54,103  INFO ScenarioLoaderImpl:284 no transit schedule file set in config, not loading any transit schedule
2018-06-01 12:15:54,103  INFO ScenarioLoaderImpl:311 no transit vehicles file set in config, not loading any transit vehicles
2018-06-01 12:15:54,103  INFO IOUtils:81 String test/scenarios/equil/config.xml does not exist as file on the file system; trying it as a resource ...
2018-06-01 12:15:54,103  INFO Config:563 setting context tofile:/root/workspace/matsim-org/matsim/386581902/matsim/]
2018-06-01 12:15:54,105  INFO MatsimXmlParser:155 starting to parse xml from url file:/root/workspace/matsim-org/matsim/386581902/examples/target/classes/test/scenarios/equil/config.xml ...
2018-06-01 12:15:54,106  INFO ConfigReader:102 using config_v2-reader
2018-06-01 12:15:54,106  INFO MatsimXmlParser:307 Using local DTD from classpath:dtd/config_v2.dtd
2018-06-01 12:15:54,107  INFO Config:563 setting context tofile:/root/workspace/matsim-org/matsim/386581902/examples/target/classes/test/scenarios/equil/config.xml]
2018-06-01 12:15:54,107  INFO ScenarioLoaderImpl:108 loading scenario from base directory: /root/workspace/matsim-org/matsim/386581902/matsim/
2018-06-01 12:15:54,107  INFO ScenarioLoaderImpl:130 loading network from file:/root/workspace/matsim-org/matsim/386581902/examples/target/classes/test/scenarios/equil/network.xml
2018-06-01 12:15:54,107  INFO MatsimXmlParser:155 starting to parse xml from url file:/root/workspace/matsim-org/matsim/386581902/examples/target/classes/test/scenarios/equil/network.xml ...
2018-06-01 12:15:54,108  INFO MatsimNetworkReader:90 using network_v1-reader.
2018-06-01 12:15:54,108  INFO MatsimXmlParser:307 Using local DTD from classpath:dtd/network_v1.dtd
2018-06-01 12:15:54,109  INFO NetworkImpl:167  node # 1
2018-06-01 12:15:54,109  INFO NetworkImpl:167  node # 4
2018-06-01 12:15:54,109  INFO NetworkImpl:163  link # 1
2018-06-01 12:15:54,110  INFO NetworkImpl:163  link # 4
2018-06-01 12:15:54,110  INFO NetworkImpl:163  link # 16
2018-06-01 12:15:54,110  INFO ScenarioLoaderImpl:161 loading facilities from file:/root/workspace/matsim-org/matsim/386581902/examples/target/classes/test/scenarios/equil/facilities.xml
2018-06-01 12:15:54,110  INFO MatsimXmlParser:155 starting to parse xml from url file:/root/workspace/matsim-org/matsim/386581902/examples/target/classes/test/scenarios/equil/facilities.xml ...
2018-06-01 12:15:54,111  INFO MatsimFacilitiesReader:119 using facilities_v1-reader.
2018-06-01 12:15:54,112  INFO MatsimXmlParser:307 Using local DTD from classpath:dtd/facilities_v1.dtd
2018-06-01 12:15:54,112  INFO ScenarioLoaderImpl:179 loaded 23 facilities from file:/root/workspace/matsim-org/matsim/386581902/examples/target/classes/test/scenarios/equil/facilities.xml
2018-06-01 12:15:54,112  INFO ScenarioLoaderImpl:192 no facility-attributes file set in config, not loading any facility attributes
2018-06-01 12:15:54,113  INFO ScenarioLoaderImpl:199 loading population from file:/root/workspace/matsim-org/matsim/386581902/examples/target/classes/test/scenarios/equil/plans100.xml
2018-06-01 12:15:54,113  INFO MatsimXmlParser:155 starting to parse xml from url file:/root/workspace/matsim-org/matsim/386581902/examples/target/classes/test/scenarios/equil/plans100.xml ...
2018-06-01 12:15:54,114  INFO PopulationReader:124 using plans_v4-reader.
2018-06-01 12:15:54,114  INFO MatsimXmlParser:307 Using local DTD from classpath:dtd/plans_v4.dtd
2018-06-01 12:15:54,114  INFO ParallelPopulationReaderMatsimV4:138 Start parallel population reading...
2018-06-01 12:15:54,115  INFO PopulationImpl:112  person # 1
2018-06-01 12:15:54,115  INFO PopulationImpl:112  person # 4
2018-06-01 12:15:54,116  INFO PopulationImpl:112  person # 16
2018-06-01 12:15:54,118  INFO PopulationImpl:112  person # 64
2018-06-01 12:15:54,120  INFO ParallelPopulationReaderMatsimV4:188 Finished parallel population reading...
2018-06-01 12:15:54,120  INFO PopulationUtils:992  person # 100
2018-06-01 12:15:54,120  INFO ScenarioLoaderImpl:235 no person-attributes file set in config, not loading any person attributes
2018-06-01 12:15:54,120  INFO ScenarioLoaderImpl:247 no households file set in config, not loading households
2018-06-01 12:15:54,120  INFO ScenarioLoaderImpl:258 no household-attributes file set in config, not loading any household attributes
2018-06-01 12:15:54,120  INFO ScenarioLoaderImpl:284 no transit schedule file set in config, not loading any transit schedule
2018-06-01 12:15:54,120  INFO ScenarioLoaderImpl:311 no transit vehicles file set in config, not loading any transit vehicles
2018-06-01 12:15:54,122  INFO Config:563 setting context tofile:/root/workspace/matsim-org/matsim/386581902/matsim/]
2018-06-01 12:15:54,123  INFO PopulationImpl:112  person # 1
2018-06-01 12:15:54,124  INFO PopulationImpl:112  person # 4
2018-06-01 12:15:54,124  INFO PopulationImpl:112  person # 16
2018-06-01 12:15:54,125  INFO PopulationImpl:112  person # 64
2018-06-01 12:15:54,126  INFO Counter:70 [PopulationWriter] dumped person # 1
2018-06-01 12:15:54,126  INFO Counter:70 [PopulationWriter] dumped person # 2
2018-06-01 12:15:54,126  INFO Counter:70 [PopulationWriter] dumped person # 4
2018-06-01 12:15:54,127  INFO Counter:70 [PopulationWriter] dumped person # 8
2018-06-01 12:15:54,127  INFO Counter:70 [PopulationWriter] dumped person # 16
2018-06-01 12:15:54,128  INFO Counter:70 [PopulationWriter] dumped person # 32
2018-06-01 12:15:54,129  INFO Counter:70 [PopulationWriter] dumped person # 64
2018-06-01 12:15:54,131  INFO PopulationWriter:139 Population written to: test/output/org/matsim/core/replanning/modules/ExternalModuleTest/testPlanEmptyingExternalModule/tmp/test_plans.in.xml
2018-06-01 12:15:54,131  INFO Counter:76 [PopulationWriter] dumped person # 100
2018-06-01 12:15:54,131  INFO Config:563 setting context tofile:/root/workspace/matsim-org/matsim/386581902/matsim/]
2018-06-01 12:15:54,131  INFO Config:422 module "scenario" added.
2018-06-01 12:15:54,131  INFO Config:563 setting context tofile:/root/workspace/matsim-org/matsim/386581902/matsim/]
2018-06-01 12:15:54,133  INFO Config:563 setting context tofile:/root/workspace/matsim-org/matsim/386581902/matsim/]
2018-06-01 12:15:54,144  INFO MatsimXmlParser:147 starting to parse xml from file test/output/org/matsim/core/replanning/modules/ExternalModuleTest/testPlanEmptyingExternalModule/tmp/test_plans.in.xml ...
2018-06-01 12:15:54,145  INFO PopulationReader:109 using population_v6-reader.
2018-06-01 12:15:54,145  INFO MatsimXmlParser:307 Using local DTD from classpath:dtd/population_v6.dtd
null
null
null
Attribute "vehicleId" must be declared for element type "route".
Attribute "vehicleId" must be declared for element type "route".
]]></system-out>
    <system-err><![CDATA[XML-ERROR: test/output/org/matsim/core/replanning/modules/ExternalModuleTest/testPlanEmptyingExternalModule/tmp/test_plans.in.xml, line 15, column 108:
org.xml.sax.SAXParseException; lineNumber: 15; columnNumber: 108; Attribute "vehicleId" must be declared for element type "route".
]]></system-err>
  </testcase>
</testsuite>