<?xml version="1.0" encoding="UTF-8"?>
<testsuite xmlns:xsi="http://www.w3.org/2001/XMLSchema-instance" xsi:schemaLocation="https://maven.apache.org/surefire/maven-surefire-plugin/xsd/surefire-test-report.xsd" name="org.matsim.run.InitRoutesTest" time="0.113" tests="1" errors="1" skipped="0" failures="0">
  <properties>
    <property name="java.vendor" value="Oracle Corporation"/>
    <property name="sun.java.launcher" value="SUN_STANDARD"/>
    <property name="sun.management.compiler" value="HotSpot 64-Bit Tiered Compilers"/>
    <property name="os.name" value="Linux"/>
    <property name="sun.boot.class.path" value="/usr/lib/jvm/java-8-openjdk-amd64/jre/lib/resources.jar:/usr/lib/jvm/java-8-openjdk-amd64/jre/lib/rt.jar:/usr/lib/jvm/java-8-openjdk-amd64/jre/lib/sunrsasign.jar:/usr/lib/jvm/java-8-openjdk-amd64/jre/lib/jsse.jar:/usr/lib/jvm/java-8-openjdk-amd64/jre/lib/jce.jar:/usr/lib/jvm/java-8-openjdk-amd64/jre/lib/charsets.jar:/usr/lib/jvm/java-8-openjdk-amd64/jre/lib/jfr.jar:/usr/lib/jvm/java-8-openjdk-amd64/jre/classes"/>
    <property name="cobertura.skip" value="true"/>
    <property name="findbugs.skip" value="true"/>
    <property name="java.vm.specification.vendor" value="Oracle Corporation"/>
    <property name="java.runtime.version" value="1.8.0_121-8u121-b13-1~bpo8+1-b13"/>
    <property name="user.name" value="root"/>
    <property name="guice.disable.misplaced.annotation.check" value="true"/>
    <property name="maven.repo.local" value="/root/./workspace/matsim-org/matsim/386581902/.m2"/>
    <property name="user.language" value="en"/>
    <property name="sun.boot.library.path" value="/usr/lib/jvm/java-8-openjdk-amd64/jre/lib/amd64"/>
    <property name="classworlds.conf" value="/usr/share/maven/bin/m2.conf"/>
    <property name="java.version" value="1.8.0_121"/>
    <property name="user.timezone" value="Europe/Paris"/>
    <property name="rat.skip" value="true"/>
    <property name="sun.arch.data.model" value="64"/>
    <property name="java.endorsed.dirs" value="/usr/lib/jvm/java-8-openjdk-amd64/jre/lib/endorsed"/>
    <property name="sun.cpu.isalist" value=""/>
    <property name="sun.jnu.encoding" value="UTF-8"/>
    <property name="file.encoding.pkg" value="sun.io"/>
    <property name="file.separator" value="/"/>
    <property name="java.specification.name" value="Java Platform API Specification"/>
    <property name="java.class.version" value="52.0"/>
    <property name="checkstyle.skip" value="true"/>
    <property name="securerandom.source" value="file:/dev/./urandom"/>
    <property name="java.home" value="/usr/lib/jvm/java-8-openjdk-amd64/jre"/>
    <property name="java.vm.info" value="mixed mode"/>
    <property name="os.version" value="3.10.0-862.2.3.el7.x86_64"/>
    <property name="path.separator" value=":"/>
    <property name="java.vm.version" value="25.121-b13"/>
    <property name="gpg.skip" value="true"/>
    <property name="java.awt.printerjob" value="sun.print.PSPrinterJob"/>
    <property name="sun.io.unicode.encoding" value="UnicodeLittle"/>
    <property name="awt.toolkit" value="sun.awt.X11.XToolkit"/>
    <property name="os.detected.release" value="debian"/>
    <property name="user.home" value="/root"/>
    <property name="java.specification.vendor" value="Oracle Corporation"/>
    <property name="java.library.path" value="/usr/java/packages/lib/amd64:/usr/lib/x86_64-linux-gnu/jni:/lib/x86_64-linux-gnu:/usr/lib/x86_64-linux-gnu:/usr/lib/jni:/lib:/usr/lib"/>
    <property name="java.vendor.url" value="http://java.oracle.com/"/>
    <property name="java.vm.vendor" value="Oracle Corporation"/>
    <property name="os.detected.release.like.debian" value="true"/>
    <property name="dependency-check.skip" value="true"/>
    <property name="maven.home" value="/usr/share/maven"/>
    <property name="java.runtime.name" value="OpenJDK Runtime Environment"/>
    <property name="sun.java.command" value="org.codehaus.plexus.classworlds.launcher.Launcher -B -D enforcer.skip=true -D dependency-check.skip=true -D skipITs=true -D cobertura.skip=true -D maven.repo.local=/root/./workspace/matsim-org/matsim/386581902/.m2 -D rat.skip=true -D findbugs.skip=true -D skip.bower=true -D gpg.skip=true -D checkstyle.skip=true -D skip.gulp=true -D license.skip=true -D skip.npm=true test"/>
    <property name="java.class.path" value="/usr/share/maven/boot/plexus-classworlds-2.5.2.jar"/>
    <property name="os.detected.arch" value="x86_64"/>
    <property name="java.vm.specification.name" value="Java Virtual Machine Specification"/>
    <property name="java.vm.specification.version" value="1.8"/>
    <property name="sun.cpu.endian" value="little"/>
    <property name="sun.os.patch.level" value="unknown"/>
    <property name="os.detected.classifier" value="linux-x86_64"/>
    <property name="java.io.tmpdir" value="/tmp"/>
    <property name="java.vendor.url.bug" value="http://bugreport.sun.com/bugreport/"/>
    <property name="maven.multiModuleProjectDirectory" value="/root/workspace/matsim-org/matsim/386581902"/>
    <property name="os.arch" value="amd64"/>
    <property name="java.awt.graphicsenv" value="sun.awt.X11GraphicsEnvironment"/>
    <property name="java.ext.dirs" value="/usr/lib/jvm/java-8-openjdk-amd64/jre/lib/ext:/usr/java/packages/lib/ext"/>
    <property name="os.detected.release.version" value="8"/>
    <property name="user.dir" value="/root/workspace/matsim-org/matsim/386581902"/>
    <property name="skipITs" value="true"/>
    <property name="line.separator" value="&#10;"/>
    <property name="java.vm.name" value="OpenJDK 64-Bit Server VM"/>
    <property name="enforcer.skip" value="true"/>
    <property name="skip.gulp" value="true"/>
    <property name="skip.bower" value="true"/>
    <property name="skip.npm" value="true"/>
    <property name="file.encoding" value="UTF-8"/>
    <property name="os.detected.name" value="linux"/>
    <property name="license.skip" value="true"/>
    <property name="java.specification.version" value="1.8"/>
  </properties>
  <testcase name="testMain" classname="org.matsim.run.InitRoutesTest" time="0.113">
    <error message="org.xml.sax.SAXParseException; lineNumber: 15; columnNumber: 111; Attribute &quot;vehicleId&quot; must be declared for element type &quot;route&quot;." type="org.matsim.core.utils.io.UncheckedIOException">org.matsim.core.utils.io.UncheckedIOException: org.xml.sax.SAXParseException; lineNumber: 15; columnNumber: 111; Attribute "vehicleId" must be declared for element type "route".
	at org.matsim.run.InitRoutesTest.testMain(InitRoutesTest.java:95)
Caused by: org.xml.sax.SAXParseException: Attribute "vehicleId" must be declared for element type "route".
	at org.matsim.run.InitRoutesTest.testMain(InitRoutesTest.java:95)
</error>
    <system-out><![CDATA[2018-06-01 12:17:45,733  INFO Config:563 setting context tofile:/root/workspace/matsim-org/matsim/386581902/matsim/]
2018-06-01 12:17:45,736  INFO Config:563 setting context tofile:/root/workspace/matsim-org/matsim/386581902/matsim/]
2018-06-01 12:17:45,737  INFO MatsimXmlParser:147 starting to parse xml from file test/scenarios/equil/network.xml ...
2018-06-01 12:17:45,738  INFO IOUtils:370 streaming file from classpath: test/scenarios/equil/network.xml
2018-06-01 12:17:45,739  INFO MatsimNetworkReader:90 using network_v1-reader.
2018-06-01 12:17:45,739  INFO MatsimXmlParser:307 Using local DTD from classpath:dtd/network_v1.dtd
2018-06-01 12:17:45,739  INFO NetworkImpl:167  node # 1
2018-06-01 12:17:45,739  INFO NetworkImpl:167  node # 4
2018-06-01 12:17:45,740  INFO NetworkImpl:163  link # 1
2018-06-01 12:17:45,740  INFO NetworkImpl:163  link # 4
2018-06-01 12:17:45,740  INFO NetworkImpl:163  link # 16
2018-06-01 12:17:45,740  INFO Config:563 setting context tofile:/root/workspace/matsim-org/matsim/386581902/matsim/]
2018-06-01 12:17:45,742  INFO PopulationImpl:112  person # 1
2018-06-01 12:17:45,742  INFO Counter:70 [PopulationWriter] dumped person # 1
2018-06-01 12:17:45,742  INFO PopulationWriter:139 Population written to: test/output/org/matsim/run/InitRoutesTest/testMain/plans.in.xml
2018-06-01 12:17:45,742  INFO Counter:76 [PopulationWriter] dumped person # 1
2018-06-01 12:17:45,743  INFO Config:563 setting context tofile:/root/workspace/matsim-org/matsim/386581902/matsim/]
2018-06-01 12:17:45,744  INFO Config:563 setting context tofile:/root/workspace/matsim-org/matsim/386581902/matsim/]
2018-06-01 12:17:45,745  INFO Config:563 setting context tofile:/root/workspace/matsim-org/matsim/386581902/matsim/]
2018-06-01 12:17:45,747  INFO Config:563 setting context tofile:/root/workspace/matsim-org/matsim/386581902/matsim/]
2018-06-01 12:17:45,748  INFO Config:563 setting context tofile:/root/workspace/matsim-org/matsim/386581902/matsim/]
2018-06-01 12:17:45,750  INFO Config:563 setting context tofile:/root/workspace/matsim-org/matsim/386581902/matsim/]
2018-06-01 12:17:45,751  INFO Config:563 setting context tofile:/root/workspace/matsim-org/matsim/386581902/matsim/]
2018-06-01 12:17:45,753  INFO Config:563 setting context tofile:/root/workspace/matsim-org/matsim/386581902/matsim/]
2018-06-01 12:17:45,754  INFO Config:563 setting context tofile:/root/workspace/matsim-org/matsim/386581902/matsim/]
2018-06-01 12:17:45,756  INFO Config:563 setting context tofile:/root/workspace/matsim-org/matsim/386581902/matsim/]
2018-06-01 12:17:45,757  INFO Config:563 setting context tofile:/root/workspace/matsim-org/matsim/386581902/matsim/]
2018-06-01 12:17:45,759  INFO Config:563 setting context tofile:/root/workspace/matsim-org/matsim/386581902/matsim/]
2018-06-01 12:17:45,760  INFO Config:563 setting context tofile:/root/workspace/matsim-org/matsim/386581902/matsim/]
2018-06-01 12:17:45,762  INFO Config:563 setting context tofile:/root/workspace/matsim-org/matsim/386581902/matsim/]
2018-06-01 12:17:45,763  INFO Config:563 setting context tofile:/root/workspace/matsim-org/matsim/386581902/matsim/]
2018-06-01 12:17:45,765  INFO Config:563 setting context tofile:/root/workspace/matsim-org/matsim/386581902/matsim/]
2018-06-01 12:17:45,766  INFO Config:563 setting context tofile:/root/workspace/matsim-org/matsim/386581902/matsim/]
2018-06-01 12:17:45,768  INFO Config:563 setting context tofile:/root/workspace/matsim-org/matsim/386581902/matsim/]
2018-06-01 12:17:45,769  INFO Config:563 setting context tofile:/root/workspace/matsim-org/matsim/386581902/matsim/]
2018-06-01 12:17:45,771  INFO Config:563 setting context tofile:/root/workspace/matsim-org/matsim/386581902/matsim/]
2018-06-01 12:17:45,772  INFO Config:563 setting context tofile:/root/workspace/matsim-org/matsim/386581902/matsim/]
2018-06-01 12:17:45,774  INFO Config:563 setting context tofile:/root/workspace/matsim-org/matsim/386581902/matsim/]
2018-06-01 12:17:45,775  INFO Config:563 setting context tofile:/root/workspace/matsim-org/matsim/386581902/matsim/]
2018-06-01 12:17:45,777  INFO Config:563 setting context tofile:/root/workspace/matsim-org/matsim/386581902/matsim/]
2018-06-01 12:17:45,779  INFO Config:563 setting context tofile:/root/workspace/matsim-org/matsim/386581902/matsim/]
2018-06-01 12:17:45,781  INFO MatsimXmlParser:155 starting to parse xml from url file:/root/workspace/matsim-org/matsim/386581902/matsim/test/output/org/matsim/run/InitRoutesTest/testMain/config.xml ...
2018-06-01 12:17:45,782  INFO ConfigReader:102 using config_v2-reader
2018-06-01 12:17:45,782  INFO MatsimXmlParser:307 Using local DTD from classpath:dtd/config_v2.dtd
2018-06-01 12:17:45,783  INFO GlobalConfigGroup:72 setting number of threads to: 2
2018-06-01 12:17:45,784  INFO PlanCalcScoreConfigGroup:463 scoring parameters for subpopulation null were just replaced.
2018-06-01 12:17:45,786  INFO Config:563 setting context tofile:/root/workspace/matsim-org/matsim/386581902/matsim/test/output/org/matsim/run/InitRoutesTest/testMain/config.xml]
2018-06-01 12:17:45,786  INFO MatsimXmlParser:147 starting to parse xml from file test/scenarios/equil/network.xml ...
2018-06-01 12:17:45,787  INFO IOUtils:370 streaming file from classpath: test/scenarios/equil/network.xml
2018-06-01 12:17:45,787  INFO MatsimNetworkReader:90 using network_v1-reader.
2018-06-01 12:17:45,788  INFO MatsimXmlParser:307 Using local DTD from classpath:dtd/network_v1.dtd
2018-06-01 12:17:45,788  INFO NetworkImpl:167  node # 1
2018-06-01 12:17:45,788  INFO NetworkImpl:167  node # 4
2018-06-01 12:17:45,788  INFO NetworkImpl:163  link # 1
2018-06-01 12:17:45,789  INFO NetworkImpl:163  link # 4
2018-06-01 12:17:45,789  INFO NetworkImpl:163  link # 16
2018-06-01 12:17:45,823  INFO Injector:81 === printInjector start ===
2018-06-01 12:17:45,824  INFO Injector:85 org.matsim.api.core.v01.Scenario 
2018-06-01 12:17:45,824  INFO Injector:86   --> provider: of(org.matsim.core.scenario.MutableScenario@16fce30)
2018-06-01 12:17:45,824  INFO Injector:87   --> source: org.matsim.core.scenario.ScenarioByInstanceModule.install(ScenarioByInstanceModule.java:31)
2018-06-01 12:17:45,824  INFO Injector:89   --> scope: eager singleton
2018-06-01 12:17:45,824  INFO Injector:94   ==full==> InstanceBinding{key=Key[type=org.matsim.api.core.v01.Scenario, annotation=[none]], source=org.matsim.core.scenario.ScenarioByInstanceModule.install(ScenarioByInstanceModule.java:31), instance=org.matsim.core.scenario.MutableScenario@16fce30}
2018-06-01 12:17:45,824  INFO Injector:96 
2018-06-01 12:17:45,824  INFO Injector:85 org.matsim.api.core.v01.population.PopulationFactory 
2018-06-01 12:17:45,824  INFO Injector:86   --> provider: @Provides org.matsim.core.scenario.ScenarioByInstanceModule.providePopulationFactory(ScenarioByInstanceModule.java:47)
2018-06-01 12:17:45,824  INFO Injector:87   --> source: org.matsim.api.core.v01.population.PopulationFactory org.matsim.core.scenario.ScenarioByInstanceModule.providePopulationFactory(org.matsim.api.core.v01.population.Population)
2018-06-01 12:17:45,824  INFO Injector:89   --> scope: Scopes.NO_SCOPE
2018-06-01 12:17:45,824  INFO Injector:94   ==full==> ProviderInstanceBinding{key=Key[type=org.matsim.api.core.v01.population.PopulationFactory, annotation=[none]], source=org.matsim.api.core.v01.population.PopulationFactory org.matsim.core.scenario.ScenarioByInstanceModule.providePopulationFactory(org.matsim.api.core.v01.population.Population), scope=Scopes.NO_SCOPE, provider=@Provides org.matsim.core.scenario.ScenarioByInstanceModule.providePopulationFactory(ScenarioByInstanceModule.java:47)}
2018-06-01 12:17:45,825  INFO Injector:96 
2018-06-01 12:17:45,825  INFO Injector:85 org.matsim.api.core.v01.network.Network 
2018-06-01 12:17:45,825  INFO Injector:86   --> provider: @Provides org.matsim.core.scenario.ScenarioByInstanceModule.provideNetwork(ScenarioByInstanceModule.java:39)
2018-06-01 12:17:45,825  INFO Injector:87   --> source: org.matsim.api.core.v01.network.Network org.matsim.core.scenario.ScenarioByInstanceModule.provideNetwork(org.matsim.api.core.v01.Scenario)
2018-06-01 12:17:45,825  INFO Injector:89   --> scope: Scopes.NO_SCOPE
2018-06-01 12:17:45,825  INFO Injector:94   ==full==> ProviderInstanceBinding{key=Key[type=org.matsim.api.core.v01.network.Network, annotation=[none]], source=org.matsim.api.core.v01.network.Network org.matsim.core.scenario.ScenarioByInstanceModule.provideNetwork(org.matsim.api.core.v01.Scenario), scope=Scopes.NO_SCOPE, provider=@Provides org.matsim.core.scenario.ScenarioByInstanceModule.provideNetwork(ScenarioByInstanceModule.java:39)}
2018-06-01 12:17:45,825  INFO Injector:96 
2018-06-01 12:17:45,825  INFO Injector:85 org.matsim.facilities.ActivityFacilities 
2018-06-01 12:17:45,825  INFO Injector:86   --> provider: @Provides org.matsim.core.scenario.ScenarioByInstanceModule.provideActivityFacilities(ScenarioByInstanceModule.java:51)
2018-06-01 12:17:45,825  INFO Injector:87   --> source: org.matsim.facilities.ActivityFacilities org.matsim.core.scenario.ScenarioByInstanceModule.provideActivityFacilities(org.matsim.api.core.v01.Scenario)
2018-06-01 12:17:45,825  INFO Injector:89   --> scope: Scopes.NO_SCOPE
2018-06-01 12:17:45,826  INFO Injector:94   ==full==> ProviderInstanceBinding{key=Key[type=org.matsim.facilities.ActivityFacilities, annotation=[none]], source=org.matsim.facilities.ActivityFacilities org.matsim.core.scenario.ScenarioByInstanceModule.provideActivityFacilities(org.matsim.api.core.v01.Scenario), scope=Scopes.NO_SCOPE, provider=@Provides org.matsim.core.scenario.ScenarioByInstanceModule.provideActivityFacilities(ScenarioByInstanceModule.java:51)}
2018-06-01 12:17:45,826  INFO Injector:96 
2018-06-01 12:17:45,826  INFO Injector:85 org.matsim.households.Households 
2018-06-01 12:17:45,826  INFO Injector:86   --> provider: @Provides org.matsim.core.scenario.ScenarioByInstanceModule.provideHouseholds(ScenarioByInstanceModule.java:56)
2018-06-01 12:17:45,826  INFO Injector:87   --> source: org.matsim.households.Households org.matsim.core.scenario.ScenarioByInstanceModule.provideHouseholds(org.matsim.api.core.v01.Scenario)
2018-06-01 12:17:45,826  INFO Injector:89   --> scope: Scopes.NO_SCOPE
2018-06-01 12:17:45,826  INFO Injector:94   ==full==> ProviderInstanceBinding{key=Key[type=org.matsim.households.Households, annotation=[none]], source=org.matsim.households.Households org.matsim.core.scenario.ScenarioByInstanceModule.provideHouseholds(org.matsim.api.core.v01.Scenario), scope=Scopes.NO_SCOPE, provider=@Provides org.matsim.core.scenario.ScenarioByInstanceModule.provideHouseholds(ScenarioByInstanceModule.java:56)}
2018-06-01 12:17:45,826  INFO Injector:96 
2018-06-01 12:17:45,826  INFO Injector:85 org.matsim.vehicles.Vehicles 
2018-06-01 12:17:45,826  INFO Injector:86   --> provider: @Provides org.matsim.core.scenario.ScenarioByInstanceModule.provideVehicles(ScenarioByInstanceModule.java:61)
2018-06-01 12:17:45,826  INFO Injector:87   --> source: org.matsim.vehicles.Vehicles org.matsim.core.scenario.ScenarioByInstanceModule.provideVehicles(org.matsim.api.core.v01.Scenario)
2018-06-01 12:17:45,826  INFO Injector:89   --> scope: Scopes.NO_SCOPE
2018-06-01 12:17:45,827  INFO Injector:94   ==full==> ProviderInstanceBinding{key=Key[type=org.matsim.vehicles.Vehicles, annotation=[none]], source=org.matsim.vehicles.Vehicles org.matsim.core.scenario.ScenarioByInstanceModule.provideVehicles(org.matsim.api.core.v01.Scenario), scope=Scopes.NO_SCOPE, provider=@Provides org.matsim.core.scenario.ScenarioByInstanceModule.provideVehicles(ScenarioByInstanceModule.java:61)}
2018-06-01 12:17:45,827  INFO Injector:96 
2018-06-01 12:17:45,827  INFO Injector:85 org.matsim.lanes.data.Lanes 
2018-06-01 12:17:45,827  INFO Injector:86   --> provider: @Provides org.matsim.core.scenario.ScenarioByInstanceModule.provideLanes(ScenarioByInstanceModule.java:66)
2018-06-01 12:17:45,827  INFO Injector:87   --> source: org.matsim.lanes.data.Lanes org.matsim.core.scenario.ScenarioByInstanceModule.provideLanes(org.matsim.api.core.v01.Scenario)
2018-06-01 12:17:45,827  INFO Injector:89   --> scope: Scopes.NO_SCOPE
2018-06-01 12:17:45,827  INFO Injector:94   ==full==> ProviderInstanceBinding{key=Key[type=org.matsim.lanes.data.Lanes, annotation=[none]], source=org.matsim.lanes.data.Lanes org.matsim.core.scenario.ScenarioByInstanceModule.provideLanes(org.matsim.api.core.v01.Scenario), scope=Scopes.NO_SCOPE, provider=@Provides org.matsim.core.scenario.ScenarioByInstanceModule.provideLanes(ScenarioByInstanceModule.java:66)}
2018-06-01 12:17:45,827  INFO Injector:96 
2018-06-01 12:17:45,827  INFO Injector:85 org.matsim.api.core.v01.population.Population 
2018-06-01 12:17:45,827  INFO Injector:86   --> provider: @Provides org.matsim.core.scenario.ScenarioByInstanceModule.providePopulation(ScenarioByInstanceModule.java:43)
2018-06-01 12:17:45,828  INFO Injector:87   --> source: org.matsim.api.core.v01.population.Population org.matsim.core.scenario.ScenarioByInstanceModule.providePopulation(org.matsim.api.core.v01.Scenario)
2018-06-01 12:17:45,828  INFO Injector:89   --> scope: Scopes.NO_SCOPE
2018-06-01 12:17:45,828  INFO Injector:94   ==full==> ProviderInstanceBinding{key=Key[type=org.matsim.api.core.v01.population.Population, annotation=[none]], source=org.matsim.api.core.v01.population.Population org.matsim.core.scenario.ScenarioByInstanceModule.providePopulation(org.matsim.api.core.v01.Scenario), scope=Scopes.NO_SCOPE, provider=@Provides org.matsim.core.scenario.ScenarioByInstanceModule.providePopulation(ScenarioByInstanceModule.java:43)}
2018-06-01 12:17:45,828  INFO Injector:96 
2018-06-01 12:17:45,828  INFO Injector:85 org.matsim.core.router.util.TravelTime @com.google.inject.name.Named(value=car)
2018-06-01 12:17:45,828  INFO Injector:86   --> provider: of(org.matsim.core.router.costcalculators.FreespeedTravelTimeAndDisutility@447212f5)
2018-06-01 12:17:45,828  INFO Injector:87   --> source: org.matsim.run.InitRoutes$1$1.install(InitRoutes.java:146)
2018-06-01 12:17:45,828  INFO Injector:89   --> scope: eager singleton
2018-06-01 12:17:45,828  INFO Injector:94   ==full==> InstanceBinding{key=Key[type=org.matsim.core.router.util.TravelTime, annotation=@com.google.inject.name.Named(value=car)], source=org.matsim.run.InitRoutes$1$1.install(InitRoutes.java:146), instance=org.matsim.core.router.costcalculators.FreespeedTravelTimeAndDisutility@447212f5}
2018-06-01 12:17:45,828  INFO Injector:96 
2018-06-01 12:17:45,828  INFO Injector:85 org.matsim.core.router.costcalculators.TravelDisutilityFactory @com.google.inject.name.Named(value=car)
2018-06-01 12:17:45,828  INFO Injector:86   --> provider: of(org.matsim.run.InitRoutes$1$1$1@40ba0d31)
2018-06-01 12:17:45,829  INFO Injector:87   --> source: org.matsim.run.InitRoutes$1$1.install(InitRoutes.java:147)
2018-06-01 12:17:45,829  INFO Injector:89   --> scope: eager singleton
2018-06-01 12:17:45,829  INFO Injector:94   ==full==> InstanceBinding{key=Key[type=org.matsim.core.router.costcalculators.TravelDisutilityFactory, annotation=@com.google.inject.name.Named(value=car)], source=org.matsim.run.InitRoutes$1$1.install(InitRoutes.java:147), instance=org.matsim.run.InitRoutes$1$1$1@40ba0d31}
2018-06-01 12:17:45,829  INFO Injector:96 
2018-06-01 12:17:45,829  INFO Injector:85 org.matsim.core.router.MainModeIdentifier 
2018-06-01 12:17:45,829  INFO Injector:86   --> provider: FactoryProxy{key=Key[type=org.matsim.core.router.MainModeIdentifier, annotation=[none]], provider=com.google.inject.internal.ConstructorBindingImpl$Factory@7d0c308b}
2018-06-01 12:17:45,829  INFO Injector:87   --> source: org.matsim.core.router.TripRouterModule.install(TripRouterModule.java:44)
2018-06-01 12:17:45,829  INFO Injector:89   --> scope: Scopes.NO_SCOPE
2018-06-01 12:17:45,829  INFO Injector:92   --> target: Key[type=org.matsim.core.router.MainModeIdentifierImpl, annotation=[none]]
2018-06-01 12:17:45,829  INFO Injector:94   ==full==> LinkedKeyBinding{key=Key[type=org.matsim.core.router.MainModeIdentifier, annotation=[none]], source=org.matsim.core.router.TripRouterModule.install(TripRouterModule.java:44), scope=Scopes.NO_SCOPE, target=Key[type=org.matsim.core.router.MainModeIdentifierImpl, annotation=[none]]}
2018-06-01 12:17:45,829  INFO Injector:96 
2018-06-01 12:17:45,829  INFO Injector:85 org.matsim.core.router.util.LeastCostPathCalculatorFactory 
2018-06-01 12:17:45,830  INFO Injector:86   --> provider: FactoryProxy{key=Key[type=org.matsim.core.router.util.LeastCostPathCalculatorFactory, annotation=[none]], provider=com.google.inject.internal.ConstructorBindingImpl$Factory@5f2bb63e[Scopes.SINGLETON]}
2018-06-01 12:17:45,830  INFO Injector:87   --> source: org.matsim.core.router.LeastCostPathCalculatorModule.install(LeastCostPathCalculatorModule.java:40)
2018-06-01 12:17:45,830  INFO Injector:89   --> scope: Scopes.NO_SCOPE
2018-06-01 12:17:45,830  INFO Injector:92   --> target: Key[type=org.matsim.core.router.DijkstraFactory, annotation=[none]]
2018-06-01 12:17:45,830  INFO Injector:94   ==full==> LinkedKeyBinding{key=Key[type=org.matsim.core.router.util.LeastCostPathCalculatorFactory, annotation=[none]], source=org.matsim.core.router.LeastCostPathCalculatorModule.install(LeastCostPathCalculatorModule.java:40), scope=Scopes.NO_SCOPE, target=Key[type=org.matsim.core.router.DijkstraFactory, annotation=[none]]}
2018-06-01 12:17:45,830  INFO Injector:96 
2018-06-01 12:17:45,830  INFO Injector:85 org.matsim.core.router.RoutingModule @com.google.inject.name.Named(value=ride)
2018-06-01 12:17:45,830  INFO Injector:86   --> provider: org.matsim.core.router.FreespeedFactorRouting@465a6105
2018-06-01 12:17:45,830  INFO Injector:87   --> source: org.matsim.core.router.TripRouterModule.install(TripRouterModule.java:55)
2018-06-01 12:17:45,830  INFO Injector:89   --> scope: Scopes.NO_SCOPE
2018-06-01 12:17:45,830  INFO Injector:94   ==full==> ProviderInstanceBinding{key=Key[type=org.matsim.core.router.RoutingModule, annotation=@com.google.inject.name.Named(value=ride)], source=org.matsim.core.router.TripRouterModule.install(TripRouterModule.java:55), scope=Scopes.NO_SCOPE, provider=org.matsim.core.router.FreespeedFactorRouting@465a6105}
2018-06-01 12:17:45,831  INFO Injector:96 
2018-06-01 12:17:45,831  INFO Injector:85 org.matsim.core.router.RoutingModule @com.google.inject.name.Named(value=pt)
2018-06-01 12:17:45,831  INFO Injector:86   --> provider: org.matsim.core.router.FreespeedFactorRouting@2587ce8e
2018-06-01 12:17:45,831  INFO Injector:87   --> source: org.matsim.core.router.TripRouterModule.install(TripRouterModule.java:55)
2018-06-01 12:17:45,831  INFO Injector:89   --> scope: Scopes.NO_SCOPE
2018-06-01 12:17:45,831  INFO Injector:94   ==full==> ProviderInstanceBinding{key=Key[type=org.matsim.core.router.RoutingModule, annotation=@com.google.inject.name.Named(value=pt)], source=org.matsim.core.router.TripRouterModule.install(TripRouterModule.java:55), scope=Scopes.NO_SCOPE, provider=org.matsim.core.router.FreespeedFactorRouting@2587ce8e}
2018-06-01 12:17:45,831  INFO Injector:96 
2018-06-01 12:17:45,831  INFO Injector:85 org.matsim.core.router.RoutingModule @com.google.inject.name.Named(value=bike)
2018-06-01 12:17:45,831  INFO Injector:86   --> provider: org.matsim.core.router.BeelineTeleportationRouting@825bf06
2018-06-01 12:17:45,831  INFO Injector:87   --> source: org.matsim.core.router.TripRouterModule.install(TripRouterModule.java:58)
2018-06-01 12:17:45,831  INFO Injector:89   --> scope: Scopes.NO_SCOPE
2018-06-01 12:17:45,831  INFO Injector:94   ==full==> ProviderInstanceBinding{key=Key[type=org.matsim.core.router.RoutingModule, annotation=@com.google.inject.name.Named(value=bike)], source=org.matsim.core.router.TripRouterModule.install(TripRouterModule.java:58), scope=Scopes.NO_SCOPE, provider=org.matsim.core.router.BeelineTeleportationRouting@825bf06}
2018-06-01 12:17:45,832  INFO Injector:96 
2018-06-01 12:17:45,832  INFO Injector:85 org.matsim.core.router.RoutingModule @com.google.inject.name.Named(value=walk)
2018-06-01 12:17:45,832  INFO Injector:86   --> provider: org.matsim.core.router.BeelineTeleportationRouting@43239225
2018-06-01 12:17:45,832  INFO Injector:87   --> source: org.matsim.core.router.TripRouterModule.install(TripRouterModule.java:58)
2018-06-01 12:17:45,832  INFO Injector:89   --> scope: Scopes.NO_SCOPE
2018-06-01 12:17:45,832  INFO Injector:94   ==full==> ProviderInstanceBinding{key=Key[type=org.matsim.core.router.RoutingModule, annotation=@com.google.inject.name.Named(value=walk)], source=org.matsim.core.router.TripRouterModule.install(TripRouterModule.java:58), scope=Scopes.NO_SCOPE, provider=org.matsim.core.router.BeelineTeleportationRouting@43239225}
2018-06-01 12:17:45,832  INFO Injector:96 
2018-06-01 12:17:45,832  INFO Injector:85 org.matsim.core.router.RoutingModule @com.google.inject.name.Named(value=access_walk)
2018-06-01 12:17:45,832  INFO Injector:86   --> provider: org.matsim.core.router.BeelineTeleportationRouting@5664910d
2018-06-01 12:17:45,832  INFO Injector:87   --> source: org.matsim.core.router.TripRouterModule.install(TripRouterModule.java:58)
2018-06-01 12:17:45,832  INFO Injector:89   --> scope: Scopes.NO_SCOPE
2018-06-01 12:17:45,832  INFO Injector:94   ==full==> ProviderInstanceBinding{key=Key[type=org.matsim.core.router.RoutingModule, annotation=@com.google.inject.name.Named(value=access_walk)], source=org.matsim.core.router.TripRouterModule.install(TripRouterModule.java:58), scope=Scopes.NO_SCOPE, provider=org.matsim.core.router.BeelineTeleportationRouting@5664910d}
2018-06-01 12:17:45,833  INFO Injector:96 
2018-06-01 12:17:45,833  INFO Injector:85 org.matsim.core.router.RoutingModule @com.google.inject.name.Named(value=egress_walk)
2018-06-01 12:17:45,833  INFO Injector:86   --> provider: org.matsim.core.router.BeelineTeleportationRouting@4d8cc6f1
2018-06-01 12:17:45,833  INFO Injector:87   --> source: org.matsim.core.router.TripRouterModule.install(TripRouterModule.java:58)
2018-06-01 12:17:45,833  INFO Injector:89   --> scope: Scopes.NO_SCOPE
2018-06-01 12:17:45,833  INFO Injector:94   ==full==> ProviderInstanceBinding{key=Key[type=org.matsim.core.router.RoutingModule, annotation=@com.google.inject.name.Named(value=egress_walk)], source=org.matsim.core.router.TripRouterModule.install(TripRouterModule.java:58), scope=Scopes.NO_SCOPE, provider=org.matsim.core.router.BeelineTeleportationRouting@4d8cc6f1}
2018-06-01 12:17:45,833  INFO Injector:96 
2018-06-01 12:17:45,833  INFO Injector:85 org.matsim.core.router.RoutingModule @com.google.inject.name.Named(value=undefined)
2018-06-01 12:17:45,833  INFO Injector:86   --> provider: org.matsim.core.router.BeelineTeleportationRouting@68748dc9
2018-06-01 12:17:45,833  INFO Injector:87   --> source: org.matsim.core.router.TripRouterModule.install(TripRouterModule.java:58)
2018-06-01 12:17:45,833  INFO Injector:89   --> scope: Scopes.NO_SCOPE
2018-06-01 12:17:45,833  INFO Injector:94   ==full==> ProviderInstanceBinding{key=Key[type=org.matsim.core.router.RoutingModule, annotation=@com.google.inject.name.Named(value=undefined)], source=org.matsim.core.router.TripRouterModule.install(TripRouterModule.java:58), scope=Scopes.NO_SCOPE, provider=org.matsim.core.router.BeelineTeleportationRouting@68748dc9}
2018-06-01 12:17:45,834  INFO Injector:96 
2018-06-01 12:17:45,834  INFO Injector:85 org.matsim.core.router.RoutingModule @com.google.inject.name.Named(value=car)
2018-06-01 12:17:45,834  INFO Injector:86   --> provider: org.matsim.core.router.NetworkRoutingProvider@37199858
2018-06-01 12:17:45,834  INFO Injector:87   --> source: org.matsim.core.router.TripRouterModule.install(TripRouterModule.java:66)
2018-06-01 12:17:45,834  INFO Injector:89   --> scope: Scopes.NO_SCOPE
2018-06-01 12:17:45,834  INFO Injector:94   ==full==> ProviderInstanceBinding{key=Key[type=org.matsim.core.router.RoutingModule, annotation=@com.google.inject.name.Named(value=car)], source=org.matsim.core.router.TripRouterModule.install(TripRouterModule.java:66), scope=Scopes.NO_SCOPE, provider=org.matsim.core.router.NetworkRoutingProvider@37199858}
2018-06-01 12:17:45,834  INFO Injector:96 
2018-06-01 12:17:45,834  INFO Injector:85 org.matsim.core.router.RoutingModule @com.google.inject.multibindings.Element(setName=,uniqueId=5666, type=MAPBINDER, keyType=java.lang.String)
2018-06-01 12:17:45,834  INFO Injector:86   --> provider: FactoryProxy{key=Key[type=org.matsim.core.router.RoutingModule, annotation=@com.google.inject.multibindings.Element(setName=,uniqueId=5666, type=MAPBINDER, keyType=java.lang.String)], provider=org.matsim.core.router.BeelineTeleportationRouting@4d8cc6f1}
2018-06-01 12:17:45,834  INFO Injector:87   --> source: org.matsim.core.controler.Injector$3.configure(Injector.java:129)
2018-06-01 12:17:45,834  INFO Injector:89   --> scope: Scopes.NO_SCOPE
2018-06-01 12:17:45,835  INFO Injector:92   --> target: Key[type=org.matsim.core.router.RoutingModule, annotation=@com.google.inject.name.Named(value=egress_walk)]
2018-06-01 12:17:45,835  INFO Injector:94   ==full==> LinkedKeyBinding{key=Key[type=org.matsim.core.router.RoutingModule, annotation=@com.google.inject.multibindings.Element(setName=,uniqueId=5666, type=MAPBINDER, keyType=java.lang.String)], source=org.matsim.core.controler.Injector$3.configure(Injector.java:129), scope=Scopes.NO_SCOPE, target=Key[type=org.matsim.core.router.RoutingModule, annotation=@com.google.inject.name.Named(value=egress_walk)]}
2018-06-01 12:17:45,835  INFO Injector:96 
2018-06-01 12:17:45,835  INFO Injector:85 org.matsim.core.router.RoutingModule @com.google.inject.multibindings.Element(setName=,uniqueId=5668, type=MAPBINDER, keyType=java.lang.String)
2018-06-01 12:17:45,835  INFO Injector:86   --> provider: FactoryProxy{key=Key[type=org.matsim.core.router.RoutingModule, annotation=@com.google.inject.multibindings.Element(setName=,uniqueId=5668, type=MAPBINDER, keyType=java.lang.String)], provider=org.matsim.core.router.FreespeedFactorRouting@2587ce8e}
2018-06-01 12:17:45,835  INFO Injector:87   --> source: org.matsim.core.controler.Injector$3.configure(Injector.java:129)
2018-06-01 12:17:45,835  INFO Injector:89   --> scope: Scopes.NO_SCOPE
2018-06-01 12:17:45,835  INFO Injector:92   --> target: Key[type=org.matsim.core.router.RoutingModule, annotation=@com.google.inject.name.Named(value=pt)]
2018-06-01 12:17:45,835  INFO Injector:94   ==full==> LinkedKeyBinding{key=Key[type=org.matsim.core.router.RoutingModule, annotation=@com.google.inject.multibindings.Element(setName=,uniqueId=5668, type=MAPBINDER, keyType=java.lang.String)], source=org.matsim.core.controler.Injector$3.configure(Injector.java:129), scope=Scopes.NO_SCOPE, target=Key[type=org.matsim.core.router.RoutingModule, annotation=@com.google.inject.name.Named(value=pt)]}
2018-06-01 12:17:45,835  INFO Injector:96 
2018-06-01 12:17:45,835  INFO Injector:85 org.matsim.core.router.RoutingModule @com.google.inject.multibindings.Element(setName=,uniqueId=5670, type=MAPBINDER, keyType=java.lang.String)
2018-06-01 12:17:45,835  INFO Injector:86   --> provider: FactoryProxy{key=Key[type=org.matsim.core.router.RoutingModule, annotation=@com.google.inject.multibindings.Element(setName=,uniqueId=5670, type=MAPBINDER, keyType=java.lang.String)], provider=org.matsim.core.router.NetworkRoutingProvider@37199858}
2018-06-01 12:17:45,836  INFO Injector:87   --> source: org.matsim.core.controler.Injector$3.configure(Injector.java:129)
2018-06-01 12:17:45,836  INFO Injector:89   --> scope: Scopes.NO_SCOPE
2018-06-01 12:17:45,836  INFO Injector:92   --> target: Key[type=org.matsim.core.router.RoutingModule, annotation=@com.google.inject.name.Named(value=car)]
2018-06-01 12:17:45,836  INFO Injector:94   ==full==> LinkedKeyBinding{key=Key[type=org.matsim.core.router.RoutingModule, annotation=@com.google.inject.multibindings.Element(setName=,uniqueId=5670, type=MAPBINDER, keyType=java.lang.String)], source=org.matsim.core.controler.Injector$3.configure(Injector.java:129), scope=Scopes.NO_SCOPE, target=Key[type=org.matsim.core.router.RoutingModule, annotation=@com.google.inject.name.Named(value=car)]}
2018-06-01 12:17:45,836  INFO Injector:96 
2018-06-01 12:17:45,836  INFO Injector:85 org.matsim.core.router.RoutingModule @com.google.inject.multibindings.Element(setName=,uniqueId=5672, type=MAPBINDER, keyType=java.lang.String)
2018-06-01 12:17:45,836  INFO Injector:86   --> provider: FactoryProxy{key=Key[type=org.matsim.core.router.RoutingModule, annotation=@com.google.inject.multibindings.Element(setName=,uniqueId=5672, type=MAPBINDER, keyType=java.lang.String)], provider=org.matsim.core.router.BeelineTeleportationRouting@5664910d}
2018-06-01 12:17:45,836  INFO Injector:87   --> source: org.matsim.core.controler.Injector$3.configure(Injector.java:129)
2018-06-01 12:17:45,836  INFO Injector:89   --> scope: Scopes.NO_SCOPE
2018-06-01 12:17:45,836  INFO Injector:92   --> target: Key[type=org.matsim.core.router.RoutingModule, annotation=@com.google.inject.name.Named(value=access_walk)]
2018-06-01 12:17:45,836  INFO Injector:94   ==full==> LinkedKeyBinding{key=Key[type=org.matsim.core.router.RoutingModule, annotation=@com.google.inject.multibindings.Element(setName=,uniqueId=5672, type=MAPBINDER, keyType=java.lang.String)], source=org.matsim.core.controler.Injector$3.configure(Injector.java:129), scope=Scopes.NO_SCOPE, target=Key[type=org.matsim.core.router.RoutingModule, annotation=@com.google.inject.name.Named(value=access_walk)]}
2018-06-01 12:17:45,836  INFO Injector:96 
2018-06-01 12:17:45,837  INFO Injector:85 org.matsim.core.router.RoutingModule @com.google.inject.multibindings.Element(setName=,uniqueId=5674, type=MAPBINDER, keyType=java.lang.String)
2018-06-01 12:17:45,837  INFO Injector:86   --> provider: FactoryProxy{key=Key[type=org.matsim.core.router.RoutingModule, annotation=@com.google.inject.multibindings.Element(setName=,uniqueId=5674, type=MAPBINDER, keyType=java.lang.String)], provider=org.matsim.core.router.FreespeedFactorRouting@465a6105}
2018-06-01 12:17:45,837  INFO Injector:87   --> source: org.matsim.core.controler.Injector$3.configure(Injector.java:129)
2018-06-01 12:17:45,837  INFO Injector:89   --> scope: Scopes.NO_SCOPE
2018-06-01 12:17:45,837  INFO Injector:92   --> target: Key[type=org.matsim.core.router.RoutingModule, annotation=@com.google.inject.name.Named(value=ride)]
2018-06-01 12:17:45,837  INFO Injector:94   ==full==> LinkedKeyBinding{key=Key[type=org.matsim.core.router.RoutingModule, annotation=@com.google.inject.multibindings.Element(setName=,uniqueId=5674, type=MAPBINDER, keyType=java.lang.String)], source=org.matsim.core.controler.Injector$3.configure(Injector.java:129), scope=Scopes.NO_SCOPE, target=Key[type=org.matsim.core.router.RoutingModule, annotation=@com.google.inject.name.Named(value=ride)]}
2018-06-01 12:17:45,837  INFO Injector:96 
2018-06-01 12:17:45,837  INFO Injector:85 org.matsim.core.router.RoutingModule @com.google.inject.multibindings.Element(setName=,uniqueId=5676, type=MAPBINDER, keyType=java.lang.String)
2018-06-01 12:17:45,837  INFO Injector:86   --> provider: FactoryProxy{key=Key[type=org.matsim.core.router.RoutingModule, annotation=@com.google.inject.multibindings.Element(setName=,uniqueId=5676, type=MAPBINDER, keyType=java.lang.String)], provider=org.matsim.core.router.BeelineTeleportationRouting@43239225}
2018-06-01 12:17:45,837  INFO Injector:87   --> source: org.matsim.core.controler.Injector$3.configure(Injector.java:129)
2018-06-01 12:17:45,837  INFO Injector:89   --> scope: Scopes.NO_SCOPE
2018-06-01 12:17:45,838  INFO Injector:92   --> target: Key[type=org.matsim.core.router.RoutingModule, annotation=@com.google.inject.name.Named(value=walk)]
2018-06-01 12:17:45,838  INFO Injector:94   ==full==> LinkedKeyBinding{key=Key[type=org.matsim.core.router.RoutingModule, annotation=@com.google.inject.multibindings.Element(setName=,uniqueId=5676, type=MAPBINDER, keyType=java.lang.String)], source=org.matsim.core.controler.Injector$3.configure(Injector.java:129), scope=Scopes.NO_SCOPE, target=Key[type=org.matsim.core.router.RoutingModule, annotation=@com.google.inject.name.Named(value=walk)]}
2018-06-01 12:17:45,838  INFO Injector:96 
2018-06-01 12:17:45,838  INFO Injector:85 org.matsim.core.router.RoutingModule @com.google.inject.multibindings.Element(setName=,uniqueId=5678, type=MAPBINDER, keyType=java.lang.String)
2018-06-01 12:17:45,838  INFO Injector:86   --> provider: FactoryProxy{key=Key[type=org.matsim.core.router.RoutingModule, annotation=@com.google.inject.multibindings.Element(setName=,uniqueId=5678, type=MAPBINDER, keyType=java.lang.String)], provider=org.matsim.core.router.BeelineTeleportationRouting@825bf06}
2018-06-01 12:17:45,838  INFO Injector:87   --> source: org.matsim.core.controler.Injector$3.configure(Injector.java:129)
2018-06-01 12:17:45,838  INFO Injector:89   --> scope: Scopes.NO_SCOPE
2018-06-01 12:17:45,838  INFO Injector:92   --> target: Key[type=org.matsim.core.router.RoutingModule, annotation=@com.google.inject.name.Named(value=bike)]
2018-06-01 12:17:45,838  INFO Injector:94   ==full==> LinkedKeyBinding{key=Key[type=org.matsim.core.router.RoutingModule, annotation=@com.google.inject.multibindings.Element(setName=,uniqueId=5678, type=MAPBINDER, keyType=java.lang.String)], source=org.matsim.core.controler.Injector$3.configure(Injector.java:129), scope=Scopes.NO_SCOPE, target=Key[type=org.matsim.core.router.RoutingModule, annotation=@com.google.inject.name.Named(value=bike)]}
2018-06-01 12:17:45,838  INFO Injector:96 
2018-06-01 12:17:45,838  INFO Injector:85 org.matsim.core.router.RoutingModule @com.google.inject.multibindings.Element(setName=,uniqueId=5680, type=MAPBINDER, keyType=java.lang.String)
2018-06-01 12:17:45,838  INFO Injector:86   --> provider: FactoryProxy{key=Key[type=org.matsim.core.router.RoutingModule, annotation=@com.google.inject.multibindings.Element(setName=,uniqueId=5680, type=MAPBINDER, keyType=java.lang.String)], provider=org.matsim.core.router.BeelineTeleportationRouting@68748dc9}
2018-06-01 12:17:45,839  INFO Injector:87   --> source: org.matsim.core.controler.Injector$3.configure(Injector.java:129)
2018-06-01 12:17:45,839  INFO Injector:89   --> scope: Scopes.NO_SCOPE
2018-06-01 12:17:45,839  INFO Injector:92   --> target: Key[type=org.matsim.core.router.RoutingModule, annotation=@com.google.inject.name.Named(value=undefined)]
2018-06-01 12:17:45,839  INFO Injector:94   ==full==> LinkedKeyBinding{key=Key[type=org.matsim.core.router.RoutingModule, annotation=@com.google.inject.multibindings.Element(setName=,uniqueId=5680, type=MAPBINDER, keyType=java.lang.String)], source=org.matsim.core.controler.Injector$3.configure(Injector.java:129), scope=Scopes.NO_SCOPE, target=Key[type=org.matsim.core.router.RoutingModule, annotation=@com.google.inject.name.Named(value=undefined)]}
2018-06-01 12:17:45,839  INFO Injector:96 
2018-06-01 12:17:45,839  INFO Injector:85 org.matsim.core.router.util.TravelTime @com.google.inject.multibindings.Element(setName=,uniqueId=5682, type=MAPBINDER, keyType=java.lang.String)
2018-06-01 12:17:45,839  INFO Injector:86   --> provider: FactoryProxy{key=Key[type=org.matsim.core.router.util.TravelTime, annotation=@com.google.inject.multibindings.Element(setName=,uniqueId=5682, type=MAPBINDER, keyType=java.lang.String)], provider=ConstantFactory{value=org.matsim.core.router.costcalculators.FreespeedTravelTimeAndDisutility@447212f5}[Scopes.SINGLETON]}
2018-06-01 12:17:45,839  INFO Injector:87   --> source: org.matsim.core.controler.Injector$3.configure(Injector.java:129)
2018-06-01 12:17:45,839  INFO Injector:89   --> scope: Scopes.NO_SCOPE
2018-06-01 12:17:45,839  INFO Injector:92   --> target: Key[type=org.matsim.core.router.util.TravelTime, annotation=@com.google.inject.name.Named(value=car)]
2018-06-01 12:17:45,839  INFO Injector:94   ==full==> LinkedKeyBinding{key=Key[type=org.matsim.core.router.util.TravelTime, annotation=@com.google.inject.multibindings.Element(setName=,uniqueId=5682, type=MAPBINDER, keyType=java.lang.String)], source=org.matsim.core.controler.Injector$3.configure(Injector.java:129), scope=Scopes.NO_SCOPE, target=Key[type=org.matsim.core.router.util.TravelTime, annotation=@com.google.inject.name.Named(value=car)]}
2018-06-01 12:17:45,840  INFO Injector:96 
2018-06-01 12:17:45,840  INFO Injector:85 org.matsim.core.router.costcalculators.TravelDisutilityFactory @com.google.inject.multibindings.Element(setName=,uniqueId=5684, type=MAPBINDER, keyType=java.lang.String)
2018-06-01 12:17:45,840  INFO Injector:86   --> provider: FactoryProxy{key=Key[type=org.matsim.core.router.costcalculators.TravelDisutilityFactory, annotation=@com.google.inject.multibindings.Element(setName=,uniqueId=5684, type=MAPBINDER, keyType=java.lang.String)], provider=ConstantFactory{value=org.matsim.run.InitRoutes$1$1$1@40ba0d31}[Scopes.SINGLETON]}
2018-06-01 12:17:45,840  INFO Injector:87   --> source: org.matsim.core.controler.Injector$3.configure(Injector.java:129)
2018-06-01 12:17:45,840  INFO Injector:89   --> scope: Scopes.NO_SCOPE
2018-06-01 12:17:45,840  INFO Injector:92   --> target: Key[type=org.matsim.core.router.costcalculators.TravelDisutilityFactory, annotation=@com.google.inject.name.Named(value=car)]
2018-06-01 12:17:45,840  INFO Injector:94   ==full==> LinkedKeyBinding{key=Key[type=org.matsim.core.router.costcalculators.TravelDisutilityFactory, annotation=@com.google.inject.multibindings.Element(setName=,uniqueId=5684, type=MAPBINDER, keyType=java.lang.String)], source=org.matsim.core.controler.Injector$3.configure(Injector.java:129), scope=Scopes.NO_SCOPE, target=Key[type=org.matsim.core.router.costcalculators.TravelDisutilityFactory, annotation=@com.google.inject.name.Named(value=car)]}
2018-06-01 12:17:45,840  INFO Injector:96 
2018-06-01 12:17:45,840  INFO Injector:85 org.matsim.core.router.TripRouter 
2018-06-01 12:17:45,840  INFO Injector:86   --> provider: com.google.inject.internal.ConstructorBindingImpl$Factory@319adefb
2018-06-01 12:17:45,840  INFO Injector:87   --> source: org.matsim.core.router.TripRouterModule.install(TripRouterModule.java:43)
2018-06-01 12:17:45,841  INFO Injector:89   --> scope: Scopes.NO_SCOPE
2018-06-01 12:17:45,841  INFO Injector:94   ==full==> ConstructorBinding{key=Key[type=org.matsim.core.router.TripRouter, annotation=[none]], source=org.matsim.core.router.TripRouterModule.install(TripRouterModule.java:43), scope=Scopes.NO_SCOPE}
2018-06-01 12:17:45,841  INFO Injector:96 
2018-06-01 12:17:45,841  INFO Injector:85 org.matsim.core.router.SingleModeNetworksCache 
2018-06-01 12:17:45,841  INFO Injector:86   --> provider: com.google.inject.internal.ConstructorBindingImpl$Factory@5c53d401[Scopes.SINGLETON]
2018-06-01 12:17:45,841  INFO Injector:87   --> source: org.matsim.core.router.TripRouterModule.install(TripRouterModule.java:47)
2018-06-01 12:17:45,841  INFO Injector:89   --> scope: eager singleton
2018-06-01 12:17:45,841  INFO Injector:94   ==full==> ConstructorBinding{key=Key[type=org.matsim.core.router.SingleModeNetworksCache, annotation=[none]], source=org.matsim.core.router.TripRouterModule.install(TripRouterModule.java:47), scope=eager singleton}
2018-06-01 12:17:45,841  INFO Injector:96 
2018-06-01 12:17:45,841  INFO Injector:99 === printInjector end ===
2018-06-01 12:17:45,841 DEBUG NetworkRoutingProvider:75 requesting network routing module with routingMode=car;	mode=car
2018-06-01 12:17:45,842  INFO NetworkImpl:167  node # 1
2018-06-01 12:17:45,842  INFO NetworkImpl:167  node # 4
2018-06-01 12:17:45,842  INFO NetworkImpl:163  link # 1
2018-06-01 12:17:45,842  INFO NetworkImpl:163  link # 4
2018-06-01 12:17:45,842  INFO NetworkImpl:163  link # 16
2018-06-01 12:17:45,843  INFO MatsimXmlParser:147 starting to parse xml from file test/output/org/matsim/run/InitRoutesTest/testMain/plans.in.xml ...
2018-06-01 12:17:45,843  INFO PopulationReader:109 using population_v6-reader.
2018-06-01 12:17:45,844  INFO MatsimXmlParser:307 Using local DTD from classpath:dtd/population_v6.dtd
2018-06-01 12:17:45,844  INFO PopulationImpl:112  person # 1
2018-06-01 12:17:45,845  INFO Counter:70 [StreamingPopulationWriter] dumped person # 1
2018-06-01 12:17:45,845  INFO StreamingPopulationReader:182 processed 1 persons.
done.
2018-06-01 12:17:45,845  INFO MatsimXmlParser:147 starting to parse xml from file test/output/org/matsim/run/InitRoutesTest/testMain/plans.out.xml ...
2018-06-01 12:17:45,846  INFO PopulationReader:109 using population_v6-reader.
2018-06-01 12:17:45,846  INFO MatsimXmlParser:307 Using local DTD from classpath:dtd/population_v6.dtd
null
null
null
Attribute "vehicleId" must be declared for element type "route".
Attribute "vehicleId" must be declared for element type "route".
]]></system-out>
    <system-err><![CDATA[2018-06-01 12:17:45,783  WARN PlanCalcScoreConfigGroup$ReflectiveDelegate:1448 Setting pathSizeLogitBeta different from zero is experimental.  KN, Sep'08
XML-ERROR: test/output/org/matsim/run/InitRoutesTest/testMain/plans.out.xml, line 15, column 111:
org.xml.sax.SAXParseException; lineNumber: 15; columnNumber: 111; Attribute "vehicleId" must be declared for element type "route".
]]></system-err>
  </testcase>
</testsuite>