<?xml version="1.0" encoding="UTF-8"?>
<testsuite xmlns:xsi="http://www.w3.org/2001/XMLSchema-instance" xsi:schemaLocation="https://maven.apache.org/surefire/maven-surefire-plugin/xsd/surefire-test-report.xsd" name="org.matsim.withinday.controller.ExperiencedPlansWriterTest" time="1.123" tests="1" errors="1" skipped="0" failures="0">
  <properties>
    <property name="java.vendor" value="Oracle Corporation"/>
    <property name="sun.java.launcher" value="SUN_STANDARD"/>
    <property name="sun.management.compiler" value="HotSpot 64-Bit Tiered Compilers"/>
    <property name="os.name" value="Linux"/>
    <property name="sun.boot.class.path" value="/usr/lib/jvm/java-8-openjdk-amd64/jre/lib/resources.jar:/usr/lib/jvm/java-8-openjdk-amd64/jre/lib/rt.jar:/usr/lib/jvm/java-8-openjdk-amd64/jre/lib/sunrsasign.jar:/usr/lib/jvm/java-8-openjdk-amd64/jre/lib/jsse.jar:/usr/lib/jvm/java-8-openjdk-amd64/jre/lib/jce.jar:/usr/lib/jvm/java-8-openjdk-amd64/jre/lib/charsets.jar:/usr/lib/jvm/java-8-openjdk-amd64/jre/lib/jfr.jar:/usr/lib/jvm/java-8-openjdk-amd64/jre/classes"/>
    <property name="cobertura.skip" value="true"/>
    <property name="findbugs.skip" value="true"/>
    <property name="java.vm.specification.vendor" value="Oracle Corporation"/>
    <property name="java.runtime.version" value="1.8.0_121-8u121-b13-1~bpo8+1-b13"/>
    <property name="user.name" value="root"/>
    <property name="guice.disable.misplaced.annotation.check" value="true"/>
    <property name="maven.repo.local" value="/root/./workspace/matsim-org/matsim/386581902/.m2"/>
    <property name="user.language" value="en"/>
    <property name="sun.boot.library.path" value="/usr/lib/jvm/java-8-openjdk-amd64/jre/lib/amd64"/>
    <property name="classworlds.conf" value="/usr/share/maven/bin/m2.conf"/>
    <property name="java.version" value="1.8.0_121"/>
    <property name="user.timezone" value="Europe/Paris"/>
    <property name="rat.skip" value="true"/>
    <property name="sun.arch.data.model" value="64"/>
    <property name="java.endorsed.dirs" value="/usr/lib/jvm/java-8-openjdk-amd64/jre/lib/endorsed"/>
    <property name="sun.cpu.isalist" value=""/>
    <property name="sun.jnu.encoding" value="UTF-8"/>
    <property name="file.encoding.pkg" value="sun.io"/>
    <property name="file.separator" value="/"/>
    <property name="java.specification.name" value="Java Platform API Specification"/>
    <property name="java.class.version" value="52.0"/>
    <property name="checkstyle.skip" value="true"/>
    <property name="securerandom.source" value="file:/dev/./urandom"/>
    <property name="java.home" value="/usr/lib/jvm/java-8-openjdk-amd64/jre"/>
    <property name="java.vm.info" value="mixed mode"/>
    <property name="os.version" value="3.10.0-862.2.3.el7.x86_64"/>
    <property name="path.separator" value=":"/>
    <property name="java.vm.version" value="25.121-b13"/>
    <property name="gpg.skip" value="true"/>
    <property name="java.awt.printerjob" value="sun.print.PSPrinterJob"/>
    <property name="sun.io.unicode.encoding" value="UnicodeLittle"/>
    <property name="awt.toolkit" value="sun.awt.X11.XToolkit"/>
    <property name="os.detected.release" value="debian"/>
    <property name="user.home" value="/root"/>
    <property name="java.specification.vendor" value="Oracle Corporation"/>
    <property name="java.library.path" value="/usr/java/packages/lib/amd64:/usr/lib/x86_64-linux-gnu/jni:/lib/x86_64-linux-gnu:/usr/lib/x86_64-linux-gnu:/usr/lib/jni:/lib:/usr/lib"/>
    <property name="java.vendor.url" value="http://java.oracle.com/"/>
    <property name="java.vm.vendor" value="Oracle Corporation"/>
    <property name="os.detected.release.like.debian" value="true"/>
    <property name="dependency-check.skip" value="true"/>
    <property name="maven.home" value="/usr/share/maven"/>
    <property name="java.runtime.name" value="OpenJDK Runtime Environment"/>
    <property name="sun.java.command" value="org.codehaus.plexus.classworlds.launcher.Launcher -B -D enforcer.skip=true -D dependency-check.skip=true -D skipITs=true -D cobertura.skip=true -D maven.repo.local=/root/./workspace/matsim-org/matsim/386581902/.m2 -D rat.skip=true -D findbugs.skip=true -D skip.bower=true -D gpg.skip=true -D checkstyle.skip=true -D skip.gulp=true -D license.skip=true -D skip.npm=true test"/>
    <property name="java.class.path" value="/usr/share/maven/boot/plexus-classworlds-2.5.2.jar"/>
    <property name="os.detected.arch" value="x86_64"/>
    <property name="java.vm.specification.name" value="Java Virtual Machine Specification"/>
    <property name="java.vm.specification.version" value="1.8"/>
    <property name="sun.cpu.endian" value="little"/>
    <property name="sun.os.patch.level" value="unknown"/>
    <property name="os.detected.classifier" value="linux-x86_64"/>
    <property name="java.io.tmpdir" value="/tmp"/>
    <property name="java.vendor.url.bug" value="http://bugreport.sun.com/bugreport/"/>
    <property name="maven.multiModuleProjectDirectory" value="/root/workspace/matsim-org/matsim/386581902"/>
    <property name="os.arch" value="amd64"/>
    <property name="java.awt.graphicsenv" value="sun.awt.X11GraphicsEnvironment"/>
    <property name="java.ext.dirs" value="/usr/lib/jvm/java-8-openjdk-amd64/jre/lib/ext:/usr/java/packages/lib/ext"/>
    <property name="os.detected.release.version" value="8"/>
    <property name="user.dir" value="/root/workspace/matsim-org/matsim/386581902"/>
    <property name="skipITs" value="true"/>
    <property name="line.separator" value="&#10;"/>
    <property name="java.vm.name" value="OpenJDK 64-Bit Server VM"/>
    <property name="enforcer.skip" value="true"/>
    <property name="skip.gulp" value="true"/>
    <property name="skip.bower" value="true"/>
    <property name="skip.npm" value="true"/>
    <property name="file.encoding" value="UTF-8"/>
    <property name="os.detected.name" value="linux"/>
    <property name="license.skip" value="true"/>
    <property name="java.specification.version" value="1.8"/>
  </properties>
  <testcase name="testWriteFile" classname="org.matsim.withinday.controller.ExperiencedPlansWriterTest" time="1.123">
    <error message="org.xml.sax.SAXParseException; lineNumber: 15; columnNumber: 111; Attribute &quot;vehicleId&quot; must be declared for element type &quot;route&quot;." type="org.matsim.core.utils.io.UncheckedIOException">org.matsim.core.utils.io.UncheckedIOException: org.xml.sax.SAXParseException; lineNumber: 15; columnNumber: 111; Attribute "vehicleId" must be declared for element type "route".
	at org.matsim.withinday.controller.ExperiencedPlansWriterTest.testWriteFile(ExperiencedPlansWriterTest.java:130)
Caused by: org.xml.sax.SAXParseException: Attribute "vehicleId" must be declared for element type "route".
	at org.matsim.withinday.controller.ExperiencedPlansWriterTest.testWriteFile(ExperiencedPlansWriterTest.java:130)
</error>
    <system-out><![CDATA[2018-06-01 12:17:45,913  INFO Config:563 setting context tofile:/root/workspace/matsim-org/matsim/386581902/matsim/]
2018-06-01 12:17:45,916  INFO NetworkImpl:167  node # 1
2018-06-01 12:17:45,917  INFO NetworkImpl:167  node # 4
2018-06-01 12:17:45,917  INFO NetworkImpl:163  link # 1
2018-06-01 12:17:45,917  INFO NetworkImpl:163  link # 4
2018-06-01 12:17:45,917  INFO PopulationImpl:112  person # 1
2018-06-01 12:17:46,036  INFO SimStepParallelEventsManagerImpl:79 number of threads=1
2018-06-01 12:17:46,036  INFO EventsManagerImpl:144 adding Event-Handler: org.matsim.withinday.replanning.identifiers.tools.ActivityReplanningMap
2018-06-01 12:17:46,036  INFO EventsManagerImpl:148   org.matsim.api.core.v01.events.handler.PersonStuckEventHandler
2018-06-01 12:17:46,036  INFO EventsManagerImpl:207     > org.matsim.api.core.v01.events.PersonStuckEvent
2018-06-01 12:17:46,037  INFO EventsManagerImpl:148   org.matsim.api.core.v01.events.handler.ActivityStartEventHandler
2018-06-01 12:17:46,037  INFO EventsManagerImpl:207     > org.matsim.api.core.v01.events.ActivityStartEvent
2018-06-01 12:17:46,037  INFO EventsManagerImpl:148   org.matsim.api.core.v01.events.handler.ActivityEndEventHandler
2018-06-01 12:17:46,037  INFO EventsManagerImpl:207     > org.matsim.api.core.v01.events.ActivityEndEvent
2018-06-01 12:17:46,037  INFO EventsManagerImpl:148   org.matsim.withinday.events.handler.ReplanningEventHandler
2018-06-01 12:17:46,037  INFO EventsManagerImpl:207     > org.matsim.withinday.events.ReplanningEvent
2018-06-01 12:17:46,038  INFO EventsManagerImpl:148   org.matsim.core.mobsim.framework.listeners.MobsimInitializedListener
2018-06-01 12:17:46,038  INFO EventsManagerImpl:148   org.matsim.core.mobsim.framework.listeners.MobsimAfterSimStepListener
2018-06-01 12:17:46,038  INFO EventsManagerImpl:156 
2018-06-01 12:17:46,038  INFO EventsManagerImpl:144 adding Event-Handler: org.matsim.withinday.replanning.identifiers.tools.ActivityReplanningMap
2018-06-01 12:17:46,038  INFO EventsManagerImpl:148   org.matsim.api.core.v01.events.handler.PersonStuckEventHandler
2018-06-01 12:17:46,038  INFO EventsManagerImpl:207     > org.matsim.api.core.v01.events.PersonStuckEvent
2018-06-01 12:17:46,039  INFO EventsManagerImpl:148   org.matsim.api.core.v01.events.handler.ActivityStartEventHandler
2018-06-01 12:17:46,039  INFO EventsManagerImpl:207     > org.matsim.api.core.v01.events.ActivityStartEvent
2018-06-01 12:17:46,039  INFO EventsManagerImpl:148   org.matsim.api.core.v01.events.handler.ActivityEndEventHandler
2018-06-01 12:17:46,039  INFO EventsManagerImpl:207     > org.matsim.api.core.v01.events.ActivityEndEvent
2018-06-01 12:17:46,039  INFO EventsManagerImpl:148   org.matsim.withinday.events.handler.ReplanningEventHandler
2018-06-01 12:17:46,039  INFO EventsManagerImpl:207     > org.matsim.withinday.events.ReplanningEvent
2018-06-01 12:17:46,039  INFO EventsManagerImpl:148   org.matsim.core.mobsim.framework.listeners.MobsimInitializedListener
2018-06-01 12:17:46,040  INFO EventsManagerImpl:148   org.matsim.core.mobsim.framework.listeners.MobsimAfterSimStepListener
2018-06-01 12:17:46,040  INFO EventsManagerImpl:156 
2018-06-01 12:17:46,040  INFO ActivityReplanningMap:94 Note that the ActivityReplanningMap has to be registered as an EventHandler and a SimulationListener!
2018-06-01 12:17:46,040  INFO EventsManagerImpl:144 adding Event-Handler: org.matsim.withinday.trafficmonitoring.EarliestLinkExitTimeProvider
2018-06-01 12:17:46,040  INFO EventsManagerImpl:148   org.matsim.api.core.v01.events.handler.LinkEnterEventHandler
2018-06-01 12:17:46,041  INFO EventsManagerImpl:207     > org.matsim.api.core.v01.events.LinkEnterEvent
2018-06-01 12:17:46,041  INFO EventsManagerImpl:148   org.matsim.api.core.v01.events.handler.LinkLeaveEventHandler
2018-06-01 12:17:46,041  INFO EventsManagerImpl:207     > org.matsim.api.core.v01.events.LinkLeaveEvent
2018-06-01 12:17:46,041  INFO EventsManagerImpl:148   org.matsim.api.core.v01.events.handler.PersonArrivalEventHandler
2018-06-01 12:17:46,041  INFO EventsManagerImpl:207     > org.matsim.api.core.v01.events.PersonArrivalEvent
2018-06-01 12:17:46,042  INFO EventsManagerImpl:148   org.matsim.api.core.v01.events.handler.PersonDepartureEventHandler
2018-06-01 12:17:46,042  INFO EventsManagerImpl:207     > org.matsim.api.core.v01.events.PersonDepartureEvent
2018-06-01 12:17:46,042  INFO EventsManagerImpl:148   org.matsim.api.core.v01.events.handler.PersonStuckEventHandler
2018-06-01 12:17:46,042  INFO EventsManagerImpl:207     > org.matsim.api.core.v01.events.PersonStuckEvent
2018-06-01 12:17:46,042  INFO EventsManagerImpl:148   org.matsim.api.core.v01.events.handler.VehicleEntersTrafficEventHandler
2018-06-01 12:17:46,042  INFO EventsManagerImpl:207     > org.matsim.api.core.v01.events.VehicleEntersTrafficEvent
2018-06-01 12:17:46,043  INFO EventsManagerImpl:148   org.matsim.api.core.v01.events.handler.VehicleLeavesTrafficEventHandler
2018-06-01 12:17:46,043  INFO EventsManagerImpl:207     > org.matsim.api.core.v01.events.VehicleLeavesTrafficEvent
2018-06-01 12:17:46,043  INFO EventsManagerImpl:156 
2018-06-01 12:17:46,043  INFO EventsManagerImpl:144 adding Event-Handler: org.matsim.withinday.trafficmonitoring.EarliestLinkExitTimeProvider
2018-06-01 12:17:46,043  INFO EventsManagerImpl:148   org.matsim.api.core.v01.events.handler.LinkEnterEventHandler
2018-06-01 12:17:46,043  INFO EventsManagerImpl:207     > org.matsim.api.core.v01.events.LinkEnterEvent
2018-06-01 12:17:46,044  INFO EventsManagerImpl:148   org.matsim.api.core.v01.events.handler.LinkLeaveEventHandler
2018-06-01 12:17:46,044  INFO EventsManagerImpl:207     > org.matsim.api.core.v01.events.LinkLeaveEvent
2018-06-01 12:17:46,044  INFO EventsManagerImpl:148   org.matsim.api.core.v01.events.handler.PersonArrivalEventHandler
2018-06-01 12:17:46,044  INFO EventsManagerImpl:207     > org.matsim.api.core.v01.events.PersonArrivalEvent
2018-06-01 12:17:46,044  INFO EventsManagerImpl:148   org.matsim.api.core.v01.events.handler.PersonDepartureEventHandler
2018-06-01 12:17:46,044  INFO EventsManagerImpl:207     > org.matsim.api.core.v01.events.PersonDepartureEvent
2018-06-01 12:17:46,045  INFO EventsManagerImpl:148   org.matsim.api.core.v01.events.handler.PersonStuckEventHandler
2018-06-01 12:17:46,045  INFO EventsManagerImpl:207     > org.matsim.api.core.v01.events.PersonStuckEvent
2018-06-01 12:17:46,045  INFO EventsManagerImpl:148   org.matsim.api.core.v01.events.handler.VehicleEntersTrafficEventHandler
2018-06-01 12:17:46,045  INFO EventsManagerImpl:207     > org.matsim.api.core.v01.events.VehicleEntersTrafficEvent
2018-06-01 12:17:46,045  INFO EventsManagerImpl:148   org.matsim.api.core.v01.events.handler.VehicleLeavesTrafficEventHandler
2018-06-01 12:17:46,045  INFO EventsManagerImpl:207     > org.matsim.api.core.v01.events.VehicleLeavesTrafficEvent
2018-06-01 12:17:46,046  INFO EventsManagerImpl:156 
2018-06-01 12:17:46,046  INFO EventsManagerImpl:144 adding Event-Handler: org.matsim.withinday.replanning.identifiers.tools.LinkReplanningMap
2018-06-01 12:17:46,046  INFO EventsManagerImpl:148   org.matsim.api.core.v01.events.handler.PersonStuckEventHandler
2018-06-01 12:17:46,046  INFO EventsManagerImpl:207     > org.matsim.api.core.v01.events.PersonStuckEvent
2018-06-01 12:17:46,046  INFO EventsManagerImpl:148   org.matsim.api.core.v01.events.handler.ActivityStartEventHandler
2018-06-01 12:17:46,047  INFO EventsManagerImpl:207     > org.matsim.api.core.v01.events.ActivityStartEvent
2018-06-01 12:17:46,047  INFO EventsManagerImpl:148   org.matsim.api.core.v01.events.handler.ActivityEndEventHandler
2018-06-01 12:17:46,047  INFO EventsManagerImpl:207     > org.matsim.api.core.v01.events.ActivityEndEvent
2018-06-01 12:17:46,047  INFO EventsManagerImpl:148   org.matsim.core.mobsim.framework.listeners.MobsimAfterSimStepListener
2018-06-01 12:17:46,047  INFO EventsManagerImpl:156 
2018-06-01 12:17:46,047  INFO EventsManagerImpl:144 adding Event-Handler: org.matsim.withinday.replanning.identifiers.tools.LinkReplanningMap
2018-06-01 12:17:46,048  INFO EventsManagerImpl:148   org.matsim.api.core.v01.events.handler.PersonStuckEventHandler
2018-06-01 12:17:46,048  INFO EventsManagerImpl:207     > org.matsim.api.core.v01.events.PersonStuckEvent
2018-06-01 12:17:46,048  INFO EventsManagerImpl:148   org.matsim.api.core.v01.events.handler.ActivityStartEventHandler
2018-06-01 12:17:46,048  INFO EventsManagerImpl:207     > org.matsim.api.core.v01.events.ActivityStartEvent
2018-06-01 12:17:46,048  INFO EventsManagerImpl:148   org.matsim.api.core.v01.events.handler.ActivityEndEventHandler
2018-06-01 12:17:46,048  INFO EventsManagerImpl:207     > org.matsim.api.core.v01.events.ActivityEndEvent
2018-06-01 12:17:46,048  INFO EventsManagerImpl:148   org.matsim.core.mobsim.framework.listeners.MobsimAfterSimStepListener
2018-06-01 12:17:46,049  INFO EventsManagerImpl:156 
2018-06-01 12:17:46,049  INFO LinkReplanningMap:88 Note that the LinkReplanningMap has to be registered as an EventHandler and a SimulationListener!
2018-06-01 12:17:46,049  INFO WithinDayEngine:88 Initialize Parallel Replanning Modules
2018-06-01 12:17:46,050  INFO ParallelReplanner:298 Using 2 threads for parallel within-day replanning.
2018-06-01 12:17:46,051  INFO ParallelReplanner:298 Using 2 threads for parallel within-day replanning.
2018-06-01 12:17:46,051  INFO ParallelReplanner:298 Using 2 threads for parallel within-day replanning.
2018-06-01 12:17:46,051  INFO WithinDayEngine:93 Initialize Replanning Modules
2018-06-01 12:17:46,053  INFO StrategyManager:62 global innovation switch off after iteration: 0
2018-06-01 12:17:46,053  INFO GenericStrategyManager:363 setting PlanSelectorForRemoval to class org.matsim.core.replanning.selectors.WorstPlanForRemovalSelector
2018-06-01 12:17:46,053  INFO EventsManagerImpl:144 adding Event-Handler: org.matsim.core.scoring.EventsToActivities
2018-06-01 12:17:46,053  INFO EventsManagerImpl:148   org.matsim.api.core.v01.events.handler.ActivityStartEventHandler
2018-06-01 12:17:46,054  INFO EventsManagerImpl:207     > org.matsim.api.core.v01.events.ActivityStartEvent
2018-06-01 12:17:46,054  INFO EventsManagerImpl:148   org.matsim.api.core.v01.events.handler.ActivityEndEventHandler
2018-06-01 12:17:46,054  INFO EventsManagerImpl:207     > org.matsim.api.core.v01.events.ActivityEndEvent
2018-06-01 12:17:46,054  INFO EventsManagerImpl:156 
2018-06-01 12:17:46,054  INFO EventsManagerImpl:144 adding Event-Handler: org.matsim.core.scoring.EventsToActivities
2018-06-01 12:17:46,055  INFO EventsManagerImpl:148   org.matsim.api.core.v01.events.handler.ActivityStartEventHandler
2018-06-01 12:17:46,055  INFO EventsManagerImpl:207     > org.matsim.api.core.v01.events.ActivityStartEvent
2018-06-01 12:17:46,055  INFO EventsManagerImpl:148   org.matsim.api.core.v01.events.handler.ActivityEndEventHandler
2018-06-01 12:17:46,055  INFO EventsManagerImpl:207     > org.matsim.api.core.v01.events.ActivityEndEvent
2018-06-01 12:17:46,055  INFO EventsManagerImpl:156 
2018-06-01 12:17:46,055  INFO EventsManagerImpl:144 adding Event-Handler: org.matsim.core.scoring.EventsToLegs
2018-06-01 12:17:46,056  INFO EventsManagerImpl:148   org.matsim.api.core.v01.events.handler.PersonDepartureEventHandler
2018-06-01 12:17:46,056  INFO EventsManagerImpl:207     > org.matsim.api.core.v01.events.PersonDepartureEvent
2018-06-01 12:17:46,056  INFO EventsManagerImpl:148   org.matsim.api.core.v01.events.handler.PersonArrivalEventHandler
2018-06-01 12:17:46,056  INFO EventsManagerImpl:207     > org.matsim.api.core.v01.events.PersonArrivalEvent
2018-06-01 12:17:46,056  INFO EventsManagerImpl:148   org.matsim.api.core.v01.events.handler.LinkLeaveEventHandler
2018-06-01 12:17:46,057  INFO EventsManagerImpl:207     > org.matsim.api.core.v01.events.LinkLeaveEvent
2018-06-01 12:17:46,057  INFO EventsManagerImpl:148   org.matsim.api.core.v01.events.handler.LinkEnterEventHandler
2018-06-01 12:17:46,057  INFO EventsManagerImpl:207     > org.matsim.api.core.v01.events.LinkEnterEvent
2018-06-01 12:17:46,057  INFO EventsManagerImpl:148   org.matsim.core.api.experimental.events.handler.TeleportationArrivalEventHandler
2018-06-01 12:17:46,057  INFO EventsManagerImpl:207     > org.matsim.core.api.experimental.events.TeleportationArrivalEvent
2018-06-01 12:17:46,058  INFO EventsManagerImpl:148   org.matsim.api.core.v01.events.handler.TransitDriverStartsEventHandler
2018-06-01 12:17:46,058  INFO EventsManagerImpl:207     > org.matsim.api.core.v01.events.TransitDriverStartsEvent
2018-06-01 12:17:46,058  INFO EventsManagerImpl:148   org.matsim.api.core.v01.events.handler.PersonEntersVehicleEventHandler
2018-06-01 12:17:46,058  INFO EventsManagerImpl:207     > org.matsim.api.core.v01.events.PersonEntersVehicleEvent
2018-06-01 12:17:46,058  INFO EventsManagerImpl:148   org.matsim.core.api.experimental.events.handler.VehicleArrivesAtFacilityEventHandler
2018-06-01 12:17:46,058  INFO EventsManagerImpl:207     > org.matsim.core.api.experimental.events.VehicleArrivesAtFacilityEvent
2018-06-01 12:17:46,059  INFO EventsManagerImpl:148   org.matsim.api.core.v01.events.handler.VehicleEntersTrafficEventHandler
2018-06-01 12:17:46,059  INFO EventsManagerImpl:207     > org.matsim.api.core.v01.events.VehicleEntersTrafficEvent
2018-06-01 12:17:46,059  INFO EventsManagerImpl:148   org.matsim.api.core.v01.events.handler.VehicleLeavesTrafficEventHandler
2018-06-01 12:17:46,059  INFO EventsManagerImpl:207     > org.matsim.api.core.v01.events.VehicleLeavesTrafficEvent
2018-06-01 12:17:46,059  INFO EventsManagerImpl:156 
2018-06-01 12:17:46,060  INFO EventsManagerImpl:144 adding Event-Handler: org.matsim.core.scoring.EventsToLegs
2018-06-01 12:17:46,060  INFO EventsManagerImpl:148   org.matsim.api.core.v01.events.handler.PersonDepartureEventHandler
2018-06-01 12:17:46,060  INFO EventsManagerImpl:207     > org.matsim.api.core.v01.events.PersonDepartureEvent
2018-06-01 12:17:46,060  INFO EventsManagerImpl:148   org.matsim.api.core.v01.events.handler.PersonArrivalEventHandler
2018-06-01 12:17:46,060  INFO EventsManagerImpl:207     > org.matsim.api.core.v01.events.PersonArrivalEvent
2018-06-01 12:17:46,061  INFO EventsManagerImpl:148   org.matsim.api.core.v01.events.handler.LinkLeaveEventHandler
2018-06-01 12:17:46,061  INFO EventsManagerImpl:207     > org.matsim.api.core.v01.events.LinkLeaveEvent
2018-06-01 12:17:46,061  INFO EventsManagerImpl:148   org.matsim.api.core.v01.events.handler.LinkEnterEventHandler
2018-06-01 12:17:46,061  INFO EventsManagerImpl:207     > org.matsim.api.core.v01.events.LinkEnterEvent
2018-06-01 12:17:46,061  INFO EventsManagerImpl:148   org.matsim.core.api.experimental.events.handler.TeleportationArrivalEventHandler
2018-06-01 12:17:46,061  INFO EventsManagerImpl:207     > org.matsim.core.api.experimental.events.TeleportationArrivalEvent
2018-06-01 12:17:46,062  INFO EventsManagerImpl:148   org.matsim.api.core.v01.events.handler.TransitDriverStartsEventHandler
2018-06-01 12:17:46,062  INFO EventsManagerImpl:207     > org.matsim.api.core.v01.events.TransitDriverStartsEvent
2018-06-01 12:17:46,062  INFO EventsManagerImpl:148   org.matsim.api.core.v01.events.handler.PersonEntersVehicleEventHandler
2018-06-01 12:17:46,062  INFO EventsManagerImpl:207     > org.matsim.api.core.v01.events.PersonEntersVehicleEvent
2018-06-01 12:17:46,062  INFO EventsManagerImpl:148   org.matsim.core.api.experimental.events.handler.VehicleArrivesAtFacilityEventHandler
2018-06-01 12:17:46,063  INFO EventsManagerImpl:207     > org.matsim.core.api.experimental.events.VehicleArrivesAtFacilityEvent
2018-06-01 12:17:46,063  INFO EventsManagerImpl:148   org.matsim.api.core.v01.events.handler.VehicleEntersTrafficEventHandler
2018-06-01 12:17:46,063  INFO EventsManagerImpl:207     > org.matsim.api.core.v01.events.VehicleEntersTrafficEvent
2018-06-01 12:17:46,063  INFO EventsManagerImpl:148   org.matsim.api.core.v01.events.handler.VehicleLeavesTrafficEventHandler
2018-06-01 12:17:46,063  INFO EventsManagerImpl:207     > org.matsim.api.core.v01.events.VehicleLeavesTrafficEvent
2018-06-01 12:17:46,063  INFO EventsManagerImpl:156 
2018-06-01 12:17:46,064  INFO EventsManagerImpl:144 adding Event-Handler: org.matsim.core.scoring.ScoringFunctionsForPopulation
2018-06-01 12:17:46,064  INFO EventsManagerImpl:148   org.matsim.core.events.handler.BasicEventHandler
2018-06-01 12:17:46,064  INFO EventsManagerImpl:207     > org.matsim.api.core.v01.events.Event
2018-06-01 12:17:46,064  INFO EventsManagerImpl:148   org.matsim.core.scoring.EventsToLegs$LegHandler
2018-06-01 12:17:46,064  INFO EventsManagerImpl:148   org.matsim.core.scoring.EventsToActivities$ActivityHandler
2018-06-01 12:17:46,065  INFO EventsManagerImpl:156 
2018-06-01 12:17:46,065  INFO EventsManagerImpl:144 adding Event-Handler: org.matsim.core.scoring.ScoringFunctionsForPopulation
2018-06-01 12:17:46,065  INFO EventsManagerImpl:148   org.matsim.core.events.handler.BasicEventHandler
2018-06-01 12:17:46,065  INFO EventsManagerImpl:207     > org.matsim.api.core.v01.events.Event
2018-06-01 12:17:46,065  INFO EventsManagerImpl:148   org.matsim.core.scoring.EventsToLegs$LegHandler
2018-06-01 12:17:46,065  INFO EventsManagerImpl:148   org.matsim.core.scoring.EventsToActivities$ActivityHandler
2018-06-01 12:17:46,066  INFO EventsManagerImpl:156 
2018-06-01 12:17:46,066  INFO EventsManagerImpl:144 adding Event-Handler: org.matsim.core.events.algorithms.Vehicle2DriverEventHandler
2018-06-01 12:17:46,066  INFO EventsManagerImpl:148   org.matsim.api.core.v01.events.handler.VehicleEntersTrafficEventHandler
2018-06-01 12:17:46,066  INFO EventsManagerImpl:207     > org.matsim.api.core.v01.events.VehicleEntersTrafficEvent
2018-06-01 12:17:46,066  INFO EventsManagerImpl:148   org.matsim.api.core.v01.events.handler.VehicleLeavesTrafficEventHandler
2018-06-01 12:17:46,067  INFO EventsManagerImpl:207     > org.matsim.api.core.v01.events.VehicleLeavesTrafficEvent
2018-06-01 12:17:46,067  INFO EventsManagerImpl:156 
2018-06-01 12:17:46,067  INFO EventsManagerImpl:144 adding Event-Handler: org.matsim.core.events.algorithms.Vehicle2DriverEventHandler
2018-06-01 12:17:46,067  INFO EventsManagerImpl:148   org.matsim.api.core.v01.events.handler.VehicleEntersTrafficEventHandler
2018-06-01 12:17:46,067  INFO EventsManagerImpl:207     > org.matsim.api.core.v01.events.VehicleEntersTrafficEvent
2018-06-01 12:17:46,067  INFO EventsManagerImpl:148   org.matsim.api.core.v01.events.handler.VehicleLeavesTrafficEventHandler
2018-06-01 12:17:46,068  INFO EventsManagerImpl:207     > org.matsim.api.core.v01.events.VehicleLeavesTrafficEvent
2018-06-01 12:17:46,068  INFO EventsManagerImpl:156 
2018-06-01 12:17:46,068  INFO CalcLinkStats:151  resetting `count' to zero.  This info is here since we want to check when this is happening during normal simulation runs.  kai, jan'11
2018-06-01 12:17:46,068  INFO EventsManagerImpl:144 adding Event-Handler: org.matsim.analysis.VolumesAnalyzer
2018-06-01 12:17:46,069  INFO EventsManagerImpl:148   org.matsim.api.core.v01.events.handler.LinkLeaveEventHandler
2018-06-01 12:17:46,069  INFO EventsManagerImpl:207     > org.matsim.api.core.v01.events.LinkLeaveEvent
2018-06-01 12:17:46,069  INFO EventsManagerImpl:148   org.matsim.api.core.v01.events.handler.VehicleEntersTrafficEventHandler
2018-06-01 12:17:46,069  INFO EventsManagerImpl:207     > org.matsim.api.core.v01.events.VehicleEntersTrafficEvent
2018-06-01 12:17:46,069  INFO EventsManagerImpl:156 
2018-06-01 12:17:46,070  INFO EventsManagerImpl:144 adding Event-Handler: org.matsim.analysis.VolumesAnalyzer
2018-06-01 12:17:46,070  INFO EventsManagerImpl:148   org.matsim.api.core.v01.events.handler.LinkLeaveEventHandler
2018-06-01 12:17:46,070  INFO EventsManagerImpl:207     > org.matsim.api.core.v01.events.LinkLeaveEvent
2018-06-01 12:17:46,070  INFO EventsManagerImpl:148   org.matsim.api.core.v01.events.handler.VehicleEntersTrafficEventHandler
2018-06-01 12:17:46,070  INFO EventsManagerImpl:207     > org.matsim.api.core.v01.events.VehicleEntersTrafficEvent
2018-06-01 12:17:46,071  INFO EventsManagerImpl:156 
2018-06-01 12:17:46,071  INFO EventsManagerImpl:144 adding Event-Handler: org.matsim.analysis.LegHistogram
2018-06-01 12:17:46,071  INFO EventsManagerImpl:148   org.matsim.api.core.v01.events.handler.PersonDepartureEventHandler
2018-06-01 12:17:46,071  INFO EventsManagerImpl:207     > org.matsim.api.core.v01.events.PersonDepartureEvent
2018-06-01 12:17:46,071  INFO EventsManagerImpl:148   org.matsim.api.core.v01.events.handler.PersonArrivalEventHandler
2018-06-01 12:17:46,071  INFO EventsManagerImpl:207     > org.matsim.api.core.v01.events.PersonArrivalEvent
2018-06-01 12:17:46,072  INFO EventsManagerImpl:148   org.matsim.api.core.v01.events.handler.PersonStuckEventHandler
2018-06-01 12:17:46,072  INFO EventsManagerImpl:207     > org.matsim.api.core.v01.events.PersonStuckEvent
2018-06-01 12:17:46,072  INFO EventsManagerImpl:156 
2018-06-01 12:17:46,072  INFO EventsManagerImpl:144 adding Event-Handler: org.matsim.analysis.LegHistogram
2018-06-01 12:17:46,072  INFO EventsManagerImpl:148   org.matsim.api.core.v01.events.handler.PersonDepartureEventHandler
2018-06-01 12:17:46,072  INFO EventsManagerImpl:207     > org.matsim.api.core.v01.events.PersonDepartureEvent
2018-06-01 12:17:46,073  INFO EventsManagerImpl:148   org.matsim.api.core.v01.events.handler.PersonArrivalEventHandler
2018-06-01 12:17:46,073  INFO EventsManagerImpl:207     > org.matsim.api.core.v01.events.PersonArrivalEvent
2018-06-01 12:17:46,073  INFO EventsManagerImpl:148   org.matsim.api.core.v01.events.handler.PersonStuckEventHandler
2018-06-01 12:17:46,073  INFO EventsManagerImpl:207     > org.matsim.api.core.v01.events.PersonStuckEvent
2018-06-01 12:17:46,073  INFO EventsManagerImpl:156 
2018-06-01 12:17:46,074  INFO EventsManagerImpl:144 adding Event-Handler: org.matsim.analysis.CalcLegTimes
2018-06-01 12:17:46,074  INFO EventsManagerImpl:148   org.matsim.api.core.v01.events.handler.PersonDepartureEventHandler
2018-06-01 12:17:46,074  INFO EventsManagerImpl:207     > org.matsim.api.core.v01.events.PersonDepartureEvent
2018-06-01 12:17:46,074  INFO EventsManagerImpl:148   org.matsim.api.core.v01.events.handler.PersonArrivalEventHandler
2018-06-01 12:17:46,074  INFO EventsManagerImpl:207     > org.matsim.api.core.v01.events.PersonArrivalEvent
2018-06-01 12:17:46,074  INFO EventsManagerImpl:148   org.matsim.api.core.v01.events.handler.ActivityEndEventHandler
2018-06-01 12:17:46,075  INFO EventsManagerImpl:207     > org.matsim.api.core.v01.events.ActivityEndEvent
2018-06-01 12:17:46,075  INFO EventsManagerImpl:148   org.matsim.api.core.v01.events.handler.ActivityStartEventHandler
2018-06-01 12:17:46,075  INFO EventsManagerImpl:207     > org.matsim.api.core.v01.events.ActivityStartEvent
2018-06-01 12:17:46,075  INFO EventsManagerImpl:156 
2018-06-01 12:17:46,075  INFO EventsManagerImpl:144 adding Event-Handler: org.matsim.analysis.CalcLegTimes
2018-06-01 12:17:46,076  INFO EventsManagerImpl:148   org.matsim.api.core.v01.events.handler.PersonDepartureEventHandler
2018-06-01 12:17:46,076  INFO EventsManagerImpl:207     > org.matsim.api.core.v01.events.PersonDepartureEvent
2018-06-01 12:17:46,076  INFO EventsManagerImpl:148   org.matsim.api.core.v01.events.handler.PersonArrivalEventHandler
2018-06-01 12:17:46,076  INFO EventsManagerImpl:207     > org.matsim.api.core.v01.events.PersonArrivalEvent
2018-06-01 12:17:46,076  INFO EventsManagerImpl:148   org.matsim.api.core.v01.events.handler.ActivityEndEventHandler
2018-06-01 12:17:46,076  INFO EventsManagerImpl:207     > org.matsim.api.core.v01.events.ActivityEndEvent
2018-06-01 12:17:46,077  INFO EventsManagerImpl:148   org.matsim.api.core.v01.events.handler.ActivityStartEventHandler
2018-06-01 12:17:46,077  INFO EventsManagerImpl:207     > org.matsim.api.core.v01.events.ActivityStartEvent
2018-06-01 12:17:46,077  INFO EventsManagerImpl:156 
2018-06-01 12:17:46,078  INFO AbstractController:52 Used Controler-Class: org.matsim.core.controler.NewControler
2018-06-01 12:17:46,078  INFO Config:535 ConfigConsistencyChecker with runtime type=class org.matsim.core.config.consistency.ConfigConsistencyCheckerImpl was already added; not adding it a second time
2018-06-01 12:17:46,078  INFO EventsManagerImpl:144 adding Event-Handler: org.matsim.withinday.trafficmonitoring.WithinDayTravelTime
2018-06-01 12:17:46,078  INFO EventsManagerImpl:148   org.matsim.core.router.util.TravelTime
2018-06-01 12:17:46,078  INFO EventsManagerImpl:148   org.matsim.api.core.v01.events.handler.LinkEnterEventHandler
2018-06-01 12:17:46,078  INFO EventsManagerImpl:207     > org.matsim.api.core.v01.events.LinkEnterEvent
2018-06-01 12:17:46,079  INFO EventsManagerImpl:148   org.matsim.api.core.v01.events.handler.LinkLeaveEventHandler
2018-06-01 12:17:46,079  INFO EventsManagerImpl:207     > org.matsim.api.core.v01.events.LinkLeaveEvent
2018-06-01 12:17:46,079  INFO EventsManagerImpl:148   org.matsim.api.core.v01.events.handler.PersonStuckEventHandler
2018-06-01 12:17:46,079  INFO EventsManagerImpl:207     > org.matsim.api.core.v01.events.PersonStuckEvent
2018-06-01 12:17:46,079  INFO EventsManagerImpl:148   org.matsim.api.core.v01.events.handler.VehicleLeavesTrafficEventHandler
2018-06-01 12:17:46,079  INFO EventsManagerImpl:207     > org.matsim.api.core.v01.events.VehicleLeavesTrafficEvent
2018-06-01 12:17:46,079  INFO EventsManagerImpl:148   org.matsim.api.core.v01.events.handler.VehicleEntersTrafficEventHandler
2018-06-01 12:17:46,080  INFO EventsManagerImpl:207     > org.matsim.api.core.v01.events.VehicleEntersTrafficEvent
2018-06-01 12:17:46,080  INFO EventsManagerImpl:148   org.matsim.core.mobsim.framework.listeners.MobsimInitializedListener
2018-06-01 12:17:46,080  INFO EventsManagerImpl:148   org.matsim.core.mobsim.framework.listeners.MobsimBeforeSimStepListener
2018-06-01 12:17:46,080  INFO EventsManagerImpl:148   org.matsim.core.mobsim.framework.listeners.MobsimAfterSimStepListener
2018-06-01 12:17:46,080  INFO EventsManagerImpl:148   org.matsim.core.mobsim.framework.listeners.MobsimBeforeCleanupListener
2018-06-01 12:17:46,080  INFO EventsManagerImpl:156 
2018-06-01 12:17:46,080  INFO EventsManagerImpl:144 adding Event-Handler: org.matsim.withinday.trafficmonitoring.WithinDayTravelTime
2018-06-01 12:17:46,081  INFO EventsManagerImpl:148   org.matsim.core.router.util.TravelTime
2018-06-01 12:17:46,081  INFO EventsManagerImpl:148   org.matsim.api.core.v01.events.handler.LinkEnterEventHandler
2018-06-01 12:17:46,081  INFO EventsManagerImpl:207     > org.matsim.api.core.v01.events.LinkEnterEvent
2018-06-01 12:17:46,081  INFO EventsManagerImpl:148   org.matsim.api.core.v01.events.handler.LinkLeaveEventHandler
2018-06-01 12:17:46,081  INFO EventsManagerImpl:207     > org.matsim.api.core.v01.events.LinkLeaveEvent
2018-06-01 12:17:46,081  INFO EventsManagerImpl:148   org.matsim.api.core.v01.events.handler.PersonStuckEventHandler
2018-06-01 12:17:46,081  INFO EventsManagerImpl:207     > org.matsim.api.core.v01.events.PersonStuckEvent
2018-06-01 12:17:46,081  INFO EventsManagerImpl:148   org.matsim.api.core.v01.events.handler.VehicleLeavesTrafficEventHandler
2018-06-01 12:17:46,082  INFO EventsManagerImpl:207     > org.matsim.api.core.v01.events.VehicleLeavesTrafficEvent
2018-06-01 12:17:46,082  INFO EventsManagerImpl:148   org.matsim.api.core.v01.events.handler.VehicleEntersTrafficEventHandler
2018-06-01 12:17:46,082  INFO EventsManagerImpl:207     > org.matsim.api.core.v01.events.VehicleEntersTrafficEvent
2018-06-01 12:17:46,082  INFO EventsManagerImpl:148   org.matsim.core.mobsim.framework.listeners.MobsimInitializedListener
2018-06-01 12:17:46,082  INFO EventsManagerImpl:148   org.matsim.core.mobsim.framework.listeners.MobsimBeforeSimStepListener
2018-06-01 12:17:46,082  INFO EventsManagerImpl:148   org.matsim.core.mobsim.framework.listeners.MobsimAfterSimStepListener
2018-06-01 12:17:46,082  INFO EventsManagerImpl:148   org.matsim.core.mobsim.framework.listeners.MobsimBeforeCleanupListener
2018-06-01 12:17:46,083  INFO EventsManagerImpl:156 
2018-06-01 12:17:46,083  INFO EventsManagerImpl:144 adding Event-Handler: org.matsim.withinday.controller.ExperiencedPlansWriterTest$EventsPrinter
2018-06-01 12:17:46,083  INFO EventsManagerImpl:148   org.matsim.core.events.handler.BasicEventHandler
2018-06-01 12:17:46,083  INFO EventsManagerImpl:207     > org.matsim.api.core.v01.events.Event
2018-06-01 12:17:46,083  INFO EventsManagerImpl:156 
2018-06-01 12:17:46,083  INFO EventsManagerImpl:144 adding Event-Handler: org.matsim.withinday.controller.ExperiencedPlansWriterTest$EventsPrinter
2018-06-01 12:17:46,083  INFO EventsManagerImpl:148   org.matsim.core.events.handler.BasicEventHandler
2018-06-01 12:17:46,083  INFO EventsManagerImpl:207     > org.matsim.api.core.v01.events.Event
2018-06-01 12:17:46,084  INFO EventsManagerImpl:156 
2018-06-01 12:17:46,084  INFO Injector:81 === printInjector start ===
2018-06-01 12:17:46,084  INFO Injector:85 org.matsim.core.events.handler.EventHandler @com.google.inject.multibindings.Element(setName=,uniqueId=5740, type=MULTIBINDER, keyType=)
2018-06-01 12:17:46,084  INFO Injector:86   --> provider: FactoryProxy{key=Key[type=org.matsim.core.events.handler.EventHandler, annotation=@com.google.inject.multibindings.Element(setName=,uniqueId=5740, type=MULTIBINDER, keyType=)], provider=com.google.inject.internal.ConstructorBindingImpl$Factory@553bc93b[Scopes.SINGLETON]}
2018-06-01 12:17:46,084  INFO Injector:87   --> source: org.matsim.withinday.trafficmonitoring.WithinDayTravelTimeModule.install(WithinDayTravelTimeModule.java:14)
2018-06-01 12:17:46,084  INFO Injector:89   --> scope: Scopes.NO_SCOPE
2018-06-01 12:17:46,084  INFO Injector:92   --> target: Key[type=org.matsim.withinday.trafficmonitoring.WithinDayTravelTime, annotation=[none]]
2018-06-01 12:17:46,084  INFO Injector:94   ==full==> LinkedKeyBinding{key=Key[type=org.matsim.core.events.handler.EventHandler, annotation=@com.google.inject.multibindings.Element(setName=,uniqueId=5740, type=MULTIBINDER, keyType=)], source=org.matsim.withinday.trafficmonitoring.WithinDayTravelTimeModule.install(WithinDayTravelTimeModule.java:14), scope=Scopes.NO_SCOPE, target=Key[type=org.matsim.withinday.trafficmonitoring.WithinDayTravelTime, annotation=[none]]}
2018-06-01 12:17:46,085  INFO Injector:96 
2018-06-01 12:17:46,085  INFO Injector:85 org.matsim.core.router.util.TravelTime @com.google.inject.name.Named(value=car)
2018-06-01 12:17:46,085  INFO Injector:86   --> provider: FactoryProxy{key=Key[type=org.matsim.core.router.util.TravelTime, annotation=@com.google.inject.name.Named(value=car)], provider=com.google.inject.internal.ConstructorBindingImpl$Factory@553bc93b[Scopes.SINGLETON]}
2018-06-01 12:17:46,085  INFO Injector:87   --> source: org.matsim.withinday.trafficmonitoring.WithinDayTravelTimeModule.install(WithinDayTravelTimeModule.java:15)
2018-06-01 12:17:46,085  INFO Injector:89   --> scope: Scopes.NO_SCOPE
2018-06-01 12:17:46,085  INFO Injector:92   --> target: Key[type=org.matsim.withinday.trafficmonitoring.WithinDayTravelTime, annotation=[none]]
2018-06-01 12:17:46,085  INFO Injector:94   ==full==> LinkedKeyBinding{key=Key[type=org.matsim.core.router.util.TravelTime, annotation=@com.google.inject.name.Named(value=car)], source=org.matsim.withinday.trafficmonitoring.WithinDayTravelTimeModule.install(WithinDayTravelTimeModule.java:15), scope=Scopes.NO_SCOPE, target=Key[type=org.matsim.withinday.trafficmonitoring.WithinDayTravelTime, annotation=[none]]}
2018-06-01 12:17:46,085  INFO Injector:96 
2018-06-01 12:17:46,085  INFO Injector:85 org.matsim.core.mobsim.framework.listeners.MobsimListener @com.google.inject.multibindings.Element(setName=,uniqueId=5741, type=MULTIBINDER, keyType=)
2018-06-01 12:17:46,085  INFO Injector:86   --> provider: FactoryProxy{key=Key[type=org.matsim.core.mobsim.framework.listeners.MobsimListener, annotation=@com.google.inject.multibindings.Element(setName=,uniqueId=5741, type=MULTIBINDER, keyType=)], provider=com.google.inject.internal.ConstructorBindingImpl$Factory@553bc93b[Scopes.SINGLETON]}
2018-06-01 12:17:46,086  INFO Injector:87   --> source: org.matsim.withinday.trafficmonitoring.WithinDayTravelTimeModule.install(WithinDayTravelTimeModule.java:19)
2018-06-01 12:17:46,086  INFO Injector:89   --> scope: Scopes.NO_SCOPE
2018-06-01 12:17:46,086  INFO Injector:92   --> target: Key[type=org.matsim.withinday.trafficmonitoring.WithinDayTravelTime, annotation=[none]]
2018-06-01 12:17:46,086  INFO Injector:94   ==full==> LinkedKeyBinding{key=Key[type=org.matsim.core.mobsim.framework.listeners.MobsimListener, annotation=@com.google.inject.multibindings.Element(setName=,uniqueId=5741, type=MULTIBINDER, keyType=)], source=org.matsim.withinday.trafficmonitoring.WithinDayTravelTimeModule.install(WithinDayTravelTimeModule.java:19), scope=Scopes.NO_SCOPE, target=Key[type=org.matsim.withinday.trafficmonitoring.WithinDayTravelTime, annotation=[none]]}
2018-06-01 12:17:46,086  INFO Injector:96 
2018-06-01 12:17:46,086  INFO Injector:85 org.matsim.core.mobsim.framework.Mobsim 
2018-06-01 12:17:46,086  INFO Injector:86   --> provider: Key[type=org.matsim.withinday.mobsim.WithinDayQSimFactory, annotation=[none]]
2018-06-01 12:17:46,086  INFO Injector:87   --> source: org.matsim.withinday.controller.WithinDayModule.install(WithinDayModule.java:49)
2018-06-01 12:17:46,086  INFO Injector:89   --> scope: Scopes.NO_SCOPE
2018-06-01 12:17:46,086  INFO Injector:94   ==full==> ProviderKeyBinding{key=Key[type=org.matsim.core.mobsim.framework.Mobsim, annotation=[none]], source=org.matsim.withinday.controller.WithinDayModule.install(WithinDayModule.java:49), scope=Scopes.NO_SCOPE, provider=Key[type=org.matsim.withinday.mobsim.WithinDayQSimFactory, annotation=[none]]}
2018-06-01 12:17:46,086  INFO Injector:96 
2018-06-01 12:17:46,087  INFO Injector:85 org.matsim.core.controler.listener.ControlerListener @com.google.inject.multibindings.Element(setName=,uniqueId=5742, type=MULTIBINDER, keyType=)
2018-06-01 12:17:46,087  INFO Injector:86   --> provider: FactoryProxy{key=Key[type=org.matsim.core.controler.listener.ControlerListener, annotation=@com.google.inject.multibindings.Element(setName=,uniqueId=5742, type=MULTIBINDER, keyType=)], provider=com.google.inject.internal.ConstructorBindingImpl$Factory@1b757430[Scopes.SINGLETON]}
2018-06-01 12:17:46,087  INFO Injector:87   --> source: org.matsim.withinday.controller.WithinDayModule.install(WithinDayModule.java:52)
2018-06-01 12:17:46,087  INFO Injector:89   --> scope: Scopes.NO_SCOPE
2018-06-01 12:17:46,087  INFO Injector:92   --> target: Key[type=org.matsim.withinday.controller.WithinDayControlerListener, annotation=[none]]
2018-06-01 12:17:46,087  INFO Injector:94   ==full==> LinkedKeyBinding{key=Key[type=org.matsim.core.controler.listener.ControlerListener, annotation=@com.google.inject.multibindings.Element(setName=,uniqueId=5742, type=MULTIBINDER, keyType=)], source=org.matsim.withinday.controller.WithinDayModule.install(WithinDayModule.java:52), scope=Scopes.NO_SCOPE, target=Key[type=org.matsim.withinday.controller.WithinDayControlerListener, annotation=[none]]}
2018-06-01 12:17:46,087  INFO Injector:96 
2018-06-01 12:17:46,087  INFO Injector:85 org.matsim.core.controler.listener.ControlerListener @com.google.inject.multibindings.Element(setName=,uniqueId=5743, type=MULTIBINDER, keyType=)
2018-06-01 12:17:46,087  INFO Injector:86   --> provider: FactoryProxy{key=Key[type=org.matsim.core.controler.listener.ControlerListener, annotation=@com.google.inject.multibindings.Element(setName=,uniqueId=5743, type=MULTIBINDER, keyType=)], provider=com.google.inject.internal.ConstructorBindingImpl$Factory@32859475}
2018-06-01 12:17:46,087  INFO Injector:87   --> source: org.matsim.withinday.controller.ExperiencedPlansWriterTest$1.install(ExperiencedPlansWriterTest.java:110)
2018-06-01 12:17:46,088  INFO Injector:89   --> scope: Scopes.NO_SCOPE
2018-06-01 12:17:46,088  INFO Injector:92   --> target: Key[type=org.matsim.withinday.controller.ExperiencedPlansWriterTest$WriterInitializer, annotation=[none]]
2018-06-01 12:17:46,088  INFO Injector:94   ==full==> LinkedKeyBinding{key=Key[type=org.matsim.core.controler.listener.ControlerListener, annotation=@com.google.inject.multibindings.Element(setName=,uniqueId=5743, type=MULTIBINDER, keyType=)], source=org.matsim.withinday.controller.ExperiencedPlansWriterTest$1.install(ExperiencedPlansWriterTest.java:110), scope=Scopes.NO_SCOPE, target=Key[type=org.matsim.withinday.controller.ExperiencedPlansWriterTest$WriterInitializer, annotation=[none]]}
2018-06-01 12:17:46,088  INFO Injector:96 
2018-06-01 12:17:46,088  INFO Injector:85 org.matsim.core.controler.listener.ControlerListener @com.google.inject.multibindings.Element(setName=,uniqueId=5744, type=MULTIBINDER, keyType=)
2018-06-01 12:17:46,088  INFO Injector:86   --> provider: FactoryProxy{key=Key[type=org.matsim.core.controler.listener.ControlerListener, annotation=@com.google.inject.multibindings.Element(setName=,uniqueId=5744, type=MULTIBINDER, keyType=)], provider=com.google.inject.internal.ConstructorBindingImpl$Factory@50484bb2[Scopes.SINGLETON]}
2018-06-01 12:17:46,088  INFO Injector:87   --> source: org.matsim.withinday.controller.ExperiencedPlansWriterTest$1.install(ExperiencedPlansWriterTest.java:111)
2018-06-01 12:17:46,088  INFO Injector:89   --> scope: Scopes.NO_SCOPE
2018-06-01 12:17:46,088  INFO Injector:92   --> target: Key[type=org.matsim.withinday.controller.ExecutedPlansServiceImpl, annotation=[none]]
2018-06-01 12:17:46,088  INFO Injector:94   ==full==> LinkedKeyBinding{key=Key[type=org.matsim.core.controler.listener.ControlerListener, annotation=@com.google.inject.multibindings.Element(setName=,uniqueId=5744, type=MULTIBINDER, keyType=)], source=org.matsim.withinday.controller.ExperiencedPlansWriterTest$1.install(ExperiencedPlansWriterTest.java:111), scope=Scopes.NO_SCOPE, target=Key[type=org.matsim.withinday.controller.ExecutedPlansServiceImpl, annotation=[none]]}
2018-06-01 12:17:46,088  INFO Injector:96 
2018-06-01 12:17:46,089  INFO Injector:85 org.matsim.core.events.handler.EventHandler @com.google.inject.multibindings.Element(setName=,uniqueId=5745, type=MULTIBINDER, keyType=)
2018-06-01 12:17:46,089  INFO Injector:86   --> provider: of(org.matsim.withinday.controller.ExperiencedPlansWriterTest$EventsPrinter@3438309c)
2018-06-01 12:17:46,089  INFO Injector:87   --> source: org.matsim.withinday.controller.ExperiencedPlansWriterTest$1.install(ExperiencedPlansWriterTest.java:113)
2018-06-01 12:17:46,089  INFO Injector:89   --> scope: eager singleton
2018-06-01 12:17:46,089  INFO Injector:94   ==full==> InstanceBinding{key=Key[type=org.matsim.core.events.handler.EventHandler, annotation=@com.google.inject.multibindings.Element(setName=,uniqueId=5745, type=MULTIBINDER, keyType=)], source=org.matsim.withinday.controller.ExperiencedPlansWriterTest$1.install(ExperiencedPlansWriterTest.java:113), instance=org.matsim.withinday.controller.ExperiencedPlansWriterTest$EventsPrinter@3438309c}
2018-06-01 12:17:46,089  INFO Injector:96 
2018-06-01 12:17:46,089  INFO Injector:85 org.matsim.api.core.v01.Scenario 
2018-06-01 12:17:46,089  INFO Injector:86   --> provider: of(org.matsim.core.scenario.MutableScenario@6c4b3ef6)
2018-06-01 12:17:46,089  INFO Injector:87   --> source: org.matsim.core.scenario.ScenarioByInstanceModule.install(ScenarioByInstanceModule.java:31)
2018-06-01 12:17:46,089  INFO Injector:89   --> scope: eager singleton
2018-06-01 12:17:46,090  INFO Injector:94   ==full==> InstanceBinding{key=Key[type=org.matsim.api.core.v01.Scenario, annotation=[none]], source=org.matsim.core.scenario.ScenarioByInstanceModule.install(ScenarioByInstanceModule.java:31), instance=org.matsim.core.scenario.MutableScenario@6c4b3ef6}
2018-06-01 12:17:46,090  INFO Injector:96 
2018-06-01 12:17:46,090  INFO Injector:85 org.matsim.api.core.v01.population.PopulationFactory 
2018-06-01 12:17:46,090  INFO Injector:86   --> provider: @Provides org.matsim.core.scenario.ScenarioByInstanceModule.providePopulationFactory(ScenarioByInstanceModule.java:47)
2018-06-01 12:17:46,090  INFO Injector:87   --> source: org.matsim.api.core.v01.population.PopulationFactory org.matsim.core.scenario.ScenarioByInstanceModule.providePopulationFactory(org.matsim.api.core.v01.population.Population)
2018-06-01 12:17:46,090  INFO Injector:89   --> scope: Scopes.NO_SCOPE
2018-06-01 12:17:46,090  INFO Injector:94   ==full==> ProviderInstanceBinding{key=Key[type=org.matsim.api.core.v01.population.PopulationFactory, annotation=[none]], source=org.matsim.api.core.v01.population.PopulationFactory org.matsim.core.scenario.ScenarioByInstanceModule.providePopulationFactory(org.matsim.api.core.v01.population.Population), scope=Scopes.NO_SCOPE, provider=@Provides org.matsim.core.scenario.ScenarioByInstanceModule.providePopulationFactory(ScenarioByInstanceModule.java:47)}
2018-06-01 12:17:46,090  INFO Injector:96 
2018-06-01 12:17:46,090  INFO Injector:85 org.matsim.api.core.v01.network.Network 
2018-06-01 12:17:46,090  INFO Injector:86   --> provider: @Provides org.matsim.core.scenario.ScenarioByInstanceModule.provideNetwork(ScenarioByInstanceModule.java:39)
2018-06-01 12:17:46,090  INFO Injector:87   --> source: org.matsim.api.core.v01.network.Network org.matsim.core.scenario.ScenarioByInstanceModule.provideNetwork(org.matsim.api.core.v01.Scenario)
2018-06-01 12:17:46,091  INFO Injector:89   --> scope: Scopes.NO_SCOPE
2018-06-01 12:17:46,091  INFO Injector:94   ==full==> ProviderInstanceBinding{key=Key[type=org.matsim.api.core.v01.network.Network, annotation=[none]], source=org.matsim.api.core.v01.network.Network org.matsim.core.scenario.ScenarioByInstanceModule.provideNetwork(org.matsim.api.core.v01.Scenario), scope=Scopes.NO_SCOPE, provider=@Provides org.matsim.core.scenario.ScenarioByInstanceModule.provideNetwork(ScenarioByInstanceModule.java:39)}
2018-06-01 12:17:46,091  INFO Injector:96 
2018-06-01 12:17:46,091  INFO Injector:85 org.matsim.facilities.ActivityFacilities 
2018-06-01 12:17:46,091  INFO Injector:86   --> provider: @Provides org.matsim.core.scenario.ScenarioByInstanceModule.provideActivityFacilities(ScenarioByInstanceModule.java:51)
2018-06-01 12:17:46,091  INFO Injector:87   --> source: org.matsim.facilities.ActivityFacilities org.matsim.core.scenario.ScenarioByInstanceModule.provideActivityFacilities(org.matsim.api.core.v01.Scenario)
2018-06-01 12:17:46,091  INFO Injector:89   --> scope: Scopes.NO_SCOPE
2018-06-01 12:17:46,091  INFO Injector:94   ==full==> ProviderInstanceBinding{key=Key[type=org.matsim.facilities.ActivityFacilities, annotation=[none]], source=org.matsim.facilities.ActivityFacilities org.matsim.core.scenario.ScenarioByInstanceModule.provideActivityFacilities(org.matsim.api.core.v01.Scenario), scope=Scopes.NO_SCOPE, provider=@Provides org.matsim.core.scenario.ScenarioByInstanceModule.provideActivityFacilities(ScenarioByInstanceModule.java:51)}
2018-06-01 12:17:46,091  INFO Injector:96 
2018-06-01 12:17:46,091  INFO Injector:85 org.matsim.households.Households 
2018-06-01 12:17:46,092  INFO Injector:86   --> provider: @Provides org.matsim.core.scenario.ScenarioByInstanceModule.provideHouseholds(ScenarioByInstanceModule.java:56)
2018-06-01 12:17:46,092  INFO Injector:87   --> source: org.matsim.households.Households org.matsim.core.scenario.ScenarioByInstanceModule.provideHouseholds(org.matsim.api.core.v01.Scenario)
2018-06-01 12:17:46,092  INFO Injector:89   --> scope: Scopes.NO_SCOPE
2018-06-01 12:17:46,092  INFO Injector:94   ==full==> ProviderInstanceBinding{key=Key[type=org.matsim.households.Households, annotation=[none]], source=org.matsim.households.Households org.matsim.core.scenario.ScenarioByInstanceModule.provideHouseholds(org.matsim.api.core.v01.Scenario), scope=Scopes.NO_SCOPE, provider=@Provides org.matsim.core.scenario.ScenarioByInstanceModule.provideHouseholds(ScenarioByInstanceModule.java:56)}
2018-06-01 12:17:46,092  INFO Injector:96 
2018-06-01 12:17:46,092  INFO Injector:85 org.matsim.vehicles.Vehicles 
2018-06-01 12:17:46,092  INFO Injector:86   --> provider: @Provides org.matsim.core.scenario.ScenarioByInstanceModule.provideVehicles(ScenarioByInstanceModule.java:61)
2018-06-01 12:17:46,092  INFO Injector:87   --> source: org.matsim.vehicles.Vehicles org.matsim.core.scenario.ScenarioByInstanceModule.provideVehicles(org.matsim.api.core.v01.Scenario)
2018-06-01 12:17:46,092  INFO Injector:89   --> scope: Scopes.NO_SCOPE
2018-06-01 12:17:46,092  INFO Injector:94   ==full==> ProviderInstanceBinding{key=Key[type=org.matsim.vehicles.Vehicles, annotation=[none]], source=org.matsim.vehicles.Vehicles org.matsim.core.scenario.ScenarioByInstanceModule.provideVehicles(org.matsim.api.core.v01.Scenario), scope=Scopes.NO_SCOPE, provider=@Provides org.matsim.core.scenario.ScenarioByInstanceModule.provideVehicles(ScenarioByInstanceModule.java:61)}
2018-06-01 12:17:46,092  INFO Injector:96 
2018-06-01 12:17:46,093  INFO Injector:85 org.matsim.lanes.data.Lanes 
2018-06-01 12:17:46,093  INFO Injector:86   --> provider: @Provides org.matsim.core.scenario.ScenarioByInstanceModule.provideLanes(ScenarioByInstanceModule.java:66)
2018-06-01 12:17:46,093  INFO Injector:87   --> source: org.matsim.lanes.data.Lanes org.matsim.core.scenario.ScenarioByInstanceModule.provideLanes(org.matsim.api.core.v01.Scenario)
2018-06-01 12:17:46,093  INFO Injector:89   --> scope: Scopes.NO_SCOPE
2018-06-01 12:17:46,093  INFO Injector:94   ==full==> ProviderInstanceBinding{key=Key[type=org.matsim.lanes.data.Lanes, annotation=[none]], source=org.matsim.lanes.data.Lanes org.matsim.core.scenario.ScenarioByInstanceModule.provideLanes(org.matsim.api.core.v01.Scenario), scope=Scopes.NO_SCOPE, provider=@Provides org.matsim.core.scenario.ScenarioByInstanceModule.provideLanes(ScenarioByInstanceModule.java:66)}
2018-06-01 12:17:46,093  INFO Injector:96 
2018-06-01 12:17:46,093  INFO Injector:85 org.matsim.api.core.v01.population.Population 
2018-06-01 12:17:46,093  INFO Injector:86   --> provider: @Provides org.matsim.core.scenario.ScenarioByInstanceModule.providePopulation(ScenarioByInstanceModule.java:43)
2018-06-01 12:17:46,093  INFO Injector:87   --> source: org.matsim.api.core.v01.population.Population org.matsim.core.scenario.ScenarioByInstanceModule.providePopulation(org.matsim.api.core.v01.Scenario)
2018-06-01 12:17:46,093  INFO Injector:89   --> scope: Scopes.NO_SCOPE
2018-06-01 12:17:46,094  INFO Injector:94   ==full==> ProviderInstanceBinding{key=Key[type=org.matsim.api.core.v01.population.Population, annotation=[none]], source=org.matsim.api.core.v01.population.Population org.matsim.core.scenario.ScenarioByInstanceModule.providePopulation(org.matsim.api.core.v01.Scenario), scope=Scopes.NO_SCOPE, provider=@Provides org.matsim.core.scenario.ScenarioByInstanceModule.providePopulation(ScenarioByInstanceModule.java:43)}
2018-06-01 12:17:46,094  INFO Injector:96 
2018-06-01 12:17:46,094  INFO Injector:85 org.matsim.core.controler.ControlerI 
2018-06-01 12:17:46,094  INFO Injector:86   --> provider: FactoryProxy{key=Key[type=org.matsim.core.controler.ControlerI, annotation=[none]], provider=com.google.inject.internal.ConstructorBindingImpl$Factory@7f9d1d7b}[Scopes.SINGLETON]
2018-06-01 12:17:46,094  INFO Injector:87   --> source: org.matsim.core.controler.NewControlerModule.install(NewControlerModule.java:8)
2018-06-01 12:17:46,094  INFO Injector:89   --> scope: eager singleton
2018-06-01 12:17:46,094  INFO Injector:92   --> target: Key[type=org.matsim.core.controler.NewControler, annotation=[none]]
2018-06-01 12:17:46,094  INFO Injector:94   ==full==> LinkedKeyBinding{key=Key[type=org.matsim.core.controler.ControlerI, annotation=[none]], source=org.matsim.core.controler.NewControlerModule.install(NewControlerModule.java:8), scope=eager singleton, target=Key[type=org.matsim.core.controler.NewControler, annotation=[none]]}
2018-06-01 12:17:46,094  INFO Injector:96 
2018-06-01 12:17:46,094  INFO Injector:85 org.matsim.core.controler.ControlerListenerManager 
2018-06-01 12:17:46,094  INFO Injector:86   --> provider: FactoryProxy{key=Key[type=org.matsim.core.controler.ControlerListenerManager, annotation=[none]], provider=com.google.inject.internal.ConstructorBindingImpl$Factory@51a5411[Scopes.SINGLETON]}
2018-06-01 12:17:46,094  INFO Injector:87   --> source: org.matsim.core.controler.NewControlerModule.install(NewControlerModule.java:10)
2018-06-01 12:17:46,095  INFO Injector:89   --> scope: Scopes.NO_SCOPE
2018-06-01 12:17:46,095  INFO Injector:92   --> target: Key[type=org.matsim.core.controler.ControlerListenerManagerImpl, annotation=[none]]
2018-06-01 12:17:46,095  INFO Injector:94   ==full==> LinkedKeyBinding{key=Key[type=org.matsim.core.controler.ControlerListenerManager, annotation=[none]], source=org.matsim.core.controler.NewControlerModule.install(NewControlerModule.java:10), scope=Scopes.NO_SCOPE, target=Key[type=org.matsim.core.controler.ControlerListenerManagerImpl, annotation=[none]]}
2018-06-01 12:17:46,095  INFO Injector:96 
2018-06-01 12:17:46,095  INFO Injector:85 org.matsim.core.controler.PrepareForSim 
2018-06-01 12:17:46,095  INFO Injector:86   --> provider: FactoryProxy{key=Key[type=org.matsim.core.controler.PrepareForSim, annotation=[none]], provider=com.google.inject.internal.ConstructorBindingImpl$Factory@7b655381}
2018-06-01 12:17:46,095  INFO Injector:87   --> source: org.matsim.core.controler.NewControlerModule.install(NewControlerModule.java:11)
2018-06-01 12:17:46,095  INFO Injector:89   --> scope: Scopes.NO_SCOPE
2018-06-01 12:17:46,095  INFO Injector:92   --> target: Key[type=org.matsim.core.controler.PrepareForSimImpl, annotation=[none]]
2018-06-01 12:17:46,095  INFO Injector:94   ==full==> LinkedKeyBinding{key=Key[type=org.matsim.core.controler.PrepareForSim, annotation=[none]], source=org.matsim.core.controler.NewControlerModule.install(NewControlerModule.java:11), scope=Scopes.NO_SCOPE, target=Key[type=org.matsim.core.controler.PrepareForSimImpl, annotation=[none]]}
2018-06-01 12:17:46,095  INFO Injector:96 
2018-06-01 12:17:46,095  INFO Injector:85 org.matsim.core.controler.TerminationCriterion 
2018-06-01 12:17:46,095  INFO Injector:86   --> provider: FactoryProxy{key=Key[type=org.matsim.core.controler.TerminationCriterion, annotation=[none]], provider=com.google.inject.internal.ConstructorBindingImpl$Factory@69d5e61b}
2018-06-01 12:17:46,096  INFO Injector:87   --> source: org.matsim.core.controler.NewControlerModule.install(NewControlerModule.java:14)
2018-06-01 12:17:46,096  INFO Injector:89   --> scope: Scopes.NO_SCOPE
2018-06-01 12:17:46,096  INFO Injector:92   --> target: Key[type=org.matsim.core.controler.TerminateAtFixedIterationNumber, annotation=[none]]
2018-06-01 12:17:46,096  INFO Injector:94   ==full==> LinkedKeyBinding{key=Key[type=org.matsim.core.controler.TerminationCriterion, annotation=[none]], source=org.matsim.core.controler.NewControlerModule.install(NewControlerModule.java:14), scope=Scopes.NO_SCOPE, target=Key[type=org.matsim.core.controler.TerminateAtFixedIterationNumber, annotation=[none]]}
2018-06-01 12:17:46,096  INFO Injector:96 
2018-06-01 12:17:46,096  INFO Injector:85 org.matsim.core.controler.MatsimServices 
2018-06-01 12:17:46,096  INFO Injector:86   --> provider: FactoryProxy{key=Key[type=org.matsim.core.controler.MatsimServices, annotation=[none]], provider=com.google.inject.internal.ConstructorBindingImpl$Factory@23bb763c}
2018-06-01 12:17:46,096  INFO Injector:87   --> source: org.matsim.core.controler.NewControlerModule.install(NewControlerModule.java:15)
2018-06-01 12:17:46,096  INFO Injector:89   --> scope: Scopes.NO_SCOPE
2018-06-01 12:17:46,096  INFO Injector:92   --> target: Key[type=org.matsim.core.controler.MatsimServicesImpl, annotation=[none]]
2018-06-01 12:17:46,096  INFO Injector:94   ==full==> LinkedKeyBinding{key=Key[type=org.matsim.core.controler.MatsimServices, annotation=[none]], source=org.matsim.core.controler.NewControlerModule.install(NewControlerModule.java:15), scope=Scopes.NO_SCOPE, target=Key[type=org.matsim.core.controler.MatsimServicesImpl, annotation=[none]]}
2018-06-01 12:17:46,097  INFO Injector:96 
2018-06-01 12:17:46,097  INFO Injector:85 org.matsim.core.controler.corelisteners.PlansScoring 
2018-06-01 12:17:46,097  INFO Injector:86   --> provider: FactoryProxy{key=Key[type=org.matsim.core.controler.corelisteners.PlansScoring, annotation=[none]], provider=com.google.inject.internal.ConstructorBindingImpl$Factory@2409a050[Scopes.SINGLETON]}
2018-06-01 12:17:46,097  INFO Injector:87   --> source: org.matsim.core.scoring.PlansScoringModule.install(PlansScoringModule.java:11)
2018-06-01 12:17:46,097  INFO Injector:89   --> scope: Scopes.NO_SCOPE
2018-06-01 12:17:46,097  INFO Injector:92   --> target: Key[type=org.matsim.core.scoring.PlansScoringImpl, annotation=[none]]
2018-06-01 12:17:46,097  INFO Injector:94   ==full==> LinkedKeyBinding{key=Key[type=org.matsim.core.controler.corelisteners.PlansScoring, annotation=[none]], source=org.matsim.core.scoring.PlansScoringModule.install(PlansScoringModule.java:11), scope=Scopes.NO_SCOPE, target=Key[type=org.matsim.core.scoring.PlansScoringImpl, annotation=[none]]}
2018-06-01 12:17:46,097  INFO Injector:96 
2018-06-01 12:17:46,097  INFO Injector:85 org.matsim.core.controler.corelisteners.PlansReplanning 
2018-06-01 12:17:46,097  INFO Injector:86   --> provider: FactoryProxy{key=Key[type=org.matsim.core.controler.corelisteners.PlansReplanning, annotation=[none]], provider=com.google.inject.internal.ConstructorBindingImpl$Factory@421b69d3[Scopes.SINGLETON]}
2018-06-01 12:17:46,098  INFO Injector:87   --> source: org.matsim.core.controler.corelisteners.ControlerDefaultCoreListenersModule.install(ControlerDefaultCoreListenersModule.java:38)
2018-06-01 12:17:46,098  INFO Injector:89   --> scope: Scopes.NO_SCOPE
2018-06-01 12:17:46,098  INFO Injector:92   --> target: Key[type=org.matsim.core.controler.corelisteners.PlansReplanningImpl, annotation=[none]]
2018-06-01 12:17:46,098  INFO Injector:94   ==full==> LinkedKeyBinding{key=Key[type=org.matsim.core.controler.corelisteners.PlansReplanning, annotation=[none]], source=org.matsim.core.controler.corelisteners.ControlerDefaultCoreListenersModule.install(ControlerDefaultCoreListenersModule.java:38), scope=Scopes.NO_SCOPE, target=Key[type=org.matsim.core.controler.corelisteners.PlansReplanningImpl, annotation=[none]]}
2018-06-01 12:17:46,098  INFO Injector:96 
2018-06-01 12:17:46,098  INFO Injector:85 org.matsim.core.controler.corelisteners.PlansDumping 
2018-06-01 12:17:46,098  INFO Injector:86   --> provider: FactoryProxy{key=Key[type=org.matsim.core.controler.corelisteners.PlansDumping, annotation=[none]], provider=com.google.inject.internal.ConstructorBindingImpl$Factory@29ad3ac5[Scopes.SINGLETON]}
2018-06-01 12:17:46,098  INFO Injector:87   --> source: org.matsim.core.controler.corelisteners.ControlerDefaultCoreListenersModule.install(ControlerDefaultCoreListenersModule.java:39)
2018-06-01 12:17:46,098  INFO Injector:89   --> scope: Scopes.NO_SCOPE
2018-06-01 12:17:46,098  INFO Injector:92   --> target: Key[type=org.matsim.core.controler.corelisteners.PlansDumpingImpl, annotation=[none]]
2018-06-01 12:17:46,098  INFO Injector:94   ==full==> LinkedKeyBinding{key=Key[type=org.matsim.core.controler.corelisteners.PlansDumping, annotation=[none]], source=org.matsim.core.controler.corelisteners.ControlerDefaultCoreListenersModule.install(ControlerDefaultCoreListenersModule.java:39), scope=Scopes.NO_SCOPE, target=Key[type=org.matsim.core.controler.corelisteners.PlansDumpingImpl, annotation=[none]]}
2018-06-01 12:17:46,099  INFO Injector:96 
2018-06-01 12:17:46,099  INFO Injector:85 org.matsim.core.controler.corelisteners.EventsHandling 
2018-06-01 12:17:46,099  INFO Injector:86   --> provider: FactoryProxy{key=Key[type=org.matsim.core.controler.corelisteners.EventsHandling, annotation=[none]], provider=com.google.inject.internal.ConstructorBindingImpl$Factory@2385e98a[Scopes.SINGLETON]}
2018-06-01 12:17:46,099  INFO Injector:87   --> source: org.matsim.core.controler.corelisteners.ControlerDefaultCoreListenersModule.install(ControlerDefaultCoreListenersModule.java:40)
2018-06-01 12:17:46,099  INFO Injector:89   --> scope: Scopes.NO_SCOPE
2018-06-01 12:17:46,099  INFO Injector:92   --> target: Key[type=org.matsim.core.controler.corelisteners.EventsHandlingImpl, annotation=[none]]
2018-06-01 12:17:46,099  INFO Injector:94   ==full==> LinkedKeyBinding{key=Key[type=org.matsim.core.controler.corelisteners.EventsHandling, annotation=[none]], source=org.matsim.core.controler.corelisteners.ControlerDefaultCoreListenersModule.install(ControlerDefaultCoreListenersModule.java:40), scope=Scopes.NO_SCOPE, target=Key[type=org.matsim.core.controler.corelisteners.EventsHandlingImpl, annotation=[none]]}
2018-06-01 12:17:46,099  INFO Injector:96 
2018-06-01 12:17:46,099  INFO Injector:85 org.matsim.core.controler.corelisteners.DumpDataAtEnd 
2018-06-01 12:17:46,099  INFO Injector:86   --> provider: FactoryProxy{key=Key[type=org.matsim.core.controler.corelisteners.DumpDataAtEnd, annotation=[none]], provider=com.google.inject.internal.ConstructorBindingImpl$Factory@2740eb5[Scopes.SINGLETON]}
2018-06-01 12:17:46,099  INFO Injector:87   --> source: org.matsim.core.controler.corelisteners.ControlerDefaultCoreListenersModule.install(ControlerDefaultCoreListenersModule.java:41)
2018-06-01 12:17:46,100  INFO Injector:89   --> scope: Scopes.NO_SCOPE
2018-06-01 12:17:46,100  INFO Injector:92   --> target: Key[type=org.matsim.core.controler.corelisteners.DumpDataAtEndImpl, annotation=[none]]
2018-06-01 12:17:46,100  INFO Injector:94   ==full==> LinkedKeyBinding{key=Key[type=org.matsim.core.controler.corelisteners.DumpDataAtEnd, annotation=[none]], source=org.matsim.core.controler.corelisteners.ControlerDefaultCoreListenersModule.install(ControlerDefaultCoreListenersModule.java:41), scope=Scopes.NO_SCOPE, target=Key[type=org.matsim.core.controler.corelisteners.DumpDataAtEndImpl, annotation=[none]]}
2018-06-01 12:17:46,100  INFO Injector:96 
2018-06-01 12:17:46,100  INFO Injector:85 org.matsim.core.api.experimental.events.EventsManager 
2018-06-01 12:17:46,100  INFO Injector:86   --> provider: FactoryProxy{key=Key[type=org.matsim.core.api.experimental.events.EventsManager, annotation=[none]], provider=com.google.inject.internal.ConstructorBindingImpl$Factory@591d3167}[Scopes.SINGLETON]
2018-06-01 12:17:46,100  INFO Injector:87   --> source: org.matsim.core.events.EventsManagerModule.install(EventsManagerModule.java:23)
2018-06-01 12:17:46,100  INFO Injector:89   --> scope: eager singleton
2018-06-01 12:17:46,100  INFO Injector:92   --> target: Key[type=org.matsim.core.events.SimStepParallelEventsManagerImpl, annotation=[none]]
2018-06-01 12:17:46,100  INFO Injector:94   ==full==> LinkedKeyBinding{key=Key[type=org.matsim.core.api.experimental.events.EventsManager, annotation=[none]], source=org.matsim.core.events.EventsManagerModule.install(EventsManagerModule.java:23), scope=eager singleton, target=Key[type=org.matsim.core.events.SimStepParallelEventsManagerImpl, annotation=[none]]}
2018-06-01 12:17:46,101  INFO Injector:96 
2018-06-01 12:17:46,101  INFO Injector:85 org.matsim.core.mobsim.qsim.qnetsimengine.QNetworkFactory 
2018-06-01 12:17:46,101  INFO Injector:86   --> provider: FactoryProxy{key=Key[type=org.matsim.core.mobsim.qsim.qnetsimengine.QNetworkFactory, annotation=[none]], provider=com.google.inject.internal.ConstructorBindingImpl$Factory@27a86c2d}
2018-06-01 12:17:46,101  INFO Injector:87   --> source: org.matsim.core.mobsim.qsim.QSimModule.configure(QSimModule.java:32)
2018-06-01 12:17:46,101  INFO Injector:89   --> scope: Scopes.NO_SCOPE
2018-06-01 12:17:46,101  INFO Injector:92   --> target: Key[type=org.matsim.core.mobsim.qsim.qnetsimengine.DefaultQNetworkFactory, annotation=[none]]
2018-06-01 12:17:46,101  INFO Injector:94   ==full==> LinkedKeyBinding{key=Key[type=org.matsim.core.mobsim.qsim.qnetsimengine.QNetworkFactory, annotation=[none]], source=org.matsim.core.mobsim.qsim.QSimModule.configure(QSimModule.java:32), scope=Scopes.NO_SCOPE, target=Key[type=org.matsim.core.mobsim.qsim.qnetsimengine.DefaultQNetworkFactory, annotation=[none]]}
2018-06-01 12:17:46,101  INFO Injector:96 
2018-06-01 12:17:46,101  INFO Injector:85 org.matsim.core.router.costcalculators.TravelDisutilityFactory @com.google.inject.name.Named(value=car)
2018-06-01 12:17:46,101  INFO Injector:86   --> provider: of(org.matsim.core.router.costcalculators.RandomizingTimeDistanceTravelDisutilityFactory@65f5eada)
2018-06-01 12:17:46,101  INFO Injector:87   --> source: org.matsim.core.router.costcalculators.TravelDisutilityModule.install(TravelDisutilityModule.java:34)
2018-06-01 12:17:46,102  INFO Injector:89   --> scope: eager singleton
2018-06-01 12:17:46,102  INFO Injector:94   ==full==> InstanceBinding{key=Key[type=org.matsim.core.router.costcalculators.TravelDisutilityFactory, annotation=@com.google.inject.name.Named(value=car)], source=org.matsim.core.router.costcalculators.TravelDisutilityModule.install(TravelDisutilityModule.java:34), instance=org.matsim.core.router.costcalculators.RandomizingTimeDistanceTravelDisutilityFactory@65f5eada}
2018-06-01 12:17:46,102  INFO Injector:96 
2018-06-01 12:17:46,102  INFO Injector:85 org.matsim.core.scoring.ScoringFunctionFactory 
2018-06-01 12:17:46,102  INFO Injector:86   --> provider: FactoryProxy{key=Key[type=org.matsim.core.scoring.ScoringFunctionFactory, annotation=[none]], provider=com.google.inject.internal.ConstructorBindingImpl$Factory@45a5b04d}
2018-06-01 12:17:46,102  INFO Injector:87   --> source: org.matsim.core.scoring.functions.CharyparNagelScoringFunctionModule.install(CharyparNagelScoringFunctionModule.java:36)
2018-06-01 12:17:46,102  INFO Injector:89   --> scope: Scopes.NO_SCOPE
2018-06-01 12:17:46,102  INFO Injector:92   --> target: Key[type=org.matsim.core.scoring.functions.CharyparNagelScoringFunctionFactory, annotation=[none]]
2018-06-01 12:17:46,102  INFO Injector:94   ==full==> LinkedKeyBinding{key=Key[type=org.matsim.core.scoring.ScoringFunctionFactory, annotation=[none]], source=org.matsim.core.scoring.functions.CharyparNagelScoringFunctionModule.install(CharyparNagelScoringFunctionModule.java:36), scope=Scopes.NO_SCOPE, target=Key[type=org.matsim.core.scoring.functions.CharyparNagelScoringFunctionFactory, annotation=[none]]}
2018-06-01 12:17:46,102  INFO Injector:96 
2018-06-01 12:17:46,102  INFO Injector:85 org.matsim.core.scoring.functions.ScoringParametersForPerson 
2018-06-01 12:17:46,103  INFO Injector:86   --> provider: FactoryProxy{key=Key[type=org.matsim.core.scoring.functions.ScoringParametersForPerson, annotation=[none]], provider=com.google.inject.internal.ConstructorBindingImpl$Factory@43a7fb96}
2018-06-01 12:17:46,103  INFO Injector:87   --> source: org.matsim.core.scoring.functions.CharyparNagelScoringFunctionModule.install(CharyparNagelScoringFunctionModule.java:37)
2018-06-01 12:17:46,103  INFO Injector:89   --> scope: Scopes.NO_SCOPE
2018-06-01 12:17:46,103  INFO Injector:92   --> target: Key[type=org.matsim.core.scoring.functions.SubpopulationScoringParameters, annotation=[none]]
2018-06-01 12:17:46,103  INFO Injector:94   ==full==> LinkedKeyBinding{key=Key[type=org.matsim.core.scoring.functions.ScoringParametersForPerson, annotation=[none]], source=org.matsim.core.scoring.functions.CharyparNagelScoringFunctionModule.install(CharyparNagelScoringFunctionModule.java:37), scope=Scopes.NO_SCOPE, target=Key[type=org.matsim.core.scoring.functions.SubpopulationScoringParameters, annotation=[none]]}
2018-06-01 12:17:46,103  INFO Injector:96 
2018-06-01 12:17:46,103  INFO Injector:85 org.matsim.core.scoring.ExperiencedPlansService 
2018-06-01 12:17:46,103  INFO Injector:86   --> provider: FactoryProxy{key=Key[type=org.matsim.core.scoring.ExperiencedPlansService, annotation=[none]], provider=com.google.inject.internal.ConstructorBindingImpl$Factory@10f86e4e}[Scopes.SINGLETON]
2018-06-01 12:17:46,103  INFO Injector:87   --> source: org.matsim.core.scoring.ExperiencedPlansModule.install(ExperiencedPlansModule.java:10)
2018-06-01 12:17:46,103  INFO Injector:89   --> scope: eager singleton
2018-06-01 12:17:46,104  INFO Injector:92   --> target: Key[type=org.matsim.core.scoring.ExperiencedPlansServiceImpl, annotation=[none]]
2018-06-01 12:17:46,104  INFO Injector:94   ==full==> LinkedKeyBinding{key=Key[type=org.matsim.core.scoring.ExperiencedPlansService, annotation=[none]], source=org.matsim.core.scoring.ExperiencedPlansModule.install(ExperiencedPlansModule.java:10), scope=eager singleton, target=Key[type=org.matsim.core.scoring.ExperiencedPlansServiceImpl, annotation=[none]]}
2018-06-01 12:17:46,104  INFO Injector:96 
2018-06-01 12:17:46,104  INFO Injector:85 org.matsim.core.router.MainModeIdentifier 
2018-06-01 12:17:46,104  INFO Injector:86   --> provider: FactoryProxy{key=Key[type=org.matsim.core.router.MainModeIdentifier, annotation=[none]], provider=com.google.inject.internal.ConstructorBindingImpl$Factory@30fdcab2}
2018-06-01 12:17:46,104  INFO Injector:87   --> source: org.matsim.core.router.TripRouterModule.install(TripRouterModule.java:44)
2018-06-01 12:17:46,104  INFO Injector:89   --> scope: Scopes.NO_SCOPE
2018-06-01 12:17:46,104  INFO Injector:92   --> target: Key[type=org.matsim.core.router.MainModeIdentifierImpl, annotation=[none]]
2018-06-01 12:17:46,104  INFO Injector:94   ==full==> LinkedKeyBinding{key=Key[type=org.matsim.core.router.MainModeIdentifier, annotation=[none]], source=org.matsim.core.router.TripRouterModule.install(TripRouterModule.java:44), scope=Scopes.NO_SCOPE, target=Key[type=org.matsim.core.router.MainModeIdentifierImpl, annotation=[none]]}
2018-06-01 12:17:46,104  INFO Injector:96 
2018-06-01 12:17:46,104  INFO Injector:85 org.matsim.core.router.util.LeastCostPathCalculatorFactory 
2018-06-01 12:17:46,105  INFO Injector:86   --> provider: FactoryProxy{key=Key[type=org.matsim.core.router.util.LeastCostPathCalculatorFactory, annotation=[none]], provider=com.google.inject.internal.ConstructorBindingImpl$Factory@46d457be[Scopes.SINGLETON]}
2018-06-01 12:17:46,105  INFO Injector:87   --> source: org.matsim.core.router.LeastCostPathCalculatorModule.install(LeastCostPathCalculatorModule.java:40)
2018-06-01 12:17:46,105  INFO Injector:89   --> scope: Scopes.NO_SCOPE
2018-06-01 12:17:46,105  INFO Injector:92   --> target: Key[type=org.matsim.core.router.DijkstraFactory, annotation=[none]]
2018-06-01 12:17:46,105  INFO Injector:94   ==full==> LinkedKeyBinding{key=Key[type=org.matsim.core.router.util.LeastCostPathCalculatorFactory, annotation=[none]], source=org.matsim.core.router.LeastCostPathCalculatorModule.install(LeastCostPathCalculatorModule.java:40), scope=Scopes.NO_SCOPE, target=Key[type=org.matsim.core.router.DijkstraFactory, annotation=[none]]}
2018-06-01 12:17:46,105  INFO Injector:96 
2018-06-01 12:17:46,105  INFO Injector:85 org.matsim.core.router.RoutingModule @com.google.inject.name.Named(value=ride)
2018-06-01 12:17:46,105  INFO Injector:86   --> provider: org.matsim.core.router.FreespeedFactorRouting@7e9e11a4
2018-06-01 12:17:46,105  INFO Injector:87   --> source: org.matsim.core.router.TripRouterModule.install(TripRouterModule.java:55)
2018-06-01 12:17:46,105  INFO Injector:89   --> scope: Scopes.NO_SCOPE
2018-06-01 12:17:46,106  INFO Injector:94   ==full==> ProviderInstanceBinding{key=Key[type=org.matsim.core.router.RoutingModule, annotation=@com.google.inject.name.Named(value=ride)], source=org.matsim.core.router.TripRouterModule.install(TripRouterModule.java:55), scope=Scopes.NO_SCOPE, provider=org.matsim.core.router.FreespeedFactorRouting@7e9e11a4}
2018-06-01 12:17:46,106  INFO Injector:96 
2018-06-01 12:17:46,106  INFO Injector:85 org.matsim.core.router.RoutingModule @com.google.inject.name.Named(value=pt)
2018-06-01 12:17:46,106  INFO Injector:86   --> provider: org.matsim.core.router.FreespeedFactorRouting@633f752f
2018-06-01 12:17:46,106  INFO Injector:87   --> source: org.matsim.core.router.TripRouterModule.install(TripRouterModule.java:55)
2018-06-01 12:17:46,106  INFO Injector:89   --> scope: Scopes.NO_SCOPE
2018-06-01 12:17:46,106  INFO Injector:94   ==full==> ProviderInstanceBinding{key=Key[type=org.matsim.core.router.RoutingModule, annotation=@com.google.inject.name.Named(value=pt)], source=org.matsim.core.router.TripRouterModule.install(TripRouterModule.java:55), scope=Scopes.NO_SCOPE, provider=org.matsim.core.router.FreespeedFactorRouting@633f752f}
2018-06-01 12:17:46,106  INFO Injector:96 
2018-06-01 12:17:46,106  INFO Injector:85 org.matsim.core.router.RoutingModule @com.google.inject.name.Named(value=bike)
2018-06-01 12:17:46,106  INFO Injector:86   --> provider: org.matsim.core.router.BeelineTeleportationRouting@62241268
2018-06-01 12:17:46,106  INFO Injector:87   --> source: org.matsim.core.router.TripRouterModule.install(TripRouterModule.java:58)
2018-06-01 12:17:46,107  INFO Injector:89   --> scope: Scopes.NO_SCOPE
2018-06-01 12:17:46,107  INFO Injector:94   ==full==> ProviderInstanceBinding{key=Key[type=org.matsim.core.router.RoutingModule, annotation=@com.google.inject.name.Named(value=bike)], source=org.matsim.core.router.TripRouterModule.install(TripRouterModule.java:58), scope=Scopes.NO_SCOPE, provider=org.matsim.core.router.BeelineTeleportationRouting@62241268}
2018-06-01 12:17:46,107  INFO Injector:96 
2018-06-01 12:17:46,107  INFO Injector:85 org.matsim.core.router.RoutingModule @com.google.inject.name.Named(value=walk)
2018-06-01 12:17:46,107  INFO Injector:86   --> provider: org.matsim.core.router.BeelineTeleportationRouting@55aa8d4
2018-06-01 12:17:46,107  INFO Injector:87   --> source: org.matsim.core.router.TripRouterModule.install(TripRouterModule.java:58)
2018-06-01 12:17:46,107  INFO Injector:89   --> scope: Scopes.NO_SCOPE
2018-06-01 12:17:46,107  INFO Injector:94   ==full==> ProviderInstanceBinding{key=Key[type=org.matsim.core.router.RoutingModule, annotation=@com.google.inject.name.Named(value=walk)], source=org.matsim.core.router.TripRouterModule.install(TripRouterModule.java:58), scope=Scopes.NO_SCOPE, provider=org.matsim.core.router.BeelineTeleportationRouting@55aa8d4}
2018-06-01 12:17:46,107  INFO Injector:96 
2018-06-01 12:17:46,107  INFO Injector:85 org.matsim.core.router.RoutingModule @com.google.inject.name.Named(value=access_walk)
2018-06-01 12:17:46,107  INFO Injector:86   --> provider: org.matsim.core.router.BeelineTeleportationRouting@bc78aea
2018-06-01 12:17:46,108  INFO Injector:87   --> source: org.matsim.core.router.TripRouterModule.install(TripRouterModule.java:58)
2018-06-01 12:17:46,108  INFO Injector:89   --> scope: Scopes.NO_SCOPE
2018-06-01 12:17:46,108  INFO Injector:94   ==full==> ProviderInstanceBinding{key=Key[type=org.matsim.core.router.RoutingModule, annotation=@com.google.inject.name.Named(value=access_walk)], source=org.matsim.core.router.TripRouterModule.install(TripRouterModule.java:58), scope=Scopes.NO_SCOPE, provider=org.matsim.core.router.BeelineTeleportationRouting@bc78aea}
2018-06-01 12:17:46,108  INFO Injector:96 
2018-06-01 12:17:46,108  INFO Injector:85 org.matsim.core.router.RoutingModule @com.google.inject.name.Named(value=egress_walk)
2018-06-01 12:17:46,108  INFO Injector:86   --> provider: org.matsim.core.router.BeelineTeleportationRouting@13c900b0
2018-06-01 12:17:46,108  INFO Injector:87   --> source: org.matsim.core.router.TripRouterModule.install(TripRouterModule.java:58)
2018-06-01 12:17:46,108  INFO Injector:89   --> scope: Scopes.NO_SCOPE
2018-06-01 12:17:46,108  INFO Injector:94   ==full==> ProviderInstanceBinding{key=Key[type=org.matsim.core.router.RoutingModule, annotation=@com.google.inject.name.Named(value=egress_walk)], source=org.matsim.core.router.TripRouterModule.install(TripRouterModule.java:58), scope=Scopes.NO_SCOPE, provider=org.matsim.core.router.BeelineTeleportationRouting@13c900b0}
2018-06-01 12:17:46,108  INFO Injector:96 
2018-06-01 12:17:46,108  INFO Injector:85 org.matsim.core.router.RoutingModule @com.google.inject.name.Named(value=undefined)
2018-06-01 12:17:46,109  INFO Injector:86   --> provider: org.matsim.core.router.BeelineTeleportationRouting@51bce7f3
2018-06-01 12:17:46,109  INFO Injector:87   --> source: org.matsim.core.router.TripRouterModule.install(TripRouterModule.java:58)
2018-06-01 12:17:46,109  INFO Injector:89   --> scope: Scopes.NO_SCOPE
2018-06-01 12:17:46,109  INFO Injector:94   ==full==> ProviderInstanceBinding{key=Key[type=org.matsim.core.router.RoutingModule, annotation=@com.google.inject.name.Named(value=undefined)], source=org.matsim.core.router.TripRouterModule.install(TripRouterModule.java:58), scope=Scopes.NO_SCOPE, provider=org.matsim.core.router.BeelineTeleportationRouting@51bce7f3}
2018-06-01 12:17:46,109  INFO Injector:96 
2018-06-01 12:17:46,109  INFO Injector:85 org.matsim.core.router.RoutingModule @com.google.inject.name.Named(value=car)
2018-06-01 12:17:46,109  INFO Injector:86   --> provider: org.matsim.core.router.NetworkRoutingProvider@170e918
2018-06-01 12:17:46,109  INFO Injector:87   --> source: org.matsim.core.router.TripRouterModule.install(TripRouterModule.java:66)
2018-06-01 12:17:46,109  INFO Injector:89   --> scope: Scopes.NO_SCOPE
2018-06-01 12:17:46,109  INFO Injector:94   ==full==> ProviderInstanceBinding{key=Key[type=org.matsim.core.router.RoutingModule, annotation=@com.google.inject.name.Named(value=car)], source=org.matsim.core.router.TripRouterModule.install(TripRouterModule.java:66), scope=Scopes.NO_SCOPE, provider=org.matsim.core.router.NetworkRoutingProvider@170e918}
2018-06-01 12:17:46,109  INFO Injector:96 
2018-06-01 12:17:46,110  INFO Injector:85 org.matsim.core.replanning.selectors.PlanSelector<org.matsim.api.core.v01.population.Plan, org.matsim.api.core.v01.population.Person> 
2018-06-01 12:17:46,110  INFO Injector:86   --> provider: FactoryProxy{key=Key[type=org.matsim.core.replanning.selectors.PlanSelector<org.matsim.api.core.v01.population.Plan, org.matsim.api.core.v01.population.Person>, annotation=[none]], provider=com.google.inject.internal.ConstructorBindingImpl$Factory@6767e3f2}
2018-06-01 12:17:46,110  INFO Injector:87   --> source: org.matsim.core.replanning.strategies.DefaultPlanStrategiesModule.install(DefaultPlanStrategiesModule.java:51)
2018-06-01 12:17:46,110  INFO Injector:89   --> scope: Scopes.NO_SCOPE
2018-06-01 12:17:46,110  INFO Injector:92   --> target: Key[type=org.matsim.core.replanning.selectors.WorstPlanForRemovalSelector, annotation=[none]]
2018-06-01 12:17:46,110  INFO Injector:94   ==full==> LinkedKeyBinding{key=Key[type=org.matsim.core.replanning.selectors.PlanSelector<org.matsim.api.core.v01.population.Plan, org.matsim.api.core.v01.population.Person>, annotation=[none]], source=org.matsim.core.replanning.strategies.DefaultPlanStrategiesModule.install(DefaultPlanStrategiesModule.java:51), scope=Scopes.NO_SCOPE, target=Key[type=org.matsim.core.replanning.selectors.WorstPlanForRemovalSelector, annotation=[none]]}
2018-06-01 12:17:46,110  INFO Injector:96 
2018-06-01 12:17:46,110  INFO Injector:85 org.matsim.core.replanning.ReplanningContext 
2018-06-01 12:17:46,110  INFO Injector:86   --> provider: FactoryProxy{key=Key[type=org.matsim.core.replanning.ReplanningContext, annotation=[none]], provider=com.google.inject.internal.ConstructorBindingImpl$Factory@1db66feb[Scopes.SINGLETON]}[Scopes.SINGLETON]
2018-06-01 12:17:46,110  INFO Injector:87   --> source: org.matsim.core.replanning.StrategyManagerModule.install(StrategyManagerModule.java:52)
2018-06-01 12:17:46,111  INFO Injector:89   --> scope: eager singleton
2018-06-01 12:17:46,111  INFO Injector:92   --> target: Key[type=org.matsim.core.replanning.ReplanningContextImpl, annotation=[none]]
2018-06-01 12:17:46,111  INFO Injector:94   ==full==> LinkedKeyBinding{key=Key[type=org.matsim.core.replanning.ReplanningContext, annotation=[none]], source=org.matsim.core.replanning.StrategyManagerModule.install(StrategyManagerModule.java:52), scope=eager singleton, target=Key[type=org.matsim.core.replanning.ReplanningContextImpl, annotation=[none]]}
2018-06-01 12:17:46,111  INFO Injector:96 
2018-06-01 12:17:46,111  INFO Injector:85 org.matsim.core.controler.listener.ControlerListener @com.google.inject.multibindings.Element(setName=,uniqueId=5731, type=MULTIBINDER, keyType=)
2018-06-01 12:17:46,111  INFO Injector:86   --> provider: FactoryProxy{key=Key[type=org.matsim.core.controler.listener.ControlerListener, annotation=@com.google.inject.multibindings.Element(setName=,uniqueId=5731, type=MULTIBINDER, keyType=)], provider=com.google.inject.internal.ConstructorBindingImpl$Factory@15fa9df6[Scopes.SINGLETON]}
2018-06-01 12:17:46,111  INFO Injector:87   --> source: org.matsim.analysis.LinkStatsModule.install(LinkStatsModule.java:47)
2018-06-01 12:17:46,111  INFO Injector:89   --> scope: Scopes.NO_SCOPE
2018-06-01 12:17:46,111  INFO Injector:92   --> target: Key[type=org.matsim.analysis.LinkStatsControlerListener, annotation=[none]]
2018-06-01 12:17:46,111  INFO Injector:94   ==full==> LinkedKeyBinding{key=Key[type=org.matsim.core.controler.listener.ControlerListener, annotation=@com.google.inject.multibindings.Element(setName=,uniqueId=5731, type=MULTIBINDER, keyType=)], source=org.matsim.analysis.LinkStatsModule.install(LinkStatsModule.java:47), scope=Scopes.NO_SCOPE, target=Key[type=org.matsim.analysis.LinkStatsControlerListener, annotation=[none]]}
2018-06-01 12:17:46,112  INFO Injector:96 
2018-06-01 12:17:46,112  INFO Injector:85 org.matsim.core.controler.listener.ControlerListener @com.google.inject.multibindings.Element(setName=,uniqueId=5732, type=MULTIBINDER, keyType=)
2018-06-01 12:17:46,112  INFO Injector:86   --> provider: FactoryProxy{key=Key[type=org.matsim.core.controler.listener.ControlerListener, annotation=@com.google.inject.multibindings.Element(setName=,uniqueId=5732, type=MULTIBINDER, keyType=)], provider=com.google.inject.internal.ConstructorBindingImpl$Factory@669d32af}
2018-06-01 12:17:46,112  INFO Injector:87   --> source: org.matsim.analysis.LegHistogramModule.install(LegHistogramModule.java:31)
2018-06-01 12:17:46,112  INFO Injector:89   --> scope: Scopes.NO_SCOPE
2018-06-01 12:17:46,112  INFO Injector:92   --> target: Key[type=org.matsim.analysis.LegHistogramListener, annotation=[none]]
2018-06-01 12:17:46,112  INFO Injector:94   ==full==> LinkedKeyBinding{key=Key[type=org.matsim.core.controler.listener.ControlerListener, annotation=@com.google.inject.multibindings.Element(setName=,uniqueId=5732, type=MULTIBINDER, keyType=)], source=org.matsim.analysis.LegHistogramModule.install(LegHistogramModule.java:31), scope=Scopes.NO_SCOPE, target=Key[type=org.matsim.analysis.LegHistogramListener, annotation=[none]]}
2018-06-01 12:17:46,112  INFO Injector:96 
2018-06-01 12:17:46,112  INFO Injector:85 org.matsim.core.controler.listener.ControlerListener @com.google.inject.multibindings.Element(setName=,uniqueId=5733, type=MULTIBINDER, keyType=)
2018-06-01 12:17:46,112  INFO Injector:86   --> provider: FactoryProxy{key=Key[type=org.matsim.core.controler.listener.ControlerListener, annotation=@com.google.inject.multibindings.Element(setName=,uniqueId=5733, type=MULTIBINDER, keyType=)], provider=com.google.inject.internal.ConstructorBindingImpl$Factory@7afd68c2}
2018-06-01 12:17:46,112  INFO Injector:87   --> source: org.matsim.analysis.LegTimesModule.install(LegTimesModule.java:32)
2018-06-01 12:17:46,113  INFO Injector:89   --> scope: Scopes.NO_SCOPE
2018-06-01 12:17:46,113  INFO Injector:92   --> target: Key[type=org.matsim.analysis.LegTimesControlerListener, annotation=[none]]
2018-06-01 12:17:46,113  INFO Injector:94   ==full==> LinkedKeyBinding{key=Key[type=org.matsim.core.controler.listener.ControlerListener, annotation=@com.google.inject.multibindings.Element(setName=,uniqueId=5733, type=MULTIBINDER, keyType=)], source=org.matsim.analysis.LegTimesModule.install(LegTimesModule.java:32), scope=Scopes.NO_SCOPE, target=Key[type=org.matsim.analysis.LegTimesControlerListener, annotation=[none]]}
2018-06-01 12:17:46,113  INFO Injector:96 
2018-06-01 12:17:46,113  INFO Injector:85 org.matsim.core.controler.listener.ControlerListener @com.google.inject.multibindings.Element(setName=,uniqueId=5734, type=MULTIBINDER, keyType=)
2018-06-01 12:17:46,113  INFO Injector:86   --> provider: FactoryProxy{key=Key[type=org.matsim.core.controler.listener.ControlerListener, annotation=@com.google.inject.multibindings.Element(setName=,uniqueId=5734, type=MULTIBINDER, keyType=)], provider=com.google.inject.internal.ConstructorBindingImpl$Factory@493a5dd4}
2018-06-01 12:17:46,113  INFO Injector:87   --> source: org.matsim.analysis.TravelDistanceStatsModule.install(TravelDistanceStatsModule.java:11)
2018-06-01 12:17:46,113  INFO Injector:89   --> scope: Scopes.NO_SCOPE
2018-06-01 12:17:46,113  INFO Injector:92   --> target: Key[type=org.matsim.analysis.TravelDistanceStatsControlerListener, annotation=[none]]
2018-06-01 12:17:46,113  INFO Injector:94   ==full==> LinkedKeyBinding{key=Key[type=org.matsim.core.controler.listener.ControlerListener, annotation=@com.google.inject.multibindings.Element(setName=,uniqueId=5734, type=MULTIBINDER, keyType=)], source=org.matsim.analysis.TravelDistanceStatsModule.install(TravelDistanceStatsModule.java:11), scope=Scopes.NO_SCOPE, target=Key[type=org.matsim.analysis.TravelDistanceStatsControlerListener, annotation=[none]]}
2018-06-01 12:17:46,113  INFO Injector:96 
2018-06-01 12:17:46,114  INFO Injector:85 org.matsim.core.controler.listener.ControlerListener @com.google.inject.multibindings.Element(setName=,uniqueId=5735, type=MULTIBINDER, keyType=)
2018-06-01 12:17:46,114  INFO Injector:86   --> provider: FactoryProxy{key=Key[type=org.matsim.core.controler.listener.ControlerListener, annotation=@com.google.inject.multibindings.Element(setName=,uniqueId=5735, type=MULTIBINDER, keyType=)], provider=com.google.inject.internal.ConstructorBindingImpl$Factory@33d5ae6[Scopes.SINGLETON]}
2018-06-01 12:17:46,114  INFO Injector:87   --> source: org.matsim.analysis.ScoreStatsModule.install(ScoreStatsModule.java:32)
2018-06-01 12:17:46,114  INFO Injector:89   --> scope: Scopes.NO_SCOPE
2018-06-01 12:17:46,114  INFO Injector:92   --> target: Key[type=org.matsim.analysis.ScoreStatsControlerListener, annotation=[none]]
2018-06-01 12:17:46,114  INFO Injector:94   ==full==> LinkedKeyBinding{key=Key[type=org.matsim.core.controler.listener.ControlerListener, annotation=@com.google.inject.multibindings.Element(setName=,uniqueId=5735, type=MULTIBINDER, keyType=)], source=org.matsim.analysis.ScoreStatsModule.install(ScoreStatsModule.java:32), scope=Scopes.NO_SCOPE, target=Key[type=org.matsim.analysis.ScoreStatsControlerListener, annotation=[none]]}
2018-06-01 12:17:46,114  INFO Injector:96 
2018-06-01 12:17:46,114  INFO Injector:85 org.matsim.analysis.ScoreStats 
2018-06-01 12:17:46,114  INFO Injector:86   --> provider: FactoryProxy{key=Key[type=org.matsim.analysis.ScoreStats, annotation=[none]], provider=com.google.inject.internal.ConstructorBindingImpl$Factory@33d5ae6[Scopes.SINGLETON]}
2018-06-01 12:17:46,114  INFO Injector:87   --> source: org.matsim.analysis.ScoreStatsModule.install(ScoreStatsModule.java:33)
2018-06-01 12:17:46,115  INFO Injector:89   --> scope: Scopes.NO_SCOPE
2018-06-01 12:17:46,115  INFO Injector:92   --> target: Key[type=org.matsim.analysis.ScoreStatsControlerListener, annotation=[none]]
2018-06-01 12:17:46,115  INFO Injector:94   ==full==> LinkedKeyBinding{key=Key[type=org.matsim.analysis.ScoreStats, annotation=[none]], source=org.matsim.analysis.ScoreStatsModule.install(ScoreStatsModule.java:33), scope=Scopes.NO_SCOPE, target=Key[type=org.matsim.analysis.ScoreStatsControlerListener, annotation=[none]]}
2018-06-01 12:17:46,115  INFO Injector:96 
2018-06-01 12:17:46,115  INFO Injector:85 org.matsim.core.controler.listener.ControlerListener @com.google.inject.multibindings.Element(setName=,uniqueId=5736, type=MULTIBINDER, keyType=)
2018-06-01 12:17:46,115  INFO Injector:86   --> provider: FactoryProxy{key=Key[type=org.matsim.core.controler.listener.ControlerListener, annotation=@com.google.inject.multibindings.Element(setName=,uniqueId=5736, type=MULTIBINDER, keyType=)], provider=com.google.inject.internal.ConstructorBindingImpl$Factory@5d22cf95[Scopes.SINGLETON]}
2018-06-01 12:17:46,115  INFO Injector:87   --> source: org.matsim.analysis.ModeStatsModule.install(ModeStatsModule.java:32)
2018-06-01 12:17:46,115  INFO Injector:89   --> scope: Scopes.NO_SCOPE
2018-06-01 12:17:46,115  INFO Injector:92   --> target: Key[type=org.matsim.analysis.ModeStatsControlerListener, annotation=[none]]
2018-06-01 12:17:46,115  INFO Injector:94   ==full==> LinkedKeyBinding{key=Key[type=org.matsim.core.controler.listener.ControlerListener, annotation=@com.google.inject.multibindings.Element(setName=,uniqueId=5736, type=MULTIBINDER, keyType=)], source=org.matsim.analysis.ModeStatsModule.install(ModeStatsModule.java:32), scope=Scopes.NO_SCOPE, target=Key[type=org.matsim.analysis.ModeStatsControlerListener, annotation=[none]]}
2018-06-01 12:17:46,115  INFO Injector:96 
2018-06-01 12:17:46,116  INFO Injector:85 org.matsim.core.controler.listener.ControlerListener @com.google.inject.multibindings.Element(setName=,uniqueId=5737, type=MULTIBINDER, keyType=)
2018-06-01 12:17:46,116  INFO Injector:86   --> provider: FactoryProxy{key=Key[type=org.matsim.core.controler.listener.ControlerListener, annotation=@com.google.inject.multibindings.Element(setName=,uniqueId=5737, type=MULTIBINDER, keyType=)], provider=com.google.inject.internal.ConstructorBindingImpl$Factory@16689be4}
2018-06-01 12:17:46,116  INFO Injector:87   --> source: org.matsim.counts.CountsModule.install(CountsModule.java:42)
2018-06-01 12:17:46,116  INFO Injector:89   --> scope: Scopes.NO_SCOPE
2018-06-01 12:17:46,116  INFO Injector:92   --> target: Key[type=org.matsim.counts.CountsControlerListener, annotation=[none]]
2018-06-01 12:17:46,116  INFO Injector:94   ==full==> LinkedKeyBinding{key=Key[type=org.matsim.core.controler.listener.ControlerListener, annotation=@com.google.inject.multibindings.Element(setName=,uniqueId=5737, type=MULTIBINDER, keyType=)], source=org.matsim.counts.CountsModule.install(CountsModule.java:42), scope=Scopes.NO_SCOPE, target=Key[type=org.matsim.counts.CountsControlerListener, annotation=[none]]}
2018-06-01 12:17:46,116  INFO Injector:96 
2018-06-01 12:17:46,116  INFO Injector:85 org.matsim.counts.Counts<org.matsim.api.core.v01.network.Link> 
2018-06-01 12:17:46,116  INFO Injector:86   --> provider: @Provides org.matsim.counts.CountsModule.provideLinkCounts(CountsModule.java:63)[Scopes.SINGLETON]
2018-06-01 12:17:46,116  INFO Injector:87   --> source: org.matsim.counts.Counts org.matsim.counts.CountsModule.provideLinkCounts(org.matsim.api.core.v01.Scenario,org.matsim.core.config.groups.CountsConfigGroup)
2018-06-01 12:17:46,117  INFO Injector:89   --> scope: Scopes.SINGLETON
2018-06-01 12:17:46,117  INFO Injector:94   ==full==> ProviderInstanceBinding{key=Key[type=org.matsim.counts.Counts<org.matsim.api.core.v01.network.Link>, annotation=[none]], source=org.matsim.counts.Counts org.matsim.counts.CountsModule.provideLinkCounts(org.matsim.api.core.v01.Scenario,org.matsim.core.config.groups.CountsConfigGroup), scope=Scopes.SINGLETON, provider=@Provides org.matsim.counts.CountsModule.provideLinkCounts(CountsModule.java:63)}
2018-06-01 12:17:46,117  INFO Injector:96 
2018-06-01 12:17:46,117  INFO Injector:85 org.matsim.core.controler.listener.ControlerListener @com.google.inject.multibindings.Element(setName=,uniqueId=5738, type=MULTIBINDER, keyType=)
2018-06-01 12:17:46,117  INFO Injector:86   --> provider: FactoryProxy{key=Key[type=org.matsim.core.controler.listener.ControlerListener, annotation=@com.google.inject.multibindings.Element(setName=,uniqueId=5738, type=MULTIBINDER, keyType=)], provider=com.google.inject.internal.ConstructorBindingImpl$Factory@6d06e472}
2018-06-01 12:17:46,117  INFO Injector:87   --> source: org.matsim.core.population.VspPlansCleanerModule.install(VspPlansCleanerModule.java:34)
2018-06-01 12:17:46,117  INFO Injector:89   --> scope: Scopes.NO_SCOPE
2018-06-01 12:17:46,117  INFO Injector:92   --> target: Key[type=org.matsim.core.population.VspPlansCleaner, annotation=[none]]
2018-06-01 12:17:46,117  INFO Injector:94   ==full==> LinkedKeyBinding{key=Key[type=org.matsim.core.controler.listener.ControlerListener, annotation=@com.google.inject.multibindings.Element(setName=,uniqueId=5738, type=MULTIBINDER, keyType=)], source=org.matsim.core.population.VspPlansCleanerModule.install(VspPlansCleanerModule.java:34), scope=Scopes.NO_SCOPE, target=Key[type=org.matsim.core.population.VspPlansCleaner, annotation=[none]]}
2018-06-01 12:17:46,117  INFO Injector:96 
2018-06-01 12:17:46,117  INFO Injector:85 org.matsim.core.mobsim.framework.listeners.MobsimListener @com.google.inject.multibindings.Element(setName=,uniqueId=5739, type=MULTIBINDER, keyType=)
2018-06-01 12:17:46,118  INFO Injector:86   --> provider: Key[type=org.matsim.vis.snapshotwriters.SnapshotWritersModule$SnapshotWriterManagerProvider, annotation=[none]]
2018-06-01 12:17:46,118  INFO Injector:87   --> source: org.matsim.vis.snapshotwriters.SnapshotWritersModule.install(SnapshotWritersModule.java:46)
2018-06-01 12:17:46,118  INFO Injector:89   --> scope: Scopes.NO_SCOPE
2018-06-01 12:17:46,118  INFO Injector:94   ==full==> ProviderKeyBinding{key=Key[type=org.matsim.core.mobsim.framework.listeners.MobsimListener, annotation=@com.google.inject.multibindings.Element(setName=,uniqueId=5739, type=MULTIBINDER, keyType=)], source=org.matsim.vis.snapshotwriters.SnapshotWritersModule.install(SnapshotWritersModule.java:46), scope=Scopes.NO_SCOPE, provider=Key[type=org.matsim.vis.snapshotwriters.SnapshotWritersModule$SnapshotWriterManagerProvider, annotation=[none]]}
2018-06-01 12:17:46,118  INFO Injector:96 
2018-06-01 12:17:46,118  INFO Injector:85 org.matsim.core.router.RoutingModule @com.google.inject.multibindings.Element(setName=,uniqueId=5746, type=MAPBINDER, keyType=java.lang.String)
2018-06-01 12:17:46,118  INFO Injector:86   --> provider: FactoryProxy{key=Key[type=org.matsim.core.router.RoutingModule, annotation=@com.google.inject.multibindings.Element(setName=,uniqueId=5746, type=MAPBINDER, keyType=java.lang.String)], provider=org.matsim.core.router.BeelineTeleportationRouting@13c900b0}
2018-06-01 12:17:46,118  INFO Injector:87   --> source: org.matsim.core.controler.Injector$3.configure(Injector.java:129)
2018-06-01 12:17:46,118  INFO Injector:89   --> scope: Scopes.NO_SCOPE
2018-06-01 12:17:46,118  INFO Injector:92   --> target: Key[type=org.matsim.core.router.RoutingModule, annotation=@com.google.inject.name.Named(value=egress_walk)]
2018-06-01 12:17:46,119  INFO Injector:94   ==full==> LinkedKeyBinding{key=Key[type=org.matsim.core.router.RoutingModule, annotation=@com.google.inject.multibindings.Element(setName=,uniqueId=5746, type=MAPBINDER, keyType=java.lang.String)], source=org.matsim.core.controler.Injector$3.configure(Injector.java:129), scope=Scopes.NO_SCOPE, target=Key[type=org.matsim.core.router.RoutingModule, annotation=@com.google.inject.name.Named(value=egress_walk)]}
2018-06-01 12:17:46,119  INFO Injector:96 
2018-06-01 12:17:46,119  INFO Injector:85 org.matsim.core.router.RoutingModule @com.google.inject.multibindings.Element(setName=,uniqueId=5748, type=MAPBINDER, keyType=java.lang.String)
2018-06-01 12:17:46,119  INFO Injector:86   --> provider: FactoryProxy{key=Key[type=org.matsim.core.router.RoutingModule, annotation=@com.google.inject.multibindings.Element(setName=,uniqueId=5748, type=MAPBINDER, keyType=java.lang.String)], provider=org.matsim.core.router.FreespeedFactorRouting@633f752f}
2018-06-01 12:17:46,119  INFO Injector:87   --> source: org.matsim.core.controler.Injector$3.configure(Injector.java:129)
2018-06-01 12:17:46,119  INFO Injector:89   --> scope: Scopes.NO_SCOPE
2018-06-01 12:17:46,119  INFO Injector:92   --> target: Key[type=org.matsim.core.router.RoutingModule, annotation=@com.google.inject.name.Named(value=pt)]
2018-06-01 12:17:46,119  INFO Injector:94   ==full==> LinkedKeyBinding{key=Key[type=org.matsim.core.router.RoutingModule, annotation=@com.google.inject.multibindings.Element(setName=,uniqueId=5748, type=MAPBINDER, keyType=java.lang.String)], source=org.matsim.core.controler.Injector$3.configure(Injector.java:129), scope=Scopes.NO_SCOPE, target=Key[type=org.matsim.core.router.RoutingModule, annotation=@com.google.inject.name.Named(value=pt)]}
2018-06-01 12:17:46,119  INFO Injector:96 
2018-06-01 12:17:46,119  INFO Injector:85 org.matsim.core.router.RoutingModule @com.google.inject.multibindings.Element(setName=,uniqueId=5750, type=MAPBINDER, keyType=java.lang.String)
2018-06-01 12:17:46,120  INFO Injector:86   --> provider: FactoryProxy{key=Key[type=org.matsim.core.router.RoutingModule, annotation=@com.google.inject.multibindings.Element(setName=,uniqueId=5750, type=MAPBINDER, keyType=java.lang.String)], provider=org.matsim.core.router.NetworkRoutingProvider@170e918}
2018-06-01 12:17:46,120  INFO Injector:87   --> source: org.matsim.core.controler.Injector$3.configure(Injector.java:129)
2018-06-01 12:17:46,120  INFO Injector:89   --> scope: Scopes.NO_SCOPE
2018-06-01 12:17:46,120  INFO Injector:92   --> target: Key[type=org.matsim.core.router.RoutingModule, annotation=@com.google.inject.name.Named(value=car)]
2018-06-01 12:17:46,120  INFO Injector:94   ==full==> LinkedKeyBinding{key=Key[type=org.matsim.core.router.RoutingModule, annotation=@com.google.inject.multibindings.Element(setName=,uniqueId=5750, type=MAPBINDER, keyType=java.lang.String)], source=org.matsim.core.controler.Injector$3.configure(Injector.java:129), scope=Scopes.NO_SCOPE, target=Key[type=org.matsim.core.router.RoutingModule, annotation=@com.google.inject.name.Named(value=car)]}
2018-06-01 12:17:46,120  INFO Injector:96 
2018-06-01 12:17:46,120  INFO Injector:85 org.matsim.core.router.RoutingModule @com.google.inject.multibindings.Element(setName=,uniqueId=5752, type=MAPBINDER, keyType=java.lang.String)
2018-06-01 12:17:46,120  INFO Injector:86   --> provider: FactoryProxy{key=Key[type=org.matsim.core.router.RoutingModule, annotation=@com.google.inject.multibindings.Element(setName=,uniqueId=5752, type=MAPBINDER, keyType=java.lang.String)], provider=org.matsim.core.router.BeelineTeleportationRouting@bc78aea}
2018-06-01 12:17:46,120  INFO Injector:87   --> source: org.matsim.core.controler.Injector$3.configure(Injector.java:129)
2018-06-01 12:17:46,120  INFO Injector:89   --> scope: Scopes.NO_SCOPE
2018-06-01 12:17:46,120  INFO Injector:92   --> target: Key[type=org.matsim.core.router.RoutingModule, annotation=@com.google.inject.name.Named(value=access_walk)]
2018-06-01 12:17:46,121  INFO Injector:94   ==full==> LinkedKeyBinding{key=Key[type=org.matsim.core.router.RoutingModule, annotation=@com.google.inject.multibindings.Element(setName=,uniqueId=5752, type=MAPBINDER, keyType=java.lang.String)], source=org.matsim.core.controler.Injector$3.configure(Injector.java:129), scope=Scopes.NO_SCOPE, target=Key[type=org.matsim.core.router.RoutingModule, annotation=@com.google.inject.name.Named(value=access_walk)]}
2018-06-01 12:17:46,121  INFO Injector:96 
2018-06-01 12:17:46,121  INFO Injector:85 org.matsim.core.router.RoutingModule @com.google.inject.multibindings.Element(setName=,uniqueId=5754, type=MAPBINDER, keyType=java.lang.String)
2018-06-01 12:17:46,121  INFO Injector:86   --> provider: FactoryProxy{key=Key[type=org.matsim.core.router.RoutingModule, annotation=@com.google.inject.multibindings.Element(setName=,uniqueId=5754, type=MAPBINDER, keyType=java.lang.String)], provider=org.matsim.core.router.FreespeedFactorRouting@7e9e11a4}
2018-06-01 12:17:46,121  INFO Injector:87   --> source: org.matsim.core.controler.Injector$3.configure(Injector.java:129)
2018-06-01 12:17:46,121  INFO Injector:89   --> scope: Scopes.NO_SCOPE
2018-06-01 12:17:46,121  INFO Injector:92   --> target: Key[type=org.matsim.core.router.RoutingModule, annotation=@com.google.inject.name.Named(value=ride)]
2018-06-01 12:17:46,121  INFO Injector:94   ==full==> LinkedKeyBinding{key=Key[type=org.matsim.core.router.RoutingModule, annotation=@com.google.inject.multibindings.Element(setName=,uniqueId=5754, type=MAPBINDER, keyType=java.lang.String)], source=org.matsim.core.controler.Injector$3.configure(Injector.java:129), scope=Scopes.NO_SCOPE, target=Key[type=org.matsim.core.router.RoutingModule, annotation=@com.google.inject.name.Named(value=ride)]}
2018-06-01 12:17:46,121  INFO Injector:96 
2018-06-01 12:17:46,121  INFO Injector:85 org.matsim.core.router.RoutingModule @com.google.inject.multibindings.Element(setName=,uniqueId=5756, type=MAPBINDER, keyType=java.lang.String)
2018-06-01 12:17:46,121  INFO Injector:86   --> provider: FactoryProxy{key=Key[type=org.matsim.core.router.RoutingModule, annotation=@com.google.inject.multibindings.Element(setName=,uniqueId=5756, type=MAPBINDER, keyType=java.lang.String)], provider=org.matsim.core.router.BeelineTeleportationRouting@55aa8d4}
2018-06-01 12:17:46,122  INFO Injector:87   --> source: org.matsim.core.controler.Injector$3.configure(Injector.java:129)
2018-06-01 12:17:46,122  INFO Injector:89   --> scope: Scopes.NO_SCOPE
2018-06-01 12:17:46,122  INFO Injector:92   --> target: Key[type=org.matsim.core.router.RoutingModule, annotation=@com.google.inject.name.Named(value=walk)]
2018-06-01 12:17:46,122  INFO Injector:94   ==full==> LinkedKeyBinding{key=Key[type=org.matsim.core.router.RoutingModule, annotation=@com.google.inject.multibindings.Element(setName=,uniqueId=5756, type=MAPBINDER, keyType=java.lang.String)], source=org.matsim.core.controler.Injector$3.configure(Injector.java:129), scope=Scopes.NO_SCOPE, target=Key[type=org.matsim.core.router.RoutingModule, annotation=@com.google.inject.name.Named(value=walk)]}
2018-06-01 12:17:46,122  INFO Injector:96 
2018-06-01 12:17:46,122  INFO Injector:85 org.matsim.core.router.RoutingModule @com.google.inject.multibindings.Element(setName=,uniqueId=5758, type=MAPBINDER, keyType=java.lang.String)
2018-06-01 12:17:46,122  INFO Injector:86   --> provider: FactoryProxy{key=Key[type=org.matsim.core.router.RoutingModule, annotation=@com.google.inject.multibindings.Element(setName=,uniqueId=5758, type=MAPBINDER, keyType=java.lang.String)], provider=org.matsim.core.router.BeelineTeleportationRouting@62241268}
2018-06-01 12:17:46,122  INFO Injector:87   --> source: org.matsim.core.controler.Injector$3.configure(Injector.java:129)
2018-06-01 12:17:46,122  INFO Injector:89   --> scope: Scopes.NO_SCOPE
2018-06-01 12:17:46,122  INFO Injector:92   --> target: Key[type=org.matsim.core.router.RoutingModule, annotation=@com.google.inject.name.Named(value=bike)]
2018-06-01 12:17:46,123  INFO Injector:94   ==full==> LinkedKeyBinding{key=Key[type=org.matsim.core.router.RoutingModule, annotation=@com.google.inject.multibindings.Element(setName=,uniqueId=5758, type=MAPBINDER, keyType=java.lang.String)], source=org.matsim.core.controler.Injector$3.configure(Injector.java:129), scope=Scopes.NO_SCOPE, target=Key[type=org.matsim.core.router.RoutingModule, annotation=@com.google.inject.name.Named(value=bike)]}
2018-06-01 12:17:46,123  INFO Injector:96 
2018-06-01 12:17:46,123  INFO Injector:85 org.matsim.core.router.RoutingModule @com.google.inject.multibindings.Element(setName=,uniqueId=5760, type=MAPBINDER, keyType=java.lang.String)
2018-06-01 12:17:46,123  INFO Injector:86   --> provider: FactoryProxy{key=Key[type=org.matsim.core.router.RoutingModule, annotation=@com.google.inject.multibindings.Element(setName=,uniqueId=5760, type=MAPBINDER, keyType=java.lang.String)], provider=org.matsim.core.router.BeelineTeleportationRouting@51bce7f3}
2018-06-01 12:17:46,123  INFO Injector:87   --> source: org.matsim.core.controler.Injector$3.configure(Injector.java:129)
2018-06-01 12:17:46,123  INFO Injector:89   --> scope: Scopes.NO_SCOPE
2018-06-01 12:17:46,123  INFO Injector:92   --> target: Key[type=org.matsim.core.router.RoutingModule, annotation=@com.google.inject.name.Named(value=undefined)]
2018-06-01 12:17:46,123  INFO Injector:94   ==full==> LinkedKeyBinding{key=Key[type=org.matsim.core.router.RoutingModule, annotation=@com.google.inject.multibindings.Element(setName=,uniqueId=5760, type=MAPBINDER, keyType=java.lang.String)], source=org.matsim.core.controler.Injector$3.configure(Injector.java:129), scope=Scopes.NO_SCOPE, target=Key[type=org.matsim.core.router.RoutingModule, annotation=@com.google.inject.name.Named(value=undefined)]}
2018-06-01 12:17:46,123  INFO Injector:96 
2018-06-01 12:17:46,123  INFO Injector:85 org.matsim.core.router.util.TravelTime @com.google.inject.multibindings.Element(setName=,uniqueId=5762, type=MAPBINDER, keyType=java.lang.String)
2018-06-01 12:17:46,124  INFO Injector:86   --> provider: FactoryProxy{key=Key[type=org.matsim.core.router.util.TravelTime, annotation=@com.google.inject.multibindings.Element(setName=,uniqueId=5762, type=MAPBINDER, keyType=java.lang.String)], provider=FactoryProxy{key=Key[type=org.matsim.core.router.util.TravelTime, annotation=@com.google.inject.name.Named(value=car)], provider=com.google.inject.internal.ConstructorBindingImpl$Factory@553bc93b[Scopes.SINGLETON]}}
2018-06-01 12:17:46,124  INFO Injector:87   --> source: org.matsim.core.controler.Injector$3.configure(Injector.java:129)
2018-06-01 12:17:46,124  INFO Injector:89   --> scope: Scopes.NO_SCOPE
2018-06-01 12:17:46,124  INFO Injector:92   --> target: Key[type=org.matsim.core.router.util.TravelTime, annotation=@com.google.inject.name.Named(value=car)]
2018-06-01 12:17:46,124  INFO Injector:94   ==full==> LinkedKeyBinding{key=Key[type=org.matsim.core.router.util.TravelTime, annotation=@com.google.inject.multibindings.Element(setName=,uniqueId=5762, type=MAPBINDER, keyType=java.lang.String)], source=org.matsim.core.controler.Injector$3.configure(Injector.java:129), scope=Scopes.NO_SCOPE, target=Key[type=org.matsim.core.router.util.TravelTime, annotation=@com.google.inject.name.Named(value=car)]}
2018-06-01 12:17:46,124  INFO Injector:96 
2018-06-01 12:17:46,124  INFO Injector:85 org.matsim.core.router.costcalculators.TravelDisutilityFactory @com.google.inject.multibindings.Element(setName=,uniqueId=5764, type=MAPBINDER, keyType=java.lang.String)
2018-06-01 12:17:46,124  INFO Injector:86   --> provider: FactoryProxy{key=Key[type=org.matsim.core.router.costcalculators.TravelDisutilityFactory, annotation=@com.google.inject.multibindings.Element(setName=,uniqueId=5764, type=MAPBINDER, keyType=java.lang.String)], provider=ConstantFactory{value=org.matsim.core.router.costcalculators.RandomizingTimeDistanceTravelDisutilityFactory@65f5eada}[Scopes.SINGLETON]}
2018-06-01 12:17:46,124  INFO Injector:87   --> source: org.matsim.core.controler.Injector$3.configure(Injector.java:129)
2018-06-01 12:17:46,124  INFO Injector:89   --> scope: Scopes.NO_SCOPE
2018-06-01 12:17:46,124  INFO Injector:92   --> target: Key[type=org.matsim.core.router.costcalculators.TravelDisutilityFactory, annotation=@com.google.inject.name.Named(value=car)]
2018-06-01 12:17:46,125  INFO Injector:94   ==full==> LinkedKeyBinding{key=Key[type=org.matsim.core.router.costcalculators.TravelDisutilityFactory, annotation=@com.google.inject.multibindings.Element(setName=,uniqueId=5764, type=MAPBINDER, keyType=java.lang.String)], source=org.matsim.core.controler.Injector$3.configure(Injector.java:129), scope=Scopes.NO_SCOPE, target=Key[type=org.matsim.core.router.costcalculators.TravelDisutilityFactory, annotation=@com.google.inject.name.Named(value=car)]}
2018-06-01 12:17:46,125  INFO Injector:96 
2018-06-01 12:17:46,125  INFO Injector:85 org.matsim.withinday.trafficmonitoring.WithinDayTravelTime 
2018-06-01 12:17:46,125  INFO Injector:86   --> provider: com.google.inject.internal.ConstructorBindingImpl$Factory@553bc93b[Scopes.SINGLETON]
2018-06-01 12:17:46,125  INFO Injector:87   --> source: org.matsim.withinday.trafficmonitoring.WithinDayTravelTimeModule.install(WithinDayTravelTimeModule.java:13)
2018-06-01 12:17:46,125  INFO Injector:89   --> scope: Scopes.SINGLETON
2018-06-01 12:17:46,125  INFO Injector:94   ==full==> ConstructorBinding{key=Key[type=org.matsim.withinday.trafficmonitoring.WithinDayTravelTime, annotation=[none]], source=org.matsim.withinday.trafficmonitoring.WithinDayTravelTimeModule.install(WithinDayTravelTimeModule.java:13), scope=Scopes.SINGLETON}
2018-06-01 12:17:46,125  INFO Injector:96 
2018-06-01 12:17:46,125  INFO Injector:85 org.matsim.withinday.mobsim.WithinDayEngine 
2018-06-01 12:17:46,125  INFO Injector:86   --> provider: com.google.inject.internal.ConstructorBindingImpl$Factory@15ba8c76[Scopes.SINGLETON]
2018-06-01 12:17:46,126  INFO Injector:87   --> source: org.matsim.withinday.controller.WithinDayModule.install(WithinDayModule.java:48)
2018-06-01 12:17:46,126  INFO Injector:89   --> scope: Scopes.SINGLETON
2018-06-01 12:17:46,126  INFO Injector:94   ==full==> ConstructorBinding{key=Key[type=org.matsim.withinday.mobsim.WithinDayEngine, annotation=[none]], source=org.matsim.withinday.controller.WithinDayModule.install(WithinDayModule.java:48), scope=Scopes.SINGLETON}
2018-06-01 12:17:46,126  INFO Injector:96 
2018-06-01 12:17:46,126  INFO Injector:85 org.matsim.core.mobsim.framework.listeners.FixedOrderSimulationListener 
2018-06-01 12:17:46,126  INFO Injector:86   --> provider: com.google.inject.internal.ConstructorBindingImpl$Factory@4eeab8d1[Scopes.SINGLETON]
2018-06-01 12:17:46,126  INFO Injector:87   --> source: org.matsim.withinday.controller.WithinDayModule.install(WithinDayModule.java:50)
2018-06-01 12:17:46,126  INFO Injector:89   --> scope: eager singleton
2018-06-01 12:17:46,126  INFO Injector:94   ==full==> ConstructorBinding{key=Key[type=org.matsim.core.mobsim.framework.listeners.FixedOrderSimulationListener, annotation=[none]], source=org.matsim.withinday.controller.WithinDayModule.install(WithinDayModule.java:50), scope=eager singleton}
2018-06-01 12:17:46,126  INFO Injector:96 
2018-06-01 12:17:46,126  INFO Injector:85 org.matsim.withinday.controller.WithinDayControlerListener 
2018-06-01 12:17:46,127  INFO Injector:86   --> provider: com.google.inject.internal.ConstructorBindingImpl$Factory@1b757430[Scopes.SINGLETON]
2018-06-01 12:17:46,127  INFO Injector:87   --> source: org.matsim.withinday.controller.WithinDayModule.install(WithinDayModule.java:51)
2018-06-01 12:17:46,127  INFO Injector:89   --> scope: eager singleton
2018-06-01 12:17:46,127  INFO Injector:94   ==full==> ConstructorBinding{key=Key[type=org.matsim.withinday.controller.WithinDayControlerListener, annotation=[none]], source=org.matsim.withinday.controller.WithinDayModule.install(WithinDayModule.java:51), scope=eager singleton}
2018-06-01 12:17:46,127  INFO Injector:96 
2018-06-01 12:17:46,127  INFO Injector:85 org.matsim.withinday.mobsim.MobsimDataProvider 
2018-06-01 12:17:46,127  INFO Injector:86   --> provider: com.google.inject.internal.ConstructorBindingImpl$Factory@10d6f353[Scopes.SINGLETON]
2018-06-01 12:17:46,127  INFO Injector:87   --> source: org.matsim.withinday.controller.WithinDayModule.install(WithinDayModule.java:53)
2018-06-01 12:17:46,127  INFO Injector:89   --> scope: eager singleton
2018-06-01 12:17:46,127  INFO Injector:94   ==full==> ConstructorBinding{key=Key[type=org.matsim.withinday.mobsim.MobsimDataProvider, annotation=[none]], source=org.matsim.withinday.controller.WithinDayModule.install(WithinDayModule.java:53), scope=eager singleton}
2018-06-01 12:17:46,127  INFO Injector:96 
2018-06-01 12:17:46,128  INFO Injector:85 org.matsim.withinday.replanning.identifiers.tools.ActivityReplanningMap 
2018-06-01 12:17:46,128  INFO Injector:86   --> provider: com.google.inject.internal.ConstructorBindingImpl$Factory@6c7bf054[Scopes.SINGLETON]
2018-06-01 12:17:46,128  INFO Injector:87   --> source: org.matsim.withinday.controller.WithinDayModule.install(WithinDayModule.java:54)
2018-06-01 12:17:46,128  INFO Injector:89   --> scope: eager singleton
2018-06-01 12:17:46,128  INFO Injector:94   ==full==> ConstructorBinding{key=Key[type=org.matsim.withinday.replanning.identifiers.tools.ActivityReplanningMap, annotation=[none]], source=org.matsim.withinday.controller.WithinDayModule.install(WithinDayModule.java:54), scope=eager singleton}
2018-06-01 12:17:46,128  INFO Injector:96 
2018-06-01 12:17:46,128  INFO Injector:85 org.matsim.withinday.replanning.identifiers.tools.LinkReplanningMap 
2018-06-01 12:17:46,128  INFO Injector:86   --> provider: com.google.inject.internal.ConstructorBindingImpl$Factory@4ee15d15[Scopes.SINGLETON]
2018-06-01 12:17:46,128  INFO Injector:87   --> source: org.matsim.withinday.controller.WithinDayModule.install(WithinDayModule.java:55)
2018-06-01 12:17:46,128  INFO Injector:89   --> scope: eager singleton
2018-06-01 12:17:46,129  INFO Injector:94   ==full==> ConstructorBinding{key=Key[type=org.matsim.withinday.replanning.identifiers.tools.LinkReplanningMap, annotation=[none]], source=org.matsim.withinday.controller.WithinDayModule.install(WithinDayModule.java:55), scope=eager singleton}
2018-06-01 12:17:46,129  INFO Injector:96 
2018-06-01 12:17:46,129  INFO Injector:85 org.matsim.withinday.trafficmonitoring.EarliestLinkExitTimeProvider 
2018-06-01 12:17:46,129  INFO Injector:86   --> provider: com.google.inject.internal.ConstructorBindingImpl$Factory@30f5fd34[Scopes.SINGLETON]
2018-06-01 12:17:46,129  INFO Injector:87   --> source: org.matsim.withinday.controller.WithinDayModule.install(WithinDayModule.java:56)
2018-06-01 12:17:46,129  INFO Injector:89   --> scope: eager singleton
2018-06-01 12:17:46,129  INFO Injector:94   ==full==> ConstructorBinding{key=Key[type=org.matsim.withinday.trafficmonitoring.EarliestLinkExitTimeProvider, annotation=[none]], source=org.matsim.withinday.controller.WithinDayModule.install(WithinDayModule.java:56), scope=eager singleton}
2018-06-01 12:17:46,129  INFO Injector:96 
2018-06-01 12:17:46,129  INFO Injector:85 org.matsim.core.controler.ControlerListenerManagerImpl 
2018-06-01 12:17:46,129  INFO Injector:86   --> provider: com.google.inject.internal.ConstructorBindingImpl$Factory@51a5411[Scopes.SINGLETON]
2018-06-01 12:17:46,129  INFO Injector:87   --> source: org.matsim.core.controler.NewControlerModule.install(NewControlerModule.java:9)
2018-06-01 12:17:46,130  INFO Injector:89   --> scope: eager singleton
2018-06-01 12:17:46,130  INFO Injector:94   ==full==> ConstructorBinding{key=Key[type=org.matsim.core.controler.ControlerListenerManagerImpl, annotation=[none]], source=org.matsim.core.controler.NewControlerModule.install(NewControlerModule.java:9), scope=eager singleton}
2018-06-01 12:17:46,130  INFO Injector:96 
2018-06-01 12:17:46,130  INFO Injector:85 org.matsim.analysis.IterationStopWatch 
2018-06-01 12:17:46,130  INFO Injector:86   --> provider: com.google.inject.internal.ConstructorBindingImpl$Factory@68bfb5d9[Scopes.SINGLETON]
2018-06-01 12:17:46,130  INFO Injector:87   --> source: org.matsim.core.controler.NewControlerModule.install(NewControlerModule.java:12)
2018-06-01 12:17:46,130  INFO Injector:89   --> scope: eager singleton
2018-06-01 12:17:46,130  INFO Injector:94   ==full==> ConstructorBinding{key=Key[type=org.matsim.analysis.IterationStopWatch, annotation=[none]], source=org.matsim.core.controler.NewControlerModule.install(NewControlerModule.java:12), scope=eager singleton}
2018-06-01 12:17:46,130  INFO Injector:96 
2018-06-01 12:17:46,130  INFO Injector:85 org.matsim.core.controler.OutputDirectoryHierarchy 
2018-06-01 12:17:46,130  INFO Injector:86   --> provider: com.google.inject.internal.ConstructorBindingImpl$Factory@58d6e395[Scopes.SINGLETON]
2018-06-01 12:17:46,131  INFO Injector:87   --> source: org.matsim.core.controler.NewControlerModule.install(NewControlerModule.java:13)
2018-06-01 12:17:46,131  INFO Injector:89   --> scope: eager singleton
2018-06-01 12:17:46,131  INFO Injector:94   ==full==> ConstructorBinding{key=Key[type=org.matsim.core.controler.OutputDirectoryHierarchy, annotation=[none]], source=org.matsim.core.controler.NewControlerModule.install(NewControlerModule.java:13), scope=eager singleton}
2018-06-01 12:17:46,131  INFO Injector:96 
2018-06-01 12:17:46,131  INFO Injector:85 org.matsim.core.scoring.ScoringFunctionsForPopulation 
2018-06-01 12:17:46,131  INFO Injector:86   --> provider: com.google.inject.internal.ConstructorBindingImpl$Factory@1cc098c6[Scopes.SINGLETON]
2018-06-01 12:17:46,131  INFO Injector:87   --> source: org.matsim.core.scoring.PlansScoringModule.install(PlansScoringModule.java:10)
2018-06-01 12:17:46,131  INFO Injector:89   --> scope: eager singleton
2018-06-01 12:17:46,131  INFO Injector:94   ==full==> ConstructorBinding{key=Key[type=org.matsim.core.scoring.ScoringFunctionsForPopulation, annotation=[none]], source=org.matsim.core.scoring.PlansScoringModule.install(PlansScoringModule.java:10), scope=eager singleton}
2018-06-01 12:17:46,131  INFO Injector:96 
2018-06-01 12:17:46,132  INFO Injector:85 org.matsim.core.events.EventsManagerModule$EventHandlerRegistrator 
2018-06-01 12:17:46,132  INFO Injector:86   --> provider: com.google.inject.internal.ConstructorBindingImpl$Factory@10ae2ddb[Scopes.SINGLETON]
2018-06-01 12:17:46,132  INFO Injector:87   --> source: org.matsim.core.events.EventsManagerModule.install(EventsManagerModule.java:25)
2018-06-01 12:17:46,132  INFO Injector:89   --> scope: eager singleton
2018-06-01 12:17:46,132  INFO Injector:94   ==full==> ConstructorBinding{key=Key[type=org.matsim.core.events.EventsManagerModule$EventHandlerRegistrator, annotation=[none]], source=org.matsim.core.events.EventsManagerModule.install(EventsManagerModule.java:25), scope=eager singleton}
2018-06-01 12:17:46,132  INFO Injector:96 
2018-06-01 12:17:46,132  INFO Injector:85 org.matsim.core.trafficmonitoring.TravelTimeCalculator 
2018-06-01 12:17:46,132  INFO Injector:86   --> provider: com.google.inject.internal.ConstructorBindingImpl$Factory@2099102[Scopes.SINGLETON]
2018-06-01 12:17:46,132  INFO Injector:87   --> source: org.matsim.core.trafficmonitoring.TravelTimeCalculatorModule.install(TravelTimeCalculatorModule.java:76)
2018-06-01 12:17:46,132  INFO Injector:89   --> scope: Scopes.SINGLETON
2018-06-01 12:17:46,132  INFO Injector:94   ==full==> ConstructorBinding{key=Key[type=org.matsim.core.trafficmonitoring.TravelTimeCalculator, annotation=[none]], source=org.matsim.core.trafficmonitoring.TravelTimeCalculatorModule.install(TravelTimeCalculatorModule.java:76), scope=Scopes.SINGLETON}
2018-06-01 12:17:46,133  INFO Injector:96 
2018-06-01 12:17:46,133  INFO Injector:85 org.matsim.core.scoring.EventsToActivities 
2018-06-01 12:17:46,133  INFO Injector:86   --> provider: com.google.inject.internal.ConstructorBindingImpl$Factory@49e0c179[Scopes.SINGLETON]
2018-06-01 12:17:46,133  INFO Injector:87   --> source: org.matsim.core.scoring.ExperiencedPlanElementsModule.install(ExperiencedPlanElementsModule.java:12)
2018-06-01 12:17:46,133  INFO Injector:89   --> scope: eager singleton
2018-06-01 12:17:46,133  INFO Injector:94   ==full==> ConstructorBinding{key=Key[type=org.matsim.core.scoring.EventsToActivities, annotation=[none]], source=org.matsim.core.scoring.ExperiencedPlanElementsModule.install(ExperiencedPlanElementsModule.java:12), scope=eager singleton}
2018-06-01 12:17:46,133  INFO Injector:96 
2018-06-01 12:17:46,133  INFO Injector:85 org.matsim.core.scoring.EventsToLegs 
2018-06-01 12:17:46,133  INFO Injector:86   --> provider: com.google.inject.internal.ConstructorBindingImpl$Factory@1cfbc20c[Scopes.SINGLETON]
2018-06-01 12:17:46,133  INFO Injector:87   --> source: org.matsim.core.scoring.ExperiencedPlanElementsModule.install(ExperiencedPlanElementsModule.java:13)
2018-06-01 12:17:46,133  INFO Injector:89   --> scope: eager singleton
2018-06-01 12:17:46,134  INFO Injector:94   ==full==> ConstructorBinding{key=Key[type=org.matsim.core.scoring.EventsToLegs, annotation=[none]], source=org.matsim.core.scoring.ExperiencedPlanElementsModule.install(ExperiencedPlanElementsModule.java:13), scope=eager singleton}
2018-06-01 12:17:46,134  INFO Injector:96 
2018-06-01 12:17:46,134  INFO Injector:85 org.matsim.core.router.TripRouter 
2018-06-01 12:17:46,134  INFO Injector:86   --> provider: com.google.inject.internal.ConstructorBindingImpl$Factory@47396656
2018-06-01 12:17:46,134  INFO Injector:87   --> source: org.matsim.core.router.TripRouterModule.install(TripRouterModule.java:43)
2018-06-01 12:17:46,134  INFO Injector:89   --> scope: Scopes.NO_SCOPE
2018-06-01 12:17:46,134  INFO Injector:94   ==full==> ConstructorBinding{key=Key[type=org.matsim.core.router.TripRouter, annotation=[none]], source=org.matsim.core.router.TripRouterModule.install(TripRouterModule.java:43), scope=Scopes.NO_SCOPE}
2018-06-01 12:17:46,134  INFO Injector:96 
2018-06-01 12:17:46,134  INFO Injector:85 org.matsim.core.router.SingleModeNetworksCache 
2018-06-01 12:17:46,134  INFO Injector:86   --> provider: com.google.inject.internal.ConstructorBindingImpl$Factory@71845cbb[Scopes.SINGLETON]
2018-06-01 12:17:46,135  INFO Injector:87   --> source: org.matsim.core.router.TripRouterModule.install(TripRouterModule.java:47)
2018-06-01 12:17:46,135  INFO Injector:89   --> scope: eager singleton
2018-06-01 12:17:46,135  INFO Injector:94   ==full==> ConstructorBinding{key=Key[type=org.matsim.core.router.SingleModeNetworksCache, annotation=[none]], source=org.matsim.core.router.TripRouterModule.install(TripRouterModule.java:47), scope=eager singleton}
2018-06-01 12:17:46,135  INFO Injector:96 
2018-06-01 12:17:46,135  INFO Injector:85 org.matsim.core.replanning.StrategyManager 
2018-06-01 12:17:46,135  INFO Injector:86   --> provider: com.google.inject.internal.ConstructorBindingImpl$Factory@20d2951f[Scopes.SINGLETON]
2018-06-01 12:17:46,135  INFO Injector:87   --> source: org.matsim.core.replanning.StrategyManagerModule.install(StrategyManagerModule.java:51)
2018-06-01 12:17:46,135  INFO Injector:89   --> scope: Scopes.SINGLETON
2018-06-01 12:17:46,135  INFO Injector:94   ==full==> ConstructorBinding{key=Key[type=org.matsim.core.replanning.StrategyManager, annotation=[none]], source=org.matsim.core.replanning.StrategyManagerModule.install(StrategyManagerModule.java:51), scope=Scopes.SINGLETON}
2018-06-01 12:17:46,135  INFO Injector:96 
2018-06-01 12:17:46,135  INFO Injector:85 org.matsim.analysis.CalcLinkStats 
2018-06-01 12:17:46,136  INFO Injector:86   --> provider: com.google.inject.internal.ConstructorBindingImpl$Factory@69eafe97[Scopes.SINGLETON]
2018-06-01 12:17:46,136  INFO Injector:87   --> source: org.matsim.analysis.LinkStatsModule.install(LinkStatsModule.java:37)
2018-06-01 12:17:46,136  INFO Injector:89   --> scope: eager singleton
2018-06-01 12:17:46,136  INFO Injector:94   ==full==> ConstructorBinding{key=Key[type=org.matsim.analysis.CalcLinkStats, annotation=[none]], source=org.matsim.analysis.LinkStatsModule.install(LinkStatsModule.java:37), scope=eager singleton}
2018-06-01 12:17:46,136  INFO Injector:96 
2018-06-01 12:17:46,136  INFO Injector:85 org.matsim.analysis.LinkStatsControlerListener 
2018-06-01 12:17:46,136  INFO Injector:86   --> provider: com.google.inject.internal.ConstructorBindingImpl$Factory@15fa9df6[Scopes.SINGLETON]
2018-06-01 12:17:46,136  INFO Injector:87   --> source: org.matsim.analysis.LinkStatsModule.install(LinkStatsModule.java:46)
2018-06-01 12:17:46,136  INFO Injector:89   --> scope: eager singleton
2018-06-01 12:17:46,136  INFO Injector:94   ==full==> ConstructorBinding{key=Key[type=org.matsim.analysis.LinkStatsControlerListener, annotation=[none]], source=org.matsim.analysis.LinkStatsModule.install(LinkStatsModule.java:46), scope=eager singleton}
2018-06-01 12:17:46,136  INFO Injector:96 
2018-06-01 12:17:46,137  INFO Injector:85 org.matsim.analysis.VolumesAnalyzer 
2018-06-01 12:17:46,137  INFO Injector:86   --> provider: com.google.inject.internal.ConstructorBindingImpl$Factory@3fe0dc50[Scopes.SINGLETON]
2018-06-01 12:17:46,137  INFO Injector:87   --> source: org.matsim.analysis.VolumesAnalyzerModule.install(VolumesAnalyzerModule.java:31)
2018-06-01 12:17:46,137  INFO Injector:89   --> scope: eager singleton
2018-06-01 12:17:46,137  INFO Injector:94   ==full==> ConstructorBinding{key=Key[type=org.matsim.analysis.VolumesAnalyzer, annotation=[none]], source=org.matsim.analysis.VolumesAnalyzerModule.install(VolumesAnalyzerModule.java:31), scope=eager singleton}
2018-06-01 12:17:46,137  INFO Injector:96 
2018-06-01 12:17:46,137  INFO Injector:85 org.matsim.analysis.LegHistogram 
2018-06-01 12:17:46,137  INFO Injector:86   --> provider: com.google.inject.internal.ConstructorBindingImpl$Factory@c94befd
2018-06-01 12:17:46,137  INFO Injector:87   --> source: org.matsim.analysis.LegHistogramModule.install(LegHistogramModule.java:30)
2018-06-01 12:17:46,137  INFO Injector:89   --> scope: Scopes.NO_SCOPE
2018-06-01 12:17:46,137  INFO Injector:94   ==full==> ConstructorBinding{key=Key[type=org.matsim.analysis.LegHistogram, annotation=[none]], source=org.matsim.analysis.LegHistogramModule.install(LegHistogramModule.java:30), scope=Scopes.NO_SCOPE}
2018-06-01 12:17:46,138  INFO Injector:96 
2018-06-01 12:17:46,138  INFO Injector:85 org.matsim.analysis.CalcLegTimes 
2018-06-01 12:17:46,138  INFO Injector:86   --> provider: com.google.inject.internal.ConstructorBindingImpl$Factory@b236ba[Scopes.SINGLETON]
2018-06-01 12:17:46,138  INFO Injector:87   --> source: org.matsim.analysis.LegTimesModule.install(LegTimesModule.java:31)
2018-06-01 12:17:46,138  INFO Injector:89   --> scope: Scopes.SINGLETON
2018-06-01 12:17:46,138  INFO Injector:94   ==full==> ConstructorBinding{key=Key[type=org.matsim.analysis.CalcLegTimes, annotation=[none]], source=org.matsim.analysis.LegTimesModule.install(LegTimesModule.java:31), scope=Scopes.SINGLETON}
2018-06-01 12:17:46,138  INFO Injector:96 
2018-06-01 12:17:46,138  INFO Injector:85 org.matsim.analysis.TravelDistanceStats 
2018-06-01 12:17:46,138  INFO Injector:86   --> provider: com.google.inject.internal.ConstructorBindingImpl$Factory@1595aa1c[Scopes.SINGLETON]
2018-06-01 12:17:46,138  INFO Injector:87   --> source: org.matsim.analysis.TravelDistanceStatsModule.install(TravelDistanceStatsModule.java:10)
2018-06-01 12:17:46,139  INFO Injector:89   --> scope: eager singleton
2018-06-01 12:17:46,139  INFO Injector:94   ==full==> ConstructorBinding{key=Key[type=org.matsim.analysis.TravelDistanceStats, annotation=[none]], source=org.matsim.analysis.TravelDistanceStatsModule.install(TravelDistanceStatsModule.java:10), scope=eager singleton}
2018-06-01 12:17:46,139  INFO Injector:96 
2018-06-01 12:17:46,139  INFO Injector:85 org.matsim.analysis.ScoreStatsControlerListener 
2018-06-01 12:17:46,139  INFO Injector:86   --> provider: com.google.inject.internal.ConstructorBindingImpl$Factory@33d5ae6[Scopes.SINGLETON]
2018-06-01 12:17:46,139  INFO Injector:87   --> source: org.matsim.analysis.ScoreStatsModule.install(ScoreStatsModule.java:31)
2018-06-01 12:17:46,139  INFO Injector:89   --> scope: Scopes.SINGLETON
2018-06-01 12:17:46,139  INFO Injector:94   ==full==> ConstructorBinding{key=Key[type=org.matsim.analysis.ScoreStatsControlerListener, annotation=[none]], source=org.matsim.analysis.ScoreStatsModule.install(ScoreStatsModule.java:31), scope=Scopes.SINGLETON}
2018-06-01 12:17:46,139  INFO Injector:96 
2018-06-01 12:17:46,139  INFO Injector:85 org.matsim.analysis.ModeStatsControlerListener 
2018-06-01 12:17:46,139  INFO Injector:86   --> provider: com.google.inject.internal.ConstructorBindingImpl$Factory@5d22cf95[Scopes.SINGLETON]
2018-06-01 12:17:46,140  INFO Injector:87   --> source: org.matsim.analysis.ModeStatsModule.install(ModeStatsModule.java:31)
2018-06-01 12:17:46,140  INFO Injector:89   --> scope: Scopes.SINGLETON
2018-06-01 12:17:46,140  INFO Injector:94   ==full==> ConstructorBinding{key=Key[type=org.matsim.analysis.ModeStatsControlerListener, annotation=[none]], source=org.matsim.analysis.ModeStatsModule.install(ModeStatsModule.java:31), scope=Scopes.SINGLETON}
2018-06-01 12:17:46,140  INFO Injector:96 
2018-06-01 12:17:46,140  INFO Injector:85 org.matsim.counts.CountsModule$CountsInitializer 
2018-06-01 12:17:46,140  INFO Injector:86   --> provider: com.google.inject.internal.ConstructorBindingImpl$Factory@300bffcb[Scopes.SINGLETON]
2018-06-01 12:17:46,140  INFO Injector:87   --> source: org.matsim.counts.CountsModule.install(CountsModule.java:43)
2018-06-01 12:17:46,140  INFO Injector:89   --> scope: eager singleton
2018-06-01 12:17:46,140  INFO Injector:94   ==full==> ConstructorBinding{key=Key[type=org.matsim.counts.CountsModule$CountsInitializer, annotation=[none]], source=org.matsim.counts.CountsModule.install(CountsModule.java:43), scope=eager singleton}
2018-06-01 12:17:46,140  INFO Injector:96 
2018-06-01 12:17:46,140  INFO Injector:99 === printInjector end ===
2018-06-01 12:17:46,141  INFO Gbl:59 JVM: 1.8.0_121; Oracle Corporation; mixed mode; 64-bit
2018-06-01 12:17:46,141  INFO Gbl:63 OS: Linux; 3.10.0-862.2.3.el7.x86_64; amd64
2018-06-01 12:17:46,141  INFO Gbl:66 CPU cores: 32
2018-06-01 12:17:46,141  INFO Gbl:67 max. Memory: 631.0MB (661651456B)
2018-06-01 12:17:46,142  INFO Gbl:105 MATSim-Build: r2e2cc5d2634abc1948159b0b26915d39f57850c6 (2018-06-01 12:15:31)
2018-06-01 12:17:46,142  INFO ControlerListenerManagerImpl:107 calling notifyStartup on org.matsim.counts.CountsControlerListener
2018-06-01 12:17:46,142  INFO ControlerListenerManagerImpl:107 calling notifyStartup on org.matsim.analysis.ModeStatsControlerListener
2018-06-01 12:17:46,142 DEBUG NetworkRoutingProvider:75 requesting network routing module with routingMode=car;	mode=car
2018-06-01 12:17:46,142  INFO NetworkImpl:167  node # 1
2018-06-01 12:17:46,143  INFO NetworkImpl:167  node # 4
2018-06-01 12:17:46,143  INFO NetworkImpl:163  link # 1
2018-06-01 12:17:46,143  INFO NetworkImpl:163  link # 4
2018-06-01 12:17:46,143  INFO ControlerListenerManagerImpl:107 calling notifyStartup on org.matsim.analysis.ScoreStatsControlerListener
2018-06-01 12:17:46,143  INFO ControlerListenerManagerImpl:107 calling notifyStartup on org.matsim.withinday.controller.ExperiencedPlansWriterTest$WriterInitializer
2018-06-01 12:17:46,146  INFO ControlerListenerManagerImpl:107 calling notifyStartup on org.matsim.withinday.controller.WithinDayControlerListener
2018-06-01 12:17:46,146  INFO WithinDayControlerListener:152 Initialize WithinDayEngine
2018-06-01 12:17:46,146  INFO ControlerListenerManagerImpl:110 all ControlerStartupListeners called.
2018-06-01 12:17:46,146  INFO ControlerUtils:58 config dump before iterations start
2018-06-01 12:17:46,147  INFO Config:563 setting context tofile:/root/workspace/matsim-org/matsim/386581902/matsim/]
2018-06-01 12:17:46,148  INFO Config:563 setting context tofile:/root/workspace/matsim-org/matsim/386581902/matsim/]
2018-06-01 12:17:46,150  INFO Config:563 setting context tofile:/root/workspace/matsim-org/matsim/386581902/matsim/]
2018-06-01 12:17:46,151  INFO Config:563 setting context tofile:/root/workspace/matsim-org/matsim/386581902/matsim/]
2018-06-01 12:17:46,153  INFO Config:563 setting context tofile:/root/workspace/matsim-org/matsim/386581902/matsim/]
2018-06-01 12:17:46,155  INFO Config:563 setting context tofile:/root/workspace/matsim-org/matsim/386581902/matsim/]
2018-06-01 12:17:46,156  INFO Config:563 setting context tofile:/root/workspace/matsim-org/matsim/386581902/matsim/]
2018-06-01 12:17:46,158  INFO Config:563 setting context tofile:/root/workspace/matsim-org/matsim/386581902/matsim/]
2018-06-01 12:17:46,159  INFO Config:563 setting context tofile:/root/workspace/matsim-org/matsim/386581902/matsim/]
2018-06-01 12:17:46,161  INFO Config:563 setting context tofile:/root/workspace/matsim-org/matsim/386581902/matsim/]
2018-06-01 12:17:46,162  INFO Config:563 setting context tofile:/root/workspace/matsim-org/matsim/386581902/matsim/]
2018-06-01 12:17:46,164  INFO Config:563 setting context tofile:/root/workspace/matsim-org/matsim/386581902/matsim/]
2018-06-01 12:17:46,165  INFO Config:563 setting context tofile:/root/workspace/matsim-org/matsim/386581902/matsim/]
2018-06-01 12:17:46,167  INFO Config:563 setting context tofile:/root/workspace/matsim-org/matsim/386581902/matsim/]
2018-06-01 12:17:46,169  INFO Config:563 setting context tofile:/root/workspace/matsim-org/matsim/386581902/matsim/]
2018-06-01 12:17:46,170  INFO Config:563 setting context tofile:/root/workspace/matsim-org/matsim/386581902/matsim/]
2018-06-01 12:17:46,172  INFO Config:563 setting context tofile:/root/workspace/matsim-org/matsim/386581902/matsim/]
2018-06-01 12:17:46,173  INFO Config:563 setting context tofile:/root/workspace/matsim-org/matsim/386581902/matsim/]
2018-06-01 12:17:46,175  INFO Config:563 setting context tofile:/root/workspace/matsim-org/matsim/386581902/matsim/]
2018-06-01 12:17:46,176  INFO Config:563 setting context tofile:/root/workspace/matsim-org/matsim/386581902/matsim/]
2018-06-01 12:17:46,178  INFO Config:563 setting context tofile:/root/workspace/matsim-org/matsim/386581902/matsim/]
2018-06-01 12:17:46,179  INFO Config:563 setting context tofile:/root/workspace/matsim-org/matsim/386581902/matsim/]
2018-06-01 12:17:46,181  INFO Config:563 setting context tofile:/root/workspace/matsim-org/matsim/386581902/matsim/]
2018-06-01 12:17:46,182  INFO Config:563 setting context tofile:/root/workspace/matsim-org/matsim/386581902/matsim/]
2018-06-01 12:17:46,184  INFO ControlerUtils:62 

<?xml version="1.0" encoding="UTF-8"?>
<!DOCTYPE config SYSTEM "http://www.matsim.org/files/dtd/config_v2.dtd">
<config>
<!-- ====================================================================== -->
	<module name="JDEQSim" >
		<param name="carSize" value="7.5" />
		<param name="endTime" value="undefined" />
		<param name="flowCapacityFactor" value="1.0" />
		<param name="gapTravelSpeed" value="15.0" />
		<param name="minimumInFlowCapacity" value="1800.0" />
		<param name="squeezeTime" value="1800.0" />
		<param name="storageCapacityFactor" value="1.0" />
	</module>
<!-- ====================================================================== -->
	<module name="TimeAllocationMutator" >
		<!-- Default:true; Defines whether time mutation changes an activity's duration. -->
		<param name="mutationAffectsDuration" value="true" />
		<!-- Default:1800.0; Defines how many seconds a time mutation can maximally shift a time. -->
		<param name="mutationRange" value="1800.0" />
		<!-- false; Use individual settings for each subpopulation. If enabled but no settings are found, regular settings are uses as fallback. -->
		<param name="useIndividualSettingsForSubpopulations" value="false" />
	</module>
<!-- ====================================================================== -->
<!-- ====================================================================== -->
	<module name="changeMode" >
		<!-- Defines whether car availability is considered be considered or not. An agent has no car only if it has no license, or never access to a car. Default: true -->
		<param name="ignoreCarAvailability" value="true" />
		<!-- Defines the mode switch behavior. Possible values [Lorg.matsim.core.config.groups.ChangeModeConfigGroup$Behavior;@6103ca20 Default: fromSpecifiedModesToSpecifiedModes. -->
		<param name="modeSwitchBehavior" value="fromSpecifiedModesToSpecifiedModes" />
		<!-- Defines all the modes available, including chain-based modes, seperated by commas -->
		<param name="modes" value="car,pt" />
	</module>
<!-- ====================================================================== -->
	<module name="controler" >
		<!-- Sets whether graphs showing some analyses should automatically be generated during the simulation. The generation of graphs usually takes a small amount of time that does not have any weight in big simulations, but add a significant overhead in smaller runs or in test cases where the graphical output is not even requested. -->
		<param name="createGraphs" value="false" />
		<!-- true if at the end of a run, plans, network, config etc should be dumped to a file -->
		<param name="dumpDataAtEnd" value="false" />
		<!-- Default=false. If enabled, the router takes travel times needed for turning moves into account. Cannot be used if the (Fast)AStarLandmarks routing or TravelTimeCalculator.separateModes is enabled. -->
		<param name="enableLinkToLinkRouting" value="false" />
		<!-- Default=xml; Specifies the file format for writing events. Currently supported: xml.
		Multiple values can be specified separated by commas (','). -->
		<param name="eventsFileFormat" value="xml" />
		<!-- Default=0;  -->
		<param name="firstIteration" value="0" />
		<!-- Default=1000;  -->
		<param name="lastIteration" value="0" />
		<!-- Defines which mobility simulation will be used. Currently supported: qsim JDEQSim 
		Depending on the chosen mobsim, you'll have to add additional config modules to configure the corresponding mobsim.
		For 'qsim', add a module 'qsim' to the config. -->
		<param name="mobsim" value="qsim" />
		<param name="outputDirectory" value="test/output/org/matsim/withinday/controller/ExperiencedPlansWriterTest/testWriteFile/" />
		<!-- Possible values: failIfDirectoryExists, overwriteExistingFiles, deleteDirectoryIfExists -->
		<param name="overwriteFiles" value="overwriteExistingFiles" />
		<!-- The type of routing (least cost path) algorithm used, may have the values: Dijkstra, FastDijkstra, AStarLandmarks or FastAStarLandmarks -->
		<param name="routingAlgorithmType" value="Dijkstra" />
		<!-- An identifier for the current run which is used as prefix for output files and mentioned in output xml files etc. -->
		<param name="runId" value="null" />
		<!-- Comma-separated list of visualizer output file formats. `transims', `googleearth', and `otfvis'. -->
		<param name="snapshotFormat" value="" />
		<!-- iterationNumber % writeEventsInterval == 0 defines in which iterations events are written to a file. `0' disables events writing completely. -->
		<param name="writeEventsInterval" value="0" />
		<!-- iterationNumber % writePlansInterval == 0 defines (hopefully) in which iterations plans are written to a file. `0' disables plans writing completely.  Some plans in early iterations are always written -->
		<param name="writePlansInterval" value="10" />
		<!-- iterationNumber % writeSnapshotsInterval == 0 defines in which iterations snapshots are written to a file. `0' disables snapshots writing completely -->
		<param name="writeSnapshotsInterval" value="1" />
	</module>
<!-- ====================================================================== -->
	<module name="counts" >
		<!-- Transport modes that will be respected for the counts comparison. 'car' is default, which includes also bussed from the pt simulation module. Use this parameter in combination with 'filterModes' = true! -->
		<param name="analyzedModes" value="car" />
		<!-- Specifies over how many iterations the link volumes should be averaged that are used for the counts comparison. Use 1 or 0 to only use the link volumes of a single iteration. This values cannot be larger than the value specified for writeCountsInterval -->
		<param name="averageCountsOverIterations" value="5" />
		<!-- factor by which to re-scale the simulated values.  necessary when simulation runs with something different from 100%.  needs to be adapted manually -->
		<param name="countsScaleFactor" value="1.0" />
		<!-- distance to distanceFilterCenterNode to include counting stations. The unit of distance is the Euclidean distance implied by the coordinate system -->
		<param name="distanceFilter" value="null" />
		<!-- node id for center node of distance filter -->
		<param name="distanceFilterCenterNode" value="null" />
		<!-- If true, link counts from legs performed on modes not included in the 'analyzedModes' parameter are ignored. -->
		<param name="filterModes" value="false" />
		<!-- The Coordinates Reference System in which the coordinates are expressed in the input file. At import, the coordinates will be converted to the coordinate system defined in "global", and willbe converted back at export. If not specified, no conversion happens. -->
		<param name="inputCRS" value="null" />
		<!-- input file name to counts package -->
		<param name="inputCountsFile" value="null" />
		<!-- possible values: `html', `kml', `txt', `all' -->
		<param name="outputformat" value="txt" />
		<!-- Specifies how often the counts comparison should be calculated and written. -->
		<param name="writeCountsInterval" value="10" />
	</module>
<!-- ====================================================================== -->
	<module name="facilities" >
		<!-- If set to 'true', empty activity option will be created. -->
		<param name="addEmptyActivityOption" value="false" />
		<!-- Default is 'true'. In the case that a facility has no link assigned, the ActivityFacility can be assigned to the closest link. If there should be only one ActivityFacility per link and if no link-assignment should be done, set to 'false'.This will create a new ActivityFacility at the coordinate and the facility will not be assigned to a link. -->
		<param name="assigningLinksToFacilitiesIfMissing" value="true" />
		<!-- If set to 'true', opening time will be assigned to activity facilities from ActivityParams. Default is false. This will NOT override option 'addEmptyActivityOption'. -->
		<param name="assigningOpeningTime" value="false" />
		<!-- This defines how facilities should be created. Possible values: none fromFile setInScenario onePerActivityLocationInPlansFile  -->
		<param name="facilitiesSource" value="none" />
		<!-- A prefix to be used in activityFacility id. -->
		<param name="idPrefix" value="" />
		<!-- The Coordinates Reference System in which the coordinates are expressed in the input file. At import, the coordinates will be converted to the coordinate system defined in "global", and willbe converted back at export. If not specified, no conversion happens. -->
		<param name="inputCRS" value="null" />
		<param name="inputFacilitiesFile" value="null" />
		<param name="inputFacilityAttributesFile" value="null" />
		<!-- Sets whether all activities on a link should be collected within one ActivityFacility. Default is 'true'. If set to 'false', for each coordinate found in the population's activities a separate ActivityFacility will be created. -->
		<param name="oneFacilityPerLink" value="true" />
		<!-- If set to 'true' (which is the default), the link and coordinate attributes are replaced by null reference in the activities, as this information is now available via the facility. -->
		<param name="removingLinksAndCoordinates" value="true" />
	</module>
<!-- ====================================================================== -->
	<module name="global" >
		<param name="coordinateSystem" value="Atlantis" />
		<param name="insistingOnDeprecatedConfigVersion" value="true" />
		<!-- "global" number of threads.  This number is used, e.g., for replanning, but NOT in the mobsim.  This can typically be set to as many cores as you have available, or possibly even slightly more. -->
		<param name="numberOfThreads" value="2" />
		<param name="randomSeed" value="4711" />
	</module>
<!-- ====================================================================== -->
	<module name="households" >
		<param name="inputFile" value="null" />
		<param name="inputHouseholdAttributesFile" value="null" />
	</module>
<!-- ====================================================================== -->
	<module name="linkStats" >
		<!-- Specifies over how many iterations the link volumes should be averaged that are used for the link statistics. Use 1 or 0 to only use the link volumes of a single iteration. This values cannot be larger than the value specified for writeLinkStatsInterval -->
		<param name="averageLinkStatsOverIterations" value="5" />
		<!-- Specifies how often the link stats should be calculated and written. Use 0 to disable the generation of link stats. -->
		<param name="writeLinkStatsInterval" value="10" />
	</module>
<!-- ====================================================================== -->
	<module name="network" >
		<!-- The Coordinates Reference System in which the coordinates are expressed in the input file. At import, the coordinates will be converted to the coordinate system defined in "global", and willbe converted back at export. If not specified, no conversion happens. -->
		<param name="inputCRS" value="null" />
		<param name="inputChangeEventsFile" value="null" />
		<param name="inputNetworkFile" value="null" />
		<param name="laneDefinitionsFile" value="null" />
		<param name="timeVariantNetwork" value="false" />
	</module>
<!-- ====================================================================== -->
	<module name="parallelEventHandling" >
		<!-- Estimated number of events during mobsim run. An optional optimization hint for the framework. -->
		<param name="estimatedNumberOfEvents" value="null" />
		<!-- Number of threads for parallel events handler. _null_ means the framework decides by itself. 0 is currently not possible. -->
		<param name="numberOfThreads" value="null" />
		<!-- If enabled, each event handler is assigned to its own thread. Note that enabling this feature disabled the numberOfThreads option! This feature is still experimental! -->
		<param name="oneThreadPerHandler" value="false" />
		<!-- If enabled, it is ensured that all events that are created during a time step of the mobility simulation are processed before the next time step is simulated. E.g. neccessary when within-day replanning is used. -->
		<param name="synchronizeOnSimSteps" value="true" />
	</module>
<!-- ====================================================================== -->
	<module name="planCalcScore" >
		<!-- logit model scale parameter. default: 1.  Has name and default value for historical reasons (see Bryan Raney's phd thesis). -->
		<param name="BrainExpBeta" value="1.0" />
		<param name="PathSizeLogitBeta" value="1.0" />
		<!-- fraction of iterations at which MSA score averaging is started. The matsim theory department suggests to use this together with switching off choice set innovation (where a similar switch exists), but it has not been tested yet. -->
		<param name="fractionOfIterationsToStartScoreMSA" value="null" />
		<!-- new_score = (1-learningRate)*old_score + learningRate * score_from_mobsim.  learning rates close to zero emulate score averaging, but slow down initial convergence -->
		<param name="learningRate" value="1.0" />
		<!-- There used to be a plateau between duration=0 and duration=zeroUtilityDuration. This caused durations to evolve to zero once they were below zeroUtilityDuration, causing problems.  Only use this switch if you need to be backwards compatible with some old results.  (changed nov'13) -->
		<param name="usingOldScoringBelowZeroUtilityDuration" value="false" />
		<!-- write a plans file in each iteration directory which contains what each agent actually did, and the score it received. -->
		<param name="writeExperiencedPlans" value="false" />
		<parameterset type="scoringParameters" >
			<param name="earlyDeparture" value="-0.0" />
			<param name="lateArrival" value="-18.0" />
			<param name="marginalUtilityOfMoney" value="1.0" />
			<param name="performing" value="6.0" />
			<param name="subpopulation" value="null" />
			<param name="utilityOfLineSwitch" value="-1.0" />
			<param name="waiting" value="-0.0" />
			<param name="waitingPt" value="-6.0" />
			<parameterset type="activityParams" >
				<param name="activityType" value="dummy" />
				<param name="closingTime" value="undefined" />
				<param name="earliestEndTime" value="undefined" />
				<param name="latestStartTime" value="undefined" />
				<param name="minimalDuration" value="undefined" />
				<param name="openingTime" value="undefined" />
				<param name="priority" value="1.0" />
				<param name="scoringThisActivityAtAll" value="false" />
				<!-- typical duration of activity.  needs to be defined and non-zero.  in sec. -->
				<param name="typicalDuration" value="02:00:00" />
				<!-- method to compute score at typical duration.  Options: | uniform | relative | Use uniform for backwards compatibility (all activities same score; higher proba to drop long acts). -->
				<param name="typicalDurationScoreComputation" value="relative" />
			</parameterset>
			<parameterset type="activityParams" >
				<param name="activityType" value="car interaction" />
				<param name="closingTime" value="undefined" />
				<param name="earliestEndTime" value="undefined" />
				<param name="latestStartTime" value="undefined" />
				<param name="minimalDuration" value="undefined" />
				<param name="openingTime" value="undefined" />
				<param name="priority" value="1.0" />
				<param name="scoringThisActivityAtAll" value="false" />
				<!-- typical duration of activity.  needs to be defined and non-zero.  in sec. -->
				<param name="typicalDuration" value="undefined" />
				<!-- method to compute score at typical duration.  Options: | uniform | relative | Use uniform for backwards compatibility (all activities same score; higher proba to drop long acts). -->
				<param name="typicalDurationScoreComputation" value="relative" />
			</parameterset>
			<parameterset type="activityParams" >
				<param name="activityType" value="pt interaction" />
				<param name="closingTime" value="undefined" />
				<param name="earliestEndTime" value="undefined" />
				<param name="latestStartTime" value="undefined" />
				<param name="minimalDuration" value="undefined" />
				<param name="openingTime" value="undefined" />
				<param name="priority" value="1.0" />
				<param name="scoringThisActivityAtAll" value="false" />
				<!-- typical duration of activity.  needs to be defined and non-zero.  in sec. -->
				<param name="typicalDuration" value="undefined" />
				<!-- method to compute score at typical duration.  Options: | uniform | relative | Use uniform for backwards compatibility (all activities same score; higher proba to drop long acts). -->
				<param name="typicalDurationScoreComputation" value="relative" />
			</parameterset>
			<parameterset type="activityParams" >
				<param name="activityType" value="bike interaction" />
				<param name="closingTime" value="undefined" />
				<param name="earliestEndTime" value="undefined" />
				<param name="latestStartTime" value="undefined" />
				<param name="minimalDuration" value="undefined" />
				<param name="openingTime" value="undefined" />
				<param name="priority" value="1.0" />
				<param name="scoringThisActivityAtAll" value="false" />
				<!-- typical duration of activity.  needs to be defined and non-zero.  in sec. -->
				<param name="typicalDuration" value="undefined" />
				<!-- method to compute score at typical duration.  Options: | uniform | relative | Use uniform for backwards compatibility (all activities same score; higher proba to drop long acts). -->
				<param name="typicalDurationScoreComputation" value="relative" />
			</parameterset>
			<parameterset type="activityParams" >
				<param name="activityType" value="other interaction" />
				<param name="closingTime" value="undefined" />
				<param name="earliestEndTime" value="undefined" />
				<param name="latestStartTime" value="undefined" />
				<param name="minimalDuration" value="undefined" />
				<param name="openingTime" value="undefined" />
				<param name="priority" value="1.0" />
				<param name="scoringThisActivityAtAll" value="false" />
				<!-- typical duration of activity.  needs to be defined and non-zero.  in sec. -->
				<param name="typicalDuration" value="undefined" />
				<!-- method to compute score at typical duration.  Options: | uniform | relative | Use uniform for backwards compatibility (all activities same score; higher proba to drop long acts). -->
				<param name="typicalDurationScoreComputation" value="relative" />
			</parameterset>
			<parameterset type="activityParams" >
				<param name="activityType" value="walk interaction" />
				<param name="closingTime" value="undefined" />
				<param name="earliestEndTime" value="undefined" />
				<param name="latestStartTime" value="undefined" />
				<param name="minimalDuration" value="undefined" />
				<param name="openingTime" value="undefined" />
				<param name="priority" value="1.0" />
				<param name="scoringThisActivityAtAll" value="false" />
				<!-- typical duration of activity.  needs to be defined and non-zero.  in sec. -->
				<param name="typicalDuration" value="undefined" />
				<!-- method to compute score at typical duration.  Options: | uniform | relative | Use uniform for backwards compatibility (all activities same score; higher proba to drop long acts). -->
				<param name="typicalDurationScoreComputation" value="relative" />
			</parameterset>
			<parameterset type="activityParams" >
				<param name="activityType" value="home" />
				<param name="closingTime" value="undefined" />
				<param name="earliestEndTime" value="undefined" />
				<param name="latestStartTime" value="undefined" />
				<param name="minimalDuration" value="undefined" />
				<param name="openingTime" value="undefined" />
				<param name="priority" value="1.0" />
				<param name="scoringThisActivityAtAll" value="true" />
				<!-- typical duration of activity.  needs to be defined and non-zero.  in sec. -->
				<param name="typicalDuration" value="16:00:00" />
				<!-- method to compute score at typical duration.  Options: | uniform | relative | Use uniform for backwards compatibility (all activities same score; higher proba to drop long acts). -->
				<param name="typicalDurationScoreComputation" value="relative" />
			</parameterset>
			<parameterset type="modeParams" >
				<!-- [utils] alternative-specific constant.  no guarantee that this is used anywhere. default=0 to be backwards compatible for the time being -->
				<param name="constant" value="0.0" />
				<!-- [utils/m] utility of walking per m, normally negative.  this is on top of the time (dis)utility. -->
				<param name="marginalUtilityOfDistance_util_m" value="0.0" />
				<!-- [utils/hr] additional marginal utility of traveling.  normally negative.  this comes on top of the opportunity cost of time -->
				<param name="marginalUtilityOfTraveling_util_hr" value="-6.0" />
				<param name="mode" value="car" />
				<!-- [unit_of_money/m] conversion of distance into money. Normally negative. -->
				<param name="monetaryDistanceRate" value="0.0" />
			</parameterset>
			<parameterset type="modeParams" >
				<!-- [utils] alternative-specific constant.  no guarantee that this is used anywhere. default=0 to be backwards compatible for the time being -->
				<param name="constant" value="0.0" />
				<!-- [utils/m] utility of walking per m, normally negative.  this is on top of the time (dis)utility. -->
				<param name="marginalUtilityOfDistance_util_m" value="0.0" />
				<!-- [utils/hr] additional marginal utility of traveling.  normally negative.  this comes on top of the opportunity cost of time -->
				<param name="marginalUtilityOfTraveling_util_hr" value="-6.0" />
				<param name="mode" value="pt" />
				<!-- [unit_of_money/m] conversion of distance into money. Normally negative. -->
				<param name="monetaryDistanceRate" value="0.0" />
			</parameterset>
			<parameterset type="modeParams" >
				<!-- [utils] alternative-specific constant.  no guarantee that this is used anywhere. default=0 to be backwards compatible for the time being -->
				<param name="constant" value="0.0" />
				<!-- [utils/m] utility of walking per m, normally negative.  this is on top of the time (dis)utility. -->
				<param name="marginalUtilityOfDistance_util_m" value="0.0" />
				<!-- [utils/hr] additional marginal utility of traveling.  normally negative.  this comes on top of the opportunity cost of time -->
				<param name="marginalUtilityOfTraveling_util_hr" value="-6.0" />
				<param name="mode" value="walk" />
				<!-- [unit_of_money/m] conversion of distance into money. Normally negative. -->
				<param name="monetaryDistanceRate" value="0.0" />
			</parameterset>
			<parameterset type="modeParams" >
				<!-- [utils] alternative-specific constant.  no guarantee that this is used anywhere. default=0 to be backwards compatible for the time being -->
				<param name="constant" value="0.0" />
				<!-- [utils/m] utility of walking per m, normally negative.  this is on top of the time (dis)utility. -->
				<param name="marginalUtilityOfDistance_util_m" value="0.0" />
				<!-- [utils/hr] additional marginal utility of traveling.  normally negative.  this comes on top of the opportunity cost of time -->
				<param name="marginalUtilityOfTraveling_util_hr" value="-6.0" />
				<param name="mode" value="bike" />
				<!-- [unit_of_money/m] conversion of distance into money. Normally negative. -->
				<param name="monetaryDistanceRate" value="0.0" />
			</parameterset>
			<parameterset type="modeParams" >
				<!-- [utils] alternative-specific constant.  no guarantee that this is used anywhere. default=0 to be backwards compatible for the time being -->
				<param name="constant" value="0.0" />
				<!-- [utils/m] utility of walking per m, normally negative.  this is on top of the time (dis)utility. -->
				<param name="marginalUtilityOfDistance_util_m" value="0.0" />
				<!-- [utils/hr] additional marginal utility of traveling.  normally negative.  this comes on top of the opportunity cost of time -->
				<param name="marginalUtilityOfTraveling_util_hr" value="-6.0" />
				<param name="mode" value="ride" />
				<!-- [unit_of_money/m] conversion of distance into money. Normally negative. -->
				<param name="monetaryDistanceRate" value="0.0" />
			</parameterset>
			<parameterset type="modeParams" >
				<!-- [utils] alternative-specific constant.  no guarantee that this is used anywhere. default=0 to be backwards compatible for the time being -->
				<param name="constant" value="0.0" />
				<!-- [utils/m] utility of walking per m, normally negative.  this is on top of the time (dis)utility. -->
				<param name="marginalUtilityOfDistance_util_m" value="0.0" />
				<!-- [utils/hr] additional marginal utility of traveling.  normally negative.  this comes on top of the opportunity cost of time -->
				<param name="marginalUtilityOfTraveling_util_hr" value="-6.0" />
				<param name="mode" value="other" />
				<!-- [unit_of_money/m] conversion of distance into money. Normally negative. -->
				<param name="monetaryDistanceRate" value="0.0" />
			</parameterset>
		</parameterset>
	</module>
<!-- ====================================================================== -->
	<module name="plans" >
		<!-- String: minOfDurationAndEndTime tryEndTimeThenDuration endTimeOnly. Anything besides minOfDurationAndEndTime will internally use a different (simpler) version of the TimeAllocationMutator. -->
		<param name="activityDurationInterpretation" value="tryEndTimeThenDuration" />
		<!-- The Coordinates Reference System in which the coordinates are expressed in the input file. At import, the coordinates will be converted to the coordinate system defined in "global", and willbe converted back at export. If not specified, no conversion happens. -->
		<param name="inputCRS" value="null" />
		<!-- Path to a file containing person attributes (required file format: ObjectAttributes). -->
		<param name="inputPersonAttributesFile" value="null" />
		<param name="inputPlansFile" value="null" />
		<!-- Defines how routes are stored in memory. Currently supported: LinkNetworkRoute, CompressedNetworkRoute. -->
		<param name="networkRouteType" value="LinkNetworkRoute" />
		<!-- (not tested) will remove plan attributes that are presumably not used, such as activityStartTime. default=false -->
		<param name="removingUnnecessaryPlanAttributes" value="false" />
		<!-- Name of the (Object)Attribute defining the subpopulation to which pertains a Person (as freight, through traffic, etc.). The attribute must be of String type.  Change away from default only in desperate situations. -->
		<param name="subpopulationAttributeName" value="subpopulation" />
	</module>
<!-- ====================================================================== -->
	<module name="planscalcroute" >
		<!-- All the modes for which the router is supposed to generate network routes (like car) -->
		<param name="networkModes" value="car" />
		<parameterset type="teleportedModeParameters" >
			<param name="beelineDistanceFactor" value="1.3" />
			<param name="mode" value="bike" />
			<!-- Free-speed factor for a teleported mode. Travel time = teleportedModeFreespeedFactor * <freespeed car travel time>. Insert a line like this for every such mode. Please do not set teleportedModeFreespeedFactor as well as teleportedModeSpeed for the same mode, but if you do, +teleportedModeFreespeedFactor wins over teleportedModeSpeed. -->
			<param name="teleportedModeFreespeedFactor" value="null" />
			<!-- Speed for a teleported mode. Travel time = (<beeline distance> * beelineDistanceFactor) / teleportedModeSpeed. Insert a line like this for every such mode. -->
			<param name="teleportedModeSpeed" value="4.166666666666667" />
		</parameterset>
		<parameterset type="teleportedModeParameters" >
			<param name="beelineDistanceFactor" value="1.3" />
			<param name="mode" value="walk" />
			<!-- Free-speed factor for a teleported mode. Travel time = teleportedModeFreespeedFactor * <freespeed car travel time>. Insert a line like this for every such mode. Please do not set teleportedModeFreespeedFactor as well as teleportedModeSpeed for the same mode, but if you do, +teleportedModeFreespeedFactor wins over teleportedModeSpeed. -->
			<param name="teleportedModeFreespeedFactor" value="null" />
			<!-- Speed for a teleported mode. Travel time = (<beeline distance> * beelineDistanceFactor) / teleportedModeSpeed. Insert a line like this for every such mode. -->
			<param name="teleportedModeSpeed" value="0.8333333333333333" />
		</parameterset>
		<parameterset type="teleportedModeParameters" >
			<param name="beelineDistanceFactor" value="1.3" />
			<param name="mode" value="access_walk" />
			<!-- Free-speed factor for a teleported mode. Travel time = teleportedModeFreespeedFactor * <freespeed car travel time>. Insert a line like this for every such mode. Please do not set teleportedModeFreespeedFactor as well as teleportedModeSpeed for the same mode, but if you do, +teleportedModeFreespeedFactor wins over teleportedModeSpeed. -->
			<param name="teleportedModeFreespeedFactor" value="null" />
			<!-- Speed for a teleported mode. Travel time = (<beeline distance> * beelineDistanceFactor) / teleportedModeSpeed. Insert a line like this for every such mode. -->
			<param name="teleportedModeSpeed" value="0.8333333333333333" />
		</parameterset>
		<parameterset type="teleportedModeParameters" >
			<param name="beelineDistanceFactor" value="1.3" />
			<param name="mode" value="egress_walk" />
			<!-- Free-speed factor for a teleported mode. Travel time = teleportedModeFreespeedFactor * <freespeed car travel time>. Insert a line like this for every such mode. Please do not set teleportedModeFreespeedFactor as well as teleportedModeSpeed for the same mode, but if you do, +teleportedModeFreespeedFactor wins over teleportedModeSpeed. -->
			<param name="teleportedModeFreespeedFactor" value="null" />
			<!-- Speed for a teleported mode. Travel time = (<beeline distance> * beelineDistanceFactor) / teleportedModeSpeed. Insert a line like this for every such mode. -->
			<param name="teleportedModeSpeed" value="0.8333333333333333" />
		</parameterset>
		<parameterset type="teleportedModeParameters" >
			<param name="beelineDistanceFactor" value="1.3" />
			<param name="mode" value="undefined" />
			<!-- Free-speed factor for a teleported mode. Travel time = teleportedModeFreespeedFactor * <freespeed car travel time>. Insert a line like this for every such mode. Please do not set teleportedModeFreespeedFactor as well as teleportedModeSpeed for the same mode, but if you do, +teleportedModeFreespeedFactor wins over teleportedModeSpeed. -->
			<param name="teleportedModeFreespeedFactor" value="null" />
			<!-- Speed for a teleported mode. Travel time = (<beeline distance> * beelineDistanceFactor) / teleportedModeSpeed. Insert a line like this for every such mode. -->
			<param name="teleportedModeSpeed" value="13.88888888888889" />
		</parameterset>
		<parameterset type="teleportedModeParameters" >
			<param name="beelineDistanceFactor" value="1.3" />
			<param name="mode" value="ride" />
			<!-- Free-speed factor for a teleported mode. Travel time = teleportedModeFreespeedFactor * <freespeed car travel time>. Insert a line like this for every such mode. Please do not set teleportedModeFreespeedFactor as well as teleportedModeSpeed for the same mode, but if you do, +teleportedModeFreespeedFactor wins over teleportedModeSpeed. -->
			<param name="teleportedModeFreespeedFactor" value="1.0" />
			<!-- Speed for a teleported mode. Travel time = (<beeline distance> * beelineDistanceFactor) / teleportedModeSpeed. Insert a line like this for every such mode. -->
			<param name="teleportedModeSpeed" value="null" />
		</parameterset>
		<parameterset type="teleportedModeParameters" >
			<param name="beelineDistanceFactor" value="1.3" />
			<param name="mode" value="pt" />
			<!-- Free-speed factor for a teleported mode. Travel time = teleportedModeFreespeedFactor * <freespeed car travel time>. Insert a line like this for every such mode. Please do not set teleportedModeFreespeedFactor as well as teleportedModeSpeed for the same mode, but if you do, +teleportedModeFreespeedFactor wins over teleportedModeSpeed. -->
			<param name="teleportedModeFreespeedFactor" value="2.0" />
			<!-- Speed for a teleported mode. Travel time = (<beeline distance> * beelineDistanceFactor) / teleportedModeSpeed. Insert a line like this for every such mode. -->
			<param name="teleportedModeSpeed" value="null" />
		</parameterset>
	</module>
<!-- ====================================================================== -->
	<module name="ptCounts" >
		<!-- factor by which to re-scale the simulated values.  necessary when simulation runs with something different from 100%.  needs to be adapted manually -->
		<param name="countsScaleFactor" value="1.0" />
		<!-- distance to distanceFilterCenterNode to include counting stations. The unit of distance is the Euclidean distance implied by the coordinate system -->
		<param name="distanceFilter" value="null" />
		<!-- node id for center node of distance filter -->
		<param name="distanceFilterCenterNode" value="null" />
		<!-- input file containing the alighting (getting off) counts for pt -->
		<param name="inputAlightCountsFile" value="null" />
		<!-- input file containing the boarding (getting on) counts for pt -->
		<param name="inputBoardCountsFile" value="null" />
		<!-- input file containing the occupancy counts for pt -->
		<param name="inputOccupancyCountsFile" value="null" />
		<!-- possible values: `html', `kml', `txt', `all' -->
		<param name="outputformat" value="null" />
		<!-- every how many iterations (starting with 0) counts comparisons are generated -->
		<param name="ptCountsInterval" value="10" />
	</module>
<!-- ====================================================================== -->
	<module name="qsim" >
		<!-- If set to true, creates a vehicle for each person corresponding to every network mode. However, this will be overridden if vehicle source is fromVehiclesData. -->
		<param name="creatingVehiclesForAllNetworkModes" value="true" />
		<param name="endTime" value="24:00:00" />
		<param name="flowCapacityFactor" value="1.0" />
		<!-- decides if waiting vehicles enter the network after or before the already driving vehicles were moved. Default: false -->
		<param name="insertingWaitingVehiclesBeforeDrivingVehicles" value="false" />
		<!-- If link dynamics is set as SeepageQ, set to false if all seep modes should perform seepage. Default is true (better option). -->
		<param name="isRestrictingSeepage" value="true" />
		<!-- If link dynamics is set as SeepageQ, set to true if seep mode do not consumes any space on the link. Default is false. -->
		<param name="isSeepModeStorageFree" value="false" />
		<!-- default: FIFO; options: FIFO PassingQ SeepageQ -->
		<param name="linkDynamics" value="FIFO" />
		<!-- The (initial) width of the links of the network. Use positive floating point values. This is used only for visualisation. -->
		<param name="linkWidth" value="30.0" />
		<!-- [comma-separated list] Defines which modes are congested modes. Technically, these are the modes that the departure handler of the netsimengine handles.  Effective cell size, effective lane width, flow capacity factor, and storage capacity factor need to be set with diligence.  Need to be vehicular modes to make sense. -->
		<param name="mainMode" value="car" />
		<!-- Shortens a link in the visualization, i.e. its start and end point are moved into towards the center. Does not affect traffic flow.  -->
		<param name="nodeOffset" value="0.0" />
		<!-- Number of threads used for the QSim.  Note that this setting is independent from the "global" threads setting.  In contrast to earlier versions, the non-parallel special version is no longer there. -->
		<param name="numberOfThreads" value="1" />
		<!-- Boolean. `true': stuck vehicles are removed, aborting the plan; `false': stuck vehicles are forced into the next link. `false' is probably the better choice. -->
		<param name="removeStuckVehicles" value="false" />
		<!-- If link dynamics is set as SeepageQ, set a seep mode. Default is bike. -->
		<param name="seepMode" value="bike" />
		<!-- Possible values: minOfEndtimeAndMobsimFinished, onlyUseEndtime -->
		<param name="simEndtimeInterpretation" value="null" />
		<!-- Options: maxOfStarttimeAndEarliestActivityEnd onlyUseStarttime  -->
		<param name="simStarttimeInterpretation" value="maxOfStarttimeAndEarliestActivityEnd" />
		<!-- snapshotStyle. One of: equiDist queue withHoles withHolesAndShowHoles kinematicWaves  -->
		<param name="snapshotStyle" value="equiDist" />
		<param name="snapshotperiod" value="00:00:00" />
		<param name="startTime" value="undefined" />
		<param name="storageCapacityFactor" value="1.0" />
		<!-- time in seconds.  Time after which the frontmost vehicle on a link is called `stuck' if it does not move. -->
		<param name="stuckTime" value="10.0" />
		<param name="timeStepSize" value="00:00:01" />
		<!-- options: queue withHoles kinematicWaves  -->
		<param name="trafficDynamics" value="queue" />
		<!-- Set this parameter to true if lanes should be used, false if not. -->
		<param name="useLanes" value="false" />
		<!-- If a route does not reference a vehicle, agents will use the vehicle with the same id as their own. -->
		<param name="usePersonIdForMissingVehicleId" value="true" />
		<!-- If false, the qsim accumulates fractional flows up to one flow unit in every time step.  If true, flows are updated only if an agent wants to enter the link or an agent is added to buffer. Default is true. -->
		<param name="usingFastCapacityUpdate" value="true" />
		<!-- if the qsim should use as many runners as there are threads (Christoph's dissertation version) or more of them, together with a thread pool (seems to be faster in some situations, but is not tested). -->
		<param name="usingThreadpool" value="true" />
		<!-- Defines what happens if an agent wants to depart, but the specified vehicle is not available. One of: teleport wait exception  -->
		<param name="vehicleBehavior" value="teleport" />
		<!-- If vehicles should all be the same default vehicle, or come from the vehicles file, or something else.  Possible values:  defaultVehicle modeVehicleTypesFromVehiclesData fromVehiclesData -->
		<param name="vehiclesSource" value="defaultVehicle" />
	</module>
<!-- ====================================================================== -->
<!-- ====================================================================== -->
	<module name="strategy" >
		<!-- the external executable will be called with a config file as argument.  This is the pathname to a possible skeleton config, to which additional information will be added.  Can be null. -->
		<param name="ExternalExeConfigTemplate" value="null" />
		<!-- time out value (in seconds) after which matsim will consider the external strategy as failed -->
		<param name="ExternalExeTimeOut" value="3600" />
		<!-- root directory for temporary files generated by the external executable. Provided as a service; I don't think this is used by MATSim. -->
		<param name="ExternalExeTmpFileRootDir" value="null" />
		<!-- fraction of iterations where innovative strategies are switched off.  Something link 0.8 should be good.  E.g. if you run from iteration 400 to iteration 500, innovation is switched off at iteration 480 -->
		<param name="fractionOfIterationsToDisableInnovation" value="Infinity" />
		<!-- maximum number of plans per agent.  ``0'' means ``infinity''.  Currently (2010), ``5'' is a good number -->
		<param name="maxAgentPlanMemorySize" value="5" />
		<!-- strategyName of PlanSelector for plans removal.  Possible defaults: WorstPlanSelector SelectRandom SelectExpBetaForRemoval ChangeExpBetaForRemoval PathSizeLogitSelectorForRemoval . The current default, WorstPlanSelector is not a good choice from a discrete choice theoretical perspective. Alternatives, however, have not been systematically tested. kai, feb'12 -->
		<param name="planSelectorForRemoval" value="WorstPlanSelector" />
	</module>
<!-- ====================================================================== -->
	<module name="subtourModeChoice" >
		<!-- Only for backwards compatibility.  Defines if only trips from modes list should change mode, or all trips.  Options: fromAllModesToSpecifiedModes fromSpecifiedModesToSpecifiedModes  -->
		<param name="behavior" value="fromSpecifiedModesToSpecifiedModes" />
		<!-- Defines the chain-based modes, seperated by commas -->
		<param name="chainBasedModes" value="car,bike" />
		<!-- Defines whether car availability must be considered or not. A agent has no car only if it has no license, or never access to a car -->
		<param name="considerCarAvailability" value="false" />
		<!-- Defines all the modes available, including chain-based modes, seperated by commas -->
		<param name="modes" value="car,pt,bike,walk" />
	</module>
<!-- ====================================================================== -->
	<module name="transit" >
		<!-- The Coordinates Reference System in which the coordinates are expressed in the input file. At import, the coordinates will be converted to the coordinate system defined in "global", and willbe converted back at export. If not specified, no conversion happens. -->
		<param name="inputScheduleCRS" value="null" />
		<!-- Optional input file containing additional attributes for transit lines, stored as ObjectAttributes. -->
		<param name="transitLinesAttributesFile" value="null" />
		<!-- Comma-separated list of transportation modes that are handled as transit. Defaults to 'pt'. -->
		<param name="transitModes" value="pt" />
		<!-- Input file containing the transit schedule to be simulated. -->
		<param name="transitScheduleFile" value="null" />
		<!-- Optional input file containing additional attributes for transit stop facilities, stored as ObjectAttributes. -->
		<param name="transitStopsAttributesFile" value="null" />
		<!-- Set this parameter to true if transit should be simulated, false if not. -->
		<param name="useTransit" value="false" />
		<!-- Input file containing the vehicles used by the departures in the transit schedule. -->
		<param name="vehiclesFile" value="null" />
	</module>
<!-- ====================================================================== -->
	<module name="transitRouter" >
		<!-- additional time the router allocates when a line switch happens. Can be interpreted as a 'safety' time that agents need to safely transfer from one line to another -->
		<param name="additionalTransferTime" value="0.0" />
		<!-- Factor with which direct walk generalized cost is multiplied before it is compared to the pt generalized cost.  Set to a very high value to reduce direct walk results. -->
		<param name="directWalkFactor" value="1.0" />
		<!-- step size to increase searchRadius if no stops are found -->
		<param name="extensionRadius" value="200.0" />
		<!-- maximum beeline distance between stops that agents could transfer to by walking -->
		<param name="maxBeelineWalkConnectionDistance" value="100.0" />
		<!-- the radius in which stop locations are searched, given a start or target coordinate -->
		<param name="searchRadius" value="1000.0" />
	</module>
<!-- ====================================================================== -->
	<module name="travelTimeCalculator" >
		<!-- Transport modes that will be respected by the travel time collector. 'car' is default, which includes also busses from the pt simulation module. Use this parameter in combination with 'filterModes' = true! -->
		<param name="analyzedModes" value="car" />
		<param name="calculateLinkToLinkTravelTimes" value="false" />
		<param name="calculateLinkTravelTimes" value="true" />
		<!-- If true, link travel times from legs performed on modes not included in the 'analyzedModes' parameter are ignored. -->
		<param name="filterModes" value="false" />
		<!-- The lenght (in sec) of the time period that is splited into time bins; an additional time bin is created to aggregate all travel times collected after maxTime -->
		<param name="maxTime" value="108000" />
		<!-- If true, link travel times are measured and calculated separately for each mode in analyzedModes. Other modes are ignored. If true, filterModes has no effect. -->
		<param name="separateModes" value="false" />
		<!-- How to deal with congested time bins that have no link entry events. `optimistic' assumes free speed (too optimistic); 'experimental_LastMile' is experimental and probably too pessimistic. -->
		<param name="travelTimeAggregator" value="optimistic" />
		<!-- The size of the time bin (in sec) into which the link travel times are aggregated for the router -->
		<param name="travelTimeBinSize" value="900" />
		<!-- possible values: TravelTimeCalculatorArray TravelTimeCalculatorHashMap  -->
		<param name="travelTimeCalculator" value="TravelTimeCalculatorArray" />
		<!-- How to deal with link entry times at different positions during the time bin. Currently supported: average, linearinterpolation -->
		<param name="travelTimeGetter" value="average" />
	</module>
<!-- ====================================================================== -->
	<module name="vehicles" >
		<param name="vehiclesFile" value="null" />
	</module>
<!-- ====================================================================== -->
	<module name="vspExperimental" >
		<!-- (do not use except of you have to) There was a problem with pt interaction scoring.  Some people solved it by overwriting the parameters of the pt interaction activity type.  Doing this now throws an Exception.  If you still insist on doing this, set the following to true. -->
		<param name="isAbleToOverwritePtInteractionParams" value="false" />
		<param name="isGeneratingBoardingDeniedEvent" value="false" />
		<!-- if an approximation of the opportunity cost of time is included into the radius calculation for location choice.`true' will be faster, but it is an approximation.  Default is `true'; `false' is available for backwards compatibility. -->
		<param name="isUsingOpportunityCostOfTimeForLocationChoice" value="true" />
		<param name="logitScaleParamForPlansRemoval" value="1.0" />
		<!-- Options: | ignore | info | warn | abort | .  When violating VSP defaults, this results in nothing, logfile infos, logfile warnings, or aborts.  Members of VSP should use `abort' or talk to kai. -->
		<param name="vspDefaultsCheckingLevel" value="ignore" />
		<!-- if true then writes output_events in output directory.  default is `false'. Will only work when lastIteration is multiple of events writing interval -->
		<param name="writingOutputEvents" value="true" />
	</module>
<!-- ====================================================================== -->

</config>

2018-06-01 12:17:46,185  INFO ControlerUtils:63 Complete config dump done.
2018-06-01 12:17:46,185  INFO ControlerUtils:64 Checking consistency of config...
2018-06-01 12:17:46,185  INFO PlanCalcScoreConfigGroup$ScoringParameterSet:1373 NO OPENING OR CLOSING TIMES DEFINED!

There is no activity type that has an opening *and* closing time (or opening time and late penalty) defined.
This usually means that the activity chains can be shifted by an arbitrary
number of hours without having an effect on the score of the plans, and thus
resulting in wrong results / traffic patterns.
If you are using MATSim without time adaptation, you can ignore this warning.


2018-06-01 12:17:46,186  INFO VspConfigConsistencyCheckerImpl:58 NOT running vsp config consistency check because vsp defaults checking level is set to IGNORE
2018-06-01 12:17:46,186  INFO ControlerUtils:66 Checking consistency of config done.
2018-06-01 12:17:46,186 DEBUG NetworkRoutingProvider:75 requesting network routing module with routingMode=car;	mode=car
2018-06-01 12:17:46,186 DEBUG NetworkRoutingProvider:75 requesting network routing module with routingMode=car;	mode=car
2018-06-01 12:17:46,187  INFO Counter:70 [PersonPrepareForSim] handled person # 1
2018-06-01 12:17:46,187  INFO Counter:70 [PersonPrepareForSim] handled person # 2
2018-06-01 12:17:46,188  INFO Counter:76 [PersonPrepareForSim] handled person # 2
2018-06-01 12:17:46,188  INFO Counter:70  vehicles # 1
2018-06-01 12:17:46,189  INFO Counter:70  vehicles # 2
2018-06-01 12:17:46,189  INFO AbstractController:121 ###################################################
2018-06-01 12:17:46,189  INFO AbstractController:122 ### ITERATION 0 BEGINS
2018-06-01 12:17:46,189  INFO ControlerListenerManagerImpl:145 calling notifyIterationStarts on org.matsim.analysis.LegHistogramListener
2018-06-01 12:17:46,189  INFO ControlerListenerManagerImpl:145 calling notifyIterationStarts on org.matsim.analysis.LinkStatsControlerListener
2018-06-01 12:17:46,190  INFO ControlerListenerManagerImpl:145 calling notifyIterationStarts on org.matsim.core.replanning.ReplanningContextImpl
2018-06-01 12:17:46,190  INFO ControlerListenerManagerImpl:145 calling notifyIterationStarts on org.matsim.core.scoring.ExperiencedPlansServiceImpl$1
2018-06-01 12:17:46,190  INFO ControlerListenerManagerImpl:145 calling notifyIterationStarts on org.matsim.core.scoring.ScoringFunctionsForPopulation$1
2018-06-01 12:17:46,190  INFO ControlerListenerManagerImpl:148 [it.0] all ControlerIterationStartsListeners called.
2018-06-01 12:17:46,190  INFO ControlerListenerManagerImpl:224 calling notifyBeforeMobsim on org.matsim.core.controler.corelisteners.EventsHandlingImpl
2018-06-01 12:17:46,190  INFO EventsManagerImpl:170 resetting Event-Handlers
2018-06-01 12:17:46,191  INFO EventsManagerImpl:177   org.matsim.withinday.replanning.identifiers.tools.ActivityReplanningMap
2018-06-01 12:17:46,191  INFO EventsManagerImpl:177   org.matsim.withinday.trafficmonitoring.EarliestLinkExitTimeProvider
2018-06-01 12:17:46,191  INFO EventsManagerImpl:177   org.matsim.withinday.replanning.identifiers.tools.LinkReplanningMap
2018-06-01 12:17:46,191  INFO EventsManagerImpl:177   org.matsim.analysis.LegHistogram
2018-06-01 12:17:46,191  INFO EventsManagerImpl:177   org.matsim.withinday.trafficmonitoring.WithinDayTravelTime
2018-06-01 12:17:46,191  INFO EventsManagerImpl:177   org.matsim.core.scoring.EventsToActivities
2018-06-01 12:17:46,191  INFO EventsManagerImpl:177   org.matsim.analysis.CalcLegTimes
2018-06-01 12:17:46,192  INFO EventsManagerImpl:177   org.matsim.core.scoring.EventsToLegs
2018-06-01 12:17:46,192  INFO EventsManagerImpl:177   org.matsim.analysis.VolumesAnalyzer
2018-06-01 12:17:46,192  INFO EventsManagerImpl:177   org.matsim.core.events.algorithms.Vehicle2DriverEventHandler
2018-06-01 12:17:46,192  INFO EventsManagerImpl:177   org.matsim.core.scoring.ScoringFunctionsForPopulation
2018-06-01 12:17:46,192  INFO EventsManagerImpl:177   org.matsim.withinday.controller.ExperiencedPlansWriterTest$EventsPrinter
2018-06-01 12:17:46,192  INFO ControlerListenerManagerImpl:224 calling notifyBeforeMobsim on org.matsim.core.controler.corelisteners.PlansDumpingImpl
2018-06-01 12:17:46,192  INFO PlansDumpingImpl:75 dumping plans...
2018-06-01 12:17:46,193  INFO Counter:70 [PopulationWriter] dumped person # 1
2018-06-01 12:17:46,193  INFO Counter:70 [PopulationWriter] dumped person # 2
2018-06-01 12:17:46,193  INFO PopulationWriter:139 Population written to: test/output/org/matsim/withinday/controller/ExperiencedPlansWriterTest/testWriteFile/ITERS/it.0/0.plans.xml.gz
2018-06-01 12:17:46,193  INFO Counter:76 [PopulationWriter] dumped person # 2
2018-06-01 12:17:46,193  INFO PlansDumpingImpl:92 finished plans dump.
2018-06-01 12:17:46,194  INFO ControlerListenerManagerImpl:229 calling notifyBeforeMobsim on org.matsim.core.population.VspPlansCleaner
2018-06-01 12:17:46,194  INFO ControlerListenerManagerImpl:232 [it.0] all ControlerBeforeMobsimListeners called.
2018-06-01 12:17:46,211  INFO Injector:81 === printInjector start ===
2018-06-01 12:17:46,211  INFO Injector:85 org.matsim.api.core.v01.Scenario 
2018-06-01 12:17:46,211  INFO Injector:86   --> provider: of(org.matsim.core.scenario.MutableScenario@6c4b3ef6)
2018-06-01 12:17:46,211  INFO Injector:87   --> source: org.matsim.core.scenario.ScenarioByInstanceModule.install(ScenarioByInstanceModule.java:31)
2018-06-01 12:17:46,211  INFO Injector:89   --> scope: eager singleton
2018-06-01 12:17:46,211  INFO Injector:94   ==full==> InstanceBinding{key=Key[type=org.matsim.api.core.v01.Scenario, annotation=[none]], source=org.matsim.core.scenario.ScenarioByInstanceModule.install(ScenarioByInstanceModule.java:31), instance=org.matsim.core.scenario.MutableScenario@6c4b3ef6}
2018-06-01 12:17:46,212  INFO Injector:96 
2018-06-01 12:17:46,212  INFO Injector:85 org.matsim.api.core.v01.population.PopulationFactory 
2018-06-01 12:17:46,212  INFO Injector:86   --> provider: @Provides org.matsim.core.scenario.ScenarioByInstanceModule.providePopulationFactory(ScenarioByInstanceModule.java:47)
2018-06-01 12:17:46,212  INFO Injector:87   --> source: org.matsim.api.core.v01.population.PopulationFactory org.matsim.core.scenario.ScenarioByInstanceModule.providePopulationFactory(org.matsim.api.core.v01.population.Population)
2018-06-01 12:17:46,212  INFO Injector:89   --> scope: Scopes.NO_SCOPE
2018-06-01 12:17:46,212  INFO Injector:94   ==full==> ProviderInstanceBinding{key=Key[type=org.matsim.api.core.v01.population.PopulationFactory, annotation=[none]], source=org.matsim.api.core.v01.population.PopulationFactory org.matsim.core.scenario.ScenarioByInstanceModule.providePopulationFactory(org.matsim.api.core.v01.population.Population), scope=Scopes.NO_SCOPE, provider=@Provides org.matsim.core.scenario.ScenarioByInstanceModule.providePopulationFactory(ScenarioByInstanceModule.java:47)}
2018-06-01 12:17:46,213  INFO Injector:96 
2018-06-01 12:17:46,213  INFO Injector:85 org.matsim.api.core.v01.network.Network 
2018-06-01 12:17:46,213  INFO Injector:86   --> provider: @Provides org.matsim.core.scenario.ScenarioByInstanceModule.provideNetwork(ScenarioByInstanceModule.java:39)
2018-06-01 12:17:46,213  INFO Injector:87   --> source: org.matsim.api.core.v01.network.Network org.matsim.core.scenario.ScenarioByInstanceModule.provideNetwork(org.matsim.api.core.v01.Scenario)
2018-06-01 12:17:46,213  INFO Injector:89   --> scope: Scopes.NO_SCOPE
2018-06-01 12:17:46,213  INFO Injector:94   ==full==> ProviderInstanceBinding{key=Key[type=org.matsim.api.core.v01.network.Network, annotation=[none]], source=org.matsim.api.core.v01.network.Network org.matsim.core.scenario.ScenarioByInstanceModule.provideNetwork(org.matsim.api.core.v01.Scenario), scope=Scopes.NO_SCOPE, provider=@Provides org.matsim.core.scenario.ScenarioByInstanceModule.provideNetwork(ScenarioByInstanceModule.java:39)}
2018-06-01 12:17:46,213  INFO Injector:96 
2018-06-01 12:17:46,214  INFO Injector:85 org.matsim.facilities.ActivityFacilities 
2018-06-01 12:17:46,214  INFO Injector:86   --> provider: @Provides org.matsim.core.scenario.ScenarioByInstanceModule.provideActivityFacilities(ScenarioByInstanceModule.java:51)
2018-06-01 12:17:46,214  INFO Injector:87   --> source: org.matsim.facilities.ActivityFacilities org.matsim.core.scenario.ScenarioByInstanceModule.provideActivityFacilities(org.matsim.api.core.v01.Scenario)
2018-06-01 12:17:46,214  INFO Injector:89   --> scope: Scopes.NO_SCOPE
2018-06-01 12:17:46,214  INFO Injector:94   ==full==> ProviderInstanceBinding{key=Key[type=org.matsim.facilities.ActivityFacilities, annotation=[none]], source=org.matsim.facilities.ActivityFacilities org.matsim.core.scenario.ScenarioByInstanceModule.provideActivityFacilities(org.matsim.api.core.v01.Scenario), scope=Scopes.NO_SCOPE, provider=@Provides org.matsim.core.scenario.ScenarioByInstanceModule.provideActivityFacilities(ScenarioByInstanceModule.java:51)}
2018-06-01 12:17:46,214  INFO Injector:96 
2018-06-01 12:17:46,214  INFO Injector:85 org.matsim.households.Households 
2018-06-01 12:17:46,215  INFO Injector:86   --> provider: @Provides org.matsim.core.scenario.ScenarioByInstanceModule.provideHouseholds(ScenarioByInstanceModule.java:56)
2018-06-01 12:17:46,215  INFO Injector:87   --> source: org.matsim.households.Households org.matsim.core.scenario.ScenarioByInstanceModule.provideHouseholds(org.matsim.api.core.v01.Scenario)
2018-06-01 12:17:46,215  INFO Injector:89   --> scope: Scopes.NO_SCOPE
2018-06-01 12:17:46,215  INFO Injector:94   ==full==> ProviderInstanceBinding{key=Key[type=org.matsim.households.Households, annotation=[none]], source=org.matsim.households.Households org.matsim.core.scenario.ScenarioByInstanceModule.provideHouseholds(org.matsim.api.core.v01.Scenario), scope=Scopes.NO_SCOPE, provider=@Provides org.matsim.core.scenario.ScenarioByInstanceModule.provideHouseholds(ScenarioByInstanceModule.java:56)}
2018-06-01 12:17:46,215  INFO Injector:96 
2018-06-01 12:17:46,215  INFO Injector:85 org.matsim.vehicles.Vehicles 
2018-06-01 12:17:46,215  INFO Injector:86   --> provider: @Provides org.matsim.core.scenario.ScenarioByInstanceModule.provideVehicles(ScenarioByInstanceModule.java:61)
2018-06-01 12:17:46,216  INFO Injector:87   --> source: org.matsim.vehicles.Vehicles org.matsim.core.scenario.ScenarioByInstanceModule.provideVehicles(org.matsim.api.core.v01.Scenario)
2018-06-01 12:17:46,216  INFO Injector:89   --> scope: Scopes.NO_SCOPE
2018-06-01 12:17:46,216  INFO Injector:94   ==full==> ProviderInstanceBinding{key=Key[type=org.matsim.vehicles.Vehicles, annotation=[none]], source=org.matsim.vehicles.Vehicles org.matsim.core.scenario.ScenarioByInstanceModule.provideVehicles(org.matsim.api.core.v01.Scenario), scope=Scopes.NO_SCOPE, provider=@Provides org.matsim.core.scenario.ScenarioByInstanceModule.provideVehicles(ScenarioByInstanceModule.java:61)}
2018-06-01 12:17:46,216  INFO Injector:96 
2018-06-01 12:17:46,216  INFO Injector:85 org.matsim.lanes.data.Lanes 
2018-06-01 12:17:46,216  INFO Injector:86   --> provider: @Provides org.matsim.core.scenario.ScenarioByInstanceModule.provideLanes(ScenarioByInstanceModule.java:66)
2018-06-01 12:17:46,216  INFO Injector:87   --> source: org.matsim.lanes.data.Lanes org.matsim.core.scenario.ScenarioByInstanceModule.provideLanes(org.matsim.api.core.v01.Scenario)
2018-06-01 12:17:46,217  INFO Injector:89   --> scope: Scopes.NO_SCOPE
2018-06-01 12:17:46,217  INFO Injector:94   ==full==> ProviderInstanceBinding{key=Key[type=org.matsim.lanes.data.Lanes, annotation=[none]], source=org.matsim.lanes.data.Lanes org.matsim.core.scenario.ScenarioByInstanceModule.provideLanes(org.matsim.api.core.v01.Scenario), scope=Scopes.NO_SCOPE, provider=@Provides org.matsim.core.scenario.ScenarioByInstanceModule.provideLanes(ScenarioByInstanceModule.java:66)}
2018-06-01 12:17:46,217  INFO Injector:96 
2018-06-01 12:17:46,217  INFO Injector:85 org.matsim.api.core.v01.population.Population 
2018-06-01 12:17:46,217  INFO Injector:86   --> provider: @Provides org.matsim.core.scenario.ScenarioByInstanceModule.providePopulation(ScenarioByInstanceModule.java:43)
2018-06-01 12:17:46,217  INFO Injector:87   --> source: org.matsim.api.core.v01.population.Population org.matsim.core.scenario.ScenarioByInstanceModule.providePopulation(org.matsim.api.core.v01.Scenario)
2018-06-01 12:17:46,217  INFO Injector:89   --> scope: Scopes.NO_SCOPE
2018-06-01 12:17:46,218  INFO Injector:94   ==full==> ProviderInstanceBinding{key=Key[type=org.matsim.api.core.v01.population.Population, annotation=[none]], source=org.matsim.api.core.v01.population.Population org.matsim.core.scenario.ScenarioByInstanceModule.providePopulation(org.matsim.api.core.v01.Scenario), scope=Scopes.NO_SCOPE, provider=@Provides org.matsim.core.scenario.ScenarioByInstanceModule.providePopulation(ScenarioByInstanceModule.java:43)}
2018-06-01 12:17:46,218  INFO Injector:96 
2018-06-01 12:17:46,218  INFO Injector:85 org.matsim.core.api.experimental.events.EventsManager 
2018-06-01 12:17:46,218  INFO Injector:86   --> provider: of(org.matsim.core.events.SimStepParallelEventsManagerImpl@75792a13)
2018-06-01 12:17:46,218  INFO Injector:87   --> source: org.matsim.core.mobsim.qsim.QSimUtils$StandaloneQSimModule.install(QSimUtils.java:108)
2018-06-01 12:17:46,218  INFO Injector:89   --> scope: eager singleton
2018-06-01 12:17:46,218  INFO Injector:94   ==full==> InstanceBinding{key=Key[type=org.matsim.core.api.experimental.events.EventsManager, annotation=[none]], source=org.matsim.core.mobsim.qsim.QSimUtils$StandaloneQSimModule.install(QSimUtils.java:108), instance=org.matsim.core.events.SimStepParallelEventsManagerImpl@75792a13}
2018-06-01 12:17:46,219  INFO Injector:96 
2018-06-01 12:17:46,219  INFO Injector:85 org.matsim.core.mobsim.framework.Mobsim 
2018-06-01 12:17:46,219  INFO Injector:86   --> provider: Key[type=org.matsim.core.mobsim.qsim.QSimProvider, annotation=[none]]
2018-06-01 12:17:46,219  INFO Injector:87   --> source: org.matsim.core.mobsim.qsim.QSimModule.configure(QSimModule.java:28)
2018-06-01 12:17:46,219  INFO Injector:89   --> scope: Scopes.NO_SCOPE
2018-06-01 12:17:46,219  INFO Injector:94   ==full==> ProviderKeyBinding{key=Key[type=org.matsim.core.mobsim.framework.Mobsim, annotation=[none]], source=org.matsim.core.mobsim.qsim.QSimModule.configure(QSimModule.java:28), scope=Scopes.NO_SCOPE, provider=Key[type=org.matsim.core.mobsim.qsim.QSimProvider, annotation=[none]]}
2018-06-01 12:17:46,219  INFO Injector:96 
2018-06-01 12:17:46,220  INFO Injector:85 org.matsim.core.mobsim.qsim.qnetsimengine.QNetworkFactory 
2018-06-01 12:17:46,220  INFO Injector:86   --> provider: FactoryProxy{key=Key[type=org.matsim.core.mobsim.qsim.qnetsimengine.QNetworkFactory, annotation=[none]], provider=com.google.inject.internal.ConstructorBindingImpl$Factory@58894ded}
2018-06-01 12:17:46,220  INFO Injector:87   --> source: org.matsim.core.mobsim.qsim.QSimModule.configure(QSimModule.java:32)
2018-06-01 12:17:46,220  INFO Injector:89   --> scope: Scopes.NO_SCOPE
2018-06-01 12:17:46,220  INFO Injector:92   --> target: Key[type=org.matsim.core.mobsim.qsim.qnetsimengine.DefaultQNetworkFactory, annotation=[none]]
2018-06-01 12:17:46,220  INFO Injector:94   ==full==> LinkedKeyBinding{key=Key[type=org.matsim.core.mobsim.qsim.qnetsimengine.QNetworkFactory, annotation=[none]], source=org.matsim.core.mobsim.qsim.QSimModule.configure(QSimModule.java:32), scope=Scopes.NO_SCOPE, target=Key[type=org.matsim.core.mobsim.qsim.qnetsimengine.DefaultQNetworkFactory, annotation=[none]]}
2018-06-01 12:17:46,220  INFO Injector:96 
2018-06-01 12:17:46,221  INFO Injector:99 === printInjector end ===
2018-06-01 12:17:46,223  INFO Injector:81 === printInjector start ===
2018-06-01 12:17:46,224  INFO Injector:85 org.matsim.core.mobsim.qsim.qnetsimengine.VehicularDepartureHandler 
2018-06-01 12:17:46,224  INFO Injector:86   --> provider: Key[type=org.matsim.core.mobsim.qsim.qnetsimengine.QNetsimEngineDepartureHandlerProvider, annotation=[none]][Scopes.SINGLETON]
2018-06-01 12:17:46,224  INFO Injector:87   --> source: org.matsim.core.mobsim.qsim.qnetsimengine.QNetsimEnginePlugin$1.configure(QNetsimEnginePlugin.java:25)
2018-06-01 12:17:46,224  INFO Injector:89   --> scope: eager singleton
2018-06-01 12:17:46,224  INFO Injector:94   ==full==> ProviderKeyBinding{key=Key[type=org.matsim.core.mobsim.qsim.qnetsimengine.VehicularDepartureHandler, annotation=[none]], source=org.matsim.core.mobsim.qsim.qnetsimengine.QNetsimEnginePlugin$1.configure(QNetsimEnginePlugin.java:25), scope=eager singleton, provider=Key[type=org.matsim.core.mobsim.qsim.qnetsimengine.QNetsimEngineDepartureHandlerProvider, annotation=[none]]}
2018-06-01 12:17:46,224  INFO Injector:96 
2018-06-01 12:17:46,225  INFO Injector:85 org.matsim.core.mobsim.qsim.agents.AgentFactory 
2018-06-01 12:17:46,225  INFO Injector:86   --> provider: FactoryProxy{key=Key[type=org.matsim.core.mobsim.qsim.agents.AgentFactory, annotation=[none]], provider=com.google.inject.internal.ConstructorBindingImpl$Factory@e6f96cb}[Scopes.SINGLETON]
2018-06-01 12:17:46,225  INFO Injector:87   --> source: org.matsim.core.mobsim.qsim.PopulationPlugin$1.configure(PopulationPlugin.java:30)
2018-06-01 12:17:46,225  INFO Injector:89   --> scope: eager singleton
2018-06-01 12:17:46,225  INFO Injector:92   --> target: Key[type=org.matsim.core.mobsim.qsim.agents.DefaultAgentFactory, annotation=[none]]
2018-06-01 12:17:46,225  INFO Injector:94   ==full==> LinkedKeyBinding{key=Key[type=org.matsim.core.mobsim.qsim.agents.AgentFactory, annotation=[none]], source=org.matsim.core.mobsim.qsim.PopulationPlugin$1.configure(PopulationPlugin.java:30), scope=eager singleton, target=Key[type=org.matsim.core.mobsim.qsim.agents.DefaultAgentFactory, annotation=[none]]}
2018-06-01 12:17:46,226  INFO Injector:96 
2018-06-01 12:17:46,226  INFO Injector:85 org.matsim.core.mobsim.qsim.interfaces.Netsim 
2018-06-01 12:17:46,226  INFO Injector:86   --> provider: FactoryProxy{key=Key[type=org.matsim.core.mobsim.qsim.interfaces.Netsim, annotation=[none]], provider=com.google.inject.internal.ConstructorBindingImpl$Factory@1092de25[Scopes.SINGLETON]}
2018-06-01 12:17:46,226  INFO Injector:87   --> source: org.matsim.core.mobsim.qsim.QSimProvider$1.configure(QSimProvider.java:65)
2018-06-01 12:17:46,226  INFO Injector:89   --> scope: Scopes.NO_SCOPE
2018-06-01 12:17:46,226  INFO Injector:92   --> target: Key[type=org.matsim.core.mobsim.qsim.QSim, annotation=[none]]
2018-06-01 12:17:46,227  INFO Injector:94   ==full==> LinkedKeyBinding{key=Key[type=org.matsim.core.mobsim.qsim.interfaces.Netsim, annotation=[none]], source=org.matsim.core.mobsim.qsim.QSimProvider$1.configure(QSimProvider.java:65), scope=Scopes.NO_SCOPE, target=Key[type=org.matsim.core.mobsim.qsim.QSim, annotation=[none]]}
2018-06-01 12:17:46,227  INFO Injector:96 
2018-06-01 12:17:46,227  INFO Injector:85 org.matsim.core.mobsim.jdeqsim.MessageQueue 
2018-06-01 12:17:46,227  INFO Injector:86   --> provider: com.google.inject.internal.ConstructorBindingImpl$Factory@58a060e6[Scopes.SINGLETON]
2018-06-01 12:17:46,227  INFO Injector:87   --> source: org.matsim.core.mobsim.qsim.messagequeueengine.MessageQueuePlugin$1.configure(MessageQueuePlugin.java:24)
2018-06-01 12:17:46,227  INFO Injector:89   --> scope: eager singleton
2018-06-01 12:17:46,227  INFO Injector:94   ==full==> ConstructorBinding{key=Key[type=org.matsim.core.mobsim.jdeqsim.MessageQueue, annotation=[none]], source=org.matsim.core.mobsim.qsim.messagequeueengine.MessageQueuePlugin$1.configure(MessageQueuePlugin.java:24), scope=eager singleton}
2018-06-01 12:17:46,228  INFO Injector:96 
2018-06-01 12:17:46,228  INFO Injector:85 org.matsim.core.mobsim.qsim.jdeqsimengine.SteppableScheduler 
2018-06-01 12:17:46,228  INFO Injector:86   --> provider: com.google.inject.internal.ConstructorBindingImpl$Factory@3ccde7df[Scopes.SINGLETON]
2018-06-01 12:17:46,228  INFO Injector:87   --> source: org.matsim.core.mobsim.qsim.messagequeueengine.MessageQueuePlugin$1.configure(MessageQueuePlugin.java:25)
2018-06-01 12:17:46,228  INFO Injector:89   --> scope: eager singleton
2018-06-01 12:17:46,228  INFO Injector:94   ==full==> ConstructorBinding{key=Key[type=org.matsim.core.mobsim.qsim.jdeqsimengine.SteppableScheduler, annotation=[none]], source=org.matsim.core.mobsim.qsim.messagequeueengine.MessageQueuePlugin$1.configure(MessageQueuePlugin.java:25), scope=eager singleton}
2018-06-01 12:17:46,229  INFO Injector:96 
2018-06-01 12:17:46,229  INFO Injector:85 org.matsim.core.mobsim.qsim.messagequeueengine.MessageQueueEngine 
2018-06-01 12:17:46,229  INFO Injector:86   --> provider: com.google.inject.internal.ConstructorBindingImpl$Factory@5569b99f[Scopes.SINGLETON]
2018-06-01 12:17:46,229  INFO Injector:87   --> source: org.matsim.core.mobsim.qsim.messagequeueengine.MessageQueuePlugin$1.configure(MessageQueuePlugin.java:26)
2018-06-01 12:17:46,229  INFO Injector:89   --> scope: eager singleton
2018-06-01 12:17:46,229  INFO Injector:94   ==full==> ConstructorBinding{key=Key[type=org.matsim.core.mobsim.qsim.messagequeueengine.MessageQueueEngine, annotation=[none]], source=org.matsim.core.mobsim.qsim.messagequeueengine.MessageQueuePlugin$1.configure(MessageQueuePlugin.java:26), scope=eager singleton}
2018-06-01 12:17:46,230  INFO Injector:96 
2018-06-01 12:17:46,230  INFO Injector:85 org.matsim.core.mobsim.qsim.ActivityEngine 
2018-06-01 12:17:46,230  INFO Injector:86   --> provider: com.google.inject.internal.ConstructorBindingImpl$Factory@11d5f1d6[Scopes.SINGLETON]
2018-06-01 12:17:46,230  INFO Injector:87   --> source: org.matsim.core.mobsim.qsim.ActivityEnginePlugin$1.configure(ActivityEnginePlugin.java:23)
2018-06-01 12:17:46,230  INFO Injector:89   --> scope: eager singleton
2018-06-01 12:17:46,230  INFO Injector:94   ==full==> ConstructorBinding{key=Key[type=org.matsim.core.mobsim.qsim.ActivityEngine, annotation=[none]], source=org.matsim.core.mobsim.qsim.ActivityEnginePlugin$1.configure(ActivityEnginePlugin.java:23), scope=eager singleton}
2018-06-01 12:17:46,230  INFO Injector:96 
2018-06-01 12:17:46,231  INFO Injector:85 org.matsim.core.mobsim.qsim.qnetsimengine.QNetsimEngine 
2018-06-01 12:17:46,231  INFO Injector:86   --> provider: com.google.inject.internal.ConstructorBindingImpl$Factory@6299255d[Scopes.SINGLETON]
2018-06-01 12:17:46,231  INFO Injector:87   --> source: org.matsim.core.mobsim.qsim.qnetsimengine.QNetsimEnginePlugin$1.configure(QNetsimEnginePlugin.java:24)
2018-06-01 12:17:46,231  INFO Injector:89   --> scope: eager singleton
2018-06-01 12:17:46,231  INFO Injector:94   ==full==> ConstructorBinding{key=Key[type=org.matsim.core.mobsim.qsim.qnetsimengine.QNetsimEngine, annotation=[none]], source=org.matsim.core.mobsim.qsim.qnetsimengine.QNetsimEnginePlugin$1.configure(QNetsimEnginePlugin.java:24), scope=eager singleton}
2018-06-01 12:17:46,231  INFO Injector:96 
2018-06-01 12:17:46,232  INFO Injector:85 org.matsim.core.mobsim.qsim.DefaultTeleportationEngine 
2018-06-01 12:17:46,232  INFO Injector:86   --> provider: com.google.inject.internal.ConstructorBindingImpl$Factory@1d4131f6[Scopes.SINGLETON]
2018-06-01 12:17:46,232  INFO Injector:87   --> source: org.matsim.core.mobsim.qsim.TeleportationPlugin$1.configure(TeleportationPlugin.java:21)
2018-06-01 12:17:46,232  INFO Injector:89   --> scope: eager singleton
2018-06-01 12:17:46,232  INFO Injector:94   ==full==> ConstructorBinding{key=Key[type=org.matsim.core.mobsim.qsim.DefaultTeleportationEngine, annotation=[none]], source=org.matsim.core.mobsim.qsim.TeleportationPlugin$1.configure(TeleportationPlugin.java:21), scope=eager singleton}
2018-06-01 12:17:46,232  INFO Injector:96 
2018-06-01 12:17:46,232  INFO Injector:85 org.matsim.core.mobsim.qsim.agents.PopulationAgentSource 
2018-06-01 12:17:46,233  INFO Injector:86   --> provider: com.google.inject.internal.ConstructorBindingImpl$Factory@5cf541dc[Scopes.SINGLETON]
2018-06-01 12:17:46,233  INFO Injector:87   --> source: org.matsim.core.mobsim.qsim.PopulationPlugin$1.configure(PopulationPlugin.java:26)
2018-06-01 12:17:46,233  INFO Injector:89   --> scope: eager singleton
2018-06-01 12:17:46,233  INFO Injector:94   ==full==> ConstructorBinding{key=Key[type=org.matsim.core.mobsim.qsim.agents.PopulationAgentSource, annotation=[none]], source=org.matsim.core.mobsim.qsim.PopulationPlugin$1.configure(PopulationPlugin.java:26), scope=eager singleton}
2018-06-01 12:17:46,233  INFO Injector:96 
2018-06-01 12:17:46,233  INFO Injector:85 org.matsim.core.mobsim.qsim.QSim 
2018-06-01 12:17:46,234  INFO Injector:86   --> provider: com.google.inject.internal.ConstructorBindingImpl$Factory@1092de25[Scopes.SINGLETON]
2018-06-01 12:17:46,234  INFO Injector:87   --> source: org.matsim.core.mobsim.qsim.QSimProvider$1.configure(QSimProvider.java:64)
2018-06-01 12:17:46,234  INFO Injector:89   --> scope: eager singleton
2018-06-01 12:17:46,234  INFO Injector:94   ==full==> ConstructorBinding{key=Key[type=org.matsim.core.mobsim.qsim.QSim, annotation=[none]], source=org.matsim.core.mobsim.qsim.QSimProvider$1.configure(QSimProvider.java:64), scope=eager singleton}
2018-06-01 12:17:46,234  INFO Injector:96 
2018-06-01 12:17:46,234  INFO Injector:99 === printInjector end ===
2018-06-01 12:17:46,234  INFO MobsimListenerManager:49 calling addQueueSimulationListener
2018-06-01 12:17:46,235  INFO MobsimListenerManager:53   assigned class org.matsim.core.mobsim.framework.listeners.MobsimListener to interface org.matsim.core.mobsim.framework.listeners.MobsimBeforeSimStepListener
2018-06-01 12:17:46,235  INFO MobsimListenerManager:53   assigned class org.matsim.core.mobsim.framework.listeners.MobsimListener to interface org.matsim.core.mobsim.qsim.messagequeueengine.MessageQueueEngine
2018-06-01 12:17:46,235  INFO MobsimListenerManager:53   assigned class org.matsim.core.mobsim.framework.listeners.MobsimListener to interface org.matsim.core.mobsim.framework.listeners.MobsimListener
2018-06-01 12:17:46,235  INFO WithinDayQSimFactory:57 Adding WithinDayEngine to Mobsim.
2018-06-01 12:17:46,235  INFO MobsimListenerManager:49 calling addQueueSimulationListener
2018-06-01 12:17:46,236  INFO MobsimListenerManager:53   assigned class org.matsim.core.mobsim.framework.listeners.MobsimListener to interface org.matsim.core.mobsim.framework.listeners.MobsimBeforeSimStepListener
2018-06-01 12:17:46,236  INFO MobsimListenerManager:53   assigned class org.matsim.core.mobsim.framework.listeners.MobsimListener to interface org.matsim.core.mobsim.framework.listeners.FixedOrderSimulationListener
2018-06-01 12:17:46,236  INFO MobsimListenerManager:53   assigned class org.matsim.core.mobsim.framework.listeners.MobsimListener to interface org.matsim.core.mobsim.framework.listeners.MobsimBeforeCleanupListener
2018-06-01 12:17:46,236  INFO MobsimListenerManager:53   assigned class org.matsim.core.mobsim.framework.listeners.MobsimListener to interface org.matsim.core.mobsim.framework.listeners.MobsimAfterSimStepListener
2018-06-01 12:17:46,236  INFO MobsimListenerManager:53   assigned class org.matsim.core.mobsim.framework.listeners.MobsimListener to interface org.matsim.core.mobsim.framework.listeners.MobsimListener
2018-06-01 12:17:46,236  INFO MobsimListenerManager:53   assigned class org.matsim.core.mobsim.framework.listeners.MobsimListener to interface org.matsim.core.mobsim.framework.listeners.MobsimInitializedListener
2018-06-01 12:17:46,236  INFO MobsimListenerManager:49 calling addQueueSimulationListener
2018-06-01 12:17:46,237  INFO MobsimListenerManager:53   assigned class org.matsim.core.mobsim.framework.listeners.MobsimListener to interface org.matsim.core.mobsim.framework.listeners.MobsimBeforeSimStepListener
2018-06-01 12:17:46,237  INFO MobsimListenerManager:53   assigned class org.matsim.core.mobsim.framework.listeners.MobsimListener to interface org.matsim.core.mobsim.framework.listeners.MobsimBeforeCleanupListener
2018-06-01 12:17:46,237  INFO MobsimListenerManager:53   assigned class org.matsim.core.mobsim.framework.listeners.MobsimListener to interface org.matsim.withinday.trafficmonitoring.WithinDayTravelTime
2018-06-01 12:17:46,237  INFO MobsimListenerManager:53   assigned class org.matsim.core.mobsim.framework.listeners.MobsimListener to interface org.matsim.core.mobsim.framework.listeners.MobsimListener
2018-06-01 12:17:46,237  INFO MobsimListenerManager:53   assigned class org.matsim.core.mobsim.framework.listeners.MobsimListener to interface org.matsim.core.mobsim.framework.listeners.MobsimInitializedListener
2018-06-01 12:17:46,237  INFO MobsimListenerManager:53   assigned class org.matsim.core.mobsim.framework.listeners.MobsimListener to interface org.matsim.core.mobsim.framework.listeners.MobsimAfterSimStepListener
2018-06-01 12:17:46,238  INFO QNetsimEngine:507 Assigned 6 nodes and 6 links to QSimEngineRunner #0
2018-06-01 12:17:46,247  INFO WithinDayTravelTime:422 WithinDayTravelTime at 08:00:00 #links=0
2018-06-01 12:17:46,248  INFO ExperiencedPlansWriterTest$Replanner:208 Replanning agent p02
2018-06-01 12:17:46,248  INFO Counter:70 ParallelDuringActivityReplanner Thread1 replanned plans: 1
2018-06-01 12:17:46,248  INFO EventsManagerImpl:134  event # 1
2018-06-01 12:17:46,249  INFO QNetsimEngine:347 SIMULATION (QNetsimEngine) AT 08:00:00 : #links=1 #nodes=1
2018-06-01 12:17:46,249  INFO ExperiencedPlansWriterTest$EventsPrinter:346 	<event time="28800.0" type="replanning" person="p02" replanner="Replanner" />
2018-06-01 12:17:46,249  INFO QSim:506 SIMULATION (NEW QSim) AT 08:00:00 : #Veh=2 lost=0 simT=0.0s realT=0s; (s/r): 0.0
2018-06-01 12:17:46,250  INFO Gbl:54 used RAM: 399780432B = 390410kB = 381MB  free: 263443888B = 251MB  total: 663224320B = 632MB
2018-06-01 12:17:46,250  INFO ExperiencedPlansWriterTest$EventsPrinter:346 	<event time="28800.0" type="actend" person="p02" link="l0" actType="home" />
2018-06-01 12:17:46,250  INFO ExperiencedPlansWriterTest$EventsPrinter:346 	<event time="28800.0" type="departure" person="p02" link="l0" legMode="car" />
2018-06-01 12:17:46,250  INFO EventsManagerImpl:134  event # 4
2018-06-01 12:17:46,250  INFO ExperiencedPlansWriterTest$EventsPrinter:346 	<event time="28800.0" type="PersonEntersVehicle" person="p02" vehicle="p02" />
2018-06-01 12:17:46,250  INFO ExperiencedPlansWriterTest$EventsPrinter:346 	<event time="28800.0" type="actend" person="p01" link="l0" actType="home" />
2018-06-01 12:17:46,250  INFO ExperiencedPlansWriterTest$EventsPrinter:346 	<event time="28800.0" type="departure" person="p01" link="l0" legMode="car" />
2018-06-01 12:17:46,250  INFO ExperiencedPlansWriterTest$EventsPrinter:346 	<event time="28800.0" type="PersonEntersVehicle" person="p01" vehicle="p01" />
2018-06-01 12:17:46,250  INFO ExperiencedPlansWriterTest$EventsPrinter:346 	<event time="28800.0" type="vehicle enters traffic" person="p02" link="l0" vehicle="p02" networkMode="car" relativePosition="1.0" />
2018-06-01 12:17:46,251  INFO ExperiencedPlansWriterTest$EventsPrinter:346 	<event time="28801.0" type="left link" vehicle="p02" link="l0" />
2018-06-01 12:17:46,252  INFO ExperiencedPlansWriterTest$EventsPrinter:346 	<event time="28801.0" type="entered link" vehicle="p02" link="l3" />
2018-06-01 12:17:46,403  INFO ExperiencedPlansWriterTest$EventsPrinter:346 	<event time="29802.0" type="left link" vehicle="p02" link="l3" />
2018-06-01 12:17:46,403  INFO ExperiencedPlansWriterTest$EventsPrinter:346 	<event time="29802.0" type="entered link" vehicle="p02" link="l4" />
2018-06-01 12:17:46,573  INFO ExperiencedPlansWriterTest$EventsPrinter:346 	<event time="30803.0" type="left link" vehicle="p02" link="l4" />
2018-06-01 12:17:46,573  INFO ExperiencedPlansWriterTest$EventsPrinter:346 	<event time="30803.0" type="entered link" vehicle="p02" link="l5" />
2018-06-01 12:17:46,723  INFO ExperiencedPlansWriterTest$EventsPrinter:346 	<event time="31804.0" type="left link" vehicle="p02" link="l5" />
2018-06-01 12:17:46,724  INFO EventsManagerImpl:134  event # 16
2018-06-01 12:17:46,724  INFO ExperiencedPlansWriterTest$EventsPrinter:346 	<event time="31804.0" type="entered link" vehicle="p02" link="l2" />
2018-06-01 12:17:46,804  INFO ExperiencedPlansWriterTest$EventsPrinter:346 	<event time="32399.0" type="vehicle enters traffic" person="p01" link="l0" vehicle="p01" networkMode="car" relativePosition="1.0" />
2018-06-01 12:17:46,805  INFO WithinDayTravelTime:422 WithinDayTravelTime at 09:00:00 #links=2
2018-06-01 12:17:46,805  INFO ExperiencedPlansWriterTest$EventsPrinter:346 	<event time="32400.0" type="left link" vehicle="p01" link="l0" />
2018-06-01 12:17:46,805  INFO QNetsimEngine:347 SIMULATION (QNetsimEngine) AT 09:00:00 : #links=2 #nodes=1
2018-06-01 12:17:46,805  INFO ExperiencedPlansWriterTest$EventsPrinter:346 	<event time="32400.0" type="entered link" vehicle="p01" link="l1" />
2018-06-01 12:17:46,805  INFO QSim:506 SIMULATION (NEW QSim) AT 09:00:00 : #Veh=2 lost=0 simT=3600.0s realT=0s; (s/r): Infinity
2018-06-01 12:17:46,805  INFO Gbl:54 used RAM: 404948376B = 395457kB = 386MB  free: 258275944B = 246MB  total: 663224320B = 632MB
2018-06-01 12:17:46,869  INFO ExperiencedPlansWriterTest$EventsPrinter:346 	<event time="32804.0" type="vehicle leaves traffic" person="p02" link="l2" vehicle="p02" networkMode="car" relativePosition="1.0" />
2018-06-01 12:17:46,869  INFO ExperiencedPlansWriterTest$EventsPrinter:346 	<event time="32804.0" type="PersonLeavesVehicle" person="p02" vehicle="p02" />
2018-06-01 12:17:46,869  INFO ExperiencedPlansWriterTest$EventsPrinter:346 	<event time="32804.0" type="arrival" person="p02" link="l2" legMode="car" />
2018-06-01 12:17:46,869  INFO ExperiencedPlansWriterTest$EventsPrinter:346 	<event time="32804.0" type="actstart" person="p02" link="l2" actType="home" />
2018-06-01 12:17:46,945  INFO ExperiencedPlansWriterTest$EventsPrinter:346 	<event time="33401.0" type="left link" vehicle="p01" link="l1" />
2018-06-01 12:17:46,945  INFO ExperiencedPlansWriterTest$EventsPrinter:346 	<event time="33401.0" type="entered link" vehicle="p01" link="l2" />
2018-06-01 12:17:47,082  INFO ExperiencedPlansWriterTest$EventsPrinter:346 	<event time="34401.0" type="vehicle leaves traffic" person="p01" link="l2" vehicle="p01" networkMode="car" relativePosition="1.0" />
2018-06-01 12:17:47,082  INFO ExperiencedPlansWriterTest$EventsPrinter:346 	<event time="34401.0" type="PersonLeavesVehicle" person="p01" vehicle="p01" />
2018-06-01 12:17:47,082  INFO ExperiencedPlansWriterTest$EventsPrinter:346 	<event time="34401.0" type="arrival" person="p01" link="l2" legMode="car" />
2018-06-01 12:17:47,082  INFO ExperiencedPlansWriterTest$EventsPrinter:346 	<event time="34401.0" type="actstart" person="p01" link="l2" actType="home" />
2018-06-01 12:17:47,082  INFO Gbl:187 Thread performance: Thread=UpdateMeanTravelTimes1  cpu-time=0.149185431sec
2018-06-01 12:17:47,082  INFO Gbl:187 Thread performance: Thread=ParallelInitialReplanner1  cpu-time=4.39336E-4sec
2018-06-01 12:17:47,082  INFO Gbl:187 Thread performance: Thread=ParallelDuringActivityReplanner0  cpu-time=3.59853E-4sec
2018-06-01 12:17:47,082  INFO Gbl:187 Thread performance: Thread=ParallelDuringLegReplanner0  cpu-time=1.78217E-4sec
2018-06-01 12:17:47,082  INFO AbstractController$8:210 ### ITERATION 0 fires after mobsim event
2018-06-01 12:17:47,083  INFO ControlerListenerManagerImpl:248 calling notifyAfterMobsim on org.matsim.analysis.LegTimesControlerListener
2018-06-01 12:17:47,082  INFO Gbl:187 Thread performance: Thread=ParallelDuringActivityReplanner1  cpu-time=7.92927E-4sec
2018-06-01 12:17:47,082  INFO Gbl:187 Thread performance: Thread=class org.matsim.core.events.SimStepParallelEventsManagerImpl$ProcessEventsRunnable0  cpu-time=0.124186342sec
2018-06-01 12:17:47,082  INFO Gbl:187 Thread performance: Thread=ParallelInitialReplanner0  cpu-time=3.03531E-4sec
2018-06-01 12:17:47,082  INFO Gbl:187 Thread performance: Thread=UpdateMeanTravelTimes0  cpu-time=0.14928638sec
2018-06-01 12:17:47,084  INFO LegTimesControlerListener:50 [0] average trip (probably: leg) duration is: 4802 seconds = 01:20:02
2018-06-01 12:17:47,084  INFO ControlerListenerManagerImpl:248 calling notifyAfterMobsim on org.matsim.withinday.controller.ExecutedPlansServiceImpl
2018-06-01 12:17:47,083  INFO Gbl:187 Thread performance: Thread=ParallelDuringLegReplanner1  cpu-time=3.5377E-4sec
2018-06-01 12:17:47,084  INFO PopulationImpl:112  person # 1
2018-06-01 12:17:47,085  INFO Counter:70 [PopulationWriter] dumped person # 1
2018-06-01 12:17:47,085  INFO Counter:70 [PopulationWriter] dumped person # 2
2018-06-01 12:17:47,085  INFO PopulationWriter:139 Population written to: test/output/org/matsim/withinday/controller/ExperiencedPlansWriterTest/testWriteFile/ITERS/it.0/0.executedPlans.xml.gz
2018-06-01 12:17:47,086  INFO Counter:76 [PopulationWriter] dumped person # 2
2018-06-01 12:17:47,086  INFO ControlerListenerManagerImpl:248 calling notifyAfterMobsim on org.matsim.core.scoring.EventsToActivities$1
2018-06-01 12:17:47,087  INFO ControlerListenerManagerImpl:251 [it.0] all ControlerAfterMobsimListeners called.
2018-06-01 12:17:47,087  INFO AbstractController$4:147 ### ITERATION 0 fires scoring event
2018-06-01 12:17:47,087  INFO ControlerListenerManagerImpl:183 calling notifyScoring on org.matsim.core.scoring.PlansScoringImpl
2018-06-01 12:17:47,087  INFO NewScoreAssignerImpl:36 it: 0 msaStart: null
2018-06-01 12:17:47,087  INFO ControlerListenerManagerImpl:194 [it.0] all ControlerScoringListeners called.
2018-06-01 12:17:47,088  INFO AbstractController$5:155 ### ITERATION 0 fires iteration end event
2018-06-01 12:17:47,088  INFO ControlerListenerManagerImpl:160 calling notifyIterationEnds on org.matsim.core.controler.corelisteners.EventsHandlingImpl
2018-06-01 12:17:47,088  INFO ControlerListenerManagerImpl:160 calling notifyIterationEnds on org.matsim.core.scoring.PlansScoringImpl
2018-06-01 12:17:47,088  INFO ControlerListenerManagerImpl:167 calling notifyIterationEnds on org.matsim.counts.CountsControlerListener
2018-06-01 12:17:47,088  INFO ControlerListenerManagerImpl:167 calling notifyIterationEnds on org.matsim.analysis.ModeStatsControlerListener
2018-06-01 12:17:47,088  INFO ModeStatsControlerListener:155 -- mode share of mode bike = 0.0
2018-06-01 12:17:47,089  INFO ModeStatsControlerListener:155 -- mode share of mode car = 1.0
2018-06-01 12:17:47,089  INFO ModeStatsControlerListener:155 -- mode share of mode other = 0.0
2018-06-01 12:17:47,089  INFO ModeStatsControlerListener:155 -- mode share of mode pt = 0.0
2018-06-01 12:17:47,089  INFO ModeStatsControlerListener:155 -- mode share of mode ride = 0.0
2018-06-01 12:17:47,089  INFO ModeStatsControlerListener:155 -- mode share of mode walk = 0.0
2018-06-01 12:17:47,089  INFO ControlerListenerManagerImpl:167 calling notifyIterationEnds on org.matsim.analysis.ScoreStatsControlerListener
2018-06-01 12:17:47,090  INFO ScoreStatsControlerListener:191 -- avg. score of the executed plan of each agent: 121.42573793446795
2018-06-01 12:17:47,090  INFO ScoreStatsControlerListener:192 -- avg. score of the worst plan of each agent: 121.42573793446795
2018-06-01 12:17:47,090  INFO ScoreStatsControlerListener:193 -- avg. of the avg. plan score per agent: 121.42573793446795
2018-06-01 12:17:47,090  INFO ScoreStatsControlerListener:194 -- avg. score of the best plan of each agent: 121.42573793446795
2018-06-01 12:17:47,090  INFO ControlerListenerManagerImpl:167 calling notifyIterationEnds on org.matsim.analysis.TravelDistanceStatsControlerListener
2018-06-01 12:17:47,090  INFO TravelDistanceStats:128 [TravelDistanceStats] using 2 thread(s).
2018-06-01 12:17:47,091  INFO TravelDistanceStats:141 [TravelDistanceStats] all threads finished.
2018-06-01 12:17:47,091  INFO TravelDistanceStats:161 -- average of the average leg distance per plan (executed plans only): 3000.0
2018-06-01 12:17:47,091  INFO TravelDistanceStats:162 (TravelDistanceStats takes an average over all legs where the simulation reports travelled distances. These are car legs, pt legs,
2018-06-01 12:17:47,092  INFO TravelDistanceStats:163 (and teleported legs whose route contains a distance.)
2018-06-01 12:17:47,092  INFO ControlerListenerManagerImpl:167 calling notifyIterationEnds on org.matsim.analysis.LegHistogramListener
2018-06-01 12:17:47,093  INFO LegHistogramListener:72 number of legs:	2	100%
2018-06-01 12:17:47,093  INFO LegHistogramListener:79 number of car legs:	2	100.0%
2018-06-01 12:17:47,093  INFO ControlerListenerManagerImpl:167 calling notifyIterationEnds on org.matsim.analysis.LinkStatsControlerListener
2018-06-01 12:17:47,094  INFO ControlerListenerManagerImpl:171 [it.0] all ControlerIterationEndsListeners called.
2018-06-01 12:17:47,094  INFO AbstractController:165 ### ITERATION 0 ENDS
2018-06-01 12:17:47,094  INFO AbstractController:166 ###################################################
2018-06-01 12:17:47,094  INFO MatsimRuntimeModifications:58 S H U T D O W N   ---   start shutdown.
2018-06-01 12:17:47,094  INFO ControlerListenerManagerImpl:121 calling notifyShutdown on org.matsim.core.controler.corelisteners.EventsHandlingImpl
2018-06-01 12:17:47,094  INFO ControlerListenerManagerImpl:126 calling notifyShutdown on org.matsim.analysis.ModeStatsControlerListener
2018-06-01 12:17:47,095  INFO ControlerListenerManagerImpl:126 calling notifyShutdown on org.matsim.analysis.ScoreStatsControlerListener
2018-06-01 12:17:47,095  INFO ControlerListenerManagerImpl:126 calling notifyShutdown on org.matsim.analysis.TravelDistanceStatsControlerListener
2018-06-01 12:17:47,095  INFO ControlerListenerManagerImpl:129 all ControlerShutdownListeners called.
2018-06-01 12:17:47,095  INFO MatsimRuntimeModifications:81 S H U T D O W N   ---   shutdown completed.
2018-06-01 12:17:47,095  INFO OutputDirectoryLogging:146 closing the logfile, i.e. messages sent to the logger after this message are not written to the logfile.
2018-06-01 12:17:47,095  INFO OutputDirectoryLogging:146 closing the logfile, i.e. messages sent to the logger after this message are not written to the logfile.
2018-06-01 12:17:47,096  INFO Config:563 setting context tofile:/root/workspace/matsim-org/matsim/386581902/matsim/]
2018-06-01 12:17:47,097  INFO ScenarioLoaderImpl:108 loading scenario from base directory: /root/workspace/matsim-org/matsim/386581902/matsim/
2018-06-01 12:17:47,098  INFO ScenarioLoaderImpl:182 no facilities file set in config, therefore not loading any facilities.  This is not a problem except if you are using facilities
2018-06-01 12:17:47,098  INFO ScenarioLoaderImpl:192 no facility-attributes file set in config, not loading any facility attributes
2018-06-01 12:17:47,098  INFO ScenarioLoaderImpl:199 loading population from file:/root/workspace/matsim-org/matsim/386581902/matsim/test/output/org/matsim/withinday/controller/ExperiencedPlansWriterTest/testWriteFile//ITERS/it.0/0.executedPlans.xml.gz
2018-06-01 12:17:47,098  INFO MatsimXmlParser:155 starting to parse xml from url file:/root/workspace/matsim-org/matsim/386581902/matsim/test/output/org/matsim/withinday/controller/ExperiencedPlansWriterTest/testWriteFile//ITERS/it.0/0.executedPlans.xml.gz ...
2018-06-01 12:17:47,099  INFO PopulationReader:109 using population_v6-reader.
2018-06-01 12:17:47,099  INFO MatsimXmlParser:307 Using local DTD from classpath:dtd/population_v6.dtd
null
null
null
Attribute "vehicleId" must be declared for element type "route".
Attribute "vehicleId" must be declared for element type "route".
]]></system-out>
    <system-err><![CDATA[2018-06-01 12:17:46,185  WARN ControlerConfigGroup:365 setting overwriting behavior to overwriteExistingFiles
2018-06-01 12:17:46,185  WARN ControlerConfigGroup:366 this is not recommended, as it might result in a directory containing output from several model runs
2018-06-01 12:17:46,185  WARN ControlerConfigGroup:367 prefer the options deleteDirectoryIfExists or failIfDirectoryExists
XML-ERROR: file:/root/workspace/matsim-org/matsim/386581902/matsim/test/output/org/matsim/withinday/controller/ExperiencedPlansWriterTest/testWriteFile//ITERS/it.0/0.executedPlans.xml.gz, line 15, column 111:
org.xml.sax.SAXParseException; lineNumber: 15; columnNumber: 111; Attribute "vehicleId" must be declared for element type "route".
]]></system-err>
  </testcase>
</testsuite>