<?xml version="1.0" encoding="UTF-8"?>
<testsuite xmlns:xsi="http://www.w3.org/2001/XMLSchema-instance" xsi:noNamespaceSchemaLocation="https://maven.apache.org/surefire/maven-surefire-plugin/xsd/surefire-test-report.xsd" name="TestSuite" time="62.104" tests="24" errors="0" skipped="21" failures="3">
  <properties>
    <property name="log4j.configuration" value="src/test/resources/log4j-surefire.properties"/>
    <property name="awt.toolkit" value="sun.awt.X11.XToolkit"/>
    <property name="file.encoding.pkg" value="sun.io"/>
    <property name="java.specification.version" value="1.8"/>
    <property name="sun.cpu.isalist" value=""/>
    <property name="sun.jnu.encoding" value="UTF-8"/>
    <property name="java.class.path" value="/root/workspace/wso2-ballerina/package-cassandra/405259561/component/target/test-classes:/root/workspace/wso2-ballerina/package-cassandra/405259561/component/target/classes:/root/./workspace/wso2-ballerina/package-cassandra/405259561/.m2/org/ballerinalang/ballerina-core/0.980.0/ballerina-core-0.980.0.jar:/root/./workspace/wso2-ballerina/package-cassandra/405259561/.m2/org/slf4j/slf4j-api/1.7.22/slf4j-api-1.7.22.jar:/root/./workspace/wso2-ballerina/package-cassandra/405259561/.m2/org/ballerinalang/ballerina-config/0.980.0/ballerina-config-0.980.0.jar:/root/./workspace/wso2-ballerina/package-cassandra/405259561/.m2/io/netty/netty-transport/4.1.19.Final/netty-transport-4.1.19.Final.jar:/root/./workspace/wso2-ballerina/package-cassandra/405259561/.m2/io/netty/netty-resolver/4.1.19.Final/netty-resolver-4.1.19.Final.jar:/root/./workspace/wso2-ballerina/package-cassandra/405259561/.m2/io/netty/netty-codec/4.1.19.Final/netty-codec-4.1.19.Final.jar:/root/./workspace/wso2-ballerina/package-cassandra/405259561/.m2/io/netty/netty-buffer/4.1.19.Final/netty-buffer-4.1.19.Final.jar:/root/./workspace/wso2-ballerina/package-cassandra/405259561/.m2/io/netty/netty-common/4.1.19.Final/netty-common-4.1.19.Final.jar:/root/./workspace/wso2-ballerina/package-cassandra/405259561/.m2/io/netty/netty-codec-http/4.1.19.Final/netty-codec-http-4.1.19.Final.jar:/root/./workspace/wso2-ballerina/package-cassandra/405259561/.m2/org/wso2/carbon/messaging/org.wso2.carbon.messaging/2.3.7/org.wso2.carbon.messaging-2.3.7.jar:/root/./workspace/wso2-ballerina/package-cassandra/405259561/.m2/org/wso2/carbon/org.wso2.carbon.launcher/5.2.0-m3/org.wso2.carbon.launcher-5.2.0-m3.jar:/root/./workspace/wso2-ballerina/package-cassandra/405259561/.m2/org/apache/ws/commons/axiom/axiom-api/1.2.20/axiom-api-1.2.20.jar:/root/./workspace/wso2-ballerina/package-cassandra/405259561/.m2/org/apache/geronimo/specs/geronimo-activation_1.1_spec/1.1/geronimo-activation_1.1_spec-1.1.jar:/root/./workspace/wso2-ballerina/package-cassandra/405259561/.m2/commons-logging/commons-logging/1.2/commons-logging-1.2.jar:/root/./workspace/wso2-ballerina/package-cassandra/405259561/.m2/jaxen/jaxen/1.1.6/jaxen-1.1.6.jar:/root/./workspace/wso2-ballerina/package-cassandra/405259561/.m2/org/apache/james/apache-mime4j-core/0.7.2/apache-mime4j-core-0.7.2.jar:/root/./workspace/wso2-ballerina/package-cassandra/405259561/.m2/org/apache/ws/commons/axiom/axiom-impl/1.2.20/axiom-impl-1.2.20.jar:/root/./workspace/wso2-ballerina/package-cassandra/405259561/.m2/org/codehaus/woodstox/woodstox-core-asl/4.2.0/woodstox-core-asl-4.2.0.jar:/root/./workspace/wso2-ballerina/package-cassandra/405259561/.m2/org/codehaus/woodstox/stax2-api/3.1.1/stax2-api-3.1.1.jar:/root/./workspace/wso2-ballerina/package-cassandra/405259561/.m2/org/apache/ws/commons/axiom/axiom-dom/1.2.20/axiom-dom-1.2.20.jar:/root/./workspace/wso2-ballerina/package-cassandra/405259561/.m2/org/apache/geronimo/specs/geronimo-stax-api_1.0_spec/1.0.1/geronimo-stax-api_1.0_spec-1.0.1.jar:/root/./workspace/wso2-ballerina/package-cassandra/405259561/.m2/org/wso2/staxon/staxon-core/1.2.0.wso2v2/staxon-core-1.2.0.wso2v2.jar:/root/./workspace/wso2-ballerina/package-cassandra/405259561/.m2/org/wso2/staxon/staxon/1.2.0-wso2v2/staxon-1.2.0-wso2v2.jar:/root/./workspace/wso2-ballerina/package-cassandra/405259561/.m2/org/apache/commons/commons-lang3/3.5/commons-lang3-3.5.jar:/root/./workspace/wso2-ballerina/package-cassandra/405259561/.m2/javax/transaction/javax.transaction-api/1.2/javax.transaction-api-1.2.jar:/root/./workspace/wso2-ballerina/package-cassandra/405259561/.m2/io/ballerina/messaging/broker-common/0.970.0/broker-common-0.970.0.jar:/root/./workspace/wso2-ballerina/package-cassandra/405259561/.m2/org/wso2/carbon/config/org.wso2.carbon.config/2.1.5/org.wso2.carbon.config-2.1.5.jar:/root/./workspace/wso2-ballerina/package-cassandra/405259561/.m2/org/wso2/carbon/secvault/org.wso2.carbon.secvault/5.0.8/org.wso2.carbon.secvault-5.0.8.jar:/root/./workspace/wso2-ballerina/package-cassandra/405259561/.m2/org/wso2/carbon/utils/org.wso2.carbon.utils/2.0.2/org.wso2.carbon.utils-2.0.2.jar:/root/./workspace/wso2-ballerina/package-cassandra/405259561/.m2/io/ballerina/messaging/broker-core/0.970.0/broker-core-0.970.0.jar:/root/./workspace/wso2-ballerina/package-cassandra/405259561/.m2/io/ballerina/messaging/broker-auth/0.970.0/broker-auth-0.970.0.jar:/root/./workspace/wso2-ballerina/package-cassandra/405259561/.m2/io/ballerina/messaging/broker-coordination/0.970.0/broker-coordination-0.970.0.jar:/root/./workspace/wso2-ballerina/package-cassandra/405259561/.m2/io/ballerina/messaging/broker-rest-runner/0.970.0/broker-rest-runner-0.970.0.jar:/root/./workspace/wso2-ballerina/package-cassandra/405259561/.m2/org/wso2/msf4j/msf4j-core/2.6.1/msf4j-core-2.6.1.jar:/root/./workspace/wso2-ballerina/package-cassandra/405259561/.m2/javax/ws/rs/javax.ws.rs-api/2.0/javax.ws.rs-api-2.0.jar:/root/./workspace/wso2-ballerina/package-cassandra/405259561/.m2/org/wso2/msf4j/jaxrs-delegates/2.6.1/jaxrs-delegates-2.6.1.jar:/root/./workspace/wso2-ballerina/package-cassandra/405259561/.m2/org/apache/servicemix/bundles/org.apache.servicemix.bundles.commons-beanutils/1.8.3_2/org.apache.servicemix.bundles.commons-beanutils-1.8.3_2.jar:/root/./workspace/wso2-ballerina/package-cassandra/405259561/.m2/com/nimbusds/nimbus-jose-jwt/2.25/nimbus-jose-jwt-2.25.jar:/root/./workspace/wso2-ballerina/package-cassandra/405259561/.m2/net/minidev/json-smart/1.1.1/json-smart-1.1.1.jar:/root/./workspace/wso2-ballerina/package-cassandra/405259561/.m2/commons-io/wso2/commons-io/2.4.0.wso2v1/commons-io-2.4.0.wso2v1.jar:/root/./workspace/wso2-ballerina/package-cassandra/405259561/.m2/io/ballerina/messaging/broker-metrics/0.970.0/broker-metrics-0.970.0.jar:/root/./workspace/wso2-ballerina/package-cassandra/405259561/.m2/org/wso2/carbon/metrics/org.wso2.carbon.metrics.core/2.3.7/org.wso2.carbon.metrics.core-2.3.7.jar:/root/./workspace/wso2-ballerina/package-cassandra/405259561/.m2/org/wso2/orbit/com/lmax/disruptor/3.3.7.wso2v1/disruptor-3.3.7.wso2v1.jar:/root/./workspace/wso2-ballerina/package-cassandra/405259561/.m2/org/ballerinalang/siddhi-core/0.980.0/siddhi-core-0.980.0.jar:/root/./workspace/wso2-ballerina/package-cassandra/405259561/.m2/org/quartz-scheduler/quartz/2.3.0/quartz-2.3.0.jar:/root/./workspace/wso2-ballerina/package-cassandra/405259561/.m2/com/mchange/c3p0/0.9.5.2/c3p0-0.9.5.2.jar:/root/./workspace/wso2-ballerina/package-cassandra/405259561/.m2/com/mchange/mchange-commons-java/0.2.11/mchange-commons-java-0.2.11.jar:/root/./workspace/wso2-ballerina/package-cassandra/405259561/.m2/com/zaxxer/HikariCP-java6/2.3.13/HikariCP-java6-2.3.13.jar:/root/./workspace/wso2-ballerina/package-cassandra/405259561/.m2/com/google/code/gson/gson/2.7/gson-2.7.jar:/root/./workspace/wso2-ballerina/package-cassandra/405259561/.m2/org/ballerinalang/siddhi-query-api/0.980.0/siddhi-query-api-0.980.0.jar:/root/./workspace/wso2-ballerina/package-cassandra/405259561/.m2/org/ballerinalang/siddhi-query-compiler/0.980.0/siddhi-query-compiler-0.980.0.jar:/root/./workspace/wso2-ballerina/package-cassandra/405259561/.m2/org/mvel/mvel2/2.2.1.Final/mvel2-2.2.1.Final.jar:/root/./workspace/wso2-ballerina/package-cassandra/405259561/.m2/org/ballerinalang/siddhi-annotations/0.980.0/siddhi-annotations-0.980.0.jar:/root/./workspace/wso2-ballerina/package-cassandra/405259561/.m2/io/opentracing/opentracing-api/0.31.0/opentracing-api-0.31.0.jar:/root/./workspace/wso2-ballerina/package-cassandra/405259561/.m2/io/opentracing/opentracing-util/0.31.0/opentracing-util-0.31.0.jar:/root/./workspace/wso2-ballerina/package-cassandra/405259561/.m2/io/opentracing/opentracing-noop/0.31.0/opentracing-noop-0.31.0.jar:/root/./workspace/wso2-ballerina/package-cassandra/405259561/.m2/org/ballerinalang/ballerina-lang/0.980.0/ballerina-lang-0.980.0.jar:/root/./workspace/wso2-ballerina/package-cassandra/405259561/.m2/org/wso2/orbit/org/antlr/antlr4-runtime/4.5.1.wso2v1/antlr4-runtime-4.5.1.wso2v1.jar:/root/./workspace/wso2-ballerina/package-cassandra/405259561/.m2/org/ballerinalang/toml-parser/0.980.0/toml-parser-0.980.0.jar:/root/./workspace/wso2-ballerina/package-cassandra/405259561/.m2/org/ballerinalang/ballerina-runtime/0.980.0/ballerina-runtime-0.980.0.jar:/root/./workspace/wso2-ballerina/package-cassandra/405259561/.m2/org/ballerinalang/ballerina-config-api/0.980.0/ballerina-config-api-0.980.0.jar:/root/./workspace/wso2-ballerina/package-cassandra/405259561/.m2/org/ballerinalang/ballerina-crypto/0.980.0/ballerina-crypto-0.980.0.jar:/root/./workspace/wso2-ballerina/package-cassandra/405259561/.m2/org/ballerinalang/ballerina-file/0.980.0/ballerina-file-0.980.0.jar:/root/./workspace/wso2-ballerina/package-cassandra/405259561/.m2/org/ballerinalang/ballerina-grpc/0.980.0/ballerina-grpc-0.980.0.jar:/root/./workspace/wso2-ballerina/package-cassandra/405259561/.m2/com/google/protobuf/protobuf-java/3.5.1/protobuf-java-3.5.1.jar:/root/./workspace/wso2-ballerina/package-cassandra/405259561/.m2/com/github/jknack/handlebars/4.0.6/handlebars-4.0.6.jar:/root/./workspace/wso2-ballerina/package-cassandra/405259561/.m2/org/antlr/antlr4-runtime/4.5.1-1/antlr4-runtime-4.5.1-1.jar:/root/./workspace/wso2-ballerina/package-cassandra/405259561/.m2/org/mozilla/rhino/1.7R4/rhino-1.7R4.jar:/root/./workspace/wso2-ballerina/package-cassandra/405259561/.m2/org/ballerinalang/ballerina-h2/0.980.0/ballerina-h2-0.980.0.jar:/root/./workspace/wso2-ballerina/package-cassandra/405259561/.m2/org/ballerinalang/ballerina-http/0.980.0/ballerina-http-0.980.0.jar:/root/./workspace/wso2-ballerina/package-cassandra/405259561/.m2/org/ballerinalang/ballerina-internal/0.980.0/ballerina-internal-0.980.0.jar:/root/./workspace/wso2-ballerina/package-cassandra/405259561/.m2/org/ballerinalang/ballerina-io/0.980.0/ballerina-io-0.980.0.jar:/root/./workspace/wso2-ballerina/package-cassandra/405259561/.m2/org/ballerinalang/ballerina-jdbc/0.980.0/ballerina-jdbc-0.980.0.jar:/root/./workspace/wso2-ballerina/package-cassandra/405259561/.m2/org/ballerinalang/ballerina-jms/0.980.0/ballerina-jms-0.980.0.jar:/root/./workspace/wso2-ballerina/package-cassandra/405259561/.m2/org/ballerinalang/ballerina-math/0.980.0/ballerina-math-0.980.0.jar:/root/./workspace/wso2-ballerina/package-cassandra/405259561/.m2/org/ballerinalang/ballerina-mime/0.980.0/ballerina-mime-0.980.0.jar:/root/./workspace/wso2-ballerina/package-cassandra/405259561/.m2/org/ballerinalang/ballerina-mysql/0.980.0/ballerina-mysql-0.980.0.jar:/root/./workspace/wso2-ballerina/package-cassandra/405259561/.m2/org/ballerinalang/ballerina-reflect/0.980.0/ballerina-reflect-0.980.0.jar:/root/./workspace/wso2-ballerina/package-cassandra/405259561/.m2/org/ballerinalang/ballerina-streams/0.980.0/ballerina-streams-0.980.0.jar:/root/./workspace/wso2-ballerina/package-cassandra/405259561/.m2/org/ballerinalang/ballerina-system/0.980.0/ballerina-system-0.980.0.jar:/root/./workspace/wso2-ballerina/package-cassandra/405259561/.m2/org/ballerinalang/ballerina-task/0.980.0/ballerina-task-0.980.0.jar:/root/./workspace/wso2-ballerina/package-cassandra/405259561/.m2/org/ballerinalang/ballerina-transactions/0.980.0/ballerina-transactions-0.980.0.jar:/root/./workspace/wso2-ballerina/package-cassandra/405259561/.m2/org/ballerinalang/ballerina-websub/0.980.0/ballerina-websub-0.980.0.jar:/root/./workspace/wso2-ballerina/package-cassandra/405259561/.m2/org/ballerinalang/ballerina-observability/0.980.0/ballerina-observability-0.980.0.jar:/root/./workspace/wso2-ballerina/package-cassandra/405259561/.m2/javax/jms/javax.jms-api/2.0.1/javax.jms-api-2.0.1.jar:/root/./workspace/wso2-ballerina/package-cassandra/405259561/.m2/org/wso2/andes/wso2/andes-client/3.2.55/andes-client-3.2.55.jar:/root/./workspace/wso2-ballerina/package-cassandra/405259561/.m2/org/wso2/org/apache/mina/mina-filter-ssl/1.1.7-wso2v3/mina-filter-ssl-1.1.7-wso2v3.jar:/root/./workspace/wso2-ballerina/package-cassandra/405259561/.m2/org/wso2/org/apache/mina/mina-core/1.1.7-wso2v3/mina-core-1.1.7-wso2v3.jar:/root/./workspace/wso2-ballerina/package-cassandra/405259561/.m2/commons-lang/commons-lang/2.6/commons-lang-2.6.jar:/root/./workspace/wso2-ballerina/package-cassandra/405259561/.m2/org/wso2/securevault/org.wso2.securevault/1.0.0-wso2v2/org.wso2.securevault-1.0.0-wso2v2.jar:/root/./workspace/wso2-ballerina/package-cassandra/405259561/.m2/jline/jline/0.9.94/jline-0.9.94.jar:/root/./workspace/wso2-ballerina/package-cassandra/405259561/.m2/commons-io/commons-io/2.0/commons-io-2.0.jar:/root/./workspace/wso2-ballerina/package-cassandra/405259561/.m2/org/ballerinalang/strip-bouncycastle/0.980.0/strip-bouncycastle-0.980.0.jar:/root/./workspace/wso2-ballerina/package-cassandra/405259561/.m2/org/bouncycastle/bcprov-jdk15on/1.59/bcprov-jdk15on-1.59.jar:/root/./workspace/wso2-ballerina/package-cassandra/405259561/.m2/org/bouncycastle/bcpkix-jdk15on/1.59/bcpkix-jdk15on-1.59.jar:/root/./workspace/wso2-ballerina/package-cassandra/405259561/.m2/org/ballerinalang/ballerina-cli-utils/0.980.0/ballerina-cli-utils-0.980.0.jar:/root/./workspace/wso2-ballerina/package-cassandra/405259561/.m2/org/wso2/carbon/org.wso2.carbon.core/5.1.0/org.wso2.carbon.core-5.1.0.jar:/root/./workspace/wso2-ballerina/package-cassandra/405259561/.m2/com/zaxxer/HikariCP/3.1.0/HikariCP-3.1.0.jar:/root/./workspace/wso2-ballerina/package-cassandra/405259561/.m2/org/wso2/transport/http/org.wso2.transport.http.netty/6.0.212/org.wso2.transport.http.netty-6.0.212.jar:/root/./workspace/wso2-ballerina/package-cassandra/405259561/.m2/org/wso2/eclipse/osgi/org.eclipse.osgi/3.10.2.v20150203-1939/org.eclipse.osgi-3.10.2.v20150203-1939.jar:/root/./workspace/wso2-ballerina/package-cassandra/405259561/.m2/org/wso2/eclipse/osgi/org.eclipse.osgi.services/3.4.0.v20140312-2051/org.eclipse.osgi.services-3.4.0.v20140312-2051.jar:/root/./workspace/wso2-ballerina/package-cassandra/405259561/.m2/io/netty/netty-handler-proxy/4.1.19.Final/netty-handler-proxy-4.1.19.Final.jar:/root/./workspace/wso2-ballerina/package-cassandra/405259561/.m2/io/netty/netty-codec-socks/4.1.19.Final/netty-codec-socks-4.1.19.Final.jar:/root/./workspace/wso2-ballerina/package-cassandra/405259561/.m2/io/netty/netty-codec-http2/4.1.19.Final/netty-codec-http2-4.1.19.Final.jar:/root/./workspace/wso2-ballerina/package-cassandra/405259561/.m2/commons-pool/wso2/commons-pool/1.5.6.wso2v1/commons-pool-1.5.6.wso2v1.jar:/root/./workspace/wso2-ballerina/package-cassandra/405259561/.m2/commons-pool/commons-pool/1.5.6/commons-pool-1.5.6.jar:/root/./workspace/wso2-ballerina/package-cassandra/405259561/.m2/org/wso2/orbit/org/yaml/snakeyaml/1.16.0.wso2v1/snakeyaml-1.16.0.wso2v1.jar:/root/./workspace/wso2-ballerina/package-cassandra/405259561/.m2/io/netty/netty-tcnative-boringssl-static/2.0.7.Final/netty-tcnative-boringssl-static-2.0.7.Final.jar:/root/./workspace/wso2-ballerina/package-cassandra/405259561/.m2/org/quartz-scheduler/quartz-jobs/2.3.0/quartz-jobs-2.3.0.jar:/root/./workspace/wso2-ballerina/package-cassandra/405259561/.m2/org/jvnet/mimepull/mimepull/1.9.7/mimepull-1.9.7.jar:/root/./workspace/wso2-ballerina/package-cassandra/405259561/.m2/com/h2database/h2/1.4.197/h2-1.4.197.jar:/root/./workspace/wso2-ballerina/package-cassandra/405259561/.m2/org/osgi/org.osgi.core/6.0.0/org.osgi.core-6.0.0.jar:/root/./workspace/wso2-ballerina/package-cassandra/405259561/.m2/org/ballerinalang/ballerina-jaeger-extension/0.980.0/ballerina-jaeger-extension-0.980.0.jar:/root/./workspace/wso2-ballerina/package-cassandra/405259561/.m2/com/uber/jaeger/jaeger-core/0.24.0/jaeger-core-0.24.0.jar:/root/./workspace/wso2-ballerina/package-cassandra/405259561/.m2/com/uber/jaeger/jaeger-thrift/0.24.0/jaeger-thrift-0.24.0.jar:/root/./workspace/wso2-ballerina/package-cassandra/405259561/.m2/com/squareup/okhttp3/okhttp/3.9.1/okhttp-3.9.1.jar:/root/./workspace/wso2-ballerina/package-cassandra/405259561/.m2/com/squareup/okio/okio/1.13.0/okio-1.13.0.jar:/root/./workspace/wso2-ballerina/package-cassandra/405259561/.m2/org/ballerinalang/ballerina-metrics-extension/0.980.0/ballerina-metrics-extension-0.980.0.jar:/root/./workspace/wso2-ballerina/package-cassandra/405259561/.m2/org/hdrhistogram/HdrHistogram/2.1.10/HdrHistogram-2.1.10.jar:/root/./workspace/wso2-ballerina/package-cassandra/405259561/.m2/org/ballerinalang/ballerina-prometheus-extension/0.980.0/ballerina-prometheus-extension-0.980.0.jar:/root/./workspace/wso2-ballerina/package-cassandra/405259561/.m2/org/wso2/transport/file/org.wso2.transport.local-file-system/6.0.53/org.wso2.transport.local-file-system-6.0.53.jar:/root/./workspace/wso2-ballerina/package-cassandra/405259561/.m2/org/ballerinalang/ballerina-builtin/0.980.0/ballerina-builtin-0.980.0.jar:/root/./workspace/wso2-ballerina/package-cassandra/405259561/.m2/org/ballerinalang/lib-creator/0.980.0/lib-creator-0.980.0.jar:/root/./workspace/wso2-ballerina/package-cassandra/405259561/.m2/org/ballerinalang/ballerina-sql/0.980.0/ballerina-sql-0.980.0.jar:/root/./workspace/wso2-ballerina/package-cassandra/405259561/.m2/org/ballerinalang/ballerina-time/0.980.0/ballerina-time-0.980.0.jar:/root/./workspace/wso2-ballerina/package-cassandra/405259561/.m2/org/ballerinalang/ballerina-logging/0.980.0/ballerina-logging-0.980.0.jar:/root/./workspace/wso2-ballerina/package-cassandra/405259561/.m2/org/ballerinalang/ballerina-log-api/0.980.0/ballerina-log-api-0.980.0.jar:/root/./workspace/wso2-ballerina/package-cassandra/405259561/.m2/org/ballerinax/docker/docker-extension/0.980.0/docker-extension-0.980.0.jar:/root/./workspace/wso2-ballerina/package-cassandra/405259561/.m2/org/ballerinax/kubernetes/kubernetes-extension/0.980.0/kubernetes-extension-0.980.0.jar:/root/./workspace/wso2-ballerina/package-cassandra/405259561/.m2/com/datastax/cassandra/cassandra-driver-core/3.4.0/cassandra-driver-core-3.4.0.jar:/root/./workspace/wso2-ballerina/package-cassandra/405259561/.m2/io/netty/netty-handler/4.0.47.Final/netty-handler-4.0.47.Final.jar:/root/./workspace/wso2-ballerina/package-cassandra/405259561/.m2/com/google/guava/guava/19.0/guava-19.0.jar:/root/./workspace/wso2-ballerina/package-cassandra/405259561/.m2/io/dropwizard/metrics/metrics-core/3.2.2/metrics-core-3.2.2.jar:/root/./workspace/wso2-ballerina/package-cassandra/405259561/.m2/com/github/jnr/jnr-ffi/2.0.7/jnr-ffi-2.0.7.jar:/root/./workspace/wso2-ballerina/package-cassandra/405259561/.m2/com/github/jnr/jffi/1.2.10/jffi-1.2.10.jar:/root/./workspace/wso2-ballerina/package-cassandra/405259561/.m2/com/github/jnr/jffi/1.2.10/jffi-1.2.10-native.jar:/root/./workspace/wso2-ballerina/package-cassandra/405259561/.m2/org/ow2/asm/asm/5.0.3/asm-5.0.3.jar:/root/./workspace/wso2-ballerina/package-cassandra/405259561/.m2/org/ow2/asm/asm-commons/5.0.3/asm-commons-5.0.3.jar:/root/./workspace/wso2-ballerina/package-cassandra/405259561/.m2/org/ow2/asm/asm-analysis/5.0.3/asm-analysis-5.0.3.jar:/root/./workspace/wso2-ballerina/package-cassandra/405259561/.m2/org/ow2/asm/asm-tree/5.0.3/asm-tree-5.0.3.jar:/root/./workspace/wso2-ballerina/package-cassandra/405259561/.m2/org/ow2/asm/asm-util/5.0.3/asm-util-5.0.3.jar:/root/./workspace/wso2-ballerina/package-cassandra/405259561/.m2/com/github/jnr/jnr-x86asm/1.0.2/jnr-x86asm-1.0.2.jar:/root/./workspace/wso2-ballerina/package-cassandra/405259561/.m2/com/github/jnr/jnr-posix/3.0.27/jnr-posix-3.0.27.jar:/root/./workspace/wso2-ballerina/package-cassandra/405259561/.m2/com/github/jnr/jnr-constants/0.9.0/jnr-constants-0.9.0.jar:/root/./workspace/wso2-ballerina/package-cassandra/405259561/.m2/org/ballerinalang/ballerina-launcher/0.980.0/ballerina-launcher-0.980.0.jar:/root/./workspace/wso2-ballerina/package-cassandra/405259561/.m2/com/beust/jcommander/1.60/jcommander-1.60.jar:/root/./workspace/wso2-ballerina/package-cassandra/405259561/.m2/org/testng/testng/6.13.1/testng-6.13.1.jar:/root/./workspace/wso2-ballerina/package-cassandra/405259561/.m2/org/cassandraunit/cassandra-unit/3.3.0.2/cassandra-unit-3.3.0.2.jar:/root/./workspace/wso2-ballerina/package-cassandra/405259561/.m2/junit/junit/4.12/junit-4.12.jar:/root/./workspace/wso2-ballerina/package-cassandra/405259561/.m2/org/apache/cassandra/cassandra-all/3.11.0/cassandra-all-3.11.0.jar:/root/./workspace/wso2-ballerina/package-cassandra/405259561/.m2/org/xerial/snappy/snappy-java/1.1.1.7/snappy-java-1.1.1.7.jar:/root/./workspace/wso2-ballerina/package-cassandra/405259561/.m2/net/jpountz/lz4/lz4/1.3.0/lz4-1.3.0.jar:/root/./workspace/wso2-ballerina/package-cassandra/405259561/.m2/com/ning/compress-lzf/0.8.4/compress-lzf-0.8.4.jar:/root/./workspace/wso2-ballerina/package-cassandra/405259561/.m2/commons-cli/commons-cli/1.1/commons-cli-1.1.jar:/root/./workspace/wso2-ballerina/package-cassandra/405259561/.m2/commons-codec/commons-codec/1.9/commons-codec-1.9.jar:/root/./workspace/wso2-ballerina/package-cassandra/405259561/.m2/org/apache/commons/commons-math3/3.2/commons-math3-3.2.jar:/root/./workspace/wso2-ballerina/package-cassandra/405259561/.m2/com/googlecode/concurrentlinkedhashmap/concurrentlinkedhashmap-lru/1.4/concurrentlinkedhashmap-lru-1.4.jar:/root/./workspace/wso2-ballerina/package-cassandra/405259561/.m2/org/antlr/antlr/3.5.2/antlr-3.5.2.jar:/root/./workspace/wso2-ballerina/package-cassandra/405259561/.m2/org/antlr/ST4/4.0.8/ST4-4.0.8.jar:/root/./workspace/wso2-ballerina/package-cassandra/405259561/.m2/org/antlr/antlr-runtime/3.5.2/antlr-runtime-3.5.2.jar:/root/./workspace/wso2-ballerina/package-cassandra/405259561/.m2/org/slf4j/jcl-over-slf4j/1.7.7/jcl-over-slf4j-1.7.7.jar:/root/./workspace/wso2-ballerina/package-cassandra/405259561/.m2/org/codehaus/jackson/jackson-core-asl/1.9.2/jackson-core-asl-1.9.2.jar:/root/./workspace/wso2-ballerina/package-cassandra/405259561/.m2/org/codehaus/jackson/jackson-mapper-asl/1.9.2/jackson-mapper-asl-1.9.2.jar:/root/./workspace/wso2-ballerina/package-cassandra/405259561/.m2/com/googlecode/json-simple/json-simple/1.1/json-simple-1.1.jar:/root/./workspace/wso2-ballerina/package-cassandra/405259561/.m2/com/boundary/high-scale-lib/1.0.6/high-scale-lib-1.0.6.jar:/root/./workspace/wso2-ballerina/package-cassandra/405259561/.m2/org/yaml/snakeyaml/1.11/snakeyaml-1.11.jar:/root/./workspace/wso2-ballerina/package-cassandra/405259561/.m2/org/mindrot/jbcrypt/0.3m/jbcrypt-0.3m.jar:/root/./workspace/wso2-ballerina/package-cassandra/405259561/.m2/io/dropwizard/metrics/metrics-jvm/3.1.0/metrics-jvm-3.1.0.jar:/root/./workspace/wso2-ballerina/package-cassandra/405259561/.m2/com/addthis/metrics/reporter-config3/3.0.3/reporter-config3-3.0.3.jar:/root/./workspace/wso2-ballerina/package-cassandra/405259561/.m2/com/addthis/metrics/reporter-config-base/3.0.3/reporter-config-base-3.0.3.jar:/root/./workspace/wso2-ballerina/package-cassandra/405259561/.m2/com/thinkaurelius/thrift/thrift-server/0.3.7/thrift-server-0.3.7.jar:/root/./workspace/wso2-ballerina/package-cassandra/405259561/.m2/com/lmax/disruptor/3.0.1/disruptor-3.0.1.jar:/root/./workspace/wso2-ballerina/package-cassandra/405259561/.m2/com/clearspring/analytics/stream/2.5.2/stream-2.5.2.jar:/root/./workspace/wso2-ballerina/package-cassandra/405259561/.m2/it/unimi/dsi/fastutil/6.5.7/fastutil-6.5.7.jar:/root/./workspace/wso2-ballerina/package-cassandra/405259561/.m2/ch/qos/logback/logback-core/1.1.3/logback-core-1.1.3.jar:/root/./workspace/wso2-ballerina/package-cassandra/405259561/.m2/ch/qos/logback/logback-classic/1.1.3/logback-classic-1.1.3.jar:/root/./workspace/wso2-ballerina/package-cassandra/405259561/.m2/org/apache/cassandra/cassandra-thrift/3.11.0/cassandra-thrift-3.11.0.jar:/root/./workspace/wso2-ballerina/package-cassandra/405259561/.m2/com/carrotsearch/hppc/0.5.4/hppc-0.5.4.jar:/root/./workspace/wso2-ballerina/package-cassandra/405259561/.m2/de/jflex/jflex/1.6.0/jflex-1.6.0.jar:/root/./workspace/wso2-ballerina/package-cassandra/405259561/.m2/org/apache/ant/ant/1.7.0/ant-1.7.0.jar:/root/./workspace/wso2-ballerina/package-cassandra/405259561/.m2/org/apache/ant/ant-launcher/1.7.0/ant-launcher-1.7.0.jar:/root/./workspace/wso2-ballerina/package-cassandra/405259561/.m2/com/github/rholder/snowball-stemmer/1.3.0.581.1/snowball-stemmer-1.3.0.581.1.jar:/root/./workspace/wso2-ballerina/package-cassandra/405259561/.m2/com/googlecode/concurrent-trees/concurrent-trees/2.4.0/concurrent-trees-2.4.0.jar:/root/./workspace/wso2-ballerina/package-cassandra/405259561/.m2/com/github/jbellis/jamm/0.3.0/jamm-0.3.0.jar:/root/./workspace/wso2-ballerina/package-cassandra/405259561/.m2/joda-time/joda-time/2.4/joda-time-2.4.jar:/root/./workspace/wso2-ballerina/package-cassandra/405259561/.m2/org/fusesource/sigar/1.6.4/sigar-1.6.4.jar:/root/./workspace/wso2-ballerina/package-cassandra/405259561/.m2/org/eclipse/jdt/core/compiler/ecj/4.4.2/ecj-4.4.2.jar:/root/./workspace/wso2-ballerina/package-cassandra/405259561/.m2/org/caffinitas/ohc/ohc-core/0.4.4/ohc-core-0.4.4.jar:/root/./workspace/wso2-ballerina/package-cassandra/405259561/.m2/com/github/ben-manes/caffeine/caffeine/2.2.6/caffeine-2.2.6.jar:/root/./workspace/wso2-ballerina/package-cassandra/405259561/.m2/org/jctools/jctools-core/1.2.1/jctools-core-1.2.1.jar:/root/./workspace/wso2-ballerina/package-cassandra/405259561/.m2/org/apache/thrift/libthrift/0.9.2/libthrift-0.9.2.jar:/root/./workspace/wso2-ballerina/package-cassandra/405259561/.m2/org/apache/httpcomponents/httpclient/4.2.5/httpclient-4.2.5.jar:/root/./workspace/wso2-ballerina/package-cassandra/405259561/.m2/org/apache/httpcomponents/httpcore/4.2.4/httpcore-4.2.4.jar:/root/./workspace/wso2-ballerina/package-cassandra/405259561/.m2/net/java/dev/jna/jna/4.1.0/jna-4.1.0.jar:/root/./workspace/wso2-ballerina/package-cassandra/405259561/.m2/org/hamcrest/hamcrest-core/1.3/hamcrest-core-1.3.jar:/root/./workspace/wso2-ballerina/package-cassandra/405259561/.m2/org/hamcrest/hamcrest-library/1.3/hamcrest-library-1.3.jar:/root/./workspace/wso2-ballerina/package-cassandra/405259561/.m2/com/google/code/findbugs/annotations/3.0.1/annotations-3.0.1.jar:/root/./workspace/wso2-ballerina/package-cassandra/405259561/.m2/net/jcip/jcip-annotations/1.0/jcip-annotations-1.0.jar:/root/./workspace/wso2-ballerina/package-cassandra/405259561/.m2/com/google/code/findbugs/jsr305/3.0.1/jsr305-3.0.1.jar:/root/./workspace/wso2-ballerina/package-cassandra/405259561/.m2/org/slf4j/slf4j-log4j12/1.7.25/slf4j-log4j12-1.7.25.jar:/root/./workspace/wso2-ballerina/package-cassandra/405259561/.m2/log4j/log4j/1.2.17/log4j-1.2.17.jar:/root/./workspace/wso2-ballerina/package-cassandra/405259561/.m2/org/apache/maven/surefire/surefire-testng-utils/2.20.1/surefire-testng-utils-2.20.1.jar:/root/./workspace/wso2-ballerina/package-cassandra/405259561/.m2/org/apache/maven/surefire/surefire-grouper/2.20.1/surefire-grouper-2.20.1.jar:"/>
    <property name="java.vm.vendor" value="Oracle Corporation"/>
    <property name="skip.bower" value="true"/>
    <property name="sun.arch.data.model" value="64"/>
    <property name="java.vendor.url" value="http://java.oracle.com/"/>
    <property name="user.timezone" value=""/>
    <property name="os.name" value="Linux"/>
    <property name="java.vm.specification.version" value="1.8"/>
    <property name="rat.skip" value="true"/>
    <property name="gpg.skip" value="true"/>
    <property name="sun.java.launcher" value="SUN_STANDARD"/>
    <property name="sun.boot.library.path" value="/usr/lib/jvm/java-8-openjdk-amd64/jre/lib/amd64"/>
    <property name="skip.gulp" value="true"/>
    <property name="sun.java.command" value="/root/workspace/wso2-ballerina/package-cassandra/405259561/component/target/surefire/surefirebooter130368667552160806.jar /root/workspace/wso2-ballerina/package-cassandra/405259561/component/target/surefire 2018-07-18T11-23-56_513-jvmRun1 surefire3682854278073025790tmp surefire_0282317104211317481tmp"/>
    <property name="dependency-check.skip" value="true"/>
    <property name="surefire.test.class.path" value="/root/workspace/wso2-ballerina/package-cassandra/405259561/component/target/test-classes:/root/workspace/wso2-ballerina/package-cassandra/405259561/component/target/classes:/root/./workspace/wso2-ballerina/package-cassandra/405259561/.m2/org/ballerinalang/ballerina-core/0.980.0/ballerina-core-0.980.0.jar:/root/./workspace/wso2-ballerina/package-cassandra/405259561/.m2/org/slf4j/slf4j-api/1.7.22/slf4j-api-1.7.22.jar:/root/./workspace/wso2-ballerina/package-cassandra/405259561/.m2/org/ballerinalang/ballerina-config/0.980.0/ballerina-config-0.980.0.jar:/root/./workspace/wso2-ballerina/package-cassandra/405259561/.m2/io/netty/netty-transport/4.1.19.Final/netty-transport-4.1.19.Final.jar:/root/./workspace/wso2-ballerina/package-cassandra/405259561/.m2/io/netty/netty-resolver/4.1.19.Final/netty-resolver-4.1.19.Final.jar:/root/./workspace/wso2-ballerina/package-cassandra/405259561/.m2/io/netty/netty-codec/4.1.19.Final/netty-codec-4.1.19.Final.jar:/root/./workspace/wso2-ballerina/package-cassandra/405259561/.m2/io/netty/netty-buffer/4.1.19.Final/netty-buffer-4.1.19.Final.jar:/root/./workspace/wso2-ballerina/package-cassandra/405259561/.m2/io/netty/netty-common/4.1.19.Final/netty-common-4.1.19.Final.jar:/root/./workspace/wso2-ballerina/package-cassandra/405259561/.m2/io/netty/netty-codec-http/4.1.19.Final/netty-codec-http-4.1.19.Final.jar:/root/./workspace/wso2-ballerina/package-cassandra/405259561/.m2/org/wso2/carbon/messaging/org.wso2.carbon.messaging/2.3.7/org.wso2.carbon.messaging-2.3.7.jar:/root/./workspace/wso2-ballerina/package-cassandra/405259561/.m2/org/wso2/carbon/org.wso2.carbon.launcher/5.2.0-m3/org.wso2.carbon.launcher-5.2.0-m3.jar:/root/./workspace/wso2-ballerina/package-cassandra/405259561/.m2/org/apache/ws/commons/axiom/axiom-api/1.2.20/axiom-api-1.2.20.jar:/root/./workspace/wso2-ballerina/package-cassandra/405259561/.m2/org/apache/geronimo/specs/geronimo-activation_1.1_spec/1.1/geronimo-activation_1.1_spec-1.1.jar:/root/./workspace/wso2-ballerina/package-cassandra/405259561/.m2/commons-logging/commons-logging/1.2/commons-logging-1.2.jar:/root/./workspace/wso2-ballerina/package-cassandra/405259561/.m2/jaxen/jaxen/1.1.6/jaxen-1.1.6.jar:/root/./workspace/wso2-ballerina/package-cassandra/405259561/.m2/org/apache/james/apache-mime4j-core/0.7.2/apache-mime4j-core-0.7.2.jar:/root/./workspace/wso2-ballerina/package-cassandra/405259561/.m2/org/apache/ws/commons/axiom/axiom-impl/1.2.20/axiom-impl-1.2.20.jar:/root/./workspace/wso2-ballerina/package-cassandra/405259561/.m2/org/codehaus/woodstox/woodstox-core-asl/4.2.0/woodstox-core-asl-4.2.0.jar:/root/./workspace/wso2-ballerina/package-cassandra/405259561/.m2/org/codehaus/woodstox/stax2-api/3.1.1/stax2-api-3.1.1.jar:/root/./workspace/wso2-ballerina/package-cassandra/405259561/.m2/org/apache/ws/commons/axiom/axiom-dom/1.2.20/axiom-dom-1.2.20.jar:/root/./workspace/wso2-ballerina/package-cassandra/405259561/.m2/org/apache/geronimo/specs/geronimo-stax-api_1.0_spec/1.0.1/geronimo-stax-api_1.0_spec-1.0.1.jar:/root/./workspace/wso2-ballerina/package-cassandra/405259561/.m2/org/wso2/staxon/staxon-core/1.2.0.wso2v2/staxon-core-1.2.0.wso2v2.jar:/root/./workspace/wso2-ballerina/package-cassandra/405259561/.m2/org/wso2/staxon/staxon/1.2.0-wso2v2/staxon-1.2.0-wso2v2.jar:/root/./workspace/wso2-ballerina/package-cassandra/405259561/.m2/org/apache/commons/commons-lang3/3.5/commons-lang3-3.5.jar:/root/./workspace/wso2-ballerina/package-cassandra/405259561/.m2/javax/transaction/javax.transaction-api/1.2/javax.transaction-api-1.2.jar:/root/./workspace/wso2-ballerina/package-cassandra/405259561/.m2/io/ballerina/messaging/broker-common/0.970.0/broker-common-0.970.0.jar:/root/./workspace/wso2-ballerina/package-cassandra/405259561/.m2/org/wso2/carbon/config/org.wso2.carbon.config/2.1.5/org.wso2.carbon.config-2.1.5.jar:/root/./workspace/wso2-ballerina/package-cassandra/405259561/.m2/org/wso2/carbon/secvault/org.wso2.carbon.secvault/5.0.8/org.wso2.carbon.secvault-5.0.8.jar:/root/./workspace/wso2-ballerina/package-cassandra/405259561/.m2/org/wso2/carbon/utils/org.wso2.carbon.utils/2.0.2/org.wso2.carbon.utils-2.0.2.jar:/root/./workspace/wso2-ballerina/package-cassandra/405259561/.m2/io/ballerina/messaging/broker-core/0.970.0/broker-core-0.970.0.jar:/root/./workspace/wso2-ballerina/package-cassandra/405259561/.m2/io/ballerina/messaging/broker-auth/0.970.0/broker-auth-0.970.0.jar:/root/./workspace/wso2-ballerina/package-cassandra/405259561/.m2/io/ballerina/messaging/broker-coordination/0.970.0/broker-coordination-0.970.0.jar:/root/./workspace/wso2-ballerina/package-cassandra/405259561/.m2/io/ballerina/messaging/broker-rest-runner/0.970.0/broker-rest-runner-0.970.0.jar:/root/./workspace/wso2-ballerina/package-cassandra/405259561/.m2/org/wso2/msf4j/msf4j-core/2.6.1/msf4j-core-2.6.1.jar:/root/./workspace/wso2-ballerina/package-cassandra/405259561/.m2/javax/ws/rs/javax.ws.rs-api/2.0/javax.ws.rs-api-2.0.jar:/root/./workspace/wso2-ballerina/package-cassandra/405259561/.m2/org/wso2/msf4j/jaxrs-delegates/2.6.1/jaxrs-delegates-2.6.1.jar:/root/./workspace/wso2-ballerina/package-cassandra/405259561/.m2/org/apache/servicemix/bundles/org.apache.servicemix.bundles.commons-beanutils/1.8.3_2/org.apache.servicemix.bundles.commons-beanutils-1.8.3_2.jar:/root/./workspace/wso2-ballerina/package-cassandra/405259561/.m2/com/nimbusds/nimbus-jose-jwt/2.25/nimbus-jose-jwt-2.25.jar:/root/./workspace/wso2-ballerina/package-cassandra/405259561/.m2/net/minidev/json-smart/1.1.1/json-smart-1.1.1.jar:/root/./workspace/wso2-ballerina/package-cassandra/405259561/.m2/commons-io/wso2/commons-io/2.4.0.wso2v1/commons-io-2.4.0.wso2v1.jar:/root/./workspace/wso2-ballerina/package-cassandra/405259561/.m2/io/ballerina/messaging/broker-metrics/0.970.0/broker-metrics-0.970.0.jar:/root/./workspace/wso2-ballerina/package-cassandra/405259561/.m2/org/wso2/carbon/metrics/org.wso2.carbon.metrics.core/2.3.7/org.wso2.carbon.metrics.core-2.3.7.jar:/root/./workspace/wso2-ballerina/package-cassandra/405259561/.m2/org/wso2/orbit/com/lmax/disruptor/3.3.7.wso2v1/disruptor-3.3.7.wso2v1.jar:/root/./workspace/wso2-ballerina/package-cassandra/405259561/.m2/org/ballerinalang/siddhi-core/0.980.0/siddhi-core-0.980.0.jar:/root/./workspace/wso2-ballerina/package-cassandra/405259561/.m2/org/quartz-scheduler/quartz/2.3.0/quartz-2.3.0.jar:/root/./workspace/wso2-ballerina/package-cassandra/405259561/.m2/com/mchange/c3p0/0.9.5.2/c3p0-0.9.5.2.jar:/root/./workspace/wso2-ballerina/package-cassandra/405259561/.m2/com/mchange/mchange-commons-java/0.2.11/mchange-commons-java-0.2.11.jar:/root/./workspace/wso2-ballerina/package-cassandra/405259561/.m2/com/zaxxer/HikariCP-java6/2.3.13/HikariCP-java6-2.3.13.jar:/root/./workspace/wso2-ballerina/package-cassandra/405259561/.m2/com/google/code/gson/gson/2.7/gson-2.7.jar:/root/./workspace/wso2-ballerina/package-cassandra/405259561/.m2/org/ballerinalang/siddhi-query-api/0.980.0/siddhi-query-api-0.980.0.jar:/root/./workspace/wso2-ballerina/package-cassandra/405259561/.m2/org/ballerinalang/siddhi-query-compiler/0.980.0/siddhi-query-compiler-0.980.0.jar:/root/./workspace/wso2-ballerina/package-cassandra/405259561/.m2/org/mvel/mvel2/2.2.1.Final/mvel2-2.2.1.Final.jar:/root/./workspace/wso2-ballerina/package-cassandra/405259561/.m2/org/ballerinalang/siddhi-annotations/0.980.0/siddhi-annotations-0.980.0.jar:/root/./workspace/wso2-ballerina/package-cassandra/405259561/.m2/io/opentracing/opentracing-api/0.31.0/opentracing-api-0.31.0.jar:/root/./workspace/wso2-ballerina/package-cassandra/405259561/.m2/io/opentracing/opentracing-util/0.31.0/opentracing-util-0.31.0.jar:/root/./workspace/wso2-ballerina/package-cassandra/405259561/.m2/io/opentracing/opentracing-noop/0.31.0/opentracing-noop-0.31.0.jar:/root/./workspace/wso2-ballerina/package-cassandra/405259561/.m2/org/ballerinalang/ballerina-lang/0.980.0/ballerina-lang-0.980.0.jar:/root/./workspace/wso2-ballerina/package-cassandra/405259561/.m2/org/wso2/orbit/org/antlr/antlr4-runtime/4.5.1.wso2v1/antlr4-runtime-4.5.1.wso2v1.jar:/root/./workspace/wso2-ballerina/package-cassandra/405259561/.m2/org/ballerinalang/toml-parser/0.980.0/toml-parser-0.980.0.jar:/root/./workspace/wso2-ballerina/package-cassandra/405259561/.m2/org/ballerinalang/ballerina-runtime/0.980.0/ballerina-runtime-0.980.0.jar:/root/./workspace/wso2-ballerina/package-cassandra/405259561/.m2/org/ballerinalang/ballerina-config-api/0.980.0/ballerina-config-api-0.980.0.jar:/root/./workspace/wso2-ballerina/package-cassandra/405259561/.m2/org/ballerinalang/ballerina-crypto/0.980.0/ballerina-crypto-0.980.0.jar:/root/./workspace/wso2-ballerina/package-cassandra/405259561/.m2/org/ballerinalang/ballerina-file/0.980.0/ballerina-file-0.980.0.jar:/root/./workspace/wso2-ballerina/package-cassandra/405259561/.m2/org/ballerinalang/ballerina-grpc/0.980.0/ballerina-grpc-0.980.0.jar:/root/./workspace/wso2-ballerina/package-cassandra/405259561/.m2/com/google/protobuf/protobuf-java/3.5.1/protobuf-java-3.5.1.jar:/root/./workspace/wso2-ballerina/package-cassandra/405259561/.m2/com/github/jknack/handlebars/4.0.6/handlebars-4.0.6.jar:/root/./workspace/wso2-ballerina/package-cassandra/405259561/.m2/org/antlr/antlr4-runtime/4.5.1-1/antlr4-runtime-4.5.1-1.jar:/root/./workspace/wso2-ballerina/package-cassandra/405259561/.m2/org/mozilla/rhino/1.7R4/rhino-1.7R4.jar:/root/./workspace/wso2-ballerina/package-cassandra/405259561/.m2/org/ballerinalang/ballerina-h2/0.980.0/ballerina-h2-0.980.0.jar:/root/./workspace/wso2-ballerina/package-cassandra/405259561/.m2/org/ballerinalang/ballerina-http/0.980.0/ballerina-http-0.980.0.jar:/root/./workspace/wso2-ballerina/package-cassandra/405259561/.m2/org/ballerinalang/ballerina-internal/0.980.0/ballerina-internal-0.980.0.jar:/root/./workspace/wso2-ballerina/package-cassandra/405259561/.m2/org/ballerinalang/ballerina-io/0.980.0/ballerina-io-0.980.0.jar:/root/./workspace/wso2-ballerina/package-cassandra/405259561/.m2/org/ballerinalang/ballerina-jdbc/0.980.0/ballerina-jdbc-0.980.0.jar:/root/./workspace/wso2-ballerina/package-cassandra/405259561/.m2/org/ballerinalang/ballerina-jms/0.980.0/ballerina-jms-0.980.0.jar:/root/./workspace/wso2-ballerina/package-cassandra/405259561/.m2/org/ballerinalang/ballerina-math/0.980.0/ballerina-math-0.980.0.jar:/root/./workspace/wso2-ballerina/package-cassandra/405259561/.m2/org/ballerinalang/ballerina-mime/0.980.0/ballerina-mime-0.980.0.jar:/root/./workspace/wso2-ballerina/package-cassandra/405259561/.m2/org/ballerinalang/ballerina-mysql/0.980.0/ballerina-mysql-0.980.0.jar:/root/./workspace/wso2-ballerina/package-cassandra/405259561/.m2/org/ballerinalang/ballerina-reflect/0.980.0/ballerina-reflect-0.980.0.jar:/root/./workspace/wso2-ballerina/package-cassandra/405259561/.m2/org/ballerinalang/ballerina-streams/0.980.0/ballerina-streams-0.980.0.jar:/root/./workspace/wso2-ballerina/package-cassandra/405259561/.m2/org/ballerinalang/ballerina-system/0.980.0/ballerina-system-0.980.0.jar:/root/./workspace/wso2-ballerina/package-cassandra/405259561/.m2/org/ballerinalang/ballerina-task/0.980.0/ballerina-task-0.980.0.jar:/root/./workspace/wso2-ballerina/package-cassandra/405259561/.m2/org/ballerinalang/ballerina-transactions/0.980.0/ballerina-transactions-0.980.0.jar:/root/./workspace/wso2-ballerina/package-cassandra/405259561/.m2/org/ballerinalang/ballerina-websub/0.980.0/ballerina-websub-0.980.0.jar:/root/./workspace/wso2-ballerina/package-cassandra/405259561/.m2/org/ballerinalang/ballerina-observability/0.980.0/ballerina-observability-0.980.0.jar:/root/./workspace/wso2-ballerina/package-cassandra/405259561/.m2/javax/jms/javax.jms-api/2.0.1/javax.jms-api-2.0.1.jar:/root/./workspace/wso2-ballerina/package-cassandra/405259561/.m2/org/wso2/andes/wso2/andes-client/3.2.55/andes-client-3.2.55.jar:/root/./workspace/wso2-ballerina/package-cassandra/405259561/.m2/org/wso2/org/apache/mina/mina-filter-ssl/1.1.7-wso2v3/mina-filter-ssl-1.1.7-wso2v3.jar:/root/./workspace/wso2-ballerina/package-cassandra/405259561/.m2/org/wso2/org/apache/mina/mina-core/1.1.7-wso2v3/mina-core-1.1.7-wso2v3.jar:/root/./workspace/wso2-ballerina/package-cassandra/405259561/.m2/commons-lang/commons-lang/2.6/commons-lang-2.6.jar:/root/./workspace/wso2-ballerina/package-cassandra/405259561/.m2/org/wso2/securevault/org.wso2.securevault/1.0.0-wso2v2/org.wso2.securevault-1.0.0-wso2v2.jar:/root/./workspace/wso2-ballerina/package-cassandra/405259561/.m2/jline/jline/0.9.94/jline-0.9.94.jar:/root/./workspace/wso2-ballerina/package-cassandra/405259561/.m2/commons-io/commons-io/2.0/commons-io-2.0.jar:/root/./workspace/wso2-ballerina/package-cassandra/405259561/.m2/org/ballerinalang/strip-bouncycastle/0.980.0/strip-bouncycastle-0.980.0.jar:/root/./workspace/wso2-ballerina/package-cassandra/405259561/.m2/org/bouncycastle/bcprov-jdk15on/1.59/bcprov-jdk15on-1.59.jar:/root/./workspace/wso2-ballerina/package-cassandra/405259561/.m2/org/bouncycastle/bcpkix-jdk15on/1.59/bcpkix-jdk15on-1.59.jar:/root/./workspace/wso2-ballerina/package-cassandra/405259561/.m2/org/ballerinalang/ballerina-cli-utils/0.980.0/ballerina-cli-utils-0.980.0.jar:/root/./workspace/wso2-ballerina/package-cassandra/405259561/.m2/org/wso2/carbon/org.wso2.carbon.core/5.1.0/org.wso2.carbon.core-5.1.0.jar:/root/./workspace/wso2-ballerina/package-cassandra/405259561/.m2/com/zaxxer/HikariCP/3.1.0/HikariCP-3.1.0.jar:/root/./workspace/wso2-ballerina/package-cassandra/405259561/.m2/org/wso2/transport/http/org.wso2.transport.http.netty/6.0.212/org.wso2.transport.http.netty-6.0.212.jar:/root/./workspace/wso2-ballerina/package-cassandra/405259561/.m2/org/wso2/eclipse/osgi/org.eclipse.osgi/3.10.2.v20150203-1939/org.eclipse.osgi-3.10.2.v20150203-1939.jar:/root/./workspace/wso2-ballerina/package-cassandra/405259561/.m2/org/wso2/eclipse/osgi/org.eclipse.osgi.services/3.4.0.v20140312-2051/org.eclipse.osgi.services-3.4.0.v20140312-2051.jar:/root/./workspace/wso2-ballerina/package-cassandra/405259561/.m2/io/netty/netty-handler-proxy/4.1.19.Final/netty-handler-proxy-4.1.19.Final.jar:/root/./workspace/wso2-ballerina/package-cassandra/405259561/.m2/io/netty/netty-codec-socks/4.1.19.Final/netty-codec-socks-4.1.19.Final.jar:/root/./workspace/wso2-ballerina/package-cassandra/405259561/.m2/io/netty/netty-codec-http2/4.1.19.Final/netty-codec-http2-4.1.19.Final.jar:/root/./workspace/wso2-ballerina/package-cassandra/405259561/.m2/commons-pool/wso2/commons-pool/1.5.6.wso2v1/commons-pool-1.5.6.wso2v1.jar:/root/./workspace/wso2-ballerina/package-cassandra/405259561/.m2/commons-pool/commons-pool/1.5.6/commons-pool-1.5.6.jar:/root/./workspace/wso2-ballerina/package-cassandra/405259561/.m2/org/wso2/orbit/org/yaml/snakeyaml/1.16.0.wso2v1/snakeyaml-1.16.0.wso2v1.jar:/root/./workspace/wso2-ballerina/package-cassandra/405259561/.m2/io/netty/netty-tcnative-boringssl-static/2.0.7.Final/netty-tcnative-boringssl-static-2.0.7.Final.jar:/root/./workspace/wso2-ballerina/package-cassandra/405259561/.m2/org/quartz-scheduler/quartz-jobs/2.3.0/quartz-jobs-2.3.0.jar:/root/./workspace/wso2-ballerina/package-cassandra/405259561/.m2/org/jvnet/mimepull/mimepull/1.9.7/mimepull-1.9.7.jar:/root/./workspace/wso2-ballerina/package-cassandra/405259561/.m2/com/h2database/h2/1.4.197/h2-1.4.197.jar:/root/./workspace/wso2-ballerina/package-cassandra/405259561/.m2/org/osgi/org.osgi.core/6.0.0/org.osgi.core-6.0.0.jar:/root/./workspace/wso2-ballerina/package-cassandra/405259561/.m2/org/ballerinalang/ballerina-jaeger-extension/0.980.0/ballerina-jaeger-extension-0.980.0.jar:/root/./workspace/wso2-ballerina/package-cassandra/405259561/.m2/com/uber/jaeger/jaeger-core/0.24.0/jaeger-core-0.24.0.jar:/root/./workspace/wso2-ballerina/package-cassandra/405259561/.m2/com/uber/jaeger/jaeger-thrift/0.24.0/jaeger-thrift-0.24.0.jar:/root/./workspace/wso2-ballerina/package-cassandra/405259561/.m2/com/squareup/okhttp3/okhttp/3.9.1/okhttp-3.9.1.jar:/root/./workspace/wso2-ballerina/package-cassandra/405259561/.m2/com/squareup/okio/okio/1.13.0/okio-1.13.0.jar:/root/./workspace/wso2-ballerina/package-cassandra/405259561/.m2/org/ballerinalang/ballerina-metrics-extension/0.980.0/ballerina-metrics-extension-0.980.0.jar:/root/./workspace/wso2-ballerina/package-cassandra/405259561/.m2/org/hdrhistogram/HdrHistogram/2.1.10/HdrHistogram-2.1.10.jar:/root/./workspace/wso2-ballerina/package-cassandra/405259561/.m2/org/ballerinalang/ballerina-prometheus-extension/0.980.0/ballerina-prometheus-extension-0.980.0.jar:/root/./workspace/wso2-ballerina/package-cassandra/405259561/.m2/org/wso2/transport/file/org.wso2.transport.local-file-system/6.0.53/org.wso2.transport.local-file-system-6.0.53.jar:/root/./workspace/wso2-ballerina/package-cassandra/405259561/.m2/org/ballerinalang/ballerina-builtin/0.980.0/ballerina-builtin-0.980.0.jar:/root/./workspace/wso2-ballerina/package-cassandra/405259561/.m2/org/ballerinalang/lib-creator/0.980.0/lib-creator-0.980.0.jar:/root/./workspace/wso2-ballerina/package-cassandra/405259561/.m2/org/ballerinalang/ballerina-sql/0.980.0/ballerina-sql-0.980.0.jar:/root/./workspace/wso2-ballerina/package-cassandra/405259561/.m2/org/ballerinalang/ballerina-time/0.980.0/ballerina-time-0.980.0.jar:/root/./workspace/wso2-ballerina/package-cassandra/405259561/.m2/org/ballerinalang/ballerina-logging/0.980.0/ballerina-logging-0.980.0.jar:/root/./workspace/wso2-ballerina/package-cassandra/405259561/.m2/org/ballerinalang/ballerina-log-api/0.980.0/ballerina-log-api-0.980.0.jar:/root/./workspace/wso2-ballerina/package-cassandra/405259561/.m2/org/ballerinax/docker/docker-extension/0.980.0/docker-extension-0.980.0.jar:/root/./workspace/wso2-ballerina/package-cassandra/405259561/.m2/org/ballerinax/kubernetes/kubernetes-extension/0.980.0/kubernetes-extension-0.980.0.jar:/root/./workspace/wso2-ballerina/package-cassandra/405259561/.m2/com/datastax/cassandra/cassandra-driver-core/3.4.0/cassandra-driver-core-3.4.0.jar:/root/./workspace/wso2-ballerina/package-cassandra/405259561/.m2/io/netty/netty-handler/4.0.47.Final/netty-handler-4.0.47.Final.jar:/root/./workspace/wso2-ballerina/package-cassandra/405259561/.m2/com/google/guava/guava/19.0/guava-19.0.jar:/root/./workspace/wso2-ballerina/package-cassandra/405259561/.m2/io/dropwizard/metrics/metrics-core/3.2.2/metrics-core-3.2.2.jar:/root/./workspace/wso2-ballerina/package-cassandra/405259561/.m2/com/github/jnr/jnr-ffi/2.0.7/jnr-ffi-2.0.7.jar:/root/./workspace/wso2-ballerina/package-cassandra/405259561/.m2/com/github/jnr/jffi/1.2.10/jffi-1.2.10.jar:/root/./workspace/wso2-ballerina/package-cassandra/405259561/.m2/com/github/jnr/jffi/1.2.10/jffi-1.2.10-native.jar:/root/./workspace/wso2-ballerina/package-cassandra/405259561/.m2/org/ow2/asm/asm/5.0.3/asm-5.0.3.jar:/root/./workspace/wso2-ballerina/package-cassandra/405259561/.m2/org/ow2/asm/asm-commons/5.0.3/asm-commons-5.0.3.jar:/root/./workspace/wso2-ballerina/package-cassandra/405259561/.m2/org/ow2/asm/asm-analysis/5.0.3/asm-analysis-5.0.3.jar:/root/./workspace/wso2-ballerina/package-cassandra/405259561/.m2/org/ow2/asm/asm-tree/5.0.3/asm-tree-5.0.3.jar:/root/./workspace/wso2-ballerina/package-cassandra/405259561/.m2/org/ow2/asm/asm-util/5.0.3/asm-util-5.0.3.jar:/root/./workspace/wso2-ballerina/package-cassandra/405259561/.m2/com/github/jnr/jnr-x86asm/1.0.2/jnr-x86asm-1.0.2.jar:/root/./workspace/wso2-ballerina/package-cassandra/405259561/.m2/com/github/jnr/jnr-posix/3.0.27/jnr-posix-3.0.27.jar:/root/./workspace/wso2-ballerina/package-cassandra/405259561/.m2/com/github/jnr/jnr-constants/0.9.0/jnr-constants-0.9.0.jar:/root/./workspace/wso2-ballerina/package-cassandra/405259561/.m2/org/ballerinalang/ballerina-launcher/0.980.0/ballerina-launcher-0.980.0.jar:/root/./workspace/wso2-ballerina/package-cassandra/405259561/.m2/com/beust/jcommander/1.60/jcommander-1.60.jar:/root/./workspace/wso2-ballerina/package-cassandra/405259561/.m2/org/testng/testng/6.13.1/testng-6.13.1.jar:/root/./workspace/wso2-ballerina/package-cassandra/405259561/.m2/org/cassandraunit/cassandra-unit/3.3.0.2/cassandra-unit-3.3.0.2.jar:/root/./workspace/wso2-ballerina/package-cassandra/405259561/.m2/junit/junit/4.12/junit-4.12.jar:/root/./workspace/wso2-ballerina/package-cassandra/405259561/.m2/org/apache/cassandra/cassandra-all/3.11.0/cassandra-all-3.11.0.jar:/root/./workspace/wso2-ballerina/package-cassandra/405259561/.m2/org/xerial/snappy/snappy-java/1.1.1.7/snappy-java-1.1.1.7.jar:/root/./workspace/wso2-ballerina/package-cassandra/405259561/.m2/net/jpountz/lz4/lz4/1.3.0/lz4-1.3.0.jar:/root/./workspace/wso2-ballerina/package-cassandra/405259561/.m2/com/ning/compress-lzf/0.8.4/compress-lzf-0.8.4.jar:/root/./workspace/wso2-ballerina/package-cassandra/405259561/.m2/commons-cli/commons-cli/1.1/commons-cli-1.1.jar:/root/./workspace/wso2-ballerina/package-cassandra/405259561/.m2/commons-codec/commons-codec/1.9/commons-codec-1.9.jar:/root/./workspace/wso2-ballerina/package-cassandra/405259561/.m2/org/apache/commons/commons-math3/3.2/commons-math3-3.2.jar:/root/./workspace/wso2-ballerina/package-cassandra/405259561/.m2/com/googlecode/concurrentlinkedhashmap/concurrentlinkedhashmap-lru/1.4/concurrentlinkedhashmap-lru-1.4.jar:/root/./workspace/wso2-ballerina/package-cassandra/405259561/.m2/org/antlr/antlr/3.5.2/antlr-3.5.2.jar:/root/./workspace/wso2-ballerina/package-cassandra/405259561/.m2/org/antlr/ST4/4.0.8/ST4-4.0.8.jar:/root/./workspace/wso2-ballerina/package-cassandra/405259561/.m2/org/antlr/antlr-runtime/3.5.2/antlr-runtime-3.5.2.jar:/root/./workspace/wso2-ballerina/package-cassandra/405259561/.m2/org/slf4j/jcl-over-slf4j/1.7.7/jcl-over-slf4j-1.7.7.jar:/root/./workspace/wso2-ballerina/package-cassandra/405259561/.m2/org/codehaus/jackson/jackson-core-asl/1.9.2/jackson-core-asl-1.9.2.jar:/root/./workspace/wso2-ballerina/package-cassandra/405259561/.m2/org/codehaus/jackson/jackson-mapper-asl/1.9.2/jackson-mapper-asl-1.9.2.jar:/root/./workspace/wso2-ballerina/package-cassandra/405259561/.m2/com/googlecode/json-simple/json-simple/1.1/json-simple-1.1.jar:/root/./workspace/wso2-ballerina/package-cassandra/405259561/.m2/com/boundary/high-scale-lib/1.0.6/high-scale-lib-1.0.6.jar:/root/./workspace/wso2-ballerina/package-cassandra/405259561/.m2/org/yaml/snakeyaml/1.11/snakeyaml-1.11.jar:/root/./workspace/wso2-ballerina/package-cassandra/405259561/.m2/org/mindrot/jbcrypt/0.3m/jbcrypt-0.3m.jar:/root/./workspace/wso2-ballerina/package-cassandra/405259561/.m2/io/dropwizard/metrics/metrics-jvm/3.1.0/metrics-jvm-3.1.0.jar:/root/./workspace/wso2-ballerina/package-cassandra/405259561/.m2/com/addthis/metrics/reporter-config3/3.0.3/reporter-config3-3.0.3.jar:/root/./workspace/wso2-ballerina/package-cassandra/405259561/.m2/com/addthis/metrics/reporter-config-base/3.0.3/reporter-config-base-3.0.3.jar:/root/./workspace/wso2-ballerina/package-cassandra/405259561/.m2/com/thinkaurelius/thrift/thrift-server/0.3.7/thrift-server-0.3.7.jar:/root/./workspace/wso2-ballerina/package-cassandra/405259561/.m2/com/lmax/disruptor/3.0.1/disruptor-3.0.1.jar:/root/./workspace/wso2-ballerina/package-cassandra/405259561/.m2/com/clearspring/analytics/stream/2.5.2/stream-2.5.2.jar:/root/./workspace/wso2-ballerina/package-cassandra/405259561/.m2/it/unimi/dsi/fastutil/6.5.7/fastutil-6.5.7.jar:/root/./workspace/wso2-ballerina/package-cassandra/405259561/.m2/ch/qos/logback/logback-core/1.1.3/logback-core-1.1.3.jar:/root/./workspace/wso2-ballerina/package-cassandra/405259561/.m2/ch/qos/logback/logback-classic/1.1.3/logback-classic-1.1.3.jar:/root/./workspace/wso2-ballerina/package-cassandra/405259561/.m2/org/apache/cassandra/cassandra-thrift/3.11.0/cassandra-thrift-3.11.0.jar:/root/./workspace/wso2-ballerina/package-cassandra/405259561/.m2/com/carrotsearch/hppc/0.5.4/hppc-0.5.4.jar:/root/./workspace/wso2-ballerina/package-cassandra/405259561/.m2/de/jflex/jflex/1.6.0/jflex-1.6.0.jar:/root/./workspace/wso2-ballerina/package-cassandra/405259561/.m2/org/apache/ant/ant/1.7.0/ant-1.7.0.jar:/root/./workspace/wso2-ballerina/package-cassandra/405259561/.m2/org/apache/ant/ant-launcher/1.7.0/ant-launcher-1.7.0.jar:/root/./workspace/wso2-ballerina/package-cassandra/405259561/.m2/com/github/rholder/snowball-stemmer/1.3.0.581.1/snowball-stemmer-1.3.0.581.1.jar:/root/./workspace/wso2-ballerina/package-cassandra/405259561/.m2/com/googlecode/concurrent-trees/concurrent-trees/2.4.0/concurrent-trees-2.4.0.jar:/root/./workspace/wso2-ballerina/package-cassandra/405259561/.m2/com/github/jbellis/jamm/0.3.0/jamm-0.3.0.jar:/root/./workspace/wso2-ballerina/package-cassandra/405259561/.m2/joda-time/joda-time/2.4/joda-time-2.4.jar:/root/./workspace/wso2-ballerina/package-cassandra/405259561/.m2/org/fusesource/sigar/1.6.4/sigar-1.6.4.jar:/root/./workspace/wso2-ballerina/package-cassandra/405259561/.m2/org/eclipse/jdt/core/compiler/ecj/4.4.2/ecj-4.4.2.jar:/root/./workspace/wso2-ballerina/package-cassandra/405259561/.m2/org/caffinitas/ohc/ohc-core/0.4.4/ohc-core-0.4.4.jar:/root/./workspace/wso2-ballerina/package-cassandra/405259561/.m2/com/github/ben-manes/caffeine/caffeine/2.2.6/caffeine-2.2.6.jar:/root/./workspace/wso2-ballerina/package-cassandra/405259561/.m2/org/jctools/jctools-core/1.2.1/jctools-core-1.2.1.jar:/root/./workspace/wso2-ballerina/package-cassandra/405259561/.m2/org/apache/thrift/libthrift/0.9.2/libthrift-0.9.2.jar:/root/./workspace/wso2-ballerina/package-cassandra/405259561/.m2/org/apache/httpcomponents/httpclient/4.2.5/httpclient-4.2.5.jar:/root/./workspace/wso2-ballerina/package-cassandra/405259561/.m2/org/apache/httpcomponents/httpcore/4.2.4/httpcore-4.2.4.jar:/root/./workspace/wso2-ballerina/package-cassandra/405259561/.m2/net/java/dev/jna/jna/4.1.0/jna-4.1.0.jar:/root/./workspace/wso2-ballerina/package-cassandra/405259561/.m2/org/hamcrest/hamcrest-core/1.3/hamcrest-core-1.3.jar:/root/./workspace/wso2-ballerina/package-cassandra/405259561/.m2/org/hamcrest/hamcrest-library/1.3/hamcrest-library-1.3.jar:/root/./workspace/wso2-ballerina/package-cassandra/405259561/.m2/com/google/code/findbugs/annotations/3.0.1/annotations-3.0.1.jar:/root/./workspace/wso2-ballerina/package-cassandra/405259561/.m2/net/jcip/jcip-annotations/1.0/jcip-annotations-1.0.jar:/root/./workspace/wso2-ballerina/package-cassandra/405259561/.m2/com/google/code/findbugs/jsr305/3.0.1/jsr305-3.0.1.jar:/root/./workspace/wso2-ballerina/package-cassandra/405259561/.m2/org/slf4j/slf4j-log4j12/1.7.25/slf4j-log4j12-1.7.25.jar:/root/./workspace/wso2-ballerina/package-cassandra/405259561/.m2/log4j/log4j/1.2.17/log4j-1.2.17.jar:/root/./workspace/wso2-ballerina/package-cassandra/405259561/.m2/org/apache/maven/surefire/surefire-testng-utils/2.20.1/surefire-testng-utils-2.20.1.jar:/root/./workspace/wso2-ballerina/package-cassandra/405259561/.m2/org/apache/maven/surefire/surefire-grouper/2.20.1/surefire-grouper-2.20.1.jar:"/>
    <property name="sun.cpu.endian" value="little"/>
    <property name="user.home" value="/root"/>
    <property name="user.language" value="en"/>
    <property name="java.specification.vendor" value="Oracle Corporation"/>
    <property name="java.home" value="/usr/lib/jvm/java-8-openjdk-amd64/jre"/>
    <property name="basedir" value="/root/workspace/wso2-ballerina/package-cassandra/405259561/component"/>
    <property name="file.separator" value="/"/>
    <property name="checkstyle.skip" value="true"/>
    <property name="line.separator" value="&#10;"/>
    <property name="skip.npm" value="true"/>
    <property name="java.vm.specification.vendor" value="Oracle Corporation"/>
    <property name="java.specification.name" value="Java Platform API Specification"/>
    <property name="java.awt.graphicsenv" value="sun.awt.X11GraphicsEnvironment"/>
    <property name="skipITs" value="true"/>
    <property name="surefire.real.class.path" value="/root/workspace/wso2-ballerina/package-cassandra/405259561/component/target/surefire/surefirebooter130368667552160806.jar:/root/./workspace/wso2-ballerina/package-cassandra/405259561/.m2/org/jacoco/org.jacoco.agent/0.8.0/org.jacoco.agent-0.8.0-runtime.jar"/>
    <property name="cobertura.skip" value="true"/>
    <property name="sun.boot.class.path" value="/usr/lib/jvm/java-8-openjdk-amd64/jre/lib/resources.jar:/usr/lib/jvm/java-8-openjdk-amd64/jre/lib/rt.jar:/usr/lib/jvm/java-8-openjdk-amd64/jre/lib/sunrsasign.jar:/usr/lib/jvm/java-8-openjdk-amd64/jre/lib/jsse.jar:/usr/lib/jvm/java-8-openjdk-amd64/jre/lib/jce.jar:/usr/lib/jvm/java-8-openjdk-amd64/jre/lib/charsets.jar:/usr/lib/jvm/java-8-openjdk-amd64/jre/lib/jfr.jar:/usr/lib/jvm/java-8-openjdk-amd64/jre/classes"/>
    <property name="sun.management.compiler" value="HotSpot 64-Bit Tiered Compilers"/>
    <property name="java.runtime.version" value="1.8.0_121-8u121-b13-1~bpo8+1-b13"/>
    <property name="user.name" value="root"/>
    <property name="findbugs.skip" value="true"/>
    <property name="path.separator" value=":"/>
    <property name="os.version" value="4.9.0-6-amd64"/>
    <property name="java.endorsed.dirs" value="/usr/lib/jvm/java-8-openjdk-amd64/jre/lib/endorsed"/>
    <property name="java.runtime.name" value="OpenJDK Runtime Environment"/>
    <property name="file.encoding" value="UTF-8"/>
    <property name="java.vm.name" value="OpenJDK 64-Bit Server VM"/>
    <property name="localRepository" value="/root/./workspace/wso2-ballerina/package-cassandra/405259561/.m2"/>
    <property name="java.vendor.url.bug" value="http://bugreport.sun.com/bugreport/"/>
    <property name="java.io.tmpdir" value="/tmp"/>
    <property name="java.version" value="1.8.0_121"/>
    <property name="user.dir" value="/root/workspace/wso2-ballerina/package-cassandra/405259561/component"/>
    <property name="os.arch" value="amd64"/>
    <property name="license.skip" value="true"/>
    <property name="ballerina.home" value="/root/workspace/wso2-ballerina/package-cassandra/405259561/component/target"/>
    <property name="java.vm.specification.name" value="Java Virtual Machine Specification"/>
    <property name="java.awt.printerjob" value="sun.print.PSPrinterJob"/>
    <property name="sun.os.patch.level" value="unknown"/>
    <property name="java.util.logging.manager" value="org.ballerinalang.logging.BLogManager"/>
    <property name="java.library.path" value="/usr/java/packages/lib/amd64:/usr/lib/x86_64-linux-gnu/jni:/lib/x86_64-linux-gnu:/usr/lib/x86_64-linux-gnu:/usr/lib/jni:/lib:/usr/lib"/>
    <property name="java.vm.info" value="mixed mode"/>
    <property name="java.vendor" value="Oracle Corporation"/>
    <property name="java.vm.version" value="25.121-b13"/>
    <property name="java.ext.dirs" value="/usr/lib/jvm/java-8-openjdk-amd64/jre/lib/ext:/usr/java/packages/lib/ext"/>
    <property name="sun.io.unicode.encoding" value="UnicodeLittle"/>
    <property name="maven.repo.local" value="/root/./workspace/wso2-ballerina/package-cassandra/405259561/.m2"/>
    <property name="enforcer.skip" value="true"/>
    <property name="java.class.version" value="52.0"/>
  </properties>
  <testcase name="startAndSetupCassandraServer" classname="org.ballerinalang.cassandra.actions.CassandraBaseTest" time="37.098">
    <failure message="Cassandra daemon did not start within timeout" type="java.lang.AssertionError">java.lang.AssertionError: Cassandra daemon did not start within timeout
	at org.ballerinalang.cassandra.actions.CassandraBaseTest.startAndSetupCassandraServer(CassandraBaseTest.java:45)
</failure>
    <system-out><![CDATA[11:24:14.014 [main] DEBUG o.c.u.EmbeddedCassandraServerHelper - Starting cassandra...
11:24:14.028 [main] DEBUG o.c.u.EmbeddedCassandraServerHelper - Initialization needed
11:24:14.915 [main] INFO  o.a.c.config.YamlConfigurationLoader - Configuration location: file:/root/workspace/wso2-ballerina/package-cassandra/405259561/component/target/embeddedCassandra/cassandra.yaml
11:24:14.921 [main] DEBUG o.a.c.config.YamlConfigurationLoader - Loading settings from file:/root/workspace/wso2-ballerina/package-cassandra/405259561/component/target/embeddedCassandra/cassandra.yaml
11:24:17.141 [main] INFO  org.apache.cassandra.config.Config - Node configuration:[allocate_tokens_for_keyspace=null; authenticator=AllowAllAuthenticator; authorizer=AllowAllAuthorizer; auto_bootstrap=true; auto_snapshot=false; back_pressure_enabled=false; back_pressure_strategy=null; batch_size_fail_threshold_in_kb=50; batch_size_warn_threshold_in_kb=5; batchlog_replay_throttle_in_kb=1024; broadcast_address=null; broadcast_rpc_address=null; buffer_pool_use_heap_if_exhausted=true; cas_contention_timeout_in_ms=1000; cdc_enabled=false; cdc_free_space_check_interval_ms=250; cdc_raw_directory=target/embeddedCassandra/cdc; cdc_total_space_in_mb=0; client_encryption_options=<REDACTED>; cluster_name=Test Cluster; column_index_cache_size_in_kb=2; column_index_size_in_kb=64; commit_failure_policy=stop; commitlog_compression=null; commitlog_directory=target/embeddedCassandra/commitlog; commitlog_max_compression_buffers_in_pool=3; commitlog_periodic_queue_size=-1; commitlog_segment_size_in_mb=32; commitlog_sync=periodic; commitlog_sync_batch_window_in_ms=NaN; commitlog_sync_period_in_ms=10000; commitlog_total_space_in_mb=null; compaction_large_partition_warning_threshold_mb=100; compaction_throughput_mb_per_sec=16; concurrent_compactors=null; concurrent_counter_writes=32; concurrent_materialized_view_writes=32; concurrent_reads=32; concurrent_replicates=null; concurrent_writes=32; counter_cache_keys_to_save=2147483647; counter_cache_save_period=7200; counter_cache_size_in_mb=null; counter_write_request_timeout_in_ms=5000; credentials_cache_max_entries=1000; credentials_update_interval_in_ms=-1; credentials_validity_in_ms=2000; cross_node_timeout=false; data_file_directories=[Ljava.lang.String;@104a287c; disk_access_mode=auto; disk_failure_policy=stop; disk_optimization_estimate_percentile=0.95; disk_optimization_page_cross_chance=0.1; disk_optimization_strategy=ssd; dynamic_snitch=true; dynamic_snitch_badness_threshold=0.1; dynamic_snitch_reset_interval_in_ms=600000; dynamic_snitch_update_interval_in_ms=100; enable_scripted_user_defined_functions=false; enable_user_defined_functions=false; enable_user_defined_functions_threads=true; encryption_options=org.apache.cassandra.config.EncryptionOptions$ServerEncryptionOptions@26874f2c; endpoint_snitch=SimpleSnitch; file_cache_size_in_mb=null; gc_log_threshold_in_ms=200; gc_warn_threshold_in_ms=0; hinted_handoff_disabled_datacenters=[]; hinted_handoff_enabled=true; hinted_handoff_throttle_in_kb=1024; hints_compression=null; hints_directory=target/embeddedCassandra/hints; hints_flush_period_in_ms=10000; incremental_backups=false; index_interval=128; index_summary_capacity_in_mb=null; index_summary_resize_interval_in_minutes=60; initial_token=null; inter_dc_stream_throughput_outbound_megabits_per_sec=200; inter_dc_tcp_nodelay=true; internode_authenticator=null; internode_compression=none; internode_recv_buff_size_in_bytes=0; internode_send_buff_size_in_bytes=0; key_cache_keys_to_save=2147483647; key_cache_save_period=14400; key_cache_size_in_mb=null; listen_address=127.0.0.1; listen_interface=null; listen_interface_prefer_ipv6=false; listen_on_broadcast_address=false; max_hint_window_in_ms=10800000; max_hints_delivery_threads=2; max_hints_file_size_in_mb=128; max_mutation_size_in_kb=null; max_streaming_retries=3; max_value_size_in_mb=256; memtable_allocation_type=heap_buffers; memtable_cleanup_threshold=null; memtable_flush_writers=0; memtable_heap_space_in_mb=null; memtable_offheap_space_in_mb=null; min_free_space_per_drive_in_mb=50; native_transport_max_concurrent_connections=-1; native_transport_max_concurrent_connections_per_ip=-1; native_transport_max_frame_size_in_mb=256; native_transport_max_threads=128; native_transport_port=9142; native_transport_port_ssl=null; num_tokens=1; otc_backlog_expiration_interval_ms=200; otc_coalescing_enough_coalesced_messages=8; otc_coalescing_strategy=DISABLED; otc_coalescing_window_us=200; partitioner=org.apache.cassandra.dht.Murmur3Partitioner; permissions_cache_max_entries=1000; permissions_update_interval_in_ms=-1; permissions_validity_in_ms=2000; phi_convict_threshold=8.0; prepared_statements_cache_size_mb=null; range_request_timeout_in_ms=10000; read_request_timeout_in_ms=5000; request_scheduler=org.apache.cassandra.scheduler.NoScheduler; request_scheduler_id=null; request_scheduler_options=null; request_timeout_in_ms=10000; role_manager=null; roles_cache_max_entries=1000; roles_update_interval_in_ms=-1; roles_validity_in_ms=2000; row_cache_class_name=org.apache.cassandra.cache.OHCProvider; row_cache_keys_to_save=2147483647; row_cache_save_period=0; row_cache_size_in_mb=0; rpc_address=localhost; rpc_interface=null; rpc_interface_prefer_ipv6=false; rpc_keepalive=true; rpc_listen_backlog=50; rpc_max_threads=2147483647; rpc_min_threads=16; rpc_port=9171; rpc_recv_buff_size_in_bytes=null; rpc_send_buff_size_in_bytes=null; rpc_server_type=sync; saved_caches_directory=target/embeddedCassandra/saved_caches; seed_provider=org.apache.cassandra.locator.SimpleSeedProvider{seeds=127.0.0.1}; server_encryption_options=<REDACTED>; slow_query_log_timeout_in_ms=500; snapshot_before_compaction=false; ssl_storage_port=7011; sstable_preemptive_open_interval_in_mb=50; start_native_transport=true; start_rpc=true; storage_port=7010; stream_throughput_outbound_megabits_per_sec=200; streaming_keep_alive_period_in_secs=300; streaming_socket_timeout_in_ms=86400000; thrift_framed_transport_size_in_mb=15; thrift_max_message_length_in_mb=16; thrift_prepared_statements_cache_size_mb=null; tombstone_failure_threshold=100000; tombstone_warn_threshold=1000; tracetype_query_ttl=86400; tracetype_repair_ttl=604800; transparent_data_encryption_options=org.apache.cassandra.config.TransparentDataEncryptionOptions@64dc86c6; trickle_fsync=false; trickle_fsync_interval_in_kb=10240; truncate_request_timeout_in_ms=60000; unlogged_batch_across_partitions_warn_threshold=10; user_defined_function_fail_timeout=1500; user_defined_function_warn_timeout=500; user_function_timeout_policy=die; windows_timer_interval=0; write_request_timeout_in_ms=2000]
11:24:17.142 [main] DEBUG o.a.c.config.DatabaseDescriptor - Syncing log with a period of 10000
11:24:17.143 [main] INFO  o.a.c.config.DatabaseDescriptor - DiskAccessMode 'auto' determined to be mmap, indexAccessMode is mmap
11:24:17.143 [main] INFO  o.a.c.config.DatabaseDescriptor - Global memtable on-heap threshold is enabled at 892MB
11:24:17.143 [main] INFO  o.a.c.config.DatabaseDescriptor - Global memtable off-heap threshold is enabled at 892MB
11:24:20.082 [main] DEBUG i.n.u.i.l.InternalLoggerFactory - Using SLF4J as the default logging framework
11:24:20.092 [main] DEBUG i.n.u.i.InternalThreadLocalMap - -Dio.netty.threadLocalMap.stringBuilder.initialSize: 1024
11:24:20.092 [main] DEBUG i.n.u.i.InternalThreadLocalMap - -Dio.netty.threadLocalMap.stringBuilder.maxSize: 4096
11:24:20.094 [main] WARN  o.a.c.config.DatabaseDescriptor - Only 5.583GiB free across all data volumes. Consider adding more capacity to your cluster or removing obsolete snapshots
11:24:20.095 [main] WARN  o.a.c.config.DatabaseDescriptor - index_interval has been deprecated and should be removed from cassandra.yaml
11:24:20.095 [main] WARN  o.a.c.config.DatabaseDescriptor - Please rename encryption_options as server_encryption_options in the yaml
11:24:21.199 [main] INFO  o.a.c.net.RateBasedBackPressure - Initialized back-pressure with high ratio: 0.9, factor: 5, flow: FAST, window size: 2000.
11:24:21.199 [main] INFO  o.a.c.config.DatabaseDescriptor - Back-pressure is disabled with strategy null.
11:24:22.610 [main] DEBUG o.a.c.config.YamlConfigurationLoader - Loading settings from file:/root/workspace/wso2-ballerina/package-cassandra/405259561/component/target/embeddedCassandra/cassandra.yaml
11:24:24.437 [COMMIT-LOG-ALLOCATOR] DEBUG o.a.c.d.c.AbstractCommitLogSegmentManager - No segments in reserve; creating a fresh one
11:24:26.146 [COMMIT-LOG-ALLOCATOR] DEBUG o.a.c.d.c.AbstractCommitLogSegmentManager - No segments in reserve; creating a fresh one
11:24:26.149 [main] DEBUG o.a.c.d.c.AbstractCommitLogSegmentManager - CLSM closing and clearing existing commit log segments...
11:24:26.384 [COMMIT-LOG-ALLOCATOR] DEBUG o.a.c.d.c.AbstractCommitLogSegmentManager - No segments in reserve; creating a fresh one
11:24:26.392 [main] INFO  o.a.cassandra.db.commitlog.CommitLog - No commitlog files found; skipping replay
11:24:26.878 [pool-2-thread-1] INFO  o.a.c.service.CassandraDaemon - Hostname: spirals-repairnator
11:24:26.878 [pool-2-thread-1] INFO  o.a.c.service.CassandraDaemon - JVM vendor/version: OpenJDK 64-Bit Server VM/1.8.0_121
11:24:26.879 [pool-2-thread-1] INFO  o.a.c.service.CassandraDaemon - Heap size: 173.000MiB/3.484GiB
11:24:26.880 [pool-2-thread-1] INFO  o.a.c.service.CassandraDaemon - Code Cache Non-heap memory: init = 2555904(2496K) used = 7982784(7795K) committed = 8126464(7936K) max = 251658240(245760K)
11:24:26.880 [pool-2-thread-1] INFO  o.a.c.service.CassandraDaemon - Metaspace Non-heap memory: init = 0(0K) used = 22686616(22154K) committed = 23248896(22704K) max = -1(-1K)
11:24:26.880 [pool-2-thread-1] INFO  o.a.c.service.CassandraDaemon - Compressed Class Space Non-heap memory: init = 0(0K) used = 2495320(2436K) committed = 2621440(2560K) max = 1073741824(1048576K)
11:24:26.881 [pool-2-thread-1] INFO  o.a.c.service.CassandraDaemon - PS Eden Space Heap memory: init = 66060288(64512K) used = 66060288(64512K) committed = 66060288(64512K) max = 1386741760(1354240K)
11:24:26.881 [pool-2-thread-1] INFO  o.a.c.service.CassandraDaemon - PS Survivor Space Heap memory: init = 11010048(10752K) used = 7466752(7291K) committed = 11010048(10752K) max = 11010048(10752K)
11:24:26.881 [pool-2-thread-1] INFO  o.a.c.service.CassandraDaemon - PS Old Gen Heap memory: init = 176160768(172032K) used = 7374232(7201K) committed = 176160768(172032K) max = 2805989376(2740224K)
11:24:26.881 [pool-2-thread-1] INFO  o.a.c.service.CassandraDaemon - Classpath: /root/workspace/wso2-ballerina/package-cassandra/405259561/component/target/test-classes:/root/workspace/wso2-ballerina/package-cassandra/405259561/component/target/classes:/root/./workspace/wso2-ballerina/package-cassandra/405259561/.m2/org/ballerinalang/ballerina-core/0.980.0/ballerina-core-0.980.0.jar:/root/./workspace/wso2-ballerina/package-cassandra/405259561/.m2/org/slf4j/slf4j-api/1.7.22/slf4j-api-1.7.22.jar:/root/./workspace/wso2-ballerina/package-cassandra/405259561/.m2/org/ballerinalang/ballerina-config/0.980.0/ballerina-config-0.980.0.jar:/root/./workspace/wso2-ballerina/package-cassandra/405259561/.m2/io/netty/netty-transport/4.1.19.Final/netty-transport-4.1.19.Final.jar:/root/./workspace/wso2-ballerina/package-cassandra/405259561/.m2/io/netty/netty-resolver/4.1.19.Final/netty-resolver-4.1.19.Final.jar:/root/./workspace/wso2-ballerina/package-cassandra/405259561/.m2/io/netty/netty-codec/4.1.19.Final/netty-codec-4.1.19.Final.jar:/root/./workspace/wso2-ballerina/package-cassandra/405259561/.m2/io/netty/netty-buffer/4.1.19.Final/netty-buffer-4.1.19.Final.jar:/root/./workspace/wso2-ballerina/package-cassandra/405259561/.m2/io/netty/netty-common/4.1.19.Final/netty-common-4.1.19.Final.jar:/root/./workspace/wso2-ballerina/package-cassandra/405259561/.m2/io/netty/netty-codec-http/4.1.19.Final/netty-codec-http-4.1.19.Final.jar:/root/./workspace/wso2-ballerina/package-cassandra/405259561/.m2/org/wso2/carbon/messaging/org.wso2.carbon.messaging/2.3.7/org.wso2.carbon.messaging-2.3.7.jar:/root/./workspace/wso2-ballerina/package-cassandra/405259561/.m2/org/wso2/carbon/org.wso2.carbon.launcher/5.2.0-m3/org.wso2.carbon.launcher-5.2.0-m3.jar:/root/./workspace/wso2-ballerina/package-cassandra/405259561/.m2/org/apache/ws/commons/axiom/axiom-api/1.2.20/axiom-api-1.2.20.jar:/root/./workspace/wso2-ballerina/package-cassandra/405259561/.m2/org/apache/geronimo/specs/geronimo-activation_1.1_spec/1.1/geronimo-activation_1.1_spec-1.1.jar:/root/./workspace/wso2-ballerina/package-cassandra/405259561/.m2/commons-logging/commons-logging/1.2/commons-logging-1.2.jar:/root/./workspace/wso2-ballerina/package-cassandra/405259561/.m2/jaxen/jaxen/1.1.6/jaxen-1.1.6.jar:/root/./workspace/wso2-ballerina/package-cassandra/405259561/.m2/org/apache/james/apache-mime4j-core/0.7.2/apache-mime4j-core-0.7.2.jar:/root/./workspace/wso2-ballerina/package-cassandra/405259561/.m2/org/apache/ws/commons/axiom/axiom-impl/1.2.20/axiom-impl-1.2.20.jar:/root/./workspace/wso2-ballerina/package-cassandra/405259561/.m2/org/codehaus/woodstox/woodstox-core-asl/4.2.0/woodstox-core-asl-4.2.0.jar:/root/./workspace/wso2-ballerina/package-cassandra/405259561/.m2/org/codehaus/woodstox/stax2-api/3.1.1/stax2-api-3.1.1.jar:/root/./workspace/wso2-ballerina/package-cassandra/405259561/.m2/org/apache/ws/commons/axiom/axiom-dom/1.2.20/axiom-dom-1.2.20.jar:/root/./workspace/wso2-ballerina/package-cassandra/405259561/.m2/org/apache/geronimo/specs/geronimo-stax-api_1.0_spec/1.0.1/geronimo-stax-api_1.0_spec-1.0.1.jar:/root/./workspace/wso2-ballerina/package-cassandra/405259561/.m2/org/wso2/staxon/staxon-core/1.2.0.wso2v2/staxon-core-1.2.0.wso2v2.jar:/root/./workspace/wso2-ballerina/package-cassandra/405259561/.m2/org/wso2/staxon/staxon/1.2.0-wso2v2/staxon-1.2.0-wso2v2.jar:/root/./workspace/wso2-ballerina/package-cassandra/405259561/.m2/org/apache/commons/commons-lang3/3.5/commons-lang3-3.5.jar:/root/./workspace/wso2-ballerina/package-cassandra/405259561/.m2/javax/transaction/javax.transaction-api/1.2/javax.transaction-api-1.2.jar:/root/./workspace/wso2-ballerina/package-cassandra/405259561/.m2/io/ballerina/messaging/broker-common/0.970.0/broker-common-0.970.0.jar:/root/./workspace/wso2-ballerina/package-cassandra/405259561/.m2/org/wso2/carbon/config/org.wso2.carbon.config/2.1.5/org.wso2.carbon.config-2.1.5.jar:/root/./workspace/wso2-ballerina/package-cassandra/405259561/.m2/org/wso2/carbon/secvault/org.wso2.carbon.secvault/5.0.8/org.wso2.carbon.secvault-5.0.8.jar:/root/./workspace/wso2-ballerina/package-cassandra/405259561/.m2/org/wso2/carbon/utils/org.wso2.carbon.utils/2.0.2/org.wso2.carbon.utils-2.0.2.jar:/root/./workspace/wso2-ballerina/package-cassandra/405259561/.m2/io/ballerina/messaging/broker-core/0.970.0/broker-core-0.970.0.jar:/root/./workspace/wso2-ballerina/package-cassandra/405259561/.m2/io/ballerina/messaging/broker-auth/0.970.0/broker-auth-0.970.0.jar:/root/./workspace/wso2-ballerina/package-cassandra/405259561/.m2/io/ballerina/messaging/broker-coordination/0.970.0/broker-coordination-0.970.0.jar:/root/./workspace/wso2-ballerina/package-cassandra/405259561/.m2/io/ballerina/messaging/broker-rest-runner/0.970.0/broker-rest-runner-0.970.0.jar:/root/./workspace/wso2-ballerina/package-cassandra/405259561/.m2/org/wso2/msf4j/msf4j-core/2.6.1/msf4j-core-2.6.1.jar:/root/./workspace/wso2-ballerina/package-cassandra/405259561/.m2/javax/ws/rs/javax.ws.rs-api/2.0/javax.ws.rs-api-2.0.jar:/root/./workspace/wso2-ballerina/package-cassandra/405259561/.m2/org/wso2/msf4j/jaxrs-delegates/2.6.1/jaxrs-delegates-2.6.1.jar:/root/./workspace/wso2-ballerina/package-cassandra/405259561/.m2/org/apache/servicemix/bundles/org.apache.servicemix.bundles.commons-beanutils/1.8.3_2/org.apache.servicemix.bundles.commons-beanutils-1.8.3_2.jar:/root/./workspace/wso2-ballerina/package-cassandra/405259561/.m2/com/nimbusds/nimbus-jose-jwt/2.25/nimbus-jose-jwt-2.25.jar:/root/./workspace/wso2-ballerina/package-cassandra/405259561/.m2/net/minidev/json-smart/1.1.1/json-smart-1.1.1.jar:/root/./workspace/wso2-ballerina/package-cassandra/405259561/.m2/commons-io/wso2/commons-io/2.4.0.wso2v1/commons-io-2.4.0.wso2v1.jar:/root/./workspace/wso2-ballerina/package-cassandra/405259561/.m2/io/ballerina/messaging/broker-metrics/0.970.0/broker-metrics-0.970.0.jar:/root/./workspace/wso2-ballerina/package-cassandra/405259561/.m2/org/wso2/carbon/metrics/org.wso2.carbon.metrics.core/2.3.7/org.wso2.carbon.metrics.core-2.3.7.jar:/root/./workspace/wso2-ballerina/package-cassandra/405259561/.m2/org/wso2/orbit/com/lmax/disruptor/3.3.7.wso2v1/disruptor-3.3.7.wso2v1.jar:/root/./workspace/wso2-ballerina/package-cassandra/405259561/.m2/org/ballerinalang/siddhi-core/0.980.0/siddhi-core-0.980.0.jar:/root/./workspace/wso2-ballerina/package-cassandra/405259561/.m2/org/quartz-scheduler/quartz/2.3.0/quartz-2.3.0.jar:/root/./workspace/wso2-ballerina/package-cassandra/405259561/.m2/com/mchange/c3p0/0.9.5.2/c3p0-0.9.5.2.jar:/root/./workspace/wso2-ballerina/package-cassandra/405259561/.m2/com/mchange/mchange-commons-java/0.2.11/mchange-commons-java-0.2.11.jar:/root/./workspace/wso2-ballerina/package-cassandra/405259561/.m2/com/zaxxer/HikariCP-java6/2.3.13/HikariCP-java6-2.3.13.jar:/root/./workspace/wso2-ballerina/package-cassandra/405259561/.m2/com/google/code/gson/gson/2.7/gson-2.7.jar:/root/./workspace/wso2-ballerina/package-cassandra/405259561/.m2/org/ballerinalang/siddhi-query-api/0.980.0/siddhi-query-api-0.980.0.jar:/root/./workspace/wso2-ballerina/package-cassandra/405259561/.m2/org/ballerinalang/siddhi-query-compiler/0.980.0/siddhi-query-compiler-0.980.0.jar:/root/./workspace/wso2-ballerina/package-cassandra/405259561/.m2/org/mvel/mvel2/2.2.1.Final/mvel2-2.2.1.Final.jar:/root/./workspace/wso2-ballerina/package-cassandra/405259561/.m2/org/ballerinalang/siddhi-annotations/0.980.0/siddhi-annotations-0.980.0.jar:/root/./workspace/wso2-ballerina/package-cassandra/405259561/.m2/io/opentracing/opentracing-api/0.31.0/opentracing-api-0.31.0.jar:/root/./workspace/wso2-ballerina/package-cassandra/405259561/.m2/io/opentracing/opentracing-util/0.31.0/opentracing-util-0.31.0.jar:/root/./workspace/wso2-ballerina/package-cassandra/405259561/.m2/io/opentracing/opentracing-noop/0.31.0/opentracing-noop-0.31.0.jar:/root/./workspace/wso2-ballerina/package-cassandra/405259561/.m2/org/ballerinalang/ballerina-lang/0.980.0/ballerina-lang-0.980.0.jar:/root/./workspace/wso2-ballerina/package-cassandra/405259561/.m2/org/wso2/orbit/org/antlr/antlr4-runtime/4.5.1.wso2v1/antlr4-runtime-4.5.1.wso2v1.jar:/root/./workspace/wso2-ballerina/package-cassandra/405259561/.m2/org/ballerinalang/toml-parser/0.980.0/toml-parser-0.980.0.jar:/root/./workspace/wso2-ballerina/package-cassandra/405259561/.m2/org/ballerinalang/ballerina-runtime/0.980.0/ballerina-runtime-0.980.0.jar:/root/./workspace/wso2-ballerina/package-cassandra/405259561/.m2/org/ballerinalang/ballerina-config-api/0.980.0/ballerina-config-api-0.980.0.jar:/root/./workspace/wso2-ballerina/package-cassandra/405259561/.m2/org/ballerinalang/ballerina-crypto/0.980.0/ballerina-crypto-0.980.0.jar:/root/./workspace/wso2-ballerina/package-cassandra/405259561/.m2/org/ballerinalang/ballerina-file/0.980.0/ballerina-file-0.980.0.jar:/root/./workspace/wso2-ballerina/package-cassandra/405259561/.m2/org/ballerinalang/ballerina-grpc/0.980.0/ballerina-grpc-0.980.0.jar:/root/./workspace/wso2-ballerina/package-cassandra/405259561/.m2/com/google/protobuf/protobuf-java/3.5.1/protobuf-java-3.5.1.jar:/root/./workspace/wso2-ballerina/package-cassandra/405259561/.m2/com/github/jknack/handlebars/4.0.6/handlebars-4.0.6.jar:/root/./workspace/wso2-ballerina/package-cassandra/405259561/.m2/org/antlr/antlr4-runtime/4.5.1-1/antlr4-runtime-4.5.1-1.jar:/root/./workspace/wso2-ballerina/package-cassandra/405259561/.m2/org/mozilla/rhino/1.7R4/rhino-1.7R4.jar:/root/./workspace/wso2-ballerina/package-cassandra/405259561/.m2/org/ballerinalang/ballerina-h2/0.980.0/ballerina-h2-0.980.0.jar:/root/./workspace/wso2-ballerina/package-cassandra/405259561/.m2/org/ballerinalang/ballerina-http/0.980.0/ballerina-http-0.980.0.jar:/root/./workspace/wso2-ballerina/package-cassandra/405259561/.m2/org/ballerinalang/ballerina-internal/0.980.0/ballerina-internal-0.980.0.jar:/root/./workspace/wso2-ballerina/package-cassandra/405259561/.m2/org/ballerinalang/ballerina-io/0.980.0/ballerina-io-0.980.0.jar:/root/./workspace/wso2-ballerina/package-cassandra/405259561/.m2/org/ballerinalang/ballerina-jdbc/0.980.0/ballerina-jdbc-0.980.0.jar:/root/./workspace/wso2-ballerina/package-cassandra/405259561/.m2/org/ballerinalang/ballerina-jms/0.980.0/ballerina-jms-0.980.0.jar:/root/./workspace/wso2-ballerina/package-cassandra/405259561/.m2/org/ballerinalang/ballerina-math/0.980.0/ballerina-math-0.980.0.jar:/root/./workspace/wso2-ballerina/package-cassandra/405259561/.m2/org/ballerinalang/ballerina-mime/0.980.0/ballerina-mime-0.980.0.jar:/root/./workspace/wso2-ballerina/package-cassandra/405259561/.m2/org/ballerinalang/ballerina-mysql/0.980.0/ballerina-mysql-0.980.0.jar:/root/./workspace/wso2-ballerina/package-cassandra/405259561/.m2/org/ballerinalang/ballerina-reflect/0.980.0/ballerina-reflect-0.980.0.jar:/root/./workspace/wso2-ballerina/package-cassandra/405259561/.m2/org/ballerinalang/ballerina-streams/0.980.0/ballerina-streams-0.980.0.jar:/root/./workspace/wso2-ballerina/package-cassandra/405259561/.m2/org/ballerinalang/ballerina-system/0.980.0/ballerina-system-0.980.0.jar:/root/./workspace/wso2-ballerina/package-cassandra/405259561/.m2/org/ballerinalang/ballerina-task/0.980.0/ballerina-task-0.980.0.jar:/root/./workspace/wso2-ballerina/package-cassandra/405259561/.m2/org/ballerinalang/ballerina-transactions/0.980.0/ballerina-transactions-0.980.0.jar:/root/./workspace/wso2-ballerina/package-cassandra/405259561/.m2/org/ballerinalang/ballerina-websub/0.980.0/ballerina-websub-0.980.0.jar:/root/./workspace/wso2-ballerina/package-cassandra/405259561/.m2/org/ballerinalang/ballerina-observability/0.980.0/ballerina-observability-0.980.0.jar:/root/./workspace/wso2-ballerina/package-cassandra/405259561/.m2/javax/jms/javax.jms-api/2.0.1/javax.jms-api-2.0.1.jar:/root/./workspace/wso2-ballerina/package-cassandra/405259561/.m2/org/wso2/andes/wso2/andes-client/3.2.55/andes-client-3.2.55.jar:/root/./workspace/wso2-ballerina/package-cassandra/405259561/.m2/org/wso2/org/apache/mina/mina-filter-ssl/1.1.7-wso2v3/mina-filter-ssl-1.1.7-wso2v3.jar:/root/./workspace/wso2-ballerina/package-cassandra/405259561/.m2/org/wso2/org/apache/mina/mina-core/1.1.7-wso2v3/mina-core-1.1.7-wso2v3.jar:/root/./workspace/wso2-ballerina/package-cassandra/405259561/.m2/commons-lang/commons-lang/2.6/commons-lang-2.6.jar:/root/./workspace/wso2-ballerina/package-cassandra/405259561/.m2/org/wso2/securevault/org.wso2.securevault/1.0.0-wso2v2/org.wso2.securevault-1.0.0-wso2v2.jar:/root/./workspace/wso2-ballerina/package-cassandra/405259561/.m2/jline/jline/0.9.94/jline-0.9.94.jar:/root/./workspace/wso2-ballerina/package-cassandra/405259561/.m2/commons-io/commons-io/2.0/commons-io-2.0.jar:/root/./workspace/wso2-ballerina/package-cassandra/405259561/.m2/org/ballerinalang/strip-bouncycastle/0.980.0/strip-bouncycastle-0.980.0.jar:/root/./workspace/wso2-ballerina/package-cassandra/405259561/.m2/org/bouncycastle/bcprov-jdk15on/1.59/bcprov-jdk15on-1.59.jar:/root/./workspace/wso2-ballerina/package-cassandra/405259561/.m2/org/bouncycastle/bcpkix-jdk15on/1.59/bcpkix-jdk15on-1.59.jar:/root/./workspace/wso2-ballerina/package-cassandra/405259561/.m2/org/ballerinalang/ballerina-cli-utils/0.980.0/ballerina-cli-utils-0.980.0.jar:/root/./workspace/wso2-ballerina/package-cassandra/405259561/.m2/org/wso2/carbon/org.wso2.carbon.core/5.1.0/org.wso2.carbon.core-5.1.0.jar:/root/./workspace/wso2-ballerina/package-cassandra/405259561/.m2/com/zaxxer/HikariCP/3.1.0/HikariCP-3.1.0.jar:/root/./workspace/wso2-ballerina/package-cassandra/405259561/.m2/org/wso2/transport/http/org.wso2.transport.http.netty/6.0.212/org.wso2.transport.http.netty-6.0.212.jar:/root/./workspace/wso2-ballerina/package-cassandra/405259561/.m2/org/wso2/eclipse/osgi/org.eclipse.osgi/3.10.2.v20150203-1939/org.eclipse.osgi-3.10.2.v20150203-1939.jar:/root/./workspace/wso2-ballerina/package-cassandra/405259561/.m2/org/wso2/eclipse/osgi/org.eclipse.osgi.services/3.4.0.v20140312-2051/org.eclipse.osgi.services-3.4.0.v20140312-2051.jar:/root/./workspace/wso2-ballerina/package-cassandra/405259561/.m2/io/netty/netty-handler-proxy/4.1.19.Final/netty-handler-proxy-4.1.19.Final.jar:/root/./workspace/wso2-ballerina/package-cassandra/405259561/.m2/io/netty/netty-codec-socks/4.1.19.Final/netty-codec-socks-4.1.19.Final.jar:/root/./workspace/wso2-ballerina/package-cassandra/405259561/.m2/io/netty/netty-codec-http2/4.1.19.Final/netty-codec-http2-4.1.19.Final.jar:/root/./workspace/wso2-ballerina/package-cassandra/405259561/.m2/commons-pool/wso2/commons-pool/1.5.6.wso2v1/commons-pool-1.5.6.wso2v1.jar:/root/./workspace/wso2-ballerina/package-cassandra/405259561/.m2/commons-pool/commons-pool/1.5.6/commons-pool-1.5.6.jar:/root/./workspace/wso2-ballerina/package-cassandra/405259561/.m2/org/wso2/orbit/org/yaml/snakeyaml/1.16.0.wso2v1/snakeyaml-1.16.0.wso2v1.jar:/root/./workspace/wso2-ballerina/package-cassandra/405259561/.m2/io/netty/netty-tcnative-boringssl-static/2.0.7.Final/netty-tcnative-boringssl-static-2.0.7.Final.jar:/root/./workspace/wso2-ballerina/package-cassandra/405259561/.m2/org/quartz-scheduler/quartz-jobs/2.3.0/quartz-jobs-2.3.0.jar:/root/./workspace/wso2-ballerina/package-cassandra/405259561/.m2/org/jvnet/mimepull/mimepull/1.9.7/mimepull-1.9.7.jar:/root/./workspace/wso2-ballerina/package-cassandra/405259561/.m2/com/h2database/h2/1.4.197/h2-1.4.197.jar:/root/./workspace/wso2-ballerina/package-cassandra/405259561/.m2/org/osgi/org.osgi.core/6.0.0/org.osgi.core-6.0.0.jar:/root/./workspace/wso2-ballerina/package-cassandra/405259561/.m2/org/ballerinalang/ballerina-jaeger-extension/0.980.0/ballerina-jaeger-extension-0.980.0.jar:/root/./workspace/wso2-ballerina/package-cassandra/405259561/.m2/com/uber/jaeger/jaeger-core/0.24.0/jaeger-core-0.24.0.jar:/root/./workspace/wso2-ballerina/package-cassandra/405259561/.m2/com/uber/jaeger/jaeger-thrift/0.24.0/jaeger-thrift-0.24.0.jar:/root/./workspace/wso2-ballerina/package-cassandra/405259561/.m2/com/squareup/okhttp3/okhttp/3.9.1/okhttp-3.9.1.jar:/root/./workspace/wso2-ballerina/package-cassandra/405259561/.m2/com/squareup/okio/okio/1.13.0/okio-1.13.0.jar:/root/./workspace/wso2-ballerina/package-cassandra/405259561/.m2/org/ballerinalang/ballerina-metrics-extension/0.980.0/ballerina-metrics-extension-0.980.0.jar:/root/./workspace/wso2-ballerina/package-cassandra/405259561/.m2/org/hdrhistogram/HdrHistogram/2.1.10/HdrHistogram-2.1.10.jar:/root/./workspace/wso2-ballerina/package-cassandra/405259561/.m2/org/ballerinalang/ballerina-prometheus-extension/0.980.0/ballerina-prometheus-extension-0.980.0.jar:/root/./workspace/wso2-ballerina/package-cassandra/405259561/.m2/org/wso2/transport/file/org.wso2.transport.local-file-system/6.0.53/org.wso2.transport.local-file-system-6.0.53.jar:/root/./workspace/wso2-ballerina/package-cassandra/405259561/.m2/org/ballerinalang/ballerina-builtin/0.980.0/ballerina-builtin-0.980.0.jar:/root/./workspace/wso2-ballerina/package-cassandra/405259561/.m2/org/ballerinalang/lib-creator/0.980.0/lib-creator-0.980.0.jar:/root/./workspace/wso2-ballerina/package-cassandra/405259561/.m2/org/ballerinalang/ballerina-sql/0.980.0/ballerina-sql-0.980.0.jar:/root/./workspace/wso2-ballerina/package-cassandra/405259561/.m2/org/ballerinalang/ballerina-time/0.980.0/ballerina-time-0.980.0.jar:/root/./workspace/wso2-ballerina/package-cassandra/405259561/.m2/org/ballerinalang/ballerina-logging/0.980.0/ballerina-logging-0.980.0.jar:/root/./workspace/wso2-ballerina/package-cassandra/405259561/.m2/org/ballerinalang/ballerina-log-api/0.980.0/ballerina-log-api-0.980.0.jar:/root/./workspace/wso2-ballerina/package-cassandra/405259561/.m2/org/ballerinax/docker/docker-extension/0.980.0/docker-extension-0.980.0.jar:/root/./workspace/wso2-ballerina/package-cassandra/405259561/.m2/org/ballerinax/kubernetes/kubernetes-extension/0.980.0/kubernetes-extension-0.980.0.jar:/root/./workspace/wso2-ballerina/package-cassandra/405259561/.m2/com/datastax/cassandra/cassandra-driver-core/3.4.0/cassandra-driver-core-3.4.0.jar:/root/./workspace/wso2-ballerina/package-cassandra/405259561/.m2/io/netty/netty-handler/4.0.47.Final/netty-handler-4.0.47.Final.jar:/root/./workspace/wso2-ballerina/package-cassandra/405259561/.m2/com/google/guava/guava/19.0/guava-19.0.jar:/root/./workspace/wso2-ballerina/package-cassandra/405259561/.m2/io/dropwizard/metrics/metrics-core/3.2.2/metrics-core-3.2.2.jar:/root/./workspace/wso2-ballerina/package-cassandra/405259561/.m2/com/github/jnr/jnr-ffi/2.0.7/jnr-ffi-2.0.7.jar:/root/./workspace/wso2-ballerina/package-cassandra/405259561/.m2/com/github/jnr/jffi/1.2.10/jffi-1.2.10.jar:/root/./workspace/wso2-ballerina/package-cassandra/405259561/.m2/com/github/jnr/jffi/1.2.10/jffi-1.2.10-native.jar:/root/./workspace/wso2-ballerina/package-cassandra/405259561/.m2/org/ow2/asm/asm/5.0.3/asm-5.0.3.jar:/root/./workspace/wso2-ballerina/package-cassandra/405259561/.m2/org/ow2/asm/asm-commons/5.0.3/asm-commons-5.0.3.jar:/root/./workspace/wso2-ballerina/package-cassandra/405259561/.m2/org/ow2/asm/asm-analysis/5.0.3/asm-analysis-5.0.3.jar:/root/./workspace/wso2-ballerina/package-cassandra/405259561/.m2/org/ow2/asm/asm-tree/5.0.3/asm-tree-5.0.3.jar:/root/./workspace/wso2-ballerina/package-cassandra/405259561/.m2/org/ow2/asm/asm-util/5.0.3/asm-util-5.0.3.jar:/root/./workspace/wso2-ballerina/package-cassandra/405259561/.m2/com/github/jnr/jnr-x86asm/1.0.2/jnr-x86asm-1.0.2.jar:/root/./workspace/wso2-ballerina/package-cassandra/405259561/.m2/com/github/jnr/jnr-posix/3.0.27/jnr-posix-3.0.27.jar:/root/./workspace/wso2-ballerina/package-cassandra/405259561/.m2/com/github/jnr/jnr-constants/0.9.0/jnr-constants-0.9.0.jar:/root/./workspace/wso2-ballerina/package-cassandra/405259561/.m2/org/ballerinalang/ballerina-launcher/0.980.0/ballerina-launcher-0.980.0.jar:/root/./workspace/wso2-ballerina/package-cassandra/405259561/.m2/com/beust/jcommander/1.60/jcommander-1.60.jar:/root/./workspace/wso2-ballerina/package-cassandra/405259561/.m2/org/testng/testng/6.13.1/testng-6.13.1.jar:/root/./workspace/wso2-ballerina/package-cassandra/405259561/.m2/org/cassandraunit/cassandra-unit/3.3.0.2/cassandra-unit-3.3.0.2.jar:/root/./workspace/wso2-ballerina/package-cassandra/405259561/.m2/junit/junit/4.12/junit-4.12.jar:/root/./workspace/wso2-ballerina/package-cassandra/405259561/.m2/org/apache/cassandra/cassandra-all/3.11.0/cassandra-all-3.11.0.jar:/root/./workspace/wso2-ballerina/package-cassandra/405259561/.m2/org/xerial/snappy/snappy-java/1.1.1.7/snappy-java-1.1.1.7.jar:/root/./workspace/wso2-ballerina/package-cassandra/405259561/.m2/net/jpountz/lz4/lz4/1.3.0/lz4-1.3.0.jar:/root/./workspace/wso2-ballerina/package-cassandra/405259561/.m2/com/ning/compress-lzf/0.8.4/compress-lzf-0.8.4.jar:/root/./workspace/wso2-ballerina/package-cassandra/405259561/.m2/commons-cli/commons-cli/1.1/commons-cli-1.1.jar:/root/./workspace/wso2-ballerina/package-cassandra/405259561/.m2/commons-codec/commons-codec/1.9/commons-codec-1.9.jar:/root/./workspace/wso2-ballerina/package-cassandra/405259561/.m2/org/apache/commons/commons-math3/3.2/commons-math3-3.2.jar:/root/./workspace/wso2-ballerina/package-cassandra/405259561/.m2/com/googlecode/concurrentlinkedhashmap/concurrentlinkedhashmap-lru/1.4/concurrentlinkedhashmap-lru-1.4.jar:/root/./workspace/wso2-ballerina/package-cassandra/405259561/.m2/org/antlr/antlr/3.5.2/antlr-3.5.2.jar:/root/./workspace/wso2-ballerina/package-cassandra/405259561/.m2/org/antlr/ST4/4.0.8/ST4-4.0.8.jar:/root/./workspace/wso2-ballerina/package-cassandra/405259561/.m2/org/antlr/antlr-runtime/3.5.2/antlr-runtime-3.5.2.jar:/root/./workspace/wso2-ballerina/package-cassandra/405259561/.m2/org/slf4j/jcl-over-slf4j/1.7.7/jcl-over-slf4j-1.7.7.jar:/root/./workspace/wso2-ballerina/package-cassandra/405259561/.m2/org/codehaus/jackson/jackson-core-asl/1.9.2/jackson-core-asl-1.9.2.jar:/root/./workspace/wso2-ballerina/package-cassandra/405259561/.m2/org/codehaus/jackson/jackson-mapper-asl/1.9.2/jackson-mapper-asl-1.9.2.jar:/root/./workspace/wso2-ballerina/package-cassandra/405259561/.m2/com/googlecode/json-simple/json-simple/1.1/json-simple-1.1.jar:/root/./workspace/wso2-ballerina/package-cassandra/405259561/.m2/com/boundary/high-scale-lib/1.0.6/high-scale-lib-1.0.6.jar:/root/./workspace/wso2-ballerina/package-cassandra/405259561/.m2/org/yaml/snakeyaml/1.11/snakeyaml-1.11.jar:/root/./workspace/wso2-ballerina/package-cassandra/405259561/.m2/org/mindrot/jbcrypt/0.3m/jbcrypt-0.3m.jar:/root/./workspace/wso2-ballerina/package-cassandra/405259561/.m2/io/dropwizard/metrics/metrics-jvm/3.1.0/metrics-jvm-3.1.0.jar:/root/./workspace/wso2-ballerina/package-cassandra/405259561/.m2/com/addthis/metrics/reporter-config3/3.0.3/reporter-config3-3.0.3.jar:/root/./workspace/wso2-ballerina/package-cassandra/405259561/.m2/com/addthis/metrics/reporter-config-base/3.0.3/reporter-config-base-3.0.3.jar:/root/./workspace/wso2-ballerina/package-cassandra/405259561/.m2/com/thinkaurelius/thrift/thrift-server/0.3.7/thrift-server-0.3.7.jar:/root/./workspace/wso2-ballerina/package-cassandra/405259561/.m2/com/lmax/disruptor/3.0.1/disruptor-3.0.1.jar:/root/./workspace/wso2-ballerina/package-cassandra/405259561/.m2/com/clearspring/analytics/stream/2.5.2/stream-2.5.2.jar:/root/./workspace/wso2-ballerina/package-cassandra/405259561/.m2/it/unimi/dsi/fastutil/6.5.7/fastutil-6.5.7.jar:/root/./workspace/wso2-ballerina/package-cassandra/405259561/.m2/ch/qos/logback/logback-core/1.1.3/logback-core-1.1.3.jar:/root/./workspace/wso2-ballerina/package-cassandra/405259561/.m2/ch/qos/logback/logback-classic/1.1.3/logback-classic-1.1.3.jar:/root/./workspace/wso2-ballerina/package-cassandra/405259561/.m2/org/apache/cassandra/cassandra-thrift/3.11.0/cassandra-thrift-3.11.0.jar:/root/./workspace/wso2-ballerina/package-cassandra/405259561/.m2/com/carrotsearch/hppc/0.5.4/hppc-0.5.4.jar:/root/./workspace/wso2-ballerina/package-cassandra/405259561/.m2/de/jflex/jflex/1.6.0/jflex-1.6.0.jar:/root/./workspace/wso2-ballerina/package-cassandra/405259561/.m2/org/apache/ant/ant/1.7.0/ant-1.7.0.jar:/root/./workspace/wso2-ballerina/package-cassandra/405259561/.m2/org/apache/ant/ant-launcher/1.7.0/ant-launcher-1.7.0.jar:/root/./workspace/wso2-ballerina/package-cassandra/405259561/.m2/com/github/rholder/snowball-stemmer/1.3.0.581.1/snowball-stemmer-1.3.0.581.1.jar:/root/./workspace/wso2-ballerina/package-cassandra/405259561/.m2/com/googlecode/concurrent-trees/concurrent-trees/2.4.0/concurrent-trees-2.4.0.jar:/root/./workspace/wso2-ballerina/package-cassandra/405259561/.m2/com/github/jbellis/jamm/0.3.0/jamm-0.3.0.jar:/root/./workspace/wso2-ballerina/package-cassandra/405259561/.m2/joda-time/joda-time/2.4/joda-time-2.4.jar:/root/./workspace/wso2-ballerina/package-cassandra/405259561/.m2/org/fusesource/sigar/1.6.4/sigar-1.6.4.jar:/root/./workspace/wso2-ballerina/package-cassandra/405259561/.m2/org/eclipse/jdt/core/compiler/ecj/4.4.2/ecj-4.4.2.jar:/root/./workspace/wso2-ballerina/package-cassandra/405259561/.m2/org/caffinitas/ohc/ohc-core/0.4.4/ohc-core-0.4.4.jar:/root/./workspace/wso2-ballerina/package-cassandra/405259561/.m2/com/github/ben-manes/caffeine/caffeine/2.2.6/caffeine-2.2.6.jar:/root/./workspace/wso2-ballerina/package-cassandra/405259561/.m2/org/jctools/jctools-core/1.2.1/jctools-core-1.2.1.jar:/root/./workspace/wso2-ballerina/package-cassandra/405259561/.m2/org/apache/thrift/libthrift/0.9.2/libthrift-0.9.2.jar:/root/./workspace/wso2-ballerina/package-cassandra/405259561/.m2/org/apache/httpcomponents/httpclient/4.2.5/httpclient-4.2.5.jar:/root/./workspace/wso2-ballerina/package-cassandra/405259561/.m2/org/apache/httpcomponents/httpcore/4.2.4/httpcore-4.2.4.jar:/root/./workspace/wso2-ballerina/package-cassandra/405259561/.m2/net/java/dev/jna/jna/4.1.0/jna-4.1.0.jar:/root/./workspace/wso2-ballerina/package-cassandra/405259561/.m2/org/hamcrest/hamcrest-core/1.3/hamcrest-core-1.3.jar:/root/./workspace/wso2-ballerina/package-cassandra/405259561/.m2/org/hamcrest/hamcrest-library/1.3/hamcrest-library-1.3.jar:/root/./workspace/wso2-ballerina/package-cassandra/405259561/.m2/com/google/code/findbugs/annotations/3.0.1/annotations-3.0.1.jar:/root/./workspace/wso2-ballerina/package-cassandra/405259561/.m2/net/jcip/jcip-annotations/1.0/jcip-annotations-1.0.jar:/root/./workspace/wso2-ballerina/package-cassandra/405259561/.m2/com/google/code/findbugs/jsr305/3.0.1/jsr305-3.0.1.jar:/root/./workspace/wso2-ballerina/package-cassandra/405259561/.m2/org/slf4j/slf4j-log4j12/1.7.25/slf4j-log4j12-1.7.25.jar:/root/./workspace/wso2-ballerina/package-cassandra/405259561/.m2/log4j/log4j/1.2.17/log4j-1.2.17.jar:/root/./workspace/wso2-ballerina/package-cassandra/405259561/.m2/org/apache/maven/surefire/surefire-testng-utils/2.20.1/surefire-testng-utils-2.20.1.jar:/root/./workspace/wso2-ballerina/package-cassandra/405259561/.m2/org/apache/maven/surefire/surefire-grouper/2.20.1/surefire-grouper-2.20.1.jar:
11:24:26.886 [pool-2-thread-1] INFO  o.a.c.service.CassandraDaemon - JVM Arguments: [-javaagent:/root/./workspace/wso2-ballerina/package-cassandra/405259561/.m2/org/jacoco/org.jacoco.agent/0.8.0/org.jacoco.agent-0.8.0-runtime.jar=destfile=/root/workspace/wso2-ballerina/package-cassandra/405259561/component/target/coverage-reports/jacoco-unit.exec, -Dlog4j.configuration=src/test/resources/log4j-surefire.properties]
11:24:26.887 [pool-2-thread-1] WARN  o.a.cassandra.utils.NativeLibrary - Unable to lock JVM memory (ENOMEM). This can result in part of the JVM being swapped out, especially with mmapped I/O enabled. Increase RLIMIT_MEMLOCK or run Cassandra as root.
11:24:26.887 [pool-2-thread-1] WARN  o.a.cassandra.service.StartupChecks - jemalloc shared library could not be preloaded to speed up memory allocations
11:24:26.888 [pool-2-thread-1] WARN  o.a.cassandra.service.StartupChecks - JMX is not enabled to receive remote connections. Please see cassandra-env.sh for more info.
11:24:26.888 [pool-2-thread-1] ERROR o.a.cassandra.service.StartupChecks - cassandra.jmx.local.port missing from cassandra-env.sh, unable to start local JMX service.
11:24:26.888 [pool-2-thread-1] WARN  o.a.cassandra.service.StartupChecks - OpenJDK is not recommended. Please upgrade to the newest Oracle Java release
11:24:26.950 [pool-2-thread-1] INFO  o.a.cassandra.utils.SigarLibrary - Initializing SIGAR library
3 [pool-2-thread-1] DEBUG Sigar  - no libsigar-amd64-linux.so in java.library.path
org.hyperic.sigar.SigarException: no libsigar-amd64-linux.so in java.library.path
	at org.hyperic.sigar.Sigar.loadLibrary(Sigar.java:172)
	at org.hyperic.sigar.Sigar.<clinit>(Sigar.java:100)
	at org.apache.cassandra.utils.SigarLibrary.<init>(SigarLibrary.java:47)
	at org.apache.cassandra.utils.SigarLibrary.<clinit>(SigarLibrary.java:28)
	at org.apache.cassandra.service.StartupChecks$7.execute(StartupChecks.java:220)
	at org.apache.cassandra.service.StartupChecks.verify(StartupChecks.java:116)
	at org.apache.cassandra.service.CassandraDaemon.setup(CassandraDaemon.java:200)
	at org.apache.cassandra.service.CassandraDaemon.activate(CassandraDaemon.java:600)
	at org.cassandraunit.utils.EmbeddedCassandraServerHelper.lambda$startEmbeddedCassandra$1(EmbeddedCassandraServerHelper.java:144)
	at java.util.concurrent.ThreadPoolExecutor.runWorker(ThreadPoolExecutor.java:1142)
	at java.util.concurrent.ThreadPoolExecutor$Worker.run(ThreadPoolExecutor.java:617)
	at java.lang.Thread.run(Thread.java:745)
11:24:28.081 [pool-2-thread-1] INFO  o.a.cassandra.utils.SigarLibrary - Could not initialize SIGAR library org.hyperic.sigar.Sigar.getFileSystemListNative()[Lorg/hyperic/sigar/FileSystem; 
11:24:28.081 [pool-2-thread-1] INFO  o.a.cassandra.utils.SigarLibrary - Sigar could not be initialized, test for checking degraded mode omitted.
11:24:28.083 [pool-2-thread-1] WARN  o.a.cassandra.service.StartupChecks - Maximum number of memory map areas per process (vm.max_map_count) 65530 is too low, recommended value: 1048575, you can change it with sysctl.
11:24:28.292 [pool-2-thread-1] DEBUG o.a.cassandra.service.StartupChecks - Checking directory target/embeddedCassandra/data
11:24:28.412 [pool-2-thread-1] DEBUG o.a.cassandra.service.StartupChecks - Checking directory target/embeddedCassandra/commitlog
11:24:28.413 [pool-2-thread-1] DEBUG o.a.cassandra.service.StartupChecks - Checking directory target/embeddedCassandra/saved_caches
11:24:28.414 [pool-2-thread-1] DEBUG o.a.cassandra.service.StartupChecks - Checking directory /root/workspace/wso2-ballerina/package-cassandra/405259561/component/target/embeddedCassandra/hints
11:24:30.772 [pool-2-thread-1] INFO  o.a.cassandra.cql3.QueryProcessor - Initialized prepared statement caches with 13 MB (native) and 13 MB (Thrift)
11:24:35.313 [pool-2-thread-1] DEBUG io.netty.util.Recycler - -Dio.netty.recycler.maxCapacityPerThread: 32768
11:24:35.314 [pool-2-thread-1] DEBUG io.netty.util.Recycler - -Dio.netty.recycler.maxSharedCapacityFactor: 2
11:24:35.314 [pool-2-thread-1] DEBUG io.netty.util.Recycler - -Dio.netty.recycler.linkCapacity: 16
11:24:35.315 [pool-2-thread-1] DEBUG io.netty.util.Recycler - -Dio.netty.recycler.ratio: 8
11:24:36.573 [pool-2-thread-1] DEBUG org.apache.cassandra.config.Schema - Adding org.apache.cassandra.config.CFMetaData@5b0f81e8[cfId=abac5682-dea6-31c5-b535-b3d6cffd0fb6,ksName=system_schema,cfName=keyspaces,flags=[COMPOUND],params=TableParams{comment=keyspace definitions, read_repair_chance=0.0, dclocal_read_repair_chance=0.0, bloom_filter_fp_chance=0.01, crc_check_chance=1.0, gc_grace_seconds=604800, default_time_to_live=0, memtable_flush_period_in_ms=3600000, min_index_interval=128, max_index_interval=2048, speculative_retry=99PERCENTILE, caching={'keys' : 'ALL', 'rows_per_partition' : 'NONE'}, compaction=CompactionParams{class=org.apache.cassandra.db.compaction.SizeTieredCompactionStrategy, options={min_threshold=4, max_threshold=32}}, compression=org.apache.cassandra.schema.CompressionParams@c747ec79, extensions={}, cdc=false},comparator=comparator(),partitionColumns=[[] | [durable_writes replication]],partitionKeyColumns=[keyspace_name],clusteringColumns=[],keyValidator=org.apache.cassandra.db.marshal.UTF8Type,columnMetadata=[durable_writes, replication, keyspace_name],droppedColumns={},triggers=[],indexes=[]] to cfIdMap
11:24:36.769 [pool-2-thread-1] DEBUG org.apache.cassandra.config.Schema - Adding org.apache.cassandra.config.CFMetaData@153dfb2e[cfId=afddfb9d-bc1e-3068-8056-eed6c302ba09,ksName=system_schema,cfName=tables,flags=[COMPOUND],params=TableParams{comment=table definitions, read_repair_chance=0.0, dclocal_read_repair_chance=0.0, bloom_filter_fp_chance=0.01, crc_check_chance=1.0, gc_grace_seconds=604800, default_time_to_live=0, memtable_flush_period_in_ms=3600000, min_index_interval=128, max_index_interval=2048, speculative_retry=99PERCENTILE, caching={'keys' : 'ALL', 'rows_per_partition' : 'NONE'}, compaction=CompactionParams{class=org.apache.cassandra.db.compaction.SizeTieredCompactionStrategy, options={min_threshold=4, max_threshold=32}}, compression=org.apache.cassandra.schema.CompressionParams@c747ec79, extensions={}, cdc=false},comparator=comparator(org.apache.cassandra.db.marshal.UTF8Type),partitionColumns=[[] | [bloom_filter_fp_chance caching cdc comment compaction compression crc_check_chance dclocal_read_repair_chance default_time_to_live extensions flags gc_grace_seconds id max_index_interval memtable_flush_period_in_ms min_index_interval read_repair_chance speculative_retry]],partitionKeyColumns=[keyspace_name],clusteringColumns=[table_name],keyValidator=org.apache.cassandra.db.marshal.UTF8Type,columnMetadata=[cdc, dclocal_read_repair_chance, gc_grace_seconds, speculative_retry, id, memtable_flush_period_in_ms, default_time_to_live, min_index_interval, bloom_filter_fp_chance, compression, caching, crc_check_chance, compaction, comment, keyspace_name, read_repair_chance, table_name, extensions, max_index_interval, flags],droppedColumns={},triggers=[],indexes=[]] to cfIdMap
11:24:36.772 [pool-2-thread-1] DEBUG org.apache.cassandra.config.Schema - Adding org.apache.cassandra.config.CFMetaData@453e7001[cfId=24101c25-a2ae-3af7-87c1-b40ee1aca33f,ksName=system_schema,cfName=columns,flags=[COMPOUND],params=TableParams{comment=column definitions, read_repair_chance=0.0, dclocal_read_repair_chance=0.0, bloom_filter_fp_chance=0.01, crc_check_chance=1.0, gc_grace_seconds=604800, default_time_to_live=0, memtable_flush_period_in_ms=3600000, min_index_interval=128, max_index_interval=2048, speculative_retry=99PERCENTILE, caching={'keys' : 'ALL', 'rows_per_partition' : 'NONE'}, compaction=CompactionParams{class=org.apache.cassandra.db.compaction.SizeTieredCompactionStrategy, options={min_threshold=4, max_threshold=32}}, compression=org.apache.cassandra.schema.CompressionParams@c747ec79, extensions={}, cdc=false},comparator=comparator(org.apache.cassandra.db.marshal.UTF8Type, org.apache.cassandra.db.marshal.UTF8Type),partitionColumns=[[] | [clustering_order column_name_bytes kind position type]],partitionKeyColumns=[keyspace_name],clusteringColumns=[table_name, column_name],keyValidator=org.apache.cassandra.db.marshal.UTF8Type,columnMetadata=[kind, clustering_order, column_name_bytes, position, keyspace_name, table_name, type, column_name],droppedColumns={},triggers=[],indexes=[]] to cfIdMap
11:24:36.775 [pool-2-thread-1] DEBUG org.apache.cassandra.config.Schema - Adding org.apache.cassandra.config.CFMetaData@2e66c24e[cfId=4df70b66-6b05-3251-95a1-32b54005fd48,ksName=system_schema,cfName=triggers,flags=[COMPOUND],params=TableParams{comment=trigger definitions, read_repair_chance=0.0, dclocal_read_repair_chance=0.0, bloom_filter_fp_chance=0.01, crc_check_chance=1.0, gc_grace_seconds=604800, default_time_to_live=0, memtable_flush_period_in_ms=3600000, min_index_interval=128, max_index_interval=2048, speculative_retry=99PERCENTILE, caching={'keys' : 'ALL', 'rows_per_partition' : 'NONE'}, compaction=CompactionParams{class=org.apache.cassandra.db.compaction.SizeTieredCompactionStrategy, options={min_threshold=4, max_threshold=32}}, compression=org.apache.cassandra.schema.CompressionParams@c747ec79, extensions={}, cdc=false},comparator=comparator(org.apache.cassandra.db.marshal.UTF8Type, org.apache.cassandra.db.marshal.UTF8Type),partitionColumns=[[] | [options]],partitionKeyColumns=[keyspace_name],clusteringColumns=[table_name, trigger_name],keyValidator=org.apache.cassandra.db.marshal.UTF8Type,columnMetadata=[table_name, options, keyspace_name, trigger_name],droppedColumns={},triggers=[],indexes=[]] to cfIdMap
11:24:36.778 [pool-2-thread-1] DEBUG org.apache.cassandra.config.Schema - Adding org.apache.cassandra.config.CFMetaData@6b0f4c42[cfId=5e7583b5-f3f4-3af1-9a39-b7e1d6f5f11f,ksName=system_schema,cfName=dropped_columns,flags=[COMPOUND],params=TableParams{comment=dropped column registry, read_repair_chance=0.0, dclocal_read_repair_chance=0.0, bloom_filter_fp_chance=0.01, crc_check_chance=1.0, gc_grace_seconds=604800, default_time_to_live=0, memtable_flush_period_in_ms=3600000, min_index_interval=128, max_index_interval=2048, speculative_retry=99PERCENTILE, caching={'keys' : 'ALL', 'rows_per_partition' : 'NONE'}, compaction=CompactionParams{class=org.apache.cassandra.db.compaction.SizeTieredCompactionStrategy, options={min_threshold=4, max_threshold=32}}, compression=org.apache.cassandra.schema.CompressionParams@c747ec79, extensions={}, cdc=false},comparator=comparator(org.apache.cassandra.db.marshal.UTF8Type, org.apache.cassandra.db.marshal.UTF8Type),partitionColumns=[[] | [dropped_time type]],partitionKeyColumns=[keyspace_name],clusteringColumns=[table_name, column_name],keyValidator=org.apache.cassandra.db.marshal.UTF8Type,columnMetadata=[table_name, type, keyspace_name, column_name, dropped_time],droppedColumns={},triggers=[],indexes=[]] to cfIdMap
11:24:36.780 [pool-2-thread-1] DEBUG org.apache.cassandra.config.Schema - Adding org.apache.cassandra.config.CFMetaData@159498aa[cfId=9786ac1c-dd58-3201-a7cd-ad556410c985,ksName=system_schema,cfName=views,flags=[COMPOUND],params=TableParams{comment=view definitions, read_repair_chance=0.0, dclocal_read_repair_chance=0.0, bloom_filter_fp_chance=0.01, crc_check_chance=1.0, gc_grace_seconds=604800, default_time_to_live=0, memtable_flush_period_in_ms=3600000, min_index_interval=128, max_index_interval=2048, speculative_retry=99PERCENTILE, caching={'keys' : 'ALL', 'rows_per_partition' : 'NONE'}, compaction=CompactionParams{class=org.apache.cassandra.db.compaction.SizeTieredCompactionStrategy, options={min_threshold=4, max_threshold=32}}, compression=org.apache.cassandra.schema.CompressionParams@c747ec79, extensions={}, cdc=false},comparator=comparator(org.apache.cassandra.db.marshal.UTF8Type),partitionColumns=[[] | [base_table_id base_table_name bloom_filter_fp_chance caching cdc comment compaction compression crc_check_chance dclocal_read_repair_chance default_time_to_live extensions gc_grace_seconds id include_all_columns max_index_interval memtable_flush_period_in_ms min_index_interval read_repair_chance speculative_retry where_clause]],partitionKeyColumns=[keyspace_name],clusteringColumns=[view_name],keyValidator=org.apache.cassandra.db.marshal.UTF8Type,columnMetadata=[cdc, dclocal_read_repair_chance, gc_grace_seconds, speculative_retry, base_table_name, id, memtable_flush_period_in_ms, default_time_to_live, where_clause, min_index_interval, view_name, bloom_filter_fp_chance, compression, caching, crc_check_chance, compaction, base_table_id, comment, keyspace_name, read_repair_chance, include_all_columns, extensions, max_index_interval],droppedColumns={},triggers=[],indexes=[]] to cfIdMap
11:24:36.785 [pool-2-thread-1] DEBUG org.apache.cassandra.config.Schema - Adding org.apache.cassandra.config.CFMetaData@7d2a2ab4[cfId=5a8b1ca8-6602-3f77-a045-9273d308917a,ksName=system_schema,cfName=types,flags=[COMPOUND],params=TableParams{comment=user defined type definitions, read_repair_chance=0.0, dclocal_read_repair_chance=0.0, bloom_filter_fp_chance=0.01, crc_check_chance=1.0, gc_grace_seconds=604800, default_time_to_live=0, memtable_flush_period_in_ms=3600000, min_index_interval=128, max_index_interval=2048, speculative_retry=99PERCENTILE, caching={'keys' : 'ALL', 'rows_per_partition' : 'NONE'}, compaction=CompactionParams{class=org.apache.cassandra.db.compaction.SizeTieredCompactionStrategy, options={min_threshold=4, max_threshold=32}}, compression=org.apache.cassandra.schema.CompressionParams@c747ec79, extensions={}, cdc=false},comparator=comparator(org.apache.cassandra.db.marshal.UTF8Type),partitionColumns=[[] | [field_names field_types]],partitionKeyColumns=[keyspace_name],clusteringColumns=[type_name],keyValidator=org.apache.cassandra.db.marshal.UTF8Type,columnMetadata=[field_names, type_name, field_types, keyspace_name],droppedColumns={},triggers=[],indexes=[]] to cfIdMap
11:24:36.787 [pool-2-thread-1] DEBUG org.apache.cassandra.config.Schema - Adding org.apache.cassandra.config.CFMetaData@6e550bdc[cfId=96489b79-80be-3e14-a701-66a0b9159450,ksName=system_schema,cfName=functions,flags=[COMPOUND],params=TableParams{comment=user defined function definitions, read_repair_chance=0.0, dclocal_read_repair_chance=0.0, bloom_filter_fp_chance=0.01, crc_check_chance=1.0, gc_grace_seconds=604800, default_time_to_live=0, memtable_flush_period_in_ms=3600000, min_index_interval=128, max_index_interval=2048, speculative_retry=99PERCENTILE, caching={'keys' : 'ALL', 'rows_per_partition' : 'NONE'}, compaction=CompactionParams{class=org.apache.cassandra.db.compaction.SizeTieredCompactionStrategy, options={min_threshold=4, max_threshold=32}}, compression=org.apache.cassandra.schema.CompressionParams@c747ec79, extensions={}, cdc=false},comparator=comparator(org.apache.cassandra.db.marshal.UTF8Type, org.apache.cassandra.db.marshal.FrozenType(org.apache.cassandra.db.marshal.ListType(org.apache.cassandra.db.marshal.UTF8Type))),partitionColumns=[[] | [argument_names body called_on_null_input language return_type]],partitionKeyColumns=[keyspace_name],clusteringColumns=[function_name, argument_types],keyValidator=org.apache.cassandra.db.marshal.UTF8Type,columnMetadata=[function_name, keyspace_name, argument_names, return_type, body, argument_types, called_on_null_input, language],droppedColumns={},triggers=[],indexes=[]] to cfIdMap
11:24:36.798 [pool-2-thread-1] DEBUG org.apache.cassandra.config.Schema - Adding org.apache.cassandra.config.CFMetaData@1f1e33eb[cfId=924c5587-2e3a-345b-b10c-12f37c1ba895,ksName=system_schema,cfName=aggregates,flags=[COMPOUND],params=TableParams{comment=user defined aggregate definitions, read_repair_chance=0.0, dclocal_read_repair_chance=0.0, bloom_filter_fp_chance=0.01, crc_check_chance=1.0, gc_grace_seconds=604800, default_time_to_live=0, memtable_flush_period_in_ms=3600000, min_index_interval=128, max_index_interval=2048, speculative_retry=99PERCENTILE, caching={'keys' : 'ALL', 'rows_per_partition' : 'NONE'}, compaction=CompactionParams{class=org.apache.cassandra.db.compaction.SizeTieredCompactionStrategy, options={min_threshold=4, max_threshold=32}}, compression=org.apache.cassandra.schema.CompressionParams@c747ec79, extensions={}, cdc=false},comparator=comparator(org.apache.cassandra.db.marshal.UTF8Type, org.apache.cassandra.db.marshal.FrozenType(org.apache.cassandra.db.marshal.ListType(org.apache.cassandra.db.marshal.UTF8Type))),partitionColumns=[[] | [final_func initcond return_type state_func state_type]],partitionKeyColumns=[keyspace_name],clusteringColumns=[aggregate_name, argument_types],keyValidator=org.apache.cassandra.db.marshal.UTF8Type,columnMetadata=[final_func, aggregate_name, initcond, state_func, keyspace_name, return_type, state_type, argument_types],droppedColumns={},triggers=[],indexes=[]] to cfIdMap
11:24:36.802 [pool-2-thread-1] DEBUG org.apache.cassandra.config.Schema - Adding org.apache.cassandra.config.CFMetaData@3e4931f2[cfId=0feb57ac-311f-382f-ba6d-9024d305702f,ksName=system_schema,cfName=indexes,flags=[COMPOUND],params=TableParams{comment=secondary index definitions, read_repair_chance=0.0, dclocal_read_repair_chance=0.0, bloom_filter_fp_chance=0.01, crc_check_chance=1.0, gc_grace_seconds=604800, default_time_to_live=0, memtable_flush_period_in_ms=3600000, min_index_interval=128, max_index_interval=2048, speculative_retry=99PERCENTILE, caching={'keys' : 'ALL', 'rows_per_partition' : 'NONE'}, compaction=CompactionParams{class=org.apache.cassandra.db.compaction.SizeTieredCompactionStrategy, options={min_threshold=4, max_threshold=32}}, compression=org.apache.cassandra.schema.CompressionParams@c747ec79, extensions={}, cdc=false},comparator=comparator(org.apache.cassandra.db.marshal.UTF8Type, org.apache.cassandra.db.marshal.UTF8Type),partitionColumns=[[] | [kind options]],partitionKeyColumns=[keyspace_name],clusteringColumns=[table_name, index_name],keyValidator=org.apache.cassandra.db.marshal.UTF8Type,columnMetadata=[kind, table_name, options, keyspace_name, index_name],droppedColumns={},triggers=[],indexes=[]] to cfIdMap
11:24:37.676 [pool-2-thread-1] DEBUG org.apache.cassandra.config.Schema - Adding org.apache.cassandra.config.CFMetaData@444e6242[cfId=9f5c6374-d485-3229-9a0a-5094af9ad1e3,ksName=system,cfName=IndexInfo,flags=[DENSE],params=TableParams{comment=built column indexes, read_repair_chance=0.0, dclocal_read_repair_chance=0.0, bloom_filter_fp_chance=0.01, crc_check_chance=1.0, gc_grace_seconds=0, default_time_to_live=0, memtable_flush_period_in_ms=3600000, min_index_interval=128, max_index_interval=2048, speculative_retry=99PERCENTILE, caching={'keys' : 'ALL', 'rows_per_partition' : 'NONE'}, compaction=CompactionParams{class=org.apache.cassandra.db.compaction.SizeTieredCompactionStrategy, options={min_threshold=4, max_threshold=32}}, compression=org.apache.cassandra.schema.CompressionParams@c747ec79, extensions={}, cdc=false},comparator=comparator(org.apache.cassandra.db.marshal.UTF8Type),partitionColumns=[[] | [value]],partitionKeyColumns=[table_name],clusteringColumns=[index_name],keyValidator=org.apache.cassandra.db.marshal.UTF8Type,columnMetadata=[table_name, value, index_name],droppedColumns={},triggers=[],indexes=[]] to cfIdMap
11:24:37.679 [pool-2-thread-1] DEBUG org.apache.cassandra.config.Schema - Adding org.apache.cassandra.config.CFMetaData@6ad75990[cfId=919a4bc5-7a33-3573-b03e-13fc3f68b465,ksName=system,cfName=batches,flags=[COMPOUND],params=TableParams{comment=batches awaiting replay, read_repair_chance=0.0, dclocal_read_repair_chance=0.0, bloom_filter_fp_chance=0.01, crc_check_chance=1.0, gc_grace_seconds=0, default_time_to_live=0, memtable_flush_period_in_ms=3600000, min_index_interval=128, max_index_interval=2048, speculative_retry=99PERCENTILE, caching={'keys' : 'ALL', 'rows_per_partition' : 'NONE'}, compaction=CompactionParams{class=org.apache.cassandra.db.compaction.SizeTieredCompactionStrategy, options={min_threshold=2, max_threshold=32}}, compression=org.apache.cassandra.schema.CompressionParams@c747ec79, extensions={}, cdc=false},comparator=comparator(),partitionColumns=[[] | [version mutations]],partitionKeyColumns=[id],clusteringColumns=[],keyValidator=org.apache.cassandra.db.marshal.TimeUUIDType,columnMetadata=[mutations, version, id],droppedColumns={},triggers=[],indexes=[]] to cfIdMap
11:24:37.682 [pool-2-thread-1] DEBUG org.apache.cassandra.config.Schema - Adding org.apache.cassandra.config.CFMetaData@3d8113e5[cfId=b7b7f0c2-fd0a-3410-8c05-3ef614bb7c2d,ksName=system,cfName=paxos,flags=[COMPOUND],params=TableParams{comment=in-progress paxos proposals, read_repair_chance=0.0, dclocal_read_repair_chance=0.0, bloom_filter_fp_chance=0.01, crc_check_chance=1.0, gc_grace_seconds=0, default_time_to_live=0, memtable_flush_period_in_ms=3600000, min_index_interval=128, max_index_interval=2048, speculative_retry=99PERCENTILE, caching={'keys' : 'ALL', 'rows_per_partition' : 'NONE'}, compaction=CompactionParams{class=org.apache.cassandra.db.compaction.LeveledCompactionStrategy, options={}}, compression=org.apache.cassandra.schema.CompressionParams@c747ec79, extensions={}, cdc=false},comparator=comparator(org.apache.cassandra.db.marshal.UUIDType),partitionColumns=[[] | [in_progress_ballot most_recent_commit most_recent_commit_at most_recent_commit_version proposal proposal_ballot proposal_version]],partitionKeyColumns=[row_key],clusteringColumns=[cf_id],keyValidator=org.apache.cassandra.db.marshal.BytesType,columnMetadata=[cf_id, most_recent_commit_version, proposal, row_key, proposal_ballot, most_recent_commit_at, proposal_version, in_progress_ballot, most_recent_commit],droppedColumns={},triggers=[],indexes=[]] to cfIdMap
11:24:37.684 [pool-2-thread-1] DEBUG org.apache.cassandra.config.Schema - Adding org.apache.cassandra.config.CFMetaData@69ddc1f5[cfId=7ad54392-bcdd-35a6-8417-4e047860b377,ksName=system,cfName=local,flags=[COMPOUND],params=TableParams{comment=information about the local node, read_repair_chance=0.0, dclocal_read_repair_chance=0.0, bloom_filter_fp_chance=0.01, crc_check_chance=1.0, gc_grace_seconds=0, default_time_to_live=0, memtable_flush_period_in_ms=3600000, min_index_interval=128, max_index_interval=2048, speculative_retry=99PERCENTILE, caching={'keys' : 'ALL', 'rows_per_partition' : 'NONE'}, compaction=CompactionParams{class=org.apache.cassandra.db.compaction.SizeTieredCompactionStrategy, options={min_threshold=4, max_threshold=32}}, compression=org.apache.cassandra.schema.CompressionParams@c747ec79, extensions={}, cdc=false},comparator=comparator(),partitionColumns=[[] | [bootstrapped broadcast_address cluster_name cql_version data_center gossip_generation host_id listen_address native_protocol_version partitioner rack release_version rpc_address schema_version thrift_version tokens truncated_at]],partitionKeyColumns=[key],clusteringColumns=[],keyValidator=org.apache.cassandra.db.marshal.UTF8Type,columnMetadata=[cql_version, tokens, bootstrapped, broadcast_address, listen_address, rack, release_version, cluster_name, native_protocol_version, thrift_version, rpc_address, truncated_at, schema_version, key, gossip_generation, data_center, partitioner, host_id],droppedColumns={},triggers=[],indexes=[]] to cfIdMap
11:24:37.687 [pool-2-thread-1] DEBUG org.apache.cassandra.config.Schema - Adding org.apache.cassandra.config.CFMetaData@67b840b0[cfId=37f71aca-7dc2-383b-a706-72528af04d4f,ksName=system,cfName=peers,flags=[COMPOUND],params=TableParams{comment=information about known peers in the cluster, read_repair_chance=0.0, dclocal_read_repair_chance=0.0, bloom_filter_fp_chance=0.01, crc_check_chance=1.0, gc_grace_seconds=0, default_time_to_live=0, memtable_flush_period_in_ms=3600000, min_index_interval=128, max_index_interval=2048, speculative_retry=99PERCENTILE, caching={'keys' : 'ALL', 'rows_per_partition' : 'NONE'}, compaction=CompactionParams{class=org.apache.cassandra.db.compaction.SizeTieredCompactionStrategy, options={min_threshold=4, max_threshold=32}}, compression=org.apache.cassandra.schema.CompressionParams@c747ec79, extensions={}, cdc=false},comparator=comparator(),partitionColumns=[[] | [data_center host_id preferred_ip rack release_version rpc_address schema_version tokens]],partitionKeyColumns=[peer],clusteringColumns=[],keyValidator=org.apache.cassandra.db.marshal.InetAddressType,columnMetadata=[rpc_address, schema_version, preferred_ip, tokens, rack, release_version, peer, data_center, host_id],droppedColumns={},triggers=[],indexes=[]] to cfIdMap
11:24:37.689 [pool-2-thread-1] DEBUG org.apache.cassandra.config.Schema - Adding org.apache.cassandra.config.CFMetaData@1d17c011[cfId=59dfeaea-8db2-3341-91ef-109974d81484,ksName=system,cfName=peer_events,flags=[COMPOUND],params=TableParams{comment=events related to peers, read_repair_chance=0.0, dclocal_read_repair_chance=0.0, bloom_filter_fp_chance=0.01, crc_check_chance=1.0, gc_grace_seconds=0, default_time_to_live=0, memtable_flush_period_in_ms=3600000, min_index_interval=128, max_index_interval=2048, speculative_retry=99PERCENTILE, caching={'keys' : 'ALL', 'rows_per_partition' : 'NONE'}, compaction=CompactionParams{class=org.apache.cassandra.db.compaction.SizeTieredCompactionStrategy, options={min_threshold=4, max_threshold=32}}, compression=org.apache.cassandra.schema.CompressionParams@c747ec79, extensions={}, cdc=false},comparator=comparator(),partitionColumns=[[] | [hints_dropped]],partitionKeyColumns=[peer],clusteringColumns=[],keyValidator=org.apache.cassandra.db.marshal.InetAddressType,columnMetadata=[peer, hints_dropped],droppedColumns={},triggers=[],indexes=[]] to cfIdMap
11:24:37.691 [pool-2-thread-1] DEBUG org.apache.cassandra.config.Schema - Adding org.apache.cassandra.config.CFMetaData@749ecc5f[cfId=55d76438-4e55-3f8b-9f6e-676d4af3976d,ksName=system,cfName=range_xfers,flags=[COMPOUND],params=TableParams{comment=ranges requested for transfer, read_repair_chance=0.0, dclocal_read_repair_chance=0.0, bloom_filter_fp_chance=0.01, crc_check_chance=1.0, gc_grace_seconds=0, default_time_to_live=0, memtable_flush_period_in_ms=3600000, min_index_interval=128, max_index_interval=2048, speculative_retry=99PERCENTILE, caching={'keys' : 'ALL', 'rows_per_partition' : 'NONE'}, compaction=CompactionParams{class=org.apache.cassandra.db.compaction.SizeTieredCompactionStrategy, options={min_threshold=4, max_threshold=32}}, compression=org.apache.cassandra.schema.CompressionParams@c747ec79, extensions={}, cdc=false},comparator=comparator(),partitionColumns=[[] | [requested_at]],partitionKeyColumns=[token_bytes],clusteringColumns=[],keyValidator=org.apache.cassandra.db.marshal.BytesType,columnMetadata=[token_bytes, requested_at],droppedColumns={},triggers=[],indexes=[]] to cfIdMap
11:24:37.693 [pool-2-thread-1] DEBUG org.apache.cassandra.config.Schema - Adding org.apache.cassandra.config.CFMetaData@7428349e[cfId=b4dbb7b4-dc49-3fb5-b3bf-ce6e434832ca,ksName=system,cfName=compaction_history,flags=[COMPOUND],params=TableParams{comment=week-long compaction history, read_repair_chance=0.0, dclocal_read_repair_chance=0.0, bloom_filter_fp_chance=0.01, crc_check_chance=1.0, gc_grace_seconds=0, default_time_to_live=604800, memtable_flush_period_in_ms=3600000, min_index_interval=128, max_index_interval=2048, speculative_retry=99PERCENTILE, caching={'keys' : 'ALL', 'rows_per_partition' : 'NONE'}, compaction=CompactionParams{class=org.apache.cassandra.db.compaction.SizeTieredCompactionStrategy, options={min_threshold=4, max_threshold=32}}, compression=org.apache.cassandra.schema.CompressionParams@c747ec79, extensions={}, cdc=false},comparator=comparator(),partitionColumns=[[] | [bytes_in bytes_out columnfamily_name compacted_at keyspace_name rows_merged]],partitionKeyColumns=[id],clusteringColumns=[],keyValidator=org.apache.cassandra.db.marshal.UUIDType,columnMetadata=[bytes_out, id, keyspace_name, rows_merged, compacted_at, bytes_in, columnfamily_name],droppedColumns={},triggers=[],indexes=[]] to cfIdMap
11:24:37.695 [pool-2-thread-1] DEBUG org.apache.cassandra.config.Schema - Adding org.apache.cassandra.config.CFMetaData@770b993e[cfId=5a1ff267-ace0-3f12-8563-cfae6103c65e,ksName=system,cfName=sstable_activity,flags=[COMPOUND],params=TableParams{comment=historic sstable read rates, read_repair_chance=0.0, dclocal_read_repair_chance=0.0, bloom_filter_fp_chance=0.01, crc_check_chance=1.0, gc_grace_seconds=0, default_time_to_live=0, memtable_flush_period_in_ms=3600000, min_index_interval=128, max_index_interval=2048, speculative_retry=99PERCENTILE, caching={'keys' : 'ALL', 'rows_per_partition' : 'NONE'}, compaction=CompactionParams{class=org.apache.cassandra.db.compaction.SizeTieredCompactionStrategy, options={min_threshold=4, max_threshold=32}}, compression=org.apache.cassandra.schema.CompressionParams@c747ec79, extensions={}, cdc=false},comparator=comparator(),partitionColumns=[[] | [rate_120m rate_15m]],partitionKeyColumns=[keyspace_name, columnfamily_name, generation],clusteringColumns=[],keyValidator=org.apache.cassandra.db.marshal.CompositeType(org.apache.cassandra.db.marshal.UTF8Type,org.apache.cassandra.db.marshal.UTF8Type,org.apache.cassandra.db.marshal.Int32Type),columnMetadata=[generation, rate_120m, rate_15m, keyspace_name, columnfamily_name],droppedColumns={},triggers=[],indexes=[]] to cfIdMap
11:24:37.698 [pool-2-thread-1] DEBUG org.apache.cassandra.config.Schema - Adding org.apache.cassandra.config.CFMetaData@33660d1[cfId=618f817b-005f-3678-b8a4-53f3930b8e86,ksName=system,cfName=size_estimates,flags=[COMPOUND],params=TableParams{comment=per-table primary range size estimates, read_repair_chance=0.0, dclocal_read_repair_chance=0.0, bloom_filter_fp_chance=0.01, crc_check_chance=1.0, gc_grace_seconds=0, default_time_to_live=0, memtable_flush_period_in_ms=3600000, min_index_interval=128, max_index_interval=2048, speculative_retry=99PERCENTILE, caching={'keys' : 'ALL', 'rows_per_partition' : 'NONE'}, compaction=CompactionParams{class=org.apache.cassandra.db.compaction.SizeTieredCompactionStrategy, options={min_threshold=4, max_threshold=32}}, compression=org.apache.cassandra.schema.CompressionParams@c747ec79, extensions={}, cdc=false},comparator=comparator(org.apache.cassandra.db.marshal.UTF8Type, org.apache.cassandra.db.marshal.UTF8Type, org.apache.cassandra.db.marshal.UTF8Type),partitionColumns=[[] | [mean_partition_size partitions_count]],partitionKeyColumns=[keyspace_name],clusteringColumns=[table_name, range_start, range_end],keyValidator=org.apache.cassandra.db.marshal.UTF8Type,columnMetadata=[mean_partition_size, keyspace_name, partitions_count, range_start, table_name, range_end],droppedColumns={},triggers=[],indexes=[]] to cfIdMap
11:24:37.700 [pool-2-thread-1] DEBUG org.apache.cassandra.config.Schema - Adding org.apache.cassandra.config.CFMetaData@78ae9bb[cfId=c539fcab-d65a-31d1-8133-d25605643ee3,ksName=system,cfName=available_ranges,flags=[COMPOUND],params=TableParams{comment=available keyspace/ranges during bootstrap/replace that are ready to be served, read_repair_chance=0.0, dclocal_read_repair_chance=0.0, bloom_filter_fp_chance=0.01, crc_check_chance=1.0, gc_grace_seconds=0, default_time_to_live=0, memtable_flush_period_in_ms=3600000, min_index_interval=128, max_index_interval=2048, speculative_retry=99PERCENTILE, caching={'keys' : 'ALL', 'rows_per_partition' : 'NONE'}, compaction=CompactionParams{class=org.apache.cassandra.db.compaction.SizeTieredCompactionStrategy, options={min_threshold=4, max_threshold=32}}, compression=org.apache.cassandra.schema.CompressionParams@c747ec79, extensions={}, cdc=false},comparator=comparator(),partitionColumns=[[] | [ranges]],partitionKeyColumns=[keyspace_name],clusteringColumns=[],keyValidator=org.apache.cassandra.db.marshal.UTF8Type,columnMetadata=[ranges, keyspace_name],droppedColumns={},triggers=[],indexes=[]] to cfIdMap
11:24:37.702 [pool-2-thread-1] DEBUG org.apache.cassandra.config.Schema - Adding org.apache.cassandra.config.CFMetaData@51271828[cfId=6cad20f7-d4f5-3af2-b6e2-0da33c6c1f83,ksName=system,cfName=transferred_ranges,flags=[COMPOUND],params=TableParams{comment=record of transferred ranges for streaming operation, read_repair_chance=0.0, dclocal_read_repair_chance=0.0, bloom_filter_fp_chance=0.01, crc_check_chance=1.0, gc_grace_seconds=0, default_time_to_live=0, memtable_flush_period_in_ms=3600000, min_index_interval=128, max_index_interval=2048, speculative_retry=99PERCENTILE, caching={'keys' : 'ALL', 'rows_per_partition' : 'NONE'}, compaction=CompactionParams{class=org.apache.cassandra.db.compaction.SizeTieredCompactionStrategy, options={min_threshold=4, max_threshold=32}}, compression=org.apache.cassandra.schema.CompressionParams@c747ec79, extensions={}, cdc=false},comparator=comparator(org.apache.cassandra.db.marshal.InetAddressType),partitionColumns=[[] | [ranges]],partitionKeyColumns=[operation, keyspace_name],clusteringColumns=[peer],keyValidator=org.apache.cassandra.db.marshal.CompositeType(org.apache.cassandra.db.marshal.UTF8Type,org.apache.cassandra.db.marshal.UTF8Type),columnMetadata=[ranges, peer, operation, keyspace_name],droppedColumns={},triggers=[],indexes=[]] to cfIdMap
11:24:37.704 [pool-2-thread-1] DEBUG org.apache.cassandra.config.Schema - Adding org.apache.cassandra.config.CFMetaData@6757cc6a[cfId=b7f2c108-78cd-3c80-9cd5-d609b2bd149c,ksName=system,cfName=views_builds_in_progress,flags=[COMPOUND],params=TableParams{comment=views builds current progress, read_repair_chance=0.0, dclocal_read_repair_chance=0.0, bloom_filter_fp_chance=0.01, crc_check_chance=1.0, gc_grace_seconds=0, default_time_to_live=0, memtable_flush_period_in_ms=3600000, min_index_interval=128, max_index_interval=2048, speculative_retry=99PERCENTILE, caching={'keys' : 'ALL', 'rows_per_partition' : 'NONE'}, compaction=CompactionParams{class=org.apache.cassandra.db.compaction.SizeTieredCompactionStrategy, options={min_threshold=4, max_threshold=32}}, compression=org.apache.cassandra.schema.CompressionParams@c747ec79, extensions={}, cdc=false},comparator=comparator(org.apache.cassandra.db.marshal.UTF8Type),partitionColumns=[[] | [generation_number last_token]],partitionKeyColumns=[keyspace_name],clusteringColumns=[view_name],keyValidator=org.apache.cassandra.db.marshal.UTF8Type,columnMetadata=[view_name, generation_number, keyspace_name, last_token],droppedColumns={},triggers=[],indexes=[]] to cfIdMap
11:24:37.706 [pool-2-thread-1] DEBUG org.apache.cassandra.config.Schema - Adding org.apache.cassandra.config.CFMetaData@342dcda4[cfId=4b3c50a9-ea87-3d76-9101-6dbc9c38494a,ksName=system,cfName=built_views,flags=[COMPOUND],params=TableParams{comment=built views, read_repair_chance=0.0, dclocal_read_repair_chance=0.0, bloom_filter_fp_chance=0.01, crc_check_chance=1.0, gc_grace_seconds=0, default_time_to_live=0, memtable_flush_period_in_ms=3600000, min_index_interval=128, max_index_interval=2048, speculative_retry=99PERCENTILE, caching={'keys' : 'ALL', 'rows_per_partition' : 'NONE'}, compaction=CompactionParams{class=org.apache.cassandra.db.compaction.SizeTieredCompactionStrategy, options={min_threshold=4, max_threshold=32}}, compression=org.apache.cassandra.schema.CompressionParams@c747ec79, extensions={}, cdc=false},comparator=comparator(org.apache.cassandra.db.marshal.UTF8Type),partitionColumns=[[] | [status_replicated]],partitionKeyColumns=[keyspace_name],clusteringColumns=[view_name],keyValidator=org.apache.cassandra.db.marshal.UTF8Type,columnMetadata=[view_name, status_replicated, keyspace_name],droppedColumns={},triggers=[],indexes=[]] to cfIdMap
11:24:37.711 [pool-2-thread-1] DEBUG org.apache.cassandra.config.Schema - Adding org.apache.cassandra.config.CFMetaData@6bd2a5c2[cfId=2666e205-73ef-38b3-90fe-fecf96e8f0c7,ksName=system,cfName=hints,flags=[DENSE, COMPOUND],params=TableParams{comment=*DEPRECATED* hints awaiting delivery, read_repair_chance=0.0, dclocal_read_repair_chance=0.0, bloom_filter_fp_chance=0.01, crc_check_chance=1.0, gc_grace_seconds=0, default_time_to_live=0, memtable_flush_period_in_ms=3600000, min_index_interval=128, max_index_interval=2048, speculative_retry=99PERCENTILE, caching={'keys' : 'ALL', 'rows_per_partition' : 'NONE'}, compaction=CompactionParams{class=org.apache.cassandra.db.compaction.SizeTieredCompactionStrategy, options={min_threshold=4, max_threshold=32, enabled=false}}, compression=org.apache.cassandra.schema.CompressionParams@c747ec79, extensions={}, cdc=false},comparator=comparator(org.apache.cassandra.db.marshal.TimeUUIDType, org.apache.cassandra.db.marshal.Int32Type),partitionColumns=[[] | [mutation]],partitionKeyColumns=[target_id],clusteringColumns=[hint_id, message_version],keyValidator=org.apache.cassandra.db.marshal.UUIDType,columnMetadata=[target_id, hint_id, mutation, message_version],droppedColumns={},triggers=[],indexes=[]] to cfIdMap
11:24:37.713 [pool-2-thread-1] DEBUG org.apache.cassandra.config.Schema - Adding org.apache.cassandra.config.CFMetaData@7f679846[cfId=0290003c-977e-397c-ac3e-fdfdc01d626b,ksName=system,cfName=batchlog,flags=[COMPOUND],params=TableParams{comment=*DEPRECATED* batchlog entries, read_repair_chance=0.0, dclocal_read_repair_chance=0.0, bloom_filter_fp_chance=0.01, crc_check_chance=1.0, gc_grace_seconds=0, default_time_to_live=0, memtable_flush_period_in_ms=3600000, min_index_interval=128, max_index_interval=2048, speculative_retry=99PERCENTILE, caching={'keys' : 'ALL', 'rows_per_partition' : 'NONE'}, compaction=CompactionParams{class=org.apache.cassandra.db.compaction.SizeTieredCompactionStrategy, options={min_threshold=2, max_threshold=32}}, compression=org.apache.cassandra.schema.CompressionParams@c747ec79, extensions={}, cdc=false},comparator=comparator(),partitionColumns=[[] | [data version written_at]],partitionKeyColumns=[id],clusteringColumns=[],keyValidator=org.apache.cassandra.db.marshal.UUIDType,columnMetadata=[version, data, id, written_at],droppedColumns={},triggers=[],indexes=[]] to cfIdMap
11:24:37.716 [pool-2-thread-1] DEBUG org.apache.cassandra.config.Schema - Adding org.apache.cassandra.config.CFMetaData@4bcbbf94[cfId=18a9c257-6a0c-3841-ba71-8cd529849fef,ksName=system,cfName=prepared_statements,flags=[COMPOUND],params=TableParams{comment=prepared statements, read_repair_chance=0.0, dclocal_read_repair_chance=0.0, bloom_filter_fp_chance=0.01, crc_check_chance=1.0, gc_grace_seconds=0, default_time_to_live=0, memtable_flush_period_in_ms=3600000, min_index_interval=128, max_index_interval=2048, speculative_retry=99PERCENTILE, caching={'keys' : 'ALL', 'rows_per_partition' : 'NONE'}, compaction=CompactionParams{class=org.apache.cassandra.db.compaction.SizeTieredCompactionStrategy, options={min_threshold=4, max_threshold=32}}, compression=org.apache.cassandra.schema.CompressionParams@c747ec79, extensions={}, cdc=false},comparator=comparator(),partitionColumns=[[] | [logged_keyspace query_string]],partitionKeyColumns=[prepared_id],clusteringColumns=[],keyValidator=org.apache.cassandra.db.marshal.BytesType,columnMetadata=[logged_keyspace, query_string, prepared_id],droppedColumns={},triggers=[],indexes=[]] to cfIdMap
11:24:37.719 [pool-2-thread-1] DEBUG org.apache.cassandra.config.Schema - Adding org.apache.cassandra.config.CFMetaData@3ea09914[cfId=b0f22357-4458-3cdb-9631-c43e59ce3676,ksName=system,cfName=schema_keyspaces,flags=[],params=TableParams{comment=*DEPRECATED* keyspace definitions, read_repair_chance=0.0, dclocal_read_repair_chance=0.0, bloom_filter_fp_chance=0.01, crc_check_chance=1.0, gc_grace_seconds=0, default_time_to_live=0, memtable_flush_period_in_ms=3600000, min_index_interval=128, max_index_interval=2048, speculative_retry=99PERCENTILE, caching={'keys' : 'ALL', 'rows_per_partition' : 'NONE'}, compaction=CompactionParams{class=org.apache.cassandra.db.compaction.SizeTieredCompactionStrategy, options={min_threshold=4, max_threshold=32}}, compression=org.apache.cassandra.schema.CompressionParams@c747ec79, extensions={}, cdc=false},comparator=comparator(org.apache.cassandra.db.marshal.UTF8Type),partitionColumns=[[durable_writes strategy_class strategy_options] | [value]],partitionKeyColumns=[keyspace_name],clusteringColumns=[column1],keyValidator=org.apache.cassandra.db.marshal.UTF8Type,columnMetadata=[column1, keyspace_name, value, durable_writes, strategy_options, strategy_class],droppedColumns={},triggers=[],indexes=[]] to cfIdMap
11:24:37.722 [pool-2-thread-1] DEBUG org.apache.cassandra.config.Schema - Adding org.apache.cassandra.config.CFMetaData@5b7cb248[cfId=45f5b360-24bc-3f83-a363-1034ea4fa697,ksName=system,cfName=schema_columnfamilies,flags=[COMPOUND],params=TableParams{comment=*DEPRECATED* table definitions, read_repair_chance=0.0, dclocal_read_repair_chance=0.0, bloom_filter_fp_chance=0.01, crc_check_chance=1.0, gc_grace_seconds=0, default_time_to_live=0, memtable_flush_period_in_ms=3600000, min_index_interval=128, max_index_interval=2048, speculative_retry=99PERCENTILE, caching={'keys' : 'ALL', 'rows_per_partition' : 'NONE'}, compaction=CompactionParams{class=org.apache.cassandra.db.compaction.SizeTieredCompactionStrategy, options={min_threshold=4, max_threshold=32}}, compression=org.apache.cassandra.schema.CompressionParams@c747ec79, extensions={}, cdc=false},comparator=comparator(org.apache.cassandra.db.marshal.UTF8Type),partitionColumns=[[] | [bloom_filter_fp_chance caching cf_id comment compaction_strategy_class compaction_strategy_options comparator compression_parameters default_time_to_live default_validator gc_grace_seconds is_dense key_validator local_read_repair_chance max_compaction_threshold max_index_interval memtable_flush_period_in_ms min_compaction_threshold min_index_interval read_repair_chance speculative_retry subcomparator type dropped_columns]],partitionKeyColumns=[keyspace_name],clusteringColumns=[columnfamily_name],keyValidator=org.apache.cassandra.db.marshal.UTF8Type,columnMetadata=[memtable_flush_period_in_ms, min_compaction_threshold, default_time_to_live, min_index_interval, key_validator, is_dense, compaction_strategy_options, compaction_strategy_class, max_compaction_threshold, comment, compression_parameters, dropped_columns, max_index_interval, gc_grace_seconds, speculative_retry, local_read_repair_chance, bloom_filter_fp_chance, caching, default_validator, cf_id, keyspace_name, comparator, subcomparator, read_repair_chance, type, columnfamily_name],droppedColumns={},triggers=[],indexes=[]] to cfIdMap
11:24:37.741 [pool-2-thread-1] DEBUG org.apache.cassandra.config.Schema - Adding org.apache.cassandra.config.CFMetaData@44b8398a[cfId=296e9c04-9bec-3085-827d-c17d3df2122a,ksName=system,cfName=schema_columns,flags=[COMPOUND],params=TableParams{comment=*DEPRECATED* column definitions, read_repair_chance=0.0, dclocal_read_repair_chance=0.0, bloom_filter_fp_chance=0.01, crc_check_chance=1.0, gc_grace_seconds=0, default_time_to_live=0, memtable_flush_period_in_ms=3600000, min_index_interval=128, max_index_interval=2048, speculative_retry=99PERCENTILE, caching={'keys' : 'ALL', 'rows_per_partition' : 'NONE'}, compaction=CompactionParams{class=org.apache.cassandra.db.compaction.SizeTieredCompactionStrategy, options={min_threshold=4, max_threshold=32}}, compression=org.apache.cassandra.schema.CompressionParams@c747ec79, extensions={}, cdc=false},comparator=comparator(org.apache.cassandra.db.marshal.UTF8Type, org.apache.cassandra.db.marshal.UTF8Type),partitionColumns=[[] | [component_index index_name index_options index_type type validator]],partitionKeyColumns=[keyspace_name],clusteringColumns=[columnfamily_name, column_name],keyValidator=org.apache.cassandra.db.marshal.UTF8Type,columnMetadata=[validator, component_index, keyspace_name, index_options, type, index_type, index_name, columnfamily_name, column_name],droppedColumns={},triggers=[],indexes=[]] to cfIdMap
11:24:37.748 [pool-2-thread-1] DEBUG org.apache.cassandra.config.Schema - Adding org.apache.cassandra.config.CFMetaData@771f1403[cfId=0359bc71-7123-3ee1-9a4a-b9dfb11fc125,ksName=system,cfName=schema_triggers,flags=[COMPOUND],params=TableParams{comment=*DEPRECATED* trigger definitions, read_repair_chance=0.0, dclocal_read_repair_chance=0.0, bloom_filter_fp_chance=0.01, crc_check_chance=1.0, gc_grace_seconds=0, default_time_to_live=0, memtable_flush_period_in_ms=3600000, min_index_interval=128, max_index_interval=2048, speculative_retry=99PERCENTILE, caching={'keys' : 'ALL', 'rows_per_partition' : 'NONE'}, compaction=CompactionParams{class=org.apache.cassandra.db.compaction.SizeTieredCompactionStrategy, options={min_threshold=4, max_threshold=32}}, compression=org.apache.cassandra.schema.CompressionParams@c747ec79, extensions={}, cdc=false},comparator=comparator(org.apache.cassandra.db.marshal.UTF8Type, org.apache.cassandra.db.marshal.UTF8Type),partitionColumns=[[] | [trigger_options]],partitionKeyColumns=[keyspace_name],clusteringColumns=[columnfamily_name, trigger_name],keyValidator=org.apache.cassandra.db.marshal.UTF8Type,columnMetadata=[trigger_options, keyspace_name, columnfamily_name, trigger_name],droppedColumns={},triggers=[],indexes=[]] to cfIdMap
11:24:37.750 [pool-2-thread-1] DEBUG org.apache.cassandra.config.Schema - Adding org.apache.cassandra.config.CFMetaData@4cba061b[cfId=3aa75225-4f82-350b-8d5c-430fa221fa0a,ksName=system,cfName=schema_usertypes,flags=[COMPOUND],params=TableParams{comment=*DEPRECATED* user defined type definitions, read_repair_chance=0.0, dclocal_read_repair_chance=0.0, bloom_filter_fp_chance=0.01, crc_check_chance=1.0, gc_grace_seconds=0, default_time_to_live=0, memtable_flush_period_in_ms=3600000, min_index_interval=128, max_index_interval=2048, speculative_retry=99PERCENTILE, caching={'keys' : 'ALL', 'rows_per_partition' : 'NONE'}, compaction=CompactionParams{class=org.apache.cassandra.db.compaction.SizeTieredCompactionStrategy, options={min_threshold=4, max_threshold=32}}, compression=org.apache.cassandra.schema.CompressionParams@c747ec79, extensions={}, cdc=false},comparator=comparator(org.apache.cassandra.db.marshal.UTF8Type),partitionColumns=[[] | [field_names field_types]],partitionKeyColumns=[keyspace_name],clusteringColumns=[type_name],keyValidator=org.apache.cassandra.db.marshal.UTF8Type,columnMetadata=[field_names, type_name, field_types, keyspace_name],droppedColumns={},triggers=[],indexes=[]] to cfIdMap
11:24:37.753 [pool-2-thread-1] DEBUG org.apache.cassandra.config.Schema - Adding org.apache.cassandra.config.CFMetaData@41deedee[cfId=d1b675fe-2b50-3ca4-8e49-c0f81989dcad,ksName=system,cfName=schema_functions,flags=[COMPOUND],params=TableParams{comment=*DEPRECATED* user defined function definitions, read_repair_chance=0.0, dclocal_read_repair_chance=0.0, bloom_filter_fp_chance=0.01, crc_check_chance=1.0, gc_grace_seconds=0, default_time_to_live=0, memtable_flush_period_in_ms=3600000, min_index_interval=128, max_index_interval=2048, speculative_retry=99PERCENTILE, caching={'keys' : 'ALL', 'rows_per_partition' : 'NONE'}, compaction=CompactionParams{class=org.apache.cassandra.db.compaction.SizeTieredCompactionStrategy, options={min_threshold=4, max_threshold=32}}, compression=org.apache.cassandra.schema.CompressionParams@c747ec79, extensions={}, cdc=false},comparator=comparator(org.apache.cassandra.db.marshal.UTF8Type, org.apache.cassandra.db.marshal.FrozenType(org.apache.cassandra.db.marshal.ListType(org.apache.cassandra.db.marshal.UTF8Type))),partitionColumns=[[] | [body called_on_null_input language return_type argument_names argument_types]],partitionKeyColumns=[keyspace_name],clusteringColumns=[function_name, signature],keyValidator=org.apache.cassandra.db.marshal.UTF8Type,columnMetadata=[function_name, signature, keyspace_name, return_type, argument_names, body, argument_types, called_on_null_input, language],droppedColumns={},triggers=[],indexes=[]] to cfIdMap
11:24:37.755 [pool-2-thread-1] DEBUG org.apache.cassandra.config.Schema - Adding org.apache.cassandra.config.CFMetaData@5bb2846b[cfId=a5fc57fc-9d6c-3bfd-a3fc-01ad54686fea,ksName=system,cfName=schema_aggregates,flags=[COMPOUND],params=TableParams{comment=*DEPRECATED* user defined aggregate definitions, read_repair_chance=0.0, dclocal_read_repair_chance=0.0, bloom_filter_fp_chance=0.01, crc_check_chance=1.0, gc_grace_seconds=0, default_time_to_live=0, memtable_flush_period_in_ms=3600000, min_index_interval=128, max_index_interval=2048, speculative_retry=99PERCENTILE, caching={'keys' : 'ALL', 'rows_per_partition' : 'NONE'}, compaction=CompactionParams{class=org.apache.cassandra.db.compaction.SizeTieredCompactionStrategy, options={min_threshold=4, max_threshold=32}}, compression=org.apache.cassandra.schema.CompressionParams@c747ec79, extensions={}, cdc=false},comparator=comparator(org.apache.cassandra.db.marshal.UTF8Type, org.apache.cassandra.db.marshal.FrozenType(org.apache.cassandra.db.marshal.ListType(org.apache.cassandra.db.marshal.UTF8Type))),partitionColumns=[[] | [final_func initcond return_type state_func state_type argument_types]],partitionKeyColumns=[keyspace_name],clusteringColumns=[aggregate_name, signature],keyValidator=org.apache.cassandra.db.marshal.UTF8Type,columnMetadata=[final_func, aggregate_name, signature, initcond, state_func, keyspace_name, return_type, state_type, argument_types],droppedColumns={},triggers=[],indexes=[]] to cfIdMap
11:24:39.754 [pool-2-thread-1] INFO  o.a.cassandra.db.ColumnFamilyStore - Initializing system.IndexInfo
11:24:42.726 [pool-2-thread-1] INFO  o.a.cassandra.db.ColumnFamilyStore - Initializing system.batches
11:24:42.742 [pool-2-thread-1] INFO  o.a.cassandra.db.ColumnFamilyStore - Initializing system.paxos
11:24:42.928 [pool-2-thread-1] INFO  o.a.cassandra.db.ColumnFamilyStore - Initializing system.local
11:24:42.942 [pool-2-thread-1] INFO  o.a.cassandra.db.ColumnFamilyStore - Initializing system.peers
11:24:42.957 [pool-2-thread-1] INFO  o.a.cassandra.db.ColumnFamilyStore - Initializing system.peer_events
11:24:42.987 [pool-2-thread-1] INFO  o.a.cassandra.db.ColumnFamilyStore - Initializing system.range_xfers
11:24:42.999 [pool-2-thread-1] INFO  o.a.cassandra.db.ColumnFamilyStore - Initializing system.compaction_history
11:24:43.012 [pool-2-thread-1] INFO  o.a.cassandra.db.ColumnFamilyStore - Initializing system.sstable_activity
11:24:43.030 [pool-2-thread-1] INFO  o.a.cassandra.db.ColumnFamilyStore - Initializing system.size_estimates
11:24:43.044 [pool-2-thread-1] INFO  o.a.cassandra.db.ColumnFamilyStore - Initializing system.available_ranges
11:24:43.079 [pool-2-thread-1] INFO  o.a.cassandra.db.ColumnFamilyStore - Initializing system.transferred_ranges
11:24:43.095 [pool-2-thread-1] INFO  o.a.cassandra.db.ColumnFamilyStore - Initializing system.views_builds_in_progress
11:24:43.112 [pool-2-thread-1] INFO  o.a.cassandra.db.ColumnFamilyStore - Initializing system.built_views
11:24:43.142 [pool-2-thread-1] INFO  o.a.cassandra.db.ColumnFamilyStore - Initializing system.hints
11:24:43.208 [pool-2-thread-1] INFO  o.a.cassandra.db.ColumnFamilyStore - Initializing system.batchlog
11:24:43.220 [pool-2-thread-1] INFO  o.a.cassandra.db.ColumnFamilyStore - Initializing system.prepared_statements
11:24:43.231 [pool-2-thread-1] INFO  o.a.cassandra.db.ColumnFamilyStore - Initializing system.schema_keyspaces
11:24:43.242 [pool-2-thread-1] INFO  o.a.cassandra.db.ColumnFamilyStore - Initializing system.schema_columnfamilies
11:24:43.252 [pool-2-thread-1] INFO  o.a.cassandra.db.ColumnFamilyStore - Initializing system.schema_columns
11:24:43.262 [pool-2-thread-1] INFO  o.a.cassandra.db.ColumnFamilyStore - Initializing system.schema_triggers
11:24:43.271 [pool-2-thread-1] INFO  o.a.cassandra.db.ColumnFamilyStore - Initializing system.schema_usertypes
11:24:43.281 [pool-2-thread-1] INFO  o.a.cassandra.db.ColumnFamilyStore - Initializing system.schema_functions
11:24:43.290 [pool-2-thread-1] INFO  o.a.cassandra.db.ColumnFamilyStore - Initializing system.schema_aggregates
11:24:43.292 [pool-2-thread-1] INFO  o.a.cassandra.db.view.ViewManager - Not submitting build tasks for views in keyspace system as storage service is not initialized
11:24:44.456 [pool-2-thread-1] INFO  o.a.c.db.monitoring.ApproximateTime - Scheduling approximate time-check task with a precision of 10 milliseconds
11:24:45.646 [COMMIT-LOG-ALLOCATOR] DEBUG o.a.c.d.c.AbstractCommitLogSegmentManager - No segments in reserve; creating a fresh one
11:24:46.113 [pool-2-thread-1] INFO  o.a.cassandra.service.CacheService - Initializing key cache with capacity of 12 MBs.
11:24:46.397 [main] ERROR o.c.u.EmbeddedCassandraServerHelper - Cassandra daemon did not start after 20000 ms. Consider increasing the timeout
11:24:46.410 [pool-2-thread-1] INFO  o.a.cassandra.service.CacheService - Initializing row cache with capacity of 0 MBs
11:24:46.527 [pool-2-thread-1] INFO  o.a.cassandra.service.CacheService - Initializing counter cache with capacity of 6 MBs
]]></system-out>
    <system-err><![CDATA[SLF4J: Class path contains multiple SLF4J bindings.
SLF4J: Found binding in [jar:file:/root/./workspace/wso2-ballerina/package-cassandra/405259561/.m2/ch/qos/logback/logback-classic/1.1.3/logback-classic-1.1.3.jar!/org/slf4j/impl/StaticLoggerBinder.class]
SLF4J: Found binding in [jar:file:/root/./workspace/wso2-ballerina/package-cassandra/405259561/.m2/org/slf4j/slf4j-log4j12/1.7.25/slf4j-log4j12-1.7.25.jar!/org/slf4j/impl/StaticLoggerBinder.class]
SLF4J: See http://www.slf4j.org/codes.html#multiple_bindings for an explanation.
SLF4J: Actual binding is of type [ch.qos.logback.classic.util.ContextSelectorStaticBinder]
]]></system-err>
  </testcase>
  <testcase name="setup" classname="org.ballerinalang.cassandra.actions.CassandraActionsTest" time="60.588">
    <failure type="java.lang.NullPointerException">java.lang.NullPointerException
	at org.ballerinalang.cassandra.actions.CassandraActionsTest.populateDatabase(CassandraActionsTest.java:52)
	at org.ballerinalang.cassandra.actions.CassandraActionsTest.setup(CassandraActionsTest.java:48)
</failure>
    <system-out><![CDATA[11:24:46.531 [pool-2-thread-1] INFO  o.a.cassandra.service.CacheService - Scheduling counter cache save to every 7200 seconds (going to save all keys).
11:24:46.597 [pool-2-thread-1] INFO  o.a.cassandra.service.StorageService - Populating token metadata from system tables
11:24:46.673 [pool-2-thread-1] DEBUG o.a.c.config.YamlConfigurationLoader - Loading settings from file:/root/workspace/wso2-ballerina/package-cassandra/405259561/component/target/embeddedCassandra/cassandra.yaml
11:24:46.745 [pool-2-thread-1] INFO  o.a.cassandra.service.StorageService - Token metadata: 
11:24:46.798 [pool-2-thread-1] INFO  o.a.cassandra.db.ColumnFamilyStore - Initializing system_schema.keyspaces
11:24:46.815 [pool-2-thread-1] INFO  o.a.cassandra.db.ColumnFamilyStore - Initializing system_schema.tables
11:24:46.832 [pool-2-thread-1] INFO  o.a.cassandra.db.ColumnFamilyStore - Initializing system_schema.columns
11:24:46.851 [pool-2-thread-1] INFO  o.a.cassandra.db.ColumnFamilyStore - Initializing system_schema.triggers
11:24:46.875 [pool-2-thread-1] INFO  o.a.cassandra.db.ColumnFamilyStore - Initializing system_schema.dropped_columns
11:24:46.895 [pool-2-thread-1] INFO  o.a.cassandra.db.ColumnFamilyStore - Initializing system_schema.views
11:24:46.914 [pool-2-thread-1] INFO  o.a.cassandra.db.ColumnFamilyStore - Initializing system_schema.types
11:24:46.933 [pool-2-thread-1] INFO  o.a.cassandra.db.ColumnFamilyStore - Initializing system_schema.functions
11:24:46.951 [pool-2-thread-1] INFO  o.a.cassandra.db.ColumnFamilyStore - Initializing system_schema.aggregates
11:24:46.975 [pool-2-thread-1] INFO  o.a.cassandra.db.ColumnFamilyStore - Initializing system_schema.indexes
11:24:46.978 [pool-2-thread-1] INFO  o.a.cassandra.db.view.ViewManager - Not submitting build tasks for views in keyspace system_schema as storage service is not initialized
11:24:47.073 [pool-2-thread-1] DEBUG o.a.c.service.CassandraDaemon - opening keyspace system
11:24:47.077 [pool-2-thread-1] DEBUG o.a.c.service.CassandraDaemon - opening keyspace system_schema
11:24:48.785 [pool-2-thread-1] INFO  o.a.cassandra.db.commitlog.CommitLog - No commitlog files found; skipping replay
11:24:48.786 [pool-2-thread-1] INFO  o.a.cassandra.service.StorageService - Populating token metadata from system tables
11:24:48.790 [pool-2-thread-1] DEBUG o.a.c.config.YamlConfigurationLoader - Loading settings from file:/root/workspace/wso2-ballerina/package-cassandra/405259561/component/target/embeddedCassandra/cassandra.yaml
11:24:48.860 [pool-2-thread-1] INFO  o.a.cassandra.service.StorageService - Token metadata: 
    cassandra-actions-test.bal
11:24:49.976 [pool-2-thread-1] INFO  o.a.cassandra.cql3.QueryProcessor - Preloaded 0 prepared statements
11:24:49.986 [pool-2-thread-1] INFO  o.a.cassandra.service.StorageService - Cassandra version: 3.11.0
11:24:49.987 [pool-2-thread-1] INFO  o.a.cassandra.service.StorageService - Thrift API version: 20.1.0
11:24:49.988 [pool-2-thread-1] INFO  o.a.cassandra.service.StorageService - CQL supported versions: 3.4.4 (default: 3.4.4)
11:24:49.991 [pool-2-thread-1] INFO  o.a.cassandra.service.StorageService - Native protocol supported versions: 3/v3, 4/v4, 5/v5-beta (default: 4/v4)
11:24:50.758 [pool-2-thread-1] INFO  o.a.c.io.sstable.IndexSummaryManager - Initializing index summary manager with a memory pool size of 12 MB and a resize interval of 60 minutes
11:24:51.351 [pool-2-thread-1] INFO  o.a.cassandra.net.MessagingService - Starting Messaging Service on /127.0.0.1:7010 (lo)
11:24:51.373 [pool-2-thread-1] WARN  o.apache.cassandra.db.SystemKeyspace - No host ID found, created c1387484-4afd-4d0f-ac48-1a11423eb003 (Note: This should happen exactly once per node).
11:24:51.376 [pool-2-thread-1] DEBUG o.a.cassandra.service.StorageService - Starting shadow gossip round to check for endpoint collision
11:24:51.401 [pool-2-thread-1] DEBUG o.a.c.config.YamlConfigurationLoader - Loading settings from file:/root/workspace/wso2-ballerina/package-cassandra/405259561/component/target/embeddedCassandra/cassandra.yaml
11:24:51.421 [pool-2-thread-1] DEBUG o.a.c.config.YamlConfigurationLoader - Loading settings from file:/root/workspace/wso2-ballerina/package-cassandra/405259561/component/target/embeddedCassandra/cassandra.yaml
11:24:51.442 [pool-2-thread-1] DEBUG o.a.c.config.YamlConfigurationLoader - Loading settings from file:/root/workspace/wso2-ballerina/package-cassandra/405259561/component/target/embeddedCassandra/cassandra.yaml
11:24:51.474 [pool-2-thread-1] INFO  o.a.cassandra.service.StorageService - Loading persisted ring state
11:24:51.479 [pool-2-thread-1] INFO  o.a.cassandra.service.StorageService - Starting up server gossip
11:24:52.312 [pool-2-thread-1] DEBUG o.a.c.config.YamlConfigurationLoader - Loading settings from file:/root/workspace/wso2-ballerina/package-cassandra/405259561/component/target/embeddedCassandra/cassandra.yaml
11:24:52.372 [pool-2-thread-1] DEBUG o.a.c.service.MigrationManager - Gossiping my schema version 59adb24e-f3cd-3e02-97f0-5b395827453f
11:24:52.469 [pool-2-thread-1] DEBUG o.a.c.config.YamlConfigurationLoader - Loading settings from file:/root/workspace/wso2-ballerina/package-cassandra/405259561/component/target/embeddedCassandra/cassandra.yaml
11:24:52.482 [pool-2-thread-1] DEBUG o.a.cassandra.service.StorageService - Bootstrap variables: true false false true
11:24:52.484 [pool-2-thread-1] DEBUG o.a.c.config.YamlConfigurationLoader - Loading settings from file:/root/workspace/wso2-ballerina/package-cassandra/405259561/component/target/embeddedCassandra/cassandra.yaml
11:24:52.498 [pool-2-thread-1] INFO  o.a.cassandra.service.StorageService - This node will not auto bootstrap because it is configured to be a seed node.
11:24:52.499 [pool-2-thread-1] DEBUG o.a.c.config.YamlConfigurationLoader - Loading settings from file:/root/workspace/wso2-ballerina/package-cassandra/405259561/component/target/embeddedCassandra/cassandra.yaml
11:24:52.752 [pool-2-thread-1] WARN  o.a.cassandra.service.StorageService - Generated random token [7955050339415447626]. Random tokens will result in an unbalanced ring; see http://wiki.apache.org/cassandra/Operations
11:24:52.764 [pool-2-thread-1] INFO  o.a.c.service.MigrationManager - Create new Keyspace: KeyspaceMetadata{name=system_traces, params=KeyspaceParams{durable_writes=true, replication=ReplicationParams{class=org.apache.cassandra.locator.SimpleStrategy, replication_factor=2}}, tables=[org.apache.cassandra.config.CFMetaData@1aaf0458[cfId=c5e99f16-8677-3914-b17e-960613512345,ksName=system_traces,cfName=sessions,flags=[COMPOUND],params=TableParams{comment=tracing sessions, read_repair_chance=0.0, dclocal_read_repair_chance=0.0, bloom_filter_fp_chance=0.01, crc_check_chance=1.0, gc_grace_seconds=0, default_time_to_live=0, memtable_flush_period_in_ms=3600000, min_index_interval=128, max_index_interval=2048, speculative_retry=99PERCENTILE, caching={'keys' : 'ALL', 'rows_per_partition' : 'NONE'}, compaction=CompactionParams{class=org.apache.cassandra.db.compaction.SizeTieredCompactionStrategy, options={min_threshold=4, max_threshold=32}}, compression=org.apache.cassandra.schema.CompressionParams@c747ec79, extensions={}, cdc=false},comparator=comparator(),partitionColumns=[[] | [client command coordinator duration request started_at parameters]],partitionKeyColumns=[session_id],clusteringColumns=[],keyValidator=org.apache.cassandra.db.marshal.UUIDType,columnMetadata=[client, command, session_id, coordinator, request, started_at, duration, parameters],droppedColumns={},triggers=[],indexes=[]], org.apache.cassandra.config.CFMetaData@53bbd756[cfId=8826e8e9-e16a-3728-8753-3bc1fc713c25,ksName=system_traces,cfName=events,flags=[COMPOUND],params=TableParams{comment=tracing events, read_repair_chance=0.0, dclocal_read_repair_chance=0.0, bloom_filter_fp_chance=0.01, crc_check_chance=1.0, gc_grace_seconds=0, default_time_to_live=0, memtable_flush_period_in_ms=3600000, min_index_interval=128, max_index_interval=2048, speculative_retry=99PERCENTILE, caching={'keys' : 'ALL', 'rows_per_partition' : 'NONE'}, compaction=CompactionParams{class=org.apache.cassandra.db.compaction.SizeTieredCompactionStrategy, options={min_threshold=4, max_threshold=32}}, compression=org.apache.cassandra.schema.CompressionParams@c747ec79, extensions={}, cdc=false},comparator=comparator(org.apache.cassandra.db.marshal.TimeUUIDType),partitionColumns=[[] | [activity source source_elapsed thread]],partitionKeyColumns=[session_id],clusteringColumns=[event_id],keyValidator=org.apache.cassandra.db.marshal.UUIDType,columnMetadata=[activity, session_id, thread, event_id, source, source_elapsed],droppedColumns={},triggers=[],indexes=[]]], views=[], functions=[], types=[]}
11:24:53.846 [MigrationStage:1] INFO  o.a.cassandra.db.view.ViewManager - Not submitting build tasks for views in keyspace system_traces as storage service is not initialized
11:24:53.865 [MigrationStage:1] INFO  o.a.cassandra.db.ColumnFamilyStore - Initializing system_traces.events
11:24:53.870 [MigrationStage:1] DEBUG org.apache.cassandra.config.Schema - Adding org.apache.cassandra.config.CFMetaData@25399c47[cfId=8826e8e9-e16a-3728-8753-3bc1fc713c25,ksName=system_traces,cfName=events,flags=[COMPOUND],params=TableParams{comment=tracing events, read_repair_chance=0.0, dclocal_read_repair_chance=0.0, bloom_filter_fp_chance=0.01, crc_check_chance=1.0, gc_grace_seconds=0, default_time_to_live=0, memtable_flush_period_in_ms=3600000, min_index_interval=128, max_index_interval=2048, speculative_retry=99PERCENTILE, caching={'keys' : 'ALL', 'rows_per_partition' : 'NONE'}, compaction=CompactionParams{class=org.apache.cassandra.db.compaction.SizeTieredCompactionStrategy, options={max_threshold=32, min_threshold=4}}, compression=org.apache.cassandra.schema.CompressionParams@c747ec79, extensions={}, cdc=false},comparator=comparator(org.apache.cassandra.db.marshal.TimeUUIDType),partitionColumns=[[] | [activity source source_elapsed thread]],partitionKeyColumns=[session_id],clusteringColumns=[event_id],keyValidator=org.apache.cassandra.db.marshal.UUIDType,columnMetadata=[activity, session_id, thread, event_id, source, source_elapsed],droppedColumns={},triggers=[],indexes=[]] to cfIdMap
11:24:53.888 [MigrationStage:1] INFO  o.a.cassandra.db.ColumnFamilyStore - Initializing system_traces.sessions
11:24:53.891 [MigrationStage:1] DEBUG org.apache.cassandra.config.Schema - Adding org.apache.cassandra.config.CFMetaData@2d47028f[cfId=c5e99f16-8677-3914-b17e-960613512345,ksName=system_traces,cfName=sessions,flags=[COMPOUND],params=TableParams{comment=tracing sessions, read_repair_chance=0.0, dclocal_read_repair_chance=0.0, bloom_filter_fp_chance=0.01, crc_check_chance=1.0, gc_grace_seconds=0, default_time_to_live=0, memtable_flush_period_in_ms=3600000, min_index_interval=128, max_index_interval=2048, speculative_retry=99PERCENTILE, caching={'keys' : 'ALL', 'rows_per_partition' : 'NONE'}, compaction=CompactionParams{class=org.apache.cassandra.db.compaction.SizeTieredCompactionStrategy, options={max_threshold=32, min_threshold=4}}, compression=org.apache.cassandra.schema.CompressionParams@c747ec79, extensions={}, cdc=false},comparator=comparator(),partitionColumns=[[] | [client command coordinator duration request started_at parameters]],partitionKeyColumns=[session_id],clusteringColumns=[],keyValidator=org.apache.cassandra.db.marshal.UUIDType,columnMetadata=[client, command, session_id, coordinator, request, started_at, duration, parameters],droppedColumns={},triggers=[],indexes=[]] to cfIdMap
11:24:54.001 [MigrationStage:1] DEBUG o.a.c.service.MigrationManager - Gossiping my schema version 07bf4391-edab-3c2c-bc9a-e6c6d0b3ce47
11:24:54.115 [pool-2-thread-1] INFO  o.a.c.service.MigrationManager - Create new Keyspace: KeyspaceMetadata{name=system_distributed, params=KeyspaceParams{durable_writes=true, replication=ReplicationParams{class=org.apache.cassandra.locator.SimpleStrategy, replication_factor=3}}, tables=[org.apache.cassandra.config.CFMetaData@496e0f7c[cfId=759fffad-624b-3181-80ee-fa9a52d1f627,ksName=system_distributed,cfName=repair_history,flags=[COMPOUND],params=TableParams{comment=Repair history, read_repair_chance=0.0, dclocal_read_repair_chance=0.0, bloom_filter_fp_chance=0.01, crc_check_chance=1.0, gc_grace_seconds=864000, default_time_to_live=0, memtable_flush_period_in_ms=3600000, min_index_interval=128, max_index_interval=2048, speculative_retry=99PERCENTILE, caching={'keys' : 'ALL', 'rows_per_partition' : 'NONE'}, compaction=CompactionParams{class=org.apache.cassandra.db.compaction.SizeTieredCompactionStrategy, options={min_threshold=4, max_threshold=32}}, compression=org.apache.cassandra.schema.CompressionParams@c747ec79, extensions={}, cdc=false},comparator=comparator(org.apache.cassandra.db.marshal.TimeUUIDType),partitionColumns=[[] | [coordinator exception_message exception_stacktrace finished_at parent_id range_begin range_end started_at status participants]],partitionKeyColumns=[keyspace_name, columnfamily_name],clusteringColumns=[id],keyValidator=org.apache.cassandra.db.marshal.CompositeType(org.apache.cassandra.db.marshal.UTF8Type,org.apache.cassandra.db.marshal.UTF8Type),columnMetadata=[status, id, coordinator, finished_at, participants, exception_stacktrace, parent_id, range_end, range_begin, exception_message, keyspace_name, started_at, columnfamily_name],droppedColumns={},triggers=[],indexes=[]], org.apache.cassandra.config.CFMetaData@62d369e8[cfId=deabd734-b99d-3b9c-92e5-fd92eb5abf14,ksName=system_distributed,cfName=parent_repair_history,flags=[COMPOUND],params=TableParams{comment=Repair history, read_repair_chance=0.0, dclocal_read_repair_chance=0.0, bloom_filter_fp_chance=0.01, crc_check_chance=1.0, gc_grace_seconds=864000, default_time_to_live=0, memtable_flush_period_in_ms=3600000, min_index_interval=128, max_index_interval=2048, speculative_retry=99PERCENTILE, caching={'keys' : 'ALL', 'rows_per_partition' : 'NONE'}, compaction=CompactionParams{class=org.apache.cassandra.db.compaction.SizeTieredCompactionStrategy, options={min_threshold=4, max_threshold=32}}, compression=org.apache.cassandra.schema.CompressionParams@c747ec79, extensions={}, cdc=false},comparator=comparator(),partitionColumns=[[] | [exception_message exception_stacktrace finished_at keyspace_name started_at columnfamily_names options requested_ranges successful_ranges]],partitionKeyColumns=[parent_id],clusteringColumns=[],keyValidator=org.apache.cassandra.db.marshal.TimeUUIDType,columnMetadata=[requested_ranges, exception_message, keyspace_name, successful_ranges, started_at, finished_at, options, exception_stacktrace, parent_id, columnfamily_names],droppedColumns={},triggers=[],indexes=[]], org.apache.cassandra.config.CFMetaData@7e3fa1c0[cfId=5582b59f-8e4e-35e1-b913-3acada51eb04,ksName=system_distributed,cfName=view_build_status,flags=[COMPOUND],params=TableParams{comment=Materialized View build status, read_repair_chance=0.0, dclocal_read_repair_chance=0.0, bloom_filter_fp_chance=0.01, crc_check_chance=1.0, gc_grace_seconds=864000, default_time_to_live=0, memtable_flush_period_in_ms=3600000, min_index_interval=128, max_index_interval=2048, speculative_retry=99PERCENTILE, caching={'keys' : 'ALL', 'rows_per_partition' : 'NONE'}, compaction=CompactionParams{class=org.apache.cassandra.db.compaction.SizeTieredCompactionStrategy, options={min_threshold=4, max_threshold=32}}, compression=org.apache.cassandra.schema.CompressionParams@c747ec79, extensions={}, cdc=false},comparator=comparator(org.apache.cassandra.db.marshal.UUIDType),partitionColumns=[[] | [status]],partitionKeyColumns=[keyspace_name, view_name],clusteringColumns=[host_id],keyValidator=org.apache.cassandra.db.marshal.CompositeType(org.apache.cassandra.db.marshal.UTF8Type,org.apache.cassandra.db.marshal.UTF8Type),columnMetadata=[view_name, status, keyspace_name, host_id],droppedColumns={},triggers=[],indexes=[]]], views=[], functions=[], types=[]}
11:24:54.191 [MigrationStage:1] INFO  o.a.cassandra.db.view.ViewManager - Not submitting build tasks for views in keyspace system_distributed as storage service is not initialized
11:24:54.208 [MigrationStage:1] INFO  o.a.cassandra.db.ColumnFamilyStore - Initializing system_distributed.parent_repair_history
11:24:54.235 [MigrationStage:1] DEBUG org.apache.cassandra.config.Schema - Adding org.apache.cassandra.config.CFMetaData@52e069b4[cfId=deabd734-b99d-3b9c-92e5-fd92eb5abf14,ksName=system_distributed,cfName=parent_repair_history,flags=[COMPOUND],params=TableParams{comment=Repair history, read_repair_chance=0.0, dclocal_read_repair_chance=0.0, bloom_filter_fp_chance=0.01, crc_check_chance=1.0, gc_grace_seconds=864000, default_time_to_live=0, memtable_flush_period_in_ms=3600000, min_index_interval=128, max_index_interval=2048, speculative_retry=99PERCENTILE, caching={'keys' : 'ALL', 'rows_per_partition' : 'NONE'}, compaction=CompactionParams{class=org.apache.cassandra.db.compaction.SizeTieredCompactionStrategy, options={max_threshold=32, min_threshold=4}}, compression=org.apache.cassandra.schema.CompressionParams@c747ec79, extensions={}, cdc=false},comparator=comparator(),partitionColumns=[[] | [exception_message exception_stacktrace finished_at keyspace_name started_at columnfamily_names options requested_ranges successful_ranges]],partitionKeyColumns=[parent_id],clusteringColumns=[],keyValidator=org.apache.cassandra.db.marshal.TimeUUIDType,columnMetadata=[requested_ranges, exception_message, keyspace_name, successful_ranges, started_at, finished_at, options, exception_stacktrace, parent_id, columnfamily_names],droppedColumns={},triggers=[],indexes=[]] to cfIdMap
11:24:54.270 [MigrationStage:1] INFO  o.a.cassandra.db.ColumnFamilyStore - Initializing system_distributed.repair_history
11:24:54.273 [MigrationStage:1] DEBUG org.apache.cassandra.config.Schema - Adding org.apache.cassandra.config.CFMetaData@3d0e397e[cfId=759fffad-624b-3181-80ee-fa9a52d1f627,ksName=system_distributed,cfName=repair_history,flags=[COMPOUND],params=TableParams{comment=Repair history, read_repair_chance=0.0, dclocal_read_repair_chance=0.0, bloom_filter_fp_chance=0.01, crc_check_chance=1.0, gc_grace_seconds=864000, default_time_to_live=0, memtable_flush_period_in_ms=3600000, min_index_interval=128, max_index_interval=2048, speculative_retry=99PERCENTILE, caching={'keys' : 'ALL', 'rows_per_partition' : 'NONE'}, compaction=CompactionParams{class=org.apache.cassandra.db.compaction.SizeTieredCompactionStrategy, options={max_threshold=32, min_threshold=4}}, compression=org.apache.cassandra.schema.CompressionParams@c747ec79, extensions={}, cdc=false},comparator=comparator(org.apache.cassandra.db.marshal.TimeUUIDType),partitionColumns=[[] | [coordinator exception_message exception_stacktrace finished_at parent_id range_begin range_end started_at status participants]],partitionKeyColumns=[keyspace_name, columnfamily_name],clusteringColumns=[id],keyValidator=org.apache.cassandra.db.marshal.CompositeType(org.apache.cassandra.db.marshal.UTF8Type,org.apache.cassandra.db.marshal.UTF8Type),columnMetadata=[status, id, coordinator, finished_at, participants, exception_stacktrace, parent_id, range_end, range_begin, exception_message, keyspace_name, started_at, columnfamily_name],droppedColumns={},triggers=[],indexes=[]] to cfIdMap
11:24:54.288 [MigrationStage:1] INFO  o.a.cassandra.db.ColumnFamilyStore - Initializing system_distributed.view_build_status
11:24:54.290 [MigrationStage:1] DEBUG org.apache.cassandra.config.Schema - Adding org.apache.cassandra.config.CFMetaData@3c872936[cfId=5582b59f-8e4e-35e1-b913-3acada51eb04,ksName=system_distributed,cfName=view_build_status,flags=[COMPOUND],params=TableParams{comment=Materialized View build status, read_repair_chance=0.0, dclocal_read_repair_chance=0.0, bloom_filter_fp_chance=0.01, crc_check_chance=1.0, gc_grace_seconds=864000, default_time_to_live=0, memtable_flush_period_in_ms=3600000, min_index_interval=128, max_index_interval=2048, speculative_retry=99PERCENTILE, caching={'keys' : 'ALL', 'rows_per_partition' : 'NONE'}, compaction=CompactionParams{class=org.apache.cassandra.db.compaction.SizeTieredCompactionStrategy, options={max_threshold=32, min_threshold=4}}, compression=org.apache.cassandra.schema.CompressionParams@c747ec79, extensions={}, cdc=false},comparator=comparator(org.apache.cassandra.db.marshal.UUIDType),partitionColumns=[[] | [status]],partitionKeyColumns=[keyspace_name, view_name],clusteringColumns=[host_id],keyValidator=org.apache.cassandra.db.marshal.CompositeType(org.apache.cassandra.db.marshal.UTF8Type,org.apache.cassandra.db.marshal.UTF8Type),columnMetadata=[view_name, status, keyspace_name, host_id],droppedColumns={},triggers=[],indexes=[]] to cfIdMap
11:24:54.312 [MigrationStage:1] DEBUG o.a.c.service.MigrationManager - Gossiping my schema version 08893979-e349-379e-bf65-9da68db0f84b
11:24:54.313 [pool-2-thread-1] INFO  o.a.cassandra.service.StorageService - JOINING: Finish joining ring
11:24:54.330 [pool-2-thread-1] DEBUG o.a.cassandra.service.StorageService - Setting tokens to [7955050339415447626]
11:24:54.544 [pool-2-thread-1] DEBUG o.a.cassandra.service.StorageService - Node /127.0.0.1 state NORMAL, token [7955050339415447626]
11:24:54.624 [pool-2-thread-1] DEBUG o.a.cassandra.service.StorageService - New node /127.0.0.1 at token 7955050339415447626
11:24:54.998 [pool-2-thread-1] DEBUG o.a.cassandra.service.StorageService - NORMAL
11:24:55.068 [pool-2-thread-1] INFO  o.a.c.service.MigrationManager - Create new Keyspace: KeyspaceMetadata{name=system_auth, params=KeyspaceParams{durable_writes=true, replication=ReplicationParams{class=org.apache.cassandra.locator.SimpleStrategy, replication_factor=1}}, tables=[org.apache.cassandra.config.CFMetaData@1986e729[cfId=5bc52802-de25-35ed-aeab-188eecebb090,ksName=system_auth,cfName=roles,flags=[COMPOUND],params=TableParams{comment=role definitions, read_repair_chance=0.0, dclocal_read_repair_chance=0.0, bloom_filter_fp_chance=0.01, crc_check_chance=1.0, gc_grace_seconds=7776000, default_time_to_live=0, memtable_flush_period_in_ms=3600000, min_index_interval=128, max_index_interval=2048, speculative_retry=99PERCENTILE, caching={'keys' : 'ALL', 'rows_per_partition' : 'NONE'}, compaction=CompactionParams{class=org.apache.cassandra.db.compaction.SizeTieredCompactionStrategy, options={min_threshold=4, max_threshold=32}}, compression=org.apache.cassandra.schema.CompressionParams@c747ec79, extensions={}, cdc=false},comparator=comparator(),partitionColumns=[[] | [can_login is_superuser salted_hash member_of]],partitionKeyColumns=[role],clusteringColumns=[],keyValidator=org.apache.cassandra.db.marshal.UTF8Type,columnMetadata=[salted_hash, member_of, role, can_login, is_superuser],droppedColumns={},triggers=[],indexes=[]], org.apache.cassandra.config.CFMetaData@1f9c1ac[cfId=0ecdaa87-f8fb-3e60-88d1-74fb36fe5c0d,ksName=system_auth,cfName=role_members,flags=[COMPOUND],params=TableParams{comment=role memberships lookup table, read_repair_chance=0.0, dclocal_read_repair_chance=0.0, bloom_filter_fp_chance=0.01, crc_check_chance=1.0, gc_grace_seconds=7776000, default_time_to_live=0, memtable_flush_period_in_ms=3600000, min_index_interval=128, max_index_interval=2048, speculative_retry=99PERCENTILE, caching={'keys' : 'ALL', 'rows_per_partition' : 'NONE'}, compaction=CompactionParams{class=org.apache.cassandra.db.compaction.SizeTieredCompactionStrategy, options={min_threshold=4, max_threshold=32}}, compression=org.apache.cassandra.schema.CompressionParams@c747ec79, extensions={}, cdc=false},comparator=comparator(org.apache.cassandra.db.marshal.UTF8Type),partitionColumns=[[] | []],partitionKeyColumns=[role],clusteringColumns=[member],keyValidator=org.apache.cassandra.db.marshal.UTF8Type,columnMetadata=[role, member],droppedColumns={},triggers=[],indexes=[]], org.apache.cassandra.config.CFMetaData@6d2cf2d5[cfId=3afbe79f-2194-31a7-add7-f5ab90d8ec9c,ksName=system_auth,cfName=role_permissions,flags=[COMPOUND],params=TableParams{comment=permissions granted to db roles, read_repair_chance=0.0, dclocal_read_repair_chance=0.0, bloom_filter_fp_chance=0.01, crc_check_chance=1.0, gc_grace_seconds=7776000, default_time_to_live=0, memtable_flush_period_in_ms=3600000, min_index_interval=128, max_index_interval=2048, speculative_retry=99PERCENTILE, caching={'keys' : 'ALL', 'rows_per_partition' : 'NONE'}, compaction=CompactionParams{class=org.apache.cassandra.db.compaction.SizeTieredCompactionStrategy, options={min_threshold=4, max_threshold=32}}, compression=org.apache.cassandra.schema.CompressionParams@c747ec79, extensions={}, cdc=false},comparator=comparator(org.apache.cassandra.db.marshal.UTF8Type),partitionColumns=[[] | [permissions]],partitionKeyColumns=[role],clusteringColumns=[resource],keyValidator=org.apache.cassandra.db.marshal.UTF8Type,columnMetadata=[resource, permissions, role],droppedColumns={},triggers=[],indexes=[]], org.apache.cassandra.config.CFMetaData@6bddfcc9[cfId=5f2fbdad-91f1-3946-bd25-d5da3a5c35ec,ksName=system_auth,cfName=resource_role_permissons_index,flags=[COMPOUND],params=TableParams{comment=index of db roles with permissions granted on a resource, read_repair_chance=0.0, dclocal_read_repair_chance=0.0, bloom_filter_fp_chance=0.01, crc_check_chance=1.0, gc_grace_seconds=7776000, default_time_to_live=0, memtable_flush_period_in_ms=3600000, min_index_interval=128, max_index_interval=2048, speculative_retry=99PERCENTILE, caching={'keys' : 'ALL', 'rows_per_partition' : 'NONE'}, compaction=CompactionParams{class=org.apache.cassandra.db.compaction.SizeTieredCompactionStrategy, options={min_threshold=4, max_threshold=32}}, compression=org.apache.cassandra.schema.CompressionParams@c747ec79, extensions={}, cdc=false},comparator=comparator(org.apache.cassandra.db.marshal.UTF8Type),partitionColumns=[[] | []],partitionKeyColumns=[resource],clusteringColumns=[role],keyValidator=org.apache.cassandra.db.marshal.UTF8Type,columnMetadata=[resource, role],droppedColumns={},triggers=[],indexes=[]]], views=[], functions=[], types=[]}
11:24:55.184 [MigrationStage:1] INFO  o.a.cassandra.db.view.ViewManager - Not submitting build tasks for views in keyspace system_auth as storage service is not initialized
11:24:55.204 [MigrationStage:1] INFO  o.a.cassandra.db.ColumnFamilyStore - Initializing system_auth.resource_role_permissons_index
11:24:55.209 [MigrationStage:1] DEBUG org.apache.cassandra.config.Schema - Adding org.apache.cassandra.config.CFMetaData@5f05cf50[cfId=5f2fbdad-91f1-3946-bd25-d5da3a5c35ec,ksName=system_auth,cfName=resource_role_permissons_index,flags=[COMPOUND],params=TableParams{comment=index of db roles with permissions granted on a resource, read_repair_chance=0.0, dclocal_read_repair_chance=0.0, bloom_filter_fp_chance=0.01, crc_check_chance=1.0, gc_grace_seconds=7776000, default_time_to_live=0, memtable_flush_period_in_ms=3600000, min_index_interval=128, max_index_interval=2048, speculative_retry=99PERCENTILE, caching={'keys' : 'ALL', 'rows_per_partition' : 'NONE'}, compaction=CompactionParams{class=org.apache.cassandra.db.compaction.SizeTieredCompactionStrategy, options={max_threshold=32, min_threshold=4}}, compression=org.apache.cassandra.schema.CompressionParams@c747ec79, extensions={}, cdc=false},comparator=comparator(org.apache.cassandra.db.marshal.UTF8Type),partitionColumns=[[] | []],partitionKeyColumns=[resource],clusteringColumns=[role],keyValidator=org.apache.cassandra.db.marshal.UTF8Type,columnMetadata=[resource, role],droppedColumns={},triggers=[],indexes=[]] to cfIdMap
11:24:55.224 [MigrationStage:1] INFO  o.a.cassandra.db.ColumnFamilyStore - Initializing system_auth.role_members
11:24:55.227 [MigrationStage:1] DEBUG org.apache.cassandra.config.Schema - Adding org.apache.cassandra.config.CFMetaData@6defa81e[cfId=0ecdaa87-f8fb-3e60-88d1-74fb36fe5c0d,ksName=system_auth,cfName=role_members,flags=[COMPOUND],params=TableParams{comment=role memberships lookup table, read_repair_chance=0.0, dclocal_read_repair_chance=0.0, bloom_filter_fp_chance=0.01, crc_check_chance=1.0, gc_grace_seconds=7776000, default_time_to_live=0, memtable_flush_period_in_ms=3600000, min_index_interval=128, max_index_interval=2048, speculative_retry=99PERCENTILE, caching={'keys' : 'ALL', 'rows_per_partition' : 'NONE'}, compaction=CompactionParams{class=org.apache.cassandra.db.compaction.SizeTieredCompactionStrategy, options={max_threshold=32, min_threshold=4}}, compression=org.apache.cassandra.schema.CompressionParams@c747ec79, extensions={}, cdc=false},comparator=comparator(org.apache.cassandra.db.marshal.UTF8Type),partitionColumns=[[] | []],partitionKeyColumns=[role],clusteringColumns=[member],keyValidator=org.apache.cassandra.db.marshal.UTF8Type,columnMetadata=[role, member],droppedColumns={},triggers=[],indexes=[]] to cfIdMap
11:24:55.265 [MigrationStage:1] INFO  o.a.cassandra.db.ColumnFamilyStore - Initializing system_auth.role_permissions
11:24:55.269 [MigrationStage:1] DEBUG org.apache.cassandra.config.Schema - Adding org.apache.cassandra.config.CFMetaData@28741f3e[cfId=3afbe79f-2194-31a7-add7-f5ab90d8ec9c,ksName=system_auth,cfName=role_permissions,flags=[COMPOUND],params=TableParams{comment=permissions granted to db roles, read_repair_chance=0.0, dclocal_read_repair_chance=0.0, bloom_filter_fp_chance=0.01, crc_check_chance=1.0, gc_grace_seconds=7776000, default_time_to_live=0, memtable_flush_period_in_ms=3600000, min_index_interval=128, max_index_interval=2048, speculative_retry=99PERCENTILE, caching={'keys' : 'ALL', 'rows_per_partition' : 'NONE'}, compaction=CompactionParams{class=org.apache.cassandra.db.compaction.SizeTieredCompactionStrategy, options={max_threshold=32, min_threshold=4}}, compression=org.apache.cassandra.schema.CompressionParams@c747ec79, extensions={}, cdc=false},comparator=comparator(org.apache.cassandra.db.marshal.UTF8Type),partitionColumns=[[] | [permissions]],partitionKeyColumns=[role],clusteringColumns=[resource],keyValidator=org.apache.cassandra.db.marshal.UTF8Type,columnMetadata=[resource, permissions, role],droppedColumns={},triggers=[],indexes=[]] to cfIdMap
11:24:55.282 [MigrationStage:1] INFO  o.a.cassandra.db.ColumnFamilyStore - Initializing system_auth.roles
11:24:55.285 [MigrationStage:1] DEBUG org.apache.cassandra.config.Schema - Adding org.apache.cassandra.config.CFMetaData@139b3ef6[cfId=5bc52802-de25-35ed-aeab-188eecebb090,ksName=system_auth,cfName=roles,flags=[COMPOUND],params=TableParams{comment=role definitions, read_repair_chance=0.0, dclocal_read_repair_chance=0.0, bloom_filter_fp_chance=0.01, crc_check_chance=1.0, gc_grace_seconds=7776000, default_time_to_live=0, memtable_flush_period_in_ms=3600000, min_index_interval=128, max_index_interval=2048, speculative_retry=99PERCENTILE, caching={'keys' : 'ALL', 'rows_per_partition' : 'NONE'}, compaction=CompactionParams{class=org.apache.cassandra.db.compaction.SizeTieredCompactionStrategy, options={max_threshold=32, min_threshold=4}}, compression=org.apache.cassandra.schema.CompressionParams@c747ec79, extensions={}, cdc=false},comparator=comparator(),partitionColumns=[[] | [can_login is_superuser salted_hash member_of]],partitionKeyColumns=[role],clusteringColumns=[],keyValidator=org.apache.cassandra.db.marshal.UTF8Type,columnMetadata=[salted_hash, member_of, role, can_login, is_superuser],droppedColumns={},triggers=[],indexes=[]] to cfIdMap
11:24:55.311 [MigrationStage:1] DEBUG o.a.c.service.MigrationManager - Gossiping my schema version ea63e099-37c5-3d7b-9ace-32f4c833653d
11:24:56.122 [pool-2-thread-1] DEBUG i.n.c.MultithreadEventLoopGroup - -Dio.netty.eventLoopThreads: 8
11:24:56.809 [pool-2-thread-1] DEBUG i.n.util.internal.PlatformDependent0 - -Dio.netty.noUnsafe: false
11:24:56.814 [pool-2-thread-1] DEBUG i.n.util.internal.PlatformDependent0 - Java version: 8
11:24:56.820 [pool-2-thread-1] DEBUG i.n.util.internal.PlatformDependent0 - sun.misc.Unsafe.theUnsafe: available
11:24:56.824 [pool-2-thread-1] DEBUG i.n.util.internal.PlatformDependent0 - sun.misc.Unsafe.copyMemory: available
11:24:56.827 [pool-2-thread-1] DEBUG i.n.util.internal.PlatformDependent0 - java.nio.Buffer.address: available
11:24:56.830 [pool-2-thread-1] DEBUG i.n.util.internal.PlatformDependent0 - direct buffer constructor: available
11:24:56.835 [pool-2-thread-1] DEBUG i.n.util.internal.PlatformDependent0 - java.nio.Bits.unaligned: available, true
11:24:56.835 [pool-2-thread-1] DEBUG i.n.util.internal.PlatformDependent0 - jdk.internal.misc.Unsafe.allocateUninitializedArray(int): unavailable prior to Java9
11:24:56.835 [pool-2-thread-1] DEBUG i.n.util.internal.PlatformDependent0 - java.nio.DirectByteBuffer.<init>(long, int): available
11:24:56.835 [pool-2-thread-1] DEBUG i.n.util.internal.PlatformDependent - sun.misc.Unsafe: available
11:24:56.978 [pool-2-thread-1] DEBUG i.n.util.internal.PlatformDependent - -Dio.netty.tmpdir: /tmp (java.io.tmpdir)
11:24:56.978 [pool-2-thread-1] DEBUG i.n.util.internal.PlatformDependent - -Dio.netty.bitMode: 64 (sun.arch.data.model)
11:24:56.991 [pool-2-thread-1] DEBUG i.n.util.internal.PlatformDependent - -Dio.netty.noPreferDirect: false
11:24:56.992 [pool-2-thread-1] DEBUG i.n.util.internal.PlatformDependent - -Dio.netty.maxDirectMemory: 3741319168 bytes
11:24:56.992 [pool-2-thread-1] DEBUG i.n.util.internal.PlatformDependent - -Dio.netty.uninitializedArrayAllocationThreshold: -1
11:24:56.997 [pool-2-thread-1] DEBUG io.netty.util.internal.CleanerJava6 - java.nio.ByteBuffer.cleaner(): available
11:24:57.478 [pool-2-thread-1] DEBUG io.netty.channel.nio.NioEventLoop - -Dio.netty.noKeySetOptimization: false
11:24:57.478 [pool-2-thread-1] DEBUG io.netty.channel.nio.NioEventLoop - -Dio.netty.selectorAutoRebuildThreshold: 512
11:24:57.633 [pool-2-thread-1] DEBUG i.n.util.internal.PlatformDependent - org.jctools-core.MpscChunkedArrayQueue: available
11:24:57.989 [pool-2-thread-1] INFO  o.a.c.service.NativeTransportService - Netty using Java NIO event loop
11:24:59.651 [pool-2-thread-1] DEBUG io.netty.util.ResourceLeakDetector - -Dio.netty.leakDetection.level: simple
11:24:59.652 [pool-2-thread-1] DEBUG io.netty.util.ResourceLeakDetector - -Dio.netty.leakDetection.targetRecords: 4
11:24:59.821 [pool-2-thread-1] DEBUG i.n.buffer.PooledByteBufAllocator - -Dio.netty.allocator.numHeapArenas: 8
11:24:59.821 [pool-2-thread-1] DEBUG i.n.buffer.PooledByteBufAllocator - -Dio.netty.allocator.numDirectArenas: 8
11:24:59.821 [pool-2-thread-1] DEBUG i.n.buffer.PooledByteBufAllocator - -Dio.netty.allocator.pageSize: 8192
11:24:59.822 [pool-2-thread-1] DEBUG i.n.buffer.PooledByteBufAllocator - -Dio.netty.allocator.maxOrder: 11
11:24:59.822 [pool-2-thread-1] DEBUG i.n.buffer.PooledByteBufAllocator - -Dio.netty.allocator.chunkSize: 16777216
11:24:59.822 [pool-2-thread-1] DEBUG i.n.buffer.PooledByteBufAllocator - -Dio.netty.allocator.tinyCacheSize: 512
11:24:59.822 [pool-2-thread-1] DEBUG i.n.buffer.PooledByteBufAllocator - -Dio.netty.allocator.smallCacheSize: 256
11:24:59.822 [pool-2-thread-1] DEBUG i.n.buffer.PooledByteBufAllocator - -Dio.netty.allocator.normalCacheSize: 64
11:24:59.822 [pool-2-thread-1] DEBUG i.n.buffer.PooledByteBufAllocator - -Dio.netty.allocator.maxCachedBufferCapacity: 32768
11:24:59.822 [pool-2-thread-1] DEBUG i.n.buffer.PooledByteBufAllocator - -Dio.netty.allocator.cacheTrimInterval: 8192
11:24:59.823 [pool-2-thread-1] DEBUG i.n.buffer.PooledByteBufAllocator - -Dio.netty.allocator.useCacheForAllThreads: true
11:25:00.369 [pool-2-thread-1] INFO  o.apache.cassandra.transport.Server - Using Netty Version: [netty-buffer=netty-buffer-4.1.19.Final.0786c4c, netty-codec=netty-codec-4.1.19.Final.0786c4c, netty-codec-http=netty-codec-http-4.1.19.Final.0786c4c, netty-codec-http2=netty-codec-http2-4.1.19.Final.0786c4c, netty-codec-socks=netty-codec-socks-4.1.19.Final.0786c4c, netty-common=netty-common-4.1.19.Final.0786c4c, netty-handler=netty-handler-4.0.47.Final.9c432f8, netty-handler-proxy=netty-handler-proxy-4.1.19.Final.0786c4c, netty-resolver=netty-resolver-4.1.19.Final.0786c4c, netty-tcnative-boringssl-static=netty-tcnative-boringssl-static-2.0.7.Final.5b9e43b, netty-transport=netty-transport-4.1.19.Final.0786c4c]
11:25:00.370 [pool-2-thread-1] INFO  o.apache.cassandra.transport.Server - Starting listening for CQL clients on localhost/127.0.0.1:9142 (unencrypted)...
11:25:00.530 [pool-2-thread-1] DEBUG io.netty.channel.DefaultChannelId - -Dio.netty.processId: 340 (auto-detected)
11:25:00.544 [pool-2-thread-1] DEBUG io.netty.util.NetUtil - -Djava.net.preferIPv4Stack: false
11:25:00.544 [pool-2-thread-1] DEBUG io.netty.util.NetUtil - -Djava.net.preferIPv6Addresses: false
11:25:00.552 [pool-2-thread-1] DEBUG io.netty.util.NetUtil - Loopback interface: lo (lo, 0:0:0:0:0:0:0:1%lo)
11:25:00.566 [pool-2-thread-1] DEBUG io.netty.util.NetUtil - /proc/sys/net/core/somaxconn: 128
11:25:00.571 [pool-2-thread-1] DEBUG io.netty.channel.DefaultChannelId - -Dio.netty.machineId: 02:42:ac:ff:fe:11:06:25 (auto-detected)
11:25:00.895 [pool-2-thread-1] DEBUG io.netty.buffer.ByteBufUtil - -Dio.netty.allocator.type: pooled
11:25:00.895 [pool-2-thread-1] DEBUG io.netty.buffer.ByteBufUtil - -Dio.netty.threadLocalDirectBufferSize: 65536
11:25:00.895 [pool-2-thread-1] DEBUG io.netty.buffer.ByteBufUtil - -Dio.netty.maxThreadLocalCharBufferSize: 16384
11:25:03.081 [pool-2-thread-1] INFO  o.a.cassandra.thrift.ThriftServer - Binding thrift service to localhost/127.0.0.1:9171
11:25:03.333 [Thread-2] INFO  o.a.cassandra.thrift.ThriftServer - Listening for thrift clients...
11:25:04.709 [main] DEBUG o.w.t.h.n.s.c.BootstrapConfiguration - client.bootstrap.nodelay: true
11:25:04.710 [main] DEBUG o.w.t.h.n.s.c.BootstrapConfiguration - client.bootstrap.connect.timeout:15000
11:25:04.710 [main] DEBUG o.w.t.h.n.s.c.BootstrapConfiguration - client.bootstrap.recievebuffersize:1048576
11:25:04.710 [main] DEBUG o.w.t.h.n.s.c.BootstrapConfiguration - client.bootstrap.sendbuffersize:1048576
11:25:04.711 [main] DEBUG o.w.t.h.n.s.c.BootstrapConfiguration - client.bootstrap.socket.timeout:60
11:25:04.711 [main] DEBUG o.w.t.h.n.s.c.BootstrapConfiguration - client.bootstrap.keepalive:true
11:25:04.711 [main] DEBUG o.w.t.h.n.s.c.BootstrapConfiguration - client.bootstrap.socket.reuse:false
11:25:04.847 [main] DEBUG o.w.t.h.netty.common.ssl.SSLConfig - Using key storenull
11:25:04.848 [main] DEBUG o.w.t.h.netty.common.ssl.SSLConfig - Using trust store/root/workspace/wso2-ballerina/package-cassandra/405259561/component/target/bre/security/ballerinaTruststore.p12
11:25:04.848 [main] DEBUG o.w.t.h.netty.common.ssl.SSLConfig - Set SSLProtocolTLS
11:25:06.376 [main] DEBUG io.netty.buffer.AbstractByteBuf - -Dio.netty.buffer.bytebuf.checkAccessible: true
11:25:06.398 [main] DEBUG i.n.util.ResourceLeakDetectorFactory - Loaded default ResourceLeakDetector: io.netty.util.ResourceLeakDetector@51ddc08e
11:25:06.843 [OptionalTasks:1] WARN  o.apache.cassandra.utils.FBUtilities - Trigger directory doesn't exist, please create it and try again.
11:25:06.883 [main] DEBUG o.w.t.h.n.c.HttpClientConnector - SRC_HANDLER property not found in the message. Message is not originated from the HTTP Server connector
11:25:06.962 [OptionalTasks:1] INFO  o.a.c.auth.CassandraRoleManager - Created default superuser role 'cassandra'
11:25:07.141 [main] DEBUG o.w.t.h.n.s.c.pool.ConnectionManager - Creating a pool with org.apache.commons.pool.impl.GenericObjectPool$Config@37c9f521
11:25:07.385 [main] DEBUG o.w.t.h.netty.common.ssl.SSLConfig - Using key storenull
11:25:07.385 [main] DEBUG o.w.t.h.netty.common.ssl.SSLConfig - Using trust store/root/workspace/wso2-ballerina/package-cassandra/405259561/component/target/bre/security/ballerinaTruststore.p12
11:25:07.386 [main] DEBUG o.w.t.h.netty.common.ssl.SSLConfig - Set SSLProtocolTLS
11:25:08.633 [main] DEBUG o.w.t.h.n.s.c.p.PoolableTargetChannelFactory - Created new TCP client bootstrap connecting to api.central.ballerina.io:443 with options: Bootstrap(BootstrapConfig(group: NioEventLoopGroup, channelFactory: NioSocketChannel.class, options: {SO_KEEPALIVE=true, TCP_NODELAY=true, SO_REUSEADDR=false, CONNECT_TIMEOUT_MILLIS=15000}, resolver: io.netty.resolver.DefaultAddressResolverGroup@25f546b8))
11:25:08.923 [main] DEBUG o.w.t.h.n.s.c.p.PoolableTargetChannelFactory - Created channel: api.central.ballerina.io-443
11:25:09.066 [nioEventLoopGroup-8-1] DEBUG o.w.transport.http.netty.common.Util - adding ssl handler
11:25:09.066 [nioEventLoopGroup-8-1] DEBUG o.w.t.h.netty.common.ssl.SSLConfig - Using key storenull
11:25:09.067 [nioEventLoopGroup-8-1] DEBUG o.w.t.h.netty.common.ssl.SSLConfig - Using trust store/root/workspace/wso2-ballerina/package-cassandra/405259561/component/target/bre/security/ballerinaTruststore.p12
11:25:09.067 [nioEventLoopGroup-8-1] DEBUG o.w.t.h.netty.common.ssl.SSLConfig - Set SSLProtocolTLS
11:25:09.184 [nioEventLoopGroup-8-1] WARN  io.netty.channel.ChannelInitializer - Failed to initialize a channel. Closing: [id: 0xb5992fa6]
java.lang.IllegalArgumentException: Failed to initialize the SSLContext
	at org.wso2.transport.http.netty.common.ssl.SSLHandlerFactory.<init>(SSLHandlerFactory.java:97) ~[org.wso2.transport.http.netty-6.0.212.jar:na]
	at org.wso2.transport.http.netty.common.Util.instantiateAndConfigSSL(Util.java:437) ~[org.wso2.transport.http.netty-6.0.212.jar:na]
	at org.wso2.transport.http.netty.common.Util.configureHttpPipelineForSSL(Util.java:413) ~[org.wso2.transport.http.netty-6.0.212.jar:na]
	at org.wso2.transport.http.netty.sender.HttpClientChannelInitializer.initChannel(HttpClientChannelInitializer.java:143) ~[org.wso2.transport.http.netty-6.0.212.jar:na]
	at org.wso2.transport.http.netty.sender.HttpClientChannelInitializer.initChannel(HttpClientChannelInitializer.java:66) ~[org.wso2.transport.http.netty-6.0.212.jar:na]
	at io.netty.channel.ChannelInitializer.initChannel(ChannelInitializer.java:113) [netty-transport-4.1.19.Final.jar:4.1.19.Final]
	at io.netty.channel.ChannelInitializer.handlerAdded(ChannelInitializer.java:105) [netty-transport-4.1.19.Final.jar:4.1.19.Final]
	at io.netty.channel.DefaultChannelPipeline.callHandlerAdded0(DefaultChannelPipeline.java:606) [netty-transport-4.1.19.Final.jar:4.1.19.Final]
	at io.netty.channel.DefaultChannelPipeline.access$000(DefaultChannelPipeline.java:46) [netty-transport-4.1.19.Final.jar:4.1.19.Final]
	at io.netty.channel.DefaultChannelPipeline$PendingHandlerAddedTask.execute(DefaultChannelPipeline.java:1412) [netty-transport-4.1.19.Final.jar:4.1.19.Final]
	at io.netty.channel.DefaultChannelPipeline.callHandlerAddedForAllHandlers(DefaultChannelPipeline.java:1131) [netty-transport-4.1.19.Final.jar:4.1.19.Final]
	at io.netty.channel.DefaultChannelPipeline.invokeHandlerAddedIfNeeded(DefaultChannelPipeline.java:656) [netty-transport-4.1.19.Final.jar:4.1.19.Final]
	at io.netty.channel.AbstractChannel$AbstractUnsafe.register0(AbstractChannel.java:510) [netty-transport-4.1.19.Final.jar:4.1.19.Final]
	at io.netty.channel.AbstractChannel$AbstractUnsafe.access$200(AbstractChannel.java:423) [netty-transport-4.1.19.Final.jar:4.1.19.Final]
	at io.netty.channel.AbstractChannel$AbstractUnsafe$1.run(AbstractChannel.java:482) [netty-transport-4.1.19.Final.jar:4.1.19.Final]
	at io.netty.util.concurrent.AbstractEventExecutor.safeExecute(AbstractEventExecutor.java:163) [netty-common-4.1.19.Final.jar:4.1.19.Final]
	at io.netty.util.concurrent.SingleThreadEventExecutor.runAllTasks(SingleThreadEventExecutor.java:404) [netty-common-4.1.19.Final.jar:4.1.19.Final]
	at io.netty.channel.nio.NioEventLoop.run(NioEventLoop.java:463) [netty-transport-4.1.19.Final.jar:4.1.19.Final]
	at io.netty.util.concurrent.SingleThreadEventExecutor$5.run(SingleThreadEventExecutor.java:886) [netty-common-4.1.19.Final.jar:4.1.19.Final]
	at io.netty.util.concurrent.FastThreadLocalRunnable.run(FastThreadLocalRunnable.java:30) [netty-common-4.1.19.Final.jar:4.1.19.Final]
	at java.lang.Thread.run(Thread.java:745) [na:1.8.0_121]
Caused by: java.io.FileNotFoundException: /root/workspace/wso2-ballerina/package-cassandra/405259561/component/target/bre/security/ballerinaTruststore.p12 (No such file or directory)
	at java.io.FileInputStream.open0(Native Method) ~[na:1.8.0_121]
	at java.io.FileInputStream.open(FileInputStream.java:195) ~[na:1.8.0_121]
	at java.io.FileInputStream.<init>(FileInputStream.java:138) ~[na:1.8.0_121]
	at org.wso2.transport.http.netty.common.ssl.SSLHandlerFactory.getKeyStore(SSLHandlerFactory.java:105) ~[org.wso2.transport.http.netty-6.0.212.jar:na]
	at org.wso2.transport.http.netty.common.ssl.SSLHandlerFactory.<init>(SSLHandlerFactory.java:87) ~[org.wso2.transport.http.netty-6.0.212.jar:na]
	... 20 common frames omitted
	connection to the remote host failed : null
]]></system-out>
  </testcase>
  <testcase name="testInsertRawParams" classname="org.ballerinalang.cassandra.actions.CassandraActionsTest" time="0">
    <skipped/>
  </testcase>
  <testcase name="testKeySpaceCreation" classname="org.ballerinalang.cassandra.actions.CassandraActionsTest" time="0">
    <skipped/>
  </testcase>
  <testcase name="testSelect" classname="org.ballerinalang.cassandra.actions.CassandraActionsTest" time="0">
    <skipped/>
  </testcase>
  <testcase name="testSelectExceptionScenario" classname="org.ballerinalang.cassandra.actions.CassandraActionsTest" time="0">
    <skipped/>
  </testcase>
  <testcase name="testSelectWithNilParams" classname="org.ballerinalang.cassandra.actions.CassandraActionsTest" time="0">
    <skipped/>
  </testcase>
  <testcase name="testSelectWithParamArray" classname="org.ballerinalang.cassandra.actions.CassandraActionsTest" time="0">
    <skipped/>
  </testcase>
  <testcase name="testTableCreation" classname="org.ballerinalang.cassandra.actions.CassandraActionsTest" time="0">
    <skipped/>
  </testcase>
  <testcase name="testUpdateExceptionScenario" classname="org.ballerinalang.cassandra.actions.CassandraActionsTest" time="0">
    <skipped/>
  </testcase>
  <testcase name="testConnectionInitWithAdditionalConParams" classname="org.ballerinalang.cassandra.actions.CassandraConnectionInitTest" time="0">
    <skipped message="Cassandra daemon did not start within timeout"/>
    <system-out><![CDATA[    cassandra-connection-init-test.bal
11:25:10.974 [main] DEBUG o.w.t.h.n.s.c.BootstrapConfiguration - client.bootstrap.nodelay: true
11:25:10.974 [main] DEBUG o.w.t.h.n.s.c.BootstrapConfiguration - client.bootstrap.connect.timeout:15000
11:25:10.974 [main] DEBUG o.w.t.h.n.s.c.BootstrapConfiguration - client.bootstrap.recievebuffersize:1048576
11:25:10.974 [main] DEBUG o.w.t.h.n.s.c.BootstrapConfiguration - client.bootstrap.sendbuffersize:1048576
11:25:10.974 [main] DEBUG o.w.t.h.n.s.c.BootstrapConfiguration - client.bootstrap.socket.timeout:60
11:25:10.974 [main] DEBUG o.w.t.h.n.s.c.BootstrapConfiguration - client.bootstrap.keepalive:true
11:25:10.974 [main] DEBUG o.w.t.h.n.s.c.BootstrapConfiguration - client.bootstrap.socket.reuse:false
11:25:10.974 [main] DEBUG o.w.t.h.netty.common.ssl.SSLConfig - Using key storenull
11:25:10.974 [main] DEBUG o.w.t.h.netty.common.ssl.SSLConfig - Using trust store/root/workspace/wso2-ballerina/package-cassandra/405259561/component/target/bre/security/ballerinaTruststore.p12
11:25:10.974 [main] DEBUG o.w.t.h.netty.common.ssl.SSLConfig - Set SSLProtocolTLS
11:25:10.983 [main] DEBUG o.w.t.h.n.c.HttpClientConnector - SRC_HANDLER property not found in the message. Message is not originated from the HTTP Server connector
11:25:10.983 [main] DEBUG o.w.t.h.n.s.c.pool.ConnectionManager - Creating a pool with org.apache.commons.pool.impl.GenericObjectPool$Config@3881f391
11:25:10.983 [main] DEBUG o.w.t.h.netty.common.ssl.SSLConfig - Using key storenull
11:25:10.984 [main] DEBUG o.w.t.h.netty.common.ssl.SSLConfig - Using trust store/root/workspace/wso2-ballerina/package-cassandra/405259561/component/target/bre/security/ballerinaTruststore.p12
11:25:10.984 [main] DEBUG o.w.t.h.netty.common.ssl.SSLConfig - Set SSLProtocolTLS
11:25:10.985 [main] DEBUG o.w.t.h.n.s.c.p.PoolableTargetChannelFactory - Created new TCP client bootstrap connecting to api.central.ballerina.io:443 with options: Bootstrap(BootstrapConfig(group: NioEventLoopGroup, channelFactory: NioSocketChannel.class, options: {SO_KEEPALIVE=true, TCP_NODELAY=true, SO_REUSEADDR=false, CONNECT_TIMEOUT_MILLIS=15000}, resolver: io.netty.resolver.DefaultAddressResolverGroup@25f546b8))
11:25:10.986 [main] DEBUG o.w.t.h.n.s.c.p.PoolableTargetChannelFactory - Created channel: api.central.ballerina.io-443
11:25:10.988 [nioEventLoopGroup-8-2] DEBUG o.w.transport.http.netty.common.Util - adding ssl handler
11:25:10.988 [nioEventLoopGroup-8-2] DEBUG o.w.t.h.netty.common.ssl.SSLConfig - Using key storenull
11:25:10.989 [nioEventLoopGroup-8-2] DEBUG o.w.t.h.netty.common.ssl.SSLConfig - Using trust store/root/workspace/wso2-ballerina/package-cassandra/405259561/component/target/bre/security/ballerinaTruststore.p12
11:25:10.989 [nioEventLoopGroup-8-2] DEBUG o.w.t.h.netty.common.ssl.SSLConfig - Set SSLProtocolTLS
11:25:10.991 [nioEventLoopGroup-8-2] WARN  io.netty.channel.ChannelInitializer - Failed to initialize a channel. Closing: [id: 0x5b5d6bd7]
java.lang.IllegalArgumentException: Failed to initialize the SSLContext
	at org.wso2.transport.http.netty.common.ssl.SSLHandlerFactory.<init>(SSLHandlerFactory.java:97) ~[org.wso2.transport.http.netty-6.0.212.jar:na]
	at org.wso2.transport.http.netty.common.Util.instantiateAndConfigSSL(Util.java:437) ~[org.wso2.transport.http.netty-6.0.212.jar:na]
	at org.wso2.transport.http.netty.common.Util.configureHttpPipelineForSSL(Util.java:413) ~[org.wso2.transport.http.netty-6.0.212.jar:na]
	at org.wso2.transport.http.netty.sender.HttpClientChannelInitializer.initChannel(HttpClientChannelInitializer.java:143) ~[org.wso2.transport.http.netty-6.0.212.jar:na]
	at org.wso2.transport.http.netty.sender.HttpClientChannelInitializer.initChannel(HttpClientChannelInitializer.java:66) ~[org.wso2.transport.http.netty-6.0.212.jar:na]
	at io.netty.channel.ChannelInitializer.initChannel(ChannelInitializer.java:113) [netty-transport-4.1.19.Final.jar:4.1.19.Final]
	at io.netty.channel.ChannelInitializer.handlerAdded(ChannelInitializer.java:105) [netty-transport-4.1.19.Final.jar:4.1.19.Final]
	at io.netty.channel.DefaultChannelPipeline.callHandlerAdded0(DefaultChannelPipeline.java:606) [netty-transport-4.1.19.Final.jar:4.1.19.Final]
	at io.netty.channel.DefaultChannelPipeline.access$000(DefaultChannelPipeline.java:46) [netty-transport-4.1.19.Final.jar:4.1.19.Final]
	at io.netty.channel.DefaultChannelPipeline$PendingHandlerAddedTask.execute(DefaultChannelPipeline.java:1412) [netty-transport-4.1.19.Final.jar:4.1.19.Final]
	at io.netty.channel.DefaultChannelPipeline.callHandlerAddedForAllHandlers(DefaultChannelPipeline.java:1131) [netty-transport-4.1.19.Final.jar:4.1.19.Final]
	at io.netty.channel.DefaultChannelPipeline.invokeHandlerAddedIfNeeded(DefaultChannelPipeline.java:656) [netty-transport-4.1.19.Final.jar:4.1.19.Final]
	at io.netty.channel.AbstractChannel$AbstractUnsafe.register0(AbstractChannel.java:510) [netty-transport-4.1.19.Final.jar:4.1.19.Final]
	at io.netty.channel.AbstractChannel$AbstractUnsafe.access$200(AbstractChannel.java:423) [netty-transport-4.1.19.Final.jar:4.1.19.Final]
	at io.netty.channel.AbstractChannel$AbstractUnsafe$1.run(AbstractChannel.java:482) [netty-transport-4.1.19.Final.jar:4.1.19.Final]
	at io.netty.util.concurrent.AbstractEventExecutor.safeExecute(AbstractEventExecutor.java:163) [netty-common-4.1.19.Final.jar:4.1.19.Final]
	at io.netty.util.concurrent.SingleThreadEventExecutor.runAllTasks(SingleThreadEventExecutor.java:404) [netty-common-4.1.19.Final.jar:4.1.19.Final]
	at io.netty.channel.nio.NioEventLoop.run(NioEventLoop.java:463) [netty-transport-4.1.19.Final.jar:4.1.19.Final]
	at io.netty.util.concurrent.SingleThreadEventExecutor$5.run(SingleThreadEventExecutor.java:886) [netty-common-4.1.19.Final.jar:4.1.19.Final]
	at io.netty.util.concurrent.FastThreadLocalRunnable.run(FastThreadLocalRunnable.java:30) [netty-common-4.1.19.Final.jar:4.1.19.Final]
	at java.lang.Thread.run(Thread.java:745) [na:1.8.0_121]
Caused by: java.io.FileNotFoundException: /root/workspace/wso2-ballerina/package-cassandra/405259561/component/target/bre/security/ballerinaTruststore.p12 (No such file or directory)
	at java.io.FileInputStream.open0(Native Method) ~[na:1.8.0_121]
	at java.io.FileInputStream.open(FileInputStream.java:195) ~[na:1.8.0_121]
	at java.io.FileInputStream.<init>(FileInputStream.java:138) ~[na:1.8.0_121]
	at org.wso2.transport.http.netty.common.ssl.SSLHandlerFactory.getKeyStore(SSLHandlerFactory.java:105) ~[org.wso2.transport.http.netty-6.0.212.jar:na]
	at org.wso2.transport.http.netty.common.ssl.SSLHandlerFactory.<init>(SSLHandlerFactory.java:87) ~[org.wso2.transport.http.netty-6.0.212.jar:na]
	... 20 common frames omitted
	connection to the remote host failed : null
]]></system-out>
  </testcase>
  <testcase name="testConnectionInitWithInvalidConsistencyLevel" classname="org.ballerinalang.cassandra.actions.CassandraConnectionInitTest" time="0">
    <skipped message="Cassandra daemon did not start within timeout"/>
  </testcase>
  <testcase name="testConnectionInitWithInvalidLBPolicy" classname="org.ballerinalang.cassandra.actions.CassandraConnectionInitTest" time="0">
    <skipped message="Cassandra daemon did not start within timeout"/>
  </testcase>
  <testcase name="testConnectionInitWithInvalidReconnectionPolicy" classname="org.ballerinalang.cassandra.actions.CassandraConnectionInitTest" time="0">
    <skipped message="Cassandra daemon did not start within timeout"/>
  </testcase>
  <testcase name="testConnectionInitWithInvalidRetryPolicy" classname="org.ballerinalang.cassandra.actions.CassandraConnectionInitTest" time="0">
    <skipped message="Cassandra daemon did not start within timeout"/>
  </testcase>
  <testcase name="testConnectionInitWithInvalidSerialConsistencyLevel" classname="org.ballerinalang.cassandra.actions.CassandraConnectionInitTest" time="0">
    <skipped message="Cassandra daemon did not start within timeout"/>
  </testcase>
  <testcase name="testConnectionInitWithLBPolicy" classname="org.ballerinalang.cassandra.actions.CassandraConnectionInitTest" time="0">
    <skipped message="Cassandra daemon did not start within timeout"/>
  </testcase>
  <testcase name="testConnectionInitWithPoolingOptions" classname="org.ballerinalang.cassandra.actions.CassandraConnectionInitTest" time="0">
    <skipped message="Cassandra daemon did not start within timeout"/>
  </testcase>
  <testcase name="testConnectionInitWithProtocolOptions" classname="org.ballerinalang.cassandra.actions.CassandraConnectionInitTest" time="0">
    <skipped message="Cassandra daemon did not start within timeout"/>
  </testcase>
  <testcase name="testConnectionInitWithQueryOptions" classname="org.ballerinalang.cassandra.actions.CassandraConnectionInitTest" time="0">
    <skipped message="Cassandra daemon did not start within timeout"/>
  </testcase>
  <testcase name="testConnectionInitWithReconnectionPolicy" classname="org.ballerinalang.cassandra.actions.CassandraConnectionInitTest" time="0">
    <skipped message="Cassandra daemon did not start within timeout"/>
  </testcase>
  <testcase name="testConnectionInitWithRetryPolicy" classname="org.ballerinalang.cassandra.actions.CassandraConnectionInitTest" time="0">
    <skipped message="Cassandra daemon did not start within timeout"/>
  </testcase>
  <testcase name="testConnectionInitWithSocketOptions" classname="org.ballerinalang.cassandra.actions.CassandraConnectionInitTest" time="0">
    <skipped message="Cassandra daemon did not start within timeout"/>
  </testcase>
  <testcase name="stopCassandraServer" classname="org.ballerinalang.cassandra.actions.CassandraBaseTest" time="61.821">
    <failure type="java.lang.NullPointerException">java.lang.NullPointerException
	at org.ballerinalang.cassandra.actions.CassandraBaseTest.stopCassandraServer(CassandraBaseTest.java:55)
</failure>
  </testcase>
</testsuite>