<?xml version="1.0" encoding="UTF-8"?>
<testsuite xmlns:xsi="http://www.w3.org/2001/XMLSchema-instance" xsi:noNamespaceSchemaLocation="https://maven.apache.org/surefire/maven-surefire-plugin/xsd/surefire-test-report.xsd" name="org.hibernate.search.test.query.LuceneQueryTest" time="1.264" tests="20" errors="0" skipped="0" failures="0">
  <properties>
    <property name="awt.toolkit" value="sun.awt.X11.XToolkit"/>
    <property name="file.encoding.pkg" value="sun.io"/>
    <property name="java.specification.version" value="1.8"/>
    <property name="sun.cpu.isalist" value=""/>
    <property name="sun.jnu.encoding" value="UTF-8"/>
    <property name="java.class.path" value="/root/workspace/yrodiere/hibernate-search/386544315/legacy/orm/target/test-classes:/root/workspace/yrodiere/hibernate-search/386544315/legacy/orm/target/classes:/root/workspace/yrodiere/hibernate-search/386544315/legacy/engine/target/classes:/root/./workspace/yrodiere/hibernate-search/386544315/.m2/org/hibernate/common/hibernate-commons-annotations/5.0.3.Final/hibernate-commons-annotations-5.0.3.Final.jar:/root/./workspace/yrodiere/hibernate-search/386544315/.m2/org/apache/lucene/lucene-core/5.5.5/lucene-core-5.5.5.jar:/root/./workspace/yrodiere/hibernate-search/386544315/.m2/org/apache/lucene/lucene-misc/5.5.5/lucene-misc-5.5.5.jar:/root/./workspace/yrodiere/hibernate-search/386544315/.m2/org/apache/lucene/lucene-analyzers-common/5.5.5/lucene-analyzers-common-5.5.5.jar:/root/./workspace/yrodiere/hibernate-search/386544315/.m2/org/apache/lucene/lucene-facet/5.5.5/lucene-facet-5.5.5.jar:/root/./workspace/yrodiere/hibernate-search/386544315/.m2/org/jboss/logging/jboss-logging/3.3.2.Final/jboss-logging-3.3.2.Final.jar:/root/./workspace/yrodiere/hibernate-search/386544315/.m2/org/hibernate/hibernate-core/5.3.1.Final/hibernate-core-5.3.1.Final.jar:/root/./workspace/yrodiere/hibernate-search/386544315/.m2/org/javassist/javassist/3.22.0-GA/javassist-3.22.0-GA.jar:/root/./workspace/yrodiere/hibernate-search/386544315/.m2/antlr/antlr/2.7.7/antlr-2.7.7.jar:/root/./workspace/yrodiere/hibernate-search/386544315/.m2/org/jboss/jandex/2.0.3.Final/jandex-2.0.3.Final.jar:/root/./workspace/yrodiere/hibernate-search/386544315/.m2/com/fasterxml/classmate/1.3.4/classmate-1.3.4.jar:/root/./workspace/yrodiere/hibernate-search/386544315/.m2/dom4j/dom4j/1.6.1/dom4j-1.6.1.jar:/root/./workspace/yrodiere/hibernate-search/386544315/.m2/org/jboss/spec/javax/transaction/jboss-transaction-api_1.2_spec/1.1.1.Final/jboss-transaction-api_1.2_spec-1.1.1.Final.jar:/root/./workspace/yrodiere/hibernate-search/386544315/.m2/javax/persistence/javax.persistence-api/2.2/javax.persistence-api-2.2.jar:/root/./workspace/yrodiere/hibernate-search/386544315/.m2/javax/enterprise/cdi-api/2.0/cdi-api-2.0.jar:/root/./workspace/yrodiere/hibernate-search/386544315/.m2/javax/el/javax.el-api/3.0.0/javax.el-api-3.0.0.jar:/root/./workspace/yrodiere/hibernate-search/386544315/.m2/javax/interceptor/javax.interceptor-api/1.2/javax.interceptor-api-1.2.jar:/root/./workspace/yrodiere/hibernate-search/386544315/.m2/javax/inject/javax.inject/1/javax.inject-1.jar:/root/./workspace/yrodiere/hibernate-search/386544315/.m2/com/h2database/h2/1.4.178/h2-1.4.178.jar:/root/./workspace/yrodiere/hibernate-search/386544315/.m2/org/apache/tika/tika-parsers/1.4/tika-parsers-1.4.jar:/root/./workspace/yrodiere/hibernate-search/386544315/.m2/org/apache/tika/tika-core/1.4/tika-core-1.4.jar:/root/./workspace/yrodiere/hibernate-search/386544315/.m2/org/apache/lucene/lucene-queryparser/5.5.5/lucene-queryparser-5.5.5.jar:/root/./workspace/yrodiere/hibernate-search/386544315/.m2/org/apache/lucene/lucene-queries/5.5.5/lucene-queries-5.5.5.jar:/root/workspace/yrodiere/hibernate-search/386544315/legacy/engine/target/test-classes:/root/./workspace/yrodiere/hibernate-search/386544315/.m2/org/hibernate/hibernate-envers/5.3.1.Final/hibernate-envers-5.3.1.Final.jar:/root/./workspace/yrodiere/hibernate-search/386544315/.m2/org/hibernate/hibernate-testing/5.3.1.Final/hibernate-testing-5.3.1.Final.jar:/root/./workspace/yrodiere/hibernate-search/386544315/.m2/net/bytebuddy/byte-buddy/1.8.12/byte-buddy-1.8.12.jar:/root/./workspace/yrodiere/hibernate-search/386544315/.m2/junit/junit/4.12/junit-4.12.jar:/root/./workspace/yrodiere/hibernate-search/386544315/.m2/org/hamcrest/hamcrest-core/1.3/hamcrest-core-1.3.jar:/root/./workspace/yrodiere/hibernate-search/386544315/.m2/org/unitils/unitils-easymock/3.4.6/unitils-easymock-3.4.6.jar:/root/./workspace/yrodiere/hibernate-search/386544315/.m2/org/unitils/unitils-core/3.4.6/unitils-core-3.4.6.jar:/root/./workspace/yrodiere/hibernate-search/386544315/.m2/commons-collections/commons-collections/3.2/commons-collections-3.2.jar:/root/./workspace/yrodiere/hibernate-search/386544315/.m2/ognl/ognl/2.6.9/ognl-2.6.9.jar:/root/./workspace/yrodiere/hibernate-search/386544315/.m2/org/easymock/easymock/3.5.1/easymock-3.5.1.jar:/root/./workspace/yrodiere/hibernate-search/386544315/.m2/org/objenesis/objenesis/2.6/objenesis-2.6.jar:/root/./workspace/yrodiere/hibernate-search/386544315/.m2/cglib/cglib/2.2/cglib-2.2.jar:/root/./workspace/yrodiere/hibernate-search/386544315/.m2/asm/asm/3.1/asm-3.1.jar:/root/./workspace/yrodiere/hibernate-search/386544315/.m2/org/easymock/easymockclassextension/3.2/easymockclassextension-3.2.jar:/root/./workspace/yrodiere/hibernate-search/386544315/.m2/commons-lang/commons-lang/2.6/commons-lang-2.6.jar:/root/./workspace/yrodiere/hibernate-search/386544315/.m2/simple-jndi/simple-jndi/0.11.4.1/simple-jndi-0.11.4.1.jar:/root/./workspace/yrodiere/hibernate-search/386544315/.m2/org/assertj/assertj-core/3.9.1/assertj-core-3.9.1.jar:/root/./workspace/yrodiere/hibernate-search/386544315/.m2/org/jboss/byteman/byteman/4.0.2/byteman-4.0.2.jar:/root/./workspace/yrodiere/hibernate-search/386544315/.m2/org/jboss/byteman/byteman-bmunit/4.0.2/byteman-bmunit-4.0.2.jar:/root/./workspace/yrodiere/hibernate-search/386544315/.m2/org/jboss/byteman/byteman-submit/4.0.2/byteman-submit-4.0.2.jar:/usr/lib/jvm/java-8-openjdk-amd64/jre/../lib/tools.jar:/root/./workspace/yrodiere/hibernate-search/386544315/.m2/commons-io/commons-io/2.1/commons-io-2.1.jar:/root/./workspace/yrodiere/hibernate-search/386544315/.m2/org/jboss/byteman/byteman-install/4.0.2/byteman-install-4.0.2.jar:/root/./workspace/yrodiere/hibernate-search/386544315/.m2/org/apache/pdfbox/pdfbox/1.8.1/pdfbox-1.8.1.jar:/root/./workspace/yrodiere/hibernate-search/386544315/.m2/org/apache/pdfbox/fontbox/1.8.1/fontbox-1.8.1.jar:/root/./workspace/yrodiere/hibernate-search/386544315/.m2/org/apache/pdfbox/jempbox/1.8.1/jempbox-1.8.1.jar:/root/./workspace/yrodiere/hibernate-search/386544315/.m2/commons-logging/commons-logging/1.1.3/commons-logging-1.1.3.jar:/root/./workspace/yrodiere/hibernate-search/386544315/.m2/log4j/log4j/1.2.16/log4j-1.2.16.jar:/usr/lib/jvm/java-8-openjdk-amd64/jre/../lib/tools.jar:"/>
    <property name="java.vm.vendor" value="Oracle Corporation"/>
    <property name="skip.bower" value="true"/>
    <property name="sun.arch.data.model" value="64"/>
    <property name="java.vendor.url" value="http://java.oracle.com/"/>
    <property name="user.timezone" value=""/>
    <property name="os.name" value="Linux"/>
    <property name="java.vm.specification.version" value="1.8"/>
    <property name="rat.skip" value="true"/>
    <property name="gpg.skip" value="true"/>
    <property name="sun.java.launcher" value="SUN_STANDARD"/>
    <property name="sun.boot.library.path" value="/usr/lib/jvm/java-8-openjdk-amd64/jre/lib/amd64"/>
    <property name="skip.gulp" value="true"/>
    <property name="dependency-check.skip" value="true"/>
    <property name="sun.java.command" value="/root/workspace/yrodiere/hibernate-search/386544315/legacy/orm/target/surefire/surefirebooter6478575819221086316.jar /root/workspace/yrodiere/hibernate-search/386544315/legacy/orm/target/surefire 2018-06-01T10-39-23_721-jvmRun1 surefire5734900501691104381tmp surefire_21730279070090837460tmp"/>
    <property name="com.sun.management.jmxremote" value="true"/>
    <property name="surefire.test.class.path" value="/root/workspace/yrodiere/hibernate-search/386544315/legacy/orm/target/test-classes:/root/workspace/yrodiere/hibernate-search/386544315/legacy/orm/target/classes:/root/workspace/yrodiere/hibernate-search/386544315/legacy/engine/target/classes:/root/./workspace/yrodiere/hibernate-search/386544315/.m2/org/hibernate/common/hibernate-commons-annotations/5.0.3.Final/hibernate-commons-annotations-5.0.3.Final.jar:/root/./workspace/yrodiere/hibernate-search/386544315/.m2/org/apache/lucene/lucene-core/5.5.5/lucene-core-5.5.5.jar:/root/./workspace/yrodiere/hibernate-search/386544315/.m2/org/apache/lucene/lucene-misc/5.5.5/lucene-misc-5.5.5.jar:/root/./workspace/yrodiere/hibernate-search/386544315/.m2/org/apache/lucene/lucene-analyzers-common/5.5.5/lucene-analyzers-common-5.5.5.jar:/root/./workspace/yrodiere/hibernate-search/386544315/.m2/org/apache/lucene/lucene-facet/5.5.5/lucene-facet-5.5.5.jar:/root/./workspace/yrodiere/hibernate-search/386544315/.m2/org/jboss/logging/jboss-logging/3.3.2.Final/jboss-logging-3.3.2.Final.jar:/root/./workspace/yrodiere/hibernate-search/386544315/.m2/org/hibernate/hibernate-core/5.3.1.Final/hibernate-core-5.3.1.Final.jar:/root/./workspace/yrodiere/hibernate-search/386544315/.m2/org/javassist/javassist/3.22.0-GA/javassist-3.22.0-GA.jar:/root/./workspace/yrodiere/hibernate-search/386544315/.m2/antlr/antlr/2.7.7/antlr-2.7.7.jar:/root/./workspace/yrodiere/hibernate-search/386544315/.m2/org/jboss/jandex/2.0.3.Final/jandex-2.0.3.Final.jar:/root/./workspace/yrodiere/hibernate-search/386544315/.m2/com/fasterxml/classmate/1.3.4/classmate-1.3.4.jar:/root/./workspace/yrodiere/hibernate-search/386544315/.m2/dom4j/dom4j/1.6.1/dom4j-1.6.1.jar:/root/./workspace/yrodiere/hibernate-search/386544315/.m2/org/jboss/spec/javax/transaction/jboss-transaction-api_1.2_spec/1.1.1.Final/jboss-transaction-api_1.2_spec-1.1.1.Final.jar:/root/./workspace/yrodiere/hibernate-search/386544315/.m2/javax/persistence/javax.persistence-api/2.2/javax.persistence-api-2.2.jar:/root/./workspace/yrodiere/hibernate-search/386544315/.m2/javax/enterprise/cdi-api/2.0/cdi-api-2.0.jar:/root/./workspace/yrodiere/hibernate-search/386544315/.m2/javax/el/javax.el-api/3.0.0/javax.el-api-3.0.0.jar:/root/./workspace/yrodiere/hibernate-search/386544315/.m2/javax/interceptor/javax.interceptor-api/1.2/javax.interceptor-api-1.2.jar:/root/./workspace/yrodiere/hibernate-search/386544315/.m2/javax/inject/javax.inject/1/javax.inject-1.jar:/root/./workspace/yrodiere/hibernate-search/386544315/.m2/com/h2database/h2/1.4.178/h2-1.4.178.jar:/root/./workspace/yrodiere/hibernate-search/386544315/.m2/org/apache/tika/tika-parsers/1.4/tika-parsers-1.4.jar:/root/./workspace/yrodiere/hibernate-search/386544315/.m2/org/apache/tika/tika-core/1.4/tika-core-1.4.jar:/root/./workspace/yrodiere/hibernate-search/386544315/.m2/org/apache/lucene/lucene-queryparser/5.5.5/lucene-queryparser-5.5.5.jar:/root/./workspace/yrodiere/hibernate-search/386544315/.m2/org/apache/lucene/lucene-queries/5.5.5/lucene-queries-5.5.5.jar:/root/workspace/yrodiere/hibernate-search/386544315/legacy/engine/target/test-classes:/root/./workspace/yrodiere/hibernate-search/386544315/.m2/org/hibernate/hibernate-envers/5.3.1.Final/hibernate-envers-5.3.1.Final.jar:/root/./workspace/yrodiere/hibernate-search/386544315/.m2/org/hibernate/hibernate-testing/5.3.1.Final/hibernate-testing-5.3.1.Final.jar:/root/./workspace/yrodiere/hibernate-search/386544315/.m2/net/bytebuddy/byte-buddy/1.8.12/byte-buddy-1.8.12.jar:/root/./workspace/yrodiere/hibernate-search/386544315/.m2/junit/junit/4.12/junit-4.12.jar:/root/./workspace/yrodiere/hibernate-search/386544315/.m2/org/hamcrest/hamcrest-core/1.3/hamcrest-core-1.3.jar:/root/./workspace/yrodiere/hibernate-search/386544315/.m2/org/unitils/unitils-easymock/3.4.6/unitils-easymock-3.4.6.jar:/root/./workspace/yrodiere/hibernate-search/386544315/.m2/org/unitils/unitils-core/3.4.6/unitils-core-3.4.6.jar:/root/./workspace/yrodiere/hibernate-search/386544315/.m2/commons-collections/commons-collections/3.2/commons-collections-3.2.jar:/root/./workspace/yrodiere/hibernate-search/386544315/.m2/ognl/ognl/2.6.9/ognl-2.6.9.jar:/root/./workspace/yrodiere/hibernate-search/386544315/.m2/org/easymock/easymock/3.5.1/easymock-3.5.1.jar:/root/./workspace/yrodiere/hibernate-search/386544315/.m2/org/objenesis/objenesis/2.6/objenesis-2.6.jar:/root/./workspace/yrodiere/hibernate-search/386544315/.m2/cglib/cglib/2.2/cglib-2.2.jar:/root/./workspace/yrodiere/hibernate-search/386544315/.m2/asm/asm/3.1/asm-3.1.jar:/root/./workspace/yrodiere/hibernate-search/386544315/.m2/org/easymock/easymockclassextension/3.2/easymockclassextension-3.2.jar:/root/./workspace/yrodiere/hibernate-search/386544315/.m2/commons-lang/commons-lang/2.6/commons-lang-2.6.jar:/root/./workspace/yrodiere/hibernate-search/386544315/.m2/simple-jndi/simple-jndi/0.11.4.1/simple-jndi-0.11.4.1.jar:/root/./workspace/yrodiere/hibernate-search/386544315/.m2/org/assertj/assertj-core/3.9.1/assertj-core-3.9.1.jar:/root/./workspace/yrodiere/hibernate-search/386544315/.m2/org/jboss/byteman/byteman/4.0.2/byteman-4.0.2.jar:/root/./workspace/yrodiere/hibernate-search/386544315/.m2/org/jboss/byteman/byteman-bmunit/4.0.2/byteman-bmunit-4.0.2.jar:/root/./workspace/yrodiere/hibernate-search/386544315/.m2/org/jboss/byteman/byteman-submit/4.0.2/byteman-submit-4.0.2.jar:/usr/lib/jvm/java-8-openjdk-amd64/jre/../lib/tools.jar:/root/./workspace/yrodiere/hibernate-search/386544315/.m2/commons-io/commons-io/2.1/commons-io-2.1.jar:/root/./workspace/yrodiere/hibernate-search/386544315/.m2/org/jboss/byteman/byteman-install/4.0.2/byteman-install-4.0.2.jar:/root/./workspace/yrodiere/hibernate-search/386544315/.m2/org/apache/pdfbox/pdfbox/1.8.1/pdfbox-1.8.1.jar:/root/./workspace/yrodiere/hibernate-search/386544315/.m2/org/apache/pdfbox/fontbox/1.8.1/fontbox-1.8.1.jar:/root/./workspace/yrodiere/hibernate-search/386544315/.m2/org/apache/pdfbox/jempbox/1.8.1/jempbox-1.8.1.jar:/root/./workspace/yrodiere/hibernate-search/386544315/.m2/commons-logging/commons-logging/1.1.3/commons-logging-1.1.3.jar:/root/./workspace/yrodiere/hibernate-search/386544315/.m2/log4j/log4j/1.2.16/log4j-1.2.16.jar:/usr/lib/jvm/java-8-openjdk-amd64/jre/../lib/tools.jar:"/>
    <property name="sun.cpu.endian" value="little"/>
    <property name="user.home" value="/root"/>
    <property name="user.language" value="en"/>
    <property name="java.specification.vendor" value="Oracle Corporation"/>
    <property name="java.home" value="/usr/lib/jvm/java-8-openjdk-amd64/jre"/>
    <property name="file.separator" value="/"/>
    <property name="basedir" value="/root/workspace/yrodiere/hibernate-search/386544315/legacy/orm"/>
    <property name="checkstyle.skip" value="true"/>
    <property name="line.separator" value="&#10;"/>
    <property name="skip.npm" value="true"/>
    <property name="java.vm.specification.vendor" value="Oracle Corporation"/>
    <property name="java.specification.name" value="Java Platform API Specification"/>
    <property name="java.awt.graphicsenv" value="sun.awt.X11GraphicsEnvironment"/>
    <property name="skipITs" value="true"/>
    <property name="hibernate.service.allow_crawling" value="false"/>
    <property name="org.hibernate.search.fail_on_unreleased_service" value="true"/>
    <property name="surefire.real.class.path" value="/root/workspace/yrodiere/hibernate-search/386544315/legacy/orm/target/surefire/surefirebooter6478575819221086316.jar"/>
    <property name="cobertura.skip" value="true"/>
    <property name="sun.boot.class.path" value="/usr/lib/jvm/java-8-openjdk-amd64/jre/lib/resources.jar:/usr/lib/jvm/java-8-openjdk-amd64/jre/lib/rt.jar:/usr/lib/jvm/java-8-openjdk-amd64/jre/lib/sunrsasign.jar:/usr/lib/jvm/java-8-openjdk-amd64/jre/lib/jsse.jar:/usr/lib/jvm/java-8-openjdk-amd64/jre/lib/jce.jar:/usr/lib/jvm/java-8-openjdk-amd64/jre/lib/charsets.jar:/usr/lib/jvm/java-8-openjdk-amd64/jre/lib/jfr.jar:/usr/lib/jvm/java-8-openjdk-amd64/jre/classes"/>
    <property name="sun.management.compiler" value="HotSpot 64-Bit Tiered Compilers"/>
    <property name="java.runtime.version" value="1.8.0_121-8u121-b13-1~bpo8+1-b13"/>
    <property name="user.name" value="root"/>
    <property name="findbugs.skip" value="true"/>
    <property name="path.separator" value=":"/>
    <property name="os.version" value="3.10.0-862.2.3.el7.x86_64"/>
    <property name="org.hibernate.search.enable_performance_tests" value=""/>
    <property name="java.endorsed.dirs" value="/usr/lib/jvm/java-8-openjdk-amd64/jre/lib/endorsed"/>
    <property name="java.runtime.name" value="OpenJDK Runtime Environment"/>
    <property name="file.encoding" value="UTF-8"/>
    <property name="java.vm.name" value="OpenJDK 64-Bit Server VM"/>
    <property name="localRepository" value="/root/./workspace/yrodiere/hibernate-search/386544315/.m2"/>
    <property name="java.vendor.url.bug" value="http://bugreport.sun.com/bugreport/"/>
    <property name="java.io.tmpdir" value="/tmp"/>
    <property name="java.version" value="1.8.0_121"/>
    <property name="user.dir" value="/root/workspace/yrodiere/hibernate-search/386544315/legacy/orm"/>
    <property name="hibernate.bytecode.provider" value="bytebuddy"/>
    <property name="os.arch" value="amd64"/>
    <property name="license.skip" value="true"/>
    <property name="java.vm.specification.name" value="Java Virtual Machine Specification"/>
    <property name="java.awt.printerjob" value="sun.print.PSPrinterJob"/>
    <property name="sun.os.patch.level" value="unknown"/>
    <property name="java.library.path" value="/usr/java/packages/lib/amd64:/usr/lib/x86_64-linux-gnu/jni:/lib/x86_64-linux-gnu:/usr/lib/x86_64-linux-gnu:/usr/lib/jni:/lib:/usr/lib"/>
    <property name="java.vendor" value="Oracle Corporation"/>
    <property name="java.vm.info" value="mixed mode"/>
    <property name="java.vm.version" value="25.121-b13"/>
    <property name="sun.io.unicode.encoding" value="UnicodeLittle"/>
    <property name="java.ext.dirs" value="/usr/lib/jvm/java-8-openjdk-amd64/jre/lib/ext:/usr/java/packages/lib/ext"/>
    <property name="maven.repo.local" value="/root/./workspace/yrodiere/hibernate-search/386544315/.m2"/>
    <property name="enforcer.skip" value="true"/>
    <property name="java.class.version" value="52.0"/>
  </properties>
  <testcase name="testCriteria" classname="org.hibernate.search.test.query.LuceneQueryTest" time="0.054"/>
  <testcase name="testCurrent" classname="org.hibernate.search.test.query.LuceneQueryTest" time="0.056"/>
  <testcase name="testDefaultFetchSize" classname="org.hibernate.search.test.query.LuceneQueryTest" time="0.066"/>
  <testcase name="testFetchSizeDefaultFirstAndMax" classname="org.hibernate.search.test.query.LuceneQueryTest" time="0.067"/>
  <testcase name="testFetchSizeLargerThanHits" classname="org.hibernate.search.test.query.LuceneQueryTest" time="0.061"/>
  <testcase name="testFetchSizeNonDefaultFirstAndMax" classname="org.hibernate.search.test.query.LuceneQueryTest" time="0.06"/>
  <testcase name="testFetchSizeNonDefaultFirstAndMaxNoHits" classname="org.hibernate.search.test.query.LuceneQueryTest" time="0.061"/>
  <testcase name="testIterateEmptyHits" classname="org.hibernate.search.test.query.LuceneQueryTest" time="0.061"/>
  <testcase name="testIterator" classname="org.hibernate.search.test.query.LuceneQueryTest" time="0.063"/>
  <testcase name="testList" classname="org.hibernate.search.test.query.LuceneQueryTest" time="0.067"/>
  <testcase name="testListEmptyHits" classname="org.hibernate.search.test.query.LuceneQueryTest" time="0.06"/>
  <testcase name="testMaxResultLessThanTotalNumberOfHits" classname="org.hibernate.search.test.query.LuceneQueryTest" time="0.061"/>
  <testcase name="testMaxResultMoreThanTotalNumberOfHits" classname="org.hibernate.search.test.query.LuceneQueryTest" time="0.057"/>
  <testcase name="testMaxResultWithOffset" classname="org.hibernate.search.test.query.LuceneQueryTest" time="0.062"/>
  <testcase name="testMaxResultZero" classname="org.hibernate.search.test.query.LuceneQueryTest" time="0.064"/>
  <testcase name="testMultipleEntityPerIndex" classname="org.hibernate.search.test.query.LuceneQueryTest" time="0.072"/>
  <testcase name="testResultSize" classname="org.hibernate.search.test.query.LuceneQueryTest" time="0.065"/>
  <testcase name="testResultSizeWithOffset" classname="org.hibernate.search.test.query.LuceneQueryTest" time="0.063"/>
  <testcase name="testScrollEmptyHits" classname="org.hibernate.search.test.query.LuceneQueryTest" time="0.063"/>
  <testcase name="testScrollableResultSet" classname="org.hibernate.search.test.query.LuceneQueryTest" time="0.079"/>
</testsuite>