<?xml version="1.0" encoding="UTF-8"?>
<!-- Generated by org.testng.reporters.JUnitReportReporter -->
<testsuite hostname="spirals-vortex.lille.inria.fr" name="org.molgenis.data.i18n.LocalizationPopulatorTest" tests="1" failures="0" timestamp="25 May 2018 09:37:13 GMT" time="0.250" errors="0">
  <testcase name="testPopulate" time="0.250" classname="org.molgenis.data.i18n.LocalizationPopulatorTest"/>
</testsuite> <!-- org.molgenis.data.i18n.LocalizationPopulatorTest -->
