<?xml version="1.0" encoding="UTF-8"?>
<!-- Generated by org.testng.reporters.JUnitReportReporter -->
<testsuite hostname="spirals-vortex.lille.inria.fr" name="org.molgenis.data.i18n.LocalizationPopulatorTest" tests="1" failures="0" timestamp="28 May 2018 08:15:09 GMT" time="0.153" errors="0">
  <testcase name="testPopulate" time="0.153" classname="org.molgenis.data.i18n.LocalizationPopulatorTest"/>
</testsuite> <!-- org.molgenis.data.i18n.LocalizationPopulatorTest -->
