<?xml version="1.0" encoding="UTF-8"?>
<!-- Generated by org.testng.reporters.JUnitReportReporter -->
<testsuite hostname="spirals-vortex.lille.inria.fr" name="org.molgenis.data.i18n.LocalizationServiceTest" tests="6" failures="0" timestamp="25 May 2018 09:37:13 GMT" time="0.838" errors="0">
  <testcase name="testGetMessage" time="0.035" classname="org.molgenis.data.i18n.LocalizationServiceTest"/>
  <testcase name="testGetAllMessageIds" time="0.551" classname="org.molgenis.data.i18n.LocalizationServiceTest"/>
  <testcase name="testGetMessages" time="0.019" classname="org.molgenis.data.i18n.LocalizationServiceTest"/>
  <testcase name="testStore" time="0.002" classname="org.molgenis.data.i18n.LocalizationServiceTest"/>
  <testcase name="testAddMissingMessageIds" time="0.226" classname="org.molgenis.data.i18n.LocalizationServiceTest"/>
  <testcase name="testDeleteNamespace" time="0.005" classname="org.molgenis.data.i18n.LocalizationServiceTest"/>
</testsuite> <!-- org.molgenis.data.i18n.LocalizationServiceTest -->
