<?xml version="1.0" encoding="UTF-8"?>
<!-- Generated by org.testng.reporters.JUnitReportReporter -->
<testsuite hostname="spirals-vortex.lille.inria.fr" name="org.molgenis.data.i18n.LanguageRepositoryDecoratorTest" tests="7" failures="0" timestamp="25 May 2018 09:37:13 GMT" time="1.246" errors="0">
  <testcase name="testAddStreamUnknownLanguage" time="0.003" classname="org.molgenis.data.i18n.LanguageRepositoryDecoratorTest"/>
  <testcase name="testDeleteStream" time="0.012" classname="org.molgenis.data.i18n.LanguageRepositoryDecoratorTest"/>
  <testcase name="testAddExistingLanguage" time="1.202" classname="org.molgenis.data.i18n.LanguageRepositoryDecoratorTest"/>
  <testcase name="testDeleteById" time="0.002" classname="org.molgenis.data.i18n.LanguageRepositoryDecoratorTest"/>
  <testcase name="testDelete" time="0.018" classname="org.molgenis.data.i18n.LanguageRepositoryDecoratorTest"/>
  <testcase name="testAddUnknownLanguage" time="0.002" classname="org.molgenis.data.i18n.LanguageRepositoryDecoratorTest"/>
  <testcase name="testAddStreamExistingLanguages" time="0.007" classname="org.molgenis.data.i18n.LanguageRepositoryDecoratorTest"/>
</testsuite> <!-- org.molgenis.data.i18n.LanguageRepositoryDecoratorTest -->
