<?xml version="1.0" encoding="UTF-8"?>
<!-- Generated by org.testng.reporters.JUnitReportReporter -->
<testsuite hostname="spirals-vortex.lille.inria.fr" name="org.molgenis.data.i18n.I18nUtilsTest" tests="2" failures="0" timestamp="1 Jun 2018 10:50:57 GMT" time="0.001" errors="0">
  <testcase name="getLanguageCode" time="0.001" classname="org.molgenis.data.i18n.I18nUtilsTest"/>
  <testcase name="isI18n" time="0.000" classname="org.molgenis.data.i18n.I18nUtilsTest"/>
</testsuite> <!-- org.molgenis.data.i18n.I18nUtilsTest -->
