<?xml version="1.0" encoding="UTF-8"?>
<!-- Generated by org.testng.reporters.JUnitReportReporter -->
<testsuite hostname="spirals-vortex.lille.inria.fr" name="org.molgenis.data.i18n.LanguageRepositoryDecoratorTest" tests="7" failures="0" timestamp="30 May 2018 13:30:18 GMT" time="0.180" errors="0">
  <testcase name="testDeleteById" time="0.002" classname="org.molgenis.data.i18n.LanguageRepositoryDecoratorTest"/>
  <testcase name="testAddUnknownLanguage" time="0.086" classname="org.molgenis.data.i18n.LanguageRepositoryDecoratorTest"/>
  <testcase name="testDeleteStream" time="0.003" classname="org.molgenis.data.i18n.LanguageRepositoryDecoratorTest"/>
  <testcase name="testAddExistingLanguage" time="0.082" classname="org.molgenis.data.i18n.LanguageRepositoryDecoratorTest"/>
  <testcase name="testDelete" time="0.002" classname="org.molgenis.data.i18n.LanguageRepositoryDecoratorTest"/>
  <testcase name="testAddStreamUnknownLanguage" time="0.003" classname="org.molgenis.data.i18n.LanguageRepositoryDecoratorTest"/>
  <testcase name="testAddStreamExistingLanguages" time="0.002" classname="org.molgenis.data.i18n.LanguageRepositoryDecoratorTest"/>
</testsuite> <!-- org.molgenis.data.i18n.LanguageRepositoryDecoratorTest -->
