<?xml version="1.0" encoding="UTF-8"?>
<!-- Generated by org.testng.reporters.JUnitReportReporter -->
<testsuite hostname="spirals-vortex.lille.inria.fr" name="org.molgenis.data.csv.CsvWriterTest" tests="6" failures="0" timestamp="30 May 2018 13:30:53 GMT" time="0.020" errors="0">
  <testcase name="close" time="0.002" classname="org.molgenis.data.csv.CsvWriterTest"/>
  <testcase name="CsvWriter" time="0.003" classname="org.molgenis.data.csv.CsvWriterTest"/>
  <testcase name="addCellProcessor_data" time="0.005" classname="org.molgenis.data.csv.CsvWriterTest"/>
  <testcase name="testLabels" time="0.003" classname="org.molgenis.data.csv.CsvWriterTest"/>
  <testcase name="addCellProcessor" time="0.003" classname="org.molgenis.data.csv.CsvWriterTest"/>
  <testcase name="add" time="0.004" classname="org.molgenis.data.csv.CsvWriterTest"/>
</testsuite> <!-- org.molgenis.data.csv.CsvWriterTest -->
