<?xml version="1.0" encoding="UTF-8"?>
<!-- Generated by org.testng.reporters.JUnitReportReporter -->
<testsuite hostname="spirals-vortex.lille.inria.fr" name="org.molgenis.data.csv.CsvIteratorTest" tests="9" failures="0" timestamp="1 Jun 2018 10:51:34 GMT" time="0.122" errors="0">
  <testcase name="testIteratorFromCsvFileWithBom" time="0.011" classname="org.molgenis.data.csv.CsvIteratorTest"/>
  <testcase name="testIteratorFromZipFileWithFolder" time="0.006" classname="org.molgenis.data.csv.CsvIteratorTest"/>
  <testcase name="testIteratorValueHeaderMismatch" time="0.008" classname="org.molgenis.data.csv.CsvIteratorTest"/>
  <testcase name="testCsvIteratorDuplicateColumnHeader" time="0.042" classname="org.molgenis.data.csv.CsvIteratorTest"/>
  <testcase name="testIteratorFromZipFileWithFolderWithBom" time="0.008" classname="org.molgenis.data.csv.CsvIteratorTest"/>
  <testcase name="testIteratorFromZipFileWithBom" time="0.003" classname="org.molgenis.data.csv.CsvIteratorTest"/>
  <testcase name="testIteratorValueHeaderMismatchOneNonEmptyValue" time="0.015" classname="org.molgenis.data.csv.CsvIteratorTest"/>
  <testcase name="testIteratorFromZipFile" time="0.008" classname="org.molgenis.data.csv.CsvIteratorTest"/>
  <testcase name="testIteratorFromCsvFile" time="0.021" classname="org.molgenis.data.csv.CsvIteratorTest"/>
</testsuite> <!-- org.molgenis.data.csv.CsvIteratorTest -->
