<?xml version="1.0" encoding="UTF-8"?>
<!-- Generated by org.testng.reporters.JUnitReportReporter -->
<testsuite hostname="spirals-vortex.lille.inria.fr" name="org.molgenis.data.csv.CsvIteratorTest" tests="9" failures="0" timestamp="30 May 2018 13:30:53 GMT" time="0.024" errors="0">
  <testcase name="testIteratorFromZipFileWithFolder" time="0.002" classname="org.molgenis.data.csv.CsvIteratorTest"/>
  <testcase name="testIteratorValueHeaderMismatch" time="0.004" classname="org.molgenis.data.csv.CsvIteratorTest"/>
  <testcase name="testCsvIteratorDuplicateColumnHeader" time="0.003" classname="org.molgenis.data.csv.CsvIteratorTest"/>
  <testcase name="testIteratorFromZipFileWithBom" time="0.002" classname="org.molgenis.data.csv.CsvIteratorTest"/>
  <testcase name="testIteratorValueHeaderMismatchOneNonEmptyValue" time="0.003" classname="org.molgenis.data.csv.CsvIteratorTest"/>
  <testcase name="testIteratorFromZipFile" time="0.003" classname="org.molgenis.data.csv.CsvIteratorTest"/>
  <testcase name="testIteratorFromCsvFile" time="0.004" classname="org.molgenis.data.csv.CsvIteratorTest"/>
  <testcase name="testIteratorFromCsvFileWithBom" time="0.002" classname="org.molgenis.data.csv.CsvIteratorTest"/>
  <testcase name="testIteratorFromZipFileWithFolderWithBom" time="0.001" classname="org.molgenis.data.csv.CsvIteratorTest"/>
</testsuite> <!-- org.molgenis.data.csv.CsvIteratorTest -->
