<?xml version="1.0" encoding="UTF-8"?>
<!-- Generated by org.testng.reporters.JUnitReportReporter -->
<testsuite hostname="spirals-vortex.lille.inria.fr" name="org.molgenis.data.csv.CsvWriterTest" tests="6" failures="0" timestamp="1 Jun 2018 11:17:39 GMT" time="0.101" errors="0">
  <testcase name="close" time="0.006" classname="org.molgenis.data.csv.CsvWriterTest"/>
  <testcase name="addCellProcessor" time="0.054" classname="org.molgenis.data.csv.CsvWriterTest"/>
  <testcase name="CsvWriter" time="0.009" classname="org.molgenis.data.csv.CsvWriterTest"/>
  <testcase name="addCellProcessor_data" time="0.011" classname="org.molgenis.data.csv.CsvWriterTest"/>
  <testcase name="add" time="0.012" classname="org.molgenis.data.csv.CsvWriterTest"/>
  <testcase name="testLabels" time="0.009" classname="org.molgenis.data.csv.CsvWriterTest"/>
</testsuite> <!-- org.molgenis.data.csv.CsvWriterTest -->
