<?xml version="1.0" encoding="UTF-8"?>
<!-- Generated by org.testng.reporters.JUnitReportReporter -->
<testsuite hostname="spirals-vortex.lille.inria.fr" name="org.molgenis.util.mail.JavaMailSenderFactoryTest" tests="3" failures="0" timestamp="25 May 2018 14:30:28 GMT" time="0.886" errors="0">
  <testcase name="testValidateConnectionInvalidConnection" time="0.105" classname="org.molgenis.util.mail.JavaMailSenderFactoryTest"/>
  <testcase name="testCreateMailSenderWithDefaultProperties" time="0.776" classname="org.molgenis.util.mail.JavaMailSenderFactoryTest"/>
  <testcase name="testCreateMailSenderWithSpecifiedProperties" time="0.005" classname="org.molgenis.util.mail.JavaMailSenderFactoryTest"/>
</testsuite> <!-- org.molgenis.util.mail.JavaMailSenderFactoryTest -->
