<?xml version="1.0" encoding="UTF-8"?>
<!-- Generated by org.testng.reporters.JUnitReportReporter -->
<testsuite hostname="spirals-vortex.lille.inria.fr" name="org.molgenis.util.ListEscapeUtilsTest" tests="6" failures="0" timestamp="30 May 2018 09:54:17 GMT" time="0.006" errors="0">
  <testcase name="toListStringcharchar" time="0.001" classname="org.molgenis.util.ListEscapeUtilsTest"/>
  <testcase name="toListStringcharchar_exception" time="0.001" classname="org.molgenis.util.ListEscapeUtilsTest"/>
  <testcase name="toListString" time="0.003" classname="org.molgenis.util.ListEscapeUtilsTest"/>
  <testcase name="toStringListcharchar" time="0.000" classname="org.molgenis.util.ListEscapeUtilsTest"/>
  <testcase name="toStringListcharchar_exception" time="0.001" classname="org.molgenis.util.ListEscapeUtilsTest"/>
  <testcase name="toStringList" time="0.000" classname="org.molgenis.util.ListEscapeUtilsTest"/>
</testsuite> <!-- org.molgenis.util.ListEscapeUtilsTest -->
