<?xml version="1.0" encoding="UTF-8"?>
<!-- Generated by org.testng.reporters.JUnitReportReporter -->
<testsuite hostname="spirals-vortex.lille.inria.fr" name="org.molgenis.util.UnexpectedEnumExceptionTest" tests="1" failures="0" timestamp="30 May 2018 12:44:09 GMT" time="0.002" errors="0">
  <testcase name="testUnexpectedEnumException" time="0.002" classname="org.molgenis.util.UnexpectedEnumExceptionTest"/>
</testsuite> <!-- org.molgenis.util.UnexpectedEnumExceptionTest -->
