<?xml version="1.0" encoding="UTF-8"?>
<!-- Generated by org.testng.reporters.JUnitReportReporter -->
<testsuite hostname="spirals-vortex.lille.inria.fr" name="org.molgenis.util.mail.JavaMailSenderFactoryTest" tests="3" failures="0" timestamp="28 May 2018 08:14:36 GMT" time="0.166" errors="0">
  <testcase name="testCreateMailSenderWithSpecifiedProperties" time="0.007" classname="org.molgenis.util.mail.JavaMailSenderFactoryTest"/>
  <testcase name="testValidateConnectionInvalidConnection" time="0.127" classname="org.molgenis.util.mail.JavaMailSenderFactoryTest"/>
  <testcase name="testCreateMailSenderWithDefaultProperties" time="0.032" classname="org.molgenis.util.mail.JavaMailSenderFactoryTest"/>
</testsuite> <!-- org.molgenis.util.mail.JavaMailSenderFactoryTest -->
