<?xml version="1.0" encoding="UTF-8"?>
<!-- Generated by org.testng.reporters.JUnitReportReporter -->
<testsuite hostname="spirals-vortex.lille.inria.fr" name="org.molgenis.util.ResourceUtilsTest" tests="4" failures="0" timestamp="30 May 2018 15:19:58 GMT" time="0.030" errors="0">
  <testcase name="getStringClassStringCharset" time="0.000" classname="org.molgenis.util.ResourceUtilsTest"/>
  <testcase name="getBytes" time="0.024" classname="org.molgenis.util.ResourceUtilsTest"/>
  <testcase name="getStringClassString" time="0.001" classname="org.molgenis.util.ResourceUtilsTest"/>
  <testcase name="getMySqlQueryFromFileTest" time="0.005" classname="org.molgenis.util.ResourceUtilsTest"/>
</testsuite> <!-- org.molgenis.util.ResourceUtilsTest -->
