<?xml version="1.0" encoding="UTF-8"?>
<!-- Generated by org.testng.reporters.JUnitReportReporter -->
<testsuite hostname="spirals-vortex.lille.inria.fr" name="org.molgenis.util.mail.JavaMailSenderFactoryTest" tests="3" failures="0" timestamp="30 May 2018 09:54:17 GMT" time="1.206" errors="0">
  <testcase name="testCreateMailSenderWithSpecifiedProperties" time="0.012" classname="org.molgenis.util.mail.JavaMailSenderFactoryTest"/>
  <testcase name="testCreateMailSenderWithDefaultProperties" time="1.087" classname="org.molgenis.util.mail.JavaMailSenderFactoryTest"/>
  <testcase name="testValidateConnectionInvalidConnection" time="0.107" classname="org.molgenis.util.mail.JavaMailSenderFactoryTest"/>
</testsuite> <!-- org.molgenis.util.mail.JavaMailSenderFactoryTest -->
