<?xml version="1.0" encoding="UTF-8"?>
<!-- Generated by org.testng.reporters.JUnitReportReporter -->
<testsuite hostname="spirals-vortex.lille.inria.fr" name="org.molgenis.util.stream.MapCollectorsTest" tests="2" failures="0" timestamp="30 May 2018 09:54:17 GMT" time="0.011" errors="0">
  <testcase name="testToLinkedMap" time="0.010" classname="org.molgenis.util.stream.MapCollectorsTest"/>
  <testcase name="testToLinkedMapDuplicateKey" time="0.001" classname="org.molgenis.util.stream.MapCollectorsTest"/>
</testsuite> <!-- org.molgenis.util.stream.MapCollectorsTest -->
