<?xml version="1.0" encoding="UTF-8"?>
<!-- Generated by org.testng.reporters.JUnitReportReporter -->
<testsuite hostname="spirals-vortex.lille.inria.fr" name="org.molgenis.util.ResourceUtilsTest" tests="4" failures="0" timestamp="1 Jun 2018 11:16:26 GMT" time="0.107" errors="0">
  <testcase name="getStringClassStringCharset" time="0.000" classname="org.molgenis.util.ResourceUtilsTest"/>
  <testcase name="getBytes" time="0.103" classname="org.molgenis.util.ResourceUtilsTest"/>
  <testcase name="getStringClassString" time="0.000" classname="org.molgenis.util.ResourceUtilsTest"/>
  <testcase name="getMySqlQueryFromFileTest" time="0.004" classname="org.molgenis.util.ResourceUtilsTest"/>
</testsuite> <!-- org.molgenis.util.ResourceUtilsTest -->
