<?xml version="1.0" encoding="UTF-8"?>
<!-- Generated by org.testng.reporters.JUnitReportReporter -->
<testsuite hostname="spirals-vortex.lille.inria.fr" name="org.molgenis.util.UnexpectedEnumExceptionTest" tests="1" failures="0" timestamp="1 Jun 2018 10:50:18 GMT" time="0.014" errors="0">
  <testcase name="testUnexpectedEnumException" time="0.014" classname="org.molgenis.util.UnexpectedEnumExceptionTest"/>
</testsuite> <!-- org.molgenis.util.UnexpectedEnumExceptionTest -->
