<?xml version="1.0" encoding="UTF-8"?>
<!-- Generated by org.testng.reporters.JUnitReportReporter -->
<testsuite hostname="spirals-vortex.lille.inria.fr" name="org.molgenis.util.stream.MapCollectorsTest" tests="2" failures="0" timestamp="1 Jun 2018 11:16:26 GMT" time="0.008" errors="0">
  <testcase name="testToLinkedMap" time="0.007" classname="org.molgenis.util.stream.MapCollectorsTest"/>
  <testcase name="testToLinkedMapDuplicateKey" time="0.001" classname="org.molgenis.util.stream.MapCollectorsTest"/>
</testsuite> <!-- org.molgenis.util.stream.MapCollectorsTest -->
