<?xml version="1.0" encoding="UTF-8"?>
<!-- Generated by org.testng.reporters.JUnitReportReporter -->
<testsuite hostname="spirals-vortex.lille.inria.fr" name="org.molgenis.util.mail.JavaMailSenderFactoryTest" tests="3" failures="0" timestamp="30 May 2018 15:19:58 GMT" time="0.225" errors="0">
  <testcase name="testCreateMailSenderWithSpecifiedProperties" time="0.008" classname="org.molgenis.util.mail.JavaMailSenderFactoryTest"/>
  <testcase name="testCreateMailSenderWithDefaultProperties" time="0.073" classname="org.molgenis.util.mail.JavaMailSenderFactoryTest"/>
  <testcase name="testValidateConnectionInvalidConnection" time="0.144" classname="org.molgenis.util.mail.JavaMailSenderFactoryTest"/>
</testsuite> <!-- org.molgenis.util.mail.JavaMailSenderFactoryTest -->
