<?xml version="1.0" encoding="UTF-8"?>
<!-- Generated by org.testng.reporters.JUnitReportReporter -->
<testsuite hostname="spirals-vortex.lille.inria.fr" name="org.molgenis.util.ResourceUtilsTest" tests="4" failures="0" timestamp="25 May 2018 14:30:28 GMT" time="0.020" errors="0">
  <testcase name="getMySqlQueryFromFileTest" time="0.005" classname="org.molgenis.util.ResourceUtilsTest"/>
  <testcase name="getStringClassStringCharset" time="0.000" classname="org.molgenis.util.ResourceUtilsTest"/>
  <testcase name="getStringClassString" time="0.000" classname="org.molgenis.util.ResourceUtilsTest"/>
  <testcase name="getBytes" time="0.015" classname="org.molgenis.util.ResourceUtilsTest"/>
</testsuite> <!-- org.molgenis.util.ResourceUtilsTest -->
