<?xml version="1.0" encoding="UTF-8"?>
<!-- Generated by org.testng.reporters.JUnitReportReporter -->
<testsuite hostname="spirals-vortex.lille.inria.fr" name="org.molgenis.util.mail.JavaMailSenderFactoryTest" tests="3" failures="0" timestamp="1 Jun 2018 10:50:18 GMT" time="0.943" errors="0">
  <testcase name="testCreateMailSenderWithDefaultProperties" time="0.118" classname="org.molgenis.util.mail.JavaMailSenderFactoryTest"/>
  <testcase name="testValidateConnectionInvalidConnection" time="0.102" classname="org.molgenis.util.mail.JavaMailSenderFactoryTest"/>
  <testcase name="testCreateMailSenderWithSpecifiedProperties" time="0.723" classname="org.molgenis.util.mail.JavaMailSenderFactoryTest"/>
</testsuite> <!-- org.molgenis.util.mail.JavaMailSenderFactoryTest -->
