<?xml version="1.0" encoding="UTF-8"?>
<!-- Generated by org.testng.reporters.JUnitReportReporter -->
<testsuite hostname="spirals-vortex.lille.inria.fr" name="org.molgenis.util.UnexpectedEnumExceptionTest" tests="1" failures="0" timestamp="28 May 2018 08:14:36 GMT" time="0.010" errors="0">
  <testcase name="UnexpectedEnumException" time="0.010" classname="org.molgenis.util.UnexpectedEnumExceptionTest"/>
</testsuite> <!-- org.molgenis.util.UnexpectedEnumExceptionTest -->
