<?xml version="1.0" encoding="UTF-8"?>
<!-- Generated by org.testng.reporters.JUnitReportReporter -->
<testsuite hostname="spirals-vortex.lille.inria.fr" name="org.molgenis.util.mail.JavaMailSenderFactoryTest" tests="3" failures="0" timestamp="25 May 2018 14:02:54 GMT" time="0.961" errors="0">
  <testcase name="testCreateMailSenderWithDefaultProperties" time="0.052" classname="org.molgenis.util.mail.JavaMailSenderFactoryTest"/>
  <testcase name="testCreateMailSenderWithSpecifiedProperties" time="0.707" classname="org.molgenis.util.mail.JavaMailSenderFactoryTest"/>
  <testcase name="testValidateConnectionInvalidConnection" time="0.202" classname="org.molgenis.util.mail.JavaMailSenderFactoryTest"/>
</testsuite> <!-- org.molgenis.util.mail.JavaMailSenderFactoryTest -->
