<?xml version="1.0" encoding="UTF-8"?>
<!-- Generated by org.testng.reporters.JUnitReportReporter -->
<testsuite hostname="spirals-vortex.lille.inria.fr" name="org.molgenis.util.UnexpectedEnumExceptionTest" tests="1" failures="0" timestamp="25 May 2018 14:02:54 GMT" time="0.030" errors="0">
  <testcase name="UnexpectedEnumException" time="0.030" classname="org.molgenis.util.UnexpectedEnumExceptionTest"/>
</testsuite> <!-- org.molgenis.util.UnexpectedEnumExceptionTest -->
