<?xml version="1.0" encoding="UTF-8"?>
<!-- Generated by org.testng.reporters.JUnitReportReporter -->
<testsuite hostname="spirals-vortex.lille.inria.fr" name="org.molgenis.util.mail.MailSenderImplTest" tests="2" failures="0" timestamp="25 May 2018 14:02:54 GMT" time="0.261" errors="0">
  <testcase name="testSendSingleMessage" time="0.258" classname="org.molgenis.util.mail.MailSenderImplTest"/>
  <testcase name="testSendTwoMessages" time="0.003" classname="org.molgenis.util.mail.MailSenderImplTest"/>
</testsuite> <!-- org.molgenis.util.mail.MailSenderImplTest -->
