<?xml version="1.0" encoding="UTF-8"?>
<!-- Generated by org.testng.reporters.JUnitReportReporter -->
<testsuite hostname="spirals-vortex.lille.inria.fr" name="org.molgenis.util.mail.MailSenderImplTest" tests="2" failures="0" timestamp="28 May 2018 08:14:36 GMT" time="0.917" errors="0">
  <testcase name="testSendSingleMessage" time="0.912" classname="org.molgenis.util.mail.MailSenderImplTest"/>
  <testcase name="testSendTwoMessages" time="0.005" classname="org.molgenis.util.mail.MailSenderImplTest"/>
</testsuite> <!-- org.molgenis.util.mail.MailSenderImplTest -->
