<?xml version="1.0" encoding="UTF-8"?>
<!-- Generated by org.testng.reporters.JUnitReportReporter -->
<testsuite hostname="spirals-vortex.lille.inria.fr" name="org.molgenis.util.HugeMapTest" tests="20" failures="0" timestamp="25 May 2018 14:30:28 GMT" time="0.054" errors="0">
  <testcase name="keySet" time="0.024" classname="org.molgenis.util.HugeMapTest"/>
  <testcase name="putAll" time="0.002" classname="org.molgenis.util.HugeMapTest"/>
  <testcase name="containsKeyLarge" time="0.001" classname="org.molgenis.util.HugeMapTest"/>
  <testcase name="values" time="0.000" classname="org.molgenis.util.HugeMapTest"/>
  <testcase name="getLarge" time="0.002" classname="org.molgenis.util.HugeMapTest"/>
  <testcase name="isEmpty" time="0.000" classname="org.molgenis.util.HugeMapTest"/>
  <testcase name="putAllLarge" time="0.005" classname="org.molgenis.util.HugeMapTest"/>
  <testcase name="clearLarge" time="0.004" classname="org.molgenis.util.HugeMapTest"/>
  <testcase name="entrySetLarge" time="0.002" classname="org.molgenis.util.HugeMapTest"/>
  <testcase name="clear" time="0.001" classname="org.molgenis.util.HugeMapTest"/>
  <testcase name="valuesLarge" time="0.001" classname="org.molgenis.util.HugeMapTest"/>
  <testcase name="containsValue" time="0.000" classname="org.molgenis.util.HugeMapTest"/>
  <testcase name="entrySet" time="0.001" classname="org.molgenis.util.HugeMapTest"/>
  <testcase name="containsKey" time="0.000" classname="org.molgenis.util.HugeMapTest"/>
  <testcase name="isEmptyLarge" time="0.002" classname="org.molgenis.util.HugeMapTest"/>
  <testcase name="keySetLarge" time="0.002" classname="org.molgenis.util.HugeMapTest"/>
  <testcase name="remove" time="0.002" classname="org.molgenis.util.HugeMapTest"/>
  <testcase name="removeLarge" time="0.001" classname="org.molgenis.util.HugeMapTest"/>
  <testcase name="get" time="0.000" classname="org.molgenis.util.HugeMapTest"/>
  <testcase name="containsValueLarge" time="0.004" classname="org.molgenis.util.HugeMapTest"/>
</testsuite> <!-- org.molgenis.util.HugeMapTest -->
