<?xml version="1.0" encoding="UTF-8"?>
<!-- Generated by org.testng.reporters.JUnitReportReporter -->
<testsuite hostname="spirals-vortex.lille.inria.fr" name="org.molgenis.util.RegexUtilsTest" tests="2" failures="0" timestamp="30 May 2018 09:54:17 GMT" time="0.014" errors="0">
  <testcase name="cronJobRegex" time="0.010" classname="org.molgenis.util.RegexUtilsTest"/>
  <testcase name="commaSeparatedEmailListRegex" time="0.004" classname="org.molgenis.util.RegexUtilsTest"/>
</testsuite> <!-- org.molgenis.util.RegexUtilsTest -->
