<?xml version="1.0" encoding="UTF-8"?>
<!-- Generated by org.testng.reporters.JUnitReportReporter -->
<testsuite hostname="spirals-vortex.lille.inria.fr" name="org.modelmapper.spring.SpringIntegrationTest" tests="1" failures="0" timestamp="26 May 2018 07:30:57 GMT" time="0.122" errors="0">
  <testcase name="testFromSpring" time="0.122" classname="org.modelmapper.spring.SpringIntegrationTest"/>
</testsuite> <!-- org.modelmapper.spring.SpringIntegrationTest -->
