<?xml version="1.0" encoding="UTF-8"?>
<testsuite xmlns:xsi="http://www.w3.org/2001/XMLSchema-instance" xsi:schemaLocation="https://maven.apache.org/surefire/maven-surefire-plugin/xsd/surefire-test-report.xsd" name="org.matsim.contrib.pseudosimulation.RunPSimTest" time="19.931" tests="2" errors="1" skipped="0" failures="1">
  <properties>
    <property name="java.vendor" value="Oracle Corporation"/>
    <property name="sun.java.launcher" value="SUN_STANDARD"/>
    <property name="sun.management.compiler" value="HotSpot 64-Bit Tiered Compilers"/>
    <property name="os.name" value="Linux"/>
    <property name="sun.boot.class.path" value="/usr/lib/jvm/java-8-openjdk-amd64/jre/lib/resources.jar:/usr/lib/jvm/java-8-openjdk-amd64/jre/lib/rt.jar:/usr/lib/jvm/java-8-openjdk-amd64/jre/lib/sunrsasign.jar:/usr/lib/jvm/java-8-openjdk-amd64/jre/lib/jsse.jar:/usr/lib/jvm/java-8-openjdk-amd64/jre/lib/jce.jar:/usr/lib/jvm/java-8-openjdk-amd64/jre/lib/charsets.jar:/usr/lib/jvm/java-8-openjdk-amd64/jre/lib/jfr.jar:/usr/lib/jvm/java-8-openjdk-amd64/jre/classes"/>
    <property name="cobertura.skip" value="true"/>
    <property name="findbugs.skip" value="true"/>
    <property name="java.vm.specification.vendor" value="Oracle Corporation"/>
    <property name="java.runtime.version" value="1.8.0_121-8u121-b13-1~bpo8+1-b13"/>
    <property name="user.name" value="root"/>
    <property name="guice.disable.misplaced.annotation.check" value="true"/>
    <property name="maven.repo.local" value="/root/./workspace/matsim-org/matsim/385025376/.m2"/>
    <property name="user.language" value="en"/>
    <property name="sun.boot.library.path" value="/usr/lib/jvm/java-8-openjdk-amd64/jre/lib/amd64"/>
    <property name="classworlds.conf" value="/usr/share/maven/bin/m2.conf"/>
    <property name="java.version" value="1.8.0_121"/>
    <property name="user.timezone" value="Europe/Paris"/>
    <property name="rat.skip" value="true"/>
    <property name="sun.arch.data.model" value="64"/>
    <property name="java.endorsed.dirs" value="/usr/lib/jvm/java-8-openjdk-amd64/jre/lib/endorsed"/>
    <property name="sun.cpu.isalist" value=""/>
    <property name="sun.jnu.encoding" value="UTF-8"/>
    <property name="file.encoding.pkg" value="sun.io"/>
    <property name="file.separator" value="/"/>
    <property name="java.specification.name" value="Java Platform API Specification"/>
    <property name="java.class.version" value="52.0"/>
    <property name="checkstyle.skip" value="true"/>
    <property name="securerandom.source" value="file:/dev/./urandom"/>
    <property name="java.home" value="/usr/lib/jvm/java-8-openjdk-amd64/jre"/>
    <property name="java.vm.info" value="mixed mode"/>
    <property name="os.version" value="3.10.0-862.2.3.el7.x86_64"/>
    <property name="path.separator" value=":"/>
    <property name="java.vm.version" value="25.121-b13"/>
    <property name="gpg.skip" value="true"/>
    <property name="java.awt.printerjob" value="sun.print.PSPrinterJob"/>
    <property name="sun.io.unicode.encoding" value="UnicodeLittle"/>
    <property name="awt.toolkit" value="sun.awt.X11.XToolkit"/>
    <property name="os.detected.release" value="debian"/>
    <property name="user.home" value="/root"/>
    <property name="java.specification.vendor" value="Oracle Corporation"/>
    <property name="java.library.path" value="/usr/java/packages/lib/amd64:/usr/lib/x86_64-linux-gnu/jni:/lib/x86_64-linux-gnu:/usr/lib/x86_64-linux-gnu:/usr/lib/jni:/lib:/usr/lib"/>
    <property name="java.vendor.url" value="http://java.oracle.com/"/>
    <property name="java.vm.vendor" value="Oracle Corporation"/>
    <property name="os.detected.release.like.debian" value="true"/>
    <property name="dependency-check.skip" value="true"/>
    <property name="maven.home" value="/usr/share/maven"/>
    <property name="java.runtime.name" value="OpenJDK Runtime Environment"/>
    <property name="sun.java.command" value="org.codehaus.plexus.classworlds.launcher.Launcher -B -D enforcer.skip=true -D dependency-check.skip=true -D skipITs=true -D cobertura.skip=true -D maven.repo.local=/root/./workspace/matsim-org/matsim/385025376/.m2 -D rat.skip=true -D findbugs.skip=true -D skip.bower=true -D gpg.skip=true -D checkstyle.skip=true -D skip.gulp=true -D license.skip=true -D skip.npm=true test"/>
    <property name="java.class.path" value="/usr/share/maven/boot/plexus-classworlds-2.5.2.jar"/>
    <property name="os.detected.arch" value="x86_64"/>
    <property name="java.vm.specification.name" value="Java Virtual Machine Specification"/>
    <property name="java.vm.specification.version" value="1.8"/>
    <property name="sun.cpu.endian" value="little"/>
    <property name="sun.os.patch.level" value="unknown"/>
    <property name="os.detected.classifier" value="linux-x86_64"/>
    <property name="java.io.tmpdir" value="/tmp"/>
    <property name="java.vendor.url.bug" value="http://bugreport.sun.com/bugreport/"/>
    <property name="maven.multiModuleProjectDirectory" value="/root/workspace/matsim-org/matsim/385025376"/>
    <property name="os.arch" value="amd64"/>
    <property name="java.awt.graphicsenv" value="sun.awt.X11GraphicsEnvironment"/>
    <property name="java.ext.dirs" value="/usr/lib/jvm/java-8-openjdk-amd64/jre/lib/ext:/usr/java/packages/lib/ext"/>
    <property name="os.detected.release.version" value="8"/>
    <property name="user.dir" value="/root/workspace/matsim-org/matsim/385025376"/>
    <property name="skipITs" value="true"/>
    <property name="line.separator" value="&#10;"/>
    <property name="java.vm.name" value="OpenJDK 64-Bit Server VM"/>
    <property name="enforcer.skip" value="true"/>
    <property name="skip.gulp" value="true"/>
    <property name="skip.bower" value="true"/>
    <property name="skip.npm" value="true"/>
    <property name="file.encoding" value="UTF-8"/>
    <property name="os.detected.name" value="linux"/>
    <property name="license.skip" value="true"/>
    <property name="java.specification.version" value="1.8"/>
  </properties>
  <testcase name="testA" classname="org.matsim.contrib.pseudosimulation.RunPSimTest" time="0.815">
    <error message="unkhandled link weighting &quot;null&quot;" type="java.lang.RuntimeException">java.lang.RuntimeException: unkhandled link weighting "null"
	at org.matsim.contrib.pseudosimulation.RunPSimTest.testA(RunPSimTest.java:77)
</error>
    <system-out><![CDATA[2018-05-29 07:47:22,894  INFO Config:561 setting context to [file:/root/workspace/matsim-org/matsim/385025376/contribs/pseudosimulation/]
2018-05-29 07:47:22,999  INFO ConfigReader:102 using config_v2-reader
2018-05-29 07:47:23,000  INFO MatsimXmlParser:270 Trying to load http://www.matsim.org/files/dtd/config_v2.dtd. In some cases (e.g. network interface up but no connection), this may take a bit.
2018-05-29 07:47:23,259  INFO Config:561 setting context to [file:/root/workspace/matsim-org/matsim/385025376/examples/target/classes/test/scenarios/pt-tutorial/0.config.xml]
2018-05-29 07:47:23,296  INFO Config:561 setting context to [file:/root/workspace/matsim-org/matsim/385025376/contribs/pseudosimulation/]
2018-05-29 07:47:23,323  INFO ScenarioLoaderImpl:108 loading scenario from base directory: /root/workspace/matsim-org/matsim/385025376/contribs/pseudosimulation/
2018-05-29 07:47:23,324  INFO ScenarioLoaderImpl:130 loading network from file:/root/workspace/matsim-org/matsim/385025376/examples/target/classes/test/scenarios/pt-tutorial/multimodalnetwork.xml
2018-05-29 07:47:23,329  INFO MatsimNetworkReader:90 using network_v1-reader.
2018-05-29 07:47:23,329  INFO MatsimXmlParser:270 Trying to load http://matsim.org/files/dtd/network_v1.dtd. In some cases (e.g. network interface up but no connection), this may take a bit.
2018-05-29 07:47:23,500  INFO NetworkImpl:167  node # 1
2018-05-29 07:47:23,502  INFO NetworkImpl:167  node # 4
2018-05-29 07:47:23,504  INFO NetworkImpl:167  node # 16
2018-05-29 07:47:23,515  INFO NetworkImpl:163  link # 1
2018-05-29 07:47:23,516  INFO NetworkImpl:163  link # 4
2018-05-29 07:47:23,520  INFO NetworkImpl:163  link # 16
2018-05-29 07:47:23,528  INFO ScenarioLoaderImpl:182 no facilities file set in config, therefore not loading any facilities.  This is not a problem except if you are using facilities
2018-05-29 07:47:23,529  INFO ScenarioLoaderImpl:192 no facility-attributes file set in config, not loading any facility attributes
2018-05-29 07:47:23,529  INFO ScenarioLoaderImpl:199 loading population from file:/root/workspace/matsim-org/matsim/385025376/examples/target/classes/test/scenarios/pt-tutorial/0.plans.xml.gz
2018-05-29 07:47:23,541  INFO PopulationReader:124 using plans_v4-reader.
2018-05-29 07:47:23,541  INFO MatsimXmlParser:270 Trying to load http://www.matsim.org/files/dtd/plans_v4.dtd. In some cases (e.g. network interface up but no connection), this may take a bit.
2018-05-29 07:47:23,620  INFO ParallelPopulationReaderMatsimV4:138 Start parallel population reading...
2018-05-29 07:47:23,625  INFO PopulationImpl:112  person # 1
2018-05-29 07:47:23,630  INFO PopulationImpl:112  person # 4
2018-05-29 07:47:23,644  INFO PopulationImpl:112  person # 16
2018-05-29 07:47:23,667  INFO PopulationImpl:112  person # 64
2018-05-29 07:47:23,713  INFO PopulationImpl:112  person # 256
2018-05-29 07:47:23,791  INFO ParallelPopulationReaderMatsimV4:188 Finished parallel population reading...
2018-05-29 07:47:23,792  INFO PopulationUtils:992  person # 900
2018-05-29 07:47:23,792  INFO ScenarioLoaderImpl:235 no person-attributes file set in config, not loading any person attributes
2018-05-29 07:47:23,793  INFO ScenarioLoaderImpl:247 no households file set in config, not loading households
2018-05-29 07:47:23,793  INFO ScenarioLoaderImpl:258 no household-attributes file set in config, not loading any household attributes
2018-05-29 07:47:23,799  INFO MatsimXmlParser:270 Trying to load http://www.matsim.org/files/dtd/transitSchedule_v1.dtd. In some cases (e.g. network interface up but no connection), this may take a bit.
2018-05-29 07:47:23,857  INFO ScenarioLoaderImpl:307 loading transit vehicles from transitVehicles.xml
2018-05-29 07:47:23,861  INFO MatsimXmlParser:270 Trying to load http://www.matsim.org/files/dtd/vehicleDefinitions_v1.0.xsd. In some cases (e.g. network interface up but no connection), this may take a bit.
2018-05-29 07:47:23,926  INFO MatsimXmlParser:270 Trying to load http://www.matsim.org/files/dtd/matsimCommon.xsd. In some cases (e.g. network interface up but no connection), this may take a bit.
2018-05-29 07:47:23,979  INFO MatsimXmlParser:270 Trying to load http://www.matsim.org/files/dtd/vehicleDefinitionsEnumTypes.xsd. In some cases (e.g. network interface up but no connection), this may take a bit.
2018-05-29 07:47:24,046  INFO Counter:61  vehicles # 1
2018-05-29 07:47:24,047  INFO Counter:61  vehicles # 2
]]></system-out>
    <system-err><![CDATA[2018-05-29 07:47:22,958  WARN MatsimXmlParser:155 starting to parse xml from url file:/root/workspace/matsim-org/matsim/385025376/examples/target/classes/test/scenarios/pt-tutorial/0.config.xml ...
2018-05-29 07:47:23,249  WARN PlanCalcScoreConfigGroup$ActivityParams:860 Setting minimalDuration different from zero is discouraged.  It is probably implemented correctly, but there is as of now no indication that it makes the results more realistic.  KN, Sep'08 This message given only once.
2018-05-29 07:47:23,326  WARN MatsimXmlParser:155 starting to parse xml from url file:/root/workspace/matsim-org/matsim/385025376/examples/target/classes/test/scenarios/pt-tutorial/multimodalnetwork.xml ...
2018-05-29 07:47:23,509  WARN LinkImpl:148 length=0.0 of link id 11 may cause problems
2018-05-29 07:47:23,510  WARN LinkImpl:150  Future occurences of this logging statement are suppressed.
2018-05-29 07:47:23,512  WARN LinkImpl:108 fromNode=toNode=[id=1][coord=[x=1050.0][y=1050.0]][type=null][nof_inlinks=0][nof_outlinks=0]: link is a loop
2018-05-29 07:47:23,513  WARN LinkImpl:110  Future occurences of this logging statement are suppressed.
2018-05-29 07:47:23,513  WARN NodeImpl:87 [id=1][coord=[x=1050.0][y=1050.0]][type=null][nof_inlinks=0][nof_outlinks=1]: inlink_id=11 is now in- and out-link
2018-05-29 07:47:23,514  WARN NodeImpl:88  This message given only once.
2018-05-29 07:47:23,535  WARN MatsimXmlParser:155 starting to parse xml from url file:/root/workspace/matsim-org/matsim/385025376/examples/target/classes/test/scenarios/pt-tutorial/0.plans.xml.gz ...
2018-05-29 07:47:23,795  WARN MatsimXmlParser:155 starting to parse xml from url file:/root/workspace/matsim-org/matsim/385025376/examples/target/classes/test/scenarios/pt-tutorial/transitschedule.xml ...
2018-05-29 07:47:23,858  WARN MatsimXmlParser:155 starting to parse xml from url file:/root/workspace/matsim-org/matsim/385025376/examples/target/classes/test/scenarios/pt-tutorial/transitVehicles.xml ...
]]></system-err>
  </testcase>
  <testcase name="testB" classname="org.matsim.contrib.pseudosimulation.RunPSimTest" time="18.571">
    <failure message="Usually RunPSim outperforms default Controler on this test for executed score by a margin &gt; 1%; something changed." type="java.lang.AssertionError">java.lang.AssertionError: Usually RunPSim outperforms default Controler on this test for executed score by a margin > 1%; something changed.
	at org.matsim.contrib.pseudosimulation.RunPSimTest.testB(RunPSimTest.java:99)
</failure>
    <system-out><![CDATA[2018-05-29 07:47:24,077  INFO Config:561 setting context to [file:/root/workspace/matsim-org/matsim/385025376/contribs/pseudosimulation/]
2018-05-29 07:47:24,086  INFO ConfigReader:102 using config_v2-reader
2018-05-29 07:47:24,086  INFO MatsimXmlParser:270 Trying to load http://www.matsim.org/files/dtd/config_v2.dtd. In some cases (e.g. network interface up but no connection), this may take a bit.
2018-05-29 07:47:24,142  INFO Config:561 setting context to [file:/root/workspace/matsim-org/matsim/385025376/examples/target/classes/test/scenarios/pt-tutorial/0.config.xml]
2018-05-29 07:47:24,925 DEBUG ScenarioLoaderImpl:85 setting {}
2018-05-29 07:47:24,925  INFO ScenarioLoaderImpl:108 loading scenario from base directory: /root/workspace/matsim-org/matsim/385025376/contribs/pseudosimulation/
2018-05-29 07:47:24,926  INFO ScenarioLoaderImpl:130 loading network from file:/root/workspace/matsim-org/matsim/385025376/examples/target/classes/test/scenarios/pt-tutorial/multimodalnetwork.xml
2018-05-29 07:47:24,928  INFO MatsimNetworkReader:90 using network_v1-reader.
2018-05-29 07:47:24,929  INFO MatsimXmlParser:270 Trying to load http://matsim.org/files/dtd/network_v1.dtd. In some cases (e.g. network interface up but no connection), this may take a bit.
2018-05-29 07:47:24,979  INFO NetworkImpl:167  node # 1
2018-05-29 07:47:24,980  INFO NetworkImpl:167  node # 4
2018-05-29 07:47:24,981  INFO NetworkImpl:167  node # 16
2018-05-29 07:47:24,982  INFO NetworkImpl:163  link # 1
2018-05-29 07:47:24,983  INFO NetworkImpl:163  link # 4
2018-05-29 07:47:24,985  INFO NetworkImpl:163  link # 16
2018-05-29 07:47:24,988  INFO ScenarioLoaderImpl:182 no facilities file set in config, therefore not loading any facilities.  This is not a problem except if you are using facilities
2018-05-29 07:47:24,989  INFO ScenarioLoaderImpl:192 no facility-attributes file set in config, not loading any facility attributes
2018-05-29 07:47:24,990  INFO ScenarioLoaderImpl:199 loading population from file:/root/workspace/matsim-org/matsim/385025376/examples/target/classes/test/scenarios/pt-tutorial/0.plans.xml.gz
2018-05-29 07:47:24,992  INFO PopulationReader:124 using plans_v4-reader.
2018-05-29 07:47:24,993  INFO MatsimXmlParser:270 Trying to load http://www.matsim.org/files/dtd/plans_v4.dtd. In some cases (e.g. network interface up but no connection), this may take a bit.
2018-05-29 07:47:25,066  INFO ParallelPopulationReaderMatsimV4:138 Start parallel population reading...
2018-05-29 07:47:25,068  INFO PopulationImpl:112  person # 1
2018-05-29 07:47:25,069  INFO PopulationImpl:112  person # 4
2018-05-29 07:47:25,073  INFO PopulationImpl:112  person # 16
2018-05-29 07:47:25,081  INFO PopulationImpl:112  person # 64
2018-05-29 07:47:25,104  INFO PopulationImpl:112  person # 256
2018-05-29 07:47:25,156  INFO ParallelPopulationReaderMatsimV4:188 Finished parallel population reading...
2018-05-29 07:47:25,157  INFO PopulationUtils:992  person # 900
2018-05-29 07:47:25,157  INFO ScenarioLoaderImpl:235 no person-attributes file set in config, not loading any person attributes
2018-05-29 07:47:25,157  INFO ScenarioLoaderImpl:247 no households file set in config, not loading households
2018-05-29 07:47:25,157  INFO ScenarioLoaderImpl:258 no household-attributes file set in config, not loading any household attributes
2018-05-29 07:47:25,160  INFO MatsimXmlParser:270 Trying to load http://www.matsim.org/files/dtd/transitSchedule_v1.dtd. In some cases (e.g. network interface up but no connection), this may take a bit.
2018-05-29 07:47:25,218  INFO ScenarioLoaderImpl:307 loading transit vehicles from transitVehicles.xml
2018-05-29 07:47:25,225  INFO MatsimXmlParser:270 Trying to load http://www.matsim.org/files/dtd/vehicleDefinitions_v1.0.xsd. In some cases (e.g. network interface up but no connection), this may take a bit.
2018-05-29 07:47:25,276  INFO MatsimXmlParser:270 Trying to load http://www.matsim.org/files/dtd/matsimCommon.xsd. In some cases (e.g. network interface up but no connection), this may take a bit.
2018-05-29 07:47:25,328  INFO MatsimXmlParser:270 Trying to load http://www.matsim.org/files/dtd/vehicleDefinitionsEnumTypes.xsd. In some cases (e.g. network interface up but no connection), this may take a bit.
2018-05-29 07:47:25,383  INFO Counter:61  vehicles # 1
2018-05-29 07:47:25,384  INFO Counter:61  vehicles # 2
2018-05-29 07:47:25,386  INFO SimStepParallelEventsManagerImpl:79 number of threads=1
2018-05-29 07:47:25,389  INFO EventsManagerImpl:144 adding Event-Handler: org.matsim.core.trafficmonitoring.TravelTimeCalculator
2018-05-29 07:47:25,390  INFO EventsManagerImpl:148   org.matsim.api.core.v01.events.handler.LinkEnterEventHandler
2018-05-29 07:47:25,390  INFO EventsManagerImpl:207     > org.matsim.api.core.v01.events.LinkEnterEvent
2018-05-29 07:47:25,391  INFO EventsManagerImpl:148   org.matsim.api.core.v01.events.handler.LinkLeaveEventHandler
2018-05-29 07:47:25,392  INFO EventsManagerImpl:207     > org.matsim.api.core.v01.events.LinkLeaveEvent
2018-05-29 07:47:25,392  INFO EventsManagerImpl:148   org.matsim.api.core.v01.events.handler.VehicleEntersTrafficEventHandler
2018-05-29 07:47:25,392  INFO EventsManagerImpl:207     > org.matsim.api.core.v01.events.VehicleEntersTrafficEvent
2018-05-29 07:47:25,393  INFO EventsManagerImpl:148   org.matsim.api.core.v01.events.handler.VehicleLeavesTrafficEventHandler
2018-05-29 07:47:25,393  INFO EventsManagerImpl:207     > org.matsim.api.core.v01.events.VehicleLeavesTrafficEvent
2018-05-29 07:47:25,393  INFO EventsManagerImpl:148   org.matsim.core.api.experimental.events.handler.VehicleArrivesAtFacilityEventHandler
2018-05-29 07:47:25,394  INFO EventsManagerImpl:207     > org.matsim.core.api.experimental.events.VehicleArrivesAtFacilityEvent
2018-05-29 07:47:25,394  INFO EventsManagerImpl:148   org.matsim.api.core.v01.events.handler.VehicleAbortsEventHandler
2018-05-29 07:47:25,395  INFO EventsManagerImpl:207     > org.matsim.api.core.v01.events.VehicleAbortsEvent
2018-05-29 07:47:25,395  INFO EventsManagerImpl:156 
2018-05-29 07:47:25,395  INFO EventsManagerImpl:144 adding Event-Handler: org.matsim.core.trafficmonitoring.TravelTimeCalculator
2018-05-29 07:47:25,396  INFO EventsManagerImpl:148   org.matsim.api.core.v01.events.handler.LinkEnterEventHandler
2018-05-29 07:47:25,396  INFO EventsManagerImpl:207     > org.matsim.api.core.v01.events.LinkEnterEvent
2018-05-29 07:47:25,396  INFO EventsManagerImpl:148   org.matsim.api.core.v01.events.handler.LinkLeaveEventHandler
2018-05-29 07:47:25,397  INFO EventsManagerImpl:207     > org.matsim.api.core.v01.events.LinkLeaveEvent
2018-05-29 07:47:25,397  INFO EventsManagerImpl:148   org.matsim.api.core.v01.events.handler.VehicleEntersTrafficEventHandler
2018-05-29 07:47:25,397  INFO EventsManagerImpl:207     > org.matsim.api.core.v01.events.VehicleEntersTrafficEvent
2018-05-29 07:47:25,398  INFO EventsManagerImpl:148   org.matsim.api.core.v01.events.handler.VehicleLeavesTrafficEventHandler
2018-05-29 07:47:25,398  INFO EventsManagerImpl:207     > org.matsim.api.core.v01.events.VehicleLeavesTrafficEvent
2018-05-29 07:47:25,398  INFO EventsManagerImpl:148   org.matsim.core.api.experimental.events.handler.VehicleArrivesAtFacilityEventHandler
2018-05-29 07:47:25,399  INFO EventsManagerImpl:207     > org.matsim.core.api.experimental.events.VehicleArrivesAtFacilityEvent
2018-05-29 07:47:25,399  INFO EventsManagerImpl:148   org.matsim.api.core.v01.events.handler.VehicleAbortsEventHandler
2018-05-29 07:47:25,399  INFO EventsManagerImpl:207     > org.matsim.api.core.v01.events.VehicleAbortsEvent
2018-05-29 07:47:25,400  INFO EventsManagerImpl:156 
2018-05-29 07:47:25,413  INFO StrategyManager:59 global innovation switch off after iteration: 2147483647
2018-05-29 07:47:25,414  INFO GenericStrategyManager:318 added change request:  iteration=-2147483648 newWeight=0.0 strategy=RandomPlanSelector_ReRoute
2018-05-29 07:47:25,415  INFO GenericStrategyManager:318 added change request:  iteration=-2147483648 newWeight=0.0 strategy=RandomPlanSelector_TimeAllocationMutator
2018-05-29 07:47:25,415  INFO GenericStrategyManager:318 added change request:  iteration=-2147483648 newWeight=0.0 strategy=RandomPlanSelector_TripsToLegsModule_ChangeLegMode_ReRoute
2018-05-29 07:47:25,416  INFO GenericStrategyManager:350 setting PlanSelectorForRemoval to class org.matsim.core.replanning.selectors.WorstPlanForRemovalSelector
2018-05-29 07:47:25,417  INFO EventsManagerImpl:144 adding Event-Handler: org.matsim.core.scoring.EventsToActivities
2018-05-29 07:47:25,417  INFO EventsManagerImpl:148   org.matsim.api.core.v01.events.handler.ActivityStartEventHandler
2018-05-29 07:47:25,418  INFO EventsManagerImpl:207     > org.matsim.api.core.v01.events.ActivityStartEvent
2018-05-29 07:47:25,418  INFO EventsManagerImpl:148   org.matsim.api.core.v01.events.handler.ActivityEndEventHandler
2018-05-29 07:47:25,419  INFO EventsManagerImpl:207     > org.matsim.api.core.v01.events.ActivityEndEvent
2018-05-29 07:47:25,419  INFO EventsManagerImpl:156 
2018-05-29 07:47:25,419  INFO EventsManagerImpl:144 adding Event-Handler: org.matsim.core.scoring.EventsToActivities
2018-05-29 07:47:25,420  INFO EventsManagerImpl:148   org.matsim.api.core.v01.events.handler.ActivityStartEventHandler
2018-05-29 07:47:25,420  INFO EventsManagerImpl:207     > org.matsim.api.core.v01.events.ActivityStartEvent
2018-05-29 07:47:25,420  INFO EventsManagerImpl:148   org.matsim.api.core.v01.events.handler.ActivityEndEventHandler
2018-05-29 07:47:25,421  INFO EventsManagerImpl:207     > org.matsim.api.core.v01.events.ActivityEndEvent
2018-05-29 07:47:25,421  INFO EventsManagerImpl:156 
2018-05-29 07:47:25,422  INFO EventsManagerImpl:144 adding Event-Handler: org.matsim.core.scoring.EventsToLegs
2018-05-29 07:47:25,422  INFO EventsManagerImpl:148   org.matsim.api.core.v01.events.handler.PersonDepartureEventHandler
2018-05-29 07:47:25,422  INFO EventsManagerImpl:207     > org.matsim.api.core.v01.events.PersonDepartureEvent
2018-05-29 07:47:25,423  INFO EventsManagerImpl:148   org.matsim.api.core.v01.events.handler.PersonArrivalEventHandler
2018-05-29 07:47:25,423  INFO EventsManagerImpl:207     > org.matsim.api.core.v01.events.PersonArrivalEvent
2018-05-29 07:47:25,424  INFO EventsManagerImpl:148   org.matsim.api.core.v01.events.handler.LinkLeaveEventHandler
2018-05-29 07:47:25,424  INFO EventsManagerImpl:207     > org.matsim.api.core.v01.events.LinkLeaveEvent
2018-05-29 07:47:25,424  INFO EventsManagerImpl:148   org.matsim.api.core.v01.events.handler.LinkEnterEventHandler
2018-05-29 07:47:25,425  INFO EventsManagerImpl:207     > org.matsim.api.core.v01.events.LinkEnterEvent
2018-05-29 07:47:25,425  INFO EventsManagerImpl:148   org.matsim.core.api.experimental.events.handler.TeleportationArrivalEventHandler
2018-05-29 07:47:25,425  INFO EventsManagerImpl:207     > org.matsim.core.api.experimental.events.TeleportationArrivalEvent
2018-05-29 07:47:25,426  INFO EventsManagerImpl:148   org.matsim.api.core.v01.events.handler.TransitDriverStartsEventHandler
2018-05-29 07:47:25,426  INFO EventsManagerImpl:207     > org.matsim.api.core.v01.events.TransitDriverStartsEvent
2018-05-29 07:47:25,426  INFO EventsManagerImpl:148   org.matsim.api.core.v01.events.handler.PersonEntersVehicleEventHandler
2018-05-29 07:47:25,427  INFO EventsManagerImpl:207     > org.matsim.api.core.v01.events.PersonEntersVehicleEvent
2018-05-29 07:47:25,427  INFO EventsManagerImpl:148   org.matsim.core.api.experimental.events.handler.VehicleArrivesAtFacilityEventHandler
2018-05-29 07:47:25,427  INFO EventsManagerImpl:207     > org.matsim.core.api.experimental.events.VehicleArrivesAtFacilityEvent
2018-05-29 07:47:25,428  INFO EventsManagerImpl:148   org.matsim.api.core.v01.events.handler.VehicleEntersTrafficEventHandler
2018-05-29 07:47:25,428  INFO EventsManagerImpl:207     > org.matsim.api.core.v01.events.VehicleEntersTrafficEvent
2018-05-29 07:47:25,428  INFO EventsManagerImpl:148   org.matsim.api.core.v01.events.handler.VehicleLeavesTrafficEventHandler
2018-05-29 07:47:25,429  INFO EventsManagerImpl:207     > org.matsim.api.core.v01.events.VehicleLeavesTrafficEvent
2018-05-29 07:47:25,429  INFO EventsManagerImpl:156 
2018-05-29 07:47:25,429  INFO EventsManagerImpl:144 adding Event-Handler: org.matsim.core.scoring.EventsToLegs
2018-05-29 07:47:25,430  INFO EventsManagerImpl:148   org.matsim.api.core.v01.events.handler.PersonDepartureEventHandler
2018-05-29 07:47:25,430  INFO EventsManagerImpl:207     > org.matsim.api.core.v01.events.PersonDepartureEvent
2018-05-29 07:47:25,430  INFO EventsManagerImpl:148   org.matsim.api.core.v01.events.handler.PersonArrivalEventHandler
2018-05-29 07:47:25,431  INFO EventsManagerImpl:207     > org.matsim.api.core.v01.events.PersonArrivalEvent
2018-05-29 07:47:25,431  INFO EventsManagerImpl:148   org.matsim.api.core.v01.events.handler.LinkLeaveEventHandler
2018-05-29 07:47:25,431  INFO EventsManagerImpl:207     > org.matsim.api.core.v01.events.LinkLeaveEvent
2018-05-29 07:47:25,432  INFO EventsManagerImpl:148   org.matsim.api.core.v01.events.handler.LinkEnterEventHandler
2018-05-29 07:47:25,432  INFO EventsManagerImpl:207     > org.matsim.api.core.v01.events.LinkEnterEvent
2018-05-29 07:47:25,433  INFO EventsManagerImpl:148   org.matsim.core.api.experimental.events.handler.TeleportationArrivalEventHandler
2018-05-29 07:47:25,433  INFO EventsManagerImpl:207     > org.matsim.core.api.experimental.events.TeleportationArrivalEvent
2018-05-29 07:47:25,433  INFO EventsManagerImpl:148   org.matsim.api.core.v01.events.handler.TransitDriverStartsEventHandler
2018-05-29 07:47:25,434  INFO EventsManagerImpl:207     > org.matsim.api.core.v01.events.TransitDriverStartsEvent
2018-05-29 07:47:25,434  INFO EventsManagerImpl:148   org.matsim.api.core.v01.events.handler.PersonEntersVehicleEventHandler
2018-05-29 07:47:25,434  INFO EventsManagerImpl:207     > org.matsim.api.core.v01.events.PersonEntersVehicleEvent
2018-05-29 07:47:25,435  INFO EventsManagerImpl:148   org.matsim.core.api.experimental.events.handler.VehicleArrivesAtFacilityEventHandler
2018-05-29 07:47:25,435  INFO EventsManagerImpl:207     > org.matsim.core.api.experimental.events.VehicleArrivesAtFacilityEvent
2018-05-29 07:47:25,435  INFO EventsManagerImpl:148   org.matsim.api.core.v01.events.handler.VehicleEntersTrafficEventHandler
2018-05-29 07:47:25,436  INFO EventsManagerImpl:207     > org.matsim.api.core.v01.events.VehicleEntersTrafficEvent
2018-05-29 07:47:25,436  INFO EventsManagerImpl:148   org.matsim.api.core.v01.events.handler.VehicleLeavesTrafficEventHandler
2018-05-29 07:47:25,436  INFO EventsManagerImpl:207     > org.matsim.api.core.v01.events.VehicleLeavesTrafficEvent
2018-05-29 07:47:25,437  INFO EventsManagerImpl:156 
2018-05-29 07:47:25,438  INFO EventsManagerImpl:144 adding Event-Handler: org.matsim.core.scoring.ScoringFunctionsForPopulation
2018-05-29 07:47:25,439  INFO EventsManagerImpl:148   org.matsim.core.events.handler.BasicEventHandler
2018-05-29 07:47:25,439  INFO EventsManagerImpl:207     > org.matsim.api.core.v01.events.Event
2018-05-29 07:47:25,439  INFO EventsManagerImpl:148   org.matsim.core.scoring.EventsToLegs$LegHandler
2018-05-29 07:47:25,440  INFO EventsManagerImpl:148   org.matsim.core.scoring.EventsToActivities$ActivityHandler
2018-05-29 07:47:25,440  INFO EventsManagerImpl:156 
2018-05-29 07:47:25,441  INFO EventsManagerImpl:144 adding Event-Handler: org.matsim.core.scoring.ScoringFunctionsForPopulation
2018-05-29 07:47:25,441  INFO EventsManagerImpl:148   org.matsim.core.events.handler.BasicEventHandler
2018-05-29 07:47:25,442  INFO EventsManagerImpl:207     > org.matsim.api.core.v01.events.Event
2018-05-29 07:47:25,442  INFO EventsManagerImpl:148   org.matsim.core.scoring.EventsToLegs$LegHandler
2018-05-29 07:47:25,442  INFO EventsManagerImpl:148   org.matsim.core.scoring.EventsToActivities$ActivityHandler
2018-05-29 07:47:25,443  INFO EventsManagerImpl:156 
2018-05-29 07:47:25,444  INFO CalcLinkStats:151  resetting `count' to zero.  This info is here since we want to check when this is happening during normal simulation runs.  kai, jan'11
2018-05-29 07:47:25,445  INFO EventsManagerImpl:144 adding Event-Handler: org.matsim.analysis.VolumesAnalyzer
2018-05-29 07:47:25,446  INFO EventsManagerImpl:148   org.matsim.api.core.v01.events.handler.LinkLeaveEventHandler
2018-05-29 07:47:25,446  INFO EventsManagerImpl:207     > org.matsim.api.core.v01.events.LinkLeaveEvent
2018-05-29 07:47:25,446  INFO EventsManagerImpl:148   org.matsim.api.core.v01.events.handler.VehicleEntersTrafficEventHandler
2018-05-29 07:47:25,447  INFO EventsManagerImpl:207     > org.matsim.api.core.v01.events.VehicleEntersTrafficEvent
2018-05-29 07:47:25,447  INFO EventsManagerImpl:156 
2018-05-29 07:47:25,447  INFO EventsManagerImpl:144 adding Event-Handler: org.matsim.analysis.VolumesAnalyzer
2018-05-29 07:47:25,448  INFO EventsManagerImpl:148   org.matsim.api.core.v01.events.handler.LinkLeaveEventHandler
2018-05-29 07:47:25,448  INFO EventsManagerImpl:207     > org.matsim.api.core.v01.events.LinkLeaveEvent
2018-05-29 07:47:25,448  INFO EventsManagerImpl:148   org.matsim.api.core.v01.events.handler.VehicleEntersTrafficEventHandler
2018-05-29 07:47:25,449  INFO EventsManagerImpl:207     > org.matsim.api.core.v01.events.VehicleEntersTrafficEvent
2018-05-29 07:47:25,449  INFO EventsManagerImpl:156 
2018-05-29 07:47:25,450  INFO EventsManagerImpl:144 adding Event-Handler: org.matsim.analysis.LegHistogram
2018-05-29 07:47:25,450  INFO EventsManagerImpl:148   org.matsim.api.core.v01.events.handler.PersonDepartureEventHandler
2018-05-29 07:47:25,450  INFO EventsManagerImpl:207     > org.matsim.api.core.v01.events.PersonDepartureEvent
2018-05-29 07:47:25,451  INFO EventsManagerImpl:148   org.matsim.api.core.v01.events.handler.PersonArrivalEventHandler
2018-05-29 07:47:25,451  INFO EventsManagerImpl:207     > org.matsim.api.core.v01.events.PersonArrivalEvent
2018-05-29 07:47:25,451  INFO EventsManagerImpl:148   org.matsim.api.core.v01.events.handler.PersonStuckEventHandler
2018-05-29 07:47:25,452  INFO EventsManagerImpl:207     > org.matsim.api.core.v01.events.PersonStuckEvent
2018-05-29 07:47:25,452  INFO EventsManagerImpl:156 
2018-05-29 07:47:25,452  INFO EventsManagerImpl:144 adding Event-Handler: org.matsim.analysis.LegHistogram
2018-05-29 07:47:25,452  INFO EventsManagerImpl:148   org.matsim.api.core.v01.events.handler.PersonDepartureEventHandler
2018-05-29 07:47:25,453  INFO EventsManagerImpl:207     > org.matsim.api.core.v01.events.PersonDepartureEvent
2018-05-29 07:47:25,453  INFO EventsManagerImpl:148   org.matsim.api.core.v01.events.handler.PersonArrivalEventHandler
2018-05-29 07:47:25,453  INFO EventsManagerImpl:207     > org.matsim.api.core.v01.events.PersonArrivalEvent
2018-05-29 07:47:25,454  INFO EventsManagerImpl:148   org.matsim.api.core.v01.events.handler.PersonStuckEventHandler
2018-05-29 07:47:25,454  INFO EventsManagerImpl:207     > org.matsim.api.core.v01.events.PersonStuckEvent
2018-05-29 07:47:25,454  INFO EventsManagerImpl:156 
2018-05-29 07:47:25,455  INFO EventsManagerImpl:144 adding Event-Handler: org.matsim.analysis.CalcLegTimes
2018-05-29 07:47:25,455  INFO EventsManagerImpl:148   org.matsim.api.core.v01.events.handler.PersonDepartureEventHandler
2018-05-29 07:47:25,455  INFO EventsManagerImpl:207     > org.matsim.api.core.v01.events.PersonDepartureEvent
2018-05-29 07:47:25,455  INFO EventsManagerImpl:148   org.matsim.api.core.v01.events.handler.PersonArrivalEventHandler
2018-05-29 07:47:25,456  INFO EventsManagerImpl:207     > org.matsim.api.core.v01.events.PersonArrivalEvent
2018-05-29 07:47:25,456  INFO EventsManagerImpl:148   org.matsim.api.core.v01.events.handler.ActivityEndEventHandler
2018-05-29 07:47:25,456  INFO EventsManagerImpl:207     > org.matsim.api.core.v01.events.ActivityEndEvent
2018-05-29 07:47:25,457  INFO EventsManagerImpl:148   org.matsim.api.core.v01.events.handler.ActivityStartEventHandler
2018-05-29 07:47:25,457  INFO EventsManagerImpl:207     > org.matsim.api.core.v01.events.ActivityStartEvent
2018-05-29 07:47:25,457  INFO EventsManagerImpl:156 
2018-05-29 07:47:25,457  INFO EventsManagerImpl:144 adding Event-Handler: org.matsim.analysis.CalcLegTimes
2018-05-29 07:47:25,458  INFO EventsManagerImpl:148   org.matsim.api.core.v01.events.handler.PersonDepartureEventHandler
2018-05-29 07:47:25,458  INFO EventsManagerImpl:207     > org.matsim.api.core.v01.events.PersonDepartureEvent
2018-05-29 07:47:25,458  INFO EventsManagerImpl:148   org.matsim.api.core.v01.events.handler.PersonArrivalEventHandler
2018-05-29 07:47:25,459  INFO EventsManagerImpl:207     > org.matsim.api.core.v01.events.PersonArrivalEvent
2018-05-29 07:47:25,459  INFO EventsManagerImpl:148   org.matsim.api.core.v01.events.handler.ActivityEndEventHandler
2018-05-29 07:47:25,459  INFO EventsManagerImpl:207     > org.matsim.api.core.v01.events.ActivityEndEvent
2018-05-29 07:47:25,460  INFO EventsManagerImpl:148   org.matsim.api.core.v01.events.handler.ActivityStartEventHandler
2018-05-29 07:47:25,460  INFO EventsManagerImpl:207     > org.matsim.api.core.v01.events.ActivityStartEvent
2018-05-29 07:47:25,460  INFO EventsManagerImpl:156 
2018-05-29 07:47:25,463  INFO AbstractController:52 Used Controler-Class: org.matsim.core.controler.NewControler
2018-05-29 07:47:25,463  INFO Config:534 ConfigConsistencyChecker with runtime type=class org.matsim.core.config.consistency.ConfigConsistencyCheckerImpl was already added; not adding it a second time
2018-05-29 07:47:25,464  INFO Injector:80 === printInjector start ===
2018-05-29 07:47:25,465  INFO Injector:84 org.matsim.core.controler.listener.ControlerListener @com.google.inject.multibindings.Element(setName=,uniqueId=73, type=MULTIBINDER, keyType=)
2018-05-29 07:47:25,465  INFO Injector:85   --> provider: of(org.matsim.contrib.pseudosimulation.RunPSimTest$ExecScoreTracker@44821a96)
2018-05-29 07:47:25,465  INFO Injector:86   --> source: org.matsim.core.controler.Controler$5.install(Controler.java:384)
2018-05-29 07:47:25,465  INFO Injector:88   --> scope: eager singleton
2018-05-29 07:47:25,465  INFO Injector:92 
2018-05-29 07:47:25,466  INFO Injector:84 org.matsim.core.scenario.ScenarioLoaderImpl 
2018-05-29 07:47:25,466  INFO Injector:85   --> provider: of(org.matsim.core.scenario.ScenarioLoaderImpl@186f8716)
2018-05-29 07:47:25,466  INFO Injector:86   --> source: org.matsim.core.scenario.ScenarioByConfigModule.install(ScenarioByConfigModule.java:12)
2018-05-29 07:47:25,466  INFO Injector:88   --> scope: eager singleton
2018-05-29 07:47:25,466  INFO Injector:92 
2018-05-29 07:47:25,466  INFO Injector:84 org.matsim.pt.transitSchedule.api.TransitSchedule 
2018-05-29 07:47:25,467  INFO Injector:85   --> provider: Key[type=org.matsim.core.scenario.ScenarioByInstanceModule$TransitScheduleProvider, annotation=[none]]
2018-05-29 07:47:25,467  INFO Injector:86   --> source: org.matsim.core.scenario.ScenarioByInstanceModule.install(ScenarioByInstanceModule.java:33)
2018-05-29 07:47:25,467  INFO Injector:88   --> scope: Scopes.NO_SCOPE
2018-05-29 07:47:25,467  INFO Injector:92 
2018-05-29 07:47:25,467  INFO Injector:84 org.matsim.vehicles.Vehicles 
2018-05-29 07:47:25,468  INFO Injector:85   --> provider: Key[type=org.matsim.core.scenario.ScenarioByInstanceModule$TransitVehiclesProvider, annotation=[none]]
2018-05-29 07:47:25,468  INFO Injector:86   --> source: org.matsim.core.scenario.ScenarioByInstanceModule.install(ScenarioByInstanceModule.java:34)
2018-05-29 07:47:25,468  INFO Injector:88   --> scope: Scopes.NO_SCOPE
2018-05-29 07:47:25,468  INFO Injector:92 
2018-05-29 07:47:25,490  INFO Injector:84 org.matsim.api.core.v01.network.Network 
2018-05-29 07:47:25,494  INFO Injector:85   --> provider: @Provides org.matsim.core.scenario.ScenarioByInstanceModule.provideNetwork(ScenarioByInstanceModule.java:39)
2018-05-29 07:47:25,494  INFO Injector:86   --> source: org.matsim.api.core.v01.network.Network org.matsim.core.scenario.ScenarioByInstanceModule.provideNetwork(org.matsim.api.core.v01.Scenario)
2018-05-29 07:47:25,495  INFO Injector:88   --> scope: Scopes.NO_SCOPE
2018-05-29 07:47:25,495  INFO Injector:92 
2018-05-29 07:47:25,495  INFO Injector:84 org.matsim.api.core.v01.population.Population 
2018-05-29 07:47:25,495  INFO Injector:85   --> provider: @Provides org.matsim.core.scenario.ScenarioByInstanceModule.providePopulation(ScenarioByInstanceModule.java:43)
2018-05-29 07:47:25,495  INFO Injector:86   --> source: org.matsim.api.core.v01.population.Population org.matsim.core.scenario.ScenarioByInstanceModule.providePopulation(org.matsim.api.core.v01.Scenario)
2018-05-29 07:47:25,495  INFO Injector:88   --> scope: Scopes.NO_SCOPE
2018-05-29 07:47:25,495  INFO Injector:92 
2018-05-29 07:47:25,495  INFO Injector:84 org.matsim.api.core.v01.population.PopulationFactory 
2018-05-29 07:47:25,496  INFO Injector:85   --> provider: @Provides org.matsim.core.scenario.ScenarioByInstanceModule.providePopulationFactory(ScenarioByInstanceModule.java:47)
2018-05-29 07:47:25,496  INFO Injector:86   --> source: org.matsim.api.core.v01.population.PopulationFactory org.matsim.core.scenario.ScenarioByInstanceModule.providePopulationFactory(org.matsim.api.core.v01.population.Population)
2018-05-29 07:47:25,496  INFO Injector:88   --> scope: Scopes.NO_SCOPE
2018-05-29 07:47:25,496  INFO Injector:92 
2018-05-29 07:47:25,496  INFO Injector:84 org.matsim.facilities.ActivityFacilities 
2018-05-29 07:47:25,496  INFO Injector:85   --> provider: @Provides org.matsim.core.scenario.ScenarioByInstanceModule.provideActivityFacilities(ScenarioByInstanceModule.java:51)
2018-05-29 07:47:25,496  INFO Injector:86   --> source: org.matsim.facilities.ActivityFacilities org.matsim.core.scenario.ScenarioByInstanceModule.provideActivityFacilities(org.matsim.api.core.v01.Scenario)
2018-05-29 07:47:25,496  INFO Injector:88   --> scope: Scopes.NO_SCOPE
2018-05-29 07:47:25,497  INFO Injector:92 
2018-05-29 07:47:25,497  INFO Injector:84 org.matsim.households.Households 
2018-05-29 07:47:25,497  INFO Injector:85   --> provider: @Provides org.matsim.core.scenario.ScenarioByInstanceModule.provideHouseholds(ScenarioByInstanceModule.java:56)
2018-05-29 07:47:25,497  INFO Injector:86   --> source: org.matsim.households.Households org.matsim.core.scenario.ScenarioByInstanceModule.provideHouseholds(org.matsim.api.core.v01.Scenario)
2018-05-29 07:47:25,497  INFO Injector:88   --> scope: Scopes.NO_SCOPE
2018-05-29 07:47:25,497  INFO Injector:92 
2018-05-29 07:47:25,497  INFO Injector:84 org.matsim.vehicles.Vehicles 
2018-05-29 07:47:25,497  INFO Injector:85   --> provider: @Provides org.matsim.core.scenario.ScenarioByInstanceModule.provideVehicles(ScenarioByInstanceModule.java:61)
2018-05-29 07:47:25,497  INFO Injector:86   --> source: org.matsim.vehicles.Vehicles org.matsim.core.scenario.ScenarioByInstanceModule.provideVehicles(org.matsim.api.core.v01.Scenario)
2018-05-29 07:47:25,498  INFO Injector:88   --> scope: Scopes.NO_SCOPE
2018-05-29 07:47:25,498  INFO Injector:92 
2018-05-29 07:47:25,498  INFO Injector:84 org.matsim.lanes.data.Lanes 
2018-05-29 07:47:25,498  INFO Injector:85   --> provider: @Provides org.matsim.core.scenario.ScenarioByInstanceModule.provideLanes(ScenarioByInstanceModule.java:66)
2018-05-29 07:47:25,498  INFO Injector:86   --> source: org.matsim.lanes.data.Lanes org.matsim.core.scenario.ScenarioByInstanceModule.provideLanes(org.matsim.api.core.v01.Scenario)
2018-05-29 07:47:25,498  INFO Injector:88   --> scope: Scopes.NO_SCOPE
2018-05-29 07:47:25,498  INFO Injector:92 
2018-05-29 07:47:25,498  INFO Injector:84 org.matsim.api.core.v01.Scenario 
2018-05-29 07:47:25,499  INFO Injector:85   --> provider: @Provides org.matsim.core.scenario.ScenarioByConfigModule.createScenario(ScenarioByConfigModule.java:9)[Scopes.SINGLETON]
2018-05-29 07:47:25,499  INFO Injector:86   --> source: private org.matsim.api.core.v01.Scenario org.matsim.core.scenario.ScenarioByConfigModule.createScenario(org.matsim.core.scenario.ScenarioLoaderImpl)
2018-05-29 07:47:25,499  INFO Injector:88   --> scope: Scopes.SINGLETON
2018-05-29 07:47:25,499  INFO Injector:92 
2018-05-29 07:47:25,500  INFO Injector:84 org.matsim.core.controler.ControlerI 
2018-05-29 07:47:25,501  INFO Injector:85   --> provider: FactoryProxy{key=Key[type=org.matsim.core.controler.ControlerI, annotation=[none]], provider=com.google.inject.internal.ConstructorBindingImpl$Factory@5032714f}[Scopes.SINGLETON]
2018-05-29 07:47:25,501  INFO Injector:86   --> source: org.matsim.core.controler.NewControlerModule.install(NewControlerModule.java:8)
2018-05-29 07:47:25,501  INFO Injector:88   --> scope: eager singleton
2018-05-29 07:47:25,501  INFO Injector:92 
2018-05-29 07:47:25,501  INFO Injector:84 org.matsim.core.controler.ControlerListenerManager 
2018-05-29 07:47:25,501  INFO Injector:85   --> provider: FactoryProxy{key=Key[type=org.matsim.core.controler.ControlerListenerManager, annotation=[none]], provider=com.google.inject.internal.ConstructorBindingImpl$Factory@6fa51cd4[Scopes.SINGLETON]}
2018-05-29 07:47:25,501  INFO Injector:86   --> source: org.matsim.core.controler.NewControlerModule.install(NewControlerModule.java:10)
2018-05-29 07:47:25,502  INFO Injector:88   --> scope: Scopes.NO_SCOPE
2018-05-29 07:47:25,502  INFO Injector:92 
2018-05-29 07:47:25,502  INFO Injector:84 org.matsim.core.controler.PrepareForSim 
2018-05-29 07:47:25,502  INFO Injector:85   --> provider: FactoryProxy{key=Key[type=org.matsim.core.controler.PrepareForSim, annotation=[none]], provider=com.google.inject.internal.ConstructorBindingImpl$Factory@1caa0244}
2018-05-29 07:47:25,502  INFO Injector:86   --> source: org.matsim.core.controler.NewControlerModule.install(NewControlerModule.java:11)
2018-05-29 07:47:25,502  INFO Injector:88   --> scope: Scopes.NO_SCOPE
2018-05-29 07:47:25,502  INFO Injector:92 
2018-05-29 07:47:25,503  INFO Injector:84 org.matsim.core.controler.TerminationCriterion 
2018-05-29 07:47:25,503  INFO Injector:85   --> provider: FactoryProxy{key=Key[type=org.matsim.core.controler.TerminationCriterion, annotation=[none]], provider=com.google.inject.internal.ConstructorBindingImpl$Factory@6e9a5ed8}
2018-05-29 07:47:25,503  INFO Injector:86   --> source: org.matsim.core.controler.NewControlerModule.install(NewControlerModule.java:14)
2018-05-29 07:47:25,503  INFO Injector:88   --> scope: Scopes.NO_SCOPE
2018-05-29 07:47:25,503  INFO Injector:92 
2018-05-29 07:47:25,503  INFO Injector:84 org.matsim.core.controler.MatsimServices 
2018-05-29 07:47:25,503  INFO Injector:85   --> provider: FactoryProxy{key=Key[type=org.matsim.core.controler.MatsimServices, annotation=[none]], provider=com.google.inject.internal.ConstructorBindingImpl$Factory@231f98ef}
2018-05-29 07:47:25,504  INFO Injector:86   --> source: org.matsim.core.controler.NewControlerModule.install(NewControlerModule.java:15)
2018-05-29 07:47:25,504  INFO Injector:88   --> scope: Scopes.NO_SCOPE
2018-05-29 07:47:25,504  INFO Injector:92 
2018-05-29 07:47:25,504  INFO Injector:84 org.matsim.core.controler.corelisteners.PlansScoring 
2018-05-29 07:47:25,504  INFO Injector:85   --> provider: FactoryProxy{key=Key[type=org.matsim.core.controler.corelisteners.PlansScoring, annotation=[none]], provider=com.google.inject.internal.ConstructorBindingImpl$Factory@2b40ff9c[Scopes.SINGLETON]}
2018-05-29 07:47:25,504  INFO Injector:86   --> source: org.matsim.core.scoring.PlansScoringModule.install(PlansScoringModule.java:11)
2018-05-29 07:47:25,505  INFO Injector:88   --> scope: Scopes.NO_SCOPE
2018-05-29 07:47:25,505  INFO Injector:92 
2018-05-29 07:47:25,505  INFO Injector:84 org.matsim.core.controler.corelisteners.PlansReplanning 
2018-05-29 07:47:25,505  INFO Injector:85   --> provider: FactoryProxy{key=Key[type=org.matsim.core.controler.corelisteners.PlansReplanning, annotation=[none]], provider=com.google.inject.internal.ConstructorBindingImpl$Factory@70ed52de[Scopes.SINGLETON]}
2018-05-29 07:47:25,505  INFO Injector:86   --> source: org.matsim.core.controler.corelisteners.ControlerDefaultCoreListenersModule.install(ControlerDefaultCoreListenersModule.java:38)
2018-05-29 07:47:25,505  INFO Injector:88   --> scope: Scopes.NO_SCOPE
2018-05-29 07:47:25,506  INFO Injector:92 
2018-05-29 07:47:25,506  INFO Injector:84 org.matsim.core.controler.corelisteners.PlansDumping 
2018-05-29 07:47:25,506  INFO Injector:85   --> provider: FactoryProxy{key=Key[type=org.matsim.core.controler.corelisteners.PlansDumping, annotation=[none]], provider=com.google.inject.internal.ConstructorBindingImpl$Factory@247310d0[Scopes.SINGLETON]}
2018-05-29 07:47:25,506  INFO Injector:86   --> source: org.matsim.core.controler.corelisteners.ControlerDefaultCoreListenersModule.install(ControlerDefaultCoreListenersModule.java:39)
2018-05-29 07:47:25,506  INFO Injector:88   --> scope: Scopes.NO_SCOPE
2018-05-29 07:47:25,506  INFO Injector:92 
2018-05-29 07:47:25,506  INFO Injector:84 org.matsim.core.controler.corelisteners.EventsHandling 
2018-05-29 07:47:25,507  INFO Injector:85   --> provider: FactoryProxy{key=Key[type=org.matsim.core.controler.corelisteners.EventsHandling, annotation=[none]], provider=com.google.inject.internal.ConstructorBindingImpl$Factory@17fc391b[Scopes.SINGLETON]}
2018-05-29 07:47:25,507  INFO Injector:86   --> source: org.matsim.core.controler.corelisteners.ControlerDefaultCoreListenersModule.install(ControlerDefaultCoreListenersModule.java:40)
2018-05-29 07:47:25,507  INFO Injector:88   --> scope: Scopes.NO_SCOPE
2018-05-29 07:47:25,507  INFO Injector:92 
2018-05-29 07:47:25,507  INFO Injector:84 org.matsim.core.controler.corelisteners.DumpDataAtEnd 
2018-05-29 07:47:25,507  INFO Injector:85   --> provider: FactoryProxy{key=Key[type=org.matsim.core.controler.corelisteners.DumpDataAtEnd, annotation=[none]], provider=com.google.inject.internal.ConstructorBindingImpl$Factory@792b749c[Scopes.SINGLETON]}
2018-05-29 07:47:25,508  INFO Injector:86   --> source: org.matsim.core.controler.corelisteners.ControlerDefaultCoreListenersModule.install(ControlerDefaultCoreListenersModule.java:41)
2018-05-29 07:47:25,508  INFO Injector:88   --> scope: Scopes.NO_SCOPE
2018-05-29 07:47:25,508  INFO Injector:92 
2018-05-29 07:47:25,508  INFO Injector:84 org.matsim.core.api.experimental.events.EventsManager 
2018-05-29 07:47:25,508  INFO Injector:85   --> provider: FactoryProxy{key=Key[type=org.matsim.core.api.experimental.events.EventsManager, annotation=[none]], provider=com.google.inject.internal.ConstructorBindingImpl$Factory@302c971f}[Scopes.SINGLETON]
2018-05-29 07:47:25,508  INFO Injector:86   --> source: org.matsim.core.events.EventsManagerModule.install(EventsManagerModule.java:23)
2018-05-29 07:47:25,509  INFO Injector:88   --> scope: eager singleton
2018-05-29 07:47:25,509  INFO Injector:92 
2018-05-29 07:47:25,509  INFO Injector:84 org.matsim.core.mobsim.framework.Mobsim 
2018-05-29 07:47:25,509  INFO Injector:85   --> provider: Key[type=org.matsim.core.mobsim.qsim.QSimProvider, annotation=[none]]
2018-05-29 07:47:25,509  INFO Injector:86   --> source: org.matsim.core.mobsim.qsim.QSimModule.configure(QSimModule.java:28)
2018-05-29 07:47:25,509  INFO Injector:88   --> scope: Scopes.NO_SCOPE
2018-05-29 07:47:25,509  INFO Injector:92 
2018-05-29 07:47:25,510  INFO Injector:84 org.matsim.core.mobsim.qsim.qnetsimengine.QNetworkFactory 
2018-05-29 07:47:25,510  INFO Injector:85   --> provider: FactoryProxy{key=Key[type=org.matsim.core.mobsim.qsim.qnetsimengine.QNetworkFactory, annotation=[none]], provider=com.google.inject.internal.ConstructorBindingImpl$Factory@7fd50002}
2018-05-29 07:47:25,510  INFO Injector:86   --> source: org.matsim.core.mobsim.qsim.QSimModule.configure(QSimModule.java:32)
2018-05-29 07:47:25,510  INFO Injector:88   --> scope: Scopes.NO_SCOPE
2018-05-29 07:47:25,510  INFO Injector:92 
2018-05-29 07:47:25,510  INFO Injector:84 org.matsim.core.mobsim.qsim.pt.TransitStopHandlerFactory 
2018-05-29 07:47:25,510  INFO Injector:85   --> provider: FactoryProxy{key=Key[type=org.matsim.core.mobsim.qsim.pt.TransitStopHandlerFactory, annotation=[none]], provider=com.google.inject.internal.ConstructorBindingImpl$Factory@45d84a20}
2018-05-29 07:47:25,511  INFO Injector:86   --> source: org.matsim.core.mobsim.qsim.QSimModule.configure(QSimModule.java:35)
2018-05-29 07:47:25,511  INFO Injector:88   --> scope: Scopes.NO_SCOPE
2018-05-29 07:47:25,511  INFO Injector:92 
2018-05-29 07:47:25,511  INFO Injector:84 org.matsim.core.router.util.TravelTime @com.google.inject.name.Named(value=car)
2018-05-29 07:47:25,511  INFO Injector:85   --> provider: Key[type=org.matsim.core.trafficmonitoring.ObservedLinkTravelTimes, annotation=[none]]
2018-05-29 07:47:25,511  INFO Injector:86   --> source: org.matsim.core.trafficmonitoring.TravelTimeCalculatorModule.install(TravelTimeCalculatorModule.java:81)
2018-05-29 07:47:25,511  INFO Injector:88   --> scope: Scopes.NO_SCOPE
2018-05-29 07:47:25,512  INFO Injector:92 
2018-05-29 07:47:25,512  INFO Injector:84 org.matsim.core.router.costcalculators.TravelDisutilityFactory @com.google.inject.name.Named(value=car)
2018-05-29 07:47:25,512  INFO Injector:85   --> provider: of(org.matsim.core.router.costcalculators.RandomizingTimeDistanceTravelDisutilityFactory@5a59ca5e)
2018-05-29 07:47:25,512  INFO Injector:86   --> source: org.matsim.core.router.costcalculators.TravelDisutilityModule.install(TravelDisutilityModule.java:34)
2018-05-29 07:47:25,512  INFO Injector:88   --> scope: eager singleton
2018-05-29 07:47:25,512  INFO Injector:92 
2018-05-29 07:47:25,513  INFO Injector:84 org.matsim.core.scoring.ScoringFunctionFactory 
2018-05-29 07:47:25,513  INFO Injector:85   --> provider: FactoryProxy{key=Key[type=org.matsim.core.scoring.ScoringFunctionFactory, annotation=[none]], provider=com.google.inject.internal.ConstructorBindingImpl$Factory@6b695b06}
2018-05-29 07:47:25,513  INFO Injector:86   --> source: org.matsim.core.scoring.functions.CharyparNagelScoringFunctionModule.install(CharyparNagelScoringFunctionModule.java:32)
2018-05-29 07:47:25,513  INFO Injector:88   --> scope: Scopes.NO_SCOPE
2018-05-29 07:47:25,513  INFO Injector:92 
2018-05-29 07:47:25,513  INFO Injector:84 org.matsim.core.scoring.functions.ScoringParametersForPerson 
2018-05-29 07:47:25,514  INFO Injector:85   --> provider: FactoryProxy{key=Key[type=org.matsim.core.scoring.functions.ScoringParametersForPerson, annotation=[none]], provider=com.google.inject.internal.ConstructorBindingImpl$Factory@4007f65e}
2018-05-29 07:47:25,514  INFO Injector:86   --> source: org.matsim.core.scoring.functions.CharyparNagelScoringFunctionModule.install(CharyparNagelScoringFunctionModule.java:33)
2018-05-29 07:47:25,514  INFO Injector:88   --> scope: Scopes.NO_SCOPE
2018-05-29 07:47:25,514  INFO Injector:92 
2018-05-29 07:47:25,514  INFO Injector:84 org.matsim.core.scoring.ExperiencedPlansService 
2018-05-29 07:47:25,514  INFO Injector:85   --> provider: FactoryProxy{key=Key[type=org.matsim.core.scoring.ExperiencedPlansService, annotation=[none]], provider=com.google.inject.internal.ConstructorBindingImpl$Factory@5b799640}[Scopes.SINGLETON]
2018-05-29 07:47:25,515  INFO Injector:86   --> source: org.matsim.core.scoring.ExperiencedPlansModule.install(ExperiencedPlansModule.java:10)
2018-05-29 07:47:25,515  INFO Injector:88   --> scope: eager singleton
2018-05-29 07:47:25,515  INFO Injector:92 
2018-05-29 07:47:25,515  INFO Injector:84 org.matsim.core.router.MainModeIdentifier 
2018-05-29 07:47:25,515  INFO Injector:85   --> provider: FactoryProxy{key=Key[type=org.matsim.core.router.MainModeIdentifier, annotation=[none]], provider=com.google.inject.internal.ConstructorBindingImpl$Factory@eadd4fb}
2018-05-29 07:47:25,515  INFO Injector:86   --> source: org.matsim.core.router.TripRouterModule.install(TripRouterModule.java:44)
2018-05-29 07:47:25,516  INFO Injector:88   --> scope: Scopes.NO_SCOPE
2018-05-29 07:47:25,516  INFO Injector:92 
2018-05-29 07:47:25,516  INFO Injector:84 org.matsim.core.router.util.LeastCostPathCalculatorFactory 
2018-05-29 07:47:25,516  INFO Injector:85   --> provider: FactoryProxy{key=Key[type=org.matsim.core.router.util.LeastCostPathCalculatorFactory, annotation=[none]], provider=com.google.inject.internal.ConstructorBindingImpl$Factory@6f204a1a[Scopes.SINGLETON]}
2018-05-29 07:47:25,516  INFO Injector:86   --> source: org.matsim.core.router.LeastCostPathCalculatorModule.install(LeastCostPathCalculatorModule.java:40)
2018-05-29 07:47:25,516  INFO Injector:88   --> scope: Scopes.NO_SCOPE
2018-05-29 07:47:25,516  INFO Injector:92 
2018-05-29 07:47:25,517  INFO Injector:84 org.matsim.pt.router.TransitRouter 
2018-05-29 07:47:25,517  INFO Injector:85   --> provider: Key[type=org.matsim.pt.router.TransitRouterImplFactory, annotation=[none]]
2018-05-29 07:47:25,517  INFO Injector:86   --> source: org.matsim.pt.router.TransitRouterModule.install(TransitRouterModule.java:34)
2018-05-29 07:47:25,517  INFO Injector:88   --> scope: Scopes.NO_SCOPE
2018-05-29 07:47:25,517  INFO Injector:92 
2018-05-29 07:47:25,517  INFO Injector:84 org.matsim.core.router.RoutingModule @com.google.inject.name.Named(value=ride)
2018-05-29 07:47:25,518  INFO Injector:85   --> provider: org.matsim.core.router.FreespeedFactorRouting@3943a2be
2018-05-29 07:47:25,518  INFO Injector:86   --> source: org.matsim.core.router.TripRouterModule.install(TripRouterModule.java:55)
2018-05-29 07:47:25,518  INFO Injector:88   --> scope: Scopes.NO_SCOPE
2018-05-29 07:47:25,518  INFO Injector:92 
2018-05-29 07:47:25,518  INFO Injector:84 org.matsim.core.router.RoutingModule @com.google.inject.name.Named(value=bike)
2018-05-29 07:47:25,518  INFO Injector:85   --> provider: org.matsim.core.router.BeelineTeleportationRouting@343570b7
2018-05-29 07:47:25,518  INFO Injector:86   --> source: org.matsim.core.router.TripRouterModule.install(TripRouterModule.java:58)
2018-05-29 07:47:25,518  INFO Injector:88   --> scope: Scopes.NO_SCOPE
2018-05-29 07:47:25,519  INFO Injector:92 
2018-05-29 07:47:25,519  INFO Injector:84 org.matsim.core.router.RoutingModule @com.google.inject.name.Named(value=walk)
2018-05-29 07:47:25,519  INFO Injector:85   --> provider: org.matsim.core.router.BeelineTeleportationRouting@157853da
2018-05-29 07:47:25,519  INFO Injector:86   --> source: org.matsim.core.router.TripRouterModule.install(TripRouterModule.java:58)
2018-05-29 07:47:25,519  INFO Injector:88   --> scope: Scopes.NO_SCOPE
2018-05-29 07:47:25,519  INFO Injector:92 
2018-05-29 07:47:25,519  INFO Injector:84 org.matsim.core.router.RoutingModule @com.google.inject.name.Named(value=access_walk)
2018-05-29 07:47:25,520  INFO Injector:85   --> provider: org.matsim.core.router.BeelineTeleportationRouting@71c3b41
2018-05-29 07:47:25,520  INFO Injector:86   --> source: org.matsim.core.router.TripRouterModule.install(TripRouterModule.java:58)
2018-05-29 07:47:25,520  INFO Injector:88   --> scope: Scopes.NO_SCOPE
2018-05-29 07:47:25,520  INFO Injector:92 
2018-05-29 07:47:25,520  INFO Injector:84 org.matsim.core.router.RoutingModule @com.google.inject.name.Named(value=egress_walk)
2018-05-29 07:47:25,520  INFO Injector:85   --> provider: org.matsim.core.router.BeelineTeleportationRouting@236e3f4e
2018-05-29 07:47:25,520  INFO Injector:86   --> source: org.matsim.core.router.TripRouterModule.install(TripRouterModule.java:58)
2018-05-29 07:47:25,521  INFO Injector:88   --> scope: Scopes.NO_SCOPE
2018-05-29 07:47:25,521  INFO Injector:92 
2018-05-29 07:47:25,521  INFO Injector:84 org.matsim.core.router.RoutingModule @com.google.inject.name.Named(value=undefined)
2018-05-29 07:47:25,521  INFO Injector:85   --> provider: org.matsim.core.router.BeelineTeleportationRouting@3cc1435c
2018-05-29 07:47:25,521  INFO Injector:86   --> source: org.matsim.core.router.TripRouterModule.install(TripRouterModule.java:58)
2018-05-29 07:47:25,521  INFO Injector:88   --> scope: Scopes.NO_SCOPE
2018-05-29 07:47:25,521  INFO Injector:92 
2018-05-29 07:47:25,522  INFO Injector:84 org.matsim.core.router.RoutingModule @com.google.inject.name.Named(value=car)
2018-05-29 07:47:25,522  INFO Injector:85   --> provider: org.matsim.core.router.NetworkRoutingProvider@6bf0219d
2018-05-29 07:47:25,522  INFO Injector:86   --> source: org.matsim.core.router.TripRouterModule.install(TripRouterModule.java:66)
2018-05-29 07:47:25,522  INFO Injector:88   --> scope: Scopes.NO_SCOPE
2018-05-29 07:47:25,522  INFO Injector:92 
2018-05-29 07:47:25,522  INFO Injector:84 org.matsim.core.router.RoutingModule @com.google.inject.name.Named(value=pt)
2018-05-29 07:47:25,522  INFO Injector:85   --> provider: Key[type=org.matsim.core.router.Transit, annotation=[none]]
2018-05-29 07:47:25,522  INFO Injector:86   --> source: org.matsim.core.router.TripRouterModule.install(TripRouterModule.java:71)
2018-05-29 07:47:25,523  INFO Injector:88   --> scope: Scopes.NO_SCOPE
2018-05-29 07:47:25,523  INFO Injector:92 
2018-05-29 07:47:25,523  INFO Injector:84 org.matsim.core.router.RoutingModule @com.google.inject.name.Named(value=transit_walk)
2018-05-29 07:47:25,523  INFO Injector:85   --> provider: FactoryProxy{key=Key[type=org.matsim.core.router.RoutingModule, annotation=@com.google.inject.name.Named(value=transit_walk)], provider=org.matsim.core.router.BeelineTeleportationRouting@157853da}
2018-05-29 07:47:25,523  INFO Injector:86   --> source: org.matsim.core.router.TripRouterModule.install(TripRouterModule.java:73)
2018-05-29 07:47:25,523  INFO Injector:88   --> scope: Scopes.NO_SCOPE
2018-05-29 07:47:25,523  INFO Injector:92 
2018-05-29 07:47:25,524  INFO Injector:84 org.matsim.core.replanning.selectors.PlanSelector<org.matsim.api.core.v01.population.Plan, org.matsim.api.core.v01.population.Person> 
2018-05-29 07:47:25,524  INFO Injector:85   --> provider: FactoryProxy{key=Key[type=org.matsim.core.replanning.selectors.PlanSelector<org.matsim.api.core.v01.population.Plan, org.matsim.api.core.v01.population.Person>, annotation=[none]], provider=com.google.inject.internal.ConstructorBindingImpl$Factory@1a4927d6}
2018-05-29 07:47:25,524  INFO Injector:86   --> source: org.matsim.core.replanning.strategies.DefaultPlanStrategiesModule.install(DefaultPlanStrategiesModule.java:49)
2018-05-29 07:47:25,524  INFO Injector:88   --> scope: Scopes.NO_SCOPE
2018-05-29 07:47:25,524  INFO Injector:92 
2018-05-29 07:47:25,524  INFO Injector:84 org.matsim.core.replanning.PlanStrategy @com.google.inject.name.Named(value=BestScore)
2018-05-29 07:47:25,524  INFO Injector:85   --> provider: Key[type=org.matsim.core.replanning.strategies.SelectBest, annotation=[none]]
2018-05-29 07:47:25,525  INFO Injector:86   --> source: org.matsim.core.replanning.strategies.DefaultPlanStrategiesModule.install(DefaultPlanStrategiesModule.java:79)
2018-05-29 07:47:25,525  INFO Injector:88   --> scope: Scopes.NO_SCOPE
2018-05-29 07:47:25,525  INFO Injector:92 
2018-05-29 07:47:25,525  INFO Injector:84 org.matsim.core.replanning.PlanStrategy @com.google.inject.name.Named(value=ReRoute)
2018-05-29 07:47:25,525  INFO Injector:85   --> provider: Key[type=org.matsim.core.replanning.strategies.ReRoute, annotation=[none]]
2018-05-29 07:47:25,525  INFO Injector:86   --> source: org.matsim.core.replanning.strategies.DefaultPlanStrategiesModule.install(DefaultPlanStrategiesModule.java:98)
2018-05-29 07:47:25,525  INFO Injector:88   --> scope: Scopes.NO_SCOPE
2018-05-29 07:47:25,526  INFO Injector:92 
2018-05-29 07:47:25,526  INFO Injector:84 org.matsim.core.replanning.PlanStrategy @com.google.inject.name.Named(value=TimeAllocationMutator)
2018-05-29 07:47:25,526  INFO Injector:85   --> provider: Key[type=org.matsim.core.replanning.strategies.TimeAllocationMutator, annotation=[none]]
2018-05-29 07:47:25,526  INFO Injector:86   --> source: org.matsim.core.replanning.strategies.DefaultPlanStrategiesModule.install(DefaultPlanStrategiesModule.java:101)
2018-05-29 07:47:25,526  INFO Injector:88   --> scope: Scopes.NO_SCOPE
2018-05-29 07:47:25,526  INFO Injector:92 
2018-05-29 07:47:25,526  INFO Injector:84 org.matsim.core.replanning.PlanStrategy @com.google.inject.name.Named(value=ChangeTripMode)
2018-05-29 07:47:25,526  INFO Injector:85   --> provider: Key[type=org.matsim.core.replanning.strategies.ChangeTripMode, annotation=[none]]
2018-05-29 07:47:25,527  INFO Injector:86   --> source: org.matsim.core.replanning.strategies.DefaultPlanStrategiesModule.install(DefaultPlanStrategiesModule.java:110)
2018-05-29 07:47:25,527  INFO Injector:88   --> scope: Scopes.NO_SCOPE
2018-05-29 07:47:25,527  INFO Injector:92 
2018-05-29 07:47:25,527  INFO Injector:84 org.matsim.core.replanning.ReplanningContext 
2018-05-29 07:47:25,527  INFO Injector:85   --> provider: FactoryProxy{key=Key[type=org.matsim.core.replanning.ReplanningContext, annotation=[none]], provider=com.google.inject.internal.ConstructorBindingImpl$Factory@2657d4dd[Scopes.SINGLETON]}[Scopes.SINGLETON]
2018-05-29 07:47:25,527  INFO Injector:86   --> source: org.matsim.core.replanning.StrategyManagerModule.install(StrategyManagerModule.java:48)
2018-05-29 07:47:25,528  INFO Injector:88   --> scope: eager singleton
2018-05-29 07:47:25,528  INFO Injector:92 
2018-05-29 07:47:25,528  INFO Injector:84 org.matsim.core.replanning.PlanStrategy @com.google.inject.multibindings.Element(setName=,uniqueId=56, type=MAPBINDER, keyType=org.matsim.core.config.groups.StrategyConfigGroup$StrategySettings)
2018-05-29 07:47:25,528  INFO Injector:85   --> provider: FactoryProxy{key=Key[type=org.matsim.core.replanning.PlanStrategy, annotation=@com.google.inject.multibindings.Element(setName=,uniqueId=56, type=MAPBINDER, keyType=org.matsim.core.config.groups.StrategyConfigGroup$StrategySettings)], provider=Key[type=org.matsim.core.replanning.strategies.SelectBest, annotation=[none]]}
2018-05-29 07:47:25,528  INFO Injector:86   --> source: org.matsim.core.replanning.StrategyManagerModule.install(StrategyManagerModule.java:73)
2018-05-29 07:47:25,528  INFO Injector:88   --> scope: Scopes.NO_SCOPE
2018-05-29 07:47:25,528  INFO Injector:92 
2018-05-29 07:47:25,529  INFO Injector:84 org.matsim.core.replanning.PlanStrategy @com.google.inject.multibindings.Element(setName=,uniqueId=58, type=MAPBINDER, keyType=org.matsim.core.config.groups.StrategyConfigGroup$StrategySettings)
2018-05-29 07:47:25,529  INFO Injector:85   --> provider: FactoryProxy{key=Key[type=org.matsim.core.replanning.PlanStrategy, annotation=@com.google.inject.multibindings.Element(setName=,uniqueId=58, type=MAPBINDER, keyType=org.matsim.core.config.groups.StrategyConfigGroup$StrategySettings)], provider=Key[type=org.matsim.core.replanning.strategies.ReRoute, annotation=[none]]}
2018-05-29 07:47:25,529  INFO Injector:86   --> source: org.matsim.core.replanning.StrategyManagerModule.install(StrategyManagerModule.java:73)
2018-05-29 07:47:25,529  INFO Injector:88   --> scope: Scopes.NO_SCOPE
2018-05-29 07:47:25,529  INFO Injector:92 
2018-05-29 07:47:25,529  INFO Injector:84 org.matsim.core.replanning.PlanStrategy @com.google.inject.multibindings.Element(setName=,uniqueId=60, type=MAPBINDER, keyType=org.matsim.core.config.groups.StrategyConfigGroup$StrategySettings)
2018-05-29 07:47:25,529  INFO Injector:85   --> provider: FactoryProxy{key=Key[type=org.matsim.core.replanning.PlanStrategy, annotation=@com.google.inject.multibindings.Element(setName=,uniqueId=60, type=MAPBINDER, keyType=org.matsim.core.config.groups.StrategyConfigGroup$StrategySettings)], provider=Key[type=org.matsim.core.replanning.strategies.TimeAllocationMutator, annotation=[none]]}
2018-05-29 07:47:25,530  INFO Injector:86   --> source: org.matsim.core.replanning.StrategyManagerModule.install(StrategyManagerModule.java:73)
2018-05-29 07:47:25,530  INFO Injector:88   --> scope: Scopes.NO_SCOPE
2018-05-29 07:47:25,530  INFO Injector:92 
2018-05-29 07:47:25,530  INFO Injector:84 org.matsim.core.replanning.PlanStrategy @com.google.inject.multibindings.Element(setName=,uniqueId=62, type=MAPBINDER, keyType=org.matsim.core.config.groups.StrategyConfigGroup$StrategySettings)
2018-05-29 07:47:25,530  INFO Injector:85   --> provider: FactoryProxy{key=Key[type=org.matsim.core.replanning.PlanStrategy, annotation=@com.google.inject.multibindings.Element(setName=,uniqueId=62, type=MAPBINDER, keyType=org.matsim.core.config.groups.StrategyConfigGroup$StrategySettings)], provider=Key[type=org.matsim.core.replanning.strategies.ChangeTripMode, annotation=[none]]}
2018-05-29 07:47:25,530  INFO Injector:86   --> source: org.matsim.core.replanning.StrategyManagerModule.install(StrategyManagerModule.java:73)
2018-05-29 07:47:25,530  INFO Injector:88   --> scope: Scopes.NO_SCOPE
2018-05-29 07:47:25,531  INFO Injector:92 
2018-05-29 07:47:25,531  INFO Injector:84 org.matsim.core.controler.listener.ControlerListener @com.google.inject.multibindings.Element(setName=,uniqueId=64, type=MULTIBINDER, keyType=)
2018-05-29 07:47:25,531  INFO Injector:85   --> provider: FactoryProxy{key=Key[type=org.matsim.core.controler.listener.ControlerListener, annotation=@com.google.inject.multibindings.Element(setName=,uniqueId=64, type=MULTIBINDER, keyType=)], provider=com.google.inject.internal.ConstructorBindingImpl$Factory@7dfb0c0f[Scopes.SINGLETON]}
2018-05-29 07:47:25,531  INFO Injector:86   --> source: org.matsim.analysis.LinkStatsModule.install(LinkStatsModule.java:47)
2018-05-29 07:47:25,531  INFO Injector:88   --> scope: Scopes.NO_SCOPE
2018-05-29 07:47:25,531  INFO Injector:92 
2018-05-29 07:47:25,532  INFO Injector:84 org.matsim.core.controler.listener.ControlerListener @com.google.inject.multibindings.Element(setName=,uniqueId=65, type=MULTIBINDER, keyType=)
2018-05-29 07:47:25,532  INFO Injector:85   --> provider: FactoryProxy{key=Key[type=org.matsim.core.controler.listener.ControlerListener, annotation=@com.google.inject.multibindings.Element(setName=,uniqueId=65, type=MULTIBINDER, keyType=)], provider=com.google.inject.internal.ConstructorBindingImpl$Factory@46d59067}
2018-05-29 07:47:25,532  INFO Injector:86   --> source: org.matsim.analysis.LegHistogramModule.install(LegHistogramModule.java:31)
2018-05-29 07:47:25,532  INFO Injector:88   --> scope: Scopes.NO_SCOPE
2018-05-29 07:47:25,532  INFO Injector:92 
2018-05-29 07:47:25,532  INFO Injector:84 org.matsim.core.controler.listener.ControlerListener @com.google.inject.multibindings.Element(setName=,uniqueId=66, type=MULTIBINDER, keyType=)
2018-05-29 07:47:25,532  INFO Injector:85   --> provider: FactoryProxy{key=Key[type=org.matsim.core.controler.listener.ControlerListener, annotation=@com.google.inject.multibindings.Element(setName=,uniqueId=66, type=MULTIBINDER, keyType=)], provider=com.google.inject.internal.ConstructorBindingImpl$Factory@2254127a}
2018-05-29 07:47:25,532  INFO Injector:86   --> source: org.matsim.analysis.LegTimesModule.install(LegTimesModule.java:32)
2018-05-29 07:47:25,533  INFO Injector:88   --> scope: Scopes.NO_SCOPE
2018-05-29 07:47:25,533  INFO Injector:92 
2018-05-29 07:47:25,533  INFO Injector:84 org.matsim.core.controler.listener.ControlerListener @com.google.inject.multibindings.Element(setName=,uniqueId=67, type=MULTIBINDER, keyType=)
2018-05-29 07:47:25,533  INFO Injector:85   --> provider: FactoryProxy{key=Key[type=org.matsim.core.controler.listener.ControlerListener, annotation=@com.google.inject.multibindings.Element(setName=,uniqueId=67, type=MULTIBINDER, keyType=)], provider=com.google.inject.internal.ConstructorBindingImpl$Factory@12591ac8}
2018-05-29 07:47:25,533  INFO Injector:86   --> source: org.matsim.analysis.TravelDistanceStatsModule.install(TravelDistanceStatsModule.java:11)
2018-05-29 07:47:25,533  INFO Injector:88   --> scope: Scopes.NO_SCOPE
2018-05-29 07:47:25,533  INFO Injector:92 
2018-05-29 07:47:25,534  INFO Injector:84 org.matsim.core.controler.listener.ControlerListener @com.google.inject.multibindings.Element(setName=,uniqueId=68, type=MULTIBINDER, keyType=)
2018-05-29 07:47:25,534  INFO Injector:85   --> provider: FactoryProxy{key=Key[type=org.matsim.core.controler.listener.ControlerListener, annotation=@com.google.inject.multibindings.Element(setName=,uniqueId=68, type=MULTIBINDER, keyType=)], provider=com.google.inject.internal.ConstructorBindingImpl$Factory@24c1b2d2[Scopes.SINGLETON]}
2018-05-29 07:47:25,534  INFO Injector:86   --> source: org.matsim.analysis.ScoreStatsModule.install(ScoreStatsModule.java:32)
2018-05-29 07:47:25,534  INFO Injector:88   --> scope: Scopes.NO_SCOPE
2018-05-29 07:47:25,534  INFO Injector:92 
2018-05-29 07:47:25,534  INFO Injector:84 org.matsim.analysis.ScoreStats 
2018-05-29 07:47:25,535  INFO Injector:85   --> provider: FactoryProxy{key=Key[type=org.matsim.analysis.ScoreStats, annotation=[none]], provider=com.google.inject.internal.ConstructorBindingImpl$Factory@24c1b2d2[Scopes.SINGLETON]}
2018-05-29 07:47:25,535  INFO Injector:86   --> source: org.matsim.analysis.ScoreStatsModule.install(ScoreStatsModule.java:33)
2018-05-29 07:47:25,535  INFO Injector:88   --> scope: Scopes.NO_SCOPE
2018-05-29 07:47:25,535  INFO Injector:92 
2018-05-29 07:47:25,535  INFO Injector:84 org.matsim.core.controler.listener.ControlerListener @com.google.inject.multibindings.Element(setName=,uniqueId=69, type=MULTIBINDER, keyType=)
2018-05-29 07:47:25,535  INFO Injector:85   --> provider: FactoryProxy{key=Key[type=org.matsim.core.controler.listener.ControlerListener, annotation=@com.google.inject.multibindings.Element(setName=,uniqueId=69, type=MULTIBINDER, keyType=)], provider=com.google.inject.internal.ConstructorBindingImpl$Factory@5d908d47[Scopes.SINGLETON]}
2018-05-29 07:47:25,535  INFO Injector:86   --> source: org.matsim.analysis.ModeStatsModule.install(ModeStatsModule.java:32)
2018-05-29 07:47:25,536  INFO Injector:88   --> scope: Scopes.NO_SCOPE
2018-05-29 07:47:25,536  INFO Injector:92 
2018-05-29 07:47:25,536  INFO Injector:84 org.matsim.core.controler.listener.ControlerListener @com.google.inject.multibindings.Element(setName=,uniqueId=70, type=MULTIBINDER, keyType=)
2018-05-29 07:47:25,536  INFO Injector:85   --> provider: FactoryProxy{key=Key[type=org.matsim.core.controler.listener.ControlerListener, annotation=@com.google.inject.multibindings.Element(setName=,uniqueId=70, type=MULTIBINDER, keyType=)], provider=com.google.inject.internal.ConstructorBindingImpl$Factory@2d29b4ee}
2018-05-29 07:47:25,536  INFO Injector:86   --> source: org.matsim.counts.CountsModule.install(CountsModule.java:42)
2018-05-29 07:47:25,536  INFO Injector:88   --> scope: Scopes.NO_SCOPE
2018-05-29 07:47:25,536  INFO Injector:92 
2018-05-29 07:47:25,537  INFO Injector:84 org.matsim.counts.Counts<org.matsim.api.core.v01.network.Link> 
2018-05-29 07:47:25,537  INFO Injector:85   --> provider: @Provides org.matsim.counts.CountsModule.provideLinkCounts(CountsModule.java:63)[Scopes.SINGLETON]
2018-05-29 07:47:25,538  INFO Injector:86   --> source: org.matsim.counts.Counts org.matsim.counts.CountsModule.provideLinkCounts(org.matsim.api.core.v01.Scenario,org.matsim.core.config.groups.CountsConfigGroup)
2018-05-29 07:47:25,538  INFO Injector:88   --> scope: Scopes.SINGLETON
2018-05-29 07:47:25,538  INFO Injector:92 
2018-05-29 07:47:25,538  INFO Injector:84 org.matsim.core.controler.listener.ControlerListener @com.google.inject.multibindings.Element(setName=,uniqueId=71, type=MULTIBINDER, keyType=)
2018-05-29 07:47:25,538  INFO Injector:85   --> provider: FactoryProxy{key=Key[type=org.matsim.core.controler.listener.ControlerListener, annotation=@com.google.inject.multibindings.Element(setName=,uniqueId=71, type=MULTIBINDER, keyType=)], provider=com.google.inject.internal.ConstructorBindingImpl$Factory@565f390}
2018-05-29 07:47:25,538  INFO Injector:86   --> source: org.matsim.core.population.VspPlansCleanerModule.install(VspPlansCleanerModule.java:34)
2018-05-29 07:47:25,538  INFO Injector:88   --> scope: Scopes.NO_SCOPE
2018-05-29 07:47:25,539  INFO Injector:92 
2018-05-29 07:47:25,539  INFO Injector:84 org.matsim.core.mobsim.framework.listeners.MobsimListener @com.google.inject.multibindings.Element(setName=,uniqueId=72, type=MULTIBINDER, keyType=)
2018-05-29 07:47:25,539  INFO Injector:85   --> provider: Key[type=org.matsim.vis.snapshotwriters.SnapshotWritersModule$SnapshotWriterManagerProvider, annotation=[none]]
2018-05-29 07:47:25,539  INFO Injector:86   --> source: org.matsim.vis.snapshotwriters.SnapshotWritersModule.install(SnapshotWritersModule.java:45)
2018-05-29 07:47:25,539  INFO Injector:88   --> scope: Scopes.NO_SCOPE
2018-05-29 07:47:25,539  INFO Injector:92 
2018-05-29 07:47:25,539  INFO Injector:84 org.matsim.core.router.RoutingModule @com.google.inject.multibindings.Element(setName=,uniqueId=74, type=MAPBINDER, keyType=java.lang.String)
2018-05-29 07:47:25,540  INFO Injector:85   --> provider: FactoryProxy{key=Key[type=org.matsim.core.router.RoutingModule, annotation=@com.google.inject.multibindings.Element(setName=,uniqueId=74, type=MAPBINDER, keyType=java.lang.String)], provider=org.matsim.core.router.BeelineTeleportationRouting@236e3f4e}
2018-05-29 07:47:25,540  INFO Injector:86   --> source: org.matsim.core.controler.Injector$3.configure(Injector.java:125)
2018-05-29 07:47:25,540  INFO Injector:88   --> scope: Scopes.NO_SCOPE
2018-05-29 07:47:25,540  INFO Injector:92 
2018-05-29 07:47:25,540  INFO Injector:84 org.matsim.core.router.RoutingModule @com.google.inject.multibindings.Element(setName=,uniqueId=76, type=MAPBINDER, keyType=java.lang.String)
2018-05-29 07:47:25,540  INFO Injector:85   --> provider: FactoryProxy{key=Key[type=org.matsim.core.router.RoutingModule, annotation=@com.google.inject.multibindings.Element(setName=,uniqueId=76, type=MAPBINDER, keyType=java.lang.String)], provider=Key[type=org.matsim.core.router.Transit, annotation=[none]]}
2018-05-29 07:47:25,540  INFO Injector:86   --> source: org.matsim.core.controler.Injector$3.configure(Injector.java:125)
2018-05-29 07:47:25,541  INFO Injector:88   --> scope: Scopes.NO_SCOPE
2018-05-29 07:47:25,541  INFO Injector:92 
2018-05-29 07:47:25,541  INFO Injector:84 org.matsim.core.router.RoutingModule @com.google.inject.multibindings.Element(setName=,uniqueId=78, type=MAPBINDER, keyType=java.lang.String)
2018-05-29 07:47:25,541  INFO Injector:85   --> provider: FactoryProxy{key=Key[type=org.matsim.core.router.RoutingModule, annotation=@com.google.inject.multibindings.Element(setName=,uniqueId=78, type=MAPBINDER, keyType=java.lang.String)], provider=org.matsim.core.router.NetworkRoutingProvider@6bf0219d}
2018-05-29 07:47:25,541  INFO Injector:86   --> source: org.matsim.core.controler.Injector$3.configure(Injector.java:125)
2018-05-29 07:47:25,541  INFO Injector:88   --> scope: Scopes.NO_SCOPE
2018-05-29 07:47:25,541  INFO Injector:92 
2018-05-29 07:47:25,542  INFO Injector:84 org.matsim.core.router.RoutingModule @com.google.inject.multibindings.Element(setName=,uniqueId=80, type=MAPBINDER, keyType=java.lang.String)
2018-05-29 07:47:25,542  INFO Injector:85   --> provider: FactoryProxy{key=Key[type=org.matsim.core.router.RoutingModule, annotation=@com.google.inject.multibindings.Element(setName=,uniqueId=80, type=MAPBINDER, keyType=java.lang.String)], provider=FactoryProxy{key=Key[type=org.matsim.core.router.RoutingModule, annotation=@com.google.inject.name.Named(value=transit_walk)], provider=org.matsim.core.router.BeelineTeleportationRouting@157853da}}
2018-05-29 07:47:25,542  INFO Injector:86   --> source: org.matsim.core.controler.Injector$3.configure(Injector.java:125)
2018-05-29 07:47:25,542  INFO Injector:88   --> scope: Scopes.NO_SCOPE
2018-05-29 07:47:25,542  INFO Injector:92 
2018-05-29 07:47:25,542  INFO Injector:84 org.matsim.core.router.RoutingModule @com.google.inject.multibindings.Element(setName=,uniqueId=82, type=MAPBINDER, keyType=java.lang.String)
2018-05-29 07:47:25,543  INFO Injector:85   --> provider: FactoryProxy{key=Key[type=org.matsim.core.router.RoutingModule, annotation=@com.google.inject.multibindings.Element(setName=,uniqueId=82, type=MAPBINDER, keyType=java.lang.String)], provider=org.matsim.core.router.BeelineTeleportationRouting@71c3b41}
2018-05-29 07:47:25,543  INFO Injector:86   --> source: org.matsim.core.controler.Injector$3.configure(Injector.java:125)
2018-05-29 07:47:25,543  INFO Injector:88   --> scope: Scopes.NO_SCOPE
2018-05-29 07:47:25,543  INFO Injector:92 
2018-05-29 07:47:25,543  INFO Injector:84 org.matsim.core.router.RoutingModule @com.google.inject.multibindings.Element(setName=,uniqueId=84, type=MAPBINDER, keyType=java.lang.String)
2018-05-29 07:47:25,543  INFO Injector:85   --> provider: FactoryProxy{key=Key[type=org.matsim.core.router.RoutingModule, annotation=@com.google.inject.multibindings.Element(setName=,uniqueId=84, type=MAPBINDER, keyType=java.lang.String)], provider=org.matsim.core.router.FreespeedFactorRouting@3943a2be}
2018-05-29 07:47:25,543  INFO Injector:86   --> source: org.matsim.core.controler.Injector$3.configure(Injector.java:125)
2018-05-29 07:47:25,544  INFO Injector:88   --> scope: Scopes.NO_SCOPE
2018-05-29 07:47:25,544  INFO Injector:92 
2018-05-29 07:47:25,544  INFO Injector:84 org.matsim.core.router.RoutingModule @com.google.inject.multibindings.Element(setName=,uniqueId=86, type=MAPBINDER, keyType=java.lang.String)
2018-05-29 07:47:25,544  INFO Injector:85   --> provider: FactoryProxy{key=Key[type=org.matsim.core.router.RoutingModule, annotation=@com.google.inject.multibindings.Element(setName=,uniqueId=86, type=MAPBINDER, keyType=java.lang.String)], provider=org.matsim.core.router.BeelineTeleportationRouting@157853da}
2018-05-29 07:47:25,544  INFO Injector:86   --> source: org.matsim.core.controler.Injector$3.configure(Injector.java:125)
2018-05-29 07:47:25,544  INFO Injector:88   --> scope: Scopes.NO_SCOPE
2018-05-29 07:47:25,544  INFO Injector:92 
2018-05-29 07:47:25,545  INFO Injector:84 org.matsim.core.router.RoutingModule @com.google.inject.multibindings.Element(setName=,uniqueId=88, type=MAPBINDER, keyType=java.lang.String)
2018-05-29 07:47:25,545  INFO Injector:85   --> provider: FactoryProxy{key=Key[type=org.matsim.core.router.RoutingModule, annotation=@com.google.inject.multibindings.Element(setName=,uniqueId=88, type=MAPBINDER, keyType=java.lang.String)], provider=org.matsim.core.router.BeelineTeleportationRouting@343570b7}
2018-05-29 07:47:25,545  INFO Injector:86   --> source: org.matsim.core.controler.Injector$3.configure(Injector.java:125)
2018-05-29 07:47:25,545  INFO Injector:88   --> scope: Scopes.NO_SCOPE
2018-05-29 07:47:25,545  INFO Injector:92 
2018-05-29 07:47:25,545  INFO Injector:84 org.matsim.core.router.RoutingModule @com.google.inject.multibindings.Element(setName=,uniqueId=90, type=MAPBINDER, keyType=java.lang.String)
2018-05-29 07:47:25,546  INFO Injector:85   --> provider: FactoryProxy{key=Key[type=org.matsim.core.router.RoutingModule, annotation=@com.google.inject.multibindings.Element(setName=,uniqueId=90, type=MAPBINDER, keyType=java.lang.String)], provider=org.matsim.core.router.BeelineTeleportationRouting@3cc1435c}
2018-05-29 07:47:25,546  INFO Injector:86   --> source: org.matsim.core.controler.Injector$3.configure(Injector.java:125)
2018-05-29 07:47:25,546  INFO Injector:88   --> scope: Scopes.NO_SCOPE
2018-05-29 07:47:25,546  INFO Injector:92 
2018-05-29 07:47:25,546  INFO Injector:84 org.matsim.core.router.util.TravelTime @com.google.inject.multibindings.Element(setName=,uniqueId=92, type=MAPBINDER, keyType=java.lang.String)
2018-05-29 07:47:25,546  INFO Injector:85   --> provider: FactoryProxy{key=Key[type=org.matsim.core.router.util.TravelTime, annotation=@com.google.inject.multibindings.Element(setName=,uniqueId=92, type=MAPBINDER, keyType=java.lang.String)], provider=Key[type=org.matsim.core.trafficmonitoring.ObservedLinkTravelTimes, annotation=[none]]}
2018-05-29 07:47:25,546  INFO Injector:86   --> source: org.matsim.core.controler.Injector$3.configure(Injector.java:125)
2018-05-29 07:47:25,547  INFO Injector:88   --> scope: Scopes.NO_SCOPE
2018-05-29 07:47:25,547  INFO Injector:92 
2018-05-29 07:47:25,547  INFO Injector:84 org.matsim.core.router.costcalculators.TravelDisutilityFactory @com.google.inject.multibindings.Element(setName=,uniqueId=94, type=MAPBINDER, keyType=java.lang.String)
2018-05-29 07:47:25,547  INFO Injector:85   --> provider: FactoryProxy{key=Key[type=org.matsim.core.router.costcalculators.TravelDisutilityFactory, annotation=@com.google.inject.multibindings.Element(setName=,uniqueId=94, type=MAPBINDER, keyType=java.lang.String)], provider=ConstantFactory{value=org.matsim.core.router.costcalculators.RandomizingTimeDistanceTravelDisutilityFactory@5a59ca5e}[Scopes.SINGLETON]}
2018-05-29 07:47:25,547  INFO Injector:86   --> source: org.matsim.core.controler.Injector$3.configure(Injector.java:125)
2018-05-29 07:47:25,548  INFO Injector:88   --> scope: Scopes.NO_SCOPE
2018-05-29 07:47:25,548  INFO Injector:92 
2018-05-29 07:47:25,548  INFO Injector:84 org.matsim.core.controler.ControlerListenerManagerImpl 
2018-05-29 07:47:25,548  INFO Injector:85   --> provider: com.google.inject.internal.ConstructorBindingImpl$Factory@6fa51cd4[Scopes.SINGLETON]
2018-05-29 07:47:25,548  INFO Injector:86   --> source: org.matsim.core.controler.NewControlerModule.install(NewControlerModule.java:9)
2018-05-29 07:47:25,548  INFO Injector:88   --> scope: eager singleton
2018-05-29 07:47:25,548  INFO Injector:92 
2018-05-29 07:47:25,549  INFO Injector:84 org.matsim.analysis.IterationStopWatch 
2018-05-29 07:47:25,549  INFO Injector:85   --> provider: com.google.inject.internal.ConstructorBindingImpl$Factory@68878f6d[Scopes.SINGLETON]
2018-05-29 07:47:25,549  INFO Injector:86   --> source: org.matsim.core.controler.NewControlerModule.install(NewControlerModule.java:12)
2018-05-29 07:47:25,549  INFO Injector:88   --> scope: eager singleton
2018-05-29 07:47:25,549  INFO Injector:92 
2018-05-29 07:47:25,549  INFO Injector:84 org.matsim.core.controler.OutputDirectoryHierarchy 
2018-05-29 07:47:25,549  INFO Injector:85   --> provider: com.google.inject.internal.ConstructorBindingImpl$Factory@22f59fa[Scopes.SINGLETON]
2018-05-29 07:47:25,550  INFO Injector:86   --> source: org.matsim.core.controler.NewControlerModule.install(NewControlerModule.java:13)
2018-05-29 07:47:25,550  INFO Injector:88   --> scope: eager singleton
2018-05-29 07:47:25,550  INFO Injector:92 
2018-05-29 07:47:25,550  INFO Injector:84 org.matsim.core.scoring.ScoringFunctionsForPopulation 
2018-05-29 07:47:25,550  INFO Injector:85   --> provider: com.google.inject.internal.ConstructorBindingImpl$Factory@18317edc[Scopes.SINGLETON]
2018-05-29 07:47:25,550  INFO Injector:86   --> source: org.matsim.core.scoring.PlansScoringModule.install(PlansScoringModule.java:10)
2018-05-29 07:47:25,550  INFO Injector:88   --> scope: eager singleton
2018-05-29 07:47:25,550  INFO Injector:92 
2018-05-29 07:47:25,551  INFO Injector:84 org.matsim.core.events.EventsManagerModule$EventHandlerRegistrator 
2018-05-29 07:47:25,551  INFO Injector:85   --> provider: com.google.inject.internal.ConstructorBindingImpl$Factory@9cb8225[Scopes.SINGLETON]
2018-05-29 07:47:25,551  INFO Injector:86   --> source: org.matsim.core.events.EventsManagerModule.install(EventsManagerModule.java:25)
2018-05-29 07:47:25,551  INFO Injector:88   --> scope: eager singleton
2018-05-29 07:47:25,551  INFO Injector:92 
2018-05-29 07:47:25,551  INFO Injector:84 org.matsim.core.trafficmonitoring.TravelTimeCalculator 
2018-05-29 07:47:25,551  INFO Injector:85   --> provider: com.google.inject.internal.ConstructorBindingImpl$Factory@53f3bdbd[Scopes.SINGLETON]
2018-05-29 07:47:25,551  INFO Injector:86   --> source: org.matsim.core.trafficmonitoring.TravelTimeCalculatorModule.install(TravelTimeCalculatorModule.java:76)
2018-05-29 07:47:25,552  INFO Injector:88   --> scope: Scopes.SINGLETON
2018-05-29 07:47:25,552  INFO Injector:92 
2018-05-29 07:47:25,552  INFO Injector:84 org.matsim.core.scoring.EventsToActivities 
2018-05-29 07:47:25,552  INFO Injector:85   --> provider: com.google.inject.internal.ConstructorBindingImpl$Factory@3e62d773[Scopes.SINGLETON]
2018-05-29 07:47:25,552  INFO Injector:86   --> source: org.matsim.core.scoring.ExperiencedPlanElementsModule.install(ExperiencedPlanElementsModule.java:12)
2018-05-29 07:47:25,552  INFO Injector:88   --> scope: eager singleton
2018-05-29 07:47:25,552  INFO Injector:92 
2018-05-29 07:47:25,552  INFO Injector:84 org.matsim.core.scoring.EventsToLegs 
2018-05-29 07:47:25,553  INFO Injector:85   --> provider: com.google.inject.internal.ConstructorBindingImpl$Factory@536dbea0[Scopes.SINGLETON]
2018-05-29 07:47:25,553  INFO Injector:86   --> source: org.matsim.core.scoring.ExperiencedPlanElementsModule.install(ExperiencedPlanElementsModule.java:13)
2018-05-29 07:47:25,553  INFO Injector:88   --> scope: eager singleton
2018-05-29 07:47:25,553  INFO Injector:92 
2018-05-29 07:47:25,553  INFO Injector:84 org.matsim.core.router.TripRouter 
2018-05-29 07:47:25,553  INFO Injector:85   --> provider: com.google.inject.internal.ConstructorBindingImpl$Factory@3cce57c7
2018-05-29 07:47:25,553  INFO Injector:86   --> source: org.matsim.core.router.TripRouterModule.install(TripRouterModule.java:43)
2018-05-29 07:47:25,553  INFO Injector:88   --> scope: Scopes.NO_SCOPE
2018-05-29 07:47:25,554  INFO Injector:92 
2018-05-29 07:47:25,554  INFO Injector:84 org.matsim.core.router.SingleModeNetworksCache 
2018-05-29 07:47:25,554  INFO Injector:85   --> provider: com.google.inject.internal.ConstructorBindingImpl$Factory@35b74c5c[Scopes.SINGLETON]
2018-05-29 07:47:25,554  INFO Injector:86   --> source: org.matsim.core.router.TripRouterModule.install(TripRouterModule.java:47)
2018-05-29 07:47:25,554  INFO Injector:88   --> scope: eager singleton
2018-05-29 07:47:25,554  INFO Injector:92 
2018-05-29 07:47:25,554  INFO Injector:84 org.matsim.core.replanning.StrategyManager 
2018-05-29 07:47:25,555  INFO Injector:85   --> provider: com.google.inject.internal.ConstructorBindingImpl$Factory@2ca26d77[Scopes.SINGLETON]
2018-05-29 07:47:25,555  INFO Injector:86   --> source: org.matsim.core.replanning.StrategyManagerModule.install(StrategyManagerModule.java:47)
2018-05-29 07:47:25,555  INFO Injector:88   --> scope: Scopes.SINGLETON
2018-05-29 07:47:25,555  INFO Injector:92 
2018-05-29 07:47:25,555  INFO Injector:84 org.matsim.analysis.CalcLinkStats 
2018-05-29 07:47:25,555  INFO Injector:85   --> provider: com.google.inject.internal.ConstructorBindingImpl$Factory@72d6b3ba[Scopes.SINGLETON]
2018-05-29 07:47:25,555  INFO Injector:86   --> source: org.matsim.analysis.LinkStatsModule.install(LinkStatsModule.java:37)
2018-05-29 07:47:25,555  INFO Injector:88   --> scope: eager singleton
2018-05-29 07:47:25,556  INFO Injector:92 
2018-05-29 07:47:25,556  INFO Injector:84 org.matsim.analysis.LinkStatsControlerListener 
2018-05-29 07:47:25,556  INFO Injector:85   --> provider: com.google.inject.internal.ConstructorBindingImpl$Factory@7dfb0c0f[Scopes.SINGLETON]
2018-05-29 07:47:25,556  INFO Injector:86   --> source: org.matsim.analysis.LinkStatsModule.install(LinkStatsModule.java:46)
2018-05-29 07:47:25,556  INFO Injector:88   --> scope: eager singleton
2018-05-29 07:47:25,556  INFO Injector:92 
2018-05-29 07:47:25,556  INFO Injector:84 org.matsim.analysis.VolumesAnalyzer 
2018-05-29 07:47:25,557  INFO Injector:85   --> provider: com.google.inject.internal.ConstructorBindingImpl$Factory@c667f46[Scopes.SINGLETON]
2018-05-29 07:47:25,557  INFO Injector:86   --> source: org.matsim.analysis.VolumesAnalyzerModule.install(VolumesAnalyzerModule.java:31)
2018-05-29 07:47:25,557  INFO Injector:88   --> scope: eager singleton
2018-05-29 07:47:25,557  INFO Injector:92 
2018-05-29 07:47:25,557  INFO Injector:84 org.matsim.analysis.LegHistogram 
2018-05-29 07:47:25,557  INFO Injector:85   --> provider: com.google.inject.internal.ConstructorBindingImpl$Factory@64ec96c6
2018-05-29 07:47:25,557  INFO Injector:86   --> source: org.matsim.analysis.LegHistogramModule.install(LegHistogramModule.java:30)
2018-05-29 07:47:25,557  INFO Injector:88   --> scope: Scopes.NO_SCOPE
2018-05-29 07:47:25,557  INFO Injector:92 
2018-05-29 07:47:25,558  INFO Injector:84 org.matsim.analysis.CalcLegTimes 
2018-05-29 07:47:25,558  INFO Injector:85   --> provider: com.google.inject.internal.ConstructorBindingImpl$Factory@6b0d80ed[Scopes.SINGLETON]
2018-05-29 07:47:25,558  INFO Injector:86   --> source: org.matsim.analysis.LegTimesModule.install(LegTimesModule.java:31)
2018-05-29 07:47:25,558  INFO Injector:88   --> scope: Scopes.SINGLETON
2018-05-29 07:47:25,558  INFO Injector:92 
2018-05-29 07:47:25,558  INFO Injector:84 org.matsim.analysis.TravelDistanceStats 
2018-05-29 07:47:25,558  INFO Injector:85   --> provider: com.google.inject.internal.ConstructorBindingImpl$Factory@471a9022[Scopes.SINGLETON]
2018-05-29 07:47:25,559  INFO Injector:86   --> source: org.matsim.analysis.TravelDistanceStatsModule.install(TravelDistanceStatsModule.java:10)
2018-05-29 07:47:25,559  INFO Injector:88   --> scope: eager singleton
2018-05-29 07:47:25,559  INFO Injector:92 
2018-05-29 07:47:25,559  INFO Injector:84 org.matsim.analysis.ScoreStatsControlerListener 
2018-05-29 07:47:25,559  INFO Injector:85   --> provider: com.google.inject.internal.ConstructorBindingImpl$Factory@24c1b2d2[Scopes.SINGLETON]
2018-05-29 07:47:25,559  INFO Injector:86   --> source: org.matsim.analysis.ScoreStatsModule.install(ScoreStatsModule.java:31)
2018-05-29 07:47:25,559  INFO Injector:88   --> scope: Scopes.SINGLETON
2018-05-29 07:47:25,559  INFO Injector:92 
2018-05-29 07:47:25,560  INFO Injector:84 org.matsim.analysis.ModeStatsControlerListener 
2018-05-29 07:47:25,560  INFO Injector:85   --> provider: com.google.inject.internal.ConstructorBindingImpl$Factory@5d908d47[Scopes.SINGLETON]
2018-05-29 07:47:25,560  INFO Injector:86   --> source: org.matsim.analysis.ModeStatsModule.install(ModeStatsModule.java:31)
2018-05-29 07:47:25,560  INFO Injector:88   --> scope: Scopes.SINGLETON
2018-05-29 07:47:25,560  INFO Injector:92 
2018-05-29 07:47:25,560  INFO Injector:84 org.matsim.counts.CountsModule$CountsInitializer 
2018-05-29 07:47:25,560  INFO Injector:85   --> provider: com.google.inject.internal.ConstructorBindingImpl$Factory@74f6c5d8[Scopes.SINGLETON]
2018-05-29 07:47:25,561  INFO Injector:86   --> source: org.matsim.counts.CountsModule.install(CountsModule.java:43)
2018-05-29 07:47:25,561  INFO Injector:88   --> scope: eager singleton
2018-05-29 07:47:25,561  INFO Injector:92 
2018-05-29 07:47:25,561  INFO Injector:95 === printInjector end ===
2018-05-29 07:47:25,563  INFO Gbl:59 JVM: 1.8.0_121; Oracle Corporation; mixed mode; 64-bit
2018-05-29 07:47:25,563  INFO Gbl:63 OS: Linux; 3.10.0-862.2.3.el7.x86_64; amd64
2018-05-29 07:47:25,563  INFO Gbl:66 CPU cores: 32
2018-05-29 07:47:25,564  INFO Gbl:67 max. Memory: 14263.5MB (14956363776B)
2018-05-29 07:47:25,564  INFO Gbl:105 MATSim-Build: r8534a19f6a6dc1129cbbcdc66403b0e275cad86b (2018-05-29 07:41:41)
2018-05-29 07:47:25,566  INFO ControlerListenerManagerImpl:107 calling notifyStartup on org.matsim.counts.CountsControlerListener
2018-05-29 07:47:25,566  INFO ControlerListenerManagerImpl:107 calling notifyStartup on org.matsim.analysis.ModeStatsControlerListener
2018-05-29 07:47:25,568  INFO TransitRouterNetwork:407 start creating transit network
2018-05-29 07:47:25,570  INFO Counter:61  node #1
2018-05-29 07:47:25,570  INFO Counter:61  node #2
2018-05-29 07:47:25,571  INFO Counter:61  link #1
2018-05-29 07:47:25,571  INFO Counter:61  link #2
2018-05-29 07:47:25,572  INFO Counter:61  node #4
2018-05-29 07:47:25,572  INFO Counter:61  link #4
2018-05-29 07:47:25,575  INFO TransitRouterNetwork:433 add transfer links
2018-05-29 07:47:25,575  INFO TransitRouterNetwork:449 2 transfer links to be added.
2018-05-29 07:47:25,575  INFO TransitRouterNetwork:455 transit router network statistics:
2018-05-29 07:47:25,576  INFO TransitRouterNetwork:456  # nodes: 6
2018-05-29 07:47:25,576  INFO TransitRouterNetwork:457  # links total:     6
2018-05-29 07:47:25,576  INFO TransitRouterNetwork:458  # transfer links:  2
2018-05-29 07:47:25,579 DEBUG NetworkRoutingProvider:75 requesting network routing module with routingMode=car;	mode=car
2018-05-29 07:47:25,581  INFO NetworkImpl:167  node # 1
2018-05-29 07:47:25,581  INFO NetworkImpl:167  node # 4
2018-05-29 07:47:25,582  INFO NetworkImpl:167  node # 16
2018-05-29 07:47:25,582  INFO NetworkImpl:163  link # 1
2018-05-29 07:47:25,582  INFO NetworkImpl:163  link # 4
2018-05-29 07:47:25,583  INFO NetworkImpl:163  link # 16
2018-05-29 07:47:25,587  INFO ControlerListenerManagerImpl:107 calling notifyStartup on org.matsim.analysis.ScoreStatsControlerListener
2018-05-29 07:47:25,588  INFO ControlerListenerManagerImpl:110 all ControlerStartupListeners called.
2018-05-29 07:47:25,588  INFO ControlerUtils:58 config dump before iterations start
2018-05-29 07:47:25,591  INFO Config:561 setting context to [file:/root/workspace/matsim-org/matsim/385025376/contribs/pseudosimulation/]
2018-05-29 07:47:25,602  INFO ControlerUtils:62 

<?xml version="1.0" encoding="UTF-8"?>
<!DOCTYPE config SYSTEM "http://www.matsim.org/files/dtd/config_v2.dtd">
<config>
<!-- ====================================================================== -->
	<module name="JDEQSim" >
		<param name="carSize" value="7.5" />
		<param name="endTime" value="undefined" />
		<param name="flowCapacityFactor" value="1.0" />
		<param name="gapTravelSpeed" value="15.0" />
		<param name="minimumInFlowCapacity" value="1800.0" />
		<param name="squeezeTime" value="1800.0" />
		<param name="storageCapacityFactor" value="1.0" />
	</module>
<!-- ====================================================================== -->
	<module name="TimeAllocationMutator" >
		<!-- Default:true; Defines whether time mutation changes an activity's duration. -->
		<param name="mutationAffectsDuration" value="true" />
		<!-- Default:1800.0; Defines how many seconds a time mutation can maximally shift a time. -->
		<param name="mutationRange" value="1800.0" />
		<!-- false; Use individual settings for each subpopulation. If enabled but no settings are found, regular settings are uses as fallback. -->
		<param name="useIndividualSettingsForSubpopulations" value="false" />
	</module>
<!-- ====================================================================== -->
<!-- ====================================================================== -->
	<module name="changeMode" >
		<param name="ignoreCarAvailability" value="true" />
		<param name="modes" value="car,pt" />
	</module>
<!-- ====================================================================== -->
	<module name="controler" >
		<!-- Sets whether graphs showing some analyses should automatically be generated during the simulation. The generation of graphs usually takes a small amount of time that does not have any weight in big simulations, but add a significant overhead in smaller runs or in test cases where the graphical output is not even requested. -->
		<param name="createGraphs" value="false" />
		<!-- true if at the end of a run, plans, network, config etc should be dumped to a file -->
		<param name="dumpDataAtEnd" value="false" />
		<!-- Default=false. If enabled, the router takes travel times needed for turning moves into account. Cannot be used if the (Fast)AStarLandmarks routing or TravelTimeCalculator.separateModes is enabled. -->
		<param name="enableLinkToLinkRouting" value="false" />
		<!-- Default=xml; Specifies the file format for writing events. Currently supported: xml.
		Multiple values can be specified separated by commas (','). -->
		<param name="eventsFileFormat" value="xml" />
		<!-- Default=0;  -->
		<param name="firstIteration" value="0" />
		<!-- Default=1000;  -->
		<param name="lastIteration" value="2" />
		<!-- Defines which mobility simulation will be used. Currently supported: qsim JDEQSim 
		Depending on the chosen mobsim, you'll have to add additional config modules to configure the corresponding mobsim.
		For 'qsim', add a module 'qsim' to the config. -->
		<param name="mobsim" value="qsim" />
		<param name="outputDirectory" value="test/output/org/matsim/contrib/pseudosimulation/RunPSimTest/testB/" />
		<!-- Possible values: failIfDirectoryExists, overwriteExistingFiles, deleteDirectoryIfExists -->
		<param name="overwriteFiles" value="failIfDirectoryExists" />
		<!-- The type of routing (least cost path) algorithm used, may have the values: Dijkstra, FastDijkstra, AStarLandmarks or FastAStarLandmarks -->
		<param name="routingAlgorithmType" value="Dijkstra" />
		<!-- An identifier for the current run which is used as prefix for output files and mentioned in output xml files etc. -->
		<param name="runId" value="null" />
		<!-- Comma-separated list of visualizer output file formats. `transims', `googleearth', and `otfvis'. -->
		<param name="snapshotFormat" value="" />
		<!-- iterationNumber % writeEventsInterval == 0 defines in which iterations events are written to a file. `0' disables events writing completely. -->
		<param name="writeEventsInterval" value="10" />
		<!-- iterationNumber % writePlansInterval == 0 defines (hopefully) in which iterations plans are written to a file. `0' disables plans writing completely.  Some plans in early iterations are always written -->
		<param name="writePlansInterval" value="10" />
		<!-- iterationNumber % writeSnapshotsInterval == 0 defines in which iterations snapshots are written to a file. `0' disables snapshots writing completely -->
		<param name="writeSnapshotsInterval" value="1" />
	</module>
<!-- ====================================================================== -->
	<module name="counts" >
		<!-- Transport modes that will be respected for the counts comparison. 'car' is default, which includes also bussed from the pt simulation module. Use this parameter in combination with 'filterModes' = true! -->
		<param name="analyzedModes" value="car" />
		<!-- Specifies over how many iterations the link volumes should be averaged that are used for the counts comparison. Use 1 or 0 to only use the link volumes of a single iteration. This values cannot be larger than the value specified for writeCountsInterval -->
		<param name="averageCountsOverIterations" value="5" />
		<!-- factor by which to re-scale the simulated values.  necessary when simulation runs with something different from 100%.  needs to be adapted manually -->
		<param name="countsScaleFactor" value="1.0" />
		<!-- distance to distanceFilterCenterNode to include counting stations. The unit of distance is the Euclidean distance implied by the coordinate system -->
		<param name="distanceFilter" value="null" />
		<!-- node id for center node of distance filter -->
		<param name="distanceFilterCenterNode" value="null" />
		<!-- If true, link counts from legs performed on modes not included in the 'analyzedModes' parameter are ignored. -->
		<param name="filterModes" value="false" />
		<!-- The Coordinates Reference System in which the coordinates are expressed in the input file. At import, the coordinates will be converted to the coordinate system defined in "global", and willbe converted back at export. If not specified, no conversion happens. -->
		<param name="inputCRS" value="null" />
		<!-- input file name to counts package -->
		<param name="inputCountsFile" value="null" />
		<!-- possible values: `html', `kml', `txt', `all' -->
		<param name="outputformat" value="txt" />
		<!-- Specifies how often the counts comparison should be calculated and written. -->
		<param name="writeCountsInterval" value="10" />
	</module>
<!-- ====================================================================== -->
	<module name="facilities" >
		<!-- If set to 'true', empty activity option will be created. -->
		<param name="addEmptyActivityOption" value="false" />
		<!-- Default is 'true'. In the case that a facility has no link assigned, the ActivityFacility can be assigned to the closest link. If there should be only one ActivityFacility per link and if no link-assignment should be done, set to 'false'.This will create a new ActivityFacility at the coordinate and the facility will not be assigned to a link. -->
		<param name="assigningLinksToFacilitiesIfMissing" value="true" />
		<!-- If set to 'true', opening time will be assigned to activity facilities from ActivityParams. Default is false. This will NOT override option 'addEmptyActivityOption'. -->
		<param name="assigningOpeningTime" value="false" />
		<!-- This defines how facilities should be created. Possible values: none fromFile setInScenario onePerActivityLocationInPlansFile  -->
		<param name="facilitiesSource" value="none" />
		<!-- A prefix to be used in activityFacility id. -->
		<param name="idPrefix" value="" />
		<!-- The Coordinates Reference System in which the coordinates are expressed in the input file. At import, the coordinates will be converted to the coordinate system defined in "global", and willbe converted back at export. If not specified, no conversion happens. -->
		<param name="inputCRS" value="null" />
		<param name="inputFacilitiesFile" value="null" />
		<param name="inputFacilityAttributesFile" value="null" />
		<!-- Sets whether all activities on a link should be collected within one ActivityFacility. Default is 'true'. If set to 'false', for each coordinate found in the population's activities a separate ActivityFacility will be created. -->
		<param name="oneFacilityPerLink" value="true" />
		<!-- If set to 'true' (which is the default), the link and coordinate attributes are replaced by null reference in the activities, as this information is now available via the facility. -->
		<param name="removingLinksAndCoordinates" value="true" />
	</module>
<!-- ====================================================================== -->
	<module name="global" >
		<param name="coordinateSystem" value="Atlantis" />
		<param name="insistingOnDeprecatedConfigVersion" value="true" />
		<!-- "global" number of threads.  This number is used, e.g., for replanning, but NOT in the mobsim.  This can typically be set to as many cores as you have available, or possibly even slightly more. -->
		<param name="numberOfThreads" value="2" />
		<param name="randomSeed" value="4711" />
	</module>
<!-- ====================================================================== -->
	<module name="households" >
		<param name="inputFile" value="null" />
		<param name="inputHouseholdAttributesFile" value="null" />
	</module>
<!-- ====================================================================== -->
	<module name="linkStats" >
		<!-- Specifies over how many iterations the link volumes should be averaged that are used for the link statistics. Use 1 or 0 to only use the link volumes of a single iteration. This values cannot be larger than the value specified for writeLinkStatsInterval -->
		<param name="averageLinkStatsOverIterations" value="5" />
		<!-- Specifies how often the link stats should be calculated and written. Use 0 to disable the generation of link stats. -->
		<param name="writeLinkStatsInterval" value="10" />
	</module>
<!-- ====================================================================== -->
	<module name="network" >
		<!-- The Coordinates Reference System in which the coordinates are expressed in the input file. At import, the coordinates will be converted to the coordinate system defined in "global", and willbe converted back at export. If not specified, no conversion happens. -->
		<param name="inputCRS" value="null" />
		<param name="inputChangeEventsFile" value="null" />
		<param name="inputNetworkFile" value="multimodalnetwork.xml" />
		<param name="laneDefinitionsFile" value="null" />
		<param name="timeVariantNetwork" value="false" />
	</module>
<!-- ====================================================================== -->
	<module name="parallelEventHandling" >
		<!-- Estimated number of events during mobsim run. An optional optimization hint for the framework. -->
		<param name="estimatedNumberOfEvents" value="null" />
		<!-- Number of threads for parallel events handler. _null_ means the framework decides by itself. 0 is currently not possible. -->
		<param name="numberOfThreads" value="null" />
		<!-- If enabled, each event handler is assigned to its own thread. Note that enabling this feature disabled the numberOfThreads option! This feature is still experimental! -->
		<param name="oneThreadPerHandler" value="false" />
		<!-- If enabled, it is ensured that all events that are created during a time step of the mobility simulation are processed before the next time step is simulated. E.g. neccessary when within-day replanning is used. -->
		<param name="synchronizeOnSimSteps" value="true" />
	</module>
<!-- ====================================================================== -->
	<module name="planCalcScore" >
		<!-- logit model scale parameter. default: 1.  Has name and default value for historical reasons (see Bryan Raney's phd thesis). -->
		<param name="BrainExpBeta" value="2.0" />
		<param name="PathSizeLogitBeta" value="1.0" />
		<!-- fraction of iterations at which MSA score averaging is started. The matsim theory department suggests to use this together with switching off choice set innovation (where a similar switch exists), but it has not been tested yet. -->
		<param name="fractionOfIterationsToStartScoreMSA" value="null" />
		<!-- new_score = (1-learningRate)*old_score + learningRate * score_from_mobsim.  learning rates close to zero emulate score averaging, but slow down initial convergence -->
		<param name="learningRate" value="1.0" />
		<!-- There used to be a plateau between duration=0 and duration=zeroUtilityDuration. This caused durations to evolve to zero once they were below zeroUtilityDuration, causing problems.  Only use this switch if you need to be backwards compatible with some old results.  (changed nov'13) -->
		<param name="usingOldScoringBelowZeroUtilityDuration" value="false" />
		<!-- write a plans file in each iteration directory which contains what each agent actually did, and the score it received. -->
		<param name="writeExperiencedPlans" value="false" />
		<parameterset type="scoringParameters" >
			<param name="earlyDeparture" value="-0.0" />
			<param name="lateArrival" value="-18.0" />
			<param name="marginalUtilityOfMoney" value="1.0" />
			<param name="performing" value="6.0" />
			<param name="subpopulation" value="null" />
			<param name="utilityOfLineSwitch" value="-1.0" />
			<param name="waiting" value="-0.0" />
			<param name="waitingPt" value="-6.0" />
			<parameterset type="activityParams" >
				<param name="activityType" value="dummy" />
				<param name="closingTime" value="undefined" />
				<param name="earliestEndTime" value="undefined" />
				<param name="latestStartTime" value="undefined" />
				<param name="minimalDuration" value="undefined" />
				<param name="openingTime" value="undefined" />
				<param name="priority" value="1.0" />
				<param name="scoringThisActivityAtAll" value="false" />
				<!-- typical duration of activity.  needs to be defined and non-zero.  in sec. -->
				<param name="typicalDuration" value="02:00:00" />
				<!-- method to compute score at typical duration.  Options: | uniform | relative | Use uniform for backwards compatibility (all activities same score; higher proba to drop long acts). -->
				<param name="typicalDurationScoreComputation" value="relative" />
			</parameterset>
			<parameterset type="activityParams" >
				<param name="activityType" value="car interaction" />
				<param name="closingTime" value="undefined" />
				<param name="earliestEndTime" value="undefined" />
				<param name="latestStartTime" value="undefined" />
				<param name="minimalDuration" value="undefined" />
				<param name="openingTime" value="undefined" />
				<param name="priority" value="1.0" />
				<param name="scoringThisActivityAtAll" value="false" />
				<!-- typical duration of activity.  needs to be defined and non-zero.  in sec. -->
				<param name="typicalDuration" value="undefined" />
				<!-- method to compute score at typical duration.  Options: | uniform | relative | Use uniform for backwards compatibility (all activities same score; higher proba to drop long acts). -->
				<param name="typicalDurationScoreComputation" value="relative" />
			</parameterset>
			<parameterset type="activityParams" >
				<param name="activityType" value="pt interaction" />
				<param name="closingTime" value="undefined" />
				<param name="earliestEndTime" value="undefined" />
				<param name="latestStartTime" value="undefined" />
				<param name="minimalDuration" value="undefined" />
				<param name="openingTime" value="undefined" />
				<param name="priority" value="1.0" />
				<param name="scoringThisActivityAtAll" value="false" />
				<!-- typical duration of activity.  needs to be defined and non-zero.  in sec. -->
				<param name="typicalDuration" value="undefined" />
				<!-- method to compute score at typical duration.  Options: | uniform | relative | Use uniform for backwards compatibility (all activities same score; higher proba to drop long acts). -->
				<param name="typicalDurationScoreComputation" value="relative" />
			</parameterset>
			<parameterset type="activityParams" >
				<param name="activityType" value="bike interaction" />
				<param name="closingTime" value="undefined" />
				<param name="earliestEndTime" value="undefined" />
				<param name="latestStartTime" value="undefined" />
				<param name="minimalDuration" value="undefined" />
				<param name="openingTime" value="undefined" />
				<param name="priority" value="1.0" />
				<param name="scoringThisActivityAtAll" value="false" />
				<!-- typical duration of activity.  needs to be defined and non-zero.  in sec. -->
				<param name="typicalDuration" value="undefined" />
				<!-- method to compute score at typical duration.  Options: | uniform | relative | Use uniform for backwards compatibility (all activities same score; higher proba to drop long acts). -->
				<param name="typicalDurationScoreComputation" value="relative" />
			</parameterset>
			<parameterset type="activityParams" >
				<param name="activityType" value="other interaction" />
				<param name="closingTime" value="undefined" />
				<param name="earliestEndTime" value="undefined" />
				<param name="latestStartTime" value="undefined" />
				<param name="minimalDuration" value="undefined" />
				<param name="openingTime" value="undefined" />
				<param name="priority" value="1.0" />
				<param name="scoringThisActivityAtAll" value="false" />
				<!-- typical duration of activity.  needs to be defined and non-zero.  in sec. -->
				<param name="typicalDuration" value="undefined" />
				<!-- method to compute score at typical duration.  Options: | uniform | relative | Use uniform for backwards compatibility (all activities same score; higher proba to drop long acts). -->
				<param name="typicalDurationScoreComputation" value="relative" />
			</parameterset>
			<parameterset type="activityParams" >
				<param name="activityType" value="walk interaction" />
				<param name="closingTime" value="undefined" />
				<param name="earliestEndTime" value="undefined" />
				<param name="latestStartTime" value="undefined" />
				<param name="minimalDuration" value="undefined" />
				<param name="openingTime" value="undefined" />
				<param name="priority" value="1.0" />
				<param name="scoringThisActivityAtAll" value="false" />
				<!-- typical duration of activity.  needs to be defined and non-zero.  in sec. -->
				<param name="typicalDuration" value="undefined" />
				<!-- method to compute score at typical duration.  Options: | uniform | relative | Use uniform for backwards compatibility (all activities same score; higher proba to drop long acts). -->
				<param name="typicalDurationScoreComputation" value="relative" />
			</parameterset>
			<parameterset type="activityParams" >
				<param name="activityType" value="h" />
				<param name="closingTime" value="undefined" />
				<param name="earliestEndTime" value="undefined" />
				<param name="latestStartTime" value="undefined" />
				<param name="minimalDuration" value="08:00:00" />
				<param name="openingTime" value="undefined" />
				<param name="priority" value="1.0" />
				<param name="scoringThisActivityAtAll" value="true" />
				<!-- typical duration of activity.  needs to be defined and non-zero.  in sec. -->
				<param name="typicalDuration" value="12:00:00" />
				<!-- method to compute score at typical duration.  Options: | uniform | relative | Use uniform for backwards compatibility (all activities same score; higher proba to drop long acts). -->
				<param name="typicalDurationScoreComputation" value="relative" />
			</parameterset>
			<parameterset type="activityParams" >
				<param name="activityType" value="w" />
				<param name="closingTime" value="18:00:00" />
				<param name="earliestEndTime" value="undefined" />
				<param name="latestStartTime" value="09:00:00" />
				<param name="minimalDuration" value="06:00:00" />
				<param name="openingTime" value="07:00:00" />
				<param name="priority" value="1.0" />
				<param name="scoringThisActivityAtAll" value="true" />
				<!-- typical duration of activity.  needs to be defined and non-zero.  in sec. -->
				<param name="typicalDuration" value="08:00:00" />
				<!-- method to compute score at typical duration.  Options: | uniform | relative | Use uniform for backwards compatibility (all activities same score; higher proba to drop long acts). -->
				<param name="typicalDurationScoreComputation" value="relative" />
			</parameterset>
			<parameterset type="activityParams" >
				<param name="activityType" value="s" />
				<param name="closingTime" value="20:00:00" />
				<param name="earliestEndTime" value="undefined" />
				<param name="latestStartTime" value="undefined" />
				<param name="minimalDuration" value="00:10:00" />
				<param name="openingTime" value="08:00:00" />
				<param name="priority" value="1.0" />
				<param name="scoringThisActivityAtAll" value="true" />
				<!-- typical duration of activity.  needs to be defined and non-zero.  in sec. -->
				<param name="typicalDuration" value="00:40:00" />
				<!-- method to compute score at typical duration.  Options: | uniform | relative | Use uniform for backwards compatibility (all activities same score; higher proba to drop long acts). -->
				<param name="typicalDurationScoreComputation" value="relative" />
			</parameterset>
			<parameterset type="modeParams" >
				<!-- [utils] alternative-specific constant.  no guarantee that this is used anywhere. default=0 to be backwards compatible for the time being -->
				<param name="constant" value="0.0" />
				<!-- [utils/m] utility of walking per m, normally negative.  this is on top of the time (dis)utility. -->
				<param name="marginalUtilityOfDistance_util_m" value="0.0" />
				<!-- [utils/hr] additional marginal utility of traveling.  normally negative.  this comes on top of the opportunity cost of time -->
				<param name="marginalUtilityOfTraveling_util_hr" value="-6.0" />
				<param name="mode" value="car" />
				<!-- [unit_of_money/m] conversion of distance into money. Normally negative. -->
				<param name="monetaryDistanceRate" value="0.0" />
			</parameterset>
			<parameterset type="modeParams" >
				<!-- [utils] alternative-specific constant.  no guarantee that this is used anywhere. default=0 to be backwards compatible for the time being -->
				<param name="constant" value="0.0" />
				<!-- [utils/m] utility of walking per m, normally negative.  this is on top of the time (dis)utility. -->
				<param name="marginalUtilityOfDistance_util_m" value="0.0" />
				<!-- [utils/hr] additional marginal utility of traveling.  normally negative.  this comes on top of the opportunity cost of time -->
				<param name="marginalUtilityOfTraveling_util_hr" value="-6.0" />
				<param name="mode" value="pt" />
				<!-- [unit_of_money/m] conversion of distance into money. Normally negative. -->
				<param name="monetaryDistanceRate" value="0.0" />
			</parameterset>
			<parameterset type="modeParams" >
				<!-- [utils] alternative-specific constant.  no guarantee that this is used anywhere. default=0 to be backwards compatible for the time being -->
				<param name="constant" value="0.0" />
				<!-- [utils/m] utility of walking per m, normally negative.  this is on top of the time (dis)utility. -->
				<param name="marginalUtilityOfDistance_util_m" value="0.0" />
				<!-- [utils/hr] additional marginal utility of traveling.  normally negative.  this comes on top of the opportunity cost of time -->
				<param name="marginalUtilityOfTraveling_util_hr" value="-6.0" />
				<param name="mode" value="walk" />
				<!-- [unit_of_money/m] conversion of distance into money. Normally negative. -->
				<param name="monetaryDistanceRate" value="0.0" />
			</parameterset>
			<parameterset type="modeParams" >
				<!-- [utils] alternative-specific constant.  no guarantee that this is used anywhere. default=0 to be backwards compatible for the time being -->
				<param name="constant" value="0.0" />
				<!-- [utils/m] utility of walking per m, normally negative.  this is on top of the time (dis)utility. -->
				<param name="marginalUtilityOfDistance_util_m" value="0.0" />
				<!-- [utils/hr] additional marginal utility of traveling.  normally negative.  this comes on top of the opportunity cost of time -->
				<param name="marginalUtilityOfTraveling_util_hr" value="-6.0" />
				<param name="mode" value="bike" />
				<!-- [unit_of_money/m] conversion of distance into money. Normally negative. -->
				<param name="monetaryDistanceRate" value="0.0" />
			</parameterset>
			<parameterset type="modeParams" >
				<!-- [utils] alternative-specific constant.  no guarantee that this is used anywhere. default=0 to be backwards compatible for the time being -->
				<param name="constant" value="0.0" />
				<!-- [utils/m] utility of walking per m, normally negative.  this is on top of the time (dis)utility. -->
				<param name="marginalUtilityOfDistance_util_m" value="0.0" />
				<!-- [utils/hr] additional marginal utility of traveling.  normally negative.  this comes on top of the opportunity cost of time -->
				<param name="marginalUtilityOfTraveling_util_hr" value="-6.0" />
				<param name="mode" value="ride" />
				<!-- [unit_of_money/m] conversion of distance into money. Normally negative. -->
				<param name="monetaryDistanceRate" value="0.0" />
			</parameterset>
			<parameterset type="modeParams" >
				<!-- [utils] alternative-specific constant.  no guarantee that this is used anywhere. default=0 to be backwards compatible for the time being -->
				<param name="constant" value="0.0" />
				<!-- [utils/m] utility of walking per m, normally negative.  this is on top of the time (dis)utility. -->
				<param name="marginalUtilityOfDistance_util_m" value="0.0" />
				<!-- [utils/hr] additional marginal utility of traveling.  normally negative.  this comes on top of the opportunity cost of time -->
				<param name="marginalUtilityOfTraveling_util_hr" value="-6.0" />
				<param name="mode" value="other" />
				<!-- [unit_of_money/m] conversion of distance into money. Normally negative. -->
				<param name="monetaryDistanceRate" value="0.0" />
			</parameterset>
		</parameterset>
	</module>
<!-- ====================================================================== -->
	<module name="plans" >
		<!-- String: minOfDurationAndEndTime tryEndTimeThenDuration endTimeOnly. Anything besides minOfDurationAndEndTime will internally use a different (simpler) version of the TimeAllocationMutator. -->
		<param name="activityDurationInterpretation" value="tryEndTimeThenDuration" />
		<!-- The Coordinates Reference System in which the coordinates are expressed in the input file. At import, the coordinates will be converted to the coordinate system defined in "global", and willbe converted back at export. If not specified, no conversion happens. -->
		<param name="inputCRS" value="null" />
		<!-- Path to a file containing person attributes (required file format: ObjectAttributes). -->
		<param name="inputPersonAttributesFile" value="null" />
		<param name="inputPlansFile" value="0.plans.xml.gz" />
		<!-- Defines how routes are stored in memory. Currently supported: LinkNetworkRoute, CompressedNetworkRoute. -->
		<param name="networkRouteType" value="LinkNetworkRoute" />
		<!-- (not tested) will remove plan attributes that are presumably not used, such as activityStartTime. default=false -->
		<param name="removingUnnecessaryPlanAttributes" value="false" />
		<!-- Name of the (Object)Attribute defining the subpopulation to which pertains a Person (as freight, through traffic, etc.). The attribute must be of String type.  Change away from default only in desperate situations. -->
		<param name="subpopulationAttributeName" value="subpopulation" />
	</module>
<!-- ====================================================================== -->
	<module name="planscalcroute" >
		<!-- All the modes for which the router is supposed to generate network routes (like car) -->
		<param name="networkModes" value="car" />
		<parameterset type="teleportedModeParameters" >
			<param name="beelineDistanceFactor" value="1.3" />
			<param name="mode" value="bike" />
			<!-- Free-speed factor for a teleported mode. Travel time = teleportedModeFreespeedFactor * <freespeed car travel time>. Insert a line like this for every such mode. Please do not set teleportedModeFreespeedFactor as well as teleportedModeSpeed for the same mode, but if you do, +teleportedModeFreespeedFactor wins over teleportedModeSpeed. -->
			<param name="teleportedModeFreespeedFactor" value="null" />
			<!-- Speed for a teleported mode. Travel time = (<beeline distance> * beelineDistanceFactor) / teleportedModeSpeed. Insert a line like this for every such mode. -->
			<param name="teleportedModeSpeed" value="4.166666666666667" />
		</parameterset>
		<parameterset type="teleportedModeParameters" >
			<param name="beelineDistanceFactor" value="1.3" />
			<param name="mode" value="walk" />
			<!-- Free-speed factor for a teleported mode. Travel time = teleportedModeFreespeedFactor * <freespeed car travel time>. Insert a line like this for every such mode. Please do not set teleportedModeFreespeedFactor as well as teleportedModeSpeed for the same mode, but if you do, +teleportedModeFreespeedFactor wins over teleportedModeSpeed. -->
			<param name="teleportedModeFreespeedFactor" value="null" />
			<!-- Speed for a teleported mode. Travel time = (<beeline distance> * beelineDistanceFactor) / teleportedModeSpeed. Insert a line like this for every such mode. -->
			<param name="teleportedModeSpeed" value="0.8333333333333333" />
		</parameterset>
		<parameterset type="teleportedModeParameters" >
			<param name="beelineDistanceFactor" value="1.3" />
			<param name="mode" value="access_walk" />
			<!-- Free-speed factor for a teleported mode. Travel time = teleportedModeFreespeedFactor * <freespeed car travel time>. Insert a line like this for every such mode. Please do not set teleportedModeFreespeedFactor as well as teleportedModeSpeed for the same mode, but if you do, +teleportedModeFreespeedFactor wins over teleportedModeSpeed. -->
			<param name="teleportedModeFreespeedFactor" value="null" />
			<!-- Speed for a teleported mode. Travel time = (<beeline distance> * beelineDistanceFactor) / teleportedModeSpeed. Insert a line like this for every such mode. -->
			<param name="teleportedModeSpeed" value="0.8333333333333333" />
		</parameterset>
		<parameterset type="teleportedModeParameters" >
			<param name="beelineDistanceFactor" value="1.3" />
			<param name="mode" value="egress_walk" />
			<!-- Free-speed factor for a teleported mode. Travel time = teleportedModeFreespeedFactor * <freespeed car travel time>. Insert a line like this for every such mode. Please do not set teleportedModeFreespeedFactor as well as teleportedModeSpeed for the same mode, but if you do, +teleportedModeFreespeedFactor wins over teleportedModeSpeed. -->
			<param name="teleportedModeFreespeedFactor" value="null" />
			<!-- Speed for a teleported mode. Travel time = (<beeline distance> * beelineDistanceFactor) / teleportedModeSpeed. Insert a line like this for every such mode. -->
			<param name="teleportedModeSpeed" value="0.8333333333333333" />
		</parameterset>
		<parameterset type="teleportedModeParameters" >
			<param name="beelineDistanceFactor" value="1.3" />
			<param name="mode" value="undefined" />
			<!-- Free-speed factor for a teleported mode. Travel time = teleportedModeFreespeedFactor * <freespeed car travel time>. Insert a line like this for every such mode. Please do not set teleportedModeFreespeedFactor as well as teleportedModeSpeed for the same mode, but if you do, +teleportedModeFreespeedFactor wins over teleportedModeSpeed. -->
			<param name="teleportedModeFreespeedFactor" value="null" />
			<!-- Speed for a teleported mode. Travel time = (<beeline distance> * beelineDistanceFactor) / teleportedModeSpeed. Insert a line like this for every such mode. -->
			<param name="teleportedModeSpeed" value="13.88888888888889" />
		</parameterset>
		<parameterset type="teleportedModeParameters" >
			<param name="beelineDistanceFactor" value="1.3" />
			<param name="mode" value="ride" />
			<!-- Free-speed factor for a teleported mode. Travel time = teleportedModeFreespeedFactor * <freespeed car travel time>. Insert a line like this for every such mode. Please do not set teleportedModeFreespeedFactor as well as teleportedModeSpeed for the same mode, but if you do, +teleportedModeFreespeedFactor wins over teleportedModeSpeed. -->
			<param name="teleportedModeFreespeedFactor" value="1.0" />
			<!-- Speed for a teleported mode. Travel time = (<beeline distance> * beelineDistanceFactor) / teleportedModeSpeed. Insert a line like this for every such mode. -->
			<param name="teleportedModeSpeed" value="null" />
		</parameterset>
		<parameterset type="teleportedModeParameters" >
			<param name="beelineDistanceFactor" value="1.3" />
			<param name="mode" value="pt" />
			<!-- Free-speed factor for a teleported mode. Travel time = teleportedModeFreespeedFactor * <freespeed car travel time>. Insert a line like this for every such mode. Please do not set teleportedModeFreespeedFactor as well as teleportedModeSpeed for the same mode, but if you do, +teleportedModeFreespeedFactor wins over teleportedModeSpeed. -->
			<param name="teleportedModeFreespeedFactor" value="2.0" />
			<!-- Speed for a teleported mode. Travel time = (<beeline distance> * beelineDistanceFactor) / teleportedModeSpeed. Insert a line like this for every such mode. -->
			<param name="teleportedModeSpeed" value="null" />
		</parameterset>
	</module>
<!-- ====================================================================== -->
	<module name="ptCounts" >
		<!-- factor by which to re-scale the simulated values.  necessary when simulation runs with something different from 100%.  needs to be adapted manually -->
		<param name="countsScaleFactor" value="1.0" />
		<!-- distance to distanceFilterCenterNode to include counting stations. The unit of distance is the Euclidean distance implied by the coordinate system -->
		<param name="distanceFilter" value="null" />
		<!-- node id for center node of distance filter -->
		<param name="distanceFilterCenterNode" value="null" />
		<!-- input file containing the alighting (getting off) counts for pt -->
		<param name="inputAlightCountsFile" value="null" />
		<!-- input file containing the boarding (getting on) counts for pt -->
		<param name="inputBoardCountsFile" value="null" />
		<!-- input file containing the occupancy counts for pt -->
		<param name="inputOccupancyCountsFile" value="null" />
		<!-- possible values: `html', `kml', `txt', `all' -->
		<param name="outputformat" value="null" />
		<!-- every how many iterations (starting with 0) counts comparisons are generated -->
		<param name="ptCountsInterval" value="10" />
	</module>
<!-- ====================================================================== -->
	<module name="qsim" >
		<!-- If set to true, creates a vehicle for each person corresponding to every network mode. However, this will be overridden if vehicle source is fromVehiclesData. -->
		<param name="creatingVehiclesForAllNetworkModes" value="true" />
		<param name="endTime" value="30:00:00" />
		<param name="flowCapacityFactor" value="1.0" />
		<!-- decides if waiting vehicles enter the network after or before the already driving vehicles were moved. Default: false -->
		<param name="insertingWaitingVehiclesBeforeDrivingVehicles" value="false" />
		<!-- If link dynamics is set as SeepageQ, set to false if all seep modes should perform seepage. Default is true (better option). -->
		<param name="isRestrictingSeepage" value="true" />
		<!-- If link dynamics is set as SeepageQ, set to true if seep mode do not consumes any space on the link. Default is false. -->
		<param name="isSeepModeStorageFree" value="false" />
		<!-- default: FIFO; options: FIFO PassingQ SeepageQ -->
		<param name="linkDynamics" value="FIFO" />
		<!-- The (initial) width of the links of the network. Use positive floating point values. This is used only for visualisation. -->
		<param name="linkWidth" value="30.0" />
		<!-- [comma-separated list] Defines which modes are congested modes. Technically, these are the modes that the departure handler of the netsimengine handles.  Effective cell size, effective lane width, flow capacity factor, and storage capacity factor need to be set with diligence.  Need to be vehicular modes to make sense. -->
		<param name="mainMode" value="car" />
		<!-- Shortens a link in the visualization, i.e. its start and end point are moved into towards the center. Does not affect traffic flow.  -->
		<param name="nodeOffset" value="0.0" />
		<!-- Number of threads used for the QSim.  Note that this setting is independent from the "global" threads setting.  In contrast to earlier versions, the non-parallel special version is no longer there. -->
		<param name="numberOfThreads" value="1" />
		<!-- Boolean. `true': stuck vehicles are removed, aborting the plan; `false': stuck vehicles are forced into the next link. `false' is probably the better choice. -->
		<param name="removeStuckVehicles" value="false" />
		<!-- If link dynamics is set as SeepageQ, set a seep mode. Default is bike. -->
		<param name="seepMode" value="bike" />
		<!-- Possible values: minOfEndtimeAndMobsimFinished, onlyUseEndtime -->
		<param name="simEndtimeInterpretation" value="null" />
		<!-- Options: maxOfStarttimeAndEarliestActivityEnd onlyUseStarttime  -->
		<param name="simStarttimeInterpretation" value="maxOfStarttimeAndEarliestActivityEnd" />
		<!-- snapshotStyle. One of: equiDist queue withHoles withHolesAndShowHoles kinematicWaves  -->
		<param name="snapshotStyle" value="equiDist" />
		<param name="snapshotperiod" value="00:00:00" />
		<param name="startTime" value="00:00:00" />
		<param name="storageCapacityFactor" value="1.0" />
		<!-- time in seconds.  Time after which the frontmost vehicle on a link is called `stuck' if it does not move. -->
		<param name="stuckTime" value="10.0" />
		<param name="timeStepSize" value="00:00:01" />
		<!-- options: queue withHoles kinematicWaves  -->
		<param name="trafficDynamics" value="queue" />
		<!-- Set this parameter to true if lanes should be used, false if not. -->
		<param name="useLanes" value="false" />
		<!-- If a route does not reference a vehicle, agents will use the vehicle with the same id as their own. -->
		<param name="usePersonIdForMissingVehicleId" value="true" />
		<!-- If false, the qsim accumulates fractional flows up to one flow unit in every time step.  If true, flows are updated only if an agent wants to enter the link or an agent is added to buffer. Default is true. -->
		<param name="usingFastCapacityUpdate" value="true" />
		<!-- if the qsim should use as many runners as there are threads (Christoph's dissertation version) or more of them, together with a thread pool (seems to be faster in some situations, but is not tested). -->
		<param name="usingThreadpool" value="true" />
		<!-- Defines what happens if an agent wants to depart, but the specified vehicle is not available. One of: teleport wait exception  -->
		<param name="vehicleBehavior" value="teleport" />
		<!-- If vehicles should all be the same default vehicle, or come from the vehicles file, or something else.  Possible values:  defaultVehicle modeVehicleTypesFromVehiclesData fromVehiclesData -->
		<param name="vehiclesSource" value="defaultVehicle" />
	</module>
<!-- ====================================================================== -->
	<module name="scenario" >
	</module>
<!-- ====================================================================== -->
	<module name="strategy" >
		<!-- the external executable will be called with a config file as argument.  This is the pathname to a possible skeleton config, to which additional information will be added.  Can be null. -->
		<param name="ExternalExeConfigTemplate" value="null" />
		<!-- time out value (in seconds) after which matsim will consider the external strategy as failed -->
		<param name="ExternalExeTimeOut" value="3600" />
		<!-- root directory for temporary files generated by the external executable. Provided as a service; I don't think this is used by MATSim. -->
		<param name="ExternalExeTmpFileRootDir" value="null" />
		<!-- fraction of iterations where innovative strategies are switched off.  Something link 0.8 should be good.  E.g. if you run from iteration 400 to iteration 500, innovation is switched off at iteration 480 -->
		<param name="fractionOfIterationsToDisableInnovation" value="Infinity" />
		<!-- maximum number of plans per agent.  ``0'' means ``infinity''.  Currently (2010), ``5'' is a good number -->
		<param name="maxAgentPlanMemorySize" value="5" />
		<!-- strategyName of PlanSelector for plans removal.  Possible defaults: WorstPlanSelector SelectRandom SelectExpBetaForRemoval ChangeExpBetaForRemoval PathSizeLogitSelectorForRemoval . The current default, WorstPlanSelector is not a good choice from a discrete choice theoretical perspective. Alternatives, however, have not been systematically tested. kai, feb'12 -->
		<param name="planSelectorForRemoval" value="WorstPlanSelector" />
		<parameterset type="strategysettings" >
			<!-- iteration after which strategy will be disabled.  most useful for ``innovative'' strategies (new routes, new times, ...). Normally, better use fractionOfIterationsToDisableInnovation -->
			<param name="disableAfterIteration" value="-1" />
			<!-- path to external executable (if applicable) -->
			<param name="executionPath" value="null" />
			<!-- strategyName of strategy.  Possible default names: SelectRandomBestScoreKeepLastSelectedChangeExpBetaSelectExpBetaSelectPathSizeLogit (selectors), ReRoute TimeAllocationMutator ChangeLegMode TimeAllocationMutator_ReRoute ChangeSingleLegMode ChangeSingleTripMode SubtourModeChoice ChangeTripMode TripSubtourModeChoice  (innovative strategies). -->
			<param name="strategyName" value="BestScore" />
			<!-- subpopulation to which the strategy applies. "null" refers to the default population, that is, the set of persons for which no explicit subpopulation is defined (ie no subpopulation attribute) -->
			<param name="subpopulation" value="null" />
			<!-- weight of a strategy: for each agent, a strategy will be selected with a probability proportional to its weight -->
			<param name="weight" value="0.7" />
		</parameterset>
		<parameterset type="strategysettings" >
			<!-- iteration after which strategy will be disabled.  most useful for ``innovative'' strategies (new routes, new times, ...). Normally, better use fractionOfIterationsToDisableInnovation -->
			<param name="disableAfterIteration" value="-1" />
			<!-- path to external executable (if applicable) -->
			<param name="executionPath" value="null" />
			<!-- strategyName of strategy.  Possible default names: SelectRandomBestScoreKeepLastSelectedChangeExpBetaSelectExpBetaSelectPathSizeLogit (selectors), ReRoute TimeAllocationMutator ChangeLegMode TimeAllocationMutator_ReRoute ChangeSingleLegMode ChangeSingleTripMode SubtourModeChoice ChangeTripMode TripSubtourModeChoice  (innovative strategies). -->
			<param name="strategyName" value="ReRoute" />
			<!-- subpopulation to which the strategy applies. "null" refers to the default population, that is, the set of persons for which no explicit subpopulation is defined (ie no subpopulation attribute) -->
			<param name="subpopulation" value="null" />
			<!-- weight of a strategy: for each agent, a strategy will be selected with a probability proportional to its weight -->
			<param name="weight" value="0.1" />
		</parameterset>
		<parameterset type="strategysettings" >
			<!-- iteration after which strategy will be disabled.  most useful for ``innovative'' strategies (new routes, new times, ...). Normally, better use fractionOfIterationsToDisableInnovation -->
			<param name="disableAfterIteration" value="-1" />
			<!-- path to external executable (if applicable) -->
			<param name="executionPath" value="null" />
			<!-- strategyName of strategy.  Possible default names: SelectRandomBestScoreKeepLastSelectedChangeExpBetaSelectExpBetaSelectPathSizeLogit (selectors), ReRoute TimeAllocationMutator ChangeLegMode TimeAllocationMutator_ReRoute ChangeSingleLegMode ChangeSingleTripMode SubtourModeChoice ChangeTripMode TripSubtourModeChoice  (innovative strategies). -->
			<param name="strategyName" value="TimeAllocationMutator" />
			<!-- subpopulation to which the strategy applies. "null" refers to the default population, that is, the set of persons for which no explicit subpopulation is defined (ie no subpopulation attribute) -->
			<param name="subpopulation" value="null" />
			<!-- weight of a strategy: for each agent, a strategy will be selected with a probability proportional to its weight -->
			<param name="weight" value="0.1" />
		</parameterset>
		<parameterset type="strategysettings" >
			<!-- iteration after which strategy will be disabled.  most useful for ``innovative'' strategies (new routes, new times, ...). Normally, better use fractionOfIterationsToDisableInnovation -->
			<param name="disableAfterIteration" value="-1" />
			<!-- path to external executable (if applicable) -->
			<param name="executionPath" value="null" />
			<!-- strategyName of strategy.  Possible default names: SelectRandomBestScoreKeepLastSelectedChangeExpBetaSelectExpBetaSelectPathSizeLogit (selectors), ReRoute TimeAllocationMutator ChangeLegMode TimeAllocationMutator_ReRoute ChangeSingleLegMode ChangeSingleTripMode SubtourModeChoice ChangeTripMode TripSubtourModeChoice  (innovative strategies). -->
			<param name="strategyName" value="ChangeTripMode" />
			<!-- subpopulation to which the strategy applies. "null" refers to the default population, that is, the set of persons for which no explicit subpopulation is defined (ie no subpopulation attribute) -->
			<param name="subpopulation" value="null" />
			<!-- weight of a strategy: for each agent, a strategy will be selected with a probability proportional to its weight -->
			<param name="weight" value="0.1" />
		</parameterset>
	</module>
<!-- ====================================================================== -->
	<module name="subtourModeChoice" >
		<!-- Defines the chain-based modes, seperated by commas -->
		<param name="chainBasedModes" value="car,bike" />
		<!-- Defines whether car availability must be considered or not. A agent has no car only if it has no license, or never access to a car -->
		<param name="considerCarAvailability" value="false" />
		<!-- Defines all the modes available, including chain-based modes, seperated by commas -->
		<param name="modes" value="car,pt,bike,walk" />
	</module>
<!-- ====================================================================== -->
	<module name="transit" >
		<!-- The Coordinates Reference System in which the coordinates are expressed in the input file. At import, the coordinates will be converted to the coordinate system defined in "global", and willbe converted back at export. If not specified, no conversion happens. -->
		<param name="inputScheduleCRS" value="null" />
		<!-- Optional input file containing additional attributes for transit lines, stored as ObjectAttributes. -->
		<param name="transitLinesAttributesFile" value="null" />
		<!-- Comma-separated list of transportation modes that are handled as transit. Defaults to 'pt'. -->
		<param name="transitModes" value="pt" />
		<!-- Input file containing the transit schedule to be simulated. -->
		<param name="transitScheduleFile" value="transitschedule.xml" />
		<!-- Optional input file containing additional attributes for transit stop facilities, stored as ObjectAttributes. -->
		<param name="transitStopsAttributesFile" value="null" />
		<!-- Set this parameter to true if transit should be simulated, false if not. -->
		<param name="useTransit" value="true" />
		<!-- Input file containing the vehicles used by the departures in the transit schedule. -->
		<param name="vehiclesFile" value="transitVehicles.xml" />
	</module>
<!-- ====================================================================== -->
	<module name="transitRouter" >
		<!-- additional time the router allocates when a line switch happens. Can be interpreted as a 'safety' time that agents need to safely transfer from one line to another -->
		<param name="additionalTransferTime" value="0.0" />
		<!-- Factor with which direct walk generalized cost is multiplied before it is compared to the pt generalized cost.  Set to a very high value to reduce direct walk results. -->
		<param name="directWalkFactor" value="1.0" />
		<!-- step size to increase searchRadius if no stops are found -->
		<param name="extensionRadius" value="200.0" />
		<!-- maximum beeline distance between stops that agents could transfer to by walking -->
		<param name="maxBeelineWalkConnectionDistance" value="100.0" />
		<!-- the radius in which stop locations are searched, given a start or target coordinate -->
		<param name="searchRadius" value="1000.0" />
	</module>
<!-- ====================================================================== -->
	<module name="travelTimeCalculator" >
		<!-- Transport modes that will be respected by the travel time collector. 'car' is default, which includes also busses from the pt simulation module. Use this parameter in combination with 'filterModes' = true! -->
		<param name="analyzedModes" value="car" />
		<param name="calculateLinkToLinkTravelTimes" value="false" />
		<param name="calculateLinkTravelTimes" value="true" />
		<!-- If true, link travel times from legs performed on modes not included in the 'analyzedModes' parameter are ignored. -->
		<param name="filterModes" value="false" />
		<!-- The lenght (in sec) of the time period that is splited into time bins; an additional time bin is created to aggregate all travel times collected after maxTime -->
		<param name="maxTime" value="108000" />
		<!-- If true, link travel times are measured and calculated separately for each mode in analyzedModes. Other modes are ignored. If true, filterModes has no effect. -->
		<param name="separateModes" value="false" />
		<!-- How to deal with congested time bins that have no link entry events. `optimistic' assumes free speed (too optimistic); 'experimental_LastMile' is experimental and probably too pessimistic. -->
		<param name="travelTimeAggregator" value="optimistic" />
		<!-- The size of the time bin (in sec) into which the link travel times are aggregated for the router -->
		<param name="travelTimeBinSize" value="900" />
		<!-- possible values: TravelTimeCalculatorArray TravelTimeCalculatorHashMap  -->
		<param name="travelTimeCalculator" value="TravelTimeCalculatorArray" />
		<!-- How to deal with link entry times at different positions during the time bin. Currently supported: average, linearinterpolation -->
		<param name="travelTimeGetter" value="average" />
	</module>
<!-- ====================================================================== -->
	<module name="vehicles" >
		<param name="vehiclesFile" value="null" />
	</module>
<!-- ====================================================================== -->
	<module name="vspExperimental" >
		<!-- (do not use except of you have to) There was a problem with pt interaction scoring.  Some people solved it by overwriting the parameters of the pt interaction activity type.  Doing this now throws an Exception.  If you still insist on doing this, set the following to true. -->
		<param name="isAbleToOverwritePtInteractionParams" value="false" />
		<param name="isGeneratingBoardingDeniedEvent" value="false" />
		<!-- if an approximation of the opportunity cost of time is included into the radius calculation for location choice.`true' will be faster, but it is an approximation.  Default is `true'; `false' is available for backwards compatibility. -->
		<param name="isUsingOpportunityCostOfTimeForLocationChoice" value="true" />
		<param name="logitScaleParamForPlansRemoval" value="1.0" />
		<!-- Options: | ignore | info | warn | abort | .  When violating VSP defaults, this results in nothing, logfile infos, logfile warnings, or aborts.  Members of VSP should use `abort' or talk to kai. -->
		<param name="vspDefaultsCheckingLevel" value="ignore" />
		<!-- if true then writes output_events in output directory.  default is `false'. Will only work when lastIteration is multiple of events writing interval -->
		<param name="writingOutputEvents" value="true" />
	</module>
<!-- ====================================================================== -->

</config>

2018-05-29 07:47:25,606  INFO ControlerUtils:63 Complete config dump done.
2018-05-29 07:47:25,606  INFO ControlerUtils:64 Checking consistency of config...
2018-05-29 07:47:25,607  INFO VspConfigConsistencyCheckerImpl:58 NOT running vsp config consistency check because vsp defaults checking level is set to IGNORE
2018-05-29 07:47:25,608  INFO ControlerUtils:66 Checking consistency of config done.
2018-05-29 07:47:25,608  INFO PrepareForSimImpl:73 Network seems to be multimodal. Create car-only network which is handed over to PersonPrepareForSim.
2018-05-29 07:47:25,608  INFO NetworkImpl:167  node # 1
2018-05-29 07:47:25,608  INFO NetworkImpl:167  node # 4
2018-05-29 07:47:25,609  INFO NetworkImpl:167  node # 16
2018-05-29 07:47:25,609  INFO NetworkImpl:163  link # 1
2018-05-29 07:47:25,609  INFO NetworkImpl:163  link # 4
2018-05-29 07:47:25,609  INFO NetworkImpl:163  link # 16
2018-05-29 07:47:25,613 DEBUG NetworkRoutingProvider:75 requesting network routing module with routingMode=car;	mode=car
2018-05-29 07:47:25,614 DEBUG NetworkRoutingProvider:75 requesting network routing module with routingMode=car;	mode=car
2018-05-29 07:47:25,615  INFO Counter:61 [PersonPrepareForSim] handled person # 1
2018-05-29 07:47:25,615  INFO Counter:61 [PersonPrepareForSim] handled person # 2
2018-05-29 07:47:25,615  INFO Counter:61 [PersonPrepareForSim] handled person # 4
2018-05-29 07:47:25,616  INFO Counter:61 [PersonPrepareForSim] handled person # 8
2018-05-29 07:47:25,616  INFO Counter:61 [PersonPrepareForSim] handled person # 16
2018-05-29 07:47:25,616  INFO Counter:61 [PersonPrepareForSim] handled person # 32
2018-05-29 07:47:25,616  INFO Counter:61 [PersonPrepareForSim] handled person # 64
2018-05-29 07:47:25,617  INFO Counter:61 [PersonPrepareForSim] handled person # 128
2018-05-29 07:47:25,617  INFO Counter:61 [PersonPrepareForSim] handled person # 256
2018-05-29 07:47:25,619  INFO Counter:61 [PersonPrepareForSim] handled person # 512
2018-05-29 07:47:25,621  INFO Counter:67 [PersonPrepareForSim] handled person # 900
2018-05-29 07:47:25,622  INFO Counter:61  vehicles # 1
2018-05-29 07:47:25,622  INFO Counter:61  vehicles # 2
2018-05-29 07:47:25,622  INFO Counter:61  vehicles # 4
2018-05-29 07:47:25,622  INFO Counter:61  vehicles # 8
2018-05-29 07:47:25,622  INFO Counter:61  vehicles # 16
2018-05-29 07:47:25,623  INFO Counter:61  vehicles # 32
2018-05-29 07:47:25,623  INFO Counter:61  vehicles # 64
2018-05-29 07:47:25,624  INFO Counter:61  vehicles # 128
2018-05-29 07:47:25,626  INFO Counter:61  vehicles # 256
2018-05-29 07:47:25,628  INFO Counter:61  vehicles # 512
2018-05-29 07:47:25,629  INFO AbstractController:121 ###################################################
2018-05-29 07:47:25,630  INFO AbstractController:122 ### ITERATION 0 BEGINS
2018-05-29 07:47:25,631  INFO ControlerListenerManagerImpl:145 calling notifyIterationStarts on org.matsim.analysis.LegHistogramListener
2018-05-29 07:47:25,631  INFO ControlerListenerManagerImpl:145 calling notifyIterationStarts on org.matsim.analysis.LinkStatsControlerListener
2018-05-29 07:47:25,631  INFO ControlerListenerManagerImpl:145 calling notifyIterationStarts on org.matsim.core.replanning.ReplanningContextImpl
2018-05-29 07:47:25,631  INFO ControlerListenerManagerImpl:145 calling notifyIterationStarts on org.matsim.core.scoring.ExperiencedPlansServiceImpl$1
2018-05-29 07:47:25,632  INFO ControlerListenerManagerImpl:145 calling notifyIterationStarts on org.matsim.core.scoring.ScoringFunctionsForPopulation$1
2018-05-29 07:47:25,645  INFO ControlerListenerManagerImpl:148 [it.0] all ControlerIterationStartsListeners called.
2018-05-29 07:47:25,646  INFO ControlerListenerManagerImpl:224 calling notifyBeforeMobsim on org.matsim.core.controler.corelisteners.EventsHandlingImpl
2018-05-29 07:47:25,646  INFO EventsManagerImpl:170 resetting Event-Handlers
2018-05-29 07:47:25,646  INFO EventsManagerImpl:177   org.matsim.core.trafficmonitoring.TravelTimeCalculator
2018-05-29 07:47:25,646  INFO EventsManagerImpl:177   org.matsim.core.scoring.EventsToLegs
2018-05-29 07:47:25,646  INFO EventsManagerImpl:177   org.matsim.analysis.VolumesAnalyzer
2018-05-29 07:47:25,647  INFO EventsManagerImpl:177   org.matsim.core.scoring.EventsToActivities
2018-05-29 07:47:25,647  INFO EventsManagerImpl:177   org.matsim.analysis.CalcLegTimes
2018-05-29 07:47:25,647  INFO EventsManagerImpl:177   org.matsim.analysis.LegHistogram
2018-05-29 07:47:25,647  INFO EventsManagerImpl:177   org.matsim.core.scoring.ScoringFunctionsForPopulation
2018-05-29 07:47:25,649  INFO EventsManagerImpl:144 adding Event-Handler: org.matsim.core.events.algorithms.EventWriterXML
2018-05-29 07:47:25,649  INFO EventsManagerImpl:148   org.matsim.core.events.algorithms.EventWriter
2018-05-29 07:47:25,650  INFO EventsManagerImpl:148   org.matsim.core.events.handler.BasicEventHandler
2018-05-29 07:47:25,650  INFO EventsManagerImpl:207     > org.matsim.api.core.v01.events.Event
2018-05-29 07:47:25,650  INFO EventsManagerImpl:156 
2018-05-29 07:47:25,650  INFO EventsManagerImpl:144 adding Event-Handler: org.matsim.core.events.algorithms.EventWriterXML
2018-05-29 07:47:25,650  INFO EventsManagerImpl:148   org.matsim.core.events.algorithms.EventWriter
2018-05-29 07:47:25,650  INFO EventsManagerImpl:148   org.matsim.core.events.handler.BasicEventHandler
2018-05-29 07:47:25,651  INFO EventsManagerImpl:207     > org.matsim.api.core.v01.events.Event
2018-05-29 07:47:25,651  INFO EventsManagerImpl:156 
2018-05-29 07:47:25,651  INFO ControlerListenerManagerImpl:224 calling notifyBeforeMobsim on org.matsim.core.controler.corelisteners.PlansDumpingImpl
2018-05-29 07:47:25,651  INFO PlansDumpingImpl:75 dumping plans...
2018-05-29 07:47:25,657  INFO Counter:61 [PopulationWriter] dumped person # 1
2018-05-29 07:47:25,658  INFO Counter:61 [PopulationWriter] dumped person # 2
2018-05-29 07:47:25,658  INFO Counter:61 [PopulationWriter] dumped person # 4
2018-05-29 07:47:25,659  INFO Counter:61 [PopulationWriter] dumped person # 8
2018-05-29 07:47:25,661  INFO Counter:61 [PopulationWriter] dumped person # 16
2018-05-29 07:47:25,663  INFO Counter:61 [PopulationWriter] dumped person # 32
2018-05-29 07:47:25,669  INFO Counter:61 [PopulationWriter] dumped person # 64
2018-05-29 07:47:25,675  INFO Counter:61 [PopulationWriter] dumped person # 128
2018-05-29 07:47:25,685  INFO Counter:61 [PopulationWriter] dumped person # 256
2018-05-29 07:47:25,700  INFO Counter:61 [PopulationWriter] dumped person # 512
2018-05-29 07:47:25,717  INFO PopulationWriter:139 Population written to: test/output/org/matsim/contrib/pseudosimulation/RunPSimTest/testB/ITERS/it.0/0.plans.xml.gz
2018-05-29 07:47:25,718  INFO Counter:67 [PopulationWriter] dumped person # 900
2018-05-29 07:47:25,718  INFO PlansDumpingImpl:92 finished plans dump.
2018-05-29 07:47:25,718  INFO ControlerListenerManagerImpl:229 calling notifyBeforeMobsim on org.matsim.core.population.VspPlansCleaner
2018-05-29 07:47:25,721  INFO ControlerListenerManagerImpl:232 [it.0] all ControlerBeforeMobsimListeners called.
2018-05-29 07:47:25,810  INFO MobsimListenerManager:49 calling addQueueSimulationListener
2018-05-29 07:47:25,812  INFO MobsimListenerManager:53   assigned class org.matsim.core.mobsim.framework.listeners.MobsimListener to interface org.matsim.vis.snapshotwriters.SnapshotWriterManager
2018-05-29 07:47:25,813  INFO MobsimListenerManager:53   assigned class org.matsim.core.mobsim.framework.listeners.MobsimListener to interface org.matsim.core.mobsim.framework.listeners.MobsimInitializedListener
2018-05-29 07:47:25,813  INFO MobsimListenerManager:53   assigned class org.matsim.core.mobsim.framework.listeners.MobsimListener to interface org.matsim.core.mobsim.framework.listeners.MobsimListener
2018-05-29 07:47:25,814  INFO MobsimListenerManager:53   assigned class org.matsim.core.mobsim.framework.listeners.MobsimListener to interface org.matsim.core.mobsim.framework.listeners.MobsimBeforeCleanupListener
2018-05-29 07:47:25,815  INFO MobsimListenerManager:53   assigned class org.matsim.core.mobsim.framework.listeners.MobsimListener to interface org.matsim.core.mobsim.framework.listeners.MobsimAfterSimStepListener
2018-05-29 07:47:25,839  INFO Injector:80 === printInjector start ===
2018-05-29 07:47:25,840  INFO Injector:84 org.matsim.core.mobsim.qsim.qnetsimengine.VehicularDepartureHandler 
2018-05-29 07:47:25,840  INFO Injector:85   --> provider: Key[type=org.matsim.core.mobsim.qsim.qnetsimengine.QNetsimEngineDepartureHandlerProvider, annotation=[none]][Scopes.SINGLETON]
2018-05-29 07:47:25,841  INFO Injector:86   --> source: org.matsim.core.mobsim.qsim.qnetsimengine.QNetsimEnginePlugin$1.configure(QNetsimEnginePlugin.java:25)
2018-05-29 07:47:25,841  INFO Injector:88   --> scope: eager singleton
2018-05-29 07:47:25,842  INFO Injector:92 
2018-05-29 07:47:25,842  INFO Injector:84 org.matsim.core.mobsim.qsim.agents.AgentFactory 
2018-05-29 07:47:25,842  INFO Injector:85   --> provider: FactoryProxy{key=Key[type=org.matsim.core.mobsim.qsim.agents.AgentFactory, annotation=[none]], provider=com.google.inject.internal.ConstructorBindingImpl$Factory@662706a7}[Scopes.SINGLETON]
2018-05-29 07:47:25,843  INFO Injector:86   --> source: org.matsim.core.mobsim.qsim.PopulationPlugin$1.configure(PopulationPlugin.java:28)
2018-05-29 07:47:25,843  INFO Injector:88   --> scope: eager singleton
2018-05-29 07:47:25,843  INFO Injector:92 
2018-05-29 07:47:25,843  INFO Injector:84 org.matsim.core.mobsim.qsim.interfaces.Netsim 
2018-05-29 07:47:25,844  INFO Injector:85   --> provider: FactoryProxy{key=Key[type=org.matsim.core.mobsim.qsim.interfaces.Netsim, annotation=[none]], provider=com.google.inject.internal.ConstructorBindingImpl$Factory@f99f5e0[Scopes.SINGLETON]}
2018-05-29 07:47:25,844  INFO Injector:86   --> source: org.matsim.core.mobsim.qsim.QSimProvider$1.configure(QSimProvider.java:65)
2018-05-29 07:47:25,844  INFO Injector:88   --> scope: Scopes.NO_SCOPE
2018-05-29 07:47:25,844  INFO Injector:92 
2018-05-29 07:47:25,844  INFO Injector:84 org.matsim.core.mobsim.jdeqsim.MessageQueue 
2018-05-29 07:47:25,845  INFO Injector:85   --> provider: com.google.inject.internal.ConstructorBindingImpl$Factory@7357a011[Scopes.SINGLETON]
2018-05-29 07:47:25,845  INFO Injector:86   --> source: org.matsim.core.mobsim.qsim.messagequeueengine.MessageQueuePlugin$1.configure(MessageQueuePlugin.java:24)
2018-05-29 07:47:25,845  INFO Injector:88   --> scope: eager singleton
2018-05-29 07:47:25,845  INFO Injector:92 
2018-05-29 07:47:25,846  INFO Injector:84 org.matsim.core.mobsim.qsim.jdeqsimengine.SteppableScheduler 
2018-05-29 07:47:25,846  INFO Injector:85   --> provider: com.google.inject.internal.ConstructorBindingImpl$Factory@40317ba2[Scopes.SINGLETON]
2018-05-29 07:47:25,846  INFO Injector:86   --> source: org.matsim.core.mobsim.qsim.messagequeueengine.MessageQueuePlugin$1.configure(MessageQueuePlugin.java:25)
2018-05-29 07:47:25,846  INFO Injector:88   --> scope: eager singleton
2018-05-29 07:47:25,846  INFO Injector:92 
2018-05-29 07:47:25,847  INFO Injector:84 org.matsim.core.mobsim.qsim.messagequeueengine.MessageQueueEngine 
2018-05-29 07:47:25,847  INFO Injector:85   --> provider: com.google.inject.internal.ConstructorBindingImpl$Factory@5b7a8434[Scopes.SINGLETON]
2018-05-29 07:47:25,847  INFO Injector:86   --> source: org.matsim.core.mobsim.qsim.messagequeueengine.MessageQueuePlugin$1.configure(MessageQueuePlugin.java:26)
2018-05-29 07:47:25,847  INFO Injector:88   --> scope: eager singleton
2018-05-29 07:47:25,847  INFO Injector:92 
2018-05-29 07:47:25,848  INFO Injector:84 org.matsim.core.mobsim.qsim.ActivityEngine 
2018-05-29 07:47:25,848  INFO Injector:85   --> provider: com.google.inject.internal.ConstructorBindingImpl$Factory@7cbd9d24[Scopes.SINGLETON]
2018-05-29 07:47:25,848  INFO Injector:86   --> source: org.matsim.core.mobsim.qsim.ActivityEnginePlugin$1.configure(ActivityEnginePlugin.java:23)
2018-05-29 07:47:25,848  INFO Injector:88   --> scope: eager singleton
2018-05-29 07:47:25,849  INFO Injector:92 
2018-05-29 07:47:25,849  INFO Injector:84 org.matsim.core.mobsim.qsim.qnetsimengine.QNetsimEngine 
2018-05-29 07:47:25,849  INFO Injector:85   --> provider: com.google.inject.internal.ConstructorBindingImpl$Factory@73a8da0f[Scopes.SINGLETON]
2018-05-29 07:47:25,849  INFO Injector:86   --> source: org.matsim.core.mobsim.qsim.qnetsimengine.QNetsimEnginePlugin$1.configure(QNetsimEnginePlugin.java:24)
2018-05-29 07:47:25,849  INFO Injector:88   --> scope: eager singleton
2018-05-29 07:47:25,850  INFO Injector:92 
2018-05-29 07:47:25,850  INFO Injector:84 org.matsim.core.mobsim.qsim.pt.TransitQSimEngine 
2018-05-29 07:47:25,850  INFO Injector:85   --> provider: com.google.inject.internal.ConstructorBindingImpl$Factory@1fb19a0[Scopes.SINGLETON]
2018-05-29 07:47:25,850  INFO Injector:86   --> source: org.matsim.core.mobsim.qsim.pt.TransitEnginePlugin$1.configure(TransitEnginePlugin.java:24)
2018-05-29 07:47:25,850  INFO Injector:88   --> scope: eager singleton
2018-05-29 07:47:25,851  INFO Injector:92 
2018-05-29 07:47:25,851  INFO Injector:84 org.matsim.core.mobsim.qsim.DefaultTeleportationEngine 
2018-05-29 07:47:25,851  INFO Injector:85   --> provider: com.google.inject.internal.ConstructorBindingImpl$Factory@13d4992d[Scopes.SINGLETON]
2018-05-29 07:47:25,851  INFO Injector:86   --> source: org.matsim.core.mobsim.qsim.TeleportationPlugin$1.configure(TeleportationPlugin.java:21)
2018-05-29 07:47:25,852  INFO Injector:88   --> scope: eager singleton
2018-05-29 07:47:25,852  INFO Injector:92 
2018-05-29 07:47:25,852  INFO Injector:84 org.matsim.core.mobsim.qsim.agents.PopulationAgentSource 
2018-05-29 07:47:25,852  INFO Injector:85   --> provider: com.google.inject.internal.ConstructorBindingImpl$Factory@3370f42[Scopes.SINGLETON]
2018-05-29 07:47:25,852  INFO Injector:86   --> source: org.matsim.core.mobsim.qsim.PopulationPlugin$1.configure(PopulationPlugin.java:26)
2018-05-29 07:47:25,853  INFO Injector:88   --> scope: eager singleton
2018-05-29 07:47:25,853  INFO Injector:92 
2018-05-29 07:47:25,853  INFO Injector:84 org.matsim.core.mobsim.qsim.QSim 
2018-05-29 07:47:25,853  INFO Injector:85   --> provider: com.google.inject.internal.ConstructorBindingImpl$Factory@f99f5e0[Scopes.SINGLETON]
2018-05-29 07:47:25,854  INFO Injector:86   --> source: org.matsim.core.mobsim.qsim.QSimProvider$1.configure(QSimProvider.java:64)
2018-05-29 07:47:25,854  INFO Injector:88   --> scope: eager singleton
2018-05-29 07:47:25,854  INFO Injector:92 
2018-05-29 07:47:25,854  INFO Injector:95 === printInjector end ===
2018-05-29 07:47:25,855  INFO MobsimListenerManager:49 calling addQueueSimulationListener
2018-05-29 07:47:25,855  INFO MobsimListenerManager:53   assigned class org.matsim.core.mobsim.framework.listeners.MobsimListener to interface org.matsim.core.mobsim.framework.listeners.MobsimBeforeSimStepListener
2018-05-29 07:47:25,855  INFO MobsimListenerManager:53   assigned class org.matsim.core.mobsim.framework.listeners.MobsimListener to interface org.matsim.core.mobsim.framework.listeners.MobsimListener
2018-05-29 07:47:25,855  INFO MobsimListenerManager:53   assigned class org.matsim.core.mobsim.framework.listeners.MobsimListener to interface org.matsim.core.mobsim.qsim.messagequeueengine.MessageQueueEngine
2018-05-29 07:47:25,861  INFO ReconstructingUmlaufBuilder:113 Generating UmlaufStuecke
..2018-05-29 07:47:25,891  INFO QNetsimEngine:504 Assigned 19 nodes and 54 links to QSimEngineRunner #0
2018-05-29 07:47:25,897  INFO EventsManagerImpl:134  event # 1
2018-05-29 07:47:25,899  INFO QNetsimEngine:347 SIMULATION (QNetsimEngine) AT 06:00:00 : #links=0 #nodes=2
2018-05-29 07:47:25,900  INFO QSim:506 SIMULATION (NEW QSim) AT 06:00:00 : #Veh=902 lost=0 simT=0.0s realT=0s; (s/r): 0.0
2018-05-29 07:47:25,900  INFO EventsManagerImpl:134  event # 4
2018-05-29 07:47:25,900  INFO Gbl:54 used RAM: 115444104B = 112738kB = 110MB  free: 893810296B = 852MB  total: 1009254400B = 962MB
2018-05-29 07:47:25,903  INFO EventsManagerImpl:134  event # 16
2018-05-29 07:47:26,051  INFO EventsManagerImpl:134  event # 64
2018-05-29 07:47:26,256  INFO QNetsimEngine:347 SIMULATION (QNetsimEngine) AT 07:00:00 : #links=0 #nodes=2
2018-05-29 07:47:26,256  INFO QSim:506 SIMULATION (NEW QSim) AT 07:00:00 : #Veh=902 lost=0 simT=3600.0s realT=0s; (s/r): Infinity
2018-05-29 07:47:26,257  INFO Gbl:54 used RAM: 115444104B = 112738kB = 110MB  free: 893810296B = 852MB  total: 1009254400B = 962MB
2018-05-29 07:47:26,266  INFO EventsManagerImpl:134  event # 256
2018-05-29 07:47:26,328  INFO EventsManagerImpl:134  event # 1024
2018-05-29 07:47:26,474  INFO EventsManagerImpl:134  event # 4096
2018-05-29 07:47:26,724  INFO QNetsimEngine:347 SIMULATION (QNetsimEngine) AT 08:00:00 : #links=24 #nodes=0
2018-05-29 07:47:26,725  INFO QSim:506 SIMULATION (NEW QSim) AT 08:00:00 : #Veh=902 lost=0 simT=7200.0s realT=0s; (s/r): Infinity
2018-05-29 07:47:26,725  INFO Gbl:54 used RAM: 135001400B = 131837kB = 128MB  free: 874253000B = 833MB  total: 1009254400B = 962MB
2018-05-29 07:47:27,024  INFO QNetsimEngine:347 SIMULATION (QNetsimEngine) AT 09:00:00 : #links=0 #nodes=2
2018-05-29 07:47:27,024  INFO QSim:506 SIMULATION (NEW QSim) AT 09:00:00 : #Veh=902 lost=0 simT=10800.0s realT=1s; (s/r): 10800.0
2018-05-29 07:47:27,025  INFO Gbl:54 used RAM: 137638664B = 134412kB = 131MB  free: 871615736B = 831MB  total: 1009254400B = 962MB
2018-05-29 07:47:27,296  INFO QNetsimEngine:347 SIMULATION (QNetsimEngine) AT 10:00:00 : #links=0 #nodes=2
2018-05-29 07:47:27,297  INFO QSim:506 SIMULATION (NEW QSim) AT 10:00:00 : #Veh=902 lost=0 simT=14400.0s realT=1s; (s/r): 14400.0
2018-05-29 07:47:27,297  INFO Gbl:54 used RAM: 142227080B = 138893kB = 135MB  free: 867027320B = 826MB  total: 1009254400B = 962MB
2018-05-29 07:47:27,595  INFO QNetsimEngine:347 SIMULATION (QNetsimEngine) AT 11:00:00 : #links=0 #nodes=2
2018-05-29 07:47:27,595  INFO QSim:506 SIMULATION (NEW QSim) AT 11:00:00 : #Veh=902 lost=0 simT=18000.0s realT=1s; (s/r): 18000.0
2018-05-29 07:47:27,596  INFO Gbl:54 used RAM: 143985256B = 140610kB = 137MB  free: 865269144B = 825MB  total: 1009254400B = 962MB
2018-05-29 07:47:27,869  INFO QNetsimEngine:347 SIMULATION (QNetsimEngine) AT 12:00:00 : #links=0 #nodes=2
2018-05-29 07:47:27,869  INFO QSim:506 SIMULATION (NEW QSim) AT 12:00:00 : #Veh=902 lost=0 simT=21600.0s realT=2s; (s/r): 10800.0
2018-05-29 07:47:27,869  INFO Gbl:54 used RAM: 143985256B = 140610kB = 137MB  free: 865269144B = 825MB  total: 1009254400B = 962MB
2018-05-29 07:47:28,153  INFO QNetsimEngine:347 SIMULATION (QNetsimEngine) AT 13:00:00 : #links=0 #nodes=2
2018-05-29 07:47:28,153  INFO QSim:506 SIMULATION (NEW QSim) AT 13:00:00 : #Veh=902 lost=0 simT=25200.0s realT=2s; (s/r): 12600.0
2018-05-29 07:47:28,153  INFO Gbl:54 used RAM: 149452760B = 145949kB = 142MB  free: 859801640B = 819MB  total: 1009254400B = 962MB
2018-05-29 07:47:28,430  INFO QNetsimEngine:347 SIMULATION (QNetsimEngine) AT 14:00:00 : #links=0 #nodes=2
2018-05-29 07:47:28,431  INFO QSim:506 SIMULATION (NEW QSim) AT 14:00:00 : #Veh=902 lost=0 simT=28800.0s realT=2s; (s/r): 14400.0
2018-05-29 07:47:28,431  INFO Gbl:54 used RAM: 150331848B = 146808kB = 143MB  free: 858922552B = 819MB  total: 1009254400B = 962MB
2018-05-29 07:47:28,727  INFO QNetsimEngine:347 SIMULATION (QNetsimEngine) AT 15:00:00 : #links=0 #nodes=2
2018-05-29 07:47:28,727  INFO QSim:506 SIMULATION (NEW QSim) AT 15:00:00 : #Veh=902 lost=0 simT=32400.0s realT=2s; (s/r): 16200.0
2018-05-29 07:47:28,727  INFO Gbl:54 used RAM: 154920264B = 151289kB = 147MB  free: 854334136B = 814MB  total: 1009254400B = 962MB
2018-05-29 07:47:29,064  INFO QNetsimEngine:347 SIMULATION (QNetsimEngine) AT 16:00:00 : #links=0 #nodes=2
2018-05-29 07:47:29,065  INFO QSim:506 SIMULATION (NEW QSim) AT 16:00:00 : #Veh=902 lost=0 simT=36000.0s realT=3s; (s/r): 12000.0
2018-05-29 07:47:29,065  INFO Gbl:54 used RAM: 155799352B = 152147kB = 148MB  free: 853455048B = 813MB  total: 1009254400B = 962MB
2018-05-29 07:47:29,380  INFO QNetsimEngine:347 SIMULATION (QNetsimEngine) AT 17:00:00 : #links=0 #nodes=2
2018-05-29 07:47:29,381  INFO QSim:506 SIMULATION (NEW QSim) AT 17:00:00 : #Veh=902 lost=0 simT=39600.0s realT=3s; (s/r): 13200.0
2018-05-29 07:47:29,381  INFO Gbl:54 used RAM: 155799352B = 152147kB = 148MB  free: 853455048B = 813MB  total: 1009254400B = 962MB
2018-05-29 07:47:29,519  INFO EventsManagerImpl:134  event # 16384
2018-05-29 07:47:29,857  INFO QNetsimEngine:347 SIMULATION (QNetsimEngine) AT 18:00:00 : #links=32 #nodes=1
2018-05-29 07:47:29,858  INFO QSim:506 SIMULATION (NEW QSim) AT 18:00:00 : #Veh=520 lost=0 simT=43200.0s realT=4s; (s/r): 10800.0
2018-05-29 07:47:29,858  INFO Gbl:54 used RAM: 170936896B = 166930kB = 163MB  free: 838317504B = 799MB  total: 1009254400B = 962MB
2018-05-29 07:47:30,219  INFO QNetsimEngine:347 SIMULATION (QNetsimEngine) AT 19:00:00 : #links=4 #nodes=1
2018-05-29 07:47:30,219  INFO QSim:506 SIMULATION (NEW QSim) AT 19:00:00 : #Veh=61 lost=0 simT=46800.0s realT=4s; (s/r): 11700.0
2018-05-29 07:47:30,220  INFO Gbl:54 used RAM: 175332352B = 171223kB = 167MB  free: 833922048B = 795MB  total: 1009254400B = 962MB
2018-05-29 07:47:30,503  INFO QNetsimEngine:347 SIMULATION (QNetsimEngine) AT 20:00:00 : #links=0 #nodes=2
2018-05-29 07:47:30,503  INFO QSim:506 SIMULATION (NEW QSim) AT 20:00:00 : #Veh=2 lost=0 simT=50400.0s realT=4s; (s/r): 12600.0
2018-05-29 07:47:30,503  INFO Gbl:54 used RAM: 179920776B = 175703kB = 171MB  free: 829333624B = 790MB  total: 1009254400B = 962MB
2018-05-29 07:47:30,765  INFO QNetsimEngine:347 SIMULATION (QNetsimEngine) AT 21:00:00 : #links=0 #nodes=2
2018-05-29 07:47:30,765  INFO QSim:506 SIMULATION (NEW QSim) AT 21:00:00 : #Veh=2 lost=0 simT=54000.0s realT=4s; (s/r): 13500.0
2018-05-29 07:47:30,765  INFO Gbl:54 used RAM: 180799864B = 176562kB = 172MB  free: 828454536B = 790MB  total: 1009254400B = 962MB
2018-05-29 07:47:31,045  INFO QNetsimEngine:347 SIMULATION (QNetsimEngine) AT 22:00:00 : #links=0 #nodes=2
2018-05-29 07:47:31,046  INFO QSim:506 SIMULATION (NEW QSim) AT 22:00:00 : #Veh=2 lost=0 simT=57600.0s realT=5s; (s/r): 11520.0
2018-05-29 07:47:31,046  INFO Gbl:54 used RAM: 181678952B = 177420kB = 173MB  free: 827575448B = 789MB  total: 1009254400B = 962MB
2018-05-29 07:47:31,314  INFO QNetsimEngine:347 SIMULATION (QNetsimEngine) AT 23:00:00 : #links=0 #nodes=2
2018-05-29 07:47:31,315  INFO QSim:506 SIMULATION (NEW QSim) AT 23:00:00 : #Veh=2 lost=0 simT=61200.0s realT=5s; (s/r): 12240.0
2018-05-29 07:47:31,315  INFO Gbl:54 used RAM: 186267376B = 181901kB = 177MB  free: 822987024B = 784MB  total: 1009254400B = 962MB
2018-05-29 07:47:31,361  INFO Gbl:187 Thread performance: Thread=class org.matsim.core.events.SimStepParallelEventsManagerImpl$ProcessEventsRunnable0  cpu-time=1.682376921sec
2018-05-29 07:47:31,362  INFO AbstractController$8:210 ### ITERATION 0 fires after mobsim event
2018-05-29 07:47:31,362  INFO ControlerListenerManagerImpl:248 calling notifyAfterMobsim on org.matsim.analysis.LegTimesControlerListener
2018-05-29 07:47:31,363  INFO LegTimesControlerListener:50 [0] average trip (probably: leg) duration is: 769 seconds = 00:12:49
2018-05-29 07:47:31,363  INFO ControlerListenerManagerImpl:248 calling notifyAfterMobsim on org.matsim.core.scoring.EventsToActivities$1
2018-05-29 07:47:31,366  INFO ControlerListenerManagerImpl:251 [it.0] all ControlerAfterMobsimListeners called.
2018-05-29 07:47:31,367  INFO AbstractController$4:147 ### ITERATION 0 fires scoring event
2018-05-29 07:47:31,367  INFO ControlerListenerManagerImpl:183 calling notifyScoring on org.matsim.core.scoring.PlansScoringImpl
2018-05-29 07:47:31,370  INFO NewScoreAssignerImpl:36 it: 0 msaStart: null
2018-05-29 07:47:31,371  INFO ControlerListenerManagerImpl:194 [it.0] all ControlerScoringListeners called.
2018-05-29 07:47:31,372  INFO AbstractController$5:155 ### ITERATION 0 fires iteration end event
2018-05-29 07:47:31,372  INFO ControlerListenerManagerImpl:160 calling notifyIterationEnds on org.matsim.core.controler.corelisteners.EventsHandlingImpl
2018-05-29 07:47:31,373  INFO EventsManagerImpl:161 removing Event-Handler: org.matsim.core.events.algorithms.EventWriterXML
2018-05-29 07:47:31,373  INFO EventsManagerImpl:161 removing Event-Handler: org.matsim.core.events.algorithms.EventWriterXML
2018-05-29 07:47:31,373  INFO ControlerListenerManagerImpl:160 calling notifyIterationEnds on org.matsim.core.scoring.PlansScoringImpl
2018-05-29 07:47:31,374  INFO ControlerListenerManagerImpl:167 calling notifyIterationEnds on org.matsim.counts.CountsControlerListener
2018-05-29 07:47:31,374  INFO ControlerListenerManagerImpl:167 calling notifyIterationEnds on org.matsim.analysis.ModeStatsControlerListener
2018-05-29 07:47:31,382  INFO ModeStatsControlerListener:155 -- mode share of mode bike = 0.0
2018-05-29 07:47:31,383  INFO ModeStatsControlerListener:155 -- mode share of mode car = 0.5107719928186715
2018-05-29 07:47:31,383  INFO ModeStatsControlerListener:155 -- mode share of mode other = 0.0
2018-05-29 07:47:31,383  INFO ModeStatsControlerListener:155 -- mode share of mode pt = 0.48922800718132853
2018-05-29 07:47:31,383  INFO ModeStatsControlerListener:155 -- mode share of mode ride = 0.0
2018-05-29 07:47:31,383  INFO ModeStatsControlerListener:155 -- mode share of mode walk = 0.0
2018-05-29 07:47:31,384  INFO ControlerListenerManagerImpl:167 calling notifyIterationEnds on org.matsim.analysis.ScoreStatsControlerListener
2018-05-29 07:47:31,384  INFO ScoreStatsControlerListener:191 -- avg. score of the executed plan of each agent: 131.94670564912713
2018-05-29 07:47:31,385  INFO ScoreStatsControlerListener:192 -- avg. score of the worst plan of each agent: 131.94670564912713
2018-05-29 07:47:31,385  INFO ScoreStatsControlerListener:193 -- avg. of the avg. plan score per agent: 131.94670564912713
2018-05-29 07:47:31,385  INFO ScoreStatsControlerListener:194 -- avg. score of the best plan of each agent: 131.94670564912713
2018-05-29 07:47:31,385  INFO ControlerListenerManagerImpl:167 calling notifyIterationEnds on org.matsim.analysis.TravelDistanceStatsControlerListener
2018-05-29 07:47:31,386  INFO TravelDistanceStats:128 [TravelDistanceStats] using 2 thread(s).
2018-05-29 07:47:31,392  INFO TravelDistanceStats:141 [TravelDistanceStats] all threads finished.
2018-05-29 07:47:31,392  INFO TravelDistanceStats:161 -- average of the average leg distance per plan (executed plans only): 3776.5555555555575
2018-05-29 07:47:31,392  INFO TravelDistanceStats:162 (TravelDistanceStats takes an average over all legs where the simulation reports travelled distances. These are car legs, pt legs,
2018-05-29 07:47:31,393  INFO TravelDistanceStats:163 (and teleported legs whose route contains a distance.)
2018-05-29 07:47:31,393  INFO ControlerListenerManagerImpl:167 calling notifyIterationEnds on org.matsim.analysis.LegHistogramListener
2018-05-29 07:47:31,396  INFO LegHistogramListener:72 number of legs:	3470	100%
2018-05-29 07:47:31,397  INFO LegHistogramListener:79 number of car legs:	1138	32.79538904899135%
2018-05-29 07:47:31,397  INFO LegHistogramListener:79 number of pt legs:	621	17.896253602305475%
2018-05-29 07:47:31,397  INFO LegHistogramListener:79 number of transit_walk legs:	1711	49.30835734870317%
2018-05-29 07:47:31,397  INFO ControlerListenerManagerImpl:167 calling notifyIterationEnds on org.matsim.analysis.LinkStatsControlerListener
2018-05-29 07:47:31,398  INFO ControlerListenerManagerImpl:171 [it.0] all ControlerIterationEndsListeners called.
2018-05-29 07:47:31,398  INFO AbstractController:165 ### ITERATION 0 ENDS
2018-05-29 07:47:31,399  INFO AbstractController:166 ###################################################
2018-05-29 07:47:31,399  INFO AbstractController:121 ###################################################
2018-05-29 07:47:31,399  INFO AbstractController:122 ### ITERATION 1 BEGINS
2018-05-29 07:47:31,399  INFO ControlerListenerManagerImpl:145 calling notifyIterationStarts on org.matsim.analysis.LegHistogramListener
2018-05-29 07:47:31,400  INFO ControlerListenerManagerImpl:145 calling notifyIterationStarts on org.matsim.analysis.LinkStatsControlerListener
2018-05-29 07:47:31,400  INFO ControlerListenerManagerImpl:145 calling notifyIterationStarts on org.matsim.core.replanning.ReplanningContextImpl
2018-05-29 07:47:31,400  INFO ControlerListenerManagerImpl:145 calling notifyIterationStarts on org.matsim.core.scoring.ExperiencedPlansServiceImpl$1
2018-05-29 07:47:31,400  INFO ControlerListenerManagerImpl:145 calling notifyIterationStarts on org.matsim.core.scoring.ScoringFunctionsForPopulation$1
2018-05-29 07:47:31,402  INFO ControlerListenerManagerImpl:148 [it.1] all ControlerIterationStartsListeners called.
2018-05-29 07:47:31,403  INFO ControlerListenerManagerImpl:205 calling notifyReplanning on org.matsim.core.controler.corelisteners.PlansReplanningImpl
2018-05-29 07:47:31,404 DEBUG NetworkRoutingProvider:75 requesting network routing module with routingMode=car;	mode=car
2018-05-29 07:47:31,405 DEBUG NetworkRoutingProvider:75 requesting network routing module with routingMode=car;	mode=car
2018-05-29 07:47:31,406 DEBUG NetworkRoutingProvider:75 requesting network routing module with routingMode=car;	mode=car
2018-05-29 07:47:31,406 DEBUG NetworkRoutingProvider:75 requesting network routing module with routingMode=car;	mode=car
2018-05-29 07:47:31,407 DEBUG NetworkRoutingProvider:75 requesting network routing module with routingMode=car;	mode=car
2018-05-29 07:47:31,407 DEBUG NetworkRoutingProvider:75 requesting network routing module with routingMode=car;	mode=car
2018-05-29 07:47:31,413  INFO GenericPlanStrategyImpl:125 Plan-Strategy finished, 626 plans handled. Strategy: BestPlanSelector
2018-05-29 07:47:31,413  INFO AbstractMultithreadedModule:141 [PlanRouter] starting 2 threads, handling 83 plans
2018-05-29 07:47:31,428  INFO Counter:61 [PlanRouter] handled plan # 1
2018-05-29 07:47:31,430  INFO Counter:61 [PlanRouter] handled plan # 2
2018-05-29 07:47:31,431  INFO Counter:61 [PlanRouter] handled plan # 4
2018-05-29 07:47:31,433  INFO Counter:61 [PlanRouter] handled plan # 8
2018-05-29 07:47:31,437  INFO Counter:61 [PlanRouter] handled plan # 16
2018-05-29 07:47:31,443  INFO Counter:61 [PlanRouter] handled plan # 32
2018-05-29 07:47:31,452  INFO Counter:61 [PlanRouter] handled plan # 64
2018-05-29 07:47:31,457  INFO AbstractMultithreadedModule:156 [PlanRouter] all 2 threads finished.
2018-05-29 07:47:31,457  INFO GenericPlanStrategyImpl:125 Plan-Strategy finished, 83 plans handled. Strategy: RandomPlanSelector_ReRoute
2018-05-29 07:47:31,458  INFO AbstractMultithreadedModule:141 [PlanMutateTimeAllocationSimplified] starting 2 threads, handling 91 plans
2018-05-29 07:47:31,458  INFO Counter:61 [PlanMutateTimeAllocationSimplified] handled plan # 1
2018-05-29 07:47:31,458  INFO Counter:61 [PlanMutateTimeAllocationSimplified] handled plan # 2
2018-05-29 07:47:31,458  INFO Counter:61 [PlanMutateTimeAllocationSimplified] handled plan # 4
2018-05-29 07:47:31,459  INFO Counter:61 [PlanMutateTimeAllocationSimplified] handled plan # 8
2018-05-29 07:47:31,459  INFO Counter:61 [PlanMutateTimeAllocationSimplified] handled plan # 16
2018-05-29 07:47:31,460  INFO Counter:61 [PlanMutateTimeAllocationSimplified] handled plan # 32
2018-05-29 07:47:31,460  INFO Counter:61 [PlanMutateTimeAllocationSimplified] handled plan # 64
2018-05-29 07:47:31,460  INFO AbstractMultithreadedModule:156 [PlanMutateTimeAllocationSimplified] all 2 threads finished.
2018-05-29 07:47:31,460  INFO GenericPlanStrategyImpl:125 Plan-Strategy finished, 91 plans handled. Strategy: RandomPlanSelector_TimeAllocationMutator
2018-05-29 07:47:31,461  INFO AbstractMultithreadedModule:141 [TripsToLegsAlgorithm] starting 2 threads, handling 100 plans
2018-05-29 07:47:31,461  INFO Counter:61 [TripsToLegsAlgorithm] handled plan # 1
2018-05-29 07:47:31,461  INFO Counter:61 [TripsToLegsAlgorithm] handled plan # 2
2018-05-29 07:47:31,462  INFO Counter:61 [TripsToLegsAlgorithm] handled plan # 4
2018-05-29 07:47:31,462  INFO Counter:61 [TripsToLegsAlgorithm] handled plan # 8
2018-05-29 07:47:31,463  INFO Counter:61 [TripsToLegsAlgorithm] handled plan # 16
2018-05-29 07:47:31,463  INFO Counter:61 [TripsToLegsAlgorithm] handled plan # 32
2018-05-29 07:47:31,464  INFO Counter:61 [TripsToLegsAlgorithm] handled plan # 64
2018-05-29 07:47:31,465  INFO AbstractMultithreadedModule:156 [TripsToLegsAlgorithm] all 2 threads finished.
2018-05-29 07:47:31,466  INFO AbstractMultithreadedModule:141 [ChooseRandomLegMode] starting 2 threads, handling 100 plans
2018-05-29 07:47:31,467  INFO Counter:61 [ChooseRandomLegMode] handled plan # 1
2018-05-29 07:47:31,467  INFO Counter:61 [ChooseRandomLegMode] handled plan # 2
2018-05-29 07:47:31,467  INFO Counter:61 [ChooseRandomLegMode] handled plan # 4
2018-05-29 07:47:31,467  INFO Counter:61 [ChooseRandomLegMode] handled plan # 8
2018-05-29 07:47:31,468  INFO Counter:61 [ChooseRandomLegMode] handled plan # 16
2018-05-29 07:47:31,468  INFO Counter:61 [ChooseRandomLegMode] handled plan # 32
2018-05-29 07:47:31,468  INFO Counter:61 [ChooseRandomLegMode] handled plan # 64
2018-05-29 07:47:31,469  INFO AbstractMultithreadedModule:156 [ChooseRandomLegMode] all 2 threads finished.
2018-05-29 07:47:31,469 DEBUG NetworkRoutingProvider:75 requesting network routing module with routingMode=car;	mode=car
2018-05-29 07:47:31,470 DEBUG NetworkRoutingProvider:75 requesting network routing module with routingMode=car;	mode=car
2018-05-29 07:47:31,470  INFO AbstractMultithreadedModule:141 [PlanRouter] starting 2 threads, handling 100 plans
2018-05-29 07:47:31,471  INFO Counter:61 [PlanRouter] handled plan # 1
2018-05-29 07:47:31,471  INFO Counter:61 [PlanRouter] handled plan # 2
2018-05-29 07:47:31,472  INFO Counter:61 [PlanRouter] handled plan # 4
2018-05-29 07:47:31,473  INFO Counter:61 [PlanRouter] handled plan # 8
2018-05-29 07:47:31,474  INFO Counter:61 [PlanRouter] handled plan # 16
2018-05-29 07:47:31,477  INFO Counter:61 [PlanRouter] handled plan # 32
2018-05-29 07:47:31,482  INFO Counter:61 [PlanRouter] handled plan # 64
2018-05-29 07:47:31,489  INFO AbstractMultithreadedModule:156 [PlanRouter] all 2 threads finished.
2018-05-29 07:47:31,489  INFO GenericPlanStrategyImpl:125 Plan-Strategy finished, 100 plans handled. Strategy: RandomPlanSelector_TripsToLegsModule_ChangeLegMode_ReRoute
2018-05-29 07:47:31,490  INFO ControlerListenerManagerImpl:213 [it.1] all ControlerReplanningListeners called.
2018-05-29 07:47:31,490  INFO ControlerListenerManagerImpl:224 calling notifyBeforeMobsim on org.matsim.core.controler.corelisteners.EventsHandlingImpl
2018-05-29 07:47:31,490  INFO EventsManagerImpl:170 resetting Event-Handlers
2018-05-29 07:47:31,490  INFO EventsManagerImpl:177   org.matsim.core.trafficmonitoring.TravelTimeCalculator
2018-05-29 07:47:31,491  INFO EventsManagerImpl:177   org.matsim.core.scoring.EventsToLegs
2018-05-29 07:47:31,491  INFO EventsManagerImpl:177   org.matsim.analysis.VolumesAnalyzer
2018-05-29 07:47:31,491  INFO EventsManagerImpl:177   org.matsim.core.scoring.EventsToActivities
2018-05-29 07:47:31,491  INFO EventsManagerImpl:177   org.matsim.analysis.CalcLegTimes
2018-05-29 07:47:31,492  INFO EventsManagerImpl:177   org.matsim.analysis.LegHistogram
2018-05-29 07:47:31,492  INFO EventsManagerImpl:177   org.matsim.core.scoring.ScoringFunctionsForPopulation
2018-05-29 07:47:31,492  INFO ControlerListenerManagerImpl:224 calling notifyBeforeMobsim on org.matsim.core.controler.corelisteners.PlansDumpingImpl
2018-05-29 07:47:31,492  INFO PlansDumpingImpl:75 dumping plans...
2018-05-29 07:47:31,493  INFO Counter:61 [PopulationWriter] dumped person # 1
2018-05-29 07:47:31,494  INFO Counter:61 [PopulationWriter] dumped person # 2
2018-05-29 07:47:31,494  INFO Counter:61 [PopulationWriter] dumped person # 4
2018-05-29 07:47:31,495  INFO Counter:61 [PopulationWriter] dumped person # 8
2018-05-29 07:47:31,496  INFO Counter:61 [PopulationWriter] dumped person # 16
2018-05-29 07:47:31,498  INFO Counter:61 [PopulationWriter] dumped person # 32
2018-05-29 07:47:31,503  INFO Counter:61 [PopulationWriter] dumped person # 64
2018-05-29 07:47:31,508  INFO Counter:61 [PopulationWriter] dumped person # 128
2018-05-29 07:47:31,519  INFO Counter:61 [PopulationWriter] dumped person # 256
2018-05-29 07:47:31,537  INFO Counter:61 [PopulationWriter] dumped person # 512
2018-05-29 07:47:31,559  INFO PopulationWriter:139 Population written to: test/output/org/matsim/contrib/pseudosimulation/RunPSimTest/testB/ITERS/it.1/1.plans.xml.gz
2018-05-29 07:47:31,560  INFO Counter:67 [PopulationWriter] dumped person # 900
2018-05-29 07:47:31,560  INFO PlansDumpingImpl:92 finished plans dump.
2018-05-29 07:47:31,561  INFO ControlerListenerManagerImpl:229 calling notifyBeforeMobsim on org.matsim.core.population.VspPlansCleaner
2018-05-29 07:47:31,564  INFO ControlerListenerManagerImpl:232 [it.1] all ControlerBeforeMobsimListeners called.
2018-05-29 07:47:31,571  INFO MobsimListenerManager:49 calling addQueueSimulationListener
2018-05-29 07:47:31,572  INFO MobsimListenerManager:53   assigned class org.matsim.core.mobsim.framework.listeners.MobsimListener to interface org.matsim.vis.snapshotwriters.SnapshotWriterManager
2018-05-29 07:47:31,572  INFO MobsimListenerManager:53   assigned class org.matsim.core.mobsim.framework.listeners.MobsimListener to interface org.matsim.core.mobsim.framework.listeners.MobsimInitializedListener
2018-05-29 07:47:31,572  INFO MobsimListenerManager:53   assigned class org.matsim.core.mobsim.framework.listeners.MobsimListener to interface org.matsim.core.mobsim.framework.listeners.MobsimListener
2018-05-29 07:47:31,573  INFO MobsimListenerManager:53   assigned class org.matsim.core.mobsim.framework.listeners.MobsimListener to interface org.matsim.core.mobsim.framework.listeners.MobsimBeforeCleanupListener
2018-05-29 07:47:31,573  INFO MobsimListenerManager:53   assigned class org.matsim.core.mobsim.framework.listeners.MobsimListener to interface org.matsim.core.mobsim.framework.listeners.MobsimAfterSimStepListener
2018-05-29 07:47:31,574  INFO Injector:80 === printInjector start ===
2018-05-29 07:47:31,575  INFO Injector:84 org.matsim.core.mobsim.qsim.qnetsimengine.VehicularDepartureHandler 
2018-05-29 07:47:31,575  INFO Injector:85   --> provider: Key[type=org.matsim.core.mobsim.qsim.qnetsimengine.QNetsimEngineDepartureHandlerProvider, annotation=[none]][Scopes.SINGLETON]
2018-05-29 07:47:31,575  INFO Injector:86   --> source: org.matsim.core.mobsim.qsim.qnetsimengine.QNetsimEnginePlugin$1.configure(QNetsimEnginePlugin.java:25)
2018-05-29 07:47:31,575  INFO Injector:88   --> scope: eager singleton
2018-05-29 07:47:31,575  INFO Injector:92 
2018-05-29 07:47:31,576  INFO Injector:84 org.matsim.core.mobsim.qsim.agents.AgentFactory 
2018-05-29 07:47:31,576  INFO Injector:85   --> provider: FactoryProxy{key=Key[type=org.matsim.core.mobsim.qsim.agents.AgentFactory, annotation=[none]], provider=com.google.inject.internal.ConstructorBindingImpl$Factory@7b420819}[Scopes.SINGLETON]
2018-05-29 07:47:31,576  INFO Injector:86   --> source: org.matsim.core.mobsim.qsim.PopulationPlugin$1.configure(PopulationPlugin.java:28)
2018-05-29 07:47:31,576  INFO Injector:88   --> scope: eager singleton
2018-05-29 07:47:31,576  INFO Injector:92 
2018-05-29 07:47:31,577  INFO Injector:84 org.matsim.core.mobsim.qsim.interfaces.Netsim 
2018-05-29 07:47:31,577  INFO Injector:85   --> provider: FactoryProxy{key=Key[type=org.matsim.core.mobsim.qsim.interfaces.Netsim, annotation=[none]], provider=com.google.inject.internal.ConstructorBindingImpl$Factory@3b96c42e[Scopes.SINGLETON]}
2018-05-29 07:47:31,577  INFO Injector:86   --> source: org.matsim.core.mobsim.qsim.QSimProvider$1.configure(QSimProvider.java:65)
2018-05-29 07:47:31,577  INFO Injector:88   --> scope: Scopes.NO_SCOPE
2018-05-29 07:47:31,577  INFO Injector:92 
2018-05-29 07:47:31,578  INFO Injector:84 org.matsim.core.mobsim.jdeqsim.MessageQueue 
2018-05-29 07:47:31,578  INFO Injector:85   --> provider: com.google.inject.internal.ConstructorBindingImpl$Factory@1603cd68[Scopes.SINGLETON]
2018-05-29 07:47:31,578  INFO Injector:86   --> source: org.matsim.core.mobsim.qsim.messagequeueengine.MessageQueuePlugin$1.configure(MessageQueuePlugin.java:24)
2018-05-29 07:47:31,578  INFO Injector:88   --> scope: eager singleton
2018-05-29 07:47:31,578  INFO Injector:92 
2018-05-29 07:47:31,579  INFO Injector:84 org.matsim.core.mobsim.qsim.jdeqsimengine.SteppableScheduler 
2018-05-29 07:47:31,579  INFO Injector:85   --> provider: com.google.inject.internal.ConstructorBindingImpl$Factory@332796d3[Scopes.SINGLETON]
2018-05-29 07:47:31,579  INFO Injector:86   --> source: org.matsim.core.mobsim.qsim.messagequeueengine.MessageQueuePlugin$1.configure(MessageQueuePlugin.java:25)
2018-05-29 07:47:31,579  INFO Injector:88   --> scope: eager singleton
2018-05-29 07:47:31,579  INFO Injector:92 
2018-05-29 07:47:31,580  INFO Injector:84 org.matsim.core.mobsim.qsim.messagequeueengine.MessageQueueEngine 
2018-05-29 07:47:31,580  INFO Injector:85   --> provider: com.google.inject.internal.ConstructorBindingImpl$Factory@1e097d59[Scopes.SINGLETON]
2018-05-29 07:47:31,580  INFO Injector:86   --> source: org.matsim.core.mobsim.qsim.messagequeueengine.MessageQueuePlugin$1.configure(MessageQueuePlugin.java:26)
2018-05-29 07:47:31,580  INFO Injector:88   --> scope: eager singleton
2018-05-29 07:47:31,580  INFO Injector:92 
2018-05-29 07:47:31,581  INFO Injector:84 org.matsim.core.mobsim.qsim.ActivityEngine 
2018-05-29 07:47:31,581  INFO Injector:85   --> provider: com.google.inject.internal.ConstructorBindingImpl$Factory@3fed2870[Scopes.SINGLETON]
2018-05-29 07:47:31,581  INFO Injector:86   --> source: org.matsim.core.mobsim.qsim.ActivityEnginePlugin$1.configure(ActivityEnginePlugin.java:23)
2018-05-29 07:47:31,581  INFO Injector:88   --> scope: eager singleton
2018-05-29 07:47:31,581  INFO Injector:92 
2018-05-29 07:47:31,582  INFO Injector:84 org.matsim.core.mobsim.qsim.qnetsimengine.QNetsimEngine 
2018-05-29 07:47:31,582  INFO Injector:85   --> provider: com.google.inject.internal.ConstructorBindingImpl$Factory@4c1f22f3[Scopes.SINGLETON]
2018-05-29 07:47:31,582  INFO Injector:86   --> source: org.matsim.core.mobsim.qsim.qnetsimengine.QNetsimEnginePlugin$1.configure(QNetsimEnginePlugin.java:24)
2018-05-29 07:47:31,582  INFO Injector:88   --> scope: eager singleton
2018-05-29 07:47:31,582  INFO Injector:92 
2018-05-29 07:47:31,583  INFO Injector:84 org.matsim.core.mobsim.qsim.pt.TransitQSimEngine 
2018-05-29 07:47:31,583  INFO Injector:85   --> provider: com.google.inject.internal.ConstructorBindingImpl$Factory@38234a38[Scopes.SINGLETON]
2018-05-29 07:47:31,583  INFO Injector:86   --> source: org.matsim.core.mobsim.qsim.pt.TransitEnginePlugin$1.configure(TransitEnginePlugin.java:24)
2018-05-29 07:47:31,583  INFO Injector:88   --> scope: eager singleton
2018-05-29 07:47:31,583  INFO Injector:92 
2018-05-29 07:47:31,584  INFO Injector:84 org.matsim.core.mobsim.qsim.DefaultTeleportationEngine 
2018-05-29 07:47:31,584  INFO Injector:85   --> provider: com.google.inject.internal.ConstructorBindingImpl$Factory@22f31dec[Scopes.SINGLETON]
2018-05-29 07:47:31,584  INFO Injector:86   --> source: org.matsim.core.mobsim.qsim.TeleportationPlugin$1.configure(TeleportationPlugin.java:21)
2018-05-29 07:47:31,584  INFO Injector:88   --> scope: eager singleton
2018-05-29 07:47:31,584  INFO Injector:92 
2018-05-29 07:47:31,585  INFO Injector:84 org.matsim.core.mobsim.qsim.agents.PopulationAgentSource 
2018-05-29 07:47:31,585  INFO Injector:85   --> provider: com.google.inject.internal.ConstructorBindingImpl$Factory@7f0d96f2[Scopes.SINGLETON]
2018-05-29 07:47:31,585  INFO Injector:86   --> source: org.matsim.core.mobsim.qsim.PopulationPlugin$1.configure(PopulationPlugin.java:26)
2018-05-29 07:47:31,585  INFO Injector:88   --> scope: eager singleton
2018-05-29 07:47:31,585  INFO Injector:92 
2018-05-29 07:47:31,586  INFO Injector:84 org.matsim.core.mobsim.qsim.QSim 
2018-05-29 07:47:31,586  INFO Injector:85   --> provider: com.google.inject.internal.ConstructorBindingImpl$Factory@3b96c42e[Scopes.SINGLETON]
2018-05-29 07:47:31,586  INFO Injector:86   --> source: org.matsim.core.mobsim.qsim.QSimProvider$1.configure(QSimProvider.java:64)
2018-05-29 07:47:31,586  INFO Injector:88   --> scope: eager singleton
2018-05-29 07:47:31,586  INFO Injector:92 
2018-05-29 07:47:31,586  INFO Injector:95 === printInjector end ===
2018-05-29 07:47:31,587  INFO MobsimListenerManager:49 calling addQueueSimulationListener
2018-05-29 07:47:31,587  INFO MobsimListenerManager:53   assigned class org.matsim.core.mobsim.framework.listeners.MobsimListener to interface org.matsim.core.mobsim.framework.listeners.MobsimBeforeSimStepListener
2018-05-29 07:47:31,587  INFO MobsimListenerManager:53   assigned class org.matsim.core.mobsim.framework.listeners.MobsimListener to interface org.matsim.core.mobsim.framework.listeners.MobsimListener
2018-05-29 07:47:31,587  INFO MobsimListenerManager:53   assigned class org.matsim.core.mobsim.framework.listeners.MobsimListener to interface org.matsim.core.mobsim.qsim.messagequeueengine.MessageQueueEngine
2018-05-29 07:47:31,588  INFO ReconstructingUmlaufBuilder:113 Generating UmlaufStuecke
..2018-05-29 07:47:31,594  INFO QNetsimEngine:504 Assigned 19 nodes and 54 links to QSimEngineRunner #0
2018-05-29 07:47:31,596  INFO QNetsimEngine:347 SIMULATION (QNetsimEngine) AT 06:00:00 : #links=0 #nodes=2
2018-05-29 07:47:31,596  INFO QSim:506 SIMULATION (NEW QSim) AT 06:00:00 : #Veh=902 lost=0 simT=0.0s realT=0s; (s/r): 0.0
2018-05-29 07:47:31,596  INFO Gbl:54 used RAM: 229623640B = 224241kB = 218MB  free: 779630760B = 743MB  total: 1009254400B = 962MB
2018-05-29 07:47:31,927  INFO QNetsimEngine:347 SIMULATION (QNetsimEngine) AT 07:00:00 : #links=3 #nodes=1
2018-05-29 07:47:31,928  INFO QSim:506 SIMULATION (NEW QSim) AT 07:00:00 : #Veh=902 lost=0 simT=3600.0s realT=0s; (s/r): Infinity
2018-05-29 07:47:31,928  INFO Gbl:54 used RAM: 234212208B = 228722kB = 223MB  free: 775042192B = 739MB  total: 1009254400B = 962MB
2018-05-29 07:47:32,321  INFO QNetsimEngine:347 SIMULATION (QNetsimEngine) AT 08:00:00 : #links=27 #nodes=0
2018-05-29 07:47:32,322  INFO QSim:506 SIMULATION (NEW QSim) AT 08:00:00 : #Veh=902 lost=0 simT=7200.0s realT=0s; (s/r): Infinity
2018-05-29 07:47:32,322  INFO Gbl:54 used RAM: 237728560B = 232156kB = 226MB  free: 771525840B = 735MB  total: 1009254400B = 962MB
2018-05-29 07:47:32,659  INFO QNetsimEngine:347 SIMULATION (QNetsimEngine) AT 09:00:00 : #links=0 #nodes=2
2018-05-29 07:47:32,659  INFO QSim:506 SIMULATION (NEW QSim) AT 09:00:00 : #Veh=902 lost=0 simT=10800.0s realT=1s; (s/r): 10800.0
2018-05-29 07:47:32,659  INFO Gbl:54 used RAM: 246712336B = 240930kB = 235MB  free: 762542064B = 727MB  total: 1009254400B = 962MB
2018-05-29 07:47:33,030  INFO QNetsimEngine:347 SIMULATION (QNetsimEngine) AT 10:00:00 : #links=0 #nodes=2
2018-05-29 07:47:33,031  INFO QSim:506 SIMULATION (NEW QSim) AT 10:00:00 : #Veh=902 lost=0 simT=14400.0s realT=1s; (s/r): 14400.0
2018-05-29 07:47:33,031  INFO Gbl:54 used RAM: 247591424B = 241788kB = 236MB  free: 761662976B = 726MB  total: 1009254400B = 962MB
2018-05-29 07:47:33,388  INFO QNetsimEngine:347 SIMULATION (QNetsimEngine) AT 11:00:00 : #links=0 #nodes=2
2018-05-29 07:47:33,388  INFO QSim:506 SIMULATION (NEW QSim) AT 11:00:00 : #Veh=902 lost=0 simT=18000.0s realT=1s; (s/r): 18000.0
2018-05-29 07:47:33,388  INFO Gbl:54 used RAM: 247591424B = 241788kB = 236MB  free: 761662976B = 726MB  total: 1009254400B = 962MB
2018-05-29 07:47:33,682  INFO QNetsimEngine:347 SIMULATION (QNetsimEngine) AT 12:00:00 : #links=0 #nodes=2
2018-05-29 07:47:33,683  INFO QSim:506 SIMULATION (NEW QSim) AT 12:00:00 : #Veh=902 lost=0 simT=21600.0s realT=2s; (s/r): 10800.0
2018-05-29 07:47:33,683  INFO Gbl:54 used RAM: 253938008B = 247986kB = 242MB  free: 755316392B = 720MB  total: 1009254400B = 962MB
2018-05-29 07:47:34,017  INFO QNetsimEngine:347 SIMULATION (QNetsimEngine) AT 13:00:00 : #links=0 #nodes=2
2018-05-29 07:47:34,017  INFO QSim:506 SIMULATION (NEW QSim) AT 13:00:00 : #Veh=902 lost=0 simT=25200.0s realT=2s; (s/r): 12600.0
2018-05-29 07:47:34,018  INFO Gbl:54 used RAM: 253938008B = 247986kB = 242MB  free: 755316392B = 720MB  total: 1009254400B = 962MB
2018-05-29 07:47:34,338  INFO QNetsimEngine:347 SIMULATION (QNetsimEngine) AT 14:00:00 : #links=0 #nodes=2
2018-05-29 07:47:34,338  INFO QSim:506 SIMULATION (NEW QSim) AT 14:00:00 : #Veh=902 lost=0 simT=28800.0s realT=2s; (s/r): 14400.0
2018-05-29 07:47:34,338  INFO Gbl:54 used RAM: 253938008B = 247986kB = 242MB  free: 755316392B = 720MB  total: 1009254400B = 962MB
2018-05-29 07:47:34,631  INFO QNetsimEngine:347 SIMULATION (QNetsimEngine) AT 15:00:00 : #links=0 #nodes=2
2018-05-29 07:47:34,632  INFO QSim:506 SIMULATION (NEW QSim) AT 15:00:00 : #Veh=902 lost=0 simT=32400.0s realT=3s; (s/r): 10800.0
2018-05-29 07:47:34,632  INFO Gbl:54 used RAM: 259405632B = 253325kB = 247MB  free: 749848768B = 715MB  total: 1009254400B = 962MB
2018-05-29 07:47:34,903  INFO QNetsimEngine:347 SIMULATION (QNetsimEngine) AT 16:00:00 : #links=0 #nodes=2
2018-05-29 07:47:34,903  INFO QSim:506 SIMULATION (NEW QSim) AT 16:00:00 : #Veh=902 lost=0 simT=36000.0s realT=3s; (s/r): 12000.0
2018-05-29 07:47:34,903  INFO Gbl:54 used RAM: 260284704B = 254184kB = 248MB  free: 748969696B = 714MB  total: 1009254400B = 962MB
2018-05-29 07:47:35,219  INFO QNetsimEngine:347 SIMULATION (QNetsimEngine) AT 17:00:00 : #links=1 #nodes=2
2018-05-29 07:47:35,220  INFO QSim:506 SIMULATION (NEW QSim) AT 17:00:00 : #Veh=902 lost=0 simT=39600.0s realT=3s; (s/r): 13200.0
2018-05-29 07:47:35,220  INFO Gbl:54 used RAM: 265752208B = 259523kB = 253MB  free: 743502192B = 709MB  total: 1009254400B = 962MB
2018-05-29 07:47:35,646  INFO QNetsimEngine:347 SIMULATION (QNetsimEngine) AT 18:00:00 : #links=34 #nodes=2
2018-05-29 07:47:35,647  INFO QSim:506 SIMULATION (NEW QSim) AT 18:00:00 : #Veh=520 lost=0 simT=43200.0s realT=4s; (s/r): 10800.0
2018-05-29 07:47:35,647  INFO Gbl:54 used RAM: 269268528B = 262957kB = 256MB  free: 739985872B = 705MB  total: 1009254400B = 962MB
2018-05-29 07:47:36,003  INFO QNetsimEngine:347 SIMULATION (QNetsimEngine) AT 19:00:00 : #links=4 #nodes=1
2018-05-29 07:47:36,003  INFO QSim:506 SIMULATION (NEW QSim) AT 19:00:00 : #Veh=74 lost=0 simT=46800.0s realT=4s; (s/r): 11700.0
2018-05-29 07:47:36,003  INFO Gbl:54 used RAM: 275237160B = 268786kB = 262MB  free: 734017240B = 700MB  total: 1009254400B = 962MB
2018-05-29 07:47:36,309  INFO QNetsimEngine:347 SIMULATION (QNetsimEngine) AT 20:00:00 : #links=0 #nodes=2
2018-05-29 07:47:36,309  INFO QSim:506 SIMULATION (NEW QSim) AT 20:00:00 : #Veh=2 lost=0 simT=50400.0s realT=4s; (s/r): 12600.0
2018-05-29 07:47:36,309  INFO Gbl:54 used RAM: 23314192B = 22767kB = 22MB  free: 985940208B = 940MB  total: 1009254400B = 962MB
2018-05-29 07:47:36,627  INFO QNetsimEngine:347 SIMULATION (QNetsimEngine) AT 21:00:00 : #links=0 #nodes=2
2018-05-29 07:47:36,628  INFO QSim:506 SIMULATION (NEW QSim) AT 21:00:00 : #Veh=2 lost=0 simT=54000.0s realT=5s; (s/r): 10800.0
2018-05-29 07:47:36,628  INFO Gbl:54 used RAM: 23841656B = 23282kB = 22MB  free: 985412744B = 939MB  total: 1009254400B = 962MB
2018-05-29 07:47:36,937  INFO QNetsimEngine:347 SIMULATION (QNetsimEngine) AT 22:00:00 : #links=0 #nodes=2
2018-05-29 07:47:36,937  INFO QSim:506 SIMULATION (NEW QSim) AT 22:00:00 : #Veh=2 lost=0 simT=57600.0s realT=5s; (s/r): 11520.0
2018-05-29 07:47:36,937  INFO Gbl:54 used RAM: 28531128B = 27862kB = 27MB  free: 980723272B = 935MB  total: 1009254400B = 962MB
2018-05-29 07:47:37,211  INFO QNetsimEngine:347 SIMULATION (QNetsimEngine) AT 23:00:00 : #links=0 #nodes=2
2018-05-29 07:47:37,211  INFO QSim:506 SIMULATION (NEW QSim) AT 23:00:00 : #Veh=2 lost=0 simT=61200.0s realT=5s; (s/r): 12240.0
2018-05-29 07:47:37,211  INFO Gbl:54 used RAM: 29058592B = 28377kB = 27MB  free: 980195808B = 934MB  total: 1009254400B = 962MB
2018-05-29 07:47:37,250  INFO AbstractController$8:210 ### ITERATION 1 fires after mobsim event
2018-05-29 07:47:37,250  INFO Gbl:187 Thread performance: Thread=class org.matsim.core.events.SimStepParallelEventsManagerImpl$ProcessEventsRunnable0  cpu-time=1.571738897sec
2018-05-29 07:47:37,250  INFO ControlerListenerManagerImpl:248 calling notifyAfterMobsim on org.matsim.analysis.LegTimesControlerListener
2018-05-29 07:47:37,251  INFO LegTimesControlerListener:50 [1] average trip (probably: leg) duration is: 798 seconds = 00:13:18
2018-05-29 07:47:37,251  INFO ControlerListenerManagerImpl:248 calling notifyAfterMobsim on org.matsim.core.scoring.EventsToActivities$1
2018-05-29 07:47:37,253  INFO ControlerListenerManagerImpl:251 [it.1] all ControlerAfterMobsimListeners called.
2018-05-29 07:47:37,253  INFO AbstractController$4:147 ### ITERATION 1 fires scoring event
2018-05-29 07:47:37,253  INFO ControlerListenerManagerImpl:183 calling notifyScoring on org.matsim.core.scoring.PlansScoringImpl
2018-05-29 07:47:37,254  INFO NewScoreAssignerImpl:36 it: 1 msaStart: null
2018-05-29 07:47:37,255  INFO ControlerListenerManagerImpl:194 [it.1] all ControlerScoringListeners called.
2018-05-29 07:47:37,256  INFO AbstractController$5:155 ### ITERATION 1 fires iteration end event
2018-05-29 07:47:37,256  INFO ControlerListenerManagerImpl:160 calling notifyIterationEnds on org.matsim.core.controler.corelisteners.EventsHandlingImpl
2018-05-29 07:47:37,256  INFO ControlerListenerManagerImpl:160 calling notifyIterationEnds on org.matsim.core.scoring.PlansScoringImpl
2018-05-29 07:47:37,256  INFO ControlerListenerManagerImpl:167 calling notifyIterationEnds on org.matsim.counts.CountsControlerListener
2018-05-29 07:47:37,257  INFO ControlerListenerManagerImpl:167 calling notifyIterationEnds on org.matsim.analysis.ModeStatsControlerListener
2018-05-29 07:47:37,264  INFO ModeStatsControlerListener:155 -- mode share of mode bike = 0.0
2018-05-29 07:47:37,264  INFO ModeStatsControlerListener:155 -- mode share of mode car = 0.5157091561938959
2018-05-29 07:47:37,265  INFO ModeStatsControlerListener:155 -- mode share of mode other = 0.0
2018-05-29 07:47:37,265  INFO ModeStatsControlerListener:155 -- mode share of mode pt = 0.48429084380610415
2018-05-29 07:47:37,265  INFO ModeStatsControlerListener:155 -- mode share of mode ride = 0.0
2018-05-29 07:47:37,266  INFO ModeStatsControlerListener:155 -- mode share of mode walk = 0.0
2018-05-29 07:47:37,266  INFO ControlerListenerManagerImpl:167 calling notifyIterationEnds on org.matsim.analysis.ScoreStatsControlerListener
2018-05-29 07:47:37,267  INFO ScoreStatsControlerListener:191 -- avg. score of the executed plan of each agent: 131.49812806429168
2018-05-29 07:47:37,268  INFO ScoreStatsControlerListener:192 -- avg. score of the worst plan of each agent: 130.70821972986272
2018-05-29 07:47:37,268  INFO ScoreStatsControlerListener:193 -- avg. of the avg. plan score per agent: 131.72220566119742
2018-05-29 07:47:37,268  INFO ScoreStatsControlerListener:194 -- avg. score of the best plan of each agent: 132.7361915925322
2018-05-29 07:47:37,269  INFO ControlerListenerManagerImpl:167 calling notifyIterationEnds on org.matsim.analysis.TravelDistanceStatsControlerListener
2018-05-29 07:47:37,269  INFO TravelDistanceStats:128 [TravelDistanceStats] using 2 thread(s).
2018-05-29 07:47:37,274  INFO TravelDistanceStats:141 [TravelDistanceStats] all threads finished.
2018-05-29 07:47:37,274  INFO TravelDistanceStats:161 -- average of the average leg distance per plan (executed plans only): 3663.3525409005133
2018-05-29 07:47:37,275  INFO TravelDistanceStats:162 (TravelDistanceStats takes an average over all legs where the simulation reports travelled distances. These are car legs, pt legs,
2018-05-29 07:47:37,275  INFO TravelDistanceStats:163 (and teleported legs whose route contains a distance.)
2018-05-29 07:47:37,275  INFO ControlerListenerManagerImpl:167 calling notifyIterationEnds on org.matsim.analysis.LegHistogramListener
2018-05-29 07:47:37,279  INFO LegHistogramListener:72 number of legs:	3464	100%
2018-05-29 07:47:37,280  INFO LegHistogramListener:79 number of car legs:	1149	33.16974595842956%
2018-05-29 07:47:37,280  INFO LegHistogramListener:79 number of pt legs:	618	17.84064665127021%
2018-05-29 07:47:37,280  INFO LegHistogramListener:79 number of transit_walk legs:	1697	48.98960739030023%
2018-05-29 07:47:37,281  INFO ControlerListenerManagerImpl:167 calling notifyIterationEnds on org.matsim.analysis.LinkStatsControlerListener
2018-05-29 07:47:37,281  INFO ControlerListenerManagerImpl:171 [it.1] all ControlerIterationEndsListeners called.
2018-05-29 07:47:37,282  INFO AbstractController:165 ### ITERATION 1 ENDS
2018-05-29 07:47:37,283  INFO AbstractController:166 ###################################################
2018-05-29 07:47:37,283  INFO AbstractController:121 ###################################################
2018-05-29 07:47:37,283  INFO AbstractController:122 ### ITERATION 2 BEGINS
2018-05-29 07:47:37,284  INFO ControlerListenerManagerImpl:145 calling notifyIterationStarts on org.matsim.analysis.LegHistogramListener
2018-05-29 07:47:37,284  INFO ControlerListenerManagerImpl:145 calling notifyIterationStarts on org.matsim.analysis.LinkStatsControlerListener
2018-05-29 07:47:37,284  INFO ControlerListenerManagerImpl:145 calling notifyIterationStarts on org.matsim.core.replanning.ReplanningContextImpl
2018-05-29 07:47:37,285  INFO ControlerListenerManagerImpl:145 calling notifyIterationStarts on org.matsim.core.scoring.ExperiencedPlansServiceImpl$1
2018-05-29 07:47:37,286  INFO ControlerListenerManagerImpl:145 calling notifyIterationStarts on org.matsim.core.scoring.ScoringFunctionsForPopulation$1
2018-05-29 07:47:37,288  INFO ControlerListenerManagerImpl:148 [it.2] all ControlerIterationStartsListeners called.
2018-05-29 07:47:37,289  INFO ControlerListenerManagerImpl:205 calling notifyReplanning on org.matsim.core.controler.corelisteners.PlansReplanningImpl
2018-05-29 07:47:37,289 DEBUG NetworkRoutingProvider:75 requesting network routing module with routingMode=car;	mode=car
2018-05-29 07:47:37,290 DEBUG NetworkRoutingProvider:75 requesting network routing module with routingMode=car;	mode=car
2018-05-29 07:47:37,291 DEBUG NetworkRoutingProvider:75 requesting network routing module with routingMode=car;	mode=car
2018-05-29 07:47:37,291 DEBUG NetworkRoutingProvider:75 requesting network routing module with routingMode=car;	mode=car
2018-05-29 07:47:37,292 DEBUG NetworkRoutingProvider:75 requesting network routing module with routingMode=car;	mode=car
2018-05-29 07:47:37,293 DEBUG NetworkRoutingProvider:75 requesting network routing module with routingMode=car;	mode=car
2018-05-29 07:47:37,297  INFO GenericPlanStrategyImpl:125 Plan-Strategy finished, 606 plans handled. Strategy: BestPlanSelector
2018-05-29 07:47:37,297  INFO AbstractMultithreadedModule:141 [PlanRouter] starting 2 threads, handling 90 plans
2018-05-29 07:47:37,298  INFO Counter:61 [PlanRouter] handled plan # 1
2018-05-29 07:47:37,298  INFO Counter:61 [PlanRouter] handled plan # 2
2018-05-29 07:47:37,299  INFO Counter:61 [PlanRouter] handled plan # 4
2018-05-29 07:47:37,303  INFO Counter:61 [PlanRouter] handled plan # 8
2018-05-29 07:47:37,304  INFO Counter:61 [PlanRouter] handled plan # 16
2018-05-29 07:47:37,306  INFO Counter:61 [PlanRouter] handled plan # 32
2018-05-29 07:47:37,310  INFO Counter:61 [PlanRouter] handled plan # 64
2018-05-29 07:47:37,315  INFO AbstractMultithreadedModule:156 [PlanRouter] all 2 threads finished.
2018-05-29 07:47:37,316  INFO GenericPlanStrategyImpl:125 Plan-Strategy finished, 90 plans handled. Strategy: RandomPlanSelector_ReRoute
2018-05-29 07:47:37,316  INFO AbstractMultithreadedModule:141 [PlanMutateTimeAllocationSimplified] starting 2 threads, handling 107 plans
2018-05-29 07:47:37,316  INFO Counter:61 [PlanMutateTimeAllocationSimplified] handled plan # 1
2018-05-29 07:47:37,316  INFO Counter:61 [PlanMutateTimeAllocationSimplified] handled plan # 2
2018-05-29 07:47:37,316  INFO Counter:61 [PlanMutateTimeAllocationSimplified] handled plan # 4
2018-05-29 07:47:37,317  INFO Counter:61 [PlanMutateTimeAllocationSimplified] handled plan # 8
2018-05-29 07:47:37,317  INFO Counter:61 [PlanMutateTimeAllocationSimplified] handled plan # 16
2018-05-29 07:47:37,317  INFO Counter:61 [PlanMutateTimeAllocationSimplified] handled plan # 32
2018-05-29 07:47:37,317  INFO Counter:61 [PlanMutateTimeAllocationSimplified] handled plan # 64
2018-05-29 07:47:37,318  INFO AbstractMultithreadedModule:156 [PlanMutateTimeAllocationSimplified] all 2 threads finished.
2018-05-29 07:47:37,318  INFO GenericPlanStrategyImpl:125 Plan-Strategy finished, 107 plans handled. Strategy: RandomPlanSelector_TimeAllocationMutator
2018-05-29 07:47:37,318  INFO AbstractMultithreadedModule:141 [TripsToLegsAlgorithm] starting 2 threads, handling 97 plans
2018-05-29 07:47:37,319  INFO Counter:61 [TripsToLegsAlgorithm] handled plan # 1
2018-05-29 07:47:37,319  INFO Counter:61 [TripsToLegsAlgorithm] handled plan # 2
2018-05-29 07:47:37,319  INFO Counter:61 [TripsToLegsAlgorithm] handled plan # 4
2018-05-29 07:47:37,319  INFO Counter:61 [TripsToLegsAlgorithm] handled plan # 8
2018-05-29 07:47:37,319  INFO Counter:61 [TripsToLegsAlgorithm] handled plan # 16
2018-05-29 07:47:37,320  INFO Counter:61 [TripsToLegsAlgorithm] handled plan # 32
2018-05-29 07:47:37,320  INFO Counter:61 [TripsToLegsAlgorithm] handled plan # 64
2018-05-29 07:47:37,321  INFO AbstractMultithreadedModule:156 [TripsToLegsAlgorithm] all 2 threads finished.
2018-05-29 07:47:37,321  INFO AbstractMultithreadedModule:141 [ChooseRandomLegMode] starting 2 threads, handling 97 plans
2018-05-29 07:47:37,322  INFO Counter:61 [ChooseRandomLegMode] handled plan # 1
2018-05-29 07:47:37,322  INFO Counter:61 [ChooseRandomLegMode] handled plan # 2
2018-05-29 07:47:37,322  INFO Counter:61 [ChooseRandomLegMode] handled plan # 4
2018-05-29 07:47:37,322  INFO Counter:61 [ChooseRandomLegMode] handled plan # 8
2018-05-29 07:47:37,322  INFO Counter:61 [ChooseRandomLegMode] handled plan # 16
2018-05-29 07:47:37,322  INFO Counter:61 [ChooseRandomLegMode] handled plan # 32
2018-05-29 07:47:37,322  INFO Counter:61 [ChooseRandomLegMode] handled plan # 64
2018-05-29 07:47:37,323  INFO AbstractMultithreadedModule:156 [ChooseRandomLegMode] all 2 threads finished.
2018-05-29 07:47:37,323 DEBUG NetworkRoutingProvider:75 requesting network routing module with routingMode=car;	mode=car
2018-05-29 07:47:37,324 DEBUG NetworkRoutingProvider:75 requesting network routing module with routingMode=car;	mode=car
2018-05-29 07:47:37,324  INFO AbstractMultithreadedModule:141 [PlanRouter] starting 2 threads, handling 97 plans
2018-05-29 07:47:37,325  INFO Counter:61 [PlanRouter] handled plan # 1
2018-05-29 07:47:37,325  INFO Counter:61 [PlanRouter] handled plan # 2
2018-05-29 07:47:37,325  INFO Counter:61 [PlanRouter] handled plan # 4
2018-05-29 07:47:37,326  INFO Counter:61 [PlanRouter] handled plan # 8
2018-05-29 07:47:37,326  INFO Counter:61 [PlanRouter] handled plan # 16
2018-05-29 07:47:37,327  INFO Counter:61 [PlanRouter] handled plan # 32
2018-05-29 07:47:37,329  INFO Counter:61 [PlanRouter] handled plan # 64
2018-05-29 07:47:37,332  INFO AbstractMultithreadedModule:156 [PlanRouter] all 2 threads finished.
2018-05-29 07:47:37,333  INFO GenericPlanStrategyImpl:125 Plan-Strategy finished, 97 plans handled. Strategy: RandomPlanSelector_TripsToLegsModule_ChangeLegMode_ReRoute
2018-05-29 07:47:37,333  INFO ControlerListenerManagerImpl:213 [it.2] all ControlerReplanningListeners called.
2018-05-29 07:47:37,333  INFO ControlerListenerManagerImpl:224 calling notifyBeforeMobsim on org.matsim.core.controler.corelisteners.EventsHandlingImpl
2018-05-29 07:47:37,333  INFO EventsManagerImpl:170 resetting Event-Handlers
2018-05-29 07:47:37,334  INFO EventsManagerImpl:177   org.matsim.core.trafficmonitoring.TravelTimeCalculator
2018-05-29 07:47:37,334  INFO EventsManagerImpl:177   org.matsim.core.scoring.EventsToLegs
2018-05-29 07:47:37,334  INFO EventsManagerImpl:177   org.matsim.analysis.VolumesAnalyzer
2018-05-29 07:47:37,335  INFO EventsManagerImpl:177   org.matsim.core.scoring.EventsToActivities
2018-05-29 07:47:37,335  INFO EventsManagerImpl:177   org.matsim.analysis.CalcLegTimes
2018-05-29 07:47:37,335  INFO EventsManagerImpl:177   org.matsim.analysis.LegHistogram
2018-05-29 07:47:37,335  INFO EventsManagerImpl:177   org.matsim.core.scoring.ScoringFunctionsForPopulation
2018-05-29 07:47:37,335  INFO ControlerListenerManagerImpl:224 calling notifyBeforeMobsim on org.matsim.core.controler.corelisteners.PlansDumpingImpl
2018-05-29 07:47:37,336  INFO ControlerListenerManagerImpl:229 calling notifyBeforeMobsim on org.matsim.core.population.VspPlansCleaner
2018-05-29 07:47:37,339  INFO ControlerListenerManagerImpl:232 [it.2] all ControlerBeforeMobsimListeners called.
2018-05-29 07:47:37,350  INFO MobsimListenerManager:49 calling addQueueSimulationListener
2018-05-29 07:47:37,350  INFO MobsimListenerManager:53   assigned class org.matsim.core.mobsim.framework.listeners.MobsimListener to interface org.matsim.vis.snapshotwriters.SnapshotWriterManager
2018-05-29 07:47:37,350  INFO MobsimListenerManager:53   assigned class org.matsim.core.mobsim.framework.listeners.MobsimListener to interface org.matsim.core.mobsim.framework.listeners.MobsimInitializedListener
2018-05-29 07:47:37,351  INFO MobsimListenerManager:53   assigned class org.matsim.core.mobsim.framework.listeners.MobsimListener to interface org.matsim.core.mobsim.framework.listeners.MobsimListener
2018-05-29 07:47:37,351  INFO MobsimListenerManager:53   assigned class org.matsim.core.mobsim.framework.listeners.MobsimListener to interface org.matsim.core.mobsim.framework.listeners.MobsimBeforeCleanupListener
2018-05-29 07:47:37,351  INFO MobsimListenerManager:53   assigned class org.matsim.core.mobsim.framework.listeners.MobsimListener to interface org.matsim.core.mobsim.framework.listeners.MobsimAfterSimStepListener
2018-05-29 07:47:37,353  INFO Injector:80 === printInjector start ===
2018-05-29 07:47:37,353  INFO Injector:84 org.matsim.core.mobsim.qsim.qnetsimengine.VehicularDepartureHandler 
2018-05-29 07:47:37,354  INFO Injector:85   --> provider: Key[type=org.matsim.core.mobsim.qsim.qnetsimengine.QNetsimEngineDepartureHandlerProvider, annotation=[none]][Scopes.SINGLETON]
2018-05-29 07:47:37,354  INFO Injector:86   --> source: org.matsim.core.mobsim.qsim.qnetsimengine.QNetsimEnginePlugin$1.configure(QNetsimEnginePlugin.java:25)
2018-05-29 07:47:37,354  INFO Injector:88   --> scope: eager singleton
2018-05-29 07:47:37,354  INFO Injector:92 
2018-05-29 07:47:37,355  INFO Injector:84 org.matsim.core.mobsim.qsim.agents.AgentFactory 
2018-05-29 07:47:37,355  INFO Injector:85   --> provider: FactoryProxy{key=Key[type=org.matsim.core.mobsim.qsim.agents.AgentFactory, annotation=[none]], provider=com.google.inject.internal.ConstructorBindingImpl$Factory@5674e1f2}[Scopes.SINGLETON]
2018-05-29 07:47:37,355  INFO Injector:86   --> source: org.matsim.core.mobsim.qsim.PopulationPlugin$1.configure(PopulationPlugin.java:28)
2018-05-29 07:47:37,355  INFO Injector:88   --> scope: eager singleton
2018-05-29 07:47:37,355  INFO Injector:92 
2018-05-29 07:47:37,356  INFO Injector:84 org.matsim.core.mobsim.qsim.interfaces.Netsim 
2018-05-29 07:47:37,356  INFO Injector:85   --> provider: FactoryProxy{key=Key[type=org.matsim.core.mobsim.qsim.interfaces.Netsim, annotation=[none]], provider=com.google.inject.internal.ConstructorBindingImpl$Factory@e8df99a[Scopes.SINGLETON]}
2018-05-29 07:47:37,356  INFO Injector:86   --> source: org.matsim.core.mobsim.qsim.QSimProvider$1.configure(QSimProvider.java:65)
2018-05-29 07:47:37,356  INFO Injector:88   --> scope: Scopes.NO_SCOPE
2018-05-29 07:47:37,356  INFO Injector:92 
2018-05-29 07:47:37,357  INFO Injector:84 org.matsim.core.mobsim.jdeqsim.MessageQueue 
2018-05-29 07:47:37,357  INFO Injector:85   --> provider: com.google.inject.internal.ConstructorBindingImpl$Factory@2df6226d[Scopes.SINGLETON]
2018-05-29 07:47:37,357  INFO Injector:86   --> source: org.matsim.core.mobsim.qsim.messagequeueengine.MessageQueuePlugin$1.configure(MessageQueuePlugin.java:24)
2018-05-29 07:47:37,357  INFO Injector:88   --> scope: eager singleton
2018-05-29 07:47:37,357  INFO Injector:92 
2018-05-29 07:47:37,358  INFO Injector:84 org.matsim.core.mobsim.qsim.jdeqsimengine.SteppableScheduler 
2018-05-29 07:47:37,358  INFO Injector:85   --> provider: com.google.inject.internal.ConstructorBindingImpl$Factory@45fd9a4d[Scopes.SINGLETON]
2018-05-29 07:47:37,358  INFO Injector:86   --> source: org.matsim.core.mobsim.qsim.messagequeueengine.MessageQueuePlugin$1.configure(MessageQueuePlugin.java:25)
2018-05-29 07:47:37,358  INFO Injector:88   --> scope: eager singleton
2018-05-29 07:47:37,358  INFO Injector:92 
2018-05-29 07:47:37,359  INFO Injector:84 org.matsim.core.mobsim.qsim.messagequeueengine.MessageQueueEngine 
2018-05-29 07:47:37,359  INFO Injector:85   --> provider: com.google.inject.internal.ConstructorBindingImpl$Factory@2a898881[Scopes.SINGLETON]
2018-05-29 07:47:37,359  INFO Injector:86   --> source: org.matsim.core.mobsim.qsim.messagequeueengine.MessageQueuePlugin$1.configure(MessageQueuePlugin.java:26)
2018-05-29 07:47:37,359  INFO Injector:88   --> scope: eager singleton
2018-05-29 07:47:37,359  INFO Injector:92 
2018-05-29 07:47:37,360  INFO Injector:84 org.matsim.core.mobsim.qsim.ActivityEngine 
2018-05-29 07:47:37,360  INFO Injector:85   --> provider: com.google.inject.internal.ConstructorBindingImpl$Factory@4879dfad[Scopes.SINGLETON]
2018-05-29 07:47:37,360  INFO Injector:86   --> source: org.matsim.core.mobsim.qsim.ActivityEnginePlugin$1.configure(ActivityEnginePlugin.java:23)
2018-05-29 07:47:37,360  INFO Injector:88   --> scope: eager singleton
2018-05-29 07:47:37,360  INFO Injector:92 
2018-05-29 07:47:37,361  INFO Injector:84 org.matsim.core.mobsim.qsim.qnetsimengine.QNetsimEngine 
2018-05-29 07:47:37,361  INFO Injector:85   --> provider: com.google.inject.internal.ConstructorBindingImpl$Factory@5629510[Scopes.SINGLETON]
2018-05-29 07:47:37,361  INFO Injector:86   --> source: org.matsim.core.mobsim.qsim.qnetsimengine.QNetsimEnginePlugin$1.configure(QNetsimEnginePlugin.java:24)
2018-05-29 07:47:37,361  INFO Injector:88   --> scope: eager singleton
2018-05-29 07:47:37,361  INFO Injector:92 
2018-05-29 07:47:37,362  INFO Injector:84 org.matsim.core.mobsim.qsim.pt.TransitQSimEngine 
2018-05-29 07:47:37,362  INFO Injector:85   --> provider: com.google.inject.internal.ConstructorBindingImpl$Factory@4d9ac0b4[Scopes.SINGLETON]
2018-05-29 07:47:37,362  INFO Injector:86   --> source: org.matsim.core.mobsim.qsim.pt.TransitEnginePlugin$1.configure(TransitEnginePlugin.java:24)
2018-05-29 07:47:37,362  INFO Injector:88   --> scope: eager singleton
2018-05-29 07:47:37,362  INFO Injector:92 
2018-05-29 07:47:37,363  INFO Injector:84 org.matsim.core.mobsim.qsim.DefaultTeleportationEngine 
2018-05-29 07:47:37,363  INFO Injector:85   --> provider: com.google.inject.internal.ConstructorBindingImpl$Factory@3da05287[Scopes.SINGLETON]
2018-05-29 07:47:37,363  INFO Injector:86   --> source: org.matsim.core.mobsim.qsim.TeleportationPlugin$1.configure(TeleportationPlugin.java:21)
2018-05-29 07:47:37,363  INFO Injector:88   --> scope: eager singleton
2018-05-29 07:47:37,363  INFO Injector:92 
2018-05-29 07:47:37,364  INFO Injector:84 org.matsim.core.mobsim.qsim.agents.PopulationAgentSource 
2018-05-29 07:47:37,364  INFO Injector:85   --> provider: com.google.inject.internal.ConstructorBindingImpl$Factory@63f8276e[Scopes.SINGLETON]
2018-05-29 07:47:37,364  INFO Injector:86   --> source: org.matsim.core.mobsim.qsim.PopulationPlugin$1.configure(PopulationPlugin.java:26)
2018-05-29 07:47:37,364  INFO Injector:88   --> scope: eager singleton
2018-05-29 07:47:37,364  INFO Injector:92 
2018-05-29 07:47:37,365  INFO Injector:84 org.matsim.core.mobsim.qsim.QSim 
2018-05-29 07:47:37,365  INFO Injector:85   --> provider: com.google.inject.internal.ConstructorBindingImpl$Factory@e8df99a[Scopes.SINGLETON]
2018-05-29 07:47:37,365  INFO Injector:86   --> source: org.matsim.core.mobsim.qsim.QSimProvider$1.configure(QSimProvider.java:64)
2018-05-29 07:47:37,365  INFO Injector:88   --> scope: eager singleton
2018-05-29 07:47:37,365  INFO Injector:92 
2018-05-29 07:47:37,365  INFO Injector:95 === printInjector end ===
2018-05-29 07:47:37,366  INFO MobsimListenerManager:49 calling addQueueSimulationListener
2018-05-29 07:47:37,366  INFO MobsimListenerManager:53   assigned class org.matsim.core.mobsim.framework.listeners.MobsimListener to interface org.matsim.core.mobsim.framework.listeners.MobsimBeforeSimStepListener
2018-05-29 07:47:37,366  INFO MobsimListenerManager:53   assigned class org.matsim.core.mobsim.framework.listeners.MobsimListener to interface org.matsim.core.mobsim.framework.listeners.MobsimListener
2018-05-29 07:47:37,366  INFO MobsimListenerManager:53   assigned class org.matsim.core.mobsim.framework.listeners.MobsimListener to interface org.matsim.core.mobsim.qsim.messagequeueengine.MessageQueueEngine
2018-05-29 07:47:37,367  INFO ReconstructingUmlaufBuilder:113 Generating UmlaufStuecke
..2018-05-29 07:47:37,372  INFO QNetsimEngine:504 Assigned 19 nodes and 54 links to QSimEngineRunner #0
2018-05-29 07:47:37,374  INFO QNetsimEngine:347 SIMULATION (QNetsimEngine) AT 06:00:00 : #links=0 #nodes=2
2018-05-29 07:47:37,374  INFO QSim:506 SIMULATION (NEW QSim) AT 06:00:00 : #Veh=902 lost=0 simT=0.0s realT=0s; (s/r): 0.0
2018-05-29 07:47:37,374  INFO Gbl:54 used RAM: 74513568B = 72767kB = 71MB  free: 934740832B = 891MB  total: 1009254400B = 962MB
2018-05-29 07:47:37,599  INFO EventsManagerImpl:134  event # 65536
2018-05-29 07:47:37,705  INFO QNetsimEngine:347 SIMULATION (QNetsimEngine) AT 07:00:00 : #links=3 #nodes=1
2018-05-29 07:47:37,705  INFO QSim:506 SIMULATION (NEW QSim) AT 07:00:00 : #Veh=902 lost=0 simT=3600.0s realT=0s; (s/r): Infinity
2018-05-29 07:47:37,706  INFO Gbl:54 used RAM: 74513568B = 72767kB = 71MB  free: 934740832B = 891MB  total: 1009254400B = 962MB
2018-05-29 07:47:38,100  INFO QNetsimEngine:347 SIMULATION (QNetsimEngine) AT 08:00:00 : #links=26 #nodes=0
2018-05-29 07:47:38,101  INFO QSim:506 SIMULATION (NEW QSim) AT 08:00:00 : #Veh=902 lost=0 simT=7200.0s realT=0s; (s/r): Infinity
2018-05-29 07:47:38,101  INFO Gbl:54 used RAM: 82451920B = 80519kB = 78MB  free: 926802480B = 883MB  total: 1009254400B = 962MB
2018-05-29 07:47:38,449  INFO QNetsimEngine:347 SIMULATION (QNetsimEngine) AT 09:00:00 : #links=0 #nodes=2
2018-05-29 07:47:38,449  INFO QSim:506 SIMULATION (NEW QSim) AT 09:00:00 : #Veh=902 lost=0 simT=10800.0s realT=1s; (s/r): 10800.0
2018-05-29 07:47:38,449  INFO Gbl:54 used RAM: 83958928B = 81991kB = 80MB  free: 925295472B = 882MB  total: 1009254400B = 962MB
2018-05-29 07:47:38,811  INFO QNetsimEngine:347 SIMULATION (QNetsimEngine) AT 10:00:00 : #links=0 #nodes=2
2018-05-29 07:47:38,811  INFO QSim:506 SIMULATION (NEW QSim) AT 10:00:00 : #Veh=902 lost=0 simT=14400.0s realT=1s; (s/r): 14400.0
2018-05-29 07:47:38,811  INFO Gbl:54 used RAM: 88129744B = 86064kB = 84MB  free: 921124656B = 878MB  total: 1009254400B = 962MB
2018-05-29 07:47:39,127  INFO QNetsimEngine:347 SIMULATION (QNetsimEngine) AT 11:00:00 : #links=0 #nodes=2
2018-05-29 07:47:39,127  INFO QSim:506 SIMULATION (NEW QSim) AT 11:00:00 : #Veh=902 lost=0 simT=18000.0s realT=1s; (s/r): 18000.0
2018-05-29 07:47:39,127  INFO Gbl:54 used RAM: 89636760B = 87535kB = 85MB  free: 919617640B = 877MB  total: 1009254400B = 962MB
2018-05-29 07:47:39,393  INFO QNetsimEngine:347 SIMULATION (QNetsimEngine) AT 12:00:00 : #links=0 #nodes=2
2018-05-29 07:47:39,393  INFO QSim:506 SIMULATION (NEW QSim) AT 12:00:00 : #Veh=902 lost=0 simT=21600.0s realT=2s; (s/r): 10800.0
2018-05-29 07:47:39,393  INFO Gbl:54 used RAM: 93807704B = 91609kB = 89MB  free: 915446696B = 873MB  total: 1009254400B = 962MB
2018-05-29 07:47:39,659  INFO QNetsimEngine:347 SIMULATION (QNetsimEngine) AT 13:00:00 : #links=0 #nodes=2
2018-05-29 07:47:39,660  INFO QSim:506 SIMULATION (NEW QSim) AT 13:00:00 : #Veh=902 lost=0 simT=25200.0s realT=2s; (s/r): 12600.0
2018-05-29 07:47:39,660  INFO Gbl:54 used RAM: 94561208B = 92344kB = 90MB  free: 914693192B = 872MB  total: 1009254400B = 962MB
2018-05-29 07:47:39,927  INFO QNetsimEngine:347 SIMULATION (QNetsimEngine) AT 14:00:00 : #links=0 #nodes=2
2018-05-29 07:47:39,928  INFO QSim:506 SIMULATION (NEW QSim) AT 14:00:00 : #Veh=902 lost=0 simT=28800.0s realT=2s; (s/r): 14400.0
2018-05-29 07:47:39,928  INFO Gbl:54 used RAM: 94561208B = 92344kB = 90MB  free: 914693192B = 872MB  total: 1009254400B = 962MB
2018-05-29 07:47:40,193  INFO QNetsimEngine:347 SIMULATION (QNetsimEngine) AT 15:00:00 : #links=0 #nodes=2
2018-05-29 07:47:40,193  INFO QSim:506 SIMULATION (NEW QSim) AT 15:00:00 : #Veh=902 lost=0 simT=32400.0s realT=2s; (s/r): 16200.0
2018-05-29 07:47:40,194  INFO Gbl:54 used RAM: 100239016B = 97889kB = 95MB  free: 909015384B = 866MB  total: 1009254400B = 962MB
2018-05-29 07:47:40,486  INFO QNetsimEngine:347 SIMULATION (QNetsimEngine) AT 16:00:00 : #links=0 #nodes=2
2018-05-29 07:47:40,486  INFO QSim:506 SIMULATION (NEW QSim) AT 16:00:00 : #Veh=902 lost=0 simT=36000.0s realT=3s; (s/r): 12000.0
2018-05-29 07:47:40,486  INFO Gbl:54 used RAM: 100239016B = 97889kB = 95MB  free: 909015384B = 866MB  total: 1009254400B = 962MB
2018-05-29 07:47:40,789  INFO QNetsimEngine:347 SIMULATION (QNetsimEngine) AT 17:00:00 : #links=1 #nodes=2
2018-05-29 07:47:40,789  INFO QSim:506 SIMULATION (NEW QSim) AT 17:00:00 : #Veh=902 lost=0 simT=39600.0s realT=3s; (s/r): 13200.0
2018-05-29 07:47:40,790  INFO Gbl:54 used RAM: 106877544B = 104372kB = 101MB  free: 902376856B = 860MB  total: 1009254400B = 962MB
2018-05-29 07:47:41,123  INFO QNetsimEngine:347 SIMULATION (QNetsimEngine) AT 18:00:00 : #links=34 #nodes=2
2018-05-29 07:47:41,123  INFO QSim:506 SIMULATION (NEW QSim) AT 18:00:00 : #Veh=522 lost=0 simT=43200.0s realT=3s; (s/r): 14400.0
2018-05-29 07:47:41,124  INFO Gbl:54 used RAM: 110645096B = 108051kB = 105MB  free: 898609304B = 856MB  total: 1009254400B = 962MB
2018-05-29 07:47:41,436  INFO QNetsimEngine:347 SIMULATION (QNetsimEngine) AT 19:00:00 : #links=5 #nodes=1
2018-05-29 07:47:41,436  INFO QSim:506 SIMULATION (NEW QSim) AT 19:00:00 : #Veh=73 lost=0 simT=46800.0s realT=4s; (s/r): 11700.0
2018-05-29 07:47:41,436  INFO Gbl:54 used RAM: 116322896B = 113596kB = 110MB  free: 892931504B = 851MB  total: 1009254400B = 962MB
2018-05-29 07:47:41,726  INFO QNetsimEngine:347 SIMULATION (QNetsimEngine) AT 20:00:00 : #links=0 #nodes=2
2018-05-29 07:47:41,726  INFO QSim:506 SIMULATION (NEW QSim) AT 20:00:00 : #Veh=4 lost=0 simT=50400.0s realT=4s; (s/r): 12600.0
2018-05-29 07:47:41,726  INFO Gbl:54 used RAM: 117076400B = 114332kB = 111MB  free: 892178000B = 850MB  total: 1009254400B = 962MB
2018-05-29 07:47:42,026  INFO QNetsimEngine:347 SIMULATION (QNetsimEngine) AT 21:00:00 : #links=0 #nodes=2
2018-05-29 07:47:42,026  INFO QSim:506 SIMULATION (NEW QSim) AT 21:00:00 : #Veh=2 lost=0 simT=54000.0s realT=4s; (s/r): 13500.0
2018-05-29 07:47:42,027  INFO Gbl:54 used RAM: 117829888B = 115068kB = 112MB  free: 891424512B = 850MB  total: 1009254400B = 962MB
2018-05-29 07:47:42,323  INFO QNetsimEngine:347 SIMULATION (QNetsimEngine) AT 22:00:00 : #links=0 #nodes=2
2018-05-29 07:47:42,323  INFO QSim:506 SIMULATION (NEW QSim) AT 22:00:00 : #Veh=2 lost=0 simT=57600.0s realT=4s; (s/r): 14400.0
2018-05-29 07:47:42,323  INFO Gbl:54 used RAM: 122754208B = 119877kB = 117MB  free: 886500192B = 845MB  total: 1009254400B = 962MB
2018-05-29 07:47:42,624  INFO QNetsimEngine:347 SIMULATION (QNetsimEngine) AT 23:00:00 : #links=0 #nodes=2
2018-05-29 07:47:42,624  INFO QSim:506 SIMULATION (NEW QSim) AT 23:00:00 : #Veh=2 lost=0 simT=61200.0s realT=5s; (s/r): 12240.0
2018-05-29 07:47:42,624  INFO Gbl:54 used RAM: 124468824B = 121551kB = 118MB  free: 884785576B = 843MB  total: 1009254400B = 962MB
2018-05-29 07:47:42,670  INFO AbstractController$8:210 ### ITERATION 2 fires after mobsim event
2018-05-29 07:47:42,670  INFO Gbl:187 Thread performance: Thread=class org.matsim.core.events.SimStepParallelEventsManagerImpl$ProcessEventsRunnable0  cpu-time=1.413337676sec
2018-05-29 07:47:42,670  INFO ControlerListenerManagerImpl:248 calling notifyAfterMobsim on org.matsim.analysis.LegTimesControlerListener
2018-05-29 07:47:42,671  INFO LegTimesControlerListener:50 [2] average trip (probably: leg) duration is: 792 seconds = 00:13:12
2018-05-29 07:47:42,672  INFO ControlerListenerManagerImpl:248 calling notifyAfterMobsim on org.matsim.core.scoring.EventsToActivities$1
2018-05-29 07:47:42,678  INFO ControlerListenerManagerImpl:251 [it.2] all ControlerAfterMobsimListeners called.
2018-05-29 07:47:42,678  INFO AbstractController$4:147 ### ITERATION 2 fires scoring event
2018-05-29 07:47:42,678  INFO ControlerListenerManagerImpl:183 calling notifyScoring on org.matsim.core.scoring.PlansScoringImpl
2018-05-29 07:47:42,679  INFO NewScoreAssignerImpl:36 it: 2 msaStart: null
2018-05-29 07:47:42,681  INFO ControlerListenerManagerImpl:194 [it.2] all ControlerScoringListeners called.
2018-05-29 07:47:42,681  INFO AbstractController$5:155 ### ITERATION 2 fires iteration end event
2018-05-29 07:47:42,681  INFO ControlerListenerManagerImpl:160 calling notifyIterationEnds on org.matsim.core.controler.corelisteners.EventsHandlingImpl
2018-05-29 07:47:42,681  INFO ControlerListenerManagerImpl:160 calling notifyIterationEnds on org.matsim.core.scoring.PlansScoringImpl
2018-05-29 07:47:42,682  INFO ControlerListenerManagerImpl:167 calling notifyIterationEnds on org.matsim.counts.CountsControlerListener
2018-05-29 07:47:42,682  INFO ControlerListenerManagerImpl:167 calling notifyIterationEnds on org.matsim.analysis.ModeStatsControlerListener
2018-05-29 07:47:42,688  INFO ModeStatsControlerListener:155 -- mode share of mode bike = 0.0
2018-05-29 07:47:42,689  INFO ModeStatsControlerListener:155 -- mode share of mode car = 0.5466786355475763
2018-05-29 07:47:42,689  INFO ModeStatsControlerListener:155 -- mode share of mode other = 0.0
2018-05-29 07:47:42,689  INFO ModeStatsControlerListener:155 -- mode share of mode pt = 0.4533213644524237
2018-05-29 07:47:42,690  INFO ModeStatsControlerListener:155 -- mode share of mode ride = 0.0
2018-05-29 07:47:42,690  INFO ModeStatsControlerListener:155 -- mode share of mode walk = 0.0
2018-05-29 07:47:42,690  INFO ControlerListenerManagerImpl:167 calling notifyIterationEnds on org.matsim.analysis.ScoreStatsControlerListener
2018-05-29 07:47:42,692  INFO ScoreStatsControlerListener:191 -- avg. score of the executed plan of each agent: 131.84302260910118
2018-05-29 07:47:42,692  INFO ScoreStatsControlerListener:192 -- avg. score of the worst plan of each agent: 129.6044479096423
2018-05-29 07:47:42,692  INFO ScoreStatsControlerListener:193 -- avg. of the avg. plan score per agent: 131.47597623042094
2018-05-29 07:47:42,692  INFO ScoreStatsControlerListener:194 -- avg. score of the best plan of each agent: 133.334699123882
2018-05-29 07:47:42,693  INFO ControlerListenerManagerImpl:167 calling notifyIterationEnds on org.matsim.analysis.TravelDistanceStatsControlerListener
2018-05-29 07:47:42,693  INFO TravelDistanceStats:128 [TravelDistanceStats] using 2 thread(s).
2018-05-29 07:47:42,698  INFO TravelDistanceStats:141 [TravelDistanceStats] all threads finished.
2018-05-29 07:47:42,698  INFO TravelDistanceStats:161 -- average of the average leg distance per plan (executed plans only): 3719.3353589185926
2018-05-29 07:47:42,698  INFO TravelDistanceStats:162 (TravelDistanceStats takes an average over all legs where the simulation reports travelled distances. These are car legs, pt legs,
2018-05-29 07:47:42,699  INFO TravelDistanceStats:163 (and teleported legs whose route contains a distance.)
2018-05-29 07:47:42,699  INFO ControlerListenerManagerImpl:167 calling notifyIterationEnds on org.matsim.analysis.LegHistogramListener
2018-05-29 07:47:42,703  INFO LegHistogramListener:72 number of legs:	3380	100%
2018-05-29 07:47:42,703  INFO LegHistogramListener:79 number of car legs:	1218	36.03550295857988%
2018-05-29 07:47:42,703  INFO LegHistogramListener:79 number of pt legs:	576	17.041420118343197%
2018-05-29 07:47:42,704  INFO LegHistogramListener:79 number of transit_walk legs:	1586	46.92307692307692%
2018-05-29 07:47:42,704  INFO ControlerListenerManagerImpl:167 calling notifyIterationEnds on org.matsim.analysis.LinkStatsControlerListener
2018-05-29 07:47:42,704  INFO ControlerListenerManagerImpl:171 [it.2] all ControlerIterationEndsListeners called.
2018-05-29 07:47:42,707  INFO AbstractController:165 ### ITERATION 2 ENDS
2018-05-29 07:47:42,707  INFO AbstractController:166 ###################################################
2018-05-29 07:47:42,707  INFO MatsimRuntimeModifications:58 S H U T D O W N   ---   start shutdown.
2018-05-29 07:47:42,708  INFO ControlerListenerManagerImpl:121 calling notifyShutdown on org.matsim.core.controler.corelisteners.EventsHandlingImpl
2018-05-29 07:47:42,708  INFO ControlerListenerManagerImpl:126 calling notifyShutdown on org.matsim.analysis.ModeStatsControlerListener
2018-05-29 07:47:42,708  INFO ControlerListenerManagerImpl:126 calling notifyShutdown on org.matsim.analysis.ScoreStatsControlerListener
2018-05-29 07:47:42,709  INFO ControlerListenerManagerImpl:126 calling notifyShutdown on org.matsim.analysis.TravelDistanceStatsControlerListener
2018-05-29 07:47:42,709  INFO ControlerListenerManagerImpl:126 calling notifyShutdown on org.matsim.contrib.pseudosimulation.RunPSimTest$ExecScoreTracker
2018-05-29 07:47:42,710  INFO ControlerListenerManagerImpl:129 all ControlerShutdownListeners called.
2018-05-29 07:47:42,710  INFO MatsimRuntimeModifications:81 S H U T D O W N   ---   shutdown completed.
2018-05-29 07:47:42,710  INFO OutputDirectoryLogging:146 closing the logfile, i.e. messages sent to the logger after this message are not written to the logfile.
2018-05-29 07:47:42,711  INFO OutputDirectoryLogging:146 closing the logfile, i.e. messages sent to the logger after this message are not written to the logfile.
2018-05-29 07:47:42,711  INFO RunPSimTest:96 RunPSim score was 0.0
2018-05-29 07:47:42,711  INFO RunPSimTest:97 Default controler score was 131.84302260910118
]]></system-out>
    <system-err><![CDATA[2018-05-29 07:47:24,083  WARN MatsimXmlParser:155 starting to parse xml from url file:/root/workspace/matsim-org/matsim/385025376/examples/target/classes/test/scenarios/pt-tutorial/0.config.xml ...
2018-05-29 07:47:24,926  WARN MatsimXmlParser:155 starting to parse xml from url file:/root/workspace/matsim-org/matsim/385025376/examples/target/classes/test/scenarios/pt-tutorial/multimodalnetwork.xml ...
2018-05-29 07:47:24,990  WARN MatsimXmlParser:155 starting to parse xml from url file:/root/workspace/matsim-org/matsim/385025376/examples/target/classes/test/scenarios/pt-tutorial/0.plans.xml.gz ...
2018-05-29 07:47:25,158  WARN MatsimXmlParser:155 starting to parse xml from url file:/root/workspace/matsim-org/matsim/385025376/examples/target/classes/test/scenarios/pt-tutorial/transitschedule.xml ...
2018-05-29 07:47:25,220  WARN MatsimXmlParser:155 starting to parse xml from url file:/root/workspace/matsim-org/matsim/385025376/examples/target/classes/test/scenarios/pt-tutorial/transitVehicles.xml ...
]]></system-err>
  </testcase>
</testsuite>