<?xml version="1.0" encoding="UTF-8"?>
<testsuite xmlns:xsi="http://www.w3.org/2001/XMLSchema-instance" xsi:schemaLocation="https://maven.apache.org/surefire/maven-surefire-plugin/xsd/surefire-test-report.xsd" name="org.matsim.contrib.pseudosimulation.RunPSimTest" time="20.111" tests="2" errors="1" skipped="0" failures="1">
  <properties>
    <property name="java.vendor" value="Oracle Corporation"/>
    <property name="sun.java.launcher" value="SUN_STANDARD"/>
    <property name="sun.management.compiler" value="HotSpot 64-Bit Tiered Compilers"/>
    <property name="os.name" value="Linux"/>
    <property name="sun.boot.class.path" value="/usr/lib/jvm/java-8-openjdk-amd64/jre/lib/resources.jar:/usr/lib/jvm/java-8-openjdk-amd64/jre/lib/rt.jar:/usr/lib/jvm/java-8-openjdk-amd64/jre/lib/sunrsasign.jar:/usr/lib/jvm/java-8-openjdk-amd64/jre/lib/jsse.jar:/usr/lib/jvm/java-8-openjdk-amd64/jre/lib/jce.jar:/usr/lib/jvm/java-8-openjdk-amd64/jre/lib/charsets.jar:/usr/lib/jvm/java-8-openjdk-amd64/jre/lib/jfr.jar:/usr/lib/jvm/java-8-openjdk-amd64/jre/classes"/>
    <property name="cobertura.skip" value="true"/>
    <property name="findbugs.skip" value="true"/>
    <property name="java.vm.specification.vendor" value="Oracle Corporation"/>
    <property name="java.runtime.version" value="1.8.0_121-8u121-b13-1~bpo8+1-b13"/>
    <property name="user.name" value="root"/>
    <property name="guice.disable.misplaced.annotation.check" value="true"/>
    <property name="maven.repo.local" value="/root/./workspace/matsim-org/matsim/386233578/.m2"/>
    <property name="user.language" value="en"/>
    <property name="sun.boot.library.path" value="/usr/lib/jvm/java-8-openjdk-amd64/jre/lib/amd64"/>
    <property name="classworlds.conf" value="/usr/share/maven/bin/m2.conf"/>
    <property name="java.version" value="1.8.0_121"/>
    <property name="user.timezone" value="Europe/Paris"/>
    <property name="rat.skip" value="true"/>
    <property name="sun.arch.data.model" value="64"/>
    <property name="java.endorsed.dirs" value="/usr/lib/jvm/java-8-openjdk-amd64/jre/lib/endorsed"/>
    <property name="sun.cpu.isalist" value=""/>
    <property name="sun.jnu.encoding" value="UTF-8"/>
    <property name="file.encoding.pkg" value="sun.io"/>
    <property name="file.separator" value="/"/>
    <property name="java.specification.name" value="Java Platform API Specification"/>
    <property name="java.class.version" value="52.0"/>
    <property name="checkstyle.skip" value="true"/>
    <property name="securerandom.source" value="file:/dev/./urandom"/>
    <property name="java.home" value="/usr/lib/jvm/java-8-openjdk-amd64/jre"/>
    <property name="java.vm.info" value="mixed mode"/>
    <property name="os.version" value="3.10.0-862.2.3.el7.x86_64"/>
    <property name="path.separator" value=":"/>
    <property name="java.vm.version" value="25.121-b13"/>
    <property name="gpg.skip" value="true"/>
    <property name="java.awt.printerjob" value="sun.print.PSPrinterJob"/>
    <property name="sun.io.unicode.encoding" value="UnicodeLittle"/>
    <property name="awt.toolkit" value="sun.awt.X11.XToolkit"/>
    <property name="os.detected.release" value="debian"/>
    <property name="user.home" value="/root"/>
    <property name="java.specification.vendor" value="Oracle Corporation"/>
    <property name="java.library.path" value="/usr/java/packages/lib/amd64:/usr/lib/x86_64-linux-gnu/jni:/lib/x86_64-linux-gnu:/usr/lib/x86_64-linux-gnu:/usr/lib/jni:/lib:/usr/lib"/>
    <property name="java.vendor.url" value="http://java.oracle.com/"/>
    <property name="java.vm.vendor" value="Oracle Corporation"/>
    <property name="os.detected.release.like.debian" value="true"/>
    <property name="dependency-check.skip" value="true"/>
    <property name="maven.home" value="/usr/share/maven"/>
    <property name="java.runtime.name" value="OpenJDK Runtime Environment"/>
    <property name="sun.java.command" value="org.codehaus.plexus.classworlds.launcher.Launcher -B -D enforcer.skip=true -D dependency-check.skip=true -D skipITs=true -D cobertura.skip=true -D maven.repo.local=/root/./workspace/matsim-org/matsim/386233578/.m2 -D rat.skip=true -D findbugs.skip=true -D skip.bower=true -D gpg.skip=true -D checkstyle.skip=true -D skip.gulp=true -D license.skip=true -D skip.npm=true test"/>
    <property name="java.class.path" value="/usr/share/maven/boot/plexus-classworlds-2.5.2.jar"/>
    <property name="os.detected.arch" value="x86_64"/>
    <property name="java.vm.specification.name" value="Java Virtual Machine Specification"/>
    <property name="java.vm.specification.version" value="1.8"/>
    <property name="sun.cpu.endian" value="little"/>
    <property name="sun.os.patch.level" value="unknown"/>
    <property name="os.detected.classifier" value="linux-x86_64"/>
    <property name="java.io.tmpdir" value="/tmp"/>
    <property name="java.vendor.url.bug" value="http://bugreport.sun.com/bugreport/"/>
    <property name="maven.multiModuleProjectDirectory" value="/root/workspace/matsim-org/matsim/386233578"/>
    <property name="os.arch" value="amd64"/>
    <property name="java.awt.graphicsenv" value="sun.awt.X11GraphicsEnvironment"/>
    <property name="java.ext.dirs" value="/usr/lib/jvm/java-8-openjdk-amd64/jre/lib/ext:/usr/java/packages/lib/ext"/>
    <property name="os.detected.release.version" value="8"/>
    <property name="user.dir" value="/root/workspace/matsim-org/matsim/386233578"/>
    <property name="skipITs" value="true"/>
    <property name="line.separator" value="&#10;"/>
    <property name="java.vm.name" value="OpenJDK 64-Bit Server VM"/>
    <property name="enforcer.skip" value="true"/>
    <property name="skip.gulp" value="true"/>
    <property name="skip.bower" value="true"/>
    <property name="skip.npm" value="true"/>
    <property name="file.encoding" value="UTF-8"/>
    <property name="os.detected.name" value="linux"/>
    <property name="license.skip" value="true"/>
    <property name="java.specification.version" value="1.8"/>
  </properties>
  <testcase name="testA" classname="org.matsim.contrib.pseudosimulation.RunPSimTest" time="0.74">
    <error message="unkhandled link weighting &quot;null&quot;" type="java.lang.RuntimeException">java.lang.RuntimeException: unkhandled link weighting "null"
	at org.matsim.contrib.pseudosimulation.RunPSimTest.testA(RunPSimTest.java:77)
</error>
    <system-out><![CDATA[2018-05-31 18:10:27,266  INFO Config:561 setting context to [file:/root/workspace/matsim-org/matsim/386233578/contribs/pseudosimulation/]
2018-05-31 18:10:27,366  INFO ConfigReader:102 using config_v2-reader
2018-05-31 18:10:27,366  INFO MatsimXmlParser:270 Trying to load http://www.matsim.org/files/dtd/config_v2.dtd. In some cases (e.g. network interface up but no connection), this may take a bit.
2018-05-31 18:10:27,666  INFO Config:561 setting context to [file:/root/workspace/matsim-org/matsim/386233578/examples/target/classes/test/scenarios/pt-tutorial/0.config.xml]
2018-05-31 18:10:27,702  INFO Config:561 setting context to [file:/root/workspace/matsim-org/matsim/386233578/contribs/pseudosimulation/]
2018-05-31 18:10:27,739  INFO ScenarioLoaderImpl:108 loading scenario from base directory: /root/workspace/matsim-org/matsim/386233578/contribs/pseudosimulation/
2018-05-31 18:10:27,740  INFO ScenarioLoaderImpl:130 loading network from file:/root/workspace/matsim-org/matsim/386233578/examples/target/classes/test/scenarios/pt-tutorial/multimodalnetwork.xml
2018-05-31 18:10:27,747  INFO MatsimNetworkReader:90 using network_v1-reader.
2018-05-31 18:10:27,747  INFO MatsimXmlParser:270 Trying to load http://matsim.org/files/dtd/network_v1.dtd. In some cases (e.g. network interface up but no connection), this may take a bit.
2018-05-31 18:10:27,814  INFO NetworkImpl:167  node # 1
2018-05-31 18:10:27,815  INFO NetworkImpl:167  node # 4
2018-05-31 18:10:27,817  INFO NetworkImpl:167  node # 16
2018-05-31 18:10:27,825  INFO NetworkImpl:163  link # 1
2018-05-31 18:10:27,827  INFO NetworkImpl:163  link # 4
2018-05-31 18:10:27,831  INFO NetworkImpl:163  link # 16
2018-05-31 18:10:27,838  INFO ScenarioLoaderImpl:182 no facilities file set in config, therefore not loading any facilities.  This is not a problem except if you are using facilities
2018-05-31 18:10:27,839  INFO ScenarioLoaderImpl:192 no facility-attributes file set in config, not loading any facility attributes
2018-05-31 18:10:27,839  INFO ScenarioLoaderImpl:199 loading population from file:/root/workspace/matsim-org/matsim/386233578/examples/target/classes/test/scenarios/pt-tutorial/0.plans.xml.gz
2018-05-31 18:10:27,850  INFO PopulationReader:124 using plans_v4-reader.
2018-05-31 18:10:27,850  INFO MatsimXmlParser:270 Trying to load http://www.matsim.org/files/dtd/plans_v4.dtd. In some cases (e.g. network interface up but no connection), this may take a bit.
2018-05-31 18:10:27,936  INFO ParallelPopulationReaderMatsimV4:138 Start parallel population reading...
2018-05-31 18:10:27,941  INFO PopulationImpl:112  person # 1
2018-05-31 18:10:27,947  INFO PopulationImpl:112  person # 4
2018-05-31 18:10:27,960  INFO PopulationImpl:112  person # 16
2018-05-31 18:10:27,984  INFO PopulationImpl:112  person # 64
2018-05-31 18:10:28,031  INFO PopulationImpl:112  person # 256
2018-05-31 18:10:28,098  INFO ParallelPopulationReaderMatsimV4:188 Finished parallel population reading...
2018-05-31 18:10:28,100  INFO PopulationUtils:992  person # 900
2018-05-31 18:10:28,100  INFO ScenarioLoaderImpl:235 no person-attributes file set in config, not loading any person attributes
2018-05-31 18:10:28,100  INFO ScenarioLoaderImpl:247 no households file set in config, not loading households
2018-05-31 18:10:28,100  INFO ScenarioLoaderImpl:258 no household-attributes file set in config, not loading any household attributes
2018-05-31 18:10:28,106  INFO MatsimXmlParser:270 Trying to load http://www.matsim.org/files/dtd/transitSchedule_v1.dtd. In some cases (e.g. network interface up but no connection), this may take a bit.
2018-05-31 18:10:28,175  INFO ScenarioLoaderImpl:307 loading transit vehicles from transitVehicles.xml
2018-05-31 18:10:28,179  INFO MatsimXmlParser:270 Trying to load http://www.matsim.org/files/dtd/vehicleDefinitions_v1.0.xsd. In some cases (e.g. network interface up but no connection), this may take a bit.
2018-05-31 18:10:28,254  INFO MatsimXmlParser:270 Trying to load http://www.matsim.org/files/dtd/matsimCommon.xsd. In some cases (e.g. network interface up but no connection), this may take a bit.
2018-05-31 18:10:28,308  INFO MatsimXmlParser:270 Trying to load http://www.matsim.org/files/dtd/vehicleDefinitionsEnumTypes.xsd. In some cases (e.g. network interface up but no connection), this may take a bit.
2018-05-31 18:10:28,374  INFO Counter:61  vehicles # 1
2018-05-31 18:10:28,375  INFO Counter:61  vehicles # 2
]]></system-out>
    <system-err><![CDATA[2018-05-31 18:10:27,337  WARN MatsimXmlParser:155 starting to parse xml from url file:/root/workspace/matsim-org/matsim/386233578/examples/target/classes/test/scenarios/pt-tutorial/0.config.xml ...
2018-05-31 18:10:27,657  WARN PlanCalcScoreConfigGroup$ActivityParams:860 Setting minimalDuration different from zero is discouraged.  It is probably implemented correctly, but there is as of now no indication that it makes the results more realistic.  KN, Sep'08 This message given only once.
2018-05-31 18:10:27,743  WARN MatsimXmlParser:155 starting to parse xml from url file:/root/workspace/matsim-org/matsim/386233578/examples/target/classes/test/scenarios/pt-tutorial/multimodalnetwork.xml ...
2018-05-31 18:10:27,821  WARN LinkImpl:148 length=0.0 of link id 11 may cause problems
2018-05-31 18:10:27,821  WARN LinkImpl:150  Future occurences of this logging statement are suppressed.
2018-05-31 18:10:27,823  WARN LinkImpl:108 fromNode=toNode=[id=1][coord=[x=1050.0][y=1050.0]][type=null][nof_inlinks=0][nof_outlinks=0]: link is a loop
2018-05-31 18:10:27,824  WARN LinkImpl:110  Future occurences of this logging statement are suppressed.
2018-05-31 18:10:27,825  WARN NodeImpl:87 [id=1][coord=[x=1050.0][y=1050.0]][type=null][nof_inlinks=0][nof_outlinks=1]: inlink_id=11 is now in- and out-link
2018-05-31 18:10:27,825  WARN NodeImpl:88  This message given only once.
2018-05-31 18:10:27,844  WARN MatsimXmlParser:155 starting to parse xml from url file:/root/workspace/matsim-org/matsim/386233578/examples/target/classes/test/scenarios/pt-tutorial/0.plans.xml.gz ...
2018-05-31 18:10:28,102  WARN MatsimXmlParser:155 starting to parse xml from url file:/root/workspace/matsim-org/matsim/386233578/examples/target/classes/test/scenarios/pt-tutorial/transitschedule.xml ...
2018-05-31 18:10:28,176  WARN MatsimXmlParser:155 starting to parse xml from url file:/root/workspace/matsim-org/matsim/386233578/examples/target/classes/test/scenarios/pt-tutorial/transitVehicles.xml ...
]]></system-err>
  </testcase>
  <testcase name="testB" classname="org.matsim.contrib.pseudosimulation.RunPSimTest" time="18.781">
    <failure message="Usually RunPSim outperforms default Controler on this test for executed score by a margin &gt; 1%; something changed." type="java.lang.AssertionError">java.lang.AssertionError: Usually RunPSim outperforms default Controler on this test for executed score by a margin > 1%; something changed.
	at org.matsim.contrib.pseudosimulation.RunPSimTest.testB(RunPSimTest.java:99)
</failure>
    <system-out><![CDATA[2018-05-31 18:10:28,409  INFO Config:561 setting context to [file:/root/workspace/matsim-org/matsim/386233578/contribs/pseudosimulation/]
2018-05-31 18:10:28,420  INFO ConfigReader:102 using config_v2-reader
2018-05-31 18:10:28,420  INFO MatsimXmlParser:270 Trying to load http://www.matsim.org/files/dtd/config_v2.dtd. In some cases (e.g. network interface up but no connection), this may take a bit.
2018-05-31 18:10:28,477  INFO Config:561 setting context to [file:/root/workspace/matsim-org/matsim/386233578/examples/target/classes/test/scenarios/pt-tutorial/0.config.xml]
2018-05-31 18:10:29,351 DEBUG ScenarioLoaderImpl:85 setting {}
2018-05-31 18:10:29,352  INFO ScenarioLoaderImpl:108 loading scenario from base directory: /root/workspace/matsim-org/matsim/386233578/contribs/pseudosimulation/
2018-05-31 18:10:29,352  INFO ScenarioLoaderImpl:130 loading network from file:/root/workspace/matsim-org/matsim/386233578/examples/target/classes/test/scenarios/pt-tutorial/multimodalnetwork.xml
2018-05-31 18:10:29,356  INFO MatsimNetworkReader:90 using network_v1-reader.
2018-05-31 18:10:29,356  INFO MatsimXmlParser:270 Trying to load http://matsim.org/files/dtd/network_v1.dtd. In some cases (e.g. network interface up but no connection), this may take a bit.
2018-05-31 18:10:29,409  INFO NetworkImpl:167  node # 1
2018-05-31 18:10:29,410  INFO NetworkImpl:167  node # 4
2018-05-31 18:10:29,411  INFO NetworkImpl:167  node # 16
2018-05-31 18:10:29,413  INFO NetworkImpl:163  link # 1
2018-05-31 18:10:29,414  INFO NetworkImpl:163  link # 4
2018-05-31 18:10:29,416  INFO NetworkImpl:163  link # 16
2018-05-31 18:10:29,420  INFO ScenarioLoaderImpl:182 no facilities file set in config, therefore not loading any facilities.  This is not a problem except if you are using facilities
2018-05-31 18:10:29,421  INFO ScenarioLoaderImpl:192 no facility-attributes file set in config, not loading any facility attributes
2018-05-31 18:10:29,422  INFO ScenarioLoaderImpl:199 loading population from file:/root/workspace/matsim-org/matsim/386233578/examples/target/classes/test/scenarios/pt-tutorial/0.plans.xml.gz
2018-05-31 18:10:29,426  INFO PopulationReader:124 using plans_v4-reader.
2018-05-31 18:10:29,427  INFO MatsimXmlParser:270 Trying to load http://www.matsim.org/files/dtd/plans_v4.dtd. In some cases (e.g. network interface up but no connection), this may take a bit.
2018-05-31 18:10:29,500  INFO ParallelPopulationReaderMatsimV4:138 Start parallel population reading...
2018-05-31 18:10:29,502  INFO PopulationImpl:112  person # 1
2018-05-31 18:10:29,504  INFO PopulationImpl:112  person # 4
2018-05-31 18:10:29,507  INFO PopulationImpl:112  person # 16
2018-05-31 18:10:29,516  INFO PopulationImpl:112  person # 64
2018-05-31 18:10:29,552  INFO PopulationImpl:112  person # 256
2018-05-31 18:10:29,614  INFO ParallelPopulationReaderMatsimV4:188 Finished parallel population reading...
2018-05-31 18:10:29,616  INFO PopulationUtils:992  person # 900
2018-05-31 18:10:29,616  INFO ScenarioLoaderImpl:235 no person-attributes file set in config, not loading any person attributes
2018-05-31 18:10:29,616  INFO ScenarioLoaderImpl:247 no households file set in config, not loading households
2018-05-31 18:10:29,617  INFO ScenarioLoaderImpl:258 no household-attributes file set in config, not loading any household attributes
2018-05-31 18:10:29,621  INFO MatsimXmlParser:270 Trying to load http://www.matsim.org/files/dtd/transitSchedule_v1.dtd. In some cases (e.g. network interface up but no connection), this may take a bit.
2018-05-31 18:10:29,674  INFO ScenarioLoaderImpl:307 loading transit vehicles from transitVehicles.xml
2018-05-31 18:10:29,677  INFO MatsimXmlParser:270 Trying to load http://www.matsim.org/files/dtd/vehicleDefinitions_v1.0.xsd. In some cases (e.g. network interface up but no connection), this may take a bit.
2018-05-31 18:10:29,728  INFO MatsimXmlParser:270 Trying to load http://www.matsim.org/files/dtd/matsimCommon.xsd. In some cases (e.g. network interface up but no connection), this may take a bit.
2018-05-31 18:10:29,779  INFO MatsimXmlParser:270 Trying to load http://www.matsim.org/files/dtd/vehicleDefinitionsEnumTypes.xsd. In some cases (e.g. network interface up but no connection), this may take a bit.
2018-05-31 18:10:29,834  INFO Counter:61  vehicles # 1
2018-05-31 18:10:29,835  INFO Counter:61  vehicles # 2
2018-05-31 18:10:29,838  INFO SimStepParallelEventsManagerImpl:79 number of threads=1
2018-05-31 18:10:29,842  INFO EventsManagerImpl:144 adding Event-Handler: org.matsim.core.trafficmonitoring.TravelTimeCalculator
2018-05-31 18:10:29,843  INFO EventsManagerImpl:148   org.matsim.api.core.v01.events.handler.LinkEnterEventHandler
2018-05-31 18:10:29,844  INFO EventsManagerImpl:207     > org.matsim.api.core.v01.events.LinkEnterEvent
2018-05-31 18:10:29,845  INFO EventsManagerImpl:148   org.matsim.api.core.v01.events.handler.LinkLeaveEventHandler
2018-05-31 18:10:29,845  INFO EventsManagerImpl:207     > org.matsim.api.core.v01.events.LinkLeaveEvent
2018-05-31 18:10:29,845  INFO EventsManagerImpl:148   org.matsim.api.core.v01.events.handler.VehicleEntersTrafficEventHandler
2018-05-31 18:10:29,846  INFO EventsManagerImpl:207     > org.matsim.api.core.v01.events.VehicleEntersTrafficEvent
2018-05-31 18:10:29,846  INFO EventsManagerImpl:148   org.matsim.api.core.v01.events.handler.VehicleLeavesTrafficEventHandler
2018-05-31 18:10:29,847  INFO EventsManagerImpl:207     > org.matsim.api.core.v01.events.VehicleLeavesTrafficEvent
2018-05-31 18:10:29,847  INFO EventsManagerImpl:148   org.matsim.core.api.experimental.events.handler.VehicleArrivesAtFacilityEventHandler
2018-05-31 18:10:29,847  INFO EventsManagerImpl:207     > org.matsim.core.api.experimental.events.VehicleArrivesAtFacilityEvent
2018-05-31 18:10:29,848  INFO EventsManagerImpl:148   org.matsim.api.core.v01.events.handler.VehicleAbortsEventHandler
2018-05-31 18:10:29,848  INFO EventsManagerImpl:207     > org.matsim.api.core.v01.events.VehicleAbortsEvent
2018-05-31 18:10:29,848  INFO EventsManagerImpl:156 
2018-05-31 18:10:29,849  INFO EventsManagerImpl:144 adding Event-Handler: org.matsim.core.trafficmonitoring.TravelTimeCalculator
2018-05-31 18:10:29,849  INFO EventsManagerImpl:148   org.matsim.api.core.v01.events.handler.LinkEnterEventHandler
2018-05-31 18:10:29,849  INFO EventsManagerImpl:207     > org.matsim.api.core.v01.events.LinkEnterEvent
2018-05-31 18:10:29,850  INFO EventsManagerImpl:148   org.matsim.api.core.v01.events.handler.LinkLeaveEventHandler
2018-05-31 18:10:29,850  INFO EventsManagerImpl:207     > org.matsim.api.core.v01.events.LinkLeaveEvent
2018-05-31 18:10:29,851  INFO EventsManagerImpl:148   org.matsim.api.core.v01.events.handler.VehicleEntersTrafficEventHandler
2018-05-31 18:10:29,851  INFO EventsManagerImpl:207     > org.matsim.api.core.v01.events.VehicleEntersTrafficEvent
2018-05-31 18:10:29,851  INFO EventsManagerImpl:148   org.matsim.api.core.v01.events.handler.VehicleLeavesTrafficEventHandler
2018-05-31 18:10:29,852  INFO EventsManagerImpl:207     > org.matsim.api.core.v01.events.VehicleLeavesTrafficEvent
2018-05-31 18:10:29,852  INFO EventsManagerImpl:148   org.matsim.core.api.experimental.events.handler.VehicleArrivesAtFacilityEventHandler
2018-05-31 18:10:29,853  INFO EventsManagerImpl:207     > org.matsim.core.api.experimental.events.VehicleArrivesAtFacilityEvent
2018-05-31 18:10:29,853  INFO EventsManagerImpl:148   org.matsim.api.core.v01.events.handler.VehicleAbortsEventHandler
2018-05-31 18:10:29,854  INFO EventsManagerImpl:207     > org.matsim.api.core.v01.events.VehicleAbortsEvent
2018-05-31 18:10:29,854  INFO EventsManagerImpl:156 
2018-05-31 18:10:29,869  INFO StrategyManager:59 global innovation switch off after iteration: 2147483647
2018-05-31 18:10:29,871  INFO GenericStrategyManager:318 added change request:  iteration=-2147483648 newWeight=0.0 strategy=RandomPlanSelector_ReRoute
2018-05-31 18:10:29,872  INFO GenericStrategyManager:318 added change request:  iteration=-2147483648 newWeight=0.0 strategy=RandomPlanSelector_TimeAllocationMutator
2018-05-31 18:10:29,872  INFO GenericStrategyManager:318 added change request:  iteration=-2147483648 newWeight=0.0 strategy=RandomPlanSelector_TripsToLegsModule_ChangeLegMode_ReRoute
2018-05-31 18:10:29,873  INFO GenericStrategyManager:350 setting PlanSelectorForRemoval to class org.matsim.core.replanning.selectors.WorstPlanForRemovalSelector
2018-05-31 18:10:29,874  INFO EventsManagerImpl:144 adding Event-Handler: org.matsim.core.scoring.EventsToActivities
2018-05-31 18:10:29,875  INFO EventsManagerImpl:148   org.matsim.api.core.v01.events.handler.ActivityStartEventHandler
2018-05-31 18:10:29,875  INFO EventsManagerImpl:207     > org.matsim.api.core.v01.events.ActivityStartEvent
2018-05-31 18:10:29,876  INFO EventsManagerImpl:148   org.matsim.api.core.v01.events.handler.ActivityEndEventHandler
2018-05-31 18:10:29,876  INFO EventsManagerImpl:207     > org.matsim.api.core.v01.events.ActivityEndEvent
2018-05-31 18:10:29,876  INFO EventsManagerImpl:156 
2018-05-31 18:10:29,877  INFO EventsManagerImpl:144 adding Event-Handler: org.matsim.core.scoring.EventsToActivities
2018-05-31 18:10:29,877  INFO EventsManagerImpl:148   org.matsim.api.core.v01.events.handler.ActivityStartEventHandler
2018-05-31 18:10:29,877  INFO EventsManagerImpl:207     > org.matsim.api.core.v01.events.ActivityStartEvent
2018-05-31 18:10:29,878  INFO EventsManagerImpl:148   org.matsim.api.core.v01.events.handler.ActivityEndEventHandler
2018-05-31 18:10:29,878  INFO EventsManagerImpl:207     > org.matsim.api.core.v01.events.ActivityEndEvent
2018-05-31 18:10:29,878  INFO EventsManagerImpl:156 
2018-05-31 18:10:29,879  INFO EventsManagerImpl:144 adding Event-Handler: org.matsim.core.scoring.EventsToLegs
2018-05-31 18:10:29,879  INFO EventsManagerImpl:148   org.matsim.api.core.v01.events.handler.PersonDepartureEventHandler
2018-05-31 18:10:29,880  INFO EventsManagerImpl:207     > org.matsim.api.core.v01.events.PersonDepartureEvent
2018-05-31 18:10:29,880  INFO EventsManagerImpl:148   org.matsim.api.core.v01.events.handler.PersonArrivalEventHandler
2018-05-31 18:10:29,881  INFO EventsManagerImpl:207     > org.matsim.api.core.v01.events.PersonArrivalEvent
2018-05-31 18:10:29,881  INFO EventsManagerImpl:148   org.matsim.api.core.v01.events.handler.LinkLeaveEventHandler
2018-05-31 18:10:29,881  INFO EventsManagerImpl:207     > org.matsim.api.core.v01.events.LinkLeaveEvent
2018-05-31 18:10:29,882  INFO EventsManagerImpl:148   org.matsim.api.core.v01.events.handler.LinkEnterEventHandler
2018-05-31 18:10:29,882  INFO EventsManagerImpl:207     > org.matsim.api.core.v01.events.LinkEnterEvent
2018-05-31 18:10:29,882  INFO EventsManagerImpl:148   org.matsim.core.api.experimental.events.handler.TeleportationArrivalEventHandler
2018-05-31 18:10:29,883  INFO EventsManagerImpl:207     > org.matsim.core.api.experimental.events.TeleportationArrivalEvent
2018-05-31 18:10:29,883  INFO EventsManagerImpl:148   org.matsim.api.core.v01.events.handler.TransitDriverStartsEventHandler
2018-05-31 18:10:29,883  INFO EventsManagerImpl:207     > org.matsim.api.core.v01.events.TransitDriverStartsEvent
2018-05-31 18:10:29,884  INFO EventsManagerImpl:148   org.matsim.api.core.v01.events.handler.PersonEntersVehicleEventHandler
2018-05-31 18:10:29,884  INFO EventsManagerImpl:207     > org.matsim.api.core.v01.events.PersonEntersVehicleEvent
2018-05-31 18:10:29,885  INFO EventsManagerImpl:148   org.matsim.core.api.experimental.events.handler.VehicleArrivesAtFacilityEventHandler
2018-05-31 18:10:29,885  INFO EventsManagerImpl:207     > org.matsim.core.api.experimental.events.VehicleArrivesAtFacilityEvent
2018-05-31 18:10:29,885  INFO EventsManagerImpl:148   org.matsim.api.core.v01.events.handler.VehicleEntersTrafficEventHandler
2018-05-31 18:10:29,886  INFO EventsManagerImpl:207     > org.matsim.api.core.v01.events.VehicleEntersTrafficEvent
2018-05-31 18:10:29,886  INFO EventsManagerImpl:148   org.matsim.api.core.v01.events.handler.VehicleLeavesTrafficEventHandler
2018-05-31 18:10:29,886  INFO EventsManagerImpl:207     > org.matsim.api.core.v01.events.VehicleLeavesTrafficEvent
2018-05-31 18:10:29,887  INFO EventsManagerImpl:156 
2018-05-31 18:10:29,887  INFO EventsManagerImpl:144 adding Event-Handler: org.matsim.core.scoring.EventsToLegs
2018-05-31 18:10:29,888  INFO EventsManagerImpl:148   org.matsim.api.core.v01.events.handler.PersonDepartureEventHandler
2018-05-31 18:10:29,888  INFO EventsManagerImpl:207     > org.matsim.api.core.v01.events.PersonDepartureEvent
2018-05-31 18:10:29,888  INFO EventsManagerImpl:148   org.matsim.api.core.v01.events.handler.PersonArrivalEventHandler
2018-05-31 18:10:29,889  INFO EventsManagerImpl:207     > org.matsim.api.core.v01.events.PersonArrivalEvent
2018-05-31 18:10:29,889  INFO EventsManagerImpl:148   org.matsim.api.core.v01.events.handler.LinkLeaveEventHandler
2018-05-31 18:10:29,889  INFO EventsManagerImpl:207     > org.matsim.api.core.v01.events.LinkLeaveEvent
2018-05-31 18:10:29,890  INFO EventsManagerImpl:148   org.matsim.api.core.v01.events.handler.LinkEnterEventHandler
2018-05-31 18:10:29,890  INFO EventsManagerImpl:207     > org.matsim.api.core.v01.events.LinkEnterEvent
2018-05-31 18:10:29,891  INFO EventsManagerImpl:148   org.matsim.core.api.experimental.events.handler.TeleportationArrivalEventHandler
2018-05-31 18:10:29,891  INFO EventsManagerImpl:207     > org.matsim.core.api.experimental.events.TeleportationArrivalEvent
2018-05-31 18:10:29,891  INFO EventsManagerImpl:148   org.matsim.api.core.v01.events.handler.TransitDriverStartsEventHandler
2018-05-31 18:10:29,892  INFO EventsManagerImpl:207     > org.matsim.api.core.v01.events.TransitDriverStartsEvent
2018-05-31 18:10:29,892  INFO EventsManagerImpl:148   org.matsim.api.core.v01.events.handler.PersonEntersVehicleEventHandler
2018-05-31 18:10:29,892  INFO EventsManagerImpl:207     > org.matsim.api.core.v01.events.PersonEntersVehicleEvent
2018-05-31 18:10:29,893  INFO EventsManagerImpl:148   org.matsim.core.api.experimental.events.handler.VehicleArrivesAtFacilityEventHandler
2018-05-31 18:10:29,893  INFO EventsManagerImpl:207     > org.matsim.core.api.experimental.events.VehicleArrivesAtFacilityEvent
2018-05-31 18:10:29,894  INFO EventsManagerImpl:148   org.matsim.api.core.v01.events.handler.VehicleEntersTrafficEventHandler
2018-05-31 18:10:29,894  INFO EventsManagerImpl:207     > org.matsim.api.core.v01.events.VehicleEntersTrafficEvent
2018-05-31 18:10:29,894  INFO EventsManagerImpl:148   org.matsim.api.core.v01.events.handler.VehicleLeavesTrafficEventHandler
2018-05-31 18:10:29,895  INFO EventsManagerImpl:207     > org.matsim.api.core.v01.events.VehicleLeavesTrafficEvent
2018-05-31 18:10:29,895  INFO EventsManagerImpl:156 
2018-05-31 18:10:29,896  INFO EventsManagerImpl:144 adding Event-Handler: org.matsim.core.scoring.ScoringFunctionsForPopulation
2018-05-31 18:10:29,896  INFO EventsManagerImpl:148   org.matsim.core.events.handler.BasicEventHandler
2018-05-31 18:10:29,897  INFO EventsManagerImpl:207     > org.matsim.api.core.v01.events.Event
2018-05-31 18:10:29,897  INFO EventsManagerImpl:148   org.matsim.core.scoring.EventsToLegs$LegHandler
2018-05-31 18:10:29,897  INFO EventsManagerImpl:148   org.matsim.core.scoring.EventsToActivities$ActivityHandler
2018-05-31 18:10:29,898  INFO EventsManagerImpl:156 
2018-05-31 18:10:29,898  INFO EventsManagerImpl:144 adding Event-Handler: org.matsim.core.scoring.ScoringFunctionsForPopulation
2018-05-31 18:10:29,898  INFO EventsManagerImpl:148   org.matsim.core.events.handler.BasicEventHandler
2018-05-31 18:10:29,899  INFO EventsManagerImpl:207     > org.matsim.api.core.v01.events.Event
2018-05-31 18:10:29,899  INFO EventsManagerImpl:148   org.matsim.core.scoring.EventsToLegs$LegHandler
2018-05-31 18:10:29,899  INFO EventsManagerImpl:148   org.matsim.core.scoring.EventsToActivities$ActivityHandler
2018-05-31 18:10:29,899  INFO EventsManagerImpl:156 
2018-05-31 18:10:29,901  INFO CalcLinkStats:151  resetting `count' to zero.  This info is here since we want to check when this is happening during normal simulation runs.  kai, jan'11
2018-05-31 18:10:29,903  INFO EventsManagerImpl:144 adding Event-Handler: org.matsim.analysis.VolumesAnalyzer
2018-05-31 18:10:29,903  INFO EventsManagerImpl:148   org.matsim.api.core.v01.events.handler.LinkLeaveEventHandler
2018-05-31 18:10:29,903  INFO EventsManagerImpl:207     > org.matsim.api.core.v01.events.LinkLeaveEvent
2018-05-31 18:10:29,904  INFO EventsManagerImpl:148   org.matsim.api.core.v01.events.handler.VehicleEntersTrafficEventHandler
2018-05-31 18:10:29,904  INFO EventsManagerImpl:207     > org.matsim.api.core.v01.events.VehicleEntersTrafficEvent
2018-05-31 18:10:29,904  INFO EventsManagerImpl:156 
2018-05-31 18:10:29,905  INFO EventsManagerImpl:144 adding Event-Handler: org.matsim.analysis.VolumesAnalyzer
2018-05-31 18:10:29,905  INFO EventsManagerImpl:148   org.matsim.api.core.v01.events.handler.LinkLeaveEventHandler
2018-05-31 18:10:29,905  INFO EventsManagerImpl:207     > org.matsim.api.core.v01.events.LinkLeaveEvent
2018-05-31 18:10:29,906  INFO EventsManagerImpl:148   org.matsim.api.core.v01.events.handler.VehicleEntersTrafficEventHandler
2018-05-31 18:10:29,906  INFO EventsManagerImpl:207     > org.matsim.api.core.v01.events.VehicleEntersTrafficEvent
2018-05-31 18:10:29,906  INFO EventsManagerImpl:156 
2018-05-31 18:10:29,907  INFO EventsManagerImpl:144 adding Event-Handler: org.matsim.analysis.LegHistogram
2018-05-31 18:10:29,907  INFO EventsManagerImpl:148   org.matsim.api.core.v01.events.handler.PersonDepartureEventHandler
2018-05-31 18:10:29,908  INFO EventsManagerImpl:207     > org.matsim.api.core.v01.events.PersonDepartureEvent
2018-05-31 18:10:29,908  INFO EventsManagerImpl:148   org.matsim.api.core.v01.events.handler.PersonArrivalEventHandler
2018-05-31 18:10:29,908  INFO EventsManagerImpl:207     > org.matsim.api.core.v01.events.PersonArrivalEvent
2018-05-31 18:10:29,908  INFO EventsManagerImpl:148   org.matsim.api.core.v01.events.handler.PersonStuckEventHandler
2018-05-31 18:10:29,909  INFO EventsManagerImpl:207     > org.matsim.api.core.v01.events.PersonStuckEvent
2018-05-31 18:10:29,909  INFO EventsManagerImpl:156 
2018-05-31 18:10:29,909  INFO EventsManagerImpl:144 adding Event-Handler: org.matsim.analysis.LegHistogram
2018-05-31 18:10:29,910  INFO EventsManagerImpl:148   org.matsim.api.core.v01.events.handler.PersonDepartureEventHandler
2018-05-31 18:10:29,910  INFO EventsManagerImpl:207     > org.matsim.api.core.v01.events.PersonDepartureEvent
2018-05-31 18:10:29,910  INFO EventsManagerImpl:148   org.matsim.api.core.v01.events.handler.PersonArrivalEventHandler
2018-05-31 18:10:29,911  INFO EventsManagerImpl:207     > org.matsim.api.core.v01.events.PersonArrivalEvent
2018-05-31 18:10:29,911  INFO EventsManagerImpl:148   org.matsim.api.core.v01.events.handler.PersonStuckEventHandler
2018-05-31 18:10:29,911  INFO EventsManagerImpl:207     > org.matsim.api.core.v01.events.PersonStuckEvent
2018-05-31 18:10:29,911  INFO EventsManagerImpl:156 
2018-05-31 18:10:29,912  INFO EventsManagerImpl:144 adding Event-Handler: org.matsim.analysis.CalcLegTimes
2018-05-31 18:10:29,912  INFO EventsManagerImpl:148   org.matsim.api.core.v01.events.handler.PersonDepartureEventHandler
2018-05-31 18:10:29,936  INFO EventsManagerImpl:207     > org.matsim.api.core.v01.events.PersonDepartureEvent
2018-05-31 18:10:29,936  INFO EventsManagerImpl:148   org.matsim.api.core.v01.events.handler.PersonArrivalEventHandler
2018-05-31 18:10:29,936  INFO EventsManagerImpl:207     > org.matsim.api.core.v01.events.PersonArrivalEvent
2018-05-31 18:10:29,937  INFO EventsManagerImpl:148   org.matsim.api.core.v01.events.handler.ActivityEndEventHandler
2018-05-31 18:10:29,937  INFO EventsManagerImpl:207     > org.matsim.api.core.v01.events.ActivityEndEvent
2018-05-31 18:10:29,938  INFO EventsManagerImpl:148   org.matsim.api.core.v01.events.handler.ActivityStartEventHandler
2018-05-31 18:10:29,939  INFO EventsManagerImpl:207     > org.matsim.api.core.v01.events.ActivityStartEvent
2018-05-31 18:10:29,939  INFO EventsManagerImpl:156 
2018-05-31 18:10:29,939  INFO EventsManagerImpl:144 adding Event-Handler: org.matsim.analysis.CalcLegTimes
2018-05-31 18:10:29,941  INFO EventsManagerImpl:148   org.matsim.api.core.v01.events.handler.PersonDepartureEventHandler
2018-05-31 18:10:29,942  INFO EventsManagerImpl:207     > org.matsim.api.core.v01.events.PersonDepartureEvent
2018-05-31 18:10:29,942  INFO EventsManagerImpl:148   org.matsim.api.core.v01.events.handler.PersonArrivalEventHandler
2018-05-31 18:10:29,942  INFO EventsManagerImpl:207     > org.matsim.api.core.v01.events.PersonArrivalEvent
2018-05-31 18:10:29,943  INFO EventsManagerImpl:148   org.matsim.api.core.v01.events.handler.ActivityEndEventHandler
2018-05-31 18:10:29,943  INFO EventsManagerImpl:207     > org.matsim.api.core.v01.events.ActivityEndEvent
2018-05-31 18:10:29,943  INFO EventsManagerImpl:148   org.matsim.api.core.v01.events.handler.ActivityStartEventHandler
2018-05-31 18:10:29,944  INFO EventsManagerImpl:207     > org.matsim.api.core.v01.events.ActivityStartEvent
2018-05-31 18:10:29,944  INFO EventsManagerImpl:156 
2018-05-31 18:10:29,947  INFO AbstractController:52 Used Controler-Class: org.matsim.core.controler.NewControler
2018-05-31 18:10:29,947  INFO Config:534 ConfigConsistencyChecker with runtime type=class org.matsim.core.config.consistency.ConfigConsistencyCheckerImpl was already added; not adding it a second time
2018-05-31 18:10:29,949  INFO Injector:80 === printInjector start ===
2018-05-31 18:10:29,949  INFO Injector:84 org.matsim.core.controler.listener.ControlerListener @com.google.inject.multibindings.Element(setName=,uniqueId=73, type=MULTIBINDER, keyType=)
2018-05-31 18:10:29,949  INFO Injector:85   --> provider: of(org.matsim.contrib.pseudosimulation.RunPSimTest$ExecScoreTracker@44821a96)
2018-05-31 18:10:29,950  INFO Injector:86   --> source: org.matsim.core.controler.Controler$5.install(Controler.java:384)
2018-05-31 18:10:29,950  INFO Injector:88   --> scope: eager singleton
2018-05-31 18:10:29,950  INFO Injector:92 
2018-05-31 18:10:29,950  INFO Injector:84 org.matsim.core.scenario.ScenarioLoaderImpl 
2018-05-31 18:10:29,951  INFO Injector:85   --> provider: of(org.matsim.core.scenario.ScenarioLoaderImpl@186f8716)
2018-05-31 18:10:29,951  INFO Injector:86   --> source: org.matsim.core.scenario.ScenarioByConfigModule.install(ScenarioByConfigModule.java:12)
2018-05-31 18:10:29,951  INFO Injector:88   --> scope: eager singleton
2018-05-31 18:10:29,951  INFO Injector:92 
2018-05-31 18:10:29,952  INFO Injector:84 org.matsim.pt.transitSchedule.api.TransitSchedule 
2018-05-31 18:10:29,952  INFO Injector:85   --> provider: Key[type=org.matsim.core.scenario.ScenarioByInstanceModule$TransitScheduleProvider, annotation=[none]]
2018-05-31 18:10:29,953  INFO Injector:86   --> source: org.matsim.core.scenario.ScenarioByInstanceModule.install(ScenarioByInstanceModule.java:33)
2018-05-31 18:10:29,953  INFO Injector:88   --> scope: Scopes.NO_SCOPE
2018-05-31 18:10:29,953  INFO Injector:92 
2018-05-31 18:10:29,954  INFO Injector:84 org.matsim.vehicles.Vehicles 
2018-05-31 18:10:29,954  INFO Injector:85   --> provider: Key[type=org.matsim.core.scenario.ScenarioByInstanceModule$TransitVehiclesProvider, annotation=[none]]
2018-05-31 18:10:29,954  INFO Injector:86   --> source: org.matsim.core.scenario.ScenarioByInstanceModule.install(ScenarioByInstanceModule.java:34)
2018-05-31 18:10:29,954  INFO Injector:88   --> scope: Scopes.NO_SCOPE
2018-05-31 18:10:29,954  INFO Injector:92 
2018-05-31 18:10:29,955  INFO Injector:84 org.matsim.api.core.v01.population.Population 
2018-05-31 18:10:29,958  INFO Injector:85   --> provider: @Provides org.matsim.core.scenario.ScenarioByInstanceModule.providePopulation(ScenarioByInstanceModule.java:43)
2018-05-31 18:10:29,958  INFO Injector:86   --> source: org.matsim.api.core.v01.population.Population org.matsim.core.scenario.ScenarioByInstanceModule.providePopulation(org.matsim.api.core.v01.Scenario)
2018-05-31 18:10:29,958  INFO Injector:88   --> scope: Scopes.NO_SCOPE
2018-05-31 18:10:29,959  INFO Injector:92 
2018-05-31 18:10:29,959  INFO Injector:84 org.matsim.api.core.v01.population.PopulationFactory 
2018-05-31 18:10:29,959  INFO Injector:85   --> provider: @Provides org.matsim.core.scenario.ScenarioByInstanceModule.providePopulationFactory(ScenarioByInstanceModule.java:47)
2018-05-31 18:10:29,959  INFO Injector:86   --> source: org.matsim.api.core.v01.population.PopulationFactory org.matsim.core.scenario.ScenarioByInstanceModule.providePopulationFactory(org.matsim.api.core.v01.population.Population)
2018-05-31 18:10:29,959  INFO Injector:88   --> scope: Scopes.NO_SCOPE
2018-05-31 18:10:29,960  INFO Injector:92 
2018-05-31 18:10:29,960  INFO Injector:84 org.matsim.facilities.ActivityFacilities 
2018-05-31 18:10:29,960  INFO Injector:85   --> provider: @Provides org.matsim.core.scenario.ScenarioByInstanceModule.provideActivityFacilities(ScenarioByInstanceModule.java:51)
2018-05-31 18:10:29,960  INFO Injector:86   --> source: org.matsim.facilities.ActivityFacilities org.matsim.core.scenario.ScenarioByInstanceModule.provideActivityFacilities(org.matsim.api.core.v01.Scenario)
2018-05-31 18:10:29,960  INFO Injector:88   --> scope: Scopes.NO_SCOPE
2018-05-31 18:10:29,960  INFO Injector:92 
2018-05-31 18:10:29,960  INFO Injector:84 org.matsim.households.Households 
2018-05-31 18:10:29,961  INFO Injector:85   --> provider: @Provides org.matsim.core.scenario.ScenarioByInstanceModule.provideHouseholds(ScenarioByInstanceModule.java:56)
2018-05-31 18:10:29,961  INFO Injector:86   --> source: org.matsim.households.Households org.matsim.core.scenario.ScenarioByInstanceModule.provideHouseholds(org.matsim.api.core.v01.Scenario)
2018-05-31 18:10:29,961  INFO Injector:88   --> scope: Scopes.NO_SCOPE
2018-05-31 18:10:29,961  INFO Injector:92 
2018-05-31 18:10:29,961  INFO Injector:84 org.matsim.lanes.data.Lanes 
2018-05-31 18:10:29,961  INFO Injector:85   --> provider: @Provides org.matsim.core.scenario.ScenarioByInstanceModule.provideLanes(ScenarioByInstanceModule.java:66)
2018-05-31 18:10:29,962  INFO Injector:86   --> source: org.matsim.lanes.data.Lanes org.matsim.core.scenario.ScenarioByInstanceModule.provideLanes(org.matsim.api.core.v01.Scenario)
2018-05-31 18:10:29,962  INFO Injector:88   --> scope: Scopes.NO_SCOPE
2018-05-31 18:10:29,962  INFO Injector:92 
2018-05-31 18:10:29,962  INFO Injector:84 org.matsim.api.core.v01.network.Network 
2018-05-31 18:10:29,962  INFO Injector:85   --> provider: @Provides org.matsim.core.scenario.ScenarioByInstanceModule.provideNetwork(ScenarioByInstanceModule.java:39)
2018-05-31 18:10:29,962  INFO Injector:86   --> source: org.matsim.api.core.v01.network.Network org.matsim.core.scenario.ScenarioByInstanceModule.provideNetwork(org.matsim.api.core.v01.Scenario)
2018-05-31 18:10:29,962  INFO Injector:88   --> scope: Scopes.NO_SCOPE
2018-05-31 18:10:29,963  INFO Injector:92 
2018-05-31 18:10:29,963  INFO Injector:84 org.matsim.vehicles.Vehicles 
2018-05-31 18:10:29,963  INFO Injector:85   --> provider: @Provides org.matsim.core.scenario.ScenarioByInstanceModule.provideVehicles(ScenarioByInstanceModule.java:61)
2018-05-31 18:10:29,963  INFO Injector:86   --> source: org.matsim.vehicles.Vehicles org.matsim.core.scenario.ScenarioByInstanceModule.provideVehicles(org.matsim.api.core.v01.Scenario)
2018-05-31 18:10:29,963  INFO Injector:88   --> scope: Scopes.NO_SCOPE
2018-05-31 18:10:29,963  INFO Injector:92 
2018-05-31 18:10:29,964  INFO Injector:84 org.matsim.api.core.v01.Scenario 
2018-05-31 18:10:29,964  INFO Injector:85   --> provider: @Provides org.matsim.core.scenario.ScenarioByConfigModule.createScenario(ScenarioByConfigModule.java:9)[Scopes.SINGLETON]
2018-05-31 18:10:29,965  INFO Injector:86   --> source: private org.matsim.api.core.v01.Scenario org.matsim.core.scenario.ScenarioByConfigModule.createScenario(org.matsim.core.scenario.ScenarioLoaderImpl)
2018-05-31 18:10:29,965  INFO Injector:88   --> scope: Scopes.SINGLETON
2018-05-31 18:10:29,965  INFO Injector:92 
2018-05-31 18:10:29,965  INFO Injector:84 org.matsim.core.controler.ControlerI 
2018-05-31 18:10:29,966  INFO Injector:85   --> provider: FactoryProxy{key=Key[type=org.matsim.core.controler.ControlerI, annotation=[none]], provider=com.google.inject.internal.ConstructorBindingImpl$Factory@5032714f}[Scopes.SINGLETON]
2018-05-31 18:10:29,967  INFO Injector:86   --> source: org.matsim.core.controler.NewControlerModule.install(NewControlerModule.java:8)
2018-05-31 18:10:29,967  INFO Injector:88   --> scope: eager singleton
2018-05-31 18:10:29,967  INFO Injector:92 
2018-05-31 18:10:29,967  INFO Injector:84 org.matsim.core.controler.ControlerListenerManager 
2018-05-31 18:10:29,967  INFO Injector:85   --> provider: FactoryProxy{key=Key[type=org.matsim.core.controler.ControlerListenerManager, annotation=[none]], provider=com.google.inject.internal.ConstructorBindingImpl$Factory@6fa51cd4[Scopes.SINGLETON]}
2018-05-31 18:10:29,968  INFO Injector:86   --> source: org.matsim.core.controler.NewControlerModule.install(NewControlerModule.java:10)
2018-05-31 18:10:29,968  INFO Injector:88   --> scope: Scopes.NO_SCOPE
2018-05-31 18:10:29,968  INFO Injector:92 
2018-05-31 18:10:29,968  INFO Injector:84 org.matsim.core.controler.PrepareForSim 
2018-05-31 18:10:29,968  INFO Injector:85   --> provider: FactoryProxy{key=Key[type=org.matsim.core.controler.PrepareForSim, annotation=[none]], provider=com.google.inject.internal.ConstructorBindingImpl$Factory@1caa0244}
2018-05-31 18:10:29,968  INFO Injector:86   --> source: org.matsim.core.controler.NewControlerModule.install(NewControlerModule.java:11)
2018-05-31 18:10:29,968  INFO Injector:88   --> scope: Scopes.NO_SCOPE
2018-05-31 18:10:29,969  INFO Injector:92 
2018-05-31 18:10:29,969  INFO Injector:84 org.matsim.core.controler.TerminationCriterion 
2018-05-31 18:10:29,969  INFO Injector:85   --> provider: FactoryProxy{key=Key[type=org.matsim.core.controler.TerminationCriterion, annotation=[none]], provider=com.google.inject.internal.ConstructorBindingImpl$Factory@6e9a5ed8}
2018-05-31 18:10:29,969  INFO Injector:86   --> source: org.matsim.core.controler.NewControlerModule.install(NewControlerModule.java:14)
2018-05-31 18:10:29,969  INFO Injector:88   --> scope: Scopes.NO_SCOPE
2018-05-31 18:10:29,969  INFO Injector:92 
2018-05-31 18:10:29,969  INFO Injector:84 org.matsim.core.controler.MatsimServices 
2018-05-31 18:10:29,970  INFO Injector:85   --> provider: FactoryProxy{key=Key[type=org.matsim.core.controler.MatsimServices, annotation=[none]], provider=com.google.inject.internal.ConstructorBindingImpl$Factory@231f98ef}
2018-05-31 18:10:29,970  INFO Injector:86   --> source: org.matsim.core.controler.NewControlerModule.install(NewControlerModule.java:15)
2018-05-31 18:10:29,970  INFO Injector:88   --> scope: Scopes.NO_SCOPE
2018-05-31 18:10:29,970  INFO Injector:92 
2018-05-31 18:10:29,970  INFO Injector:84 org.matsim.core.controler.corelisteners.PlansScoring 
2018-05-31 18:10:29,970  INFO Injector:85   --> provider: FactoryProxy{key=Key[type=org.matsim.core.controler.corelisteners.PlansScoring, annotation=[none]], provider=com.google.inject.internal.ConstructorBindingImpl$Factory@2b40ff9c[Scopes.SINGLETON]}
2018-05-31 18:10:29,971  INFO Injector:86   --> source: org.matsim.core.scoring.PlansScoringModule.install(PlansScoringModule.java:11)
2018-05-31 18:10:29,971  INFO Injector:88   --> scope: Scopes.NO_SCOPE
2018-05-31 18:10:29,971  INFO Injector:92 
2018-05-31 18:10:29,971  INFO Injector:84 org.matsim.core.controler.corelisteners.PlansReplanning 
2018-05-31 18:10:29,971  INFO Injector:85   --> provider: FactoryProxy{key=Key[type=org.matsim.core.controler.corelisteners.PlansReplanning, annotation=[none]], provider=com.google.inject.internal.ConstructorBindingImpl$Factory@70ed52de[Scopes.SINGLETON]}
2018-05-31 18:10:29,971  INFO Injector:86   --> source: org.matsim.core.controler.corelisteners.ControlerDefaultCoreListenersModule.install(ControlerDefaultCoreListenersModule.java:38)
2018-05-31 18:10:29,972  INFO Injector:88   --> scope: Scopes.NO_SCOPE
2018-05-31 18:10:29,972  INFO Injector:92 
2018-05-31 18:10:29,972  INFO Injector:84 org.matsim.core.controler.corelisteners.PlansDumping 
2018-05-31 18:10:29,972  INFO Injector:85   --> provider: FactoryProxy{key=Key[type=org.matsim.core.controler.corelisteners.PlansDumping, annotation=[none]], provider=com.google.inject.internal.ConstructorBindingImpl$Factory@247310d0[Scopes.SINGLETON]}
2018-05-31 18:10:29,972  INFO Injector:86   --> source: org.matsim.core.controler.corelisteners.ControlerDefaultCoreListenersModule.install(ControlerDefaultCoreListenersModule.java:39)
2018-05-31 18:10:29,972  INFO Injector:88   --> scope: Scopes.NO_SCOPE
2018-05-31 18:10:29,972  INFO Injector:92 
2018-05-31 18:10:29,973  INFO Injector:84 org.matsim.core.controler.corelisteners.EventsHandling 
2018-05-31 18:10:29,973  INFO Injector:85   --> provider: FactoryProxy{key=Key[type=org.matsim.core.controler.corelisteners.EventsHandling, annotation=[none]], provider=com.google.inject.internal.ConstructorBindingImpl$Factory@17fc391b[Scopes.SINGLETON]}
2018-05-31 18:10:29,973  INFO Injector:86   --> source: org.matsim.core.controler.corelisteners.ControlerDefaultCoreListenersModule.install(ControlerDefaultCoreListenersModule.java:40)
2018-05-31 18:10:29,973  INFO Injector:88   --> scope: Scopes.NO_SCOPE
2018-05-31 18:10:29,973  INFO Injector:92 
2018-05-31 18:10:29,973  INFO Injector:84 org.matsim.core.controler.corelisteners.DumpDataAtEnd 
2018-05-31 18:10:29,974  INFO Injector:85   --> provider: FactoryProxy{key=Key[type=org.matsim.core.controler.corelisteners.DumpDataAtEnd, annotation=[none]], provider=com.google.inject.internal.ConstructorBindingImpl$Factory@792b749c[Scopes.SINGLETON]}
2018-05-31 18:10:29,974  INFO Injector:86   --> source: org.matsim.core.controler.corelisteners.ControlerDefaultCoreListenersModule.install(ControlerDefaultCoreListenersModule.java:41)
2018-05-31 18:10:29,974  INFO Injector:88   --> scope: Scopes.NO_SCOPE
2018-05-31 18:10:29,974  INFO Injector:92 
2018-05-31 18:10:29,974  INFO Injector:84 org.matsim.core.api.experimental.events.EventsManager 
2018-05-31 18:10:29,974  INFO Injector:85   --> provider: FactoryProxy{key=Key[type=org.matsim.core.api.experimental.events.EventsManager, annotation=[none]], provider=com.google.inject.internal.ConstructorBindingImpl$Factory@302c971f}[Scopes.SINGLETON]
2018-05-31 18:10:29,975  INFO Injector:86   --> source: org.matsim.core.events.EventsManagerModule.install(EventsManagerModule.java:23)
2018-05-31 18:10:29,975  INFO Injector:88   --> scope: eager singleton
2018-05-31 18:10:29,975  INFO Injector:92 
2018-05-31 18:10:29,975  INFO Injector:84 org.matsim.core.mobsim.framework.Mobsim 
2018-05-31 18:10:29,975  INFO Injector:85   --> provider: Key[type=org.matsim.core.mobsim.qsim.QSimProvider, annotation=[none]]
2018-05-31 18:10:29,975  INFO Injector:86   --> source: org.matsim.core.mobsim.qsim.QSimModule.configure(QSimModule.java:28)
2018-05-31 18:10:29,976  INFO Injector:88   --> scope: Scopes.NO_SCOPE
2018-05-31 18:10:29,976  INFO Injector:92 
2018-05-31 18:10:29,976  INFO Injector:84 org.matsim.core.mobsim.qsim.qnetsimengine.QNetworkFactory 
2018-05-31 18:10:29,976  INFO Injector:85   --> provider: FactoryProxy{key=Key[type=org.matsim.core.mobsim.qsim.qnetsimengine.QNetworkFactory, annotation=[none]], provider=com.google.inject.internal.ConstructorBindingImpl$Factory@7fd50002}
2018-05-31 18:10:29,976  INFO Injector:86   --> source: org.matsim.core.mobsim.qsim.QSimModule.configure(QSimModule.java:32)
2018-05-31 18:10:29,976  INFO Injector:88   --> scope: Scopes.NO_SCOPE
2018-05-31 18:10:29,976  INFO Injector:92 
2018-05-31 18:10:29,977  INFO Injector:84 org.matsim.core.mobsim.qsim.pt.TransitStopHandlerFactory 
2018-05-31 18:10:29,977  INFO Injector:85   --> provider: FactoryProxy{key=Key[type=org.matsim.core.mobsim.qsim.pt.TransitStopHandlerFactory, annotation=[none]], provider=com.google.inject.internal.ConstructorBindingImpl$Factory@45d84a20}
2018-05-31 18:10:29,977  INFO Injector:86   --> source: org.matsim.core.mobsim.qsim.QSimModule.configure(QSimModule.java:35)
2018-05-31 18:10:29,977  INFO Injector:88   --> scope: Scopes.NO_SCOPE
2018-05-31 18:10:29,977  INFO Injector:92 
2018-05-31 18:10:29,977  INFO Injector:84 org.matsim.core.router.util.TravelTime @com.google.inject.name.Named(value=car)
2018-05-31 18:10:29,977  INFO Injector:85   --> provider: Key[type=org.matsim.core.trafficmonitoring.ObservedLinkTravelTimes, annotation=[none]]
2018-05-31 18:10:29,978  INFO Injector:86   --> source: org.matsim.core.trafficmonitoring.TravelTimeCalculatorModule.install(TravelTimeCalculatorModule.java:81)
2018-05-31 18:10:29,978  INFO Injector:88   --> scope: Scopes.NO_SCOPE
2018-05-31 18:10:29,978  INFO Injector:92 
2018-05-31 18:10:29,978  INFO Injector:84 org.matsim.core.router.costcalculators.TravelDisutilityFactory @com.google.inject.name.Named(value=car)
2018-05-31 18:10:29,978  INFO Injector:85   --> provider: of(org.matsim.core.router.costcalculators.RandomizingTimeDistanceTravelDisutilityFactory@5a59ca5e)
2018-05-31 18:10:29,978  INFO Injector:86   --> source: org.matsim.core.router.costcalculators.TravelDisutilityModule.install(TravelDisutilityModule.java:34)
2018-05-31 18:10:29,979  INFO Injector:88   --> scope: eager singleton
2018-05-31 18:10:29,979  INFO Injector:92 
2018-05-31 18:10:29,979  INFO Injector:84 org.matsim.core.scoring.ScoringFunctionFactory 
2018-05-31 18:10:29,979  INFO Injector:85   --> provider: FactoryProxy{key=Key[type=org.matsim.core.scoring.ScoringFunctionFactory, annotation=[none]], provider=com.google.inject.internal.ConstructorBindingImpl$Factory@6b695b06}
2018-05-31 18:10:29,979  INFO Injector:86   --> source: org.matsim.core.scoring.functions.CharyparNagelScoringFunctionModule.install(CharyparNagelScoringFunctionModule.java:32)
2018-05-31 18:10:29,979  INFO Injector:88   --> scope: Scopes.NO_SCOPE
2018-05-31 18:10:29,980  INFO Injector:92 
2018-05-31 18:10:29,980  INFO Injector:84 org.matsim.core.scoring.functions.ScoringParametersForPerson 
2018-05-31 18:10:29,980  INFO Injector:85   --> provider: FactoryProxy{key=Key[type=org.matsim.core.scoring.functions.ScoringParametersForPerson, annotation=[none]], provider=com.google.inject.internal.ConstructorBindingImpl$Factory@4007f65e}
2018-05-31 18:10:29,980  INFO Injector:86   --> source: org.matsim.core.scoring.functions.CharyparNagelScoringFunctionModule.install(CharyparNagelScoringFunctionModule.java:33)
2018-05-31 18:10:29,980  INFO Injector:88   --> scope: Scopes.NO_SCOPE
2018-05-31 18:10:29,980  INFO Injector:92 
2018-05-31 18:10:29,981  INFO Injector:84 org.matsim.core.scoring.ExperiencedPlansService 
2018-05-31 18:10:29,981  INFO Injector:85   --> provider: FactoryProxy{key=Key[type=org.matsim.core.scoring.ExperiencedPlansService, annotation=[none]], provider=com.google.inject.internal.ConstructorBindingImpl$Factory@5b799640}[Scopes.SINGLETON]
2018-05-31 18:10:29,981  INFO Injector:86   --> source: org.matsim.core.scoring.ExperiencedPlansModule.install(ExperiencedPlansModule.java:10)
2018-05-31 18:10:29,981  INFO Injector:88   --> scope: eager singleton
2018-05-31 18:10:29,981  INFO Injector:92 
2018-05-31 18:10:29,981  INFO Injector:84 org.matsim.core.router.MainModeIdentifier 
2018-05-31 18:10:29,982  INFO Injector:85   --> provider: FactoryProxy{key=Key[type=org.matsim.core.router.MainModeIdentifier, annotation=[none]], provider=com.google.inject.internal.ConstructorBindingImpl$Factory@eadd4fb}
2018-05-31 18:10:29,982  INFO Injector:86   --> source: org.matsim.core.router.TripRouterModule.install(TripRouterModule.java:44)
2018-05-31 18:10:29,982  INFO Injector:88   --> scope: Scopes.NO_SCOPE
2018-05-31 18:10:29,982  INFO Injector:92 
2018-05-31 18:10:29,982  INFO Injector:84 org.matsim.core.router.util.LeastCostPathCalculatorFactory 
2018-05-31 18:10:29,982  INFO Injector:85   --> provider: FactoryProxy{key=Key[type=org.matsim.core.router.util.LeastCostPathCalculatorFactory, annotation=[none]], provider=com.google.inject.internal.ConstructorBindingImpl$Factory@6f204a1a[Scopes.SINGLETON]}
2018-05-31 18:10:29,983  INFO Injector:86   --> source: org.matsim.core.router.LeastCostPathCalculatorModule.install(LeastCostPathCalculatorModule.java:40)
2018-05-31 18:10:29,983  INFO Injector:88   --> scope: Scopes.NO_SCOPE
2018-05-31 18:10:29,983  INFO Injector:92 
2018-05-31 18:10:29,983  INFO Injector:84 org.matsim.pt.router.TransitRouter 
2018-05-31 18:10:29,983  INFO Injector:85   --> provider: Key[type=org.matsim.pt.router.TransitRouterImplFactory, annotation=[none]]
2018-05-31 18:10:29,983  INFO Injector:86   --> source: org.matsim.pt.router.TransitRouterModule.install(TransitRouterModule.java:34)
2018-05-31 18:10:29,983  INFO Injector:88   --> scope: Scopes.NO_SCOPE
2018-05-31 18:10:29,984  INFO Injector:92 
2018-05-31 18:10:29,984  INFO Injector:84 org.matsim.core.router.RoutingModule @com.google.inject.name.Named(value=ride)
2018-05-31 18:10:29,984  INFO Injector:85   --> provider: org.matsim.core.router.FreespeedFactorRouting@3943a2be
2018-05-31 18:10:29,984  INFO Injector:86   --> source: org.matsim.core.router.TripRouterModule.install(TripRouterModule.java:55)
2018-05-31 18:10:29,984  INFO Injector:88   --> scope: Scopes.NO_SCOPE
2018-05-31 18:10:29,984  INFO Injector:92 
2018-05-31 18:10:29,984  INFO Injector:84 org.matsim.core.router.RoutingModule @com.google.inject.name.Named(value=bike)
2018-05-31 18:10:29,985  INFO Injector:85   --> provider: org.matsim.core.router.BeelineTeleportationRouting@343570b7
2018-05-31 18:10:29,985  INFO Injector:86   --> source: org.matsim.core.router.TripRouterModule.install(TripRouterModule.java:58)
2018-05-31 18:10:29,985  INFO Injector:88   --> scope: Scopes.NO_SCOPE
2018-05-31 18:10:29,985  INFO Injector:92 
2018-05-31 18:10:29,985  INFO Injector:84 org.matsim.core.router.RoutingModule @com.google.inject.name.Named(value=walk)
2018-05-31 18:10:29,985  INFO Injector:85   --> provider: org.matsim.core.router.BeelineTeleportationRouting@157853da
2018-05-31 18:10:29,985  INFO Injector:86   --> source: org.matsim.core.router.TripRouterModule.install(TripRouterModule.java:58)
2018-05-31 18:10:29,986  INFO Injector:88   --> scope: Scopes.NO_SCOPE
2018-05-31 18:10:29,986  INFO Injector:92 
2018-05-31 18:10:29,986  INFO Injector:84 org.matsim.core.router.RoutingModule @com.google.inject.name.Named(value=access_walk)
2018-05-31 18:10:29,986  INFO Injector:85   --> provider: org.matsim.core.router.BeelineTeleportationRouting@71c3b41
2018-05-31 18:10:29,986  INFO Injector:86   --> source: org.matsim.core.router.TripRouterModule.install(TripRouterModule.java:58)
2018-05-31 18:10:29,986  INFO Injector:88   --> scope: Scopes.NO_SCOPE
2018-05-31 18:10:29,986  INFO Injector:92 
2018-05-31 18:10:29,987  INFO Injector:84 org.matsim.core.router.RoutingModule @com.google.inject.name.Named(value=egress_walk)
2018-05-31 18:10:29,987  INFO Injector:85   --> provider: org.matsim.core.router.BeelineTeleportationRouting@236e3f4e
2018-05-31 18:10:29,987  INFO Injector:86   --> source: org.matsim.core.router.TripRouterModule.install(TripRouterModule.java:58)
2018-05-31 18:10:29,987  INFO Injector:88   --> scope: Scopes.NO_SCOPE
2018-05-31 18:10:29,987  INFO Injector:92 
2018-05-31 18:10:29,987  INFO Injector:84 org.matsim.core.router.RoutingModule @com.google.inject.name.Named(value=undefined)
2018-05-31 18:10:29,987  INFO Injector:85   --> provider: org.matsim.core.router.BeelineTeleportationRouting@3cc1435c
2018-05-31 18:10:29,988  INFO Injector:86   --> source: org.matsim.core.router.TripRouterModule.install(TripRouterModule.java:58)
2018-05-31 18:10:29,988  INFO Injector:88   --> scope: Scopes.NO_SCOPE
2018-05-31 18:10:29,988  INFO Injector:92 
2018-05-31 18:10:29,988  INFO Injector:84 org.matsim.core.router.RoutingModule @com.google.inject.name.Named(value=car)
2018-05-31 18:10:29,988  INFO Injector:85   --> provider: org.matsim.core.router.NetworkRoutingProvider@6bf0219d
2018-05-31 18:10:29,988  INFO Injector:86   --> source: org.matsim.core.router.TripRouterModule.install(TripRouterModule.java:66)
2018-05-31 18:10:29,988  INFO Injector:88   --> scope: Scopes.NO_SCOPE
2018-05-31 18:10:29,988  INFO Injector:92 
2018-05-31 18:10:29,989  INFO Injector:84 org.matsim.core.router.RoutingModule @com.google.inject.name.Named(value=pt)
2018-05-31 18:10:29,989  INFO Injector:85   --> provider: Key[type=org.matsim.core.router.Transit, annotation=[none]]
2018-05-31 18:10:29,989  INFO Injector:86   --> source: org.matsim.core.router.TripRouterModule.install(TripRouterModule.java:71)
2018-05-31 18:10:29,989  INFO Injector:88   --> scope: Scopes.NO_SCOPE
2018-05-31 18:10:29,989  INFO Injector:92 
2018-05-31 18:10:29,989  INFO Injector:84 org.matsim.core.router.RoutingModule @com.google.inject.name.Named(value=transit_walk)
2018-05-31 18:10:29,989  INFO Injector:85   --> provider: FactoryProxy{key=Key[type=org.matsim.core.router.RoutingModule, annotation=@com.google.inject.name.Named(value=transit_walk)], provider=org.matsim.core.router.BeelineTeleportationRouting@157853da}
2018-05-31 18:10:29,990  INFO Injector:86   --> source: org.matsim.core.router.TripRouterModule.install(TripRouterModule.java:73)
2018-05-31 18:10:29,990  INFO Injector:88   --> scope: Scopes.NO_SCOPE
2018-05-31 18:10:29,990  INFO Injector:92 
2018-05-31 18:10:29,990  INFO Injector:84 org.matsim.core.replanning.selectors.PlanSelector<org.matsim.api.core.v01.population.Plan, org.matsim.api.core.v01.population.Person> 
2018-05-31 18:10:29,990  INFO Injector:85   --> provider: FactoryProxy{key=Key[type=org.matsim.core.replanning.selectors.PlanSelector<org.matsim.api.core.v01.population.Plan, org.matsim.api.core.v01.population.Person>, annotation=[none]], provider=com.google.inject.internal.ConstructorBindingImpl$Factory@1a4927d6}
2018-05-31 18:10:29,990  INFO Injector:86   --> source: org.matsim.core.replanning.strategies.DefaultPlanStrategiesModule.install(DefaultPlanStrategiesModule.java:49)
2018-05-31 18:10:29,990  INFO Injector:88   --> scope: Scopes.NO_SCOPE
2018-05-31 18:10:29,990  INFO Injector:92 
2018-05-31 18:10:29,991  INFO Injector:84 org.matsim.core.replanning.PlanStrategy @com.google.inject.name.Named(value=BestScore)
2018-05-31 18:10:29,991  INFO Injector:85   --> provider: Key[type=org.matsim.core.replanning.strategies.SelectBest, annotation=[none]]
2018-05-31 18:10:29,991  INFO Injector:86   --> source: org.matsim.core.replanning.strategies.DefaultPlanStrategiesModule.install(DefaultPlanStrategiesModule.java:79)
2018-05-31 18:10:29,991  INFO Injector:88   --> scope: Scopes.NO_SCOPE
2018-05-31 18:10:29,991  INFO Injector:92 
2018-05-31 18:10:29,991  INFO Injector:84 org.matsim.core.replanning.PlanStrategy @com.google.inject.name.Named(value=ReRoute)
2018-05-31 18:10:29,991  INFO Injector:85   --> provider: Key[type=org.matsim.core.replanning.strategies.ReRoute, annotation=[none]]
2018-05-31 18:10:29,992  INFO Injector:86   --> source: org.matsim.core.replanning.strategies.DefaultPlanStrategiesModule.install(DefaultPlanStrategiesModule.java:98)
2018-05-31 18:10:29,992  INFO Injector:88   --> scope: Scopes.NO_SCOPE
2018-05-31 18:10:29,992  INFO Injector:92 
2018-05-31 18:10:29,992  INFO Injector:84 org.matsim.core.replanning.PlanStrategy @com.google.inject.name.Named(value=TimeAllocationMutator)
2018-05-31 18:10:29,992  INFO Injector:85   --> provider: Key[type=org.matsim.core.replanning.strategies.TimeAllocationMutator, annotation=[none]]
2018-05-31 18:10:29,992  INFO Injector:86   --> source: org.matsim.core.replanning.strategies.DefaultPlanStrategiesModule.install(DefaultPlanStrategiesModule.java:101)
2018-05-31 18:10:29,992  INFO Injector:88   --> scope: Scopes.NO_SCOPE
2018-05-31 18:10:29,993  INFO Injector:92 
2018-05-31 18:10:29,993  INFO Injector:84 org.matsim.core.replanning.PlanStrategy @com.google.inject.name.Named(value=ChangeTripMode)
2018-05-31 18:10:29,993  INFO Injector:85   --> provider: Key[type=org.matsim.core.replanning.strategies.ChangeTripMode, annotation=[none]]
2018-05-31 18:10:29,993  INFO Injector:86   --> source: org.matsim.core.replanning.strategies.DefaultPlanStrategiesModule.install(DefaultPlanStrategiesModule.java:110)
2018-05-31 18:10:29,993  INFO Injector:88   --> scope: Scopes.NO_SCOPE
2018-05-31 18:10:29,993  INFO Injector:92 
2018-05-31 18:10:29,993  INFO Injector:84 org.matsim.core.replanning.ReplanningContext 
2018-05-31 18:10:29,994  INFO Injector:85   --> provider: FactoryProxy{key=Key[type=org.matsim.core.replanning.ReplanningContext, annotation=[none]], provider=com.google.inject.internal.ConstructorBindingImpl$Factory@2657d4dd[Scopes.SINGLETON]}[Scopes.SINGLETON]
2018-05-31 18:10:29,994  INFO Injector:86   --> source: org.matsim.core.replanning.StrategyManagerModule.install(StrategyManagerModule.java:48)
2018-05-31 18:10:29,994  INFO Injector:88   --> scope: eager singleton
2018-05-31 18:10:29,994  INFO Injector:92 
2018-05-31 18:10:29,994  INFO Injector:84 org.matsim.core.replanning.PlanStrategy @com.google.inject.multibindings.Element(setName=,uniqueId=56, type=MAPBINDER, keyType=org.matsim.core.config.groups.StrategyConfigGroup$StrategySettings)
2018-05-31 18:10:29,994  INFO Injector:85   --> provider: FactoryProxy{key=Key[type=org.matsim.core.replanning.PlanStrategy, annotation=@com.google.inject.multibindings.Element(setName=,uniqueId=56, type=MAPBINDER, keyType=org.matsim.core.config.groups.StrategyConfigGroup$StrategySettings)], provider=Key[type=org.matsim.core.replanning.strategies.SelectBest, annotation=[none]]}
2018-05-31 18:10:29,995  INFO Injector:86   --> source: org.matsim.core.replanning.StrategyManagerModule.install(StrategyManagerModule.java:73)
2018-05-31 18:10:29,995  INFO Injector:88   --> scope: Scopes.NO_SCOPE
2018-05-31 18:10:29,995  INFO Injector:92 
2018-05-31 18:10:29,995  INFO Injector:84 org.matsim.core.replanning.PlanStrategy @com.google.inject.multibindings.Element(setName=,uniqueId=58, type=MAPBINDER, keyType=org.matsim.core.config.groups.StrategyConfigGroup$StrategySettings)
2018-05-31 18:10:29,995  INFO Injector:85   --> provider: FactoryProxy{key=Key[type=org.matsim.core.replanning.PlanStrategy, annotation=@com.google.inject.multibindings.Element(setName=,uniqueId=58, type=MAPBINDER, keyType=org.matsim.core.config.groups.StrategyConfigGroup$StrategySettings)], provider=Key[type=org.matsim.core.replanning.strategies.ReRoute, annotation=[none]]}
2018-05-31 18:10:29,995  INFO Injector:86   --> source: org.matsim.core.replanning.StrategyManagerModule.install(StrategyManagerModule.java:73)
2018-05-31 18:10:29,995  INFO Injector:88   --> scope: Scopes.NO_SCOPE
2018-05-31 18:10:29,996  INFO Injector:92 
2018-05-31 18:10:29,996  INFO Injector:84 org.matsim.core.replanning.PlanStrategy @com.google.inject.multibindings.Element(setName=,uniqueId=60, type=MAPBINDER, keyType=org.matsim.core.config.groups.StrategyConfigGroup$StrategySettings)
2018-05-31 18:10:29,996  INFO Injector:85   --> provider: FactoryProxy{key=Key[type=org.matsim.core.replanning.PlanStrategy, annotation=@com.google.inject.multibindings.Element(setName=,uniqueId=60, type=MAPBINDER, keyType=org.matsim.core.config.groups.StrategyConfigGroup$StrategySettings)], provider=Key[type=org.matsim.core.replanning.strategies.TimeAllocationMutator, annotation=[none]]}
2018-05-31 18:10:29,996  INFO Injector:86   --> source: org.matsim.core.replanning.StrategyManagerModule.install(StrategyManagerModule.java:73)
2018-05-31 18:10:29,996  INFO Injector:88   --> scope: Scopes.NO_SCOPE
2018-05-31 18:10:29,996  INFO Injector:92 
2018-05-31 18:10:29,996  INFO Injector:84 org.matsim.core.replanning.PlanStrategy @com.google.inject.multibindings.Element(setName=,uniqueId=62, type=MAPBINDER, keyType=org.matsim.core.config.groups.StrategyConfigGroup$StrategySettings)
2018-05-31 18:10:29,997  INFO Injector:85   --> provider: FactoryProxy{key=Key[type=org.matsim.core.replanning.PlanStrategy, annotation=@com.google.inject.multibindings.Element(setName=,uniqueId=62, type=MAPBINDER, keyType=org.matsim.core.config.groups.StrategyConfigGroup$StrategySettings)], provider=Key[type=org.matsim.core.replanning.strategies.ChangeTripMode, annotation=[none]]}
2018-05-31 18:10:29,997  INFO Injector:86   --> source: org.matsim.core.replanning.StrategyManagerModule.install(StrategyManagerModule.java:73)
2018-05-31 18:10:29,997  INFO Injector:88   --> scope: Scopes.NO_SCOPE
2018-05-31 18:10:29,997  INFO Injector:92 
2018-05-31 18:10:29,997  INFO Injector:84 org.matsim.core.controler.listener.ControlerListener @com.google.inject.multibindings.Element(setName=,uniqueId=64, type=MULTIBINDER, keyType=)
2018-05-31 18:10:29,997  INFO Injector:85   --> provider: FactoryProxy{key=Key[type=org.matsim.core.controler.listener.ControlerListener, annotation=@com.google.inject.multibindings.Element(setName=,uniqueId=64, type=MULTIBINDER, keyType=)], provider=com.google.inject.internal.ConstructorBindingImpl$Factory@7dfb0c0f[Scopes.SINGLETON]}
2018-05-31 18:10:29,998  INFO Injector:86   --> source: org.matsim.analysis.LinkStatsModule.install(LinkStatsModule.java:47)
2018-05-31 18:10:29,998  INFO Injector:88   --> scope: Scopes.NO_SCOPE
2018-05-31 18:10:29,998  INFO Injector:92 
2018-05-31 18:10:29,998  INFO Injector:84 org.matsim.core.controler.listener.ControlerListener @com.google.inject.multibindings.Element(setName=,uniqueId=65, type=MULTIBINDER, keyType=)
2018-05-31 18:10:29,998  INFO Injector:85   --> provider: FactoryProxy{key=Key[type=org.matsim.core.controler.listener.ControlerListener, annotation=@com.google.inject.multibindings.Element(setName=,uniqueId=65, type=MULTIBINDER, keyType=)], provider=com.google.inject.internal.ConstructorBindingImpl$Factory@46d59067}
2018-05-31 18:10:29,998  INFO Injector:86   --> source: org.matsim.analysis.LegHistogramModule.install(LegHistogramModule.java:31)
2018-05-31 18:10:29,999  INFO Injector:88   --> scope: Scopes.NO_SCOPE
2018-05-31 18:10:29,999  INFO Injector:92 
2018-05-31 18:10:29,999  INFO Injector:84 org.matsim.core.controler.listener.ControlerListener @com.google.inject.multibindings.Element(setName=,uniqueId=66, type=MULTIBINDER, keyType=)
2018-05-31 18:10:29,999  INFO Injector:85   --> provider: FactoryProxy{key=Key[type=org.matsim.core.controler.listener.ControlerListener, annotation=@com.google.inject.multibindings.Element(setName=,uniqueId=66, type=MULTIBINDER, keyType=)], provider=com.google.inject.internal.ConstructorBindingImpl$Factory@2254127a}
2018-05-31 18:10:29,999  INFO Injector:86   --> source: org.matsim.analysis.LegTimesModule.install(LegTimesModule.java:32)
2018-05-31 18:10:29,999  INFO Injector:88   --> scope: Scopes.NO_SCOPE
2018-05-31 18:10:29,999  INFO Injector:92 
2018-05-31 18:10:29,999  INFO Injector:84 org.matsim.core.controler.listener.ControlerListener @com.google.inject.multibindings.Element(setName=,uniqueId=67, type=MULTIBINDER, keyType=)
2018-05-31 18:10:30,000  INFO Injector:85   --> provider: FactoryProxy{key=Key[type=org.matsim.core.controler.listener.ControlerListener, annotation=@com.google.inject.multibindings.Element(setName=,uniqueId=67, type=MULTIBINDER, keyType=)], provider=com.google.inject.internal.ConstructorBindingImpl$Factory@12591ac8}
2018-05-31 18:10:30,000  INFO Injector:86   --> source: org.matsim.analysis.TravelDistanceStatsModule.install(TravelDistanceStatsModule.java:11)
2018-05-31 18:10:30,000  INFO Injector:88   --> scope: Scopes.NO_SCOPE
2018-05-31 18:10:30,000  INFO Injector:92 
2018-05-31 18:10:30,000  INFO Injector:84 org.matsim.core.controler.listener.ControlerListener @com.google.inject.multibindings.Element(setName=,uniqueId=68, type=MULTIBINDER, keyType=)
2018-05-31 18:10:30,001  INFO Injector:85   --> provider: FactoryProxy{key=Key[type=org.matsim.core.controler.listener.ControlerListener, annotation=@com.google.inject.multibindings.Element(setName=,uniqueId=68, type=MULTIBINDER, keyType=)], provider=com.google.inject.internal.ConstructorBindingImpl$Factory@24c1b2d2[Scopes.SINGLETON]}
2018-05-31 18:10:30,001  INFO Injector:86   --> source: org.matsim.analysis.ScoreStatsModule.install(ScoreStatsModule.java:32)
2018-05-31 18:10:30,001  INFO Injector:88   --> scope: Scopes.NO_SCOPE
2018-05-31 18:10:30,001  INFO Injector:92 
2018-05-31 18:10:30,001  INFO Injector:84 org.matsim.analysis.ScoreStats 
2018-05-31 18:10:30,001  INFO Injector:85   --> provider: FactoryProxy{key=Key[type=org.matsim.analysis.ScoreStats, annotation=[none]], provider=com.google.inject.internal.ConstructorBindingImpl$Factory@24c1b2d2[Scopes.SINGLETON]}
2018-05-31 18:10:30,002  INFO Injector:86   --> source: org.matsim.analysis.ScoreStatsModule.install(ScoreStatsModule.java:33)
2018-05-31 18:10:30,002  INFO Injector:88   --> scope: Scopes.NO_SCOPE
2018-05-31 18:10:30,002  INFO Injector:92 
2018-05-31 18:10:30,002  INFO Injector:84 org.matsim.core.controler.listener.ControlerListener @com.google.inject.multibindings.Element(setName=,uniqueId=69, type=MULTIBINDER, keyType=)
2018-05-31 18:10:30,002  INFO Injector:85   --> provider: FactoryProxy{key=Key[type=org.matsim.core.controler.listener.ControlerListener, annotation=@com.google.inject.multibindings.Element(setName=,uniqueId=69, type=MULTIBINDER, keyType=)], provider=com.google.inject.internal.ConstructorBindingImpl$Factory@5d908d47[Scopes.SINGLETON]}
2018-05-31 18:10:30,002  INFO Injector:86   --> source: org.matsim.analysis.ModeStatsModule.install(ModeStatsModule.java:32)
2018-05-31 18:10:30,002  INFO Injector:88   --> scope: Scopes.NO_SCOPE
2018-05-31 18:10:30,003  INFO Injector:92 
2018-05-31 18:10:30,003  INFO Injector:84 org.matsim.core.controler.listener.ControlerListener @com.google.inject.multibindings.Element(setName=,uniqueId=70, type=MULTIBINDER, keyType=)
2018-05-31 18:10:30,003  INFO Injector:85   --> provider: FactoryProxy{key=Key[type=org.matsim.core.controler.listener.ControlerListener, annotation=@com.google.inject.multibindings.Element(setName=,uniqueId=70, type=MULTIBINDER, keyType=)], provider=com.google.inject.internal.ConstructorBindingImpl$Factory@2d29b4ee}
2018-05-31 18:10:30,003  INFO Injector:86   --> source: org.matsim.counts.CountsModule.install(CountsModule.java:42)
2018-05-31 18:10:30,003  INFO Injector:88   --> scope: Scopes.NO_SCOPE
2018-05-31 18:10:30,003  INFO Injector:92 
2018-05-31 18:10:30,003  INFO Injector:84 org.matsim.counts.Counts<org.matsim.api.core.v01.network.Link> 
2018-05-31 18:10:30,004  INFO Injector:85   --> provider: @Provides org.matsim.counts.CountsModule.provideLinkCounts(CountsModule.java:63)[Scopes.SINGLETON]
2018-05-31 18:10:30,004  INFO Injector:86   --> source: org.matsim.counts.Counts org.matsim.counts.CountsModule.provideLinkCounts(org.matsim.api.core.v01.Scenario,org.matsim.core.config.groups.CountsConfigGroup)
2018-05-31 18:10:30,005  INFO Injector:88   --> scope: Scopes.SINGLETON
2018-05-31 18:10:30,005  INFO Injector:92 
2018-05-31 18:10:30,005  INFO Injector:84 org.matsim.core.controler.listener.ControlerListener @com.google.inject.multibindings.Element(setName=,uniqueId=71, type=MULTIBINDER, keyType=)
2018-05-31 18:10:30,005  INFO Injector:85   --> provider: FactoryProxy{key=Key[type=org.matsim.core.controler.listener.ControlerListener, annotation=@com.google.inject.multibindings.Element(setName=,uniqueId=71, type=MULTIBINDER, keyType=)], provider=com.google.inject.internal.ConstructorBindingImpl$Factory@565f390}
2018-05-31 18:10:30,005  INFO Injector:86   --> source: org.matsim.core.population.VspPlansCleanerModule.install(VspPlansCleanerModule.java:34)
2018-05-31 18:10:30,005  INFO Injector:88   --> scope: Scopes.NO_SCOPE
2018-05-31 18:10:30,005  INFO Injector:92 
2018-05-31 18:10:30,006  INFO Injector:84 org.matsim.core.mobsim.framework.listeners.MobsimListener @com.google.inject.multibindings.Element(setName=,uniqueId=72, type=MULTIBINDER, keyType=)
2018-05-31 18:10:30,006  INFO Injector:85   --> provider: Key[type=org.matsim.vis.snapshotwriters.SnapshotWritersModule$SnapshotWriterManagerProvider, annotation=[none]]
2018-05-31 18:10:30,006  INFO Injector:86   --> source: org.matsim.vis.snapshotwriters.SnapshotWritersModule.install(SnapshotWritersModule.java:45)
2018-05-31 18:10:30,006  INFO Injector:88   --> scope: Scopes.NO_SCOPE
2018-05-31 18:10:30,006  INFO Injector:92 
2018-05-31 18:10:30,006  INFO Injector:84 org.matsim.core.router.RoutingModule @com.google.inject.multibindings.Element(setName=,uniqueId=74, type=MAPBINDER, keyType=java.lang.String)
2018-05-31 18:10:30,007  INFO Injector:85   --> provider: FactoryProxy{key=Key[type=org.matsim.core.router.RoutingModule, annotation=@com.google.inject.multibindings.Element(setName=,uniqueId=74, type=MAPBINDER, keyType=java.lang.String)], provider=org.matsim.core.router.BeelineTeleportationRouting@236e3f4e}
2018-05-31 18:10:30,007  INFO Injector:86   --> source: org.matsim.core.controler.Injector$3.configure(Injector.java:125)
2018-05-31 18:10:30,007  INFO Injector:88   --> scope: Scopes.NO_SCOPE
2018-05-31 18:10:30,007  INFO Injector:92 
2018-05-31 18:10:30,007  INFO Injector:84 org.matsim.core.router.RoutingModule @com.google.inject.multibindings.Element(setName=,uniqueId=76, type=MAPBINDER, keyType=java.lang.String)
2018-05-31 18:10:30,007  INFO Injector:85   --> provider: FactoryProxy{key=Key[type=org.matsim.core.router.RoutingModule, annotation=@com.google.inject.multibindings.Element(setName=,uniqueId=76, type=MAPBINDER, keyType=java.lang.String)], provider=Key[type=org.matsim.core.router.Transit, annotation=[none]]}
2018-05-31 18:10:30,007  INFO Injector:86   --> source: org.matsim.core.controler.Injector$3.configure(Injector.java:125)
2018-05-31 18:10:30,008  INFO Injector:88   --> scope: Scopes.NO_SCOPE
2018-05-31 18:10:30,008  INFO Injector:92 
2018-05-31 18:10:30,008  INFO Injector:84 org.matsim.core.router.RoutingModule @com.google.inject.multibindings.Element(setName=,uniqueId=78, type=MAPBINDER, keyType=java.lang.String)
2018-05-31 18:10:30,008  INFO Injector:85   --> provider: FactoryProxy{key=Key[type=org.matsim.core.router.RoutingModule, annotation=@com.google.inject.multibindings.Element(setName=,uniqueId=78, type=MAPBINDER, keyType=java.lang.String)], provider=org.matsim.core.router.NetworkRoutingProvider@6bf0219d}
2018-05-31 18:10:30,008  INFO Injector:86   --> source: org.matsim.core.controler.Injector$3.configure(Injector.java:125)
2018-05-31 18:10:30,008  INFO Injector:88   --> scope: Scopes.NO_SCOPE
2018-05-31 18:10:30,008  INFO Injector:92 
2018-05-31 18:10:30,009  INFO Injector:84 org.matsim.core.router.RoutingModule @com.google.inject.multibindings.Element(setName=,uniqueId=80, type=MAPBINDER, keyType=java.lang.String)
2018-05-31 18:10:30,009  INFO Injector:85   --> provider: FactoryProxy{key=Key[type=org.matsim.core.router.RoutingModule, annotation=@com.google.inject.multibindings.Element(setName=,uniqueId=80, type=MAPBINDER, keyType=java.lang.String)], provider=FactoryProxy{key=Key[type=org.matsim.core.router.RoutingModule, annotation=@com.google.inject.name.Named(value=transit_walk)], provider=org.matsim.core.router.BeelineTeleportationRouting@157853da}}
2018-05-31 18:10:30,009  INFO Injector:86   --> source: org.matsim.core.controler.Injector$3.configure(Injector.java:125)
2018-05-31 18:10:30,009  INFO Injector:88   --> scope: Scopes.NO_SCOPE
2018-05-31 18:10:30,010  INFO Injector:92 
2018-05-31 18:10:30,010  INFO Injector:84 org.matsim.core.router.RoutingModule @com.google.inject.multibindings.Element(setName=,uniqueId=82, type=MAPBINDER, keyType=java.lang.String)
2018-05-31 18:10:30,010  INFO Injector:85   --> provider: FactoryProxy{key=Key[type=org.matsim.core.router.RoutingModule, annotation=@com.google.inject.multibindings.Element(setName=,uniqueId=82, type=MAPBINDER, keyType=java.lang.String)], provider=org.matsim.core.router.BeelineTeleportationRouting@71c3b41}
2018-05-31 18:10:30,010  INFO Injector:86   --> source: org.matsim.core.controler.Injector$3.configure(Injector.java:125)
2018-05-31 18:10:30,011  INFO Injector:88   --> scope: Scopes.NO_SCOPE
2018-05-31 18:10:30,011  INFO Injector:92 
2018-05-31 18:10:30,011  INFO Injector:84 org.matsim.core.router.RoutingModule @com.google.inject.multibindings.Element(setName=,uniqueId=84, type=MAPBINDER, keyType=java.lang.String)
2018-05-31 18:10:30,011  INFO Injector:85   --> provider: FactoryProxy{key=Key[type=org.matsim.core.router.RoutingModule, annotation=@com.google.inject.multibindings.Element(setName=,uniqueId=84, type=MAPBINDER, keyType=java.lang.String)], provider=org.matsim.core.router.FreespeedFactorRouting@3943a2be}
2018-05-31 18:10:30,011  INFO Injector:86   --> source: org.matsim.core.controler.Injector$3.configure(Injector.java:125)
2018-05-31 18:10:30,012  INFO Injector:88   --> scope: Scopes.NO_SCOPE
2018-05-31 18:10:30,012  INFO Injector:92 
2018-05-31 18:10:30,012  INFO Injector:84 org.matsim.core.router.RoutingModule @com.google.inject.multibindings.Element(setName=,uniqueId=86, type=MAPBINDER, keyType=java.lang.String)
2018-05-31 18:10:30,012  INFO Injector:85   --> provider: FactoryProxy{key=Key[type=org.matsim.core.router.RoutingModule, annotation=@com.google.inject.multibindings.Element(setName=,uniqueId=86, type=MAPBINDER, keyType=java.lang.String)], provider=org.matsim.core.router.BeelineTeleportationRouting@157853da}
2018-05-31 18:10:30,013  INFO Injector:86   --> source: org.matsim.core.controler.Injector$3.configure(Injector.java:125)
2018-05-31 18:10:30,013  INFO Injector:88   --> scope: Scopes.NO_SCOPE
2018-05-31 18:10:30,013  INFO Injector:92 
2018-05-31 18:10:30,013  INFO Injector:84 org.matsim.core.router.RoutingModule @com.google.inject.multibindings.Element(setName=,uniqueId=88, type=MAPBINDER, keyType=java.lang.String)
2018-05-31 18:10:30,013  INFO Injector:85   --> provider: FactoryProxy{key=Key[type=org.matsim.core.router.RoutingModule, annotation=@com.google.inject.multibindings.Element(setName=,uniqueId=88, type=MAPBINDER, keyType=java.lang.String)], provider=org.matsim.core.router.BeelineTeleportationRouting@343570b7}
2018-05-31 18:10:30,014  INFO Injector:86   --> source: org.matsim.core.controler.Injector$3.configure(Injector.java:125)
2018-05-31 18:10:30,014  INFO Injector:88   --> scope: Scopes.NO_SCOPE
2018-05-31 18:10:30,014  INFO Injector:92 
2018-05-31 18:10:30,014  INFO Injector:84 org.matsim.core.router.RoutingModule @com.google.inject.multibindings.Element(setName=,uniqueId=90, type=MAPBINDER, keyType=java.lang.String)
2018-05-31 18:10:30,014  INFO Injector:85   --> provider: FactoryProxy{key=Key[type=org.matsim.core.router.RoutingModule, annotation=@com.google.inject.multibindings.Element(setName=,uniqueId=90, type=MAPBINDER, keyType=java.lang.String)], provider=org.matsim.core.router.BeelineTeleportationRouting@3cc1435c}
2018-05-31 18:10:30,015  INFO Injector:86   --> source: org.matsim.core.controler.Injector$3.configure(Injector.java:125)
2018-05-31 18:10:30,015  INFO Injector:88   --> scope: Scopes.NO_SCOPE
2018-05-31 18:10:30,015  INFO Injector:92 
2018-05-31 18:10:30,015  INFO Injector:84 org.matsim.core.router.util.TravelTime @com.google.inject.multibindings.Element(setName=,uniqueId=92, type=MAPBINDER, keyType=java.lang.String)
2018-05-31 18:10:30,016  INFO Injector:85   --> provider: FactoryProxy{key=Key[type=org.matsim.core.router.util.TravelTime, annotation=@com.google.inject.multibindings.Element(setName=,uniqueId=92, type=MAPBINDER, keyType=java.lang.String)], provider=Key[type=org.matsim.core.trafficmonitoring.ObservedLinkTravelTimes, annotation=[none]]}
2018-05-31 18:10:30,016  INFO Injector:86   --> source: org.matsim.core.controler.Injector$3.configure(Injector.java:125)
2018-05-31 18:10:30,016  INFO Injector:88   --> scope: Scopes.NO_SCOPE
2018-05-31 18:10:30,016  INFO Injector:92 
2018-05-31 18:10:30,016  INFO Injector:84 org.matsim.core.router.costcalculators.TravelDisutilityFactory @com.google.inject.multibindings.Element(setName=,uniqueId=94, type=MAPBINDER, keyType=java.lang.String)
2018-05-31 18:10:30,017  INFO Injector:85   --> provider: FactoryProxy{key=Key[type=org.matsim.core.router.costcalculators.TravelDisutilityFactory, annotation=@com.google.inject.multibindings.Element(setName=,uniqueId=94, type=MAPBINDER, keyType=java.lang.String)], provider=ConstantFactory{value=org.matsim.core.router.costcalculators.RandomizingTimeDistanceTravelDisutilityFactory@5a59ca5e}[Scopes.SINGLETON]}
2018-05-31 18:10:30,017  INFO Injector:86   --> source: org.matsim.core.controler.Injector$3.configure(Injector.java:125)
2018-05-31 18:10:30,017  INFO Injector:88   --> scope: Scopes.NO_SCOPE
2018-05-31 18:10:30,018  INFO Injector:92 
2018-05-31 18:10:30,018  INFO Injector:84 org.matsim.core.controler.ControlerListenerManagerImpl 
2018-05-31 18:10:30,018  INFO Injector:85   --> provider: com.google.inject.internal.ConstructorBindingImpl$Factory@6fa51cd4[Scopes.SINGLETON]
2018-05-31 18:10:30,018  INFO Injector:86   --> source: org.matsim.core.controler.NewControlerModule.install(NewControlerModule.java:9)
2018-05-31 18:10:30,019  INFO Injector:88   --> scope: eager singleton
2018-05-31 18:10:30,019  INFO Injector:92 
2018-05-31 18:10:30,019  INFO Injector:84 org.matsim.analysis.IterationStopWatch 
2018-05-31 18:10:30,019  INFO Injector:85   --> provider: com.google.inject.internal.ConstructorBindingImpl$Factory@68878f6d[Scopes.SINGLETON]
2018-05-31 18:10:30,019  INFO Injector:86   --> source: org.matsim.core.controler.NewControlerModule.install(NewControlerModule.java:12)
2018-05-31 18:10:30,020  INFO Injector:88   --> scope: eager singleton
2018-05-31 18:10:30,020  INFO Injector:92 
2018-05-31 18:10:30,020  INFO Injector:84 org.matsim.core.controler.OutputDirectoryHierarchy 
2018-05-31 18:10:30,020  INFO Injector:85   --> provider: com.google.inject.internal.ConstructorBindingImpl$Factory@22f59fa[Scopes.SINGLETON]
2018-05-31 18:10:30,021  INFO Injector:86   --> source: org.matsim.core.controler.NewControlerModule.install(NewControlerModule.java:13)
2018-05-31 18:10:30,021  INFO Injector:88   --> scope: eager singleton
2018-05-31 18:10:30,021  INFO Injector:92 
2018-05-31 18:10:30,021  INFO Injector:84 org.matsim.core.scoring.ScoringFunctionsForPopulation 
2018-05-31 18:10:30,021  INFO Injector:85   --> provider: com.google.inject.internal.ConstructorBindingImpl$Factory@18317edc[Scopes.SINGLETON]
2018-05-31 18:10:30,022  INFO Injector:86   --> source: org.matsim.core.scoring.PlansScoringModule.install(PlansScoringModule.java:10)
2018-05-31 18:10:30,022  INFO Injector:88   --> scope: eager singleton
2018-05-31 18:10:30,022  INFO Injector:92 
2018-05-31 18:10:30,022  INFO Injector:84 org.matsim.core.events.EventsManagerModule$EventHandlerRegistrator 
2018-05-31 18:10:30,022  INFO Injector:85   --> provider: com.google.inject.internal.ConstructorBindingImpl$Factory@9cb8225[Scopes.SINGLETON]
2018-05-31 18:10:30,023  INFO Injector:86   --> source: org.matsim.core.events.EventsManagerModule.install(EventsManagerModule.java:25)
2018-05-31 18:10:30,023  INFO Injector:88   --> scope: eager singleton
2018-05-31 18:10:30,023  INFO Injector:92 
2018-05-31 18:10:30,023  INFO Injector:84 org.matsim.core.trafficmonitoring.TravelTimeCalculator 
2018-05-31 18:10:30,023  INFO Injector:85   --> provider: com.google.inject.internal.ConstructorBindingImpl$Factory@53f3bdbd[Scopes.SINGLETON]
2018-05-31 18:10:30,024  INFO Injector:86   --> source: org.matsim.core.trafficmonitoring.TravelTimeCalculatorModule.install(TravelTimeCalculatorModule.java:76)
2018-05-31 18:10:30,024  INFO Injector:88   --> scope: Scopes.SINGLETON
2018-05-31 18:10:30,024  INFO Injector:92 
2018-05-31 18:10:30,024  INFO Injector:84 org.matsim.core.scoring.EventsToActivities 
2018-05-31 18:10:30,024  INFO Injector:85   --> provider: com.google.inject.internal.ConstructorBindingImpl$Factory@3e62d773[Scopes.SINGLETON]
2018-05-31 18:10:30,025  INFO Injector:86   --> source: org.matsim.core.scoring.ExperiencedPlanElementsModule.install(ExperiencedPlanElementsModule.java:12)
2018-05-31 18:10:30,025  INFO Injector:88   --> scope: eager singleton
2018-05-31 18:10:30,025  INFO Injector:92 
2018-05-31 18:10:30,025  INFO Injector:84 org.matsim.core.scoring.EventsToLegs 
2018-05-31 18:10:30,025  INFO Injector:85   --> provider: com.google.inject.internal.ConstructorBindingImpl$Factory@536dbea0[Scopes.SINGLETON]
2018-05-31 18:10:30,026  INFO Injector:86   --> source: org.matsim.core.scoring.ExperiencedPlanElementsModule.install(ExperiencedPlanElementsModule.java:13)
2018-05-31 18:10:30,026  INFO Injector:88   --> scope: eager singleton
2018-05-31 18:10:30,026  INFO Injector:92 
2018-05-31 18:10:30,026  INFO Injector:84 org.matsim.core.router.TripRouter 
2018-05-31 18:10:30,027  INFO Injector:85   --> provider: com.google.inject.internal.ConstructorBindingImpl$Factory@3cce57c7
2018-05-31 18:10:30,027  INFO Injector:86   --> source: org.matsim.core.router.TripRouterModule.install(TripRouterModule.java:43)
2018-05-31 18:10:30,027  INFO Injector:88   --> scope: Scopes.NO_SCOPE
2018-05-31 18:10:30,027  INFO Injector:92 
2018-05-31 18:10:30,028  INFO Injector:84 org.matsim.core.router.SingleModeNetworksCache 
2018-05-31 18:10:30,028  INFO Injector:85   --> provider: com.google.inject.internal.ConstructorBindingImpl$Factory@35b74c5c[Scopes.SINGLETON]
2018-05-31 18:10:30,028  INFO Injector:86   --> source: org.matsim.core.router.TripRouterModule.install(TripRouterModule.java:47)
2018-05-31 18:10:30,028  INFO Injector:88   --> scope: eager singleton
2018-05-31 18:10:30,029  INFO Injector:92 
2018-05-31 18:10:30,029  INFO Injector:84 org.matsim.core.replanning.StrategyManager 
2018-05-31 18:10:30,029  INFO Injector:85   --> provider: com.google.inject.internal.ConstructorBindingImpl$Factory@2ca26d77[Scopes.SINGLETON]
2018-05-31 18:10:30,029  INFO Injector:86   --> source: org.matsim.core.replanning.StrategyManagerModule.install(StrategyManagerModule.java:47)
2018-05-31 18:10:30,029  INFO Injector:88   --> scope: Scopes.SINGLETON
2018-05-31 18:10:30,030  INFO Injector:92 
2018-05-31 18:10:30,030  INFO Injector:84 org.matsim.analysis.CalcLinkStats 
2018-05-31 18:10:30,030  INFO Injector:85   --> provider: com.google.inject.internal.ConstructorBindingImpl$Factory@72d6b3ba[Scopes.SINGLETON]
2018-05-31 18:10:30,030  INFO Injector:86   --> source: org.matsim.analysis.LinkStatsModule.install(LinkStatsModule.java:37)
2018-05-31 18:10:30,030  INFO Injector:88   --> scope: eager singleton
2018-05-31 18:10:30,031  INFO Injector:92 
2018-05-31 18:10:30,031  INFO Injector:84 org.matsim.analysis.LinkStatsControlerListener 
2018-05-31 18:10:30,031  INFO Injector:85   --> provider: com.google.inject.internal.ConstructorBindingImpl$Factory@7dfb0c0f[Scopes.SINGLETON]
2018-05-31 18:10:30,032  INFO Injector:86   --> source: org.matsim.analysis.LinkStatsModule.install(LinkStatsModule.java:46)
2018-05-31 18:10:30,032  INFO Injector:88   --> scope: eager singleton
2018-05-31 18:10:30,032  INFO Injector:92 
2018-05-31 18:10:30,032  INFO Injector:84 org.matsim.analysis.VolumesAnalyzer 
2018-05-31 18:10:30,033  INFO Injector:85   --> provider: com.google.inject.internal.ConstructorBindingImpl$Factory@c667f46[Scopes.SINGLETON]
2018-05-31 18:10:30,033  INFO Injector:86   --> source: org.matsim.analysis.VolumesAnalyzerModule.install(VolumesAnalyzerModule.java:31)
2018-05-31 18:10:30,033  INFO Injector:88   --> scope: eager singleton
2018-05-31 18:10:30,033  INFO Injector:92 
2018-05-31 18:10:30,033  INFO Injector:84 org.matsim.analysis.LegHistogram 
2018-05-31 18:10:30,034  INFO Injector:85   --> provider: com.google.inject.internal.ConstructorBindingImpl$Factory@64ec96c6
2018-05-31 18:10:30,034  INFO Injector:86   --> source: org.matsim.analysis.LegHistogramModule.install(LegHistogramModule.java:30)
2018-05-31 18:10:30,034  INFO Injector:88   --> scope: Scopes.NO_SCOPE
2018-05-31 18:10:30,034  INFO Injector:92 
2018-05-31 18:10:30,035  INFO Injector:84 org.matsim.analysis.CalcLegTimes 
2018-05-31 18:10:30,035  INFO Injector:85   --> provider: com.google.inject.internal.ConstructorBindingImpl$Factory@6b0d80ed[Scopes.SINGLETON]
2018-05-31 18:10:30,035  INFO Injector:86   --> source: org.matsim.analysis.LegTimesModule.install(LegTimesModule.java:31)
2018-05-31 18:10:30,035  INFO Injector:88   --> scope: Scopes.SINGLETON
2018-05-31 18:10:30,036  INFO Injector:92 
2018-05-31 18:10:30,036  INFO Injector:84 org.matsim.analysis.TravelDistanceStats 
2018-05-31 18:10:30,036  INFO Injector:85   --> provider: com.google.inject.internal.ConstructorBindingImpl$Factory@471a9022[Scopes.SINGLETON]
2018-05-31 18:10:30,036  INFO Injector:86   --> source: org.matsim.analysis.TravelDistanceStatsModule.install(TravelDistanceStatsModule.java:10)
2018-05-31 18:10:30,036  INFO Injector:88   --> scope: eager singleton
2018-05-31 18:10:30,037  INFO Injector:92 
2018-05-31 18:10:30,037  INFO Injector:84 org.matsim.analysis.ScoreStatsControlerListener 
2018-05-31 18:10:30,037  INFO Injector:85   --> provider: com.google.inject.internal.ConstructorBindingImpl$Factory@24c1b2d2[Scopes.SINGLETON]
2018-05-31 18:10:30,038  INFO Injector:86   --> source: org.matsim.analysis.ScoreStatsModule.install(ScoreStatsModule.java:31)
2018-05-31 18:10:30,038  INFO Injector:88   --> scope: Scopes.SINGLETON
2018-05-31 18:10:30,038  INFO Injector:92 
2018-05-31 18:10:30,038  INFO Injector:84 org.matsim.analysis.ModeStatsControlerListener 
2018-05-31 18:10:30,038  INFO Injector:85   --> provider: com.google.inject.internal.ConstructorBindingImpl$Factory@5d908d47[Scopes.SINGLETON]
2018-05-31 18:10:30,039  INFO Injector:86   --> source: org.matsim.analysis.ModeStatsModule.install(ModeStatsModule.java:31)
2018-05-31 18:10:30,039  INFO Injector:88   --> scope: Scopes.SINGLETON
2018-05-31 18:10:30,039  INFO Injector:92 
2018-05-31 18:10:30,039  INFO Injector:84 org.matsim.counts.CountsModule$CountsInitializer 
2018-05-31 18:10:30,040  INFO Injector:85   --> provider: com.google.inject.internal.ConstructorBindingImpl$Factory@74f6c5d8[Scopes.SINGLETON]
2018-05-31 18:10:30,040  INFO Injector:86   --> source: org.matsim.counts.CountsModule.install(CountsModule.java:43)
2018-05-31 18:10:30,040  INFO Injector:88   --> scope: eager singleton
2018-05-31 18:10:30,040  INFO Injector:92 
2018-05-31 18:10:30,041  INFO Injector:95 === printInjector end ===
2018-05-31 18:10:30,043  INFO Gbl:59 JVM: 1.8.0_121; Oracle Corporation; mixed mode; 64-bit
2018-05-31 18:10:30,043  INFO Gbl:63 OS: Linux; 3.10.0-862.2.3.el7.x86_64; amd64
2018-05-31 18:10:30,044  INFO Gbl:66 CPU cores: 32
2018-05-31 18:10:30,044  INFO Gbl:67 max. Memory: 14263.5MB (14956363776B)
2018-05-31 18:10:30,045  INFO Gbl:105 MATSim-Build: rcad979362d1bf0596a9b120927352c8b338556d3 (2018-05-31 18:05:03)
2018-05-31 18:10:30,047  INFO ControlerListenerManagerImpl:107 calling notifyStartup on org.matsim.counts.CountsControlerListener
2018-05-31 18:10:30,047  INFO ControlerListenerManagerImpl:107 calling notifyStartup on org.matsim.analysis.ModeStatsControlerListener
2018-05-31 18:10:30,050  INFO TransitRouterNetwork:407 start creating transit network
2018-05-31 18:10:30,052  INFO Counter:61  node #1
2018-05-31 18:10:30,052  INFO Counter:61  node #2
2018-05-31 18:10:30,053  INFO Counter:61  link #1
2018-05-31 18:10:30,054  INFO Counter:61  link #2
2018-05-31 18:10:30,054  INFO Counter:61  node #4
2018-05-31 18:10:30,054  INFO Counter:61  link #4
2018-05-31 18:10:30,057  INFO TransitRouterNetwork:433 add transfer links
2018-05-31 18:10:30,058  INFO TransitRouterNetwork:449 2 transfer links to be added.
2018-05-31 18:10:30,059  INFO TransitRouterNetwork:455 transit router network statistics:
2018-05-31 18:10:30,059  INFO TransitRouterNetwork:456  # nodes: 6
2018-05-31 18:10:30,059  INFO TransitRouterNetwork:457  # links total:     6
2018-05-31 18:10:30,060  INFO TransitRouterNetwork:458  # transfer links:  2
2018-05-31 18:10:30,063 DEBUG NetworkRoutingProvider:75 requesting network routing module with routingMode=car;	mode=car
2018-05-31 18:10:30,065  INFO NetworkImpl:167  node # 1
2018-05-31 18:10:30,066  INFO NetworkImpl:167  node # 4
2018-05-31 18:10:30,066  INFO NetworkImpl:167  node # 16
2018-05-31 18:10:30,067  INFO NetworkImpl:163  link # 1
2018-05-31 18:10:30,067  INFO NetworkImpl:163  link # 4
2018-05-31 18:10:30,068  INFO NetworkImpl:163  link # 16
2018-05-31 18:10:30,073  INFO ControlerListenerManagerImpl:107 calling notifyStartup on org.matsim.analysis.ScoreStatsControlerListener
2018-05-31 18:10:30,074  INFO ControlerListenerManagerImpl:110 all ControlerStartupListeners called.
2018-05-31 18:10:30,075  INFO ControlerUtils:58 config dump before iterations start
2018-05-31 18:10:30,078  INFO Config:561 setting context to [file:/root/workspace/matsim-org/matsim/386233578/contribs/pseudosimulation/]
2018-05-31 18:10:30,090  INFO ControlerUtils:62 

<?xml version="1.0" encoding="UTF-8"?>
<!DOCTYPE config SYSTEM "http://www.matsim.org/files/dtd/config_v2.dtd">
<config>
<!-- ====================================================================== -->
	<module name="JDEQSim" >
		<param name="carSize" value="7.5" />
		<param name="endTime" value="undefined" />
		<param name="flowCapacityFactor" value="1.0" />
		<param name="gapTravelSpeed" value="15.0" />
		<param name="minimumInFlowCapacity" value="1800.0" />
		<param name="squeezeTime" value="1800.0" />
		<param name="storageCapacityFactor" value="1.0" />
	</module>
<!-- ====================================================================== -->
	<module name="TimeAllocationMutator" >
		<!-- Default:true; Defines whether time mutation changes an activity's duration. -->
		<param name="mutationAffectsDuration" value="true" />
		<!-- Default:1800.0; Defines how many seconds a time mutation can maximally shift a time. -->
		<param name="mutationRange" value="1800.0" />
		<!-- false; Use individual settings for each subpopulation. If enabled but no settings are found, regular settings are uses as fallback. -->
		<param name="useIndividualSettingsForSubpopulations" value="false" />
	</module>
<!-- ====================================================================== -->
<!-- ====================================================================== -->
	<module name="changeMode" >
		<param name="ignoreCarAvailability" value="true" />
		<param name="modes" value="car,pt" />
	</module>
<!-- ====================================================================== -->
	<module name="controler" >
		<!-- Sets whether graphs showing some analyses should automatically be generated during the simulation. The generation of graphs usually takes a small amount of time that does not have any weight in big simulations, but add a significant overhead in smaller runs or in test cases where the graphical output is not even requested. -->
		<param name="createGraphs" value="false" />
		<!-- true if at the end of a run, plans, network, config etc should be dumped to a file -->
		<param name="dumpDataAtEnd" value="false" />
		<!-- Default=false. If enabled, the router takes travel times needed for turning moves into account. Cannot be used if the (Fast)AStarLandmarks routing or TravelTimeCalculator.separateModes is enabled. -->
		<param name="enableLinkToLinkRouting" value="false" />
		<!-- Default=xml; Specifies the file format for writing events. Currently supported: xml.
		Multiple values can be specified separated by commas (','). -->
		<param name="eventsFileFormat" value="xml" />
		<!-- Default=0;  -->
		<param name="firstIteration" value="0" />
		<!-- Default=1000;  -->
		<param name="lastIteration" value="2" />
		<!-- Defines which mobility simulation will be used. Currently supported: qsim JDEQSim 
		Depending on the chosen mobsim, you'll have to add additional config modules to configure the corresponding mobsim.
		For 'qsim', add a module 'qsim' to the config. -->
		<param name="mobsim" value="qsim" />
		<param name="outputDirectory" value="test/output/org/matsim/contrib/pseudosimulation/RunPSimTest/testB/" />
		<!-- Possible values: failIfDirectoryExists, overwriteExistingFiles, deleteDirectoryIfExists -->
		<param name="overwriteFiles" value="failIfDirectoryExists" />
		<!-- The type of routing (least cost path) algorithm used, may have the values: Dijkstra, FastDijkstra, AStarLandmarks or FastAStarLandmarks -->
		<param name="routingAlgorithmType" value="Dijkstra" />
		<!-- An identifier for the current run which is used as prefix for output files and mentioned in output xml files etc. -->
		<param name="runId" value="null" />
		<!-- Comma-separated list of visualizer output file formats. `transims', `googleearth', and `otfvis'. -->
		<param name="snapshotFormat" value="" />
		<!-- iterationNumber % writeEventsInterval == 0 defines in which iterations events are written to a file. `0' disables events writing completely. -->
		<param name="writeEventsInterval" value="10" />
		<!-- iterationNumber % writePlansInterval == 0 defines (hopefully) in which iterations plans are written to a file. `0' disables plans writing completely.  Some plans in early iterations are always written -->
		<param name="writePlansInterval" value="10" />
		<!-- iterationNumber % writeSnapshotsInterval == 0 defines in which iterations snapshots are written to a file. `0' disables snapshots writing completely -->
		<param name="writeSnapshotsInterval" value="1" />
	</module>
<!-- ====================================================================== -->
	<module name="counts" >
		<!-- Transport modes that will be respected for the counts comparison. 'car' is default, which includes also bussed from the pt simulation module. Use this parameter in combination with 'filterModes' = true! -->
		<param name="analyzedModes" value="car" />
		<!-- Specifies over how many iterations the link volumes should be averaged that are used for the counts comparison. Use 1 or 0 to only use the link volumes of a single iteration. This values cannot be larger than the value specified for writeCountsInterval -->
		<param name="averageCountsOverIterations" value="5" />
		<!-- factor by which to re-scale the simulated values.  necessary when simulation runs with something different from 100%.  needs to be adapted manually -->
		<param name="countsScaleFactor" value="1.0" />
		<!-- distance to distanceFilterCenterNode to include counting stations. The unit of distance is the Euclidean distance implied by the coordinate system -->
		<param name="distanceFilter" value="null" />
		<!-- node id for center node of distance filter -->
		<param name="distanceFilterCenterNode" value="null" />
		<!-- If true, link counts from legs performed on modes not included in the 'analyzedModes' parameter are ignored. -->
		<param name="filterModes" value="false" />
		<!-- The Coordinates Reference System in which the coordinates are expressed in the input file. At import, the coordinates will be converted to the coordinate system defined in "global", and willbe converted back at export. If not specified, no conversion happens. -->
		<param name="inputCRS" value="null" />
		<!-- input file name to counts package -->
		<param name="inputCountsFile" value="null" />
		<!-- possible values: `html', `kml', `txt', `all' -->
		<param name="outputformat" value="txt" />
		<!-- Specifies how often the counts comparison should be calculated and written. -->
		<param name="writeCountsInterval" value="10" />
	</module>
<!-- ====================================================================== -->
	<module name="facilities" >
		<!-- If set to 'true', empty activity option will be created. -->
		<param name="addEmptyActivityOption" value="false" />
		<!-- Default is 'true'. In the case that a facility has no link assigned, the ActivityFacility can be assigned to the closest link. If there should be only one ActivityFacility per link and if no link-assignment should be done, set to 'false'.This will create a new ActivityFacility at the coordinate and the facility will not be assigned to a link. -->
		<param name="assigningLinksToFacilitiesIfMissing" value="true" />
		<!-- If set to 'true', opening time will be assigned to activity facilities from ActivityParams. Default is false. This will NOT override option 'addEmptyActivityOption'. -->
		<param name="assigningOpeningTime" value="false" />
		<!-- This defines how facilities should be created. Possible values: none fromFile setInScenario onePerActivityLocationInPlansFile  -->
		<param name="facilitiesSource" value="none" />
		<!-- A prefix to be used in activityFacility id. -->
		<param name="idPrefix" value="" />
		<!-- The Coordinates Reference System in which the coordinates are expressed in the input file. At import, the coordinates will be converted to the coordinate system defined in "global", and willbe converted back at export. If not specified, no conversion happens. -->
		<param name="inputCRS" value="null" />
		<param name="inputFacilitiesFile" value="null" />
		<param name="inputFacilityAttributesFile" value="null" />
		<!-- Sets whether all activities on a link should be collected within one ActivityFacility. Default is 'true'. If set to 'false', for each coordinate found in the population's activities a separate ActivityFacility will be created. -->
		<param name="oneFacilityPerLink" value="true" />
		<!-- If set to 'true' (which is the default), the link and coordinate attributes are replaced by null reference in the activities, as this information is now available via the facility. -->
		<param name="removingLinksAndCoordinates" value="true" />
	</module>
<!-- ====================================================================== -->
	<module name="global" >
		<param name="coordinateSystem" value="Atlantis" />
		<param name="insistingOnDeprecatedConfigVersion" value="true" />
		<!-- "global" number of threads.  This number is used, e.g., for replanning, but NOT in the mobsim.  This can typically be set to as many cores as you have available, or possibly even slightly more. -->
		<param name="numberOfThreads" value="2" />
		<param name="randomSeed" value="4711" />
	</module>
<!-- ====================================================================== -->
	<module name="households" >
		<param name="inputFile" value="null" />
		<param name="inputHouseholdAttributesFile" value="null" />
	</module>
<!-- ====================================================================== -->
	<module name="linkStats" >
		<!-- Specifies over how many iterations the link volumes should be averaged that are used for the link statistics. Use 1 or 0 to only use the link volumes of a single iteration. This values cannot be larger than the value specified for writeLinkStatsInterval -->
		<param name="averageLinkStatsOverIterations" value="5" />
		<!-- Specifies how often the link stats should be calculated and written. Use 0 to disable the generation of link stats. -->
		<param name="writeLinkStatsInterval" value="10" />
	</module>
<!-- ====================================================================== -->
	<module name="network" >
		<!-- The Coordinates Reference System in which the coordinates are expressed in the input file. At import, the coordinates will be converted to the coordinate system defined in "global", and willbe converted back at export. If not specified, no conversion happens. -->
		<param name="inputCRS" value="null" />
		<param name="inputChangeEventsFile" value="null" />
		<param name="inputNetworkFile" value="multimodalnetwork.xml" />
		<param name="laneDefinitionsFile" value="null" />
		<param name="timeVariantNetwork" value="false" />
	</module>
<!-- ====================================================================== -->
	<module name="parallelEventHandling" >
		<!-- Estimated number of events during mobsim run. An optional optimization hint for the framework. -->
		<param name="estimatedNumberOfEvents" value="null" />
		<!-- Number of threads for parallel events handler. _null_ means the framework decides by itself. 0 is currently not possible. -->
		<param name="numberOfThreads" value="null" />
		<!-- If enabled, each event handler is assigned to its own thread. Note that enabling this feature disabled the numberOfThreads option! This feature is still experimental! -->
		<param name="oneThreadPerHandler" value="false" />
		<!-- If enabled, it is ensured that all events that are created during a time step of the mobility simulation are processed before the next time step is simulated. E.g. neccessary when within-day replanning is used. -->
		<param name="synchronizeOnSimSteps" value="true" />
	</module>
<!-- ====================================================================== -->
	<module name="planCalcScore" >
		<!-- logit model scale parameter. default: 1.  Has name and default value for historical reasons (see Bryan Raney's phd thesis). -->
		<param name="BrainExpBeta" value="2.0" />
		<param name="PathSizeLogitBeta" value="1.0" />
		<!-- fraction of iterations at which MSA score averaging is started. The matsim theory department suggests to use this together with switching off choice set innovation (where a similar switch exists), but it has not been tested yet. -->
		<param name="fractionOfIterationsToStartScoreMSA" value="null" />
		<!-- new_score = (1-learningRate)*old_score + learningRate * score_from_mobsim.  learning rates close to zero emulate score averaging, but slow down initial convergence -->
		<param name="learningRate" value="1.0" />
		<!-- There used to be a plateau between duration=0 and duration=zeroUtilityDuration. This caused durations to evolve to zero once they were below zeroUtilityDuration, causing problems.  Only use this switch if you need to be backwards compatible with some old results.  (changed nov'13) -->
		<param name="usingOldScoringBelowZeroUtilityDuration" value="false" />
		<!-- write a plans file in each iteration directory which contains what each agent actually did, and the score it received. -->
		<param name="writeExperiencedPlans" value="false" />
		<parameterset type="scoringParameters" >
			<param name="earlyDeparture" value="-0.0" />
			<param name="lateArrival" value="-18.0" />
			<param name="marginalUtilityOfMoney" value="1.0" />
			<param name="performing" value="6.0" />
			<param name="subpopulation" value="null" />
			<param name="utilityOfLineSwitch" value="-1.0" />
			<param name="waiting" value="-0.0" />
			<param name="waitingPt" value="-6.0" />
			<parameterset type="activityParams" >
				<param name="activityType" value="dummy" />
				<param name="closingTime" value="undefined" />
				<param name="earliestEndTime" value="undefined" />
				<param name="latestStartTime" value="undefined" />
				<param name="minimalDuration" value="undefined" />
				<param name="openingTime" value="undefined" />
				<param name="priority" value="1.0" />
				<param name="scoringThisActivityAtAll" value="false" />
				<!-- typical duration of activity.  needs to be defined and non-zero.  in sec. -->
				<param name="typicalDuration" value="02:00:00" />
				<!-- method to compute score at typical duration.  Options: | uniform | relative | Use uniform for backwards compatibility (all activities same score; higher proba to drop long acts). -->
				<param name="typicalDurationScoreComputation" value="relative" />
			</parameterset>
			<parameterset type="activityParams" >
				<param name="activityType" value="car interaction" />
				<param name="closingTime" value="undefined" />
				<param name="earliestEndTime" value="undefined" />
				<param name="latestStartTime" value="undefined" />
				<param name="minimalDuration" value="undefined" />
				<param name="openingTime" value="undefined" />
				<param name="priority" value="1.0" />
				<param name="scoringThisActivityAtAll" value="false" />
				<!-- typical duration of activity.  needs to be defined and non-zero.  in sec. -->
				<param name="typicalDuration" value="undefined" />
				<!-- method to compute score at typical duration.  Options: | uniform | relative | Use uniform for backwards compatibility (all activities same score; higher proba to drop long acts). -->
				<param name="typicalDurationScoreComputation" value="relative" />
			</parameterset>
			<parameterset type="activityParams" >
				<param name="activityType" value="pt interaction" />
				<param name="closingTime" value="undefined" />
				<param name="earliestEndTime" value="undefined" />
				<param name="latestStartTime" value="undefined" />
				<param name="minimalDuration" value="undefined" />
				<param name="openingTime" value="undefined" />
				<param name="priority" value="1.0" />
				<param name="scoringThisActivityAtAll" value="false" />
				<!-- typical duration of activity.  needs to be defined and non-zero.  in sec. -->
				<param name="typicalDuration" value="undefined" />
				<!-- method to compute score at typical duration.  Options: | uniform | relative | Use uniform for backwards compatibility (all activities same score; higher proba to drop long acts). -->
				<param name="typicalDurationScoreComputation" value="relative" />
			</parameterset>
			<parameterset type="activityParams" >
				<param name="activityType" value="bike interaction" />
				<param name="closingTime" value="undefined" />
				<param name="earliestEndTime" value="undefined" />
				<param name="latestStartTime" value="undefined" />
				<param name="minimalDuration" value="undefined" />
				<param name="openingTime" value="undefined" />
				<param name="priority" value="1.0" />
				<param name="scoringThisActivityAtAll" value="false" />
				<!-- typical duration of activity.  needs to be defined and non-zero.  in sec. -->
				<param name="typicalDuration" value="undefined" />
				<!-- method to compute score at typical duration.  Options: | uniform | relative | Use uniform for backwards compatibility (all activities same score; higher proba to drop long acts). -->
				<param name="typicalDurationScoreComputation" value="relative" />
			</parameterset>
			<parameterset type="activityParams" >
				<param name="activityType" value="other interaction" />
				<param name="closingTime" value="undefined" />
				<param name="earliestEndTime" value="undefined" />
				<param name="latestStartTime" value="undefined" />
				<param name="minimalDuration" value="undefined" />
				<param name="openingTime" value="undefined" />
				<param name="priority" value="1.0" />
				<param name="scoringThisActivityAtAll" value="false" />
				<!-- typical duration of activity.  needs to be defined and non-zero.  in sec. -->
				<param name="typicalDuration" value="undefined" />
				<!-- method to compute score at typical duration.  Options: | uniform | relative | Use uniform for backwards compatibility (all activities same score; higher proba to drop long acts). -->
				<param name="typicalDurationScoreComputation" value="relative" />
			</parameterset>
			<parameterset type="activityParams" >
				<param name="activityType" value="walk interaction" />
				<param name="closingTime" value="undefined" />
				<param name="earliestEndTime" value="undefined" />
				<param name="latestStartTime" value="undefined" />
				<param name="minimalDuration" value="undefined" />
				<param name="openingTime" value="undefined" />
				<param name="priority" value="1.0" />
				<param name="scoringThisActivityAtAll" value="false" />
				<!-- typical duration of activity.  needs to be defined and non-zero.  in sec. -->
				<param name="typicalDuration" value="undefined" />
				<!-- method to compute score at typical duration.  Options: | uniform | relative | Use uniform for backwards compatibility (all activities same score; higher proba to drop long acts). -->
				<param name="typicalDurationScoreComputation" value="relative" />
			</parameterset>
			<parameterset type="activityParams" >
				<param name="activityType" value="h" />
				<param name="closingTime" value="undefined" />
				<param name="earliestEndTime" value="undefined" />
				<param name="latestStartTime" value="undefined" />
				<param name="minimalDuration" value="08:00:00" />
				<param name="openingTime" value="undefined" />
				<param name="priority" value="1.0" />
				<param name="scoringThisActivityAtAll" value="true" />
				<!-- typical duration of activity.  needs to be defined and non-zero.  in sec. -->
				<param name="typicalDuration" value="12:00:00" />
				<!-- method to compute score at typical duration.  Options: | uniform | relative | Use uniform for backwards compatibility (all activities same score; higher proba to drop long acts). -->
				<param name="typicalDurationScoreComputation" value="relative" />
			</parameterset>
			<parameterset type="activityParams" >
				<param name="activityType" value="w" />
				<param name="closingTime" value="18:00:00" />
				<param name="earliestEndTime" value="undefined" />
				<param name="latestStartTime" value="09:00:00" />
				<param name="minimalDuration" value="06:00:00" />
				<param name="openingTime" value="07:00:00" />
				<param name="priority" value="1.0" />
				<param name="scoringThisActivityAtAll" value="true" />
				<!-- typical duration of activity.  needs to be defined and non-zero.  in sec. -->
				<param name="typicalDuration" value="08:00:00" />
				<!-- method to compute score at typical duration.  Options: | uniform | relative | Use uniform for backwards compatibility (all activities same score; higher proba to drop long acts). -->
				<param name="typicalDurationScoreComputation" value="relative" />
			</parameterset>
			<parameterset type="activityParams" >
				<param name="activityType" value="s" />
				<param name="closingTime" value="20:00:00" />
				<param name="earliestEndTime" value="undefined" />
				<param name="latestStartTime" value="undefined" />
				<param name="minimalDuration" value="00:10:00" />
				<param name="openingTime" value="08:00:00" />
				<param name="priority" value="1.0" />
				<param name="scoringThisActivityAtAll" value="true" />
				<!-- typical duration of activity.  needs to be defined and non-zero.  in sec. -->
				<param name="typicalDuration" value="00:40:00" />
				<!-- method to compute score at typical duration.  Options: | uniform | relative | Use uniform for backwards compatibility (all activities same score; higher proba to drop long acts). -->
				<param name="typicalDurationScoreComputation" value="relative" />
			</parameterset>
			<parameterset type="modeParams" >
				<!-- [utils] alternative-specific constant.  no guarantee that this is used anywhere. default=0 to be backwards compatible for the time being -->
				<param name="constant" value="0.0" />
				<!-- [utils/m] utility of walking per m, normally negative.  this is on top of the time (dis)utility. -->
				<param name="marginalUtilityOfDistance_util_m" value="0.0" />
				<!-- [utils/hr] additional marginal utility of traveling.  normally negative.  this comes on top of the opportunity cost of time -->
				<param name="marginalUtilityOfTraveling_util_hr" value="-6.0" />
				<param name="mode" value="car" />
				<!-- [unit_of_money/m] conversion of distance into money. Normally negative. -->
				<param name="monetaryDistanceRate" value="0.0" />
			</parameterset>
			<parameterset type="modeParams" >
				<!-- [utils] alternative-specific constant.  no guarantee that this is used anywhere. default=0 to be backwards compatible for the time being -->
				<param name="constant" value="0.0" />
				<!-- [utils/m] utility of walking per m, normally negative.  this is on top of the time (dis)utility. -->
				<param name="marginalUtilityOfDistance_util_m" value="0.0" />
				<!-- [utils/hr] additional marginal utility of traveling.  normally negative.  this comes on top of the opportunity cost of time -->
				<param name="marginalUtilityOfTraveling_util_hr" value="-6.0" />
				<param name="mode" value="pt" />
				<!-- [unit_of_money/m] conversion of distance into money. Normally negative. -->
				<param name="monetaryDistanceRate" value="0.0" />
			</parameterset>
			<parameterset type="modeParams" >
				<!-- [utils] alternative-specific constant.  no guarantee that this is used anywhere. default=0 to be backwards compatible for the time being -->
				<param name="constant" value="0.0" />
				<!-- [utils/m] utility of walking per m, normally negative.  this is on top of the time (dis)utility. -->
				<param name="marginalUtilityOfDistance_util_m" value="0.0" />
				<!-- [utils/hr] additional marginal utility of traveling.  normally negative.  this comes on top of the opportunity cost of time -->
				<param name="marginalUtilityOfTraveling_util_hr" value="-6.0" />
				<param name="mode" value="walk" />
				<!-- [unit_of_money/m] conversion of distance into money. Normally negative. -->
				<param name="monetaryDistanceRate" value="0.0" />
			</parameterset>
			<parameterset type="modeParams" >
				<!-- [utils] alternative-specific constant.  no guarantee that this is used anywhere. default=0 to be backwards compatible for the time being -->
				<param name="constant" value="0.0" />
				<!-- [utils/m] utility of walking per m, normally negative.  this is on top of the time (dis)utility. -->
				<param name="marginalUtilityOfDistance_util_m" value="0.0" />
				<!-- [utils/hr] additional marginal utility of traveling.  normally negative.  this comes on top of the opportunity cost of time -->
				<param name="marginalUtilityOfTraveling_util_hr" value="-6.0" />
				<param name="mode" value="bike" />
				<!-- [unit_of_money/m] conversion of distance into money. Normally negative. -->
				<param name="monetaryDistanceRate" value="0.0" />
			</parameterset>
			<parameterset type="modeParams" >
				<!-- [utils] alternative-specific constant.  no guarantee that this is used anywhere. default=0 to be backwards compatible for the time being -->
				<param name="constant" value="0.0" />
				<!-- [utils/m] utility of walking per m, normally negative.  this is on top of the time (dis)utility. -->
				<param name="marginalUtilityOfDistance_util_m" value="0.0" />
				<!-- [utils/hr] additional marginal utility of traveling.  normally negative.  this comes on top of the opportunity cost of time -->
				<param name="marginalUtilityOfTraveling_util_hr" value="-6.0" />
				<param name="mode" value="ride" />
				<!-- [unit_of_money/m] conversion of distance into money. Normally negative. -->
				<param name="monetaryDistanceRate" value="0.0" />
			</parameterset>
			<parameterset type="modeParams" >
				<!-- [utils] alternative-specific constant.  no guarantee that this is used anywhere. default=0 to be backwards compatible for the time being -->
				<param name="constant" value="0.0" />
				<!-- [utils/m] utility of walking per m, normally negative.  this is on top of the time (dis)utility. -->
				<param name="marginalUtilityOfDistance_util_m" value="0.0" />
				<!-- [utils/hr] additional marginal utility of traveling.  normally negative.  this comes on top of the opportunity cost of time -->
				<param name="marginalUtilityOfTraveling_util_hr" value="-6.0" />
				<param name="mode" value="other" />
				<!-- [unit_of_money/m] conversion of distance into money. Normally negative. -->
				<param name="monetaryDistanceRate" value="0.0" />
			</parameterset>
		</parameterset>
	</module>
<!-- ====================================================================== -->
	<module name="plans" >
		<!-- String: minOfDurationAndEndTime tryEndTimeThenDuration endTimeOnly. Anything besides minOfDurationAndEndTime will internally use a different (simpler) version of the TimeAllocationMutator. -->
		<param name="activityDurationInterpretation" value="tryEndTimeThenDuration" />
		<!-- The Coordinates Reference System in which the coordinates are expressed in the input file. At import, the coordinates will be converted to the coordinate system defined in "global", and willbe converted back at export. If not specified, no conversion happens. -->
		<param name="inputCRS" value="null" />
		<!-- Path to a file containing person attributes (required file format: ObjectAttributes). -->
		<param name="inputPersonAttributesFile" value="null" />
		<param name="inputPlansFile" value="0.plans.xml.gz" />
		<!-- Defines how routes are stored in memory. Currently supported: LinkNetworkRoute, CompressedNetworkRoute. -->
		<param name="networkRouteType" value="LinkNetworkRoute" />
		<!-- (not tested) will remove plan attributes that are presumably not used, such as activityStartTime. default=false -->
		<param name="removingUnnecessaryPlanAttributes" value="false" />
		<!-- Name of the (Object)Attribute defining the subpopulation to which pertains a Person (as freight, through traffic, etc.). The attribute must be of String type.  Change away from default only in desperate situations. -->
		<param name="subpopulationAttributeName" value="subpopulation" />
	</module>
<!-- ====================================================================== -->
	<module name="planscalcroute" >
		<!-- All the modes for which the router is supposed to generate network routes (like car) -->
		<param name="networkModes" value="car" />
		<parameterset type="teleportedModeParameters" >
			<param name="beelineDistanceFactor" value="1.3" />
			<param name="mode" value="bike" />
			<!-- Free-speed factor for a teleported mode. Travel time = teleportedModeFreespeedFactor * <freespeed car travel time>. Insert a line like this for every such mode. Please do not set teleportedModeFreespeedFactor as well as teleportedModeSpeed for the same mode, but if you do, +teleportedModeFreespeedFactor wins over teleportedModeSpeed. -->
			<param name="teleportedModeFreespeedFactor" value="null" />
			<!-- Speed for a teleported mode. Travel time = (<beeline distance> * beelineDistanceFactor) / teleportedModeSpeed. Insert a line like this for every such mode. -->
			<param name="teleportedModeSpeed" value="4.166666666666667" />
		</parameterset>
		<parameterset type="teleportedModeParameters" >
			<param name="beelineDistanceFactor" value="1.3" />
			<param name="mode" value="walk" />
			<!-- Free-speed factor for a teleported mode. Travel time = teleportedModeFreespeedFactor * <freespeed car travel time>. Insert a line like this for every such mode. Please do not set teleportedModeFreespeedFactor as well as teleportedModeSpeed for the same mode, but if you do, +teleportedModeFreespeedFactor wins over teleportedModeSpeed. -->
			<param name="teleportedModeFreespeedFactor" value="null" />
			<!-- Speed for a teleported mode. Travel time = (<beeline distance> * beelineDistanceFactor) / teleportedModeSpeed. Insert a line like this for every such mode. -->
			<param name="teleportedModeSpeed" value="0.8333333333333333" />
		</parameterset>
		<parameterset type="teleportedModeParameters" >
			<param name="beelineDistanceFactor" value="1.3" />
			<param name="mode" value="access_walk" />
			<!-- Free-speed factor for a teleported mode. Travel time = teleportedModeFreespeedFactor * <freespeed car travel time>. Insert a line like this for every such mode. Please do not set teleportedModeFreespeedFactor as well as teleportedModeSpeed for the same mode, but if you do, +teleportedModeFreespeedFactor wins over teleportedModeSpeed. -->
			<param name="teleportedModeFreespeedFactor" value="null" />
			<!-- Speed for a teleported mode. Travel time = (<beeline distance> * beelineDistanceFactor) / teleportedModeSpeed. Insert a line like this for every such mode. -->
			<param name="teleportedModeSpeed" value="0.8333333333333333" />
		</parameterset>
		<parameterset type="teleportedModeParameters" >
			<param name="beelineDistanceFactor" value="1.3" />
			<param name="mode" value="egress_walk" />
			<!-- Free-speed factor for a teleported mode. Travel time = teleportedModeFreespeedFactor * <freespeed car travel time>. Insert a line like this for every such mode. Please do not set teleportedModeFreespeedFactor as well as teleportedModeSpeed for the same mode, but if you do, +teleportedModeFreespeedFactor wins over teleportedModeSpeed. -->
			<param name="teleportedModeFreespeedFactor" value="null" />
			<!-- Speed for a teleported mode. Travel time = (<beeline distance> * beelineDistanceFactor) / teleportedModeSpeed. Insert a line like this for every such mode. -->
			<param name="teleportedModeSpeed" value="0.8333333333333333" />
		</parameterset>
		<parameterset type="teleportedModeParameters" >
			<param name="beelineDistanceFactor" value="1.3" />
			<param name="mode" value="undefined" />
			<!-- Free-speed factor for a teleported mode. Travel time = teleportedModeFreespeedFactor * <freespeed car travel time>. Insert a line like this for every such mode. Please do not set teleportedModeFreespeedFactor as well as teleportedModeSpeed for the same mode, but if you do, +teleportedModeFreespeedFactor wins over teleportedModeSpeed. -->
			<param name="teleportedModeFreespeedFactor" value="null" />
			<!-- Speed for a teleported mode. Travel time = (<beeline distance> * beelineDistanceFactor) / teleportedModeSpeed. Insert a line like this for every such mode. -->
			<param name="teleportedModeSpeed" value="13.88888888888889" />
		</parameterset>
		<parameterset type="teleportedModeParameters" >
			<param name="beelineDistanceFactor" value="1.3" />
			<param name="mode" value="ride" />
			<!-- Free-speed factor for a teleported mode. Travel time = teleportedModeFreespeedFactor * <freespeed car travel time>. Insert a line like this for every such mode. Please do not set teleportedModeFreespeedFactor as well as teleportedModeSpeed for the same mode, but if you do, +teleportedModeFreespeedFactor wins over teleportedModeSpeed. -->
			<param name="teleportedModeFreespeedFactor" value="1.0" />
			<!-- Speed for a teleported mode. Travel time = (<beeline distance> * beelineDistanceFactor) / teleportedModeSpeed. Insert a line like this for every such mode. -->
			<param name="teleportedModeSpeed" value="null" />
		</parameterset>
		<parameterset type="teleportedModeParameters" >
			<param name="beelineDistanceFactor" value="1.3" />
			<param name="mode" value="pt" />
			<!-- Free-speed factor for a teleported mode. Travel time = teleportedModeFreespeedFactor * <freespeed car travel time>. Insert a line like this for every such mode. Please do not set teleportedModeFreespeedFactor as well as teleportedModeSpeed for the same mode, but if you do, +teleportedModeFreespeedFactor wins over teleportedModeSpeed. -->
			<param name="teleportedModeFreespeedFactor" value="2.0" />
			<!-- Speed for a teleported mode. Travel time = (<beeline distance> * beelineDistanceFactor) / teleportedModeSpeed. Insert a line like this for every such mode. -->
			<param name="teleportedModeSpeed" value="null" />
		</parameterset>
	</module>
<!-- ====================================================================== -->
	<module name="ptCounts" >
		<!-- factor by which to re-scale the simulated values.  necessary when simulation runs with something different from 100%.  needs to be adapted manually -->
		<param name="countsScaleFactor" value="1.0" />
		<!-- distance to distanceFilterCenterNode to include counting stations. The unit of distance is the Euclidean distance implied by the coordinate system -->
		<param name="distanceFilter" value="null" />
		<!-- node id for center node of distance filter -->
		<param name="distanceFilterCenterNode" value="null" />
		<!-- input file containing the alighting (getting off) counts for pt -->
		<param name="inputAlightCountsFile" value="null" />
		<!-- input file containing the boarding (getting on) counts for pt -->
		<param name="inputBoardCountsFile" value="null" />
		<!-- input file containing the occupancy counts for pt -->
		<param name="inputOccupancyCountsFile" value="null" />
		<!-- possible values: `html', `kml', `txt', `all' -->
		<param name="outputformat" value="null" />
		<!-- every how many iterations (starting with 0) counts comparisons are generated -->
		<param name="ptCountsInterval" value="10" />
	</module>
<!-- ====================================================================== -->
	<module name="qsim" >
		<!-- If set to true, creates a vehicle for each person corresponding to every network mode. However, this will be overridden if vehicle source is fromVehiclesData. -->
		<param name="creatingVehiclesForAllNetworkModes" value="true" />
		<param name="endTime" value="30:00:00" />
		<param name="flowCapacityFactor" value="1.0" />
		<!-- decides if waiting vehicles enter the network after or before the already driving vehicles were moved. Default: false -->
		<param name="insertingWaitingVehiclesBeforeDrivingVehicles" value="false" />
		<!-- If link dynamics is set as SeepageQ, set to false if all seep modes should perform seepage. Default is true (better option). -->
		<param name="isRestrictingSeepage" value="true" />
		<!-- If link dynamics is set as SeepageQ, set to true if seep mode do not consumes any space on the link. Default is false. -->
		<param name="isSeepModeStorageFree" value="false" />
		<!-- default: FIFO; options: FIFO PassingQ SeepageQ -->
		<param name="linkDynamics" value="FIFO" />
		<!-- The (initial) width of the links of the network. Use positive floating point values. This is used only for visualisation. -->
		<param name="linkWidth" value="30.0" />
		<!-- [comma-separated list] Defines which modes are congested modes. Technically, these are the modes that the departure handler of the netsimengine handles.  Effective cell size, effective lane width, flow capacity factor, and storage capacity factor need to be set with diligence.  Need to be vehicular modes to make sense. -->
		<param name="mainMode" value="car" />
		<!-- Shortens a link in the visualization, i.e. its start and end point are moved into towards the center. Does not affect traffic flow.  -->
		<param name="nodeOffset" value="0.0" />
		<!-- Number of threads used for the QSim.  Note that this setting is independent from the "global" threads setting.  In contrast to earlier versions, the non-parallel special version is no longer there. -->
		<param name="numberOfThreads" value="1" />
		<!-- Boolean. `true': stuck vehicles are removed, aborting the plan; `false': stuck vehicles are forced into the next link. `false' is probably the better choice. -->
		<param name="removeStuckVehicles" value="false" />
		<!-- If link dynamics is set as SeepageQ, set a seep mode. Default is bike. -->
		<param name="seepMode" value="bike" />
		<!-- Possible values: minOfEndtimeAndMobsimFinished, onlyUseEndtime -->
		<param name="simEndtimeInterpretation" value="null" />
		<!-- Options: maxOfStarttimeAndEarliestActivityEnd onlyUseStarttime  -->
		<param name="simStarttimeInterpretation" value="maxOfStarttimeAndEarliestActivityEnd" />
		<!-- snapshotStyle. One of: equiDist queue withHoles withHolesAndShowHoles kinematicWaves  -->
		<param name="snapshotStyle" value="equiDist" />
		<param name="snapshotperiod" value="00:00:00" />
		<param name="startTime" value="00:00:00" />
		<param name="storageCapacityFactor" value="1.0" />
		<!-- time in seconds.  Time after which the frontmost vehicle on a link is called `stuck' if it does not move. -->
		<param name="stuckTime" value="10.0" />
		<param name="timeStepSize" value="00:00:01" />
		<!-- options: queue withHoles kinematicWaves  -->
		<param name="trafficDynamics" value="queue" />
		<!-- Set this parameter to true if lanes should be used, false if not. -->
		<param name="useLanes" value="false" />
		<!-- If a route does not reference a vehicle, agents will use the vehicle with the same id as their own. -->
		<param name="usePersonIdForMissingVehicleId" value="true" />
		<!-- If false, the qsim accumulates fractional flows up to one flow unit in every time step.  If true, flows are updated only if an agent wants to enter the link or an agent is added to buffer. Default is true. -->
		<param name="usingFastCapacityUpdate" value="true" />
		<!-- if the qsim should use as many runners as there are threads (Christoph's dissertation version) or more of them, together with a thread pool (seems to be faster in some situations, but is not tested). -->
		<param name="usingThreadpool" value="true" />
		<!-- Defines what happens if an agent wants to depart, but the specified vehicle is not available. One of: teleport wait exception  -->
		<param name="vehicleBehavior" value="teleport" />
		<!-- If vehicles should all be the same default vehicle, or come from the vehicles file, or something else.  Possible values:  defaultVehicle modeVehicleTypesFromVehiclesData fromVehiclesData -->
		<param name="vehiclesSource" value="defaultVehicle" />
	</module>
<!-- ====================================================================== -->
	<module name="scenario" >
	</module>
<!-- ====================================================================== -->
	<module name="strategy" >
		<!-- the external executable will be called with a config file as argument.  This is the pathname to a possible skeleton config, to which additional information will be added.  Can be null. -->
		<param name="ExternalExeConfigTemplate" value="null" />
		<!-- time out value (in seconds) after which matsim will consider the external strategy as failed -->
		<param name="ExternalExeTimeOut" value="3600" />
		<!-- root directory for temporary files generated by the external executable. Provided as a service; I don't think this is used by MATSim. -->
		<param name="ExternalExeTmpFileRootDir" value="null" />
		<!-- fraction of iterations where innovative strategies are switched off.  Something link 0.8 should be good.  E.g. if you run from iteration 400 to iteration 500, innovation is switched off at iteration 480 -->
		<param name="fractionOfIterationsToDisableInnovation" value="Infinity" />
		<!-- maximum number of plans per agent.  ``0'' means ``infinity''.  Currently (2010), ``5'' is a good number -->
		<param name="maxAgentPlanMemorySize" value="5" />
		<!-- strategyName of PlanSelector for plans removal.  Possible defaults: WorstPlanSelector SelectRandom SelectExpBetaForRemoval ChangeExpBetaForRemoval PathSizeLogitSelectorForRemoval . The current default, WorstPlanSelector is not a good choice from a discrete choice theoretical perspective. Alternatives, however, have not been systematically tested. kai, feb'12 -->
		<param name="planSelectorForRemoval" value="WorstPlanSelector" />
		<parameterset type="strategysettings" >
			<!-- iteration after which strategy will be disabled.  most useful for ``innovative'' strategies (new routes, new times, ...). Normally, better use fractionOfIterationsToDisableInnovation -->
			<param name="disableAfterIteration" value="-1" />
			<!-- path to external executable (if applicable) -->
			<param name="executionPath" value="null" />
			<!-- strategyName of strategy.  Possible default names: SelectRandomBestScoreKeepLastSelectedChangeExpBetaSelectExpBetaSelectPathSizeLogit (selectors), ReRoute TimeAllocationMutator ChangeLegMode TimeAllocationMutator_ReRoute ChangeSingleLegMode ChangeSingleTripMode SubtourModeChoice ChangeTripMode TripSubtourModeChoice  (innovative strategies). -->
			<param name="strategyName" value="BestScore" />
			<!-- subpopulation to which the strategy applies. "null" refers to the default population, that is, the set of persons for which no explicit subpopulation is defined (ie no subpopulation attribute) -->
			<param name="subpopulation" value="null" />
			<!-- weight of a strategy: for each agent, a strategy will be selected with a probability proportional to its weight -->
			<param name="weight" value="0.7" />
		</parameterset>
		<parameterset type="strategysettings" >
			<!-- iteration after which strategy will be disabled.  most useful for ``innovative'' strategies (new routes, new times, ...). Normally, better use fractionOfIterationsToDisableInnovation -->
			<param name="disableAfterIteration" value="-1" />
			<!-- path to external executable (if applicable) -->
			<param name="executionPath" value="null" />
			<!-- strategyName of strategy.  Possible default names: SelectRandomBestScoreKeepLastSelectedChangeExpBetaSelectExpBetaSelectPathSizeLogit (selectors), ReRoute TimeAllocationMutator ChangeLegMode TimeAllocationMutator_ReRoute ChangeSingleLegMode ChangeSingleTripMode SubtourModeChoice ChangeTripMode TripSubtourModeChoice  (innovative strategies). -->
			<param name="strategyName" value="ReRoute" />
			<!-- subpopulation to which the strategy applies. "null" refers to the default population, that is, the set of persons for which no explicit subpopulation is defined (ie no subpopulation attribute) -->
			<param name="subpopulation" value="null" />
			<!-- weight of a strategy: for each agent, a strategy will be selected with a probability proportional to its weight -->
			<param name="weight" value="0.1" />
		</parameterset>
		<parameterset type="strategysettings" >
			<!-- iteration after which strategy will be disabled.  most useful for ``innovative'' strategies (new routes, new times, ...). Normally, better use fractionOfIterationsToDisableInnovation -->
			<param name="disableAfterIteration" value="-1" />
			<!-- path to external executable (if applicable) -->
			<param name="executionPath" value="null" />
			<!-- strategyName of strategy.  Possible default names: SelectRandomBestScoreKeepLastSelectedChangeExpBetaSelectExpBetaSelectPathSizeLogit (selectors), ReRoute TimeAllocationMutator ChangeLegMode TimeAllocationMutator_ReRoute ChangeSingleLegMode ChangeSingleTripMode SubtourModeChoice ChangeTripMode TripSubtourModeChoice  (innovative strategies). -->
			<param name="strategyName" value="TimeAllocationMutator" />
			<!-- subpopulation to which the strategy applies. "null" refers to the default population, that is, the set of persons for which no explicit subpopulation is defined (ie no subpopulation attribute) -->
			<param name="subpopulation" value="null" />
			<!-- weight of a strategy: for each agent, a strategy will be selected with a probability proportional to its weight -->
			<param name="weight" value="0.1" />
		</parameterset>
		<parameterset type="strategysettings" >
			<!-- iteration after which strategy will be disabled.  most useful for ``innovative'' strategies (new routes, new times, ...). Normally, better use fractionOfIterationsToDisableInnovation -->
			<param name="disableAfterIteration" value="-1" />
			<!-- path to external executable (if applicable) -->
			<param name="executionPath" value="null" />
			<!-- strategyName of strategy.  Possible default names: SelectRandomBestScoreKeepLastSelectedChangeExpBetaSelectExpBetaSelectPathSizeLogit (selectors), ReRoute TimeAllocationMutator ChangeLegMode TimeAllocationMutator_ReRoute ChangeSingleLegMode ChangeSingleTripMode SubtourModeChoice ChangeTripMode TripSubtourModeChoice  (innovative strategies). -->
			<param name="strategyName" value="ChangeTripMode" />
			<!-- subpopulation to which the strategy applies. "null" refers to the default population, that is, the set of persons for which no explicit subpopulation is defined (ie no subpopulation attribute) -->
			<param name="subpopulation" value="null" />
			<!-- weight of a strategy: for each agent, a strategy will be selected with a probability proportional to its weight -->
			<param name="weight" value="0.1" />
		</parameterset>
	</module>
<!-- ====================================================================== -->
	<module name="subtourModeChoice" >
		<!-- Defines the chain-based modes, seperated by commas -->
		<param name="chainBasedModes" value="car,bike" />
		<!-- Defines whether car availability must be considered or not. A agent has no car only if it has no license, or never access to a car -->
		<param name="considerCarAvailability" value="false" />
		<!-- Defines all the modes available, including chain-based modes, seperated by commas -->
		<param name="modes" value="car,pt,bike,walk" />
	</module>
<!-- ====================================================================== -->
	<module name="transit" >
		<!-- The Coordinates Reference System in which the coordinates are expressed in the input file. At import, the coordinates will be converted to the coordinate system defined in "global", and willbe converted back at export. If not specified, no conversion happens. -->
		<param name="inputScheduleCRS" value="null" />
		<!-- Optional input file containing additional attributes for transit lines, stored as ObjectAttributes. -->
		<param name="transitLinesAttributesFile" value="null" />
		<!-- Comma-separated list of transportation modes that are handled as transit. Defaults to 'pt'. -->
		<param name="transitModes" value="pt" />
		<!-- Input file containing the transit schedule to be simulated. -->
		<param name="transitScheduleFile" value="transitschedule.xml" />
		<!-- Optional input file containing additional attributes for transit stop facilities, stored as ObjectAttributes. -->
		<param name="transitStopsAttributesFile" value="null" />
		<!-- Set this parameter to true if transit should be simulated, false if not. -->
		<param name="useTransit" value="true" />
		<!-- Input file containing the vehicles used by the departures in the transit schedule. -->
		<param name="vehiclesFile" value="transitVehicles.xml" />
	</module>
<!-- ====================================================================== -->
	<module name="transitRouter" >
		<!-- additional time the router allocates when a line switch happens. Can be interpreted as a 'safety' time that agents need to safely transfer from one line to another -->
		<param name="additionalTransferTime" value="0.0" />
		<!-- Factor with which direct walk generalized cost is multiplied before it is compared to the pt generalized cost.  Set to a very high value to reduce direct walk results. -->
		<param name="directWalkFactor" value="1.0" />
		<!-- step size to increase searchRadius if no stops are found -->
		<param name="extensionRadius" value="200.0" />
		<!-- maximum beeline distance between stops that agents could transfer to by walking -->
		<param name="maxBeelineWalkConnectionDistance" value="100.0" />
		<!-- the radius in which stop locations are searched, given a start or target coordinate -->
		<param name="searchRadius" value="1000.0" />
	</module>
<!-- ====================================================================== -->
	<module name="travelTimeCalculator" >
		<!-- Transport modes that will be respected by the travel time collector. 'car' is default, which includes also busses from the pt simulation module. Use this parameter in combination with 'filterModes' = true! -->
		<param name="analyzedModes" value="car" />
		<param name="calculateLinkToLinkTravelTimes" value="false" />
		<param name="calculateLinkTravelTimes" value="true" />
		<!-- If true, link travel times from legs performed on modes not included in the 'analyzedModes' parameter are ignored. -->
		<param name="filterModes" value="false" />
		<!-- The lenght (in sec) of the time period that is splited into time bins; an additional time bin is created to aggregate all travel times collected after maxTime -->
		<param name="maxTime" value="108000" />
		<!-- If true, link travel times are measured and calculated separately for each mode in analyzedModes. Other modes are ignored. If true, filterModes has no effect. -->
		<param name="separateModes" value="false" />
		<!-- How to deal with congested time bins that have no link entry events. `optimistic' assumes free speed (too optimistic); 'experimental_LastMile' is experimental and probably too pessimistic. -->
		<param name="travelTimeAggregator" value="optimistic" />
		<!-- The size of the time bin (in sec) into which the link travel times are aggregated for the router -->
		<param name="travelTimeBinSize" value="900" />
		<!-- possible values: TravelTimeCalculatorArray TravelTimeCalculatorHashMap  -->
		<param name="travelTimeCalculator" value="TravelTimeCalculatorArray" />
		<!-- How to deal with link entry times at different positions during the time bin. Currently supported: average, linearinterpolation -->
		<param name="travelTimeGetter" value="average" />
	</module>
<!-- ====================================================================== -->
	<module name="vehicles" >
		<param name="vehiclesFile" value="null" />
	</module>
<!-- ====================================================================== -->
	<module name="vspExperimental" >
		<!-- (do not use except of you have to) There was a problem with pt interaction scoring.  Some people solved it by overwriting the parameters of the pt interaction activity type.  Doing this now throws an Exception.  If you still insist on doing this, set the following to true. -->
		<param name="isAbleToOverwritePtInteractionParams" value="false" />
		<param name="isGeneratingBoardingDeniedEvent" value="false" />
		<!-- if an approximation of the opportunity cost of time is included into the radius calculation for location choice.`true' will be faster, but it is an approximation.  Default is `true'; `false' is available for backwards compatibility. -->
		<param name="isUsingOpportunityCostOfTimeForLocationChoice" value="true" />
		<param name="logitScaleParamForPlansRemoval" value="1.0" />
		<!-- Options: | ignore | info | warn | abort | .  When violating VSP defaults, this results in nothing, logfile infos, logfile warnings, or aborts.  Members of VSP should use `abort' or talk to kai. -->
		<param name="vspDefaultsCheckingLevel" value="ignore" />
		<!-- if true then writes output_events in output directory.  default is `false'. Will only work when lastIteration is multiple of events writing interval -->
		<param name="writingOutputEvents" value="true" />
	</module>
<!-- ====================================================================== -->

</config>

2018-05-31 18:10:30,094  INFO ControlerUtils:63 Complete config dump done.
2018-05-31 18:10:30,094  INFO ControlerUtils:64 Checking consistency of config...
2018-05-31 18:10:30,095  INFO VspConfigConsistencyCheckerImpl:58 NOT running vsp config consistency check because vsp defaults checking level is set to IGNORE
2018-05-31 18:10:30,096  INFO ControlerUtils:66 Checking consistency of config done.
2018-05-31 18:10:30,096  INFO PrepareForSimImpl:73 Network seems to be multimodal. Create car-only network which is handed over to PersonPrepareForSim.
2018-05-31 18:10:30,096  INFO NetworkImpl:167  node # 1
2018-05-31 18:10:30,096  INFO NetworkImpl:167  node # 4
2018-05-31 18:10:30,097  INFO NetworkImpl:167  node # 16
2018-05-31 18:10:30,097  INFO NetworkImpl:163  link # 1
2018-05-31 18:10:30,097  INFO NetworkImpl:163  link # 4
2018-05-31 18:10:30,097  INFO NetworkImpl:163  link # 16
2018-05-31 18:10:30,101 DEBUG NetworkRoutingProvider:75 requesting network routing module with routingMode=car;	mode=car
2018-05-31 18:10:30,102 DEBUG NetworkRoutingProvider:75 requesting network routing module with routingMode=car;	mode=car
2018-05-31 18:10:30,103  INFO Counter:61 [PersonPrepareForSim] handled person # 1
2018-05-31 18:10:30,103  INFO Counter:61 [PersonPrepareForSim] handled person # 2
2018-05-31 18:10:30,104  INFO Counter:61 [PersonPrepareForSim] handled person # 4
2018-05-31 18:10:30,104  INFO Counter:61 [PersonPrepareForSim] handled person # 8
2018-05-31 18:10:30,104  INFO Counter:61 [PersonPrepareForSim] handled person # 16
2018-05-31 18:10:30,104  INFO Counter:61 [PersonPrepareForSim] handled person # 32
2018-05-31 18:10:30,105  INFO Counter:61 [PersonPrepareForSim] handled person # 64
2018-05-31 18:10:30,105  INFO Counter:61 [PersonPrepareForSim] handled person # 128
2018-05-31 18:10:30,106  INFO Counter:61 [PersonPrepareForSim] handled person # 256
2018-05-31 18:10:30,107  INFO Counter:61 [PersonPrepareForSim] handled person # 512
2018-05-31 18:10:30,109  INFO Counter:67 [PersonPrepareForSim] handled person # 900
2018-05-31 18:10:30,110  INFO Counter:61  vehicles # 1
2018-05-31 18:10:30,110  INFO Counter:61  vehicles # 2
2018-05-31 18:10:30,110  INFO Counter:61  vehicles # 4
2018-05-31 18:10:30,110  INFO Counter:61  vehicles # 8
2018-05-31 18:10:30,110  INFO Counter:61  vehicles # 16
2018-05-31 18:10:30,111  INFO Counter:61  vehicles # 32
2018-05-31 18:10:30,112  INFO Counter:61  vehicles # 64
2018-05-31 18:10:30,113  INFO Counter:61  vehicles # 128
2018-05-31 18:10:30,114  INFO Counter:61  vehicles # 256
2018-05-31 18:10:30,116  INFO Counter:61  vehicles # 512
2018-05-31 18:10:30,118  INFO AbstractController:121 ###################################################
2018-05-31 18:10:30,118  INFO AbstractController:122 ### ITERATION 0 BEGINS
2018-05-31 18:10:30,120  INFO ControlerListenerManagerImpl:145 calling notifyIterationStarts on org.matsim.analysis.LegHistogramListener
2018-05-31 18:10:30,120  INFO ControlerListenerManagerImpl:145 calling notifyIterationStarts on org.matsim.analysis.LinkStatsControlerListener
2018-05-31 18:10:30,120  INFO ControlerListenerManagerImpl:145 calling notifyIterationStarts on org.matsim.core.replanning.ReplanningContextImpl
2018-05-31 18:10:30,120  INFO ControlerListenerManagerImpl:145 calling notifyIterationStarts on org.matsim.core.scoring.ExperiencedPlansServiceImpl$1
2018-05-31 18:10:30,121  INFO ControlerListenerManagerImpl:145 calling notifyIterationStarts on org.matsim.core.scoring.ScoringFunctionsForPopulation$1
2018-05-31 18:10:30,138  INFO ControlerListenerManagerImpl:148 [it.0] all ControlerIterationStartsListeners called.
2018-05-31 18:10:30,139  INFO ControlerListenerManagerImpl:224 calling notifyBeforeMobsim on org.matsim.core.controler.corelisteners.EventsHandlingImpl
2018-05-31 18:10:30,139  INFO EventsManagerImpl:170 resetting Event-Handlers
2018-05-31 18:10:30,139  INFO EventsManagerImpl:177   org.matsim.core.trafficmonitoring.TravelTimeCalculator
2018-05-31 18:10:30,139  INFO EventsManagerImpl:177   org.matsim.core.scoring.EventsToLegs
2018-05-31 18:10:30,140  INFO EventsManagerImpl:177   org.matsim.analysis.VolumesAnalyzer
2018-05-31 18:10:30,140  INFO EventsManagerImpl:177   org.matsim.core.scoring.EventsToActivities
2018-05-31 18:10:30,140  INFO EventsManagerImpl:177   org.matsim.analysis.CalcLegTimes
2018-05-31 18:10:30,140  INFO EventsManagerImpl:177   org.matsim.analysis.LegHistogram
2018-05-31 18:10:30,140  INFO EventsManagerImpl:177   org.matsim.core.scoring.ScoringFunctionsForPopulation
2018-05-31 18:10:30,142  INFO EventsManagerImpl:144 adding Event-Handler: org.matsim.core.events.algorithms.EventWriterXML
2018-05-31 18:10:30,143  INFO EventsManagerImpl:148   org.matsim.core.events.algorithms.EventWriter
2018-05-31 18:10:30,143  INFO EventsManagerImpl:148   org.matsim.core.events.handler.BasicEventHandler
2018-05-31 18:10:30,143  INFO EventsManagerImpl:207     > org.matsim.api.core.v01.events.Event
2018-05-31 18:10:30,143  INFO EventsManagerImpl:156 
2018-05-31 18:10:30,143  INFO EventsManagerImpl:144 adding Event-Handler: org.matsim.core.events.algorithms.EventWriterXML
2018-05-31 18:10:30,144  INFO EventsManagerImpl:148   org.matsim.core.events.algorithms.EventWriter
2018-05-31 18:10:30,144  INFO EventsManagerImpl:148   org.matsim.core.events.handler.BasicEventHandler
2018-05-31 18:10:30,144  INFO EventsManagerImpl:207     > org.matsim.api.core.v01.events.Event
2018-05-31 18:10:30,144  INFO EventsManagerImpl:156 
2018-05-31 18:10:30,144  INFO ControlerListenerManagerImpl:224 calling notifyBeforeMobsim on org.matsim.core.controler.corelisteners.PlansDumpingImpl
2018-05-31 18:10:30,144  INFO PlansDumpingImpl:75 dumping plans...
2018-05-31 18:10:30,151  INFO Counter:61 [PopulationWriter] dumped person # 1
2018-05-31 18:10:30,151  INFO Counter:61 [PopulationWriter] dumped person # 2
2018-05-31 18:10:30,152  INFO Counter:61 [PopulationWriter] dumped person # 4
2018-05-31 18:10:30,153  INFO Counter:61 [PopulationWriter] dumped person # 8
2018-05-31 18:10:30,155  INFO Counter:61 [PopulationWriter] dumped person # 16
2018-05-31 18:10:30,157  INFO Counter:61 [PopulationWriter] dumped person # 32
2018-05-31 18:10:30,161  INFO Counter:61 [PopulationWriter] dumped person # 64
2018-05-31 18:10:30,167  INFO Counter:61 [PopulationWriter] dumped person # 128
2018-05-31 18:10:30,176  INFO Counter:61 [PopulationWriter] dumped person # 256
2018-05-31 18:10:30,193  INFO Counter:61 [PopulationWriter] dumped person # 512
2018-05-31 18:10:30,214  INFO PopulationWriter:139 Population written to: test/output/org/matsim/contrib/pseudosimulation/RunPSimTest/testB/ITERS/it.0/0.plans.xml.gz
2018-05-31 18:10:30,215  INFO Counter:67 [PopulationWriter] dumped person # 900
2018-05-31 18:10:30,216  INFO PlansDumpingImpl:92 finished plans dump.
2018-05-31 18:10:30,216  INFO ControlerListenerManagerImpl:229 calling notifyBeforeMobsim on org.matsim.core.population.VspPlansCleaner
2018-05-31 18:10:30,220  INFO ControlerListenerManagerImpl:232 [it.0] all ControlerBeforeMobsimListeners called.
2018-05-31 18:10:30,275  INFO MobsimListenerManager:49 calling addQueueSimulationListener
2018-05-31 18:10:30,276  INFO MobsimListenerManager:53   assigned class org.matsim.core.mobsim.framework.listeners.MobsimListener to interface org.matsim.vis.snapshotwriters.SnapshotWriterManager
2018-05-31 18:10:30,276  INFO MobsimListenerManager:53   assigned class org.matsim.core.mobsim.framework.listeners.MobsimListener to interface org.matsim.core.mobsim.framework.listeners.MobsimInitializedListener
2018-05-31 18:10:30,277  INFO MobsimListenerManager:53   assigned class org.matsim.core.mobsim.framework.listeners.MobsimListener to interface org.matsim.core.mobsim.framework.listeners.MobsimListener
2018-05-31 18:10:30,277  INFO MobsimListenerManager:53   assigned class org.matsim.core.mobsim.framework.listeners.MobsimListener to interface org.matsim.core.mobsim.framework.listeners.MobsimBeforeCleanupListener
2018-05-31 18:10:30,277  INFO MobsimListenerManager:53   assigned class org.matsim.core.mobsim.framework.listeners.MobsimListener to interface org.matsim.core.mobsim.framework.listeners.MobsimAfterSimStepListener
2018-05-31 18:10:30,295  INFO Injector:80 === printInjector start ===
2018-05-31 18:10:30,296  INFO Injector:84 org.matsim.core.mobsim.qsim.qnetsimengine.VehicularDepartureHandler 
2018-05-31 18:10:30,296  INFO Injector:85   --> provider: Key[type=org.matsim.core.mobsim.qsim.qnetsimengine.QNetsimEngineDepartureHandlerProvider, annotation=[none]][Scopes.SINGLETON]
2018-05-31 18:10:30,296  INFO Injector:86   --> source: org.matsim.core.mobsim.qsim.qnetsimengine.QNetsimEnginePlugin$1.configure(QNetsimEnginePlugin.java:25)
2018-05-31 18:10:30,296  INFO Injector:88   --> scope: eager singleton
2018-05-31 18:10:30,297  INFO Injector:92 
2018-05-31 18:10:30,297  INFO Injector:84 org.matsim.core.mobsim.qsim.agents.AgentFactory 
2018-05-31 18:10:30,297  INFO Injector:85   --> provider: FactoryProxy{key=Key[type=org.matsim.core.mobsim.qsim.agents.AgentFactory, annotation=[none]], provider=com.google.inject.internal.ConstructorBindingImpl$Factory@662706a7}[Scopes.SINGLETON]
2018-05-31 18:10:30,297  INFO Injector:86   --> source: org.matsim.core.mobsim.qsim.PopulationPlugin$1.configure(PopulationPlugin.java:28)
2018-05-31 18:10:30,298  INFO Injector:88   --> scope: eager singleton
2018-05-31 18:10:30,298  INFO Injector:92 
2018-05-31 18:10:30,298  INFO Injector:84 org.matsim.core.mobsim.qsim.interfaces.Netsim 
2018-05-31 18:10:30,298  INFO Injector:85   --> provider: FactoryProxy{key=Key[type=org.matsim.core.mobsim.qsim.interfaces.Netsim, annotation=[none]], provider=com.google.inject.internal.ConstructorBindingImpl$Factory@f99f5e0[Scopes.SINGLETON]}
2018-05-31 18:10:30,299  INFO Injector:86   --> source: org.matsim.core.mobsim.qsim.QSimProvider$1.configure(QSimProvider.java:65)
2018-05-31 18:10:30,299  INFO Injector:88   --> scope: Scopes.NO_SCOPE
2018-05-31 18:10:30,299  INFO Injector:92 
2018-05-31 18:10:30,299  INFO Injector:84 org.matsim.core.mobsim.jdeqsim.MessageQueue 
2018-05-31 18:10:30,300  INFO Injector:85   --> provider: com.google.inject.internal.ConstructorBindingImpl$Factory@7357a011[Scopes.SINGLETON]
2018-05-31 18:10:30,300  INFO Injector:86   --> source: org.matsim.core.mobsim.qsim.messagequeueengine.MessageQueuePlugin$1.configure(MessageQueuePlugin.java:24)
2018-05-31 18:10:30,300  INFO Injector:88   --> scope: eager singleton
2018-05-31 18:10:30,300  INFO Injector:92 
2018-05-31 18:10:30,301  INFO Injector:84 org.matsim.core.mobsim.qsim.jdeqsimengine.SteppableScheduler 
2018-05-31 18:10:30,301  INFO Injector:85   --> provider: com.google.inject.internal.ConstructorBindingImpl$Factory@40317ba2[Scopes.SINGLETON]
2018-05-31 18:10:30,301  INFO Injector:86   --> source: org.matsim.core.mobsim.qsim.messagequeueengine.MessageQueuePlugin$1.configure(MessageQueuePlugin.java:25)
2018-05-31 18:10:30,301  INFO Injector:88   --> scope: eager singleton
2018-05-31 18:10:30,301  INFO Injector:92 
2018-05-31 18:10:30,302  INFO Injector:84 org.matsim.core.mobsim.qsim.messagequeueengine.MessageQueueEngine 
2018-05-31 18:10:30,302  INFO Injector:85   --> provider: com.google.inject.internal.ConstructorBindingImpl$Factory@5b7a8434[Scopes.SINGLETON]
2018-05-31 18:10:30,302  INFO Injector:86   --> source: org.matsim.core.mobsim.qsim.messagequeueengine.MessageQueuePlugin$1.configure(MessageQueuePlugin.java:26)
2018-05-31 18:10:30,302  INFO Injector:88   --> scope: eager singleton
2018-05-31 18:10:30,302  INFO Injector:92 
2018-05-31 18:10:30,303  INFO Injector:84 org.matsim.core.mobsim.qsim.ActivityEngine 
2018-05-31 18:10:30,303  INFO Injector:85   --> provider: com.google.inject.internal.ConstructorBindingImpl$Factory@7cbd9d24[Scopes.SINGLETON]
2018-05-31 18:10:30,303  INFO Injector:86   --> source: org.matsim.core.mobsim.qsim.ActivityEnginePlugin$1.configure(ActivityEnginePlugin.java:23)
2018-05-31 18:10:30,303  INFO Injector:88   --> scope: eager singleton
2018-05-31 18:10:30,303  INFO Injector:92 
2018-05-31 18:10:30,304  INFO Injector:84 org.matsim.core.mobsim.qsim.qnetsimengine.QNetsimEngine 
2018-05-31 18:10:30,304  INFO Injector:85   --> provider: com.google.inject.internal.ConstructorBindingImpl$Factory@73a8da0f[Scopes.SINGLETON]
2018-05-31 18:10:30,304  INFO Injector:86   --> source: org.matsim.core.mobsim.qsim.qnetsimengine.QNetsimEnginePlugin$1.configure(QNetsimEnginePlugin.java:24)
2018-05-31 18:10:30,304  INFO Injector:88   --> scope: eager singleton
2018-05-31 18:10:30,304  INFO Injector:92 
2018-05-31 18:10:30,305  INFO Injector:84 org.matsim.core.mobsim.qsim.pt.TransitQSimEngine 
2018-05-31 18:10:30,305  INFO Injector:85   --> provider: com.google.inject.internal.ConstructorBindingImpl$Factory@1fb19a0[Scopes.SINGLETON]
2018-05-31 18:10:30,305  INFO Injector:86   --> source: org.matsim.core.mobsim.qsim.pt.TransitEnginePlugin$1.configure(TransitEnginePlugin.java:24)
2018-05-31 18:10:30,305  INFO Injector:88   --> scope: eager singleton
2018-05-31 18:10:30,305  INFO Injector:92 
2018-05-31 18:10:30,306  INFO Injector:84 org.matsim.core.mobsim.qsim.DefaultTeleportationEngine 
2018-05-31 18:10:30,306  INFO Injector:85   --> provider: com.google.inject.internal.ConstructorBindingImpl$Factory@13d4992d[Scopes.SINGLETON]
2018-05-31 18:10:30,306  INFO Injector:86   --> source: org.matsim.core.mobsim.qsim.TeleportationPlugin$1.configure(TeleportationPlugin.java:21)
2018-05-31 18:10:30,306  INFO Injector:88   --> scope: eager singleton
2018-05-31 18:10:30,306  INFO Injector:92 
2018-05-31 18:10:30,307  INFO Injector:84 org.matsim.core.mobsim.qsim.agents.PopulationAgentSource 
2018-05-31 18:10:30,307  INFO Injector:85   --> provider: com.google.inject.internal.ConstructorBindingImpl$Factory@3370f42[Scopes.SINGLETON]
2018-05-31 18:10:30,307  INFO Injector:86   --> source: org.matsim.core.mobsim.qsim.PopulationPlugin$1.configure(PopulationPlugin.java:26)
2018-05-31 18:10:30,307  INFO Injector:88   --> scope: eager singleton
2018-05-31 18:10:30,307  INFO Injector:92 
2018-05-31 18:10:30,308  INFO Injector:84 org.matsim.core.mobsim.qsim.QSim 
2018-05-31 18:10:30,308  INFO Injector:85   --> provider: com.google.inject.internal.ConstructorBindingImpl$Factory@f99f5e0[Scopes.SINGLETON]
2018-05-31 18:10:30,308  INFO Injector:86   --> source: org.matsim.core.mobsim.qsim.QSimProvider$1.configure(QSimProvider.java:64)
2018-05-31 18:10:30,308  INFO Injector:88   --> scope: eager singleton
2018-05-31 18:10:30,308  INFO Injector:92 
2018-05-31 18:10:30,309  INFO Injector:95 === printInjector end ===
2018-05-31 18:10:30,309  INFO MobsimListenerManager:49 calling addQueueSimulationListener
2018-05-31 18:10:30,309  INFO MobsimListenerManager:53   assigned class org.matsim.core.mobsim.framework.listeners.MobsimListener to interface org.matsim.core.mobsim.framework.listeners.MobsimBeforeSimStepListener
2018-05-31 18:10:30,309  INFO MobsimListenerManager:53   assigned class org.matsim.core.mobsim.framework.listeners.MobsimListener to interface org.matsim.core.mobsim.framework.listeners.MobsimListener
2018-05-31 18:10:30,310  INFO MobsimListenerManager:53   assigned class org.matsim.core.mobsim.framework.listeners.MobsimListener to interface org.matsim.core.mobsim.qsim.messagequeueengine.MessageQueueEngine
2018-05-31 18:10:30,314  INFO ReconstructingUmlaufBuilder:113 Generating UmlaufStuecke
..2018-05-31 18:10:30,340  INFO QNetsimEngine:504 Assigned 19 nodes and 54 links to QSimEngineRunner #0
2018-05-31 18:10:30,345  INFO EventsManagerImpl:134  event # 1
2018-05-31 18:10:30,347  INFO QNetsimEngine:347 SIMULATION (QNetsimEngine) AT 06:00:00 : #links=0 #nodes=2
2018-05-31 18:10:30,347  INFO EventsManagerImpl:134  event # 4
2018-05-31 18:10:30,347  INFO QSim:506 SIMULATION (NEW QSim) AT 06:00:00 : #Veh=902 lost=0 simT=0.0s realT=0s; (s/r): 0.0
2018-05-31 18:10:30,348  INFO Gbl:54 used RAM: 118935176B = 116147kB = 113MB  free: 890319224B = 849MB  total: 1009254400B = 962MB
2018-05-31 18:10:30,350  INFO EventsManagerImpl:134  event # 16
2018-05-31 18:10:30,506  INFO EventsManagerImpl:134  event # 64
2018-05-31 18:10:30,687  INFO QNetsimEngine:347 SIMULATION (QNetsimEngine) AT 07:00:00 : #links=0 #nodes=2
2018-05-31 18:10:30,687  INFO QSim:506 SIMULATION (NEW QSim) AT 07:00:00 : #Veh=902 lost=0 simT=3600.0s realT=0s; (s/r): Infinity
2018-05-31 18:10:30,688  INFO Gbl:54 used RAM: 118935176B = 116147kB = 113MB  free: 890319224B = 849MB  total: 1009254400B = 962MB
2018-05-31 18:10:30,695  INFO EventsManagerImpl:134  event # 256
2018-05-31 18:10:30,751  INFO EventsManagerImpl:134  event # 1024
2018-05-31 18:10:30,898  INFO EventsManagerImpl:134  event # 4096
2018-05-31 18:10:31,171  INFO QNetsimEngine:347 SIMULATION (QNetsimEngine) AT 08:00:00 : #links=24 #nodes=0
2018-05-31 18:10:31,173  INFO QSim:506 SIMULATION (NEW QSim) AT 08:00:00 : #Veh=902 lost=0 simT=7200.0s realT=0s; (s/r): Infinity
2018-05-31 18:10:31,174  INFO Gbl:54 used RAM: 138415120B = 135171kB = 132MB  free: 870839280B = 830MB  total: 1009254400B = 962MB
2018-05-31 18:10:31,519  INFO QNetsimEngine:347 SIMULATION (QNetsimEngine) AT 09:00:00 : #links=0 #nodes=2
2018-05-31 18:10:31,519  INFO QSim:506 SIMULATION (NEW QSim) AT 09:00:00 : #Veh=902 lost=0 simT=10800.0s realT=1s; (s/r): 10800.0
2018-05-31 18:10:31,520  INFO Gbl:54 used RAM: 145588128B = 142175kB = 138MB  free: 863666272B = 823MB  total: 1009254400B = 962MB
2018-05-31 18:10:31,839  INFO QNetsimEngine:347 SIMULATION (QNetsimEngine) AT 10:00:00 : #links=0 #nodes=2
2018-05-31 18:10:31,839  INFO QSim:506 SIMULATION (NEW QSim) AT 10:00:00 : #Veh=902 lost=0 simT=14400.0s realT=1s; (s/r): 14400.0
2018-05-31 18:10:31,840  INFO Gbl:54 used RAM: 145588128B = 142175kB = 138MB  free: 863666272B = 823MB  total: 1009254400B = 962MB
2018-05-31 18:10:32,124  INFO QNetsimEngine:347 SIMULATION (QNetsimEngine) AT 11:00:00 : #links=0 #nodes=2
2018-05-31 18:10:32,125  INFO QSim:506 SIMULATION (NEW QSim) AT 11:00:00 : #Veh=902 lost=0 simT=18000.0s realT=1s; (s/r): 18000.0
2018-05-31 18:10:32,125  INFO Gbl:54 used RAM: 147346288B = 143892kB = 140MB  free: 861908112B = 821MB  total: 1009254400B = 962MB
2018-05-31 18:10:32,420  INFO QNetsimEngine:347 SIMULATION (QNetsimEngine) AT 12:00:00 : #links=0 #nodes=2
2018-05-31 18:10:32,420  INFO QSim:506 SIMULATION (NEW QSim) AT 12:00:00 : #Veh=902 lost=0 simT=21600.0s realT=2s; (s/r): 10800.0
2018-05-31 18:10:32,421  INFO Gbl:54 used RAM: 151882000B = 148322kB = 144MB  free: 857372400B = 817MB  total: 1009254400B = 962MB
2018-05-31 18:10:32,702  INFO QNetsimEngine:347 SIMULATION (QNetsimEngine) AT 13:00:00 : #links=0 #nodes=2
2018-05-31 18:10:32,702  INFO QSim:506 SIMULATION (NEW QSim) AT 13:00:00 : #Veh=902 lost=0 simT=25200.0s realT=2s; (s/r): 12600.0
2018-05-31 18:10:32,703  INFO Gbl:54 used RAM: 151882000B = 148322kB = 144MB  free: 857372400B = 817MB  total: 1009254400B = 962MB
2018-05-31 18:10:32,987  INFO QNetsimEngine:347 SIMULATION (QNetsimEngine) AT 14:00:00 : #links=0 #nodes=2
2018-05-31 18:10:32,988  INFO QSim:506 SIMULATION (NEW QSim) AT 14:00:00 : #Veh=902 lost=0 simT=28800.0s realT=2s; (s/r): 14400.0
2018-05-31 18:10:32,988  INFO Gbl:54 used RAM: 157296784B = 153610kB = 150MB  free: 851957616B = 812MB  total: 1009254400B = 962MB
2018-05-31 18:10:33,298  INFO QNetsimEngine:347 SIMULATION (QNetsimEngine) AT 15:00:00 : #links=0 #nodes=2
2018-05-31 18:10:33,298  INFO QSim:506 SIMULATION (NEW QSim) AT 15:00:00 : #Veh=902 lost=0 simT=32400.0s realT=3s; (s/r): 10800.0
2018-05-31 18:10:33,299  INFO Gbl:54 used RAM: 158175872B = 154468kB = 150MB  free: 851078528B = 811MB  total: 1009254400B = 962MB
2018-05-31 18:10:33,603  INFO QNetsimEngine:347 SIMULATION (QNetsimEngine) AT 16:00:00 : #links=0 #nodes=2
2018-05-31 18:10:33,603  INFO QSim:506 SIMULATION (NEW QSim) AT 16:00:00 : #Veh=902 lost=0 simT=36000.0s realT=3s; (s/r): 12000.0
2018-05-31 18:10:33,603  INFO Gbl:54 used RAM: 158175872B = 154468kB = 150MB  free: 851078528B = 811MB  total: 1009254400B = 962MB
2018-05-31 18:10:33,905  INFO QNetsimEngine:347 SIMULATION (QNetsimEngine) AT 17:00:00 : #links=0 #nodes=2
2018-05-31 18:10:33,905  INFO QSim:506 SIMULATION (NEW QSim) AT 17:00:00 : #Veh=902 lost=0 simT=39600.0s realT=3s; (s/r): 13200.0
2018-05-31 18:10:33,906  INFO Gbl:54 used RAM: 163590680B = 159756kB = 156MB  free: 845663720B = 806MB  total: 1009254400B = 962MB
2018-05-31 18:10:34,039  INFO EventsManagerImpl:134  event # 16384
2018-05-31 18:10:34,403  INFO QNetsimEngine:347 SIMULATION (QNetsimEngine) AT 18:00:00 : #links=32 #nodes=1
2018-05-31 18:10:34,404  INFO QSim:506 SIMULATION (NEW QSim) AT 18:00:00 : #Veh=520 lost=0 simT=43200.0s realT=4s; (s/r): 10800.0
2018-05-31 18:10:34,404  INFO Gbl:54 used RAM: 172381672B = 168341kB = 164MB  free: 836872728B = 798MB  total: 1009254400B = 962MB
2018-05-31 18:10:34,789  INFO QNetsimEngine:347 SIMULATION (QNetsimEngine) AT 19:00:00 : #links=4 #nodes=1
2018-05-31 18:10:34,789  INFO QSim:506 SIMULATION (NEW QSim) AT 19:00:00 : #Veh=61 lost=0 simT=46800.0s realT=4s; (s/r): 11700.0
2018-05-31 18:10:34,790  INFO Gbl:54 used RAM: 181312904B = 177063kB = 172MB  free: 827941496B = 789MB  total: 1009254400B = 962MB
2018-05-31 18:10:35,147  INFO QNetsimEngine:347 SIMULATION (QNetsimEngine) AT 20:00:00 : #links=0 #nodes=2
2018-05-31 18:10:35,147  INFO QSim:506 SIMULATION (NEW QSim) AT 20:00:00 : #Veh=2 lost=0 simT=50400.0s realT=4s; (s/r): 12600.0
2018-05-31 18:10:35,148  INFO Gbl:54 used RAM: 182191992B = 177921kB = 173MB  free: 827062408B = 788MB  total: 1009254400B = 962MB
2018-05-31 18:10:35,434  INFO QNetsimEngine:347 SIMULATION (QNetsimEngine) AT 21:00:00 : #links=0 #nodes=2
2018-05-31 18:10:35,434  INFO QSim:506 SIMULATION (NEW QSim) AT 21:00:00 : #Veh=2 lost=0 simT=54000.0s realT=5s; (s/r): 10800.0
2018-05-31 18:10:35,435  INFO Gbl:54 used RAM: 182191992B = 177921kB = 173MB  free: 827062408B = 788MB  total: 1009254400B = 962MB
2018-05-31 18:10:35,768  INFO QNetsimEngine:347 SIMULATION (QNetsimEngine) AT 22:00:00 : #links=0 #nodes=2
2018-05-31 18:10:35,768  INFO QSim:506 SIMULATION (NEW QSim) AT 22:00:00 : #Veh=2 lost=0 simT=57600.0s realT=5s; (s/r): 11520.0
2018-05-31 18:10:35,769  INFO Gbl:54 used RAM: 187606968B = 183209kB = 178MB  free: 821647432B = 783MB  total: 1009254400B = 962MB
2018-05-31 18:10:36,093  INFO QNetsimEngine:347 SIMULATION (QNetsimEngine) AT 23:00:00 : #links=0 #nodes=2
2018-05-31 18:10:36,093  INFO QSim:506 SIMULATION (NEW QSim) AT 23:00:00 : #Veh=2 lost=0 simT=61200.0s realT=5s; (s/r): 12240.0
2018-05-31 18:10:36,093  INFO Gbl:54 used RAM: 187606968B = 183209kB = 178MB  free: 821647432B = 783MB  total: 1009254400B = 962MB
2018-05-31 18:10:36,153  INFO Gbl:187 Thread performance: Thread=class org.matsim.core.events.SimStepParallelEventsManagerImpl$ProcessEventsRunnable0  cpu-time=1.657410427sec
2018-05-31 18:10:36,154  INFO AbstractController$8:210 ### ITERATION 0 fires after mobsim event
2018-05-31 18:10:36,154  INFO ControlerListenerManagerImpl:248 calling notifyAfterMobsim on org.matsim.analysis.LegTimesControlerListener
2018-05-31 18:10:36,156  INFO LegTimesControlerListener:50 [0] average trip (probably: leg) duration is: 769 seconds = 00:12:49
2018-05-31 18:10:36,156  INFO ControlerListenerManagerImpl:248 calling notifyAfterMobsim on org.matsim.core.scoring.EventsToActivities$1
2018-05-31 18:10:36,160  INFO ControlerListenerManagerImpl:251 [it.0] all ControlerAfterMobsimListeners called.
2018-05-31 18:10:36,161  INFO AbstractController$4:147 ### ITERATION 0 fires scoring event
2018-05-31 18:10:36,162  INFO ControlerListenerManagerImpl:183 calling notifyScoring on org.matsim.core.scoring.PlansScoringImpl
2018-05-31 18:10:36,165  INFO NewScoreAssignerImpl:36 it: 0 msaStart: null
2018-05-31 18:10:36,167  INFO ControlerListenerManagerImpl:194 [it.0] all ControlerScoringListeners called.
2018-05-31 18:10:36,168  INFO AbstractController$5:155 ### ITERATION 0 fires iteration end event
2018-05-31 18:10:36,168  INFO ControlerListenerManagerImpl:160 calling notifyIterationEnds on org.matsim.core.controler.corelisteners.EventsHandlingImpl
2018-05-31 18:10:36,169  INFO EventsManagerImpl:161 removing Event-Handler: org.matsim.core.events.algorithms.EventWriterXML
2018-05-31 18:10:36,170  INFO EventsManagerImpl:161 removing Event-Handler: org.matsim.core.events.algorithms.EventWriterXML
2018-05-31 18:10:36,170  INFO ControlerListenerManagerImpl:160 calling notifyIterationEnds on org.matsim.core.scoring.PlansScoringImpl
2018-05-31 18:10:36,171  INFO ControlerListenerManagerImpl:167 calling notifyIterationEnds on org.matsim.counts.CountsControlerListener
2018-05-31 18:10:36,172  INFO ControlerListenerManagerImpl:167 calling notifyIterationEnds on org.matsim.analysis.ModeStatsControlerListener
2018-05-31 18:10:36,184  INFO ModeStatsControlerListener:155 -- mode share of mode bike = 0.0
2018-05-31 18:10:36,185  INFO ModeStatsControlerListener:155 -- mode share of mode car = 0.5107719928186715
2018-05-31 18:10:36,185  INFO ModeStatsControlerListener:155 -- mode share of mode other = 0.0
2018-05-31 18:10:36,185  INFO ModeStatsControlerListener:155 -- mode share of mode pt = 0.48922800718132853
2018-05-31 18:10:36,186  INFO ModeStatsControlerListener:155 -- mode share of mode ride = 0.0
2018-05-31 18:10:36,186  INFO ModeStatsControlerListener:155 -- mode share of mode walk = 0.0
2018-05-31 18:10:36,187  INFO ControlerListenerManagerImpl:167 calling notifyIterationEnds on org.matsim.analysis.ScoreStatsControlerListener
2018-05-31 18:10:36,188  INFO ScoreStatsControlerListener:191 -- avg. score of the executed plan of each agent: 131.94670564912713
2018-05-31 18:10:36,188  INFO ScoreStatsControlerListener:192 -- avg. score of the worst plan of each agent: 131.94670564912713
2018-05-31 18:10:36,188  INFO ScoreStatsControlerListener:193 -- avg. of the avg. plan score per agent: 131.94670564912713
2018-05-31 18:10:36,189  INFO ScoreStatsControlerListener:194 -- avg. score of the best plan of each agent: 131.94670564912713
2018-05-31 18:10:36,189  INFO ControlerListenerManagerImpl:167 calling notifyIterationEnds on org.matsim.analysis.TravelDistanceStatsControlerListener
2018-05-31 18:10:36,190  INFO TravelDistanceStats:128 [TravelDistanceStats] using 2 thread(s).
2018-05-31 18:10:36,194  INFO TravelDistanceStats:141 [TravelDistanceStats] all threads finished.
2018-05-31 18:10:36,195  INFO TravelDistanceStats:161 -- average of the average leg distance per plan (executed plans only): 3776.5555555555575
2018-05-31 18:10:36,195  INFO TravelDistanceStats:162 (TravelDistanceStats takes an average over all legs where the simulation reports travelled distances. These are car legs, pt legs,
2018-05-31 18:10:36,195  INFO TravelDistanceStats:163 (and teleported legs whose route contains a distance.)
2018-05-31 18:10:36,196  INFO ControlerListenerManagerImpl:167 calling notifyIterationEnds on org.matsim.analysis.LegHistogramListener
2018-05-31 18:10:36,201  INFO LegHistogramListener:72 number of legs:	3470	100%
2018-05-31 18:10:36,202  INFO LegHistogramListener:79 number of car legs:	1138	32.79538904899135%
2018-05-31 18:10:36,202  INFO LegHistogramListener:79 number of pt legs:	621	17.896253602305475%
2018-05-31 18:10:36,202  INFO LegHistogramListener:79 number of transit_walk legs:	1711	49.30835734870317%
2018-05-31 18:10:36,203  INFO ControlerListenerManagerImpl:167 calling notifyIterationEnds on org.matsim.analysis.LinkStatsControlerListener
2018-05-31 18:10:36,203  INFO ControlerListenerManagerImpl:171 [it.0] all ControlerIterationEndsListeners called.
2018-05-31 18:10:36,204  INFO AbstractController:165 ### ITERATION 0 ENDS
2018-05-31 18:10:36,205  INFO AbstractController:166 ###################################################
2018-05-31 18:10:36,205  INFO AbstractController:121 ###################################################
2018-05-31 18:10:36,206  INFO AbstractController:122 ### ITERATION 1 BEGINS
2018-05-31 18:10:36,206  INFO ControlerListenerManagerImpl:145 calling notifyIterationStarts on org.matsim.analysis.LegHistogramListener
2018-05-31 18:10:36,207  INFO ControlerListenerManagerImpl:145 calling notifyIterationStarts on org.matsim.analysis.LinkStatsControlerListener
2018-05-31 18:10:36,207  INFO ControlerListenerManagerImpl:145 calling notifyIterationStarts on org.matsim.core.replanning.ReplanningContextImpl
2018-05-31 18:10:36,207  INFO ControlerListenerManagerImpl:145 calling notifyIterationStarts on org.matsim.core.scoring.ExperiencedPlansServiceImpl$1
2018-05-31 18:10:36,208  INFO ControlerListenerManagerImpl:145 calling notifyIterationStarts on org.matsim.core.scoring.ScoringFunctionsForPopulation$1
2018-05-31 18:10:36,212  INFO ControlerListenerManagerImpl:148 [it.1] all ControlerIterationStartsListeners called.
2018-05-31 18:10:36,213  INFO ControlerListenerManagerImpl:205 calling notifyReplanning on org.matsim.core.controler.corelisteners.PlansReplanningImpl
2018-05-31 18:10:36,214 DEBUG NetworkRoutingProvider:75 requesting network routing module with routingMode=car;	mode=car
2018-05-31 18:10:36,215 DEBUG NetworkRoutingProvider:75 requesting network routing module with routingMode=car;	mode=car
2018-05-31 18:10:36,217 DEBUG NetworkRoutingProvider:75 requesting network routing module with routingMode=car;	mode=car
2018-05-31 18:10:36,218 DEBUG NetworkRoutingProvider:75 requesting network routing module with routingMode=car;	mode=car
2018-05-31 18:10:36,218 DEBUG NetworkRoutingProvider:75 requesting network routing module with routingMode=car;	mode=car
2018-05-31 18:10:36,220 DEBUG NetworkRoutingProvider:75 requesting network routing module with routingMode=car;	mode=car
2018-05-31 18:10:36,227  INFO GenericPlanStrategyImpl:125 Plan-Strategy finished, 626 plans handled. Strategy: BestPlanSelector
2018-05-31 18:10:36,227  INFO AbstractMultithreadedModule:141 [PlanRouter] starting 2 threads, handling 83 plans
2018-05-31 18:10:36,242  INFO Counter:61 [PlanRouter] handled plan # 1
2018-05-31 18:10:36,242  INFO Counter:61 [PlanRouter] handled plan # 2
2018-05-31 18:10:36,243  INFO Counter:61 [PlanRouter] handled plan # 4
2018-05-31 18:10:36,245  INFO Counter:61 [PlanRouter] handled plan # 8
2018-05-31 18:10:36,248  INFO Counter:61 [PlanRouter] handled plan # 16
2018-05-31 18:10:36,253  INFO Counter:61 [PlanRouter] handled plan # 32
2018-05-31 18:10:36,260  INFO Counter:61 [PlanRouter] handled plan # 64
2018-05-31 18:10:36,264  INFO AbstractMultithreadedModule:156 [PlanRouter] all 2 threads finished.
2018-05-31 18:10:36,264  INFO GenericPlanStrategyImpl:125 Plan-Strategy finished, 83 plans handled. Strategy: RandomPlanSelector_ReRoute
2018-05-31 18:10:36,265  INFO AbstractMultithreadedModule:141 [PlanMutateTimeAllocationSimplified] starting 2 threads, handling 91 plans
2018-05-31 18:10:36,265  INFO Counter:61 [PlanMutateTimeAllocationSimplified] handled plan # 1
2018-05-31 18:10:36,265  INFO Counter:61 [PlanMutateTimeAllocationSimplified] handled plan # 2
2018-05-31 18:10:36,266  INFO Counter:61 [PlanMutateTimeAllocationSimplified] handled plan # 4
2018-05-31 18:10:36,266  INFO Counter:61 [PlanMutateTimeAllocationSimplified] handled plan # 8
2018-05-31 18:10:36,266  INFO Counter:61 [PlanMutateTimeAllocationSimplified] handled plan # 16
2018-05-31 18:10:36,266  INFO Counter:61 [PlanMutateTimeAllocationSimplified] handled plan # 32
2018-05-31 18:10:36,266  INFO Counter:61 [PlanMutateTimeAllocationSimplified] handled plan # 64
2018-05-31 18:10:36,267  INFO AbstractMultithreadedModule:156 [PlanMutateTimeAllocationSimplified] all 2 threads finished.
2018-05-31 18:10:36,267  INFO GenericPlanStrategyImpl:125 Plan-Strategy finished, 91 plans handled. Strategy: RandomPlanSelector_TimeAllocationMutator
2018-05-31 18:10:36,267  INFO AbstractMultithreadedModule:141 [TripsToLegsAlgorithm] starting 2 threads, handling 100 plans
2018-05-31 18:10:36,268  INFO Counter:61 [TripsToLegsAlgorithm] handled plan # 1
2018-05-31 18:10:36,268  INFO Counter:61 [TripsToLegsAlgorithm] handled plan # 2
2018-05-31 18:10:36,268  INFO Counter:61 [TripsToLegsAlgorithm] handled plan # 4
2018-05-31 18:10:36,269  INFO Counter:61 [TripsToLegsAlgorithm] handled plan # 8
2018-05-31 18:10:36,269  INFO Counter:61 [TripsToLegsAlgorithm] handled plan # 16
2018-05-31 18:10:36,269  INFO Counter:61 [TripsToLegsAlgorithm] handled plan # 32
2018-05-31 18:10:36,269  INFO Counter:61 [TripsToLegsAlgorithm] handled plan # 64
2018-05-31 18:10:36,270  INFO AbstractMultithreadedModule:156 [TripsToLegsAlgorithm] all 2 threads finished.
2018-05-31 18:10:36,271  INFO AbstractMultithreadedModule:141 [ChooseRandomLegMode] starting 2 threads, handling 100 plans
2018-05-31 18:10:36,272  INFO Counter:61 [ChooseRandomLegMode] handled plan # 1
2018-05-31 18:10:36,272  INFO Counter:61 [ChooseRandomLegMode] handled plan # 2
2018-05-31 18:10:36,272  INFO Counter:61 [ChooseRandomLegMode] handled plan # 4
2018-05-31 18:10:36,272  INFO Counter:61 [ChooseRandomLegMode] handled plan # 8
2018-05-31 18:10:36,272  INFO Counter:61 [ChooseRandomLegMode] handled plan # 16
2018-05-31 18:10:36,273  INFO Counter:61 [ChooseRandomLegMode] handled plan # 32
2018-05-31 18:10:36,273  INFO Counter:61 [ChooseRandomLegMode] handled plan # 64
2018-05-31 18:10:36,273  INFO AbstractMultithreadedModule:156 [ChooseRandomLegMode] all 2 threads finished.
2018-05-31 18:10:36,274 DEBUG NetworkRoutingProvider:75 requesting network routing module with routingMode=car;	mode=car
2018-05-31 18:10:36,275 DEBUG NetworkRoutingProvider:75 requesting network routing module with routingMode=car;	mode=car
2018-05-31 18:10:36,275  INFO AbstractMultithreadedModule:141 [PlanRouter] starting 2 threads, handling 100 plans
2018-05-31 18:10:36,277  INFO Counter:61 [PlanRouter] handled plan # 1
2018-05-31 18:10:36,277  INFO Counter:61 [PlanRouter] handled plan # 2
2018-05-31 18:10:36,277  INFO Counter:61 [PlanRouter] handled plan # 4
2018-05-31 18:10:36,278  INFO Counter:61 [PlanRouter] handled plan # 8
2018-05-31 18:10:36,279  INFO Counter:61 [PlanRouter] handled plan # 16
2018-05-31 18:10:36,281  INFO Counter:61 [PlanRouter] handled plan # 32
2018-05-31 18:10:36,286  INFO Counter:61 [PlanRouter] handled plan # 64
2018-05-31 18:10:36,290  INFO AbstractMultithreadedModule:156 [PlanRouter] all 2 threads finished.
2018-05-31 18:10:36,291  INFO GenericPlanStrategyImpl:125 Plan-Strategy finished, 100 plans handled. Strategy: RandomPlanSelector_TripsToLegsModule_ChangeLegMode_ReRoute
2018-05-31 18:10:36,291  INFO ControlerListenerManagerImpl:213 [it.1] all ControlerReplanningListeners called.
2018-05-31 18:10:36,292  INFO ControlerListenerManagerImpl:224 calling notifyBeforeMobsim on org.matsim.core.controler.corelisteners.EventsHandlingImpl
2018-05-31 18:10:36,292  INFO EventsManagerImpl:170 resetting Event-Handlers
2018-05-31 18:10:36,293  INFO EventsManagerImpl:177   org.matsim.core.trafficmonitoring.TravelTimeCalculator
2018-05-31 18:10:36,294  INFO EventsManagerImpl:177   org.matsim.core.scoring.EventsToLegs
2018-05-31 18:10:36,294  INFO EventsManagerImpl:177   org.matsim.analysis.VolumesAnalyzer
2018-05-31 18:10:36,295  INFO EventsManagerImpl:177   org.matsim.core.scoring.EventsToActivities
2018-05-31 18:10:36,295  INFO EventsManagerImpl:177   org.matsim.analysis.CalcLegTimes
2018-05-31 18:10:36,296  INFO EventsManagerImpl:177   org.matsim.analysis.LegHistogram
2018-05-31 18:10:36,296  INFO EventsManagerImpl:177   org.matsim.core.scoring.ScoringFunctionsForPopulation
2018-05-31 18:10:36,296  INFO ControlerListenerManagerImpl:224 calling notifyBeforeMobsim on org.matsim.core.controler.corelisteners.PlansDumpingImpl
2018-05-31 18:10:36,297  INFO PlansDumpingImpl:75 dumping plans...
2018-05-31 18:10:36,299  INFO Counter:61 [PopulationWriter] dumped person # 1
2018-05-31 18:10:36,300  INFO Counter:61 [PopulationWriter] dumped person # 2
2018-05-31 18:10:36,301  INFO Counter:61 [PopulationWriter] dumped person # 4
2018-05-31 18:10:36,302  INFO Counter:61 [PopulationWriter] dumped person # 8
2018-05-31 18:10:36,303  INFO Counter:61 [PopulationWriter] dumped person # 16
2018-05-31 18:10:36,307  INFO Counter:61 [PopulationWriter] dumped person # 32
2018-05-31 18:10:36,313  INFO Counter:61 [PopulationWriter] dumped person # 64
2018-05-31 18:10:36,319  INFO Counter:61 [PopulationWriter] dumped person # 128
2018-05-31 18:10:36,331  INFO Counter:61 [PopulationWriter] dumped person # 256
2018-05-31 18:10:36,350  INFO Counter:61 [PopulationWriter] dumped person # 512
2018-05-31 18:10:36,376  INFO PopulationWriter:139 Population written to: test/output/org/matsim/contrib/pseudosimulation/RunPSimTest/testB/ITERS/it.1/1.plans.xml.gz
2018-05-31 18:10:36,377  INFO Counter:67 [PopulationWriter] dumped person # 900
2018-05-31 18:10:36,377  INFO PlansDumpingImpl:92 finished plans dump.
2018-05-31 18:10:36,377  INFO ControlerListenerManagerImpl:229 calling notifyBeforeMobsim on org.matsim.core.population.VspPlansCleaner
2018-05-31 18:10:36,380  INFO ControlerListenerManagerImpl:232 [it.1] all ControlerBeforeMobsimListeners called.
2018-05-31 18:10:36,390  INFO MobsimListenerManager:49 calling addQueueSimulationListener
2018-05-31 18:10:36,390  INFO MobsimListenerManager:53   assigned class org.matsim.core.mobsim.framework.listeners.MobsimListener to interface org.matsim.vis.snapshotwriters.SnapshotWriterManager
2018-05-31 18:10:36,391  INFO MobsimListenerManager:53   assigned class org.matsim.core.mobsim.framework.listeners.MobsimListener to interface org.matsim.core.mobsim.framework.listeners.MobsimInitializedListener
2018-05-31 18:10:36,391  INFO MobsimListenerManager:53   assigned class org.matsim.core.mobsim.framework.listeners.MobsimListener to interface org.matsim.core.mobsim.framework.listeners.MobsimListener
2018-05-31 18:10:36,391  INFO MobsimListenerManager:53   assigned class org.matsim.core.mobsim.framework.listeners.MobsimListener to interface org.matsim.core.mobsim.framework.listeners.MobsimBeforeCleanupListener
2018-05-31 18:10:36,391  INFO MobsimListenerManager:53   assigned class org.matsim.core.mobsim.framework.listeners.MobsimListener to interface org.matsim.core.mobsim.framework.listeners.MobsimAfterSimStepListener
2018-05-31 18:10:36,393  INFO Injector:80 === printInjector start ===
2018-05-31 18:10:36,393  INFO Injector:84 org.matsim.core.mobsim.qsim.qnetsimengine.VehicularDepartureHandler 
2018-05-31 18:10:36,393  INFO Injector:85   --> provider: Key[type=org.matsim.core.mobsim.qsim.qnetsimengine.QNetsimEngineDepartureHandlerProvider, annotation=[none]][Scopes.SINGLETON]
2018-05-31 18:10:36,393  INFO Injector:86   --> source: org.matsim.core.mobsim.qsim.qnetsimengine.QNetsimEnginePlugin$1.configure(QNetsimEnginePlugin.java:25)
2018-05-31 18:10:36,394  INFO Injector:88   --> scope: eager singleton
2018-05-31 18:10:36,394  INFO Injector:92 
2018-05-31 18:10:36,394  INFO Injector:84 org.matsim.core.mobsim.qsim.agents.AgentFactory 
2018-05-31 18:10:36,394  INFO Injector:85   --> provider: FactoryProxy{key=Key[type=org.matsim.core.mobsim.qsim.agents.AgentFactory, annotation=[none]], provider=com.google.inject.internal.ConstructorBindingImpl$Factory@7b420819}[Scopes.SINGLETON]
2018-05-31 18:10:36,394  INFO Injector:86   --> source: org.matsim.core.mobsim.qsim.PopulationPlugin$1.configure(PopulationPlugin.java:28)
2018-05-31 18:10:36,394  INFO Injector:88   --> scope: eager singleton
2018-05-31 18:10:36,395  INFO Injector:92 
2018-05-31 18:10:36,395  INFO Injector:84 org.matsim.core.mobsim.qsim.interfaces.Netsim 
2018-05-31 18:10:36,395  INFO Injector:85   --> provider: FactoryProxy{key=Key[type=org.matsim.core.mobsim.qsim.interfaces.Netsim, annotation=[none]], provider=com.google.inject.internal.ConstructorBindingImpl$Factory@3b96c42e[Scopes.SINGLETON]}
2018-05-31 18:10:36,395  INFO Injector:86   --> source: org.matsim.core.mobsim.qsim.QSimProvider$1.configure(QSimProvider.java:65)
2018-05-31 18:10:36,395  INFO Injector:88   --> scope: Scopes.NO_SCOPE
2018-05-31 18:10:36,396  INFO Injector:92 
2018-05-31 18:10:36,396  INFO Injector:84 org.matsim.core.mobsim.jdeqsim.MessageQueue 
2018-05-31 18:10:36,396  INFO Injector:85   --> provider: com.google.inject.internal.ConstructorBindingImpl$Factory@1603cd68[Scopes.SINGLETON]
2018-05-31 18:10:36,396  INFO Injector:86   --> source: org.matsim.core.mobsim.qsim.messagequeueengine.MessageQueuePlugin$1.configure(MessageQueuePlugin.java:24)
2018-05-31 18:10:36,396  INFO Injector:88   --> scope: eager singleton
2018-05-31 18:10:36,396  INFO Injector:92 
2018-05-31 18:10:36,397  INFO Injector:84 org.matsim.core.mobsim.qsim.jdeqsimengine.SteppableScheduler 
2018-05-31 18:10:36,397  INFO Injector:85   --> provider: com.google.inject.internal.ConstructorBindingImpl$Factory@332796d3[Scopes.SINGLETON]
2018-05-31 18:10:36,397  INFO Injector:86   --> source: org.matsim.core.mobsim.qsim.messagequeueengine.MessageQueuePlugin$1.configure(MessageQueuePlugin.java:25)
2018-05-31 18:10:36,397  INFO Injector:88   --> scope: eager singleton
2018-05-31 18:10:36,397  INFO Injector:92 
2018-05-31 18:10:36,397  INFO Injector:84 org.matsim.core.mobsim.qsim.messagequeueengine.MessageQueueEngine 
2018-05-31 18:10:36,398  INFO Injector:85   --> provider: com.google.inject.internal.ConstructorBindingImpl$Factory@1e097d59[Scopes.SINGLETON]
2018-05-31 18:10:36,398  INFO Injector:86   --> source: org.matsim.core.mobsim.qsim.messagequeueengine.MessageQueuePlugin$1.configure(MessageQueuePlugin.java:26)
2018-05-31 18:10:36,398  INFO Injector:88   --> scope: eager singleton
2018-05-31 18:10:36,398  INFO Injector:92 
2018-05-31 18:10:36,398  INFO Injector:84 org.matsim.core.mobsim.qsim.ActivityEngine 
2018-05-31 18:10:36,399  INFO Injector:85   --> provider: com.google.inject.internal.ConstructorBindingImpl$Factory@3fed2870[Scopes.SINGLETON]
2018-05-31 18:10:36,399  INFO Injector:86   --> source: org.matsim.core.mobsim.qsim.ActivityEnginePlugin$1.configure(ActivityEnginePlugin.java:23)
2018-05-31 18:10:36,399  INFO Injector:88   --> scope: eager singleton
2018-05-31 18:10:36,399  INFO Injector:92 
2018-05-31 18:10:36,399  INFO Injector:84 org.matsim.core.mobsim.qsim.qnetsimengine.QNetsimEngine 
2018-05-31 18:10:36,399  INFO Injector:85   --> provider: com.google.inject.internal.ConstructorBindingImpl$Factory@4c1f22f3[Scopes.SINGLETON]
2018-05-31 18:10:36,400  INFO Injector:86   --> source: org.matsim.core.mobsim.qsim.qnetsimengine.QNetsimEnginePlugin$1.configure(QNetsimEnginePlugin.java:24)
2018-05-31 18:10:36,400  INFO Injector:88   --> scope: eager singleton
2018-05-31 18:10:36,400  INFO Injector:92 
2018-05-31 18:10:36,400  INFO Injector:84 org.matsim.core.mobsim.qsim.pt.TransitQSimEngine 
2018-05-31 18:10:36,400  INFO Injector:85   --> provider: com.google.inject.internal.ConstructorBindingImpl$Factory@38234a38[Scopes.SINGLETON]
2018-05-31 18:10:36,400  INFO Injector:86   --> source: org.matsim.core.mobsim.qsim.pt.TransitEnginePlugin$1.configure(TransitEnginePlugin.java:24)
2018-05-31 18:10:36,401  INFO Injector:88   --> scope: eager singleton
2018-05-31 18:10:36,401  INFO Injector:92 
2018-05-31 18:10:36,401  INFO Injector:84 org.matsim.core.mobsim.qsim.DefaultTeleportationEngine 
2018-05-31 18:10:36,401  INFO Injector:85   --> provider: com.google.inject.internal.ConstructorBindingImpl$Factory@22f31dec[Scopes.SINGLETON]
2018-05-31 18:10:36,401  INFO Injector:86   --> source: org.matsim.core.mobsim.qsim.TeleportationPlugin$1.configure(TeleportationPlugin.java:21)
2018-05-31 18:10:36,401  INFO Injector:88   --> scope: eager singleton
2018-05-31 18:10:36,402  INFO Injector:92 
2018-05-31 18:10:36,402  INFO Injector:84 org.matsim.core.mobsim.qsim.agents.PopulationAgentSource 
2018-05-31 18:10:36,402  INFO Injector:85   --> provider: com.google.inject.internal.ConstructorBindingImpl$Factory@7f0d96f2[Scopes.SINGLETON]
2018-05-31 18:10:36,402  INFO Injector:86   --> source: org.matsim.core.mobsim.qsim.PopulationPlugin$1.configure(PopulationPlugin.java:26)
2018-05-31 18:10:36,402  INFO Injector:88   --> scope: eager singleton
2018-05-31 18:10:36,403  INFO Injector:92 
2018-05-31 18:10:36,403  INFO Injector:84 org.matsim.core.mobsim.qsim.QSim 
2018-05-31 18:10:36,403  INFO Injector:85   --> provider: com.google.inject.internal.ConstructorBindingImpl$Factory@3b96c42e[Scopes.SINGLETON]
2018-05-31 18:10:36,403  INFO Injector:86   --> source: org.matsim.core.mobsim.qsim.QSimProvider$1.configure(QSimProvider.java:64)
2018-05-31 18:10:36,403  INFO Injector:88   --> scope: eager singleton
2018-05-31 18:10:36,403  INFO Injector:92 
2018-05-31 18:10:36,404  INFO Injector:95 === printInjector end ===
2018-05-31 18:10:36,404  INFO MobsimListenerManager:49 calling addQueueSimulationListener
2018-05-31 18:10:36,404  INFO MobsimListenerManager:53   assigned class org.matsim.core.mobsim.framework.listeners.MobsimListener to interface org.matsim.core.mobsim.framework.listeners.MobsimBeforeSimStepListener
2018-05-31 18:10:36,404  INFO MobsimListenerManager:53   assigned class org.matsim.core.mobsim.framework.listeners.MobsimListener to interface org.matsim.core.mobsim.framework.listeners.MobsimListener
2018-05-31 18:10:36,404  INFO MobsimListenerManager:53   assigned class org.matsim.core.mobsim.framework.listeners.MobsimListener to interface org.matsim.core.mobsim.qsim.messagequeueengine.MessageQueueEngine
2018-05-31 18:10:36,405  INFO ReconstructingUmlaufBuilder:113 Generating UmlaufStuecke
..2018-05-31 18:10:36,411  INFO QNetsimEngine:504 Assigned 19 nodes and 54 links to QSimEngineRunner #0
2018-05-31 18:10:36,413  INFO QNetsimEngine:347 SIMULATION (QNetsimEngine) AT 06:00:00 : #links=0 #nodes=2
2018-05-31 18:10:36,413  INFO QSim:506 SIMULATION (NEW QSim) AT 06:00:00 : #Veh=902 lost=0 simT=0.0s realT=0s; (s/r): 0.0
2018-05-31 18:10:36,413  INFO Gbl:54 used RAM: 235192544B = 229680kB = 224MB  free: 774061856B = 738MB  total: 1009254400B = 962MB
2018-05-31 18:10:36,727  INFO QNetsimEngine:347 SIMULATION (QNetsimEngine) AT 07:00:00 : #links=3 #nodes=1
2018-05-31 18:10:36,728  INFO QSim:506 SIMULATION (NEW QSim) AT 07:00:00 : #Veh=902 lost=0 simT=3600.0s realT=0s; (s/r): Infinity
2018-05-31 18:10:36,728  INFO Gbl:54 used RAM: 235192544B = 229680kB = 224MB  free: 774061856B = 738MB  total: 1009254400B = 962MB
2018-05-31 18:10:37,112  INFO QNetsimEngine:347 SIMULATION (QNetsimEngine) AT 08:00:00 : #links=27 #nodes=0
2018-05-31 18:10:37,112  INFO QSim:506 SIMULATION (NEW QSim) AT 08:00:00 : #Veh=902 lost=0 simT=7200.0s realT=0s; (s/r): Infinity
2018-05-31 18:10:37,112  INFO Gbl:54 used RAM: 245881792B = 240118kB = 234MB  free: 763372608B = 728MB  total: 1009254400B = 962MB
2018-05-31 18:10:37,417  INFO QNetsimEngine:347 SIMULATION (QNetsimEngine) AT 09:00:00 : #links=0 #nodes=2
2018-05-31 18:10:37,418  INFO QSim:506 SIMULATION (NEW QSim) AT 09:00:00 : #Veh=902 lost=0 simT=10800.0s realT=1s; (s/r): 10800.0
2018-05-31 18:10:37,418  INFO Gbl:54 used RAM: 247640016B = 241835kB = 236MB  free: 761614384B = 726MB  total: 1009254400B = 962MB
2018-05-31 18:10:37,674  INFO QNetsimEngine:347 SIMULATION (QNetsimEngine) AT 10:00:00 : #links=0 #nodes=2
2018-05-31 18:10:37,674  INFO QSim:506 SIMULATION (NEW QSim) AT 10:00:00 : #Veh=902 lost=0 simT=14400.0s realT=1s; (s/r): 14400.0
2018-05-31 18:10:37,675  INFO Gbl:54 used RAM: 252175728B = 246265kB = 240MB  free: 757078672B = 722MB  total: 1009254400B = 962MB
2018-05-31 18:10:37,976  INFO QNetsimEngine:347 SIMULATION (QNetsimEngine) AT 11:00:00 : #links=0 #nodes=2
2018-05-31 18:10:37,977  INFO QSim:506 SIMULATION (NEW QSim) AT 11:00:00 : #Veh=902 lost=0 simT=18000.0s realT=1s; (s/r): 18000.0
2018-05-31 18:10:37,977  INFO Gbl:54 used RAM: 252175728B = 246265kB = 240MB  free: 757078672B = 722MB  total: 1009254400B = 962MB
2018-05-31 18:10:38,304  INFO QNetsimEngine:347 SIMULATION (QNetsimEngine) AT 12:00:00 : #links=0 #nodes=2
2018-05-31 18:10:38,304  INFO QSim:506 SIMULATION (NEW QSim) AT 12:00:00 : #Veh=902 lost=0 simT=21600.0s realT=1s; (s/r): 21600.0
2018-05-31 18:10:38,305  INFO Gbl:54 used RAM: 253933904B = 247982kB = 242MB  free: 755320496B = 720MB  total: 1009254400B = 962MB
2018-05-31 18:10:38,596  INFO QNetsimEngine:347 SIMULATION (QNetsimEngine) AT 13:00:00 : #links=0 #nodes=2
2018-05-31 18:10:38,596  INFO QSim:506 SIMULATION (NEW QSim) AT 13:00:00 : #Veh=902 lost=0 simT=25200.0s realT=2s; (s/r): 12600.0
2018-05-31 18:10:38,597  INFO Gbl:54 used RAM: 258469624B = 252411kB = 246MB  free: 750784776B = 716MB  total: 1009254400B = 962MB
2018-05-31 18:10:38,932  INFO QNetsimEngine:347 SIMULATION (QNetsimEngine) AT 14:00:00 : #links=0 #nodes=2
2018-05-31 18:10:38,932  INFO QSim:506 SIMULATION (NEW QSim) AT 14:00:00 : #Veh=902 lost=0 simT=28800.0s realT=2s; (s/r): 14400.0
2018-05-31 18:10:38,932  INFO Gbl:54 used RAM: 258469624B = 252411kB = 246MB  free: 750784776B = 716MB  total: 1009254400B = 962MB
2018-05-31 18:10:39,253  INFO QNetsimEngine:347 SIMULATION (QNetsimEngine) AT 15:00:00 : #links=0 #nodes=2
2018-05-31 18:10:39,254  INFO QSim:506 SIMULATION (NEW QSim) AT 15:00:00 : #Veh=902 lost=0 simT=32400.0s realT=2s; (s/r): 16200.0
2018-05-31 18:10:39,254  INFO Gbl:54 used RAM: 263884400B = 257699kB = 251MB  free: 745370000B = 710MB  total: 1009254400B = 962MB
2018-05-31 18:10:39,563  INFO QNetsimEngine:347 SIMULATION (QNetsimEngine) AT 16:00:00 : #links=0 #nodes=2
2018-05-31 18:10:39,563  INFO QSim:506 SIMULATION (NEW QSim) AT 16:00:00 : #Veh=902 lost=0 simT=36000.0s realT=3s; (s/r): 12000.0
2018-05-31 18:10:39,564  INFO Gbl:54 used RAM: 264763488B = 258558kB = 252MB  free: 744490912B = 710MB  total: 1009254400B = 962MB
2018-05-31 18:10:39,882  INFO QNetsimEngine:347 SIMULATION (QNetsimEngine) AT 17:00:00 : #links=1 #nodes=2
2018-05-31 18:10:39,882  INFO QSim:506 SIMULATION (NEW QSim) AT 17:00:00 : #Veh=902 lost=0 simT=39600.0s realT=3s; (s/r): 13200.0
2018-05-31 18:10:39,883  INFO Gbl:54 used RAM: 264763488B = 258558kB = 252MB  free: 744490912B = 710MB  total: 1009254400B = 962MB
2018-05-31 18:10:40,289  INFO QNetsimEngine:347 SIMULATION (QNetsimEngine) AT 18:00:00 : #links=34 #nodes=2
2018-05-31 18:10:40,289  INFO QSim:506 SIMULATION (NEW QSim) AT 18:00:00 : #Veh=520 lost=0 simT=43200.0s realT=3s; (s/r): 14400.0
2018-05-31 18:10:40,289  INFO Gbl:54 used RAM: 272815528B = 266421kB = 260MB  free: 736438872B = 702MB  total: 1009254400B = 962MB
2018-05-31 18:10:40,676  INFO QNetsimEngine:347 SIMULATION (QNetsimEngine) AT 19:00:00 : #links=4 #nodes=1
2018-05-31 18:10:40,676  INFO QSim:506 SIMULATION (NEW QSim) AT 19:00:00 : #Veh=74 lost=0 simT=46800.0s realT=4s; (s/r): 11700.0
2018-05-31 18:10:40,676  INFO Gbl:54 used RAM: 274573696B = 268138kB = 261MB  free: 734680704B = 700MB  total: 1009254400B = 962MB
2018-05-31 18:10:41,027  INFO QNetsimEngine:347 SIMULATION (QNetsimEngine) AT 20:00:00 : #links=0 #nodes=2
2018-05-31 18:10:41,027  INFO QSim:506 SIMULATION (NEW QSim) AT 20:00:00 : #Veh=2 lost=0 simT=50400.0s realT=4s; (s/r): 12600.0
2018-05-31 18:10:41,027  INFO Gbl:54 used RAM: 23467720B = 22917kB = 22MB  free: 985786680B = 940MB  total: 1009254400B = 962MB
2018-05-31 18:10:41,372  INFO QNetsimEngine:347 SIMULATION (QNetsimEngine) AT 21:00:00 : #links=0 #nodes=2
2018-05-31 18:10:41,372  INFO QSim:506 SIMULATION (NEW QSim) AT 21:00:00 : #Veh=2 lost=0 simT=54000.0s realT=4s; (s/r): 13500.0
2018-05-31 18:10:41,372  INFO Gbl:54 used RAM: 23467720B = 22917kB = 22MB  free: 985786680B = 940MB  total: 1009254400B = 962MB
2018-05-31 18:10:41,687  INFO QNetsimEngine:347 SIMULATION (QNetsimEngine) AT 22:00:00 : #links=0 #nodes=2
2018-05-31 18:10:41,687  INFO QSim:506 SIMULATION (NEW QSim) AT 22:00:00 : #Veh=2 lost=0 simT=57600.0s realT=5s; (s/r): 11520.0
2018-05-31 18:10:41,687  INFO Gbl:54 used RAM: 23467720B = 22917kB = 22MB  free: 985786680B = 940MB  total: 1009254400B = 962MB
2018-05-31 18:10:42,018  INFO QNetsimEngine:347 SIMULATION (QNetsimEngine) AT 23:00:00 : #links=0 #nodes=2
2018-05-31 18:10:42,019  INFO QSim:506 SIMULATION (NEW QSim) AT 23:00:00 : #Veh=2 lost=0 simT=61200.0s realT=5s; (s/r): 12240.0
2018-05-31 18:10:42,019  INFO Gbl:54 used RAM: 28682512B = 28010kB = 27MB  free: 980571888B = 935MB  total: 1009254400B = 962MB
2018-05-31 18:10:42,069  INFO AbstractController$8:210 ### ITERATION 1 fires after mobsim event
2018-05-31 18:10:42,070  INFO ControlerListenerManagerImpl:248 calling notifyAfterMobsim on org.matsim.analysis.LegTimesControlerListener
2018-05-31 18:10:42,070  INFO Gbl:187 Thread performance: Thread=class org.matsim.core.events.SimStepParallelEventsManagerImpl$ProcessEventsRunnable0  cpu-time=1.418284482sec
2018-05-31 18:10:42,071  INFO LegTimesControlerListener:50 [1] average trip (probably: leg) duration is: 798 seconds = 00:13:18
2018-05-31 18:10:42,072  INFO ControlerListenerManagerImpl:248 calling notifyAfterMobsim on org.matsim.core.scoring.EventsToActivities$1
2018-05-31 18:10:42,075  INFO ControlerListenerManagerImpl:251 [it.1] all ControlerAfterMobsimListeners called.
2018-05-31 18:10:42,076  INFO AbstractController$4:147 ### ITERATION 1 fires scoring event
2018-05-31 18:10:42,077  INFO ControlerListenerManagerImpl:183 calling notifyScoring on org.matsim.core.scoring.PlansScoringImpl
2018-05-31 18:10:42,078  INFO NewScoreAssignerImpl:36 it: 1 msaStart: null
2018-05-31 18:10:42,080  INFO ControlerListenerManagerImpl:194 [it.1] all ControlerScoringListeners called.
2018-05-31 18:10:42,081  INFO AbstractController$5:155 ### ITERATION 1 fires iteration end event
2018-05-31 18:10:42,081  INFO ControlerListenerManagerImpl:160 calling notifyIterationEnds on org.matsim.core.controler.corelisteners.EventsHandlingImpl
2018-05-31 18:10:42,081  INFO ControlerListenerManagerImpl:160 calling notifyIterationEnds on org.matsim.core.scoring.PlansScoringImpl
2018-05-31 18:10:42,082  INFO ControlerListenerManagerImpl:167 calling notifyIterationEnds on org.matsim.counts.CountsControlerListener
2018-05-31 18:10:42,083  INFO ControlerListenerManagerImpl:167 calling notifyIterationEnds on org.matsim.analysis.ModeStatsControlerListener
2018-05-31 18:10:42,090  INFO ModeStatsControlerListener:155 -- mode share of mode bike = 0.0
2018-05-31 18:10:42,091  INFO ModeStatsControlerListener:155 -- mode share of mode car = 0.5157091561938959
2018-05-31 18:10:42,091  INFO ModeStatsControlerListener:155 -- mode share of mode other = 0.0
2018-05-31 18:10:42,091  INFO ModeStatsControlerListener:155 -- mode share of mode pt = 0.48429084380610415
2018-05-31 18:10:42,092  INFO ModeStatsControlerListener:155 -- mode share of mode ride = 0.0
2018-05-31 18:10:42,092  INFO ModeStatsControlerListener:155 -- mode share of mode walk = 0.0
2018-05-31 18:10:42,092  INFO ControlerListenerManagerImpl:167 calling notifyIterationEnds on org.matsim.analysis.ScoreStatsControlerListener
2018-05-31 18:10:42,093  INFO ScoreStatsControlerListener:191 -- avg. score of the executed plan of each agent: 131.49812806429168
2018-05-31 18:10:42,094  INFO ScoreStatsControlerListener:192 -- avg. score of the worst plan of each agent: 130.70821972986272
2018-05-31 18:10:42,094  INFO ScoreStatsControlerListener:193 -- avg. of the avg. plan score per agent: 131.72220566119742
2018-05-31 18:10:42,094  INFO ScoreStatsControlerListener:194 -- avg. score of the best plan of each agent: 132.7361915925322
2018-05-31 18:10:42,095  INFO ControlerListenerManagerImpl:167 calling notifyIterationEnds on org.matsim.analysis.TravelDistanceStatsControlerListener
2018-05-31 18:10:42,095  INFO TravelDistanceStats:128 [TravelDistanceStats] using 2 thread(s).
2018-05-31 18:10:42,098  INFO TravelDistanceStats:141 [TravelDistanceStats] all threads finished.
2018-05-31 18:10:42,098  INFO TravelDistanceStats:161 -- average of the average leg distance per plan (executed plans only): 3663.3525409005133
2018-05-31 18:10:42,099  INFO TravelDistanceStats:162 (TravelDistanceStats takes an average over all legs where the simulation reports travelled distances. These are car legs, pt legs,
2018-05-31 18:10:42,099  INFO TravelDistanceStats:163 (and teleported legs whose route contains a distance.)
2018-05-31 18:10:42,099  INFO ControlerListenerManagerImpl:167 calling notifyIterationEnds on org.matsim.analysis.LegHistogramListener
2018-05-31 18:10:42,104  INFO LegHistogramListener:72 number of legs:	3464	100%
2018-05-31 18:10:42,104  INFO LegHistogramListener:79 number of car legs:	1149	33.16974595842956%
2018-05-31 18:10:42,105  INFO LegHistogramListener:79 number of pt legs:	618	17.84064665127021%
2018-05-31 18:10:42,105  INFO LegHistogramListener:79 number of transit_walk legs:	1697	48.98960739030023%
2018-05-31 18:10:42,105  INFO ControlerListenerManagerImpl:167 calling notifyIterationEnds on org.matsim.analysis.LinkStatsControlerListener
2018-05-31 18:10:42,105  INFO ControlerListenerManagerImpl:171 [it.1] all ControlerIterationEndsListeners called.
2018-05-31 18:10:42,107  INFO AbstractController:165 ### ITERATION 1 ENDS
2018-05-31 18:10:42,107  INFO AbstractController:166 ###################################################
2018-05-31 18:10:42,107  INFO AbstractController:121 ###################################################
2018-05-31 18:10:42,108  INFO AbstractController:122 ### ITERATION 2 BEGINS
2018-05-31 18:10:42,108  INFO ControlerListenerManagerImpl:145 calling notifyIterationStarts on org.matsim.analysis.LegHistogramListener
2018-05-31 18:10:42,109  INFO ControlerListenerManagerImpl:145 calling notifyIterationStarts on org.matsim.analysis.LinkStatsControlerListener
2018-05-31 18:10:42,109  INFO ControlerListenerManagerImpl:145 calling notifyIterationStarts on org.matsim.core.replanning.ReplanningContextImpl
2018-05-31 18:10:42,109  INFO ControlerListenerManagerImpl:145 calling notifyIterationStarts on org.matsim.core.scoring.ExperiencedPlansServiceImpl$1
2018-05-31 18:10:42,110  INFO ControlerListenerManagerImpl:145 calling notifyIterationStarts on org.matsim.core.scoring.ScoringFunctionsForPopulation$1
2018-05-31 18:10:42,113  INFO ControlerListenerManagerImpl:148 [it.2] all ControlerIterationStartsListeners called.
2018-05-31 18:10:42,113  INFO ControlerListenerManagerImpl:205 calling notifyReplanning on org.matsim.core.controler.corelisteners.PlansReplanningImpl
2018-05-31 18:10:42,114 DEBUG NetworkRoutingProvider:75 requesting network routing module with routingMode=car;	mode=car
2018-05-31 18:10:42,115 DEBUG NetworkRoutingProvider:75 requesting network routing module with routingMode=car;	mode=car
2018-05-31 18:10:42,115 DEBUG NetworkRoutingProvider:75 requesting network routing module with routingMode=car;	mode=car
2018-05-31 18:10:42,116 DEBUG NetworkRoutingProvider:75 requesting network routing module with routingMode=car;	mode=car
2018-05-31 18:10:42,117 DEBUG NetworkRoutingProvider:75 requesting network routing module with routingMode=car;	mode=car
2018-05-31 18:10:42,117 DEBUG NetworkRoutingProvider:75 requesting network routing module with routingMode=car;	mode=car
2018-05-31 18:10:42,123  INFO GenericPlanStrategyImpl:125 Plan-Strategy finished, 606 plans handled. Strategy: BestPlanSelector
2018-05-31 18:10:42,124  INFO AbstractMultithreadedModule:141 [PlanRouter] starting 2 threads, handling 90 plans
2018-05-31 18:10:42,125  INFO Counter:61 [PlanRouter] handled plan # 1
2018-05-31 18:10:42,125  INFO Counter:61 [PlanRouter] handled plan # 2
2018-05-31 18:10:42,126  INFO Counter:61 [PlanRouter] handled plan # 4
2018-05-31 18:10:42,129  INFO Counter:61 [PlanRouter] handled plan # 8
2018-05-31 18:10:42,130  INFO Counter:61 [PlanRouter] handled plan # 16
2018-05-31 18:10:42,133  INFO Counter:61 [PlanRouter] handled plan # 32
2018-05-31 18:10:42,136  INFO Counter:61 [PlanRouter] handled plan # 64
2018-05-31 18:10:42,139  INFO AbstractMultithreadedModule:156 [PlanRouter] all 2 threads finished.
2018-05-31 18:10:42,140  INFO GenericPlanStrategyImpl:125 Plan-Strategy finished, 90 plans handled. Strategy: RandomPlanSelector_ReRoute
2018-05-31 18:10:42,140  INFO AbstractMultithreadedModule:141 [PlanMutateTimeAllocationSimplified] starting 2 threads, handling 107 plans
2018-05-31 18:10:42,141  INFO Counter:61 [PlanMutateTimeAllocationSimplified] handled plan # 1
2018-05-31 18:10:42,141  INFO Counter:61 [PlanMutateTimeAllocationSimplified] handled plan # 2
2018-05-31 18:10:42,141  INFO Counter:61 [PlanMutateTimeAllocationSimplified] handled plan # 4
2018-05-31 18:10:42,142  INFO Counter:61 [PlanMutateTimeAllocationSimplified] handled plan # 8
2018-05-31 18:10:42,142  INFO Counter:61 [PlanMutateTimeAllocationSimplified] handled plan # 16
2018-05-31 18:10:42,142  INFO Counter:61 [PlanMutateTimeAllocationSimplified] handled plan # 32
2018-05-31 18:10:42,142  INFO Counter:61 [PlanMutateTimeAllocationSimplified] handled plan # 64
2018-05-31 18:10:42,143  INFO AbstractMultithreadedModule:156 [PlanMutateTimeAllocationSimplified] all 2 threads finished.
2018-05-31 18:10:42,143  INFO GenericPlanStrategyImpl:125 Plan-Strategy finished, 107 plans handled. Strategy: RandomPlanSelector_TimeAllocationMutator
2018-05-31 18:10:42,144  INFO AbstractMultithreadedModule:141 [TripsToLegsAlgorithm] starting 2 threads, handling 97 plans
2018-05-31 18:10:42,144  INFO Counter:61 [TripsToLegsAlgorithm] handled plan # 1
2018-05-31 18:10:42,144  INFO Counter:61 [TripsToLegsAlgorithm] handled plan # 2
2018-05-31 18:10:42,144  INFO Counter:61 [TripsToLegsAlgorithm] handled plan # 4
2018-05-31 18:10:42,145  INFO Counter:61 [TripsToLegsAlgorithm] handled plan # 8
2018-05-31 18:10:42,145  INFO Counter:61 [TripsToLegsAlgorithm] handled plan # 16
2018-05-31 18:10:42,145  INFO Counter:61 [TripsToLegsAlgorithm] handled plan # 32
2018-05-31 18:10:42,146  INFO Counter:61 [TripsToLegsAlgorithm] handled plan # 64
2018-05-31 18:10:42,147  INFO AbstractMultithreadedModule:156 [TripsToLegsAlgorithm] all 2 threads finished.
2018-05-31 18:10:42,147  INFO AbstractMultithreadedModule:141 [ChooseRandomLegMode] starting 2 threads, handling 97 plans
2018-05-31 18:10:42,148  INFO Counter:61 [ChooseRandomLegMode] handled plan # 1
2018-05-31 18:10:42,148  INFO Counter:61 [ChooseRandomLegMode] handled plan # 2
2018-05-31 18:10:42,148  INFO Counter:61 [ChooseRandomLegMode] handled plan # 4
2018-05-31 18:10:42,148  INFO Counter:61 [ChooseRandomLegMode] handled plan # 8
2018-05-31 18:10:42,148  INFO Counter:61 [ChooseRandomLegMode] handled plan # 16
2018-05-31 18:10:42,149  INFO Counter:61 [ChooseRandomLegMode] handled plan # 32
2018-05-31 18:10:42,149  INFO Counter:61 [ChooseRandomLegMode] handled plan # 64
2018-05-31 18:10:42,149  INFO AbstractMultithreadedModule:156 [ChooseRandomLegMode] all 2 threads finished.
2018-05-31 18:10:42,150 DEBUG NetworkRoutingProvider:75 requesting network routing module with routingMode=car;	mode=car
2018-05-31 18:10:42,151 DEBUG NetworkRoutingProvider:75 requesting network routing module with routingMode=car;	mode=car
2018-05-31 18:10:42,151  INFO AbstractMultithreadedModule:141 [PlanRouter] starting 2 threads, handling 97 plans
2018-05-31 18:10:42,152  INFO Counter:61 [PlanRouter] handled plan # 1
2018-05-31 18:10:42,152  INFO Counter:61 [PlanRouter] handled plan # 2
2018-05-31 18:10:42,153  INFO Counter:61 [PlanRouter] handled plan # 4
2018-05-31 18:10:42,153  INFO Counter:61 [PlanRouter] handled plan # 8
2018-05-31 18:10:42,153  INFO Counter:61 [PlanRouter] handled plan # 16
2018-05-31 18:10:42,154  INFO Counter:61 [PlanRouter] handled plan # 32
2018-05-31 18:10:42,156  INFO Counter:61 [PlanRouter] handled plan # 64
2018-05-31 18:10:42,158  INFO AbstractMultithreadedModule:156 [PlanRouter] all 2 threads finished.
2018-05-31 18:10:42,159  INFO GenericPlanStrategyImpl:125 Plan-Strategy finished, 97 plans handled. Strategy: RandomPlanSelector_TripsToLegsModule_ChangeLegMode_ReRoute
2018-05-31 18:10:42,159  INFO ControlerListenerManagerImpl:213 [it.2] all ControlerReplanningListeners called.
2018-05-31 18:10:42,160  INFO ControlerListenerManagerImpl:224 calling notifyBeforeMobsim on org.matsim.core.controler.corelisteners.EventsHandlingImpl
2018-05-31 18:10:42,160  INFO EventsManagerImpl:170 resetting Event-Handlers
2018-05-31 18:10:42,160  INFO EventsManagerImpl:177   org.matsim.core.trafficmonitoring.TravelTimeCalculator
2018-05-31 18:10:42,161  INFO EventsManagerImpl:177   org.matsim.core.scoring.EventsToLegs
2018-05-31 18:10:42,161  INFO EventsManagerImpl:177   org.matsim.analysis.VolumesAnalyzer
2018-05-31 18:10:42,162  INFO EventsManagerImpl:177   org.matsim.core.scoring.EventsToActivities
2018-05-31 18:10:42,162  INFO EventsManagerImpl:177   org.matsim.analysis.CalcLegTimes
2018-05-31 18:10:42,162  INFO EventsManagerImpl:177   org.matsim.analysis.LegHistogram
2018-05-31 18:10:42,162  INFO EventsManagerImpl:177   org.matsim.core.scoring.ScoringFunctionsForPopulation
2018-05-31 18:10:42,163  INFO ControlerListenerManagerImpl:224 calling notifyBeforeMobsim on org.matsim.core.controler.corelisteners.PlansDumpingImpl
2018-05-31 18:10:42,163  INFO ControlerListenerManagerImpl:229 calling notifyBeforeMobsim on org.matsim.core.population.VspPlansCleaner
2018-05-31 18:10:42,168  INFO ControlerListenerManagerImpl:232 [it.2] all ControlerBeforeMobsimListeners called.
2018-05-31 18:10:42,184  INFO MobsimListenerManager:49 calling addQueueSimulationListener
2018-05-31 18:10:42,185  INFO MobsimListenerManager:53   assigned class org.matsim.core.mobsim.framework.listeners.MobsimListener to interface org.matsim.vis.snapshotwriters.SnapshotWriterManager
2018-05-31 18:10:42,185  INFO MobsimListenerManager:53   assigned class org.matsim.core.mobsim.framework.listeners.MobsimListener to interface org.matsim.core.mobsim.framework.listeners.MobsimInitializedListener
2018-05-31 18:10:42,186  INFO MobsimListenerManager:53   assigned class org.matsim.core.mobsim.framework.listeners.MobsimListener to interface org.matsim.core.mobsim.framework.listeners.MobsimListener
2018-05-31 18:10:42,186  INFO MobsimListenerManager:53   assigned class org.matsim.core.mobsim.framework.listeners.MobsimListener to interface org.matsim.core.mobsim.framework.listeners.MobsimBeforeCleanupListener
2018-05-31 18:10:42,186  INFO MobsimListenerManager:53   assigned class org.matsim.core.mobsim.framework.listeners.MobsimListener to interface org.matsim.core.mobsim.framework.listeners.MobsimAfterSimStepListener
2018-05-31 18:10:42,189  INFO Injector:80 === printInjector start ===
2018-05-31 18:10:42,189  INFO Injector:84 org.matsim.core.mobsim.qsim.qnetsimengine.VehicularDepartureHandler 
2018-05-31 18:10:42,190  INFO Injector:85   --> provider: Key[type=org.matsim.core.mobsim.qsim.qnetsimengine.QNetsimEngineDepartureHandlerProvider, annotation=[none]][Scopes.SINGLETON]
2018-05-31 18:10:42,190  INFO Injector:86   --> source: org.matsim.core.mobsim.qsim.qnetsimengine.QNetsimEnginePlugin$1.configure(QNetsimEnginePlugin.java:25)
2018-05-31 18:10:42,190  INFO Injector:88   --> scope: eager singleton
2018-05-31 18:10:42,191  INFO Injector:92 
2018-05-31 18:10:42,191  INFO Injector:84 org.matsim.core.mobsim.qsim.agents.AgentFactory 
2018-05-31 18:10:42,191  INFO Injector:85   --> provider: FactoryProxy{key=Key[type=org.matsim.core.mobsim.qsim.agents.AgentFactory, annotation=[none]], provider=com.google.inject.internal.ConstructorBindingImpl$Factory@5674e1f2}[Scopes.SINGLETON]
2018-05-31 18:10:42,191  INFO Injector:86   --> source: org.matsim.core.mobsim.qsim.PopulationPlugin$1.configure(PopulationPlugin.java:28)
2018-05-31 18:10:42,192  INFO Injector:88   --> scope: eager singleton
2018-05-31 18:10:42,192  INFO Injector:92 
2018-05-31 18:10:42,192  INFO Injector:84 org.matsim.core.mobsim.qsim.interfaces.Netsim 
2018-05-31 18:10:42,193  INFO Injector:85   --> provider: FactoryProxy{key=Key[type=org.matsim.core.mobsim.qsim.interfaces.Netsim, annotation=[none]], provider=com.google.inject.internal.ConstructorBindingImpl$Factory@e8df99a[Scopes.SINGLETON]}
2018-05-31 18:10:42,193  INFO Injector:86   --> source: org.matsim.core.mobsim.qsim.QSimProvider$1.configure(QSimProvider.java:65)
2018-05-31 18:10:42,193  INFO Injector:88   --> scope: Scopes.NO_SCOPE
2018-05-31 18:10:42,193  INFO Injector:92 
2018-05-31 18:10:42,194  INFO Injector:84 org.matsim.core.mobsim.jdeqsim.MessageQueue 
2018-05-31 18:10:42,194  INFO Injector:85   --> provider: com.google.inject.internal.ConstructorBindingImpl$Factory@2df6226d[Scopes.SINGLETON]
2018-05-31 18:10:42,194  INFO Injector:86   --> source: org.matsim.core.mobsim.qsim.messagequeueengine.MessageQueuePlugin$1.configure(MessageQueuePlugin.java:24)
2018-05-31 18:10:42,195  INFO Injector:88   --> scope: eager singleton
2018-05-31 18:10:42,195  INFO Injector:92 
2018-05-31 18:10:42,195  INFO Injector:84 org.matsim.core.mobsim.qsim.jdeqsimengine.SteppableScheduler 
2018-05-31 18:10:42,195  INFO Injector:85   --> provider: com.google.inject.internal.ConstructorBindingImpl$Factory@45fd9a4d[Scopes.SINGLETON]
2018-05-31 18:10:42,196  INFO Injector:86   --> source: org.matsim.core.mobsim.qsim.messagequeueengine.MessageQueuePlugin$1.configure(MessageQueuePlugin.java:25)
2018-05-31 18:10:42,196  INFO Injector:88   --> scope: eager singleton
2018-05-31 18:10:42,196  INFO Injector:92 
2018-05-31 18:10:42,196  INFO Injector:84 org.matsim.core.mobsim.qsim.messagequeueengine.MessageQueueEngine 
2018-05-31 18:10:42,197  INFO Injector:85   --> provider: com.google.inject.internal.ConstructorBindingImpl$Factory@2a898881[Scopes.SINGLETON]
2018-05-31 18:10:42,197  INFO Injector:86   --> source: org.matsim.core.mobsim.qsim.messagequeueengine.MessageQueuePlugin$1.configure(MessageQueuePlugin.java:26)
2018-05-31 18:10:42,197  INFO Injector:88   --> scope: eager singleton
2018-05-31 18:10:42,197  INFO Injector:92 
2018-05-31 18:10:42,198  INFO Injector:84 org.matsim.core.mobsim.qsim.ActivityEngine 
2018-05-31 18:10:42,198  INFO Injector:85   --> provider: com.google.inject.internal.ConstructorBindingImpl$Factory@4879dfad[Scopes.SINGLETON]
2018-05-31 18:10:42,198  INFO Injector:86   --> source: org.matsim.core.mobsim.qsim.ActivityEnginePlugin$1.configure(ActivityEnginePlugin.java:23)
2018-05-31 18:10:42,198  INFO Injector:88   --> scope: eager singleton
2018-05-31 18:10:42,199  INFO Injector:92 
2018-05-31 18:10:42,199  INFO Injector:84 org.matsim.core.mobsim.qsim.qnetsimengine.QNetsimEngine 
2018-05-31 18:10:42,199  INFO Injector:85   --> provider: com.google.inject.internal.ConstructorBindingImpl$Factory@5629510[Scopes.SINGLETON]
2018-05-31 18:10:42,199  INFO Injector:86   --> source: org.matsim.core.mobsim.qsim.qnetsimengine.QNetsimEnginePlugin$1.configure(QNetsimEnginePlugin.java:24)
2018-05-31 18:10:42,200  INFO Injector:88   --> scope: eager singleton
2018-05-31 18:10:42,200  INFO Injector:92 
2018-05-31 18:10:42,200  INFO Injector:84 org.matsim.core.mobsim.qsim.pt.TransitQSimEngine 
2018-05-31 18:10:42,200  INFO Injector:85   --> provider: com.google.inject.internal.ConstructorBindingImpl$Factory@4d9ac0b4[Scopes.SINGLETON]
2018-05-31 18:10:42,201  INFO Injector:86   --> source: org.matsim.core.mobsim.qsim.pt.TransitEnginePlugin$1.configure(TransitEnginePlugin.java:24)
2018-05-31 18:10:42,201  INFO Injector:88   --> scope: eager singleton
2018-05-31 18:10:42,201  INFO Injector:92 
2018-05-31 18:10:42,201  INFO Injector:84 org.matsim.core.mobsim.qsim.DefaultTeleportationEngine 
2018-05-31 18:10:42,202  INFO Injector:85   --> provider: com.google.inject.internal.ConstructorBindingImpl$Factory@3da05287[Scopes.SINGLETON]
2018-05-31 18:10:42,202  INFO Injector:86   --> source: org.matsim.core.mobsim.qsim.TeleportationPlugin$1.configure(TeleportationPlugin.java:21)
2018-05-31 18:10:42,202  INFO Injector:88   --> scope: eager singleton
2018-05-31 18:10:42,202  INFO Injector:92 
2018-05-31 18:10:42,203  INFO Injector:84 org.matsim.core.mobsim.qsim.agents.PopulationAgentSource 
2018-05-31 18:10:42,203  INFO Injector:85   --> provider: com.google.inject.internal.ConstructorBindingImpl$Factory@63f8276e[Scopes.SINGLETON]
2018-05-31 18:10:42,203  INFO Injector:86   --> source: org.matsim.core.mobsim.qsim.PopulationPlugin$1.configure(PopulationPlugin.java:26)
2018-05-31 18:10:42,204  INFO Injector:88   --> scope: eager singleton
2018-05-31 18:10:42,204  INFO Injector:92 
2018-05-31 18:10:42,204  INFO Injector:84 org.matsim.core.mobsim.qsim.QSim 
2018-05-31 18:10:42,204  INFO Injector:85   --> provider: com.google.inject.internal.ConstructorBindingImpl$Factory@e8df99a[Scopes.SINGLETON]
2018-05-31 18:10:42,205  INFO Injector:86   --> source: org.matsim.core.mobsim.qsim.QSimProvider$1.configure(QSimProvider.java:64)
2018-05-31 18:10:42,205  INFO Injector:88   --> scope: eager singleton
2018-05-31 18:10:42,205  INFO Injector:92 
2018-05-31 18:10:42,205  INFO Injector:95 === printInjector end ===
2018-05-31 18:10:42,206  INFO MobsimListenerManager:49 calling addQueueSimulationListener
2018-05-31 18:10:42,206  INFO MobsimListenerManager:53   assigned class org.matsim.core.mobsim.framework.listeners.MobsimListener to interface org.matsim.core.mobsim.framework.listeners.MobsimBeforeSimStepListener
2018-05-31 18:10:42,206  INFO MobsimListenerManager:53   assigned class org.matsim.core.mobsim.framework.listeners.MobsimListener to interface org.matsim.core.mobsim.framework.listeners.MobsimListener
2018-05-31 18:10:42,206  INFO MobsimListenerManager:53   assigned class org.matsim.core.mobsim.framework.listeners.MobsimListener to interface org.matsim.core.mobsim.qsim.messagequeueengine.MessageQueueEngine
2018-05-31 18:10:42,207  INFO ReconstructingUmlaufBuilder:113 Generating UmlaufStuecke
..2018-05-31 18:10:42,215  INFO QNetsimEngine:504 Assigned 19 nodes and 54 links to QSimEngineRunner #0
2018-05-31 18:10:42,216  INFO QNetsimEngine:347 SIMULATION (QNetsimEngine) AT 06:00:00 : #links=0 #nodes=2
2018-05-31 18:10:42,216  INFO QSim:506 SIMULATION (NEW QSim) AT 06:00:00 : #Veh=902 lost=0 simT=0.0s realT=0s; (s/r): 0.0
2018-05-31 18:10:42,217  INFO Gbl:54 used RAM: 68324080B = 66722kB = 65MB  free: 940930320B = 897MB  total: 1009254400B = 962MB
2018-05-31 18:10:42,407  INFO EventsManagerImpl:134  event # 65536
2018-05-31 18:10:42,493  INFO QNetsimEngine:347 SIMULATION (QNetsimEngine) AT 07:00:00 : #links=3 #nodes=1
2018-05-31 18:10:42,494  INFO QSim:506 SIMULATION (NEW QSim) AT 07:00:00 : #Veh=902 lost=0 simT=3600.0s realT=0s; (s/r): Infinity
2018-05-31 18:10:42,494  INFO Gbl:54 used RAM: 72510336B = 70810kB = 69MB  free: 936744064B = 893MB  total: 1009254400B = 962MB
2018-05-31 18:10:42,825  INFO QNetsimEngine:347 SIMULATION (QNetsimEngine) AT 08:00:00 : #links=26 #nodes=0
2018-05-31 18:10:42,825  INFO QSim:506 SIMULATION (NEW QSim) AT 08:00:00 : #Veh=902 lost=0 simT=7200.0s realT=0s; (s/r): Infinity
2018-05-31 18:10:42,826  INFO Gbl:54 used RAM: 76277792B = 74490kB = 72MB  free: 932976608B = 889MB  total: 1009254400B = 962MB
2018-05-31 18:10:43,159  INFO QNetsimEngine:347 SIMULATION (QNetsimEngine) AT 09:00:00 : #links=0 #nodes=2
2018-05-31 18:10:43,160  INFO QSim:506 SIMULATION (NEW QSim) AT 09:00:00 : #Veh=902 lost=0 simT=10800.0s realT=0s; (s/r): Infinity
2018-05-31 18:10:43,160  INFO Gbl:54 used RAM: 81217560B = 79314kB = 77MB  free: 928036840B = 885MB  total: 1009254400B = 962MB
2018-05-31 18:10:43,463  INFO QNetsimEngine:347 SIMULATION (QNetsimEngine) AT 10:00:00 : #links=0 #nodes=2
2018-05-31 18:10:43,463  INFO QSim:506 SIMULATION (NEW QSim) AT 10:00:00 : #Veh=902 lost=0 simT=14400.0s realT=1s; (s/r): 14400.0
2018-05-31 18:10:43,463  INFO Gbl:54 used RAM: 81971064B = 80049kB = 78MB  free: 927283336B = 884MB  total: 1009254400B = 962MB
2018-05-31 18:10:43,761  INFO QNetsimEngine:347 SIMULATION (QNetsimEngine) AT 11:00:00 : #links=0 #nodes=2
2018-05-31 18:10:43,761  INFO QSim:506 SIMULATION (NEW QSim) AT 11:00:00 : #Veh=902 lost=0 simT=18000.0s realT=1s; (s/r): 18000.0
2018-05-31 18:10:43,761  INFO Gbl:54 used RAM: 86910824B = 84873kB = 82MB  free: 922343576B = 879MB  total: 1009254400B = 962MB
2018-05-31 18:10:44,051  INFO QNetsimEngine:347 SIMULATION (QNetsimEngine) AT 12:00:00 : #links=0 #nodes=2
2018-05-31 18:10:44,051  INFO QSim:506 SIMULATION (NEW QSim) AT 12:00:00 : #Veh=902 lost=0 simT=21600.0s realT=1s; (s/r): 21600.0
2018-05-31 18:10:44,051  INFO Gbl:54 used RAM: 86910824B = 84873kB = 82MB  free: 922343576B = 879MB  total: 1009254400B = 962MB
2018-05-31 18:10:44,329  INFO QNetsimEngine:347 SIMULATION (QNetsimEngine) AT 13:00:00 : #links=0 #nodes=2
2018-05-31 18:10:44,330  INFO QSim:506 SIMULATION (NEW QSim) AT 13:00:00 : #Veh=902 lost=0 simT=25200.0s realT=2s; (s/r): 12600.0
2018-05-31 18:10:44,330  INFO Gbl:54 used RAM: 91850584B = 89697kB = 87MB  free: 917403816B = 874MB  total: 1009254400B = 962MB
2018-05-31 18:10:44,585  INFO QNetsimEngine:347 SIMULATION (QNetsimEngine) AT 14:00:00 : #links=0 #nodes=2
2018-05-31 18:10:44,585  INFO QSim:506 SIMULATION (NEW QSim) AT 14:00:00 : #Veh=902 lost=0 simT=28800.0s realT=2s; (s/r): 14400.0
2018-05-31 18:10:44,585  INFO Gbl:54 used RAM: 91850584B = 89697kB = 87MB  free: 917403816B = 874MB  total: 1009254400B = 962MB
2018-05-31 18:10:44,839  INFO QNetsimEngine:347 SIMULATION (QNetsimEngine) AT 15:00:00 : #links=0 #nodes=2
2018-05-31 18:10:44,839  INFO QSim:506 SIMULATION (NEW QSim) AT 15:00:00 : #Veh=902 lost=0 simT=32400.0s realT=2s; (s/r): 16200.0
2018-05-31 18:10:44,840  INFO Gbl:54 used RAM: 92604072B = 90433kB = 88MB  free: 916650328B = 874MB  total: 1009254400B = 962MB
2018-05-31 18:10:45,093  INFO QNetsimEngine:347 SIMULATION (QNetsimEngine) AT 16:00:00 : #links=0 #nodes=2
2018-05-31 18:10:45,094  INFO QSim:506 SIMULATION (NEW QSim) AT 16:00:00 : #Veh=902 lost=0 simT=36000.0s realT=2s; (s/r): 18000.0
2018-05-31 18:10:45,094  INFO Gbl:54 used RAM: 97543832B = 95257kB = 93MB  free: 911710568B = 869MB  total: 1009254400B = 962MB
2018-05-31 18:10:45,350  INFO QNetsimEngine:347 SIMULATION (QNetsimEngine) AT 17:00:00 : #links=1 #nodes=2
2018-05-31 18:10:45,351  INFO QSim:506 SIMULATION (NEW QSim) AT 17:00:00 : #Veh=902 lost=0 simT=39600.0s realT=3s; (s/r): 13200.0
2018-05-31 18:10:45,351  INFO Gbl:54 used RAM: 99258040B = 96931kB = 94MB  free: 909996360B = 867MB  total: 1009254400B = 962MB
2018-05-31 18:10:45,666  INFO QNetsimEngine:347 SIMULATION (QNetsimEngine) AT 18:00:00 : #links=34 #nodes=2
2018-05-31 18:10:45,666  INFO QSim:506 SIMULATION (NEW QSim) AT 18:00:00 : #Veh=522 lost=0 simT=43200.0s realT=3s; (s/r): 14400.0
2018-05-31 18:10:45,667  INFO Gbl:54 used RAM: 107211832B = 104699kB = 102MB  free: 902042568B = 860MB  total: 1009254400B = 962MB
2018-05-31 18:10:45,976  INFO QNetsimEngine:347 SIMULATION (QNetsimEngine) AT 19:00:00 : #links=5 #nodes=1
2018-05-31 18:10:45,977  INFO QSim:506 SIMULATION (NEW QSim) AT 19:00:00 : #Veh=73 lost=0 simT=46800.0s realT=3s; (s/r): 15600.0
2018-05-31 18:10:45,977  INFO Gbl:54 used RAM: 108718856B = 106170kB = 103MB  free: 900535544B = 858MB  total: 1009254400B = 962MB
2018-05-31 18:10:46,252  INFO QNetsimEngine:347 SIMULATION (QNetsimEngine) AT 20:00:00 : #links=0 #nodes=2
2018-05-31 18:10:46,253  INFO QSim:506 SIMULATION (NEW QSim) AT 20:00:00 : #Veh=4 lost=0 simT=50400.0s realT=4s; (s/r): 12600.0
2018-05-31 18:10:46,253  INFO Gbl:54 used RAM: 113658616B = 110994kB = 108MB  free: 895595784B = 854MB  total: 1009254400B = 962MB
2018-05-31 18:10:46,545  INFO QNetsimEngine:347 SIMULATION (QNetsimEngine) AT 21:00:00 : #links=0 #nodes=2
2018-05-31 18:10:46,545  INFO QSim:506 SIMULATION (NEW QSim) AT 21:00:00 : #Veh=2 lost=0 simT=54000.0s realT=4s; (s/r): 13500.0
2018-05-31 18:10:46,545  INFO Gbl:54 used RAM: 114412120B = 111730kB = 109MB  free: 894842280B = 853MB  total: 1009254400B = 962MB
2018-05-31 18:10:46,855  INFO QNetsimEngine:347 SIMULATION (QNetsimEngine) AT 22:00:00 : #links=0 #nodes=2
2018-05-31 18:10:46,855  INFO QSim:506 SIMULATION (NEW QSim) AT 22:00:00 : #Veh=2 lost=0 simT=57600.0s realT=4s; (s/r): 14400.0
2018-05-31 18:10:46,856  INFO Gbl:54 used RAM: 116126736B = 113405kB = 110MB  free: 893127664B = 851MB  total: 1009254400B = 962MB
2018-05-31 18:10:47,179  INFO QNetsimEngine:347 SIMULATION (QNetsimEngine) AT 23:00:00 : #links=0 #nodes=2
2018-05-31 18:10:47,179  INFO QSim:506 SIMULATION (NEW QSim) AT 23:00:00 : #Veh=2 lost=0 simT=61200.0s realT=4s; (s/r): 15300.0
2018-05-31 18:10:47,180  INFO Gbl:54 used RAM: 123703664B = 120804kB = 117MB  free: 885550736B = 844MB  total: 1009254400B = 962MB
2018-05-31 18:10:47,227  INFO Gbl:187 Thread performance: Thread=class org.matsim.core.events.SimStepParallelEventsManagerImpl$ProcessEventsRunnable0  cpu-time=1.354685712sec
2018-05-31 18:10:47,227  INFO AbstractController$8:210 ### ITERATION 2 fires after mobsim event
2018-05-31 18:10:47,228  INFO ControlerListenerManagerImpl:248 calling notifyAfterMobsim on org.matsim.analysis.LegTimesControlerListener
2018-05-31 18:10:47,229  INFO LegTimesControlerListener:50 [2] average trip (probably: leg) duration is: 792 seconds = 00:13:12
2018-05-31 18:10:47,229  INFO ControlerListenerManagerImpl:248 calling notifyAfterMobsim on org.matsim.core.scoring.EventsToActivities$1
2018-05-31 18:10:47,232  INFO ControlerListenerManagerImpl:251 [it.2] all ControlerAfterMobsimListeners called.
2018-05-31 18:10:47,232  INFO AbstractController$4:147 ### ITERATION 2 fires scoring event
2018-05-31 18:10:47,232  INFO ControlerListenerManagerImpl:183 calling notifyScoring on org.matsim.core.scoring.PlansScoringImpl
2018-05-31 18:10:47,233  INFO NewScoreAssignerImpl:36 it: 2 msaStart: null
2018-05-31 18:10:47,234  INFO ControlerListenerManagerImpl:194 [it.2] all ControlerScoringListeners called.
2018-05-31 18:10:47,234  INFO AbstractController$5:155 ### ITERATION 2 fires iteration end event
2018-05-31 18:10:47,235  INFO ControlerListenerManagerImpl:160 calling notifyIterationEnds on org.matsim.core.controler.corelisteners.EventsHandlingImpl
2018-05-31 18:10:47,235  INFO ControlerListenerManagerImpl:160 calling notifyIterationEnds on org.matsim.core.scoring.PlansScoringImpl
2018-05-31 18:10:47,235  INFO ControlerListenerManagerImpl:167 calling notifyIterationEnds on org.matsim.counts.CountsControlerListener
2018-05-31 18:10:47,236  INFO ControlerListenerManagerImpl:167 calling notifyIterationEnds on org.matsim.analysis.ModeStatsControlerListener
2018-05-31 18:10:47,240  INFO ModeStatsControlerListener:155 -- mode share of mode bike = 0.0
2018-05-31 18:10:47,241  INFO ModeStatsControlerListener:155 -- mode share of mode car = 0.5466786355475763
2018-05-31 18:10:47,241  INFO ModeStatsControlerListener:155 -- mode share of mode other = 0.0
2018-05-31 18:10:47,241  INFO ModeStatsControlerListener:155 -- mode share of mode pt = 0.4533213644524237
2018-05-31 18:10:47,241  INFO ModeStatsControlerListener:155 -- mode share of mode ride = 0.0
2018-05-31 18:10:47,241  INFO ModeStatsControlerListener:155 -- mode share of mode walk = 0.0
2018-05-31 18:10:47,242  INFO ControlerListenerManagerImpl:167 calling notifyIterationEnds on org.matsim.analysis.ScoreStatsControlerListener
2018-05-31 18:10:47,242  INFO ScoreStatsControlerListener:191 -- avg. score of the executed plan of each agent: 131.84302260910118
2018-05-31 18:10:47,243  INFO ScoreStatsControlerListener:192 -- avg. score of the worst plan of each agent: 129.6044479096423
2018-05-31 18:10:47,243  INFO ScoreStatsControlerListener:193 -- avg. of the avg. plan score per agent: 131.47597623042094
2018-05-31 18:10:47,243  INFO ScoreStatsControlerListener:194 -- avg. score of the best plan of each agent: 133.334699123882
2018-05-31 18:10:47,243  INFO ControlerListenerManagerImpl:167 calling notifyIterationEnds on org.matsim.analysis.TravelDistanceStatsControlerListener
2018-05-31 18:10:47,244  INFO TravelDistanceStats:128 [TravelDistanceStats] using 2 thread(s).
2018-05-31 18:10:47,247  INFO TravelDistanceStats:141 [TravelDistanceStats] all threads finished.
2018-05-31 18:10:47,247  INFO TravelDistanceStats:161 -- average of the average leg distance per plan (executed plans only): 3719.3353589185926
2018-05-31 18:10:47,247  INFO TravelDistanceStats:162 (TravelDistanceStats takes an average over all legs where the simulation reports travelled distances. These are car legs, pt legs,
2018-05-31 18:10:47,248  INFO TravelDistanceStats:163 (and teleported legs whose route contains a distance.)
2018-05-31 18:10:47,248  INFO ControlerListenerManagerImpl:167 calling notifyIterationEnds on org.matsim.analysis.LegHistogramListener
2018-05-31 18:10:47,252  INFO LegHistogramListener:72 number of legs:	3380	100%
2018-05-31 18:10:47,252  INFO LegHistogramListener:79 number of car legs:	1218	36.03550295857988%
2018-05-31 18:10:47,252  INFO LegHistogramListener:79 number of pt legs:	576	17.041420118343197%
2018-05-31 18:10:47,253  INFO LegHistogramListener:79 number of transit_walk legs:	1586	46.92307692307692%
2018-05-31 18:10:47,253  INFO ControlerListenerManagerImpl:167 calling notifyIterationEnds on org.matsim.analysis.LinkStatsControlerListener
2018-05-31 18:10:47,253  INFO ControlerListenerManagerImpl:171 [it.2] all ControlerIterationEndsListeners called.
2018-05-31 18:10:47,255  INFO AbstractController:165 ### ITERATION 2 ENDS
2018-05-31 18:10:47,255  INFO AbstractController:166 ###################################################
2018-05-31 18:10:47,255  INFO MatsimRuntimeModifications:58 S H U T D O W N   ---   start shutdown.
2018-05-31 18:10:47,256  INFO ControlerListenerManagerImpl:121 calling notifyShutdown on org.matsim.core.controler.corelisteners.EventsHandlingImpl
2018-05-31 18:10:47,256  INFO ControlerListenerManagerImpl:126 calling notifyShutdown on org.matsim.analysis.ModeStatsControlerListener
2018-05-31 18:10:47,256  INFO ControlerListenerManagerImpl:126 calling notifyShutdown on org.matsim.analysis.ScoreStatsControlerListener
2018-05-31 18:10:47,256  INFO ControlerListenerManagerImpl:126 calling notifyShutdown on org.matsim.analysis.TravelDistanceStatsControlerListener
2018-05-31 18:10:47,256  INFO ControlerListenerManagerImpl:126 calling notifyShutdown on org.matsim.contrib.pseudosimulation.RunPSimTest$ExecScoreTracker
2018-05-31 18:10:47,257  INFO ControlerListenerManagerImpl:129 all ControlerShutdownListeners called.
2018-05-31 18:10:47,257  INFO MatsimRuntimeModifications:81 S H U T D O W N   ---   shutdown completed.
2018-05-31 18:10:47,257  INFO OutputDirectoryLogging:146 closing the logfile, i.e. messages sent to the logger after this message are not written to the logfile.
2018-05-31 18:10:47,257  INFO OutputDirectoryLogging:146 closing the logfile, i.e. messages sent to the logger after this message are not written to the logfile.
2018-05-31 18:10:47,258  INFO RunPSimTest:96 RunPSim score was 0.0
2018-05-31 18:10:47,258  INFO RunPSimTest:97 Default controler score was 131.84302260910118
]]></system-out>
    <system-err><![CDATA[2018-05-31 18:10:28,416  WARN MatsimXmlParser:155 starting to parse xml from url file:/root/workspace/matsim-org/matsim/386233578/examples/target/classes/test/scenarios/pt-tutorial/0.config.xml ...
2018-05-31 18:10:29,352  WARN MatsimXmlParser:155 starting to parse xml from url file:/root/workspace/matsim-org/matsim/386233578/examples/target/classes/test/scenarios/pt-tutorial/multimodalnetwork.xml ...
2018-05-31 18:10:29,422  WARN MatsimXmlParser:155 starting to parse xml from url file:/root/workspace/matsim-org/matsim/386233578/examples/target/classes/test/scenarios/pt-tutorial/0.plans.xml.gz ...
2018-05-31 18:10:29,617  WARN MatsimXmlParser:155 starting to parse xml from url file:/root/workspace/matsim-org/matsim/386233578/examples/target/classes/test/scenarios/pt-tutorial/transitschedule.xml ...
2018-05-31 18:10:29,675  WARN MatsimXmlParser:155 starting to parse xml from url file:/root/workspace/matsim-org/matsim/386233578/examples/target/classes/test/scenarios/pt-tutorial/transitVehicles.xml ...
]]></system-err>
  </testcase>
</testsuite>