<?xml version="1.0" encoding="UTF-8"?>
<testsuite xmlns:xsi="http://www.w3.org/2001/XMLSchema-instance" xsi:noNamespaceSchemaLocation="https://maven.apache.org/surefire/maven-surefire-plugin/xsd/surefire-test-report.xsd" name="jmri.implementation.SignalSystemFileCheckTest" time="60.688" tests="446" errors="0" skipped="0" failures="0">
  <properties>
    <property name="java.runtime.name" value="OpenJDK Runtime Environment"/>
    <property name="sun.boot.library.path" value="/usr/lib/jvm/java-8-openjdk-amd64/jre/lib/amd64"/>
    <property name="java.vm.version" value="25.121-b13"/>
    <property name="java.vm.vendor" value="Oracle Corporation"/>
    <property name="maven.multiModuleProjectDirectory" value="/root/workspace/JMRI/JMRI/385869878"/>
    <property name="java.vendor.url" value="http://java.oracle.com/"/>
    <property name="path.separator" value=":"/>
    <property name="guice.disable.misplaced.annotation.check" value="true"/>
    <property name="skip.gulp" value="true"/>
    <property name="java.vm.name" value="OpenJDK 64-Bit Server VM"/>
    <property name="file.encoding.pkg" value="sun.io"/>
    <property name="sun.java.launcher" value="SUN_STANDARD"/>
    <property name="sun.os.patch.level" value="unknown"/>
    <property name="findbugs.skip" value="true"/>
    <property name="java.vm.specification.name" value="Java Virtual Machine Specification"/>
    <property name="user.dir" value="/root/workspace/JMRI/JMRI/385869878"/>
    <property name="checkstyle.skip" value="true"/>
    <property name="java.runtime.version" value="1.8.0_121-8u121-b13-1~bpo8+1-b13"/>
    <property name="java.awt.graphicsenv" value="sun.awt.X11GraphicsEnvironment"/>
    <property name="skip.npm" value="true"/>
    <property name="java.endorsed.dirs" value="/usr/lib/jvm/java-8-openjdk-amd64/jre/lib/endorsed"/>
    <property name="os.arch" value="amd64"/>
    <property name="java.io.tmpdir" value="/tmp"/>
    <property name="gpg.skip" value="true"/>
    <property name="line.separator" value="&#10;"/>
    <property name="java.vm.specification.vendor" value="Oracle Corporation"/>
    <property name="cobertura.skip" value="true"/>
    <property name="os.name" value="Linux"/>
    <property name="classworlds.conf" value="/usr/share/maven/bin/m2.conf"/>
    <property name="sun.jnu.encoding" value="UTF-8"/>
    <property name="java.library.path" value="/usr/java/packages/lib/amd64:/usr/lib/x86_64-linux-gnu/jni:/lib/x86_64-linux-gnu:/usr/lib/x86_64-linux-gnu:/usr/lib/jni:/lib:/usr/lib"/>
    <property name="license.skip" value="true"/>
    <property name="java.specification.name" value="Java Platform API Specification"/>
    <property name="java.class.version" value="52.0"/>
    <property name="sun.management.compiler" value="HotSpot 64-Bit Tiered Compilers"/>
    <property name="skip.bower" value="true"/>
    <property name="maven.repo.local" value="/root/./workspace/JMRI/JMRI/385869878/.m2"/>
    <property name="os.version" value="3.10.0-862.2.3.el7.x86_64"/>
    <property name="user.home" value="/root"/>
    <property name="user.timezone" value="Europe/Paris"/>
    <property name="java.awt.printerjob" value="sun.print.PSPrinterJob"/>
    <property name="java.specification.version" value="1.8"/>
    <property name="file.encoding" value="UTF-8"/>
    <property name="user.name" value="root"/>
    <property name="java.class.path" value="/usr/share/maven/boot/plexus-classworlds-2.5.2.jar"/>
    <property name="skipITs" value="true"/>
    <property name="java.vm.specification.version" value="1.8"/>
    <property name="sun.arch.data.model" value="64"/>
    <property name="java.home" value="/usr/lib/jvm/java-8-openjdk-amd64/jre"/>
    <property name="sun.java.command" value="org.codehaus.plexus.classworlds.launcher.Launcher -B -D enforcer.skip=true -D dependency-check.skip=true -D skipITs=true -D cobertura.skip=true -D maven.repo.local=/root/./workspace/JMRI/JMRI/385869878/.m2 -D rat.skip=true -D findbugs.skip=true -D skip.bower=true -D gpg.skip=true -D checkstyle.skip=true -D skip.gulp=true -D license.skip=true -D skip.npm=true test"/>
    <property name="java.specification.vendor" value="Oracle Corporation"/>
    <property name="user.language" value="en"/>
    <property name="awt.toolkit" value="sun.awt.X11.XToolkit"/>
    <property name="dependency-check.skip" value="true"/>
    <property name="java.vm.info" value="mixed mode"/>
    <property name="java.version" value="1.8.0_121"/>
    <property name="java.ext.dirs" value="/usr/lib/jvm/java-8-openjdk-amd64/jre/lib/ext:/usr/java/packages/lib/ext"/>
    <property name="securerandom.source" value="file:/dev/./urandom"/>
    <property name="sun.boot.class.path" value="/usr/lib/jvm/java-8-openjdk-amd64/jre/lib/resources.jar:/usr/lib/jvm/java-8-openjdk-amd64/jre/lib/rt.jar:/usr/lib/jvm/java-8-openjdk-amd64/jre/lib/sunrsasign.jar:/usr/lib/jvm/java-8-openjdk-amd64/jre/lib/jsse.jar:/usr/lib/jvm/java-8-openjdk-amd64/jre/lib/jce.jar:/usr/lib/jvm/java-8-openjdk-amd64/jre/lib/charsets.jar:/usr/lib/jvm/java-8-openjdk-amd64/jre/lib/jfr.jar:/usr/lib/jvm/java-8-openjdk-amd64/jre/classes"/>
    <property name="java.vendor" value="Oracle Corporation"/>
    <property name="enforcer.skip" value="true"/>
    <property name="rat.skip" value="true"/>
    <property name="maven.home" value="/usr/share/maven"/>
    <property name="file.separator" value="/"/>
    <property name="java.vendor.url.bug" value="http://bugreport.sun.com/bugreport/"/>
    <property name="sun.cpu.endian" value="little"/>
    <property name="sun.io.unicode.encoding" value="UnicodeLittle"/>
    <property name="sun.cpu.isalist" value=""/>
  </properties>
  <testcase name="validate[xml/signals/CSX-1998/appearance-CLS-3-3-hi.xml (pass=true)]" classname="jmri.implementation.SignalSystemFileCheckTest" time="0.139"/>
  <testcase name="validate[xml/signals/CSX-1998/appearance-CLS-1-3-hi.xml (pass=true)]" classname="jmri.implementation.SignalSystemFileCheckTest" time="0.168"/>
  <testcase name="validate[xml/signals/CSX-1998/appearance-CLS-3-2A-hi.xml (pass=true)]" classname="jmri.implementation.SignalSystemFileCheckTest" time="0.137"/>
  <testcase name="validate[xml/signals/CSX-1998/appearance-CLS-1-3-lo.xml (pass=true)]" classname="jmri.implementation.SignalSystemFileCheckTest" time="0.131"/>
  <testcase name="validate[xml/signals/CSX-1998/appearance-CLS-3-2R-hi.xml (pass=true)]" classname="jmri.implementation.SignalSystemFileCheckTest" time="0.153"/>
  <testcase name="validate[xml/signals/CSX-1998/appearance-CLS-3-3-lo.xml (pass=true)]" classname="jmri.implementation.SignalSystemFileCheckTest" time="0.131"/>
  <testcase name="validate[xml/signals/CSX-1998/appearance-CLS-3-3-2-hi.xml (pass=true)]" classname="jmri.implementation.SignalSystemFileCheckTest" time="0.178"/>
  <testcase name="validate[xml/signals/CSX-1998/appearance-CLS-3-2-hi.xml (pass=true)]" classname="jmri.implementation.SignalSystemFileCheckTest" time="0.133"/>
  <testcase name="validate[xml/signals/CSX-1998/appearance-CLS-3-3-2R-hi.xml (pass=true)]" classname="jmri.implementation.SignalSystemFileCheckTest" time="0.153"/>
  <testcase name="validate[xml/signals/CSX-1998/appearance-CLS-1-3-2A-hi.xml (pass=true)]" classname="jmri.implementation.SignalSystemFileCheckTest" time="0.134"/>
  <testcase name="validate[xml/signals/CSX-1998/appearance-CLS-3-3-3-hi.xml (pass=true)]" classname="jmri.implementation.SignalSystemFileCheckTest" time="0.145"/>
  <testcase name="validate[xml/signals/CSX-1998/appearance-CLS-3-3-2A-hi.xml (pass=true)]" classname="jmri.implementation.SignalSystemFileCheckTest" time="0.135"/>
  <testcase name="validate[xml/signals/CSX-1998/appearance-CLS-3-2-2R-hi.xml (pass=true)]" classname="jmri.implementation.SignalSystemFileCheckTest" time="0.132"/>
  <testcase name="validate[xml/signals/CSX-1998/appearance-CLS-1-3-2R-hi.xml (pass=true)]" classname="jmri.implementation.SignalSystemFileCheckTest" time="0.148"/>
  <testcase name="validate[xml/signals/CSX-1998/appearance-CLS-3-2-2A-hi.xml (pass=true)]" classname="jmri.implementation.SignalSystemFileCheckTest" time="0.135"/>
  <testcase name="validate[xml/signals/CSX-1998/aspects.xml (pass=true)]" classname="jmri.implementation.SignalSystemFileCheckTest" time="0.155"/>
  <testcase name="validate[xml/signals/CSX-1998/appearance-CLS-3-lo.xml (pass=true)]" classname="jmri.implementation.SignalSystemFileCheckTest" time="0.131"/>
  <testcase name="validate[xml/signals/CSX-1998/appearance-CLS-3-hi.xml (pass=true)]" classname="jmri.implementation.SignalSystemFileCheckTest" time="0.16"/>
  <testcase name="validate[xml/signals/AAR-1946/appearance-PL-1-high-abs.xml (pass=true)]" classname="jmri.implementation.SignalSystemFileCheckTest" time="0.13"/>
  <testcase name="validate[xml/signals/AAR-1946/appearance-SL-1-high-pbs.xml (pass=true)]" classname="jmri.implementation.SignalSystemFileCheckTest" time="0.135"/>
  <testcase name="validate[xml/signals/AAR-1946/appearance-SL-2-high-pbs.xml (pass=true)]" classname="jmri.implementation.SignalSystemFileCheckTest" time="0.144"/>
  <testcase name="validate[xml/signals/AAR-1946/appearance-SL-1-low.xml (pass=true)]" classname="jmri.implementation.SignalSystemFileCheckTest" time="0.131"/>
  <testcase name="validate[xml/signals/AAR-1946/appearance-SL-2-low.xml (pass=true)]" classname="jmri.implementation.SignalSystemFileCheckTest" time="0.15"/>
  <testcase name="validate[xml/signals/AAR-1946/aspects.xml (pass=true)]" classname="jmri.implementation.SignalSystemFileCheckTest" time="0.131"/>
  <testcase name="validate[xml/signals/AAR-1946/appearance-PL-1-low.xml (pass=true)]" classname="jmri.implementation.SignalSystemFileCheckTest" time="0.141"/>
  <testcase name="validate[xml/signals/AAR-1946/appearance-SL-3-high.xml (pass=true)]" classname="jmri.implementation.SignalSystemFileCheckTest" time="0.131"/>
  <testcase name="validate[xml/signals/AAR-1946/appearance-PL-1-high-pbs.xml (pass=true)]" classname="jmri.implementation.SignalSystemFileCheckTest" time="0.136"/>
  <testcase name="validate[xml/signals/AAR-1946/appearance-SL-1-high-abs.xml (pass=true)]" classname="jmri.implementation.SignalSystemFileCheckTest" time="0.145"/>
  <testcase name="validate[xml/signals/AAR-1946/appearance-PL-2-high.xml (pass=true)]" classname="jmri.implementation.SignalSystemFileCheckTest" time="0.131"/>
  <testcase name="validate[xml/signals/AAR-1946/appearance-CPL.xml (pass=true)]" classname="jmri.implementation.SignalSystemFileCheckTest" time="0.145"/>
  <testcase name="validate[xml/signals/AAR-1946/appearance-SL-2-high-abs.xml (pass=true)]" classname="jmri.implementation.SignalSystemFileCheckTest" time="0.13"/>
  <testcase name="validate[xml/signals/GWR-1931/aspects.xml (pass=true)]" classname="jmri.implementation.SignalSystemFileCheckTest" time="0.151"/>
  <testcase name="validate[xml/signals/GWR-1931/appearance-mast-3.xml (pass=true)]" classname="jmri.implementation.SignalSystemFileCheckTest" time="0.133"/>
  <testcase name="validate[xml/signals/GWR-1931/appearance-doll-3.xml (pass=true)]" classname="jmri.implementation.SignalSystemFileCheckTest" time="0.133"/>
  <testcase name="validate[xml/signals/GWR-1931/appearance-doll-2.xml (pass=true)]" classname="jmri.implementation.SignalSystemFileCheckTest" time="0.149"/>
  <testcase name="validate[xml/signals/GWR-1931/appearance-bracket-2.xml (pass=true)]" classname="jmri.implementation.SignalSystemFileCheckTest" time="0.148"/>
  <testcase name="validate[xml/signals/GWR-1931/appearance-mast-2.xml (pass=true)]" classname="jmri.implementation.SignalSystemFileCheckTest" time="0.146"/>
  <testcase name="validate[xml/signals/GWR-1931/appearance-bracket-3.xml (pass=true)]" classname="jmri.implementation.SignalSystemFileCheckTest" time="0.132"/>
  <testcase name="validate[xml/signals/GWR-1931/appearance-doll-2D.xml (pass=true)]" classname="jmri.implementation.SignalSystemFileCheckTest" time="0.131"/>
  <testcase name="validate[xml/signals/GWR-1931/appearance-bracket-2D.xml (pass=true)]" classname="jmri.implementation.SignalSystemFileCheckTest" time="0.154"/>
  <testcase name="validate[xml/signals/GWR-1931/appearance-mast-2D.xml (pass=true)]" classname="jmri.implementation.SignalSystemFileCheckTest" time="0.131"/>
  <testcase name="validate[xml/signals/GWR-1931/appearance-dwarf.xml (pass=true)]" classname="jmri.implementation.SignalSystemFileCheckTest" time="0.152"/>
  <testcase name="validate[xml/signals/BR-2003/appearance-2-h-c.xml (pass=true)]" classname="jmri.implementation.SignalSystemFileCheckTest" time="0.13"/>
  <testcase name="validate[xml/signals/BR-2003/appearance-2-h-sema-sub.xml (pass=true)]" classname="jmri.implementation.SignalSystemFileCheckTest" time="0.143"/>
  <testcase name="validate[xml/signals/BR-2003/appearance-2-h-d.xml (pass=true)]" classname="jmri.implementation.SignalSystemFileCheckTest" time="0.13"/>
  <testcase name="validate[xml/signals/BR-2003/appearance-2-h-sema.xml (pass=true)]" classname="jmri.implementation.SignalSystemFileCheckTest" time="0.133"/>
  <testcase name="validate[xml/signals/BR-2003/appearance-feather.xml (pass=true)]" classname="jmri.implementation.SignalSystemFileCheckTest" time="0.144"/>
  <testcase name="validate[xml/signals/BR-2003/appearance-2-d.xml (pass=true)]" classname="jmri.implementation.SignalSystemFileCheckTest" time="0.129"/>
  <testcase name="validate[xml/signals/BR-2003/appearance-3-i-c.xml (pass=true)]" classname="jmri.implementation.SignalSystemFileCheckTest" time="0.141"/>
  <testcase name="validate[xml/signals/BR-2003/appearance-2-h.xml (pass=true)]" classname="jmri.implementation.SignalSystemFileCheckTest" time="0.133"/>
  <testcase name="validate[xml/signals/BR-2003/appearance-3-c.xml (pass=true)]" classname="jmri.implementation.SignalSystemFileCheckTest" time="0.131"/>
  <testcase name="validate[xml/signals/BR-2003/appearance-plr.xml (pass=true)]" classname="jmri.implementation.SignalSystemFileCheckTest" time="0.145"/>
  <testcase name="validate[xml/signals/BR-2003/appearance-2-h-d-sema.xml (pass=true)]" classname="jmri.implementation.SignalSystemFileCheckTest" time="0.13"/>
  <testcase name="validate[xml/signals/BR-2003/appearance-4-i.xml (pass=true)]" classname="jmri.implementation.SignalSystemFileCheckTest" time="0.144"/>
  <testcase name="validate[xml/signals/BR-2003/appearance-3-i.xml (pass=true)]" classname="jmri.implementation.SignalSystemFileCheckTest" time="0.132"/>
  <testcase name="validate[xml/signals/BR-2003/appearance-buffer-stop.xml (pass=true)]" classname="jmri.implementation.SignalSystemFileCheckTest" time="0.131"/>
  <testcase name="validate[xml/signals/BR-2003/appearance-4-i-c.xml (pass=true)]" classname="jmri.implementation.SignalSystemFileCheckTest" time="0.144"/>
  <testcase name="validate[xml/signals/BR-2003/appearance-3.xml (pass=true)]" classname="jmri.implementation.SignalSystemFileCheckTest" time="0.13"/>
  <testcase name="validate[xml/signals/BR-2003/appearance-4-c.xml (pass=true)]" classname="jmri.implementation.SignalSystemFileCheckTest" time="0.131"/>
  <testcase name="validate[xml/signals/BR-2003/appearance-ply.xml (pass=true)]" classname="jmri.implementation.SignalSystemFileCheckTest" time="0.143"/>
  <testcase name="validate[xml/signals/BR-2003/appearance-4.xml (pass=true)]" classname="jmri.implementation.SignalSystemFileCheckTest" time="0.13"/>
  <testcase name="validate[xml/signals/BR-2003/appearance-2-d-sema.xml (pass=true)]" classname="jmri.implementation.SignalSystemFileCheckTest" time="0.141"/>
  <testcase name="validate[xml/signals/BR-2003/aspects.xml (pass=true)]" classname="jmri.implementation.SignalSystemFileCheckTest" time="0.129"/>
  <testcase name="validate[xml/signals/NS-2008/appearance-CLS-3-hi-p.xml (pass=true)]" classname="jmri.implementation.SignalSystemFileCheckTest" time="0.13"/>
  <testcase name="validate[xml/signals/NS-2008/appearance-CLS-3-3-3-hi.xml (pass=true)]" classname="jmri.implementation.SignalSystemFileCheckTest" time="0.143"/>
  <testcase name="validate[xml/signals/NS-2008/appearance-CLS-3-hi.xml (pass=true)]" classname="jmri.implementation.SignalSystemFileCheckTest" time="0.131"/>
  <testcase name="validate[xml/signals/NS-2008/aspects.xml (pass=true)]" classname="jmri.implementation.SignalSystemFileCheckTest" time="0.142"/>
  <testcase name="validate[xml/signals/NS-2008/appearance-171.xml (pass=true)]" classname="jmri.implementation.SignalSystemFileCheckTest" time="0.134"/>
  <testcase name="validate[xml/signals/NS-2008/appearance-CLS-3-lo.xml (pass=true)]" classname="jmri.implementation.SignalSystemFileCheckTest" time="0.131"/>
  <testcase name="validate[xml/signals/NS-2008/appearance-CLS-3-3-hi.xml (pass=true)]" classname="jmri.implementation.SignalSystemFileCheckTest" time="0.142"/>
  <testcase name="validate[xml/signals/NS-2008/appearance-CLS-3-3-lo.xml (pass=true)]" classname="jmri.implementation.SignalSystemFileCheckTest" time="0.131"/>
  <testcase name="validate[xml/signals/SOU-1981/appearance-1-light-dwarf.xml (pass=true)]" classname="jmri.implementation.SignalSystemFileCheckTest" time="0.13"/>
  <testcase name="validate[xml/signals/SOU-1981/appearance-CL-1-arm-absolute.xml (pass=true)]" classname="jmri.implementation.SignalSystemFileCheckTest" time="0.142"/>
  <testcase name="validate[xml/signals/SOU-1981/appearance-CL-2-arm-absolute.xml (pass=true)]" classname="jmri.implementation.SignalSystemFileCheckTest" time="0.134"/>
  <testcase name="validate[xml/signals/SOU-1981/appearance-CL-2-arm-highspace-absolute.xml (pass=true)]" classname="jmri.implementation.SignalSystemFileCheckTest" time="0.149"/>
  <testcase name="validate[xml/signals/SOU-1981/appearance-CL-1-arm-permissive.xml (pass=true)]" classname="jmri.implementation.SignalSystemFileCheckTest" time="0.131"/>
  <testcase name="validate[xml/signals/SOU-1981/appearance-2-light-dwarf.xml (pass=true)]" classname="jmri.implementation.SignalSystemFileCheckTest" time="0.132"/>
  <testcase name="validate[xml/signals/SOU-1981/appearance-CL-2-arm-permissive.xml (pass=true)]" classname="jmri.implementation.SignalSystemFileCheckTest" time="0.142"/>
  <testcase name="validate[xml/signals/SOU-1981/appearance-CL-3-arm-absolute.xml (pass=true)]" classname="jmri.implementation.SignalSystemFileCheckTest" time="0.13"/>
  <testcase name="validate[xml/signals/SOU-1981/appearance-1-light-dwarf-permissive.xml (pass=true)]" classname="jmri.implementation.SignalSystemFileCheckTest" time="0.132"/>
  <testcase name="validate[xml/signals/SOU-1981/aspects.xml (pass=true)]" classname="jmri.implementation.SignalSystemFileCheckTest" time="0.144"/>
  <testcase name="validate[xml/signals/DB-HV-1969/appearance-exit_distant.xml (pass=true)]" classname="jmri.implementation.SignalSystemFileCheckTest" time="0.135"/>
  <testcase name="validate[xml/signals/DB-HV-1969/appearance-block_distant_short.xml (pass=true)]" classname="jmri.implementation.SignalSystemFileCheckTest" time="0.156"/>
  <testcase name="validate[xml/signals/DB-HV-1969/appearance-entry_distant_short.xml (pass=true)]" classname="jmri.implementation.SignalSystemFileCheckTest" time="0.13"/>
  <testcase name="validate[xml/signals/DB-HV-1969/appearance-distant.xml (pass=true)]" classname="jmri.implementation.SignalSystemFileCheckTest" time="0.131"/>
  <testcase name="validate[xml/signals/DB-HV-1969/aspects.xml (pass=true)]" classname="jmri.implementation.SignalSystemFileCheckTest" time="0.142"/>
  <testcase name="validate[xml/signals/DB-HV-1969/appearance-block.xml (pass=true)]" classname="jmri.implementation.SignalSystemFileCheckTest" time="0.131"/>
  <testcase name="validate[xml/signals/DB-HV-1969/appearance-shunting_dwarf.xml (pass=true)]" classname="jmri.implementation.SignalSystemFileCheckTest" time="0.131"/>
  <testcase name="validate[xml/signals/DB-HV-1969/appearance-entry_distant.xml (pass=true)]" classname="jmri.implementation.SignalSystemFileCheckTest" time="0.151"/>
  <testcase name="validate[xml/signals/DB-HV-1969/appearance-entry.xml (pass=true)]" classname="jmri.implementation.SignalSystemFileCheckTest" time="0.13"/>
  <testcase name="validate[xml/signals/DB-HV-1969/appearance-distant_short.xml (pass=true)]" classname="jmri.implementation.SignalSystemFileCheckTest" time="0.131"/>
  <testcase name="validate[xml/signals/DB-HV-1969/appearance-exit_distant_short.xml (pass=true)]" classname="jmri.implementation.SignalSystemFileCheckTest" time="0.14"/>
  <testcase name="validate[xml/signals/DB-HV-1969/appearance-shunting.xml (pass=true)]" classname="jmri.implementation.SignalSystemFileCheckTest" time="0.132"/>
  <testcase name="validate[xml/signals/DB-HV-1969/appearance-exit.xml (pass=true)]" classname="jmri.implementation.SignalSystemFileCheckTest" time="0.142"/>
  <testcase name="validate[xml/signals/DB-HV-1969/appearance-distant_repeater.xml (pass=true)]" classname="jmri.implementation.SignalSystemFileCheckTest" time="0.13"/>
  <testcase name="validate[xml/signals/DB-HV-1969/appearance-block_distant.xml (pass=true)]" classname="jmri.implementation.SignalSystemFileCheckTest" time="0.131"/>
  <testcase name="validate[xml/signals/CSX-2014-Chessie/appearance-CO-3-hi.xml (pass=true)]" classname="jmri.implementation.SignalSystemFileCheckTest" time="0.144"/>
  <testcase name="validate[xml/signals/CSX-2014-Chessie/appearance-CO-1-3-hi.xml (pass=true)]" classname="jmri.implementation.SignalSystemFileCheckTest" time="0.13"/>
  <testcase name="validate[xml/signals/CSX-2014-Chessie/appearance-CO-1-3-2-hi.xml (pass=true)]" classname="jmri.implementation.SignalSystemFileCheckTest" time="0.133"/>
  <testcase name="validate[xml/signals/CSX-2014-Chessie/appearance-CO-3-3-3-hi.xml (pass=true)]" classname="jmri.implementation.SignalSystemFileCheckTest" time="0.143"/>
  <testcase name="validate[xml/signals/CSX-2014-Chessie/appearance-CO-3-lo.xml (pass=true)]" classname="jmri.implementation.SignalSystemFileCheckTest" time="0.13"/>
  <testcase name="validate[xml/signals/CSX-2014-Chessie/appearance-CO-1-3-1-hi.xml (pass=true)]" classname="jmri.implementation.SignalSystemFileCheckTest" time="0.131"/>
  <testcase name="validate[xml/signals/CSX-2014-Chessie/appearance-CO-3-3-2-hi.xml (pass=true)]" classname="jmri.implementation.SignalSystemFileCheckTest" time="0.151"/>
  <testcase name="validate[xml/signals/CSX-2014-Chessie/appearance-CO-3-1r-hi.xml (pass=true)]" classname="jmri.implementation.SignalSystemFileCheckTest" time="0.131"/>
  <testcase name="validate[xml/signals/CSX-2014-Chessie/appearance-CO-3-2-2-hi.xml (pass=true)]" classname="jmri.implementation.SignalSystemFileCheckTest" time="0.147"/>
  <testcase name="validate[xml/signals/CSX-2014-Chessie/appearance-CO-1-2-hi.xml (pass=true)]" classname="jmri.implementation.SignalSystemFileCheckTest" time="0.131"/>
  <testcase name="validate[xml/signals/CSX-2014-Chessie/appearance-CO-3-2-hi.xml (pass=true)]" classname="jmri.implementation.SignalSystemFileCheckTest" time="0.131"/>
  <testcase name="validate[xml/signals/CSX-2014-Chessie/appearance-CO-3-1y-hi.xml (pass=true)]" classname="jmri.implementation.SignalSystemFileCheckTest" time="0.152"/>
  <testcase name="validate[xml/signals/CSX-2014-Chessie/appearance-CO-1-lo.xml (pass=true)]" classname="jmri.implementation.SignalSystemFileCheckTest" time="0.133"/>
  <testcase name="validate[xml/signals/CSX-2014-Chessie/appearance-CO-3-3-1-hi.xml (pass=true)]" classname="jmri.implementation.SignalSystemFileCheckTest" time="0.131"/>
  <testcase name="validate[xml/signals/CSX-2014-Chessie/aspects.xml (pass=true)]" classname="jmri.implementation.SignalSystemFileCheckTest" time="0.146"/>
  <testcase name="validate[xml/signals/CSX-2014-Chessie/appearance-CO-3-1g-hi.xml (pass=true)]" classname="jmri.implementation.SignalSystemFileCheckTest" time="0.13"/>
  <testcase name="validate[xml/signals/CSX-2014-Chessie/appearance-CO-3p-lo.xml (pass=true)]" classname="jmri.implementation.SignalSystemFileCheckTest" time="0.131"/>
  <testcase name="validate[xml/signals/CSX-2014-Chessie/appearance-CO-3-3-lo.xml (pass=true)]" classname="jmri.implementation.SignalSystemFileCheckTest" time="0.141"/>
  <testcase name="validate[xml/signals/CSX-2014-Chessie/appearance-CO-3-3-hi.xml (pass=true)]" classname="jmri.implementation.SignalSystemFileCheckTest" time="0.13"/>
  <testcase name="validate[xml/signals/CSX-2014-Chessie/appearance-CO-1-3-3-hi.xml (pass=true)]" classname="jmri.implementation.SignalSystemFileCheckTest" time="0.142"/>
  <testcase name="validate[xml/signals/CSX-2014-Chessie/appearance-CO-1-2-2-hi.xml (pass=true)]" classname="jmri.implementation.SignalSystemFileCheckTest" time="0.13"/>
  <testcase name="validate[xml/signals/basic/aspects.xml (pass=true)]" classname="jmri.implementation.SignalSystemFileCheckTest" time="0.129"/>
  <testcase name="validate[xml/signals/basic/appearance-two-low.xml (pass=true)]" classname="jmri.implementation.SignalSystemFileCheckTest" time="0.147"/>
  <testcase name="validate[xml/signals/basic/appearance-one-searchlight.xml (pass=true)]" classname="jmri.implementation.SignalSystemFileCheckTest" time="0.131"/>
  <testcase name="validate[xml/signals/basic/appearance-two-searchlight.xml (pass=true)]" classname="jmri.implementation.SignalSystemFileCheckTest" time="0.132"/>
  <testcase name="validate[xml/signals/basic/appearance-one-low.xml (pass=true)]" classname="jmri.implementation.SignalSystemFileCheckTest" time="0.145"/>
  <testcase name="validate[xml/signals/B&amp;O-1957/appearance-SL-1-low.xml (pass=true)]" classname="jmri.implementation.SignalSystemFileCheckTest" time="0.13"/>
  <testcase name="validate[xml/signals/B&amp;O-1957/aspects.xml (pass=true)]" classname="jmri.implementation.SignalSystemFileCheckTest" time="0.131"/>
  <testcase name="validate[xml/signals/B&amp;O-1957/appearance-SL-1-high-abs.xml (pass=true)]" classname="jmri.implementation.SignalSystemFileCheckTest" time="0.143"/>
  <testcase name="validate[xml/signals/B&amp;O-1957/appearance-SL-2-low.xml (pass=true)]" classname="jmri.implementation.SignalSystemFileCheckTest" time="0.13"/>
  <testcase name="validate[xml/signals/B&amp;O-1957/appearance-SL-2-high-abs.xml (pass=true)]" classname="jmri.implementation.SignalSystemFileCheckTest" time="0.13"/>
  <testcase name="validate[xml/signals/B&amp;O-1957/appearance-PL-1-low.xml (pass=true)]" classname="jmri.implementation.SignalSystemFileCheckTest" time="0.143"/>
  <testcase name="validate[xml/signals/B&amp;O-1957/appearance-SL-2-high-pbs.xml (pass=true)]" classname="jmri.implementation.SignalSystemFileCheckTest" time="0.131"/>
  <testcase name="validate[xml/signals/B&amp;O-1957/appearance-PL-2-high.xml (pass=true)]" classname="jmri.implementation.SignalSystemFileCheckTest" time="0.143"/>
  <testcase name="validate[xml/signals/B&amp;O-1957/appearance-CPL.xml (pass=true)]" classname="jmri.implementation.SignalSystemFileCheckTest" time="0.147"/>
  <testcase name="validate[xml/signals/B&amp;O-1957/appearance-PL-1-high-abs.xml (pass=true)]" classname="jmri.implementation.SignalSystemFileCheckTest" time="0.134"/>
  <testcase name="validate[xml/signals/B&amp;O-1957/appearance-SL-3-high.xml (pass=true)]" classname="jmri.implementation.SignalSystemFileCheckTest" time="0.145"/>
  <testcase name="validate[xml/signals/B&amp;O-1957/appearance-CPLCW.xml (pass=true)]" classname="jmri.implementation.SignalSystemFileCheckTest" time="0.13"/>
  <testcase name="validate[xml/signals/B&amp;O-1957/appearance-SL-1-high-pbs.xml (pass=true)]" classname="jmri.implementation.SignalSystemFileCheckTest" time="0.129"/>
  <testcase name="validate[xml/signals/B&amp;O-1957/appearance-PL-1-high-pbs.xml (pass=true)]" classname="jmri.implementation.SignalSystemFileCheckTest" time="0.148"/>
  <testcase name="validate[xml/signals/ProRail-1954/appearance-Dwarf.xml (pass=true)]" classname="jmri.implementation.SignalSystemFileCheckTest" time="0.13"/>
  <testcase name="validate[xml/signals/ProRail-1954/appearance-High-Number.xml (pass=true)]" classname="jmri.implementation.SignalSystemFileCheckTest" time="0.131"/>
  <testcase name="validate[xml/signals/ProRail-1954/aspects.xml (pass=true)]" classname="jmri.implementation.SignalSystemFileCheckTest" time="0.143"/>
  <testcase name="validate[xml/signals/ProRail-1954/appearance-Approach.xml (pass=true)]" classname="jmri.implementation.SignalSystemFileCheckTest" time="0.13"/>
  <testcase name="validate[xml/signals/ProRail-1954/appearance-High.xml (pass=true)]" classname="jmri.implementation.SignalSystemFileCheckTest" time="0.13"/>
  <testcase name="validate[xml/signals/RG-1965/appearance-SL-2-high-abs.xml (pass=true)]" classname="jmri.implementation.SignalSystemFileCheckTest" time="0.151"/>
  <testcase name="validate[xml/signals/RG-1965/appearance-SL-2-low-abs.xml (pass=true)]" classname="jmri.implementation.SignalSystemFileCheckTest" time="0.13"/>
  <testcase name="validate[xml/signals/RG-1965/appearance-SL-1-high-abs.xml (pass=true)]" classname="jmri.implementation.SignalSystemFileCheckTest" time="0.131"/>
  <testcase name="validate[xml/signals/RG-1965/appearance-SL-3-high-abs.xml (pass=true)]" classname="jmri.implementation.SignalSystemFileCheckTest" time="0.141"/>
  <testcase name="validate[xml/signals/RG-1965/appearance-SL-1-low-abs.xml (pass=true)]" classname="jmri.implementation.SignalSystemFileCheckTest" time="0.13"/>
  <testcase name="validate[xml/signals/RG-1965/appearance-SL-3-high-pbs.xml (pass=true)]" classname="jmri.implementation.SignalSystemFileCheckTest" time="0.146"/>
  <testcase name="validate[xml/signals/RG-1965/appearance-SL-2-high-pbs.xml (pass=true)]" classname="jmri.implementation.SignalSystemFileCheckTest" time="0.131"/>
  <testcase name="validate[xml/signals/RG-1965/aspects.xml (pass=true)]" classname="jmri.implementation.SignalSystemFileCheckTest" time="0.131"/>
  <testcase name="validate[xml/signals/RG-1965/appearance-SL-2-low-pbs.xml (pass=true)]" classname="jmri.implementation.SignalSystemFileCheckTest" time="0.141"/>
  <testcase name="validate[xml/signals/RG-1965/appearance-SL-1-low-pbs.xml (pass=true)]" classname="jmri.implementation.SignalSystemFileCheckTest" time="0.13"/>
  <testcase name="validate[xml/signals/RG-1965/appearance-SL-1-high-pbs.xml (pass=true)]" classname="jmri.implementation.SignalSystemFileCheckTest" time="0.131"/>
  <testcase name="validate[xml/signals/UP-2008/appearance-SL-1C.xml (pass=true)]" classname="jmri.implementation.SignalSystemFileCheckTest" time="0.14"/>
  <testcase name="validate[xml/signals/UP-2008/appearance-SL-2D.xml (pass=true)]" classname="jmri.implementation.SignalSystemFileCheckTest" time="0.13"/>
  <testcase name="validate[xml/signals/UP-2008/appearance-SL-1L.xml (pass=true)]" classname="jmri.implementation.SignalSystemFileCheckTest" time="0.131"/>
  <testcase name="validate[xml/signals/UP-2008/appearance-SL-2C.xml (pass=true)]" classname="jmri.implementation.SignalSystemFileCheckTest" time="0.141"/>
  <testcase name="validate[xml/signals/UP-2008/appearance-SL-1A.xml (pass=true)]" classname="jmri.implementation.SignalSystemFileCheckTest" time="0.13"/>
  <testcase name="validate[xml/signals/UP-2008/appearance-SL-2R.xml (pass=true)]" classname="jmri.implementation.SignalSystemFileCheckTest" time="0.131"/>
  <testcase name="validate[xml/signals/UP-2008/appearance-SL-3S.xml (pass=true)]" classname="jmri.implementation.SignalSystemFileCheckTest" time="0.146"/>
  <testcase name="validate[xml/signals/UP-2008/appearance-SL-2SL.xml (pass=true)]" classname="jmri.implementation.SignalSystemFileCheckTest" time="0.13"/>
  <testcase name="validate[xml/signals/UP-2008/appearance-SL-1D.xml (pass=true)]" classname="jmri.implementation.SignalSystemFileCheckTest" time="0.13"/>
  <testcase name="validate[xml/signals/UP-2008/appearance-SL-1S.xml (pass=true)]" classname="jmri.implementation.SignalSystemFileCheckTest" time="0.146"/>
  <testcase name="validate[xml/signals/UP-2008/appearance-SL-3L2.xml (pass=true)]" classname="jmri.implementation.SignalSystemFileCheckTest" time="0.132"/>
  <testcase name="validate[xml/signals/UP-2008/aspects.xml (pass=true)]" classname="jmri.implementation.SignalSystemFileCheckTest" time="0.144"/>
  <testcase name="validate[xml/signals/UP-2008/appearance-SL-1R.xml (pass=true)]" classname="jmri.implementation.SignalSystemFileCheckTest" time="0.129"/>
  <testcase name="validate[xml/signals/UP-2008/appearance-SL-2S.xml (pass=true)]" classname="jmri.implementation.SignalSystemFileCheckTest" time="0.13"/>
  <testcase name="validate[xml/signals/UP-2008/appearance-SL-2AA.xml (pass=true)]" classname="jmri.implementation.SignalSystemFileCheckTest" time="0.142"/>
  <testcase name="validate[xml/signals/UP-2008/appearance-SL-3L3.xml (pass=true)]" classname="jmri.implementation.SignalSystemFileCheckTest" time="0.131"/>
  <testcase name="validate[xml/signals/UP-2008/appearance-SL-3C.xml (pass=true)]" classname="jmri.implementation.SignalSystemFileCheckTest" time="0.131"/>
  <testcase name="validate[xml/signals/UP-2008/appearance-SL-2A.xml (pass=true)]" classname="jmri.implementation.SignalSystemFileCheckTest" time="0.145"/>
  <testcase name="validate[xml/signals/UP-2008/appearance-SL-2L.xml (pass=true)]" classname="jmri.implementation.SignalSystemFileCheckTest" time="0.13"/>
  <testcase name="validate[xml/signals/UP-2008/appearance-SL-3A.xml (pass=true)]" classname="jmri.implementation.SignalSystemFileCheckTest" time="0.131"/>
  <testcase name="validate[xml/signals/BN-1989/appearance-SL-2S.xml (pass=true)]" classname="jmri.implementation.SignalSystemFileCheckTest" time="0.145"/>
  <testcase name="validate[xml/signals/BN-1989/appearance-SL-2R.xml (pass=true)]" classname="jmri.implementation.SignalSystemFileCheckTest" time="0.131"/>
  <testcase name="validate[xml/signals/BN-1989/appearance-SL-3L1.xml (pass=true)]" classname="jmri.implementation.SignalSystemFileCheckTest" time="0.133"/>
  <testcase name="validate[xml/signals/BN-1989/appearance-SL-1R.xml (pass=true)]" classname="jmri.implementation.SignalSystemFileCheckTest" time="0.142"/>
  <testcase name="validate[xml/signals/BN-1989/aspects.xml (pass=true)]" classname="jmri.implementation.SignalSystemFileCheckTest" time="0.129"/>
  <testcase name="validate[xml/signals/BN-1989/appearance-SL-1S.xml (pass=true)]" classname="jmri.implementation.SignalSystemFileCheckTest" time="0.144"/>
  <testcase name="validate[xml/signals/BN-1989/appearance-SL-2L.xml (pass=true)]" classname="jmri.implementation.SignalSystemFileCheckTest" time="0.13"/>
  <testcase name="validate[xml/signals/BN-1989/appearance-SL-1.xml (pass=true)]" classname="jmri.implementation.SignalSystemFileCheckTest" time="0.13"/>
  <testcase name="validate[xml/signals/BN-1989/appearance-SL-3N.xml (pass=true)]" classname="jmri.implementation.SignalSystemFileCheckTest" time="0.143"/>
  <testcase name="validate[xml/signals/BN-1989/appearance-SL-2.xml (pass=true)]" classname="jmri.implementation.SignalSystemFileCheckTest" time="0.133"/>
  <testcase name="validate[xml/signals/BN-1989/appearance-SL-3.xml (pass=true)]" classname="jmri.implementation.SignalSystemFileCheckTest" time="0.13"/>
  <testcase name="validate[xml/signals/BN-1989/appearance-SL-1L.xml (pass=true)]" classname="jmri.implementation.SignalSystemFileCheckTest" time="0.142"/>
  <testcase name="validate[xml/signals/BN-1989/appearance-SL-2N.xml (pass=true)]" classname="jmri.implementation.SignalSystemFileCheckTest" time="0.13"/>
  <testcase name="validate[xml/signals/BN-1989/appearance-SL-1N.xml (pass=true)]" classname="jmri.implementation.SignalSystemFileCheckTest" time="0.131"/>
  <testcase name="validate[xml/signals/BN-1989/appearance-SL-3S.xml (pass=true)]" classname="jmri.implementation.SignalSystemFileCheckTest" time="0.142"/>
  <testcase name="validate[xml/signals/BN-1989/appearance-SL-3L2.xml (pass=true)]" classname="jmri.implementation.SignalSystemFileCheckTest" time="0.131"/>
  <testcase name="validate[xml/signals/BNSF-1996/appearance-SE-2A.xml (pass=true)]" classname="jmri.implementation.SignalSystemFileCheckTest" time="0.132"/>
  <testcase name="validate[xml/signals/BNSF-1996/appearance-SL-2R.xml (pass=true)]" classname="jmri.implementation.SignalSystemFileCheckTest" time="0.152"/>
  <testcase name="validate[xml/signals/BNSF-1996/appearance-SL-1P.xml (pass=true)]" classname="jmri.implementation.SignalSystemFileCheckTest" time="0.132"/>
  <testcase name="validate[xml/signals/BNSF-1996/appearance-SL-2S.xml (pass=true)]" classname="jmri.implementation.SignalSystemFileCheckTest" time="0.13"/>
  <testcase name="validate[xml/signals/BNSF-1996/appearance-SL-1R.xml (pass=true)]" classname="jmri.implementation.SignalSystemFileCheckTest" time="0.157"/>
  <testcase name="validate[xml/signals/BNSF-1996/appearance-SE-3A.xml (pass=true)]" classname="jmri.implementation.SignalSystemFileCheckTest" time="0.13"/>
  <testcase name="validate[xml/signals/BNSF-1996/appearance-SE-1S.xml (pass=true)]" classname="jmri.implementation.SignalSystemFileCheckTest" time="0.144"/>
  <testcase name="validate[xml/signals/BNSF-1996/appearance-SE-1R.xml (pass=true)]" classname="jmri.implementation.SignalSystemFileCheckTest" time="0.13"/>
  <testcase name="validate[xml/signals/BNSF-1996/appearance-SL-2DL.xml (pass=true)]" classname="jmri.implementation.SignalSystemFileCheckTest" time="0.137"/>
  <testcase name="validate[xml/signals/BNSF-1996/appearance-SE-2S.xml (pass=true)]" classname="jmri.implementation.SignalSystemFileCheckTest" time="0.156"/>
  <testcase name="validate[xml/signals/BNSF-1996/appearance-SL-2SL.xml (pass=true)]" classname="jmri.implementation.SignalSystemFileCheckTest" time="0.131"/>
  <testcase name="validate[xml/signals/BNSF-1996/appearance-SL-3L3.xml (pass=true)]" classname="jmri.implementation.SignalSystemFileCheckTest" time="0.13"/>
  <testcase name="validate[xml/signals/BNSF-1996/appearance-SL-1D.xml (pass=true)]" classname="jmri.implementation.SignalSystemFileCheckTest" time="0.142"/>
  <testcase name="validate[xml/signals/BNSF-1996/appearance-SL-3L2.xml (pass=true)]" classname="jmri.implementation.SignalSystemFileCheckTest" time="0.13"/>
  <testcase name="validate[xml/signals/BNSF-1996/appearance-SE-2R.xml (pass=true)]" classname="jmri.implementation.SignalSystemFileCheckTest" time="0.131"/>
  <testcase name="validate[xml/signals/BNSF-1996/aspects.xml (pass=true)]" classname="jmri.implementation.SignalSystemFileCheckTest" time="0.141"/>
  <testcase name="validate[xml/signals/BNSF-1996/appearance-SL-1A.xml (pass=true)]" classname="jmri.implementation.SignalSystemFileCheckTest" time="0.13"/>
  <testcase name="validate[xml/signals/BNSF-1996/appearance-SE-1D.xml (pass=true)]" classname="jmri.implementation.SignalSystemFileCheckTest" time="0.131"/>
  <testcase name="validate[xml/signals/BNSF-1996/appearance-SE-2D.xml (pass=true)]" classname="jmri.implementation.SignalSystemFileCheckTest" time="0.151"/>
  <testcase name="validate[xml/signals/BNSF-1996/appearance-SL-2D.xml (pass=true)]" classname="jmri.implementation.SignalSystemFileCheckTest" time="0.13"/>
  <testcase name="validate[xml/signals/BNSF-1996/appearance-SL-1S.xml (pass=true)]" classname="jmri.implementation.SignalSystemFileCheckTest" time="0.131"/>
  <testcase name="validate[xml/signals/BNSF-1996/appearance-SE-1A.xml (pass=true)]" classname="jmri.implementation.SignalSystemFileCheckTest" time="0.141"/>
  <testcase name="validate[xml/signals/BNSF-1996/appearance-SL-3A.xml (pass=true)]" classname="jmri.implementation.SignalSystemFileCheckTest" time="0.131"/>
  <testcase name="validate[xml/signals/BNSF-1996/appearance-SL-2L.xml (pass=true)]" classname="jmri.implementation.SignalSystemFileCheckTest" time="0.143"/>
  <testcase name="validate[xml/signals/BNSF-1996/appearance-SL-2A.xml (pass=true)]" classname="jmri.implementation.SignalSystemFileCheckTest" time="0.13"/>
  <testcase name="validate[xml/signals/B&amp;O-1980/appearance-Semaphore-1Armwithmarker.xml (pass=true)]" classname="jmri.implementation.SignalSystemFileCheckTest" time="0.13"/>
  <testcase name="validate[xml/signals/B&amp;O-1980/appearance-Semaphore-2Arm.xml (pass=true)]" classname="jmri.implementation.SignalSystemFileCheckTest" time="0.141"/>
  <testcase name="validate[xml/signals/B&amp;O-1980/appearance-Semaphore-3Arm.xml (pass=true)]" classname="jmri.implementation.SignalSystemFileCheckTest" time="0.13"/>
  <testcase name="validate[xml/signals/B&amp;O-1980/appearance-CPL-High-NJInternational.xml (pass=true)]" classname="jmri.implementation.SignalSystemFileCheckTest" time="0.131"/>
  <testcase name="validate[xml/signals/B&amp;O-1980/appearance-CPL-Dwarf.xml (pass=true)]" classname="jmri.implementation.SignalSystemFileCheckTest" time="0.143"/>
  <testcase name="validate[xml/signals/B&amp;O-1980/appearance-CPL-High-permissive.xml (pass=true)]" classname="jmri.implementation.SignalSystemFileCheckTest" time="0.13"/>
  <testcase name="validate[xml/signals/B&amp;O-1980/appearance-Semaphore-1Arm.xml (pass=true)]" classname="jmri.implementation.SignalSystemFileCheckTest" time="0.13"/>
  <testcase name="validate[xml/signals/B&amp;O-1980/appearance-Semaphore-1ArmDwarf.xml (pass=true)]" classname="jmri.implementation.SignalSystemFileCheckTest" time="0.143"/>
  <testcase name="validate[xml/signals/B&amp;O-1980/appearance-CPL-High.xml (pass=true)]" classname="jmri.implementation.SignalSystemFileCheckTest" time="0.13"/>
  <testcase name="validate[xml/signals/B&amp;O-1980/aspects.xml (pass=true)]" classname="jmri.implementation.SignalSystemFileCheckTest" time="0.13"/>
  <testcase name="validate[xml/signals/CROR-2008/appearance-CROR-2-Lo.xml (pass=true)]" classname="jmri.implementation.SignalSystemFileCheckTest" time="0.144"/>
  <testcase name="validate[xml/signals/CROR-2008/appearance-CROR-2SL-Hi.xml (pass=true)]" classname="jmri.implementation.SignalSystemFileCheckTest" time="0.131"/>
  <testcase name="validate[xml/signals/CROR-2008/aspects.xml (pass=true)]" classname="jmri.implementation.SignalSystemFileCheckTest" time="0.13"/>
  <testcase name="validate[xml/signals/CROR-2008/appearance-CROR-1-Lo.xml (pass=true)]" classname="jmri.implementation.SignalSystemFileCheckTest" time="0.143"/>
  <testcase name="validate[xml/signals/CROR-2008/appearance-CROR-2O-Hi.xml (pass=true)]" classname="jmri.implementation.SignalSystemFileCheckTest" time="0.13"/>
  <testcase name="validate[xml/signals/CROR-2008/appearance-CROR-1-Hi.xml (pass=true)]" classname="jmri.implementation.SignalSystemFileCheckTest" time="0.133"/>
  <testcase name="validate[xml/signals/CROR-2008/appearance-CROR-3L-Hi.xml (pass=true)]" classname="jmri.implementation.SignalSystemFileCheckTest" time="0.146"/>
  <testcase name="validate[xml/signals/CROR-2008/appearance-CROR-2OL-Hi.xml (pass=true)]" classname="jmri.implementation.SignalSystemFileCheckTest" time="0.131"/>
  <testcase name="validate[xml/signals/CROR-2008/appearance-CROR-3-Hi.xml (pass=true)]" classname="jmri.implementation.SignalSystemFileCheckTest" time="0.15"/>
  <testcase name="validate[xml/signals/CROR-2008/appearance-CROR-2L-Lo.xml (pass=true)]" classname="jmri.implementation.SignalSystemFileCheckTest" time="0.129"/>
  <testcase name="validate[xml/signals/CROR-2008/appearance-CROR-2OD-Hi.xml (pass=true)]" classname="jmri.implementation.SignalSystemFileCheckTest" time="0.13"/>
  <testcase name="validate[xml/signals/CROR-2008/appearance-CROR-1A-Lo.xml (pass=true)]" classname="jmri.implementation.SignalSystemFileCheckTest" time="0.144"/>
  <testcase name="validate[xml/signals/CROR-2008/appearance-CROR-2S-Hi.xml (pass=true)]" classname="jmri.implementation.SignalSystemFileCheckTest" time="0.13"/>
  <testcase name="validate[xml/signals/CROR-2008/appearance-CROR-3A-Hi.xml (pass=true)]" classname="jmri.implementation.SignalSystemFileCheckTest" time="0.131"/>
  <testcase name="validate[xml/signals/CROR-2008/appearance-CROR-1A-Hi.xml (pass=true)]" classname="jmri.implementation.SignalSystemFileCheckTest" time="0.143"/>
  <testcase name="validate[xml/signals/CROR-2008/appearance-CROR-1R-Hi.xml (pass=true)]" classname="jmri.implementation.SignalSystemFileCheckTest" time="0.138"/>
  <testcase name="validate[xml/signals/CROR-2008/appearance-CROR-2D-Lo.xml (pass=true)]" classname="jmri.implementation.SignalSystemFileCheckTest" time="0.131"/>
  <testcase name="validate[xml/signals/CROR-2008/appearance-CROR-2SD-Hi.xml (pass=true)]" classname="jmri.implementation.SignalSystemFileCheckTest" time="0.142"/>
  <testcase name="validate[xml/signals/CROR-2008/appearance-CROR-1D-Lo.xml (pass=true)]" classname="jmri.implementation.SignalSystemFileCheckTest" time="0.13"/>
  <testcase name="validate[xml/signals/CROR-2008/appearance-CROR-3D-Hi.xml (pass=true)]" classname="jmri.implementation.SignalSystemFileCheckTest" time="0.13"/>
  <testcase name="validate[xml/signals/CFL-2014/appearance-Distant.xml (pass=true)]" classname="jmri.implementation.SignalSystemFileCheckTest" time="0.143"/>
  <testcase name="validate[xml/signals/CFL-2014/appearance-Repeater.xml (pass=true)]" classname="jmri.implementation.SignalSystemFileCheckTest" time="0.129"/>
  <testcase name="validate[xml/signals/CFL-2014/appearance-Perm.xml (pass=true)]" classname="jmri.implementation.SignalSystemFileCheckTest" time="0.143"/>
  <testcase name="validate[xml/signals/CFL-2014/appearance-Stop.xml (pass=true)]" classname="jmri.implementation.SignalSystemFileCheckTest" time="0.13"/>
  <testcase name="validate[xml/signals/CFL-2014/appearance-Block.xml (pass=true)]" classname="jmri.implementation.SignalSystemFileCheckTest" time="0.129"/>
  <testcase name="validate[xml/signals/CFL-2014/appearance-BlockS.xml (pass=true)]" classname="jmri.implementation.SignalSystemFileCheckTest" time="0.143"/>
  <testcase name="validate[xml/signals/CFL-2014/appearance-BlockR.xml (pass=true)]" classname="jmri.implementation.SignalSystemFileCheckTest" time="0.129"/>
  <testcase name="validate[xml/signals/CFL-2014/aspects.xml (pass=true)]" classname="jmri.implementation.SignalSystemFileCheckTest" time="0.129"/>
  <testcase name="validate[xml/signals/CFL-2014/appearance-Shunt.xml (pass=true)]" classname="jmri.implementation.SignalSystemFileCheckTest" time="0.141"/>
  <testcase name="validate[xml/signals/NYCS-1937/appearance-SL-2-high-pbs.xml (pass=true)]" classname="jmri.implementation.SignalSystemFileCheckTest" time="0.13"/>
  <testcase name="validate[xml/signals/NYCS-1937/appearance-SL-1-low.xml (pass=true)]" classname="jmri.implementation.SignalSystemFileCheckTest" time="0.129"/>
  <testcase name="validate[xml/signals/NYCS-1937/appearance-SL-1-manual-block.xml (pass=true)]" classname="jmri.implementation.SignalSystemFileCheckTest" time="0.14"/>
  <testcase name="validate[xml/signals/NYCS-1937/appearance-SL-2-low.xml (pass=true)]" classname="jmri.implementation.SignalSystemFileCheckTest" time="0.13"/>
  <testcase name="validate[xml/signals/NYCS-1937/appearance-SL-1-trainorder.xml (pass=true)]" classname="jmri.implementation.SignalSystemFileCheckTest" time="0.13"/>
  <testcase name="validate[xml/signals/NYCS-1937/appearance-SL-3-high.xml (pass=true)]" classname="jmri.implementation.SignalSystemFileCheckTest" time="0.145"/>
  <testcase name="validate[xml/signals/NYCS-1937/appearance-SL-2-high-abs.xml (pass=true)]" classname="jmri.implementation.SignalSystemFileCheckTest" time="0.129"/>
  <testcase name="validate[xml/signals/NYCS-1937/aspects.xml (pass=true)]" classname="jmri.implementation.SignalSystemFileCheckTest" time="0.129"/>
  <testcase name="validate[xml/signals/NYC-1956/appearance-SL-2-high-per.xml (pass=true)]" classname="jmri.implementation.SignalSystemFileCheckTest" time="0.141"/>
  <testcase name="validate[xml/signals/NYC-1956/aspects.xml (pass=true)]" classname="jmri.implementation.SignalSystemFileCheckTest" time="0.128"/>
  <testcase name="validate[xml/signals/NYC-1956/appearance-SL-3-high.xml (pass=true)]" classname="jmri.implementation.SignalSystemFileCheckTest" time="0.142"/>
  <testcase name="validate[xml/signals/NYC-1956/appearance-SL-2-high-abs.xml (pass=true)]" classname="jmri.implementation.SignalSystemFileCheckTest" time="0.13"/>
  <testcase name="validate[xml/signals/NYC-1956/appearance-SL-1-low.xml (pass=true)]" classname="jmri.implementation.SignalSystemFileCheckTest" time="0.129"/>
  <testcase name="validate[xml/signals/NYC-1956/appearance-SL-2-low.xml (pass=true)]" classname="jmri.implementation.SignalSystemFileCheckTest" time="0.147"/>
  <testcase name="validate[xml/signals/SPTCO-1960/appearance-SL-1-low.xml (pass=true)]" classname="jmri.implementation.SignalSystemFileCheckTest" time="0.131"/>
  <testcase name="validate[xml/signals/SPTCO-1960/appearance-SL-1-high-pbs.xml (pass=true)]" classname="jmri.implementation.SignalSystemFileCheckTest" time="0.131"/>
  <testcase name="validate[xml/signals/SPTCO-1960/appearance-SL-2-low.xml (pass=true)]" classname="jmri.implementation.SignalSystemFileCheckTest" time="0.146"/>
  <testcase name="validate[xml/signals/SPTCO-1960/aspects.xml (pass=true)]" classname="jmri.implementation.SignalSystemFileCheckTest" time="0.13"/>
  <testcase name="validate[xml/signals/SPTCO-1960/appearance-SL-2-high-abs.xml (pass=true)]" classname="jmri.implementation.SignalSystemFileCheckTest" time="0.131"/>
  <testcase name="validate[xml/signals/SPTCO-1960/appearance-SL-1-high-abs.xml (pass=true)]" classname="jmri.implementation.SignalSystemFileCheckTest" time="0.14"/>
  <testcase name="validate[xml/signals/SPTCO-1960/appearance-SL-3-high-pbs.xml (pass=true)]" classname="jmri.implementation.SignalSystemFileCheckTest" time="0.129"/>
  <testcase name="validate[xml/signals/SPTCO-1960/appearance-SL-2-high-pbs.xml (pass=true)]" classname="jmri.implementation.SignalSystemFileCheckTest" time="0.13"/>
  <testcase name="validate[xml/signals/SPTCO-1960/appearance-SL-1-low-D.xml (pass=true)]" classname="jmri.implementation.SignalSystemFileCheckTest" time="0.141"/>
  <testcase name="validate[xml/signals/SPTCO-1960/appearance-SL-1-low-P.xml (pass=true)]" classname="jmri.implementation.SignalSystemFileCheckTest" time="0.13"/>
  <testcase name="validate[xml/signals/B&amp;O-2009/appearance-boths.xml (pass=true)]" classname="jmri.implementation.SignalSystemFileCheckTest" time="0.129"/>
  <testcase name="validate[xml/signals/B&amp;O-2009/appearance-slow.xml (pass=true)]" classname="jmri.implementation.SignalSystemFileCheckTest" time="0.141"/>
  <testcase name="validate[xml/signals/B&amp;O-2009/appearance-fast1.xml (pass=true)]" classname="jmri.implementation.SignalSystemFileCheckTest" time="0.138"/>
  <testcase name="validate[xml/signals/B&amp;O-2009/appearance-full.xml (pass=true)]" classname="jmri.implementation.SignalSystemFileCheckTest" time="0.13"/>
  <testcase name="validate[xml/signals/B&amp;O-2009/appearance-fasts.xml (pass=true)]" classname="jmri.implementation.SignalSystemFileCheckTest" time="0.142"/>
  <testcase name="validate[xml/signals/B&amp;O-2009/appearance-fast.xml (pass=true)]" classname="jmri.implementation.SignalSystemFileCheckTest" time="0.129"/>
  <testcase name="validate[xml/signals/B&amp;O-2009/appearance-meds.xml (pass=true)]" classname="jmri.implementation.SignalSystemFileCheckTest" time="0.142"/>
  <testcase name="validate[xml/signals/B&amp;O-2009/appearance-bothm.xml (pass=true)]" classname="jmri.implementation.SignalSystemFileCheckTest" time="0.13"/>
  <testcase name="validate[xml/signals/B&amp;O-2009/appearance-med.xml (pass=true)]" classname="jmri.implementation.SignalSystemFileCheckTest" time="0.13"/>
  <testcase name="validate[xml/signals/B&amp;O-2009/appearance-med1.xml (pass=true)]" classname="jmri.implementation.SignalSystemFileCheckTest" time="0.142"/>
  <testcase name="validate[xml/signals/B&amp;O-2009/appearance-junm.xml (pass=true)]" classname="jmri.implementation.SignalSystemFileCheckTest" time="0.13"/>
  <testcase name="validate[xml/signals/B&amp;O-2009/appearance-junc.xml (pass=true)]" classname="jmri.implementation.SignalSystemFileCheckTest" time="0.131"/>
  <testcase name="validate[xml/signals/B&amp;O-2009/appearance-block.xml (pass=true)]" classname="jmri.implementation.SignalSystemFileCheckTest" time="0.143"/>
  <testcase name="validate[xml/signals/B&amp;O-2009/appearance-fastm.xml (pass=true)]" classname="jmri.implementation.SignalSystemFileCheckTest" time="0.13"/>
  <testcase name="validate[xml/signals/B&amp;O-2009/appearance-medm.xml (pass=true)]" classname="jmri.implementation.SignalSystemFileCheckTest" time="0.132"/>
  <testcase name="validate[xml/signals/B&amp;O-2009/aspects.xml (pass=true)]" classname="jmri.implementation.SignalSystemFileCheckTest" time="0.142"/>
  <testcase name="validate[xml/signals/SPTCO-1969/appearance-SL-1-G.xml (pass=true)]" classname="jmri.implementation.SignalSystemFileCheckTest" time="0.13"/>
  <testcase name="validate[xml/signals/SPTCO-1969/appearance-SE-1-G.xml (pass=true)]" classname="jmri.implementation.SignalSystemFileCheckTest" time="0.13"/>
  <testcase name="validate[xml/signals/SPTCO-1969/appearance-SH-1-A.xml (pass=true)]" classname="jmri.implementation.SignalSystemFileCheckTest" time="0.144"/>
  <testcase name="validate[xml/signals/SPTCO-1969/appearance-SH-2-A.xml (pass=true)]" classname="jmri.implementation.SignalSystemFileCheckTest" time="0.13"/>
  <testcase name="validate[xml/signals/SPTCO-1969/appearance-SL-1-P.xml (pass=true)]" classname="jmri.implementation.SignalSystemFileCheckTest" time="0.13"/>
  <testcase name="validate[xml/signals/SPTCO-1969/appearance-SL-1-D.xml (pass=true)]" classname="jmri.implementation.SignalSystemFileCheckTest" time="0.142"/>
  <testcase name="validate[xml/signals/SPTCO-1969/appearance-SE-1-PP.xml (pass=true)]" classname="jmri.implementation.SignalSystemFileCheckTest" time="0.13"/>
  <testcase name="validate[xml/signals/SPTCO-1969/appearance-SE-3-A.xml (pass=true)]" classname="jmri.implementation.SignalSystemFileCheckTest" time="0.143"/>
  <testcase name="validate[xml/signals/SPTCO-1969/appearance-SL-1-W.xml (pass=true)]" classname="jmri.implementation.SignalSystemFileCheckTest" time="0.13"/>
  <testcase name="validate[xml/signals/SPTCO-1969/appearance-SE-1-A.xml (pass=true)]" classname="jmri.implementation.SignalSystemFileCheckTest" time="0.13"/>
  <testcase name="validate[xml/signals/SPTCO-1969/appearance-SL-2-A.xml (pass=true)]" classname="jmri.implementation.SignalSystemFileCheckTest" time="0.141"/>
  <testcase name="validate[xml/signals/SPTCO-1969/appearance-SL-1-A.xml (pass=true)]" classname="jmri.implementation.SignalSystemFileCheckTest" time="0.129"/>
  <testcase name="validate[xml/signals/SPTCO-1969/appearance-SE-2-A.xml (pass=true)]" classname="jmri.implementation.SignalSystemFileCheckTest" time="0.13"/>
  <testcase name="validate[xml/signals/SPTCO-1969/appearance-SL-2-L.xml (pass=true)]" classname="jmri.implementation.SignalSystemFileCheckTest" time="0.141"/>
  <testcase name="validate[xml/signals/SPTCO-1969/appearance-SL-1-PP.xml (pass=true)]" classname="jmri.implementation.SignalSystemFileCheckTest" time="0.129"/>
  <testcase name="validate[xml/signals/SPTCO-1969/appearance-SL-3-L.xml (pass=true)]" classname="jmri.implementation.SignalSystemFileCheckTest" time="0.13"/>
  <testcase name="validate[xml/signals/SPTCO-1969/appearance-SE-2-P.xml (pass=true)]" classname="jmri.implementation.SignalSystemFileCheckTest" time="0.14"/>
  <testcase name="validate[xml/signals/SPTCO-1969/aspects.xml (pass=true)]" classname="jmri.implementation.SignalSystemFileCheckTest" time="0.129"/>
  <testcase name="validate[xml/signals/SPTCO-1969/appearance-SL-2-Y.xml (pass=true)]" classname="jmri.implementation.SignalSystemFileCheckTest" time="0.131"/>
  <testcase name="validate[xml/signals/CTC-MB/appearance-SL-2-head.xml (pass=true)]" classname="jmri.implementation.SignalSystemFileCheckTest" time="0.143"/>
  <testcase name="validate[xml/signals/CTC-MB/aspects.xml (pass=true)]" classname="jmri.implementation.SignalSystemFileCheckTest" time="0.129"/>
  <testcase name="validate[xml/signals/CTC-MB/appearance-DW-1-head.xml (pass=true)]" classname="jmri.implementation.SignalSystemFileCheckTest" time="0.131"/>
  <testcase name="validate[xml/signals/CTC-MB/appearance-SL-3-head.xml (pass=true)]" classname="jmri.implementation.SignalSystemFileCheckTest" time="0.14"/>
  <testcase name="validate[xml/signals/CTC-MB/appearance-SL-1-head.xml (pass=true)]" classname="jmri.implementation.SignalSystemFileCheckTest" time="0.13"/>
  <testcase name="validate[xml/signals/CTC-MB/appearance-DW-2-head.xml (pass=true)]" classname="jmri.implementation.SignalSystemFileCheckTest" time="0.13"/>
  <testcase name="validate[xml/signals/DanishSimplified/appearance-I.xml (pass=true)]" classname="jmri.implementation.SignalSystemFileCheckTest" time="0.141"/>
  <testcase name="validate[xml/signals/DanishSimplified/appearance-B2.xml (pass=true)]" classname="jmri.implementation.SignalSystemFileCheckTest" time="0.129"/>
  <testcase name="validate[xml/signals/DanishSimplified/aspects.xml (pass=true)]" classname="jmri.implementation.SignalSystemFileCheckTest" time="0.149"/>
  <testcase name="validate[xml/signals/DanishSimplified/appearance-B.xml (pass=true)]" classname="jmri.implementation.SignalSystemFileCheckTest" time="0.132"/>
  <testcase name="validate[xml/signals/DanishSimplified/appearance-feather.xml (pass=true)]" classname="jmri.implementation.SignalSystemFileCheckTest" time="0.132"/>
  <testcase name="validate[xml/signals/DanishSimplified/appearance-buffer-stop.xml (pass=true)]" classname="jmri.implementation.SignalSystemFileCheckTest" time="0.14"/>
  <testcase name="validate[xml/signals/NW-1981/appearance-SL-1-low-absolute.xml (pass=true)]" classname="jmri.implementation.SignalSystemFileCheckTest" time="0.13"/>
  <testcase name="validate[xml/signals/NW-1981/appearance-Wab-2-high-absolute.xml (pass=true)]" classname="jmri.implementation.SignalSystemFileCheckTest" time="0.129"/>
  <testcase name="validate[xml/signals/NW-1981/appearance-SL-2-high-absolute.xml (pass=true)]" classname="jmri.implementation.SignalSystemFileCheckTest" time="0.142"/>
  <testcase name="validate[xml/signals/NW-1981/appearance-SL-2-low-absolute.xml (pass=true)]" classname="jmri.implementation.SignalSystemFileCheckTest" time="0.13"/>
  <testcase name="validate[xml/signals/NW-1981/appearance-CPL-2-arm-permissive.xml (pass=true)]" classname="jmri.implementation.SignalSystemFileCheckTest" time="0.131"/>
  <testcase name="validate[xml/signals/NW-1981/appearance-CPL-2-arm-absolute.xml (pass=true)]" classname="jmri.implementation.SignalSystemFileCheckTest" time="0.141"/>
  <testcase name="validate[xml/signals/NW-1981/appearance-CPL-1-arm-permissive.xml (pass=true)]" classname="jmri.implementation.SignalSystemFileCheckTest" time="0.131"/>
  <testcase name="validate[xml/signals/NW-1981/appearance-SL-3-high-absolute.xml (pass=true)]" classname="jmri.implementation.SignalSystemFileCheckTest" time="0.13"/>
  <testcase name="validate[xml/signals/NW-1981/appearance-Wab-2-low-absolute.xml (pass=true)]" classname="jmri.implementation.SignalSystemFileCheckTest" time="0.144"/>
  <testcase name="validate[xml/signals/NW-1981/aspects.xml (pass=true)]" classname="jmri.implementation.SignalSystemFileCheckTest" time="0.134"/>
  <testcase name="validate[xml/signals/NW-1981/appearance-SL-1-high-permissive.xml (pass=true)]" classname="jmri.implementation.SignalSystemFileCheckTest" time="0.142"/>
  <testcase name="validate[xml/signals/NW-1981/appearance-SL-2-high-permissive.xml (pass=true)]" classname="jmri.implementation.SignalSystemFileCheckTest" time="0.157"/>
  <testcase name="validate[xml/signals/NW-1981/appearance-SL-1-low-permissive.xml (pass=true)]" classname="jmri.implementation.SignalSystemFileCheckTest" time="0.13"/>
  <testcase name="validate[xml/signals/NW-1981/appearance-CPL-Dwarf-permissive.xml (pass=true)]" classname="jmri.implementation.SignalSystemFileCheckTest" time="0.144"/>
  <testcase name="validate[xml/signals/NW-1981/appearance-CPL-Dwarf-absolute.xml (pass=true)]" classname="jmri.implementation.SignalSystemFileCheckTest" time="0.13"/>
  <testcase name="validate[xml/signals/NW-1981/appearance-SL-1-high-absolute.xml (pass=true)]" classname="jmri.implementation.SignalSystemFileCheckTest" time="0.13"/>
  <testcase name="validate[xml/signals/NW-1981/appearance-CPL-1-arm-absolute.xml (pass=true)]" classname="jmri.implementation.SignalSystemFileCheckTest" time="0.141"/>
  <testcase name="validate[xml/signals/WM-1980/appearance-USS-R2-1-arm-low-marker-permissive.xml (pass=true)]" classname="jmri.implementation.SignalSystemFileCheckTest" time="0.131"/>
  <testcase name="validate[xml/signals/WM-1980/appearance-WM-Dwarf-absolute.xml (pass=true)]" classname="jmri.implementation.SignalSystemFileCheckTest" time="0.13"/>
  <testcase name="validate[xml/signals/WM-1980/appearance-USS-R2-1-arm-absolute.xml (pass=true)]" classname="jmri.implementation.SignalSystemFileCheckTest" time="0.142"/>
  <testcase name="validate[xml/signals/WM-1980/appearance-USS-R2-1-arm-high-marker-absolute.xml (pass=true)]" classname="jmri.implementation.SignalSystemFileCheckTest" time="0.13"/>
  <testcase name="validate[xml/signals/WM-1980/appearance-USS-R2-2-arm-absolute.xml (pass=true)]" classname="jmri.implementation.SignalSystemFileCheckTest" time="0.132"/>
  <testcase name="validate[xml/signals/WM-1980/appearance-USS-R2-1-arm-permissive.xml (pass=true)]" classname="jmri.implementation.SignalSystemFileCheckTest" time="0.141"/>
  <testcase name="validate[xml/signals/WM-1980/aspects.xml (pass=true)]" classname="jmri.implementation.SignalSystemFileCheckTest" time="0.129"/>
  <testcase name="validate[xml/signals/WM-1980/appearance-USS-R2-1-arm-low-marker-absolute.xml (pass=true)]" classname="jmri.implementation.SignalSystemFileCheckTest" time="0.13"/>
  <testcase name="validate[xml/signals/InfraBel-2013/appearance-Block.xml (pass=true)]" classname="jmri.implementation.SignalSystemFileCheckTest" time="0.141"/>
  <testcase name="validate[xml/signals/InfraBel-2013/appearance-Dwarf.xml (pass=true)]" classname="jmri.implementation.SignalSystemFileCheckTest" time="0.13"/>
  <testcase name="validate[xml/signals/InfraBel-2013/appearance-Home2R.xml (pass=true)]" classname="jmri.implementation.SignalSystemFileCheckTest" time="0.13"/>
  <testcase name="validate[xml/signals/InfraBel-2013/appearance-Home2.xml (pass=true)]" classname="jmri.implementation.SignalSystemFileCheckTest" time="0.144"/>
  <testcase name="validate[xml/signals/InfraBel-2013/appearance-Home3R.xml (pass=true)]" classname="jmri.implementation.SignalSystemFileCheckTest" time="0.144"/>
  <testcase name="validate[xml/signals/InfraBel-2013/appearance-Home3.xml (pass=true)]" classname="jmri.implementation.SignalSystemFileCheckTest" time="0.143"/>
  <testcase name="validate[xml/signals/InfraBel-2013/aspects.xml (pass=true)]" classname="jmri.implementation.SignalSystemFileCheckTest" time="0.129"/>
  <testcase name="validate[xml/signals/InfraBel-2013/appearance-BlockR.xml (pass=true)]" classname="jmri.implementation.SignalSystemFileCheckTest" time="0.13"/>
  <testcase name="validate[xml/signals/InfraBel-2013/appearance-Distant.xml (pass=true)]" classname="jmri.implementation.SignalSystemFileCheckTest" time="0.141"/>
  <testcase name="validate[xml/signals/InfraBel-2013/appearance-DistantR.xml (pass=true)]" classname="jmri.implementation.SignalSystemFileCheckTest" time="0.13"/>
  <testcase name="validate[xml/signals/InfraBel-2013/appearance-Simple.xml (pass=true)]" classname="jmri.implementation.SignalSystemFileCheckTest" time="0.131"/>
  <testcase name="validate[xml/signals/LMS-1932/appearance-Junction.xml (pass=true)]" classname="jmri.implementation.SignalSystemFileCheckTest" time="0.141"/>
  <testcase name="validate[xml/signals/LMS-1932/aspects.xml (pass=true)]" classname="jmri.implementation.SignalSystemFileCheckTest" time="0.129"/>
  <testcase name="validate[xml/signals/LMS-1932/appearance-Junction-1959.xml (pass=true)]" classname="jmri.implementation.SignalSystemFileCheckTest" time="0.131"/>
  <testcase name="validate[xml/signals/LMS-1932/appearance-Split-Junction.xml (pass=true)]" classname="jmri.implementation.SignalSystemFileCheckTest" time="0.148"/>
  <testcase name="validate[xml/signals/LMS-1932/appearance-New.xml (pass=true)]" classname="jmri.implementation.SignalSystemFileCheckTest" time="0.13"/>
  <testcase name="validate[xml/signals/LMS-1932/appearance-Stop-1959.xml (pass=true)]" classname="jmri.implementation.SignalSystemFileCheckTest" time="0.13"/>
  <testcase name="validate[xml/signals/LMS-1932/appearance-Stop-1937.xml (pass=true)]" classname="jmri.implementation.SignalSystemFileCheckTest" time="0.142"/>
  <testcase name="validate[xml/signals/LMS-1932/appearance-New-1937.xml (pass=true)]" classname="jmri.implementation.SignalSystemFileCheckTest" time="0.129"/>
  <testcase name="validate[xml/signals/LMS-1932/appearance-Stop.xml (pass=true)]" classname="jmri.implementation.SignalSystemFileCheckTest" time="0.13"/>
  <testcase name="validate[xml/signals/LMS-1932/appearance-Split-Distant-1959.xml (pass=true)]" classname="jmri.implementation.SignalSystemFileCheckTest" time="0.143"/>
  <testcase name="validate[xml/signals/LMS-1932/appearance-Split-Distant.xml (pass=true)]" classname="jmri.implementation.SignalSystemFileCheckTest" time="0.132"/>
  <testcase name="validate[xml/signals/LMS-1932/appearance-Repeater-1937.xml (pass=true)]" classname="jmri.implementation.SignalSystemFileCheckTest" time="0.131"/>
  <testcase name="validate[xml/signals/LMS-1932/appearance-Split-Junction-1937.xml (pass=true)]" classname="jmri.implementation.SignalSystemFileCheckTest" time="0.143"/>
  <testcase name="validate[xml/signals/LMS-1932/appearance-Repeater.xml (pass=true)]" classname="jmri.implementation.SignalSystemFileCheckTest" time="0.131"/>
  <testcase name="validate[xml/signals/SPTCO-1930/appearance-SL-2-head.xml (pass=true)]" classname="jmri.implementation.SignalSystemFileCheckTest" time="0.141"/>
  <testcase name="validate[xml/signals/SPTCO-1930/appearance-DW-1-head.xml (pass=true)]" classname="jmri.implementation.SignalSystemFileCheckTest" time="0.13"/>
  <testcase name="validate[xml/signals/SPTCO-1930/appearance-SL-1-head.xml (pass=true)]" classname="jmri.implementation.SignalSystemFileCheckTest" time="0.13"/>
  <testcase name="validate[xml/signals/SPTCO-1930/aspects.xml (pass=true)]" classname="jmri.implementation.SignalSystemFileCheckTest" time="0.146"/>
  <testcase name="validate[xml/signals/SPTCO-1930/appearance-SL-3-head.xml (pass=true)]" classname="jmri.implementation.SignalSystemFileCheckTest" time="0.13"/>
  <testcase name="validate[xml/signals/SPTCO-1930/appearance-DW-2-head.xml (pass=true)]" classname="jmri.implementation.SignalSystemFileCheckTest" time="0.13"/>
  <testcase name="validate[xml/signals/B&amp;O-Semaphore/appearance-dwarf.xml (pass=true)]" classname="jmri.implementation.SignalSystemFileCheckTest" time="0.141"/>
  <testcase name="validate[xml/signals/B&amp;O-Semaphore/appearance-single.xml (pass=true)]" classname="jmri.implementation.SignalSystemFileCheckTest" time="0.13"/>
  <testcase name="validate[xml/signals/B&amp;O-Semaphore/appearance-bumper.xml (pass=true)]" classname="jmri.implementation.SignalSystemFileCheckTest" time="0.132"/>
  <testcase name="validate[xml/signals/B&amp;O-Semaphore/appearance-double.xml (pass=true)]" classname="jmri.implementation.SignalSystemFileCheckTest" time="0.142"/>
  <testcase name="validate[xml/signals/B&amp;O-Semaphore/appearance-triple.xml (pass=true)]" classname="jmri.implementation.SignalSystemFileCheckTest" time="0.13"/>
  <testcase name="validate[xml/signals/B&amp;O-Semaphore/aspects.xml (pass=true)]" classname="jmri.implementation.SignalSystemFileCheckTest" time="0.13"/>
  <testcase name="validate[xml/signals/sample-appearance.xml (pass=true)]" classname="jmri.implementation.SignalSystemFileCheckTest" time="0.143"/>
  <testcase name="validate[xml/signals/SLSF-1973/appearance-SL-3.xml (pass=true)]" classname="jmri.implementation.SignalSystemFileCheckTest" time="0.13"/>
  <testcase name="validate[xml/signals/SLSF-1973/appearance-SL-2-pbs.xml (pass=true)]" classname="jmri.implementation.SignalSystemFileCheckTest" time="0.13"/>
  <testcase name="validate[xml/signals/SLSF-1973/appearance-SL-1-grade.xml (pass=true)]" classname="jmri.implementation.SignalSystemFileCheckTest" time="0.146"/>
  <testcase name="validate[xml/signals/SLSF-1973/appearance-SL-1-pbs.xml (pass=true)]" classname="jmri.implementation.SignalSystemFileCheckTest" time="0.127"/>
  <testcase name="validate[xml/signals/SLSF-1973/appearance-SL-3-triangle.xml (pass=true)]" classname="jmri.implementation.SignalSystemFileCheckTest" time="0.141"/>
  <testcase name="validate[xml/signals/SLSF-1973/appearance-SL-2-grade.xml (pass=true)]" classname="jmri.implementation.SignalSystemFileCheckTest" time="0.13"/>
  <testcase name="validate[xml/signals/SLSF-1973/aspects.xml (pass=true)]" classname="jmri.implementation.SignalSystemFileCheckTest" time="0.129"/>
  <testcase name="validate[xml/signals/SLSF-1973/appearance-SL-2-triangle.xml (pass=true)]" classname="jmri.implementation.SignalSystemFileCheckTest" time="0.165"/>
  <testcase name="validate[xml/signals/SLSF-1973/appearance-SL-1-abs.xml (pass=true)]" classname="jmri.implementation.SignalSystemFileCheckTest" time="0.133"/>
  <testcase name="validate[xml/signals/SLSF-1973/appearance-SL-2-abs.xml (pass=true)]" classname="jmri.implementation.SignalSystemFileCheckTest" time="0.132"/>
  <testcase name="validate[xml/signals/Amtrak-2010/appearance-Double.xml (pass=true)]" classname="jmri.implementation.SignalSystemFileCheckTest" time="0.146"/>
  <testcase name="validate[xml/signals/Amtrak-2010/aspects.xml (pass=true)]" classname="jmri.implementation.SignalSystemFileCheckTest" time="0.129"/>
  <testcase name="validate[xml/signals/Amtrak-2010/appearance-Permissive.xml (pass=true)]" classname="jmri.implementation.SignalSystemFileCheckTest" time="0.146"/>
  <testcase name="validate[xml/signals/Amtrak-2010/appearance-Single.xml (pass=true)]" classname="jmri.implementation.SignalSystemFileCheckTest" time="0.141"/>
  <testcase name="validate[xml/signals/sample-aspects.xml (pass=true)]" classname="jmri.implementation.SignalSystemFileCheckTest" time="0.129"/>
  <testcase name="validate[xml/signals/signalSpeeds.xml (pass=true)]" classname="jmri.implementation.SignalSystemFileCheckTest" time="0.13"/>
  <testcase name="validate[xml/signals/CSD-1962-mechaniky/appearance-protection.xml (pass=true)]" classname="jmri.implementation.SignalSystemFileCheckTest" time="0.141"/>
  <testcase name="validate[xml/signals/CSD-1962-mechaniky/aspects.xml (pass=true)]" classname="jmri.implementation.SignalSystemFileCheckTest" time="0.13"/>
  <testcase name="validate[xml/signals/CSD-1962-mechaniky/appearance-block.xml (pass=true)]" classname="jmri.implementation.SignalSystemFileCheckTest" time="0.13"/>
  <testcase name="validate[xml/signals/CSD-1962-mechaniky/appearance-shunting.xml (pass=true)]" classname="jmri.implementation.SignalSystemFileCheckTest" time="0.143"/>
  <testcase name="validate[xml/signals/CSD-1962-mechaniky/appearance-entry_distant_auxiliary.xml (pass=true)]" classname="jmri.implementation.SignalSystemFileCheckTest" time="0.13"/>
  <testcase name="validate[xml/signals/CSD-1962-mechaniky/appearance-block_distant.xml (pass=true)]" classname="jmri.implementation.SignalSystemFileCheckTest" time="0.141"/>
  <testcase name="validate[xml/signals/CSD-1962-mechaniky/appearance-entry_distant.xml (pass=true)]" classname="jmri.implementation.SignalSystemFileCheckTest" time="0.129"/>
  <testcase name="validate[xml/signals/CSD-1962-mechaniky/appearance-embedded.xml (pass=true)]" classname="jmri.implementation.SignalSystemFileCheckTest" time="0.13"/>
  <testcase name="validate[xml/signals/CSD-1962-mechaniky/appearance-entry.xml (pass=true)]" classname="jmri.implementation.SignalSystemFileCheckTest" time="0.141"/>
  <testcase name="validate[xml/signals/CSD-1962-mechaniky/appearance-exit.xml (pass=true)]" classname="jmri.implementation.SignalSystemFileCheckTest" time="0.138"/>
  <testcase name="validate[xml/signals/CSD-1962-mechaniky/appearance-waiting.xml (pass=true)]" classname="jmri.implementation.SignalSystemFileCheckTest" time="0.135"/>
  <testcase name="validate[xml/signals/CSD-1962-mechaniky/appearance-entry_auxiliary.xml (pass=true)]" classname="jmri.implementation.SignalSystemFileCheckTest" time="0.142"/>
  <testcase name="validate[xml/signals/SZDC-2015-zakladni/appearance-block.xml (pass=true)]" classname="jmri.implementation.SignalSystemFileCheckTest" time="0.13"/>
  <testcase name="validate[xml/signals/SZDC-2015-zakladni/appearance-entry_distant.xml (pass=true)]" classname="jmri.implementation.SignalSystemFileCheckTest" time="0.13"/>
  <testcase name="validate[xml/signals/SZDC-2015-zakladni/appearance-block_distant.xml (pass=true)]" classname="jmri.implementation.SignalSystemFileCheckTest" time="0.145"/>
  <testcase name="validate[xml/signals/SZDC-2015-zakladni/appearance-exit.xml (pass=true)]" classname="jmri.implementation.SignalSystemFileCheckTest" time="0.13"/>
  <testcase name="validate[xml/signals/SZDC-2015-zakladni/appearance-abs.xml (pass=true)]" classname="jmri.implementation.SignalSystemFileCheckTest" time="0.13"/>
  <testcase name="validate[xml/signals/SZDC-2015-zakladni/appearance-entry.xml (pass=true)]" classname="jmri.implementation.SignalSystemFileCheckTest" time="0.142"/>
  <testcase name="validate[xml/signals/SZDC-2015-zakladni/appearance-entry_distant_repeater.xml (pass=true)]" classname="jmri.implementation.SignalSystemFileCheckTest" time="0.13"/>
  <testcase name="validate[xml/signals/SZDC-2015-zakladni/appearance-shunting.xml (pass=true)]" classname="jmri.implementation.SignalSystemFileCheckTest" time="0.13"/>
  <testcase name="validate[xml/signals/SZDC-2015-zakladni/appearance-intermediate.xml (pass=true)]" classname="jmri.implementation.SignalSystemFileCheckTest" time="0.141"/>
  <testcase name="validate[xml/signals/SZDC-2015-zakladni/aspects.xml (pass=true)]" classname="jmri.implementation.SignalSystemFileCheckTest" time="0.13"/>
  <testcase name="validate[xml/signals/CSD-1962-zakladni/appearance-abs4.xml (pass=true)]" classname="jmri.implementation.SignalSystemFileCheckTest" time="0.143"/>
  <testcase name="validate[xml/signals/CSD-1962-zakladni/appearance-abs.xml (pass=true)]" classname="jmri.implementation.SignalSystemFileCheckTest" time="0.132"/>
  <testcase name="validate[xml/signals/CSD-1962-zakladni/appearance-entry_distant.xml (pass=true)]" classname="jmri.implementation.SignalSystemFileCheckTest" time="0.13"/>
  <testcase name="validate[xml/signals/CSD-1962-zakladni/appearance-entry.xml (pass=true)]" classname="jmri.implementation.SignalSystemFileCheckTest" time="0.145"/>
  <testcase name="validate[xml/signals/CSD-1962-zakladni/appearance-entry_distant_repeater.xml (pass=true)]" classname="jmri.implementation.SignalSystemFileCheckTest" time="0.13"/>
  <testcase name="validate[xml/signals/CSD-1962-zakladni/appearance-block.xml (pass=true)]" classname="jmri.implementation.SignalSystemFileCheckTest" time="0.13"/>
  <testcase name="validate[xml/signals/CSD-1962-zakladni/aspects.xml (pass=true)]" classname="jmri.implementation.SignalSystemFileCheckTest" time="0.141"/>
  <testcase name="validate[xml/signals/CSD-1962-zakladni/appearance-exit.xml (pass=true)]" classname="jmri.implementation.SignalSystemFileCheckTest" time="0.13"/>
  <testcase name="validate[xml/signals/CSD-1962-zakladni/appearance-shunting.xml (pass=true)]" classname="jmri.implementation.SignalSystemFileCheckTest" time="0.129"/>
  <testcase name="validate[xml/signals/CSD-1962-zakladni/appearance-block_distant.xml (pass=true)]" classname="jmri.implementation.SignalSystemFileCheckTest" time="0.143"/>
  <testcase name="validate[xml/signals/CSD-1962-vlozena/appearance-entry_distant_repeater.xml (pass=true)]" classname="jmri.implementation.SignalSystemFileCheckTest" time="0.132"/>
  <testcase name="validate[xml/signals/CSD-1962-vlozena/appearance-shunting.xml (pass=true)]" classname="jmri.implementation.SignalSystemFileCheckTest" time="0.13"/>
  <testcase name="validate[xml/signals/CSD-1962-vlozena/appearance-hump.xml (pass=true)]" classname="jmri.implementation.SignalSystemFileCheckTest" time="0.141"/>
  <testcase name="validate[xml/signals/CSD-1962-vlozena/appearance-entry.xml (pass=true)]" classname="jmri.implementation.SignalSystemFileCheckTest" time="0.129"/>
  <testcase name="validate[xml/signals/CSD-1962-vlozena/appearance-exit.xml (pass=true)]" classname="jmri.implementation.SignalSystemFileCheckTest" time="0.131"/>
  <testcase name="validate[xml/signals/CSD-1962-vlozena/appearance-embedded.xml (pass=true)]" classname="jmri.implementation.SignalSystemFileCheckTest" time="0.146"/>
  <testcase name="validate[xml/signals/CSD-1962-vlozena/appearance-hump_repeater.xml (pass=true)]" classname="jmri.implementation.SignalSystemFileCheckTest" time="0.13"/>
  <testcase name="validate[xml/signals/CSD-1962-vlozena/aspects.xml (pass=true)]" classname="jmri.implementation.SignalSystemFileCheckTest" time="0.141"/>
  <testcase name="validate[xml/signals/CSD-1962-vlozena/appearance-entry_distant.xml (pass=true)]" classname="jmri.implementation.SignalSystemFileCheckTest" time="0.131"/>
  <testcase name="validate[xml/signals/CSD-1962-vlozena/appearance-shunting_repeater.xml (pass=true)]" classname="jmri.implementation.SignalSystemFileCheckTest" time="0.13"/>
  <testcase name="validate[xml/signals/CSD-1962-cestova/appearance-intermediate.xml (pass=true)]" classname="jmri.implementation.SignalSystemFileCheckTest" time="0.143"/>
  <testcase name="validate[xml/signals/CSD-1962-cestova/aspects.xml (pass=true)]" classname="jmri.implementation.SignalSystemFileCheckTest" time="0.129"/>
</testsuite>