<?xml version="1.0" encoding="UTF-8" ?>
<testsuite tests="9" failures="3" name="org.docksidestage.whitebox.job.WxJobManagerTest" time="20.231" errors="0" skipped="0">
  <properties>
    <property name="java.runtime.name" value="OpenJDK Runtime Environment"/>
    <property name="sun.boot.library.path" value="/usr/lib/jvm/java-8-openjdk-amd64/jre/lib/amd64"/>
    <property name="java.vm.version" value="25.121-b13"/>
    <property name="java.vm.vendor" value="Oracle Corporation"/>
    <property name="maven.multiModuleProjectDirectory" value="/root/workspace/lastaflute/lastaflute-test-fortress/383903291"/>
    <property name="java.vendor.url" value="http://java.oracle.com/"/>
    <property name="path.separator" value=":"/>
    <property name="guice.disable.misplaced.annotation.check" value="true"/>
    <property name="skip.gulp" value="true"/>
    <property name="java.vm.name" value="OpenJDK 64-Bit Server VM"/>
    <property name="file.encoding.pkg" value="sun.io"/>
    <property name="sun.java.launcher" value="SUN_STANDARD"/>
    <property name="sun.os.patch.level" value="unknown"/>
    <property name="findbugs.skip" value="true"/>
    <property name="java.vm.specification.name" value="Java Virtual Machine Specification"/>
    <property name="user.dir" value="/root/workspace/lastaflute/lastaflute-test-fortress/383903291"/>
    <property name="checkstyle.skip" value="true"/>
    <property name="java.runtime.version" value="1.8.0_121-8u121-b13-1~bpo8+1-b13"/>
    <property name="java.awt.graphicsenv" value="sun.awt.X11GraphicsEnvironment"/>
    <property name="skip.npm" value="true"/>
    <property name="java.endorsed.dirs" value="/usr/lib/jvm/java-8-openjdk-amd64/jre/lib/endorsed"/>
    <property name="os.arch" value="amd64"/>
    <property name="java.io.tmpdir" value="/tmp"/>
    <property name="gpg.skip" value="true"/>
    <property name="line.separator" value="
"/>
    <property name="java.vm.specification.vendor" value="Oracle Corporation"/>
    <property name="cobertura.skip" value="true"/>
    <property name="os.name" value="Linux"/>
    <property name="classworlds.conf" value="/usr/share/maven/bin/m2.conf"/>
    <property name="sun.jnu.encoding" value="UTF-8"/>
    <property name="java.library.path" value="/usr/java/packages/lib/amd64:/usr/lib/x86_64-linux-gnu/jni:/lib/x86_64-linux-gnu:/usr/lib/x86_64-linux-gnu:/usr/lib/jni:/lib:/usr/lib"/>
    <property name="license.skip" value="true"/>
    <property name="java.specification.name" value="Java Platform API Specification"/>
    <property name="java.class.version" value="52.0"/>
    <property name="sun.management.compiler" value="HotSpot 64-Bit Tiered Compilers"/>
    <property name="skip.bower" value="true"/>
    <property name="maven.repo.local" value="/root/./workspace/lastaflute/lastaflute-test-fortress/383903291/.m2"/>
    <property name="os.version" value="3.10.0-862.2.3.el7.x86_64"/>
    <property name="user.home" value="/root"/>
    <property name="user.timezone" value="Europe/Paris"/>
    <property name="java.awt.printerjob" value="sun.print.PSPrinterJob"/>
    <property name="java.specification.version" value="1.8"/>
    <property name="file.encoding" value="UTF-8"/>
    <property name="user.name" value="root"/>
    <property name="java.class.path" value="/usr/share/maven/boot/plexus-classworlds-2.5.2.jar"/>
    <property name="skipITs" value="true"/>
    <property name="java.vm.specification.version" value="1.8"/>
    <property name="sun.arch.data.model" value="64"/>
    <property name="java.home" value="/usr/lib/jvm/java-8-openjdk-amd64/jre"/>
    <property name="sun.java.command" value="org.codehaus.plexus.classworlds.launcher.Launcher -B -D enforcer.skip=true -D dependency-check.skip=true -D skipITs=true -D cobertura.skip=true -D maven.repo.local=/root/./workspace/lastaflute/lastaflute-test-fortress/383903291/.m2 -D rat.skip=true -D findbugs.skip=true -D skip.bower=true -D gpg.skip=true -D checkstyle.skip=true -D skip.gulp=true -D license.skip=true -D skip.npm=true test"/>
    <property name="java.specification.vendor" value="Oracle Corporation"/>
    <property name="user.language" value="en"/>
    <property name="awt.toolkit" value="sun.awt.X11.XToolkit"/>
    <property name="dependency-check.skip" value="true"/>
    <property name="java.vm.info" value="mixed mode"/>
    <property name="java.version" value="1.8.0_121"/>
    <property name="java.ext.dirs" value="/usr/lib/jvm/java-8-openjdk-amd64/jre/lib/ext:/usr/java/packages/lib/ext"/>
    <property name="securerandom.source" value="file:/dev/./urandom"/>
    <property name="sun.boot.class.path" value="/usr/lib/jvm/java-8-openjdk-amd64/jre/lib/resources.jar:/usr/lib/jvm/java-8-openjdk-amd64/jre/lib/rt.jar:/usr/lib/jvm/java-8-openjdk-amd64/jre/lib/sunrsasign.jar:/usr/lib/jvm/java-8-openjdk-amd64/jre/lib/jsse.jar:/usr/lib/jvm/java-8-openjdk-amd64/jre/lib/jce.jar:/usr/lib/jvm/java-8-openjdk-amd64/jre/lib/charsets.jar:/usr/lib/jvm/java-8-openjdk-amd64/jre/lib/jfr.jar:/usr/lib/jvm/java-8-openjdk-amd64/jre/classes"/>
    <property name="java.vendor" value="Oracle Corporation"/>
    <property name="enforcer.skip" value="true"/>
    <property name="rat.skip" value="true"/>
    <property name="maven.home" value="/usr/share/maven"/>
    <property name="file.separator" value="/"/>
    <property name="java.vendor.url.bug" value="http://bugreport.sun.com/bugreport/"/>
    <property name="sun.cpu.endian" value="little"/>
    <property name="sun.io.unicode.encoding" value="UnicodeLittle"/>
    <property name="sun.cpu.isalist" value=""/>
  </properties>
  <testcase classname="org.docksidestage.whitebox.job.WxJobManagerTest" name="test_reschedule_to_reschedule_to_launch_to_stop" time="0.772">
    <failure message="expected:&lt;SUCCESS&gt; but was:&lt;CAUSED_BY_APPLICATION&gt;" type="junit.framework.AssertionFailedError">junit.framework.AssertionFailedError: expected:&lt;SUCCESS&gt; but was:&lt;CAUSED_BY_APPLICATION&gt;
	at junit.framework.Assert.fail(Assert.java:47)
	at junit.framework.Assert.failNotEquals(Assert.java:283)
	at junit.framework.Assert.assertEquals(Assert.java:64)
	at junit.framework.Assert.assertEquals(Assert.java:71)
	at org.docksidestage.whitebox.job.WxJobManagerTest.test_reschedule_to_reschedule_to_launch_to_stop(WxJobManagerTest.java:92)
	at sun.reflect.NativeMethodAccessorImpl.invoke0(Native Method)
	at sun.reflect.NativeMethodAccessorImpl.invoke(NativeMethodAccessorImpl.java:62)
	at sun.reflect.DelegatingMethodAccessorImpl.invoke(DelegatingMethodAccessorImpl.java:43)
	at java.lang.reflect.Method.invoke(Method.java:498)
	at junit.framework.TestCase.runTest(TestCase.java:168)
	at org.dbflute.utflute.core.PlainTestCase.runTest(PlainTestCase.java:131)
	at junit.framework.TestCase.runBare(TestCase.java:134)
	at junit.framework.TestResult$1.protect(TestResult.java:110)
	at junit.framework.TestResult.runProtected(TestResult.java:128)
	at junit.framework.TestResult.run(TestResult.java:113)
	at junit.framework.TestCase.run(TestCase.java:124)
	at junit.framework.TestSuite.runTest(TestSuite.java:243)
	at junit.framework.TestSuite.run(TestSuite.java:238)
	at org.junit.internal.runners.JUnit38ClassRunner.run(JUnit38ClassRunner.java:83)
	at org.apache.maven.surefire.junit4.JUnit4Provider.execute(JUnit4Provider.java:252)
	at org.apache.maven.surefire.junit4.JUnit4Provider.executeTestSet(JUnit4Provider.java:141)
	at org.apache.maven.surefire.junit4.JUnit4Provider.invoke(JUnit4Provider.java:112)
	at sun.reflect.NativeMethodAccessorImpl.invoke0(Native Method)
	at sun.reflect.NativeMethodAccessorImpl.invoke(NativeMethodAccessorImpl.java:62)
	at sun.reflect.DelegatingMethodAccessorImpl.invoke(DelegatingMethodAccessorImpl.java:43)
	at java.lang.reflect.Method.invoke(Method.java:498)
	at org.apache.maven.surefire.util.ReflectionUtils.invokeMethodWithArray(ReflectionUtils.java:189)
	at org.apache.maven.surefire.booter.ProviderFactory$ProviderProxy.invoke(ProviderFactory.java:165)
	at org.apache.maven.surefire.booter.ProviderFactory.invokeProvider(ProviderFactory.java:85)
	at org.apache.maven.surefire.booter.ForkedBooter.runSuitesInProcess(ForkedBooter.java:115)
	at org.apache.maven.surefire.booter.ForkedBooter.main(ForkedBooter.java:75)
</failure>
    <system-out>2018-05-25 23:48:34,095 [main] INFO  (SmartDeployMode@setValue():62) - ...Setting smart deploy mode: warm
2018-05-25 23:48:34,096 [main] DEBUG (PlainTestCase@log():728) - 
2018-05-25 23:48:34,096 [main] DEBUG (PlainTestCase@log():729) - &lt;&lt;&lt; WxJobManagerTest.test_reschedule_to_reschedule_to_launch_to_stop() &gt;&gt;&gt;
2018-05-25 23:48:34,096 [main] DEBUG (PlainTestCase@log():735) - ...Recycling lasta_di as web-container: config=app.xml
2018-05-25 23:48:34,097 [main] INFO  (ObjectiveConfig@reloadIfNeeds():329) - ...Reloading objective config by HotDeploy request
2018-05-25 23:48:34,104 [main] DEBUG (LaTransaction@begin():69) - Begin transaction: [FormatId=4360, GlobalId=1527284912137/27, BranchId=]
2018-05-25 23:48:34,111 [main] DEBUG (LaLogger@log():118) - Registering component definition of class(org.docksidestage.app.logic.context.AccessContextLogic[context_accessContextLogic]).
2018-05-25 23:48:34,261 [main] INFO  (LastaJobStarter@showBoot():89) - [Job Scheduling]
2018-05-25 23:48:34,262 [main] INFO  (LastaJobStarter@showBoot():90) -  scheduler: org.docksidestage.app.job.AllJobScheduler@6dd91637
2018-05-25 23:48:34,262 [main] INFO  (LastaJobStarter@showBoot():91) -  jobRunner: LaJobRunner:{accessContext=org.docksidestage.app.job.AllJobScheduler$$Lambda$174/2000530216@45792847}@706cb08
2018-05-25 23:48:34,262 [main] INFO  (LastaJobStarter@showBoot():92) -  cron4j: org.lastaflute.job.cron4j.Cron4jScheduler@4e25147a
2018-05-25 23:48:34,262 [main] INFO  (LastaJobStarter@showBoot():95) -  (1) Cron4jJob:{mystic(seaJob_1), non-cron, Cron4jTask:{non-cron, org.docksidestage.app.job.SeaJob, WAIT, option:{hasJobUnique(mystic), noParams, INFO}}}@19569ebd
2018-05-25 23:48:34,264 [main] INFO  (LastaJobStarter@showBoot():95) -  (2) Cron4jJob:{oneman(landJob_2), non-cron, Cron4jTask:{non-cron, org.docksidestage.app.job.LandJob, QUIT, option:{hasJobUnique(oneman), noParams, INFO}}}@4632cfc
2018-05-25 23:48:34,264 [main] INFO  (LastaJobStarter@showBoot():95) -  (3) Cron4jJob:{piari(piariJob_3), non-cron, Cron4jTask:{non-cron, org.docksidestage.app.job.challenge.PiariJob, QUIT, option:{hasJobUnique(piari), hasParams, INFO}}}@6e1f8469
2018-05-25 23:48:34,265 [main] INFO  (LastaJobStarter@showBoot():95) -  (4) Cron4jJob:{bonvo(bonvoJob_4), non-cron, Cron4jTask:{non-cron, org.docksidestage.app.job.challenge.BonvoJob, ERROR, option:{hasJobUnique(bonvo), noParams, INFO}}}@2e380628
2018-05-25 23:48:34,265 [main] INFO  (LastaJobStarter@showBoot():95) -  (5) Cron4jJob:{dstore(dstoreJob_5), non-cron, Cron4jTask:{non-cron, org.docksidestage.app.job.challenge.DstoreJob, ERROR, option:{hasJobUnique(dstore), noParams, INFO}}}@3b6c624
2018-05-25 23:48:34,265 [main] INFO  (LastaJobStarter@showBoot():95) -  (6) Cron4jJob:{amba(ambaJob_6), non-cron, Cron4jTask:{non-cron, org.docksidestage.app.job.challenge.AmbaJob, ERROR, option:{hasJobUnique(amba), noParams, INFO}}}@1eaf1e62
2018-05-25 23:48:34,266 [main] INFO  (SimpleJobManager@showBootLogging():86) - [Job Manager]
2018-05-25 23:48:34,266 [main] INFO  (SimpleJobManager@showBootLogging():87) -  schedulingNow: Cron4jNow:{scheduled=6}@c81fd12
2018-05-25 23:48:34,267 [main] INFO  (DBFluteSystem@unlock():242) - ...Unlocking the DBFlute system
2018-05-25 23:48:34,267 [main] INFO  (DBFluteSystem@setFinalTimeZoneProvider():218) - ...Setting finalTimeZoneProvider: FortressCurtainBeforeHook$1:{Europe/Paris}
2018-05-25 23:48:34,267 [main] INFO  (DBFluteSystem@lock():232) - ...Locking the DBFlute system
2018-05-25 23:48:34,270 [main] DEBUG (LaLogger@log():118) - Registering component definition of class(org.docksidestage.app.web.base.login.FortressLoginAssist[base_login_fortressLoginAssist]).
2018-05-25 23:48:34,271 [main] DEBUG (SimpleRequestManager@handleLoginManagerNotFound():562) - *Forcedly found the concrete class of login manager: FortressLoginAssist in HotdeployClassLoader
2018-05-25 23:48:34,271 [main] DEBUG (FortressCurtainBeforeHook@whiteboxtest_findLoginManager():77) - findLoginManager() when booting: opt:{org.docksidestage.app.web.base.login.FortressLoginAssist@51e0301d}
2018-05-25 23:48:34,274 [main] INFO  (JobChangeLog@log():47) - #job ...Rescheduling seaJob_1 as cron from non-cron to &apos;0 0 1 1 0&apos;
2018-05-25 23:48:34,279 [main] INFO  (JobChangeLog@log():47) - #job ...Rescheduling seaJob_1 as cron from &apos;0 0 1 1 0&apos; to &apos;0 0 2 2 0&apos;
2018-05-25 23:48:34,280 [main] INFO  (JobChangeLog@log():47) - #job ...Launching now: option:{params=null}, Cron4jJob:{mystic(seaJob_1), 9e47e04b78faea5f37fdfb0500000163994658660a4f9533, Cron4jTask:{0 0 2 2 0, org.docksidestage.app.job.SeaJob, WAIT, option:{noJobUnique, noParams, INFO}}}@19569ebd
2018-05-25 23:48:34,284 [cron4j::54f66455] INFO  (ObjectiveConfig@reloadIfNeeds():329) - ...Reloading objective config by HotDeploy request
2018-05-25 23:48:34,285 [main] INFO  (JobChangeLog@log():47) - #job ...Stopping 1 execution(s) now: Cron4jJob:{mystic(seaJob_1), 9e47e04b78faea5f37fdfb0500000163994658660a4f9533, Cron4jTask:{0 0 2 2 0, org.docksidestage.app.job.SeaJob, WAIT, option:{noJobUnique, noParams, INFO}}}@19569ebd
2018-05-25 23:48:34,314 [job_mystic] INFO  (JobNoticeLog@log():40) - #flow #job ...Running job: 0 0 2 2 0 SeaJob@run() [mystic] #c263fbdd
2018-05-25 23:48:34,324 [job_mystic] DEBUG (LaLogger@log():118) - Registering component definition of class(org.docksidestage.app.job.SeaJob[seaJob]).
2018-05-25 23:48:34,325 [job_mystic] DEBUG (LaLogger@log():118) - Registering component definition of class(org.docksidestage.app.logic.DanceSongLogic[danceSongLogic]).
2018-05-25 23:48:34,328 [job_mystic] DEBUG (LaLogger@log():118) - Registering component definition of class(org.docksidestage.app.logic.env.ComedyRhythmLogicDevelopment[comedyRhythmLogicDevelopment]).
2018-05-25 23:48:34,329 [job_mystic] DEBUG (LaLogger@log():118) - Registering component definition of class(org.docksidestage.app.job.ItsMyPartyAssist[itsMyPartyAssist]).
2018-05-25 23:48:34,331 [job_mystic] DEBUG (LaTransaction@begin():69) - Begin transaction: [FormatId=4360, GlobalId=1527284912137/28, BranchId=]
2018-05-25 23:48:34,434 [job_mystic] DEBUG (XLog@log():43) - ...Initializing sqlExecution for the key &apos;member:selectEntity(MemberCB):Member&apos;
2018-05-25 23:48:34,554 [job_mystic] DEBUG (XLog@log():43) - SqlExecution Initialization Cost: [00m00s120ms]
2018-05-25 23:48:34,562 [job_mystic] DEBUG (XLog@log():43) - /===========================================================================
2018-05-25 23:48:34,562 [job_mystic] DEBUG (XLog@log():43) -                                                       MemberBhv.selectByPK()
2018-05-25 23:48:34,562 [job_mystic] DEBUG (XLog@log():43) -                                                       =====================/
2018-05-25 23:48:34,562 [job_mystic] DEBUG (XLog@log():43) - SeaJob.lambda$run$0():59 -&gt; ...
2018-05-25 23:48:34,807 [job_mystic] DEBUG (LaTransaction@rollback():353) - Rollback transaction: [FormatId=4360, GlobalId=1527284912137/28, BranchId=]
2018-05-25 23:48:34,809 [job_mystic] WARN  (ExceptionTranslator@warnSQLFailureState():144) - Look! Read the message below.
/* * * * * * * * * * * * * * * * * * * * * * * * * * * * * * * * * *
SQL Failure State, here!

[Advice]
This state is for the SQL failure exception: #1a5a069

[ConnectionPool View]
org.lastaflute.db.dbcp.HookedConnectionPool@7a8464fb
freePool=0, activePool=0, txActivePool=0
(no transaction)
org.lastaflute.db.dbcp.HookedConnectionPool@560e252a
freePool=0, activePool=0, txActivePool=0
(no transaction)
* * * * * * * * * */
2018-05-25 23:48:34,816 [job_mystic] ERROR (JobErrorLog@log():37) - #flow #job Failed to run the job process:
/= = = = = = = = = = = = = = = = = = = = = = = = = = = = = = = = = = =: org.docksidestage.app.job.SeaJob
  jobRuntime=Cron4jRuntime:{seaJob_1, mystic, 0 0 2 2 0, SeaJob@run(), params={}}@1f152414
  ; accessContext=AccessContext:{localDateTimeProvider=org.docksidestage.app.logic.context.AccessContextLogic$$Lambda$230/1297341872@381565a9, userProvider=org.docksidestage.app.logic.context.AccessContextLogic$$Lambda$231/1615664779@4aa0efa8}
  ; callbackContext=CallbackContext:{behaviorCommandHook=null, sqlFireHook=RomanticTraceableSqlFireHook@75ec4621, sqlLogHandler=null, sqlResultHandler=RomanticTraceableSqlResultHandler@43efe90c, sqlStringFilter=RomanticTraceableSqlStringFilter@50c4e4f5}
  ; sqlCount={total=1, selectCB=1, entityUpdate=0, queryUpdate=0, outsideSql=0, procedure=0}
  ; transactionMemories=wholeShow:  
  *RomanticTransaction@48626b2d
  &lt;&lt; Transaction Current State &gt;&gt;
  beginning time: 2018/05/25 23:48:34.331
  ending: rollback
  &lt;&lt; Transaction Recent Result &gt;&gt;
  1. (2018/05/25 23:48:34.563) [*unknown cost] MEMBER@selectEntity =&gt; Member:{}
= = = = = = = = = =/ [00m00s493ms] #1a5a069
org.dbflute.exception.SQLFailureException: Look! Read the message below.
/* * * * * * * * * * * * * * * * * * * * * * * * * * * * * * * * * *
Failed to get database connection.

[Advice]
Read the SQLException message.
*And also check the MySQL bootstrap and network.

[SQLState]
08S01

[ErrorCode]
0

[SQLException]
com.mysql.jdbc.exceptions.jdbc4.CommunicationsException
Communications link failure

The last packet sent successfully to the server was 0 milliseconds ago. The driver has not received any packets from the server.

[Behavior]
SeaJob.lambda$run$0():59 -&gt; MemberBhv.selectByPK()

[ConditionBean]
org.docksidestage.dbflute.cbean.MemberCB

[Display SQL]
select dfloc.MEMBER_ID as MEMBER_ID, dfloc.MEMBER_NAME as MEMBER_NAME, dfloc.MEMBER_ACCOUNT as MEMBER_ACCOUNT, dfloc.MEMBER_STATUS_CODE as MEMBER_STATUS_CODE, dfloc.FORMALIZED_DATETIME as FORMALIZED_DATETIME, dfloc.BIRTHDATE as BIRTHDATE, dfloc.REGISTER_DATETIME as REGISTER_DATETIME, dfloc.REGISTER_USER as REGISTER_USER, dfloc.UPDATE_DATETIME as UPDATE_DATETIME, dfloc.UPDATE_USER as UPDATE_USER, dfloc.VERSION_NO as VERSION_NO
  from MEMBER dfloc
 where dfloc.MEMBER_ID = 3
-- org.docksidestage.app.job.SeaJob@run()
* * * * * * * * * */
	at org.dbflute.bhv.exception.SQLExceptionHandler.throwSQLFailureException(SQLExceptionHandler.java:106)
	at org.dbflute.bhv.exception.SQLExceptionHandler.handleSQLException(SQLExceptionHandler.java:63)
	at org.dbflute.s2dao.sqlhandler.TnAbstractBasicSqlHandler.handleSQLException(TnAbstractBasicSqlHandler.java:378)
	at org.dbflute.s2dao.sqlhandler.TnAbstractBasicSqlHandler.getConnection(TnAbstractBasicSqlHandler.java:426)
	at org.dbflute.s2dao.sqlhandler.TnBasicParameterHandler.execute(TnBasicParameterHandler.java:44)
	at org.dbflute.s2dao.sqlcommand.TnAbstractTwoWaySqlCommand.execute(TnAbstractTwoWaySqlCommand.java:57)
	at org.dbflute.bhv.core.execution.SelectCBExecution.superExecute(SelectCBExecution.java:86)
	at org.dbflute.bhv.core.execution.SelectCBExecution.execute(SelectCBExecution.java:82)
	at org.dbflute.bhv.core.BehaviorCommandInvoker.executeSql(BehaviorCommandInvoker.java:424)
	at org.dbflute.bhv.core.BehaviorCommandInvoker.dispatchInvoking(BehaviorCommandInvoker.java:240)
	at org.dbflute.bhv.core.BehaviorCommandInvoker.invoke(BehaviorCommandInvoker.java:166)
	at org.dbflute.bhv.AbstractBehaviorReadable.invoke(AbstractBehaviorReadable.java:1577)
	at org.dbflute.bhv.AbstractBehaviorReadable.delegateSelectEntity(AbstractBehaviorReadable.java:1365)
	at org.dbflute.bhv.AbstractBehaviorReadable.helpSelectEntityInternally(AbstractBehaviorReadable.java:212)
	at org.dbflute.bhv.AbstractBehaviorReadable.doSelectEntity(AbstractBehaviorReadable.java:188)
	at org.docksidestage.dbflute.bsbhv.BsMemberBhv.doSelectByPK(BsMemberBhv.java:190)
	at org.docksidestage.dbflute.bsbhv.BsMemberBhv.doSelectOptionalByPK(BsMemberBhv.java:194)
	at org.docksidestage.dbflute.bsbhv.BsMemberBhv.facadeSelectByPK(BsMemberBhv.java:186)
	at org.docksidestage.dbflute.bsbhv.BsMemberBhv.selectByPK(BsMemberBhv.java:182)
	at org.docksidestage.app.job.SeaJob.lambda$run$0(SeaJob.java:59)
	at org.lastaflute.db.jta.stage.JTATransactionStage.performTx(JTATransactionStage.java:102)
	at org.lastaflute.db.jta.stage.JTATransactionStage.lambda$requiresNew$1(JTATransactionStage.java:59)
	at org.lastaflute.di.tx.adapter.JTATransactionManagerAdapter.requiresNew(JTATransactionManagerAdapter.java:73)
	at org.lastaflute.db.jta.stage.JTATransactionStage.requiresNew(JTATransactionStage.java:58)
	at org.docksidestage.app.job.SeaJob.run(SeaJob.java:58)
	at org.lastaflute.job.LaJobRunner.actuallyRun(LaJobRunner.java:265)
	at org.lastaflute.job.LaJobRunner.doRun(LaJobRunner.java:232)
	at org.lastaflute.job.LaJobRunner.run(LaJobRunner.java:191)
	at org.lastaflute.job.cron4j.Cron4jTask.runJob(Cron4jTask.java:371)
	at org.lastaflute.job.cron4j.Cron4jTask.actuallyExecute(Cron4jTask.java:355)
	at org.lastaflute.job.cron4j.Cron4jTask.lambda$doExecute$6(Cron4jTask.java:258)
	at org.lastaflute.job.cron4j.Cron4jTask.synchronizedNeighborRunning(Cron4jTask.java:328)
	at org.lastaflute.job.cron4j.Cron4jTask.doExecute(Cron4jTask.java:246)
	at org.lastaflute.job.cron4j.Cron4jTask.execute(Cron4jTask.java:151)
	at it.sauronsoftware.cron4j.RomanticCron4jNativeTaskExecutor$RomanticRunner.run(RomanticCron4jNativeTaskExecutor.java:121)
	at java.lang.Thread.run(Thread.java:745)
Caused by: com.mysql.jdbc.exceptions.jdbc4.CommunicationsException: Communications link failure

The last packet sent successfully to the server was 0 milliseconds ago. The driver has not received any packets from the server.
	at sun.reflect.NativeConstructorAccessorImpl.newInstance0(Native Method)
	at sun.reflect.NativeConstructorAccessorImpl.newInstance(NativeConstructorAccessorImpl.java:62)
	at sun.reflect.DelegatingConstructorAccessorImpl.newInstance(DelegatingConstructorAccessorImpl.java:45)
	at java.lang.reflect.Constructor.newInstance(Constructor.java:423)
	at com.mysql.jdbc.Util.handleNewInstance(Util.java:404)
	at com.mysql.jdbc.SQLError.createCommunicationsException(SQLError.java:983)
	at com.mysql.jdbc.MysqlIO.&lt;init&gt;(MysqlIO.java:339)
	at com.mysql.jdbc.ConnectionImpl.coreConnect(ConnectionImpl.java:2252)
	at com.mysql.jdbc.ConnectionImpl.connectOneTryOnly(ConnectionImpl.java:2285)
	at com.mysql.jdbc.ConnectionImpl.createNewIO(ConnectionImpl.java:2084)
	at com.mysql.jdbc.ConnectionImpl.&lt;init&gt;(ConnectionImpl.java:795)
	at com.mysql.jdbc.JDBC4Connection.&lt;init&gt;(JDBC4Connection.java:44)
	at sun.reflect.NativeConstructorAccessorImpl.newInstance0(Native Method)
	at sun.reflect.NativeConstructorAccessorImpl.newInstance(NativeConstructorAccessorImpl.java:62)
	at sun.reflect.DelegatingConstructorAccessorImpl.newInstance(DelegatingConstructorAccessorImpl.java:45)
	at java.lang.reflect.Constructor.newInstance(Constructor.java:423)
	at com.mysql.jdbc.Util.handleNewInstance(Util.java:404)
	at com.mysql.jdbc.ConnectionImpl.getInstance(ConnectionImpl.java:400)
	at com.mysql.jdbc.NonRegisteringDriver.connect(NonRegisteringDriver.java:327)
	at java.sql.DriverManager.getConnection(DriverManager.java:664)
	at java.sql.DriverManager.getConnection(DriverManager.java:208)
	at org.lastaflute.jta.dbcp.SimpleXADataSource.getXAConnection(SimpleXADataSource.java:105)
	at org.lastaflute.jta.dbcp.SimpleXADataSource.getXAConnection(SimpleXADataSource.java:90)
	at org.lastaflute.db.dbcp.HookedXADataSource.getXAConnection(HookedXADataSource.java:90)
	at org.lastaflute.jta.dbcp.SimpleConnectionPool.createConnection(SimpleConnectionPool.java:273)
	at org.lastaflute.jta.dbcp.SimpleConnectionPool.checkOut(SimpleConnectionPool.java:162)
	at org.lastaflute.jta.dbcp.PooledDataSource.getConnection(PooledDataSource.java:53)
	at org.dbflute.s2dao.sqlhandler.TnAbstractBasicSqlHandler.getConnection(TnAbstractBasicSqlHandler.java:421)
	... 32 more
Caused by: java.net.ConnectException: Connection refused (Connection refused)
	at java.net.PlainSocketImpl.socketConnect(Native Method)
	at java.net.AbstractPlainSocketImpl.doConnect(AbstractPlainSocketImpl.java:350)
	at java.net.AbstractPlainSocketImpl.connectToAddress(AbstractPlainSocketImpl.java:206)
	at java.net.AbstractPlainSocketImpl.connect(AbstractPlainSocketImpl.java:188)
	at java.net.SocksSocketImpl.connect(SocksSocketImpl.java:392)
	at java.net.Socket.connect(Socket.java:589)
	at com.mysql.jdbc.StandardSocketFactory.connect(StandardSocketFactory.java:214)
	at com.mysql.jdbc.MysqlIO.&lt;init&gt;(MysqlIO.java:298)
	... 53 more
2018-05-25 23:48:34,820 [job_mystic] INFO  (JobNoticeLog@log():40) - #flow #job ...Finishing job: SeaJob@run() [mystic] #c263fbdd
[Job Result]
 beginTime: 2018-05-25 23:48:34.300
 performanceView: 00m00s497ms
 sqlCount: {total=1, selectCB=1, entityUpdate=0, queryUpdate=0, outsideSql=0, procedure=0}
 runtime: Cron4jRuntime:{seaJob_1, mystic, 0 0 2 2 0, SeaJob@run(), params={}}@1f152414
 cause: SQLFailureException *Read the exception message! 1a5a069


2018-05-25 23:48:34,822 [job_mystic] INFO  (ObjectiveConfig@reloadIfNeeds():329) - ...Reloading objective config by HotDeploy request
2018-05-25 23:48:34,854 [main] DEBUG (PlainTestCase@log():733) - Failed to finish the test: WxJobManagerTest.test_reschedule_to_reschedule_to_launch_to_stop()
junit.framework.AssertionFailedError: expected:&lt;SUCCESS&gt; but was:&lt;CAUSED_BY_APPLICATION&gt;
	at junit.framework.Assert.fail(Assert.java:47)
	at junit.framework.Assert.failNotEquals(Assert.java:283)
	at junit.framework.Assert.assertEquals(Assert.java:64)
	at junit.framework.Assert.assertEquals(Assert.java:71)
	at org.docksidestage.whitebox.job.WxJobManagerTest.test_reschedule_to_reschedule_to_launch_to_stop(WxJobManagerTest.java:92)
	at sun.reflect.NativeMethodAccessorImpl.invoke0(Native Method)
	at sun.reflect.NativeMethodAccessorImpl.invoke(NativeMethodAccessorImpl.java:62)
	at sun.reflect.DelegatingMethodAccessorImpl.invoke(DelegatingMethodAccessorImpl.java:43)
	at java.lang.reflect.Method.invoke(Method.java:498)
	at junit.framework.TestCase.runTest(TestCase.java:168)
	at org.dbflute.utflute.core.PlainTestCase.runTest(PlainTestCase.java:131)
	at junit.framework.TestCase.runBare(TestCase.java:134)
	at junit.framework.TestResult$1.protect(TestResult.java:110)
	at junit.framework.TestResult.runProtected(TestResult.java:128)
	at junit.framework.TestResult.run(TestResult.java:113)
	at junit.framework.TestCase.run(TestCase.java:124)
	at junit.framework.TestSuite.runTest(TestSuite.java:243)
	at junit.framework.TestSuite.run(TestSuite.java:238)
	at org.junit.internal.runners.JUnit38ClassRunner.run(JUnit38ClassRunner.java:83)
	at org.apache.maven.surefire.junit4.JUnit4Provider.execute(JUnit4Provider.java:252)
	at org.apache.maven.surefire.junit4.JUnit4Provider.executeTestSet(JUnit4Provider.java:141)
	at org.apache.maven.surefire.junit4.JUnit4Provider.invoke(JUnit4Provider.java:112)
	at sun.reflect.NativeMethodAccessorImpl.invoke0(Native Method)
	at sun.reflect.NativeMethodAccessorImpl.invoke(NativeMethodAccessorImpl.java:62)
	at sun.reflect.DelegatingMethodAccessorImpl.invoke(DelegatingMethodAccessorImpl.java:43)
	at java.lang.reflect.Method.invoke(Method.java:498)
	at org.apache.maven.surefire.util.ReflectionUtils.invokeMethodWithArray(ReflectionUtils.java:189)
	at org.apache.maven.surefire.booter.ProviderFactory$ProviderProxy.invoke(ProviderFactory.java:165)
	at org.apache.maven.surefire.booter.ProviderFactory.invokeProvider(ProviderFactory.java:85)
	at org.apache.maven.surefire.booter.ForkedBooter.runSuitesInProcess(ForkedBooter.java:115)
	at org.apache.maven.surefire.booter.ForkedBooter.main(ForkedBooter.java:75)
2018-05-25 23:48:34,855 [main] INFO  (JobChangeLog@log():47) - #job ...Destroying scheduler completely: jobs=6 scheduler=org.lastaflute.job.cron4j.Cron4jScheduler@4e25147a
2018-05-25 23:48:34,856 [main] DEBUG (LaTransaction@rollback():353) - Rollback transaction: [FormatId=4360, GlobalId=1527284912137/27, BranchId=]
</system-out>
  </testcase>
  <testcase classname="org.docksidestage.whitebox.job.WxJobManagerTest" name="test_unschedule_to_reschedule_to_disappear" time="0.33"/>
  <testcase classname="org.docksidestage.whitebox.job.WxJobManagerTest" name="test_unschedule_triggered_to_reschedule_to_trigger" time="3.271">
    <failure type="junit.framework.AssertionFailedError:">junit.framework.AssertionFailedError: null
	at junit.framework.Assert.fail(Assert.java:47)
	at junit.framework.Assert.assertTrue(Assert.java:20)
	at junit.framework.Assert.assertTrue(Assert.java:27)
	at org.docksidestage.whitebox.job.WxJobManagerTest.test_unschedule_triggered_to_reschedule_to_trigger(WxJobManagerTest.java:179)
	at sun.reflect.NativeMethodAccessorImpl.invoke0(Native Method)
	at sun.reflect.NativeMethodAccessorImpl.invoke(NativeMethodAccessorImpl.java:62)
	at sun.reflect.DelegatingMethodAccessorImpl.invoke(DelegatingMethodAccessorImpl.java:43)
	at java.lang.reflect.Method.invoke(Method.java:498)
	at junit.framework.TestCase.runTest(TestCase.java:168)
	at org.dbflute.utflute.core.PlainTestCase.runTest(PlainTestCase.java:131)
	at junit.framework.TestCase.runBare(TestCase.java:134)
	at junit.framework.TestResult$1.protect(TestResult.java:110)
	at junit.framework.TestResult.runProtected(TestResult.java:128)
	at junit.framework.TestResult.run(TestResult.java:113)
	at junit.framework.TestCase.run(TestCase.java:124)
	at junit.framework.TestSuite.runTest(TestSuite.java:243)
	at junit.framework.TestSuite.run(TestSuite.java:238)
	at org.junit.internal.runners.JUnit38ClassRunner.run(JUnit38ClassRunner.java:83)
	at org.apache.maven.surefire.junit4.JUnit4Provider.execute(JUnit4Provider.java:252)
	at org.apache.maven.surefire.junit4.JUnit4Provider.executeTestSet(JUnit4Provider.java:141)
	at org.apache.maven.surefire.junit4.JUnit4Provider.invoke(JUnit4Provider.java:112)
	at sun.reflect.NativeMethodAccessorImpl.invoke0(Native Method)
	at sun.reflect.NativeMethodAccessorImpl.invoke(NativeMethodAccessorImpl.java:62)
	at sun.reflect.DelegatingMethodAccessorImpl.invoke(DelegatingMethodAccessorImpl.java:43)
	at java.lang.reflect.Method.invoke(Method.java:498)
	at org.apache.maven.surefire.util.ReflectionUtils.invokeMethodWithArray(ReflectionUtils.java:189)
	at org.apache.maven.surefire.booter.ProviderFactory$ProviderProxy.invoke(ProviderFactory.java:165)
	at org.apache.maven.surefire.booter.ProviderFactory.invokeProvider(ProviderFactory.java:85)
	at org.apache.maven.surefire.booter.ForkedBooter.runSuitesInProcess(ForkedBooter.java:115)
	at org.apache.maven.surefire.booter.ForkedBooter.main(ForkedBooter.java:75)
</failure>
    <system-out>2018-05-25 23:48:35,198 [main] INFO  (SmartDeployMode@setValue():62) - ...Setting smart deploy mode: warm
2018-05-25 23:48:35,198 [main] DEBUG (PlainTestCase@log():728) - 
2018-05-25 23:48:35,198 [main] DEBUG (PlainTestCase@log():729) - &lt;&lt;&lt; WxJobManagerTest.test_unschedule_triggered_to_reschedule_to_trigger() &gt;&gt;&gt;
2018-05-25 23:48:35,199 [main] DEBUG (PlainTestCase@log():735) - ...Recycling lasta_di as web-container: config=app.xml
2018-05-25 23:48:35,200 [main] DEBUG (LaTransaction@begin():69) - Begin transaction: [FormatId=4360, GlobalId=1527284912137/31, BranchId=]
2018-05-25 23:48:35,203 [main] DEBUG (LaLogger@log():118) - Registering component definition of class(org.docksidestage.app.logic.context.AccessContextLogic[context_accessContextLogic]).
2018-05-25 23:48:35,208 [main] INFO  (LastaJobStarter@showBoot():89) - [Job Scheduling]
2018-05-25 23:48:35,208 [main] INFO  (LastaJobStarter@showBoot():90) -  scheduler: org.docksidestage.app.job.AllJobScheduler@4074023c
2018-05-25 23:48:35,208 [main] INFO  (LastaJobStarter@showBoot():91) -  jobRunner: LaJobRunner:{accessContext=org.docksidestage.app.job.AllJobScheduler$$Lambda$512/2000563893@3ed0918d}@5e268ce6
2018-05-25 23:48:35,208 [main] INFO  (LastaJobStarter@showBoot():92) -  cron4j: org.lastaflute.job.cron4j.Cron4jScheduler@66ec9390
2018-05-25 23:48:35,209 [main] INFO  (LastaJobStarter@showBoot():95) -  (1) Cron4jJob:{mystic(seaJob_1), non-cron, Cron4jTask:{non-cron, org.docksidestage.app.job.SeaJob, WAIT, option:{hasJobUnique(mystic), noParams, INFO}}}@6e91893
2018-05-25 23:48:35,209 [main] INFO  (LastaJobStarter@showBoot():95) -  (2) Cron4jJob:{oneman(landJob_2), non-cron, Cron4jTask:{non-cron, org.docksidestage.app.job.LandJob, QUIT, option:{hasJobUnique(oneman), noParams, INFO}}}@3c0fbd3a
2018-05-25 23:48:35,209 [main] INFO  (LastaJobStarter@showBoot():95) -  (3) Cron4jJob:{piari(piariJob_3), non-cron, Cron4jTask:{non-cron, org.docksidestage.app.job.challenge.PiariJob, QUIT, option:{hasJobUnique(piari), hasParams, INFO}}}@562457e1
2018-05-25 23:48:35,209 [main] INFO  (LastaJobStarter@showBoot():95) -  (4) Cron4jJob:{bonvo(bonvoJob_4), non-cron, Cron4jTask:{non-cron, org.docksidestage.app.job.challenge.BonvoJob, ERROR, option:{hasJobUnique(bonvo), noParams, INFO}}}@54562ea6
2018-05-25 23:48:35,210 [main] INFO  (LastaJobStarter@showBoot():95) -  (5) Cron4jJob:{dstore(dstoreJob_5), non-cron, Cron4jTask:{non-cron, org.docksidestage.app.job.challenge.DstoreJob, ERROR, option:{hasJobUnique(dstore), noParams, INFO}}}@1a35993f
2018-05-25 23:48:35,210 [main] INFO  (LastaJobStarter@showBoot():95) -  (6) Cron4jJob:{amba(ambaJob_6), non-cron, Cron4jTask:{non-cron, org.docksidestage.app.job.challenge.AmbaJob, ERROR, option:{hasJobUnique(amba), noParams, INFO}}}@5b12012e
2018-05-25 23:48:35,210 [main] INFO  (SimpleJobManager@showBootLogging():86) - [Job Manager]
2018-05-25 23:48:35,211 [main] INFO  (SimpleJobManager@showBootLogging():87) -  schedulingNow: Cron4jNow:{scheduled=6}@2f7dcef2
2018-05-25 23:48:35,211 [main] INFO  (DBFluteSystem@unlock():242) - ...Unlocking the DBFlute system
2018-05-25 23:48:35,211 [main] INFO  (DBFluteSystem@setFinalTimeZoneProvider():218) - ...Setting finalTimeZoneProvider: FortressCurtainBeforeHook$1:{Europe/Paris}
2018-05-25 23:48:35,211 [main] INFO  (DBFluteSystem@lock():232) - ...Locking the DBFlute system
2018-05-25 23:48:35,214 [main] DEBUG (LaLogger@log():118) - Registering component definition of class(org.docksidestage.app.web.base.login.FortressLoginAssist[base_login_fortressLoginAssist]).
2018-05-25 23:48:35,214 [main] DEBUG (SimpleRequestManager@handleLoginManagerNotFound():562) - *Forcedly found the concrete class of login manager: FortressLoginAssist in HotdeployClassLoader
2018-05-25 23:48:35,214 [main] DEBUG (FortressCurtainBeforeHook@whiteboxtest_findLoginManager():77) - findLoginManager() when booting: opt:{org.docksidestage.app.web.base.login.FortressLoginAssist@2b4786dd}
2018-05-25 23:48:35,215 [main] INFO  (JobChangeLog@log():47) - #job ...Unscheduling Cron4jJob:{mystic(seaJob_1), non-cron, Cron4jTask:{non-cron, org.docksidestage.app.job.SeaJob, WAIT, option:{hasJobUnique(mystic), noParams, INFO}}}@6e91893
2018-05-25 23:48:35,216 [main] INFO  (JobChangeLog@log():47) - #job ...Rescheduling seaJob_1 as cron from non-cron to &apos;* * * * *&apos;
2018-05-25 23:48:35,216 [main] INFO  (JobChangeLog@log():47) - #job ...Launching now: option:{params=null}, Cron4jJob:{oneman(landJob_2), non-cron, Cron4jTask:{non-cron, org.docksidestage.app.job.LandJob, QUIT, option:{hasJobUnique(oneman), noParams, INFO}}}@3c0fbd3a
2018-05-25 23:48:35,217 [cron4j::746b18fd] INFO  (ObjectiveConfig@reloadIfNeeds():329) - ...Reloading objective config by HotDeploy request
2018-05-25 23:48:35,426 [job_oneman] INFO  (JobNoticeLog@log():40) - #flow #job ...Running job: $$nonCron$$ LandJob@run() [oneman] #7080b8ae
2018-05-25 23:48:35,433 [job_oneman] DEBUG (LaLogger@log():118) - Registering component definition of class(org.docksidestage.app.job.LandJob[landJob]).
2018-05-25 23:48:35,434 [job_oneman] DEBUG (LaLogger@log():118) - Registering component definition of class(org.docksidestage.app.logic.DanceSongLogic[danceSongLogic]).
2018-05-25 23:48:35,434 [job_oneman] DEBUG (LaLogger@log():118) - Registering component definition of class(org.docksidestage.app.job.ItsMyPartyAssist[itsMyPartyAssist]).
2018-05-25 23:48:35,435 [job_oneman] DEBUG (LaTransaction@begin():69) - Begin transaction: [FormatId=4360, GlobalId=1527284912137/32, BranchId=]
2018-05-25 23:48:35,436 [job_oneman] DEBUG (XLog@log():43) - ...Initializing sqlExecution for the key &apos;member:selectEntity(MemberCB):Member&apos;
2018-05-25 23:48:35,437 [job_oneman] DEBUG (XLog@log():43) - /===========================================================================
2018-05-25 23:48:35,437 [job_oneman] DEBUG (XLog@log():43) -                                                       MemberBhv.selectByPK()
2018-05-25 23:48:35,437 [job_oneman] DEBUG (XLog@log():43) -                                                       =====================/
2018-05-25 23:48:35,437 [job_oneman] DEBUG (XLog@log():43) - LandJob.lambda$run$0():49 -&gt; ...
2018-05-25 23:48:35,445 [job_oneman] DEBUG (LaTransaction@rollback():353) - Rollback transaction: [FormatId=4360, GlobalId=1527284912137/32, BranchId=]
2018-05-25 23:48:35,446 [job_oneman] WARN  (ExceptionTranslator@warnSQLFailureState():144) - Look! Read the message below.
/* * * * * * * * * * * * * * * * * * * * * * * * * * * * * * * * * *
SQL Failure State, here!

[Advice]
This state is for the SQL failure exception: #6442bc11

[ConnectionPool View]
org.lastaflute.db.dbcp.HookedConnectionPool@7a8464fb
freePool=0, activePool=0, txActivePool=0
(no transaction)
org.lastaflute.db.dbcp.HookedConnectionPool@560e252a
freePool=0, activePool=0, txActivePool=0
(no transaction)
* * * * * * * * * */
2018-05-25 23:48:35,447 [job_oneman] ERROR (JobErrorLog@log():37) - #flow #job Failed to run the job process:
/= = = = = = = = = = = = = = = = = = = = = = = = = = = = = = = = = = =: org.docksidestage.app.job.LandJob
  jobRuntime=Cron4jRuntime:{landJob_2, oneman, $$nonCron$$, LandJob@run(), params={}}@3fb6f33
  ; accessContext=AccessContext:{localDateTimeProvider=org.docksidestage.app.logic.context.AccessContextLogic$$Lambda$524/1456545948@3c9cf12a, userProvider=org.docksidestage.app.logic.context.AccessContextLogic$$Lambda$525/502061279@4d36b625}
  ; callbackContext=CallbackContext:{behaviorCommandHook=null, sqlFireHook=RomanticTraceableSqlFireHook@3c6539a6, sqlLogHandler=null, sqlResultHandler=RomanticTraceableSqlResultHandler@64bf4bee, sqlStringFilter=RomanticTraceableSqlStringFilter@3f71f3f2}
  ; sqlCount={total=1, selectCB=1, entityUpdate=0, queryUpdate=0, outsideSql=0, procedure=0}
  ; transactionMemories=wholeShow:  
  *RomanticTransaction@7169d630
  &lt;&lt; Transaction Current State &gt;&gt;
  beginning time: 2018/05/25 23:48:35.435
  ending: rollback
  &lt;&lt; Transaction Recent Result &gt;&gt;
  1. (2018/05/25 23:48:35.437) [*unknown cost] MEMBER@selectEntity =&gt; Member:{}
= = = = = = = = = =/ [00m00s016ms] #6442bc11
org.dbflute.exception.SQLFailureException: Look! Read the message below.
/* * * * * * * * * * * * * * * * * * * * * * * * * * * * * * * * * *
Failed to get database connection.

[Advice]
Read the SQLException message.
*And also check the MySQL bootstrap and network.

[SQLState]
08S01

[ErrorCode]
0

[SQLException]
com.mysql.jdbc.exceptions.jdbc4.CommunicationsException
Communications link failure

The last packet sent successfully to the server was 0 milliseconds ago. The driver has not received any packets from the server.

[Behavior]
LandJob.lambda$run$0():49 -&gt; MemberBhv.selectByPK()

[ConditionBean]
org.docksidestage.dbflute.cbean.MemberCB

[Display SQL]
select dfloc.MEMBER_ID as MEMBER_ID, dfloc.MEMBER_NAME as MEMBER_NAME, dfloc.MEMBER_ACCOUNT as MEMBER_ACCOUNT, dfloc.MEMBER_STATUS_CODE as MEMBER_STATUS_CODE, dfloc.FORMALIZED_DATETIME as FORMALIZED_DATETIME, dfloc.BIRTHDATE as BIRTHDATE, dfloc.REGISTER_DATETIME as REGISTER_DATETIME, dfloc.REGISTER_USER as REGISTER_USER, dfloc.UPDATE_DATETIME as UPDATE_DATETIME, dfloc.UPDATE_USER as UPDATE_USER, dfloc.VERSION_NO as VERSION_NO
  from MEMBER dfloc
 where dfloc.MEMBER_ID = 3
-- org.docksidestage.app.job.LandJob@run()
* * * * * * * * * */
	at org.dbflute.bhv.exception.SQLExceptionHandler.throwSQLFailureException(SQLExceptionHandler.java:106)
	at org.dbflute.bhv.exception.SQLExceptionHandler.handleSQLException(SQLExceptionHandler.java:63)
	at org.dbflute.s2dao.sqlhandler.TnAbstractBasicSqlHandler.handleSQLException(TnAbstractBasicSqlHandler.java:378)
	at org.dbflute.s2dao.sqlhandler.TnAbstractBasicSqlHandler.getConnection(TnAbstractBasicSqlHandler.java:426)
	at org.dbflute.s2dao.sqlhandler.TnBasicParameterHandler.execute(TnBasicParameterHandler.java:44)
	at org.dbflute.s2dao.sqlcommand.TnAbstractTwoWaySqlCommand.execute(TnAbstractTwoWaySqlCommand.java:57)
	at org.dbflute.bhv.core.execution.SelectCBExecution.superExecute(SelectCBExecution.java:86)
	at org.dbflute.bhv.core.execution.SelectCBExecution.execute(SelectCBExecution.java:82)
	at org.dbflute.bhv.core.BehaviorCommandInvoker.executeSql(BehaviorCommandInvoker.java:424)
	at org.dbflute.bhv.core.BehaviorCommandInvoker.dispatchInvoking(BehaviorCommandInvoker.java:240)
	at org.dbflute.bhv.core.BehaviorCommandInvoker.invoke(BehaviorCommandInvoker.java:166)
	at org.dbflute.bhv.AbstractBehaviorReadable.invoke(AbstractBehaviorReadable.java:1577)
	at org.dbflute.bhv.AbstractBehaviorReadable.delegateSelectEntity(AbstractBehaviorReadable.java:1365)
	at org.dbflute.bhv.AbstractBehaviorReadable.helpSelectEntityInternally(AbstractBehaviorReadable.java:212)
	at org.dbflute.bhv.AbstractBehaviorReadable.doSelectEntity(AbstractBehaviorReadable.java:188)
	at org.docksidestage.dbflute.bsbhv.BsMemberBhv.doSelectByPK(BsMemberBhv.java:190)
	at org.docksidestage.dbflute.bsbhv.BsMemberBhv.doSelectOptionalByPK(BsMemberBhv.java:194)
	at org.docksidestage.dbflute.bsbhv.BsMemberBhv.facadeSelectByPK(BsMemberBhv.java:186)
	at org.docksidestage.dbflute.bsbhv.BsMemberBhv.selectByPK(BsMemberBhv.java:182)
	at org.docksidestage.app.job.LandJob.lambda$run$0(LandJob.java:49)
	at org.lastaflute.db.jta.stage.JTATransactionStage.performTx(JTATransactionStage.java:102)
	at org.lastaflute.db.jta.stage.JTATransactionStage.lambda$required$0(JTATransactionStage.java:43)
	at org.lastaflute.di.tx.adapter.JTATransactionManagerAdapter.required(JTATransactionManagerAdapter.java:60)
	at org.lastaflute.db.jta.stage.JTATransactionStage.required(JTATransactionStage.java:42)
	at org.docksidestage.app.job.LandJob.run(LandJob.java:48)
	at org.lastaflute.job.LaJobRunner.actuallyRun(LaJobRunner.java:265)
	at org.lastaflute.job.LaJobRunner.doRun(LaJobRunner.java:232)
	at org.lastaflute.job.LaJobRunner.run(LaJobRunner.java:191)
	at org.lastaflute.job.cron4j.Cron4jTask.runJob(Cron4jTask.java:371)
	at org.lastaflute.job.cron4j.Cron4jTask.actuallyExecute(Cron4jTask.java:355)
	at org.lastaflute.job.cron4j.Cron4jTask.lambda$doExecute$6(Cron4jTask.java:258)
	at org.lastaflute.job.cron4j.Cron4jTask.synchronizedNeighborRunning(Cron4jTask.java:328)
	at org.lastaflute.job.cron4j.Cron4jTask.doExecute(Cron4jTask.java:246)
	at org.lastaflute.job.cron4j.Cron4jTask.execute(Cron4jTask.java:151)
	at it.sauronsoftware.cron4j.RomanticCron4jNativeTaskExecutor$RomanticRunner.run(RomanticCron4jNativeTaskExecutor.java:121)
	at java.lang.Thread.run(Thread.java:745)
Caused by: com.mysql.jdbc.exceptions.jdbc4.CommunicationsException: Communications link failure

The last packet sent successfully to the server was 0 milliseconds ago. The driver has not received any packets from the server.
	at sun.reflect.NativeConstructorAccessorImpl.newInstance0(Native Method)
	at sun.reflect.NativeConstructorAccessorImpl.newInstance(NativeConstructorAccessorImpl.java:62)
	at sun.reflect.DelegatingConstructorAccessorImpl.newInstance(DelegatingConstructorAccessorImpl.java:45)
	at java.lang.reflect.Constructor.newInstance(Constructor.java:423)
	at com.mysql.jdbc.Util.handleNewInstance(Util.java:404)
	at com.mysql.jdbc.SQLError.createCommunicationsException(SQLError.java:983)
	at com.mysql.jdbc.MysqlIO.&lt;init&gt;(MysqlIO.java:339)
	at com.mysql.jdbc.ConnectionImpl.coreConnect(ConnectionImpl.java:2252)
	at com.mysql.jdbc.ConnectionImpl.connectOneTryOnly(ConnectionImpl.java:2285)
	at com.mysql.jdbc.ConnectionImpl.createNewIO(ConnectionImpl.java:2084)
	at com.mysql.jdbc.ConnectionImpl.&lt;init&gt;(ConnectionImpl.java:795)
	at com.mysql.jdbc.JDBC4Connection.&lt;init&gt;(JDBC4Connection.java:44)
	at sun.reflect.NativeConstructorAccessorImpl.newInstance0(Native Method)
	at sun.reflect.NativeConstructorAccessorImpl.newInstance(NativeConstructorAccessorImpl.java:62)
	at sun.reflect.DelegatingConstructorAccessorImpl.newInstance(DelegatingConstructorAccessorImpl.java:45)
	at java.lang.reflect.Constructor.newInstance(Constructor.java:423)
	at com.mysql.jdbc.Util.handleNewInstance(Util.java:404)
	at com.mysql.jdbc.ConnectionImpl.getInstance(ConnectionImpl.java:400)
	at com.mysql.jdbc.NonRegisteringDriver.connect(NonRegisteringDriver.java:327)
	at java.sql.DriverManager.getConnection(DriverManager.java:664)
	at java.sql.DriverManager.getConnection(DriverManager.java:208)
	at org.lastaflute.jta.dbcp.SimpleXADataSource.getXAConnection(SimpleXADataSource.java:105)
	at org.lastaflute.jta.dbcp.SimpleXADataSource.getXAConnection(SimpleXADataSource.java:90)
	at org.lastaflute.db.dbcp.HookedXADataSource.getXAConnection(HookedXADataSource.java:90)
	at org.lastaflute.jta.dbcp.SimpleConnectionPool.createConnection(SimpleConnectionPool.java:273)
	at org.lastaflute.jta.dbcp.SimpleConnectionPool.checkOut(SimpleConnectionPool.java:162)
	at org.lastaflute.jta.dbcp.PooledDataSource.getConnection(PooledDataSource.java:53)
	at org.dbflute.s2dao.sqlhandler.TnAbstractBasicSqlHandler.getConnection(TnAbstractBasicSqlHandler.java:421)
	... 32 more
Caused by: java.net.ConnectException: Connection refused (Connection refused)
	at java.net.PlainSocketImpl.socketConnect(Native Method)
	at java.net.AbstractPlainSocketImpl.doConnect(AbstractPlainSocketImpl.java:350)
	at java.net.AbstractPlainSocketImpl.connectToAddress(AbstractPlainSocketImpl.java:206)
	at java.net.AbstractPlainSocketImpl.connect(AbstractPlainSocketImpl.java:188)
	at java.net.SocksSocketImpl.connect(SocksSocketImpl.java:392)
	at java.net.Socket.connect(Socket.java:589)
	at com.mysql.jdbc.StandardSocketFactory.connect(StandardSocketFactory.java:214)
	at com.mysql.jdbc.MysqlIO.&lt;init&gt;(MysqlIO.java:298)
	... 53 more
2018-05-25 23:48:35,450 [job_oneman] INFO  (JobNoticeLog@log():40) - #flow #job ...Finishing job: LandJob@run() [oneman] #7080b8ae
[Job Result]
 beginTime: 2018-05-25 23:48:35.424
 performanceView: 00m00s018ms
 sqlCount: {total=1, selectCB=1, entityUpdate=0, queryUpdate=0, outsideSql=0, procedure=0}
 runtime: Cron4jRuntime:{landJob_2, oneman, $$nonCron$$, LandJob@run(), params={}}@3fb6f33
 triggeredNextJob: SeaJob:{mystic(seaJob_1)}
 cause: SQLFailureException *Read the exception message! 6442bc11


2018-05-25 23:48:35,450 [job_oneman] INFO  (ObjectiveConfig@reloadIfNeeds():329) - ...Reloading objective config by HotDeploy request
2018-05-25 23:48:38,463 [main] DEBUG (PlainTestCase@log():733) - Failed to finish the test: WxJobManagerTest.test_unschedule_triggered_to_reschedule_to_trigger()
junit.framework.AssertionFailedError: null
	at junit.framework.Assert.fail(Assert.java:47)
	at junit.framework.Assert.assertTrue(Assert.java:20)
	at junit.framework.Assert.assertTrue(Assert.java:27)
	at org.docksidestage.whitebox.job.WxJobManagerTest.test_unschedule_triggered_to_reschedule_to_trigger(WxJobManagerTest.java:179)
	at sun.reflect.NativeMethodAccessorImpl.invoke0(Native Method)
	at sun.reflect.NativeMethodAccessorImpl.invoke(NativeMethodAccessorImpl.java:62)
	at sun.reflect.DelegatingMethodAccessorImpl.invoke(DelegatingMethodAccessorImpl.java:43)
	at java.lang.reflect.Method.invoke(Method.java:498)
	at junit.framework.TestCase.runTest(TestCase.java:168)
	at org.dbflute.utflute.core.PlainTestCase.runTest(PlainTestCase.java:131)
	at junit.framework.TestCase.runBare(TestCase.java:134)
	at junit.framework.TestResult$1.protect(TestResult.java:110)
	at junit.framework.TestResult.runProtected(TestResult.java:128)
	at junit.framework.TestResult.run(TestResult.java:113)
	at junit.framework.TestCase.run(TestCase.java:124)
	at junit.framework.TestSuite.runTest(TestSuite.java:243)
	at junit.framework.TestSuite.run(TestSuite.java:238)
	at org.junit.internal.runners.JUnit38ClassRunner.run(JUnit38ClassRunner.java:83)
	at org.apache.maven.surefire.junit4.JUnit4Provider.execute(JUnit4Provider.java:252)
	at org.apache.maven.surefire.junit4.JUnit4Provider.executeTestSet(JUnit4Provider.java:141)
	at org.apache.maven.surefire.junit4.JUnit4Provider.invoke(JUnit4Provider.java:112)
	at sun.reflect.NativeMethodAccessorImpl.invoke0(Native Method)
	at sun.reflect.NativeMethodAccessorImpl.invoke(NativeMethodAccessorImpl.java:62)
	at sun.reflect.DelegatingMethodAccessorImpl.invoke(DelegatingMethodAccessorImpl.java:43)
	at java.lang.reflect.Method.invoke(Method.java:498)
	at org.apache.maven.surefire.util.ReflectionUtils.invokeMethodWithArray(ReflectionUtils.java:189)
	at org.apache.maven.surefire.booter.ProviderFactory$ProviderProxy.invoke(ProviderFactory.java:165)
	at org.apache.maven.surefire.booter.ProviderFactory.invokeProvider(ProviderFactory.java:85)
	at org.apache.maven.surefire.booter.ForkedBooter.runSuitesInProcess(ForkedBooter.java:115)
	at org.apache.maven.surefire.booter.ForkedBooter.main(ForkedBooter.java:75)
2018-05-25 23:48:38,465 [main] INFO  (JobChangeLog@log():47) - #job ...Destroying scheduler completely: jobs=6 scheduler=org.lastaflute.job.cron4j.Cron4jScheduler@66ec9390
2018-05-25 23:48:38,466 [main] DEBUG (LaTransaction@rollback():353) - Rollback transaction: [FormatId=4360, GlobalId=1527284912137/31, BranchId=]
</system-out>
  </testcase>
  <testcase classname="org.docksidestage.whitebox.job.WxJobManagerTest" name="test_unschedule_triggered_to_trigger" time="3.265"/>
  <testcase classname="org.docksidestage.whitebox.job.WxJobManagerTest" name="test_unschedule_executing_stop" time="3.52"/>
  <testcase classname="org.docksidestage.whitebox.job.WxJobManagerTest" name="test_unschedule_executing_triggering" time="5.518">
    <failure message="expected:&lt;2&gt; but was:&lt;1&gt;" type="junit.framework.AssertionFailedError">junit.framework.AssertionFailedError: expected:&lt;2&gt; but was:&lt;1&gt;
	at junit.framework.Assert.fail(Assert.java:47)
	at junit.framework.Assert.failNotEquals(Assert.java:283)
	at junit.framework.Assert.assertEquals(Assert.java:64)
	at junit.framework.Assert.assertEquals(Assert.java:195)
	at junit.framework.Assert.assertEquals(Assert.java:201)
	at org.docksidestage.whitebox.job.WxJobManagerTest.test_unschedule_executing_triggering(WxJobManagerTest.java:260)
	at sun.reflect.NativeMethodAccessorImpl.invoke0(Native Method)
	at sun.reflect.NativeMethodAccessorImpl.invoke(NativeMethodAccessorImpl.java:62)
	at sun.reflect.DelegatingMethodAccessorImpl.invoke(DelegatingMethodAccessorImpl.java:43)
	at java.lang.reflect.Method.invoke(Method.java:498)
	at junit.framework.TestCase.runTest(TestCase.java:168)
	at org.dbflute.utflute.core.PlainTestCase.runTest(PlainTestCase.java:131)
	at junit.framework.TestCase.runBare(TestCase.java:134)
	at junit.framework.TestResult$1.protect(TestResult.java:110)
	at junit.framework.TestResult.runProtected(TestResult.java:128)
	at junit.framework.TestResult.run(TestResult.java:113)
	at junit.framework.TestCase.run(TestCase.java:124)
	at junit.framework.TestSuite.runTest(TestSuite.java:243)
	at junit.framework.TestSuite.run(TestSuite.java:238)
	at org.junit.internal.runners.JUnit38ClassRunner.run(JUnit38ClassRunner.java:83)
	at org.apache.maven.surefire.junit4.JUnit4Provider.execute(JUnit4Provider.java:252)
	at org.apache.maven.surefire.junit4.JUnit4Provider.executeTestSet(JUnit4Provider.java:141)
	at org.apache.maven.surefire.junit4.JUnit4Provider.invoke(JUnit4Provider.java:112)
	at sun.reflect.NativeMethodAccessorImpl.invoke0(Native Method)
	at sun.reflect.NativeMethodAccessorImpl.invoke(NativeMethodAccessorImpl.java:62)
	at sun.reflect.DelegatingMethodAccessorImpl.invoke(DelegatingMethodAccessorImpl.java:43)
	at java.lang.reflect.Method.invoke(Method.java:498)
	at org.apache.maven.surefire.util.ReflectionUtils.invokeMethodWithArray(ReflectionUtils.java:189)
	at org.apache.maven.surefire.booter.ProviderFactory$ProviderProxy.invoke(ProviderFactory.java:165)
	at org.apache.maven.surefire.booter.ProviderFactory.invokeProvider(ProviderFactory.java:85)
	at org.apache.maven.surefire.booter.ForkedBooter.runSuitesInProcess(ForkedBooter.java:115)
	at org.apache.maven.surefire.booter.ForkedBooter.main(ForkedBooter.java:75)
</failure>
    <system-out>2018-05-25 23:48:45,255 [main] INFO  (SmartDeployMode@setValue():62) - ...Setting smart deploy mode: warm
2018-05-25 23:48:45,255 [main] DEBUG (PlainTestCase@log():728) - 
2018-05-25 23:48:45,255 [main] DEBUG (PlainTestCase@log():729) - &lt;&lt;&lt; WxJobManagerTest.test_unschedule_executing_triggering() &gt;&gt;&gt;
2018-05-25 23:48:45,255 [main] DEBUG (PlainTestCase@log():735) - ...Recycling lasta_di as web-container: config=app.xml
2018-05-25 23:48:45,256 [main] DEBUG (LaTransaction@begin():69) - Begin transaction: [FormatId=4360, GlobalId=1527284912137/36, BranchId=]
2018-05-25 23:48:45,259 [main] DEBUG (LaLogger@log():118) - Registering component definition of class(org.docksidestage.app.logic.context.AccessContextLogic[context_accessContextLogic]).
2018-05-25 23:48:45,263 [main] INFO  (LastaJobStarter@showBoot():89) - [Job Scheduling]
2018-05-25 23:48:45,264 [main] INFO  (LastaJobStarter@showBoot():90) -  scheduler: org.docksidestage.app.job.AllJobScheduler@1be59f28
2018-05-25 23:48:45,264 [main] INFO  (LastaJobStarter@showBoot():91) -  jobRunner: LaJobRunner:{accessContext=org.docksidestage.app.job.AllJobScheduler$$Lambda$566/1875108260@2ce45a7b}@153d4abb
2018-05-25 23:48:45,264 [main] INFO  (LastaJobStarter@showBoot():92) -  cron4j: org.lastaflute.job.cron4j.Cron4jScheduler@6d4c273c
2018-05-25 23:48:45,264 [main] INFO  (LastaJobStarter@showBoot():95) -  (1) Cron4jJob:{mystic(seaJob_1), non-cron, Cron4jTask:{non-cron, org.docksidestage.app.job.SeaJob, WAIT, option:{hasJobUnique(mystic), noParams, INFO}}}@5a67e962
2018-05-25 23:48:45,264 [main] INFO  (LastaJobStarter@showBoot():95) -  (2) Cron4jJob:{oneman(landJob_2), non-cron, Cron4jTask:{non-cron, org.docksidestage.app.job.LandJob, QUIT, option:{hasJobUnique(oneman), noParams, INFO}}}@545e57d7
2018-05-25 23:48:45,264 [main] INFO  (LastaJobStarter@showBoot():95) -  (3) Cron4jJob:{piari(piariJob_3), non-cron, Cron4jTask:{non-cron, org.docksidestage.app.job.challenge.PiariJob, QUIT, option:{hasJobUnique(piari), hasParams, INFO}}}@2bc9a775
2018-05-25 23:48:45,265 [main] INFO  (LastaJobStarter@showBoot():95) -  (4) Cron4jJob:{bonvo(bonvoJob_4), non-cron, Cron4jTask:{non-cron, org.docksidestage.app.job.challenge.BonvoJob, ERROR, option:{hasJobUnique(bonvo), noParams, INFO}}}@27b000f7
2018-05-25 23:48:45,265 [main] INFO  (LastaJobStarter@showBoot():95) -  (5) Cron4jJob:{dstore(dstoreJob_5), non-cron, Cron4jTask:{non-cron, org.docksidestage.app.job.challenge.DstoreJob, ERROR, option:{hasJobUnique(dstore), noParams, INFO}}}@42f9c19a
2018-05-25 23:48:45,265 [main] INFO  (LastaJobStarter@showBoot():95) -  (6) Cron4jJob:{amba(ambaJob_6), non-cron, Cron4jTask:{non-cron, org.docksidestage.app.job.challenge.AmbaJob, ERROR, option:{hasJobUnique(amba), noParams, INFO}}}@64bfd6fd
2018-05-25 23:48:45,265 [main] INFO  (SimpleJobManager@showBootLogging():86) - [Job Manager]
2018-05-25 23:48:45,266 [main] INFO  (SimpleJobManager@showBootLogging():87) -  schedulingNow: Cron4jNow:{scheduled=6}@2ab2710
2018-05-25 23:48:45,266 [main] INFO  (DBFluteSystem@unlock():242) - ...Unlocking the DBFlute system
2018-05-25 23:48:45,266 [main] INFO  (DBFluteSystem@setFinalTimeZoneProvider():218) - ...Setting finalTimeZoneProvider: FortressCurtainBeforeHook$1:{Europe/Paris}
2018-05-25 23:48:45,266 [main] INFO  (DBFluteSystem@lock():232) - ...Locking the DBFlute system
2018-05-25 23:48:45,269 [main] DEBUG (LaLogger@log():118) - Registering component definition of class(org.docksidestage.app.web.base.login.FortressLoginAssist[base_login_fortressLoginAssist]).
2018-05-25 23:48:45,269 [main] DEBUG (SimpleRequestManager@handleLoginManagerNotFound():562) - *Forcedly found the concrete class of login manager: FortressLoginAssist in HotdeployClassLoader
2018-05-25 23:48:45,269 [main] DEBUG (FortressCurtainBeforeHook@whiteboxtest_findLoginManager():77) - findLoginManager() when booting: opt:{org.docksidestage.app.web.base.login.FortressLoginAssist@1f193686}
2018-05-25 23:48:45,270 [main] INFO  (JobChangeLog@log():47) - #job ...Launching now: option:{params={waitFirst=2000}}, Cron4jJob:{oneman(landJob_2), non-cron, Cron4jTask:{non-cron, org.docksidestage.app.job.LandJob, QUIT, option:{hasJobUnique(oneman), noParams, INFO}}}@545e57d7
2018-05-25 23:48:45,270 [cron4j::5fad41be] INFO  (ObjectiveConfig@reloadIfNeeds():329) - ...Reloading objective config by HotDeploy request
2018-05-25 23:48:45,479 [job_oneman] INFO  (JobNoticeLog@log():40) - #flow #job ...Running job: $$nonCron$$ LandJob@run() [oneman] #3738e9ab
2018-05-25 23:48:45,482 [job_oneman] DEBUG (LaLogger@log():118) - Registering component definition of class(org.docksidestage.app.job.LandJob[landJob]).
2018-05-25 23:48:45,483 [job_oneman] DEBUG (LaLogger@log():118) - Registering component definition of class(org.docksidestage.app.logic.DanceSongLogic[danceSongLogic]).
2018-05-25 23:48:45,483 [job_oneman] DEBUG (LaLogger@log():118) - Registering component definition of class(org.docksidestage.app.job.ItsMyPartyAssist[itsMyPartyAssist]).
2018-05-25 23:48:45,484 [job_oneman] DEBUG (LandJob@waitFirstIfNeeds():60) - ...Waiting (2000): job=LandJob
2018-05-25 23:48:45,770 [main] INFO  (JobChangeLog@log():47) - #job ...Unscheduling Cron4jJob:{oneman(landJob_2), non-cron, Cron4jTask:{non-cron, org.docksidestage.app.job.LandJob, QUIT, option:{hasJobUnique(oneman), noParams, INFO}}}@545e57d7
2018-05-25 23:48:47,485 [job_oneman] DEBUG (LaTransaction@begin():69) - Begin transaction: [FormatId=4360, GlobalId=1527284912137/37, BranchId=]
2018-05-25 23:48:47,486 [job_oneman] DEBUG (XLog@log():43) - ...Initializing sqlExecution for the key &apos;member:selectEntity(MemberCB):Member&apos;
2018-05-25 23:48:47,486 [job_oneman] DEBUG (XLog@log():43) - /===========================================================================
2018-05-25 23:48:47,487 [job_oneman] DEBUG (XLog@log():43) -                                                       MemberBhv.selectByPK()
2018-05-25 23:48:47,487 [job_oneman] DEBUG (XLog@log():43) -                                                       =====================/
2018-05-25 23:48:47,487 [job_oneman] DEBUG (XLog@log():43) - LandJob.lambda$run$0():49 -&gt; ...
2018-05-25 23:48:47,495 [job_oneman] DEBUG (LaTransaction@rollback():353) - Rollback transaction: [FormatId=4360, GlobalId=1527284912137/37, BranchId=]
2018-05-25 23:48:47,495 [job_oneman] WARN  (ExceptionTranslator@warnSQLFailureState():144) - Look! Read the message below.
/* * * * * * * * * * * * * * * * * * * * * * * * * * * * * * * * * *
SQL Failure State, here!

[Advice]
This state is for the SQL failure exception: #3faf2e0d

[ConnectionPool View]
org.lastaflute.db.dbcp.HookedConnectionPool@7a8464fb
freePool=0, activePool=0, txActivePool=0
(no transaction)
org.lastaflute.db.dbcp.HookedConnectionPool@560e252a
freePool=0, activePool=0, txActivePool=0
(no transaction)
* * * * * * * * * */
2018-05-25 23:48:47,497 [job_oneman] ERROR (JobErrorLog@log():37) - #flow #job Failed to run the job process:
/= = = = = = = = = = = = = = = = = = = = = = = = = = = = = = = = = = =: org.docksidestage.app.job.LandJob
  jobRuntime=Cron4jRuntime:{landJob_2, oneman, $$nonCron$$, LandJob@run(), params={waitFirst=2000}}@33f997a7
  ; accessContext=AccessContext:{localDateTimeProvider=org.docksidestage.app.logic.context.AccessContextLogic$$Lambda$578/899613180@14a3cec3, userProvider=org.docksidestage.app.logic.context.AccessContextLogic$$Lambda$579/2009997383@3b9cf204}
  ; callbackContext=CallbackContext:{behaviorCommandHook=null, sqlFireHook=RomanticTraceableSqlFireHook@7d857c3c, sqlLogHandler=null, sqlResultHandler=RomanticTraceableSqlResultHandler@2be9884, sqlStringFilter=RomanticTraceableSqlStringFilter@8e19bc6}
  ; sqlCount={total=1, selectCB=1, entityUpdate=0, queryUpdate=0, outsideSql=0, procedure=0}
  ; transactionMemories=wholeShow:  
  *RomanticTransaction@35a3566d
  &lt;&lt; Transaction Current State &gt;&gt;
  beginning time: 2018/05/25 23:48:47.485
  ending: rollback
  &lt;&lt; Transaction Recent Result &gt;&gt;
  1. (2018/05/25 23:48:47.487) [*unknown cost] MEMBER@selectEntity =&gt; Member:{}
= = = = = = = = = =/ [00m02s016ms] #3faf2e0d
org.dbflute.exception.SQLFailureException: Look! Read the message below.
/* * * * * * * * * * * * * * * * * * * * * * * * * * * * * * * * * *
Failed to get database connection.

[Advice]
Read the SQLException message.
*And also check the MySQL bootstrap and network.

[SQLState]
08S01

[ErrorCode]
0

[SQLException]
com.mysql.jdbc.exceptions.jdbc4.CommunicationsException
Communications link failure

The last packet sent successfully to the server was 0 milliseconds ago. The driver has not received any packets from the server.

[Behavior]
LandJob.lambda$run$0():49 -&gt; MemberBhv.selectByPK()

[ConditionBean]
org.docksidestage.dbflute.cbean.MemberCB

[Display SQL]
select dfloc.MEMBER_ID as MEMBER_ID, dfloc.MEMBER_NAME as MEMBER_NAME, dfloc.MEMBER_ACCOUNT as MEMBER_ACCOUNT, dfloc.MEMBER_STATUS_CODE as MEMBER_STATUS_CODE, dfloc.FORMALIZED_DATETIME as FORMALIZED_DATETIME, dfloc.BIRTHDATE as BIRTHDATE, dfloc.REGISTER_DATETIME as REGISTER_DATETIME, dfloc.REGISTER_USER as REGISTER_USER, dfloc.UPDATE_DATETIME as UPDATE_DATETIME, dfloc.UPDATE_USER as UPDATE_USER, dfloc.VERSION_NO as VERSION_NO
  from MEMBER dfloc
 where dfloc.MEMBER_ID = 3
-- org.docksidestage.app.job.LandJob@run()
* * * * * * * * * */
	at org.dbflute.bhv.exception.SQLExceptionHandler.throwSQLFailureException(SQLExceptionHandler.java:106)
	at org.dbflute.bhv.exception.SQLExceptionHandler.handleSQLException(SQLExceptionHandler.java:63)
	at org.dbflute.s2dao.sqlhandler.TnAbstractBasicSqlHandler.handleSQLException(TnAbstractBasicSqlHandler.java:378)
	at org.dbflute.s2dao.sqlhandler.TnAbstractBasicSqlHandler.getConnection(TnAbstractBasicSqlHandler.java:426)
	at org.dbflute.s2dao.sqlhandler.TnBasicParameterHandler.execute(TnBasicParameterHandler.java:44)
	at org.dbflute.s2dao.sqlcommand.TnAbstractTwoWaySqlCommand.execute(TnAbstractTwoWaySqlCommand.java:57)
	at org.dbflute.bhv.core.execution.SelectCBExecution.superExecute(SelectCBExecution.java:86)
	at org.dbflute.bhv.core.execution.SelectCBExecution.execute(SelectCBExecution.java:82)
	at org.dbflute.bhv.core.BehaviorCommandInvoker.executeSql(BehaviorCommandInvoker.java:424)
	at org.dbflute.bhv.core.BehaviorCommandInvoker.dispatchInvoking(BehaviorCommandInvoker.java:240)
	at org.dbflute.bhv.core.BehaviorCommandInvoker.invoke(BehaviorCommandInvoker.java:166)
	at org.dbflute.bhv.AbstractBehaviorReadable.invoke(AbstractBehaviorReadable.java:1577)
	at org.dbflute.bhv.AbstractBehaviorReadable.delegateSelectEntity(AbstractBehaviorReadable.java:1365)
	at org.dbflute.bhv.AbstractBehaviorReadable.helpSelectEntityInternally(AbstractBehaviorReadable.java:212)
	at org.dbflute.bhv.AbstractBehaviorReadable.doSelectEntity(AbstractBehaviorReadable.java:188)
	at org.docksidestage.dbflute.bsbhv.BsMemberBhv.doSelectByPK(BsMemberBhv.java:190)
	at org.docksidestage.dbflute.bsbhv.BsMemberBhv.doSelectOptionalByPK(BsMemberBhv.java:194)
	at org.docksidestage.dbflute.bsbhv.BsMemberBhv.facadeSelectByPK(BsMemberBhv.java:186)
	at org.docksidestage.dbflute.bsbhv.BsMemberBhv.selectByPK(BsMemberBhv.java:182)
	at org.docksidestage.app.job.LandJob.lambda$run$0(LandJob.java:49)
	at org.lastaflute.db.jta.stage.JTATransactionStage.performTx(JTATransactionStage.java:102)
	at org.lastaflute.db.jta.stage.JTATransactionStage.lambda$required$0(JTATransactionStage.java:43)
	at org.lastaflute.di.tx.adapter.JTATransactionManagerAdapter.required(JTATransactionManagerAdapter.java:60)
	at org.lastaflute.db.jta.stage.JTATransactionStage.required(JTATransactionStage.java:42)
	at org.docksidestage.app.job.LandJob.run(LandJob.java:48)
	at org.lastaflute.job.LaJobRunner.actuallyRun(LaJobRunner.java:265)
	at org.lastaflute.job.LaJobRunner.doRun(LaJobRunner.java:232)
	at org.lastaflute.job.LaJobRunner.run(LaJobRunner.java:191)
	at org.lastaflute.job.cron4j.Cron4jTask.runJob(Cron4jTask.java:371)
	at org.lastaflute.job.cron4j.Cron4jTask.actuallyExecute(Cron4jTask.java:355)
	at org.lastaflute.job.cron4j.Cron4jTask.lambda$doExecute$6(Cron4jTask.java:258)
	at org.lastaflute.job.cron4j.Cron4jTask.synchronizedNeighborRunning(Cron4jTask.java:328)
	at org.lastaflute.job.cron4j.Cron4jTask.doExecute(Cron4jTask.java:246)
	at org.lastaflute.job.cron4j.Cron4jTask.execute(Cron4jTask.java:151)
	at it.sauronsoftware.cron4j.RomanticCron4jNativeTaskExecutor$RomanticRunner.run(RomanticCron4jNativeTaskExecutor.java:121)
	at java.lang.Thread.run(Thread.java:745)
Caused by: com.mysql.jdbc.exceptions.jdbc4.CommunicationsException: Communications link failure

The last packet sent successfully to the server was 0 milliseconds ago. The driver has not received any packets from the server.
	at sun.reflect.NativeConstructorAccessorImpl.newInstance0(Native Method)
	at sun.reflect.NativeConstructorAccessorImpl.newInstance(NativeConstructorAccessorImpl.java:62)
	at sun.reflect.DelegatingConstructorAccessorImpl.newInstance(DelegatingConstructorAccessorImpl.java:45)
	at java.lang.reflect.Constructor.newInstance(Constructor.java:423)
	at com.mysql.jdbc.Util.handleNewInstance(Util.java:404)
	at com.mysql.jdbc.SQLError.createCommunicationsException(SQLError.java:983)
	at com.mysql.jdbc.MysqlIO.&lt;init&gt;(MysqlIO.java:339)
	at com.mysql.jdbc.ConnectionImpl.coreConnect(ConnectionImpl.java:2252)
	at com.mysql.jdbc.ConnectionImpl.connectOneTryOnly(ConnectionImpl.java:2285)
	at com.mysql.jdbc.ConnectionImpl.createNewIO(ConnectionImpl.java:2084)
	at com.mysql.jdbc.ConnectionImpl.&lt;init&gt;(ConnectionImpl.java:795)
	at com.mysql.jdbc.JDBC4Connection.&lt;init&gt;(JDBC4Connection.java:44)
	at sun.reflect.NativeConstructorAccessorImpl.newInstance0(Native Method)
	at sun.reflect.NativeConstructorAccessorImpl.newInstance(NativeConstructorAccessorImpl.java:62)
	at sun.reflect.DelegatingConstructorAccessorImpl.newInstance(DelegatingConstructorAccessorImpl.java:45)
	at java.lang.reflect.Constructor.newInstance(Constructor.java:423)
	at com.mysql.jdbc.Util.handleNewInstance(Util.java:404)
	at com.mysql.jdbc.ConnectionImpl.getInstance(ConnectionImpl.java:400)
	at com.mysql.jdbc.NonRegisteringDriver.connect(NonRegisteringDriver.java:327)
	at java.sql.DriverManager.getConnection(DriverManager.java:664)
	at java.sql.DriverManager.getConnection(DriverManager.java:208)
	at org.lastaflute.jta.dbcp.SimpleXADataSource.getXAConnection(SimpleXADataSource.java:105)
	at org.lastaflute.jta.dbcp.SimpleXADataSource.getXAConnection(SimpleXADataSource.java:90)
	at org.lastaflute.db.dbcp.HookedXADataSource.getXAConnection(HookedXADataSource.java:90)
	at org.lastaflute.jta.dbcp.SimpleConnectionPool.createConnection(SimpleConnectionPool.java:273)
	at org.lastaflute.jta.dbcp.SimpleConnectionPool.checkOut(SimpleConnectionPool.java:162)
	at org.lastaflute.jta.dbcp.PooledDataSource.getConnection(PooledDataSource.java:53)
	at org.dbflute.s2dao.sqlhandler.TnAbstractBasicSqlHandler.getConnection(TnAbstractBasicSqlHandler.java:421)
	... 32 more
Caused by: java.net.ConnectException: Connection refused (Connection refused)
	at java.net.PlainSocketImpl.socketConnect(Native Method)
	at java.net.AbstractPlainSocketImpl.doConnect(AbstractPlainSocketImpl.java:350)
	at java.net.AbstractPlainSocketImpl.connectToAddress(AbstractPlainSocketImpl.java:206)
	at java.net.AbstractPlainSocketImpl.connect(AbstractPlainSocketImpl.java:188)
	at java.net.SocksSocketImpl.connect(SocksSocketImpl.java:392)
	at java.net.Socket.connect(Socket.java:589)
	at com.mysql.jdbc.StandardSocketFactory.connect(StandardSocketFactory.java:214)
	at com.mysql.jdbc.MysqlIO.&lt;init&gt;(MysqlIO.java:298)
	... 53 more
2018-05-25 23:48:47,498 [job_oneman] INFO  (JobNoticeLog@log():40) - #flow #job ...Finishing job: LandJob@run() [oneman] #3738e9ab
[Job Result]
 beginTime: 2018-05-25 23:48:45.477
 performanceView: 00m02s018ms
 sqlCount: {total=1, selectCB=1, entityUpdate=0, queryUpdate=0, outsideSql=0, procedure=0}
 runtime: Cron4jRuntime:{landJob_2, oneman, $$nonCron$$, LandJob@run(), params={waitFirst=2000}}@33f997a7
 triggeredNextJob: SeaJob:{mystic(seaJob_1)}
 cause: SQLFailureException *Read the exception message! 3faf2e0d


2018-05-25 23:48:47,501 [job_oneman] INFO  (ObjectiveConfig@reloadIfNeeds():329) - ...Reloading objective config by HotDeploy request
2018-05-25 23:48:50,771 [main] DEBUG (PlainTestCase@log():733) - Failed to finish the test: WxJobManagerTest.test_unschedule_executing_triggering()
junit.framework.AssertionFailedError: expected:&lt;2&gt; but was:&lt;1&gt;
	at junit.framework.Assert.fail(Assert.java:47)
	at junit.framework.Assert.failNotEquals(Assert.java:283)
	at junit.framework.Assert.assertEquals(Assert.java:64)
	at junit.framework.Assert.assertEquals(Assert.java:195)
	at junit.framework.Assert.assertEquals(Assert.java:201)
	at org.docksidestage.whitebox.job.WxJobManagerTest.test_unschedule_executing_triggering(WxJobManagerTest.java:260)
	at sun.reflect.NativeMethodAccessorImpl.invoke0(Native Method)
	at sun.reflect.NativeMethodAccessorImpl.invoke(NativeMethodAccessorImpl.java:62)
	at sun.reflect.DelegatingMethodAccessorImpl.invoke(DelegatingMethodAccessorImpl.java:43)
	at java.lang.reflect.Method.invoke(Method.java:498)
	at junit.framework.TestCase.runTest(TestCase.java:168)
	at org.dbflute.utflute.core.PlainTestCase.runTest(PlainTestCase.java:131)
	at junit.framework.TestCase.runBare(TestCase.java:134)
	at junit.framework.TestResult$1.protect(TestResult.java:110)
	at junit.framework.TestResult.runProtected(TestResult.java:128)
	at junit.framework.TestResult.run(TestResult.java:113)
	at junit.framework.TestCase.run(TestCase.java:124)
	at junit.framework.TestSuite.runTest(TestSuite.java:243)
	at junit.framework.TestSuite.run(TestSuite.java:238)
	at org.junit.internal.runners.JUnit38ClassRunner.run(JUnit38ClassRunner.java:83)
	at org.apache.maven.surefire.junit4.JUnit4Provider.execute(JUnit4Provider.java:252)
	at org.apache.maven.surefire.junit4.JUnit4Provider.executeTestSet(JUnit4Provider.java:141)
	at org.apache.maven.surefire.junit4.JUnit4Provider.invoke(JUnit4Provider.java:112)
	at sun.reflect.NativeMethodAccessorImpl.invoke0(Native Method)
	at sun.reflect.NativeMethodAccessorImpl.invoke(NativeMethodAccessorImpl.java:62)
	at sun.reflect.DelegatingMethodAccessorImpl.invoke(DelegatingMethodAccessorImpl.java:43)
	at java.lang.reflect.Method.invoke(Method.java:498)
	at org.apache.maven.surefire.util.ReflectionUtils.invokeMethodWithArray(ReflectionUtils.java:189)
	at org.apache.maven.surefire.booter.ProviderFactory$ProviderProxy.invoke(ProviderFactory.java:165)
	at org.apache.maven.surefire.booter.ProviderFactory.invokeProvider(ProviderFactory.java:85)
	at org.apache.maven.surefire.booter.ForkedBooter.runSuitesInProcess(ForkedBooter.java:115)
	at org.apache.maven.surefire.booter.ForkedBooter.main(ForkedBooter.java:75)
2018-05-25 23:48:50,772 [main] INFO  (JobChangeLog@log():47) - #job ...Destroying scheduler completely: jobs=6 scheduler=org.lastaflute.job.cron4j.Cron4jScheduler@6d4c273c
2018-05-25 23:48:50,772 [main] DEBUG (LaTransaction@rollback():353) - Rollback transaction: [FormatId=4360, GlobalId=1527284912137/36, BranchId=]
</system-out>
  </testcase>
  <testcase classname="org.docksidestage.whitebox.job.WxJobManagerTest" name="test_unschedule_to_disappear" time="0.017"/>
  <testcase classname="org.docksidestage.whitebox.job.WxJobManagerTest" name="test_disappear_executing_stop" time="3.521"/>
  <testcase classname="org.docksidestage.whitebox.job.WxJobManagerTest" name="test_becomeNonCron_to_reschedule" time="0.017"/>
</testsuite>