<?xml version="1.0" encoding="UTF-8"?>
<testsuite xmlns:xsi="http://www.w3.org/2001/XMLSchema-instance" xsi:noNamespaceSchemaLocation="https://maven.apache.org/surefire/maven-surefire-plugin/xsd/surefire-test-report.xsd" name="com.gunnarro.useraccount.service.UserAccountServiceTest" time="28.644" tests="3" errors="3" skipped="0" failures="0">
  <properties>
    <property name="awt.toolkit" value="sun.awt.X11.XToolkit"/>
    <property name="file.encoding.pkg" value="sun.io"/>
    <property name="java.specification.version" value="1.8"/>
    <property name="sun.cpu.isalist" value=""/>
    <property name="sun.jnu.encoding" value="UTF-8"/>
    <property name="java.class.path" value="/root/workspace/gunnarro/diet-manager/409215400/target/test-classes:/root/workspace/gunnarro/diet-manager/409215400/target/classes:/root/workspace/gunnarro/diet-manager/409215400/src/main/resources/lib/user-manager-1.2.0.jar:/root/./workspace/gunnarro/diet-manager/409215400/.m2/org/springframework/data/spring-data-commons/2.0.8.RELEASE/spring-data-commons-2.0.8.RELEASE.jar:/root/./workspace/gunnarro/diet-manager/409215400/.m2/org/springframework/spring-core/5.0.7.RELEASE/spring-core-5.0.7.RELEASE.jar:/root/./workspace/gunnarro/diet-manager/409215400/.m2/org/springframework/spring-jcl/5.0.7.RELEASE/spring-jcl-5.0.7.RELEASE.jar:/root/./workspace/gunnarro/diet-manager/409215400/.m2/org/springframework/spring-beans/5.0.7.RELEASE/spring-beans-5.0.7.RELEASE.jar:/root/./workspace/gunnarro/diet-manager/409215400/.m2/org/slf4j/slf4j-api/1.7.25/slf4j-api-1.7.25.jar:/root/./workspace/gunnarro/diet-manager/409215400/.m2/joda-time/joda-time/2.9.6/joda-time-2.9.6.jar:/root/./workspace/gunnarro/diet-manager/409215400/.m2/com/vladsch/flexmark/flexmark-all/0.32.4/flexmark-all-0.32.4.jar:/root/./workspace/gunnarro/diet-manager/409215400/.m2/com/vladsch/flexmark/flexmark/0.32.4/flexmark-0.32.4.jar:/root/./workspace/gunnarro/diet-manager/409215400/.m2/com/vladsch/flexmark/flexmark-ext-abbreviation/0.32.4/flexmark-ext-abbreviation-0.32.4.jar:/root/./workspace/gunnarro/diet-manager/409215400/.m2/com/vladsch/flexmark/flexmark-ext-anchorlink/0.32.4/flexmark-ext-anchorlink-0.32.4.jar:/root/./workspace/gunnarro/diet-manager/409215400/.m2/com/vladsch/flexmark/flexmark-ext-aside/0.32.4/flexmark-ext-aside-0.32.4.jar:/root/./workspace/gunnarro/diet-manager/409215400/.m2/com/vladsch/flexmark/flexmark-ext-attributes/0.32.4/flexmark-ext-attributes-0.32.4.jar:/root/./workspace/gunnarro/diet-manager/409215400/.m2/com/vladsch/flexmark/flexmark-ext-autolink/0.32.4/flexmark-ext-autolink-0.32.4.jar:/root/./workspace/gunnarro/diet-manager/409215400/.m2/org/nibor/autolink/autolink/0.6.0/autolink-0.6.0.jar:/root/./workspace/gunnarro/diet-manager/409215400/.m2/com/vladsch/flexmark/flexmark-ext-definition/0.32.4/flexmark-ext-definition-0.32.4.jar:/root/./workspace/gunnarro/diet-manager/409215400/.m2/com/vladsch/flexmark/flexmark-ext-emoji/0.32.4/flexmark-ext-emoji-0.32.4.jar:/root/./workspace/gunnarro/diet-manager/409215400/.m2/com/vladsch/flexmark/flexmark-ext-enumerated-reference/0.32.4/flexmark-ext-enumerated-reference-0.32.4.jar:/root/./workspace/gunnarro/diet-manager/409215400/.m2/com/vladsch/flexmark/flexmark-ext-escaped-character/0.32.4/flexmark-ext-escaped-character-0.32.4.jar:/root/./workspace/gunnarro/diet-manager/409215400/.m2/com/vladsch/flexmark/flexmark-ext-footnotes/0.32.4/flexmark-ext-footnotes-0.32.4.jar:/root/./workspace/gunnarro/diet-manager/409215400/.m2/com/vladsch/flexmark/flexmark-ext-gfm-issues/0.32.4/flexmark-ext-gfm-issues-0.32.4.jar:/root/./workspace/gunnarro/diet-manager/409215400/.m2/com/vladsch/flexmark/flexmark-ext-gfm-strikethrough/0.32.4/flexmark-ext-gfm-strikethrough-0.32.4.jar:/root/./workspace/gunnarro/diet-manager/409215400/.m2/com/vladsch/flexmark/flexmark-ext-gfm-tables/0.32.4/flexmark-ext-gfm-tables-0.32.4.jar:/root/./workspace/gunnarro/diet-manager/409215400/.m2/com/vladsch/flexmark/flexmark-ext-gfm-tasklist/0.32.4/flexmark-ext-gfm-tasklist-0.32.4.jar:/root/./workspace/gunnarro/diet-manager/409215400/.m2/com/vladsch/flexmark/flexmark-ext-gfm-users/0.32.4/flexmark-ext-gfm-users-0.32.4.jar:/root/./workspace/gunnarro/diet-manager/409215400/.m2/com/vladsch/flexmark/flexmark-ext-jekyll-front-matter/0.32.4/flexmark-ext-jekyll-front-matter-0.32.4.jar:/root/./workspace/gunnarro/diet-manager/409215400/.m2/com/vladsch/flexmark/flexmark-ext-jekyll-tag/0.32.4/flexmark-ext-jekyll-tag-0.32.4.jar:/root/./workspace/gunnarro/diet-manager/409215400/.m2/com/vladsch/flexmark/flexmark-ext-ins/0.32.4/flexmark-ext-ins-0.32.4.jar:/root/./workspace/gunnarro/diet-manager/409215400/.m2/com/vladsch/flexmark/flexmark-ext-xwiki-macros/0.32.4/flexmark-ext-xwiki-macros-0.32.4.jar:/root/./workspace/gunnarro/diet-manager/409215400/.m2/com/vladsch/flexmark/flexmark-ext-superscript/0.32.4/flexmark-ext-superscript-0.32.4.jar:/root/./workspace/gunnarro/diet-manager/409215400/.m2/com/vladsch/flexmark/flexmark-ext-tables/0.32.4/flexmark-ext-tables-0.32.4.jar:/root/./workspace/gunnarro/diet-manager/409215400/.m2/com/vladsch/flexmark/flexmark-ext-toc/0.32.4/flexmark-ext-toc-0.32.4.jar:/root/./workspace/gunnarro/diet-manager/409215400/.m2/com/vladsch/flexmark/flexmark-ext-typographic/0.32.4/flexmark-ext-typographic-0.32.4.jar:/root/./workspace/gunnarro/diet-manager/409215400/.m2/com/vladsch/flexmark/flexmark-ext-wikilink/0.32.4/flexmark-ext-wikilink-0.32.4.jar:/root/./workspace/gunnarro/diet-manager/409215400/.m2/com/vladsch/flexmark/flexmark-ext-yaml-front-matter/0.32.4/flexmark-ext-yaml-front-matter-0.32.4.jar:/root/./workspace/gunnarro/diet-manager/409215400/.m2/com/vladsch/flexmark/flexmark-ext-youtube-embedded/0.32.4/flexmark-ext-youtube-embedded-0.32.4.jar:/root/./workspace/gunnarro/diet-manager/409215400/.m2/com/vladsch/flexmark/flexmark-formatter/0.32.4/flexmark-formatter-0.32.4.jar:/root/./workspace/gunnarro/diet-manager/409215400/.m2/com/vladsch/flexmark/flexmark-html-parser/0.32.4/flexmark-html-parser-0.32.4.jar:/root/./workspace/gunnarro/diet-manager/409215400/.m2/org/jsoup/jsoup/1.10.2/jsoup-1.10.2.jar:/root/./workspace/gunnarro/diet-manager/409215400/.m2/com/vladsch/flexmark/flexmark-jira-converter/0.32.4/flexmark-jira-converter-0.32.4.jar:/root/./workspace/gunnarro/diet-manager/409215400/.m2/com/vladsch/flexmark/flexmark-pdf-converter/0.32.4/flexmark-pdf-converter-0.32.4.jar:/root/./workspace/gunnarro/diet-manager/409215400/.m2/com/openhtmltopdf/openhtmltopdf-core/0.0.1-RC9/openhtmltopdf-core-0.0.1-RC9.jar:/root/./workspace/gunnarro/diet-manager/409215400/.m2/com/openhtmltopdf/openhtmltopdf-pdfbox/0.0.1-RC9/openhtmltopdf-pdfbox-0.0.1-RC9.jar:/root/./workspace/gunnarro/diet-manager/409215400/.m2/org/apache/pdfbox/pdfbox/2.0.4/pdfbox-2.0.4.jar:/root/./workspace/gunnarro/diet-manager/409215400/.m2/org/apache/pdfbox/fontbox/2.0.4/fontbox-2.0.4.jar:/root/./workspace/gunnarro/diet-manager/409215400/.m2/commons-logging/commons-logging/1.2/commons-logging-1.2.jar:/root/./workspace/gunnarro/diet-manager/409215400/.m2/com/openhtmltopdf/openhtmltopdf-rtl-support/0.0.1-RC9/openhtmltopdf-rtl-support-0.0.1-RC9.jar:/root/./workspace/gunnarro/diet-manager/409215400/.m2/com/ibm/icu/icu4j/58.1/icu4j-58.1.jar:/root/./workspace/gunnarro/diet-manager/409215400/.m2/com/openhtmltopdf/openhtmltopdf-jsoup-dom-converter/0.0.1-RC9/openhtmltopdf-jsoup-dom-converter-0.0.1-RC9.jar:/root/./workspace/gunnarro/diet-manager/409215400/.m2/com/vladsch/flexmark/flexmark-profile-pegdown/0.32.4/flexmark-profile-pegdown-0.32.4.jar:/root/./workspace/gunnarro/diet-manager/409215400/.m2/com/vladsch/flexmark/flexmark-util/0.32.4/flexmark-util-0.32.4.jar:/root/./workspace/gunnarro/diet-manager/409215400/.m2/com/vladsch/flexmark/flexmark-youtrack-converter/0.32.4/flexmark-youtrack-converter-0.32.4.jar:/root/./workspace/gunnarro/diet-manager/409215400/.m2/org/springframework/boot/spring-boot-starter-web/2.0.3.RELEASE/spring-boot-starter-web-2.0.3.RELEASE.jar:/root/./workspace/gunnarro/diet-manager/409215400/.m2/org/springframework/boot/spring-boot-starter/2.0.3.RELEASE/spring-boot-starter-2.0.3.RELEASE.jar:/root/./workspace/gunnarro/diet-manager/409215400/.m2/javax/annotation/javax.annotation-api/1.3.2/javax.annotation-api-1.3.2.jar:/root/./workspace/gunnarro/diet-manager/409215400/.m2/org/yaml/snakeyaml/1.19/snakeyaml-1.19.jar:/root/./workspace/gunnarro/diet-manager/409215400/.m2/org/springframework/boot/spring-boot-starter-json/2.0.3.RELEASE/spring-boot-starter-json-2.0.3.RELEASE.jar:/root/./workspace/gunnarro/diet-manager/409215400/.m2/com/fasterxml/jackson/datatype/jackson-datatype-jdk8/2.9.6/jackson-datatype-jdk8-2.9.6.jar:/root/./workspace/gunnarro/diet-manager/409215400/.m2/com/fasterxml/jackson/datatype/jackson-datatype-jsr310/2.9.6/jackson-datatype-jsr310-2.9.6.jar:/root/./workspace/gunnarro/diet-manager/409215400/.m2/com/fasterxml/jackson/module/jackson-module-parameter-names/2.9.6/jackson-module-parameter-names-2.9.6.jar:/root/./workspace/gunnarro/diet-manager/409215400/.m2/org/springframework/boot/spring-boot-starter-tomcat/2.0.3.RELEASE/spring-boot-starter-tomcat-2.0.3.RELEASE.jar:/root/./workspace/gunnarro/diet-manager/409215400/.m2/org/apache/tomcat/embed/tomcat-embed-core/8.5.31/tomcat-embed-core-8.5.31.jar:/root/./workspace/gunnarro/diet-manager/409215400/.m2/org/apache/tomcat/embed/tomcat-embed-el/8.5.31/tomcat-embed-el-8.5.31.jar:/root/./workspace/gunnarro/diet-manager/409215400/.m2/org/apache/tomcat/embed/tomcat-embed-websocket/8.5.31/tomcat-embed-websocket-8.5.31.jar:/root/./workspace/gunnarro/diet-manager/409215400/.m2/org/hibernate/validator/hibernate-validator/6.0.10.Final/hibernate-validator-6.0.10.Final.jar:/root/./workspace/gunnarro/diet-manager/409215400/.m2/org/jboss/logging/jboss-logging/3.3.2.Final/jboss-logging-3.3.2.Final.jar:/root/./workspace/gunnarro/diet-manager/409215400/.m2/com/fasterxml/classmate/1.3.4/classmate-1.3.4.jar:/root/./workspace/gunnarro/diet-manager/409215400/.m2/org/springframework/spring-web/5.0.7.RELEASE/spring-web-5.0.7.RELEASE.jar:/root/./workspace/gunnarro/diet-manager/409215400/.m2/org/springframework/spring-webmvc/5.0.7.RELEASE/spring-webmvc-5.0.7.RELEASE.jar:/root/./workspace/gunnarro/diet-manager/409215400/.m2/org/springframework/spring-context/5.0.7.RELEASE/spring-context-5.0.7.RELEASE.jar:/root/./workspace/gunnarro/diet-manager/409215400/.m2/org/springframework/spring-expression/5.0.7.RELEASE/spring-expression-5.0.7.RELEASE.jar:/root/./workspace/gunnarro/diet-manager/409215400/.m2/org/springframework/boot/spring-boot-starter-security/2.0.3.RELEASE/spring-boot-starter-security-2.0.3.RELEASE.jar:/root/./workspace/gunnarro/diet-manager/409215400/.m2/org/springframework/spring-aop/5.0.7.RELEASE/spring-aop-5.0.7.RELEASE.jar:/root/./workspace/gunnarro/diet-manager/409215400/.m2/org/springframework/security/spring-security-config/5.0.6.RELEASE/spring-security-config-5.0.6.RELEASE.jar:/root/./workspace/gunnarro/diet-manager/409215400/.m2/org/springframework/security/spring-security-core/5.0.6.RELEASE/spring-security-core-5.0.6.RELEASE.jar:/root/./workspace/gunnarro/diet-manager/409215400/.m2/org/springframework/security/spring-security-web/5.0.6.RELEASE/spring-security-web-5.0.6.RELEASE.jar:/root/./workspace/gunnarro/diet-manager/409215400/.m2/org/springframework/boot/spring-boot-starter-thymeleaf/2.0.3.RELEASE/spring-boot-starter-thymeleaf-2.0.3.RELEASE.jar:/root/./workspace/gunnarro/diet-manager/409215400/.m2/org/thymeleaf/thymeleaf-spring5/3.0.9.RELEASE/thymeleaf-spring5-3.0.9.RELEASE.jar:/root/./workspace/gunnarro/diet-manager/409215400/.m2/org/thymeleaf/thymeleaf/3.0.9.RELEASE/thymeleaf-3.0.9.RELEASE.jar:/root/./workspace/gunnarro/diet-manager/409215400/.m2/org/attoparser/attoparser/2.0.4.RELEASE/attoparser-2.0.4.RELEASE.jar:/root/./workspace/gunnarro/diet-manager/409215400/.m2/org/unbescape/unbescape/1.1.5.RELEASE/unbescape-1.1.5.RELEASE.jar:/root/./workspace/gunnarro/diet-manager/409215400/.m2/org/thymeleaf/extras/thymeleaf-extras-java8time/3.0.1.RELEASE/thymeleaf-extras-java8time-3.0.1.RELEASE.jar:/root/./workspace/gunnarro/diet-manager/409215400/.m2/org/thymeleaf/extras/thymeleaf-extras-springsecurity4/3.0.2.RELEASE/thymeleaf-extras-springsecurity4-3.0.2.RELEASE.jar:/root/./workspace/gunnarro/diet-manager/409215400/.m2/org/springframework/boot/spring-boot-starter-jdbc/2.0.3.RELEASE/spring-boot-starter-jdbc-2.0.3.RELEASE.jar:/root/./workspace/gunnarro/diet-manager/409215400/.m2/com/zaxxer/HikariCP/2.7.9/HikariCP-2.7.9.jar:/root/./workspace/gunnarro/diet-manager/409215400/.m2/org/springframework/spring-jdbc/5.0.7.RELEASE/spring-jdbc-5.0.7.RELEASE.jar:/root/./workspace/gunnarro/diet-manager/409215400/.m2/org/springframework/spring-tx/5.0.7.RELEASE/spring-tx-5.0.7.RELEASE.jar:/root/./workspace/gunnarro/diet-manager/409215400/.m2/org/springframework/boot/spring-boot-starter-log4j2/2.0.3.RELEASE/spring-boot-starter-log4j2-2.0.3.RELEASE.jar:/root/./workspace/gunnarro/diet-manager/409215400/.m2/org/apache/logging/log4j/log4j-slf4j-impl/2.10.0/log4j-slf4j-impl-2.10.0.jar:/root/./workspace/gunnarro/diet-manager/409215400/.m2/org/apache/logging/log4j/log4j-api/2.10.0/log4j-api-2.10.0.jar:/root/./workspace/gunnarro/diet-manager/409215400/.m2/org/apache/logging/log4j/log4j-core/2.10.0/log4j-core-2.10.0.jar:/root/./workspace/gunnarro/diet-manager/409215400/.m2/org/apache/logging/log4j/log4j-jul/2.10.0/log4j-jul-2.10.0.jar:/root/./workspace/gunnarro/diet-manager/409215400/.m2/org/slf4j/jul-to-slf4j/1.7.25/jul-to-slf4j-1.7.25.jar:/root/./workspace/gunnarro/diet-manager/409215400/.m2/com/lmax/disruptor/3.4.1/disruptor-3.4.1.jar:/root/./workspace/gunnarro/diet-manager/409215400/.m2/org/springframework/boot/spring-boot-starter-actuator/2.0.3.RELEASE/spring-boot-starter-actuator-2.0.3.RELEASE.jar:/root/./workspace/gunnarro/diet-manager/409215400/.m2/org/springframework/boot/spring-boot-actuator-autoconfigure/2.0.3.RELEASE/spring-boot-actuator-autoconfigure-2.0.3.RELEASE.jar:/root/./workspace/gunnarro/diet-manager/409215400/.m2/org/springframework/boot/spring-boot-actuator/2.0.3.RELEASE/spring-boot-actuator-2.0.3.RELEASE.jar:/root/./workspace/gunnarro/diet-manager/409215400/.m2/io/micrometer/micrometer-core/1.0.5/micrometer-core-1.0.5.jar:/root/./workspace/gunnarro/diet-manager/409215400/.m2/org/hdrhistogram/HdrHistogram/2.1.10/HdrHistogram-2.1.10.jar:/root/./workspace/gunnarro/diet-manager/409215400/.m2/org/latencyutils/LatencyUtils/2.0.3/LatencyUtils-2.0.3.jar:/root/./workspace/gunnarro/diet-manager/409215400/.m2/org/springframework/boot/spring-boot-devtools/2.0.3.RELEASE/spring-boot-devtools-2.0.3.RELEASE.jar:/root/./workspace/gunnarro/diet-manager/409215400/.m2/org/springframework/boot/spring-boot/2.0.3.RELEASE/spring-boot-2.0.3.RELEASE.jar:/root/./workspace/gunnarro/diet-manager/409215400/.m2/org/springframework/boot/spring-boot-autoconfigure/2.0.3.RELEASE/spring-boot-autoconfigure-2.0.3.RELEASE.jar:/root/./workspace/gunnarro/diet-manager/409215400/.m2/org/springframework/boot/spring-boot-starter-test/2.0.3.RELEASE/spring-boot-starter-test-2.0.3.RELEASE.jar:/root/./workspace/gunnarro/diet-manager/409215400/.m2/org/springframework/boot/spring-boot-test/2.0.3.RELEASE/spring-boot-test-2.0.3.RELEASE.jar:/root/./workspace/gunnarro/diet-manager/409215400/.m2/org/springframework/boot/spring-boot-test-autoconfigure/2.0.3.RELEASE/spring-boot-test-autoconfigure-2.0.3.RELEASE.jar:/root/./workspace/gunnarro/diet-manager/409215400/.m2/com/jayway/jsonpath/json-path/2.4.0/json-path-2.4.0.jar:/root/./workspace/gunnarro/diet-manager/409215400/.m2/net/minidev/json-smart/2.3/json-smart-2.3.jar:/root/./workspace/gunnarro/diet-manager/409215400/.m2/net/minidev/accessors-smart/1.2/accessors-smart-1.2.jar:/root/./workspace/gunnarro/diet-manager/409215400/.m2/org/ow2/asm/asm/5.0.4/asm-5.0.4.jar:/root/./workspace/gunnarro/diet-manager/409215400/.m2/org/assertj/assertj-core/3.9.1/assertj-core-3.9.1.jar:/root/./workspace/gunnarro/diet-manager/409215400/.m2/org/mockito/mockito-core/2.15.0/mockito-core-2.15.0.jar:/root/./workspace/gunnarro/diet-manager/409215400/.m2/net/bytebuddy/byte-buddy/1.7.11/byte-buddy-1.7.11.jar:/root/./workspace/gunnarro/diet-manager/409215400/.m2/net/bytebuddy/byte-buddy-agent/1.7.11/byte-buddy-agent-1.7.11.jar:/root/./workspace/gunnarro/diet-manager/409215400/.m2/org/objenesis/objenesis/2.6/objenesis-2.6.jar:/root/./workspace/gunnarro/diet-manager/409215400/.m2/org/hamcrest/hamcrest-core/1.3/hamcrest-core-1.3.jar:/root/./workspace/gunnarro/diet-manager/409215400/.m2/org/hamcrest/hamcrest-library/1.3/hamcrest-library-1.3.jar:/root/./workspace/gunnarro/diet-manager/409215400/.m2/org/skyscreamer/jsonassert/1.5.0/jsonassert-1.5.0.jar:/root/./workspace/gunnarro/diet-manager/409215400/.m2/com/vaadin/external/google/android-json/0.0.20131108.vaadin1/android-json-0.0.20131108.vaadin1.jar:/root/./workspace/gunnarro/diet-manager/409215400/.m2/org/xmlunit/xmlunit-core/2.5.1/xmlunit-core-2.5.1.jar:/root/./workspace/gunnarro/diet-manager/409215400/.m2/org/springframework/social/spring-social-config/2.0.0.M4/spring-social-config-2.0.0.M4.jar:/root/./workspace/gunnarro/diet-manager/409215400/.m2/org/springframework/social/spring-social-core/2.0.0.M4/spring-social-core-2.0.0.M4.jar:/root/./workspace/gunnarro/diet-manager/409215400/.m2/org/springframework/social/spring-social-web/2.0.0.M4/spring-social-web-2.0.0.M4.jar:/root/./workspace/gunnarro/diet-manager/409215400/.m2/javax/inject/javax.inject/1/javax.inject-1.jar:/root/./workspace/gunnarro/diet-manager/409215400/.m2/org/springframework/social/spring-social-security/2.0.0.M4/spring-social-security-2.0.0.M4.jar:/root/./workspace/gunnarro/diet-manager/409215400/.m2/mysql/mysql-connector-java/5.1.45/mysql-connector-java-5.1.45.jar:/root/./workspace/gunnarro/diet-manager/409215400/.m2/com/fasterxml/jackson/core/jackson-core/2.9.4/jackson-core-2.9.4.jar:/root/./workspace/gunnarro/diet-manager/409215400/.m2/com/fasterxml/jackson/core/jackson-databind/2.9.4/jackson-databind-2.9.4.jar:/root/./workspace/gunnarro/diet-manager/409215400/.m2/com/fasterxml/jackson/core/jackson-annotations/2.9.4/jackson-annotations-2.9.4.jar:/root/./workspace/gunnarro/diet-manager/409215400/.m2/org/webjars/bootstrap/4.1.2/bootstrap-4.1.2.jar:/root/./workspace/gunnarro/diet-manager/409215400/.m2/org/webjars/jquery-ui/1.12.1/jquery-ui-1.12.1.jar:/root/./workspace/gunnarro/diet-manager/409215400/.m2/org/webjars/jquery/3.3.1-1/jquery-3.3.1-1.jar:/root/./workspace/gunnarro/diet-manager/409215400/.m2/org/webjars/popper.js/1.14.1/popper.js-1.14.1.jar:/root/./workspace/gunnarro/diet-manager/409215400/.m2/javassist/javassist/3.12.1.GA/javassist-3.12.1.GA.jar:/root/./workspace/gunnarro/diet-manager/409215400/.m2/org/apache/commons/commons-lang3/3.7/commons-lang3-3.7.jar:/root/./workspace/gunnarro/diet-manager/409215400/.m2/javax/validation/validation-api/2.0.0.Final/validation-api-2.0.0.Final.jar:/root/./workspace/gunnarro/diet-manager/409215400/.m2/org/hsqldb/hsqldb/2.3.4/hsqldb-2.3.4.jar:/root/./workspace/gunnarro/diet-manager/409215400/.m2/org/springframework/spring-test/5.0.4.RELEASE/spring-test-5.0.4.RELEASE.jar:/root/./workspace/gunnarro/diet-manager/409215400/.m2/junit/junit/4.12/junit-4.12.jar:/root/./workspace/gunnarro/diet-manager/409215400/.m2/org/mockito/mockito-all/1.9.5/mockito-all-1.9.5.jar:/root/./workspace/gunnarro/diet-manager/409215400/.m2/cglib/cglib-nodep/2.2/cglib-nodep-2.2.jar:/root/./workspace/gunnarro/diet-manager/409215400/.m2/com/h2database/h2/1.4.196/h2-1.4.196.jar:/root/./workspace/gunnarro/diet-manager/409215400/.m2/ch/vorburger/mariaDB4j/mariaDB4j/2.2.3/mariaDB4j-2.2.3.jar:/root/./workspace/gunnarro/diet-manager/409215400/.m2/ch/vorburger/mariaDB4j/mariaDB4j-core/2.2.3/mariaDB4j-core-2.2.3.jar:/root/./workspace/gunnarro/diet-manager/409215400/.m2/org/apache/commons/commons-collections4/4.1/commons-collections4-4.1.jar:/root/./workspace/gunnarro/diet-manager/409215400/.m2/org/apache/commons/commons-exec/1.3/commons-exec-1.3.jar:/root/./workspace/gunnarro/diet-manager/409215400/.m2/commons-io/commons-io/2.5/commons-io-2.5.jar:/root/./workspace/gunnarro/diet-manager/409215400/.m2/ch/vorburger/mariaDB4j/mariaDB4j-db-linux64/10.1.13/mariaDB4j-db-linux64-10.1.13.jar:/root/./workspace/gunnarro/diet-manager/409215400/.m2/ch/vorburger/mariaDB4j/mariaDB4j-db-win32/10.1.20/mariaDB4j-db-win32-10.1.20.jar:/root/./workspace/gunnarro/diet-manager/409215400/.m2/ch/vorburger/mariaDB4j/mariaDB4j-db-mac64/10.1.9/mariaDB4j-db-mac64-10.1.9.jar:/root/./workspace/gunnarro/diet-manager/409215400/.m2/org/mariadb/jdbc/mariadb-java-client/2.2.5/mariadb-java-client-2.2.5.jar:/root/./workspace/gunnarro/diet-manager/409215400/.m2/org/sonarsource/java/sonar-jacoco-listeners/5.1.1.13214/sonar-jacoco-listeners-5.1.1.13214.jar:"/>
    <property name="java.vm.vendor" value="Oracle Corporation"/>
    <property name="skip.bower" value="true"/>
    <property name="sun.arch.data.model" value="64"/>
    <property name="java.vendor.url" value="http://java.oracle.com/"/>
    <property name="user.timezone" value=""/>
    <property name="java.vm.specification.version" value="1.8"/>
    <property name="os.name" value="Linux"/>
    <property name="rat.skip" value="true"/>
    <property name="gpg.skip" value="true"/>
    <property name="sun.java.launcher" value="SUN_STANDARD"/>
    <property name="sun.boot.library.path" value="/usr/lib/jvm/java-8-openjdk-amd64/jre/lib/amd64"/>
    <property name="skip.gulp" value="true"/>
    <property name="sun.java.command" value="/root/workspace/gunnarro/diet-manager/409215400/target/surefire/surefirebooter8845393706744747162.jar /root/workspace/gunnarro/diet-manager/409215400/target/surefire 2018-07-28T08-57-44_591-jvmRun1 surefire6713711329969090977tmp surefire_04051381226578293940tmp"/>
    <property name="dependency-check.skip" value="true"/>
    <property name="surefire.test.class.path" value="/root/workspace/gunnarro/diet-manager/409215400/target/test-classes:/root/workspace/gunnarro/diet-manager/409215400/target/classes:/root/workspace/gunnarro/diet-manager/409215400/src/main/resources/lib/user-manager-1.2.0.jar:/root/./workspace/gunnarro/diet-manager/409215400/.m2/org/springframework/data/spring-data-commons/2.0.8.RELEASE/spring-data-commons-2.0.8.RELEASE.jar:/root/./workspace/gunnarro/diet-manager/409215400/.m2/org/springframework/spring-core/5.0.7.RELEASE/spring-core-5.0.7.RELEASE.jar:/root/./workspace/gunnarro/diet-manager/409215400/.m2/org/springframework/spring-jcl/5.0.7.RELEASE/spring-jcl-5.0.7.RELEASE.jar:/root/./workspace/gunnarro/diet-manager/409215400/.m2/org/springframework/spring-beans/5.0.7.RELEASE/spring-beans-5.0.7.RELEASE.jar:/root/./workspace/gunnarro/diet-manager/409215400/.m2/org/slf4j/slf4j-api/1.7.25/slf4j-api-1.7.25.jar:/root/./workspace/gunnarro/diet-manager/409215400/.m2/joda-time/joda-time/2.9.6/joda-time-2.9.6.jar:/root/./workspace/gunnarro/diet-manager/409215400/.m2/com/vladsch/flexmark/flexmark-all/0.32.4/flexmark-all-0.32.4.jar:/root/./workspace/gunnarro/diet-manager/409215400/.m2/com/vladsch/flexmark/flexmark/0.32.4/flexmark-0.32.4.jar:/root/./workspace/gunnarro/diet-manager/409215400/.m2/com/vladsch/flexmark/flexmark-ext-abbreviation/0.32.4/flexmark-ext-abbreviation-0.32.4.jar:/root/./workspace/gunnarro/diet-manager/409215400/.m2/com/vladsch/flexmark/flexmark-ext-anchorlink/0.32.4/flexmark-ext-anchorlink-0.32.4.jar:/root/./workspace/gunnarro/diet-manager/409215400/.m2/com/vladsch/flexmark/flexmark-ext-aside/0.32.4/flexmark-ext-aside-0.32.4.jar:/root/./workspace/gunnarro/diet-manager/409215400/.m2/com/vladsch/flexmark/flexmark-ext-attributes/0.32.4/flexmark-ext-attributes-0.32.4.jar:/root/./workspace/gunnarro/diet-manager/409215400/.m2/com/vladsch/flexmark/flexmark-ext-autolink/0.32.4/flexmark-ext-autolink-0.32.4.jar:/root/./workspace/gunnarro/diet-manager/409215400/.m2/org/nibor/autolink/autolink/0.6.0/autolink-0.6.0.jar:/root/./workspace/gunnarro/diet-manager/409215400/.m2/com/vladsch/flexmark/flexmark-ext-definition/0.32.4/flexmark-ext-definition-0.32.4.jar:/root/./workspace/gunnarro/diet-manager/409215400/.m2/com/vladsch/flexmark/flexmark-ext-emoji/0.32.4/flexmark-ext-emoji-0.32.4.jar:/root/./workspace/gunnarro/diet-manager/409215400/.m2/com/vladsch/flexmark/flexmark-ext-enumerated-reference/0.32.4/flexmark-ext-enumerated-reference-0.32.4.jar:/root/./workspace/gunnarro/diet-manager/409215400/.m2/com/vladsch/flexmark/flexmark-ext-escaped-character/0.32.4/flexmark-ext-escaped-character-0.32.4.jar:/root/./workspace/gunnarro/diet-manager/409215400/.m2/com/vladsch/flexmark/flexmark-ext-footnotes/0.32.4/flexmark-ext-footnotes-0.32.4.jar:/root/./workspace/gunnarro/diet-manager/409215400/.m2/com/vladsch/flexmark/flexmark-ext-gfm-issues/0.32.4/flexmark-ext-gfm-issues-0.32.4.jar:/root/./workspace/gunnarro/diet-manager/409215400/.m2/com/vladsch/flexmark/flexmark-ext-gfm-strikethrough/0.32.4/flexmark-ext-gfm-strikethrough-0.32.4.jar:/root/./workspace/gunnarro/diet-manager/409215400/.m2/com/vladsch/flexmark/flexmark-ext-gfm-tables/0.32.4/flexmark-ext-gfm-tables-0.32.4.jar:/root/./workspace/gunnarro/diet-manager/409215400/.m2/com/vladsch/flexmark/flexmark-ext-gfm-tasklist/0.32.4/flexmark-ext-gfm-tasklist-0.32.4.jar:/root/./workspace/gunnarro/diet-manager/409215400/.m2/com/vladsch/flexmark/flexmark-ext-gfm-users/0.32.4/flexmark-ext-gfm-users-0.32.4.jar:/root/./workspace/gunnarro/diet-manager/409215400/.m2/com/vladsch/flexmark/flexmark-ext-jekyll-front-matter/0.32.4/flexmark-ext-jekyll-front-matter-0.32.4.jar:/root/./workspace/gunnarro/diet-manager/409215400/.m2/com/vladsch/flexmark/flexmark-ext-jekyll-tag/0.32.4/flexmark-ext-jekyll-tag-0.32.4.jar:/root/./workspace/gunnarro/diet-manager/409215400/.m2/com/vladsch/flexmark/flexmark-ext-ins/0.32.4/flexmark-ext-ins-0.32.4.jar:/root/./workspace/gunnarro/diet-manager/409215400/.m2/com/vladsch/flexmark/flexmark-ext-xwiki-macros/0.32.4/flexmark-ext-xwiki-macros-0.32.4.jar:/root/./workspace/gunnarro/diet-manager/409215400/.m2/com/vladsch/flexmark/flexmark-ext-superscript/0.32.4/flexmark-ext-superscript-0.32.4.jar:/root/./workspace/gunnarro/diet-manager/409215400/.m2/com/vladsch/flexmark/flexmark-ext-tables/0.32.4/flexmark-ext-tables-0.32.4.jar:/root/./workspace/gunnarro/diet-manager/409215400/.m2/com/vladsch/flexmark/flexmark-ext-toc/0.32.4/flexmark-ext-toc-0.32.4.jar:/root/./workspace/gunnarro/diet-manager/409215400/.m2/com/vladsch/flexmark/flexmark-ext-typographic/0.32.4/flexmark-ext-typographic-0.32.4.jar:/root/./workspace/gunnarro/diet-manager/409215400/.m2/com/vladsch/flexmark/flexmark-ext-wikilink/0.32.4/flexmark-ext-wikilink-0.32.4.jar:/root/./workspace/gunnarro/diet-manager/409215400/.m2/com/vladsch/flexmark/flexmark-ext-yaml-front-matter/0.32.4/flexmark-ext-yaml-front-matter-0.32.4.jar:/root/./workspace/gunnarro/diet-manager/409215400/.m2/com/vladsch/flexmark/flexmark-ext-youtube-embedded/0.32.4/flexmark-ext-youtube-embedded-0.32.4.jar:/root/./workspace/gunnarro/diet-manager/409215400/.m2/com/vladsch/flexmark/flexmark-formatter/0.32.4/flexmark-formatter-0.32.4.jar:/root/./workspace/gunnarro/diet-manager/409215400/.m2/com/vladsch/flexmark/flexmark-html-parser/0.32.4/flexmark-html-parser-0.32.4.jar:/root/./workspace/gunnarro/diet-manager/409215400/.m2/org/jsoup/jsoup/1.10.2/jsoup-1.10.2.jar:/root/./workspace/gunnarro/diet-manager/409215400/.m2/com/vladsch/flexmark/flexmark-jira-converter/0.32.4/flexmark-jira-converter-0.32.4.jar:/root/./workspace/gunnarro/diet-manager/409215400/.m2/com/vladsch/flexmark/flexmark-pdf-converter/0.32.4/flexmark-pdf-converter-0.32.4.jar:/root/./workspace/gunnarro/diet-manager/409215400/.m2/com/openhtmltopdf/openhtmltopdf-core/0.0.1-RC9/openhtmltopdf-core-0.0.1-RC9.jar:/root/./workspace/gunnarro/diet-manager/409215400/.m2/com/openhtmltopdf/openhtmltopdf-pdfbox/0.0.1-RC9/openhtmltopdf-pdfbox-0.0.1-RC9.jar:/root/./workspace/gunnarro/diet-manager/409215400/.m2/org/apache/pdfbox/pdfbox/2.0.4/pdfbox-2.0.4.jar:/root/./workspace/gunnarro/diet-manager/409215400/.m2/org/apache/pdfbox/fontbox/2.0.4/fontbox-2.0.4.jar:/root/./workspace/gunnarro/diet-manager/409215400/.m2/commons-logging/commons-logging/1.2/commons-logging-1.2.jar:/root/./workspace/gunnarro/diet-manager/409215400/.m2/com/openhtmltopdf/openhtmltopdf-rtl-support/0.0.1-RC9/openhtmltopdf-rtl-support-0.0.1-RC9.jar:/root/./workspace/gunnarro/diet-manager/409215400/.m2/com/ibm/icu/icu4j/58.1/icu4j-58.1.jar:/root/./workspace/gunnarro/diet-manager/409215400/.m2/com/openhtmltopdf/openhtmltopdf-jsoup-dom-converter/0.0.1-RC9/openhtmltopdf-jsoup-dom-converter-0.0.1-RC9.jar:/root/./workspace/gunnarro/diet-manager/409215400/.m2/com/vladsch/flexmark/flexmark-profile-pegdown/0.32.4/flexmark-profile-pegdown-0.32.4.jar:/root/./workspace/gunnarro/diet-manager/409215400/.m2/com/vladsch/flexmark/flexmark-util/0.32.4/flexmark-util-0.32.4.jar:/root/./workspace/gunnarro/diet-manager/409215400/.m2/com/vladsch/flexmark/flexmark-youtrack-converter/0.32.4/flexmark-youtrack-converter-0.32.4.jar:/root/./workspace/gunnarro/diet-manager/409215400/.m2/org/springframework/boot/spring-boot-starter-web/2.0.3.RELEASE/spring-boot-starter-web-2.0.3.RELEASE.jar:/root/./workspace/gunnarro/diet-manager/409215400/.m2/org/springframework/boot/spring-boot-starter/2.0.3.RELEASE/spring-boot-starter-2.0.3.RELEASE.jar:/root/./workspace/gunnarro/diet-manager/409215400/.m2/javax/annotation/javax.annotation-api/1.3.2/javax.annotation-api-1.3.2.jar:/root/./workspace/gunnarro/diet-manager/409215400/.m2/org/yaml/snakeyaml/1.19/snakeyaml-1.19.jar:/root/./workspace/gunnarro/diet-manager/409215400/.m2/org/springframework/boot/spring-boot-starter-json/2.0.3.RELEASE/spring-boot-starter-json-2.0.3.RELEASE.jar:/root/./workspace/gunnarro/diet-manager/409215400/.m2/com/fasterxml/jackson/datatype/jackson-datatype-jdk8/2.9.6/jackson-datatype-jdk8-2.9.6.jar:/root/./workspace/gunnarro/diet-manager/409215400/.m2/com/fasterxml/jackson/datatype/jackson-datatype-jsr310/2.9.6/jackson-datatype-jsr310-2.9.6.jar:/root/./workspace/gunnarro/diet-manager/409215400/.m2/com/fasterxml/jackson/module/jackson-module-parameter-names/2.9.6/jackson-module-parameter-names-2.9.6.jar:/root/./workspace/gunnarro/diet-manager/409215400/.m2/org/springframework/boot/spring-boot-starter-tomcat/2.0.3.RELEASE/spring-boot-starter-tomcat-2.0.3.RELEASE.jar:/root/./workspace/gunnarro/diet-manager/409215400/.m2/org/apache/tomcat/embed/tomcat-embed-core/8.5.31/tomcat-embed-core-8.5.31.jar:/root/./workspace/gunnarro/diet-manager/409215400/.m2/org/apache/tomcat/embed/tomcat-embed-el/8.5.31/tomcat-embed-el-8.5.31.jar:/root/./workspace/gunnarro/diet-manager/409215400/.m2/org/apache/tomcat/embed/tomcat-embed-websocket/8.5.31/tomcat-embed-websocket-8.5.31.jar:/root/./workspace/gunnarro/diet-manager/409215400/.m2/org/hibernate/validator/hibernate-validator/6.0.10.Final/hibernate-validator-6.0.10.Final.jar:/root/./workspace/gunnarro/diet-manager/409215400/.m2/org/jboss/logging/jboss-logging/3.3.2.Final/jboss-logging-3.3.2.Final.jar:/root/./workspace/gunnarro/diet-manager/409215400/.m2/com/fasterxml/classmate/1.3.4/classmate-1.3.4.jar:/root/./workspace/gunnarro/diet-manager/409215400/.m2/org/springframework/spring-web/5.0.7.RELEASE/spring-web-5.0.7.RELEASE.jar:/root/./workspace/gunnarro/diet-manager/409215400/.m2/org/springframework/spring-webmvc/5.0.7.RELEASE/spring-webmvc-5.0.7.RELEASE.jar:/root/./workspace/gunnarro/diet-manager/409215400/.m2/org/springframework/spring-context/5.0.7.RELEASE/spring-context-5.0.7.RELEASE.jar:/root/./workspace/gunnarro/diet-manager/409215400/.m2/org/springframework/spring-expression/5.0.7.RELEASE/spring-expression-5.0.7.RELEASE.jar:/root/./workspace/gunnarro/diet-manager/409215400/.m2/org/springframework/boot/spring-boot-starter-security/2.0.3.RELEASE/spring-boot-starter-security-2.0.3.RELEASE.jar:/root/./workspace/gunnarro/diet-manager/409215400/.m2/org/springframework/spring-aop/5.0.7.RELEASE/spring-aop-5.0.7.RELEASE.jar:/root/./workspace/gunnarro/diet-manager/409215400/.m2/org/springframework/security/spring-security-config/5.0.6.RELEASE/spring-security-config-5.0.6.RELEASE.jar:/root/./workspace/gunnarro/diet-manager/409215400/.m2/org/springframework/security/spring-security-core/5.0.6.RELEASE/spring-security-core-5.0.6.RELEASE.jar:/root/./workspace/gunnarro/diet-manager/409215400/.m2/org/springframework/security/spring-security-web/5.0.6.RELEASE/spring-security-web-5.0.6.RELEASE.jar:/root/./workspace/gunnarro/diet-manager/409215400/.m2/org/springframework/boot/spring-boot-starter-thymeleaf/2.0.3.RELEASE/spring-boot-starter-thymeleaf-2.0.3.RELEASE.jar:/root/./workspace/gunnarro/diet-manager/409215400/.m2/org/thymeleaf/thymeleaf-spring5/3.0.9.RELEASE/thymeleaf-spring5-3.0.9.RELEASE.jar:/root/./workspace/gunnarro/diet-manager/409215400/.m2/org/thymeleaf/thymeleaf/3.0.9.RELEASE/thymeleaf-3.0.9.RELEASE.jar:/root/./workspace/gunnarro/diet-manager/409215400/.m2/org/attoparser/attoparser/2.0.4.RELEASE/attoparser-2.0.4.RELEASE.jar:/root/./workspace/gunnarro/diet-manager/409215400/.m2/org/unbescape/unbescape/1.1.5.RELEASE/unbescape-1.1.5.RELEASE.jar:/root/./workspace/gunnarro/diet-manager/409215400/.m2/org/thymeleaf/extras/thymeleaf-extras-java8time/3.0.1.RELEASE/thymeleaf-extras-java8time-3.0.1.RELEASE.jar:/root/./workspace/gunnarro/diet-manager/409215400/.m2/org/thymeleaf/extras/thymeleaf-extras-springsecurity4/3.0.2.RELEASE/thymeleaf-extras-springsecurity4-3.0.2.RELEASE.jar:/root/./workspace/gunnarro/diet-manager/409215400/.m2/org/springframework/boot/spring-boot-starter-jdbc/2.0.3.RELEASE/spring-boot-starter-jdbc-2.0.3.RELEASE.jar:/root/./workspace/gunnarro/diet-manager/409215400/.m2/com/zaxxer/HikariCP/2.7.9/HikariCP-2.7.9.jar:/root/./workspace/gunnarro/diet-manager/409215400/.m2/org/springframework/spring-jdbc/5.0.7.RELEASE/spring-jdbc-5.0.7.RELEASE.jar:/root/./workspace/gunnarro/diet-manager/409215400/.m2/org/springframework/spring-tx/5.0.7.RELEASE/spring-tx-5.0.7.RELEASE.jar:/root/./workspace/gunnarro/diet-manager/409215400/.m2/org/springframework/boot/spring-boot-starter-log4j2/2.0.3.RELEASE/spring-boot-starter-log4j2-2.0.3.RELEASE.jar:/root/./workspace/gunnarro/diet-manager/409215400/.m2/org/apache/logging/log4j/log4j-slf4j-impl/2.10.0/log4j-slf4j-impl-2.10.0.jar:/root/./workspace/gunnarro/diet-manager/409215400/.m2/org/apache/logging/log4j/log4j-api/2.10.0/log4j-api-2.10.0.jar:/root/./workspace/gunnarro/diet-manager/409215400/.m2/org/apache/logging/log4j/log4j-core/2.10.0/log4j-core-2.10.0.jar:/root/./workspace/gunnarro/diet-manager/409215400/.m2/org/apache/logging/log4j/log4j-jul/2.10.0/log4j-jul-2.10.0.jar:/root/./workspace/gunnarro/diet-manager/409215400/.m2/org/slf4j/jul-to-slf4j/1.7.25/jul-to-slf4j-1.7.25.jar:/root/./workspace/gunnarro/diet-manager/409215400/.m2/com/lmax/disruptor/3.4.1/disruptor-3.4.1.jar:/root/./workspace/gunnarro/diet-manager/409215400/.m2/org/springframework/boot/spring-boot-starter-actuator/2.0.3.RELEASE/spring-boot-starter-actuator-2.0.3.RELEASE.jar:/root/./workspace/gunnarro/diet-manager/409215400/.m2/org/springframework/boot/spring-boot-actuator-autoconfigure/2.0.3.RELEASE/spring-boot-actuator-autoconfigure-2.0.3.RELEASE.jar:/root/./workspace/gunnarro/diet-manager/409215400/.m2/org/springframework/boot/spring-boot-actuator/2.0.3.RELEASE/spring-boot-actuator-2.0.3.RELEASE.jar:/root/./workspace/gunnarro/diet-manager/409215400/.m2/io/micrometer/micrometer-core/1.0.5/micrometer-core-1.0.5.jar:/root/./workspace/gunnarro/diet-manager/409215400/.m2/org/hdrhistogram/HdrHistogram/2.1.10/HdrHistogram-2.1.10.jar:/root/./workspace/gunnarro/diet-manager/409215400/.m2/org/latencyutils/LatencyUtils/2.0.3/LatencyUtils-2.0.3.jar:/root/./workspace/gunnarro/diet-manager/409215400/.m2/org/springframework/boot/spring-boot-devtools/2.0.3.RELEASE/spring-boot-devtools-2.0.3.RELEASE.jar:/root/./workspace/gunnarro/diet-manager/409215400/.m2/org/springframework/boot/spring-boot/2.0.3.RELEASE/spring-boot-2.0.3.RELEASE.jar:/root/./workspace/gunnarro/diet-manager/409215400/.m2/org/springframework/boot/spring-boot-autoconfigure/2.0.3.RELEASE/spring-boot-autoconfigure-2.0.3.RELEASE.jar:/root/./workspace/gunnarro/diet-manager/409215400/.m2/org/springframework/boot/spring-boot-starter-test/2.0.3.RELEASE/spring-boot-starter-test-2.0.3.RELEASE.jar:/root/./workspace/gunnarro/diet-manager/409215400/.m2/org/springframework/boot/spring-boot-test/2.0.3.RELEASE/spring-boot-test-2.0.3.RELEASE.jar:/root/./workspace/gunnarro/diet-manager/409215400/.m2/org/springframework/boot/spring-boot-test-autoconfigure/2.0.3.RELEASE/spring-boot-test-autoconfigure-2.0.3.RELEASE.jar:/root/./workspace/gunnarro/diet-manager/409215400/.m2/com/jayway/jsonpath/json-path/2.4.0/json-path-2.4.0.jar:/root/./workspace/gunnarro/diet-manager/409215400/.m2/net/minidev/json-smart/2.3/json-smart-2.3.jar:/root/./workspace/gunnarro/diet-manager/409215400/.m2/net/minidev/accessors-smart/1.2/accessors-smart-1.2.jar:/root/./workspace/gunnarro/diet-manager/409215400/.m2/org/ow2/asm/asm/5.0.4/asm-5.0.4.jar:/root/./workspace/gunnarro/diet-manager/409215400/.m2/org/assertj/assertj-core/3.9.1/assertj-core-3.9.1.jar:/root/./workspace/gunnarro/diet-manager/409215400/.m2/org/mockito/mockito-core/2.15.0/mockito-core-2.15.0.jar:/root/./workspace/gunnarro/diet-manager/409215400/.m2/net/bytebuddy/byte-buddy/1.7.11/byte-buddy-1.7.11.jar:/root/./workspace/gunnarro/diet-manager/409215400/.m2/net/bytebuddy/byte-buddy-agent/1.7.11/byte-buddy-agent-1.7.11.jar:/root/./workspace/gunnarro/diet-manager/409215400/.m2/org/objenesis/objenesis/2.6/objenesis-2.6.jar:/root/./workspace/gunnarro/diet-manager/409215400/.m2/org/hamcrest/hamcrest-core/1.3/hamcrest-core-1.3.jar:/root/./workspace/gunnarro/diet-manager/409215400/.m2/org/hamcrest/hamcrest-library/1.3/hamcrest-library-1.3.jar:/root/./workspace/gunnarro/diet-manager/409215400/.m2/org/skyscreamer/jsonassert/1.5.0/jsonassert-1.5.0.jar:/root/./workspace/gunnarro/diet-manager/409215400/.m2/com/vaadin/external/google/android-json/0.0.20131108.vaadin1/android-json-0.0.20131108.vaadin1.jar:/root/./workspace/gunnarro/diet-manager/409215400/.m2/org/xmlunit/xmlunit-core/2.5.1/xmlunit-core-2.5.1.jar:/root/./workspace/gunnarro/diet-manager/409215400/.m2/org/springframework/social/spring-social-config/2.0.0.M4/spring-social-config-2.0.0.M4.jar:/root/./workspace/gunnarro/diet-manager/409215400/.m2/org/springframework/social/spring-social-core/2.0.0.M4/spring-social-core-2.0.0.M4.jar:/root/./workspace/gunnarro/diet-manager/409215400/.m2/org/springframework/social/spring-social-web/2.0.0.M4/spring-social-web-2.0.0.M4.jar:/root/./workspace/gunnarro/diet-manager/409215400/.m2/javax/inject/javax.inject/1/javax.inject-1.jar:/root/./workspace/gunnarro/diet-manager/409215400/.m2/org/springframework/social/spring-social-security/2.0.0.M4/spring-social-security-2.0.0.M4.jar:/root/./workspace/gunnarro/diet-manager/409215400/.m2/mysql/mysql-connector-java/5.1.45/mysql-connector-java-5.1.45.jar:/root/./workspace/gunnarro/diet-manager/409215400/.m2/com/fasterxml/jackson/core/jackson-core/2.9.4/jackson-core-2.9.4.jar:/root/./workspace/gunnarro/diet-manager/409215400/.m2/com/fasterxml/jackson/core/jackson-databind/2.9.4/jackson-databind-2.9.4.jar:/root/./workspace/gunnarro/diet-manager/409215400/.m2/com/fasterxml/jackson/core/jackson-annotations/2.9.4/jackson-annotations-2.9.4.jar:/root/./workspace/gunnarro/diet-manager/409215400/.m2/org/webjars/bootstrap/4.1.2/bootstrap-4.1.2.jar:/root/./workspace/gunnarro/diet-manager/409215400/.m2/org/webjars/jquery-ui/1.12.1/jquery-ui-1.12.1.jar:/root/./workspace/gunnarro/diet-manager/409215400/.m2/org/webjars/jquery/3.3.1-1/jquery-3.3.1-1.jar:/root/./workspace/gunnarro/diet-manager/409215400/.m2/org/webjars/popper.js/1.14.1/popper.js-1.14.1.jar:/root/./workspace/gunnarro/diet-manager/409215400/.m2/javassist/javassist/3.12.1.GA/javassist-3.12.1.GA.jar:/root/./workspace/gunnarro/diet-manager/409215400/.m2/org/apache/commons/commons-lang3/3.7/commons-lang3-3.7.jar:/root/./workspace/gunnarro/diet-manager/409215400/.m2/javax/validation/validation-api/2.0.0.Final/validation-api-2.0.0.Final.jar:/root/./workspace/gunnarro/diet-manager/409215400/.m2/org/hsqldb/hsqldb/2.3.4/hsqldb-2.3.4.jar:/root/./workspace/gunnarro/diet-manager/409215400/.m2/org/springframework/spring-test/5.0.4.RELEASE/spring-test-5.0.4.RELEASE.jar:/root/./workspace/gunnarro/diet-manager/409215400/.m2/junit/junit/4.12/junit-4.12.jar:/root/./workspace/gunnarro/diet-manager/409215400/.m2/org/mockito/mockito-all/1.9.5/mockito-all-1.9.5.jar:/root/./workspace/gunnarro/diet-manager/409215400/.m2/cglib/cglib-nodep/2.2/cglib-nodep-2.2.jar:/root/./workspace/gunnarro/diet-manager/409215400/.m2/com/h2database/h2/1.4.196/h2-1.4.196.jar:/root/./workspace/gunnarro/diet-manager/409215400/.m2/ch/vorburger/mariaDB4j/mariaDB4j/2.2.3/mariaDB4j-2.2.3.jar:/root/./workspace/gunnarro/diet-manager/409215400/.m2/ch/vorburger/mariaDB4j/mariaDB4j-core/2.2.3/mariaDB4j-core-2.2.3.jar:/root/./workspace/gunnarro/diet-manager/409215400/.m2/org/apache/commons/commons-collections4/4.1/commons-collections4-4.1.jar:/root/./workspace/gunnarro/diet-manager/409215400/.m2/org/apache/commons/commons-exec/1.3/commons-exec-1.3.jar:/root/./workspace/gunnarro/diet-manager/409215400/.m2/commons-io/commons-io/2.5/commons-io-2.5.jar:/root/./workspace/gunnarro/diet-manager/409215400/.m2/ch/vorburger/mariaDB4j/mariaDB4j-db-linux64/10.1.13/mariaDB4j-db-linux64-10.1.13.jar:/root/./workspace/gunnarro/diet-manager/409215400/.m2/ch/vorburger/mariaDB4j/mariaDB4j-db-win32/10.1.20/mariaDB4j-db-win32-10.1.20.jar:/root/./workspace/gunnarro/diet-manager/409215400/.m2/ch/vorburger/mariaDB4j/mariaDB4j-db-mac64/10.1.9/mariaDB4j-db-mac64-10.1.9.jar:/root/./workspace/gunnarro/diet-manager/409215400/.m2/org/mariadb/jdbc/mariadb-java-client/2.2.5/mariadb-java-client-2.2.5.jar:/root/./workspace/gunnarro/diet-manager/409215400/.m2/org/sonarsource/java/sonar-jacoco-listeners/5.1.1.13214/sonar-jacoco-listeners-5.1.1.13214.jar:"/>
    <property name="sun.cpu.endian" value="little"/>
    <property name="user.home" value="/root"/>
    <property name="user.language" value="en"/>
    <property name="java.specification.vendor" value="Oracle Corporation"/>
    <property name="java.home" value="/usr/lib/jvm/java-8-openjdk-amd64/jre"/>
    <property name="basedir" value="/root/workspace/gunnarro/diet-manager/409215400"/>
    <property name="file.separator" value="/"/>
    <property name="checkstyle.skip" value="true"/>
    <property name="line.separator" value="&#10;"/>
    <property name="skip.npm" value="true"/>
    <property name="java.vm.specification.vendor" value="Oracle Corporation"/>
    <property name="java.specification.name" value="Java Platform API Specification"/>
    <property name="java.awt.graphicsenv" value="sun.awt.X11GraphicsEnvironment"/>
    <property name="skipITs" value="true"/>
    <property name="surefire.real.class.path" value="/root/workspace/gunnarro/diet-manager/409215400/target/surefire/surefirebooter8845393706744747162.jar"/>
    <property name="cobertura.skip" value="true"/>
    <property name="sun.boot.class.path" value="/usr/lib/jvm/java-8-openjdk-amd64/jre/lib/resources.jar:/usr/lib/jvm/java-8-openjdk-amd64/jre/lib/rt.jar:/usr/lib/jvm/java-8-openjdk-amd64/jre/lib/sunrsasign.jar:/usr/lib/jvm/java-8-openjdk-amd64/jre/lib/jsse.jar:/usr/lib/jvm/java-8-openjdk-amd64/jre/lib/jce.jar:/usr/lib/jvm/java-8-openjdk-amd64/jre/lib/charsets.jar:/usr/lib/jvm/java-8-openjdk-amd64/jre/lib/jfr.jar:/usr/lib/jvm/java-8-openjdk-amd64/jre/classes"/>
    <property name="sun.management.compiler" value="HotSpot 64-Bit Tiered Compilers"/>
    <property name="java.runtime.version" value="1.8.0_121-8u121-b13-1~bpo8+1-b13"/>
    <property name="user.name" value="root"/>
    <property name="findbugs.skip" value="true"/>
    <property name="path.separator" value=":"/>
    <property name="os.version" value="4.9.0-6-amd64"/>
    <property name="java.endorsed.dirs" value="/usr/lib/jvm/java-8-openjdk-amd64/jre/lib/endorsed"/>
    <property name="java.runtime.name" value="OpenJDK Runtime Environment"/>
    <property name="file.encoding" value="UTF-8"/>
    <property name="java.vm.name" value="OpenJDK 64-Bit Server VM"/>
    <property name="localRepository" value="/root/./workspace/gunnarro/diet-manager/409215400/.m2"/>
    <property name="java.vendor.url.bug" value="http://bugreport.sun.com/bugreport/"/>
    <property name="java.io.tmpdir" value="/tmp"/>
    <property name="java.version" value="1.8.0_121"/>
    <property name="user.dir" value="/root/workspace/gunnarro/diet-manager/409215400"/>
    <property name="os.arch" value="amd64"/>
    <property name="license.skip" value="true"/>
    <property name="java.vm.specification.name" value="Java Virtual Machine Specification"/>
    <property name="java.awt.printerjob" value="sun.print.PSPrinterJob"/>
    <property name="sun.os.patch.level" value="unknown"/>
    <property name="java.library.path" value="/usr/java/packages/lib/amd64:/usr/lib/x86_64-linux-gnu/jni:/lib/x86_64-linux-gnu:/usr/lib/x86_64-linux-gnu:/usr/lib/jni:/lib:/usr/lib"/>
    <property name="java.vm.info" value="mixed mode"/>
    <property name="java.vendor" value="Oracle Corporation"/>
    <property name="java.vm.version" value="25.121-b13"/>
    <property name="java.ext.dirs" value="/usr/lib/jvm/java-8-openjdk-amd64/jre/lib/ext:/usr/java/packages/lib/ext"/>
    <property name="sun.io.unicode.encoding" value="UnicodeLittle"/>
    <property name="maven.repo.local" value="/root/./workspace/gunnarro/diet-manager/409215400/.m2"/>
    <property name="enforcer.skip" value="true"/>
    <property name="java.class.version" value="52.0"/>
  </properties>
  <testcase name="saveUser" classname="com.gunnarro.useraccount.service.UserAccountServiceTest" time="0.003">
    <error message="Failed to load ApplicationContext" type="java.lang.IllegalStateException">java.lang.IllegalStateException: Failed to load ApplicationContext
Caused by: org.springframework.beans.factory.UnsatisfiedDependencyException: Error creating bean with name 'testRepositoryConfiguration': Unsatisfied dependency expressed through field 'dataSource'; nested exception is org.springframework.beans.factory.UnsatisfiedDependencyException: Error creating bean with name 'dietManagerDataSource' defined in com.gunnarro.dietmanager.config.TestMariDBDataSourceConfiguration: Unsatisfied dependency expressed through method 'dietManagerDataSource' parameter 0; nested exception is org.springframework.beans.factory.BeanCreationException: Error creating bean with name 'mariaDB4jSpringService': Invocation of init method failed; nested exception is java.lang.IllegalStateException: MariaDB4jSpringService start() failed
Caused by: org.springframework.beans.factory.UnsatisfiedDependencyException: Error creating bean with name 'dietManagerDataSource' defined in com.gunnarro.dietmanager.config.TestMariDBDataSourceConfiguration: Unsatisfied dependency expressed through method 'dietManagerDataSource' parameter 0; nested exception is org.springframework.beans.factory.BeanCreationException: Error creating bean with name 'mariaDB4jSpringService': Invocation of init method failed; nested exception is java.lang.IllegalStateException: MariaDB4jSpringService start() failed
Caused by: org.springframework.beans.factory.BeanCreationException: Error creating bean with name 'mariaDB4jSpringService': Invocation of init method failed; nested exception is java.lang.IllegalStateException: MariaDB4jSpringService start() failed
Caused by: java.lang.IllegalStateException: MariaDB4jSpringService start() failed
Caused by: ch.vorburger.exec.ManagedProcessException: An error occurred while starting the database
Caused by: ch.vorburger.exec.ManagedProcessException: 
Asked to wait for "mysqld: ready for connections." from Program [/tmp/MariaDB4j/base/bin/mysqld, --no-defaults, --console, --skip-grant-tables, --max_allowed_packet=64M, --basedir=/tmp/MariaDB4j/base, --datadir=/tmp/MariaDB4j/data/36635, --port=36635, --socket=/tmp/MariaDB4j.36635.sock] (in working directory /tmp/MariaDB4j/base), but it already exited! (without that message in console), last 100 lines of console:
2018-07-28  6:59:31 139846940620672 [Note] /tmp/MariaDB4j/base/bin/mysqld (mysqld 10.1.13-MariaDB) starting as process 1512 ...
2018-07-28  6:59:31 139846940620672 [ERROR] Fatal error: Please consult the Knowledge Base to find out how to run mysqld as root!

2018-07-28  6:59:31 139846940620672 [ERROR] Aborting

</error>
    <system-out><![CDATA[[2018-07-28 08:59:22.021] [main] [INFO ] [ch.vorburger.mariadb4j.Util] Created directory: /tmp/MariaDB4j/data/36635
[2018-07-28 08:59:22.041] [main] [INFO ] [ch.vorburger.mariadb4j.DB] Installing a new embedded database to: /tmp/MariaDB4j/base
[2018-07-28 08:59:22.041] [main] [INFO ] [ch.vorburger.exec.ManagedProcess] Starting Program [/tmp/MariaDB4j/base/bin/mysql_install_db, --datadir=/tmp/MariaDB4j/data/36635, --basedir=/tmp/MariaDB4j/base, --no-defaults, --force, --skip-name-resolve] (in working directory /tmp/MariaDB4j/base)
[2018-07-28 08:59:22.142] [main] [INFO ] [ch.vorburger.exec.ManagedProcess] Thread is now going to wait for this process to terminate itself: Program [/tmp/MariaDB4j/base/bin/mysql_install_db, --datadir=/tmp/MariaDB4j/data/36635, --basedir=/tmp/MariaDB4j/base, --no-defaults, --force, --skip-name-resolve] (in working directory /tmp/MariaDB4j/base)
[2018-07-28 08:59:22.154] [Exec Stream Pumper] [INFO ] [ch.vorburger.exec.ManagedProcess] mysql_install_db: Installing MariaDB/MySQL system tables in '/tmp/MariaDB4j/data/36635' ...
[2018-07-28 08:59:22.277] [Exec Stream Pumper] [INFO ] [ch.vorburger.exec.ManagedProcess] mysql_install_db: 2018-07-28  6:59:22 140035186808704 [Note] /tmp/MariaDB4j/base/bin/mysqld (mysqld 10.1.13-MariaDB) starting as process 1407 ...
[2018-07-28 08:59:22.497] [Exec Stream Pumper] [INFO ] [ch.vorburger.exec.ManagedProcess] mysql_install_db: 2018-07-28  6:59:22 140035186808704 [Note] InnoDB: Using mutexes to ref count buffer pool pages
[2018-07-28 08:59:22.497] [Exec Stream Pumper] [INFO ] [ch.vorburger.exec.ManagedProcess] mysql_install_db: 2018-07-28  6:59:22 140035186808704 [Note] InnoDB: The InnoDB memory heap is disabled
[2018-07-28 08:59:22.497] [Exec Stream Pumper] [INFO ] [ch.vorburger.exec.ManagedProcess] mysql_install_db: 2018-07-28  6:59:22 140035186808704 [Note] InnoDB: Mutexes and rw_locks use GCC atomic builtins
[2018-07-28 08:59:22.497] [Exec Stream Pumper] [INFO ] [ch.vorburger.exec.ManagedProcess] mysql_install_db: 2018-07-28  6:59:22 140035186808704 [Note] InnoDB: Memory barrier is not used
[2018-07-28 08:59:22.497] [Exec Stream Pumper] [INFO ] [ch.vorburger.exec.ManagedProcess] mysql_install_db: 2018-07-28  6:59:22 140035186808704 [Note] InnoDB: Compressed tables use zlib 1.2.3
[2018-07-28 08:59:22.497] [Exec Stream Pumper] [INFO ] [ch.vorburger.exec.ManagedProcess] mysql_install_db: 2018-07-28  6:59:22 140035186808704 [Note] InnoDB: Using Linux native AIO
[2018-07-28 08:59:22.497] [Exec Stream Pumper] [INFO ] [ch.vorburger.exec.ManagedProcess] mysql_install_db: 2018-07-28  6:59:22 140035186808704 [Note] InnoDB: Using SSE crc32 instructions
[2018-07-28 08:59:22.500] [Exec Stream Pumper] [INFO ] [ch.vorburger.exec.ManagedProcess] mysql_install_db: 2018-07-28  6:59:22 140035186808704 [Note] InnoDB: Initializing buffer pool, size = 128.0M
[2018-07-28 08:59:22.518] [Exec Stream Pumper] [INFO ] [ch.vorburger.exec.ManagedProcess] mysql_install_db: 2018-07-28  6:59:22 140035186808704 [Note] InnoDB: Completed initialization of buffer pool
[2018-07-28 08:59:22.542] [Exec Stream Pumper] [INFO ] [ch.vorburger.exec.ManagedProcess] mysql_install_db: 2018-07-28  6:59:22 140035186808704 [Note] InnoDB: The first specified data file ./ibdata1 did not exist: a new database to be created!
[2018-07-28 08:59:22.542] [Exec Stream Pumper] [INFO ] [ch.vorburger.exec.ManagedProcess] mysql_install_db: 2018-07-28  6:59:22 140035186808704 [Note] InnoDB: Setting file ./ibdata1 size to 12 MB
[2018-07-28 08:59:22.542] [Exec Stream Pumper] [INFO ] [ch.vorburger.exec.ManagedProcess] mysql_install_db: 2018-07-28  6:59:22 140035186808704 [Note] InnoDB: Database physically writes the file full: wait...
[2018-07-28 08:59:22.679] [Exec Stream Pumper] [INFO ] [ch.vorburger.exec.ManagedProcess] mysql_install_db: 2018-07-28  6:59:22 140035186808704 [Note] InnoDB: Setting log file ./ib_logfile101 size to 48 MB
[2018-07-28 08:59:23.158] [Exec Stream Pumper] [INFO ] [ch.vorburger.exec.ManagedProcess] mysql_install_db: 2018-07-28  6:59:23 140035186808704 [Note] InnoDB: Setting log file ./ib_logfile1 size to 48 MB
[2018-07-28 08:59:23.732] [Exec Stream Pumper] [INFO ] [ch.vorburger.exec.ManagedProcess] mysql_install_db: 2018-07-28  6:59:23 140035186808704 [Note] InnoDB: Renaming log file ./ib_logfile101 to ./ib_logfile0
[2018-07-28 08:59:23.732] [Exec Stream Pumper] [INFO ] [ch.vorburger.exec.ManagedProcess] mysql_install_db: 2018-07-28  6:59:23 140035186808704 [Warning] InnoDB: New log files created, LSN=45883
[2018-07-28 08:59:23.733] [Exec Stream Pumper] [INFO ] [ch.vorburger.exec.ManagedProcess] mysql_install_db: 2018-07-28  6:59:23 140035186808704 [Note] InnoDB: Doublewrite buffer not found: creating new
[2018-07-28 08:59:23.799] [Exec Stream Pumper] [INFO ] [ch.vorburger.exec.ManagedProcess] mysql_install_db: 2018-07-28  6:59:23 140035186808704 [Note] InnoDB: Doublewrite buffer created
[2018-07-28 08:59:23.820] [Exec Stream Pumper] [INFO ] [ch.vorburger.exec.ManagedProcess] mysql_install_db: 2018-07-28  6:59:23 140035186808704 [Note] InnoDB: 128 rollback segment(s) are active.
[2018-07-28 08:59:23.821] [Exec Stream Pumper] [INFO ] [ch.vorburger.exec.ManagedProcess] mysql_install_db: 2018-07-28  6:59:23 140035186808704 [Warning] InnoDB: Creating foreign key constraint system tables.
[2018-07-28 08:59:23.846] [Exec Stream Pumper] [INFO ] [ch.vorburger.exec.ManagedProcess] mysql_install_db: 2018-07-28  6:59:23 140035186808704 [Note] InnoDB: Foreign key constraint system tables created
[2018-07-28 08:59:23.846] [Exec Stream Pumper] [INFO ] [ch.vorburger.exec.ManagedProcess] mysql_install_db: 2018-07-28  6:59:23 140035186808704 [Note] InnoDB: Creating tablespace and datafile system tables.
[2018-07-28 08:59:23.856] [Exec Stream Pumper] [INFO ] [ch.vorburger.exec.ManagedProcess] mysql_install_db: 2018-07-28  6:59:23 140035186808704 [Note] InnoDB: Tablespace and datafile system tables created.
[2018-07-28 08:59:23.856] [Exec Stream Pumper] [INFO ] [ch.vorburger.exec.ManagedProcess] mysql_install_db: 2018-07-28  6:59:23 140035186808704 [Note] InnoDB: Waiting for purge to start
[2018-07-28 08:59:23.906] [Exec Stream Pumper] [INFO ] [ch.vorburger.exec.ManagedProcess] mysql_install_db: 2018-07-28  6:59:23 140035186808704 [Note] InnoDB:  Percona XtraDB (http://www.percona.com) 5.6.28-76.1 started; log sequence number 0
[2018-07-28 08:59:24.003] [Exec Stream Pumper] [INFO ] [ch.vorburger.exec.ManagedProcess] mysql_install_db: 2018-07-28  6:59:24 140034472670976 [Note] InnoDB: Dumping buffer pool(s) not yet started
[2018-07-28 08:59:26.100] [Exec Stream Pumper] [INFO ] [ch.vorburger.exec.ManagedProcess] mysql_install_db: OK
[2018-07-28 08:59:26.101] [Exec Stream Pumper] [INFO ] [ch.vorburger.exec.ManagedProcess] mysql_install_db: Filling help tables...
[2018-07-28 08:59:26.209] [Exec Stream Pumper] [INFO ] [ch.vorburger.exec.ManagedProcess] mysql_install_db: 2018-07-28  6:59:26 140246142084992 [Note] /tmp/MariaDB4j/base/bin/mysqld (mysqld 10.1.13-MariaDB) starting as process 1444 ...
[2018-07-28 08:59:26.377] [Exec Stream Pumper] [INFO ] [ch.vorburger.exec.ManagedProcess] mysql_install_db: 2018-07-28  6:59:26 140246142084992 [Note] InnoDB: Using mutexes to ref count buffer pool pages
[2018-07-28 08:59:26.377] [Exec Stream Pumper] [INFO ] [ch.vorburger.exec.ManagedProcess] mysql_install_db: 2018-07-28  6:59:26 140246142084992 [Note] InnoDB: The InnoDB memory heap is disabled
[2018-07-28 08:59:26.377] [Exec Stream Pumper] [INFO ] [ch.vorburger.exec.ManagedProcess] mysql_install_db: 2018-07-28  6:59:26 140246142084992 [Note] InnoDB: Mutexes and rw_locks use GCC atomic builtins
[2018-07-28 08:59:26.378] [Exec Stream Pumper] [INFO ] [ch.vorburger.exec.ManagedProcess] mysql_install_db: 2018-07-28  6:59:26 140246142084992 [Note] InnoDB: Memory barrier is not used
[2018-07-28 08:59:26.378] [Exec Stream Pumper] [INFO ] [ch.vorburger.exec.ManagedProcess] mysql_install_db: 2018-07-28  6:59:26 140246142084992 [Note] InnoDB: Compressed tables use zlib 1.2.3
[2018-07-28 08:59:26.378] [Exec Stream Pumper] [INFO ] [ch.vorburger.exec.ManagedProcess] mysql_install_db: 2018-07-28  6:59:26 140246142084992 [Note] InnoDB: Using Linux native AIO
[2018-07-28 08:59:26.379] [Exec Stream Pumper] [INFO ] [ch.vorburger.exec.ManagedProcess] mysql_install_db: 2018-07-28  6:59:26 140246142084992 [Note] InnoDB: Using SSE crc32 instructions
[2018-07-28 08:59:26.382] [Exec Stream Pumper] [INFO ] [ch.vorburger.exec.ManagedProcess] mysql_install_db: 2018-07-28  6:59:26 140246142084992 [Note] InnoDB: Initializing buffer pool, size = 128.0M
[2018-07-28 08:59:26.400] [Exec Stream Pumper] [INFO ] [ch.vorburger.exec.ManagedProcess] mysql_install_db: 2018-07-28  6:59:26 140246142084992 [Note] InnoDB: Completed initialization of buffer pool
[2018-07-28 08:59:26.428] [Exec Stream Pumper] [INFO ] [ch.vorburger.exec.ManagedProcess] mysql_install_db: 2018-07-28  6:59:26 140246142084992 [Note] InnoDB: Highest supported file format is Barracuda.
[2018-07-28 08:59:26.455] [Exec Stream Pumper] [INFO ] [ch.vorburger.exec.ManagedProcess] mysql_install_db: 2018-07-28  6:59:26 140246142084992 [Note] InnoDB: 128 rollback segment(s) are active.
[2018-07-28 08:59:26.456] [Exec Stream Pumper] [INFO ] [ch.vorburger.exec.ManagedProcess] mysql_install_db: 2018-07-28  6:59:26 140246142084992 [Note] InnoDB: Waiting for purge to start
[2018-07-28 08:59:26.507] [Exec Stream Pumper] [INFO ] [ch.vorburger.exec.ManagedProcess] mysql_install_db: 2018-07-28  6:59:26 140246142084992 [Note] InnoDB:  Percona XtraDB (http://www.percona.com) 5.6.28-76.1 started; log sequence number 1616799
[2018-07-28 08:59:26.542] [Exec Stream Pumper] [INFO ] [ch.vorburger.exec.ManagedProcess] mysql_install_db: 2018-07-28  6:59:26 140245425166080 [Note] InnoDB: Dumping buffer pool(s) not yet started
[2018-07-28 08:59:28.722] [Exec Stream Pumper] [INFO ] [ch.vorburger.exec.ManagedProcess] mysql_install_db: OK
[2018-07-28 08:59:28.722] [Exec Stream Pumper] [INFO ] [ch.vorburger.exec.ManagedProcess] mysql_install_db: Creating OpenGIS required SP-s...
[2018-07-28 08:59:28.837] [Exec Stream Pumper] [INFO ] [ch.vorburger.exec.ManagedProcess] mysql_install_db: 2018-07-28  6:59:28 140441697376128 [Note] /tmp/MariaDB4j/base/bin/mysqld (mysqld 10.1.13-MariaDB) starting as process 1479 ...
[2018-07-28 08:59:29.009] [Exec Stream Pumper] [INFO ] [ch.vorburger.exec.ManagedProcess] mysql_install_db: 2018-07-28  6:59:29 140441697376128 [Note] InnoDB: Using mutexes to ref count buffer pool pages
[2018-07-28 08:59:29.009] [Exec Stream Pumper] [INFO ] [ch.vorburger.exec.ManagedProcess] mysql_install_db: 2018-07-28  6:59:29 140441697376128 [Note] InnoDB: The InnoDB memory heap is disabled
[2018-07-28 08:59:29.009] [Exec Stream Pumper] [INFO ] [ch.vorburger.exec.ManagedProcess] mysql_install_db: 2018-07-28  6:59:29 140441697376128 [Note] InnoDB: Mutexes and rw_locks use GCC atomic builtins
[2018-07-28 08:59:29.009] [Exec Stream Pumper] [INFO ] [ch.vorburger.exec.ManagedProcess] mysql_install_db: 2018-07-28  6:59:29 140441697376128 [Note] InnoDB: Memory barrier is not used
[2018-07-28 08:59:29.009] [Exec Stream Pumper] [INFO ] [ch.vorburger.exec.ManagedProcess] mysql_install_db: 2018-07-28  6:59:29 140441697376128 [Note] InnoDB: Compressed tables use zlib 1.2.3
[2018-07-28 08:59:29.009] [Exec Stream Pumper] [INFO ] [ch.vorburger.exec.ManagedProcess] mysql_install_db: 2018-07-28  6:59:29 140441697376128 [Note] InnoDB: Using Linux native AIO
[2018-07-28 08:59:29.009] [Exec Stream Pumper] [INFO ] [ch.vorburger.exec.ManagedProcess] mysql_install_db: 2018-07-28  6:59:29 140441697376128 [Note] InnoDB: Using SSE crc32 instructions
[2018-07-28 08:59:29.012] [Exec Stream Pumper] [INFO ] [ch.vorburger.exec.ManagedProcess] mysql_install_db: 2018-07-28  6:59:29 140441697376128 [Note] InnoDB: Initializing buffer pool, size = 128.0M
[2018-07-28 08:59:29.030] [Exec Stream Pumper] [INFO ] [ch.vorburger.exec.ManagedProcess] mysql_install_db: 2018-07-28  6:59:29 140441697376128 [Note] InnoDB: Completed initialization of buffer pool
[2018-07-28 08:59:29.057] [Exec Stream Pumper] [INFO ] [ch.vorburger.exec.ManagedProcess] mysql_install_db: 2018-07-28  6:59:29 140441697376128 [Note] InnoDB: Highest supported file format is Barracuda.
[2018-07-28 08:59:29.083] [Exec Stream Pumper] [INFO ] [ch.vorburger.exec.ManagedProcess] mysql_install_db: 2018-07-28  6:59:29 140441697376128 [Note] InnoDB: 128 rollback segment(s) are active.
[2018-07-28 08:59:29.083] [Exec Stream Pumper] [INFO ] [ch.vorburger.exec.ManagedProcess] mysql_install_db: 2018-07-28  6:59:29 140441697376128 [Note] InnoDB: Waiting for purge to start
[2018-07-28 08:59:29.134] [Exec Stream Pumper] [INFO ] [ch.vorburger.exec.ManagedProcess] mysql_install_db: 2018-07-28  6:59:29 140441697376128 [Note] InnoDB:  Percona XtraDB (http://www.percona.com) 5.6.28-76.1 started; log sequence number 1616809
[2018-07-28 08:59:29.168] [Exec Stream Pumper] [INFO ] [ch.vorburger.exec.ManagedProcess] mysql_install_db: 2018-07-28  6:59:29 140440980416256 [Note] InnoDB: Dumping buffer pool(s) not yet started
[2018-07-28 08:59:31.392] [Exec Stream Pumper] [INFO ] [ch.vorburger.exec.ManagedProcess] mysql_install_db: OK
[2018-07-28 08:59:31.394] [Exec Stream Pumper] [INFO ] [ch.vorburger.exec.ManagedProcess] mysql_install_db: 
[2018-07-28 08:59:31.394] [Exec Stream Pumper] [INFO ] [ch.vorburger.exec.ManagedProcess] mysql_install_db: To start mysqld at boot time you have to copy
[2018-07-28 08:59:31.394] [Exec Stream Pumper] [INFO ] [ch.vorburger.exec.ManagedProcess] mysql_install_db: support-files/mysql.server to the right place for your system
[2018-07-28 08:59:31.394] [Exec Stream Pumper] [INFO ] [ch.vorburger.exec.ManagedProcess] mysql_install_db: 
[2018-07-28 08:59:31.394] [Exec Stream Pumper] [INFO ] [ch.vorburger.exec.ManagedProcess] mysql_install_db: PLEASE REMEMBER TO SET A PASSWORD FOR THE MariaDB root USER !
[2018-07-28 08:59:31.394] [Exec Stream Pumper] [INFO ] [ch.vorburger.exec.ManagedProcess] mysql_install_db: To do so, start the server, then issue the following commands:
[2018-07-28 08:59:31.394] [Exec Stream Pumper] [INFO ] [ch.vorburger.exec.ManagedProcess] mysql_install_db: 
[2018-07-28 08:59:31.394] [Exec Stream Pumper] [INFO ] [ch.vorburger.exec.ManagedProcess] mysql_install_db: '/tmp/MariaDB4j/base/bin/mysqladmin' -u root password 'new-password'
[2018-07-28 08:59:31.394] [Exec Stream Pumper] [INFO ] [ch.vorburger.exec.ManagedProcess] mysql_install_db: '/tmp/MariaDB4j/base/bin/mysqladmin' -u root -h  password 'new-password'
[2018-07-28 08:59:31.394] [Exec Stream Pumper] [INFO ] [ch.vorburger.exec.ManagedProcess] mysql_install_db: 
[2018-07-28 08:59:31.394] [Exec Stream Pumper] [INFO ] [ch.vorburger.exec.ManagedProcess] mysql_install_db: Alternatively you can run:
[2018-07-28 08:59:31.394] [Exec Stream Pumper] [INFO ] [ch.vorburger.exec.ManagedProcess] mysql_install_db: '/tmp/MariaDB4j/base/bin/mysql_secure_installation'
[2018-07-28 08:59:31.394] [Exec Stream Pumper] [INFO ] [ch.vorburger.exec.ManagedProcess] mysql_install_db: 
[2018-07-28 08:59:31.395] [Exec Stream Pumper] [INFO ] [ch.vorburger.exec.ManagedProcess] mysql_install_db: which will also give you the option of removing the test
[2018-07-28 08:59:31.395] [Exec Stream Pumper] [INFO ] [ch.vorburger.exec.ManagedProcess] mysql_install_db: databases and anonymous user created by default.  This is
[2018-07-28 08:59:31.395] [Exec Stream Pumper] [INFO ] [ch.vorburger.exec.ManagedProcess] mysql_install_db: strongly recommended for production servers.
[2018-07-28 08:59:31.395] [Exec Stream Pumper] [INFO ] [ch.vorburger.exec.ManagedProcess] mysql_install_db: 
[2018-07-28 08:59:31.395] [Exec Stream Pumper] [INFO ] [ch.vorburger.exec.ManagedProcess] mysql_install_db: See the MariaDB Knowledgebase at http://mariadb.com/kb or the
[2018-07-28 08:59:31.395] [Exec Stream Pumper] [INFO ] [ch.vorburger.exec.ManagedProcess] mysql_install_db: MySQL manual for more instructions.
[2018-07-28 08:59:31.395] [Exec Stream Pumper] [INFO ] [ch.vorburger.exec.ManagedProcess] mysql_install_db: 
[2018-07-28 08:59:31.395] [Exec Stream Pumper] [INFO ] [ch.vorburger.exec.ManagedProcess] mysql_install_db: You can start the MariaDB daemon with:
[2018-07-28 08:59:31.395] [Exec Stream Pumper] [INFO ] [ch.vorburger.exec.ManagedProcess] mysql_install_db: cd '/tmp/MariaDB4j/base' ; /tmp/MariaDB4j/base/bin/mysqld_safe --datadir='/tmp/MariaDB4j/data/36635'
[2018-07-28 08:59:31.395] [Exec Stream Pumper] [INFO ] [ch.vorburger.exec.ManagedProcess] mysql_install_db: 
[2018-07-28 08:59:31.395] [Exec Stream Pumper] [INFO ] [ch.vorburger.exec.ManagedProcess] mysql_install_db: You can test the MariaDB daemon with mysql-test-run.pl
[2018-07-28 08:59:31.395] [Exec Stream Pumper] [INFO ] [ch.vorburger.exec.ManagedProcess] mysql_install_db: cd '/tmp/MariaDB4j/base/mysql-test' ; perl mysql-test-run.pl
[2018-07-28 08:59:31.396] [Exec Stream Pumper] [INFO ] [ch.vorburger.exec.ManagedProcess] mysql_install_db: 
[2018-07-28 08:59:31.396] [Exec Stream Pumper] [INFO ] [ch.vorburger.exec.ManagedProcess] mysql_install_db: Please report any problems at http://mariadb.org/jira
[2018-07-28 08:59:31.396] [Exec Stream Pumper] [INFO ] [ch.vorburger.exec.ManagedProcess] mysql_install_db: 
[2018-07-28 08:59:31.396] [Exec Stream Pumper] [INFO ] [ch.vorburger.exec.ManagedProcess] mysql_install_db: The latest information about MariaDB is available at http://mariadb.org/.
[2018-07-28 08:59:31.396] [Exec Stream Pumper] [INFO ] [ch.vorburger.exec.ManagedProcess] mysql_install_db: You can find additional information about the MySQL part at:
[2018-07-28 08:59:31.396] [Exec Stream Pumper] [INFO ] [ch.vorburger.exec.ManagedProcess] mysql_install_db: http://dev.mysql.com
[2018-07-28 08:59:31.396] [Exec Stream Pumper] [INFO ] [ch.vorburger.exec.ManagedProcess] mysql_install_db: Support MariaDB development by buying support/new features from MariaDB
[2018-07-28 08:59:31.396] [Exec Stream Pumper] [INFO ] [ch.vorburger.exec.ManagedProcess] mysql_install_db: Corporation Ab. You can contact us about this at sales@mariadb.com.
[2018-07-28 08:59:31.396] [Exec Stream Pumper] [INFO ] [ch.vorburger.exec.ManagedProcess] mysql_install_db: Alternatively consider joining our community based development effort:
[2018-07-28 08:59:31.396] [Exec Stream Pumper] [INFO ] [ch.vorburger.exec.ManagedProcess] mysql_install_db: http://mariadb.com/kb/en/contributing-to-the-mariadb-project/
[2018-07-28 08:59:31.396] [Exec Stream Pumper] [INFO ] [ch.vorburger.exec.ManagedProcess] mysql_install_db: 
[2018-07-28 08:59:31.398] [Exec Default Executor] [INFO ] [ch.vorburger.exec.ManagedProcess] Program [/tmp/MariaDB4j/base/bin/mysql_install_db, --datadir=/tmp/MariaDB4j/data/36635, --basedir=/tmp/MariaDB4j/base, --no-defaults, --force, --skip-name-resolve] (in working directory /tmp/MariaDB4j/base) just exited, with value 0
[2018-07-28 08:59:31.428] [main] [INFO ] [ch.vorburger.mariadb4j.DB] Installation complete.
[2018-07-28 08:59:31.428] [main] [INFO ] [ch.vorburger.mariadb4j.DB] Starting up the database...
[2018-07-28 08:59:31.429] [main] [INFO ] [ch.vorburger.mariadb4j.DB] mysqld executable: /tmp/MariaDB4j/base/bin/mysqld
[2018-07-28 08:59:31.429] [main] [INFO ] [ch.vorburger.exec.ManagedProcess] Starting Program [/tmp/MariaDB4j/base/bin/mysqld, --no-defaults, --console, --skip-grant-tables, --max_allowed_packet=64M, --basedir=/tmp/MariaDB4j/base, --datadir=/tmp/MariaDB4j/data/36635, --port=36635, --socket=/tmp/MariaDB4j.36635.sock] (in working directory /tmp/MariaDB4j/base)
[2018-07-28 08:59:31.429] [main] [INFO ] [ch.vorburger.exec.ManagedProcess] Thread will wait for "mysqld: ready for connections." to appear in Console output of process Program [/tmp/MariaDB4j/base/bin/mysqld, --no-defaults, --console, --skip-grant-tables, --max_allowed_packet=64M, --basedir=/tmp/MariaDB4j/base, --datadir=/tmp/MariaDB4j/data/36635, --port=36635, --socket=/tmp/MariaDB4j.36635.sock] (in working directory /tmp/MariaDB4j/base) for max. 30000ms
[2018-07-28 08:59:31.557] [Exec Stream Pumper] [INFO ] [ch.vorburger.exec.ManagedProcess] mysqld: 2018-07-28  6:59:31 139846940620672 [Note] /tmp/MariaDB4j/base/bin/mysqld (mysqld 10.1.13-MariaDB) starting as process 1512 ...
[2018-07-28 08:59:31.578] [Exec Stream Pumper] [ERROR] [ch.vorburger.exec.ManagedProcess] mysqld: 2018-07-28  6:59:31 139846940620672 [ERROR] Fatal error: Please consult the Knowledge Base to find out how to run mysqld as root!
[2018-07-28 08:59:31.578] [Exec Stream Pumper] [INFO ] [ch.vorburger.exec.ManagedProcess] mysqld: 
[2018-07-28 08:59:31.578] [Exec Stream Pumper] [ERROR] [ch.vorburger.exec.ManagedProcess] mysqld: 2018-07-28  6:59:31 139846940620672 [ERROR] Aborting
[2018-07-28 08:59:31.578] [Exec Stream Pumper] [INFO ] [ch.vorburger.exec.ManagedProcess] mysqld: 
[2018-07-28 08:59:31.583] [Exec Default Executor] [ERROR] [ch.vorburger.exec.ManagedProcess] Program [/tmp/MariaDB4j/base/bin/mysqld, --no-defaults, --console, --skip-grant-tables, --max_allowed_packet=64M, --basedir=/tmp/MariaDB4j/base, --datadir=/tmp/MariaDB4j/data/36635, --port=36635, --socket=/tmp/MariaDB4j.36635.sock] (in working directory /tmp/MariaDB4j/base) failed unexpectedly
org.apache.commons.exec.ExecuteException: Process exited with an error: 1 (Exit value: 1)
	at org.apache.commons.exec.DefaultExecutor.executeInternal(DefaultExecutor.java:404) ~[commons-exec-1.3.jar:1.3]
	at org.apache.commons.exec.DefaultExecutor.access$200(DefaultExecutor.java:48) ~[commons-exec-1.3.jar:1.3]
	at org.apache.commons.exec.DefaultExecutor$1.run(DefaultExecutor.java:200) [commons-exec-1.3.jar:1.3]
	at java.lang.Thread.run(Thread.java:745) [?:1.8.0_121]
[2018-07-28 08:59:31.631] [main] [ERROR] [ch.vorburger.mariadb4j.DB] failed to start mysqld
ch.vorburger.exec.ManagedProcessException: Asked to wait for "mysqld: ready for connections." from Program [/tmp/MariaDB4j/base/bin/mysqld, --no-defaults, --console, --skip-grant-tables, --max_allowed_packet=64M, --basedir=/tmp/MariaDB4j/base, --datadir=/tmp/MariaDB4j/data/36635, --port=36635, --socket=/tmp/MariaDB4j.36635.sock] (in working directory /tmp/MariaDB4j/base), but it already exited! (without that message in console), last 100 lines of console:
2018-07-28  6:59:31 139846940620672 [Note] /tmp/MariaDB4j/base/bin/mysqld (mysqld 10.1.13-MariaDB) starting as process 1512 ...
2018-07-28  6:59:31 139846940620672 [ERROR] Fatal error: Please consult the Knowledge Base to find out how to run mysqld as root!

2018-07-28  6:59:31 139846940620672 [ERROR] Aborting

	at ch.vorburger.exec.ManagedProcess.startAndWaitForConsoleMessageMaxMs(ManagedProcess.java:263) ~[mariaDB4j-core-2.2.3.jar:?]
	at ch.vorburger.mariadb4j.DB.start(DB.java:148) ~[mariaDB4j-core-2.2.3.jar:?]
	at ch.vorburger.mariadb4j.MariaDB4jService.start(MariaDB4jService.java:67) ~[mariaDB4j-core-2.2.3.jar:?]
	at ch.vorburger.mariadb4j.springframework.MariaDB4jSpringService.start(MariaDB4jSpringService.java:96) ~[mariaDB4j-core-2.2.3.jar:?]
	at sun.reflect.NativeMethodAccessorImpl.invoke0(Native Method) ~[?:1.8.0_121]
	at sun.reflect.NativeMethodAccessorImpl.invoke(NativeMethodAccessorImpl.java:62) ~[?:1.8.0_121]
	at sun.reflect.DelegatingMethodAccessorImpl.invoke(DelegatingMethodAccessorImpl.java:43) ~[?:1.8.0_121]
	at java.lang.reflect.Method.invoke(Method.java:498) ~[?:1.8.0_121]
	at org.springframework.beans.factory.annotation.InitDestroyAnnotationBeanPostProcessor$LifecycleElement.invoke(InitDestroyAnnotationBeanPostProcessor.java:365) ~[spring-beans-5.0.7.RELEASE.jar:5.0.7.RELEASE]
	at org.springframework.beans.factory.annotation.InitDestroyAnnotationBeanPostProcessor$LifecycleMetadata.invokeInitMethods(InitDestroyAnnotationBeanPostProcessor.java:308) ~[spring-beans-5.0.7.RELEASE.jar:5.0.7.RELEASE]
	at org.springframework.beans.factory.annotation.InitDestroyAnnotationBeanPostProcessor.postProcessBeforeInitialization(InitDestroyAnnotationBeanPostProcessor.java:135) ~[spring-beans-5.0.7.RELEASE.jar:5.0.7.RELEASE]
	at org.springframework.beans.factory.support.AbstractAutowireCapableBeanFactory.applyBeanPostProcessorsBeforeInitialization(AbstractAutowireCapableBeanFactory.java:424) ~[spring-beans-5.0.7.RELEASE.jar:5.0.7.RELEASE]
	at org.springframework.beans.factory.support.AbstractAutowireCapableBeanFactory.initializeBean(AbstractAutowireCapableBeanFactory.java:1700) ~[spring-beans-5.0.7.RELEASE.jar:5.0.7.RELEASE]
	at org.springframework.beans.factory.support.AbstractAutowireCapableBeanFactory.doCreateBean(AbstractAutowireCapableBeanFactory.java:581) ~[spring-beans-5.0.7.RELEASE.jar:5.0.7.RELEASE]
	at org.springframework.beans.factory.support.AbstractAutowireCapableBeanFactory.createBean(AbstractAutowireCapableBeanFactory.java:503) ~[spring-beans-5.0.7.RELEASE.jar:5.0.7.RELEASE]
	at org.springframework.beans.factory.support.AbstractBeanFactory.lambda$doGetBean$0(AbstractBeanFactory.java:317) ~[spring-beans-5.0.7.RELEASE.jar:5.0.7.RELEASE]
	at org.springframework.beans.factory.support.DefaultSingletonBeanRegistry.getSingleton(DefaultSingletonBeanRegistry.java:222) ~[spring-beans-5.0.7.RELEASE.jar:5.0.7.RELEASE]
	at org.springframework.beans.factory.support.AbstractBeanFactory.doGetBean(AbstractBeanFactory.java:315) ~[spring-beans-5.0.7.RELEASE.jar:5.0.7.RELEASE]
	at org.springframework.beans.factory.support.AbstractBeanFactory.getBean(AbstractBeanFactory.java:199) ~[spring-beans-5.0.7.RELEASE.jar:5.0.7.RELEASE]
	at org.springframework.beans.factory.config.DependencyDescriptor.resolveCandidate(DependencyDescriptor.java:251) ~[spring-beans-5.0.7.RELEASE.jar:5.0.7.RELEASE]
	at org.springframework.beans.factory.support.DefaultListableBeanFactory.doResolveDependency(DefaultListableBeanFactory.java:1138) ~[spring-beans-5.0.7.RELEASE.jar:5.0.7.RELEASE]
	at org.springframework.beans.factory.support.DefaultListableBeanFactory.resolveDependency(DefaultListableBeanFactory.java:1065) ~[spring-beans-5.0.7.RELEASE.jar:5.0.7.RELEASE]
	at org.springframework.beans.factory.support.ConstructorResolver.resolveAutowiredArgument(ConstructorResolver.java:818) ~[spring-beans-5.0.7.RELEASE.jar:5.0.7.RELEASE]
	at org.springframework.beans.factory.support.ConstructorResolver.createArgumentArray(ConstructorResolver.java:724) ~[spring-beans-5.0.7.RELEASE.jar:5.0.7.RELEASE]
	at org.springframework.beans.factory.support.ConstructorResolver.instantiateUsingFactoryMethod(ConstructorResolver.java:474) ~[spring-beans-5.0.7.RELEASE.jar:5.0.7.RELEASE]
	at org.springframework.beans.factory.support.AbstractAutowireCapableBeanFactory.instantiateUsingFactoryMethod(AbstractAutowireCapableBeanFactory.java:1256) ~[spring-beans-5.0.7.RELEASE.jar:5.0.7.RELEASE]
	at org.springframework.beans.factory.support.AbstractAutowireCapableBeanFactory.createBeanInstance(AbstractAutowireCapableBeanFactory.java:1105) ~[spring-beans-5.0.7.RELEASE.jar:5.0.7.RELEASE]
	at org.springframework.beans.factory.support.AbstractAutowireCapableBeanFactory.doCreateBean(AbstractAutowireCapableBeanFactory.java:543) ~[spring-beans-5.0.7.RELEASE.jar:5.0.7.RELEASE]
	at org.springframework.beans.factory.support.AbstractAutowireCapableBeanFactory.createBean(AbstractAutowireCapableBeanFactory.java:503) ~[spring-beans-5.0.7.RELEASE.jar:5.0.7.RELEASE]
	at org.springframework.beans.factory.support.AbstractBeanFactory.lambda$doGetBean$0(AbstractBeanFactory.java:317) ~[spring-beans-5.0.7.RELEASE.jar:5.0.7.RELEASE]
	at org.springframework.beans.factory.support.DefaultSingletonBeanRegistry.getSingleton(DefaultSingletonBeanRegistry.java:222) ~[spring-beans-5.0.7.RELEASE.jar:5.0.7.RELEASE]
	at org.springframework.beans.factory.support.AbstractBeanFactory.doGetBean(AbstractBeanFactory.java:315) ~[spring-beans-5.0.7.RELEASE.jar:5.0.7.RELEASE]
	at org.springframework.beans.factory.support.AbstractBeanFactory.getBean(AbstractBeanFactory.java:199) ~[spring-beans-5.0.7.RELEASE.jar:5.0.7.RELEASE]
	at org.springframework.beans.factory.config.DependencyDescriptor.resolveCandidate(DependencyDescriptor.java:251) ~[spring-beans-5.0.7.RELEASE.jar:5.0.7.RELEASE]
	at org.springframework.beans.factory.support.DefaultListableBeanFactory.doResolveDependency(DefaultListableBeanFactory.java:1138) ~[spring-beans-5.0.7.RELEASE.jar:5.0.7.RELEASE]
	at org.springframework.beans.factory.support.DefaultListableBeanFactory.resolveDependency(DefaultListableBeanFactory.java:1065) ~[spring-beans-5.0.7.RELEASE.jar:5.0.7.RELEASE]
	at org.springframework.beans.factory.annotation.AutowiredAnnotationBeanPostProcessor$AutowiredFieldElement.inject(AutowiredAnnotationBeanPostProcessor.java:584) ~[spring-beans-5.0.7.RELEASE.jar:5.0.7.RELEASE]
	at org.springframework.beans.factory.annotation.InjectionMetadata.inject(InjectionMetadata.java:91) ~[spring-beans-5.0.7.RELEASE.jar:5.0.7.RELEASE]
	at org.springframework.beans.factory.annotation.AutowiredAnnotationBeanPostProcessor.postProcessPropertyValues(AutowiredAnnotationBeanPostProcessor.java:373) ~[spring-beans-5.0.7.RELEASE.jar:5.0.7.RELEASE]
	at org.springframework.beans.factory.support.AbstractAutowireCapableBeanFactory.populateBean(AbstractAutowireCapableBeanFactory.java:1350) ~[spring-beans-5.0.7.RELEASE.jar:5.0.7.RELEASE]
	at org.springframework.beans.factory.support.AbstractAutowireCapableBeanFactory.doCreateBean(AbstractAutowireCapableBeanFactory.java:580) ~[spring-beans-5.0.7.RELEASE.jar:5.0.7.RELEASE]
	at org.springframework.beans.factory.support.AbstractAutowireCapableBeanFactory.createBean(AbstractAutowireCapableBeanFactory.java:503) ~[spring-beans-5.0.7.RELEASE.jar:5.0.7.RELEASE]
	at org.springframework.beans.factory.support.AbstractBeanFactory.lambda$doGetBean$0(AbstractBeanFactory.java:317) ~[spring-beans-5.0.7.RELEASE.jar:5.0.7.RELEASE]
	at org.springframework.beans.factory.support.DefaultSingletonBeanRegistry.getSingleton(DefaultSingletonBeanRegistry.java:222) [spring-beans-5.0.7.RELEASE.jar:5.0.7.RELEASE]
	at org.springframework.beans.factory.support.AbstractBeanFactory.doGetBean(AbstractBeanFactory.java:315) [spring-beans-5.0.7.RELEASE.jar:5.0.7.RELEASE]
	at org.springframework.beans.factory.support.AbstractBeanFactory.getBean(AbstractBeanFactory.java:199) [spring-beans-5.0.7.RELEASE.jar:5.0.7.RELEASE]
	at org.springframework.beans.factory.support.DefaultListableBeanFactory.preInstantiateSingletons(DefaultListableBeanFactory.java:760) [spring-beans-5.0.7.RELEASE.jar:5.0.7.RELEASE]
	at org.springframework.context.support.AbstractApplicationContext.finishBeanFactoryInitialization(AbstractApplicationContext.java:869) [spring-context-5.0.7.RELEASE.jar:5.0.7.RELEASE]
	at org.springframework.context.support.AbstractApplicationContext.refresh(AbstractApplicationContext.java:550) [spring-context-5.0.7.RELEASE.jar:5.0.7.RELEASE]
	at org.springframework.test.context.support.AbstractGenericContextLoader.loadContext(AbstractGenericContextLoader.java:128) [spring-test-5.0.4.RELEASE.jar:5.0.4.RELEASE]
	at org.springframework.test.context.support.AbstractGenericContextLoader.loadContext(AbstractGenericContextLoader.java:60) [spring-test-5.0.4.RELEASE.jar:5.0.4.RELEASE]
	at org.springframework.test.context.support.AbstractDelegatingSmartContextLoader.delegateLoading(AbstractDelegatingSmartContextLoader.java:107) [spring-test-5.0.4.RELEASE.jar:5.0.4.RELEASE]
	at org.springframework.test.context.support.AbstractDelegatingSmartContextLoader.loadContext(AbstractDelegatingSmartContextLoader.java:243) [spring-test-5.0.4.RELEASE.jar:5.0.4.RELEASE]
	at org.springframework.test.context.cache.DefaultCacheAwareContextLoaderDelegate.loadContextInternal(DefaultCacheAwareContextLoaderDelegate.java:99) [spring-test-5.0.4.RELEASE.jar:5.0.4.RELEASE]
	at org.springframework.test.context.cache.DefaultCacheAwareContextLoaderDelegate.loadContext(DefaultCacheAwareContextLoaderDelegate.java:117) [spring-test-5.0.4.RELEASE.jar:5.0.4.RELEASE]
	at org.springframework.test.context.support.DefaultTestContext.getApplicationContext(DefaultTestContext.java:107) [spring-test-5.0.4.RELEASE.jar:5.0.4.RELEASE]
	at org.springframework.test.context.support.DependencyInjectionTestExecutionListener.injectDependencies(DependencyInjectionTestExecutionListener.java:117) [spring-test-5.0.4.RELEASE.jar:5.0.4.RELEASE]
	at org.springframework.test.context.support.DependencyInjectionTestExecutionListener.prepareTestInstance(DependencyInjectionTestExecutionListener.java:83) [spring-test-5.0.4.RELEASE.jar:5.0.4.RELEASE]
	at org.springframework.test.context.TestContextManager.prepareTestInstance(TestContextManager.java:242) [spring-test-5.0.4.RELEASE.jar:5.0.4.RELEASE]
	at org.springframework.test.context.junit4.SpringJUnit4ClassRunner.createTest(SpringJUnit4ClassRunner.java:227) [spring-test-5.0.4.RELEASE.jar:5.0.4.RELEASE]
	at org.springframework.test.context.junit4.SpringJUnit4ClassRunner$1.runReflectiveCall(SpringJUnit4ClassRunner.java:289) [spring-test-5.0.4.RELEASE.jar:5.0.4.RELEASE]
	at org.junit.internal.runners.model.ReflectiveCallable.run(ReflectiveCallable.java:12) [junit-4.12.jar:4.12]
	at org.springframework.test.context.junit4.SpringJUnit4ClassRunner.methodBlock(SpringJUnit4ClassRunner.java:291) [spring-test-5.0.4.RELEASE.jar:5.0.4.RELEASE]
	at org.springframework.test.context.junit4.SpringJUnit4ClassRunner.runChild(SpringJUnit4ClassRunner.java:246) [spring-test-5.0.4.RELEASE.jar:5.0.4.RELEASE]
	at org.springframework.test.context.junit4.SpringJUnit4ClassRunner.runChild(SpringJUnit4ClassRunner.java:97) [spring-test-5.0.4.RELEASE.jar:5.0.4.RELEASE]
	at org.junit.runners.ParentRunner$3.run(ParentRunner.java:290) [junit-4.12.jar:4.12]
	at org.junit.runners.ParentRunner$1.schedule(ParentRunner.java:71) [junit-4.12.jar:4.12]
	at org.junit.runners.ParentRunner.runChildren(ParentRunner.java:288) [junit-4.12.jar:4.12]
	at org.junit.runners.ParentRunner.access$000(ParentRunner.java:58) [junit-4.12.jar:4.12]
	at org.junit.runners.ParentRunner$2.evaluate(ParentRunner.java:268) [junit-4.12.jar:4.12]
	at org.springframework.test.context.junit4.statements.RunBeforeTestClassCallbacks.evaluate(RunBeforeTestClassCallbacks.java:61) [spring-test-5.0.4.RELEASE.jar:5.0.4.RELEASE]
	at org.springframework.test.context.junit4.statements.RunAfterTestClassCallbacks.evaluate(RunAfterTestClassCallbacks.java:70) [spring-test-5.0.4.RELEASE.jar:5.0.4.RELEASE]
	at org.junit.runners.ParentRunner.run(ParentRunner.java:363) [junit-4.12.jar:4.12]
	at org.springframework.test.context.junit4.SpringJUnit4ClassRunner.run(SpringJUnit4ClassRunner.java:190) [spring-test-5.0.4.RELEASE.jar:5.0.4.RELEASE]
	at org.apache.maven.surefire.junit4.JUnit4Provider.execute(JUnit4Provider.java:365) [surefire-junit4-2.21.0.jar:2.21.0]
	at org.apache.maven.surefire.junit4.JUnit4Provider.executeWithRerun(JUnit4Provider.java:273) [surefire-junit4-2.21.0.jar:2.21.0]
	at org.apache.maven.surefire.junit4.JUnit4Provider.executeTestSet(JUnit4Provider.java:238) [surefire-junit4-2.21.0.jar:2.21.0]
	at org.apache.maven.surefire.junit4.JUnit4Provider.invoke(JUnit4Provider.java:159) [surefire-junit4-2.21.0.jar:2.21.0]
	at org.apache.maven.surefire.booter.ForkedBooter.invokeProviderInSameClassLoader(ForkedBooter.java:379) [surefire-booter-2.21.0.jar:2.21.0]
	at org.apache.maven.surefire.booter.ForkedBooter.runSuitesInProcess(ForkedBooter.java:340) [surefire-booter-2.21.0.jar:2.21.0]
	at org.apache.maven.surefire.booter.ForkedBooter.execute(ForkedBooter.java:125) [surefire-booter-2.21.0.jar:2.21.0]
	at org.apache.maven.surefire.booter.ForkedBooter.main(ForkedBooter.java:413) [surefire-booter-2.21.0.jar:2.21.0]
[2018-07-28 08:59:31.635] [main] [ERROR] [org.springframework.test.context.TestContextManager] Caught exception while allowing TestExecutionListener [org.springframework.test.context.support.DependencyInjectionTestExecutionListener@30e92cb9] to prepare test instance [com.gunnarro.useraccount.service.UserAccountServiceTest@7fae4d4a]
java.lang.IllegalStateException: Failed to load ApplicationContext
	at org.springframework.test.context.cache.DefaultCacheAwareContextLoaderDelegate.loadContext(DefaultCacheAwareContextLoaderDelegate.java:125) ~[spring-test-5.0.4.RELEASE.jar:5.0.4.RELEASE]
	at org.springframework.test.context.support.DefaultTestContext.getApplicationContext(DefaultTestContext.java:107) ~[spring-test-5.0.4.RELEASE.jar:5.0.4.RELEASE]
	at org.springframework.test.context.support.DependencyInjectionTestExecutionListener.injectDependencies(DependencyInjectionTestExecutionListener.java:117) ~[spring-test-5.0.4.RELEASE.jar:5.0.4.RELEASE]
	at org.springframework.test.context.support.DependencyInjectionTestExecutionListener.prepareTestInstance(DependencyInjectionTestExecutionListener.java:83) ~[spring-test-5.0.4.RELEASE.jar:5.0.4.RELEASE]
	at org.springframework.test.context.TestContextManager.prepareTestInstance(TestContextManager.java:242) [spring-test-5.0.4.RELEASE.jar:5.0.4.RELEASE]
	at org.springframework.test.context.junit4.SpringJUnit4ClassRunner.createTest(SpringJUnit4ClassRunner.java:227) [spring-test-5.0.4.RELEASE.jar:5.0.4.RELEASE]
	at org.springframework.test.context.junit4.SpringJUnit4ClassRunner$1.runReflectiveCall(SpringJUnit4ClassRunner.java:289) [spring-test-5.0.4.RELEASE.jar:5.0.4.RELEASE]
	at org.junit.internal.runners.model.ReflectiveCallable.run(ReflectiveCallable.java:12) [junit-4.12.jar:4.12]
	at org.springframework.test.context.junit4.SpringJUnit4ClassRunner.methodBlock(SpringJUnit4ClassRunner.java:291) [spring-test-5.0.4.RELEASE.jar:5.0.4.RELEASE]
	at org.springframework.test.context.junit4.SpringJUnit4ClassRunner.runChild(SpringJUnit4ClassRunner.java:246) [spring-test-5.0.4.RELEASE.jar:5.0.4.RELEASE]
	at org.springframework.test.context.junit4.SpringJUnit4ClassRunner.runChild(SpringJUnit4ClassRunner.java:97) [spring-test-5.0.4.RELEASE.jar:5.0.4.RELEASE]
	at org.junit.runners.ParentRunner$3.run(ParentRunner.java:290) [junit-4.12.jar:4.12]
	at org.junit.runners.ParentRunner$1.schedule(ParentRunner.java:71) [junit-4.12.jar:4.12]
	at org.junit.runners.ParentRunner.runChildren(ParentRunner.java:288) [junit-4.12.jar:4.12]
	at org.junit.runners.ParentRunner.access$000(ParentRunner.java:58) [junit-4.12.jar:4.12]
	at org.junit.runners.ParentRunner$2.evaluate(ParentRunner.java:268) [junit-4.12.jar:4.12]
	at org.springframework.test.context.junit4.statements.RunBeforeTestClassCallbacks.evaluate(RunBeforeTestClassCallbacks.java:61) [spring-test-5.0.4.RELEASE.jar:5.0.4.RELEASE]
	at org.springframework.test.context.junit4.statements.RunAfterTestClassCallbacks.evaluate(RunAfterTestClassCallbacks.java:70) [spring-test-5.0.4.RELEASE.jar:5.0.4.RELEASE]
	at org.junit.runners.ParentRunner.run(ParentRunner.java:363) [junit-4.12.jar:4.12]
	at org.springframework.test.context.junit4.SpringJUnit4ClassRunner.run(SpringJUnit4ClassRunner.java:190) [spring-test-5.0.4.RELEASE.jar:5.0.4.RELEASE]
	at org.apache.maven.surefire.junit4.JUnit4Provider.execute(JUnit4Provider.java:365) [surefire-junit4-2.21.0.jar:2.21.0]
	at org.apache.maven.surefire.junit4.JUnit4Provider.executeWithRerun(JUnit4Provider.java:273) [surefire-junit4-2.21.0.jar:2.21.0]
	at org.apache.maven.surefire.junit4.JUnit4Provider.executeTestSet(JUnit4Provider.java:238) [surefire-junit4-2.21.0.jar:2.21.0]
	at org.apache.maven.surefire.junit4.JUnit4Provider.invoke(JUnit4Provider.java:159) [surefire-junit4-2.21.0.jar:2.21.0]
	at org.apache.maven.surefire.booter.ForkedBooter.invokeProviderInSameClassLoader(ForkedBooter.java:379) [surefire-booter-2.21.0.jar:2.21.0]
	at org.apache.maven.surefire.booter.ForkedBooter.runSuitesInProcess(ForkedBooter.java:340) [surefire-booter-2.21.0.jar:2.21.0]
	at org.apache.maven.surefire.booter.ForkedBooter.execute(ForkedBooter.java:125) [surefire-booter-2.21.0.jar:2.21.0]
	at org.apache.maven.surefire.booter.ForkedBooter.main(ForkedBooter.java:413) [surefire-booter-2.21.0.jar:2.21.0]
Caused by: org.springframework.beans.factory.UnsatisfiedDependencyException: Error creating bean with name 'testRepositoryConfiguration': Unsatisfied dependency expressed through field 'dataSource'; nested exception is org.springframework.beans.factory.UnsatisfiedDependencyException: Error creating bean with name 'dietManagerDataSource' defined in com.gunnarro.dietmanager.config.TestMariDBDataSourceConfiguration: Unsatisfied dependency expressed through method 'dietManagerDataSource' parameter 0; nested exception is org.springframework.beans.factory.BeanCreationException: Error creating bean with name 'mariaDB4jSpringService': Invocation of init method failed; nested exception is java.lang.IllegalStateException: MariaDB4jSpringService start() failed
	at org.springframework.beans.factory.annotation.AutowiredAnnotationBeanPostProcessor$AutowiredFieldElement.inject(AutowiredAnnotationBeanPostProcessor.java:587) ~[spring-beans-5.0.7.RELEASE.jar:5.0.7.RELEASE]
	at org.springframework.beans.factory.annotation.InjectionMetadata.inject(InjectionMetadata.java:91) ~[spring-beans-5.0.7.RELEASE.jar:5.0.7.RELEASE]
	at org.springframework.beans.factory.annotation.AutowiredAnnotationBeanPostProcessor.postProcessPropertyValues(AutowiredAnnotationBeanPostProcessor.java:373) ~[spring-beans-5.0.7.RELEASE.jar:5.0.7.RELEASE]
	at org.springframework.beans.factory.support.AbstractAutowireCapableBeanFactory.populateBean(AbstractAutowireCapableBeanFactory.java:1350) ~[spring-beans-5.0.7.RELEASE.jar:5.0.7.RELEASE]
	at org.springframework.beans.factory.support.AbstractAutowireCapableBeanFactory.doCreateBean(AbstractAutowireCapableBeanFactory.java:580) ~[spring-beans-5.0.7.RELEASE.jar:5.0.7.RELEASE]
	at org.springframework.beans.factory.support.AbstractAutowireCapableBeanFactory.createBean(AbstractAutowireCapableBeanFactory.java:503) ~[spring-beans-5.0.7.RELEASE.jar:5.0.7.RELEASE]
	at org.springframework.beans.factory.support.AbstractBeanFactory.lambda$doGetBean$0(AbstractBeanFactory.java:317) ~[spring-beans-5.0.7.RELEASE.jar:5.0.7.RELEASE]
	at org.springframework.beans.factory.support.DefaultSingletonBeanRegistry.getSingleton(DefaultSingletonBeanRegistry.java:222) ~[spring-beans-5.0.7.RELEASE.jar:5.0.7.RELEASE]
	at org.springframework.beans.factory.support.AbstractBeanFactory.doGetBean(AbstractBeanFactory.java:315) ~[spring-beans-5.0.7.RELEASE.jar:5.0.7.RELEASE]
	at org.springframework.beans.factory.support.AbstractBeanFactory.getBean(AbstractBeanFactory.java:199) ~[spring-beans-5.0.7.RELEASE.jar:5.0.7.RELEASE]
	at org.springframework.beans.factory.support.DefaultListableBeanFactory.preInstantiateSingletons(DefaultListableBeanFactory.java:760) ~[spring-beans-5.0.7.RELEASE.jar:5.0.7.RELEASE]
	at org.springframework.context.support.AbstractApplicationContext.finishBeanFactoryInitialization(AbstractApplicationContext.java:869) ~[spring-context-5.0.7.RELEASE.jar:5.0.7.RELEASE]
	at org.springframework.context.support.AbstractApplicationContext.refresh(AbstractApplicationContext.java:550) ~[spring-context-5.0.7.RELEASE.jar:5.0.7.RELEASE]
	at org.springframework.test.context.support.AbstractGenericContextLoader.loadContext(AbstractGenericContextLoader.java:128) ~[spring-test-5.0.4.RELEASE.jar:5.0.4.RELEASE]
	at org.springframework.test.context.support.AbstractGenericContextLoader.loadContext(AbstractGenericContextLoader.java:60) ~[spring-test-5.0.4.RELEASE.jar:5.0.4.RELEASE]
	at org.springframework.test.context.support.AbstractDelegatingSmartContextLoader.delegateLoading(AbstractDelegatingSmartContextLoader.java:107) ~[spring-test-5.0.4.RELEASE.jar:5.0.4.RELEASE]
	at org.springframework.test.context.support.AbstractDelegatingSmartContextLoader.loadContext(AbstractDelegatingSmartContextLoader.java:243) ~[spring-test-5.0.4.RELEASE.jar:5.0.4.RELEASE]
	at org.springframework.test.context.cache.DefaultCacheAwareContextLoaderDelegate.loadContextInternal(DefaultCacheAwareContextLoaderDelegate.java:99) ~[spring-test-5.0.4.RELEASE.jar:5.0.4.RELEASE]
	at org.springframework.test.context.cache.DefaultCacheAwareContextLoaderDelegate.loadContext(DefaultCacheAwareContextLoaderDelegate.java:117) ~[spring-test-5.0.4.RELEASE.jar:5.0.4.RELEASE]
	... 27 more
Caused by: org.springframework.beans.factory.UnsatisfiedDependencyException: Error creating bean with name 'dietManagerDataSource' defined in com.gunnarro.dietmanager.config.TestMariDBDataSourceConfiguration: Unsatisfied dependency expressed through method 'dietManagerDataSource' parameter 0; nested exception is org.springframework.beans.factory.BeanCreationException: Error creating bean with name 'mariaDB4jSpringService': Invocation of init method failed; nested exception is java.lang.IllegalStateException: MariaDB4jSpringService start() failed
	at org.springframework.beans.factory.support.ConstructorResolver.createArgumentArray(ConstructorResolver.java:732) ~[spring-beans-5.0.7.RELEASE.jar:5.0.7.RELEASE]
	at org.springframework.beans.factory.support.ConstructorResolver.instantiateUsingFactoryMethod(ConstructorResolver.java:474) ~[spring-beans-5.0.7.RELEASE.jar:5.0.7.RELEASE]
	at org.springframework.beans.factory.support.AbstractAutowireCapableBeanFactory.instantiateUsingFactoryMethod(AbstractAutowireCapableBeanFactory.java:1256) ~[spring-beans-5.0.7.RELEASE.jar:5.0.7.RELEASE]
	at org.springframework.beans.factory.support.AbstractAutowireCapableBeanFactory.createBeanInstance(AbstractAutowireCapableBeanFactory.java:1105) ~[spring-beans-5.0.7.RELEASE.jar:5.0.7.RELEASE]
	at org.springframework.beans.factory.support.AbstractAutowireCapableBeanFactory.doCreateBean(AbstractAutowireCapableBeanFactory.java:543) ~[spring-beans-5.0.7.RELEASE.jar:5.0.7.RELEASE]
	at org.springframework.beans.factory.support.AbstractAutowireCapableBeanFactory.createBean(AbstractAutowireCapableBeanFactory.java:503) ~[spring-beans-5.0.7.RELEASE.jar:5.0.7.RELEASE]
	at org.springframework.beans.factory.support.AbstractBeanFactory.lambda$doGetBean$0(AbstractBeanFactory.java:317) ~[spring-beans-5.0.7.RELEASE.jar:5.0.7.RELEASE]
	at org.springframework.beans.factory.support.DefaultSingletonBeanRegistry.getSingleton(DefaultSingletonBeanRegistry.java:222) ~[spring-beans-5.0.7.RELEASE.jar:5.0.7.RELEASE]
	at org.springframework.beans.factory.support.AbstractBeanFactory.doGetBean(AbstractBeanFactory.java:315) ~[spring-beans-5.0.7.RELEASE.jar:5.0.7.RELEASE]
	at org.springframework.beans.factory.support.AbstractBeanFactory.getBean(AbstractBeanFactory.java:199) ~[spring-beans-5.0.7.RELEASE.jar:5.0.7.RELEASE]
	at org.springframework.beans.factory.config.DependencyDescriptor.resolveCandidate(DependencyDescriptor.java:251) ~[spring-beans-5.0.7.RELEASE.jar:5.0.7.RELEASE]
	at org.springframework.beans.factory.support.DefaultListableBeanFactory.doResolveDependency(DefaultListableBeanFactory.java:1138) ~[spring-beans-5.0.7.RELEASE.jar:5.0.7.RELEASE]
	at org.springframework.beans.factory.support.DefaultListableBeanFactory.resolveDependency(DefaultListableBeanFactory.java:1065) ~[spring-beans-5.0.7.RELEASE.jar:5.0.7.RELEASE]
	at org.springframework.beans.factory.annotation.AutowiredAnnotationBeanPostProcessor$AutowiredFieldElement.inject(AutowiredAnnotationBeanPostProcessor.java:584) ~[spring-beans-5.0.7.RELEASE.jar:5.0.7.RELEASE]
	at org.springframework.beans.factory.annotation.InjectionMetadata.inject(InjectionMetadata.java:91) ~[spring-beans-5.0.7.RELEASE.jar:5.0.7.RELEASE]
	at org.springframework.beans.factory.annotation.AutowiredAnnotationBeanPostProcessor.postProcessPropertyValues(AutowiredAnnotationBeanPostProcessor.java:373) ~[spring-beans-5.0.7.RELEASE.jar:5.0.7.RELEASE]
	at org.springframework.beans.factory.support.AbstractAutowireCapableBeanFactory.populateBean(AbstractAutowireCapableBeanFactory.java:1350) ~[spring-beans-5.0.7.RELEASE.jar:5.0.7.RELEASE]
	at org.springframework.beans.factory.support.AbstractAutowireCapableBeanFactory.doCreateBean(AbstractAutowireCapableBeanFactory.java:580) ~[spring-beans-5.0.7.RELEASE.jar:5.0.7.RELEASE]
	at org.springframework.beans.factory.support.AbstractAutowireCapableBeanFactory.createBean(AbstractAutowireCapableBeanFactory.java:503) ~[spring-beans-5.0.7.RELEASE.jar:5.0.7.RELEASE]
	at org.springframework.beans.factory.support.AbstractBeanFactory.lambda$doGetBean$0(AbstractBeanFactory.java:317) ~[spring-beans-5.0.7.RELEASE.jar:5.0.7.RELEASE]
	at org.springframework.beans.factory.support.DefaultSingletonBeanRegistry.getSingleton(DefaultSingletonBeanRegistry.java:222) ~[spring-beans-5.0.7.RELEASE.jar:5.0.7.RELEASE]
	at org.springframework.beans.factory.support.AbstractBeanFactory.doGetBean(AbstractBeanFactory.java:315) ~[spring-beans-5.0.7.RELEASE.jar:5.0.7.RELEASE]
	at org.springframework.beans.factory.support.AbstractBeanFactory.getBean(AbstractBeanFactory.java:199) ~[spring-beans-5.0.7.RELEASE.jar:5.0.7.RELEASE]
	at org.springframework.beans.factory.support.DefaultListableBeanFactory.preInstantiateSingletons(DefaultListableBeanFactory.java:760) ~[spring-beans-5.0.7.RELEASE.jar:5.0.7.RELEASE]
	at org.springframework.context.support.AbstractApplicationContext.finishBeanFactoryInitialization(AbstractApplicationContext.java:869) ~[spring-context-5.0.7.RELEASE.jar:5.0.7.RELEASE]
	at org.springframework.context.support.AbstractApplicationContext.refresh(AbstractApplicationContext.java:550) ~[spring-context-5.0.7.RELEASE.jar:5.0.7.RELEASE]
	at org.springframework.test.context.support.AbstractGenericContextLoader.loadContext(AbstractGenericContextLoader.java:128) ~[spring-test-5.0.4.RELEASE.jar:5.0.4.RELEASE]
	at org.springframework.test.context.support.AbstractGenericContextLoader.loadContext(AbstractGenericContextLoader.java:60) ~[spring-test-5.0.4.RELEASE.jar:5.0.4.RELEASE]
	at org.springframework.test.context.support.AbstractDelegatingSmartContextLoader.delegateLoading(AbstractDelegatingSmartContextLoader.java:107) ~[spring-test-5.0.4.RELEASE.jar:5.0.4.RELEASE]
	at org.springframework.test.context.support.AbstractDelegatingSmartContextLoader.loadContext(AbstractDelegatingSmartContextLoader.java:243) ~[spring-test-5.0.4.RELEASE.jar:5.0.4.RELEASE]
	at org.springframework.test.context.cache.DefaultCacheAwareContextLoaderDelegate.loadContextInternal(DefaultCacheAwareContextLoaderDelegate.java:99) ~[spring-test-5.0.4.RELEASE.jar:5.0.4.RELEASE]
	at org.springframework.test.context.cache.DefaultCacheAwareContextLoaderDelegate.loadContext(DefaultCacheAwareContextLoaderDelegate.java:117) ~[spring-test-5.0.4.RELEASE.jar:5.0.4.RELEASE]
	... 27 more
Caused by: org.springframework.beans.factory.BeanCreationException: Error creating bean with name 'mariaDB4jSpringService': Invocation of init method failed; nested exception is java.lang.IllegalStateException: MariaDB4jSpringService start() failed
	at org.springframework.beans.factory.annotation.InitDestroyAnnotationBeanPostProcessor.postProcessBeforeInitialization(InitDestroyAnnotationBeanPostProcessor.java:138) ~[spring-beans-5.0.7.RELEASE.jar:5.0.7.RELEASE]
	at org.springframework.beans.factory.support.AbstractAutowireCapableBeanFactory.applyBeanPostProcessorsBeforeInitialization(AbstractAutowireCapableBeanFactory.java:424) ~[spring-beans-5.0.7.RELEASE.jar:5.0.7.RELEASE]
	at org.springframework.beans.factory.support.AbstractAutowireCapableBeanFactory.initializeBean(AbstractAutowireCapableBeanFactory.java:1700) ~[spring-beans-5.0.7.RELEASE.jar:5.0.7.RELEASE]
	at org.springframework.beans.factory.support.AbstractAutowireCapableBeanFactory.doCreateBean(AbstractAutowireCapableBeanFactory.java:581) ~[spring-beans-5.0.7.RELEASE.jar:5.0.7.RELEASE]
	at org.springframework.beans.factory.support.AbstractAutowireCapableBeanFactory.createBean(AbstractAutowireCapableBeanFactory.java:503) ~[spring-beans-5.0.7.RELEASE.jar:5.0.7.RELEASE]
	at org.springframework.beans.factory.support.AbstractBeanFactory.lambda$doGetBean$0(AbstractBeanFactory.java:317) ~[spring-beans-5.0.7.RELEASE.jar:5.0.7.RELEASE]
	at org.springframework.beans.factory.support.DefaultSingletonBeanRegistry.getSingleton(DefaultSingletonBeanRegistry.java:222) ~[spring-beans-5.0.7.RELEASE.jar:5.0.7.RELEASE]
	at org.springframework.beans.factory.support.AbstractBeanFactory.doGetBean(AbstractBeanFactory.java:315) ~[spring-beans-5.0.7.RELEASE.jar:5.0.7.RELEASE]
	at org.springframework.beans.factory.support.AbstractBeanFactory.getBean(AbstractBeanFactory.java:199) ~[spring-beans-5.0.7.RELEASE.jar:5.0.7.RELEASE]
	at org.springframework.beans.factory.config.DependencyDescriptor.resolveCandidate(DependencyDescriptor.java:251) ~[spring-beans-5.0.7.RELEASE.jar:5.0.7.RELEASE]
	at org.springframework.beans.factory.support.DefaultListableBeanFactory.doResolveDependency(DefaultListableBeanFactory.java:1138) ~[spring-beans-5.0.7.RELEASE.jar:5.0.7.RELEASE]
	at org.springframework.beans.factory.support.DefaultListableBeanFactory.resolveDependency(DefaultListableBeanFactory.java:1065) ~[spring-beans-5.0.7.RELEASE.jar:5.0.7.RELEASE]
	at org.springframework.beans.factory.support.ConstructorResolver.resolveAutowiredArgument(ConstructorResolver.java:818) ~[spring-beans-5.0.7.RELEASE.jar:5.0.7.RELEASE]
	at org.springframework.beans.factory.support.ConstructorResolver.createArgumentArray(ConstructorResolver.java:724) ~[spring-beans-5.0.7.RELEASE.jar:5.0.7.RELEASE]
	at org.springframework.beans.factory.support.ConstructorResolver.instantiateUsingFactoryMethod(ConstructorResolver.java:474) ~[spring-beans-5.0.7.RELEASE.jar:5.0.7.RELEASE]
	at org.springframework.beans.factory.support.AbstractAutowireCapableBeanFactory.instantiateUsingFactoryMethod(AbstractAutowireCapableBeanFactory.java:1256) ~[spring-beans-5.0.7.RELEASE.jar:5.0.7.RELEASE]
	at org.springframework.beans.factory.support.AbstractAutowireCapableBeanFactory.createBeanInstance(AbstractAutowireCapableBeanFactory.java:1105) ~[spring-beans-5.0.7.RELEASE.jar:5.0.7.RELEASE]
	at org.springframework.beans.factory.support.AbstractAutowireCapableBeanFactory.doCreateBean(AbstractAutowireCapableBeanFactory.java:543) ~[spring-beans-5.0.7.RELEASE.jar:5.0.7.RELEASE]
	at org.springframework.beans.factory.support.AbstractAutowireCapableBeanFactory.createBean(AbstractAutowireCapableBeanFactory.java:503) ~[spring-beans-5.0.7.RELEASE.jar:5.0.7.RELEASE]
	at org.springframework.beans.factory.support.AbstractBeanFactory.lambda$doGetBean$0(AbstractBeanFactory.java:317) ~[spring-beans-5.0.7.RELEASE.jar:5.0.7.RELEASE]
	at org.springframework.beans.factory.support.DefaultSingletonBeanRegistry.getSingleton(DefaultSingletonBeanRegistry.java:222) ~[spring-beans-5.0.7.RELEASE.jar:5.0.7.RELEASE]
	at org.springframework.beans.factory.support.AbstractBeanFactory.doGetBean(AbstractBeanFactory.java:315) ~[spring-beans-5.0.7.RELEASE.jar:5.0.7.RELEASE]
	at org.springframework.beans.factory.support.AbstractBeanFactory.getBean(AbstractBeanFactory.java:199) ~[spring-beans-5.0.7.RELEASE.jar:5.0.7.RELEASE]
	at org.springframework.beans.factory.config.DependencyDescriptor.resolveCandidate(DependencyDescriptor.java:251) ~[spring-beans-5.0.7.RELEASE.jar:5.0.7.RELEASE]
	at org.springframework.beans.factory.support.DefaultListableBeanFactory.doResolveDependency(DefaultListableBeanFactory.java:1138) ~[spring-beans-5.0.7.RELEASE.jar:5.0.7.RELEASE]
	at org.springframework.beans.factory.support.DefaultListableBeanFactory.resolveDependency(DefaultListableBeanFactory.java:1065) ~[spring-beans-5.0.7.RELEASE.jar:5.0.7.RELEASE]
	at org.springframework.beans.factory.annotation.AutowiredAnnotationBeanPostProcessor$AutowiredFieldElement.inject(AutowiredAnnotationBeanPostProcessor.java:584) ~[spring-beans-5.0.7.RELEASE.jar:5.0.7.RELEASE]
	at org.springframework.beans.factory.annotation.InjectionMetadata.inject(InjectionMetadata.java:91) ~[spring-beans-5.0.7.RELEASE.jar:5.0.7.RELEASE]
	at org.springframework.beans.factory.annotation.AutowiredAnnotationBeanPostProcessor.postProcessPropertyValues(AutowiredAnnotationBeanPostProcessor.java:373) ~[spring-beans-5.0.7.RELEASE.jar:5.0.7.RELEASE]
	at org.springframework.beans.factory.support.AbstractAutowireCapableBeanFactory.populateBean(AbstractAutowireCapableBeanFactory.java:1350) ~[spring-beans-5.0.7.RELEASE.jar:5.0.7.RELEASE]
	at org.springframework.beans.factory.support.AbstractAutowireCapableBeanFactory.doCreateBean(AbstractAutowireCapableBeanFactory.java:580) ~[spring-beans-5.0.7.RELEASE.jar:5.0.7.RELEASE]
	at org.springframework.beans.factory.support.AbstractAutowireCapableBeanFactory.createBean(AbstractAutowireCapableBeanFactory.java:503) ~[spring-beans-5.0.7.RELEASE.jar:5.0.7.RELEASE]
	at org.springframework.beans.factory.support.AbstractBeanFactory.lambda$doGetBean$0(AbstractBeanFactory.java:317) ~[spring-beans-5.0.7.RELEASE.jar:5.0.7.RELEASE]
	at org.springframework.beans.factory.support.DefaultSingletonBeanRegistry.getSingleton(DefaultSingletonBeanRegistry.java:222) ~[spring-beans-5.0.7.RELEASE.jar:5.0.7.RELEASE]
	at org.springframework.beans.factory.support.AbstractBeanFactory.doGetBean(AbstractBeanFactory.java:315) ~[spring-beans-5.0.7.RELEASE.jar:5.0.7.RELEASE]
	at org.springframework.beans.factory.support.AbstractBeanFactory.getBean(AbstractBeanFactory.java:199) ~[spring-beans-5.0.7.RELEASE.jar:5.0.7.RELEASE]
	at org.springframework.beans.factory.support.DefaultListableBeanFactory.preInstantiateSingletons(DefaultListableBeanFactory.java:760) ~[spring-beans-5.0.7.RELEASE.jar:5.0.7.RELEASE]
	at org.springframework.context.support.AbstractApplicationContext.finishBeanFactoryInitialization(AbstractApplicationContext.java:869) ~[spring-context-5.0.7.RELEASE.jar:5.0.7.RELEASE]
	at org.springframework.context.support.AbstractApplicationContext.refresh(AbstractApplicationContext.java:550) ~[spring-context-5.0.7.RELEASE.jar:5.0.7.RELEASE]
	at org.springframework.test.context.support.AbstractGenericContextLoader.loadContext(AbstractGenericContextLoader.java:128) ~[spring-test-5.0.4.RELEASE.jar:5.0.4.RELEASE]
	at org.springframework.test.context.support.AbstractGenericContextLoader.loadContext(AbstractGenericContextLoader.java:60) ~[spring-test-5.0.4.RELEASE.jar:5.0.4.RELEASE]
	at org.springframework.test.context.support.AbstractDelegatingSmartContextLoader.delegateLoading(AbstractDelegatingSmartContextLoader.java:107) ~[spring-test-5.0.4.RELEASE.jar:5.0.4.RELEASE]
	at org.springframework.test.context.support.AbstractDelegatingSmartContextLoader.loadContext(AbstractDelegatingSmartContextLoader.java:243) ~[spring-test-5.0.4.RELEASE.jar:5.0.4.RELEASE]
	at org.springframework.test.context.cache.DefaultCacheAwareContextLoaderDelegate.loadContextInternal(DefaultCacheAwareContextLoaderDelegate.java:99) ~[spring-test-5.0.4.RELEASE.jar:5.0.4.RELEASE]
	at org.springframework.test.context.cache.DefaultCacheAwareContextLoaderDelegate.loadContext(DefaultCacheAwareContextLoaderDelegate.java:117) ~[spring-test-5.0.4.RELEASE.jar:5.0.4.RELEASE]
	... 27 more
Caused by: java.lang.IllegalStateException: MariaDB4jSpringService start() failed
	at ch.vorburger.mariadb4j.springframework.MariaDB4jSpringService.start(MariaDB4jSpringService.java:99) ~[mariaDB4j-core-2.2.3.jar:?]
	at sun.reflect.NativeMethodAccessorImpl.invoke0(Native Method) ~[?:1.8.0_121]
	at sun.reflect.NativeMethodAccessorImpl.invoke(NativeMethodAccessorImpl.java:62) ~[?:1.8.0_121]
	at sun.reflect.DelegatingMethodAccessorImpl.invoke(DelegatingMethodAccessorImpl.java:43) ~[?:1.8.0_121]
	at java.lang.reflect.Method.invoke(Method.java:498) ~[?:1.8.0_121]
	at org.springframework.beans.factory.annotation.InitDestroyAnnotationBeanPostProcessor$LifecycleElement.invoke(InitDestroyAnnotationBeanPostProcessor.java:365) ~[spring-beans-5.0.7.RELEASE.jar:5.0.7.RELEASE]
	at org.springframework.beans.factory.annotation.InitDestroyAnnotationBeanPostProcessor$LifecycleMetadata.invokeInitMethods(InitDestroyAnnotationBeanPostProcessor.java:308) ~[spring-beans-5.0.7.RELEASE.jar:5.0.7.RELEASE]
	at org.springframework.beans.factory.annotation.InitDestroyAnnotationBeanPostProcessor.postProcessBeforeInitialization(InitDestroyAnnotationBeanPostProcessor.java:135) ~[spring-beans-5.0.7.RELEASE.jar:5.0.7.RELEASE]
	at org.springframework.beans.factory.support.AbstractAutowireCapableBeanFactory.applyBeanPostProcessorsBeforeInitialization(AbstractAutowireCapableBeanFactory.java:424) ~[spring-beans-5.0.7.RELEASE.jar:5.0.7.RELEASE]
	at org.springframework.beans.factory.support.AbstractAutowireCapableBeanFactory.initializeBean(AbstractAutowireCapableBeanFactory.java:1700) ~[spring-beans-5.0.7.RELEASE.jar:5.0.7.RELEASE]
	at org.springframework.beans.factory.support.AbstractAutowireCapableBeanFactory.doCreateBean(AbstractAutowireCapableBeanFactory.java:581) ~[spring-beans-5.0.7.RELEASE.jar:5.0.7.RELEASE]
	at org.springframework.beans.factory.support.AbstractAutowireCapableBeanFactory.createBean(AbstractAutowireCapableBeanFactory.java:503) ~[spring-beans-5.0.7.RELEASE.jar:5.0.7.RELEASE]
	at org.springframework.beans.factory.support.AbstractBeanFactory.lambda$doGetBean$0(AbstractBeanFactory.java:317) ~[spring-beans-5.0.7.RELEASE.jar:5.0.7.RELEASE]
	at org.springframework.beans.factory.support.DefaultSingletonBeanRegistry.getSingleton(DefaultSingletonBeanRegistry.java:222) ~[spring-beans-5.0.7.RELEASE.jar:5.0.7.RELEASE]
	at org.springframework.beans.factory.support.AbstractBeanFactory.doGetBean(AbstractBeanFactory.java:315) ~[spring-beans-5.0.7.RELEASE.jar:5.0.7.RELEASE]
	at org.springframework.beans.factory.support.AbstractBeanFactory.getBean(AbstractBeanFactory.java:199) ~[spring-beans-5.0.7.RELEASE.jar:5.0.7.RELEASE]
	at org.springframework.beans.factory.config.DependencyDescriptor.resolveCandidate(DependencyDescriptor.java:251) ~[spring-beans-5.0.7.RELEASE.jar:5.0.7.RELEASE]
	at org.springframework.beans.factory.support.DefaultListableBeanFactory.doResolveDependency(DefaultListableBeanFactory.java:1138) ~[spring-beans-5.0.7.RELEASE.jar:5.0.7.RELEASE]
	at org.springframework.beans.factory.support.DefaultListableBeanFactory.resolveDependency(DefaultListableBeanFactory.java:1065) ~[spring-beans-5.0.7.RELEASE.jar:5.0.7.RELEASE]
	at org.springframework.beans.factory.support.ConstructorResolver.resolveAutowiredArgument(ConstructorResolver.java:818) ~[spring-beans-5.0.7.RELEASE.jar:5.0.7.RELEASE]
	at org.springframework.beans.factory.support.ConstructorResolver.createArgumentArray(ConstructorResolver.java:724) ~[spring-beans-5.0.7.RELEASE.jar:5.0.7.RELEASE]
	at org.springframework.beans.factory.support.ConstructorResolver.instantiateUsingFactoryMethod(ConstructorResolver.java:474) ~[spring-beans-5.0.7.RELEASE.jar:5.0.7.RELEASE]
	at org.springframework.beans.factory.support.AbstractAutowireCapableBeanFactory.instantiateUsingFactoryMethod(AbstractAutowireCapableBeanFactory.java:1256) ~[spring-beans-5.0.7.RELEASE.jar:5.0.7.RELEASE]
	at org.springframework.beans.factory.support.AbstractAutowireCapableBeanFactory.createBeanInstance(AbstractAutowireCapableBeanFactory.java:1105) ~[spring-beans-5.0.7.RELEASE.jar:5.0.7.RELEASE]
	at org.springframework.beans.factory.support.AbstractAutowireCapableBeanFactory.doCreateBean(AbstractAutowireCapableBeanFactory.java:543) ~[spring-beans-5.0.7.RELEASE.jar:5.0.7.RELEASE]
	at org.springframework.beans.factory.support.AbstractAutowireCapableBeanFactory.createBean(AbstractAutowireCapableBeanFactory.java:503) ~[spring-beans-5.0.7.RELEASE.jar:5.0.7.RELEASE]
	at org.springframework.beans.factory.support.AbstractBeanFactory.lambda$doGetBean$0(AbstractBeanFactory.java:317) ~[spring-beans-5.0.7.RELEASE.jar:5.0.7.RELEASE]
	at org.springframework.beans.factory.support.DefaultSingletonBeanRegistry.getSingleton(DefaultSingletonBeanRegistry.java:222) ~[spring-beans-5.0.7.RELEASE.jar:5.0.7.RELEASE]
	at org.springframework.beans.factory.support.AbstractBeanFactory.doGetBean(AbstractBeanFactory.java:315) ~[spring-beans-5.0.7.RELEASE.jar:5.0.7.RELEASE]
	at org.springframework.beans.factory.support.AbstractBeanFactory.getBean(AbstractBeanFactory.java:199) ~[spring-beans-5.0.7.RELEASE.jar:5.0.7.RELEASE]
	at org.springframework.beans.factory.config.DependencyDescriptor.resolveCandidate(DependencyDescriptor.java:251) ~[spring-beans-5.0.7.RELEASE.jar:5.0.7.RELEASE]
	at org.springframework.beans.factory.support.DefaultListableBeanFactory.doResolveDependency(DefaultListableBeanFactory.java:1138) ~[spring-beans-5.0.7.RELEASE.jar:5.0.7.RELEASE]
	at org.springframework.beans.factory.support.DefaultListableBeanFactory.resolveDependency(DefaultListableBeanFactory.java:1065) ~[spring-beans-5.0.7.RELEASE.jar:5.0.7.RELEASE]
	at org.springframework.beans.factory.annotation.AutowiredAnnotationBeanPostProcessor$AutowiredFieldElement.inject(AutowiredAnnotationBeanPostProcessor.java:584) ~[spring-beans-5.0.7.RELEASE.jar:5.0.7.RELEASE]
	at org.springframework.beans.factory.annotation.InjectionMetadata.inject(InjectionMetadata.java:91) ~[spring-beans-5.0.7.RELEASE.jar:5.0.7.RELEASE]
	at org.springframework.beans.factory.annotation.AutowiredAnnotationBeanPostProcessor.postProcessPropertyValues(AutowiredAnnotationBeanPostProcessor.java:373) ~[spring-beans-5.0.7.RELEASE.jar:5.0.7.RELEASE]
	at org.springframework.beans.factory.support.AbstractAutowireCapableBeanFactory.populateBean(AbstractAutowireCapableBeanFactory.java:1350) ~[spring-beans-5.0.7.RELEASE.jar:5.0.7.RELEASE]
	at org.springframework.beans.factory.support.AbstractAutowireCapableBeanFactory.doCreateBean(AbstractAutowireCapableBeanFactory.java:580) ~[spring-beans-5.0.7.RELEASE.jar:5.0.7.RELEASE]
	at org.springframework.beans.factory.support.AbstractAutowireCapableBeanFactory.createBean(AbstractAutowireCapableBeanFactory.java:503) ~[spring-beans-5.0.7.RELEASE.jar:5.0.7.RELEASE]
	at org.springframework.beans.factory.support.AbstractBeanFactory.lambda$doGetBean$0(AbstractBeanFactory.java:317) ~[spring-beans-5.0.7.RELEASE.jar:5.0.7.RELEASE]
	at org.springframework.beans.factory.support.DefaultSingletonBeanRegistry.getSingleton(DefaultSingletonBeanRegistry.java:222) ~[spring-beans-5.0.7.RELEASE.jar:5.0.7.RELEASE]
	at org.springframework.beans.factory.support.AbstractBeanFactory.doGetBean(AbstractBeanFactory.java:315) ~[spring-beans-5.0.7.RELEASE.jar:5.0.7.RELEASE]
	at org.springframework.beans.factory.support.AbstractBeanFactory.getBean(AbstractBeanFactory.java:199) ~[spring-beans-5.0.7.RELEASE.jar:5.0.7.RELEASE]
	at org.springframework.beans.factory.support.DefaultListableBeanFactory.preInstantiateSingletons(DefaultListableBeanFactory.java:760) ~[spring-beans-5.0.7.RELEASE.jar:5.0.7.RELEASE]
	at org.springframework.context.support.AbstractApplicationContext.finishBeanFactoryInitialization(AbstractApplicationContext.java:869) ~[spring-context-5.0.7.RELEASE.jar:5.0.7.RELEASE]
	at org.springframework.context.support.AbstractApplicationContext.refresh(AbstractApplicationContext.java:550) ~[spring-context-5.0.7.RELEASE.jar:5.0.7.RELEASE]
	at org.springframework.test.context.support.AbstractGenericContextLoader.loadContext(AbstractGenericContextLoader.java:128) ~[spring-test-5.0.4.RELEASE.jar:5.0.4.RELEASE]
	at org.springframework.test.context.support.AbstractGenericContextLoader.loadContext(AbstractGenericContextLoader.java:60) ~[spring-test-5.0.4.RELEASE.jar:5.0.4.RELEASE]
	at org.springframework.test.context.support.AbstractDelegatingSmartContextLoader.delegateLoading(AbstractDelegatingSmartContextLoader.java:107) ~[spring-test-5.0.4.RELEASE.jar:5.0.4.RELEASE]
	at org.springframework.test.context.support.AbstractDelegatingSmartContextLoader.loadContext(AbstractDelegatingSmartContextLoader.java:243) ~[spring-test-5.0.4.RELEASE.jar:5.0.4.RELEASE]
	at org.springframework.test.context.cache.DefaultCacheAwareContextLoaderDelegate.loadContextInternal(DefaultCacheAwareContextLoaderDelegate.java:99) ~[spring-test-5.0.4.RELEASE.jar:5.0.4.RELEASE]
	at org.springframework.test.context.cache.DefaultCacheAwareContextLoaderDelegate.loadContext(DefaultCacheAwareContextLoaderDelegate.java:117) ~[spring-test-5.0.4.RELEASE.jar:5.0.4.RELEASE]
	... 27 more
Caused by: ch.vorburger.exec.ManagedProcessException: An error occurred while starting the database
	at ch.vorburger.mariadb4j.DB.start(DB.java:151) ~[mariaDB4j-core-2.2.3.jar:?]
	at ch.vorburger.mariadb4j.MariaDB4jService.start(MariaDB4jService.java:67) ~[mariaDB4j-core-2.2.3.jar:?]
	at ch.vorburger.mariadb4j.springframework.MariaDB4jSpringService.start(MariaDB4jSpringService.java:96) ~[mariaDB4j-core-2.2.3.jar:?]
	at sun.reflect.NativeMethodAccessorImpl.invoke0(Native Method) ~[?:1.8.0_121]
	at sun.reflect.NativeMethodAccessorImpl.invoke(NativeMethodAccessorImpl.java:62) ~[?:1.8.0_121]
	at sun.reflect.DelegatingMethodAccessorImpl.invoke(DelegatingMethodAccessorImpl.java:43) ~[?:1.8.0_121]
	at java.lang.reflect.Method.invoke(Method.java:498) ~[?:1.8.0_121]
	at org.springframework.beans.factory.annotation.InitDestroyAnnotationBeanPostProcessor$LifecycleElement.invoke(InitDestroyAnnotationBeanPostProcessor.java:365) ~[spring-beans-5.0.7.RELEASE.jar:5.0.7.RELEASE]
	at org.springframework.beans.factory.annotation.InitDestroyAnnotationBeanPostProcessor$LifecycleMetadata.invokeInitMethods(InitDestroyAnnotationBeanPostProcessor.java:308) ~[spring-beans-5.0.7.RELEASE.jar:5.0.7.RELEASE]
	at org.springframework.beans.factory.annotation.InitDestroyAnnotationBeanPostProcessor.postProcessBeforeInitialization(InitDestroyAnnotationBeanPostProcessor.java:135) ~[spring-beans-5.0.7.RELEASE.jar:5.0.7.RELEASE]
	at org.springframework.beans.factory.support.AbstractAutowireCapableBeanFactory.applyBeanPostProcessorsBeforeInitialization(AbstractAutowireCapableBeanFactory.java:424) ~[spring-beans-5.0.7.RELEASE.jar:5.0.7.RELEASE]
	at org.springframework.beans.factory.support.AbstractAutowireCapableBeanFactory.initializeBean(AbstractAutowireCapableBeanFactory.java:1700) ~[spring-beans-5.0.7.RELEASE.jar:5.0.7.RELEASE]
	at org.springframework.beans.factory.support.AbstractAutowireCapableBeanFactory.doCreateBean(AbstractAutowireCapableBeanFactory.java:581) ~[spring-beans-5.0.7.RELEASE.jar:5.0.7.RELEASE]
	at org.springframework.beans.factory.support.AbstractAutowireCapableBeanFactory.createBean(AbstractAutowireCapableBeanFactory.java:503) ~[spring-beans-5.0.7.RELEASE.jar:5.0.7.RELEASE]
	at org.springframework.beans.factory.support.AbstractBeanFactory.lambda$doGetBean$0(AbstractBeanFactory.java:317) ~[spring-beans-5.0.7.RELEASE.jar:5.0.7.RELEASE]
	at org.springframework.beans.factory.support.DefaultSingletonBeanRegistry.getSingleton(DefaultSingletonBeanRegistry.java:222) ~[spring-beans-5.0.7.RELEASE.jar:5.0.7.RELEASE]
	at org.springframework.beans.factory.support.AbstractBeanFactory.doGetBean(AbstractBeanFactory.java:315) ~[spring-beans-5.0.7.RELEASE.jar:5.0.7.RELEASE]
	at org.springframework.beans.factory.support.AbstractBeanFactory.getBean(AbstractBeanFactory.java:199) ~[spring-beans-5.0.7.RELEASE.jar:5.0.7.RELEASE]
	at org.springframework.beans.factory.config.DependencyDescriptor.resolveCandidate(DependencyDescriptor.java:251) ~[spring-beans-5.0.7.RELEASE.jar:5.0.7.RELEASE]
	at org.springframework.beans.factory.support.DefaultListableBeanFactory.doResolveDependency(DefaultListableBeanFactory.java:1138) ~[spring-beans-5.0.7.RELEASE.jar:5.0.7.RELEASE]
	at org.springframework.beans.factory.support.DefaultListableBeanFactory.resolveDependency(DefaultListableBeanFactory.java:1065) ~[spring-beans-5.0.7.RELEASE.jar:5.0.7.RELEASE]
	at org.springframework.beans.factory.support.ConstructorResolver.resolveAutowiredArgument(ConstructorResolver.java:818) ~[spring-beans-5.0.7.RELEASE.jar:5.0.7.RELEASE]
	at org.springframework.beans.factory.support.ConstructorResolver.createArgumentArray(ConstructorResolver.java:724) ~[spring-beans-5.0.7.RELEASE.jar:5.0.7.RELEASE]
	at org.springframework.beans.factory.support.ConstructorResolver.instantiateUsingFactoryMethod(ConstructorResolver.java:474) ~[spring-beans-5.0.7.RELEASE.jar:5.0.7.RELEASE]
	at org.springframework.beans.factory.support.AbstractAutowireCapableBeanFactory.instantiateUsingFactoryMethod(AbstractAutowireCapableBeanFactory.java:1256) ~[spring-beans-5.0.7.RELEASE.jar:5.0.7.RELEASE]
	at org.springframework.beans.factory.support.AbstractAutowireCapableBeanFactory.createBeanInstance(AbstractAutowireCapableBeanFactory.java:1105) ~[spring-beans-5.0.7.RELEASE.jar:5.0.7.RELEASE]
	at org.springframework.beans.factory.support.AbstractAutowireCapableBeanFactory.doCreateBean(AbstractAutowireCapableBeanFactory.java:543) ~[spring-beans-5.0.7.RELEASE.jar:5.0.7.RELEASE]
	at org.springframework.beans.factory.support.AbstractAutowireCapableBeanFactory.createBean(AbstractAutowireCapableBeanFactory.java:503) ~[spring-beans-5.0.7.RELEASE.jar:5.0.7.RELEASE]
	at org.springframework.beans.factory.support.AbstractBeanFactory.lambda$doGetBean$0(AbstractBeanFactory.java:317) ~[spring-beans-5.0.7.RELEASE.jar:5.0.7.RELEASE]
	at org.springframework.beans.factory.support.DefaultSingletonBeanRegistry.getSingleton(DefaultSingletonBeanRegistry.java:222) ~[spring-beans-5.0.7.RELEASE.jar:5.0.7.RELEASE]
	at org.springframework.beans.factory.support.AbstractBeanFactory.doGetBean(AbstractBeanFactory.java:315) ~[spring-beans-5.0.7.RELEASE.jar:5.0.7.RELEASE]
	at org.springframework.beans.factory.support.AbstractBeanFactory.getBean(AbstractBeanFactory.java:199) ~[spring-beans-5.0.7.RELEASE.jar:5.0.7.RELEASE]
	at org.springframework.beans.factory.config.DependencyDescriptor.resolveCandidate(DependencyDescriptor.java:251) ~[spring-beans-5.0.7.RELEASE.jar:5.0.7.RELEASE]
	at org.springframework.beans.factory.support.DefaultListableBeanFactory.doResolveDependency(DefaultListableBeanFactory.java:1138) ~[spring-beans-5.0.7.RELEASE.jar:5.0.7.RELEASE]
	at org.springframework.beans.factory.support.DefaultListableBeanFactory.resolveDependency(DefaultListableBeanFactory.java:1065) ~[spring-beans-5.0.7.RELEASE.jar:5.0.7.RELEASE]
	at org.springframework.beans.factory.annotation.AutowiredAnnotationBeanPostProcessor$AutowiredFieldElement.inject(AutowiredAnnotationBeanPostProcessor.java:584) ~[spring-beans-5.0.7.RELEASE.jar:5.0.7.RELEASE]
	at org.springframework.beans.factory.annotation.InjectionMetadata.inject(InjectionMetadata.java:91) ~[spring-beans-5.0.7.RELEASE.jar:5.0.7.RELEASE]
	at org.springframework.beans.factory.annotation.AutowiredAnnotationBeanPostProcessor.postProcessPropertyValues(AutowiredAnnotationBeanPostProcessor.java:373) ~[spring-beans-5.0.7.RELEASE.jar:5.0.7.RELEASE]
	at org.springframework.beans.factory.support.AbstractAutowireCapableBeanFactory.populateBean(AbstractAutowireCapableBeanFactory.java:1350) ~[spring-beans-5.0.7.RELEASE.jar:5.0.7.RELEASE]
	at org.springframework.beans.factory.support.AbstractAutowireCapableBeanFactory.doCreateBean(AbstractAutowireCapableBeanFactory.java:580) ~[spring-beans-5.0.7.RELEASE.jar:5.0.7.RELEASE]
	at org.springframework.beans.factory.support.AbstractAutowireCapableBeanFactory.createBean(AbstractAutowireCapableBeanFactory.java:503) ~[spring-beans-5.0.7.RELEASE.jar:5.0.7.RELEASE]
	at org.springframework.beans.factory.support.AbstractBeanFactory.lambda$doGetBean$0(AbstractBeanFactory.java:317) ~[spring-beans-5.0.7.RELEASE.jar:5.0.7.RELEASE]
	at org.springframework.beans.factory.support.DefaultSingletonBeanRegistry.getSingleton(DefaultSingletonBeanRegistry.java:222) ~[spring-beans-5.0.7.RELEASE.jar:5.0.7.RELEASE]
	at org.springframework.beans.factory.support.AbstractBeanFactory.doGetBean(AbstractBeanFactory.java:315) ~[spring-beans-5.0.7.RELEASE.jar:5.0.7.RELEASE]
	at org.springframework.beans.factory.support.AbstractBeanFactory.getBean(AbstractBeanFactory.java:199) ~[spring-beans-5.0.7.RELEASE.jar:5.0.7.RELEASE]
	at org.springframework.beans.factory.support.DefaultListableBeanFactory.preInstantiateSingletons(DefaultListableBeanFactory.java:760) ~[spring-beans-5.0.7.RELEASE.jar:5.0.7.RELEASE]
	at org.springframework.context.support.AbstractApplicationContext.finishBeanFactoryInitialization(AbstractApplicationContext.java:869) ~[spring-context-5.0.7.RELEASE.jar:5.0.7.RELEASE]
	at org.springframework.context.support.AbstractApplicationContext.refresh(AbstractApplicationContext.java:550) ~[spring-context-5.0.7.RELEASE.jar:5.0.7.RELEASE]
	at org.springframework.test.context.support.AbstractGenericContextLoader.loadContext(AbstractGenericContextLoader.java:128) ~[spring-test-5.0.4.RELEASE.jar:5.0.4.RELEASE]
	at org.springframework.test.context.support.AbstractGenericContextLoader.loadContext(AbstractGenericContextLoader.java:60) ~[spring-test-5.0.4.RELEASE.jar:5.0.4.RELEASE]
	at org.springframework.test.context.support.AbstractDelegatingSmartContextLoader.delegateLoading(AbstractDelegatingSmartContextLoader.java:107) ~[spring-test-5.0.4.RELEASE.jar:5.0.4.RELEASE]
	at org.springframework.test.context.support.AbstractDelegatingSmartContextLoader.loadContext(AbstractDelegatingSmartContextLoader.java:243) ~[spring-test-5.0.4.RELEASE.jar:5.0.4.RELEASE]
	at org.springframework.test.context.cache.DefaultCacheAwareContextLoaderDelegate.loadContextInternal(DefaultCacheAwareContextLoaderDelegate.java:99) ~[spring-test-5.0.4.RELEASE.jar:5.0.4.RELEASE]
	at org.springframework.test.context.cache.DefaultCacheAwareContextLoaderDelegate.loadContext(DefaultCacheAwareContextLoaderDelegate.java:117) ~[spring-test-5.0.4.RELEASE.jar:5.0.4.RELEASE]
	... 27 more
Caused by: ch.vorburger.exec.ManagedProcessException: Asked to wait for "mysqld: ready for connections." from Program [/tmp/MariaDB4j/base/bin/mysqld, --no-defaults, --console, --skip-grant-tables, --max_allowed_packet=64M, --basedir=/tmp/MariaDB4j/base, --datadir=/tmp/MariaDB4j/data/36635, --port=36635, --socket=/tmp/MariaDB4j.36635.sock] (in working directory /tmp/MariaDB4j/base), but it already exited! (without that message in console), last 100 lines of console:
2018-07-28  6:59:31 139846940620672 [Note] /tmp/MariaDB4j/base/bin/mysqld (mysqld 10.1.13-MariaDB) starting as process 1512 ...
2018-07-28  6:59:31 139846940620672 [ERROR] Fatal error: Please consult the Knowledge Base to find out how to run mysqld as root!

2018-07-28  6:59:31 139846940620672 [ERROR] Aborting

	at ch.vorburger.exec.ManagedProcess.startAndWaitForConsoleMessageMaxMs(ManagedProcess.java:263) ~[mariaDB4j-core-2.2.3.jar:?]
	at ch.vorburger.mariadb4j.DB.start(DB.java:148) ~[mariaDB4j-core-2.2.3.jar:?]
	at ch.vorburger.mariadb4j.MariaDB4jService.start(MariaDB4jService.java:67) ~[mariaDB4j-core-2.2.3.jar:?]
	at ch.vorburger.mariadb4j.springframework.MariaDB4jSpringService.start(MariaDB4jSpringService.java:96) ~[mariaDB4j-core-2.2.3.jar:?]
	at sun.reflect.NativeMethodAccessorImpl.invoke0(Native Method) ~[?:1.8.0_121]
	at sun.reflect.NativeMethodAccessorImpl.invoke(NativeMethodAccessorImpl.java:62) ~[?:1.8.0_121]
	at sun.reflect.DelegatingMethodAccessorImpl.invoke(DelegatingMethodAccessorImpl.java:43) ~[?:1.8.0_121]
	at java.lang.reflect.Method.invoke(Method.java:498) ~[?:1.8.0_121]
	at org.springframework.beans.factory.annotation.InitDestroyAnnotationBeanPostProcessor$LifecycleElement.invoke(InitDestroyAnnotationBeanPostProcessor.java:365) ~[spring-beans-5.0.7.RELEASE.jar:5.0.7.RELEASE]
	at org.springframework.beans.factory.annotation.InitDestroyAnnotationBeanPostProcessor$LifecycleMetadata.invokeInitMethods(InitDestroyAnnotationBeanPostProcessor.java:308) ~[spring-beans-5.0.7.RELEASE.jar:5.0.7.RELEASE]
	at org.springframework.beans.factory.annotation.InitDestroyAnnotationBeanPostProcessor.postProcessBeforeInitialization(InitDestroyAnnotationBeanPostProcessor.java:135) ~[spring-beans-5.0.7.RELEASE.jar:5.0.7.RELEASE]
	at org.springframework.beans.factory.support.AbstractAutowireCapableBeanFactory.applyBeanPostProcessorsBeforeInitialization(AbstractAutowireCapableBeanFactory.java:424) ~[spring-beans-5.0.7.RELEASE.jar:5.0.7.RELEASE]
	at org.springframework.beans.factory.support.AbstractAutowireCapableBeanFactory.initializeBean(AbstractAutowireCapableBeanFactory.java:1700) ~[spring-beans-5.0.7.RELEASE.jar:5.0.7.RELEASE]
	at org.springframework.beans.factory.support.AbstractAutowireCapableBeanFactory.doCreateBean(AbstractAutowireCapableBeanFactory.java:581) ~[spring-beans-5.0.7.RELEASE.jar:5.0.7.RELEASE]
	at org.springframework.beans.factory.support.AbstractAutowireCapableBeanFactory.createBean(AbstractAutowireCapableBeanFactory.java:503) ~[spring-beans-5.0.7.RELEASE.jar:5.0.7.RELEASE]
	at org.springframework.beans.factory.support.AbstractBeanFactory.lambda$doGetBean$0(AbstractBeanFactory.java:317) ~[spring-beans-5.0.7.RELEASE.jar:5.0.7.RELEASE]
	at org.springframework.beans.factory.support.DefaultSingletonBeanRegistry.getSingleton(DefaultSingletonBeanRegistry.java:222) ~[spring-beans-5.0.7.RELEASE.jar:5.0.7.RELEASE]
	at org.springframework.beans.factory.support.AbstractBeanFactory.doGetBean(AbstractBeanFactory.java:315) ~[spring-beans-5.0.7.RELEASE.jar:5.0.7.RELEASE]
	at org.springframework.beans.factory.support.AbstractBeanFactory.getBean(AbstractBeanFactory.java:199) ~[spring-beans-5.0.7.RELEASE.jar:5.0.7.RELEASE]
	at org.springframework.beans.factory.config.DependencyDescriptor.resolveCandidate(DependencyDescriptor.java:251) ~[spring-beans-5.0.7.RELEASE.jar:5.0.7.RELEASE]
	at org.springframework.beans.factory.support.DefaultListableBeanFactory.doResolveDependency(DefaultListableBeanFactory.java:1138) ~[spring-beans-5.0.7.RELEASE.jar:5.0.7.RELEASE]
	at org.springframework.beans.factory.support.DefaultListableBeanFactory.resolveDependency(DefaultListableBeanFactory.java:1065) ~[spring-beans-5.0.7.RELEASE.jar:5.0.7.RELEASE]
	at org.springframework.beans.factory.support.ConstructorResolver.resolveAutowiredArgument(ConstructorResolver.java:818) ~[spring-beans-5.0.7.RELEASE.jar:5.0.7.RELEASE]
	at org.springframework.beans.factory.support.ConstructorResolver.createArgumentArray(ConstructorResolver.java:724) ~[spring-beans-5.0.7.RELEASE.jar:5.0.7.RELEASE]
	at org.springframework.beans.factory.support.ConstructorResolver.instantiateUsingFactoryMethod(ConstructorResolver.java:474) ~[spring-beans-5.0.7.RELEASE.jar:5.0.7.RELEASE]
	at org.springframework.beans.factory.support.AbstractAutowireCapableBeanFactory.instantiateUsingFactoryMethod(AbstractAutowireCapableBeanFactory.java:1256) ~[spring-beans-5.0.7.RELEASE.jar:5.0.7.RELEASE]
	at org.springframework.beans.factory.support.AbstractAutowireCapableBeanFactory.createBeanInstance(AbstractAutowireCapableBeanFactory.java:1105) ~[spring-beans-5.0.7.RELEASE.jar:5.0.7.RELEASE]
	at org.springframework.beans.factory.support.AbstractAutowireCapableBeanFactory.doCreateBean(AbstractAutowireCapableBeanFactory.java:543) ~[spring-beans-5.0.7.RELEASE.jar:5.0.7.RELEASE]
	at org.springframework.beans.factory.support.AbstractAutowireCapableBeanFactory.createBean(AbstractAutowireCapableBeanFactory.java:503) ~[spring-beans-5.0.7.RELEASE.jar:5.0.7.RELEASE]
	at org.springframework.beans.factory.support.AbstractBeanFactory.lambda$doGetBean$0(AbstractBeanFactory.java:317) ~[spring-beans-5.0.7.RELEASE.jar:5.0.7.RELEASE]
	at org.springframework.beans.factory.support.DefaultSingletonBeanRegistry.getSingleton(DefaultSingletonBeanRegistry.java:222) ~[spring-beans-5.0.7.RELEASE.jar:5.0.7.RELEASE]
	at org.springframework.beans.factory.support.AbstractBeanFactory.doGetBean(AbstractBeanFactory.java:315) ~[spring-beans-5.0.7.RELEASE.jar:5.0.7.RELEASE]
	at org.springframework.beans.factory.support.AbstractBeanFactory.getBean(AbstractBeanFactory.java:199) ~[spring-beans-5.0.7.RELEASE.jar:5.0.7.RELEASE]
	at org.springframework.beans.factory.config.DependencyDescriptor.resolveCandidate(DependencyDescriptor.java:251) ~[spring-beans-5.0.7.RELEASE.jar:5.0.7.RELEASE]
	at org.springframework.beans.factory.support.DefaultListableBeanFactory.doResolveDependency(DefaultListableBeanFactory.java:1138) ~[spring-beans-5.0.7.RELEASE.jar:5.0.7.RELEASE]
	at org.springframework.beans.factory.support.DefaultListableBeanFactory.resolveDependency(DefaultListableBeanFactory.java:1065) ~[spring-beans-5.0.7.RELEASE.jar:5.0.7.RELEASE]
	at org.springframework.beans.factory.annotation.AutowiredAnnotationBeanPostProcessor$AutowiredFieldElement.inject(AutowiredAnnotationBeanPostProcessor.java:584) ~[spring-beans-5.0.7.RELEASE.jar:5.0.7.RELEASE]
	at org.springframework.beans.factory.annotation.InjectionMetadata.inject(InjectionMetadata.java:91) ~[spring-beans-5.0.7.RELEASE.jar:5.0.7.RELEASE]
	at org.springframework.beans.factory.annotation.AutowiredAnnotationBeanPostProcessor.postProcessPropertyValues(AutowiredAnnotationBeanPostProcessor.java:373) ~[spring-beans-5.0.7.RELEASE.jar:5.0.7.RELEASE]
	at org.springframework.beans.factory.support.AbstractAutowireCapableBeanFactory.populateBean(AbstractAutowireCapableBeanFactory.java:1350) ~[spring-beans-5.0.7.RELEASE.jar:5.0.7.RELEASE]
	at org.springframework.beans.factory.support.AbstractAutowireCapableBeanFactory.doCreateBean(AbstractAutowireCapableBeanFactory.java:580) ~[spring-beans-5.0.7.RELEASE.jar:5.0.7.RELEASE]
	at org.springframework.beans.factory.support.AbstractAutowireCapableBeanFactory.createBean(AbstractAutowireCapableBeanFactory.java:503) ~[spring-beans-5.0.7.RELEASE.jar:5.0.7.RELEASE]
	at org.springframework.beans.factory.support.AbstractBeanFactory.lambda$doGetBean$0(AbstractBeanFactory.java:317) ~[spring-beans-5.0.7.RELEASE.jar:5.0.7.RELEASE]
	at org.springframework.beans.factory.support.DefaultSingletonBeanRegistry.getSingleton(DefaultSingletonBeanRegistry.java:222) ~[spring-beans-5.0.7.RELEASE.jar:5.0.7.RELEASE]
	at org.springframework.beans.factory.support.AbstractBeanFactory.doGetBean(AbstractBeanFactory.java:315) ~[spring-beans-5.0.7.RELEASE.jar:5.0.7.RELEASE]
	at org.springframework.beans.factory.support.AbstractBeanFactory.getBean(AbstractBeanFactory.java:199) ~[spring-beans-5.0.7.RELEASE.jar:5.0.7.RELEASE]
	at org.springframework.beans.factory.support.DefaultListableBeanFactory.preInstantiateSingletons(DefaultListableBeanFactory.java:760) ~[spring-beans-5.0.7.RELEASE.jar:5.0.7.RELEASE]
	at org.springframework.context.support.AbstractApplicationContext.finishBeanFactoryInitialization(AbstractApplicationContext.java:869) ~[spring-context-5.0.7.RELEASE.jar:5.0.7.RELEASE]
	at org.springframework.context.support.AbstractApplicationContext.refresh(AbstractApplicationContext.java:550) ~[spring-context-5.0.7.RELEASE.jar:5.0.7.RELEASE]
	at org.springframework.test.context.support.AbstractGenericContextLoader.loadContext(AbstractGenericContextLoader.java:128) ~[spring-test-5.0.4.RELEASE.jar:5.0.4.RELEASE]
	at org.springframework.test.context.support.AbstractGenericContextLoader.loadContext(AbstractGenericContextLoader.java:60) ~[spring-test-5.0.4.RELEASE.jar:5.0.4.RELEASE]
	at org.springframework.test.context.support.AbstractDelegatingSmartContextLoader.delegateLoading(AbstractDelegatingSmartContextLoader.java:107) ~[spring-test-5.0.4.RELEASE.jar:5.0.4.RELEASE]
	at org.springframework.test.context.support.AbstractDelegatingSmartContextLoader.loadContext(AbstractDelegatingSmartContextLoader.java:243) ~[spring-test-5.0.4.RELEASE.jar:5.0.4.RELEASE]
	at org.springframework.test.context.cache.DefaultCacheAwareContextLoaderDelegate.loadContextInternal(DefaultCacheAwareContextLoaderDelegate.java:99) ~[spring-test-5.0.4.RELEASE.jar:5.0.4.RELEASE]
	at org.springframework.test.context.cache.DefaultCacheAwareContextLoaderDelegate.loadContext(DefaultCacheAwareContextLoaderDelegate.java:117) ~[spring-test-5.0.4.RELEASE.jar:5.0.4.RELEASE]
	... 27 more
]]></system-out>
  </testcase>
  <testcase name="getUser" classname="com.gunnarro.useraccount.service.UserAccountServiceTest" time="0.004">
    <error message="Failed to load ApplicationContext" type="java.lang.IllegalStateException">java.lang.IllegalStateException: Failed to load ApplicationContext
Caused by: org.springframework.beans.factory.UnsatisfiedDependencyException: Error creating bean with name 'testRepositoryConfiguration': Unsatisfied dependency expressed through field 'dataSource'; nested exception is org.springframework.beans.factory.UnsatisfiedDependencyException: Error creating bean with name 'dietManagerDataSource' defined in com.gunnarro.dietmanager.config.TestMariDBDataSourceConfiguration: Unsatisfied dependency expressed through method 'dietManagerDataSource' parameter 0; nested exception is org.springframework.beans.factory.BeanCreationException: Error creating bean with name 'mariaDB4jSpringService': Invocation of init method failed; nested exception is java.lang.IllegalStateException: MariaDB4jSpringService start() failed
Caused by: org.springframework.beans.factory.UnsatisfiedDependencyException: Error creating bean with name 'dietManagerDataSource' defined in com.gunnarro.dietmanager.config.TestMariDBDataSourceConfiguration: Unsatisfied dependency expressed through method 'dietManagerDataSource' parameter 0; nested exception is org.springframework.beans.factory.BeanCreationException: Error creating bean with name 'mariaDB4jSpringService': Invocation of init method failed; nested exception is java.lang.IllegalStateException: MariaDB4jSpringService start() failed
Caused by: org.springframework.beans.factory.BeanCreationException: Error creating bean with name 'mariaDB4jSpringService': Invocation of init method failed; nested exception is java.lang.IllegalStateException: MariaDB4jSpringService start() failed
Caused by: java.lang.IllegalStateException: MariaDB4jSpringService start() failed
Caused by: ch.vorburger.exec.ManagedProcessException: An error occurred while starting the database
Caused by: ch.vorburger.exec.ManagedProcessException: 
Asked to wait for "mysqld: ready for connections." from Program [/tmp/MariaDB4j/base/bin/mysqld, --no-defaults, --console, --skip-grant-tables, --max_allowed_packet=64M, --basedir=/tmp/MariaDB4j/base, --datadir=/tmp/MariaDB4j/data/36869, --port=36869, --socket=/tmp/MariaDB4j.36869.sock] (in working directory /tmp/MariaDB4j/base), but it already exited! (without that message in console), last 100 lines of console:
2018-07-28  6:59:41 140483013511040 [Note] /tmp/MariaDB4j/base/bin/mysqld (mysqld 10.1.13-MariaDB) starting as process 1654 ...
2018-07-28  6:59:41 140483013511040 [ERROR] Fatal error: Please consult the Knowledge Base to find out how to run mysqld as root!

2018-07-28  6:59:41 140483013511040 [ERROR] Aborting

</error>
    <system-out><![CDATA[[2018-07-28 08:59:31.707] [main] [INFO ] [ch.vorburger.mariadb4j.Util] Created directory: /tmp/MariaDB4j/data/36869
[2018-07-28 08:59:31.724] [main] [INFO ] [ch.vorburger.mariadb4j.DB] Installing a new embedded database to: /tmp/MariaDB4j/base
[2018-07-28 08:59:31.725] [main] [INFO ] [ch.vorburger.exec.ManagedProcess] Starting Program [/tmp/MariaDB4j/base/bin/mysql_install_db, --datadir=/tmp/MariaDB4j/data/36869, --basedir=/tmp/MariaDB4j/base, --no-defaults, --force, --skip-name-resolve] (in working directory /tmp/MariaDB4j/base)
[2018-07-28 08:59:31.770] [Exec Stream Pumper] [INFO ] [ch.vorburger.exec.ManagedProcess] mysql_install_db: Installing MariaDB/MySQL system tables in '/tmp/MariaDB4j/data/36869' ...
[2018-07-28 08:59:31.826] [main] [INFO ] [ch.vorburger.exec.ManagedProcess] Thread is now going to wait for this process to terminate itself: Program [/tmp/MariaDB4j/base/bin/mysql_install_db, --datadir=/tmp/MariaDB4j/data/36869, --basedir=/tmp/MariaDB4j/base, --no-defaults, --force, --skip-name-resolve] (in working directory /tmp/MariaDB4j/base)
[2018-07-28 08:59:31.889] [Exec Stream Pumper] [INFO ] [ch.vorburger.exec.ManagedProcess] mysql_install_db: 2018-07-28  6:59:31 140606986045312 [Note] /tmp/MariaDB4j/base/bin/mysqld (mysqld 10.1.13-MariaDB) starting as process 1550 ...
[2018-07-28 08:59:32.089] [Exec Stream Pumper] [INFO ] [ch.vorburger.exec.ManagedProcess] mysql_install_db: 2018-07-28  6:59:32 140606986045312 [Note] InnoDB: Using mutexes to ref count buffer pool pages
[2018-07-28 08:59:32.089] [Exec Stream Pumper] [INFO ] [ch.vorburger.exec.ManagedProcess] mysql_install_db: 2018-07-28  6:59:32 140606986045312 [Note] InnoDB: The InnoDB memory heap is disabled
[2018-07-28 08:59:32.089] [Exec Stream Pumper] [INFO ] [ch.vorburger.exec.ManagedProcess] mysql_install_db: 2018-07-28  6:59:32 140606986045312 [Note] InnoDB: Mutexes and rw_locks use GCC atomic builtins
[2018-07-28 08:59:32.090] [Exec Stream Pumper] [INFO ] [ch.vorburger.exec.ManagedProcess] mysql_install_db: 2018-07-28  6:59:32 140606986045312 [Note] InnoDB: Memory barrier is not used
[2018-07-28 08:59:32.090] [Exec Stream Pumper] [INFO ] [ch.vorburger.exec.ManagedProcess] mysql_install_db: 2018-07-28  6:59:32 140606986045312 [Note] InnoDB: Compressed tables use zlib 1.2.3
[2018-07-28 08:59:32.090] [Exec Stream Pumper] [INFO ] [ch.vorburger.exec.ManagedProcess] mysql_install_db: 2018-07-28  6:59:32 140606986045312 [Note] InnoDB: Using Linux native AIO
[2018-07-28 08:59:32.091] [Exec Stream Pumper] [INFO ] [ch.vorburger.exec.ManagedProcess] mysql_install_db: 2018-07-28  6:59:32 140606986045312 [Note] InnoDB: Using SSE crc32 instructions
[2018-07-28 08:59:32.094] [Exec Stream Pumper] [INFO ] [ch.vorburger.exec.ManagedProcess] mysql_install_db: 2018-07-28  6:59:32 140606986045312 [Note] InnoDB: Initializing buffer pool, size = 128.0M
[2018-07-28 08:59:32.112] [Exec Stream Pumper] [INFO ] [ch.vorburger.exec.ManagedProcess] mysql_install_db: 2018-07-28  6:59:32 140606986045312 [Note] InnoDB: Completed initialization of buffer pool
[2018-07-28 08:59:32.136] [Exec Stream Pumper] [INFO ] [ch.vorburger.exec.ManagedProcess] mysql_install_db: 2018-07-28  6:59:32 140606986045312 [Note] InnoDB: The first specified data file ./ibdata1 did not exist: a new database to be created!
[2018-07-28 08:59:32.137] [Exec Stream Pumper] [INFO ] [ch.vorburger.exec.ManagedProcess] mysql_install_db: 2018-07-28  6:59:32 140606986045312 [Note] InnoDB: Setting file ./ibdata1 size to 12 MB
[2018-07-28 08:59:32.137] [Exec Stream Pumper] [INFO ] [ch.vorburger.exec.ManagedProcess] mysql_install_db: 2018-07-28  6:59:32 140606986045312 [Note] InnoDB: Database physically writes the file full: wait...
[2018-07-28 08:59:32.273] [Exec Stream Pumper] [INFO ] [ch.vorburger.exec.ManagedProcess] mysql_install_db: 2018-07-28  6:59:32 140606986045312 [Note] InnoDB: Setting log file ./ib_logfile101 size to 48 MB
[2018-07-28 08:59:32.794] [Exec Stream Pumper] [INFO ] [ch.vorburger.exec.ManagedProcess] mysql_install_db: 2018-07-28  6:59:32 140606986045312 [Note] InnoDB: Setting log file ./ib_logfile1 size to 48 MB
[2018-07-28 08:59:33.372] [Exec Stream Pumper] [INFO ] [ch.vorburger.exec.ManagedProcess] mysql_install_db: 2018-07-28  6:59:33 140606986045312 [Note] InnoDB: Renaming log file ./ib_logfile101 to ./ib_logfile0
[2018-07-28 08:59:33.372] [Exec Stream Pumper] [INFO ] [ch.vorburger.exec.ManagedProcess] mysql_install_db: 2018-07-28  6:59:33 140606986045312 [Warning] InnoDB: New log files created, LSN=45883
[2018-07-28 08:59:33.373] [Exec Stream Pumper] [INFO ] [ch.vorburger.exec.ManagedProcess] mysql_install_db: 2018-07-28  6:59:33 140606986045312 [Note] InnoDB: Doublewrite buffer not found: creating new
[2018-07-28 08:59:33.439] [Exec Stream Pumper] [INFO ] [ch.vorburger.exec.ManagedProcess] mysql_install_db: 2018-07-28  6:59:33 140606986045312 [Note] InnoDB: Doublewrite buffer created
[2018-07-28 08:59:33.462] [Exec Stream Pumper] [INFO ] [ch.vorburger.exec.ManagedProcess] mysql_install_db: 2018-07-28  6:59:33 140606986045312 [Note] InnoDB: 128 rollback segment(s) are active.
[2018-07-28 08:59:33.462] [Exec Stream Pumper] [INFO ] [ch.vorburger.exec.ManagedProcess] mysql_install_db: 2018-07-28  6:59:33 140606986045312 [Warning] InnoDB: Creating foreign key constraint system tables.
[2018-07-28 08:59:33.492] [Exec Stream Pumper] [INFO ] [ch.vorburger.exec.ManagedProcess] mysql_install_db: 2018-07-28  6:59:33 140606986045312 [Note] InnoDB: Foreign key constraint system tables created
[2018-07-28 08:59:33.493] [Exec Stream Pumper] [INFO ] [ch.vorburger.exec.ManagedProcess] mysql_install_db: 2018-07-28  6:59:33 140606986045312 [Note] InnoDB: Creating tablespace and datafile system tables.
[2018-07-28 08:59:33.502] [Exec Stream Pumper] [INFO ] [ch.vorburger.exec.ManagedProcess] mysql_install_db: 2018-07-28  6:59:33 140606986045312 [Note] InnoDB: Tablespace and datafile system tables created.
[2018-07-28 08:59:33.503] [Exec Stream Pumper] [INFO ] [ch.vorburger.exec.ManagedProcess] mysql_install_db: 2018-07-28  6:59:33 140606986045312 [Note] InnoDB: Waiting for purge to start
[2018-07-28 08:59:33.553] [Exec Stream Pumper] [INFO ] [ch.vorburger.exec.ManagedProcess] mysql_install_db: 2018-07-28  6:59:33 140606986045312 [Note] InnoDB:  Percona XtraDB (http://www.percona.com) 5.6.28-76.1 started; log sequence number 0
[2018-07-28 08:59:33.649] [Exec Stream Pumper] [INFO ] [ch.vorburger.exec.ManagedProcess] mysql_install_db: 2018-07-28  6:59:33 140606269552384 [Note] InnoDB: Dumping buffer pool(s) not yet started
[2018-07-28 08:59:35.760] [Exec Stream Pumper] [INFO ] [ch.vorburger.exec.ManagedProcess] mysql_install_db: OK
[2018-07-28 08:59:35.760] [Exec Stream Pumper] [INFO ] [ch.vorburger.exec.ManagedProcess] mysql_install_db: Filling help tables...
[2018-07-28 08:59:35.869] [Exec Stream Pumper] [INFO ] [ch.vorburger.exec.ManagedProcess] mysql_install_db: 2018-07-28  6:59:35 139648262543232 [Note] /tmp/MariaDB4j/base/bin/mysqld (mysqld 10.1.13-MariaDB) starting as process 1586 ...
[2018-07-28 08:59:36.037] [Exec Stream Pumper] [INFO ] [ch.vorburger.exec.ManagedProcess] mysql_install_db: 2018-07-28  6:59:36 139648262543232 [Note] InnoDB: Using mutexes to ref count buffer pool pages
[2018-07-28 08:59:36.037] [Exec Stream Pumper] [INFO ] [ch.vorburger.exec.ManagedProcess] mysql_install_db: 2018-07-28  6:59:36 139648262543232 [Note] InnoDB: The InnoDB memory heap is disabled
[2018-07-28 08:59:36.037] [Exec Stream Pumper] [INFO ] [ch.vorburger.exec.ManagedProcess] mysql_install_db: 2018-07-28  6:59:36 139648262543232 [Note] InnoDB: Mutexes and rw_locks use GCC atomic builtins
[2018-07-28 08:59:36.037] [Exec Stream Pumper] [INFO ] [ch.vorburger.exec.ManagedProcess] mysql_install_db: 2018-07-28  6:59:36 139648262543232 [Note] InnoDB: Memory barrier is not used
[2018-07-28 08:59:36.037] [Exec Stream Pumper] [INFO ] [ch.vorburger.exec.ManagedProcess] mysql_install_db: 2018-07-28  6:59:36 139648262543232 [Note] InnoDB: Compressed tables use zlib 1.2.3
[2018-07-28 08:59:36.037] [Exec Stream Pumper] [INFO ] [ch.vorburger.exec.ManagedProcess] mysql_install_db: 2018-07-28  6:59:36 139648262543232 [Note] InnoDB: Using Linux native AIO
[2018-07-28 08:59:36.037] [Exec Stream Pumper] [INFO ] [ch.vorburger.exec.ManagedProcess] mysql_install_db: 2018-07-28  6:59:36 139648262543232 [Note] InnoDB: Using SSE crc32 instructions
[2018-07-28 08:59:36.040] [Exec Stream Pumper] [INFO ] [ch.vorburger.exec.ManagedProcess] mysql_install_db: 2018-07-28  6:59:36 139648262543232 [Note] InnoDB: Initializing buffer pool, size = 128.0M
[2018-07-28 08:59:36.057] [Exec Stream Pumper] [INFO ] [ch.vorburger.exec.ManagedProcess] mysql_install_db: 2018-07-28  6:59:36 139648262543232 [Note] InnoDB: Completed initialization of buffer pool
[2018-07-28 08:59:36.085] [Exec Stream Pumper] [INFO ] [ch.vorburger.exec.ManagedProcess] mysql_install_db: 2018-07-28  6:59:36 139648262543232 [Note] InnoDB: Highest supported file format is Barracuda.
[2018-07-28 08:59:36.111] [Exec Stream Pumper] [INFO ] [ch.vorburger.exec.ManagedProcess] mysql_install_db: 2018-07-28  6:59:36 139648262543232 [Note] InnoDB: 128 rollback segment(s) are active.
[2018-07-28 08:59:36.111] [Exec Stream Pumper] [INFO ] [ch.vorburger.exec.ManagedProcess] mysql_install_db: 2018-07-28  6:59:36 139648262543232 [Note] InnoDB: Waiting for purge to start
[2018-07-28 08:59:36.162] [Exec Stream Pumper] [INFO ] [ch.vorburger.exec.ManagedProcess] mysql_install_db: 2018-07-28  6:59:36 139648262543232 [Note] InnoDB:  Percona XtraDB (http://www.percona.com) 5.6.28-76.1 started; log sequence number 1616799
[2018-07-28 08:59:36.225] [Exec Stream Pumper] [INFO ] [ch.vorburger.exec.ManagedProcess] mysql_install_db: 2018-07-28  6:59:36 139647548114688 [Note] InnoDB: Dumping buffer pool(s) not yet started
[2018-07-28 08:59:38.388] [Exec Stream Pumper] [INFO ] [ch.vorburger.exec.ManagedProcess] mysql_install_db: OK
[2018-07-28 08:59:38.388] [Exec Stream Pumper] [INFO ] [ch.vorburger.exec.ManagedProcess] mysql_install_db: Creating OpenGIS required SP-s...
[2018-07-28 08:59:38.497] [Exec Stream Pumper] [INFO ] [ch.vorburger.exec.ManagedProcess] mysql_install_db: 2018-07-28  6:59:38 140387297625984 [Note] /tmp/MariaDB4j/base/bin/mysqld (mysqld 10.1.13-MariaDB) starting as process 1619 ...
[2018-07-28 08:59:38.669] [Exec Stream Pumper] [INFO ] [ch.vorburger.exec.ManagedProcess] mysql_install_db: 2018-07-28  6:59:38 140387297625984 [Note] InnoDB: Using mutexes to ref count buffer pool pages
[2018-07-28 08:59:38.669] [Exec Stream Pumper] [INFO ] [ch.vorburger.exec.ManagedProcess] mysql_install_db: 2018-07-28  6:59:38 140387297625984 [Note] InnoDB: The InnoDB memory heap is disabled
[2018-07-28 08:59:38.669] [Exec Stream Pumper] [INFO ] [ch.vorburger.exec.ManagedProcess] mysql_install_db: 2018-07-28  6:59:38 140387297625984 [Note] InnoDB: Mutexes and rw_locks use GCC atomic builtins
[2018-07-28 08:59:38.669] [Exec Stream Pumper] [INFO ] [ch.vorburger.exec.ManagedProcess] mysql_install_db: 2018-07-28  6:59:38 140387297625984 [Note] InnoDB: Memory barrier is not used
[2018-07-28 08:59:38.669] [Exec Stream Pumper] [INFO ] [ch.vorburger.exec.ManagedProcess] mysql_install_db: 2018-07-28  6:59:38 140387297625984 [Note] InnoDB: Compressed tables use zlib 1.2.3
[2018-07-28 08:59:38.669] [Exec Stream Pumper] [INFO ] [ch.vorburger.exec.ManagedProcess] mysql_install_db: 2018-07-28  6:59:38 140387297625984 [Note] InnoDB: Using Linux native AIO
[2018-07-28 08:59:38.670] [Exec Stream Pumper] [INFO ] [ch.vorburger.exec.ManagedProcess] mysql_install_db: 2018-07-28  6:59:38 140387297625984 [Note] InnoDB: Using SSE crc32 instructions
[2018-07-28 08:59:38.672] [Exec Stream Pumper] [INFO ] [ch.vorburger.exec.ManagedProcess] mysql_install_db: 2018-07-28  6:59:38 140387297625984 [Note] InnoDB: Initializing buffer pool, size = 128.0M
[2018-07-28 08:59:38.690] [Exec Stream Pumper] [INFO ] [ch.vorburger.exec.ManagedProcess] mysql_install_db: 2018-07-28  6:59:38 140387297625984 [Note] InnoDB: Completed initialization of buffer pool
[2018-07-28 08:59:38.718] [Exec Stream Pumper] [INFO ] [ch.vorburger.exec.ManagedProcess] mysql_install_db: 2018-07-28  6:59:38 140387297625984 [Note] InnoDB: Highest supported file format is Barracuda.
[2018-07-28 08:59:38.744] [Exec Stream Pumper] [INFO ] [ch.vorburger.exec.ManagedProcess] mysql_install_db: 2018-07-28  6:59:38 140387297625984 [Note] InnoDB: 128 rollback segment(s) are active.
[2018-07-28 08:59:38.745] [Exec Stream Pumper] [INFO ] [ch.vorburger.exec.ManagedProcess] mysql_install_db: 2018-07-28  6:59:38 140387297625984 [Note] InnoDB: Waiting for purge to start
[2018-07-28 08:59:38.796] [Exec Stream Pumper] [INFO ] [ch.vorburger.exec.ManagedProcess] mysql_install_db: 2018-07-28  6:59:38 140387297625984 [Note] InnoDB:  Percona XtraDB (http://www.percona.com) 5.6.28-76.1 started; log sequence number 1616809
[2018-07-28 08:59:38.865] [Exec Stream Pumper] [INFO ] [ch.vorburger.exec.ManagedProcess] mysql_install_db: 2018-07-28  6:59:38 140386580281088 [Note] InnoDB: Dumping buffer pool(s) not yet started
[2018-07-28 08:59:40.988] [Exec Stream Pumper] [INFO ] [ch.vorburger.exec.ManagedProcess] mysql_install_db: OK
[2018-07-28 08:59:40.989] [Exec Stream Pumper] [INFO ] [ch.vorburger.exec.ManagedProcess] mysql_install_db: 
[2018-07-28 08:59:40.989] [Exec Stream Pumper] [INFO ] [ch.vorburger.exec.ManagedProcess] mysql_install_db: To start mysqld at boot time you have to copy
[2018-07-28 08:59:40.989] [Exec Stream Pumper] [INFO ] [ch.vorburger.exec.ManagedProcess] mysql_install_db: support-files/mysql.server to the right place for your system
[2018-07-28 08:59:40.989] [Exec Stream Pumper] [INFO ] [ch.vorburger.exec.ManagedProcess] mysql_install_db: 
[2018-07-28 08:59:40.989] [Exec Stream Pumper] [INFO ] [ch.vorburger.exec.ManagedProcess] mysql_install_db: PLEASE REMEMBER TO SET A PASSWORD FOR THE MariaDB root USER !
[2018-07-28 08:59:40.989] [Exec Stream Pumper] [INFO ] [ch.vorburger.exec.ManagedProcess] mysql_install_db: To do so, start the server, then issue the following commands:
[2018-07-28 08:59:40.989] [Exec Stream Pumper] [INFO ] [ch.vorburger.exec.ManagedProcess] mysql_install_db: 
[2018-07-28 08:59:40.989] [Exec Stream Pumper] [INFO ] [ch.vorburger.exec.ManagedProcess] mysql_install_db: '/tmp/MariaDB4j/base/bin/mysqladmin' -u root password 'new-password'
[2018-07-28 08:59:40.989] [Exec Stream Pumper] [INFO ] [ch.vorburger.exec.ManagedProcess] mysql_install_db: '/tmp/MariaDB4j/base/bin/mysqladmin' -u root -h  password 'new-password'
[2018-07-28 08:59:40.989] [Exec Stream Pumper] [INFO ] [ch.vorburger.exec.ManagedProcess] mysql_install_db: 
[2018-07-28 08:59:40.989] [Exec Stream Pumper] [INFO ] [ch.vorburger.exec.ManagedProcess] mysql_install_db: Alternatively you can run:
[2018-07-28 08:59:40.990] [Exec Stream Pumper] [INFO ] [ch.vorburger.exec.ManagedProcess] mysql_install_db: '/tmp/MariaDB4j/base/bin/mysql_secure_installation'
[2018-07-28 08:59:40.990] [Exec Stream Pumper] [INFO ] [ch.vorburger.exec.ManagedProcess] mysql_install_db: 
[2018-07-28 08:59:40.990] [Exec Stream Pumper] [INFO ] [ch.vorburger.exec.ManagedProcess] mysql_install_db: which will also give you the option of removing the test
[2018-07-28 08:59:40.990] [Exec Stream Pumper] [INFO ] [ch.vorburger.exec.ManagedProcess] mysql_install_db: databases and anonymous user created by default.  This is
[2018-07-28 08:59:40.990] [Exec Stream Pumper] [INFO ] [ch.vorburger.exec.ManagedProcess] mysql_install_db: strongly recommended for production servers.
[2018-07-28 08:59:40.990] [Exec Stream Pumper] [INFO ] [ch.vorburger.exec.ManagedProcess] mysql_install_db: 
[2018-07-28 08:59:40.990] [Exec Stream Pumper] [INFO ] [ch.vorburger.exec.ManagedProcess] mysql_install_db: See the MariaDB Knowledgebase at http://mariadb.com/kb or the
[2018-07-28 08:59:40.990] [Exec Stream Pumper] [INFO ] [ch.vorburger.exec.ManagedProcess] mysql_install_db: MySQL manual for more instructions.
[2018-07-28 08:59:40.990] [Exec Stream Pumper] [INFO ] [ch.vorburger.exec.ManagedProcess] mysql_install_db: 
[2018-07-28 08:59:40.990] [Exec Stream Pumper] [INFO ] [ch.vorburger.exec.ManagedProcess] mysql_install_db: You can start the MariaDB daemon with:
[2018-07-28 08:59:40.990] [Exec Stream Pumper] [INFO ] [ch.vorburger.exec.ManagedProcess] mysql_install_db: cd '/tmp/MariaDB4j/base' ; /tmp/MariaDB4j/base/bin/mysqld_safe --datadir='/tmp/MariaDB4j/data/36869'
[2018-07-28 08:59:40.990] [Exec Stream Pumper] [INFO ] [ch.vorburger.exec.ManagedProcess] mysql_install_db: 
[2018-07-28 08:59:40.990] [Exec Stream Pumper] [INFO ] [ch.vorburger.exec.ManagedProcess] mysql_install_db: You can test the MariaDB daemon with mysql-test-run.pl
[2018-07-28 08:59:40.991] [Exec Stream Pumper] [INFO ] [ch.vorburger.exec.ManagedProcess] mysql_install_db: cd '/tmp/MariaDB4j/base/mysql-test' ; perl mysql-test-run.pl
[2018-07-28 08:59:40.991] [Exec Stream Pumper] [INFO ] [ch.vorburger.exec.ManagedProcess] mysql_install_db: 
[2018-07-28 08:59:40.991] [Exec Stream Pumper] [INFO ] [ch.vorburger.exec.ManagedProcess] mysql_install_db: Please report any problems at http://mariadb.org/jira
[2018-07-28 08:59:40.991] [Exec Stream Pumper] [INFO ] [ch.vorburger.exec.ManagedProcess] mysql_install_db: 
[2018-07-28 08:59:40.991] [Exec Stream Pumper] [INFO ] [ch.vorburger.exec.ManagedProcess] mysql_install_db: The latest information about MariaDB is available at http://mariadb.org/.
[2018-07-28 08:59:40.991] [Exec Stream Pumper] [INFO ] [ch.vorburger.exec.ManagedProcess] mysql_install_db: You can find additional information about the MySQL part at:
[2018-07-28 08:59:40.991] [Exec Stream Pumper] [INFO ] [ch.vorburger.exec.ManagedProcess] mysql_install_db: http://dev.mysql.com
[2018-07-28 08:59:40.991] [Exec Stream Pumper] [INFO ] [ch.vorburger.exec.ManagedProcess] mysql_install_db: Support MariaDB development by buying support/new features from MariaDB
[2018-07-28 08:59:40.991] [Exec Stream Pumper] [INFO ] [ch.vorburger.exec.ManagedProcess] mysql_install_db: Corporation Ab. You can contact us about this at sales@mariadb.com.
[2018-07-28 08:59:40.991] [Exec Stream Pumper] [INFO ] [ch.vorburger.exec.ManagedProcess] mysql_install_db: Alternatively consider joining our community based development effort:
[2018-07-28 08:59:40.991] [Exec Stream Pumper] [INFO ] [ch.vorburger.exec.ManagedProcess] mysql_install_db: http://mariadb.com/kb/en/contributing-to-the-mariadb-project/
[2018-07-28 08:59:40.991] [Exec Stream Pumper] [INFO ] [ch.vorburger.exec.ManagedProcess] mysql_install_db: 
[2018-07-28 08:59:40.997] [Exec Default Executor] [INFO ] [ch.vorburger.exec.ManagedProcess] Program [/tmp/MariaDB4j/base/bin/mysql_install_db, --datadir=/tmp/MariaDB4j/data/36869, --basedir=/tmp/MariaDB4j/base, --no-defaults, --force, --skip-name-resolve] (in working directory /tmp/MariaDB4j/base) just exited, with value 0
[2018-07-28 08:59:41.002] [main] [INFO ] [ch.vorburger.mariadb4j.DB] Installation complete.
[2018-07-28 08:59:41.002] [main] [INFO ] [ch.vorburger.mariadb4j.DB] Starting up the database...
[2018-07-28 08:59:41.003] [main] [INFO ] [ch.vorburger.mariadb4j.DB] mysqld executable: /tmp/MariaDB4j/base/bin/mysqld
[2018-07-28 08:59:41.003] [main] [INFO ] [ch.vorburger.exec.ManagedProcess] Starting Program [/tmp/MariaDB4j/base/bin/mysqld, --no-defaults, --console, --skip-grant-tables, --max_allowed_packet=64M, --basedir=/tmp/MariaDB4j/base, --datadir=/tmp/MariaDB4j/data/36869, --port=36869, --socket=/tmp/MariaDB4j.36869.sock] (in working directory /tmp/MariaDB4j/base)
[2018-07-28 08:59:41.003] [main] [INFO ] [ch.vorburger.exec.ManagedProcess] Thread will wait for "mysqld: ready for connections." to appear in Console output of process Program [/tmp/MariaDB4j/base/bin/mysqld, --no-defaults, --console, --skip-grant-tables, --max_allowed_packet=64M, --basedir=/tmp/MariaDB4j/base, --datadir=/tmp/MariaDB4j/data/36869, --port=36869, --socket=/tmp/MariaDB4j.36869.sock] (in working directory /tmp/MariaDB4j/base) for max. 30000ms
[2018-07-28 08:59:41.129] [Exec Stream Pumper] [INFO ] [ch.vorburger.exec.ManagedProcess] mysqld: 2018-07-28  6:59:41 140483013511040 [Note] /tmp/MariaDB4j/base/bin/mysqld (mysqld 10.1.13-MariaDB) starting as process 1654 ...
[2018-07-28 08:59:41.150] [Exec Stream Pumper] [ERROR] [ch.vorburger.exec.ManagedProcess] mysqld: 2018-07-28  6:59:41 140483013511040 [ERROR] Fatal error: Please consult the Knowledge Base to find out how to run mysqld as root!
[2018-07-28 08:59:41.151] [Exec Stream Pumper] [INFO ] [ch.vorburger.exec.ManagedProcess] mysqld: 
[2018-07-28 08:59:41.151] [Exec Stream Pumper] [ERROR] [ch.vorburger.exec.ManagedProcess] mysqld: 2018-07-28  6:59:41 140483013511040 [ERROR] Aborting
[2018-07-28 08:59:41.151] [Exec Stream Pumper] [INFO ] [ch.vorburger.exec.ManagedProcess] mysqld: 
[2018-07-28 08:59:41.155] [Exec Default Executor] [ERROR] [ch.vorburger.exec.ManagedProcess] Program [/tmp/MariaDB4j/base/bin/mysqld, --no-defaults, --console, --skip-grant-tables, --max_allowed_packet=64M, --basedir=/tmp/MariaDB4j/base, --datadir=/tmp/MariaDB4j/data/36869, --port=36869, --socket=/tmp/MariaDB4j.36869.sock] (in working directory /tmp/MariaDB4j/base) failed unexpectedly
org.apache.commons.exec.ExecuteException: Process exited with an error: 1 (Exit value: 1)
	at org.apache.commons.exec.DefaultExecutor.executeInternal(DefaultExecutor.java:404) ~[commons-exec-1.3.jar:1.3]
	at org.apache.commons.exec.DefaultExecutor.access$200(DefaultExecutor.java:48) ~[commons-exec-1.3.jar:1.3]
	at org.apache.commons.exec.DefaultExecutor$1.run(DefaultExecutor.java:200) [commons-exec-1.3.jar:1.3]
	at java.lang.Thread.run(Thread.java:745) [?:1.8.0_121]
[2018-07-28 08:59:41.164] [main] [ERROR] [ch.vorburger.mariadb4j.DB] failed to start mysqld
ch.vorburger.exec.ManagedProcessException: Asked to wait for "mysqld: ready for connections." from Program [/tmp/MariaDB4j/base/bin/mysqld, --no-defaults, --console, --skip-grant-tables, --max_allowed_packet=64M, --basedir=/tmp/MariaDB4j/base, --datadir=/tmp/MariaDB4j/data/36869, --port=36869, --socket=/tmp/MariaDB4j.36869.sock] (in working directory /tmp/MariaDB4j/base), but it already exited! (without that message in console), last 100 lines of console:
2018-07-28  6:59:41 140483013511040 [Note] /tmp/MariaDB4j/base/bin/mysqld (mysqld 10.1.13-MariaDB) starting as process 1654 ...
2018-07-28  6:59:41 140483013511040 [ERROR] Fatal error: Please consult the Knowledge Base to find out how to run mysqld as root!

2018-07-28  6:59:41 140483013511040 [ERROR] Aborting

	at ch.vorburger.exec.ManagedProcess.startAndWaitForConsoleMessageMaxMs(ManagedProcess.java:263) ~[mariaDB4j-core-2.2.3.jar:?]
	at ch.vorburger.mariadb4j.DB.start(DB.java:148) ~[mariaDB4j-core-2.2.3.jar:?]
	at ch.vorburger.mariadb4j.MariaDB4jService.start(MariaDB4jService.java:67) ~[mariaDB4j-core-2.2.3.jar:?]
	at ch.vorburger.mariadb4j.springframework.MariaDB4jSpringService.start(MariaDB4jSpringService.java:96) ~[mariaDB4j-core-2.2.3.jar:?]
	at sun.reflect.NativeMethodAccessorImpl.invoke0(Native Method) ~[?:1.8.0_121]
	at sun.reflect.NativeMethodAccessorImpl.invoke(NativeMethodAccessorImpl.java:62) ~[?:1.8.0_121]
	at sun.reflect.DelegatingMethodAccessorImpl.invoke(DelegatingMethodAccessorImpl.java:43) ~[?:1.8.0_121]
	at java.lang.reflect.Method.invoke(Method.java:498) ~[?:1.8.0_121]
	at org.springframework.beans.factory.annotation.InitDestroyAnnotationBeanPostProcessor$LifecycleElement.invoke(InitDestroyAnnotationBeanPostProcessor.java:365) ~[spring-beans-5.0.7.RELEASE.jar:5.0.7.RELEASE]
	at org.springframework.beans.factory.annotation.InitDestroyAnnotationBeanPostProcessor$LifecycleMetadata.invokeInitMethods(InitDestroyAnnotationBeanPostProcessor.java:308) ~[spring-beans-5.0.7.RELEASE.jar:5.0.7.RELEASE]
	at org.springframework.beans.factory.annotation.InitDestroyAnnotationBeanPostProcessor.postProcessBeforeInitialization(InitDestroyAnnotationBeanPostProcessor.java:135) ~[spring-beans-5.0.7.RELEASE.jar:5.0.7.RELEASE]
	at org.springframework.beans.factory.support.AbstractAutowireCapableBeanFactory.applyBeanPostProcessorsBeforeInitialization(AbstractAutowireCapableBeanFactory.java:424) ~[spring-beans-5.0.7.RELEASE.jar:5.0.7.RELEASE]
	at org.springframework.beans.factory.support.AbstractAutowireCapableBeanFactory.initializeBean(AbstractAutowireCapableBeanFactory.java:1700) ~[spring-beans-5.0.7.RELEASE.jar:5.0.7.RELEASE]
	at org.springframework.beans.factory.support.AbstractAutowireCapableBeanFactory.doCreateBean(AbstractAutowireCapableBeanFactory.java:581) ~[spring-beans-5.0.7.RELEASE.jar:5.0.7.RELEASE]
	at org.springframework.beans.factory.support.AbstractAutowireCapableBeanFactory.createBean(AbstractAutowireCapableBeanFactory.java:503) ~[spring-beans-5.0.7.RELEASE.jar:5.0.7.RELEASE]
	at org.springframework.beans.factory.support.AbstractBeanFactory.lambda$doGetBean$0(AbstractBeanFactory.java:317) ~[spring-beans-5.0.7.RELEASE.jar:5.0.7.RELEASE]
	at org.springframework.beans.factory.support.DefaultSingletonBeanRegistry.getSingleton(DefaultSingletonBeanRegistry.java:222) ~[spring-beans-5.0.7.RELEASE.jar:5.0.7.RELEASE]
	at org.springframework.beans.factory.support.AbstractBeanFactory.doGetBean(AbstractBeanFactory.java:315) ~[spring-beans-5.0.7.RELEASE.jar:5.0.7.RELEASE]
	at org.springframework.beans.factory.support.AbstractBeanFactory.getBean(AbstractBeanFactory.java:199) ~[spring-beans-5.0.7.RELEASE.jar:5.0.7.RELEASE]
	at org.springframework.beans.factory.config.DependencyDescriptor.resolveCandidate(DependencyDescriptor.java:251) ~[spring-beans-5.0.7.RELEASE.jar:5.0.7.RELEASE]
	at org.springframework.beans.factory.support.DefaultListableBeanFactory.doResolveDependency(DefaultListableBeanFactory.java:1138) ~[spring-beans-5.0.7.RELEASE.jar:5.0.7.RELEASE]
	at org.springframework.beans.factory.support.DefaultListableBeanFactory.resolveDependency(DefaultListableBeanFactory.java:1065) ~[spring-beans-5.0.7.RELEASE.jar:5.0.7.RELEASE]
	at org.springframework.beans.factory.support.ConstructorResolver.resolveAutowiredArgument(ConstructorResolver.java:818) ~[spring-beans-5.0.7.RELEASE.jar:5.0.7.RELEASE]
	at org.springframework.beans.factory.support.ConstructorResolver.createArgumentArray(ConstructorResolver.java:724) ~[spring-beans-5.0.7.RELEASE.jar:5.0.7.RELEASE]
	at org.springframework.beans.factory.support.ConstructorResolver.instantiateUsingFactoryMethod(ConstructorResolver.java:474) ~[spring-beans-5.0.7.RELEASE.jar:5.0.7.RELEASE]
	at org.springframework.beans.factory.support.AbstractAutowireCapableBeanFactory.instantiateUsingFactoryMethod(AbstractAutowireCapableBeanFactory.java:1256) ~[spring-beans-5.0.7.RELEASE.jar:5.0.7.RELEASE]
	at org.springframework.beans.factory.support.AbstractAutowireCapableBeanFactory.createBeanInstance(AbstractAutowireCapableBeanFactory.java:1105) ~[spring-beans-5.0.7.RELEASE.jar:5.0.7.RELEASE]
	at org.springframework.beans.factory.support.AbstractAutowireCapableBeanFactory.doCreateBean(AbstractAutowireCapableBeanFactory.java:543) ~[spring-beans-5.0.7.RELEASE.jar:5.0.7.RELEASE]
	at org.springframework.beans.factory.support.AbstractAutowireCapableBeanFactory.createBean(AbstractAutowireCapableBeanFactory.java:503) ~[spring-beans-5.0.7.RELEASE.jar:5.0.7.RELEASE]
	at org.springframework.beans.factory.support.AbstractBeanFactory.lambda$doGetBean$0(AbstractBeanFactory.java:317) ~[spring-beans-5.0.7.RELEASE.jar:5.0.7.RELEASE]
	at org.springframework.beans.factory.support.DefaultSingletonBeanRegistry.getSingleton(DefaultSingletonBeanRegistry.java:222) ~[spring-beans-5.0.7.RELEASE.jar:5.0.7.RELEASE]
	at org.springframework.beans.factory.support.AbstractBeanFactory.doGetBean(AbstractBeanFactory.java:315) ~[spring-beans-5.0.7.RELEASE.jar:5.0.7.RELEASE]
	at org.springframework.beans.factory.support.AbstractBeanFactory.getBean(AbstractBeanFactory.java:199) ~[spring-beans-5.0.7.RELEASE.jar:5.0.7.RELEASE]
	at org.springframework.beans.factory.config.DependencyDescriptor.resolveCandidate(DependencyDescriptor.java:251) ~[spring-beans-5.0.7.RELEASE.jar:5.0.7.RELEASE]
	at org.springframework.beans.factory.support.DefaultListableBeanFactory.doResolveDependency(DefaultListableBeanFactory.java:1138) ~[spring-beans-5.0.7.RELEASE.jar:5.0.7.RELEASE]
	at org.springframework.beans.factory.support.DefaultListableBeanFactory.resolveDependency(DefaultListableBeanFactory.java:1065) ~[spring-beans-5.0.7.RELEASE.jar:5.0.7.RELEASE]
	at org.springframework.beans.factory.annotation.AutowiredAnnotationBeanPostProcessor$AutowiredFieldElement.inject(AutowiredAnnotationBeanPostProcessor.java:584) ~[spring-beans-5.0.7.RELEASE.jar:5.0.7.RELEASE]
	at org.springframework.beans.factory.annotation.InjectionMetadata.inject(InjectionMetadata.java:91) ~[spring-beans-5.0.7.RELEASE.jar:5.0.7.RELEASE]
	at org.springframework.beans.factory.annotation.AutowiredAnnotationBeanPostProcessor.postProcessPropertyValues(AutowiredAnnotationBeanPostProcessor.java:373) ~[spring-beans-5.0.7.RELEASE.jar:5.0.7.RELEASE]
	at org.springframework.beans.factory.support.AbstractAutowireCapableBeanFactory.populateBean(AbstractAutowireCapableBeanFactory.java:1350) ~[spring-beans-5.0.7.RELEASE.jar:5.0.7.RELEASE]
	at org.springframework.beans.factory.support.AbstractAutowireCapableBeanFactory.doCreateBean(AbstractAutowireCapableBeanFactory.java:580) ~[spring-beans-5.0.7.RELEASE.jar:5.0.7.RELEASE]
	at org.springframework.beans.factory.support.AbstractAutowireCapableBeanFactory.createBean(AbstractAutowireCapableBeanFactory.java:503) ~[spring-beans-5.0.7.RELEASE.jar:5.0.7.RELEASE]
	at org.springframework.beans.factory.support.AbstractBeanFactory.lambda$doGetBean$0(AbstractBeanFactory.java:317) ~[spring-beans-5.0.7.RELEASE.jar:5.0.7.RELEASE]
	at org.springframework.beans.factory.support.DefaultSingletonBeanRegistry.getSingleton(DefaultSingletonBeanRegistry.java:222) [spring-beans-5.0.7.RELEASE.jar:5.0.7.RELEASE]
	at org.springframework.beans.factory.support.AbstractBeanFactory.doGetBean(AbstractBeanFactory.java:315) [spring-beans-5.0.7.RELEASE.jar:5.0.7.RELEASE]
	at org.springframework.beans.factory.support.AbstractBeanFactory.getBean(AbstractBeanFactory.java:199) [spring-beans-5.0.7.RELEASE.jar:5.0.7.RELEASE]
	at org.springframework.beans.factory.support.DefaultListableBeanFactory.preInstantiateSingletons(DefaultListableBeanFactory.java:760) [spring-beans-5.0.7.RELEASE.jar:5.0.7.RELEASE]
	at org.springframework.context.support.AbstractApplicationContext.finishBeanFactoryInitialization(AbstractApplicationContext.java:869) [spring-context-5.0.7.RELEASE.jar:5.0.7.RELEASE]
	at org.springframework.context.support.AbstractApplicationContext.refresh(AbstractApplicationContext.java:550) [spring-context-5.0.7.RELEASE.jar:5.0.7.RELEASE]
	at org.springframework.test.context.support.AbstractGenericContextLoader.loadContext(AbstractGenericContextLoader.java:128) [spring-test-5.0.4.RELEASE.jar:5.0.4.RELEASE]
	at org.springframework.test.context.support.AbstractGenericContextLoader.loadContext(AbstractGenericContextLoader.java:60) [spring-test-5.0.4.RELEASE.jar:5.0.4.RELEASE]
	at org.springframework.test.context.support.AbstractDelegatingSmartContextLoader.delegateLoading(AbstractDelegatingSmartContextLoader.java:107) [spring-test-5.0.4.RELEASE.jar:5.0.4.RELEASE]
	at org.springframework.test.context.support.AbstractDelegatingSmartContextLoader.loadContext(AbstractDelegatingSmartContextLoader.java:243) [spring-test-5.0.4.RELEASE.jar:5.0.4.RELEASE]
	at org.springframework.test.context.cache.DefaultCacheAwareContextLoaderDelegate.loadContextInternal(DefaultCacheAwareContextLoaderDelegate.java:99) [spring-test-5.0.4.RELEASE.jar:5.0.4.RELEASE]
	at org.springframework.test.context.cache.DefaultCacheAwareContextLoaderDelegate.loadContext(DefaultCacheAwareContextLoaderDelegate.java:117) [spring-test-5.0.4.RELEASE.jar:5.0.4.RELEASE]
	at org.springframework.test.context.support.DefaultTestContext.getApplicationContext(DefaultTestContext.java:107) [spring-test-5.0.4.RELEASE.jar:5.0.4.RELEASE]
	at org.springframework.test.context.support.DependencyInjectionTestExecutionListener.injectDependencies(DependencyInjectionTestExecutionListener.java:117) [spring-test-5.0.4.RELEASE.jar:5.0.4.RELEASE]
	at org.springframework.test.context.support.DependencyInjectionTestExecutionListener.prepareTestInstance(DependencyInjectionTestExecutionListener.java:83) [spring-test-5.0.4.RELEASE.jar:5.0.4.RELEASE]
	at org.springframework.test.context.TestContextManager.prepareTestInstance(TestContextManager.java:242) [spring-test-5.0.4.RELEASE.jar:5.0.4.RELEASE]
	at org.springframework.test.context.junit4.SpringJUnit4ClassRunner.createTest(SpringJUnit4ClassRunner.java:227) [spring-test-5.0.4.RELEASE.jar:5.0.4.RELEASE]
	at org.springframework.test.context.junit4.SpringJUnit4ClassRunner$1.runReflectiveCall(SpringJUnit4ClassRunner.java:289) [spring-test-5.0.4.RELEASE.jar:5.0.4.RELEASE]
	at org.junit.internal.runners.model.ReflectiveCallable.run(ReflectiveCallable.java:12) [junit-4.12.jar:4.12]
	at org.springframework.test.context.junit4.SpringJUnit4ClassRunner.methodBlock(SpringJUnit4ClassRunner.java:291) [spring-test-5.0.4.RELEASE.jar:5.0.4.RELEASE]
	at org.springframework.test.context.junit4.SpringJUnit4ClassRunner.runChild(SpringJUnit4ClassRunner.java:246) [spring-test-5.0.4.RELEASE.jar:5.0.4.RELEASE]
	at org.springframework.test.context.junit4.SpringJUnit4ClassRunner.runChild(SpringJUnit4ClassRunner.java:97) [spring-test-5.0.4.RELEASE.jar:5.0.4.RELEASE]
	at org.junit.runners.ParentRunner$3.run(ParentRunner.java:290) [junit-4.12.jar:4.12]
	at org.junit.runners.ParentRunner$1.schedule(ParentRunner.java:71) [junit-4.12.jar:4.12]
	at org.junit.runners.ParentRunner.runChildren(ParentRunner.java:288) [junit-4.12.jar:4.12]
	at org.junit.runners.ParentRunner.access$000(ParentRunner.java:58) [junit-4.12.jar:4.12]
	at org.junit.runners.ParentRunner$2.evaluate(ParentRunner.java:268) [junit-4.12.jar:4.12]
	at org.springframework.test.context.junit4.statements.RunBeforeTestClassCallbacks.evaluate(RunBeforeTestClassCallbacks.java:61) [spring-test-5.0.4.RELEASE.jar:5.0.4.RELEASE]
	at org.springframework.test.context.junit4.statements.RunAfterTestClassCallbacks.evaluate(RunAfterTestClassCallbacks.java:70) [spring-test-5.0.4.RELEASE.jar:5.0.4.RELEASE]
	at org.junit.runners.ParentRunner.run(ParentRunner.java:363) [junit-4.12.jar:4.12]
	at org.springframework.test.context.junit4.SpringJUnit4ClassRunner.run(SpringJUnit4ClassRunner.java:190) [spring-test-5.0.4.RELEASE.jar:5.0.4.RELEASE]
	at org.apache.maven.surefire.junit4.JUnit4Provider.execute(JUnit4Provider.java:365) [surefire-junit4-2.21.0.jar:2.21.0]
	at org.apache.maven.surefire.junit4.JUnit4Provider.executeWithRerun(JUnit4Provider.java:273) [surefire-junit4-2.21.0.jar:2.21.0]
	at org.apache.maven.surefire.junit4.JUnit4Provider.executeTestSet(JUnit4Provider.java:238) [surefire-junit4-2.21.0.jar:2.21.0]
	at org.apache.maven.surefire.junit4.JUnit4Provider.invoke(JUnit4Provider.java:159) [surefire-junit4-2.21.0.jar:2.21.0]
	at org.apache.maven.surefire.booter.ForkedBooter.invokeProviderInSameClassLoader(ForkedBooter.java:379) [surefire-booter-2.21.0.jar:2.21.0]
	at org.apache.maven.surefire.booter.ForkedBooter.runSuitesInProcess(ForkedBooter.java:340) [surefire-booter-2.21.0.jar:2.21.0]
	at org.apache.maven.surefire.booter.ForkedBooter.execute(ForkedBooter.java:125) [surefire-booter-2.21.0.jar:2.21.0]
	at org.apache.maven.surefire.booter.ForkedBooter.main(ForkedBooter.java:413) [surefire-booter-2.21.0.jar:2.21.0]
[2018-07-28 08:59:41.169] [main] [ERROR] [org.springframework.test.context.TestContextManager] Caught exception while allowing TestExecutionListener [org.springframework.test.context.support.DependencyInjectionTestExecutionListener@30e92cb9] to prepare test instance [com.gunnarro.useraccount.service.UserAccountServiceTest@1efdcd5]
java.lang.IllegalStateException: Failed to load ApplicationContext
	at org.springframework.test.context.cache.DefaultCacheAwareContextLoaderDelegate.loadContext(DefaultCacheAwareContextLoaderDelegate.java:125) ~[spring-test-5.0.4.RELEASE.jar:5.0.4.RELEASE]
	at org.springframework.test.context.support.DefaultTestContext.getApplicationContext(DefaultTestContext.java:107) ~[spring-test-5.0.4.RELEASE.jar:5.0.4.RELEASE]
	at org.springframework.test.context.support.DependencyInjectionTestExecutionListener.injectDependencies(DependencyInjectionTestExecutionListener.java:117) ~[spring-test-5.0.4.RELEASE.jar:5.0.4.RELEASE]
	at org.springframework.test.context.support.DependencyInjectionTestExecutionListener.prepareTestInstance(DependencyInjectionTestExecutionListener.java:83) ~[spring-test-5.0.4.RELEASE.jar:5.0.4.RELEASE]
	at org.springframework.test.context.TestContextManager.prepareTestInstance(TestContextManager.java:242) [spring-test-5.0.4.RELEASE.jar:5.0.4.RELEASE]
	at org.springframework.test.context.junit4.SpringJUnit4ClassRunner.createTest(SpringJUnit4ClassRunner.java:227) [spring-test-5.0.4.RELEASE.jar:5.0.4.RELEASE]
	at org.springframework.test.context.junit4.SpringJUnit4ClassRunner$1.runReflectiveCall(SpringJUnit4ClassRunner.java:289) [spring-test-5.0.4.RELEASE.jar:5.0.4.RELEASE]
	at org.junit.internal.runners.model.ReflectiveCallable.run(ReflectiveCallable.java:12) [junit-4.12.jar:4.12]
	at org.springframework.test.context.junit4.SpringJUnit4ClassRunner.methodBlock(SpringJUnit4ClassRunner.java:291) [spring-test-5.0.4.RELEASE.jar:5.0.4.RELEASE]
	at org.springframework.test.context.junit4.SpringJUnit4ClassRunner.runChild(SpringJUnit4ClassRunner.java:246) [spring-test-5.0.4.RELEASE.jar:5.0.4.RELEASE]
	at org.springframework.test.context.junit4.SpringJUnit4ClassRunner.runChild(SpringJUnit4ClassRunner.java:97) [spring-test-5.0.4.RELEASE.jar:5.0.4.RELEASE]
	at org.junit.runners.ParentRunner$3.run(ParentRunner.java:290) [junit-4.12.jar:4.12]
	at org.junit.runners.ParentRunner$1.schedule(ParentRunner.java:71) [junit-4.12.jar:4.12]
	at org.junit.runners.ParentRunner.runChildren(ParentRunner.java:288) [junit-4.12.jar:4.12]
	at org.junit.runners.ParentRunner.access$000(ParentRunner.java:58) [junit-4.12.jar:4.12]
	at org.junit.runners.ParentRunner$2.evaluate(ParentRunner.java:268) [junit-4.12.jar:4.12]
	at org.springframework.test.context.junit4.statements.RunBeforeTestClassCallbacks.evaluate(RunBeforeTestClassCallbacks.java:61) [spring-test-5.0.4.RELEASE.jar:5.0.4.RELEASE]
	at org.springframework.test.context.junit4.statements.RunAfterTestClassCallbacks.evaluate(RunAfterTestClassCallbacks.java:70) [spring-test-5.0.4.RELEASE.jar:5.0.4.RELEASE]
	at org.junit.runners.ParentRunner.run(ParentRunner.java:363) [junit-4.12.jar:4.12]
	at org.springframework.test.context.junit4.SpringJUnit4ClassRunner.run(SpringJUnit4ClassRunner.java:190) [spring-test-5.0.4.RELEASE.jar:5.0.4.RELEASE]
	at org.apache.maven.surefire.junit4.JUnit4Provider.execute(JUnit4Provider.java:365) [surefire-junit4-2.21.0.jar:2.21.0]
	at org.apache.maven.surefire.junit4.JUnit4Provider.executeWithRerun(JUnit4Provider.java:273) [surefire-junit4-2.21.0.jar:2.21.0]
	at org.apache.maven.surefire.junit4.JUnit4Provider.executeTestSet(JUnit4Provider.java:238) [surefire-junit4-2.21.0.jar:2.21.0]
	at org.apache.maven.surefire.junit4.JUnit4Provider.invoke(JUnit4Provider.java:159) [surefire-junit4-2.21.0.jar:2.21.0]
	at org.apache.maven.surefire.booter.ForkedBooter.invokeProviderInSameClassLoader(ForkedBooter.java:379) [surefire-booter-2.21.0.jar:2.21.0]
	at org.apache.maven.surefire.booter.ForkedBooter.runSuitesInProcess(ForkedBooter.java:340) [surefire-booter-2.21.0.jar:2.21.0]
	at org.apache.maven.surefire.booter.ForkedBooter.execute(ForkedBooter.java:125) [surefire-booter-2.21.0.jar:2.21.0]
	at org.apache.maven.surefire.booter.ForkedBooter.main(ForkedBooter.java:413) [surefire-booter-2.21.0.jar:2.21.0]
Caused by: org.springframework.beans.factory.UnsatisfiedDependencyException: Error creating bean with name 'testRepositoryConfiguration': Unsatisfied dependency expressed through field 'dataSource'; nested exception is org.springframework.beans.factory.UnsatisfiedDependencyException: Error creating bean with name 'dietManagerDataSource' defined in com.gunnarro.dietmanager.config.TestMariDBDataSourceConfiguration: Unsatisfied dependency expressed through method 'dietManagerDataSource' parameter 0; nested exception is org.springframework.beans.factory.BeanCreationException: Error creating bean with name 'mariaDB4jSpringService': Invocation of init method failed; nested exception is java.lang.IllegalStateException: MariaDB4jSpringService start() failed
	at org.springframework.beans.factory.annotation.AutowiredAnnotationBeanPostProcessor$AutowiredFieldElement.inject(AutowiredAnnotationBeanPostProcessor.java:587) ~[spring-beans-5.0.7.RELEASE.jar:5.0.7.RELEASE]
	at org.springframework.beans.factory.annotation.InjectionMetadata.inject(InjectionMetadata.java:91) ~[spring-beans-5.0.7.RELEASE.jar:5.0.7.RELEASE]
	at org.springframework.beans.factory.annotation.AutowiredAnnotationBeanPostProcessor.postProcessPropertyValues(AutowiredAnnotationBeanPostProcessor.java:373) ~[spring-beans-5.0.7.RELEASE.jar:5.0.7.RELEASE]
	at org.springframework.beans.factory.support.AbstractAutowireCapableBeanFactory.populateBean(AbstractAutowireCapableBeanFactory.java:1350) ~[spring-beans-5.0.7.RELEASE.jar:5.0.7.RELEASE]
	at org.springframework.beans.factory.support.AbstractAutowireCapableBeanFactory.doCreateBean(AbstractAutowireCapableBeanFactory.java:580) ~[spring-beans-5.0.7.RELEASE.jar:5.0.7.RELEASE]
	at org.springframework.beans.factory.support.AbstractAutowireCapableBeanFactory.createBean(AbstractAutowireCapableBeanFactory.java:503) ~[spring-beans-5.0.7.RELEASE.jar:5.0.7.RELEASE]
	at org.springframework.beans.factory.support.AbstractBeanFactory.lambda$doGetBean$0(AbstractBeanFactory.java:317) ~[spring-beans-5.0.7.RELEASE.jar:5.0.7.RELEASE]
	at org.springframework.beans.factory.support.DefaultSingletonBeanRegistry.getSingleton(DefaultSingletonBeanRegistry.java:222) ~[spring-beans-5.0.7.RELEASE.jar:5.0.7.RELEASE]
	at org.springframework.beans.factory.support.AbstractBeanFactory.doGetBean(AbstractBeanFactory.java:315) ~[spring-beans-5.0.7.RELEASE.jar:5.0.7.RELEASE]
	at org.springframework.beans.factory.support.AbstractBeanFactory.getBean(AbstractBeanFactory.java:199) ~[spring-beans-5.0.7.RELEASE.jar:5.0.7.RELEASE]
	at org.springframework.beans.factory.support.DefaultListableBeanFactory.preInstantiateSingletons(DefaultListableBeanFactory.java:760) ~[spring-beans-5.0.7.RELEASE.jar:5.0.7.RELEASE]
	at org.springframework.context.support.AbstractApplicationContext.finishBeanFactoryInitialization(AbstractApplicationContext.java:869) ~[spring-context-5.0.7.RELEASE.jar:5.0.7.RELEASE]
	at org.springframework.context.support.AbstractApplicationContext.refresh(AbstractApplicationContext.java:550) ~[spring-context-5.0.7.RELEASE.jar:5.0.7.RELEASE]
	at org.springframework.test.context.support.AbstractGenericContextLoader.loadContext(AbstractGenericContextLoader.java:128) ~[spring-test-5.0.4.RELEASE.jar:5.0.4.RELEASE]
	at org.springframework.test.context.support.AbstractGenericContextLoader.loadContext(AbstractGenericContextLoader.java:60) ~[spring-test-5.0.4.RELEASE.jar:5.0.4.RELEASE]
	at org.springframework.test.context.support.AbstractDelegatingSmartContextLoader.delegateLoading(AbstractDelegatingSmartContextLoader.java:107) ~[spring-test-5.0.4.RELEASE.jar:5.0.4.RELEASE]
	at org.springframework.test.context.support.AbstractDelegatingSmartContextLoader.loadContext(AbstractDelegatingSmartContextLoader.java:243) ~[spring-test-5.0.4.RELEASE.jar:5.0.4.RELEASE]
	at org.springframework.test.context.cache.DefaultCacheAwareContextLoaderDelegate.loadContextInternal(DefaultCacheAwareContextLoaderDelegate.java:99) ~[spring-test-5.0.4.RELEASE.jar:5.0.4.RELEASE]
	at org.springframework.test.context.cache.DefaultCacheAwareContextLoaderDelegate.loadContext(DefaultCacheAwareContextLoaderDelegate.java:117) ~[spring-test-5.0.4.RELEASE.jar:5.0.4.RELEASE]
	... 27 more
Caused by: org.springframework.beans.factory.UnsatisfiedDependencyException: Error creating bean with name 'dietManagerDataSource' defined in com.gunnarro.dietmanager.config.TestMariDBDataSourceConfiguration: Unsatisfied dependency expressed through method 'dietManagerDataSource' parameter 0; nested exception is org.springframework.beans.factory.BeanCreationException: Error creating bean with name 'mariaDB4jSpringService': Invocation of init method failed; nested exception is java.lang.IllegalStateException: MariaDB4jSpringService start() failed
	at org.springframework.beans.factory.support.ConstructorResolver.createArgumentArray(ConstructorResolver.java:732) ~[spring-beans-5.0.7.RELEASE.jar:5.0.7.RELEASE]
	at org.springframework.beans.factory.support.ConstructorResolver.instantiateUsingFactoryMethod(ConstructorResolver.java:474) ~[spring-beans-5.0.7.RELEASE.jar:5.0.7.RELEASE]
	at org.springframework.beans.factory.support.AbstractAutowireCapableBeanFactory.instantiateUsingFactoryMethod(AbstractAutowireCapableBeanFactory.java:1256) ~[spring-beans-5.0.7.RELEASE.jar:5.0.7.RELEASE]
	at org.springframework.beans.factory.support.AbstractAutowireCapableBeanFactory.createBeanInstance(AbstractAutowireCapableBeanFactory.java:1105) ~[spring-beans-5.0.7.RELEASE.jar:5.0.7.RELEASE]
	at org.springframework.beans.factory.support.AbstractAutowireCapableBeanFactory.doCreateBean(AbstractAutowireCapableBeanFactory.java:543) ~[spring-beans-5.0.7.RELEASE.jar:5.0.7.RELEASE]
	at org.springframework.beans.factory.support.AbstractAutowireCapableBeanFactory.createBean(AbstractAutowireCapableBeanFactory.java:503) ~[spring-beans-5.0.7.RELEASE.jar:5.0.7.RELEASE]
	at org.springframework.beans.factory.support.AbstractBeanFactory.lambda$doGetBean$0(AbstractBeanFactory.java:317) ~[spring-beans-5.0.7.RELEASE.jar:5.0.7.RELEASE]
	at org.springframework.beans.factory.support.DefaultSingletonBeanRegistry.getSingleton(DefaultSingletonBeanRegistry.java:222) ~[spring-beans-5.0.7.RELEASE.jar:5.0.7.RELEASE]
	at org.springframework.beans.factory.support.AbstractBeanFactory.doGetBean(AbstractBeanFactory.java:315) ~[spring-beans-5.0.7.RELEASE.jar:5.0.7.RELEASE]
	at org.springframework.beans.factory.support.AbstractBeanFactory.getBean(AbstractBeanFactory.java:199) ~[spring-beans-5.0.7.RELEASE.jar:5.0.7.RELEASE]
	at org.springframework.beans.factory.config.DependencyDescriptor.resolveCandidate(DependencyDescriptor.java:251) ~[spring-beans-5.0.7.RELEASE.jar:5.0.7.RELEASE]
	at org.springframework.beans.factory.support.DefaultListableBeanFactory.doResolveDependency(DefaultListableBeanFactory.java:1138) ~[spring-beans-5.0.7.RELEASE.jar:5.0.7.RELEASE]
	at org.springframework.beans.factory.support.DefaultListableBeanFactory.resolveDependency(DefaultListableBeanFactory.java:1065) ~[spring-beans-5.0.7.RELEASE.jar:5.0.7.RELEASE]
	at org.springframework.beans.factory.annotation.AutowiredAnnotationBeanPostProcessor$AutowiredFieldElement.inject(AutowiredAnnotationBeanPostProcessor.java:584) ~[spring-beans-5.0.7.RELEASE.jar:5.0.7.RELEASE]
	at org.springframework.beans.factory.annotation.InjectionMetadata.inject(InjectionMetadata.java:91) ~[spring-beans-5.0.7.RELEASE.jar:5.0.7.RELEASE]
	at org.springframework.beans.factory.annotation.AutowiredAnnotationBeanPostProcessor.postProcessPropertyValues(AutowiredAnnotationBeanPostProcessor.java:373) ~[spring-beans-5.0.7.RELEASE.jar:5.0.7.RELEASE]
	at org.springframework.beans.factory.support.AbstractAutowireCapableBeanFactory.populateBean(AbstractAutowireCapableBeanFactory.java:1350) ~[spring-beans-5.0.7.RELEASE.jar:5.0.7.RELEASE]
	at org.springframework.beans.factory.support.AbstractAutowireCapableBeanFactory.doCreateBean(AbstractAutowireCapableBeanFactory.java:580) ~[spring-beans-5.0.7.RELEASE.jar:5.0.7.RELEASE]
	at org.springframework.beans.factory.support.AbstractAutowireCapableBeanFactory.createBean(AbstractAutowireCapableBeanFactory.java:503) ~[spring-beans-5.0.7.RELEASE.jar:5.0.7.RELEASE]
	at org.springframework.beans.factory.support.AbstractBeanFactory.lambda$doGetBean$0(AbstractBeanFactory.java:317) ~[spring-beans-5.0.7.RELEASE.jar:5.0.7.RELEASE]
	at org.springframework.beans.factory.support.DefaultSingletonBeanRegistry.getSingleton(DefaultSingletonBeanRegistry.java:222) ~[spring-beans-5.0.7.RELEASE.jar:5.0.7.RELEASE]
	at org.springframework.beans.factory.support.AbstractBeanFactory.doGetBean(AbstractBeanFactory.java:315) ~[spring-beans-5.0.7.RELEASE.jar:5.0.7.RELEASE]
	at org.springframework.beans.factory.support.AbstractBeanFactory.getBean(AbstractBeanFactory.java:199) ~[spring-beans-5.0.7.RELEASE.jar:5.0.7.RELEASE]
	at org.springframework.beans.factory.support.DefaultListableBeanFactory.preInstantiateSingletons(DefaultListableBeanFactory.java:760) ~[spring-beans-5.0.7.RELEASE.jar:5.0.7.RELEASE]
	at org.springframework.context.support.AbstractApplicationContext.finishBeanFactoryInitialization(AbstractApplicationContext.java:869) ~[spring-context-5.0.7.RELEASE.jar:5.0.7.RELEASE]
	at org.springframework.context.support.AbstractApplicationContext.refresh(AbstractApplicationContext.java:550) ~[spring-context-5.0.7.RELEASE.jar:5.0.7.RELEASE]
	at org.springframework.test.context.support.AbstractGenericContextLoader.loadContext(AbstractGenericContextLoader.java:128) ~[spring-test-5.0.4.RELEASE.jar:5.0.4.RELEASE]
	at org.springframework.test.context.support.AbstractGenericContextLoader.loadContext(AbstractGenericContextLoader.java:60) ~[spring-test-5.0.4.RELEASE.jar:5.0.4.RELEASE]
	at org.springframework.test.context.support.AbstractDelegatingSmartContextLoader.delegateLoading(AbstractDelegatingSmartContextLoader.java:107) ~[spring-test-5.0.4.RELEASE.jar:5.0.4.RELEASE]
	at org.springframework.test.context.support.AbstractDelegatingSmartContextLoader.loadContext(AbstractDelegatingSmartContextLoader.java:243) ~[spring-test-5.0.4.RELEASE.jar:5.0.4.RELEASE]
	at org.springframework.test.context.cache.DefaultCacheAwareContextLoaderDelegate.loadContextInternal(DefaultCacheAwareContextLoaderDelegate.java:99) ~[spring-test-5.0.4.RELEASE.jar:5.0.4.RELEASE]
	at org.springframework.test.context.cache.DefaultCacheAwareContextLoaderDelegate.loadContext(DefaultCacheAwareContextLoaderDelegate.java:117) ~[spring-test-5.0.4.RELEASE.jar:5.0.4.RELEASE]
	... 27 more
Caused by: org.springframework.beans.factory.BeanCreationException: Error creating bean with name 'mariaDB4jSpringService': Invocation of init method failed; nested exception is java.lang.IllegalStateException: MariaDB4jSpringService start() failed
	at org.springframework.beans.factory.annotation.InitDestroyAnnotationBeanPostProcessor.postProcessBeforeInitialization(InitDestroyAnnotationBeanPostProcessor.java:138) ~[spring-beans-5.0.7.RELEASE.jar:5.0.7.RELEASE]
	at org.springframework.beans.factory.support.AbstractAutowireCapableBeanFactory.applyBeanPostProcessorsBeforeInitialization(AbstractAutowireCapableBeanFactory.java:424) ~[spring-beans-5.0.7.RELEASE.jar:5.0.7.RELEASE]
	at org.springframework.beans.factory.support.AbstractAutowireCapableBeanFactory.initializeBean(AbstractAutowireCapableBeanFactory.java:1700) ~[spring-beans-5.0.7.RELEASE.jar:5.0.7.RELEASE]
	at org.springframework.beans.factory.support.AbstractAutowireCapableBeanFactory.doCreateBean(AbstractAutowireCapableBeanFactory.java:581) ~[spring-beans-5.0.7.RELEASE.jar:5.0.7.RELEASE]
	at org.springframework.beans.factory.support.AbstractAutowireCapableBeanFactory.createBean(AbstractAutowireCapableBeanFactory.java:503) ~[spring-beans-5.0.7.RELEASE.jar:5.0.7.RELEASE]
	at org.springframework.beans.factory.support.AbstractBeanFactory.lambda$doGetBean$0(AbstractBeanFactory.java:317) ~[spring-beans-5.0.7.RELEASE.jar:5.0.7.RELEASE]
	at org.springframework.beans.factory.support.DefaultSingletonBeanRegistry.getSingleton(DefaultSingletonBeanRegistry.java:222) ~[spring-beans-5.0.7.RELEASE.jar:5.0.7.RELEASE]
	at org.springframework.beans.factory.support.AbstractBeanFactory.doGetBean(AbstractBeanFactory.java:315) ~[spring-beans-5.0.7.RELEASE.jar:5.0.7.RELEASE]
	at org.springframework.beans.factory.support.AbstractBeanFactory.getBean(AbstractBeanFactory.java:199) ~[spring-beans-5.0.7.RELEASE.jar:5.0.7.RELEASE]
	at org.springframework.beans.factory.config.DependencyDescriptor.resolveCandidate(DependencyDescriptor.java:251) ~[spring-beans-5.0.7.RELEASE.jar:5.0.7.RELEASE]
	at org.springframework.beans.factory.support.DefaultListableBeanFactory.doResolveDependency(DefaultListableBeanFactory.java:1138) ~[spring-beans-5.0.7.RELEASE.jar:5.0.7.RELEASE]
	at org.springframework.beans.factory.support.DefaultListableBeanFactory.resolveDependency(DefaultListableBeanFactory.java:1065) ~[spring-beans-5.0.7.RELEASE.jar:5.0.7.RELEASE]
	at org.springframework.beans.factory.support.ConstructorResolver.resolveAutowiredArgument(ConstructorResolver.java:818) ~[spring-beans-5.0.7.RELEASE.jar:5.0.7.RELEASE]
	at org.springframework.beans.factory.support.ConstructorResolver.createArgumentArray(ConstructorResolver.java:724) ~[spring-beans-5.0.7.RELEASE.jar:5.0.7.RELEASE]
	at org.springframework.beans.factory.support.ConstructorResolver.instantiateUsingFactoryMethod(ConstructorResolver.java:474) ~[spring-beans-5.0.7.RELEASE.jar:5.0.7.RELEASE]
	at org.springframework.beans.factory.support.AbstractAutowireCapableBeanFactory.instantiateUsingFactoryMethod(AbstractAutowireCapableBeanFactory.java:1256) ~[spring-beans-5.0.7.RELEASE.jar:5.0.7.RELEASE]
	at org.springframework.beans.factory.support.AbstractAutowireCapableBeanFactory.createBeanInstance(AbstractAutowireCapableBeanFactory.java:1105) ~[spring-beans-5.0.7.RELEASE.jar:5.0.7.RELEASE]
	at org.springframework.beans.factory.support.AbstractAutowireCapableBeanFactory.doCreateBean(AbstractAutowireCapableBeanFactory.java:543) ~[spring-beans-5.0.7.RELEASE.jar:5.0.7.RELEASE]
	at org.springframework.beans.factory.support.AbstractAutowireCapableBeanFactory.createBean(AbstractAutowireCapableBeanFactory.java:503) ~[spring-beans-5.0.7.RELEASE.jar:5.0.7.RELEASE]
	at org.springframework.beans.factory.support.AbstractBeanFactory.lambda$doGetBean$0(AbstractBeanFactory.java:317) ~[spring-beans-5.0.7.RELEASE.jar:5.0.7.RELEASE]
	at org.springframework.beans.factory.support.DefaultSingletonBeanRegistry.getSingleton(DefaultSingletonBeanRegistry.java:222) ~[spring-beans-5.0.7.RELEASE.jar:5.0.7.RELEASE]
	at org.springframework.beans.factory.support.AbstractBeanFactory.doGetBean(AbstractBeanFactory.java:315) ~[spring-beans-5.0.7.RELEASE.jar:5.0.7.RELEASE]
	at org.springframework.beans.factory.support.AbstractBeanFactory.getBean(AbstractBeanFactory.java:199) ~[spring-beans-5.0.7.RELEASE.jar:5.0.7.RELEASE]
	at org.springframework.beans.factory.config.DependencyDescriptor.resolveCandidate(DependencyDescriptor.java:251) ~[spring-beans-5.0.7.RELEASE.jar:5.0.7.RELEASE]
	at org.springframework.beans.factory.support.DefaultListableBeanFactory.doResolveDependency(DefaultListableBeanFactory.java:1138) ~[spring-beans-5.0.7.RELEASE.jar:5.0.7.RELEASE]
	at org.springframework.beans.factory.support.DefaultListableBeanFactory.resolveDependency(DefaultListableBeanFactory.java:1065) ~[spring-beans-5.0.7.RELEASE.jar:5.0.7.RELEASE]
	at org.springframework.beans.factory.annotation.AutowiredAnnotationBeanPostProcessor$AutowiredFieldElement.inject(AutowiredAnnotationBeanPostProcessor.java:584) ~[spring-beans-5.0.7.RELEASE.jar:5.0.7.RELEASE]
	at org.springframework.beans.factory.annotation.InjectionMetadata.inject(InjectionMetadata.java:91) ~[spring-beans-5.0.7.RELEASE.jar:5.0.7.RELEASE]
	at org.springframework.beans.factory.annotation.AutowiredAnnotationBeanPostProcessor.postProcessPropertyValues(AutowiredAnnotationBeanPostProcessor.java:373) ~[spring-beans-5.0.7.RELEASE.jar:5.0.7.RELEASE]
	at org.springframework.beans.factory.support.AbstractAutowireCapableBeanFactory.populateBean(AbstractAutowireCapableBeanFactory.java:1350) ~[spring-beans-5.0.7.RELEASE.jar:5.0.7.RELEASE]
	at org.springframework.beans.factory.support.AbstractAutowireCapableBeanFactory.doCreateBean(AbstractAutowireCapableBeanFactory.java:580) ~[spring-beans-5.0.7.RELEASE.jar:5.0.7.RELEASE]
	at org.springframework.beans.factory.support.AbstractAutowireCapableBeanFactory.createBean(AbstractAutowireCapableBeanFactory.java:503) ~[spring-beans-5.0.7.RELEASE.jar:5.0.7.RELEASE]
	at org.springframework.beans.factory.support.AbstractBeanFactory.lambda$doGetBean$0(AbstractBeanFactory.java:317) ~[spring-beans-5.0.7.RELEASE.jar:5.0.7.RELEASE]
	at org.springframework.beans.factory.support.DefaultSingletonBeanRegistry.getSingleton(DefaultSingletonBeanRegistry.java:222) ~[spring-beans-5.0.7.RELEASE.jar:5.0.7.RELEASE]
	at org.springframework.beans.factory.support.AbstractBeanFactory.doGetBean(AbstractBeanFactory.java:315) ~[spring-beans-5.0.7.RELEASE.jar:5.0.7.RELEASE]
	at org.springframework.beans.factory.support.AbstractBeanFactory.getBean(AbstractBeanFactory.java:199) ~[spring-beans-5.0.7.RELEASE.jar:5.0.7.RELEASE]
	at org.springframework.beans.factory.support.DefaultListableBeanFactory.preInstantiateSingletons(DefaultListableBeanFactory.java:760) ~[spring-beans-5.0.7.RELEASE.jar:5.0.7.RELEASE]
	at org.springframework.context.support.AbstractApplicationContext.finishBeanFactoryInitialization(AbstractApplicationContext.java:869) ~[spring-context-5.0.7.RELEASE.jar:5.0.7.RELEASE]
	at org.springframework.context.support.AbstractApplicationContext.refresh(AbstractApplicationContext.java:550) ~[spring-context-5.0.7.RELEASE.jar:5.0.7.RELEASE]
	at org.springframework.test.context.support.AbstractGenericContextLoader.loadContext(AbstractGenericContextLoader.java:128) ~[spring-test-5.0.4.RELEASE.jar:5.0.4.RELEASE]
	at org.springframework.test.context.support.AbstractGenericContextLoader.loadContext(AbstractGenericContextLoader.java:60) ~[spring-test-5.0.4.RELEASE.jar:5.0.4.RELEASE]
	at org.springframework.test.context.support.AbstractDelegatingSmartContextLoader.delegateLoading(AbstractDelegatingSmartContextLoader.java:107) ~[spring-test-5.0.4.RELEASE.jar:5.0.4.RELEASE]
	at org.springframework.test.context.support.AbstractDelegatingSmartContextLoader.loadContext(AbstractDelegatingSmartContextLoader.java:243) ~[spring-test-5.0.4.RELEASE.jar:5.0.4.RELEASE]
	at org.springframework.test.context.cache.DefaultCacheAwareContextLoaderDelegate.loadContextInternal(DefaultCacheAwareContextLoaderDelegate.java:99) ~[spring-test-5.0.4.RELEASE.jar:5.0.4.RELEASE]
	at org.springframework.test.context.cache.DefaultCacheAwareContextLoaderDelegate.loadContext(DefaultCacheAwareContextLoaderDelegate.java:117) ~[spring-test-5.0.4.RELEASE.jar:5.0.4.RELEASE]
	... 27 more
Caused by: java.lang.IllegalStateException: MariaDB4jSpringService start() failed
	at ch.vorburger.mariadb4j.springframework.MariaDB4jSpringService.start(MariaDB4jSpringService.java:99) ~[mariaDB4j-core-2.2.3.jar:?]
	at sun.reflect.NativeMethodAccessorImpl.invoke0(Native Method) ~[?:1.8.0_121]
	at sun.reflect.NativeMethodAccessorImpl.invoke(NativeMethodAccessorImpl.java:62) ~[?:1.8.0_121]
	at sun.reflect.DelegatingMethodAccessorImpl.invoke(DelegatingMethodAccessorImpl.java:43) ~[?:1.8.0_121]
	at java.lang.reflect.Method.invoke(Method.java:498) ~[?:1.8.0_121]
	at org.springframework.beans.factory.annotation.InitDestroyAnnotationBeanPostProcessor$LifecycleElement.invoke(InitDestroyAnnotationBeanPostProcessor.java:365) ~[spring-beans-5.0.7.RELEASE.jar:5.0.7.RELEASE]
	at org.springframework.beans.factory.annotation.InitDestroyAnnotationBeanPostProcessor$LifecycleMetadata.invokeInitMethods(InitDestroyAnnotationBeanPostProcessor.java:308) ~[spring-beans-5.0.7.RELEASE.jar:5.0.7.RELEASE]
	at org.springframework.beans.factory.annotation.InitDestroyAnnotationBeanPostProcessor.postProcessBeforeInitialization(InitDestroyAnnotationBeanPostProcessor.java:135) ~[spring-beans-5.0.7.RELEASE.jar:5.0.7.RELEASE]
	at org.springframework.beans.factory.support.AbstractAutowireCapableBeanFactory.applyBeanPostProcessorsBeforeInitialization(AbstractAutowireCapableBeanFactory.java:424) ~[spring-beans-5.0.7.RELEASE.jar:5.0.7.RELEASE]
	at org.springframework.beans.factory.support.AbstractAutowireCapableBeanFactory.initializeBean(AbstractAutowireCapableBeanFactory.java:1700) ~[spring-beans-5.0.7.RELEASE.jar:5.0.7.RELEASE]
	at org.springframework.beans.factory.support.AbstractAutowireCapableBeanFactory.doCreateBean(AbstractAutowireCapableBeanFactory.java:581) ~[spring-beans-5.0.7.RELEASE.jar:5.0.7.RELEASE]
	at org.springframework.beans.factory.support.AbstractAutowireCapableBeanFactory.createBean(AbstractAutowireCapableBeanFactory.java:503) ~[spring-beans-5.0.7.RELEASE.jar:5.0.7.RELEASE]
	at org.springframework.beans.factory.support.AbstractBeanFactory.lambda$doGetBean$0(AbstractBeanFactory.java:317) ~[spring-beans-5.0.7.RELEASE.jar:5.0.7.RELEASE]
	at org.springframework.beans.factory.support.DefaultSingletonBeanRegistry.getSingleton(DefaultSingletonBeanRegistry.java:222) ~[spring-beans-5.0.7.RELEASE.jar:5.0.7.RELEASE]
	at org.springframework.beans.factory.support.AbstractBeanFactory.doGetBean(AbstractBeanFactory.java:315) ~[spring-beans-5.0.7.RELEASE.jar:5.0.7.RELEASE]
	at org.springframework.beans.factory.support.AbstractBeanFactory.getBean(AbstractBeanFactory.java:199) ~[spring-beans-5.0.7.RELEASE.jar:5.0.7.RELEASE]
	at org.springframework.beans.factory.config.DependencyDescriptor.resolveCandidate(DependencyDescriptor.java:251) ~[spring-beans-5.0.7.RELEASE.jar:5.0.7.RELEASE]
	at org.springframework.beans.factory.support.DefaultListableBeanFactory.doResolveDependency(DefaultListableBeanFactory.java:1138) ~[spring-beans-5.0.7.RELEASE.jar:5.0.7.RELEASE]
	at org.springframework.beans.factory.support.DefaultListableBeanFactory.resolveDependency(DefaultListableBeanFactory.java:1065) ~[spring-beans-5.0.7.RELEASE.jar:5.0.7.RELEASE]
	at org.springframework.beans.factory.support.ConstructorResolver.resolveAutowiredArgument(ConstructorResolver.java:818) ~[spring-beans-5.0.7.RELEASE.jar:5.0.7.RELEASE]
	at org.springframework.beans.factory.support.ConstructorResolver.createArgumentArray(ConstructorResolver.java:724) ~[spring-beans-5.0.7.RELEASE.jar:5.0.7.RELEASE]
	at org.springframework.beans.factory.support.ConstructorResolver.instantiateUsingFactoryMethod(ConstructorResolver.java:474) ~[spring-beans-5.0.7.RELEASE.jar:5.0.7.RELEASE]
	at org.springframework.beans.factory.support.AbstractAutowireCapableBeanFactory.instantiateUsingFactoryMethod(AbstractAutowireCapableBeanFactory.java:1256) ~[spring-beans-5.0.7.RELEASE.jar:5.0.7.RELEASE]
	at org.springframework.beans.factory.support.AbstractAutowireCapableBeanFactory.createBeanInstance(AbstractAutowireCapableBeanFactory.java:1105) ~[spring-beans-5.0.7.RELEASE.jar:5.0.7.RELEASE]
	at org.springframework.beans.factory.support.AbstractAutowireCapableBeanFactory.doCreateBean(AbstractAutowireCapableBeanFactory.java:543) ~[spring-beans-5.0.7.RELEASE.jar:5.0.7.RELEASE]
	at org.springframework.beans.factory.support.AbstractAutowireCapableBeanFactory.createBean(AbstractAutowireCapableBeanFactory.java:503) ~[spring-beans-5.0.7.RELEASE.jar:5.0.7.RELEASE]
	at org.springframework.beans.factory.support.AbstractBeanFactory.lambda$doGetBean$0(AbstractBeanFactory.java:317) ~[spring-beans-5.0.7.RELEASE.jar:5.0.7.RELEASE]
	at org.springframework.beans.factory.support.DefaultSingletonBeanRegistry.getSingleton(DefaultSingletonBeanRegistry.java:222) ~[spring-beans-5.0.7.RELEASE.jar:5.0.7.RELEASE]
	at org.springframework.beans.factory.support.AbstractBeanFactory.doGetBean(AbstractBeanFactory.java:315) ~[spring-beans-5.0.7.RELEASE.jar:5.0.7.RELEASE]
	at org.springframework.beans.factory.support.AbstractBeanFactory.getBean(AbstractBeanFactory.java:199) ~[spring-beans-5.0.7.RELEASE.jar:5.0.7.RELEASE]
	at org.springframework.beans.factory.config.DependencyDescriptor.resolveCandidate(DependencyDescriptor.java:251) ~[spring-beans-5.0.7.RELEASE.jar:5.0.7.RELEASE]
	at org.springframework.beans.factory.support.DefaultListableBeanFactory.doResolveDependency(DefaultListableBeanFactory.java:1138) ~[spring-beans-5.0.7.RELEASE.jar:5.0.7.RELEASE]
	at org.springframework.beans.factory.support.DefaultListableBeanFactory.resolveDependency(DefaultListableBeanFactory.java:1065) ~[spring-beans-5.0.7.RELEASE.jar:5.0.7.RELEASE]
	at org.springframework.beans.factory.annotation.AutowiredAnnotationBeanPostProcessor$AutowiredFieldElement.inject(AutowiredAnnotationBeanPostProcessor.java:584) ~[spring-beans-5.0.7.RELEASE.jar:5.0.7.RELEASE]
	at org.springframework.beans.factory.annotation.InjectionMetadata.inject(InjectionMetadata.java:91) ~[spring-beans-5.0.7.RELEASE.jar:5.0.7.RELEASE]
	at org.springframework.beans.factory.annotation.AutowiredAnnotationBeanPostProcessor.postProcessPropertyValues(AutowiredAnnotationBeanPostProcessor.java:373) ~[spring-beans-5.0.7.RELEASE.jar:5.0.7.RELEASE]
	at org.springframework.beans.factory.support.AbstractAutowireCapableBeanFactory.populateBean(AbstractAutowireCapableBeanFactory.java:1350) ~[spring-beans-5.0.7.RELEASE.jar:5.0.7.RELEASE]
	at org.springframework.beans.factory.support.AbstractAutowireCapableBeanFactory.doCreateBean(AbstractAutowireCapableBeanFactory.java:580) ~[spring-beans-5.0.7.RELEASE.jar:5.0.7.RELEASE]
	at org.springframework.beans.factory.support.AbstractAutowireCapableBeanFactory.createBean(AbstractAutowireCapableBeanFactory.java:503) ~[spring-beans-5.0.7.RELEASE.jar:5.0.7.RELEASE]
	at org.springframework.beans.factory.support.AbstractBeanFactory.lambda$doGetBean$0(AbstractBeanFactory.java:317) ~[spring-beans-5.0.7.RELEASE.jar:5.0.7.RELEASE]
	at org.springframework.beans.factory.support.DefaultSingletonBeanRegistry.getSingleton(DefaultSingletonBeanRegistry.java:222) ~[spring-beans-5.0.7.RELEASE.jar:5.0.7.RELEASE]
	at org.springframework.beans.factory.support.AbstractBeanFactory.doGetBean(AbstractBeanFactory.java:315) ~[spring-beans-5.0.7.RELEASE.jar:5.0.7.RELEASE]
	at org.springframework.beans.factory.support.AbstractBeanFactory.getBean(AbstractBeanFactory.java:199) ~[spring-beans-5.0.7.RELEASE.jar:5.0.7.RELEASE]
	at org.springframework.beans.factory.support.DefaultListableBeanFactory.preInstantiateSingletons(DefaultListableBeanFactory.java:760) ~[spring-beans-5.0.7.RELEASE.jar:5.0.7.RELEASE]
	at org.springframework.context.support.AbstractApplicationContext.finishBeanFactoryInitialization(AbstractApplicationContext.java:869) ~[spring-context-5.0.7.RELEASE.jar:5.0.7.RELEASE]
	at org.springframework.context.support.AbstractApplicationContext.refresh(AbstractApplicationContext.java:550) ~[spring-context-5.0.7.RELEASE.jar:5.0.7.RELEASE]
	at org.springframework.test.context.support.AbstractGenericContextLoader.loadContext(AbstractGenericContextLoader.java:128) ~[spring-test-5.0.4.RELEASE.jar:5.0.4.RELEASE]
	at org.springframework.test.context.support.AbstractGenericContextLoader.loadContext(AbstractGenericContextLoader.java:60) ~[spring-test-5.0.4.RELEASE.jar:5.0.4.RELEASE]
	at org.springframework.test.context.support.AbstractDelegatingSmartContextLoader.delegateLoading(AbstractDelegatingSmartContextLoader.java:107) ~[spring-test-5.0.4.RELEASE.jar:5.0.4.RELEASE]
	at org.springframework.test.context.support.AbstractDelegatingSmartContextLoader.loadContext(AbstractDelegatingSmartContextLoader.java:243) ~[spring-test-5.0.4.RELEASE.jar:5.0.4.RELEASE]
	at org.springframework.test.context.cache.DefaultCacheAwareContextLoaderDelegate.loadContextInternal(DefaultCacheAwareContextLoaderDelegate.java:99) ~[spring-test-5.0.4.RELEASE.jar:5.0.4.RELEASE]
	at org.springframework.test.context.cache.DefaultCacheAwareContextLoaderDelegate.loadContext(DefaultCacheAwareContextLoaderDelegate.java:117) ~[spring-test-5.0.4.RELEASE.jar:5.0.4.RELEASE]
	... 27 more
Caused by: ch.vorburger.exec.ManagedProcessException: An error occurred while starting the database
	at ch.vorburger.mariadb4j.DB.start(DB.java:151) ~[mariaDB4j-core-2.2.3.jar:?]
	at ch.vorburger.mariadb4j.MariaDB4jService.start(MariaDB4jService.java:67) ~[mariaDB4j-core-2.2.3.jar:?]
	at ch.vorburger.mariadb4j.springframework.MariaDB4jSpringService.start(MariaDB4jSpringService.java:96) ~[mariaDB4j-core-2.2.3.jar:?]
	at sun.reflect.NativeMethodAccessorImpl.invoke0(Native Method) ~[?:1.8.0_121]
	at sun.reflect.NativeMethodAccessorImpl.invoke(NativeMethodAccessorImpl.java:62) ~[?:1.8.0_121]
	at sun.reflect.DelegatingMethodAccessorImpl.invoke(DelegatingMethodAccessorImpl.java:43) ~[?:1.8.0_121]
	at java.lang.reflect.Method.invoke(Method.java:498) ~[?:1.8.0_121]
	at org.springframework.beans.factory.annotation.InitDestroyAnnotationBeanPostProcessor$LifecycleElement.invoke(InitDestroyAnnotationBeanPostProcessor.java:365) ~[spring-beans-5.0.7.RELEASE.jar:5.0.7.RELEASE]
	at org.springframework.beans.factory.annotation.InitDestroyAnnotationBeanPostProcessor$LifecycleMetadata.invokeInitMethods(InitDestroyAnnotationBeanPostProcessor.java:308) ~[spring-beans-5.0.7.RELEASE.jar:5.0.7.RELEASE]
	at org.springframework.beans.factory.annotation.InitDestroyAnnotationBeanPostProcessor.postProcessBeforeInitialization(InitDestroyAnnotationBeanPostProcessor.java:135) ~[spring-beans-5.0.7.RELEASE.jar:5.0.7.RELEASE]
	at org.springframework.beans.factory.support.AbstractAutowireCapableBeanFactory.applyBeanPostProcessorsBeforeInitialization(AbstractAutowireCapableBeanFactory.java:424) ~[spring-beans-5.0.7.RELEASE.jar:5.0.7.RELEASE]
	at org.springframework.beans.factory.support.AbstractAutowireCapableBeanFactory.initializeBean(AbstractAutowireCapableBeanFactory.java:1700) ~[spring-beans-5.0.7.RELEASE.jar:5.0.7.RELEASE]
	at org.springframework.beans.factory.support.AbstractAutowireCapableBeanFactory.doCreateBean(AbstractAutowireCapableBeanFactory.java:581) ~[spring-beans-5.0.7.RELEASE.jar:5.0.7.RELEASE]
	at org.springframework.beans.factory.support.AbstractAutowireCapableBeanFactory.createBean(AbstractAutowireCapableBeanFactory.java:503) ~[spring-beans-5.0.7.RELEASE.jar:5.0.7.RELEASE]
	at org.springframework.beans.factory.support.AbstractBeanFactory.lambda$doGetBean$0(AbstractBeanFactory.java:317) ~[spring-beans-5.0.7.RELEASE.jar:5.0.7.RELEASE]
	at org.springframework.beans.factory.support.DefaultSingletonBeanRegistry.getSingleton(DefaultSingletonBeanRegistry.java:222) ~[spring-beans-5.0.7.RELEASE.jar:5.0.7.RELEASE]
	at org.springframework.beans.factory.support.AbstractBeanFactory.doGetBean(AbstractBeanFactory.java:315) ~[spring-beans-5.0.7.RELEASE.jar:5.0.7.RELEASE]
	at org.springframework.beans.factory.support.AbstractBeanFactory.getBean(AbstractBeanFactory.java:199) ~[spring-beans-5.0.7.RELEASE.jar:5.0.7.RELEASE]
	at org.springframework.beans.factory.config.DependencyDescriptor.resolveCandidate(DependencyDescriptor.java:251) ~[spring-beans-5.0.7.RELEASE.jar:5.0.7.RELEASE]
	at org.springframework.beans.factory.support.DefaultListableBeanFactory.doResolveDependency(DefaultListableBeanFactory.java:1138) ~[spring-beans-5.0.7.RELEASE.jar:5.0.7.RELEASE]
	at org.springframework.beans.factory.support.DefaultListableBeanFactory.resolveDependency(DefaultListableBeanFactory.java:1065) ~[spring-beans-5.0.7.RELEASE.jar:5.0.7.RELEASE]
	at org.springframework.beans.factory.support.ConstructorResolver.resolveAutowiredArgument(ConstructorResolver.java:818) ~[spring-beans-5.0.7.RELEASE.jar:5.0.7.RELEASE]
	at org.springframework.beans.factory.support.ConstructorResolver.createArgumentArray(ConstructorResolver.java:724) ~[spring-beans-5.0.7.RELEASE.jar:5.0.7.RELEASE]
	at org.springframework.beans.factory.support.ConstructorResolver.instantiateUsingFactoryMethod(ConstructorResolver.java:474) ~[spring-beans-5.0.7.RELEASE.jar:5.0.7.RELEASE]
	at org.springframework.beans.factory.support.AbstractAutowireCapableBeanFactory.instantiateUsingFactoryMethod(AbstractAutowireCapableBeanFactory.java:1256) ~[spring-beans-5.0.7.RELEASE.jar:5.0.7.RELEASE]
	at org.springframework.beans.factory.support.AbstractAutowireCapableBeanFactory.createBeanInstance(AbstractAutowireCapableBeanFactory.java:1105) ~[spring-beans-5.0.7.RELEASE.jar:5.0.7.RELEASE]
	at org.springframework.beans.factory.support.AbstractAutowireCapableBeanFactory.doCreateBean(AbstractAutowireCapableBeanFactory.java:543) ~[spring-beans-5.0.7.RELEASE.jar:5.0.7.RELEASE]
	at org.springframework.beans.factory.support.AbstractAutowireCapableBeanFactory.createBean(AbstractAutowireCapableBeanFactory.java:503) ~[spring-beans-5.0.7.RELEASE.jar:5.0.7.RELEASE]
	at org.springframework.beans.factory.support.AbstractBeanFactory.lambda$doGetBean$0(AbstractBeanFactory.java:317) ~[spring-beans-5.0.7.RELEASE.jar:5.0.7.RELEASE]
	at org.springframework.beans.factory.support.DefaultSingletonBeanRegistry.getSingleton(DefaultSingletonBeanRegistry.java:222) ~[spring-beans-5.0.7.RELEASE.jar:5.0.7.RELEASE]
	at org.springframework.beans.factory.support.AbstractBeanFactory.doGetBean(AbstractBeanFactory.java:315) ~[spring-beans-5.0.7.RELEASE.jar:5.0.7.RELEASE]
	at org.springframework.beans.factory.support.AbstractBeanFactory.getBean(AbstractBeanFactory.java:199) ~[spring-beans-5.0.7.RELEASE.jar:5.0.7.RELEASE]
	at org.springframework.beans.factory.config.DependencyDescriptor.resolveCandidate(DependencyDescriptor.java:251) ~[spring-beans-5.0.7.RELEASE.jar:5.0.7.RELEASE]
	at org.springframework.beans.factory.support.DefaultListableBeanFactory.doResolveDependency(DefaultListableBeanFactory.java:1138) ~[spring-beans-5.0.7.RELEASE.jar:5.0.7.RELEASE]
	at org.springframework.beans.factory.support.DefaultListableBeanFactory.resolveDependency(DefaultListableBeanFactory.java:1065) ~[spring-beans-5.0.7.RELEASE.jar:5.0.7.RELEASE]
	at org.springframework.beans.factory.annotation.AutowiredAnnotationBeanPostProcessor$AutowiredFieldElement.inject(AutowiredAnnotationBeanPostProcessor.java:584) ~[spring-beans-5.0.7.RELEASE.jar:5.0.7.RELEASE]
	at org.springframework.beans.factory.annotation.InjectionMetadata.inject(InjectionMetadata.java:91) ~[spring-beans-5.0.7.RELEASE.jar:5.0.7.RELEASE]
	at org.springframework.beans.factory.annotation.AutowiredAnnotationBeanPostProcessor.postProcessPropertyValues(AutowiredAnnotationBeanPostProcessor.java:373) ~[spring-beans-5.0.7.RELEASE.jar:5.0.7.RELEASE]
	at org.springframework.beans.factory.support.AbstractAutowireCapableBeanFactory.populateBean(AbstractAutowireCapableBeanFactory.java:1350) ~[spring-beans-5.0.7.RELEASE.jar:5.0.7.RELEASE]
	at org.springframework.beans.factory.support.AbstractAutowireCapableBeanFactory.doCreateBean(AbstractAutowireCapableBeanFactory.java:580) ~[spring-beans-5.0.7.RELEASE.jar:5.0.7.RELEASE]
	at org.springframework.beans.factory.support.AbstractAutowireCapableBeanFactory.createBean(AbstractAutowireCapableBeanFactory.java:503) ~[spring-beans-5.0.7.RELEASE.jar:5.0.7.RELEASE]
	at org.springframework.beans.factory.support.AbstractBeanFactory.lambda$doGetBean$0(AbstractBeanFactory.java:317) ~[spring-beans-5.0.7.RELEASE.jar:5.0.7.RELEASE]
	at org.springframework.beans.factory.support.DefaultSingletonBeanRegistry.getSingleton(DefaultSingletonBeanRegistry.java:222) ~[spring-beans-5.0.7.RELEASE.jar:5.0.7.RELEASE]
	at org.springframework.beans.factory.support.AbstractBeanFactory.doGetBean(AbstractBeanFactory.java:315) ~[spring-beans-5.0.7.RELEASE.jar:5.0.7.RELEASE]
	at org.springframework.beans.factory.support.AbstractBeanFactory.getBean(AbstractBeanFactory.java:199) ~[spring-beans-5.0.7.RELEASE.jar:5.0.7.RELEASE]
	at org.springframework.beans.factory.support.DefaultListableBeanFactory.preInstantiateSingletons(DefaultListableBeanFactory.java:760) ~[spring-beans-5.0.7.RELEASE.jar:5.0.7.RELEASE]
	at org.springframework.context.support.AbstractApplicationContext.finishBeanFactoryInitialization(AbstractApplicationContext.java:869) ~[spring-context-5.0.7.RELEASE.jar:5.0.7.RELEASE]
	at org.springframework.context.support.AbstractApplicationContext.refresh(AbstractApplicationContext.java:550) ~[spring-context-5.0.7.RELEASE.jar:5.0.7.RELEASE]
	at org.springframework.test.context.support.AbstractGenericContextLoader.loadContext(AbstractGenericContextLoader.java:128) ~[spring-test-5.0.4.RELEASE.jar:5.0.4.RELEASE]
	at org.springframework.test.context.support.AbstractGenericContextLoader.loadContext(AbstractGenericContextLoader.java:60) ~[spring-test-5.0.4.RELEASE.jar:5.0.4.RELEASE]
	at org.springframework.test.context.support.AbstractDelegatingSmartContextLoader.delegateLoading(AbstractDelegatingSmartContextLoader.java:107) ~[spring-test-5.0.4.RELEASE.jar:5.0.4.RELEASE]
	at org.springframework.test.context.support.AbstractDelegatingSmartContextLoader.loadContext(AbstractDelegatingSmartContextLoader.java:243) ~[spring-test-5.0.4.RELEASE.jar:5.0.4.RELEASE]
	at org.springframework.test.context.cache.DefaultCacheAwareContextLoaderDelegate.loadContextInternal(DefaultCacheAwareContextLoaderDelegate.java:99) ~[spring-test-5.0.4.RELEASE.jar:5.0.4.RELEASE]
	at org.springframework.test.context.cache.DefaultCacheAwareContextLoaderDelegate.loadContext(DefaultCacheAwareContextLoaderDelegate.java:117) ~[spring-test-5.0.4.RELEASE.jar:5.0.4.RELEASE]
	... 27 more
Caused by: ch.vorburger.exec.ManagedProcessException: Asked to wait for "mysqld: ready for connections." from Program [/tmp/MariaDB4j/base/bin/mysqld, --no-defaults, --console, --skip-grant-tables, --max_allowed_packet=64M, --basedir=/tmp/MariaDB4j/base, --datadir=/tmp/MariaDB4j/data/36869, --port=36869, --socket=/tmp/MariaDB4j.36869.sock] (in working directory /tmp/MariaDB4j/base), but it already exited! (without that message in console), last 100 lines of console:
2018-07-28  6:59:41 140483013511040 [Note] /tmp/MariaDB4j/base/bin/mysqld (mysqld 10.1.13-MariaDB) starting as process 1654 ...
2018-07-28  6:59:41 140483013511040 [ERROR] Fatal error: Please consult the Knowledge Base to find out how to run mysqld as root!

2018-07-28  6:59:41 140483013511040 [ERROR] Aborting

	at ch.vorburger.exec.ManagedProcess.startAndWaitForConsoleMessageMaxMs(ManagedProcess.java:263) ~[mariaDB4j-core-2.2.3.jar:?]
	at ch.vorburger.mariadb4j.DB.start(DB.java:148) ~[mariaDB4j-core-2.2.3.jar:?]
	at ch.vorburger.mariadb4j.MariaDB4jService.start(MariaDB4jService.java:67) ~[mariaDB4j-core-2.2.3.jar:?]
	at ch.vorburger.mariadb4j.springframework.MariaDB4jSpringService.start(MariaDB4jSpringService.java:96) ~[mariaDB4j-core-2.2.3.jar:?]
	at sun.reflect.NativeMethodAccessorImpl.invoke0(Native Method) ~[?:1.8.0_121]
	at sun.reflect.NativeMethodAccessorImpl.invoke(NativeMethodAccessorImpl.java:62) ~[?:1.8.0_121]
	at sun.reflect.DelegatingMethodAccessorImpl.invoke(DelegatingMethodAccessorImpl.java:43) ~[?:1.8.0_121]
	at java.lang.reflect.Method.invoke(Method.java:498) ~[?:1.8.0_121]
	at org.springframework.beans.factory.annotation.InitDestroyAnnotationBeanPostProcessor$LifecycleElement.invoke(InitDestroyAnnotationBeanPostProcessor.java:365) ~[spring-beans-5.0.7.RELEASE.jar:5.0.7.RELEASE]
	at org.springframework.beans.factory.annotation.InitDestroyAnnotationBeanPostProcessor$LifecycleMetadata.invokeInitMethods(InitDestroyAnnotationBeanPostProcessor.java:308) ~[spring-beans-5.0.7.RELEASE.jar:5.0.7.RELEASE]
	at org.springframework.beans.factory.annotation.InitDestroyAnnotationBeanPostProcessor.postProcessBeforeInitialization(InitDestroyAnnotationBeanPostProcessor.java:135) ~[spring-beans-5.0.7.RELEASE.jar:5.0.7.RELEASE]
	at org.springframework.beans.factory.support.AbstractAutowireCapableBeanFactory.applyBeanPostProcessorsBeforeInitialization(AbstractAutowireCapableBeanFactory.java:424) ~[spring-beans-5.0.7.RELEASE.jar:5.0.7.RELEASE]
	at org.springframework.beans.factory.support.AbstractAutowireCapableBeanFactory.initializeBean(AbstractAutowireCapableBeanFactory.java:1700) ~[spring-beans-5.0.7.RELEASE.jar:5.0.7.RELEASE]
	at org.springframework.beans.factory.support.AbstractAutowireCapableBeanFactory.doCreateBean(AbstractAutowireCapableBeanFactory.java:581) ~[spring-beans-5.0.7.RELEASE.jar:5.0.7.RELEASE]
	at org.springframework.beans.factory.support.AbstractAutowireCapableBeanFactory.createBean(AbstractAutowireCapableBeanFactory.java:503) ~[spring-beans-5.0.7.RELEASE.jar:5.0.7.RELEASE]
	at org.springframework.beans.factory.support.AbstractBeanFactory.lambda$doGetBean$0(AbstractBeanFactory.java:317) ~[spring-beans-5.0.7.RELEASE.jar:5.0.7.RELEASE]
	at org.springframework.beans.factory.support.DefaultSingletonBeanRegistry.getSingleton(DefaultSingletonBeanRegistry.java:222) ~[spring-beans-5.0.7.RELEASE.jar:5.0.7.RELEASE]
	at org.springframework.beans.factory.support.AbstractBeanFactory.doGetBean(AbstractBeanFactory.java:315) ~[spring-beans-5.0.7.RELEASE.jar:5.0.7.RELEASE]
	at org.springframework.beans.factory.support.AbstractBeanFactory.getBean(AbstractBeanFactory.java:199) ~[spring-beans-5.0.7.RELEASE.jar:5.0.7.RELEASE]
	at org.springframework.beans.factory.config.DependencyDescriptor.resolveCandidate(DependencyDescriptor.java:251) ~[spring-beans-5.0.7.RELEASE.jar:5.0.7.RELEASE]
	at org.springframework.beans.factory.support.DefaultListableBeanFactory.doResolveDependency(DefaultListableBeanFactory.java:1138) ~[spring-beans-5.0.7.RELEASE.jar:5.0.7.RELEASE]
	at org.springframework.beans.factory.support.DefaultListableBeanFactory.resolveDependency(DefaultListableBeanFactory.java:1065) ~[spring-beans-5.0.7.RELEASE.jar:5.0.7.RELEASE]
	at org.springframework.beans.factory.support.ConstructorResolver.resolveAutowiredArgument(ConstructorResolver.java:818) ~[spring-beans-5.0.7.RELEASE.jar:5.0.7.RELEASE]
	at org.springframework.beans.factory.support.ConstructorResolver.createArgumentArray(ConstructorResolver.java:724) ~[spring-beans-5.0.7.RELEASE.jar:5.0.7.RELEASE]
	at org.springframework.beans.factory.support.ConstructorResolver.instantiateUsingFactoryMethod(ConstructorResolver.java:474) ~[spring-beans-5.0.7.RELEASE.jar:5.0.7.RELEASE]
	at org.springframework.beans.factory.support.AbstractAutowireCapableBeanFactory.instantiateUsingFactoryMethod(AbstractAutowireCapableBeanFactory.java:1256) ~[spring-beans-5.0.7.RELEASE.jar:5.0.7.RELEASE]
	at org.springframework.beans.factory.support.AbstractAutowireCapableBeanFactory.createBeanInstance(AbstractAutowireCapableBeanFactory.java:1105) ~[spring-beans-5.0.7.RELEASE.jar:5.0.7.RELEASE]
	at org.springframework.beans.factory.support.AbstractAutowireCapableBeanFactory.doCreateBean(AbstractAutowireCapableBeanFactory.java:543) ~[spring-beans-5.0.7.RELEASE.jar:5.0.7.RELEASE]
	at org.springframework.beans.factory.support.AbstractAutowireCapableBeanFactory.createBean(AbstractAutowireCapableBeanFactory.java:503) ~[spring-beans-5.0.7.RELEASE.jar:5.0.7.RELEASE]
	at org.springframework.beans.factory.support.AbstractBeanFactory.lambda$doGetBean$0(AbstractBeanFactory.java:317) ~[spring-beans-5.0.7.RELEASE.jar:5.0.7.RELEASE]
	at org.springframework.beans.factory.support.DefaultSingletonBeanRegistry.getSingleton(DefaultSingletonBeanRegistry.java:222) ~[spring-beans-5.0.7.RELEASE.jar:5.0.7.RELEASE]
	at org.springframework.beans.factory.support.AbstractBeanFactory.doGetBean(AbstractBeanFactory.java:315) ~[spring-beans-5.0.7.RELEASE.jar:5.0.7.RELEASE]
	at org.springframework.beans.factory.support.AbstractBeanFactory.getBean(AbstractBeanFactory.java:199) ~[spring-beans-5.0.7.RELEASE.jar:5.0.7.RELEASE]
	at org.springframework.beans.factory.config.DependencyDescriptor.resolveCandidate(DependencyDescriptor.java:251) ~[spring-beans-5.0.7.RELEASE.jar:5.0.7.RELEASE]
	at org.springframework.beans.factory.support.DefaultListableBeanFactory.doResolveDependency(DefaultListableBeanFactory.java:1138) ~[spring-beans-5.0.7.RELEASE.jar:5.0.7.RELEASE]
	at org.springframework.beans.factory.support.DefaultListableBeanFactory.resolveDependency(DefaultListableBeanFactory.java:1065) ~[spring-beans-5.0.7.RELEASE.jar:5.0.7.RELEASE]
	at org.springframework.beans.factory.annotation.AutowiredAnnotationBeanPostProcessor$AutowiredFieldElement.inject(AutowiredAnnotationBeanPostProcessor.java:584) ~[spring-beans-5.0.7.RELEASE.jar:5.0.7.RELEASE]
	at org.springframework.beans.factory.annotation.InjectionMetadata.inject(InjectionMetadata.java:91) ~[spring-beans-5.0.7.RELEASE.jar:5.0.7.RELEASE]
	at org.springframework.beans.factory.annotation.AutowiredAnnotationBeanPostProcessor.postProcessPropertyValues(AutowiredAnnotationBeanPostProcessor.java:373) ~[spring-beans-5.0.7.RELEASE.jar:5.0.7.RELEASE]
	at org.springframework.beans.factory.support.AbstractAutowireCapableBeanFactory.populateBean(AbstractAutowireCapableBeanFactory.java:1350) ~[spring-beans-5.0.7.RELEASE.jar:5.0.7.RELEASE]
	at org.springframework.beans.factory.support.AbstractAutowireCapableBeanFactory.doCreateBean(AbstractAutowireCapableBeanFactory.java:580) ~[spring-beans-5.0.7.RELEASE.jar:5.0.7.RELEASE]
	at org.springframework.beans.factory.support.AbstractAutowireCapableBeanFactory.createBean(AbstractAutowireCapableBeanFactory.java:503) ~[spring-beans-5.0.7.RELEASE.jar:5.0.7.RELEASE]
	at org.springframework.beans.factory.support.AbstractBeanFactory.lambda$doGetBean$0(AbstractBeanFactory.java:317) ~[spring-beans-5.0.7.RELEASE.jar:5.0.7.RELEASE]
	at org.springframework.beans.factory.support.DefaultSingletonBeanRegistry.getSingleton(DefaultSingletonBeanRegistry.java:222) ~[spring-beans-5.0.7.RELEASE.jar:5.0.7.RELEASE]
	at org.springframework.beans.factory.support.AbstractBeanFactory.doGetBean(AbstractBeanFactory.java:315) ~[spring-beans-5.0.7.RELEASE.jar:5.0.7.RELEASE]
	at org.springframework.beans.factory.support.AbstractBeanFactory.getBean(AbstractBeanFactory.java:199) ~[spring-beans-5.0.7.RELEASE.jar:5.0.7.RELEASE]
	at org.springframework.beans.factory.support.DefaultListableBeanFactory.preInstantiateSingletons(DefaultListableBeanFactory.java:760) ~[spring-beans-5.0.7.RELEASE.jar:5.0.7.RELEASE]
	at org.springframework.context.support.AbstractApplicationContext.finishBeanFactoryInitialization(AbstractApplicationContext.java:869) ~[spring-context-5.0.7.RELEASE.jar:5.0.7.RELEASE]
	at org.springframework.context.support.AbstractApplicationContext.refresh(AbstractApplicationContext.java:550) ~[spring-context-5.0.7.RELEASE.jar:5.0.7.RELEASE]
	at org.springframework.test.context.support.AbstractGenericContextLoader.loadContext(AbstractGenericContextLoader.java:128) ~[spring-test-5.0.4.RELEASE.jar:5.0.4.RELEASE]
	at org.springframework.test.context.support.AbstractGenericContextLoader.loadContext(AbstractGenericContextLoader.java:60) ~[spring-test-5.0.4.RELEASE.jar:5.0.4.RELEASE]
	at org.springframework.test.context.support.AbstractDelegatingSmartContextLoader.delegateLoading(AbstractDelegatingSmartContextLoader.java:107) ~[spring-test-5.0.4.RELEASE.jar:5.0.4.RELEASE]
	at org.springframework.test.context.support.AbstractDelegatingSmartContextLoader.loadContext(AbstractDelegatingSmartContextLoader.java:243) ~[spring-test-5.0.4.RELEASE.jar:5.0.4.RELEASE]
	at org.springframework.test.context.cache.DefaultCacheAwareContextLoaderDelegate.loadContextInternal(DefaultCacheAwareContextLoaderDelegate.java:99) ~[spring-test-5.0.4.RELEASE.jar:5.0.4.RELEASE]
	at org.springframework.test.context.cache.DefaultCacheAwareContextLoaderDelegate.loadContext(DefaultCacheAwareContextLoaderDelegate.java:117) ~[spring-test-5.0.4.RELEASE.jar:5.0.4.RELEASE]
	... 27 more
]]></system-out>
  </testcase>
  <testcase name="dummy" classname="com.gunnarro.useraccount.service.UserAccountServiceTest" time="0.004">
    <error message="Failed to load ApplicationContext" type="java.lang.IllegalStateException">java.lang.IllegalStateException: Failed to load ApplicationContext
Caused by: org.springframework.beans.factory.UnsatisfiedDependencyException: Error creating bean with name 'testRepositoryConfiguration': Unsatisfied dependency expressed through field 'dataSource'; nested exception is org.springframework.beans.factory.UnsatisfiedDependencyException: Error creating bean with name 'dietManagerDataSource' defined in com.gunnarro.dietmanager.config.TestMariDBDataSourceConfiguration: Unsatisfied dependency expressed through method 'dietManagerDataSource' parameter 0; nested exception is org.springframework.beans.factory.BeanCreationException: Error creating bean with name 'mariaDB4jSpringService': Invocation of init method failed; nested exception is java.lang.IllegalStateException: MariaDB4jSpringService start() failed
Caused by: org.springframework.beans.factory.UnsatisfiedDependencyException: Error creating bean with name 'dietManagerDataSource' defined in com.gunnarro.dietmanager.config.TestMariDBDataSourceConfiguration: Unsatisfied dependency expressed through method 'dietManagerDataSource' parameter 0; nested exception is org.springframework.beans.factory.BeanCreationException: Error creating bean with name 'mariaDB4jSpringService': Invocation of init method failed; nested exception is java.lang.IllegalStateException: MariaDB4jSpringService start() failed
Caused by: org.springframework.beans.factory.BeanCreationException: Error creating bean with name 'mariaDB4jSpringService': Invocation of init method failed; nested exception is java.lang.IllegalStateException: MariaDB4jSpringService start() failed
Caused by: java.lang.IllegalStateException: MariaDB4jSpringService start() failed
Caused by: ch.vorburger.exec.ManagedProcessException: An error occurred while starting the database
Caused by: ch.vorburger.exec.ManagedProcessException: 
Asked to wait for "mysqld: ready for connections." from Program [/tmp/MariaDB4j/base/bin/mysqld, --no-defaults, --console, --skip-grant-tables, --max_allowed_packet=64M, --basedir=/tmp/MariaDB4j/base, --datadir=/tmp/MariaDB4j/data/42059, --port=42059, --socket=/tmp/MariaDB4j.42059.sock] (in working directory /tmp/MariaDB4j/base), but it already exited! (without that message in console), last 100 lines of console:
2018-07-28  6:59:50 139850050504576 [Note] /tmp/MariaDB4j/base/bin/mysqld (mysqld 10.1.13-MariaDB) starting as process 1794 ...
2018-07-28  6:59:50 139850050504576 [ERROR] Fatal error: Please consult the Knowledge Base to find out how to run mysqld as root!

2018-07-28  6:59:50 139850050504576 [ERROR] Aborting

</error>
    <system-out><![CDATA[[2018-07-28 08:59:41.239] [main] [INFO ] [ch.vorburger.mariadb4j.Util] Created directory: /tmp/MariaDB4j/data/42059
[2018-07-28 08:59:41.256] [main] [INFO ] [ch.vorburger.mariadb4j.DB] Installing a new embedded database to: /tmp/MariaDB4j/base
[2018-07-28 08:59:41.257] [main] [INFO ] [ch.vorburger.exec.ManagedProcess] Starting Program [/tmp/MariaDB4j/base/bin/mysql_install_db, --datadir=/tmp/MariaDB4j/data/42059, --basedir=/tmp/MariaDB4j/base, --no-defaults, --force, --skip-name-resolve] (in working directory /tmp/MariaDB4j/base)
[2018-07-28 08:59:41.313] [Exec Stream Pumper] [INFO ] [ch.vorburger.exec.ManagedProcess] mysql_install_db: Installing MariaDB/MySQL system tables in '/tmp/MariaDB4j/data/42059' ...
[2018-07-28 08:59:41.358] [main] [INFO ] [ch.vorburger.exec.ManagedProcess] Thread is now going to wait for this process to terminate itself: Program [/tmp/MariaDB4j/base/bin/mysql_install_db, --datadir=/tmp/MariaDB4j/data/42059, --basedir=/tmp/MariaDB4j/base, --no-defaults, --force, --skip-name-resolve] (in working directory /tmp/MariaDB4j/base)
[2018-07-28 08:59:41.430] [Exec Stream Pumper] [INFO ] [ch.vorburger.exec.ManagedProcess] mysql_install_db: 2018-07-28  6:59:41 139906142787456 [Note] /tmp/MariaDB4j/base/bin/mysqld (mysqld 10.1.13-MariaDB) starting as process 1690 ...
[2018-07-28 08:59:41.629] [Exec Stream Pumper] [INFO ] [ch.vorburger.exec.ManagedProcess] mysql_install_db: 2018-07-28  6:59:41 139906142787456 [Note] InnoDB: Using mutexes to ref count buffer pool pages
[2018-07-28 08:59:41.629] [Exec Stream Pumper] [INFO ] [ch.vorburger.exec.ManagedProcess] mysql_install_db: 2018-07-28  6:59:41 139906142787456 [Note] InnoDB: The InnoDB memory heap is disabled
[2018-07-28 08:59:41.629] [Exec Stream Pumper] [INFO ] [ch.vorburger.exec.ManagedProcess] mysql_install_db: 2018-07-28  6:59:41 139906142787456 [Note] InnoDB: Mutexes and rw_locks use GCC atomic builtins
[2018-07-28 08:59:41.629] [Exec Stream Pumper] [INFO ] [ch.vorburger.exec.ManagedProcess] mysql_install_db: 2018-07-28  6:59:41 139906142787456 [Note] InnoDB: Memory barrier is not used
[2018-07-28 08:59:41.629] [Exec Stream Pumper] [INFO ] [ch.vorburger.exec.ManagedProcess] mysql_install_db: 2018-07-28  6:59:41 139906142787456 [Note] InnoDB: Compressed tables use zlib 1.2.3
[2018-07-28 08:59:41.629] [Exec Stream Pumper] [INFO ] [ch.vorburger.exec.ManagedProcess] mysql_install_db: 2018-07-28  6:59:41 139906142787456 [Note] InnoDB: Using Linux native AIO
[2018-07-28 08:59:41.630] [Exec Stream Pumper] [INFO ] [ch.vorburger.exec.ManagedProcess] mysql_install_db: 2018-07-28  6:59:41 139906142787456 [Note] InnoDB: Using SSE crc32 instructions
[2018-07-28 08:59:41.633] [Exec Stream Pumper] [INFO ] [ch.vorburger.exec.ManagedProcess] mysql_install_db: 2018-07-28  6:59:41 139906142787456 [Note] InnoDB: Initializing buffer pool, size = 128.0M
[2018-07-28 08:59:41.651] [Exec Stream Pumper] [INFO ] [ch.vorburger.exec.ManagedProcess] mysql_install_db: 2018-07-28  6:59:41 139906142787456 [Note] InnoDB: Completed initialization of buffer pool
[2018-07-28 08:59:41.676] [Exec Stream Pumper] [INFO ] [ch.vorburger.exec.ManagedProcess] mysql_install_db: 2018-07-28  6:59:41 139906142787456 [Note] InnoDB: The first specified data file ./ibdata1 did not exist: a new database to be created!
[2018-07-28 08:59:41.676] [Exec Stream Pumper] [INFO ] [ch.vorburger.exec.ManagedProcess] mysql_install_db: 2018-07-28  6:59:41 139906142787456 [Note] InnoDB: Setting file ./ibdata1 size to 12 MB
[2018-07-28 08:59:41.676] [Exec Stream Pumper] [INFO ] [ch.vorburger.exec.ManagedProcess] mysql_install_db: 2018-07-28  6:59:41 139906142787456 [Note] InnoDB: Database physically writes the file full: wait...
[2018-07-28 08:59:41.813] [Exec Stream Pumper] [INFO ] [ch.vorburger.exec.ManagedProcess] mysql_install_db: 2018-07-28  6:59:41 139906142787456 [Note] InnoDB: Setting log file ./ib_logfile101 size to 48 MB
[2018-07-28 08:59:42.335] [Exec Stream Pumper] [INFO ] [ch.vorburger.exec.ManagedProcess] mysql_install_db: 2018-07-28  6:59:42 139906142787456 [Note] InnoDB: Setting log file ./ib_logfile1 size to 48 MB
[2018-07-28 08:59:42.901] [Exec Stream Pumper] [INFO ] [ch.vorburger.exec.ManagedProcess] mysql_install_db: 2018-07-28  6:59:42 139906142787456 [Note] InnoDB: Renaming log file ./ib_logfile101 to ./ib_logfile0
[2018-07-28 08:59:42.902] [Exec Stream Pumper] [INFO ] [ch.vorburger.exec.ManagedProcess] mysql_install_db: 2018-07-28  6:59:42 139906142787456 [Warning] InnoDB: New log files created, LSN=45883
[2018-07-28 08:59:42.902] [Exec Stream Pumper] [INFO ] [ch.vorburger.exec.ManagedProcess] mysql_install_db: 2018-07-28  6:59:42 139906142787456 [Note] InnoDB: Doublewrite buffer not found: creating new
[2018-07-28 08:59:42.968] [Exec Stream Pumper] [INFO ] [ch.vorburger.exec.ManagedProcess] mysql_install_db: 2018-07-28  6:59:42 139906142787456 [Note] InnoDB: Doublewrite buffer created
[2018-07-28 08:59:42.990] [Exec Stream Pumper] [INFO ] [ch.vorburger.exec.ManagedProcess] mysql_install_db: 2018-07-28  6:59:42 139906142787456 [Note] InnoDB: 128 rollback segment(s) are active.
[2018-07-28 08:59:42.991] [Exec Stream Pumper] [INFO ] [ch.vorburger.exec.ManagedProcess] mysql_install_db: 2018-07-28  6:59:42 139906142787456 [Warning] InnoDB: Creating foreign key constraint system tables.
[2018-07-28 08:59:43.017] [Exec Stream Pumper] [INFO ] [ch.vorburger.exec.ManagedProcess] mysql_install_db: 2018-07-28  6:59:43 139906142787456 [Note] InnoDB: Foreign key constraint system tables created
[2018-07-28 08:59:43.017] [Exec Stream Pumper] [INFO ] [ch.vorburger.exec.ManagedProcess] mysql_install_db: 2018-07-28  6:59:43 139906142787456 [Note] InnoDB: Creating tablespace and datafile system tables.
[2018-07-28 08:59:43.027] [Exec Stream Pumper] [INFO ] [ch.vorburger.exec.ManagedProcess] mysql_install_db: 2018-07-28  6:59:43 139906142787456 [Note] InnoDB: Tablespace and datafile system tables created.
[2018-07-28 08:59:43.027] [Exec Stream Pumper] [INFO ] [ch.vorburger.exec.ManagedProcess] mysql_install_db: 2018-07-28  6:59:43 139906142787456 [Note] InnoDB: Waiting for purge to start
[2018-07-28 08:59:43.077] [Exec Stream Pumper] [INFO ] [ch.vorburger.exec.ManagedProcess] mysql_install_db: 2018-07-28  6:59:43 139906142787456 [Note] InnoDB:  Percona XtraDB (http://www.percona.com) 5.6.28-76.1 started; log sequence number 0
[2018-07-28 08:59:43.174] [Exec Stream Pumper] [INFO ] [ch.vorburger.exec.ManagedProcess] mysql_install_db: 2018-07-28  6:59:43 139905426519808 [Note] InnoDB: Dumping buffer pool(s) not yet started
[2018-07-28 08:59:45.284] [Exec Stream Pumper] [INFO ] [ch.vorburger.exec.ManagedProcess] mysql_install_db: OK
[2018-07-28 08:59:45.284] [Exec Stream Pumper] [INFO ] [ch.vorburger.exec.ManagedProcess] mysql_install_db: Filling help tables...
[2018-07-28 08:59:45.397] [Exec Stream Pumper] [INFO ] [ch.vorburger.exec.ManagedProcess] mysql_install_db: 2018-07-28  6:59:45 140670752720768 [Note] /tmp/MariaDB4j/base/bin/mysqld (mysqld 10.1.13-MariaDB) starting as process 1726 ...
[2018-07-28 08:59:45.569] [Exec Stream Pumper] [INFO ] [ch.vorburger.exec.ManagedProcess] mysql_install_db: 2018-07-28  6:59:45 140670752720768 [Note] InnoDB: Using mutexes to ref count buffer pool pages
[2018-07-28 08:59:45.569] [Exec Stream Pumper] [INFO ] [ch.vorburger.exec.ManagedProcess] mysql_install_db: 2018-07-28  6:59:45 140670752720768 [Note] InnoDB: The InnoDB memory heap is disabled
[2018-07-28 08:59:45.569] [Exec Stream Pumper] [INFO ] [ch.vorburger.exec.ManagedProcess] mysql_install_db: 2018-07-28  6:59:45 140670752720768 [Note] InnoDB: Mutexes and rw_locks use GCC atomic builtins
[2018-07-28 08:59:45.569] [Exec Stream Pumper] [INFO ] [ch.vorburger.exec.ManagedProcess] mysql_install_db: 2018-07-28  6:59:45 140670752720768 [Note] InnoDB: Memory barrier is not used
[2018-07-28 08:59:45.569] [Exec Stream Pumper] [INFO ] [ch.vorburger.exec.ManagedProcess] mysql_install_db: 2018-07-28  6:59:45 140670752720768 [Note] InnoDB: Compressed tables use zlib 1.2.3
[2018-07-28 08:59:45.569] [Exec Stream Pumper] [INFO ] [ch.vorburger.exec.ManagedProcess] mysql_install_db: 2018-07-28  6:59:45 140670752720768 [Note] InnoDB: Using Linux native AIO
[2018-07-28 08:59:45.569] [Exec Stream Pumper] [INFO ] [ch.vorburger.exec.ManagedProcess] mysql_install_db: 2018-07-28  6:59:45 140670752720768 [Note] InnoDB: Using SSE crc32 instructions
[2018-07-28 08:59:45.572] [Exec Stream Pumper] [INFO ] [ch.vorburger.exec.ManagedProcess] mysql_install_db: 2018-07-28  6:59:45 140670752720768 [Note] InnoDB: Initializing buffer pool, size = 128.0M
[2018-07-28 08:59:45.590] [Exec Stream Pumper] [INFO ] [ch.vorburger.exec.ManagedProcess] mysql_install_db: 2018-07-28  6:59:45 140670752720768 [Note] InnoDB: Completed initialization of buffer pool
[2018-07-28 08:59:45.617] [Exec Stream Pumper] [INFO ] [ch.vorburger.exec.ManagedProcess] mysql_install_db: 2018-07-28  6:59:45 140670752720768 [Note] InnoDB: Highest supported file format is Barracuda.
[2018-07-28 08:59:45.643] [Exec Stream Pumper] [INFO ] [ch.vorburger.exec.ManagedProcess] mysql_install_db: 2018-07-28  6:59:45 140670752720768 [Note] InnoDB: 128 rollback segment(s) are active.
[2018-07-28 08:59:45.643] [Exec Stream Pumper] [INFO ] [ch.vorburger.exec.ManagedProcess] mysql_install_db: 2018-07-28  6:59:45 140670752720768 [Note] InnoDB: Waiting for purge to start
[2018-07-28 08:59:45.694] [Exec Stream Pumper] [INFO ] [ch.vorburger.exec.ManagedProcess] mysql_install_db: 2018-07-28  6:59:45 140670752720768 [Note] InnoDB:  Percona XtraDB (http://www.percona.com) 5.6.28-76.1 started; log sequence number 1616799
[2018-07-28 08:59:45.728] [Exec Stream Pumper] [INFO ] [ch.vorburger.exec.ManagedProcess] mysql_install_db: 2018-07-28  6:59:45 140670035552000 [Note] InnoDB: Dumping buffer pool(s) not yet started
[2018-07-28 08:59:47.880] [Exec Stream Pumper] [INFO ] [ch.vorburger.exec.ManagedProcess] mysql_install_db: OK
[2018-07-28 08:59:47.880] [Exec Stream Pumper] [INFO ] [ch.vorburger.exec.ManagedProcess] mysql_install_db: Creating OpenGIS required SP-s...
[2018-07-28 08:59:47.989] [Exec Stream Pumper] [INFO ] [ch.vorburger.exec.ManagedProcess] mysql_install_db: 2018-07-28  6:59:47 140086931629952 [Note] /tmp/MariaDB4j/base/bin/mysqld (mysqld 10.1.13-MariaDB) starting as process 1761 ...
[2018-07-28 08:59:48.157] [Exec Stream Pumper] [INFO ] [ch.vorburger.exec.ManagedProcess] mysql_install_db: 2018-07-28  6:59:48 140086931629952 [Note] InnoDB: Using mutexes to ref count buffer pool pages
[2018-07-28 08:59:48.157] [Exec Stream Pumper] [INFO ] [ch.vorburger.exec.ManagedProcess] mysql_install_db: 2018-07-28  6:59:48 140086931629952 [Note] InnoDB: The InnoDB memory heap is disabled
[2018-07-28 08:59:48.157] [Exec Stream Pumper] [INFO ] [ch.vorburger.exec.ManagedProcess] mysql_install_db: 2018-07-28  6:59:48 140086931629952 [Note] InnoDB: Mutexes and rw_locks use GCC atomic builtins
[2018-07-28 08:59:48.158] [Exec Stream Pumper] [INFO ] [ch.vorburger.exec.ManagedProcess] mysql_install_db: 2018-07-28  6:59:48 140086931629952 [Note] InnoDB: Memory barrier is not used
[2018-07-28 08:59:48.158] [Exec Stream Pumper] [INFO ] [ch.vorburger.exec.ManagedProcess] mysql_install_db: 2018-07-28  6:59:48 140086931629952 [Note] InnoDB: Compressed tables use zlib 1.2.3
[2018-07-28 08:59:48.158] [Exec Stream Pumper] [INFO ] [ch.vorburger.exec.ManagedProcess] mysql_install_db: 2018-07-28  6:59:48 140086931629952 [Note] InnoDB: Using Linux native AIO
[2018-07-28 08:59:48.159] [Exec Stream Pumper] [INFO ] [ch.vorburger.exec.ManagedProcess] mysql_install_db: 2018-07-28  6:59:48 140086931629952 [Note] InnoDB: Using SSE crc32 instructions
[2018-07-28 08:59:48.162] [Exec Stream Pumper] [INFO ] [ch.vorburger.exec.ManagedProcess] mysql_install_db: 2018-07-28  6:59:48 140086931629952 [Note] InnoDB: Initializing buffer pool, size = 128.0M
[2018-07-28 08:59:48.179] [Exec Stream Pumper] [INFO ] [ch.vorburger.exec.ManagedProcess] mysql_install_db: 2018-07-28  6:59:48 140086931629952 [Note] InnoDB: Completed initialization of buffer pool
[2018-07-28 08:59:48.207] [Exec Stream Pumper] [INFO ] [ch.vorburger.exec.ManagedProcess] mysql_install_db: 2018-07-28  6:59:48 140086931629952 [Note] InnoDB: Highest supported file format is Barracuda.
[2018-07-28 08:59:48.233] [Exec Stream Pumper] [INFO ] [ch.vorburger.exec.ManagedProcess] mysql_install_db: 2018-07-28  6:59:48 140086931629952 [Note] InnoDB: 128 rollback segment(s) are active.
[2018-07-28 08:59:48.234] [Exec Stream Pumper] [INFO ] [ch.vorburger.exec.ManagedProcess] mysql_install_db: 2018-07-28  6:59:48 140086931629952 [Note] InnoDB: Waiting for purge to start
[2018-07-28 08:59:48.285] [Exec Stream Pumper] [INFO ] [ch.vorburger.exec.ManagedProcess] mysql_install_db: 2018-07-28  6:59:48 140086931629952 [Note] InnoDB:  Percona XtraDB (http://www.percona.com) 5.6.28-76.1 started; log sequence number 1616809
[2018-07-28 08:59:48.319] [Exec Stream Pumper] [INFO ] [ch.vorburger.exec.ManagedProcess] mysql_install_db: 2018-07-28  6:59:48 140086217774848 [Note] InnoDB: Dumping buffer pool(s) not yet started
[2018-07-28 08:59:50.548] [Exec Stream Pumper] [INFO ] [ch.vorburger.exec.ManagedProcess] mysql_install_db: OK
[2018-07-28 08:59:50.548] [Exec Stream Pumper] [INFO ] [ch.vorburger.exec.ManagedProcess] mysql_install_db: 
[2018-07-28 08:59:50.548] [Exec Stream Pumper] [INFO ] [ch.vorburger.exec.ManagedProcess] mysql_install_db: To start mysqld at boot time you have to copy
[2018-07-28 08:59:50.549] [Exec Stream Pumper] [INFO ] [ch.vorburger.exec.ManagedProcess] mysql_install_db: support-files/mysql.server to the right place for your system
[2018-07-28 08:59:50.549] [Exec Stream Pumper] [INFO ] [ch.vorburger.exec.ManagedProcess] mysql_install_db: 
[2018-07-28 08:59:50.549] [Exec Stream Pumper] [INFO ] [ch.vorburger.exec.ManagedProcess] mysql_install_db: PLEASE REMEMBER TO SET A PASSWORD FOR THE MariaDB root USER !
[2018-07-28 08:59:50.550] [Exec Stream Pumper] [INFO ] [ch.vorburger.exec.ManagedProcess] mysql_install_db: To do so, start the server, then issue the following commands:
[2018-07-28 08:59:50.550] [Exec Stream Pumper] [INFO ] [ch.vorburger.exec.ManagedProcess] mysql_install_db: 
[2018-07-28 08:59:50.550] [Exec Stream Pumper] [INFO ] [ch.vorburger.exec.ManagedProcess] mysql_install_db: '/tmp/MariaDB4j/base/bin/mysqladmin' -u root password 'new-password'
[2018-07-28 08:59:50.550] [Exec Stream Pumper] [INFO ] [ch.vorburger.exec.ManagedProcess] mysql_install_db: '/tmp/MariaDB4j/base/bin/mysqladmin' -u root -h  password 'new-password'
[2018-07-28 08:59:50.550] [Exec Stream Pumper] [INFO ] [ch.vorburger.exec.ManagedProcess] mysql_install_db: 
[2018-07-28 08:59:50.550] [Exec Stream Pumper] [INFO ] [ch.vorburger.exec.ManagedProcess] mysql_install_db: Alternatively you can run:
[2018-07-28 08:59:50.550] [Exec Stream Pumper] [INFO ] [ch.vorburger.exec.ManagedProcess] mysql_install_db: '/tmp/MariaDB4j/base/bin/mysql_secure_installation'
[2018-07-28 08:59:50.550] [Exec Stream Pumper] [INFO ] [ch.vorburger.exec.ManagedProcess] mysql_install_db: 
[2018-07-28 08:59:50.550] [Exec Stream Pumper] [INFO ] [ch.vorburger.exec.ManagedProcess] mysql_install_db: which will also give you the option of removing the test
[2018-07-28 08:59:50.550] [Exec Stream Pumper] [INFO ] [ch.vorburger.exec.ManagedProcess] mysql_install_db: databases and anonymous user created by default.  This is
[2018-07-28 08:59:50.550] [Exec Stream Pumper] [INFO ] [ch.vorburger.exec.ManagedProcess] mysql_install_db: strongly recommended for production servers.
[2018-07-28 08:59:50.550] [Exec Stream Pumper] [INFO ] [ch.vorburger.exec.ManagedProcess] mysql_install_db: 
[2018-07-28 08:59:50.550] [Exec Stream Pumper] [INFO ] [ch.vorburger.exec.ManagedProcess] mysql_install_db: See the MariaDB Knowledgebase at http://mariadb.com/kb or the
[2018-07-28 08:59:50.551] [Exec Stream Pumper] [INFO ] [ch.vorburger.exec.ManagedProcess] mysql_install_db: MySQL manual for more instructions.
[2018-07-28 08:59:50.551] [Exec Stream Pumper] [INFO ] [ch.vorburger.exec.ManagedProcess] mysql_install_db: 
[2018-07-28 08:59:50.551] [Exec Stream Pumper] [INFO ] [ch.vorburger.exec.ManagedProcess] mysql_install_db: You can start the MariaDB daemon with:
[2018-07-28 08:59:50.551] [Exec Stream Pumper] [INFO ] [ch.vorburger.exec.ManagedProcess] mysql_install_db: cd '/tmp/MariaDB4j/base' ; /tmp/MariaDB4j/base/bin/mysqld_safe --datadir='/tmp/MariaDB4j/data/42059'
[2018-07-28 08:59:50.551] [Exec Stream Pumper] [INFO ] [ch.vorburger.exec.ManagedProcess] mysql_install_db: 
[2018-07-28 08:59:50.551] [Exec Stream Pumper] [INFO ] [ch.vorburger.exec.ManagedProcess] mysql_install_db: You can test the MariaDB daemon with mysql-test-run.pl
[2018-07-28 08:59:50.551] [Exec Stream Pumper] [INFO ] [ch.vorburger.exec.ManagedProcess] mysql_install_db: cd '/tmp/MariaDB4j/base/mysql-test' ; perl mysql-test-run.pl
[2018-07-28 08:59:50.551] [Exec Stream Pumper] [INFO ] [ch.vorburger.exec.ManagedProcess] mysql_install_db: 
[2018-07-28 08:59:50.551] [Exec Stream Pumper] [INFO ] [ch.vorburger.exec.ManagedProcess] mysql_install_db: Please report any problems at http://mariadb.org/jira
[2018-07-28 08:59:50.551] [Exec Stream Pumper] [INFO ] [ch.vorburger.exec.ManagedProcess] mysql_install_db: 
[2018-07-28 08:59:50.551] [Exec Stream Pumper] [INFO ] [ch.vorburger.exec.ManagedProcess] mysql_install_db: The latest information about MariaDB is available at http://mariadb.org/.
[2018-07-28 08:59:50.551] [Exec Stream Pumper] [INFO ] [ch.vorburger.exec.ManagedProcess] mysql_install_db: You can find additional information about the MySQL part at:
[2018-07-28 08:59:50.551] [Exec Stream Pumper] [INFO ] [ch.vorburger.exec.ManagedProcess] mysql_install_db: http://dev.mysql.com
[2018-07-28 08:59:50.551] [Exec Stream Pumper] [INFO ] [ch.vorburger.exec.ManagedProcess] mysql_install_db: Support MariaDB development by buying support/new features from MariaDB
[2018-07-28 08:59:50.552] [Exec Stream Pumper] [INFO ] [ch.vorburger.exec.ManagedProcess] mysql_install_db: Corporation Ab. You can contact us about this at sales@mariadb.com.
[2018-07-28 08:59:50.552] [Exec Stream Pumper] [INFO ] [ch.vorburger.exec.ManagedProcess] mysql_install_db: Alternatively consider joining our community based development effort:
[2018-07-28 08:59:50.552] [Exec Stream Pumper] [INFO ] [ch.vorburger.exec.ManagedProcess] mysql_install_db: http://mariadb.com/kb/en/contributing-to-the-mariadb-project/
[2018-07-28 08:59:50.552] [Exec Stream Pumper] [INFO ] [ch.vorburger.exec.ManagedProcess] mysql_install_db: 
[2018-07-28 08:59:50.554] [Exec Default Executor] [INFO ] [ch.vorburger.exec.ManagedProcess] Program [/tmp/MariaDB4j/base/bin/mysql_install_db, --datadir=/tmp/MariaDB4j/data/42059, --basedir=/tmp/MariaDB4j/base, --no-defaults, --force, --skip-name-resolve] (in working directory /tmp/MariaDB4j/base) just exited, with value 0
[2018-07-28 08:59:50.585] [main] [INFO ] [ch.vorburger.mariadb4j.DB] Installation complete.
[2018-07-28 08:59:50.585] [main] [INFO ] [ch.vorburger.mariadb4j.DB] Starting up the database...
[2018-07-28 08:59:50.586] [main] [INFO ] [ch.vorburger.mariadb4j.DB] mysqld executable: /tmp/MariaDB4j/base/bin/mysqld
[2018-07-28 08:59:50.586] [main] [INFO ] [ch.vorburger.exec.ManagedProcess] Starting Program [/tmp/MariaDB4j/base/bin/mysqld, --no-defaults, --console, --skip-grant-tables, --max_allowed_packet=64M, --basedir=/tmp/MariaDB4j/base, --datadir=/tmp/MariaDB4j/data/42059, --port=42059, --socket=/tmp/MariaDB4j.42059.sock] (in working directory /tmp/MariaDB4j/base)
[2018-07-28 08:59:50.587] [main] [INFO ] [ch.vorburger.exec.ManagedProcess] Thread will wait for "mysqld: ready for connections." to appear in Console output of process Program [/tmp/MariaDB4j/base/bin/mysqld, --no-defaults, --console, --skip-grant-tables, --max_allowed_packet=64M, --basedir=/tmp/MariaDB4j/base, --datadir=/tmp/MariaDB4j/data/42059, --port=42059, --socket=/tmp/MariaDB4j.42059.sock] (in working directory /tmp/MariaDB4j/base) for max. 30000ms
[2018-07-28 08:59:50.698] [Exec Stream Pumper] [INFO ] [ch.vorburger.exec.ManagedProcess] mysqld: 2018-07-28  6:59:50 139850050504576 [Note] /tmp/MariaDB4j/base/bin/mysqld (mysqld 10.1.13-MariaDB) starting as process 1794 ...
[2018-07-28 08:59:50.719] [Exec Stream Pumper] [ERROR] [ch.vorburger.exec.ManagedProcess] mysqld: 2018-07-28  6:59:50 139850050504576 [ERROR] Fatal error: Please consult the Knowledge Base to find out how to run mysqld as root!
[2018-07-28 08:59:50.720] [Exec Stream Pumper] [INFO ] [ch.vorburger.exec.ManagedProcess] mysqld: 
[2018-07-28 08:59:50.720] [Exec Stream Pumper] [ERROR] [ch.vorburger.exec.ManagedProcess] mysqld: 2018-07-28  6:59:50 139850050504576 [ERROR] Aborting
[2018-07-28 08:59:50.721] [Exec Stream Pumper] [INFO ] [ch.vorburger.exec.ManagedProcess] mysqld: 
[2018-07-28 08:59:50.724] [Exec Default Executor] [ERROR] [ch.vorburger.exec.ManagedProcess] Program [/tmp/MariaDB4j/base/bin/mysqld, --no-defaults, --console, --skip-grant-tables, --max_allowed_packet=64M, --basedir=/tmp/MariaDB4j/base, --datadir=/tmp/MariaDB4j/data/42059, --port=42059, --socket=/tmp/MariaDB4j.42059.sock] (in working directory /tmp/MariaDB4j/base) failed unexpectedly
org.apache.commons.exec.ExecuteException: Process exited with an error: 1 (Exit value: 1)
	at org.apache.commons.exec.DefaultExecutor.executeInternal(DefaultExecutor.java:404) ~[commons-exec-1.3.jar:1.3]
	at org.apache.commons.exec.DefaultExecutor.access$200(DefaultExecutor.java:48) ~[commons-exec-1.3.jar:1.3]
	at org.apache.commons.exec.DefaultExecutor$1.run(DefaultExecutor.java:200) [commons-exec-1.3.jar:1.3]
	at java.lang.Thread.run(Thread.java:745) [?:1.8.0_121]
[2018-07-28 08:59:50.738] [main] [ERROR] [ch.vorburger.mariadb4j.DB] failed to start mysqld
ch.vorburger.exec.ManagedProcessException: Asked to wait for "mysqld: ready for connections." from Program [/tmp/MariaDB4j/base/bin/mysqld, --no-defaults, --console, --skip-grant-tables, --max_allowed_packet=64M, --basedir=/tmp/MariaDB4j/base, --datadir=/tmp/MariaDB4j/data/42059, --port=42059, --socket=/tmp/MariaDB4j.42059.sock] (in working directory /tmp/MariaDB4j/base), but it already exited! (without that message in console), last 100 lines of console:
2018-07-28  6:59:50 139850050504576 [Note] /tmp/MariaDB4j/base/bin/mysqld (mysqld 10.1.13-MariaDB) starting as process 1794 ...
2018-07-28  6:59:50 139850050504576 [ERROR] Fatal error: Please consult the Knowledge Base to find out how to run mysqld as root!

2018-07-28  6:59:50 139850050504576 [ERROR] Aborting

	at ch.vorburger.exec.ManagedProcess.startAndWaitForConsoleMessageMaxMs(ManagedProcess.java:263) ~[mariaDB4j-core-2.2.3.jar:?]
	at ch.vorburger.mariadb4j.DB.start(DB.java:148) ~[mariaDB4j-core-2.2.3.jar:?]
	at ch.vorburger.mariadb4j.MariaDB4jService.start(MariaDB4jService.java:67) ~[mariaDB4j-core-2.2.3.jar:?]
	at ch.vorburger.mariadb4j.springframework.MariaDB4jSpringService.start(MariaDB4jSpringService.java:96) ~[mariaDB4j-core-2.2.3.jar:?]
	at sun.reflect.NativeMethodAccessorImpl.invoke0(Native Method) ~[?:1.8.0_121]
	at sun.reflect.NativeMethodAccessorImpl.invoke(NativeMethodAccessorImpl.java:62) ~[?:1.8.0_121]
	at sun.reflect.DelegatingMethodAccessorImpl.invoke(DelegatingMethodAccessorImpl.java:43) ~[?:1.8.0_121]
	at java.lang.reflect.Method.invoke(Method.java:498) ~[?:1.8.0_121]
	at org.springframework.beans.factory.annotation.InitDestroyAnnotationBeanPostProcessor$LifecycleElement.invoke(InitDestroyAnnotationBeanPostProcessor.java:365) ~[spring-beans-5.0.7.RELEASE.jar:5.0.7.RELEASE]
	at org.springframework.beans.factory.annotation.InitDestroyAnnotationBeanPostProcessor$LifecycleMetadata.invokeInitMethods(InitDestroyAnnotationBeanPostProcessor.java:308) ~[spring-beans-5.0.7.RELEASE.jar:5.0.7.RELEASE]
	at org.springframework.beans.factory.annotation.InitDestroyAnnotationBeanPostProcessor.postProcessBeforeInitialization(InitDestroyAnnotationBeanPostProcessor.java:135) ~[spring-beans-5.0.7.RELEASE.jar:5.0.7.RELEASE]
	at org.springframework.beans.factory.support.AbstractAutowireCapableBeanFactory.applyBeanPostProcessorsBeforeInitialization(AbstractAutowireCapableBeanFactory.java:424) ~[spring-beans-5.0.7.RELEASE.jar:5.0.7.RELEASE]
	at org.springframework.beans.factory.support.AbstractAutowireCapableBeanFactory.initializeBean(AbstractAutowireCapableBeanFactory.java:1700) ~[spring-beans-5.0.7.RELEASE.jar:5.0.7.RELEASE]
	at org.springframework.beans.factory.support.AbstractAutowireCapableBeanFactory.doCreateBean(AbstractAutowireCapableBeanFactory.java:581) ~[spring-beans-5.0.7.RELEASE.jar:5.0.7.RELEASE]
	at org.springframework.beans.factory.support.AbstractAutowireCapableBeanFactory.createBean(AbstractAutowireCapableBeanFactory.java:503) ~[spring-beans-5.0.7.RELEASE.jar:5.0.7.RELEASE]
	at org.springframework.beans.factory.support.AbstractBeanFactory.lambda$doGetBean$0(AbstractBeanFactory.java:317) ~[spring-beans-5.0.7.RELEASE.jar:5.0.7.RELEASE]
	at org.springframework.beans.factory.support.DefaultSingletonBeanRegistry.getSingleton(DefaultSingletonBeanRegistry.java:222) ~[spring-beans-5.0.7.RELEASE.jar:5.0.7.RELEASE]
	at org.springframework.beans.factory.support.AbstractBeanFactory.doGetBean(AbstractBeanFactory.java:315) ~[spring-beans-5.0.7.RELEASE.jar:5.0.7.RELEASE]
	at org.springframework.beans.factory.support.AbstractBeanFactory.getBean(AbstractBeanFactory.java:199) ~[spring-beans-5.0.7.RELEASE.jar:5.0.7.RELEASE]
	at org.springframework.beans.factory.config.DependencyDescriptor.resolveCandidate(DependencyDescriptor.java:251) ~[spring-beans-5.0.7.RELEASE.jar:5.0.7.RELEASE]
	at org.springframework.beans.factory.support.DefaultListableBeanFactory.doResolveDependency(DefaultListableBeanFactory.java:1138) ~[spring-beans-5.0.7.RELEASE.jar:5.0.7.RELEASE]
	at org.springframework.beans.factory.support.DefaultListableBeanFactory.resolveDependency(DefaultListableBeanFactory.java:1065) ~[spring-beans-5.0.7.RELEASE.jar:5.0.7.RELEASE]
	at org.springframework.beans.factory.support.ConstructorResolver.resolveAutowiredArgument(ConstructorResolver.java:818) ~[spring-beans-5.0.7.RELEASE.jar:5.0.7.RELEASE]
	at org.springframework.beans.factory.support.ConstructorResolver.createArgumentArray(ConstructorResolver.java:724) ~[spring-beans-5.0.7.RELEASE.jar:5.0.7.RELEASE]
	at org.springframework.beans.factory.support.ConstructorResolver.instantiateUsingFactoryMethod(ConstructorResolver.java:474) ~[spring-beans-5.0.7.RELEASE.jar:5.0.7.RELEASE]
	at org.springframework.beans.factory.support.AbstractAutowireCapableBeanFactory.instantiateUsingFactoryMethod(AbstractAutowireCapableBeanFactory.java:1256) ~[spring-beans-5.0.7.RELEASE.jar:5.0.7.RELEASE]
	at org.springframework.beans.factory.support.AbstractAutowireCapableBeanFactory.createBeanInstance(AbstractAutowireCapableBeanFactory.java:1105) ~[spring-beans-5.0.7.RELEASE.jar:5.0.7.RELEASE]
	at org.springframework.beans.factory.support.AbstractAutowireCapableBeanFactory.doCreateBean(AbstractAutowireCapableBeanFactory.java:543) ~[spring-beans-5.0.7.RELEASE.jar:5.0.7.RELEASE]
	at org.springframework.beans.factory.support.AbstractAutowireCapableBeanFactory.createBean(AbstractAutowireCapableBeanFactory.java:503) ~[spring-beans-5.0.7.RELEASE.jar:5.0.7.RELEASE]
	at org.springframework.beans.factory.support.AbstractBeanFactory.lambda$doGetBean$0(AbstractBeanFactory.java:317) ~[spring-beans-5.0.7.RELEASE.jar:5.0.7.RELEASE]
	at org.springframework.beans.factory.support.DefaultSingletonBeanRegistry.getSingleton(DefaultSingletonBeanRegistry.java:222) ~[spring-beans-5.0.7.RELEASE.jar:5.0.7.RELEASE]
	at org.springframework.beans.factory.support.AbstractBeanFactory.doGetBean(AbstractBeanFactory.java:315) ~[spring-beans-5.0.7.RELEASE.jar:5.0.7.RELEASE]
	at org.springframework.beans.factory.support.AbstractBeanFactory.getBean(AbstractBeanFactory.java:199) ~[spring-beans-5.0.7.RELEASE.jar:5.0.7.RELEASE]
	at org.springframework.beans.factory.config.DependencyDescriptor.resolveCandidate(DependencyDescriptor.java:251) ~[spring-beans-5.0.7.RELEASE.jar:5.0.7.RELEASE]
	at org.springframework.beans.factory.support.DefaultListableBeanFactory.doResolveDependency(DefaultListableBeanFactory.java:1138) ~[spring-beans-5.0.7.RELEASE.jar:5.0.7.RELEASE]
	at org.springframework.beans.factory.support.DefaultListableBeanFactory.resolveDependency(DefaultListableBeanFactory.java:1065) ~[spring-beans-5.0.7.RELEASE.jar:5.0.7.RELEASE]
	at org.springframework.beans.factory.annotation.AutowiredAnnotationBeanPostProcessor$AutowiredFieldElement.inject(AutowiredAnnotationBeanPostProcessor.java:584) ~[spring-beans-5.0.7.RELEASE.jar:5.0.7.RELEASE]
	at org.springframework.beans.factory.annotation.InjectionMetadata.inject(InjectionMetadata.java:91) ~[spring-beans-5.0.7.RELEASE.jar:5.0.7.RELEASE]
	at org.springframework.beans.factory.annotation.AutowiredAnnotationBeanPostProcessor.postProcessPropertyValues(AutowiredAnnotationBeanPostProcessor.java:373) ~[spring-beans-5.0.7.RELEASE.jar:5.0.7.RELEASE]
	at org.springframework.beans.factory.support.AbstractAutowireCapableBeanFactory.populateBean(AbstractAutowireCapableBeanFactory.java:1350) ~[spring-beans-5.0.7.RELEASE.jar:5.0.7.RELEASE]
	at org.springframework.beans.factory.support.AbstractAutowireCapableBeanFactory.doCreateBean(AbstractAutowireCapableBeanFactory.java:580) ~[spring-beans-5.0.7.RELEASE.jar:5.0.7.RELEASE]
	at org.springframework.beans.factory.support.AbstractAutowireCapableBeanFactory.createBean(AbstractAutowireCapableBeanFactory.java:503) ~[spring-beans-5.0.7.RELEASE.jar:5.0.7.RELEASE]
	at org.springframework.beans.factory.support.AbstractBeanFactory.lambda$doGetBean$0(AbstractBeanFactory.java:317) ~[spring-beans-5.0.7.RELEASE.jar:5.0.7.RELEASE]
	at org.springframework.beans.factory.support.DefaultSingletonBeanRegistry.getSingleton(DefaultSingletonBeanRegistry.java:222) [spring-beans-5.0.7.RELEASE.jar:5.0.7.RELEASE]
	at org.springframework.beans.factory.support.AbstractBeanFactory.doGetBean(AbstractBeanFactory.java:315) [spring-beans-5.0.7.RELEASE.jar:5.0.7.RELEASE]
	at org.springframework.beans.factory.support.AbstractBeanFactory.getBean(AbstractBeanFactory.java:199) [spring-beans-5.0.7.RELEASE.jar:5.0.7.RELEASE]
	at org.springframework.beans.factory.support.DefaultListableBeanFactory.preInstantiateSingletons(DefaultListableBeanFactory.java:760) [spring-beans-5.0.7.RELEASE.jar:5.0.7.RELEASE]
	at org.springframework.context.support.AbstractApplicationContext.finishBeanFactoryInitialization(AbstractApplicationContext.java:869) [spring-context-5.0.7.RELEASE.jar:5.0.7.RELEASE]
	at org.springframework.context.support.AbstractApplicationContext.refresh(AbstractApplicationContext.java:550) [spring-context-5.0.7.RELEASE.jar:5.0.7.RELEASE]
	at org.springframework.test.context.support.AbstractGenericContextLoader.loadContext(AbstractGenericContextLoader.java:128) [spring-test-5.0.4.RELEASE.jar:5.0.4.RELEASE]
	at org.springframework.test.context.support.AbstractGenericContextLoader.loadContext(AbstractGenericContextLoader.java:60) [spring-test-5.0.4.RELEASE.jar:5.0.4.RELEASE]
	at org.springframework.test.context.support.AbstractDelegatingSmartContextLoader.delegateLoading(AbstractDelegatingSmartContextLoader.java:107) [spring-test-5.0.4.RELEASE.jar:5.0.4.RELEASE]
	at org.springframework.test.context.support.AbstractDelegatingSmartContextLoader.loadContext(AbstractDelegatingSmartContextLoader.java:243) [spring-test-5.0.4.RELEASE.jar:5.0.4.RELEASE]
	at org.springframework.test.context.cache.DefaultCacheAwareContextLoaderDelegate.loadContextInternal(DefaultCacheAwareContextLoaderDelegate.java:99) [spring-test-5.0.4.RELEASE.jar:5.0.4.RELEASE]
	at org.springframework.test.context.cache.DefaultCacheAwareContextLoaderDelegate.loadContext(DefaultCacheAwareContextLoaderDelegate.java:117) [spring-test-5.0.4.RELEASE.jar:5.0.4.RELEASE]
	at org.springframework.test.context.support.DefaultTestContext.getApplicationContext(DefaultTestContext.java:107) [spring-test-5.0.4.RELEASE.jar:5.0.4.RELEASE]
	at org.springframework.test.context.support.DependencyInjectionTestExecutionListener.injectDependencies(DependencyInjectionTestExecutionListener.java:117) [spring-test-5.0.4.RELEASE.jar:5.0.4.RELEASE]
	at org.springframework.test.context.support.DependencyInjectionTestExecutionListener.prepareTestInstance(DependencyInjectionTestExecutionListener.java:83) [spring-test-5.0.4.RELEASE.jar:5.0.4.RELEASE]
	at org.springframework.test.context.TestContextManager.prepareTestInstance(TestContextManager.java:242) [spring-test-5.0.4.RELEASE.jar:5.0.4.RELEASE]
	at org.springframework.test.context.junit4.SpringJUnit4ClassRunner.createTest(SpringJUnit4ClassRunner.java:227) [spring-test-5.0.4.RELEASE.jar:5.0.4.RELEASE]
	at org.springframework.test.context.junit4.SpringJUnit4ClassRunner$1.runReflectiveCall(SpringJUnit4ClassRunner.java:289) [spring-test-5.0.4.RELEASE.jar:5.0.4.RELEASE]
	at org.junit.internal.runners.model.ReflectiveCallable.run(ReflectiveCallable.java:12) [junit-4.12.jar:4.12]
	at org.springframework.test.context.junit4.SpringJUnit4ClassRunner.methodBlock(SpringJUnit4ClassRunner.java:291) [spring-test-5.0.4.RELEASE.jar:5.0.4.RELEASE]
	at org.springframework.test.context.junit4.SpringJUnit4ClassRunner.runChild(SpringJUnit4ClassRunner.java:246) [spring-test-5.0.4.RELEASE.jar:5.0.4.RELEASE]
	at org.springframework.test.context.junit4.SpringJUnit4ClassRunner.runChild(SpringJUnit4ClassRunner.java:97) [spring-test-5.0.4.RELEASE.jar:5.0.4.RELEASE]
	at org.junit.runners.ParentRunner$3.run(ParentRunner.java:290) [junit-4.12.jar:4.12]
	at org.junit.runners.ParentRunner$1.schedule(ParentRunner.java:71) [junit-4.12.jar:4.12]
	at org.junit.runners.ParentRunner.runChildren(ParentRunner.java:288) [junit-4.12.jar:4.12]
	at org.junit.runners.ParentRunner.access$000(ParentRunner.java:58) [junit-4.12.jar:4.12]
	at org.junit.runners.ParentRunner$2.evaluate(ParentRunner.java:268) [junit-4.12.jar:4.12]
	at org.springframework.test.context.junit4.statements.RunBeforeTestClassCallbacks.evaluate(RunBeforeTestClassCallbacks.java:61) [spring-test-5.0.4.RELEASE.jar:5.0.4.RELEASE]
	at org.springframework.test.context.junit4.statements.RunAfterTestClassCallbacks.evaluate(RunAfterTestClassCallbacks.java:70) [spring-test-5.0.4.RELEASE.jar:5.0.4.RELEASE]
	at org.junit.runners.ParentRunner.run(ParentRunner.java:363) [junit-4.12.jar:4.12]
	at org.springframework.test.context.junit4.SpringJUnit4ClassRunner.run(SpringJUnit4ClassRunner.java:190) [spring-test-5.0.4.RELEASE.jar:5.0.4.RELEASE]
	at org.apache.maven.surefire.junit4.JUnit4Provider.execute(JUnit4Provider.java:365) [surefire-junit4-2.21.0.jar:2.21.0]
	at org.apache.maven.surefire.junit4.JUnit4Provider.executeWithRerun(JUnit4Provider.java:273) [surefire-junit4-2.21.0.jar:2.21.0]
	at org.apache.maven.surefire.junit4.JUnit4Provider.executeTestSet(JUnit4Provider.java:238) [surefire-junit4-2.21.0.jar:2.21.0]
	at org.apache.maven.surefire.junit4.JUnit4Provider.invoke(JUnit4Provider.java:159) [surefire-junit4-2.21.0.jar:2.21.0]
	at org.apache.maven.surefire.booter.ForkedBooter.invokeProviderInSameClassLoader(ForkedBooter.java:379) [surefire-booter-2.21.0.jar:2.21.0]
	at org.apache.maven.surefire.booter.ForkedBooter.runSuitesInProcess(ForkedBooter.java:340) [surefire-booter-2.21.0.jar:2.21.0]
	at org.apache.maven.surefire.booter.ForkedBooter.execute(ForkedBooter.java:125) [surefire-booter-2.21.0.jar:2.21.0]
	at org.apache.maven.surefire.booter.ForkedBooter.main(ForkedBooter.java:413) [surefire-booter-2.21.0.jar:2.21.0]
[2018-07-28 08:59:50.742] [main] [ERROR] [org.springframework.test.context.TestContextManager] Caught exception while allowing TestExecutionListener [org.springframework.test.context.support.DependencyInjectionTestExecutionListener@30e92cb9] to prepare test instance [com.gunnarro.useraccount.service.UserAccountServiceTest@5a4c638d]
java.lang.IllegalStateException: Failed to load ApplicationContext
	at org.springframework.test.context.cache.DefaultCacheAwareContextLoaderDelegate.loadContext(DefaultCacheAwareContextLoaderDelegate.java:125) ~[spring-test-5.0.4.RELEASE.jar:5.0.4.RELEASE]
	at org.springframework.test.context.support.DefaultTestContext.getApplicationContext(DefaultTestContext.java:107) ~[spring-test-5.0.4.RELEASE.jar:5.0.4.RELEASE]
	at org.springframework.test.context.support.DependencyInjectionTestExecutionListener.injectDependencies(DependencyInjectionTestExecutionListener.java:117) ~[spring-test-5.0.4.RELEASE.jar:5.0.4.RELEASE]
	at org.springframework.test.context.support.DependencyInjectionTestExecutionListener.prepareTestInstance(DependencyInjectionTestExecutionListener.java:83) ~[spring-test-5.0.4.RELEASE.jar:5.0.4.RELEASE]
	at org.springframework.test.context.TestContextManager.prepareTestInstance(TestContextManager.java:242) [spring-test-5.0.4.RELEASE.jar:5.0.4.RELEASE]
	at org.springframework.test.context.junit4.SpringJUnit4ClassRunner.createTest(SpringJUnit4ClassRunner.java:227) [spring-test-5.0.4.RELEASE.jar:5.0.4.RELEASE]
	at org.springframework.test.context.junit4.SpringJUnit4ClassRunner$1.runReflectiveCall(SpringJUnit4ClassRunner.java:289) [spring-test-5.0.4.RELEASE.jar:5.0.4.RELEASE]
	at org.junit.internal.runners.model.ReflectiveCallable.run(ReflectiveCallable.java:12) [junit-4.12.jar:4.12]
	at org.springframework.test.context.junit4.SpringJUnit4ClassRunner.methodBlock(SpringJUnit4ClassRunner.java:291) [spring-test-5.0.4.RELEASE.jar:5.0.4.RELEASE]
	at org.springframework.test.context.junit4.SpringJUnit4ClassRunner.runChild(SpringJUnit4ClassRunner.java:246) [spring-test-5.0.4.RELEASE.jar:5.0.4.RELEASE]
	at org.springframework.test.context.junit4.SpringJUnit4ClassRunner.runChild(SpringJUnit4ClassRunner.java:97) [spring-test-5.0.4.RELEASE.jar:5.0.4.RELEASE]
	at org.junit.runners.ParentRunner$3.run(ParentRunner.java:290) [junit-4.12.jar:4.12]
	at org.junit.runners.ParentRunner$1.schedule(ParentRunner.java:71) [junit-4.12.jar:4.12]
	at org.junit.runners.ParentRunner.runChildren(ParentRunner.java:288) [junit-4.12.jar:4.12]
	at org.junit.runners.ParentRunner.access$000(ParentRunner.java:58) [junit-4.12.jar:4.12]
	at org.junit.runners.ParentRunner$2.evaluate(ParentRunner.java:268) [junit-4.12.jar:4.12]
	at org.springframework.test.context.junit4.statements.RunBeforeTestClassCallbacks.evaluate(RunBeforeTestClassCallbacks.java:61) [spring-test-5.0.4.RELEASE.jar:5.0.4.RELEASE]
	at org.springframework.test.context.junit4.statements.RunAfterTestClassCallbacks.evaluate(RunAfterTestClassCallbacks.java:70) [spring-test-5.0.4.RELEASE.jar:5.0.4.RELEASE]
	at org.junit.runners.ParentRunner.run(ParentRunner.java:363) [junit-4.12.jar:4.12]
	at org.springframework.test.context.junit4.SpringJUnit4ClassRunner.run(SpringJUnit4ClassRunner.java:190) [spring-test-5.0.4.RELEASE.jar:5.0.4.RELEASE]
	at org.apache.maven.surefire.junit4.JUnit4Provider.execute(JUnit4Provider.java:365) [surefire-junit4-2.21.0.jar:2.21.0]
	at org.apache.maven.surefire.junit4.JUnit4Provider.executeWithRerun(JUnit4Provider.java:273) [surefire-junit4-2.21.0.jar:2.21.0]
	at org.apache.maven.surefire.junit4.JUnit4Provider.executeTestSet(JUnit4Provider.java:238) [surefire-junit4-2.21.0.jar:2.21.0]
	at org.apache.maven.surefire.junit4.JUnit4Provider.invoke(JUnit4Provider.java:159) [surefire-junit4-2.21.0.jar:2.21.0]
	at org.apache.maven.surefire.booter.ForkedBooter.invokeProviderInSameClassLoader(ForkedBooter.java:379) [surefire-booter-2.21.0.jar:2.21.0]
	at org.apache.maven.surefire.booter.ForkedBooter.runSuitesInProcess(ForkedBooter.java:340) [surefire-booter-2.21.0.jar:2.21.0]
	at org.apache.maven.surefire.booter.ForkedBooter.execute(ForkedBooter.java:125) [surefire-booter-2.21.0.jar:2.21.0]
	at org.apache.maven.surefire.booter.ForkedBooter.main(ForkedBooter.java:413) [surefire-booter-2.21.0.jar:2.21.0]
Caused by: org.springframework.beans.factory.UnsatisfiedDependencyException: Error creating bean with name 'testRepositoryConfiguration': Unsatisfied dependency expressed through field 'dataSource'; nested exception is org.springframework.beans.factory.UnsatisfiedDependencyException: Error creating bean with name 'dietManagerDataSource' defined in com.gunnarro.dietmanager.config.TestMariDBDataSourceConfiguration: Unsatisfied dependency expressed through method 'dietManagerDataSource' parameter 0; nested exception is org.springframework.beans.factory.BeanCreationException: Error creating bean with name 'mariaDB4jSpringService': Invocation of init method failed; nested exception is java.lang.IllegalStateException: MariaDB4jSpringService start() failed
	at org.springframework.beans.factory.annotation.AutowiredAnnotationBeanPostProcessor$AutowiredFieldElement.inject(AutowiredAnnotationBeanPostProcessor.java:587) ~[spring-beans-5.0.7.RELEASE.jar:5.0.7.RELEASE]
	at org.springframework.beans.factory.annotation.InjectionMetadata.inject(InjectionMetadata.java:91) ~[spring-beans-5.0.7.RELEASE.jar:5.0.7.RELEASE]
	at org.springframework.beans.factory.annotation.AutowiredAnnotationBeanPostProcessor.postProcessPropertyValues(AutowiredAnnotationBeanPostProcessor.java:373) ~[spring-beans-5.0.7.RELEASE.jar:5.0.7.RELEASE]
	at org.springframework.beans.factory.support.AbstractAutowireCapableBeanFactory.populateBean(AbstractAutowireCapableBeanFactory.java:1350) ~[spring-beans-5.0.7.RELEASE.jar:5.0.7.RELEASE]
	at org.springframework.beans.factory.support.AbstractAutowireCapableBeanFactory.doCreateBean(AbstractAutowireCapableBeanFactory.java:580) ~[spring-beans-5.0.7.RELEASE.jar:5.0.7.RELEASE]
	at org.springframework.beans.factory.support.AbstractAutowireCapableBeanFactory.createBean(AbstractAutowireCapableBeanFactory.java:503) ~[spring-beans-5.0.7.RELEASE.jar:5.0.7.RELEASE]
	at org.springframework.beans.factory.support.AbstractBeanFactory.lambda$doGetBean$0(AbstractBeanFactory.java:317) ~[spring-beans-5.0.7.RELEASE.jar:5.0.7.RELEASE]
	at org.springframework.beans.factory.support.DefaultSingletonBeanRegistry.getSingleton(DefaultSingletonBeanRegistry.java:222) ~[spring-beans-5.0.7.RELEASE.jar:5.0.7.RELEASE]
	at org.springframework.beans.factory.support.AbstractBeanFactory.doGetBean(AbstractBeanFactory.java:315) ~[spring-beans-5.0.7.RELEASE.jar:5.0.7.RELEASE]
	at org.springframework.beans.factory.support.AbstractBeanFactory.getBean(AbstractBeanFactory.java:199) ~[spring-beans-5.0.7.RELEASE.jar:5.0.7.RELEASE]
	at org.springframework.beans.factory.support.DefaultListableBeanFactory.preInstantiateSingletons(DefaultListableBeanFactory.java:760) ~[spring-beans-5.0.7.RELEASE.jar:5.0.7.RELEASE]
	at org.springframework.context.support.AbstractApplicationContext.finishBeanFactoryInitialization(AbstractApplicationContext.java:869) ~[spring-context-5.0.7.RELEASE.jar:5.0.7.RELEASE]
	at org.springframework.context.support.AbstractApplicationContext.refresh(AbstractApplicationContext.java:550) ~[spring-context-5.0.7.RELEASE.jar:5.0.7.RELEASE]
	at org.springframework.test.context.support.AbstractGenericContextLoader.loadContext(AbstractGenericContextLoader.java:128) ~[spring-test-5.0.4.RELEASE.jar:5.0.4.RELEASE]
	at org.springframework.test.context.support.AbstractGenericContextLoader.loadContext(AbstractGenericContextLoader.java:60) ~[spring-test-5.0.4.RELEASE.jar:5.0.4.RELEASE]
	at org.springframework.test.context.support.AbstractDelegatingSmartContextLoader.delegateLoading(AbstractDelegatingSmartContextLoader.java:107) ~[spring-test-5.0.4.RELEASE.jar:5.0.4.RELEASE]
	at org.springframework.test.context.support.AbstractDelegatingSmartContextLoader.loadContext(AbstractDelegatingSmartContextLoader.java:243) ~[spring-test-5.0.4.RELEASE.jar:5.0.4.RELEASE]
	at org.springframework.test.context.cache.DefaultCacheAwareContextLoaderDelegate.loadContextInternal(DefaultCacheAwareContextLoaderDelegate.java:99) ~[spring-test-5.0.4.RELEASE.jar:5.0.4.RELEASE]
	at org.springframework.test.context.cache.DefaultCacheAwareContextLoaderDelegate.loadContext(DefaultCacheAwareContextLoaderDelegate.java:117) ~[spring-test-5.0.4.RELEASE.jar:5.0.4.RELEASE]
	... 27 more
Caused by: org.springframework.beans.factory.UnsatisfiedDependencyException: Error creating bean with name 'dietManagerDataSource' defined in com.gunnarro.dietmanager.config.TestMariDBDataSourceConfiguration: Unsatisfied dependency expressed through method 'dietManagerDataSource' parameter 0; nested exception is org.springframework.beans.factory.BeanCreationException: Error creating bean with name 'mariaDB4jSpringService': Invocation of init method failed; nested exception is java.lang.IllegalStateException: MariaDB4jSpringService start() failed
	at org.springframework.beans.factory.support.ConstructorResolver.createArgumentArray(ConstructorResolver.java:732) ~[spring-beans-5.0.7.RELEASE.jar:5.0.7.RELEASE]
	at org.springframework.beans.factory.support.ConstructorResolver.instantiateUsingFactoryMethod(ConstructorResolver.java:474) ~[spring-beans-5.0.7.RELEASE.jar:5.0.7.RELEASE]
	at org.springframework.beans.factory.support.AbstractAutowireCapableBeanFactory.instantiateUsingFactoryMethod(AbstractAutowireCapableBeanFactory.java:1256) ~[spring-beans-5.0.7.RELEASE.jar:5.0.7.RELEASE]
	at org.springframework.beans.factory.support.AbstractAutowireCapableBeanFactory.createBeanInstance(AbstractAutowireCapableBeanFactory.java:1105) ~[spring-beans-5.0.7.RELEASE.jar:5.0.7.RELEASE]
	at org.springframework.beans.factory.support.AbstractAutowireCapableBeanFactory.doCreateBean(AbstractAutowireCapableBeanFactory.java:543) ~[spring-beans-5.0.7.RELEASE.jar:5.0.7.RELEASE]
	at org.springframework.beans.factory.support.AbstractAutowireCapableBeanFactory.createBean(AbstractAutowireCapableBeanFactory.java:503) ~[spring-beans-5.0.7.RELEASE.jar:5.0.7.RELEASE]
	at org.springframework.beans.factory.support.AbstractBeanFactory.lambda$doGetBean$0(AbstractBeanFactory.java:317) ~[spring-beans-5.0.7.RELEASE.jar:5.0.7.RELEASE]
	at org.springframework.beans.factory.support.DefaultSingletonBeanRegistry.getSingleton(DefaultSingletonBeanRegistry.java:222) ~[spring-beans-5.0.7.RELEASE.jar:5.0.7.RELEASE]
	at org.springframework.beans.factory.support.AbstractBeanFactory.doGetBean(AbstractBeanFactory.java:315) ~[spring-beans-5.0.7.RELEASE.jar:5.0.7.RELEASE]
	at org.springframework.beans.factory.support.AbstractBeanFactory.getBean(AbstractBeanFactory.java:199) ~[spring-beans-5.0.7.RELEASE.jar:5.0.7.RELEASE]
	at org.springframework.beans.factory.config.DependencyDescriptor.resolveCandidate(DependencyDescriptor.java:251) ~[spring-beans-5.0.7.RELEASE.jar:5.0.7.RELEASE]
	at org.springframework.beans.factory.support.DefaultListableBeanFactory.doResolveDependency(DefaultListableBeanFactory.java:1138) ~[spring-beans-5.0.7.RELEASE.jar:5.0.7.RELEASE]
	at org.springframework.beans.factory.support.DefaultListableBeanFactory.resolveDependency(DefaultListableBeanFactory.java:1065) ~[spring-beans-5.0.7.RELEASE.jar:5.0.7.RELEASE]
	at org.springframework.beans.factory.annotation.AutowiredAnnotationBeanPostProcessor$AutowiredFieldElement.inject(AutowiredAnnotationBeanPostProcessor.java:584) ~[spring-beans-5.0.7.RELEASE.jar:5.0.7.RELEASE]
	at org.springframework.beans.factory.annotation.InjectionMetadata.inject(InjectionMetadata.java:91) ~[spring-beans-5.0.7.RELEASE.jar:5.0.7.RELEASE]
	at org.springframework.beans.factory.annotation.AutowiredAnnotationBeanPostProcessor.postProcessPropertyValues(AutowiredAnnotationBeanPostProcessor.java:373) ~[spring-beans-5.0.7.RELEASE.jar:5.0.7.RELEASE]
	at org.springframework.beans.factory.support.AbstractAutowireCapableBeanFactory.populateBean(AbstractAutowireCapableBeanFactory.java:1350) ~[spring-beans-5.0.7.RELEASE.jar:5.0.7.RELEASE]
	at org.springframework.beans.factory.support.AbstractAutowireCapableBeanFactory.doCreateBean(AbstractAutowireCapableBeanFactory.java:580) ~[spring-beans-5.0.7.RELEASE.jar:5.0.7.RELEASE]
	at org.springframework.beans.factory.support.AbstractAutowireCapableBeanFactory.createBean(AbstractAutowireCapableBeanFactory.java:503) ~[spring-beans-5.0.7.RELEASE.jar:5.0.7.RELEASE]
	at org.springframework.beans.factory.support.AbstractBeanFactory.lambda$doGetBean$0(AbstractBeanFactory.java:317) ~[spring-beans-5.0.7.RELEASE.jar:5.0.7.RELEASE]
	at org.springframework.beans.factory.support.DefaultSingletonBeanRegistry.getSingleton(DefaultSingletonBeanRegistry.java:222) ~[spring-beans-5.0.7.RELEASE.jar:5.0.7.RELEASE]
	at org.springframework.beans.factory.support.AbstractBeanFactory.doGetBean(AbstractBeanFactory.java:315) ~[spring-beans-5.0.7.RELEASE.jar:5.0.7.RELEASE]
	at org.springframework.beans.factory.support.AbstractBeanFactory.getBean(AbstractBeanFactory.java:199) ~[spring-beans-5.0.7.RELEASE.jar:5.0.7.RELEASE]
	at org.springframework.beans.factory.support.DefaultListableBeanFactory.preInstantiateSingletons(DefaultListableBeanFactory.java:760) ~[spring-beans-5.0.7.RELEASE.jar:5.0.7.RELEASE]
	at org.springframework.context.support.AbstractApplicationContext.finishBeanFactoryInitialization(AbstractApplicationContext.java:869) ~[spring-context-5.0.7.RELEASE.jar:5.0.7.RELEASE]
	at org.springframework.context.support.AbstractApplicationContext.refresh(AbstractApplicationContext.java:550) ~[spring-context-5.0.7.RELEASE.jar:5.0.7.RELEASE]
	at org.springframework.test.context.support.AbstractGenericContextLoader.loadContext(AbstractGenericContextLoader.java:128) ~[spring-test-5.0.4.RELEASE.jar:5.0.4.RELEASE]
	at org.springframework.test.context.support.AbstractGenericContextLoader.loadContext(AbstractGenericContextLoader.java:60) ~[spring-test-5.0.4.RELEASE.jar:5.0.4.RELEASE]
	at org.springframework.test.context.support.AbstractDelegatingSmartContextLoader.delegateLoading(AbstractDelegatingSmartContextLoader.java:107) ~[spring-test-5.0.4.RELEASE.jar:5.0.4.RELEASE]
	at org.springframework.test.context.support.AbstractDelegatingSmartContextLoader.loadContext(AbstractDelegatingSmartContextLoader.java:243) ~[spring-test-5.0.4.RELEASE.jar:5.0.4.RELEASE]
	at org.springframework.test.context.cache.DefaultCacheAwareContextLoaderDelegate.loadContextInternal(DefaultCacheAwareContextLoaderDelegate.java:99) ~[spring-test-5.0.4.RELEASE.jar:5.0.4.RELEASE]
	at org.springframework.test.context.cache.DefaultCacheAwareContextLoaderDelegate.loadContext(DefaultCacheAwareContextLoaderDelegate.java:117) ~[spring-test-5.0.4.RELEASE.jar:5.0.4.RELEASE]
	... 27 more
Caused by: org.springframework.beans.factory.BeanCreationException: Error creating bean with name 'mariaDB4jSpringService': Invocation of init method failed; nested exception is java.lang.IllegalStateException: MariaDB4jSpringService start() failed
	at org.springframework.beans.factory.annotation.InitDestroyAnnotationBeanPostProcessor.postProcessBeforeInitialization(InitDestroyAnnotationBeanPostProcessor.java:138) ~[spring-beans-5.0.7.RELEASE.jar:5.0.7.RELEASE]
	at org.springframework.beans.factory.support.AbstractAutowireCapableBeanFactory.applyBeanPostProcessorsBeforeInitialization(AbstractAutowireCapableBeanFactory.java:424) ~[spring-beans-5.0.7.RELEASE.jar:5.0.7.RELEASE]
	at org.springframework.beans.factory.support.AbstractAutowireCapableBeanFactory.initializeBean(AbstractAutowireCapableBeanFactory.java:1700) ~[spring-beans-5.0.7.RELEASE.jar:5.0.7.RELEASE]
	at org.springframework.beans.factory.support.AbstractAutowireCapableBeanFactory.doCreateBean(AbstractAutowireCapableBeanFactory.java:581) ~[spring-beans-5.0.7.RELEASE.jar:5.0.7.RELEASE]
	at org.springframework.beans.factory.support.AbstractAutowireCapableBeanFactory.createBean(AbstractAutowireCapableBeanFactory.java:503) ~[spring-beans-5.0.7.RELEASE.jar:5.0.7.RELEASE]
	at org.springframework.beans.factory.support.AbstractBeanFactory.lambda$doGetBean$0(AbstractBeanFactory.java:317) ~[spring-beans-5.0.7.RELEASE.jar:5.0.7.RELEASE]
	at org.springframework.beans.factory.support.DefaultSingletonBeanRegistry.getSingleton(DefaultSingletonBeanRegistry.java:222) ~[spring-beans-5.0.7.RELEASE.jar:5.0.7.RELEASE]
	at org.springframework.beans.factory.support.AbstractBeanFactory.doGetBean(AbstractBeanFactory.java:315) ~[spring-beans-5.0.7.RELEASE.jar:5.0.7.RELEASE]
	at org.springframework.beans.factory.support.AbstractBeanFactory.getBean(AbstractBeanFactory.java:199) ~[spring-beans-5.0.7.RELEASE.jar:5.0.7.RELEASE]
	at org.springframework.beans.factory.config.DependencyDescriptor.resolveCandidate(DependencyDescriptor.java:251) ~[spring-beans-5.0.7.RELEASE.jar:5.0.7.RELEASE]
	at org.springframework.beans.factory.support.DefaultListableBeanFactory.doResolveDependency(DefaultListableBeanFactory.java:1138) ~[spring-beans-5.0.7.RELEASE.jar:5.0.7.RELEASE]
	at org.springframework.beans.factory.support.DefaultListableBeanFactory.resolveDependency(DefaultListableBeanFactory.java:1065) ~[spring-beans-5.0.7.RELEASE.jar:5.0.7.RELEASE]
	at org.springframework.beans.factory.support.ConstructorResolver.resolveAutowiredArgument(ConstructorResolver.java:818) ~[spring-beans-5.0.7.RELEASE.jar:5.0.7.RELEASE]
	at org.springframework.beans.factory.support.ConstructorResolver.createArgumentArray(ConstructorResolver.java:724) ~[spring-beans-5.0.7.RELEASE.jar:5.0.7.RELEASE]
	at org.springframework.beans.factory.support.ConstructorResolver.instantiateUsingFactoryMethod(ConstructorResolver.java:474) ~[spring-beans-5.0.7.RELEASE.jar:5.0.7.RELEASE]
	at org.springframework.beans.factory.support.AbstractAutowireCapableBeanFactory.instantiateUsingFactoryMethod(AbstractAutowireCapableBeanFactory.java:1256) ~[spring-beans-5.0.7.RELEASE.jar:5.0.7.RELEASE]
	at org.springframework.beans.factory.support.AbstractAutowireCapableBeanFactory.createBeanInstance(AbstractAutowireCapableBeanFactory.java:1105) ~[spring-beans-5.0.7.RELEASE.jar:5.0.7.RELEASE]
	at org.springframework.beans.factory.support.AbstractAutowireCapableBeanFactory.doCreateBean(AbstractAutowireCapableBeanFactory.java:543) ~[spring-beans-5.0.7.RELEASE.jar:5.0.7.RELEASE]
	at org.springframework.beans.factory.support.AbstractAutowireCapableBeanFactory.createBean(AbstractAutowireCapableBeanFactory.java:503) ~[spring-beans-5.0.7.RELEASE.jar:5.0.7.RELEASE]
	at org.springframework.beans.factory.support.AbstractBeanFactory.lambda$doGetBean$0(AbstractBeanFactory.java:317) ~[spring-beans-5.0.7.RELEASE.jar:5.0.7.RELEASE]
	at org.springframework.beans.factory.support.DefaultSingletonBeanRegistry.getSingleton(DefaultSingletonBeanRegistry.java:222) ~[spring-beans-5.0.7.RELEASE.jar:5.0.7.RELEASE]
	at org.springframework.beans.factory.support.AbstractBeanFactory.doGetBean(AbstractBeanFactory.java:315) ~[spring-beans-5.0.7.RELEASE.jar:5.0.7.RELEASE]
	at org.springframework.beans.factory.support.AbstractBeanFactory.getBean(AbstractBeanFactory.java:199) ~[spring-beans-5.0.7.RELEASE.jar:5.0.7.RELEASE]
	at org.springframework.beans.factory.config.DependencyDescriptor.resolveCandidate(DependencyDescriptor.java:251) ~[spring-beans-5.0.7.RELEASE.jar:5.0.7.RELEASE]
	at org.springframework.beans.factory.support.DefaultListableBeanFactory.doResolveDependency(DefaultListableBeanFactory.java:1138) ~[spring-beans-5.0.7.RELEASE.jar:5.0.7.RELEASE]
	at org.springframework.beans.factory.support.DefaultListableBeanFactory.resolveDependency(DefaultListableBeanFactory.java:1065) ~[spring-beans-5.0.7.RELEASE.jar:5.0.7.RELEASE]
	at org.springframework.beans.factory.annotation.AutowiredAnnotationBeanPostProcessor$AutowiredFieldElement.inject(AutowiredAnnotationBeanPostProcessor.java:584) ~[spring-beans-5.0.7.RELEASE.jar:5.0.7.RELEASE]
	at org.springframework.beans.factory.annotation.InjectionMetadata.inject(InjectionMetadata.java:91) ~[spring-beans-5.0.7.RELEASE.jar:5.0.7.RELEASE]
	at org.springframework.beans.factory.annotation.AutowiredAnnotationBeanPostProcessor.postProcessPropertyValues(AutowiredAnnotationBeanPostProcessor.java:373) ~[spring-beans-5.0.7.RELEASE.jar:5.0.7.RELEASE]
	at org.springframework.beans.factory.support.AbstractAutowireCapableBeanFactory.populateBean(AbstractAutowireCapableBeanFactory.java:1350) ~[spring-beans-5.0.7.RELEASE.jar:5.0.7.RELEASE]
	at org.springframework.beans.factory.support.AbstractAutowireCapableBeanFactory.doCreateBean(AbstractAutowireCapableBeanFactory.java:580) ~[spring-beans-5.0.7.RELEASE.jar:5.0.7.RELEASE]
	at org.springframework.beans.factory.support.AbstractAutowireCapableBeanFactory.createBean(AbstractAutowireCapableBeanFactory.java:503) ~[spring-beans-5.0.7.RELEASE.jar:5.0.7.RELEASE]
	at org.springframework.beans.factory.support.AbstractBeanFactory.lambda$doGetBean$0(AbstractBeanFactory.java:317) ~[spring-beans-5.0.7.RELEASE.jar:5.0.7.RELEASE]
	at org.springframework.beans.factory.support.DefaultSingletonBeanRegistry.getSingleton(DefaultSingletonBeanRegistry.java:222) ~[spring-beans-5.0.7.RELEASE.jar:5.0.7.RELEASE]
	at org.springframework.beans.factory.support.AbstractBeanFactory.doGetBean(AbstractBeanFactory.java:315) ~[spring-beans-5.0.7.RELEASE.jar:5.0.7.RELEASE]
	at org.springframework.beans.factory.support.AbstractBeanFactory.getBean(AbstractBeanFactory.java:199) ~[spring-beans-5.0.7.RELEASE.jar:5.0.7.RELEASE]
	at org.springframework.beans.factory.support.DefaultListableBeanFactory.preInstantiateSingletons(DefaultListableBeanFactory.java:760) ~[spring-beans-5.0.7.RELEASE.jar:5.0.7.RELEASE]
	at org.springframework.context.support.AbstractApplicationContext.finishBeanFactoryInitialization(AbstractApplicationContext.java:869) ~[spring-context-5.0.7.RELEASE.jar:5.0.7.RELEASE]
	at org.springframework.context.support.AbstractApplicationContext.refresh(AbstractApplicationContext.java:550) ~[spring-context-5.0.7.RELEASE.jar:5.0.7.RELEASE]
	at org.springframework.test.context.support.AbstractGenericContextLoader.loadContext(AbstractGenericContextLoader.java:128) ~[spring-test-5.0.4.RELEASE.jar:5.0.4.RELEASE]
	at org.springframework.test.context.support.AbstractGenericContextLoader.loadContext(AbstractGenericContextLoader.java:60) ~[spring-test-5.0.4.RELEASE.jar:5.0.4.RELEASE]
	at org.springframework.test.context.support.AbstractDelegatingSmartContextLoader.delegateLoading(AbstractDelegatingSmartContextLoader.java:107) ~[spring-test-5.0.4.RELEASE.jar:5.0.4.RELEASE]
	at org.springframework.test.context.support.AbstractDelegatingSmartContextLoader.loadContext(AbstractDelegatingSmartContextLoader.java:243) ~[spring-test-5.0.4.RELEASE.jar:5.0.4.RELEASE]
	at org.springframework.test.context.cache.DefaultCacheAwareContextLoaderDelegate.loadContextInternal(DefaultCacheAwareContextLoaderDelegate.java:99) ~[spring-test-5.0.4.RELEASE.jar:5.0.4.RELEASE]
	at org.springframework.test.context.cache.DefaultCacheAwareContextLoaderDelegate.loadContext(DefaultCacheAwareContextLoaderDelegate.java:117) ~[spring-test-5.0.4.RELEASE.jar:5.0.4.RELEASE]
	... 27 more
Caused by: java.lang.IllegalStateException: MariaDB4jSpringService start() failed
	at ch.vorburger.mariadb4j.springframework.MariaDB4jSpringService.start(MariaDB4jSpringService.java:99) ~[mariaDB4j-core-2.2.3.jar:?]
	at sun.reflect.NativeMethodAccessorImpl.invoke0(Native Method) ~[?:1.8.0_121]
	at sun.reflect.NativeMethodAccessorImpl.invoke(NativeMethodAccessorImpl.java:62) ~[?:1.8.0_121]
	at sun.reflect.DelegatingMethodAccessorImpl.invoke(DelegatingMethodAccessorImpl.java:43) ~[?:1.8.0_121]
	at java.lang.reflect.Method.invoke(Method.java:498) ~[?:1.8.0_121]
	at org.springframework.beans.factory.annotation.InitDestroyAnnotationBeanPostProcessor$LifecycleElement.invoke(InitDestroyAnnotationBeanPostProcessor.java:365) ~[spring-beans-5.0.7.RELEASE.jar:5.0.7.RELEASE]
	at org.springframework.beans.factory.annotation.InitDestroyAnnotationBeanPostProcessor$LifecycleMetadata.invokeInitMethods(InitDestroyAnnotationBeanPostProcessor.java:308) ~[spring-beans-5.0.7.RELEASE.jar:5.0.7.RELEASE]
	at org.springframework.beans.factory.annotation.InitDestroyAnnotationBeanPostProcessor.postProcessBeforeInitialization(InitDestroyAnnotationBeanPostProcessor.java:135) ~[spring-beans-5.0.7.RELEASE.jar:5.0.7.RELEASE]
	at org.springframework.beans.factory.support.AbstractAutowireCapableBeanFactory.applyBeanPostProcessorsBeforeInitialization(AbstractAutowireCapableBeanFactory.java:424) ~[spring-beans-5.0.7.RELEASE.jar:5.0.7.RELEASE]
	at org.springframework.beans.factory.support.AbstractAutowireCapableBeanFactory.initializeBean(AbstractAutowireCapableBeanFactory.java:1700) ~[spring-beans-5.0.7.RELEASE.jar:5.0.7.RELEASE]
	at org.springframework.beans.factory.support.AbstractAutowireCapableBeanFactory.doCreateBean(AbstractAutowireCapableBeanFactory.java:581) ~[spring-beans-5.0.7.RELEASE.jar:5.0.7.RELEASE]
	at org.springframework.beans.factory.support.AbstractAutowireCapableBeanFactory.createBean(AbstractAutowireCapableBeanFactory.java:503) ~[spring-beans-5.0.7.RELEASE.jar:5.0.7.RELEASE]
	at org.springframework.beans.factory.support.AbstractBeanFactory.lambda$doGetBean$0(AbstractBeanFactory.java:317) ~[spring-beans-5.0.7.RELEASE.jar:5.0.7.RELEASE]
	at org.springframework.beans.factory.support.DefaultSingletonBeanRegistry.getSingleton(DefaultSingletonBeanRegistry.java:222) ~[spring-beans-5.0.7.RELEASE.jar:5.0.7.RELEASE]
	at org.springframework.beans.factory.support.AbstractBeanFactory.doGetBean(AbstractBeanFactory.java:315) ~[spring-beans-5.0.7.RELEASE.jar:5.0.7.RELEASE]
	at org.springframework.beans.factory.support.AbstractBeanFactory.getBean(AbstractBeanFactory.java:199) ~[spring-beans-5.0.7.RELEASE.jar:5.0.7.RELEASE]
	at org.springframework.beans.factory.config.DependencyDescriptor.resolveCandidate(DependencyDescriptor.java:251) ~[spring-beans-5.0.7.RELEASE.jar:5.0.7.RELEASE]
	at org.springframework.beans.factory.support.DefaultListableBeanFactory.doResolveDependency(DefaultListableBeanFactory.java:1138) ~[spring-beans-5.0.7.RELEASE.jar:5.0.7.RELEASE]
	at org.springframework.beans.factory.support.DefaultListableBeanFactory.resolveDependency(DefaultListableBeanFactory.java:1065) ~[spring-beans-5.0.7.RELEASE.jar:5.0.7.RELEASE]
	at org.springframework.beans.factory.support.ConstructorResolver.resolveAutowiredArgument(ConstructorResolver.java:818) ~[spring-beans-5.0.7.RELEASE.jar:5.0.7.RELEASE]
	at org.springframework.beans.factory.support.ConstructorResolver.createArgumentArray(ConstructorResolver.java:724) ~[spring-beans-5.0.7.RELEASE.jar:5.0.7.RELEASE]
	at org.springframework.beans.factory.support.ConstructorResolver.instantiateUsingFactoryMethod(ConstructorResolver.java:474) ~[spring-beans-5.0.7.RELEASE.jar:5.0.7.RELEASE]
	at org.springframework.beans.factory.support.AbstractAutowireCapableBeanFactory.instantiateUsingFactoryMethod(AbstractAutowireCapableBeanFactory.java:1256) ~[spring-beans-5.0.7.RELEASE.jar:5.0.7.RELEASE]
	at org.springframework.beans.factory.support.AbstractAutowireCapableBeanFactory.createBeanInstance(AbstractAutowireCapableBeanFactory.java:1105) ~[spring-beans-5.0.7.RELEASE.jar:5.0.7.RELEASE]
	at org.springframework.beans.factory.support.AbstractAutowireCapableBeanFactory.doCreateBean(AbstractAutowireCapableBeanFactory.java:543) ~[spring-beans-5.0.7.RELEASE.jar:5.0.7.RELEASE]
	at org.springframework.beans.factory.support.AbstractAutowireCapableBeanFactory.createBean(AbstractAutowireCapableBeanFactory.java:503) ~[spring-beans-5.0.7.RELEASE.jar:5.0.7.RELEASE]
	at org.springframework.beans.factory.support.AbstractBeanFactory.lambda$doGetBean$0(AbstractBeanFactory.java:317) ~[spring-beans-5.0.7.RELEASE.jar:5.0.7.RELEASE]
	at org.springframework.beans.factory.support.DefaultSingletonBeanRegistry.getSingleton(DefaultSingletonBeanRegistry.java:222) ~[spring-beans-5.0.7.RELEASE.jar:5.0.7.RELEASE]
	at org.springframework.beans.factory.support.AbstractBeanFactory.doGetBean(AbstractBeanFactory.java:315) ~[spring-beans-5.0.7.RELEASE.jar:5.0.7.RELEASE]
	at org.springframework.beans.factory.support.AbstractBeanFactory.getBean(AbstractBeanFactory.java:199) ~[spring-beans-5.0.7.RELEASE.jar:5.0.7.RELEASE]
	at org.springframework.beans.factory.config.DependencyDescriptor.resolveCandidate(DependencyDescriptor.java:251) ~[spring-beans-5.0.7.RELEASE.jar:5.0.7.RELEASE]
	at org.springframework.beans.factory.support.DefaultListableBeanFactory.doResolveDependency(DefaultListableBeanFactory.java:1138) ~[spring-beans-5.0.7.RELEASE.jar:5.0.7.RELEASE]
	at org.springframework.beans.factory.support.DefaultListableBeanFactory.resolveDependency(DefaultListableBeanFactory.java:1065) ~[spring-beans-5.0.7.RELEASE.jar:5.0.7.RELEASE]
	at org.springframework.beans.factory.annotation.AutowiredAnnotationBeanPostProcessor$AutowiredFieldElement.inject(AutowiredAnnotationBeanPostProcessor.java:584) ~[spring-beans-5.0.7.RELEASE.jar:5.0.7.RELEASE]
	at org.springframework.beans.factory.annotation.InjectionMetadata.inject(InjectionMetadata.java:91) ~[spring-beans-5.0.7.RELEASE.jar:5.0.7.RELEASE]
	at org.springframework.beans.factory.annotation.AutowiredAnnotationBeanPostProcessor.postProcessPropertyValues(AutowiredAnnotationBeanPostProcessor.java:373) ~[spring-beans-5.0.7.RELEASE.jar:5.0.7.RELEASE]
	at org.springframework.beans.factory.support.AbstractAutowireCapableBeanFactory.populateBean(AbstractAutowireCapableBeanFactory.java:1350) ~[spring-beans-5.0.7.RELEASE.jar:5.0.7.RELEASE]
	at org.springframework.beans.factory.support.AbstractAutowireCapableBeanFactory.doCreateBean(AbstractAutowireCapableBeanFactory.java:580) ~[spring-beans-5.0.7.RELEASE.jar:5.0.7.RELEASE]
	at org.springframework.beans.factory.support.AbstractAutowireCapableBeanFactory.createBean(AbstractAutowireCapableBeanFactory.java:503) ~[spring-beans-5.0.7.RELEASE.jar:5.0.7.RELEASE]
	at org.springframework.beans.factory.support.AbstractBeanFactory.lambda$doGetBean$0(AbstractBeanFactory.java:317) ~[spring-beans-5.0.7.RELEASE.jar:5.0.7.RELEASE]
	at org.springframework.beans.factory.support.DefaultSingletonBeanRegistry.getSingleton(DefaultSingletonBeanRegistry.java:222) ~[spring-beans-5.0.7.RELEASE.jar:5.0.7.RELEASE]
	at org.springframework.beans.factory.support.AbstractBeanFactory.doGetBean(AbstractBeanFactory.java:315) ~[spring-beans-5.0.7.RELEASE.jar:5.0.7.RELEASE]
	at org.springframework.beans.factory.support.AbstractBeanFactory.getBean(AbstractBeanFactory.java:199) ~[spring-beans-5.0.7.RELEASE.jar:5.0.7.RELEASE]
	at org.springframework.beans.factory.support.DefaultListableBeanFactory.preInstantiateSingletons(DefaultListableBeanFactory.java:760) ~[spring-beans-5.0.7.RELEASE.jar:5.0.7.RELEASE]
	at org.springframework.context.support.AbstractApplicationContext.finishBeanFactoryInitialization(AbstractApplicationContext.java:869) ~[spring-context-5.0.7.RELEASE.jar:5.0.7.RELEASE]
	at org.springframework.context.support.AbstractApplicationContext.refresh(AbstractApplicationContext.java:550) ~[spring-context-5.0.7.RELEASE.jar:5.0.7.RELEASE]
	at org.springframework.test.context.support.AbstractGenericContextLoader.loadContext(AbstractGenericContextLoader.java:128) ~[spring-test-5.0.4.RELEASE.jar:5.0.4.RELEASE]
	at org.springframework.test.context.support.AbstractGenericContextLoader.loadContext(AbstractGenericContextLoader.java:60) ~[spring-test-5.0.4.RELEASE.jar:5.0.4.RELEASE]
	at org.springframework.test.context.support.AbstractDelegatingSmartContextLoader.delegateLoading(AbstractDelegatingSmartContextLoader.java:107) ~[spring-test-5.0.4.RELEASE.jar:5.0.4.RELEASE]
	at org.springframework.test.context.support.AbstractDelegatingSmartContextLoader.loadContext(AbstractDelegatingSmartContextLoader.java:243) ~[spring-test-5.0.4.RELEASE.jar:5.0.4.RELEASE]
	at org.springframework.test.context.cache.DefaultCacheAwareContextLoaderDelegate.loadContextInternal(DefaultCacheAwareContextLoaderDelegate.java:99) ~[spring-test-5.0.4.RELEASE.jar:5.0.4.RELEASE]
	at org.springframework.test.context.cache.DefaultCacheAwareContextLoaderDelegate.loadContext(DefaultCacheAwareContextLoaderDelegate.java:117) ~[spring-test-5.0.4.RELEASE.jar:5.0.4.RELEASE]
	... 27 more
Caused by: ch.vorburger.exec.ManagedProcessException: An error occurred while starting the database
	at ch.vorburger.mariadb4j.DB.start(DB.java:151) ~[mariaDB4j-core-2.2.3.jar:?]
	at ch.vorburger.mariadb4j.MariaDB4jService.start(MariaDB4jService.java:67) ~[mariaDB4j-core-2.2.3.jar:?]
	at ch.vorburger.mariadb4j.springframework.MariaDB4jSpringService.start(MariaDB4jSpringService.java:96) ~[mariaDB4j-core-2.2.3.jar:?]
	at sun.reflect.NativeMethodAccessorImpl.invoke0(Native Method) ~[?:1.8.0_121]
	at sun.reflect.NativeMethodAccessorImpl.invoke(NativeMethodAccessorImpl.java:62) ~[?:1.8.0_121]
	at sun.reflect.DelegatingMethodAccessorImpl.invoke(DelegatingMethodAccessorImpl.java:43) ~[?:1.8.0_121]
	at java.lang.reflect.Method.invoke(Method.java:498) ~[?:1.8.0_121]
	at org.springframework.beans.factory.annotation.InitDestroyAnnotationBeanPostProcessor$LifecycleElement.invoke(InitDestroyAnnotationBeanPostProcessor.java:365) ~[spring-beans-5.0.7.RELEASE.jar:5.0.7.RELEASE]
	at org.springframework.beans.factory.annotation.InitDestroyAnnotationBeanPostProcessor$LifecycleMetadata.invokeInitMethods(InitDestroyAnnotationBeanPostProcessor.java:308) ~[spring-beans-5.0.7.RELEASE.jar:5.0.7.RELEASE]
	at org.springframework.beans.factory.annotation.InitDestroyAnnotationBeanPostProcessor.postProcessBeforeInitialization(InitDestroyAnnotationBeanPostProcessor.java:135) ~[spring-beans-5.0.7.RELEASE.jar:5.0.7.RELEASE]
	at org.springframework.beans.factory.support.AbstractAutowireCapableBeanFactory.applyBeanPostProcessorsBeforeInitialization(AbstractAutowireCapableBeanFactory.java:424) ~[spring-beans-5.0.7.RELEASE.jar:5.0.7.RELEASE]
	at org.springframework.beans.factory.support.AbstractAutowireCapableBeanFactory.initializeBean(AbstractAutowireCapableBeanFactory.java:1700) ~[spring-beans-5.0.7.RELEASE.jar:5.0.7.RELEASE]
	at org.springframework.beans.factory.support.AbstractAutowireCapableBeanFactory.doCreateBean(AbstractAutowireCapableBeanFactory.java:581) ~[spring-beans-5.0.7.RELEASE.jar:5.0.7.RELEASE]
	at org.springframework.beans.factory.support.AbstractAutowireCapableBeanFactory.createBean(AbstractAutowireCapableBeanFactory.java:503) ~[spring-beans-5.0.7.RELEASE.jar:5.0.7.RELEASE]
	at org.springframework.beans.factory.support.AbstractBeanFactory.lambda$doGetBean$0(AbstractBeanFactory.java:317) ~[spring-beans-5.0.7.RELEASE.jar:5.0.7.RELEASE]
	at org.springframework.beans.factory.support.DefaultSingletonBeanRegistry.getSingleton(DefaultSingletonBeanRegistry.java:222) ~[spring-beans-5.0.7.RELEASE.jar:5.0.7.RELEASE]
	at org.springframework.beans.factory.support.AbstractBeanFactory.doGetBean(AbstractBeanFactory.java:315) ~[spring-beans-5.0.7.RELEASE.jar:5.0.7.RELEASE]
	at org.springframework.beans.factory.support.AbstractBeanFactory.getBean(AbstractBeanFactory.java:199) ~[spring-beans-5.0.7.RELEASE.jar:5.0.7.RELEASE]
	at org.springframework.beans.factory.config.DependencyDescriptor.resolveCandidate(DependencyDescriptor.java:251) ~[spring-beans-5.0.7.RELEASE.jar:5.0.7.RELEASE]
	at org.springframework.beans.factory.support.DefaultListableBeanFactory.doResolveDependency(DefaultListableBeanFactory.java:1138) ~[spring-beans-5.0.7.RELEASE.jar:5.0.7.RELEASE]
	at org.springframework.beans.factory.support.DefaultListableBeanFactory.resolveDependency(DefaultListableBeanFactory.java:1065) ~[spring-beans-5.0.7.RELEASE.jar:5.0.7.RELEASE]
	at org.springframework.beans.factory.support.ConstructorResolver.resolveAutowiredArgument(ConstructorResolver.java:818) ~[spring-beans-5.0.7.RELEASE.jar:5.0.7.RELEASE]
	at org.springframework.beans.factory.support.ConstructorResolver.createArgumentArray(ConstructorResolver.java:724) ~[spring-beans-5.0.7.RELEASE.jar:5.0.7.RELEASE]
	at org.springframework.beans.factory.support.ConstructorResolver.instantiateUsingFactoryMethod(ConstructorResolver.java:474) ~[spring-beans-5.0.7.RELEASE.jar:5.0.7.RELEASE]
	at org.springframework.beans.factory.support.AbstractAutowireCapableBeanFactory.instantiateUsingFactoryMethod(AbstractAutowireCapableBeanFactory.java:1256) ~[spring-beans-5.0.7.RELEASE.jar:5.0.7.RELEASE]
	at org.springframework.beans.factory.support.AbstractAutowireCapableBeanFactory.createBeanInstance(AbstractAutowireCapableBeanFactory.java:1105) ~[spring-beans-5.0.7.RELEASE.jar:5.0.7.RELEASE]
	at org.springframework.beans.factory.support.AbstractAutowireCapableBeanFactory.doCreateBean(AbstractAutowireCapableBeanFactory.java:543) ~[spring-beans-5.0.7.RELEASE.jar:5.0.7.RELEASE]
	at org.springframework.beans.factory.support.AbstractAutowireCapableBeanFactory.createBean(AbstractAutowireCapableBeanFactory.java:503) ~[spring-beans-5.0.7.RELEASE.jar:5.0.7.RELEASE]
	at org.springframework.beans.factory.support.AbstractBeanFactory.lambda$doGetBean$0(AbstractBeanFactory.java:317) ~[spring-beans-5.0.7.RELEASE.jar:5.0.7.RELEASE]
	at org.springframework.beans.factory.support.DefaultSingletonBeanRegistry.getSingleton(DefaultSingletonBeanRegistry.java:222) ~[spring-beans-5.0.7.RELEASE.jar:5.0.7.RELEASE]
	at org.springframework.beans.factory.support.AbstractBeanFactory.doGetBean(AbstractBeanFactory.java:315) ~[spring-beans-5.0.7.RELEASE.jar:5.0.7.RELEASE]
	at org.springframework.beans.factory.support.AbstractBeanFactory.getBean(AbstractBeanFactory.java:199) ~[spring-beans-5.0.7.RELEASE.jar:5.0.7.RELEASE]
	at org.springframework.beans.factory.config.DependencyDescriptor.resolveCandidate(DependencyDescriptor.java:251) ~[spring-beans-5.0.7.RELEASE.jar:5.0.7.RELEASE]
	at org.springframework.beans.factory.support.DefaultListableBeanFactory.doResolveDependency(DefaultListableBeanFactory.java:1138) ~[spring-beans-5.0.7.RELEASE.jar:5.0.7.RELEASE]
	at org.springframework.beans.factory.support.DefaultListableBeanFactory.resolveDependency(DefaultListableBeanFactory.java:1065) ~[spring-beans-5.0.7.RELEASE.jar:5.0.7.RELEASE]
	at org.springframework.beans.factory.annotation.AutowiredAnnotationBeanPostProcessor$AutowiredFieldElement.inject(AutowiredAnnotationBeanPostProcessor.java:584) ~[spring-beans-5.0.7.RELEASE.jar:5.0.7.RELEASE]
	at org.springframework.beans.factory.annotation.InjectionMetadata.inject(InjectionMetadata.java:91) ~[spring-beans-5.0.7.RELEASE.jar:5.0.7.RELEASE]
	at org.springframework.beans.factory.annotation.AutowiredAnnotationBeanPostProcessor.postProcessPropertyValues(AutowiredAnnotationBeanPostProcessor.java:373) ~[spring-beans-5.0.7.RELEASE.jar:5.0.7.RELEASE]
	at org.springframework.beans.factory.support.AbstractAutowireCapableBeanFactory.populateBean(AbstractAutowireCapableBeanFactory.java:1350) ~[spring-beans-5.0.7.RELEASE.jar:5.0.7.RELEASE]
	at org.springframework.beans.factory.support.AbstractAutowireCapableBeanFactory.doCreateBean(AbstractAutowireCapableBeanFactory.java:580) ~[spring-beans-5.0.7.RELEASE.jar:5.0.7.RELEASE]
	at org.springframework.beans.factory.support.AbstractAutowireCapableBeanFactory.createBean(AbstractAutowireCapableBeanFactory.java:503) ~[spring-beans-5.0.7.RELEASE.jar:5.0.7.RELEASE]
	at org.springframework.beans.factory.support.AbstractBeanFactory.lambda$doGetBean$0(AbstractBeanFactory.java:317) ~[spring-beans-5.0.7.RELEASE.jar:5.0.7.RELEASE]
	at org.springframework.beans.factory.support.DefaultSingletonBeanRegistry.getSingleton(DefaultSingletonBeanRegistry.java:222) ~[spring-beans-5.0.7.RELEASE.jar:5.0.7.RELEASE]
	at org.springframework.beans.factory.support.AbstractBeanFactory.doGetBean(AbstractBeanFactory.java:315) ~[spring-beans-5.0.7.RELEASE.jar:5.0.7.RELEASE]
	at org.springframework.beans.factory.support.AbstractBeanFactory.getBean(AbstractBeanFactory.java:199) ~[spring-beans-5.0.7.RELEASE.jar:5.0.7.RELEASE]
	at org.springframework.beans.factory.support.DefaultListableBeanFactory.preInstantiateSingletons(DefaultListableBeanFactory.java:760) ~[spring-beans-5.0.7.RELEASE.jar:5.0.7.RELEASE]
	at org.springframework.context.support.AbstractApplicationContext.finishBeanFactoryInitialization(AbstractApplicationContext.java:869) ~[spring-context-5.0.7.RELEASE.jar:5.0.7.RELEASE]
	at org.springframework.context.support.AbstractApplicationContext.refresh(AbstractApplicationContext.java:550) ~[spring-context-5.0.7.RELEASE.jar:5.0.7.RELEASE]
	at org.springframework.test.context.support.AbstractGenericContextLoader.loadContext(AbstractGenericContextLoader.java:128) ~[spring-test-5.0.4.RELEASE.jar:5.0.4.RELEASE]
	at org.springframework.test.context.support.AbstractGenericContextLoader.loadContext(AbstractGenericContextLoader.java:60) ~[spring-test-5.0.4.RELEASE.jar:5.0.4.RELEASE]
	at org.springframework.test.context.support.AbstractDelegatingSmartContextLoader.delegateLoading(AbstractDelegatingSmartContextLoader.java:107) ~[spring-test-5.0.4.RELEASE.jar:5.0.4.RELEASE]
	at org.springframework.test.context.support.AbstractDelegatingSmartContextLoader.loadContext(AbstractDelegatingSmartContextLoader.java:243) ~[spring-test-5.0.4.RELEASE.jar:5.0.4.RELEASE]
	at org.springframework.test.context.cache.DefaultCacheAwareContextLoaderDelegate.loadContextInternal(DefaultCacheAwareContextLoaderDelegate.java:99) ~[spring-test-5.0.4.RELEASE.jar:5.0.4.RELEASE]
	at org.springframework.test.context.cache.DefaultCacheAwareContextLoaderDelegate.loadContext(DefaultCacheAwareContextLoaderDelegate.java:117) ~[spring-test-5.0.4.RELEASE.jar:5.0.4.RELEASE]
	... 27 more
Caused by: ch.vorburger.exec.ManagedProcessException: Asked to wait for "mysqld: ready for connections." from Program [/tmp/MariaDB4j/base/bin/mysqld, --no-defaults, --console, --skip-grant-tables, --max_allowed_packet=64M, --basedir=/tmp/MariaDB4j/base, --datadir=/tmp/MariaDB4j/data/42059, --port=42059, --socket=/tmp/MariaDB4j.42059.sock] (in working directory /tmp/MariaDB4j/base), but it already exited! (without that message in console), last 100 lines of console:
2018-07-28  6:59:50 139850050504576 [Note] /tmp/MariaDB4j/base/bin/mysqld (mysqld 10.1.13-MariaDB) starting as process 1794 ...
2018-07-28  6:59:50 139850050504576 [ERROR] Fatal error: Please consult the Knowledge Base to find out how to run mysqld as root!

2018-07-28  6:59:50 139850050504576 [ERROR] Aborting

	at ch.vorburger.exec.ManagedProcess.startAndWaitForConsoleMessageMaxMs(ManagedProcess.java:263) ~[mariaDB4j-core-2.2.3.jar:?]
	at ch.vorburger.mariadb4j.DB.start(DB.java:148) ~[mariaDB4j-core-2.2.3.jar:?]
	at ch.vorburger.mariadb4j.MariaDB4jService.start(MariaDB4jService.java:67) ~[mariaDB4j-core-2.2.3.jar:?]
	at ch.vorburger.mariadb4j.springframework.MariaDB4jSpringService.start(MariaDB4jSpringService.java:96) ~[mariaDB4j-core-2.2.3.jar:?]
	at sun.reflect.NativeMethodAccessorImpl.invoke0(Native Method) ~[?:1.8.0_121]
	at sun.reflect.NativeMethodAccessorImpl.invoke(NativeMethodAccessorImpl.java:62) ~[?:1.8.0_121]
	at sun.reflect.DelegatingMethodAccessorImpl.invoke(DelegatingMethodAccessorImpl.java:43) ~[?:1.8.0_121]
	at java.lang.reflect.Method.invoke(Method.java:498) ~[?:1.8.0_121]
	at org.springframework.beans.factory.annotation.InitDestroyAnnotationBeanPostProcessor$LifecycleElement.invoke(InitDestroyAnnotationBeanPostProcessor.java:365) ~[spring-beans-5.0.7.RELEASE.jar:5.0.7.RELEASE]
	at org.springframework.beans.factory.annotation.InitDestroyAnnotationBeanPostProcessor$LifecycleMetadata.invokeInitMethods(InitDestroyAnnotationBeanPostProcessor.java:308) ~[spring-beans-5.0.7.RELEASE.jar:5.0.7.RELEASE]
	at org.springframework.beans.factory.annotation.InitDestroyAnnotationBeanPostProcessor.postProcessBeforeInitialization(InitDestroyAnnotationBeanPostProcessor.java:135) ~[spring-beans-5.0.7.RELEASE.jar:5.0.7.RELEASE]
	at org.springframework.beans.factory.support.AbstractAutowireCapableBeanFactory.applyBeanPostProcessorsBeforeInitialization(AbstractAutowireCapableBeanFactory.java:424) ~[spring-beans-5.0.7.RELEASE.jar:5.0.7.RELEASE]
	at org.springframework.beans.factory.support.AbstractAutowireCapableBeanFactory.initializeBean(AbstractAutowireCapableBeanFactory.java:1700) ~[spring-beans-5.0.7.RELEASE.jar:5.0.7.RELEASE]
	at org.springframework.beans.factory.support.AbstractAutowireCapableBeanFactory.doCreateBean(AbstractAutowireCapableBeanFactory.java:581) ~[spring-beans-5.0.7.RELEASE.jar:5.0.7.RELEASE]
	at org.springframework.beans.factory.support.AbstractAutowireCapableBeanFactory.createBean(AbstractAutowireCapableBeanFactory.java:503) ~[spring-beans-5.0.7.RELEASE.jar:5.0.7.RELEASE]
	at org.springframework.beans.factory.support.AbstractBeanFactory.lambda$doGetBean$0(AbstractBeanFactory.java:317) ~[spring-beans-5.0.7.RELEASE.jar:5.0.7.RELEASE]
	at org.springframework.beans.factory.support.DefaultSingletonBeanRegistry.getSingleton(DefaultSingletonBeanRegistry.java:222) ~[spring-beans-5.0.7.RELEASE.jar:5.0.7.RELEASE]
	at org.springframework.beans.factory.support.AbstractBeanFactory.doGetBean(AbstractBeanFactory.java:315) ~[spring-beans-5.0.7.RELEASE.jar:5.0.7.RELEASE]
	at org.springframework.beans.factory.support.AbstractBeanFactory.getBean(AbstractBeanFactory.java:199) ~[spring-beans-5.0.7.RELEASE.jar:5.0.7.RELEASE]
	at org.springframework.beans.factory.config.DependencyDescriptor.resolveCandidate(DependencyDescriptor.java:251) ~[spring-beans-5.0.7.RELEASE.jar:5.0.7.RELEASE]
	at org.springframework.beans.factory.support.DefaultListableBeanFactory.doResolveDependency(DefaultListableBeanFactory.java:1138) ~[spring-beans-5.0.7.RELEASE.jar:5.0.7.RELEASE]
	at org.springframework.beans.factory.support.DefaultListableBeanFactory.resolveDependency(DefaultListableBeanFactory.java:1065) ~[spring-beans-5.0.7.RELEASE.jar:5.0.7.RELEASE]
	at org.springframework.beans.factory.support.ConstructorResolver.resolveAutowiredArgument(ConstructorResolver.java:818) ~[spring-beans-5.0.7.RELEASE.jar:5.0.7.RELEASE]
	at org.springframework.beans.factory.support.ConstructorResolver.createArgumentArray(ConstructorResolver.java:724) ~[spring-beans-5.0.7.RELEASE.jar:5.0.7.RELEASE]
	at org.springframework.beans.factory.support.ConstructorResolver.instantiateUsingFactoryMethod(ConstructorResolver.java:474) ~[spring-beans-5.0.7.RELEASE.jar:5.0.7.RELEASE]
	at org.springframework.beans.factory.support.AbstractAutowireCapableBeanFactory.instantiateUsingFactoryMethod(AbstractAutowireCapableBeanFactory.java:1256) ~[spring-beans-5.0.7.RELEASE.jar:5.0.7.RELEASE]
	at org.springframework.beans.factory.support.AbstractAutowireCapableBeanFactory.createBeanInstance(AbstractAutowireCapableBeanFactory.java:1105) ~[spring-beans-5.0.7.RELEASE.jar:5.0.7.RELEASE]
	at org.springframework.beans.factory.support.AbstractAutowireCapableBeanFactory.doCreateBean(AbstractAutowireCapableBeanFactory.java:543) ~[spring-beans-5.0.7.RELEASE.jar:5.0.7.RELEASE]
	at org.springframework.beans.factory.support.AbstractAutowireCapableBeanFactory.createBean(AbstractAutowireCapableBeanFactory.java:503) ~[spring-beans-5.0.7.RELEASE.jar:5.0.7.RELEASE]
	at org.springframework.beans.factory.support.AbstractBeanFactory.lambda$doGetBean$0(AbstractBeanFactory.java:317) ~[spring-beans-5.0.7.RELEASE.jar:5.0.7.RELEASE]
	at org.springframework.beans.factory.support.DefaultSingletonBeanRegistry.getSingleton(DefaultSingletonBeanRegistry.java:222) ~[spring-beans-5.0.7.RELEASE.jar:5.0.7.RELEASE]
	at org.springframework.beans.factory.support.AbstractBeanFactory.doGetBean(AbstractBeanFactory.java:315) ~[spring-beans-5.0.7.RELEASE.jar:5.0.7.RELEASE]
	at org.springframework.beans.factory.support.AbstractBeanFactory.getBean(AbstractBeanFactory.java:199) ~[spring-beans-5.0.7.RELEASE.jar:5.0.7.RELEASE]
	at org.springframework.beans.factory.config.DependencyDescriptor.resolveCandidate(DependencyDescriptor.java:251) ~[spring-beans-5.0.7.RELEASE.jar:5.0.7.RELEASE]
	at org.springframework.beans.factory.support.DefaultListableBeanFactory.doResolveDependency(DefaultListableBeanFactory.java:1138) ~[spring-beans-5.0.7.RELEASE.jar:5.0.7.RELEASE]
	at org.springframework.beans.factory.support.DefaultListableBeanFactory.resolveDependency(DefaultListableBeanFactory.java:1065) ~[spring-beans-5.0.7.RELEASE.jar:5.0.7.RELEASE]
	at org.springframework.beans.factory.annotation.AutowiredAnnotationBeanPostProcessor$AutowiredFieldElement.inject(AutowiredAnnotationBeanPostProcessor.java:584) ~[spring-beans-5.0.7.RELEASE.jar:5.0.7.RELEASE]
	at org.springframework.beans.factory.annotation.InjectionMetadata.inject(InjectionMetadata.java:91) ~[spring-beans-5.0.7.RELEASE.jar:5.0.7.RELEASE]
	at org.springframework.beans.factory.annotation.AutowiredAnnotationBeanPostProcessor.postProcessPropertyValues(AutowiredAnnotationBeanPostProcessor.java:373) ~[spring-beans-5.0.7.RELEASE.jar:5.0.7.RELEASE]
	at org.springframework.beans.factory.support.AbstractAutowireCapableBeanFactory.populateBean(AbstractAutowireCapableBeanFactory.java:1350) ~[spring-beans-5.0.7.RELEASE.jar:5.0.7.RELEASE]
	at org.springframework.beans.factory.support.AbstractAutowireCapableBeanFactory.doCreateBean(AbstractAutowireCapableBeanFactory.java:580) ~[spring-beans-5.0.7.RELEASE.jar:5.0.7.RELEASE]
	at org.springframework.beans.factory.support.AbstractAutowireCapableBeanFactory.createBean(AbstractAutowireCapableBeanFactory.java:503) ~[spring-beans-5.0.7.RELEASE.jar:5.0.7.RELEASE]
	at org.springframework.beans.factory.support.AbstractBeanFactory.lambda$doGetBean$0(AbstractBeanFactory.java:317) ~[spring-beans-5.0.7.RELEASE.jar:5.0.7.RELEASE]
	at org.springframework.beans.factory.support.DefaultSingletonBeanRegistry.getSingleton(DefaultSingletonBeanRegistry.java:222) ~[spring-beans-5.0.7.RELEASE.jar:5.0.7.RELEASE]
	at org.springframework.beans.factory.support.AbstractBeanFactory.doGetBean(AbstractBeanFactory.java:315) ~[spring-beans-5.0.7.RELEASE.jar:5.0.7.RELEASE]
	at org.springframework.beans.factory.support.AbstractBeanFactory.getBean(AbstractBeanFactory.java:199) ~[spring-beans-5.0.7.RELEASE.jar:5.0.7.RELEASE]
	at org.springframework.beans.factory.support.DefaultListableBeanFactory.preInstantiateSingletons(DefaultListableBeanFactory.java:760) ~[spring-beans-5.0.7.RELEASE.jar:5.0.7.RELEASE]
	at org.springframework.context.support.AbstractApplicationContext.finishBeanFactoryInitialization(AbstractApplicationContext.java:869) ~[spring-context-5.0.7.RELEASE.jar:5.0.7.RELEASE]
	at org.springframework.context.support.AbstractApplicationContext.refresh(AbstractApplicationContext.java:550) ~[spring-context-5.0.7.RELEASE.jar:5.0.7.RELEASE]
	at org.springframework.test.context.support.AbstractGenericContextLoader.loadContext(AbstractGenericContextLoader.java:128) ~[spring-test-5.0.4.RELEASE.jar:5.0.4.RELEASE]
	at org.springframework.test.context.support.AbstractGenericContextLoader.loadContext(AbstractGenericContextLoader.java:60) ~[spring-test-5.0.4.RELEASE.jar:5.0.4.RELEASE]
	at org.springframework.test.context.support.AbstractDelegatingSmartContextLoader.delegateLoading(AbstractDelegatingSmartContextLoader.java:107) ~[spring-test-5.0.4.RELEASE.jar:5.0.4.RELEASE]
	at org.springframework.test.context.support.AbstractDelegatingSmartContextLoader.loadContext(AbstractDelegatingSmartContextLoader.java:243) ~[spring-test-5.0.4.RELEASE.jar:5.0.4.RELEASE]
	at org.springframework.test.context.cache.DefaultCacheAwareContextLoaderDelegate.loadContextInternal(DefaultCacheAwareContextLoaderDelegate.java:99) ~[spring-test-5.0.4.RELEASE.jar:5.0.4.RELEASE]
	at org.springframework.test.context.cache.DefaultCacheAwareContextLoaderDelegate.loadContext(DefaultCacheAwareContextLoaderDelegate.java:117) ~[spring-test-5.0.4.RELEASE.jar:5.0.4.RELEASE]
	... 27 more
]]></system-out>
  </testcase>
</testsuite>