<?xml version="1.0" encoding="UTF-8"?>
<testsuite xmlns:xsi="http://www.w3.org/2001/XMLSchema-instance" xsi:noNamespaceSchemaLocation="https://maven.apache.org/surefire/maven-surefire-plugin/xsd/surefire-test-report.xsd" name="com.ibanity.apis.client.sandbox.services.FinancialInstitutionAccountsServiceTest" time="0.246" tests="8" errors="4" skipped="0" failures="4">
  <properties>
    <property name="awt.toolkit" value="sun.awt.X11.XToolkit"/>
    <property name="file.encoding.pkg" value="sun.io"/>
    <property name="java.specification.version" value="1.8"/>
    <property name="sun.cpu.isalist" value=""/>
    <property name="sun.jnu.encoding" value="UTF-8"/>
    <property name="java.class.path" value="/root/workspace/ibanity/ibanity-java/395527837/target/test-classes:/root/workspace/ibanity/ibanity-java/395527837/target/classes:/root/./workspace/ibanity/ibanity-java/395527837/.m2/org/apache/commons/commons-configuration2/2.2/commons-configuration2-2.2.jar:/root/./workspace/ibanity/ibanity-java/395527837/.m2/org/apache/commons/commons-lang3/3.6/commons-lang3-3.6.jar:/root/./workspace/ibanity/ibanity-java/395527837/.m2/commons-logging/commons-logging/1.2/commons-logging-1.2.jar:/root/./workspace/ibanity/ibanity-java/395527837/.m2/commons-io/commons-io/2.6/commons-io-2.6.jar:/root/./workspace/ibanity/ibanity-java/395527837/.m2/org/apache/commons/commons-math3/3.6.1/commons-math3-3.6.1.jar:/root/./workspace/ibanity/ibanity-java/395527837/.m2/org/apache/logging/log4j/log4j-api/2.11.0/log4j-api-2.11.0.jar:/root/./workspace/ibanity/ibanity-java/395527837/.m2/org/apache/logging/log4j/log4j-core/2.11.0/log4j-core-2.11.0.jar:/root/./workspace/ibanity/ibanity-java/395527837/.m2/commons-beanutils/commons-beanutils/1.9.3/commons-beanutils-1.9.3.jar:/root/./workspace/ibanity/ibanity-java/395527837/.m2/commons-collections/commons-collections/3.2.2/commons-collections-3.2.2.jar:/root/./workspace/ibanity/ibanity-java/395527837/.m2/io/crnk/crnk-client/2.6.20180430102904/crnk-client-2.6.20180430102904.jar:/root/./workspace/ibanity/ibanity-java/395527837/.m2/io/crnk/crnk-core/2.6.20180430102904/crnk-core-2.6.20180430102904.jar:/root/./workspace/ibanity/ibanity-java/395527837/.m2/net/jodah/typetools/0.4.4/typetools-0.4.4.jar:/root/./workspace/ibanity/ibanity-java/395527837/.m2/org/slf4j/slf4j-api/1.7.25/slf4j-api-1.7.25.jar:/root/./workspace/ibanity/ibanity-java/395527837/.m2/org/apache/httpcomponents/httpclient/4.5.5/httpclient-4.5.5.jar:/root/./workspace/ibanity/ibanity-java/395527837/.m2/org/apache/httpcomponents/httpcore/4.4.9/httpcore-4.4.9.jar:/root/./workspace/ibanity/ibanity-java/395527837/.m2/commons-codec/commons-codec/1.10/commons-codec-1.10.jar:/root/./workspace/ibanity/ibanity-java/395527837/.m2/com/fasterxml/jackson/datatype/jackson-datatype-jdk8/2.9.5/jackson-datatype-jdk8-2.9.5.jar:/root/./workspace/ibanity/ibanity-java/395527837/.m2/com/fasterxml/jackson/core/jackson-core/2.9.5/jackson-core-2.9.5.jar:/root/./workspace/ibanity/ibanity-java/395527837/.m2/com/fasterxml/jackson/core/jackson-databind/2.9.5/jackson-databind-2.9.5.jar:/root/./workspace/ibanity/ibanity-java/395527837/.m2/com/fasterxml/jackson/core/jackson-annotations/2.9.5/jackson-annotations-2.9.5.jar:/root/./workspace/ibanity/ibanity-java/395527837/.m2/com/fasterxml/jackson/datatype/jackson-datatype-jsr310/2.9.5/jackson-datatype-jsr310-2.9.5.jar:/root/./workspace/ibanity/ibanity-java/395527837/.m2/org/bouncycastle/bcpkix-jdk14/1.59/bcpkix-jdk14-1.59.jar:/root/./workspace/ibanity/ibanity-java/395527837/.m2/org/bouncycastle/bcprov-jdk14/1.59/bcprov-jdk14-1.59.jar:/root/./workspace/ibanity/ibanity-java/395527837/.m2/org/reflections/reflections/0.9.11/reflections-0.9.11.jar:/root/./workspace/ibanity/ibanity-java/395527837/.m2/com/google/guava/guava/20.0/guava-20.0.jar:/root/./workspace/ibanity/ibanity-java/395527837/.m2/org/javassist/javassist/3.21.0-GA/javassist-3.21.0-GA.jar:/root/./workspace/ibanity/ibanity-java/395527837/.m2/org/iban4j/iban4j/3.2.1/iban4j-3.2.1.jar:/root/./workspace/ibanity/ibanity-java/395527837/.m2/org/junit/jupiter/junit-jupiter-api/5.2.0/junit-jupiter-api-5.2.0.jar:/root/./workspace/ibanity/ibanity-java/395527837/.m2/org/apiguardian/apiguardian-api/1.0.0/apiguardian-api-1.0.0.jar:/root/./workspace/ibanity/ibanity-java/395527837/.m2/org/opentest4j/opentest4j/1.1.0/opentest4j-1.1.0.jar:/root/./workspace/ibanity/ibanity-java/395527837/.m2/org/junit/platform/junit-platform-commons/1.2.0/junit-platform-commons-1.2.0.jar:/root/./workspace/ibanity/ibanity-java/395527837/.m2/org/junit/jupiter/junit-jupiter-engine/5.2.0/junit-jupiter-engine-5.2.0.jar:/root/./workspace/ibanity/ibanity-java/395527837/.m2/org/junit/platform/junit-platform-engine/1.2.0/junit-platform-engine-1.2.0.jar:/root/./workspace/ibanity/ibanity-java/395527837/.m2/org/junit/platform/junit-platform-launcher/1.2.0/junit-platform-launcher-1.2.0.jar:/root/./workspace/ibanity/ibanity-java/395527837/.m2/org/seleniumhq/selenium/selenium-java/3.0.0/selenium-java-3.0.0.jar:/root/./workspace/ibanity/ibanity-java/395527837/.m2/org/seleniumhq/selenium/selenium-chrome-driver/3.0.0/selenium-chrome-driver-3.0.0.jar:/root/./workspace/ibanity/ibanity-java/395527837/.m2/org/seleniumhq/selenium/selenium-remote-driver/3.0.0/selenium-remote-driver-3.0.0.jar:/root/./workspace/ibanity/ibanity-java/395527837/.m2/org/seleniumhq/selenium/selenium-api/3.0.0/selenium-api-3.0.0.jar:/root/./workspace/ibanity/ibanity-java/395527837/.m2/cglib/cglib-nodep/3.2.4/cglib-nodep-3.2.4.jar:/root/./workspace/ibanity/ibanity-java/395527837/.m2/org/apache/commons/commons-exec/1.3/commons-exec-1.3.jar:/root/./workspace/ibanity/ibanity-java/395527837/.m2/com/google/code/gson/gson/2.3.1/gson-2.3.1.jar:/root/./workspace/ibanity/ibanity-java/395527837/.m2/org/apache/httpcomponents/httpmime/4.5.2/httpmime-4.5.2.jar:/root/./workspace/ibanity/ibanity-java/395527837/.m2/net/java/dev/jna/jna-platform/4.1.0/jna-platform-4.1.0.jar:/root/./workspace/ibanity/ibanity-java/395527837/.m2/net/java/dev/jna/jna/4.1.0/jna-4.1.0.jar:/root/./workspace/ibanity/ibanity-java/395527837/.m2/org/seleniumhq/selenium/selenium-edge-driver/3.0.0/selenium-edge-driver-3.0.0.jar:/root/./workspace/ibanity/ibanity-java/395527837/.m2/org/seleniumhq/selenium/selenium-firefox-driver/3.0.0/selenium-firefox-driver-3.0.0.jar:/root/./workspace/ibanity/ibanity-java/395527837/.m2/org/seleniumhq/selenium/selenium-ie-driver/3.0.0/selenium-ie-driver-3.0.0.jar:/root/./workspace/ibanity/ibanity-java/395527837/.m2/org/seleniumhq/selenium/selenium-opera-driver/3.0.0/selenium-opera-driver-3.0.0.jar:/root/./workspace/ibanity/ibanity-java/395527837/.m2/org/seleniumhq/selenium/selenium-safari-driver/3.0.0/selenium-safari-driver-3.0.0.jar:/root/./workspace/ibanity/ibanity-java/395527837/.m2/io/netty/netty/3.5.7.Final/netty-3.5.7.Final.jar:/root/./workspace/ibanity/ibanity-java/395527837/.m2/org/seleniumhq/selenium/selenium-support/3.0.0/selenium-support-3.0.0.jar:/root/./workspace/ibanity/ibanity-java/395527837/.m2/junit/junit/4.12/junit-4.12.jar:/root/./workspace/ibanity/ibanity-java/395527837/.m2/org/hamcrest/hamcrest-core/1.3/hamcrest-core-1.3.jar:/root/./workspace/ibanity/ibanity-java/395527837/.m2/com/codeborne/phantomjsdriver/1.3.0/phantomjsdriver-1.3.0.jar:"/>
    <property name="java.vm.vendor" value="Oracle Corporation"/>
    <property name="skip.bower" value="true"/>
    <property name="sun.arch.data.model" value="64"/>
    <property name="java.vendor.url" value="http://java.oracle.com/"/>
    <property name="user.timezone" value=""/>
    <property name="java.vm.specification.version" value="1.8"/>
    <property name="os.name" value="Linux"/>
    <property name="rat.skip" value="true"/>
    <property name="gpg.skip" value="true"/>
    <property name="sun.java.launcher" value="SUN_STANDARD"/>
    <property name="sun.boot.library.path" value="/usr/lib/jvm/java-8-openjdk-amd64/jre/lib/amd64"/>
    <property name="skip.gulp" value="true"/>
    <property name="sun.java.command" value="/root/workspace/ibanity/ibanity-java/395527837/target/surefire/surefirebooter1949948877319948723.jar /root/workspace/ibanity/ibanity-java/395527837/target/surefire 2018-06-22T18-08-46_044-jvmRun1 surefire601519768986532128tmp surefire_04754136641631388796tmp"/>
    <property name="dependency-check.skip" value="true"/>
    <property name="surefire.test.class.path" value="/root/workspace/ibanity/ibanity-java/395527837/target/test-classes:/root/workspace/ibanity/ibanity-java/395527837/target/classes:/root/./workspace/ibanity/ibanity-java/395527837/.m2/org/apache/commons/commons-configuration2/2.2/commons-configuration2-2.2.jar:/root/./workspace/ibanity/ibanity-java/395527837/.m2/org/apache/commons/commons-lang3/3.6/commons-lang3-3.6.jar:/root/./workspace/ibanity/ibanity-java/395527837/.m2/commons-logging/commons-logging/1.2/commons-logging-1.2.jar:/root/./workspace/ibanity/ibanity-java/395527837/.m2/commons-io/commons-io/2.6/commons-io-2.6.jar:/root/./workspace/ibanity/ibanity-java/395527837/.m2/org/apache/commons/commons-math3/3.6.1/commons-math3-3.6.1.jar:/root/./workspace/ibanity/ibanity-java/395527837/.m2/org/apache/logging/log4j/log4j-api/2.11.0/log4j-api-2.11.0.jar:/root/./workspace/ibanity/ibanity-java/395527837/.m2/org/apache/logging/log4j/log4j-core/2.11.0/log4j-core-2.11.0.jar:/root/./workspace/ibanity/ibanity-java/395527837/.m2/commons-beanutils/commons-beanutils/1.9.3/commons-beanutils-1.9.3.jar:/root/./workspace/ibanity/ibanity-java/395527837/.m2/commons-collections/commons-collections/3.2.2/commons-collections-3.2.2.jar:/root/./workspace/ibanity/ibanity-java/395527837/.m2/io/crnk/crnk-client/2.6.20180430102904/crnk-client-2.6.20180430102904.jar:/root/./workspace/ibanity/ibanity-java/395527837/.m2/io/crnk/crnk-core/2.6.20180430102904/crnk-core-2.6.20180430102904.jar:/root/./workspace/ibanity/ibanity-java/395527837/.m2/net/jodah/typetools/0.4.4/typetools-0.4.4.jar:/root/./workspace/ibanity/ibanity-java/395527837/.m2/org/slf4j/slf4j-api/1.7.25/slf4j-api-1.7.25.jar:/root/./workspace/ibanity/ibanity-java/395527837/.m2/org/apache/httpcomponents/httpclient/4.5.5/httpclient-4.5.5.jar:/root/./workspace/ibanity/ibanity-java/395527837/.m2/org/apache/httpcomponents/httpcore/4.4.9/httpcore-4.4.9.jar:/root/./workspace/ibanity/ibanity-java/395527837/.m2/commons-codec/commons-codec/1.10/commons-codec-1.10.jar:/root/./workspace/ibanity/ibanity-java/395527837/.m2/com/fasterxml/jackson/datatype/jackson-datatype-jdk8/2.9.5/jackson-datatype-jdk8-2.9.5.jar:/root/./workspace/ibanity/ibanity-java/395527837/.m2/com/fasterxml/jackson/core/jackson-core/2.9.5/jackson-core-2.9.5.jar:/root/./workspace/ibanity/ibanity-java/395527837/.m2/com/fasterxml/jackson/core/jackson-databind/2.9.5/jackson-databind-2.9.5.jar:/root/./workspace/ibanity/ibanity-java/395527837/.m2/com/fasterxml/jackson/core/jackson-annotations/2.9.5/jackson-annotations-2.9.5.jar:/root/./workspace/ibanity/ibanity-java/395527837/.m2/com/fasterxml/jackson/datatype/jackson-datatype-jsr310/2.9.5/jackson-datatype-jsr310-2.9.5.jar:/root/./workspace/ibanity/ibanity-java/395527837/.m2/org/bouncycastle/bcpkix-jdk14/1.59/bcpkix-jdk14-1.59.jar:/root/./workspace/ibanity/ibanity-java/395527837/.m2/org/bouncycastle/bcprov-jdk14/1.59/bcprov-jdk14-1.59.jar:/root/./workspace/ibanity/ibanity-java/395527837/.m2/org/reflections/reflections/0.9.11/reflections-0.9.11.jar:/root/./workspace/ibanity/ibanity-java/395527837/.m2/com/google/guava/guava/20.0/guava-20.0.jar:/root/./workspace/ibanity/ibanity-java/395527837/.m2/org/javassist/javassist/3.21.0-GA/javassist-3.21.0-GA.jar:/root/./workspace/ibanity/ibanity-java/395527837/.m2/org/iban4j/iban4j/3.2.1/iban4j-3.2.1.jar:/root/./workspace/ibanity/ibanity-java/395527837/.m2/org/junit/jupiter/junit-jupiter-api/5.2.0/junit-jupiter-api-5.2.0.jar:/root/./workspace/ibanity/ibanity-java/395527837/.m2/org/apiguardian/apiguardian-api/1.0.0/apiguardian-api-1.0.0.jar:/root/./workspace/ibanity/ibanity-java/395527837/.m2/org/opentest4j/opentest4j/1.1.0/opentest4j-1.1.0.jar:/root/./workspace/ibanity/ibanity-java/395527837/.m2/org/junit/platform/junit-platform-commons/1.2.0/junit-platform-commons-1.2.0.jar:/root/./workspace/ibanity/ibanity-java/395527837/.m2/org/junit/jupiter/junit-jupiter-engine/5.2.0/junit-jupiter-engine-5.2.0.jar:/root/./workspace/ibanity/ibanity-java/395527837/.m2/org/junit/platform/junit-platform-engine/1.2.0/junit-platform-engine-1.2.0.jar:/root/./workspace/ibanity/ibanity-java/395527837/.m2/org/junit/platform/junit-platform-launcher/1.2.0/junit-platform-launcher-1.2.0.jar:/root/./workspace/ibanity/ibanity-java/395527837/.m2/org/seleniumhq/selenium/selenium-java/3.0.0/selenium-java-3.0.0.jar:/root/./workspace/ibanity/ibanity-java/395527837/.m2/org/seleniumhq/selenium/selenium-chrome-driver/3.0.0/selenium-chrome-driver-3.0.0.jar:/root/./workspace/ibanity/ibanity-java/395527837/.m2/org/seleniumhq/selenium/selenium-remote-driver/3.0.0/selenium-remote-driver-3.0.0.jar:/root/./workspace/ibanity/ibanity-java/395527837/.m2/org/seleniumhq/selenium/selenium-api/3.0.0/selenium-api-3.0.0.jar:/root/./workspace/ibanity/ibanity-java/395527837/.m2/cglib/cglib-nodep/3.2.4/cglib-nodep-3.2.4.jar:/root/./workspace/ibanity/ibanity-java/395527837/.m2/org/apache/commons/commons-exec/1.3/commons-exec-1.3.jar:/root/./workspace/ibanity/ibanity-java/395527837/.m2/com/google/code/gson/gson/2.3.1/gson-2.3.1.jar:/root/./workspace/ibanity/ibanity-java/395527837/.m2/org/apache/httpcomponents/httpmime/4.5.2/httpmime-4.5.2.jar:/root/./workspace/ibanity/ibanity-java/395527837/.m2/net/java/dev/jna/jna-platform/4.1.0/jna-platform-4.1.0.jar:/root/./workspace/ibanity/ibanity-java/395527837/.m2/net/java/dev/jna/jna/4.1.0/jna-4.1.0.jar:/root/./workspace/ibanity/ibanity-java/395527837/.m2/org/seleniumhq/selenium/selenium-edge-driver/3.0.0/selenium-edge-driver-3.0.0.jar:/root/./workspace/ibanity/ibanity-java/395527837/.m2/org/seleniumhq/selenium/selenium-firefox-driver/3.0.0/selenium-firefox-driver-3.0.0.jar:/root/./workspace/ibanity/ibanity-java/395527837/.m2/org/seleniumhq/selenium/selenium-ie-driver/3.0.0/selenium-ie-driver-3.0.0.jar:/root/./workspace/ibanity/ibanity-java/395527837/.m2/org/seleniumhq/selenium/selenium-opera-driver/3.0.0/selenium-opera-driver-3.0.0.jar:/root/./workspace/ibanity/ibanity-java/395527837/.m2/org/seleniumhq/selenium/selenium-safari-driver/3.0.0/selenium-safari-driver-3.0.0.jar:/root/./workspace/ibanity/ibanity-java/395527837/.m2/io/netty/netty/3.5.7.Final/netty-3.5.7.Final.jar:/root/./workspace/ibanity/ibanity-java/395527837/.m2/org/seleniumhq/selenium/selenium-support/3.0.0/selenium-support-3.0.0.jar:/root/./workspace/ibanity/ibanity-java/395527837/.m2/junit/junit/4.12/junit-4.12.jar:/root/./workspace/ibanity/ibanity-java/395527837/.m2/org/hamcrest/hamcrest-core/1.3/hamcrest-core-1.3.jar:/root/./workspace/ibanity/ibanity-java/395527837/.m2/com/codeborne/phantomjsdriver/1.3.0/phantomjsdriver-1.3.0.jar:"/>
    <property name="sun.cpu.endian" value="little"/>
    <property name="user.home" value="/root"/>
    <property name="user.language" value="en"/>
    <property name="java.specification.vendor" value="Oracle Corporation"/>
    <property name="java.home" value="/usr/lib/jvm/java-8-openjdk-amd64/jre"/>
    <property name="basedir" value="/root/workspace/ibanity/ibanity-java/395527837"/>
    <property name="file.separator" value="/"/>
    <property name="checkstyle.skip" value="true"/>
    <property name="line.separator" value="&#10;"/>
    <property name="skip.npm" value="true"/>
    <property name="java.vm.specification.vendor" value="Oracle Corporation"/>
    <property name="java.specification.name" value="Java Platform API Specification"/>
    <property name="java.awt.graphicsenv" value="sun.awt.X11GraphicsEnvironment"/>
    <property name="skipITs" value="true"/>
    <property name="surefire.real.class.path" value="/root/workspace/ibanity/ibanity-java/395527837/target/surefire/surefirebooter1949948877319948723.jar:/root/./workspace/ibanity/ibanity-java/395527837/.m2/org/jacoco/org.jacoco.agent/0.8.1/org.jacoco.agent-0.8.1-runtime.jar"/>
    <property name="cobertura.skip" value="true"/>
    <property name="sun.boot.class.path" value="/usr/lib/jvm/java-8-openjdk-amd64/jre/lib/resources.jar:/usr/lib/jvm/java-8-openjdk-amd64/jre/lib/rt.jar:/usr/lib/jvm/java-8-openjdk-amd64/jre/lib/sunrsasign.jar:/usr/lib/jvm/java-8-openjdk-amd64/jre/lib/jsse.jar:/usr/lib/jvm/java-8-openjdk-amd64/jre/lib/jce.jar:/usr/lib/jvm/java-8-openjdk-amd64/jre/lib/charsets.jar:/usr/lib/jvm/java-8-openjdk-amd64/jre/lib/jfr.jar:/usr/lib/jvm/java-8-openjdk-amd64/jre/classes"/>
    <property name="sun.management.compiler" value="HotSpot 64-Bit Tiered Compilers"/>
    <property name="java.runtime.version" value="1.8.0_121-8u121-b13-1~bpo8+1-b13"/>
    <property name="user.name" value="root"/>
    <property name="findbugs.skip" value="true"/>
    <property name="path.separator" value=":"/>
    <property name="os.version" value="3.10.0-862.2.3.el7.x86_64"/>
    <property name="java.endorsed.dirs" value="/usr/lib/jvm/java-8-openjdk-amd64/jre/lib/endorsed"/>
    <property name="java.runtime.name" value="OpenJDK Runtime Environment"/>
    <property name="file.encoding" value="UTF-8"/>
    <property name="java.vm.name" value="OpenJDK 64-Bit Server VM"/>
    <property name="localRepository" value="/root/./workspace/ibanity/ibanity-java/395527837/.m2"/>
    <property name="java.vendor.url.bug" value="http://bugreport.sun.com/bugreport/"/>
    <property name="java.io.tmpdir" value="/tmp"/>
    <property name="java.version" value="1.8.0_121"/>
    <property name="user.dir" value="/root/workspace/ibanity/ibanity-java/395527837"/>
    <property name="os.arch" value="amd64"/>
    <property name="license.skip" value="true"/>
    <property name="java.vm.specification.name" value="Java Virtual Machine Specification"/>
    <property name="java.awt.printerjob" value="sun.print.PSPrinterJob"/>
    <property name="sun.os.patch.level" value="unknown"/>
    <property name="java.library.path" value="/usr/java/packages/lib/amd64:/usr/lib/x86_64-linux-gnu/jni:/lib/x86_64-linux-gnu:/usr/lib/x86_64-linux-gnu:/usr/lib/jni:/lib:/usr/lib"/>
    <property name="java.vm.info" value="mixed mode"/>
    <property name="java.vendor" value="Oracle Corporation"/>
    <property name="java.vm.version" value="25.121-b13"/>
    <property name="java.ext.dirs" value="/usr/lib/jvm/java-8-openjdk-amd64/jre/lib/ext:/usr/java/packages/lib/ext"/>
    <property name="sun.io.unicode.encoding" value="UnicodeLittle"/>
    <property name="maven.repo.local" value="/root/./workspace/ibanity/ibanity-java/395527837/.m2"/>
    <property name="enforcer.skip" value="true"/>
    <property name="java.class.version" value="52.0"/>
  </properties>
  <testcase name="testGetFinancialInstitutionAccount" classname="com.ibanity.apis.client.sandbox.services.FinancialInstitutionAccountsServiceTest" time="0.01">
    <error message="java.io.IOException" type="io.crnk.client.TransportException">io.crnk.client.TransportException: java.io.IOException
	at com.ibanity.apis.client.sandbox.services.FinancialInstitutionAccountsServiceTest.testGetFinancialInstitutionAccount(FinancialInstitutionAccountsServiceTest.java:40)
Caused by: java.io.IOException
	at com.ibanity.apis.client.sandbox.services.FinancialInstitutionAccountsServiceTest.testGetFinancialInstitutionAccount(FinancialInstitutionAccountsServiceTest.java:40)
Caused by: java.lang.NullPointerException
	at com.ibanity.apis.client.sandbox.services.FinancialInstitutionAccountsServiceTest.testGetFinancialInstitutionAccount(FinancialInstitutionAccountsServiceTest.java:40)
</error>
    <system-out><![CDATA[18:08:51.623 [main] FATAL com.ibanity.apis.client.network.http.client.IbanityHttpUtils - java.io.IOException: keystore password was incorrect
18:08:51.626 [main] FATAL com.ibanity.apis.client.network.http.client.IbanityHttpUtils - java.io.IOException: keystore password was incorrect
18:08:51.629 [main] FATAL com.ibanity.apis.client.network.http.client.IbanityHttpUtils - java.io.IOException: keystore password was incorrect
18:08:51.632 [main] FATAL com.ibanity.apis.client.network.http.client.IbanityHttpUtils - java.io.IOException: keystore password was incorrect
]]></system-out>
    <system-err><![CDATA[Jun 22, 2018 6:08:51 PM org.apache.http.impl.execchain.RetryExec execute
INFO: I/O exception (java.io.IOException) caught when processing request to {s}->https://api.ibanity.com:443: null
Jun 22, 2018 6:08:51 PM org.apache.http.impl.execchain.RetryExec execute
INFO: Retrying request to {s}->https://api.ibanity.com:443
Jun 22, 2018 6:08:51 PM org.apache.http.impl.execchain.RetryExec execute
INFO: I/O exception (java.io.IOException) caught when processing request to {s}->https://api.ibanity.com:443: null
Jun 22, 2018 6:08:51 PM org.apache.http.impl.execchain.RetryExec execute
INFO: Retrying request to {s}->https://api.ibanity.com:443
Jun 22, 2018 6:08:51 PM org.apache.http.impl.execchain.RetryExec execute
INFO: I/O exception (java.io.IOException) caught when processing request to {s}->https://api.ibanity.com:443: null
Jun 22, 2018 6:08:51 PM org.apache.http.impl.execchain.RetryExec execute
INFO: Retrying request to {s}->https://api.ibanity.com:443
]]></system-err>
  </testcase>
  <testcase name="testCreateFinancialInstitutionAccountWithWrongIDs" classname="com.ibanity.apis.client.sandbox.services.FinancialInstitutionAccountsServiceTest" time="0.085">
    <failure message="Unexpected exception type thrown ==&gt; expected: &lt;com.ibanity.apis.client.exceptions.ResourceNotFoundException&gt; but was: &lt;io.crnk.client.TransportException&gt;" type="org.opentest4j.AssertionFailedError"><![CDATA[org.opentest4j.AssertionFailedError: Unexpected exception type thrown ==> expected: <com.ibanity.apis.client.exceptions.ResourceNotFoundException> but was: <io.crnk.client.TransportException>
	at com.ibanity.apis.client.sandbox.services.FinancialInstitutionAccountsServiceTest.testCreateFinancialInstitutionAccountWithWrongIDs(FinancialInstitutionAccountsServiceTest.java:113)
Caused by: io.crnk.client.TransportException: java.io.IOException
	at com.ibanity.apis.client.sandbox.services.FinancialInstitutionAccountsServiceTest.lambda$testCreateFinancialInstitutionAccountWithWrongIDs$2(FinancialInstitutionAccountsServiceTest.java:113)
	at com.ibanity.apis.client.sandbox.services.FinancialInstitutionAccountsServiceTest.testCreateFinancialInstitutionAccountWithWrongIDs(FinancialInstitutionAccountsServiceTest.java:113)
Caused by: java.io.IOException
	at com.ibanity.apis.client.sandbox.services.FinancialInstitutionAccountsServiceTest.lambda$testCreateFinancialInstitutionAccountWithWrongIDs$2(FinancialInstitutionAccountsServiceTest.java:113)
	at com.ibanity.apis.client.sandbox.services.FinancialInstitutionAccountsServiceTest.testCreateFinancialInstitutionAccountWithWrongIDs(FinancialInstitutionAccountsServiceTest.java:113)
Caused by: java.lang.NullPointerException
	at com.ibanity.apis.client.sandbox.services.FinancialInstitutionAccountsServiceTest.lambda$testCreateFinancialInstitutionAccountWithWrongIDs$2(FinancialInstitutionAccountsServiceTest.java:113)
	at com.ibanity.apis.client.sandbox.services.FinancialInstitutionAccountsServiceTest.testCreateFinancialInstitutionAccountWithWrongIDs(FinancialInstitutionAccountsServiceTest.java:113)
]]></failure>
    <system-out><![CDATA[18:08:51.703 [main] FATAL com.ibanity.apis.client.network.http.client.IbanityHttpUtils - java.io.IOException: keystore password was incorrect
18:08:51.708 [main] FATAL com.ibanity.apis.client.network.http.client.IbanityHttpUtils - java.io.IOException: keystore password was incorrect
18:08:51.711 [main] FATAL com.ibanity.apis.client.network.http.client.IbanityHttpUtils - java.io.IOException: keystore password was incorrect
18:08:51.714 [main] FATAL com.ibanity.apis.client.network.http.client.IbanityHttpUtils - java.io.IOException: keystore password was incorrect
18:08:51.717 [main] FATAL com.ibanity.apis.client.network.http.client.IbanityHttpUtils - java.io.IOException: keystore password was incorrect
]]></system-out>
    <system-err><![CDATA[Jun 22, 2018 6:08:51 PM org.apache.http.impl.execchain.RetryExec execute
INFO: I/O exception (java.io.IOException) caught when processing request to {s}->https://api.ibanity.com:443: null
Jun 22, 2018 6:08:51 PM org.apache.http.impl.execchain.RetryExec execute
INFO: Retrying request to {s}->https://api.ibanity.com:443
Jun 22, 2018 6:08:51 PM org.apache.http.impl.execchain.RetryExec execute
INFO: I/O exception (java.io.IOException) caught when processing request to {s}->https://api.ibanity.com:443: null
Jun 22, 2018 6:08:51 PM org.apache.http.impl.execchain.RetryExec execute
INFO: Retrying request to {s}->https://api.ibanity.com:443
Jun 22, 2018 6:08:51 PM org.apache.http.impl.execchain.RetryExec execute
INFO: I/O exception (java.io.IOException) caught when processing request to {s}->https://api.ibanity.com:443: null
Jun 22, 2018 6:08:51 PM org.apache.http.impl.execchain.RetryExec execute
INFO: Retrying request to {s}->https://api.ibanity.com:443
]]></system-err>
  </testcase>
  <testcase name="testDeleteFinancialInstitutionAccount" classname="com.ibanity.apis.client.sandbox.services.FinancialInstitutionAccountsServiceTest" time="0.012">
    <error message="java.io.IOException" type="io.crnk.client.TransportException">io.crnk.client.TransportException: java.io.IOException
	at com.ibanity.apis.client.sandbox.services.FinancialInstitutionAccountsServiceTest.testDeleteFinancialInstitutionAccount(FinancialInstitutionAccountsServiceTest.java:121)
Caused by: java.io.IOException
	at com.ibanity.apis.client.sandbox.services.FinancialInstitutionAccountsServiceTest.testDeleteFinancialInstitutionAccount(FinancialInstitutionAccountsServiceTest.java:121)
Caused by: java.lang.NullPointerException
	at com.ibanity.apis.client.sandbox.services.FinancialInstitutionAccountsServiceTest.testDeleteFinancialInstitutionAccount(FinancialInstitutionAccountsServiceTest.java:121)
</error>
    <system-out><![CDATA[18:08:51.722 [main] FATAL com.ibanity.apis.client.network.http.client.IbanityHttpUtils - java.io.IOException: keystore password was incorrect
18:08:51.725 [main] FATAL com.ibanity.apis.client.network.http.client.IbanityHttpUtils - java.io.IOException: keystore password was incorrect
18:08:51.728 [main] FATAL com.ibanity.apis.client.network.http.client.IbanityHttpUtils - java.io.IOException: keystore password was incorrect
18:08:51.731 [main] FATAL com.ibanity.apis.client.network.http.client.IbanityHttpUtils - java.io.IOException: keystore password was incorrect
]]></system-out>
    <system-err><![CDATA[Jun 22, 2018 6:08:51 PM org.apache.http.impl.execchain.RetryExec execute
INFO: I/O exception (java.io.IOException) caught when processing request to {s}->https://api.ibanity.com:443: null
Jun 22, 2018 6:08:51 PM org.apache.http.impl.execchain.RetryExec execute
INFO: Retrying request to {s}->https://api.ibanity.com:443
Jun 22, 2018 6:08:51 PM org.apache.http.impl.execchain.RetryExec execute
INFO: I/O exception (java.io.IOException) caught when processing request to {s}->https://api.ibanity.com:443: null
Jun 22, 2018 6:08:51 PM org.apache.http.impl.execchain.RetryExec execute
INFO: Retrying request to {s}->https://api.ibanity.com:443
Jun 22, 2018 6:08:51 PM org.apache.http.impl.execchain.RetryExec execute
INFO: I/O exception (java.io.IOException) caught when processing request to {s}->https://api.ibanity.com:443: null
Jun 22, 2018 6:08:51 PM org.apache.http.impl.execchain.RetryExec execute
INFO: Retrying request to {s}->https://api.ibanity.com:443
]]></system-err>
  </testcase>
  <testcase name="testDeleteFinancialInstitutionAccountWithWrongIDs" classname="com.ibanity.apis.client.sandbox.services.FinancialInstitutionAccountsServiceTest" time="0.037">
    <failure message="Unexpected exception type thrown ==&gt; expected: &lt;com.ibanity.apis.client.exceptions.ResourceNotFoundException&gt; but was: &lt;io.crnk.client.TransportException&gt;" type="org.opentest4j.AssertionFailedError"><![CDATA[org.opentest4j.AssertionFailedError: Unexpected exception type thrown ==> expected: <com.ibanity.apis.client.exceptions.ResourceNotFoundException> but was: <io.crnk.client.TransportException>
	at com.ibanity.apis.client.sandbox.services.FinancialInstitutionAccountsServiceTest.testDeleteFinancialInstitutionAccountWithWrongIDs(FinancialInstitutionAccountsServiceTest.java:136)
Caused by: io.crnk.client.TransportException: java.io.IOException
	at com.ibanity.apis.client.sandbox.services.FinancialInstitutionAccountsServiceTest.lambda$testDeleteFinancialInstitutionAccountWithWrongIDs$3(FinancialInstitutionAccountsServiceTest.java:136)
	at com.ibanity.apis.client.sandbox.services.FinancialInstitutionAccountsServiceTest.testDeleteFinancialInstitutionAccountWithWrongIDs(FinancialInstitutionAccountsServiceTest.java:136)
Caused by: java.io.IOException
	at com.ibanity.apis.client.sandbox.services.FinancialInstitutionAccountsServiceTest.lambda$testDeleteFinancialInstitutionAccountWithWrongIDs$3(FinancialInstitutionAccountsServiceTest.java:136)
	at com.ibanity.apis.client.sandbox.services.FinancialInstitutionAccountsServiceTest.testDeleteFinancialInstitutionAccountWithWrongIDs(FinancialInstitutionAccountsServiceTest.java:136)
Caused by: java.lang.NullPointerException
	at com.ibanity.apis.client.sandbox.services.FinancialInstitutionAccountsServiceTest.lambda$testDeleteFinancialInstitutionAccountWithWrongIDs$3(FinancialInstitutionAccountsServiceTest.java:136)
	at com.ibanity.apis.client.sandbox.services.FinancialInstitutionAccountsServiceTest.testDeleteFinancialInstitutionAccountWithWrongIDs(FinancialInstitutionAccountsServiceTest.java:136)
]]></failure>
    <system-out><![CDATA[18:08:51.754 [main] FATAL com.ibanity.apis.client.network.http.client.IbanityHttpUtils - java.io.IOException: keystore password was incorrect
18:08:51.759 [main] FATAL com.ibanity.apis.client.network.http.client.IbanityHttpUtils - java.io.IOException: keystore password was incorrect
18:08:51.762 [main] FATAL com.ibanity.apis.client.network.http.client.IbanityHttpUtils - java.io.IOException: keystore password was incorrect
18:08:51.765 [main] FATAL com.ibanity.apis.client.network.http.client.IbanityHttpUtils - java.io.IOException: keystore password was incorrect
18:08:51.768 [main] FATAL com.ibanity.apis.client.network.http.client.IbanityHttpUtils - java.io.IOException: keystore password was incorrect
]]></system-out>
    <system-err><![CDATA[Jun 22, 2018 6:08:51 PM org.apache.http.impl.execchain.RetryExec execute
INFO: I/O exception (java.io.IOException) caught when processing request to {s}->https://api.ibanity.com:443: null
Jun 22, 2018 6:08:51 PM org.apache.http.impl.execchain.RetryExec execute
INFO: Retrying request to {s}->https://api.ibanity.com:443
Jun 22, 2018 6:08:51 PM org.apache.http.impl.execchain.RetryExec execute
INFO: I/O exception (java.io.IOException) caught when processing request to {s}->https://api.ibanity.com:443: null
Jun 22, 2018 6:08:51 PM org.apache.http.impl.execchain.RetryExec execute
INFO: Retrying request to {s}->https://api.ibanity.com:443
Jun 22, 2018 6:08:51 PM org.apache.http.impl.execchain.RetryExec execute
INFO: I/O exception (java.io.IOException) caught when processing request to {s}->https://api.ibanity.com:443: null
Jun 22, 2018 6:08:51 PM org.apache.http.impl.execchain.RetryExec execute
INFO: Retrying request to {s}->https://api.ibanity.com:443
]]></system-err>
  </testcase>
  <testcase name="testGetFinancialInstitutionUserAccounts" classname="com.ibanity.apis.client.sandbox.services.FinancialInstitutionAccountsServiceTest" time="0.012">
    <error message="java.io.IOException" type="io.crnk.client.TransportException">io.crnk.client.TransportException: java.io.IOException
	at com.ibanity.apis.client.sandbox.services.FinancialInstitutionAccountsServiceTest.testGetFinancialInstitutionUserAccounts(FinancialInstitutionAccountsServiceTest.java:64)
Caused by: java.io.IOException
	at com.ibanity.apis.client.sandbox.services.FinancialInstitutionAccountsServiceTest.testGetFinancialInstitutionUserAccounts(FinancialInstitutionAccountsServiceTest.java:64)
Caused by: java.lang.NullPointerException
	at com.ibanity.apis.client.sandbox.services.FinancialInstitutionAccountsServiceTest.testGetFinancialInstitutionUserAccounts(FinancialInstitutionAccountsServiceTest.java:64)
</error>
    <system-out><![CDATA[18:08:51.772 [main] FATAL com.ibanity.apis.client.network.http.client.IbanityHttpUtils - java.io.IOException: keystore password was incorrect
18:08:51.775 [main] FATAL com.ibanity.apis.client.network.http.client.IbanityHttpUtils - java.io.IOException: keystore password was incorrect
18:08:51.778 [main] FATAL com.ibanity.apis.client.network.http.client.IbanityHttpUtils - java.io.IOException: keystore password was incorrect
18:08:51.781 [main] FATAL com.ibanity.apis.client.network.http.client.IbanityHttpUtils - java.io.IOException: keystore password was incorrect
]]></system-out>
    <system-err><![CDATA[Jun 22, 2018 6:08:51 PM org.apache.http.impl.execchain.RetryExec execute
INFO: I/O exception (java.io.IOException) caught when processing request to {s}->https://api.ibanity.com:443: null
Jun 22, 2018 6:08:51 PM org.apache.http.impl.execchain.RetryExec execute
INFO: Retrying request to {s}->https://api.ibanity.com:443
Jun 22, 2018 6:08:51 PM org.apache.http.impl.execchain.RetryExec execute
INFO: I/O exception (java.io.IOException) caught when processing request to {s}->https://api.ibanity.com:443: null
Jun 22, 2018 6:08:51 PM org.apache.http.impl.execchain.RetryExec execute
INFO: Retrying request to {s}->https://api.ibanity.com:443
Jun 22, 2018 6:08:51 PM org.apache.http.impl.execchain.RetryExec execute
INFO: I/O exception (java.io.IOException) caught when processing request to {s}->https://api.ibanity.com:443: null
Jun 22, 2018 6:08:51 PM org.apache.http.impl.execchain.RetryExec execute
INFO: Retrying request to {s}->https://api.ibanity.com:443
]]></system-err>
  </testcase>
  <testcase name="testGetFinancialInstitutionAccountWithWrongIDs" classname="com.ibanity.apis.client.sandbox.services.FinancialInstitutionAccountsServiceTest" time="0.036">
    <failure message="Unexpected exception type thrown ==&gt; expected: &lt;com.ibanity.apis.client.exceptions.ResourceNotFoundException&gt; but was: &lt;io.crnk.client.TransportException&gt;" type="org.opentest4j.AssertionFailedError"><![CDATA[org.opentest4j.AssertionFailedError: Unexpected exception type thrown ==> expected: <com.ibanity.apis.client.exceptions.ResourceNotFoundException> but was: <io.crnk.client.TransportException>
	at com.ibanity.apis.client.sandbox.services.FinancialInstitutionAccountsServiceTest.testGetFinancialInstitutionAccountWithWrongIDs(FinancialInstitutionAccountsServiceTest.java:56)
Caused by: io.crnk.client.TransportException: java.io.IOException
	at com.ibanity.apis.client.sandbox.services.FinancialInstitutionAccountsServiceTest.lambda$testGetFinancialInstitutionAccountWithWrongIDs$0(FinancialInstitutionAccountsServiceTest.java:56)
	at com.ibanity.apis.client.sandbox.services.FinancialInstitutionAccountsServiceTest.testGetFinancialInstitutionAccountWithWrongIDs(FinancialInstitutionAccountsServiceTest.java:56)
Caused by: java.io.IOException
	at com.ibanity.apis.client.sandbox.services.FinancialInstitutionAccountsServiceTest.lambda$testGetFinancialInstitutionAccountWithWrongIDs$0(FinancialInstitutionAccountsServiceTest.java:56)
	at com.ibanity.apis.client.sandbox.services.FinancialInstitutionAccountsServiceTest.testGetFinancialInstitutionAccountWithWrongIDs(FinancialInstitutionAccountsServiceTest.java:56)
Caused by: java.lang.NullPointerException
	at com.ibanity.apis.client.sandbox.services.FinancialInstitutionAccountsServiceTest.lambda$testGetFinancialInstitutionAccountWithWrongIDs$0(FinancialInstitutionAccountsServiceTest.java:56)
	at com.ibanity.apis.client.sandbox.services.FinancialInstitutionAccountsServiceTest.testGetFinancialInstitutionAccountWithWrongIDs(FinancialInstitutionAccountsServiceTest.java:56)
]]></failure>
    <system-out><![CDATA[18:08:51.803 [main] FATAL com.ibanity.apis.client.network.http.client.IbanityHttpUtils - java.io.IOException: keystore password was incorrect
18:08:51.808 [main] FATAL com.ibanity.apis.client.network.http.client.IbanityHttpUtils - java.io.IOException: keystore password was incorrect
18:08:51.811 [main] FATAL com.ibanity.apis.client.network.http.client.IbanityHttpUtils - java.io.IOException: keystore password was incorrect
18:08:51.814 [main] FATAL com.ibanity.apis.client.network.http.client.IbanityHttpUtils - java.io.IOException: keystore password was incorrect
18:08:51.817 [main] FATAL com.ibanity.apis.client.network.http.client.IbanityHttpUtils - java.io.IOException: keystore password was incorrect
]]></system-out>
    <system-err><![CDATA[Jun 22, 2018 6:08:51 PM org.apache.http.impl.execchain.RetryExec execute
INFO: I/O exception (java.io.IOException) caught when processing request to {s}->https://api.ibanity.com:443: null
Jun 22, 2018 6:08:51 PM org.apache.http.impl.execchain.RetryExec execute
INFO: Retrying request to {s}->https://api.ibanity.com:443
Jun 22, 2018 6:08:51 PM org.apache.http.impl.execchain.RetryExec execute
INFO: I/O exception (java.io.IOException) caught when processing request to {s}->https://api.ibanity.com:443: null
Jun 22, 2018 6:08:51 PM org.apache.http.impl.execchain.RetryExec execute
INFO: Retrying request to {s}->https://api.ibanity.com:443
Jun 22, 2018 6:08:51 PM org.apache.http.impl.execchain.RetryExec execute
INFO: I/O exception (java.io.IOException) caught when processing request to {s}->https://api.ibanity.com:443: null
Jun 22, 2018 6:08:51 PM org.apache.http.impl.execchain.RetryExec execute
INFO: Retrying request to {s}->https://api.ibanity.com:443
]]></system-err>
  </testcase>
  <testcase name="testGetFinancialInstitutionUserAccountsWithWrongIDs" classname="com.ibanity.apis.client.sandbox.services.FinancialInstitutionAccountsServiceTest" time="0.035">
    <failure message="Unexpected exception type thrown ==&gt; expected: &lt;com.ibanity.apis.client.exceptions.ResourceNotFoundException&gt; but was: &lt;io.crnk.client.TransportException&gt;" type="org.opentest4j.AssertionFailedError"><![CDATA[org.opentest4j.AssertionFailedError: Unexpected exception type thrown ==> expected: <com.ibanity.apis.client.exceptions.ResourceNotFoundException> but was: <io.crnk.client.TransportException>
	at com.ibanity.apis.client.sandbox.services.FinancialInstitutionAccountsServiceTest.testGetFinancialInstitutionUserAccountsWithWrongIDs(FinancialInstitutionAccountsServiceTest.java:80)
Caused by: io.crnk.client.TransportException: java.io.IOException
	at com.ibanity.apis.client.sandbox.services.FinancialInstitutionAccountsServiceTest.lambda$testGetFinancialInstitutionUserAccountsWithWrongIDs$1(FinancialInstitutionAccountsServiceTest.java:80)
	at com.ibanity.apis.client.sandbox.services.FinancialInstitutionAccountsServiceTest.testGetFinancialInstitutionUserAccountsWithWrongIDs(FinancialInstitutionAccountsServiceTest.java:80)
Caused by: java.io.IOException
	at com.ibanity.apis.client.sandbox.services.FinancialInstitutionAccountsServiceTest.lambda$testGetFinancialInstitutionUserAccountsWithWrongIDs$1(FinancialInstitutionAccountsServiceTest.java:80)
	at com.ibanity.apis.client.sandbox.services.FinancialInstitutionAccountsServiceTest.testGetFinancialInstitutionUserAccountsWithWrongIDs(FinancialInstitutionAccountsServiceTest.java:80)
Caused by: java.lang.NullPointerException
	at com.ibanity.apis.client.sandbox.services.FinancialInstitutionAccountsServiceTest.lambda$testGetFinancialInstitutionUserAccountsWithWrongIDs$1(FinancialInstitutionAccountsServiceTest.java:80)
	at com.ibanity.apis.client.sandbox.services.FinancialInstitutionAccountsServiceTest.testGetFinancialInstitutionUserAccountsWithWrongIDs(FinancialInstitutionAccountsServiceTest.java:80)
]]></failure>
    <system-out><![CDATA[18:08:51.840 [main] FATAL com.ibanity.apis.client.network.http.client.IbanityHttpUtils - java.io.IOException: keystore password was incorrect
18:08:51.845 [main] FATAL com.ibanity.apis.client.network.http.client.IbanityHttpUtils - java.io.IOException: keystore password was incorrect
18:08:51.847 [main] FATAL com.ibanity.apis.client.network.http.client.IbanityHttpUtils - java.io.IOException: keystore password was incorrect
18:08:51.850 [main] FATAL com.ibanity.apis.client.network.http.client.IbanityHttpUtils - java.io.IOException: keystore password was incorrect
18:08:51.853 [main] FATAL com.ibanity.apis.client.network.http.client.IbanityHttpUtils - java.io.IOException: keystore password was incorrect
]]></system-out>
    <system-err><![CDATA[Jun 22, 2018 6:08:51 PM org.apache.http.impl.execchain.RetryExec execute
INFO: I/O exception (java.io.IOException) caught when processing request to {s}->https://api.ibanity.com:443: null
Jun 22, 2018 6:08:51 PM org.apache.http.impl.execchain.RetryExec execute
INFO: Retrying request to {s}->https://api.ibanity.com:443
Jun 22, 2018 6:08:51 PM org.apache.http.impl.execchain.RetryExec execute
INFO: I/O exception (java.io.IOException) caught when processing request to {s}->https://api.ibanity.com:443: null
Jun 22, 2018 6:08:51 PM org.apache.http.impl.execchain.RetryExec execute
INFO: Retrying request to {s}->https://api.ibanity.com:443
Jun 22, 2018 6:08:51 PM org.apache.http.impl.execchain.RetryExec execute
INFO: I/O exception (java.io.IOException) caught when processing request to {s}->https://api.ibanity.com:443: null
Jun 22, 2018 6:08:51 PM org.apache.http.impl.execchain.RetryExec execute
INFO: Retrying request to {s}->https://api.ibanity.com:443
]]></system-err>
  </testcase>
  <testcase name="testCreateFinancialInstitutionAccount" classname="com.ibanity.apis.client.sandbox.services.FinancialInstitutionAccountsServiceTest" time="0.014">
    <error message="java.io.IOException" type="io.crnk.client.TransportException">io.crnk.client.TransportException: java.io.IOException
	at com.ibanity.apis.client.sandbox.services.FinancialInstitutionAccountsServiceTest.testCreateFinancialInstitutionAccount(FinancialInstitutionAccountsServiceTest.java:88)
Caused by: java.io.IOException
	at com.ibanity.apis.client.sandbox.services.FinancialInstitutionAccountsServiceTest.testCreateFinancialInstitutionAccount(FinancialInstitutionAccountsServiceTest.java:88)
Caused by: java.lang.NullPointerException
	at com.ibanity.apis.client.sandbox.services.FinancialInstitutionAccountsServiceTest.testCreateFinancialInstitutionAccount(FinancialInstitutionAccountsServiceTest.java:88)
</error>
    <system-out><![CDATA[18:08:51.858 [main] FATAL com.ibanity.apis.client.network.http.client.IbanityHttpUtils - java.io.IOException: keystore password was incorrect
18:08:51.862 [main] FATAL com.ibanity.apis.client.network.http.client.IbanityHttpUtils - java.io.IOException: keystore password was incorrect
18:08:51.865 [main] FATAL com.ibanity.apis.client.network.http.client.IbanityHttpUtils - java.io.IOException: keystore password was incorrect
18:08:51.868 [main] FATAL com.ibanity.apis.client.network.http.client.IbanityHttpUtils - java.io.IOException: keystore password was incorrect
]]></system-out>
    <system-err><![CDATA[Jun 22, 2018 6:08:51 PM org.apache.http.impl.execchain.RetryExec execute
INFO: I/O exception (java.io.IOException) caught when processing request to {s}->https://api.ibanity.com:443: null
Jun 22, 2018 6:08:51 PM org.apache.http.impl.execchain.RetryExec execute
INFO: Retrying request to {s}->https://api.ibanity.com:443
Jun 22, 2018 6:08:51 PM org.apache.http.impl.execchain.RetryExec execute
INFO: I/O exception (java.io.IOException) caught when processing request to {s}->https://api.ibanity.com:443: null
Jun 22, 2018 6:08:51 PM org.apache.http.impl.execchain.RetryExec execute
INFO: Retrying request to {s}->https://api.ibanity.com:443
Jun 22, 2018 6:08:51 PM org.apache.http.impl.execchain.RetryExec execute
INFO: I/O exception (java.io.IOException) caught when processing request to {s}->https://api.ibanity.com:443: null
Jun 22, 2018 6:08:51 PM org.apache.http.impl.execchain.RetryExec execute
INFO: Retrying request to {s}->https://api.ibanity.com:443
]]></system-err>
  </testcase>
</testsuite>