<?xml version="1.0" encoding="UTF-8"?>
<testsuite name="com.omer.iyzico.PaymentControllerTest" time="0.323" tests="2" errors="0" skipped="0" failures="1">
  <properties>
    <property name="java.runtime.name" value="OpenJDK Runtime Environment"/>
    <property name="sun.boot.library.path" value="/usr/lib/jvm/java-8-openjdk-amd64/jre/lib/amd64"/>
    <property name="java.vm.version" value="25.121-b13"/>
    <property name="java.vm.vendor" value="Oracle Corporation"/>
    <property name="maven.multiModuleProjectDirectory" value="/root/workspace/omerxl/Payment/349541437"/>
    <property name="java.vendor.url" value="http://java.oracle.com/"/>
    <property name="path.separator" value=":"/>
    <property name="guice.disable.misplaced.annotation.check" value="true"/>
    <property name="java.vm.name" value="OpenJDK 64-Bit Server VM"/>
    <property name="file.encoding.pkg" value="sun.io"/>
    <property name="sun.java.launcher" value="SUN_STANDARD"/>
    <property name="sun.os.patch.level" value="unknown"/>
    <property name="findbugs.skip" value="true"/>
    <property name="java.vm.specification.name" value="Java Virtual Machine Specification"/>
    <property name="user.dir" value="/root/workspace/omerxl/Payment/349541437"/>
    <property name="checkstyle.skip" value="true"/>
    <property name="java.runtime.version" value="1.8.0_121-8u121-b13-1~bpo8+1-b13"/>
    <property name="java.awt.graphicsenv" value="sun.awt.X11GraphicsEnvironment"/>
    <property name="java.endorsed.dirs" value="/usr/lib/jvm/java-8-openjdk-amd64/jre/lib/endorsed"/>
    <property name="os.arch" value="amd64"/>
    <property name="java.io.tmpdir" value="/tmp"/>
    <property name="gpg.skip" value="true"/>
    <property name="line.separator" value="&#10;"/>
    <property name="java.vm.specification.vendor" value="Oracle Corporation"/>
    <property name="cobertura.skip" value="true"/>
    <property name="os.name" value="Linux"/>
    <property name="classworlds.conf" value="/usr/share/maven/bin/m2.conf"/>
    <property name="sun.jnu.encoding" value="UTF-8"/>
    <property name="java.library.path" value="/usr/java/packages/lib/amd64:/usr/lib/x86_64-linux-gnu/jni:/lib/x86_64-linux-gnu:/usr/lib/x86_64-linux-gnu:/usr/lib/jni:/lib:/usr/lib"/>
    <property name="license.skip" value="true"/>
    <property name="java.specification.name" value="Java Platform API Specification"/>
    <property name="java.class.version" value="52.0"/>
    <property name="sun.management.compiler" value="HotSpot 64-Bit Tiered Compilers"/>
    <property name="maven.repo.local" value="/root/./workspace/omerxl/Payment/349541437/.m2"/>
    <property name="os.version" value="3.10.0-693.17.1.el7.x86_64"/>
    <property name="user.home" value="/root"/>
    <property name="user.timezone" value="Europe/Paris"/>
    <property name="java.awt.printerjob" value="sun.print.PSPrinterJob"/>
    <property name="java.specification.version" value="1.8"/>
    <property name="file.encoding" value="UTF-8"/>
    <property name="user.name" value="root"/>
    <property name="java.class.path" value="/usr/share/maven/boot/plexus-classworlds-2.5.2.jar"/>
    <property name="skipITs" value="true"/>
    <property name="java.vm.specification.version" value="1.8"/>
    <property name="sun.arch.data.model" value="64"/>
    <property name="java.home" value="/usr/lib/jvm/java-8-openjdk-amd64/jre"/>
    <property name="sun.java.command" value="org.codehaus.plexus.classworlds.launcher.Launcher -B -D enforcer.skip=true -D skipITs=true -D cobertura.skip=true -D maven.repo.local=/root/./workspace/omerxl/Payment/349541437/.m2 -D rat.skip=true -D findbugs.skip=true -D gpg.skip=true -D checkstyle.skip=true -D license.skip=true test"/>
    <property name="java.specification.vendor" value="Oracle Corporation"/>
    <property name="user.language" value="en"/>
    <property name="awt.toolkit" value="sun.awt.X11.XToolkit"/>
    <property name="java.vm.info" value="mixed mode"/>
    <property name="java.version" value="1.8.0_121"/>
    <property name="java.ext.dirs" value="/usr/lib/jvm/java-8-openjdk-amd64/jre/lib/ext:/usr/java/packages/lib/ext"/>
    <property name="securerandom.source" value="file:/dev/./urandom"/>
    <property name="sun.boot.class.path" value="/usr/lib/jvm/java-8-openjdk-amd64/jre/lib/resources.jar:/usr/lib/jvm/java-8-openjdk-amd64/jre/lib/rt.jar:/usr/lib/jvm/java-8-openjdk-amd64/jre/lib/sunrsasign.jar:/usr/lib/jvm/java-8-openjdk-amd64/jre/lib/jsse.jar:/usr/lib/jvm/java-8-openjdk-amd64/jre/lib/jce.jar:/usr/lib/jvm/java-8-openjdk-amd64/jre/lib/charsets.jar:/usr/lib/jvm/java-8-openjdk-amd64/jre/lib/jfr.jar:/usr/lib/jvm/java-8-openjdk-amd64/jre/classes"/>
    <property name="java.vendor" value="Oracle Corporation"/>
    <property name="enforcer.skip" value="true"/>
    <property name="rat.skip" value="true"/>
    <property name="maven.home" value="/usr/share/maven"/>
    <property name="file.separator" value="/"/>
    <property name="java.vendor.url.bug" value="http://bugreport.sun.com/bugreport/"/>
    <property name="sun.cpu.endian" value="little"/>
    <property name="sun.io.unicode.encoding" value="UnicodeLittle"/>
    <property name="sun.cpu.isalist" value=""/>
  </properties>
  <testcase name="payment_succes" classname="com.omer.iyzico.PaymentControllerTest" time="0.237">
    <failure message="Response content expected:&lt;Ödeme Alındı&gt; but was:&lt;{&quot;result&quot;:&quot;Ödeme Alındı&quot;}&gt;" type="java.lang.AssertionError"><![CDATA[java.lang.AssertionError: Response content expected:<Ödeme Alındı> but was:<{"result":"Ödeme Alındı"}>
	at org.springframework.test.util.AssertionErrors.fail(AssertionErrors.java:54)
	at org.springframework.test.util.AssertionErrors.assertEquals(AssertionErrors.java:81)
	at org.springframework.test.web.servlet.result.ContentResultMatchers$5.match(ContentResultMatchers.java:150)
	at org.springframework.test.web.servlet.MockMvc$1.andExpect(MockMvc.java:171)
	at com.omer.iyzico.PaymentControllerTest.payment_succes(PaymentControllerTest.java:45)
]]></failure>
    <system-out><![CDATA[2018-03-05 23:25:12.250  INFO 314 --- [           main] .b.t.c.SpringBootTestContextBootstrapper : Neither @ContextConfiguration nor @ContextHierarchy found for test class [com.omer.iyzico.PaymentControllerTest], using SpringBootContextLoader
2018-03-05 23:25:12.250  INFO 314 --- [           main] o.s.t.c.support.AbstractContextLoader    : Could not detect default resource locations for test class [com.omer.iyzico.PaymentControllerTest]: no resource found for suffixes {-context.xml, Context.groovy}.
2018-03-05 23:25:12.250  INFO 314 --- [           main] t.c.s.AnnotationConfigContextLoaderUtils : Could not detect default configuration classes for test class [com.omer.iyzico.PaymentControllerTest]: PaymentControllerTest does not declare any static, non-private, non-final, nested classes annotated with @Configuration.
2018-03-05 23:25:12.254  INFO 314 --- [           main] .b.t.c.SpringBootTestContextBootstrapper : Found @SpringBootConfiguration com.omer.iyzico.Application for test class com.omer.iyzico.PaymentControllerTest
2018-03-05 23:25:12.255  INFO 314 --- [           main] .b.t.c.SpringBootTestContextBootstrapper : Loaded default TestExecutionListener class names from location [META-INF/spring.factories]: [org.springframework.boot.test.mock.mockito.MockitoTestExecutionListener, org.springframework.boot.test.mock.mockito.ResetMocksTestExecutionListener, org.springframework.boot.test.autoconfigure.restdocs.RestDocsTestExecutionListener, org.springframework.boot.test.autoconfigure.web.client.MockRestServiceServerResetTestExecutionListener, org.springframework.boot.test.autoconfigure.web.servlet.MockMvcPrintOnlyOnFailureTestExecutionListener, org.springframework.boot.test.autoconfigure.web.servlet.WebDriverTestExecutionListener, org.springframework.test.context.web.ServletTestExecutionListener, org.springframework.test.context.support.DirtiesContextBeforeModesTestExecutionListener, org.springframework.test.context.support.DependencyInjectionTestExecutionListener, org.springframework.test.context.support.DirtiesContextTestExecutionListener, org.springframework.test.context.transaction.TransactionalTestExecutionListener, org.springframework.test.context.jdbc.SqlScriptsTestExecutionListener]
2018-03-05 23:25:12.256  INFO 314 --- [           main] .b.t.c.SpringBootTestContextBootstrapper : Using TestExecutionListeners: [org.springframework.test.context.web.ServletTestExecutionListener@64d1096b, org.springframework.test.context.support.DirtiesContextBeforeModesTestExecutionListener@73586986, org.springframework.boot.test.autoconfigure.SpringBootDependencyInjectionTestExecutionListener@bf77582, org.springframework.test.context.support.DirtiesContextTestExecutionListener@33f82515, org.springframework.test.context.transaction.TransactionalTestExecutionListener@5f0ef850, org.springframework.test.context.jdbc.SqlScriptsTestExecutionListener@6f2aae6e, org.springframework.boot.test.mock.mockito.MockitoTestExecutionListener@5fc18d6c, org.springframework.boot.test.mock.mockito.ResetMocksTestExecutionListener@2d63db0c, org.springframework.boot.test.autoconfigure.restdocs.RestDocsTestExecutionListener@5076a88, org.springframework.boot.test.autoconfigure.web.client.MockRestServiceServerResetTestExecutionListener@3fe4fd98, org.springframework.boot.test.autoconfigure.web.servlet.MockMvcPrintOnlyOnFailureTestExecutionListener@6c1dbde5, org.springframework.boot.test.autoconfigure.web.servlet.WebDriverTestExecutionListener@5f95b0d1]

  .   ____          _            __ _ _
 /\\ / ___'_ __ _ _(_)_ __  __ _ \ \ \ \
( ( )\___ | '_ | '_| | '_ \/ _` | \ \ \ \
 \\/  ___)| |_)| | | | | || (_| |  ) ) ) )
  '  |____| .__|_| |_|_| |_\__, | / / / /
 =========|_|==============|___/=/_/_/_/
 :: Spring Boot ::       (v1.5.10.RELEASE)

2018-03-05 23:25:12.283  INFO 314 --- [           main] com.omer.iyzico.PaymentControllerTest    : Starting PaymentControllerTest on spirals-vortex.lille.inria.fr with PID 314 (started by root in /root/workspace/omerxl/Payment/349541437)
2018-03-05 23:25:12.284  INFO 314 --- [           main] com.omer.iyzico.PaymentControllerTest    : No active profile set, falling back to default profiles: default
2018-03-05 23:25:12.285  INFO 314 --- [           main] o.s.w.c.s.GenericWebApplicationContext   : Refreshing org.springframework.web.context.support.GenericWebApplicationContext@174640e5: startup date [Mon Mar 05 23:25:12 CET 2018]; root of context hierarchy
2018-03-05 23:25:12.545  INFO 314 --- [           main] trationDelegate$BeanPostProcessorChecker : Bean 'org.springframework.transaction.annotation.ProxyTransactionManagementConfiguration' of type [org.springframework.transaction.annotation.ProxyTransactionManagementConfiguration$$EnhancerBySpringCGLIB$$9ed892bf] is not eligible for getting processed by all BeanPostProcessors (for example: not eligible for auto-proxying)
2018-03-05 23:25:12.720  INFO 314 --- [           main] j.LocalContainerEntityManagerFactoryBean : Building JPA container EntityManagerFactory for persistence unit 'default'
2018-03-05 23:25:12.721  INFO 314 --- [           main] o.hibernate.jpa.internal.util.LogHelper  : HHH000204: Processing PersistenceUnitInfo [
	name: default
	...]
2018-03-05 23:25:12.729  INFO 314 --- [           main] org.hibernate.dialect.Dialect            : HHH000400: Using dialect: org.hibernate.dialect.H2Dialect
2018-03-05 23:25:13.009  INFO 314 --- [           main] org.hibernate.tool.hbm2ddl.SchemaExport  : HHH000227: Running hbm2ddl schema export
2018-03-05 23:25:13.023  INFO 314 --- [           main] org.hibernate.tool.hbm2ddl.SchemaExport  : HHH000230: Schema export complete
2018-03-05 23:25:13.026  WARN 314 --- [           main] o.h.j.i.EntityManagerFactoryRegistry     : HHH000436: Entity manager factory name (default) is already registered.  If entity manager will be clustered or passivated, specify a unique value for property 'hibernate.ejb.entitymanager_factory_name'
2018-03-05 23:25:13.026  INFO 314 --- [           main] j.LocalContainerEntityManagerFactoryBean : Initialized JPA EntityManagerFactory for persistence unit 'default'
2018-03-05 23:25:13.213  INFO 314 --- [           main] o.s.b.t.m.w.SpringBootMockServletContext : Initializing Spring FrameworkServlet ''
2018-03-05 23:25:13.213  INFO 314 --- [           main] o.s.t.web.servlet.TestDispatcherServlet  : FrameworkServlet '': initialization started
2018-03-05 23:25:13.276  INFO 314 --- [           main] s.w.s.m.m.a.RequestMappingHandlerMapping : Mapped "{[/logs],produces=[application/json]}" onto public java.lang.String com.omer.iyzico.controller.LogController.logs()
2018-03-05 23:25:13.276  INFO 314 --- [           main] s.w.s.m.m.a.RequestMappingHandlerMapping : Mapped "{[/logs/{id}],produces=[application/json]}" onto public java.lang.String com.omer.iyzico.controller.LogController.log(java.lang.Integer)
2018-03-05 23:25:13.277  INFO 314 --- [           main] s.w.s.m.m.a.RequestMappingHandlerMapping : Mapped "{[/getBinNumber],produces=[application/json]}" onto public com.iyzipay.model.BinNumber com.omer.iyzico.controller.PaymentController.binNumber(java.lang.String)
2018-03-05 23:25:13.277  INFO 314 --- [           main] s.w.s.m.m.a.RequestMappingHandlerMapping : Mapped "{[/payment],methods=[POST],produces=[application/json]}" onto public java.util.Map com.omer.iyzico.controller.PaymentController.payment(com.omer.iyzico.model.Request)
2018-03-05 23:25:13.278  INFO 314 --- [           main] s.w.s.m.m.a.RequestMappingHandlerMapping : Mapped "{[/sales/{id}],produces=[application/json]}" onto public java.lang.String com.omer.iyzico.controller.SaleController.sale(java.lang.Integer)
2018-03-05 23:25:13.278  INFO 314 --- [           main] s.w.s.m.m.a.RequestMappingHandlerMapping : Mapped "{[/sales],produces=[application/json]}" onto public java.lang.String com.omer.iyzico.controller.SaleController.sales()
2018-03-05 23:25:13.279  INFO 314 --- [           main] s.w.s.m.m.a.RequestMappingHandlerMapping : Mapped "{[/tickets],methods=[POST],produces=[application/json]}" onto public java.lang.String com.omer.iyzico.controller.TicketController.createTicket(com.omer.iyzico.model.Ticket)
2018-03-05 23:25:13.280  INFO 314 --- [           main] s.w.s.m.m.a.RequestMappingHandlerMapping : Mapped "{[/tickets/{id}],methods=[PUT],produces=[application/json]}" onto public java.lang.String com.omer.iyzico.controller.TicketController.editTicket(java.lang.Integer,com.omer.iyzico.model.Ticket)
2018-03-05 23:25:13.280  INFO 314 --- [           main] s.w.s.m.m.a.RequestMappingHandlerMapping : Mapped "{[/tickets],methods=[GET],produces=[application/json]}" onto public java.lang.String com.omer.iyzico.controller.TicketController.listTickets()
2018-03-05 23:25:13.280  INFO 314 --- [           main] s.w.s.m.m.a.RequestMappingHandlerMapping : Mapped "{[/tickets/{id}],methods=[GET],produces=[application/json]}" onto public java.lang.String com.omer.iyzico.controller.TicketController.getTicket(java.lang.Integer)
2018-03-05 23:25:13.280  INFO 314 --- [           main] s.w.s.m.m.a.RequestMappingHandlerMapping : Mapped "{[/tickets/{id}],methods=[DELETE],produces=[application/json]}" onto public java.lang.String com.omer.iyzico.controller.TicketController.deleteTicket(java.lang.Integer)
2018-03-05 23:25:13.282  INFO 314 --- [           main] s.w.s.m.m.a.RequestMappingHandlerMapping : Mapped "{[/error],produces=[text/html]}" onto public org.springframework.web.servlet.ModelAndView org.springframework.boot.autoconfigure.web.BasicErrorController.errorHtml(javax.servlet.http.HttpServletRequest,javax.servlet.http.HttpServletResponse)
2018-03-05 23:25:13.282  INFO 314 --- [           main] s.w.s.m.m.a.RequestMappingHandlerMapping : Mapped "{[/error]}" onto public org.springframework.http.ResponseEntity<java.util.Map<java.lang.String, java.lang.Object>> org.springframework.boot.autoconfigure.web.BasicErrorController.error(javax.servlet.http.HttpServletRequest)
2018-03-05 23:25:13.304  INFO 314 --- [           main] o.s.w.s.handler.SimpleUrlHandlerMapping  : Mapped URL path [/webjars/**] onto handler of type [class org.springframework.web.servlet.resource.ResourceHttpRequestHandler]
2018-03-05 23:25:13.304  INFO 314 --- [           main] o.s.w.s.handler.SimpleUrlHandlerMapping  : Mapped URL path [/**] onto handler of type [class org.springframework.web.servlet.resource.ResourceHttpRequestHandler]
2018-03-05 23:25:13.314  INFO 314 --- [           main] o.s.w.s.handler.SimpleUrlHandlerMapping  : Mapped URL path [/**/favicon.ico] onto handler of type [class org.springframework.web.servlet.resource.ResourceHttpRequestHandler]
2018-03-05 23:25:13.399  INFO 314 --- [           main] s.w.s.m.m.a.RequestMappingHandlerAdapter : Looking for @ControllerAdvice: org.springframework.web.context.support.GenericWebApplicationContext@174640e5: startup date [Mon Mar 05 23:25:12 CET 2018]; root of context hierarchy
2018-03-05 23:25:13.442  INFO 314 --- [           main] o.s.t.web.servlet.TestDispatcherServlet  : FrameworkServlet '': initialization completed in 229 ms
2018-03-05 23:25:13.576  INFO 314 --- [           main] com.omer.iyzico.PaymentControllerTest    : Started PaymentControllerTest in 1.316 seconds (JVM running for 12.982)
2018-03-05 23:25:13.780  INFO 314 --- [           main] com.omer.iyzico.checkers.PaymentCheck    : 05.03.2018T23:25:13+0100,-1,5526080000000006

MockHttpServletRequest:
      HTTP Method = POST
      Request URI = /payment
       Parameters = {}
          Headers = {Content-Type=[application/json;charset=UTF-8]}

Handler:
             Type = com.omer.iyzico.controller.PaymentController
           Method = public java.util.Map com.omer.iyzico.controller.PaymentController.payment(com.omer.iyzico.model.Request)

Async:
    Async started = false
     Async result = null

Resolved Exception:
             Type = null

ModelAndView:
        View name = null
             View = null
            Model = null

FlashMap:
       Attributes = null

MockHttpServletResponse:
           Status = 200
    Error message = null
          Headers = {Content-Type=[application/json;charset=UTF-8]}
     Content type = application/json;charset=UTF-8
             Body = {"result":"Ödeme Alındı"}
    Forwarded URL = null
   Redirected URL = null
          Cookies = []
]]></system-out>
  </testcase>
  <testcase name="getBinNumber_success" classname="com.omer.iyzico.PaymentControllerTest" time="0.086"/>
</testsuite>