<?xml version="1.0" encoding="UTF-8"?>
<testsuite xmlns:xsi="http://www.w3.org/2001/XMLSchema-instance" xsi:noNamespaceSchemaLocation="https://maven.apache.org/surefire/maven-surefire-plugin/xsd/surefire-test-report.xsd" name="jmri.jmrit.display.layoutEditor.LayoutEditorTest" time="0.059" tests="97" errors="0" skipped="97" failures="0">
  <properties>
    <property name="java.runtime.name" value="OpenJDK Runtime Environment"/>
    <property name="sun.boot.library.path" value="/usr/lib/jvm/java-8-openjdk-amd64/jre/lib/amd64"/>
    <property name="java.vm.version" value="25.121-b13"/>
    <property name="java.vm.vendor" value="Oracle Corporation"/>
    <property name="maven.multiModuleProjectDirectory" value="/root/workspace/JMRI/JMRI/386500808"/>
    <property name="java.vendor.url" value="http://java.oracle.com/"/>
    <property name="path.separator" value=":"/>
    <property name="guice.disable.misplaced.annotation.check" value="true"/>
    <property name="skip.gulp" value="true"/>
    <property name="java.vm.name" value="OpenJDK 64-Bit Server VM"/>
    <property name="file.encoding.pkg" value="sun.io"/>
    <property name="sun.java.launcher" value="SUN_STANDARD"/>
    <property name="sun.os.patch.level" value="unknown"/>
    <property name="findbugs.skip" value="true"/>
    <property name="java.vm.specification.name" value="Java Virtual Machine Specification"/>
    <property name="user.dir" value="/root/workspace/JMRI/JMRI/386500808"/>
    <property name="checkstyle.skip" value="true"/>
    <property name="java.runtime.version" value="1.8.0_121-8u121-b13-1~bpo8+1-b13"/>
    <property name="java.awt.graphicsenv" value="sun.awt.X11GraphicsEnvironment"/>
    <property name="skip.npm" value="true"/>
    <property name="java.endorsed.dirs" value="/usr/lib/jvm/java-8-openjdk-amd64/jre/lib/endorsed"/>
    <property name="os.arch" value="amd64"/>
    <property name="java.io.tmpdir" value="/tmp"/>
    <property name="gpg.skip" value="true"/>
    <property name="line.separator" value="&#10;"/>
    <property name="java.vm.specification.vendor" value="Oracle Corporation"/>
    <property name="cobertura.skip" value="true"/>
    <property name="os.name" value="Linux"/>
    <property name="classworlds.conf" value="/usr/share/maven/bin/m2.conf"/>
    <property name="sun.jnu.encoding" value="UTF-8"/>
    <property name="java.library.path" value="/usr/java/packages/lib/amd64:/usr/lib/x86_64-linux-gnu/jni:/lib/x86_64-linux-gnu:/usr/lib/x86_64-linux-gnu:/usr/lib/jni:/lib:/usr/lib"/>
    <property name="license.skip" value="true"/>
    <property name="java.specification.name" value="Java Platform API Specification"/>
    <property name="java.class.version" value="52.0"/>
    <property name="sun.management.compiler" value="HotSpot 64-Bit Tiered Compilers"/>
    <property name="skip.bower" value="true"/>
    <property name="maven.repo.local" value="/root/./workspace/JMRI/JMRI/386500808/.m2"/>
    <property name="os.version" value="3.10.0-862.2.3.el7.x86_64"/>
    <property name="user.home" value="/root"/>
    <property name="user.timezone" value="Europe/Paris"/>
    <property name="java.awt.printerjob" value="sun.print.PSPrinterJob"/>
    <property name="java.specification.version" value="1.8"/>
    <property name="file.encoding" value="UTF-8"/>
    <property name="user.name" value="root"/>
    <property name="java.class.path" value="/usr/share/maven/boot/plexus-classworlds-2.5.2.jar"/>
    <property name="skipITs" value="true"/>
    <property name="java.vm.specification.version" value="1.8"/>
    <property name="sun.arch.data.model" value="64"/>
    <property name="java.home" value="/usr/lib/jvm/java-8-openjdk-amd64/jre"/>
    <property name="sun.java.command" value="org.codehaus.plexus.classworlds.launcher.Launcher -B -D enforcer.skip=true -D dependency-check.skip=true -D skipITs=true -D cobertura.skip=true -D maven.repo.local=/root/./workspace/JMRI/JMRI/386500808/.m2 -D rat.skip=true -D findbugs.skip=true -D skip.bower=true -D gpg.skip=true -D checkstyle.skip=true -D skip.gulp=true -D license.skip=true -D skip.npm=true test"/>
    <property name="java.specification.vendor" value="Oracle Corporation"/>
    <property name="user.language" value="en"/>
    <property name="awt.toolkit" value="sun.awt.X11.XToolkit"/>
    <property name="dependency-check.skip" value="true"/>
    <property name="java.vm.info" value="mixed mode"/>
    <property name="java.version" value="1.8.0_121"/>
    <property name="java.ext.dirs" value="/usr/lib/jvm/java-8-openjdk-amd64/jre/lib/ext:/usr/java/packages/lib/ext"/>
    <property name="securerandom.source" value="file:/dev/./urandom"/>
    <property name="sun.boot.class.path" value="/usr/lib/jvm/java-8-openjdk-amd64/jre/lib/resources.jar:/usr/lib/jvm/java-8-openjdk-amd64/jre/lib/rt.jar:/usr/lib/jvm/java-8-openjdk-amd64/jre/lib/sunrsasign.jar:/usr/lib/jvm/java-8-openjdk-amd64/jre/lib/jsse.jar:/usr/lib/jvm/java-8-openjdk-amd64/jre/lib/jce.jar:/usr/lib/jvm/java-8-openjdk-amd64/jre/lib/charsets.jar:/usr/lib/jvm/java-8-openjdk-amd64/jre/lib/jfr.jar:/usr/lib/jvm/java-8-openjdk-amd64/jre/classes"/>
    <property name="java.vendor" value="Oracle Corporation"/>
    <property name="enforcer.skip" value="true"/>
    <property name="rat.skip" value="true"/>
    <property name="maven.home" value="/usr/share/maven"/>
    <property name="file.separator" value="/"/>
    <property name="java.vendor.url.bug" value="http://bugreport.sun.com/bugreport/"/>
    <property name="sun.cpu.endian" value="little"/>
    <property name="sun.io.unicode.encoding" value="UnicodeLittle"/>
    <property name="sun.cpu.isalist" value=""/>
  </properties>
  <testcase name="testSetTurnoutDrawUnselectedLeg" classname="jmri.jmrit.display.layoutEditor.LayoutEditorTest" time="0">
    <skipped message="got: &lt;false&gt;, expected: is &lt;true&gt;"/>
  </testcase>
  <testcase name="testGetGrideSize" classname="jmri.jmrit.display.layoutEditor.LayoutEditorTest" time="0">
    <skipped message="got: &lt;false&gt;, expected: is &lt;true&gt;"/>
  </testcase>
  <testcase name="testGetSetZoom" classname="jmri.jmrit.display.layoutEditor.LayoutEditorTest" time="0">
    <skipped message="got: &lt;false&gt;, expected: is &lt;true&gt;"/>
  </testcase>
  <testcase name="testGetTooltipsInEdit" classname="jmri.jmrit.display.layoutEditor.LayoutEditorTest" time="0">
    <skipped message="got: &lt;false&gt;, expected: is &lt;true&gt;"/>
  </testcase>
  <testcase name="testSetOpenDispatcherOnLoad" classname="jmri.jmrit.display.layoutEditor.LayoutEditorTest" time="0">
    <skipped message="got: &lt;false&gt;, expected: is &lt;true&gt;"/>
  </testcase>
  <testcase name="testSetAutoBlockAssignment" classname="jmri.jmrit.display.layoutEditor.LayoutEditorTest" time="0">
    <skipped message="got: &lt;false&gt;, expected: is &lt;true&gt;"/>
  </testcase>
  <testcase name="testSetHighlightSelectedBlockTrue" classname="jmri.jmrit.display.layoutEditor.LayoutEditorTest" time="0">
    <skipped message="got: &lt;false&gt;, expected: is &lt;true&gt;"/>
  </testcase>
  <testcase name="testSetAllEditableFalse" classname="jmri.jmrit.display.layoutEditor.LayoutEditorTest" time="0">
    <skipped message="got: &lt;false&gt;, expected: is &lt;true&gt;"/>
  </testcase>
  <testcase name="checkDispatcherMenuExists" classname="jmri.jmrit.display.layoutEditor.LayoutEditorTest" time="0">
    <skipped message="got: &lt;false&gt;, expected: is &lt;true&gt;"/>
  </testcase>
  <testcase name="testSetTurnoutBX" classname="jmri.jmrit.display.layoutEditor.LayoutEditorTest" time="0">
    <skipped message="got: &lt;false&gt;, expected: is &lt;true&gt;"/>
  </testcase>
  <testcase name="testSetTurnoutCX" classname="jmri.jmrit.display.layoutEditor.LayoutEditorTest" time="0">
    <skipped message="got: &lt;false&gt;, expected: is &lt;true&gt;"/>
  </testcase>
  <testcase name="testGetAntialiasingOn" classname="jmri.jmrit.display.layoutEditor.LayoutEditorTest" time="0">
    <skipped message="got: &lt;false&gt;, expected: is &lt;true&gt;"/>
  </testcase>
  <testcase name="testGetTurnoutWid" classname="jmri.jmrit.display.layoutEditor.LayoutEditorTest" time="0">
    <skipped message="got: &lt;false&gt;, expected: is &lt;true&gt;"/>
  </testcase>
  <testcase name="checkMarkerMenuExists" classname="jmri.jmrit.display.layoutEditor.LayoutEditorTest" time="0">
    <skipped message="got: &lt;false&gt;, expected: is &lt;true&gt;"/>
  </testcase>
  <testcase name="testSetAllEditableTrue" classname="jmri.jmrit.display.layoutEditor.LayoutEditorTest" time="0">
    <skipped message="got: &lt;false&gt;, expected: is &lt;true&gt;"/>
  </testcase>
  <testcase name="testSetLayoutName" classname="jmri.jmrit.display.layoutEditor.LayoutEditorTest" time="0">
    <skipped message="got: &lt;false&gt;, expected: is &lt;true&gt;"/>
  </testcase>
  <testcase name="testSetSnapOnAdd" classname="jmri.jmrit.display.layoutEditor.LayoutEditorTest" time="0">
    <skipped message="got: &lt;false&gt;, expected: is &lt;true&gt;"/>
  </testcase>
  <testcase name="testGetDefaultOccupiedTrackColor" classname="jmri.jmrit.display.layoutEditor.LayoutEditorTest" time="0">
    <skipped message="got: &lt;false&gt;, expected: is &lt;true&gt;"/>
  </testcase>
  <testcase name="testToolBarPostionOptions" classname="jmri.jmrit.display.layoutEditor.LayoutEditorTest" time="0">
    <skipped message="got: &lt;false&gt;, expected: is &lt;true&gt;"/>
  </testcase>
  <testcase name="testGetLayoutHeight" classname="jmri.jmrit.display.layoutEditor.LayoutEditorTest" time="0">
    <skipped message="got: &lt;false&gt;, expected: is &lt;true&gt;"/>
  </testcase>
  <testcase name="testGetDirectTurnoutControl" classname="jmri.jmrit.display.layoutEditor.LayoutEditorTest" time="0">
    <skipped message="got: &lt;false&gt;, expected: is &lt;true&gt;"/>
  </testcase>
  <testcase name="testDefaultCtor" classname="jmri.jmrit.display.layoutEditor.LayoutEditorTest" time="0">
    <skipped message="got: &lt;false&gt;, expected: is &lt;true&gt;"/>
  </testcase>
  <testcase name="testSetTurnoutWid" classname="jmri.jmrit.display.layoutEditor.LayoutEditorTest" time="0">
    <skipped message="got: &lt;false&gt;, expected: is &lt;true&gt;"/>
  </testcase>
  <testcase name="testSetDirectTurnoutControlOff" classname="jmri.jmrit.display.layoutEditor.LayoutEditorTest" time="0">
    <skipped message="got: &lt;false&gt;, expected: is &lt;true&gt;"/>
  </testcase>
  <testcase name="testGetTurnoutDrawUnselectedLeg" classname="jmri.jmrit.display.layoutEditor.LayoutEditorTest" time="0">
    <skipped message="got: &lt;false&gt;, expected: is &lt;true&gt;"/>
  </testcase>
  <testcase name="testSetLayoutDimensions" classname="jmri.jmrit.display.layoutEditor.LayoutEditorTest" time="0">
    <skipped message="got: &lt;false&gt;, expected: is &lt;true&gt;"/>
  </testcase>
  <testcase name="checkZoomMenuExists" classname="jmri.jmrit.display.layoutEditor.LayoutEditorTest" time="0">
    <skipped message="got: &lt;false&gt;, expected: is &lt;true&gt;"/>
  </testcase>
  <testcase name="testGetShowHelpBar" classname="jmri.jmrit.display.layoutEditor.LayoutEditorTest" time="0">
    <skipped message="got: &lt;false&gt;, expected: is &lt;true&gt;"/>
  </testcase>
  <testcase name="testIsEditableDefault" classname="jmri.jmrit.display.layoutEditor.LayoutEditorTest" time="0">
    <skipped message="got: &lt;false&gt;, expected: is &lt;true&gt;"/>
  </testcase>
  <testcase name="testGetSnapOnMove" classname="jmri.jmrit.display.layoutEditor.LayoutEditorTest" time="0">
    <skipped message="got: &lt;false&gt;, expected: is &lt;true&gt;"/>
  </testcase>
  <testcase name="testGetXOverHWid" classname="jmri.jmrit.display.layoutEditor.LayoutEditorTest" time="0">
    <skipped message="got: &lt;false&gt;, expected: is &lt;true&gt;"/>
  </testcase>
  <testcase name="testGetXOverLong" classname="jmri.jmrit.display.layoutEditor.LayoutEditorTest" time="0">
    <skipped message="got: &lt;false&gt;, expected: is &lt;true&gt;"/>
  </testcase>
  <testcase name="testGetTooltipsNotEdit" classname="jmri.jmrit.display.layoutEditor.LayoutEditorTest" time="0">
    <skipped message="got: &lt;false&gt;, expected: is &lt;true&gt;"/>
  </testcase>
  <testcase name="testSetGrideSize" classname="jmri.jmrit.display.layoutEditor.LayoutEditorTest" time="0">
    <skipped message="got: &lt;false&gt;, expected: is &lt;true&gt;"/>
  </testcase>
  <testcase name="testGetTurnoutCircleColor" classname="jmri.jmrit.display.layoutEditor.LayoutEditorTest" time="0">
    <skipped message="got: &lt;false&gt;, expected: is &lt;true&gt;"/>
  </testcase>
  <testcase name="testSetSideTrackWidth" classname="jmri.jmrit.display.layoutEditor.LayoutEditorTest" time="0">
    <skipped message="got: &lt;false&gt;, expected: is &lt;true&gt;"/>
  </testcase>
  <testcase name="testGetSidelineTrackWidth" classname="jmri.jmrit.display.layoutEditor.LayoutEditorTest" time="0">
    <skipped message="got: &lt;false&gt;, expected: is &lt;true&gt;"/>
  </testcase>
  <testcase name="testSetDefaultOccupiedTrackColor" classname="jmri.jmrit.display.layoutEditor.LayoutEditorTest" time="0">
    <skipped message="got: &lt;false&gt;, expected: is &lt;true&gt;"/>
  </testcase>
  <testcase name="testGetUpperLeftX" classname="jmri.jmrit.display.layoutEditor.LayoutEditorTest" time="0">
    <skipped message="got: &lt;false&gt;, expected: is &lt;true&gt;"/>
  </testcase>
  <testcase name="testGetUpperLeftY" classname="jmri.jmrit.display.layoutEditor.LayoutEditorTest" time="0">
    <skipped message="got: &lt;false&gt;, expected: is &lt;true&gt;"/>
  </testcase>
  <testcase name="testSetMainlineTrackWidth" classname="jmri.jmrit.display.layoutEditor.LayoutEditorTest" time="0">
    <skipped message="got: &lt;false&gt;, expected: is &lt;true&gt;"/>
  </testcase>
  <testcase name="testGetWindowHeight" classname="jmri.jmrit.display.layoutEditor.LayoutEditorTest" time="0">
    <skipped message="got: &lt;false&gt;, expected: is &lt;true&gt;"/>
  </testcase>
  <testcase name="testGetWindowWidth" classname="jmri.jmrit.display.layoutEditor.LayoutEditorTest" time="0">
    <skipped message="got: &lt;false&gt;, expected: is &lt;true&gt;"/>
  </testcase>
  <testcase name="testResetTurnoutSizes" classname="jmri.jmrit.display.layoutEditor.LayoutEditorTest" time="0">
    <skipped message="got: &lt;false&gt;, expected: is &lt;true&gt;"/>
  </testcase>
  <testcase name="testGetLayoutWidth" classname="jmri.jmrit.display.layoutEditor.LayoutEditorTest" time="0">
    <skipped message="got: &lt;false&gt;, expected: is &lt;true&gt;"/>
  </testcase>
  <testcase name="checkOptionsMenuExists" classname="jmri.jmrit.display.layoutEditor.LayoutEditorTest" time="0">
    <skipped message="got: &lt;false&gt;, expected: is &lt;true&gt;"/>
  </testcase>
  <testcase name="testGetHighlightSelectedBlockDefault" classname="jmri.jmrit.display.layoutEditor.LayoutEditorTest" time="0">
    <skipped message="got: &lt;false&gt;, expected: is &lt;true&gt;"/>
  </testcase>
  <testcase name="testSetTurnoutAnimating" classname="jmri.jmrit.display.layoutEditor.LayoutEditorTest" time="0">
    <skipped message="got: &lt;false&gt;, expected: is &lt;true&gt;"/>
  </testcase>
  <testcase name="testSetSnapOnMove" classname="jmri.jmrit.display.layoutEditor.LayoutEditorTest" time="0">
    <skipped message="got: &lt;false&gt;, expected: is &lt;true&gt;"/>
  </testcase>
  <testcase name="testGetOpenDispatcherOnLoad" classname="jmri.jmrit.display.layoutEditor.LayoutEditorTest" time="0">
    <skipped message="got: &lt;false&gt;, expected: is &lt;true&gt;"/>
  </testcase>
  <testcase name="testSetDefaultTextColor" classname="jmri.jmrit.display.layoutEditor.LayoutEditorTest" time="0">
    <skipped message="got: &lt;false&gt;, expected: is &lt;true&gt;"/>
  </testcase>
  <testcase name="testSetTooltipsNotEdit" classname="jmri.jmrit.display.layoutEditor.LayoutEditorTest" time="0">
    <skipped message="got: &lt;false&gt;, expected: is &lt;true&gt;"/>
  </testcase>
  <testcase name="testSetDrawGrid" classname="jmri.jmrit.display.layoutEditor.LayoutEditorTest" time="0">
    <skipped message="got: &lt;false&gt;, expected: is &lt;true&gt;"/>
  </testcase>
  <testcase name="testGetDrawGrid" classname="jmri.jmrit.display.layoutEditor.LayoutEditorTest" time="0">
    <skipped message="got: &lt;false&gt;, expected: is &lt;true&gt;"/>
  </testcase>
  <testcase name="testSetTurnoutCircleSize" classname="jmri.jmrit.display.layoutEditor.LayoutEditorTest" time="0">
    <skipped message="got: &lt;false&gt;, expected: is &lt;true&gt;"/>
  </testcase>
  <testcase name="testSetDefaultTrackColor" classname="jmri.jmrit.display.layoutEditor.LayoutEditorTest" time="0">
    <skipped message="got: &lt;false&gt;, expected: is &lt;true&gt;"/>
  </testcase>
  <testcase name="testGetXOverShort" classname="jmri.jmrit.display.layoutEditor.LayoutEditorTest" time="0">
    <skipped message="got: &lt;false&gt;, expected: is &lt;true&gt;"/>
  </testcase>
  <testcase name="testSetDirectTurnoutControl" classname="jmri.jmrit.display.layoutEditor.LayoutEditorTest" time="0">
    <skipped message="got: &lt;false&gt;, expected: is &lt;true&gt;"/>
  </testcase>
  <testcase name="testGetTurnoutBX" classname="jmri.jmrit.display.layoutEditor.LayoutEditorTest" time="0">
    <skipped message="got: &lt;false&gt;, expected: is &lt;true&gt;"/>
  </testcase>
  <testcase name="testGetTurnoutCX" classname="jmri.jmrit.display.layoutEditor.LayoutEditorTest" time="0">
    <skipped message="got: &lt;false&gt;, expected: is &lt;true&gt;"/>
  </testcase>
  <testcase name="testSetXOverHWid" classname="jmri.jmrit.display.layoutEditor.LayoutEditorTest" time="0">
    <skipped message="got: &lt;false&gt;, expected: is &lt;true&gt;"/>
  </testcase>
  <testcase name="testSetXOverLong" classname="jmri.jmrit.display.layoutEditor.LayoutEditorTest" time="0">
    <skipped message="got: &lt;false&gt;, expected: is &lt;true&gt;"/>
  </testcase>
  <testcase name="testGetAutoBlockAssignment" classname="jmri.jmrit.display.layoutEditor.LayoutEditorTest" time="0">
    <skipped message="got: &lt;false&gt;, expected: is &lt;true&gt;"/>
  </testcase>
  <testcase name="testGetFinder" classname="jmri.jmrit.display.layoutEditor.LayoutEditorTest" time="0">
    <skipped message="got: &lt;false&gt;, expected: is &lt;true&gt;"/>
  </testcase>
  <testcase name="testSetTurnoutCircles" classname="jmri.jmrit.display.layoutEditor.LayoutEditorTest" time="0">
    <skipped message="got: &lt;false&gt;, expected: is &lt;true&gt;"/>
  </testcase>
  <testcase name="testGetSnapOnAdd" classname="jmri.jmrit.display.layoutEditor.LayoutEditorTest" time="0">
    <skipped message="got: &lt;false&gt;, expected: is &lt;true&gt;"/>
  </testcase>
  <testcase name="testGetTurnoutCircleSize" classname="jmri.jmrit.display.layoutEditor.LayoutEditorTest" time="0">
    <skipped message="got: &lt;false&gt;, expected: is &lt;true&gt;"/>
  </testcase>
  <testcase name="testSetDefaultAlternativeTrackColor" classname="jmri.jmrit.display.layoutEditor.LayoutEditorTest" time="0">
    <skipped message="got: &lt;false&gt;, expected: is &lt;true&gt;"/>
  </testcase>
  <testcase name="testGetDefaultTrackColor" classname="jmri.jmrit.display.layoutEditor.LayoutEditorTest" time="0">
    <skipped message="got: &lt;false&gt;, expected: is &lt;true&gt;"/>
  </testcase>
  <testcase name="testSetXScale" classname="jmri.jmrit.display.layoutEditor.LayoutEditorTest" time="0">
    <skipped message="got: &lt;false&gt;, expected: is &lt;true&gt;"/>
  </testcase>
  <testcase name="testSetTooltipsInEdit" classname="jmri.jmrit.display.layoutEditor.LayoutEditorTest" time="0">
    <skipped message="got: &lt;false&gt;, expected: is &lt;true&gt;"/>
  </testcase>
  <testcase name="testGetDefaultAlternativeTrackColor" classname="jmri.jmrit.display.layoutEditor.LayoutEditorTest" time="0">
    <skipped message="got: &lt;false&gt;, expected: is &lt;true&gt;"/>
  </testcase>
  <testcase name="testSetYScale" classname="jmri.jmrit.display.layoutEditor.LayoutEditorTest" time="0">
    <skipped message="got: &lt;false&gt;, expected: is &lt;true&gt;"/>
  </testcase>
  <testcase name="testSetDirtyWithParameter" classname="jmri.jmrit.display.layoutEditor.LayoutEditorTest" time="0">
    <skipped message="got: &lt;false&gt;, expected: is &lt;true&gt;"/>
  </testcase>
  <testcase name="testSetXOverShort" classname="jmri.jmrit.display.layoutEditor.LayoutEditorTest" time="0">
    <skipped message="got: &lt;false&gt;, expected: is &lt;true&gt;"/>
  </testcase>
  <testcase name="testSetAntialiasingOn" classname="jmri.jmrit.display.layoutEditor.LayoutEditorTest" time="0">
    <skipped message="got: &lt;false&gt;, expected: is &lt;true&gt;"/>
  </testcase>
  <testcase name="testGetXScale" classname="jmri.jmrit.display.layoutEditor.LayoutEditorTest" time="0">
    <skipped message="got: &lt;false&gt;, expected: is &lt;true&gt;"/>
  </testcase>
  <testcase name="testSetSize" classname="jmri.jmrit.display.layoutEditor.LayoutEditorTest" time="0">
    <skipped message="got: &lt;false&gt;, expected: is &lt;true&gt;"/>
  </testcase>
  <testcase name="testGetYScale" classname="jmri.jmrit.display.layoutEditor.LayoutEditorTest" time="0">
    <skipped message="got: &lt;false&gt;, expected: is &lt;true&gt;"/>
  </testcase>
  <testcase name="testIsAnimating" classname="jmri.jmrit.display.layoutEditor.LayoutEditorTest" time="0">
    <skipped message="got: &lt;false&gt;, expected: is &lt;true&gt;"/>
  </testcase>
  <testcase name="testIsDirty" classname="jmri.jmrit.display.layoutEditor.LayoutEditorTest" time="0">
    <skipped message="got: &lt;false&gt;, expected: is &lt;true&gt;"/>
  </testcase>
  <testcase name="testGetMainlineTrackWidth" classname="jmri.jmrit.display.layoutEditor.LayoutEditorTest" time="0">
    <skipped message="got: &lt;false&gt;, expected: is &lt;true&gt;"/>
  </testcase>
  <testcase name="checkToolsMenuExists" classname="jmri.jmrit.display.layoutEditor.LayoutEditorTest" time="0">
    <skipped message="got: &lt;false&gt;, expected: is &lt;true&gt;"/>
  </testcase>
  <testcase name="testSetShowHelpBar" classname="jmri.jmrit.display.layoutEditor.LayoutEditorTest" time="0">
    <skipped message="got: &lt;false&gt;, expected: is &lt;true&gt;"/>
  </testcase>
  <testcase name="testGetDefaultTextColor" classname="jmri.jmrit.display.layoutEditor.LayoutEditorTest" time="0">
    <skipped message="got: &lt;false&gt;, expected: is &lt;true&gt;"/>
  </testcase>
  <testcase name="testResetDirty" classname="jmri.jmrit.display.layoutEditor.LayoutEditorTest" time="0">
    <skipped message="got: &lt;false&gt;, expected: is &lt;true&gt;"/>
  </testcase>
  <testcase name="testGetLayoutName" classname="jmri.jmrit.display.layoutEditor.LayoutEditorTest" time="0">
    <skipped message="got: &lt;false&gt;, expected: is &lt;true&gt;"/>
  </testcase>
  <testcase name="testSetHighlightSelectedBlockFalse" classname="jmri.jmrit.display.layoutEditor.LayoutEditorTest" time="0">
    <skipped message="unreliable on CI servers"/>
  </testcase>
  <testcase name="testStringCtor" classname="jmri.jmrit.display.layoutEditor.LayoutEditorTest" time="0">
    <skipped message="got: &lt;false&gt;, expected: is &lt;true&gt;"/>
  </testcase>
  <testcase name="testGetTurnoutCircles" classname="jmri.jmrit.display.layoutEditor.LayoutEditorTest" time="0">
    <skipped message="got: &lt;false&gt;, expected: is &lt;true&gt;"/>
  </testcase>
  <testcase name="testSetTurnoutCircleColor" classname="jmri.jmrit.display.layoutEditor.LayoutEditorTest" time="0">
    <skipped message="got: &lt;false&gt;, expected: is &lt;true&gt;"/>
  </testcase>
  <testcase name="testSetDirty" classname="jmri.jmrit.display.layoutEditor.LayoutEditorTest" time="0">
    <skipped message="got: &lt;false&gt;, expected: is &lt;true&gt;"/>
  </testcase>
  <testcase name="checkFileMenuExists" classname="jmri.jmrit.display.layoutEditor.LayoutEditorTest" time="0">
    <skipped message="got: &lt;false&gt;, expected: is &lt;true&gt;"/>
  </testcase>
  <testcase name="checkHelpMenuExists" classname="jmri.jmrit.display.layoutEditor.LayoutEditorTest" time="0">
    <skipped message="got: &lt;false&gt;, expected: is &lt;true&gt;"/>
  </testcase>
  <testcase name="testChangeView" classname="jmri.jmrit.display.layoutEditor.LayoutEditorTest" time="0">
    <skipped message="got: &lt;false&gt;, expected: is &lt;true&gt;"/>
  </testcase>
  <testcase name="checkWindowMenuExists" classname="jmri.jmrit.display.layoutEditor.LayoutEditorTest" time="0">
    <skipped message="got: &lt;false&gt;, expected: is &lt;true&gt;"/>
  </testcase>
  <testcase name="checkFileDeleteMenuItem" classname="jmri.jmrit.display.layoutEditor.LayoutEditorTest" time="0">
    <skipped message="The test sometimes has trouble finding the file menu"/>
  </testcase>
</testsuite>