<?xml version="1.0" encoding="UTF-8"?>
<testsuite xmlns:xsi="http://www.w3.org/2001/XMLSchema-instance" xsi:noNamespaceSchemaLocation="https://maven.apache.org/surefire/maven-surefire-plugin/xsd/surefire-test-report.xsd" name="jmri.jmrix.ecos.EcosDccThrottleTest" time="4.693" tests="154" errors="0" skipped="1" failures="0">
  <properties>
    <property name="java.runtime.name" value="OpenJDK Runtime Environment"/>
    <property name="sun.boot.library.path" value="/usr/lib/jvm/java-8-openjdk-amd64/jre/lib/amd64"/>
    <property name="java.vm.version" value="25.121-b13"/>
    <property name="java.vm.vendor" value="Oracle Corporation"/>
    <property name="maven.multiModuleProjectDirectory" value="/root/workspace/JMRI/JMRI/386500808"/>
    <property name="java.vendor.url" value="http://java.oracle.com/"/>
    <property name="path.separator" value=":"/>
    <property name="guice.disable.misplaced.annotation.check" value="true"/>
    <property name="skip.gulp" value="true"/>
    <property name="java.vm.name" value="OpenJDK 64-Bit Server VM"/>
    <property name="file.encoding.pkg" value="sun.io"/>
    <property name="sun.java.launcher" value="SUN_STANDARD"/>
    <property name="sun.os.patch.level" value="unknown"/>
    <property name="findbugs.skip" value="true"/>
    <property name="java.vm.specification.name" value="Java Virtual Machine Specification"/>
    <property name="user.dir" value="/root/workspace/JMRI/JMRI/386500808"/>
    <property name="checkstyle.skip" value="true"/>
    <property name="java.runtime.version" value="1.8.0_121-8u121-b13-1~bpo8+1-b13"/>
    <property name="java.awt.graphicsenv" value="sun.awt.X11GraphicsEnvironment"/>
    <property name="skip.npm" value="true"/>
    <property name="java.endorsed.dirs" value="/usr/lib/jvm/java-8-openjdk-amd64/jre/lib/endorsed"/>
    <property name="os.arch" value="amd64"/>
    <property name="java.io.tmpdir" value="/tmp"/>
    <property name="gpg.skip" value="true"/>
    <property name="line.separator" value="&#10;"/>
    <property name="java.vm.specification.vendor" value="Oracle Corporation"/>
    <property name="cobertura.skip" value="true"/>
    <property name="os.name" value="Linux"/>
    <property name="classworlds.conf" value="/usr/share/maven/bin/m2.conf"/>
    <property name="sun.jnu.encoding" value="UTF-8"/>
    <property name="java.library.path" value="/usr/java/packages/lib/amd64:/usr/lib/x86_64-linux-gnu/jni:/lib/x86_64-linux-gnu:/usr/lib/x86_64-linux-gnu:/usr/lib/jni:/lib:/usr/lib"/>
    <property name="license.skip" value="true"/>
    <property name="java.specification.name" value="Java Platform API Specification"/>
    <property name="java.class.version" value="52.0"/>
    <property name="sun.management.compiler" value="HotSpot 64-Bit Tiered Compilers"/>
    <property name="skip.bower" value="true"/>
    <property name="maven.repo.local" value="/root/./workspace/JMRI/JMRI/386500808/.m2"/>
    <property name="os.version" value="3.10.0-862.2.3.el7.x86_64"/>
    <property name="user.home" value="/root"/>
    <property name="user.timezone" value="Europe/Paris"/>
    <property name="java.awt.printerjob" value="sun.print.PSPrinterJob"/>
    <property name="java.specification.version" value="1.8"/>
    <property name="file.encoding" value="UTF-8"/>
    <property name="user.name" value="root"/>
    <property name="java.class.path" value="/usr/share/maven/boot/plexus-classworlds-2.5.2.jar"/>
    <property name="skipITs" value="true"/>
    <property name="java.vm.specification.version" value="1.8"/>
    <property name="sun.arch.data.model" value="64"/>
    <property name="java.home" value="/usr/lib/jvm/java-8-openjdk-amd64/jre"/>
    <property name="sun.java.command" value="org.codehaus.plexus.classworlds.launcher.Launcher -B -D enforcer.skip=true -D dependency-check.skip=true -D skipITs=true -D cobertura.skip=true -D maven.repo.local=/root/./workspace/JMRI/JMRI/386500808/.m2 -D rat.skip=true -D findbugs.skip=true -D skip.bower=true -D gpg.skip=true -D checkstyle.skip=true -D skip.gulp=true -D license.skip=true -D skip.npm=true test"/>
    <property name="java.specification.vendor" value="Oracle Corporation"/>
    <property name="user.language" value="en"/>
    <property name="awt.toolkit" value="sun.awt.X11.XToolkit"/>
    <property name="dependency-check.skip" value="true"/>
    <property name="java.vm.info" value="mixed mode"/>
    <property name="java.version" value="1.8.0_121"/>
    <property name="java.ext.dirs" value="/usr/lib/jvm/java-8-openjdk-amd64/jre/lib/ext:/usr/java/packages/lib/ext"/>
    <property name="securerandom.source" value="file:/dev/./urandom"/>
    <property name="sun.boot.class.path" value="/usr/lib/jvm/java-8-openjdk-amd64/jre/lib/resources.jar:/usr/lib/jvm/java-8-openjdk-amd64/jre/lib/rt.jar:/usr/lib/jvm/java-8-openjdk-amd64/jre/lib/sunrsasign.jar:/usr/lib/jvm/java-8-openjdk-amd64/jre/lib/jsse.jar:/usr/lib/jvm/java-8-openjdk-amd64/jre/lib/jce.jar:/usr/lib/jvm/java-8-openjdk-amd64/jre/lib/charsets.jar:/usr/lib/jvm/java-8-openjdk-amd64/jre/lib/jfr.jar:/usr/lib/jvm/java-8-openjdk-amd64/jre/classes"/>
    <property name="java.vendor" value="Oracle Corporation"/>
    <property name="enforcer.skip" value="true"/>
    <property name="rat.skip" value="true"/>
    <property name="maven.home" value="/usr/share/maven"/>
    <property name="file.separator" value="/"/>
    <property name="java.vendor.url.bug" value="http://bugreport.sun.com/bugreport/"/>
    <property name="sun.cpu.endian" value="little"/>
    <property name="sun.io.unicode.encoding" value="UnicodeLittle"/>
    <property name="sun.cpu.isalist" value=""/>
  </properties>
  <testcase name="testSetF0" classname="jmri.jmrix.ecos.EcosDccThrottleTest" time="0.042"/>
  <testcase name="testSetF1" classname="jmri.jmrix.ecos.EcosDccThrottleTest" time="0.031"/>
  <testcase name="testSetF2" classname="jmri.jmrix.ecos.EcosDccThrottleTest" time="0.03"/>
  <testcase name="testSetF3" classname="jmri.jmrix.ecos.EcosDccThrottleTest" time="0.031"/>
  <testcase name="testSetF4" classname="jmri.jmrix.ecos.EcosDccThrottleTest" time="0.03"/>
  <testcase name="testSetF5" classname="jmri.jmrix.ecos.EcosDccThrottleTest" time="0.03"/>
  <testcase name="testSetF6" classname="jmri.jmrix.ecos.EcosDccThrottleTest" time="0.03"/>
  <testcase name="testSetF7" classname="jmri.jmrix.ecos.EcosDccThrottleTest" time="0.05"/>
  <testcase name="testSetF8" classname="jmri.jmrix.ecos.EcosDccThrottleTest" time="0.03"/>
  <testcase name="testSetF9" classname="jmri.jmrix.ecos.EcosDccThrottleTest" time="0.03"/>
  <testcase name="testCTor" classname="jmri.jmrix.ecos.EcosDccThrottleTest" time="0.03"/>
  <testcase name="testGetIsForward" classname="jmri.jmrix.ecos.EcosDccThrottleTest" time="0.032"/>
  <testcase name="testSendFunctionGroup1" classname="jmri.jmrix.ecos.EcosDccThrottleTest" time="0.03"/>
  <testcase name="testSendFunctionGroup2" classname="jmri.jmrix.ecos.EcosDccThrottleTest" time="0.032"/>
  <testcase name="testSendFunctionGroup3" classname="jmri.jmrix.ecos.EcosDccThrottleTest" time="0.03"/>
  <testcase name="testSendFunctionGroup4" classname="jmri.jmrix.ecos.EcosDccThrottleTest" time="0.032"/>
  <testcase name="testSendFunctionGroup5" classname="jmri.jmrix.ecos.EcosDccThrottleTest" time="0.03"/>
  <testcase name="testGetSpeedStepMode" classname="jmri.jmrix.ecos.EcosDccThrottleTest" time="0.029"/>
  <testcase name="testSetF10" classname="jmri.jmrix.ecos.EcosDccThrottleTest" time="0.029"/>
  <testcase name="testSetF11" classname="jmri.jmrix.ecos.EcosDccThrottleTest" time="0.028"/>
  <testcase name="testSetF12" classname="jmri.jmrix.ecos.EcosDccThrottleTest" time="0.032"/>
  <testcase name="testSetF13" classname="jmri.jmrix.ecos.EcosDccThrottleTest" time="0.033"/>
  <testcase name="testSetF14" classname="jmri.jmrix.ecos.EcosDccThrottleTest" time="0.033"/>
  <testcase name="testSetF15" classname="jmri.jmrix.ecos.EcosDccThrottleTest" time="0.034"/>
  <testcase name="testSetF16" classname="jmri.jmrix.ecos.EcosDccThrottleTest" time="0.033"/>
  <testcase name="testSetF17" classname="jmri.jmrix.ecos.EcosDccThrottleTest" time="0.032"/>
  <testcase name="testSetF18" classname="jmri.jmrix.ecos.EcosDccThrottleTest" time="0.03"/>
  <testcase name="testSetF19" classname="jmri.jmrix.ecos.EcosDccThrottleTest" time="0.03"/>
  <testcase name="testSetF20" classname="jmri.jmrix.ecos.EcosDccThrottleTest" time="0.031"/>
  <testcase name="testSetF21" classname="jmri.jmrix.ecos.EcosDccThrottleTest" time="0.031"/>
  <testcase name="testSetF22" classname="jmri.jmrix.ecos.EcosDccThrottleTest" time="0.036"/>
  <testcase name="testSetF23" classname="jmri.jmrix.ecos.EcosDccThrottleTest" time="0.032"/>
  <testcase name="testSetF24" classname="jmri.jmrix.ecos.EcosDccThrottleTest" time="0.029"/>
  <testcase name="testSetF25" classname="jmri.jmrix.ecos.EcosDccThrottleTest" time="0.03"/>
  <testcase name="testSetF26" classname="jmri.jmrix.ecos.EcosDccThrottleTest" time="0.029"/>
  <testcase name="testSetF27" classname="jmri.jmrix.ecos.EcosDccThrottleTest" time="0.031"/>
  <testcase name="testSetF28" classname="jmri.jmrix.ecos.EcosDccThrottleTest" time="0.03"/>
  <testcase name="testSetSpeedSetting" classname="jmri.jmrix.ecos.EcosDccThrottleTest" time="0">
    <skipped message="needs response to see change?"/>
  </testcase>
  <testcase name="testGetF1Momentary" classname="jmri.jmrix.ecos.EcosDccThrottleTest" time="0.03"/>
  <testcase name="testSetF16Momentary" classname="jmri.jmrix.ecos.EcosDccThrottleTest" time="0.032"/>
  <testcase name="testGetF11Momentary" classname="jmri.jmrix.ecos.EcosDccThrottleTest" time="0.033"/>
  <testcase name="testStopClock" classname="jmri.jmrix.ecos.EcosDccThrottleTest" time="0.031"/>
  <testcase name="testAddPropertyChangeListener" classname="jmri.jmrix.ecos.EcosDccThrottleTest" time="0.03"/>
  <testcase name="testGetF0Momentary" classname="jmri.jmrix.ecos.EcosDccThrottleTest" time="0.03"/>
  <testcase name="testSetF15Momentary" classname="jmri.jmrix.ecos.EcosDccThrottleTest" time="0.029"/>
  <testcase name="testGetF10Momentary" classname="jmri.jmrix.ecos.EcosDccThrottleTest" time="0.029"/>
  <testcase name="testGetSpeedIncrement" classname="jmri.jmrix.ecos.EcosDccThrottleTest" time="0.029"/>
  <testcase name="testSetF14Momentary" classname="jmri.jmrix.ecos.EcosDccThrottleTest" time="0.029"/>
  <testcase name="testSetSpeedSettingAgain" classname="jmri.jmrix.ecos.EcosDccThrottleTest" time="0.029"/>
  <testcase name="testSetF13Momentary" classname="jmri.jmrix.ecos.EcosDccThrottleTest" time="0.028"/>
  <testcase name="testSetF12Momentary" classname="jmri.jmrix.ecos.EcosDccThrottleTest" time="0.028"/>
  <testcase name="testSetRosterEntry" classname="jmri.jmrix.ecos.EcosDccThrottleTest" time="0.028"/>
  <testcase name="testGetF0" classname="jmri.jmrix.ecos.EcosDccThrottleTest" time="0.028"/>
  <testcase name="testGetF1" classname="jmri.jmrix.ecos.EcosDccThrottleTest" time="0.027"/>
  <testcase name="testGetF2" classname="jmri.jmrix.ecos.EcosDccThrottleTest" time="0.027"/>
  <testcase name="testGetF3" classname="jmri.jmrix.ecos.EcosDccThrottleTest" time="0.028"/>
  <testcase name="testGetF4" classname="jmri.jmrix.ecos.EcosDccThrottleTest" time="0.028"/>
  <testcase name="testGetF5" classname="jmri.jmrix.ecos.EcosDccThrottleTest" time="0.027"/>
  <testcase name="testGetF6" classname="jmri.jmrix.ecos.EcosDccThrottleTest" time="0.028"/>
  <testcase name="testGetF7" classname="jmri.jmrix.ecos.EcosDccThrottleTest" time="0.028"/>
  <testcase name="testGetF8" classname="jmri.jmrix.ecos.EcosDccThrottleTest" time="0.028"/>
  <testcase name="testGetF9" classname="jmri.jmrix.ecos.EcosDccThrottleTest" time="0.027"/>
  <testcase name="testSendMomentaryFunctionGroup1" classname="jmri.jmrix.ecos.EcosDccThrottleTest" time="0.028"/>
  <testcase name="testSendMomentaryFunctionGroup2" classname="jmri.jmrix.ecos.EcosDccThrottleTest" time="0.027"/>
  <testcase name="testSendMomentaryFunctionGroup3" classname="jmri.jmrix.ecos.EcosDccThrottleTest" time="0.028"/>
  <testcase name="testSendMomentaryFunctionGroup4" classname="jmri.jmrix.ecos.EcosDccThrottleTest" time="0.028"/>
  <testcase name="testSendMomentaryFunctionGroup5" classname="jmri.jmrix.ecos.EcosDccThrottleTest" time="0.028"/>
  <testcase name="testSetF9Momentary" classname="jmri.jmrix.ecos.EcosDccThrottleTest" time="0.03"/>
  <testcase name="testSetF11Momentary" classname="jmri.jmrix.ecos.EcosDccThrottleTest" time="0.032"/>
  <testcase name="testSetF8Momentary" classname="jmri.jmrix.ecos.EcosDccThrottleTest" time="0.03"/>
  <testcase name="testSetF10Momentary" classname="jmri.jmrix.ecos.EcosDccThrottleTest" time="0.028"/>
  <testcase name="testGetF28Momentary" classname="jmri.jmrix.ecos.EcosDccThrottleTest" time="0.027"/>
  <testcase name="testSetF7Momentary" classname="jmri.jmrix.ecos.EcosDccThrottleTest" time="0.03"/>
  <testcase name="testGetF27Momentary" classname="jmri.jmrix.ecos.EcosDccThrottleTest" time="0.03"/>
  <testcase name="testSetF6Momentary" classname="jmri.jmrix.ecos.EcosDccThrottleTest" time="0.031"/>
  <testcase name="testGetF26Momentary" classname="jmri.jmrix.ecos.EcosDccThrottleTest" time="0.03"/>
  <testcase name="testFinishRecord" classname="jmri.jmrix.ecos.EcosDccThrottleTest" time="0.031"/>
  <testcase name="testSetF5Momentary" classname="jmri.jmrix.ecos.EcosDccThrottleTest" time="0.03"/>
  <testcase name="testGetF25Momentary" classname="jmri.jmrix.ecos.EcosDccThrottleTest" time="0.031"/>
  <testcase name="testSetF4Momentary" classname="jmri.jmrix.ecos.EcosDccThrottleTest" time="0.028"/>
  <testcase name="testGetListeners" classname="jmri.jmrix.ecos.EcosDccThrottleTest" time="0.026"/>
  <testcase name="testGetF24Momentary" classname="jmri.jmrix.ecos.EcosDccThrottleTest" time="0.028"/>
  <testcase name="testSetSpeedStepMode" classname="jmri.jmrix.ecos.EcosDccThrottleTest" time="0.029"/>
  <testcase name="testNotifyPropertyChangeListener" classname="jmri.jmrix.ecos.EcosDccThrottleTest" time="0.028"/>
  <testcase name="testSetF28Momentary" classname="jmri.jmrix.ecos.EcosDccThrottleTest" time="0.027"/>
  <testcase name="testDispose_0args" classname="jmri.jmrix.ecos.EcosDccThrottleTest" time="0.028"/>
  <testcase name="testSetF3Momentary" classname="jmri.jmrix.ecos.EcosDccThrottleTest" time="0.031"/>
  <testcase name="testGetF23Momentary" classname="jmri.jmrix.ecos.EcosDccThrottleTest" time="0.03"/>
  <testcase name="testSetF27Momentary" classname="jmri.jmrix.ecos.EcosDccThrottleTest" time="0.031"/>
  <testcase name="testSetF2Momentary" classname="jmri.jmrix.ecos.EcosDccThrottleTest" time="0.03"/>
  <testcase name="testGetF22Momentary" classname="jmri.jmrix.ecos.EcosDccThrottleTest" time="0.029"/>
  <testcase name="testSetF26Momentary" classname="jmri.jmrix.ecos.EcosDccThrottleTest" time="0.028"/>
  <testcase name="testSetF1Momentary" classname="jmri.jmrix.ecos.EcosDccThrottleTest" time="0.028"/>
  <testcase name="testGetF21Momentary" classname="jmri.jmrix.ecos.EcosDccThrottleTest" time="0.027"/>
  <testcase name="testGetRosterEntry" classname="jmri.jmrix.ecos.EcosDccThrottleTest" time="0.028"/>
  <testcase name="testGetSpeed_float" classname="jmri.jmrix.ecos.EcosDccThrottleTest" time="0.027"/>
  <testcase name="testSetF25Momentary" classname="jmri.jmrix.ecos.EcosDccThrottleTest" time="0.027"/>
  <testcase name="testGetSpeed_float_int" classname="jmri.jmrix.ecos.EcosDccThrottleTest" time="0.032"/>
  <testcase name="testSetF0Momentary" classname="jmri.jmrix.ecos.EcosDccThrottleTest" time="0.044"/>
  <testcase name="testGetF9Momentary" classname="jmri.jmrix.ecos.EcosDccThrottleTest" time="0.044"/>
  <testcase name="testGetF20Momentary" classname="jmri.jmrix.ecos.EcosDccThrottleTest" time="0.038"/>
  <testcase name="testGetF19Momentary" classname="jmri.jmrix.ecos.EcosDccThrottleTest" time="0.033"/>
  <testcase name="testRelease_ThrottleListener" classname="jmri.jmrix.ecos.EcosDccThrottleTest" time="0.028"/>
  <testcase name="testSetF24Momentary" classname="jmri.jmrix.ecos.EcosDccThrottleTest" time="0.091"/>
  <testcase name="testGetF8Momentary" classname="jmri.jmrix.ecos.EcosDccThrottleTest" time="0.028"/>
  <testcase name="testGetF18Momentary" classname="jmri.jmrix.ecos.EcosDccThrottleTest" time="0.028"/>
  <testcase name="testSetF23Momentary" classname="jmri.jmrix.ecos.EcosDccThrottleTest" time="0.029"/>
  <testcase name="testGetF7Momentary" classname="jmri.jmrix.ecos.EcosDccThrottleTest" time="0.028"/>
  <testcase name="testGetSpeedSetting" classname="jmri.jmrix.ecos.EcosDccThrottleTest" time="0.029"/>
  <testcase name="testRelease_0args" classname="jmri.jmrix.ecos.EcosDccThrottleTest" time="0.03"/>
  <testcase name="testGetF17Momentary" classname="jmri.jmrix.ecos.EcosDccThrottleTest" time="0.029"/>
  <testcase name="testSetF22Momentary" classname="jmri.jmrix.ecos.EcosDccThrottleTest" time="0.029"/>
  <testcase name="testGetF6Momentary" classname="jmri.jmrix.ecos.EcosDccThrottleTest" time="0.03"/>
  <testcase name="testGetF16Momentary" classname="jmri.jmrix.ecos.EcosDccThrottleTest" time="0.032"/>
  <testcase name="testSetIsForward" classname="jmri.jmrix.ecos.EcosDccThrottleTest" time="0.03"/>
  <testcase name="testSetF21Momentary" classname="jmri.jmrix.ecos.EcosDccThrottleTest" time="0.029"/>
  <testcase name="testGetF5Momentary" classname="jmri.jmrix.ecos.EcosDccThrottleTest" time="0.028"/>
  <testcase name="testGetF10" classname="jmri.jmrix.ecos.EcosDccThrottleTest" time="0.029"/>
  <testcase name="testGetF11" classname="jmri.jmrix.ecos.EcosDccThrottleTest" time="0.029"/>
  <testcase name="testGetF12" classname="jmri.jmrix.ecos.EcosDccThrottleTest" time="0.028"/>
  <testcase name="testGetF13" classname="jmri.jmrix.ecos.EcosDccThrottleTest" time="0.027"/>
  <testcase name="testGetF14" classname="jmri.jmrix.ecos.EcosDccThrottleTest" time="0.029"/>
  <testcase name="testGetF15" classname="jmri.jmrix.ecos.EcosDccThrottleTest" time="0.028"/>
  <testcase name="testGetF16" classname="jmri.jmrix.ecos.EcosDccThrottleTest" time="0.028"/>
  <testcase name="testGetF17" classname="jmri.jmrix.ecos.EcosDccThrottleTest" time="0.027"/>
  <testcase name="testGetF18" classname="jmri.jmrix.ecos.EcosDccThrottleTest" time="0.028"/>
  <testcase name="testGetF19" classname="jmri.jmrix.ecos.EcosDccThrottleTest" time="0.028"/>
  <testcase name="testGetF20" classname="jmri.jmrix.ecos.EcosDccThrottleTest" time="0.028"/>
  <testcase name="testGetF21" classname="jmri.jmrix.ecos.EcosDccThrottleTest" time="0.029"/>
  <testcase name="testGetF22" classname="jmri.jmrix.ecos.EcosDccThrottleTest" time="0.033"/>
  <testcase name="testGetF23" classname="jmri.jmrix.ecos.EcosDccThrottleTest" time="0.046"/>
  <testcase name="testGetF24" classname="jmri.jmrix.ecos.EcosDccThrottleTest" time="0.045"/>
  <testcase name="testGetF25" classname="jmri.jmrix.ecos.EcosDccThrottleTest" time="0.036"/>
  <testcase name="testGetF26" classname="jmri.jmrix.ecos.EcosDccThrottleTest" time="0.031"/>
  <testcase name="testGetF27" classname="jmri.jmrix.ecos.EcosDccThrottleTest" time="0.029"/>
  <testcase name="testGetF28" classname="jmri.jmrix.ecos.EcosDccThrottleTest" time="0.028"/>
  <testcase name="testGetF15Momentary" classname="jmri.jmrix.ecos.EcosDccThrottleTest" time="0.029"/>
  <testcase name="testSetF20Momentary" classname="jmri.jmrix.ecos.EcosDccThrottleTest" time="0.029"/>
  <testcase name="testGetF4Momentary" classname="jmri.jmrix.ecos.EcosDccThrottleTest" time="0.028"/>
  <testcase name="testSetF19Momentary" classname="jmri.jmrix.ecos.EcosDccThrottleTest" time="0.029"/>
  <testcase name="testGetF14Momentary" classname="jmri.jmrix.ecos.EcosDccThrottleTest" time="0.037"/>
  <testcase name="testDispatch_ThrottleListener" classname="jmri.jmrix.ecos.EcosDccThrottleTest" time="0.039"/>
  <testcase name="testRecord" classname="jmri.jmrix.ecos.EcosDccThrottleTest" time="0.034"/>
  <testcase name="testGetF3Momentary" classname="jmri.jmrix.ecos.EcosDccThrottleTest" time="0.03"/>
  <testcase name="testSetF18Momentary" classname="jmri.jmrix.ecos.EcosDccThrottleTest" time="0.03"/>
  <testcase name="testDispatch_0args" classname="jmri.jmrix.ecos.EcosDccThrottleTest" time="0.029"/>
  <testcase name="testGetF13Momentary" classname="jmri.jmrix.ecos.EcosDccThrottleTest" time="0.028"/>
  <testcase name="testDispose_ThrottleListener" classname="jmri.jmrix.ecos.EcosDccThrottleTest" time="0.028"/>
  <testcase name="testThrottleDispose" classname="jmri.jmrix.ecos.EcosDccThrottleTest" time="0.028"/>
  <testcase name="testGetF2Momentary" classname="jmri.jmrix.ecos.EcosDccThrottleTest" time="0.029"/>
  <testcase name="testSetF17Momentary" classname="jmri.jmrix.ecos.EcosDccThrottleTest" time="0.028"/>
  <testcase name="testStartClock" classname="jmri.jmrix.ecos.EcosDccThrottleTest" time="0.029"/>
  <testcase name="testGetF12Momentary" classname="jmri.jmrix.ecos.EcosDccThrottleTest" time="0.03"/>
  <testcase name="testRemovePropertyChangeListener" classname="jmri.jmrix.ecos.EcosDccThrottleTest" time="0.029"/>
</testsuite>