<?xml version="1.0" encoding="UTF-8"?>
<testsuite xmlns:xsi="http://www.w3.org/2001/XMLSchema-instance" xsi:noNamespaceSchemaLocation="https://maven.apache.org/surefire/maven-surefire-plugin/xsd/surefire-test-report.xsd" name="jmri.util.FileLineEndingsTest" time="136.428" tests="15469" errors="0" skipped="0" failures="0">
  <properties>
    <property name="java.runtime.name" value="OpenJDK Runtime Environment"/>
    <property name="sun.boot.library.path" value="/usr/lib/jvm/java-8-openjdk-amd64/jre/lib/amd64"/>
    <property name="java.vm.version" value="25.121-b13"/>
    <property name="java.vm.vendor" value="Oracle Corporation"/>
    <property name="maven.multiModuleProjectDirectory" value="/root/workspace/JMRI/JMRI/384454808"/>
    <property name="java.vendor.url" value="http://java.oracle.com/"/>
    <property name="path.separator" value=":"/>
    <property name="guice.disable.misplaced.annotation.check" value="true"/>
    <property name="skip.gulp" value="true"/>
    <property name="java.vm.name" value="OpenJDK 64-Bit Server VM"/>
    <property name="file.encoding.pkg" value="sun.io"/>
    <property name="sun.java.launcher" value="SUN_STANDARD"/>
    <property name="sun.os.patch.level" value="unknown"/>
    <property name="findbugs.skip" value="true"/>
    <property name="java.vm.specification.name" value="Java Virtual Machine Specification"/>
    <property name="user.dir" value="/root/workspace/JMRI/JMRI/384454808"/>
    <property name="checkstyle.skip" value="true"/>
    <property name="java.runtime.version" value="1.8.0_121-8u121-b13-1~bpo8+1-b13"/>
    <property name="java.awt.graphicsenv" value="sun.awt.X11GraphicsEnvironment"/>
    <property name="skip.npm" value="true"/>
    <property name="java.endorsed.dirs" value="/usr/lib/jvm/java-8-openjdk-amd64/jre/lib/endorsed"/>
    <property name="os.arch" value="amd64"/>
    <property name="java.io.tmpdir" value="/tmp"/>
    <property name="gpg.skip" value="true"/>
    <property name="line.separator" value="&#10;"/>
    <property name="java.vm.specification.vendor" value="Oracle Corporation"/>
    <property name="cobertura.skip" value="true"/>
    <property name="os.name" value="Linux"/>
    <property name="classworlds.conf" value="/usr/share/maven/bin/m2.conf"/>
    <property name="sun.jnu.encoding" value="UTF-8"/>
    <property name="java.library.path" value="/usr/java/packages/lib/amd64:/usr/lib/x86_64-linux-gnu/jni:/lib/x86_64-linux-gnu:/usr/lib/x86_64-linux-gnu:/usr/lib/jni:/lib:/usr/lib"/>
    <property name="license.skip" value="true"/>
    <property name="java.specification.name" value="Java Platform API Specification"/>
    <property name="java.class.version" value="52.0"/>
    <property name="sun.management.compiler" value="HotSpot 64-Bit Tiered Compilers"/>
    <property name="skip.bower" value="true"/>
    <property name="maven.repo.local" value="/root/./workspace/JMRI/JMRI/384454808/.m2"/>
    <property name="os.version" value="3.10.0-862.2.3.el7.x86_64"/>
    <property name="user.home" value="/root"/>
    <property name="user.timezone" value="Europe/Paris"/>
    <property name="java.awt.printerjob" value="sun.print.PSPrinterJob"/>
    <property name="java.specification.version" value="1.8"/>
    <property name="file.encoding" value="UTF-8"/>
    <property name="user.name" value="root"/>
    <property name="java.class.path" value="/usr/share/maven/boot/plexus-classworlds-2.5.2.jar"/>
    <property name="skipITs" value="true"/>
    <property name="java.vm.specification.version" value="1.8"/>
    <property name="sun.arch.data.model" value="64"/>
    <property name="java.home" value="/usr/lib/jvm/java-8-openjdk-amd64/jre"/>
    <property name="sun.java.command" value="org.codehaus.plexus.classworlds.launcher.Launcher -B -D enforcer.skip=true -D dependency-check.skip=true -D skipITs=true -D cobertura.skip=true -D maven.repo.local=/root/./workspace/JMRI/JMRI/384454808/.m2 -D rat.skip=true -D findbugs.skip=true -D skip.bower=true -D gpg.skip=true -D checkstyle.skip=true -D skip.gulp=true -D license.skip=true -D skip.npm=true test"/>
    <property name="java.specification.vendor" value="Oracle Corporation"/>
    <property name="user.language" value="en"/>
    <property name="awt.toolkit" value="sun.awt.X11.XToolkit"/>
    <property name="dependency-check.skip" value="true"/>
    <property name="java.vm.info" value="mixed mode"/>
    <property name="java.version" value="1.8.0_121"/>
    <property name="java.ext.dirs" value="/usr/lib/jvm/java-8-openjdk-amd64/jre/lib/ext:/usr/java/packages/lib/ext"/>
    <property name="securerandom.source" value="file:/dev/./urandom"/>
    <property name="sun.boot.class.path" value="/usr/lib/jvm/java-8-openjdk-amd64/jre/lib/resources.jar:/usr/lib/jvm/java-8-openjdk-amd64/jre/lib/rt.jar:/usr/lib/jvm/java-8-openjdk-amd64/jre/lib/sunrsasign.jar:/usr/lib/jvm/java-8-openjdk-amd64/jre/lib/jsse.jar:/usr/lib/jvm/java-8-openjdk-amd64/jre/lib/jce.jar:/usr/lib/jvm/java-8-openjdk-amd64/jre/lib/charsets.jar:/usr/lib/jvm/java-8-openjdk-amd64/jre/lib/jfr.jar:/usr/lib/jvm/java-8-openjdk-amd64/jre/classes"/>
    <property name="java.vendor" value="Oracle Corporation"/>
    <property name="enforcer.skip" value="true"/>
    <property name="rat.skip" value="true"/>
    <property name="maven.home" value="/usr/share/maven"/>
    <property name="file.separator" value="/"/>
    <property name="java.vendor.url.bug" value="http://bugreport.sun.com/bugreport/"/>
    <property name="sun.cpu.endian" value="little"/>
    <property name="sun.io.unicode.encoding" value="UnicodeLittle"/>
    <property name="sun.cpu.isalist" value=""/>
  </properties>
  <testcase name="lineEndings[./java/nightlybuild.csh]" classname="jmri.util.FileLineEndingsTest" time="0.027"/>
  <testcase name="lineEndings[./java/runtest.csh]" classname="jmri.util.FileLineEndingsTest" time="0.001"/>
  <testcase name="lineEndings[./java/checkdepends.csh]" classname="jmri.util.FileLineEndingsTest" time="0"/>
  <testcase name="lineEndings[./help/en/JHelpDev.csh]" classname="jmri.util.FileLineEndingsTest" time="0"/>
  <testcase name="lineEndings[./help/fr/JHelpDev.csh]" classname="jmri.util.FileLineEndingsTest" time="0.001"/>
  <testcase name="lineEndings[./serialver.csh]" classname="jmri.util.FileLineEndingsTest" time="0.001"/>
  <testcase name="lineEndings[./runtest.csh]" classname="jmri.util.FileLineEndingsTest" time="0.001"/>
  <testcase name="lineEndings[./web/css/faq.css]" classname="jmri.util.FileLineEndingsTest" time="0.001"/>
  <testcase name="lineEndings[./web/css/user.css]" classname="jmri.util.FileLineEndingsTest" time="0.001"/>
  <testcase name="lineEndings[./web/css/bootstrap.css]" classname="jmri.util.FileLineEndingsTest" time="0.001"/>
  <testcase name="lineEndings[./web/css/print.css]" classname="jmri.util.FileLineEndingsTest" time="0.001"/>
  <testcase name="lineEndings[./web/css/miniServer-plain.css]" classname="jmri.util.FileLineEndingsTest" time="0.001"/>
  <testcase name="lineEndings[./web/css/roster.css]" classname="jmri.util.FileLineEndingsTest" time="0.001"/>
  <testcase name="lineEndings[./web/css/bootstrap-theme.css]" classname="jmri.util.FileLineEndingsTest" time="0.001"/>
  <testcase name="lineEndings[./web/css/jquery.jscrollpane.css]" classname="jmri.util.FileLineEndingsTest" time="0"/>
  <testcase name="lineEndings[./web/css/bootstrap.min.css]" classname="jmri.util.FileLineEndingsTest" time="0.002"/>
  <testcase name="lineEndings[./web/css/json-console.css]" classname="jmri.util.FileLineEndingsTest" time="0.001"/>
  <testcase name="lineEndings[./web/css/pulse.css]" classname="jmri.util.FileLineEndingsTest" time="0.001"/>
  <testcase name="lineEndings[./web/css/webThrottle.css]" classname="jmri.util.FileLineEndingsTest" time="0.001"/>
  <testcase name="lineEndings[./web/css/panel.css]" classname="jmri.util.FileLineEndingsTest" time="0.001"/>
  <testcase name="lineEndings[./web/css/miniServer.css]" classname="jmri.util.FileLineEndingsTest" time="0.001"/>
  <testcase name="lineEndings[./web/css/default.css]" classname="jmri.util.FileLineEndingsTest" time="0.001"/>
  <testcase name="lineEndings[./web/css/main.css]" classname="jmri.util.FileLineEndingsTest" time="0.001"/>
  <testcase name="lineEndings[./web/css/jquery.mobile-1.2.0.min.css]" classname="jmri.util.FileLineEndingsTest" time="0.002"/>
  <testcase name="lineEndings[./web/css/bootstrap-theme.min.css]" classname="jmri.util.FileLineEndingsTest" time="0.001"/>
  <testcase name="lineEndings[./xml/DTD/layout-config-2-6.dtd]" classname="jmri.util.FileLineEndingsTest" time="0.001"/>
  <testcase name="lineEndings[./xml/DTD/locomotive-config.dtd]" classname="jmri.util.FileLineEndingsTest" time="0.001"/>
  <testcase name="lineEndings[./xml/DTD/roster-config.dtd]" classname="jmri.util.FileLineEndingsTest" time="0.001"/>
  <testcase name="lineEndings[./xml/DTD/layout-config-2-7-5.dtd]" classname="jmri.util.FileLineEndingsTest" time="0.001"/>
  <testcase name="lineEndings[./xml/DTD/dispatcher-traininfo.dtd]" classname="jmri.util.FileLineEndingsTest" time="0.001"/>
  <testcase name="lineEndings[./xml/DTD/throttles-preferences.dtd]" classname="jmri.util.FileLineEndingsTest" time="0.001"/>
  <testcase name="lineEndings[./xml/DTD/rpsroster.dtd]" classname="jmri.util.FileLineEndingsTest" time="0.001"/>
  <testcase name="lineEndings[./xml/DTD/layout-config-2-3-6.dtd]" classname="jmri.util.FileLineEndingsTest" time="0.001"/>
  <testcase name="lineEndings[./xml/DTD/layout-config-2-3-1.dtd]" classname="jmri.util.FileLineEndingsTest" time="0.002"/>
  <testcase name="lineEndings[./xml/DTD/programmer-config.dtd]" classname="jmri.util.FileLineEndingsTest" time="0.001"/>
  <testcase name="lineEndings[./xml/DTD/throttle-layout-config.dtd]" classname="jmri.util.FileLineEndingsTest" time="0.001"/>
  <testcase name="lineEndings[./xml/DTD/layout-config-2-9-4.dtd]" classname="jmri.util.FileLineEndingsTest" time="0.001"/>
  <testcase name="lineEndings[./xml/DTD/consist-roster-config.dtd]" classname="jmri.util.FileLineEndingsTest" time="0.001"/>
  <testcase name="lineEndings[./xml/DTD/layout-config-2-5-5.dtd]" classname="jmri.util.FileLineEndingsTest" time="0.001"/>
  <testcase name="lineEndings[./xml/DTD/layout-config.dtd]" classname="jmri.util.FileLineEndingsTest" time="0.002"/>
  <testcase name="lineEndings[./xml/DTD/JMRIdemo-config.dtd]" classname="jmri.util.FileLineEndingsTest" time="0.001"/>
  <testcase name="lineEndings[./xml/DTD/operations-cars.dtd]" classname="jmri.util.FileLineEndingsTest" time="0"/>
  <testcase name="lineEndings[./xml/DTD/layout-config-2-1-7.dtd]" classname="jmri.util.FileLineEndingsTest" time="0.002"/>
  <testcase name="lineEndings[./xml/DTD/layout-config-2-5-1.dtd]" classname="jmri.util.FileLineEndingsTest" time="0.001"/>
  <testcase name="lineEndings[./xml/DTD/layout-config-2-7-6.dtd]" classname="jmri.util.FileLineEndingsTest" time="0.002"/>
  <testcase name="lineEndings[./xml/DTD/digitrax-cs-config.dtd]" classname="jmri.util.FileLineEndingsTest" time="0"/>
  <testcase name="lineEndings[./xml/DTD/layout-config-2-1-8.dtd]" classname="jmri.util.FileLineEndingsTest" time="0.002"/>
  <testcase name="lineEndings[./xml/DTD/vsdecoder-config.dtd]" classname="jmri.util.FileLineEndingsTest" time="0"/>
  <testcase name="lineEndings[./xml/DTD/layout-config-2-5-7.dtd]" classname="jmri.util.FileLineEndingsTest" time="0.002"/>
  <testcase name="lineEndings[./xml/DTD/layout-config-2-7-1.dtd]" classname="jmri.util.FileLineEndingsTest" time="0.001"/>
  <testcase name="lineEndings[./xml/DTD/layout-config-2-3-5.dtd]" classname="jmri.util.FileLineEndingsTest" time="0.001"/>
  <testcase name="lineEndings[./xml/DTD/operations-locations.dtd]" classname="jmri.util.FileLineEndingsTest" time="0.001"/>
  <testcase name="lineEndings[./xml/DTD/decoderIndex-config.dtd]" classname="jmri.util.FileLineEndingsTest" time="0"/>
  <testcase name="lineEndings[./xml/DTD/dispatcher-options.dtd]" classname="jmri.util.FileLineEndingsTest" time="0.001"/>
  <testcase name="lineEndings[./xml/DTD/layout-config-2-3-4.dtd]" classname="jmri.util.FileLineEndingsTest" time="0.001"/>
  <testcase name="lineEndings[./xml/DTD/layout-config-2-7-7.dtd]" classname="jmri.util.FileLineEndingsTest" time="0.001"/>
  <testcase name="lineEndings[./xml/DTD/DecoderPro-config.dtd]" classname="jmri.util.FileLineEndingsTest" time="0.001"/>
  <testcase name="lineEndings[./xml/DTD/layout-config-2-5-6.dtd]" classname="jmri.util.FileLineEndingsTest" time="0.001"/>
  <testcase name="lineEndings[./xml/DTD/layout-config-2-5-2.dtd]" classname="jmri.util.FileLineEndingsTest" time="0.001"/>
  <testcase name="lineEndings[./xml/DTD/layout-config-2-7-10.dtd]" classname="jmri.util.FileLineEndingsTest" time="0.001"/>
  <testcase name="lineEndings[./xml/DTD/rpsfile.dtd]" classname="jmri.util.FileLineEndingsTest" time="0.001"/>
  <testcase name="lineEndings[./xml/DTD/layout-config-2-7-8.dtd]" classname="jmri.util.FileLineEndingsTest" time="0.001"/>
  <testcase name="lineEndings[./xml/DTD/rpsroster-2-3-8.dtd]" classname="jmri.util.FileLineEndingsTest" time="0.001"/>
  <testcase name="lineEndings[./xml/DTD/layout-config-2-3-3.dtd]" classname="jmri.util.FileLineEndingsTest" time="0.001"/>
  <testcase name="lineEndings[./xml/DTD/preferences-config.dtd]" classname="jmri.util.FileLineEndingsTest" time="0"/>
  <testcase name="lineEndings[./xml/DTD/block-values.dtd]" classname="jmri.util.FileLineEndingsTest" time="0"/>
  <testcase name="lineEndings[./xml/DTD/layout-config-2-3-9.dtd]" classname="jmri.util.FileLineEndingsTest" time="0.001"/>
  <testcase name="lineEndings[./xml/DTD/operations-routes.dtd]" classname="jmri.util.FileLineEndingsTest" time="0.001"/>
  <testcase name="lineEndings[./xml/DTD/layout-config-2-4.dtd]" classname="jmri.util.FileLineEndingsTest" time="0.001"/>
  <testcase name="lineEndings[./xml/DTD/layout-config-2-7-3.dtd]" classname="jmri.util.FileLineEndingsTest" time="0.001"/>
  <testcase name="lineEndings[./xml/DTD/layout-config-2-3-8.dtd]" classname="jmri.util.FileLineEndingsTest" time="0.001"/>
  <testcase name="lineEndings[./xml/DTD/throttle-config.dtd]" classname="jmri.util.FileLineEndingsTest" time="0.001"/>
  <testcase name="lineEndings[./xml/DTD/layout-config-2-3-2.dtd]" classname="jmri.util.FileLineEndingsTest" time="0.001"/>
  <testcase name="lineEndings[./xml/DTD/layout-config-2-9-2.dtd]" classname="jmri.util.FileLineEndingsTest" time="0.001"/>
  <testcase name="lineEndings[./xml/DTD/layout-config-2-5-4.dtd]" classname="jmri.util.FileLineEndingsTest" time="0.001"/>
  <testcase name="lineEndings[./xml/DTD/operations-engines.dtd]" classname="jmri.util.FileLineEndingsTest" time="0"/>
  <testcase name="lineEndings[./xml/DTD/layout-config-2-7-4.dtd]" classname="jmri.util.FileLineEndingsTest" time="0.001"/>
  <testcase name="lineEndings[./xml/DTD/layout-config-2-7-9.dtd]" classname="jmri.util.FileLineEndingsTest" time="0.001"/>
  <testcase name="lineEndings[./xml/DTD/operations-config.dtd]" classname="jmri.util.FileLineEndingsTest" time="0.001"/>
  <testcase name="lineEndings[./xml/DTD/layout-config-2-2.dtd]" classname="jmri.util.FileLineEndingsTest" time="0.001"/>
  <testcase name="lineEndings[./xml/DTD/decoder-config.dtd]" classname="jmri.util.FileLineEndingsTest" time="0.001"/>
  <testcase name="lineEndings[./xml/DTD/layout-config-2-1-5.dtd]" classname="jmri.util.FileLineEndingsTest" time="0.001"/>
  <testcase name="lineEndings[./xml/DTD/layout-config-2-8.dtd]" classname="jmri.util.FileLineEndingsTest" time="0.001"/>
  <testcase name="lineEndings[./xml/DTD/layout-config-2-9-1.dtd]" classname="jmri.util.FileLineEndingsTest" time="0.001"/>
  <testcase name="lineEndings[./xml/DTD/names-config.dtd]" classname="jmri.util.FileLineEndingsTest" time="0.001"/>
  <testcase name="lineEndings[./xml/DTD/layout-config-2-1-6.dtd]" classname="jmri.util.FileLineEndingsTest" time="0.001"/>
  <testcase name="lineEndings[./xml/DTD/layout-config-2-5-3.dtd]" classname="jmri.util.FileLineEndingsTest" time="0.001"/>
  <testcase name="lineEndings[./xml/DTD/layout-config-2-3-7.dtd]" classname="jmri.util.FileLineEndingsTest" time="0.001"/>
  <testcase name="lineEndings[./xml/DTD/catalogTree.dtd]" classname="jmri.util.FileLineEndingsTest" time="0.001"/>
  <testcase name="lineEndings[./xml/DTD/layout-config-2-6-1.dtd]" classname="jmri.util.FileLineEndingsTest" time="0"/>
  <testcase name="lineEndings[./xml/DTD/layout-config-2-7-2.dtd]" classname="jmri.util.FileLineEndingsTest" time="0.001"/>
  <testcase name="lineEndings[./xml/DTD/vsdecoder-preferences.dtd]" classname="jmri.util.FileLineEndingsTest" time="0.001"/>
  <testcase name="lineEndings[./xml/DTD/operations-trains.dtd]" classname="jmri.util.FileLineEndingsTest" time="0.001"/>
  <testcase name="lineEndings[./help/en/map_2_0.dtd]" classname="jmri.util.FileLineEndingsTest" time="0.001"/>
  <testcase name="lineEndings[./help/en/index_2_0.dtd]" classname="jmri.util.FileLineEndingsTest" time="0.001"/>
  <testcase name="lineEndings[./help/en/toc_2_0.dtd]" classname="jmri.util.FileLineEndingsTest" time="0.001"/>
  <testcase name="lineEndings[./help/fr/toc_2_0.dtd]" classname="jmri.util.FileLineEndingsTest" time="0"/>
  <testcase name="lineEndings[./help/fr/index_2_0.dtd]" classname="jmri.util.FileLineEndingsTest" time="0.001"/>
  <testcase name="lineEndings[./help/fr/map_2_0.dtd]" classname="jmri.util.FileLineEndingsTest" time="0.001"/>
  <testcase name="lineEndings[./java/src/jmri/jmrit/display/configurexml/package.html]" classname="jmri.util.FileLineEndingsTest" time="0.001"/>
  <testcase name="lineEndings[./java/src/jmri/jmrit/display/package.html]" classname="jmri.util.FileLineEndingsTest" time="0.001"/>
  <testcase name="lineEndings[./java/src/jmri/jmrit/beantable/package.html]" classname="jmri.util.FileLineEndingsTest" time="0"/>
  <testcase name="lineEndings[./java/src/jmri/jmrit/audio/swing/package.html]" classname="jmri.util.FileLineEndingsTest" time="0.001"/>
  <testcase name="lineEndings[./java/src/jmri/jmrit/audio/package.html]" classname="jmri.util.FileLineEndingsTest" time="0.001"/>
  <testcase name="lineEndings[./java/src/jmri/jmrit/roster/swing/rostertree/package.html]" classname="jmri.util.FileLineEndingsTest" time="0.001"/>
  <testcase name="lineEndings[./java/src/jmri/jmrit/symbolicprog/package.html]" classname="jmri.util.FileLineEndingsTest" time="0.001"/>
  <testcase name="lineEndings[./java/src/jmri/jmrit/symbolicprog/configurexml/package.html]" classname="jmri.util.FileLineEndingsTest" time="0"/>
  <testcase name="lineEndings[./java/src/jmri/jmrit/blockboss/configurexml/package.html]" classname="jmri.util.FileLineEndingsTest" time="0.001"/>
  <testcase name="lineEndings[./java/src/jmri/jmrit/blockboss/package.html]" classname="jmri.util.FileLineEndingsTest" time="0.001"/>
  <testcase name="lineEndings[./java/src/jmri/jmrit/automat/monitor/package.html]" classname="jmri.util.FileLineEndingsTest" time="0.001"/>
  <testcase name="lineEndings[./java/src/jmri/jmrit/automat/package.html]" classname="jmri.util.FileLineEndingsTest" time="0.001"/>
  <testcase name="lineEndings[./java/src/jmri/jmrit/simpleclock/package.html]" classname="jmri.util.FileLineEndingsTest" time="0"/>
  <testcase name="lineEndings[./java/src/jmri/jmrit/nixieclock/package.html]" classname="jmri.util.FileLineEndingsTest" time="0.001"/>
  <testcase name="lineEndings[./java/src/jmri/jmrit/progsupport/package.html]" classname="jmri.util.FileLineEndingsTest" time="0.001"/>
  <testcase name="lineEndings[./java/src/jmri/jmrit/package.html]" classname="jmri.util.FileLineEndingsTest" time="0.001"/>
  <testcase name="lineEndings[./java/src/jmri/jmrit/mailreport/package.html]" classname="jmri.util.FileLineEndingsTest" time="0.001"/>
  <testcase name="lineEndings[./java/src/jmri/jmrit/lcdclock/package.html]" classname="jmri.util.FileLineEndingsTest" time="0"/>
  <testcase name="lineEndings[./java/src/jmri/jmrit/decoderdefn/package.html]" classname="jmri.util.FileLineEndingsTest" time="0.001"/>
  <testcase name="lineEndings[./java/src/jmri/jmrit/catalog/package.html]" classname="jmri.util.FileLineEndingsTest" time="0.001"/>
  <testcase name="lineEndings[./java/src/jmri/jmrit/ampmeter/package.html]" classname="jmri.util.FileLineEndingsTest" time="0.001"/>
  <testcase name="lineEndings[./java/src/jmri/jmrit/tracker/package.html]" classname="jmri.util.FileLineEndingsTest" time="0.001"/>
  <testcase name="lineEndings[./java/src/jmri/jmrix/loconet/sdfeditor/package.html]" classname="jmri.util.FileLineEndingsTest" time="0"/>
  <testcase name="lineEndings[./java/src/jmri/jmrix/loconet/package.html]" classname="jmri.util.FileLineEndingsTest" time="0.001"/>
  <testcase name="lineEndings[./java/src/jmri/jmrix/loconet/sdf/package.html]" classname="jmri.util.FileLineEndingsTest" time="0.001"/>
  <testcase name="lineEndings[./java/src/jmri/jmrix/loconet/swing/throttlemsg/package.html]" classname="jmri.util.FileLineEndingsTest" time="0.001"/>
  <testcase name="lineEndings[./java/src/jmri/jmrix/loconet/spjfile/package.html]" classname="jmri.util.FileLineEndingsTest" time="0.001"/>
  <testcase name="lineEndings[./java/src/jmri/jmrix/dccpp/dccppovertcp/package.html]" classname="jmri.util.FileLineEndingsTest" time="0"/>
  <testcase name="lineEndings[./java/src/jmri/jmrix/ecos/package.html]" classname="jmri.util.FileLineEndingsTest" time="0.001"/>
  <testcase name="lineEndings[./java/src/jmri/jmrix/wangrow/package.html]" classname="jmri.util.FileLineEndingsTest" time="0.001"/>
  <testcase name="lineEndings[./java/src/jmri/jmrix/qsi/package.html]" classname="jmri.util.FileLineEndingsTest" time="0.001"/>
  <testcase name="lineEndings[./java/src/jmri/jmrix/can/adapters/gridconnect/lccbuffer/serialdriver/package.html]" classname="jmri.util.FileLineEndingsTest" time="0.001"/>
  <testcase name="lineEndings[./java/src/jmri/jmrix/can/adapters/gridconnect/lccbuffer/package.html]" classname="jmri.util.FileLineEndingsTest" time="0.001"/>
  <testcase name="lineEndings[./java/src/jmri/jmrix/can/adapters/gridconnect/canusb/serialdriver/package.html]" classname="jmri.util.FileLineEndingsTest" time="0"/>
  <testcase name="lineEndings[./java/src/jmri/jmrix/can/adapters/gridconnect/canusb/package.html]" classname="jmri.util.FileLineEndingsTest" time="0.001"/>
  <testcase name="lineEndings[./java/src/jmri/jmrix/can/adapters/gridconnect/package.html]" classname="jmri.util.FileLineEndingsTest" time="0.001"/>
  <testcase name="lineEndings[./java/src/jmri/jmrix/can/adapters/gridconnect/canrs/serialdriver/package.html]" classname="jmri.util.FileLineEndingsTest" time="0.001"/>
  <testcase name="lineEndings[./java/src/jmri/jmrix/can/adapters/gridconnect/canrs/package.html]" classname="jmri.util.FileLineEndingsTest" time="0.001"/>
  <testcase name="lineEndings[./java/src/jmri/jmrix/can/adapters/gridconnect/can2usbino/serialdriver/package.html]" classname="jmri.util.FileLineEndingsTest" time="0.001"/>
  <testcase name="lineEndings[./java/src/jmri/jmrix/can/adapters/gridconnect/can2usbino/package.html]" classname="jmri.util.FileLineEndingsTest" time="0"/>
  <testcase name="lineEndings[./java/src/jmri/jmrix/can/adapters/lawicell/canusb/serialdriver/package.html]" classname="jmri.util.FileLineEndingsTest" time="0.001"/>
  <testcase name="lineEndings[./java/src/jmri/jmrix/can/adapters/lawicell/canusb/package.html]" classname="jmri.util.FileLineEndingsTest" time="0.001"/>
  <testcase name="lineEndings[./java/src/jmri/jmrix/can/adapters/lawicell/package.html]" classname="jmri.util.FileLineEndingsTest" time="0.001"/>
  <testcase name="lineEndings[./java/src/jmri/jmrix/can/adapters/loopback/package.html]" classname="jmri.util.FileLineEndingsTest" time="0.001"/>
  <testcase name="lineEndings[./java/src/jmri/jmrix/can/adapters/package.html]" classname="jmri.util.FileLineEndingsTest" time="0.001"/>
  <testcase name="lineEndings[./java/src/jmri/jmrix/can/swing/send/package.html]" classname="jmri.util.FileLineEndingsTest" time="0"/>
  <testcase name="lineEndings[./java/src/jmri/jmrix/can/swing/package.html]" classname="jmri.util.FileLineEndingsTest" time="0.001"/>
  <testcase name="lineEndings[./java/src/jmri/jmrix/can/cbus/swing/eventtable/package.html]" classname="jmri.util.FileLineEndingsTest" time="0.001"/>
  <testcase name="lineEndings[./java/src/jmri/jmrix/can/cbus/swing/console/package.html]" classname="jmri.util.FileLineEndingsTest" time="0.001"/>
  <testcase name="lineEndings[./java/src/jmri/jmrix/can/cbus/package.html]" classname="jmri.util.FileLineEndingsTest" time="0.001"/>
  <testcase name="lineEndings[./java/src/jmri/jmrix/can/nmranet/package.html]" classname="jmri.util.FileLineEndingsTest" time="0"/>
  <testcase name="lineEndings[./java/src/jmri/jmrix/can/package.html]" classname="jmri.util.FileLineEndingsTest" time="0.001"/>
  <testcase name="lineEndings[./java/src/jmri/jmrix/tams/package.html]" classname="jmri.util.FileLineEndingsTest" time="0.001"/>
  <testcase name="lineEndings[./java/src/jmri/jmrix/srcp/package.html]" classname="jmri.util.FileLineEndingsTest" time="0.001"/>
  <testcase name="lineEndings[./java/src/jmri/jmrix/rps/aligntable/package.html]" classname="jmri.util.FileLineEndingsTest" time="0.001"/>
  <testcase name="lineEndings[./java/src/jmri/jmrix/rps/swing/soundset/package.html]" classname="jmri.util.FileLineEndingsTest" time="0"/>
  <testcase name="lineEndings[./java/src/jmri/jmrix/rps/swing/polling/package.html]" classname="jmri.util.FileLineEndingsTest" time="0.001"/>
  <testcase name="lineEndings[./java/src/jmri/jmrix/rps/swing/debugger/package.html]" classname="jmri.util.FileLineEndingsTest" time="0.001"/>
  <testcase name="lineEndings[./java/src/jmri/jmrix/rps/swing/package.html]" classname="jmri.util.FileLineEndingsTest" time="0.001"/>
  <testcase name="lineEndings[./java/src/jmri/jmrix/rps/trackingpanel/package.html]" classname="jmri.util.FileLineEndingsTest" time="0.001"/>
  <testcase name="lineEndings[./java/src/jmri/jmrix/powerline/cm11/package.html]" classname="jmri.util.FileLineEndingsTest" time="0"/>
  <testcase name="lineEndings[./java/src/jmri/jmrix/powerline/cp290/package.html]" classname="jmri.util.FileLineEndingsTest" time="0.001"/>
  <testcase name="lineEndings[./java/src/jmri/jmrix/powerline/insteon2412s/package.html]" classname="jmri.util.FileLineEndingsTest" time="0.001"/>
  <testcase name="lineEndings[./java/src/jmri/jmrix/powerline/package.html]" classname="jmri.util.FileLineEndingsTest" time="0.001"/>
  <testcase name="lineEndings[./java/src/jmri/jmrix/grapevine/package.html]" classname="jmri.util.FileLineEndingsTest" time="0.001"/>
  <testcase name="lineEndings[./java/src/jmri/jmrix/acela/package.html]" classname="jmri.util.FileLineEndingsTest" time="0"/>
  <testcase name="lineEndings[./java/src/jmri/jmrix/rfid/protocol/parallax/package.html]" classname="jmri.util.FileLineEndingsTest" time="0.001"/>
  <testcase name="lineEndings[./java/src/jmri/jmrix/rfid/protocol/em18/package.html]" classname="jmri.util.FileLineEndingsTest" time="0.001"/>
  <testcase name="lineEndings[./java/src/jmri/jmrix/rfid/protocol/seeedstudio/package.html]" classname="jmri.util.FileLineEndingsTest" time="0.001"/>
  <testcase name="lineEndings[./java/src/jmri/jmrix/rfid/protocol/olimex/package.html]" classname="jmri.util.FileLineEndingsTest" time="0.001"/>
  <testcase name="lineEndings[./java/src/jmri/jmrix/rfid/protocol/coreid/package.html]" classname="jmri.util.FileLineEndingsTest" time="0"/>
  <testcase name="lineEndings[./java/src/jmri/jmrix/rfid/generic/standalone/package.html]" classname="jmri.util.FileLineEndingsTest" time="0.001"/>
  <testcase name="lineEndings[./java/src/jmri/jmrix/rfid/merg/concentrator/package.html]" classname="jmri.util.FileLineEndingsTest" time="0.001"/>
  <testcase name="lineEndings[./java/src/jmri/jmrix/rfid/package.html]" classname="jmri.util.FileLineEndingsTest" time="0.001"/>
  <testcase name="lineEndings[./java/src/jmri/jmrix/secsi/package.html]" classname="jmri.util.FileLineEndingsTest" time="0.001"/>
  <testcase name="lineEndings[./java/src/jmri/jmrix/jinput/treecontrol/package.html]" classname="jmri.util.FileLineEndingsTest" time="0"/>
  <testcase name="lineEndings[./java/src/jmri/jmrix/jinput/package.html]" classname="jmri.util.FileLineEndingsTest" time="0.001"/>
  <testcase name="lineEndings[./java/src/jmri/jmrix/package.html]" classname="jmri.util.FileLineEndingsTest" time="0.001"/>
  <testcase name="lineEndings[./java/src/jmri/jmrix/internal/package.html]" classname="jmri.util.FileLineEndingsTest" time="0.001"/>
  <testcase name="lineEndings[./java/src/jmri/web/servlet/frameimage/package.html]" classname="jmri.util.FileLineEndingsTest" time="0.001"/>
  <testcase name="lineEndings[./java/src/jmri/configurexml/package.html]" classname="jmri.util.FileLineEndingsTest" time="0.001"/>
  <testcase name="lineEndings[./java/src/jmri/implementation/swing/package.html]" classname="jmri.util.FileLineEndingsTest" time="0.001"/>
  <testcase name="lineEndings[./java/src/jmri/implementation/package.html]" classname="jmri.util.FileLineEndingsTest" time="0"/>
  <testcase name="lineEndings[./java/src/jmri/swing/package.html]" classname="jmri.util.FileLineEndingsTest" time="0.001"/>
  <testcase name="lineEndings[./java/src/jmri/managers/package.html]" classname="jmri.util.FileLineEndingsTest" time="0.001"/>
  <testcase name="lineEndings[./java/src/jmri/util/swing/multipane/package.html]" classname="jmri.util.FileLineEndingsTest" time="0.001"/>
  <testcase name="lineEndings[./java/src/jmri/util/swing/sdi/package.html]" classname="jmri.util.FileLineEndingsTest" time="0.001"/>
  <testcase name="lineEndings[./java/src/jmri/util/swing/mdi/package.html]" classname="jmri.util.FileLineEndingsTest" time="0"/>
  <testcase name="lineEndings[./java/src/jmri/util/swing/package.html]" classname="jmri.util.FileLineEndingsTest" time="0.001"/>
  <testcase name="lineEndings[./java/src/jmri/util/exceptionhandler/package.html]" classname="jmri.util.FileLineEndingsTest" time="0.001"/>
  <testcase name="lineEndings[./java/src/jmri/util/jdom/package.html]" classname="jmri.util.FileLineEndingsTest" time="0.001"/>
  <testcase name="lineEndings[./java/src/jmri/util/zeroconf/package.html]" classname="jmri.util.FileLineEndingsTest" time="0.001"/>
  <testcase name="lineEndings[./java/src/jmri/util/docbook/package.html]" classname="jmri.util.FileLineEndingsTest" time="0"/>
  <testcase name="lineEndings[./java/src/jmri/jmris/srcp/package.html]" classname="jmri.util.FileLineEndingsTest" time="0.001"/>
  <testcase name="lineEndings[./java/src/jmri/jmris/package.html]" classname="jmri.util.FileLineEndingsTest" time="0.001"/>
  <testcase name="lineEndings[./java/src/jmri/progdebugger/package.html]" classname="jmri.util.FileLineEndingsTest" time="0.001"/>
  <testcase name="lineEndings[./java/src/jmri/overview.html]" classname="jmri.util.FileLineEndingsTest" time="0.001"/>
  <testcase name="lineEndings[./java/src/apps/InstallTest/package.html]" classname="jmri.util.FileLineEndingsTest" time="0"/>
  <testcase name="lineEndings[./java/src/apps/gui3/paned/package.html]" classname="jmri.util.FileLineEndingsTest" time="0.001"/>
  <testcase name="lineEndings[./java/src/apps/gui3/package.html]" classname="jmri.util.FileLineEndingsTest" time="0.001"/>
  <testcase name="lineEndings[./java/src/apps/SoundPro/package.html]" classname="jmri.util.FileLineEndingsTest" time="0.001"/>
  <testcase name="lineEndings[./java/src/apps/PanelPro/package.html]" classname="jmri.util.FileLineEndingsTest" time="0.001"/>
  <testcase name="lineEndings[./java/src/apps/package.html]" classname="jmri.util.FileLineEndingsTest" time="0"/>
  <testcase name="lineEndings[./java/src/apps/DecoderPro/package.html]" classname="jmri.util.FileLineEndingsTest" time="0.001"/>
  <testcase name="lineEndings[./java/src/apps/DispatcherPro/package.html]" classname="jmri.util.FileLineEndingsTest" time="0.001"/>
  <testcase name="lineEndings[./java/package-template.html]" classname="jmri.util.FileLineEndingsTest" time="0.001"/>
  <testcase name="lineEndings[./web/app/app/index.html]" classname="jmri.util.FileLineEndingsTest" time="0.001"/>
  <testcase name="lineEndings[./web/servlet/operations/ConductorSnippet.html]" classname="jmri.util.FileLineEndingsTest" time="0"/>
  <testcase name="lineEndings[./web/servlet/operations/ConductorSnippet_nl.html]" classname="jmri.util.FileLineEndingsTest" time="0.001"/>
  <testcase name="lineEndings[./web/servlet/operations/TrainsSnippet_cs.html]" classname="jmri.util.FileLineEndingsTest" time="0.001"/>
  <testcase name="lineEndings[./web/servlet/operations/ManifestSnippet_cs.html]" classname="jmri.util.FileLineEndingsTest" time="0.001"/>
  <testcase name="lineEndings[./web/servlet/operations/TrainsSnippet_de.html]" classname="jmri.util.FileLineEndingsTest" time="0"/>
  <testcase name="lineEndings[./web/servlet/operations/Operations_de.html]" classname="jmri.util.FileLineEndingsTest" time="0.001"/>
  <testcase name="lineEndings[./web/servlet/operations/ManifestSnippet.html]" classname="jmri.util.FileLineEndingsTest" time="0.001"/>
  <testcase name="lineEndings[./web/servlet/operations/ConductorSnippet_cs.html]" classname="jmri.util.FileLineEndingsTest" time="0.001"/>
  <testcase name="lineEndings[./web/servlet/operations/TrainsSnippet.html]" classname="jmri.util.FileLineEndingsTest" time="0.001"/>
  <testcase name="lineEndings[./web/servlet/operations/ManifestSnippet_nl.html]" classname="jmri.util.FileLineEndingsTest" time="0"/>
  <testcase name="lineEndings[./web/servlet/operations/Operations_nl.html]" classname="jmri.util.FileLineEndingsTest" time="0.001"/>
  <testcase name="lineEndings[./web/servlet/operations/Operations_cs.html]" classname="jmri.util.FileLineEndingsTest" time="0.001"/>
  <testcase name="lineEndings[./web/servlet/operations/ManifestSnippet_de.html]" classname="jmri.util.FileLineEndingsTest" time="0.001"/>
  <testcase name="lineEndings[./web/servlet/operations/TrainsSnippet_nl.html]" classname="jmri.util.FileLineEndingsTest" time="0.001"/>
  <testcase name="lineEndings[./web/servlet/operations/ConductorSnippet_de.html]" classname="jmri.util.FileLineEndingsTest" time="0"/>
  <testcase name="lineEndings[./web/servlet/operations/Operations.html]" classname="jmri.util.FileLineEndingsTest" time="0"/>
  <testcase name="lineEndings[./web/servlet/config/Config_nl.html]" classname="jmri.util.FileLineEndingsTest" time="0.001"/>
  <testcase name="lineEndings[./web/servlet/config/Config_cs.html]" classname="jmri.util.FileLineEndingsTest" time="0.001"/>
  <testcase name="lineEndings[./web/servlet/config/Config_de.html]" classname="jmri.util.FileLineEndingsTest" time="0.001"/>
  <testcase name="lineEndings[./web/servlet/config/Config.html]" classname="jmri.util.FileLineEndingsTest" time="0"/>
  <testcase name="lineEndings[./web/servlet/json/Json_cs.html]" classname="jmri.util.FileLineEndingsTest" time="0.001"/>
  <testcase name="lineEndings[./web/servlet/json/Json_nl.html]" classname="jmri.util.FileLineEndingsTest" time="0.001"/>
  <testcase name="lineEndings[./web/servlet/json/Json_de.html]" classname="jmri.util.FileLineEndingsTest" time="0.001"/>
  <testcase name="lineEndings[./web/servlet/json/Json.html]" classname="jmri.util.FileLineEndingsTest" time="0.001"/>
  <testcase name="lineEndings[./web/servlet/roster/TableRow_de.html]" classname="jmri.util.FileLineEndingsTest" time="0.001"/>
  <testcase name="lineEndings[./web/servlet/roster/Roster_de.html]" classname="jmri.util.FileLineEndingsTest" time="0"/>
  <testcase name="lineEndings[./web/servlet/roster/Roster_nl.html]" classname="jmri.util.FileLineEndingsTest" time="0.001"/>
  <testcase name="lineEndings[./web/servlet/roster/Roster.html]" classname="jmri.util.FileLineEndingsTest" time="0.001"/>
  <testcase name="lineEndings[./web/servlet/roster/TableRow_cs.html]" classname="jmri.util.FileLineEndingsTest" time="0.001"/>
  <testcase name="lineEndings[./web/servlet/roster/Roster_cs.html]" classname="jmri.util.FileLineEndingsTest" time="0.001"/>
  <testcase name="lineEndings[./web/servlet/roster/TableRow_nl.html]" classname="jmri.util.FileLineEndingsTest" time="0"/>
  <testcase name="lineEndings[./web/servlet/roster/TableRow.html]" classname="jmri.util.FileLineEndingsTest" time="0.001"/>
  <testcase name="lineEndings[./web/servlet/panel/Panel_nl.html]" classname="jmri.util.FileLineEndingsTest" time="0.001"/>
  <testcase name="lineEndings[./web/servlet/panel/Panel.html]" classname="jmri.util.FileLineEndingsTest" time="0.001"/>
  <testcase name="lineEndings[./web/servlet/panel/Panel_de.html]" classname="jmri.util.FileLineEndingsTest" time="0.001"/>
  <testcase name="lineEndings[./web/servlet/panel/Panel_cs.html]" classname="jmri.util.FileLineEndingsTest" time="0"/>
  <testcase name="lineEndings[./web/servlet/simple/Simple_cs.html]" classname="jmri.util.FileLineEndingsTest" time="0.001"/>
  <testcase name="lineEndings[./web/servlet/simple/Simple_nl.html]" classname="jmri.util.FileLineEndingsTest" time="0.001"/>
  <testcase name="lineEndings[./web/servlet/simple/Simple_de.html]" classname="jmri.util.FileLineEndingsTest" time="0.001"/>
  <testcase name="lineEndings[./web/servlet/simple/Simple.html]" classname="jmri.util.FileLineEndingsTest" time="0.001"/>
  <testcase name="lineEndings[./web/servlet/about/About_de.html]" classname="jmri.util.FileLineEndingsTest" time="0"/>
  <testcase name="lineEndings[./web/servlet/about/About.html]" classname="jmri.util.FileLineEndingsTest" time="0.001"/>
  <testcase name="lineEndings[./web/servlet/about/About_nl.html]" classname="jmri.util.FileLineEndingsTest" time="0.001"/>
  <testcase name="lineEndings[./web/servlet/NavBar.html]" classname="jmri.util.FileLineEndingsTest" time="0.001"/>
  <testcase name="lineEndings[./web/servlet/directory/Directory_de.html]" classname="jmri.util.FileLineEndingsTest" time="0.001"/>
  <testcase name="lineEndings[./web/servlet/directory/Directory.html]" classname="jmri.util.FileLineEndingsTest" time="0.001"/>
  <testcase name="lineEndings[./web/servlet/directory/Directory_cs.html]" classname="jmri.util.FileLineEndingsTest" time="0"/>
  <testcase name="lineEndings[./web/servlet/directory/Directory_nl.html]" classname="jmri.util.FileLineEndingsTest" time="0.001"/>
  <testcase name="lineEndings[./web/servlet/home/Home_nl.html]" classname="jmri.util.FileLineEndingsTest" time="0.001"/>
  <testcase name="lineEndings[./web/servlet/home/Home_cs.html]" classname="jmri.util.FileLineEndingsTest" time="0.002"/>
  <testcase name="lineEndings[./web/servlet/home/Home.html]" classname="jmri.util.FileLineEndingsTest" time="0.001"/>
  <testcase name="lineEndings[./web/servlet/home/Home_de.html]" classname="jmri.util.FileLineEndingsTest" time="0.001"/>
  <testcase name="lineEndings[./web/servlet/Footer_de.html]" classname="jmri.util.FileLineEndingsTest" time="0.001"/>
  <testcase name="lineEndings[./web/servlet/Footer.html]" classname="jmri.util.FileLineEndingsTest" time="0.001"/>
  <testcase name="lineEndings[./web/servlet/NavBar_de.html]" classname="jmri.util.FileLineEndingsTest" time="0.001"/>
  <testcase name="lineEndings[./web/servlet/Footer_nl.html]" classname="jmri.util.FileLineEndingsTest" time="0.001"/>
  <testcase name="lineEndings[./web/servlet/NavBar_cs.html]" classname="jmri.util.FileLineEndingsTest" time="0.001"/>
  <testcase name="lineEndings[./web/servlet/NavBar_nl.html]" classname="jmri.util.FileLineEndingsTest" time="0"/>
  <testcase name="lineEndings[./web/servlet/Footer_cs.html]" classname="jmri.util.FileLineEndingsTest" time="0.001"/>
  <testcase name="lineEndings[./web/roster/index.html]" classname="jmri.util.FileLineEndingsTest" time="0.001"/>
  <testcase name="lineEndings[./web/request.html]" classname="jmri.util.FileLineEndingsTest" time="0.001"/>
  <testcase name="lineEndings[./web/turnoutMonitor.html]" classname="jmri.util.FileLineEndingsTest" time="0"/>
  <testcase name="lineEndings[./web/turnoutPanel.html]" classname="jmri.util.FileLineEndingsTest" time="0.001"/>
  <testcase name="lineEndings[./web/turnout.html]" classname="jmri.util.FileLineEndingsTest" time="0.001"/>
  <testcase name="lineEndings[./web/throttle.html]" classname="jmri.util.FileLineEndingsTest" time="0.001"/>
  <testcase name="lineEndings[./web/power.html]" classname="jmri.util.FileLineEndingsTest" time="0.001"/>
  <testcase name="lineEndings[./web/webThrottle.html]" classname="jmri.util.FileLineEndingsTest" time="0"/>
  <testcase name="lineEndings[./web/monitor.html]" classname="jmri.util.FileLineEndingsTest" time="0.001"/>
  <testcase name="lineEndings[./xml/decoders/HEADER.html]" classname="jmri.util.FileLineEndingsTest" time="0.001"/>
  <testcase name="lineEndings[./xml/signals/CSD-1962-mechaniky/index.shtml]" classname="jmri.util.FileLineEndingsTest" time="0.001"/>
  <testcase name="lineEndings[./xml/signals/CSX-1998/index.shtml]" classname="jmri.util.FileLineEndingsTest" time="0.001"/>
  <testcase name="lineEndings[./xml/signals/AAR-1946/index.shtml]" classname="jmri.util.FileLineEndingsTest" time="0"/>
  <testcase name="lineEndings[./xml/signals/GWR-1931/index.shtml]" classname="jmri.util.FileLineEndingsTest" time="0.001"/>
  <testcase name="lineEndings[./xml/signals/CSD-1962-vlozena/index.shtml]" classname="jmri.util.FileLineEndingsTest" time="0.001"/>
  <testcase name="lineEndings[./xml/signals/BR-2003/index.shtml]" classname="jmri.util.FileLineEndingsTest" time="0.001"/>
  <testcase name="lineEndings[./xml/signals/NS-2008/index.shtml]" classname="jmri.util.FileLineEndingsTest" time="0"/>
  <testcase name="lineEndings[./xml/signals/SOU-1981/index.shtml]" classname="jmri.util.FileLineEndingsTest" time="0.001"/>
  <testcase name="lineEndings[./xml/signals/DB-HV-1969/index.shtml]" classname="jmri.util.FileLineEndingsTest" time="0.001"/>
  <testcase name="lineEndings[./xml/signals/CSX-2014-Chessie/index.shtml]" classname="jmri.util.FileLineEndingsTest" time="0.001"/>
  <testcase name="lineEndings[./xml/signals/basic/index.shtml]" classname="jmri.util.FileLineEndingsTest" time="0.001"/>
  <testcase name="lineEndings[./xml/signals/B&amp;O-1957/index.shtml]" classname="jmri.util.FileLineEndingsTest" time="0"/>
  <testcase name="lineEndings[./xml/signals/ProRail-1954/index.shtml]" classname="jmri.util.FileLineEndingsTest" time="0.001"/>
  <testcase name="lineEndings[./xml/signals/RG-1965/index.shtml]" classname="jmri.util.FileLineEndingsTest" time="0.001"/>
  <testcase name="lineEndings[./xml/signals/UP-2008/index.shtml]" classname="jmri.util.FileLineEndingsTest" time="0.001"/>
  <testcase name="lineEndings[./xml/signals/BN-1989/index.shtml]" classname="jmri.util.FileLineEndingsTest" time="0.001"/>
  <testcase name="lineEndings[./xml/signals/BNSF-1996/index.shtml]" classname="jmri.util.FileLineEndingsTest" time="0"/>
  <testcase name="lineEndings[./xml/signals/B&amp;O-1980/index.shtml]" classname="jmri.util.FileLineEndingsTest" time="0.001"/>
  <testcase name="lineEndings[./xml/signals/CROR-2008/index.shtml]" classname="jmri.util.FileLineEndingsTest" time="0.001"/>
  <testcase name="lineEndings[./xml/signals/CFL-2014/index.shtml]" classname="jmri.util.FileLineEndingsTest" time="0.001"/>
  <testcase name="lineEndings[./xml/signals/NYCS-1937/index.shtml]" classname="jmri.util.FileLineEndingsTest" time="0"/>
  <testcase name="lineEndings[./xml/signals/NYC-1956/index.shtml]" classname="jmri.util.FileLineEndingsTest" time="0.001"/>
  <testcase name="lineEndings[./xml/signals/SPTCO-1960/index.shtml]" classname="jmri.util.FileLineEndingsTest" time="0.001"/>
  <testcase name="lineEndings[./xml/signals/CSD-1962-zakladni/index.shtml]" classname="jmri.util.FileLineEndingsTest" time="0.001"/>
  <testcase name="lineEndings[./xml/signals/B&amp;O-2009/index.shtml]" classname="jmri.util.FileLineEndingsTest" time="0.001"/>
  <testcase name="lineEndings[./xml/signals/SPTCO-1969/index.shtml]" classname="jmri.util.FileLineEndingsTest" time="0"/>
  <testcase name="lineEndings[./xml/signals/CTC-MB/index.shtml]" classname="jmri.util.FileLineEndingsTest" time="0.001"/>
  <testcase name="lineEndings[./xml/signals/NW-1981/index.shtml]" classname="jmri.util.FileLineEndingsTest" time="0.001"/>
  <testcase name="lineEndings[./xml/signals/WM-1980/index.shtml]" classname="jmri.util.FileLineEndingsTest" time="0.001"/>
  <testcase name="lineEndings[./xml/signals/InfraBel-2013/index.shtml]" classname="jmri.util.FileLineEndingsTest" time="0"/>
  <testcase name="lineEndings[./xml/signals/LMS-1932/index.shtml]" classname="jmri.util.FileLineEndingsTest" time="0.001"/>
  <testcase name="lineEndings[./xml/signals/SPTCO-1930/index.shtml]" classname="jmri.util.FileLineEndingsTest" time="0.001"/>
  <testcase name="lineEndings[./xml/signals/SZDC-2015-zakladni/index.shtml]" classname="jmri.util.FileLineEndingsTest" time="0.001"/>
  <testcase name="lineEndings[./xml/signals/B&amp;O-Semaphore/index.shtml]" classname="jmri.util.FileLineEndingsTest" time="0"/>
  <testcase name="lineEndings[./xml/signals/SLSF-1973/index.shtml]" classname="jmri.util.FileLineEndingsTest" time="0.001"/>
  <testcase name="lineEndings[./xml/signals/Amtrak-2010/index.shtml]" classname="jmri.util.FileLineEndingsTest" time="0.001"/>
  <testcase name="lineEndings[./xml/signals/index.shtml]" classname="jmri.util.FileLineEndingsTest" time="0.001"/>
  <testcase name="lineEndings[./xml/signals/CSD-1962-cestova/index.shtml]" classname="jmri.util.FileLineEndingsTest" time="0.001"/>
  <testcase name="lineEndings[./xml/config/index.shtml]" classname="jmri.util.FileLineEndingsTest" time="0"/>
  <testcase name="lineEndings[./xml/XSLT/CSVindex.shtml]" classname="jmri.util.FileLineEndingsTest" time="0.001"/>
  <testcase name="lineEndings[./xml/XSLT/index.shtml]" classname="jmri.util.FileLineEndingsTest" time="0.001"/>
  <testcase name="lineEndings[./help/en/manual/DecoderPro3/Programmer_ServiceMode.shtml]" classname="jmri.util.FileLineEndingsTest" time="0.001"/>
  <testcase name="lineEndings[./help/en/manual/DecoderPro3/Main_PRICOM.shtml]" classname="jmri.util.FileLineEndingsTest" time="0"/>
  <testcase name="lineEndings[./help/en/manual/DecoderPro3/Main_lightControl.shtml]" classname="jmri.util.FileLineEndingsTest" time="0.001"/>
  <testcase name="lineEndings[./help/en/manual/DecoderPro3/dp3_Main_Throttle_functionPanel.shtml]" classname="jmri.util.FileLineEndingsTest" time="0.001"/>
  <testcase name="lineEndings[./help/en/manual/DecoderPro3/Comp_PrintData_a.shtml]" classname="jmri.util.FileLineEndingsTest" time="0.001"/>
  <testcase name="lineEndings[./help/en/manual/DecoderPro3/dp3_Main_Throttle.shtml]" classname="jmri.util.FileLineEndingsTest" time="0.001"/>
  <testcase name="lineEndings[./help/en/manual/DecoderPro3/Main_Powerline.shtml]" classname="jmri.util.FileLineEndingsTest" time="0"/>
  <testcase name="lineEndings[./help/en/manual/DecoderPro3/RosterMedia.shtml]" classname="jmri.util.FileLineEndingsTest" time="0.001"/>
  <testcase name="lineEndings[./help/en/manual/DecoderPro3/Main_GrapeVine.shtml]" classname="jmri.util.FileLineEndingsTest" time="0.001"/>
  <testcase name="lineEndings[./help/en/manual/DecoderPro3/dp3_decoderInfo.shtml]" classname="jmri.util.FileLineEndingsTest" time="0.001"/>
  <testcase name="lineEndings[./help/en/manual/DecoderPro3/Start_DecoderPro.shtml]" classname="jmri.util.FileLineEndingsTest" time="0.001"/>
  <testcase name="lineEndings[./help/en/manual/DecoderPro3/dp3_Main_Throttle_controlPanel.shtml]" classname="jmri.util.FileLineEndingsTest" time="0"/>
  <testcase name="lineEndings[./help/en/manual/DecoderPro3/dp3_menubar.shtml]" classname="jmri.util.FileLineEndingsTest" time="0.001"/>
  <testcase name="lineEndings[./help/en/manual/DecoderPro3/Basic_Mode.shtml]" classname="jmri.util.FileLineEndingsTest" time="0.001"/>
  <testcase name="lineEndings[./help/en/manual/DecoderPro3/Programmer_OpsMode.shtml]" classname="jmri.util.FileLineEndingsTest" time="0.001"/>
  <testcase name="lineEndings[./help/en/manual/DecoderPro3/dp3_Main_file_print_entry.shtml]" classname="jmri.util.FileLineEndingsTest" time="0.001"/>
  <testcase name="lineEndings[./help/en/manual/DecoderPro3/Comp_Speed.shtml]" classname="jmri.util.FileLineEndingsTest" time="0"/>
  <testcase name="lineEndings[./help/en/manual/DecoderPro3/Comp_ManfSpecific.shtml]" classname="jmri.util.FileLineEndingsTest" time="0.001"/>
  <testcase name="lineEndings[./help/en/manual/DecoderPro3/Comp_PrintData_c.shtml]" classname="jmri.util.FileLineEndingsTest" time="0.001"/>
  <testcase name="lineEndings[./help/en/manual/DecoderPro3/Programmer_SingleCV.shtml]" classname="jmri.util.FileLineEndingsTest" time="0.001"/>
  <testcase name="lineEndings[./help/en/manual/DecoderPro3/Main_NCE.shtml]" classname="jmri.util.FileLineEndingsTest" time="0"/>
  <testcase name="lineEndings[./help/en/manual/DecoderPro3/dp3_Main_Throttle_List.shtml]" classname="jmri.util.FileLineEndingsTest" time="0.001"/>
  <testcase name="lineEndings[./help/en/manual/DecoderPro3/Comp_Motor.shtml]" classname="jmri.util.FileLineEndingsTest" time="0.001"/>
  <testcase name="lineEndings[./help/en/manual/DecoderPro3/Basic_Start.shtml]" classname="jmri.util.FileLineEndingsTest" time="0.001"/>
  <testcase name="lineEndings[./help/en/manual/DecoderPro3/Comp_LightFX.shtml]" classname="jmri.util.FileLineEndingsTest" time="0.001"/>
  <testcase name="lineEndings[./help/en/manual/DecoderPro3/Main_SPROG.shtml]" classname="jmri.util.FileLineEndingsTest" time="0"/>
  <testcase name="lineEndings[./help/en/manual/DecoderPro3/dp3_rosterTable.shtml]" classname="jmri.util.FileLineEndingsTest" time="0.001"/>
  <testcase name="lineEndings[./help/en/manual/DecoderPro3/Start_DCC_Hardware.shtml]" classname="jmri.util.FileLineEndingsTest" time="0.001"/>
  <testcase name="lineEndings[./help/en/manual/DecoderPro3/WiThrottle.shtml]" classname="jmri.util.FileLineEndingsTest" time="0.001"/>
  <testcase name="lineEndings[./help/en/manual/DecoderPro3/Main_FastClockSetup.shtml]" classname="jmri.util.FileLineEndingsTest" time="0.001"/>
  <testcase name="lineEndings[./help/en/manual/DecoderPro3/Comp_Analog.shtml]" classname="jmri.util.FileLineEndingsTest" time="0"/>
  <testcase name="lineEndings[./help/en/manual/DecoderPro3/Programmer_Setup.shtml]" classname="jmri.util.FileLineEndingsTest" time="0.001"/>
  <testcase name="lineEndings[./help/en/manual/DecoderPro3/dp3_Main_Speedometer.shtml]" classname="jmri.util.FileLineEndingsTest" time="0.001"/>
  <testcase name="lineEndings[./help/en/manual/DecoderPro3/Main_RPS.shtml]" classname="jmri.util.FileLineEndingsTest" time="0.001"/>
  <testcase name="lineEndings[./help/en/manual/DecoderPro3/Main_EasyDCC.shtml]" classname="jmri.util.FileLineEndingsTest" time="0"/>
  <testcase name="lineEndings[./help/en/manual/DecoderPro3/Main_OakTreeSystems.shtml]" classname="jmri.util.FileLineEndingsTest" time="0.001"/>
  <testcase name="lineEndings[./help/en/manual/DecoderPro3/Main_LocoNet.shtml]" classname="jmri.util.FileLineEndingsTest" time="0.001"/>
  <testcase name="lineEndings[./help/en/manual/DecoderPro3/Comp_GlobalCVs.shtml]" classname="jmri.util.FileLineEndingsTest" time="0.001"/>
  <testcase name="lineEndings[./help/en/manual/DecoderPro3/Comp_FMap.shtml]" classname="jmri.util.FileLineEndingsTest" time="0.001"/>
  <testcase name="lineEndings[./help/en/manual/DecoderPro3/Main_acela.shtml]" classname="jmri.util.FileLineEndingsTest" time="0"/>
  <testcase name="lineEndings[./help/en/manual/DecoderPro3/dp3_Main_Throttle_addressPanel.shtml]" classname="jmri.util.FileLineEndingsTest" time="0.001"/>
  <testcase name="lineEndings[./help/en/manual/DecoderPro3/Main_Monitor_Window.shtml]" classname="jmri.util.FileLineEndingsTest" time="0.001"/>
  <testcase name="lineEndings[./help/en/manual/DecoderPro3/Comp_Consist.shtml]" classname="jmri.util.FileLineEndingsTest" time="0.001"/>
  <testcase name="lineEndings[./help/en/manual/DecoderPro3/Main_TMCC.shtml]" classname="jmri.util.FileLineEndingsTest" time="0.001"/>
  <testcase name="lineEndings[./help/en/manual/DecoderPro3/Error.shtml]" classname="jmri.util.FileLineEndingsTest" time="0"/>
  <testcase name="lineEndings[./help/en/manual/DecoderPro3/index.shtml]" classname="jmri.util.FileLineEndingsTest" time="0.001"/>
  <testcase name="lineEndings[./help/en/manual/DecoderPro3/dp3_Main_Throttle_menubar.shtml]" classname="jmri.util.FileLineEndingsTest" time="0.001"/>
  <testcase name="lineEndings[./help/en/manual/DecoderPro3/Start_DecoderPro_New.shtml]" classname="jmri.util.FileLineEndingsTest" time="0.001"/>
  <testcase name="lineEndings[./help/en/manual/DecoderPro3/Main_SECSI.shtml]" classname="jmri.util.FileLineEndingsTest" time="0"/>
  <testcase name="lineEndings[./help/en/manual/DecoderPro3/Installing_JMRI.shtml]" classname="jmri.util.FileLineEndingsTest" time="0.001"/>
  <testcase name="lineEndings[./help/en/manual/DecoderPro3/Main_CMRI.shtml]" classname="jmri.util.FileLineEndingsTest" time="0.001"/>
  <testcase name="lineEndings[./help/en/manual/DecoderPro3/Start_DCC_Systems.shtml]" classname="jmri.util.FileLineEndingsTest" time="0.001"/>
  <testcase name="lineEndings[./help/en/manual/DecoderPro3/Main_QSI.shtml]" classname="jmri.util.FileLineEndingsTest" time="0.001"/>
  <testcase name="lineEndings[./help/en/manual/DecoderPro3/dp3_Main_Main.shtml]" classname="jmri.util.FileLineEndingsTest" time="0"/>
  <testcase name="lineEndings[./help/en/manual/DecoderPro3/dp3_Main_Throttle_FrameProperties.shtml]" classname="jmri.util.FileLineEndingsTest" time="0.001"/>
  <testcase name="lineEndings[./help/en/manual/DecoderPro3/dp3_toobar.shtml]" classname="jmri.util.FileLineEndingsTest" time="0.001"/>
  <testcase name="lineEndings[./help/en/manual/DecoderPro3/Comp_Setup_Roster.shtml]" classname="jmri.util.FileLineEndingsTest" time="0.001"/>
  <testcase name="lineEndings[./help/en/manual/DecoderPro3/Comp_Advanced.shtml]" classname="jmri.util.FileLineEndingsTest" time="0"/>
  <testcase name="lineEndings[./help/en/manual/DecoderPro3/Start_DCC.shtml]" classname="jmri.util.FileLineEndingsTest" time="0.001"/>
  <testcase name="lineEndings[./help/en/manual/DecoderPro3/Comp_PrintData.shtml]" classname="jmri.util.FileLineEndingsTest" time="0.001"/>
  <testcase name="lineEndings[./help/en/manual/DecoderPro3/Start_Preferences.shtml]" classname="jmri.util.FileLineEndingsTest" time="0.001"/>
  <testcase name="lineEndings[./help/en/manual/DecoderPro3/Adv_FunctionLabel.shtml]" classname="jmri.util.FileLineEndingsTest" time="0.001"/>
  <testcase name="lineEndings[./help/en/manual/DecoderPro3/Main_Zimo.shtml]" classname="jmri.util.FileLineEndingsTest" time="0.001"/>
  <testcase name="lineEndings[./help/en/manual/DecoderPro3/Main_wangrow.shtml]" classname="jmri.util.FileLineEndingsTest" time="0"/>
  <testcase name="lineEndings[./help/en/manual/DecoderPro3/Comp_SoundFX.shtml]" classname="jmri.util.FileLineEndingsTest" time="0.001"/>
  <testcase name="lineEndings[./help/en/manual/DecoderPro3/dp3_Main_ConsistControl.shtml]" classname="jmri.util.FileLineEndingsTest" time="0.001"/>
  <testcase name="lineEndings[./help/en/manual/DecoderPro3/Basic_BasicPane.shtml]" classname="jmri.util.FileLineEndingsTest" time="0.001"/>
  <testcase name="lineEndings[./help/en/manual/DecoderPro3/Comp_SoundLevels.shtml]" classname="jmri.util.FileLineEndingsTest" time="0.001"/>
  <testcase name="lineEndings[./help/en/manual/DecoderPro3/Main_XpressNet.shtml]" classname="jmri.util.FileLineEndingsTest" time="0"/>
  <testcase name="lineEndings[./help/en/manual/DecoderPro3/dp3_Main_TurnoutControl.shtml]" classname="jmri.util.FileLineEndingsTest" time="0.001"/>
  <testcase name="lineEndings[./help/en/manual/DecoderPro3/Comp_Basic.shtml]" classname="jmri.util.FileLineEndingsTest" time="0.001"/>
  <testcase name="lineEndings[./help/en/manual/DecoderPro3/Comp_Speed_Talble.shtml]" classname="jmri.util.FileLineEndingsTest" time="0.001"/>
  <testcase name="lineEndings[./help/en/manual/DecoderPro3/dp3_settings_rosterGroups.shtml]" classname="jmri.util.FileLineEndingsTest" time="0.001"/>
  <testcase name="lineEndings[./help/en/manual/DecoderPro3/Comp_PrintData_b.shtml]" classname="jmri.util.FileLineEndingsTest" time="0"/>
  <testcase name="lineEndings[./help/en/manual/DecoderPro3/dp3_Main_Throttle_toolbar.shtml]" classname="jmri.util.FileLineEndingsTest" time="0.001"/>
  <testcase name="lineEndings[./help/en/manual/DecoderPro3/Main_Speedo.shtml]" classname="jmri.util.FileLineEndingsTest" time="0.001"/>
  <testcase name="lineEndings[./help/en/manual/JMRI_OPS_UsersGuide/Ops_Locations.shtml]" classname="jmri.util.FileLineEndingsTest" time="0.001"/>
  <testcase name="lineEndings[./help/en/manual/JMRI_OPS_UsersGuide/Ops_ManifestPrint.shtml]" classname="jmri.util.FileLineEndingsTest" time="0.001"/>
  <testcase name="lineEndings[./help/en/manual/JMRI_OPS_UsersGuide/Ops_AddYard.shtml]" classname="jmri.util.FileLineEndingsTest" time="0"/>
  <testcase name="lineEndings[./help/en/manual/JMRI_OPS_UsersGuide/Ops_TrainsModify.shtml]" classname="jmri.util.FileLineEndingsTest" time="0.001"/>
  <testcase name="lineEndings[./help/en/manual/JMRI_OPS_UsersGuide/Ops_ImportEngines_FromRoster.shtml]" classname="jmri.util.FileLineEndingsTest" time="0.001"/>
  <testcase name="lineEndings[./help/en/manual/JMRI_OPS_UsersGuide/Ops_TrainsBuild.shtml]" classname="jmri.util.FileLineEndingsTest" time="0.001"/>
  <testcase name="lineEndings[./help/en/manual/JMRI_OPS_UsersGuide/Ops_Settings_Tools_Options.shtml]" classname="jmri.util.FileLineEndingsTest" time="0.001"/>
  <testcase name="lineEndings[./help/en/manual/JMRI_OPS_UsersGuide/Ops_AddStaging.shtml]" classname="jmri.util.FileLineEndingsTest" time="0"/>
  <testcase name="lineEndings[./help/en/manual/JMRI_OPS_UsersGuide/Ops_Engines.shtml]" classname="jmri.util.FileLineEndingsTest" time="0.001"/>
  <testcase name="lineEndings[./help/en/manual/JMRI_OPS_UsersGuide/Ops_EditLocation_menu.shtml]" classname="jmri.util.FileLineEndingsTest" time="0.001"/>
  <testcase name="lineEndings[./help/en/manual/JMRI_OPS_UsersGuide/Ops_Locations_printByCarType.shtml]" classname="jmri.util.FileLineEndingsTest" time="0.001"/>
  <testcase name="lineEndings[./help/en/manual/JMRI_OPS_UsersGuide/Ops_AddLocations.shtml]" classname="jmri.util.FileLineEndingsTest" time="0"/>
  <testcase name="lineEndings[./help/en/manual/JMRI_OPS_UsersGuide/Ops_BuildReportPrint.shtml]" classname="jmri.util.FileLineEndingsTest" time="0.001"/>
  <testcase name="lineEndings[./help/en/manual/JMRI_OPS_UsersGuide/Ops_Settings_menubar.shtml]" classname="jmri.util.FileLineEndingsTest" time="0.001"/>
  <testcase name="lineEndings[./help/en/manual/JMRI_OPS_UsersGuide/Ops_Trains.shtml]" classname="jmri.util.FileLineEndingsTest" time="0.001"/>
  <testcase name="lineEndings[./help/en/manual/JMRI_OPS_UsersGuide/Ops_schedule.shtml]" classname="jmri.util.FileLineEndingsTest" time="0.001"/>
  <testcase name="lineEndings[./help/en/manual/JMRI_OPS_UsersGuide/Ops_AddTrain.shtml]" classname="jmri.util.FileLineEndingsTest" time="0"/>
  <testcase name="lineEndings[./help/en/manual/JMRI_OPS_UsersGuide/Ops_AddCars.shtml]" classname="jmri.util.FileLineEndingsTest" time="0.001"/>
  <testcase name="lineEndings[./help/en/manual/JMRI_OPS_UsersGuide/Ops_Cars_Menu.shtml]" classname="jmri.util.FileLineEndingsTest" time="0.001"/>
  <testcase name="lineEndings[./help/en/manual/JMRI_OPS_UsersGuide/Ops_Trains_Menu.shtml]" classname="jmri.util.FileLineEndingsTest" time="0.001"/>
  <testcase name="lineEndings[./help/en/manual/JMRI_OPS_UsersGuide/Start_DecoderPro.shtml]" classname="jmri.util.FileLineEndingsTest" time="0.001"/>
  <testcase name="lineEndings[./help/en/manual/JMRI_OPS_UsersGuide/Ops_PrintOptions.shtml]" classname="jmri.util.FileLineEndingsTest" time="0"/>
  <testcase name="lineEndings[./help/en/manual/JMRI_OPS_UsersGuide/Ops_BuildReportPreveiw.shtml]" classname="jmri.util.FileLineEndingsTest" time="0.001"/>
  <testcase name="lineEndings[./help/en/manual/JMRI_OPS_UsersGuide/Ops_EditTrain.shtml]" classname="jmri.util.FileLineEndingsTest" time="0.001"/>
  <testcase name="lineEndings[./help/en/manual/JMRI_OPS_UsersGuide/Ops_Locations_print-Preview_ByCarType.shtml]" classname="jmri.util.FileLineEndingsTest" time="0.001"/>
  <testcase name="lineEndings[./help/en/manual/JMRI_OPS_UsersGuide/Ops_Start.shtml]" classname="jmri.util.FileLineEndingsTest" time="0.001"/>
  <testcase name="lineEndings[./help/en/manual/JMRI_OPS_UsersGuide/Main_Main.shtml]" classname="jmri.util.FileLineEndingsTest" time="0"/>
  <testcase name="lineEndings[./help/en/manual/JMRI_OPS_UsersGuide/Ops_Routes_Menu.shtml]" classname="jmri.util.FileLineEndingsTest" time="0.001"/>
  <testcase name="lineEndings[./help/en/manual/JMRI_OPS_UsersGuide/Start_Preferences.shtml]" classname="jmri.util.FileLineEndingsTest" time="0.001"/>
  <testcase name="lineEndings[./help/en/manual/JMRI_OPS_UsersGuide/Ops_Settings.shtml]" classname="jmri.util.FileLineEndingsTest" time="0.001"/>
  <testcase name="lineEndings[./help/en/manual/JMRI_OPS_UsersGuide/Ops_AddEngine.shtml]" classname="jmri.util.FileLineEndingsTest" time="0.001"/>
  <testcase name="lineEndings[./help/en/manual/JMRI_OPS_UsersGuide/Ops_Locations_Modify_Trains.shtml]" classname="jmri.util.FileLineEndingsTest" time="0"/>
  <testcase name="lineEndings[./help/en/manual/JMRI_OPS_UsersGuide/Ops_Cars.shtml]" classname="jmri.util.FileLineEndingsTest" time="0.001"/>
  <testcase name="lineEndings[./help/en/manual/JMRI_OPS_UsersGuide/Ops_Engines_menu.shtml]" classname="jmri.util.FileLineEndingsTest" time="0.001"/>
  <testcase name="lineEndings[./help/en/manual/JMRI_OPS_UsersGuide/Ops_AddTrainBuildOptions.shtml]" classname="jmri.util.FileLineEndingsTest" time="0.001"/>
  <testcase name="lineEndings[./help/en/manual/JMRI_OPS_UsersGuide/Ops_ImportCarsFile.shtml]" classname="jmri.util.FileLineEndingsTest" time="0.001"/>
  <testcase name="lineEndings[./help/en/manual/JMRI_OPS_UsersGuide/Ops_Locations_List.shtml]" classname="jmri.util.FileLineEndingsTest" time="0"/>
  <testcase name="lineEndings[./help/en/manual/JMRI_OPS_UsersGuide/Ops_EditEngines.shtml]" classname="jmri.util.FileLineEndingsTest" time="0.001"/>
  <testcase name="lineEndings[./help/en/manual/JMRI_OPS_UsersGuide/Ops_ManifestPreview.shtml]" classname="jmri.util.FileLineEndingsTest" time="0.001"/>
  <testcase name="lineEndings[./help/en/manual/JMRI_OPS_UsersGuide/Ops_EngineAttributes.shtml]" classname="jmri.util.FileLineEndingsTest" time="0.001"/>
  <testcase name="lineEndings[./help/en/manual/JMRI_OPS_UsersGuide/Installing_JMRI.shtml]" classname="jmri.util.FileLineEndingsTest" time="0"/>
  <testcase name="lineEndings[./help/en/manual/JMRI_OPS_UsersGuide/Ops_ImportEngines_FromFiles.shtml]" classname="jmri.util.FileLineEndingsTest" time="0.001"/>
  <testcase name="lineEndings[./help/en/manual/JMRI_OPS_UsersGuide/Ops_Locations_SwitchList.shtml]" classname="jmri.util.FileLineEndingsTest" time="0.001"/>
  <testcase name="lineEndings[./help/en/manual/JMRI_OPS_UsersGuide/Ops_AddInterchange.shtml]" classname="jmri.util.FileLineEndingsTest" time="0.001"/>
  <testcase name="lineEndings[./help/en/manual/JMRI_OPS_UsersGuide/Start_DCC.shtml]" classname="jmri.util.FileLineEndingsTest" time="0.001"/>
  <testcase name="lineEndings[./help/en/manual/JMRI_OPS_UsersGuide/Ops_EditLocation_track.shtml]" classname="jmri.util.FileLineEndingsTest" time="0"/>
  <testcase name="lineEndings[./help/en/manual/JMRI_OPS_UsersGuide/Ops_EditRoutes.shtml]" classname="jmri.util.FileLineEndingsTest" time="0.001"/>
  <testcase name="lineEndings[./help/en/manual/JMRI_OPS_UsersGuide/Ops_EditLocation.shtml]" classname="jmri.util.FileLineEndingsTest" time="0.001"/>
  <testcase name="lineEndings[./help/en/manual/JMRI_OPS_UsersGuide/index.shtml]" classname="jmri.util.FileLineEndingsTest" time="0.001"/>
  <testcase name="lineEndings[./help/en/manual/JMRI_OPS_UsersGuide/Ops_Routes.shtml]" classname="jmri.util.FileLineEndingsTest" time="0.001"/>
  <testcase name="lineEndings[./help/en/manual/JMRI_OPS_UsersGuide/Main_Menu.shtml]" classname="jmri.util.FileLineEndingsTest" time="0"/>
  <testcase name="lineEndings[./help/en/manual/JMRI_OPS_UsersGuide/Ops_Trains_BuildOptions.shtml]" classname="jmri.util.FileLineEndingsTest" time="0.001"/>
  <testcase name="lineEndings[./help/en/manual/JMRI_OPS_UsersGuide/Ops_AddSiding.shtml]" classname="jmri.util.FileLineEndingsTest" time="0.001"/>
  <testcase name="lineEndings[./help/en/manual/JMRI_OPS_UsersGuide/Start_DCC_Systems.shtml]" classname="jmri.util.FileLineEndingsTest" time="0.001"/>
  <testcase name="lineEndings[./help/en/manual/JMRI_OPS_UsersGuide/Ops_Trains_Timetable.shtml]" classname="jmri.util.FileLineEndingsTest" time="0.001"/>
  <testcase name="lineEndings[./help/en/manual/JMRI_OPS_UsersGuide/Ops_AddRoutes.shtml]" classname="jmri.util.FileLineEndingsTest" time="0"/>
  <testcase name="lineEndings[./help/en/manual/JMRI_OPS_UsersGuide/Ops_Locations_byCar.shtml]" classname="jmri.util.FileLineEndingsTest" time="0.001"/>
  <testcase name="lineEndings[./help/en/manual/JMRI_OPS_UsersGuide/Ops_TripThruOperations.shtml]" classname="jmri.util.FileLineEndingsTest" time="0.001"/>
  <testcase name="lineEndings[./help/en/manual/JMRI_OPS_UsersGuide/Ops_EditLocation_trackMenu.shtml]" classname="jmri.util.FileLineEndingsTest" time="0.001"/>
  <testcase name="lineEndings[./help/en/manual/JMRI_OPS_UsersGuide/Start_DCC_Hardware.shtml]" classname="jmri.util.FileLineEndingsTest" time="0"/>
  <testcase name="lineEndings[./help/en/manual/JMRI_OPS_UsersGuide/Ops_Locations_Menu.shtml]" classname="jmri.util.FileLineEndingsTest" time="0"/>
  <testcase name="lineEndings[./help/en/manual/JMRI_OPS_UsersGuide/Ops_Locations_setCars.shtml]" classname="jmri.util.FileLineEndingsTest" time="0.001"/>
  <testcase name="lineEndings[./help/en/manual/JMRI_OPS_UsersGuide/Ops_SetEngines.shtml]" classname="jmri.util.FileLineEndingsTest" time="0.001"/>
  <testcase name="lineEndings[./help/en/manual/JMRI_OPS_UsersGuide/Ops_CarAttributes.shtml]" classname="jmri.util.FileLineEndingsTest" time="0.001"/>
  <testcase name="lineEndings[./help/en/manual/DecoderPro/Main_Panels.shtml]" classname="jmri.util.FileLineEndingsTest" time="0"/>
  <testcase name="lineEndings[./help/en/manual/DecoderPro/Main_TMCC.shtml]" classname="jmri.util.FileLineEndingsTest" time="0.001"/>
  <testcase name="lineEndings[./help/en/manual/DecoderPro/Main_TurnoutControl.shtml]" classname="jmri.util.FileLineEndingsTest" time="0.001"/>
  <testcase name="lineEndings[./help/en/manual/DecoderPro/Main_Roster.shtml]" classname="jmri.util.FileLineEndingsTest" time="0.001"/>
  <testcase name="lineEndings[./help/en/manual/DecoderPro/Comp_Consist.shtml]" classname="jmri.util.FileLineEndingsTest" time="0.001"/>
  <testcase name="lineEndings[./help/en/manual/DecoderPro/Start_DCC_Hardware.shtml]" classname="jmri.util.FileLineEndingsTest" time="0"/>
  <testcase name="lineEndings[./help/en/manual/DecoderPro/Start_Preferences.shtml]" classname="jmri.util.FileLineEndingsTest" time="0.001"/>
  <testcase name="lineEndings[./help/en/manual/DecoderPro/Main_GrapeVine.shtml]" classname="jmri.util.FileLineEndingsTest" time="0.001"/>
  <testcase name="lineEndings[./help/en/manual/DecoderPro/Main_Throttle_functionPanel.shtml]" classname="jmri.util.FileLineEndingsTest" time="0.001"/>
  <testcase name="lineEndings[./help/en/manual/DecoderPro/Comp_Speed.shtml]" classname="jmri.util.FileLineEndingsTest" time="0.001"/>
  <testcase name="lineEndings[./help/en/manual/DecoderPro/Main_acela.shtml]" classname="jmri.util.FileLineEndingsTest" time="0"/>
  <testcase name="lineEndings[./help/en/manual/DecoderPro/Comp_Basic.shtml]" classname="jmri.util.FileLineEndingsTest" time="0.001"/>
  <testcase name="lineEndings[./help/en/manual/DecoderPro/Main_Throttle_FrameProperties.shtml]" classname="jmri.util.FileLineEndingsTest" time="0.001"/>
  <testcase name="lineEndings[./help/en/manual/DecoderPro/Main_VSD.shtml]" classname="jmri.util.FileLineEndingsTest" time="0.001"/>
  <testcase name="lineEndings[./help/en/manual/DecoderPro/Comp_SoundFX.shtml]" classname="jmri.util.FileLineEndingsTest" time="0.001"/>
  <testcase name="lineEndings[./help/en/manual/DecoderPro/Main_RPS.shtml]" classname="jmri.util.FileLineEndingsTest" time="0"/>
  <testcase name="lineEndings[./help/en/manual/DecoderPro/Main_Help.shtml]" classname="jmri.util.FileLineEndingsTest" time="0.001"/>
  <testcase name="lineEndings[./help/en/manual/DecoderPro/Comp_ManfSpecific.shtml]" classname="jmri.util.FileLineEndingsTest" time="0.001"/>
  <testcase name="lineEndings[./help/en/manual/DecoderPro/Comp_Analog.shtml]" classname="jmri.util.FileLineEndingsTest" time="0.001"/>
  <testcase name="lineEndings[./help/en/manual/DecoderPro/Main_Throttle.shtml]" classname="jmri.util.FileLineEndingsTest" time="0"/>
  <testcase name="lineEndings[./help/en/manual/DecoderPro/Main_ConsistControl.shtml]" classname="jmri.util.FileLineEndingsTest" time="0.001"/>
  <testcase name="lineEndings[./help/en/manual/DecoderPro/Adv_start.shtml]" classname="jmri.util.FileLineEndingsTest" time="0.001"/>
  <testcase name="lineEndings[./help/en/manual/DecoderPro/Dcode_Testing.shtml]" classname="jmri.util.FileLineEndingsTest" time="0.001"/>
  <testcase name="lineEndings[./help/en/manual/DecoderPro/Installing_JMRI.shtml]" classname="jmri.util.FileLineEndingsTest" time="0.001"/>
  <testcase name="lineEndings[./help/en/manual/DecoderPro/Comp_SoundLevels.shtml]" classname="jmri.util.FileLineEndingsTest" time="0"/>
  <testcase name="lineEndings[./help/en/manual/DecoderPro/Basic_Mode.shtml]" classname="jmri.util.FileLineEndingsTest" time="0.001"/>
  <testcase name="lineEndings[./help/en/manual/DecoderPro/Main_Debug.shtml]" classname="jmri.util.FileLineEndingsTest" time="0.001"/>
  <testcase name="lineEndings[./help/en/manual/DecoderPro/Main_QSI.shtml]" classname="jmri.util.FileLineEndingsTest" time="0.001"/>
  <testcase name="lineEndings[./help/en/manual/DecoderPro/Main_Window.shtml]" classname="jmri.util.FileLineEndingsTest" time="0"/>
  <testcase name="lineEndings[./help/en/manual/DecoderPro/Main_Throttle_toolbar.shtml]" classname="jmri.util.FileLineEndingsTest" time="0.001"/>
  <testcase name="lineEndings[./help/en/manual/DecoderPro/Adv_FunctionLabel.shtml]" classname="jmri.util.FileLineEndingsTest" time="0.001"/>
  <testcase name="lineEndings[./help/en/manual/DecoderPro/Main_Powerline.shtml]" classname="jmri.util.FileLineEndingsTest" time="0.001"/>
  <testcase name="lineEndings[./help/en/manual/DecoderPro/Main_Throttle_controlPanel.html]" classname="jmri.util.FileLineEndingsTest" time="0.001"/>
  <testcase name="lineEndings[./help/en/manual/DecoderPro/Basic_BasicPane.shtml]" classname="jmri.util.FileLineEndingsTest" time="0"/>
  <testcase name="lineEndings[./help/en/manual/DecoderPro/Main_FastClockSetup.shtml]" classname="jmri.util.FileLineEndingsTest" time="0.001"/>
  <testcase name="lineEndings[./help/en/manual/DecoderPro/Main_Throttle_addressPanel.shtml]" classname="jmri.util.FileLineEndingsTest" time="0.001"/>
  <testcase name="lineEndings[./help/en/manual/DecoderPro/Dcode_Format.shtml]" classname="jmri.util.FileLineEndingsTest" time="0.001"/>
  <testcase name="lineEndings[./help/en/manual/DecoderPro/Dcode_Submit.shtml]" classname="jmri.util.FileLineEndingsTest" time="0.001"/>
  <testcase name="lineEndings[./help/en/manual/DecoderPro/Comp_PrintData.shtml]" classname="jmri.util.FileLineEndingsTest" time="0"/>
  <testcase name="lineEndings[./help/en/manual/DecoderPro/VSD_File_and_Config.shtml]" classname="jmri.util.FileLineEndingsTest" time="0.001"/>
  <testcase name="lineEndings[./help/en/manual/DecoderPro/Comp_LightFX.shtml]" classname="jmri.util.FileLineEndingsTest" time="0.001"/>
  <testcase name="lineEndings[./help/en/manual/DecoderPro/index.shtml]" classname="jmri.util.FileLineEndingsTest" time="0.001"/>
  <testcase name="lineEndings[./help/en/manual/DecoderPro/Error.shtml]" classname="jmri.util.FileLineEndingsTest" time="0.001"/>
  <testcase name="lineEndings[./help/en/manual/DecoderPro/Start_DecoderPro.shtml]" classname="jmri.util.FileLineEndingsTest" time="0"/>
  <testcase name="lineEndings[./help/en/manual/DecoderPro/Main_EasyDCC.shtml]" classname="jmri.util.FileLineEndingsTest" time="0.001"/>
  <testcase name="lineEndings[./help/en/manual/DecoderPro/Comp_PrintData_c.shtml]" classname="jmri.util.FileLineEndingsTest" time="0.001"/>
  <testcase name="lineEndings[./help/en/manual/DecoderPro/Basic_Start.shtml]" classname="jmri.util.FileLineEndingsTest" time="0.001"/>
  <testcase name="lineEndings[./help/en/manual/DecoderPro/Main_Speedometer.shtml]" classname="jmri.util.FileLineEndingsTest" time="0.001"/>
  <testcase name="lineEndings[./help/en/manual/DecoderPro/Main_NCE.shtml]" classname="jmri.util.FileLineEndingsTest" time="0"/>
  <testcase name="lineEndings[./help/en/manual/DecoderPro/Programmer_SingleCV.shtml]" classname="jmri.util.FileLineEndingsTest" time="0.001"/>
  <testcase name="lineEndings[./help/en/manual/DecoderPro/Comp_Motor.shtml]" classname="jmri.util.FileLineEndingsTest" time="0.001"/>
  <testcase name="lineEndings[./help/en/manual/DecoderPro/Main_LocoNet.shtml]" classname="jmri.util.FileLineEndingsTest" time="0.001"/>
  <testcase name="lineEndings[./help/en/manual/DecoderPro/Main_Main.shtml]" classname="jmri.util.FileLineEndingsTest" time="0.001"/>
  <testcase name="lineEndings[./help/en/manual/DecoderPro/Main_Edit.shtml]" classname="jmri.util.FileLineEndingsTest" time="0"/>
  <testcase name="lineEndings[./help/en/manual/DecoderPro/WiThrottle.shtml]" classname="jmri.util.FileLineEndingsTest" time="0.001"/>
  <testcase name="lineEndings[./help/en/manual/DecoderPro/Programmer_Multi_Decoder.shtml]" classname="jmri.util.FileLineEndingsTest" time="0.001"/>
  <testcase name="lineEndings[./help/en/manual/DecoderPro/Programmer_Start.shtml]" classname="jmri.util.FileLineEndingsTest" time="0.001"/>
  <testcase name="lineEndings[./help/en/manual/DecoderPro/Comp_PrintData_a.shtml]" classname="jmri.util.FileLineEndingsTest" time="0"/>
  <testcase name="lineEndings[./help/en/manual/DecoderPro/Multi_Decoder_Control.shtml]" classname="jmri.util.FileLineEndingsTest" time="0.001"/>
  <testcase name="lineEndings[./help/en/manual/DecoderPro/dp3Roster.shtml]" classname="jmri.util.FileLineEndingsTest" time="0.001"/>
  <testcase name="lineEndings[./help/en/manual/DecoderPro/VSD_Manager.shtml]" classname="jmri.util.FileLineEndingsTest" time="0.001"/>
  <testcase name="lineEndings[./help/en/manual/DecoderPro/Main_SECSI.shtml]" classname="jmri.util.FileLineEndingsTest" time="0.001"/>
  <testcase name="lineEndings[./help/en/manual/DecoderPro/Main_Throttle_functionPanel.html]" classname="jmri.util.FileLineEndingsTest" time="0"/>
  <testcase name="lineEndings[./help/en/manual/DecoderPro/Main_PRICOM.shtml]" classname="jmri.util.FileLineEndingsTest" time="0.001"/>
  <testcase name="lineEndings[./help/en/manual/DecoderPro/Main_Menu.shtml]" classname="jmri.util.FileLineEndingsTest" time="0.001"/>
  <testcase name="lineEndings[./help/en/manual/DecoderPro/Main_OakTreeSystems.shtml]" classname="jmri.util.FileLineEndingsTest" time="0.001"/>
  <testcase name="lineEndings[./help/en/manual/DecoderPro/Main_CMRI.shtml]" classname="jmri.util.FileLineEndingsTest" time="0.001"/>
  <testcase name="lineEndings[./help/en/manual/DecoderPro/Main_XpressNet.shtml]" classname="jmri.util.FileLineEndingsTest" time="0"/>
  <testcase name="lineEndings[./help/en/manual/DecoderPro/Comp_Advanced.shtml]" classname="jmri.util.FileLineEndingsTest" time="0.001"/>
  <testcase name="lineEndings[./help/en/manual/DecoderPro/Start_DCC_Systems.shtml]" classname="jmri.util.FileLineEndingsTest" time="0.001"/>
  <testcase name="lineEndings[./help/en/manual/DecoderPro/Main_SPROG.shtml]" classname="jmri.util.FileLineEndingsTest" time="0.001"/>
  <testcase name="lineEndings[./help/en/manual/DecoderPro/Comp_Speed_Talble.shtml]" classname="jmri.util.FileLineEndingsTest" time="0"/>
  <testcase name="lineEndings[./help/en/manual/DecoderPro/Adv_RosterMedia.shtml]" classname="jmri.util.FileLineEndingsTest" time="0"/>
  <testcase name="lineEndings[./help/en/manual/DecoderPro/Programmer_Setup.shtml]" classname="jmri.util.FileLineEndingsTest" time="0.001"/>
  <testcase name="lineEndings[./help/en/manual/DecoderPro/Comp_Setup_Roster.shtml]" classname="jmri.util.FileLineEndingsTest" time="0.001"/>
  <testcase name="lineEndings[./help/en/manual/DecoderPro/Main_Throttle_controlPanel.shtml]" classname="jmri.util.FileLineEndingsTest" time="0.001"/>
  <testcase name="lineEndings[./help/en/manual/DecoderPro/Programmer_OpsMode.shtml]" classname="jmri.util.FileLineEndingsTest" time="0"/>
  <testcase name="lineEndings[./help/en/manual/DecoderPro/Comp_PrintData_b.shtml]" classname="jmri.util.FileLineEndingsTest" time="0.001"/>
  <testcase name="lineEndings[./help/en/manual/DecoderPro/Main_File.shtml]" classname="jmri.util.FileLineEndingsTest" time="0.001"/>
  <testcase name="lineEndings[./help/en/manual/DecoderPro/Main_Tool.shtml]" classname="jmri.util.FileLineEndingsTest" time="0.001"/>
  <testcase name="lineEndings[./help/en/manual/DecoderPro/Start_DCC.shtml]" classname="jmri.util.FileLineEndingsTest" time="0.001"/>
  <testcase name="lineEndings[./help/en/manual/DecoderPro/Main_RosterGroup.shtml]" classname="jmri.util.FileLineEndingsTest" time="0"/>
  <testcase name="lineEndings[./help/en/manual/DecoderPro/Comp_FMap.shtml]" classname="jmri.util.FileLineEndingsTest" time="0.001"/>
  <testcase name="lineEndings[./help/en/manual/DecoderPro/Main_Throttle_menubar.shtml]" classname="jmri.util.FileLineEndingsTest" time="0.001"/>
  <testcase name="lineEndings[./help/en/manual/DecoderPro/Main_Zimo.shtml]" classname="jmri.util.FileLineEndingsTest" time="0.001"/>
  <testcase name="lineEndings[./help/en/manual/DecoderPro/Comp_GlobalCVs.shtml]" classname="jmri.util.FileLineEndingsTest" time="0.001"/>
  <testcase name="lineEndings[./help/en/manual/DecoderPro/Main_wangrow.shtml]" classname="jmri.util.FileLineEndingsTest" time="0"/>
  <testcase name="lineEndings[./help/en/manual/DecoderPro/Dcode_Start.shtml]" classname="jmri.util.FileLineEndingsTest" time="0.001"/>
  <testcase name="lineEndings[./help/en/manual/DecoderPro/Main_lightControl.shtml]" classname="jmri.util.FileLineEndingsTest" time="0.001"/>
  <testcase name="lineEndings[./help/en/manual/DecoderPro/Main_Throttle_List.shtml]" classname="jmri.util.FileLineEndingsTest" time="0.001"/>
  <testcase name="lineEndings[./help/en/manual/DecoderPro/Programmer_ServiceMode.shtml]" classname="jmri.util.FileLineEndingsTest" time="0"/>
  <testcase name="lineEndings[./help/en/manual/DecoderPro/Main_Speeometer.shtml]" classname="jmri.util.FileLineEndingsTest" time="0.001"/>
  <testcase name="lineEndings[./help/en/manual/DecoderPro/VSD_LocationsMgr.shtml]" classname="jmri.util.FileLineEndingsTest" time="0.001"/>
  <testcase name="lineEndings[./help/en/manual/DecoderPro/Main_Monitor_Window.shtml]" classname="jmri.util.FileLineEndingsTest" time="0.001"/>
  <testcase name="lineEndings[./help/en/manual/DecoderPro/Comp_FunctionLabel.shtml]" classname="jmri.util.FileLineEndingsTest" time="0.001"/>
  <testcase name="lineEndings[./help/en/manual/index.shtml]" classname="jmri.util.FileLineEndingsTest" time="0"/>
  <testcase name="lineEndings[./help/en/html/tools/signaling/ldt/output3.shtml]" classname="jmri.util.FileLineEndingsTest" time="0.001"/>
  <testcase name="lineEndings[./help/en/html/tools/signaling/ldt/output4.shtml]" classname="jmri.util.FileLineEndingsTest" time="0.001"/>
  <testcase name="lineEndings[./help/en/html/tools/signaling/ldt/output5.shtml]" classname="jmri.util.FileLineEndingsTest" time="0.001"/>
  <testcase name="lineEndings[./help/en/html/tools/signaling/ldt/output1.shtml]" classname="jmri.util.FileLineEndingsTest" time="0.001"/>
  <testcase name="lineEndings[./help/en/html/tools/signaling/ldt/output6.shtml]" classname="jmri.util.FileLineEndingsTest" time="0"/>
  <testcase name="lineEndings[./help/en/html/tools/signaling/ldt/output.shtml]" classname="jmri.util.FileLineEndingsTest" time="0"/>
  <testcase name="lineEndings[./help/en/html/tools/signaling/ldt/output2.shtml]" classname="jmri.util.FileLineEndingsTest" time="0.001"/>
  <testcase name="lineEndings[./help/en/html/tools/signaling/SignalingSetup.shtml]" classname="jmri.util.FileLineEndingsTest" time="0.001"/>
  <testcase name="lineEndings[./help/en/html/tools/signaling/interlock/index.shtml]" classname="jmri.util.FileLineEndingsTest" time="0.001"/>
  <testcase name="lineEndings[./help/en/html/tools/signaling/index.shtml]" classname="jmri.util.FileLineEndingsTest" time="0.001"/>
  <testcase name="lineEndings[./help/en/html/tools/signaling/Logic.shtml]" classname="jmri.util.FileLineEndingsTest" time="0"/>
  <testcase name="lineEndings[./help/en/html/tools/signaling/SignalHeads.shtml]" classname="jmri.util.FileLineEndingsTest" time="0.001"/>
  <testcase name="lineEndings[./help/en/html/tools/signaling/SimpleSignalExample.shtml]" classname="jmri.util.FileLineEndingsTest" time="0.001"/>
  <testcase name="lineEndings[./help/en/html/tools/signaling/SignalGroups.shtml]" classname="jmri.util.FileLineEndingsTest" time="0.001"/>
  <testcase name="lineEndings[./help/en/html/tools/signaling/DefineNewAspects.shtml]" classname="jmri.util.FileLineEndingsTest" time="0.001"/>
  <testcase name="lineEndings[./help/en/html/tools/signaling/SignalMasts.shtml]" classname="jmri.util.FileLineEndingsTest" time="0"/>
  <testcase name="lineEndings[./help/en/html/tools/signaling/AspectSignaling.shtml]" classname="jmri.util.FileLineEndingsTest" time="0.001"/>
  <testcase name="lineEndings[./help/en/html/tools/signaling/IntroToSignalingYourMRR.html]" classname="jmri.util.FileLineEndingsTest" time="0.002"/>
  <testcase name="lineEndings[./help/en/html/tools/signaling/SignalMastLogic.shtml]" classname="jmri.util.FileLineEndingsTest" time="0.001"/>
  <testcase name="lineEndings[./help/en/html/tools/throttle/ThrottleWindowMenus.shtml]" classname="jmri.util.FileLineEndingsTest" time="0"/>
  <testcase name="lineEndings[./help/en/html/tools/throttle/HowToJMRIOrientedThrottle.shtml]" classname="jmri.util.FileLineEndingsTest" time="0.001"/>
  <testcase name="lineEndings[./help/en/html/tools/throttle/ThrottleMain.shtml]" classname="jmri.util.FileLineEndingsTest" time="0.001"/>
  <testcase name="lineEndings[./help/en/html/tools/throttle/RostersMediaPane.shtml]" classname="jmri.util.FileLineEndingsTest" time="0.001"/>
  <testcase name="lineEndings[./help/en/html/tools/throttle/ThrottleChapter4.shtml]" classname="jmri.util.FileLineEndingsTest" time="0.001"/>
  <testcase name="lineEndings[./help/en/html/tools/throttle/AdvancedThrottleControl.shtml]" classname="jmri.util.FileLineEndingsTest" time="0.001"/>
  <testcase name="lineEndings[./help/en/html/tools/throttle/ThrottleChapter1.shtml]" classname="jmri.util.FileLineEndingsTest" time="0"/>
  <testcase name="lineEndings[./help/en/html/tools/throttle/ThrottleChapter3.shtml]" classname="jmri.util.FileLineEndingsTest" time="0.001"/>
  <testcase name="lineEndings[./help/en/html/tools/throttle/ThrottleChapter2.shtml]" classname="jmri.util.FileLineEndingsTest" time="0.001"/>
  <testcase name="lineEndings[./help/en/html/tools/throttle/ThrottleToolBar.shtml]" classname="jmri.util.FileLineEndingsTest" time="0.001"/>
  <testcase name="lineEndings[./help/en/html/tools/throttle/BasicThrottleWindow.shtml]" classname="jmri.util.FileLineEndingsTest" time="0.001"/>
  <testcase name="lineEndings[./help/en/html/tools/throttle/ToolsMenuThrottleEntry.shtml]" classname="jmri.util.FileLineEndingsTest" time="0.001"/>
  <testcase name="lineEndings[./help/en/html/tools/throttle/ThrottlesPreferencesPane.shtml]" classname="jmri.util.FileLineEndingsTest" time="0"/>
  <testcase name="lineEndings[./help/en/html/tools/throttle/ThrottlesListWindow.shtml]" classname="jmri.util.FileLineEndingsTest" time="0.001"/>
  <testcase name="lineEndings[./help/en/html/tools/throttle/ThrottleTOC.shtml]" classname="jmri.util.FileLineEndingsTest" time="0.001"/>
  <testcase name="lineEndings[./help/en/html/tools/fastclock/index.shtml]" classname="jmri.util.FileLineEndingsTest" time="0.001"/>
  <testcase name="lineEndings[./help/en/html/tools/fastclock/LocoNetClock.shtml]" classname="jmri.util.FileLineEndingsTest" time="0.001"/>
  <testcase name="lineEndings[./help/en/html/tools/consisttool/ConsistTool.shtml]" classname="jmri.util.FileLineEndingsTest" time="0"/>
  <testcase name="lineEndings[./help/en/html/tools/automation/viaJava.shtml]" classname="jmri.util.FileLineEndingsTest" time="0.001"/>
  <testcase name="lineEndings[./help/en/html/tools/automation/index.shtml]" classname="jmri.util.FileLineEndingsTest" time="0.001"/>
  <testcase name="lineEndings[./help/en/html/tools/Memories.shtml]" classname="jmri.util.FileLineEndingsTest" time="0.001"/>
  <testcase name="lineEndings[./help/en/html/tools/Logix.shtml]" classname="jmri.util.FileLineEndingsTest" time="0.001"/>
  <testcase name="lineEndings[./help/en/html/tools/scripting/Start.shtml]" classname="jmri.util.FileLineEndingsTest" time="0"/>
  <testcase name="lineEndings[./help/en/html/tools/scripting/ex_set_turnouts.shtml]" classname="jmri.util.FileLineEndingsTest" time="0.001"/>
  <testcase name="lineEndings[./help/en/html/tools/scripting/Python.shtml]" classname="jmri.util.FileLineEndingsTest" time="0.001"/>
  <testcase name="lineEndings[./help/en/html/tools/scripting/FAQ.shtml]" classname="jmri.util.FileLineEndingsTest" time="0.001"/>
  <testcase name="lineEndings[./help/en/html/tools/scripting/index.shtml]" classname="jmri.util.FileLineEndingsTest" time="0.001"/>
  <testcase name="lineEndings[./help/en/html/tools/scripting/Jynstruments.shtml]" classname="jmri.util.FileLineEndingsTest" time="0"/>
  <testcase name="lineEndings[./help/en/html/tools/scripting/Examples.shtml]" classname="jmri.util.FileLineEndingsTest" time="0"/>
  <testcase name="lineEndings[./help/en/html/tools/scripting/AppleScript.shtml]" classname="jmri.util.FileLineEndingsTest" time="0.001"/>
  <testcase name="lineEndings[./help/en/html/tools/IdTags.shtml]" classname="jmri.util.FileLineEndingsTest" time="0.001"/>
  <testcase name="lineEndings[./help/en/html/tools/Sensors.shtml]" classname="jmri.util.FileLineEndingsTest" time="0.001"/>
  <testcase name="lineEndings[./help/en/html/tools/LRoutes.shtml]" classname="jmri.util.FileLineEndingsTest" time="0.001"/>
  <testcase name="lineEndings[./help/en/html/tools/tracker/index.shtml]" classname="jmri.util.FileLineEndingsTest" time="0"/>
  <testcase name="lineEndings[./help/en/html/tools/Audio.shtml]" classname="jmri.util.FileLineEndingsTest" time="0.001"/>
  <testcase name="lineEndings[./help/en/html/tools/Signals.shtml]" classname="jmri.util.FileLineEndingsTest" time="0.001"/>
  <testcase name="lineEndings[./help/en/html/tools/Lights.shtml]" classname="jmri.util.FileLineEndingsTest" time="0.001"/>
  <testcase name="lineEndings[./help/en/html/tools/programmer/messages.shtml]" classname="jmri.util.FileLineEndingsTest" time="0.001"/>
  <testcase name="lineEndings[./help/en/html/tools/Blocks.shtml]" classname="jmri.util.FileLineEndingsTest" time="0"/>
  <testcase name="lineEndings[./help/en/html/tools/Turnouts.shtml]" classname="jmri.util.FileLineEndingsTest" time="0.001"/>
  <testcase name="lineEndings[./help/en/html/tools/EntryExit.shtml]" classname="jmri.util.FileLineEndingsTest" time="0.001"/>
  <testcase name="lineEndings[./help/en/html/tools/Transits.shtml]" classname="jmri.util.FileLineEndingsTest" time="0.001"/>
  <testcase name="lineEndings[./help/en/html/tools/speedometer/Serialsensor.shtml]" classname="jmri.util.FileLineEndingsTest" time="0.001"/>
  <testcase name="lineEndings[./help/en/html/tools/speedometer/index.shtml]" classname="jmri.util.FileLineEndingsTest" time="0"/>
  <testcase name="lineEndings[./help/en/html/tools/speedometer/SpeedMatch.shtml]" classname="jmri.util.FileLineEndingsTest" time="0.001"/>
  <testcase name="lineEndings[./help/en/html/tools/speedometer/NCE-Speedometer.shtml]" classname="jmri.util.FileLineEndingsTest" time="0.001"/>
  <testcase name="lineEndings[./help/en/html/tools/Sections.shtml]" classname="jmri.util.FileLineEndingsTest" time="0.001"/>
  <testcase name="lineEndings[./help/en/html/tools/uss/index.shtml]" classname="jmri.util.FileLineEndingsTest" time="0.001"/>
  <testcase name="lineEndings[./help/en/html/tools/uss/Conventions.shtml]" classname="jmri.util.FileLineEndingsTest" time="0"/>
  <testcase name="lineEndings[./help/en/html/tools/Routes.shtml]" classname="jmri.util.FileLineEndingsTest" time="0.001"/>
  <testcase name="lineEndings[./help/en/html/tools/index.shtml]" classname="jmri.util.FileLineEndingsTest" time="0.001"/>
  <testcase name="lineEndings[./help/en/html/tools/Reporters.shtml]" classname="jmri.util.FileLineEndingsTest" time="0.001"/>
  <testcase name="lineEndings[./help/en/html/apps/DispatcherPro/index.shtml]" classname="jmri.util.FileLineEndingsTest" time="0.001"/>
  <testcase name="lineEndings[./help/en/html/apps/DecoderPro/Tour.shtml]" classname="jmri.util.FileLineEndingsTest" time="0"/>
  <testcase name="lineEndings[./help/en/html/apps/DecoderPro/MoreInfo.shtml]" classname="jmri.util.FileLineEndingsTest" time="0.001"/>
  <testcase name="lineEndings[./help/en/html/apps/DecoderPro/MultiDecoder.shtml]" classname="jmri.util.FileLineEndingsTest" time="0.001"/>
  <testcase name="lineEndings[./help/en/html/apps/DecoderPro/Debug.shtml]" classname="jmri.util.FileLineEndingsTest" time="0.001"/>
  <testcase name="lineEndings[./help/en/html/apps/DecoderPro/FAQ.shtml]" classname="jmri.util.FileLineEndingsTest" time="0.001"/>
  <testcase name="lineEndings[./help/en/html/apps/DecoderPro/XML.shtml]" classname="jmri.util.FileLineEndingsTest" time="0"/>
  <testcase name="lineEndings[./help/en/html/apps/DecoderPro/FnMapping.shtml]" classname="jmri.util.FileLineEndingsTest" time="0.001"/>
  <testcase name="lineEndings[./help/en/html/apps/DecoderPro/LocoFile.shtml]" classname="jmri.util.FileLineEndingsTest" time="0.001"/>
  <testcase name="lineEndings[./help/en/html/apps/DecoderPro/index.shtml]" classname="jmri.util.FileLineEndingsTest" time="0.001"/>
  <testcase name="lineEndings[./help/en/html/apps/DecoderPro/Programmer.shtml]" classname="jmri.util.FileLineEndingsTest" time="0.001"/>
  <testcase name="lineEndings[./help/en/html/apps/DecoderPro/Files.shtml]" classname="jmri.util.FileLineEndingsTest" time="0"/>
  <testcase name="lineEndings[./help/en/html/apps/DecoderPro/NetworkFiles.shtml]" classname="jmri.util.FileLineEndingsTest" time="0.001"/>
  <testcase name="lineEndings[./help/en/html/apps/DecoderPro/FileUpdate.shtml]" classname="jmri.util.FileLineEndingsTest" time="0.001"/>
  <testcase name="lineEndings[./help/en/html/apps/DecoderPro/RosterFile.shtml]" classname="jmri.util.FileLineEndingsTest" time="0.001"/>
  <testcase name="lineEndings[./help/en/html/apps/DecoderPro/CreateDecoder.shtml]" classname="jmri.util.FileLineEndingsTest" time="0.001"/>
  <testcase name="lineEndings[./help/en/html/apps/DecoderPro/Ident.shtml]" classname="jmri.util.FileLineEndingsTest" time="0"/>
  <testcase name="lineEndings[./help/en/html/apps/DecoderPro/IntroXML.shtml]" classname="jmri.util.FileLineEndingsTest" time="0.001"/>
  <testcase name="lineEndings[./help/en/html/apps/DecoderPro/Roster.shtml]" classname="jmri.util.FileLineEndingsTest" time="0.001"/>
  <testcase name="lineEndings[./help/en/html/apps/DecoderPro/Install.shtml]" classname="jmri.util.FileLineEndingsTest" time="0.001"/>
  <testcase name="lineEndings[./help/en/html/apps/DecoderPro/CreateDecoderAdvanced.shtml]" classname="jmri.util.FileLineEndingsTest" time="0.001"/>
  <testcase name="lineEndings[./help/en/html/apps/PanelPro/Panels.shtml]" classname="jmri.util.FileLineEndingsTest" time="0"/>
  <testcase name="lineEndings[./help/en/html/apps/PanelPro/ColorTrack.shtml]" classname="jmri.util.FileLineEndingsTest" time="0.001"/>
  <testcase name="lineEndings[./help/en/html/apps/PanelPro/FAQ.shtml]" classname="jmri.util.FileLineEndingsTest" time="0.001"/>
  <testcase name="lineEndings[./help/en/html/apps/PanelPro/PanelPro.shtml]" classname="jmri.util.FileLineEndingsTest" time="0.001"/>
  <testcase name="lineEndings[./help/en/html/apps/PanelPro/ShowPanel.shtml]" classname="jmri.util.FileLineEndingsTest" time="0.001"/>
  <testcase name="lineEndings[./help/en/html/apps/PanelPro/AdvIcons.shtml]" classname="jmri.util.FileLineEndingsTest" time="0.001"/>
  <testcase name="lineEndings[./help/en/html/apps/SoundPro/SoundPro.shtml]" classname="jmri.util.FileLineEndingsTest" time="0"/>
  <testcase name="lineEndings[./help/en/html/apps/index.shtml]" classname="jmri.util.FileLineEndingsTest" time="0.001"/>
  <testcase name="lineEndings[./help/en/html/hardware/TerminalServer.shtml]" classname="jmri.util.FileLineEndingsTest" time="0.001"/>
  <testcase name="lineEndings[./help/en/html/hardware/cmri/Signals.shtml]" classname="jmri.util.FileLineEndingsTest" time="0.001"/>
  <testcase name="lineEndings[./help/en/html/hardware/cmri/CMRI.shtml]" classname="jmri.util.FileLineEndingsTest" time="0.001"/>
  <testcase name="lineEndings[./help/en/html/hardware/MacintoshSerialPorts.shtml]" classname="jmri.util.FileLineEndingsTest" time="0"/>
  <testcase name="lineEndings[./help/en/html/hardware/loconet/DigitraxPower/index.shtml]" classname="jmri.util.FileLineEndingsTest" time="0"/>
  <testcase name="lineEndings[./help/en/html/hardware/loconet/LbServer.shtml]" classname="jmri.util.FileLineEndingsTest" time="0.001"/>
  <testcase name="lineEndings[./help/en/html/hardware/loconet/LocoNetTools.shtml]" classname="jmri.util.FileLineEndingsTest" time="0.001"/>
  <testcase name="lineEndings[./help/en/html/hardware/loconet/Fleischmann.shtml]" classname="jmri.util.FileLineEndingsTest" time="0.001"/>
  <testcase name="lineEndings[./help/en/html/hardware/loconet/LocoBufferUSB.shtml]" classname="jmri.util.FileLineEndingsTest" time="0.001"/>
  <testcase name="lineEndings[./help/en/html/hardware/loconet/StandaloneLocoNet.shtml]" classname="jmri.util.FileLineEndingsTest" time="0.001"/>
  <testcase name="lineEndings[./help/en/html/hardware/loconet/PR3.shtml]" classname="jmri.util.FileLineEndingsTest" time="0.001"/>
  <testcase name="lineEndings[./help/en/html/hardware/loconet/LocoBufferII.shtml]" classname="jmri.util.FileLineEndingsTest" time="0"/>
  <testcase name="lineEndings[./help/en/html/hardware/loconet/LocoNetworking.shtml]" classname="jmri.util.FileLineEndingsTest" time="0.001"/>
  <testcase name="lineEndings[./help/en/html/hardware/loconet/LocoNetServer.shtml]" classname="jmri.util.FileLineEndingsTest" time="0.001"/>
  <testcase name="lineEndings[./help/en/html/hardware/loconet/CommandStationConfig.shtml]" classname="jmri.util.FileLineEndingsTest" time="0.001"/>
  <testcase name="lineEndings[./help/en/html/hardware/loconet/Addressing.shtml]" classname="jmri.util.FileLineEndingsTest" time="0.001"/>
  <testcase name="lineEndings[./help/en/html/hardware/loconet/BTLocoBridge.shtml]" classname="jmri.util.FileLineEndingsTest" time="0"/>
  <testcase name="lineEndings[./help/en/html/hardware/loconet/Uhlenbrock.shtml]" classname="jmri.util.FileLineEndingsTest" time="0.001"/>
  <testcase name="lineEndings[./help/en/html/hardware/loconet/LocoIO.shtml]" classname="jmri.util.FileLineEndingsTest" time="0.001"/>
  <testcase name="lineEndings[./help/en/html/hardware/loconet/DS54.shtml]" classname="jmri.util.FileLineEndingsTest" time="0.001"/>
  <testcase name="lineEndings[./help/en/html/hardware/loconet/PR2.shtml]" classname="jmri.util.FileLineEndingsTest" time="0"/>
  <testcase name="lineEndings[./help/en/html/hardware/loconet/LocoNetSim.shtml]" classname="jmri.util.FileLineEndingsTest" time="0"/>
  <testcase name="lineEndings[./help/en/html/hardware/loconet/Digitrax.shtml]" classname="jmri.util.FileLineEndingsTest" time="0.001"/>
  <testcase name="lineEndings[./help/en/html/hardware/loconet/PR4.shtml]" classname="jmri.util.FileLineEndingsTest" time="0.001"/>
  <testcase name="lineEndings[./help/en/html/hardware/loconet/LocoNetClasses.shtml]" classname="jmri.util.FileLineEndingsTest" time="0.001"/>
  <testcase name="lineEndings[./help/en/html/hardware/loconet/MS100.shtml]" classname="jmri.util.FileLineEndingsTest" time="0.001"/>
  <testcase name="lineEndings[./help/en/html/hardware/loconet/KeyspanUSB.shtml]" classname="jmri.util.FileLineEndingsTest" time="0"/>
  <testcase name="lineEndings[./help/en/html/hardware/loconet/LocoBuffer.shtml]" classname="jmri.util.FileLineEndingsTest" time="0.001"/>
  <testcase name="lineEndings[./help/en/html/hardware/openlcb/Connections.shtml]" classname="jmri.util.FileLineEndingsTest" time="0.001"/>
  <testcase name="lineEndings[./help/en/html/hardware/openlcb/Names.shtml]" classname="jmri.util.FileLineEndingsTest" time="0.001"/>
  <testcase name="lineEndings[./help/en/html/hardware/openlcb/Details.shtml]" classname="jmri.util.FileLineEndingsTest" time="0"/>
  <testcase name="lineEndings[./help/en/html/hardware/openlcb/index.shtml]" classname="jmri.util.FileLineEndingsTest" time="0.001"/>
  <testcase name="lineEndings[./help/en/html/hardware/XPressNet/CreateXNetLogFile.shtml]" classname="jmri.util.FileLineEndingsTest" time="0.001"/>
  <testcase name="lineEndings[./help/en/html/hardware/XPressNet/XNetSystemInformationtool.shtml]" classname="jmri.util.FileLineEndingsTest" time="0.001"/>
  <testcase name="lineEndings[./help/en/html/hardware/XPressNet/LZV100Configurationtool.shtml]" classname="jmri.util.FileLineEndingsTest" time="0.001"/>
  <testcase name="lineEndings[./help/en/html/hardware/XPressNet/LI101Configurationtool.shtml]" classname="jmri.util.FileLineEndingsTest" time="0"/>
  <testcase name="lineEndings[./help/en/html/hardware/XPressNet/index.shtml]" classname="jmri.util.FileLineEndingsTest" time="0.001"/>
  <testcase name="lineEndings[./help/en/html/hardware/XPressNet/XNetAddressing.shtml]" classname="jmri.util.FileLineEndingsTest" time="0.001"/>
  <testcase name="lineEndings[./help/en/html/hardware/pi/index.shtml]" classname="jmri.util.FileLineEndingsTest" time="0.001"/>
  <testcase name="lineEndings[./help/en/html/hardware/powerline/index.shtml]" classname="jmri.util.FileLineEndingsTest" time="0.001"/>
  <testcase name="lineEndings[./help/en/html/hardware/powerline/Compatibility.shtml]" classname="jmri.util.FileLineEndingsTest" time="0"/>
  <testcase name="lineEndings[./help/en/html/hardware/powerline/Names.shtml]" classname="jmri.util.FileLineEndingsTest" time="0.001"/>
  <testcase name="lineEndings[./help/en/html/hardware/nce/Wangrow.shtml]" classname="jmri.util.FileLineEndingsTest" time="0.001"/>
  <testcase name="lineEndings[./help/en/html/hardware/nce/NCE.shtml]" classname="jmri.util.FileLineEndingsTest" time="0.001"/>
  <testcase name="lineEndings[./help/en/html/hardware/dccpp/Turnouts.shtml]" classname="jmri.util.FileLineEndingsTest" time="0.001"/>
  <testcase name="lineEndings[./help/en/html/hardware/dccpp/index.shtml]" classname="jmri.util.FileLineEndingsTest" time="0"/>
  <testcase name="lineEndings[./help/en/html/hardware/dccpp/Sensors.shtml]" classname="jmri.util.FileLineEndingsTest" time="0.001"/>
  <testcase name="lineEndings[./help/en/html/hardware/marklin/index.shtml]" classname="jmri.util.FileLineEndingsTest" time="0.001"/>
  <testcase name="lineEndings[./help/en/html/hardware/can/index.shtml]" classname="jmri.util.FileLineEndingsTest" time="0.001"/>
  <testcase name="lineEndings[./help/en/html/hardware/can/cbus/index.shtml]" classname="jmri.util.FileLineEndingsTest" time="0"/>
  <testcase name="lineEndings[./help/en/html/hardware/can/cbus/Details.shtml]" classname="jmri.util.FileLineEndingsTest" time="0.001"/>
  <testcase name="lineEndings[./help/en/html/hardware/can/cbus/Names.shtml]" classname="jmri.util.FileLineEndingsTest" time="0.001"/>
  <testcase name="lineEndings[./help/en/html/hardware/can/scripting.shtml]" classname="jmri.util.FileLineEndingsTest" time="0.001"/>
  <testcase name="lineEndings[./help/en/html/hardware/mrc/index.shtml]" classname="jmri.util.FileLineEndingsTest" time="0.001"/>
  <testcase name="lineEndings[./help/en/html/hardware/rps/sensors.shtml]" classname="jmri.util.FileLineEndingsTest" time="0"/>
  <testcase name="lineEndings[./help/en/html/hardware/rps/index.shtml]" classname="jmri.util.FileLineEndingsTest" time="0.002"/>
  <testcase name="lineEndings[./help/en/html/hardware/jmriclient/index.shtml]" classname="jmri.util.FileLineEndingsTest" time="0.001"/>
  <testcase name="lineEndings[./help/en/html/hardware/rfid/index.shtml]" classname="jmri.util.FileLineEndingsTest" time="0.002"/>
  <testcase name="lineEndings[./help/en/html/hardware/digirails/index.shtml]" classname="jmri.util.FileLineEndingsTest" time="0.001"/>
  <testcase name="lineEndings[./help/en/html/hardware/grapevine/index.shtml]" classname="jmri.util.FileLineEndingsTest" time="0.001"/>
  <testcase name="lineEndings[./help/en/html/hardware/grapevine/Names.shtml]" classname="jmri.util.FileLineEndingsTest" time="0.002"/>
  <testcase name="lineEndings[./help/en/html/hardware/index.shtml]" classname="jmri.util.FileLineEndingsTest" time="0.001"/>
  <testcase name="lineEndings[./help/en/html/hardware/easydcc/EasyDCC.shtml]" classname="jmri.util.FileLineEndingsTest" time="0.001"/>
  <testcase name="lineEndings[./help/en/html/hardware/acela/Names.shtml]" classname="jmri.util.FileLineEndingsTest" time="0.002"/>
  <testcase name="lineEndings[./help/en/html/hardware/acela/index.shtml]" classname="jmri.util.FileLineEndingsTest" time="0.001"/>
  <testcase name="lineEndings[./help/en/html/hardware/SRCP/index.shtml]" classname="jmri.util.FileLineEndingsTest" time="0.001"/>
  <testcase name="lineEndings[./help/en/html/hardware/tmcc/index.shtml]" classname="jmri.util.FileLineEndingsTest" time="0.001"/>
  <testcase name="lineEndings[./help/en/html/hardware/sprog/SPROG.shtml]" classname="jmri.util.FileLineEndingsTest" time="0.002"/>
  <testcase name="lineEndings[./help/en/html/hardware/oaktree/OakTree.shtml]" classname="jmri.util.FileLineEndingsTest" time="0.001"/>
  <testcase name="lineEndings[./help/en/html/hardware/qsi/index.shtml]" classname="jmri.util.FileLineEndingsTest" time="0.001"/>
  <testcase name="lineEndings[./help/en/html/hardware/xap/index.shtml]" classname="jmri.util.FileLineEndingsTest" time="0.001"/>
  <testcase name="lineEndings[./help/en/html/hardware/USBtoSerial.shtml]" classname="jmri.util.FileLineEndingsTest" time="0.001"/>
  <testcase name="lineEndings[./help/en/html/hardware/maple/index.shtml]" classname="jmri.util.FileLineEndingsTest" time="0.001"/>
  <testcase name="lineEndings[./help/en/html/hardware/zimo/Zimo.shtml]" classname="jmri.util.FileLineEndingsTest" time="0.002"/>
  <testcase name="lineEndings[./help/en/html/hardware/bachrus/index.shtml]" classname="jmri.util.FileLineEndingsTest" time="0.001"/>
  <testcase name="lineEndings[./help/en/html/hardware/roco/z21/index.shtml]" classname="jmri.util.FileLineEndingsTest" time="0.001"/>
  <testcase name="lineEndings[./help/en/html/hardware/tams/index.shtml]" classname="jmri.util.FileLineEndingsTest" time="0.001"/>
  <testcase name="lineEndings[./help/en/html/hardware/XBee/XBeeNodeConfigurationTool.shtml]" classname="jmri.util.FileLineEndingsTest" time="0.001"/>
  <testcase name="lineEndings[./help/en/html/hardware/XBee/index.shtml]" classname="jmri.util.FileLineEndingsTest" time="0.001"/>
  <testcase name="lineEndings[./help/en/html/hardware/secsi/index.shtml]" classname="jmri.util.FileLineEndingsTest" time="0.001"/>
  <testcase name="lineEndings[./help/en/html/hardware/raildriver/details.shtml]" classname="jmri.util.FileLineEndingsTest" time="0.001"/>
  <testcase name="lineEndings[./help/en/html/hardware/raildriver/index.shtml]" classname="jmri.util.FileLineEndingsTest" time="0.001"/>
  <testcase name="lineEndings[./help/en/html/hardware/misc/DccSpecialties.shtml]" classname="jmri.util.FileLineEndingsTest" time="0.001"/>
  <testcase name="lineEndings[./help/en/html/hardware/ecos/index.shtml]" classname="jmri.util.FileLineEndingsTest" time="0.001"/>
  <testcase name="lineEndings[./help/en/html/hardware/dcc4pc/index.shtml]" classname="jmri.util.FileLineEndingsTest" time="0.001"/>
  <testcase name="lineEndings[./help/en/html/hardware/hardware-template.shtml]" classname="jmri.util.FileLineEndingsTest" time="0.001"/>
  <testcase name="lineEndings[./help/en/html/hardware/PDA.shtml]" classname="jmri.util.FileLineEndingsTest" time="0.001"/>
  <testcase name="lineEndings[./help/en/html/hardware/tchtech/index.shtml]" classname="jmri.util.FileLineEndingsTest" time="0.001"/>
  <testcase name="lineEndings[./help/en/html/hardware/modbus/index.shtml]" classname="jmri.util.FileLineEndingsTest" time="0.001"/>
  <testcase name="lineEndings[./help/en/html/doc/Technical/plugins.shtml]" classname="jmri.util.FileLineEndingsTest" time="0.001"/>
  <testcase name="lineEndings[./help/en/html/doc/Technical/XmlUsage.shtml]" classname="jmri.util.FileLineEndingsTest" time="0.001"/>
  <testcase name="lineEndings[./help/en/html/doc/Technical/Ant.shtml]" classname="jmri.util.FileLineEndingsTest" time="0.001"/>
  <testcase name="lineEndings[./help/en/html/doc/Technical/JUnit.shtml]" classname="jmri.util.FileLineEndingsTest" time="0.001"/>
  <testcase name="lineEndings[./help/en/html/doc/Technical/WebSite.shtml]" classname="jmri.util.FileLineEndingsTest" time="0.001"/>
  <testcase name="lineEndings[./help/en/html/doc/Technical/NetBeans.shtml]" classname="jmri.util.FileLineEndingsTest" time="0.001"/>
  <testcase name="lineEndings[./help/en/html/doc/Technical/CVSFAQ.shtml]" classname="jmri.util.FileLineEndingsTest" time="0.001"/>
  <testcase name="lineEndings[./help/en/html/doc/Technical/index.shtml]" classname="jmri.util.FileLineEndingsTest" time="0.002"/>
  <testcase name="lineEndings[./help/en/html/doc/Technical/gitdeveloper.shtml]" classname="jmri.util.FileLineEndingsTest" time="0.001"/>
  <testcase name="lineEndings[./help/en/html/doc/Technical/Eclipse.shtml]" classname="jmri.util.FileLineEndingsTest" time="0.001"/>
  <testcase name="lineEndings[./help/en/html/doc/Technical/FileNames.shtml]" classname="jmri.util.FileLineEndingsTest" time="0.001"/>
  <testcase name="lineEndings[./help/en/html/doc/Technical/Help.shtml]" classname="jmri.util.FileLineEndingsTest" time="0.001"/>
  <testcase name="lineEndings[./help/en/html/doc/Technical/AppPreferences.shtml]" classname="jmri.util.FileLineEndingsTest" time="0.001"/>
  <testcase name="lineEndings[./help/en/html/doc/Technical/Names.shtml]" classname="jmri.util.FileLineEndingsTest" time="0.001"/>
  <testcase name="lineEndings[./help/en/html/doc/Technical/JVMCapabilitiesOlder.shtml]" classname="jmri.util.FileLineEndingsTest" time="0.001"/>
  <testcase name="lineEndings[./help/en/html/doc/Technical/AppStructure.shtml]" classname="jmri.util.FileLineEndingsTest" time="0.001"/>
  <testcase name="lineEndings[./help/en/html/doc/Technical/Swing.shtml]" classname="jmri.util.FileLineEndingsTest" time="0.001"/>
  <testcase name="lineEndings[./help/en/html/doc/Technical/IntroStructure.shtml]" classname="jmri.util.FileLineEndingsTest" time="0.001"/>
  <testcase name="lineEndings[./help/en/html/doc/Technical/XmlEditors.shtml]" classname="jmri.util.FileLineEndingsTest" time="0.001"/>
  <testcase name="lineEndings[./help/en/html/doc/Technical/Javadoc.shtml]" classname="jmri.util.FileLineEndingsTest" time="0.001"/>
  <testcase name="lineEndings[./help/en/html/doc/Technical/GitFAQ.shtml]" classname="jmri.util.FileLineEndingsTest" time="0.001"/>
  <testcase name="lineEndings[./help/en/html/doc/Technical/SystemStructure.shtml]" classname="jmri.util.FileLineEndingsTest" time="0.001"/>
  <testcase name="lineEndings[./help/en/html/doc/Technical/TechRoadMapOlder.shtml]" classname="jmri.util.FileLineEndingsTest" time="0.001"/>
  <testcase name="lineEndings[./help/en/html/doc/Technical/getgitcode.shtml]" classname="jmri.util.FileLineEndingsTest" time="0.001"/>
  <testcase name="lineEndings[./help/en/html/doc/Technical/StartUpScripts.shtml]" classname="jmri.util.FileLineEndingsTest" time="0.001"/>
  <testcase name="lineEndings[./help/en/html/doc/Technical/XmlPersistance.shtml]" classname="jmri.util.FileLineEndingsTest" time="0.001"/>
  <testcase name="lineEndings[./help/en/html/doc/Technical/TurnoutFeedback.shtml]" classname="jmri.util.FileLineEndingsTest" time="0.001"/>
  <testcase name="lineEndings[./help/en/html/doc/Technical/Logging.shtml]" classname="jmri.util.FileLineEndingsTest" time="0.001"/>
  <testcase name="lineEndings[./help/en/html/doc/Technical/getcvscode.shtml]" classname="jmri.util.FileLineEndingsTest" time="0.001"/>
  <testcase name="lineEndings[./help/en/html/doc/Technical/XmlDtdUsage.shtml]" classname="jmri.util.FileLineEndingsTest" time="0.001"/>
  <testcase name="lineEndings[./help/en/html/doc/Technical/NetBeansGUIEditor.shtml]" classname="jmri.util.FileLineEndingsTest" time="0.001"/>
  <testcase name="lineEndings[./help/en/html/doc/Technical/getsvncode.shtml]" classname="jmri.util.FileLineEndingsTest" time="0.001"/>
  <testcase name="lineEndings[./help/en/html/doc/Technical/XmlSchema.shtml]" classname="jmri.util.FileLineEndingsTest" time="0.001"/>
  <testcase name="lineEndings[./help/en/html/doc/Technical/JVMCapabilities.shtml]" classname="jmri.util.FileLineEndingsTest" time="0.001"/>
  <testcase name="lineEndings[./help/en/html/doc/Technical/Properties.shtml]" classname="jmri.util.FileLineEndingsTest" time="0.001"/>
  <testcase name="lineEndings[./help/en/html/doc/Technical/MultiConnectionUpdate.shtml]" classname="jmri.util.FileLineEndingsTest" time="0.001"/>
  <testcase name="lineEndings[./help/en/html/doc/Technical/TechRoadMap.shtml]" classname="jmri.util.FileLineEndingsTest" time="0.001"/>
  <testcase name="lineEndings[./help/en/html/doc/Technical/SVNFAQ.shtml]" classname="jmri.util.FileLineEndingsTest" time="0.001"/>
  <testcase name="lineEndings[./help/en/html/doc/Technical/XmlView.shtml]" classname="jmri.util.FileLineEndingsTest" time="0.001"/>
  <testcase name="lineEndings[./help/en/html/doc/Technical/Patterns.shtml]" classname="jmri.util.FileLineEndingsTest" time="0.001"/>
  <testcase name="lineEndings[./help/en/html/doc/Technical/NewSystem.shtml]" classname="jmri.util.FileLineEndingsTest" time="0.001"/>
  <testcase name="lineEndings[./help/en/html/doc/Technical/RP.shtml]" classname="jmri.util.FileLineEndingsTest" time="0.001"/>
  <testcase name="lineEndings[./help/en/html/doc/Technical/CATS.shtml]" classname="jmri.util.FileLineEndingsTest" time="0.001"/>
  <testcase name="lineEndings[./help/en/html/doc/Technical/I8N.shtml]" classname="jmri.util.FileLineEndingsTest" time="0.001"/>
  <testcase name="lineEndings[./help/en/html/doc/Technical/gitadmin.shtml]" classname="jmri.util.FileLineEndingsTest" time="0.001"/>
  <testcase name="lineEndings[./help/en/html/doc/Technical/Networking.shtml]" classname="jmri.util.FileLineEndingsTest" time="0"/>
  <testcase name="lineEndings[./help/en/html/doc/Technical/Jython.shtml]" classname="jmri.util.FileLineEndingsTest" time="0.001"/>
  <testcase name="lineEndings[./help/en/html/doc/Technical/SpotBugs.shtml]" classname="jmri.util.FileLineEndingsTest" time="0.001"/>
  <testcase name="lineEndings[./help/en/html/doc/Technical/IntelliJ.shtml]" classname="jmri.util.FileLineEndingsTest" time="0.001"/>
  <testcase name="lineEndings[./help/en/html/doc/Technical/Poll2007.shtml]" classname="jmri.util.FileLineEndingsTest" time="0.001"/>
  <testcase name="lineEndings[./help/en/html/doc/Technical/NewType.shtml]" classname="jmri.util.FileLineEndingsTest" time="0.001"/>
  <testcase name="lineEndings[./help/en/html/doc/Technical/webupdate/UpdatingDocs.shtml]" classname="jmri.util.FileLineEndingsTest" time="0.001"/>
  <testcase name="lineEndings[./help/en/html/doc/Technical/XmlSchemaExamples.shtml]" classname="jmri.util.FileLineEndingsTest" time="0.001"/>
  <testcase name="lineEndings[./help/en/html/doc/Technical/ContinuousIntegration.shtml]" classname="jmri.util.FileLineEndingsTest" time="0.001"/>
  <testcase name="lineEndings[./help/en/html/doc/Technical/Threads.shtml]" classname="jmri.util.FileLineEndingsTest" time="0"/>
  <testcase name="lineEndings[./help/en/html/setup/profiles.shtml]" classname="jmri.util.FileLineEndingsTest" time="0"/>
  <testcase name="lineEndings[./help/en/html/setup/Dropbox.shtml]" classname="jmri.util.FileLineEndingsTest" time="0.001"/>
  <testcase name="lineEndings[./help/en/html/setup/Errors.shtml]" classname="jmri.util.FileLineEndingsTest" time="0.001"/>
  <testcase name="lineEndings[./help/en/html/setup/Files.shtml]" classname="jmri.util.FileLineEndingsTest" time="0.001"/>
  <testcase name="lineEndings[./help/en/html/setup/index.shtml]" classname="jmri.util.FileLineEndingsTest" time="0.001"/>
  <testcase name="lineEndings[./help/en/html/setup/Faq.shtml]" classname="jmri.util.FileLineEndingsTest" time="0.001"/>
  <testcase name="lineEndings[./help/en/html/web/RosterServlet.shtml]" classname="jmri.util.FileLineEndingsTest" time="0"/>
  <testcase name="lineEndings[./help/en/html/web/WebServer.shtml]" classname="jmri.util.FileLineEndingsTest" time="0.001"/>
  <testcase name="lineEndings[./help/en/html/web/PanelServlet.shtml]" classname="jmri.util.FileLineEndingsTest" time="0.001"/>
  <testcase name="lineEndings[./help/en/html/web/XMLIO.shtml]" classname="jmri.util.FileLineEndingsTest" time="0.001"/>
  <testcase name="lineEndings[./help/en/html/web/index.shtml]" classname="jmri.util.FileLineEndingsTest" time="0.001"/>
  <testcase name="lineEndings[./help/en/html/web/JsonServlet.shtml]" classname="jmri.util.FileLineEndingsTest" time="0.001"/>
  <testcase name="lineEndings[./help/en/html/web/FrameServlet.shtml]" classname="jmri.util.FileLineEndingsTest" time="0"/>
  <testcase name="lineEndings[./help/en/html/web/Operations.shtml]" classname="jmri.util.FileLineEndingsTest" time="0.001"/>
  <testcase name="lineEndings[./help/en/package/jmri/jmrit/display/PanelMenuHelp.shtml]" classname="jmri.util.FileLineEndingsTest" time="0.001"/>
  <testcase name="lineEndings[./help/en/package/jmri/jmrit/display/RpsIcon.shtml]" classname="jmri.util.FileLineEndingsTest" time="0.001"/>
  <testcase name="lineEndings[./help/en/package/jmri/jmrit/display/ControlPanelEditor.shtml]" classname="jmri.util.FileLineEndingsTest" time="0.001"/>
  <testcase name="lineEndings[./help/en/package/jmri/jmrit/display/PanelTarget.shtml]" classname="jmri.util.FileLineEndingsTest" time="0"/>
  <testcase name="lineEndings[./help/en/package/jmri/jmrit/display/TranslateSelection.shtml]" classname="jmri.util.FileLineEndingsTest" time="0"/>
  <testcase name="lineEndings[./help/en/package/jmri/jmrit/display/SlipTurnoutIcon.shtml]" classname="jmri.util.FileLineEndingsTest" time="0"/>
  <testcase name="lineEndings[./help/en/package/jmri/jmrit/display/EditLevelXing.shtml]" classname="jmri.util.FileLineEndingsTest" time="0"/>
  <testcase name="lineEndings[./help/en/package/jmri/jmrit/display/ScaleTrackDiagram.shtml]" classname="jmri.util.FileLineEndingsTest" time="0.001"/>
  <testcase name="lineEndings[./help/en/package/jmri/jmrit/display/SetSignalsAtTToTTurnout.shtml]" classname="jmri.util.FileLineEndingsTest" time="0.001"/>
  <testcase name="lineEndings[./help/en/package/jmri/jmrit/display/SetSignalsAtLevelXing.shtml]" classname="jmri.util.FileLineEndingsTest" time="0"/>
  <testcase name="lineEndings[./help/en/package/jmri/jmrit/display/CircuitBuilder.shtml]" classname="jmri.util.FileLineEndingsTest" time="0.001"/>
  <testcase name="lineEndings[./help/en/package/jmri/jmrit/display/SetSignalsAtTurnout.shtml]" classname="jmri.util.FileLineEndingsTest" time="0.001"/>
  <testcase name="lineEndings[./help/en/package/jmri/jmrit/display/SetSignalsAtXoverTurnout.shtml]" classname="jmri.util.FileLineEndingsTest" time="0.001"/>
  <testcase name="lineEndings[./help/en/package/jmri/jmrit/display/IconAdder.shtml]" classname="jmri.util.FileLineEndingsTest" time="0.001"/>
  <testcase name="lineEndings[./help/en/package/jmri/jmrit/display/MultiSensorIconFrame.shtml]" classname="jmri.util.FileLineEndingsTest" time="0"/>
  <testcase name="lineEndings[./help/en/package/jmri/jmrit/display/PanelEditor.shtml]" classname="jmri.util.FileLineEndingsTest" time="0.001"/>
  <testcase name="lineEndings[./help/en/package/jmri/jmrit/display/MultiSensorIconAdder.shtml]" classname="jmri.util.FileLineEndingsTest" time="0.001"/>
  <testcase name="lineEndings[./help/en/package/jmri/jmrit/display/EditLayoutBlock.shtml]" classname="jmri.util.FileLineEndingsTest" time="0.001"/>
  <testcase name="lineEndings[./help/en/package/jmri/jmrit/display/CoordinateEdit.shtml]" classname="jmri.util.FileLineEndingsTest" time="0.001"/>
  <testcase name="lineEndings[./help/en/package/jmri/jmrit/display/LayoutEditor.shtml]" classname="jmri.util.FileLineEndingsTest" time="0.001"/>
  <testcase name="lineEndings[./help/en/package/jmri/jmrit/display/SetSignalsAtBoundary.shtml]" classname="jmri.util.FileLineEndingsTest" time="0"/>
  <testcase name="lineEndings[./help/en/package/jmri/jmrit/display/EditLayoutSlip.shtml]" classname="jmri.util.FileLineEndingsTest" time="0.001"/>
  <testcase name="lineEndings[./help/en/package/jmri/jmrit/display/SetSignalsAtSlip.shtml]" classname="jmri.util.FileLineEndingsTest" time="0.001"/>
  <testcase name="lineEndings[./help/en/package/jmri/jmrit/display/EditLayoutTurnout.shtml]" classname="jmri.util.FileLineEndingsTest" time="0.001"/>
  <testcase name="lineEndings[./help/en/package/jmri/jmrit/display/EditTrackSegment.shtml]" classname="jmri.util.FileLineEndingsTest" time="0"/>
  <testcase name="lineEndings[./help/en/package/jmri/jmrit/display/EnterTrackWidth.shtml]" classname="jmri.util.FileLineEndingsTest" time="0"/>
  <testcase name="lineEndings[./help/en/package/jmri/jmrit/display/MultiSensorIconDefaultsFrame.shtml]" classname="jmri.util.FileLineEndingsTest" time="0.001"/>
  <testcase name="lineEndings[./help/en/package/jmri/jmrit/display/SwitchboardEditor.shtml]" classname="jmri.util.FileLineEndingsTest" time="0.001"/>
  <testcase name="lineEndings[./help/en/package/jmri/jmrit/display/SetSignalsAt3WayTurnout.shtml]" classname="jmri.util.FileLineEndingsTest" time="0.001"/>
  <testcase name="lineEndings[./help/en/package/jmri/jmrit/display/ItemPalette.shtml]" classname="jmri.util.FileLineEndingsTest" time="0"/>
  <testcase name="lineEndings[./help/en/package/jmri/jmrit/display/EditTurntable.shtml]" classname="jmri.util.FileLineEndingsTest" time="0.001"/>
  <testcase name="lineEndings[./help/en/package/jmri/jmrit/beantable/SignalMastLogicTable.shtml]" classname="jmri.util.FileLineEndingsTest" time="0.001"/>
  <testcase name="lineEndings[./help/en/package/jmri/jmrit/beantable/BlockAddEdit.shtml]" classname="jmri.util.FileLineEndingsTest" time="0.001"/>
  <testcase name="lineEndings[./help/en/package/jmri/jmrit/beantable/LogixAddEdit.shtml]" classname="jmri.util.FileLineEndingsTest" time="0"/>
  <testcase name="lineEndings[./help/en/package/jmri/jmrit/beantable/ViewSpecialActions.shtml]" classname="jmri.util.FileLineEndingsTest" time="0.001"/>
  <testcase name="lineEndings[./help/en/package/jmri/jmrit/beantable/RouteTable.shtml]" classname="jmri.util.FileLineEndingsTest" time="0.001"/>
  <testcase name="lineEndings[./help/en/package/jmri/jmrit/beantable/SectionTable.shtml]" classname="jmri.util.FileLineEndingsTest" time="0.001"/>
  <testcase name="lineEndings[./help/en/package/jmri/jmrit/beantable/AudioAddEdit.shtml]" classname="jmri.util.FileLineEndingsTest" time="0"/>
  <testcase name="lineEndings[./help/en/package/jmri/jmrit/beantable/IdTagTable.shtml]" classname="jmri.util.FileLineEndingsTest" time="0"/>
  <testcase name="lineEndings[./help/en/package/jmri/jmrit/beantable/LogixTable.shtml]" classname="jmri.util.FileLineEndingsTest" time="0.001"/>
  <testcase name="lineEndings[./help/en/package/jmri/jmrit/beantable/LightAddEdit.shtml]" classname="jmri.util.FileLineEndingsTest" time="0.001"/>
  <testcase name="lineEndings[./help/en/package/jmri/jmrit/beantable/LightTable.shtml]" classname="jmri.util.FileLineEndingsTest" time="0.001"/>
  <testcase name="lineEndings[./help/en/package/jmri/jmrit/beantable/SensorTable.shtml]" classname="jmri.util.FileLineEndingsTest" time="0.001"/>
  <testcase name="lineEndings[./help/en/package/jmri/jmrit/beantable/LRouteTable.shtml]" classname="jmri.util.FileLineEndingsTest" time="0"/>
  <testcase name="lineEndings[./help/en/package/jmri/jmrit/beantable/SensorAddEdit.shtml]" classname="jmri.util.FileLineEndingsTest" time="0.001"/>
  <testcase name="lineEndings[./help/en/package/jmri/jmrit/beantable/SignalMastRepeater.shtml]" classname="jmri.util.FileLineEndingsTest" time="0.001"/>
  <testcase name="lineEndings[./help/en/package/jmri/jmrit/beantable/SignalMastTable.shtml]" classname="jmri.util.FileLineEndingsTest" time="0.001"/>
  <testcase name="lineEndings[./help/en/package/jmri/jmrit/beantable/TransitAddEdit.shtml]" classname="jmri.util.FileLineEndingsTest" time="0.001"/>
  <testcase name="lineEndings[./help/en/package/jmri/jmrit/beantable/IdTagAddEdit.shtml]" classname="jmri.util.FileLineEndingsTest" time="0"/>
  <testcase name="lineEndings[./help/en/package/jmri/jmrit/beantable/ConditionalAddEdit.shtml]" classname="jmri.util.FileLineEndingsTest" time="0.001"/>
  <testcase name="lineEndings[./help/en/package/jmri/jmrit/beantable/ReporterAddEdit.shtml]" classname="jmri.util.FileLineEndingsTest" time="0.001"/>
  <testcase name="lineEndings[./help/en/package/jmri/jmrit/beantable/SignalAddEdit.shtml]" classname="jmri.util.FileLineEndingsTest" time="0.001"/>
  <testcase name="lineEndings[./help/en/package/jmri/jmrit/beantable/RouteAddEdit.shtml]" classname="jmri.util.FileLineEndingsTest" time="0.001"/>
  <testcase name="lineEndings[./help/en/package/jmri/jmrit/beantable/SignalGroupAddEdit.shtml]" classname="jmri.util.FileLineEndingsTest" time="0"/>
  <testcase name="lineEndings[./help/en/package/jmri/jmrit/beantable/AudioTable.shtml]" classname="jmri.util.FileLineEndingsTest" time="0.001"/>
  <testcase name="lineEndings[./help/en/package/jmri/jmrit/beantable/TurnoutTable.shtml]" classname="jmri.util.FileLineEndingsTest" time="0.001"/>
  <testcase name="lineEndings[./help/en/package/jmri/jmrit/beantable/TurnoutAddEdit.shtml]" classname="jmri.util.FileLineEndingsTest" time="0.001"/>
  <testcase name="lineEndings[./help/en/package/jmri/jmrit/beantable/BlockTable.shtml]" classname="jmri.util.FileLineEndingsTest" time="0"/>
  <testcase name="lineEndings[./help/en/package/jmri/jmrit/beantable/AddEditAction.shtml]" classname="jmri.util.FileLineEndingsTest" time="0.001"/>
  <testcase name="lineEndings[./help/en/package/jmri/jmrit/beantable/TransitTable.shtml]" classname="jmri.util.FileLineEndingsTest" time="0.001"/>
  <testcase name="lineEndings[./help/en/package/jmri/jmrit/beantable/MemoryAddEdit.shtml]" classname="jmri.util.FileLineEndingsTest" time="0.001"/>
  <testcase name="lineEndings[./help/en/package/jmri/jmrit/beantable/SignalHeadTable.shtml]" classname="jmri.util.FileLineEndingsTest" time="0"/>
  <testcase name="lineEndings[./help/en/package/jmri/jmrit/beantable/UserMessagePreferences.shtml]" classname="jmri.util.FileLineEndingsTest" time="0"/>
  <testcase name="lineEndings[./help/en/package/jmri/jmrit/beantable/ReporterTable.shtml]" classname="jmri.util.FileLineEndingsTest" time="0.001"/>
  <testcase name="lineEndings[./help/en/package/jmri/jmrit/beantable/SignalMastAddEdit.shtml]" classname="jmri.util.FileLineEndingsTest" time="0.001"/>
  <testcase name="lineEndings[./help/en/package/jmri/jmrit/beantable/AddEditSignalingLogic.shtml]" classname="jmri.util.FileLineEndingsTest" time="0"/>
  <testcase name="lineEndings[./help/en/package/jmri/jmrit/beantable/BlockEdit.shtml]" classname="jmri.util.FileLineEndingsTest" time="0.001"/>
  <testcase name="lineEndings[./help/en/package/jmri/jmrit/beantable/SignalGroupTable.shtml]" classname="jmri.util.FileLineEndingsTest" time="0.001"/>
  <testcase name="lineEndings[./help/en/package/jmri/jmrit/beantable/LRouteAddEdit.shtml]" classname="jmri.util.FileLineEndingsTest" time="0.001"/>
  <testcase name="lineEndings[./help/en/package/jmri/jmrit/beantable/SectionAddEdit.shtml]" classname="jmri.util.FileLineEndingsTest" time="0.001"/>
  <testcase name="lineEndings[./help/en/package/jmri/jmrit/beantable/MemoryTable.shtml]" classname="jmri.util.FileLineEndingsTest" time="0"/>
  <testcase name="lineEndings[./help/en/package/jmri/jmrit/operations/Operations.shtml]" classname="jmri.util.FileLineEndingsTest" time="0.002"/>
  <testcase name="lineEndings[./help/en/package/jmri/jmrit/speedometer/SpeedometerFrame.shtml]" classname="jmri.util.FileLineEndingsTest" time="0.001"/>
  <testcase name="lineEndings[./help/en/package/jmri/jmrit/MemoryFrameAction.shtml]" classname="jmri.util.FileLineEndingsTest" time="0.001"/>
  <testcase name="lineEndings[./help/en/package/jmri/jmrit/roster/swing/speedprofile/SpeedProfileFrame.shtml]" classname="jmri.util.FileLineEndingsTest" time="0.001"/>
  <testcase name="lineEndings[./help/en/package/jmri/jmrit/roster/swing/RosterGroupTable.shtml]" classname="jmri.util.FileLineEndingsTest" time="0"/>
  <testcase name="lineEndings[./help/en/package/jmri/jmrit/logix/OBlockTable.shtml]" classname="jmri.util.FileLineEndingsTest" time="0.001"/>
  <testcase name="lineEndings[./help/en/package/jmri/jmrit/logix/SpeedChanges.shtml]" classname="jmri.util.FileLineEndingsTest" time="0.001"/>
  <testcase name="lineEndings[./help/en/package/jmri/jmrit/logix/WarrantTable.shtml]" classname="jmri.util.FileLineEndingsTest" time="0.001"/>
  <testcase name="lineEndings[./help/en/package/jmri/jmrit/logix/CreateEditWarrant.shtml]" classname="jmri.util.FileLineEndingsTest" time="0"/>
  <testcase name="lineEndings[./help/en/package/jmri/jmrit/logix/NXWarrant.shtml]" classname="jmri.util.FileLineEndingsTest" time="0.048"/>
  <testcase name="lineEndings[./help/en/package/jmri/jmrit/logix/Warrant.shtml]" classname="jmri.util.FileLineEndingsTest" time="0.001"/>
  <testcase name="lineEndings[./help/en/package/jmri/jmrit/logix/OBlockEdit.shtml]" classname="jmri.util.FileLineEndingsTest" time="0.001"/>
  <testcase name="lineEndings[./help/en/package/jmri/jmrit/ussctc/SignalLeverFrame.shtml]" classname="jmri.util.FileLineEndingsTest" time="0.001"/>
  <testcase name="lineEndings[./help/en/package/jmri/jmrit/ussctc/OsIndicatorFrame.shtml]" classname="jmri.util.FileLineEndingsTest" time="0"/>
  <testcase name="lineEndings[./help/en/package/jmri/jmrit/ussctc/CodeButtonFrame.shtml]" classname="jmri.util.FileLineEndingsTest" time="0.001"/>
  <testcase name="lineEndings[./help/en/package/jmri/jmrit/ussctc/TurnoutLeverFrame.shtml]" classname="jmri.util.FileLineEndingsTest" time="0.001"/>
  <testcase name="lineEndings[./help/en/package/jmri/jmrit/ussctc/FollowerFrame.shtml]" classname="jmri.util.FileLineEndingsTest" time="0.001"/>
  <testcase name="lineEndings[./help/en/package/jmri/jmrit/signalling/AddEditSignalingLogic.shtml]" classname="jmri.util.FileLineEndingsTest" time="0"/>
  <testcase name="lineEndings[./help/en/package/jmri/jmrit/signalling/SignallingSourceFrame.shtml]" classname="jmri.util.FileLineEndingsTest" time="0.001"/>
  <testcase name="lineEndings[./help/en/package/jmri/jmrit/consisttool/ConsistToolFrame.shtml]" classname="jmri.util.FileLineEndingsTest" time="0.001"/>
  <testcase name="lineEndings[./help/en/package/jmri/jmrit/vsdecoder/VSDecoderFrame.shtml]" classname="jmri.util.FileLineEndingsTest" time="0.001"/>
  <testcase name="lineEndings[./help/en/package/jmri/jmrit/vsdecoder/swing/VSDManagerFrame.shtml]" classname="jmri.util.FileLineEndingsTest" time="0"/>
  <testcase name="lineEndings[./help/en/package/jmri/jmrit/vsdecoder/swing/ManageLocationsFrame.shtml]" classname="jmri.util.FileLineEndingsTest" time="0.001"/>
  <testcase name="lineEndings[./help/en/package/jmri/jmrit/automat/monitor/AutomatTableFrame.shtml]" classname="jmri.util.FileLineEndingsTest" time="0.001"/>
  <testcase name="lineEndings[./help/en/package/jmri/jmrit/sensorgroup/SensorGroupFrame.shtml]" classname="jmri.util.FileLineEndingsTest" time="0.001"/>
  <testcase name="lineEndings[./help/en/package/jmri/jmrit/conditional/StateVariableActionList.shtml]" classname="jmri.util.FileLineEndingsTest" time="0.001"/>
  <testcase name="lineEndings[./help/en/package/jmri/jmrit/conditional/ConditionalListEditor.shtml]" classname="jmri.util.FileLineEndingsTest" time="0.001"/>
  <testcase name="lineEndings[./help/en/package/jmri/jmrit/conditional/ConditionalTreeEditor.shtml]" classname="jmri.util.FileLineEndingsTest" time="0"/>
  <testcase name="lineEndings[./help/en/package/jmri/jmrit/entryexit/EntryExitFrame.shtml]" classname="jmri.util.FileLineEndingsTest" time="0.001"/>
  <testcase name="lineEndings[./help/en/package/jmri/jmrit/dispatcher/Dispatcher.shtml]" classname="jmri.util.FileLineEndingsTest" time="0.001"/>
  <testcase name="lineEndings[./help/en/package/jmri/jmrit/dispatcher/Options.shtml]" classname="jmri.util.FileLineEndingsTest" time="0.001"/>
  <testcase name="lineEndings[./help/en/package/jmri/jmrit/dispatcher/AutoTrains.shtml]" classname="jmri.util.FileLineEndingsTest" time="0.001"/>
  <testcase name="lineEndings[./help/en/package/jmri/jmrit/dispatcher/NewTrain.shtml]" classname="jmri.util.FileLineEndingsTest" time="0.001"/>
  <testcase name="lineEndings[./help/en/package/jmri/jmrit/dispatcher/AllocateExtra.shtml]" classname="jmri.util.FileLineEndingsTest" time="0.001"/>
  <testcase name="lineEndings[./help/en/package/jmri/jmrit/throttle/ThrottleFrame.shtml]" classname="jmri.util.FileLineEndingsTest" time="0.001"/>
  <testcase name="lineEndings[./help/en/package/jmri/jmrit/simpleprog/SimpleProgFrame.shtml]" classname="jmri.util.FileLineEndingsTest" time="0.001"/>
  <testcase name="lineEndings[./help/en/package/jmri/jmrit/dualdecoder/DualDecoderSelectFrame.shtml]" classname="jmri.util.FileLineEndingsTest" time="0"/>
  <testcase name="lineEndings[./help/en/package/jmri/jmrit/catalog/ImageIndex.shtml]" classname="jmri.util.FileLineEndingsTest" time="0.001"/>
  <testcase name="lineEndings[./help/en/package/jmri/jmrit/mailreport/Report.shtml]" classname="jmri.util.FileLineEndingsTest" time="0.001"/>
  <testcase name="lineEndings[./help/en/package/jmri/jmrit/symbolicprog/tabbedframe/PaneOpsProgFrame.shtml]" classname="jmri.util.FileLineEndingsTest" time="0.001"/>
  <testcase name="lineEndings[./help/en/package/jmri/jmrit/symbolicprog/tabbedframe/PaneProgFrame.shtml]" classname="jmri.util.FileLineEndingsTest" time="0"/>
  <testcase name="lineEndings[./help/en/package/jmri/jmrit/DebugMenu.shtml]" classname="jmri.util.FileLineEndingsTest" time="0.001"/>
  <testcase name="lineEndings[./help/en/package/jmri/jmrit/simpleturnoutctrl/SimpleTurnoutCtrl.shtml]" classname="jmri.util.FileLineEndingsTest" time="0.001"/>
  <testcase name="lineEndings[./help/en/package/jmri/jmrit/inControl/inControl.shtml]" classname="jmri.util.FileLineEndingsTest" time="0.001"/>
  <testcase name="lineEndings[./help/en/package/jmri/jmrit/simplelightctrl/SimpleLightCtrl.shtml]" classname="jmri.util.FileLineEndingsTest" time="0"/>
  <testcase name="lineEndings[./help/en/package/jmri/jmrit/simpleclock/SimpleClockFrame.shtml]" classname="jmri.util.FileLineEndingsTest" time="0.001"/>
  <testcase name="lineEndings[./help/en/package/jmri/jmrit/blockboss/BlockBossFrame.shtml]" classname="jmri.util.FileLineEndingsTest" time="0.001"/>
  <testcase name="lineEndings[./help/en/package/jmri/jmrit/blockboss/SimpleSignalExample.shtml]" classname="jmri.util.FileLineEndingsTest" time="0.001"/>
  <testcase name="lineEndings[./help/en/package/jmri/jmrit/webThrottle/webThrottle.shtml]" classname="jmri.util.FileLineEndingsTest" time="0"/>
  <testcase name="lineEndings[./help/en/package/jmri/jmrit/sendpacket/SendPacketFrame.shtml]" classname="jmri.util.FileLineEndingsTest" time="0.001"/>
  <testcase name="lineEndings[./help/en/package/jmri/jmrit/withrottle/Protocol.shtml]" classname="jmri.util.FileLineEndingsTest" time="0.001"/>
  <testcase name="lineEndings[./help/en/package/jmri/jmrit/withrottle/UserInterface.shtml]" classname="jmri.util.FileLineEndingsTest" time="0.001"/>
  <testcase name="lineEndings[./help/en/package/jmri/jmrit/powerpanel/PowerPanelFrame.shtml]" classname="jmri.util.FileLineEndingsTest" time="0"/>
  <testcase name="lineEndings[./help/en/package/jmri/jmrit/messager/MessageFrame.shtml]" classname="jmri.util.FileLineEndingsTest" time="0.001"/>
  <testcase name="lineEndings[./help/en/package/jmri/jmrit/ToolsMenu.shtml]" classname="jmri.util.FileLineEndingsTest" time="0.001"/>
  <testcase name="lineEndings[./help/en/package/jmri/jmrix/acela/acelamon/SerialMonFrame.shtml]" classname="jmri.util.FileLineEndingsTest" time="0"/>
  <testcase name="lineEndings[./help/en/package/jmri/jmrix/acela/packetgen/SerialPacketGenFrame.shtml]" classname="jmri.util.FileLineEndingsTest" time="0.001"/>
  <testcase name="lineEndings[./help/en/package/jmri/jmrix/acela/nodeconfig/NodeConfigFrame.shtml]" classname="jmri.util.FileLineEndingsTest" time="0.001"/>
  <testcase name="lineEndings[./help/en/package/jmri/jmrix/rps/swing/soundset/SoundSetFrame.shtml]" classname="jmri.util.FileLineEndingsTest" time="0.001"/>
  <testcase name="lineEndings[./help/en/package/jmri/jmrix/rps/swing/polling/PollTableFrame.shtml]" classname="jmri.util.FileLineEndingsTest" time="0"/>
  <testcase name="lineEndings[./help/en/package/jmri/jmrix/rps/swing/debugger/DebuggerFrame.shtml]" classname="jmri.util.FileLineEndingsTest" time="0.001"/>
  <testcase name="lineEndings[./help/en/package/jmri/jmrix/rps/aligntable/AlignTableFrame.shtml]" classname="jmri.util.FileLineEndingsTest" time="0.001"/>
  <testcase name="lineEndings[./help/en/package/jmri/jmrix/rps/reversealign/AlignmentPanel.shtml]" classname="jmri.util.FileLineEndingsTest" time="0.001"/>
  <testcase name="lineEndings[./help/en/package/jmri/jmrix/rps/trackingpanel/RpsTrackingFrame.shtml]" classname="jmri.util.FileLineEndingsTest" time="0"/>
  <testcase name="lineEndings[./help/en/package/jmri/jmrix/loconet/duplexgroup/DuplexGroupTabbedPanel.shtml]" classname="jmri.util.FileLineEndingsTest" time="0.001"/>
  <testcase name="lineEndings[./help/en/package/jmri/jmrix/loconet/slotmon/SlotMonFrame.shtml]" classname="jmri.util.FileLineEndingsTest" time="0.001"/>
  <testcase name="lineEndings[./help/en/package/jmri/jmrix/loconet/soundloader/EditorFrame.shtml]" classname="jmri.util.FileLineEndingsTest" time="0.001"/>
  <testcase name="lineEndings[./help/en/package/jmri/jmrix/loconet/soundloader/LoaderFrame.shtml]" classname="jmri.util.FileLineEndingsTest" time="0"/>
  <testcase name="lineEndings[./help/en/package/jmri/jmrix/loconet/pm4/PM4Frame.shtml]" classname="jmri.util.FileLineEndingsTest" time="0.001"/>
  <testcase name="lineEndings[./help/en/package/jmri/jmrix/loconet/locoid/LocoIdFrame.shtml]" classname="jmri.util.FileLineEndingsTest" time="0.001"/>
  <testcase name="lineEndings[./help/en/package/jmri/jmrix/loconet/downloader/LoaderFrame.shtml]" classname="jmri.util.FileLineEndingsTest" time="0.001"/>
  <testcase name="lineEndings[./help/en/package/jmri/jmrix/loconet/swing/throttlemsg/MessageFrame.shtml]" classname="jmri.util.FileLineEndingsTest" time="0"/>
  <testcase name="lineEndings[./help/en/package/jmri/jmrix/loconet/se8/SE8Frame.shtml]" classname="jmri.util.FileLineEndingsTest" time="0"/>
  <testcase name="lineEndings[./help/en/package/jmri/jmrix/loconet/cmdstnconfig/CmdStnConfigFrame.shtml]" classname="jmri.util.FileLineEndingsTest" time="0.001"/>
  <testcase name="lineEndings[./help/en/package/jmri/jmrix/loconet/sdfeditor/TriggerConditions.shtml]" classname="jmri.util.FileLineEndingsTest" time="0.001"/>
  <testcase name="lineEndings[./help/en/package/jmri/jmrix/loconet/sdfeditor/EditorFrame.shtml]" classname="jmri.util.FileLineEndingsTest" time="0"/>
  <testcase name="lineEndings[./help/en/package/jmri/jmrix/loconet/locoio/LocoIOFrame.shtml]" classname="jmri.util.FileLineEndingsTest" time="0.001"/>
  <testcase name="lineEndings[./help/en/package/jmri/jmrix/loconet/locostats/LocoStatsFrame.shtml]" classname="jmri.util.FileLineEndingsTest" time="0.001"/>
  <testcase name="lineEndings[./help/en/package/jmri/jmrix/loconet/pr3/swing/Pr3Select.shtml]" classname="jmri.util.FileLineEndingsTest" time="0.001"/>
  <testcase name="lineEndings[./help/en/package/jmri/jmrix/loconet/ds64/DS64TabbedPanel.shtml]" classname="jmri.util.FileLineEndingsTest" time="0"/>
  <testcase name="lineEndings[./help/en/package/jmri/jmrix/loconet/locogen/LocoGenFrame.shtml]" classname="jmri.util.FileLineEndingsTest" time="0.001"/>
  <testcase name="lineEndings[./help/en/package/jmri/jmrix/loconet/bdl16/BDL16Frame.shtml]" classname="jmri.util.FileLineEndingsTest" time="0.001"/>
  <testcase name="lineEndings[./help/en/package/jmri/jmrix/loconet/clockmon/ClockMonFrame.shtml]" classname="jmri.util.FileLineEndingsTest" time="0.001"/>
  <testcase name="lineEndings[./help/en/package/jmri/jmrix/loconet/locomon/LocoMonFrame.shtml]" classname="jmri.util.FileLineEndingsTest" time="0.001"/>
  <testcase name="lineEndings[./help/en/package/jmri/jmrix/nce/analyzer/NcePacketMonitorFrame.shtml]" classname="jmri.util.FileLineEndingsTest" time="0"/>
  <testcase name="lineEndings[./help/en/package/jmri/jmrix/nce/macro/NceMacroEditFrame.shtml]" classname="jmri.util.FileLineEndingsTest" time="0.001"/>
  <testcase name="lineEndings[./help/en/package/jmri/jmrix/nce/cab/NceShowCabFrame.shtml]" classname="jmri.util.FileLineEndingsTest" time="0.001"/>
  <testcase name="lineEndings[./help/en/package/jmri/jmrix/nce/clockmon/ClockMonFrame.shtml]" classname="jmri.util.FileLineEndingsTest" time="0.001"/>
  <testcase name="lineEndings[./help/en/package/jmri/jmrix/nce/packetgen/NcePacketGenFrame.shtml]" classname="jmri.util.FileLineEndingsTest" time="0"/>
  <testcase name="lineEndings[./help/en/package/jmri/jmrix/nce/boosterprog/BoosterProgPanel.shtml]" classname="jmri.util.FileLineEndingsTest" time="0.001"/>
  <testcase name="lineEndings[./help/en/package/jmri/jmrix/nce/consist/NceConsistEditFrame.shtml]" classname="jmri.util.FileLineEndingsTest" time="0.001"/>
  <testcase name="lineEndings[./help/en/package/jmri/jmrix/nce/usbinterface/UsbInterfacePanel.shtml]" classname="jmri.util.FileLineEndingsTest" time="0.001"/>
  <testcase name="lineEndings[./help/en/package/jmri/jmrix/secsi/nodeconfig/NodeConfigFrame.shtml]" classname="jmri.util.FileLineEndingsTest" time="0.001"/>
  <testcase name="lineEndings[./help/en/package/jmri/jmrix/secsi/serialmon/SerialMonFrame.shtml]" classname="jmri.util.FileLineEndingsTest" time="0"/>
  <testcase name="lineEndings[./help/en/package/jmri/jmrix/secsi/packetgen/SerialPacketGenFrame.shtml]" classname="jmri.util.FileLineEndingsTest" time="0.001"/>
  <testcase name="lineEndings[./help/en/package/jmri/jmrix/grapevine/serialmon/SerialMonFrame.shtml]" classname="jmri.util.FileLineEndingsTest" time="0.001"/>
  <testcase name="lineEndings[./help/en/package/jmri/jmrix/grapevine/packetgen/SerialPacketGenFrame.shtml]" classname="jmri.util.FileLineEndingsTest" time="0.001"/>
  <testcase name="lineEndings[./help/en/package/jmri/jmrix/grapevine/nodeconfig/NodeConfigFrame.shtml]" classname="jmri.util.FileLineEndingsTest" time="0"/>
  <testcase name="lineEndings[./help/en/package/jmri/jmrix/grapevine/nodetable/NodeTableFrame.shtml]" classname="jmri.util.FileLineEndingsTest" time="0.001"/>
  <testcase name="lineEndings[./help/en/package/jmri/jmrix/grapevine/nodetable/RenumberFrame.shtml]" classname="jmri.util.FileLineEndingsTest" time="0.001"/>
  <testcase name="lineEndings[./help/en/package/jmri/jmrix/bachrus/SpeedoConsoleFrame.shtml]" classname="jmri.util.FileLineEndingsTest" time="0.001"/>
  <testcase name="lineEndings[./help/en/package/jmri/jmrix/sprog/update/SprogIIUpdateFrame.shtml]" classname="jmri.util.FileLineEndingsTest" time="0"/>
  <testcase name="lineEndings[./help/en/package/jmri/jmrix/sprog/update/SprogVersionFrame.shtml]" classname="jmri.util.FileLineEndingsTest" time="0.001"/>
  <testcase name="lineEndings[./help/en/package/jmri/jmrix/sprog/update/Sprogv4UpdateFrame.shtml]" classname="jmri.util.FileLineEndingsTest" time="0.001"/>
  <testcase name="lineEndings[./help/en/package/jmri/jmrix/sprog/sprogmon/SprogMonFrame.shtml]" classname="jmri.util.FileLineEndingsTest" time="0"/>
  <testcase name="lineEndings[./help/en/package/jmri/jmrix/sprog/packetgen/SprogPacketGenFrame.shtml]" classname="jmri.util.FileLineEndingsTest" time="0.001"/>
  <testcase name="lineEndings[./help/en/package/jmri/jmrix/sprog/console/SprogConsoleFrame.shtml]" classname="jmri.util.FileLineEndingsTest" time="0.001"/>
  <testcase name="lineEndings[./help/en/package/jmri/jmrix/sprog/sprogslotmon/SprogSlotMonFrame.shtml]" classname="jmri.util.FileLineEndingsTest" time="0.001"/>
  <testcase name="lineEndings[./help/en/package/jmri/jmrix/openlcb/swing/networktree/NetworkTreePane.shtml]" classname="jmri.util.FileLineEndingsTest" time="0"/>
  <testcase name="lineEndings[./help/en/package/jmri/jmrix/openlcb/swing/downloader/OpenLCBlibrary.html]" classname="jmri.util.FileLineEndingsTest" time="0.001"/>
  <testcase name="lineEndings[./help/en/package/jmri/jmrix/openlcb/swing/downloader/LoaderFrame.shtml]" classname="jmri.util.FileLineEndingsTest" time="0.001"/>
  <testcase name="lineEndings[./help/en/package/jmri/jmrix/openlcb/swing/send/OpenLcbCanSendFrame.shtml]" classname="jmri.util.FileLineEndingsTest" time="0.001"/>
  <testcase name="lineEndings[./help/en/package/jmri/jmrix/openlcb/swing/tie/TieToolFrame.shtml]" classname="jmri.util.FileLineEndingsTest" time="0"/>
  <testcase name="lineEndings[./help/en/package/jmri/jmrix/maple/nodeconfig/NodeConfigFrame.shtml]" classname="jmri.util.FileLineEndingsTest" time="0.001"/>
  <testcase name="lineEndings[./help/en/package/jmri/jmrix/maple/assignment/ListFrame.shtml]" classname="jmri.util.FileLineEndingsTest" time="0.001"/>
  <testcase name="lineEndings[./help/en/package/jmri/jmrix/maple/serialmon/SerialMonFrame.shtml]" classname="jmri.util.FileLineEndingsTest" time="0.001"/>
  <testcase name="lineEndings[./help/en/package/jmri/jmrix/can/swing/send/CanSendFrame.shtml]" classname="jmri.util.FileLineEndingsTest" time="0"/>
  <testcase name="lineEndings[./help/en/package/jmri/jmrix/can/cbus/swing/eventtable/EventTablePane.shtml]" classname="jmri.util.FileLineEndingsTest" time="0.001"/>
  <testcase name="lineEndings[./help/en/package/jmri/jmrix/can/cbus/swing/console/CbusConsoleFrame.shtml]" classname="jmri.util.FileLineEndingsTest" time="0.001"/>
  <testcase name="lineEndings[./help/en/package/jmri/jmrix/can/cbus/swing/configtool/ConfigToolFrame.shtml]" classname="jmri.util.FileLineEndingsTest" time="0.001"/>
  <testcase name="lineEndings[./help/en/package/jmri/jmrix/can/cbus/swing/nodeconfig/NodeConfigToolPane.shtml]" classname="jmri.util.FileLineEndingsTest" time="0"/>
  <testcase name="lineEndings[./help/en/package/jmri/jmrix/lenz/stackmon/StackMonFrame.shtml]" classname="jmri.util.FileLineEndingsTest" time="0.001"/>
  <testcase name="lineEndings[./help/en/package/jmri/jmrix/lenz/systeminfo/SystemInfoFrame.shtml]" classname="jmri.util.FileLineEndingsTest" time="0.001"/>
  <testcase name="lineEndings[./help/en/package/jmri/jmrix/powerline/packetgen/SerialPacketGenFrame.shtml]" classname="jmri.util.FileLineEndingsTest" time="0.001"/>
  <testcase name="lineEndings[./help/en/package/jmri/jmrix/powerline/nodeconfig/NodeConfigFrame.shtml]" classname="jmri.util.FileLineEndingsTest" time="0"/>
  <testcase name="lineEndings[./help/en/package/jmri/jmrix/powerline/serialmon/SerialMonFrame.shtml]" classname="jmri.util.FileLineEndingsTest" time="0.001"/>
  <testcase name="lineEndings[./help/en/package/jmri/jmrix/ecos/swing/locodatabase/EcosLocoTable.shtml]" classname="jmri.util.FileLineEndingsTest" time="0.001"/>
  <testcase name="lineEndings[./help/en/package/jmri/jmrix/ecos/swing/statusframe/StatusFrame.shtml]" classname="jmri.util.FileLineEndingsTest" time="0.001"/>
  <testcase name="lineEndings[./help/en/package/jmri/jmrix/ecos/swing/preferencesframe/PreferencesFrame.shtml]" classname="jmri.util.FileLineEndingsTest" time="0"/>
  <testcase name="lineEndings[./help/en/package/jmri/jmrix/ecos/swing/packetgen/PacketGenFrame.shtml]" classname="jmri.util.FileLineEndingsTest" time="0.001"/>
  <testcase name="lineEndings[./help/en/package/jmri/jmrix/jinput/treemodel/TreeFrame.shtml]" classname="jmri.util.FileLineEndingsTest" time="0.001"/>
  <testcase name="lineEndings[./help/en/package/jmri/jmrix/tams/swing/packetgen/PacketGenFrame.shtml]" classname="jmri.util.FileLineEndingsTest" time="0"/>
  <testcase name="lineEndings[./help/en/package/jmri/jmrix/cmri/serial/diagnostic/DiagnosticFrame.shtml]" classname="jmri.util.FileLineEndingsTest" time="0.001"/>
  <testcase name="lineEndings[./help/en/package/jmri/jmrix/cmri/serial/assignment/ListFrame.shtml]" classname="jmri.util.FileLineEndingsTest" time="0.001"/>
  <testcase name="lineEndings[./help/en/package/jmri/jmrix/cmri/serial/nodeconfig/NodeConfigFrame.shtml]" classname="jmri.util.FileLineEndingsTest" time="0.001"/>
  <testcase name="lineEndings[./help/en/package/jmri/jmrix/cmri/serial/serialmon/SerialMonFrame.shtml]" classname="jmri.util.FileLineEndingsTest" time="0"/>
  <testcase name="lineEndings[./help/en/package/jmri/jmrix/AbstractMonFrame.shtml]" classname="jmri.util.FileLineEndingsTest" time="0.001"/>
  <testcase name="lineEndings[./help/en/package/jmri/jmrix/mrc/swing/packetgen/MrcPacketGenPanel.shtml]" classname="jmri.util.FileLineEndingsTest" time="0.001"/>
  <testcase name="lineEndings[./help/en/package/jmri/jmrix/mrc/swing/monitor/MrcMonPanel.shtml]" classname="jmri.util.FileLineEndingsTest" time="0.001"/>
  <testcase name="lineEndings[./help/en/package/jmri/configurexml/ErrorHandler.shtml]" classname="jmri.util.FileLineEndingsTest" time="0"/>
  <testcase name="lineEndings[./help/en/package/apps/AppConfigPanelErrorPage.shtml]" classname="jmri.util.FileLineEndingsTest" time="0.001"/>
  <testcase name="lineEndings[./help/en/package/apps/InstallTest/InstallTest.shtml]" classname="jmri.util.FileLineEndingsTest" time="0.001"/>
  <testcase name="lineEndings[./help/en/package/apps/Apps.shtml]" classname="jmri.util.FileLineEndingsTest" time="0"/>
  <testcase name="lineEndings[./help/en/package/apps/SystemConsole.shtml]" classname="jmri.util.FileLineEndingsTest" time="0"/>
  <testcase name="lineEndings[./help/en/package/apps/TabbedPreferences.shtml]" classname="jmri.util.FileLineEndingsTest" time="0.001"/>
  <testcase name="lineEndings[./help/en/package/apps/gui3/dp3/DecoderPro3.shtml]" classname="jmri.util.FileLineEndingsTest" time="0.001"/>
  <testcase name="lineEndings[./help/en/package/apps/AppConfigPanel.shtml]" classname="jmri.util.FileLineEndingsTest" time="0.001"/>
  <testcase name="lineEndings[./help/en/package/apps/SoundPro/SoundPro.shtml]" classname="jmri.util.FileLineEndingsTest" time="0"/>
  <testcase name="lineEndings[./help/en/package/apps/PanelPro/PanelPro.shtml]" classname="jmri.util.FileLineEndingsTest" time="0.001"/>
  <testcase name="lineEndings[./help/en/package/apps/DecoderPro/DecoderPro.shtml]" classname="jmri.util.FileLineEndingsTest" time="0.001"/>
  <testcase name="lineEndings[./help/en/TemplatePlain.shtml]" classname="jmri.util.FileLineEndingsTest" time="0"/>
  <testcase name="lineEndings[./help/en/index.shtml]" classname="jmri.util.FileLineEndingsTest" time="0.001"/>
  <testcase name="lineEndings[./help/en/glossary/index.shtml]" classname="jmri.util.FileLineEndingsTest" time="0.001"/>
  <testcase name="lineEndings[./help/en/webindex.shtml]" classname="jmri.util.FileLineEndingsTest" time="0.001"/>
  <testcase name="lineEndings[./help/en/webtoc.shtml]" classname="jmri.util.FileLineEndingsTest" time="0.001"/>
  <testcase name="lineEndings[./help/en/Acknowledgements.shtml]" classname="jmri.util.FileLineEndingsTest" time="0"/>
  <testcase name="lineEndings[./help/en/TemplateBar.shtml]" classname="jmri.util.FileLineEndingsTest" time="0.001"/>
  <testcase name="lineEndings[./help/fr/package/jmri/jmrix/loconet/locoid/LocoIdFrame.shtml]" classname="jmri.util.FileLineEndingsTest" time="0.001"/>
  <testcase name="lineEndings[./help/fr/package/jmri/jmrix/loconet/duplexgroup/DuplexGroupTabbedPanel.shtml]" classname="jmri.util.FileLineEndingsTest" time="0.001"/>
  <testcase name="lineEndings[./help/fr/package/jmri/jmrix/loconet/slotmon/SlotMonFrame.shtml]" classname="jmri.util.FileLineEndingsTest" time="0.001"/>
  <testcase name="lineEndings[./help/fr/package/jmri/jmrix/loconet/downloader/LoaderFrame.shtml]" classname="jmri.util.FileLineEndingsTest" time="0"/>
  <testcase name="lineEndings[./help/fr/package/jmri/jmrix/loconet/soundloader/LoaderFrame.shtml]" classname="jmri.util.FileLineEndingsTest" time="0.001"/>
  <testcase name="lineEndings[./help/fr/package/jmri/jmrix/loconet/soundloader/EditorFrame.shtml]" classname="jmri.util.FileLineEndingsTest" time="0.001"/>
  <testcase name="lineEndings[./help/fr/package/jmri/jmrix/loconet/bdl16/BDL16Frame.shtml]" classname="jmri.util.FileLineEndingsTest" time="0.001"/>
  <testcase name="lineEndings[./help/fr/package/jmri/jmrix/loconet/sdfeditor/EditorFrame.shtml]" classname="jmri.util.FileLineEndingsTest" time="0"/>
  <testcase name="lineEndings[./help/fr/package/jmri/jmrix/loconet/sdfeditor/TriggerConditions.shtml]" classname="jmri.util.FileLineEndingsTest" time="0"/>
  <testcase name="lineEndings[./help/fr/package/jmri/jmrix/loconet/pm4/PM4Frame.shtml]" classname="jmri.util.FileLineEndingsTest" time="0.001"/>
  <testcase name="lineEndings[./help/fr/package/jmri/jmrix/loconet/clockmon/ClockMonFrame.shtml]" classname="jmri.util.FileLineEndingsTest" time="0.001"/>
  <testcase name="lineEndings[./help/fr/package/jmri/jmrix/loconet/cmdstnconfig/CmdStnConfigFrame.shtml]" classname="jmri.util.FileLineEndingsTest" time="0.001"/>
  <testcase name="lineEndings[./help/fr/package/jmri/jmrix/loconet/pr3/swing/Pr3Select.shtml]" classname="jmri.util.FileLineEndingsTest" time="0"/>
  <testcase name="lineEndings[./help/fr/package/jmri/jmrix/loconet/swing/throttlemsg/MessageFrame.shtml]" classname="jmri.util.FileLineEndingsTest" time="0.001"/>
  <testcase name="lineEndings[./help/fr/package/jmri/jmrix/loconet/locoio/LocoIOFrame.shtml]" classname="jmri.util.FileLineEndingsTest" time="0.001"/>
  <testcase name="lineEndings[./help/fr/package/jmri/jmrix/loconet/locomon/LocoMonFrame.shtml]" classname="jmri.util.FileLineEndingsTest" time="0"/>
  <testcase name="lineEndings[./help/fr/package/jmri/jmrix/loconet/se8/SE8Frame.shtml]" classname="jmri.util.FileLineEndingsTest" time="0.001"/>
  <testcase name="lineEndings[./help/fr/package/jmri/jmrix/loconet/locogen/LocoGenFrame.shtml]" classname="jmri.util.FileLineEndingsTest" time="0.001"/>
  <testcase name="lineEndings[./help/fr/package/jmri/jmrix/loconet/locostats/LocoStatsFrame.shtml]" classname="jmri.util.FileLineEndingsTest" time="0.001"/>
  <testcase name="lineEndings[./help/fr/package/jmri/jmrix/loconet/ds64/DS64Frame.shtml]" classname="jmri.util.FileLineEndingsTest" time="0.001"/>
  <testcase name="lineEndings[./help/fr/package/jmri/jmrix/acela/serialmon/SerialMonFrame.shtml]" classname="jmri.util.FileLineEndingsTest" time="0"/>
  <testcase name="lineEndings[./help/fr/package/jmri/jmrix/acela/nodeconfig/NodeConfigFrame.shtml]" classname="jmri.util.FileLineEndingsTest" time="0.001"/>
  <testcase name="lineEndings[./help/fr/package/jmri/jmrix/acela/packetgen/SerialPacketGenFrame.shtml]" classname="jmri.util.FileLineEndingsTest" time="0.001"/>
  <testcase name="lineEndings[./help/fr/package/jmri/jmrix/secsi/nodeconfig/NodeConfigFrame.shtml]" classname="jmri.util.FileLineEndingsTest" time="0.001"/>
  <testcase name="lineEndings[./help/fr/package/jmri/jmrix/secsi/serialmon/SerialMonFrame.shtml]" classname="jmri.util.FileLineEndingsTest" time="0.001"/>
  <testcase name="lineEndings[./help/fr/package/jmri/jmrix/secsi/packetgen/SerialPacketGenFrame.shtml]" classname="jmri.util.FileLineEndingsTest" time="0.001"/>
  <testcase name="lineEndings[./help/fr/package/jmri/jmrix/ecos/swing/preferencesframe/PreferencesFrame.shtml]" classname="jmri.util.FileLineEndingsTest" time="0.001"/>
  <testcase name="lineEndings[./help/fr/package/jmri/jmrix/ecos/swing/packetgen/PacketGenFrame.shtml]" classname="jmri.util.FileLineEndingsTest" time="0.001"/>
  <testcase name="lineEndings[./help/fr/package/jmri/jmrix/ecos/swing/statusframe/StatusFrame.shtml]" classname="jmri.util.FileLineEndingsTest" time="0.001"/>
  <testcase name="lineEndings[./help/fr/package/jmri/jmrix/nce/packetgen/NcePacketGenFrame.shtml]" classname="jmri.util.FileLineEndingsTest" time="0.001"/>
  <testcase name="lineEndings[./help/fr/package/jmri/jmrix/nce/clockmon/ClockMonFrame.shtml]" classname="jmri.util.FileLineEndingsTest" time="0.001"/>
  <testcase name="lineEndings[./help/fr/package/jmri/jmrix/nce/macro/NceMacroEditFrame.shtml]" classname="jmri.util.FileLineEndingsTest" time="0"/>
  <testcase name="lineEndings[./help/fr/package/jmri/jmrix/nce/cab/NceShowCabFrame.shtml]" classname="jmri.util.FileLineEndingsTest" time="0.001"/>
  <testcase name="lineEndings[./help/fr/package/jmri/jmrix/nce/analyzer/NcePacketMonitorFrame.shtml]" classname="jmri.util.FileLineEndingsTest" time="0.001"/>
  <testcase name="lineEndings[./help/fr/package/jmri/jmrix/nce/consist/NceConsistEditFrame.shtml]" classname="jmri.util.FileLineEndingsTest" time="0.001"/>
  <testcase name="lineEndings[./help/fr/package/jmri/jmrix/nce/boosterprog/BoosterProgPanel.shtml]" classname="jmri.util.FileLineEndingsTest" time="0.002"/>
  <testcase name="lineEndings[./help/fr/package/jmri/jmrix/maple/assignment/ListFrame.shtml]" classname="jmri.util.FileLineEndingsTest" time="0"/>
  <testcase name="lineEndings[./help/fr/package/jmri/jmrix/maple/serialmon/SerialMonFrame.shtml]" classname="jmri.util.FileLineEndingsTest" time="0.001"/>
  <testcase name="lineEndings[./help/fr/package/jmri/jmrix/maple/nodeconfig/NodeConfigFrame.shtml]" classname="jmri.util.FileLineEndingsTest" time="0.001"/>
  <testcase name="lineEndings[./help/fr/package/jmri/jmrix/AbstractMonFrame.shtml]" classname="jmri.util.FileLineEndingsTest" time="0.001"/>
  <testcase name="lineEndings[./help/fr/package/jmri/jmrix/bachrus/SpeedoConsoleFrame.shtml]" classname="jmri.util.FileLineEndingsTest" time="0.001"/>
  <testcase name="lineEndings[./help/fr/package/jmri/jmrix/jinput/treemodel/TreeFrame.shtml]" classname="jmri.util.FileLineEndingsTest" time="0.001"/>
  <testcase name="lineEndings[./help/fr/package/jmri/jmrix/sprog/console/SprogConsoleFrame.shtml]" classname="jmri.util.FileLineEndingsTest" time="0.001"/>
  <testcase name="lineEndings[./help/fr/package/jmri/jmrix/sprog/update/SprogIIUpdateFrame.shtml]" classname="jmri.util.FileLineEndingsTest" time="0.001"/>
  <testcase name="lineEndings[./help/fr/package/jmri/jmrix/sprog/update/Sprogv4UpdateFrame.shtml]" classname="jmri.util.FileLineEndingsTest" time="0"/>
  <testcase name="lineEndings[./help/fr/package/jmri/jmrix/sprog/packetgen/SprogPacketGenFrame.shtml]" classname="jmri.util.FileLineEndingsTest" time="0.001"/>
  <testcase name="lineEndings[./help/fr/package/jmri/jmrix/sprog/sprogslotmon/SprogSlotMonFrame.shtml]" classname="jmri.util.FileLineEndingsTest" time="0.001"/>
  <testcase name="lineEndings[./help/fr/package/jmri/jmrix/grapevine/nodetable/NodeTableFrame.shtml]" classname="jmri.util.FileLineEndingsTest" time="0.001"/>
  <testcase name="lineEndings[./help/fr/package/jmri/jmrix/grapevine/nodetable/RenumberFrame.shtml]" classname="jmri.util.FileLineEndingsTest" time="0"/>
  <testcase name="lineEndings[./help/fr/package/jmri/jmrix/grapevine/nodeconfig/NodeConfigFrame.shtml]" classname="jmri.util.FileLineEndingsTest" time="0.001"/>
  <testcase name="lineEndings[./help/fr/package/jmri/jmrix/grapevine/serialmon/SerialMonFrame.shtml]" classname="jmri.util.FileLineEndingsTest" time="0.001"/>
  <testcase name="lineEndings[./help/fr/package/jmri/jmrix/grapevine/packetgen/SerialPacketGenFrame.shtml]" classname="jmri.util.FileLineEndingsTest" time="0.001"/>
  <testcase name="lineEndings[./help/fr/package/jmri/jmrix/cmri/serial/assignment/ListFrame.shtml]" classname="jmri.util.FileLineEndingsTest" time="0"/>
  <testcase name="lineEndings[./help/fr/package/jmri/jmrix/cmri/serial/nodeconfig/NodeConfigFrame.shtml]" classname="jmri.util.FileLineEndingsTest" time="0"/>
  <testcase name="lineEndings[./help/fr/package/jmri/jmrix/cmri/serial/diagnostic/DiagnosticFrame.shtml]" classname="jmri.util.FileLineEndingsTest" time="0.001"/>
  <testcase name="lineEndings[./help/fr/package/jmri/jmrix/cmri/serial/serialmon/SerialMonFrame.shtml]" classname="jmri.util.FileLineEndingsTest" time="0.001"/>
  <testcase name="lineEndings[./help/fr/package/jmri/jmrix/lenz/systeminfo/SystemInfoFrame.shtml]" classname="jmri.util.FileLineEndingsTest" time="0.001"/>
  <testcase name="lineEndings[./help/fr/package/jmri/jmrix/lenz/stackmon/StackMonFrame.shtml]" classname="jmri.util.FileLineEndingsTest" time="0"/>
  <testcase name="lineEndings[./help/fr/package/jmri/jmrix/rps/swing/polling/PollTableFrame.shtml]" classname="jmri.util.FileLineEndingsTest" time="0.001"/>
  <testcase name="lineEndings[./help/fr/package/jmri/jmrix/rps/swing/debugger/DebuggerFrame.shtml]" classname="jmri.util.FileLineEndingsTest" time="0.001"/>
  <testcase name="lineEndings[./help/fr/package/jmri/jmrix/rps/swing/soundset/SoundSetFrame.shtml]" classname="jmri.util.FileLineEndingsTest" time="0.001"/>
  <testcase name="lineEndings[./help/fr/package/jmri/jmrix/rps/trackingpanel/RpsTrackingFrame.shtml]" classname="jmri.util.FileLineEndingsTest" time="0.001"/>
  <testcase name="lineEndings[./help/fr/package/jmri/jmrix/rps/reversealign/AlignmentPanel.shtml]" classname="jmri.util.FileLineEndingsTest" time="0"/>
  <testcase name="lineEndings[./help/fr/package/jmri/jmrix/rps/aligntable/AlignTableFrame.shtml]" classname="jmri.util.FileLineEndingsTest" time="0.001"/>
  <testcase name="lineEndings[./help/fr/package/jmri/jmrix/powerline/serialmon/SerialMonFrame.shtml]" classname="jmri.util.FileLineEndingsTest" time="0.001"/>
  <testcase name="lineEndings[./help/fr/package/jmri/jmrix/powerline/nodeconfig/NodeConfigFrame.shtml]" classname="jmri.util.FileLineEndingsTest" time="0.001"/>
  <testcase name="lineEndings[./help/fr/package/jmri/jmrix/powerline/packetgen/SerialPacketGenFrame.shtml]" classname="jmri.util.FileLineEndingsTest" time="0.001"/>
  <testcase name="lineEndings[./help/fr/package/jmri/jmrix/openlcb/swing/networktree/NetworkTreePane.shtml]" classname="jmri.util.FileLineEndingsTest" time="0"/>
  <testcase name="lineEndings[./help/fr/package/jmri/jmrix/openlcb/swing/send/OpenLcbCanSendFrame.shtml]" classname="jmri.util.FileLineEndingsTest" time="0.001"/>
  <testcase name="lineEndings[./help/fr/package/jmri/jmrix/can/swing/send/CanSendFrame.shtml]" classname="jmri.util.FileLineEndingsTest" time="0.001"/>
  <testcase name="lineEndings[./help/fr/package/jmri/jmrix/can/cbus/swing/configtool/ConfigToolFrame.shtml]" classname="jmri.util.FileLineEndingsTest" time="0.001"/>
  <testcase name="lineEndings[./help/fr/package/jmri/jmrix/can/cbus/swing/console/CbusConsoleFrame.shtml]" classname="jmri.util.FileLineEndingsTest" time="0.001"/>
  <testcase name="lineEndings[./help/fr/package/jmri/jmrix/tams/swing/packetgen/PacketGenFrame.shtml]" classname="jmri.util.FileLineEndingsTest" time="0"/>
  <testcase name="lineEndings[./help/fr/package/jmri/jmrit/display/EditTrackSegment.shtml]" classname="jmri.util.FileLineEndingsTest" time="0.001"/>
  <testcase name="lineEndings[./help/fr/package/jmri/jmrit/display/EditLayoutTurnout.shtml]" classname="jmri.util.FileLineEndingsTest" time="0.001"/>
  <testcase name="lineEndings[./help/fr/package/jmri/jmrit/display/TranslateSelection.shtml]" classname="jmri.util.FileLineEndingsTest" time="0.001"/>
  <testcase name="lineEndings[./help/fr/package/jmri/jmrit/display/PanelTarget.shtml]" classname="jmri.util.FileLineEndingsTest" time="0"/>
  <testcase name="lineEndings[./help/fr/package/jmri/jmrit/display/MultiSensorIconDefaultsFrame.shtml]" classname="jmri.util.FileLineEndingsTest" time="0.001"/>
  <testcase name="lineEndings[./help/fr/package/jmri/jmrit/display/ScaleTrackDiagram.shtml]" classname="jmri.util.FileLineEndingsTest" time="0.001"/>
  <testcase name="lineEndings[./help/fr/package/jmri/jmrit/display/SetSignalsAtTurnout.shtml]" classname="jmri.util.FileLineEndingsTest" time="0.001"/>
  <testcase name="lineEndings[./help/fr/package/jmri/jmrit/display/ItemPalette.shtml]" classname="jmri.util.FileLineEndingsTest" time="0"/>
  <testcase name="lineEndings[./help/fr/package/jmri/jmrit/display/ControlPanelEditor.shtml]" classname="jmri.util.FileLineEndingsTest" time="0.002"/>
  <testcase name="lineEndings[./help/fr/package/jmri/jmrit/display/MultiSensorIconFrame.shtml]" classname="jmri.util.FileLineEndingsTest" time="0.001"/>
  <testcase name="lineEndings[./help/fr/package/jmri/jmrit/display/RpsIcon.shtml]" classname="jmri.util.FileLineEndingsTest" time="0.001"/>
  <testcase name="lineEndings[./help/fr/package/jmri/jmrit/display/SetSignalsAtBoundary.shtml]" classname="jmri.util.FileLineEndingsTest" time="0"/>
  <testcase name="lineEndings[./help/fr/package/jmri/jmrit/display/IconAdder.shtml]" classname="jmri.util.FileLineEndingsTest" time="0.001"/>
  <testcase name="lineEndings[./help/fr/package/jmri/jmrit/display/SlipTurnoutIcon.shtml]" classname="jmri.util.FileLineEndingsTest" time="0.001"/>
  <testcase name="lineEndings[./help/fr/package/jmri/jmrit/display/CircuitBuilder.shtml]" classname="jmri.util.FileLineEndingsTest" time="0.001"/>
  <testcase name="lineEndings[./help/fr/package/jmri/jmrit/display/PanelEditor.shtml]" classname="jmri.util.FileLineEndingsTest" time="0.001"/>
  <testcase name="lineEndings[./help/fr/package/jmri/jmrit/display/SetSignalsAtSlip.shtml]" classname="jmri.util.FileLineEndingsTest" time="0"/>
  <testcase name="lineEndings[./help/fr/package/jmri/jmrit/display/LayoutEditor.shtml]" classname="jmri.util.FileLineEndingsTest" time="0.001"/>
  <testcase name="lineEndings[./help/fr/package/jmri/jmrit/display/SetSignalsAtTToTTurnout.shtml]" classname="jmri.util.FileLineEndingsTest" time="0.001"/>
  <testcase name="lineEndings[./help/fr/package/jmri/jmrit/display/SetSignalsAt3WayTurnout.shtml]" classname="jmri.util.FileLineEndingsTest" time="0.001"/>
  <testcase name="lineEndings[./help/fr/package/jmri/jmrit/display/MultiSensorIconAdder.shtml]" classname="jmri.util.FileLineEndingsTest" time="0.001"/>
  <testcase name="lineEndings[./help/fr/package/jmri/jmrit/display/EnterTrackWidth.shtml]" classname="jmri.util.FileLineEndingsTest" time="0.001"/>
  <testcase name="lineEndings[./help/fr/package/jmri/jmrit/display/CoordinateEdit.shtml]" classname="jmri.util.FileLineEndingsTest" time="0"/>
  <testcase name="lineEndings[./help/fr/package/jmri/jmrit/display/SetSignalsAtLevelXing.shtml]" classname="jmri.util.FileLineEndingsTest" time="0.001"/>
  <testcase name="lineEndings[./help/fr/package/jmri/jmrit/display/SetSignalsAtXoverTurnout.shtml]" classname="jmri.util.FileLineEndingsTest" time="0.001"/>
  <testcase name="lineEndings[./help/fr/package/jmri/jmrit/display/EditLayoutSlip.shtml]" classname="jmri.util.FileLineEndingsTest" time="0.001"/>
  <testcase name="lineEndings[./help/fr/package/jmri/jmrit/display/EditLevelXing.shtml]" classname="jmri.util.FileLineEndingsTest" time="0"/>
  <testcase name="lineEndings[./help/fr/package/jmri/jmrit/display/PanelMenuHelp.shtml]" classname="jmri.util.FileLineEndingsTest" time="0.001"/>
  <testcase name="lineEndings[./help/fr/package/jmri/jmrit/display/EditTurntable.shtml]" classname="jmri.util.FileLineEndingsTest" time="0.001"/>
  <testcase name="lineEndings[./help/fr/package/jmri/jmrit/display/EditLayoutBlock.shtml]" classname="jmri.util.FileLineEndingsTest" time="0.001"/>
  <testcase name="lineEndings[./help/fr/package/jmri/jmrit/beantable/SignalGroupTable.shtml]" classname="jmri.util.FileLineEndingsTest" time="0"/>
  <testcase name="lineEndings[./help/fr/package/jmri/jmrit/beantable/ViewSpecialActions.shtml]" classname="jmri.util.FileLineEndingsTest" time="0.001"/>
  <testcase name="lineEndings[./help/fr/package/jmri/jmrit/beantable/LRouteAddEdit.shtml]" classname="jmri.util.FileLineEndingsTest" time="0.001"/>
  <testcase name="lineEndings[./help/fr/package/jmri/jmrit/beantable/LightAddEdit.shtml]" classname="jmri.util.FileLineEndingsTest" time="0.001"/>
  <testcase name="lineEndings[./help/fr/package/jmri/jmrit/beantable/SignalHeadTable.shtml]" classname="jmri.util.FileLineEndingsTest" time="0"/>
  <testcase name="lineEndings[./help/fr/package/jmri/jmrit/beantable/SignalMastTable.shtml]" classname="jmri.util.FileLineEndingsTest" time="0.001"/>
  <testcase name="lineEndings[./help/fr/package/jmri/jmrit/beantable/SignalMastRepeater.shtml]" classname="jmri.util.FileLineEndingsTest" time="0.001"/>
  <testcase name="lineEndings[./help/fr/package/jmri/jmrit/beantable/SignalAddEdit.shtml]" classname="jmri.util.FileLineEndingsTest" time="0.001"/>
  <testcase name="lineEndings[./help/fr/package/jmri/jmrit/beantable/AddEditSignalingLogic.shtml]" classname="jmri.util.FileLineEndingsTest" time="0"/>
  <testcase name="lineEndings[./help/fr/package/jmri/jmrit/beantable/SensorAddEdit.shtml]" classname="jmri.util.FileLineEndingsTest" time="0.001"/>
  <testcase name="lineEndings[./help/fr/package/jmri/jmrit/beantable/SectionAddEdit.shtml]" classname="jmri.util.FileLineEndingsTest" time="0.001"/>
  <testcase name="lineEndings[./help/fr/package/jmri/jmrit/beantable/LogixAddEdit.shtml]" classname="jmri.util.FileLineEndingsTest" time="0.001"/>
  <testcase name="lineEndings[./help/fr/package/jmri/jmrit/beantable/IdTagTable.shtml]" classname="jmri.util.FileLineEndingsTest" time="0"/>
  <testcase name="lineEndings[./help/fr/package/jmri/jmrit/beantable/AddEditAction.shtml]" classname="jmri.util.FileLineEndingsTest" time="0.001"/>
  <testcase name="lineEndings[./help/fr/package/jmri/jmrit/beantable/UserMessagePreferences.shtml]" classname="jmri.util.FileLineEndingsTest" time="0.001"/>
  <testcase name="lineEndings[./help/fr/package/jmri/jmrit/beantable/RouteTable.shtml]" classname="jmri.util.FileLineEndingsTest" time="0.001"/>
  <testcase name="lineEndings[./help/fr/package/jmri/jmrit/beantable/SignalGroupAddEdit.shtml]" classname="jmri.util.FileLineEndingsTest" time="0"/>
  <testcase name="lineEndings[./help/fr/package/jmri/jmrit/beantable/LRouteTable.shtml]" classname="jmri.util.FileLineEndingsTest" time="0.001"/>
  <testcase name="lineEndings[./help/fr/package/jmri/jmrit/beantable/IdTagAddEdit.shtml]" classname="jmri.util.FileLineEndingsTest" time="0.001"/>
  <testcase name="lineEndings[./help/fr/package/jmri/jmrit/beantable/MemoryTable.shtml]" classname="jmri.util.FileLineEndingsTest" time="0"/>
  <testcase name="lineEndings[./help/fr/package/jmri/jmrit/beantable/BlockTable.shtml]" classname="jmri.util.FileLineEndingsTest" time="0"/>
  <testcase name="lineEndings[./help/fr/package/jmri/jmrit/beantable/AudioTable.shtml]" classname="jmri.util.FileLineEndingsTest" time="0.001"/>
  <testcase name="lineEndings[./help/fr/package/jmri/jmrit/beantable/SignalMastLogicTable.shtml]" classname="jmri.util.FileLineEndingsTest" time="0.001"/>
  <testcase name="lineEndings[./help/fr/package/jmri/jmrit/beantable/SignalMastAddEdit.shtml]" classname="jmri.util.FileLineEndingsTest" time="0"/>
  <testcase name="lineEndings[./help/fr/package/jmri/jmrit/beantable/TurnoutAddEdit.shtml]" classname="jmri.util.FileLineEndingsTest" time="0.001"/>
  <testcase name="lineEndings[./help/fr/package/jmri/jmrit/beantable/MemoryAddEdit.shtml]" classname="jmri.util.FileLineEndingsTest" time="0.001"/>
  <testcase name="lineEndings[./help/fr/package/jmri/jmrit/beantable/LightTable.shtml]" classname="jmri.util.FileLineEndingsTest" time="0.001"/>
  <testcase name="lineEndings[./help/fr/package/jmri/jmrit/beantable/TurnoutTable.shtml]" classname="jmri.util.FileLineEndingsTest" time="0"/>
  <testcase name="lineEndings[./help/fr/package/jmri/jmrit/beantable/ReporterAddEdit.shtml]" classname="jmri.util.FileLineEndingsTest" time="0.001"/>
  <testcase name="lineEndings[./help/fr/package/jmri/jmrit/beantable/SectionTable.shtml]" classname="jmri.util.FileLineEndingsTest" time="0.001"/>
  <testcase name="lineEndings[./help/fr/package/jmri/jmrit/beantable/ReporterTable.shtml]" classname="jmri.util.FileLineEndingsTest" time="0.001"/>
  <testcase name="lineEndings[./help/fr/package/jmri/jmrit/beantable/SensorTable.shtml]" classname="jmri.util.FileLineEndingsTest" time="0.001"/>
  <testcase name="lineEndings[./help/fr/package/jmri/jmrit/beantable/ConditionalAddEdit.shtml]" classname="jmri.util.FileLineEndingsTest" time="0.001"/>
  <testcase name="lineEndings[./help/fr/package/jmri/jmrit/beantable/LogixTable.shtml]" classname="jmri.util.FileLineEndingsTest" time="0"/>
  <testcase name="lineEndings[./help/fr/package/jmri/jmrit/beantable/AudioAddEdit.shtml]" classname="jmri.util.FileLineEndingsTest" time="0.001"/>
  <testcase name="lineEndings[./help/fr/package/jmri/jmrit/beantable/BlockEdit.shtml]" classname="jmri.util.FileLineEndingsTest" time="0.002"/>
  <testcase name="lineEndings[./help/fr/package/jmri/jmrit/beantable/TransitTable.shtml]" classname="jmri.util.FileLineEndingsTest" time="0.001"/>
  <testcase name="lineEndings[./help/fr/package/jmri/jmrit/beantable/TransitAddEdit.shtml]" classname="jmri.util.FileLineEndingsTest" time="0.001"/>
  <testcase name="lineEndings[./help/fr/package/jmri/jmrit/beantable/RouteAddEdit.shtml]" classname="jmri.util.FileLineEndingsTest" time="0.001"/>
  <testcase name="lineEndings[./help/fr/package/jmri/jmrit/beantable/BlockAddEdit.shtml]" classname="jmri.util.FileLineEndingsTest" time="0"/>
  <testcase name="lineEndings[./help/fr/package/jmri/jmrit/symbolicprog/tabbedframe/PaneProgFrame.shtml]" classname="jmri.util.FileLineEndingsTest" time="0.001"/>
  <testcase name="lineEndings[./help/fr/package/jmri/jmrit/symbolicprog/tabbedframe/PaneOpsProgFrame.shtml]" classname="jmri.util.FileLineEndingsTest" time="0.001"/>
  <testcase name="lineEndings[./help/fr/package/jmri/jmrit/symbolicprog/MemoryFrameAction.shtml]" classname="jmri.util.FileLineEndingsTest" time="0.001"/>
  <testcase name="lineEndings[./help/fr/package/jmri/jmrit/logix/WarrantTable.shtml]" classname="jmri.util.FileLineEndingsTest" time="0"/>
  <testcase name="lineEndings[./help/fr/package/jmri/jmrit/logix/Warrant.shtml]" classname="jmri.util.FileLineEndingsTest" time="0.001"/>
  <testcase name="lineEndings[./help/fr/package/jmri/jmrit/logix/OBlockEdit.shtml]" classname="jmri.util.FileLineEndingsTest" time="0.001"/>
  <testcase name="lineEndings[./help/fr/package/jmri/jmrit/logix/OBlockTable.shtml]" classname="jmri.util.FileLineEndingsTest" time="0.001"/>
  <testcase name="lineEndings[./help/fr/package/jmri/jmrit/powerpanel/PowerPanelFrame.shtml]" classname="jmri.util.FileLineEndingsTest" time="0.001"/>
  <testcase name="lineEndings[./help/fr/package/jmri/jmrit/dispatcher/Dispatcher.shtml]" classname="jmri.util.FileLineEndingsTest" time="0.001"/>
  <testcase name="lineEndings[./help/fr/package/jmri/jmrit/dispatcher/Options.shtml]" classname="jmri.util.FileLineEndingsTest" time="0.001"/>
  <testcase name="lineEndings[./help/fr/package/jmri/jmrit/dispatcher/AutoTrains.shtml]" classname="jmri.util.FileLineEndingsTest" time="0"/>
  <testcase name="lineEndings[./help/fr/package/jmri/jmrit/dispatcher/AllocateExtra.shtml]" classname="jmri.util.FileLineEndingsTest" time="0.001"/>
  <testcase name="lineEndings[./help/fr/package/jmri/jmrit/dispatcher/NewTrain.shtml]" classname="jmri.util.FileLineEndingsTest" time="0.001"/>
  <testcase name="lineEndings[./help/fr/package/jmri/jmrit/speedometer/SpeedometerFrame.shtml]" classname="jmri.util.FileLineEndingsTest" time="0.001"/>
  <testcase name="lineEndings[./help/fr/package/jmri/jmrit/ussctc/TurnoutLeverFrame.shtml]" classname="jmri.util.FileLineEndingsTest" time="0"/>
  <testcase name="lineEndings[./help/fr/package/jmri/jmrit/ussctc/SignalLeverFrame.shtml]" classname="jmri.util.FileLineEndingsTest" time="0.001"/>
  <testcase name="lineEndings[./help/fr/package/jmri/jmrit/ussctc/FollowerFrame.shtml]" classname="jmri.util.FileLineEndingsTest" time="0.001"/>
  <testcase name="lineEndings[./help/fr/package/jmri/jmrit/ussctc/CodeButtonFrame.shtml]" classname="jmri.util.FileLineEndingsTest" time="0.001"/>
  <testcase name="lineEndings[./help/fr/package/jmri/jmrit/ussctc/OsIndicatorFrame.shtml]" classname="jmri.util.FileLineEndingsTest" time="0"/>
  <testcase name="lineEndings[./help/fr/package/jmri/jmrit/operations/Operations.shtml]" classname="jmri.util.FileLineEndingsTest" time="0.002"/>
  <testcase name="lineEndings[./help/fr/package/jmri/jmrit/messager/MessageFrame.shtml]" classname="jmri.util.FileLineEndingsTest" time="0.001"/>
  <testcase name="lineEndings[./help/fr/package/jmri/jmrit/vsdecoder/swing/ManageLocationsFrame.shtml]" classname="jmri.util.FileLineEndingsTest" time="0"/>
  <testcase name="lineEndings[./help/fr/package/jmri/jmrit/vsdecoder/swing/VSDManagerFrame.shtml]" classname="jmri.util.FileLineEndingsTest" time="0.001"/>
  <testcase name="lineEndings[./help/fr/package/jmri/jmrit/vsdecoder/VSDecoderFrame.shtml]" classname="jmri.util.FileLineEndingsTest" time="0.001"/>
  <testcase name="lineEndings[./help/fr/package/jmri/jmrit/vsdecoder/VSDecoderFrame_1.shtml]" classname="jmri.util.FileLineEndingsTest" time="0.001"/>
  <testcase name="lineEndings[./help/fr/package/jmri/jmrit/mailreport/Report.shtml]" classname="jmri.util.FileLineEndingsTest" time="0"/>
  <testcase name="lineEndings[./help/fr/package/jmri/jmrit/consisttool/ConsistToolFrame.shtml]" classname="jmri.util.FileLineEndingsTest" time="0.001"/>
  <testcase name="lineEndings[./help/fr/package/jmri/jmrit/ToolsMenu.shtml]" classname="jmri.util.FileLineEndingsTest" time="0.001"/>
  <testcase name="lineEndings[./help/fr/package/jmri/jmrit/withrottle/UserInterface.shtml]" classname="jmri.util.FileLineEndingsTest" time="0.001"/>
  <testcase name="lineEndings[./help/fr/package/jmri/jmrit/withrottle/EngineDriverAndroidThrottle.shtml]" classname="jmri.util.FileLineEndingsTest" time="0.001"/>
  <testcase name="lineEndings[./help/fr/package/jmri/jmrit/withrottle/Protocol.shtml]" classname="jmri.util.FileLineEndingsTest" time="0"/>
  <testcase name="lineEndings[./help/fr/package/jmri/jmrit/blockboss/BlockBossFrame.shtml]" classname="jmri.util.FileLineEndingsTest" time="0.001"/>
  <testcase name="lineEndings[./help/fr/package/jmri/jmrit/inControl/inControl.shtml]" classname="jmri.util.FileLineEndingsTest" time="0.001"/>
  <testcase name="lineEndings[./help/fr/package/jmri/jmrit/automat/monitor/AutomatTableFrame.shtml]" classname="jmri.util.FileLineEndingsTest" time="0.001"/>
  <testcase name="lineEndings[./help/fr/package/jmri/jmrit/signalling/SignallingSourceFrame.shtml]" classname="jmri.util.FileLineEndingsTest" time="0"/>
  <testcase name="lineEndings[./help/fr/package/jmri/jmrit/signalling/AddEditSignallingLogic.shtml]" classname="jmri.util.FileLineEndingsTest" time="0.001"/>
  <testcase name="lineEndings[./help/fr/package/jmri/jmrit/signalling/EntryExitFrame.shtml]" classname="jmri.util.FileLineEndingsTest" time="0.001"/>
  <testcase name="lineEndings[./help/fr/package/jmri/jmrit/throttle/ThrottleFrame.shtml]" classname="jmri.util.FileLineEndingsTest" time="0.001"/>
  <testcase name="lineEndings[./help/fr/package/jmri/jmrit/catalog/ImageIndex.shtml]" classname="jmri.util.FileLineEndingsTest" time="0"/>
  <testcase name="lineEndings[./help/fr/package/jmri/jmrit/simplelightctrl/SimpleLightCtrl.shtml]" classname="jmri.util.FileLineEndingsTest" time="0.001"/>
  <testcase name="lineEndings[./help/fr/package/jmri/jmrit/roster/swing/RosterGroupTable.shtml]" classname="jmri.util.FileLineEndingsTest" time="0.001"/>
  <testcase name="lineEndings[./help/fr/package/jmri/jmrit/roster/swing/speedprofile/SpeedProfileFrame.shtml]" classname="jmri.util.FileLineEndingsTest" time="0.001"/>
  <testcase name="lineEndings[./help/fr/package/jmri/jmrit/simpleclock/SimpleClockFrame.shtml]" classname="jmri.util.FileLineEndingsTest" time="0"/>
  <testcase name="lineEndings[./help/fr/package/jmri/jmrit/sendpacket/SendPacketFrame.shtml]" classname="jmri.util.FileLineEndingsTest" time="0.001"/>
  <testcase name="lineEndings[./help/fr/package/jmri/jmrit/dualdecoder/DualDecoderSelectFrame.shtml]" classname="jmri.util.FileLineEndingsTest" time="0.001"/>
  <testcase name="lineEndings[./help/fr/package/jmri/jmrit/simpleturnoutctrl/SimpleTurnoutCtrl.shtml]" classname="jmri.util.FileLineEndingsTest" time="0.001"/>
  <testcase name="lineEndings[./help/fr/package/jmri/jmrit/simpleprog/SimpleProgFrame.shtml]" classname="jmri.util.FileLineEndingsTest" time="0"/>
  <testcase name="lineEndings[./help/fr/package/jmri/jmrit/MemoryFrameAction.shtml]" classname="jmri.util.FileLineEndingsTest" time="0.001"/>
  <testcase name="lineEndings[./help/fr/package/jmri/jmrit/sensorgroup/SensorGroupFrame.shtml]" classname="jmri.util.FileLineEndingsTest" time="0.001"/>
  <testcase name="lineEndings[./help/fr/package/jmri/jmrit/DebugMenu.shtml]" classname="jmri.util.FileLineEndingsTest" time="0.001"/>
  <testcase name="lineEndings[./help/fr/package/apps/PanelPro/PanelPro.shtml]" classname="jmri.util.FileLineEndingsTest" time="0"/>
  <testcase name="lineEndings[./help/fr/package/apps/DecoderPro/DecoderPro.shtml]" classname="jmri.util.FileLineEndingsTest" time="0.001"/>
  <testcase name="lineEndings[./help/fr/package/apps/Apps.shtml]" classname="jmri.util.FileLineEndingsTest" time="0.001"/>
  <testcase name="lineEndings[./help/fr/package/apps/AppConfigPanel.shtml]" classname="jmri.util.FileLineEndingsTest" time="0"/>
  <testcase name="lineEndings[./help/fr/package/apps/TabbedPreferences.shtml]" classname="jmri.util.FileLineEndingsTest" time="0.001"/>
  <testcase name="lineEndings[./help/fr/package/apps/SoundPro/SoundPro.shtml]" classname="jmri.util.FileLineEndingsTest" time="0.001"/>
  <testcase name="lineEndings[./help/fr/package/apps/InstallTest/InstallTest.shtml]" classname="jmri.util.FileLineEndingsTest" time="0.001"/>
  <testcase name="lineEndings[./help/fr/package/apps/gui3/dp3/DecoderPro3.shtml]" classname="jmri.util.FileLineEndingsTest" time="0.001"/>
  <testcase name="lineEndings[./help/fr/package/apps/AppConfigPanelErrorPage.shtml]" classname="jmri.util.FileLineEndingsTest" time="0"/>
  <testcase name="lineEndings[./help/fr/html/hardware/loconet/LocoNetworking.shtml]" classname="jmri.util.FileLineEndingsTest" time="0.001"/>
  <testcase name="lineEndings[./help/fr/html/hardware/loconet/DigitraxPower/index.shtml]" classname="jmri.util.FileLineEndingsTest" time="0.001"/>
  <testcase name="lineEndings[./help/fr/html/hardware/loconet/LbServer.shtml]" classname="jmri.util.FileLineEndingsTest" time="0.001"/>
  <testcase name="lineEndings[./help/fr/html/hardware/loconet/LocoBufferUSB.shtml]" classname="jmri.util.FileLineEndingsTest" time="0"/>
  <testcase name="lineEndings[./help/fr/html/hardware/loconet/LocoBufferII.shtml]" classname="jmri.util.FileLineEndingsTest" time="0.001"/>
  <testcase name="lineEndings[./help/fr/html/hardware/loconet/StandaloneLocoNet.shtml]" classname="jmri.util.FileLineEndingsTest" time="0.001"/>
  <testcase name="lineEndings[./help/fr/html/hardware/loconet/Digitrax.shtml]" classname="jmri.util.FileLineEndingsTest" time="0.002"/>
  <testcase name="lineEndings[./help/fr/html/hardware/loconet/LocoNetClasses.shtml]" classname="jmri.util.FileLineEndingsTest" time="0.001"/>
  <testcase name="lineEndings[./help/fr/html/hardware/loconet/LocoBuffer.shtml]" classname="jmri.util.FileLineEndingsTest" time="0.001"/>
  <testcase name="lineEndings[./help/fr/html/hardware/loconet/LocoNetTools.shtml]" classname="jmri.util.FileLineEndingsTest" time="0.001"/>
  <testcase name="lineEndings[./help/fr/html/hardware/loconet/Addressing.shtml]" classname="jmri.util.FileLineEndingsTest" time="0.001"/>
  <testcase name="lineEndings[./help/fr/html/hardware/loconet/PR3.shtml]" classname="jmri.util.FileLineEndingsTest" time="0.001"/>
  <testcase name="lineEndings[./help/fr/html/hardware/loconet/DS54.shtml]" classname="jmri.util.FileLineEndingsTest" time="0.001"/>
  <testcase name="lineEndings[./help/fr/html/hardware/loconet/Uhlenbrock.shtml]" classname="jmri.util.FileLineEndingsTest" time="0.002"/>
  <testcase name="lineEndings[./help/fr/html/hardware/loconet/MS100.shtml]" classname="jmri.util.FileLineEndingsTest" time="0"/>
  <testcase name="lineEndings[./help/fr/html/hardware/loconet/BTLocoBridge.shtml]" classname="jmri.util.FileLineEndingsTest" time="0.001"/>
  <testcase name="lineEndings[./help/fr/html/hardware/loconet/LocoNetSim.shtml]" classname="jmri.util.FileLineEndingsTest" time="0.001"/>
  <testcase name="lineEndings[./help/fr/html/hardware/loconet/PR2.shtml]" classname="jmri.util.FileLineEndingsTest" time="0.001"/>
  <testcase name="lineEndings[./help/fr/html/hardware/loconet/Fleischmann.shtml]" classname="jmri.util.FileLineEndingsTest" time="0.001"/>
  <testcase name="lineEndings[./help/fr/html/hardware/loconet/KeyspanUSB.shtml]" classname="jmri.util.FileLineEndingsTest" time="0"/>
  <testcase name="lineEndings[./help/fr/html/hardware/loconet/LocoNetServer.shtml]" classname="jmri.util.FileLineEndingsTest" time="0.001"/>
  <testcase name="lineEndings[./help/fr/html/hardware/can/cbus/index.shtml]" classname="jmri.util.FileLineEndingsTest" time="0.001"/>
  <testcase name="lineEndings[./help/fr/html/hardware/can/cbus/Names.shtml]" classname="jmri.util.FileLineEndingsTest" time="0.001"/>
  <testcase name="lineEndings[./help/fr/html/hardware/can/cbus/Details.shtml]" classname="jmri.util.FileLineEndingsTest" time="0.001"/>
  <testcase name="lineEndings[./help/fr/html/hardware/can/index.shtml]" classname="jmri.util.FileLineEndingsTest" time="0"/>
  <testcase name="lineEndings[./help/fr/html/hardware/can/scripting.shtml]" classname="jmri.util.FileLineEndingsTest" time="0.001"/>
  <testcase name="lineEndings[./help/fr/html/hardware/secsi/index.shtml]" classname="jmri.util.FileLineEndingsTest" time="0.001"/>
  <testcase name="lineEndings[./help/fr/html/hardware/rps/sensors.shtml]" classname="jmri.util.FileLineEndingsTest" time="0.001"/>
  <testcase name="lineEndings[./help/fr/html/hardware/rps/index.shtml]" classname="jmri.util.FileLineEndingsTest" time="0"/>
  <testcase name="lineEndings[./help/fr/html/hardware/pi/index.shtml]" classname="jmri.util.FileLineEndingsTest" time="0.001"/>
  <testcase name="lineEndings[./help/fr/html/hardware/easydcc/EasyDCC.shtml]" classname="jmri.util.FileLineEndingsTest" time="0.001"/>
  <testcase name="lineEndings[./help/fr/html/hardware/dccpp/index.shtml]" classname="jmri.util.FileLineEndingsTest" time="0.001"/>
  <testcase name="lineEndings[./help/fr/html/hardware/rfid/index.shtml]" classname="jmri.util.FileLineEndingsTest" time="0.001"/>
  <testcase name="lineEndings[./help/fr/html/hardware/XPressNet/LZV100Configurationtool.shtml]" classname="jmri.util.FileLineEndingsTest" time="0"/>
  <testcase name="lineEndings[./help/fr/html/hardware/XPressNet/CreateXNetLogFile.shtml]" classname="jmri.util.FileLineEndingsTest" time="0.001"/>
  <testcase name="lineEndings[./help/fr/html/hardware/XPressNet/XNetAddressing.shtml]" classname="jmri.util.FileLineEndingsTest" time="0.001"/>
  <testcase name="lineEndings[./help/fr/html/hardware/XPressNet/index.shtml]" classname="jmri.util.FileLineEndingsTest" time="0.001"/>
  <testcase name="lineEndings[./help/fr/html/hardware/XPressNet/LI101Configurationtool.shtml]" classname="jmri.util.FileLineEndingsTest" time="0.001"/>
  <testcase name="lineEndings[./help/fr/html/hardware/XPressNet/XNetSystemInformationtool.shtml]" classname="jmri.util.FileLineEndingsTest" time="0.001"/>
  <testcase name="lineEndings[./help/fr/html/hardware/jmriclient/index.shtml]" classname="jmri.util.FileLineEndingsTest" time="0.001"/>
  <testcase name="lineEndings[./help/fr/html/hardware/nce/NCE.shtml]" classname="jmri.util.FileLineEndingsTest" time="0"/>
  <testcase name="lineEndings[./help/fr/html/hardware/nce/Wangrow.shtml]" classname="jmri.util.FileLineEndingsTest" time="0.001"/>
  <testcase name="lineEndings[./help/fr/html/hardware/maple/index.shtml]" classname="jmri.util.FileLineEndingsTest" time="0.001"/>
  <testcase name="lineEndings[./help/fr/html/hardware/misc/DccSpecialties.shtml]" classname="jmri.util.FileLineEndingsTest" time="0.001"/>
  <testcase name="lineEndings[./help/fr/html/hardware/ecos/index.shtml]" classname="jmri.util.FileLineEndingsTest" time="0.001"/>
  <testcase name="lineEndings[./help/fr/html/hardware/powerline/Compatibility.shtml]" classname="jmri.util.FileLineEndingsTest" time="0"/>
  <testcase name="lineEndings[./help/fr/html/hardware/powerline/index.shtml]" classname="jmri.util.FileLineEndingsTest" time="0.001"/>
  <testcase name="lineEndings[./help/fr/html/hardware/powerline/Names.shtml]" classname="jmri.util.FileLineEndingsTest" time="0.001"/>
  <testcase name="lineEndings[./help/fr/html/hardware/acela/Names.shtml]" classname="jmri.util.FileLineEndingsTest" time="0.001"/>
  <testcase name="lineEndings[./help/fr/html/hardware/acela/index.shtml]" classname="jmri.util.FileLineEndingsTest" time="0"/>
  <testcase name="lineEndings[./help/fr/html/hardware/raildriver/details.shtml]" classname="jmri.util.FileLineEndingsTest" time="0.001"/>
  <testcase name="lineEndings[./help/fr/html/hardware/raildriver/index.shtml]" classname="jmri.util.FileLineEndingsTest" time="0.001"/>
  <testcase name="lineEndings[./help/fr/html/hardware/sprog/SPROG.shtml]" classname="jmri.util.FileLineEndingsTest" time="0.001"/>
  <testcase name="lineEndings[./help/fr/html/hardware/bachrus/index.shtml]" classname="jmri.util.FileLineEndingsTest" time="0.001"/>
  <testcase name="lineEndings[./help/fr/html/hardware/openlcb/index.shtml]" classname="jmri.util.FileLineEndingsTest" time="0"/>
  <testcase name="lineEndings[./help/fr/html/hardware/openlcb/Names.shtml]" classname="jmri.util.FileLineEndingsTest" time="0.001"/>
  <testcase name="lineEndings[./help/fr/html/hardware/openlcb/Connections.shtml]" classname="jmri.util.FileLineEndingsTest" time="0.001"/>
  <testcase name="lineEndings[./help/fr/html/hardware/openlcb/Details.shtml]" classname="jmri.util.FileLineEndingsTest" time="0.001"/>
  <testcase name="lineEndings[./help/fr/html/hardware/PDA.shtml]" classname="jmri.util.FileLineEndingsTest" time="0"/>
  <testcase name="lineEndings[./help/fr/html/hardware/USBtoSerial.shtml]" classname="jmri.util.FileLineEndingsTest" time="0.001"/>
  <testcase name="lineEndings[./help/fr/html/hardware/cmri/Signals.shtml]" classname="jmri.util.FileLineEndingsTest" time="0.001"/>
  <testcase name="lineEndings[./help/fr/html/hardware/cmri/CMRI.shtml]" classname="jmri.util.FileLineEndingsTest" time="0.001"/>
  <testcase name="lineEndings[./help/fr/html/hardware/marklin/index.shtml]" classname="jmri.util.FileLineEndingsTest" time="0.001"/>
  <testcase name="lineEndings[./help/fr/html/hardware/grapevine/Names.shtml]" classname="jmri.util.FileLineEndingsTest" time="0.001"/>
  <testcase name="lineEndings[./help/fr/html/hardware/grapevine/index.shtml]" classname="jmri.util.FileLineEndingsTest" time="0"/>
  <testcase name="lineEndings[./help/fr/html/hardware/tchtech/index.shtml]" classname="jmri.util.FileLineEndingsTest" time="0.001"/>
  <testcase name="lineEndings[./help/fr/html/hardware/zimo/Zimo.shtml]" classname="jmri.util.FileLineEndingsTest" time="0.001"/>
  <testcase name="lineEndings[./help/fr/html/hardware/XBee/XBeeNodeConfigurationTool.shtml]" classname="jmri.util.FileLineEndingsTest" time="0.001"/>
  <testcase name="lineEndings[./help/fr/html/hardware/tams/index.shtml]" classname="jmri.util.FileLineEndingsTest" time="0.001"/>
  <testcase name="lineEndings[./help/fr/html/hardware/MacintoshSerialPorts.shtml]" classname="jmri.util.FileLineEndingsTest" time="0"/>
  <testcase name="lineEndings[./help/fr/html/hardware/index.shtml]" classname="jmri.util.FileLineEndingsTest" time="0.001"/>
  <testcase name="lineEndings[./help/fr/html/hardware/TerminalServer.shtml]" classname="jmri.util.FileLineEndingsTest" time="0.001"/>
  <testcase name="lineEndings[./help/fr/html/hardware/qsi/index.shtml]" classname="jmri.util.FileLineEndingsTest" time="0.001"/>
  <testcase name="lineEndings[./help/fr/html/hardware/xap/index.shtml]" classname="jmri.util.FileLineEndingsTest" time="0.001"/>
  <testcase name="lineEndings[./help/fr/html/hardware/tmcc/index.shtml]" classname="jmri.util.FileLineEndingsTest" time="0.001"/>
  <testcase name="lineEndings[./help/fr/html/hardware/SRCP/index.shtml]" classname="jmri.util.FileLineEndingsTest" time="0.001"/>
  <testcase name="lineEndings[./help/fr/html/hardware/oaktree/OakTree.shtml]" classname="jmri.util.FileLineEndingsTest" time="0"/>
  <testcase name="lineEndings[./help/fr/html/tools/throttle/Sidebar.html]" classname="jmri.util.FileLineEndingsTest" time="0.001"/>
  <testcase name="lineEndings[./help/fr/html/tools/throttle/HowToJMRIOrientedThrottle.shtml]" classname="jmri.util.FileLineEndingsTest" time="0.001"/>
  <testcase name="lineEndings[./help/fr/html/tools/throttle/ThrottlesListWindow.shtml]" classname="jmri.util.FileLineEndingsTest" time="0.001"/>
  <testcase name="lineEndings[./help/fr/html/tools/throttle/AdvancedThrottleControl.shtml]" classname="jmri.util.FileLineEndingsTest" time="0.001"/>
  <testcase name="lineEndings[./help/fr/html/tools/throttle/ThrottleMain.shtml]" classname="jmri.util.FileLineEndingsTest" time="0.001"/>
  <testcase name="lineEndings[./help/fr/html/tools/throttle/ThrottleChapter1.shtml]" classname="jmri.util.FileLineEndingsTest" time="0"/>
  <testcase name="lineEndings[./help/fr/html/tools/throttle/BasicThrottleWindow.shtml]" classname="jmri.util.FileLineEndingsTest" time="0.001"/>
  <testcase name="lineEndings[./help/fr/html/tools/throttle/ThrottleChapter4.shtml]" classname="jmri.util.FileLineEndingsTest" time="0.001"/>
  <testcase name="lineEndings[./help/fr/html/tools/throttle/ThrottlesPreferencesPane.shtml]" classname="jmri.util.FileLineEndingsTest" time="0.001"/>
  <testcase name="lineEndings[./help/fr/html/tools/throttle/RostersMediaPane.shtml]" classname="jmri.util.FileLineEndingsTest" time="0.001"/>
  <testcase name="lineEndings[./help/fr/html/tools/throttle/ThrottleChapter2.shtml]" classname="jmri.util.FileLineEndingsTest" time="0.001"/>
  <testcase name="lineEndings[./help/fr/html/tools/throttle/ThrottleTOC.shtml]" classname="jmri.util.FileLineEndingsTest" time="0.001"/>
  <testcase name="lineEndings[./help/fr/html/tools/throttle/ThrottleToolBar.shtml]" classname="jmri.util.FileLineEndingsTest" time="0.001"/>
  <testcase name="lineEndings[./help/fr/html/tools/throttle/ThrottleChapter3.shtml]" classname="jmri.util.FileLineEndingsTest" time="0.001"/>
  <testcase name="lineEndings[./help/fr/html/tools/throttle/ToolsMenuThrottleEntry.shtml]" classname="jmri.util.FileLineEndingsTest" time="0.001"/>
  <testcase name="lineEndings[./help/fr/html/tools/throttle/ThrottleWindowMenus.shtml]" classname="jmri.util.FileLineEndingsTest" time="0"/>
  <testcase name="lineEndings[./help/fr/html/tools/Audio.shtml]" classname="jmri.util.FileLineEndingsTest" time="0.001"/>
  <testcase name="lineEndings[./help/fr/html/tools/signaling/SignalGroups.shtml]" classname="jmri.util.FileLineEndingsTest" time="0.001"/>
  <testcase name="lineEndings[./help/fr/html/tools/signaling/interlock/index.shtml]" classname="jmri.util.FileLineEndingsTest" time="0.001"/>
  <testcase name="lineEndings[./help/fr/html/tools/signaling/DefineNewAspects.shtml]" classname="jmri.util.FileLineEndingsTest" time="0.001"/>
  <testcase name="lineEndings[./help/fr/html/tools/signaling/AspectSignaling.shtml]" classname="jmri.util.FileLineEndingsTest" time="0.001"/>
  <testcase name="lineEndings[./help/fr/html/tools/signaling/IntroToSignalingYourMRR.html]" classname="jmri.util.FileLineEndingsTest" time="0.003"/>
  <testcase name="lineEndings[./help/fr/html/tools/signaling/SignalHeads.shtml]" classname="jmri.util.FileLineEndingsTest" time="0.001"/>
  <testcase name="lineEndings[./help/fr/html/tools/signaling/index.shtml]" classname="jmri.util.FileLineEndingsTest" time="0.001"/>
  <testcase name="lineEndings[./help/fr/html/tools/signaling/SignalMasts.shtml]" classname="jmri.util.FileLineEndingsTest" time="0.001"/>
  <testcase name="lineEndings[./help/fr/html/tools/signaling/SimpleSignalExample.shtml]" classname="jmri.util.FileLineEndingsTest" time="0.001"/>
  <testcase name="lineEndings[./help/fr/html/tools/signaling/SignalMastLogic.shtml]" classname="jmri.util.FileLineEndingsTest" time="0.001"/>
  <testcase name="lineEndings[./help/fr/html/tools/signaling/SignalingSetup.shtml]" classname="jmri.util.FileLineEndingsTest" time="0.001"/>
  <testcase name="lineEndings[./help/fr/html/tools/signaling/Logic.shtml]" classname="jmri.util.FileLineEndingsTest" time="0.001"/>
  <testcase name="lineEndings[./help/fr/html/tools/speedometer/NCE-Speedometer.shtml]" classname="jmri.util.FileLineEndingsTest" time="0"/>
  <testcase name="lineEndings[./help/fr/html/tools/speedometer/index.shtml]" classname="jmri.util.FileLineEndingsTest" time="0.001"/>
  <testcase name="lineEndings[./help/fr/html/tools/speedometer/SpeedMatch.shtml]" classname="jmri.util.FileLineEndingsTest" time="0.001"/>
  <testcase name="lineEndings[./help/fr/html/tools/speedometer/Serialsensor.shtml]" classname="jmri.util.FileLineEndingsTest" time="0.001"/>
  <testcase name="lineEndings[./help/fr/html/tools/fastclock/LocoNetClock.shtml]" classname="jmri.util.FileLineEndingsTest" time="0"/>
  <testcase name="lineEndings[./help/fr/html/tools/fastclock/index.shtml]" classname="jmri.util.FileLineEndingsTest" time="0.001"/>
  <testcase name="lineEndings[./help/fr/html/tools/Routes.shtml]" classname="jmri.util.FileLineEndingsTest" time="0.001"/>
  <testcase name="lineEndings[./help/fr/html/tools/scripting/ex_set_turnouts.shtml]" classname="jmri.util.FileLineEndingsTest" time="0.001"/>
  <testcase name="lineEndings[./help/fr/html/tools/scripting/FAQ.shtml]" classname="jmri.util.FileLineEndingsTest" time="0"/>
  <testcase name="lineEndings[./help/fr/html/tools/scripting/Start.shtml]" classname="jmri.util.FileLineEndingsTest" time="0.001"/>
  <testcase name="lineEndings[./help/fr/html/tools/scripting/Examples.shtml]" classname="jmri.util.FileLineEndingsTest" time="0.001"/>
  <testcase name="lineEndings[./help/fr/html/tools/scripting/index.shtml]" classname="jmri.util.FileLineEndingsTest" time="0.001"/>
  <testcase name="lineEndings[./help/fr/html/tools/scripting/AppleScript.shtml]" classname="jmri.util.FileLineEndingsTest" time="0.001"/>
  <testcase name="lineEndings[./help/fr/html/tools/scripting/Jynstruments.shtml]" classname="jmri.util.FileLineEndingsTest" time="0"/>
  <testcase name="lineEndings[./help/fr/html/tools/scripting/Python.shtml]" classname="jmri.util.FileLineEndingsTest" time="0.001"/>
  <testcase name="lineEndings[./help/fr/html/tools/Sections.shtml]" classname="jmri.util.FileLineEndingsTest" time="0.001"/>
  <testcase name="lineEndings[./help/fr/html/tools/consisttool/ConsistTool.shtml]" classname="jmri.util.FileLineEndingsTest" time="0.001"/>
  <testcase name="lineEndings[./help/fr/html/tools/programmer/messages.shtml]" classname="jmri.util.FileLineEndingsTest" time="0"/>
  <testcase name="lineEndings[./help/fr/html/tools/automation/viaJava.shtml]" classname="jmri.util.FileLineEndingsTest" time="0.001"/>
  <testcase name="lineEndings[./help/fr/html/tools/automation/index.shtml]" classname="jmri.util.FileLineEndingsTest" time="0.001"/>
  <testcase name="lineEndings[./help/fr/html/tools/Logix.shtml]" classname="jmri.util.FileLineEndingsTest" time="0.001"/>
  <testcase name="lineEndings[./help/fr/html/tools/tracker/index.shtml]" classname="jmri.util.FileLineEndingsTest" time="0.001"/>
  <testcase name="lineEndings[./help/fr/html/tools/EntryExit.shtml]" classname="jmri.util.FileLineEndingsTest" time="0.001"/>
  <testcase name="lineEndings[./help/fr/html/tools/IdTags.shtml]" classname="jmri.util.FileLineEndingsTest" time="0"/>
  <testcase name="lineEndings[./help/fr/html/tools/Turnouts.shtml]" classname="jmri.util.FileLineEndingsTest" time="0.001"/>
  <testcase name="lineEndings[./help/fr/html/tools/uss/index.shtml]" classname="jmri.util.FileLineEndingsTest" time="0.001"/>
  <testcase name="lineEndings[./help/fr/html/tools/Memories.shtml]" classname="jmri.util.FileLineEndingsTest" time="0.001"/>
  <testcase name="lineEndings[./help/fr/html/tools/index.shtml]" classname="jmri.util.FileLineEndingsTest" time="0"/>
  <testcase name="lineEndings[./help/fr/html/tools/Reporters.shtml]" classname="jmri.util.FileLineEndingsTest" time="0.001"/>
  <testcase name="lineEndings[./help/fr/html/tools/Sensors.shtml]" classname="jmri.util.FileLineEndingsTest" time="0.001"/>
  <testcase name="lineEndings[./help/fr/html/tools/LRoutes.shtml]" classname="jmri.util.FileLineEndingsTest" time="0.001"/>
  <testcase name="lineEndings[./help/fr/html/tools/Lights.shtml]" classname="jmri.util.FileLineEndingsTest" time="0.001"/>
  <testcase name="lineEndings[./help/fr/html/tools/Signals.shtml]" classname="jmri.util.FileLineEndingsTest" time="0"/>
  <testcase name="lineEndings[./help/fr/html/tools/Blocks.shtml]" classname="jmri.util.FileLineEndingsTest" time="0.001"/>
  <testcase name="lineEndings[./help/fr/html/doc/Technical/CATS.shtml]" classname="jmri.util.FileLineEndingsTest" time="0.001"/>
  <testcase name="lineEndings[./help/fr/html/doc/Technical/NetBeans.shtml]" classname="jmri.util.FileLineEndingsTest" time="0.001"/>
  <testcase name="lineEndings[./help/fr/html/doc/Technical/plugins.shtml]" classname="jmri.util.FileLineEndingsTest" time="0"/>
  <testcase name="lineEndings[./help/fr/html/doc/Technical/TurnoutFeedback.shtml]" classname="jmri.util.FileLineEndingsTest" time="0.001"/>
  <testcase name="lineEndings[./help/fr/html/doc/Technical/webupdate/UpdatingDocs.shtml]" classname="jmri.util.FileLineEndingsTest" time="0.001"/>
  <testcase name="lineEndings[./help/fr/html/doc/Technical/SVNFAQ.shtml]" classname="jmri.util.FileLineEndingsTest" time="0.001"/>
  <testcase name="lineEndings[./help/fr/html/doc/Technical/XmlView.shtml]" classname="jmri.util.FileLineEndingsTest" time="0"/>
  <testcase name="lineEndings[./help/fr/html/doc/Technical/NewType.shtml]" classname="jmri.util.FileLineEndingsTest" time="0.001"/>
  <testcase name="lineEndings[./help/fr/html/doc/Technical/Networking.shtml]" classname="jmri.util.FileLineEndingsTest" time="0.001"/>
  <testcase name="lineEndings[./help/fr/html/doc/Technical/JUnit.shtml]" classname="jmri.util.FileLineEndingsTest" time="0.001"/>
  <testcase name="lineEndings[./help/fr/html/doc/Technical/Ant.shtml]" classname="jmri.util.FileLineEndingsTest" time="0"/>
  <testcase name="lineEndings[./help/fr/html/doc/Technical/ContinuousIntegration.shtml]" classname="jmri.util.FileLineEndingsTest" time="0.001"/>
  <testcase name="lineEndings[./help/fr/html/doc/Technical/getoldcode.shtml]" classname="jmri.util.FileLineEndingsTest" time="0.001"/>
  <testcase name="lineEndings[./help/fr/html/doc/Technical/index.shtml]" classname="jmri.util.FileLineEndingsTest" time="0.001"/>
  <testcase name="lineEndings[./help/fr/html/doc/Technical/AppStructure.shtml]" classname="jmri.util.FileLineEndingsTest" time="0"/>
  <testcase name="lineEndings[./help/fr/html/doc/Technical/Names.shtml]" classname="jmri.util.FileLineEndingsTest" time="0.001"/>
  <testcase name="lineEndings[./help/fr/html/doc/Technical/Logging.shtml]" classname="jmri.util.FileLineEndingsTest" time="0.001"/>
  <testcase name="lineEndings[./help/fr/html/doc/Technical/GitFAQ.shtml]" classname="jmri.util.FileLineEndingsTest" time="0.001"/>
  <testcase name="lineEndings[./help/fr/html/doc/Technical/Poll2007.shtml]" classname="jmri.util.FileLineEndingsTest" time="0.001"/>
  <testcase name="lineEndings[./help/fr/html/doc/Technical/RP.shtml]" classname="jmri.util.FileLineEndingsTest" time="0"/>
  <testcase name="lineEndings[./help/fr/html/doc/Technical/Properties.shtml]" classname="jmri.util.FileLineEndingsTest" time="0.001"/>
  <testcase name="lineEndings[./help/fr/html/doc/Technical/XmlSchemaExamples.shtml]" classname="jmri.util.FileLineEndingsTest" time="0.001"/>
  <testcase name="lineEndings[./help/fr/html/doc/Technical/NetBeansGUIEditor.shtml]" classname="jmri.util.FileLineEndingsTest" time="0.001"/>
  <testcase name="lineEndings[./help/fr/html/doc/Technical/IntelliJ.shtml]" classname="jmri.util.FileLineEndingsTest" time="0"/>
  <testcase name="lineEndings[./help/fr/html/doc/Technical/Help.shtml]" classname="jmri.util.FileLineEndingsTest" time="0.001"/>
  <testcase name="lineEndings[./help/fr/html/doc/Technical/TechRoadMap.shtml]" classname="jmri.util.FileLineEndingsTest" time="0.001"/>
  <testcase name="lineEndings[./help/fr/html/doc/Technical/WebSite.shtml]" classname="jmri.util.FileLineEndingsTest" time="0.001"/>
  <testcase name="lineEndings[./help/fr/html/doc/Technical/FileNames.shtml]" classname="jmri.util.FileLineEndingsTest" time="0.001"/>
  <testcase name="lineEndings[./help/fr/html/doc/Technical/Threads.shtml]" classname="jmri.util.FileLineEndingsTest" time="0"/>
  <testcase name="lineEndings[./help/fr/html/doc/Technical/StartUpScripts.shtml]" classname="jmri.util.FileLineEndingsTest" time="0.001"/>
  <testcase name="lineEndings[./help/fr/html/doc/Technical/Jython.shtml]" classname="jmri.util.FileLineEndingsTest" time="0.001"/>
  <testcase name="lineEndings[./help/fr/html/doc/Technical/MultiConnectionUpdate.shtml]" classname="jmri.util.FileLineEndingsTest" time="0.001"/>
  <testcase name="lineEndings[./help/fr/html/doc/Technical/Eclipse.shtml]" classname="jmri.util.FileLineEndingsTest" time="0.001"/>
  <testcase name="lineEndings[./help/fr/html/doc/Technical/IntroStructure.shtml]" classname="jmri.util.FileLineEndingsTest" time="0"/>
  <testcase name="lineEndings[./help/fr/html/doc/Technical/FindBugs.shtml]" classname="jmri.util.FileLineEndingsTest" time="0.001"/>
  <testcase name="lineEndings[./help/fr/html/doc/Technical/CVSFAQ.shtml]" classname="jmri.util.FileLineEndingsTest" time="0.001"/>
  <testcase name="lineEndings[./help/fr/html/doc/Technical/Swing.shtml]" classname="jmri.util.FileLineEndingsTest" time="0.001"/>
  <testcase name="lineEndings[./help/fr/html/doc/Technical/getgitcode.shtml]" classname="jmri.util.FileLineEndingsTest" time="0"/>
  <testcase name="lineEndings[./help/fr/html/doc/Technical/XmlEditors.shtml]" classname="jmri.util.FileLineEndingsTest" time="0.001"/>
  <testcase name="lineEndings[./help/fr/html/doc/Technical/XmlDtdUsage.shtml]" classname="jmri.util.FileLineEndingsTest" time="0.001"/>
  <testcase name="lineEndings[./help/fr/html/doc/Technical/Patterns.shtml]" classname="jmri.util.FileLineEndingsTest" time="0.001"/>
  <testcase name="lineEndings[./help/fr/html/doc/Technical/XmlPersistance.shtml]" classname="jmri.util.FileLineEndingsTest" time="0"/>
  <testcase name="lineEndings[./help/fr/html/doc/Technical/gitdeveloper.shtml]" classname="jmri.util.FileLineEndingsTest" time="0.001"/>
  <testcase name="lineEndings[./help/fr/html/doc/Technical/getcvscode.shtml]" classname="jmri.util.FileLineEndingsTest" time="0.001"/>
  <testcase name="lineEndings[./help/fr/html/doc/Technical/SystemStructure.shtml]" classname="jmri.util.FileLineEndingsTest" time="0.001"/>
  <testcase name="lineEndings[./help/fr/html/doc/Technical/I8N.shtml]" classname="jmri.util.FileLineEndingsTest" time="0"/>
  <testcase name="lineEndings[./help/fr/html/doc/Technical/JVMCapabilities.shtml]" classname="jmri.util.FileLineEndingsTest" time="0"/>
  <testcase name="lineEndings[./help/fr/html/doc/Technical/XmlUsage.shtml]" classname="jmri.util.FileLineEndingsTest" time="0.001"/>
  <testcase name="lineEndings[./help/fr/html/doc/Technical/XmlSchema.shtml]" classname="jmri.util.FileLineEndingsTest" time="0.001"/>
  <testcase name="lineEndings[./help/fr/html/doc/Technical/NewSystem.shtml]" classname="jmri.util.FileLineEndingsTest" time="0.001"/>
  <testcase name="lineEndings[./help/fr/html/doc/Technical/getcode.shtml]" classname="jmri.util.FileLineEndingsTest" time="0"/>
  <testcase name="lineEndings[./help/fr/html/apps/DecoderPro/RosterFile.shtml]" classname="jmri.util.FileLineEndingsTest" time="0.001"/>
  <testcase name="lineEndings[./help/fr/html/apps/DecoderPro/Roster.shtml]" classname="jmri.util.FileLineEndingsTest" time="0.001"/>
  <testcase name="lineEndings[./help/fr/html/apps/DecoderPro/Files.shtml]" classname="jmri.util.FileLineEndingsTest" time="0.001"/>
  <testcase name="lineEndings[./help/fr/html/apps/DecoderPro/FileUpdate.shtml]" classname="jmri.util.FileLineEndingsTest" time="0"/>
  <testcase name="lineEndings[./help/fr/html/apps/DecoderPro/LocoFile.shtml]" classname="jmri.util.FileLineEndingsTest" time="0.001"/>
  <testcase name="lineEndings[./help/fr/html/apps/DecoderPro/FAQ.shtml]" classname="jmri.util.FileLineEndingsTest" time="0.001"/>
  <testcase name="lineEndings[./help/fr/html/apps/DecoderPro/Ident.shtml]" classname="jmri.util.FileLineEndingsTest" time="0.001"/>
  <testcase name="lineEndings[./help/fr/html/apps/DecoderPro/index.shtml]" classname="jmri.util.FileLineEndingsTest" time="0"/>
  <testcase name="lineEndings[./help/fr/html/apps/DecoderPro/MoreInfo.shtml]" classname="jmri.util.FileLineEndingsTest" time="0.001"/>
  <testcase name="lineEndings[./help/fr/html/apps/DecoderPro/Debug.shtml]" classname="jmri.util.FileLineEndingsTest" time="0.001"/>
  <testcase name="lineEndings[./help/fr/html/apps/DecoderPro/IntroXML.shtml]" classname="jmri.util.FileLineEndingsTest" time="0.001"/>
  <testcase name="lineEndings[./help/fr/html/apps/DecoderPro/Install.shtml]" classname="jmri.util.FileLineEndingsTest" time="0"/>
  <testcase name="lineEndings[./help/fr/html/apps/DecoderPro/Tour.shtml]" classname="jmri.util.FileLineEndingsTest" time="0.001"/>
  <testcase name="lineEndings[./help/fr/html/apps/DecoderPro/CreateDecoderAdvanced.shtml]" classname="jmri.util.FileLineEndingsTest" time="0.001"/>
  <testcase name="lineEndings[./help/fr/html/apps/DecoderPro/XML.shtml]" classname="jmri.util.FileLineEndingsTest" time="0.001"/>
  <testcase name="lineEndings[./help/fr/html/apps/DecoderPro/MultiDecoder.shtml]" classname="jmri.util.FileLineEndingsTest" time="0.001"/>
  <testcase name="lineEndings[./help/fr/html/apps/DecoderPro/Programmer.shtml]" classname="jmri.util.FileLineEndingsTest" time="0"/>
  <testcase name="lineEndings[./help/fr/html/apps/DecoderPro/FnMapping.shtml]" classname="jmri.util.FileLineEndingsTest" time="0.001"/>
  <testcase name="lineEndings[./help/fr/html/apps/DecoderPro/NetworkFiles.shtml]" classname="jmri.util.FileLineEndingsTest" time="0.001"/>
  <testcase name="lineEndings[./help/fr/html/apps/DecoderPro/CreateDecoder.shtml]" classname="jmri.util.FileLineEndingsTest" time="0.001"/>
  <testcase name="lineEndings[./help/fr/html/apps/LocoTools/LocoIO.shtml]" classname="jmri.util.FileLineEndingsTest" time="0"/>
  <testcase name="lineEndings[./help/fr/html/apps/LocoTools/index.shtml]" classname="jmri.util.FileLineEndingsTest" time="0.001"/>
  <testcase name="lineEndings[./help/fr/html/apps/PanelPro/ShowPanel.shtml]" classname="jmri.util.FileLineEndingsTest" time="0.001"/>
  <testcase name="lineEndings[./help/fr/html/apps/PanelPro/AdvIcons.shtml]" classname="jmri.util.FileLineEndingsTest" time="0.001"/>
  <testcase name="lineEndings[./help/fr/html/apps/PanelPro/ColorTrack.shtml]" classname="jmri.util.FileLineEndingsTest" time="0"/>
  <testcase name="lineEndings[./help/fr/html/apps/PanelPro/FAQ.shtml]" classname="jmri.util.FileLineEndingsTest" time="0.001"/>
  <testcase name="lineEndings[./help/fr/html/apps/PanelPro/PanelPro.shtml]" classname="jmri.util.FileLineEndingsTest" time="0.001"/>
  <testcase name="lineEndings[./help/fr/html/apps/PanelPro/Panels.shtml]" classname="jmri.util.FileLineEndingsTest" time="0.001"/>
  <testcase name="lineEndings[./help/fr/html/apps/SoundPro/SoundPro.shtml]" classname="jmri.util.FileLineEndingsTest" time="0.001"/>
  <testcase name="lineEndings[./help/fr/html/apps/index.shtml]" classname="jmri.util.FileLineEndingsTest" time="0"/>
  <testcase name="lineEndings[./help/fr/html/apps/DispatcherPro/index.shtml]" classname="jmri.util.FileLineEndingsTest" time="0.001"/>
  <testcase name="lineEndings[./help/fr/html/setup/Errors.shtml]" classname="jmri.util.FileLineEndingsTest" time="0.001"/>
  <testcase name="lineEndings[./help/fr/html/setup/Dropbox.shtml]" classname="jmri.util.FileLineEndingsTest" time="0.001"/>
  <testcase name="lineEndings[./help/fr/html/setup/Files.shtml]" classname="jmri.util.FileLineEndingsTest" time="0"/>
  <testcase name="lineEndings[./help/fr/html/setup/index.shtml]" classname="jmri.util.FileLineEndingsTest" time="0.001"/>
  <testcase name="lineEndings[./help/fr/html/setup/profiles.shtml]" classname="jmri.util.FileLineEndingsTest" time="0.001"/>
  <testcase name="lineEndings[./help/fr/html/web/PanelServlet.shtml]" classname="jmri.util.FileLineEndingsTest" time="0"/>
  <testcase name="lineEndings[./help/fr/html/web/XMLIO.shtml]" classname="jmri.util.FileLineEndingsTest" time="0"/>
  <testcase name="lineEndings[./help/fr/html/web/FrameServlet.shtml]" classname="jmri.util.FileLineEndingsTest" time="0.001"/>
  <testcase name="lineEndings[./help/fr/html/web/RosterServlet.shtml]" classname="jmri.util.FileLineEndingsTest" time="0.001"/>
  <testcase name="lineEndings[./help/fr/html/web/index.shtml]" classname="jmri.util.FileLineEndingsTest" time="0"/>
  <testcase name="lineEndings[./help/fr/html/web/JsonServlet.shtml]" classname="jmri.util.FileLineEndingsTest" time="0.001"/>
  <testcase name="lineEndings[./help/fr/html/web/MiniServer.shtml]" classname="jmri.util.FileLineEndingsTest" time="0.001"/>
  <testcase name="lineEndings[./help/fr/html/web/WebServer.shtml]" classname="jmri.util.FileLineEndingsTest" time="0.001"/>
  <testcase name="lineEndings[./help/fr/manual/decoderPro/Adv_start.shtml]" classname="jmri.util.FileLineEndingsTest" time="0"/>
  <testcase name="lineEndings[./help/fr/manual/decoderPro/Adv_FunctionLabel.shtml]" classname="jmri.util.FileLineEndingsTest" time="0.001"/>
  <testcase name="lineEndings[./help/fr/manual/decoderPro/Adv_RosterMedia.shtml]" classname="jmri.util.FileLineEndingsTest" time="0.001"/>
  <testcase name="lineEndings[./help/fr/manual/decoderPro/Basic_BasicPane.shtml]" classname="jmri.util.FileLineEndingsTest" time="0.001"/>
  <testcase name="lineEndings[./help/fr/manual/index.shtml]" classname="jmri.util.FileLineEndingsTest" time="0"/>
  <testcase name="lineEndings[./help/fr/index.shtml]" classname="jmri.util.FileLineEndingsTest" time="0.001"/>
  <testcase name="lineEndings[./help/fr/TemplateBar.shtml]" classname="jmri.util.FileLineEndingsTest" time="0.001"/>
  <testcase name="lineEndings[./help/fr/glossary/index.shtml]" classname="jmri.util.FileLineEndingsTest" time="0.001"/>
  <testcase name="lineEndings[./help/fr/TemplatePlain.shtml]" classname="jmri.util.FileLineEndingsTest" time="0.001"/>
  <testcase name="lineEndings[./help/fr/webindex.shtml]" classname="jmri.util.FileLineEndingsTest" time="0"/>
  <testcase name="lineEndings[./help/fr/Acknowledgements.shtml]" classname="jmri.util.FileLineEndingsTest" time="0.001"/>
  <testcase name="lineEndings[./help/fr/webtoc.shtml]" classname="jmri.util.FileLineEndingsTest" time="0.001"/>
  <testcase name="lineEndings[./jython/HEADER.html]" classname="jmri.util.FileLineEndingsTest" time="0.001"/>
  <testcase name="lineEndings[./resources/samples.html]" classname="jmri.util.FileLineEndingsTest" time="0.001"/>
  <testcase name="lineEndings[./java/src/jmri/jmrit/display/configurexml/SignalMastIconXml.java]" classname="jmri.util.FileLineEndingsTest" time="0"/>
  <testcase name="lineEndings[./java/src/jmri/jmrit/display/configurexml/LinkingLabelXml.java]" classname="jmri.util.FileLineEndingsTest" time="0.001"/>
  <testcase name="lineEndings[./java/src/jmri/jmrit/display/configurexml/LayoutTurnoutXml.java]" classname="jmri.util.FileLineEndingsTest" time="0.001"/>
  <testcase name="lineEndings[./java/src/jmri/jmrit/display/configurexml/MultiSensorIconXml.java]" classname="jmri.util.FileLineEndingsTest" time="0.001"/>
  <testcase name="lineEndings[./java/src/jmri/jmrit/display/configurexml/IndicatorTurnoutIconXml.java]" classname="jmri.util.FileLineEndingsTest" time="0"/>
  <testcase name="lineEndings[./java/src/jmri/jmrit/display/configurexml/LayoutBlockManagerXml.java]" classname="jmri.util.FileLineEndingsTest" time="0.001"/>
  <testcase name="lineEndings[./java/src/jmri/jmrit/display/configurexml/BlockContentsIconXml.java]" classname="jmri.util.FileLineEndingsTest" time="0.001"/>
  <testcase name="lineEndings[./java/src/jmri/jmrit/display/configurexml/LocoIconXml.java]" classname="jmri.util.FileLineEndingsTest" time="0.001"/>
  <testcase name="lineEndings[./java/src/jmri/jmrit/display/configurexml/LightIconXml.java]" classname="jmri.util.FileLineEndingsTest" time="0"/>
  <testcase name="lineEndings[./java/src/jmri/jmrit/display/configurexml/MemoryComboIconXml.java]" classname="jmri.util.FileLineEndingsTest" time="0.001"/>
  <testcase name="lineEndings[./java/src/jmri/jmrit/display/configurexml/SensorIconXml.java]" classname="jmri.util.FileLineEndingsTest" time="0.001"/>
  <testcase name="lineEndings[./java/src/jmri/jmrit/display/configurexml/MemoryIconXml.java]" classname="jmri.util.FileLineEndingsTest" time="0.001"/>
  <testcase name="lineEndings[./java/src/jmri/jmrit/display/configurexml/PositionableLabelXml.java]" classname="jmri.util.FileLineEndingsTest" time="0"/>
  <testcase name="lineEndings[./java/src/jmri/jmrit/display/configurexml/PositionablePointXml.java]" classname="jmri.util.FileLineEndingsTest" time="0.001"/>
  <testcase name="lineEndings[./java/src/jmri/jmrit/display/configurexml/AnalogClock2DisplayXml.java]" classname="jmri.util.FileLineEndingsTest" time="0.001"/>
  <testcase name="lineEndings[./java/src/jmri/jmrit/display/configurexml/MemoryInputIconXml.java]" classname="jmri.util.FileLineEndingsTest" time="0.001"/>
  <testcase name="lineEndings[./java/src/jmri/jmrit/display/configurexml/RpsPositionIconXml.java]" classname="jmri.util.FileLineEndingsTest" time="0"/>
  <testcase name="lineEndings[./java/src/jmri/jmrit/display/configurexml/SignalHeadIconXml.java]" classname="jmri.util.FileLineEndingsTest" time="0.001"/>
  <testcase name="lineEndings[./java/src/jmri/jmrit/display/configurexml/MemorySpinnerIconXml.java]" classname="jmri.util.FileLineEndingsTest" time="0.001"/>
  <testcase name="lineEndings[./java/src/jmri/jmrit/display/configurexml/TurnoutIconXml.java]" classname="jmri.util.FileLineEndingsTest" time="0.001"/>
  <testcase name="lineEndings[./java/src/jmri/jmrit/display/configurexml/ReporterIconXml.java]" classname="jmri.util.FileLineEndingsTest" time="0"/>
  <testcase name="lineEndings[./java/src/jmri/jmrit/display/configurexml/LayoutTurntableXml.java]" classname="jmri.util.FileLineEndingsTest" time="0.001"/>
  <testcase name="lineEndings[./java/src/jmri/jmrit/display/configurexml/TrackSegmentXml.java]" classname="jmri.util.FileLineEndingsTest" time="0.001"/>
  <testcase name="lineEndings[./java/src/jmri/jmrit/display/configurexml/SlipTurnoutIconXml.java]" classname="jmri.util.FileLineEndingsTest" time="0"/>
  <testcase name="lineEndings[./java/src/jmri/jmrit/display/configurexml/IndicatorTrackIconXml.java]" classname="jmri.util.FileLineEndingsTest" time="0.001"/>
  <testcase name="lineEndings[./java/src/jmri/jmrit/display/panelEditor/Bundle.java]" classname="jmri.util.FileLineEndingsTest" time="0.001"/>
  <testcase name="lineEndings[./java/src/jmri/jmrit/display/panelEditor/PanelEditor.java]" classname="jmri.util.FileLineEndingsTest" time="0.001"/>
  <testcase name="lineEndings[./java/src/jmri/jmrit/display/panelEditor/PanelEditorAction.java]" classname="jmri.util.FileLineEndingsTest" time="0.001"/>
  <testcase name="lineEndings[./java/src/jmri/jmrit/display/panelEditor/configurexml/PanelEditorXml.java]" classname="jmri.util.FileLineEndingsTest" time="0"/>
  <testcase name="lineEndings[./java/src/jmri/jmrit/display/controlPanelEditor/CircuitBuilder.java]" classname="jmri.util.FileLineEndingsTest" time="0.001"/>
  <testcase name="lineEndings[./java/src/jmri/jmrit/display/controlPanelEditor/shape/DrawCircle.java]" classname="jmri.util.FileLineEndingsTest" time="0.001"/>
  <testcase name="lineEndings[./java/src/jmri/jmrit/display/controlPanelEditor/shape/PositionablePolygon.java]" classname="jmri.util.FileLineEndingsTest" time="0.001"/>
  <testcase name="lineEndings[./java/src/jmri/jmrit/display/controlPanelEditor/shape/DrawEllipse.java]" classname="jmri.util.FileLineEndingsTest" time="0.001"/>
  <testcase name="lineEndings[./java/src/jmri/jmrit/display/controlPanelEditor/shape/PositionableCircle.java]" classname="jmri.util.FileLineEndingsTest" time="0"/>
  <testcase name="lineEndings[./java/src/jmri/jmrit/display/controlPanelEditor/shape/configurexml/LocoLabelXml.java]" classname="jmri.util.FileLineEndingsTest" time="0.001"/>
  <testcase name="lineEndings[./java/src/jmri/jmrit/display/controlPanelEditor/shape/configurexml/PositionableRoundRectXml.java]" classname="jmri.util.FileLineEndingsTest" time="0.001"/>
  <testcase name="lineEndings[./java/src/jmri/jmrit/display/controlPanelEditor/shape/configurexml/PositionableEllipseXml.java]" classname="jmri.util.FileLineEndingsTest" time="0.001"/>
  <testcase name="lineEndings[./java/src/jmri/jmrit/display/controlPanelEditor/shape/configurexml/PositionablePolygonXml.java]" classname="jmri.util.FileLineEndingsTest" time="0"/>
  <testcase name="lineEndings[./java/src/jmri/jmrit/display/controlPanelEditor/shape/configurexml/PositionableRectangleXml.java]" classname="jmri.util.FileLineEndingsTest" time="0.001"/>
  <testcase name="lineEndings[./java/src/jmri/jmrit/display/controlPanelEditor/shape/configurexml/PositionableCircleXml.java]" classname="jmri.util.FileLineEndingsTest" time="0.001"/>
  <testcase name="lineEndings[./java/src/jmri/jmrit/display/controlPanelEditor/shape/configurexml/PositionableShapeXml.java]" classname="jmri.util.FileLineEndingsTest" time="0.001"/>
  <testcase name="lineEndings[./java/src/jmri/jmrit/display/controlPanelEditor/shape/Bundle.java]" classname="jmri.util.FileLineEndingsTest" time="0"/>
  <testcase name="lineEndings[./java/src/jmri/jmrit/display/controlPanelEditor/shape/PositionableRoundRect.java]" classname="jmri.util.FileLineEndingsTest" time="0.001"/>
  <testcase name="lineEndings[./java/src/jmri/jmrit/display/controlPanelEditor/shape/PositionableEllipse.java]" classname="jmri.util.FileLineEndingsTest" time="0.001"/>
  <testcase name="lineEndings[./java/src/jmri/jmrit/display/controlPanelEditor/shape/PositionableShape.java]" classname="jmri.util.FileLineEndingsTest" time="0.001"/>
  <testcase name="lineEndings[./java/src/jmri/jmrit/display/controlPanelEditor/shape/ShapeDrawer.java]" classname="jmri.util.FileLineEndingsTest" time="0"/>
  <testcase name="lineEndings[./java/src/jmri/jmrit/display/controlPanelEditor/shape/DrawFrame.java]" classname="jmri.util.FileLineEndingsTest" time="0.001"/>
  <testcase name="lineEndings[./java/src/jmri/jmrit/display/controlPanelEditor/shape/DrawRoundRect.java]" classname="jmri.util.FileLineEndingsTest" time="0.001"/>
  <testcase name="lineEndings[./java/src/jmri/jmrit/display/controlPanelEditor/shape/LocoLabel.java]" classname="jmri.util.FileLineEndingsTest" time="0.001"/>
  <testcase name="lineEndings[./java/src/jmri/jmrit/display/controlPanelEditor/shape/DrawPolygon.java]" classname="jmri.util.FileLineEndingsTest" time="0"/>
  <testcase name="lineEndings[./java/src/jmri/jmrit/display/controlPanelEditor/shape/PositionableRectangle.java]" classname="jmri.util.FileLineEndingsTest" time="0"/>
  <testcase name="lineEndings[./java/src/jmri/jmrit/display/controlPanelEditor/shape/DrawRectangle.java]" classname="jmri.util.FileLineEndingsTest" time="0.001"/>
  <testcase name="lineEndings[./java/src/jmri/jmrit/display/controlPanelEditor/EditPortalDirection.java]" classname="jmri.util.FileLineEndingsTest" time="0.001"/>
  <testcase name="lineEndings[./java/src/jmri/jmrit/display/controlPanelEditor/Bundle.java]" classname="jmri.util.FileLineEndingsTest" time="0"/>
  <testcase name="lineEndings[./java/src/jmri/jmrit/display/controlPanelEditor/PortalIcon.java]" classname="jmri.util.FileLineEndingsTest" time="0.001"/>
  <testcase name="lineEndings[./java/src/jmri/jmrit/display/controlPanelEditor/EditCircuitPaths.java]" classname="jmri.util.FileLineEndingsTest" time="0.001"/>
  <testcase name="lineEndings[./java/src/jmri/jmrit/display/controlPanelEditor/configurexml/PortalIconXml.java]" classname="jmri.util.FileLineEndingsTest" time="0.001"/>
  <testcase name="lineEndings[./java/src/jmri/jmrit/display/controlPanelEditor/configurexml/ControlPanelEditorXml.java]" classname="jmri.util.FileLineEndingsTest" time="0.001"/>
  <testcase name="lineEndings[./java/src/jmri/jmrit/display/controlPanelEditor/ControlPanelEditor.java]" classname="jmri.util.FileLineEndingsTest" time="0.001"/>
  <testcase name="lineEndings[./java/src/jmri/jmrit/display/controlPanelEditor/PortalList.java]" classname="jmri.util.FileLineEndingsTest" time="0"/>
  <testcase name="lineEndings[./java/src/jmri/jmrit/display/controlPanelEditor/EditCircuitFrame.java]" classname="jmri.util.FileLineEndingsTest" time="0.001"/>
  <testcase name="lineEndings[./java/src/jmri/jmrit/display/controlPanelEditor/ControlPanelEditorAction.java]" classname="jmri.util.FileLineEndingsTest" time="0.001"/>
  <testcase name="lineEndings[./java/src/jmri/jmrit/display/controlPanelEditor/EditPortalFrame.java]" classname="jmri.util.FileLineEndingsTest" time="0.001"/>
  <testcase name="lineEndings[./java/src/jmri/jmrit/display/palette/DecoratorPanel.java]" classname="jmri.util.FileLineEndingsTest" time="0.001"/>
  <testcase name="lineEndings[./java/src/jmri/jmrit/display/palette/DropJLabel.java]" classname="jmri.util.FileLineEndingsTest" time="0"/>
  <testcase name="lineEndings[./java/src/jmri/jmrit/display/palette/MultiSensorIconDialog.java]" classname="jmri.util.FileLineEndingsTest" time="0.001"/>
  <testcase name="lineEndings[./java/src/jmri/jmrit/display/palette/Bundle.java]" classname="jmri.util.FileLineEndingsTest" time="0.001"/>
  <testcase name="lineEndings[./java/src/jmri/jmrit/display/palette/ClockItemPanel.java]" classname="jmri.util.FileLineEndingsTest" time="0"/>
  <testcase name="lineEndings[./java/src/jmri/jmrit/display/palette/BackgroundItemPanel.java]" classname="jmri.util.FileLineEndingsTest" time="0.001"/>
  <testcase name="lineEndings[./java/src/jmri/jmrit/display/palette/TextItemPanel.java]" classname="jmri.util.FileLineEndingsTest" time="0.001"/>
  <testcase name="lineEndings[./java/src/jmri/jmrit/display/palette/MemoryItemPanel.java]" classname="jmri.util.FileLineEndingsTest" time="0.001"/>
  <testcase name="lineEndings[./java/src/jmri/jmrit/display/palette/ItemPalette.java]" classname="jmri.util.FileLineEndingsTest" time="0.001"/>
  <testcase name="lineEndings[./java/src/jmri/jmrit/display/palette/ItemPanel.java]" classname="jmri.util.FileLineEndingsTest" time="0"/>
  <testcase name="lineEndings[./java/src/jmri/jmrit/display/palette/IconItemPanel.java]" classname="jmri.util.FileLineEndingsTest" time="0.001"/>
  <testcase name="lineEndings[./java/src/jmri/jmrit/display/palette/TableItemPanel.java]" classname="jmri.util.FileLineEndingsTest" time="0.001"/>
  <testcase name="lineEndings[./java/src/jmri/jmrit/display/palette/DragJComponent.java]" classname="jmri.util.FileLineEndingsTest" time="0.001"/>
  <testcase name="lineEndings[./java/src/jmri/jmrit/display/palette/SignalHeadItemPanel.java]" classname="jmri.util.FileLineEndingsTest" time="0"/>
  <testcase name="lineEndings[./java/src/jmri/jmrit/display/palette/IndicatorTOItemPanel.java]" classname="jmri.util.FileLineEndingsTest" time="0.002"/>
  <testcase name="lineEndings[./java/src/jmri/jmrit/display/palette/ItemDialog.java]" classname="jmri.util.FileLineEndingsTest" time="0"/>
  <testcase name="lineEndings[./java/src/jmri/jmrit/display/palette/SignalMastItemPanel.java]" classname="jmri.util.FileLineEndingsTest" time="0.001"/>
  <testcase name="lineEndings[./java/src/jmri/jmrit/display/palette/IndicatorTOIconDialog.java]" classname="jmri.util.FileLineEndingsTest" time="0.001"/>
  <testcase name="lineEndings[./java/src/jmri/jmrit/display/palette/RPSItemPanel.java]" classname="jmri.util.FileLineEndingsTest" time="0"/>
  <testcase name="lineEndings[./java/src/jmri/jmrit/display/palette/IconDialog.java]" classname="jmri.util.FileLineEndingsTest" time="0.001"/>
  <testcase name="lineEndings[./java/src/jmri/jmrit/display/palette/FamilyItemPanel.java]" classname="jmri.util.FileLineEndingsTest" time="0.001"/>
  <testcase name="lineEndings[./java/src/jmri/jmrit/display/palette/MultiSensorItemPanel.java]" classname="jmri.util.FileLineEndingsTest" time="0.001"/>
  <testcase name="lineEndings[./java/src/jmri/jmrit/display/palette/InitEventListener.java]" classname="jmri.util.FileLineEndingsTest" time="0.001"/>
  <testcase name="lineEndings[./java/src/jmri/jmrit/display/palette/IndicatorItemPanel.java]" classname="jmri.util.FileLineEndingsTest" time="0"/>
  <testcase name="lineEndings[./java/src/jmri/jmrit/display/palette/SignalHeadIconDialog.java]" classname="jmri.util.FileLineEndingsTest" time="0.001"/>
  <testcase name="lineEndings[./java/src/jmri/jmrit/display/palette/ReporterItemPanel.java]" classname="jmri.util.FileLineEndingsTest" time="0.001"/>
  <testcase name="lineEndings[./java/src/jmri/jmrit/display/palette/DetectionPanel.java]" classname="jmri.util.FileLineEndingsTest" time="0.001"/>
  <testcase name="lineEndings[./java/src/jmri/jmrit/display/palette/PortalItemPanel.java]" classname="jmri.util.FileLineEndingsTest" time="0"/>
  <testcase name="lineEndings[./java/src/jmri/jmrit/display/switchboardEditor/configurexml/SwitchboardEditorClassMigration.java]" classname="jmri.util.FileLineEndingsTest" time="0.001"/>
  <testcase name="lineEndings[./java/src/jmri/jmrit/display/switchboardEditor/configurexml/SwitchboardEditorXml.java]" classname="jmri.util.FileLineEndingsTest" time="0.001"/>
  <testcase name="lineEndings[./java/src/jmri/jmrit/display/switchboardEditor/configurexml/BeanSwitchXml.java]" classname="jmri.util.FileLineEndingsTest" time="0.001"/>
  <testcase name="lineEndings[./java/src/jmri/jmrit/display/switchboardEditor/SwitchboardEditor.java]" classname="jmri.util.FileLineEndingsTest" time="0"/>
  <testcase name="lineEndings[./java/src/jmri/jmrit/display/switchboardEditor/Bundle.java]" classname="jmri.util.FileLineEndingsTest" time="0.001"/>
  <testcase name="lineEndings[./java/src/jmri/jmrit/display/switchboardEditor/SwitchboardEditorAction.java]" classname="jmri.util.FileLineEndingsTest" time="0.001"/>
  <testcase name="lineEndings[./java/src/jmri/jmrit/display/switchboardEditor/BeanSwitch.java]" classname="jmri.util.FileLineEndingsTest" time="0.001"/>
  <testcase name="lineEndings[./java/src/jmri/jmrit/display/layoutEditor/LayoutTurntable.java]" classname="jmri.util.FileLineEndingsTest" time="0.001"/>
  <testcase name="lineEndings[./java/src/jmri/jmrit/display/layoutEditor/configurexml/LayoutTurntableXml.java]" classname="jmri.util.FileLineEndingsTest" time="0"/>
  <testcase name="lineEndings[./java/src/jmri/jmrit/display/layoutEditor/configurexml/LayoutSlipXml.java]" classname="jmri.util.FileLineEndingsTest" time="0.001"/>
  <testcase name="lineEndings[./java/src/jmri/jmrit/display/layoutEditor/configurexml/LayoutBlockManagerXml.java]" classname="jmri.util.FileLineEndingsTest" time="0.001"/>
  <testcase name="lineEndings[./java/src/jmri/jmrit/display/layoutEditor/configurexml/BlockContentsIconXml.java]" classname="jmri.util.FileLineEndingsTest" time="0.001"/>
  <testcase name="lineEndings[./java/src/jmri/jmrit/display/layoutEditor/configurexml/MemoryIconXml.java]" classname="jmri.util.FileLineEndingsTest" time="0"/>
  <testcase name="lineEndings[./java/src/jmri/jmrit/display/layoutEditor/configurexml/LevelXingXml.java]" classname="jmri.util.FileLineEndingsTest" time="0.001"/>
  <testcase name="lineEndings[./java/src/jmri/jmrit/display/layoutEditor/configurexml/TrackSegmentXml.java]" classname="jmri.util.FileLineEndingsTest" time="0.001"/>
  <testcase name="lineEndings[./java/src/jmri/jmrit/display/layoutEditor/configurexml/LayoutTurnoutXml.java]" classname="jmri.util.FileLineEndingsTest" time="0.001"/>
  <testcase name="lineEndings[./java/src/jmri/jmrit/display/layoutEditor/configurexml/Bundle.java]" classname="jmri.util.FileLineEndingsTest" time="0.001"/>
  <testcase name="lineEndings[./java/src/jmri/jmrit/display/layoutEditor/configurexml/LayoutTrackDrawingOptionsXml.java]" classname="jmri.util.FileLineEndingsTest" time="0"/>
  <testcase name="lineEndings[./java/src/jmri/jmrit/display/layoutEditor/configurexml/LayoutEditorXml.java]" classname="jmri.util.FileLineEndingsTest" time="0.001"/>
  <testcase name="lineEndings[./java/src/jmri/jmrit/display/layoutEditor/configurexml/PositionablePointXml.java]" classname="jmri.util.FileLineEndingsTest" time="0.001"/>
  <testcase name="lineEndings[./java/src/jmri/jmrit/display/layoutEditor/ConnectivityUtil.java]" classname="jmri.util.FileLineEndingsTest" time="0.001"/>
  <testcase name="lineEndings[./java/src/jmri/jmrit/display/layoutEditor/LayoutTrackDrawingOptionsDialog.java]" classname="jmri.util.FileLineEndingsTest" time="0.001"/>
  <testcase name="lineEndings[./java/src/jmri/jmrit/display/layoutEditor/blockRoutingTable/LayoutBlockRouteTableAction.java]" classname="jmri.util.FileLineEndingsTest" time="0.001"/>
  <testcase name="lineEndings[./java/src/jmri/jmrit/display/layoutEditor/blockRoutingTable/LayoutBlockThroughPathsTableModel.java]" classname="jmri.util.FileLineEndingsTest" time="0.001"/>
  <testcase name="lineEndings[./java/src/jmri/jmrit/display/layoutEditor/blockRoutingTable/LayoutBlockRouteTable.java]" classname="jmri.util.FileLineEndingsTest" time="0"/>
  <testcase name="lineEndings[./java/src/jmri/jmrit/display/layoutEditor/blockRoutingTable/LayoutBlockRouteTableModel.java]" classname="jmri.util.FileLineEndingsTest" time="0.001"/>
  <testcase name="lineEndings[./java/src/jmri/jmrit/display/layoutEditor/blockRoutingTable/LayoutBlockNeighbourTableModel.java]" classname="jmri.util.FileLineEndingsTest" time="0.001"/>
  <testcase name="lineEndings[./java/src/jmri/jmrit/display/layoutEditor/blockRoutingTable/Bundle.java]" classname="jmri.util.FileLineEndingsTest" time="0.001"/>
  <testcase name="lineEndings[./java/src/jmri/jmrit/display/layoutEditor/TransitCreationTool.java]" classname="jmri.util.FileLineEndingsTest" time="0.001"/>
  <testcase name="lineEndings[./java/src/jmri/jmrit/display/layoutEditor/LayoutTrackExpectedState.java]" classname="jmri.util.FileLineEndingsTest" time="0"/>
  <testcase name="lineEndings[./java/src/jmri/jmrit/display/layoutEditor/LayoutEditorAuxTools.java]" classname="jmri.util.FileLineEndingsTest" time="0.001"/>
  <testcase name="lineEndings[./java/src/jmri/jmrit/display/layoutEditor/LevelXing.java]" classname="jmri.util.FileLineEndingsTest" time="0.001"/>
  <testcase name="lineEndings[./java/src/jmri/jmrit/display/layoutEditor/LayoutEditorAction.java]" classname="jmri.util.FileLineEndingsTest" time="0.001"/>
  <testcase name="lineEndings[./java/src/jmri/jmrit/display/layoutEditor/LayoutBlockConnectivityTools.java]" classname="jmri.util.FileLineEndingsTest" time="0.001"/>
  <testcase name="lineEndings[./java/src/jmri/jmrit/display/layoutEditor/LayoutTurnout.java]" classname="jmri.util.FileLineEndingsTest" time="0.001"/>
  <testcase name="lineEndings[./java/src/jmri/jmrit/display/layoutEditor/LayoutEditorFindItems.java]" classname="jmri.util.FileLineEndingsTest" time="0.001"/>
  <testcase name="lineEndings[./java/src/jmri/jmrit/display/layoutEditor/TrackNode.java]" classname="jmri.util.FileLineEndingsTest" time="0.001"/>
  <testcase name="lineEndings[./java/src/jmri/jmrit/display/layoutEditor/LayoutEditorChecks.java]" classname="jmri.util.FileLineEndingsTest" time="0.001"/>
  <testcase name="lineEndings[./java/src/jmri/jmrit/display/layoutEditor/MultiSensorIconFrame.java]" classname="jmri.util.FileLineEndingsTest" time="0"/>
  <testcase name="lineEndings[./java/src/jmri/jmrit/display/layoutEditor/LayoutSlip.java]" classname="jmri.util.FileLineEndingsTest" time="0.001"/>
  <testcase name="lineEndings[./java/src/jmri/jmrit/display/layoutEditor/TrackSegment.java]" classname="jmri.util.FileLineEndingsTest" time="0.002"/>
  <testcase name="lineEndings[./java/src/jmri/jmrit/display/layoutEditor/LayoutEditorTools.java]" classname="jmri.util.FileLineEndingsTest" time="0.003"/>
  <testcase name="lineEndings[./java/src/jmri/jmrit/display/layoutEditor/LayoutBlockManager.java]" classname="jmri.util.FileLineEndingsTest" time="0.001"/>
  <testcase name="lineEndings[./java/src/jmri/jmrit/display/layoutEditor/MultiIconEditor.java]" classname="jmri.util.FileLineEndingsTest" time="0.001"/>
  <testcase name="lineEndings[./java/src/jmri/jmrit/display/layoutEditor/LayoutEditorComponent.java]" classname="jmri.util.FileLineEndingsTest" time="0"/>
  <testcase name="lineEndings[./java/src/jmri/jmrit/display/layoutEditor/LayoutTrackEditors.java]" classname="jmri.util.FileLineEndingsTest" time="0.002"/>
  <testcase name="lineEndings[./java/src/jmri/jmrit/display/layoutEditor/Bundle.java]" classname="jmri.util.FileLineEndingsTest" time="0"/>
  <testcase name="lineEndings[./java/src/jmri/jmrit/display/layoutEditor/LayoutEditor.java]" classname="jmri.util.FileLineEndingsTest" time="0.002"/>
  <testcase name="lineEndings[./java/src/jmri/jmrit/display/layoutEditor/LayoutTrack.java]" classname="jmri.util.FileLineEndingsTest" time="0.001"/>
  <testcase name="lineEndings[./java/src/jmri/jmrit/display/layoutEditor/LayoutBlock.java]" classname="jmri.util.FileLineEndingsTest" time="0.002"/>
  <testcase name="lineEndings[./java/src/jmri/jmrit/display/layoutEditor/LayoutTrackDrawingOptions.java]" classname="jmri.util.FileLineEndingsTest" time="0"/>
  <testcase name="lineEndings[./java/src/jmri/jmrit/display/layoutEditor/MemoryIcon.java]" classname="jmri.util.FileLineEndingsTest" time="0.001"/>
  <testcase name="lineEndings[./java/src/jmri/jmrit/display/layoutEditor/BlockContentsIcon.java]" classname="jmri.util.FileLineEndingsTest" time="0.001"/>
  <testcase name="lineEndings[./java/src/jmri/jmrit/display/layoutEditor/PositionablePoint.java]" classname="jmri.util.FileLineEndingsTest" time="0.001"/>
  <testcase name="lineEndings[./java/src/jmri/jmrit/display/layoutEditor/LayoutConnectivity.java]" classname="jmri.util.FileLineEndingsTest" time="0.001"/>
  <testcase name="lineEndings[./java/src/jmri/jmrit/display/layoutEditor/BlockValueFile.java]" classname="jmri.util.FileLineEndingsTest" time="0"/>
  <testcase name="lineEndings[./java/src/jmri/jmrit/display/Editor.java]" classname="jmri.util.FileLineEndingsTest" time="0.001"/>
  <testcase name="lineEndings[./java/src/jmri/jmrit/display/MultiSensorIcon.java]" classname="jmri.util.FileLineEndingsTest" time="0.001"/>
  <testcase name="lineEndings[./java/src/jmri/jmrit/display/PositionableJPanel.java]" classname="jmri.util.FileLineEndingsTest" time="0.001"/>
  <testcase name="lineEndings[./java/src/jmri/jmrit/display/Positionable.java]" classname="jmri.util.FileLineEndingsTest" time="0.001"/>
  <testcase name="lineEndings[./java/src/jmri/jmrit/display/SlipTurnoutIcon.java]" classname="jmri.util.FileLineEndingsTest" time="0.001"/>
  <testcase name="lineEndings[./java/src/jmri/jmrit/display/LinkingLabel.java]" classname="jmri.util.FileLineEndingsTest" time="0"/>
  <testcase name="lineEndings[./java/src/jmri/jmrit/display/MultiIconEditor.java]" classname="jmri.util.FileLineEndingsTest" time="0.001"/>
  <testcase name="lineEndings[./java/src/jmri/jmrit/display/TurnoutIcon.java]" classname="jmri.util.FileLineEndingsTest" time="0.001"/>
  <testcase name="lineEndings[./java/src/jmri/jmrit/display/Bundle.java]" classname="jmri.util.FileLineEndingsTest" time="0.001"/>
  <testcase name="lineEndings[./java/src/jmri/jmrit/display/PositionableJComponent.java]" classname="jmri.util.FileLineEndingsTest" time="0"/>
  <testcase name="lineEndings[./java/src/jmri/jmrit/display/CoordinateEdit.java]" classname="jmri.util.FileLineEndingsTest" time="0.001"/>
  <testcase name="lineEndings[./java/src/jmri/jmrit/display/DisplayFrame.java]" classname="jmri.util.FileLineEndingsTest" time="0.001"/>
  <testcase name="lineEndings[./java/src/jmri/jmrit/display/LinkingObject.java]" classname="jmri.util.FileLineEndingsTest" time="0.001"/>
  <testcase name="lineEndings[./java/src/jmri/jmrit/display/RpsPositionIcon.java]" classname="jmri.util.FileLineEndingsTest" time="0"/>
  <testcase name="lineEndings[./java/src/jmri/jmrit/display/PositionableIcon.java]" classname="jmri.util.FileLineEndingsTest" time="0.001"/>
  <testcase name="lineEndings[./java/src/jmri/jmrit/display/IndicatorTrackPaths.java]" classname="jmri.util.FileLineEndingsTest" time="0.001"/>
  <testcase name="lineEndings[./java/src/jmri/jmrit/display/MemoryComboIcon.java]" classname="jmri.util.FileLineEndingsTest" time="0.001"/>
  <testcase name="lineEndings[./java/src/jmri/jmrit/display/MemoryIconCoordinateEdit.java]" classname="jmri.util.FileLineEndingsTest" time="0"/>
  <testcase name="lineEndings[./java/src/jmri/jmrit/display/PanelMenu.java]" classname="jmri.util.FileLineEndingsTest" time="0.001"/>
  <testcase name="lineEndings[./java/src/jmri/jmrit/display/PositionablePopupUtil.java]" classname="jmri.util.FileLineEndingsTest" time="0.001"/>
  <testcase name="lineEndings[./java/src/jmri/jmrit/display/SignalMastIcon.java]" classname="jmri.util.FileLineEndingsTest" time="0.001"/>
  <testcase name="lineEndings[./java/src/jmri/jmrit/display/AnalogClock2Display.java]" classname="jmri.util.FileLineEndingsTest" time="0"/>
  <testcase name="lineEndings[./java/src/jmri/jmrit/display/MemoryIcon.java]" classname="jmri.util.FileLineEndingsTest" time="0.001"/>
  <testcase name="lineEndings[./java/src/jmri/jmrit/display/NewPanelAction.java]" classname="jmri.util.FileLineEndingsTest" time="0.001"/>
  <testcase name="lineEndings[./java/src/jmri/jmrit/display/MultiSensorIconAdder.java]" classname="jmri.util.FileLineEndingsTest" time="0.001"/>
  <testcase name="lineEndings[./java/src/jmri/jmrit/display/LightIcon.java]" classname="jmri.util.FileLineEndingsTest" time="0"/>
  <testcase name="lineEndings[./java/src/jmri/jmrit/display/LocoIcon.java]" classname="jmri.util.FileLineEndingsTest" time="0"/>
  <testcase name="lineEndings[./java/src/jmri/jmrit/display/MemorySpinnerIcon.java]" classname="jmri.util.FileLineEndingsTest" time="0.001"/>
  <testcase name="lineEndings[./java/src/jmri/jmrit/display/PositionablePropertiesUtil.java]" classname="jmri.util.FileLineEndingsTest" time="0.001"/>
  <testcase name="lineEndings[./java/src/jmri/jmrit/display/IndicatorTurnoutIcon.java]" classname="jmri.util.FileLineEndingsTest" time="0.001"/>
  <testcase name="lineEndings[./java/src/jmri/jmrit/display/SignalHeadIcon.java]" classname="jmri.util.FileLineEndingsTest" time="0"/>
  <testcase name="lineEndings[./java/src/jmri/jmrit/display/MemoryInputIcon.java]" classname="jmri.util.FileLineEndingsTest" time="0.001"/>
  <testcase name="lineEndings[./java/src/jmri/jmrit/display/SlipTurnoutTextEdit.java]" classname="jmri.util.FileLineEndingsTest" time="0.001"/>
  <testcase name="lineEndings[./java/src/jmri/jmrit/display/IconAdder.java]" classname="jmri.util.FileLineEndingsTest" time="0.001"/>
  <testcase name="lineEndings[./java/src/jmri/jmrit/display/SlipIconAdder.java]" classname="jmri.util.FileLineEndingsTest" time="0.001"/>
  <testcase name="lineEndings[./java/src/jmri/jmrit/display/IndicatorTrackIcon.java]" classname="jmri.util.FileLineEndingsTest" time="0"/>
  <testcase name="lineEndings[./java/src/jmri/jmrit/display/IndicatorTrack.java]" classname="jmri.util.FileLineEndingsTest" time="0.001"/>
  <testcase name="lineEndings[./java/src/jmri/jmrit/display/SensorTextEdit.java]" classname="jmri.util.FileLineEndingsTest" time="0.001"/>
  <testcase name="lineEndings[./java/src/jmri/jmrit/display/ReporterIcon.java]" classname="jmri.util.FileLineEndingsTest" time="0"/>
  <testcase name="lineEndings[./java/src/jmri/jmrit/display/BlockContentsIcon.java]" classname="jmri.util.FileLineEndingsTest" time="0.001"/>
  <testcase name="lineEndings[./java/src/jmri/jmrit/display/ToolTip.java]" classname="jmri.util.FileLineEndingsTest" time="0.001"/>
  <testcase name="lineEndings[./java/src/jmri/jmrit/display/SensorIcon.java]" classname="jmri.util.FileLineEndingsTest" time="0.001"/>
  <testcase name="lineEndings[./java/src/jmri/jmrit/display/PositionableLabel.java]" classname="jmri.util.FileLineEndingsTest" time="0.001"/>
  <testcase name="lineEndings[./java/src/jmri/jmrit/beantable/SignalMastLogicTableAction.java]" classname="jmri.util.FileLineEndingsTest" time="0.001"/>
  <testcase name="lineEndings[./java/src/jmri/jmrit/beantable/AudioTableAction.java]" classname="jmri.util.FileLineEndingsTest" time="0"/>
  <testcase name="lineEndings[./java/src/jmri/jmrit/beantable/SignalHeadTableAction.java]" classname="jmri.util.FileLineEndingsTest" time="0.002"/>
  <testcase name="lineEndings[./java/src/jmri/jmrit/beantable/MemoryTableAction.java]" classname="jmri.util.FileLineEndingsTest" time="0"/>
  <testcase name="lineEndings[./java/src/jmri/jmrit/beantable/AddNewBeanPanel.java]" classname="jmri.util.FileLineEndingsTest" time="0.001"/>
  <testcase name="lineEndings[./java/src/jmri/jmrit/beantable/RowComboBoxPanel.java]" classname="jmri.util.FileLineEndingsTest" time="0.001"/>
  <testcase name="lineEndings[./java/src/jmri/jmrit/beantable/BeanTableDataModel.java]" classname="jmri.util.FileLineEndingsTest" time="0.001"/>
  <testcase name="lineEndings[./java/src/jmri/jmrit/beantable/signalmast/SignalMastRepeaterPanel.java]" classname="jmri.util.FileLineEndingsTest" time="0"/>
  <testcase name="lineEndings[./java/src/jmri/jmrit/beantable/signalmast/AddSignalMastJFrame.java]" classname="jmri.util.FileLineEndingsTest" time="0.001"/>
  <testcase name="lineEndings[./java/src/jmri/jmrit/beantable/signalmast/Bundle.java]" classname="jmri.util.FileLineEndingsTest" time="0.001"/>
  <testcase name="lineEndings[./java/src/jmri/jmrit/beantable/signalmast/AddSignalMastPanel.java]" classname="jmri.util.FileLineEndingsTest" time="0.001"/>
  <testcase name="lineEndings[./java/src/jmri/jmrit/beantable/signalmast/SignalMastRepeaterJFrame.java]" classname="jmri.util.FileLineEndingsTest" time="0.001"/>
  <testcase name="lineEndings[./java/src/jmri/jmrit/beantable/signalmast/SignalMastTableDataModel.java]" classname="jmri.util.FileLineEndingsTest" time="0.001"/>
  <testcase name="lineEndings[./java/src/jmri/jmrit/beantable/LRouteTableAction.java]" classname="jmri.util.FileLineEndingsTest" time="0.001"/>
  <testcase name="lineEndings[./java/src/jmri/jmrit/beantable/IdTagTableAction.java]" classname="jmri.util.FileLineEndingsTest" time="0"/>
  <testcase name="lineEndings[./java/src/jmri/jmrit/beantable/SignalGroupTableAction.java]" classname="jmri.util.FileLineEndingsTest" time="0.001"/>
  <testcase name="lineEndings[./java/src/jmri/jmrit/beantable/sensor/Bundle.java]" classname="jmri.util.FileLineEndingsTest" time="0.001"/>
  <testcase name="lineEndings[./java/src/jmri/jmrit/beantable/sensor/SensorTableDataModel.java]" classname="jmri.util.FileLineEndingsTest" time="0.001"/>
  <testcase name="lineEndings[./java/src/jmri/jmrit/beantable/oblock/BlockPortalTableModel.java]" classname="jmri.util.FileLineEndingsTest" time="0.001"/>
  <testcase name="lineEndings[./java/src/jmri/jmrit/beantable/oblock/OBlockTableModel.java]" classname="jmri.util.FileLineEndingsTest" time="0"/>
  <testcase name="lineEndings[./java/src/jmri/jmrit/beantable/oblock/Bundle.java]" classname="jmri.util.FileLineEndingsTest" time="0"/>
  <testcase name="lineEndings[./java/src/jmri/jmrit/beantable/oblock/TableFrames.java]" classname="jmri.util.FileLineEndingsTest" time="0.001"/>
  <testcase name="lineEndings[./java/src/jmri/jmrit/beantable/oblock/BlockPathTableModel.java]" classname="jmri.util.FileLineEndingsTest" time="0.001"/>
  <testcase name="lineEndings[./java/src/jmri/jmrit/beantable/oblock/PathTurnoutTableModel.java]" classname="jmri.util.FileLineEndingsTest" time="0.001"/>
  <testcase name="lineEndings[./java/src/jmri/jmrit/beantable/oblock/PortalTableModel.java]" classname="jmri.util.FileLineEndingsTest" time="0"/>
  <testcase name="lineEndings[./java/src/jmri/jmrit/beantable/oblock/DnDJTable.java]" classname="jmri.util.FileLineEndingsTest" time="0.001"/>
  <testcase name="lineEndings[./java/src/jmri/jmrit/beantable/oblock/SignalTableModel.java]" classname="jmri.util.FileLineEndingsTest" time="0.001"/>
  <testcase name="lineEndings[./java/src/jmri/jmrit/beantable/beanedit/BeanEditAction.java]" classname="jmri.util.FileLineEndingsTest" time="0.001"/>
  <testcase name="lineEndings[./java/src/jmri/jmrit/beantable/beanedit/SensorEditAction.java]" classname="jmri.util.FileLineEndingsTest" time="0.001"/>
  <testcase name="lineEndings[./java/src/jmri/jmrit/beantable/beanedit/BeanEditItem.java]" classname="jmri.util.FileLineEndingsTest" time="0"/>
  <testcase name="lineEndings[./java/src/jmri/jmrit/beantable/beanedit/BeanItemPanel.java]" classname="jmri.util.FileLineEndingsTest" time="0.001"/>
  <testcase name="lineEndings[./java/src/jmri/jmrit/beantable/beanedit/BlockEditAction.java]" classname="jmri.util.FileLineEndingsTest" time="0.001"/>
  <testcase name="lineEndings[./java/src/jmri/jmrit/beantable/beanedit/SensorDebounceEditAction.java]" classname="jmri.util.FileLineEndingsTest" time="0.001"/>
  <testcase name="lineEndings[./java/src/jmri/jmrit/beantable/beanedit/Bundle.java]" classname="jmri.util.FileLineEndingsTest" time="0"/>
  <testcase name="lineEndings[./java/src/jmri/jmrit/beantable/beanedit/TurnoutEditAction.java]" classname="jmri.util.FileLineEndingsTest" time="0.001"/>
  <testcase name="lineEndings[./java/src/jmri/jmrit/beantable/beanedit/SensorPullUpEditAction.java]" classname="jmri.util.FileLineEndingsTest" time="0.001"/>
  <testcase name="lineEndings[./java/src/jmri/jmrit/beantable/SignalGroupSubTableAction.java]" classname="jmri.util.FileLineEndingsTest" time="0.001"/>
  <testcase name="lineEndings[./java/src/jmri/jmrit/beantable/LogixTableAction.java]" classname="jmri.util.FileLineEndingsTest" time="0.001"/>
  <testcase name="lineEndings[./java/src/jmri/jmrit/beantable/TransitTableAction.java]" classname="jmri.util.FileLineEndingsTest" time="0.001"/>
  <testcase name="lineEndings[./java/src/jmri/jmrit/beantable/SignalMastTableAction.java]" classname="jmri.util.FileLineEndingsTest" time="0.001"/>
  <testcase name="lineEndings[./java/src/jmri/jmrit/beantable/BlockTableAction.java]" classname="jmri.util.FileLineEndingsTest" time="0"/>
  <testcase name="lineEndings[./java/src/jmri/jmrit/beantable/AudioTableFrame.java]" classname="jmri.util.FileLineEndingsTest" time="0"/>
  <testcase name="lineEndings[./java/src/jmri/jmrit/beantable/SensorTableTabAction.java]" classname="jmri.util.FileLineEndingsTest" time="0.001"/>
  <testcase name="lineEndings[./java/src/jmri/jmrit/beantable/Bundle.java]" classname="jmri.util.FileLineEndingsTest" time="0.001"/>
  <testcase name="lineEndings[./java/src/jmri/jmrit/beantable/LightTableAction.java]" classname="jmri.util.FileLineEndingsTest" time="0.001"/>
  <testcase name="lineEndings[./java/src/jmri/jmrit/beantable/ListedTableAction.java]" classname="jmri.util.FileLineEndingsTest" time="0"/>
  <testcase name="lineEndings[./java/src/jmri/jmrit/beantable/AudioTablePanel.java]" classname="jmri.util.FileLineEndingsTest" time="0"/>
  <testcase name="lineEndings[./java/src/jmri/jmrit/beantable/AbstractTableAction.java]" classname="jmri.util.FileLineEndingsTest" time="0.001"/>
  <testcase name="lineEndings[./java/src/jmri/jmrit/beantable/AddNewHardwareDevicePanel.java]" classname="jmri.util.FileLineEndingsTest" time="0.001"/>
  <testcase name="lineEndings[./java/src/jmri/jmrit/beantable/TurnoutTableTabAction.java]" classname="jmri.util.FileLineEndingsTest" time="0"/>
  <testcase name="lineEndings[./java/src/jmri/jmrit/beantable/Maintenance.java]" classname="jmri.util.FileLineEndingsTest" time="0.001"/>
  <testcase name="lineEndings[./java/src/jmri/jmrit/beantable/BeanTableFrame.java]" classname="jmri.util.FileLineEndingsTest" time="0.001"/>
  <testcase name="lineEndings[./java/src/jmri/jmrit/beantable/ListedTableFrame.java]" classname="jmri.util.FileLineEndingsTest" time="0.001"/>
  <testcase name="lineEndings[./java/src/jmri/jmrit/beantable/AbstractTableTabAction.java]" classname="jmri.util.FileLineEndingsTest" time="0.001"/>
  <testcase name="lineEndings[./java/src/jmri/jmrit/beantable/AddNewDevicePanel.java]" classname="jmri.util.FileLineEndingsTest" time="0"/>
  <testcase name="lineEndings[./java/src/jmri/jmrit/beantable/EnablingCheckboxRenderer.java]" classname="jmri.util.FileLineEndingsTest" time="0.001"/>
  <testcase name="lineEndings[./java/src/jmri/jmrit/beantable/SensorTableAction.java]" classname="jmri.util.FileLineEndingsTest" time="0.001"/>
  <testcase name="lineEndings[./java/src/jmri/jmrit/beantable/OBlockTableAction.java]" classname="jmri.util.FileLineEndingsTest" time="0.001"/>
  <testcase name="lineEndings[./java/src/jmri/jmrit/beantable/TurnoutTableAction.java]" classname="jmri.util.FileLineEndingsTest" time="0.001"/>
  <testcase name="lineEndings[./java/src/jmri/jmrit/beantable/BeanTablePane.java]" classname="jmri.util.FileLineEndingsTest" time="0"/>
  <testcase name="lineEndings[./java/src/jmri/jmrit/beantable/usermessagepreferences/UserMessagePreferencesPane.java]" classname="jmri.util.FileLineEndingsTest" time="0.001"/>
  <testcase name="lineEndings[./java/src/jmri/jmrit/beantable/LightTableTabAction.java]" classname="jmri.util.FileLineEndingsTest" time="0.001"/>
  <testcase name="lineEndings[./java/src/jmri/jmrit/beantable/ReporterTableAction.java]" classname="jmri.util.FileLineEndingsTest" time="0.001"/>
  <testcase name="lineEndings[./java/src/jmri/jmrit/beantable/SetPhysicalLocationAction.java]" classname="jmri.util.FileLineEndingsTest" time="0"/>
  <testcase name="lineEndings[./java/src/jmri/jmrit/beantable/RouteTableAction.java]" classname="jmri.util.FileLineEndingsTest" time="0.002"/>
  <testcase name="lineEndings[./java/src/jmri/jmrit/beantable/SectionTableAction.java]" classname="jmri.util.FileLineEndingsTest" time="0"/>
  <testcase name="lineEndings[./java/src/jmri/jmrit/beantable/RailComTableAction.java]" classname="jmri.util.FileLineEndingsTest" time="0.001"/>
  <testcase name="lineEndings[./java/src/jmri/jmrit/operations/locations/LocationEditFrame.java]" classname="jmri.util.FileLineEndingsTest" time="0.001"/>
  <testcase name="lineEndings[./java/src/jmri/jmrit/operations/locations/YardEditFrame.java]" classname="jmri.util.FileLineEndingsTest" time="0.001"/>
  <testcase name="lineEndings[./java/src/jmri/jmrit/operations/locations/LocationsTableAction.java]" classname="jmri.util.FileLineEndingsTest" time="0"/>
  <testcase name="lineEndings[./java/src/jmri/jmrit/operations/locations/tools/ShowTrainsServingLocationAction.java]" classname="jmri.util.FileLineEndingsTest" time="0.001"/>
  <testcase name="lineEndings[./java/src/jmri/jmrit/operations/locations/tools/LocationsByCarLoadFrame.java]" classname="jmri.util.FileLineEndingsTest" time="0.001"/>
  <testcase name="lineEndings[./java/src/jmri/jmrit/operations/locations/tools/IgnoreUsedTrackFrame.java]" classname="jmri.util.FileLineEndingsTest" time="0.001"/>
  <testcase name="lineEndings[./java/src/jmri/jmrit/operations/locations/tools/ShowTrackMovesAction.java]" classname="jmri.util.FileLineEndingsTest" time="0"/>
  <testcase name="lineEndings[./java/src/jmri/jmrit/operations/locations/tools/SetPhysicalLocationFrame.java]" classname="jmri.util.FileLineEndingsTest" time="0.001"/>
  <testcase name="lineEndings[./java/src/jmri/jmrit/operations/locations/tools/PrintSwitchListAction.java]" classname="jmri.util.FileLineEndingsTest" time="0.001"/>
  <testcase name="lineEndings[./java/src/jmri/jmrit/operations/locations/tools/TrackRoadEditFrame.java]" classname="jmri.util.FileLineEndingsTest" time="0.001"/>
  <testcase name="lineEndings[./java/src/jmri/jmrit/operations/locations/tools/ChangeTrackFrame.java]" classname="jmri.util.FileLineEndingsTest" time="0"/>
  <testcase name="lineEndings[./java/src/jmri/jmrit/operations/locations/tools/ChangeTrackTypeAction.java]" classname="jmri.util.FileLineEndingsTest" time="0.001"/>
  <testcase name="lineEndings[./java/src/jmri/jmrit/operations/locations/tools/EditCarTypeAction.java]" classname="jmri.util.FileLineEndingsTest" time="0.001"/>
  <testcase name="lineEndings[./java/src/jmri/jmrit/operations/locations/tools/ChangeTracksFrame.java]" classname="jmri.util.FileLineEndingsTest" time="0.001"/>
  <testcase name="lineEndings[./java/src/jmri/jmrit/operations/locations/tools/LocationCopyAction.java]" classname="jmri.util.FileLineEndingsTest" time="0"/>
  <testcase name="lineEndings[./java/src/jmri/jmrit/operations/locations/tools/PoolTrackAction.java]" classname="jmri.util.FileLineEndingsTest" time="0.001"/>
  <testcase name="lineEndings[./java/src/jmri/jmrit/operations/locations/tools/TrackLoadEditFrame.java]" classname="jmri.util.FileLineEndingsTest" time="0.001"/>
  <testcase name="lineEndings[./java/src/jmri/jmrit/operations/locations/tools/ShowTrainsServingLocationFrame.java]" classname="jmri.util.FileLineEndingsTest" time="0.001"/>
  <testcase name="lineEndings[./java/src/jmri/jmrit/operations/locations/tools/PrintLocationsByCarTypesAction.java]" classname="jmri.util.FileLineEndingsTest" time="0.001"/>
  <testcase name="lineEndings[./java/src/jmri/jmrit/operations/locations/tools/TrackCopyAction.java]" classname="jmri.util.FileLineEndingsTest" time="0"/>
  <testcase name="lineEndings[./java/src/jmri/jmrit/operations/locations/tools/SetPhysicalLocationAction.java]" classname="jmri.util.FileLineEndingsTest" time="0.001"/>
  <testcase name="lineEndings[./java/src/jmri/jmrit/operations/locations/tools/TrackLoadEditAction.java]" classname="jmri.util.FileLineEndingsTest" time="0.001"/>
  <testcase name="lineEndings[./java/src/jmri/jmrit/operations/locations/tools/ShowCarsByLocationAction.java]" classname="jmri.util.FileLineEndingsTest" time="0.001"/>
  <testcase name="lineEndings[./java/src/jmri/jmrit/operations/locations/tools/LocationCopyFrame.java]" classname="jmri.util.FileLineEndingsTest" time="0.001"/>
  <testcase name="lineEndings[./java/src/jmri/jmrit/operations/locations/tools/TrackDestinationEditAction.java]" classname="jmri.util.FileLineEndingsTest" time="0"/>
  <testcase name="lineEndings[./java/src/jmri/jmrit/operations/locations/tools/PrintLocationsAction.java]" classname="jmri.util.FileLineEndingsTest" time="0.001"/>
  <testcase name="lineEndings[./java/src/jmri/jmrit/operations/locations/tools/TrackDestinationEditFrame.java]" classname="jmri.util.FileLineEndingsTest" time="0.001"/>
  <testcase name="lineEndings[./java/src/jmri/jmrit/operations/locations/tools/LocationTrackBlockingOrderTableModel.java]" classname="jmri.util.FileLineEndingsTest" time="0.001"/>
  <testcase name="lineEndings[./java/src/jmri/jmrit/operations/locations/tools/LocationTrackBlockingOrderAction.java]" classname="jmri.util.FileLineEndingsTest" time="0"/>
  <testcase name="lineEndings[./java/src/jmri/jmrit/operations/locations/tools/ChangeTracksTypeAction.java]" classname="jmri.util.FileLineEndingsTest" time="0.001"/>
  <testcase name="lineEndings[./java/src/jmri/jmrit/operations/locations/tools/Bundle.java]" classname="jmri.util.FileLineEndingsTest" time="0.001"/>
  <testcase name="lineEndings[./java/src/jmri/jmrit/operations/locations/tools/TrackEditCommentsFrame.java]" classname="jmri.util.FileLineEndingsTest" time="0.001"/>
  <testcase name="lineEndings[./java/src/jmri/jmrit/operations/locations/tools/TrackEditCommentsAction.java]" classname="jmri.util.FileLineEndingsTest" time="0"/>
  <testcase name="lineEndings[./java/src/jmri/jmrit/operations/locations/tools/LocationsByCarTypeFrame.java]" classname="jmri.util.FileLineEndingsTest" time="0.001"/>
  <testcase name="lineEndings[./java/src/jmri/jmrit/operations/locations/tools/AlternateTrackFrame.java]" classname="jmri.util.FileLineEndingsTest" time="0.001"/>
  <testcase name="lineEndings[./java/src/jmri/jmrit/operations/locations/tools/TrackCopyFrame.java]" classname="jmri.util.FileLineEndingsTest" time="0.001"/>
  <testcase name="lineEndings[./java/src/jmri/jmrit/operations/locations/tools/PoolTrackFrame.java]" classname="jmri.util.FileLineEndingsTest" time="0"/>
  <testcase name="lineEndings[./java/src/jmri/jmrit/operations/locations/tools/IgnoreUsedTrackAction.java]" classname="jmri.util.FileLineEndingsTest" time="0.001"/>
  <testcase name="lineEndings[./java/src/jmri/jmrit/operations/locations/tools/AlternateTrackAction.java]" classname="jmri.util.FileLineEndingsTest" time="0.001"/>
  <testcase name="lineEndings[./java/src/jmri/jmrit/operations/locations/tools/LocationTrackBlockingOrderFrame.java]" classname="jmri.util.FileLineEndingsTest" time="0.001"/>
  <testcase name="lineEndings[./java/src/jmri/jmrit/operations/locations/tools/ModifyLocationsCarLoadsAction.java]" classname="jmri.util.FileLineEndingsTest" time="0"/>
  <testcase name="lineEndings[./java/src/jmri/jmrit/operations/locations/tools/TrackRoadEditAction.java]" classname="jmri.util.FileLineEndingsTest" time="0.001"/>
  <testcase name="lineEndings[./java/src/jmri/jmrit/operations/locations/tools/ModifyLocationsAction.java]" classname="jmri.util.FileLineEndingsTest" time="0.001"/>
  <testcase name="lineEndings[./java/src/jmri/jmrit/operations/locations/LocationManager.java]" classname="jmri.util.FileLineEndingsTest" time="0.001"/>
  <testcase name="lineEndings[./java/src/jmri/jmrit/operations/locations/schedules/SchedulesTableFrame.java]" classname="jmri.util.FileLineEndingsTest" time="0"/>
  <testcase name="lineEndings[./java/src/jmri/jmrit/operations/locations/schedules/Bundle.java]" classname="jmri.util.FileLineEndingsTest" time="0.001"/>
  <testcase name="lineEndings[./java/src/jmri/jmrit/operations/locations/schedules/ScheduleItem.java]" classname="jmri.util.FileLineEndingsTest" time="0.001"/>
  <testcase name="lineEndings[./java/src/jmri/jmrit/operations/locations/schedules/ScheduleOptionsAction.java]" classname="jmri.util.FileLineEndingsTest" time="0.001"/>
  <testcase name="lineEndings[./java/src/jmri/jmrit/operations/locations/schedules/SchedulesResetHitsAction.java]" classname="jmri.util.FileLineEndingsTest" time="0.001"/>
  <testcase name="lineEndings[./java/src/jmri/jmrit/operations/locations/schedules/SchedulesByLoadAction.java]" classname="jmri.util.FileLineEndingsTest" time="0"/>
  <testcase name="lineEndings[./java/src/jmri/jmrit/operations/locations/schedules/ScheduleManager.java]" classname="jmri.util.FileLineEndingsTest" time="0.001"/>
  <testcase name="lineEndings[./java/src/jmri/jmrit/operations/locations/schedules/SchedulesTableModel.java]" classname="jmri.util.FileLineEndingsTest" time="0.001"/>
  <testcase name="lineEndings[./java/src/jmri/jmrit/operations/locations/schedules/ScheduleTableModel.java]" classname="jmri.util.FileLineEndingsTest" time="0.001"/>
  <testcase name="lineEndings[./java/src/jmri/jmrit/operations/locations/schedules/Schedule.java]" classname="jmri.util.FileLineEndingsTest" time="0.001"/>
  <testcase name="lineEndings[./java/src/jmri/jmrit/operations/locations/schedules/ScheduleCopyAction.java]" classname="jmri.util.FileLineEndingsTest" time="0"/>
  <testcase name="lineEndings[./java/src/jmri/jmrit/operations/locations/schedules/LocationTrackPair.java]" classname="jmri.util.FileLineEndingsTest" time="0.001"/>
  <testcase name="lineEndings[./java/src/jmri/jmrit/operations/locations/schedules/ScheduleOptionsFrame.java]" classname="jmri.util.FileLineEndingsTest" time="0.001"/>
  <testcase name="lineEndings[./java/src/jmri/jmrit/operations/locations/schedules/SchedulesTableAction.java]" classname="jmri.util.FileLineEndingsTest" time="0"/>
  <testcase name="lineEndings[./java/src/jmri/jmrit/operations/locations/schedules/ScheduleEditFrame.java]" classname="jmri.util.FileLineEndingsTest" time="0.001"/>
  <testcase name="lineEndings[./java/src/jmri/jmrit/operations/locations/schedules/ScheduleCopyFrame.java]" classname="jmri.util.FileLineEndingsTest" time="0.001"/>
  <testcase name="lineEndings[./java/src/jmri/jmrit/operations/locations/schedules/ScheduleResetHitsAction.java]" classname="jmri.util.FileLineEndingsTest" time="0.001"/>
  <testcase name="lineEndings[./java/src/jmri/jmrit/operations/locations/schedules/Xml.java]" classname="jmri.util.FileLineEndingsTest" time="0"/>
  <testcase name="lineEndings[./java/src/jmri/jmrit/operations/locations/schedules/SchedulesByLoadFrame.java]" classname="jmri.util.FileLineEndingsTest" time="0.001"/>
  <testcase name="lineEndings[./java/src/jmri/jmrit/operations/locations/TrackTableModel.java]" classname="jmri.util.FileLineEndingsTest" time="0.001"/>
  <testcase name="lineEndings[./java/src/jmri/jmrit/operations/locations/Xml.java]" classname="jmri.util.FileLineEndingsTest" time="0.001"/>
  <testcase name="lineEndings[./java/src/jmri/jmrit/operations/locations/InterchangeTableModel.java]" classname="jmri.util.FileLineEndingsTest" time="0.001"/>
  <testcase name="lineEndings[./java/src/jmri/jmrit/operations/locations/LocationManagerXml.java]" classname="jmri.util.FileLineEndingsTest" time="0"/>
  <testcase name="lineEndings[./java/src/jmri/jmrit/operations/locations/Location.java]" classname="jmri.util.FileLineEndingsTest" time="0.001"/>
  <testcase name="lineEndings[./java/src/jmri/jmrit/operations/locations/Track.java]" classname="jmri.util.FileLineEndingsTest" time="0.001"/>
  <testcase name="lineEndings[./java/src/jmri/jmrit/operations/locations/YardmasterFrame.java]" classname="jmri.util.FileLineEndingsTest" time="0.001"/>
  <testcase name="lineEndings[./java/src/jmri/jmrit/operations/locations/LocationsTableFrame.java]" classname="jmri.util.FileLineEndingsTest" time="0.001"/>
  <testcase name="lineEndings[./java/src/jmri/jmrit/operations/locations/InterchangeEditFrame.java]" classname="jmri.util.FileLineEndingsTest" time="0.001"/>
  <testcase name="lineEndings[./java/src/jmri/jmrit/operations/locations/SpurTableModel.java]" classname="jmri.util.FileLineEndingsTest" time="0"/>
  <testcase name="lineEndings[./java/src/jmri/jmrit/operations/locations/Pool.java]" classname="jmri.util.FileLineEndingsTest" time="0.001"/>
  <testcase name="lineEndings[./java/src/jmri/jmrit/operations/locations/YardTableModel.java]" classname="jmri.util.FileLineEndingsTest" time="0.001"/>
  <testcase name="lineEndings[./java/src/jmri/jmrit/operations/locations/SpurEditFrame.java]" classname="jmri.util.FileLineEndingsTest" time="0.001"/>
  <testcase name="lineEndings[./java/src/jmri/jmrit/operations/locations/LocationsTableModel.java]" classname="jmri.util.FileLineEndingsTest" time="0"/>
  <testcase name="lineEndings[./java/src/jmri/jmrit/operations/locations/TrackEditFrame.java]" classname="jmri.util.FileLineEndingsTest" time="0.001"/>
  <testcase name="lineEndings[./java/src/jmri/jmrit/operations/locations/StagingTableModel.java]" classname="jmri.util.FileLineEndingsTest" time="0.001"/>
  <testcase name="lineEndings[./java/src/jmri/jmrit/operations/locations/YardmasterByTrackFrame.java]" classname="jmri.util.FileLineEndingsTest" time="0.001"/>
  <testcase name="lineEndings[./java/src/jmri/jmrit/operations/locations/StagingEditFrame.java]" classname="jmri.util.FileLineEndingsTest" time="0"/>
  <testcase name="lineEndings[./java/src/jmri/jmrit/operations/locations/YardmasterByTrackAction.java]" classname="jmri.util.FileLineEndingsTest" time="0.001"/>
  <testcase name="lineEndings[./java/src/jmri/jmrit/operations/locations/YardmasterByTrackPanel.java]" classname="jmri.util.FileLineEndingsTest" time="0.001"/>
  <testcase name="lineEndings[./java/src/jmri/jmrit/operations/locations/YardmasterPanel.java]" classname="jmri.util.FileLineEndingsTest" time="0.001"/>
  <testcase name="lineEndings[./java/src/jmri/jmrit/operations/locations/Bundle.java]" classname="jmri.util.FileLineEndingsTest" time="0"/>
  <testcase name="lineEndings[./java/src/jmri/jmrit/operations/automation/AutomationTableFrame.java]" classname="jmri.util.FileLineEndingsTest" time="0.001"/>
  <testcase name="lineEndings[./java/src/jmri/jmrit/operations/automation/AutomationItem.java]" classname="jmri.util.FileLineEndingsTest" time="0.001"/>
  <testcase name="lineEndings[./java/src/jmri/jmrit/operations/automation/actions/ActivateTimetableAction.java]" classname="jmri.util.FileLineEndingsTest" time="0.001"/>
  <testcase name="lineEndings[./java/src/jmri/jmrit/operations/automation/actions/WaitSwitchListAction.java]" classname="jmri.util.FileLineEndingsTest" time="0.001"/>
  <testcase name="lineEndings[./java/src/jmri/jmrit/operations/automation/actions/RunAutomationAction.java]" classname="jmri.util.FileLineEndingsTest" time="0"/>
  <testcase name="lineEndings[./java/src/jmri/jmrit/operations/automation/actions/ApplyTimetableAction.java]" classname="jmri.util.FileLineEndingsTest" time="0.001"/>
  <testcase name="lineEndings[./java/src/jmri/jmrit/operations/automation/actions/IsTrainEnRouteAction.java]" classname="jmri.util.FileLineEndingsTest" time="0.001"/>
  <testcase name="lineEndings[./java/src/jmri/jmrit/operations/automation/actions/GotoAction.java]" classname="jmri.util.FileLineEndingsTest" time="0"/>
  <testcase name="lineEndings[./java/src/jmri/jmrit/operations/automation/actions/HaltAction.java]" classname="jmri.util.FileLineEndingsTest" time="0.001"/>
  <testcase name="lineEndings[./java/src/jmri/jmrit/operations/automation/actions/RunTrainAction.java]" classname="jmri.util.FileLineEndingsTest" time="0.001"/>
  <testcase name="lineEndings[./java/src/jmri/jmrit/operations/automation/actions/GotoFailureAction.java]" classname="jmri.util.FileLineEndingsTest" time="0.001"/>
  <testcase name="lineEndings[./java/src/jmri/jmrit/operations/automation/actions/PrintSwitchListChangesAction.java]" classname="jmri.util.FileLineEndingsTest" time="0"/>
  <testcase name="lineEndings[./java/src/jmri/jmrit/operations/automation/actions/ActionCodes.java]" classname="jmri.util.FileLineEndingsTest" time="0.001"/>
  <testcase name="lineEndings[./java/src/jmri/jmrit/operations/automation/actions/Action.java]" classname="jmri.util.FileLineEndingsTest" time="0.001"/>
  <testcase name="lineEndings[./java/src/jmri/jmrit/operations/automation/actions/ResumeAutomationAction.java]" classname="jmri.util.FileLineEndingsTest" time="0.001"/>
  <testcase name="lineEndings[./java/src/jmri/jmrit/operations/automation/actions/RunSwitchListChangesAction.java]" classname="jmri.util.FileLineEndingsTest" time="0"/>
  <testcase name="lineEndings[./java/src/jmri/jmrit/operations/automation/actions/UpdateSwitchListAction.java]" classname="jmri.util.FileLineEndingsTest" time="0.001"/>
  <testcase name="lineEndings[./java/src/jmri/jmrit/operations/automation/actions/DeselectTrainAction.java]" classname="jmri.util.FileLineEndingsTest" time="0.001"/>
  <testcase name="lineEndings[./java/src/jmri/jmrit/operations/automation/actions/BuildTrainAction.java]" classname="jmri.util.FileLineEndingsTest" time="0.001"/>
  <testcase name="lineEndings[./java/src/jmri/jmrit/operations/automation/actions/GotoSuccessAction.java]" classname="jmri.util.FileLineEndingsTest" time="0"/>
  <testcase name="lineEndings[./java/src/jmri/jmrit/operations/automation/actions/WaitTrainTerminatedAction.java]" classname="jmri.util.FileLineEndingsTest" time="0.001"/>
  <testcase name="lineEndings[./java/src/jmri/jmrit/operations/automation/actions/Bundle.java]" classname="jmri.util.FileLineEndingsTest" time="0.001"/>
  <testcase name="lineEndings[./java/src/jmri/jmrit/operations/automation/actions/RunSwitchListAction.java]" classname="jmri.util.FileLineEndingsTest" time="0.001"/>
  <testcase name="lineEndings[./java/src/jmri/jmrit/operations/automation/actions/WaitTrainAction.java]" classname="jmri.util.FileLineEndingsTest" time="0"/>
  <testcase name="lineEndings[./java/src/jmri/jmrit/operations/automation/actions/PrintTrainManifestAction.java]" classname="jmri.util.FileLineEndingsTest" time="0.001"/>
  <testcase name="lineEndings[./java/src/jmri/jmrit/operations/automation/actions/StopAutomationAction.java]" classname="jmri.util.FileLineEndingsTest" time="0.001"/>
  <testcase name="lineEndings[./java/src/jmri/jmrit/operations/automation/actions/NoAction.java]" classname="jmri.util.FileLineEndingsTest" time="0"/>
  <testcase name="lineEndings[./java/src/jmri/jmrit/operations/automation/actions/PrintSwitchListAction.java]" classname="jmri.util.FileLineEndingsTest" time="0"/>
  <testcase name="lineEndings[./java/src/jmri/jmrit/operations/automation/actions/SelectTrainAction.java]" classname="jmri.util.FileLineEndingsTest" time="0.001"/>
  <testcase name="lineEndings[./java/src/jmri/jmrit/operations/automation/actions/PrintTrainManifestIfSelectedAction.java]" classname="jmri.util.FileLineEndingsTest" time="0.001"/>
  <testcase name="lineEndings[./java/src/jmri/jmrit/operations/automation/actions/TerminateTrainAction.java]" classname="jmri.util.FileLineEndingsTest" time="0"/>
  <testcase name="lineEndings[./java/src/jmri/jmrit/operations/automation/actions/BuildTrainIfSelectedAction.java]" classname="jmri.util.FileLineEndingsTest" time="0.001"/>
  <testcase name="lineEndings[./java/src/jmri/jmrit/operations/automation/actions/MessageYesNoAction.java]" classname="jmri.util.FileLineEndingsTest" time="0.001"/>
  <testcase name="lineEndings[./java/src/jmri/jmrit/operations/automation/actions/ResetTrainAction.java]" classname="jmri.util.FileLineEndingsTest" time="0.001"/>
  <testcase name="lineEndings[./java/src/jmri/jmrit/operations/automation/actions/MoveTrainAction.java]" classname="jmri.util.FileLineEndingsTest" time="0"/>
  <testcase name="lineEndings[./java/src/jmri/jmrit/operations/automation/Xml.java]" classname="jmri.util.FileLineEndingsTest" time="0.001"/>
  <testcase name="lineEndings[./java/src/jmri/jmrit/operations/automation/AutomationManager.java]" classname="jmri.util.FileLineEndingsTest" time="0.001"/>
  <testcase name="lineEndings[./java/src/jmri/jmrit/operations/automation/AutomationsTableFrameAction.java]" classname="jmri.util.FileLineEndingsTest" time="0.001"/>
  <testcase name="lineEndings[./java/src/jmri/jmrit/operations/automation/AutomationCopyFrame.java]" classname="jmri.util.FileLineEndingsTest" time="0"/>
  <testcase name="lineEndings[./java/src/jmri/jmrit/operations/automation/AutomationResetAction.java]" classname="jmri.util.FileLineEndingsTest" time="0.001"/>
  <testcase name="lineEndings[./java/src/jmri/jmrit/operations/automation/Bundle.java]" classname="jmri.util.FileLineEndingsTest" time="0.001"/>
  <testcase name="lineEndings[./java/src/jmri/jmrit/operations/automation/AutomationTableModel.java]" classname="jmri.util.FileLineEndingsTest" time="0.001"/>
  <testcase name="lineEndings[./java/src/jmri/jmrit/operations/automation/Automation.java]" classname="jmri.util.FileLineEndingsTest" time="0.001"/>
  <testcase name="lineEndings[./java/src/jmri/jmrit/operations/automation/AutomationCopyAction.java]" classname="jmri.util.FileLineEndingsTest" time="0"/>
  <testcase name="lineEndings[./java/src/jmri/jmrit/operations/automation/AutomationsTableFrame.java]" classname="jmri.util.FileLineEndingsTest" time="0.001"/>
  <testcase name="lineEndings[./java/src/jmri/jmrit/operations/automation/AutomationsTableModel.java]" classname="jmri.util.FileLineEndingsTest" time="0.001"/>
  <testcase name="lineEndings[./java/src/jmri/jmrit/operations/rollingstock/engines/EngineEditFrame.java]" classname="jmri.util.FileLineEndingsTest" time="0.001"/>
  <testcase name="lineEndings[./java/src/jmri/jmrit/operations/rollingstock/engines/EngineModels.java]" classname="jmri.util.FileLineEndingsTest" time="0"/>
  <testcase name="lineEndings[./java/src/jmri/jmrit/operations/rollingstock/engines/Engine.java]" classname="jmri.util.FileLineEndingsTest" time="0.001"/>
  <testcase name="lineEndings[./java/src/jmri/jmrit/operations/rollingstock/engines/EngineManager.java]" classname="jmri.util.FileLineEndingsTest" time="0.001"/>
  <testcase name="lineEndings[./java/src/jmri/jmrit/operations/rollingstock/engines/EngineSetFrame.java]" classname="jmri.util.FileLineEndingsTest" time="0.001"/>
  <testcase name="lineEndings[./java/src/jmri/jmrit/operations/rollingstock/engines/PrintEngineRosterAction.java]" classname="jmri.util.FileLineEndingsTest" time="0"/>
  <testcase name="lineEndings[./java/src/jmri/jmrit/operations/rollingstock/engines/EnginesTableFrame.java]" classname="jmri.util.FileLineEndingsTest" time="0.001"/>
  <testcase name="lineEndings[./java/src/jmri/jmrit/operations/rollingstock/engines/ExportEngines.java]" classname="jmri.util.FileLineEndingsTest" time="0.001"/>
  <testcase name="lineEndings[./java/src/jmri/jmrit/operations/rollingstock/engines/ImportRosterEngineAction.java]" classname="jmri.util.FileLineEndingsTest" time="0.001"/>
  <testcase name="lineEndings[./java/src/jmri/jmrit/operations/rollingstock/engines/Bundle.java]" classname="jmri.util.FileLineEndingsTest" time="0"/>
  <testcase name="lineEndings[./java/src/jmri/jmrit/operations/rollingstock/engines/DeleteEngineRosterAction.java]" classname="jmri.util.FileLineEndingsTest" time="0.001"/>
  <testcase name="lineEndings[./java/src/jmri/jmrit/operations/rollingstock/engines/EnginesTableModel.java]" classname="jmri.util.FileLineEndingsTest" time="0.001"/>
  <testcase name="lineEndings[./java/src/jmri/jmrit/operations/rollingstock/engines/Xml.java]" classname="jmri.util.FileLineEndingsTest" time="0.001"/>
  <testcase name="lineEndings[./java/src/jmri/jmrit/operations/rollingstock/engines/ImportRosterEngines.java]" classname="jmri.util.FileLineEndingsTest" time="0"/>
  <testcase name="lineEndings[./java/src/jmri/jmrit/operations/rollingstock/engines/EngineAttributeEditFrame.java]" classname="jmri.util.FileLineEndingsTest" time="0.001"/>
  <testcase name="lineEndings[./java/src/jmri/jmrit/operations/rollingstock/engines/EngineRosterMenu.java]" classname="jmri.util.FileLineEndingsTest" time="0.001"/>
  <testcase name="lineEndings[./java/src/jmri/jmrit/operations/rollingstock/engines/ImportEngineAction.java]" classname="jmri.util.FileLineEndingsTest" time="0"/>
  <testcase name="lineEndings[./java/src/jmri/jmrit/operations/rollingstock/engines/NceConsistEngineAction.java]" classname="jmri.util.FileLineEndingsTest" time="0"/>
  <testcase name="lineEndings[./java/src/jmri/jmrit/operations/rollingstock/engines/EngineLengths.java]" classname="jmri.util.FileLineEndingsTest" time="0.001"/>
  <testcase name="lineEndings[./java/src/jmri/jmrit/operations/rollingstock/engines/EngineTypes.java]" classname="jmri.util.FileLineEndingsTest" time="0.001"/>
  <testcase name="lineEndings[./java/src/jmri/jmrit/operations/rollingstock/engines/ResetEngineMovesAction.java]" classname="jmri.util.FileLineEndingsTest" time="0"/>
  <testcase name="lineEndings[./java/src/jmri/jmrit/operations/rollingstock/engines/ImportEngines.java]" classname="jmri.util.FileLineEndingsTest" time="0.001"/>
  <testcase name="lineEndings[./java/src/jmri/jmrit/operations/rollingstock/engines/EnginesTableAction.java]" classname="jmri.util.FileLineEndingsTest" time="0.001"/>
  <testcase name="lineEndings[./java/src/jmri/jmrit/operations/rollingstock/engines/EngineManagerXml.java]" classname="jmri.util.FileLineEndingsTest" time="0.001"/>
  <testcase name="lineEndings[./java/src/jmri/jmrit/operations/rollingstock/engines/Consist.java]" classname="jmri.util.FileLineEndingsTest" time="0"/>
  <testcase name="lineEndings[./java/src/jmri/jmrit/operations/rollingstock/engines/NceConsistEngines.java]" classname="jmri.util.FileLineEndingsTest" time="0.001"/>
  <testcase name="lineEndings[./java/src/jmri/jmrit/operations/rollingstock/engines/ExportEngineRosterAction.java]" classname="jmri.util.FileLineEndingsTest" time="0.001"/>
  <testcase name="lineEndings[./java/src/jmri/jmrit/operations/rollingstock/cars/CarEditFrame.java]" classname="jmri.util.FileLineEndingsTest" time="0.001"/>
  <testcase name="lineEndings[./java/src/jmri/jmrit/operations/rollingstock/cars/CarDeleteAttributeAction.java]" classname="jmri.util.FileLineEndingsTest" time="0"/>
  <testcase name="lineEndings[./java/src/jmri/jmrit/operations/rollingstock/cars/DeleteCarRosterAction.java]" classname="jmri.util.FileLineEndingsTest" time="0.001"/>
  <testcase name="lineEndings[./java/src/jmri/jmrit/operations/rollingstock/cars/CarsTableAction.java]" classname="jmri.util.FileLineEndingsTest" time="0.001"/>
  <testcase name="lineEndings[./java/src/jmri/jmrit/operations/rollingstock/cars/CarLoadEditFrame.java]" classname="jmri.util.FileLineEndingsTest" time="0.001"/>
  <testcase name="lineEndings[./java/src/jmri/jmrit/operations/rollingstock/cars/CarRosterMenu.java]" classname="jmri.util.FileLineEndingsTest" time="0"/>
  <testcase name="lineEndings[./java/src/jmri/jmrit/operations/rollingstock/cars/CarColors.java]" classname="jmri.util.FileLineEndingsTest" time="0.001"/>
  <testcase name="lineEndings[./java/src/jmri/jmrit/operations/rollingstock/cars/CarLengths.java]" classname="jmri.util.FileLineEndingsTest" time="0.001"/>
  <testcase name="lineEndings[./java/src/jmri/jmrit/operations/rollingstock/cars/Xml.java]" classname="jmri.util.FileLineEndingsTest" time="0.001"/>
  <testcase name="lineEndings[./java/src/jmri/jmrit/operations/rollingstock/cars/CarLoad.java]" classname="jmri.util.FileLineEndingsTest" time="0"/>
  <testcase name="lineEndings[./java/src/jmri/jmrit/operations/rollingstock/cars/CarLoadAttributeAction.java]" classname="jmri.util.FileLineEndingsTest" time="0.001"/>
  <testcase name="lineEndings[./java/src/jmri/jmrit/operations/rollingstock/cars/CarAttributeAction.java]" classname="jmri.util.FileLineEndingsTest" time="0.001"/>
  <testcase name="lineEndings[./java/src/jmri/jmrit/operations/rollingstock/cars/CarLoads.java]" classname="jmri.util.FileLineEndingsTest" time="0.001"/>
  <testcase name="lineEndings[./java/src/jmri/jmrit/operations/rollingstock/cars/PrintCarRosterAction.java]" classname="jmri.util.FileLineEndingsTest" time="0"/>
  <testcase name="lineEndings[./java/src/jmri/jmrit/operations/rollingstock/cars/Car.java]" classname="jmri.util.FileLineEndingsTest" time="0.001"/>
  <testcase name="lineEndings[./java/src/jmri/jmrit/operations/rollingstock/cars/ExportCarRosterAction.java]" classname="jmri.util.FileLineEndingsTest" time="0.001"/>
  <testcase name="lineEndings[./java/src/jmri/jmrit/operations/rollingstock/cars/CarManager.java]" classname="jmri.util.FileLineEndingsTest" time="0.001"/>
  <testcase name="lineEndings[./java/src/jmri/jmrit/operations/rollingstock/cars/PrintCarLoadsAction.java]" classname="jmri.util.FileLineEndingsTest" time="0.001"/>
  <testcase name="lineEndings[./java/src/jmri/jmrit/operations/rollingstock/cars/CarsTableFrame.java]" classname="jmri.util.FileLineEndingsTest" time="0"/>
  <testcase name="lineEndings[./java/src/jmri/jmrit/operations/rollingstock/cars/Kernel.java]" classname="jmri.util.FileLineEndingsTest" time="0.001"/>
  <testcase name="lineEndings[./java/src/jmri/jmrit/operations/rollingstock/cars/CarsSetFrameAction.java]" classname="jmri.util.FileLineEndingsTest" time="0.001"/>
  <testcase name="lineEndings[./java/src/jmri/jmrit/operations/rollingstock/cars/CarOwners.java]" classname="jmri.util.FileLineEndingsTest" time="0"/>
  <testcase name="lineEndings[./java/src/jmri/jmrit/operations/rollingstock/cars/ExportCars.java]" classname="jmri.util.FileLineEndingsTest" time="0.001"/>
  <testcase name="lineEndings[./java/src/jmri/jmrit/operations/rollingstock/cars/EnableDestinationAction.java]" classname="jmri.util.FileLineEndingsTest" time="0.001"/>
  <testcase name="lineEndings[./java/src/jmri/jmrit/operations/rollingstock/cars/ShowCheckboxesCarsTableAction.java]" classname="jmri.util.FileLineEndingsTest" time="0.001"/>
  <testcase name="lineEndings[./java/src/jmri/jmrit/operations/rollingstock/cars/CarAttributeEditFrame.java]" classname="jmri.util.FileLineEndingsTest" time="0.001"/>
  <testcase name="lineEndings[./java/src/jmri/jmrit/operations/rollingstock/cars/CarsSetFrame.java]" classname="jmri.util.FileLineEndingsTest" time="0"/>
  <testcase name="lineEndings[./java/src/jmri/jmrit/operations/rollingstock/cars/CarSetFrame.java]" classname="jmri.util.FileLineEndingsTest" time="0.001"/>
  <testcase name="lineEndings[./java/src/jmri/jmrit/operations/rollingstock/cars/ImportCarRosterAction.java]" classname="jmri.util.FileLineEndingsTest" time="0.001"/>
  <testcase name="lineEndings[./java/src/jmri/jmrit/operations/rollingstock/cars/ResetCarMovesAction.java]" classname="jmri.util.FileLineEndingsTest" time="0.001"/>
  <testcase name="lineEndings[./java/src/jmri/jmrit/operations/rollingstock/cars/Bundle.java]" classname="jmri.util.FileLineEndingsTest" time="0"/>
  <testcase name="lineEndings[./java/src/jmri/jmrit/operations/rollingstock/cars/CarTypes.java]" classname="jmri.util.FileLineEndingsTest" time="0.001"/>
  <testcase name="lineEndings[./java/src/jmri/jmrit/operations/rollingstock/cars/CarsTableModel.java]" classname="jmri.util.FileLineEndingsTest" time="0.001"/>
  <testcase name="lineEndings[./java/src/jmri/jmrit/operations/rollingstock/cars/CarManagerXml.java]" classname="jmri.util.FileLineEndingsTest" time="0.001"/>
  <testcase name="lineEndings[./java/src/jmri/jmrit/operations/rollingstock/cars/ImportCars.java]" classname="jmri.util.FileLineEndingsTest" time="0"/>
  <testcase name="lineEndings[./java/src/jmri/jmrit/operations/rollingstock/cars/ResetCheckboxesCarsTableAction.java]" classname="jmri.util.FileLineEndingsTest" time="0.001"/>
  <testcase name="lineEndings[./java/src/jmri/jmrit/operations/rollingstock/cars/CarRoads.java]" classname="jmri.util.FileLineEndingsTest" time="0.001"/>
  <testcase name="lineEndings[./java/src/jmri/jmrit/operations/rollingstock/RollingStock.java]" classname="jmri.util.FileLineEndingsTest" time="0.001"/>
  <testcase name="lineEndings[./java/src/jmri/jmrit/operations/rollingstock/Bundle.java]" classname="jmri.util.FileLineEndingsTest" time="0.001"/>
  <testcase name="lineEndings[./java/src/jmri/jmrit/operations/rollingstock/ImportRollingStock.java]" classname="jmri.util.FileLineEndingsTest" time="0"/>
  <testcase name="lineEndings[./java/src/jmri/jmrit/operations/rollingstock/RollingStockAttribute.java]" classname="jmri.util.FileLineEndingsTest" time="0.001"/>
  <testcase name="lineEndings[./java/src/jmri/jmrit/operations/rollingstock/Xml.java]" classname="jmri.util.FileLineEndingsTest" time="0.001"/>
  <testcase name="lineEndings[./java/src/jmri/jmrit/operations/rollingstock/RollingStockSetFrame.java]" classname="jmri.util.FileLineEndingsTest" time="0.001"/>
  <testcase name="lineEndings[./java/src/jmri/jmrit/operations/rollingstock/RollingStockManager.java]" classname="jmri.util.FileLineEndingsTest" time="0"/>
  <testcase name="lineEndings[./java/src/jmri/jmrit/operations/rollingstock/RollingStockLogger.java]" classname="jmri.util.FileLineEndingsTest" time="0.001"/>
  <testcase name="lineEndings[./java/src/jmri/jmrit/operations/rollingstock/RollingStockGroup.java]" classname="jmri.util.FileLineEndingsTest" time="0.001"/>
  <testcase name="lineEndings[./java/src/jmri/jmrit/operations/setup/PrintOptionPanel.java]" classname="jmri.util.FileLineEndingsTest" time="0.001"/>
  <testcase name="lineEndings[./java/src/jmri/jmrit/operations/setup/AutoSave.java]" classname="jmri.util.FileLineEndingsTest" time="0"/>
  <testcase name="lineEndings[./java/src/jmri/jmrit/operations/setup/RestoreFilesAction.java]" classname="jmri.util.FileLineEndingsTest" time="0.001"/>
  <testcase name="lineEndings[./java/src/jmri/jmrit/operations/setup/EditManifestTextFrame.java]" classname="jmri.util.FileLineEndingsTest" time="0.001"/>
  <testcase name="lineEndings[./java/src/jmri/jmrit/operations/setup/EditManifestHeaderTextFrame.java]" classname="jmri.util.FileLineEndingsTest" time="0.001"/>
  <testcase name="lineEndings[./java/src/jmri/jmrit/operations/setup/Setup.java]" classname="jmri.util.FileLineEndingsTest" time="0.001"/>
  <testcase name="lineEndings[./java/src/jmri/jmrit/operations/setup/EditManifestHeaderTextPanel.java]" classname="jmri.util.FileLineEndingsTest" time="0.001"/>
  <testcase name="lineEndings[./java/src/jmri/jmrit/operations/setup/EditSwitchListTextAction.java]" classname="jmri.util.FileLineEndingsTest" time="0"/>
  <testcase name="lineEndings[./java/src/jmri/jmrit/operations/setup/OptionFrame.java]" classname="jmri.util.FileLineEndingsTest" time="0.001"/>
  <testcase name="lineEndings[./java/src/jmri/jmrit/operations/setup/Bundle.java]" classname="jmri.util.FileLineEndingsTest" time="0.001"/>
  <testcase name="lineEndings[./java/src/jmri/jmrit/operations/setup/BackupBase.java]" classname="jmri.util.FileLineEndingsTest" time="0"/>
  <testcase name="lineEndings[./java/src/jmri/jmrit/operations/setup/RestoreDialog.java]" classname="jmri.util.FileLineEndingsTest" time="0"/>
  <testcase name="lineEndings[./java/src/jmri/jmrit/operations/setup/OperationsPreferencesPanel.java]" classname="jmri.util.FileLineEndingsTest" time="0.001"/>
  <testcase name="lineEndings[./java/src/jmri/jmrit/operations/setup/Xml.java]" classname="jmri.util.FileLineEndingsTest" time="0.001"/>
  <testcase name="lineEndings[./java/src/jmri/jmrit/operations/setup/PrintOptionAction.java]" classname="jmri.util.FileLineEndingsTest" time="0.001"/>
  <testcase name="lineEndings[./java/src/jmri/jmrit/operations/setup/OperationsSetupFrame.java]" classname="jmri.util.FileLineEndingsTest" time="0"/>
  <testcase name="lineEndings[./java/src/jmri/jmrit/operations/setup/BackupDialog.java]" classname="jmri.util.FileLineEndingsTest" time="0.001"/>
  <testcase name="lineEndings[./java/src/jmri/jmrit/operations/setup/ManageBackupsAction.java]" classname="jmri.util.FileLineEndingsTest" time="0.001"/>
  <testcase name="lineEndings[./java/src/jmri/jmrit/operations/setup/OptionPanel.java]" classname="jmri.util.FileLineEndingsTest" time="0.001"/>
  <testcase name="lineEndings[./java/src/jmri/jmrit/operations/setup/Control.java]" classname="jmri.util.FileLineEndingsTest" time="0"/>
  <testcase name="lineEndings[./java/src/jmri/jmrit/operations/setup/OptionAction.java]" classname="jmri.util.FileLineEndingsTest" time="0"/>
  <testcase name="lineEndings[./java/src/jmri/jmrit/operations/setup/PrintMoreOptionPanel.java]" classname="jmri.util.FileLineEndingsTest" time="0.001"/>
  <testcase name="lineEndings[./java/src/jmri/jmrit/operations/setup/DefaultBackup.java]" classname="jmri.util.FileLineEndingsTest" time="0.001"/>
  <testcase name="lineEndings[./java/src/jmri/jmrit/operations/setup/EditManifestHeaderTextAction.java]" classname="jmri.util.FileLineEndingsTest" time="0"/>
  <testcase name="lineEndings[./java/src/jmri/jmrit/operations/setup/AutoBackup.java]" classname="jmri.util.FileLineEndingsTest" time="0.001"/>
  <testcase name="lineEndings[./java/src/jmri/jmrit/operations/setup/OperationsSetupAction.java]" classname="jmri.util.FileLineEndingsTest" time="0.001"/>
  <testcase name="lineEndings[./java/src/jmri/jmrit/operations/setup/BuildReportOptionAction.java]" classname="jmri.util.FileLineEndingsTest" time="0.001"/>
  <testcase name="lineEndings[./java/src/jmri/jmrit/operations/setup/EditSwitchListTextPanel.java]" classname="jmri.util.FileLineEndingsTest" time="0"/>
  <testcase name="lineEndings[./java/src/jmri/jmrit/operations/setup/ManageBackupsDialog.java]" classname="jmri.util.FileLineEndingsTest" time="0.001"/>
  <testcase name="lineEndings[./java/src/jmri/jmrit/operations/setup/PrintMoreOptionAction.java]" classname="jmri.util.FileLineEndingsTest" time="0.001"/>
  <testcase name="lineEndings[./java/src/jmri/jmrit/operations/setup/OperationsSetupPanel.java]" classname="jmri.util.FileLineEndingsTest" time="0.001"/>
  <testcase name="lineEndings[./java/src/jmri/jmrit/operations/setup/LoadDemoAction.java]" classname="jmri.util.FileLineEndingsTest" time="0"/>
  <testcase name="lineEndings[./java/src/jmri/jmrit/operations/setup/EditSwitchListTextFrame.java]" classname="jmri.util.FileLineEndingsTest" time="0.001"/>
  <testcase name="lineEndings[./java/src/jmri/jmrit/operations/setup/EditManifestTextPanel.java]" classname="jmri.util.FileLineEndingsTest" time="0.001"/>
  <testcase name="lineEndings[./java/src/jmri/jmrit/operations/setup/EditManifestTextAction.java]" classname="jmri.util.FileLineEndingsTest" time="0.001"/>
  <testcase name="lineEndings[./java/src/jmri/jmrit/operations/setup/BackupFilesAction.java]" classname="jmri.util.FileLineEndingsTest" time="0"/>
  <testcase name="lineEndings[./java/src/jmri/jmrit/operations/setup/PrintOptionFrame.java]" classname="jmri.util.FileLineEndingsTest" time="0.001"/>
  <testcase name="lineEndings[./java/src/jmri/jmrit/operations/setup/BuildReportOptionPanel.java]" classname="jmri.util.FileLineEndingsTest" time="0.001"/>
  <testcase name="lineEndings[./java/src/jmri/jmrit/operations/setup/BuildReportOptionFrame.java]" classname="jmri.util.FileLineEndingsTest" time="0.001"/>
  <testcase name="lineEndings[./java/src/jmri/jmrit/operations/setup/ResetAction.java]" classname="jmri.util.FileLineEndingsTest" time="0"/>
  <testcase name="lineEndings[./java/src/jmri/jmrit/operations/setup/OperationsSetupXml.java]" classname="jmri.util.FileLineEndingsTest" time="0.001"/>
  <testcase name="lineEndings[./java/src/jmri/jmrit/operations/setup/BackupSet.java]" classname="jmri.util.FileLineEndingsTest" time="0.001"/>
  <testcase name="lineEndings[./java/src/jmri/jmrit/operations/setup/PrintMoreOptionFrame.java]" classname="jmri.util.FileLineEndingsTest" time="0"/>
  <testcase name="lineEndings[./java/src/jmri/jmrit/operations/routes/RouteEditFrame.java]" classname="jmri.util.FileLineEndingsTest" time="0.001"/>
  <testcase name="lineEndings[./java/src/jmri/jmrit/operations/routes/RoutesTableAction.java]" classname="jmri.util.FileLineEndingsTest" time="0.001"/>
  <testcase name="lineEndings[./java/src/jmri/jmrit/operations/routes/SetTrainIconPositionFrame.java]" classname="jmri.util.FileLineEndingsTest" time="0.001"/>
  <testcase name="lineEndings[./java/src/jmri/jmrit/operations/routes/SetTrainIconPositionAction.java]" classname="jmri.util.FileLineEndingsTest" time="0"/>
  <testcase name="lineEndings[./java/src/jmri/jmrit/operations/routes/SetTrainIconRouteAction.java]" classname="jmri.util.FileLineEndingsTest" time="0.001"/>
  <testcase name="lineEndings[./java/src/jmri/jmrit/operations/routes/RouteLocation.java]" classname="jmri.util.FileLineEndingsTest" time="0.001"/>
  <testcase name="lineEndings[./java/src/jmri/jmrit/operations/routes/SetTrainIconRouteFrame.java]" classname="jmri.util.FileLineEndingsTest" time="0.001"/>
  <testcase name="lineEndings[./java/src/jmri/jmrit/operations/routes/PrintRouteAction.java]" classname="jmri.util.FileLineEndingsTest" time="0"/>
  <testcase name="lineEndings[./java/src/jmri/jmrit/operations/routes/Bundle.java]" classname="jmri.util.FileLineEndingsTest" time="0.001"/>
  <testcase name="lineEndings[./java/src/jmri/jmrit/operations/routes/RouteCopyAction.java]" classname="jmri.util.FileLineEndingsTest" time="0.001"/>
  <testcase name="lineEndings[./java/src/jmri/jmrit/operations/routes/PrintRoutesAction.java]" classname="jmri.util.FileLineEndingsTest" time="0.001"/>
  <testcase name="lineEndings[./java/src/jmri/jmrit/operations/routes/RouteManager.java]" classname="jmri.util.FileLineEndingsTest" time="0"/>
  <testcase name="lineEndings[./java/src/jmri/jmrit/operations/routes/RouteManagerXml.java]" classname="jmri.util.FileLineEndingsTest" time="0.001"/>
  <testcase name="lineEndings[./java/src/jmri/jmrit/operations/routes/Xml.java]" classname="jmri.util.FileLineEndingsTest" time="0.001"/>
  <testcase name="lineEndings[./java/src/jmri/jmrit/operations/routes/Route.java]" classname="jmri.util.FileLineEndingsTest" time="0.001"/>
  <testcase name="lineEndings[./java/src/jmri/jmrit/operations/routes/RoutesTableFrame.java]" classname="jmri.util.FileLineEndingsTest" time="0"/>
  <testcase name="lineEndings[./java/src/jmri/jmrit/operations/routes/RouteEditTableModel.java]" classname="jmri.util.FileLineEndingsTest" time="0.001"/>
  <testcase name="lineEndings[./java/src/jmri/jmrit/operations/routes/RouteCopyFrame.java]" classname="jmri.util.FileLineEndingsTest" time="0.001"/>
  <testcase name="lineEndings[./java/src/jmri/jmrit/operations/routes/RoutesTableModel.java]" classname="jmri.util.FileLineEndingsTest" time="0.001"/>
  <testcase name="lineEndings[./java/src/jmri/jmrit/operations/trains/tools/PrintTrainAction.java]" classname="jmri.util.FileLineEndingsTest" time="0"/>
  <testcase name="lineEndings[./java/src/jmri/jmrit/operations/trains/tools/TrainCopyFrame.java]" classname="jmri.util.FileLineEndingsTest" time="0.001"/>
  <testcase name="lineEndings[./java/src/jmri/jmrit/operations/trains/tools/ExportTrains.java]" classname="jmri.util.FileLineEndingsTest" time="0.001"/>
  <testcase name="lineEndings[./java/src/jmri/jmrit/operations/trains/tools/ExportTrainRosterAction.java]" classname="jmri.util.FileLineEndingsTest" time="0.001"/>
  <testcase name="lineEndings[./java/src/jmri/jmrit/operations/trains/tools/ShowCarsInTrainAction.java]" classname="jmri.util.FileLineEndingsTest" time="0"/>
  <testcase name="lineEndings[./java/src/jmri/jmrit/operations/trains/tools/TrainManifestOptionFrame.java]" classname="jmri.util.FileLineEndingsTest" time="0.001"/>
  <testcase name="lineEndings[./java/src/jmri/jmrit/operations/trains/tools/TrainByCarTypeFrame.java]" classname="jmri.util.FileLineEndingsTest" time="0.001"/>
  <testcase name="lineEndings[./java/src/jmri/jmrit/operations/trains/tools/Bundle.java]" classname="jmri.util.FileLineEndingsTest" time="0.001"/>
  <testcase name="lineEndings[./java/src/jmri/jmrit/operations/trains/tools/PrintTrainManifestAction.java]" classname="jmri.util.FileLineEndingsTest" time="0"/>
  <testcase name="lineEndings[./java/src/jmri/jmrit/operations/trains/tools/TrainsScriptFrame.java]" classname="jmri.util.FileLineEndingsTest" time="0.001"/>
  <testcase name="lineEndings[./java/src/jmri/jmrit/operations/trains/tools/TrainsScriptAction.java]" classname="jmri.util.FileLineEndingsTest" time="0.001"/>
  <testcase name="lineEndings[./java/src/jmri/jmrit/operations/trains/tools/TrainByCarTypeAction.java]" classname="jmri.util.FileLineEndingsTest" time="0.001"/>
  <testcase name="lineEndings[./java/src/jmri/jmrit/operations/trains/tools/TrainCopyAction.java]" classname="jmri.util.FileLineEndingsTest" time="0"/>
  <testcase name="lineEndings[./java/src/jmri/jmrit/operations/trains/tools/PrintTrainsAction.java]" classname="jmri.util.FileLineEndingsTest" time="0.001"/>
  <testcase name="lineEndings[./java/src/jmri/jmrit/operations/trains/tools/TrainsByCarTypeAction.java]" classname="jmri.util.FileLineEndingsTest" time="0.001"/>
  <testcase name="lineEndings[./java/src/jmri/jmrit/operations/trains/tools/PrintTrainBuildReportAction.java]" classname="jmri.util.FileLineEndingsTest" time="0.001"/>
  <testcase name="lineEndings[./java/src/jmri/jmrit/operations/trains/tools/PrintSavedTrainManifestAction.java]" classname="jmri.util.FileLineEndingsTest" time="0"/>
  <testcase name="lineEndings[./java/src/jmri/jmrit/operations/trains/tools/TrainManifestOptionAction.java]" classname="jmri.util.FileLineEndingsTest" time="0.001"/>
  <testcase name="lineEndings[./java/src/jmri/jmrit/operations/trains/tools/TrainsTableSetColorAction.java]" classname="jmri.util.FileLineEndingsTest" time="0.001"/>
  <testcase name="lineEndings[./java/src/jmri/jmrit/operations/trains/tools/TrainsByCarTypeFrame.java]" classname="jmri.util.FileLineEndingsTest" time="0.001"/>
  <testcase name="lineEndings[./java/src/jmri/jmrit/operations/trains/tools/PrintTrainsByCarTypesAction.java]" classname="jmri.util.FileLineEndingsTest" time="0"/>
  <testcase name="lineEndings[./java/src/jmri/jmrit/operations/trains/tools/ChangeDepartureTimesFrame.java]" classname="jmri.util.FileLineEndingsTest" time="0.001"/>
  <testcase name="lineEndings[./java/src/jmri/jmrit/operations/trains/tools/ChangeDepartureTimesAction.java]" classname="jmri.util.FileLineEndingsTest" time="0.001"/>
  <testcase name="lineEndings[./java/src/jmri/jmrit/operations/trains/tools/ShowCarsInTrainFrame.java]" classname="jmri.util.FileLineEndingsTest" time="0"/>
  <testcase name="lineEndings[./java/src/jmri/jmrit/operations/trains/tools/TrainScriptAction.java]" classname="jmri.util.FileLineEndingsTest" time="0.001"/>
  <testcase name="lineEndings[./java/src/jmri/jmrit/operations/trains/tools/TrainsTableSetColorFrame.java]" classname="jmri.util.FileLineEndingsTest" time="0.001"/>
  <testcase name="lineEndings[./java/src/jmri/jmrit/operations/trains/tools/TrainScriptFrame.java]" classname="jmri.util.FileLineEndingsTest" time="0.001"/>
  <testcase name="lineEndings[./java/src/jmri/jmrit/operations/trains/TrainsTableFrame.java]" classname="jmri.util.FileLineEndingsTest" time="0"/>
  <testcase name="lineEndings[./java/src/jmri/jmrit/operations/trains/TrainEditFrame.java]" classname="jmri.util.FileLineEndingsTest" time="0"/>
  <testcase name="lineEndings[./java/src/jmri/jmrit/operations/trains/excel/SetupExcelProgramSwitchListFrameAction.java]" classname="jmri.util.FileLineEndingsTest" time="0.001"/>
  <testcase name="lineEndings[./java/src/jmri/jmrit/operations/trains/excel/TrainCustomSwitchList.java]" classname="jmri.util.FileLineEndingsTest" time="0.001"/>
  <testcase name="lineEndings[./java/src/jmri/jmrit/operations/trains/excel/TrainCustomManifest.java]" classname="jmri.util.FileLineEndingsTest" time="0.001"/>
  <testcase name="lineEndings[./java/src/jmri/jmrit/operations/trains/excel/SetupExcelProgramFrameAction.java]" classname="jmri.util.FileLineEndingsTest" time="0"/>
  <testcase name="lineEndings[./java/src/jmri/jmrit/operations/trains/excel/Xml.java]" classname="jmri.util.FileLineEndingsTest" time="0.001"/>
  <testcase name="lineEndings[./java/src/jmri/jmrit/operations/trains/excel/SetupExcelProgramSwitchListFrame.java]" classname="jmri.util.FileLineEndingsTest" time="0.001"/>
  <testcase name="lineEndings[./java/src/jmri/jmrit/operations/trains/excel/SetupExcelProgramFrame.java]" classname="jmri.util.FileLineEndingsTest" time="0.001"/>
  <testcase name="lineEndings[./java/src/jmri/jmrit/operations/trains/excel/SetupExcelProgramManifestFrame.java]" classname="jmri.util.FileLineEndingsTest" time="0"/>
  <testcase name="lineEndings[./java/src/jmri/jmrit/operations/trains/excel/Bundle.java]" classname="jmri.util.FileLineEndingsTest" time="0.001"/>
  <testcase name="lineEndings[./java/src/jmri/jmrit/operations/trains/excel/TrainCustomCommon.java]" classname="jmri.util.FileLineEndingsTest" time="0.001"/>
  <testcase name="lineEndings[./java/src/jmri/jmrit/operations/trains/timetable/Bundle.java]" classname="jmri.util.FileLineEndingsTest" time="0"/>
  <testcase name="lineEndings[./java/src/jmri/jmrit/operations/trains/timetable/TrainScheduleManager.java]" classname="jmri.util.FileLineEndingsTest" time="0.001"/>
  <testcase name="lineEndings[./java/src/jmri/jmrit/operations/trains/timetable/TrainSchedule.java]" classname="jmri.util.FileLineEndingsTest" time="0.001"/>
  <testcase name="lineEndings[./java/src/jmri/jmrit/operations/trains/timetable/TrainsScheduleAction.java]" classname="jmri.util.FileLineEndingsTest" time="0.001"/>
  <testcase name="lineEndings[./java/src/jmri/jmrit/operations/trains/timetable/TrainsScheduleEditAction.java]" classname="jmri.util.FileLineEndingsTest" time="0"/>
  <testcase name="lineEndings[./java/src/jmri/jmrit/operations/trains/timetable/Xml.java]" classname="jmri.util.FileLineEndingsTest" time="0.001"/>
  <testcase name="lineEndings[./java/src/jmri/jmrit/operations/trains/timetable/TrainsScheduleTableFrame.java]" classname="jmri.util.FileLineEndingsTest" time="0.001"/>
  <testcase name="lineEndings[./java/src/jmri/jmrit/operations/trains/timetable/TrainsScheduleEditFrame.java]" classname="jmri.util.FileLineEndingsTest" time="0.001"/>
  <testcase name="lineEndings[./java/src/jmri/jmrit/operations/trains/timetable/TrainsScheduleTableModel.java]" classname="jmri.util.FileLineEndingsTest" time="0"/>
  <testcase name="lineEndings[./java/src/jmri/jmrit/operations/trains/TrainBuilder.java]" classname="jmri.util.FileLineEndingsTest" time="0.002"/>
  <testcase name="lineEndings[./java/src/jmri/jmrit/operations/trains/TrainLoadOptionsFrame.java]" classname="jmri.util.FileLineEndingsTest" time="0.001"/>
  <testcase name="lineEndings[./java/src/jmri/jmrit/operations/trains/TrainIconAnimation.java]" classname="jmri.util.FileLineEndingsTest" time="0.001"/>
  <testcase name="lineEndings[./java/src/jmri/jmrit/operations/trains/Bundle.java]" classname="jmri.util.FileLineEndingsTest" time="0"/>
  <testcase name="lineEndings[./java/src/jmri/jmrit/operations/trains/TrainManagerXml.java]" classname="jmri.util.FileLineEndingsTest" time="0.001"/>
  <testcase name="lineEndings[./java/src/jmri/jmrit/operations/trains/TrainIcon.java]" classname="jmri.util.FileLineEndingsTest" time="0.001"/>
  <testcase name="lineEndings[./java/src/jmri/jmrit/operations/trains/TrainEditBuildOptionsFrame.java]" classname="jmri.util.FileLineEndingsTest" time="0.001"/>
  <testcase name="lineEndings[./java/src/jmri/jmrit/operations/trains/TrainRoadOptionsFrame.java]" classname="jmri.util.FileLineEndingsTest" time="0.001"/>
  <testcase name="lineEndings[./java/src/jmri/jmrit/operations/trains/BuildFailedException.java]" classname="jmri.util.FileLineEndingsTest" time="0"/>
  <testcase name="lineEndings[./java/src/jmri/jmrit/operations/trains/TrainManifestHeaderText.java]" classname="jmri.util.FileLineEndingsTest" time="0.001"/>
  <testcase name="lineEndings[./java/src/jmri/jmrit/operations/trains/TrainsTableModel.java]" classname="jmri.util.FileLineEndingsTest" time="0.001"/>
  <testcase name="lineEndings[./java/src/jmri/jmrit/operations/trains/TrainEditBuildOptionsAction.java]" classname="jmri.util.FileLineEndingsTest" time="0.001"/>
  <testcase name="lineEndings[./java/src/jmri/jmrit/operations/trains/TrainRoadOptionsAction.java]" classname="jmri.util.FileLineEndingsTest" time="0"/>
  <testcase name="lineEndings[./java/src/jmri/jmrit/operations/trains/TrainCommon.java]" classname="jmri.util.FileLineEndingsTest" time="0.001"/>
  <testcase name="lineEndings[./java/src/jmri/jmrit/operations/trains/TrainConductorAction.java]" classname="jmri.util.FileLineEndingsTest" time="0.001"/>
  <testcase name="lineEndings[./java/src/jmri/jmrit/operations/trains/JsonManifest.java]" classname="jmri.util.FileLineEndingsTest" time="0.001"/>
  <testcase name="lineEndings[./java/src/jmri/jmrit/operations/trains/TrainLogger.java]" classname="jmri.util.FileLineEndingsTest" time="0.001"/>
  <testcase name="lineEndings[./java/src/jmri/jmrit/operations/trains/TrainUtilities.java]" classname="jmri.util.FileLineEndingsTest" time="0"/>
  <testcase name="lineEndings[./java/src/jmri/jmrit/operations/trains/configurexml/Xml.java]" classname="jmri.util.FileLineEndingsTest" time="0.001"/>
  <testcase name="lineEndings[./java/src/jmri/jmrit/operations/trains/configurexml/TrainIconXml.java]" classname="jmri.util.FileLineEndingsTest" time="0.001"/>
  <testcase name="lineEndings[./java/src/jmri/jmrit/operations/trains/TrainCsvManifest.java]" classname="jmri.util.FileLineEndingsTest" time="0.001"/>
  <testcase name="lineEndings[./java/src/jmri/jmrit/operations/trains/TrainLoadOptionsAction.java]" classname="jmri.util.FileLineEndingsTest" time="0"/>
  <testcase name="lineEndings[./java/src/jmri/jmrit/operations/trains/TrainSwitchLists.java]" classname="jmri.util.FileLineEndingsTest" time="0.001"/>
  <testcase name="lineEndings[./java/src/jmri/jmrit/operations/trains/TrainManifestText.java]" classname="jmri.util.FileLineEndingsTest" time="0.001"/>
  <testcase name="lineEndings[./java/src/jmri/jmrit/operations/trains/TrainSwitchListEditFrame.java]" classname="jmri.util.FileLineEndingsTest" time="0.001"/>
  <testcase name="lineEndings[./java/src/jmri/jmrit/operations/trains/TrainCsvCommon.java]" classname="jmri.util.FileLineEndingsTest" time="0"/>
  <testcase name="lineEndings[./java/src/jmri/jmrit/operations/trains/TrainConductorFrame.java]" classname="jmri.util.FileLineEndingsTest" time="0"/>
  <testcase name="lineEndings[./java/src/jmri/jmrit/operations/trains/TrainManifest.java]" classname="jmri.util.FileLineEndingsTest" time="0.001"/>
  <testcase name="lineEndings[./java/src/jmri/jmrit/operations/trains/TrainSwitchListText.java]" classname="jmri.util.FileLineEndingsTest" time="0.001"/>
  <testcase name="lineEndings[./java/src/jmri/jmrit/operations/trains/TrainConductorPanel.java]" classname="jmri.util.FileLineEndingsTest" time="0.001"/>
  <testcase name="lineEndings[./java/src/jmri/jmrit/operations/trains/TrainsTableAction.java]" classname="jmri.util.FileLineEndingsTest" time="0"/>
  <testcase name="lineEndings[./java/src/jmri/jmrit/operations/trains/TrainCsvSwitchLists.java]" classname="jmri.util.FileLineEndingsTest" time="0.001"/>
  <testcase name="lineEndings[./java/src/jmri/jmrit/operations/trains/TrainManager.java]" classname="jmri.util.FileLineEndingsTest" time="0.001"/>
  <testcase name="lineEndings[./java/src/jmri/jmrit/operations/trains/Xml.java]" classname="jmri.util.FileLineEndingsTest" time="0.001"/>
  <testcase name="lineEndings[./java/src/jmri/jmrit/operations/trains/TrainPrintUtilities.java]" classname="jmri.util.FileLineEndingsTest" time="0"/>
  <testcase name="lineEndings[./java/src/jmri/jmrit/operations/trains/Train.java]" classname="jmri.util.FileLineEndingsTest" time="0.002"/>
  <testcase name="lineEndings[./java/src/jmri/jmrit/operations/router/Router.java]" classname="jmri.util.FileLineEndingsTest" time="0.001"/>
  <testcase name="lineEndings[./java/src/jmri/jmrit/operations/router/Bundle.java]" classname="jmri.util.FileLineEndingsTest" time="0"/>
  <testcase name="lineEndings[./java/src/jmri/jmrit/operations/OpsPropertyChangeListener.java]" classname="jmri.util.FileLineEndingsTest" time="0.001"/>
  <testcase name="lineEndings[./java/src/jmri/jmrit/operations/OperationsXml.java]" classname="jmri.util.FileLineEndingsTest" time="0.001"/>
  <testcase name="lineEndings[./java/src/jmri/jmrit/operations/OperationsMenu.java]" classname="jmri.util.FileLineEndingsTest" time="0"/>
  <testcase name="lineEndings[./java/src/jmri/jmrit/operations/OperationsManager.java]" classname="jmri.util.FileLineEndingsTest" time="0"/>
  <testcase name="lineEndings[./java/src/jmri/jmrit/operations/OperationsPanel.java]" classname="jmri.util.FileLineEndingsTest" time="0.001"/>
  <testcase name="lineEndings[./java/src/jmri/jmrit/operations/Bundle.java]" classname="jmri.util.FileLineEndingsTest" time="0.001"/>
  <testcase name="lineEndings[./java/src/jmri/jmrit/operations/CommonConductorYardmasterPanel.java]" classname="jmri.util.FileLineEndingsTest" time="0.001"/>
  <testcase name="lineEndings[./java/src/jmri/jmrit/operations/OperationsFrame.java]" classname="jmri.util.FileLineEndingsTest" time="0"/>
  <testcase name="lineEndings[./java/src/jmri/jmrit/speedometer/Bundle.java]" classname="jmri.util.FileLineEndingsTest" time="0.001"/>
  <testcase name="lineEndings[./java/src/jmri/jmrit/speedometer/SpeedometerAction.java]" classname="jmri.util.FileLineEndingsTest" time="0.001"/>
  <testcase name="lineEndings[./java/src/jmri/jmrit/speedometer/SpeedometerFrame.java]" classname="jmri.util.FileLineEndingsTest" time="0.001"/>
  <testcase name="lineEndings[./java/src/jmri/jmrit/audio/AudioThread.java]" classname="jmri.util.FileLineEndingsTest" time="0"/>
  <testcase name="lineEndings[./java/src/jmri/jmrit/audio/swing/AudioBufferFrame.java]" classname="jmri.util.FileLineEndingsTest" time="0.001"/>
  <testcase name="lineEndings[./java/src/jmri/jmrit/audio/swing/AudioListenerFrame.java]" classname="jmri.util.FileLineEndingsTest" time="0.001"/>
  <testcase name="lineEndings[./java/src/jmri/jmrit/audio/swing/AbstractAudioFrame.java]" classname="jmri.util.FileLineEndingsTest" time="0"/>
  <testcase name="lineEndings[./java/src/jmri/jmrit/audio/swing/Bundle.java]" classname="jmri.util.FileLineEndingsTest" time="0.001"/>
  <testcase name="lineEndings[./java/src/jmri/jmrit/audio/swing/AudioSourceFrame.java]" classname="jmri.util.FileLineEndingsTest" time="0.001"/>
  <testcase name="lineEndings[./java/src/jmri/jmrit/audio/NullAudioBuffer.java]" classname="jmri.util.FileLineEndingsTest" time="0.001"/>
  <testcase name="lineEndings[./java/src/jmri/jmrit/audio/JavaSoundAudioBuffer.java]" classname="jmri.util.FileLineEndingsTest" time="0"/>
  <testcase name="lineEndings[./java/src/jmri/jmrit/audio/NullAudioSource.java]" classname="jmri.util.FileLineEndingsTest" time="0.001"/>
  <testcase name="lineEndings[./java/src/jmri/jmrit/audio/JavaSoundAudioFactory.java]" classname="jmri.util.FileLineEndingsTest" time="0.001"/>
  <testcase name="lineEndings[./java/src/jmri/jmrit/audio/JavaSoundAudioSource.java]" classname="jmri.util.FileLineEndingsTest" time="0.001"/>
  <testcase name="lineEndings[./java/src/jmri/jmrit/audio/DefaultAudioManager.java]" classname="jmri.util.FileLineEndingsTest" time="0"/>
  <testcase name="lineEndings[./java/src/jmri/jmrit/audio/NullAudioListener.java]" classname="jmri.util.FileLineEndingsTest" time="0.001"/>
  <testcase name="lineEndings[./java/src/jmri/jmrit/audio/JoalAudioListener.java]" classname="jmri.util.FileLineEndingsTest" time="0.001"/>
  <testcase name="lineEndings[./java/src/jmri/jmrit/audio/NullAudioFactory.java]" classname="jmri.util.FileLineEndingsTest" time="0.001"/>
  <testcase name="lineEndings[./java/src/jmri/jmrit/audio/JoalAudioBuffer.java]" classname="jmri.util.FileLineEndingsTest" time="0"/>
  <testcase name="lineEndings[./java/src/jmri/jmrit/audio/AbstractAudioFactory.java]" classname="jmri.util.FileLineEndingsTest" time="0.001"/>
  <testcase name="lineEndings[./java/src/jmri/jmrit/audio/Bundle.java]" classname="jmri.util.FileLineEndingsTest" time="0.001"/>
  <testcase name="lineEndings[./java/src/jmri/jmrit/audio/AudioBuffer.java]" classname="jmri.util.FileLineEndingsTest" time="0.001"/>
  <testcase name="lineEndings[./java/src/jmri/jmrit/audio/configurexml/DefaultAudioManagerXml.java]" classname="jmri.util.FileLineEndingsTest" time="0"/>
  <testcase name="lineEndings[./java/src/jmri/jmrit/audio/AbstractAudioBuffer.java]" classname="jmri.util.FileLineEndingsTest" time="0.001"/>
  <testcase name="lineEndings[./java/src/jmri/jmrit/audio/AudioCommandThread.java]" classname="jmri.util.FileLineEndingsTest" time="0.001"/>
  <testcase name="lineEndings[./java/src/jmri/jmrit/audio/AudioSource.java]" classname="jmri.util.FileLineEndingsTest" time="0.001"/>
  <testcase name="lineEndings[./java/src/jmri/jmrit/audio/AbstractAudioListener.java]" classname="jmri.util.FileLineEndingsTest" time="0"/>
  <testcase name="lineEndings[./java/src/jmri/jmrit/audio/AudioCommand.java]" classname="jmri.util.FileLineEndingsTest" time="0.001"/>
  <testcase name="lineEndings[./java/src/jmri/jmrit/audio/JavaSoundAudioListener.java]" classname="jmri.util.FileLineEndingsTest" time="0.001"/>
  <testcase name="lineEndings[./java/src/jmri/jmrit/audio/JoalAudioFactory.java]" classname="jmri.util.FileLineEndingsTest" time="0.001"/>
  <testcase name="lineEndings[./java/src/jmri/jmrit/audio/AbstractAudioSource.java]" classname="jmri.util.FileLineEndingsTest" time="0"/>
  <testcase name="lineEndings[./java/src/jmri/jmrit/audio/AbstractAudioThread.java]" classname="jmri.util.FileLineEndingsTest" time="0.001"/>
  <testcase name="lineEndings[./java/src/jmri/jmrit/audio/AudioFactory.java]" classname="jmri.util.FileLineEndingsTest" time="0.001"/>
  <testcase name="lineEndings[./java/src/jmri/jmrit/audio/JoalAudioSource.java]" classname="jmri.util.FileLineEndingsTest" time="0.001"/>
  <testcase name="lineEndings[./java/src/jmri/jmrit/audio/AudioListener.java]" classname="jmri.util.FileLineEndingsTest" time="0"/>
  <testcase name="lineEndings[./java/src/jmri/jmrit/vsdecoder/VSDecoderManager.java]" classname="jmri.util.FileLineEndingsTest" time="0.001"/>
  <testcase name="lineEndings[./java/src/jmri/jmrit/vsdecoder/listener/ListeningSpot.java]" classname="jmri.util.FileLineEndingsTest" time="0.001"/>
  <testcase name="lineEndings[./java/src/jmri/jmrit/vsdecoder/listener/VSDListener.java]" classname="jmri.util.FileLineEndingsTest" time="0.001"/>
  <testcase name="lineEndings[./java/src/jmri/jmrit/vsdecoder/SteamSound.java]" classname="jmri.util.FileLineEndingsTest" time="0"/>
  <testcase name="lineEndings[./java/src/jmri/jmrit/vsdecoder/ThrottleTrigger.java]" classname="jmri.util.FileLineEndingsTest" time="0.001"/>
  <testcase name="lineEndings[./java/src/jmri/jmrit/vsdecoder/Diesel3Sound.java]" classname="jmri.util.FileLineEndingsTest" time="0.001"/>
  <testcase name="lineEndings[./java/src/jmri/jmrit/vsdecoder/VSDecoderEvent.java]" classname="jmri.util.FileLineEndingsTest" time="0.001"/>
  <testcase name="lineEndings[./java/src/jmri/jmrit/vsdecoder/swing/DieselPane.java]" classname="jmri.util.FileLineEndingsTest" time="0"/>
  <testcase name="lineEndings[./java/src/jmri/jmrit/vsdecoder/swing/ManageLocationsAction.java]" classname="jmri.util.FileLineEndingsTest" time="0.001"/>
  <testcase name="lineEndings[./java/src/jmri/jmrit/vsdecoder/swing/VSDConfigDialog.java]" classname="jmri.util.FileLineEndingsTest" time="0.001"/>
  <testcase name="lineEndings[./java/src/jmri/jmrit/vsdecoder/swing/VSDPreferencesAction.java]" classname="jmri.util.FileLineEndingsTest" time="0.001"/>
  <testcase name="lineEndings[./java/src/jmri/jmrit/vsdecoder/swing/VSDOptionsDialog.java]" classname="jmri.util.FileLineEndingsTest" time="0"/>
  <testcase name="lineEndings[./java/src/jmri/jmrit/vsdecoder/swing/VSDecoderPreferencesPane.java]" classname="jmri.util.FileLineEndingsTest" time="0.001"/>
  <testcase name="lineEndings[./java/src/jmri/jmrit/vsdecoder/swing/VSDManagerFrame.java]" classname="jmri.util.FileLineEndingsTest" time="0.001"/>
  <testcase name="lineEndings[./java/src/jmri/jmrit/vsdecoder/swing/Bundle.java]" classname="jmri.util.FileLineEndingsTest" time="0.001"/>
  <testcase name="lineEndings[./java/src/jmri/jmrit/vsdecoder/swing/ManageLocationsFrame.java]" classname="jmri.util.FileLineEndingsTest" time="0"/>
  <testcase name="lineEndings[./java/src/jmri/jmrit/vsdecoder/swing/VSDControl.java]" classname="jmri.util.FileLineEndingsTest" time="0.001"/>
  <testcase name="lineEndings[./java/src/jmri/jmrit/vsdecoder/VSDecoderPreferences.java]" classname="jmri.util.FileLineEndingsTest" time="0.001"/>
  <testcase name="lineEndings[./java/src/jmri/jmrit/vsdecoder/NotchTransition.java]" classname="jmri.util.FileLineEndingsTest" time="0.001"/>
  <testcase name="lineEndings[./java/src/jmri/jmrit/vsdecoder/AudioUtil.java]" classname="jmri.util.FileLineEndingsTest" time="0.001"/>
  <testcase name="lineEndings[./java/src/jmri/jmrit/vsdecoder/EngineSound.java]" classname="jmri.util.FileLineEndingsTest" time="0"/>
  <testcase name="lineEndings[./java/src/jmri/jmrit/vsdecoder/ToggleSoundEvent.java]" classname="jmri.util.FileLineEndingsTest" time="0.001"/>
  <testcase name="lineEndings[./java/src/jmri/jmrit/vsdecoder/LoadXmlVSDecoderAction.java]" classname="jmri.util.FileLineEndingsTest" time="0.001"/>
  <testcase name="lineEndings[./java/src/jmri/jmrit/vsdecoder/VSDecoderManagerThread.java]" classname="jmri.util.FileLineEndingsTest" time="0.001"/>
  <testcase name="lineEndings[./java/src/jmri/jmrit/vsdecoder/VSDecoder.java]" classname="jmri.util.FileLineEndingsTest" time="0"/>
  <testcase name="lineEndings[./java/src/jmri/jmrit/vsdecoder/MomentarySoundEvent.java]" classname="jmri.util.FileLineEndingsTest" time="0.001"/>
  <testcase name="lineEndings[./java/src/jmri/jmrit/vsdecoder/VSDConfig.java]" classname="jmri.util.FileLineEndingsTest" time="0.001"/>
  <testcase name="lineEndings[./java/src/jmri/jmrit/vsdecoder/EngineSoundEvent.java]" classname="jmri.util.FileLineEndingsTest" time="0"/>
  <testcase name="lineEndings[./java/src/jmri/jmrit/vsdecoder/VSDManagerEvent.java]" classname="jmri.util.FileLineEndingsTest" time="0.001"/>
  <testcase name="lineEndings[./java/src/jmri/jmrit/vsdecoder/SoundBite.java]" classname="jmri.util.FileLineEndingsTest" time="0.001"/>
  <testcase name="lineEndings[./java/src/jmri/jmrit/vsdecoder/DieselSound.java]" classname="jmri.util.FileLineEndingsTest" time="0.001"/>
  <testcase name="lineEndings[./java/src/jmri/jmrit/vsdecoder/VSDSound.java]" classname="jmri.util.FileLineEndingsTest" time="0"/>
  <testcase name="lineEndings[./java/src/jmri/jmrit/vsdecoder/VSDecoderListener.java]" classname="jmri.util.FileLineEndingsTest" time="0.001"/>
  <testcase name="lineEndings[./java/src/jmri/jmrit/vsdecoder/VSDConfigPanel.java]" classname="jmri.util.FileLineEndingsTest" time="0.001"/>
  <testcase name="lineEndings[./java/src/jmri/jmrit/vsdecoder/TriggerListener.java]" classname="jmri.util.FileLineEndingsTest" time="0.001"/>
  <testcase name="lineEndings[./java/src/jmri/jmrit/vsdecoder/VSDOptionPanel.java]" classname="jmri.util.FileLineEndingsTest" time="0"/>
  <testcase name="lineEndings[./java/src/jmri/jmrit/vsdecoder/NotchTrigger.java]" classname="jmri.util.FileLineEndingsTest" time="0.001"/>
  <testcase name="lineEndings[./java/src/jmri/jmrit/vsdecoder/Diesel2Sound.java]" classname="jmri.util.FileLineEndingsTest" time="0.001"/>
  <testcase name="lineEndings[./java/src/jmri/jmrit/vsdecoder/VSDFile.java]" classname="jmri.util.FileLineEndingsTest" time="0.001"/>
  <testcase name="lineEndings[./java/src/jmri/jmrit/vsdecoder/Trigger.java]" classname="jmri.util.FileLineEndingsTest" time="0"/>
  <testcase name="lineEndings[./java/src/jmri/jmrit/vsdecoder/DieselPane.java]" classname="jmri.util.FileLineEndingsTest" time="0.001"/>
  <testcase name="lineEndings[./java/src/jmri/jmrit/vsdecoder/EnginePane.java]" classname="jmri.util.FileLineEndingsTest" time="0.001"/>
  <testcase name="lineEndings[./java/src/jmri/jmrit/vsdecoder/FloatTrigger.java]" classname="jmri.util.FileLineEndingsTest" time="0"/>
  <testcase name="lineEndings[./java/src/jmri/jmrit/vsdecoder/VSDecoderCreationStartupActionFactory.java]" classname="jmri.util.FileLineEndingsTest" time="0.001"/>
  <testcase name="lineEndings[./java/src/jmri/jmrit/vsdecoder/ConfigurableSound.java]" classname="jmri.util.FileLineEndingsTest" time="0.001"/>
  <testcase name="lineEndings[./java/src/jmri/jmrit/vsdecoder/VSDManagerListener.java]" classname="jmri.util.FileLineEndingsTest" time="0.001"/>
  <testcase name="lineEndings[./java/src/jmri/jmrit/vsdecoder/VSDSoundsPanel.java]" classname="jmri.util.FileLineEndingsTest" time="0"/>
  <testcase name="lineEndings[./java/src/jmri/jmrit/vsdecoder/StoreXmlVSDecoderAction.java]" classname="jmri.util.FileLineEndingsTest" time="0.001"/>
  <testcase name="lineEndings[./java/src/jmri/jmrit/vsdecoder/IntTrigger.java]" classname="jmri.util.FileLineEndingsTest" time="0.001"/>
  <testcase name="lineEndings[./java/src/jmri/jmrit/vsdecoder/BoolTrigger.java]" classname="jmri.util.FileLineEndingsTest" time="0"/>
  <testcase name="lineEndings[./java/src/jmri/jmrit/vsdecoder/VSDecoderCreationAction.java]" classname="jmri.util.FileLineEndingsTest" time="0"/>
  <testcase name="lineEndings[./java/src/jmri/jmrit/vsdecoder/LoadVSDFileAction.java]" classname="jmri.util.FileLineEndingsTest" time="0.001"/>
  <testcase name="lineEndings[./java/src/jmri/jmrit/vsdecoder/NotchSound.java]" classname="jmri.util.FileLineEndingsTest" time="0.001"/>
  <testcase name="lineEndings[./java/src/jmri/jmrit/vsdecoder/SoundEvent.java]" classname="jmri.util.FileLineEndingsTest" time="0"/>
  <testcase name="lineEndings[./java/src/jmri/jmrit/vsdecoder/VSDecoderFrame.java]" classname="jmri.util.FileLineEndingsTest" time="0.001"/>
  <testcase name="lineEndings[./java/src/jmri/jmrit/vsdecoder/ButtonTrigger.java]" classname="jmri.util.FileLineEndingsTest" time="0.001"/>
  <testcase name="lineEndings[./java/src/jmri/jmrit/vsdecoder/Bundle.java]" classname="jmri.util.FileLineEndingsTest" time="0.001"/>
  <testcase name="lineEndings[./java/src/jmri/jmrit/vsdecoder/VSDecoderPane.java]" classname="jmri.util.FileLineEndingsTest" time="0"/>
  <testcase name="lineEndings[./java/src/jmri/jmrit/vsdecoder/Steam1Sound.java]" classname="jmri.util.FileLineEndingsTest" time="0.001"/>
  <testcase name="lineEndings[./java/src/jmri/jmrit/throttle/ThrottleFrameManager.java]" classname="jmri.util.FileLineEndingsTest" time="0.001"/>
  <testcase name="lineEndings[./java/src/jmri/jmrit/throttle/LoadDefaultXmlThrottlesLayoutAction.java]" classname="jmri.util.FileLineEndingsTest" time="0.001"/>
  <testcase name="lineEndings[./java/src/jmri/jmrit/throttle/ThrottlesListPanel.java]" classname="jmri.util.FileLineEndingsTest" time="0"/>
  <testcase name="lineEndings[./java/src/jmri/jmrit/throttle/ThrottleWindow.java]" classname="jmri.util.FileLineEndingsTest" time="0.001"/>
  <testcase name="lineEndings[./java/src/jmri/jmrit/throttle/AddressPanel.java]" classname="jmri.util.FileLineEndingsTest" time="0.001"/>
  <testcase name="lineEndings[./java/src/jmri/jmrit/throttle/SpeedPanel.java]" classname="jmri.util.FileLineEndingsTest" time="0.001"/>
  <testcase name="lineEndings[./java/src/jmri/jmrit/throttle/FunctionListener.java]" classname="jmri.util.FileLineEndingsTest" time="0"/>
  <testcase name="lineEndings[./java/src/jmri/jmrit/throttle/KeyListenerInstaller.java]" classname="jmri.util.FileLineEndingsTest" time="0.001"/>
  <testcase name="lineEndings[./java/src/jmri/jmrit/throttle/PowerManagerButton.java]" classname="jmri.util.FileLineEndingsTest" time="0.001"/>
  <testcase name="lineEndings[./java/src/jmri/jmrit/throttle/ThrottleFrame.java]" classname="jmri.util.FileLineEndingsTest" time="0.001"/>
  <testcase name="lineEndings[./java/src/jmri/jmrit/throttle/FunctionButtonPropertyEditor.java]" classname="jmri.util.FileLineEndingsTest" time="0"/>
  <testcase name="lineEndings[./java/src/jmri/jmrit/throttle/StoreDefaultXmlThrottlesLayoutAction.java]" classname="jmri.util.FileLineEndingsTest" time="0.001"/>
  <testcase name="lineEndings[./java/src/jmri/jmrit/throttle/StoreXmlThrottlesLayoutAction.java]" classname="jmri.util.FileLineEndingsTest" time="0.001"/>
  <testcase name="lineEndings[./java/src/jmri/jmrit/throttle/FunctionPanel.java]" classname="jmri.util.FileLineEndingsTest" time="0.001"/>
  <testcase name="lineEndings[./java/src/jmri/jmrit/throttle/AddressListener.java]" classname="jmri.util.FileLineEndingsTest" time="0"/>
  <testcase name="lineEndings[./java/src/jmri/jmrit/throttle/ControlPanelPropertyEditor.java]" classname="jmri.util.FileLineEndingsTest" time="0.001"/>
  <testcase name="lineEndings[./java/src/jmri/jmrit/throttle/LoadXmlThrottlesLayoutAction.java]" classname="jmri.util.FileLineEndingsTest" time="0.001"/>
  <testcase name="lineEndings[./java/src/jmri/jmrit/throttle/ThrottlesTableCellRenderer.java]" classname="jmri.util.FileLineEndingsTest" time="0.001"/>
  <testcase name="lineEndings[./java/src/jmri/jmrit/throttle/ThrottlesPreferences.java]" classname="jmri.util.FileLineEndingsTest" time="0"/>
  <testcase name="lineEndings[./java/src/jmri/jmrit/throttle/FunctionButton.java]" classname="jmri.util.FileLineEndingsTest" time="0.001"/>
  <testcase name="lineEndings[./java/src/jmri/jmrit/throttle/ThrottleCreationAction.java]" classname="jmri.util.FileLineEndingsTest" time="0.001"/>
  <testcase name="lineEndings[./java/src/jmri/jmrit/throttle/ControlPanelListener.java]" classname="jmri.util.FileLineEndingsTest" time="0.001"/>
  <testcase name="lineEndings[./java/src/jmri/jmrit/throttle/ThrottlesPreferencesAction.java]" classname="jmri.util.FileLineEndingsTest" time="0"/>
  <testcase name="lineEndings[./java/src/jmri/jmrit/throttle/ControlPanel.java]" classname="jmri.util.FileLineEndingsTest" time="0.001"/>
  <testcase name="lineEndings[./java/src/jmri/jmrit/throttle/ThrottlesListAction.java]" classname="jmri.util.FileLineEndingsTest" time="0.001"/>
  <testcase name="lineEndings[./java/src/jmri/jmrit/throttle/WindowPreferences.java]" classname="jmri.util.FileLineEndingsTest" time="0.001"/>
  <testcase name="lineEndings[./java/src/jmri/jmrit/throttle/Bundle.java]" classname="jmri.util.FileLineEndingsTest" time="0"/>
  <testcase name="lineEndings[./java/src/jmri/jmrit/throttle/ThrottlesPreferencesPane.java]" classname="jmri.util.FileLineEndingsTest" time="0.001"/>
  <testcase name="lineEndings[./java/src/jmri/jmrit/throttle/StopAllButton.java]" classname="jmri.util.FileLineEndingsTest" time="0.001"/>
  <testcase name="lineEndings[./java/src/jmri/jmrit/throttle/ThrottleFramePropertyEditor.java]" classname="jmri.util.FileLineEndingsTest" time="0.001"/>
  <testcase name="lineEndings[./java/src/jmri/jmrit/throttle/BackgroundPanel.java]" classname="jmri.util.FileLineEndingsTest" time="0"/>
  <testcase name="lineEndings[./java/src/jmri/jmrit/throttle/LargePowerManagerButton.java]" classname="jmri.util.FileLineEndingsTest" time="0.001"/>
  <testcase name="lineEndings[./java/src/jmri/jmrit/throttle/SmallPowerManagerButton.java]" classname="jmri.util.FileLineEndingsTest" time="0.001"/>
  <testcase name="lineEndings[./java/src/jmri/jmrit/throttle/ThrottlesTableModel.java]" classname="jmri.util.FileLineEndingsTest" time="0.001"/>
  <testcase name="lineEndings[./java/src/jmri/jmrit/roster/configurexml/RosterConfigPaneXml.java]" classname="jmri.util.FileLineEndingsTest" time="0"/>
  <testcase name="lineEndings[./java/src/jmri/jmrit/roster/swing/speedprofile/SpeedProfilePanel.java]" classname="jmri.util.FileLineEndingsTest" time="0.001"/>
  <testcase name="lineEndings[./java/src/jmri/jmrit/roster/swing/speedprofile/SpeedProfileTable.java]" classname="jmri.util.FileLineEndingsTest" time="0.001"/>
  <testcase name="lineEndings[./java/src/jmri/jmrit/roster/swing/speedprofile/SpeedProfileFrame.java]" classname="jmri.util.FileLineEndingsTest" time="0.001"/>
  <testcase name="lineEndings[./java/src/jmri/jmrit/roster/swing/speedprofile/Bundle.java]" classname="jmri.util.FileLineEndingsTest" time="0"/>
  <testcase name="lineEndings[./java/src/jmri/jmrit/roster/swing/speedprofile/SpeedProfileAction.java]" classname="jmri.util.FileLineEndingsTest" time="0.001"/>
  <testcase name="lineEndings[./java/src/jmri/jmrit/roster/swing/RosterEntryListCellRenderer.java]" classname="jmri.util.FileLineEndingsTest" time="0.001"/>
  <testcase name="lineEndings[./java/src/jmri/jmrit/roster/swing/rostergroup/RosterGroupTableFrame.java]" classname="jmri.util.FileLineEndingsTest" time="0.001"/>
  <testcase name="lineEndings[./java/src/jmri/jmrit/roster/swing/rostergroup/RosterGroupTableModel.java]" classname="jmri.util.FileLineEndingsTest" time="0"/>
  <testcase name="lineEndings[./java/src/jmri/jmrit/roster/swing/rostergroup/Bundle.java]" classname="jmri.util.FileLineEndingsTest" time="0.001"/>
  <testcase name="lineEndings[./java/src/jmri/jmrit/roster/swing/rostergroup/RosterGroupTableAction.java]" classname="jmri.util.FileLineEndingsTest" time="0.001"/>
  <testcase name="lineEndings[./java/src/jmri/jmrit/roster/swing/DeleteRosterGroupAction.java]" classname="jmri.util.FileLineEndingsTest" time="0"/>
  <testcase name="lineEndings[./java/src/jmri/jmrit/roster/swing/CopyRosterGroupAction.java]" classname="jmri.util.FileLineEndingsTest" time="0"/>
  <testcase name="lineEndings[./java/src/jmri/jmrit/roster/swing/RosterMenu.java]" classname="jmri.util.FileLineEndingsTest" time="0.001"/>
  <testcase name="lineEndings[./java/src/jmri/jmrit/roster/swing/RosterFrameStartupActionFactory.java]" classname="jmri.util.FileLineEndingsTest" time="0.001"/>
  <testcase name="lineEndings[./java/src/jmri/jmrit/roster/swing/RosterEntryComboBox.java]" classname="jmri.util.FileLineEndingsTest" time="0"/>
  <testcase name="lineEndings[./java/src/jmri/jmrit/roster/swing/RosterTableModel.java]" classname="jmri.util.FileLineEndingsTest" time="0.001"/>
  <testcase name="lineEndings[./java/src/jmri/jmrit/roster/swing/RosterGroupComboBox.java]" classname="jmri.util.FileLineEndingsTest" time="0.001"/>
  <testcase name="lineEndings[./java/src/jmri/jmrit/roster/swing/attributetable/AttributeTableModel.java]" classname="jmri.util.FileLineEndingsTest" time="0.001"/>
  <testcase name="lineEndings[./java/src/jmri/jmrit/roster/swing/RosterGroupsPanel.java]" classname="jmri.util.FileLineEndingsTest" time="0"/>
  <testcase name="lineEndings[./java/src/jmri/jmrit/roster/swing/CreateRosterGroupAction.java]" classname="jmri.util.FileLineEndingsTest" time="0.001"/>
  <testcase name="lineEndings[./java/src/jmri/jmrit/roster/swing/RemoveRosterEntryToGroupAction.java]" classname="jmri.util.FileLineEndingsTest" time="0.001"/>
  <testcase name="lineEndings[./java/src/jmri/jmrit/roster/swing/RenameRosterGroupAction.java]" classname="jmri.util.FileLineEndingsTest" time="0.001"/>
  <testcase name="lineEndings[./java/src/jmri/jmrit/roster/swing/Bundle.java]" classname="jmri.util.FileLineEndingsTest" time="0"/>
  <testcase name="lineEndings[./java/src/jmri/jmrit/roster/swing/GlobalRosterEntryComboBox.java]" classname="jmri.util.FileLineEndingsTest" time="0.001"/>
  <testcase name="lineEndings[./java/src/jmri/jmrit/roster/swing/RosterFrame.java]" classname="jmri.util.FileLineEndingsTest" time="0.001"/>
  <testcase name="lineEndings[./java/src/jmri/jmrit/roster/swing/RosterTable.java]" classname="jmri.util.FileLineEndingsTest" time="0.001"/>
  <testcase name="lineEndings[./java/src/jmri/jmrit/roster/swing/RosterEntryToGroupAction.java]" classname="jmri.util.FileLineEndingsTest" time="0.001"/>
  <testcase name="lineEndings[./java/src/jmri/jmrit/roster/swing/rostertree/RosterTreeNode.java]" classname="jmri.util.FileLineEndingsTest" time="0"/>
  <testcase name="lineEndings[./java/src/jmri/jmrit/roster/swing/RosterEntrySelectorPanel.java]" classname="jmri.util.FileLineEndingsTest" time="0.001"/>
  <testcase name="lineEndings[./java/src/jmri/jmrit/roster/swing/RosterFrameAction.java]" classname="jmri.util.FileLineEndingsTest" time="0.001"/>
  <testcase name="lineEndings[./java/src/jmri/jmrit/roster/RecreateRosterAction.java]" classname="jmri.util.FileLineEndingsTest" time="0"/>
  <testcase name="lineEndings[./java/src/jmri/jmrit/roster/CopyRosterItemAction.java]" classname="jmri.util.FileLineEndingsTest" time="0"/>
  <testcase name="lineEndings[./java/src/jmri/jmrit/roster/Roster.java]" classname="jmri.util.FileLineEndingsTest" time="0.001"/>
  <testcase name="lineEndings[./java/src/jmri/jmrit/roster/RosterConfigPane.java]" classname="jmri.util.FileLineEndingsTest" time="0.001"/>
  <testcase name="lineEndings[./java/src/jmri/jmrit/roster/AbstractRosterItemAction.java]" classname="jmri.util.FileLineEndingsTest" time="0.001"/>
  <testcase name="lineEndings[./java/src/jmri/jmrit/roster/RosterSpeedProfile.java]" classname="jmri.util.FileLineEndingsTest" time="0"/>
  <testcase name="lineEndings[./java/src/jmri/jmrit/roster/RosterConfigManager.java]" classname="jmri.util.FileLineEndingsTest" time="0.001"/>
  <testcase name="lineEndings[./java/src/jmri/jmrit/roster/FullBackupExportAction.java]" classname="jmri.util.FileLineEndingsTest" time="0.001"/>
  <testcase name="lineEndings[./java/src/jmri/jmrit/roster/RosterEntryPane.java]" classname="jmri.util.FileLineEndingsTest" time="0.001"/>
  <testcase name="lineEndings[./java/src/jmri/jmrit/roster/IdentifyLoco.java]" classname="jmri.util.FileLineEndingsTest" time="0"/>
  <testcase name="lineEndings[./java/src/jmri/jmrit/roster/Bundle.java]" classname="jmri.util.FileLineEndingsTest" time="0.001"/>
  <testcase name="lineEndings[./java/src/jmri/jmrit/roster/FullBackupImportAction.java]" classname="jmri.util.FileLineEndingsTest" time="0.001"/>
  <testcase name="lineEndings[./java/src/jmri/jmrit/roster/ImportRosterItemAction.java]" classname="jmri.util.FileLineEndingsTest" time="0.001"/>
  <testcase name="lineEndings[./java/src/jmri/jmrit/roster/RosterRecorder.java]" classname="jmri.util.FileLineEndingsTest" time="0"/>
  <testcase name="lineEndings[./java/src/jmri/jmrit/roster/DeleteRosterItemAction.java]" classname="jmri.util.FileLineEndingsTest" time="0.001"/>
  <testcase name="lineEndings[./java/src/jmri/jmrit/roster/PrintRosterAction.java]" classname="jmri.util.FileLineEndingsTest" time="0.001"/>
  <testcase name="lineEndings[./java/src/jmri/jmrit/roster/FunctionLabelPane.java]" classname="jmri.util.FileLineEndingsTest" time="0"/>
  <testcase name="lineEndings[./java/src/jmri/jmrit/roster/LocoFile.java]" classname="jmri.util.FileLineEndingsTest" time="0.001"/>
  <testcase name="lineEndings[./java/src/jmri/jmrit/roster/rostergroup/RosterGroupSelector.java]" classname="jmri.util.FileLineEndingsTest" time="0.001"/>
  <testcase name="lineEndings[./java/src/jmri/jmrit/roster/rostergroup/RosterGroup.java]" classname="jmri.util.FileLineEndingsTest" time="0.001"/>
  <testcase name="lineEndings[./java/src/jmri/jmrit/roster/RosterObject.java]" classname="jmri.util.FileLineEndingsTest" time="0"/>
  <testcase name="lineEndings[./java/src/jmri/jmrit/roster/RosterEntrySelector.java]" classname="jmri.util.FileLineEndingsTest" time="0.001"/>
  <testcase name="lineEndings[./java/src/jmri/jmrit/roster/RosterMediaPane.java]" classname="jmri.util.FileLineEndingsTest" time="0.001"/>
  <testcase name="lineEndings[./java/src/jmri/jmrit/roster/RosterEntry.java]" classname="jmri.util.FileLineEndingsTest" time="0.001"/>
  <testcase name="lineEndings[./java/src/jmri/jmrit/roster/UpdateDecoderDefinitionAction.java]" classname="jmri.util.FileLineEndingsTest" time="0.001"/>
  <testcase name="lineEndings[./java/src/jmri/jmrit/roster/PrintListAction.java]" classname="jmri.util.FileLineEndingsTest" time="0"/>
  <testcase name="lineEndings[./java/src/jmri/jmrit/roster/ExportRosterItemAction.java]" classname="jmri.util.FileLineEndingsTest" time="0.001"/>
  <testcase name="lineEndings[./java/src/jmri/jmrit/roster/RosterIconFactory.java]" classname="jmri.util.FileLineEndingsTest" time="0.001"/>
  <testcase name="lineEndings[./java/src/jmri/jmrit/roster/PrintRosterEntry.java]" classname="jmri.util.FileLineEndingsTest" time="0.001"/>
  <testcase name="lineEndings[./java/src/jmri/jmrit/symbolicprog/FnMapPanel.java]" classname="jmri.util.FileLineEndingsTest" time="0"/>
  <testcase name="lineEndings[./java/src/jmri/jmrit/symbolicprog/ValueRenderer.java]" classname="jmri.util.FileLineEndingsTest" time="0.001"/>
  <testcase name="lineEndings[./java/src/jmri/jmrit/symbolicprog/Pr1ImportAction.java]" classname="jmri.util.FileLineEndingsTest" time="0.001"/>
  <testcase name="lineEndings[./java/src/jmri/jmrit/symbolicprog/VariableTableModel.java]" classname="jmri.util.FileLineEndingsTest" time="0.001"/>
  <testcase name="lineEndings[./java/src/jmri/jmrit/symbolicprog/QualifierAdder.java]" classname="jmri.util.FileLineEndingsTest" time="0"/>
  <testcase name="lineEndings[./java/src/jmri/jmrit/symbolicprog/PrintCvAction.java]" classname="jmri.util.FileLineEndingsTest" time="0.001"/>
  <testcase name="lineEndings[./java/src/jmri/jmrit/symbolicprog/tabbedframe/PaneOpsProgFrame.java]" classname="jmri.util.FileLineEndingsTest" time="0.001"/>
  <testcase name="lineEndings[./java/src/jmri/jmrit/symbolicprog/tabbedframe/PaneProgPane.java]" classname="jmri.util.FileLineEndingsTest" time="0.001"/>
  <testcase name="lineEndings[./java/src/jmri/jmrit/symbolicprog/tabbedframe/PaneOpsProgAction.java]" classname="jmri.util.FileLineEndingsTest" time="0.001"/>
  <testcase name="lineEndings[./java/src/jmri/jmrit/symbolicprog/tabbedframe/ProgCheckAction.java]" classname="jmri.util.FileLineEndingsTest" time="0"/>
  <testcase name="lineEndings[./java/src/jmri/jmrit/symbolicprog/tabbedframe/JComponentQualifier.java]" classname="jmri.util.FileLineEndingsTest" time="0.001"/>
  <testcase name="lineEndings[./java/src/jmri/jmrit/symbolicprog/tabbedframe/Bundle.java]" classname="jmri.util.FileLineEndingsTest" time="0.001"/>
  <testcase name="lineEndings[./java/src/jmri/jmrit/symbolicprog/tabbedframe/WatchingLabel.java]" classname="jmri.util.FileLineEndingsTest" time="0.001"/>
  <testcase name="lineEndings[./java/src/jmri/jmrit/symbolicprog/tabbedframe/PaneNewProgAction.java]" classname="jmri.util.FileLineEndingsTest" time="0"/>
  <testcase name="lineEndings[./java/src/jmri/jmrit/symbolicprog/tabbedframe/PaneQualifier.java]" classname="jmri.util.FileLineEndingsTest" time="0.001"/>
  <testcase name="lineEndings[./java/src/jmri/jmrit/symbolicprog/tabbedframe/PaneProgAction.java]" classname="jmri.util.FileLineEndingsTest" time="0.001"/>
  <testcase name="lineEndings[./java/src/jmri/jmrit/symbolicprog/tabbedframe/PaneServiceProgFrame.java]" classname="jmri.util.FileLineEndingsTest" time="0"/>
  <testcase name="lineEndings[./java/src/jmri/jmrit/symbolicprog/tabbedframe/PaneProgFrame.java]" classname="jmri.util.FileLineEndingsTest" time="0.001"/>
  <testcase name="lineEndings[./java/src/jmri/jmrit/symbolicprog/tabbedframe/PaneEditAction.java]" classname="jmri.util.FileLineEndingsTest" time="0.001"/>
  <testcase name="lineEndings[./java/src/jmri/jmrit/symbolicprog/tabbedframe/PaneContainer.java]" classname="jmri.util.FileLineEndingsTest" time="0.001"/>
  <testcase name="lineEndings[./java/src/jmri/jmrit/symbolicprog/tabbedframe/PaneSet.java]" classname="jmri.util.FileLineEndingsTest" time="0.001"/>
  <testcase name="lineEndings[./java/src/jmri/jmrit/symbolicprog/ProgrammerConfigManager.java]" classname="jmri.util.FileLineEndingsTest" time="0"/>
  <testcase name="lineEndings[./java/src/jmri/jmrit/symbolicprog/SpeedTableVarValue.java]" classname="jmri.util.FileLineEndingsTest" time="0.023"/>
  <testcase name="lineEndings[./java/src/jmri/jmrit/symbolicprog/CsvImporter.java]" classname="jmri.util.FileLineEndingsTest" time="0.001"/>
  <testcase name="lineEndings[./java/src/jmri/jmrit/symbolicprog/Pr1ExportAction.java]" classname="jmri.util.FileLineEndingsTest" time="0.001"/>
  <testcase name="lineEndings[./java/src/jmri/jmrit/symbolicprog/autospeed/AutoSpeedAction.java]" classname="jmri.util.FileLineEndingsTest" time="0"/>
  <testcase name="lineEndings[./java/src/jmri/jmrit/symbolicprog/CsvExportAction.java]" classname="jmri.util.FileLineEndingsTest" time="0.001"/>
  <testcase name="lineEndings[./java/src/jmri/jmrit/symbolicprog/CombinedLocoSelTreePane.java]" classname="jmri.util.FileLineEndingsTest" time="0.001"/>
  <testcase name="lineEndings[./java/src/jmri/jmrit/symbolicprog/HexVariableValue.java]" classname="jmri.util.FileLineEndingsTest" time="0.001"/>
  <testcase name="lineEndings[./java/src/jmri/jmrit/symbolicprog/GenericImportAction.java]" classname="jmri.util.FileLineEndingsTest" time="0"/>
  <testcase name="lineEndings[./java/src/jmri/jmrit/symbolicprog/ProgrammerConfigPane.java]" classname="jmri.util.FileLineEndingsTest" time="0.001"/>
  <testcase name="lineEndings[./java/src/jmri/jmrit/symbolicprog/DccAddressVarHandler.java]" classname="jmri.util.FileLineEndingsTest" time="0.001"/>
  <testcase name="lineEndings[./java/src/jmri/jmrit/symbolicprog/ComboRadioButtons.java]" classname="jmri.util.FileLineEndingsTest" time="0.001"/>
  <testcase name="lineEndings[./java/src/jmri/jmrit/symbolicprog/LongAddrVariableValue.java]" classname="jmri.util.FileLineEndingsTest" time="0"/>
  <testcase name="lineEndings[./java/src/jmri/jmrit/symbolicprog/LocoSelPane.java]" classname="jmri.util.FileLineEndingsTest" time="0.001"/>
  <testcase name="lineEndings[./java/src/jmri/jmrit/symbolicprog/SplitVariableValue.java]" classname="jmri.util.FileLineEndingsTest" time="0.001"/>
  <testcase name="lineEndings[./java/src/jmri/jmrit/symbolicprog/Qualifier.java]" classname="jmri.util.FileLineEndingsTest" time="0.001"/>
  <testcase name="lineEndings[./java/src/jmri/jmrit/symbolicprog/ProgDefault.java]" classname="jmri.util.FileLineEndingsTest" time="0"/>
  <testcase name="lineEndings[./java/src/jmri/jmrit/symbolicprog/ConstantValue.java]" classname="jmri.util.FileLineEndingsTest" time="0.001"/>
  <testcase name="lineEndings[./java/src/jmri/jmrit/symbolicprog/KnownLocoSelPane.java]" classname="jmri.util.FileLineEndingsTest" time="0.001"/>
  <testcase name="lineEndings[./java/src/jmri/jmrit/symbolicprog/FactoryResetAction.java]" classname="jmri.util.FileLineEndingsTest" time="0.001"/>
  <testcase name="lineEndings[./java/src/jmri/jmrit/symbolicprog/QualifierCombiner.java]" classname="jmri.util.FileLineEndingsTest" time="0"/>
  <testcase name="lineEndings[./java/src/jmri/jmrit/symbolicprog/AbstractValue.java]" classname="jmri.util.FileLineEndingsTest" time="0.001"/>
  <testcase name="lineEndings[./java/src/jmri/jmrit/symbolicprog/CvTableModel.java]" classname="jmri.util.FileLineEndingsTest" time="0.001"/>
  <testcase name="lineEndings[./java/src/jmri/jmrit/symbolicprog/LocoSelTreePane.java]" classname="jmri.util.FileLineEndingsTest" time="0.001"/>
  <testcase name="lineEndings[./java/src/jmri/jmrit/symbolicprog/AbstractQualifier.java]" classname="jmri.util.FileLineEndingsTest" time="0"/>
  <testcase name="lineEndings[./java/src/jmri/jmrit/symbolicprog/QuantumCvMgrImporter.java]" classname="jmri.util.FileLineEndingsTest" time="0.001"/>
  <testcase name="lineEndings[./java/src/jmri/jmrit/symbolicprog/CombinedLocoSelPane.java]" classname="jmri.util.FileLineEndingsTest" time="0.001"/>
  <testcase name="lineEndings[./java/src/jmri/jmrit/symbolicprog/configurexml/ProgrammerConfigPaneXml.java]" classname="jmri.util.FileLineEndingsTest" time="0"/>
  <testcase name="lineEndings[./java/src/jmri/jmrit/symbolicprog/ComboOffRadioButton.java]" classname="jmri.util.FileLineEndingsTest" time="0.001"/>
  <testcase name="lineEndings[./java/src/jmri/jmrit/symbolicprog/Pr1Importer.java]" classname="jmri.util.FileLineEndingsTest" time="0.001"/>
  <testcase name="lineEndings[./java/src/jmri/jmrit/symbolicprog/LokProgImportAction.java]" classname="jmri.util.FileLineEndingsTest" time="0.001"/>
  <testcase name="lineEndings[./java/src/jmri/jmrit/symbolicprog/NewLocoSelPane.java]" classname="jmri.util.FileLineEndingsTest" time="0"/>
  <testcase name="lineEndings[./java/src/jmri/jmrit/symbolicprog/ResetTableModel.java]" classname="jmri.util.FileLineEndingsTest" time="0.001"/>
  <testcase name="lineEndings[./java/src/jmri/jmrit/symbolicprog/DccAddressPanel.java]" classname="jmri.util.FileLineEndingsTest" time="0.001"/>
  <testcase name="lineEndings[./java/src/jmri/jmrit/symbolicprog/CompositeVariableValue.java]" classname="jmri.util.FileLineEndingsTest" time="0.001"/>
  <testcase name="lineEndings[./java/src/jmri/jmrit/symbolicprog/QuantumCvMgrImportAction.java]" classname="jmri.util.FileLineEndingsTest" time="0"/>
  <testcase name="lineEndings[./java/src/jmri/jmrit/symbolicprog/CvValue.java]" classname="jmri.util.FileLineEndingsTest" time="0.001"/>
  <testcase name="lineEndings[./java/src/jmri/jmrit/symbolicprog/DecVarSlider.java]" classname="jmri.util.FileLineEndingsTest" time="0.001"/>
  <testcase name="lineEndings[./java/src/jmri/jmrit/symbolicprog/ValueQualifier.java]" classname="jmri.util.FileLineEndingsTest" time="0.001"/>
  <testcase name="lineEndings[./java/src/jmri/jmrit/symbolicprog/CsvImportAction.java]" classname="jmri.util.FileLineEndingsTest" time="0"/>
  <testcase name="lineEndings[./java/src/jmri/jmrit/symbolicprog/ComboCheckBox.java]" classname="jmri.util.FileLineEndingsTest" time="0.001"/>
  <testcase name="lineEndings[./java/src/jmri/jmrit/symbolicprog/LokProgImporter.java]" classname="jmri.util.FileLineEndingsTest" time="0.001"/>
  <testcase name="lineEndings[./java/src/jmri/jmrit/symbolicprog/PrintAction.java]" classname="jmri.util.FileLineEndingsTest" time="0"/>
  <testcase name="lineEndings[./java/src/jmri/jmrit/symbolicprog/FnMapPanelESU.java]" classname="jmri.util.FileLineEndingsTest" time="0.002"/>
  <testcase name="lineEndings[./java/src/jmri/jmrit/symbolicprog/ValueEditor.java]" classname="jmri.util.FileLineEndingsTest" time="0"/>
  <testcase name="lineEndings[./java/src/jmri/jmrit/symbolicprog/ComboOnRadioButton.java]" classname="jmri.util.FileLineEndingsTest" time="0.001"/>
  <testcase name="lineEndings[./java/src/jmri/jmrit/symbolicprog/CVNameComparator.java]" classname="jmri.util.FileLineEndingsTest" time="0.001"/>
  <testcase name="lineEndings[./java/src/jmri/jmrit/symbolicprog/EnumVariableValue.java]" classname="jmri.util.FileLineEndingsTest" time="0"/>
  <testcase name="lineEndings[./java/src/jmri/jmrit/symbolicprog/Bundle.java]" classname="jmri.util.FileLineEndingsTest" time="0"/>
  <testcase name="lineEndings[./java/src/jmri/jmrit/symbolicprog/ArithmeticQualifier.java]" classname="jmri.util.FileLineEndingsTest" time="0.001"/>
  <testcase name="lineEndings[./java/src/jmri/jmrit/symbolicprog/VariableValue.java]" classname="jmri.util.FileLineEndingsTest" time="0.001"/>
  <testcase name="lineEndings[./java/src/jmri/jmrit/symbolicprog/SymbolicProgBundle.java]" classname="jmri.util.FileLineEndingsTest" time="0"/>
  <testcase name="lineEndings[./java/src/jmri/jmrit/symbolicprog/NameFile.java]" classname="jmri.util.FileLineEndingsTest" time="0.001"/>
  <testcase name="lineEndings[./java/src/jmri/jmrit/symbolicprog/CombinedLocoSelListPane.java]" classname="jmri.util.FileLineEndingsTest" time="0.001"/>
  <testcase name="lineEndings[./java/src/jmri/jmrit/symbolicprog/Pr1WinExportAction.java]" classname="jmri.util.FileLineEndingsTest" time="0.001"/>
  <testcase name="lineEndings[./java/src/jmri/jmrit/symbolicprog/ShortAddrVariableValue.java]" classname="jmri.util.FileLineEndingsTest" time="0"/>
  <testcase name="lineEndings[./java/src/jmri/jmrit/symbolicprog/DecVariableValue.java]" classname="jmri.util.FileLineEndingsTest" time="0.001"/>
  <testcase name="lineEndings[./java/src/jmri/jmrit/dispatcher/AllocatedSection.java]" classname="jmri.util.FileLineEndingsTest" time="0.001"/>
  <testcase name="lineEndings[./java/src/jmri/jmrit/dispatcher/AllocationPlan.java]" classname="jmri.util.FileLineEndingsTest" time="0.001"/>
  <testcase name="lineEndings[./java/src/jmri/jmrit/dispatcher/AutoTurnouts.java]" classname="jmri.util.FileLineEndingsTest" time="0"/>
  <testcase name="lineEndings[./java/src/jmri/jmrit/dispatcher/OptionsFile.java]" classname="jmri.util.FileLineEndingsTest" time="0.001"/>
  <testcase name="lineEndings[./java/src/jmri/jmrit/dispatcher/ActiveTrain.java]" classname="jmri.util.FileLineEndingsTest" time="0.001"/>
  <testcase name="lineEndings[./java/src/jmri/jmrit/dispatcher/AutoTrainsFrame.java]" classname="jmri.util.FileLineEndingsTest" time="0.001"/>
  <testcase name="lineEndings[./java/src/jmri/jmrit/dispatcher/TrainInfo.java]" classname="jmri.util.FileLineEndingsTest" time="0"/>
  <testcase name="lineEndings[./java/src/jmri/jmrit/dispatcher/Bundle.java]" classname="jmri.util.FileLineEndingsTest" time="0.001"/>
  <testcase name="lineEndings[./java/src/jmri/jmrit/dispatcher/AutoTrainAction.java]" classname="jmri.util.FileLineEndingsTest" time="0.001"/>
  <testcase name="lineEndings[./java/src/jmri/jmrit/dispatcher/DispatcherFrame.java]" classname="jmri.util.FileLineEndingsTest" time="0.001"/>
  <testcase name="lineEndings[./java/src/jmri/jmrit/dispatcher/ActivateTrainFrame.java]" classname="jmri.util.FileLineEndingsTest" time="0.001"/>
  <testcase name="lineEndings[./java/src/jmri/jmrit/dispatcher/AllocationRequest.java]" classname="jmri.util.FileLineEndingsTest" time="0.001"/>
  <testcase name="lineEndings[./java/src/jmri/jmrit/dispatcher/OptionsMenu.java]" classname="jmri.util.FileLineEndingsTest" time="0.001"/>
  <testcase name="lineEndings[./java/src/jmri/jmrit/dispatcher/TrainInfoFile.java]" classname="jmri.util.FileLineEndingsTest" time="0.001"/>
  <testcase name="lineEndings[./java/src/jmri/jmrit/dispatcher/AutoAllocate.java]" classname="jmri.util.FileLineEndingsTest" time="0"/>
  <testcase name="lineEndings[./java/src/jmri/jmrit/dispatcher/AutoActiveTrain.java]" classname="jmri.util.FileLineEndingsTest" time="0.001"/>
  <testcase name="lineEndings[./java/src/jmri/jmrit/dispatcher/DispatcherAction.java]" classname="jmri.util.FileLineEndingsTest" time="0.001"/>
  <testcase name="lineEndings[./java/src/jmri/jmrit/withrottle/WiThrottlePreferences.java]" classname="jmri.util.FileLineEndingsTest" time="0.001"/>
  <testcase name="lineEndings[./java/src/jmri/jmrit/withrottle/RouteController.java]" classname="jmri.util.FileLineEndingsTest" time="0.001"/>
  <testcase name="lineEndings[./java/src/jmri/jmrit/withrottle/ControllerInterface.java]" classname="jmri.util.FileLineEndingsTest" time="0"/>
  <testcase name="lineEndings[./java/src/jmri/jmrit/withrottle/TurnoutController.java]" classname="jmri.util.FileLineEndingsTest" time="0.001"/>
  <testcase name="lineEndings[./java/src/jmri/jmrit/withrottle/WiThrottlesListModel.java]" classname="jmri.util.FileLineEndingsTest" time="0.001"/>
  <testcase name="lineEndings[./java/src/jmri/jmrit/withrottle/WiFiConsistFile.java]" classname="jmri.util.FileLineEndingsTest" time="0.001"/>
  <testcase name="lineEndings[./java/src/jmri/jmrit/withrottle/WiThrottleCreationAction.java]" classname="jmri.util.FileLineEndingsTest" time="0"/>
  <testcase name="lineEndings[./java/src/jmri/jmrit/withrottle/AbstractWiThrottlePreferences.java]" classname="jmri.util.FileLineEndingsTest" time="0.001"/>
  <testcase name="lineEndings[./java/src/jmri/jmrit/withrottle/WiFiConsistManager.java]" classname="jmri.util.FileLineEndingsTest" time="0.001"/>
  <testcase name="lineEndings[./java/src/jmri/jmrit/withrottle/WiThrottlePrefsPanel.java]" classname="jmri.util.FileLineEndingsTest" time="0"/>
  <testcase name="lineEndings[./java/src/jmri/jmrit/withrottle/FacelessServer.java]" classname="jmri.util.FileLineEndingsTest" time="0.001"/>
  <testcase name="lineEndings[./java/src/jmri/jmrit/withrottle/ControllerFilterAction.java]" classname="jmri.util.FileLineEndingsTest" time="0.001"/>
  <testcase name="lineEndings[./java/src/jmri/jmrit/withrottle/MultiThrottleController.java]" classname="jmri.util.FileLineEndingsTest" time="0.001"/>
  <testcase name="lineEndings[./java/src/jmri/jmrit/withrottle/UserInterface.java]" classname="jmri.util.FileLineEndingsTest" time="0"/>
  <testcase name="lineEndings[./java/src/jmri/jmrit/withrottle/ConsistFunctionController.java]" classname="jmri.util.FileLineEndingsTest" time="0.001"/>
  <testcase name="lineEndings[./java/src/jmri/jmrit/withrottle/FastClockController.java]" classname="jmri.util.FileLineEndingsTest" time="0.001"/>
  <testcase name="lineEndings[./java/src/jmri/jmrit/withrottle/MultiThrottle.java]" classname="jmri.util.FileLineEndingsTest" time="0.001"/>
  <testcase name="lineEndings[./java/src/jmri/jmrit/withrottle/WiThrottleManager.java]" classname="jmri.util.FileLineEndingsTest" time="0.001"/>
  <testcase name="lineEndings[./java/src/jmri/jmrit/withrottle/ConsistController.java]" classname="jmri.util.FileLineEndingsTest" time="0"/>
  <testcase name="lineEndings[./java/src/jmri/jmrit/withrottle/WiFiConsist.java]" classname="jmri.util.FileLineEndingsTest" time="0.001"/>
  <testcase name="lineEndings[./java/src/jmri/jmrit/withrottle/Bundle.java]" classname="jmri.util.FileLineEndingsTest" time="0.001"/>
  <testcase name="lineEndings[./java/src/jmri/jmrit/withrottle/AbstractController.java]" classname="jmri.util.FileLineEndingsTest" time="0.001"/>
  <testcase name="lineEndings[./java/src/jmri/jmrit/withrottle/DeviceListener.java]" classname="jmri.util.FileLineEndingsTest" time="0"/>
  <testcase name="lineEndings[./java/src/jmri/jmrit/withrottle/ControllerFilterFrame.java]" classname="jmri.util.FileLineEndingsTest" time="0.001"/>
  <testcase name="lineEndings[./java/src/jmri/jmrit/withrottle/TrackPowerController.java]" classname="jmri.util.FileLineEndingsTest" time="0.001"/>
  <testcase name="lineEndings[./java/src/jmri/jmrit/withrottle/ThrottleController.java]" classname="jmri.util.FileLineEndingsTest" time="0.001"/>
  <testcase name="lineEndings[./java/src/jmri/jmrit/withrottle/ThrottleControllerListener.java]" classname="jmri.util.FileLineEndingsTest" time="0"/>
  <testcase name="lineEndings[./java/src/jmri/jmrit/withrottle/DeviceServer.java]" classname="jmri.util.FileLineEndingsTest" time="0.001"/>
  <testcase name="lineEndings[./java/src/jmri/jmrit/withrottle/DeviceManager.java]" classname="jmri.util.FileLineEndingsTest" time="0.001"/>
  <testcase name="lineEndings[./java/src/jmri/jmrit/blockboss/configurexml/BlockBossLogicXml.java]" classname="jmri.util.FileLineEndingsTest" time="0.001"/>
  <testcase name="lineEndings[./java/src/jmri/jmrit/blockboss/BlockBossAction.java]" classname="jmri.util.FileLineEndingsTest" time="0"/>
  <testcase name="lineEndings[./java/src/jmri/jmrit/blockboss/BlockBossLogic.java]" classname="jmri.util.FileLineEndingsTest" time="0.001"/>
  <testcase name="lineEndings[./java/src/jmri/jmrit/blockboss/Bundle.java]" classname="jmri.util.FileLineEndingsTest" time="0.001"/>
  <testcase name="lineEndings[./java/src/jmri/jmrit/blockboss/BlockBossFrame.java]" classname="jmri.util.FileLineEndingsTest" time="0.001"/>
  <testcase name="lineEndings[./java/src/jmri/jmrit/simpleturnoutctrl/Bundle.java]" classname="jmri.util.FileLineEndingsTest" time="0"/>
  <testcase name="lineEndings[./java/src/jmri/jmrit/simpleturnoutctrl/SimpleTurnoutCtrlAction.java]" classname="jmri.util.FileLineEndingsTest" time="0.001"/>
  <testcase name="lineEndings[./java/src/jmri/jmrit/simpleturnoutctrl/SimpleTurnoutCtrlFrame.java]" classname="jmri.util.FileLineEndingsTest" time="0.001"/>
  <testcase name="lineEndings[./java/src/jmri/jmrit/automat/monitor/AutomatTableAction.java]" classname="jmri.util.FileLineEndingsTest" time="0.001"/>
  <testcase name="lineEndings[./java/src/jmri/jmrit/automat/monitor/AutomatTableFrame.java]" classname="jmri.util.FileLineEndingsTest" time="0"/>
  <testcase name="lineEndings[./java/src/jmri/jmrit/automat/monitor/AutomatTableDataModel.java]" classname="jmri.util.FileLineEndingsTest" time="0.001"/>
  <testcase name="lineEndings[./java/src/jmri/jmrit/automat/SampleAutomaton2.java]" classname="jmri.util.FileLineEndingsTest" time="0.001"/>
  <testcase name="lineEndings[./java/src/jmri/jmrit/automat/JythonAutomaton.java]" classname="jmri.util.FileLineEndingsTest" time="0.001"/>
  <testcase name="lineEndings[./java/src/jmri/jmrit/automat/JythonSiglet.java]" classname="jmri.util.FileLineEndingsTest" time="0"/>
  <testcase name="lineEndings[./java/src/jmri/jmrit/automat/JythonAutomatonAction.java]" classname="jmri.util.FileLineEndingsTest" time="0.001"/>
  <testcase name="lineEndings[./java/src/jmri/jmrit/automat/JythonSigletAction.java]" classname="jmri.util.FileLineEndingsTest" time="0.001"/>
  <testcase name="lineEndings[./java/src/jmri/jmrit/automat/SampleAutomaton2Action.java]" classname="jmri.util.FileLineEndingsTest" time="0"/>
  <testcase name="lineEndings[./java/src/jmri/jmrit/automat/AbstractAutomaton.java]" classname="jmri.util.FileLineEndingsTest" time="0.001"/>
  <testcase name="lineEndings[./java/src/jmri/jmrit/automat/AutomatSummary.java]" classname="jmri.util.FileLineEndingsTest" time="0.001"/>
  <testcase name="lineEndings[./java/src/jmri/jmrit/automat/SampleAutomatonAction.java]" classname="jmri.util.FileLineEndingsTest" time="0.001"/>
  <testcase name="lineEndings[./java/src/jmri/jmrit/automat/SampleAutomaton.java]" classname="jmri.util.FileLineEndingsTest" time="0"/>
  <testcase name="lineEndings[./java/src/jmri/jmrit/automat/SampleAutomaton3Action.java]" classname="jmri.util.FileLineEndingsTest" time="0.001"/>
  <testcase name="lineEndings[./java/src/jmri/jmrit/automat/SampleAutomaton3.java]" classname="jmri.util.FileLineEndingsTest" time="0.001"/>
  <testcase name="lineEndings[./java/src/jmri/jmrit/automat/Siglet.java]" classname="jmri.util.FileLineEndingsTest" time="0.001"/>
  <testcase name="lineEndings[./java/src/jmri/jmrit/consisttool/ConsistToolAction.java]" classname="jmri.util.FileLineEndingsTest" time="0"/>
  <testcase name="lineEndings[./java/src/jmri/jmrit/consisttool/ConsistDataModel.java]" classname="jmri.util.FileLineEndingsTest" time="0.001"/>
  <testcase name="lineEndings[./java/src/jmri/jmrit/consisttool/ConsistToolFrame.java]" classname="jmri.util.FileLineEndingsTest" time="0.001"/>
  <testcase name="lineEndings[./java/src/jmri/jmrit/consisttool/ConsistFile.java]" classname="jmri.util.FileLineEndingsTest" time="0.001"/>
  <testcase name="lineEndings[./java/src/jmri/jmrit/consisttool/Bundle.java]" classname="jmri.util.FileLineEndingsTest" time="0"/>
  <testcase name="lineEndings[./java/src/jmri/jmrit/simpleclock/SimpleClockAction.java]" classname="jmri.util.FileLineEndingsTest" time="0.001"/>
  <testcase name="lineEndings[./java/src/jmri/jmrit/simpleclock/SimpleClockFrame.java]" classname="jmri.util.FileLineEndingsTest" time="0.002"/>
  <testcase name="lineEndings[./java/src/jmri/jmrit/simpleclock/Bundle.java]" classname="jmri.util.FileLineEndingsTest" time="0.002"/>
  <testcase name="lineEndings[./java/src/jmri/jmrit/simpleclock/configurexml/SimpleTimebaseXml.java]" classname="jmri.util.FileLineEndingsTest" time="0.001"/>
  <testcase name="lineEndings[./java/src/jmri/jmrit/simpleclock/SimpleTimebase.java]" classname="jmri.util.FileLineEndingsTest" time="0.002"/>
  <testcase name="lineEndings[./java/src/jmri/jmrit/ussctc/TrafficLock.java]" classname="jmri.util.FileLineEndingsTest" time="0.001"/>
  <testcase name="lineEndings[./java/src/jmri/jmrit/ussctc/Section.java]" classname="jmri.util.FileLineEndingsTest" time="0.002"/>
  <testcase name="lineEndings[./java/src/jmri/jmrit/ussctc/Follower.java]" classname="jmri.util.FileLineEndingsTest" time="0.001"/>
  <testcase name="lineEndings[./java/src/jmri/jmrit/ussctc/MaintainerCallSection.java]" classname="jmri.util.FileLineEndingsTest" time="0.001"/>
  <testcase name="lineEndings[./java/src/jmri/jmrit/ussctc/OsIndicatorAction.java]" classname="jmri.util.FileLineEndingsTest" time="0.002"/>
  <testcase name="lineEndings[./java/src/jmri/jmrit/ussctc/FollowerAction.java]" classname="jmri.util.FileLineEndingsTest" time="0.001"/>
  <testcase name="lineEndings[./java/src/jmri/jmrit/ussctc/OsIndicatorFrame.java]" classname="jmri.util.FileLineEndingsTest" time="0.001"/>
  <testcase name="lineEndings[./java/src/jmri/jmrit/ussctc/FollowerFrame.java]" classname="jmri.util.FileLineEndingsTest" time="0.002"/>
  <testcase name="lineEndings[./java/src/jmri/jmrit/ussctc/CodeGroupNoBits.java]" classname="jmri.util.FileLineEndingsTest" time="0.001"/>
  <testcase name="lineEndings[./java/src/jmri/jmrit/ussctc/OsIndicator.java]" classname="jmri.util.FileLineEndingsTest" time="0.001"/>
  <testcase name="lineEndings[./java/src/jmri/jmrit/ussctc/CodeLine.java]" classname="jmri.util.FileLineEndingsTest" time="0.002"/>
  <testcase name="lineEndings[./java/src/jmri/jmrit/ussctc/TrafficRelay.java]" classname="jmri.util.FileLineEndingsTest" time="0.001"/>
  <testcase name="lineEndings[./java/src/jmri/jmrit/ussctc/RouteLock.java]" classname="jmri.util.FileLineEndingsTest" time="0.001"/>
  <testcase name="lineEndings[./java/src/jmri/jmrit/ussctc/CodeGroupThreeBits.java]" classname="jmri.util.FileLineEndingsTest" time="0.002"/>
  <testcase name="lineEndings[./java/src/jmri/jmrit/ussctc/OsIndicatorPanel.java]" classname="jmri.util.FileLineEndingsTest" time="0.001"/>
  <testcase name="lineEndings[./java/src/jmri/jmrit/ussctc/TurnoutSection.java]" classname="jmri.util.FileLineEndingsTest" time="0.001"/>
  <testcase name="lineEndings[./java/src/jmri/jmrit/ussctc/PhysicalBell.java]" classname="jmri.util.FileLineEndingsTest" time="0.001"/>
  <testcase name="lineEndings[./java/src/jmri/jmrit/ussctc/FollowerPanel.java]" classname="jmri.util.FileLineEndingsTest" time="0.002"/>
  <testcase name="lineEndings[./java/src/jmri/jmrit/ussctc/CodeButton.java]" classname="jmri.util.FileLineEndingsTest" time="0.001"/>
  <testcase name="lineEndings[./java/src/jmri/jmrit/ussctc/CentralSection.java]" classname="jmri.util.FileLineEndingsTest" time="0.001"/>
  <testcase name="lineEndings[./java/src/jmri/jmrit/ussctc/ToolsMenu.java]" classname="jmri.util.FileLineEndingsTest" time="0.001"/>
  <testcase name="lineEndings[./java/src/jmri/jmrit/ussctc/Bell.java]" classname="jmri.util.FileLineEndingsTest" time="0.001"/>
  <testcase name="lineEndings[./java/src/jmri/jmrit/ussctc/CodeGroupTwoBits.java]" classname="jmri.util.FileLineEndingsTest" time="0.002"/>
  <testcase name="lineEndings[./java/src/jmri/jmrit/ussctc/SignalHeadSection.java]" classname="jmri.util.FileLineEndingsTest" time="0.001"/>
  <testcase name="lineEndings[./java/src/jmri/jmrit/ussctc/TurnoutLock.java]" classname="jmri.util.FileLineEndingsTest" time="0.001"/>
  <testcase name="lineEndings[./java/src/jmri/jmrit/ussctc/package-info.java]" classname="jmri.util.FileLineEndingsTest" time="0.001"/>
  <testcase name="lineEndings[./java/src/jmri/jmrit/ussctc/Constants.java]" classname="jmri.util.FileLineEndingsTest" time="0.001"/>
  <testcase name="lineEndings[./java/src/jmri/jmrit/ussctc/TimeLock.java]" classname="jmri.util.FileLineEndingsTest" time="0.002"/>
  <testcase name="lineEndings[./java/src/jmri/jmrit/ussctc/OccupancyLock.java]" classname="jmri.util.FileLineEndingsTest" time="0.001"/>
  <testcase name="lineEndings[./java/src/jmri/jmrit/ussctc/TrackCircuitSection.java]" classname="jmri.util.FileLineEndingsTest" time="0.001"/>
  <testcase name="lineEndings[./java/src/jmri/jmrit/ussctc/FieldSection.java]" classname="jmri.util.FileLineEndingsTest" time="0.001"/>
  <testcase name="lineEndings[./java/src/jmri/jmrit/ussctc/CombinedLock.java]" classname="jmri.util.FileLineEndingsTest" time="0.001"/>
  <testcase name="lineEndings[./java/src/jmri/jmrit/ussctc/Station.java]" classname="jmri.util.FileLineEndingsTest" time="0.001"/>
  <testcase name="lineEndings[./java/src/jmri/jmrit/ussctc/VetoedBell.java]" classname="jmri.util.FileLineEndingsTest" time="0.001"/>
  <testcase name="lineEndings[./java/src/jmri/jmrit/ussctc/Lock.java]" classname="jmri.util.FileLineEndingsTest" time="0.002"/>
  <testcase name="lineEndings[./java/src/jmri/jmrit/ussctc/BasePanel.java]" classname="jmri.util.FileLineEndingsTest" time="0.001"/>
  <testcase name="lineEndings[./java/src/jmri/jmrit/ussctc/CodeGroupOneBit.java]" classname="jmri.util.FileLineEndingsTest" time="0.001"/>
  <testcase name="lineEndings[./java/src/jmri/jmrit/nixieclock/Bundle.java]" classname="jmri.util.FileLineEndingsTest" time="0.001"/>
  <testcase name="lineEndings[./java/src/jmri/jmrit/nixieclock/NixieClockAction.java]" classname="jmri.util.FileLineEndingsTest" time="0.001"/>
  <testcase name="lineEndings[./java/src/jmri/jmrit/nixieclock/NixieClockFrame.java]" classname="jmri.util.FileLineEndingsTest" time="0.001"/>
  <testcase name="lineEndings[./java/src/jmri/jmrit/powerpanel/PowerPane.java]" classname="jmri.util.FileLineEndingsTest" time="0.001"/>
  <testcase name="lineEndings[./java/src/jmri/jmrit/powerpanel/PowerPanelAction.java]" classname="jmri.util.FileLineEndingsTest" time="0.001"/>
  <testcase name="lineEndings[./java/src/jmri/jmrit/powerpanel/PowerButtonAction.java]" classname="jmri.util.FileLineEndingsTest" time="0.002"/>
  <testcase name="lineEndings[./java/src/jmri/jmrit/powerpanel/Bundle.java]" classname="jmri.util.FileLineEndingsTest" time="0.001"/>
  <testcase name="lineEndings[./java/src/jmri/jmrit/powerpanel/PowerPanelFrame.java]" classname="jmri.util.FileLineEndingsTest" time="0.001"/>
  <testcase name="lineEndings[./java/src/jmri/jmrit/progsupport/Bundle.java]" classname="jmri.util.FileLineEndingsTest" time="0.001"/>
  <testcase name="lineEndings[./java/src/jmri/jmrit/progsupport/ProgModeSelector.java]" classname="jmri.util.FileLineEndingsTest" time="0.001"/>
  <testcase name="lineEndings[./java/src/jmri/jmrit/progsupport/ProgServiceModeComboBox.java]" classname="jmri.util.FileLineEndingsTest" time="0.001"/>
  <testcase name="lineEndings[./java/src/jmri/jmrit/progsupport/ProgModePane.java]" classname="jmri.util.FileLineEndingsTest" time="0.001"/>
  <testcase name="lineEndings[./java/src/jmri/jmrit/progsupport/ProgModeException.java]" classname="jmri.util.FileLineEndingsTest" time="0.001"/>
  <testcase name="lineEndings[./java/src/jmri/jmrit/progsupport/ProgOpsModePane.java]" classname="jmri.util.FileLineEndingsTest" time="0.001"/>
  <testcase name="lineEndings[./java/src/jmri/jmrit/progsupport/ProgServiceModePane.java]" classname="jmri.util.FileLineEndingsTest" time="0.001"/>
  <testcase name="lineEndings[./java/src/jmri/jmrit/progsupport/ProgDeferredServiceModePane.java]" classname="jmri.util.FileLineEndingsTest" time="0.001"/>
  <testcase name="lineEndings[./java/src/jmri/jmrit/Bundle.java]" classname="jmri.util.FileLineEndingsTest" time="0.001"/>
  <testcase name="lineEndings[./java/src/jmri/jmrit/simplelightctrl/Bundle.java]" classname="jmri.util.FileLineEndingsTest" time="0.001"/>
  <testcase name="lineEndings[./java/src/jmri/jmrit/simplelightctrl/SimpleLightCtrlAction.java]" classname="jmri.util.FileLineEndingsTest" time="0.001"/>
  <testcase name="lineEndings[./java/src/jmri/jmrit/simplelightctrl/SimpleLightCtrlFrame.java]" classname="jmri.util.FileLineEndingsTest" time="0.002"/>
  <testcase name="lineEndings[./java/src/jmri/jmrit/revhistory/swing/FileHistoryAction.java]" classname="jmri.util.FileLineEndingsTest" time="0.001"/>
  <testcase name="lineEndings[./java/src/jmri/jmrit/revhistory/configurexml/FileHistoryXml.java]" classname="jmri.util.FileLineEndingsTest" time="0.001"/>
  <testcase name="lineEndings[./java/src/jmri/jmrit/revhistory/FileHistory.java]" classname="jmri.util.FileLineEndingsTest" time="0.001"/>
  <testcase name="lineEndings[./java/src/jmri/jmrit/ToolsMenu.java]" classname="jmri.util.FileLineEndingsTest" time="0.001"/>
  <testcase name="lineEndings[./java/src/jmri/jmrit/mailreport/ReportContext.java]" classname="jmri.util.FileLineEndingsTest" time="0.001"/>
  <testcase name="lineEndings[./java/src/jmri/jmrit/mailreport/ReportPanel.java]" classname="jmri.util.FileLineEndingsTest" time="0.001"/>
  <testcase name="lineEndings[./java/src/jmri/jmrit/mailreport/ReportFrame.java]" classname="jmri.util.FileLineEndingsTest" time="0.001"/>
  <testcase name="lineEndings[./java/src/jmri/jmrit/mailreport/ReportAction.java]" classname="jmri.util.FileLineEndingsTest" time="0.001"/>
  <testcase name="lineEndings[./java/src/jmri/jmrit/lcdclock/LcdClockAction.java]" classname="jmri.util.FileLineEndingsTest" time="0.001"/>
  <testcase name="lineEndings[./java/src/jmri/jmrit/lcdclock/Bundle.java]" classname="jmri.util.FileLineEndingsTest" time="0.001"/>
  <testcase name="lineEndings[./java/src/jmri/jmrit/lcdclock/LcdClockFrame.java]" classname="jmri.util.FileLineEndingsTest" time="0.001"/>
  <testcase name="lineEndings[./java/src/jmri/jmrit/simpleprog/SimpleProgFrame.java]" classname="jmri.util.FileLineEndingsTest" time="0.001"/>
  <testcase name="lineEndings[./java/src/jmri/jmrit/simpleprog/SimpleProgAction.java]" classname="jmri.util.FileLineEndingsTest" time="0.001"/>
  <testcase name="lineEndings[./java/src/jmri/jmrit/simpleprog/Bundle.java]" classname="jmri.util.FileLineEndingsTest" time="0.001"/>
  <testcase name="lineEndings[./java/src/jmri/jmrit/logix/OBlock.java]" classname="jmri.util.FileLineEndingsTest" time="0.001"/>
  <testcase name="lineEndings[./java/src/jmri/jmrit/logix/WarrantRoute.java]" classname="jmri.util.FileLineEndingsTest" time="0.001"/>
  <testcase name="lineEndings[./java/src/jmri/jmrit/logix/SpeedUtil.java]" classname="jmri.util.FileLineEndingsTest" time="0.001"/>
  <testcase name="lineEndings[./java/src/jmri/jmrit/logix/Warrant.java]" classname="jmri.util.FileLineEndingsTest" time="0.001"/>
  <testcase name="lineEndings[./java/src/jmri/jmrit/logix/WarrantPreferences.java]" classname="jmri.util.FileLineEndingsTest" time="0.001"/>
  <testcase name="lineEndings[./java/src/jmri/jmrit/logix/WarrantFrame.java]" classname="jmri.util.FileLineEndingsTest" time="0.001"/>
  <testcase name="lineEndings[./java/src/jmri/jmrit/logix/OBlockManager.java]" classname="jmri.util.FileLineEndingsTest" time="0.001"/>
  <testcase name="lineEndings[./java/src/jmri/jmrit/logix/RouteFinder.java]" classname="jmri.util.FileLineEndingsTest" time="0.001"/>
  <testcase name="lineEndings[./java/src/jmri/jmrit/logix/PortalManager.java]" classname="jmri.util.FileLineEndingsTest" time="0.001"/>
  <testcase name="lineEndings[./java/src/jmri/jmrit/logix/LearnThrottleFrame.java]" classname="jmri.util.FileLineEndingsTest" time="0.001"/>
  <testcase name="lineEndings[./java/src/jmri/jmrit/logix/ControlPanel.java]" classname="jmri.util.FileLineEndingsTest" time="0.001"/>
  <testcase name="lineEndings[./java/src/jmri/jmrit/logix/BlockOrder.java]" classname="jmri.util.FileLineEndingsTest" time="0.001"/>
  <testcase name="lineEndings[./java/src/jmri/jmrit/logix/Tracker.java]" classname="jmri.util.FileLineEndingsTest" time="0.001"/>
  <testcase name="lineEndings[./java/src/jmri/jmrit/logix/configurexml/WarrantManagerXml.java]" classname="jmri.util.FileLineEndingsTest" time="0.001"/>
  <testcase name="lineEndings[./java/src/jmri/jmrit/logix/configurexml/OBlockManagerXml.java]" classname="jmri.util.FileLineEndingsTest" time="0.001"/>
  <testcase name="lineEndings[./java/src/jmri/jmrit/logix/FunctionPanel.java]" classname="jmri.util.FileLineEndingsTest" time="0.001"/>
  <testcase name="lineEndings[./java/src/jmri/jmrit/logix/WarrantManager.java]" classname="jmri.util.FileLineEndingsTest" time="0.001"/>
  <testcase name="lineEndings[./java/src/jmri/jmrit/logix/OPath.java]" classname="jmri.util.FileLineEndingsTest" time="0"/>
  <testcase name="lineEndings[./java/src/jmri/jmrit/logix/WarrantTableFrame.java]" classname="jmri.util.FileLineEndingsTest" time="0.001"/>
  <testcase name="lineEndings[./java/src/jmri/jmrit/logix/ThrottleSetting.java]" classname="jmri.util.FileLineEndingsTest" time="0.001"/>
  <testcase name="lineEndings[./java/src/jmri/jmrit/logix/OpSessionLog.java]" classname="jmri.util.FileLineEndingsTest" time="0.001"/>
  <testcase name="lineEndings[./java/src/jmri/jmrit/logix/SpeedProfilePanel.java]" classname="jmri.util.FileLineEndingsTest" time="0.001"/>
  <testcase name="lineEndings[./java/src/jmri/jmrit/logix/Engineer.java]" classname="jmri.util.FileLineEndingsTest" time="0.001"/>
  <testcase name="lineEndings[./java/src/jmri/jmrit/logix/WarrantShutdownTask.java]" classname="jmri.util.FileLineEndingsTest" time="0.001"/>
  <testcase name="lineEndings[./java/src/jmri/jmrit/logix/Bundle.java]" classname="jmri.util.FileLineEndingsTest" time="0.001"/>
  <testcase name="lineEndings[./java/src/jmri/jmrit/logix/WarrantTableModel.java]" classname="jmri.util.FileLineEndingsTest" time="0.001"/>
  <testcase name="lineEndings[./java/src/jmri/jmrit/logix/WarrantPreferencesPanel.java]" classname="jmri.util.FileLineEndingsTest" time="0.001"/>
  <testcase name="lineEndings[./java/src/jmri/jmrit/logix/NXFrame.java]" classname="jmri.util.FileLineEndingsTest" time="0.001"/>
  <testcase name="lineEndings[./java/src/jmri/jmrit/logix/Portal.java]" classname="jmri.util.FileLineEndingsTest" time="0"/>
  <testcase name="lineEndings[./java/src/jmri/jmrit/logix/SCWarrant.java]" classname="jmri.util.FileLineEndingsTest" time="0.001"/>
  <testcase name="lineEndings[./java/src/jmri/jmrit/logix/TrackerTableAction.java]" classname="jmri.util.FileLineEndingsTest" time="0.001"/>
  <testcase name="lineEndings[./java/src/jmri/jmrit/logix/WarrantTableAction.java]" classname="jmri.util.FileLineEndingsTest" time="0.001"/>
  <testcase name="lineEndings[./java/src/jmri/jmrit/logix/MergePrompt.java]" classname="jmri.util.FileLineEndingsTest" time="0.001"/>
  <testcase name="lineEndings[./java/src/jmri/jmrit/XmlFileCheckAction.java]" classname="jmri.util.FileLineEndingsTest" time="0.001"/>
  <testcase name="lineEndings[./java/src/jmri/jmrit/Sound.java]" classname="jmri.util.FileLineEndingsTest" time="0.001"/>
  <testcase name="lineEndings[./java/src/jmri/jmrit/decoderdefn/InstallDecoderFileAction.java]" classname="jmri.util.FileLineEndingsTest" time="0.001"/>
  <testcase name="lineEndings[./java/src/jmri/jmrit/decoderdefn/IdentifyDecoder.java]" classname="jmri.util.FileLineEndingsTest" time="0.001"/>
  <testcase name="lineEndings[./java/src/jmri/jmrit/decoderdefn/PrintDecoderListAction.java]" classname="jmri.util.FileLineEndingsTest" time="0.001"/>
  <testcase name="lineEndings[./java/src/jmri/jmrit/decoderdefn/DecoderIndexBuilder.java]" classname="jmri.util.FileLineEndingsTest" time="0"/>
  <testcase name="lineEndings[./java/src/jmri/jmrit/decoderdefn/DecoderIndexFile.java]" classname="jmri.util.FileLineEndingsTest" time="0.001"/>
  <testcase name="lineEndings[./java/src/jmri/jmrit/decoderdefn/NameCheckAction.java]" classname="jmri.util.FileLineEndingsTest" time="0.001"/>
  <testcase name="lineEndings[./java/src/jmri/jmrit/decoderdefn/DecoderFile.java]" classname="jmri.util.FileLineEndingsTest" time="0.001"/>
  <testcase name="lineEndings[./java/src/jmri/jmrit/decoderdefn/InstallDecoderURLAction.java]" classname="jmri.util.FileLineEndingsTest" time="0.001"/>
  <testcase name="lineEndings[./java/src/jmri/jmrit/decoderdefn/Bundle.java]" classname="jmri.util.FileLineEndingsTest" time="0.001"/>
  <testcase name="lineEndings[./java/src/jmri/jmrit/decoderdefn/DecoderIndexCreateAction.java]" classname="jmri.util.FileLineEndingsTest" time="0"/>
  <testcase name="lineEndings[./java/src/jmri/jmrit/catalog/DefaultCatalogTreeManager.java]" classname="jmri.util.FileLineEndingsTest" time="0.001"/>
  <testcase name="lineEndings[./java/src/jmri/jmrit/catalog/NamedIcon.java]" classname="jmri.util.FileLineEndingsTest" time="0.001"/>
  <testcase name="lineEndings[./java/src/jmri/jmrit/catalog/ImageIndexEditor.java]" classname="jmri.util.FileLineEndingsTest" time="0.001"/>
  <testcase name="lineEndings[./java/src/jmri/jmrit/catalog/CatalogTreeNode.java]" classname="jmri.util.FileLineEndingsTest" time="0.001"/>
  <testcase name="lineEndings[./java/src/jmri/jmrit/catalog/CatalogPane.java]" classname="jmri.util.FileLineEndingsTest" time="0"/>
  <testcase name="lineEndings[./java/src/jmri/jmrit/catalog/CatalogTreeModel.java]" classname="jmri.util.FileLineEndingsTest" time="0.001"/>
  <testcase name="lineEndings[./java/src/jmri/jmrit/catalog/CatalogPanel.java]" classname="jmri.util.FileLineEndingsTest" time="0.001"/>
  <testcase name="lineEndings[./java/src/jmri/jmrit/catalog/PreviewDialog.java]" classname="jmri.util.FileLineEndingsTest" time="0.001"/>
  <testcase name="lineEndings[./java/src/jmri/jmrit/catalog/DragJLabel.java]" classname="jmri.util.FileLineEndingsTest" time="0.001"/>
  <testcase name="lineEndings[./java/src/jmri/jmrit/catalog/AbstractCatalogTree.java]" classname="jmri.util.FileLineEndingsTest" time="0"/>
  <testcase name="lineEndings[./java/src/jmri/jmrit/catalog/CatalogTreeIndex.java]" classname="jmri.util.FileLineEndingsTest" time="0.001"/>
  <testcase name="lineEndings[./java/src/jmri/jmrit/catalog/CatalogTreeLeaf.java]" classname="jmri.util.FileLineEndingsTest" time="0.001"/>
  <testcase name="lineEndings[./java/src/jmri/jmrit/catalog/Bundle.java]" classname="jmri.util.FileLineEndingsTest" time="0.001"/>
  <testcase name="lineEndings[./java/src/jmri/jmrit/catalog/CatalogTreeFS.java]" classname="jmri.util.FileLineEndingsTest" time="0.001"/>
  <testcase name="lineEndings[./java/src/jmri/jmrit/catalog/DirectorySearcher.java]" classname="jmri.util.FileLineEndingsTest" time="0"/>
  <testcase name="lineEndings[./java/src/jmri/jmrit/catalog/configurexml/DefaultCatalogTreeManagerXml.java]" classname="jmri.util.FileLineEndingsTest" time="0.001"/>
  <testcase name="lineEndings[./java/src/jmri/jmrit/LogixLoadAction.java]" classname="jmri.util.FileLineEndingsTest" time="0.001"/>
  <testcase name="lineEndings[./java/src/jmri/jmrit/analogclock/Bundle.java]" classname="jmri.util.FileLineEndingsTest" time="0.001"/>
  <testcase name="lineEndings[./java/src/jmri/jmrit/analogclock/AnalogClockFrame.java]" classname="jmri.util.FileLineEndingsTest" time="0"/>
  <testcase name="lineEndings[./java/src/jmri/jmrit/analogclock/AnalogClockAction.java]" classname="jmri.util.FileLineEndingsTest" time="0.001"/>
  <testcase name="lineEndings[./java/src/jmri/jmrit/conditional/Bundle.java]" classname="jmri.util.FileLineEndingsTest" time="0.001"/>
  <testcase name="lineEndings[./java/src/jmri/jmrit/conditional/ConditionalEditBase.java]" classname="jmri.util.FileLineEndingsTest" time="0.001"/>
  <testcase name="lineEndings[./java/src/jmri/jmrit/conditional/ConditionalListEdit.java]" classname="jmri.util.FileLineEndingsTest" time="0.001"/>
  <testcase name="lineEndings[./java/src/jmri/jmrit/conditional/ConditionalTreeEdit.java]" classname="jmri.util.FileLineEndingsTest" time="0.002"/>
  <testcase name="lineEndings[./java/src/jmri/jmrit/jython/Jynstrument.java]" classname="jmri.util.FileLineEndingsTest" time="0"/>
  <testcase name="lineEndings[./java/src/jmri/jmrit/jython/JynstrumentPopupMenu.java]" classname="jmri.util.FileLineEndingsTest" time="0.001"/>
  <testcase name="lineEndings[./java/src/jmri/jmrit/jython/JythonWindow.java]" classname="jmri.util.FileLineEndingsTest" time="0.001"/>
  <testcase name="lineEndings[./java/src/jmri/jmrit/jython/JynstrumentFactory.java]" classname="jmri.util.FileLineEndingsTest" time="0.001"/>
  <testcase name="lineEndings[./java/src/jmri/jmrit/jython/Bundle.java]" classname="jmri.util.FileLineEndingsTest" time="0"/>
  <testcase name="lineEndings[./java/src/jmri/jmrit/jython/InputWindow.java]" classname="jmri.util.FileLineEndingsTest" time="0.001"/>
  <testcase name="lineEndings[./java/src/jmri/jmrit/jython/RunJythonScript.java]" classname="jmri.util.FileLineEndingsTest" time="0.001"/>
  <testcase name="lineEndings[./java/src/jmri/jmrit/jython/InputWindowAction.java]" classname="jmri.util.FileLineEndingsTest" time="0.001"/>
  <testcase name="lineEndings[./java/src/jmri/jmrit/log/LogAction.java]" classname="jmri.util.FileLineEndingsTest" time="0"/>
  <testcase name="lineEndings[./java/src/jmri/jmrit/log/LogPanel.java]" classname="jmri.util.FileLineEndingsTest" time="0.001"/>
  <testcase name="lineEndings[./java/src/jmri/jmrit/log/LogFrame.java]" classname="jmri.util.FileLineEndingsTest" time="0.001"/>
  <testcase name="lineEndings[./java/src/jmri/jmrit/log/LogOutputWindowAction.java]" classname="jmri.util.FileLineEndingsTest" time="0.001"/>
  <testcase name="lineEndings[./java/src/jmri/jmrit/log/Bundle.java]" classname="jmri.util.FileLineEndingsTest" time="0"/>
  <testcase name="lineEndings[./java/src/jmri/jmrit/log/Log4JTreePane.java]" classname="jmri.util.FileLineEndingsTest" time="0.001"/>
  <testcase name="lineEndings[./java/src/jmri/jmrit/AbstractIdentify.java]" classname="jmri.util.FileLineEndingsTest" time="0.001"/>
  <testcase name="lineEndings[./java/src/jmri/jmrit/XmlFileValidateAction.java]" classname="jmri.util.FileLineEndingsTest" time="0.001"/>
  <testcase name="lineEndings[./java/src/jmri/jmrit/signalling/SignallingFrameAction.java]" classname="jmri.util.FileLineEndingsTest" time="0"/>
  <testcase name="lineEndings[./java/src/jmri/jmrit/signalling/SignallingSourceAction.java]" classname="jmri.util.FileLineEndingsTest" time="0.001"/>
  <testcase name="lineEndings[./java/src/jmri/jmrit/signalling/Bundle.java]" classname="jmri.util.FileLineEndingsTest" time="0.001"/>
  <testcase name="lineEndings[./java/src/jmri/jmrit/signalling/SignallingSourcePanel.java]" classname="jmri.util.FileLineEndingsTest" time="0.001"/>
  <testcase name="lineEndings[./java/src/jmri/jmrit/signalling/SignallingAction.java]" classname="jmri.util.FileLineEndingsTest" time="0.001"/>
  <testcase name="lineEndings[./java/src/jmri/jmrit/signalling/SignallingFrame.java]" classname="jmri.util.FileLineEndingsTest" time="0"/>
  <testcase name="lineEndings[./java/src/jmri/jmrit/signalling/SignallingPanel.java]" classname="jmri.util.FileLineEndingsTest" time="0.001"/>
  <testcase name="lineEndings[./java/src/jmri/jmrit/signalling/SignallingGuiTools.java]" classname="jmri.util.FileLineEndingsTest" time="0.001"/>
  <testcase name="lineEndings[./java/src/jmri/jmrit/signalling/SignallingSourceFrame.java]" classname="jmri.util.FileLineEndingsTest" time="0.001"/>
  <testcase name="lineEndings[./java/src/jmri/jmrit/entryexit/Source.java]" classname="jmri.util.FileLineEndingsTest" time="0.001"/>
  <testcase name="lineEndings[./java/src/jmri/jmrit/entryexit/package-info.java]" classname="jmri.util.FileLineEndingsTest" time="0"/>
  <testcase name="lineEndings[./java/src/jmri/jmrit/entryexit/configurexml/EntryExitPairsXml.java]" classname="jmri.util.FileLineEndingsTest" time="0.001"/>
  <testcase name="lineEndings[./java/src/jmri/jmrit/entryexit/PointDetails.java]" classname="jmri.util.FileLineEndingsTest" time="0.001"/>
  <testcase name="lineEndings[./java/src/jmri/jmrit/entryexit/EntryExitPairs.java]" classname="jmri.util.FileLineEndingsTest" time="0.001"/>
  <testcase name="lineEndings[./java/src/jmri/jmrit/entryexit/AddEntryExitPairAction.java]" classname="jmri.util.FileLineEndingsTest" time="0.001"/>
  <testcase name="lineEndings[./java/src/jmri/jmrit/entryexit/AddEntryExitPairPanel.java]" classname="jmri.util.FileLineEndingsTest" time="0.001"/>
  <testcase name="lineEndings[./java/src/jmri/jmrit/entryexit/ManuallySetRoute.java]" classname="jmri.util.FileLineEndingsTest" time="0"/>
  <testcase name="lineEndings[./java/src/jmri/jmrit/entryexit/AddEntryExitPairFrame.java]" classname="jmri.util.FileLineEndingsTest" time="0.001"/>
  <testcase name="lineEndings[./java/src/jmri/jmrit/entryexit/DestinationPoints.java]" classname="jmri.util.FileLineEndingsTest" time="0.001"/>
  <testcase name="lineEndings[./java/src/jmri/jmrit/entryexit/StackNXPanel.java]" classname="jmri.util.FileLineEndingsTest" time="0.001"/>
  <testcase name="lineEndings[./java/src/jmri/jmrit/entryexit/Bundle.java]" classname="jmri.util.FileLineEndingsTest" time="0"/>
  <testcase name="lineEndings[./java/src/jmri/jmrit/sound/WavBuffer.java]" classname="jmri.util.FileLineEndingsTest" time="0.001"/>
  <testcase name="lineEndings[./java/src/jmri/jmrit/sound/SoundUtil.java]" classname="jmri.util.FileLineEndingsTest" time="0.001"/>
  <testcase name="lineEndings[./java/src/jmri/jmrit/XmlFileValidateStartupActionFactory.java]" classname="jmri.util.FileLineEndingsTest" time="0.001"/>
  <testcase name="lineEndings[./java/src/jmri/jmrit/ampmeter/AmpMeterFrame.java]" classname="jmri.util.FileLineEndingsTest" time="0.001"/>
  <testcase name="lineEndings[./java/src/jmri/jmrit/ampmeter/AmpMeterAction.java]" classname="jmri.util.FileLineEndingsTest" time="0"/>
  <testcase name="lineEndings[./java/src/jmri/jmrit/ampmeter/Bundle.java]" classname="jmri.util.FileLineEndingsTest" time="0.001"/>
  <testcase name="lineEndings[./java/src/jmri/jmrit/turnoutoperations/TurnoutOperationConfig.java]" classname="jmri.util.FileLineEndingsTest" time="0.001"/>
  <testcase name="lineEndings[./java/src/jmri/jmrit/turnoutoperations/NoFeedbackTurnoutOperationConfig.java]" classname="jmri.util.FileLineEndingsTest" time="0.001"/>
  <testcase name="lineEndings[./java/src/jmri/jmrit/turnoutoperations/SensorTurnoutOperationConfig.java]" classname="jmri.util.FileLineEndingsTest" time="0"/>
  <testcase name="lineEndings[./java/src/jmri/jmrit/turnoutoperations/RawTurnoutOperationConfig.java]" classname="jmri.util.FileLineEndingsTest" time="0.001"/>
  <testcase name="lineEndings[./java/src/jmri/jmrit/turnoutoperations/Bundle.java]" classname="jmri.util.FileLineEndingsTest" time="0.001"/>
  <testcase name="lineEndings[./java/src/jmri/jmrit/turnoutoperations/CommonTurnoutOperationConfig.java]" classname="jmri.util.FileLineEndingsTest" time="0.001"/>
  <testcase name="lineEndings[./java/src/jmri/jmrit/turnoutoperations/TurnoutOperationFrame.java]" classname="jmri.util.FileLineEndingsTest" time="0"/>
  <testcase name="lineEndings[./java/src/jmri/jmrit/DebugMenu.java]" classname="jmri.util.FileLineEndingsTest" time="0.001"/>
  <testcase name="lineEndings[./java/src/jmri/jmrit/dualdecoder/DualDecoderSelectFrame.java]" classname="jmri.util.FileLineEndingsTest" time="0.001"/>
  <testcase name="lineEndings[./java/src/jmri/jmrit/dualdecoder/Bundle.java]" classname="jmri.util.FileLineEndingsTest" time="0.001"/>
  <testcase name="lineEndings[./java/src/jmri/jmrit/dualdecoder/DualDecoderSelectPane.java]" classname="jmri.util.FileLineEndingsTest" time="0"/>
  <testcase name="lineEndings[./java/src/jmri/jmrit/dualdecoder/DualDecoderToolAction.java]" classname="jmri.util.FileLineEndingsTest" time="0.001"/>
  <testcase name="lineEndings[./java/src/jmri/jmrit/mastbuilder/MastBuilderAction.java]" classname="jmri.util.FileLineEndingsTest" time="0.001"/>
  <testcase name="lineEndings[./java/src/jmri/jmrit/mastbuilder/Bundle.java]" classname="jmri.util.FileLineEndingsTest" time="0.001"/>
  <testcase name="lineEndings[./java/src/jmri/jmrit/mastbuilder/MastBuilderPane.java]" classname="jmri.util.FileLineEndingsTest" time="0"/>
  <testcase name="lineEndings[./java/src/jmri/jmrit/sensorgroup/SensorGroup.java]" classname="jmri.util.FileLineEndingsTest" time="0.001"/>
  <testcase name="lineEndings[./java/src/jmri/jmrit/sensorgroup/BeanTableModel.java]" classname="jmri.util.FileLineEndingsTest" time="0.001"/>
  <testcase name="lineEndings[./java/src/jmri/jmrit/sensorgroup/SensorGroupAction.java]" classname="jmri.util.FileLineEndingsTest" time="0.001"/>
  <testcase name="lineEndings[./java/src/jmri/jmrit/sensorgroup/SensorGroupFrame.java]" classname="jmri.util.FileLineEndingsTest" time="0.001"/>
  <testcase name="lineEndings[./java/src/jmri/jmrit/sensorgroup/SensorTableModel.java]" classname="jmri.util.FileLineEndingsTest" time="0"/>
  <testcase name="lineEndings[./java/src/jmri/jmrit/XmlFile.java]" classname="jmri.util.FileLineEndingsTest" time="0.001"/>
  <testcase name="lineEndings[./java/src/jmri/jmrit/tracker/MemoryTracker.java]" classname="jmri.util.FileLineEndingsTest" time="0.001"/>
  <testcase name="lineEndings[./java/src/jmri/jmrit/tracker/StoppingBlock.java]" classname="jmri.util.FileLineEndingsTest" time="0.001"/>
  <testcase name="lineEndings[./java/src/jmri/jmrit/MemoryContents.java]" classname="jmri.util.FileLineEndingsTest" time="0.001"/>
  <testcase name="lineEndings[./java/src/jmri/jmrit/sendpacket/Bundle.java]" classname="jmri.util.FileLineEndingsTest" time="0"/>
  <testcase name="lineEndings[./java/src/jmri/jmrit/sendpacket/SendPacketFrame.java]" classname="jmri.util.FileLineEndingsTest" time="0.001"/>
  <testcase name="lineEndings[./java/src/jmri/jmrit/sendpacket/SendPacketAction.java]" classname="jmri.util.FileLineEndingsTest" time="0.001"/>
  <testcase name="lineEndings[./java/src/jmri/jmrit/picker/Bundle.java]" classname="jmri.util.FileLineEndingsTest" time="0.001"/>
  <testcase name="lineEndings[./java/src/jmri/jmrit/picker/PickSinglePanel.java]" classname="jmri.util.FileLineEndingsTest" time="0"/>
  <testcase name="lineEndings[./java/src/jmri/jmrit/picker/PickListModel.java]" classname="jmri.util.FileLineEndingsTest" time="0.001"/>
  <testcase name="lineEndings[./java/src/jmri/jmrit/picker/PickFrame.java]" classname="jmri.util.FileLineEndingsTest" time="0.001"/>
  <testcase name="lineEndings[./java/src/jmri/jmrit/picker/PickPanel.java]" classname="jmri.util.FileLineEndingsTest" time="0.001"/>
  <testcase name="lineEndings[./java/src/jmri/jmrit/DccLocoAddressSelector.java]" classname="jmri.util.FileLineEndingsTest" time="0.001"/>
  <testcase name="lineEndings[./java/src/jmri/jmrit/MemoryFrameAction.java]" classname="jmri.util.FileLineEndingsTest" time="0"/>
  <testcase name="lineEndings[./java/src/jmri/jmrit/XmlFileLocationAction.java]" classname="jmri.util.FileLineEndingsTest" time="0.001"/>
  <testcase name="lineEndings[./java/src/jmri/spi/JmriServiceProviderInterface.java]" classname="jmri.util.FileLineEndingsTest" time="0.001"/>
  <testcase name="lineEndings[./java/src/jmri/spi/PreferencesManager.java]" classname="jmri.util.FileLineEndingsTest" time="0.001"/>
  <testcase name="lineEndings[./java/src/jmri/spi/package-info.java]" classname="jmri.util.FileLineEndingsTest" time="0"/>
  <testcase name="lineEndings[./java/src/jmri/spi/JsonServiceFactory.java]" classname="jmri.util.FileLineEndingsTest" time="0.001"/>
  <testcase name="lineEndings[./java/src/jmri/jmrix/loconet/sdfeditor/CommentMacroEditor.java]" classname="jmri.util.FileLineEndingsTest" time="0.001"/>
  <testcase name="lineEndings[./java/src/jmri/jmrix/loconet/sdfeditor/SdlVersionEditor.java]" classname="jmri.util.FileLineEndingsTest" time="0.001"/>
  <testcase name="lineEndings[./java/src/jmri/jmrix/loconet/sdfeditor/MaskCompareEditor.java]" classname="jmri.util.FileLineEndingsTest" time="0"/>
  <testcase name="lineEndings[./java/src/jmri/jmrix/loconet/sdfeditor/FourByteMacroEditor.java]" classname="jmri.util.FileLineEndingsTest" time="0.001"/>
  <testcase name="lineEndings[./java/src/jmri/jmrix/loconet/sdfeditor/EditorPane.java]" classname="jmri.util.FileLineEndingsTest" time="0.001"/>
  <testcase name="lineEndings[./java/src/jmri/jmrix/loconet/sdfeditor/MonitoringLabel.java]" classname="jmri.util.FileLineEndingsTest" time="0.001"/>
  <testcase name="lineEndings[./java/src/jmri/jmrix/loconet/sdfeditor/PlayEditor.java]" classname="jmri.util.FileLineEndingsTest" time="0"/>
  <testcase name="lineEndings[./java/src/jmri/jmrix/loconet/sdfeditor/ChannelStartEditor.java]" classname="jmri.util.FileLineEndingsTest" time="0.001"/>
  <testcase name="lineEndings[./java/src/jmri/jmrix/loconet/sdfeditor/DelaySoundEditor.java]" classname="jmri.util.FileLineEndingsTest" time="0.001"/>
  <testcase name="lineEndings[./java/src/jmri/jmrix/loconet/sdfeditor/SkemeStartEditor.java]" classname="jmri.util.FileLineEndingsTest" time="0.001"/>
  <testcase name="lineEndings[./java/src/jmri/jmrix/loconet/sdfeditor/TwoByteMacroEditor.java]" classname="jmri.util.FileLineEndingsTest" time="0"/>
  <testcase name="lineEndings[./java/src/jmri/jmrix/loconet/sdfeditor/SdfMacroEditor.java]" classname="jmri.util.FileLineEndingsTest" time="0.001"/>
  <testcase name="lineEndings[./java/src/jmri/jmrix/loconet/sdfeditor/GenerateTriggerEditor.java]" classname="jmri.util.FileLineEndingsTest" time="0.001"/>
  <testcase name="lineEndings[./java/src/jmri/jmrix/loconet/sdfeditor/LabelMacroEditor.java]" classname="jmri.util.FileLineEndingsTest" time="0.001"/>
  <testcase name="lineEndings[./java/src/jmri/jmrix/loconet/sdfeditor/InitiateSoundEditor.java]" classname="jmri.util.FileLineEndingsTest" time="0.001"/>
  <testcase name="lineEndings[./java/src/jmri/jmrix/loconet/sdfeditor/EndSoundEditor.java]" classname="jmri.util.FileLineEndingsTest" time="0"/>
  <testcase name="lineEndings[./java/src/jmri/jmrix/loconet/sdfeditor/SkipOnTriggerEditor.java]" classname="jmri.util.FileLineEndingsTest" time="0.001"/>
  <testcase name="lineEndings[./java/src/jmri/jmrix/loconet/sdfeditor/BranchToEditor.java]" classname="jmri.util.FileLineEndingsTest" time="0.001"/>
  <testcase name="lineEndings[./java/src/jmri/jmrix/loconet/sdfeditor/Bundle.java]" classname="jmri.util.FileLineEndingsTest" time="0.001"/>
  <testcase name="lineEndings[./java/src/jmri/jmrix/loconet/sdfeditor/LoadModifierEditor.java]" classname="jmri.util.FileLineEndingsTest" time="0.001"/>
  <testcase name="lineEndings[./java/src/jmri/jmrix/loconet/sdfeditor/EditorFrame.java]" classname="jmri.util.FileLineEndingsTest" time="0"/>
  <testcase name="lineEndings[./java/src/jmri/jmrix/loconet/LocoNetConsist.java]" classname="jmri.util.FileLineEndingsTest" time="0.001"/>
  <testcase name="lineEndings[./java/src/jmri/jmrix/loconet/LocoNetSlot.java]" classname="jmri.util.FileLineEndingsTest" time="0.001"/>
  <testcase name="lineEndings[./java/src/jmri/jmrix/loconet/cmdstnconfig/Bundle.java]" classname="jmri.util.FileLineEndingsTest" time="0.001"/>
  <testcase name="lineEndings[./java/src/jmri/jmrix/loconet/cmdstnconfig/XmlConfig.java]" classname="jmri.util.FileLineEndingsTest" time="0.001"/>
  <testcase name="lineEndings[./java/src/jmri/jmrix/loconet/cmdstnconfig/CmdStnConfigPane.java]" classname="jmri.util.FileLineEndingsTest" time="0"/>
  <testcase name="lineEndings[./java/src/jmri/jmrix/loconet/pr2/configurexml/ConnectionConfigXml.java]" classname="jmri.util.FileLineEndingsTest" time="0.001"/>
  <testcase name="lineEndings[./java/src/jmri/jmrix/loconet/pr2/LnPr2PowerManager.java]" classname="jmri.util.FileLineEndingsTest" time="0.001"/>
  <testcase name="lineEndings[./java/src/jmri/jmrix/loconet/pr2/LnPr2Packetizer.java]" classname="jmri.util.FileLineEndingsTest" time="0.001"/>
  <testcase name="lineEndings[./java/src/jmri/jmrix/loconet/pr2/Bundle.java]" classname="jmri.util.FileLineEndingsTest" time="0.001"/>
  <testcase name="lineEndings[./java/src/jmri/jmrix/loconet/pr2/PR2SystemConnectionMemo.java]" classname="jmri.util.FileLineEndingsTest" time="0"/>
  <testcase name="lineEndings[./java/src/jmri/jmrix/loconet/pr2/PR2Adapter.java]" classname="jmri.util.FileLineEndingsTest" time="0.001"/>
  <testcase name="lineEndings[./java/src/jmri/jmrix/loconet/pr2/ConnectionConfig.java]" classname="jmri.util.FileLineEndingsTest" time="0.001"/>
  <testcase name="lineEndings[./java/src/jmri/jmrix/loconet/LocoNetListener.java]" classname="jmri.util.FileLineEndingsTest" time="0.001"/>
  <testcase name="lineEndings[./java/src/jmri/jmrix/loconet/locormi/LnMessageClientPollThread.java]" classname="jmri.util.FileLineEndingsTest" time="0"/>
  <testcase name="lineEndings[./java/src/jmri/jmrix/loconet/locormi/LnMessageBufferInterface.java]" classname="jmri.util.FileLineEndingsTest" time="0.001"/>
  <testcase name="lineEndings[./java/src/jmri/jmrix/loconet/locormi/LnMessageBuffer.java]" classname="jmri.util.FileLineEndingsTest" time="0.001"/>
  <testcase name="lineEndings[./java/src/jmri/jmrix/loconet/locormi/LnMessageServerInterface.java]" classname="jmri.util.FileLineEndingsTest" time="0.001"/>
  <testcase name="lineEndings[./java/src/jmri/jmrix/loconet/locormi/Bundle.java]" classname="jmri.util.FileLineEndingsTest" time="0"/>
  <testcase name="lineEndings[./java/src/jmri/jmrix/loconet/locormi/ConnectionConfig.java]" classname="jmri.util.FileLineEndingsTest" time="0.001"/>
  <testcase name="lineEndings[./java/src/jmri/jmrix/loconet/locormi/LnMessageServer.java]" classname="jmri.util.FileLineEndingsTest" time="0.001"/>
  <testcase name="lineEndings[./java/src/jmri/jmrix/loconet/locormi/LnMessageServerAction.java]" classname="jmri.util.FileLineEndingsTest" time="0.001"/>
  <testcase name="lineEndings[./java/src/jmri/jmrix/loconet/locormi/configurexml/ConnectionConfigXml.java]" classname="jmri.util.FileLineEndingsTest" time="0"/>
  <testcase name="lineEndings[./java/src/jmri/jmrix/loconet/locormi/LnMessageClientAction.java]" classname="jmri.util.FileLineEndingsTest" time="0.001"/>
  <testcase name="lineEndings[./java/src/jmri/jmrix/loconet/locormi/LnMessageClient.java]" classname="jmri.util.FileLineEndingsTest" time="0.001"/>
  <testcase name="lineEndings[./java/src/jmri/jmrix/loconet/LnSensorManager.java]" classname="jmri.util.FileLineEndingsTest" time="0.001"/>
  <testcase name="lineEndings[./java/src/jmri/jmrix/loconet/SE8cSignalHead.java]" classname="jmri.util.FileLineEndingsTest" time="0.001"/>
  <testcase name="lineEndings[./java/src/jmri/jmrix/loconet/locostats/swing/LocoStatsPanel.java]" classname="jmri.util.FileLineEndingsTest" time="0"/>
  <testcase name="lineEndings[./java/src/jmri/jmrix/loconet/locostats/swing/Bundle.java]" classname="jmri.util.FileLineEndingsTest" time="0.001"/>
  <testcase name="lineEndings[./java/src/jmri/jmrix/loconet/locostats/Bundle.java]" classname="jmri.util.FileLineEndingsTest" time="0.001"/>
  <testcase name="lineEndings[./java/src/jmri/jmrix/loconet/locostats/LocoNetInterfaceStatsListener.java]" classname="jmri.util.FileLineEndingsTest" time="0.001"/>
  <testcase name="lineEndings[./java/src/jmri/jmrix/loconet/locostats/PR2Status.java]" classname="jmri.util.FileLineEndingsTest" time="0"/>
  <testcase name="lineEndings[./java/src/jmri/jmrix/loconet/locostats/LocoBufferIIStatus.java]" classname="jmri.util.FileLineEndingsTest" time="0.001"/>
  <testcase name="lineEndings[./java/src/jmri/jmrix/loconet/locostats/PR3MS100ModeStatus.java]" classname="jmri.util.FileLineEndingsTest" time="0.001"/>
  <testcase name="lineEndings[./java/src/jmri/jmrix/loconet/locostats/LocoStatsFunc.java]" classname="jmri.util.FileLineEndingsTest" time="0.001"/>
  <testcase name="lineEndings[./java/src/jmri/jmrix/loconet/locostats/RawStatus.java]" classname="jmri.util.FileLineEndingsTest" time="0"/>
  <testcase name="lineEndings[./java/src/jmri/jmrix/loconet/LnPacketizer.java]" classname="jmri.util.FileLineEndingsTest" time="0.001"/>
  <testcase name="lineEndings[./java/src/jmri/jmrix/loconet/bluetooth/Bundle.java]" classname="jmri.util.FileLineEndingsTest" time="0.001"/>
  <testcase name="lineEndings[./java/src/jmri/jmrix/loconet/bluetooth/configurexml/ConnectionConfigXml.java]" classname="jmri.util.FileLineEndingsTest" time="0.001"/>
  <testcase name="lineEndings[./java/src/jmri/jmrix/loconet/bluetooth/LocoNetBluetoothAdapter.java]" classname="jmri.util.FileLineEndingsTest" time="0.001"/>
  <testcase name="lineEndings[./java/src/jmri/jmrix/loconet/bluetooth/ConnectionConfig.java]" classname="jmri.util.FileLineEndingsTest" time="0"/>
  <testcase name="lineEndings[./java/src/jmri/jmrix/loconet/LnThrottleManager.java]" classname="jmri.util.FileLineEndingsTest" time="0.001"/>
  <testcase name="lineEndings[./java/src/jmri/jmrix/loconet/LnPortController.java]" classname="jmri.util.FileLineEndingsTest" time="0.001"/>
  <testcase name="lineEndings[./java/src/jmri/jmrix/loconet/locogen/Bundle.java]" classname="jmri.util.FileLineEndingsTest" time="0.001"/>
  <testcase name="lineEndings[./java/src/jmri/jmrix/loconet/locogen/LocoGenPanel.java]" classname="jmri.util.FileLineEndingsTest" time="0"/>
  <testcase name="lineEndings[./java/src/jmri/jmrix/loconet/LnNetworkPortController.java]" classname="jmri.util.FileLineEndingsTest" time="0"/>
  <testcase name="lineEndings[./java/src/jmri/jmrix/loconet/duplexgroup/swing/LnIPLImplementation.java]" classname="jmri.util.FileLineEndingsTest" time="0.001"/>
  <testcase name="lineEndings[./java/src/jmri/jmrix/loconet/duplexgroup/swing/LnDplxGrpInfoImpl.java]" classname="jmri.util.FileLineEndingsTest" time="0.001"/>
  <testcase name="lineEndings[./java/src/jmri/jmrix/loconet/duplexgroup/swing/DuplexGroupScanPanel.java]" classname="jmri.util.FileLineEndingsTest" time="0.001"/>
  <testcase name="lineEndings[./java/src/jmri/jmrix/loconet/duplexgroup/swing/DuplexGroupInfoPanel.java]" classname="jmri.util.FileLineEndingsTest" time="0.001"/>
  <testcase name="lineEndings[./java/src/jmri/jmrix/loconet/duplexgroup/swing/Bundle.java]" classname="jmri.util.FileLineEndingsTest" time="0.001"/>
  <testcase name="lineEndings[./java/src/jmri/jmrix/loconet/duplexgroup/swing/DuplexGroupTabbedPanel.java]" classname="jmri.util.FileLineEndingsTest" time="0"/>
  <testcase name="lineEndings[./java/src/jmri/jmrix/loconet/duplexgroup/DuplexGroupMessageType.java]" classname="jmri.util.FileLineEndingsTest" time="0.001"/>
  <testcase name="lineEndings[./java/src/jmri/jmrix/loconet/duplexgroup/LnDplxGrpInfoImplConstants.java]" classname="jmri.util.FileLineEndingsTest" time="0.001"/>
  <testcase name="lineEndings[./java/src/jmri/jmrix/loconet/duplexgroup/Bundle.java]" classname="jmri.util.FileLineEndingsTest" time="0.001"/>
  <testcase name="lineEndings[./java/src/jmri/jmrix/loconet/SlotManager.java]" classname="jmri.util.FileLineEndingsTest" time="0"/>
  <testcase name="lineEndings[./java/src/jmri/jmrix/loconet/LnTrafficController.java]" classname="jmri.util.FileLineEndingsTest" time="0"/>
  <testcase name="lineEndings[./java/src/jmri/jmrix/loconet/LocoNetInterface.java]" classname="jmri.util.FileLineEndingsTest" time="0.001"/>
  <testcase name="lineEndings[./java/src/jmri/jmrix/loconet/Pr2Throttle.java]" classname="jmri.util.FileLineEndingsTest" time="0.001"/>
  <testcase name="lineEndings[./java/src/jmri/jmrix/loconet/uhlenbrock/ConnectionConfig.java]" classname="jmri.util.FileLineEndingsTest" time="0.001"/>
  <testcase name="lineEndings[./java/src/jmri/jmrix/loconet/uhlenbrock/configurexml/ConnectionConfigXml.java]" classname="jmri.util.FileLineEndingsTest" time="0.001"/>
  <testcase name="lineEndings[./java/src/jmri/jmrix/loconet/uhlenbrock/UhlenbrockProgrammerManager.java]" classname="jmri.util.FileLineEndingsTest" time="0"/>
  <testcase name="lineEndings[./java/src/jmri/jmrix/loconet/uhlenbrock/UhlenbrockAdapter.java]" classname="jmri.util.FileLineEndingsTest" time="0.001"/>
  <testcase name="lineEndings[./java/src/jmri/jmrix/loconet/uhlenbrock/UhlenbrockPacketizer.java]" classname="jmri.util.FileLineEndingsTest" time="0.001"/>
  <testcase name="lineEndings[./java/src/jmri/jmrix/loconet/uhlenbrock/Bundle.java]" classname="jmri.util.FileLineEndingsTest" time="0.001"/>
  <testcase name="lineEndings[./java/src/jmri/jmrix/loconet/uhlenbrock/package-info.java]" classname="jmri.util.FileLineEndingsTest" time="0.001"/>
  <testcase name="lineEndings[./java/src/jmri/jmrix/loconet/uhlenbrock/UhlenbrockLnThrottleManager.java]" classname="jmri.util.FileLineEndingsTest" time="0"/>
  <testcase name="lineEndings[./java/src/jmri/jmrix/loconet/uhlenbrock/UhlenbrockConnectionTypeList.java]" classname="jmri.util.FileLineEndingsTest" time="0.001"/>
  <testcase name="lineEndings[./java/src/jmri/jmrix/loconet/uhlenbrock/UhlenbrockSystemConnectionMemo.java]" classname="jmri.util.FileLineEndingsTest" time="0.001"/>
  <testcase name="lineEndings[./java/src/jmri/jmrix/loconet/LnSensorAddress.java]" classname="jmri.util.FileLineEndingsTest" time="0.001"/>
  <testcase name="lineEndings[./java/src/jmri/jmrix/loconet/UhlenbrockSlot.java]" classname="jmri.util.FileLineEndingsTest" time="0"/>
  <testcase name="lineEndings[./java/src/jmri/jmrix/loconet/locomon/Llnmon.java]" classname="jmri.util.FileLineEndingsTest" time="0.002"/>
  <testcase name="lineEndings[./java/src/jmri/jmrix/loconet/locomon/Bundle.java]" classname="jmri.util.FileLineEndingsTest" time="0"/>
  <testcase name="lineEndings[./java/src/jmri/jmrix/loconet/locomon/LocoMonPane.java]" classname="jmri.util.FileLineEndingsTest" time="0"/>
  <testcase name="lineEndings[./java/src/jmri/jmrix/loconet/LnPowerManager.java]" classname="jmri.util.FileLineEndingsTest" time="0.001"/>
  <testcase name="lineEndings[./java/src/jmri/jmrix/loconet/pr3/configurexml/ConnectionConfigXml.java]" classname="jmri.util.FileLineEndingsTest" time="0.001"/>
  <testcase name="lineEndings[./java/src/jmri/jmrix/loconet/pr3/ConnectionConfig.java]" classname="jmri.util.FileLineEndingsTest" time="0.001"/>
  <testcase name="lineEndings[./java/src/jmri/jmrix/loconet/pr3/Bundle.java]" classname="jmri.util.FileLineEndingsTest" time="0"/>
  <testcase name="lineEndings[./java/src/jmri/jmrix/loconet/pr3/PR3SystemConnectionMemo.java]" classname="jmri.util.FileLineEndingsTest" time="0.001"/>
  <testcase name="lineEndings[./java/src/jmri/jmrix/loconet/pr3/swing/Bundle.java]" classname="jmri.util.FileLineEndingsTest" time="0.001"/>
  <testcase name="lineEndings[./java/src/jmri/jmrix/loconet/pr3/swing/Pr3SelectPane.java]" classname="jmri.util.FileLineEndingsTest" time="0.001"/>
  <testcase name="lineEndings[./java/src/jmri/jmrix/loconet/pr3/PR3Adapter.java]" classname="jmri.util.FileLineEndingsTest" time="0"/>
  <testcase name="lineEndings[./java/src/jmri/jmrix/loconet/sdf/CommentMacro.java]" classname="jmri.util.FileLineEndingsTest" time="0.001"/>
  <testcase name="lineEndings[./java/src/jmri/jmrix/loconet/sdf/BranchTo.java]" classname="jmri.util.FileLineEndingsTest" time="0.001"/>
  <testcase name="lineEndings[./java/src/jmri/jmrix/loconet/sdf/LabelMacro.java]" classname="jmri.util.FileLineEndingsTest" time="0.001"/>
  <testcase name="lineEndings[./java/src/jmri/jmrix/loconet/sdf/SdfBuffer.java]" classname="jmri.util.FileLineEndingsTest" time="0"/>
  <testcase name="lineEndings[./java/src/jmri/jmrix/loconet/sdf/SkemeStart.java]" classname="jmri.util.FileLineEndingsTest" time="0.001"/>
  <testcase name="lineEndings[./java/src/jmri/jmrix/loconet/sdf/SdlVersion.java]" classname="jmri.util.FileLineEndingsTest" time="0.001"/>
  <testcase name="lineEndings[./java/src/jmri/jmrix/loconet/sdf/InitiateSound.java]" classname="jmri.util.FileLineEndingsTest" time="0.001"/>
  <testcase name="lineEndings[./java/src/jmri/jmrix/loconet/sdf/EndSound.java]" classname="jmri.util.FileLineEndingsTest" time="0"/>
  <testcase name="lineEndings[./java/src/jmri/jmrix/loconet/sdf/ChannelStart.java]" classname="jmri.util.FileLineEndingsTest" time="0.001"/>
  <testcase name="lineEndings[./java/src/jmri/jmrix/loconet/sdf/GenerateTrigger.java]" classname="jmri.util.FileLineEndingsTest" time="0.001"/>
  <testcase name="lineEndings[./java/src/jmri/jmrix/loconet/sdf/LoadModifier.java]" classname="jmri.util.FileLineEndingsTest" time="0.001"/>
  <testcase name="lineEndings[./java/src/jmri/jmrix/loconet/sdf/SdfMacro.java]" classname="jmri.util.FileLineEndingsTest" time="0.001"/>
  <testcase name="lineEndings[./java/src/jmri/jmrix/loconet/sdf/DelaySound.java]" classname="jmri.util.FileLineEndingsTest" time="0"/>
  <testcase name="lineEndings[./java/src/jmri/jmrix/loconet/sdf/FourByteMacro.java]" classname="jmri.util.FileLineEndingsTest" time="0.001"/>
  <testcase name="lineEndings[./java/src/jmri/jmrix/loconet/sdf/MaskCompare.java]" classname="jmri.util.FileLineEndingsTest" time="0.001"/>
  <testcase name="lineEndings[./java/src/jmri/jmrix/loconet/sdf/SkipOnTrigger.java]" classname="jmri.util.FileLineEndingsTest" time="0.001"/>
  <testcase name="lineEndings[./java/src/jmri/jmrix/loconet/sdf/SdfConstants.java]" classname="jmri.util.FileLineEndingsTest" time="0"/>
  <testcase name="lineEndings[./java/src/jmri/jmrix/loconet/sdf/TwoByteMacro.java]" classname="jmri.util.FileLineEndingsTest" time="0.001"/>
  <testcase name="lineEndings[./java/src/jmri/jmrix/loconet/sdf/Play.java]" classname="jmri.util.FileLineEndingsTest" time="0.001"/>
  <testcase name="lineEndings[./java/src/jmri/jmrix/loconet/locobuffer/ConnectionConfig.java]" classname="jmri.util.FileLineEndingsTest" time="0.001"/>
  <testcase name="lineEndings[./java/src/jmri/jmrix/loconet/locobuffer/Bundle.java]" classname="jmri.util.FileLineEndingsTest" time="0.001"/>
  <testcase name="lineEndings[./java/src/jmri/jmrix/loconet/locobuffer/configurexml/ConnectionConfigXml.java]" classname="jmri.util.FileLineEndingsTest" time="0"/>
  <testcase name="lineEndings[./java/src/jmri/jmrix/loconet/locobuffer/LocoBufferAdapter.java]" classname="jmri.util.FileLineEndingsTest" time="0.001"/>
  <testcase name="lineEndings[./java/src/jmri/jmrix/loconet/ds64/Ds64TabbedPanel.java]" classname="jmri.util.FileLineEndingsTest" time="0.001"/>
  <testcase name="lineEndings[./java/src/jmri/jmrix/loconet/ds64/Bundle.java]" classname="jmri.util.FileLineEndingsTest" time="0.001"/>
  <testcase name="lineEndings[./java/src/jmri/jmrix/loconet/ds64/SimpleTurnout.java]" classname="jmri.util.FileLineEndingsTest" time="0.001"/>
  <testcase name="lineEndings[./java/src/jmri/jmrix/loconet/ds64/SimpleTurnoutStateEntry.java]" classname="jmri.util.FileLineEndingsTest" time="0.001"/>
  <testcase name="lineEndings[./java/src/jmri/jmrix/loconet/loconetovertcp/configurexml/ConnectionConfigXml.java]" classname="jmri.util.FileLineEndingsTest" time="0"/>
  <testcase name="lineEndings[./java/src/jmri/jmrix/loconet/loconetovertcp/LnTcpServer.java]" classname="jmri.util.FileLineEndingsTest" time="0.001"/>
  <testcase name="lineEndings[./java/src/jmri/jmrix/loconet/loconetovertcp/LnTcpServerListener.java]" classname="jmri.util.FileLineEndingsTest" time="0.001"/>
  <testcase name="lineEndings[./java/src/jmri/jmrix/loconet/loconetovertcp/ClientRxHandler.java]" classname="jmri.util.FileLineEndingsTest" time="0.001"/>
  <testcase name="lineEndings[./java/src/jmri/jmrix/loconet/loconetovertcp/LnTcpStartupActionFactory.java]" classname="jmri.util.FileLineEndingsTest" time="0"/>
  <testcase name="lineEndings[./java/src/jmri/jmrix/loconet/loconetovertcp/package-info.java]" classname="jmri.util.FileLineEndingsTest" time="0"/>
  <testcase name="lineEndings[./java/src/jmri/jmrix/loconet/loconetovertcp/LnTcpPreferences.java]" classname="jmri.util.FileLineEndingsTest" time="0.001"/>
  <testcase name="lineEndings[./java/src/jmri/jmrix/loconet/loconetovertcp/LnTcpServerFrame.java]" classname="jmri.util.FileLineEndingsTest" time="0.001"/>
  <testcase name="lineEndings[./java/src/jmri/jmrix/loconet/loconetovertcp/Bundle.java]" classname="jmri.util.FileLineEndingsTest" time="0.001"/>
  <testcase name="lineEndings[./java/src/jmri/jmrix/loconet/loconetovertcp/LnTcpServerAction.java]" classname="jmri.util.FileLineEndingsTest" time="0"/>
  <testcase name="lineEndings[./java/src/jmri/jmrix/loconet/loconetovertcp/ConnectionConfig.java]" classname="jmri.util.FileLineEndingsTest" time="0.001"/>
  <testcase name="lineEndings[./java/src/jmri/jmrix/loconet/loconetovertcp/LnOverTcpPacketizer.java]" classname="jmri.util.FileLineEndingsTest" time="0.001"/>
  <testcase name="lineEndings[./java/src/jmri/jmrix/loconet/loconetovertcp/LnTcpPreferencesPanel.java]" classname="jmri.util.FileLineEndingsTest" time="0.001"/>
  <testcase name="lineEndings[./java/src/jmri/jmrix/loconet/loconetovertcp/LnTcpDriverAdapter.java]" classname="jmri.util.FileLineEndingsTest" time="0"/>
  <testcase name="lineEndings[./java/src/jmri/jmrix/loconet/soundloader/EditorFilePane.java]" classname="jmri.util.FileLineEndingsTest" time="0.001"/>
  <testcase name="lineEndings[./java/src/jmri/jmrix/loconet/soundloader/LoaderPane.java]" classname="jmri.util.FileLineEndingsTest" time="0.001"/>
  <testcase name="lineEndings[./java/src/jmri/jmrix/loconet/soundloader/EditorTableDataModel.java]" classname="jmri.util.FileLineEndingsTest" time="0.001"/>
  <testcase name="lineEndings[./java/src/jmri/jmrix/loconet/soundloader/EditorPane.java]" classname="jmri.util.FileLineEndingsTest" time="0.001"/>
  <testcase name="lineEndings[./java/src/jmri/jmrix/loconet/soundloader/Bundle.java]" classname="jmri.util.FileLineEndingsTest" time="0"/>
  <testcase name="lineEndings[./java/src/jmri/jmrix/loconet/soundloader/LoaderEngine.java]" classname="jmri.util.FileLineEndingsTest" time="0.001"/>
  <testcase name="lineEndings[./java/src/jmri/jmrix/loconet/locobufferii/configurexml/ConnectionConfigXml.java]" classname="jmri.util.FileLineEndingsTest" time="0.001"/>
  <testcase name="lineEndings[./java/src/jmri/jmrix/loconet/locobufferii/LocoBufferIIAdapter.java]" classname="jmri.util.FileLineEndingsTest" time="0.001"/>
  <testcase name="lineEndings[./java/src/jmri/jmrix/loconet/locobufferii/Bundle.java]" classname="jmri.util.FileLineEndingsTest" time="0"/>
  <testcase name="lineEndings[./java/src/jmri/jmrix/loconet/locobufferii/ConnectionConfig.java]" classname="jmri.util.FileLineEndingsTest" time="0.001"/>
  <testcase name="lineEndings[./java/src/jmri/jmrix/loconet/downloader/LoaderPane.java]" classname="jmri.util.FileLineEndingsTest" time="0.001"/>
  <testcase name="lineEndings[./java/src/jmri/jmrix/loconet/downloader/Bundle.java]" classname="jmri.util.FileLineEndingsTest" time="0.001"/>
  <testcase name="lineEndings[./java/src/jmri/jmrix/loconet/se8/SE8Panel.java]" classname="jmri.util.FileLineEndingsTest" time="0.001"/>
  <testcase name="lineEndings[./java/src/jmri/jmrix/loconet/se8/Bundle.java]" classname="jmri.util.FileLineEndingsTest" time="0"/>
  <testcase name="lineEndings[./java/src/jmri/jmrix/loconet/Intellibox/ConnectionConfig.java]" classname="jmri.util.FileLineEndingsTest" time="0.001"/>
  <testcase name="lineEndings[./java/src/jmri/jmrix/loconet/Intellibox/configurexml/ConnectionConfigXml.java]" classname="jmri.util.FileLineEndingsTest" time="0.001"/>
  <testcase name="lineEndings[./java/src/jmri/jmrix/loconet/Intellibox/IbxConnectionTypeList.java]" classname="jmri.util.FileLineEndingsTest" time="0.001"/>
  <testcase name="lineEndings[./java/src/jmri/jmrix/loconet/Intellibox/package-info.java]" classname="jmri.util.FileLineEndingsTest" time="0"/>
  <testcase name="lineEndings[./java/src/jmri/jmrix/loconet/Intellibox/IBLnPacketizer.java]" classname="jmri.util.FileLineEndingsTest" time="0.001"/>
  <testcase name="lineEndings[./java/src/jmri/jmrix/loconet/Intellibox/IntelliboxAdapter.java]" classname="jmri.util.FileLineEndingsTest" time="0.001"/>
  <testcase name="lineEndings[./java/src/jmri/jmrix/loconet/Intellibox/Bundle.java]" classname="jmri.util.FileLineEndingsTest" time="0.001"/>
  <testcase name="lineEndings[./java/src/jmri/jmrix/loconet/LNCPSignalMast.java]" classname="jmri.util.FileLineEndingsTest" time="0.001"/>
  <testcase name="lineEndings[./java/src/jmri/jmrix/loconet/LnConstants.java]" classname="jmri.util.FileLineEndingsTest" time="0"/>
  <testcase name="lineEndings[./java/src/jmri/jmrix/loconet/hexfile/configurexml/ConnectionConfigXml.java]" classname="jmri.util.FileLineEndingsTest" time="0.001"/>
  <testcase name="lineEndings[./java/src/jmri/jmrix/loconet/hexfile/configurexml/LnSensorManagerXml.java]" classname="jmri.util.FileLineEndingsTest" time="0.001"/>
  <testcase name="lineEndings[./java/src/jmri/jmrix/loconet/hexfile/HexFileServer.java]" classname="jmri.util.FileLineEndingsTest" time="0.001"/>
  <testcase name="lineEndings[./java/src/jmri/jmrix/loconet/hexfile/LnSensorManager.java]" classname="jmri.util.FileLineEndingsTest" time="0"/>
  <testcase name="lineEndings[./java/src/jmri/jmrix/loconet/hexfile/LocoNetSystemConnectionMemo.java]" classname="jmri.util.FileLineEndingsTest" time="0.001"/>
  <testcase name="lineEndings[./java/src/jmri/jmrix/loconet/hexfile/HexFileFrame.java]" classname="jmri.util.FileLineEndingsTest" time="0.001"/>
  <testcase name="lineEndings[./java/src/jmri/jmrix/loconet/hexfile/ConnectionConfig.java]" classname="jmri.util.FileLineEndingsTest" time="0.001"/>
  <testcase name="lineEndings[./java/src/jmri/jmrix/loconet/hexfile/LnHexFilePort.java]" classname="jmri.util.FileLineEndingsTest" time="0.001"/>
  <testcase name="lineEndings[./java/src/jmri/jmrix/loconet/hexfile/Bundle.java]" classname="jmri.util.FileLineEndingsTest" time="0"/>
  <testcase name="lineEndings[./java/src/jmri/jmrix/loconet/hexfile/LnHexFileAction.java]" classname="jmri.util.FileLineEndingsTest" time="0.001"/>
  <testcase name="lineEndings[./java/src/jmri/jmrix/loconet/LocoNetThrottledTransmitter.java]" classname="jmri.util.FileLineEndingsTest" time="0.001"/>
  <testcase name="lineEndings[./java/src/jmri/jmrix/loconet/LocoNetMessageException.java]" classname="jmri.util.FileLineEndingsTest" time="0.001"/>
  <testcase name="lineEndings[./java/src/jmri/jmrix/loconet/LnTurnout.java]" classname="jmri.util.FileLineEndingsTest" time="0"/>
  <testcase name="lineEndings[./java/src/jmri/jmrix/loconet/Ib2ThrottleManager.java]" classname="jmri.util.FileLineEndingsTest" time="0.001"/>
  <testcase name="lineEndings[./java/src/jmri/jmrix/loconet/ms100/ConnectionConfig.java]" classname="jmri.util.FileLineEndingsTest" time="0.001"/>
  <testcase name="lineEndings[./java/src/jmri/jmrix/loconet/ms100/MS100Adapter.java]" classname="jmri.util.FileLineEndingsTest" time="0.001"/>
  <testcase name="lineEndings[./java/src/jmri/jmrix/loconet/ms100/configurexml/ConnectionConfigXml.java]" classname="jmri.util.FileLineEndingsTest" time="0"/>
  <testcase name="lineEndings[./java/src/jmri/jmrix/loconet/ms100/Bundle.java]" classname="jmri.util.FileLineEndingsTest" time="0.001"/>
  <testcase name="lineEndings[./java/src/jmri/jmrix/loconet/configurexml/LnReporterManagerXml.java]" classname="jmri.util.FileLineEndingsTest" time="0.001"/>
  <testcase name="lineEndings[./java/src/jmri/jmrix/loconet/configurexml/LnTurnoutManagerXml.java]" classname="jmri.util.FileLineEndingsTest" time="0.001"/>
  <testcase name="lineEndings[./java/src/jmri/jmrix/loconet/configurexml/LnSensorManagerXml.java]" classname="jmri.util.FileLineEndingsTest" time="0"/>
  <testcase name="lineEndings[./java/src/jmri/jmrix/loconet/configurexml/LNCPSignalMastXml.java]" classname="jmri.util.FileLineEndingsTest" time="0.001"/>
  <testcase name="lineEndings[./java/src/jmri/jmrix/loconet/configurexml/SE8cSignalHeadXml.java]" classname="jmri.util.FileLineEndingsTest" time="0.001"/>
  <testcase name="lineEndings[./java/src/jmri/jmrix/loconet/configurexml/LnLightManagerXml.java]" classname="jmri.util.FileLineEndingsTest" time="0.001"/>
  <testcase name="lineEndings[./java/src/jmri/jmrix/loconet/locoio/LocoIOTableModel.java]" classname="jmri.util.FileLineEndingsTest" time="0.001"/>
  <testcase name="lineEndings[./java/src/jmri/jmrix/loconet/locoio/Bundle.java]" classname="jmri.util.FileLineEndingsTest" time="0"/>
  <testcase name="lineEndings[./java/src/jmri/jmrix/loconet/locoio/LocoIOData.java]" classname="jmri.util.FileLineEndingsTest" time="0.001"/>
  <testcase name="lineEndings[./java/src/jmri/jmrix/loconet/locoio/LocoIO.java]" classname="jmri.util.FileLineEndingsTest" time="0.001"/>
  <testcase name="lineEndings[./java/src/jmri/jmrix/loconet/locoio/LocoIOPanel.java]" classname="jmri.util.FileLineEndingsTest" time="0.001"/>
  <testcase name="lineEndings[./java/src/jmri/jmrix/loconet/locoio/LocoIOMode.java]" classname="jmri.util.FileLineEndingsTest" time="0"/>
  <testcase name="lineEndings[./java/src/jmri/jmrix/loconet/locoio/LocoIOModeList.java]" classname="jmri.util.FileLineEndingsTest" time="0.001"/>
  <testcase name="lineEndings[./java/src/jmri/jmrix/loconet/Ib1ThrottleManager.java]" classname="jmri.util.FileLineEndingsTest" time="0.001"/>
  <testcase name="lineEndings[./java/src/jmri/jmrix/loconet/locoid/LocoIdPanel.java]" classname="jmri.util.FileLineEndingsTest" time="0.001"/>
  <testcase name="lineEndings[./java/src/jmri/jmrix/loconet/locoid/Bundle.java]" classname="jmri.util.FileLineEndingsTest" time="0.001"/>
  <testcase name="lineEndings[./java/src/jmri/jmrix/loconet/LnLightManager.java]" classname="jmri.util.FileLineEndingsTest" time="0"/>
  <testcase name="lineEndings[./java/src/jmri/jmrix/loconet/LnLight.java]" classname="jmri.util.FileLineEndingsTest" time="0.001"/>
  <testcase name="lineEndings[./java/src/jmri/jmrix/loconet/streamport/LnStreamPortPacketizer.java]" classname="jmri.util.FileLineEndingsTest" time="0.001"/>
  <testcase name="lineEndings[./java/src/jmri/jmrix/loconet/streamport/Bundle.java]" classname="jmri.util.FileLineEndingsTest" time="0.001"/>
  <testcase name="lineEndings[./java/src/jmri/jmrix/loconet/streamport/LnStreamPortController.java]" classname="jmri.util.FileLineEndingsTest" time="0.001"/>
  <testcase name="lineEndings[./java/src/jmri/jmrix/loconet/slotmon/SlotMonDataModel.java]" classname="jmri.util.FileLineEndingsTest" time="0"/>
  <testcase name="lineEndings[./java/src/jmri/jmrix/loconet/slotmon/Bundle.java]" classname="jmri.util.FileLineEndingsTest" time="0.001"/>
  <testcase name="lineEndings[./java/src/jmri/jmrix/loconet/slotmon/SlotMonPane.java]" classname="jmri.util.FileLineEndingsTest" time="0.001"/>
  <testcase name="lineEndings[./java/src/jmri/jmrix/loconet/Bundle.java]" classname="jmri.util.FileLineEndingsTest" time="0.001"/>
  <testcase name="lineEndings[./java/src/jmri/jmrix/loconet/bdl16/BDL16Panel.java]" classname="jmri.util.FileLineEndingsTest" time="0"/>
  <testcase name="lineEndings[./java/src/jmri/jmrix/loconet/bdl16/Bundle.java]" classname="jmri.util.FileLineEndingsTest" time="0"/>
  <testcase name="lineEndings[./java/src/jmri/jmrix/loconet/LocoNetMessage.java]" classname="jmri.util.FileLineEndingsTest" time="0.001"/>
  <testcase name="lineEndings[./java/src/jmri/jmrix/loconet/LnReporter.java]" classname="jmri.util.FileLineEndingsTest" time="0.001"/>
  <testcase name="lineEndings[./java/src/jmri/jmrix/loconet/LnClockControl.java]" classname="jmri.util.FileLineEndingsTest" time="0.001"/>
  <testcase name="lineEndings[./java/src/jmri/jmrix/loconet/LnSensor.java]" classname="jmri.util.FileLineEndingsTest" time="0"/>
  <testcase name="lineEndings[./java/src/jmri/jmrix/loconet/UhlenbrockSlotManager.java]" classname="jmri.util.FileLineEndingsTest" time="0.001"/>
  <testcase name="lineEndings[./java/src/jmri/jmrix/loconet/Ib1Throttle.java]" classname="jmri.util.FileLineEndingsTest" time="0.001"/>
  <testcase name="lineEndings[./java/src/jmri/jmrix/loconet/SlotListener.java]" classname="jmri.util.FileLineEndingsTest" time="0.001"/>
  <testcase name="lineEndings[./java/src/jmri/jmrix/loconet/LnTurnoutManager.java]" classname="jmri.util.FileLineEndingsTest" time="0"/>
  <testcase name="lineEndings[./java/src/jmri/jmrix/loconet/pm4/PM4Panel.java]" classname="jmri.util.FileLineEndingsTest" time="0"/>
  <testcase name="lineEndings[./java/src/jmri/jmrix/loconet/pm4/Bundle.java]" classname="jmri.util.FileLineEndingsTest" time="0.001"/>
  <testcase name="lineEndings[./java/src/jmri/jmrix/loconet/locobufferusb/configurexml/ConnectionConfigXml.java]" classname="jmri.util.FileLineEndingsTest" time="0.001"/>
  <testcase name="lineEndings[./java/src/jmri/jmrix/loconet/locobufferusb/LocoBufferUsbAdapter.java]" classname="jmri.util.FileLineEndingsTest" time="0.001"/>
  <testcase name="lineEndings[./java/src/jmri/jmrix/loconet/locobufferusb/ConnectionConfig.java]" classname="jmri.util.FileLineEndingsTest" time="0"/>
  <testcase name="lineEndings[./java/src/jmri/jmrix/loconet/locobufferusb/Bundle.java]" classname="jmri.util.FileLineEndingsTest" time="0.001"/>
  <testcase name="lineEndings[./java/src/jmri/jmrix/loconet/LocoNetConsistManager.java]" classname="jmri.util.FileLineEndingsTest" time="0.001"/>
  <testcase name="lineEndings[./java/src/jmri/jmrix/loconet/LocoNetSystemConnectionMemo.java]" classname="jmri.util.FileLineEndingsTest" time="0.001"/>
  <testcase name="lineEndings[./java/src/jmri/jmrix/loconet/LnTrafficRouter.java]" classname="jmri.util.FileLineEndingsTest" time="0"/>
  <testcase name="lineEndings[./java/src/jmri/jmrix/loconet/CsOpSwAccess.java]" classname="jmri.util.FileLineEndingsTest" time="0.001"/>
  <testcase name="lineEndings[./java/src/jmri/jmrix/loconet/LnOpsModeProgrammer.java]" classname="jmri.util.FileLineEndingsTest" time="0.001"/>
  <testcase name="lineEndings[./java/src/jmri/jmrix/loconet/LnConnectionTypeList.java]" classname="jmri.util.FileLineEndingsTest" time="0.001"/>
  <testcase name="lineEndings[./java/src/jmri/jmrix/loconet/LocoNetException.java]" classname="jmri.util.FileLineEndingsTest" time="0.001"/>
  <testcase name="lineEndings[./java/src/jmri/jmrix/loconet/swing/throttlemsg/MessagePanel.java]" classname="jmri.util.FileLineEndingsTest" time="0"/>
  <testcase name="lineEndings[./java/src/jmri/jmrix/loconet/swing/throttlemsg/Bundle.java]" classname="jmri.util.FileLineEndingsTest" time="0.001"/>
  <testcase name="lineEndings[./java/src/jmri/jmrix/loconet/swing/LnPanel.java]" classname="jmri.util.FileLineEndingsTest" time="0.001"/>
  <testcase name="lineEndings[./java/src/jmri/jmrix/loconet/swing/LnComponentFactory.java]" classname="jmri.util.FileLineEndingsTest" time="0.001"/>
  <testcase name="lineEndings[./java/src/jmri/jmrix/loconet/swing/LocoNetMenu.java]" classname="jmri.util.FileLineEndingsTest" time="0"/>
  <testcase name="lineEndings[./java/src/jmri/jmrix/loconet/swing/LnPanelInterface.java]" classname="jmri.util.FileLineEndingsTest" time="0.001"/>
  <testcase name="lineEndings[./java/src/jmri/jmrix/loconet/swing/LnNamedPaneAction.java]" classname="jmri.util.FileLineEndingsTest" time="0.001"/>
  <testcase name="lineEndings[./java/src/jmri/jmrix/loconet/swing/Bundle.java]" classname="jmri.util.FileLineEndingsTest" time="0.001"/>
  <testcase name="lineEndings[./java/src/jmri/jmrix/loconet/LocoNetThrottle.java]" classname="jmri.util.FileLineEndingsTest" time="0"/>
  <testcase name="lineEndings[./java/src/jmri/jmrix/loconet/Ib2Throttle.java]" classname="jmri.util.FileLineEndingsTest" time="0.001"/>
  <testcase name="lineEndings[./java/src/jmri/jmrix/loconet/AbstractBoardProgPanel.java]" classname="jmri.util.FileLineEndingsTest" time="0.001"/>
  <testcase name="lineEndings[./java/src/jmri/jmrix/loconet/LnPacketizerStrict.java]" classname="jmri.util.FileLineEndingsTest" time="0.001"/>
  <testcase name="lineEndings[./java/src/jmri/jmrix/loconet/clockmon/ClockMonPane.java]" classname="jmri.util.FileLineEndingsTest" time="0.001"/>
  <testcase name="lineEndings[./java/src/jmri/jmrix/loconet/clockmon/Bundle.java]" classname="jmri.util.FileLineEndingsTest" time="0"/>
  <testcase name="lineEndings[./java/src/jmri/jmrix/loconet/LnReporterManager.java]" classname="jmri.util.FileLineEndingsTest" time="0.001"/>
  <testcase name="lineEndings[./java/src/jmri/jmrix/loconet/spjfile/SpjFile.java]" classname="jmri.util.FileLineEndingsTest" time="0.001"/>
  <testcase name="lineEndings[./java/src/jmri/jmrix/loconet/lnsvf2/Bundle.java]" classname="jmri.util.FileLineEndingsTest" time="0.001"/>
  <testcase name="lineEndings[./java/src/jmri/jmrix/loconet/lnsvf2/LnSv2MessageContents.java]" classname="jmri.util.FileLineEndingsTest" time="0.001"/>
  <testcase name="lineEndings[./java/src/jmri/jmrix/loconet/AbstractAlmImplementation.java]" classname="jmri.util.FileLineEndingsTest" time="0"/>
  <testcase name="lineEndings[./java/src/jmri/jmrix/loconet/LnProgrammerManager.java]" classname="jmri.util.FileLineEndingsTest" time="0.001"/>
  <testcase name="lineEndings[./java/src/jmri/jmrix/loconet/LnMessageManager.java]" classname="jmri.util.FileLineEndingsTest" time="0.001"/>
  <testcase name="lineEndings[./java/src/jmri/jmrix/loconet/LnPr2ThrottleManager.java]" classname="jmri.util.FileLineEndingsTest" time="0.001"/>
  <testcase name="lineEndings[./java/src/jmri/jmrix/loconet/LnCommandStationType.java]" classname="jmri.util.FileLineEndingsTest" time="0"/>
  <testcase name="lineEndings[./java/src/jmri/jmrix/lenz/li100f/configurexml/ConnectionConfigXml.java]" classname="jmri.util.FileLineEndingsTest" time="0"/>
  <testcase name="lineEndings[./java/src/jmri/jmrix/lenz/li100f/ConnectionConfig.java]" classname="jmri.util.FileLineEndingsTest" time="0.001"/>
  <testcase name="lineEndings[./java/src/jmri/jmrix/lenz/li100f/LI100fAdapter.java]" classname="jmri.util.FileLineEndingsTest" time="0.001"/>
  <testcase name="lineEndings[./java/src/jmri/jmrix/lenz/li100f/Bundle.java]" classname="jmri.util.FileLineEndingsTest" time="0.001"/>
  <testcase name="lineEndings[./java/src/jmri/jmrix/lenz/swing/lz100/LZ100InternalFrame.java]" classname="jmri.util.FileLineEndingsTest" time="0"/>
  <testcase name="lineEndings[./java/src/jmri/jmrix/lenz/swing/lz100/LZ100Frame.java]" classname="jmri.util.FileLineEndingsTest" time="0.001"/>
  <testcase name="lineEndings[./java/src/jmri/jmrix/lenz/swing/lz100/LZ100Action.java]" classname="jmri.util.FileLineEndingsTest" time="0.001"/>
  <testcase name="lineEndings[./java/src/jmri/jmrix/lenz/swing/lz100/Bundle.java]" classname="jmri.util.FileLineEndingsTest" time="0.001"/>
  <testcase name="lineEndings[./java/src/jmri/jmrix/lenz/swing/stackmon/Bundle.java]" classname="jmri.util.FileLineEndingsTest" time="0"/>
  <testcase name="lineEndings[./java/src/jmri/jmrix/lenz/swing/stackmon/StackMonDataModel.java]" classname="jmri.util.FileLineEndingsTest" time="0.001"/>
  <testcase name="lineEndings[./java/src/jmri/jmrix/lenz/swing/stackmon/StackMonAction.java]" classname="jmri.util.FileLineEndingsTest" time="0.001"/>
  <testcase name="lineEndings[./java/src/jmri/jmrix/lenz/swing/stackmon/StackMonFrame.java]" classname="jmri.util.FileLineEndingsTest" time="0.001"/>
  <testcase name="lineEndings[./java/src/jmri/jmrix/lenz/swing/lzv100/LZV100Action.java]" classname="jmri.util.FileLineEndingsTest" time="0.001"/>
  <testcase name="lineEndings[./java/src/jmri/jmrix/lenz/swing/lzv100/Bundle.java]" classname="jmri.util.FileLineEndingsTest" time="0"/>
  <testcase name="lineEndings[./java/src/jmri/jmrix/lenz/swing/lzv100/LZV100Frame.java]" classname="jmri.util.FileLineEndingsTest" time="0.001"/>
  <testcase name="lineEndings[./java/src/jmri/jmrix/lenz/swing/lv102/LV102Action.java]" classname="jmri.util.FileLineEndingsTest" time="0.001"/>
  <testcase name="lineEndings[./java/src/jmri/jmrix/lenz/swing/lv102/LV102InternalFrame.java]" classname="jmri.util.FileLineEndingsTest" time="0.001"/>
  <testcase name="lineEndings[./java/src/jmri/jmrix/lenz/swing/lv102/LV102Frame.java]" classname="jmri.util.FileLineEndingsTest" time="0"/>
  <testcase name="lineEndings[./java/src/jmri/jmrix/lenz/swing/lv102/Bundle.java]" classname="jmri.util.FileLineEndingsTest" time="0.001"/>
  <testcase name="lineEndings[./java/src/jmri/jmrix/lenz/swing/XNetMenu.java]" classname="jmri.util.FileLineEndingsTest" time="0.001"/>
  <testcase name="lineEndings[./java/src/jmri/jmrix/lenz/swing/li101/LI101Action.java]" classname="jmri.util.FileLineEndingsTest" time="0.001"/>
  <testcase name="lineEndings[./java/src/jmri/jmrix/lenz/swing/li101/Bundle.java]" classname="jmri.util.FileLineEndingsTest" time="0"/>
  <testcase name="lineEndings[./java/src/jmri/jmrix/lenz/swing/li101/LI101Frame.java]" classname="jmri.util.FileLineEndingsTest" time="0"/>
  <testcase name="lineEndings[./java/src/jmri/jmrix/lenz/swing/packetgen/PacketGenFrame.java]" classname="jmri.util.FileLineEndingsTest" time="0.001"/>
  <testcase name="lineEndings[./java/src/jmri/jmrix/lenz/swing/packetgen/Bundle.java]" classname="jmri.util.FileLineEndingsTest" time="0.001"/>
  <testcase name="lineEndings[./java/src/jmri/jmrix/lenz/swing/packetgen/PacketGenAction.java]" classname="jmri.util.FileLineEndingsTest" time="0.001"/>
  <testcase name="lineEndings[./java/src/jmri/jmrix/lenz/swing/mon/Bundle.java]" classname="jmri.util.FileLineEndingsTest" time="0.001"/>
  <testcase name="lineEndings[./java/src/jmri/jmrix/lenz/swing/mon/XNetMonPane.java]" classname="jmri.util.FileLineEndingsTest" time="0"/>
  <testcase name="lineEndings[./java/src/jmri/jmrix/lenz/swing/mon/XNetMonAction.java]" classname="jmri.util.FileLineEndingsTest" time="0.001"/>
  <testcase name="lineEndings[./java/src/jmri/jmrix/lenz/swing/systeminfo/Bundle.java]" classname="jmri.util.FileLineEndingsTest" time="0.001"/>
  <testcase name="lineEndings[./java/src/jmri/jmrix/lenz/swing/systeminfo/SystemInfoAction.java]" classname="jmri.util.FileLineEndingsTest" time="0.001"/>
  <testcase name="lineEndings[./java/src/jmri/jmrix/lenz/swing/systeminfo/SystemInfoFrame.java]" classname="jmri.util.FileLineEndingsTest" time="0.001"/>
  <testcase name="lineEndings[./java/src/jmri/jmrix/lenz/swing/liusb/Bundle.java]" classname="jmri.util.FileLineEndingsTest" time="0"/>
  <testcase name="lineEndings[./java/src/jmri/jmrix/lenz/swing/liusb/LIUSBConfigFrame.java]" classname="jmri.util.FileLineEndingsTest" time="0.001"/>
  <testcase name="lineEndings[./java/src/jmri/jmrix/lenz/swing/liusb/LIUSBConfigAction.java]" classname="jmri.util.FileLineEndingsTest" time="0.001"/>
  <testcase name="lineEndings[./java/src/jmri/jmrix/lenz/swing/AbstractXPressNetAction.java]" classname="jmri.util.FileLineEndingsTest" time="0.001"/>
  <testcase name="lineEndings[./java/src/jmri/jmrix/lenz/swing/Bundle.java]" classname="jmri.util.FileLineEndingsTest" time="0"/>
  <testcase name="lineEndings[./java/src/jmri/jmrix/lenz/swing/XNetComponentFactory.java]" classname="jmri.util.FileLineEndingsTest" time="0.001"/>
  <testcase name="lineEndings[./java/src/jmri/jmrix/lenz/xnetsimulator/XNetSimulatorAdapter.java]" classname="jmri.util.FileLineEndingsTest" time="0.001"/>
  <testcase name="lineEndings[./java/src/jmri/jmrix/lenz/xnetsimulator/ConnectionConfig.java]" classname="jmri.util.FileLineEndingsTest" time="0.001"/>
  <testcase name="lineEndings[./java/src/jmri/jmrix/lenz/xnetsimulator/configurexml/ConnectionConfigXml.java]" classname="jmri.util.FileLineEndingsTest" time="0"/>
  <testcase name="lineEndings[./java/src/jmri/jmrix/lenz/xnetsimulator/Bundle.java]" classname="jmri.util.FileLineEndingsTest" time="0"/>
  <testcase name="lineEndings[./java/src/jmri/jmrix/lenz/li101/LI101Adapter.java]" classname="jmri.util.FileLineEndingsTest" time="0.001"/>
  <testcase name="lineEndings[./java/src/jmri/jmrix/lenz/li101/Bundle.java]" classname="jmri.util.FileLineEndingsTest" time="0.001"/>
  <testcase name="lineEndings[./java/src/jmri/jmrix/lenz/li101/configurexml/ConnectionConfigXml.java]" classname="jmri.util.FileLineEndingsTest" time="0.001"/>
  <testcase name="lineEndings[./java/src/jmri/jmrix/lenz/li101/ConnectionConfig.java]" classname="jmri.util.FileLineEndingsTest" time="0"/>
  <testcase name="lineEndings[./java/src/jmri/jmrix/lenz/XNetMessageException.java]" classname="jmri.util.FileLineEndingsTest" time="0.001"/>
  <testcase name="lineEndings[./java/src/jmri/jmrix/lenz/XNetTurnoutManager.java]" classname="jmri.util.FileLineEndingsTest" time="0.001"/>
  <testcase name="lineEndings[./java/src/jmri/jmrix/lenz/XNetProgrammer.java]" classname="jmri.util.FileLineEndingsTest" time="0.001"/>
  <testcase name="lineEndings[./java/src/jmri/jmrix/lenz/xntcp/XnTcpXNetPacketizer.java]" classname="jmri.util.FileLineEndingsTest" time="0"/>
  <testcase name="lineEndings[./java/src/jmri/jmrix/lenz/xntcp/configurexml/ConnectionConfigXml.java]" classname="jmri.util.FileLineEndingsTest" time="0.001"/>
  <testcase name="lineEndings[./java/src/jmri/jmrix/lenz/xntcp/XnTcpAdapter.java]" classname="jmri.util.FileLineEndingsTest" time="0.001"/>
  <testcase name="lineEndings[./java/src/jmri/jmrix/lenz/xntcp/Bundle.java]" classname="jmri.util.FileLineEndingsTest" time="0.001"/>
  <testcase name="lineEndings[./java/src/jmri/jmrix/lenz/xntcp/ConnectionConfig.java]" classname="jmri.util.FileLineEndingsTest" time="0.001"/>
  <testcase name="lineEndings[./java/src/jmri/jmrix/lenz/configurexml/XNetLightManagerXml.java]" classname="jmri.util.FileLineEndingsTest" time="0"/>
  <testcase name="lineEndings[./java/src/jmri/jmrix/lenz/configurexml/XNetTurnoutManagerXml.java]" classname="jmri.util.FileLineEndingsTest" time="0.001"/>
  <testcase name="lineEndings[./java/src/jmri/jmrix/lenz/configurexml/XNetSensorManagerXml.java]" classname="jmri.util.FileLineEndingsTest" time="0.001"/>
  <testcase name="lineEndings[./java/src/jmri/jmrix/lenz/configurexml/AbstractXNetSerialConnectionConfigXml.java]" classname="jmri.util.FileLineEndingsTest" time="0.001"/>
  <testcase name="lineEndings[./java/src/jmri/jmrix/lenz/hornbyelite/EliteXNetThrottleManager.java]" classname="jmri.util.FileLineEndingsTest" time="0"/>
  <testcase name="lineEndings[./java/src/jmri/jmrix/lenz/hornbyelite/configurexml/EliteXNetTurnoutManagerXml.java]" classname="jmri.util.FileLineEndingsTest" time="0.001"/>
  <testcase name="lineEndings[./java/src/jmri/jmrix/lenz/hornbyelite/configurexml/ConnectionConfigXml.java]" classname="jmri.util.FileLineEndingsTest" time="0.001"/>
  <testcase name="lineEndings[./java/src/jmri/jmrix/lenz/hornbyelite/EliteXNetProgrammer.java]" classname="jmri.util.FileLineEndingsTest" time="0.001"/>
  <testcase name="lineEndings[./java/src/jmri/jmrix/lenz/hornbyelite/EliteXNetThrottle.java]" classname="jmri.util.FileLineEndingsTest" time="0"/>
  <testcase name="lineEndings[./java/src/jmri/jmrix/lenz/hornbyelite/ConnectionConfig.java]" classname="jmri.util.FileLineEndingsTest" time="0.001"/>
  <testcase name="lineEndings[./java/src/jmri/jmrix/lenz/hornbyelite/EliteConnectionTypeList.java]" classname="jmri.util.FileLineEndingsTest" time="0.001"/>
  <testcase name="lineEndings[./java/src/jmri/jmrix/lenz/hornbyelite/EliteXNetTurnout.java]" classname="jmri.util.FileLineEndingsTest" time="0.001"/>
  <testcase name="lineEndings[./java/src/jmri/jmrix/lenz/hornbyelite/EliteXNetTurnoutManager.java]" classname="jmri.util.FileLineEndingsTest" time="0"/>
  <testcase name="lineEndings[./java/src/jmri/jmrix/lenz/hornbyelite/HornbyEliteCommandStation.java]" classname="jmri.util.FileLineEndingsTest" time="0.001"/>
  <testcase name="lineEndings[./java/src/jmri/jmrix/lenz/hornbyelite/Bundle.java]" classname="jmri.util.FileLineEndingsTest" time="0.001"/>
  <testcase name="lineEndings[./java/src/jmri/jmrix/lenz/hornbyelite/EliteXNetInitializationManager.java]" classname="jmri.util.FileLineEndingsTest" time="0.001"/>
  <testcase name="lineEndings[./java/src/jmri/jmrix/lenz/hornbyelite/EliteXNetSystemConnectionMemo.java]" classname="jmri.util.FileLineEndingsTest" time="0.001"/>
  <testcase name="lineEndings[./java/src/jmri/jmrix/lenz/hornbyelite/EliteAdapter.java]" classname="jmri.util.FileLineEndingsTest" time="0"/>
  <testcase name="lineEndings[./java/src/jmri/jmrix/lenz/XNetPortController.java]" classname="jmri.util.FileLineEndingsTest" time="0.001"/>
  <testcase name="lineEndings[./java/src/jmri/jmrix/lenz/XNetConsistManager.java]" classname="jmri.util.FileLineEndingsTest" time="0.001"/>
  <testcase name="lineEndings[./java/src/jmri/jmrix/lenz/XNetException.java]" classname="jmri.util.FileLineEndingsTest" time="0.001"/>
  <testcase name="lineEndings[./java/src/jmri/jmrix/lenz/XNetSimulatorPortController.java]" classname="jmri.util.FileLineEndingsTest" time="0"/>
  <testcase name="lineEndings[./java/src/jmri/jmrix/lenz/li100/Bundle.java]" classname="jmri.util.FileLineEndingsTest" time="0.001"/>
  <testcase name="lineEndings[./java/src/jmri/jmrix/lenz/li100/ConnectionConfig.java]" classname="jmri.util.FileLineEndingsTest" time="0.001"/>
  <testcase name="lineEndings[./java/src/jmri/jmrix/lenz/li100/LI100XNetPacketizer.java]" classname="jmri.util.FileLineEndingsTest" time="0.001"/>
  <testcase name="lineEndings[./java/src/jmri/jmrix/lenz/li100/LI100XNetProgrammer.java]" classname="jmri.util.FileLineEndingsTest" time="0.001"/>
  <testcase name="lineEndings[./java/src/jmri/jmrix/lenz/li100/LI100Adapter.java]" classname="jmri.util.FileLineEndingsTest" time="0"/>
  <testcase name="lineEndings[./java/src/jmri/jmrix/lenz/li100/configurexml/ConnectionConfigXml.java]" classname="jmri.util.FileLineEndingsTest" time="0.001"/>
  <testcase name="lineEndings[./java/src/jmri/jmrix/lenz/li100/LI100XNetInitializationManager.java]" classname="jmri.util.FileLineEndingsTest" time="0.001"/>
  <testcase name="lineEndings[./java/src/jmri/jmrix/lenz/liusbethernet/ConnectionConfig.java]" classname="jmri.util.FileLineEndingsTest" time="0.001"/>
  <testcase name="lineEndings[./java/src/jmri/jmrix/lenz/liusbethernet/LIUSBEthernetXNetPacketizer.java]" classname="jmri.util.FileLineEndingsTest" time="0"/>
  <testcase name="lineEndings[./java/src/jmri/jmrix/lenz/liusbethernet/configurexml/ConnectionConfigXml.java]" classname="jmri.util.FileLineEndingsTest" time="0.001"/>
  <testcase name="lineEndings[./java/src/jmri/jmrix/lenz/liusbethernet/Bundle.java]" classname="jmri.util.FileLineEndingsTest" time="0.001"/>
  <testcase name="lineEndings[./java/src/jmri/jmrix/lenz/liusbethernet/LIUSBEthernetAdapter.java]" classname="jmri.util.FileLineEndingsTest" time="0.001"/>
  <testcase name="lineEndings[./java/src/jmri/jmrix/lenz/Bundle.java]" classname="jmri.util.FileLineEndingsTest" time="0"/>
  <testcase name="lineEndings[./java/src/jmri/jmrix/lenz/XNetTimeSlotListener.java]" classname="jmri.util.FileLineEndingsTest" time="0.001"/>
  <testcase name="lineEndings[./java/src/jmri/jmrix/lenz/LenzCommandStation.java]" classname="jmri.util.FileLineEndingsTest" time="0.001"/>
  <testcase name="lineEndings[./java/src/jmri/jmrix/lenz/XNetPowerManager.java]" classname="jmri.util.FileLineEndingsTest" time="0.001"/>
  <testcase name="lineEndings[./java/src/jmri/jmrix/lenz/XNetFeedbackMessageCache.java]" classname="jmri.util.FileLineEndingsTest" time="0.001"/>
  <testcase name="lineEndings[./java/src/jmri/jmrix/lenz/XNetLightManager.java]" classname="jmri.util.FileLineEndingsTest" time="0"/>
  <testcase name="lineEndings[./java/src/jmri/jmrix/lenz/XNetSystemConnectionMemo.java]" classname="jmri.util.FileLineEndingsTest" time="0.001"/>
  <testcase name="lineEndings[./java/src/jmri/jmrix/lenz/liusb/LIUSBXNetPacketizer.java]" classname="jmri.util.FileLineEndingsTest" time="0.001"/>
  <testcase name="lineEndings[./java/src/jmri/jmrix/lenz/liusb/ConnectionConfig.java]" classname="jmri.util.FileLineEndingsTest" time="0.001"/>
  <testcase name="lineEndings[./java/src/jmri/jmrix/lenz/liusb/Bundle.java]" classname="jmri.util.FileLineEndingsTest" time="0"/>
  <testcase name="lineEndings[./java/src/jmri/jmrix/lenz/liusb/configurexml/ConnectionConfigXml.java]" classname="jmri.util.FileLineEndingsTest" time="0.001"/>
  <testcase name="lineEndings[./java/src/jmri/jmrix/lenz/liusb/LIUSBAdapter.java]" classname="jmri.util.FileLineEndingsTest" time="0.001"/>
  <testcase name="lineEndings[./java/src/jmri/jmrix/lenz/XNetStreamPortController.java]" classname="jmri.util.FileLineEndingsTest" time="0.001"/>
  <testcase name="lineEndings[./java/src/jmri/jmrix/lenz/XNetReply.java]" classname="jmri.util.FileLineEndingsTest" time="0.001"/>
  <testcase name="lineEndings[./java/src/jmri/jmrix/lenz/liusbserver/LIUSBServerAdapter.java]" classname="jmri.util.FileLineEndingsTest" time="0"/>
  <testcase name="lineEndings[./java/src/jmri/jmrix/lenz/liusbserver/LIUSBServerXNetPacketizer.java]" classname="jmri.util.FileLineEndingsTest" time="0.001"/>
  <testcase name="lineEndings[./java/src/jmri/jmrix/lenz/liusbserver/configurexml/ConnectionConfigXml.java]" classname="jmri.util.FileLineEndingsTest" time="0.001"/>
  <testcase name="lineEndings[./java/src/jmri/jmrix/lenz/liusbserver/Bundle.java]" classname="jmri.util.FileLineEndingsTest" time="0.001"/>
  <testcase name="lineEndings[./java/src/jmri/jmrix/lenz/liusbserver/ConnectionConfig.java]" classname="jmri.util.FileLineEndingsTest" time="0"/>
  <testcase name="lineEndings[./java/src/jmri/jmrix/lenz/XNetInterface.java]" classname="jmri.util.FileLineEndingsTest" time="0.001"/>
  <testcase name="lineEndings[./java/src/jmri/jmrix/lenz/XNetLight.java]" classname="jmri.util.FileLineEndingsTest" time="0.001"/>
  <testcase name="lineEndings[./java/src/jmri/jmrix/lenz/XNetNetworkPortController.java]" classname="jmri.util.FileLineEndingsTest" time="0.001"/>
  <testcase name="lineEndings[./java/src/jmri/jmrix/lenz/XNetMessage.java]" classname="jmri.util.FileLineEndingsTest" time="0.001"/>
  <testcase name="lineEndings[./java/src/jmri/jmrix/lenz/XNetConsist.java]" classname="jmri.util.FileLineEndingsTest" time="0.001"/>
  <testcase name="lineEndings[./java/src/jmri/jmrix/lenz/XNetAddress.java]" classname="jmri.util.FileLineEndingsTest" time="0"/>
  <testcase name="lineEndings[./java/src/jmri/jmrix/lenz/XNetSensorManager.java]" classname="jmri.util.FileLineEndingsTest" time="0.001"/>
  <testcase name="lineEndings[./java/src/jmri/jmrix/lenz/XNetTrafficController.java]" classname="jmri.util.FileLineEndingsTest" time="0.001"/>
  <testcase name="lineEndings[./java/src/jmri/jmrix/lenz/XNetInitializationManager.java]" classname="jmri.util.FileLineEndingsTest" time="0.001"/>
  <testcase name="lineEndings[./java/src/jmri/jmrix/lenz/XNetTrafficRouter.java]" classname="jmri.util.FileLineEndingsTest" time="0"/>
  <testcase name="lineEndings[./java/src/jmri/jmrix/lenz/XNetTurnout.java]" classname="jmri.util.FileLineEndingsTest" time="0.001"/>
  <testcase name="lineEndings[./java/src/jmri/jmrix/lenz/XNetSensor.java]" classname="jmri.util.FileLineEndingsTest" time="0.001"/>
  <testcase name="lineEndings[./java/src/jmri/jmrix/lenz/ztc640/ConnectionConfig.java]" classname="jmri.util.FileLineEndingsTest" time="0.001"/>
  <testcase name="lineEndings[./java/src/jmri/jmrix/lenz/ztc640/ZTC640Adapter.java]" classname="jmri.util.FileLineEndingsTest" time="0.001"/>
  <testcase name="lineEndings[./java/src/jmri/jmrix/lenz/ztc640/Bundle.java]" classname="jmri.util.FileLineEndingsTest" time="0"/>
  <testcase name="lineEndings[./java/src/jmri/jmrix/lenz/ztc640/ZTC640XNetPacketizer.java]" classname="jmri.util.FileLineEndingsTest" time="0.001"/>
  <testcase name="lineEndings[./java/src/jmri/jmrix/lenz/ztc640/configurexml/ConnectionConfigXml.java]" classname="jmri.util.FileLineEndingsTest" time="0.001"/>
  <testcase name="lineEndings[./java/src/jmri/jmrix/lenz/AbstractXNetSerialConnectionConfig.java]" classname="jmri.util.FileLineEndingsTest" time="0.001"/>
  <testcase name="lineEndings[./java/src/jmri/jmrix/lenz/XNetProgrammerManager.java]" classname="jmri.util.FileLineEndingsTest" time="0"/>
  <testcase name="lineEndings[./java/src/jmri/jmrix/lenz/XNetOpsModeProgrammer.java]" classname="jmri.util.FileLineEndingsTest" time="0.001"/>
  <testcase name="lineEndings[./java/src/jmri/jmrix/lenz/XNetThrottleManager.java]" classname="jmri.util.FileLineEndingsTest" time="0.001"/>
  <testcase name="lineEndings[./java/src/jmri/jmrix/lenz/XNetConstants.java]" classname="jmri.util.FileLineEndingsTest" time="0.001"/>
  <testcase name="lineEndings[./java/src/jmri/jmrix/lenz/LenzConnectionTypeList.java]" classname="jmri.util.FileLineEndingsTest" time="0"/>
  <testcase name="lineEndings[./java/src/jmri/jmrix/lenz/XNetSerialPortController.java]" classname="jmri.util.FileLineEndingsTest" time="0"/>
  <testcase name="lineEndings[./java/src/jmri/jmrix/lenz/AbstractXNetInitializationManager.java]" classname="jmri.util.FileLineEndingsTest" time="0.001"/>
  <testcase name="lineEndings[./java/src/jmri/jmrix/lenz/XNetThrottle.java]" classname="jmri.util.FileLineEndingsTest" time="0.001"/>
  <testcase name="lineEndings[./java/src/jmri/jmrix/lenz/XNetListener.java]" classname="jmri.util.FileLineEndingsTest" time="0.001"/>
  <testcase name="lineEndings[./java/src/jmri/jmrix/lenz/XNetPacketizer.java]" classname="jmri.util.FileLineEndingsTest" time="0.001"/>
  <testcase name="lineEndings[./java/src/jmri/jmrix/ieee802154/xbee/configurexml/XBeeSensorManagerXml.java]" classname="jmri.util.FileLineEndingsTest" time="0"/>
  <testcase name="lineEndings[./java/src/jmri/jmrix/ieee802154/xbee/configurexml/XBeeTurnoutManagerXml.java]" classname="jmri.util.FileLineEndingsTest" time="0.001"/>
  <testcase name="lineEndings[./java/src/jmri/jmrix/ieee802154/xbee/configurexml/XBeeLightManagerXml.java]" classname="jmri.util.FileLineEndingsTest" time="0.001"/>
  <testcase name="lineEndings[./java/src/jmri/jmrix/ieee802154/xbee/configurexml/ConnectionConfigXml.java]" classname="jmri.util.FileLineEndingsTest" time="0.001"/>
  <testcase name="lineEndings[./java/src/jmri/jmrix/ieee802154/xbee/XBeeAdapter.java]" classname="jmri.util.FileLineEndingsTest" time="0"/>
  <testcase name="lineEndings[./java/src/jmri/jmrix/ieee802154/xbee/XBeeListener.java]" classname="jmri.util.FileLineEndingsTest" time="0.001"/>
  <testcase name="lineEndings[./java/src/jmri/jmrix/ieee802154/xbee/Bundle.java]" classname="jmri.util.FileLineEndingsTest" time="0.001"/>
  <testcase name="lineEndings[./java/src/jmri/jmrix/ieee802154/xbee/swing/nodeconfig/XBeeNodeConfigAction.java]" classname="jmri.util.FileLineEndingsTest" time="0.001"/>
  <testcase name="lineEndings[./java/src/jmri/jmrix/ieee802154/xbee/swing/nodeconfig/XBeeNodeConfigFrame.java]" classname="jmri.util.FileLineEndingsTest" time="0.001"/>
  <testcase name="lineEndings[./java/src/jmri/jmrix/ieee802154/xbee/swing/nodeconfig/Bundle.java]" classname="jmri.util.FileLineEndingsTest" time="0"/>
  <testcase name="lineEndings[./java/src/jmri/jmrix/ieee802154/xbee/swing/nodeconfig/AssignmentTableModel.java]" classname="jmri.util.FileLineEndingsTest" time="0.001"/>
  <testcase name="lineEndings[./java/src/jmri/jmrix/ieee802154/xbee/swing/nodeconfig/XBeeAddNodeFrame.java]" classname="jmri.util.FileLineEndingsTest" time="0.001"/>
  <testcase name="lineEndings[./java/src/jmri/jmrix/ieee802154/xbee/swing/nodeconfig/XBeeEditNodeFrame.java]" classname="jmri.util.FileLineEndingsTest" time="0.001"/>
  <testcase name="lineEndings[./java/src/jmri/jmrix/ieee802154/xbee/swing/Bundle.java]" classname="jmri.util.FileLineEndingsTest" time="0"/>
  <testcase name="lineEndings[./java/src/jmri/jmrix/ieee802154/xbee/swing/XBeeComponentFactory.java]" classname="jmri.util.FileLineEndingsTest" time="0.001"/>
  <testcase name="lineEndings[./java/src/jmri/jmrix/ieee802154/xbee/swing/packetgen/PacketGenAction.java]" classname="jmri.util.FileLineEndingsTest" time="0.001"/>
  <testcase name="lineEndings[./java/src/jmri/jmrix/ieee802154/xbee/swing/packetgen/PacketGenFrame.java]" classname="jmri.util.FileLineEndingsTest" time="0.001"/>
  <testcase name="lineEndings[./java/src/jmri/jmrix/ieee802154/xbee/swing/packetgen/Bundle.java]" classname="jmri.util.FileLineEndingsTest" time="0.001"/>
  <testcase name="lineEndings[./java/src/jmri/jmrix/ieee802154/xbee/swing/XBeeMenu.java]" classname="jmri.util.FileLineEndingsTest" time="0"/>
  <testcase name="lineEndings[./java/src/jmri/jmrix/ieee802154/xbee/XBeeNode.java]" classname="jmri.util.FileLineEndingsTest" time="0.001"/>
  <testcase name="lineEndings[./java/src/jmri/jmrix/ieee802154/xbee/XBeeInterface.java]" classname="jmri.util.FileLineEndingsTest" time="0.001"/>
  <testcase name="lineEndings[./java/src/jmri/jmrix/ieee802154/xbee/XBeeSensor.java]" classname="jmri.util.FileLineEndingsTest" time="0.001"/>
  <testcase name="lineEndings[./java/src/jmri/jmrix/ieee802154/xbee/XBeeTrafficController.java]" classname="jmri.util.FileLineEndingsTest" time="0"/>
  <testcase name="lineEndings[./java/src/jmri/jmrix/ieee802154/xbee/XBeeTurnoutManager.java]" classname="jmri.util.FileLineEndingsTest" time="0"/>
  <testcase name="lineEndings[./java/src/jmri/jmrix/ieee802154/xbee/XBeeReply.java]" classname="jmri.util.FileLineEndingsTest" time="0.001"/>
  <testcase name="lineEndings[./java/src/jmri/jmrix/ieee802154/xbee/ConnectionConfig.java]" classname="jmri.util.FileLineEndingsTest" time="0.001"/>
  <testcase name="lineEndings[./java/src/jmri/jmrix/ieee802154/xbee/XBeeConnectionMemo.java]" classname="jmri.util.FileLineEndingsTest" time="0.001"/>
  <testcase name="lineEndings[./java/src/jmri/jmrix/ieee802154/xbee/XBeeLightManager.java]" classname="jmri.util.FileLineEndingsTest" time="0"/>
  <testcase name="lineEndings[./java/src/jmri/jmrix/ieee802154/xbee/XBeeLight.java]" classname="jmri.util.FileLineEndingsTest" time="0.001"/>
  <testcase name="lineEndings[./java/src/jmri/jmrix/ieee802154/xbee/XBeeMessage.java]" classname="jmri.util.FileLineEndingsTest" time="0.001"/>
  <testcase name="lineEndings[./java/src/jmri/jmrix/ieee802154/xbee/XBeeTurnout.java]" classname="jmri.util.FileLineEndingsTest" time="0.001"/>
  <testcase name="lineEndings[./java/src/jmri/jmrix/ieee802154/xbee/XBeeIOStream.java]" classname="jmri.util.FileLineEndingsTest" time="0"/>
  <testcase name="lineEndings[./java/src/jmri/jmrix/ieee802154/xbee/XBeeNodeManager.java]" classname="jmri.util.FileLineEndingsTest" time="0.001"/>
  <testcase name="lineEndings[./java/src/jmri/jmrix/ieee802154/xbee/XBeeSensorManager.java]" classname="jmri.util.FileLineEndingsTest" time="0.001"/>
  <testcase name="lineEndings[./java/src/jmri/jmrix/ieee802154/swing/nodeconfig/EditNodeFrame.java]" classname="jmri.util.FileLineEndingsTest" time="0.001"/>
  <testcase name="lineEndings[./java/src/jmri/jmrix/ieee802154/swing/nodeconfig/Bundle.java]" classname="jmri.util.FileLineEndingsTest" time="0.001"/>
  <testcase name="lineEndings[./java/src/jmri/jmrix/ieee802154/swing/nodeconfig/NodeConfigAction.java]" classname="jmri.util.FileLineEndingsTest" time="0"/>
  <testcase name="lineEndings[./java/src/jmri/jmrix/ieee802154/swing/nodeconfig/NodeConfigFrame.java]" classname="jmri.util.FileLineEndingsTest" time="0.001"/>
  <testcase name="lineEndings[./java/src/jmri/jmrix/ieee802154/swing/nodeconfig/AddNodeFrame.java]" classname="jmri.util.FileLineEndingsTest" time="0.001"/>
  <testcase name="lineEndings[./java/src/jmri/jmrix/ieee802154/swing/IEEE802154ComponentFactory.java]" classname="jmri.util.FileLineEndingsTest" time="0.001"/>
  <testcase name="lineEndings[./java/src/jmri/jmrix/ieee802154/swing/packetgen/PacketGenAction.java]" classname="jmri.util.FileLineEndingsTest" time="0"/>
  <testcase name="lineEndings[./java/src/jmri/jmrix/ieee802154/swing/packetgen/Bundle.java]" classname="jmri.util.FileLineEndingsTest" time="0.001"/>
  <testcase name="lineEndings[./java/src/jmri/jmrix/ieee802154/swing/packetgen/PacketGenFrame.java]" classname="jmri.util.FileLineEndingsTest" time="0.001"/>
  <testcase name="lineEndings[./java/src/jmri/jmrix/ieee802154/swing/Bundle.java]" classname="jmri.util.FileLineEndingsTest" time="0.001"/>
  <testcase name="lineEndings[./java/src/jmri/jmrix/ieee802154/swing/IEEE802154Menu.java]" classname="jmri.util.FileLineEndingsTest" time="0.001"/>
  <testcase name="lineEndings[./java/src/jmri/jmrix/ieee802154/swing/mon/IEEE802154MonAction.java]" classname="jmri.util.FileLineEndingsTest" time="0"/>
  <testcase name="lineEndings[./java/src/jmri/jmrix/ieee802154/swing/mon/IEEE802154MonFrame.java]" classname="jmri.util.FileLineEndingsTest" time="0.001"/>
  <testcase name="lineEndings[./java/src/jmri/jmrix/ieee802154/swing/mon/Bundle.java]" classname="jmri.util.FileLineEndingsTest" time="0.001"/>
  <testcase name="lineEndings[./java/src/jmri/jmrix/ieee802154/serialdriver/ConnectionConfig.java]" classname="jmri.util.FileLineEndingsTest" time="0.001"/>
  <testcase name="lineEndings[./java/src/jmri/jmrix/ieee802154/serialdriver/SerialSystemConnectionMemo.java]" classname="jmri.util.FileLineEndingsTest" time="0"/>
  <testcase name="lineEndings[./java/src/jmri/jmrix/ieee802154/serialdriver/SerialDriverAdapter.java]" classname="jmri.util.FileLineEndingsTest" time="0.001"/>
  <testcase name="lineEndings[./java/src/jmri/jmrix/ieee802154/serialdriver/SerialTrafficController.java]" classname="jmri.util.FileLineEndingsTest" time="0.001"/>
  <testcase name="lineEndings[./java/src/jmri/jmrix/ieee802154/serialdriver/SerialNode.java]" classname="jmri.util.FileLineEndingsTest" time="0.001"/>
  <testcase name="lineEndings[./java/src/jmri/jmrix/ieee802154/serialdriver/configurexml/ConnectionConfigXml.java]" classname="jmri.util.FileLineEndingsTest" time="0"/>
  <testcase name="lineEndings[./java/src/jmri/jmrix/ieee802154/SerialConnectionTypeList.java]" classname="jmri.util.FileLineEndingsTest" time="0.001"/>
  <testcase name="lineEndings[./java/src/jmri/jmrix/ieee802154/IEEE802154Interface.java]" classname="jmri.util.FileLineEndingsTest" time="0.001"/>
  <testcase name="lineEndings[./java/src/jmri/jmrix/ieee802154/IEEE802154PortController.java]" classname="jmri.util.FileLineEndingsTest" time="0.001"/>
  <testcase name="lineEndings[./java/src/jmri/jmrix/ieee802154/IEEE802154TrafficController.java]" classname="jmri.util.FileLineEndingsTest" time="0"/>
  <testcase name="lineEndings[./java/src/jmri/jmrix/ieee802154/IEEE802154Listener.java]" classname="jmri.util.FileLineEndingsTest" time="0.001"/>
  <testcase name="lineEndings[./java/src/jmri/jmrix/ieee802154/IEEE802154Reply.java]" classname="jmri.util.FileLineEndingsTest" time="0.001"/>
  <testcase name="lineEndings[./java/src/jmri/jmrix/ieee802154/IEEE802154Message.java]" classname="jmri.util.FileLineEndingsTest" time="0.001"/>
  <testcase name="lineEndings[./java/src/jmri/jmrix/ieee802154/IEEE802154SystemConnectionMemo.java]" classname="jmri.util.FileLineEndingsTest" time="0.001"/>
  <testcase name="lineEndings[./java/src/jmri/jmrix/ieee802154/Bundle.java]" classname="jmri.util.FileLineEndingsTest" time="0"/>
  <testcase name="lineEndings[./java/src/jmri/jmrix/ieee802154/IEEE802154Node.java]" classname="jmri.util.FileLineEndingsTest" time="0.001"/>
  <testcase name="lineEndings[./java/src/jmri/jmrix/bachrus/SpeedoPortController.java]" classname="jmri.util.FileLineEndingsTest" time="0.001"/>
  <testcase name="lineEndings[./java/src/jmri/jmrix/bachrus/SpeedoTrafficController.java]" classname="jmri.util.FileLineEndingsTest" time="0.001"/>
  <testcase name="lineEndings[./java/src/jmri/jmrix/bachrus/SpeedoSystemConnectionMemo.java]" classname="jmri.util.FileLineEndingsTest" time="0"/>
  <testcase name="lineEndings[./java/src/jmri/jmrix/bachrus/SpeedoReply.java]" classname="jmri.util.FileLineEndingsTest" time="0.001"/>
  <testcase name="lineEndings[./java/src/jmri/jmrix/bachrus/Speed.java]" classname="jmri.util.FileLineEndingsTest" time="0.001"/>
  <testcase name="lineEndings[./java/src/jmri/jmrix/bachrus/Bundle.java]" classname="jmri.util.FileLineEndingsTest" time="0.001"/>
  <testcase name="lineEndings[./java/src/jmri/jmrix/bachrus/SpeedoListener.java]" classname="jmri.util.FileLineEndingsTest" time="0"/>
  <testcase name="lineEndings[./java/src/jmri/jmrix/bachrus/serialdriver/ConnectionConfig.java]" classname="jmri.util.FileLineEndingsTest" time="0.001"/>
  <testcase name="lineEndings[./java/src/jmri/jmrix/bachrus/serialdriver/SerialDriverAdapter.java]" classname="jmri.util.FileLineEndingsTest" time="0.001"/>
  <testcase name="lineEndings[./java/src/jmri/jmrix/bachrus/serialdriver/configurexml/ConnectionConfigXml.java]" classname="jmri.util.FileLineEndingsTest" time="0.001"/>
  <testcase name="lineEndings[./java/src/jmri/jmrix/bachrus/serialdriver/Bundle.java]" classname="jmri.util.FileLineEndingsTest" time="0"/>
  <testcase name="lineEndings[./java/src/jmri/jmrix/bachrus/swing/Bundle.java]" classname="jmri.util.FileLineEndingsTest" time="0.001"/>
  <testcase name="lineEndings[./java/src/jmri/jmrix/bachrus/swing/SpeedoComponentFactory.java]" classname="jmri.util.FileLineEndingsTest" time="0.001"/>
  <testcase name="lineEndings[./java/src/jmri/jmrix/bachrus/GraphPane.java]" classname="jmri.util.FileLineEndingsTest" time="0.001"/>
  <testcase name="lineEndings[./java/src/jmri/jmrix/bachrus/SpeedoDial.java]" classname="jmri.util.FileLineEndingsTest" time="0.001"/>
  <testcase name="lineEndings[./java/src/jmri/jmrix/bachrus/SpeedoMenu.java]" classname="jmri.util.FileLineEndingsTest" time="0"/>
  <testcase name="lineEndings[./java/src/jmri/jmrix/bachrus/SpeedoConsoleAction.java]" classname="jmri.util.FileLineEndingsTest" time="0.001"/>
  <testcase name="lineEndings[./java/src/jmri/jmrix/bachrus/SpeedoConsoleFrame.java]" classname="jmri.util.FileLineEndingsTest" time="0.001"/>
  <testcase name="lineEndings[./java/src/jmri/jmrix/bachrus/SpeedoInterface.java]" classname="jmri.util.FileLineEndingsTest" time="0.001"/>
  <testcase name="lineEndings[./java/src/jmri/jmrix/bachrus/SpeedoConnectionTypeList.java]" classname="jmri.util.FileLineEndingsTest" time="0"/>
  <testcase name="lineEndings[./java/src/jmri/jmrix/bachrus/DccSpeedProfile.java]" classname="jmri.util.FileLineEndingsTest" time="0.001"/>
  <testcase name="lineEndings[./java/src/jmri/jmrix/dccpp/simulator/configurexml/ConnectionConfigXml.java]" classname="jmri.util.FileLineEndingsTest" time="0.001"/>
  <testcase name="lineEndings[./java/src/jmri/jmrix/dccpp/simulator/Bundle.java]" classname="jmri.util.FileLineEndingsTest" time="0.001"/>
  <testcase name="lineEndings[./java/src/jmri/jmrix/dccpp/simulator/ConnectionConfig.java]" classname="jmri.util.FileLineEndingsTest" time="0.001"/>
  <testcase name="lineEndings[./java/src/jmri/jmrix/dccpp/simulator/DCCppSimulatorAdapter.java]" classname="jmri.util.FileLineEndingsTest" time="0.001"/>
  <testcase name="lineEndings[./java/src/jmri/jmrix/dccpp/dccppovertcp/ClientRxHandler.java]" classname="jmri.util.FileLineEndingsTest" time="0"/>
  <testcase name="lineEndings[./java/src/jmri/jmrix/dccpp/dccppovertcp/DCCppTcpDriverAdapter.java]" classname="jmri.util.FileLineEndingsTest" time="0"/>
  <testcase name="lineEndings[./java/src/jmri/jmrix/dccpp/dccppovertcp/ServerListner.java]" classname="jmri.util.FileLineEndingsTest" time="0.001"/>
  <testcase name="lineEndings[./java/src/jmri/jmrix/dccpp/dccppovertcp/ServerFrame.java]" classname="jmri.util.FileLineEndingsTest" time="0.001"/>
  <testcase name="lineEndings[./java/src/jmri/jmrix/dccpp/dccppovertcp/configurexml/ConnectionConfigXml.java]" classname="jmri.util.FileLineEndingsTest" time="0.001"/>
  <testcase name="lineEndings[./java/src/jmri/jmrix/dccpp/dccppovertcp/Server.java]" classname="jmri.util.FileLineEndingsTest" time="0"/>
  <testcase name="lineEndings[./java/src/jmri/jmrix/dccpp/dccppovertcp/ServerAction.java]" classname="jmri.util.FileLineEndingsTest" time="0.001"/>
  <testcase name="lineEndings[./java/src/jmri/jmrix/dccpp/dccppovertcp/ConnectionConfig.java]" classname="jmri.util.FileLineEndingsTest" time="0.001"/>
  <testcase name="lineEndings[./java/src/jmri/jmrix/dccpp/dccppovertcp/DCCppOverTcpPacketizer.java]" classname="jmri.util.FileLineEndingsTest" time="0.001"/>
  <testcase name="lineEndings[./java/src/jmri/jmrix/dccpp/swing/DCCppTableModel.java]" classname="jmri.util.FileLineEndingsTest" time="0"/>
  <testcase name="lineEndings[./java/src/jmri/jmrix/dccpp/swing/mon/DCCppMonPane.java]" classname="jmri.util.FileLineEndingsTest" time="0.001"/>
  <testcase name="lineEndings[./java/src/jmri/jmrix/dccpp/swing/mon/DCCppMonAction.java]" classname="jmri.util.FileLineEndingsTest" time="0.001"/>
  <testcase name="lineEndings[./java/src/jmri/jmrix/dccpp/swing/DCCppMenu.java]" classname="jmri.util.FileLineEndingsTest" time="0.001"/>
  <testcase name="lineEndings[./java/src/jmri/jmrix/dccpp/swing/Bundle.java]" classname="jmri.util.FileLineEndingsTest" time="0"/>
  <testcase name="lineEndings[./java/src/jmri/jmrix/dccpp/swing/DCCppComponentFactory.java]" classname="jmri.util.FileLineEndingsTest" time="0"/>
  <testcase name="lineEndings[./java/src/jmri/jmrix/dccpp/swing/packetgen/PacketGenFrame.java]" classname="jmri.util.FileLineEndingsTest" time="0.001"/>
  <testcase name="lineEndings[./java/src/jmri/jmrix/dccpp/swing/packetgen/PacketGenAction.java]" classname="jmri.util.FileLineEndingsTest" time="0.001"/>
  <testcase name="lineEndings[./java/src/jmri/jmrix/dccpp/swing/ConfigBaseStationFrame.java]" classname="jmri.util.FileLineEndingsTest" time="0.001"/>
  <testcase name="lineEndings[./java/src/jmri/jmrix/dccpp/swing/ConfigBaseStationAction.java]" classname="jmri.util.FileLineEndingsTest" time="0"/>
  <testcase name="lineEndings[./java/src/jmri/jmrix/dccpp/network/configurexml/ConnectionConfigXml.java]" classname="jmri.util.FileLineEndingsTest" time="0.001"/>
  <testcase name="lineEndings[./java/src/jmri/jmrix/dccpp/network/DCCppEthernetPacketizer.java]" classname="jmri.util.FileLineEndingsTest" time="0.001"/>
  <testcase name="lineEndings[./java/src/jmri/jmrix/dccpp/network/ConnectionConfig.java]" classname="jmri.util.FileLineEndingsTest" time="0.001"/>
  <testcase name="lineEndings[./java/src/jmri/jmrix/dccpp/network/DCCppEthernetAdapter.java]" classname="jmri.util.FileLineEndingsTest" time="0"/>
  <testcase name="lineEndings[./java/src/jmri/jmrix/dccpp/DCCppThrottle.java]" classname="jmri.util.FileLineEndingsTest" time="0"/>
  <testcase name="lineEndings[./java/src/jmri/jmrix/dccpp/DCCppRegisterManager.java]" classname="jmri.util.FileLineEndingsTest" time="0.001"/>
  <testcase name="lineEndings[./java/src/jmri/jmrix/dccpp/DCCppStreamPortController.java]" classname="jmri.util.FileLineEndingsTest" time="0.001"/>
  <testcase name="lineEndings[./java/src/jmri/jmrix/dccpp/DCCppPowerManager.java]" classname="jmri.util.FileLineEndingsTest" time="0.001"/>
  <testcase name="lineEndings[./java/src/jmri/jmrix/dccpp/DCCppLightManager.java]" classname="jmri.util.FileLineEndingsTest" time="0"/>
  <testcase name="lineEndings[./java/src/jmri/jmrix/dccpp/DCCppSimulatorPortController.java]" classname="jmri.util.FileLineEndingsTest" time="0.001"/>
  <testcase name="lineEndings[./java/src/jmri/jmrix/dccpp/Bundle.java]" classname="jmri.util.FileLineEndingsTest" time="0.001"/>
  <testcase name="lineEndings[./java/src/jmri/jmrix/dccpp/configurexml/AbstractDCCppSerialConnectionConfigXml.java]" classname="jmri.util.FileLineEndingsTest" time="0.001"/>
  <testcase name="lineEndings[./java/src/jmri/jmrix/dccpp/configurexml/DCCppSensorManagerXml.java]" classname="jmri.util.FileLineEndingsTest" time="0"/>
  <testcase name="lineEndings[./java/src/jmri/jmrix/dccpp/configurexml/DCCppTurnoutManagerXml.java]" classname="jmri.util.FileLineEndingsTest" time="0.001"/>
  <testcase name="lineEndings[./java/src/jmri/jmrix/dccpp/configurexml/DCCppLightManagerXml.java]" classname="jmri.util.FileLineEndingsTest" time="0.001"/>
  <testcase name="lineEndings[./java/src/jmri/jmrix/dccpp/DCCppTurnout.java]" classname="jmri.util.FileLineEndingsTest" time="0.001"/>
  <testcase name="lineEndings[./java/src/jmri/jmrix/dccpp/DCCppCommandStation.java]" classname="jmri.util.FileLineEndingsTest" time="0"/>
  <testcase name="lineEndings[./java/src/jmri/jmrix/dccpp/DCCppThrottleManager.java]" classname="jmri.util.FileLineEndingsTest" time="0.001"/>
  <testcase name="lineEndings[./java/src/jmri/jmrix/dccpp/DCCppMessage.java]" classname="jmri.util.FileLineEndingsTest" time="0.001"/>
  <testcase name="lineEndings[./java/src/jmri/jmrix/dccpp/DCCppConstants.java]" classname="jmri.util.FileLineEndingsTest" time="0.001"/>
  <testcase name="lineEndings[./java/src/jmri/jmrix/dccpp/DCCppSensor.java]" classname="jmri.util.FileLineEndingsTest" time="0.001"/>
  <testcase name="lineEndings[./java/src/jmri/jmrix/dccpp/DCCppInitializationManager.java]" classname="jmri.util.FileLineEndingsTest" time="0.001"/>
  <testcase name="lineEndings[./java/src/jmri/jmrix/dccpp/serial/configurexml/ConnectionConfigXml.java]" classname="jmri.util.FileLineEndingsTest" time="0"/>
  <testcase name="lineEndings[./java/src/jmri/jmrix/dccpp/serial/Bundle.java]" classname="jmri.util.FileLineEndingsTest" time="0.001"/>
  <testcase name="lineEndings[./java/src/jmri/jmrix/dccpp/serial/SerialDCCppPacketizer.java]" classname="jmri.util.FileLineEndingsTest" time="0.001"/>
  <testcase name="lineEndings[./java/src/jmri/jmrix/dccpp/serial/DCCppAdapter.java]" classname="jmri.util.FileLineEndingsTest" time="0.001"/>
  <testcase name="lineEndings[./java/src/jmri/jmrix/dccpp/serial/ConnectionConfig.java]" classname="jmri.util.FileLineEndingsTest" time="0"/>
  <testcase name="lineEndings[./java/src/jmri/jmrix/dccpp/DCCppNetworkPortController.java]" classname="jmri.util.FileLineEndingsTest" time="0.001"/>
  <testcase name="lineEndings[./java/src/jmri/jmrix/dccpp/DCCppConnectionTypeList.java]" classname="jmri.util.FileLineEndingsTest" time="0.001"/>
  <testcase name="lineEndings[./java/src/jmri/jmrix/dccpp/DCCppOpsModeProgrammer.java]" classname="jmri.util.FileLineEndingsTest" time="0.001"/>
  <testcase name="lineEndings[./java/src/jmri/jmrix/dccpp/DCCppProgrammerManager.java]" classname="jmri.util.FileLineEndingsTest" time="0.001"/>
  <testcase name="lineEndings[./java/src/jmri/jmrix/dccpp/DCCppTurnoutManager.java]" classname="jmri.util.FileLineEndingsTest" time="0"/>
  <testcase name="lineEndings[./java/src/jmri/jmrix/dccpp/DCCppSensorManager.java]" classname="jmri.util.FileLineEndingsTest" time="0.001"/>
  <testcase name="lineEndings[./java/src/jmri/jmrix/dccpp/DCCppMultiMeter.java]" classname="jmri.util.FileLineEndingsTest" time="0.001"/>
  <testcase name="lineEndings[./java/src/jmri/jmrix/dccpp/DCCppPacketizer.java]" classname="jmri.util.FileLineEndingsTest" time="0.001"/>
  <testcase name="lineEndings[./java/src/jmri/jmrix/dccpp/DCCppReply.java]" classname="jmri.util.FileLineEndingsTest" time="0"/>
  <testcase name="lineEndings[./java/src/jmri/jmrix/dccpp/DCCppPortController.java]" classname="jmri.util.FileLineEndingsTest" time="0"/>
  <testcase name="lineEndings[./java/src/jmri/jmrix/dccpp/AbstractDCCppSerialConnectionConfig.java]" classname="jmri.util.FileLineEndingsTest" time="0.001"/>
  <testcase name="lineEndings[./java/src/jmri/jmrix/dccpp/DCCppTurnoutReplyCache.java]" classname="jmri.util.FileLineEndingsTest" time="0.001"/>
  <testcase name="lineEndings[./java/src/jmri/jmrix/dccpp/DCCppSerialPortController.java]" classname="jmri.util.FileLineEndingsTest" time="0.001"/>
  <testcase name="lineEndings[./java/src/jmri/jmrix/dccpp/DCCppSystemConnectionMemo.java]" classname="jmri.util.FileLineEndingsTest" time="0"/>
  <testcase name="lineEndings[./java/src/jmri/jmrix/dccpp/DCCppTrafficController.java]" classname="jmri.util.FileLineEndingsTest" time="0.001"/>
  <testcase name="lineEndings[./java/src/jmri/jmrix/dccpp/DCCppLight.java]" classname="jmri.util.FileLineEndingsTest" time="0.001"/>
  <testcase name="lineEndings[./java/src/jmri/jmrix/dccpp/DCCppMessageException.java]" classname="jmri.util.FileLineEndingsTest" time="0.001"/>
  <testcase name="lineEndings[./java/src/jmri/jmrix/dccpp/DCCppInterface.java]" classname="jmri.util.FileLineEndingsTest" time="0"/>
  <testcase name="lineEndings[./java/src/jmri/jmrix/dccpp/AbstractDCCppInitializationManager.java]" classname="jmri.util.FileLineEndingsTest" time="0.001"/>
  <testcase name="lineEndings[./java/src/jmri/jmrix/dccpp/DCCppProgrammer.java]" classname="jmri.util.FileLineEndingsTest" time="0.001"/>
  <testcase name="lineEndings[./java/src/jmri/jmrix/dccpp/DCCppListener.java]" classname="jmri.util.FileLineEndingsTest" time="0.001"/>
  <testcase name="lineEndings[./java/src/jmri/jmrix/easydcc/serialdriver/SerialDriverAdapter.java]" classname="jmri.util.FileLineEndingsTest" time="0"/>
  <testcase name="lineEndings[./java/src/jmri/jmrix/easydcc/serialdriver/Bundle.java]" classname="jmri.util.FileLineEndingsTest" time="0.001"/>
  <testcase name="lineEndings[./java/src/jmri/jmrix/easydcc/serialdriver/ConnectionConfig.java]" classname="jmri.util.FileLineEndingsTest" time="0.001"/>
  <testcase name="lineEndings[./java/src/jmri/jmrix/easydcc/serialdriver/configurexml/ConnectionConfigXml.java]" classname="jmri.util.FileLineEndingsTest" time="0.001"/>
  <testcase name="lineEndings[./java/src/jmri/jmrix/easydcc/simulator/ConnectionConfig.java]" classname="jmri.util.FileLineEndingsTest" time="0"/>
  <testcase name="lineEndings[./java/src/jmri/jmrix/easydcc/simulator/SimulatorAdapter.java]" classname="jmri.util.FileLineEndingsTest" time="0"/>
  <testcase name="lineEndings[./java/src/jmri/jmrix/easydcc/simulator/Bundle.java]" classname="jmri.util.FileLineEndingsTest" time="0.001"/>
  <testcase name="lineEndings[./java/src/jmri/jmrix/easydcc/simulator/configurexml/ConnectionConfigXml.java]" classname="jmri.util.FileLineEndingsTest" time="0.001"/>
  <testcase name="lineEndings[./java/src/jmri/jmrix/easydcc/simulator/EasyDccSimulatorTrafficController.java]" classname="jmri.util.FileLineEndingsTest" time="0.001"/>
  <testcase name="lineEndings[./java/src/jmri/jmrix/easydcc/packetgen/Bundle.java]" classname="jmri.util.FileLineEndingsTest" time="0"/>
  <testcase name="lineEndings[./java/src/jmri/jmrix/easydcc/packetgen/EasyDccPacketGenFrame.java]" classname="jmri.util.FileLineEndingsTest" time="0.001"/>
  <testcase name="lineEndings[./java/src/jmri/jmrix/easydcc/packetgen/EasyDccPacketGenAction.java]" classname="jmri.util.FileLineEndingsTest" time="0.001"/>
  <testcase name="lineEndings[./java/src/jmri/jmrix/easydcc/networkdriver/configurexml/ConnectionConfigXml.java]" classname="jmri.util.FileLineEndingsTest" time="0.001"/>
  <testcase name="lineEndings[./java/src/jmri/jmrix/easydcc/networkdriver/ConnectionConfig.java]" classname="jmri.util.FileLineEndingsTest" time="0"/>
  <testcase name="lineEndings[./java/src/jmri/jmrix/easydcc/networkdriver/NetworkDriverAdapter.java]" classname="jmri.util.FileLineEndingsTest" time="0.001"/>
  <testcase name="lineEndings[./java/src/jmri/jmrix/easydcc/networkdriver/Bundle.java]" classname="jmri.util.FileLineEndingsTest" time="0.001"/>
  <testcase name="lineEndings[./java/src/jmri/jmrix/easydcc/easydccmon/Bundle.java]" classname="jmri.util.FileLineEndingsTest" time="0.001"/>
  <testcase name="lineEndings[./java/src/jmri/jmrix/easydcc/easydccmon/EasyDccMonFrame.java]" classname="jmri.util.FileLineEndingsTest" time="0"/>
  <testcase name="lineEndings[./java/src/jmri/jmrix/easydcc/easydccmon/EasyDccMonAction.java]" classname="jmri.util.FileLineEndingsTest" time="0.001"/>
  <testcase name="lineEndings[./java/src/jmri/jmrix/easydcc/EasyDccProgrammerManager.java]" classname="jmri.util.FileLineEndingsTest" time="0.001"/>
  <testcase name="lineEndings[./java/src/jmri/jmrix/easydcc/EasyDccInterface.java]" classname="jmri.util.FileLineEndingsTest" time="0.001"/>
  <testcase name="lineEndings[./java/src/jmri/jmrix/easydcc/EasyDccMenu.java]" classname="jmri.util.FileLineEndingsTest" time="0"/>
  <testcase name="lineEndings[./java/src/jmri/jmrix/easydcc/EasyDccListener.java]" classname="jmri.util.FileLineEndingsTest" time="0.001"/>
  <testcase name="lineEndings[./java/src/jmri/jmrix/easydcc/EasyDccMessage.java]" classname="jmri.util.FileLineEndingsTest" time="0.001"/>
  <testcase name="lineEndings[./java/src/jmri/jmrix/easydcc/EasyDccCommandStation.java]" classname="jmri.util.FileLineEndingsTest" time="0.001"/>
  <testcase name="lineEndings[./java/src/jmri/jmrix/easydcc/EasyDccProgrammer.java]" classname="jmri.util.FileLineEndingsTest" time="0.001"/>
  <testcase name="lineEndings[./java/src/jmri/jmrix/easydcc/EasyDccThrottle.java]" classname="jmri.util.FileLineEndingsTest" time="0"/>
  <testcase name="lineEndings[./java/src/jmri/jmrix/easydcc/EasyDccOpsModeProgrammer.java]" classname="jmri.util.FileLineEndingsTest" time="0.001"/>
  <testcase name="lineEndings[./java/src/jmri/jmrix/easydcc/EasyDccConsist.java]" classname="jmri.util.FileLineEndingsTest" time="0.001"/>
  <testcase name="lineEndings[./java/src/jmri/jmrix/easydcc/EasyDccSystemConnectionMemo.java]" classname="jmri.util.FileLineEndingsTest" time="0.001"/>
  <testcase name="lineEndings[./java/src/jmri/jmrix/easydcc/EasyDccTurnout.java]" classname="jmri.util.FileLineEndingsTest" time="0"/>
  <testcase name="lineEndings[./java/src/jmri/jmrix/easydcc/EasyDccNetworkPortController.java]" classname="jmri.util.FileLineEndingsTest" time="0.001"/>
  <testcase name="lineEndings[./java/src/jmri/jmrix/easydcc/EasyDccPowerManager.java]" classname="jmri.util.FileLineEndingsTest" time="0.001"/>
  <testcase name="lineEndings[./java/src/jmri/jmrix/easydcc/EasyDccTrafficController.java]" classname="jmri.util.FileLineEndingsTest" time="0.001"/>
  <testcase name="lineEndings[./java/src/jmri/jmrix/easydcc/EasyDccConnectionTypeList.java]" classname="jmri.util.FileLineEndingsTest" time="0"/>
  <testcase name="lineEndings[./java/src/jmri/jmrix/easydcc/EasyDccTurnoutManager.java]" classname="jmri.util.FileLineEndingsTest" time="0.001"/>
  <testcase name="lineEndings[./java/src/jmri/jmrix/easydcc/EasyDccConsistManager.java]" classname="jmri.util.FileLineEndingsTest" time="0.001"/>
  <testcase name="lineEndings[./java/src/jmri/jmrix/easydcc/configurexml/EasyDccTurnoutManagerXml.java]" classname="jmri.util.FileLineEndingsTest" time="0.001"/>
  <testcase name="lineEndings[./java/src/jmri/jmrix/easydcc/EasyDccReply.java]" classname="jmri.util.FileLineEndingsTest" time="0.001"/>
  <testcase name="lineEndings[./java/src/jmri/jmrix/easydcc/EasyDccThrottleManager.java]" classname="jmri.util.FileLineEndingsTest" time="0"/>
  <testcase name="lineEndings[./java/src/jmri/jmrix/easydcc/Bundle.java]" classname="jmri.util.FileLineEndingsTest" time="0.001"/>
  <testcase name="lineEndings[./java/src/jmri/jmrix/easydcc/EasyDccPortController.java]" classname="jmri.util.FileLineEndingsTest" time="0.001"/>
  <testcase name="lineEndings[./java/src/jmri/jmrix/easydcc/swing/EasyDccComponentFactory.java]" classname="jmri.util.FileLineEndingsTest" time="0.001"/>
  <testcase name="lineEndings[./java/src/jmri/jmrix/cmri/serial/nodeiolist/NodeIOListAction.java]" classname="jmri.util.FileLineEndingsTest" time="0"/>
  <testcase name="lineEndings[./java/src/jmri/jmrix/cmri/serial/nodeiolist/Bundle.java]" classname="jmri.util.FileLineEndingsTest" time="0.001"/>
  <testcase name="lineEndings[./java/src/jmri/jmrix/cmri/serial/nodeiolist/NodeIOListFrame.java]" classname="jmri.util.FileLineEndingsTest" time="0.001"/>
  <testcase name="lineEndings[./java/src/jmri/jmrix/cmri/serial/sim/configurexml/ConnectionConfigXml.java]" classname="jmri.util.FileLineEndingsTest" time="0.001"/>
  <testcase name="lineEndings[./java/src/jmri/jmrix/cmri/serial/sim/SimDriverAdapter.java]" classname="jmri.util.FileLineEndingsTest" time="0"/>
  <testcase name="lineEndings[./java/src/jmri/jmrix/cmri/serial/sim/Bundle.java]" classname="jmri.util.FileLineEndingsTest" time="0.001"/>
  <testcase name="lineEndings[./java/src/jmri/jmrix/cmri/serial/sim/ConnectionConfig.java]" classname="jmri.util.FileLineEndingsTest" time="0.001"/>
  <testcase name="lineEndings[./java/src/jmri/jmrix/cmri/serial/assignment/ListAction.java]" classname="jmri.util.FileLineEndingsTest" time="0.001"/>
  <testcase name="lineEndings[./java/src/jmri/jmrix/cmri/serial/assignment/Bundle.java]" classname="jmri.util.FileLineEndingsTest" time="0.001"/>
  <testcase name="lineEndings[./java/src/jmri/jmrix/cmri/serial/assignment/ListFrame.java]" classname="jmri.util.FileLineEndingsTest" time="0"/>
  <testcase name="lineEndings[./java/src/jmri/jmrix/cmri/serial/SerialSensor.java]" classname="jmri.util.FileLineEndingsTest" time="0.001"/>
  <testcase name="lineEndings[./java/src/jmri/jmrix/cmri/serial/nodeconfig/Bundle.java]" classname="jmri.util.FileLineEndingsTest" time="0.001"/>
  <testcase name="lineEndings[./java/src/jmri/jmrix/cmri/serial/nodeconfig/NodeConfigFrame.java]" classname="jmri.util.FileLineEndingsTest" time="0.008"/>
  <testcase name="lineEndings[./java/src/jmri/jmrix/cmri/serial/nodeconfig/NodeConfigAction.java]" classname="jmri.util.FileLineEndingsTest" time="0"/>
  <testcase name="lineEndings[./java/src/jmri/jmrix/cmri/serial/cmrinetmetrics/CMRInetMetricsCollector.java]" classname="jmri.util.FileLineEndingsTest" time="0.001"/>
  <testcase name="lineEndings[./java/src/jmri/jmrix/cmri/serial/cmrinetmetrics/CMRInetMetricsData.java]" classname="jmri.util.FileLineEndingsTest" time="0.001"/>
  <testcase name="lineEndings[./java/src/jmri/jmrix/cmri/serial/serialmon/SerialFilterFrame.java]" classname="jmri.util.FileLineEndingsTest" time="0.001"/>
  <testcase name="lineEndings[./java/src/jmri/jmrix/cmri/serial/serialmon/Bundle.java]" classname="jmri.util.FileLineEndingsTest" time="0.001"/>
  <testcase name="lineEndings[./java/src/jmri/jmrix/cmri/serial/serialmon/SerialMonFrame.java]" classname="jmri.util.FileLineEndingsTest" time="0.001"/>
  <testcase name="lineEndings[./java/src/jmri/jmrix/cmri/serial/serialmon/SerialFilterAction.java]" classname="jmri.util.FileLineEndingsTest" time="0"/>
  <testcase name="lineEndings[./java/src/jmri/jmrix/cmri/serial/serialmon/SerialMonAction.java]" classname="jmri.util.FileLineEndingsTest" time="0.001"/>
  <testcase name="lineEndings[./java/src/jmri/jmrix/cmri/serial/packetgen/SerialPacketGenAction.java]" classname="jmri.util.FileLineEndingsTest" time="0.001"/>
  <testcase name="lineEndings[./java/src/jmri/jmrix/cmri/serial/packetgen/SerialPacketGenFrame.java]" classname="jmri.util.FileLineEndingsTest" time="0.001"/>
  <testcase name="lineEndings[./java/src/jmri/jmrix/cmri/serial/packetgen/Bundle.java]" classname="jmri.util.FileLineEndingsTest" time="0"/>
  <testcase name="lineEndings[./java/src/jmri/jmrix/cmri/serial/configurexml/SerialSensorManagerXml.java]" classname="jmri.util.FileLineEndingsTest" time="0.001"/>
  <testcase name="lineEndings[./java/src/jmri/jmrix/cmri/serial/configurexml/SerialLightManagerXml.java]" classname="jmri.util.FileLineEndingsTest" time="0.001"/>
  <testcase name="lineEndings[./java/src/jmri/jmrix/cmri/serial/configurexml/SerialTurnoutManagerXml.java]" classname="jmri.util.FileLineEndingsTest" time="0.001"/>
  <testcase name="lineEndings[./java/src/jmri/jmrix/cmri/serial/serialdriver/SerialDriverAdapter.java]" classname="jmri.util.FileLineEndingsTest" time="0"/>
  <testcase name="lineEndings[./java/src/jmri/jmrix/cmri/serial/serialdriver/ConnectionConfig.java]" classname="jmri.util.FileLineEndingsTest" time="0.001"/>
  <testcase name="lineEndings[./java/src/jmri/jmrix/cmri/serial/serialdriver/configurexml/ConnectionConfigXml.java]" classname="jmri.util.FileLineEndingsTest" time="0.001"/>
  <testcase name="lineEndings[./java/src/jmri/jmrix/cmri/serial/serialdriver/Bundle.java]" classname="jmri.util.FileLineEndingsTest" time="0.001"/>
  <testcase name="lineEndings[./java/src/jmri/jmrix/cmri/serial/diagnostic/DiagnosticFrame.java]" classname="jmri.util.FileLineEndingsTest" time="0.001"/>
  <testcase name="lineEndings[./java/src/jmri/jmrix/cmri/serial/diagnostic/DiagnosticAction.java]" classname="jmri.util.FileLineEndingsTest" time="0"/>
  <testcase name="lineEndings[./java/src/jmri/jmrix/cmri/serial/diagnostic/Bundle.java]" classname="jmri.util.FileLineEndingsTest" time="0.001"/>
  <testcase name="lineEndings[./java/src/jmri/jmrix/cmri/serial/nodeconfigmanager/NodeConfigManagerAction.java]" classname="jmri.util.FileLineEndingsTest" time="0.001"/>
  <testcase name="lineEndings[./java/src/jmri/jmrix/cmri/serial/nodeconfigmanager/Bundle.java]" classname="jmri.util.FileLineEndingsTest" time="0.001"/>
  <testcase name="lineEndings[./java/src/jmri/jmrix/cmri/serial/nodeconfigmanager/NodeConfigManagerFrame.java]" classname="jmri.util.FileLineEndingsTest" time="0.001"/>
  <testcase name="lineEndings[./java/src/jmri/jmrix/cmri/serial/cmrinetmanager/CMRInetManagerFrame.java]" classname="jmri.util.FileLineEndingsTest" time="0.001"/>
  <testcase name="lineEndings[./java/src/jmri/jmrix/cmri/serial/cmrinetmanager/CMRInetMetricsFrame.java]" classname="jmri.util.FileLineEndingsTest" time="0"/>
  <testcase name="lineEndings[./java/src/jmri/jmrix/cmri/serial/cmrinetmanager/CMRInetMetricsAction.java]" classname="jmri.util.FileLineEndingsTest" time="0.001"/>
  <testcase name="lineEndings[./java/src/jmri/jmrix/cmri/serial/cmrinetmanager/Bundle.java]" classname="jmri.util.FileLineEndingsTest" time="0.001"/>
  <testcase name="lineEndings[./java/src/jmri/jmrix/cmri/serial/cmrinetmanager/CMRInetManagerAction.java]" classname="jmri.util.FileLineEndingsTest" time="0.001"/>
  <testcase name="lineEndings[./java/src/jmri/jmrix/cmri/serial/SerialLightManager.java]" classname="jmri.util.FileLineEndingsTest" time="0"/>
  <testcase name="lineEndings[./java/src/jmri/jmrix/cmri/serial/package-info.java]" classname="jmri.util.FileLineEndingsTest" time="0.001"/>
  <testcase name="lineEndings[./java/src/jmri/jmrix/cmri/serial/SerialNodeList.java]" classname="jmri.util.FileLineEndingsTest" time="0.001"/>
  <testcase name="lineEndings[./java/src/jmri/jmrix/cmri/serial/networkdriver/NetworkDriverAdapter.java]" classname="jmri.util.FileLineEndingsTest" time="0.001"/>
  <testcase name="lineEndings[./java/src/jmri/jmrix/cmri/serial/networkdriver/ConnectionConfig.java]" classname="jmri.util.FileLineEndingsTest" time="0.001"/>
  <testcase name="lineEndings[./java/src/jmri/jmrix/cmri/serial/networkdriver/configurexml/ConnectionConfigXml.java]" classname="jmri.util.FileLineEndingsTest" time="0"/>
  <testcase name="lineEndings[./java/src/jmri/jmrix/cmri/serial/networkdriver/Bundle.java]" classname="jmri.util.FileLineEndingsTest" time="0.001"/>
  <testcase name="lineEndings[./java/src/jmri/jmrix/cmri/serial/SerialTurnoutManager.java]" classname="jmri.util.FileLineEndingsTest" time="0.001"/>
  <testcase name="lineEndings[./java/src/jmri/jmrix/cmri/serial/SerialReply.java]" classname="jmri.util.FileLineEndingsTest" time="0.001"/>
  <testcase name="lineEndings[./java/src/jmri/jmrix/cmri/serial/Bundle.java]" classname="jmri.util.FileLineEndingsTest" time="0"/>
  <testcase name="lineEndings[./java/src/jmri/jmrix/cmri/serial/SerialTurnout.java]" classname="jmri.util.FileLineEndingsTest" time="0.001"/>
  <testcase name="lineEndings[./java/src/jmri/jmrix/cmri/serial/SerialListener.java]" classname="jmri.util.FileLineEndingsTest" time="0.001"/>
  <testcase name="lineEndings[./java/src/jmri/jmrix/cmri/serial/SerialPortAdapter.java]" classname="jmri.util.FileLineEndingsTest" time="0.001"/>
  <testcase name="lineEndings[./java/src/jmri/jmrix/cmri/serial/SerialMessage.java]" classname="jmri.util.FileLineEndingsTest" time="0.001"/>
  <testcase name="lineEndings[./java/src/jmri/jmrix/cmri/serial/SerialNetworkPortAdapter.java]" classname="jmri.util.FileLineEndingsTest" time="0"/>
  <testcase name="lineEndings[./java/src/jmri/jmrix/cmri/serial/SerialLight.java]" classname="jmri.util.FileLineEndingsTest" time="0.001"/>
  <testcase name="lineEndings[./java/src/jmri/jmrix/cmri/serial/SerialNode.java]" classname="jmri.util.FileLineEndingsTest" time="0.001"/>
  <testcase name="lineEndings[./java/src/jmri/jmrix/cmri/serial/SerialInterface.java]" classname="jmri.util.FileLineEndingsTest" time="0.001"/>
  <testcase name="lineEndings[./java/src/jmri/jmrix/cmri/serial/SerialSensorManager.java]" classname="jmri.util.FileLineEndingsTest" time="0"/>
  <testcase name="lineEndings[./java/src/jmri/jmrix/cmri/serial/SerialTrafficController.java]" classname="jmri.util.FileLineEndingsTest" time="0"/>
  <testcase name="lineEndings[./java/src/jmri/jmrix/cmri/swing/CMRIComponentFactory.java]" classname="jmri.util.FileLineEndingsTest" time="0.001"/>
  <testcase name="lineEndings[./java/src/jmri/jmrix/cmri/Bundle.java]" classname="jmri.util.FileLineEndingsTest" time="0.001"/>
  <testcase name="lineEndings[./java/src/jmri/jmrix/cmri/CMRIMenu.java]" classname="jmri.util.FileLineEndingsTest" time="0.001"/>
  <testcase name="lineEndings[./java/src/jmri/jmrix/cmri/CMRIConnectionTypeList.java]" classname="jmri.util.FileLineEndingsTest" time="0"/>
  <testcase name="lineEndings[./java/src/jmri/jmrix/cmri/package-info.java]" classname="jmri.util.FileLineEndingsTest" time="0.001"/>
  <testcase name="lineEndings[./java/src/jmri/jmrix/cmri/CMRISystemConnectionMemo.java]" classname="jmri.util.FileLineEndingsTest" time="0.001"/>
  <testcase name="lineEndings[./java/src/jmri/jmrix/nce/consist/NceConsistRoster.java]" classname="jmri.util.FileLineEndingsTest" time="0.001"/>
  <testcase name="lineEndings[./java/src/jmri/jmrix/nce/consist/NceConsistRestore.java]" classname="jmri.util.FileLineEndingsTest" time="0"/>
  <testcase name="lineEndings[./java/src/jmri/jmrix/nce/consist/NceConsistBackup.java]" classname="jmri.util.FileLineEndingsTest" time="0"/>
  <testcase name="lineEndings[./java/src/jmri/jmrix/nce/consist/NceConsistEditPanel.java]" classname="jmri.util.FileLineEndingsTest" time="0.001"/>
  <testcase name="lineEndings[./java/src/jmri/jmrix/nce/consist/NceConsistRosterEntry.java]" classname="jmri.util.FileLineEndingsTest" time="0.001"/>
  <testcase name="lineEndings[./java/src/jmri/jmrix/nce/consist/PrintNceConsistRosterAction.java]" classname="jmri.util.FileLineEndingsTest" time="0.001"/>
  <testcase name="lineEndings[./java/src/jmri/jmrix/nce/consist/NceConsistRosterMenu.java]" classname="jmri.util.FileLineEndingsTest" time="0.001"/>
  <testcase name="lineEndings[./java/src/jmri/jmrix/nce/ncemon/NceMonBinary.java]" classname="jmri.util.FileLineEndingsTest" time="0.001"/>
  <testcase name="lineEndings[./java/src/jmri/jmrix/nce/ncemon/NceMonPanel.java]" classname="jmri.util.FileLineEndingsTest" time="0"/>
  <testcase name="lineEndings[./java/src/jmri/jmrix/nce/ncemon/Bundle.java]" classname="jmri.util.FileLineEndingsTest" time="0.001"/>
  <testcase name="lineEndings[./java/src/jmri/jmrix/nce/NceConsistManager.java]" classname="jmri.util.FileLineEndingsTest" time="0.001"/>
  <testcase name="lineEndings[./java/src/jmri/jmrix/nce/NceTurnoutManager.java]" classname="jmri.util.FileLineEndingsTest" time="0.001"/>
  <testcase name="lineEndings[./java/src/jmri/jmrix/nce/NceOpsModeProgrammer.java]" classname="jmri.util.FileLineEndingsTest" time="0"/>
  <testcase name="lineEndings[./java/src/jmri/jmrix/nce/clockmon/Bundle.java]" classname="jmri.util.FileLineEndingsTest" time="0.001"/>
  <testcase name="lineEndings[./java/src/jmri/jmrix/nce/clockmon/ClockMonPanel.java]" classname="jmri.util.FileLineEndingsTest" time="0.001"/>
  <testcase name="lineEndings[./java/src/jmri/jmrix/nce/swing/NcePanelInterface.java]" classname="jmri.util.FileLineEndingsTest" time="0.001"/>
  <testcase name="lineEndings[./java/src/jmri/jmrix/nce/swing/NcePanel.java]" classname="jmri.util.FileLineEndingsTest" time="0.001"/>
  <testcase name="lineEndings[./java/src/jmri/jmrix/nce/swing/NceMenu.java]" classname="jmri.util.FileLineEndingsTest" time="0.001"/>
  <testcase name="lineEndings[./java/src/jmri/jmrix/nce/swing/NceComponentFactory.java]" classname="jmri.util.FileLineEndingsTest" time="0"/>
  <testcase name="lineEndings[./java/src/jmri/jmrix/nce/swing/NceNamedPaneAction.java]" classname="jmri.util.FileLineEndingsTest" time="0.001"/>
  <testcase name="lineEndings[./java/src/jmri/jmrix/nce/cab/Bundle.java]" classname="jmri.util.FileLineEndingsTest" time="0.001"/>
  <testcase name="lineEndings[./java/src/jmri/jmrix/nce/cab/NceShowCabPanel.java]" classname="jmri.util.FileLineEndingsTest" time="0.001"/>
  <testcase name="lineEndings[./java/src/jmri/jmrix/nce/usbdriver/ConnectionConfig.java]" classname="jmri.util.FileLineEndingsTest" time="0.001"/>
  <testcase name="lineEndings[./java/src/jmri/jmrix/nce/usbdriver/configurexml/ConnectionConfigXml.java]" classname="jmri.util.FileLineEndingsTest" time="0"/>
  <testcase name="lineEndings[./java/src/jmri/jmrix/nce/usbdriver/UsbDriverAdapter.java]" classname="jmri.util.FileLineEndingsTest" time="0"/>
  <testcase name="lineEndings[./java/src/jmri/jmrix/nce/NceMenu.java]" classname="jmri.util.FileLineEndingsTest" time="0.001"/>
  <testcase name="lineEndings[./java/src/jmri/jmrix/nce/serialdriver/ConnectionConfig.java]" classname="jmri.util.FileLineEndingsTest" time="0.001"/>
  <testcase name="lineEndings[./java/src/jmri/jmrix/nce/serialdriver/configurexml/ConnectionConfigXml.java]" classname="jmri.util.FileLineEndingsTest" time="0.001"/>
  <testcase name="lineEndings[./java/src/jmri/jmrix/nce/serialdriver/SerialDriverAdapter.java]" classname="jmri.util.FileLineEndingsTest" time="0"/>
  <testcase name="lineEndings[./java/src/jmri/jmrix/nce/packetgen/NcePacketGenPanel.java]" classname="jmri.util.FileLineEndingsTest" time="0.001"/>
  <testcase name="lineEndings[./java/src/jmri/jmrix/nce/packetgen/Bundle.java]" classname="jmri.util.FileLineEndingsTest" time="0.001"/>
  <testcase name="lineEndings[./java/src/jmri/jmrix/nce/boosterprog/BoosterProgPanel.java]" classname="jmri.util.FileLineEndingsTest" time="0.001"/>
  <testcase name="lineEndings[./java/src/jmri/jmrix/nce/simulator/ConnectionConfig.java]" classname="jmri.util.FileLineEndingsTest" time="0"/>
  <testcase name="lineEndings[./java/src/jmri/jmrix/nce/simulator/SimulatorAdapter.java]" classname="jmri.util.FileLineEndingsTest" time="0.001"/>
  <testcase name="lineEndings[./java/src/jmri/jmrix/nce/simulator/configurexml/ConnectionConfigXml.java]" classname="jmri.util.FileLineEndingsTest" time="0.001"/>
  <testcase name="lineEndings[./java/src/jmri/jmrix/nce/macro/NceMacroRestore.java]" classname="jmri.util.FileLineEndingsTest" time="0.001"/>
  <testcase name="lineEndings[./java/src/jmri/jmrix/nce/macro/NceMacroEditPanel.java]" classname="jmri.util.FileLineEndingsTest" time="0.001"/>
  <testcase name="lineEndings[./java/src/jmri/jmrix/nce/macro/NceMacroBackup.java]" classname="jmri.util.FileLineEndingsTest" time="0.001"/>
  <testcase name="lineEndings[./java/src/jmri/jmrix/nce/macro/Bundle.java]" classname="jmri.util.FileLineEndingsTest" time="0"/>
  <testcase name="lineEndings[./java/src/jmri/jmrix/nce/macro/NceMacroGenPanel.java]" classname="jmri.util.FileLineEndingsTest" time="0.001"/>
  <testcase name="lineEndings[./java/src/jmri/jmrix/nce/NceAIUChecker.java]" classname="jmri.util.FileLineEndingsTest" time="0.001"/>
  <testcase name="lineEndings[./java/src/jmri/jmrix/nce/configurexml/NceSensorManagerXml.java]" classname="jmri.util.FileLineEndingsTest" time="0.001"/>
  <testcase name="lineEndings[./java/src/jmri/jmrix/nce/configurexml/NceTurnoutManagerXml.java]" classname="jmri.util.FileLineEndingsTest" time="0"/>
  <testcase name="lineEndings[./java/src/jmri/jmrix/nce/configurexml/NceLightManagerXml.java]" classname="jmri.util.FileLineEndingsTest" time="0.001"/>
  <testcase name="lineEndings[./java/src/jmri/jmrix/nce/NceReply.java]" classname="jmri.util.FileLineEndingsTest" time="0.001"/>
  <testcase name="lineEndings[./java/src/jmri/jmrix/nce/NceSensor.java]" classname="jmri.util.FileLineEndingsTest" time="0.001"/>
  <testcase name="lineEndings[./java/src/jmri/jmrix/nce/networkdriver/configurexml/ConnectionConfigXml.java]" classname="jmri.util.FileLineEndingsTest" time="0"/>
  <testcase name="lineEndings[./java/src/jmri/jmrix/nce/networkdriver/NetworkDriverAdapter.java]" classname="jmri.util.FileLineEndingsTest" time="0.001"/>
  <testcase name="lineEndings[./java/src/jmri/jmrix/nce/networkdriver/ConnectionConfig.java]" classname="jmri.util.FileLineEndingsTest" time="0.001"/>
  <testcase name="lineEndings[./java/src/jmri/jmrix/nce/NceMessage.java]" classname="jmri.util.FileLineEndingsTest" time="0.001"/>
  <testcase name="lineEndings[./java/src/jmri/jmrix/nce/NcePowerManager.java]" classname="jmri.util.FileLineEndingsTest" time="0.001"/>
  <testcase name="lineEndings[./java/src/jmri/jmrix/nce/NceConnectionStatus.java]" classname="jmri.util.FileLineEndingsTest" time="0"/>
  <testcase name="lineEndings[./java/src/jmri/jmrix/nce/NceProgrammerManager.java]" classname="jmri.util.FileLineEndingsTest" time="0.001"/>
  <testcase name="lineEndings[./java/src/jmri/jmrix/nce/NcePortController.java]" classname="jmri.util.FileLineEndingsTest" time="0.001"/>
  <testcase name="lineEndings[./java/src/jmri/jmrix/nce/NceConnectionTypeList.java]" classname="jmri.util.FileLineEndingsTest" time="0.001"/>
  <testcase name="lineEndings[./java/src/jmri/jmrix/nce/NceNetworkPortController.java]" classname="jmri.util.FileLineEndingsTest" time="0"/>
  <testcase name="lineEndings[./java/src/jmri/jmrix/nce/NceThrottleManager.java]" classname="jmri.util.FileLineEndingsTest" time="0.001"/>
  <testcase name="lineEndings[./java/src/jmri/jmrix/nce/NceSensorManager.java]" classname="jmri.util.FileLineEndingsTest" time="0.001"/>
  <testcase name="lineEndings[./java/src/jmri/jmrix/nce/NceTurnout.java]" classname="jmri.util.FileLineEndingsTest" time="0.001"/>
  <testcase name="lineEndings[./java/src/jmri/jmrix/nce/NceListener.java]" classname="jmri.util.FileLineEndingsTest" time="0"/>
  <testcase name="lineEndings[./java/src/jmri/jmrix/nce/NceBinaryCommand.java]" classname="jmri.util.FileLineEndingsTest" time="0.001"/>
  <testcase name="lineEndings[./java/src/jmri/jmrix/nce/NceTrafficController.java]" classname="jmri.util.FileLineEndingsTest" time="0.001"/>
  <testcase name="lineEndings[./java/src/jmri/jmrix/nce/NceInterface.java]" classname="jmri.util.FileLineEndingsTest" time="0.001"/>
  <testcase name="lineEndings[./java/src/jmri/jmrix/nce/NceCmdStationMemory.java]" classname="jmri.util.FileLineEndingsTest" time="0.001"/>
  <testcase name="lineEndings[./java/src/jmri/jmrix/nce/NceLightManager.java]" classname="jmri.util.FileLineEndingsTest" time="0"/>
  <testcase name="lineEndings[./java/src/jmri/jmrix/nce/NceSystemConnectionMemo.java]" classname="jmri.util.FileLineEndingsTest" time="0.001"/>
  <testcase name="lineEndings[./java/src/jmri/jmrix/nce/usbinterface/UsbInterfacePanel.java]" classname="jmri.util.FileLineEndingsTest" time="0.001"/>
  <testcase name="lineEndings[./java/src/jmri/jmrix/nce/NceLight.java]" classname="jmri.util.FileLineEndingsTest" time="0.001"/>
  <testcase name="lineEndings[./java/src/jmri/jmrix/nce/NceClockControl.java]" classname="jmri.util.FileLineEndingsTest" time="0.001"/>
  <testcase name="lineEndings[./java/src/jmri/jmrix/nce/NceUSB.java]" classname="jmri.util.FileLineEndingsTest" time="0"/>
  <testcase name="lineEndings[./java/src/jmri/jmrix/nce/NceTurnoutMonitor.java]" classname="jmri.util.FileLineEndingsTest" time="0.001"/>
  <testcase name="lineEndings[./java/src/jmri/jmrix/nce/NceProgrammer.java]" classname="jmri.util.FileLineEndingsTest" time="0.001"/>
  <testcase name="lineEndings[./java/src/jmri/jmrix/nce/NceConsist.java]" classname="jmri.util.FileLineEndingsTest" time="0.001"/>
  <testcase name="lineEndings[./java/src/jmri/jmrix/nce/NceAIU.java]" classname="jmri.util.FileLineEndingsTest" time="0"/>
  <testcase name="lineEndings[./java/src/jmri/jmrix/nce/NceThrottle.java]" classname="jmri.util.FileLineEndingsTest" time="0.001"/>
  <testcase name="lineEndings[./java/src/jmri/jmrix/nce/Bundle.java]" classname="jmri.util.FileLineEndingsTest" time="0.001"/>
  <testcase name="lineEndings[./java/src/jmri/jmrix/nce/NceMessageCheck.java]" classname="jmri.util.FileLineEndingsTest" time="0.001"/>
  <testcase name="lineEndings[./java/src/jmri/jmrix/mrc/MrcTrafficListener.java]" classname="jmri.util.FileLineEndingsTest" time="0.001"/>
  <testcase name="lineEndings[./java/src/jmri/jmrix/mrc/swing/monitor/Bundle.java]" classname="jmri.util.FileLineEndingsTest" time="0"/>
  <testcase name="lineEndings[./java/src/jmri/jmrix/mrc/swing/monitor/MrcMonPanel.java]" classname="jmri.util.FileLineEndingsTest" time="0.001"/>
  <testcase name="lineEndings[./java/src/jmri/jmrix/mrc/swing/MrcPanel.java]" classname="jmri.util.FileLineEndingsTest" time="0.001"/>
  <testcase name="lineEndings[./java/src/jmri/jmrix/mrc/swing/MrcPanelInterface.java]" classname="jmri.util.FileLineEndingsTest" time="0.001"/>
  <testcase name="lineEndings[./java/src/jmri/jmrix/mrc/swing/MrcMenu.java]" classname="jmri.util.FileLineEndingsTest" time="0"/>
  <testcase name="lineEndings[./java/src/jmri/jmrix/mrc/swing/packetgen/MrcPacketGenPanel.java]" classname="jmri.util.FileLineEndingsTest" time="0.001"/>
  <testcase name="lineEndings[./java/src/jmri/jmrix/mrc/swing/packetgen/Bundle.java]" classname="jmri.util.FileLineEndingsTest" time="0.001"/>
  <testcase name="lineEndings[./java/src/jmri/jmrix/mrc/swing/Bundle.java]" classname="jmri.util.FileLineEndingsTest" time="0.001"/>
  <testcase name="lineEndings[./java/src/jmri/jmrix/mrc/swing/MrcNamedPaneAction.java]" classname="jmri.util.FileLineEndingsTest" time="0"/>
  <testcase name="lineEndings[./java/src/jmri/jmrix/mrc/swing/MrcComponentFactory.java]" classname="jmri.util.FileLineEndingsTest" time="0.001"/>
  <testcase name="lineEndings[./java/src/jmri/jmrix/mrc/simulator/ConnectionConfig.java]" classname="jmri.util.FileLineEndingsTest" time="0.001"/>
  <testcase name="lineEndings[./java/src/jmri/jmrix/mrc/simulator/configurexml/ConnectionConfigXml.java]" classname="jmri.util.FileLineEndingsTest" time="0.001"/>
  <testcase name="lineEndings[./java/src/jmri/jmrix/mrc/simulator/SimulatorAdapter.java]" classname="jmri.util.FileLineEndingsTest" time="0.001"/>
  <testcase name="lineEndings[./java/src/jmri/jmrix/mrc/MrcMessage.java]" classname="jmri.util.FileLineEndingsTest" time="0"/>
  <testcase name="lineEndings[./java/src/jmri/jmrix/mrc/MrcThrottleManager.java]" classname="jmri.util.FileLineEndingsTest" time="0.001"/>
  <testcase name="lineEndings[./java/src/jmri/jmrix/mrc/MrcTrafficController.java]" classname="jmri.util.FileLineEndingsTest" time="0.001"/>
  <testcase name="lineEndings[./java/src/jmri/jmrix/mrc/serialdriver/configurexml/ConnectionConfigXml.java]" classname="jmri.util.FileLineEndingsTest" time="0.001"/>
  <testcase name="lineEndings[./java/src/jmri/jmrix/mrc/serialdriver/SerialDriverAdapter.java]" classname="jmri.util.FileLineEndingsTest" time="0"/>
  <testcase name="lineEndings[./java/src/jmri/jmrix/mrc/serialdriver/ConnectionConfig.java]" classname="jmri.util.FileLineEndingsTest" time="0.001"/>
  <testcase name="lineEndings[./java/src/jmri/jmrix/mrc/MrcMessageException.java]" classname="jmri.util.FileLineEndingsTest" time="0.001"/>
  <testcase name="lineEndings[./java/src/jmri/jmrix/mrc/MrcPacketizer.java]" classname="jmri.util.FileLineEndingsTest" time="0.001"/>
  <testcase name="lineEndings[./java/src/jmri/jmrix/mrc/MrcInterface.java]" classname="jmri.util.FileLineEndingsTest" time="0"/>
  <testcase name="lineEndings[./java/src/jmri/jmrix/mrc/Bundle.java]" classname="jmri.util.FileLineEndingsTest" time="0"/>
  <testcase name="lineEndings[./java/src/jmri/jmrix/mrc/MrcPortController.java]" classname="jmri.util.FileLineEndingsTest" time="0.001"/>
  <testcase name="lineEndings[./java/src/jmri/jmrix/mrc/MrcProgrammer.java]" classname="jmri.util.FileLineEndingsTest" time="0.001"/>
  <testcase name="lineEndings[./java/src/jmri/jmrix/mrc/MrcClockControl.java]" classname="jmri.util.FileLineEndingsTest" time="0.001"/>
  <testcase name="lineEndings[./java/src/jmri/jmrix/mrc/MrcTrafficListenerFilter.java]" classname="jmri.util.FileLineEndingsTest" time="0"/>
  <testcase name="lineEndings[./java/src/jmri/jmrix/mrc/MrcPackets.java]" classname="jmri.util.FileLineEndingsTest" time="0.001"/>
  <testcase name="lineEndings[./java/src/jmri/jmrix/mrc/MrcPowerManager.java]" classname="jmri.util.FileLineEndingsTest" time="0.001"/>
  <testcase name="lineEndings[./java/src/jmri/jmrix/mrc/MrcSystemConnectionMemo.java]" classname="jmri.util.FileLineEndingsTest" time="0.001"/>
  <testcase name="lineEndings[./java/src/jmri/jmrix/mrc/MrcTurnoutManager.java]" classname="jmri.util.FileLineEndingsTest" time="0"/>
  <testcase name="lineEndings[./java/src/jmri/jmrix/mrc/MrcConnectionTypeList.java]" classname="jmri.util.FileLineEndingsTest" time="0"/>
  <testcase name="lineEndings[./java/src/jmri/jmrix/mrc/MrcTurnout.java]" classname="jmri.util.FileLineEndingsTest" time="0.001"/>
  <testcase name="lineEndings[./java/src/jmri/jmrix/mrc/MrcThrottle.java]" classname="jmri.util.FileLineEndingsTest" time="0.001"/>
  <testcase name="lineEndings[./java/src/jmri/jmrix/mrc/configurexml/MrcTurnoutManagerXml.java]" classname="jmri.util.FileLineEndingsTest" time="0.001"/>
  <testcase name="lineEndings[./java/src/jmri/jmrix/mrc/MrcProgrammerManager.java]" classname="jmri.util.FileLineEndingsTest" time="0"/>
  <testcase name="lineEndings[./java/src/jmri/jmrix/mrc/MrcOpsModeProgrammer.java]" classname="jmri.util.FileLineEndingsTest" time="0.001"/>
  <testcase name="lineEndings[./java/src/jmri/jmrix/mrc/MrcException.java]" classname="jmri.util.FileLineEndingsTest" time="0.001"/>
  <testcase name="lineEndings[./java/src/jmri/jmrix/openlcb/OlcbTurnoutManager.java]" classname="jmri.util.FileLineEndingsTest" time="0.001"/>
  <testcase name="lineEndings[./java/src/jmri/jmrix/openlcb/swing/tie/TieToolFrame.java]" classname="jmri.util.FileLineEndingsTest" time="0"/>
  <testcase name="lineEndings[./java/src/jmri/jmrix/openlcb/swing/tie/ProducerTablePane.java]" classname="jmri.util.FileLineEndingsTest" time="0.001"/>
  <testcase name="lineEndings[./java/src/jmri/jmrix/openlcb/swing/tie/ConsumerTablePane.java]" classname="jmri.util.FileLineEndingsTest" time="0.001"/>
  <testcase name="lineEndings[./java/src/jmri/jmrix/openlcb/swing/tie/ConsumerTableModel.java]" classname="jmri.util.FileLineEndingsTest" time="0.001"/>
  <testcase name="lineEndings[./java/src/jmri/jmrix/openlcb/swing/tie/package-info.java]" classname="jmri.util.FileLineEndingsTest" time="0"/>
  <testcase name="lineEndings[./java/src/jmri/jmrix/openlcb/swing/tie/TieTablePane.java]" classname="jmri.util.FileLineEndingsTest" time="0.001"/>
  <testcase name="lineEndings[./java/src/jmri/jmrix/openlcb/swing/tie/TieTableModel.java]" classname="jmri.util.FileLineEndingsTest" time="0.001"/>
  <testcase name="lineEndings[./java/src/jmri/jmrix/openlcb/swing/tie/ProducerTableModel.java]" classname="jmri.util.FileLineEndingsTest" time="0.001"/>
  <testcase name="lineEndings[./java/src/jmri/jmrix/openlcb/swing/package-info.java]" classname="jmri.util.FileLineEndingsTest" time="0.001"/>
  <testcase name="lineEndings[./java/src/jmri/jmrix/openlcb/swing/clockmon/Bundle.java]" classname="jmri.util.FileLineEndingsTest" time="0"/>
  <testcase name="lineEndings[./java/src/jmri/jmrix/openlcb/swing/hub/HubPane.java]" classname="jmri.util.FileLineEndingsTest" time="0.001"/>
  <testcase name="lineEndings[./java/src/jmri/jmrix/openlcb/swing/hub/HubAction.java]" classname="jmri.util.FileLineEndingsTest" time="0.001"/>
  <testcase name="lineEndings[./java/src/jmri/jmrix/openlcb/swing/ClientActions.java]" classname="jmri.util.FileLineEndingsTest" time="0.001"/>
  <testcase name="lineEndings[./java/src/jmri/jmrix/openlcb/swing/downloader/package-info.java]" classname="jmri.util.FileLineEndingsTest" time="0"/>
  <testcase name="lineEndings[./java/src/jmri/jmrix/openlcb/swing/downloader/LoaderAction.java]" classname="jmri.util.FileLineEndingsTest" time="0.001"/>
  <testcase name="lineEndings[./java/src/jmri/jmrix/openlcb/swing/downloader/LoaderPane.java]" classname="jmri.util.FileLineEndingsTest" time="0.001"/>
  <testcase name="lineEndings[./java/src/jmri/jmrix/openlcb/swing/downloader/Bundle.java]" classname="jmri.util.FileLineEndingsTest" time="0.001"/>
  <testcase name="lineEndings[./java/src/jmri/jmrix/openlcb/swing/networktree/NetworkTreeAction.java]" classname="jmri.util.FileLineEndingsTest" time="0.001"/>
  <testcase name="lineEndings[./java/src/jmri/jmrix/openlcb/swing/networktree/NetworkTreePane.java]" classname="jmri.util.FileLineEndingsTest" time="0"/>
  <testcase name="lineEndings[./java/src/jmri/jmrix/openlcb/swing/monitor/Bundle.java]" classname="jmri.util.FileLineEndingsTest" time="0.001"/>
  <testcase name="lineEndings[./java/src/jmri/jmrix/openlcb/swing/monitor/MonitorPane.java]" classname="jmri.util.FileLineEndingsTest" time="0.001"/>
  <testcase name="lineEndings[./java/src/jmri/jmrix/openlcb/swing/monitor/MonitorAction.java]" classname="jmri.util.FileLineEndingsTest" time="0.001"/>
  <testcase name="lineEndings[./java/src/jmri/jmrix/openlcb/swing/Bundle.java]" classname="jmri.util.FileLineEndingsTest" time="0"/>
  <testcase name="lineEndings[./java/src/jmri/jmrix/openlcb/swing/send/package-info.java]" classname="jmri.util.FileLineEndingsTest" time="0.001"/>
  <testcase name="lineEndings[./java/src/jmri/jmrix/openlcb/swing/send/OpenLcbCanSendPane.java]" classname="jmri.util.FileLineEndingsTest" time="0.001"/>
  <testcase name="lineEndings[./java/src/jmri/jmrix/openlcb/swing/send/OpenLcbCanSendAction.java]" classname="jmri.util.FileLineEndingsTest" time="0.001"/>
  <testcase name="lineEndings[./java/src/jmri/jmrix/openlcb/swing/OpenLcbComponentFactory.java]" classname="jmri.util.FileLineEndingsTest" time="0"/>
  <testcase name="lineEndings[./java/src/jmri/jmrix/openlcb/OlcbProgrammer.java]" classname="jmri.util.FileLineEndingsTest" time="0.001"/>
  <testcase name="lineEndings[./java/src/jmri/jmrix/openlcb/OlcbConfigurationManager.java]" classname="jmri.util.FileLineEndingsTest" time="0.001"/>
  <testcase name="lineEndings[./java/src/jmri/jmrix/openlcb/OlcbSystemConnectionMemo.java]" classname="jmri.util.FileLineEndingsTest" time="0.001"/>
  <testcase name="lineEndings[./java/src/jmri/jmrix/openlcb/configurexml/OlcbSignalMastXml.java]" classname="jmri.util.FileLineEndingsTest" time="0.001"/>
  <testcase name="lineEndings[./java/src/jmri/jmrix/openlcb/configurexml/OlcbTurnoutManagerXml.java]" classname="jmri.util.FileLineEndingsTest" time="0"/>
  <testcase name="lineEndings[./java/src/jmri/jmrix/openlcb/configurexml/OlcbSensorManagerXml.java]" classname="jmri.util.FileLineEndingsTest" time="0.001"/>
  <testcase name="lineEndings[./java/src/jmri/jmrix/openlcb/OlcbSensor.java]" classname="jmri.util.FileLineEndingsTest" time="0.001"/>
  <testcase name="lineEndings[./java/src/jmri/jmrix/openlcb/OlcbSensorManager.java]" classname="jmri.util.FileLineEndingsTest" time="0.001"/>
  <testcase name="lineEndings[./java/src/jmri/jmrix/openlcb/OlcbThrottle.java]" classname="jmri.util.FileLineEndingsTest" time="0"/>
  <testcase name="lineEndings[./java/src/jmri/jmrix/openlcb/LinkNodeInventory.java]" classname="jmri.util.FileLineEndingsTest" time="0.001"/>
  <testcase name="lineEndings[./java/src/jmri/jmrix/openlcb/OlcbProgrammerManager.java]" classname="jmri.util.FileLineEndingsTest" time="0.001"/>
  <testcase name="lineEndings[./java/src/jmri/jmrix/openlcb/OlcbSignalMast.java]" classname="jmri.util.FileLineEndingsTest" time="0.001"/>
  <testcase name="lineEndings[./java/src/jmri/jmrix/openlcb/OlcbTurnout.java]" classname="jmri.util.FileLineEndingsTest" time="0.001"/>
  <testcase name="lineEndings[./java/src/jmri/jmrix/openlcb/OlcbAddress.java]" classname="jmri.util.FileLineEndingsTest" time="0"/>
  <testcase name="lineEndings[./java/src/jmri/jmrix/openlcb/package-info.java]" classname="jmri.util.FileLineEndingsTest" time="0.001"/>
  <testcase name="lineEndings[./java/src/jmri/jmrix/openlcb/OpenLcbLocoAddress.java]" classname="jmri.util.FileLineEndingsTest" time="0.001"/>
  <testcase name="lineEndings[./java/src/jmri/jmrix/openlcb/OlcbUtils.java]" classname="jmri.util.FileLineEndingsTest" time="0.001"/>
  <testcase name="lineEndings[./java/src/jmri/jmrix/openlcb/OpenLcbMenu.java]" classname="jmri.util.FileLineEndingsTest" time="0"/>
  <testcase name="lineEndings[./java/src/jmri/jmrix/openlcb/OlcbConnectionTypeList.java]" classname="jmri.util.FileLineEndingsTest" time="0.001"/>
  <testcase name="lineEndings[./java/src/jmri/jmrix/openlcb/OlcbConstants.java]" classname="jmri.util.FileLineEndingsTest" time="0.001"/>
  <testcase name="lineEndings[./java/src/jmri/jmrix/openlcb/OlcbThrottleManager.java]" classname="jmri.util.FileLineEndingsTest" time="0.001"/>
  <testcase name="lineEndings[./java/src/jmri/jmrix/openlcb/Bundle.java]" classname="jmri.util.FileLineEndingsTest" time="0"/>
  <testcase name="lineEndings[./java/src/jmri/jmrix/xpa/XpaTrafficController.java]" classname="jmri.util.FileLineEndingsTest" time="0.001"/>
  <testcase name="lineEndings[./java/src/jmri/jmrix/xpa/Bundle.java]" classname="jmri.util.FileLineEndingsTest" time="0.001"/>
  <testcase name="lineEndings[./java/src/jmri/jmrix/xpa/serialdriver/SerialDriverAdapter.java]" classname="jmri.util.FileLineEndingsTest" time="0.001"/>
  <testcase name="lineEndings[./java/src/jmri/jmrix/xpa/serialdriver/configurexml/ConnectionConfigXml.java]" classname="jmri.util.FileLineEndingsTest" time="0"/>
  <testcase name="lineEndings[./java/src/jmri/jmrix/xpa/serialdriver/ConnectionConfig.java]" classname="jmri.util.FileLineEndingsTest" time="0.001"/>
  <testcase name="lineEndings[./java/src/jmri/jmrix/xpa/serialdriver/Bundle.java]" classname="jmri.util.FileLineEndingsTest" time="0.001"/>
  <testcase name="lineEndings[./java/src/jmri/jmrix/xpa/swing/XpaComponentFactory.java]" classname="jmri.util.FileLineEndingsTest" time="0.001"/>
  <testcase name="lineEndings[./java/src/jmri/jmrix/xpa/swing/xpamon/Bundle.java]" classname="jmri.util.FileLineEndingsTest" time="0.001"/>
  <testcase name="lineEndings[./java/src/jmri/jmrix/xpa/swing/xpamon/XpaMonAction.java]" classname="jmri.util.FileLineEndingsTest" time="0"/>
  <testcase name="lineEndings[./java/src/jmri/jmrix/xpa/swing/xpamon/XpaMonPane.java]" classname="jmri.util.FileLineEndingsTest" time="0.001"/>
  <testcase name="lineEndings[./java/src/jmri/jmrix/xpa/swing/packetgen/XpaPacketGenFrame.java]" classname="jmri.util.FileLineEndingsTest" time="0.001"/>
  <testcase name="lineEndings[./java/src/jmri/jmrix/xpa/swing/packetgen/XpaPacketGenAction.java]" classname="jmri.util.FileLineEndingsTest" time="0.001"/>
  <testcase name="lineEndings[./java/src/jmri/jmrix/xpa/swing/packetgen/Bundle.java]" classname="jmri.util.FileLineEndingsTest" time="0"/>
  <testcase name="lineEndings[./java/src/jmri/jmrix/xpa/swing/xpaconfig/XpaConfigureAction.java]" classname="jmri.util.FileLineEndingsTest" time="0.001"/>
  <testcase name="lineEndings[./java/src/jmri/jmrix/xpa/swing/xpaconfig/XpaConfigureFrame.java]" classname="jmri.util.FileLineEndingsTest" time="0.001"/>
  <testcase name="lineEndings[./java/src/jmri/jmrix/xpa/swing/xpaconfig/Bundle.java]" classname="jmri.util.FileLineEndingsTest" time="0.001"/>
  <testcase name="lineEndings[./java/src/jmri/jmrix/xpa/swing/Bundle.java]" classname="jmri.util.FileLineEndingsTest" time="0.001"/>
  <testcase name="lineEndings[./java/src/jmri/jmrix/xpa/swing/XpaMenu.java]" classname="jmri.util.FileLineEndingsTest" time="0"/>
  <testcase name="lineEndings[./java/src/jmri/jmrix/xpa/XpaThrottle.java]" classname="jmri.util.FileLineEndingsTest" time="0.001"/>
  <testcase name="lineEndings[./java/src/jmri/jmrix/xpa/configurexml/XpaTurnoutManagerXml.java]" classname="jmri.util.FileLineEndingsTest" time="0.001"/>
  <testcase name="lineEndings[./java/src/jmri/jmrix/xpa/XpaThrottleManager.java]" classname="jmri.util.FileLineEndingsTest" time="0.001"/>
  <testcase name="lineEndings[./java/src/jmri/jmrix/xpa/XpaListener.java]" classname="jmri.util.FileLineEndingsTest" time="0"/>
  <testcase name="lineEndings[./java/src/jmri/jmrix/xpa/XpaPowerManager.java]" classname="jmri.util.FileLineEndingsTest" time="0.001"/>
  <testcase name="lineEndings[./java/src/jmri/jmrix/xpa/XpaMessage.java]" classname="jmri.util.FileLineEndingsTest" time="0.001"/>
  <testcase name="lineEndings[./java/src/jmri/jmrix/xpa/XpaTurnout.java]" classname="jmri.util.FileLineEndingsTest" time="0.001"/>
  <testcase name="lineEndings[./java/src/jmri/jmrix/xpa/XpaPortController.java]" classname="jmri.util.FileLineEndingsTest" time="0"/>
  <testcase name="lineEndings[./java/src/jmri/jmrix/xpa/XpaSystemConnectionMemo.java]" classname="jmri.util.FileLineEndingsTest" time="0.001"/>
  <testcase name="lineEndings[./java/src/jmri/jmrix/xpa/XpaInterface.java]" classname="jmri.util.FileLineEndingsTest" time="0.001"/>
  <testcase name="lineEndings[./java/src/jmri/jmrix/xpa/XpaTurnoutManager.java]" classname="jmri.util.FileLineEndingsTest" time="0.001"/>
  <testcase name="lineEndings[./java/src/jmri/jmrix/sprog/sprogslotmon/SprogSlotMonFrame.java]" classname="jmri.util.FileLineEndingsTest" time="0"/>
  <testcase name="lineEndings[./java/src/jmri/jmrix/sprog/sprogslotmon/SprogSlotMonDataModel.java]" classname="jmri.util.FileLineEndingsTest" time="0.001"/>
  <testcase name="lineEndings[./java/src/jmri/jmrix/sprog/sprogslotmon/Bundle.java]" classname="jmri.util.FileLineEndingsTest" time="0.001"/>
  <testcase name="lineEndings[./java/src/jmri/jmrix/sprog/sprogslotmon/SprogSlotMonAction.java]" classname="jmri.util.FileLineEndingsTest" time="0.001"/>
  <testcase name="lineEndings[./java/src/jmri/jmrix/sprog/SprogCommandStation.java]" classname="jmri.util.FileLineEndingsTest" time="0.001"/>
  <testcase name="lineEndings[./java/src/jmri/jmrix/sprog/simulator/SimulatorAdapter.java]" classname="jmri.util.FileLineEndingsTest" time="0"/>
  <testcase name="lineEndings[./java/src/jmri/jmrix/sprog/simulator/ConnectionConfig.java]" classname="jmri.util.FileLineEndingsTest" time="0.001"/>
  <testcase name="lineEndings[./java/src/jmri/jmrix/sprog/simulator/configurexml/ConnectionConfigXml.java]" classname="jmri.util.FileLineEndingsTest" time="0.001"/>
  <testcase name="lineEndings[./java/src/jmri/jmrix/sprog/simulator/Bundle.java]" classname="jmri.util.FileLineEndingsTest" time="0.001"/>
  <testcase name="lineEndings[./java/src/jmri/jmrix/sprog/update/SprogIIUpdateFrame.java]" classname="jmri.util.FileLineEndingsTest" time="0"/>
  <testcase name="lineEndings[./java/src/jmri/jmrix/sprog/update/SprogHexFile.java]" classname="jmri.util.FileLineEndingsTest" time="0.001"/>
  <testcase name="lineEndings[./java/src/jmri/jmrix/sprog/update/SprogVersionQuery.java]" classname="jmri.util.FileLineEndingsTest" time="0.001"/>
  <testcase name="lineEndings[./java/src/jmri/jmrix/sprog/update/SprogIIUpdateAction.java]" classname="jmri.util.FileLineEndingsTest" time="0.001"/>
  <testcase name="lineEndings[./java/src/jmri/jmrix/sprog/update/SprogType.java]" classname="jmri.util.FileLineEndingsTest" time="0.001"/>
  <testcase name="lineEndings[./java/src/jmri/jmrix/sprog/update/SprogUpdateFrame.java]" classname="jmri.util.FileLineEndingsTest" time="0"/>
  <testcase name="lineEndings[./java/src/jmri/jmrix/sprog/update/SprogVersionListener.java]" classname="jmri.util.FileLineEndingsTest" time="0.001"/>
  <testcase name="lineEndings[./java/src/jmri/jmrix/sprog/update/Bundle.java]" classname="jmri.util.FileLineEndingsTest" time="0.001"/>
  <testcase name="lineEndings[./java/src/jmri/jmrix/sprog/update/Sprogv4UpdateAction.java]" classname="jmri.util.FileLineEndingsTest" time="0.001"/>
  <testcase name="lineEndings[./java/src/jmri/jmrix/sprog/update/Sprogv4UpdateFrame.java]" classname="jmri.util.FileLineEndingsTest" time="0"/>
  <testcase name="lineEndings[./java/src/jmri/jmrix/sprog/update/SprogVersionAction.java]" classname="jmri.util.FileLineEndingsTest" time="0.002"/>
  <testcase name="lineEndings[./java/src/jmri/jmrix/sprog/update/SprogVersionFrame.java]" classname="jmri.util.FileLineEndingsTest" time="0.001"/>
  <testcase name="lineEndings[./java/src/jmri/jmrix/sprog/update/SprogVersion.java]" classname="jmri.util.FileLineEndingsTest" time="0.001"/>
  <testcase name="lineEndings[./java/src/jmri/jmrix/sprog/update/SprogUpdateAction.java]" classname="jmri.util.FileLineEndingsTest" time="0"/>
  <testcase name="lineEndings[./java/src/jmri/jmrix/sprog/SprogThrottle.java]" classname="jmri.util.FileLineEndingsTest" time="0.001"/>
  <testcase name="lineEndings[./java/src/jmri/jmrix/sprog/pi/pisprogonecs/configurexml/ConnectionConfigXml.java]" classname="jmri.util.FileLineEndingsTest" time="0.001"/>
  <testcase name="lineEndings[./java/src/jmri/jmrix/sprog/pi/pisprogonecs/ConnectionConfig.java]" classname="jmri.util.FileLineEndingsTest" time="0.001"/>
  <testcase name="lineEndings[./java/src/jmri/jmrix/sprog/pi/pisprogonecs/PiSprogOneCSSerialDriverAdapter.java]" classname="jmri.util.FileLineEndingsTest" time="0.001"/>
  <testcase name="lineEndings[./java/src/jmri/jmrix/sprog/pi/pisprogonecs/Bundle.java]" classname="jmri.util.FileLineEndingsTest" time="0"/>
  <testcase name="lineEndings[./java/src/jmri/jmrix/sprog/pi/pisprogone/PiSprogOneSerialDriverAdapter.java]" classname="jmri.util.FileLineEndingsTest" time="0.001"/>
  <testcase name="lineEndings[./java/src/jmri/jmrix/sprog/pi/pisprogone/configurexml/ConnectionConfigXml.java]" classname="jmri.util.FileLineEndingsTest" time="0.001"/>
  <testcase name="lineEndings[./java/src/jmri/jmrix/sprog/pi/pisprogone/Bundle.java]" classname="jmri.util.FileLineEndingsTest" time="0.001"/>
  <testcase name="lineEndings[./java/src/jmri/jmrix/sprog/pi/pisprogone/ConnectionConfig.java]" classname="jmri.util.FileLineEndingsTest" time="0"/>
  <testcase name="lineEndings[./java/src/jmri/jmrix/sprog/pi/pisprognano/PiSprogNanoSerialDriverAdapter.java]" classname="jmri.util.FileLineEndingsTest" time="0.001"/>
  <testcase name="lineEndings[./java/src/jmri/jmrix/sprog/pi/pisprognano/ConnectionConfig.java]" classname="jmri.util.FileLineEndingsTest" time="0.001"/>
  <testcase name="lineEndings[./java/src/jmri/jmrix/sprog/pi/pisprognano/Bundle.java]" classname="jmri.util.FileLineEndingsTest" time="0.001"/>
  <testcase name="lineEndings[./java/src/jmri/jmrix/sprog/pi/pisprognano/configurexml/ConnectionConfigXml.java]" classname="jmri.util.FileLineEndingsTest" time="0"/>
  <testcase name="lineEndings[./java/src/jmri/jmrix/sprog/pi/Bundle.java]" classname="jmri.util.FileLineEndingsTest" time="0.001"/>
  <testcase name="lineEndings[./java/src/jmri/jmrix/sprog/sprogCS/ConnectionConfig.java]" classname="jmri.util.FileLineEndingsTest" time="0.001"/>
  <testcase name="lineEndings[./java/src/jmri/jmrix/sprog/sprogCS/configurexml/ConnectionConfigXml.java]" classname="jmri.util.FileLineEndingsTest" time="0.001"/>
  <testcase name="lineEndings[./java/src/jmri/jmrix/sprog/sprogCS/SprogCSSerialDriverAdapter.java]" classname="jmri.util.FileLineEndingsTest" time="0.001"/>
  <testcase name="lineEndings[./java/src/jmri/jmrix/sprog/sprogCS/Bundle.java]" classname="jmri.util.FileLineEndingsTest" time="0"/>
  <testcase name="lineEndings[./java/src/jmri/jmrix/sprog/sprogmon/SprogMonFrame.java]" classname="jmri.util.FileLineEndingsTest" time="0.001"/>
  <testcase name="lineEndings[./java/src/jmri/jmrix/sprog/sprogmon/SprogMonAction.java]" classname="jmri.util.FileLineEndingsTest" time="0.001"/>
  <testcase name="lineEndings[./java/src/jmri/jmrix/sprog/sprogmon/Bundle.java]" classname="jmri.util.FileLineEndingsTest" time="0.001"/>
  <testcase name="lineEndings[./java/src/jmri/jmrix/sprog/configurexml/SprogTurnoutManagerXml.java]" classname="jmri.util.FileLineEndingsTest" time="0"/>
  <testcase name="lineEndings[./java/src/jmri/jmrix/sprog/sprog/configurexml/ConnectionConfigXml.java]" classname="jmri.util.FileLineEndingsTest" time="0.001"/>
  <testcase name="lineEndings[./java/src/jmri/jmrix/sprog/sprog/ConnectionConfig.java]" classname="jmri.util.FileLineEndingsTest" time="0.001"/>
  <testcase name="lineEndings[./java/src/jmri/jmrix/sprog/console/SprogConsoleAction.java]" classname="jmri.util.FileLineEndingsTest" time="0.001"/>
  <testcase name="lineEndings[./java/src/jmri/jmrix/sprog/console/Bundle.java]" classname="jmri.util.FileLineEndingsTest" time="0"/>
  <testcase name="lineEndings[./java/src/jmri/jmrix/sprog/console/SprogConsoleFrame.java]" classname="jmri.util.FileLineEndingsTest" time="0.001"/>
  <testcase name="lineEndings[./java/src/jmri/jmrix/sprog/packetgen/Bundle.java]" classname="jmri.util.FileLineEndingsTest" time="0.001"/>
  <testcase name="lineEndings[./java/src/jmri/jmrix/sprog/packetgen/SprogPacketGenFrame.java]" classname="jmri.util.FileLineEndingsTest" time="0.001"/>
  <testcase name="lineEndings[./java/src/jmri/jmrix/sprog/packetgen/SprogPacketGenAction.java]" classname="jmri.util.FileLineEndingsTest" time="0"/>
  <testcase name="lineEndings[./java/src/jmri/jmrix/sprog/SprogTrafficController.java]" classname="jmri.util.FileLineEndingsTest" time="0"/>
  <testcase name="lineEndings[./java/src/jmri/jmrix/sprog/SprogReply.java]" classname="jmri.util.FileLineEndingsTest" time="0.001"/>
  <testcase name="lineEndings[./java/src/jmri/jmrix/sprog/serialdriver/ConnectionConfig.java]" classname="jmri.util.FileLineEndingsTest" time="0.001"/>
  <testcase name="lineEndings[./java/src/jmri/jmrix/sprog/serialdriver/configurexml/ConnectionConfigXml.java]" classname="jmri.util.FileLineEndingsTest" time="0.001"/>
  <testcase name="lineEndings[./java/src/jmri/jmrix/sprog/serialdriver/Bundle.java]" classname="jmri.util.FileLineEndingsTest" time="0"/>
  <testcase name="lineEndings[./java/src/jmri/jmrix/sprog/serialdriver/SerialDriverAdapter.java]" classname="jmri.util.FileLineEndingsTest" time="0.001"/>
  <testcase name="lineEndings[./java/src/jmri/jmrix/sprog/SprogSystemConnectionMemo.java]" classname="jmri.util.FileLineEndingsTest" time="0.001"/>
  <testcase name="lineEndings[./java/src/jmri/jmrix/sprog/SprogCSTurnout.java]" classname="jmri.util.FileLineEndingsTest" time="0.001"/>
  <testcase name="lineEndings[./java/src/jmri/jmrix/sprog/sprognano/SprogNanoSerialDriverAdapter.java]" classname="jmri.util.FileLineEndingsTest" time="0"/>
  <testcase name="lineEndings[./java/src/jmri/jmrix/sprog/sprognano/ConnectionConfig.java]" classname="jmri.util.FileLineEndingsTest" time="0.001"/>
  <testcase name="lineEndings[./java/src/jmri/jmrix/sprog/sprognano/configurexml/ConnectionConfigXml.java]" classname="jmri.util.FileLineEndingsTest" time="0.001"/>
  <testcase name="lineEndings[./java/src/jmri/jmrix/sprog/sprognano/Bundle.java]" classname="jmri.util.FileLineEndingsTest" time="0.001"/>
  <testcase name="lineEndings[./java/src/jmri/jmrix/sprog/SprogInterface.java]" classname="jmri.util.FileLineEndingsTest" time="0.001"/>
  <testcase name="lineEndings[./java/src/jmri/jmrix/sprog/SprogThrottleManager.java]" classname="jmri.util.FileLineEndingsTest" time="0"/>
  <testcase name="lineEndings[./java/src/jmri/jmrix/sprog/SprogConnectionTypeList.java]" classname="jmri.util.FileLineEndingsTest" time="0.001"/>
  <testcase name="lineEndings[./java/src/jmri/jmrix/sprog/SprogMessage.java]" classname="jmri.util.FileLineEndingsTest" time="0.001"/>
  <testcase name="lineEndings[./java/src/jmri/jmrix/sprog/SprogTurnout.java]" classname="jmri.util.FileLineEndingsTest" time="0.001"/>
  <testcase name="lineEndings[./java/src/jmri/jmrix/sprog/SprogSlot.java]" classname="jmri.util.FileLineEndingsTest" time="0"/>
  <testcase name="lineEndings[./java/src/jmri/jmrix/sprog/SprogSlotListener.java]" classname="jmri.util.FileLineEndingsTest" time="0.001"/>
  <testcase name="lineEndings[./java/src/jmri/jmrix/sprog/SprogCSStreamPortController.java]" classname="jmri.util.FileLineEndingsTest" time="0.001"/>
  <testcase name="lineEndings[./java/src/jmri/jmrix/sprog/SPROGMenu.java]" classname="jmri.util.FileLineEndingsTest" time="0.001"/>
  <testcase name="lineEndings[./java/src/jmri/jmrix/sprog/SprogTurnoutManager.java]" classname="jmri.util.FileLineEndingsTest" time="0"/>
  <testcase name="lineEndings[./java/src/jmri/jmrix/sprog/SprogCSThrottle.java]" classname="jmri.util.FileLineEndingsTest" time="0.001"/>
  <testcase name="lineEndings[./java/src/jmri/jmrix/sprog/SprogListener.java]" classname="jmri.util.FileLineEndingsTest" time="0.001"/>
  <testcase name="lineEndings[./java/src/jmri/jmrix/sprog/SprogOpsModeProgrammer.java]" classname="jmri.util.FileLineEndingsTest" time="0.001"/>
  <testcase name="lineEndings[./java/src/jmri/jmrix/sprog/SPROGCSMenu.java]" classname="jmri.util.FileLineEndingsTest" time="0"/>
  <testcase name="lineEndings[./java/src/jmri/jmrix/sprog/SprogCSThrottleManager.java]" classname="jmri.util.FileLineEndingsTest" time="0.001"/>
  <testcase name="lineEndings[./java/src/jmri/jmrix/sprog/swing/SprogComponentFactory.java]" classname="jmri.util.FileLineEndingsTest" time="0.001"/>
  <testcase name="lineEndings[./java/src/jmri/jmrix/sprog/SprogPortController.java]" classname="jmri.util.FileLineEndingsTest" time="0.001"/>
  <testcase name="lineEndings[./java/src/jmri/jmrix/sprog/Bundle.java]" classname="jmri.util.FileLineEndingsTest" time="0"/>
  <testcase name="lineEndings[./java/src/jmri/jmrix/sprog/SprogConstants.java]" classname="jmri.util.FileLineEndingsTest" time="0.001"/>
  <testcase name="lineEndings[./java/src/jmri/jmrix/sprog/SprogPowerManager.java]" classname="jmri.util.FileLineEndingsTest" time="0.001"/>
  <testcase name="lineEndings[./java/src/jmri/jmrix/sprog/SprogProgrammerManager.java]" classname="jmri.util.FileLineEndingsTest" time="0.001"/>
  <testcase name="lineEndings[./java/src/jmri/jmrix/sprog/SprogProgrammer.java]" classname="jmri.util.FileLineEndingsTest" time="0.001"/>
  <testcase name="lineEndings[./java/src/jmri/jmrix/marklin/swing/monitor/Bundle.java]" classname="jmri.util.FileLineEndingsTest" time="0"/>
  <testcase name="lineEndings[./java/src/jmri/jmrix/marklin/swing/monitor/MarklinMonPane.java]" classname="jmri.util.FileLineEndingsTest" time="0.001"/>
  <testcase name="lineEndings[./java/src/jmri/jmrix/marklin/swing/monitor/MarklinMon.java]" classname="jmri.util.FileLineEndingsTest" time="0.001"/>
  <testcase name="lineEndings[./java/src/jmri/jmrix/marklin/swing/MarklinNamedPaneAction.java]" classname="jmri.util.FileLineEndingsTest" time="0.001"/>
  <testcase name="lineEndings[./java/src/jmri/jmrix/marklin/swing/packetgen/Bundle.java]" classname="jmri.util.FileLineEndingsTest" time="0"/>
  <testcase name="lineEndings[./java/src/jmri/jmrix/marklin/swing/packetgen/PacketGenPanel.java]" classname="jmri.util.FileLineEndingsTest" time="0.001"/>
  <testcase name="lineEndings[./java/src/jmri/jmrix/marklin/swing/Bundle.java]" classname="jmri.util.FileLineEndingsTest" time="0.001"/>
  <testcase name="lineEndings[./java/src/jmri/jmrix/marklin/swing/MarklinPanelInterface.java]" classname="jmri.util.FileLineEndingsTest" time="0.001"/>
  <testcase name="lineEndings[./java/src/jmri/jmrix/marklin/swing/MarklinMenu.java]" classname="jmri.util.FileLineEndingsTest" time="0"/>
  <testcase name="lineEndings[./java/src/jmri/jmrix/marklin/swing/MarklinComponentFactory.java]" classname="jmri.util.FileLineEndingsTest" time="0.001"/>
  <testcase name="lineEndings[./java/src/jmri/jmrix/marklin/swing/MarklinPanel.java]" classname="jmri.util.FileLineEndingsTest" time="0.001"/>
  <testcase name="lineEndings[./java/src/jmri/jmrix/marklin/MarklinReply.java]" classname="jmri.util.FileLineEndingsTest" time="0.001"/>
  <testcase name="lineEndings[./java/src/jmri/jmrix/marklin/MarklinThrottleManager.java]" classname="jmri.util.FileLineEndingsTest" time="0"/>
  <testcase name="lineEndings[./java/src/jmri/jmrix/marklin/MarklinSensorManager.java]" classname="jmri.util.FileLineEndingsTest" time="0.001"/>
  <testcase name="lineEndings[./java/src/jmri/jmrix/marklin/MarklinThrottle.java]" classname="jmri.util.FileLineEndingsTest" time="0.001"/>
  <testcase name="lineEndings[./java/src/jmri/jmrix/marklin/MarklinPortController.java]" classname="jmri.util.FileLineEndingsTest" time="0.001"/>
  <testcase name="lineEndings[./java/src/jmri/jmrix/marklin/MarklinConstants.java]" classname="jmri.util.FileLineEndingsTest" time="0.001"/>
  <testcase name="lineEndings[./java/src/jmri/jmrix/marklin/MarklinTrafficController.java]" classname="jmri.util.FileLineEndingsTest" time="0"/>
  <testcase name="lineEndings[./java/src/jmri/jmrix/marklin/networkdriver/NetworkDriverAdapter.java]" classname="jmri.util.FileLineEndingsTest" time="0.001"/>
  <testcase name="lineEndings[./java/src/jmri/jmrix/marklin/networkdriver/ConnectionConfig.java]" classname="jmri.util.FileLineEndingsTest" time="0.001"/>
  <testcase name="lineEndings[./java/src/jmri/jmrix/marklin/networkdriver/configurexml/ConnectionConfigXml.java]" classname="jmri.util.FileLineEndingsTest" time="0.001"/>
  <testcase name="lineEndings[./java/src/jmri/jmrix/marklin/MarklinMessage.java]" classname="jmri.util.FileLineEndingsTest" time="0"/>
  <testcase name="lineEndings[./java/src/jmri/jmrix/marklin/configurexml/MarklinSensorManagerXml.java]" classname="jmri.util.FileLineEndingsTest" time="0.001"/>
  <testcase name="lineEndings[./java/src/jmri/jmrix/marklin/configurexml/MarklinTurnoutManagerXml.java]" classname="jmri.util.FileLineEndingsTest" time="0.001"/>
  <testcase name="lineEndings[./java/src/jmri/jmrix/marklin/Bundle.java]" classname="jmri.util.FileLineEndingsTest" time="0.001"/>
  <testcase name="lineEndings[./java/src/jmri/jmrix/marklin/MarklinSensor.java]" classname="jmri.util.FileLineEndingsTest" time="0"/>
  <testcase name="lineEndings[./java/src/jmri/jmrix/marklin/MarklinPowerManager.java]" classname="jmri.util.FileLineEndingsTest" time="0"/>
  <testcase name="lineEndings[./java/src/jmri/jmrix/marklin/MarklinListener.java]" classname="jmri.util.FileLineEndingsTest" time="0.001"/>
  <testcase name="lineEndings[./java/src/jmri/jmrix/marklin/MarklinConnectionTypeList.java]" classname="jmri.util.FileLineEndingsTest" time="0.001"/>
  <testcase name="lineEndings[./java/src/jmri/jmrix/marklin/MarklinTurnoutManager.java]" classname="jmri.util.FileLineEndingsTest" time="0"/>
  <testcase name="lineEndings[./java/src/jmri/jmrix/marklin/MarklinInterface.java]" classname="jmri.util.FileLineEndingsTest" time="0"/>
  <testcase name="lineEndings[./java/src/jmri/jmrix/marklin/MarklinSystemConnectionMemo.java]" classname="jmri.util.FileLineEndingsTest" time="0.001"/>
  <testcase name="lineEndings[./java/src/jmri/jmrix/marklin/MarklinTurnout.java]" classname="jmri.util.FileLineEndingsTest" time="0.001"/>
  <testcase name="lineEndings[./java/src/jmri/jmrix/ecos/swing/Bundle.java]" classname="jmri.util.FileLineEndingsTest" time="0.001"/>
  <testcase name="lineEndings[./java/src/jmri/jmrix/ecos/swing/preferences/Bundle.java]" classname="jmri.util.FileLineEndingsTest" time="0"/>
  <testcase name="lineEndings[./java/src/jmri/jmrix/ecos/swing/preferences/PreferencesPane.java]" classname="jmri.util.FileLineEndingsTest" time="0.001"/>
  <testcase name="lineEndings[./java/src/jmri/jmrix/ecos/swing/preferences/PreferencesFrame.java]" classname="jmri.util.FileLineEndingsTest" time="0.001"/>
  <testcase name="lineEndings[./java/src/jmri/jmrix/ecos/swing/preferences/PreferencesFrameAction.java]" classname="jmri.util.FileLineEndingsTest" time="0.001"/>
  <testcase name="lineEndings[./java/src/jmri/jmrix/ecos/swing/EcosMenu.java]" classname="jmri.util.FileLineEndingsTest" time="0"/>
  <testcase name="lineEndings[./java/src/jmri/jmrix/ecos/swing/locodatabase/EcosLocoTableAction.java]" classname="jmri.util.FileLineEndingsTest" time="0.001"/>
  <testcase name="lineEndings[./java/src/jmri/jmrix/ecos/swing/locodatabase/Bundle.java]" classname="jmri.util.FileLineEndingsTest" time="0.001"/>
  <testcase name="lineEndings[./java/src/jmri/jmrix/ecos/swing/locodatabase/EcosLocoTableTabAction.java]" classname="jmri.util.FileLineEndingsTest" time="0.001"/>
  <testcase name="lineEndings[./java/src/jmri/jmrix/ecos/swing/monitor/EcosMonPane.java]" classname="jmri.util.FileLineEndingsTest" time="0.001"/>
  <testcase name="lineEndings[./java/src/jmri/jmrix/ecos/swing/monitor/Bundle.java]" classname="jmri.util.FileLineEndingsTest" time="0"/>
  <testcase name="lineEndings[./java/src/jmri/jmrix/ecos/swing/statusframe/Bundle.java]" classname="jmri.util.FileLineEndingsTest" time="0.001"/>
  <testcase name="lineEndings[./java/src/jmri/jmrix/ecos/swing/statusframe/StatusPanel.java]" classname="jmri.util.FileLineEndingsTest" time="0.003"/>
  <testcase name="lineEndings[./java/src/jmri/jmrix/ecos/swing/packetgen/PacketGenPanel.java]" classname="jmri.util.FileLineEndingsTest" time="0.002"/>
  <testcase name="lineEndings[./java/src/jmri/jmrix/ecos/swing/packetgen/Bundle.java]" classname="jmri.util.FileLineEndingsTest" time="0.001"/>
  <testcase name="lineEndings[./java/src/jmri/jmrix/ecos/swing/EcosNamedPaneAction.java]" classname="jmri.util.FileLineEndingsTest" time="0"/>
  <testcase name="lineEndings[./java/src/jmri/jmrix/ecos/swing/EcosComponentFactory.java]" classname="jmri.util.FileLineEndingsTest" time="0.001"/>
  <testcase name="lineEndings[./java/src/jmri/jmrix/ecos/swing/EcosPanel.java]" classname="jmri.util.FileLineEndingsTest" time="0.001"/>
  <testcase name="lineEndings[./java/src/jmri/jmrix/ecos/swing/EcosPanelInterface.java]" classname="jmri.util.FileLineEndingsTest" time="0.001"/>
  <testcase name="lineEndings[./java/src/jmri/jmrix/ecos/EcosReporter.java]" classname="jmri.util.FileLineEndingsTest" time="0.001"/>
  <testcase name="lineEndings[./java/src/jmri/jmrix/ecos/EcosDccThrottleManager.java]" classname="jmri.util.FileLineEndingsTest" time="0.001"/>
  <testcase name="lineEndings[./java/src/jmri/jmrix/ecos/EcosListener.java]" classname="jmri.util.FileLineEndingsTest" time="0.001"/>
  <testcase name="lineEndings[./java/src/jmri/jmrix/ecos/utilities/RosterToEcos.java]" classname="jmri.util.FileLineEndingsTest" time="0"/>
  <testcase name="lineEndings[./java/src/jmri/jmrix/ecos/utilities/EcosLocoToRoster.java]" classname="jmri.util.FileLineEndingsTest" time="0.001"/>
  <testcase name="lineEndings[./java/src/jmri/jmrix/ecos/utilities/GetEcosObjectNumber.java]" classname="jmri.util.FileLineEndingsTest" time="0.001"/>
  <testcase name="lineEndings[./java/src/jmri/jmrix/ecos/utilities/Bundle.java]" classname="jmri.util.FileLineEndingsTest" time="0.001"/>
  <testcase name="lineEndings[./java/src/jmri/jmrix/ecos/utilities/RemoveObjectFromEcos.java]" classname="jmri.util.FileLineEndingsTest" time="0.001"/>
  <testcase name="lineEndings[./java/src/jmri/jmrix/ecos/utilities/AddRosterEntryToEcos.java]" classname="jmri.util.FileLineEndingsTest" time="0.001"/>
  <testcase name="lineEndings[./java/src/jmri/jmrix/ecos/networkdriver/Bundle.java]" classname="jmri.util.FileLineEndingsTest" time="0.001"/>
  <testcase name="lineEndings[./java/src/jmri/jmrix/ecos/networkdriver/configurexml/ConnectionConfigXml.java]" classname="jmri.util.FileLineEndingsTest" time="0.001"/>
  <testcase name="lineEndings[./java/src/jmri/jmrix/ecos/networkdriver/NetworkDriverAdapter.java]" classname="jmri.util.FileLineEndingsTest" time="0.001"/>
  <testcase name="lineEndings[./java/src/jmri/jmrix/ecos/networkdriver/ConnectionConfig.java]" classname="jmri.util.FileLineEndingsTest" time="0"/>
  <testcase name="lineEndings[./java/src/jmri/jmrix/ecos/EcosPortController.java]" classname="jmri.util.FileLineEndingsTest" time="0.001"/>
  <testcase name="lineEndings[./java/src/jmri/jmrix/ecos/EcosInterface.java]" classname="jmri.util.FileLineEndingsTest" time="0.001"/>
  <testcase name="lineEndings[./java/src/jmri/jmrix/ecos/configurexml/EcosLocoAddressManagerXml.java]" classname="jmri.util.FileLineEndingsTest" time="0.001"/>
  <testcase name="lineEndings[./java/src/jmri/jmrix/ecos/configurexml/EcosPreferencesXml.java]" classname="jmri.util.FileLineEndingsTest" time="0.001"/>
  <testcase name="lineEndings[./java/src/jmri/jmrix/ecos/configurexml/EcosSensorManagerXml.java]" classname="jmri.util.FileLineEndingsTest" time="0.001"/>
  <testcase name="lineEndings[./java/src/jmri/jmrix/ecos/configurexml/EcosReporterManagerXml.java]" classname="jmri.util.FileLineEndingsTest" time="0.001"/>
  <testcase name="lineEndings[./java/src/jmri/jmrix/ecos/configurexml/EcosTurnoutManagerXml.java]" classname="jmri.util.FileLineEndingsTest" time="0"/>
  <testcase name="lineEndings[./java/src/jmri/jmrix/ecos/EcosMessage.java]" classname="jmri.util.FileLineEndingsTest" time="0.001"/>
  <testcase name="lineEndings[./java/src/jmri/jmrix/ecos/EcosSensorManager.java]" classname="jmri.util.FileLineEndingsTest" time="0.001"/>
  <testcase name="lineEndings[./java/src/jmri/jmrix/ecos/EcosReply.java]" classname="jmri.util.FileLineEndingsTest" time="0.001"/>
  <testcase name="lineEndings[./java/src/jmri/jmrix/ecos/EcosDccThrottle.java]" classname="jmri.util.FileLineEndingsTest" time="0.001"/>
  <testcase name="lineEndings[./java/src/jmri/jmrix/ecos/EcosReporterManager.java]" classname="jmri.util.FileLineEndingsTest" time="0.001"/>
  <testcase name="lineEndings[./java/src/jmri/jmrix/ecos/EcosPowerManager.java]" classname="jmri.util.FileLineEndingsTest" time="0.001"/>
  <testcase name="lineEndings[./java/src/jmri/jmrix/ecos/EcosPreferences.java]" classname="jmri.util.FileLineEndingsTest" time="0.001"/>
  <testcase name="lineEndings[./java/src/jmri/jmrix/ecos/EcosTurnout.java]" classname="jmri.util.FileLineEndingsTest" time="0.001"/>
  <testcase name="lineEndings[./java/src/jmri/jmrix/ecos/EcosSensor.java]" classname="jmri.util.FileLineEndingsTest" time="0"/>
  <testcase name="lineEndings[./java/src/jmri/jmrix/ecos/EcosTrafficController.java]" classname="jmri.util.FileLineEndingsTest" time="0.001"/>
  <testcase name="lineEndings[./java/src/jmri/jmrix/ecos/EcosProgrammerManager.java]" classname="jmri.util.FileLineEndingsTest" time="0.001"/>
  <testcase name="lineEndings[./java/src/jmri/jmrix/ecos/EcosLocoAddress.java]" classname="jmri.util.FileLineEndingsTest" time="0.001"/>
  <testcase name="lineEndings[./java/src/jmri/jmrix/ecos/EcosLocoAddressManager.java]" classname="jmri.util.FileLineEndingsTest" time="0.001"/>
  <testcase name="lineEndings[./java/src/jmri/jmrix/ecos/EcosTurnoutManager.java]" classname="jmri.util.FileLineEndingsTest" time="0.001"/>
  <testcase name="lineEndings[./java/src/jmri/jmrix/ecos/EcosSystemConnectionMemo.java]" classname="jmri.util.FileLineEndingsTest" time="0.001"/>
  <testcase name="lineEndings[./java/src/jmri/jmrix/ecos/EcosProgrammer.java]" classname="jmri.util.FileLineEndingsTest" time="0.001"/>
  <testcase name="lineEndings[./java/src/jmri/jmrix/ecos/EcosConnectionTypeList.java]" classname="jmri.util.FileLineEndingsTest" time="0.001"/>
  <testcase name="lineEndings[./java/src/jmri/jmrix/ecos/Bundle.java]" classname="jmri.util.FileLineEndingsTest" time="0.001"/>
  <testcase name="lineEndings[./java/src/jmri/jmrix/direct/simulator/SimulatorAdapter.java]" classname="jmri.util.FileLineEndingsTest" time="0"/>
  <testcase name="lineEndings[./java/src/jmri/jmrix/direct/simulator/configurexml/ConnectionConfigXml.java]" classname="jmri.util.FileLineEndingsTest" time="0.001"/>
  <testcase name="lineEndings[./java/src/jmri/jmrix/direct/simulator/Bundle.java]" classname="jmri.util.FileLineEndingsTest" time="0.001"/>
  <testcase name="lineEndings[./java/src/jmri/jmrix/direct/simulator/ConnectionConfig.java]" classname="jmri.util.FileLineEndingsTest" time="0.001"/>
  <testcase name="lineEndings[./java/src/jmri/jmrix/direct/Bundle.java]" classname="jmri.util.FileLineEndingsTest" time="0.001"/>
  <testcase name="lineEndings[./java/src/jmri/jmrix/direct/MakePacket.java]" classname="jmri.util.FileLineEndingsTest" time="0.001"/>
  <testcase name="lineEndings[./java/src/jmri/jmrix/direct/serial/SerialDriverAdapter.java]" classname="jmri.util.FileLineEndingsTest" time="0.001"/>
  <testcase name="lineEndings[./java/src/jmri/jmrix/direct/serial/configurexml/ConnectionConfigXml.java]" classname="jmri.util.FileLineEndingsTest" time="0"/>
  <testcase name="lineEndings[./java/src/jmri/jmrix/direct/serial/Bundle.java]" classname="jmri.util.FileLineEndingsTest" time="0.001"/>
  <testcase name="lineEndings[./java/src/jmri/jmrix/direct/serial/ConnectionConfig.java]" classname="jmri.util.FileLineEndingsTest" time="0.001"/>
  <testcase name="lineEndings[./java/src/jmri/jmrix/direct/DirectSystemConnectionMemo.java]" classname="jmri.util.FileLineEndingsTest" time="0.001"/>
  <testcase name="lineEndings[./java/src/jmri/jmrix/direct/Throttle.java]" classname="jmri.util.FileLineEndingsTest" time="0.001"/>
  <testcase name="lineEndings[./java/src/jmri/jmrix/direct/swing/DirectComponentFactory.java]" classname="jmri.util.FileLineEndingsTest" time="0.001"/>
  <testcase name="lineEndings[./java/src/jmri/jmrix/direct/PortController.java]" classname="jmri.util.FileLineEndingsTest" time="0.001"/>
  <testcase name="lineEndings[./java/src/jmri/jmrix/direct/DirectConnectionTypeList.java]" classname="jmri.util.FileLineEndingsTest" time="0"/>
  <testcase name="lineEndings[./java/src/jmri/jmrix/direct/DirectMenu.java]" classname="jmri.util.FileLineEndingsTest" time="0.001"/>
  <testcase name="lineEndings[./java/src/jmri/jmrix/direct/TrafficController.java]" classname="jmri.util.FileLineEndingsTest" time="0.001"/>
  <testcase name="lineEndings[./java/src/jmri/jmrix/direct/Message.java]" classname="jmri.util.FileLineEndingsTest" time="0.001"/>
  <testcase name="lineEndings[./java/src/jmri/jmrix/direct/Reply.java]" classname="jmri.util.FileLineEndingsTest" time="0.001"/>
  <testcase name="lineEndings[./java/src/jmri/jmrix/direct/ThrottleManager.java]" classname="jmri.util.FileLineEndingsTest" time="0.001"/>
  <testcase name="lineEndings[./java/src/jmri/jmrix/wangrow/serialdriver/configurexml/ConnectionConfigXml.java]" classname="jmri.util.FileLineEndingsTest" time="0.001"/>
  <testcase name="lineEndings[./java/src/jmri/jmrix/wangrow/serialdriver/ConnectionConfig.java]" classname="jmri.util.FileLineEndingsTest" time="0"/>
  <testcase name="lineEndings[./java/src/jmri/jmrix/wangrow/serialdriver/SerialDriverAdapter.java]" classname="jmri.util.FileLineEndingsTest" time="0"/>
  <testcase name="lineEndings[./java/src/jmri/jmrix/wangrow/WangrowConnectionTypeList.java]" classname="jmri.util.FileLineEndingsTest" time="0.001"/>
  <testcase name="lineEndings[./java/src/jmri/jmrix/wangrow/WangrowMenu.java]" classname="jmri.util.FileLineEndingsTest" time="0.001"/>
  <testcase name="lineEndings[./java/src/jmri/jmrix/qsi/QsiPortController.java]" classname="jmri.util.FileLineEndingsTest" time="0.001"/>
  <testcase name="lineEndings[./java/src/jmri/jmrix/qsi/packetgen/PacketGenFrame.java]" classname="jmri.util.FileLineEndingsTest" time="0.001"/>
  <testcase name="lineEndings[./java/src/jmri/jmrix/qsi/packetgen/PacketGenAction.java]" classname="jmri.util.FileLineEndingsTest" time="0.001"/>
  <testcase name="lineEndings[./java/src/jmri/jmrix/qsi/QsiProgrammer.java]" classname="jmri.util.FileLineEndingsTest" time="0"/>
  <testcase name="lineEndings[./java/src/jmri/jmrix/qsi/serialdriver/configurexml/ConnectionConfigXml.java]" classname="jmri.util.FileLineEndingsTest" time="0"/>
  <testcase name="lineEndings[./java/src/jmri/jmrix/qsi/serialdriver/SerialDriverAdapter.java]" classname="jmri.util.FileLineEndingsTest" time="0.001"/>
  <testcase name="lineEndings[./java/src/jmri/jmrix/qsi/serialdriver/ConnectionConfig.java]" classname="jmri.util.FileLineEndingsTest" time="0.001"/>
  <testcase name="lineEndings[./java/src/jmri/jmrix/qsi/qsimon/QsiMonFrame.java]" classname="jmri.util.FileLineEndingsTest" time="0.001"/>
  <testcase name="lineEndings[./java/src/jmri/jmrix/qsi/qsimon/QsiMonAction.java]" classname="jmri.util.FileLineEndingsTest" time="0.001"/>
  <testcase name="lineEndings[./java/src/jmri/jmrix/qsi/QSIConnectionTypeList.java]" classname="jmri.util.FileLineEndingsTest" time="0.001"/>
  <testcase name="lineEndings[./java/src/jmri/jmrix/qsi/swing/QsiComponentFactory.java]" classname="jmri.util.FileLineEndingsTest" time="0.001"/>
  <testcase name="lineEndings[./java/src/jmri/jmrix/qsi/QsiSystemConnectionMemo.java]" classname="jmri.util.FileLineEndingsTest" time="0"/>
  <testcase name="lineEndings[./java/src/jmri/jmrix/qsi/QsiInterface.java]" classname="jmri.util.FileLineEndingsTest" time="0.001"/>
  <testcase name="lineEndings[./java/src/jmri/jmrix/qsi/QsiMessage.java]" classname="jmri.util.FileLineEndingsTest" time="0.001"/>
  <testcase name="lineEndings[./java/src/jmri/jmrix/qsi/QsiListener.java]" classname="jmri.util.FileLineEndingsTest" time="0.001"/>
  <testcase name="lineEndings[./java/src/jmri/jmrix/qsi/QsiTrafficController.java]" classname="jmri.util.FileLineEndingsTest" time="0.001"/>
  <testcase name="lineEndings[./java/src/jmri/jmrix/qsi/QSIMenu.java]" classname="jmri.util.FileLineEndingsTest" time="0.001"/>
  <testcase name="lineEndings[./java/src/jmri/jmrix/qsi/QsiReply.java]" classname="jmri.util.FileLineEndingsTest" time="0.001"/>
  <testcase name="lineEndings[./java/src/jmri/jmrix/jmriclient/swing/JMRIClientComponentFactory.java]" classname="jmri.util.FileLineEndingsTest" time="0.001"/>
  <testcase name="lineEndings[./java/src/jmri/jmrix/jmriclient/swing/packetgen/PacketGenFrame.java]" classname="jmri.util.FileLineEndingsTest" time="0.001"/>
  <testcase name="lineEndings[./java/src/jmri/jmrix/jmriclient/swing/packetgen/PacketGenAction.java]" classname="jmri.util.FileLineEndingsTest" time="0"/>
  <testcase name="lineEndings[./java/src/jmri/jmrix/jmriclient/swing/JMRIClientMenu.java]" classname="jmri.util.FileLineEndingsTest" time="0.001"/>
  <testcase name="lineEndings[./java/src/jmri/jmrix/jmriclient/swing/mon/JMRIClientMonFrame.java]" classname="jmri.util.FileLineEndingsTest" time="0.001"/>
  <testcase name="lineEndings[./java/src/jmri/jmrix/jmriclient/swing/mon/JMRIClientMonAction.java]" classname="jmri.util.FileLineEndingsTest" time="0.001"/>
  <testcase name="lineEndings[./java/src/jmri/jmrix/jmriclient/JMRIClientLightManager.java]" classname="jmri.util.FileLineEndingsTest" time="0.001"/>
  <testcase name="lineEndings[./java/src/jmri/jmrix/jmriclient/configurexml/JMRIClientReporterManagerXml.java]" classname="jmri.util.FileLineEndingsTest" time="0.001"/>
  <testcase name="lineEndings[./java/src/jmri/jmrix/jmriclient/configurexml/JMRIClientTurnoutManagerXml.java]" classname="jmri.util.FileLineEndingsTest" time="0.001"/>
  <testcase name="lineEndings[./java/src/jmri/jmrix/jmriclient/configurexml/JMRIClientLightManagerXml.java]" classname="jmri.util.FileLineEndingsTest" time="0"/>
  <testcase name="lineEndings[./java/src/jmri/jmrix/jmriclient/configurexml/JMRIClientSensorManagerXml.java]" classname="jmri.util.FileLineEndingsTest" time="0"/>
  <testcase name="lineEndings[./java/src/jmri/jmrix/jmriclient/JMRIClientTrafficController.java]" classname="jmri.util.FileLineEndingsTest" time="0.001"/>
  <testcase name="lineEndings[./java/src/jmri/jmrix/jmriclient/JMRIClientPowerManager.java]" classname="jmri.util.FileLineEndingsTest" time="0.001"/>
  <testcase name="lineEndings[./java/src/jmri/jmrix/jmriclient/JMRIClientLight.java]" classname="jmri.util.FileLineEndingsTest" time="0.001"/>
  <testcase name="lineEndings[./java/src/jmri/jmrix/jmriclient/JMRIClientListener.java]" classname="jmri.util.FileLineEndingsTest" time="0.001"/>
  <testcase name="lineEndings[./java/src/jmri/jmrix/jmriclient/networkdriver/configurexml/ConnectionConfigXml.java]" classname="jmri.util.FileLineEndingsTest" time="0.001"/>
  <testcase name="lineEndings[./java/src/jmri/jmrix/jmriclient/networkdriver/ConnectionConfig.java]" classname="jmri.util.FileLineEndingsTest" time="0"/>
  <testcase name="lineEndings[./java/src/jmri/jmrix/jmriclient/networkdriver/NetworkDriverAdapter.java]" classname="jmri.util.FileLineEndingsTest" time="0.001"/>
  <testcase name="lineEndings[./java/src/jmri/jmrix/jmriclient/JMRIClientInterface.java]" classname="jmri.util.FileLineEndingsTest" time="0.001"/>
  <testcase name="lineEndings[./java/src/jmri/jmrix/jmriclient/JMRIClientTurnoutManager.java]" classname="jmri.util.FileLineEndingsTest" time="0.001"/>
  <testcase name="lineEndings[./java/src/jmri/jmrix/jmriclient/JMRIClientTurnout.java]" classname="jmri.util.FileLineEndingsTest" time="0.001"/>
  <testcase name="lineEndings[./java/src/jmri/jmrix/jmriclient/JMRIClientPortController.java]" classname="jmri.util.FileLineEndingsTest" time="0.001"/>
  <testcase name="lineEndings[./java/src/jmri/jmrix/jmriclient/JMRIClientReporterManager.java]" classname="jmri.util.FileLineEndingsTest" time="0.001"/>
  <testcase name="lineEndings[./java/src/jmri/jmrix/jmriclient/JMRIClientReply.java]" classname="jmri.util.FileLineEndingsTest" time="0"/>
  <testcase name="lineEndings[./java/src/jmri/jmrix/jmriclient/Bundle.java]" classname="jmri.util.FileLineEndingsTest" time="0"/>
  <testcase name="lineEndings[./java/src/jmri/jmrix/jmriclient/JMRIClientMessage.java]" classname="jmri.util.FileLineEndingsTest" time="0.001"/>
  <testcase name="lineEndings[./java/src/jmri/jmrix/jmriclient/JMRIClientSensor.java]" classname="jmri.util.FileLineEndingsTest" time="0.001"/>
  <testcase name="lineEndings[./java/src/jmri/jmrix/jmriclient/JMRIClientSensorManager.java]" classname="jmri.util.FileLineEndingsTest" time="0.001"/>
  <testcase name="lineEndings[./java/src/jmri/jmrix/jmriclient/JMRIClientSystemConnectionMemo.java]" classname="jmri.util.FileLineEndingsTest" time="0.001"/>
  <testcase name="lineEndings[./java/src/jmri/jmrix/jmriclient/JMRIClientConnectionTypeList.java]" classname="jmri.util.FileLineEndingsTest" time="0.001"/>
  <testcase name="lineEndings[./java/src/jmri/jmrix/jmriclient/JMRIClientReporter.java]" classname="jmri.util.FileLineEndingsTest" time="0.001"/>
  <testcase name="lineEndings[./java/src/jmri/jmrix/can/adapters/gridconnect/net/NetworkDriverAdapter.java]" classname="jmri.util.FileLineEndingsTest" time="0.001"/>
  <testcase name="lineEndings[./java/src/jmri/jmrix/can/adapters/gridconnect/net/configurexml/ConnectionConfigXml.java]" classname="jmri.util.FileLineEndingsTest" time="0"/>
  <testcase name="lineEndings[./java/src/jmri/jmrix/can/adapters/gridconnect/net/configurexml/MergConnectionConfigXml.java]" classname="jmri.util.FileLineEndingsTest" time="0.001"/>
  <testcase name="lineEndings[./java/src/jmri/jmrix/can/adapters/gridconnect/net/ConnectionConfig.java]" classname="jmri.util.FileLineEndingsTest" time="0.001"/>
  <testcase name="lineEndings[./java/src/jmri/jmrix/can/adapters/gridconnect/net/MergNetworkDriverAdapter.java]" classname="jmri.util.FileLineEndingsTest" time="0.001"/>
  <testcase name="lineEndings[./java/src/jmri/jmrix/can/adapters/gridconnect/net/MergConnectionConfig.java]" classname="jmri.util.FileLineEndingsTest" time="0.001"/>
  <testcase name="lineEndings[./java/src/jmri/jmrix/can/adapters/gridconnect/lccbuffer/serialdriver/configurexml/ConnectionConfigXml.java]" classname="jmri.util.FileLineEndingsTest" time="0.001"/>
  <testcase name="lineEndings[./java/src/jmri/jmrix/can/adapters/gridconnect/lccbuffer/serialdriver/SerialDriverAdapter.java]" classname="jmri.util.FileLineEndingsTest" time="0.001"/>
  <testcase name="lineEndings[./java/src/jmri/jmrix/can/adapters/gridconnect/lccbuffer/serialdriver/ConnectionConfig.java]" classname="jmri.util.FileLineEndingsTest" time="0.001"/>
  <testcase name="lineEndings[./java/src/jmri/jmrix/can/adapters/gridconnect/canusb/serialdriver/ConnectionConfig.java]" classname="jmri.util.FileLineEndingsTest" time="0"/>
  <testcase name="lineEndings[./java/src/jmri/jmrix/can/adapters/gridconnect/canusb/serialdriver/SerialDriverAdapter.java]" classname="jmri.util.FileLineEndingsTest" time="0.001"/>
  <testcase name="lineEndings[./java/src/jmri/jmrix/can/adapters/gridconnect/canusb/serialdriver/configurexml/ConnectionConfigXml.java]" classname="jmri.util.FileLineEndingsTest" time="0.001"/>
  <testcase name="lineEndings[./java/src/jmri/jmrix/can/adapters/gridconnect/canrs/serialdriver/SerialDriverAdapter.java]" classname="jmri.util.FileLineEndingsTest" time="0.001"/>
  <testcase name="lineEndings[./java/src/jmri/jmrix/can/adapters/gridconnect/canrs/serialdriver/configurexml/ConnectionConfigXml.java]" classname="jmri.util.FileLineEndingsTest" time="0.001"/>
  <testcase name="lineEndings[./java/src/jmri/jmrix/can/adapters/gridconnect/canrs/serialdriver/ConnectionConfig.java]" classname="jmri.util.FileLineEndingsTest" time="0.001"/>
  <testcase name="lineEndings[./java/src/jmri/jmrix/can/adapters/gridconnect/canrs/MergMessage.java]" classname="jmri.util.FileLineEndingsTest" time="0.001"/>
  <testcase name="lineEndings[./java/src/jmri/jmrix/can/adapters/gridconnect/canrs/MergReply.java]" classname="jmri.util.FileLineEndingsTest" time="0.001"/>
  <testcase name="lineEndings[./java/src/jmri/jmrix/can/adapters/gridconnect/canrs/MergTrafficController.java]" classname="jmri.util.FileLineEndingsTest" time="0"/>
  <testcase name="lineEndings[./java/src/jmri/jmrix/can/adapters/gridconnect/can2usbino/serialdriver/ConnectionConfig.java]" classname="jmri.util.FileLineEndingsTest" time="0"/>
  <testcase name="lineEndings[./java/src/jmri/jmrix/can/adapters/gridconnect/can2usbino/serialdriver/SerialDriverAdapter.java]" classname="jmri.util.FileLineEndingsTest" time="0.001"/>
  <testcase name="lineEndings[./java/src/jmri/jmrix/can/adapters/gridconnect/can2usbino/serialdriver/configurexml/ConnectionConfigXml.java]" classname="jmri.util.FileLineEndingsTest" time="0.001"/>
  <testcase name="lineEndings[./java/src/jmri/jmrix/can/adapters/gridconnect/can2usbino/GridConnectDoubledMessage.java]" classname="jmri.util.FileLineEndingsTest" time="0.001"/>
  <testcase name="lineEndings[./java/src/jmri/jmrix/can/adapters/gridconnect/GridConnectReply.java]" classname="jmri.util.FileLineEndingsTest" time="0.001"/>
  <testcase name="lineEndings[./java/src/jmri/jmrix/can/adapters/gridconnect/GcSerialDriverAdapter.java]" classname="jmri.util.FileLineEndingsTest" time="0.001"/>
  <testcase name="lineEndings[./java/src/jmri/jmrix/can/adapters/gridconnect/GcPortController.java]" classname="jmri.util.FileLineEndingsTest" time="0.001"/>
  <testcase name="lineEndings[./java/src/jmri/jmrix/can/adapters/gridconnect/GridConnectMessage.java]" classname="jmri.util.FileLineEndingsTest" time="0.001"/>
  <testcase name="lineEndings[./java/src/jmri/jmrix/can/adapters/gridconnect/GcTrafficController.java]" classname="jmri.util.FileLineEndingsTest" time="0"/>
  <testcase name="lineEndings[./java/src/jmri/jmrix/can/adapters/lawicell/canusb/serialdriver/configurexml/ConnectionConfigXml.java]" classname="jmri.util.FileLineEndingsTest" time="0.001"/>
  <testcase name="lineEndings[./java/src/jmri/jmrix/can/adapters/lawicell/canusb/serialdriver/ConnectionConfig.java]" classname="jmri.util.FileLineEndingsTest" time="0.001"/>
  <testcase name="lineEndings[./java/src/jmri/jmrix/can/adapters/lawicell/canusb/serialdriver/CanUsbDriverAdapter.java]" classname="jmri.util.FileLineEndingsTest" time="0.001"/>
  <testcase name="lineEndings[./java/src/jmri/jmrix/can/adapters/lawicell/SerialDriverAdapter.java]" classname="jmri.util.FileLineEndingsTest" time="0.001"/>
  <testcase name="lineEndings[./java/src/jmri/jmrix/can/adapters/lawicell/Reply.java]" classname="jmri.util.FileLineEndingsTest" time="0.001"/>
  <testcase name="lineEndings[./java/src/jmri/jmrix/can/adapters/lawicell/PortController.java]" classname="jmri.util.FileLineEndingsTest" time="0.001"/>
  <testcase name="lineEndings[./java/src/jmri/jmrix/can/adapters/lawicell/LawicellTrafficController.java]" classname="jmri.util.FileLineEndingsTest" time="0.001"/>
  <testcase name="lineEndings[./java/src/jmri/jmrix/can/adapters/lawicell/Message.java]" classname="jmri.util.FileLineEndingsTest" time="0"/>
  <testcase name="lineEndings[./java/src/jmri/jmrix/can/adapters/loopback/configurexml/ConnectionConfigXml.java]" classname="jmri.util.FileLineEndingsTest" time="0.001"/>
  <testcase name="lineEndings[./java/src/jmri/jmrix/can/adapters/loopback/Bundle.java]" classname="jmri.util.FileLineEndingsTest" time="0.001"/>
  <testcase name="lineEndings[./java/src/jmri/jmrix/can/adapters/loopback/Port.java]" classname="jmri.util.FileLineEndingsTest" time="0.001"/>
  <testcase name="lineEndings[./java/src/jmri/jmrix/can/adapters/loopback/ConnectionConfig.java]" classname="jmri.util.FileLineEndingsTest" time="0.001"/>
  <testcase name="lineEndings[./java/src/jmri/jmrix/can/adapters/loopback/LoopbackTrafficController.java]" classname="jmri.util.FileLineEndingsTest" time="0.001"/>
  <testcase name="lineEndings[./java/src/jmri/jmrix/can/adapters/ConnectionConfig.java]" classname="jmri.util.FileLineEndingsTest" time="0.001"/>
  <testcase name="lineEndings[./java/src/jmri/jmrix/can/swing/Bundle.java]" classname="jmri.util.FileLineEndingsTest" time="0.001"/>
  <testcase name="lineEndings[./java/src/jmri/jmrix/can/swing/send/CanSendPane.java]" classname="jmri.util.FileLineEndingsTest" time="0"/>
  <testcase name="lineEndings[./java/src/jmri/jmrix/can/swing/send/Bundle.java]" classname="jmri.util.FileLineEndingsTest" time="0.001"/>
  <testcase name="lineEndings[./java/src/jmri/jmrix/can/swing/CanNamedPaneAction.java]" classname="jmri.util.FileLineEndingsTest" time="0.001"/>
  <testcase name="lineEndings[./java/src/jmri/jmrix/can/swing/CanPanelInterface.java]" classname="jmri.util.FileLineEndingsTest" time="0.001"/>
  <testcase name="lineEndings[./java/src/jmri/jmrix/can/swing/monitor/Bundle.java]" classname="jmri.util.FileLineEndingsTest" time="0.001"/>
  <testcase name="lineEndings[./java/src/jmri/jmrix/can/swing/monitor/MonitorPane.java]" classname="jmri.util.FileLineEndingsTest" time="0.001"/>
  <testcase name="lineEndings[./java/src/jmri/jmrix/can/swing/CanComponentFactory.java]" classname="jmri.util.FileLineEndingsTest" time="0.001"/>
  <testcase name="lineEndings[./java/src/jmri/jmrix/can/swing/CanPanel.java]" classname="jmri.util.FileLineEndingsTest" time="0"/>
  <testcase name="lineEndings[./java/src/jmri/jmrix/can/swing/CanMenu.java]" classname="jmri.util.FileLineEndingsTest" time="0.001"/>
  <testcase name="lineEndings[./java/src/jmri/jmrix/can/cbus/swing/eventtable/Bundle.java]" classname="jmri.util.FileLineEndingsTest" time="0.001"/>
  <testcase name="lineEndings[./java/src/jmri/jmrix/can/cbus/swing/eventtable/CbusEventTablePane.java]" classname="jmri.util.FileLineEndingsTest" time="0.001"/>
  <testcase name="lineEndings[./java/src/jmri/jmrix/can/cbus/swing/eventtable/CbusEventTableDataModel.java]" classname="jmri.util.FileLineEndingsTest" time="0.001"/>
  <testcase name="lineEndings[./java/src/jmri/jmrix/can/cbus/swing/console/CbusConsolePane.java]" classname="jmri.util.FileLineEndingsTest" time="0.001"/>
  <testcase name="lineEndings[./java/src/jmri/jmrix/can/cbus/swing/console/CbusEventFilterFrame.java]" classname="jmri.util.FileLineEndingsTest" time="0.001"/>
  <testcase name="lineEndings[./java/src/jmri/jmrix/can/cbus/swing/console/CbusEventFilterPanel.java]" classname="jmri.util.FileLineEndingsTest" time="0.001"/>
  <testcase name="lineEndings[./java/src/jmri/jmrix/can/cbus/swing/console/Bundle.java]" classname="jmri.util.FileLineEndingsTest" time="0.001"/>
  <testcase name="lineEndings[./java/src/jmri/jmrix/can/cbus/swing/CbusComponentFactory.java]" classname="jmri.util.FileLineEndingsTest" time="0.001"/>
  <testcase name="lineEndings[./java/src/jmri/jmrix/can/cbus/swing/nodeconfig/NodeConfigToolPane.java]" classname="jmri.util.FileLineEndingsTest" time="0.001"/>
  <testcase name="lineEndings[./java/src/jmri/jmrix/can/cbus/swing/nodeconfig/Bundle.java]" classname="jmri.util.FileLineEndingsTest" time="0"/>
  <testcase name="lineEndings[./java/src/jmri/jmrix/can/cbus/swing/configtool/ConfigToolPane.java]" classname="jmri.util.FileLineEndingsTest" time="0.001"/>
  <testcase name="lineEndings[./java/src/jmri/jmrix/can/cbus/swing/configtool/Bundle.java]" classname="jmri.util.FileLineEndingsTest" time="0.035"/>
  <testcase name="lineEndings[./java/src/jmri/jmrix/can/cbus/swing/Bundle.java]" classname="jmri.util.FileLineEndingsTest" time="0.001"/>
  <testcase name="lineEndings[./java/src/jmri/jmrix/can/cbus/swing/CbusMenu.java]" classname="jmri.util.FileLineEndingsTest" time="0.001"/>
  <testcase name="lineEndings[./java/src/jmri/jmrix/can/cbus/Bundle.java]" classname="jmri.util.FileLineEndingsTest" time="0.001"/>
  <testcase name="lineEndings[./java/src/jmri/jmrix/can/cbus/CbusConfigurationManager.java]" classname="jmri.util.FileLineEndingsTest" time="0.001"/>
  <testcase name="lineEndings[./java/src/jmri/jmrix/can/cbus/CbusEventFilter.java]" classname="jmri.util.FileLineEndingsTest" time="0.001"/>
  <testcase name="lineEndings[./java/src/jmri/jmrix/can/cbus/CbusTurnout.java]" classname="jmri.util.FileLineEndingsTest" time="0.001"/>
  <testcase name="lineEndings[./java/src/jmri/jmrix/can/cbus/CbusTurnoutManager.java]" classname="jmri.util.FileLineEndingsTest" time="0.001"/>
  <testcase name="lineEndings[./java/src/jmri/jmrix/can/cbus/CbusConstants.java]" classname="jmri.util.FileLineEndingsTest" time="0"/>
  <testcase name="lineEndings[./java/src/jmri/jmrix/can/cbus/CbusThrottle.java]" classname="jmri.util.FileLineEndingsTest" time="0.001"/>
  <testcase name="lineEndings[./java/src/jmri/jmrix/can/cbus/CbusReporter.java]" classname="jmri.util.FileLineEndingsTest" time="0.001"/>
  <testcase name="lineEndings[./java/src/jmri/jmrix/can/cbus/CbusDccProgrammer.java]" classname="jmri.util.FileLineEndingsTest" time="0.001"/>
  <testcase name="lineEndings[./java/src/jmri/jmrix/can/cbus/CbusLight.java]" classname="jmri.util.FileLineEndingsTest" time="0.001"/>
  <testcase name="lineEndings[./java/src/jmri/jmrix/can/cbus/CbusProgrammer.java]" classname="jmri.util.FileLineEndingsTest" time="0.001"/>
  <testcase name="lineEndings[./java/src/jmri/jmrix/can/cbus/CbusSensorManager.java]" classname="jmri.util.FileLineEndingsTest" time="0.001"/>
  <testcase name="lineEndings[./java/src/jmri/jmrix/can/cbus/CbusCommandStation.java]" classname="jmri.util.FileLineEndingsTest" time="0.001"/>
  <testcase name="lineEndings[./java/src/jmri/jmrix/can/cbus/CbusProgrammerManager.java]" classname="jmri.util.FileLineEndingsTest" time="0.001"/>
  <testcase name="lineEndings[./java/src/jmri/jmrix/can/cbus/configurexml/CbusLightManagerXml.java]" classname="jmri.util.FileLineEndingsTest" time="0.001"/>
  <testcase name="lineEndings[./java/src/jmri/jmrix/can/cbus/configurexml/CbusSensorManagerXml.java]" classname="jmri.util.FileLineEndingsTest" time="0"/>
  <testcase name="lineEndings[./java/src/jmri/jmrix/can/cbus/configurexml/CbusReporterManagerXml.java]" classname="jmri.util.FileLineEndingsTest" time="0.001"/>
  <testcase name="lineEndings[./java/src/jmri/jmrix/can/cbus/configurexml/CbusTurnoutManagerXml.java]" classname="jmri.util.FileLineEndingsTest" time="0.001"/>
  <testcase name="lineEndings[./java/src/jmri/jmrix/can/cbus/CbusDccOpsModeProgrammer.java]" classname="jmri.util.FileLineEndingsTest" time="0.001"/>
  <testcase name="lineEndings[./java/src/jmri/jmrix/can/cbus/CbusLightManager.java]" classname="jmri.util.FileLineEndingsTest" time="0.001"/>
  <testcase name="lineEndings[./java/src/jmri/jmrix/can/cbus/CbusPowerManager.java]" classname="jmri.util.FileLineEndingsTest" time="0.001"/>
  <testcase name="lineEndings[./java/src/jmri/jmrix/can/cbus/CbusSensor.java]" classname="jmri.util.FileLineEndingsTest" time="0.001"/>
  <testcase name="lineEndings[./java/src/jmri/jmrix/can/cbus/CbusReporterManager.java]" classname="jmri.util.FileLineEndingsTest" time="0"/>
  <testcase name="lineEndings[./java/src/jmri/jmrix/can/cbus/CbusMessage.java]" classname="jmri.util.FileLineEndingsTest" time="0.001"/>
  <testcase name="lineEndings[./java/src/jmri/jmrix/can/cbus/CbusThrottleManager.java]" classname="jmri.util.FileLineEndingsTest" time="0.001"/>
  <testcase name="lineEndings[./java/src/jmri/jmrix/can/cbus/CbusDccProgrammerManager.java]" classname="jmri.util.FileLineEndingsTest" time="0.001"/>
  <testcase name="lineEndings[./java/src/jmri/jmrix/can/cbus/CbusAddress.java]" classname="jmri.util.FileLineEndingsTest" time="0.001"/>
  <testcase name="lineEndings[./java/src/jmri/jmrix/can/cbus/CbusOpCodes.java]" classname="jmri.util.FileLineEndingsTest" time="0.001"/>
  <testcase name="lineEndings[./java/src/jmri/jmrix/can/nmranet/swing/NmraNetComponentFactory.java]" classname="jmri.util.FileLineEndingsTest" time="0.001"/>
  <testcase name="lineEndings[./java/src/jmri/jmrix/can/nmranet/swing/NmraNetMenu.java]" classname="jmri.util.FileLineEndingsTest" time="0.001"/>
  <testcase name="lineEndings[./java/src/jmri/jmrix/can/nmranet/swing/Bundle.java]" classname="jmri.util.FileLineEndingsTest" time="0.001"/>
  <testcase name="lineEndings[./java/src/jmri/jmrix/can/nmranet/Bundle.java]" classname="jmri.util.FileLineEndingsTest" time="0"/>
  <testcase name="lineEndings[./java/src/jmri/jmrix/can/nmranet/NmraConfigurationManager.java]" classname="jmri.util.FileLineEndingsTest" time="0.001"/>
  <testcase name="lineEndings[./java/src/jmri/jmrix/can/CanInterface.java]" classname="jmri.util.FileLineEndingsTest" time="0.001"/>
  <testcase name="lineEndings[./java/src/jmri/jmrix/can/CanConnectionTypeList.java]" classname="jmri.util.FileLineEndingsTest" time="0.001"/>
  <testcase name="lineEndings[./java/src/jmri/jmrix/can/CanConfigurationManager.java]" classname="jmri.util.FileLineEndingsTest" time="0.001"/>
  <testcase name="lineEndings[./java/src/jmri/jmrix/can/TrafficController.java]" classname="jmri.util.FileLineEndingsTest" time="0.001"/>
  <testcase name="lineEndings[./java/src/jmri/jmrix/can/CanReply.java]" classname="jmri.util.FileLineEndingsTest" time="0.001"/>
  <testcase name="lineEndings[./java/src/jmri/jmrix/can/CanMessage.java]" classname="jmri.util.FileLineEndingsTest" time="0"/>
  <testcase name="lineEndings[./java/src/jmri/jmrix/can/ConfigurationManager.java]" classname="jmri.util.FileLineEndingsTest" time="0.001"/>
  <testcase name="lineEndings[./java/src/jmri/jmrix/can/AbstractCanTrafficController.java]" classname="jmri.util.FileLineEndingsTest" time="0.001"/>
  <testcase name="lineEndings[./java/src/jmri/jmrix/can/CanConstants.java]" classname="jmri.util.FileLineEndingsTest" time="0.001"/>
  <testcase name="lineEndings[./java/src/jmri/jmrix/can/CanFrame.java]" classname="jmri.util.FileLineEndingsTest" time="0.001"/>
  <testcase name="lineEndings[./java/src/jmri/jmrix/can/CanSystemConnectionMemo.java]" classname="jmri.util.FileLineEndingsTest" time="0.001"/>
  <testcase name="lineEndings[./java/src/jmri/jmrix/can/Bundle.java]" classname="jmri.util.FileLineEndingsTest" time="0.001"/>
  <testcase name="lineEndings[./java/src/jmri/jmrix/can/CanListener.java]" classname="jmri.util.FileLineEndingsTest" time="0"/>
  <testcase name="lineEndings[./java/src/jmri/jmrix/can/CanMutableFrame.java]" classname="jmri.util.FileLineEndingsTest" time="0.001"/>
  <testcase name="lineEndings[./java/src/jmri/jmrix/oaktree/packetgen/SerialPacketGenAction.java]" classname="jmri.util.FileLineEndingsTest" time="0.001"/>
  <testcase name="lineEndings[./java/src/jmri/jmrix/oaktree/packetgen/SerialPacketGenFrame.java]" classname="jmri.util.FileLineEndingsTest" time="0.001"/>
  <testcase name="lineEndings[./java/src/jmri/jmrix/oaktree/packetgen/Bundle.java]" classname="jmri.util.FileLineEndingsTest" time="0.001"/>
  <testcase name="lineEndings[./java/src/jmri/jmrix/oaktree/SerialListener.java]" classname="jmri.util.FileLineEndingsTest" time="0.001"/>
  <testcase name="lineEndings[./java/src/jmri/jmrix/oaktree/nodeconfig/Bundle.java]" classname="jmri.util.FileLineEndingsTest" time="0.001"/>
  <testcase name="lineEndings[./java/src/jmri/jmrix/oaktree/nodeconfig/NodeConfigAction.java]" classname="jmri.util.FileLineEndingsTest" time="0"/>
  <testcase name="lineEndings[./java/src/jmri/jmrix/oaktree/nodeconfig/NodeConfigFrame.java]" classname="jmri.util.FileLineEndingsTest" time="0.001"/>
  <testcase name="lineEndings[./java/src/jmri/jmrix/oaktree/swing/OakTreeComponentFactory.java]" classname="jmri.util.FileLineEndingsTest" time="0.001"/>
  <testcase name="lineEndings[./java/src/jmri/jmrix/oaktree/Bundle.java]" classname="jmri.util.FileLineEndingsTest" time="0.001"/>
  <testcase name="lineEndings[./java/src/jmri/jmrix/oaktree/configurexml/SerialLightManagerXml.java]" classname="jmri.util.FileLineEndingsTest" time="0.001"/>
  <testcase name="lineEndings[./java/src/jmri/jmrix/oaktree/configurexml/SerialTurnoutManagerXml.java]" classname="jmri.util.FileLineEndingsTest" time="0.001"/>
  <testcase name="lineEndings[./java/src/jmri/jmrix/oaktree/configurexml/SerialSensorManagerXml.java]" classname="jmri.util.FileLineEndingsTest" time="0.001"/>
  <testcase name="lineEndings[./java/src/jmri/jmrix/oaktree/SerialTrafficController.java]" classname="jmri.util.FileLineEndingsTest" time="0.001"/>
  <testcase name="lineEndings[./java/src/jmri/jmrix/oaktree/simulator/ConnectionConfig.java]" classname="jmri.util.FileLineEndingsTest" time="0"/>
  <testcase name="lineEndings[./java/src/jmri/jmrix/oaktree/simulator/Bundle.java]" classname="jmri.util.FileLineEndingsTest" time="0.001"/>
  <testcase name="lineEndings[./java/src/jmri/jmrix/oaktree/simulator/configurexml/ConnectionConfigXml.java]" classname="jmri.util.FileLineEndingsTest" time="0.001"/>
  <testcase name="lineEndings[./java/src/jmri/jmrix/oaktree/simulator/SimulatorAdapter.java]" classname="jmri.util.FileLineEndingsTest" time="0.001"/>
  <testcase name="lineEndings[./java/src/jmri/jmrix/oaktree/serialdriver/configurexml/ConnectionConfigXml.java]" classname="jmri.util.FileLineEndingsTest" time="0.001"/>
  <testcase name="lineEndings[./java/src/jmri/jmrix/oaktree/serialdriver/ConnectionConfig.java]" classname="jmri.util.FileLineEndingsTest" time="0.001"/>
  <testcase name="lineEndings[./java/src/jmri/jmrix/oaktree/serialdriver/SerialDriverAdapter.java]" classname="jmri.util.FileLineEndingsTest" time="0.001"/>
  <testcase name="lineEndings[./java/src/jmri/jmrix/oaktree/serialdriver/Bundle.java]" classname="jmri.util.FileLineEndingsTest" time="0.001"/>
  <testcase name="lineEndings[./java/src/jmri/jmrix/oaktree/SerialTurnoutManager.java]" classname="jmri.util.FileLineEndingsTest" time="0"/>
  <testcase name="lineEndings[./java/src/jmri/jmrix/oaktree/SerialLightManager.java]" classname="jmri.util.FileLineEndingsTest" time="0.001"/>
  <testcase name="lineEndings[./java/src/jmri/jmrix/oaktree/SerialTurnout.java]" classname="jmri.util.FileLineEndingsTest" time="0.001"/>
  <testcase name="lineEndings[./java/src/jmri/jmrix/oaktree/serialmon/SerialMonFrame.java]" classname="jmri.util.FileLineEndingsTest" time="0.001"/>
  <testcase name="lineEndings[./java/src/jmri/jmrix/oaktree/serialmon/Bundle.java]" classname="jmri.util.FileLineEndingsTest" time="0.001"/>
  <testcase name="lineEndings[./java/src/jmri/jmrix/oaktree/serialmon/SerialMonAction.java]" classname="jmri.util.FileLineEndingsTest" time="0.001"/>
  <testcase name="lineEndings[./java/src/jmri/jmrix/oaktree/SerialNode.java]" classname="jmri.util.FileLineEndingsTest" time="0.001"/>
  <testcase name="lineEndings[./java/src/jmri/jmrix/oaktree/SerialInterface.java]" classname="jmri.util.FileLineEndingsTest" time="0.001"/>
  <testcase name="lineEndings[./java/src/jmri/jmrix/oaktree/SerialMessage.java]" classname="jmri.util.FileLineEndingsTest" time="0"/>
  <testcase name="lineEndings[./java/src/jmri/jmrix/oaktree/SerialConnectionTypeList.java]" classname="jmri.util.FileLineEndingsTest" time="0.001"/>
  <testcase name="lineEndings[./java/src/jmri/jmrix/oaktree/OakTreeMenu.java]" classname="jmri.util.FileLineEndingsTest" time="0.001"/>
  <testcase name="lineEndings[./java/src/jmri/jmrix/oaktree/SerialPortController.java]" classname="jmri.util.FileLineEndingsTest" time="0.001"/>
  <testcase name="lineEndings[./java/src/jmri/jmrix/oaktree/SerialLight.java]" classname="jmri.util.FileLineEndingsTest" time="0.001"/>
  <testcase name="lineEndings[./java/src/jmri/jmrix/oaktree/SerialReply.java]" classname="jmri.util.FileLineEndingsTest" time="0.001"/>
  <testcase name="lineEndings[./java/src/jmri/jmrix/oaktree/SerialAddress.java]" classname="jmri.util.FileLineEndingsTest" time="0.001"/>
  <testcase name="lineEndings[./java/src/jmri/jmrix/oaktree/SerialSensorManager.java]" classname="jmri.util.FileLineEndingsTest" time="0"/>
  <testcase name="lineEndings[./java/src/jmri/jmrix/oaktree/OakTreeSystemConnectionMemo.java]" classname="jmri.util.FileLineEndingsTest" time="0.001"/>
  <testcase name="lineEndings[./java/src/jmri/jmrix/oaktree/SerialSensor.java]" classname="jmri.util.FileLineEndingsTest" time="0.001"/>
  <testcase name="lineEndings[./java/src/jmri/jmrix/tams/swing/monitor/TamsMonPane.java]" classname="jmri.util.FileLineEndingsTest" time="0.001"/>
  <testcase name="lineEndings[./java/src/jmri/jmrix/tams/swing/statusframe/StatusPanel.java]" classname="jmri.util.FileLineEndingsTest" time="0.001"/>
  <testcase name="lineEndings[./java/src/jmri/jmrix/tams/swing/TamsPanelInterface.java]" classname="jmri.util.FileLineEndingsTest" time="0.001"/>
  <testcase name="lineEndings[./java/src/jmri/jmrix/tams/swing/packetgen/PacketGenPanel.java]" classname="jmri.util.FileLineEndingsTest" time="0.001"/>
  <testcase name="lineEndings[./java/src/jmri/jmrix/tams/swing/locodatabase/LocoDataPane.java]" classname="jmri.util.FileLineEndingsTest" time="0.001"/>
  <testcase name="lineEndings[./java/src/jmri/jmrix/tams/swing/locodatabase/LocoDataModel.java]" classname="jmri.util.FileLineEndingsTest" time="0"/>
  <testcase name="lineEndings[./java/src/jmri/jmrix/tams/swing/TamsNamedPaneAction.java]" classname="jmri.util.FileLineEndingsTest" time="0"/>
  <testcase name="lineEndings[./java/src/jmri/jmrix/tams/swing/TamsMenu.java]" classname="jmri.util.FileLineEndingsTest" time="0.001"/>
  <testcase name="lineEndings[./java/src/jmri/jmrix/tams/swing/TamsPanel.java]" classname="jmri.util.FileLineEndingsTest" time="0.001"/>
  <testcase name="lineEndings[./java/src/jmri/jmrix/tams/swing/TamsComponentFactory.java]" classname="jmri.util.FileLineEndingsTest" time="0.001"/>
  <testcase name="lineEndings[./java/src/jmri/jmrix/tams/TamsTurnout.java]" classname="jmri.util.FileLineEndingsTest" time="0.001"/>
  <testcase name="lineEndings[./java/src/jmri/jmrix/tams/serialdriver/configurexml/ConnectionConfigXml.java]" classname="jmri.util.FileLineEndingsTest" time="0.001"/>
  <testcase name="lineEndings[./java/src/jmri/jmrix/tams/serialdriver/ConnectionConfig.java]" classname="jmri.util.FileLineEndingsTest" time="0.001"/>
  <testcase name="lineEndings[./java/src/jmri/jmrix/tams/serialdriver/SerialDriverAdapter.java]" classname="jmri.util.FileLineEndingsTest" time="0"/>
  <testcase name="lineEndings[./java/src/jmri/jmrix/tams/simulator/ConnectionConfig.java]" classname="jmri.util.FileLineEndingsTest" time="0.002"/>
  <testcase name="lineEndings[./java/src/jmri/jmrix/tams/simulator/SimulatorAdapter.java]" classname="jmri.util.FileLineEndingsTest" time="0"/>
  <testcase name="lineEndings[./java/src/jmri/jmrix/tams/simulator/configurexml/ConnectionConfigXml.java]" classname="jmri.util.FileLineEndingsTest" time="0.001"/>
  <testcase name="lineEndings[./java/src/jmri/jmrix/tams/configurexml/TamsTurnoutManagerXml.java]" classname="jmri.util.FileLineEndingsTest" time="0.001"/>
  <testcase name="lineEndings[./java/src/jmri/jmrix/tams/configurexml/TamsSensorManagerXml.java]" classname="jmri.util.FileLineEndingsTest" time="0.001"/>
  <testcase name="lineEndings[./java/src/jmri/jmrix/tams/TamsSystemConnectionMemo.java]" classname="jmri.util.FileLineEndingsTest" time="0.001"/>
  <testcase name="lineEndings[./java/src/jmri/jmrix/tams/TamsReply.java]" classname="jmri.util.FileLineEndingsTest" time="0.001"/>
  <testcase name="lineEndings[./java/src/jmri/jmrix/tams/Bundle.java]" classname="jmri.util.FileLineEndingsTest" time="0.001"/>
  <testcase name="lineEndings[./java/src/jmri/jmrix/tams/TamsSensorManager.java]" classname="jmri.util.FileLineEndingsTest" time="0.001"/>
  <testcase name="lineEndings[./java/src/jmri/jmrix/tams/TamsTrafficController.java]" classname="jmri.util.FileLineEndingsTest" time="0.001"/>
  <testcase name="lineEndings[./java/src/jmri/jmrix/tams/TamsProgrammerManager.java]" classname="jmri.util.FileLineEndingsTest" time="0"/>
  <testcase name="lineEndings[./java/src/jmri/jmrix/tams/TamsOpsModeProgrammer.java]" classname="jmri.util.FileLineEndingsTest" time="0.001"/>
  <testcase name="lineEndings[./java/src/jmri/jmrix/tams/TamsMessage.java]" classname="jmri.util.FileLineEndingsTest" time="0.001"/>
  <testcase name="lineEndings[./java/src/jmri/jmrix/tams/TamsConstants.java]" classname="jmri.util.FileLineEndingsTest" time="0.001"/>
  <testcase name="lineEndings[./java/src/jmri/jmrix/tams/TamsSensor.java]" classname="jmri.util.FileLineEndingsTest" time="0.001"/>
  <testcase name="lineEndings[./java/src/jmri/jmrix/tams/TamsListener.java]" classname="jmri.util.FileLineEndingsTest" time="0.001"/>
  <testcase name="lineEndings[./java/src/jmri/jmrix/tams/TamsThrottleManager.java]" classname="jmri.util.FileLineEndingsTest" time="0.001"/>
  <testcase name="lineEndings[./java/src/jmri/jmrix/tams/TamsConnectionTypeList.java]" classname="jmri.util.FileLineEndingsTest" time="0"/>
  <testcase name="lineEndings[./java/src/jmri/jmrix/tams/TamsThrottle.java]" classname="jmri.util.FileLineEndingsTest" time="0.001"/>
  <testcase name="lineEndings[./java/src/jmri/jmrix/tams/TamsProgrammer.java]" classname="jmri.util.FileLineEndingsTest" time="0.001"/>
  <testcase name="lineEndings[./java/src/jmri/jmrix/tams/TamsTurnoutManager.java]" classname="jmri.util.FileLineEndingsTest" time="0.001"/>
  <testcase name="lineEndings[./java/src/jmri/jmrix/tams/TamsInterface.java]" classname="jmri.util.FileLineEndingsTest" time="0.001"/>
  <testcase name="lineEndings[./java/src/jmri/jmrix/tams/TamsPowerManager.java]" classname="jmri.util.FileLineEndingsTest" time="0.001"/>
  <testcase name="lineEndings[./java/src/jmri/jmrix/tams/TamsPortController.java]" classname="jmri.util.FileLineEndingsTest" time="0.001"/>
  <testcase name="lineEndings[./java/src/jmri/jmrix/srcp/SRCPListener.java]" classname="jmri.util.FileLineEndingsTest" time="0.001"/>
  <testcase name="lineEndings[./java/src/jmri/jmrix/srcp/SRCPSensor.java]" classname="jmri.util.FileLineEndingsTest" time="0"/>
  <testcase name="lineEndings[./java/src/jmri/jmrix/srcp/swing/SRCPComponentFactory.java]" classname="jmri.util.FileLineEndingsTest" time="0.001"/>
  <testcase name="lineEndings[./java/src/jmri/jmrix/srcp/swing/packetgen/PacketGenAction.java]" classname="jmri.util.FileLineEndingsTest" time="0.001"/>
  <testcase name="lineEndings[./java/src/jmri/jmrix/srcp/swing/packetgen/PacketGenFrame.java]" classname="jmri.util.FileLineEndingsTest" time="0.001"/>
  <testcase name="lineEndings[./java/src/jmri/jmrix/srcp/swing/srcpmon/SRCPMonAction.java]" classname="jmri.util.FileLineEndingsTest" time="0.001"/>
  <testcase name="lineEndings[./java/src/jmri/jmrix/srcp/swing/srcpmon/SRCPMonFrame.java]" classname="jmri.util.FileLineEndingsTest" time="0.001"/>
  <testcase name="lineEndings[./java/src/jmri/jmrix/srcp/swing/SystemMenu.java]" classname="jmri.util.FileLineEndingsTest" time="0.001"/>
  <testcase name="lineEndings[./java/src/jmri/jmrix/srcp/SRCPPortController.java]" classname="jmri.util.FileLineEndingsTest" time="0"/>
  <testcase name="lineEndings[./java/src/jmri/jmrix/srcp/SRCPProgrammer.java]" classname="jmri.util.FileLineEndingsTest" time="0.001"/>
  <testcase name="lineEndings[./java/src/jmri/jmrix/srcp/networkdriver/configurexml/ConnectionConfigXml.java]" classname="jmri.util.FileLineEndingsTest" time="0.001"/>
  <testcase name="lineEndings[./java/src/jmri/jmrix/srcp/networkdriver/ConnectionConfig.java]" classname="jmri.util.FileLineEndingsTest" time="0.001"/>
  <testcase name="lineEndings[./java/src/jmri/jmrix/srcp/networkdriver/NetworkDriverAdapter.java]" classname="jmri.util.FileLineEndingsTest" time="0.001"/>
  <testcase name="lineEndings[./java/src/jmri/jmrix/srcp/SRCPTurnoutManager.java]" classname="jmri.util.FileLineEndingsTest" time="0.001"/>
  <testcase name="lineEndings[./java/src/jmri/jmrix/srcp/SRCPConnectionTypeList.java]" classname="jmri.util.FileLineEndingsTest" time="0.001"/>
  <testcase name="lineEndings[./java/src/jmri/jmrix/srcp/configurexml/SRCPSensorManagerXml.java]" classname="jmri.util.FileLineEndingsTest" time="0"/>
  <testcase name="lineEndings[./java/src/jmri/jmrix/srcp/configurexml/SRCPTurnoutManagerXml.java]" classname="jmri.util.FileLineEndingsTest" time="0.001"/>
  <testcase name="lineEndings[./java/src/jmri/jmrix/srcp/SRCPPowerManager.java]" classname="jmri.util.FileLineEndingsTest" time="0.001"/>
  <testcase name="lineEndings[./java/src/jmri/jmrix/srcp/parser/SRCPClientVisitor.java]" classname="jmri.util.FileLineEndingsTest" time="0.001"/>
  <testcase name="lineEndings[./java/src/jmri/jmrix/srcp/parser/package-info.java]" classname="jmri.util.FileLineEndingsTest" time="0.001"/>
  <testcase name="lineEndings[./java/src/jmri/jmrix/srcp/SRCPThrottleManager.java]" classname="jmri.util.FileLineEndingsTest" time="0.001"/>
  <testcase name="lineEndings[./java/src/jmri/jmrix/srcp/SRCPInterface.java]" classname="jmri.util.FileLineEndingsTest" time="0.001"/>
  <testcase name="lineEndings[./java/src/jmri/jmrix/srcp/SRCPMessage.java]" classname="jmri.util.FileLineEndingsTest" time="0"/>
  <testcase name="lineEndings[./java/src/jmri/jmrix/srcp/SRCPSensorManager.java]" classname="jmri.util.FileLineEndingsTest" time="0.001"/>
  <testcase name="lineEndings[./java/src/jmri/jmrix/srcp/SRCPTurnout.java]" classname="jmri.util.FileLineEndingsTest" time="0.001"/>
  <testcase name="lineEndings[./java/src/jmri/jmrix/srcp/SRCPSystemConnectionMemo.java]" classname="jmri.util.FileLineEndingsTest" time="0.001"/>
  <testcase name="lineEndings[./java/src/jmri/jmrix/srcp/SRCPReply.java]" classname="jmri.util.FileLineEndingsTest" time="0.001"/>
  <testcase name="lineEndings[./java/src/jmri/jmrix/srcp/SRCPProgrammerManager.java]" classname="jmri.util.FileLineEndingsTest" time="0.001"/>
  <testcase name="lineEndings[./java/src/jmri/jmrix/srcp/SRCPBusConnectionMemo.java]" classname="jmri.util.FileLineEndingsTest" time="0.001"/>
  <testcase name="lineEndings[./java/src/jmri/jmrix/srcp/SRCPClockControl.java]" classname="jmri.util.FileLineEndingsTest" time="0"/>
  <testcase name="lineEndings[./java/src/jmri/jmrix/srcp/SRCPTrafficController.java]" classname="jmri.util.FileLineEndingsTest" time="0"/>
  <testcase name="lineEndings[./java/src/jmri/jmrix/srcp/SRCPThrottle.java]" classname="jmri.util.FileLineEndingsTest" time="0.001"/>
  <testcase name="lineEndings[./java/src/jmri/jmrix/rps/aligntable/AlignTableAction.java]" classname="jmri.util.FileLineEndingsTest" time="0.001"/>
  <testcase name="lineEndings[./java/src/jmri/jmrix/rps/aligntable/AlignTableFrame.java]" classname="jmri.util.FileLineEndingsTest" time="0.001"/>
  <testcase name="lineEndings[./java/src/jmri/jmrix/rps/aligntable/AlignTablePane.java]" classname="jmri.util.FileLineEndingsTest" time="0.001"/>
  <testcase name="lineEndings[./java/src/jmri/jmrix/rps/RpsSensorManager.java]" classname="jmri.util.FileLineEndingsTest" time="0.001"/>
  <testcase name="lineEndings[./java/src/jmri/jmrix/rps/swing/soundset/SoundSetAction.java]" classname="jmri.util.FileLineEndingsTest" time="0.001"/>
  <testcase name="lineEndings[./java/src/jmri/jmrix/rps/swing/soundset/SoundSetPane.java]" classname="jmri.util.FileLineEndingsTest" time="0"/>
  <testcase name="lineEndings[./java/src/jmri/jmrix/rps/swing/soundset/SoundSetFrame.java]" classname="jmri.util.FileLineEndingsTest" time="0"/>
  <testcase name="lineEndings[./java/src/jmri/jmrix/rps/swing/polling/PollDataModel.java]" classname="jmri.util.FileLineEndingsTest" time="0.001"/>
  <testcase name="lineEndings[./java/src/jmri/jmrix/rps/swing/polling/PollTableFrame.java]" classname="jmri.util.FileLineEndingsTest" time="0.001"/>
  <testcase name="lineEndings[./java/src/jmri/jmrix/rps/swing/polling/Bundle.java]" classname="jmri.util.FileLineEndingsTest" time="0.001"/>
  <testcase name="lineEndings[./java/src/jmri/jmrix/rps/swing/polling/PollTableAction.java]" classname="jmri.util.FileLineEndingsTest" time="0.001"/>
  <testcase name="lineEndings[./java/src/jmri/jmrix/rps/swing/polling/PollTablePane.java]" classname="jmri.util.FileLineEndingsTest" time="0.001"/>
  <testcase name="lineEndings[./java/src/jmri/jmrix/rps/swing/CsvExportMeasurementAction.java]" classname="jmri.util.FileLineEndingsTest" time="0.001"/>
  <testcase name="lineEndings[./java/src/jmri/jmrix/rps/swing/debugger/DebuggerFrame.java]" classname="jmri.util.FileLineEndingsTest" time="0.001"/>
  <testcase name="lineEndings[./java/src/jmri/jmrix/rps/swing/debugger/DebuggerAction.java]" classname="jmri.util.FileLineEndingsTest" time="0"/>
  <testcase name="lineEndings[./java/src/jmri/jmrix/rps/swing/debugger/DebuggerTimePane.java]" classname="jmri.util.FileLineEndingsTest" time="0.001"/>
  <testcase name="lineEndings[./java/src/jmri/jmrix/rps/swing/CsvExportAction.java]" classname="jmri.util.FileLineEndingsTest" time="0.001"/>
  <testcase name="lineEndings[./java/src/jmri/jmrix/rps/swing/LoadStorePanel.java]" classname="jmri.util.FileLineEndingsTest" time="0.001"/>
  <testcase name="lineEndings[./java/src/jmri/jmrix/rps/swing/AffineEntryPanel.java]" classname="jmri.util.FileLineEndingsTest" time="0.001"/>
  <testcase name="lineEndings[./java/src/jmri/jmrix/rps/swing/RpsComponentFactory.java]" classname="jmri.util.FileLineEndingsTest" time="0.001"/>
  <testcase name="lineEndings[./java/src/jmri/jmrix/rps/swing/Bundle.java]" classname="jmri.util.FileLineEndingsTest" time="0.001"/>
  <testcase name="lineEndings[./java/src/jmri/jmrix/rps/configurexml/RpsSensorManagerXml.java]" classname="jmri.util.FileLineEndingsTest" time="0"/>
  <testcase name="lineEndings[./java/src/jmri/jmrix/rps/configurexml/RpsReporterManagerXml.java]" classname="jmri.util.FileLineEndingsTest" time="0.001"/>
  <testcase name="lineEndings[./java/src/jmri/jmrix/rps/trackingpanel/RpsTrackingControlPane.java]" classname="jmri.util.FileLineEndingsTest" time="0.001"/>
  <testcase name="lineEndings[./java/src/jmri/jmrix/rps/trackingpanel/RpsTrackingPanel.java]" classname="jmri.util.FileLineEndingsTest" time="0.001"/>
  <testcase name="lineEndings[./java/src/jmri/jmrix/rps/trackingpanel/RpsTrackingFrame.java]" classname="jmri.util.FileLineEndingsTest" time="0.001"/>
  <testcase name="lineEndings[./java/src/jmri/jmrix/rps/trackingpanel/RpsTrackingFrameAction.java]" classname="jmri.util.FileLineEndingsTest" time="0.001"/>
  <testcase name="lineEndings[./java/src/jmri/jmrix/rps/PositionFile.java]" classname="jmri.util.FileLineEndingsTest" time="0.001"/>
  <testcase name="lineEndings[./java/src/jmri/jmrix/rps/Measurement.java]" classname="jmri.util.FileLineEndingsTest" time="0.001"/>
  <testcase name="lineEndings[./java/src/jmri/jmrix/rps/rpsmon/RpsMonAction.java]" classname="jmri.util.FileLineEndingsTest" time="0"/>
  <testcase name="lineEndings[./java/src/jmri/jmrix/rps/rpsmon/RpsMonFrame.java]" classname="jmri.util.FileLineEndingsTest" time="0.001"/>
  <testcase name="lineEndings[./java/src/jmri/jmrix/rps/Constants.java]" classname="jmri.util.FileLineEndingsTest" time="0.001"/>
  <testcase name="lineEndings[./java/src/jmri/jmrix/rps/Engine.java]" classname="jmri.util.FileLineEndingsTest" time="0.001"/>
  <testcase name="lineEndings[./java/src/jmri/jmrix/rps/RpsReporterManager.java]" classname="jmri.util.FileLineEndingsTest" time="0.001"/>
  <testcase name="lineEndings[./java/src/jmri/jmrix/rps/RpsSensor.java]" classname="jmri.util.FileLineEndingsTest" time="0.001"/>
  <testcase name="lineEndings[./java/src/jmri/jmrix/rps/Reading.java]" classname="jmri.util.FileLineEndingsTest" time="0.001"/>
  <testcase name="lineEndings[./java/src/jmri/jmrix/rps/Ash1_0Algorithm.java]" classname="jmri.util.FileLineEndingsTest" time="0"/>
  <testcase name="lineEndings[./java/src/jmri/jmrix/rps/Transmitter.java]" classname="jmri.util.FileLineEndingsTest" time="0.001"/>
  <testcase name="lineEndings[./java/src/jmri/jmrix/rps/RpsConnectionTypeList.java]" classname="jmri.util.FileLineEndingsTest" time="0.001"/>
  <testcase name="lineEndings[./java/src/jmri/jmrix/rps/InitialAlgorithm.java]" classname="jmri.util.FileLineEndingsTest" time="0.001"/>
  <testcase name="lineEndings[./java/src/jmri/jmrix/rps/Ash1_1Algorithm.java]" classname="jmri.util.FileLineEndingsTest" time="0.001"/>
  <testcase name="lineEndings[./java/src/jmri/jmrix/rps/RpsReporter.java]" classname="jmri.util.FileLineEndingsTest" time="0.001"/>
  <testcase name="lineEndings[./java/src/jmri/jmrix/rps/Analytic_AAlgorithm.java]" classname="jmri.util.FileLineEndingsTest" time="0.001"/>
  <testcase name="lineEndings[./java/src/jmri/jmrix/rps/MeasurementListener.java]" classname="jmri.util.FileLineEndingsTest" time="0.001"/>
  <testcase name="lineEndings[./java/src/jmri/jmrix/rps/serial/ConnectionConfig.java]" classname="jmri.util.FileLineEndingsTest" time="0.001"/>
  <testcase name="lineEndings[./java/src/jmri/jmrix/rps/serial/configurexml/ConnectionConfigXml.java]" classname="jmri.util.FileLineEndingsTest" time="0"/>
  <testcase name="lineEndings[./java/src/jmri/jmrix/rps/serial/SerialAdapter.java]" classname="jmri.util.FileLineEndingsTest" time="0.001"/>
  <testcase name="lineEndings[./java/src/jmri/jmrix/rps/RpsMenu.java]" classname="jmri.util.FileLineEndingsTest" time="0.001"/>
  <testcase name="lineEndings[./java/src/jmri/jmrix/rps/Ash2_1Algorithm.java]" classname="jmri.util.FileLineEndingsTest" time="0.001"/>
  <testcase name="lineEndings[./java/src/jmri/jmrix/rps/reversealign/AlignmentPanelAction.java]" classname="jmri.util.FileLineEndingsTest" time="0.001"/>
  <testcase name="lineEndings[./java/src/jmri/jmrix/rps/reversealign/AlignmentPanel.java]" classname="jmri.util.FileLineEndingsTest" time="0.001"/>
  <testcase name="lineEndings[./java/src/jmri/jmrix/rps/Receiver.java]" classname="jmri.util.FileLineEndingsTest" time="0.001"/>
  <testcase name="lineEndings[./java/src/jmri/jmrix/rps/package-info.java]" classname="jmri.util.FileLineEndingsTest" time="0.001"/>
  <testcase name="lineEndings[./java/src/jmri/jmrix/rps/AbstractCalculator.java]" classname="jmri.util.FileLineEndingsTest" time="0.001"/>
  <testcase name="lineEndings[./java/src/jmri/jmrix/rps/Algorithms.java]" classname="jmri.util.FileLineEndingsTest" time="0"/>
  <testcase name="lineEndings[./java/src/jmri/jmrix/rps/Model.java]" classname="jmri.util.FileLineEndingsTest" time="0.001"/>
  <testcase name="lineEndings[./java/src/jmri/jmrix/rps/Ash2_2Algorithm.java]" classname="jmri.util.FileLineEndingsTest" time="0.001"/>
  <testcase name="lineEndings[./java/src/jmri/jmrix/rps/RpsBlock.java]" classname="jmri.util.FileLineEndingsTest" time="0.001"/>
  <testcase name="lineEndings[./java/src/jmri/jmrix/rps/Region.java]" classname="jmri.util.FileLineEndingsTest" time="0.001"/>
  <testcase name="lineEndings[./java/src/jmri/jmrix/rps/RpsSystemConnectionMemo.java]" classname="jmri.util.FileLineEndingsTest" time="0.001"/>
  <testcase name="lineEndings[./java/src/jmri/jmrix/rps/ReadingListener.java]" classname="jmri.util.FileLineEndingsTest" time="0.001"/>
  <testcase name="lineEndings[./java/src/jmri/jmrix/rps/PollingFile.java]" classname="jmri.util.FileLineEndingsTest" time="0.001"/>
  <testcase name="lineEndings[./java/src/jmri/jmrix/rps/Calculator.java]" classname="jmri.util.FileLineEndingsTest" time="0"/>
  <testcase name="lineEndings[./java/src/jmri/jmrix/rps/Ash2_0Algorithm.java]" classname="jmri.util.FileLineEndingsTest" time="0.001"/>
  <testcase name="lineEndings[./java/src/jmri/jmrix/rps/Bundle.java]" classname="jmri.util.FileLineEndingsTest" time="0.001"/>
  <testcase name="lineEndings[./java/src/jmri/jmrix/rps/Distributor.java]" classname="jmri.util.FileLineEndingsTest" time="0.001"/>
  <testcase name="lineEndings[./java/src/jmri/jmrix/powerline/cm11/SpecificReply.java]" classname="jmri.util.FileLineEndingsTest" time="0.001"/>
  <testcase name="lineEndings[./java/src/jmri/jmrix/powerline/cm11/SpecificTrafficController.java]" classname="jmri.util.FileLineEndingsTest" time="0.001"/>
  <testcase name="lineEndings[./java/src/jmri/jmrix/powerline/cm11/SpecificMessage.java]" classname="jmri.util.FileLineEndingsTest" time="0.001"/>
  <testcase name="lineEndings[./java/src/jmri/jmrix/powerline/cm11/Constants.java]" classname="jmri.util.FileLineEndingsTest" time="0"/>
  <testcase name="lineEndings[./java/src/jmri/jmrix/powerline/cm11/SpecificLight.java]" classname="jmri.util.FileLineEndingsTest" time="0"/>
  <testcase name="lineEndings[./java/src/jmri/jmrix/powerline/cm11/ConnectionConfig.java]" classname="jmri.util.FileLineEndingsTest" time="0.001"/>
  <testcase name="lineEndings[./java/src/jmri/jmrix/powerline/cm11/SpecificLightManager.java]" classname="jmri.util.FileLineEndingsTest" time="0.001"/>
  <testcase name="lineEndings[./java/src/jmri/jmrix/powerline/cm11/configurexml/ConnectionConfigXml.java]" classname="jmri.util.FileLineEndingsTest" time="0.001"/>
  <testcase name="lineEndings[./java/src/jmri/jmrix/powerline/cm11/configurexml/SpecificSensorManagerXml.java]" classname="jmri.util.FileLineEndingsTest" time="0.001"/>
  <testcase name="lineEndings[./java/src/jmri/jmrix/powerline/cm11/configurexml/SpecificLightManagerXml.java]" classname="jmri.util.FileLineEndingsTest" time="0.001"/>
  <testcase name="lineEndings[./java/src/jmri/jmrix/powerline/cm11/SpecificSensorManager.java]" classname="jmri.util.FileLineEndingsTest" time="0"/>
  <testcase name="lineEndings[./java/src/jmri/jmrix/powerline/cm11/SpecificSystemConnectionMemo.java]" classname="jmri.util.FileLineEndingsTest" time="0"/>
  <testcase name="lineEndings[./java/src/jmri/jmrix/powerline/cm11/SpecificDriverAdapter.java]" classname="jmri.util.FileLineEndingsTest" time="0.001"/>
  <testcase name="lineEndings[./java/src/jmri/jmrix/powerline/swing/serialmon/SerialMonAction.java]" classname="jmri.util.FileLineEndingsTest" time="0.001"/>
  <testcase name="lineEndings[./java/src/jmri/jmrix/powerline/swing/serialmon/SerialMonPane.java]" classname="jmri.util.FileLineEndingsTest" time="0.001"/>
  <testcase name="lineEndings[./java/src/jmri/jmrix/powerline/swing/serialmon/SerialMonFrame.java]" classname="jmri.util.FileLineEndingsTest" time="0.001"/>
  <testcase name="lineEndings[./java/src/jmri/jmrix/powerline/swing/packetgen/SerialPacketGenFrame.java]" classname="jmri.util.FileLineEndingsTest" time="0.001"/>
  <testcase name="lineEndings[./java/src/jmri/jmrix/powerline/swing/packetgen/SerialPacketGenPane.java]" classname="jmri.util.FileLineEndingsTest" time="0.001"/>
  <testcase name="lineEndings[./java/src/jmri/jmrix/powerline/swing/packetgen/SerialPacketGenAction.java]" classname="jmri.util.FileLineEndingsTest" time="0"/>
  <testcase name="lineEndings[./java/src/jmri/jmrix/powerline/swing/Bundle.java]" classname="jmri.util.FileLineEndingsTest" time="0.001"/>
  <testcase name="lineEndings[./java/src/jmri/jmrix/powerline/swing/PowerlineMenu.java]" classname="jmri.util.FileLineEndingsTest" time="0.001"/>
  <testcase name="lineEndings[./java/src/jmri/jmrix/powerline/swing/PowerlineNamedPaneAction.java]" classname="jmri.util.FileLineEndingsTest" time="0.001"/>
  <testcase name="lineEndings[./java/src/jmri/jmrix/powerline/swing/PowerlinePanelInterface.java]" classname="jmri.util.FileLineEndingsTest" time="0.001"/>
  <testcase name="lineEndings[./java/src/jmri/jmrix/powerline/swing/PowerlinePanel.java]" classname="jmri.util.FileLineEndingsTest" time="0.001"/>
  <testcase name="lineEndings[./java/src/jmri/jmrix/powerline/swing/PowerlineComponentFactory.java]" classname="jmri.util.FileLineEndingsTest" time="0.001"/>
  <testcase name="lineEndings[./java/src/jmri/jmrix/powerline/SerialSystemConnectionMemo.java]" classname="jmri.util.FileLineEndingsTest" time="0.001"/>
  <testcase name="lineEndings[./java/src/jmri/jmrix/powerline/InsteonSequence.java]" classname="jmri.util.FileLineEndingsTest" time="0"/>
  <testcase name="lineEndings[./java/src/jmri/jmrix/powerline/SerialMessage.java]" classname="jmri.util.FileLineEndingsTest" time="0.001"/>
  <testcase name="lineEndings[./java/src/jmri/jmrix/powerline/simulator/Constants.java]" classname="jmri.util.FileLineEndingsTest" time="0.001"/>
  <testcase name="lineEndings[./java/src/jmri/jmrix/powerline/simulator/SpecificSensorManager.java]" classname="jmri.util.FileLineEndingsTest" time="0.001"/>
  <testcase name="lineEndings[./java/src/jmri/jmrix/powerline/simulator/SpecificSystemConnectionMemo.java]" classname="jmri.util.FileLineEndingsTest" time="0.001"/>
  <testcase name="lineEndings[./java/src/jmri/jmrix/powerline/simulator/SpecificInsteonLight.java]" classname="jmri.util.FileLineEndingsTest" time="0.001"/>
  <testcase name="lineEndings[./java/src/jmri/jmrix/powerline/simulator/configurexml/SpecificSensorManagerXml.java]" classname="jmri.util.FileLineEndingsTest" time="0"/>
  <testcase name="lineEndings[./java/src/jmri/jmrix/powerline/simulator/configurexml/SpecificLightManagerXml.java]" classname="jmri.util.FileLineEndingsTest" time="0.001"/>
  <testcase name="lineEndings[./java/src/jmri/jmrix/powerline/simulator/configurexml/ConnectionConfigXml.java]" classname="jmri.util.FileLineEndingsTest" time="0.001"/>
  <testcase name="lineEndings[./java/src/jmri/jmrix/powerline/simulator/SimulatorAdapter.java]" classname="jmri.util.FileLineEndingsTest" time="0.001"/>
  <testcase name="lineEndings[./java/src/jmri/jmrix/powerline/simulator/SpecificReply.java]" classname="jmri.util.FileLineEndingsTest" time="0.001"/>
  <testcase name="lineEndings[./java/src/jmri/jmrix/powerline/simulator/ConnectionConfig.java]" classname="jmri.util.FileLineEndingsTest" time="0.001"/>
  <testcase name="lineEndings[./java/src/jmri/jmrix/powerline/simulator/SpecificX10Light.java]" classname="jmri.util.FileLineEndingsTest" time="0.001"/>
  <testcase name="lineEndings[./java/src/jmri/jmrix/powerline/simulator/SpecificMessage.java]" classname="jmri.util.FileLineEndingsTest" time="0.001"/>
  <testcase name="lineEndings[./java/src/jmri/jmrix/powerline/simulator/SpecificLightManager.java]" classname="jmri.util.FileLineEndingsTest" time="0"/>
  <testcase name="lineEndings[./java/src/jmri/jmrix/powerline/simulator/SpecificTrafficController.java]" classname="jmri.util.FileLineEndingsTest" time="0.001"/>
  <testcase name="lineEndings[./java/src/jmri/jmrix/powerline/cp290/SpecificSystemConnectionMemo.java]" classname="jmri.util.FileLineEndingsTest" time="0.001"/>
  <testcase name="lineEndings[./java/src/jmri/jmrix/powerline/cp290/configurexml/SpecificLightManagerXml.java]" classname="jmri.util.FileLineEndingsTest" time="0.001"/>
  <testcase name="lineEndings[./java/src/jmri/jmrix/powerline/cp290/configurexml/SpecificSensorManagerXml.java]" classname="jmri.util.FileLineEndingsTest" time="0.001"/>
  <testcase name="lineEndings[./java/src/jmri/jmrix/powerline/cp290/configurexml/ConnectionConfigXml.java]" classname="jmri.util.FileLineEndingsTest" time="0.001"/>
  <testcase name="lineEndings[./java/src/jmri/jmrix/powerline/cp290/SpecificTrafficController.java]" classname="jmri.util.FileLineEndingsTest" time="0.001"/>
  <testcase name="lineEndings[./java/src/jmri/jmrix/powerline/cp290/SpecificDriverAdapter.java]" classname="jmri.util.FileLineEndingsTest" time="0.003"/>
  <testcase name="lineEndings[./java/src/jmri/jmrix/powerline/cp290/Constants.java]" classname="jmri.util.FileLineEndingsTest" time="0"/>
  <testcase name="lineEndings[./java/src/jmri/jmrix/powerline/cp290/SpecificReply.java]" classname="jmri.util.FileLineEndingsTest" time="0"/>
  <testcase name="lineEndings[./java/src/jmri/jmrix/powerline/cp290/ConnectionConfig.java]" classname="jmri.util.FileLineEndingsTest" time="0.001"/>
  <testcase name="lineEndings[./java/src/jmri/jmrix/powerline/cp290/SpecificMessage.java]" classname="jmri.util.FileLineEndingsTest" time="0.001"/>
  <testcase name="lineEndings[./java/src/jmri/jmrix/powerline/cp290/SpecificLight.java]" classname="jmri.util.FileLineEndingsTest" time="0.001"/>
  <testcase name="lineEndings[./java/src/jmri/jmrix/powerline/cp290/SpecificLightManager.java]" classname="jmri.util.FileLineEndingsTest" time="0.001"/>
  <testcase name="lineEndings[./java/src/jmri/jmrix/powerline/cp290/SpecificSensorManager.java]" classname="jmri.util.FileLineEndingsTest" time="0.001"/>
  <testcase name="lineEndings[./java/src/jmri/jmrix/powerline/SerialInterface.java]" classname="jmri.util.FileLineEndingsTest" time="0.001"/>
  <testcase name="lineEndings[./java/src/jmri/jmrix/powerline/SerialLightManager.java]" classname="jmri.util.FileLineEndingsTest" time="0"/>
  <testcase name="lineEndings[./java/src/jmri/jmrix/powerline/insteon2412s/ConnectionConfig.java]" classname="jmri.util.FileLineEndingsTest" time="0.001"/>
  <testcase name="lineEndings[./java/src/jmri/jmrix/powerline/insteon2412s/Constants.java]" classname="jmri.util.FileLineEndingsTest" time="0.001"/>
  <testcase name="lineEndings[./java/src/jmri/jmrix/powerline/insteon2412s/SpecificTrafficController.java]" classname="jmri.util.FileLineEndingsTest" time="0.001"/>
  <testcase name="lineEndings[./java/src/jmri/jmrix/powerline/insteon2412s/SpecificX10Light.java]" classname="jmri.util.FileLineEndingsTest" time="0.001"/>
  <testcase name="lineEndings[./java/src/jmri/jmrix/powerline/insteon2412s/SpecificReply.java]" classname="jmri.util.FileLineEndingsTest" time="0.001"/>
  <testcase name="lineEndings[./java/src/jmri/jmrix/powerline/insteon2412s/SpecificDriverAdapter.java]" classname="jmri.util.FileLineEndingsTest" time="0.001"/>
  <testcase name="lineEndings[./java/src/jmri/jmrix/powerline/insteon2412s/SpecificInsteonLight.java]" classname="jmri.util.FileLineEndingsTest" time="0.001"/>
  <testcase name="lineEndings[./java/src/jmri/jmrix/powerline/insteon2412s/SpecificSensorManager.java]" classname="jmri.util.FileLineEndingsTest" time="0"/>
  <testcase name="lineEndings[./java/src/jmri/jmrix/powerline/insteon2412s/SpecificLightManager.java]" classname="jmri.util.FileLineEndingsTest" time="0.001"/>
  <testcase name="lineEndings[./java/src/jmri/jmrix/powerline/insteon2412s/SpecificSystemConnectionMemo.java]" classname="jmri.util.FileLineEndingsTest" time="0.001"/>
  <testcase name="lineEndings[./java/src/jmri/jmrix/powerline/insteon2412s/configurexml/ConnectionConfigXml.java]" classname="jmri.util.FileLineEndingsTest" time="0.001"/>
  <testcase name="lineEndings[./java/src/jmri/jmrix/powerline/insteon2412s/configurexml/SpecificSensorManagerXml.java]" classname="jmri.util.FileLineEndingsTest" time="0.001"/>
  <testcase name="lineEndings[./java/src/jmri/jmrix/powerline/insteon2412s/configurexml/SpecificLightManagerXml.java]" classname="jmri.util.FileLineEndingsTest" time="0.001"/>
  <testcase name="lineEndings[./java/src/jmri/jmrix/powerline/insteon2412s/SpecificMessage.java]" classname="jmri.util.FileLineEndingsTest" time="0.001"/>
  <testcase name="lineEndings[./java/src/jmri/jmrix/powerline/SerialSensor.java]" classname="jmri.util.FileLineEndingsTest" time="0"/>
  <testcase name="lineEndings[./java/src/jmri/jmrix/powerline/X10Sequence.java]" classname="jmri.util.FileLineEndingsTest" time="0.001"/>
  <testcase name="lineEndings[./java/src/jmri/jmrix/powerline/SerialAddress.java]" classname="jmri.util.FileLineEndingsTest" time="0.001"/>
  <testcase name="lineEndings[./java/src/jmri/jmrix/powerline/SerialLight.java]" classname="jmri.util.FileLineEndingsTest" time="0.001"/>
  <testcase name="lineEndings[./java/src/jmri/jmrix/powerline/SystemMenu.java]" classname="jmri.util.FileLineEndingsTest" time="0.001"/>
  <testcase name="lineEndings[./java/src/jmri/jmrix/powerline/SerialPortController.java]" classname="jmri.util.FileLineEndingsTest" time="0.001"/>
  <testcase name="lineEndings[./java/src/jmri/jmrix/powerline/configurexml/SerialLightManagerXml.java]" classname="jmri.util.FileLineEndingsTest" time="0.001"/>
  <testcase name="lineEndings[./java/src/jmri/jmrix/powerline/configurexml/SerialSensorManagerXml.java]" classname="jmri.util.FileLineEndingsTest" time="0.001"/>
  <testcase name="lineEndings[./java/src/jmri/jmrix/powerline/configurexml/SerialTurnoutManagerXml.java]" classname="jmri.util.FileLineEndingsTest" time="0.001"/>
  <testcase name="lineEndings[./java/src/jmri/jmrix/powerline/SerialReply.java]" classname="jmri.util.FileLineEndingsTest" time="0"/>
  <testcase name="lineEndings[./java/src/jmri/jmrix/powerline/SerialTurnoutManager.java]" classname="jmri.util.FileLineEndingsTest" time="0.001"/>
  <testcase name="lineEndings[./java/src/jmri/jmrix/powerline/serialdriver/configurexml/ConnectionConfigXml.java]" classname="jmri.util.FileLineEndingsTest" time="0.001"/>
  <testcase name="lineEndings[./java/src/jmri/jmrix/powerline/serialdriver/SerialDriverAdapter.java]" classname="jmri.util.FileLineEndingsTest" time="0.001"/>
  <testcase name="lineEndings[./java/src/jmri/jmrix/powerline/serialdriver/ConnectionConfig.java]" classname="jmri.util.FileLineEndingsTest" time="0.001"/>
  <testcase name="lineEndings[./java/src/jmri/jmrix/powerline/SerialX10Light.java]" classname="jmri.util.FileLineEndingsTest" time="0.001"/>
  <testcase name="lineEndings[./java/src/jmri/jmrix/powerline/SerialSensorManager.java]" classname="jmri.util.FileLineEndingsTest" time="0.001"/>
  <testcase name="lineEndings[./java/src/jmri/jmrix/powerline/Bundle.java]" classname="jmri.util.FileLineEndingsTest" time="0.001"/>
  <testcase name="lineEndings[./java/src/jmri/jmrix/powerline/SerialListener.java]" classname="jmri.util.FileLineEndingsTest" time="0"/>
  <testcase name="lineEndings[./java/src/jmri/jmrix/powerline/SerialTurnout.java]" classname="jmri.util.FileLineEndingsTest" time="0.001"/>
  <testcase name="lineEndings[./java/src/jmri/jmrix/powerline/SerialTrafficController.java]" classname="jmri.util.FileLineEndingsTest" time="0.001"/>
  <testcase name="lineEndings[./java/src/jmri/jmrix/powerline/SerialConnectionTypeList.java]" classname="jmri.util.FileLineEndingsTest" time="0.001"/>
  <testcase name="lineEndings[./java/src/jmri/jmrix/grapevine/nodeconfig/NodeConfigAction.java]" classname="jmri.util.FileLineEndingsTest" time="0.001"/>
  <testcase name="lineEndings[./java/src/jmri/jmrix/grapevine/nodeconfig/NodeConfigFrame.java]" classname="jmri.util.FileLineEndingsTest" time="0.001"/>
  <testcase name="lineEndings[./java/src/jmri/jmrix/grapevine/nodeconfig/Bundle.java]" classname="jmri.util.FileLineEndingsTest" time="0.001"/>
  <testcase name="lineEndings[./java/src/jmri/jmrix/grapevine/SerialReply.java]" classname="jmri.util.FileLineEndingsTest" time="0.001"/>
  <testcase name="lineEndings[./java/src/jmri/jmrix/grapevine/SerialAddress.java]" classname="jmri.util.FileLineEndingsTest" time="0.001"/>
  <testcase name="lineEndings[./java/src/jmri/jmrix/grapevine/SerialLight.java]" classname="jmri.util.FileLineEndingsTest" time="0"/>
  <testcase name="lineEndings[./java/src/jmri/jmrix/grapevine/packetgen/Bundle.java]" classname="jmri.util.FileLineEndingsTest" time="0.001"/>
  <testcase name="lineEndings[./java/src/jmri/jmrix/grapevine/packetgen/SerialPacketGenFrame.java]" classname="jmri.util.FileLineEndingsTest" time="0.001"/>
  <testcase name="lineEndings[./java/src/jmri/jmrix/grapevine/packetgen/SerialPacketGenAction.java]" classname="jmri.util.FileLineEndingsTest" time="0.001"/>
  <testcase name="lineEndings[./java/src/jmri/jmrix/grapevine/simulator/SimulatorAdapter.java]" classname="jmri.util.FileLineEndingsTest" time="0.001"/>
  <testcase name="lineEndings[./java/src/jmri/jmrix/grapevine/simulator/ConnectionConfig.java]" classname="jmri.util.FileLineEndingsTest" time="0.001"/>
  <testcase name="lineEndings[./java/src/jmri/jmrix/grapevine/simulator/configurexml/ConnectionConfigXml.java]" classname="jmri.util.FileLineEndingsTest" time="0.001"/>
  <testcase name="lineEndings[./java/src/jmri/jmrix/grapevine/simulator/Bundle.java]" classname="jmri.util.FileLineEndingsTest" time="0.001"/>
  <testcase name="lineEndings[./java/src/jmri/jmrix/grapevine/nodetable/Bundle.java]" classname="jmri.util.FileLineEndingsTest" time="0.001"/>
  <testcase name="lineEndings[./java/src/jmri/jmrix/grapevine/nodetable/RenumberFrame.java]" classname="jmri.util.FileLineEndingsTest" time="0"/>
  <testcase name="lineEndings[./java/src/jmri/jmrix/grapevine/nodetable/NodeTablePane.java]" classname="jmri.util.FileLineEndingsTest" time="0.001"/>
  <testcase name="lineEndings[./java/src/jmri/jmrix/grapevine/nodetable/NodeTableAction.java]" classname="jmri.util.FileLineEndingsTest" time="0.001"/>
  <testcase name="lineEndings[./java/src/jmri/jmrix/grapevine/nodetable/NodeTableFrame.java]" classname="jmri.util.FileLineEndingsTest" time="0.001"/>
  <testcase name="lineEndings[./java/src/jmri/jmrix/grapevine/SerialNode.java]" classname="jmri.util.FileLineEndingsTest" time="0.001"/>
  <testcase name="lineEndings[./java/src/jmri/jmrix/grapevine/GrapevineSystemConnectionMemo.java]" classname="jmri.util.FileLineEndingsTest" time="0.001"/>
  <testcase name="lineEndings[./java/src/jmri/jmrix/grapevine/configurexml/SerialSignalHeadXml.java]" classname="jmri.util.FileLineEndingsTest" time="0.001"/>
  <testcase name="lineEndings[./java/src/jmri/jmrix/grapevine/configurexml/SerialLightManagerXml.java]" classname="jmri.util.FileLineEndingsTest" time="0.001"/>
  <testcase name="lineEndings[./java/src/jmri/jmrix/grapevine/configurexml/SerialTurnoutManagerXml.java]" classname="jmri.util.FileLineEndingsTest" time="0"/>
  <testcase name="lineEndings[./java/src/jmri/jmrix/grapevine/configurexml/SerialSensorManagerXml.java]" classname="jmri.util.FileLineEndingsTest" time="0.001"/>
  <testcase name="lineEndings[./java/src/jmri/jmrix/grapevine/GrapevineMenu.java]" classname="jmri.util.FileLineEndingsTest" time="0.001"/>
  <testcase name="lineEndings[./java/src/jmri/jmrix/grapevine/serialmon/Bundle.java]" classname="jmri.util.FileLineEndingsTest" time="0.001"/>
  <testcase name="lineEndings[./java/src/jmri/jmrix/grapevine/serialmon/SerialMonFrame.java]" classname="jmri.util.FileLineEndingsTest" time="0.001"/>
  <testcase name="lineEndings[./java/src/jmri/jmrix/grapevine/serialmon/SerialMonAction.java]" classname="jmri.util.FileLineEndingsTest" time="0.001"/>
  <testcase name="lineEndings[./java/src/jmri/jmrix/grapevine/serialdriver/configurexml/ConnectionConfigXml.java]" classname="jmri.util.FileLineEndingsTest" time="0.001"/>
  <testcase name="lineEndings[./java/src/jmri/jmrix/grapevine/serialdriver/Bundle.java]" classname="jmri.util.FileLineEndingsTest" time="0"/>
  <testcase name="lineEndings[./java/src/jmri/jmrix/grapevine/serialdriver/ConnectionConfig.java]" classname="jmri.util.FileLineEndingsTest" time="0.001"/>
  <testcase name="lineEndings[./java/src/jmri/jmrix/grapevine/serialdriver/SerialDriverAdapter.java]" classname="jmri.util.FileLineEndingsTest" time="0.001"/>
  <testcase name="lineEndings[./java/src/jmri/jmrix/grapevine/SerialSignalHead.java]" classname="jmri.util.FileLineEndingsTest" time="0.001"/>
  <testcase name="lineEndings[./java/src/jmri/jmrix/grapevine/SerialSensorManager.java]" classname="jmri.util.FileLineEndingsTest" time="0.001"/>
  <testcase name="lineEndings[./java/src/jmri/jmrix/grapevine/SerialTurnout.java]" classname="jmri.util.FileLineEndingsTest" time="0.001"/>
  <testcase name="lineEndings[./java/src/jmri/jmrix/grapevine/SerialLightManager.java]" classname="jmri.util.FileLineEndingsTest" time="0.001"/>
  <testcase name="lineEndings[./java/src/jmri/jmrix/grapevine/SerialPortController.java]" classname="jmri.util.FileLineEndingsTest" time="0.001"/>
  <testcase name="lineEndings[./java/src/jmri/jmrix/grapevine/SerialTrafficController.java]" classname="jmri.util.FileLineEndingsTest" time="0.001"/>
  <testcase name="lineEndings[./java/src/jmri/jmrix/grapevine/SerialListener.java]" classname="jmri.util.FileLineEndingsTest" time="0"/>
  <testcase name="lineEndings[./java/src/jmri/jmrix/grapevine/SerialSensor.java]" classname="jmri.util.FileLineEndingsTest" time="0.001"/>
  <testcase name="lineEndings[./java/src/jmri/jmrix/grapevine/swing/GrapevineComponentFactory.java]" classname="jmri.util.FileLineEndingsTest" time="0.001"/>
  <testcase name="lineEndings[./java/src/jmri/jmrix/grapevine/SerialInterface.java]" classname="jmri.util.FileLineEndingsTest" time="0.001"/>
  <testcase name="lineEndings[./java/src/jmri/jmrix/grapevine/Bundle.java]" classname="jmri.util.FileLineEndingsTest" time="0.001"/>
  <testcase name="lineEndings[./java/src/jmri/jmrix/grapevine/SerialMessage.java]" classname="jmri.util.FileLineEndingsTest" time="0.001"/>
  <testcase name="lineEndings[./java/src/jmri/jmrix/grapevine/SerialConnectionTypeList.java]" classname="jmri.util.FileLineEndingsTest" time="0"/>
  <testcase name="lineEndings[./java/src/jmri/jmrix/grapevine/SerialTurnoutManager.java]" classname="jmri.util.FileLineEndingsTest" time="0"/>
  <testcase name="lineEndings[./java/src/jmri/jmrix/ncemonitor/NcePacketMonitorPanel.java]" classname="jmri.util.FileLineEndingsTest" time="0.001"/>
  <testcase name="lineEndings[./java/src/jmri/jmrix/tmcc/TmccSystemConnectionMemo.java]" classname="jmri.util.FileLineEndingsTest" time="0.001"/>
  <testcase name="lineEndings[./java/src/jmri/jmrix/tmcc/packetgen/Bundle.java]" classname="jmri.util.FileLineEndingsTest" time="0.001"/>
  <testcase name="lineEndings[./java/src/jmri/jmrix/tmcc/packetgen/SerialPacketGenAction.java]" classname="jmri.util.FileLineEndingsTest" time="0.001"/>
  <testcase name="lineEndings[./java/src/jmri/jmrix/tmcc/packetgen/SerialPacketGenFrame.java]" classname="jmri.util.FileLineEndingsTest" time="0.001"/>
  <testcase name="lineEndings[./java/src/jmri/jmrix/tmcc/SerialListener.java]" classname="jmri.util.FileLineEndingsTest" time="0.001"/>
  <testcase name="lineEndings[./java/src/jmri/jmrix/tmcc/swing/TmccComponentFactory.java]" classname="jmri.util.FileLineEndingsTest" time="0"/>
  <testcase name="lineEndings[./java/src/jmri/jmrix/tmcc/serialdriver/Bundle.java]" classname="jmri.util.FileLineEndingsTest" time="0.001"/>
  <testcase name="lineEndings[./java/src/jmri/jmrix/tmcc/serialdriver/configurexml/ConnectionConfigXml.java]" classname="jmri.util.FileLineEndingsTest" time="0.001"/>
  <testcase name="lineEndings[./java/src/jmri/jmrix/tmcc/serialdriver/ConnectionConfig.java]" classname="jmri.util.FileLineEndingsTest" time="0.001"/>
  <testcase name="lineEndings[./java/src/jmri/jmrix/tmcc/serialdriver/SerialDriverAdapter.java]" classname="jmri.util.FileLineEndingsTest" time="0.001"/>
  <testcase name="lineEndings[./java/src/jmri/jmrix/tmcc/SerialMessage.java]" classname="jmri.util.FileLineEndingsTest" time="0.001"/>
  <testcase name="lineEndings[./java/src/jmri/jmrix/tmcc/simulator/ConnectionConfig.java]" classname="jmri.util.FileLineEndingsTest" time="0.001"/>
  <testcase name="lineEndings[./java/src/jmri/jmrix/tmcc/simulator/SimulatorAdapter.java]" classname="jmri.util.FileLineEndingsTest" time="0.001"/>
  <testcase name="lineEndings[./java/src/jmri/jmrix/tmcc/simulator/configurexml/ConnectionConfigXml.java]" classname="jmri.util.FileLineEndingsTest" time="0"/>
  <testcase name="lineEndings[./java/src/jmri/jmrix/tmcc/simulator/Bundle.java]" classname="jmri.util.FileLineEndingsTest" time="0.001"/>
  <testcase name="lineEndings[./java/src/jmri/jmrix/tmcc/SerialThrottle.java]" classname="jmri.util.FileLineEndingsTest" time="0.001"/>
  <testcase name="lineEndings[./java/src/jmri/jmrix/tmcc/serialmon/SerialMonFrame.java]" classname="jmri.util.FileLineEndingsTest" time="0.001"/>
  <testcase name="lineEndings[./java/src/jmri/jmrix/tmcc/serialmon/SerialMonAction.java]" classname="jmri.util.FileLineEndingsTest" time="0.001"/>
  <testcase name="lineEndings[./java/src/jmri/jmrix/tmcc/serialmon/Bundle.java]" classname="jmri.util.FileLineEndingsTest" time="0.001"/>
  <testcase name="lineEndings[./java/src/jmri/jmrix/tmcc/SerialAddress.java]" classname="jmri.util.FileLineEndingsTest" time="0.001"/>
  <testcase name="lineEndings[./java/src/jmri/jmrix/tmcc/Bundle.java]" classname="jmri.util.FileLineEndingsTest" time="0"/>
  <testcase name="lineEndings[./java/src/jmri/jmrix/tmcc/SerialReply.java]" classname="jmri.util.FileLineEndingsTest" time="0.001"/>
  <testcase name="lineEndings[./java/src/jmri/jmrix/tmcc/SerialConnectionTypeList.java]" classname="jmri.util.FileLineEndingsTest" time="0.001"/>
  <testcase name="lineEndings[./java/src/jmri/jmrix/tmcc/TmccMenu.java]" classname="jmri.util.FileLineEndingsTest" time="0.001"/>
  <testcase name="lineEndings[./java/src/jmri/jmrix/tmcc/SerialInterface.java]" classname="jmri.util.FileLineEndingsTest" time="0.001"/>
  <testcase name="lineEndings[./java/src/jmri/jmrix/tmcc/SerialTurnoutManager.java]" classname="jmri.util.FileLineEndingsTest" time="0.001"/>
  <testcase name="lineEndings[./java/src/jmri/jmrix/tmcc/SerialTurnout.java]" classname="jmri.util.FileLineEndingsTest" time="0.001"/>
  <testcase name="lineEndings[./java/src/jmri/jmrix/tmcc/SerialPortController.java]" classname="jmri.util.FileLineEndingsTest" time="0"/>
  <testcase name="lineEndings[./java/src/jmri/jmrix/tmcc/SerialThrottleManager.java]" classname="jmri.util.FileLineEndingsTest" time="0.001"/>
  <testcase name="lineEndings[./java/src/jmri/jmrix/tmcc/SerialTrafficController.java]" classname="jmri.util.FileLineEndingsTest" time="0.001"/>
  <testcase name="lineEndings[./java/src/jmri/jmrix/tmcc/configurexml/SerialTurnoutManagerXml.java]" classname="jmri.util.FileLineEndingsTest" time="0.001"/>
  <testcase name="lineEndings[./java/src/jmri/jmrix/pi/configurexml/RaspberryPiClassMigration.java]" classname="jmri.util.FileLineEndingsTest" time="0.001"/>
  <testcase name="lineEndings[./java/src/jmri/jmrix/pi/configurexml/RaspberryPiTurnoutManagerXml.java]" classname="jmri.util.FileLineEndingsTest" time="0.001"/>
  <testcase name="lineEndings[./java/src/jmri/jmrix/pi/configurexml/RaspberryPiConnectionConfigXml.java]" classname="jmri.util.FileLineEndingsTest" time="0.001"/>
  <testcase name="lineEndings[./java/src/jmri/jmrix/pi/configurexml/RaspberryPiSensorManagerXml.java]" classname="jmri.util.FileLineEndingsTest" time="0"/>
  <testcase name="lineEndings[./java/src/jmri/jmrix/pi/RaspberryPiAdapter.java]" classname="jmri.util.FileLineEndingsTest" time="0.001"/>
  <testcase name="lineEndings[./java/src/jmri/jmrix/pi/RaspberryPiSystemConnectionMemo.java]" classname="jmri.util.FileLineEndingsTest" time="0.001"/>
  <testcase name="lineEndings[./java/src/jmri/jmrix/pi/RaspberryPiTurnoutManager.java]" classname="jmri.util.FileLineEndingsTest" time="0.001"/>
  <testcase name="lineEndings[./java/src/jmri/jmrix/pi/RaspberryPiTurnout.java]" classname="jmri.util.FileLineEndingsTest" time="0.001"/>
  <testcase name="lineEndings[./java/src/jmri/jmrix/pi/Bundle.java]" classname="jmri.util.FileLineEndingsTest" time="0.001"/>
  <testcase name="lineEndings[./java/src/jmri/jmrix/pi/RaspberryPiConnectionConfig.java]" classname="jmri.util.FileLineEndingsTest" time="0"/>
  <testcase name="lineEndings[./java/src/jmri/jmrix/pi/RaspberryPiSensorManager.java]" classname="jmri.util.FileLineEndingsTest" time="0.001"/>
  <testcase name="lineEndings[./java/src/jmri/jmrix/pi/RaspberryPiConnectionTypeList.java]" classname="jmri.util.FileLineEndingsTest" time="0.001"/>
  <testcase name="lineEndings[./java/src/jmri/jmrix/pi/RaspberryPiSensor.java]" classname="jmri.util.FileLineEndingsTest" time="0.001"/>
  <testcase name="lineEndings[./java/src/jmri/jmrix/maple/packetgen/SerialPacketGenFrame.java]" classname="jmri.util.FileLineEndingsTest" time="0.001"/>
  <testcase name="lineEndings[./java/src/jmri/jmrix/maple/packetgen/Bundle.java]" classname="jmri.util.FileLineEndingsTest" time="0.001"/>
  <testcase name="lineEndings[./java/src/jmri/jmrix/maple/packetgen/SerialPacketGenAction.java]" classname="jmri.util.FileLineEndingsTest" time="0.001"/>
  <testcase name="lineEndings[./java/src/jmri/jmrix/maple/assignment/ListFrame.java]" classname="jmri.util.FileLineEndingsTest" time="0.001"/>
  <testcase name="lineEndings[./java/src/jmri/jmrix/maple/assignment/Bundle.java]" classname="jmri.util.FileLineEndingsTest" time="0"/>
  <testcase name="lineEndings[./java/src/jmri/jmrix/maple/assignment/ListAction.java]" classname="jmri.util.FileLineEndingsTest" time="0.001"/>
  <testcase name="lineEndings[./java/src/jmri/jmrix/maple/SerialNode.java]" classname="jmri.util.FileLineEndingsTest" time="0.001"/>
  <testcase name="lineEndings[./java/src/jmri/jmrix/maple/nodeconfig/NodeConfigFrame.java]" classname="jmri.util.FileLineEndingsTest" time="0.001"/>
  <testcase name="lineEndings[./java/src/jmri/jmrix/maple/nodeconfig/NodeConfigAction.java]" classname="jmri.util.FileLineEndingsTest" time="0.001"/>
  <testcase name="lineEndings[./java/src/jmri/jmrix/maple/nodeconfig/Bundle.java]" classname="jmri.util.FileLineEndingsTest" time="0.001"/>
  <testcase name="lineEndings[./java/src/jmri/jmrix/maple/SerialTurnoutManager.java]" classname="jmri.util.FileLineEndingsTest" time="0.001"/>
  <testcase name="lineEndings[./java/src/jmri/jmrix/maple/SerialAddress.java]" classname="jmri.util.FileLineEndingsTest" time="0.001"/>
  <testcase name="lineEndings[./java/src/jmri/jmrix/maple/simulator/configurexml/ConnectionConfigXml.java]" classname="jmri.util.FileLineEndingsTest" time="0"/>
  <testcase name="lineEndings[./java/src/jmri/jmrix/maple/simulator/Bundle.java]" classname="jmri.util.FileLineEndingsTest" time="0"/>
  <testcase name="lineEndings[./java/src/jmri/jmrix/maple/simulator/SimulatorAdapter.java]" classname="jmri.util.FileLineEndingsTest" time="0.001"/>
  <testcase name="lineEndings[./java/src/jmri/jmrix/maple/simulator/ConnectionConfig.java]" classname="jmri.util.FileLineEndingsTest" time="0.001"/>
  <testcase name="lineEndings[./java/src/jmri/jmrix/maple/SerialTrafficController.java]" classname="jmri.util.FileLineEndingsTest" time="0.001"/>
  <testcase name="lineEndings[./java/src/jmri/jmrix/maple/swing/MapleComponentFactory.java]" classname="jmri.util.FileLineEndingsTest" time="0.001"/>
  <testcase name="lineEndings[./java/src/jmri/jmrix/maple/MapleMenu.java]" classname="jmri.util.FileLineEndingsTest" time="0.001"/>
  <testcase name="lineEndings[./java/src/jmri/jmrix/maple/MapleSystemConnectionMemo.java]" classname="jmri.util.FileLineEndingsTest" time="0.001"/>
  <testcase name="lineEndings[./java/src/jmri/jmrix/maple/SerialSensor.java]" classname="jmri.util.FileLineEndingsTest" time="0"/>
  <testcase name="lineEndings[./java/src/jmri/jmrix/maple/OutputBits.java]" classname="jmri.util.FileLineEndingsTest" time="0.001"/>
  <testcase name="lineEndings[./java/src/jmri/jmrix/maple/configurexml/SerialSensorManagerXml.java]" classname="jmri.util.FileLineEndingsTest" time="0.001"/>
  <testcase name="lineEndings[./java/src/jmri/jmrix/maple/configurexml/SerialLightManagerXml.java]" classname="jmri.util.FileLineEndingsTest" time="0.001"/>
  <testcase name="lineEndings[./java/src/jmri/jmrix/maple/configurexml/SerialTurnoutManagerXml.java]" classname="jmri.util.FileLineEndingsTest" time="0.001"/>
  <testcase name="lineEndings[./java/src/jmri/jmrix/maple/serialmon/Bundle.java]" classname="jmri.util.FileLineEndingsTest" time="0.001"/>
  <testcase name="lineEndings[./java/src/jmri/jmrix/maple/serialmon/SerialMonAction.java]" classname="jmri.util.FileLineEndingsTest" time="0.001"/>
  <testcase name="lineEndings[./java/src/jmri/jmrix/maple/serialmon/SerialMonFrame.java]" classname="jmri.util.FileLineEndingsTest" time="0"/>
  <testcase name="lineEndings[./java/src/jmri/jmrix/maple/SerialLight.java]" classname="jmri.util.FileLineEndingsTest" time="0.003"/>
  <testcase name="lineEndings[./java/src/jmri/jmrix/maple/SerialSensorManager.java]" classname="jmri.util.FileLineEndingsTest" time="0.001"/>
  <testcase name="lineEndings[./java/src/jmri/jmrix/maple/SerialMessage.java]" classname="jmri.util.FileLineEndingsTest" time="0.001"/>
  <testcase name="lineEndings[./java/src/jmri/jmrix/maple/serialdriver/configurexml/ConnectionConfigXml.java]" classname="jmri.util.FileLineEndingsTest" time="0.001"/>
  <testcase name="lineEndings[./java/src/jmri/jmrix/maple/serialdriver/Bundle.java]" classname="jmri.util.FileLineEndingsTest" time="0.001"/>
  <testcase name="lineEndings[./java/src/jmri/jmrix/maple/serialdriver/ConnectionConfig.java]" classname="jmri.util.FileLineEndingsTest" time="0.001"/>
  <testcase name="lineEndings[./java/src/jmri/jmrix/maple/serialdriver/SerialDriverAdapter.java]" classname="jmri.util.FileLineEndingsTest" time="0"/>
  <testcase name="lineEndings[./java/src/jmri/jmrix/maple/SerialReply.java]" classname="jmri.util.FileLineEndingsTest" time="0.001"/>
  <testcase name="lineEndings[./java/src/jmri/jmrix/maple/SerialListener.java]" classname="jmri.util.FileLineEndingsTest" time="0.001"/>
  <testcase name="lineEndings[./java/src/jmri/jmrix/maple/SerialTurnout.java]" classname="jmri.util.FileLineEndingsTest" time="0.001"/>
  <testcase name="lineEndings[./java/src/jmri/jmrix/maple/Bundle.java]" classname="jmri.util.FileLineEndingsTest" time="0.001"/>
  <testcase name="lineEndings[./java/src/jmri/jmrix/maple/SerialInterface.java]" classname="jmri.util.FileLineEndingsTest" time="0.001"/>
  <testcase name="lineEndings[./java/src/jmri/jmrix/maple/SerialConnectionTypeList.java]" classname="jmri.util.FileLineEndingsTest" time="0.001"/>
  <testcase name="lineEndings[./java/src/jmri/jmrix/maple/SerialPortController.java]" classname="jmri.util.FileLineEndingsTest" time="0"/>
  <testcase name="lineEndings[./java/src/jmri/jmrix/maple/SerialLightManager.java]" classname="jmri.util.FileLineEndingsTest" time="0.001"/>
  <testcase name="lineEndings[./java/src/jmri/jmrix/maple/InputBits.java]" classname="jmri.util.FileLineEndingsTest" time="0.001"/>
  <testcase name="lineEndings[./java/src/jmri/jmrix/acela/AcelaLight.java]" classname="jmri.util.FileLineEndingsTest" time="0.001"/>
  <testcase name="lineEndings[./java/src/jmri/jmrix/acela/AcelaConnectionTypeList.java]" classname="jmri.util.FileLineEndingsTest" time="0.001"/>
  <testcase name="lineEndings[./java/src/jmri/jmrix/acela/swing/AcelaComponentFactory.java]" classname="jmri.util.FileLineEndingsTest" time="0.001"/>
  <testcase name="lineEndings[./java/src/jmri/jmrix/acela/nodeconfig/NodeConfigModel.java]" classname="jmri.util.FileLineEndingsTest" time="0"/>
  <testcase name="lineEndings[./java/src/jmri/jmrix/acela/nodeconfig/NodeConfigFrame.java]" classname="jmri.util.FileLineEndingsTest" time="0.002"/>
  <testcase name="lineEndings[./java/src/jmri/jmrix/acela/nodeconfig/NodeConfigAction.java]" classname="jmri.util.FileLineEndingsTest" time="0.001"/>
  <testcase name="lineEndings[./java/src/jmri/jmrix/acela/nodeconfig/Bundle.java]" classname="jmri.util.FileLineEndingsTest" time="0"/>
  <testcase name="lineEndings[./java/src/jmri/jmrix/acela/serialdriver/ConnectionConfig.java]" classname="jmri.util.FileLineEndingsTest" time="0.001"/>
  <testcase name="lineEndings[./java/src/jmri/jmrix/acela/serialdriver/configurexml/ConnectionConfigXml.java]" classname="jmri.util.FileLineEndingsTest" time="0.001"/>
  <testcase name="lineEndings[./java/src/jmri/jmrix/acela/serialdriver/Bundle.java]" classname="jmri.util.FileLineEndingsTest" time="0.001"/>
  <testcase name="lineEndings[./java/src/jmri/jmrix/acela/serialdriver/SerialDriverAdapter.java]" classname="jmri.util.FileLineEndingsTest" time="0.001"/>
  <testcase name="lineEndings[./java/src/jmri/jmrix/acela/acelamon/Bundle.java]" classname="jmri.util.FileLineEndingsTest" time="0.001"/>
  <testcase name="lineEndings[./java/src/jmri/jmrix/acela/acelamon/AcelaMonAction.java]" classname="jmri.util.FileLineEndingsTest" time="0.001"/>
  <testcase name="lineEndings[./java/src/jmri/jmrix/acela/acelamon/AcelaMonFrame.java]" classname="jmri.util.FileLineEndingsTest" time="0.001"/>
  <testcase name="lineEndings[./java/src/jmri/jmrix/acela/AcelaReply.java]" classname="jmri.util.FileLineEndingsTest" time="0"/>
  <testcase name="lineEndings[./java/src/jmri/jmrix/acela/AcelaListener.java]" classname="jmri.util.FileLineEndingsTest" time="0.001"/>
  <testcase name="lineEndings[./java/src/jmri/jmrix/acela/AcelaSystemConnectionMemo.java]" classname="jmri.util.FileLineEndingsTest" time="0.001"/>
  <testcase name="lineEndings[./java/src/jmri/jmrix/acela/AcelaAddress.java]" classname="jmri.util.FileLineEndingsTest" time="0.001"/>
  <testcase name="lineEndings[./java/src/jmri/jmrix/acela/AcelaInterface.java]" classname="jmri.util.FileLineEndingsTest" time="0.001"/>
  <testcase name="lineEndings[./java/src/jmri/jmrix/acela/AcelaMessage.java]" classname="jmri.util.FileLineEndingsTest" time="0.001"/>
  <testcase name="lineEndings[./java/src/jmri/jmrix/acela/AcelaTurnoutManager.java]" classname="jmri.util.FileLineEndingsTest" time="0.001"/>
  <testcase name="lineEndings[./java/src/jmri/jmrix/acela/AcelaPortController.java]" classname="jmri.util.FileLineEndingsTest" time="0"/>
  <testcase name="lineEndings[./java/src/jmri/jmrix/acela/AcelaNode.java]" classname="jmri.util.FileLineEndingsTest" time="0.001"/>
  <testcase name="lineEndings[./java/src/jmri/jmrix/acela/packetgen/AcelaPacketGenFrame.java]" classname="jmri.util.FileLineEndingsTest" time="0.001"/>
  <testcase name="lineEndings[./java/src/jmri/jmrix/acela/packetgen/AcelaPacketGenAction.java]" classname="jmri.util.FileLineEndingsTest" time="0.001"/>
  <testcase name="lineEndings[./java/src/jmri/jmrix/acela/packetgen/Bundle.java]" classname="jmri.util.FileLineEndingsTest" time="0.001"/>
  <testcase name="lineEndings[./java/src/jmri/jmrix/acela/AcelaSensorManager.java]" classname="jmri.util.FileLineEndingsTest" time="0.001"/>
  <testcase name="lineEndings[./java/src/jmri/jmrix/acela/AcelaLightManager.java]" classname="jmri.util.FileLineEndingsTest" time="0.001"/>
  <testcase name="lineEndings[./java/src/jmri/jmrix/acela/AcelaMenu.java]" classname="jmri.util.FileLineEndingsTest" time="0.001"/>
  <testcase name="lineEndings[./java/src/jmri/jmrix/acela/configurexml/AcelaSignalHeadXml.java]" classname="jmri.util.FileLineEndingsTest" time="0"/>
  <testcase name="lineEndings[./java/src/jmri/jmrix/acela/configurexml/AcelaSensorManagerXml.java]" classname="jmri.util.FileLineEndingsTest" time="0"/>
  <testcase name="lineEndings[./java/src/jmri/jmrix/acela/configurexml/AcelaLightManagerXml.java]" classname="jmri.util.FileLineEndingsTest" time="0.001"/>
  <testcase name="lineEndings[./java/src/jmri/jmrix/acela/configurexml/AcelaTurnoutManagerXml.java]" classname="jmri.util.FileLineEndingsTest" time="0.001"/>
  <testcase name="lineEndings[./java/src/jmri/jmrix/acela/AcelaTurnout.java]" classname="jmri.util.FileLineEndingsTest" time="0.001"/>
  <testcase name="lineEndings[./java/src/jmri/jmrix/acela/Bundle.java]" classname="jmri.util.FileLineEndingsTest" time="0.001"/>
  <testcase name="lineEndings[./java/src/jmri/jmrix/acela/AcelaSensor.java]" classname="jmri.util.FileLineEndingsTest" time="0.001"/>
  <testcase name="lineEndings[./java/src/jmri/jmrix/acela/AcelaTrafficController.java]" classname="jmri.util.FileLineEndingsTest" time="0.001"/>
  <testcase name="lineEndings[./java/src/jmri/jmrix/acela/AcelaSignalHead.java]" classname="jmri.util.FileLineEndingsTest" time="0"/>
  <testcase name="lineEndings[./java/src/jmri/jmrix/rfid/RfidMessage.java]" classname="jmri.util.FileLineEndingsTest" time="0.001"/>
  <testcase name="lineEndings[./java/src/jmri/jmrix/rfid/protocol/parallax/ParallaxRfidProtocol.java]" classname="jmri.util.FileLineEndingsTest" time="0.001"/>
  <testcase name="lineEndings[./java/src/jmri/jmrix/rfid/protocol/em18/Em18RfidProtocol.java]" classname="jmri.util.FileLineEndingsTest" time="0.001"/>
  <testcase name="lineEndings[./java/src/jmri/jmrix/rfid/protocol/seeedstudio/SeeedStudioRfidProtocol.java]" classname="jmri.util.FileLineEndingsTest" time="0.001"/>
  <testcase name="lineEndings[./java/src/jmri/jmrix/rfid/protocol/olimex/OlimexRfid1356mifareProtocol.java]" classname="jmri.util.FileLineEndingsTest" time="0.001"/>
  <testcase name="lineEndings[./java/src/jmri/jmrix/rfid/protocol/olimex/OlimexRfidProtocol.java]" classname="jmri.util.FileLineEndingsTest" time="0.001"/>
  <testcase name="lineEndings[./java/src/jmri/jmrix/rfid/protocol/coreid/CoreIdRfidProtocol.java]" classname="jmri.util.FileLineEndingsTest" time="0"/>
  <testcase name="lineEndings[./java/src/jmri/jmrix/rfid/RfidProtocol.java]" classname="jmri.util.FileLineEndingsTest" time="0"/>
  <testcase name="lineEndings[./java/src/jmri/jmrix/rfid/TimeoutRfidReporter.java]" classname="jmri.util.FileLineEndingsTest" time="0.001"/>
  <testcase name="lineEndings[./java/src/jmri/jmrix/rfid/networkdriver/ConnectionConfig.java]" classname="jmri.util.FileLineEndingsTest" time="0.001"/>
  <testcase name="lineEndings[./java/src/jmri/jmrix/rfid/networkdriver/NetworkDriverAdapter.java]" classname="jmri.util.FileLineEndingsTest" time="0.001"/>
  <testcase name="lineEndings[./java/src/jmri/jmrix/rfid/networkdriver/configurexml/ConnectionConfigXml.java]" classname="jmri.util.FileLineEndingsTest" time="0.001"/>
  <testcase name="lineEndings[./java/src/jmri/jmrix/rfid/swing/RfidNamedPaneAction.java]" classname="jmri.util.FileLineEndingsTest" time="0.001"/>
  <testcase name="lineEndings[./java/src/jmri/jmrix/rfid/swing/serialmon/SerialMonPane.java]" classname="jmri.util.FileLineEndingsTest" time="0.001"/>
  <testcase name="lineEndings[./java/src/jmri/jmrix/rfid/swing/RfidPanel.java]" classname="jmri.util.FileLineEndingsTest" time="0.001"/>
  <testcase name="lineEndings[./java/src/jmri/jmrix/rfid/swing/RfidMenu.java]" classname="jmri.util.FileLineEndingsTest" time="0.001"/>
  <testcase name="lineEndings[./java/src/jmri/jmrix/rfid/swing/RfidComponentFactory.java]" classname="jmri.util.FileLineEndingsTest" time="0"/>
  <testcase name="lineEndings[./java/src/jmri/jmrix/rfid/swing/RfidPanelInterface.java]" classname="jmri.util.FileLineEndingsTest" time="0.001"/>
  <testcase name="lineEndings[./java/src/jmri/jmrix/rfid/generic/standalone/StandaloneReporterManager.java]" classname="jmri.util.FileLineEndingsTest" time="0.001"/>
  <testcase name="lineEndings[./java/src/jmri/jmrix/rfid/generic/standalone/configurexml/StandaloneReporterManagerXml.java]" classname="jmri.util.FileLineEndingsTest" time="0.001"/>
  <testcase name="lineEndings[./java/src/jmri/jmrix/rfid/generic/standalone/configurexml/StandaloneSensorManagerXml.java]" classname="jmri.util.FileLineEndingsTest" time="0.001"/>
  <testcase name="lineEndings[./java/src/jmri/jmrix/rfid/generic/standalone/StandaloneTrafficController.java]" classname="jmri.util.FileLineEndingsTest" time="0.001"/>
  <testcase name="lineEndings[./java/src/jmri/jmrix/rfid/generic/standalone/StandaloneReply.java]" classname="jmri.util.FileLineEndingsTest" time="0.001"/>
  <testcase name="lineEndings[./java/src/jmri/jmrix/rfid/generic/standalone/StandaloneSystemConnectionMemo.java]" classname="jmri.util.FileLineEndingsTest" time="0.001"/>
  <testcase name="lineEndings[./java/src/jmri/jmrix/rfid/generic/standalone/StandaloneMessage.java]" classname="jmri.util.FileLineEndingsTest" time="0"/>
  <testcase name="lineEndings[./java/src/jmri/jmrix/rfid/generic/standalone/StandaloneSensorManager.java]" classname="jmri.util.FileLineEndingsTest" time="0.001"/>
  <testcase name="lineEndings[./java/src/jmri/jmrix/rfid/serialdriver/configurexml/ConnectionConfigXml.java]" classname="jmri.util.FileLineEndingsTest" time="0.001"/>
  <testcase name="lineEndings[./java/src/jmri/jmrix/rfid/serialdriver/ConnectionConfig.java]" classname="jmri.util.FileLineEndingsTest" time="0.001"/>
  <testcase name="lineEndings[./java/src/jmri/jmrix/rfid/serialdriver/SerialDriverAdapter.java]" classname="jmri.util.FileLineEndingsTest" time="0.001"/>
  <testcase name="lineEndings[./java/src/jmri/jmrix/rfid/RfidConnectionTypeList.java]" classname="jmri.util.FileLineEndingsTest" time="0.001"/>
  <testcase name="lineEndings[./java/src/jmri/jmrix/rfid/merg/concentrator/configurexml/ConcentratorReporterManagerXml.java]" classname="jmri.util.FileLineEndingsTest" time="0.001"/>
  <testcase name="lineEndings[./java/src/jmri/jmrix/rfid/merg/concentrator/configurexml/ConcentratorSensorManagerXml.java]" classname="jmri.util.FileLineEndingsTest" time="0.001"/>
  <testcase name="lineEndings[./java/src/jmri/jmrix/rfid/merg/concentrator/ConcentratorReporterManager.java]" classname="jmri.util.FileLineEndingsTest" time="0"/>
  <testcase name="lineEndings[./java/src/jmri/jmrix/rfid/merg/concentrator/ConcentratorTrafficController.java]" classname="jmri.util.FileLineEndingsTest" time="0.001"/>
  <testcase name="lineEndings[./java/src/jmri/jmrix/rfid/merg/concentrator/ConcentratorReply.java]" classname="jmri.util.FileLineEndingsTest" time="0.001"/>
  <testcase name="lineEndings[./java/src/jmri/jmrix/rfid/merg/concentrator/ConcentratorSensorManager.java]" classname="jmri.util.FileLineEndingsTest" time="0.001"/>
  <testcase name="lineEndings[./java/src/jmri/jmrix/rfid/merg/concentrator/ConcentratorMessage.java]" classname="jmri.util.FileLineEndingsTest" time="0.001"/>
  <testcase name="lineEndings[./java/src/jmri/jmrix/rfid/merg/concentrator/ConcentratorSystemConnectionMemo.java]" classname="jmri.util.FileLineEndingsTest" time="0.001"/>
  <testcase name="lineEndings[./java/src/jmri/jmrix/rfid/RfidPortController.java]" classname="jmri.util.FileLineEndingsTest" time="0.001"/>
  <testcase name="lineEndings[./java/src/jmri/jmrix/rfid/RfidReply.java]" classname="jmri.util.FileLineEndingsTest" time="0"/>
  <testcase name="lineEndings[./java/src/jmri/jmrix/rfid/RfidStreamPortController.java]" classname="jmri.util.FileLineEndingsTest" time="0.001"/>
  <testcase name="lineEndings[./java/src/jmri/jmrix/rfid/RfidReporter.java]" classname="jmri.util.FileLineEndingsTest" time="0.001"/>
  <testcase name="lineEndings[./java/src/jmri/jmrix/rfid/RfidReporterManager.java]" classname="jmri.util.FileLineEndingsTest" time="0.001"/>
  <testcase name="lineEndings[./java/src/jmri/jmrix/rfid/RfidNetworkPortController.java]" classname="jmri.util.FileLineEndingsTest" time="0.001"/>
  <testcase name="lineEndings[./java/src/jmri/jmrix/rfid/RfidSensor.java]" classname="jmri.util.FileLineEndingsTest" time="0.001"/>
  <testcase name="lineEndings[./java/src/jmri/jmrix/rfid/RfidTagListener.java]" classname="jmri.util.FileLineEndingsTest" time="0.001"/>
  <testcase name="lineEndings[./java/src/jmri/jmrix/rfid/RfidSystemConnectionMemo.java]" classname="jmri.util.FileLineEndingsTest" time="0"/>
  <testcase name="lineEndings[./java/src/jmri/jmrix/rfid/RfidInterface.java]" classname="jmri.util.FileLineEndingsTest" time="0.001"/>
  <testcase name="lineEndings[./java/src/jmri/jmrix/rfid/configurexml/RfidSensorManagerXml.java]" classname="jmri.util.FileLineEndingsTest" time="0.001"/>
  <testcase name="lineEndings[./java/src/jmri/jmrix/rfid/configurexml/RfidReporterManagerXml.java]" classname="jmri.util.FileLineEndingsTest" time="0.001"/>
  <testcase name="lineEndings[./java/src/jmri/jmrix/rfid/RfidSensorManager.java]" classname="jmri.util.FileLineEndingsTest" time="0.001"/>
  <testcase name="lineEndings[./java/src/jmri/jmrix/rfid/TimeoutRfidSensor.java]" classname="jmri.util.FileLineEndingsTest" time="0.001"/>
  <testcase name="lineEndings[./java/src/jmri/jmrix/rfid/RfidTrafficController.java]" classname="jmri.util.FileLineEndingsTest" time="0.001"/>
  <testcase name="lineEndings[./java/src/jmri/jmrix/rfid/RfidListener.java]" classname="jmri.util.FileLineEndingsTest" time="0.001"/>
  <testcase name="lineEndings[./java/src/jmri/jmrix/secsi/SecsiMenu.java]" classname="jmri.util.FileLineEndingsTest" time="0.001"/>
  <testcase name="lineEndings[./java/src/jmri/jmrix/secsi/simulator/SimulatorAdapter.java]" classname="jmri.util.FileLineEndingsTest" time="0"/>
  <testcase name="lineEndings[./java/src/jmri/jmrix/secsi/simulator/configurexml/ConnectionConfigXml.java]" classname="jmri.util.FileLineEndingsTest" time="0.001"/>
  <testcase name="lineEndings[./java/src/jmri/jmrix/secsi/simulator/ConnectionConfig.java]" classname="jmri.util.FileLineEndingsTest" time="0.001"/>
  <testcase name="lineEndings[./java/src/jmri/jmrix/secsi/simulator/Bundle.java]" classname="jmri.util.FileLineEndingsTest" time="0.001"/>
  <testcase name="lineEndings[./java/src/jmri/jmrix/secsi/SerialAddress.java]" classname="jmri.util.FileLineEndingsTest" time="0.001"/>
  <testcase name="lineEndings[./java/src/jmri/jmrix/secsi/SerialLight.java]" classname="jmri.util.FileLineEndingsTest" time="0.001"/>
  <testcase name="lineEndings[./java/src/jmri/jmrix/secsi/SerialInterface.java]" classname="jmri.util.FileLineEndingsTest" time="0.001"/>
  <testcase name="lineEndings[./java/src/jmri/jmrix/secsi/serialmon/Bundle.java]" classname="jmri.util.FileLineEndingsTest" time="0.001"/>
  <testcase name="lineEndings[./java/src/jmri/jmrix/secsi/serialmon/SerialMonAction.java]" classname="jmri.util.FileLineEndingsTest" time="0"/>
  <testcase name="lineEndings[./java/src/jmri/jmrix/secsi/serialmon/SerialMonFrame.java]" classname="jmri.util.FileLineEndingsTest" time="0.001"/>
  <testcase name="lineEndings[./java/src/jmri/jmrix/secsi/SerialTurnout.java]" classname="jmri.util.FileLineEndingsTest" time="0.001"/>
  <testcase name="lineEndings[./java/src/jmri/jmrix/secsi/nodeconfig/Bundle.java]" classname="jmri.util.FileLineEndingsTest" time="0.001"/>
  <testcase name="lineEndings[./java/src/jmri/jmrix/secsi/nodeconfig/NodeConfigAction.java]" classname="jmri.util.FileLineEndingsTest" time="0.001"/>
  <testcase name="lineEndings[./java/src/jmri/jmrix/secsi/nodeconfig/NodeConfigFrame.java]" classname="jmri.util.FileLineEndingsTest" time="0.001"/>
  <testcase name="lineEndings[./java/src/jmri/jmrix/secsi/swing/SecsiComponentFactory.java]" classname="jmri.util.FileLineEndingsTest" time="0.001"/>
  <testcase name="lineEndings[./java/src/jmri/jmrix/secsi/configurexml/SerialSensorManagerXml.java]" classname="jmri.util.FileLineEndingsTest" time="0"/>
  <testcase name="lineEndings[./java/src/jmri/jmrix/secsi/configurexml/SerialLightManagerXml.java]" classname="jmri.util.FileLineEndingsTest" time="0.001"/>
  <testcase name="lineEndings[./java/src/jmri/jmrix/secsi/configurexml/SerialTurnoutManagerXml.java]" classname="jmri.util.FileLineEndingsTest" time="0.001"/>
  <testcase name="lineEndings[./java/src/jmri/jmrix/secsi/serialdriver/SerialDriverAdapter.java]" classname="jmri.util.FileLineEndingsTest" time="0.001"/>
  <testcase name="lineEndings[./java/src/jmri/jmrix/secsi/serialdriver/ConnectionConfig.java]" classname="jmri.util.FileLineEndingsTest" time="0.001"/>
  <testcase name="lineEndings[./java/src/jmri/jmrix/secsi/serialdriver/Bundle.java]" classname="jmri.util.FileLineEndingsTest" time="0.001"/>
  <testcase name="lineEndings[./java/src/jmri/jmrix/secsi/serialdriver/configurexml/ConnectionConfigXml.java]" classname="jmri.util.FileLineEndingsTest" time="0.001"/>
  <testcase name="lineEndings[./java/src/jmri/jmrix/secsi/SerialSensorManager.java]" classname="jmri.util.FileLineEndingsTest" time="0"/>
  <testcase name="lineEndings[./java/src/jmri/jmrix/secsi/SerialTrafficController.java]" classname="jmri.util.FileLineEndingsTest" time="0.001"/>
  <testcase name="lineEndings[./java/src/jmri/jmrix/secsi/SerialListener.java]" classname="jmri.util.FileLineEndingsTest" time="0.001"/>
  <testcase name="lineEndings[./java/src/jmri/jmrix/secsi/Bundle.java]" classname="jmri.util.FileLineEndingsTest" time="0.001"/>
  <testcase name="lineEndings[./java/src/jmri/jmrix/secsi/SerialSensor.java]" classname="jmri.util.FileLineEndingsTest" time="0.001"/>
  <testcase name="lineEndings[./java/src/jmri/jmrix/secsi/SecsiSystemConnectionMemo.java]" classname="jmri.util.FileLineEndingsTest" time="0.001"/>
  <testcase name="lineEndings[./java/src/jmri/jmrix/secsi/packetgen/Bundle.java]" classname="jmri.util.FileLineEndingsTest" time="0.001"/>
  <testcase name="lineEndings[./java/src/jmri/jmrix/secsi/packetgen/SerialPacketGenFrame.java]" classname="jmri.util.FileLineEndingsTest" time="0"/>
  <testcase name="lineEndings[./java/src/jmri/jmrix/secsi/packetgen/SerialPacketGenAction.java]" classname="jmri.util.FileLineEndingsTest" time="0.001"/>
  <testcase name="lineEndings[./java/src/jmri/jmrix/secsi/SerialMessage.java]" classname="jmri.util.FileLineEndingsTest" time="0.001"/>
  <testcase name="lineEndings[./java/src/jmri/jmrix/secsi/SerialReply.java]" classname="jmri.util.FileLineEndingsTest" time="0.001"/>
  <testcase name="lineEndings[./java/src/jmri/jmrix/secsi/SerialNode.java]" classname="jmri.util.FileLineEndingsTest" time="0.001"/>
  <testcase name="lineEndings[./java/src/jmri/jmrix/secsi/SerialTurnoutManager.java]" classname="jmri.util.FileLineEndingsTest" time="0.001"/>
  <testcase name="lineEndings[./java/src/jmri/jmrix/secsi/SerialConnectionTypeList.java]" classname="jmri.util.FileLineEndingsTest" time="0.001"/>
  <testcase name="lineEndings[./java/src/jmri/jmrix/secsi/SerialPortController.java]" classname="jmri.util.FileLineEndingsTest" time="0"/>
  <testcase name="lineEndings[./java/src/jmri/jmrix/secsi/SerialLightManager.java]" classname="jmri.util.FileLineEndingsTest" time="0.001"/>
  <testcase name="lineEndings[./java/src/jmri/jmrix/roco/z21/swing/configtool/Z21ConfigAction.java]" classname="jmri.util.FileLineEndingsTest" time="0.001"/>
  <testcase name="lineEndings[./java/src/jmri/jmrix/roco/z21/swing/configtool/Bundle.java]" classname="jmri.util.FileLineEndingsTest" time="0.001"/>
  <testcase name="lineEndings[./java/src/jmri/jmrix/roco/z21/swing/configtool/Z21ConfigFrame.java]" classname="jmri.util.FileLineEndingsTest" time="0.001"/>
  <testcase name="lineEndings[./java/src/jmri/jmrix/roco/z21/swing/packetgen/PacketGenAction.java]" classname="jmri.util.FileLineEndingsTest" time="0.001"/>
  <testcase name="lineEndings[./java/src/jmri/jmrix/roco/z21/swing/packetgen/Bundle.java]" classname="jmri.util.FileLineEndingsTest" time="0.001"/>
  <testcase name="lineEndings[./java/src/jmri/jmrix/roco/z21/swing/packetgen/PacketGenFrame.java]" classname="jmri.util.FileLineEndingsTest" time="0"/>
  <testcase name="lineEndings[./java/src/jmri/jmrix/roco/z21/swing/mon/Bundle.java]" classname="jmri.util.FileLineEndingsTest" time="0"/>
  <testcase name="lineEndings[./java/src/jmri/jmrix/roco/z21/swing/mon/Z21MonFrame.java]" classname="jmri.util.FileLineEndingsTest" time="0.001"/>
  <testcase name="lineEndings[./java/src/jmri/jmrix/roco/z21/swing/mon/Z21MonAction.java]" classname="jmri.util.FileLineEndingsTest" time="0.001"/>
  <testcase name="lineEndings[./java/src/jmri/jmrix/roco/z21/swing/Bundle.java]" classname="jmri.util.FileLineEndingsTest" time="0.001"/>
  <testcase name="lineEndings[./java/src/jmri/jmrix/roco/z21/swing/Z21Menu.java]" classname="jmri.util.FileLineEndingsTest" time="0.001"/>
  <testcase name="lineEndings[./java/src/jmri/jmrix/roco/z21/swing/Z21ComponentFactory.java]" classname="jmri.util.FileLineEndingsTest" time="0.001"/>
  <testcase name="lineEndings[./java/src/jmri/jmrix/roco/z21/Z21XPressNetTunnel.java]" classname="jmri.util.FileLineEndingsTest" time="0.001"/>
  <testcase name="lineEndings[./java/src/jmri/jmrix/roco/z21/simulator/Bundle.java]" classname="jmri.util.FileLineEndingsTest" time="0"/>
  <testcase name="lineEndings[./java/src/jmri/jmrix/roco/z21/simulator/Z21SimulatorConnectionConfig.java]" classname="jmri.util.FileLineEndingsTest" time="0.001"/>
  <testcase name="lineEndings[./java/src/jmri/jmrix/roco/z21/simulator/configurexml/Z21SimulatorClassMigration.java]" classname="jmri.util.FileLineEndingsTest" time="0.001"/>
  <testcase name="lineEndings[./java/src/jmri/jmrix/roco/z21/simulator/configurexml/Z21SimulatorConnectionConfigXml.java]" classname="jmri.util.FileLineEndingsTest" time="0.001"/>
  <testcase name="lineEndings[./java/src/jmri/jmrix/roco/z21/simulator/Z21XNetSimulatorAdapter.java]" classname="jmri.util.FileLineEndingsTest" time="0.007"/>
  <testcase name="lineEndings[./java/src/jmri/jmrix/roco/z21/simulator/Z21SimulatorLocoData.java]" classname="jmri.util.FileLineEndingsTest" time="0.002"/>
  <testcase name="lineEndings[./java/src/jmri/jmrix/roco/z21/simulator/Z21SimulatorAdapter.java]" classname="jmri.util.FileLineEndingsTest" time="0.001"/>
  <testcase name="lineEndings[./java/src/jmri/jmrix/roco/z21/Z21Constants.java]" classname="jmri.util.FileLineEndingsTest" time="0.001"/>
  <testcase name="lineEndings[./java/src/jmri/jmrix/roco/z21/RocoZ21CommandStation.java]" classname="jmri.util.FileLineEndingsTest" time="0"/>
  <testcase name="lineEndings[./java/src/jmri/jmrix/roco/z21/Z21TrafficController.java]" classname="jmri.util.FileLineEndingsTest" time="0"/>
  <testcase name="lineEndings[./java/src/jmri/jmrix/roco/z21/configurexml/Z21XNetTurnoutManagerXml.java]" classname="jmri.util.FileLineEndingsTest" time="0.001"/>
  <testcase name="lineEndings[./java/src/jmri/jmrix/roco/z21/configurexml/Z21ReporterManagerXml.java]" classname="jmri.util.FileLineEndingsTest" time="0.001"/>
  <testcase name="lineEndings[./java/src/jmri/jmrix/roco/z21/configurexml/ConnectionConfigXml.java]" classname="jmri.util.FileLineEndingsTest" time="0.001"/>
  <testcase name="lineEndings[./java/src/jmri/jmrix/roco/z21/Z21XNetThrottle.java]" classname="jmri.util.FileLineEndingsTest" time="0.001"/>
  <testcase name="lineEndings[./java/src/jmri/jmrix/roco/z21/Z21Adapter.java]" classname="jmri.util.FileLineEndingsTest" time="0.001"/>
  <testcase name="lineEndings[./java/src/jmri/jmrix/roco/z21/Z21XNetTurnoutManager.java]" classname="jmri.util.FileLineEndingsTest" time="0.001"/>
  <testcase name="lineEndings[./java/src/jmri/jmrix/roco/z21/Z21XNetInitializationManager.java]" classname="jmri.util.FileLineEndingsTest" time="0.001"/>
  <testcase name="lineEndings[./java/src/jmri/jmrix/roco/z21/Z21XNetStreamPortController.java]" classname="jmri.util.FileLineEndingsTest" time="0.001"/>
  <testcase name="lineEndings[./java/src/jmri/jmrix/roco/z21/Z21SystemConnectionMemo.java]" classname="jmri.util.FileLineEndingsTest" time="0.001"/>
  <testcase name="lineEndings[./java/src/jmri/jmrix/roco/z21/Z21XNetConnectionConfig.java]" classname="jmri.util.FileLineEndingsTest" time="0.001"/>
  <testcase name="lineEndings[./java/src/jmri/jmrix/roco/z21/Z21Message.java]" classname="jmri.util.FileLineEndingsTest" time="0.001"/>
  <testcase name="lineEndings[./java/src/jmri/jmrix/roco/z21/Z21XNetThrottleManager.java]" classname="jmri.util.FileLineEndingsTest" time="0"/>
  <testcase name="lineEndings[./java/src/jmri/jmrix/roco/z21/Z21Interface.java]" classname="jmri.util.FileLineEndingsTest" time="0.001"/>
  <testcase name="lineEndings[./java/src/jmri/jmrix/roco/z21/Z21XNetPacketizer.java]" classname="jmri.util.FileLineEndingsTest" time="0.001"/>
  <testcase name="lineEndings[./java/src/jmri/jmrix/roco/z21/Z21Listener.java]" classname="jmri.util.FileLineEndingsTest" time="0.001"/>
  <testcase name="lineEndings[./java/src/jmri/jmrix/roco/z21/ConnectionConfig.java]" classname="jmri.util.FileLineEndingsTest" time="0.001"/>
  <testcase name="lineEndings[./java/src/jmri/jmrix/roco/z21/Z21Reporter.java]" classname="jmri.util.FileLineEndingsTest" time="0.001"/>
  <testcase name="lineEndings[./java/src/jmri/jmrix/roco/z21/Z21XNetOpsModeProgrammer.java]" classname="jmri.util.FileLineEndingsTest" time="0.001"/>
  <testcase name="lineEndings[./java/src/jmri/jmrix/roco/z21/Z21ReporterManager.java]" classname="jmri.util.FileLineEndingsTest" time="0"/>
  <testcase name="lineEndings[./java/src/jmri/jmrix/roco/z21/Z21XNetProgrammer.java]" classname="jmri.util.FileLineEndingsTest" time="0.001"/>
  <testcase name="lineEndings[./java/src/jmri/jmrix/roco/z21/Z21XNetMessage.java]" classname="jmri.util.FileLineEndingsTest" time="0.001"/>
  <testcase name="lineEndings[./java/src/jmri/jmrix/roco/z21/Z21XNetProgrammerManager.java]" classname="jmri.util.FileLineEndingsTest" time="0.001"/>
  <testcase name="lineEndings[./java/src/jmri/jmrix/roco/z21/Z21LocoNetTunnel.java]" classname="jmri.util.FileLineEndingsTest" time="0.001"/>
  <testcase name="lineEndings[./java/src/jmri/jmrix/roco/z21/Z21MultiMeter.java]" classname="jmri.util.FileLineEndingsTest" time="0.001"/>
  <testcase name="lineEndings[./java/src/jmri/jmrix/roco/z21/Z21Reply.java]" classname="jmri.util.FileLineEndingsTest" time="0.001"/>
  <testcase name="lineEndings[./java/src/jmri/jmrix/roco/z21/Bundle.java]" classname="jmri.util.FileLineEndingsTest" time="0.001"/>
  <testcase name="lineEndings[./java/src/jmri/jmrix/roco/z21/Z21XNetTurnout.java]" classname="jmri.util.FileLineEndingsTest" time="0"/>
  <testcase name="lineEndings[./java/src/jmri/jmrix/roco/z21/Z21XNetReply.java]" classname="jmri.util.FileLineEndingsTest" time="0.001"/>
  <testcase name="lineEndings[./java/src/jmri/jmrix/roco/RocoCommandStation.java]" classname="jmri.util.FileLineEndingsTest" time="0.001"/>
  <testcase name="lineEndings[./java/src/jmri/jmrix/roco/RocoConnectionTypeList.java]" classname="jmri.util.FileLineEndingsTest" time="0.001"/>
  <testcase name="lineEndings[./java/src/jmri/jmrix/roco/Bundle.java]" classname="jmri.util.FileLineEndingsTest" time="0.001"/>
  <testcase name="lineEndings[./java/src/jmri/jmrix/pricom/downloader/PdiFile.java]" classname="jmri.util.FileLineEndingsTest" time="0.001"/>
  <testcase name="lineEndings[./java/src/jmri/jmrix/pricom/downloader/LoaderPanelAction.java]" classname="jmri.util.FileLineEndingsTest" time="0.001"/>
  <testcase name="lineEndings[./java/src/jmri/jmrix/pricom/downloader/LoaderPane.java]" classname="jmri.util.FileLineEndingsTest" time="0"/>
  <testcase name="lineEndings[./java/src/jmri/jmrix/pricom/downloader/LoaderFrame.java]" classname="jmri.util.FileLineEndingsTest" time="0.001"/>
  <testcase name="lineEndings[./java/src/jmri/jmrix/pricom/pockettester/DataListener.java]" classname="jmri.util.FileLineEndingsTest" time="0.001"/>
  <testcase name="lineEndings[./java/src/jmri/jmrix/pricom/pockettester/PacketTableAction.java]" classname="jmri.util.FileLineEndingsTest" time="0.001"/>
  <testcase name="lineEndings[./java/src/jmri/jmrix/pricom/pockettester/StatusFrame.java]" classname="jmri.util.FileLineEndingsTest" time="0.001"/>
  <testcase name="lineEndings[./java/src/jmri/jmrix/pricom/pockettester/StatusAction.java]" classname="jmri.util.FileLineEndingsTest" time="0.001"/>
  <testcase name="lineEndings[./java/src/jmri/jmrix/pricom/pockettester/MonitorFrame.java]" classname="jmri.util.FileLineEndingsTest" time="0.001"/>
  <testcase name="lineEndings[./java/src/jmri/jmrix/pricom/pockettester/PacketDataModel.java]" classname="jmri.util.FileLineEndingsTest" time="0.001"/>
  <testcase name="lineEndings[./java/src/jmri/jmrix/pricom/pockettester/PacketTableFrame.java]" classname="jmri.util.FileLineEndingsTest" time="0"/>
  <testcase name="lineEndings[./java/src/jmri/jmrix/pricom/pockettester/MonitorAction.java]" classname="jmri.util.FileLineEndingsTest" time="0.001"/>
  <testcase name="lineEndings[./java/src/jmri/jmrix/pricom/pockettester/PocketTesterMenu.java]" classname="jmri.util.FileLineEndingsTest" time="0.001"/>
  <testcase name="lineEndings[./java/src/jmri/jmrix/pricom/pockettester/DataSourceAction.java]" classname="jmri.util.FileLineEndingsTest" time="0.001"/>
  <testcase name="lineEndings[./java/src/jmri/jmrix/pricom/pockettester/DataSource.java]" classname="jmri.util.FileLineEndingsTest" time="0.001"/>
  <testcase name="lineEndings[./java/src/jmri/jmrix/pricom/PricomMenu.java]" classname="jmri.util.FileLineEndingsTest" time="0.001"/>
  <testcase name="lineEndings[./java/src/jmri/jmrix/jinput/treecontrol/TreeAction.java]" classname="jmri.util.FileLineEndingsTest" time="0.001"/>
  <testcase name="lineEndings[./java/src/jmri/jmrix/jinput/treecontrol/TreePanel.java]" classname="jmri.util.FileLineEndingsTest" time="0"/>
  <testcase name="lineEndings[./java/src/jmri/jmrix/jinput/treecontrol/TreeFrame.java]" classname="jmri.util.FileLineEndingsTest" time="0.001"/>
  <testcase name="lineEndings[./java/src/jmri/jmrix/jinput/UsbNode.java]" classname="jmri.util.FileLineEndingsTest" time="0.001"/>
  <testcase name="lineEndings[./java/src/jmri/jmrix/jinput/TreeModel.java]" classname="jmri.util.FileLineEndingsTest" time="0.001"/>
  <testcase name="lineEndings[./java/src/jmri/jmrix/AbstractNetworkConnectionConfig.java]" classname="jmri.util.FileLineEndingsTest" time="0.001"/>
  <testcase name="lineEndings[./java/src/jmri/jmrix/zimo/Mx1ThrottleManager.java]" classname="jmri.util.FileLineEndingsTest" time="0.001"/>
  <testcase name="lineEndings[./java/src/jmri/jmrix/zimo/Mx1Programmer.java]" classname="jmri.util.FileLineEndingsTest" time="0.001"/>
  <testcase name="lineEndings[./java/src/jmri/jmrix/zimo/mxulf/Bundle.java]" classname="jmri.util.FileLineEndingsTest" time="0.001"/>
  <testcase name="lineEndings[./java/src/jmri/jmrix/zimo/mxulf/configurexml/ConnectionConfigXml.java]" classname="jmri.util.FileLineEndingsTest" time="0"/>
  <testcase name="lineEndings[./java/src/jmri/jmrix/zimo/mxulf/SerialDriverAdapter.java]" classname="jmri.util.FileLineEndingsTest" time="0.001"/>
  <testcase name="lineEndings[./java/src/jmri/jmrix/zimo/mxulf/ConnectionConfig.java]" classname="jmri.util.FileLineEndingsTest" time="0.001"/>
  <testcase name="lineEndings[./java/src/jmri/jmrix/zimo/mx1/ConnectionConfig.java]" classname="jmri.util.FileLineEndingsTest" time="0.001"/>
  <testcase name="lineEndings[./java/src/jmri/jmrix/zimo/mx1/configurexml/ConnectionConfigXml.java]" classname="jmri.util.FileLineEndingsTest" time="0.001"/>
  <testcase name="lineEndings[./java/src/jmri/jmrix/zimo/mx1/Bundle.java]" classname="jmri.util.FileLineEndingsTest" time="0.001"/>
  <testcase name="lineEndings[./java/src/jmri/jmrix/zimo/mx1/Mx1Adapter.java]" classname="jmri.util.FileLineEndingsTest" time="0.001"/>
  <testcase name="lineEndings[./java/src/jmri/jmrix/zimo/swing/Mx1NamedPaneAction.java]" classname="jmri.util.FileLineEndingsTest" time="0"/>
  <testcase name="lineEndings[./java/src/jmri/jmrix/zimo/swing/packetgen/Mx1PacketGenPanel.java]" classname="jmri.util.FileLineEndingsTest" time="0.001"/>
  <testcase name="lineEndings[./java/src/jmri/jmrix/zimo/swing/packetgen/Bundle.java]" classname="jmri.util.FileLineEndingsTest" time="0.001"/>
  <testcase name="lineEndings[./java/src/jmri/jmrix/zimo/swing/monitor/Mx1MonPanel.java]" classname="jmri.util.FileLineEndingsTest" time="0.001"/>
  <testcase name="lineEndings[./java/src/jmri/jmrix/zimo/swing/Mx1Menu.java]" classname="jmri.util.FileLineEndingsTest" time="0.001"/>
  <testcase name="lineEndings[./java/src/jmri/jmrix/zimo/swing/Bundle.java]" classname="jmri.util.FileLineEndingsTest" time="0.001"/>
  <testcase name="lineEndings[./java/src/jmri/jmrix/zimo/swing/Mx1Panel.java]" classname="jmri.util.FileLineEndingsTest" time="0.001"/>
  <testcase name="lineEndings[./java/src/jmri/jmrix/zimo/swing/Mx1PanelInterface.java]" classname="jmri.util.FileLineEndingsTest" time="0"/>
  <testcase name="lineEndings[./java/src/jmri/jmrix/zimo/swing/Mx1ComponentFactory.java]" classname="jmri.util.FileLineEndingsTest" time="0.001"/>
  <testcase name="lineEndings[./java/src/jmri/jmrix/zimo/Mx1Interface.java]" classname="jmri.util.FileLineEndingsTest" time="0.001"/>
  <testcase name="lineEndings[./java/src/jmri/jmrix/zimo/Mx1TrafficController.java]" classname="jmri.util.FileLineEndingsTest" time="0.001"/>
  <testcase name="lineEndings[./java/src/jmri/jmrix/zimo/Mx1Exception.java]" classname="jmri.util.FileLineEndingsTest" time="0.001"/>
  <testcase name="lineEndings[./java/src/jmri/jmrix/zimo/Mx1Listener.java]" classname="jmri.util.FileLineEndingsTest" time="0.001"/>
  <testcase name="lineEndings[./java/src/jmri/jmrix/zimo/Mx1ProgrammerManager.java]" classname="jmri.util.FileLineEndingsTest" time="0.001"/>
  <testcase name="lineEndings[./java/src/jmri/jmrix/zimo/Mx1PowerManager.java]" classname="jmri.util.FileLineEndingsTest" time="0"/>
  <testcase name="lineEndings[./java/src/jmri/jmrix/zimo/Mx1MessageException.java]" classname="jmri.util.FileLineEndingsTest" time="0.001"/>
  <testcase name="lineEndings[./java/src/jmri/jmrix/zimo/Mx1CommandStation.java]" classname="jmri.util.FileLineEndingsTest" time="0.001"/>
  <testcase name="lineEndings[./java/src/jmri/jmrix/zimo/Mx1Message.java]" classname="jmri.util.FileLineEndingsTest" time="0.001"/>
  <testcase name="lineEndings[./java/src/jmri/jmrix/zimo/Mx1SystemConnectionMemo.java]" classname="jmri.util.FileLineEndingsTest" time="0.001"/>
  <testcase name="lineEndings[./java/src/jmri/jmrix/zimo/Bundle.java]" classname="jmri.util.FileLineEndingsTest" time="0.001"/>
  <testcase name="lineEndings[./java/src/jmri/jmrix/zimo/Mx1Turnout.java]" classname="jmri.util.FileLineEndingsTest" time="0.001"/>
  <testcase name="lineEndings[./java/src/jmri/jmrix/zimo/Mx1ConnectionTypeList.java]" classname="jmri.util.FileLineEndingsTest" time="0"/>
  <testcase name="lineEndings[./java/src/jmri/jmrix/zimo/Mx1Packetizer.java]" classname="jmri.util.FileLineEndingsTest" time="0.001"/>
  <testcase name="lineEndings[./java/src/jmri/jmrix/zimo/Mx1TurnoutManager.java]" classname="jmri.util.FileLineEndingsTest" time="0.001"/>
  <testcase name="lineEndings[./java/src/jmri/jmrix/zimo/Mx1Throttle.java]" classname="jmri.util.FileLineEndingsTest" time="0.001"/>
  <testcase name="lineEndings[./java/src/jmri/jmrix/zimo/Mx1PortController.java]" classname="jmri.util.FileLineEndingsTest" time="0.001"/>
  <testcase name="lineEndings[./java/src/jmri/jmrix/ztc/Bundle.java]" classname="jmri.util.FileLineEndingsTest" time="0.001"/>
  <testcase name="lineEndings[./java/src/jmri/jmrix/ztc/ztc611/ZTC611XNetTurnoutManager.java]" classname="jmri.util.FileLineEndingsTest" time="0.001"/>
  <testcase name="lineEndings[./java/src/jmri/jmrix/ztc/ztc611/configurexml/ConnectionConfigXml.java]" classname="jmri.util.FileLineEndingsTest" time="0.001"/>
  <testcase name="lineEndings[./java/src/jmri/jmrix/ztc/ztc611/configurexml/ZTC611XNetTurnoutManagerXml.java]" classname="jmri.util.FileLineEndingsTest" time="0.001"/>
  <testcase name="lineEndings[./java/src/jmri/jmrix/ztc/ztc611/ZTC611Adapter.java]" classname="jmri.util.FileLineEndingsTest" time="0.001"/>
  <testcase name="lineEndings[./java/src/jmri/jmrix/ztc/ztc611/ZTC611XNetInitializationManager.java]" classname="jmri.util.FileLineEndingsTest" time="0"/>
  <testcase name="lineEndings[./java/src/jmri/jmrix/ztc/ztc611/ConnectionConfig.java]" classname="jmri.util.FileLineEndingsTest" time="0.001"/>
  <testcase name="lineEndings[./java/src/jmri/jmrix/ztc/ztc611/ZTC611XNetTurnout.java]" classname="jmri.util.FileLineEndingsTest" time="0.001"/>
  <testcase name="lineEndings[./java/src/jmri/jmrix/ztc/ztc611/Bundle.java]" classname="jmri.util.FileLineEndingsTest" time="0.001"/>
  <testcase name="lineEndings[./java/src/jmri/jmrix/ztc/ztc611/ZTC611XNetPacketizer.java]" classname="jmri.util.FileLineEndingsTest" time="0.001"/>
  <testcase name="lineEndings[./java/src/jmri/jmrix/ztc/ZTCConnectionTypeList.java]" classname="jmri.util.FileLineEndingsTest" time="0.001"/>
  <testcase name="lineEndings[./java/src/jmri/jmrix/dcc/configurexml/DccTurnoutManagerXml.java]" classname="jmri.util.FileLineEndingsTest" time="0.001"/>
  <testcase name="lineEndings[./java/src/jmri/jmrix/dcc/DccTurnout.java]" classname="jmri.util.FileLineEndingsTest" time="0"/>
  <testcase name="lineEndings[./java/src/jmri/jmrix/dcc/package-info.java]" classname="jmri.util.FileLineEndingsTest" time="0.001"/>
  <testcase name="lineEndings[./java/src/jmri/jmrix/dcc/DccTurnoutManager.java]" classname="jmri.util.FileLineEndingsTest" time="0.001"/>
  <testcase name="lineEndings[./java/src/jmri/jmrix/SystemConnectionMemoManager.java]" classname="jmri.util.FileLineEndingsTest" time="0.001"/>
  <testcase name="lineEndings[./java/src/jmri/jmrix/AbstractMRTrafficController.java]" classname="jmri.util.FileLineEndingsTest" time="0.001"/>
  <testcase name="lineEndings[./java/src/jmri/jmrix/dcc4pc/swing/boardlists/BoardListPanel.java]" classname="jmri.util.FileLineEndingsTest" time="0.001"/>
  <testcase name="lineEndings[./java/src/jmri/jmrix/dcc4pc/swing/monitor/Dcc4PcMonPane.java]" classname="jmri.util.FileLineEndingsTest" time="0.001"/>
  <testcase name="lineEndings[./java/src/jmri/jmrix/dcc4pc/swing/Dcc4PcMenu.java]" classname="jmri.util.FileLineEndingsTest" time="0.001"/>
  <testcase name="lineEndings[./java/src/jmri/jmrix/dcc4pc/swing/Dcc4PcNamedPaneAction.java]" classname="jmri.util.FileLineEndingsTest" time="0.001"/>
  <testcase name="lineEndings[./java/src/jmri/jmrix/dcc4pc/swing/Dcc4PcComponentFactory.java]" classname="jmri.util.FileLineEndingsTest" time="0"/>
  <testcase name="lineEndings[./java/src/jmri/jmrix/dcc4pc/swing/StatusPanel.java]" classname="jmri.util.FileLineEndingsTest" time="0.001"/>
  <testcase name="lineEndings[./java/src/jmri/jmrix/dcc4pc/swing/Dcc4PcPanelInterface.java]" classname="jmri.util.FileLineEndingsTest" time="0.001"/>
  <testcase name="lineEndings[./java/src/jmri/jmrix/dcc4pc/swing/Dcc4PcPanel.java]" classname="jmri.util.FileLineEndingsTest" time="0.001"/>
  <testcase name="lineEndings[./java/src/jmri/jmrix/dcc4pc/swing/packetgen/PacketGenPanel.java]" classname="jmri.util.FileLineEndingsTest" time="0.001"/>
  <testcase name="lineEndings[./java/src/jmri/jmrix/dcc4pc/Dcc4PcReply.java]" classname="jmri.util.FileLineEndingsTest" time="0.001"/>
  <testcase name="lineEndings[./java/src/jmri/jmrix/dcc4pc/Bundle.java]" classname="jmri.util.FileLineEndingsTest" time="0.001"/>
  <testcase name="lineEndings[./java/src/jmri/jmrix/dcc4pc/Dcc4PcBoardManager.java]" classname="jmri.util.FileLineEndingsTest" time="0"/>
  <testcase name="lineEndings[./java/src/jmri/jmrix/dcc4pc/serialdriver/SerialDriverAdapter.java]" classname="jmri.util.FileLineEndingsTest" time="0.001"/>
  <testcase name="lineEndings[./java/src/jmri/jmrix/dcc4pc/serialdriver/configurexml/ConnectionConfigXml.java]" classname="jmri.util.FileLineEndingsTest" time="0.001"/>
  <testcase name="lineEndings[./java/src/jmri/jmrix/dcc4pc/serialdriver/ConnectionConfig.java]" classname="jmri.util.FileLineEndingsTest" time="0.001"/>
  <testcase name="lineEndings[./java/src/jmri/jmrix/dcc4pc/configurexml/Dcc4PcSensorManagerXml.java]" classname="jmri.util.FileLineEndingsTest" time="0.001"/>
  <testcase name="lineEndings[./java/src/jmri/jmrix/dcc4pc/configurexml/Dcc4PcReporterManagerXml.java]" classname="jmri.util.FileLineEndingsTest" time="0.001"/>
  <testcase name="lineEndings[./java/src/jmri/jmrix/dcc4pc/Dcc4PcOpsModeProgrammer.java]" classname="jmri.util.FileLineEndingsTest" time="0.001"/>
  <testcase name="lineEndings[./java/src/jmri/jmrix/dcc4pc/Dcc4PcSensor.java]" classname="jmri.util.FileLineEndingsTest" time="0"/>
  <testcase name="lineEndings[./java/src/jmri/jmrix/dcc4pc/Dcc4PcPortController.java]" classname="jmri.util.FileLineEndingsTest" time="0.001"/>
  <testcase name="lineEndings[./java/src/jmri/jmrix/dcc4pc/Dcc4PcSystemConnectionMemo.java]" classname="jmri.util.FileLineEndingsTest" time="0.001"/>
  <testcase name="lineEndings[./java/src/jmri/jmrix/dcc4pc/Dcc4PcListener.java]" classname="jmri.util.FileLineEndingsTest" time="0.001"/>
  <testcase name="lineEndings[./java/src/jmri/jmrix/dcc4pc/Dcc4PcMessage.java]" classname="jmri.util.FileLineEndingsTest" time="0.001"/>
  <testcase name="lineEndings[./java/src/jmri/jmrix/dcc4pc/Dcc4PcReporter.java]" classname="jmri.util.FileLineEndingsTest" time="0.001"/>
  <testcase name="lineEndings[./java/src/jmri/jmrix/dcc4pc/Dcc4PcProgrammerManager.java]" classname="jmri.util.FileLineEndingsTest" time="0.001"/>
  <testcase name="lineEndings[./java/src/jmri/jmrix/dcc4pc/Dcc4PcConnectionTypeList.java]" classname="jmri.util.FileLineEndingsTest" time="0"/>
  <testcase name="lineEndings[./java/src/jmri/jmrix/dcc4pc/Dcc4PcTrafficController.java]" classname="jmri.util.FileLineEndingsTest" time="0.001"/>
  <testcase name="lineEndings[./java/src/jmri/jmrix/dcc4pc/Dcc4PcReporterManager.java]" classname="jmri.util.FileLineEndingsTest" time="0.001"/>
  <testcase name="lineEndings[./java/src/jmri/jmrix/dcc4pc/Dcc4PcSensorManager.java]" classname="jmri.util.FileLineEndingsTest" time="0.001"/>
  <testcase name="lineEndings[./java/src/jmri/jmrix/dcc4pc/Dcc4PcInterface.java]" classname="jmri.util.FileLineEndingsTest" time="0.001"/>
  <testcase name="lineEndings[./java/src/jmri/jmrix/debugthrottle/DebugThrottle.java]" classname="jmri.util.FileLineEndingsTest" time="0.001"/>
  <testcase name="lineEndings[./java/src/jmri/jmrix/debugthrottle/DebugThrottleManager.java]" classname="jmri.util.FileLineEndingsTest" time="0.001"/>
  <testcase name="lineEndings[./java/src/jmri/jmrix/ActiveSystemsMenu.java]" classname="jmri.util.FileLineEndingsTest" time="0.001"/>
  <testcase name="lineEndings[./java/src/jmri/jmrix/Bundle.java]" classname="jmri.util.FileLineEndingsTest" time="0"/>
  <testcase name="lineEndings[./java/src/jmri/jmrix/swing/SystemConnectionComboBox.java]" classname="jmri.util.FileLineEndingsTest" time="0"/>
  <testcase name="lineEndings[./java/src/jmri/jmrix/swing/AbstractPacketGenFrame.java]" classname="jmri.util.FileLineEndingsTest" time="0.001"/>
  <testcase name="lineEndings[./java/src/jmri/jmrix/swing/Bundle.java]" classname="jmri.util.FileLineEndingsTest" time="0.001"/>
  <testcase name="lineEndings[./java/src/jmri/jmrix/swing/ComponentFactory.java]" classname="jmri.util.FileLineEndingsTest" time="0.001"/>
  <testcase name="lineEndings[./java/src/jmri/jmrix/swing/SystemConnectionAction.java]" classname="jmri.util.FileLineEndingsTest" time="0.001"/>
  <testcase name="lineEndings[./java/src/jmri/jmrix/swing/ConnectionsPreferencesPanel.java]" classname="jmri.util.FileLineEndingsTest" time="0.001"/>
  <testcase name="lineEndings[./java/src/jmri/jmrix/configurexml/Bundle.java]" classname="jmri.util.FileLineEndingsTest" time="0"/>
  <testcase name="lineEndings[./java/src/jmri/jmrix/configurexml/AbstractNetworkConnectionConfigXml.java]" classname="jmri.util.FileLineEndingsTest" time="0"/>
  <testcase name="lineEndings[./java/src/jmri/jmrix/configurexml/AbstractConnectionConfigXml.java]" classname="jmri.util.FileLineEndingsTest" time="0.001"/>
  <testcase name="lineEndings[./java/src/jmri/jmrix/configurexml/JmrixConfigPaneXml.java]" classname="jmri.util.FileLineEndingsTest" time="0.001"/>
  <testcase name="lineEndings[./java/src/jmri/jmrix/configurexml/AbstractSerialConnectionConfigXml.java]" classname="jmri.util.FileLineEndingsTest" time="0.001"/>
  <testcase name="lineEndings[./java/src/jmri/jmrix/configurexml/AbstractUsbConnectionConfigXml.java]" classname="jmri.util.FileLineEndingsTest" time="0.001"/>
  <testcase name="lineEndings[./java/src/jmri/jmrix/merg/MergConnectionTypeList.java]" classname="jmri.util.FileLineEndingsTest" time="0.001"/>
  <testcase name="lineEndings[./java/src/jmri/jmrix/serialsensor/SerialSensorAdapter.java]" classname="jmri.util.FileLineEndingsTest" time="0.001"/>
  <testcase name="lineEndings[./java/src/jmri/jmrix/NetMessage.java]" classname="jmri.util.FileLineEndingsTest" time="0"/>
  <testcase name="lineEndings[./java/src/jmri/jmrix/AbstractThrottle.java]" classname="jmri.util.FileLineEndingsTest" time="0.001"/>
  <testcase name="lineEndings[./java/src/jmri/jmrix/ConnectionConfigManager.java]" classname="jmri.util.FileLineEndingsTest" time="0.001"/>
  <testcase name="lineEndings[./java/src/jmri/jmrix/AbstractMRReply.java]" classname="jmri.util.FileLineEndingsTest" time="0.001"/>
  <testcase name="lineEndings[./java/src/jmri/jmrix/ConnectionTypeList.java]" classname="jmri.util.FileLineEndingsTest" time="0.001"/>
  <testcase name="lineEndings[./java/src/jmri/jmrix/AbstractMRNodeTrafficController.java]" classname="jmri.util.FileLineEndingsTest" time="0.001"/>
  <testcase name="lineEndings[./java/src/jmri/jmrix/AbstractMRMessage.java]" classname="jmri.util.FileLineEndingsTest" time="0.001"/>
  <testcase name="lineEndings[./java/src/jmri/jmrix/Message.java]" classname="jmri.util.FileLineEndingsTest" time="0.001"/>
  <testcase name="lineEndings[./java/src/jmri/jmrix/internal/InternalSensorManager.java]" classname="jmri.util.FileLineEndingsTest" time="0"/>
  <testcase name="lineEndings[./java/src/jmri/jmrix/internal/InternalReporterManager.java]" classname="jmri.util.FileLineEndingsTest" time="0.001"/>
  <testcase name="lineEndings[./java/src/jmri/jmrix/internal/InternalConnectionTypeList.java]" classname="jmri.util.FileLineEndingsTest" time="0.001"/>
  <testcase name="lineEndings[./java/src/jmri/jmrix/internal/configurexml/ConnectionConfigXml.java]" classname="jmri.util.FileLineEndingsTest" time="0.001"/>
  <testcase name="lineEndings[./java/src/jmri/jmrix/internal/configurexml/InternalSensorManagerXml.java]" classname="jmri.util.FileLineEndingsTest" time="0.001"/>
  <testcase name="lineEndings[./java/src/jmri/jmrix/internal/configurexml/InternalReporterManagerXml.java]" classname="jmri.util.FileLineEndingsTest" time="0.001"/>
  <testcase name="lineEndings[./java/src/jmri/jmrix/internal/configurexml/InternalLightManagerXml.java]" classname="jmri.util.FileLineEndingsTest" time="0.001"/>
  <testcase name="lineEndings[./java/src/jmri/jmrix/internal/configurexml/InternalTurnoutManagerXml.java]" classname="jmri.util.FileLineEndingsTest" time="0.001"/>
  <testcase name="lineEndings[./java/src/jmri/jmrix/internal/InternalConsistManager.java]" classname="jmri.util.FileLineEndingsTest" time="0"/>
  <testcase name="lineEndings[./java/src/jmri/jmrix/internal/InternalSystemConnectionMemo.java]" classname="jmri.util.FileLineEndingsTest" time="0.001"/>
  <testcase name="lineEndings[./java/src/jmri/jmrix/internal/InternalTurnoutManager.java]" classname="jmri.util.FileLineEndingsTest" time="0.001"/>
  <testcase name="lineEndings[./java/src/jmri/jmrix/internal/Bundle.java]" classname="jmri.util.FileLineEndingsTest" time="0.001"/>
  <testcase name="lineEndings[./java/src/jmri/jmrix/internal/ConnectionConfig.java]" classname="jmri.util.FileLineEndingsTest" time="0.001"/>
  <testcase name="lineEndings[./java/src/jmri/jmrix/internal/InternalAdapter.java]" classname="jmri.util.FileLineEndingsTest" time="0.001"/>
  <testcase name="lineEndings[./java/src/jmri/jmrix/internal/InternalLightManager.java]" classname="jmri.util.FileLineEndingsTest" time="0.001"/>
  <testcase name="lineEndings[./java/src/jmri/jmrix/libusb/Bundle.java]" classname="jmri.util.FileLineEndingsTest" time="0"/>
  <testcase name="lineEndings[./java/src/jmri/jmrix/libusb/UsbViewAction.java]" classname="jmri.util.FileLineEndingsTest" time="0.001"/>
  <testcase name="lineEndings[./java/src/jmri/jmrix/mqtt/MqttTurnoutManager.java]" classname="jmri.util.FileLineEndingsTest" time="0.001"/>
  <testcase name="lineEndings[./java/src/jmri/jmrix/mqtt/MqttAdapter.java]" classname="jmri.util.FileLineEndingsTest" time="0.001"/>
  <testcase name="lineEndings[./java/src/jmri/jmrix/mqtt/MqttSystemConnectionMemo.java]" classname="jmri.util.FileLineEndingsTest" time="0.001"/>
  <testcase name="lineEndings[./java/src/jmri/jmrix/mqtt/MqttEventListener.java]" classname="jmri.util.FileLineEndingsTest" time="0.001"/>
  <testcase name="lineEndings[./java/src/jmri/jmrix/mqtt/MqttConnectionTypeList.java]" classname="jmri.util.FileLineEndingsTest" time="0"/>
  <testcase name="lineEndings[./java/src/jmri/jmrix/mqtt/MqttConnectionConfig.java]" classname="jmri.util.FileLineEndingsTest" time="0.001"/>
  <testcase name="lineEndings[./java/src/jmri/jmrix/mqtt/configurexml/MqttTurnoutManagerXml.java]" classname="jmri.util.FileLineEndingsTest" time="0.001"/>
  <testcase name="lineEndings[./java/src/jmri/jmrix/mqtt/configurexml/MqttConnectionConfigXml.java]" classname="jmri.util.FileLineEndingsTest" time="0.001"/>
  <testcase name="lineEndings[./java/src/jmri/jmrix/mqtt/MqttTurnout.java]" classname="jmri.util.FileLineEndingsTest" time="0.001"/>
  <testcase name="lineEndings[./java/src/jmri/jmrix/mqtt/package-info.java]" classname="jmri.util.FileLineEndingsTest" time="0.001"/>
  <testcase name="lineEndings[./java/src/jmri/jmrix/NetworkConfigException.java]" classname="jmri.util.FileLineEndingsTest" time="0.001"/>
  <testcase name="lineEndings[./java/src/jmri/jmrix/SerialConfigException.java]" classname="jmri.util.FileLineEndingsTest" time="0"/>
  <testcase name="lineEndings[./java/src/jmri/jmrix/AbstractSerialPortController.java]" classname="jmri.util.FileLineEndingsTest" time="0.001"/>
  <testcase name="lineEndings[./java/src/jmri/jmrix/ConnectionConfig.java]" classname="jmri.util.FileLineEndingsTest" time="0.001"/>
  <testcase name="lineEndings[./java/src/jmri/jmrix/SystemConnectionMemo.java]" classname="jmri.util.FileLineEndingsTest" time="0.001"/>
  <testcase name="lineEndings[./java/src/jmri/jmrix/AbstractMonFrame.java]" classname="jmri.util.FileLineEndingsTest" time="0.001"/>
  <testcase name="lineEndings[./java/src/jmri/jmrix/AbstractMRListener.java]" classname="jmri.util.FileLineEndingsTest" time="0.001"/>
  <testcase name="lineEndings[./java/src/jmri/jmrix/anyma/AnymaDMX_TrafficController.java]" classname="jmri.util.FileLineEndingsTest" time="0.001"/>
  <testcase name="lineEndings[./java/src/jmri/jmrix/anyma/Bundle.java]" classname="jmri.util.FileLineEndingsTest" time="0"/>
  <testcase name="lineEndings[./java/src/jmri/jmrix/anyma/configurexml/UsbLightManagerXml.java]" classname="jmri.util.FileLineEndingsTest" time="0.001"/>
  <testcase name="lineEndings[./java/src/jmri/jmrix/anyma/configurexml/AnymaDMX_ConnectionConfigXml.java]" classname="jmri.util.FileLineEndingsTest" time="0.001"/>
  <testcase name="lineEndings[./java/src/jmri/jmrix/anyma/AnymaDMX_ConnectionConfig.java]" classname="jmri.util.FileLineEndingsTest" time="0.001"/>
  <testcase name="lineEndings[./java/src/jmri/jmrix/anyma/UsbLightManager.java]" classname="jmri.util.FileLineEndingsTest" time="0.001"/>
  <testcase name="lineEndings[./java/src/jmri/jmrix/anyma/AnymaDMX_ConnectionTypeList.java]" classname="jmri.util.FileLineEndingsTest" time="0.001"/>
  <testcase name="lineEndings[./java/src/jmri/jmrix/anyma/AnymaDMX_UsbPortAdapter.java]" classname="jmri.util.FileLineEndingsTest" time="0.001"/>
  <testcase name="lineEndings[./java/src/jmri/jmrix/anyma/AnymaDMX_SystemConnectionMemo.java]" classname="jmri.util.FileLineEndingsTest" time="0"/>
  <testcase name="lineEndings[./java/src/jmri/jmrix/anyma/AnymaDMX_UsbLight.java]" classname="jmri.util.FileLineEndingsTest" time="0.001"/>
  <testcase name="lineEndings[./java/src/jmri/jmrix/AbstractPortController.java]" classname="jmri.util.FileLineEndingsTest" time="0.001"/>
  <testcase name="lineEndings[./java/src/jmri/jmrix/AbstractMessage.java]" classname="jmri.util.FileLineEndingsTest" time="0.001"/>
  <testcase name="lineEndings[./java/src/jmri/jmrix/OtherConnectionTypeList.java]" classname="jmri.util.FileLineEndingsTest" time="0.001"/>
  <testcase name="lineEndings[./java/src/jmri/jmrix/PortAdapter.java]" classname="jmri.util.FileLineEndingsTest" time="0.001"/>
  <testcase name="lineEndings[./java/src/jmri/jmrix/NetworkPortAdapter.java]" classname="jmri.util.FileLineEndingsTest" time="0.001"/>
  <testcase name="lineEndings[./java/src/jmri/jmrix/AbstractThrottleManager.java]" classname="jmri.util.FileLineEndingsTest" time="0.001"/>
  <testcase name="lineEndings[./java/src/jmri/jmrix/AbstractMonPane.java]" classname="jmri.util.FileLineEndingsTest" time="0"/>
  <testcase name="lineEndings[./java/src/jmri/jmrix/AbstractSimulatorConnectionConfig.java]" classname="jmri.util.FileLineEndingsTest" time="0"/>
  <testcase name="lineEndings[./java/src/jmri/jmrix/DCCManufacturerList.java]" classname="jmri.util.FileLineEndingsTest" time="0.001"/>
  <testcase name="lineEndings[./java/src/jmri/jmrix/AbstractUsbConnectionConfig.java]" classname="jmri.util.FileLineEndingsTest" time="0.001"/>
  <testcase name="lineEndings[./java/src/jmri/jmrix/AbstractProgrammerFacade.java]" classname="jmri.util.FileLineEndingsTest" time="0.001"/>
  <testcase name="lineEndings[./java/src/jmri/jmrix/JmrixConfigPane.java]" classname="jmri.util.FileLineEndingsTest" time="0.001"/>
  <testcase name="lineEndings[./java/src/jmri/jmrix/SerialPortAdapter.java]" classname="jmri.util.FileLineEndingsTest" time="0.001"/>
  <testcase name="lineEndings[./java/src/jmri/jmrix/UsbPortAdapter.java]" classname="jmri.util.FileLineEndingsTest" time="0.001"/>
  <testcase name="lineEndings[./java/src/jmri/jmrix/AbstractNode.java]" classname="jmri.util.FileLineEndingsTest" time="0.001"/>
  <testcase name="lineEndings[./java/src/jmri/jmrix/AbstractStreamPortController.java]" classname="jmri.util.FileLineEndingsTest" time="0"/>
  <testcase name="lineEndings[./java/src/jmri/jmrix/AbstractConnectionConfig.java]" classname="jmri.util.FileLineEndingsTest" time="0.001"/>
  <testcase name="lineEndings[./java/src/jmri/jmrix/AbstractNetworkPortController.java]" classname="jmri.util.FileLineEndingsTest" time="0.001"/>
  <testcase name="lineEndings[./java/src/jmri/jmrix/ConnectionStatus.java]" classname="jmri.util.FileLineEndingsTest" time="0.001"/>
  <testcase name="lineEndings[./java/src/jmri/jmrix/AbstractProgrammer.java]" classname="jmri.util.FileLineEndingsTest" time="0.001"/>
  <testcase name="lineEndings[./java/src/jmri/jmrix/DccCommandStation.java]" classname="jmri.util.FileLineEndingsTest" time="0.001"/>
  <testcase name="lineEndings[./java/src/jmri/jmrix/AbstractStreamConnectionConfig.java]" classname="jmri.util.FileLineEndingsTest" time="0.001"/>
  <testcase name="lineEndings[./java/src/jmri/jmrix/AbstractSerialConnectionConfig.java]" classname="jmri.util.FileLineEndingsTest" time="0.001"/>
  <testcase name="lineEndings[./java/src/jmri/jmrix/AbstractLoaderPane.java]" classname="jmri.util.FileLineEndingsTest" time="0.001"/>
  <testcase name="lineEndings[./java/src/jmri/web/servlet/simple/SimpleServlet.java]" classname="jmri.util.FileLineEndingsTest" time="0"/>
  <testcase name="lineEndings[./java/src/jmri/web/servlet/simple/Bundle.java]" classname="jmri.util.FileLineEndingsTest" time="0.001"/>
  <testcase name="lineEndings[./java/src/jmri/web/servlet/config/ConfigServlet.java]" classname="jmri.util.FileLineEndingsTest" time="0.001"/>
  <testcase name="lineEndings[./java/src/jmri/web/servlet/config/Bundle.java]" classname="jmri.util.FileLineEndingsTest" time="0.001"/>
  <testcase name="lineEndings[./java/src/jmri/web/servlet/home/HomeServlet.java]" classname="jmri.util.FileLineEndingsTest" time="0.001"/>
  <testcase name="lineEndings[./java/src/jmri/web/servlet/home/Bundle.java]" classname="jmri.util.FileLineEndingsTest" time="0.003"/>
  <testcase name="lineEndings[./java/src/jmri/web/servlet/operations/HtmlManifest.java]" classname="jmri.util.FileLineEndingsTest" time="0.002"/>
  <testcase name="lineEndings[./java/src/jmri/web/servlet/operations/OperationsServlet.java]" classname="jmri.util.FileLineEndingsTest" time="0"/>
  <testcase name="lineEndings[./java/src/jmri/web/servlet/operations/Bundle.java]" classname="jmri.util.FileLineEndingsTest" time="0"/>
  <testcase name="lineEndings[./java/src/jmri/web/servlet/operations/HtmlTrainCommon.java]" classname="jmri.util.FileLineEndingsTest" time="0.001"/>
  <testcase name="lineEndings[./java/src/jmri/web/servlet/operations/HtmlConductor.java]" classname="jmri.util.FileLineEndingsTest" time="0.001"/>
  <testcase name="lineEndings[./java/src/jmri/web/servlet/about/Bundle.java]" classname="jmri.util.FileLineEndingsTest" time="0.001"/>
  <testcase name="lineEndings[./java/src/jmri/web/servlet/about/AboutServlet.java]" classname="jmri.util.FileLineEndingsTest" time="0.001"/>
  <testcase name="lineEndings[./java/src/jmri/web/servlet/panel/Bundle.java]" classname="jmri.util.FileLineEndingsTest" time="0.001"/>
  <testcase name="lineEndings[./java/src/jmri/web/servlet/panel/LayoutPanelServlet.java]" classname="jmri.util.FileLineEndingsTest" time="0.001"/>
  <testcase name="lineEndings[./java/src/jmri/web/servlet/panel/SwitchboardServlet.java]" classname="jmri.util.FileLineEndingsTest" time="0.001"/>
  <testcase name="lineEndings[./java/src/jmri/web/servlet/panel/PanelServlet.java]" classname="jmri.util.FileLineEndingsTest" time="0.001"/>
  <testcase name="lineEndings[./java/src/jmri/web/servlet/panel/AbstractPanelServlet.java]" classname="jmri.util.FileLineEndingsTest" time="0"/>
  <testcase name="lineEndings[./java/src/jmri/web/servlet/panel/ControlPanelServlet.java]" classname="jmri.util.FileLineEndingsTest" time="0.001"/>
  <testcase name="lineEndings[./java/src/jmri/web/servlet/json/JsonServlet.java]" classname="jmri.util.FileLineEndingsTest" time="0.001"/>
  <testcase name="lineEndings[./java/src/jmri/web/servlet/json/Bundle.java]" classname="jmri.util.FileLineEndingsTest" time="0.001"/>
  <testcase name="lineEndings[./java/src/jmri/web/servlet/frameimage/Bundle.java]" classname="jmri.util.FileLineEndingsTest" time="0.001"/>
  <testcase name="lineEndings[./java/src/jmri/web/servlet/frameimage/JmriJFrameServlet.java]" classname="jmri.util.FileLineEndingsTest" time="0.001"/>
  <testcase name="lineEndings[./java/src/jmri/web/servlet/directory/Bundle.java]" classname="jmri.util.FileLineEndingsTest" time="0.001"/>
  <testcase name="lineEndings[./java/src/jmri/web/servlet/directory/DirectoryService.java]" classname="jmri.util.FileLineEndingsTest" time="0.001"/>
  <testcase name="lineEndings[./java/src/jmri/web/servlet/directory/DirectoryHandler.java]" classname="jmri.util.FileLineEndingsTest" time="0"/>
  <testcase name="lineEndings[./java/src/jmri/web/servlet/directory/DirectoryResource.java]" classname="jmri.util.FileLineEndingsTest" time="0.001"/>
  <testcase name="lineEndings[./java/src/jmri/web/servlet/roster/Bundle.java]" classname="jmri.util.FileLineEndingsTest" time="0.001"/>
  <testcase name="lineEndings[./java/src/jmri/web/servlet/roster/RosterServlet.java]" classname="jmri.util.FileLineEndingsTest" time="0.001"/>
  <testcase name="lineEndings[./java/src/jmri/web/servlet/roster/MultipartRequestHandler.java]" classname="jmri.util.FileLineEndingsTest" time="0.001"/>
  <testcase name="lineEndings[./java/src/jmri/web/servlet/roster/FileMeta.java]" classname="jmri.util.FileLineEndingsTest" time="0.001"/>
  <testcase name="lineEndings[./java/src/jmri/web/servlet/DenialServlet.java]" classname="jmri.util.FileLineEndingsTest" time="0.001"/>
  <testcase name="lineEndings[./java/src/jmri/web/servlet/RedirectionServlet.java]" classname="jmri.util.FileLineEndingsTest" time="0.001"/>
  <testcase name="lineEndings[./java/src/jmri/web/servlet/Bundle.java]" classname="jmri.util.FileLineEndingsTest" time="0"/>
  <testcase name="lineEndings[./java/src/jmri/web/servlet/ServletUtil.java]" classname="jmri.util.FileLineEndingsTest" time="0.001"/>
  <testcase name="lineEndings[./java/src/jmri/web/server/WebServerPreferences.java]" classname="jmri.util.FileLineEndingsTest" time="0.001"/>
  <testcase name="lineEndings[./java/src/jmri/web/server/WebServer.java]" classname="jmri.util.FileLineEndingsTest" time="0.001"/>
  <testcase name="lineEndings[./java/src/jmri/web/server/FrameServletPreferencesPanel.java]" classname="jmri.util.FileLineEndingsTest" time="0.001"/>
  <testcase name="lineEndings[./java/src/jmri/web/server/WebServerPreferencesInstanceInitializer.java]" classname="jmri.util.FileLineEndingsTest" time="0.001"/>
  <testcase name="lineEndings[./java/src/jmri/web/server/WebServerPreferencesPanel.java]" classname="jmri.util.FileLineEndingsTest" time="0.001"/>
  <testcase name="lineEndings[./java/src/jmri/web/server/Bundle.java]" classname="jmri.util.FileLineEndingsTest" time="0.001"/>
  <testcase name="lineEndings[./java/src/jmri/web/server/WebServerAction.java]" classname="jmri.util.FileLineEndingsTest" time="0"/>
  <testcase name="lineEndings[./java/src/jmri/web/server/RailroadNamePreferencesPanel.java]" classname="jmri.util.FileLineEndingsTest" time="0"/>
  <testcase name="lineEndings[./java/src/jmri/web/Bundle.java]" classname="jmri.util.FileLineEndingsTest" time="0.001"/>
  <testcase name="lineEndings[./java/src/jmri/configurexml/ConfigXmlManager.java]" classname="jmri.util.FileLineEndingsTest" time="0.001"/>
  <testcase name="lineEndings[./java/src/jmri/configurexml/StoreXmlUserAction.java]" classname="jmri.util.FileLineEndingsTest" time="0.001"/>
  <testcase name="lineEndings[./java/src/jmri/configurexml/turnoutoperations/TurnoutOperationXml.java]" classname="jmri.util.FileLineEndingsTest" time="0.001"/>
  <testcase name="lineEndings[./java/src/jmri/configurexml/turnoutoperations/SensorTurnoutOperationXml.java]" classname="jmri.util.FileLineEndingsTest" time="0.001"/>
  <testcase name="lineEndings[./java/src/jmri/configurexml/turnoutoperations/CommonTurnoutOperationXml.java]" classname="jmri.util.FileLineEndingsTest" time="0"/>
  <testcase name="lineEndings[./java/src/jmri/configurexml/turnoutoperations/NoFeedbackTurnoutOperationXml.java]" classname="jmri.util.FileLineEndingsTest" time="0"/>
  <testcase name="lineEndings[./java/src/jmri/configurexml/turnoutoperations/RawTurnoutOperationXml.java]" classname="jmri.util.FileLineEndingsTest" time="0.001"/>
  <testcase name="lineEndings[./java/src/jmri/configurexml/DccLocoAddressXml.java]" classname="jmri.util.FileLineEndingsTest" time="0.001"/>
  <testcase name="lineEndings[./java/src/jmri/configurexml/SaveMenu.java]" classname="jmri.util.FileLineEndingsTest" time="0.001"/>
  <testcase name="lineEndings[./java/src/jmri/configurexml/ErrorMemo.java]" classname="jmri.util.FileLineEndingsTest" time="0.001"/>
  <testcase name="lineEndings[./java/src/jmri/configurexml/AbstractXmlAdapter.java]" classname="jmri.util.FileLineEndingsTest" time="0.001"/>
  <testcase name="lineEndings[./java/src/jmri/configurexml/DefaultJavaBeanConfigXML.java]" classname="jmri.util.FileLineEndingsTest" time="0"/>
  <testcase name="lineEndings[./java/src/jmri/configurexml/LocoAddressXml.java]" classname="jmri.util.FileLineEndingsTest" time="0.001"/>
  <testcase name="lineEndings[./java/src/jmri/configurexml/LoadXmlConfigAction.java]" classname="jmri.util.FileLineEndingsTest" time="0.001"/>
  <testcase name="lineEndings[./java/src/jmri/configurexml/DefaultClassMigration.java]" classname="jmri.util.FileLineEndingsTest" time="0.001"/>
  <testcase name="lineEndings[./java/src/jmri/configurexml/StoreXmlConfigAction.java]" classname="jmri.util.FileLineEndingsTest" time="0.001"/>
  <testcase name="lineEndings[./java/src/jmri/configurexml/TurnoutOperationManagerXml.java]" classname="jmri.util.FileLineEndingsTest" time="0.001"/>
  <testcase name="lineEndings[./java/src/jmri/configurexml/Bundle.java]" classname="jmri.util.FileLineEndingsTest" time="0.001"/>
  <testcase name="lineEndings[./java/src/jmri/configurexml/StoreXmlAllAction.java]" classname="jmri.util.FileLineEndingsTest" time="0.001"/>
  <testcase name="lineEndings[./java/src/jmri/configurexml/SectionManagerXml.java]" classname="jmri.util.FileLineEndingsTest" time="0"/>
  <testcase name="lineEndings[./java/src/jmri/configurexml/XmlAdapter.java]" classname="jmri.util.FileLineEndingsTest" time="0.001"/>
  <testcase name="lineEndings[./java/src/jmri/configurexml/LoadXmlUserAction.java]" classname="jmri.util.FileLineEndingsTest" time="0.001"/>
  <testcase name="lineEndings[./java/src/jmri/configurexml/ErrorHandler.java]" classname="jmri.util.FileLineEndingsTest" time="0.001"/>
  <testcase name="lineEndings[./java/src/jmri/configurexml/JmriConfigureXmlException.java]" classname="jmri.util.FileLineEndingsTest" time="0.001"/>
  <testcase name="lineEndings[./java/src/jmri/configurexml/ClassMigration.java]" classname="jmri.util.FileLineEndingsTest" time="0.001"/>
  <testcase name="lineEndings[./java/src/jmri/configurexml/TransitManagerXml.java]" classname="jmri.util.FileLineEndingsTest" time="0.001"/>
  <testcase name="lineEndings[./java/src/jmri/configurexml/ClassMigrationManager.java]" classname="jmri.util.FileLineEndingsTest" time="0"/>
  <testcase name="lineEndings[./java/src/jmri/configurexml/LoadStoreBaseAction.java]" classname="jmri.util.FileLineEndingsTest" time="0.001"/>
  <testcase name="lineEndings[./java/src/jmri/configurexml/BlockManagerXml.java]" classname="jmri.util.FileLineEndingsTest" time="0.001"/>
  <testcase name="lineEndings[./java/src/jmri/configurexml/swing/DialogErrorHandler.java]" classname="jmri.util.FileLineEndingsTest" time="0.001"/>
  <testcase name="lineEndings[./java/src/jmri/implementation/SensorGroupConditional.java]" classname="jmri.util.FileLineEndingsTest" time="0.001"/>
  <testcase name="lineEndings[./java/src/jmri/implementation/AbstractSignalHead.java]" classname="jmri.util.FileLineEndingsTest" time="0.001"/>
  <testcase name="lineEndings[./java/src/jmri/implementation/Bundle.java]" classname="jmri.util.FileLineEndingsTest" time="0"/>
  <testcase name="lineEndings[./java/src/jmri/implementation/SE8cSignalHead.java]" classname="jmri.util.FileLineEndingsTest" time="0"/>
  <testcase name="lineEndings[./java/src/jmri/implementation/AbstractIdTag.java]" classname="jmri.util.FileLineEndingsTest" time="0.001"/>
  <testcase name="lineEndings[./java/src/jmri/implementation/configurexml/TripleTurnoutSignalHeadXml.java]" classname="jmri.util.FileLineEndingsTest" time="0.001"/>
  <testcase name="lineEndings[./java/src/jmri/implementation/configurexml/QuadOutputSignalHeadXml.java]" classname="jmri.util.FileLineEndingsTest" time="0.001"/>
  <testcase name="lineEndings[./java/src/jmri/implementation/configurexml/MergSD2SignalHeadXml.java]" classname="jmri.util.FileLineEndingsTest" time="0.001"/>
  <testcase name="lineEndings[./java/src/jmri/implementation/configurexml/MatrixSignalMastXml.java]" classname="jmri.util.FileLineEndingsTest" time="0.001"/>
  <testcase name="lineEndings[./java/src/jmri/implementation/configurexml/TripleOutputSignalHeadXml.java]" classname="jmri.util.FileLineEndingsTest" time="0.001"/>
  <testcase name="lineEndings[./java/src/jmri/implementation/configurexml/SingleTurnoutSignalHeadXml.java]" classname="jmri.util.FileLineEndingsTest" time="0"/>
  <testcase name="lineEndings[./java/src/jmri/implementation/configurexml/DccSignalHeadXml.java]" classname="jmri.util.FileLineEndingsTest" time="0.001"/>
  <testcase name="lineEndings[./java/src/jmri/implementation/configurexml/VirtualSignalMastXml.java]" classname="jmri.util.FileLineEndingsTest" time="0.001"/>
  <testcase name="lineEndings[./java/src/jmri/implementation/configurexml/SignalHeadSignalMastXml.java]" classname="jmri.util.FileLineEndingsTest" time="0.001"/>
  <testcase name="lineEndings[./java/src/jmri/implementation/configurexml/LsDecSignalHeadXml.java]" classname="jmri.util.FileLineEndingsTest" time="0.001"/>
  <testcase name="lineEndings[./java/src/jmri/implementation/configurexml/TurnoutSignalMastXml.java]" classname="jmri.util.FileLineEndingsTest" time="0.001"/>
  <testcase name="lineEndings[./java/src/jmri/implementation/configurexml/DccSignalMastXml.java]" classname="jmri.util.FileLineEndingsTest" time="0"/>
  <testcase name="lineEndings[./java/src/jmri/implementation/configurexml/DoubleTurnoutSignalHeadXml.java]" classname="jmri.util.FileLineEndingsTest" time="0.001"/>
  <testcase name="lineEndings[./java/src/jmri/implementation/configurexml/SE8cSignalHeadXml.java]" classname="jmri.util.FileLineEndingsTest" time="0.001"/>
  <testcase name="lineEndings[./java/src/jmri/implementation/configurexml/VirtualSignalHeadXml.java]" classname="jmri.util.FileLineEndingsTest" time="0.001"/>
  <testcase name="lineEndings[./java/src/jmri/implementation/JmriClockPropertyListener.java]" classname="jmri.util.FileLineEndingsTest" time="0.001"/>
  <testcase name="lineEndings[./java/src/jmri/implementation/AbstractConsistManager.java]" classname="jmri.util.FileLineEndingsTest" time="0.001"/>
  <testcase name="lineEndings[./java/src/jmri/implementation/swing/SwingShutDownTask.java]" classname="jmri.util.FileLineEndingsTest" time="0.001"/>
  <testcase name="lineEndings[./java/src/jmri/implementation/swing/Bundle.java]" classname="jmri.util.FileLineEndingsTest" time="0"/>
  <testcase name="lineEndings[./java/src/jmri/implementation/FileLocationsPreferences.java]" classname="jmri.util.FileLineEndingsTest" time="0.001"/>
  <testcase name="lineEndings[./java/src/jmri/implementation/DefaultSignalSystem.java]" classname="jmri.util.FileLineEndingsTest" time="0.001"/>
  <testcase name="lineEndings[./java/src/jmri/implementation/DefaultLogix.java]" classname="jmri.util.FileLineEndingsTest" time="0.001"/>
  <testcase name="lineEndings[./java/src/jmri/implementation/DccConsist.java]" classname="jmri.util.FileLineEndingsTest" time="0.001"/>
  <testcase name="lineEndings[./java/src/jmri/implementation/TwoIndexTcsProgrammerFacade.java]" classname="jmri.util.FileLineEndingsTest" time="0.001"/>
  <testcase name="lineEndings[./java/src/jmri/implementation/LightControl.java]" classname="jmri.util.FileLineEndingsTest" time="0.001"/>
  <testcase name="lineEndings[./java/src/jmri/implementation/MergSD2SignalHead.java]" classname="jmri.util.FileLineEndingsTest" time="0.001"/>
  <testcase name="lineEndings[./java/src/jmri/implementation/SingleTurnoutSignalHead.java]" classname="jmri.util.FileLineEndingsTest" time="0.001"/>
  <testcase name="lineEndings[./java/src/jmri/implementation/DefaultRailCom.java]" classname="jmri.util.FileLineEndingsTest" time="0.001"/>
  <testcase name="lineEndings[./java/src/jmri/implementation/SignalSpeedMap.java]" classname="jmri.util.FileLineEndingsTest" time="0.001"/>
  <testcase name="lineEndings[./java/src/jmri/implementation/AbstractSignalMast.java]" classname="jmri.util.FileLineEndingsTest" time="0"/>
  <testcase name="lineEndings[./java/src/jmri/implementation/DefaultClockControl.java]" classname="jmri.util.FileLineEndingsTest" time="0.001"/>
  <testcase name="lineEndings[./java/src/jmri/implementation/JmriTwoStatePropertyListener.java]" classname="jmri.util.FileLineEndingsTest" time="0.001"/>
  <testcase name="lineEndings[./java/src/jmri/implementation/TripleTurnoutSignalHead.java]" classname="jmri.util.FileLineEndingsTest" time="0.001"/>
  <testcase name="lineEndings[./java/src/jmri/implementation/NmraConsist.java]" classname="jmri.util.FileLineEndingsTest" time="0.002"/>
  <testcase name="lineEndings[./java/src/jmri/implementation/DefaultSignalMastLogic.java]" classname="jmri.util.FileLineEndingsTest" time="0.001"/>
  <testcase name="lineEndings[./java/src/jmri/implementation/AbstractSensor.java]" classname="jmri.util.FileLineEndingsTest" time="0.001"/>
  <testcase name="lineEndings[./java/src/jmri/implementation/DefaultIdTag.java]" classname="jmri.util.FileLineEndingsTest" time="0.001"/>
  <testcase name="lineEndings[./java/src/jmri/implementation/DefaultConditional.java]" classname="jmri.util.FileLineEndingsTest" time="0.001"/>
  <testcase name="lineEndings[./java/src/jmri/implementation/JmriConfigurationManager.java]" classname="jmri.util.FileLineEndingsTest" time="0.001"/>
  <testcase name="lineEndings[./java/src/jmri/implementation/DefaultMemory.java]" classname="jmri.util.FileLineEndingsTest" time="0.001"/>
  <testcase name="lineEndings[./java/src/jmri/implementation/AbstractVariableLight.java]" classname="jmri.util.FileLineEndingsTest" time="0"/>
  <testcase name="lineEndings[./java/src/jmri/implementation/ResettingOffsetHighCvProgrammerFacade.java]" classname="jmri.util.FileLineEndingsTest" time="0.001"/>
  <testcase name="lineEndings[./java/src/jmri/implementation/DefaultSignalHead.java]" classname="jmri.util.FileLineEndingsTest" time="0.001"/>
  <testcase name="lineEndings[./java/src/jmri/implementation/DefaultSignalGroup.java]" classname="jmri.util.FileLineEndingsTest" time="0.001"/>
  <testcase name="lineEndings[./java/src/jmri/implementation/DoubleTurnoutSignalHead.java]" classname="jmri.util.FileLineEndingsTest" time="0"/>
  <testcase name="lineEndings[./java/src/jmri/implementation/RawTurnoutOperator.java]" classname="jmri.util.FileLineEndingsTest" time="0.001"/>
  <testcase name="lineEndings[./java/src/jmri/implementation/AbstractRailComReporter.java]" classname="jmri.util.FileLineEndingsTest" time="0.001"/>
  <testcase name="lineEndings[./java/src/jmri/implementation/AbstractMemory.java]" classname="jmri.util.FileLineEndingsTest" time="0.001"/>
  <testcase name="lineEndings[./java/src/jmri/implementation/AbstractShutDownTask.java]" classname="jmri.util.FileLineEndingsTest" time="0.001"/>
  <testcase name="lineEndings[./java/src/jmri/implementation/AbstractInstanceInitializer.java]" classname="jmri.util.FileLineEndingsTest" time="0.001"/>
  <testcase name="lineEndings[./java/src/jmri/implementation/SensorTurnoutOperator.java]" classname="jmri.util.FileLineEndingsTest" time="0.001"/>
  <testcase name="lineEndings[./java/src/jmri/implementation/MultiIndexProgrammerFacade.java]" classname="jmri.util.FileLineEndingsTest" time="0.001"/>
  <testcase name="lineEndings[./java/src/jmri/implementation/DccConsistManager.java]" classname="jmri.util.FileLineEndingsTest" time="0.001"/>
  <testcase name="lineEndings[./java/src/jmri/implementation/DccSignalMast.java]" classname="jmri.util.FileLineEndingsTest" time="0.001"/>
  <testcase name="lineEndings[./java/src/jmri/implementation/NoFeedbackTurnoutOperator.java]" classname="jmri.util.FileLineEndingsTest" time="0.001"/>
  <testcase name="lineEndings[./java/src/jmri/implementation/AccessoryOpsModeProgrammerFacade.java]" classname="jmri.util.FileLineEndingsTest" time="0"/>
  <testcase name="lineEndings[./java/src/jmri/implementation/QuietShutDownTask.java]" classname="jmri.util.FileLineEndingsTest" time="0"/>
  <testcase name="lineEndings[./java/src/jmri/implementation/OffsetHighCvProgrammerFacade.java]" classname="jmri.util.FileLineEndingsTest" time="0.001"/>
  <testcase name="lineEndings[./java/src/jmri/implementation/SignalHeadSignalMast.java]" classname="jmri.util.FileLineEndingsTest" time="0.001"/>
  <testcase name="lineEndings[./java/src/jmri/implementation/NmraConsistManager.java]" classname="jmri.util.FileLineEndingsTest" time="0.001"/>
  <testcase name="lineEndings[./java/src/jmri/implementation/LsDecSignalHead.java]" classname="jmri.util.FileLineEndingsTest" time="0.001"/>
  <testcase name="lineEndings[./java/src/jmri/implementation/TurnoutSignalMast.java]" classname="jmri.util.FileLineEndingsTest" time="0.001"/>
  <testcase name="lineEndings[./java/src/jmri/implementation/ProgrammerFacadeSelector.java]" classname="jmri.util.FileLineEndingsTest" time="0.001"/>
  <testcase name="lineEndings[./java/src/jmri/implementation/DccSignalHead.java]" classname="jmri.util.FileLineEndingsTest" time="0.001"/>
  <testcase name="lineEndings[./java/src/jmri/implementation/AbstractTurnout.java]" classname="jmri.util.FileLineEndingsTest" time="0.001"/>
  <testcase name="lineEndings[./java/src/jmri/implementation/DefaultSignalAppearanceMap.java]" classname="jmri.util.FileLineEndingsTest" time="0.001"/>
  <testcase name="lineEndings[./java/src/jmri/implementation/DefaultConditionalAction.java]" classname="jmri.util.FileLineEndingsTest" time="0.001"/>
  <testcase name="lineEndings[./java/src/jmri/implementation/JmriSimplePropertyListener.java]" classname="jmri.util.FileLineEndingsTest" time="0"/>
  <testcase name="lineEndings[./java/src/jmri/implementation/AbstractReporter.java]" classname="jmri.util.FileLineEndingsTest" time="0.001"/>
  <testcase name="lineEndings[./java/src/jmri/implementation/MatrixSignalMast.java]" classname="jmri.util.FileLineEndingsTest" time="0.001"/>
  <testcase name="lineEndings[./java/src/jmri/implementation/AbstractNamedBean.java]" classname="jmri.util.FileLineEndingsTest" time="0.001"/>
  <testcase name="lineEndings[./java/src/jmri/implementation/AbstractMultiMeter.java]" classname="jmri.util.FileLineEndingsTest" time="0.001"/>
  <testcase name="lineEndings[./java/src/jmri/implementation/AbstractAudio.java]" classname="jmri.util.FileLineEndingsTest" time="0.001"/>
  <testcase name="lineEndings[./java/src/jmri/implementation/AddressedHighCvProgrammerFacade.java]" classname="jmri.util.FileLineEndingsTest" time="0.001"/>
  <testcase name="lineEndings[./java/src/jmri/implementation/DefaultRoute.java]" classname="jmri.util.FileLineEndingsTest" time="0.001"/>
  <testcase name="lineEndings[./java/src/jmri/implementation/JmriMemoryPropertyListener.java]" classname="jmri.util.FileLineEndingsTest" time="0.001"/>
  <testcase name="lineEndings[./java/src/jmri/implementation/VirtualSignalHead.java]" classname="jmri.util.FileLineEndingsTest" time="0"/>
  <testcase name="lineEndings[./java/src/jmri/implementation/VirtualSignalMast.java]" classname="jmri.util.FileLineEndingsTest" time="0.001"/>
  <testcase name="lineEndings[./java/src/jmri/implementation/TripleOutputSignalHead.java]" classname="jmri.util.FileLineEndingsTest" time="0.001"/>
  <testcase name="lineEndings[./java/src/jmri/implementation/AbstractLight.java]" classname="jmri.util.FileLineEndingsTest" time="0.001"/>
  <testcase name="lineEndings[./java/src/jmri/implementation/QuadOutputSignalHead.java]" classname="jmri.util.FileLineEndingsTest" time="0.001"/>
  <testcase name="lineEndings[./java/src/jmri/implementation/JmriMultiStatePropertyListener.java]" classname="jmri.util.FileLineEndingsTest" time="0.001"/>
  <testcase name="lineEndings[./java/src/jmri/implementation/VerifyWriteProgrammerFacade.java]" classname="jmri.util.FileLineEndingsTest" time="0.001"/>
  <testcase name="lineEndings[./java/src/jmri/implementation/SignalMastRepeater.java]" classname="jmri.util.FileLineEndingsTest" time="0.001"/>
  <testcase name="lineEndings[./java/src/jmri/implementation/OpsModeDelayedProgrammerFacade.java]" classname="jmri.util.FileLineEndingsTest" time="0.001"/>
  <testcase name="lineEndings[./java/src/jmri/ConditionalVariable.java]" classname="jmri.util.FileLineEndingsTest" time="0.001"/>
  <testcase name="lineEndings[./java/src/jmri/IdTag.java]" classname="jmri.util.FileLineEndingsTest" time="0.001"/>
  <testcase name="lineEndings[./java/src/jmri/server/json/memory/JsonMemory.java]" classname="jmri.util.FileLineEndingsTest" time="0"/>
  <testcase name="lineEndings[./java/src/jmri/server/json/memory/JsonMemorySocketService.java]" classname="jmri.util.FileLineEndingsTest" time="0.001"/>
  <testcase name="lineEndings[./java/src/jmri/server/json/memory/JsonMemoryHttpService.java]" classname="jmri.util.FileLineEndingsTest" time="0.001"/>
  <testcase name="lineEndings[./java/src/jmri/server/json/memory/JsonMemoryServiceFactory.java]" classname="jmri.util.FileLineEndingsTest" time="0.001"/>
  <testcase name="lineEndings[./java/src/jmri/server/json/memory/Bundle.java]" classname="jmri.util.FileLineEndingsTest" time="0.001"/>
  <testcase name="lineEndings[./java/src/jmri/server/json/block/JsonBlockHttpService.java]" classname="jmri.util.FileLineEndingsTest" time="0.001"/>
  <testcase name="lineEndings[./java/src/jmri/server/json/block/Bundle.java]" classname="jmri.util.FileLineEndingsTest" time="0.001"/>
  <testcase name="lineEndings[./java/src/jmri/server/json/block/JsonBlockServiceFactory.java]" classname="jmri.util.FileLineEndingsTest" time="0"/>
  <testcase name="lineEndings[./java/src/jmri/server/json/block/JsonBlockSocketService.java]" classname="jmri.util.FileLineEndingsTest" time="0.001"/>
  <testcase name="lineEndings[./java/src/jmri/server/json/block/JsonBlock.java]" classname="jmri.util.FileLineEndingsTest" time="0.001"/>
  <testcase name="lineEndings[./java/src/jmri/server/json/util/JsonUtilSocketService.java]" classname="jmri.util.FileLineEndingsTest" time="0.001"/>
  <testcase name="lineEndings[./java/src/jmri/server/json/util/Bundle.java]" classname="jmri.util.FileLineEndingsTest" time="0.001"/>
  <testcase name="lineEndings[./java/src/jmri/server/json/util/JsonUtilHttpService.java]" classname="jmri.util.FileLineEndingsTest" time="0.001"/>
  <testcase name="lineEndings[./java/src/jmri/server/json/util/JsonUtilServiceFactory.java]" classname="jmri.util.FileLineEndingsTest" time="0.001"/>
  <testcase name="lineEndings[./java/src/jmri/server/json/operations/JsonOperationsSocketService.java]" classname="jmri.util.FileLineEndingsTest" time="0"/>
  <testcase name="lineEndings[./java/src/jmri/server/json/operations/JsonUtil.java]" classname="jmri.util.FileLineEndingsTest" time="0"/>
  <testcase name="lineEndings[./java/src/jmri/server/json/operations/JsonOperationsHttpService.java]" classname="jmri.util.FileLineEndingsTest" time="0.001"/>
  <testcase name="lineEndings[./java/src/jmri/server/json/operations/JsonOperations.java]" classname="jmri.util.FileLineEndingsTest" time="0.001"/>
  <testcase name="lineEndings[./java/src/jmri/server/json/operations/JsonOperationsServiceFactory.java]" classname="jmri.util.FileLineEndingsTest" time="0.001"/>
  <testcase name="lineEndings[./java/src/jmri/server/json/operations/Bundle.java]" classname="jmri.util.FileLineEndingsTest" time="0.001"/>
  <testcase name="lineEndings[./java/src/jmri/server/json/route/Bundle.java]" classname="jmri.util.FileLineEndingsTest" time="0.001"/>
  <testcase name="lineEndings[./java/src/jmri/server/json/route/JsonRouteHttpService.java]" classname="jmri.util.FileLineEndingsTest" time="0.001"/>
  <testcase name="lineEndings[./java/src/jmri/server/json/route/JsonRouteSocketService.java]" classname="jmri.util.FileLineEndingsTest" time="0.001"/>
  <testcase name="lineEndings[./java/src/jmri/server/json/route/JsonRouteServiceFactory.java]" classname="jmri.util.FileLineEndingsTest" time="0"/>
  <testcase name="lineEndings[./java/src/jmri/server/json/reporter/JsonReporterServiceFactory.java]" classname="jmri.util.FileLineEndingsTest" time="0.001"/>
  <testcase name="lineEndings[./java/src/jmri/server/json/reporter/Bundle.java]" classname="jmri.util.FileLineEndingsTest" time="0.001"/>
  <testcase name="lineEndings[./java/src/jmri/server/json/reporter/JsonReporterSocketService.java]" classname="jmri.util.FileLineEndingsTest" time="0.001"/>
  <testcase name="lineEndings[./java/src/jmri/server/json/reporter/JsonReporter.java]" classname="jmri.util.FileLineEndingsTest" time="0.001"/>
  <testcase name="lineEndings[./java/src/jmri/server/json/reporter/JsonReporterHttpService.java]" classname="jmri.util.FileLineEndingsTest" time="0.001"/>
  <testcase name="lineEndings[./java/src/jmri/server/json/sensor/JsonSensorServiceFactory.java]" classname="jmri.util.FileLineEndingsTest" time="0.001"/>
  <testcase name="lineEndings[./java/src/jmri/server/json/sensor/JsonSensorHttpService.java]" classname="jmri.util.FileLineEndingsTest" time="0"/>
  <testcase name="lineEndings[./java/src/jmri/server/json/sensor/Bundle.java]" classname="jmri.util.FileLineEndingsTest" time="0.001"/>
  <testcase name="lineEndings[./java/src/jmri/server/json/sensor/JsonSensor.java]" classname="jmri.util.FileLineEndingsTest" time="0.001"/>
  <testcase name="lineEndings[./java/src/jmri/server/json/sensor/JsonSensorSocketService.java]" classname="jmri.util.FileLineEndingsTest" time="0.001"/>
  <testcase name="lineEndings[./java/src/jmri/server/json/power/package-info.java]" classname="jmri.util.FileLineEndingsTest" time="0.001"/>
  <testcase name="lineEndings[./java/src/jmri/server/json/power/JsonPowerHttpService.java]" classname="jmri.util.FileLineEndingsTest" time="0.001"/>
  <testcase name="lineEndings[./java/src/jmri/server/json/power/JsonPowerSocketService.java]" classname="jmri.util.FileLineEndingsTest" time="0.001"/>
  <testcase name="lineEndings[./java/src/jmri/server/json/power/Bundle.java]" classname="jmri.util.FileLineEndingsTest" time="0"/>
  <testcase name="lineEndings[./java/src/jmri/server/json/power/JsonPowerServiceFactory.java]" classname="jmri.util.FileLineEndingsTest" time="0.001"/>
  <testcase name="lineEndings[./java/src/jmri/server/json/consist/Bundle.java]" classname="jmri.util.FileLineEndingsTest" time="0.001"/>
  <testcase name="lineEndings[./java/src/jmri/server/json/consist/JsonConsistServiceFactory.java]" classname="jmri.util.FileLineEndingsTest" time="0.001"/>
  <testcase name="lineEndings[./java/src/jmri/server/json/consist/JsonConsistManager.java]" classname="jmri.util.FileLineEndingsTest" time="0.001"/>
  <testcase name="lineEndings[./java/src/jmri/server/json/consist/JsonConsistHttpService.java]" classname="jmri.util.FileLineEndingsTest" time="0.001"/>
  <testcase name="lineEndings[./java/src/jmri/server/json/consist/JsonConsistSocketService.java]" classname="jmri.util.FileLineEndingsTest" time="0.001"/>
  <testcase name="lineEndings[./java/src/jmri/server/json/consist/JsonConsist.java]" classname="jmri.util.FileLineEndingsTest" time="0.001"/>
  <testcase name="lineEndings[./java/src/jmri/server/json/turnout/Bundle.java]" classname="jmri.util.FileLineEndingsTest" time="0.001"/>
  <testcase name="lineEndings[./java/src/jmri/server/json/turnout/JsonTurnoutServiceFactory.java]" classname="jmri.util.FileLineEndingsTest" time="0.001"/>
  <testcase name="lineEndings[./java/src/jmri/server/json/turnout/JsonTurnoutSocketService.java]" classname="jmri.util.FileLineEndingsTest" time="0.001"/>
  <testcase name="lineEndings[./java/src/jmri/server/json/turnout/JsonTurnoutHttpService.java]" classname="jmri.util.FileLineEndingsTest" time="0"/>
  <testcase name="lineEndings[./java/src/jmri/server/json/time/JsonTimeServiceFactory.java]" classname="jmri.util.FileLineEndingsTest" time="0.001"/>
  <testcase name="lineEndings[./java/src/jmri/server/json/time/Bundle.java]" classname="jmri.util.FileLineEndingsTest" time="0.001"/>
  <testcase name="lineEndings[./java/src/jmri/server/json/time/JsonTimeSocketService.java]" classname="jmri.util.FileLineEndingsTest" time="0.001"/>
  <testcase name="lineEndings[./java/src/jmri/server/json/time/JsonTimeHttpService.java]" classname="jmri.util.FileLineEndingsTest" time="0.001"/>
  <testcase name="lineEndings[./java/src/jmri/server/json/schema/Bundle.java]" classname="jmri.util.FileLineEndingsTest" time="0.001"/>
  <testcase name="lineEndings[./java/src/jmri/server/json/schema/JsonSchemaServiceCache.java]" classname="jmri.util.FileLineEndingsTest" time="0.001"/>
  <testcase name="lineEndings[./java/src/jmri/server/json/schema/JsonSchemaServiceFactory.java]" classname="jmri.util.FileLineEndingsTest" time="0"/>
  <testcase name="lineEndings[./java/src/jmri/server/json/schema/JsonSchemaSocketService.java]" classname="jmri.util.FileLineEndingsTest" time="0.001"/>
  <testcase name="lineEndings[./java/src/jmri/server/json/schema/JsonSchemaHttpService.java]" classname="jmri.util.FileLineEndingsTest" time="0.001"/>
  <testcase name="lineEndings[./java/src/jmri/server/json/signalHead/JsonSignalHeadSocketService.java]" classname="jmri.util.FileLineEndingsTest" time="0.001"/>
  <testcase name="lineEndings[./java/src/jmri/server/json/signalHead/JsonSignalHead.java]" classname="jmri.util.FileLineEndingsTest" time="0.001"/>
  <testcase name="lineEndings[./java/src/jmri/server/json/signalHead/JsonSignalHeadHttpService.java]" classname="jmri.util.FileLineEndingsTest" time="0.001"/>
  <testcase name="lineEndings[./java/src/jmri/server/json/signalHead/Bundle.java]" classname="jmri.util.FileLineEndingsTest" time="0.001"/>
  <testcase name="lineEndings[./java/src/jmri/server/json/signalHead/JsonSignalHeadServiceFactory.java]" classname="jmri.util.FileLineEndingsTest" time="0"/>
  <testcase name="lineEndings[./java/src/jmri/server/json/roster/JsonRosterServiceFactory.java]" classname="jmri.util.FileLineEndingsTest" time="0.001"/>
  <testcase name="lineEndings[./java/src/jmri/server/json/roster/JsonRosterHttpService.java]" classname="jmri.util.FileLineEndingsTest" time="0.001"/>
  <testcase name="lineEndings[./java/src/jmri/server/json/roster/JsonRoster.java]" classname="jmri.util.FileLineEndingsTest" time="0.001"/>
  <testcase name="lineEndings[./java/src/jmri/server/json/roster/Bundle.java]" classname="jmri.util.FileLineEndingsTest" time="0.001"/>
  <testcase name="lineEndings[./java/src/jmri/server/json/roster/JsonRosterSocketService.java]" classname="jmri.util.FileLineEndingsTest" time="0.001"/>
  <testcase name="lineEndings[./java/src/jmri/server/json/JsonNamedBeanHttpService.java]" classname="jmri.util.FileLineEndingsTest" time="0.001"/>
  <testcase name="lineEndings[./java/src/jmri/server/json/message/JsonMessageClientManager.java]" classname="jmri.util.FileLineEndingsTest" time="0"/>
  <testcase name="lineEndings[./java/src/jmri/server/json/message/JsonMessageServiceFactory.java]" classname="jmri.util.FileLineEndingsTest" time="0.001"/>
  <testcase name="lineEndings[./java/src/jmri/server/json/message/package-info.java]" classname="jmri.util.FileLineEndingsTest" time="0.001"/>
  <testcase name="lineEndings[./java/src/jmri/server/json/message/Bundle.java]" classname="jmri.util.FileLineEndingsTest" time="0.001"/>
  <testcase name="lineEndings[./java/src/jmri/server/json/message/JsonMessageHttpService.java]" classname="jmri.util.FileLineEndingsTest" time="0.001"/>
  <testcase name="lineEndings[./java/src/jmri/server/json/message/JsonMessage.java]" classname="jmri.util.FileLineEndingsTest" time="0.001"/>
  <testcase name="lineEndings[./java/src/jmri/server/json/message/JsonMessageSocketService.java]" classname="jmri.util.FileLineEndingsTest" time="0.001"/>
  <testcase name="lineEndings[./java/src/jmri/server/json/throttle/Bundle.java]" classname="jmri.util.FileLineEndingsTest" time="0"/>
  <testcase name="lineEndings[./java/src/jmri/server/json/throttle/JsonThrottle.java]" classname="jmri.util.FileLineEndingsTest" time="0.001"/>
  <testcase name="lineEndings[./java/src/jmri/server/json/throttle/JsonThrottleManager.java]" classname="jmri.util.FileLineEndingsTest" time="0.001"/>
  <testcase name="lineEndings[./java/src/jmri/server/json/throttle/JsonThrottleSocketService.java]" classname="jmri.util.FileLineEndingsTest" time="0.001"/>
  <testcase name="lineEndings[./java/src/jmri/server/json/throttle/JsonThrottleServiceFactory.java]" classname="jmri.util.FileLineEndingsTest" time="0.001"/>
  <testcase name="lineEndings[./java/src/jmri/server/json/throttle/JsonThrottleHttpService.java]" classname="jmri.util.FileLineEndingsTest" time="0.001"/>
  <testcase name="lineEndings[./java/src/jmri/server/json/light/JsonLightServiceFactory.java]" classname="jmri.util.FileLineEndingsTest" time="0.001"/>
  <testcase name="lineEndings[./java/src/jmri/server/json/light/JsonLight.java]" classname="jmri.util.FileLineEndingsTest" time="0"/>
  <testcase name="lineEndings[./java/src/jmri/server/json/light/JsonLightSocketService.java]" classname="jmri.util.FileLineEndingsTest" time="0.001"/>
  <testcase name="lineEndings[./java/src/jmri/server/json/light/Bundle.java]" classname="jmri.util.FileLineEndingsTest" time="0.001"/>
  <testcase name="lineEndings[./java/src/jmri/server/json/light/JsonLightHttpService.java]" classname="jmri.util.FileLineEndingsTest" time="0.001"/>
  <testcase name="lineEndings[./java/src/jmri/server/json/JSON.java]" classname="jmri.util.FileLineEndingsTest" time="0.001"/>
  <testcase name="lineEndings[./java/src/jmri/server/json/JsonException.java]" classname="jmri.util.FileLineEndingsTest" time="0.001"/>
  <testcase name="lineEndings[./java/src/jmri/server/json/signalMast/JsonSignalMastServiceFactory.java]" classname="jmri.util.FileLineEndingsTest" time="0.001"/>
  <testcase name="lineEndings[./java/src/jmri/server/json/signalMast/JsonSignalMast.java]" classname="jmri.util.FileLineEndingsTest" time="0.001"/>
  <testcase name="lineEndings[./java/src/jmri/server/json/signalMast/JsonSignalMastSocketService.java]" classname="jmri.util.FileLineEndingsTest" time="0.001"/>
  <testcase name="lineEndings[./java/src/jmri/server/json/signalMast/Bundle.java]" classname="jmri.util.FileLineEndingsTest" time="0.001"/>
  <testcase name="lineEndings[./java/src/jmri/server/json/signalMast/JsonSignalMastHttpService.java]" classname="jmri.util.FileLineEndingsTest" time="0.001"/>
  <testcase name="lineEndings[./java/src/jmri/server/json/Bundle.java]" classname="jmri.util.FileLineEndingsTest" time="0"/>
  <testcase name="lineEndings[./java/src/jmri/server/json/layoutblock/JsonLayoutBlock.java]" classname="jmri.util.FileLineEndingsTest" time="0.001"/>
  <testcase name="lineEndings[./java/src/jmri/server/json/layoutblock/JsonLayoutBlockHttpService.java]" classname="jmri.util.FileLineEndingsTest" time="0.001"/>
  <testcase name="lineEndings[./java/src/jmri/server/json/layoutblock/JsonLayoutBlockSocketService.java]" classname="jmri.util.FileLineEndingsTest" time="0.001"/>
  <testcase name="lineEndings[./java/src/jmri/server/json/layoutblock/JsonLayoutBlockServiceFactory.java]" classname="jmri.util.FileLineEndingsTest" time="0.001"/>
  <testcase name="lineEndings[./java/src/jmri/server/json/layoutblock/Bundle.java]" classname="jmri.util.FileLineEndingsTest" time="0.001"/>
  <testcase name="lineEndings[./java/src/jmri/server/json/JsonHttpService.java]" classname="jmri.util.FileLineEndingsTest" time="0.001"/>
  <testcase name="lineEndings[./java/src/jmri/server/json/package-info.java]" classname="jmri.util.FileLineEndingsTest" time="0"/>
  <testcase name="lineEndings[./java/src/jmri/server/json/JsonSocketService.java]" classname="jmri.util.FileLineEndingsTest" time="0.001"/>
  <testcase name="lineEndings[./java/src/jmri/server/json/JsonClientHandler.java]" classname="jmri.util.FileLineEndingsTest" time="0.001"/>
  <testcase name="lineEndings[./java/src/jmri/server/json/JsonWebSocket.java]" classname="jmri.util.FileLineEndingsTest" time="0.001"/>
  <testcase name="lineEndings[./java/src/jmri/server/json/JsonConnection.java]" classname="jmri.util.FileLineEndingsTest" time="0.001"/>
  <testcase name="lineEndings[./java/src/jmri/server/web/app/Bundle.java]" classname="jmri.util.FileLineEndingsTest" time="0.001"/>
  <testcase name="lineEndings[./java/src/jmri/server/web/app/JsonManifest.java]" classname="jmri.util.FileLineEndingsTest" time="0.001"/>
  <testcase name="lineEndings[./java/src/jmri/server/web/app/WebAppConfiguration.java]" classname="jmri.util.FileLineEndingsTest" time="0.001"/>
  <testcase name="lineEndings[./java/src/jmri/server/web/app/WebAppManager.java]" classname="jmri.util.FileLineEndingsTest" time="0"/>
  <testcase name="lineEndings[./java/src/jmri/server/web/app/WebAppServlet.java]" classname="jmri.util.FileLineEndingsTest" time="0"/>
  <testcase name="lineEndings[./java/src/jmri/server/web/app/JsonMenuItem.java]" classname="jmri.util.FileLineEndingsTest" time="0.001"/>
  <testcase name="lineEndings[./java/src/jmri/server/web/AbstractWebServerConfiguration.java]" classname="jmri.util.FileLineEndingsTest" time="0.001"/>
  <testcase name="lineEndings[./java/src/jmri/server/web/spi/WebMenuItem.java]" classname="jmri.util.FileLineEndingsTest" time="0.001"/>
  <testcase name="lineEndings[./java/src/jmri/server/web/spi/WebManifest.java]" classname="jmri.util.FileLineEndingsTest" time="0.001"/>
  <testcase name="lineEndings[./java/src/jmri/server/web/spi/WebServerConfiguration.java]" classname="jmri.util.FileLineEndingsTest" time="0.001"/>
  <testcase name="lineEndings[./java/src/jmri/server/web/spi/AngularRoute.java]" classname="jmri.util.FileLineEndingsTest" time="0.001"/>
  <testcase name="lineEndings[./java/src/jmri/server/web/Bundle.java]" classname="jmri.util.FileLineEndingsTest" time="0"/>
  <testcase name="lineEndings[./java/src/jmri/server/web/DefaultWebServerConfiguration.java]" classname="jmri.util.FileLineEndingsTest" time="0.001"/>
  <testcase name="lineEndings[./java/src/jmri/server/Bundle.java]" classname="jmri.util.FileLineEndingsTest" time="0.004"/>
  <testcase name="lineEndings[./java/src/jmri/swing/ListCellEditor.java]" classname="jmri.util.FileLineEndingsTest" time="0.001"/>
  <testcase name="lineEndings[./java/src/jmri/swing/PreferencesPanel.java]" classname="jmri.util.FileLineEndingsTest" time="0.001"/>
  <testcase name="lineEndings[./java/src/jmri/swing/JTablePersistenceManager.java]" classname="jmri.util.FileLineEndingsTest" time="0.003"/>
  <testcase name="lineEndings[./java/src/jmri/swing/AboutDialog.java]" classname="jmri.util.FileLineEndingsTest" time="0.001"/>
  <testcase name="lineEndings[./java/src/jmri/swing/DefaultListCellEditor.java]" classname="jmri.util.FileLineEndingsTest" time="0.001"/>
  <testcase name="lineEndings[./java/src/jmri/swing/JmriJTablePersistenceManager.java]" classname="jmri.util.FileLineEndingsTest" time="0.001"/>
  <testcase name="lineEndings[./java/src/jmri/swing/EditableList.java]" classname="jmri.util.FileLineEndingsTest" time="0.001"/>
  <testcase name="lineEndings[./java/src/jmri/swing/JTitledSeparator.java]" classname="jmri.util.FileLineEndingsTest" time="0.001"/>
  <testcase name="lineEndings[./java/src/jmri/swing/ConnectionLabel.java]" classname="jmri.util.FileLineEndingsTest" time="0"/>
  <testcase name="lineEndings[./java/src/jmri/swing/Bundle.java]" classname="jmri.util.FileLineEndingsTest" time="0.001"/>
  <testcase name="lineEndings[./java/src/jmri/swing/ManagingPreferencesPanel.java]" classname="jmri.util.FileLineEndingsTest" time="0.001"/>
  <testcase name="lineEndings[./java/src/jmri/swing/PowerManagerMenu.java]" classname="jmri.util.FileLineEndingsTest" time="0.001"/>
  <testcase name="lineEndings[./java/src/jmri/swing/EditableListModel.java]" classname="jmri.util.FileLineEndingsTest" time="0.001"/>
  <testcase name="lineEndings[./java/src/jmri/swing/RowSorterUtil.java]" classname="jmri.util.FileLineEndingsTest" time="0.001"/>
  <testcase name="lineEndings[./java/src/jmri/swing/DefaultEditableListModel.java]" classname="jmri.util.FileLineEndingsTest" time="0"/>
  <testcase name="lineEndings[./java/src/jmri/swing/PreferencesSubPanel.java]" classname="jmri.util.FileLineEndingsTest" time="0.001"/>
  <testcase name="lineEndings[./java/src/jmri/managers/DefaultShutDownManager.java]" classname="jmri.util.FileLineEndingsTest" time="0.001"/>
  <testcase name="lineEndings[./java/src/jmri/managers/DefaultSignalSystemManager.java]" classname="jmri.util.FileLineEndingsTest" time="0.001"/>
  <testcase name="lineEndings[./java/src/jmri/managers/ManagerDefaultSelector.java]" classname="jmri.util.FileLineEndingsTest" time="0.001"/>
  <testcase name="lineEndings[./java/src/jmri/managers/DefaultProgrammerManager.java]" classname="jmri.util.FileLineEndingsTest" time="0.001"/>
  <testcase name="lineEndings[./java/src/jmri/managers/DefaultRailComManager.java]" classname="jmri.util.FileLineEndingsTest" time="0.001"/>
  <testcase name="lineEndings[./java/src/jmri/managers/configurexml/AbstractReporterManagerConfigXML.java]" classname="jmri.util.FileLineEndingsTest" time="0.001"/>
  <testcase name="lineEndings[./java/src/jmri/managers/configurexml/InternalReporterManagerXml.java]" classname="jmri.util.FileLineEndingsTest" time="0"/>
  <testcase name="lineEndings[./java/src/jmri/managers/configurexml/InternalLightManagerXml.java]" classname="jmri.util.FileLineEndingsTest" time="0.001"/>
  <testcase name="lineEndings[./java/src/jmri/managers/configurexml/ManagerDefaultSelectorXml.java]" classname="jmri.util.FileLineEndingsTest" time="0.001"/>
  <testcase name="lineEndings[./java/src/jmri/managers/configurexml/DefaultConditionalManagerXml.java]" classname="jmri.util.FileLineEndingsTest" time="0.001"/>
  <testcase name="lineEndings[./java/src/jmri/managers/configurexml/DefaultLogixManagerXml.java]" classname="jmri.util.FileLineEndingsTest" time="0.001"/>
  <testcase name="lineEndings[./java/src/jmri/managers/configurexml/AbstractSignalHeadManagerXml.java]" classname="jmri.util.FileLineEndingsTest" time="0.001"/>
  <testcase name="lineEndings[./java/src/jmri/managers/configurexml/DefaultSignalMastManagerXml.java]" classname="jmri.util.FileLineEndingsTest" time="0.001"/>
  <testcase name="lineEndings[./java/src/jmri/managers/configurexml/AbstractLightManagerConfigXML.java]" classname="jmri.util.FileLineEndingsTest" time="0.001"/>
  <testcase name="lineEndings[./java/src/jmri/managers/configurexml/DefaultMemoryManagerXml.java]" classname="jmri.util.FileLineEndingsTest" time="0.001"/>
  <testcase name="lineEndings[./java/src/jmri/managers/configurexml/AbstractMemoryManagerConfigXML.java]" classname="jmri.util.FileLineEndingsTest" time="0"/>
  <testcase name="lineEndings[./java/src/jmri/managers/configurexml/DefaultSignalMastLogicManagerXml.java]" classname="jmri.util.FileLineEndingsTest" time="0.001"/>
  <testcase name="lineEndings[./java/src/jmri/managers/configurexml/AbstractAudioManagerConfigXML.java]" classname="jmri.util.FileLineEndingsTest" time="0.001"/>
  <testcase name="lineEndings[./java/src/jmri/managers/configurexml/InternalSensorManagerXml.java]" classname="jmri.util.FileLineEndingsTest" time="0.001"/>
  <testcase name="lineEndings[./java/src/jmri/managers/configurexml/ProxyTurnoutManagerXml.java]" classname="jmri.util.FileLineEndingsTest" time="0.001"/>
  <testcase name="lineEndings[./java/src/jmri/managers/configurexml/DefaultSignalGroupManagerXml.java]" classname="jmri.util.FileLineEndingsTest" time="0.001"/>
  <testcase name="lineEndings[./java/src/jmri/managers/configurexml/DefaultUserMessagePreferencesXml.java]" classname="jmri.util.FileLineEndingsTest" time="0.001"/>
  <testcase name="lineEndings[./java/src/jmri/managers/configurexml/DefaultRouteManagerXml.java]" classname="jmri.util.FileLineEndingsTest" time="0.001"/>
  <testcase name="lineEndings[./java/src/jmri/managers/configurexml/AbstractSensorManagerConfigXML.java]" classname="jmri.util.FileLineEndingsTest" time="0.001"/>
  <testcase name="lineEndings[./java/src/jmri/managers/configurexml/InternalTurnoutManagerXml.java]" classname="jmri.util.FileLineEndingsTest" time="0"/>
  <testcase name="lineEndings[./java/src/jmri/managers/configurexml/AbstractNamedBeanManagerConfigXML.java]" classname="jmri.util.FileLineEndingsTest" time="0.001"/>
  <testcase name="lineEndings[./java/src/jmri/managers/configurexml/AbstractTurnoutManagerConfigXML.java]" classname="jmri.util.FileLineEndingsTest" time="0.001"/>
  <testcase name="lineEndings[./java/src/jmri/managers/DefaultIdTagManager.java]" classname="jmri.util.FileLineEndingsTest" time="0.001"/>
  <testcase name="lineEndings[./java/src/jmri/managers/DefaultRouteManager.java]" classname="jmri.util.FileLineEndingsTest" time="0.001"/>
  <testcase name="lineEndings[./java/src/jmri/managers/InternalLightManager.java]" classname="jmri.util.FileLineEndingsTest" time="0.001"/>
  <testcase name="lineEndings[./java/src/jmri/managers/DefaultSignalGroupManager.java]" classname="jmri.util.FileLineEndingsTest" time="0.001"/>
  <testcase name="lineEndings[./java/src/jmri/managers/ProxyLightManager.java]" classname="jmri.util.FileLineEndingsTest" time="0.001"/>
  <testcase name="lineEndings[./java/src/jmri/managers/InternalSensorManager.java]" classname="jmri.util.FileLineEndingsTest" time="0"/>
  <testcase name="lineEndings[./java/src/jmri/managers/DefaultMemoryManager.java]" classname="jmri.util.FileLineEndingsTest" time="0.001"/>
  <testcase name="lineEndings[./java/src/jmri/managers/AbstractProxyManager.java]" classname="jmri.util.FileLineEndingsTest" time="0.001"/>
  <testcase name="lineEndings[./java/src/jmri/managers/InternalReporterManager.java]" classname="jmri.util.FileLineEndingsTest" time="0.001"/>
  <testcase name="lineEndings[./java/src/jmri/managers/AbstractLightManager.java]" classname="jmri.util.FileLineEndingsTest" time="0.001"/>
  <testcase name="lineEndings[./java/src/jmri/managers/AbstractSignalHeadManager.java]" classname="jmri.util.FileLineEndingsTest" time="0.001"/>
  <testcase name="lineEndings[./java/src/jmri/managers/AbstractMemoryManager.java]" classname="jmri.util.FileLineEndingsTest" time="0.001"/>
  <testcase name="lineEndings[./java/src/jmri/managers/DefaultSignalMastManager.java]" classname="jmri.util.FileLineEndingsTest" time="0"/>
  <testcase name="lineEndings[./java/src/jmri/managers/Bundle.java]" classname="jmri.util.FileLineEndingsTest" time="0.001"/>
  <testcase name="lineEndings[./java/src/jmri/managers/AbstractReporterManager.java]" classname="jmri.util.FileLineEndingsTest" time="0.001"/>
  <testcase name="lineEndings[./java/src/jmri/managers/AbstractPowerManager.java]" classname="jmri.util.FileLineEndingsTest" time="0.001"/>
  <testcase name="lineEndings[./java/src/jmri/managers/AbstractAudioManager.java]" classname="jmri.util.FileLineEndingsTest" time="0.001"/>
  <testcase name="lineEndings[./java/src/jmri/managers/AbstractSensorManager.java]" classname="jmri.util.FileLineEndingsTest" time="0.001"/>
  <testcase name="lineEndings[./java/src/jmri/managers/DefaultPowerManager.java]" classname="jmri.util.FileLineEndingsTest" time="0.001"/>
  <testcase name="lineEndings[./java/src/jmri/managers/JmriUserPreferencesManager.java]" classname="jmri.util.FileLineEndingsTest" time="0.001"/>
  <testcase name="lineEndings[./java/src/jmri/managers/InternalTurnoutManager.java]" classname="jmri.util.FileLineEndingsTest" time="0"/>
  <testcase name="lineEndings[./java/src/jmri/managers/DefaultLogixManager.java]" classname="jmri.util.FileLineEndingsTest" time="0.001"/>
  <testcase name="lineEndings[./java/src/jmri/managers/AbstractManager.java]" classname="jmri.util.FileLineEndingsTest" time="0.001"/>
  <testcase name="lineEndings[./java/src/jmri/managers/DefaultConditionalManager.java]" classname="jmri.util.FileLineEndingsTest" time="0.001"/>
  <testcase name="lineEndings[./java/src/jmri/managers/AbstractTurnoutManager.java]" classname="jmri.util.FileLineEndingsTest" time="0.001"/>
  <testcase name="lineEndings[./java/src/jmri/managers/ProxyReporterManager.java]" classname="jmri.util.FileLineEndingsTest" time="0.001"/>
  <testcase name="lineEndings[./java/src/jmri/managers/DeferringProgrammerManager.java]" classname="jmri.util.FileLineEndingsTest" time="0.001"/>
  <testcase name="lineEndings[./java/src/jmri/managers/ProxySensorManager.java]" classname="jmri.util.FileLineEndingsTest" time="0.001"/>
  <testcase name="lineEndings[./java/src/jmri/managers/DefaultSignalMastLogicManager.java]" classname="jmri.util.FileLineEndingsTest" time="0.001"/>
  <testcase name="lineEndings[./java/src/jmri/managers/ProxyTurnoutManager.java]" classname="jmri.util.FileLineEndingsTest" time="0"/>
  <testcase name="lineEndings[./java/src/jmri/managers/DefaultInstanceInitializer.java]" classname="jmri.util.FileLineEndingsTest" time="0.001"/>
  <testcase name="lineEndings[./java/src/jmri/util/iharder/dnd/TransferableObject.java]" classname="jmri.util.FileLineEndingsTest" time="0.001"/>
  <testcase name="lineEndings[./java/src/jmri/util/iharder/dnd/FileDropEvent.java]" classname="jmri.util.FileLineEndingsTest" time="0.001"/>
  <testcase name="lineEndings[./java/src/jmri/util/iharder/dnd/DnDList.java]" classname="jmri.util.FileLineEndingsTest" time="0.001"/>
  <testcase name="lineEndings[./java/src/jmri/util/iharder/dnd/FileDropListener.java]" classname="jmri.util.FileLineEndingsTest" time="0.001"/>
  <testcase name="lineEndings[./java/src/jmri/util/iharder/dnd/FileDrop.java]" classname="jmri.util.FileLineEndingsTest" time="0.001"/>
  <testcase name="lineEndings[./java/src/jmri/util/datatransfer/RosterEntrySelection.java]" classname="jmri.util.FileLineEndingsTest" time="0.001"/>
  <testcase name="lineEndings[./java/src/jmri/util/swing/DrawSquares.java]" classname="jmri.util.FileLineEndingsTest" time="0"/>
  <testcase name="lineEndings[./java/src/jmri/util/swing/JToolBarUtil.java]" classname="jmri.util.FileLineEndingsTest" time="0.001"/>
  <testcase name="lineEndings[./java/src/jmri/util/swing/JMenuUtil.java]" classname="jmri.util.FileLineEndingsTest" time="0.001"/>
  <testcase name="lineEndings[./java/src/jmri/util/swing/ExceptionContext.java]" classname="jmri.util.FileLineEndingsTest" time="0.001"/>
  <testcase name="lineEndings[./java/src/jmri/util/swing/StatusBar.java]" classname="jmri.util.FileLineEndingsTest" time="0.001"/>
  <testcase name="lineEndings[./java/src/jmri/util/swing/JmriPanel.java]" classname="jmri.util.FileLineEndingsTest" time="0.001"/>
  <testcase name="lineEndings[./java/src/jmri/util/swing/BusyDialog.java]" classname="jmri.util.FileLineEndingsTest" time="0.001"/>
  <testcase name="lineEndings[./java/src/jmri/util/swing/JFrameInterface.java]" classname="jmri.util.FileLineEndingsTest" time="0"/>
  <testcase name="lineEndings[./java/src/jmri/util/swing/ImagePanel.java]" classname="jmri.util.FileLineEndingsTest" time="0.001"/>
  <testcase name="lineEndings[./java/src/jmri/util/swing/ExceptionDisplayFrame.java]" classname="jmri.util.FileLineEndingsTest" time="0.001"/>
  <testcase name="lineEndings[./java/src/jmri/util/swing/JTreeUtil.java]" classname="jmri.util.FileLineEndingsTest" time="0.001"/>
  <testcase name="lineEndings[./java/src/jmri/util/swing/JComboBoxUtil.java]" classname="jmri.util.FileLineEndingsTest" time="0.001"/>
  <testcase name="lineEndings[./java/src/jmri/util/swing/UnexpectedExceptionContext.java]" classname="jmri.util.FileLineEndingsTest" time="0.001"/>
  <testcase name="lineEndings[./java/src/jmri/util/swing/ValidatedTextField.java]" classname="jmri.util.FileLineEndingsTest" time="0.001"/>
  <testcase name="lineEndings[./java/src/jmri/util/swing/ButtonSwatchColorChooserPanel.java]" classname="jmri.util.FileLineEndingsTest" time="0"/>
  <testcase name="lineEndings[./java/src/jmri/util/swing/EditableResizableImagePanel.java]" classname="jmri.util.FileLineEndingsTest" time="0.001"/>
  <testcase name="lineEndings[./java/src/jmri/util/swing/FontComboUtil.java]" classname="jmri.util.FileLineEndingsTest" time="0.001"/>
  <testcase name="lineEndings[./java/src/jmri/util/swing/multipane/TwoPaneTBWindow.java]" classname="jmri.util.FileLineEndingsTest" time="0.001"/>
  <testcase name="lineEndings[./java/src/jmri/util/swing/multipane/PanedInterface.java]" classname="jmri.util.FileLineEndingsTest" time="0.001"/>
  <testcase name="lineEndings[./java/src/jmri/util/swing/multipane/MultiPaneWindow.java]" classname="jmri.util.FileLineEndingsTest" time="0.001"/>
  <testcase name="lineEndings[./java/src/jmri/util/swing/multipane/ThreePaneTLRWindow.java]" classname="jmri.util.FileLineEndingsTest" time="0.001"/>
  <testcase name="lineEndings[./java/src/jmri/util/swing/XTableColumnModel.java]" classname="jmri.util.FileLineEndingsTest" time="0.001"/>
  <testcase name="lineEndings[./java/src/jmri/util/swing/sdi/JmriJFrameInterface.java]" classname="jmri.util.FileLineEndingsTest" time="0.001"/>
  <testcase name="lineEndings[./java/src/jmri/util/swing/GuiUtilBase.java]" classname="jmri.util.FileLineEndingsTest" time="0.001"/>
  <testcase name="lineEndings[./java/src/jmri/util/swing/VerticalLabelUI.java]" classname="jmri.util.FileLineEndingsTest" time="0"/>
  <testcase name="lineEndings[./java/src/jmri/util/swing/mdi/MdiMainFrame.java]" classname="jmri.util.FileLineEndingsTest" time="0"/>
  <testcase name="lineEndings[./java/src/jmri/util/swing/mdi/JmriJInternalFrameInterface.java]" classname="jmri.util.FileLineEndingsTest" time="0.001"/>
  <testcase name="lineEndings[./java/src/jmri/util/swing/BeanSelectCreatePanel.java]" classname="jmri.util.FileLineEndingsTest" time="0.001"/>
  <testcase name="lineEndings[./java/src/jmri/util/swing/JmriNamedPaneAction.java]" classname="jmri.util.FileLineEndingsTest" time="0.001"/>
  <testcase name="lineEndings[./java/src/jmri/util/swing/Bundle.java]" classname="jmri.util.FileLineEndingsTest" time="0.001"/>
  <testcase name="lineEndings[./java/src/jmri/util/swing/ComboBoxColorChooserPanel.java]" classname="jmri.util.FileLineEndingsTest" time="0.001"/>
  <testcase name="lineEndings[./java/src/jmri/util/swing/SliderSnap.java]" classname="jmri.util.FileLineEndingsTest" time="0.001"/>
  <testcase name="lineEndings[./java/src/jmri/util/swing/SwingSettings.java]" classname="jmri.util.FileLineEndingsTest" time="0.001"/>
  <testcase name="lineEndings[./java/src/jmri/util/swing/ResizableImagePanel.java]" classname="jmri.util.FileLineEndingsTest" time="0"/>
  <testcase name="lineEndings[./java/src/jmri/util/swing/RegexFormatter.java]" classname="jmri.util.FileLineEndingsTest" time="0.001"/>
  <testcase name="lineEndings[./java/src/jmri/util/swing/JmriAbstractAction.java]" classname="jmri.util.FileLineEndingsTest" time="0.001"/>
  <testcase name="lineEndings[./java/src/jmri/util/swing/JCBHandle.java]" classname="jmri.util.FileLineEndingsTest" time="0.001"/>
  <testcase name="lineEndings[./java/src/jmri/util/swing/WindowInterface.java]" classname="jmri.util.FileLineEndingsTest" time="0.001"/>
  <testcase name="lineEndings[./java/src/jmri/util/swing/ButtonGroupColorChooserPanel.java]" classname="jmri.util.FileLineEndingsTest" time="0.001"/>
  <testcase name="lineEndings[./java/src/jmri/util/swing/JmriBeanComboBox.java]" classname="jmri.util.FileLineEndingsTest" time="0.001"/>
  <testcase name="lineEndings[./java/src/jmri/util/swing/DedupingPropertyChangeListener.java]" classname="jmri.util.FileLineEndingsTest" time="0"/>
  <testcase name="lineEndings[./java/src/jmri/util/swing/TextFilter.java]" classname="jmri.util.FileLineEndingsTest" time="0.001"/>
  <testcase name="lineEndings[./java/src/jmri/util/JmriJFrameAction.java]" classname="jmri.util.FileLineEndingsTest" time="0.001"/>
  <testcase name="lineEndings[./java/src/jmri/util/WindowMenu.java]" classname="jmri.util.FileLineEndingsTest" time="0.001"/>
  <testcase name="lineEndings[./java/src/jmri/util/usb/UsbBrowserAction.java]" classname="jmri.util.FileLineEndingsTest" time="0.001"/>
  <testcase name="lineEndings[./java/src/jmri/util/usb/Bundle.java]" classname="jmri.util.FileLineEndingsTest" time="0.001"/>
  <testcase name="lineEndings[./java/src/jmri/util/usb/UsbUtil.java]" classname="jmri.util.FileLineEndingsTest" time="0.001"/>
  <testcase name="lineEndings[./java/src/jmri/util/usb/UsbBrowserStartupActionFactory.java]" classname="jmri.util.FileLineEndingsTest" time="0"/>
  <testcase name="lineEndings[./java/src/jmri/util/usb/UsbBrowserFrame.java]" classname="jmri.util.FileLineEndingsTest" time="0.001"/>
  <testcase name="lineEndings[./java/src/jmri/util/usb/RailDriverMenuItem.java]" classname="jmri.util.FileLineEndingsTest" time="0.001"/>
  <testcase name="lineEndings[./java/src/jmri/util/usb/UsbBrowserPanel.java]" classname="jmri.util.FileLineEndingsTest" time="0.001"/>
  <testcase name="lineEndings[./java/src/jmri/util/exceptionhandler/Bundle.java]" classname="jmri.util.FileLineEndingsTest" time="0.001"/>
  <testcase name="lineEndings[./java/src/jmri/util/exceptionhandler/UncaughtExceptionHandler.java]" classname="jmri.util.FileLineEndingsTest" time="0.001"/>
  <testcase name="lineEndings[./java/src/jmri/util/WaitHandler.java]" classname="jmri.util.FileLineEndingsTest" time="0.001"/>
  <testcase name="lineEndings[./java/src/jmri/util/PortNameMapper.java]" classname="jmri.util.FileLineEndingsTest" time="0.001"/>
  <testcase name="lineEndings[./java/src/jmri/util/DnDTableExportHandler.java]" classname="jmri.util.FileLineEndingsTest" time="0"/>
  <testcase name="lineEndings[./java/src/jmri/util/ThreadingUtil.java]" classname="jmri.util.FileLineEndingsTest" time="0.001"/>
  <testcase name="lineEndings[./java/src/jmri/util/MathUtil.java]" classname="jmri.util.FileLineEndingsTest" time="0.001"/>
  <testcase name="lineEndings[./java/src/jmri/util/com/rbnb/UDPOutputStream.java]" classname="jmri.util.FileLineEndingsTest" time="0.001"/>
  <testcase name="lineEndings[./java/src/jmri/util/com/rbnb/UDPInputStream.java]" classname="jmri.util.FileLineEndingsTest" time="0.001"/>
  <testcase name="lineEndings[./java/src/jmri/util/com/dictiography/collections/IndexedTreeSet.java]" classname="jmri.util.FileLineEndingsTest" time="0.001"/>
  <testcase name="lineEndings[./java/src/jmri/util/com/dictiography/collections/AbstractSet.java]" classname="jmri.util.FileLineEndingsTest" time="0.001"/>
  <testcase name="lineEndings[./java/src/jmri/util/com/dictiography/collections/package-info.java]" classname="jmri.util.FileLineEndingsTest" time="0.001"/>
  <testcase name="lineEndings[./java/src/jmri/util/com/dictiography/collections/IndexedNavigableSet.java]" classname="jmri.util.FileLineEndingsTest" time="0.001"/>
  <testcase name="lineEndings[./java/src/jmri/util/com/dictiography/collections/AbstractMap.java]" classname="jmri.util.FileLineEndingsTest" time="0.001"/>
  <testcase name="lineEndings[./java/src/jmri/util/com/dictiography/collections/IndexedNavigableMap.java]" classname="jmri.util.FileLineEndingsTest" time="0.001"/>
  <testcase name="lineEndings[./java/src/jmri/util/com/dictiography/collections/IndexedTreeMap.java]" classname="jmri.util.FileLineEndingsTest" time="0.001"/>
  <testcase name="lineEndings[./java/src/jmri/util/com/sun/TransferActionListener.java]" classname="jmri.util.FileLineEndingsTest" time="0.001"/>
  <testcase name="lineEndings[./java/src/jmri/util/com/package-info.java]" classname="jmri.util.FileLineEndingsTest" time="0"/>
  <testcase name="lineEndings[./java/src/jmri/util/node/package-info.java]" classname="jmri.util.FileLineEndingsTest" time="0"/>
  <testcase name="lineEndings[./java/src/jmri/util/node/NodeIdentity.java]" classname="jmri.util.FileLineEndingsTest" time="0.001"/>
  <testcase name="lineEndings[./java/src/jmri/util/JmriInsets.java]" classname="jmri.util.FileLineEndingsTest" time="0.001"/>
  <testcase name="lineEndings[./java/src/jmri/util/SocketUtil.java]" classname="jmri.util.FileLineEndingsTest" time="0.001"/>
  <testcase name="lineEndings[./java/src/jmri/util/FileChooserFilter.java]" classname="jmri.util.FileLineEndingsTest" time="0.001"/>
  <testcase name="lineEndings[./java/src/jmri/util/BareBonesBrowserLaunch.java]" classname="jmri.util.FileLineEndingsTest" time="0.001"/>
  <testcase name="lineEndings[./java/src/jmri/util/JTextPaneAppender.java]" classname="jmri.util.FileLineEndingsTest" time="0.001"/>
  <testcase name="lineEndings[./java/src/jmri/util/davidflanagan/HardcopyWriter.java]" classname="jmri.util.FileLineEndingsTest" time="0"/>
  <testcase name="lineEndings[./java/src/jmri/util/davidflanagan/Bundle.java]" classname="jmri.util.FileLineEndingsTest" time="0.001"/>
  <testcase name="lineEndings[./java/src/jmri/util/PhysicalLocation.java]" classname="jmri.util.FileLineEndingsTest" time="0.001"/>
  <testcase name="lineEndings[./java/src/jmri/util/jdom/JDOMUtil.java]" classname="jmri.util.FileLineEndingsTest" time="0.001"/>
  <testcase name="lineEndings[./java/src/jmri/util/jdom/LocaleSelector.java]" classname="jmri.util.FileLineEndingsTest" time="0.001"/>
  <testcase name="lineEndings[./java/src/jmri/util/package-info.java]" classname="jmri.util.FileLineEndingsTest" time="0.001"/>
  <testcase name="lineEndings[./java/src/jmri/util/OrderedProperties.java]" classname="jmri.util.FileLineEndingsTest" time="0.001"/>
  <testcase name="lineEndings[./java/src/jmri/util/StringUtil.java]" classname="jmri.util.FileLineEndingsTest" time="0.001"/>
  <testcase name="lineEndings[./java/src/jmri/util/IterableEnumeration.java]" classname="jmri.util.FileLineEndingsTest" time="0"/>
  <testcase name="lineEndings[./java/src/jmri/util/PipeListener.java]" classname="jmri.util.FileLineEndingsTest" time="0.001"/>
  <testcase name="lineEndings[./java/src/jmri/util/table/ButtonEditor.java]" classname="jmri.util.FileLineEndingsTest" time="0.001"/>
  <testcase name="lineEndings[./java/src/jmri/util/table/ButtonRenderer.java]" classname="jmri.util.FileLineEndingsTest" time="0.001"/>
  <testcase name="lineEndings[./java/src/jmri/util/table/BasicCellEditor.java]" classname="jmri.util.FileLineEndingsTest" time="0.001"/>
  <testcase name="lineEndings[./java/src/jmri/util/javaworld/GridLayout2.java]" classname="jmri.util.FileLineEndingsTest" time="0.001"/>
  <testcase name="lineEndings[./java/src/jmri/util/HelpUtil.java]" classname="jmri.util.FileLineEndingsTest" time="0.001"/>
  <testcase name="lineEndings[./java/src/jmri/util/RuntimeUtil.java]" classname="jmri.util.FileLineEndingsTest" time="0.001"/>
  <testcase name="lineEndings[./java/src/jmri/util/FontUtil.java]" classname="jmri.util.FileLineEndingsTest" time="0"/>
  <testcase name="lineEndings[./java/src/jmri/util/NamedBeanExpectedValue.java]" classname="jmri.util.FileLineEndingsTest" time="0.001"/>
  <testcase name="lineEndings[./java/src/jmri/util/zeroconf/ZeroConfServiceListener.java]" classname="jmri.util.FileLineEndingsTest" time="0.001"/>
  <testcase name="lineEndings[./java/src/jmri/util/zeroconf/ZeroConfService.java]" classname="jmri.util.FileLineEndingsTest" time="0.001"/>
  <testcase name="lineEndings[./java/src/jmri/util/zeroconf/ZeroConfServiceEvent.java]" classname="jmri.util.FileLineEndingsTest" time="0.001"/>
  <testcase name="lineEndings[./java/src/jmri/util/zeroconf/ZeroConfClient.java]" classname="jmri.util.FileLineEndingsTest" time="0.001"/>
  <testcase name="lineEndings[./java/src/jmri/util/prefs/AbstractConfigurationProvider.java]" classname="jmri.util.FileLineEndingsTest" time="0.001"/>
  <testcase name="lineEndings[./java/src/jmri/util/prefs/JmriPreferencesProvider.java]" classname="jmri.util.FileLineEndingsTest" time="0.001"/>
  <testcase name="lineEndings[./java/src/jmri/util/prefs/JmriUserInterfaceConfigurationProvider.java]" classname="jmri.util.FileLineEndingsTest" time="0"/>
  <testcase name="lineEndings[./java/src/jmri/util/prefs/AbstractPreferencesManager.java]" classname="jmri.util.FileLineEndingsTest" time="0.001"/>
  <testcase name="lineEndings[./java/src/jmri/util/prefs/InitializationException.java]" classname="jmri.util.FileLineEndingsTest" time="0.001"/>
  <testcase name="lineEndings[./java/src/jmri/util/prefs/JmriConfigurationProvider.java]" classname="jmri.util.FileLineEndingsTest" time="0.001"/>
  <testcase name="lineEndings[./java/src/jmri/util/prefs/package-info.java]" classname="jmri.util.FileLineEndingsTest" time="0.001"/>
  <testcase name="lineEndings[./java/src/jmri/util/prefs/JmriConfiguration.java]" classname="jmri.util.FileLineEndingsTest" time="0.001"/>
  <testcase name="lineEndings[./java/src/jmri/util/XmlFilenameFilter.java]" classname="jmri.util.FileLineEndingsTest" time="0.001"/>
  <testcase name="lineEndings[./java/src/jmri/util/SerialUtil.java]" classname="jmri.util.FileLineEndingsTest" time="0"/>
  <testcase name="lineEndings[./java/src/jmri/util/docbook/configurexml/RevHistoryXml.java]" classname="jmri.util.FileLineEndingsTest" time="0.001"/>
  <testcase name="lineEndings[./java/src/jmri/util/docbook/Revision.java]" classname="jmri.util.FileLineEndingsTest" time="0.001"/>
  <testcase name="lineEndings[./java/src/jmri/util/docbook/RevHistory.java]" classname="jmri.util.FileLineEndingsTest" time="0.001"/>
  <testcase name="lineEndings[./java/src/jmri/util/JmriLocalEntityResolver.java]" classname="jmri.util.FileLineEndingsTest" time="0.001"/>
  <testcase name="lineEndings[./java/src/jmri/util/NoArchiveFileFilter.java]" classname="jmri.util.FileLineEndingsTest" time="0.001"/>
  <testcase name="lineEndings[./java/src/jmri/util/IntlUtilities.java]" classname="jmri.util.FileLineEndingsTest" time="0"/>
  <testcase name="lineEndings[./java/src/jmri/util/DnDStringImportHandler.java]" classname="jmri.util.FileLineEndingsTest" time="0.001"/>
  <testcase name="lineEndings[./java/src/jmri/util/xml/XMLUtil.java]" classname="jmri.util.FileLineEndingsTest" time="0.001"/>
  <testcase name="lineEndings[./java/src/jmri/util/AbstractFrameAction.java]" classname="jmri.util.FileLineEndingsTest" time="0.001"/>
  <testcase name="lineEndings[./java/src/jmri/util/ExternalLinkContentViewerUI.java]" classname="jmri.util.FileLineEndingsTest" time="0.001"/>
  <testcase name="lineEndings[./java/src/jmri/util/JTreeWithPopup.java]" classname="jmri.util.FileLineEndingsTest" time="0.001"/>
  <testcase name="lineEndings[./java/src/jmri/util/SystemNameComparator.java]" classname="jmri.util.FileLineEndingsTest" time="0.001"/>
  <testcase name="lineEndings[./java/src/jmri/util/NamedBeanExpectedState.java]" classname="jmri.util.FileLineEndingsTest" time="0.001"/>
  <testcase name="lineEndings[./java/src/jmri/util/Bundle.java]" classname="jmri.util.FileLineEndingsTest" time="0"/>
  <testcase name="lineEndings[./java/src/jmri/util/GetJavaProperty.java]" classname="jmri.util.FileLineEndingsTest" time="0.001"/>
  <testcase name="lineEndings[./java/src/jmri/util/AlphanumComparator.java]" classname="jmri.util.FileLineEndingsTest" time="0.001"/>
  <testcase name="lineEndings[./java/src/jmri/util/GetArgumentList.java]" classname="jmri.util.FileLineEndingsTest" time="0.001"/>
  <testcase name="lineEndings[./java/src/jmri/util/MouseInputAdapterInstaller.java]" classname="jmri.util.FileLineEndingsTest" time="0.001"/>
  <testcase name="lineEndings[./java/src/jmri/util/ColorUtil.java]" classname="jmri.util.FileLineEndingsTest" time="0.001"/>
  <testcase name="lineEndings[./java/src/jmri/util/FileUtil.java]" classname="jmri.util.FileLineEndingsTest" time="0.001"/>
  <testcase name="lineEndings[./java/src/jmri/util/GetClassPath.java]" classname="jmri.util.FileLineEndingsTest" time="0"/>
  <testcase name="lineEndings[./java/src/jmri/util/Log4JUtil.java]" classname="jmri.util.FileLineEndingsTest" time="0.001"/>
  <testcase name="lineEndings[./java/src/jmri/util/SystemType.java]" classname="jmri.util.FileLineEndingsTest" time="0.001"/>
  <testcase name="lineEndings[./java/src/jmri/util/MultipartMessage.java]" classname="jmri.util.FileLineEndingsTest" time="0.001"/>
  <testcase name="lineEndings[./java/src/jmri/util/MenuScroller.java]" classname="jmri.util.FileLineEndingsTest" time="0.001"/>
  <testcase name="lineEndings[./java/src/jmri/util/LocoAddressComparator.java]" classname="jmri.util.FileLineEndingsTest" time="0.001"/>
  <testcase name="lineEndings[./java/src/jmri/util/ConnectionNameFromSystemName.java]" classname="jmri.util.FileLineEndingsTest" time="0.001"/>
  <testcase name="lineEndings[./java/src/jmri/util/PhysicalLocationPanel.java]" classname="jmri.util.FileLineEndingsTest" time="0.001"/>
  <testcase name="lineEndings[./java/src/jmri/util/DnDTableImportExportHandler.java]" classname="jmri.util.FileLineEndingsTest" time="0"/>
  <testcase name="lineEndings[./java/src/jmri/util/NamedBeanComparator.java]" classname="jmri.util.FileLineEndingsTest" time="0.001"/>
  <testcase name="lineEndings[./java/src/jmri/util/DateUtil.java]" classname="jmri.util.FileLineEndingsTest" time="0.001"/>
  <testcase name="lineEndings[./java/src/jmri/util/BusyGlassPane.java]" classname="jmri.util.FileLineEndingsTest" time="0.001"/>
  <testcase name="lineEndings[./java/src/jmri/util/javamail/MailMessage.java]" classname="jmri.util.FileLineEndingsTest" time="0.001"/>
  <testcase name="lineEndings[./java/src/jmri/util/JmriJFrame.java]" classname="jmri.util.FileLineEndingsTest" time="0.001"/>
  <testcase name="lineEndings[./java/src/jmri/util/ResizableImagePanel.java]" classname="jmri.util.FileLineEndingsTest" time="0.001"/>
  <testcase name="lineEndings[./java/src/jmri/util/FileUtilSupport.java]" classname="jmri.util.FileLineEndingsTest" time="0.001"/>
  <testcase name="lineEndings[./java/src/jmri/util/JLogoutputFrame.java]" classname="jmri.util.FileLineEndingsTest" time="0.001"/>
  <testcase name="lineEndings[./java/src/jmri/util/PropertyChangeEventQueue.java]" classname="jmri.util.FileLineEndingsTest" time="0"/>
  <testcase name="lineEndings[./java/src/jmri/util/OrderedHashtable.java]" classname="jmri.util.FileLineEndingsTest" time="0.001"/>
  <testcase name="lineEndings[./java/src/jmri/util/PreferNumericComparator.java]" classname="jmri.util.FileLineEndingsTest" time="0.001"/>
  <testcase name="lineEndings[./java/src/jmri/util/QuickPromptUtil.java]" classname="jmri.util.FileLineEndingsTest" time="0.001"/>
  <testcase name="lineEndings[./java/src/jmri/util/NonNullArrayList.java]" classname="jmri.util.FileLineEndingsTest" time="0.001"/>
  <testcase name="lineEndings[./java/src/jmri/util/JmriNullEntityResolver.java]" classname="jmri.util.FileLineEndingsTest" time="0.001"/>
  <testcase name="lineEndings[./java/src/jmri/ProgrammerException.java]" classname="jmri.util.FileLineEndingsTest" time="0"/>
  <testcase name="lineEndings[./java/src/jmri/Consist.java]" classname="jmri.util.FileLineEndingsTest" time="0.001"/>
  <testcase name="lineEndings[./java/src/jmri/jmris/simpleserver/SimplePowerServer.java]" classname="jmri.util.FileLineEndingsTest" time="0.001"/>
  <testcase name="lineEndings[./java/src/jmri/jmris/simpleserver/parser/SimpleVisitor.java]" classname="jmri.util.FileLineEndingsTest" time="0.001"/>
  <testcase name="lineEndings[./java/src/jmri/jmris/simpleserver/parser/package-info.java]" classname="jmri.util.FileLineEndingsTest" time="0.001"/>
  <testcase name="lineEndings[./java/src/jmri/jmris/simpleserver/Bundle.java]" classname="jmri.util.FileLineEndingsTest" time="0.001"/>
  <testcase name="lineEndings[./java/src/jmri/jmris/simpleserver/SimpleServerManager.java]" classname="jmri.util.FileLineEndingsTest" time="0.001"/>
  <testcase name="lineEndings[./java/src/jmri/jmris/simpleserver/SimpleServerFrame.java]" classname="jmri.util.FileLineEndingsTest" time="0"/>
  <testcase name="lineEndings[./java/src/jmri/jmris/simpleserver/SimpleLightServer.java]" classname="jmri.util.FileLineEndingsTest" time="0.001"/>
  <testcase name="lineEndings[./java/src/jmri/jmris/simpleserver/SimpleServerPreferences.java]" classname="jmri.util.FileLineEndingsTest" time="0.001"/>
  <testcase name="lineEndings[./java/src/jmri/jmris/simpleserver/SimpleSignalHeadServer.java]" classname="jmri.util.FileLineEndingsTest" time="0.001"/>
  <testcase name="lineEndings[./java/src/jmri/jmris/simpleserver/SimpleServer.java]" classname="jmri.util.FileLineEndingsTest" time="0.001"/>
  <testcase name="lineEndings[./java/src/jmri/jmris/simpleserver/SimpleServerAction.java]" classname="jmri.util.FileLineEndingsTest" time="0.001"/>
  <testcase name="lineEndings[./java/src/jmri/jmris/simpleserver/SimpleTurnoutServer.java]" classname="jmri.util.FileLineEndingsTest" time="0"/>
  <testcase name="lineEndings[./java/src/jmri/jmris/simpleserver/SimpleOperationsServer.java]" classname="jmri.util.FileLineEndingsTest" time="0.001"/>
  <testcase name="lineEndings[./java/src/jmri/jmris/simpleserver/SimpleSensorServer.java]" classname="jmri.util.FileLineEndingsTest" time="0.001"/>
  <testcase name="lineEndings[./java/src/jmri/jmris/simpleserver/SimpleServerPreferencesPanel.java]" classname="jmri.util.FileLineEndingsTest" time="0.001"/>
  <testcase name="lineEndings[./java/src/jmri/jmris/simpleserver/SimpleServerMenu.java]" classname="jmri.util.FileLineEndingsTest" time="0.001"/>
  <testcase name="lineEndings[./java/src/jmri/jmris/simpleserver/SimpleReporterServer.java]" classname="jmri.util.FileLineEndingsTest" time="0.001"/>
  <testcase name="lineEndings[./java/src/jmri/jmris/srcp/JmriSRCPTimeServer.java]" classname="jmri.util.FileLineEndingsTest" time="0.001"/>
  <testcase name="lineEndings[./java/src/jmri/jmris/srcp/JmriSRCPPowerServer.java]" classname="jmri.util.FileLineEndingsTest" time="0"/>
  <testcase name="lineEndings[./java/src/jmri/jmris/srcp/JmriSRCPServerFrame.java]" classname="jmri.util.FileLineEndingsTest" time="0.001"/>
  <testcase name="lineEndings[./java/src/jmri/jmris/srcp/JmriSRCPServerAction.java]" classname="jmri.util.FileLineEndingsTest" time="0.001"/>
  <testcase name="lineEndings[./java/src/jmri/jmris/srcp/JmriSRCPThrottleServer.java]" classname="jmri.util.FileLineEndingsTest" time="0.001"/>
  <testcase name="lineEndings[./java/src/jmri/jmris/srcp/JmriSRCPServerManager.java]" classname="jmri.util.FileLineEndingsTest" time="0.001"/>
  <testcase name="lineEndings[./java/src/jmri/jmris/srcp/JmriSRCPTurnoutServer.java]" classname="jmri.util.FileLineEndingsTest" time="0.001"/>
  <testcase name="lineEndings[./java/src/jmri/jmris/srcp/JmriSRCPProgrammerServer.java]" classname="jmri.util.FileLineEndingsTest" time="0.001"/>
  <testcase name="lineEndings[./java/src/jmri/jmris/srcp/JmriSRCPServiceHandler.java]" classname="jmri.util.FileLineEndingsTest" time="0"/>
  <testcase name="lineEndings[./java/src/jmri/jmris/srcp/JmriSRCPSensorServer.java]" classname="jmri.util.FileLineEndingsTest" time="0.001"/>
  <testcase name="lineEndings[./java/src/jmri/jmris/srcp/Bundle.java]" classname="jmri.util.FileLineEndingsTest" time="0.001"/>
  <testcase name="lineEndings[./java/src/jmri/jmris/srcp/JmriSRCPServerPreferencesPanel.java]" classname="jmri.util.FileLineEndingsTest" time="0.001"/>
  <testcase name="lineEndings[./java/src/jmri/jmris/srcp/parser/package-info.java]" classname="jmri.util.FileLineEndingsTest" time="0.001"/>
  <testcase name="lineEndings[./java/src/jmri/jmris/srcp/parser/SRCPVisitor.java]" classname="jmri.util.FileLineEndingsTest" time="0.001"/>
  <testcase name="lineEndings[./java/src/jmri/jmris/srcp/JmriSRCPServerMenu.java]" classname="jmri.util.FileLineEndingsTest" time="0.001"/>
  <testcase name="lineEndings[./java/src/jmri/jmris/srcp/TimeStampedOutput.java]" classname="jmri.util.FileLineEndingsTest" time="0.001"/>
  <testcase name="lineEndings[./java/src/jmri/jmris/srcp/JmriSRCPServerPreferences.java]" classname="jmri.util.FileLineEndingsTest" time="0"/>
  <testcase name="lineEndings[./java/src/jmri/jmris/srcp/JmriSRCPServer.java]" classname="jmri.util.FileLineEndingsTest" time="0.001"/>
  <testcase name="lineEndings[./java/src/jmri/jmris/json/package-info.java]" classname="jmri.util.FileLineEndingsTest" time="0.001"/>
  <testcase name="lineEndings[./java/src/jmri/jmris/json/JsonProgrammerServer.java]" classname="jmri.util.FileLineEndingsTest" time="0.001"/>
  <testcase name="lineEndings[./java/src/jmri/jmris/json/JsonServerPreferences.java]" classname="jmri.util.FileLineEndingsTest" time="0.001"/>
  <testcase name="lineEndings[./java/src/jmri/jmris/json/JsonServerAction.java]" classname="jmri.util.FileLineEndingsTest" time="0.001"/>
  <testcase name="lineEndings[./java/src/jmri/jmris/json/Bundle.java]" classname="jmri.util.FileLineEndingsTest" time="0"/>
  <testcase name="lineEndings[./java/src/jmri/jmris/json/JsonServerPreferencesPanel.java]" classname="jmri.util.FileLineEndingsTest" time="0.001"/>
  <testcase name="lineEndings[./java/src/jmri/jmris/json/JsonServer.java]" classname="jmri.util.FileLineEndingsTest" time="0.001"/>
  <testcase name="lineEndings[./java/src/jmri/jmris/AbstractLightServer.java]" classname="jmri.util.FileLineEndingsTest" time="0.001"/>
  <testcase name="lineEndings[./java/src/jmri/jmris/JmriServer.java]" classname="jmri.util.FileLineEndingsTest" time="0.001"/>
  <testcase name="lineEndings[./java/src/jmri/jmris/Bundle.java]" classname="jmri.util.FileLineEndingsTest" time="0.001"/>
  <testcase name="lineEndings[./java/src/jmri/jmris/AbstractTimeServer.java]" classname="jmri.util.FileLineEndingsTest" time="0.001"/>
  <testcase name="lineEndings[./java/src/jmri/jmris/AbstractThrottleServer.java]" classname="jmri.util.FileLineEndingsTest" time="0"/>
  <testcase name="lineEndings[./java/src/jmri/jmris/JmriServerFrame.java]" classname="jmri.util.FileLineEndingsTest" time="0.001"/>
  <testcase name="lineEndings[./java/src/jmri/jmris/AbstractPowerServer.java]" classname="jmri.util.FileLineEndingsTest" time="0.008"/>
  <testcase name="lineEndings[./java/src/jmri/jmris/AbstractRouteServer.java]" classname="jmri.util.FileLineEndingsTest" time="0.001"/>
  <testcase name="lineEndings[./java/src/jmri/jmris/AbstractTurnoutServer.java]" classname="jmri.util.FileLineEndingsTest" time="0.001"/>
  <testcase name="lineEndings[./java/src/jmri/jmris/ServerMenu.java]" classname="jmri.util.FileLineEndingsTest" time="0"/>
  <testcase name="lineEndings[./java/src/jmri/jmris/JmriServerAction.java]" classname="jmri.util.FileLineEndingsTest" time="0.001"/>
  <testcase name="lineEndings[./java/src/jmri/jmris/AbstractSensorServer.java]" classname="jmri.util.FileLineEndingsTest" time="0.001"/>
  <testcase name="lineEndings[./java/src/jmri/jmris/AbstractReporterServer.java]" classname="jmri.util.FileLineEndingsTest" time="0.001"/>
  <testcase name="lineEndings[./java/src/jmri/jmris/AbstractServerPreferences.java]" classname="jmri.util.FileLineEndingsTest" time="0.001"/>
  <testcase name="lineEndings[./java/src/jmri/jmris/AbstractProgrammerServer.java]" classname="jmri.util.FileLineEndingsTest" time="0.001"/>
  <testcase name="lineEndings[./java/src/jmri/jmris/AbstractOperationsServer.java]" classname="jmri.util.FileLineEndingsTest" time="0.001"/>
  <testcase name="lineEndings[./java/src/jmri/jmris/AbstractSignalHeadServer.java]" classname="jmri.util.FileLineEndingsTest" time="0"/>
  <testcase name="lineEndings[./java/src/jmri/jmris/ServiceHandler.java]" classname="jmri.util.FileLineEndingsTest" time="0.001"/>
  <testcase name="lineEndings[./java/src/jmri/jmris/JmriConnection.java]" classname="jmri.util.FileLineEndingsTest" time="0.001"/>
  <testcase name="lineEndings[./java/src/jmri/jmris/AbstractSignalMastServer.java]" classname="jmri.util.FileLineEndingsTest" time="0.001"/>
  <testcase name="lineEndings[./java/src/jmri/profile/AuxiliaryProperties.java]" classname="jmri.util.FileLineEndingsTest" time="0.001"/>
  <testcase name="lineEndings[./java/src/jmri/profile/ProfileProperties.java]" classname="jmri.util.FileLineEndingsTest" time="0.001"/>
  <testcase name="lineEndings[./java/src/jmri/profile/package-info.java]" classname="jmri.util.FileLineEndingsTest" time="0"/>
  <testcase name="lineEndings[./java/src/jmri/profile/AddProfileDialog.java]" classname="jmri.util.FileLineEndingsTest" time="0.001"/>
  <testcase name="lineEndings[./java/src/jmri/profile/NullProfile.java]" classname="jmri.util.FileLineEndingsTest" time="0.001"/>
  <testcase name="lineEndings[./java/src/jmri/profile/ProfileFileFilter.java]" classname="jmri.util.FileLineEndingsTest" time="0.001"/>
  <testcase name="lineEndings[./java/src/jmri/profile/ProfileUtils.java]" classname="jmri.util.FileLineEndingsTest" time="0.001"/>
  <testcase name="lineEndings[./java/src/jmri/profile/ProfilePreferencesPanel.java]" classname="jmri.util.FileLineEndingsTest" time="0.001"/>
  <testcase name="lineEndings[./java/src/jmri/profile/ProfileTableModel.java]" classname="jmri.util.FileLineEndingsTest" time="0"/>
  <testcase name="lineEndings[./java/src/jmri/profile/AuxiliaryConfiguration.java]" classname="jmri.util.FileLineEndingsTest" time="0.001"/>
  <testcase name="lineEndings[./java/src/jmri/profile/ProfileListModel.java]" classname="jmri.util.FileLineEndingsTest" time="0.001"/>
  <testcase name="lineEndings[./java/src/jmri/profile/SearchPathTableModel.java]" classname="jmri.util.FileLineEndingsTest" time="0.001"/>
  <testcase name="lineEndings[./java/src/jmri/profile/ProfileManager.java]" classname="jmri.util.FileLineEndingsTest" time="0"/>
  <testcase name="lineEndings[./java/src/jmri/profile/Profile.java]" classname="jmri.util.FileLineEndingsTest" time="0.001"/>
  <testcase name="lineEndings[./java/src/jmri/profile/ProfileListCellRenderer.java]" classname="jmri.util.FileLineEndingsTest" time="0.001"/>
  <testcase name="lineEndings[./java/src/jmri/profile/ProfileConfiguration.java]" classname="jmri.util.FileLineEndingsTest" time="0.001"/>
  <testcase name="lineEndings[./java/src/jmri/profile/Bundle.java]" classname="jmri.util.FileLineEndingsTest" time="0"/>
  <testcase name="lineEndings[./java/src/jmri/profile/ProfileManagerDialog.java]" classname="jmri.util.FileLineEndingsTest" time="0.001"/>
  <testcase name="lineEndings[./java/src/jmri/profile/ProfileFileView.java]" classname="jmri.util.FileLineEndingsTest" time="0.001"/>
  <testcase name="lineEndings[./java/src/jmri/SignalSystemManager.java]" classname="jmri.util.FileLineEndingsTest" time="0.001"/>
  <testcase name="lineEndings[./java/src/jmri/Block.java]" classname="jmri.util.FileLineEndingsTest" time="0.001"/>
  <testcase name="lineEndings[./java/src/jmri/TurnoutOperation.java]" classname="jmri.util.FileLineEndingsTest" time="0"/>
  <testcase name="lineEndings[./java/src/jmri/CatalogTree.java]" classname="jmri.util.FileLineEndingsTest" time="0.001"/>
  <testcase name="lineEndings[./java/src/jmri/SignalMastLogicManager.java]" classname="jmri.util.FileLineEndingsTest" time="0.001"/>
  <testcase name="lineEndings[./java/src/jmri/TimebaseRateException.java]" classname="jmri.util.FileLineEndingsTest" time="0.001"/>
  <testcase name="lineEndings[./java/src/jmri/JmriException.java]" classname="jmri.util.FileLineEndingsTest" time="0"/>
  <testcase name="lineEndings[./java/src/jmri/TimeDisplay.java]" classname="jmri.util.FileLineEndingsTest" time="0.001"/>
  <testcase name="lineEndings[./java/src/jmri/LogixManager.java]" classname="jmri.util.FileLineEndingsTest" time="0.001"/>
  <testcase name="lineEndings[./java/src/jmri/SignalHead.java]" classname="jmri.util.FileLineEndingsTest" time="0.001"/>
  <testcase name="lineEndings[./java/src/jmri/ConsistListListener.java]" classname="jmri.util.FileLineEndingsTest" time="0"/>
  <testcase name="lineEndings[./java/src/jmri/beans/PreferencesBean.java]" classname="jmri.util.FileLineEndingsTest" time="0.001"/>
  <testcase name="lineEndings[./java/src/jmri/beans/Bean.java]" classname="jmri.util.FileLineEndingsTest" time="0.001"/>
  <testcase name="lineEndings[./java/src/jmri/beans/ArbitraryBean.java]" classname="jmri.util.FileLineEndingsTest" time="0"/>
  <testcase name="lineEndings[./java/src/jmri/beans/UnboundBean.java]" classname="jmri.util.FileLineEndingsTest" time="0"/>
  <testcase name="lineEndings[./java/src/jmri/beans/ArbitraryPropertySupport.java]" classname="jmri.util.FileLineEndingsTest" time="0.001"/>
  <testcase name="lineEndings[./java/src/jmri/beans/ConstrainedArbitraryBean.java]" classname="jmri.util.FileLineEndingsTest" time="0.001"/>
  <testcase name="lineEndings[./java/src/jmri/beans/PropertyChangeProvider.java]" classname="jmri.util.FileLineEndingsTest" time="0.001"/>
  <testcase name="lineEndings[./java/src/jmri/beans/UnboundArbitraryBean.java]" classname="jmri.util.FileLineEndingsTest" time="0"/>
  <testcase name="lineEndings[./java/src/jmri/beans/VetoableChangeProvider.java]" classname="jmri.util.FileLineEndingsTest" time="0.001"/>
  <testcase name="lineEndings[./java/src/jmri/beans/BeanInterface.java]" classname="jmri.util.FileLineEndingsTest" time="0.001"/>
  <testcase name="lineEndings[./java/src/jmri/beans/ConstrainedBean.java]" classname="jmri.util.FileLineEndingsTest" time="0.001"/>
  <testcase name="lineEndings[./java/src/jmri/beans/Beans.java]" classname="jmri.util.FileLineEndingsTest" time="0"/>
  <testcase name="lineEndings[./java/src/jmri/ProgWriteException.java]" classname="jmri.util.FileLineEndingsTest" time="0.001"/>
  <testcase name="lineEndings[./java/src/jmri/ShutDownTask.java]" classname="jmri.util.FileLineEndingsTest" time="0.001"/>
  <testcase name="lineEndings[./java/src/jmri/SignalMast.java]" classname="jmri.util.FileLineEndingsTest" time="0.001"/>
  <testcase name="lineEndings[./java/src/jmri/Section.java]" classname="jmri.util.FileLineEndingsTest" time="0.001"/>
  <testcase name="lineEndings[./java/src/jmri/SignalSystem.java]" classname="jmri.util.FileLineEndingsTest" time="0"/>
  <testcase name="lineEndings[./java/src/jmri/InstanceInitializer.java]" classname="jmri.util.FileLineEndingsTest" time="0.001"/>
  <testcase name="lineEndings[./java/src/jmri/RawTurnoutOperation.java]" classname="jmri.util.FileLineEndingsTest" time="0.001"/>
  <testcase name="lineEndings[./java/src/jmri/Path.java]" classname="jmri.util.FileLineEndingsTest" time="0.001"/>
  <testcase name="lineEndings[./java/src/jmri/LightManager.java]" classname="jmri.util.FileLineEndingsTest" time="0"/>
  <testcase name="lineEndings[./java/src/jmri/CatalogTreeManager.java]" classname="jmri.util.FileLineEndingsTest" time="0.001"/>
  <testcase name="lineEndings[./java/src/jmri/ShutDownManager.java]" classname="jmri.util.FileLineEndingsTest" time="0.001"/>
  <testcase name="lineEndings[./java/src/jmri/Version.java]" classname="jmri.util.FileLineEndingsTest" time="0.001"/>
  <testcase name="lineEndings[./java/src/jmri/SensorManager.java]" classname="jmri.util.FileLineEndingsTest" time="0"/>
  <testcase name="lineEndings[./java/src/jmri/Scale.java]" classname="jmri.util.FileLineEndingsTest" time="0.001"/>
  <testcase name="lineEndings[./java/src/jmri/MemoryManager.java]" classname="jmri.util.FileLineEndingsTest" time="0.001"/>
  <testcase name="lineEndings[./java/src/jmri/PushbuttonPacket.java]" classname="jmri.util.FileLineEndingsTest" time="0.001"/>
  <testcase name="lineEndings[./java/src/jmri/Route.java]" classname="jmri.util.FileLineEndingsTest" time="0"/>
  <testcase name="lineEndings[./java/src/jmri/AudioManager.java]" classname="jmri.util.FileLineEndingsTest" time="0.001"/>
  <testcase name="lineEndings[./java/src/jmri/TurnoutOperationManager.java]" classname="jmri.util.FileLineEndingsTest" time="0.001"/>
  <testcase name="lineEndings[./java/src/jmri/script/JmriScriptEngineManager.java]" classname="jmri.util.FileLineEndingsTest" time="0.001"/>
  <testcase name="lineEndings[./java/src/jmri/script/ScriptFileChooser.java]" classname="jmri.util.FileLineEndingsTest" time="0"/>
  <testcase name="lineEndings[./java/src/jmri/script/Bundle.java]" classname="jmri.util.FileLineEndingsTest" time="0.001"/>
  <testcase name="lineEndings[./java/src/jmri/script/ScriptOutput.java]" classname="jmri.util.FileLineEndingsTest" time="0.001"/>
  <testcase name="lineEndings[./java/src/jmri/TransitSectionAction.java]" classname="jmri.util.FileLineEndingsTest" time="0.001"/>
  <testcase name="lineEndings[./java/src/jmri/CommonTurnoutOperation.java]" classname="jmri.util.FileLineEndingsTest" time="0"/>
  <testcase name="lineEndings[./java/src/jmri/Throttle.java]" classname="jmri.util.FileLineEndingsTest" time="0.001"/>
  <testcase name="lineEndings[./java/src/jmri/Manager.java]" classname="jmri.util.FileLineEndingsTest" time="0.001"/>
  <testcase name="lineEndings[./java/src/jmri/Audio.java]" classname="jmri.util.FileLineEndingsTest" time="0.001"/>
  <testcase name="lineEndings[./java/src/jmri/Light.java]" classname="jmri.util.FileLineEndingsTest" time="0.001"/>
  <testcase name="lineEndings[./java/src/jmri/IdTagListener.java]" classname="jmri.util.FileLineEndingsTest" time="0"/>
  <testcase name="lineEndings[./java/src/jmri/ProgListener.java]" classname="jmri.util.FileLineEndingsTest" time="0.001"/>
  <testcase name="lineEndings[./java/src/jmri/MultiMeter.java]" classname="jmri.util.FileLineEndingsTest" time="0.001"/>
  <testcase name="lineEndings[./java/src/jmri/ProgReadException.java]" classname="jmri.util.FileLineEndingsTest" time="0.001"/>
  <testcase name="lineEndings[./java/src/jmri/SignalGroup.java]" classname="jmri.util.FileLineEndingsTest" time="0.002"/>
  <testcase name="lineEndings[./java/src/jmri/CommandStation.java]" classname="jmri.util.FileLineEndingsTest" time="0"/>
  <testcase name="lineEndings[./java/src/jmri/SensorTurnoutOperation.java]" classname="jmri.util.FileLineEndingsTest" time="0"/>
  <testcase name="lineEndings[./java/src/jmri/Disposable.java]" classname="jmri.util.FileLineEndingsTest" time="0.001"/>
  <testcase name="lineEndings[./java/src/jmri/ClockControl.java]" classname="jmri.util.FileLineEndingsTest" time="0.001"/>
  <testcase name="lineEndings[./java/src/jmri/BooleanPropertyDescriptor.java]" classname="jmri.util.FileLineEndingsTest" time="0"/>
  <testcase name="lineEndings[./java/src/jmri/TurnoutManager.java]" classname="jmri.util.FileLineEndingsTest" time="0.001"/>
  <testcase name="lineEndings[./java/src/jmri/TransitManager.java]" classname="jmri.util.FileLineEndingsTest" time="0.001"/>
  <testcase name="lineEndings[./java/src/jmri/Sensor.java]" classname="jmri.util.FileLineEndingsTest" time="0.001"/>
  <testcase name="lineEndings[./java/src/jmri/Logix.java]" classname="jmri.util.FileLineEndingsTest" time="0"/>
  <testcase name="lineEndings[./java/src/jmri/Turnout.java]" classname="jmri.util.FileLineEndingsTest" time="0.001"/>
  <testcase name="lineEndings[./java/src/jmri/ConditionalManager.java]" classname="jmri.util.FileLineEndingsTest" time="0.001"/>
  <testcase name="lineEndings[./java/src/jmri/Bundle.java]" classname="jmri.util.FileLineEndingsTest" time="0.001"/>
  <testcase name="lineEndings[./java/src/jmri/IdTagManager.java]" classname="jmri.util.FileLineEndingsTest" time="0"/>
  <testcase name="lineEndings[./java/src/jmri/LocoAddress.java]" classname="jmri.util.FileLineEndingsTest" time="0.001"/>
  <testcase name="lineEndings[./java/src/jmri/NoFeedbackTurnoutOperation.java]" classname="jmri.util.FileLineEndingsTest" time="0.001"/>
  <testcase name="lineEndings[./java/src/jmri/ConsistManager.java]" classname="jmri.util.FileLineEndingsTest" time="0.001"/>
  <testcase name="lineEndings[./java/src/jmri/Transit.java]" classname="jmri.util.FileLineEndingsTest" time="0"/>
  <testcase name="lineEndings[./java/src/jmri/progdebugger/DebugProgrammerManager.java]" classname="jmri.util.FileLineEndingsTest" time="0.001"/>
  <testcase name="lineEndings[./java/src/jmri/progdebugger/ProgDebugger.java]" classname="jmri.util.FileLineEndingsTest" time="0.001"/>
  <testcase name="lineEndings[./java/src/jmri/AudioException.java]" classname="jmri.util.FileLineEndingsTest" time="0.001"/>
  <testcase name="lineEndings[./java/src/jmri/InstanceManagerAutoInitialize.java]" classname="jmri.util.FileLineEndingsTest" time="0"/>
  <testcase name="lineEndings[./java/src/jmri/SectionManager.java]" classname="jmri.util.FileLineEndingsTest" time="0.001"/>
  <testcase name="lineEndings[./java/src/jmri/ThrottleManager.java]" classname="jmri.util.FileLineEndingsTest" time="0.001"/>
  <testcase name="lineEndings[./java/src/jmri/BasicRosterEntry.java]" classname="jmri.util.FileLineEndingsTest" time="0.001"/>
  <testcase name="lineEndings[./java/src/jmri/Reporter.java]" classname="jmri.util.FileLineEndingsTest" time="0"/>
  <testcase name="lineEndings[./java/src/jmri/Conditional.java]" classname="jmri.util.FileLineEndingsTest" time="0.001"/>
  <testcase name="lineEndings[./java/src/jmri/Signal.java]" classname="jmri.util.FileLineEndingsTest" time="0.001"/>
  <testcase name="lineEndings[./java/src/jmri/ReporterManager.java]" classname="jmri.util.FileLineEndingsTest" time="0.001"/>
  <testcase name="lineEndings[./java/src/jmri/package-info.java]" classname="jmri.util.FileLineEndingsTest" time="0.001"/>
  <testcase name="lineEndings[./java/src/jmri/AddressedProgrammerManager.java]" classname="jmri.util.FileLineEndingsTest" time="0"/>
  <testcase name="lineEndings[./java/src/jmri/FastClock.java]" classname="jmri.util.FileLineEndingsTest" time="0.001"/>
  <testcase name="lineEndings[./java/src/jmri/plaf/macosx/package-info.java]" classname="jmri.util.FileLineEndingsTest" time="0.001"/>
  <testcase name="lineEndings[./java/src/jmri/plaf/macosx/Application.java]" classname="jmri.util.FileLineEndingsTest" time="0.001"/>
  <testcase name="lineEndings[./java/src/jmri/plaf/macosx/AboutHandler.java]" classname="jmri.util.FileLineEndingsTest" time="0"/>
  <testcase name="lineEndings[./java/src/jmri/plaf/macosx/Jdk9Application.java]" classname="jmri.util.FileLineEndingsTest" time="0.001"/>
  <testcase name="lineEndings[./java/src/jmri/plaf/macosx/EawtApplication.java]" classname="jmri.util.FileLineEndingsTest" time="0.001"/>
  <testcase name="lineEndings[./java/src/jmri/plaf/macosx/QuitHandler.java]" classname="jmri.util.FileLineEndingsTest" time="0.001"/>
  <testcase name="lineEndings[./java/src/jmri/plaf/macosx/PreferencesHandler.java]" classname="jmri.util.FileLineEndingsTest" time="0"/>
  <testcase name="lineEndings[./java/src/jmri/RailCom.java]" classname="jmri.util.FileLineEndingsTest" time="0.001"/>
  <testcase name="lineEndings[./java/src/jmri/RouteManager.java]" classname="jmri.util.FileLineEndingsTest" time="0.001"/>
  <testcase name="lineEndings[./java/src/jmri/ModifiedFlag.java]" classname="jmri.util.FileLineEndingsTest" time="0"/>
  <testcase name="lineEndings[./java/src/jmri/InstanceManager.java]" classname="jmri.util.FileLineEndingsTest" time="0"/>
  <testcase name="lineEndings[./java/src/jmri/UserPreferencesManager.java]" classname="jmri.util.FileLineEndingsTest" time="0.001"/>
  <testcase name="lineEndings[./java/src/jmri/Memory.java]" classname="jmri.util.FileLineEndingsTest" time="0.001"/>
  <testcase name="lineEndings[./java/src/jmri/ConsistListener.java]" classname="jmri.util.FileLineEndingsTest" time="0.001"/>
  <testcase name="lineEndings[./java/src/jmri/ProvidingManager.java]" classname="jmri.util.FileLineEndingsTest" time="0"/>
  <testcase name="lineEndings[./java/src/jmri/NamedBeanHandleManager.java]" classname="jmri.util.FileLineEndingsTest" time="0.001"/>
  <testcase name="lineEndings[./java/src/jmri/ProgrammingMode.java]" classname="jmri.util.FileLineEndingsTest" time="0.001"/>
  <testcase name="lineEndings[./java/src/jmri/GlobalProgrammerManager.java]" classname="jmri.util.FileLineEndingsTest" time="0.001"/>
  <testcase name="lineEndings[./java/src/jmri/EntryPoint.java]" classname="jmri.util.FileLineEndingsTest" time="0.001"/>
  <testcase name="lineEndings[./java/src/jmri/NamedBeanPropertyDescriptor.java]" classname="jmri.util.FileLineEndingsTest" time="0"/>
  <testcase name="lineEndings[./java/src/jmri/SignalGroupManager.java]" classname="jmri.util.FileLineEndingsTest" time="0.001"/>
  <testcase name="lineEndings[./java/src/jmri/SignalAppearanceMap.java]" classname="jmri.util.FileLineEndingsTest" time="0.001"/>
  <testcase name="lineEndings[./java/src/jmri/ConfigureManager.java]" classname="jmri.util.FileLineEndingsTest" time="0"/>
  <testcase name="lineEndings[./java/src/jmri/AddressedProgrammer.java]" classname="jmri.util.FileLineEndingsTest" time="0"/>
  <testcase name="lineEndings[./java/src/jmri/SignalHeadManager.java]" classname="jmri.util.FileLineEndingsTest" time="0.001"/>
  <testcase name="lineEndings[./java/src/jmri/PowerManager.java]" classname="jmri.util.FileLineEndingsTest" time="0.001"/>
  <testcase name="lineEndings[./java/src/jmri/RailComManager.java]" classname="jmri.util.FileLineEndingsTest" time="0"/>
  <testcase name="lineEndings[./java/src/jmri/JmriPlugin.java]" classname="jmri.util.FileLineEndingsTest" time="0.001"/>
  <testcase name="lineEndings[./java/src/jmri/SignalMastManager.java]" classname="jmri.util.FileLineEndingsTest" time="0.001"/>
  <testcase name="lineEndings[./java/src/jmri/BlockManager.java]" classname="jmri.util.FileLineEndingsTest" time="0.001"/>
  <testcase name="lineEndings[./java/src/jmri/DccLocoAddress.java]" classname="jmri.util.FileLineEndingsTest" time="0.001"/>
  <testcase name="lineEndings[./java/src/jmri/TransitSection.java]" classname="jmri.util.FileLineEndingsTest" time="0"/>
  <testcase name="lineEndings[./java/src/jmri/TurnoutOperator.java]" classname="jmri.util.FileLineEndingsTest" time="0.001"/>
  <testcase name="lineEndings[./java/src/jmri/NmraPacket.java]" classname="jmri.util.FileLineEndingsTest" time="0.001"/>
  <testcase name="lineEndings[./java/src/jmri/NamedBeanHandle.java]" classname="jmri.util.FileLineEndingsTest" time="0.001"/>
  <testcase name="lineEndings[./java/src/jmri/Programmer.java]" classname="jmri.util.FileLineEndingsTest" time="0.001"/>
  <testcase name="lineEndings[./java/src/jmri/Application.java]" classname="jmri.util.FileLineEndingsTest" time="0"/>
  <testcase name="lineEndings[./java/src/jmri/BeanSetting.java]" classname="jmri.util.FileLineEndingsTest" time="0.001"/>
  <testcase name="lineEndings[./java/src/jmri/InstanceManagerAutoDefault.java]" classname="jmri.util.FileLineEndingsTest" time="0.001"/>
  <testcase name="lineEndings[./java/src/jmri/PhysicalLocationReporter.java]" classname="jmri.util.FileLineEndingsTest" time="0.001"/>
  <testcase name="lineEndings[./java/src/jmri/Metadata.java]" classname="jmri.util.FileLineEndingsTest" time="0"/>
  <testcase name="lineEndings[./java/src/jmri/Timebase.java]" classname="jmri.util.FileLineEndingsTest" time="0.001"/>
  <testcase name="lineEndings[./java/src/jmri/ThrottleListener.java]" classname="jmri.util.FileLineEndingsTest" time="0.001"/>
  <testcase name="lineEndings[./java/src/jmri/NamedBean.java]" classname="jmri.util.FileLineEndingsTest" time="0.001"/>
  <testcase name="lineEndings[./java/src/jmri/DccThrottle.java]" classname="jmri.util.FileLineEndingsTest" time="0.001"/>
  <testcase name="lineEndings[./java/src/jmri/ExpectedState.java]" classname="jmri.util.FileLineEndingsTest" time="0"/>
  <testcase name="lineEndings[./java/src/jmri/SignalMastLogic.java]" classname="jmri.util.FileLineEndingsTest" time="0.001"/>
  <testcase name="lineEndings[./java/src/jmri/ConditionalAction.java]" classname="jmri.util.FileLineEndingsTest" time="0.001"/>
  <testcase name="lineEndings[./java/src/apps/InstallTest/InstallTest.java]" classname="jmri.util.FileLineEndingsTest" time="0.001"/>
  <testcase name="lineEndings[./java/src/apps/InstallTest/Bundle.java]" classname="jmri.util.FileLineEndingsTest" time="0"/>
  <testcase name="lineEndings[./java/src/apps/configurexml/PerformScriptModelXml.java]" classname="jmri.util.FileLineEndingsTest" time="0.001"/>
  <testcase name="lineEndings[./java/src/apps/configurexml/GuiLafConfigPaneXml.java]" classname="jmri.util.FileLineEndingsTest" time="0.001"/>
  <testcase name="lineEndings[./java/src/apps/configurexml/CreateButtonModelXml.java]" classname="jmri.util.FileLineEndingsTest" time="0.001"/>
  <testcase name="lineEndings[./java/src/apps/configurexml/FileLocationPaneXml.java]" classname="jmri.util.FileLineEndingsTest" time="0.001"/>
  <testcase name="lineEndings[./java/src/apps/configurexml/SystemConsoleConfigPanelXml.java]" classname="jmri.util.FileLineEndingsTest" time="0"/>
  <testcase name="lineEndings[./java/src/apps/configurexml/PerformFileModelXml.java]" classname="jmri.util.FileLineEndingsTest" time="0.001"/>
  <testcase name="lineEndings[./java/src/apps/configurexml/ManagerDefaultsConfigPaneXml.java]" classname="jmri.util.FileLineEndingsTest" time="0.001"/>
  <testcase name="lineEndings[./java/src/apps/configurexml/PerformActionModelXml.java]" classname="jmri.util.FileLineEndingsTest" time="0.001"/>
  <testcase name="lineEndings[./java/src/apps/FileLocationPane.java]" classname="jmri.util.FileLineEndingsTest" time="0"/>
  <testcase name="lineEndings[./java/src/apps/startup/AbstractFileModelFactory.java]" classname="jmri.util.FileLineEndingsTest" time="0.001"/>
  <testcase name="lineEndings[./java/src/apps/startup/PerformActionModelFactory.java]" classname="jmri.util.FileLineEndingsTest" time="0.001"/>
  <testcase name="lineEndings[./java/src/apps/startup/configurexml/TriggerRouteModelXml.java]" classname="jmri.util.FileLineEndingsTest" time="0.001"/>
  <testcase name="lineEndings[./java/src/apps/startup/configurexml/ScriptButtonModelXml.java]" classname="jmri.util.FileLineEndingsTest" time="0"/>
  <testcase name="lineEndings[./java/src/apps/startup/configurexml/StartupActionsPreferencesPanelXml.java]" classname="jmri.util.FileLineEndingsTest" time="0.001"/>
  <testcase name="lineEndings[./java/src/apps/startup/configurexml/Bundle.java]" classname="jmri.util.FileLineEndingsTest" time="0.001"/>
  <testcase name="lineEndings[./java/src/apps/startup/configurexml/StartupPauseModelXml.java]" classname="jmri.util.FileLineEndingsTest" time="0.001"/>
  <testcase name="lineEndings[./java/src/apps/startup/StartupModelCellRenderer.java]" classname="jmri.util.FileLineEndingsTest" time="0"/>
  <testcase name="lineEndings[./java/src/apps/startup/PerformScriptModelFactory.java]" classname="jmri.util.FileLineEndingsTest" time="0.046"/>
  <testcase name="lineEndings[./java/src/apps/startup/StartupModelCellEditor.java]" classname="jmri.util.FileLineEndingsTest" time="0.002"/>
  <testcase name="lineEndings[./java/src/apps/startup/StartupPauseFactory.java]" classname="jmri.util.FileLineEndingsTest" time="0.001"/>
  <testcase name="lineEndings[./java/src/apps/startup/AbstractActionModel.java]" classname="jmri.util.FileLineEndingsTest" time="0.001"/>
  <testcase name="lineEndings[./java/src/apps/startup/Bundle.java]" classname="jmri.util.FileLineEndingsTest" time="0.001"/>
  <testcase name="lineEndings[./java/src/apps/startup/ScriptButtonPanel.java]" classname="jmri.util.FileLineEndingsTest" time="0.001"/>
  <testcase name="lineEndings[./java/src/apps/startup/StartupModel.java]" classname="jmri.util.FileLineEndingsTest" time="0.001"/>
  <testcase name="lineEndings[./java/src/apps/startup/ScriptButtonModel.java]" classname="jmri.util.FileLineEndingsTest" time="0.001"/>
  <testcase name="lineEndings[./java/src/apps/startup/CreateButtonModelFactory.java]" classname="jmri.util.FileLineEndingsTest" time="0.002"/>
  <testcase name="lineEndings[./java/src/apps/startup/TriggerRouteModelFactory.java]" classname="jmri.util.FileLineEndingsTest" time="0.001"/>
  <testcase name="lineEndings[./java/src/apps/startup/StartupActionFactory.java]" classname="jmri.util.FileLineEndingsTest" time="0.001"/>
  <testcase name="lineEndings[./java/src/apps/startup/StartupActionModelUtil.java]" classname="jmri.util.FileLineEndingsTest" time="0.001"/>
  <testcase name="lineEndings[./java/src/apps/startup/AbstractStartupActionFactory.java]" classname="jmri.util.FileLineEndingsTest" time="0.002"/>
  <testcase name="lineEndings[./java/src/apps/startup/TriggerRouteModel.java]" classname="jmri.util.FileLineEndingsTest" time="0.001"/>
  <testcase name="lineEndings[./java/src/apps/startup/AbstractActionModelFactory.java]" classname="jmri.util.FileLineEndingsTest" time="0.001"/>
  <testcase name="lineEndings[./java/src/apps/startup/ScriptButtonModelFactory.java]" classname="jmri.util.FileLineEndingsTest" time="0.001"/>
  <testcase name="lineEndings[./java/src/apps/startup/AbstractStartupModel.java]" classname="jmri.util.FileLineEndingsTest" time="0.002"/>
  <testcase name="lineEndings[./java/src/apps/startup/StartupModelFactory.java]" classname="jmri.util.FileLineEndingsTest" time="0.001"/>
  <testcase name="lineEndings[./java/src/apps/startup/PerformFileModelFactory.java]" classname="jmri.util.FileLineEndingsTest" time="0.001"/>
  <testcase name="lineEndings[./java/src/apps/startup/StartupPauseModel.java]" classname="jmri.util.FileLineEndingsTest" time="0.001"/>
  <testcase name="lineEndings[./java/src/apps/startup/StartupActionsPreferencesPanel.java]" classname="jmri.util.FileLineEndingsTest" time="0.002"/>
  <testcase name="lineEndings[./java/src/apps/ManagerDefaultsConfigPane.java]" classname="jmri.util.FileLineEndingsTest" time="0.001"/>
  <testcase name="lineEndings[./java/src/apps/gui3/dp3/PaneProgDp3Action.java]" classname="jmri.util.FileLineEndingsTest" time="0.001"/>
  <testcase name="lineEndings[./java/src/apps/gui3/dp3/DecoderPro3Panes.java]" classname="jmri.util.FileLineEndingsTest" time="0.001"/>
  <testcase name="lineEndings[./java/src/apps/gui3/dp3/DecoderPro3Window.java]" classname="jmri.util.FileLineEndingsTest" time="0.002"/>
  <testcase name="lineEndings[./java/src/apps/gui3/dp3/DecoderPro3.java]" classname="jmri.util.FileLineEndingsTest" time="0.001"/>
  <testcase name="lineEndings[./java/src/apps/gui3/dp3/Bundle.java]" classname="jmri.util.FileLineEndingsTest" time="0.001"/>
  <testcase name="lineEndings[./java/src/apps/gui3/dp3/DecoderPro3Action.java]" classname="jmri.util.FileLineEndingsTest" time="0.001"/>
  <testcase name="lineEndings[./java/src/apps/gui3/FirstTimeStartUpWizard.java]" classname="jmri.util.FileLineEndingsTest" time="0.001"/>
  <testcase name="lineEndings[./java/src/apps/gui3/TabbedPreferencesAction.java]" classname="jmri.util.FileLineEndingsTest" time="0.001"/>
  <testcase name="lineEndings[./java/src/apps/gui3/paned/PanelProAction.java]" classname="jmri.util.FileLineEndingsTest" time="0.001"/>
  <testcase name="lineEndings[./java/src/apps/gui3/paned/QuitAction.java]" classname="jmri.util.FileLineEndingsTest" time="0.002"/>
  <testcase name="lineEndings[./java/src/apps/gui3/paned/Paned.java]" classname="jmri.util.FileLineEndingsTest" time="0.001"/>
  <testcase name="lineEndings[./java/src/apps/gui3/paned/PanelProFrame.java]" classname="jmri.util.FileLineEndingsTest" time="0.001"/>
  <testcase name="lineEndings[./java/src/apps/gui3/Bundle.java]" classname="jmri.util.FileLineEndingsTest" time="0.001"/>
  <testcase name="lineEndings[./java/src/apps/gui3/TabbedPreferences.java]" classname="jmri.util.FileLineEndingsTest" time="0.001"/>
  <testcase name="lineEndings[./java/src/apps/gui3/Apps3.java]" classname="jmri.util.FileLineEndingsTest" time="0.001"/>
  <testcase name="lineEndings[./java/src/apps/gui3/TabbedPreferencesFrame.java]" classname="jmri.util.FileLineEndingsTest" time="0.001"/>
  <testcase name="lineEndings[./java/src/apps/gui3/FirstTimeStartUpWizardAction.java]" classname="jmri.util.FileLineEndingsTest" time="0.001"/>
  <testcase name="lineEndings[./java/src/apps/gui3/mdi/MDI.java]" classname="jmri.util.FileLineEndingsTest" time="0.002"/>
  <testcase name="lineEndings[./java/src/apps/gui3/TabbedPreferencesProfileAction.java]" classname="jmri.util.FileLineEndingsTest" time="0.001"/>
  <testcase name="lineEndings[./java/src/apps/SoundPro/Bundle.java]" classname="jmri.util.FileLineEndingsTest" time="0.001"/>
  <testcase name="lineEndings[./java/src/apps/SoundPro/SoundPro.java]" classname="jmri.util.FileLineEndingsTest" time="0.001"/>
  <testcase name="lineEndings[./java/src/apps/GuiLafConfigPane.java]" classname="jmri.util.FileLineEndingsTest" time="0.001"/>
  <testcase name="lineEndings[./java/src/apps/PanelPro/PanelProAction.java]" classname="jmri.util.FileLineEndingsTest" time="0.001"/>
  <testcase name="lineEndings[./java/src/apps/PanelPro/Bundle.java]" classname="jmri.util.FileLineEndingsTest" time="0.001"/>
  <testcase name="lineEndings[./java/src/apps/PanelPro/PanelProPane.java]" classname="jmri.util.FileLineEndingsTest" time="0.001"/>
  <testcase name="lineEndings[./java/src/apps/PanelPro/PanelPro.java]" classname="jmri.util.FileLineEndingsTest" time="0.001"/>
  <testcase name="lineEndings[./java/src/apps/LicenseAction.java]" classname="jmri.util.FileLineEndingsTest" time="0.001"/>
  <testcase name="lineEndings[./java/src/apps/FindBugsCheck.java]" classname="jmri.util.FileLineEndingsTest" time="0.001"/>
  <testcase name="lineEndings[./java/src/apps/AppsBase.java]" classname="jmri.util.FileLineEndingsTest" time="0.001"/>
  <testcase name="lineEndings[./java/src/apps/ReportContextAction.java]" classname="jmri.util.FileLineEndingsTest" time="0.001"/>
  <testcase name="lineEndings[./java/src/apps/GuiLocalePreferencesPanel.java]" classname="jmri.util.FileLineEndingsTest" time="0.001"/>
  <testcase name="lineEndings[./java/src/apps/CreateButtonModel.java]" classname="jmri.util.FileLineEndingsTest" time="0.001"/>
  <testcase name="lineEndings[./java/src/apps/ConfigBundle.java]" classname="jmri.util.FileLineEndingsTest" time="0.001"/>
  <testcase name="lineEndings[./java/src/apps/AboutAction.java]" classname="jmri.util.FileLineEndingsTest" time="0.001"/>
  <testcase name="lineEndings[./java/src/apps/CheckerFrameworkCheck.java]" classname="jmri.util.FileLineEndingsTest" time="0.001"/>
  <testcase name="lineEndings[./java/src/apps/AppConfigBase.java]" classname="jmri.util.FileLineEndingsTest" time="0.001"/>
  <testcase name="lineEndings[./java/src/apps/DecoderPro/DecoderProPane.java]" classname="jmri.util.FileLineEndingsTest" time="0.001"/>
  <testcase name="lineEndings[./java/src/apps/DecoderPro/Bundle.java]" classname="jmri.util.FileLineEndingsTest" time="0.001"/>
  <testcase name="lineEndings[./java/src/apps/DecoderPro/DecoderProAction.java]" classname="jmri.util.FileLineEndingsTest" time="0.001"/>
  <testcase name="lineEndings[./java/src/apps/DecoderPro/DecoderPro.java]" classname="jmri.util.FileLineEndingsTest" time="0.001"/>
  <testcase name="lineEndings[./java/src/apps/AppsLaunchFrame.java]" classname="jmri.util.FileLineEndingsTest" time="0.001"/>
  <testcase name="lineEndings[./java/src/apps/PerformFileModel.java]" classname="jmri.util.FileLineEndingsTest" time="0.001"/>
  <testcase name="lineEndings[./java/src/apps/CheckForUpdateAction.java]" classname="jmri.util.FileLineEndingsTest" time="0.001"/>
  <testcase name="lineEndings[./java/src/apps/Bundle.java]" classname="jmri.util.FileLineEndingsTest" time="0.001"/>
  <testcase name="lineEndings[./java/src/apps/JmriFaceless.java]" classname="jmri.util.FileLineEndingsTest" time="0.001"/>
  <testcase name="lineEndings[./java/src/apps/DispatcherPro/DispatcherPro.java]" classname="jmri.util.FileLineEndingsTest" time="0.001"/>
  <testcase name="lineEndings[./java/src/apps/DispatcherPro/Bundle.java]" classname="jmri.util.FileLineEndingsTest" time="0.001"/>
  <testcase name="lineEndings[./java/src/apps/RestartAction.java]" classname="jmri.util.FileLineEndingsTest" time="0"/>
  <testcase name="lineEndings[./java/src/apps/SplashWindow.java]" classname="jmri.util.FileLineEndingsTest" time="0.001"/>
  <testcase name="lineEndings[./java/src/apps/StartupActionsManager.java]" classname="jmri.util.FileLineEndingsTest" time="0.001"/>
  <testcase name="lineEndings[./java/src/apps/RestartStartupActionFactory.java]" classname="jmri.util.FileLineEndingsTest" time="0.001"/>
  <testcase name="lineEndings[./java/src/apps/gui/GuiLafPreferencesManager.java]" classname="jmri.util.FileLineEndingsTest" time="0.001"/>
  <testcase name="lineEndings[./java/src/apps/systemconsole/SystemConsolePreferencesManager.java]" classname="jmri.util.FileLineEndingsTest" time="0.001"/>
  <testcase name="lineEndings[./java/src/apps/PerformScriptModel.java]" classname="jmri.util.FileLineEndingsTest" time="0.001"/>
  <testcase name="lineEndings[./java/src/apps/PerformActionModel.java]" classname="jmri.util.FileLineEndingsTest" time="0.001"/>
  <testcase name="lineEndings[./java/src/apps/SampleMinimalProgram.java]" classname="jmri.util.FileLineEndingsTest" time="0.001"/>
  <testcase name="lineEndings[./java/src/apps/SystemConsole.java]" classname="jmri.util.FileLineEndingsTest" time="0.001"/>
  <testcase name="lineEndings[./java/src/apps/AppsLaunchPane.java]" classname="jmri.util.FileLineEndingsTest" time="0.001"/>
  <testcase name="lineEndings[./java/src/apps/SystemConsoleAction.java]" classname="jmri.util.FileLineEndingsTest" time="0.001"/>
  <testcase name="lineEndings[./java/src/apps/Apps.java]" classname="jmri.util.FileLineEndingsTest" time="0.001"/>
  <testcase name="lineEndings[./java/src/apps/SystemConsoleConfigPanel.java]" classname="jmri.util.FileLineEndingsTest" time="0.001"/>
  <testcase name="lineEndings[./java/test/apps/configurexml/PerformActionModelXmlTest.java]" classname="jmri.util.FileLineEndingsTest" time="0.001"/>
  <testcase name="lineEndings[./java/test/apps/configurexml/PerformScriptModelXmlTest.java]" classname="jmri.util.FileLineEndingsTest" time="0.001"/>
  <testcase name="lineEndings[./java/test/apps/configurexml/SystemConsoleConfigPanelXmlTest.java]" classname="jmri.util.FileLineEndingsTest" time="0.001"/>
  <testcase name="lineEndings[./java/test/apps/configurexml/ManagerDefaultsConfigPaneXmlTest.java]" classname="jmri.util.FileLineEndingsTest" time="0.001"/>
  <testcase name="lineEndings[./java/test/apps/configurexml/FileLocationPaneXmlTest.java]" classname="jmri.util.FileLineEndingsTest" time="0.001"/>
  <testcase name="lineEndings[./java/test/apps/configurexml/PackageTest.java]" classname="jmri.util.FileLineEndingsTest" time="0.001"/>
  <testcase name="lineEndings[./java/test/apps/configurexml/PerformFileModelXmlTest.java]" classname="jmri.util.FileLineEndingsTest" time="0"/>
  <testcase name="lineEndings[./java/test/apps/configurexml/GuiLafConfigPaneXmlTest.java]" classname="jmri.util.FileLineEndingsTest" time="0.001"/>
  <testcase name="lineEndings[./java/test/apps/configurexml/CreateButtonModelXmlTest.java]" classname="jmri.util.FileLineEndingsTest" time="0.001"/>
  <testcase name="lineEndings[./java/test/apps/PanelPro/PackageTest.java]" classname="jmri.util.FileLineEndingsTest" time="0.001"/>
  <testcase name="lineEndings[./java/test/apps/PanelPro/PanelProTest.java]" classname="jmri.util.FileLineEndingsTest" time="0.001"/>
  <testcase name="lineEndings[./java/test/apps/PanelPro/PanelProActionTest.java]" classname="jmri.util.FileLineEndingsTest" time="0.001"/>
  <testcase name="lineEndings[./java/test/apps/PanelPro/BundleTest.java]" classname="jmri.util.FileLineEndingsTest" time="0"/>
  <testcase name="lineEndings[./java/test/apps/PanelPro/PanelProPaneTest.java]" classname="jmri.util.FileLineEndingsTest" time="0.001"/>
  <testcase name="lineEndings[./java/test/apps/AppsTest.java]" classname="jmri.util.FileLineEndingsTest" time="0"/>
  <testcase name="lineEndings[./java/test/apps/startup/configurexml/ScriptButtonModelXmlTest.java]" classname="jmri.util.FileLineEndingsTest" time="0.001"/>
  <testcase name="lineEndings[./java/test/apps/startup/configurexml/TriggerRouteModelXmlTest.java]" classname="jmri.util.FileLineEndingsTest" time="0.001"/>
  <testcase name="lineEndings[./java/test/apps/startup/configurexml/StartupActionsPreferencesPanelXmlTest.java]" classname="jmri.util.FileLineEndingsTest" time="0.001"/>
  <testcase name="lineEndings[./java/test/apps/startup/configurexml/BundleTest.java]" classname="jmri.util.FileLineEndingsTest" time="0.001"/>
  <testcase name="lineEndings[./java/test/apps/startup/configurexml/StartupPauseModelXmlTest.java]" classname="jmri.util.FileLineEndingsTest" time="0.001"/>
  <testcase name="lineEndings[./java/test/apps/startup/configurexml/PackageTest.java]" classname="jmri.util.FileLineEndingsTest" time="0.001"/>
  <testcase name="lineEndings[./java/test/apps/startup/TriggerRouteModelTest.java]" classname="jmri.util.FileLineEndingsTest" time="0"/>
  <testcase name="lineEndings[./java/test/apps/startup/ScriptButtonPanelTest.java]" classname="jmri.util.FileLineEndingsTest" time="0.001"/>
  <testcase name="lineEndings[./java/test/apps/startup/ScriptButtonModelFactoryTest.java]" classname="jmri.util.FileLineEndingsTest" time="0.001"/>
  <testcase name="lineEndings[./java/test/apps/startup/PackageTest.java]" classname="jmri.util.FileLineEndingsTest" time="0.001"/>
  <testcase name="lineEndings[./java/test/apps/startup/CreateButtonModelFactoryTest.java]" classname="jmri.util.FileLineEndingsTest" time="0.001"/>
  <testcase name="lineEndings[./java/test/apps/startup/AbstractActionModelTest.java]" classname="jmri.util.FileLineEndingsTest" time="0.001"/>
  <testcase name="lineEndings[./java/test/apps/startup/PerformScriptModelFactoryTest.java]" classname="jmri.util.FileLineEndingsTest" time="0"/>
  <testcase name="lineEndings[./java/test/apps/startup/AbstractStartupModelTest.java]" classname="jmri.util.FileLineEndingsTest" time="0.001"/>
  <testcase name="lineEndings[./java/test/apps/startup/StartupActionModelUtilTest.java]" classname="jmri.util.FileLineEndingsTest" time="0.001"/>
  <testcase name="lineEndings[./java/test/apps/startup/PerformActionModelFactoryTest.java]" classname="jmri.util.FileLineEndingsTest" time="0.001"/>
  <testcase name="lineEndings[./java/test/apps/startup/BundleTest.java]" classname="jmri.util.FileLineEndingsTest" time="0.001"/>
  <testcase name="lineEndings[./java/test/apps/startup/StartupPauseModelTest.java]" classname="jmri.util.FileLineEndingsTest" time="0.001"/>
  <testcase name="lineEndings[./java/test/apps/startup/StartupPauseFactoryTest.java]" classname="jmri.util.FileLineEndingsTest" time="0.001"/>
  <testcase name="lineEndings[./java/test/apps/startup/PerformFileModelFactoryTest.java]" classname="jmri.util.FileLineEndingsTest" time="0"/>
  <testcase name="lineEndings[./java/test/apps/startup/StartupActionsPreferencesPanelTest.java]" classname="jmri.util.FileLineEndingsTest" time="0.001"/>
  <testcase name="lineEndings[./java/test/apps/startup/StartupModelCellEditorTest.java]" classname="jmri.util.FileLineEndingsTest" time="0.001"/>
  <testcase name="lineEndings[./java/test/apps/startup/ScriptButtonModelTest.java]" classname="jmri.util.FileLineEndingsTest" time="0.001"/>
  <testcase name="lineEndings[./java/test/apps/startup/StartupModelCellRendererTest.java]" classname="jmri.util.FileLineEndingsTest" time="0.001"/>
  <testcase name="lineEndings[./java/test/apps/startup/TriggerRouteModelFactoryTest.java]" classname="jmri.util.FileLineEndingsTest" time="0.001"/>
  <testcase name="lineEndings[./java/test/apps/gui3/paned/PackageTest.java]" classname="jmri.util.FileLineEndingsTest" time="0"/>
  <testcase name="lineEndings[./java/test/apps/gui3/paned/QuitActionTest.java]" classname="jmri.util.FileLineEndingsTest" time="0.001"/>
  <testcase name="lineEndings[./java/test/apps/gui3/paned/PanedTest.java]" classname="jmri.util.FileLineEndingsTest" time="0.001"/>
  <testcase name="lineEndings[./java/test/apps/gui3/paned/PanelProFrameTest.java]" classname="jmri.util.FileLineEndingsTest" time="0.001"/>
  <testcase name="lineEndings[./java/test/apps/gui3/paned/PanelProActionTest.java]" classname="jmri.util.FileLineEndingsTest" time="0.001"/>
  <testcase name="lineEndings[./java/test/apps/gui3/BundleTest.java]" classname="jmri.util.FileLineEndingsTest" time="0.001"/>
  <testcase name="lineEndings[./java/test/apps/gui3/FirstTimeStartUpWizardActionTest.java]" classname="jmri.util.FileLineEndingsTest" time="0"/>
  <testcase name="lineEndings[./java/test/apps/gui3/TabbedPreferencesTest.java]" classname="jmri.util.FileLineEndingsTest" time="0.001"/>
  <testcase name="lineEndings[./java/test/apps/gui3/mdi/MDITest.java]" classname="jmri.util.FileLineEndingsTest" time="0.001"/>
  <testcase name="lineEndings[./java/test/apps/gui3/mdi/PackageTest.java]" classname="jmri.util.FileLineEndingsTest" time="0.001"/>
  <testcase name="lineEndings[./java/test/apps/gui3/dp3/PackageTest.java]" classname="jmri.util.FileLineEndingsTest" time="0.001"/>
  <testcase name="lineEndings[./java/test/apps/gui3/dp3/DecoderPro3Test.java]" classname="jmri.util.FileLineEndingsTest" time="0.001"/>
  <testcase name="lineEndings[./java/test/apps/gui3/dp3/DecoderPro3WindowTest.java]" classname="jmri.util.FileLineEndingsTest" time="0"/>
  <testcase name="lineEndings[./java/test/apps/gui3/dp3/BundleTest.java]" classname="jmri.util.FileLineEndingsTest" time="0.001"/>
  <testcase name="lineEndings[./java/test/apps/gui3/dp3/DecoderPro3PanesTest.java]" classname="jmri.util.FileLineEndingsTest" time="0.001"/>
  <testcase name="lineEndings[./java/test/apps/gui3/dp3/DecoderPro3ActionTest.java]" classname="jmri.util.FileLineEndingsTest" time="0.001"/>
  <testcase name="lineEndings[./java/test/apps/gui3/dp3/PaneProgDp3ActionTest.java]" classname="jmri.util.FileLineEndingsTest" time="0.001"/>
  <testcase name="lineEndings[./java/test/apps/gui3/PackageTest.java]" classname="jmri.util.FileLineEndingsTest" time="0.001"/>
  <testcase name="lineEndings[./java/test/apps/gui3/FirstTimeStartUpWizardTest.java]" classname="jmri.util.FileLineEndingsTest" time="0"/>
  <testcase name="lineEndings[./java/test/apps/gui3/TabbedPreferencesProfileActionTest.java]" classname="jmri.util.FileLineEndingsTest" time="0"/>
  <testcase name="lineEndings[./java/test/apps/gui3/TabbedPreferencesActionTest.java]" classname="jmri.util.FileLineEndingsTest" time="0.001"/>
  <testcase name="lineEndings[./java/test/apps/gui3/TabbedPreferencesFrameTest.java]" classname="jmri.util.FileLineEndingsTest" time="0.001"/>
  <testcase name="lineEndings[./java/test/apps/ValidateConfigFilesTest.java]" classname="jmri.util.FileLineEndingsTest" time="0.001"/>
  <testcase name="lineEndings[./java/test/apps/AppsLaunchFrameTest.java]" classname="jmri.util.FileLineEndingsTest" time="0.001"/>
  <testcase name="lineEndings[./java/test/apps/BundleTest.java]" classname="jmri.util.FileLineEndingsTest" time="0"/>
  <testcase name="lineEndings[./java/test/apps/SoundPro/PackageTest.java]" classname="jmri.util.FileLineEndingsTest" time="0.001"/>
  <testcase name="lineEndings[./java/test/apps/SoundPro/SoundProTest.java]" classname="jmri.util.FileLineEndingsTest" time="0.001"/>
  <testcase name="lineEndings[./java/test/apps/SoundPro/BundleTest.java]" classname="jmri.util.FileLineEndingsTest" time="0.001"/>
  <testcase name="lineEndings[./java/test/apps/PackageTest.java]" classname="jmri.util.FileLineEndingsTest" time="0.001"/>
  <testcase name="lineEndings[./java/test/apps/ConfigBundleTest.java]" classname="jmri.util.FileLineEndingsTest" time="0.001"/>
  <testcase name="lineEndings[./java/test/apps/SystemConsoleTest.java]" classname="jmri.util.FileLineEndingsTest" time="0.001"/>
  <testcase name="lineEndings[./java/test/apps/ManagerDefaultsConfigPaneTest.java]" classname="jmri.util.FileLineEndingsTest" time="0"/>
  <testcase name="lineEndings[./java/test/apps/PerformFileModelTest.java]" classname="jmri.util.FileLineEndingsTest" time="0.001"/>
  <testcase name="lineEndings[./java/test/apps/AboutActionTest.java]" classname="jmri.util.FileLineEndingsTest" time="0.001"/>
  <testcase name="lineEndings[./java/test/apps/DecoderPro/BundleTest.java]" classname="jmri.util.FileLineEndingsTest" time="0.001"/>
  <testcase name="lineEndings[./java/test/apps/DecoderPro/DecoderProActionTest.java]" classname="jmri.util.FileLineEndingsTest" time="0.001"/>
  <testcase name="lineEndings[./java/test/apps/DecoderPro/DecoderProTest.java]" classname="jmri.util.FileLineEndingsTest" time="0.001"/>
  <testcase name="lineEndings[./java/test/apps/DecoderPro/PackageTest.java]" classname="jmri.util.FileLineEndingsTest" time="0"/>
  <testcase name="lineEndings[./java/test/apps/DecoderPro/DecoderProPaneTest.java]" classname="jmri.util.FileLineEndingsTest" time="0.001"/>
  <testcase name="lineEndings[./java/test/apps/systemconsole/PackageTest.java]" classname="jmri.util.FileLineEndingsTest" time="0.001"/>
  <testcase name="lineEndings[./java/test/apps/systemconsole/SystemConsolePreferencesManagerTest.java]" classname="jmri.util.FileLineEndingsTest" time="0.001"/>
  <testcase name="lineEndings[./java/test/apps/InstallTest/PackageTest.java]" classname="jmri.util.FileLineEndingsTest" time="0.001"/>
  <testcase name="lineEndings[./java/test/apps/InstallTest/BundleTest.java]" classname="jmri.util.FileLineEndingsTest" time="0.001"/>
  <testcase name="lineEndings[./java/test/apps/InstallTest/InstallTestTest.java]" classname="jmri.util.FileLineEndingsTest" time="0"/>
  <testcase name="lineEndings[./java/test/apps/RestartStartupActionFactoryTest.java]" classname="jmri.util.FileLineEndingsTest" time="0.001"/>
  <testcase name="lineEndings[./java/test/apps/JmriFacelessTest.java]" classname="jmri.util.FileLineEndingsTest" time="0.001"/>
  <testcase name="lineEndings[./java/test/apps/DispatcherPro/DispatcherProTest.java]" classname="jmri.util.FileLineEndingsTest" time="0.001"/>
  <testcase name="lineEndings[./java/test/apps/DispatcherPro/PackageTest.java]" classname="jmri.util.FileLineEndingsTest" time="0.001"/>
  <testcase name="lineEndings[./java/test/apps/DispatcherPro/BundleTest.java]" classname="jmri.util.FileLineEndingsTest" time="0.001"/>
  <testcase name="lineEndings[./java/test/apps/SampleMinimalProgramTest.java]" classname="jmri.util.FileLineEndingsTest" time="0"/>
  <testcase name="lineEndings[./java/test/apps/PerformScriptModelTest.java]" classname="jmri.util.FileLineEndingsTest" time="0.001"/>
  <testcase name="lineEndings[./java/test/apps/tests/AllTest.java]" classname="jmri.util.FileLineEndingsTest" time="0.001"/>
  <testcase name="lineEndings[./java/test/apps/tests/Log4JFixture.java]" classname="jmri.util.FileLineEndingsTest" time="0.001"/>
  <testcase name="lineEndings[./java/test/apps/CreateButtonModelTest.java]" classname="jmri.util.FileLineEndingsTest" time="0.001"/>
  <testcase name="lineEndings[./java/test/apps/FileLocationPaneTest.java]" classname="jmri.util.FileLineEndingsTest" time="0.001"/>
  <testcase name="lineEndings[./java/test/apps/GuiLocalePreferencesPanelTest.java]" classname="jmri.util.FileLineEndingsTest" time="0"/>
  <testcase name="lineEndings[./java/test/apps/ReportContextActionTest.java]" classname="jmri.util.FileLineEndingsTest" time="0.001"/>
  <testcase name="lineEndings[./java/test/apps/gui/PackageTest.java]" classname="jmri.util.FileLineEndingsTest" time="0.001"/>
  <testcase name="lineEndings[./java/test/apps/gui/GuiLafPreferencesManagerTest.java]" classname="jmri.util.FileLineEndingsTest" time="0.001"/>
  <testcase name="lineEndings[./java/test/apps/LicenseActionTest.java]" classname="jmri.util.FileLineEndingsTest" time="0.001"/>
  <testcase name="lineEndings[./java/test/apps/SystemConsoleActionTest.java]" classname="jmri.util.FileLineEndingsTest" time="0.001"/>
  <testcase name="lineEndings[./java/test/apps/FindBugsCheckTest.java]" classname="jmri.util.FileLineEndingsTest" time="0"/>
  <testcase name="lineEndings[./java/test/apps/CheckForUpdateActionTest.java]" classname="jmri.util.FileLineEndingsTest" time="0.001"/>
  <testcase name="lineEndings[./java/test/apps/SplashWindowTest.java]" classname="jmri.util.FileLineEndingsTest" time="0.001"/>
  <testcase name="lineEndings[./java/test/apps/CheckerFrameworkCheckTest.java]" classname="jmri.util.FileLineEndingsTest" time="0.001"/>
  <testcase name="lineEndings[./java/test/apps/GuiLafConfigPaneTest.java]" classname="jmri.util.FileLineEndingsTest" time="0.001"/>
  <testcase name="lineEndings[./java/test/apps/StartupActionsManagerTest.java]" classname="jmri.util.FileLineEndingsTest" time="0"/>
  <testcase name="lineEndings[./java/test/apps/PerformActionModelTest.java]" classname="jmri.util.FileLineEndingsTest" time="0.001"/>
  <testcase name="lineEndings[./java/test/apps/SystemConsoleConfigPanelTest.java]" classname="jmri.util.FileLineEndingsTest" time="0.001"/>
  <testcase name="lineEndings[./java/test/apps/AppConfigBaseTest.java]" classname="jmri.util.FileLineEndingsTest" time="0.001"/>
  <testcase name="lineEndings[./java/test/apps/RestartActionTest.java]" classname="jmri.util.FileLineEndingsTest" time="0.001"/>
  <testcase name="lineEndings[./java/test/jmri/jmrix/nce/usbdriver/configurexml/PackageTest.java]" classname="jmri.util.FileLineEndingsTest" time="0.001"/>
  <testcase name="lineEndings[./java/test/jmri/jmrix/nce/usbdriver/configurexml/ConnectionConfigXmlTest.java]" classname="jmri.util.FileLineEndingsTest" time="0"/>
  <testcase name="lineEndings[./java/test/jmri/jmrix/nce/usbdriver/ConnectionConfigTest.java]" classname="jmri.util.FileLineEndingsTest" time="0.001"/>
  <testcase name="lineEndings[./java/test/jmri/jmrix/nce/usbdriver/UsbDriverAdapterTest.java]" classname="jmri.util.FileLineEndingsTest" time="0.001"/>
  <testcase name="lineEndings[./java/test/jmri/jmrix/nce/usbdriver/PackageTest.java]" classname="jmri.util.FileLineEndingsTest" time="0.001"/>
  <testcase name="lineEndings[./java/test/jmri/jmrix/nce/macro/NceMacroGenPanelTest.java]" classname="jmri.util.FileLineEndingsTest" time="0.001"/>
  <testcase name="lineEndings[./java/test/jmri/jmrix/nce/macro/PackageTest.java]" classname="jmri.util.FileLineEndingsTest" time="0.001"/>
  <testcase name="lineEndings[./java/test/jmri/jmrix/nce/macro/BundleTest.java]" classname="jmri.util.FileLineEndingsTest" time="0.001"/>
  <testcase name="lineEndings[./java/test/jmri/jmrix/nce/macro/NceMacroRestoreTest.java]" classname="jmri.util.FileLineEndingsTest" time="0"/>
  <testcase name="lineEndings[./java/test/jmri/jmrix/nce/macro/NceMacroEditPanelTest.java]" classname="jmri.util.FileLineEndingsTest" time="0.001"/>
  <testcase name="lineEndings[./java/test/jmri/jmrix/nce/macro/NceMacroBackupTest.java]" classname="jmri.util.FileLineEndingsTest" time="0.001"/>
  <testcase name="lineEndings[./java/test/jmri/jmrix/nce/NceAIUCheckerTest.java]" classname="jmri.util.FileLineEndingsTest" time="0.001"/>
  <testcase name="lineEndings[./java/test/jmri/jmrix/nce/NceConnectionTypeListTest.java]" classname="jmri.util.FileLineEndingsTest" time="0.001"/>
  <testcase name="lineEndings[./java/test/jmri/jmrix/nce/simulator/configurexml/PackageTest.java]" classname="jmri.util.FileLineEndingsTest" time="0.001"/>
  <testcase name="lineEndings[./java/test/jmri/jmrix/nce/simulator/configurexml/ConnectionConfigXmlTest.java]" classname="jmri.util.FileLineEndingsTest" time="0"/>
  <testcase name="lineEndings[./java/test/jmri/jmrix/nce/simulator/ConnectionConfigTest.java]" classname="jmri.util.FileLineEndingsTest" time="0.001"/>
  <testcase name="lineEndings[./java/test/jmri/jmrix/nce/simulator/PackageTest.java]" classname="jmri.util.FileLineEndingsTest" time="0.001"/>
  <testcase name="lineEndings[./java/test/jmri/jmrix/nce/simulator/SimulatorAdapterTest.java]" classname="jmri.util.FileLineEndingsTest" time="0.001"/>
  <testcase name="lineEndings[./java/test/jmri/jmrix/nce/NceProgrammerTest.java]" classname="jmri.util.FileLineEndingsTest" time="0.001"/>
  <testcase name="lineEndings[./java/test/jmri/jmrix/nce/configurexml/NceLightManagerXmlTest.java]" classname="jmri.util.FileLineEndingsTest" time="0.001"/>
  <testcase name="lineEndings[./java/test/jmri/jmrix/nce/configurexml/PackageTest.java]" classname="jmri.util.FileLineEndingsTest" time="0.001"/>
  <testcase name="lineEndings[./java/test/jmri/jmrix/nce/configurexml/NceSensorManagerXmlTest.java]" classname="jmri.util.FileLineEndingsTest" time="0"/>
  <testcase name="lineEndings[./java/test/jmri/jmrix/nce/configurexml/NceTurnoutManagerXmlTest.java]" classname="jmri.util.FileLineEndingsTest" time="0.001"/>
  <testcase name="lineEndings[./java/test/jmri/jmrix/nce/serialdriver/configurexml/ConnectionConfigXmlTest.java]" classname="jmri.util.FileLineEndingsTest" time="0.001"/>
  <testcase name="lineEndings[./java/test/jmri/jmrix/nce/serialdriver/configurexml/PackageTest.java]" classname="jmri.util.FileLineEndingsTest" time="0.001"/>
  <testcase name="lineEndings[./java/test/jmri/jmrix/nce/serialdriver/ConnectionConfigTest.java]" classname="jmri.util.FileLineEndingsTest" time="0.001"/>
  <testcase name="lineEndings[./java/test/jmri/jmrix/nce/serialdriver/SerialDriverAdapterTest.java]" classname="jmri.util.FileLineEndingsTest" time="0.001"/>
  <testcase name="lineEndings[./java/test/jmri/jmrix/nce/serialdriver/PackageTest.java]" classname="jmri.util.FileLineEndingsTest" time="0.001"/>
  <testcase name="lineEndings[./java/test/jmri/jmrix/nce/clockmon/PackageTest.java]" classname="jmri.util.FileLineEndingsTest" time="0"/>
  <testcase name="lineEndings[./java/test/jmri/jmrix/nce/clockmon/ClockMonPanelTest.java]" classname="jmri.util.FileLineEndingsTest" time="0.001"/>
  <testcase name="lineEndings[./java/test/jmri/jmrix/nce/clockmon/BundleTest.java]" classname="jmri.util.FileLineEndingsTest" time="0.001"/>
  <testcase name="lineEndings[./java/test/jmri/jmrix/nce/ncemon/NceMonBinaryTest.java]" classname="jmri.util.FileLineEndingsTest" time="0.001"/>
  <testcase name="lineEndings[./java/test/jmri/jmrix/nce/ncemon/PackageTest.java]" classname="jmri.util.FileLineEndingsTest" time="0.001"/>
  <testcase name="lineEndings[./java/test/jmri/jmrix/nce/ncemon/NceMonPanelTest.java]" classname="jmri.util.FileLineEndingsTest" time="0.001"/>
  <testcase name="lineEndings[./java/test/jmri/jmrix/nce/ncemon/BundleTest.java]" classname="jmri.util.FileLineEndingsTest" time="0"/>
  <testcase name="lineEndings[./java/test/jmri/jmrix/nce/NcePortControllerTest.java]" classname="jmri.util.FileLineEndingsTest" time="0"/>
  <testcase name="lineEndings[./java/test/jmri/jmrix/nce/usbinterface/PackageTest.java]" classname="jmri.util.FileLineEndingsTest" time="0.001"/>
  <testcase name="lineEndings[./java/test/jmri/jmrix/nce/usbinterface/UsbInterfacePanelTest.java]" classname="jmri.util.FileLineEndingsTest" time="0.001"/>
  <testcase name="lineEndings[./java/test/jmri/jmrix/nce/NceSensorTest.java]" classname="jmri.util.FileLineEndingsTest" time="0.001"/>
  <testcase name="lineEndings[./java/test/jmri/jmrix/nce/NceThrottleTest.java]" classname="jmri.util.FileLineEndingsTest" time="0.001"/>
  <testcase name="lineEndings[./java/test/jmri/jmrix/nce/cab/BundleTest.java]" classname="jmri.util.FileLineEndingsTest" time="0.001"/>
  <testcase name="lineEndings[./java/test/jmri/jmrix/nce/cab/PackageTest.java]" classname="jmri.util.FileLineEndingsTest" time="0"/>
  <testcase name="lineEndings[./java/test/jmri/jmrix/nce/cab/NceShowCabPanelTest.java]" classname="jmri.util.FileLineEndingsTest" time="0.001"/>
  <testcase name="lineEndings[./java/test/jmri/jmrix/nce/NceMessageCheckTest.java]" classname="jmri.util.FileLineEndingsTest" time="0.001"/>
  <testcase name="lineEndings[./java/test/jmri/jmrix/nce/NceSystemConnectionMemoTest.java]" classname="jmri.util.FileLineEndingsTest" time="0.001"/>
  <testcase name="lineEndings[./java/test/jmri/jmrix/nce/consist/NceConsistRestoreTest.java]" classname="jmri.util.FileLineEndingsTest" time="0.001"/>
  <testcase name="lineEndings[./java/test/jmri/jmrix/nce/consist/PackageTest.java]" classname="jmri.util.FileLineEndingsTest" time="0.001"/>
  <testcase name="lineEndings[./java/test/jmri/jmrix/nce/consist/NceConsistRosterMenuTest.java]" classname="jmri.util.FileLineEndingsTest" time="0"/>
  <testcase name="lineEndings[./java/test/jmri/jmrix/nce/consist/NceConsistBackupTest.java]" classname="jmri.util.FileLineEndingsTest" time="0.001"/>
  <testcase name="lineEndings[./java/test/jmri/jmrix/nce/consist/NceConsistRosterEntryTest.java]" classname="jmri.util.FileLineEndingsTest" time="0.001"/>
  <testcase name="lineEndings[./java/test/jmri/jmrix/nce/consist/NceConsistEditPanelTest.java]" classname="jmri.util.FileLineEndingsTest" time="0.001"/>
  <testcase name="lineEndings[./java/test/jmri/jmrix/nce/consist/NceConsistRosterTest.java]" classname="jmri.util.FileLineEndingsTest" time="0.001"/>
  <testcase name="lineEndings[./java/test/jmri/jmrix/nce/consist/PrintNceConsistRosterActionTest.java]" classname="jmri.util.FileLineEndingsTest" time="0.001"/>
  <testcase name="lineEndings[./java/test/jmri/jmrix/nce/packetgen/NcePacketGenPanelTest.java]" classname="jmri.util.FileLineEndingsTest" time="0.001"/>
  <testcase name="lineEndings[./java/test/jmri/jmrix/nce/packetgen/BundleTest.java]" classname="jmri.util.FileLineEndingsTest" time="0"/>
  <testcase name="lineEndings[./java/test/jmri/jmrix/nce/packetgen/PackageTest.java]" classname="jmri.util.FileLineEndingsTest" time="0.001"/>
  <testcase name="lineEndings[./java/test/jmri/jmrix/nce/NceThrottleManagerTest.java]" classname="jmri.util.FileLineEndingsTest" time="0.001"/>
  <testcase name="lineEndings[./java/test/jmri/jmrix/nce/NceProgrammerManagerTest.java]" classname="jmri.util.FileLineEndingsTest" time="0.001"/>
  <testcase name="lineEndings[./java/test/jmri/jmrix/nce/NceAIUTest.java]" classname="jmri.util.FileLineEndingsTest" time="0.001"/>
  <testcase name="lineEndings[./java/test/jmri/jmrix/nce/NceMenuTest.java]" classname="jmri.util.FileLineEndingsTest" time="0.001"/>
  <testcase name="lineEndings[./java/test/jmri/jmrix/nce/NceTurnoutManagerTest.java]" classname="jmri.util.FileLineEndingsTest" time="0"/>
  <testcase name="lineEndings[./java/test/jmri/jmrix/nce/NceTurnoutTest.java]" classname="jmri.util.FileLineEndingsTest" time="0.001"/>
  <testcase name="lineEndings[./java/test/jmri/jmrix/nce/NceClockControlTest.java]" classname="jmri.util.FileLineEndingsTest" time="0.001"/>
  <testcase name="lineEndings[./java/test/jmri/jmrix/nce/swing/NceMenuTest.java]" classname="jmri.util.FileLineEndingsTest" time="0.001"/>
  <testcase name="lineEndings[./java/test/jmri/jmrix/nce/swing/NceComponentFactoryTest.java]" classname="jmri.util.FileLineEndingsTest" time="0.001"/>
  <testcase name="lineEndings[./java/test/jmri/jmrix/nce/swing/NceNamedPaneActionTest.java]" classname="jmri.util.FileLineEndingsTest" time="0.001"/>
  <testcase name="lineEndings[./java/test/jmri/jmrix/nce/swing/PackageTest.java]" classname="jmri.util.FileLineEndingsTest" time="0.001"/>
  <testcase name="lineEndings[./java/test/jmri/jmrix/nce/networkdriver/ConnectionConfigTest.java]" classname="jmri.util.FileLineEndingsTest" time="0"/>
  <testcase name="lineEndings[./java/test/jmri/jmrix/nce/networkdriver/configurexml/ConnectionConfigXmlTest.java]" classname="jmri.util.FileLineEndingsTest" time="0.001"/>
  <testcase name="lineEndings[./java/test/jmri/jmrix/nce/networkdriver/configurexml/PackageTest.java]" classname="jmri.util.FileLineEndingsTest" time="0.001"/>
  <testcase name="lineEndings[./java/test/jmri/jmrix/nce/networkdriver/NetworkDriverAdapterTest.java]" classname="jmri.util.FileLineEndingsTest" time="0.001"/>
  <testcase name="lineEndings[./java/test/jmri/jmrix/nce/networkdriver/PackageTest.java]" classname="jmri.util.FileLineEndingsTest" time="0.001"/>
  <testcase name="lineEndings[./java/test/jmri/jmrix/nce/NceLightManagerTest.java]" classname="jmri.util.FileLineEndingsTest" time="0.001"/>
  <testcase name="lineEndings[./java/test/jmri/jmrix/nce/NceListenerScaffold.java]" classname="jmri.util.FileLineEndingsTest" time="0.001"/>
  <testcase name="lineEndings[./java/test/jmri/jmrix/nce/NceLightTest.java]" classname="jmri.util.FileLineEndingsTest" time="0"/>
  <testcase name="lineEndings[./java/test/jmri/jmrix/nce/NcePowerManagerTest.java]" classname="jmri.util.FileLineEndingsTest" time="0.001"/>
  <testcase name="lineEndings[./java/test/jmri/jmrix/nce/NceInterfaceScaffold.java]" classname="jmri.util.FileLineEndingsTest" time="0.001"/>
  <testcase name="lineEndings[./java/test/jmri/jmrix/nce/NceTrafficControlScaffold.java]" classname="jmri.util.FileLineEndingsTest" time="0.001"/>
  <testcase name="lineEndings[./java/test/jmri/jmrix/nce/NceUSBTest.java]" classname="jmri.util.FileLineEndingsTest" time="0.001"/>
  <testcase name="lineEndings[./java/test/jmri/jmrix/nce/boosterprog/BoosterProgPanelTest.java]" classname="jmri.util.FileLineEndingsTest" time="0.001"/>
  <testcase name="lineEndings[./java/test/jmri/jmrix/nce/boosterprog/PackageTest.java]" classname="jmri.util.FileLineEndingsTest" time="0"/>
  <testcase name="lineEndings[./java/test/jmri/jmrix/nce/NceBinaryCommandTest.java]" classname="jmri.util.FileLineEndingsTest" time="0.001"/>
  <testcase name="lineEndings[./java/test/jmri/jmrix/nce/NceConsistManagerTest.java]" classname="jmri.util.FileLineEndingsTest" time="0.001"/>
  <testcase name="lineEndings[./java/test/jmri/jmrix/nce/NceConsistTest.java]" classname="jmri.util.FileLineEndingsTest" time="0.001"/>
  <testcase name="lineEndings[./java/test/jmri/jmrix/nce/NceTurnoutMonitorTest.java]" classname="jmri.util.FileLineEndingsTest" time="0.001"/>
  <testcase name="lineEndings[./java/test/jmri/jmrix/nce/PackageTest.java]" classname="jmri.util.FileLineEndingsTest" time="0.001"/>
  <testcase name="lineEndings[./java/test/jmri/jmrix/nce/BundleTest.java]" classname="jmri.util.FileLineEndingsTest" time="0"/>
  <testcase name="lineEndings[./java/test/jmri/jmrix/nce/NceNetworkPortControllerTest.java]" classname="jmri.util.FileLineEndingsTest" time="0.001"/>
  <testcase name="lineEndings[./java/test/jmri/jmrix/nce/NceSensorManagerTest.java]" classname="jmri.util.FileLineEndingsTest" time="0.001"/>
  <testcase name="lineEndings[./java/test/jmri/jmrix/nce/NceCmdStationMemoryTest.java]" classname="jmri.util.FileLineEndingsTest" time="0.001"/>
  <testcase name="lineEndings[./java/test/jmri/jmrix/nce/NceConnectionStatusTest.java]" classname="jmri.util.FileLineEndingsTest" time="0.001"/>
  <testcase name="lineEndings[./java/test/jmri/jmrix/nce/NceReplyTest.java]" classname="jmri.util.FileLineEndingsTest" time="0.001"/>
  <testcase name="lineEndings[./java/test/jmri/jmrix/nce/NceTrafficControllerTest.java]" classname="jmri.util.FileLineEndingsTest" time="0"/>
  <testcase name="lineEndings[./java/test/jmri/jmrix/nce/NceOpsModeProgrammerTest.java]" classname="jmri.util.FileLineEndingsTest" time="0.001"/>
  <testcase name="lineEndings[./java/test/jmri/jmrix/nce/NceMessageTest.java]" classname="jmri.util.FileLineEndingsTest" time="0.001"/>
  <testcase name="lineEndings[./java/test/jmri/jmrix/dcc4pc/swing/monitor/Dcc4PcMonPaneTest.java]" classname="jmri.util.FileLineEndingsTest" time="0.001"/>
  <testcase name="lineEndings[./java/test/jmri/jmrix/dcc4pc/swing/monitor/PackageTest.java]" classname="jmri.util.FileLineEndingsTest" time="0.001"/>
  <testcase name="lineEndings[./java/test/jmri/jmrix/dcc4pc/swing/Dcc4PcMenuTest.java]" classname="jmri.util.FileLineEndingsTest" time="0.001"/>
  <testcase name="lineEndings[./java/test/jmri/jmrix/dcc4pc/swing/Dcc4PcNamedPaneActionTest.java]" classname="jmri.util.FileLineEndingsTest" time="0.001"/>
  <testcase name="lineEndings[./java/test/jmri/jmrix/dcc4pc/swing/Dcc4PcComponentFactoryTest.java]" classname="jmri.util.FileLineEndingsTest" time="0"/>
  <testcase name="lineEndings[./java/test/jmri/jmrix/dcc4pc/swing/PackageTest.java]" classname="jmri.util.FileLineEndingsTest" time="0.002"/>
  <testcase name="lineEndings[./java/test/jmri/jmrix/dcc4pc/swing/packetgen/PackageTest.java]" classname="jmri.util.FileLineEndingsTest" time="0"/>
  <testcase name="lineEndings[./java/test/jmri/jmrix/dcc4pc/swing/packetgen/PacketGenPanelTest.java]" classname="jmri.util.FileLineEndingsTest" time="0.001"/>
  <testcase name="lineEndings[./java/test/jmri/jmrix/dcc4pc/swing/StatusPanelTest.java]" classname="jmri.util.FileLineEndingsTest" time="0.001"/>
  <testcase name="lineEndings[./java/test/jmri/jmrix/dcc4pc/swing/boardlists/BoardListPanelTest.java]" classname="jmri.util.FileLineEndingsTest" time="0.001"/>
  <testcase name="lineEndings[./java/test/jmri/jmrix/dcc4pc/swing/boardlists/PackageTest.java]" classname="jmri.util.FileLineEndingsTest" time="0.001"/>
  <testcase name="lineEndings[./java/test/jmri/jmrix/dcc4pc/Dcc4PcSystemConnectionMemoTest.java]" classname="jmri.util.FileLineEndingsTest" time="0.001"/>
  <testcase name="lineEndings[./java/test/jmri/jmrix/dcc4pc/configurexml/Dcc4PcSensorManagerXmlTest.java]" classname="jmri.util.FileLineEndingsTest" time="0"/>
  <testcase name="lineEndings[./java/test/jmri/jmrix/dcc4pc/configurexml/Dcc4PcReporterManagerXmlTest.java]" classname="jmri.util.FileLineEndingsTest" time="0.001"/>
  <testcase name="lineEndings[./java/test/jmri/jmrix/dcc4pc/configurexml/PackageTest.java]" classname="jmri.util.FileLineEndingsTest" time="0.001"/>
  <testcase name="lineEndings[./java/test/jmri/jmrix/dcc4pc/serialdriver/PackageTest.java]" classname="jmri.util.FileLineEndingsTest" time="0.001"/>
  <testcase name="lineEndings[./java/test/jmri/jmrix/dcc4pc/serialdriver/ConnectionConfigTest.java]" classname="jmri.util.FileLineEndingsTest" time="0.001"/>
  <testcase name="lineEndings[./java/test/jmri/jmrix/dcc4pc/serialdriver/configurexml/ConnectionConfigXmlTest.java]" classname="jmri.util.FileLineEndingsTest" time="0.001"/>
  <testcase name="lineEndings[./java/test/jmri/jmrix/dcc4pc/serialdriver/configurexml/PackageTest.java]" classname="jmri.util.FileLineEndingsTest" time="0.001"/>
  <testcase name="lineEndings[./java/test/jmri/jmrix/dcc4pc/serialdriver/SerialDriverAdapterTest.java]" classname="jmri.util.FileLineEndingsTest" time="0"/>
  <testcase name="lineEndings[./java/test/jmri/jmrix/dcc4pc/Dcc4PcTrafficControllerTest.java]" classname="jmri.util.FileLineEndingsTest" time="0.001"/>
  <testcase name="lineEndings[./java/test/jmri/jmrix/dcc4pc/Dcc4PcPortControllerTest.java]" classname="jmri.util.FileLineEndingsTest" time="0.001"/>
  <testcase name="lineEndings[./java/test/jmri/jmrix/dcc4pc/BundleTest.java]" classname="jmri.util.FileLineEndingsTest" time="0.001"/>
  <testcase name="lineEndings[./java/test/jmri/jmrix/dcc4pc/Dcc4PcProgrammerManagerTest.java]" classname="jmri.util.FileLineEndingsTest" time="0.001"/>
  <testcase name="lineEndings[./java/test/jmri/jmrix/dcc4pc/Dcc4PcMessageTest.java]" classname="jmri.util.FileLineEndingsTest" time="0.001"/>
  <testcase name="lineEndings[./java/test/jmri/jmrix/dcc4pc/Dcc4PcBoardManagerTest.java]" classname="jmri.util.FileLineEndingsTest" time="0"/>
  <testcase name="lineEndings[./java/test/jmri/jmrix/dcc4pc/Dcc4PcOpsModeProgrammerTest.java]" classname="jmri.util.FileLineEndingsTest" time="0.001"/>
  <testcase name="lineEndings[./java/test/jmri/jmrix/dcc4pc/Dcc4PcConnectionTypeListTest.java]" classname="jmri.util.FileLineEndingsTest" time="0.001"/>
  <testcase name="lineEndings[./java/test/jmri/jmrix/dcc4pc/Dcc4PcSensorTest.java]" classname="jmri.util.FileLineEndingsTest" time="0.001"/>
  <testcase name="lineEndings[./java/test/jmri/jmrix/dcc4pc/Dcc4PcSensorManagerTest.java]" classname="jmri.util.FileLineEndingsTest" time="0.001"/>
  <testcase name="lineEndings[./java/test/jmri/jmrix/dcc4pc/Dcc4PcReplyTest.java]" classname="jmri.util.FileLineEndingsTest" time="0.001"/>
  <testcase name="lineEndings[./java/test/jmri/jmrix/dcc4pc/PackageTest.java]" classname="jmri.util.FileLineEndingsTest" time="0"/>
  <testcase name="lineEndings[./java/test/jmri/jmrix/dcc4pc/Dcc4PcReporterTest.java]" classname="jmri.util.FileLineEndingsTest" time="0.001"/>
  <testcase name="lineEndings[./java/test/jmri/jmrix/dcc4pc/Dcc4PcReporterManagerTest.java]" classname="jmri.util.FileLineEndingsTest" time="0.001"/>
  <testcase name="lineEndings[./java/test/jmri/jmrix/internal/InternalTurnoutManagerTest.java]" classname="jmri.util.FileLineEndingsTest" time="0.001"/>
  <testcase name="lineEndings[./java/test/jmri/jmrix/internal/configurexml/InternalReporterManagerXmlTest.java]" classname="jmri.util.FileLineEndingsTest" time="0.001"/>
  <testcase name="lineEndings[./java/test/jmri/jmrix/internal/configurexml/InternalSensorManagerXmlTest.java]" classname="jmri.util.FileLineEndingsTest" time="0.001"/>
  <testcase name="lineEndings[./java/test/jmri/jmrix/internal/configurexml/ConnectionConfigXmlTest.java]" classname="jmri.util.FileLineEndingsTest" time="0"/>
  <testcase name="lineEndings[./java/test/jmri/jmrix/internal/configurexml/InternalLightManagerXmlTest.java]" classname="jmri.util.FileLineEndingsTest" time="0.001"/>
  <testcase name="lineEndings[./java/test/jmri/jmrix/internal/configurexml/InternalTurnoutManagerXmlTest.java]" classname="jmri.util.FileLineEndingsTest" time="0.001"/>
  <testcase name="lineEndings[./java/test/jmri/jmrix/internal/configurexml/PackageTest.java]" classname="jmri.util.FileLineEndingsTest" time="0.001"/>
  <testcase name="lineEndings[./java/test/jmri/jmrix/internal/InternalReporterManagerTest.java]" classname="jmri.util.FileLineEndingsTest" time="0.001"/>
  <testcase name="lineEndings[./java/test/jmri/jmrix/internal/InternalAdapterTest.java]" classname="jmri.util.FileLineEndingsTest" time="0.001"/>
  <testcase name="lineEndings[./java/test/jmri/jmrix/internal/InternalLightManagerTest.java]" classname="jmri.util.FileLineEndingsTest" time="0"/>
  <testcase name="lineEndings[./java/test/jmri/jmrix/internal/InternalSensorManagerTest.java]" classname="jmri.util.FileLineEndingsTest" time="0.001"/>
  <testcase name="lineEndings[./java/test/jmri/jmrix/internal/InternalSystemConnectionMemoTest.java]" classname="jmri.util.FileLineEndingsTest" time="0.001"/>
  <testcase name="lineEndings[./java/test/jmri/jmrix/internal/PackageTest.java]" classname="jmri.util.FileLineEndingsTest" time="0.001"/>
  <testcase name="lineEndings[./java/test/jmri/jmrix/internal/ConnectionConfigTest.java]" classname="jmri.util.FileLineEndingsTest" time="0.001"/>
  <testcase name="lineEndings[./java/test/jmri/jmrix/internal/BundleTest.java]" classname="jmri.util.FileLineEndingsTest" time="0.001"/>
  <testcase name="lineEndings[./java/test/jmri/jmrix/internal/InternalConsistManagerOpsModeTest.java]" classname="jmri.util.FileLineEndingsTest" time="0"/>
  <testcase name="lineEndings[./java/test/jmri/jmrix/internal/InternalConnectionTypeListTest.java]" classname="jmri.util.FileLineEndingsTest" time="0.001"/>
  <testcase name="lineEndings[./java/test/jmri/jmrix/internal/InternalConsistManagerTest.java]" classname="jmri.util.FileLineEndingsTest" time="0.001"/>
  <testcase name="lineEndings[./java/test/jmri/jmrix/roco/RocoConnectionTypeListTest.java]" classname="jmri.util.FileLineEndingsTest" time="0.001"/>
  <testcase name="lineEndings[./java/test/jmri/jmrix/roco/z21/swing/Z21ComponentFactoryTest.java]" classname="jmri.util.FileLineEndingsTest" time="0.001"/>
  <testcase name="lineEndings[./java/test/jmri/jmrix/roco/z21/swing/packetgen/PackageTest.java]" classname="jmri.util.FileLineEndingsTest" time="0.001"/>
  <testcase name="lineEndings[./java/test/jmri/jmrix/roco/z21/swing/packetgen/BundleTest.java]" classname="jmri.util.FileLineEndingsTest" time="0.001"/>
  <testcase name="lineEndings[./java/test/jmri/jmrix/roco/z21/swing/packetgen/PacketGenFrameTest.java]" classname="jmri.util.FileLineEndingsTest" time="0"/>
  <testcase name="lineEndings[./java/test/jmri/jmrix/roco/z21/swing/packetgen/PacketGenActionTest.java]" classname="jmri.util.FileLineEndingsTest" time="0.001"/>
  <testcase name="lineEndings[./java/test/jmri/jmrix/roco/z21/swing/PackageTest.java]" classname="jmri.util.FileLineEndingsTest" time="0.001"/>
  <testcase name="lineEndings[./java/test/jmri/jmrix/roco/z21/swing/configtool/Z21ConfigFrameTest.java]" classname="jmri.util.FileLineEndingsTest" time="0.001"/>
  <testcase name="lineEndings[./java/test/jmri/jmrix/roco/z21/swing/configtool/PackageTest.java]" classname="jmri.util.FileLineEndingsTest" time="0.001"/>
  <testcase name="lineEndings[./java/test/jmri/jmrix/roco/z21/swing/configtool/Z21ConfigActionTest.java]" classname="jmri.util.FileLineEndingsTest" time="0.001"/>
  <testcase name="lineEndings[./java/test/jmri/jmrix/roco/z21/swing/configtool/BundleTest.java]" classname="jmri.util.FileLineEndingsTest" time="0"/>
  <testcase name="lineEndings[./java/test/jmri/jmrix/roco/z21/swing/mon/Z21MonFrameTest.java]" classname="jmri.util.FileLineEndingsTest" time="0"/>
  <testcase name="lineEndings[./java/test/jmri/jmrix/roco/z21/swing/mon/Z21MonActionTest.java]" classname="jmri.util.FileLineEndingsTest" time="0.001"/>
  <testcase name="lineEndings[./java/test/jmri/jmrix/roco/z21/swing/mon/PackageTest.java]" classname="jmri.util.FileLineEndingsTest" time="0.001"/>
  <testcase name="lineEndings[./java/test/jmri/jmrix/roco/z21/swing/mon/BundleTest.java]" classname="jmri.util.FileLineEndingsTest" time="0.001"/>
  <testcase name="lineEndings[./java/test/jmri/jmrix/roco/z21/swing/Z21MenuTest.java]" classname="jmri.util.FileLineEndingsTest" time="0.001"/>
  <testcase name="lineEndings[./java/test/jmri/jmrix/roco/z21/swing/BundleTest.java]" classname="jmri.util.FileLineEndingsTest" time="0.001"/>
  <testcase name="lineEndings[./java/test/jmri/jmrix/roco/z21/Z21ReporterManagerTest.java]" classname="jmri.util.FileLineEndingsTest" time="0"/>
  <testcase name="lineEndings[./java/test/jmri/jmrix/roco/z21/simulator/Z21SimulatorLocoDataTest.java]" classname="jmri.util.FileLineEndingsTest" time="0.001"/>
  <testcase name="lineEndings[./java/test/jmri/jmrix/roco/z21/simulator/Z21SimulatorAdapterTest.java]" classname="jmri.util.FileLineEndingsTest" time="0.001"/>
  <testcase name="lineEndings[./java/test/jmri/jmrix/roco/z21/simulator/configurexml/Z21SimulatorConnectionConfigXmlTest.java]" classname="jmri.util.FileLineEndingsTest" time="0.001"/>
  <testcase name="lineEndings[./java/test/jmri/jmrix/roco/z21/simulator/configurexml/PackageTest.java]" classname="jmri.util.FileLineEndingsTest" time="0.001"/>
  <testcase name="lineEndings[./java/test/jmri/jmrix/roco/z21/simulator/configurexml/Z21SimulatorClassMigrationTest.java]" classname="jmri.util.FileLineEndingsTest" time="0.001"/>
  <testcase name="lineEndings[./java/test/jmri/jmrix/roco/z21/simulator/Z21SimulatorTest.java]" classname="jmri.util.FileLineEndingsTest" time="0.001"/>
  <testcase name="lineEndings[./java/test/jmri/jmrix/roco/z21/simulator/Z21XNetSimulatorAdapterTest.java]" classname="jmri.util.FileLineEndingsTest" time="0"/>
  <testcase name="lineEndings[./java/test/jmri/jmrix/roco/z21/simulator/PackageTest.java]" classname="jmri.util.FileLineEndingsTest" time="0.001"/>
  <testcase name="lineEndings[./java/test/jmri/jmrix/roco/z21/simulator/BundleTest.java]" classname="jmri.util.FileLineEndingsTest" time="0.001"/>
  <testcase name="lineEndings[./java/test/jmri/jmrix/roco/z21/simulator/Z21SimulatorConnectionConfigTest.java]" classname="jmri.util.FileLineEndingsTest" time="0.001"/>
  <testcase name="lineEndings[./java/test/jmri/jmrix/roco/z21/Z21XNetTurnoutManagerTest.java]" classname="jmri.util.FileLineEndingsTest" time="0.001"/>
  <testcase name="lineEndings[./java/test/jmri/jmrix/roco/z21/Z21XNetConnectionConfigTest.java]" classname="jmri.util.FileLineEndingsTest" time="0.001"/>
  <testcase name="lineEndings[./java/test/jmri/jmrix/roco/z21/configurexml/Z21XNetTurnoutManagerXmlTest.java]" classname="jmri.util.FileLineEndingsTest" time="0"/>
  <testcase name="lineEndings[./java/test/jmri/jmrix/roco/z21/configurexml/PackageTest.java]" classname="jmri.util.FileLineEndingsTest" time="0.001"/>
  <testcase name="lineEndings[./java/test/jmri/jmrix/roco/z21/configurexml/Z21ReporterManagerXmlTest.java]" classname="jmri.util.FileLineEndingsTest" time="0.001"/>
  <testcase name="lineEndings[./java/test/jmri/jmrix/roco/z21/configurexml/ConnectionConfigXmlTest.java]" classname="jmri.util.FileLineEndingsTest" time="0.001"/>
  <testcase name="lineEndings[./java/test/jmri/jmrix/roco/z21/Z21AdapterTest.java]" classname="jmri.util.FileLineEndingsTest" time="0.001"/>
  <testcase name="lineEndings[./java/test/jmri/jmrix/roco/z21/Z21SystemConnectionMemoTest.java]" classname="jmri.util.FileLineEndingsTest" time="0.001"/>
  <testcase name="lineEndings[./java/test/jmri/jmrix/roco/z21/Z21XNetPacketizerTest.java]" classname="jmri.util.FileLineEndingsTest" time="0"/>
  <testcase name="lineEndings[./java/test/jmri/jmrix/roco/z21/PackageTest.java]" classname="jmri.util.FileLineEndingsTest" time="0"/>
  <testcase name="lineEndings[./java/test/jmri/jmrix/roco/z21/BundleTest.java]" classname="jmri.util.FileLineEndingsTest" time="0.001"/>
  <testcase name="lineEndings[./java/test/jmri/jmrix/roco/z21/Z21LocoNetTunnelTest.java]" classname="jmri.util.FileLineEndingsTest" time="0.001"/>
  <testcase name="lineEndings[./java/test/jmri/jmrix/roco/z21/Z21ConstantsTest.java]" classname="jmri.util.FileLineEndingsTest" time="0.001"/>
  <testcase name="lineEndings[./java/test/jmri/jmrix/roco/z21/Z21XNetInitializationManagerTest.java]" classname="jmri.util.FileLineEndingsTest" time="0.001"/>
  <testcase name="lineEndings[./java/test/jmri/jmrix/roco/z21/Z21XNetThrottleTest.java]" classname="jmri.util.FileLineEndingsTest" time="0.001"/>
  <testcase name="lineEndings[./java/test/jmri/jmrix/roco/z21/Z21XNetTurnoutTest.java]" classname="jmri.util.FileLineEndingsTest" time="0"/>
  <testcase name="lineEndings[./java/test/jmri/jmrix/roco/z21/Z21ReporterTest.java]" classname="jmri.util.FileLineEndingsTest" time="0.001"/>
  <testcase name="lineEndings[./java/test/jmri/jmrix/roco/z21/Z21XNetProgrammerTest.java]" classname="jmri.util.FileLineEndingsTest" time="0.001"/>
  <testcase name="lineEndings[./java/test/jmri/jmrix/roco/z21/Z21MessageTest.java]" classname="jmri.util.FileLineEndingsTest" time="0.001"/>
  <testcase name="lineEndings[./java/test/jmri/jmrix/roco/z21/Z21XNetOpsModeProgrammerTest.java]" classname="jmri.util.FileLineEndingsTest" time="0.001"/>
  <testcase name="lineEndings[./java/test/jmri/jmrix/roco/z21/Z21InterfaceScaffold.java]" classname="jmri.util.FileLineEndingsTest" time="0.001"/>
  <testcase name="lineEndings[./java/test/jmri/jmrix/roco/z21/Z21XNetThrottleManagerTest.java]" classname="jmri.util.FileLineEndingsTest" time="0.001"/>
  <testcase name="lineEndings[./java/test/jmri/jmrix/roco/z21/Z21XNetReplyTest.java]" classname="jmri.util.FileLineEndingsTest" time="0"/>
  <testcase name="lineEndings[./java/test/jmri/jmrix/roco/z21/Z21MultiMeterTest.java]" classname="jmri.util.FileLineEndingsTest" time="0.001"/>
  <testcase name="lineEndings[./java/test/jmri/jmrix/roco/z21/ConnectionConfigTest.java]" classname="jmri.util.FileLineEndingsTest" time="0.001"/>
  <testcase name="lineEndings[./java/test/jmri/jmrix/roco/z21/Z21ReplyTest.java]" classname="jmri.util.FileLineEndingsTest" time="0.001"/>
  <testcase name="lineEndings[./java/test/jmri/jmrix/roco/z21/Z21XNetMessageTest.java]" classname="jmri.util.FileLineEndingsTest" time="0.001"/>
  <testcase name="lineEndings[./java/test/jmri/jmrix/roco/z21/Z21TrafficControllerTest.java]" classname="jmri.util.FileLineEndingsTest" time="0.001"/>
  <testcase name="lineEndings[./java/test/jmri/jmrix/roco/z21/RocoZ21CommandStationTest.java]" classname="jmri.util.FileLineEndingsTest" time="0.001"/>
  <testcase name="lineEndings[./java/test/jmri/jmrix/roco/z21/Z21XNetStreamPortControllerTest.java]" classname="jmri.util.FileLineEndingsTest" time="0"/>
  <testcase name="lineEndings[./java/test/jmri/jmrix/roco/z21/Z21XNetProgrammerManagerTest.java]" classname="jmri.util.FileLineEndingsTest" time="0.001"/>
  <testcase name="lineEndings[./java/test/jmri/jmrix/roco/z21/Z21XPressNetTunnelTest.java]" classname="jmri.util.FileLineEndingsTest" time="0.001"/>
  <testcase name="lineEndings[./java/test/jmri/jmrix/roco/BundleTest.java]" classname="jmri.util.FileLineEndingsTest" time="0.001"/>
  <testcase name="lineEndings[./java/test/jmri/jmrix/roco/PackageTest.java]" classname="jmri.util.FileLineEndingsTest" time="0.001"/>
  <testcase name="lineEndings[./java/test/jmri/jmrix/roco/RocoCommandStationTest.java]" classname="jmri.util.FileLineEndingsTest" time="0.001"/>
  <testcase name="lineEndings[./java/test/jmri/jmrix/oaktree/simulator/configurexml/ConnectionConfigXmlTest.java]" classname="jmri.util.FileLineEndingsTest" time="0.001"/>
  <testcase name="lineEndings[./java/test/jmri/jmrix/oaktree/simulator/configurexml/PackageTest.java]" classname="jmri.util.FileLineEndingsTest" time="0"/>
  <testcase name="lineEndings[./java/test/jmri/jmrix/oaktree/simulator/PackageTest.java]" classname="jmri.util.FileLineEndingsTest" time="0.001"/>
  <testcase name="lineEndings[./java/test/jmri/jmrix/oaktree/simulator/ConnectionConfigTest.java]" classname="jmri.util.FileLineEndingsTest" time="0.001"/>
  <testcase name="lineEndings[./java/test/jmri/jmrix/oaktree/simulator/BundleTest.java]" classname="jmri.util.FileLineEndingsTest" time="0.001"/>
  <testcase name="lineEndings[./java/test/jmri/jmrix/oaktree/simulator/SimulatorAdapterTest.java]" classname="jmri.util.FileLineEndingsTest" time="0.001"/>
  <testcase name="lineEndings[./java/test/jmri/jmrix/oaktree/packetgen/SerialPacketGenActionTest.java]" classname="jmri.util.FileLineEndingsTest" time="0.001"/>
  <testcase name="lineEndings[./java/test/jmri/jmrix/oaktree/packetgen/BundleTest.java]" classname="jmri.util.FileLineEndingsTest" time="0"/>
  <testcase name="lineEndings[./java/test/jmri/jmrix/oaktree/packetgen/SerialPacketGenFrameTest.java]" classname="jmri.util.FileLineEndingsTest" time="0.001"/>
  <testcase name="lineEndings[./java/test/jmri/jmrix/oaktree/packetgen/PackageTest.java]" classname="jmri.util.FileLineEndingsTest" time="0.001"/>
  <testcase name="lineEndings[./java/test/jmri/jmrix/oaktree/swing/OakTreeComponentFactoryTest.java]" classname="jmri.util.FileLineEndingsTest" time="0.001"/>
  <testcase name="lineEndings[./java/test/jmri/jmrix/oaktree/swing/PackageTest.java]" classname="jmri.util.FileLineEndingsTest" time="0.001"/>
  <testcase name="lineEndings[./java/test/jmri/jmrix/oaktree/nodeconfig/NodeConfigActionTest.java]" classname="jmri.util.FileLineEndingsTest" time="0.001"/>
  <testcase name="lineEndings[./java/test/jmri/jmrix/oaktree/nodeconfig/PackageTest.java]" classname="jmri.util.FileLineEndingsTest" time="0.001"/>
  <testcase name="lineEndings[./java/test/jmri/jmrix/oaktree/nodeconfig/BundleTest.java]" classname="jmri.util.FileLineEndingsTest" time="0"/>
  <testcase name="lineEndings[./java/test/jmri/jmrix/oaktree/nodeconfig/NodeConfigFrameTest.java]" classname="jmri.util.FileLineEndingsTest" time="0"/>
  <testcase name="lineEndings[./java/test/jmri/jmrix/oaktree/serialmon/PackageTest.java]" classname="jmri.util.FileLineEndingsTest" time="0.001"/>
  <testcase name="lineEndings[./java/test/jmri/jmrix/oaktree/serialmon/BundleTest.java]" classname="jmri.util.FileLineEndingsTest" time="0.001"/>
  <testcase name="lineEndings[./java/test/jmri/jmrix/oaktree/serialmon/SerialMonActionTest.java]" classname="jmri.util.FileLineEndingsTest" time="0.001"/>
  <testcase name="lineEndings[./java/test/jmri/jmrix/oaktree/serialmon/SerialMonFrameTest.java]" classname="jmri.util.FileLineEndingsTest" time="0.001"/>
  <testcase name="lineEndings[./java/test/jmri/jmrix/oaktree/SerialReplyTest.java]" classname="jmri.util.FileLineEndingsTest" time="0.001"/>
  <testcase name="lineEndings[./java/test/jmri/jmrix/oaktree/SerialNodeTest.java]" classname="jmri.util.FileLineEndingsTest" time="0"/>
  <testcase name="lineEndings[./java/test/jmri/jmrix/oaktree/configurexml/SerialTurnoutManagerXmlTest.java]" classname="jmri.util.FileLineEndingsTest" time="0.001"/>
  <testcase name="lineEndings[./java/test/jmri/jmrix/oaktree/configurexml/SerialSensorManagerXmlTest.java]" classname="jmri.util.FileLineEndingsTest" time="0.001"/>
  <testcase name="lineEndings[./java/test/jmri/jmrix/oaktree/configurexml/PackageTest.java]" classname="jmri.util.FileLineEndingsTest" time="0.001"/>
  <testcase name="lineEndings[./java/test/jmri/jmrix/oaktree/configurexml/SerialLightManagerXmlTest.java]" classname="jmri.util.FileLineEndingsTest" time="0.001"/>
  <testcase name="lineEndings[./java/test/jmri/jmrix/oaktree/SerialLightManagerTest.java]" classname="jmri.util.FileLineEndingsTest" time="0.001"/>
  <testcase name="lineEndings[./java/test/jmri/jmrix/oaktree/serialdriver/BundleTest.java]" classname="jmri.util.FileLineEndingsTest" time="0.001"/>
  <testcase name="lineEndings[./java/test/jmri/jmrix/oaktree/serialdriver/configurexml/ConnectionConfigXmlTest.java]" classname="jmri.util.FileLineEndingsTest" time="0"/>
  <testcase name="lineEndings[./java/test/jmri/jmrix/oaktree/serialdriver/configurexml/PackageTest.java]" classname="jmri.util.FileLineEndingsTest" time="0.001"/>
  <testcase name="lineEndings[./java/test/jmri/jmrix/oaktree/serialdriver/SerialDriverAdapterTest.java]" classname="jmri.util.FileLineEndingsTest" time="0.001"/>
  <testcase name="lineEndings[./java/test/jmri/jmrix/oaktree/serialdriver/ConnectionConfigTest.java]" classname="jmri.util.FileLineEndingsTest" time="0.001"/>
  <testcase name="lineEndings[./java/test/jmri/jmrix/oaktree/serialdriver/PackageTest.java]" classname="jmri.util.FileLineEndingsTest" time="0.001"/>
  <testcase name="lineEndings[./java/test/jmri/jmrix/oaktree/BundleTest.java]" classname="jmri.util.FileLineEndingsTest" time="0.001"/>
  <testcase name="lineEndings[./java/test/jmri/jmrix/oaktree/SerialTurnoutManagerTest.java]" classname="jmri.util.FileLineEndingsTest" time="0.001"/>
  <testcase name="lineEndings[./java/test/jmri/jmrix/oaktree/SerialTrafficControllerTest.java]" classname="jmri.util.FileLineEndingsTest" time="0"/>
  <testcase name="lineEndings[./java/test/jmri/jmrix/oaktree/SerialPortControllerTest.java]" classname="jmri.util.FileLineEndingsTest" time="0.001"/>
  <testcase name="lineEndings[./java/test/jmri/jmrix/oaktree/PackageTest.java]" classname="jmri.util.FileLineEndingsTest" time="0.001"/>
  <testcase name="lineEndings[./java/test/jmri/jmrix/oaktree/OakTreeMenuTest.java]" classname="jmri.util.FileLineEndingsTest" time="0.001"/>
  <testcase name="lineEndings[./java/test/jmri/jmrix/oaktree/SerialMessageTest.java]" classname="jmri.util.FileLineEndingsTest" time="0.001"/>
  <testcase name="lineEndings[./java/test/jmri/jmrix/oaktree/SerialSensorManagerTest.java]" classname="jmri.util.FileLineEndingsTest" time="0.001"/>
  <testcase name="lineEndings[./java/test/jmri/jmrix/oaktree/SerialTurnoutTest.java]" classname="jmri.util.FileLineEndingsTest" time="0.001"/>
  <testcase name="lineEndings[./java/test/jmri/jmrix/oaktree/SerialAddressTest.java]" classname="jmri.util.FileLineEndingsTest" time="0"/>
  <testcase name="lineEndings[./java/test/jmri/jmrix/oaktree/SerialLightTest.java]" classname="jmri.util.FileLineEndingsTest" time="0.001"/>
  <testcase name="lineEndings[./java/test/jmri/jmrix/oaktree/OakTreeSystemConnectionMemoTest.java]" classname="jmri.util.FileLineEndingsTest" time="0.001"/>
  <testcase name="lineEndings[./java/test/jmri/jmrix/oaktree/SerialSensorTest.java]" classname="jmri.util.FileLineEndingsTest" time="0.001"/>
  <testcase name="lineEndings[./java/test/jmri/jmrix/oaktree/SerialConnectionTypeListTest.java]" classname="jmri.util.FileLineEndingsTest" time="0.001"/>
  <testcase name="lineEndings[./java/test/jmri/jmrix/oaktree/SerialTrafficControlScaffold.java]" classname="jmri.util.FileLineEndingsTest" time="0.001"/>
  <testcase name="lineEndings[./java/test/jmri/jmrix/secsi/SerialPortControllerTest.java]" classname="jmri.util.FileLineEndingsTest" time="0"/>
  <testcase name="lineEndings[./java/test/jmri/jmrix/secsi/serialdriver/configurexml/PackageTest.java]" classname="jmri.util.FileLineEndingsTest" time="0.001"/>
  <testcase name="lineEndings[./java/test/jmri/jmrix/secsi/serialdriver/configurexml/ConnectionConfigXmlTest.java]" classname="jmri.util.FileLineEndingsTest" time="0.001"/>
  <testcase name="lineEndings[./java/test/jmri/jmrix/secsi/serialdriver/SerialDriverAdapterTest.java]" classname="jmri.util.FileLineEndingsTest" time="0.001"/>
  <testcase name="lineEndings[./java/test/jmri/jmrix/secsi/serialdriver/BundleTest.java]" classname="jmri.util.FileLineEndingsTest" time="0.001"/>
  <testcase name="lineEndings[./java/test/jmri/jmrix/secsi/serialdriver/PackageTest.java]" classname="jmri.util.FileLineEndingsTest" time="0.001"/>
  <testcase name="lineEndings[./java/test/jmri/jmrix/secsi/serialdriver/ConnectionConfigTest.java]" classname="jmri.util.FileLineEndingsTest" time="0.001"/>
  <testcase name="lineEndings[./java/test/jmri/jmrix/secsi/nodeconfig/BundleTest.java]" classname="jmri.util.FileLineEndingsTest" time="0"/>
  <testcase name="lineEndings[./java/test/jmri/jmrix/secsi/nodeconfig/PackageTest.java]" classname="jmri.util.FileLineEndingsTest" time="0.001"/>
  <testcase name="lineEndings[./java/test/jmri/jmrix/secsi/nodeconfig/NodeConfigFrameTest.java]" classname="jmri.util.FileLineEndingsTest" time="0.001"/>
  <testcase name="lineEndings[./java/test/jmri/jmrix/secsi/nodeconfig/NodeConfigActionTest.java]" classname="jmri.util.FileLineEndingsTest" time="0.001"/>
  <testcase name="lineEndings[./java/test/jmri/jmrix/secsi/SerialSensorTest.java]" classname="jmri.util.FileLineEndingsTest" time="0.001"/>
  <testcase name="lineEndings[./java/test/jmri/jmrix/secsi/SerialConnectionTypeListTest.java]" classname="jmri.util.FileLineEndingsTest" time="0.001"/>
  <testcase name="lineEndings[./java/test/jmri/jmrix/secsi/simulator/configurexml/ConnectionConfigXmlTest.java]" classname="jmri.util.FileLineEndingsTest" time="0.001"/>
  <testcase name="lineEndings[./java/test/jmri/jmrix/secsi/simulator/configurexml/PackageTest.java]" classname="jmri.util.FileLineEndingsTest" time="0"/>
  <testcase name="lineEndings[./java/test/jmri/jmrix/secsi/simulator/SimulatorAdapterTest.java]" classname="jmri.util.FileLineEndingsTest" time="0.001"/>
  <testcase name="lineEndings[./java/test/jmri/jmrix/secsi/simulator/PackageTest.java]" classname="jmri.util.FileLineEndingsTest" time="0.001"/>
  <testcase name="lineEndings[./java/test/jmri/jmrix/secsi/simulator/ConnectionConfigTest.java]" classname="jmri.util.FileLineEndingsTest" time="0.001"/>
  <testcase name="lineEndings[./java/test/jmri/jmrix/secsi/simulator/BundleTest.java]" classname="jmri.util.FileLineEndingsTest" time="0.001"/>
  <testcase name="lineEndings[./java/test/jmri/jmrix/secsi/serialmon/BundleTest.java]" classname="jmri.util.FileLineEndingsTest" time="0.001"/>
  <testcase name="lineEndings[./java/test/jmri/jmrix/secsi/serialmon/SerialMonFrameTest.java]" classname="jmri.util.FileLineEndingsTest" time="0"/>
  <testcase name="lineEndings[./java/test/jmri/jmrix/secsi/serialmon/SerialMonActionTest.java]" classname="jmri.util.FileLineEndingsTest" time="0.001"/>
  <testcase name="lineEndings[./java/test/jmri/jmrix/secsi/serialmon/PackageTest.java]" classname="jmri.util.FileLineEndingsTest" time="0.001"/>
  <testcase name="lineEndings[./java/test/jmri/jmrix/secsi/SerialTrafficControllerTest.java]" classname="jmri.util.FileLineEndingsTest" time="0.001"/>
  <testcase name="lineEndings[./java/test/jmri/jmrix/secsi/SerialTrafficControlScaffold.java]" classname="jmri.util.FileLineEndingsTest" time="0.001"/>
  <testcase name="lineEndings[./java/test/jmri/jmrix/secsi/configurexml/SerialLightManagerXmlTest.java]" classname="jmri.util.FileLineEndingsTest" time="0.001"/>
  <testcase name="lineEndings[./java/test/jmri/jmrix/secsi/configurexml/PackageTest.java]" classname="jmri.util.FileLineEndingsTest" time="0"/>
  <testcase name="lineEndings[./java/test/jmri/jmrix/secsi/configurexml/SerialTurnoutManagerXmlTest.java]" classname="jmri.util.FileLineEndingsTest" time="0"/>
  <testcase name="lineEndings[./java/test/jmri/jmrix/secsi/configurexml/SerialSensorManagerXmlTest.java]" classname="jmri.util.FileLineEndingsTest" time="0.001"/>
  <testcase name="lineEndings[./java/test/jmri/jmrix/secsi/packetgen/SerialPacketGenFrameTest.java]" classname="jmri.util.FileLineEndingsTest" time="0.001"/>
  <testcase name="lineEndings[./java/test/jmri/jmrix/secsi/packetgen/BundleTest.java]" classname="jmri.util.FileLineEndingsTest" time="0.001"/>
  <testcase name="lineEndings[./java/test/jmri/jmrix/secsi/packetgen/SerialPacketGenActionTest.java]" classname="jmri.util.FileLineEndingsTest" time="0.001"/>
  <testcase name="lineEndings[./java/test/jmri/jmrix/secsi/packetgen/PackageTest.java]" classname="jmri.util.FileLineEndingsTest" time="0.001"/>
  <testcase name="lineEndings[./java/test/jmri/jmrix/secsi/BundleTest.java]" classname="jmri.util.FileLineEndingsTest" time="0"/>
  <testcase name="lineEndings[./java/test/jmri/jmrix/secsi/SerialAddressTest.java]" classname="jmri.util.FileLineEndingsTest" time="0.001"/>
  <testcase name="lineEndings[./java/test/jmri/jmrix/secsi/SerialReplyTest.java]" classname="jmri.util.FileLineEndingsTest" time="0.001"/>
  <testcase name="lineEndings[./java/test/jmri/jmrix/secsi/SerialTurnoutManagerTest.java]" classname="jmri.util.FileLineEndingsTest" time="0.001"/>
  <testcase name="lineEndings[./java/test/jmri/jmrix/secsi/swing/PackageTest.java]" classname="jmri.util.FileLineEndingsTest" time="0.001"/>
  <testcase name="lineEndings[./java/test/jmri/jmrix/secsi/swing/SecsiComponentFactoryTest.java]" classname="jmri.util.FileLineEndingsTest" time="0.001"/>
  <testcase name="lineEndings[./java/test/jmri/jmrix/secsi/PackageTest.java]" classname="jmri.util.FileLineEndingsTest" time="0"/>
  <testcase name="lineEndings[./java/test/jmri/jmrix/secsi/SerialMessageTest.java]" classname="jmri.util.FileLineEndingsTest" time="0.002"/>
  <testcase name="lineEndings[./java/test/jmri/jmrix/secsi/SecsiSystemConnectionMemoTest.java]" classname="jmri.util.FileLineEndingsTest" time="0"/>
  <testcase name="lineEndings[./java/test/jmri/jmrix/secsi/SerialLightManagerTest.java]" classname="jmri.util.FileLineEndingsTest" time="0.001"/>
  <testcase name="lineEndings[./java/test/jmri/jmrix/secsi/SecsiMenuTest.java]" classname="jmri.util.FileLineEndingsTest" time="0.001"/>
  <testcase name="lineEndings[./java/test/jmri/jmrix/secsi/SerialTurnoutTest.java]" classname="jmri.util.FileLineEndingsTest" time="0.001"/>
  <testcase name="lineEndings[./java/test/jmri/jmrix/secsi/SerialLightTest.java]" classname="jmri.util.FileLineEndingsTest" time="0.001"/>
  <testcase name="lineEndings[./java/test/jmri/jmrix/secsi/SerialNodeTest.java]" classname="jmri.util.FileLineEndingsTest" time="0.001"/>
  <testcase name="lineEndings[./java/test/jmri/jmrix/secsi/SerialSensorManagerTest.java]" classname="jmri.util.FileLineEndingsTest" time="0"/>
  <testcase name="lineEndings[./java/test/jmri/jmrix/ConnectionStatusTest.java]" classname="jmri.util.FileLineEndingsTest" time="0.001"/>
  <testcase name="lineEndings[./java/test/jmri/jmrix/NetworkConfigExceptionTest.java]" classname="jmri.util.FileLineEndingsTest" time="0.001"/>
  <testcase name="lineEndings[./java/test/jmri/jmrix/qsi/PackageTest.java]" classname="jmri.util.FileLineEndingsTest" time="0.001"/>
  <testcase name="lineEndings[./java/test/jmri/jmrix/qsi/serialdriver/ConnectionConfigTest.java]" classname="jmri.util.FileLineEndingsTest" time="0.001"/>
  <testcase name="lineEndings[./java/test/jmri/jmrix/qsi/serialdriver/configurexml/PackageTest.java]" classname="jmri.util.FileLineEndingsTest" time="0.001"/>
  <testcase name="lineEndings[./java/test/jmri/jmrix/qsi/serialdriver/configurexml/ConnectionConfigXmlTest.java]" classname="jmri.util.FileLineEndingsTest" time="0"/>
  <testcase name="lineEndings[./java/test/jmri/jmrix/qsi/serialdriver/PackageTest.java]" classname="jmri.util.FileLineEndingsTest" time="0.001"/>
  <testcase name="lineEndings[./java/test/jmri/jmrix/qsi/serialdriver/SerialDriverAdapterTest.java]" classname="jmri.util.FileLineEndingsTest" time="0.001"/>
  <testcase name="lineEndings[./java/test/jmri/jmrix/qsi/packetgen/PacketGenFrameTest.java]" classname="jmri.util.FileLineEndingsTest" time="0.001"/>
  <testcase name="lineEndings[./java/test/jmri/jmrix/qsi/packetgen/PacketGenActionTest.java]" classname="jmri.util.FileLineEndingsTest" time="0.001"/>
  <testcase name="lineEndings[./java/test/jmri/jmrix/qsi/packetgen/PackageTest.java]" classname="jmri.util.FileLineEndingsTest" time="0.001"/>
  <testcase name="lineEndings[./java/test/jmri/jmrix/qsi/QsiMessageTest.java]" classname="jmri.util.FileLineEndingsTest" time="0.001"/>
  <testcase name="lineEndings[./java/test/jmri/jmrix/qsi/QsiPortControllerTest.java]" classname="jmri.util.FileLineEndingsTest" time="0"/>
  <testcase name="lineEndings[./java/test/jmri/jmrix/qsi/swing/QsiComponentFactoryTest.java]" classname="jmri.util.FileLineEndingsTest" time="0.001"/>
  <testcase name="lineEndings[./java/test/jmri/jmrix/qsi/swing/PackageTest.java]" classname="jmri.util.FileLineEndingsTest" time="0.001"/>
  <testcase name="lineEndings[./java/test/jmri/jmrix/qsi/QSIConnectionTypeListTest.java]" classname="jmri.util.FileLineEndingsTest" time="0.001"/>
  <testcase name="lineEndings[./java/test/jmri/jmrix/qsi/qsimon/QsiMonActionTest.java]" classname="jmri.util.FileLineEndingsTest" time="0.001"/>
  <testcase name="lineEndings[./java/test/jmri/jmrix/qsi/qsimon/PackageTest.java]" classname="jmri.util.FileLineEndingsTest" time="0.001"/>
  <testcase name="lineEndings[./java/test/jmri/jmrix/qsi/qsimon/QsiMonFrameTest.java]" classname="jmri.util.FileLineEndingsTest" time="0"/>
  <testcase name="lineEndings[./java/test/jmri/jmrix/qsi/QsiTrafficControllerTest.java]" classname="jmri.util.FileLineEndingsTest" time="0.001"/>
  <testcase name="lineEndings[./java/test/jmri/jmrix/qsi/QSIMenuTest.java]" classname="jmri.util.FileLineEndingsTest" time="0.001"/>
  <testcase name="lineEndings[./java/test/jmri/jmrix/qsi/QsiInterfaceScaffold.java]" classname="jmri.util.FileLineEndingsTest" time="0.001"/>
  <testcase name="lineEndings[./java/test/jmri/jmrix/qsi/QsiReplyTest.java]" classname="jmri.util.FileLineEndingsTest" time="0.001"/>
  <testcase name="lineEndings[./java/test/jmri/jmrix/qsi/QsiListenerScaffold.java]" classname="jmri.util.FileLineEndingsTest" time="0.001"/>
  <testcase name="lineEndings[./java/test/jmri/jmrix/qsi/QsiProgrammerTest.java]" classname="jmri.util.FileLineEndingsTest" time="0"/>
  <testcase name="lineEndings[./java/test/jmri/jmrix/qsi/QsiSystemConnectionMemoTest.java]" classname="jmri.util.FileLineEndingsTest" time="0.001"/>
  <testcase name="lineEndings[./java/test/jmri/jmrix/qsi/QsiTrafficControlScaffold.java]" classname="jmri.util.FileLineEndingsTest" time="0.001"/>
  <testcase name="lineEndings[./java/test/jmri/jmrix/loconet/streamport/LnStreamPortPacketizerTest.java]" classname="jmri.util.FileLineEndingsTest" time="0.001"/>
  <testcase name="lineEndings[./java/test/jmri/jmrix/loconet/streamport/LnStreamPortControllerTest.java]" classname="jmri.util.FileLineEndingsTest" time="0.001"/>
  <testcase name="lineEndings[./java/test/jmri/jmrix/loconet/streamport/PackageTest.java]" classname="jmri.util.FileLineEndingsTest" time="0.001"/>
  <testcase name="lineEndings[./java/test/jmri/jmrix/loconet/LnLightTest.java]" classname="jmri.util.FileLineEndingsTest" time="0"/>
  <testcase name="lineEndings[./java/test/jmri/jmrix/loconet/locobuffer/BundleTest.java]" classname="jmri.util.FileLineEndingsTest" time="0.003"/>
  <testcase name="lineEndings[./java/test/jmri/jmrix/loconet/locobuffer/LocoBufferAdapterTest.java]" classname="jmri.util.FileLineEndingsTest" time="0.001"/>
  <testcase name="lineEndings[./java/test/jmri/jmrix/loconet/locobuffer/PackageTest.java]" classname="jmri.util.FileLineEndingsTest" time="0.001"/>
  <testcase name="lineEndings[./java/test/jmri/jmrix/loconet/locobuffer/configurexml/ConnectionConfigXmlTest.java]" classname="jmri.util.FileLineEndingsTest" time="0.001"/>
  <testcase name="lineEndings[./java/test/jmri/jmrix/loconet/locobuffer/configurexml/PackageTest.java]" classname="jmri.util.FileLineEndingsTest" time="0.001"/>
  <testcase name="lineEndings[./java/test/jmri/jmrix/loconet/locobuffer/ConnectionConfigTest.java]" classname="jmri.util.FileLineEndingsTest" time="0.001"/>
  <testcase name="lineEndings[./java/test/jmri/jmrix/loconet/PackageTest.java]" classname="jmri.util.FileLineEndingsTest" time="0"/>
  <testcase name="lineEndings[./java/test/jmri/jmrix/loconet/locogen/LocoGenPanelTest.java]" classname="jmri.util.FileLineEndingsTest" time="0.001"/>
  <testcase name="lineEndings[./java/test/jmri/jmrix/loconet/locogen/BundleTest.java]" classname="jmri.util.FileLineEndingsTest" time="0.001"/>
  <testcase name="lineEndings[./java/test/jmri/jmrix/loconet/locogen/PackageTest.java]" classname="jmri.util.FileLineEndingsTest" time="0.001"/>
  <testcase name="lineEndings[./java/test/jmri/jmrix/loconet/locogen/LocoGenTest.java]" classname="jmri.util.FileLineEndingsTest" time="0.001"/>
  <testcase name="lineEndings[./java/test/jmri/jmrix/loconet/spjfile/SpjFileTest.java]" classname="jmri.util.FileLineEndingsTest" time="0.001"/>
  <testcase name="lineEndings[./java/test/jmri/jmrix/loconet/spjfile/PackageTest.java]" classname="jmri.util.FileLineEndingsTest" time="0"/>
  <testcase name="lineEndings[./java/test/jmri/jmrix/loconet/duplexgroup/swing/BundleTest.java]" classname="jmri.util.FileLineEndingsTest" time="0.001"/>
  <testcase name="lineEndings[./java/test/jmri/jmrix/loconet/duplexgroup/swing/DuplexGroupInfoPanelTest.java]" classname="jmri.util.FileLineEndingsTest" time="0.001"/>
  <testcase name="lineEndings[./java/test/jmri/jmrix/loconet/duplexgroup/swing/DuplexGroupTabbedPanelTest.java]" classname="jmri.util.FileLineEndingsTest" time="0.001"/>
  <testcase name="lineEndings[./java/test/jmri/jmrix/loconet/duplexgroup/swing/PackageTest.java]" classname="jmri.util.FileLineEndingsTest" time="0.001"/>
  <testcase name="lineEndings[./java/test/jmri/jmrix/loconet/duplexgroup/swing/DuplexGroupScanPanelTest.java]" classname="jmri.util.FileLineEndingsTest" time="0.001"/>
  <testcase name="lineEndings[./java/test/jmri/jmrix/loconet/duplexgroup/swing/LnDplxGrpInfoImplTest.java]" classname="jmri.util.FileLineEndingsTest" time="0"/>
  <testcase name="lineEndings[./java/test/jmri/jmrix/loconet/duplexgroup/swing/LnIPLImplementationTest.java]" classname="jmri.util.FileLineEndingsTest" time="0.001"/>
  <testcase name="lineEndings[./java/test/jmri/jmrix/loconet/duplexgroup/LnDplxGrpInfoImplConstantsTest.java]" classname="jmri.util.FileLineEndingsTest" time="0.001"/>
  <testcase name="lineEndings[./java/test/jmri/jmrix/loconet/duplexgroup/DuplexGroupMessageTypeTest.java]" classname="jmri.util.FileLineEndingsTest" time="0.001"/>
  <testcase name="lineEndings[./java/test/jmri/jmrix/loconet/duplexgroup/BundleTest.java]" classname="jmri.util.FileLineEndingsTest" time="0.001"/>
  <testcase name="lineEndings[./java/test/jmri/jmrix/loconet/duplexgroup/PackageTest.java]" classname="jmri.util.FileLineEndingsTest" time="0.001"/>
  <testcase name="lineEndings[./java/test/jmri/jmrix/loconet/ms100/MS100AdapterTest.java]" classname="jmri.util.FileLineEndingsTest" time="0"/>
  <testcase name="lineEndings[./java/test/jmri/jmrix/loconet/ms100/configurexml/ConnectionConfigXmlTest.java]" classname="jmri.util.FileLineEndingsTest" time="0"/>
  <testcase name="lineEndings[./java/test/jmri/jmrix/loconet/ms100/configurexml/PackageTest.java]" classname="jmri.util.FileLineEndingsTest" time="0.001"/>
  <testcase name="lineEndings[./java/test/jmri/jmrix/loconet/ms100/ConnectionConfigTest.java]" classname="jmri.util.FileLineEndingsTest" time="0.001"/>
  <testcase name="lineEndings[./java/test/jmri/jmrix/loconet/ms100/PackageTest.java]" classname="jmri.util.FileLineEndingsTest" time="0.001"/>
  <testcase name="lineEndings[./java/test/jmri/jmrix/loconet/ms100/BundleTest.java]" classname="jmri.util.FileLineEndingsTest" time="0.001"/>
  <testcase name="lineEndings[./java/test/jmri/jmrix/loconet/pr2/configurexml/PackageTest.java]" classname="jmri.util.FileLineEndingsTest" time="0.001"/>
  <testcase name="lineEndings[./java/test/jmri/jmrix/loconet/pr2/configurexml/ConnectionConfigXmlTest.java]" classname="jmri.util.FileLineEndingsTest" time="0"/>
  <testcase name="lineEndings[./java/test/jmri/jmrix/loconet/pr2/PR2SystemConnectionMemoTest.java]" classname="jmri.util.FileLineEndingsTest" time="0.001"/>
  <testcase name="lineEndings[./java/test/jmri/jmrix/loconet/pr2/PackageTest.java]" classname="jmri.util.FileLineEndingsTest" time="0.001"/>
  <testcase name="lineEndings[./java/test/jmri/jmrix/loconet/pr2/PR2AdapterTest.java]" classname="jmri.util.FileLineEndingsTest" time="0.001"/>
  <testcase name="lineEndings[./java/test/jmri/jmrix/loconet/pr2/BundleTest.java]" classname="jmri.util.FileLineEndingsTest" time="0.001"/>
  <testcase name="lineEndings[./java/test/jmri/jmrix/loconet/pr2/ConnectionConfigTest.java]" classname="jmri.util.FileLineEndingsTest" time="0.001"/>
  <testcase name="lineEndings[./java/test/jmri/jmrix/loconet/pr2/LnPr2PacketizerTest.java]" classname="jmri.util.FileLineEndingsTest" time="0"/>
  <testcase name="lineEndings[./java/test/jmri/jmrix/loconet/pr2/LnPr2PowerManagerTest.java]" classname="jmri.util.FileLineEndingsTest" time="0.001"/>
  <testcase name="lineEndings[./java/test/jmri/jmrix/loconet/se8/SE8PanelTest.java]" classname="jmri.util.FileLineEndingsTest" time="0.001"/>
  <testcase name="lineEndings[./java/test/jmri/jmrix/loconet/se8/PackageTest.java]" classname="jmri.util.FileLineEndingsTest" time="0.001"/>
  <testcase name="lineEndings[./java/test/jmri/jmrix/loconet/se8/BundleTest.java]" classname="jmri.util.FileLineEndingsTest" time="0.001"/>
  <testcase name="lineEndings[./java/test/jmri/jmrix/loconet/BundleTest.java]" classname="jmri.util.FileLineEndingsTest" time="0.001"/>
  <testcase name="lineEndings[./java/test/jmri/jmrix/loconet/LocoNetSystemConnectionMemoTest.java]" classname="jmri.util.FileLineEndingsTest" time="0"/>
  <testcase name="lineEndings[./java/test/jmri/jmrix/loconet/locobufferusb/ConnectionConfigTest.java]" classname="jmri.util.FileLineEndingsTest" time="0.001"/>
  <testcase name="lineEndings[./java/test/jmri/jmrix/loconet/locobufferusb/configurexml/ConnectionConfigXmlTest.java]" classname="jmri.util.FileLineEndingsTest" time="0.001"/>
  <testcase name="lineEndings[./java/test/jmri/jmrix/loconet/locobufferusb/configurexml/PackageTest.java]" classname="jmri.util.FileLineEndingsTest" time="0.001"/>
  <testcase name="lineEndings[./java/test/jmri/jmrix/loconet/locobufferusb/PackageTest.java]" classname="jmri.util.FileLineEndingsTest" time="0.001"/>
  <testcase name="lineEndings[./java/test/jmri/jmrix/loconet/locobufferusb/LocoBufferUsbAdapterTest.java]" classname="jmri.util.FileLineEndingsTest" time="0.001"/>
  <testcase name="lineEndings[./java/test/jmri/jmrix/loconet/locobufferusb/BundleTest.java]" classname="jmri.util.FileLineEndingsTest" time="0.001"/>
  <testcase name="lineEndings[./java/test/jmri/jmrix/loconet/locobufferii/configurexml/ConnectionConfigXmlTest.java]" classname="jmri.util.FileLineEndingsTest" time="0"/>
  <testcase name="lineEndings[./java/test/jmri/jmrix/loconet/locobufferii/configurexml/PackageTest.java]" classname="jmri.util.FileLineEndingsTest" time="0.001"/>
  <testcase name="lineEndings[./java/test/jmri/jmrix/loconet/locobufferii/LocoBufferIIAdapterTest.java]" classname="jmri.util.FileLineEndingsTest" time="0.001"/>
  <testcase name="lineEndings[./java/test/jmri/jmrix/loconet/locobufferii/BundleTest.java]" classname="jmri.util.FileLineEndingsTest" time="0.001"/>
  <testcase name="lineEndings[./java/test/jmri/jmrix/loconet/locobufferii/PackageTest.java]" classname="jmri.util.FileLineEndingsTest" time="0.001"/>
  <testcase name="lineEndings[./java/test/jmri/jmrix/loconet/locobufferii/ConnectionConfigTest.java]" classname="jmri.util.FileLineEndingsTest" time="0.003"/>
  <testcase name="lineEndings[./java/test/jmri/jmrix/loconet/sdfeditor/EditorPaneTest.java]" classname="jmri.util.FileLineEndingsTest" time="0"/>
  <testcase name="lineEndings[./java/test/jmri/jmrix/loconet/sdfeditor/CommentMacroEditorTest.java]" classname="jmri.util.FileLineEndingsTest" time="0"/>
  <testcase name="lineEndings[./java/test/jmri/jmrix/loconet/sdfeditor/PackageTest.java]" classname="jmri.util.FileLineEndingsTest" time="0"/>
  <testcase name="lineEndings[./java/test/jmri/jmrix/loconet/sdfeditor/SkipOnTriggerEditorTest.java]" classname="jmri.util.FileLineEndingsTest" time="0.001"/>
  <testcase name="lineEndings[./java/test/jmri/jmrix/loconet/sdfeditor/BranchToEditorTest.java]" classname="jmri.util.FileLineEndingsTest" time="0.001"/>
  <testcase name="lineEndings[./java/test/jmri/jmrix/loconet/sdfeditor/EditorFrameTest.java]" classname="jmri.util.FileLineEndingsTest" time="0.001"/>
  <testcase name="lineEndings[./java/test/jmri/jmrix/loconet/sdfeditor/GenerateTriggerEditorTest.java]" classname="jmri.util.FileLineEndingsTest" time="0"/>
  <testcase name="lineEndings[./java/test/jmri/jmrix/loconet/sdfeditor/InitiateSoundEditorTest.java]" classname="jmri.util.FileLineEndingsTest" time="0.001"/>
  <testcase name="lineEndings[./java/test/jmri/jmrix/loconet/sdfeditor/BundleTest.java]" classname="jmri.util.FileLineEndingsTest" time="0.001"/>
  <testcase name="lineEndings[./java/test/jmri/jmrix/loconet/sdfeditor/LoadModifierEditorTest.java]" classname="jmri.util.FileLineEndingsTest" time="0.001"/>
  <testcase name="lineEndings[./java/test/jmri/jmrix/loconet/sdfeditor/MaskCompareEditorTest.java]" classname="jmri.util.FileLineEndingsTest" time="0.001"/>
  <testcase name="lineEndings[./java/test/jmri/jmrix/loconet/sdfeditor/SdlVersionEditorTest.java]" classname="jmri.util.FileLineEndingsTest" time="0.001"/>
  <testcase name="lineEndings[./java/test/jmri/jmrix/loconet/sdfeditor/FourByteMacroEditorTest.java]" classname="jmri.util.FileLineEndingsTest" time="0"/>
  <testcase name="lineEndings[./java/test/jmri/jmrix/loconet/sdfeditor/TwoByteMacroEditorTest.java]" classname="jmri.util.FileLineEndingsTest" time="0.001"/>
  <testcase name="lineEndings[./java/test/jmri/jmrix/loconet/sdfeditor/MonitoringLabelTest.java]" classname="jmri.util.FileLineEndingsTest" time="0.001"/>
  <testcase name="lineEndings[./java/test/jmri/jmrix/loconet/sdfeditor/EndSoundEditorTest.java]" classname="jmri.util.FileLineEndingsTest" time="0.001"/>
  <testcase name="lineEndings[./java/test/jmri/jmrix/loconet/sdfeditor/DelaySoundEditorTest.java]" classname="jmri.util.FileLineEndingsTest" time="0.001"/>
  <testcase name="lineEndings[./java/test/jmri/jmrix/loconet/sdfeditor/LabelMacroEditorTest.java]" classname="jmri.util.FileLineEndingsTest" time="0.001"/>
  <testcase name="lineEndings[./java/test/jmri/jmrix/loconet/sdfeditor/ChannelStartEditorTest.java]" classname="jmri.util.FileLineEndingsTest" time="0"/>
  <testcase name="lineEndings[./java/test/jmri/jmrix/loconet/sdfeditor/SkemeStartEditorTest.java]" classname="jmri.util.FileLineEndingsTest" time="0"/>
  <testcase name="lineEndings[./java/test/jmri/jmrix/loconet/sdfeditor/PlayEditorTest.java]" classname="jmri.util.FileLineEndingsTest" time="0.001"/>
  <testcase name="lineEndings[./java/test/jmri/jmrix/loconet/LnTrafficControllerTest.java]" classname="jmri.util.FileLineEndingsTest" time="0.001"/>
  <testcase name="lineEndings[./java/test/jmri/jmrix/loconet/LnCommandStationTypeTest.java]" classname="jmri.util.FileLineEndingsTest" time="0.001"/>
  <testcase name="lineEndings[./java/test/jmri/jmrix/loconet/loconetovertcp/LnTcpStartupActionFactoryTest.java]" classname="jmri.util.FileLineEndingsTest" time="0.001"/>
  <testcase name="lineEndings[./java/test/jmri/jmrix/loconet/loconetovertcp/LnTcpPreferencesTest.java]" classname="jmri.util.FileLineEndingsTest" time="0"/>
  <testcase name="lineEndings[./java/test/jmri/jmrix/loconet/loconetovertcp/LnTcpServerFrameTest.java]" classname="jmri.util.FileLineEndingsTest" time="0"/>
  <testcase name="lineEndings[./java/test/jmri/jmrix/loconet/loconetovertcp/LnTcpServerActionTest.java]" classname="jmri.util.FileLineEndingsTest" time="0.001"/>
  <testcase name="lineEndings[./java/test/jmri/jmrix/loconet/loconetovertcp/LnOverTcpPacketizerTest.java]" classname="jmri.util.FileLineEndingsTest" time="0.001"/>
  <testcase name="lineEndings[./java/test/jmri/jmrix/loconet/loconetovertcp/LnTcpPreferencesPanelTest.java]" classname="jmri.util.FileLineEndingsTest" time="0.001"/>
  <testcase name="lineEndings[./java/test/jmri/jmrix/loconet/loconetovertcp/PackageTest.java]" classname="jmri.util.FileLineEndingsTest" time="0.001"/>
  <testcase name="lineEndings[./java/test/jmri/jmrix/loconet/loconetovertcp/ConnectionConfigTest.java]" classname="jmri.util.FileLineEndingsTest" time="0.001"/>
  <testcase name="lineEndings[./java/test/jmri/jmrix/loconet/loconetovertcp/BundleTest.java]" classname="jmri.util.FileLineEndingsTest" time="0"/>
  <testcase name="lineEndings[./java/test/jmri/jmrix/loconet/loconetovertcp/LnTcpDriverAdapterTest.java]" classname="jmri.util.FileLineEndingsTest" time="0.001"/>
  <testcase name="lineEndings[./java/test/jmri/jmrix/loconet/loconetovertcp/configurexml/PackageTest.java]" classname="jmri.util.FileLineEndingsTest" time="0.001"/>
  <testcase name="lineEndings[./java/test/jmri/jmrix/loconet/loconetovertcp/configurexml/ConnectionConfigXmlTest.java]" classname="jmri.util.FileLineEndingsTest" time="0.001"/>
  <testcase name="lineEndings[./java/test/jmri/jmrix/loconet/loconetovertcp/ClientRxHandlerTest.java]" classname="jmri.util.FileLineEndingsTest" time="0.001"/>
  <testcase name="lineEndings[./java/test/jmri/jmrix/loconet/loconetovertcp/LnTcpServerTest.java]" classname="jmri.util.FileLineEndingsTest" time="0.001"/>
  <testcase name="lineEndings[./java/test/jmri/jmrix/loconet/soundloader/EditorPaneTest.java]" classname="jmri.util.FileLineEndingsTest" time="0"/>
  <testcase name="lineEndings[./java/test/jmri/jmrix/loconet/soundloader/BundleTest.java]" classname="jmri.util.FileLineEndingsTest" time="0.001"/>
  <testcase name="lineEndings[./java/test/jmri/jmrix/loconet/soundloader/EditorFilePaneTest.java]" classname="jmri.util.FileLineEndingsTest" time="0.001"/>
  <testcase name="lineEndings[./java/test/jmri/jmrix/loconet/soundloader/LoaderEngineTest.java]" classname="jmri.util.FileLineEndingsTest" time="0.001"/>
  <testcase name="lineEndings[./java/test/jmri/jmrix/loconet/soundloader/EditorTableDataModelTest.java]" classname="jmri.util.FileLineEndingsTest" time="0.001"/>
  <testcase name="lineEndings[./java/test/jmri/jmrix/loconet/soundloader/LoaderPaneTest.java]" classname="jmri.util.FileLineEndingsTest" time="0.001"/>
  <testcase name="lineEndings[./java/test/jmri/jmrix/loconet/soundloader/PackageTest.java]" classname="jmri.util.FileLineEndingsTest" time="0"/>
  <testcase name="lineEndings[./java/test/jmri/jmrix/loconet/pr3/PR3AdapterTest.java]" classname="jmri.util.FileLineEndingsTest" time="0.001"/>
  <testcase name="lineEndings[./java/test/jmri/jmrix/loconet/pr3/ConnectionConfigTest.java]" classname="jmri.util.FileLineEndingsTest" time="0.001"/>
  <testcase name="lineEndings[./java/test/jmri/jmrix/loconet/pr3/BundleTest.java]" classname="jmri.util.FileLineEndingsTest" time="0.001"/>
  <testcase name="lineEndings[./java/test/jmri/jmrix/loconet/pr3/configurexml/PackageTest.java]" classname="jmri.util.FileLineEndingsTest" time="0.001"/>
  <testcase name="lineEndings[./java/test/jmri/jmrix/loconet/pr3/configurexml/ConnectionConfigXmlTest.java]" classname="jmri.util.FileLineEndingsTest" time="0.001"/>
  <testcase name="lineEndings[./java/test/jmri/jmrix/loconet/pr3/PR3SystemConnectionMemoTest.java]" classname="jmri.util.FileLineEndingsTest" time="0.001"/>
  <testcase name="lineEndings[./java/test/jmri/jmrix/loconet/pr3/swing/Pr3SelectPaneTest.java]" classname="jmri.util.FileLineEndingsTest" time="0"/>
  <testcase name="lineEndings[./java/test/jmri/jmrix/loconet/pr3/swing/BundleTest.java]" classname="jmri.util.FileLineEndingsTest" time="0.001"/>
  <testcase name="lineEndings[./java/test/jmri/jmrix/loconet/pr3/swing/PackageTest.java]" classname="jmri.util.FileLineEndingsTest" time="0.001"/>
  <testcase name="lineEndings[./java/test/jmri/jmrix/loconet/pr3/PackageTest.java]" classname="jmri.util.FileLineEndingsTest" time="0.001"/>
  <testcase name="lineEndings[./java/test/jmri/jmrix/loconet/swing/PackageTest.java]" classname="jmri.util.FileLineEndingsTest" time="0.001"/>
  <testcase name="lineEndings[./java/test/jmri/jmrix/loconet/swing/throttlemsg/BundleTest.java]" classname="jmri.util.FileLineEndingsTest" time="0.001"/>
  <testcase name="lineEndings[./java/test/jmri/jmrix/loconet/swing/throttlemsg/MessagePanelTest.java]" classname="jmri.util.FileLineEndingsTest" time="0"/>
  <testcase name="lineEndings[./java/test/jmri/jmrix/loconet/swing/throttlemsg/PackageTest.java]" classname="jmri.util.FileLineEndingsTest" time="0.001"/>
  <testcase name="lineEndings[./java/test/jmri/jmrix/loconet/swing/LnComponentFactoryTest.java]" classname="jmri.util.FileLineEndingsTest" time="0.001"/>
  <testcase name="lineEndings[./java/test/jmri/jmrix/loconet/swing/LnNamedPaneActionTest.java]" classname="jmri.util.FileLineEndingsTest" time="0.001"/>
  <testcase name="lineEndings[./java/test/jmri/jmrix/loconet/swing/BundleTest.java]" classname="jmri.util.FileLineEndingsTest" time="0.001"/>
  <testcase name="lineEndings[./java/test/jmri/jmrix/loconet/swing/LocoNetMenuTest.java]" classname="jmri.util.FileLineEndingsTest" time="0.001"/>
  <testcase name="lineEndings[./java/test/jmri/jmrix/loconet/sdf/FourByteMacroTest.java]" classname="jmri.util.FileLineEndingsTest" time="0"/>
  <testcase name="lineEndings[./java/test/jmri/jmrix/loconet/sdf/LabelMacroTest.java]" classname="jmri.util.FileLineEndingsTest" time="0.001"/>
  <testcase name="lineEndings[./java/test/jmri/jmrix/loconet/sdf/ChannelStartTest.java]" classname="jmri.util.FileLineEndingsTest" time="0.001"/>
  <testcase name="lineEndings[./java/test/jmri/jmrix/loconet/sdf/PlayTest.java]" classname="jmri.util.FileLineEndingsTest" time="0.001"/>
  <testcase name="lineEndings[./java/test/jmri/jmrix/loconet/sdf/DelaySoundTest.java]" classname="jmri.util.FileLineEndingsTest" time="0.001"/>
  <testcase name="lineEndings[./java/test/jmri/jmrix/loconet/sdf/InitiateSoundTest.java]" classname="jmri.util.FileLineEndingsTest" time="0.001"/>
  <testcase name="lineEndings[./java/test/jmri/jmrix/loconet/sdf/SdfBufferTest.java]" classname="jmri.util.FileLineEndingsTest" time="0"/>
  <testcase name="lineEndings[./java/test/jmri/jmrix/loconet/sdf/SdlVersionTest.java]" classname="jmri.util.FileLineEndingsTest" time="0"/>
  <testcase name="lineEndings[./java/test/jmri/jmrix/loconet/sdf/SkipOnTriggerTest.java]" classname="jmri.util.FileLineEndingsTest" time="0.001"/>
  <testcase name="lineEndings[./java/test/jmri/jmrix/loconet/sdf/LoadModifierTest.java]" classname="jmri.util.FileLineEndingsTest" time="0.001"/>
  <testcase name="lineEndings[./java/test/jmri/jmrix/loconet/sdf/GenerateTriggerTest.java]" classname="jmri.util.FileLineEndingsTest" time="0.001"/>
  <testcase name="lineEndings[./java/test/jmri/jmrix/loconet/sdf/BranchToTest.java]" classname="jmri.util.FileLineEndingsTest" time="0.001"/>
  <testcase name="lineEndings[./java/test/jmri/jmrix/loconet/sdf/EndSoundTest.java]" classname="jmri.util.FileLineEndingsTest" time="0.001"/>
  <testcase name="lineEndings[./java/test/jmri/jmrix/loconet/sdf/CommentMacroTest.java]" classname="jmri.util.FileLineEndingsTest" time="0"/>
  <testcase name="lineEndings[./java/test/jmri/jmrix/loconet/sdf/MaskCompareTest.java]" classname="jmri.util.FileLineEndingsTest" time="0.001"/>
  <testcase name="lineEndings[./java/test/jmri/jmrix/loconet/sdf/TwoByteMacroTest.java]" classname="jmri.util.FileLineEndingsTest" time="0.001"/>
  <testcase name="lineEndings[./java/test/jmri/jmrix/loconet/sdf/PackageTest.java]" classname="jmri.util.FileLineEndingsTest" time="0.001"/>
  <testcase name="lineEndings[./java/test/jmri/jmrix/loconet/sdf/SkemeStartTest.java]" classname="jmri.util.FileLineEndingsTest" time="0.001"/>
  <testcase name="lineEndings[./java/test/jmri/jmrix/loconet/ds64/SimpleTurnoutStateEntryTest.java]" classname="jmri.util.FileLineEndingsTest" time="0.001"/>
  <testcase name="lineEndings[./java/test/jmri/jmrix/loconet/ds64/DS64BundleTest.java]" classname="jmri.util.FileLineEndingsTest" time="0"/>
  <testcase name="lineEndings[./java/test/jmri/jmrix/loconet/ds64/SimpleTurnoutTest.java]" classname="jmri.util.FileLineEndingsTest" time="0.001"/>
  <testcase name="lineEndings[./java/test/jmri/jmrix/loconet/ds64/BundleTest.java]" classname="jmri.util.FileLineEndingsTest" time="0.001"/>
  <testcase name="lineEndings[./java/test/jmri/jmrix/loconet/ds64/PackageTest.java]" classname="jmri.util.FileLineEndingsTest" time="0.001"/>
  <testcase name="lineEndings[./java/test/jmri/jmrix/loconet/ds64/Ds64TabbedPanelTest.java]" classname="jmri.util.FileLineEndingsTest" time="0.001"/>
  <testcase name="lineEndings[./java/test/jmri/jmrix/loconet/Intellibox/IntelliboxAdapterTest.java]" classname="jmri.util.FileLineEndingsTest" time="0.001"/>
  <testcase name="lineEndings[./java/test/jmri/jmrix/loconet/Intellibox/IBLnPacketizerTest.java]" classname="jmri.util.FileLineEndingsTest" time="0"/>
  <testcase name="lineEndings[./java/test/jmri/jmrix/loconet/Intellibox/configurexml/ConnectionConfigXmlTest.java]" classname="jmri.util.FileLineEndingsTest" time="0.001"/>
  <testcase name="lineEndings[./java/test/jmri/jmrix/loconet/Intellibox/configurexml/PackageTest.java]" classname="jmri.util.FileLineEndingsTest" time="0.001"/>
  <testcase name="lineEndings[./java/test/jmri/jmrix/loconet/Intellibox/IbxConnectionTypeListTest.java]" classname="jmri.util.FileLineEndingsTest" time="0.001"/>
  <testcase name="lineEndings[./java/test/jmri/jmrix/loconet/Intellibox/BundleTest.java]" classname="jmri.util.FileLineEndingsTest" time="0.001"/>
  <testcase name="lineEndings[./java/test/jmri/jmrix/loconet/Intellibox/ConnectionConfigTest.java]" classname="jmri.util.FileLineEndingsTest" time="0.001"/>
  <testcase name="lineEndings[./java/test/jmri/jmrix/loconet/Intellibox/PackageTest.java]" classname="jmri.util.FileLineEndingsTest" time="0"/>
  <testcase name="lineEndings[./java/test/jmri/jmrix/loconet/LnPacketizerStrictTest.java]" classname="jmri.util.FileLineEndingsTest" time="0.001"/>
  <testcase name="lineEndings[./java/test/jmri/jmrix/loconet/LnConstantsTest.java]" classname="jmri.util.FileLineEndingsTest" time="0.001"/>
  <testcase name="lineEndings[./java/test/jmri/jmrix/loconet/LnOpsModeProgrammerTest.java]" classname="jmri.util.FileLineEndingsTest" time="0.001"/>
  <testcase name="lineEndings[./java/test/jmri/jmrix/loconet/LocoNetConsistManagerTest.java]" classname="jmri.util.FileLineEndingsTest" time="0.001"/>
  <testcase name="lineEndings[./java/test/jmri/jmrix/loconet/LnPacketizerTest.java]" classname="jmri.util.FileLineEndingsTest" time="0.001"/>
  <testcase name="lineEndings[./java/test/jmri/jmrix/loconet/LnMessageManagerTest.java]" classname="jmri.util.FileLineEndingsTest" time="0.001"/>
  <testcase name="lineEndings[./java/test/jmri/jmrix/loconet/LnPr2ThrottleManagerTest.java]" classname="jmri.util.FileLineEndingsTest" time="0"/>
  <testcase name="lineEndings[./java/test/jmri/jmrix/loconet/LnPortControllerTest.java]" classname="jmri.util.FileLineEndingsTest" time="0.001"/>
  <testcase name="lineEndings[./java/test/jmri/jmrix/loconet/bluetooth/PackageTest.java]" classname="jmri.util.FileLineEndingsTest" time="0.001"/>
  <testcase name="lineEndings[./java/test/jmri/jmrix/loconet/bluetooth/configurexml/ConnectionConfigXmlTest.java]" classname="jmri.util.FileLineEndingsTest" time="0.001"/>
  <testcase name="lineEndings[./java/test/jmri/jmrix/loconet/bluetooth/configurexml/PackageTest.java]" classname="jmri.util.FileLineEndingsTest" time="0.001"/>
  <testcase name="lineEndings[./java/test/jmri/jmrix/loconet/bluetooth/BundleTest.java]" classname="jmri.util.FileLineEndingsTest" time="0.001"/>
  <testcase name="lineEndings[./java/test/jmri/jmrix/loconet/bluetooth/LocoNetBluetoothAdapterTest.java]" classname="jmri.util.FileLineEndingsTest" time="0.001"/>
  <testcase name="lineEndings[./java/test/jmri/jmrix/loconet/bluetooth/ConnectionConfigTest.java]" classname="jmri.util.FileLineEndingsTest" time="0.001"/>
  <testcase name="lineEndings[./java/test/jmri/jmrix/loconet/hexfile/LocoNetSystemConnectionMemoTest.java]" classname="jmri.util.FileLineEndingsTest" time="0"/>
  <testcase name="lineEndings[./java/test/jmri/jmrix/loconet/hexfile/LnHexFilePortTest.java]" classname="jmri.util.FileLineEndingsTest" time="0.001"/>
  <testcase name="lineEndings[./java/test/jmri/jmrix/loconet/hexfile/BundleTest.java]" classname="jmri.util.FileLineEndingsTest" time="0.001"/>
  <testcase name="lineEndings[./java/test/jmri/jmrix/loconet/hexfile/HexFileFrameTest.java]" classname="jmri.util.FileLineEndingsTest" time="0.001"/>
  <testcase name="lineEndings[./java/test/jmri/jmrix/loconet/hexfile/configurexml/PackageTest.java]" classname="jmri.util.FileLineEndingsTest" time="0.001"/>
  <testcase name="lineEndings[./java/test/jmri/jmrix/loconet/hexfile/configurexml/LnSensorManagerXmlTest.java]" classname="jmri.util.FileLineEndingsTest" time="0.001"/>
  <testcase name="lineEndings[./java/test/jmri/jmrix/loconet/hexfile/configurexml/ConnectionConfigXmlTest.java]" classname="jmri.util.FileLineEndingsTest" time="0"/>
  <testcase name="lineEndings[./java/test/jmri/jmrix/loconet/hexfile/ConnectionConfigTest.java]" classname="jmri.util.FileLineEndingsTest" time="0.001"/>
  <testcase name="lineEndings[./java/test/jmri/jmrix/loconet/hexfile/HexFileServerTest.java]" classname="jmri.util.FileLineEndingsTest" time="0.001"/>
  <testcase name="lineEndings[./java/test/jmri/jmrix/loconet/hexfile/LnSensorManagerTest.java]" classname="jmri.util.FileLineEndingsTest" time="0.001"/>
  <testcase name="lineEndings[./java/test/jmri/jmrix/loconet/hexfile/LnHexFileActionTest.java]" classname="jmri.util.FileLineEndingsTest" time="0.001"/>
  <testcase name="lineEndings[./java/test/jmri/jmrix/loconet/hexfile/PackageTest.java]" classname="jmri.util.FileLineEndingsTest" time="0.001"/>
  <testcase name="lineEndings[./java/test/jmri/jmrix/loconet/LnSensorAddressTest.java]" classname="jmri.util.FileLineEndingsTest" time="0"/>
  <testcase name="lineEndings[./java/test/jmri/jmrix/loconet/LocoNetConsistTest.java]" classname="jmri.util.FileLineEndingsTest" time="0.001"/>
  <testcase name="lineEndings[./java/test/jmri/jmrix/loconet/downloader/LoaderPaneTest.java]" classname="jmri.util.FileLineEndingsTest" time="0.001"/>
  <testcase name="lineEndings[./java/test/jmri/jmrix/loconet/downloader/PackageTest.java]" classname="jmri.util.FileLineEndingsTest" time="0.001"/>
  <testcase name="lineEndings[./java/test/jmri/jmrix/loconet/downloader/BundleTest.java]" classname="jmri.util.FileLineEndingsTest" time="0.001"/>
  <testcase name="lineEndings[./java/test/jmri/jmrix/loconet/locormi/LnMessageBufferTest.java]" classname="jmri.util.FileLineEndingsTest" time="0.001"/>
  <testcase name="lineEndings[./java/test/jmri/jmrix/loconet/locormi/LnMessageServerActionTest.java]" classname="jmri.util.FileLineEndingsTest" time="0.001"/>
  <testcase name="lineEndings[./java/test/jmri/jmrix/loconet/locormi/LnMessageClientTest.java]" classname="jmri.util.FileLineEndingsTest" time="0"/>
  <testcase name="lineEndings[./java/test/jmri/jmrix/loconet/locormi/configurexml/ConnectionConfigXmlTest.java]" classname="jmri.util.FileLineEndingsTest" time="0.001"/>
  <testcase name="lineEndings[./java/test/jmri/jmrix/loconet/locormi/configurexml/PackageTest.java]" classname="jmri.util.FileLineEndingsTest" time="0.001"/>
  <testcase name="lineEndings[./java/test/jmri/jmrix/loconet/locormi/ConnectionConfigTest.java]" classname="jmri.util.FileLineEndingsTest" time="0.001"/>
  <testcase name="lineEndings[./java/test/jmri/jmrix/loconet/locormi/LnMessageClientPollThreadTest.java]" classname="jmri.util.FileLineEndingsTest" time="0.001"/>
  <testcase name="lineEndings[./java/test/jmri/jmrix/loconet/locormi/PackageTest.java]" classname="jmri.util.FileLineEndingsTest" time="0.001"/>
  <testcase name="lineEndings[./java/test/jmri/jmrix/loconet/locormi/LnMessageServerTest.java]" classname="jmri.util.FileLineEndingsTest" time="0"/>
  <testcase name="lineEndings[./java/test/jmri/jmrix/loconet/locormi/LnMessageClientActionTest.java]" classname="jmri.util.FileLineEndingsTest" time="0.001"/>
  <testcase name="lineEndings[./java/test/jmri/jmrix/loconet/locormi/BundleTest.java]" classname="jmri.util.FileLineEndingsTest" time="0.001"/>
  <testcase name="lineEndings[./java/test/jmri/jmrix/loconet/configurexml/LnReporterManagerXmlTest.java]" classname="jmri.util.FileLineEndingsTest" time="0.001"/>
  <testcase name="lineEndings[./java/test/jmri/jmrix/loconet/configurexml/SE8cSignalHeadXmlTest.java]" classname="jmri.util.FileLineEndingsTest" time="0.001"/>
  <testcase name="lineEndings[./java/test/jmri/jmrix/loconet/configurexml/PackageTest.java]" classname="jmri.util.FileLineEndingsTest" time="0.001"/>
  <testcase name="lineEndings[./java/test/jmri/jmrix/loconet/configurexml/LnSensorManagerXmlTest.java]" classname="jmri.util.FileLineEndingsTest" time="0"/>
  <testcase name="lineEndings[./java/test/jmri/jmrix/loconet/configurexml/LnLightManagerXmlTest.java]" classname="jmri.util.FileLineEndingsTest" time="0.001"/>
  <testcase name="lineEndings[./java/test/jmri/jmrix/loconet/configurexml/LnTurnoutManagerXmlTest.java]" classname="jmri.util.FileLineEndingsTest" time="0.001"/>
  <testcase name="lineEndings[./java/test/jmri/jmrix/loconet/configurexml/LNCPSignalMastXmlTest.java]" classname="jmri.util.FileLineEndingsTest" time="0.001"/>
  <testcase name="lineEndings[./java/test/jmri/jmrix/loconet/Pr2ThrottleTest.java]" classname="jmri.util.FileLineEndingsTest" time="0.001"/>
  <testcase name="lineEndings[./java/test/jmri/jmrix/loconet/UhlenbrockSlotManagerTest.java]" classname="jmri.util.FileLineEndingsTest" time="0.001"/>
  <testcase name="lineEndings[./java/test/jmri/jmrix/loconet/LnTurnoutTest.java]" classname="jmri.util.FileLineEndingsTest" time="0"/>
  <testcase name="lineEndings[./java/test/jmri/jmrix/loconet/LnClockControlTest.java]" classname="jmri.util.FileLineEndingsTest" time="0.001"/>
  <testcase name="lineEndings[./java/test/jmri/jmrix/loconet/SE8cSignalHeadTest.java]" classname="jmri.util.FileLineEndingsTest" time="0.001"/>
  <testcase name="lineEndings[./java/test/jmri/jmrix/loconet/CsOpSwAccessTest.java]" classname="jmri.util.FileLineEndingsTest" time="0.001"/>
  <testcase name="lineEndings[./java/test/jmri/jmrix/loconet/uhlenbrock/BundleTest.java]" classname="jmri.util.FileLineEndingsTest" time="0.001"/>
  <testcase name="lineEndings[./java/test/jmri/jmrix/loconet/uhlenbrock/UhlenbrockProgrammerManagerTest.java]" classname="jmri.util.FileLineEndingsTest" time="0.001"/>
  <testcase name="lineEndings[./java/test/jmri/jmrix/loconet/uhlenbrock/UhlenbrockSystemConnectionMemoTest.java]" classname="jmri.util.FileLineEndingsTest" time="0.001"/>
  <testcase name="lineEndings[./java/test/jmri/jmrix/loconet/uhlenbrock/UhlenbrockConnectionTypeListTest.java]" classname="jmri.util.FileLineEndingsTest" time="0.001"/>
  <testcase name="lineEndings[./java/test/jmri/jmrix/loconet/uhlenbrock/ConnectionConfigTest.java]" classname="jmri.util.FileLineEndingsTest" time="0.001"/>
  <testcase name="lineEndings[./java/test/jmri/jmrix/loconet/uhlenbrock/PackageTest.java]" classname="jmri.util.FileLineEndingsTest" time="0"/>
  <testcase name="lineEndings[./java/test/jmri/jmrix/loconet/uhlenbrock/configurexml/ConnectionConfigXmlTest.java]" classname="jmri.util.FileLineEndingsTest" time="0.001"/>
  <testcase name="lineEndings[./java/test/jmri/jmrix/loconet/uhlenbrock/configurexml/PackageTest.java]" classname="jmri.util.FileLineEndingsTest" time="0.001"/>
  <testcase name="lineEndings[./java/test/jmri/jmrix/loconet/uhlenbrock/UhlenbrockPacketizerTest.java]" classname="jmri.util.FileLineEndingsTest" time="0.001"/>
  <testcase name="lineEndings[./java/test/jmri/jmrix/loconet/uhlenbrock/UhlenbrockAdapterTest.java]" classname="jmri.util.FileLineEndingsTest" time="0.001"/>
  <testcase name="lineEndings[./java/test/jmri/jmrix/loconet/uhlenbrock/UhlenbrockLnThrottleManagerTest.java]" classname="jmri.util.FileLineEndingsTest" time="0.001"/>
  <testcase name="lineEndings[./java/test/jmri/jmrix/loconet/pm4/BundleTest.java]" classname="jmri.util.FileLineEndingsTest" time="0"/>
  <testcase name="lineEndings[./java/test/jmri/jmrix/loconet/pm4/PackageTest.java]" classname="jmri.util.FileLineEndingsTest" time="0.001"/>
  <testcase name="lineEndings[./java/test/jmri/jmrix/loconet/pm4/PM4PanelTest.java]" classname="jmri.util.FileLineEndingsTest" time="0.001"/>
  <testcase name="lineEndings[./java/test/jmri/jmrix/loconet/slotmon/BundleTest.java]" classname="jmri.util.FileLineEndingsTest" time="0.001"/>
  <testcase name="lineEndings[./java/test/jmri/jmrix/loconet/slotmon/PackageTest.java]" classname="jmri.util.FileLineEndingsTest" time="0.001"/>
  <testcase name="lineEndings[./java/test/jmri/jmrix/loconet/slotmon/SlotMonDataModelTest.java]" classname="jmri.util.FileLineEndingsTest" time="0.001"/>
  <testcase name="lineEndings[./java/test/jmri/jmrix/loconet/slotmon/SlotMonPaneTest.java]" classname="jmri.util.FileLineEndingsTest" time="0"/>
  <testcase name="lineEndings[./java/test/jmri/jmrix/loconet/LocoNetInterfaceScaffold.java]" classname="jmri.util.FileLineEndingsTest" time="0.001"/>
  <testcase name="lineEndings[./java/test/jmri/jmrix/loconet/LnSensorManagerTest.java]" classname="jmri.util.FileLineEndingsTest" time="0.001"/>
  <testcase name="lineEndings[./java/test/jmri/jmrix/loconet/locostats/PackageTest.java]" classname="jmri.util.FileLineEndingsTest" time="0.001"/>
  <testcase name="lineEndings[./java/test/jmri/jmrix/loconet/locostats/PR2StatusTest.java]" classname="jmri.util.FileLineEndingsTest" time="0.001"/>
  <testcase name="lineEndings[./java/test/jmri/jmrix/loconet/locostats/BundleTest.java]" classname="jmri.util.FileLineEndingsTest" time="0.001"/>
  <testcase name="lineEndings[./java/test/jmri/jmrix/loconet/locostats/swing/BundleTest.java]" classname="jmri.util.FileLineEndingsTest" time="0.001"/>
  <testcase name="lineEndings[./java/test/jmri/jmrix/loconet/locostats/swing/PackageTest.java]" classname="jmri.util.FileLineEndingsTest" time="0"/>
  <testcase name="lineEndings[./java/test/jmri/jmrix/loconet/locostats/swing/LocoStatsFrameTest.java]" classname="jmri.util.FileLineEndingsTest" time="0.001"/>
  <testcase name="lineEndings[./java/test/jmri/jmrix/loconet/locostats/swing/LocoStatsPanelTest.java]" classname="jmri.util.FileLineEndingsTest" time="0.001"/>
  <testcase name="lineEndings[./java/test/jmri/jmrix/loconet/locostats/LocoBufferIIStatusTest.java]" classname="jmri.util.FileLineEndingsTest" time="0.001"/>
  <testcase name="lineEndings[./java/test/jmri/jmrix/loconet/locostats/RawStatusTest.java]" classname="jmri.util.FileLineEndingsTest" time="0.001"/>
  <testcase name="lineEndings[./java/test/jmri/jmrix/loconet/locostats/PR3MS100ModeStatusTest.java]" classname="jmri.util.FileLineEndingsTest" time="0.001"/>
  <testcase name="lineEndings[./java/test/jmri/jmrix/loconet/locostats/LocoStatsFuncTest.java]" classname="jmri.util.FileLineEndingsTest" time="0"/>
  <testcase name="lineEndings[./java/test/jmri/jmrix/loconet/LnSensorTest.java]" classname="jmri.util.FileLineEndingsTest" time="0.001"/>
  <testcase name="lineEndings[./java/test/jmri/jmrix/loconet/LocoNetExceptionTest.java]" classname="jmri.util.FileLineEndingsTest" time="0.001"/>
  <testcase name="lineEndings[./java/test/jmri/jmrix/loconet/locoio/PackageTest.java]" classname="jmri.util.FileLineEndingsTest" time="0.001"/>
  <testcase name="lineEndings[./java/test/jmri/jmrix/loconet/locoio/LocoIOTest.java]" classname="jmri.util.FileLineEndingsTest" time="0.001"/>
  <testcase name="lineEndings[./java/test/jmri/jmrix/loconet/locoio/BundleTest.java]" classname="jmri.util.FileLineEndingsTest" time="0.001"/>
  <testcase name="lineEndings[./java/test/jmri/jmrix/loconet/locoio/LocoIOModeTest.java]" classname="jmri.util.FileLineEndingsTest" time="0"/>
  <testcase name="lineEndings[./java/test/jmri/jmrix/loconet/locoio/LocoIOModeListTest.java]" classname="jmri.util.FileLineEndingsTest" time="0.001"/>
  <testcase name="lineEndings[./java/test/jmri/jmrix/loconet/locoio/LocoIOPanelTest.java]" classname="jmri.util.FileLineEndingsTest" time="0.001"/>
  <testcase name="lineEndings[./java/test/jmri/jmrix/loconet/locoio/LocoIODataTest.java]" classname="jmri.util.FileLineEndingsTest" time="0.001"/>
  <testcase name="lineEndings[./java/test/jmri/jmrix/loconet/locoio/LocoIOTableModelTest.java]" classname="jmri.util.FileLineEndingsTest" time="0.001"/>
  <testcase name="lineEndings[./java/test/jmri/jmrix/loconet/locomon/BundleTest.java]" classname="jmri.util.FileLineEndingsTest" time="0.001"/>
  <testcase name="lineEndings[./java/test/jmri/jmrix/loconet/locomon/LlnmonTest.java]" classname="jmri.util.FileLineEndingsTest" time="0.002"/>
  <testcase name="lineEndings[./java/test/jmri/jmrix/loconet/locomon/PackageTest.java]" classname="jmri.util.FileLineEndingsTest" time="0.001"/>
  <testcase name="lineEndings[./java/test/jmri/jmrix/loconet/locomon/LocoMonPaneTest.java]" classname="jmri.util.FileLineEndingsTest" time="0.001"/>
  <testcase name="lineEndings[./java/test/jmri/jmrix/loconet/LnPowerManagerTest.java]" classname="jmri.util.FileLineEndingsTest" time="0.001"/>
  <testcase name="lineEndings[./java/test/jmri/jmrix/loconet/LnTrafficRouterTest.java]" classname="jmri.util.FileLineEndingsTest" time="0.001"/>
  <testcase name="lineEndings[./java/test/jmri/jmrix/loconet/UhlenbrockSlotTest.java]" classname="jmri.util.FileLineEndingsTest" time="0.002"/>
  <testcase name="lineEndings[./java/test/jmri/jmrix/loconet/LocoNetSlotTest.java]" classname="jmri.util.FileLineEndingsTest" time="0.001"/>
  <testcase name="lineEndings[./java/test/jmri/jmrix/loconet/LocoNetMessageTest.java]" classname="jmri.util.FileLineEndingsTest" time="0.001"/>
  <testcase name="lineEndings[./java/test/jmri/jmrix/loconet/LnThrottleManagerTest.java]" classname="jmri.util.FileLineEndingsTest" time="0.001"/>
  <testcase name="lineEndings[./java/test/jmri/jmrix/loconet/LocoNetThrottledTransmitterTest.java]" classname="jmri.util.FileLineEndingsTest" time="0.001"/>
  <testcase name="lineEndings[./java/test/jmri/jmrix/loconet/LnNetworkPortControllerTest.java]" classname="jmri.util.FileLineEndingsTest" time="0.001"/>
  <testcase name="lineEndings[./java/test/jmri/jmrix/loconet/LnReporterTest.java]" classname="jmri.util.FileLineEndingsTest" time="0.001"/>
  <testcase name="lineEndings[./java/test/jmri/jmrix/loconet/LnTurnoutManagerTest.java]" classname="jmri.util.FileLineEndingsTest" time="0.001"/>
  <testcase name="lineEndings[./java/test/jmri/jmrix/loconet/clockmon/PackageTest.java]" classname="jmri.util.FileLineEndingsTest" time="0.001"/>
  <testcase name="lineEndings[./java/test/jmri/jmrix/loconet/clockmon/ClockMonPaneTest.java]" classname="jmri.util.FileLineEndingsTest" time="0"/>
  <testcase name="lineEndings[./java/test/jmri/jmrix/loconet/clockmon/BundleTest.java]" classname="jmri.util.FileLineEndingsTest" time="0.001"/>
  <testcase name="lineEndings[./java/test/jmri/jmrix/loconet/Ib1ThrottleTest.java]" classname="jmri.util.FileLineEndingsTest" time="0.001"/>
  <testcase name="lineEndings[./java/test/jmri/jmrix/loconet/LnConnectionTypeListTest.java]" classname="jmri.util.FileLineEndingsTest" time="0.001"/>
  <testcase name="lineEndings[./java/test/jmri/jmrix/loconet/locoid/BundleTest.java]" classname="jmri.util.FileLineEndingsTest" time="0.001"/>
  <testcase name="lineEndings[./java/test/jmri/jmrix/loconet/locoid/LocoIdPanelTest.java]" classname="jmri.util.FileLineEndingsTest" time="0.001"/>
  <testcase name="lineEndings[./java/test/jmri/jmrix/loconet/locoid/PackageTest.java]" classname="jmri.util.FileLineEndingsTest" time="0.001"/>
  <testcase name="lineEndings[./java/test/jmri/jmrix/loconet/Ib2ThrottleManagerTest.java]" classname="jmri.util.FileLineEndingsTest" time="0"/>
  <testcase name="lineEndings[./java/test/jmri/jmrix/loconet/bdl16/BundleTest.java]" classname="jmri.util.FileLineEndingsTest" time="0.001"/>
  <testcase name="lineEndings[./java/test/jmri/jmrix/loconet/bdl16/PackageTest.java]" classname="jmri.util.FileLineEndingsTest" time="0.001"/>
  <testcase name="lineEndings[./java/test/jmri/jmrix/loconet/bdl16/BDL16PanelTest.java]" classname="jmri.util.FileLineEndingsTest" time="0.001"/>
  <testcase name="lineEndings[./java/test/jmri/jmrix/loconet/SlotManagerTest.java]" classname="jmri.util.FileLineEndingsTest" time="0.001"/>
  <testcase name="lineEndings[./java/test/jmri/jmrix/loconet/cmdstnconfig/PackageTest.java]" classname="jmri.util.FileLineEndingsTest" time="0.001"/>
  <testcase name="lineEndings[./java/test/jmri/jmrix/loconet/cmdstnconfig/CmdStnConfigPaneTest.java]" classname="jmri.util.FileLineEndingsTest" time="0.001"/>
  <testcase name="lineEndings[./java/test/jmri/jmrix/loconet/cmdstnconfig/BundleTest.java]" classname="jmri.util.FileLineEndingsTest" time="0"/>
  <testcase name="lineEndings[./java/test/jmri/jmrix/loconet/cmdstnconfig/XmlConfigTest.java]" classname="jmri.util.FileLineEndingsTest" time="0.001"/>
  <testcase name="lineEndings[./java/test/jmri/jmrix/loconet/LNCPSignalMastTest.java]" classname="jmri.util.FileLineEndingsTest" time="0.001"/>
  <testcase name="lineEndings[./java/test/jmri/jmrix/loconet/LocoNetThrottleTest.java]" classname="jmri.util.FileLineEndingsTest" time="0.001"/>
  <testcase name="lineEndings[./java/test/jmri/jmrix/loconet/LocoNetMessageExceptionTest.java]" classname="jmri.util.FileLineEndingsTest" time="0.001"/>
  <testcase name="lineEndings[./java/test/jmri/jmrix/loconet/LnProgrammerManagerTest.java]" classname="jmri.util.FileLineEndingsTest" time="0.001"/>
  <testcase name="lineEndings[./java/test/jmri/jmrix/loconet/lnsvf2/BundleTest.java]" classname="jmri.util.FileLineEndingsTest" time="0"/>
  <testcase name="lineEndings[./java/test/jmri/jmrix/loconet/lnsvf2/PackageTest.java]" classname="jmri.util.FileLineEndingsTest" time="0.001"/>
  <testcase name="lineEndings[./java/test/jmri/jmrix/loconet/lnsvf2/LnSv2MessageContentsTest.java]" classname="jmri.util.FileLineEndingsTest" time="0.001"/>
  <testcase name="lineEndings[./java/test/jmri/jmrix/loconet/LnLightManagerTest.java]" classname="jmri.util.FileLineEndingsTest" time="0.001"/>
  <testcase name="lineEndings[./java/test/jmri/jmrix/loconet/Ib1ThrottleManagerTest.java]" classname="jmri.util.FileLineEndingsTest" time="0.001"/>
  <testcase name="lineEndings[./java/test/jmri/jmrix/loconet/LnReporterManagerTest.java]" classname="jmri.util.FileLineEndingsTest" time="0.001"/>
  <testcase name="lineEndings[./java/test/jmri/jmrix/loconet/Ib2ThrottleTest.java]" classname="jmri.util.FileLineEndingsTest" time="0"/>
  <testcase name="lineEndings[./java/test/jmri/jmrix/ActiveSystemsMenuTest.java]" classname="jmri.util.FileLineEndingsTest" time="0"/>
  <testcase name="lineEndings[./java/test/jmri/jmrix/DCCManufacturerListTest.java]" classname="jmri.util.FileLineEndingsTest" time="0.001"/>
  <testcase name="lineEndings[./java/test/jmri/jmrix/direct/ReplyTest.java]" classname="jmri.util.FileLineEndingsTest" time="0.001"/>
  <testcase name="lineEndings[./java/test/jmri/jmrix/direct/configurexml/PackageTest.java]" classname="jmri.util.FileLineEndingsTest" time="0.001"/>
  <testcase name="lineEndings[./java/test/jmri/jmrix/direct/ThrottleTest.java]" classname="jmri.util.FileLineEndingsTest" time="0.001"/>
  <testcase name="lineEndings[./java/test/jmri/jmrix/direct/simulator/configurexml/ConnectionConfigXmlTest.java]" classname="jmri.util.FileLineEndingsTest" time="0.001"/>
  <testcase name="lineEndings[./java/test/jmri/jmrix/direct/simulator/configurexml/PackageTest.java]" classname="jmri.util.FileLineEndingsTest" time="0"/>
  <testcase name="lineEndings[./java/test/jmri/jmrix/direct/simulator/BundleTest.java]" classname="jmri.util.FileLineEndingsTest" time="0.001"/>
  <testcase name="lineEndings[./java/test/jmri/jmrix/direct/simulator/PackageTest.java]" classname="jmri.util.FileLineEndingsTest" time="0.001"/>
  <testcase name="lineEndings[./java/test/jmri/jmrix/direct/simulator/SimulatorAdapterTest.java]" classname="jmri.util.FileLineEndingsTest" time="0.001"/>
  <testcase name="lineEndings[./java/test/jmri/jmrix/direct/simulator/ConnectionConfigTest.java]" classname="jmri.util.FileLineEndingsTest" time="0.001"/>
  <testcase name="lineEndings[./java/test/jmri/jmrix/direct/DirectSystemConnectionMemoTest.java]" classname="jmri.util.FileLineEndingsTest" time="0"/>
  <testcase name="lineEndings[./java/test/jmri/jmrix/direct/DirectConnectionTypeListTest.java]" classname="jmri.util.FileLineEndingsTest" time="0.001"/>
  <testcase name="lineEndings[./java/test/jmri/jmrix/direct/BundleTest.java]" classname="jmri.util.FileLineEndingsTest" time="0.001"/>
  <testcase name="lineEndings[./java/test/jmri/jmrix/direct/swing/PackageTest.java]" classname="jmri.util.FileLineEndingsTest" time="0.001"/>
  <testcase name="lineEndings[./java/test/jmri/jmrix/direct/swing/DirectComponentFactoryTest.java]" classname="jmri.util.FileLineEndingsTest" time="0.001"/>
  <testcase name="lineEndings[./java/test/jmri/jmrix/direct/serial/SerialDriverAdapterTest.java]" classname="jmri.util.FileLineEndingsTest" time="0.001"/>
  <testcase name="lineEndings[./java/test/jmri/jmrix/direct/serial/configurexml/PackageTest.java]" classname="jmri.util.FileLineEndingsTest" time="0"/>
  <testcase name="lineEndings[./java/test/jmri/jmrix/direct/serial/configurexml/ConnectionConfigXmlTest.java]" classname="jmri.util.FileLineEndingsTest" time="0.001"/>
  <testcase name="lineEndings[./java/test/jmri/jmrix/direct/serial/PackageTest.java]" classname="jmri.util.FileLineEndingsTest" time="0.001"/>
  <testcase name="lineEndings[./java/test/jmri/jmrix/direct/serial/ConnectionConfigTest.java]" classname="jmri.util.FileLineEndingsTest" time="0.001"/>
  <testcase name="lineEndings[./java/test/jmri/jmrix/direct/serial/BundleTest.java]" classname="jmri.util.FileLineEndingsTest" time="0.001"/>
  <testcase name="lineEndings[./java/test/jmri/jmrix/direct/DirectMenuTest.java]" classname="jmri.util.FileLineEndingsTest" time="0.001"/>
  <testcase name="lineEndings[./java/test/jmri/jmrix/direct/PortControllerTest.java]" classname="jmri.util.FileLineEndingsTest" time="0"/>
  <testcase name="lineEndings[./java/test/jmri/jmrix/direct/PackageTest.java]" classname="jmri.util.FileLineEndingsTest" time="0.001"/>
  <testcase name="lineEndings[./java/test/jmri/jmrix/direct/TrafficControllerTest.java]" classname="jmri.util.FileLineEndingsTest" time="0.001"/>
  <testcase name="lineEndings[./java/test/jmri/jmrix/direct/ThrottleManagerTest.java]" classname="jmri.util.FileLineEndingsTest" time="0.001"/>
  <testcase name="lineEndings[./java/test/jmri/jmrix/direct/MakePacketTest.java]" classname="jmri.util.FileLineEndingsTest" time="0.001"/>
  <testcase name="lineEndings[./java/test/jmri/jmrix/direct/MessageTest.java]" classname="jmri.util.FileLineEndingsTest" time="0.001"/>
  <testcase name="lineEndings[./java/test/jmri/jmrix/sprog/simulator/PackageTest.java]" classname="jmri.util.FileLineEndingsTest" time="0.001"/>
  <testcase name="lineEndings[./java/test/jmri/jmrix/sprog/simulator/SimulatorAdapterTest.java]" classname="jmri.util.FileLineEndingsTest" time="0"/>
  <testcase name="lineEndings[./java/test/jmri/jmrix/sprog/simulator/configurexml/PackageTest.java]" classname="jmri.util.FileLineEndingsTest" time="0.001"/>
  <testcase name="lineEndings[./java/test/jmri/jmrix/sprog/simulator/configurexml/ConnectionConfigXmlTest.java]" classname="jmri.util.FileLineEndingsTest" time="0.001"/>
  <testcase name="lineEndings[./java/test/jmri/jmrix/sprog/simulator/ConnectionConfigTest.java]" classname="jmri.util.FileLineEndingsTest" time="0.001"/>
  <testcase name="lineEndings[./java/test/jmri/jmrix/sprog/simulator/BundleTest.java]" classname="jmri.util.FileLineEndingsTest" time="0.001"/>
  <testcase name="lineEndings[./java/test/jmri/jmrix/sprog/SprogReplyTest.java]" classname="jmri.util.FileLineEndingsTest" time="0.001"/>
  <testcase name="lineEndings[./java/test/jmri/jmrix/sprog/SprogCSStreamPortControllerTest.java]" classname="jmri.util.FileLineEndingsTest" time="0"/>
  <testcase name="lineEndings[./java/test/jmri/jmrix/sprog/sprognano/configurexml/ConnectionConfigXmlTest.java]" classname="jmri.util.FileLineEndingsTest" time="0"/>
  <testcase name="lineEndings[./java/test/jmri/jmrix/sprog/sprognano/configurexml/PackageTest.java]" classname="jmri.util.FileLineEndingsTest" time="0.001"/>
  <testcase name="lineEndings[./java/test/jmri/jmrix/sprog/sprognano/SprogNanoSerialDriverAdapterTest.java]" classname="jmri.util.FileLineEndingsTest" time="0.001"/>
  <testcase name="lineEndings[./java/test/jmri/jmrix/sprog/sprognano/BundleTest.java]" classname="jmri.util.FileLineEndingsTest" time="0.001"/>
  <testcase name="lineEndings[./java/test/jmri/jmrix/sprog/sprognano/ConnectionConfigTest.java]" classname="jmri.util.FileLineEndingsTest" time="0.001"/>
  <testcase name="lineEndings[./java/test/jmri/jmrix/sprog/sprognano/PackageTest.java]" classname="jmri.util.FileLineEndingsTest" time="0.001"/>
  <testcase name="lineEndings[./java/test/jmri/jmrix/sprog/pi/pisprogone/ConnectionConfigTest.java]" classname="jmri.util.FileLineEndingsTest" time="0"/>
  <testcase name="lineEndings[./java/test/jmri/jmrix/sprog/pi/pisprogone/configurexml/ConnectionConfigXmlTest.java]" classname="jmri.util.FileLineEndingsTest" time="0.001"/>
  <testcase name="lineEndings[./java/test/jmri/jmrix/sprog/pi/pisprogone/configurexml/PackageTest.java]" classname="jmri.util.FileLineEndingsTest" time="0.001"/>
  <testcase name="lineEndings[./java/test/jmri/jmrix/sprog/pi/pisprogone/BundleTest.java]" classname="jmri.util.FileLineEndingsTest" time="0.001"/>
  <testcase name="lineEndings[./java/test/jmri/jmrix/sprog/pi/pisprogone/PiSprogOneSerialDriverAdapterTest.java]" classname="jmri.util.FileLineEndingsTest" time="0.001"/>
  <testcase name="lineEndings[./java/test/jmri/jmrix/sprog/pi/pisprogone/PackageTest.java]" classname="jmri.util.FileLineEndingsTest" time="0.001"/>
  <testcase name="lineEndings[./java/test/jmri/jmrix/sprog/pi/pisprognano/PiSprogNanoSerialDriverAdapterTest.java]" classname="jmri.util.FileLineEndingsTest" time="0"/>
  <testcase name="lineEndings[./java/test/jmri/jmrix/sprog/pi/pisprognano/BundleTest.java]" classname="jmri.util.FileLineEndingsTest" time="0.001"/>
  <testcase name="lineEndings[./java/test/jmri/jmrix/sprog/pi/pisprognano/ConnectionConfigTest.java]" classname="jmri.util.FileLineEndingsTest" time="0.001"/>
  <testcase name="lineEndings[./java/test/jmri/jmrix/sprog/pi/pisprognano/PackageTest.java]" classname="jmri.util.FileLineEndingsTest" time="0.001"/>
  <testcase name="lineEndings[./java/test/jmri/jmrix/sprog/pi/pisprognano/configurexml/ConnectionConfigXmlTest.java]" classname="jmri.util.FileLineEndingsTest" time="0.001"/>
  <testcase name="lineEndings[./java/test/jmri/jmrix/sprog/pi/pisprognano/configurexml/PackageTest.java]" classname="jmri.util.FileLineEndingsTest" time="0.001"/>
  <testcase name="lineEndings[./java/test/jmri/jmrix/sprog/pi/pisprogonecs/configurexml/ConnectionConfigXmlTest.java]" classname="jmri.util.FileLineEndingsTest" time="0.001"/>
  <testcase name="lineEndings[./java/test/jmri/jmrix/sprog/pi/pisprogonecs/configurexml/PackageTest.java]" classname="jmri.util.FileLineEndingsTest" time="0"/>
  <testcase name="lineEndings[./java/test/jmri/jmrix/sprog/pi/pisprogonecs/BundleTest.java]" classname="jmri.util.FileLineEndingsTest" time="0.001"/>
  <testcase name="lineEndings[./java/test/jmri/jmrix/sprog/pi/pisprogonecs/PackageTest.java]" classname="jmri.util.FileLineEndingsTest" time="0.001"/>
  <testcase name="lineEndings[./java/test/jmri/jmrix/sprog/pi/pisprogonecs/ConnectionConfigTest.java]" classname="jmri.util.FileLineEndingsTest" time="0.001"/>
  <testcase name="lineEndings[./java/test/jmri/jmrix/sprog/pi/pisprogonecs/PiSprogOneCSSerialDriverAdapterTest.java]" classname="jmri.util.FileLineEndingsTest" time="0.001"/>
  <testcase name="lineEndings[./java/test/jmri/jmrix/sprog/pi/PackageTest.java]" classname="jmri.util.FileLineEndingsTest" time="0.001"/>
  <testcase name="lineEndings[./java/test/jmri/jmrix/sprog/pi/BundleTest.java]" classname="jmri.util.FileLineEndingsTest" time="0"/>
  <testcase name="lineEndings[./java/test/jmri/jmrix/sprog/sprogmon/BundleTest.java]" classname="jmri.util.FileLineEndingsTest" time="0.001"/>
  <testcase name="lineEndings[./java/test/jmri/jmrix/sprog/sprogmon/PackageTest.java]" classname="jmri.util.FileLineEndingsTest" time="0.001"/>
  <testcase name="lineEndings[./java/test/jmri/jmrix/sprog/sprogmon/SprogMonFrameTest.java]" classname="jmri.util.FileLineEndingsTest" time="0.001"/>
  <testcase name="lineEndings[./java/test/jmri/jmrix/sprog/sprogmon/SprogMonActionTest.java]" classname="jmri.util.FileLineEndingsTest" time="0.001"/>
  <testcase name="lineEndings[./java/test/jmri/jmrix/sprog/SprogCSThrottleTest.java]" classname="jmri.util.FileLineEndingsTest" time="0.001"/>
  <testcase name="lineEndings[./java/test/jmri/jmrix/sprog/update/SprogVersionFrameTest.java]" classname="jmri.util.FileLineEndingsTest" time="0.001"/>
  <testcase name="lineEndings[./java/test/jmri/jmrix/sprog/update/SprogVersionQueryTest.java]" classname="jmri.util.FileLineEndingsTest" time="0.001"/>
  <testcase name="lineEndings[./java/test/jmri/jmrix/sprog/update/PackageTest.java]" classname="jmri.util.FileLineEndingsTest" time="0.001"/>
  <testcase name="lineEndings[./java/test/jmri/jmrix/sprog/update/BundleTest.java]" classname="jmri.util.FileLineEndingsTest" time="0"/>
  <testcase name="lineEndings[./java/test/jmri/jmrix/sprog/update/Sprogv4UpdateActionTest.java]" classname="jmri.util.FileLineEndingsTest" time="0.001"/>
  <testcase name="lineEndings[./java/test/jmri/jmrix/sprog/update/SprogTypeTest.java]" classname="jmri.util.FileLineEndingsTest" time="0.001"/>
  <testcase name="lineEndings[./java/test/jmri/jmrix/sprog/update/SprogVersionActionTest.java]" classname="jmri.util.FileLineEndingsTest" time="0.001"/>
  <testcase name="lineEndings[./java/test/jmri/jmrix/sprog/update/Sprogv4UpdateFrameTest.java]" classname="jmri.util.FileLineEndingsTest" time="0.001"/>
  <testcase name="lineEndings[./java/test/jmri/jmrix/sprog/update/SprogHexFileTest.java]" classname="jmri.util.FileLineEndingsTest" time="0.001"/>
  <testcase name="lineEndings[./java/test/jmri/jmrix/sprog/update/SprogIIUpdateFrameTest.java]" classname="jmri.util.FileLineEndingsTest" time="0"/>
  <testcase name="lineEndings[./java/test/jmri/jmrix/sprog/update/SprogIIUpdateActionTest.java]" classname="jmri.util.FileLineEndingsTest" time="0.001"/>
  <testcase name="lineEndings[./java/test/jmri/jmrix/sprog/update/SprogVersionTest.java]" classname="jmri.util.FileLineEndingsTest" time="0.001"/>
  <testcase name="lineEndings[./java/test/jmri/jmrix/sprog/SPROGCSMenuTest.java]" classname="jmri.util.FileLineEndingsTest" time="0.001"/>
  <testcase name="lineEndings[./java/test/jmri/jmrix/sprog/PackageTest.java]" classname="jmri.util.FileLineEndingsTest" time="0.001"/>
  <testcase name="lineEndings[./java/test/jmri/jmrix/sprog/configurexml/SprogTurnoutManagerXmlTest.java]" classname="jmri.util.FileLineEndingsTest" time="0.001"/>
  <testcase name="lineEndings[./java/test/jmri/jmrix/sprog/configurexml/PackageTest.java]" classname="jmri.util.FileLineEndingsTest" time="0"/>
  <testcase name="lineEndings[./java/test/jmri/jmrix/sprog/SprogTrafficControlScaffold.java]" classname="jmri.util.FileLineEndingsTest" time="0.001"/>
  <testcase name="lineEndings[./java/test/jmri/jmrix/sprog/sprogslotmon/SprogSlotMonActionTest.java]" classname="jmri.util.FileLineEndingsTest" time="0.001"/>
  <testcase name="lineEndings[./java/test/jmri/jmrix/sprog/sprogslotmon/SprogSlotMonFrameTest.java]" classname="jmri.util.FileLineEndingsTest" time="0.001"/>
  <testcase name="lineEndings[./java/test/jmri/jmrix/sprog/sprogslotmon/PackageTest.java]" classname="jmri.util.FileLineEndingsTest" time="0.001"/>
  <testcase name="lineEndings[./java/test/jmri/jmrix/sprog/sprogslotmon/SprogSlotMonDataModelTest.java]" classname="jmri.util.FileLineEndingsTest" time="0.001"/>
  <testcase name="lineEndings[./java/test/jmri/jmrix/sprog/sprogslotmon/BundleTest.java]" classname="jmri.util.FileLineEndingsTest" time="0"/>
  <testcase name="lineEndings[./java/test/jmri/jmrix/sprog/sprog/configurexml/ConnectionConfigXmlTest.java]" classname="jmri.util.FileLineEndingsTest" time="0.001"/>
  <testcase name="lineEndings[./java/test/jmri/jmrix/sprog/sprog/configurexml/PackageTest.java]" classname="jmri.util.FileLineEndingsTest" time="0.001"/>
  <testcase name="lineEndings[./java/test/jmri/jmrix/sprog/sprog/PackageTest.java]" classname="jmri.util.FileLineEndingsTest" time="0.001"/>
  <testcase name="lineEndings[./java/test/jmri/jmrix/sprog/sprog/ConnectionConfigTest.java]" classname="jmri.util.FileLineEndingsTest" time="0.001"/>
  <testcase name="lineEndings[./java/test/jmri/jmrix/sprog/SprogCSThrottleManagerTest.java]" classname="jmri.util.FileLineEndingsTest" time="0.001"/>
  <testcase name="lineEndings[./java/test/jmri/jmrix/sprog/serialdriver/ConnectionConfigTest.java]" classname="jmri.util.FileLineEndingsTest" time="0"/>
  <testcase name="lineEndings[./java/test/jmri/jmrix/sprog/serialdriver/PackageTest.java]" classname="jmri.util.FileLineEndingsTest" time="0.001"/>
  <testcase name="lineEndings[./java/test/jmri/jmrix/sprog/serialdriver/configurexml/PackageTest.java]" classname="jmri.util.FileLineEndingsTest" time="0.001"/>
  <testcase name="lineEndings[./java/test/jmri/jmrix/sprog/serialdriver/configurexml/ConnectionConfigXmlTest.java]" classname="jmri.util.FileLineEndingsTest" time="0.001"/>
  <testcase name="lineEndings[./java/test/jmri/jmrix/sprog/serialdriver/BundleTest.java]" classname="jmri.util.FileLineEndingsTest" time="0.001"/>
  <testcase name="lineEndings[./java/test/jmri/jmrix/sprog/serialdriver/SerialDriverAdapterTest.java]" classname="jmri.util.FileLineEndingsTest" time="0.001"/>
  <testcase name="lineEndings[./java/test/jmri/jmrix/sprog/swing/PackageTest.java]" classname="jmri.util.FileLineEndingsTest" time="0"/>
  <testcase name="lineEndings[./java/test/jmri/jmrix/sprog/swing/SprogComponentFactoryTest.java]" classname="jmri.util.FileLineEndingsTest" time="0.001"/>
  <testcase name="lineEndings[./java/test/jmri/jmrix/sprog/console/SprogConsoleFrameTest.java]" classname="jmri.util.FileLineEndingsTest" time="0.001"/>
  <testcase name="lineEndings[./java/test/jmri/jmrix/sprog/console/PackageTest.java]" classname="jmri.util.FileLineEndingsTest" time="0.001"/>
  <testcase name="lineEndings[./java/test/jmri/jmrix/sprog/console/SprogConsoleActionTest.java]" classname="jmri.util.FileLineEndingsTest" time="0.001"/>
  <testcase name="lineEndings[./java/test/jmri/jmrix/sprog/console/BundleTest.java]" classname="jmri.util.FileLineEndingsTest" time="0.001"/>
  <testcase name="lineEndings[./java/test/jmri/jmrix/sprog/SprogConnectionTypeListTest.java]" classname="jmri.util.FileLineEndingsTest" time="0"/>
  <testcase name="lineEndings[./java/test/jmri/jmrix/sprog/SprogCommandStationTest.java]" classname="jmri.util.FileLineEndingsTest" time="0.001"/>
  <testcase name="lineEndings[./java/test/jmri/jmrix/sprog/SprogProgrammerManagerTest.java]" classname="jmri.util.FileLineEndingsTest" time="0.001"/>
  <testcase name="lineEndings[./java/test/jmri/jmrix/sprog/SprogTurnoutTest.java]" classname="jmri.util.FileLineEndingsTest" time="0.001"/>
  <testcase name="lineEndings[./java/test/jmri/jmrix/sprog/SprogThrottleManagerTest.java]" classname="jmri.util.FileLineEndingsTest" time="0.001"/>
  <testcase name="lineEndings[./java/test/jmri/jmrix/sprog/SprogProgrammerTest.java]" classname="jmri.util.FileLineEndingsTest" time="0.001"/>
  <testcase name="lineEndings[./java/test/jmri/jmrix/sprog/packetgen/SprogPacketGenActionTest.java]" classname="jmri.util.FileLineEndingsTest" time="0"/>
  <testcase name="lineEndings[./java/test/jmri/jmrix/sprog/packetgen/PackageTest.java]" classname="jmri.util.FileLineEndingsTest" time="0"/>
  <testcase name="lineEndings[./java/test/jmri/jmrix/sprog/packetgen/SprogPacketGenFrameTest.java]" classname="jmri.util.FileLineEndingsTest" time="0.001"/>
  <testcase name="lineEndings[./java/test/jmri/jmrix/sprog/packetgen/BundleTest.java]" classname="jmri.util.FileLineEndingsTest" time="0.001"/>
  <testcase name="lineEndings[./java/test/jmri/jmrix/sprog/sprogCS/SprogCSSerialDriverAdapterTest.java]" classname="jmri.util.FileLineEndingsTest" time="0.001"/>
  <testcase name="lineEndings[./java/test/jmri/jmrix/sprog/sprogCS/configurexml/PackageTest.java]" classname="jmri.util.FileLineEndingsTest" time="0.001"/>
  <testcase name="lineEndings[./java/test/jmri/jmrix/sprog/sprogCS/configurexml/ConnectionConfigXmlTest.java]" classname="jmri.util.FileLineEndingsTest" time="0.001"/>
  <testcase name="lineEndings[./java/test/jmri/jmrix/sprog/sprogCS/PackageTest.java]" classname="jmri.util.FileLineEndingsTest" time="0"/>
  <testcase name="lineEndings[./java/test/jmri/jmrix/sprog/sprogCS/ConnectionConfigTest.java]" classname="jmri.util.FileLineEndingsTest" time="0.001"/>
  <testcase name="lineEndings[./java/test/jmri/jmrix/sprog/sprogCS/BundleTest.java]" classname="jmri.util.FileLineEndingsTest" time="0.001"/>
  <testcase name="lineEndings[./java/test/jmri/jmrix/sprog/SprogTrafficControllerTest.java]" classname="jmri.util.FileLineEndingsTest" time="0.001"/>
  <testcase name="lineEndings[./java/test/jmri/jmrix/sprog/BundleTest.java]" classname="jmri.util.FileLineEndingsTest" time="0.001"/>
  <testcase name="lineEndings[./java/test/jmri/jmrix/sprog/SprogThrottleTest.java]" classname="jmri.util.FileLineEndingsTest" time="0.001"/>
  <testcase name="lineEndings[./java/test/jmri/jmrix/sprog/SprogPortControllerTest.java]" classname="jmri.util.FileLineEndingsTest" time="0"/>
  <testcase name="lineEndings[./java/test/jmri/jmrix/sprog/SprogOpsModeProgrammerTest.java]" classname="jmri.util.FileLineEndingsTest" time="0.001"/>
  <testcase name="lineEndings[./java/test/jmri/jmrix/sprog/SprogSlotTest.java]" classname="jmri.util.FileLineEndingsTest" time="0.001"/>
  <testcase name="lineEndings[./java/test/jmri/jmrix/sprog/SprogConstantsTest.java]" classname="jmri.util.FileLineEndingsTest" time="0.001"/>
  <testcase name="lineEndings[./java/test/jmri/jmrix/sprog/SprogSystemConnectionMemoTest.java]" classname="jmri.util.FileLineEndingsTest" time="0.001"/>
  <testcase name="lineEndings[./java/test/jmri/jmrix/sprog/SprogCSTurnoutTest.java]" classname="jmri.util.FileLineEndingsTest" time="0.001"/>
  <testcase name="lineEndings[./java/test/jmri/jmrix/sprog/SPROGMenuTest.java]" classname="jmri.util.FileLineEndingsTest" time="0"/>
  <testcase name="lineEndings[./java/test/jmri/jmrix/sprog/SprogTurnoutManagerTest.java]" classname="jmri.util.FileLineEndingsTest" time="0.001"/>
  <testcase name="lineEndings[./java/test/jmri/jmrix/sprog/SprogPowerManagerTest.java]" classname="jmri.util.FileLineEndingsTest" time="0.001"/>
  <testcase name="lineEndings[./java/test/jmri/jmrix/sprog/SprogMessageTest.java]" classname="jmri.util.FileLineEndingsTest" time="0.001"/>
  <testcase name="lineEndings[./java/test/jmri/jmrix/mrc/PackageTest.java]" classname="jmri.util.FileLineEndingsTest" time="0.001"/>
  <testcase name="lineEndings[./java/test/jmri/jmrix/mrc/serialdriver/SerialDriverAdapterTest.java]" classname="jmri.util.FileLineEndingsTest" time="0.001"/>
  <testcase name="lineEndings[./java/test/jmri/jmrix/mrc/serialdriver/configurexml/ConnectionConfigXmlTest.java]" classname="jmri.util.FileLineEndingsTest" time="0"/>
  <testcase name="lineEndings[./java/test/jmri/jmrix/mrc/serialdriver/configurexml/PackageTest.java]" classname="jmri.util.FileLineEndingsTest" time="0.001"/>
  <testcase name="lineEndings[./java/test/jmri/jmrix/mrc/serialdriver/ConnectionConfigTest.java]" classname="jmri.util.FileLineEndingsTest" time="0.001"/>
  <testcase name="lineEndings[./java/test/jmri/jmrix/mrc/serialdriver/PackageTest.java]" classname="jmri.util.FileLineEndingsTest" time="0.001"/>
  <testcase name="lineEndings[./java/test/jmri/jmrix/mrc/MrcPacketsTest.java]" classname="jmri.util.FileLineEndingsTest" time="0.001"/>
  <testcase name="lineEndings[./java/test/jmri/jmrix/mrc/MrcTurnoutManagerTest.java]" classname="jmri.util.FileLineEndingsTest" time="0.001"/>
  <testcase name="lineEndings[./java/test/jmri/jmrix/mrc/MrcThrottleManagerTest.java]" classname="jmri.util.FileLineEndingsTest" time="0"/>
  <testcase name="lineEndings[./java/test/jmri/jmrix/mrc/MrcProgrammerTest.java]" classname="jmri.util.FileLineEndingsTest" time="0.001"/>
  <testcase name="lineEndings[./java/test/jmri/jmrix/mrc/MrcTrafficListenerFilterTest.java]" classname="jmri.util.FileLineEndingsTest" time="0.001"/>
  <testcase name="lineEndings[./java/test/jmri/jmrix/mrc/simulator/configurexml/PackageTest.java]" classname="jmri.util.FileLineEndingsTest" time="0.001"/>
  <testcase name="lineEndings[./java/test/jmri/jmrix/mrc/simulator/configurexml/ConnectionConfigXmlTest.java]" classname="jmri.util.FileLineEndingsTest" time="0.001"/>
  <testcase name="lineEndings[./java/test/jmri/jmrix/mrc/simulator/SimulatorAdapterTest.java]" classname="jmri.util.FileLineEndingsTest" time="0.001"/>
  <testcase name="lineEndings[./java/test/jmri/jmrix/mrc/simulator/ConnectionConfigTest.java]" classname="jmri.util.FileLineEndingsTest" time="0"/>
  <testcase name="lineEndings[./java/test/jmri/jmrix/mrc/simulator/PackageTest.java]" classname="jmri.util.FileLineEndingsTest" time="0.001"/>
  <testcase name="lineEndings[./java/test/jmri/jmrix/mrc/MrcPacketizerTest.java]" classname="jmri.util.FileLineEndingsTest" time="0.001"/>
  <testcase name="lineEndings[./java/test/jmri/jmrix/mrc/MrcProgrammerManagerTest.java]" classname="jmri.util.FileLineEndingsTest" time="0.001"/>
  <testcase name="lineEndings[./java/test/jmri/jmrix/mrc/MrcTurnoutTest.java]" classname="jmri.util.FileLineEndingsTest" time="0.001"/>
  <testcase name="lineEndings[./java/test/jmri/jmrix/mrc/swing/monitor/MrcMonPanelTest.java]" classname="jmri.util.FileLineEndingsTest" time="0.001"/>
  <testcase name="lineEndings[./java/test/jmri/jmrix/mrc/swing/monitor/BundleTest.java]" classname="jmri.util.FileLineEndingsTest" time="0"/>
  <testcase name="lineEndings[./java/test/jmri/jmrix/mrc/swing/monitor/PackageTest.java]" classname="jmri.util.FileLineEndingsTest" time="0.001"/>
  <testcase name="lineEndings[./java/test/jmri/jmrix/mrc/swing/MrcMenuTest.java]" classname="jmri.util.FileLineEndingsTest" time="0.001"/>
  <testcase name="lineEndings[./java/test/jmri/jmrix/mrc/swing/MrcComponentFactoryTest.java]" classname="jmri.util.FileLineEndingsTest" time="0.001"/>
  <testcase name="lineEndings[./java/test/jmri/jmrix/mrc/swing/PackageTest.java]" classname="jmri.util.FileLineEndingsTest" time="0.001"/>
  <testcase name="lineEndings[./java/test/jmri/jmrix/mrc/swing/packetgen/MrcPacketGenPanelTest.java]" classname="jmri.util.FileLineEndingsTest" time="0.001"/>
  <testcase name="lineEndings[./java/test/jmri/jmrix/mrc/swing/packetgen/PackageTest.java]" classname="jmri.util.FileLineEndingsTest" time="0"/>
  <testcase name="lineEndings[./java/test/jmri/jmrix/mrc/swing/packetgen/BundleTest.java]" classname="jmri.util.FileLineEndingsTest" time="0.001"/>
  <testcase name="lineEndings[./java/test/jmri/jmrix/mrc/swing/MrcNamedPaneActionTest.java]" classname="jmri.util.FileLineEndingsTest" time="0.001"/>
  <testcase name="lineEndings[./java/test/jmri/jmrix/mrc/swing/BundleTest.java]" classname="jmri.util.FileLineEndingsTest" time="0.001"/>
  <testcase name="lineEndings[./java/test/jmri/jmrix/mrc/MrcConnectionTypeListTest.java]" classname="jmri.util.FileLineEndingsTest" time="0.001"/>
  <testcase name="lineEndings[./java/test/jmri/jmrix/mrc/MrcClockControlTest.java]" classname="jmri.util.FileLineEndingsTest" time="0.001"/>
  <testcase name="lineEndings[./java/test/jmri/jmrix/mrc/MrcMessageExceptionTest.java]" classname="jmri.util.FileLineEndingsTest" time="0.001"/>
  <testcase name="lineEndings[./java/test/jmri/jmrix/mrc/MrcPowerManagerTest.java]" classname="jmri.util.FileLineEndingsTest" time="0"/>
  <testcase name="lineEndings[./java/test/jmri/jmrix/mrc/MrcInterfaceScaffold.java]" classname="jmri.util.FileLineEndingsTest" time="0.001"/>
  <testcase name="lineEndings[./java/test/jmri/jmrix/mrc/MrcExceptionTest.java]" classname="jmri.util.FileLineEndingsTest" time="0.001"/>
  <testcase name="lineEndings[./java/test/jmri/jmrix/mrc/MrcTrafficControllerTest.java]" classname="jmri.util.FileLineEndingsTest" time="0.001"/>
  <testcase name="lineEndings[./java/test/jmri/jmrix/mrc/configurexml/PackageTest.java]" classname="jmri.util.FileLineEndingsTest" time="0.001"/>
  <testcase name="lineEndings[./java/test/jmri/jmrix/mrc/configurexml/MrcTurnoutManagerXmlTest.java]" classname="jmri.util.FileLineEndingsTest" time="0.001"/>
  <testcase name="lineEndings[./java/test/jmri/jmrix/mrc/MrcMessageTest.java]" classname="jmri.util.FileLineEndingsTest" time="0"/>
  <testcase name="lineEndings[./java/test/jmri/jmrix/mrc/BundleTest.java]" classname="jmri.util.FileLineEndingsTest" time="0.001"/>
  <testcase name="lineEndings[./java/test/jmri/jmrix/mrc/MrcOpsModeProgrammerTest.java]" classname="jmri.util.FileLineEndingsTest" time="0.001"/>
  <testcase name="lineEndings[./java/test/jmri/jmrix/mrc/MrcPortControllerTest.java]" classname="jmri.util.FileLineEndingsTest" time="0.001"/>
  <testcase name="lineEndings[./java/test/jmri/jmrix/mrc/MrcThrottleTest.java]" classname="jmri.util.FileLineEndingsTest" time="0.001"/>
  <testcase name="lineEndings[./java/test/jmri/jmrix/mrc/MrcSystemConnectionMemoTest.java]" classname="jmri.util.FileLineEndingsTest" time="0.001"/>
  <testcase name="lineEndings[./java/test/jmri/jmrix/pi/RaspberryPiTurnoutManagerTest.java]" classname="jmri.util.FileLineEndingsTest" time="0.001"/>
  <testcase name="lineEndings[./java/test/jmri/jmrix/pi/configurexml/RaspberryPiTurnoutManagerXmlTest.java]" classname="jmri.util.FileLineEndingsTest" time="0"/>
  <testcase name="lineEndings[./java/test/jmri/jmrix/pi/configurexml/RaspberryPiSensorManagerXmlTest.java]" classname="jmri.util.FileLineEndingsTest" time="0.001"/>
  <testcase name="lineEndings[./java/test/jmri/jmrix/pi/configurexml/PackageTest.java]" classname="jmri.util.FileLineEndingsTest" time="0.001"/>
  <testcase name="lineEndings[./java/test/jmri/jmrix/pi/configurexml/RaspberryPiConnectionConfigXmlTest.java]" classname="jmri.util.FileLineEndingsTest" time="0.001"/>
  <testcase name="lineEndings[./java/test/jmri/jmrix/pi/configurexml/RaspberryPiClassMigrationTest.java]" classname="jmri.util.FileLineEndingsTest" time="0.001"/>
  <testcase name="lineEndings[./java/test/jmri/jmrix/pi/RaspberryPiTurnoutTest.java]" classname="jmri.util.FileLineEndingsTest" time="0.001"/>
  <testcase name="lineEndings[./java/test/jmri/jmrix/pi/RaspberryPiSystemConnectionMemoTest.java]" classname="jmri.util.FileLineEndingsTest" time="0"/>
  <testcase name="lineEndings[./java/test/jmri/jmrix/pi/RaspberryPiConnectionConfigTest.java]" classname="jmri.util.FileLineEndingsTest" time="0.001"/>
  <testcase name="lineEndings[./java/test/jmri/jmrix/pi/RaspberryPiAdapterTest.java]" classname="jmri.util.FileLineEndingsTest" time="0.001"/>
  <testcase name="lineEndings[./java/test/jmri/jmrix/pi/RaspberryPiSensorTest.java]" classname="jmri.util.FileLineEndingsTest" time="0.001"/>
  <testcase name="lineEndings[./java/test/jmri/jmrix/pi/RaspberryPiConnectionTypeListTest.java]" classname="jmri.util.FileLineEndingsTest" time="0.001"/>
  <testcase name="lineEndings[./java/test/jmri/jmrix/pi/PackageTest.java]" classname="jmri.util.FileLineEndingsTest" time="0.001"/>
  <testcase name="lineEndings[./java/test/jmri/jmrix/pi/PiGpioProviderScaffold.java]" classname="jmri.util.FileLineEndingsTest" time="0"/>
  <testcase name="lineEndings[./java/test/jmri/jmrix/pi/BundleTest.java]" classname="jmri.util.FileLineEndingsTest" time="0.001"/>
  <testcase name="lineEndings[./java/test/jmri/jmrix/pi/RaspberryPiSensorManagerTest.java]" classname="jmri.util.FileLineEndingsTest" time="0.001"/>
  <testcase name="lineEndings[./java/test/jmri/jmrix/can/swing/monitor/MonitorPaneTest.java]" classname="jmri.util.FileLineEndingsTest" time="0.001"/>
  <testcase name="lineEndings[./java/test/jmri/jmrix/can/swing/monitor/BundleTest.java]" classname="jmri.util.FileLineEndingsTest" time="0.001"/>
  <testcase name="lineEndings[./java/test/jmri/jmrix/can/swing/monitor/PackageTest.java]" classname="jmri.util.FileLineEndingsTest" time="0.001"/>
  <testcase name="lineEndings[./java/test/jmri/jmrix/can/swing/BundleTest.java]" classname="jmri.util.FileLineEndingsTest" time="0"/>
  <testcase name="lineEndings[./java/test/jmri/jmrix/can/swing/CanNamedPaneActionTest.java]" classname="jmri.util.FileLineEndingsTest" time="0.001"/>
  <testcase name="lineEndings[./java/test/jmri/jmrix/can/swing/CanMenuTest.java]" classname="jmri.util.FileLineEndingsTest" time="0.001"/>
  <testcase name="lineEndings[./java/test/jmri/jmrix/can/swing/PackageTest.java]" classname="jmri.util.FileLineEndingsTest" time="0.001"/>
  <testcase name="lineEndings[./java/test/jmri/jmrix/can/swing/send/BundleTest.java]" classname="jmri.util.FileLineEndingsTest" time="0.001"/>
  <testcase name="lineEndings[./java/test/jmri/jmrix/can/swing/send/CanSendPaneTest.java]" classname="jmri.util.FileLineEndingsTest" time="0.001"/>
  <testcase name="lineEndings[./java/test/jmri/jmrix/can/swing/send/PackageTest.java]" classname="jmri.util.FileLineEndingsTest" time="0.001"/>
  <testcase name="lineEndings[./java/test/jmri/jmrix/can/swing/CanComponentFactoryTest.java]" classname="jmri.util.FileLineEndingsTest" time="0"/>
  <testcase name="lineEndings[./java/test/jmri/jmrix/can/cbus/swing/CbusComponentFactoryTest.java]" classname="jmri.util.FileLineEndingsTest" time="0.001"/>
  <testcase name="lineEndings[./java/test/jmri/jmrix/can/cbus/swing/configtool/BundleTest.java]" classname="jmri.util.FileLineEndingsTest" time="0.001"/>
  <testcase name="lineEndings[./java/test/jmri/jmrix/can/cbus/swing/configtool/ConfigToolPaneTest.java]" classname="jmri.util.FileLineEndingsTest" time="0.001"/>
  <testcase name="lineEndings[./java/test/jmri/jmrix/can/cbus/swing/configtool/ConfigToolActionTest.java]" classname="jmri.util.FileLineEndingsTest" time="0.001"/>
  <testcase name="lineEndings[./java/test/jmri/jmrix/can/cbus/swing/configtool/PackageTest.java]" classname="jmri.util.FileLineEndingsTest" time="0.001"/>
  <testcase name="lineEndings[./java/test/jmri/jmrix/can/cbus/swing/eventtable/PackageTest.java]" classname="jmri.util.FileLineEndingsTest" time="0"/>
  <testcase name="lineEndings[./java/test/jmri/jmrix/can/cbus/swing/eventtable/BundleTest.java]" classname="jmri.util.FileLineEndingsTest" time="0.001"/>
  <testcase name="lineEndings[./java/test/jmri/jmrix/can/cbus/swing/eventtable/CbusEventTablePaneTest.java]" classname="jmri.util.FileLineEndingsTest" time="0.001"/>
  <testcase name="lineEndings[./java/test/jmri/jmrix/can/cbus/swing/eventtable/CbusEventTableDataModelTest.java]" classname="jmri.util.FileLineEndingsTest" time="0.001"/>
  <testcase name="lineEndings[./java/test/jmri/jmrix/can/cbus/swing/console/CbusEventFilterPanelTest.java]" classname="jmri.util.FileLineEndingsTest" time="0.001"/>
  <testcase name="lineEndings[./java/test/jmri/jmrix/can/cbus/swing/console/CbusEventFilterFrameTest.java]" classname="jmri.util.FileLineEndingsTest" time="0.001"/>
  <testcase name="lineEndings[./java/test/jmri/jmrix/can/cbus/swing/console/PackageTest.java]" classname="jmri.util.FileLineEndingsTest" time="0.001"/>
  <testcase name="lineEndings[./java/test/jmri/jmrix/can/cbus/swing/console/CbusConsolePaneTest.java]" classname="jmri.util.FileLineEndingsTest" time="0.002"/>
  <testcase name="lineEndings[./java/test/jmri/jmrix/can/cbus/swing/console/BundleTest.java]" classname="jmri.util.FileLineEndingsTest" time="0.001"/>
  <testcase name="lineEndings[./java/test/jmri/jmrix/can/cbus/swing/PackageTest.java]" classname="jmri.util.FileLineEndingsTest" time="0.001"/>
  <testcase name="lineEndings[./java/test/jmri/jmrix/can/cbus/swing/nodeconfig/BundleTest.java]" classname="jmri.util.FileLineEndingsTest" time="0.001"/>
  <testcase name="lineEndings[./java/test/jmri/jmrix/can/cbus/swing/nodeconfig/PackageTest.java]" classname="jmri.util.FileLineEndingsTest" time="0.001"/>
  <testcase name="lineEndings[./java/test/jmri/jmrix/can/cbus/swing/nodeconfig/NodeConfigToolPaneTest.java]" classname="jmri.util.FileLineEndingsTest" time="0"/>
  <testcase name="lineEndings[./java/test/jmri/jmrix/can/cbus/swing/CbusMenuTest.java]" classname="jmri.util.FileLineEndingsTest" time="0.001"/>
  <testcase name="lineEndings[./java/test/jmri/jmrix/can/cbus/swing/BundleTest.java]" classname="jmri.util.FileLineEndingsTest" time="0.001"/>
  <testcase name="lineEndings[./java/test/jmri/jmrix/can/cbus/PackageTest.java]" classname="jmri.util.FileLineEndingsTest" time="0.001"/>
  <testcase name="lineEndings[./java/test/jmri/jmrix/can/cbus/CbusConstantsTest.java]" classname="jmri.util.FileLineEndingsTest" time="0.001"/>
  <testcase name="lineEndings[./java/test/jmri/jmrix/can/cbus/CbusThrottleManagerTest.java]" classname="jmri.util.FileLineEndingsTest" time="0.001"/>
  <testcase name="lineEndings[./java/test/jmri/jmrix/can/cbus/CbusConfigurationManagerTest.java]" classname="jmri.util.FileLineEndingsTest" time="0.001"/>
  <testcase name="lineEndings[./java/test/jmri/jmrix/can/cbus/CbusReporterManagerTest.java]" classname="jmri.util.FileLineEndingsTest" time="0"/>
  <testcase name="lineEndings[./java/test/jmri/jmrix/can/cbus/CbusCommandStationTest.java]" classname="jmri.util.FileLineEndingsTest" time="0.001"/>
  <testcase name="lineEndings[./java/test/jmri/jmrix/can/cbus/configurexml/CbusLightManagerXmlTest.java]" classname="jmri.util.FileLineEndingsTest" time="0.001"/>
  <testcase name="lineEndings[./java/test/jmri/jmrix/can/cbus/configurexml/CbusReporterManagerXmlTest.java]" classname="jmri.util.FileLineEndingsTest" time="0.001"/>
  <testcase name="lineEndings[./java/test/jmri/jmrix/can/cbus/configurexml/CbusSensorManagerXmlTest.java]" classname="jmri.util.FileLineEndingsTest" time="0.001"/>
  <testcase name="lineEndings[./java/test/jmri/jmrix/can/cbus/configurexml/CbusTurnoutManagerXmlTest.java]" classname="jmri.util.FileLineEndingsTest" time="0.001"/>
  <testcase name="lineEndings[./java/test/jmri/jmrix/can/cbus/configurexml/PackageTest.java]" classname="jmri.util.FileLineEndingsTest" time="0"/>
  <testcase name="lineEndings[./java/test/jmri/jmrix/can/cbus/CbusDccProgrammerManagerTest.java]" classname="jmri.util.FileLineEndingsTest" time="0.001"/>
  <testcase name="lineEndings[./java/test/jmri/jmrix/can/cbus/CbusDccOpsModeProgrammerTest.java]" classname="jmri.util.FileLineEndingsTest" time="0.001"/>
  <testcase name="lineEndings[./java/test/jmri/jmrix/can/cbus/CbusSensorTest.java]" classname="jmri.util.FileLineEndingsTest" time="0.001"/>
  <testcase name="lineEndings[./java/test/jmri/jmrix/can/cbus/CbusProgrammerTest.java]" classname="jmri.util.FileLineEndingsTest" time="0.001"/>
  <testcase name="lineEndings[./java/test/jmri/jmrix/can/cbus/CbusEventFilterTest.java]" classname="jmri.util.FileLineEndingsTest" time="0.001"/>
  <testcase name="lineEndings[./java/test/jmri/jmrix/can/cbus/CbusProgrammerManagerTest.java]" classname="jmri.util.FileLineEndingsTest" time="0.001"/>
  <testcase name="lineEndings[./java/test/jmri/jmrix/can/cbus/CbusTurnoutTest.java]" classname="jmri.util.FileLineEndingsTest" time="0"/>
  <testcase name="lineEndings[./java/test/jmri/jmrix/can/cbus/CbusAddressTest.java]" classname="jmri.util.FileLineEndingsTest" time="0.001"/>
  <testcase name="lineEndings[./java/test/jmri/jmrix/can/cbus/CbusPowerManagerTest.java]" classname="jmri.util.FileLineEndingsTest" time="0.001"/>
  <testcase name="lineEndings[./java/test/jmri/jmrix/can/cbus/CbusLightTest.java]" classname="jmri.util.FileLineEndingsTest" time="0.001"/>
  <testcase name="lineEndings[./java/test/jmri/jmrix/can/cbus/CbusOpCodesTest.java]" classname="jmri.util.FileLineEndingsTest" time="0.001"/>
  <testcase name="lineEndings[./java/test/jmri/jmrix/can/cbus/CbusTurnoutManagerTest.java]" classname="jmri.util.FileLineEndingsTest" time="0.001"/>
  <testcase name="lineEndings[./java/test/jmri/jmrix/can/cbus/CbusThrottleTest.java]" classname="jmri.util.FileLineEndingsTest" time="0"/>
  <testcase name="lineEndings[./java/test/jmri/jmrix/can/cbus/CbusLightManagerTest.java]" classname="jmri.util.FileLineEndingsTest" time="0.001"/>
  <testcase name="lineEndings[./java/test/jmri/jmrix/can/cbus/CbusMessageTest.java]" classname="jmri.util.FileLineEndingsTest" time="0.001"/>
  <testcase name="lineEndings[./java/test/jmri/jmrix/can/cbus/BundleTest.java]" classname="jmri.util.FileLineEndingsTest" time="0.001"/>
  <testcase name="lineEndings[./java/test/jmri/jmrix/can/cbus/CbusReporterTest.java]" classname="jmri.util.FileLineEndingsTest" time="0.001"/>
  <testcase name="lineEndings[./java/test/jmri/jmrix/can/cbus/CbusSensorManagerTest.java]" classname="jmri.util.FileLineEndingsTest" time="0.001"/>
  <testcase name="lineEndings[./java/test/jmri/jmrix/can/cbus/CbusDccProgrammerTest.java]" classname="jmri.util.FileLineEndingsTest" time="0.001"/>
  <testcase name="lineEndings[./java/test/jmri/jmrix/can/adapters/loopback/BundleTest.java]" classname="jmri.util.FileLineEndingsTest" time="0.001"/>
  <testcase name="lineEndings[./java/test/jmri/jmrix/can/adapters/loopback/PackageTest.java]" classname="jmri.util.FileLineEndingsTest" time="0"/>
  <testcase name="lineEndings[./java/test/jmri/jmrix/can/adapters/loopback/ConnectionConfigTest.java]" classname="jmri.util.FileLineEndingsTest" time="0.001"/>
  <testcase name="lineEndings[./java/test/jmri/jmrix/can/adapters/loopback/LoopbackTrafficControllerTest.java]" classname="jmri.util.FileLineEndingsTest" time="0.001"/>
  <testcase name="lineEndings[./java/test/jmri/jmrix/can/adapters/loopback/PortTest.java]" classname="jmri.util.FileLineEndingsTest" time="0.001"/>
  <testcase name="lineEndings[./java/test/jmri/jmrix/can/adapters/loopback/configurexml/ConnectionConfigXmlTest.java]" classname="jmri.util.FileLineEndingsTest" time="0.001"/>
  <testcase name="lineEndings[./java/test/jmri/jmrix/can/adapters/loopback/configurexml/PackageTest.java]" classname="jmri.util.FileLineEndingsTest" time="0.001"/>
  <testcase name="lineEndings[./java/test/jmri/jmrix/can/adapters/gridconnect/can2usbino/serialdriver/PackageTest.java]" classname="jmri.util.FileLineEndingsTest" time="0.001"/>
  <testcase name="lineEndings[./java/test/jmri/jmrix/can/adapters/gridconnect/can2usbino/serialdriver/SerialDriverAdapterTest.java]" classname="jmri.util.FileLineEndingsTest" time="0"/>
  <testcase name="lineEndings[./java/test/jmri/jmrix/can/adapters/gridconnect/can2usbino/serialdriver/ConnectionConfigTest.java]" classname="jmri.util.FileLineEndingsTest" time="0.002"/>
  <testcase name="lineEndings[./java/test/jmri/jmrix/can/adapters/gridconnect/can2usbino/serialdriver/configurexml/PackageTest.java]" classname="jmri.util.FileLineEndingsTest" time="0"/>
  <testcase name="lineEndings[./java/test/jmri/jmrix/can/adapters/gridconnect/can2usbino/serialdriver/configurexml/ConnectionConfigXmlTest.java]" classname="jmri.util.FileLineEndingsTest" time="0.001"/>
  <testcase name="lineEndings[./java/test/jmri/jmrix/can/adapters/gridconnect/can2usbino/GridConnectDoubledMessageTest.java]" classname="jmri.util.FileLineEndingsTest" time="0.001"/>
  <testcase name="lineEndings[./java/test/jmri/jmrix/can/adapters/gridconnect/can2usbino/PackageTest.java]" classname="jmri.util.FileLineEndingsTest" time="0.001"/>
  <testcase name="lineEndings[./java/test/jmri/jmrix/can/adapters/gridconnect/canrs/serialdriver/PackageTest.java]" classname="jmri.util.FileLineEndingsTest" time="0.001"/>
  <testcase name="lineEndings[./java/test/jmri/jmrix/can/adapters/gridconnect/canrs/serialdriver/configurexml/PackageTest.java]" classname="jmri.util.FileLineEndingsTest" time="0.001"/>
  <testcase name="lineEndings[./java/test/jmri/jmrix/can/adapters/gridconnect/canrs/serialdriver/configurexml/ConnectionConfigXmlTest.java]" classname="jmri.util.FileLineEndingsTest" time="0.001"/>
  <testcase name="lineEndings[./java/test/jmri/jmrix/can/adapters/gridconnect/canrs/serialdriver/ConnectionConfigTest.java]" classname="jmri.util.FileLineEndingsTest" time="0.001"/>
  <testcase name="lineEndings[./java/test/jmri/jmrix/can/adapters/gridconnect/canrs/serialdriver/SerialDriverAdapterTest.java]" classname="jmri.util.FileLineEndingsTest" time="0"/>
  <testcase name="lineEndings[./java/test/jmri/jmrix/can/adapters/gridconnect/canrs/MergMessageTest.java]" classname="jmri.util.FileLineEndingsTest" time="0.001"/>
  <testcase name="lineEndings[./java/test/jmri/jmrix/can/adapters/gridconnect/canrs/MergTrafficControllerTest.java]" classname="jmri.util.FileLineEndingsTest" time="0.001"/>
  <testcase name="lineEndings[./java/test/jmri/jmrix/can/adapters/gridconnect/canrs/PackageTest.java]" classname="jmri.util.FileLineEndingsTest" time="0.001"/>
  <testcase name="lineEndings[./java/test/jmri/jmrix/can/adapters/gridconnect/canrs/MergReplyTest.java]" classname="jmri.util.FileLineEndingsTest" time="0.001"/>
  <testcase name="lineEndings[./java/test/jmri/jmrix/can/adapters/gridconnect/lccbuffer/serialdriver/configurexml/PackageTest.java]" classname="jmri.util.FileLineEndingsTest" time="0.001"/>
  <testcase name="lineEndings[./java/test/jmri/jmrix/can/adapters/gridconnect/lccbuffer/serialdriver/configurexml/ConnectionConfigXmlTest.java]" classname="jmri.util.FileLineEndingsTest" time="0.001"/>
  <testcase name="lineEndings[./java/test/jmri/jmrix/can/adapters/gridconnect/lccbuffer/serialdriver/PackageTest.java]" classname="jmri.util.FileLineEndingsTest" time="0"/>
  <testcase name="lineEndings[./java/test/jmri/jmrix/can/adapters/gridconnect/lccbuffer/serialdriver/ConnectionConfigTest.java]" classname="jmri.util.FileLineEndingsTest" time="0.001"/>
  <testcase name="lineEndings[./java/test/jmri/jmrix/can/adapters/gridconnect/lccbuffer/serialdriver/SerialDriverAdapterTest.java]" classname="jmri.util.FileLineEndingsTest" time="0.001"/>
  <testcase name="lineEndings[./java/test/jmri/jmrix/can/adapters/gridconnect/lccbuffer/PackageTest.java]" classname="jmri.util.FileLineEndingsTest" time="0.001"/>
  <testcase name="lineEndings[./java/test/jmri/jmrix/can/adapters/gridconnect/GridConnectMessageTest.java]" classname="jmri.util.FileLineEndingsTest" time="0.001"/>
  <testcase name="lineEndings[./java/test/jmri/jmrix/can/adapters/gridconnect/canusb/serialdriver/SerialDriverAdapterTest.java]" classname="jmri.util.FileLineEndingsTest" time="0.001"/>
  <testcase name="lineEndings[./java/test/jmri/jmrix/can/adapters/gridconnect/canusb/serialdriver/configurexml/PackageTest.java]" classname="jmri.util.FileLineEndingsTest" time="0.001"/>
  <testcase name="lineEndings[./java/test/jmri/jmrix/can/adapters/gridconnect/canusb/serialdriver/configurexml/ConnectionConfigXmlTest.java]" classname="jmri.util.FileLineEndingsTest" time="0"/>
  <testcase name="lineEndings[./java/test/jmri/jmrix/can/adapters/gridconnect/canusb/serialdriver/PackageTest.java]" classname="jmri.util.FileLineEndingsTest" time="0"/>
  <testcase name="lineEndings[./java/test/jmri/jmrix/can/adapters/gridconnect/canusb/serialdriver/ConnectionConfigTest.java]" classname="jmri.util.FileLineEndingsTest" time="0.001"/>
  <testcase name="lineEndings[./java/test/jmri/jmrix/can/adapters/gridconnect/canusb/PackageTest.java]" classname="jmri.util.FileLineEndingsTest" time="0.001"/>
  <testcase name="lineEndings[./java/test/jmri/jmrix/can/adapters/gridconnect/net/MergConnectionConfigTest.java]" classname="jmri.util.FileLineEndingsTest" time="0.001"/>
  <testcase name="lineEndings[./java/test/jmri/jmrix/can/adapters/gridconnect/net/configurexml/MergConnectionConfigXmlTest.java]" classname="jmri.util.FileLineEndingsTest" time="0.001"/>
  <testcase name="lineEndings[./java/test/jmri/jmrix/can/adapters/gridconnect/net/configurexml/ConnectionConfigXmlTest.java]" classname="jmri.util.FileLineEndingsTest" time="0.001"/>
  <testcase name="lineEndings[./java/test/jmri/jmrix/can/adapters/gridconnect/net/configurexml/PackageTest.java]" classname="jmri.util.FileLineEndingsTest" time="0.001"/>
  <testcase name="lineEndings[./java/test/jmri/jmrix/can/adapters/gridconnect/net/MergNetworkDriverAdapterTest.java]" classname="jmri.util.FileLineEndingsTest" time="0"/>
  <testcase name="lineEndings[./java/test/jmri/jmrix/can/adapters/gridconnect/net/NetworkDriverAdapterTest.java]" classname="jmri.util.FileLineEndingsTest" time="0.001"/>
  <testcase name="lineEndings[./java/test/jmri/jmrix/can/adapters/gridconnect/net/ConnectionConfigTest.java]" classname="jmri.util.FileLineEndingsTest" time="0.001"/>
  <testcase name="lineEndings[./java/test/jmri/jmrix/can/adapters/gridconnect/net/PackageTest.java]" classname="jmri.util.FileLineEndingsTest" time="0.001"/>
  <testcase name="lineEndings[./java/test/jmri/jmrix/can/adapters/gridconnect/GcSerialDriverAdapterTest.java]" classname="jmri.util.FileLineEndingsTest" time="0.001"/>
  <testcase name="lineEndings[./java/test/jmri/jmrix/can/adapters/gridconnect/GridConnectReplyTest.java]" classname="jmri.util.FileLineEndingsTest" time="0.001"/>
  <testcase name="lineEndings[./java/test/jmri/jmrix/can/adapters/gridconnect/GcPortControllerTest.java]" classname="jmri.util.FileLineEndingsTest" time="0.001"/>
  <testcase name="lineEndings[./java/test/jmri/jmrix/can/adapters/gridconnect/GcTrafficControllerTest.java]" classname="jmri.util.FileLineEndingsTest" time="0"/>
  <testcase name="lineEndings[./java/test/jmri/jmrix/can/adapters/gridconnect/PackageTest.java]" classname="jmri.util.FileLineEndingsTest" time="0.001"/>
  <testcase name="lineEndings[./java/test/jmri/jmrix/can/adapters/lawicell/canusb/serialdriver/configurexml/ConnectionConfigXmlTest.java]" classname="jmri.util.FileLineEndingsTest" time="0.001"/>
  <testcase name="lineEndings[./java/test/jmri/jmrix/can/adapters/lawicell/canusb/serialdriver/configurexml/PackageTest.java]" classname="jmri.util.FileLineEndingsTest" time="0.001"/>
  <testcase name="lineEndings[./java/test/jmri/jmrix/can/adapters/lawicell/canusb/serialdriver/ConnectionConfigTest.java]" classname="jmri.util.FileLineEndingsTest" time="0.001"/>
  <testcase name="lineEndings[./java/test/jmri/jmrix/can/adapters/lawicell/canusb/serialdriver/CanUsbDriverAdapterTest.java]" classname="jmri.util.FileLineEndingsTest" time="0.001"/>
  <testcase name="lineEndings[./java/test/jmri/jmrix/can/adapters/lawicell/canusb/serialdriver/PackageTest.java]" classname="jmri.util.FileLineEndingsTest" time="0.001"/>
  <testcase name="lineEndings[./java/test/jmri/jmrix/can/adapters/lawicell/canusb/PackageTest.java]" classname="jmri.util.FileLineEndingsTest" time="0"/>
  <testcase name="lineEndings[./java/test/jmri/jmrix/can/adapters/lawicell/PackageTest.java]" classname="jmri.util.FileLineEndingsTest" time="0.001"/>
  <testcase name="lineEndings[./java/test/jmri/jmrix/can/adapters/lawicell/MessageTest.java]" classname="jmri.util.FileLineEndingsTest" time="0.001"/>
  <testcase name="lineEndings[./java/test/jmri/jmrix/can/adapters/lawicell/SerialDriverAdapterTest.java]" classname="jmri.util.FileLineEndingsTest" time="0.001"/>
  <testcase name="lineEndings[./java/test/jmri/jmrix/can/adapters/lawicell/PortControllerTest.java]" classname="jmri.util.FileLineEndingsTest" time="0.001"/>
  <testcase name="lineEndings[./java/test/jmri/jmrix/can/adapters/lawicell/ReplyTest.java]" classname="jmri.util.FileLineEndingsTest" time="0.001"/>
  <testcase name="lineEndings[./java/test/jmri/jmrix/can/adapters/lawicell/LawicellTrafficControllerTest.java]" classname="jmri.util.FileLineEndingsTest" time="0.001"/>
  <testcase name="lineEndings[./java/test/jmri/jmrix/can/adapters/PackageTest.java]" classname="jmri.util.FileLineEndingsTest" time="0"/>
  <testcase name="lineEndings[./java/test/jmri/jmrix/can/CanConfigurationManagerTest.java]" classname="jmri.util.FileLineEndingsTest" time="0.001"/>
  <testcase name="lineEndings[./java/test/jmri/jmrix/can/TestTrafficController.java]" classname="jmri.util.FileLineEndingsTest" time="0.001"/>
  <testcase name="lineEndings[./java/test/jmri/jmrix/can/nmranet/swing/PackageTest.java]" classname="jmri.util.FileLineEndingsTest" time="0.001"/>
  <testcase name="lineEndings[./java/test/jmri/jmrix/can/nmranet/swing/BundleTest.java]" classname="jmri.util.FileLineEndingsTest" time="0.001"/>
  <testcase name="lineEndings[./java/test/jmri/jmrix/can/nmranet/swing/NmraNetMenuTest.java]" classname="jmri.util.FileLineEndingsTest" time="0.001"/>
  <testcase name="lineEndings[./java/test/jmri/jmrix/can/nmranet/swing/NmraNetComponentFactoryTest.java]" classname="jmri.util.FileLineEndingsTest" time="0"/>
  <testcase name="lineEndings[./java/test/jmri/jmrix/can/nmranet/configurexml/PackageTest.java]" classname="jmri.util.FileLineEndingsTest" time="0.001"/>
  <testcase name="lineEndings[./java/test/jmri/jmrix/can/nmranet/BundleTest.java]" classname="jmri.util.FileLineEndingsTest" time="0.001"/>
  <testcase name="lineEndings[./java/test/jmri/jmrix/can/nmranet/PackageTest.java]" classname="jmri.util.FileLineEndingsTest" time="0.001"/>
  <testcase name="lineEndings[./java/test/jmri/jmrix/can/nmranet/NmraConfigurationManagerTest.java]" classname="jmri.util.FileLineEndingsTest" time="0.001"/>
  <testcase name="lineEndings[./java/test/jmri/jmrix/can/PackageTest.java]" classname="jmri.util.FileLineEndingsTest" time="0.001"/>
  <testcase name="lineEndings[./java/test/jmri/jmrix/can/CanConnectionTypeListTest.java]" classname="jmri.util.FileLineEndingsTest" time="0"/>
  <testcase name="lineEndings[./java/test/jmri/jmrix/can/CanSystemConnectionMemoTest.java]" classname="jmri.util.FileLineEndingsTest" time="0.001"/>
  <testcase name="lineEndings[./java/test/jmri/jmrix/can/BundleTest.java]" classname="jmri.util.FileLineEndingsTest" time="0.001"/>
  <testcase name="lineEndings[./java/test/jmri/jmrix/can/TrafficControllerScaffold.java]" classname="jmri.util.FileLineEndingsTest" time="0.001"/>
  <testcase name="lineEndings[./java/test/jmri/jmrix/can/CanReplyTest.java]" classname="jmri.util.FileLineEndingsTest" time="0.001"/>
  <testcase name="lineEndings[./java/test/jmri/jmrix/can/TrafficControllerTest.java]" classname="jmri.util.FileLineEndingsTest" time="0.001"/>
  <testcase name="lineEndings[./java/test/jmri/jmrix/can/CanMRCommonTestBase.java]" classname="jmri.util.FileLineEndingsTest" time="0"/>
  <testcase name="lineEndings[./java/test/jmri/jmrix/can/CanMessageTest.java]" classname="jmri.util.FileLineEndingsTest" time="0.001"/>
  <testcase name="lineEndings[./java/test/jmri/jmrix/can/AbstractCanTrafficControllerTest.java]" classname="jmri.util.FileLineEndingsTest" time="0.001"/>
  <testcase name="lineEndings[./java/test/jmri/jmrix/can/CanConstantsTest.java]" classname="jmri.util.FileLineEndingsTest" time="0.001"/>
  <testcase name="lineEndings[./java/test/jmri/jmrix/tams/TamsProgrammerTest.java]" classname="jmri.util.FileLineEndingsTest" time="0.001"/>
  <testcase name="lineEndings[./java/test/jmri/jmrix/tams/TamsPortControllerTest.java]" classname="jmri.util.FileLineEndingsTest" time="0.001"/>
  <testcase name="lineEndings[./java/test/jmri/jmrix/tams/swing/locodatabase/LocoDataModelTest.java]" classname="jmri.util.FileLineEndingsTest" time="0.001"/>
  <testcase name="lineEndings[./java/test/jmri/jmrix/tams/swing/locodatabase/LocoDataPaneTest.java]" classname="jmri.util.FileLineEndingsTest" time="0"/>
  <testcase name="lineEndings[./java/test/jmri/jmrix/tams/swing/locodatabase/PackageTest.java]" classname="jmri.util.FileLineEndingsTest" time="0.001"/>
  <testcase name="lineEndings[./java/test/jmri/jmrix/tams/swing/packetgen/PackageTest.java]" classname="jmri.util.FileLineEndingsTest" time="0.001"/>
  <testcase name="lineEndings[./java/test/jmri/jmrix/tams/swing/packetgen/PacketGenPanelTest.java]" classname="jmri.util.FileLineEndingsTest" time="0.001"/>
  <testcase name="lineEndings[./java/test/jmri/jmrix/tams/swing/statusframe/PackageTest.java]" classname="jmri.util.FileLineEndingsTest" time="0.001"/>
  <testcase name="lineEndings[./java/test/jmri/jmrix/tams/swing/statusframe/StatusPanelTest.java]" classname="jmri.util.FileLineEndingsTest" time="0.001"/>
  <testcase name="lineEndings[./java/test/jmri/jmrix/tams/swing/TamsNamedPaneActionTest.java]" classname="jmri.util.FileLineEndingsTest" time="0"/>
  <testcase name="lineEndings[./java/test/jmri/jmrix/tams/swing/TamsMenuTest.java]" classname="jmri.util.FileLineEndingsTest" time="0.001"/>
  <testcase name="lineEndings[./java/test/jmri/jmrix/tams/swing/PackageTest.java]" classname="jmri.util.FileLineEndingsTest" time="0.001"/>
  <testcase name="lineEndings[./java/test/jmri/jmrix/tams/swing/TamsComponentFactoryTest.java]" classname="jmri.util.FileLineEndingsTest" time="0.001"/>
  <testcase name="lineEndings[./java/test/jmri/jmrix/tams/swing/monitor/PackageTest.java]" classname="jmri.util.FileLineEndingsTest" time="0.001"/>
  <testcase name="lineEndings[./java/test/jmri/jmrix/tams/swing/monitor/TamsMonPaneTest.java]" classname="jmri.util.FileLineEndingsTest" time="0.001"/>
  <testcase name="lineEndings[./java/test/jmri/jmrix/tams/serialdriver/SerialDriverAdapterTest.java]" classname="jmri.util.FileLineEndingsTest" time="0.001"/>
  <testcase name="lineEndings[./java/test/jmri/jmrix/tams/serialdriver/configurexml/PackageTest.java]" classname="jmri.util.FileLineEndingsTest" time="0"/>
  <testcase name="lineEndings[./java/test/jmri/jmrix/tams/serialdriver/configurexml/ConnectionConfigXmlTest.java]" classname="jmri.util.FileLineEndingsTest" time="0.001"/>
  <testcase name="lineEndings[./java/test/jmri/jmrix/tams/serialdriver/ConnectionConfigTest.java]" classname="jmri.util.FileLineEndingsTest" time="0.001"/>
  <testcase name="lineEndings[./java/test/jmri/jmrix/tams/serialdriver/PackageTest.java]" classname="jmri.util.FileLineEndingsTest" time="0.001"/>
  <testcase name="lineEndings[./java/test/jmri/jmrix/tams/TamsProgrammerManagerTest.java]" classname="jmri.util.FileLineEndingsTest" time="0.001"/>
  <testcase name="lineEndings[./java/test/jmri/jmrix/tams/TamsMessageTest.java]" classname="jmri.util.FileLineEndingsTest" time="0.001"/>
  <testcase name="lineEndings[./java/test/jmri/jmrix/tams/simulator/configurexml/PackageTest.java]" classname="jmri.util.FileLineEndingsTest" time="0"/>
  <testcase name="lineEndings[./java/test/jmri/jmrix/tams/simulator/configurexml/ConnectionConfigXmlTest.java]" classname="jmri.util.FileLineEndingsTest" time="0.001"/>
  <testcase name="lineEndings[./java/test/jmri/jmrix/tams/simulator/ConnectionConfigTest.java]" classname="jmri.util.FileLineEndingsTest" time="0.001"/>
  <testcase name="lineEndings[./java/test/jmri/jmrix/tams/simulator/SimulatorAdapterTest.java]" classname="jmri.util.FileLineEndingsTest" time="0.001"/>
  <testcase name="lineEndings[./java/test/jmri/jmrix/tams/simulator/PackageTest.java]" classname="jmri.util.FileLineEndingsTest" time="0.001"/>
  <testcase name="lineEndings[./java/test/jmri/jmrix/tams/TamsThrottleManagerTest.java]" classname="jmri.util.FileLineEndingsTest" time="0.001"/>
  <testcase name="lineEndings[./java/test/jmri/jmrix/tams/configurexml/PackageTest.java]" classname="jmri.util.FileLineEndingsTest" time="0"/>
  <testcase name="lineEndings[./java/test/jmri/jmrix/tams/configurexml/TamsSensorManagerXmlTest.java]" classname="jmri.util.FileLineEndingsTest" time="0.001"/>
  <testcase name="lineEndings[./java/test/jmri/jmrix/tams/configurexml/TamsTurnoutManagerXmlTest.java]" classname="jmri.util.FileLineEndingsTest" time="0.001"/>
  <testcase name="lineEndings[./java/test/jmri/jmrix/tams/TamsThrottleTest.java]" classname="jmri.util.FileLineEndingsTest" time="0.001"/>
  <testcase name="lineEndings[./java/test/jmri/jmrix/tams/BundleTest.java]" classname="jmri.util.FileLineEndingsTest" time="0.001"/>
  <testcase name="lineEndings[./java/test/jmri/jmrix/tams/TamsTurnoutTest.java]" classname="jmri.util.FileLineEndingsTest" time="0.001"/>
  <testcase name="lineEndings[./java/test/jmri/jmrix/tams/TamsConstantsTest.java]" classname="jmri.util.FileLineEndingsTest" time="0.001"/>
  <testcase name="lineEndings[./java/test/jmri/jmrix/tams/TamsConnectionTypeListTest.java]" classname="jmri.util.FileLineEndingsTest" time="0"/>
  <testcase name="lineEndings[./java/test/jmri/jmrix/tams/TamsSensorTest.java]" classname="jmri.util.FileLineEndingsTest" time="0.001"/>
  <testcase name="lineEndings[./java/test/jmri/jmrix/tams/TamsReplyTest.java]" classname="jmri.util.FileLineEndingsTest" time="0.001"/>
  <testcase name="lineEndings[./java/test/jmri/jmrix/tams/TamsPowerManagerTest.java]" classname="jmri.util.FileLineEndingsTest" time="0.001"/>
  <testcase name="lineEndings[./java/test/jmri/jmrix/tams/TamsTurnoutManagerTest.java]" classname="jmri.util.FileLineEndingsTest" time="0.001"/>
  <testcase name="lineEndings[./java/test/jmri/jmrix/tams/TamsOpsModeProgrammerTest.java]" classname="jmri.util.FileLineEndingsTest" time="0.001"/>
  <testcase name="lineEndings[./java/test/jmri/jmrix/tams/TamsSensorManagerTest.java]" classname="jmri.util.FileLineEndingsTest" time="0"/>
  <testcase name="lineEndings[./java/test/jmri/jmrix/tams/TamsTrafficControllerTest.java]" classname="jmri.util.FileLineEndingsTest" time="0.001"/>
  <testcase name="lineEndings[./java/test/jmri/jmrix/tams/PackageTest.java]" classname="jmri.util.FileLineEndingsTest" time="0.001"/>
  <testcase name="lineEndings[./java/test/jmri/jmrix/tams/TamsInterfaceScaffold.java]" classname="jmri.util.FileLineEndingsTest" time="0.001"/>
  <testcase name="lineEndings[./java/test/jmri/jmrix/tams/TamsSystemConnectionMemoTest.java]" classname="jmri.util.FileLineEndingsTest" time="0.001"/>
  <testcase name="lineEndings[./java/test/jmri/jmrix/marklin/MarklinTurnoutTest.java]" classname="jmri.util.FileLineEndingsTest" time="0.001"/>
  <testcase name="lineEndings[./java/test/jmri/jmrix/marklin/swing/packetgen/PackageTest.java]" classname="jmri.util.FileLineEndingsTest" time="0"/>
  <testcase name="lineEndings[./java/test/jmri/jmrix/marklin/swing/packetgen/BundleTest.java]" classname="jmri.util.FileLineEndingsTest" time="0.001"/>
  <testcase name="lineEndings[./java/test/jmri/jmrix/marklin/swing/packetgen/PacketGenPanelTest.java]" classname="jmri.util.FileLineEndingsTest" time="0.001"/>
  <testcase name="lineEndings[./java/test/jmri/jmrix/marklin/swing/BundleTest.java]" classname="jmri.util.FileLineEndingsTest" time="0.001"/>
  <testcase name="lineEndings[./java/test/jmri/jmrix/marklin/swing/monitor/PackageTest.java]" classname="jmri.util.FileLineEndingsTest" time="0.001"/>
  <testcase name="lineEndings[./java/test/jmri/jmrix/marklin/swing/monitor/MarklinMonTest.java]" classname="jmri.util.FileLineEndingsTest" time="0.001"/>
  <testcase name="lineEndings[./java/test/jmri/jmrix/marklin/swing/monitor/MarklinMonPaneTest.java]" classname="jmri.util.FileLineEndingsTest" time="0"/>
  <testcase name="lineEndings[./java/test/jmri/jmrix/marklin/swing/monitor/BundleTest.java]" classname="jmri.util.FileLineEndingsTest" time="0"/>
  <testcase name="lineEndings[./java/test/jmri/jmrix/marklin/swing/MarklinMenuTest.java]" classname="jmri.util.FileLineEndingsTest" time="0.001"/>
  <testcase name="lineEndings[./java/test/jmri/jmrix/marklin/swing/MarklinComponentFactoryTest.java]" classname="jmri.util.FileLineEndingsTest" time="0.001"/>
  <testcase name="lineEndings[./java/test/jmri/jmrix/marklin/swing/PackageTest.java]" classname="jmri.util.FileLineEndingsTest" time="0.001"/>
  <testcase name="lineEndings[./java/test/jmri/jmrix/marklin/swing/MarklinNamedPaneActionTest.java]" classname="jmri.util.FileLineEndingsTest" time="0.001"/>
  <testcase name="lineEndings[./java/test/jmri/jmrix/marklin/networkdriver/NetworkDriverAdapterTest.java]" classname="jmri.util.FileLineEndingsTest" time="0.001"/>
  <testcase name="lineEndings[./java/test/jmri/jmrix/marklin/networkdriver/PackageTest.java]" classname="jmri.util.FileLineEndingsTest" time="0"/>
  <testcase name="lineEndings[./java/test/jmri/jmrix/marklin/networkdriver/configurexml/PackageTest.java]" classname="jmri.util.FileLineEndingsTest" time="0.001"/>
  <testcase name="lineEndings[./java/test/jmri/jmrix/marklin/networkdriver/configurexml/ConnectionConfigXmlTest.java]" classname="jmri.util.FileLineEndingsTest" time="0.001"/>
  <testcase name="lineEndings[./java/test/jmri/jmrix/marklin/networkdriver/ConnectionConfigTest.java]" classname="jmri.util.FileLineEndingsTest" time="0.001"/>
  <testcase name="lineEndings[./java/test/jmri/jmrix/marklin/MarklinMessageTest.java]" classname="jmri.util.FileLineEndingsTest" time="0.001"/>
  <testcase name="lineEndings[./java/test/jmri/jmrix/marklin/MarklinThrottleTest.java]" classname="jmri.util.FileLineEndingsTest" time="0.001"/>
  <testcase name="lineEndings[./java/test/jmri/jmrix/marklin/configurexml/MarklinSensorManagerXmlTest.java]" classname="jmri.util.FileLineEndingsTest" time="0"/>
  <testcase name="lineEndings[./java/test/jmri/jmrix/marklin/configurexml/PackageTest.java]" classname="jmri.util.FileLineEndingsTest" time="0"/>
  <testcase name="lineEndings[./java/test/jmri/jmrix/marklin/configurexml/MarklinTurnoutManagerXmlTest.java]" classname="jmri.util.FileLineEndingsTest" time="0.001"/>
  <testcase name="lineEndings[./java/test/jmri/jmrix/marklin/MarklinReplyTest.java]" classname="jmri.util.FileLineEndingsTest" time="0.001"/>
  <testcase name="lineEndings[./java/test/jmri/jmrix/marklin/MarklinThrottleManagerTest.java]" classname="jmri.util.FileLineEndingsTest" time="0.001"/>
  <testcase name="lineEndings[./java/test/jmri/jmrix/marklin/MarklinPortControllerTest.java]" classname="jmri.util.FileLineEndingsTest" time="0.001"/>
  <testcase name="lineEndings[./java/test/jmri/jmrix/marklin/MarklinTrafficControllerTest.java]" classname="jmri.util.FileLineEndingsTest" time="0.001"/>
  <testcase name="lineEndings[./java/test/jmri/jmrix/marklin/MarklinConnectionTypeListTest.java]" classname="jmri.util.FileLineEndingsTest" time="0"/>
  <testcase name="lineEndings[./java/test/jmri/jmrix/marklin/PackageTest.java]" classname="jmri.util.FileLineEndingsTest" time="0.001"/>
  <testcase name="lineEndings[./java/test/jmri/jmrix/marklin/MarklinConstantsTest.java]" classname="jmri.util.FileLineEndingsTest" time="0.001"/>
  <testcase name="lineEndings[./java/test/jmri/jmrix/marklin/BundleTest.java]" classname="jmri.util.FileLineEndingsTest" time="0.001"/>
  <testcase name="lineEndings[./java/test/jmri/jmrix/marklin/MarklinTurnoutManagerTest.java]" classname="jmri.util.FileLineEndingsTest" time="0.001"/>
  <testcase name="lineEndings[./java/test/jmri/jmrix/marklin/MarklinSensorTest.java]" classname="jmri.util.FileLineEndingsTest" time="0.001"/>
  <testcase name="lineEndings[./java/test/jmri/jmrix/marklin/MarklinSensorManagerTest.java]" classname="jmri.util.FileLineEndingsTest" time="0"/>
  <testcase name="lineEndings[./java/test/jmri/jmrix/marklin/MarklinSystemConnectionMemoTest.java]" classname="jmri.util.FileLineEndingsTest" time="0.001"/>
  <testcase name="lineEndings[./java/test/jmri/jmrix/marklin/MarklinPowerManagerTest.java]" classname="jmri.util.FileLineEndingsTest" time="0.001"/>
  <testcase name="lineEndings[./java/test/jmri/jmrix/acela/AcelaPortControllerTest.java]" classname="jmri.util.FileLineEndingsTest" time="0.001"/>
  <testcase name="lineEndings[./java/test/jmri/jmrix/acela/packetgen/AcelaPacketGenActionTest.java]" classname="jmri.util.FileLineEndingsTest" time="0.001"/>
  <testcase name="lineEndings[./java/test/jmri/jmrix/acela/packetgen/PackageTest.java]" classname="jmri.util.FileLineEndingsTest" time="0.001"/>
  <testcase name="lineEndings[./java/test/jmri/jmrix/acela/packetgen/BundleTest.java]" classname="jmri.util.FileLineEndingsTest" time="0"/>
  <testcase name="lineEndings[./java/test/jmri/jmrix/acela/packetgen/AcelaPacketGenFrameTest.java]" classname="jmri.util.FileLineEndingsTest" time="0.001"/>
  <testcase name="lineEndings[./java/test/jmri/jmrix/acela/configurexml/AcelaSensorManagerXmlTest.java]" classname="jmri.util.FileLineEndingsTest" time="0.001"/>
  <testcase name="lineEndings[./java/test/jmri/jmrix/acela/configurexml/PackageTest.java]" classname="jmri.util.FileLineEndingsTest" time="0.001"/>
  <testcase name="lineEndings[./java/test/jmri/jmrix/acela/configurexml/AcelaTurnoutManagerXmlTest.java]" classname="jmri.util.FileLineEndingsTest" time="0.001"/>
  <testcase name="lineEndings[./java/test/jmri/jmrix/acela/configurexml/AcelaLightManagerXmlTest.java]" classname="jmri.util.FileLineEndingsTest" time="0.001"/>
  <testcase name="lineEndings[./java/test/jmri/jmrix/acela/configurexml/AcelaSignalHeadXmlTest.java]" classname="jmri.util.FileLineEndingsTest" time="0.001"/>
  <testcase name="lineEndings[./java/test/jmri/jmrix/acela/AcelaMenuTest.java]" classname="jmri.util.FileLineEndingsTest" time="0"/>
  <testcase name="lineEndings[./java/test/jmri/jmrix/acela/nodeconfig/NodeConfigFrameTest.java]" classname="jmri.util.FileLineEndingsTest" time="0.001"/>
  <testcase name="lineEndings[./java/test/jmri/jmrix/acela/nodeconfig/BundleTest.java]" classname="jmri.util.FileLineEndingsTest" time="0.001"/>
  <testcase name="lineEndings[./java/test/jmri/jmrix/acela/nodeconfig/PackageTest.java]" classname="jmri.util.FileLineEndingsTest" time="0.001"/>
  <testcase name="lineEndings[./java/test/jmri/jmrix/acela/nodeconfig/NodeConfigActionTest.java]" classname="jmri.util.FileLineEndingsTest" time="0.001"/>
  <testcase name="lineEndings[./java/test/jmri/jmrix/acela/AcelaTurnoutManagerTest.java]" classname="jmri.util.FileLineEndingsTest" time="0.001"/>
  <testcase name="lineEndings[./java/test/jmri/jmrix/acela/AcelaConnectionTypeListTest.java]" classname="jmri.util.FileLineEndingsTest" time="0"/>
  <testcase name="lineEndings[./java/test/jmri/jmrix/acela/serialdriver/PackageTest.java]" classname="jmri.util.FileLineEndingsTest" time="0.001"/>
  <testcase name="lineEndings[./java/test/jmri/jmrix/acela/serialdriver/ConnectionConfigTest.java]" classname="jmri.util.FileLineEndingsTest" time="0.001"/>
  <testcase name="lineEndings[./java/test/jmri/jmrix/acela/serialdriver/configurexml/PackageTest.java]" classname="jmri.util.FileLineEndingsTest" time="0.001"/>
  <testcase name="lineEndings[./java/test/jmri/jmrix/acela/serialdriver/configurexml/ConnectionConfigXmlTest.java]" classname="jmri.util.FileLineEndingsTest" time="0.001"/>
  <testcase name="lineEndings[./java/test/jmri/jmrix/acela/serialdriver/BundleTest.java]" classname="jmri.util.FileLineEndingsTest" time="0.001"/>
  <testcase name="lineEndings[./java/test/jmri/jmrix/acela/serialdriver/SerialDriverAdapterTest.java]" classname="jmri.util.FileLineEndingsTest" time="0"/>
  <testcase name="lineEndings[./java/test/jmri/jmrix/acela/AcelaSensorTest.java]" classname="jmri.util.FileLineEndingsTest" time="0.001"/>
  <testcase name="lineEndings[./java/test/jmri/jmrix/acela/AcelaTrafficControllerTest.java]" classname="jmri.util.FileLineEndingsTest" time="0.001"/>
  <testcase name="lineEndings[./java/test/jmri/jmrix/acela/AcelaLightTest.java]" classname="jmri.util.FileLineEndingsTest" time="0.001"/>
  <testcase name="lineEndings[./java/test/jmri/jmrix/acela/AcelaTrafficControlScaffold.java]" classname="jmri.util.FileLineEndingsTest" time="0.001"/>
  <testcase name="lineEndings[./java/test/jmri/jmrix/acela/AcelaSignalHeadTest.java]" classname="jmri.util.FileLineEndingsTest" time="0.001"/>
  <testcase name="lineEndings[./java/test/jmri/jmrix/acela/PackageTest.java]" classname="jmri.util.FileLineEndingsTest" time="0.001"/>
  <testcase name="lineEndings[./java/test/jmri/jmrix/acela/swing/PackageTest.java]" classname="jmri.util.FileLineEndingsTest" time="0.001"/>
  <testcase name="lineEndings[./java/test/jmri/jmrix/acela/swing/AcelaComponentFactoryTest.java]" classname="jmri.util.FileLineEndingsTest" time="0"/>
  <testcase name="lineEndings[./java/test/jmri/jmrix/acela/AcelaSystemConnectionMemoTest.java]" classname="jmri.util.FileLineEndingsTest" time="0.001"/>
  <testcase name="lineEndings[./java/test/jmri/jmrix/acela/AcelaAddressTest.java]" classname="jmri.util.FileLineEndingsTest" time="0.001"/>
  <testcase name="lineEndings[./java/test/jmri/jmrix/acela/AcelaTurnoutTest.java]" classname="jmri.util.FileLineEndingsTest" time="0.001"/>
  <testcase name="lineEndings[./java/test/jmri/jmrix/acela/BundleTest.java]" classname="jmri.util.FileLineEndingsTest" time="0.001"/>
  <testcase name="lineEndings[./java/test/jmri/jmrix/acela/acelamon/AcelaMonFrameTest.java]" classname="jmri.util.FileLineEndingsTest" time="0.001"/>
  <testcase name="lineEndings[./java/test/jmri/jmrix/acela/acelamon/BundleTest.java]" classname="jmri.util.FileLineEndingsTest" time="0"/>
  <testcase name="lineEndings[./java/test/jmri/jmrix/acela/acelamon/PackageTest.java]" classname="jmri.util.FileLineEndingsTest" time="0.001"/>
  <testcase name="lineEndings[./java/test/jmri/jmrix/acela/acelamon/AcelaMonActionTest.java]" classname="jmri.util.FileLineEndingsTest" time="0.001"/>
  <testcase name="lineEndings[./java/test/jmri/jmrix/acela/AcelaSensorManagerTest.java]" classname="jmri.util.FileLineEndingsTest" time="0.001"/>
  <testcase name="lineEndings[./java/test/jmri/jmrix/acela/AcelaMessageTest.java]" classname="jmri.util.FileLineEndingsTest" time="0.001"/>
  <testcase name="lineEndings[./java/test/jmri/jmrix/acela/AcelaNodeTest.java]" classname="jmri.util.FileLineEndingsTest" time="0.001"/>
  <testcase name="lineEndings[./java/test/jmri/jmrix/acela/AcelaLightManagerTest.java]" classname="jmri.util.FileLineEndingsTest" time="0.001"/>
  <testcase name="lineEndings[./java/test/jmri/jmrix/acela/AcelaReplyTest.java]" classname="jmri.util.FileLineEndingsTest" time="0.001"/>
  <testcase name="lineEndings[./java/test/jmri/jmrix/xpa/swing/packetgen/XpaPacketGenActionTest.java]" classname="jmri.util.FileLineEndingsTest" time="0"/>
  <testcase name="lineEndings[./java/test/jmri/jmrix/xpa/swing/packetgen/BundleTest.java]" classname="jmri.util.FileLineEndingsTest" time="0.001"/>
  <testcase name="lineEndings[./java/test/jmri/jmrix/xpa/swing/packetgen/XpaPacketGenFrameTest.java]" classname="jmri.util.FileLineEndingsTest" time="0.001"/>
  <testcase name="lineEndings[./java/test/jmri/jmrix/xpa/swing/packetgen/PackageTest.java]" classname="jmri.util.FileLineEndingsTest" time="0.001"/>
  <testcase name="lineEndings[./java/test/jmri/jmrix/xpa/swing/XpaMenuTest.java]" classname="jmri.util.FileLineEndingsTest" time="0.001"/>
  <testcase name="lineEndings[./java/test/jmri/jmrix/xpa/swing/XpaComponentFactoryTest.java]" classname="jmri.util.FileLineEndingsTest" time="0.003"/>
  <testcase name="lineEndings[./java/test/jmri/jmrix/xpa/swing/BundleTest.java]" classname="jmri.util.FileLineEndingsTest" time="0.002"/>
  <testcase name="lineEndings[./java/test/jmri/jmrix/xpa/swing/xpaconfig/XpaConfigureActionTest.java]" classname="jmri.util.FileLineEndingsTest" time="0.001"/>
  <testcase name="lineEndings[./java/test/jmri/jmrix/xpa/swing/xpaconfig/PackageTest.java]" classname="jmri.util.FileLineEndingsTest" time="0.001"/>
  <testcase name="lineEndings[./java/test/jmri/jmrix/xpa/swing/xpaconfig/XpaConfigureFrameTest.java]" classname="jmri.util.FileLineEndingsTest" time="0.001"/>
  <testcase name="lineEndings[./java/test/jmri/jmrix/xpa/swing/xpaconfig/BundleTest.java]" classname="jmri.util.FileLineEndingsTest" time="0"/>
  <testcase name="lineEndings[./java/test/jmri/jmrix/xpa/swing/xpamon/XpaMonActionTest.java]" classname="jmri.util.FileLineEndingsTest" time="0.001"/>
  <testcase name="lineEndings[./java/test/jmri/jmrix/xpa/swing/xpamon/PackageTest.java]" classname="jmri.util.FileLineEndingsTest" time="0.001"/>
  <testcase name="lineEndings[./java/test/jmri/jmrix/xpa/swing/xpamon/XpaMonPaneTest.java]" classname="jmri.util.FileLineEndingsTest" time="0.001"/>
  <testcase name="lineEndings[./java/test/jmri/jmrix/xpa/swing/xpamon/BundleTest.java]" classname="jmri.util.FileLineEndingsTest" time="0.001"/>
  <testcase name="lineEndings[./java/test/jmri/jmrix/xpa/swing/PackageTest.java]" classname="jmri.util.FileLineEndingsTest" time="0.001"/>
  <testcase name="lineEndings[./java/test/jmri/jmrix/xpa/XpaTrafficControlScaffold.java]" classname="jmri.util.FileLineEndingsTest" time="0.001"/>
  <testcase name="lineEndings[./java/test/jmri/jmrix/xpa/XpaTurnoutTest.java]" classname="jmri.util.FileLineEndingsTest" time="0"/>
  <testcase name="lineEndings[./java/test/jmri/jmrix/xpa/XpaThrottleManagerTest.java]" classname="jmri.util.FileLineEndingsTest" time="0.001"/>
  <testcase name="lineEndings[./java/test/jmri/jmrix/xpa/configurexml/XpaTurnoutManagerXmlTest.java]" classname="jmri.util.FileLineEndingsTest" time="0.001"/>
  <testcase name="lineEndings[./java/test/jmri/jmrix/xpa/configurexml/PackageTest.java]" classname="jmri.util.FileLineEndingsTest" time="0.001"/>
  <testcase name="lineEndings[./java/test/jmri/jmrix/xpa/XpaMessageTest.java]" classname="jmri.util.FileLineEndingsTest" time="0.001"/>
  <testcase name="lineEndings[./java/test/jmri/jmrix/xpa/XpaPowerManagerTest.java]" classname="jmri.util.FileLineEndingsTest" time="0.001"/>
  <testcase name="lineEndings[./java/test/jmri/jmrix/xpa/serialdriver/BundleTest.java]" classname="jmri.util.FileLineEndingsTest" time="0"/>
  <testcase name="lineEndings[./java/test/jmri/jmrix/xpa/serialdriver/ConnectionConfigTest.java]" classname="jmri.util.FileLineEndingsTest" time="0"/>
  <testcase name="lineEndings[./java/test/jmri/jmrix/xpa/serialdriver/PackageTest.java]" classname="jmri.util.FileLineEndingsTest" time="0.001"/>
  <testcase name="lineEndings[./java/test/jmri/jmrix/xpa/serialdriver/configurexml/PackageTest.java]" classname="jmri.util.FileLineEndingsTest" time="0.001"/>
  <testcase name="lineEndings[./java/test/jmri/jmrix/xpa/serialdriver/configurexml/ConnectionConfigXmlTest.java]" classname="jmri.util.FileLineEndingsTest" time="0.001"/>
  <testcase name="lineEndings[./java/test/jmri/jmrix/xpa/serialdriver/SerialDriverAdapterTest.java]" classname="jmri.util.FileLineEndingsTest" time="0.001"/>
  <testcase name="lineEndings[./java/test/jmri/jmrix/xpa/BundleTest.java]" classname="jmri.util.FileLineEndingsTest" time="0.001"/>
  <testcase name="lineEndings[./java/test/jmri/jmrix/xpa/XpaTrafficControllerTest.java]" classname="jmri.util.FileLineEndingsTest" time="0"/>
  <testcase name="lineEndings[./java/test/jmri/jmrix/xpa/XpaThrottleTest.java]" classname="jmri.util.FileLineEndingsTest" time="0.001"/>
  <testcase name="lineEndings[./java/test/jmri/jmrix/xpa/XpaSystemConnectionMemoTest.java]" classname="jmri.util.FileLineEndingsTest" time="0.001"/>
  <testcase name="lineEndings[./java/test/jmri/jmrix/xpa/PackageTest.java]" classname="jmri.util.FileLineEndingsTest" time="0.001"/>
  <testcase name="lineEndings[./java/test/jmri/jmrix/xpa/XpaPortControllerTest.java]" classname="jmri.util.FileLineEndingsTest" time="0.001"/>
  <testcase name="lineEndings[./java/test/jmri/jmrix/xpa/XpaTurnoutManagerTest.java]" classname="jmri.util.FileLineEndingsTest" time="0.001"/>
  <testcase name="lineEndings[./java/test/jmri/jmrix/anyma/AnymaDMX_UsbLightTest.java]" classname="jmri.util.FileLineEndingsTest" time="0"/>
  <testcase name="lineEndings[./java/test/jmri/jmrix/anyma/AnymaDMX_TrafficControllerTest.java]" classname="jmri.util.FileLineEndingsTest" time="0.001"/>
  <testcase name="lineEndings[./java/test/jmri/jmrix/anyma/AnymaDMX_SystemConnectionMemoTest.java]" classname="jmri.util.FileLineEndingsTest" time="0.001"/>
  <testcase name="lineEndings[./java/test/jmri/jmrix/anyma/PackageTest.java]" classname="jmri.util.FileLineEndingsTest" time="0.001"/>
  <testcase name="lineEndings[./java/test/jmri/jmrix/anyma/configurexml/UsbLightManagerXmlTest.java]" classname="jmri.util.FileLineEndingsTest" time="0.001"/>
  <testcase name="lineEndings[./java/test/jmri/jmrix/anyma/configurexml/AnymaDMX_ConnectionConfigXmlTest.java]" classname="jmri.util.FileLineEndingsTest" time="0.001"/>
  <testcase name="lineEndings[./java/test/jmri/jmrix/anyma/configurexml/PackageTest.java]" classname="jmri.util.FileLineEndingsTest" time="0"/>
  <testcase name="lineEndings[./java/test/jmri/jmrix/anyma/AnymaDMX_ConnectionConfigTest.java]" classname="jmri.util.FileLineEndingsTest" time="0.001"/>
  <testcase name="lineEndings[./java/test/jmri/jmrix/anyma/BundleTest.java]" classname="jmri.util.FileLineEndingsTest" time="0.001"/>
  <testcase name="lineEndings[./java/test/jmri/jmrix/anyma/AnymaDMX_ConnectionTypeListTest.java]" classname="jmri.util.FileLineEndingsTest" time="0.001"/>
  <testcase name="lineEndings[./java/test/jmri/jmrix/anyma/UsbLightManagerTest.java]" classname="jmri.util.FileLineEndingsTest" time="0.001"/>
  <testcase name="lineEndings[./java/test/jmri/jmrix/anyma/AnymaDMX_UsbPortAdapterTest.java]" classname="jmri.util.FileLineEndingsTest" time="0.001"/>
  <testcase name="lineEndings[./java/test/jmri/jmrix/jmriclient/JMRIClientTurnoutManagerTest.java]" classname="jmri.util.FileLineEndingsTest" time="0.001"/>
  <testcase name="lineEndings[./java/test/jmri/jmrix/jmriclient/JMRIClientTurnoutTest.java]" classname="jmri.util.FileLineEndingsTest" time="0"/>
  <testcase name="lineEndings[./java/test/jmri/jmrix/jmriclient/JMRIClientSensorManagerTest.java]" classname="jmri.util.FileLineEndingsTest" time="0.001"/>
  <testcase name="lineEndings[./java/test/jmri/jmrix/jmriclient/swing/mon/PackageTest.java]" classname="jmri.util.FileLineEndingsTest" time="0.001"/>
  <testcase name="lineEndings[./java/test/jmri/jmrix/jmriclient/swing/mon/JMRIClientMonActionTest.java]" classname="jmri.util.FileLineEndingsTest" time="0.001"/>
  <testcase name="lineEndings[./java/test/jmri/jmrix/jmriclient/swing/mon/JMRIClientMonFrameTest.java]" classname="jmri.util.FileLineEndingsTest" time="0.001"/>
  <testcase name="lineEndings[./java/test/jmri/jmrix/jmriclient/swing/PackageTest.java]" classname="jmri.util.FileLineEndingsTest" time="0.001"/>
  <testcase name="lineEndings[./java/test/jmri/jmrix/jmriclient/swing/packetgen/PacketGenActionTest.java]" classname="jmri.util.FileLineEndingsTest" time="0"/>
  <testcase name="lineEndings[./java/test/jmri/jmrix/jmriclient/swing/packetgen/PacketGenFrameTest.java]" classname="jmri.util.FileLineEndingsTest" time="0.001"/>
  <testcase name="lineEndings[./java/test/jmri/jmrix/jmriclient/swing/packetgen/PackageTest.java]" classname="jmri.util.FileLineEndingsTest" time="0.001"/>
  <testcase name="lineEndings[./java/test/jmri/jmrix/jmriclient/swing/JMRIClientMenuTest.java]" classname="jmri.util.FileLineEndingsTest" time="0.001"/>
  <testcase name="lineEndings[./java/test/jmri/jmrix/jmriclient/swing/JMRIClientComponentFactoryTest.java]" classname="jmri.util.FileLineEndingsTest" time="0.001"/>
  <testcase name="lineEndings[./java/test/jmri/jmrix/jmriclient/PackageTest.java]" classname="jmri.util.FileLineEndingsTest" time="0.001"/>
  <testcase name="lineEndings[./java/test/jmri/jmrix/jmriclient/JMRIClientMessageTest.java]" classname="jmri.util.FileLineEndingsTest" time="0"/>
  <testcase name="lineEndings[./java/test/jmri/jmrix/jmriclient/JMRIClientTrafficControlScaffold.java]" classname="jmri.util.FileLineEndingsTest" time="0.001"/>
  <testcase name="lineEndings[./java/test/jmri/jmrix/jmriclient/configurexml/JMRIClientTurnoutManagerXmlTest.java]" classname="jmri.util.FileLineEndingsTest" time="0.001"/>
  <testcase name="lineEndings[./java/test/jmri/jmrix/jmriclient/configurexml/JMRIClientLightManagerXmlTest.java]" classname="jmri.util.FileLineEndingsTest" time="0.001"/>
  <testcase name="lineEndings[./java/test/jmri/jmrix/jmriclient/configurexml/PackageTest.java]" classname="jmri.util.FileLineEndingsTest" time="0.001"/>
  <testcase name="lineEndings[./java/test/jmri/jmrix/jmriclient/configurexml/JMRIClientSensorManagerXmlTest.java]" classname="jmri.util.FileLineEndingsTest" time="0.001"/>
  <testcase name="lineEndings[./java/test/jmri/jmrix/jmriclient/configurexml/JMRIClientReporterManagerXmlTest.java]" classname="jmri.util.FileLineEndingsTest" time="0.001"/>
  <testcase name="lineEndings[./java/test/jmri/jmrix/jmriclient/JMRIClientReporterTest.java]" classname="jmri.util.FileLineEndingsTest" time="0"/>
  <testcase name="lineEndings[./java/test/jmri/jmrix/jmriclient/JMRIClientPowerManagerTest.java]" classname="jmri.util.FileLineEndingsTest" time="0.001"/>
  <testcase name="lineEndings[./java/test/jmri/jmrix/jmriclient/JMRIClientTrafficControllerTest.java]" classname="jmri.util.FileLineEndingsTest" time="0.001"/>
  <testcase name="lineEndings[./java/test/jmri/jmrix/jmriclient/JMRIClientPortControllerTest.java]" classname="jmri.util.FileLineEndingsTest" time="0.001"/>
  <testcase name="lineEndings[./java/test/jmri/jmrix/jmriclient/JMRIClientReplyTest.java]" classname="jmri.util.FileLineEndingsTest" time="0.001"/>
  <testcase name="lineEndings[./java/test/jmri/jmrix/jmriclient/JMRIClientLightManagerTest.java]" classname="jmri.util.FileLineEndingsTest" time="0.001"/>
  <testcase name="lineEndings[./java/test/jmri/jmrix/jmriclient/JMRIClientConnectionTypeListTest.java]" classname="jmri.util.FileLineEndingsTest" time="0"/>
  <testcase name="lineEndings[./java/test/jmri/jmrix/jmriclient/BundleTest.java]" classname="jmri.util.FileLineEndingsTest" time="0.001"/>
  <testcase name="lineEndings[./java/test/jmri/jmrix/jmriclient/networkdriver/NetworkDriverAdapterTest.java]" classname="jmri.util.FileLineEndingsTest" time="0.001"/>
  <testcase name="lineEndings[./java/test/jmri/jmrix/jmriclient/networkdriver/PackageTest.java]" classname="jmri.util.FileLineEndingsTest" time="0.001"/>
  <testcase name="lineEndings[./java/test/jmri/jmrix/jmriclient/networkdriver/configurexml/PackageTest.java]" classname="jmri.util.FileLineEndingsTest" time="0.001"/>
  <testcase name="lineEndings[./java/test/jmri/jmrix/jmriclient/networkdriver/configurexml/ConnectionConfigXmlTest.java]" classname="jmri.util.FileLineEndingsTest" time="0.001"/>
  <testcase name="lineEndings[./java/test/jmri/jmrix/jmriclient/networkdriver/ConnectionConfigTest.java]" classname="jmri.util.FileLineEndingsTest" time="0.001"/>
  <testcase name="lineEndings[./java/test/jmri/jmrix/jmriclient/JMRIClientLightTest.java]" classname="jmri.util.FileLineEndingsTest" time="0"/>
  <testcase name="lineEndings[./java/test/jmri/jmrix/jmriclient/JMRIClientReporterManagerTest.java]" classname="jmri.util.FileLineEndingsTest" time="0.001"/>
  <testcase name="lineEndings[./java/test/jmri/jmrix/jmriclient/JMRIClientSensorTest.java]" classname="jmri.util.FileLineEndingsTest" time="0.001"/>
  <testcase name="lineEndings[./java/test/jmri/jmrix/jmriclient/JMRIClientSystemConnectionMemoTest.java]" classname="jmri.util.FileLineEndingsTest" time="0.001"/>
  <testcase name="lineEndings[./java/test/jmri/jmrix/rfid/PackageTest.java]" classname="jmri.util.FileLineEndingsTest" time="0.001"/>
  <testcase name="lineEndings[./java/test/jmri/jmrix/rfid/protocol/olimex/OlimexRfidProtocolTest.java]" classname="jmri.util.FileLineEndingsTest" time="0.001"/>
  <testcase name="lineEndings[./java/test/jmri/jmrix/rfid/protocol/olimex/OlimexRfid1356mifareProtocolTest.java]" classname="jmri.util.FileLineEndingsTest" time="0"/>
  <testcase name="lineEndings[./java/test/jmri/jmrix/rfid/protocol/em18/Em18RfidProtocolTest.java]" classname="jmri.util.FileLineEndingsTest" time="0.001"/>
  <testcase name="lineEndings[./java/test/jmri/jmrix/rfid/protocol/parallax/ParallaxRfidProtocolTest.java]" classname="jmri.util.FileLineEndingsTest" time="0.001"/>
  <testcase name="lineEndings[./java/test/jmri/jmrix/rfid/protocol/coreid/CoreIdRfidProtocolTest.java]" classname="jmri.util.FileLineEndingsTest" time="0.001"/>
  <testcase name="lineEndings[./java/test/jmri/jmrix/rfid/protocol/seeedstudio/SeeedStudioRfidProtocolTest.java]" classname="jmri.util.FileLineEndingsTest" time="0.001"/>
  <testcase name="lineEndings[./java/test/jmri/jmrix/rfid/generic/standalone/StandaloneSystemConnectionMemoTest.java]" classname="jmri.util.FileLineEndingsTest" time="0.001"/>
  <testcase name="lineEndings[./java/test/jmri/jmrix/rfid/generic/standalone/configurexml/StandaloneSensorManagerXmlTest.java]" classname="jmri.util.FileLineEndingsTest" time="0.001"/>
  <testcase name="lineEndings[./java/test/jmri/jmrix/rfid/generic/standalone/configurexml/PackageTest.java]" classname="jmri.util.FileLineEndingsTest" time="0"/>
  <testcase name="lineEndings[./java/test/jmri/jmrix/rfid/generic/standalone/configurexml/StandaloneReporterManagerXmlTest.java]" classname="jmri.util.FileLineEndingsTest" time="0.001"/>
  <testcase name="lineEndings[./java/test/jmri/jmrix/rfid/generic/standalone/StandaloneReplyTest.java]" classname="jmri.util.FileLineEndingsTest" time="0.001"/>
  <testcase name="lineEndings[./java/test/jmri/jmrix/rfid/generic/standalone/StandaloneMessageTest.java]" classname="jmri.util.FileLineEndingsTest" time="0.001"/>
  <testcase name="lineEndings[./java/test/jmri/jmrix/rfid/generic/standalone/StandaloneSensorManagerTest.java]" classname="jmri.util.FileLineEndingsTest" time="0.001"/>
  <testcase name="lineEndings[./java/test/jmri/jmrix/rfid/generic/standalone/PackageTest.java]" classname="jmri.util.FileLineEndingsTest" time="0.001"/>
  <testcase name="lineEndings[./java/test/jmri/jmrix/rfid/generic/standalone/StandaloneTrafficControllerTest.java]" classname="jmri.util.FileLineEndingsTest" time="0.001"/>
  <testcase name="lineEndings[./java/test/jmri/jmrix/rfid/generic/standalone/StandaloneReporterManagerTest.java]" classname="jmri.util.FileLineEndingsTest" time="0"/>
  <testcase name="lineEndings[./java/test/jmri/jmrix/rfid/generic/PackageTest.java]" classname="jmri.util.FileLineEndingsTest" time="0.001"/>
  <testcase name="lineEndings[./java/test/jmri/jmrix/rfid/configurexml/PackageTest.java]" classname="jmri.util.FileLineEndingsTest" time="0.001"/>
  <testcase name="lineEndings[./java/test/jmri/jmrix/rfid/configurexml/RfidReporterManagerXmlTest.java]" classname="jmri.util.FileLineEndingsTest" time="0.001"/>
  <testcase name="lineEndings[./java/test/jmri/jmrix/rfid/configurexml/RfidSensorManagerXmlTest.java]" classname="jmri.util.FileLineEndingsTest" time="0.001"/>
  <testcase name="lineEndings[./java/test/jmri/jmrix/rfid/networkdriver/NetworkDriverAdapterTest.java]" classname="jmri.util.FileLineEndingsTest" time="0.001"/>
  <testcase name="lineEndings[./java/test/jmri/jmrix/rfid/networkdriver/configurexml/PackageTest.java]" classname="jmri.util.FileLineEndingsTest" time="0"/>
  <testcase name="lineEndings[./java/test/jmri/jmrix/rfid/networkdriver/configurexml/ConnectionConfigXmlTest.java]" classname="jmri.util.FileLineEndingsTest" time="0.001"/>
  <testcase name="lineEndings[./java/test/jmri/jmrix/rfid/networkdriver/ConnectionConfigTest.java]" classname="jmri.util.FileLineEndingsTest" time="0.001"/>
  <testcase name="lineEndings[./java/test/jmri/jmrix/rfid/networkdriver/PackageTest.java]" classname="jmri.util.FileLineEndingsTest" time="0.001"/>
  <testcase name="lineEndings[./java/test/jmri/jmrix/rfid/serialdriver/configurexml/PackageTest.java]" classname="jmri.util.FileLineEndingsTest" time="0.001"/>
  <testcase name="lineEndings[./java/test/jmri/jmrix/rfid/serialdriver/configurexml/ConnectionConfigXmlTest.java]" classname="jmri.util.FileLineEndingsTest" time="0.001"/>
  <testcase name="lineEndings[./java/test/jmri/jmrix/rfid/serialdriver/ConnectionConfigTest.java]" classname="jmri.util.FileLineEndingsTest" time="0.001"/>
  <testcase name="lineEndings[./java/test/jmri/jmrix/rfid/serialdriver/SerialDriverAdapterTest.java]" classname="jmri.util.FileLineEndingsTest" time="0"/>
  <testcase name="lineEndings[./java/test/jmri/jmrix/rfid/serialdriver/PackageTest.java]" classname="jmri.util.FileLineEndingsTest" time="0.001"/>
  <testcase name="lineEndings[./java/test/jmri/jmrix/rfid/TimeoutRfidReporterTest.java]" classname="jmri.util.FileLineEndingsTest" time="0.001"/>
  <testcase name="lineEndings[./java/test/jmri/jmrix/rfid/swing/serialmon/SerialMonPaneTest.java]" classname="jmri.util.FileLineEndingsTest" time="0.001"/>
  <testcase name="lineEndings[./java/test/jmri/jmrix/rfid/swing/serialmon/PackageTest.java]" classname="jmri.util.FileLineEndingsTest" time="0.001"/>
  <testcase name="lineEndings[./java/test/jmri/jmrix/rfid/swing/RfidNamedPaneActionTest.java]" classname="jmri.util.FileLineEndingsTest" time="0.001"/>
  <testcase name="lineEndings[./java/test/jmri/jmrix/rfid/swing/RfidMenuTest.java]" classname="jmri.util.FileLineEndingsTest" time="0"/>
  <testcase name="lineEndings[./java/test/jmri/jmrix/rfid/swing/PackageTest.java]" classname="jmri.util.FileLineEndingsTest" time="0.001"/>
  <testcase name="lineEndings[./java/test/jmri/jmrix/rfid/swing/RfidPanelTest.java]" classname="jmri.util.FileLineEndingsTest" time="0.001"/>
  <testcase name="lineEndings[./java/test/jmri/jmrix/rfid/swing/RfidComponentFactoryTest.java]" classname="jmri.util.FileLineEndingsTest" time="0.001"/>
  <testcase name="lineEndings[./java/test/jmri/jmrix/rfid/merg/concentrator/PackageTest.java]" classname="jmri.util.FileLineEndingsTest" time="0.001"/>
  <testcase name="lineEndings[./java/test/jmri/jmrix/rfid/merg/concentrator/ConcentratorReporterManagerTest.java]" classname="jmri.util.FileLineEndingsTest" time="0.001"/>
  <testcase name="lineEndings[./java/test/jmri/jmrix/rfid/merg/concentrator/configurexml/ConcentratorSensorManagerXmlTest.java]" classname="jmri.util.FileLineEndingsTest" time="0"/>
  <testcase name="lineEndings[./java/test/jmri/jmrix/rfid/merg/concentrator/configurexml/PackageTest.java]" classname="jmri.util.FileLineEndingsTest" time="0.001"/>
  <testcase name="lineEndings[./java/test/jmri/jmrix/rfid/merg/concentrator/configurexml/ConcentratorReporterManagerXmlTest.java]" classname="jmri.util.FileLineEndingsTest" time="0.001"/>
  <testcase name="lineEndings[./java/test/jmri/jmrix/rfid/merg/concentrator/ConcentratorTrafficControllerTest.java]" classname="jmri.util.FileLineEndingsTest" time="0.001"/>
  <testcase name="lineEndings[./java/test/jmri/jmrix/rfid/merg/concentrator/ConcentratorSystemConnectionMemoTest.java]" classname="jmri.util.FileLineEndingsTest" time="0.001"/>
  <testcase name="lineEndings[./java/test/jmri/jmrix/rfid/merg/concentrator/ConcentratorMessageTest.java]" classname="jmri.util.FileLineEndingsTest" time="0.001"/>
  <testcase name="lineEndings[./java/test/jmri/jmrix/rfid/merg/concentrator/ConcentratorSensorManagerTest.java]" classname="jmri.util.FileLineEndingsTest" time="0.001"/>
  <testcase name="lineEndings[./java/test/jmri/jmrix/rfid/merg/concentrator/ConcentratorReplyTest.java]" classname="jmri.util.FileLineEndingsTest" time="0"/>
  <testcase name="lineEndings[./java/test/jmri/jmrix/rfid/merg/PackageTest.java]" classname="jmri.util.FileLineEndingsTest" time="0.001"/>
  <testcase name="lineEndings[./java/test/jmri/jmrix/rfid/RfidNetworkPortControllerTest.java]" classname="jmri.util.FileLineEndingsTest" time="0.001"/>
  <testcase name="lineEndings[./java/test/jmri/jmrix/rfid/RfidReplyTest.java]" classname="jmri.util.FileLineEndingsTest" time="0.001"/>
  <testcase name="lineEndings[./java/test/jmri/jmrix/rfid/RfidConnectionTypeListTest.java]" classname="jmri.util.FileLineEndingsTest" time="0.001"/>
  <testcase name="lineEndings[./java/test/jmri/jmrix/rfid/RfidSystemConnectionMemoTest.java]" classname="jmri.util.FileLineEndingsTest" time="0.001"/>
  <testcase name="lineEndings[./java/test/jmri/jmrix/rfid/RfidReporterManagerTest.java]" classname="jmri.util.FileLineEndingsTest" time="0.001"/>
  <testcase name="lineEndings[./java/test/jmri/jmrix/rfid/RfidPortControllerTest.java]" classname="jmri.util.FileLineEndingsTest" time="0"/>
  <testcase name="lineEndings[./java/test/jmri/jmrix/rfid/RfidMessageTest.java]" classname="jmri.util.FileLineEndingsTest" time="0.001"/>
  <testcase name="lineEndings[./java/test/jmri/jmrix/rfid/RfidSensorManagerTest.java]" classname="jmri.util.FileLineEndingsTest" time="0.001"/>
  <testcase name="lineEndings[./java/test/jmri/jmrix/rfid/RfidTrafficControllerTest.java]" classname="jmri.util.FileLineEndingsTest" time="0.001"/>
  <testcase name="lineEndings[./java/test/jmri/jmrix/rfid/RfidReporterTest.java]" classname="jmri.util.FileLineEndingsTest" time="0.001"/>
  <testcase name="lineEndings[./java/test/jmri/jmrix/rfid/RfidSensorTest.java]" classname="jmri.util.FileLineEndingsTest" time="0.001"/>
  <testcase name="lineEndings[./java/test/jmri/jmrix/rfid/TimeoutRfidSensorTest.java]" classname="jmri.util.FileLineEndingsTest" time="0"/>
  <testcase name="lineEndings[./java/test/jmri/jmrix/rfid/RfidStreamPortControllerTest.java]" classname="jmri.util.FileLineEndingsTest" time="0.001"/>
  <testcase name="lineEndings[./java/test/jmri/jmrix/openlcb/OlcbProgrammerManagerTest.java]" classname="jmri.util.FileLineEndingsTest" time="0.001"/>
  <testcase name="lineEndings[./java/test/jmri/jmrix/openlcb/swing/clockmon/BundleTest.java]" classname="jmri.util.FileLineEndingsTest" time="0.001"/>
  <testcase name="lineEndings[./java/test/jmri/jmrix/openlcb/swing/clockmon/PackageTest.java]" classname="jmri.util.FileLineEndingsTest" time="0.001"/>
  <testcase name="lineEndings[./java/test/jmri/jmrix/openlcb/swing/tie/ConsumerTablePaneTest.java]" classname="jmri.util.FileLineEndingsTest" time="0.001"/>
  <testcase name="lineEndings[./java/test/jmri/jmrix/openlcb/swing/tie/TieToolFrameTest.java]" classname="jmri.util.FileLineEndingsTest" time="0"/>
  <testcase name="lineEndings[./java/test/jmri/jmrix/openlcb/swing/tie/TieTableModelTest.java]" classname="jmri.util.FileLineEndingsTest" time="0.001"/>
  <testcase name="lineEndings[./java/test/jmri/jmrix/openlcb/swing/tie/ProducerTablePaneTest.java]" classname="jmri.util.FileLineEndingsTest" time="0.001"/>
  <testcase name="lineEndings[./java/test/jmri/jmrix/openlcb/swing/tie/PackageTest.java]" classname="jmri.util.FileLineEndingsTest" time="0.001"/>
  <testcase name="lineEndings[./java/test/jmri/jmrix/openlcb/swing/tie/ProducerTableModelTest.java]" classname="jmri.util.FileLineEndingsTest" time="0.001"/>
  <testcase name="lineEndings[./java/test/jmri/jmrix/openlcb/swing/tie/ConsumerTableModelTest.java]" classname="jmri.util.FileLineEndingsTest" time="0.001"/>
  <testcase name="lineEndings[./java/test/jmri/jmrix/openlcb/swing/tie/TieTablePaneTest.java]" classname="jmri.util.FileLineEndingsTest" time="0"/>
  <testcase name="lineEndings[./java/test/jmri/jmrix/openlcb/swing/monitor/MonitorFrameDemo.java]" classname="jmri.util.FileLineEndingsTest" time="0"/>
  <testcase name="lineEndings[./java/test/jmri/jmrix/openlcb/swing/monitor/MonitorPaneTest.java]" classname="jmri.util.FileLineEndingsTest" time="0.001"/>
  <testcase name="lineEndings[./java/test/jmri/jmrix/openlcb/swing/monitor/BundleTest.java]" classname="jmri.util.FileLineEndingsTest" time="0.001"/>
  <testcase name="lineEndings[./java/test/jmri/jmrix/openlcb/swing/monitor/MonitorFrameTest.java]" classname="jmri.util.FileLineEndingsTest" time="0.001"/>
  <testcase name="lineEndings[./java/test/jmri/jmrix/openlcb/swing/monitor/MonitorActionTest.java]" classname="jmri.util.FileLineEndingsTest" time="0.001"/>
  <testcase name="lineEndings[./java/test/jmri/jmrix/openlcb/swing/monitor/PackageTest.java]" classname="jmri.util.FileLineEndingsTest" time="0.001"/>
  <testcase name="lineEndings[./java/test/jmri/jmrix/openlcb/swing/networktree/TreePaneDemo.java]" classname="jmri.util.FileLineEndingsTest" time="0.001"/>
  <testcase name="lineEndings[./java/test/jmri/jmrix/openlcb/swing/networktree/NetworkTreeActionTest.java]" classname="jmri.util.FileLineEndingsTest" time="0"/>
  <testcase name="lineEndings[./java/test/jmri/jmrix/openlcb/swing/networktree/NetworkTreePaneTest.java]" classname="jmri.util.FileLineEndingsTest" time="0.001"/>
  <testcase name="lineEndings[./java/test/jmri/jmrix/openlcb/swing/networktree/CdiPanelDemo.java]" classname="jmri.util.FileLineEndingsTest" time="0.001"/>
  <testcase name="lineEndings[./java/test/jmri/jmrix/openlcb/swing/networktree/PackageTest.java]" classname="jmri.util.FileLineEndingsTest" time="0.001"/>
  <testcase name="lineEndings[./java/test/jmri/jmrix/openlcb/swing/downloader/LoaderActionTest.java]" classname="jmri.util.FileLineEndingsTest" time="0.001"/>
  <testcase name="lineEndings[./java/test/jmri/jmrix/openlcb/swing/downloader/PackageTest.java]" classname="jmri.util.FileLineEndingsTest" time="0.001"/>
  <testcase name="lineEndings[./java/test/jmri/jmrix/openlcb/swing/downloader/LoaderPaneTest.java]" classname="jmri.util.FileLineEndingsTest" time="0"/>
  <testcase name="lineEndings[./java/test/jmri/jmrix/openlcb/swing/downloader/BundleTest.java]" classname="jmri.util.FileLineEndingsTest" time="0.001"/>
  <testcase name="lineEndings[./java/test/jmri/jmrix/openlcb/swing/BundleTest.java]" classname="jmri.util.FileLineEndingsTest" time="0.001"/>
  <testcase name="lineEndings[./java/test/jmri/jmrix/openlcb/swing/send/OpenLcbCanSendPaneTest.java]" classname="jmri.util.FileLineEndingsTest" time="0.001"/>
  <testcase name="lineEndings[./java/test/jmri/jmrix/openlcb/swing/send/PackageTest.java]" classname="jmri.util.FileLineEndingsTest" time="0.001"/>
  <testcase name="lineEndings[./java/test/jmri/jmrix/openlcb/swing/send/OpenLcbCanSendActionTest.java]" classname="jmri.util.FileLineEndingsTest" time="0.001"/>
  <testcase name="lineEndings[./java/test/jmri/jmrix/openlcb/swing/PackageTest.java]" classname="jmri.util.FileLineEndingsTest" time="0.001"/>
  <testcase name="lineEndings[./java/test/jmri/jmrix/openlcb/swing/hub/HubActionTest.java]" classname="jmri.util.FileLineEndingsTest" time="0"/>
  <testcase name="lineEndings[./java/test/jmri/jmrix/openlcb/swing/hub/PackageTest.java]" classname="jmri.util.FileLineEndingsTest" time="0.001"/>
  <testcase name="lineEndings[./java/test/jmri/jmrix/openlcb/swing/hub/HubPaneTest.java]" classname="jmri.util.FileLineEndingsTest" time="0.001"/>
  <testcase name="lineEndings[./java/test/jmri/jmrix/openlcb/swing/ClientActionsTest.java]" classname="jmri.util.FileLineEndingsTest" time="0.001"/>
  <testcase name="lineEndings[./java/test/jmri/jmrix/openlcb/swing/OpenLcbComponentFactoryTest.java]" classname="jmri.util.FileLineEndingsTest" time="0.001"/>
  <testcase name="lineEndings[./java/test/jmri/jmrix/openlcb/OlcbConfigurationManagerTest.java]" classname="jmri.util.FileLineEndingsTest" time="0.001"/>
  <testcase name="lineEndings[./java/test/jmri/jmrix/openlcb/configurexml/OlcbSignalMastXmlTest.java]" classname="jmri.util.FileLineEndingsTest" time="0"/>
  <testcase name="lineEndings[./java/test/jmri/jmrix/openlcb/configurexml/OlcbTurnoutManagerXmlTest.java]" classname="jmri.util.FileLineEndingsTest" time="0.001"/>
  <testcase name="lineEndings[./java/test/jmri/jmrix/openlcb/configurexml/OlcbSensorManagerXmlTest.java]" classname="jmri.util.FileLineEndingsTest" time="0.001"/>
  <testcase name="lineEndings[./java/test/jmri/jmrix/openlcb/configurexml/PackageTest.java]" classname="jmri.util.FileLineEndingsTest" time="0.001"/>
  <testcase name="lineEndings[./java/test/jmri/jmrix/openlcb/OlcbConfigurationManagerScaffold.java]" classname="jmri.util.FileLineEndingsTest" time="0.001"/>
  <testcase name="lineEndings[./java/test/jmri/jmrix/openlcb/OlcbSensorTest.java]" classname="jmri.util.FileLineEndingsTest" time="0.001"/>
  <testcase name="lineEndings[./java/test/jmri/jmrix/openlcb/OpenLcbMenuTest.java]" classname="jmri.util.FileLineEndingsTest" time="0.001"/>
  <testcase name="lineEndings[./java/test/jmri/jmrix/openlcb/OlcbAddressTest.java]" classname="jmri.util.FileLineEndingsTest" time="0"/>
  <testcase name="lineEndings[./java/test/jmri/jmrix/openlcb/OlcbTurnoutTest.java]" classname="jmri.util.FileLineEndingsTest" time="0.001"/>
  <testcase name="lineEndings[./java/test/jmri/jmrix/openlcb/BundleTest.java]" classname="jmri.util.FileLineEndingsTest" time="0.001"/>
  <testcase name="lineEndings[./java/test/jmri/jmrix/openlcb/OlcbTestInterface.java]" classname="jmri.util.FileLineEndingsTest" time="0.001"/>
  <testcase name="lineEndings[./java/test/jmri/jmrix/openlcb/OlcbConnectionTypeListTest.java]" classname="jmri.util.FileLineEndingsTest" time="0.001"/>
  <testcase name="lineEndings[./java/test/jmri/jmrix/openlcb/PackageTest.java]" classname="jmri.util.FileLineEndingsTest" time="0.001"/>
  <testcase name="lineEndings[./java/test/jmri/jmrix/openlcb/OlcbThrottleTest.java]" classname="jmri.util.FileLineEndingsTest" time="0.001"/>
  <testcase name="lineEndings[./java/test/jmri/jmrix/openlcb/OlcbThrottleManagerTest.java]" classname="jmri.util.FileLineEndingsTest" time="0.001"/>
  <testcase name="lineEndings[./java/test/jmri/jmrix/openlcb/OlcbTurnoutInheritedTest.java]" classname="jmri.util.FileLineEndingsTest" time="0.001"/>
  <testcase name="lineEndings[./java/test/jmri/jmrix/openlcb/OlcbSensorManagerTest.java]" classname="jmri.util.FileLineEndingsTest" time="0"/>
  <testcase name="lineEndings[./java/test/jmri/jmrix/openlcb/CanConverterTest.java]" classname="jmri.util.FileLineEndingsTest" time="0.001"/>
  <testcase name="lineEndings[./java/test/jmri/jmrix/openlcb/OlcbTurnoutManagerTest.java]" classname="jmri.util.FileLineEndingsTest" time="0.001"/>
  <testcase name="lineEndings[./java/test/jmri/jmrix/openlcb/LinkNodeInventoryTest.java]" classname="jmri.util.FileLineEndingsTest" time="0.001"/>
  <testcase name="lineEndings[./java/test/jmri/jmrix/openlcb/OlcbSignalMastTest.java]" classname="jmri.util.FileLineEndingsTest" time="0.001"/>
  <testcase name="lineEndings[./java/test/jmri/jmrix/openlcb/OlcbConstantsTest.java]" classname="jmri.util.FileLineEndingsTest" time="0.001"/>
  <testcase name="lineEndings[./java/test/jmri/jmrix/openlcb/SampleFactory.java]" classname="jmri.util.FileLineEndingsTest" time="0.001"/>
  <testcase name="lineEndings[./java/test/jmri/jmrix/openlcb/OpenLcbLocoAddressTest.java]" classname="jmri.util.FileLineEndingsTest" time="0"/>
  <testcase name="lineEndings[./java/test/jmri/jmrix/openlcb/OlcbSystemConnectionMemoTest.java]" classname="jmri.util.FileLineEndingsTest" time="0.001"/>
  <testcase name="lineEndings[./java/test/jmri/jmrix/openlcb/OlcbUtilsTest.java]" classname="jmri.util.FileLineEndingsTest" time="0.001"/>
  <testcase name="lineEndings[./java/test/jmri/jmrix/openlcb/OlcbProgrammerTest.java]" classname="jmri.util.FileLineEndingsTest" time="0.001"/>
  <testcase name="lineEndings[./java/test/jmri/jmrix/ecos/configurexml/EcosTurnoutManagerXmlTest.java]" classname="jmri.util.FileLineEndingsTest" time="0.001"/>
  <testcase name="lineEndings[./java/test/jmri/jmrix/ecos/configurexml/EcosSensorManagerXmlTest.java]" classname="jmri.util.FileLineEndingsTest" time="0.001"/>
  <testcase name="lineEndings[./java/test/jmri/jmrix/ecos/configurexml/EcosReporterManagerXmlTest.java]" classname="jmri.util.FileLineEndingsTest" time="0"/>
  <testcase name="lineEndings[./java/test/jmri/jmrix/ecos/configurexml/PackageTest.java]" classname="jmri.util.FileLineEndingsTest" time="0.001"/>
  <testcase name="lineEndings[./java/test/jmri/jmrix/ecos/configurexml/EcosPreferencesXmlTest.java]" classname="jmri.util.FileLineEndingsTest" time="0.001"/>
  <testcase name="lineEndings[./java/test/jmri/jmrix/ecos/configurexml/EcosLocoAddressManagerXmlTest.java]" classname="jmri.util.FileLineEndingsTest" time="0.001"/>
  <testcase name="lineEndings[./java/test/jmri/jmrix/ecos/networkdriver/configurexml/PackageTest.java]" classname="jmri.util.FileLineEndingsTest" time="0.001"/>
  <testcase name="lineEndings[./java/test/jmri/jmrix/ecos/networkdriver/configurexml/ConnectionConfigXmlTest.java]" classname="jmri.util.FileLineEndingsTest" time="0.001"/>
  <testcase name="lineEndings[./java/test/jmri/jmrix/ecos/networkdriver/PackageTest.java]" classname="jmri.util.FileLineEndingsTest" time="0"/>
  <testcase name="lineEndings[./java/test/jmri/jmrix/ecos/networkdriver/ConnectionConfigTest.java]" classname="jmri.util.FileLineEndingsTest" time="0.001"/>
  <testcase name="lineEndings[./java/test/jmri/jmrix/ecos/networkdriver/NetworkDriverAdapterTest.java]" classname="jmri.util.FileLineEndingsTest" time="0.001"/>
  <testcase name="lineEndings[./java/test/jmri/jmrix/ecos/networkdriver/BundleTest.java]" classname="jmri.util.FileLineEndingsTest" time="0.001"/>
  <testcase name="lineEndings[./java/test/jmri/jmrix/ecos/EcosPreferencesTest.java]" classname="jmri.util.FileLineEndingsTest" time="0.001"/>
  <testcase name="lineEndings[./java/test/jmri/jmrix/ecos/swing/locodatabase/EcosLocoTableActionTest.java]" classname="jmri.util.FileLineEndingsTest" time="0.001"/>
  <testcase name="lineEndings[./java/test/jmri/jmrix/ecos/swing/locodatabase/BundleTest.java]" classname="jmri.util.FileLineEndingsTest" time="0.001"/>
  <testcase name="lineEndings[./java/test/jmri/jmrix/ecos/swing/locodatabase/PackageTest.java]" classname="jmri.util.FileLineEndingsTest" time="0"/>
  <testcase name="lineEndings[./java/test/jmri/jmrix/ecos/swing/locodatabase/EcosLocoTableTabActionTest.java]" classname="jmri.util.FileLineEndingsTest" time="0.001"/>
  <testcase name="lineEndings[./java/test/jmri/jmrix/ecos/swing/preferences/PreferencesPaneTest.java]" classname="jmri.util.FileLineEndingsTest" time="0.001"/>
  <testcase name="lineEndings[./java/test/jmri/jmrix/ecos/swing/preferences/BundleTest.java]" classname="jmri.util.FileLineEndingsTest" time="0.001"/>
  <testcase name="lineEndings[./java/test/jmri/jmrix/ecos/swing/preferences/PreferencesFrameActionTest.java]" classname="jmri.util.FileLineEndingsTest" time="0.001"/>
  <testcase name="lineEndings[./java/test/jmri/jmrix/ecos/swing/preferences/PreferencesFrameTest.java]" classname="jmri.util.FileLineEndingsTest" time="0.001"/>
  <testcase name="lineEndings[./java/test/jmri/jmrix/ecos/swing/preferences/PackageTest.java]" classname="jmri.util.FileLineEndingsTest" time="0"/>
  <testcase name="lineEndings[./java/test/jmri/jmrix/ecos/swing/packetgen/PackageTest.java]" classname="jmri.util.FileLineEndingsTest" time="0.001"/>
  <testcase name="lineEndings[./java/test/jmri/jmrix/ecos/swing/packetgen/BundleTest.java]" classname="jmri.util.FileLineEndingsTest" time="0.001"/>
  <testcase name="lineEndings[./java/test/jmri/jmrix/ecos/swing/packetgen/PacketGenPanelTest.java]" classname="jmri.util.FileLineEndingsTest" time="0.001"/>
  <testcase name="lineEndings[./java/test/jmri/jmrix/ecos/swing/EcosNamedPaneActionTest.java]" classname="jmri.util.FileLineEndingsTest" time="0.001"/>
  <testcase name="lineEndings[./java/test/jmri/jmrix/ecos/swing/statusframe/StatusPanelTest.java]" classname="jmri.util.FileLineEndingsTest" time="0.001"/>
  <testcase name="lineEndings[./java/test/jmri/jmrix/ecos/swing/statusframe/PackageTest.java]" classname="jmri.util.FileLineEndingsTest" time="0.001"/>
  <testcase name="lineEndings[./java/test/jmri/jmrix/ecos/swing/statusframe/BundleTest.java]" classname="jmri.util.FileLineEndingsTest" time="0"/>
  <testcase name="lineEndings[./java/test/jmri/jmrix/ecos/swing/EcosComponentFactoryTest.java]" classname="jmri.util.FileLineEndingsTest" time="0.001"/>
  <testcase name="lineEndings[./java/test/jmri/jmrix/ecos/swing/PackageTest.java]" classname="jmri.util.FileLineEndingsTest" time="0.001"/>
  <testcase name="lineEndings[./java/test/jmri/jmrix/ecos/swing/EcosMenuTest.java]" classname="jmri.util.FileLineEndingsTest" time="0.001"/>
  <testcase name="lineEndings[./java/test/jmri/jmrix/ecos/swing/BundleTest.java]" classname="jmri.util.FileLineEndingsTest" time="0.001"/>
  <testcase name="lineEndings[./java/test/jmri/jmrix/ecos/swing/monitor/PackageTest.java]" classname="jmri.util.FileLineEndingsTest" time="0.001"/>
  <testcase name="lineEndings[./java/test/jmri/jmrix/ecos/swing/monitor/BundleTest.java]" classname="jmri.util.FileLineEndingsTest" time="0"/>
  <testcase name="lineEndings[./java/test/jmri/jmrix/ecos/swing/monitor/EcosMonPaneTest.java]" classname="jmri.util.FileLineEndingsTest" time="0.001"/>
  <testcase name="lineEndings[./java/test/jmri/jmrix/ecos/EcosDccThrottleTest.java]" classname="jmri.util.FileLineEndingsTest" time="0.001"/>
  <testcase name="lineEndings[./java/test/jmri/jmrix/ecos/utilities/AddRosterEntryToEcosTest.java]" classname="jmri.util.FileLineEndingsTest" time="0.001"/>
  <testcase name="lineEndings[./java/test/jmri/jmrix/ecos/utilities/GetEcosObjectNumberTest.java]" classname="jmri.util.FileLineEndingsTest" time="0.001"/>
  <testcase name="lineEndings[./java/test/jmri/jmrix/ecos/utilities/PackageTest.java]" classname="jmri.util.FileLineEndingsTest" time="0.001"/>
  <testcase name="lineEndings[./java/test/jmri/jmrix/ecos/utilities/BundleTest.java]" classname="jmri.util.FileLineEndingsTest" time="0.001"/>
  <testcase name="lineEndings[./java/test/jmri/jmrix/ecos/utilities/RemoveObjectFromEcosTest.java]" classname="jmri.util.FileLineEndingsTest" time="0"/>
  <testcase name="lineEndings[./java/test/jmri/jmrix/ecos/utilities/RosterToEcosTest.java]" classname="jmri.util.FileLineEndingsTest" time="0.001"/>
  <testcase name="lineEndings[./java/test/jmri/jmrix/ecos/utilities/EcosLocoToRosterTest.java]" classname="jmri.util.FileLineEndingsTest" time="0.001"/>
  <testcase name="lineEndings[./java/test/jmri/jmrix/ecos/EcosTurnoutTest.java]" classname="jmri.util.FileLineEndingsTest" time="0.001"/>
  <testcase name="lineEndings[./java/test/jmri/jmrix/ecos/EcosInterfaceScaffold.java]" classname="jmri.util.FileLineEndingsTest" time="0.001"/>
  <testcase name="lineEndings[./java/test/jmri/jmrix/ecos/EcosPowerManagerTest.java]" classname="jmri.util.FileLineEndingsTest" time="0.001"/>
  <testcase name="lineEndings[./java/test/jmri/jmrix/ecos/EcosTurnoutManagerTest.java]" classname="jmri.util.FileLineEndingsTest" time="0"/>
  <testcase name="lineEndings[./java/test/jmri/jmrix/ecos/EcosLocoAddressTest.java]" classname="jmri.util.FileLineEndingsTest" time="0.001"/>
  <testcase name="lineEndings[./java/test/jmri/jmrix/ecos/EcosMessageTest.java]" classname="jmri.util.FileLineEndingsTest" time="0.001"/>
  <testcase name="lineEndings[./java/test/jmri/jmrix/ecos/EcosConnectionTypeListTest.java]" classname="jmri.util.FileLineEndingsTest" time="0.001"/>
  <testcase name="lineEndings[./java/test/jmri/jmrix/ecos/EcosDccThrottleManagerTest.java]" classname="jmri.util.FileLineEndingsTest" time="0.001"/>
  <testcase name="lineEndings[./java/test/jmri/jmrix/ecos/EcosLocoAddressManagerTest.java]" classname="jmri.util.FileLineEndingsTest" time="0.001"/>
  <testcase name="lineEndings[./java/test/jmri/jmrix/ecos/EcosPortControllerTest.java]" classname="jmri.util.FileLineEndingsTest" time="0"/>
  <testcase name="lineEndings[./java/test/jmri/jmrix/ecos/EcosSystemConnectionMemoTest.java]" classname="jmri.util.FileLineEndingsTest" time="0.001"/>
  <testcase name="lineEndings[./java/test/jmri/jmrix/ecos/PackageTest.java]" classname="jmri.util.FileLineEndingsTest" time="0.001"/>
  <testcase name="lineEndings[./java/test/jmri/jmrix/ecos/EcosSensorManagerTest.java]" classname="jmri.util.FileLineEndingsTest" time="0.001"/>
  <testcase name="lineEndings[./java/test/jmri/jmrix/ecos/EcosSensorTest.java]" classname="jmri.util.FileLineEndingsTest" time="0.001"/>
  <testcase name="lineEndings[./java/test/jmri/jmrix/ecos/EcosTrafficControllerTest.java]" classname="jmri.util.FileLineEndingsTest" time="0.001"/>
  <testcase name="lineEndings[./java/test/jmri/jmrix/ecos/BundleTest.java]" classname="jmri.util.FileLineEndingsTest" time="0.001"/>
  <testcase name="lineEndings[./java/test/jmri/jmrix/ecos/EcosReporterTest.java]" classname="jmri.util.FileLineEndingsTest" time="0"/>
  <testcase name="lineEndings[./java/test/jmri/jmrix/ecos/EcosReplyTest.java]" classname="jmri.util.FileLineEndingsTest" time="0.001"/>
  <testcase name="lineEndings[./java/test/jmri/jmrix/ecos/EcosProgrammerManagerTest.java]" classname="jmri.util.FileLineEndingsTest" time="0.001"/>
  <testcase name="lineEndings[./java/test/jmri/jmrix/ecos/EcosProgrammerTest.java]" classname="jmri.util.FileLineEndingsTest" time="0.001"/>
  <testcase name="lineEndings[./java/test/jmri/jmrix/ecos/EcosReporterManagerTest.java]" classname="jmri.util.FileLineEndingsTest" time="0.001"/>
  <testcase name="lineEndings[./java/test/jmri/jmrix/maple/InputBitsTest.java]" classname="jmri.util.FileLineEndingsTest" time="0.001"/>
  <testcase name="lineEndings[./java/test/jmri/jmrix/maple/assignment/BundleTest.java]" classname="jmri.util.FileLineEndingsTest" time="0"/>
  <testcase name="lineEndings[./java/test/jmri/jmrix/maple/assignment/PackageTest.java]" classname="jmri.util.FileLineEndingsTest" time="0.001"/>
  <testcase name="lineEndings[./java/test/jmri/jmrix/maple/assignment/ListFrameTest.java]" classname="jmri.util.FileLineEndingsTest" time="0.001"/>
  <testcase name="lineEndings[./java/test/jmri/jmrix/maple/assignment/ListActionTest.java]" classname="jmri.util.FileLineEndingsTest" time="0.001"/>
  <testcase name="lineEndings[./java/test/jmri/jmrix/maple/packetgen/SerialPacketGenFrameTest.java]" classname="jmri.util.FileLineEndingsTest" time="0.001"/>
  <testcase name="lineEndings[./java/test/jmri/jmrix/maple/packetgen/PackageTest.java]" classname="jmri.util.FileLineEndingsTest" time="0.001"/>
  <testcase name="lineEndings[./java/test/jmri/jmrix/maple/packetgen/SerialPacketGenActionTest.java]" classname="jmri.util.FileLineEndingsTest" time="0"/>
  <testcase name="lineEndings[./java/test/jmri/jmrix/maple/packetgen/BundleTest.java]" classname="jmri.util.FileLineEndingsTest" time="0.001"/>
  <testcase name="lineEndings[./java/test/jmri/jmrix/maple/configurexml/SerialTurnoutManagerXmlTest.java]" classname="jmri.util.FileLineEndingsTest" time="0.001"/>
  <testcase name="lineEndings[./java/test/jmri/jmrix/maple/configurexml/PackageTest.java]" classname="jmri.util.FileLineEndingsTest" time="0.001"/>
  <testcase name="lineEndings[./java/test/jmri/jmrix/maple/configurexml/SerialSensorManagerXmlTest.java]" classname="jmri.util.FileLineEndingsTest" time="0.001"/>
  <testcase name="lineEndings[./java/test/jmri/jmrix/maple/configurexml/SerialLightManagerXmlTest.java]" classname="jmri.util.FileLineEndingsTest" time="0.001"/>
  <testcase name="lineEndings[./java/test/jmri/jmrix/maple/serialdriver/BundleTest.java]" classname="jmri.util.FileLineEndingsTest" time="0"/>
  <testcase name="lineEndings[./java/test/jmri/jmrix/maple/serialdriver/configurexml/PackageTest.java]" classname="jmri.util.FileLineEndingsTest" time="0.001"/>
  <testcase name="lineEndings[./java/test/jmri/jmrix/maple/serialdriver/configurexml/ConnectionConfigXmlTest.java]" classname="jmri.util.FileLineEndingsTest" time="0.001"/>
  <testcase name="lineEndings[./java/test/jmri/jmrix/maple/serialdriver/ConnectionConfigTest.java]" classname="jmri.util.FileLineEndingsTest" time="0.001"/>
  <testcase name="lineEndings[./java/test/jmri/jmrix/maple/serialdriver/SerialDriverAdapterTest.java]" classname="jmri.util.FileLineEndingsTest" time="0.001"/>
  <testcase name="lineEndings[./java/test/jmri/jmrix/maple/serialdriver/PackageTest.java]" classname="jmri.util.FileLineEndingsTest" time="0.001"/>
  <testcase name="lineEndings[./java/test/jmri/jmrix/maple/simulator/BundleTest.java]" classname="jmri.util.FileLineEndingsTest" time="0.001"/>
  <testcase name="lineEndings[./java/test/jmri/jmrix/maple/simulator/ConnectionConfigTest.java]" classname="jmri.util.FileLineEndingsTest" time="0"/>
  <testcase name="lineEndings[./java/test/jmri/jmrix/maple/simulator/configurexml/ConnectionConfigXmlTest.java]" classname="jmri.util.FileLineEndingsTest" time="0.001"/>
  <testcase name="lineEndings[./java/test/jmri/jmrix/maple/simulator/configurexml/PackageTest.java]" classname="jmri.util.FileLineEndingsTest" time="0.001"/>
  <testcase name="lineEndings[./java/test/jmri/jmrix/maple/simulator/SimulatorAdapterTest.java]" classname="jmri.util.FileLineEndingsTest" time="0.001"/>
  <testcase name="lineEndings[./java/test/jmri/jmrix/maple/simulator/PackageTest.java]" classname="jmri.util.FileLineEndingsTest" time="0.001"/>
  <testcase name="lineEndings[./java/test/jmri/jmrix/maple/MapleMenuTest.java]" classname="jmri.util.FileLineEndingsTest" time="0.001"/>
  <testcase name="lineEndings[./java/test/jmri/jmrix/maple/nodeconfig/PackageTest.java]" classname="jmri.util.FileLineEndingsTest" time="0.001"/>
  <testcase name="lineEndings[./java/test/jmri/jmrix/maple/nodeconfig/BundleTest.java]" classname="jmri.util.FileLineEndingsTest" time="0"/>
  <testcase name="lineEndings[./java/test/jmri/jmrix/maple/nodeconfig/NodeConfigFrameTest.java]" classname="jmri.util.FileLineEndingsTest" time="0.001"/>
  <testcase name="lineEndings[./java/test/jmri/jmrix/maple/nodeconfig/NodeConfigActionTest.java]" classname="jmri.util.FileLineEndingsTest" time="0.001"/>
  <testcase name="lineEndings[./java/test/jmri/jmrix/maple/swing/PackageTest.java]" classname="jmri.util.FileLineEndingsTest" time="0.001"/>
  <testcase name="lineEndings[./java/test/jmri/jmrix/maple/swing/MapleComponentFactoryTest.java]" classname="jmri.util.FileLineEndingsTest" time="0.001"/>
  <testcase name="lineEndings[./java/test/jmri/jmrix/maple/serialmon/BundleTest.java]" classname="jmri.util.FileLineEndingsTest" time="0.001"/>
  <testcase name="lineEndings[./java/test/jmri/jmrix/maple/serialmon/SerialMonActionTest.java]" classname="jmri.util.FileLineEndingsTest" time="0"/>
  <testcase name="lineEndings[./java/test/jmri/jmrix/maple/serialmon/SerialMonFrameTest.java]" classname="jmri.util.FileLineEndingsTest" time="0.001"/>
  <testcase name="lineEndings[./java/test/jmri/jmrix/maple/serialmon/PackageTest.java]" classname="jmri.util.FileLineEndingsTest" time="0.001"/>
  <testcase name="lineEndings[./java/test/jmri/jmrix/maple/SerialNodeTest.java]" classname="jmri.util.FileLineEndingsTest" time="0.001"/>
  <testcase name="lineEndings[./java/test/jmri/jmrix/maple/BundleTest.java]" classname="jmri.util.FileLineEndingsTest" time="0.001"/>
  <testcase name="lineEndings[./java/test/jmri/jmrix/maple/OutputBitsTest.java]" classname="jmri.util.FileLineEndingsTest" time="0.001"/>
  <testcase name="lineEndings[./java/test/jmri/jmrix/maple/SerialMessageTest.java]" classname="jmri.util.FileLineEndingsTest" time="0"/>
  <testcase name="lineEndings[./java/test/jmri/jmrix/maple/SerialConnectionTypeListTest.java]" classname="jmri.util.FileLineEndingsTest" time="0.001"/>
  <testcase name="lineEndings[./java/test/jmri/jmrix/maple/SerialTrafficControlScaffold.java]" classname="jmri.util.FileLineEndingsTest" time="0.001"/>
  <testcase name="lineEndings[./java/test/jmri/jmrix/maple/PackageTest.java]" classname="jmri.util.FileLineEndingsTest" time="0.001"/>
  <testcase name="lineEndings[./java/test/jmri/jmrix/maple/SerialTrafficControllerTest.java]" classname="jmri.util.FileLineEndingsTest" time="0.001"/>
  <testcase name="lineEndings[./java/test/jmri/jmrix/maple/SerialTurnoutTest.java]" classname="jmri.util.FileLineEndingsTest" time="0.001"/>
  <testcase name="lineEndings[./java/test/jmri/jmrix/maple/SerialLightTest.java]" classname="jmri.util.FileLineEndingsTest" time="0.001"/>
  <testcase name="lineEndings[./java/test/jmri/jmrix/maple/SerialPortControllerTest.java]" classname="jmri.util.FileLineEndingsTest" time="0"/>
  <testcase name="lineEndings[./java/test/jmri/jmrix/maple/SerialTurnoutManagerTest.java]" classname="jmri.util.FileLineEndingsTest" time="0.001"/>
  <testcase name="lineEndings[./java/test/jmri/jmrix/maple/MapleSystemConnectionMemoTest.java]" classname="jmri.util.FileLineEndingsTest" time="0.001"/>
  <testcase name="lineEndings[./java/test/jmri/jmrix/maple/SerialSensorManagerTest.java]" classname="jmri.util.FileLineEndingsTest" time="0.001"/>
  <testcase name="lineEndings[./java/test/jmri/jmrix/maple/SerialSensorTest.java]" classname="jmri.util.FileLineEndingsTest" time="0.001"/>
  <testcase name="lineEndings[./java/test/jmri/jmrix/maple/SerialAddressTest.java]" classname="jmri.util.FileLineEndingsTest" time="0.001"/>
  <testcase name="lineEndings[./java/test/jmri/jmrix/maple/SerialLightManagerTest.java]" classname="jmri.util.FileLineEndingsTest" time="0"/>
  <testcase name="lineEndings[./java/test/jmri/jmrix/maple/SerialReplyTest.java]" classname="jmri.util.FileLineEndingsTest" time="0.001"/>
  <testcase name="lineEndings[./java/test/jmri/jmrix/ncemonitor/NcePacketMonitorPanelTest.java]" classname="jmri.util.FileLineEndingsTest" time="0.001"/>
  <testcase name="lineEndings[./java/test/jmri/jmrix/ncemonitor/PackageTest.java]" classname="jmri.util.FileLineEndingsTest" time="0.001"/>
  <testcase name="lineEndings[./java/test/jmri/jmrix/AbstractPortControllerTestBase.java]" classname="jmri.util.FileLineEndingsTest" time="0.001"/>
  <testcase name="lineEndings[./java/test/jmri/jmrix/cmri/serial/sim/PackageTest.java]" classname="jmri.util.FileLineEndingsTest" time="0.001"/>
  <testcase name="lineEndings[./java/test/jmri/jmrix/cmri/serial/sim/ConnectionConfigTest.java]" classname="jmri.util.FileLineEndingsTest" time="0"/>
  <testcase name="lineEndings[./java/test/jmri/jmrix/cmri/serial/sim/configurexml/ConnectionConfigXmlTest.java]" classname="jmri.util.FileLineEndingsTest" time="0.001"/>
  <testcase name="lineEndings[./java/test/jmri/jmrix/cmri/serial/sim/configurexml/PackageTest.java]" classname="jmri.util.FileLineEndingsTest" time="0.001"/>
  <testcase name="lineEndings[./java/test/jmri/jmrix/cmri/serial/sim/BundleTest.java]" classname="jmri.util.FileLineEndingsTest" time="0.001"/>
  <testcase name="lineEndings[./java/test/jmri/jmrix/cmri/serial/sim/SimDriverAdapterTest.java]" classname="jmri.util.FileLineEndingsTest" time="0.001"/>
  <testcase name="lineEndings[./java/test/jmri/jmrix/cmri/serial/assignment/BundleTest.java]" classname="jmri.util.FileLineEndingsTest" time="0.001"/>
  <testcase name="lineEndings[./java/test/jmri/jmrix/cmri/serial/assignment/ListFrameTest.java]" classname="jmri.util.FileLineEndingsTest" time="0.001"/>
  <testcase name="lineEndings[./java/test/jmri/jmrix/cmri/serial/assignment/ListActionTest.java]" classname="jmri.util.FileLineEndingsTest" time="0"/>
  <testcase name="lineEndings[./java/test/jmri/jmrix/cmri/serial/assignment/PackageTest.java]" classname="jmri.util.FileLineEndingsTest" time="0.001"/>
  <testcase name="lineEndings[./java/test/jmri/jmrix/cmri/serial/SerialLightTest.java]" classname="jmri.util.FileLineEndingsTest" time="0.001"/>
  <testcase name="lineEndings[./java/test/jmri/jmrix/cmri/serial/nodeconfig/BundleTest.java]" classname="jmri.util.FileLineEndingsTest" time="0.001"/>
  <testcase name="lineEndings[./java/test/jmri/jmrix/cmri/serial/nodeconfig/NodeConfigActionTest.java]" classname="jmri.util.FileLineEndingsTest" time="0.001"/>
  <testcase name="lineEndings[./java/test/jmri/jmrix/cmri/serial/nodeconfig/NodeConfigFrameTest.java]" classname="jmri.util.FileLineEndingsTest" time="0.001"/>
  <testcase name="lineEndings[./java/test/jmri/jmrix/cmri/serial/nodeconfig/PackageTest.java]" classname="jmri.util.FileLineEndingsTest" time="0"/>
  <testcase name="lineEndings[./java/test/jmri/jmrix/cmri/serial/networkdriver/configurexml/ConnectionConfigXmlTest.java]" classname="jmri.util.FileLineEndingsTest" time="0.001"/>
  <testcase name="lineEndings[./java/test/jmri/jmrix/cmri/serial/networkdriver/configurexml/PackageTest.java]" classname="jmri.util.FileLineEndingsTest" time="0.001"/>
  <testcase name="lineEndings[./java/test/jmri/jmrix/cmri/serial/networkdriver/BundleTest.java]" classname="jmri.util.FileLineEndingsTest" time="0.001"/>
  <testcase name="lineEndings[./java/test/jmri/jmrix/cmri/serial/networkdriver/PackageTest.java]" classname="jmri.util.FileLineEndingsTest" time="0.001"/>
  <testcase name="lineEndings[./java/test/jmri/jmrix/cmri/serial/networkdriver/NetworkDriverAdapterTest.java]" classname="jmri.util.FileLineEndingsTest" time="0.001"/>
  <testcase name="lineEndings[./java/test/jmri/jmrix/cmri/serial/networkdriver/ConnectionConfigTest.java]" classname="jmri.util.FileLineEndingsTest" time="0.001"/>
  <testcase name="lineEndings[./java/test/jmri/jmrix/cmri/serial/cmrinetmetrics/PackageTest.java]" classname="jmri.util.FileLineEndingsTest" time="0"/>
  <testcase name="lineEndings[./java/test/jmri/jmrix/cmri/serial/cmrinetmetrics/CMRInetMetricsDataTest.java]" classname="jmri.util.FileLineEndingsTest" time="0.001"/>
  <testcase name="lineEndings[./java/test/jmri/jmrix/cmri/serial/cmrinetmetrics/CMRInetMetricsCollectorTest.java]" classname="jmri.util.FileLineEndingsTest" time="0.001"/>
  <testcase name="lineEndings[./java/test/jmri/jmrix/cmri/serial/SerialNetworkPortAdapterTest.java]" classname="jmri.util.FileLineEndingsTest" time="0.001"/>
  <testcase name="lineEndings[./java/test/jmri/jmrix/cmri/serial/SerialTrafficControlScaffold.java]" classname="jmri.util.FileLineEndingsTest" time="0.001"/>
  <testcase name="lineEndings[./java/test/jmri/jmrix/cmri/serial/SerialTurnoutManagerTest.java]" classname="jmri.util.FileLineEndingsTest" time="0.001"/>
  <testcase name="lineEndings[./java/test/jmri/jmrix/cmri/serial/serialdriver/PackageTest.java]" classname="jmri.util.FileLineEndingsTest" time="0.001"/>
  <testcase name="lineEndings[./java/test/jmri/jmrix/cmri/serial/serialdriver/configurexml/ConnectionConfigXmlTest.java]" classname="jmri.util.FileLineEndingsTest" time="0"/>
  <testcase name="lineEndings[./java/test/jmri/jmrix/cmri/serial/serialdriver/configurexml/PackageTest.java]" classname="jmri.util.FileLineEndingsTest" time="0.001"/>
  <testcase name="lineEndings[./java/test/jmri/jmrix/cmri/serial/serialdriver/BundleTest.java]" classname="jmri.util.FileLineEndingsTest" time="0.001"/>
  <testcase name="lineEndings[./java/test/jmri/jmrix/cmri/serial/serialdriver/ConnectionConfigTest.java]" classname="jmri.util.FileLineEndingsTest" time="0.001"/>
  <testcase name="lineEndings[./java/test/jmri/jmrix/cmri/serial/serialdriver/SerialDriverAdapterTest.java]" classname="jmri.util.FileLineEndingsTest" time="0.001"/>
  <testcase name="lineEndings[./java/test/jmri/jmrix/cmri/serial/cmrinetmanager/CMRInetMetricsFrameTest.java]" classname="jmri.util.FileLineEndingsTest" time="0.001"/>
  <testcase name="lineEndings[./java/test/jmri/jmrix/cmri/serial/cmrinetmanager/CMRInetMetricsActionTest.java]" classname="jmri.util.FileLineEndingsTest" time="0"/>
  <testcase name="lineEndings[./java/test/jmri/jmrix/cmri/serial/cmrinetmanager/PackageTest.java]" classname="jmri.util.FileLineEndingsTest" time="0"/>
  <testcase name="lineEndings[./java/test/jmri/jmrix/cmri/serial/cmrinetmanager/BundleTest.java]" classname="jmri.util.FileLineEndingsTest" time="0.001"/>
  <testcase name="lineEndings[./java/test/jmri/jmrix/cmri/serial/cmrinetmanager/CMRInetManagerFrameTest.java]" classname="jmri.util.FileLineEndingsTest" time="0.001"/>
  <testcase name="lineEndings[./java/test/jmri/jmrix/cmri/serial/cmrinetmanager/CMRInetManagerActionTest.java]" classname="jmri.util.FileLineEndingsTest" time="0.001"/>
  <testcase name="lineEndings[./java/test/jmri/jmrix/cmri/serial/packetgen/SerialPacketGenFrameTest.java]" classname="jmri.util.FileLineEndingsTest" time="0.001"/>
  <testcase name="lineEndings[./java/test/jmri/jmrix/cmri/serial/packetgen/SerialPacketGenActionTest.java]" classname="jmri.util.FileLineEndingsTest" time="0.001"/>
  <testcase name="lineEndings[./java/test/jmri/jmrix/cmri/serial/packetgen/BundleTest.java]" classname="jmri.util.FileLineEndingsTest" time="0"/>
  <testcase name="lineEndings[./java/test/jmri/jmrix/cmri/serial/packetgen/PackageTest.java]" classname="jmri.util.FileLineEndingsTest" time="0.001"/>
  <testcase name="lineEndings[./java/test/jmri/jmrix/cmri/serial/serialmon/SerialFilterFrameTest.java]" classname="jmri.util.FileLineEndingsTest" time="0.001"/>
  <testcase name="lineEndings[./java/test/jmri/jmrix/cmri/serial/serialmon/SerialMonActionTest.java]" classname="jmri.util.FileLineEndingsTest" time="0.001"/>
  <testcase name="lineEndings[./java/test/jmri/jmrix/cmri/serial/serialmon/SerialMonFrameTest.java]" classname="jmri.util.FileLineEndingsTest" time="0.001"/>
  <testcase name="lineEndings[./java/test/jmri/jmrix/cmri/serial/serialmon/BundleTest.java]" classname="jmri.util.FileLineEndingsTest" time="0.001"/>
  <testcase name="lineEndings[./java/test/jmri/jmrix/cmri/serial/serialmon/SerialFilterActionTest.java]" classname="jmri.util.FileLineEndingsTest" time="0"/>
  <testcase name="lineEndings[./java/test/jmri/jmrix/cmri/serial/serialmon/PackageTest.java]" classname="jmri.util.FileLineEndingsTest" time="0.001"/>
  <testcase name="lineEndings[./java/test/jmri/jmrix/cmri/serial/diagnostic/DiagnosticActionTest.java]" classname="jmri.util.FileLineEndingsTest" time="0.001"/>
  <testcase name="lineEndings[./java/test/jmri/jmrix/cmri/serial/diagnostic/PackageTest.java]" classname="jmri.util.FileLineEndingsTest" time="0.001"/>
  <testcase name="lineEndings[./java/test/jmri/jmrix/cmri/serial/diagnostic/DiagnosticFrameTest.java]" classname="jmri.util.FileLineEndingsTest" time="0.001"/>
  <testcase name="lineEndings[./java/test/jmri/jmrix/cmri/serial/diagnostic/BundleTest.java]" classname="jmri.util.FileLineEndingsTest" time="0.001"/>
  <testcase name="lineEndings[./java/test/jmri/jmrix/cmri/serial/BundleTest.java]" classname="jmri.util.FileLineEndingsTest" time="0.001"/>
  <testcase name="lineEndings[./java/test/jmri/jmrix/cmri/serial/PackageTest.java]" classname="jmri.util.FileLineEndingsTest" time="0"/>
  <testcase name="lineEndings[./java/test/jmri/jmrix/cmri/serial/nodeconfigmanager/BundleTest.java]" classname="jmri.util.FileLineEndingsTest" time="0.001"/>
  <testcase name="lineEndings[./java/test/jmri/jmrix/cmri/serial/nodeconfigmanager/PackageTest.java]" classname="jmri.util.FileLineEndingsTest" time="0.001"/>
  <testcase name="lineEndings[./java/test/jmri/jmrix/cmri/serial/nodeconfigmanager/NodeConfigManagerFrameTest.java]" classname="jmri.util.FileLineEndingsTest" time="0.001"/>
  <testcase name="lineEndings[./java/test/jmri/jmrix/cmri/serial/nodeconfigmanager/NodeConfigManagerActionTest.java]" classname="jmri.util.FileLineEndingsTest" time="0.003"/>
  <testcase name="lineEndings[./java/test/jmri/jmrix/cmri/serial/SerialTrafficControllerTest.java]" classname="jmri.util.FileLineEndingsTest" time="0.001"/>
  <testcase name="lineEndings[./java/test/jmri/jmrix/cmri/serial/SerialSensorTest.java]" classname="jmri.util.FileLineEndingsTest" time="0.002"/>
  <testcase name="lineEndings[./java/test/jmri/jmrix/cmri/serial/SerialReplyTest.java]" classname="jmri.util.FileLineEndingsTest" time="0"/>
  <testcase name="lineEndings[./java/test/jmri/jmrix/cmri/serial/nodeiolist/NodeIOListFrameTest.java]" classname="jmri.util.FileLineEndingsTest" time="0.001"/>
  <testcase name="lineEndings[./java/test/jmri/jmrix/cmri/serial/nodeiolist/BundleTest.java]" classname="jmri.util.FileLineEndingsTest" time="0.001"/>
  <testcase name="lineEndings[./java/test/jmri/jmrix/cmri/serial/nodeiolist/NodeIOListActionTest.java]" classname="jmri.util.FileLineEndingsTest" time="0.001"/>
  <testcase name="lineEndings[./java/test/jmri/jmrix/cmri/serial/nodeiolist/PackageTest.java]" classname="jmri.util.FileLineEndingsTest" time="0.001"/>
  <testcase name="lineEndings[./java/test/jmri/jmrix/cmri/serial/configurexml/SerialSensorManagerXmlTest.java]" classname="jmri.util.FileLineEndingsTest" time="0.001"/>
  <testcase name="lineEndings[./java/test/jmri/jmrix/cmri/serial/configurexml/PackageTest.java]" classname="jmri.util.FileLineEndingsTest" time="0.001"/>
  <testcase name="lineEndings[./java/test/jmri/jmrix/cmri/serial/configurexml/SerialTurnoutManagerXmlTest.java]" classname="jmri.util.FileLineEndingsTest" time="0"/>
  <testcase name="lineEndings[./java/test/jmri/jmrix/cmri/serial/configurexml/SerialLightManagerXmlTest.java]" classname="jmri.util.FileLineEndingsTest" time="0.001"/>
  <testcase name="lineEndings[./java/test/jmri/jmrix/cmri/serial/SerialNodeListTest.java]" classname="jmri.util.FileLineEndingsTest" time="0.001"/>
  <testcase name="lineEndings[./java/test/jmri/jmrix/cmri/serial/SerialPortAdapterTest.java]" classname="jmri.util.FileLineEndingsTest" time="0.001"/>
  <testcase name="lineEndings[./java/test/jmri/jmrix/cmri/serial/SerialTurnoutTest.java]" classname="jmri.util.FileLineEndingsTest" time="0.001"/>
  <testcase name="lineEndings[./java/test/jmri/jmrix/cmri/serial/SerialAddressTwoSystemTest.java]" classname="jmri.util.FileLineEndingsTest" time="0.001"/>
  <testcase name="lineEndings[./java/test/jmri/jmrix/cmri/serial/SerialNodeTest.java]" classname="jmri.util.FileLineEndingsTest" time="0.001"/>
  <testcase name="lineEndings[./java/test/jmri/jmrix/cmri/serial/SerialSensorManagerTest.java]" classname="jmri.util.FileLineEndingsTest" time="0.001"/>
  <testcase name="lineEndings[./java/test/jmri/jmrix/cmri/serial/SerialAddressTest.java]" classname="jmri.util.FileLineEndingsTest" time="0.001"/>
  <testcase name="lineEndings[./java/test/jmri/jmrix/cmri/serial/SerialMessageTest.java]" classname="jmri.util.FileLineEndingsTest" time="0"/>
  <testcase name="lineEndings[./java/test/jmri/jmrix/cmri/serial/SerialLightManagerTest.java]" classname="jmri.util.FileLineEndingsTest" time="0.001"/>
  <testcase name="lineEndings[./java/test/jmri/jmrix/cmri/BundleTest.java]" classname="jmri.util.FileLineEndingsTest" time="0.001"/>
  <testcase name="lineEndings[./java/test/jmri/jmrix/cmri/CMRIMenuTest.java]" classname="jmri.util.FileLineEndingsTest" time="0.001"/>
  <testcase name="lineEndings[./java/test/jmri/jmrix/cmri/swing/CMRIComponentFactoryTest.java]" classname="jmri.util.FileLineEndingsTest" time="0.001"/>
  <testcase name="lineEndings[./java/test/jmri/jmrix/cmri/swing/PackageTest.java]" classname="jmri.util.FileLineEndingsTest" time="0.001"/>
  <testcase name="lineEndings[./java/test/jmri/jmrix/cmri/CMRISystemConnectionMemoTest.java]" classname="jmri.util.FileLineEndingsTest" time="0"/>
  <testcase name="lineEndings[./java/test/jmri/jmrix/cmri/CMRIConnectionTypeListTest.java]" classname="jmri.util.FileLineEndingsTest" time="0.001"/>
  <testcase name="lineEndings[./java/test/jmri/jmrix/cmri/PackageTest.java]" classname="jmri.util.FileLineEndingsTest" time="0.001"/>
  <testcase name="lineEndings[./java/test/jmri/jmrix/grapevine/simulator/configurexml/PackageTest.java]" classname="jmri.util.FileLineEndingsTest" time="0.001"/>
  <testcase name="lineEndings[./java/test/jmri/jmrix/grapevine/simulator/configurexml/ConnectionConfigXmlTest.java]" classname="jmri.util.FileLineEndingsTest" time="0.001"/>
  <testcase name="lineEndings[./java/test/jmri/jmrix/grapevine/simulator/ConnectionConfigTest.java]" classname="jmri.util.FileLineEndingsTest" time="0.001"/>
  <testcase name="lineEndings[./java/test/jmri/jmrix/grapevine/simulator/SimulatorAdapterTest.java]" classname="jmri.util.FileLineEndingsTest" time="0"/>
  <testcase name="lineEndings[./java/test/jmri/jmrix/grapevine/simulator/PackageTest.java]" classname="jmri.util.FileLineEndingsTest" time="0"/>
  <testcase name="lineEndings[./java/test/jmri/jmrix/grapevine/simulator/BundleTest.java]" classname="jmri.util.FileLineEndingsTest" time="0.001"/>
  <testcase name="lineEndings[./java/test/jmri/jmrix/grapevine/serialmon/BundleTest.java]" classname="jmri.util.FileLineEndingsTest" time="0.001"/>
  <testcase name="lineEndings[./java/test/jmri/jmrix/grapevine/serialmon/SerialMonFrameTest.java]" classname="jmri.util.FileLineEndingsTest" time="0.001"/>
  <testcase name="lineEndings[./java/test/jmri/jmrix/grapevine/serialmon/PackageTest.java]" classname="jmri.util.FileLineEndingsTest" time="0.001"/>
  <testcase name="lineEndings[./java/test/jmri/jmrix/grapevine/serialmon/SerialMonActionTest.java]" classname="jmri.util.FileLineEndingsTest" time="0.001"/>
  <testcase name="lineEndings[./java/test/jmri/jmrix/grapevine/nodetable/NodeTableActionTest.java]" classname="jmri.util.FileLineEndingsTest" time="0"/>
  <testcase name="lineEndings[./java/test/jmri/jmrix/grapevine/nodetable/BundleTest.java]" classname="jmri.util.FileLineEndingsTest" time="0.001"/>
  <testcase name="lineEndings[./java/test/jmri/jmrix/grapevine/nodetable/NodeTableFrameTest.java]" classname="jmri.util.FileLineEndingsTest" time="0.001"/>
  <testcase name="lineEndings[./java/test/jmri/jmrix/grapevine/nodetable/PackageTest.java]" classname="jmri.util.FileLineEndingsTest" time="0.001"/>
  <testcase name="lineEndings[./java/test/jmri/jmrix/grapevine/nodetable/RenumberFrameTest.java]" classname="jmri.util.FileLineEndingsTest" time="0.001"/>
  <testcase name="lineEndings[./java/test/jmri/jmrix/grapevine/nodetable/NodeTablePaneTest.java]" classname="jmri.util.FileLineEndingsTest" time="0.001"/>
  <testcase name="lineEndings[./java/test/jmri/jmrix/grapevine/SerialLightTest.java]" classname="jmri.util.FileLineEndingsTest" time="0"/>
  <testcase name="lineEndings[./java/test/jmri/jmrix/grapevine/nodeconfig/NodeConfigFrameTest.java]" classname="jmri.util.FileLineEndingsTest" time="0.001"/>
  <testcase name="lineEndings[./java/test/jmri/jmrix/grapevine/nodeconfig/PackageTest.java]" classname="jmri.util.FileLineEndingsTest" time="0.041"/>
  <testcase name="lineEndings[./java/test/jmri/jmrix/grapevine/nodeconfig/BundleTest.java]" classname="jmri.util.FileLineEndingsTest" time="0.001"/>
  <testcase name="lineEndings[./java/test/jmri/jmrix/grapevine/nodeconfig/NodeConfigActionTest.java]" classname="jmri.util.FileLineEndingsTest" time="0"/>
  <testcase name="lineEndings[./java/test/jmri/jmrix/grapevine/configurexml/SerialLightManagerXmlTest.java]" classname="jmri.util.FileLineEndingsTest" time="0.001"/>
  <testcase name="lineEndings[./java/test/jmri/jmrix/grapevine/configurexml/SerialSignalHeadXmlTest.java]" classname="jmri.util.FileLineEndingsTest" time="0.001"/>
  <testcase name="lineEndings[./java/test/jmri/jmrix/grapevine/configurexml/SerialTurnoutManagerXmlTest.java]" classname="jmri.util.FileLineEndingsTest" time="0.001"/>
  <testcase name="lineEndings[./java/test/jmri/jmrix/grapevine/configurexml/SerialSensorManagerXmlTest.java]" classname="jmri.util.FileLineEndingsTest" time="0.001"/>
  <testcase name="lineEndings[./java/test/jmri/jmrix/grapevine/configurexml/PackageTest.java]" classname="jmri.util.FileLineEndingsTest" time="0"/>
  <testcase name="lineEndings[./java/test/jmri/jmrix/grapevine/serialdriver/SerialDriverAdapterTest.java]" classname="jmri.util.FileLineEndingsTest" time="0.001"/>
  <testcase name="lineEndings[./java/test/jmri/jmrix/grapevine/serialdriver/ConnectionConfigTest.java]" classname="jmri.util.FileLineEndingsTest" time="0.001"/>
  <testcase name="lineEndings[./java/test/jmri/jmrix/grapevine/serialdriver/configurexml/ConnectionConfigXmlTest.java]" classname="jmri.util.FileLineEndingsTest" time="0.001"/>
  <testcase name="lineEndings[./java/test/jmri/jmrix/grapevine/serialdriver/configurexml/PackageTest.java]" classname="jmri.util.FileLineEndingsTest" time="0.001"/>
  <testcase name="lineEndings[./java/test/jmri/jmrix/grapevine/serialdriver/PackageTest.java]" classname="jmri.util.FileLineEndingsTest" time="0"/>
  <testcase name="lineEndings[./java/test/jmri/jmrix/grapevine/serialdriver/BundleTest.java]" classname="jmri.util.FileLineEndingsTest" time="0.001"/>
  <testcase name="lineEndings[./java/test/jmri/jmrix/grapevine/PackageTest.java]" classname="jmri.util.FileLineEndingsTest" time="0.001"/>
  <testcase name="lineEndings[./java/test/jmri/jmrix/grapevine/SerialNodeTest.java]" classname="jmri.util.FileLineEndingsTest" time="0.001"/>
  <testcase name="lineEndings[./java/test/jmri/jmrix/grapevine/SerialSensorTest.java]" classname="jmri.util.FileLineEndingsTest" time="0.001"/>
  <testcase name="lineEndings[./java/test/jmri/jmrix/grapevine/swing/GrapevineComponentFactoryTest.java]" classname="jmri.util.FileLineEndingsTest" time="0"/>
  <testcase name="lineEndings[./java/test/jmri/jmrix/grapevine/swing/PackageTest.java]" classname="jmri.util.FileLineEndingsTest" time="0.001"/>
  <testcase name="lineEndings[./java/test/jmri/jmrix/grapevine/packetgen/SerialPacketGenActionTest.java]" classname="jmri.util.FileLineEndingsTest" time="0.001"/>
  <testcase name="lineEndings[./java/test/jmri/jmrix/grapevine/packetgen/PackageTest.java]" classname="jmri.util.FileLineEndingsTest" time="0.001"/>
  <testcase name="lineEndings[./java/test/jmri/jmrix/grapevine/packetgen/BundleTest.java]" classname="jmri.util.FileLineEndingsTest" time="0.001"/>
  <testcase name="lineEndings[./java/test/jmri/jmrix/grapevine/packetgen/SerialPacketGenFrameTest.java]" classname="jmri.util.FileLineEndingsTest" time="0"/>
  <testcase name="lineEndings[./java/test/jmri/jmrix/grapevine/SerialTrafficControllerTest.java]" classname="jmri.util.FileLineEndingsTest" time="0.001"/>
  <testcase name="lineEndings[./java/test/jmri/jmrix/grapevine/SerialTrafficControlScaffold.java]" classname="jmri.util.FileLineEndingsTest" time="0.001"/>
  <testcase name="lineEndings[./java/test/jmri/jmrix/grapevine/SerialTurnoutTest1.java]" classname="jmri.util.FileLineEndingsTest" time="0.001"/>
  <testcase name="lineEndings[./java/test/jmri/jmrix/grapevine/SerialLightManagerTest.java]" classname="jmri.util.FileLineEndingsTest" time="0.001"/>
  <testcase name="lineEndings[./java/test/jmri/jmrix/grapevine/GrapevineMenuTest.java]" classname="jmri.util.FileLineEndingsTest" time="0"/>
  <testcase name="lineEndings[./java/test/jmri/jmrix/grapevine/SerialConnectionTypeListTest.java]" classname="jmri.util.FileLineEndingsTest" time="0.001"/>
  <testcase name="lineEndings[./java/test/jmri/jmrix/grapevine/BundleTest.java]" classname="jmri.util.FileLineEndingsTest" time="0.001"/>
  <testcase name="lineEndings[./java/test/jmri/jmrix/grapevine/SerialTurnoutTest.java]" classname="jmri.util.FileLineEndingsTest" time="0.001"/>
  <testcase name="lineEndings[./java/test/jmri/jmrix/grapevine/SerialReplyTest.java]" classname="jmri.util.FileLineEndingsTest" time="0"/>
  <testcase name="lineEndings[./java/test/jmri/jmrix/grapevine/SerialSignalHeadTest.java]" classname="jmri.util.FileLineEndingsTest" time="0.001"/>
  <testcase name="lineEndings[./java/test/jmri/jmrix/grapevine/GrapevineSystemConnectionMemoTest.java]" classname="jmri.util.FileLineEndingsTest" time="0.001"/>
  <testcase name="lineEndings[./java/test/jmri/jmrix/grapevine/SerialPortControllerTest.java]" classname="jmri.util.FileLineEndingsTest" time="0.001"/>
  <testcase name="lineEndings[./java/test/jmri/jmrix/grapevine/SerialTurnoutTest2.java]" classname="jmri.util.FileLineEndingsTest" time="0"/>
  <testcase name="lineEndings[./java/test/jmri/jmrix/grapevine/SerialMessageTest.java]" classname="jmri.util.FileLineEndingsTest" time="0.001"/>
  <testcase name="lineEndings[./java/test/jmri/jmrix/grapevine/SerialSensorManagerTest.java]" classname="jmri.util.FileLineEndingsTest" time="0.001"/>
  <testcase name="lineEndings[./java/test/jmri/jmrix/grapevine/SerialAddressTest.java]" classname="jmri.util.FileLineEndingsTest" time="0.001"/>
  <testcase name="lineEndings[./java/test/jmri/jmrix/grapevine/SerialTurnoutManagerTest.java]" classname="jmri.util.FileLineEndingsTest" time="0"/>
  <testcase name="lineEndings[./java/test/jmri/jmrix/grapevine/SerialTurnoutTest3.java]" classname="jmri.util.FileLineEndingsTest" time="0.001"/>
  <testcase name="lineEndings[./java/test/jmri/jmrix/powerline/simulator/ConnectionConfigTest.java]" classname="jmri.util.FileLineEndingsTest" time="0.001"/>
  <testcase name="lineEndings[./java/test/jmri/jmrix/powerline/simulator/ConstantsTest.java]" classname="jmri.util.FileLineEndingsTest" time="0.001"/>
  <testcase name="lineEndings[./java/test/jmri/jmrix/powerline/simulator/SpecificSensorManagerTest.java]" classname="jmri.util.FileLineEndingsTest" time="0"/>
  <testcase name="lineEndings[./java/test/jmri/jmrix/powerline/simulator/PackageTest.java]" classname="jmri.util.FileLineEndingsTest" time="0.001"/>
  <testcase name="lineEndings[./java/test/jmri/jmrix/powerline/simulator/SpecificInsteonLightTest.java]" classname="jmri.util.FileLineEndingsTest" time="0.001"/>
  <testcase name="lineEndings[./java/test/jmri/jmrix/powerline/simulator/configurexml/PackageTest.java]" classname="jmri.util.FileLineEndingsTest" time="0.001"/>
  <testcase name="lineEndings[./java/test/jmri/jmrix/powerline/simulator/configurexml/ConnectionConfigXmlTest.java]" classname="jmri.util.FileLineEndingsTest" time="0"/>
  <testcase name="lineEndings[./java/test/jmri/jmrix/powerline/simulator/configurexml/SpecificLightManagerXmlTest.java]" classname="jmri.util.FileLineEndingsTest" time="0.001"/>
  <testcase name="lineEndings[./java/test/jmri/jmrix/powerline/simulator/configurexml/SpecificSensorManagerXmlTest.java]" classname="jmri.util.FileLineEndingsTest" time="0.001"/>
  <testcase name="lineEndings[./java/test/jmri/jmrix/powerline/simulator/SpecificReplyTest.java]" classname="jmri.util.FileLineEndingsTest" time="0.001"/>
  <testcase name="lineEndings[./java/test/jmri/jmrix/powerline/simulator/SpecificX10LightTest.java]" classname="jmri.util.FileLineEndingsTest" time="0"/>
  <testcase name="lineEndings[./java/test/jmri/jmrix/powerline/simulator/SpecificSystemConnectionMemoTest.java]" classname="jmri.util.FileLineEndingsTest" time="0.001"/>
  <testcase name="lineEndings[./java/test/jmri/jmrix/powerline/simulator/SpecificLightManagerTest.java]" classname="jmri.util.FileLineEndingsTest" time="0.001"/>
  <testcase name="lineEndings[./java/test/jmri/jmrix/powerline/simulator/SpecificMessageTest.java]" classname="jmri.util.FileLineEndingsTest" time="0.001"/>
  <testcase name="lineEndings[./java/test/jmri/jmrix/powerline/simulator/SimulatorAdapterTest.java]" classname="jmri.util.FileLineEndingsTest" time="0"/>
  <testcase name="lineEndings[./java/test/jmri/jmrix/powerline/simulator/SpecificTrafficControllerTest.java]" classname="jmri.util.FileLineEndingsTest" time="0.001"/>
  <testcase name="lineEndings[./java/test/jmri/jmrix/powerline/insteon2412s/ConnectionConfigTest.java]" classname="jmri.util.FileLineEndingsTest" time="0.001"/>
  <testcase name="lineEndings[./java/test/jmri/jmrix/powerline/insteon2412s/SpecificMessageTest.java]" classname="jmri.util.FileLineEndingsTest" time="0.001"/>
  <testcase name="lineEndings[./java/test/jmri/jmrix/powerline/insteon2412s/SpecificLightManagerTest.java]" classname="jmri.util.FileLineEndingsTest" time="0"/>
  <testcase name="lineEndings[./java/test/jmri/jmrix/powerline/insteon2412s/SpecificSensorManagerTest.java]" classname="jmri.util.FileLineEndingsTest" time="0.001"/>
  <testcase name="lineEndings[./java/test/jmri/jmrix/powerline/insteon2412s/ConstantsTest.java]" classname="jmri.util.FileLineEndingsTest" time="0.001"/>
  <testcase name="lineEndings[./java/test/jmri/jmrix/powerline/insteon2412s/SpecificTrafficControllerTest.java]" classname="jmri.util.FileLineEndingsTest" time="0.001"/>
  <testcase name="lineEndings[./java/test/jmri/jmrix/powerline/insteon2412s/configurexml/SpecificSensorManagerXmlTest.java]" classname="jmri.util.FileLineEndingsTest" time="0"/>
  <testcase name="lineEndings[./java/test/jmri/jmrix/powerline/insteon2412s/configurexml/ConnectionConfigXmlTest.java]" classname="jmri.util.FileLineEndingsTest" time="0.001"/>
  <testcase name="lineEndings[./java/test/jmri/jmrix/powerline/insteon2412s/configurexml/PackageTest.java]" classname="jmri.util.FileLineEndingsTest" time="0.001"/>
  <testcase name="lineEndings[./java/test/jmri/jmrix/powerline/insteon2412s/configurexml/SpecificLightManagerXmlTest.java]" classname="jmri.util.FileLineEndingsTest" time="0.001"/>
  <testcase name="lineEndings[./java/test/jmri/jmrix/powerline/insteon2412s/PackageTest.java]" classname="jmri.util.FileLineEndingsTest" time="0"/>
  <testcase name="lineEndings[./java/test/jmri/jmrix/powerline/insteon2412s/SpecificX10LightTest.java]" classname="jmri.util.FileLineEndingsTest" time="0.001"/>
  <testcase name="lineEndings[./java/test/jmri/jmrix/powerline/insteon2412s/SpecificInsteonLightTest.java]" classname="jmri.util.FileLineEndingsTest" time="0.001"/>
  <testcase name="lineEndings[./java/test/jmri/jmrix/powerline/insteon2412s/SpecificDriverAdapterTest.java]" classname="jmri.util.FileLineEndingsTest" time="0.001"/>
  <testcase name="lineEndings[./java/test/jmri/jmrix/powerline/insteon2412s/SpecificSystemConnectionMemoTest.java]" classname="jmri.util.FileLineEndingsTest" time="0"/>
  <testcase name="lineEndings[./java/test/jmri/jmrix/powerline/insteon2412s/SpecificReplyTest.java]" classname="jmri.util.FileLineEndingsTest" time="0.001"/>
  <testcase name="lineEndings[./java/test/jmri/jmrix/powerline/configurexml/SerialTurnoutManagerXmlTest.java]" classname="jmri.util.FileLineEndingsTest" time="0.001"/>
  <testcase name="lineEndings[./java/test/jmri/jmrix/powerline/configurexml/SerialSensorManagerXmlTest.java]" classname="jmri.util.FileLineEndingsTest" time="0.001"/>
  <testcase name="lineEndings[./java/test/jmri/jmrix/powerline/configurexml/PackageTest.java]" classname="jmri.util.FileLineEndingsTest" time="0"/>
  <testcase name="lineEndings[./java/test/jmri/jmrix/powerline/configurexml/SerialLightManagerXmlTest.java]" classname="jmri.util.FileLineEndingsTest" time="0.001"/>
  <testcase name="lineEndings[./java/test/jmri/jmrix/powerline/cm11/SpecificReplyTest.java]" classname="jmri.util.FileLineEndingsTest" time="0.001"/>
  <testcase name="lineEndings[./java/test/jmri/jmrix/powerline/cm11/SpecificSensorManagerTest.java]" classname="jmri.util.FileLineEndingsTest" time="0.001"/>
  <testcase name="lineEndings[./java/test/jmri/jmrix/powerline/cm11/ConstantsTest.java]" classname="jmri.util.FileLineEndingsTest" time="0"/>
  <testcase name="lineEndings[./java/test/jmri/jmrix/powerline/cm11/SpecificSystemConnectionMemoTest.java]" classname="jmri.util.FileLineEndingsTest" time="0.001"/>
  <testcase name="lineEndings[./java/test/jmri/jmrix/powerline/cm11/configurexml/SpecificSensorManagerXmlTest.java]" classname="jmri.util.FileLineEndingsTest" time="0.001"/>
  <testcase name="lineEndings[./java/test/jmri/jmrix/powerline/cm11/configurexml/SpecificLightManagerXmlTest.java]" classname="jmri.util.FileLineEndingsTest" time="0.001"/>
  <testcase name="lineEndings[./java/test/jmri/jmrix/powerline/cm11/configurexml/PackageTest.java]" classname="jmri.util.FileLineEndingsTest" time="0"/>
  <testcase name="lineEndings[./java/test/jmri/jmrix/powerline/cm11/configurexml/ConnectionConfigXmlTest.java]" classname="jmri.util.FileLineEndingsTest" time="0.001"/>
  <testcase name="lineEndings[./java/test/jmri/jmrix/powerline/cm11/SpecificTrafficControllerTest.java]" classname="jmri.util.FileLineEndingsTest" time="0.001"/>
  <testcase name="lineEndings[./java/test/jmri/jmrix/powerline/cm11/SpecificLightTest.java]" classname="jmri.util.FileLineEndingsTest" time="0.001"/>
  <testcase name="lineEndings[./java/test/jmri/jmrix/powerline/cm11/ConnectionConfigTest.java]" classname="jmri.util.FileLineEndingsTest" time="0"/>
  <testcase name="lineEndings[./java/test/jmri/jmrix/powerline/cm11/SpecificMessageTest.java]" classname="jmri.util.FileLineEndingsTest" time="0.001"/>
  <testcase name="lineEndings[./java/test/jmri/jmrix/powerline/cm11/SpecificDriverAdapterTest.java]" classname="jmri.util.FileLineEndingsTest" time="0.001"/>
  <testcase name="lineEndings[./java/test/jmri/jmrix/powerline/cm11/SpecificLightManagerTest.java]" classname="jmri.util.FileLineEndingsTest" time="0.001"/>
  <testcase name="lineEndings[./java/test/jmri/jmrix/powerline/cm11/PackageTest.java]" classname="jmri.util.FileLineEndingsTest" time="0"/>
  <testcase name="lineEndings[./java/test/jmri/jmrix/powerline/cp290/configurexml/SpecificLightManagerXmlTest.java]" classname="jmri.util.FileLineEndingsTest" time="0.001"/>
  <testcase name="lineEndings[./java/test/jmri/jmrix/powerline/cp290/configurexml/SpecificSensorManagerXmlTest.java]" classname="jmri.util.FileLineEndingsTest" time="0.001"/>
  <testcase name="lineEndings[./java/test/jmri/jmrix/powerline/cp290/configurexml/PackageTest.java]" classname="jmri.util.FileLineEndingsTest" time="0.001"/>
  <testcase name="lineEndings[./java/test/jmri/jmrix/powerline/cp290/configurexml/ConnectionConfigXmlTest.java]" classname="jmri.util.FileLineEndingsTest" time="0"/>
  <testcase name="lineEndings[./java/test/jmri/jmrix/powerline/cp290/ConstantsTest.java]" classname="jmri.util.FileLineEndingsTest" time="0.001"/>
  <testcase name="lineEndings[./java/test/jmri/jmrix/powerline/cp290/SpecificTrafficControllerTest.java]" classname="jmri.util.FileLineEndingsTest" time="0.001"/>
  <testcase name="lineEndings[./java/test/jmri/jmrix/powerline/cp290/SpecificDriverAdapterTest.java]" classname="jmri.util.FileLineEndingsTest" time="0.001"/>
  <testcase name="lineEndings[./java/test/jmri/jmrix/powerline/cp290/PackageTest.java]" classname="jmri.util.FileLineEndingsTest" time="0"/>
  <testcase name="lineEndings[./java/test/jmri/jmrix/powerline/cp290/ConnectionConfigTest.java]" classname="jmri.util.FileLineEndingsTest" time="0.001"/>
  <testcase name="lineEndings[./java/test/jmri/jmrix/powerline/cp290/SpecificMessageTest.java]" classname="jmri.util.FileLineEndingsTest" time="0.001"/>
  <testcase name="lineEndings[./java/test/jmri/jmrix/powerline/cp290/SpecificReplyTest.java]" classname="jmri.util.FileLineEndingsTest" time="0.001"/>
  <testcase name="lineEndings[./java/test/jmri/jmrix/powerline/cp290/SpecificLightManagerTest.java]" classname="jmri.util.FileLineEndingsTest" time="0"/>
  <testcase name="lineEndings[./java/test/jmri/jmrix/powerline/cp290/SpecificLightTest.java]" classname="jmri.util.FileLineEndingsTest" time="0.001"/>
  <testcase name="lineEndings[./java/test/jmri/jmrix/powerline/cp290/SpecificSensorManagerTest.java]" classname="jmri.util.FileLineEndingsTest" time="0.001"/>
  <testcase name="lineEndings[./java/test/jmri/jmrix/powerline/cp290/SpecificSystemConnectionMemoTest.java]" classname="jmri.util.FileLineEndingsTest" time="0.001"/>
  <testcase name="lineEndings[./java/test/jmri/jmrix/powerline/serialdriver/SerialDriverAdapterTest.java]" classname="jmri.util.FileLineEndingsTest" time="0"/>
  <testcase name="lineEndings[./java/test/jmri/jmrix/powerline/serialdriver/PackageTest.java]" classname="jmri.util.FileLineEndingsTest" time="0.001"/>
  <testcase name="lineEndings[./java/test/jmri/jmrix/powerline/serialdriver/configurexml/PackageTest.java]" classname="jmri.util.FileLineEndingsTest" time="0.001"/>
  <testcase name="lineEndings[./java/test/jmri/jmrix/powerline/serialdriver/configurexml/ConnectionConfigXmlTest.java]" classname="jmri.util.FileLineEndingsTest" time="0.001"/>
  <testcase name="lineEndings[./java/test/jmri/jmrix/powerline/serialdriver/ConnectionConfigTest.java]" classname="jmri.util.FileLineEndingsTest" time="0"/>
  <testcase name="lineEndings[./java/test/jmri/jmrix/powerline/SerialSensorTest.java]" classname="jmri.util.FileLineEndingsTest" time="0.001"/>
  <testcase name="lineEndings[./java/test/jmri/jmrix/powerline/SerialSensorManagerTest.java]" classname="jmri.util.FileLineEndingsTest" time="0.001"/>
  <testcase name="lineEndings[./java/test/jmri/jmrix/powerline/X10SequenceTest.java]" classname="jmri.util.FileLineEndingsTest" time="0.001"/>
  <testcase name="lineEndings[./java/test/jmri/jmrix/powerline/swing/BundleTest.java]" classname="jmri.util.FileLineEndingsTest" time="0"/>
  <testcase name="lineEndings[./java/test/jmri/jmrix/powerline/swing/PowerlineMenuTest.java]" classname="jmri.util.FileLineEndingsTest" time="0.001"/>
  <testcase name="lineEndings[./java/test/jmri/jmrix/powerline/swing/serialmon/SerialMonFrameTest.java]" classname="jmri.util.FileLineEndingsTest" time="0.001"/>
  <testcase name="lineEndings[./java/test/jmri/jmrix/powerline/swing/serialmon/PackageTest.java]" classname="jmri.util.FileLineEndingsTest" time="0.001"/>
  <testcase name="lineEndings[./java/test/jmri/jmrix/powerline/swing/serialmon/SerialMonActionTest.java]" classname="jmri.util.FileLineEndingsTest" time="0"/>
  <testcase name="lineEndings[./java/test/jmri/jmrix/powerline/swing/serialmon/SerialMonPaneTest.java]" classname="jmri.util.FileLineEndingsTest" time="0.001"/>
  <testcase name="lineEndings[./java/test/jmri/jmrix/powerline/swing/PowerlineComponentFactoryTest.java]" classname="jmri.util.FileLineEndingsTest" time="0.001"/>
  <testcase name="lineEndings[./java/test/jmri/jmrix/powerline/swing/PackageTest.java]" classname="jmri.util.FileLineEndingsTest" time="0.001"/>
  <testcase name="lineEndings[./java/test/jmri/jmrix/powerline/swing/packetgen/SerialPacketGenFrameTest.java]" classname="jmri.util.FileLineEndingsTest" time="0"/>
  <testcase name="lineEndings[./java/test/jmri/jmrix/powerline/swing/packetgen/PackageTest.java]" classname="jmri.util.FileLineEndingsTest" time="0.001"/>
  <testcase name="lineEndings[./java/test/jmri/jmrix/powerline/swing/packetgen/SerialPacketGenPaneTest.java]" classname="jmri.util.FileLineEndingsTest" time="0.001"/>
  <testcase name="lineEndings[./java/test/jmri/jmrix/powerline/swing/packetgen/SerialPacketGenActionTest.java]" classname="jmri.util.FileLineEndingsTest" time="0.001"/>
  <testcase name="lineEndings[./java/test/jmri/jmrix/powerline/swing/PowerlineNamedPaneActionTest.java]" classname="jmri.util.FileLineEndingsTest" time="0"/>
  <testcase name="lineEndings[./java/test/jmri/jmrix/powerline/SerialConnectionTypeListTest.java]" classname="jmri.util.FileLineEndingsTest" time="0.001"/>
  <testcase name="lineEndings[./java/test/jmri/jmrix/powerline/PackageTest.java]" classname="jmri.util.FileLineEndingsTest" time="0.001"/>
  <testcase name="lineEndings[./java/test/jmri/jmrix/powerline/BundleTest.java]" classname="jmri.util.FileLineEndingsTest" time="0.001"/>
  <testcase name="lineEndings[./java/test/jmri/jmrix/powerline/SystemMenuTest.java]" classname="jmri.util.FileLineEndingsTest" time="0"/>
  <testcase name="lineEndings[./java/test/jmri/jmrix/powerline/SerialAddressTest.java]" classname="jmri.util.FileLineEndingsTest" time="0.001"/>
  <testcase name="lineEndings[./java/test/jmri/jmrix/powerline/InsteonSequenceTest.java]" classname="jmri.util.FileLineEndingsTest" time="0.001"/>
  <testcase name="lineEndings[./java/test/jmri/jmrix/powerline/SerialTurnoutManagerTest.java]" classname="jmri.util.FileLineEndingsTest" time="0.001"/>
  <testcase name="lineEndings[./java/test/jmri/jmrix/powerline/SerialTrafficControlScaffold.java]" classname="jmri.util.FileLineEndingsTest" time="0"/>
  <testcase name="lineEndings[./java/test/jmri/jmrix/powerline/SerialX10LightTest.java]" classname="jmri.util.FileLineEndingsTest" time="0.001"/>
  <testcase name="lineEndings[./java/test/jmri/jmrix/powerline/SerialPortControllerTest.java]" classname="jmri.util.FileLineEndingsTest" time="0.001"/>
  <testcase name="lineEndings[./java/test/jmri/jmrix/powerline/SerialNodeTest.java]" classname="jmri.util.FileLineEndingsTest" time="0.001"/>
  <testcase name="lineEndings[./java/test/jmri/jmrix/powerline/SerialTurnoutTest.java]" classname="jmri.util.FileLineEndingsTest" time="0"/>
  <testcase name="lineEndings[./java/test/jmri/jmrix/powerline/SerialSystemConnectionMemoTest.java]" classname="jmri.util.FileLineEndingsTest" time="0.001"/>
  <testcase name="lineEndings[./java/test/jmri/jmrix/powerline/SerialTrafficControllerTest.java]" classname="jmri.util.FileLineEndingsTest" time="0.001"/>
  <testcase name="lineEndings[./java/test/jmri/jmrix/rps/rpsmon/RpsMonTest.java]" classname="jmri.util.FileLineEndingsTest" time="0.001"/>
  <testcase name="lineEndings[./java/test/jmri/jmrix/rps/rpsmon/PackageTest.java]" classname="jmri.util.FileLineEndingsTest" time="0"/>
  <testcase name="lineEndings[./java/test/jmri/jmrix/rps/rpsmon/RpsMonActionTest.java]" classname="jmri.util.FileLineEndingsTest" time="0.001"/>
  <testcase name="lineEndings[./java/test/jmri/jmrix/rps/rpsmon/RpsMonFrameTest.java]" classname="jmri.util.FileLineEndingsTest" time="0.001"/>
  <testcase name="lineEndings[./java/test/jmri/jmrix/rps/TransmitterTest.java]" classname="jmri.util.FileLineEndingsTest" time="0.001"/>
  <testcase name="lineEndings[./java/test/jmri/jmrix/rps/serial/configurexml/ConnectionConfigXmlTest.java]" classname="jmri.util.FileLineEndingsTest" time="0"/>
  <testcase name="lineEndings[./java/test/jmri/jmrix/rps/serial/configurexml/PackageTest.java]" classname="jmri.util.FileLineEndingsTest" time="0.001"/>
  <testcase name="lineEndings[./java/test/jmri/jmrix/rps/serial/PackageTest.java]" classname="jmri.util.FileLineEndingsTest" time="0.001"/>
  <testcase name="lineEndings[./java/test/jmri/jmrix/rps/serial/SerialAdapterTest.java]" classname="jmri.util.FileLineEndingsTest" time="0.001"/>
  <testcase name="lineEndings[./java/test/jmri/jmrix/rps/serial/ConnectionConfigTest.java]" classname="jmri.util.FileLineEndingsTest" time="0"/>
  <testcase name="lineEndings[./java/test/jmri/jmrix/rps/swing/debugger/DebuggerActionTest.java]" classname="jmri.util.FileLineEndingsTest" time="0.001"/>
  <testcase name="lineEndings[./java/test/jmri/jmrix/rps/swing/debugger/DebuggerTimePaneTest.java]" classname="jmri.util.FileLineEndingsTest" time="0.001"/>
  <testcase name="lineEndings[./java/test/jmri/jmrix/rps/swing/debugger/PackageTest.java]" classname="jmri.util.FileLineEndingsTest" time="0.001"/>
  <testcase name="lineEndings[./java/test/jmri/jmrix/rps/swing/debugger/DebuggerFrameTest.java]" classname="jmri.util.FileLineEndingsTest" time="0.001"/>
  <testcase name="lineEndings[./java/test/jmri/jmrix/rps/swing/debugger/DebuggerTest.java]" classname="jmri.util.FileLineEndingsTest" time="0"/>
  <testcase name="lineEndings[./java/test/jmri/jmrix/rps/swing/LoadStorePanelTest.java]" classname="jmri.util.FileLineEndingsTest" time="0.001"/>
  <testcase name="lineEndings[./java/test/jmri/jmrix/rps/swing/soundset/SoundSetActionTest.java]" classname="jmri.util.FileLineEndingsTest" time="0.001"/>
  <testcase name="lineEndings[./java/test/jmri/jmrix/rps/swing/soundset/PackageTest.java]" classname="jmri.util.FileLineEndingsTest" time="0.001"/>
  <testcase name="lineEndings[./java/test/jmri/jmrix/rps/swing/soundset/SoundSetFrameTest.java]" classname="jmri.util.FileLineEndingsTest" time="0"/>
  <testcase name="lineEndings[./java/test/jmri/jmrix/rps/swing/soundset/SoundSetPaneTest.java]" classname="jmri.util.FileLineEndingsTest" time="0.001"/>
  <testcase name="lineEndings[./java/test/jmri/jmrix/rps/swing/CsvExportActionTest.java]" classname="jmri.util.FileLineEndingsTest" time="0.001"/>
  <testcase name="lineEndings[./java/test/jmri/jmrix/rps/swing/PackageTest.java]" classname="jmri.util.FileLineEndingsTest" time="0.001"/>
  <testcase name="lineEndings[./java/test/jmri/jmrix/rps/swing/polling/PollTableActionTest.java]" classname="jmri.util.FileLineEndingsTest" time="0"/>
  <testcase name="lineEndings[./java/test/jmri/jmrix/rps/swing/polling/PollTablePaneTest.java]" classname="jmri.util.FileLineEndingsTest" time="0.001"/>
  <testcase name="lineEndings[./java/test/jmri/jmrix/rps/swing/polling/BundleTest.java]" classname="jmri.util.FileLineEndingsTest" time="0.001"/>
  <testcase name="lineEndings[./java/test/jmri/jmrix/rps/swing/polling/PackageTest.java]" classname="jmri.util.FileLineEndingsTest" time="0.001"/>
  <testcase name="lineEndings[./java/test/jmri/jmrix/rps/swing/polling/PollDataModelTest.java]" classname="jmri.util.FileLineEndingsTest" time="0"/>
  <testcase name="lineEndings[./java/test/jmri/jmrix/rps/swing/polling/PollTableFrameTest.java]" classname="jmri.util.FileLineEndingsTest" time="0.001"/>
  <testcase name="lineEndings[./java/test/jmri/jmrix/rps/swing/AffineEntryPanelTest.java]" classname="jmri.util.FileLineEndingsTest" time="0.001"/>
  <testcase name="lineEndings[./java/test/jmri/jmrix/rps/swing/RpsComponentFactoryTest.java]" classname="jmri.util.FileLineEndingsTest" time="0.001"/>
  <testcase name="lineEndings[./java/test/jmri/jmrix/rps/swing/BundleTest.java]" classname="jmri.util.FileLineEndingsTest" time="0"/>
  <testcase name="lineEndings[./java/test/jmri/jmrix/rps/swing/CsvExportMeasurementActionTest.java]" classname="jmri.util.FileLineEndingsTest" time="0.001"/>
  <testcase name="lineEndings[./java/test/jmri/jmrix/rps/DistributorTest.java]" classname="jmri.util.FileLineEndingsTest" time="0.001"/>
  <testcase name="lineEndings[./java/test/jmri/jmrix/rps/trackingpanel/RpsTrackingFrameActionTest.java]" classname="jmri.util.FileLineEndingsTest" time="0.001"/>
  <testcase name="lineEndings[./java/test/jmri/jmrix/rps/trackingpanel/RpsTrackingControlPaneTest.java]" classname="jmri.util.FileLineEndingsTest" time="0"/>
  <testcase name="lineEndings[./java/test/jmri/jmrix/rps/trackingpanel/RpsTrackingPanelTest.java]" classname="jmri.util.FileLineEndingsTest" time="0.001"/>
  <testcase name="lineEndings[./java/test/jmri/jmrix/rps/trackingpanel/RpsTrackingFrameTest.java]" classname="jmri.util.FileLineEndingsTest" time="0.001"/>
  <testcase name="lineEndings[./java/test/jmri/jmrix/rps/trackingpanel/PackageTest.java]" classname="jmri.util.FileLineEndingsTest" time="0.001"/>
  <testcase name="lineEndings[./java/test/jmri/jmrix/rps/RpsMenuTest.java]" classname="jmri.util.FileLineEndingsTest" time="0"/>
  <testcase name="lineEndings[./java/test/jmri/jmrix/rps/BundleTest.java]" classname="jmri.util.FileLineEndingsTest" time="0.001"/>
  <testcase name="lineEndings[./java/test/jmri/jmrix/rps/RpsSystemConnectionMemoTest.java]" classname="jmri.util.FileLineEndingsTest" time="0.001"/>
  <testcase name="lineEndings[./java/test/jmri/jmrix/rps/aligntable/PackageTest.java]" classname="jmri.util.FileLineEndingsTest" time="0.001"/>
  <testcase name="lineEndings[./java/test/jmri/jmrix/rps/aligntable/AlignTablePaneTest.java]" classname="jmri.util.FileLineEndingsTest" time="0"/>
  <testcase name="lineEndings[./java/test/jmri/jmrix/rps/aligntable/AlignTableActionTest.java]" classname="jmri.util.FileLineEndingsTest" time="0.001"/>
  <testcase name="lineEndings[./java/test/jmri/jmrix/rps/aligntable/AlignTableFrameTest.java]" classname="jmri.util.FileLineEndingsTest" time="0.001"/>
  <testcase name="lineEndings[./java/test/jmri/jmrix/rps/Ash2_1AlgorithmTest.java]" classname="jmri.util.FileLineEndingsTest" time="0.001"/>
  <testcase name="lineEndings[./java/test/jmri/jmrix/rps/ReceiverTest.java]" classname="jmri.util.FileLineEndingsTest" time="0"/>
  <testcase name="lineEndings[./java/test/jmri/jmrix/rps/Ash1_1AlgorithmTest.java]" classname="jmri.util.FileLineEndingsTest" time="0.001"/>
  <testcase name="lineEndings[./java/test/jmri/jmrix/rps/algorithms/PackageTest.java]" classname="jmri.util.FileLineEndingsTest" time="0.001"/>
  <testcase name="lineEndings[./java/test/jmri/jmrix/rps/RpsSensorTest.java]" classname="jmri.util.FileLineEndingsTest" time="0"/>
  <testcase name="lineEndings[./java/test/jmri/jmrix/rps/Analytic_AAlgorithmTest.java]" classname="jmri.util.FileLineEndingsTest" time="0.001"/>
  <testcase name="lineEndings[./java/test/jmri/jmrix/rps/RpsConnectionTypeListTest.java]" classname="jmri.util.FileLineEndingsTest" time="0.001"/>
  <testcase name="lineEndings[./java/test/jmri/jmrix/rps/csvinput/CsvTest.java]" classname="jmri.util.FileLineEndingsTest" time="0.001"/>
  <testcase name="lineEndings[./java/test/jmri/jmrix/rps/reversealign/AlignmentPanelTest.java]" classname="jmri.util.FileLineEndingsTest" time="0"/>
  <testcase name="lineEndings[./java/test/jmri/jmrix/rps/reversealign/AlignmentPanelActionTest.java]" classname="jmri.util.FileLineEndingsTest" time="0.001"/>
  <testcase name="lineEndings[./java/test/jmri/jmrix/rps/reversealign/PackageTest.java]" classname="jmri.util.FileLineEndingsTest" time="0.001"/>
  <testcase name="lineEndings[./java/test/jmri/jmrix/rps/ModelTest.java]" classname="jmri.util.FileLineEndingsTest" time="0.001"/>
  <testcase name="lineEndings[./java/test/jmri/jmrix/rps/RegionTest.java]" classname="jmri.util.FileLineEndingsTest" time="0"/>
  <testcase name="lineEndings[./java/test/jmri/jmrix/rps/RpsBlockTest.java]" classname="jmri.util.FileLineEndingsTest" time="0.001"/>
  <testcase name="lineEndings[./java/test/jmri/jmrix/rps/PackageTest.java]" classname="jmri.util.FileLineEndingsTest" time="0.001"/>
  <testcase name="lineEndings[./java/test/jmri/jmrix/rps/EngineTest.java]" classname="jmri.util.FileLineEndingsTest" time="0.001"/>
  <testcase name="lineEndings[./java/test/jmri/jmrix/rps/AlgorithmsTest.java]" classname="jmri.util.FileLineEndingsTest" time="0"/>
  <testcase name="lineEndings[./java/test/jmri/jmrix/rps/Ash2_2AlgorithmTest.java]" classname="jmri.util.FileLineEndingsTest" time="0.001"/>
  <testcase name="lineEndings[./java/test/jmri/jmrix/rps/configurexml/RpsReporterManagerXmlTest.java]" classname="jmri.util.FileLineEndingsTest" time="0.001"/>
  <testcase name="lineEndings[./java/test/jmri/jmrix/rps/configurexml/PackageTest.java]" classname="jmri.util.FileLineEndingsTest" time="0.001"/>
  <testcase name="lineEndings[./java/test/jmri/jmrix/rps/configurexml/RpsSensorManagerXmlTest.java]" classname="jmri.util.FileLineEndingsTest" time="0"/>
  <testcase name="lineEndings[./java/test/jmri/jmrix/rps/AbstractAlgorithmTestBase.java]" classname="jmri.util.FileLineEndingsTest" time="0.001"/>
  <testcase name="lineEndings[./java/test/jmri/jmrix/rps/MeasurementTest.java]" classname="jmri.util.FileLineEndingsTest" time="0.001"/>
  <testcase name="lineEndings[./java/test/jmri/jmrix/rps/RpsPositionIconTest.java]" classname="jmri.util.FileLineEndingsTest" time="0.001"/>
  <testcase name="lineEndings[./java/test/jmri/jmrix/rps/PollingFileTest.java]" classname="jmri.util.FileLineEndingsTest" time="0"/>
  <testcase name="lineEndings[./java/test/jmri/jmrix/rps/RpsSensorManagerTest.java]" classname="jmri.util.FileLineEndingsTest" time="0.001"/>
  <testcase name="lineEndings[./java/test/jmri/jmrix/rps/RpsReporterTest.java]" classname="jmri.util.FileLineEndingsTest" time="0.001"/>
  <testcase name="lineEndings[./java/test/jmri/jmrix/rps/Ash2_0AlgorithmTest.java]" classname="jmri.util.FileLineEndingsTest" time="0.001"/>
  <testcase name="lineEndings[./java/test/jmri/jmrix/rps/InitialAlgorithmTest.java]" classname="jmri.util.FileLineEndingsTest" time="0"/>
  <testcase name="lineEndings[./java/test/jmri/jmrix/rps/RpsReporterManagerTest.java]" classname="jmri.util.FileLineEndingsTest" time="0.001"/>
  <testcase name="lineEndings[./java/test/jmri/jmrix/rps/ReadingTest.java]" classname="jmri.util.FileLineEndingsTest" time="0.001"/>
  <testcase name="lineEndings[./java/test/jmri/jmrix/rps/Ash1_0AlgorithmTest.java]" classname="jmri.util.FileLineEndingsTest" time="0"/>
  <testcase name="lineEndings[./java/test/jmri/jmrix/rps/PositionFileTest.java]" classname="jmri.util.FileLineEndingsTest" time="0"/>
  <testcase name="lineEndings[./java/test/jmri/jmrix/ieee802154/swing/IEEE802154ComponentFactoryTest.java]" classname="jmri.util.FileLineEndingsTest" time="0.001"/>
  <testcase name="lineEndings[./java/test/jmri/jmrix/ieee802154/swing/mon/IEEE802154MonFrameTest.java]" classname="jmri.util.FileLineEndingsTest" time="0.001"/>
  <testcase name="lineEndings[./java/test/jmri/jmrix/ieee802154/swing/mon/BundleTest.java]" classname="jmri.util.FileLineEndingsTest" time="0.001"/>
  <testcase name="lineEndings[./java/test/jmri/jmrix/ieee802154/swing/mon/IEEE802154MonActionTest.java]" classname="jmri.util.FileLineEndingsTest" time="0"/>
  <testcase name="lineEndings[./java/test/jmri/jmrix/ieee802154/swing/mon/PackageTest.java]" classname="jmri.util.FileLineEndingsTest" time="0.001"/>
  <testcase name="lineEndings[./java/test/jmri/jmrix/ieee802154/swing/nodeconfig/NodeConfigActionTest.java]" classname="jmri.util.FileLineEndingsTest" time="0.001"/>
  <testcase name="lineEndings[./java/test/jmri/jmrix/ieee802154/swing/nodeconfig/PackageTest.java]" classname="jmri.util.FileLineEndingsTest" time="0.001"/>
  <testcase name="lineEndings[./java/test/jmri/jmrix/ieee802154/swing/nodeconfig/NodeConfigFrameTest.java]" classname="jmri.util.FileLineEndingsTest" time="0"/>
  <testcase name="lineEndings[./java/test/jmri/jmrix/ieee802154/swing/nodeconfig/AddNodeFrameTest.java]" classname="jmri.util.FileLineEndingsTest" time="0.001"/>
  <testcase name="lineEndings[./java/test/jmri/jmrix/ieee802154/swing/nodeconfig/BundleTest.java]" classname="jmri.util.FileLineEndingsTest" time="0.001"/>
  <testcase name="lineEndings[./java/test/jmri/jmrix/ieee802154/swing/nodeconfig/EditNodeFrameTest.java]" classname="jmri.util.FileLineEndingsTest" time="0.001"/>
  <testcase name="lineEndings[./java/test/jmri/jmrix/ieee802154/swing/PackageTest.java]" classname="jmri.util.FileLineEndingsTest" time="0"/>
  <testcase name="lineEndings[./java/test/jmri/jmrix/ieee802154/swing/packetgen/PackageTest.java]" classname="jmri.util.FileLineEndingsTest" time="0.001"/>
  <testcase name="lineEndings[./java/test/jmri/jmrix/ieee802154/swing/packetgen/BundleTest.java]" classname="jmri.util.FileLineEndingsTest" time="0.001"/>
  <testcase name="lineEndings[./java/test/jmri/jmrix/ieee802154/swing/packetgen/PacketGenFrameTest.java]" classname="jmri.util.FileLineEndingsTest" time="0.001"/>
  <testcase name="lineEndings[./java/test/jmri/jmrix/ieee802154/swing/packetgen/PacketGenActionTest.java]" classname="jmri.util.FileLineEndingsTest" time="0"/>
  <testcase name="lineEndings[./java/test/jmri/jmrix/ieee802154/swing/IEEE802154MenuTest.java]" classname="jmri.util.FileLineEndingsTest" time="0.001"/>
  <testcase name="lineEndings[./java/test/jmri/jmrix/ieee802154/swing/BundleTest.java]" classname="jmri.util.FileLineEndingsTest" time="0.001"/>
  <testcase name="lineEndings[./java/test/jmri/jmrix/ieee802154/xbee/swing/nodeconfig/BundleTest.java]" classname="jmri.util.FileLineEndingsTest" time="0.001"/>
  <testcase name="lineEndings[./java/test/jmri/jmrix/ieee802154/xbee/swing/nodeconfig/XBeeAddNodeFrameTest.java]" classname="jmri.util.FileLineEndingsTest" time="0"/>
  <testcase name="lineEndings[./java/test/jmri/jmrix/ieee802154/xbee/swing/nodeconfig/XBeeNodeConfigActionTest.java]" classname="jmri.util.FileLineEndingsTest" time="0.001"/>
  <testcase name="lineEndings[./java/test/jmri/jmrix/ieee802154/xbee/swing/nodeconfig/PackageTest.java]" classname="jmri.util.FileLineEndingsTest" time="0.001"/>
  <testcase name="lineEndings[./java/test/jmri/jmrix/ieee802154/xbee/swing/nodeconfig/XBeeNodeConfigFrameTest.java]" classname="jmri.util.FileLineEndingsTest" time="0.001"/>
  <testcase name="lineEndings[./java/test/jmri/jmrix/ieee802154/xbee/swing/nodeconfig/AssignmentTableModelTest.java]" classname="jmri.util.FileLineEndingsTest" time="0"/>
  <testcase name="lineEndings[./java/test/jmri/jmrix/ieee802154/xbee/swing/nodeconfig/XBeeEditNodeFrameTest.java]" classname="jmri.util.FileLineEndingsTest" time="0.001"/>
  <testcase name="lineEndings[./java/test/jmri/jmrix/ieee802154/xbee/swing/PackageTest.java]" classname="jmri.util.FileLineEndingsTest" time="0.001"/>
  <testcase name="lineEndings[./java/test/jmri/jmrix/ieee802154/xbee/swing/packetgen/PacketGenActionTest.java]" classname="jmri.util.FileLineEndingsTest" time="0.001"/>
  <testcase name="lineEndings[./java/test/jmri/jmrix/ieee802154/xbee/swing/packetgen/PacketGenFrameTest.java]" classname="jmri.util.FileLineEndingsTest" time="0"/>
  <testcase name="lineEndings[./java/test/jmri/jmrix/ieee802154/xbee/swing/packetgen/PackageTest.java]" classname="jmri.util.FileLineEndingsTest" time="0.001"/>
  <testcase name="lineEndings[./java/test/jmri/jmrix/ieee802154/xbee/swing/packetgen/BundleTest.java]" classname="jmri.util.FileLineEndingsTest" time="0.001"/>
  <testcase name="lineEndings[./java/test/jmri/jmrix/ieee802154/xbee/swing/XBeeComponentFactoryTest.java]" classname="jmri.util.FileLineEndingsTest" time="0.001"/>
  <testcase name="lineEndings[./java/test/jmri/jmrix/ieee802154/xbee/swing/BundleTest.java]" classname="jmri.util.FileLineEndingsTest" time="0"/>
  <testcase name="lineEndings[./java/test/jmri/jmrix/ieee802154/xbee/swing/XBeeMenuTest.java]" classname="jmri.util.FileLineEndingsTest" time="0.001"/>
  <testcase name="lineEndings[./java/test/jmri/jmrix/ieee802154/xbee/XBeeLightTest.java]" classname="jmri.util.FileLineEndingsTest" time="0.001"/>
  <testcase name="lineEndings[./java/test/jmri/jmrix/ieee802154/xbee/configurexml/ConnectionConfigXmlTest.java]" classname="jmri.util.FileLineEndingsTest" time="0.001"/>
  <testcase name="lineEndings[./java/test/jmri/jmrix/ieee802154/xbee/configurexml/XBeeTurnoutManagerXmlTest.java]" classname="jmri.util.FileLineEndingsTest" time="0"/>
  <testcase name="lineEndings[./java/test/jmri/jmrix/ieee802154/xbee/configurexml/XBeeSensorManagerXmlTest.java]" classname="jmri.util.FileLineEndingsTest" time="0.001"/>
  <testcase name="lineEndings[./java/test/jmri/jmrix/ieee802154/xbee/configurexml/PackageTest.java]" classname="jmri.util.FileLineEndingsTest" time="0.001"/>
  <testcase name="lineEndings[./java/test/jmri/jmrix/ieee802154/xbee/configurexml/XBeeLightManagerXmlTest.java]" classname="jmri.util.FileLineEndingsTest" time="0.001"/>
  <testcase name="lineEndings[./java/test/jmri/jmrix/ieee802154/xbee/BundleTest.java]" classname="jmri.util.FileLineEndingsTest" time="0"/>
  <testcase name="lineEndings[./java/test/jmri/jmrix/ieee802154/xbee/XBeeMessageTest.java]" classname="jmri.util.FileLineEndingsTest" time="0.001"/>
  <testcase name="lineEndings[./java/test/jmri/jmrix/ieee802154/xbee/XBeeTrafficControllerTest.java]" classname="jmri.util.FileLineEndingsTest" time="0.001"/>
  <testcase name="lineEndings[./java/test/jmri/jmrix/ieee802154/xbee/PackageTest.java]" classname="jmri.util.FileLineEndingsTest" time="0.001"/>
  <testcase name="lineEndings[./java/test/jmri/jmrix/ieee802154/xbee/ConnectionConfigTest.java]" classname="jmri.util.FileLineEndingsTest" time="0"/>
  <testcase name="lineEndings[./java/test/jmri/jmrix/ieee802154/xbee/XBeeAdapterTest.java]" classname="jmri.util.FileLineEndingsTest" time="0.001"/>
  <testcase name="lineEndings[./java/test/jmri/jmrix/ieee802154/xbee/XBeeReplyTest.java]" classname="jmri.util.FileLineEndingsTest" time="0.001"/>
  <testcase name="lineEndings[./java/test/jmri/jmrix/ieee802154/xbee/XBeeIOStreamTest.java]" classname="jmri.util.FileLineEndingsTest" time="0.001"/>
  <testcase name="lineEndings[./java/test/jmri/jmrix/ieee802154/xbee/XBeeLightManagerTest.java]" classname="jmri.util.FileLineEndingsTest" time="0"/>
  <testcase name="lineEndings[./java/test/jmri/jmrix/ieee802154/xbee/XBeeSensorManagerTest.java]" classname="jmri.util.FileLineEndingsTest" time="0.001"/>
  <testcase name="lineEndings[./java/test/jmri/jmrix/ieee802154/xbee/XBeeSensorTest.java]" classname="jmri.util.FileLineEndingsTest" time="0.001"/>
  <testcase name="lineEndings[./java/test/jmri/jmrix/ieee802154/xbee/XBeeNodeTest.java]" classname="jmri.util.FileLineEndingsTest" time="0.001"/>
  <testcase name="lineEndings[./java/test/jmri/jmrix/ieee802154/xbee/XBeeInterfaceScaffold.java]" classname="jmri.util.FileLineEndingsTest" time="0"/>
  <testcase name="lineEndings[./java/test/jmri/jmrix/ieee802154/xbee/XBeeTurnoutManagerTest.java]" classname="jmri.util.FileLineEndingsTest" time="0.001"/>
  <testcase name="lineEndings[./java/test/jmri/jmrix/ieee802154/xbee/XBeeNodeManagerTest.java]" classname="jmri.util.FileLineEndingsTest" time="0.001"/>
  <testcase name="lineEndings[./java/test/jmri/jmrix/ieee802154/xbee/XBeeConnectionMemoTest.java]" classname="jmri.util.FileLineEndingsTest" time="0.001"/>
  <testcase name="lineEndings[./java/test/jmri/jmrix/ieee802154/xbee/XBeeTurnoutTest.java]" classname="jmri.util.FileLineEndingsTest" time="0"/>
  <testcase name="lineEndings[./java/test/jmri/jmrix/ieee802154/IEEE802154NodeTest.java]" classname="jmri.util.FileLineEndingsTest" time="0.001"/>
  <testcase name="lineEndings[./java/test/jmri/jmrix/ieee802154/IEEE802154MessageTest.java]" classname="jmri.util.FileLineEndingsTest" time="0.001"/>
  <testcase name="lineEndings[./java/test/jmri/jmrix/ieee802154/serialdriver/ConnectionConfigTest.java]" classname="jmri.util.FileLineEndingsTest" time="0.001"/>
  <testcase name="lineEndings[./java/test/jmri/jmrix/ieee802154/serialdriver/configurexml/PackageTest.java]" classname="jmri.util.FileLineEndingsTest" time="0"/>
  <testcase name="lineEndings[./java/test/jmri/jmrix/ieee802154/serialdriver/configurexml/ConnectionConfigXmlTest.java]" classname="jmri.util.FileLineEndingsTest" time="0.001"/>
  <testcase name="lineEndings[./java/test/jmri/jmrix/ieee802154/serialdriver/SerialSystemConnectionMemoTest.java]" classname="jmri.util.FileLineEndingsTest" time="0.001"/>
  <testcase name="lineEndings[./java/test/jmri/jmrix/ieee802154/serialdriver/PackageTest.java]" classname="jmri.util.FileLineEndingsTest" time="0.001"/>
  <testcase name="lineEndings[./java/test/jmri/jmrix/ieee802154/serialdriver/SerialTrafficControllerTest.java]" classname="jmri.util.FileLineEndingsTest" time="0"/>
  <testcase name="lineEndings[./java/test/jmri/jmrix/ieee802154/serialdriver/SerialNodeTest.java]" classname="jmri.util.FileLineEndingsTest" time="0.001"/>
  <testcase name="lineEndings[./java/test/jmri/jmrix/ieee802154/serialdriver/SerialDriverAdapterTest.java]" classname="jmri.util.FileLineEndingsTest" time="0.001"/>
  <testcase name="lineEndings[./java/test/jmri/jmrix/ieee802154/IEEE802154PortControllerTest.java]" classname="jmri.util.FileLineEndingsTest" time="0.001"/>
  <testcase name="lineEndings[./java/test/jmri/jmrix/ieee802154/IEEE802154ReplyTest.java]" classname="jmri.util.FileLineEndingsTest" time="0"/>
  <testcase name="lineEndings[./java/test/jmri/jmrix/ieee802154/SerialConnectionTypeListTest.java]" classname="jmri.util.FileLineEndingsTest" time="0.001"/>
  <testcase name="lineEndings[./java/test/jmri/jmrix/ieee802154/PackageTest.java]" classname="jmri.util.FileLineEndingsTest" time="0.001"/>
  <testcase name="lineEndings[./java/test/jmri/jmrix/ieee802154/BundleTest.java]" classname="jmri.util.FileLineEndingsTest" time="0.001"/>
  <testcase name="lineEndings[./java/test/jmri/jmrix/ieee802154/IEEE802154TrafficControllerTest.java]" classname="jmri.util.FileLineEndingsTest" time="0"/>
  <testcase name="lineEndings[./java/test/jmri/jmrix/ieee802154/IEEE802154SystemConnectionMemoTest.java]" classname="jmri.util.FileLineEndingsTest" time="0.001"/>
  <testcase name="lineEndings[./java/test/jmri/jmrix/lenz/swing/liusb/LIUSBConfigFrameTest.java]" classname="jmri.util.FileLineEndingsTest" time="0.001"/>
  <testcase name="lineEndings[./java/test/jmri/jmrix/lenz/swing/liusb/BundleTest.java]" classname="jmri.util.FileLineEndingsTest" time="0.001"/>
  <testcase name="lineEndings[./java/test/jmri/jmrix/lenz/swing/liusb/PackageTest.java]" classname="jmri.util.FileLineEndingsTest" time="0"/>
  <testcase name="lineEndings[./java/test/jmri/jmrix/lenz/swing/liusb/LIUSBConfigActionTest.java]" classname="jmri.util.FileLineEndingsTest" time="0.001"/>
  <testcase name="lineEndings[./java/test/jmri/jmrix/lenz/swing/systeminfo/SystemInfoFrameTest.java]" classname="jmri.util.FileLineEndingsTest" time="0.001"/>
  <testcase name="lineEndings[./java/test/jmri/jmrix/lenz/swing/systeminfo/SystemInfoActionTest.java]" classname="jmri.util.FileLineEndingsTest" time="0.001"/>
  <testcase name="lineEndings[./java/test/jmri/jmrix/lenz/swing/systeminfo/PackageTest.java]" classname="jmri.util.FileLineEndingsTest" time="0"/>
  <testcase name="lineEndings[./java/test/jmri/jmrix/lenz/swing/systeminfo/BundleTest.java]" classname="jmri.util.FileLineEndingsTest" time="0.001"/>
  <testcase name="lineEndings[./java/test/jmri/jmrix/lenz/swing/li101/LI101FrameTest.java]" classname="jmri.util.FileLineEndingsTest" time="0.001"/>
  <testcase name="lineEndings[./java/test/jmri/jmrix/lenz/swing/li101/PackageTest.java]" classname="jmri.util.FileLineEndingsTest" time="0.001"/>
  <testcase name="lineEndings[./java/test/jmri/jmrix/lenz/swing/li101/LI101ActionTest.java]" classname="jmri.util.FileLineEndingsTest" time="0"/>
  <testcase name="lineEndings[./java/test/jmri/jmrix/lenz/swing/li101/BundleTest.java]" classname="jmri.util.FileLineEndingsTest" time="0.001"/>
  <testcase name="lineEndings[./java/test/jmri/jmrix/lenz/swing/PackageTest.java]" classname="jmri.util.FileLineEndingsTest" time="0.001"/>
  <testcase name="lineEndings[./java/test/jmri/jmrix/lenz/swing/stackmon/BundleTest.java]" classname="jmri.util.FileLineEndingsTest" time="0.001"/>
  <testcase name="lineEndings[./java/test/jmri/jmrix/lenz/swing/stackmon/StackMonActionTest.java]" classname="jmri.util.FileLineEndingsTest" time="0"/>
  <testcase name="lineEndings[./java/test/jmri/jmrix/lenz/swing/stackmon/StackMonDataModelTest.java]" classname="jmri.util.FileLineEndingsTest" time="0.001"/>
  <testcase name="lineEndings[./java/test/jmri/jmrix/lenz/swing/stackmon/PackageTest.java]" classname="jmri.util.FileLineEndingsTest" time="0.001"/>
  <testcase name="lineEndings[./java/test/jmri/jmrix/lenz/swing/stackmon/StackMonFrameTest.java]" classname="jmri.util.FileLineEndingsTest" time="0.001"/>
  <testcase name="lineEndings[./java/test/jmri/jmrix/lenz/swing/lv102/LV102FrameTest.java]" classname="jmri.util.FileLineEndingsTest" time="0"/>
  <testcase name="lineEndings[./java/test/jmri/jmrix/lenz/swing/lv102/PackageTest.java]" classname="jmri.util.FileLineEndingsTest" time="0"/>
  <testcase name="lineEndings[./java/test/jmri/jmrix/lenz/swing/lv102/LV102ActionTest.java]" classname="jmri.util.FileLineEndingsTest" time="0.001"/>
  <testcase name="lineEndings[./java/test/jmri/jmrix/lenz/swing/lv102/LV102FrameScaffold.java]" classname="jmri.util.FileLineEndingsTest" time="0.001"/>
  <testcase name="lineEndings[./java/test/jmri/jmrix/lenz/swing/lv102/BundleTest.java]" classname="jmri.util.FileLineEndingsTest" time="0"/>
  <testcase name="lineEndings[./java/test/jmri/jmrix/lenz/swing/lv102/LV102InternalFrameTest.java]" classname="jmri.util.FileLineEndingsTest" time="0.001"/>
  <testcase name="lineEndings[./java/test/jmri/jmrix/lenz/swing/mon/PackageTest.java]" classname="jmri.util.FileLineEndingsTest" time="0.001"/>
  <testcase name="lineEndings[./java/test/jmri/jmrix/lenz/swing/mon/XNetMonActionTest.java]" classname="jmri.util.FileLineEndingsTest" time="0.001"/>
  <testcase name="lineEndings[./java/test/jmri/jmrix/lenz/swing/mon/BundleTest.java]" classname="jmri.util.FileLineEndingsTest" time="0"/>
  <testcase name="lineEndings[./java/test/jmri/jmrix/lenz/swing/mon/XNetMonPaneTest.java]" classname="jmri.util.FileLineEndingsTest" time="0.001"/>
  <testcase name="lineEndings[./java/test/jmri/jmrix/lenz/swing/XNetComponentFactoryTest.java]" classname="jmri.util.FileLineEndingsTest" time="0.001"/>
  <testcase name="lineEndings[./java/test/jmri/jmrix/lenz/swing/packetgen/PacketGenActionTest.java]" classname="jmri.util.FileLineEndingsTest" time="0.001"/>
  <testcase name="lineEndings[./java/test/jmri/jmrix/lenz/swing/packetgen/PacketGenFrameTest.java]" classname="jmri.util.FileLineEndingsTest" time="0"/>
  <testcase name="lineEndings[./java/test/jmri/jmrix/lenz/swing/packetgen/PackageTest.java]" classname="jmri.util.FileLineEndingsTest" time="0.001"/>
  <testcase name="lineEndings[./java/test/jmri/jmrix/lenz/swing/packetgen/BundleTest.java]" classname="jmri.util.FileLineEndingsTest" time="0.001"/>
  <testcase name="lineEndings[./java/test/jmri/jmrix/lenz/swing/lz100/LZ100FrameTest.java]" classname="jmri.util.FileLineEndingsTest" time="0.001"/>
  <testcase name="lineEndings[./java/test/jmri/jmrix/lenz/swing/lz100/LZ100InternalFrameTest.java]" classname="jmri.util.FileLineEndingsTest" time="0"/>
  <testcase name="lineEndings[./java/test/jmri/jmrix/lenz/swing/lz100/BundleTest.java]" classname="jmri.util.FileLineEndingsTest" time="0"/>
  <testcase name="lineEndings[./java/test/jmri/jmrix/lenz/swing/lz100/LZ100ActionTest.java]" classname="jmri.util.FileLineEndingsTest" time="0.001"/>
  <testcase name="lineEndings[./java/test/jmri/jmrix/lenz/swing/lz100/PackageTest.java]" classname="jmri.util.FileLineEndingsTest" time="0.001"/>
  <testcase name="lineEndings[./java/test/jmri/jmrix/lenz/swing/lzv100/LZV100ActionTest.java]" classname="jmri.util.FileLineEndingsTest" time="0"/>
  <testcase name="lineEndings[./java/test/jmri/jmrix/lenz/swing/lzv100/BundleTest.java]" classname="jmri.util.FileLineEndingsTest" time="0"/>
  <testcase name="lineEndings[./java/test/jmri/jmrix/lenz/swing/lzv100/LZV100FrameTest.java]" classname="jmri.util.FileLineEndingsTest" time="0.001"/>
  <testcase name="lineEndings[./java/test/jmri/jmrix/lenz/swing/lzv100/PackageTest.java]" classname="jmri.util.FileLineEndingsTest" time="0.001"/>
  <testcase name="lineEndings[./java/test/jmri/jmrix/lenz/swing/AbstractXPressNetActionTest.java]" classname="jmri.util.FileLineEndingsTest" time="0"/>
  <testcase name="lineEndings[./java/test/jmri/jmrix/lenz/swing/BundleTest.java]" classname="jmri.util.FileLineEndingsTest" time="0.001"/>
  <testcase name="lineEndings[./java/test/jmri/jmrix/lenz/swing/XNetMenuTest.java]" classname="jmri.util.FileLineEndingsTest" time="0.001"/>
  <testcase name="lineEndings[./java/test/jmri/jmrix/lenz/liusb/LIUSBAdapterTest.java]" classname="jmri.util.FileLineEndingsTest" time="0.001"/>
  <testcase name="lineEndings[./java/test/jmri/jmrix/lenz/liusb/configurexml/PackageTest.java]" classname="jmri.util.FileLineEndingsTest" time="0"/>
  <testcase name="lineEndings[./java/test/jmri/jmrix/lenz/liusb/configurexml/ConnectionConfigXmlTest.java]" classname="jmri.util.FileLineEndingsTest" time="0.001"/>
  <testcase name="lineEndings[./java/test/jmri/jmrix/lenz/liusb/BundleTest.java]" classname="jmri.util.FileLineEndingsTest" time="0.001"/>
  <testcase name="lineEndings[./java/test/jmri/jmrix/lenz/liusb/LIUSBXNetPacketizerTest.java]" classname="jmri.util.FileLineEndingsTest" time="0.001"/>
  <testcase name="lineEndings[./java/test/jmri/jmrix/lenz/liusb/ConnectionConfigTest.java]" classname="jmri.util.FileLineEndingsTest" time="0"/>
  <testcase name="lineEndings[./java/test/jmri/jmrix/lenz/liusb/PackageTest.java]" classname="jmri.util.FileLineEndingsTest" time="0.001"/>
  <testcase name="lineEndings[./java/test/jmri/jmrix/lenz/XNetConsistManagerTest.java]" classname="jmri.util.FileLineEndingsTest" time="0.001"/>
  <testcase name="lineEndings[./java/test/jmri/jmrix/lenz/xntcp/BundleTest.java]" classname="jmri.util.FileLineEndingsTest" time="0.001"/>
  <testcase name="lineEndings[./java/test/jmri/jmrix/lenz/xntcp/XnTcpAdapterTest.java]" classname="jmri.util.FileLineEndingsTest" time="0"/>
  <testcase name="lineEndings[./java/test/jmri/jmrix/lenz/xntcp/configurexml/ConnectionConfigXmlTest.java]" classname="jmri.util.FileLineEndingsTest" time="0.001"/>
  <testcase name="lineEndings[./java/test/jmri/jmrix/lenz/xntcp/configurexml/PackageTest.java]" classname="jmri.util.FileLineEndingsTest" time="0.001"/>
  <testcase name="lineEndings[./java/test/jmri/jmrix/lenz/xntcp/XnTcpXNetPacketizerTest.java]" classname="jmri.util.FileLineEndingsTest" time="0.001"/>
  <testcase name="lineEndings[./java/test/jmri/jmrix/lenz/xntcp/PackageTest.java]" classname="jmri.util.FileLineEndingsTest" time="0"/>
  <testcase name="lineEndings[./java/test/jmri/jmrix/lenz/xntcp/ConnectionConfigTest.java]" classname="jmri.util.FileLineEndingsTest" time="0.001"/>
  <testcase name="lineEndings[./java/test/jmri/jmrix/lenz/xntcp/XnTcpPortControllerScaffold.java]" classname="jmri.util.FileLineEndingsTest" time="0.001"/>
  <testcase name="lineEndings[./java/test/jmri/jmrix/lenz/XNetReplyTest.java]" classname="jmri.util.FileLineEndingsTest" time="0.001"/>
  <testcase name="lineEndings[./java/test/jmri/jmrix/lenz/XNetFeedbackMessageCacheTest.java]" classname="jmri.util.FileLineEndingsTest" time="0.001"/>
  <testcase name="lineEndings[./java/test/jmri/jmrix/lenz/ztc640/configurexml/ConnectionConfigXmlTest.java]" classname="jmri.util.FileLineEndingsTest" time="0.001"/>
  <testcase name="lineEndings[./java/test/jmri/jmrix/lenz/ztc640/configurexml/PackageTest.java]" classname="jmri.util.FileLineEndingsTest" time="0"/>
  <testcase name="lineEndings[./java/test/jmri/jmrix/lenz/ztc640/ZTC640AdapterTest.java]" classname="jmri.util.FileLineEndingsTest" time="0.001"/>
  <testcase name="lineEndings[./java/test/jmri/jmrix/lenz/ztc640/BundleTest.java]" classname="jmri.util.FileLineEndingsTest" time="0.001"/>
  <testcase name="lineEndings[./java/test/jmri/jmrix/lenz/ztc640/PackageTest.java]" classname="jmri.util.FileLineEndingsTest" time="0.001"/>
  <testcase name="lineEndings[./java/test/jmri/jmrix/lenz/ztc640/ZTC640XNetPacketizerTest.java]" classname="jmri.util.FileLineEndingsTest" time="0"/>
  <testcase name="lineEndings[./java/test/jmri/jmrix/lenz/ztc640/ConnectionConfigTest.java]" classname="jmri.util.FileLineEndingsTest" time="0.001"/>
  <testcase name="lineEndings[./java/test/jmri/jmrix/lenz/AbstractXNetInitializationManagerTest.java]" classname="jmri.util.FileLineEndingsTest" time="0.001"/>
  <testcase name="lineEndings[./java/test/jmri/jmrix/lenz/xnetsimulator/XNetSimulatorAdapterTest.java]" classname="jmri.util.FileLineEndingsTest" time="0.001"/>
  <testcase name="lineEndings[./java/test/jmri/jmrix/lenz/xnetsimulator/PackageTest.java]" classname="jmri.util.FileLineEndingsTest" time="0.001"/>
  <testcase name="lineEndings[./java/test/jmri/jmrix/lenz/xnetsimulator/configurexml/ConnectionConfigXmlTest.java]" classname="jmri.util.FileLineEndingsTest" time="0"/>
  <testcase name="lineEndings[./java/test/jmri/jmrix/lenz/xnetsimulator/configurexml/PackageTest.java]" classname="jmri.util.FileLineEndingsTest" time="0.001"/>
  <testcase name="lineEndings[./java/test/jmri/jmrix/lenz/xnetsimulator/ConnectionConfigTest.java]" classname="jmri.util.FileLineEndingsTest" time="0.001"/>
  <testcase name="lineEndings[./java/test/jmri/jmrix/lenz/xnetsimulator/BundleTest.java]" classname="jmri.util.FileLineEndingsTest" time="0.001"/>
  <testcase name="lineEndings[./java/test/jmri/jmrix/lenz/liusbethernet/LIUSBEthernetAdapterTest.java]" classname="jmri.util.FileLineEndingsTest" time="0"/>
  <testcase name="lineEndings[./java/test/jmri/jmrix/lenz/liusbethernet/configurexml/ConnectionConfigXmlTest.java]" classname="jmri.util.FileLineEndingsTest" time="0.001"/>
  <testcase name="lineEndings[./java/test/jmri/jmrix/lenz/liusbethernet/configurexml/PackageTest.java]" classname="jmri.util.FileLineEndingsTest" time="0.001"/>
  <testcase name="lineEndings[./java/test/jmri/jmrix/lenz/liusbethernet/BundleTest.java]" classname="jmri.util.FileLineEndingsTest" time="0.001"/>
  <testcase name="lineEndings[./java/test/jmri/jmrix/lenz/liusbethernet/LIUSBEthernetXNetPacketizerTest.java]" classname="jmri.util.FileLineEndingsTest" time="0"/>
  <testcase name="lineEndings[./java/test/jmri/jmrix/lenz/liusbethernet/ConnectionConfigTest.java]" classname="jmri.util.FileLineEndingsTest" time="0.001"/>
  <testcase name="lineEndings[./java/test/jmri/jmrix/lenz/liusbethernet/PackageTest.java]" classname="jmri.util.FileLineEndingsTest" time="0.001"/>
  <testcase name="lineEndings[./java/test/jmri/jmrix/lenz/hornbyelite/EliteConnectionTypeListTest.java]" classname="jmri.util.FileLineEndingsTest" time="0.001"/>
  <testcase name="lineEndings[./java/test/jmri/jmrix/lenz/hornbyelite/configurexml/PackageTest.java]" classname="jmri.util.FileLineEndingsTest" time="0"/>
  <testcase name="lineEndings[./java/test/jmri/jmrix/lenz/hornbyelite/configurexml/EliteXNetTurnoutManagerXmlTest.java]" classname="jmri.util.FileLineEndingsTest" time="0.001"/>
  <testcase name="lineEndings[./java/test/jmri/jmrix/lenz/hornbyelite/configurexml/ConnectionConfigXmlTest.java]" classname="jmri.util.FileLineEndingsTest" time="0.001"/>
  <testcase name="lineEndings[./java/test/jmri/jmrix/lenz/hornbyelite/PackageTest.java]" classname="jmri.util.FileLineEndingsTest" time="0.001"/>
  <testcase name="lineEndings[./java/test/jmri/jmrix/lenz/hornbyelite/BundleTest.java]" classname="jmri.util.FileLineEndingsTest" time="0"/>
  <testcase name="lineEndings[./java/test/jmri/jmrix/lenz/hornbyelite/EliteXNetInitializationManagerTest.java]" classname="jmri.util.FileLineEndingsTest" time="0.001"/>
  <testcase name="lineEndings[./java/test/jmri/jmrix/lenz/hornbyelite/EliteXNetTurnoutManagerTest.java]" classname="jmri.util.FileLineEndingsTest" time="0.001"/>
  <testcase name="lineEndings[./java/test/jmri/jmrix/lenz/hornbyelite/EliteXNetTurnoutTest.java]" classname="jmri.util.FileLineEndingsTest" time="0.001"/>
  <testcase name="lineEndings[./java/test/jmri/jmrix/lenz/hornbyelite/EliteXNetSystemConnectionMemoTest.java]" classname="jmri.util.FileLineEndingsTest" time="0"/>
  <testcase name="lineEndings[./java/test/jmri/jmrix/lenz/hornbyelite/HornbyEliteCommandStationTest.java]" classname="jmri.util.FileLineEndingsTest" time="0.001"/>
  <testcase name="lineEndings[./java/test/jmri/jmrix/lenz/hornbyelite/ConnectionConfigTest.java]" classname="jmri.util.FileLineEndingsTest" time="0.001"/>
  <testcase name="lineEndings[./java/test/jmri/jmrix/lenz/hornbyelite/EliteXNetThrottleManagerTest.java]" classname="jmri.util.FileLineEndingsTest" time="0.001"/>
  <testcase name="lineEndings[./java/test/jmri/jmrix/lenz/hornbyelite/EliteXNetProgrammerTest.java]" classname="jmri.util.FileLineEndingsTest" time="0"/>
  <testcase name="lineEndings[./java/test/jmri/jmrix/lenz/hornbyelite/EliteAdapterTest.java]" classname="jmri.util.FileLineEndingsTest" time="0.001"/>
  <testcase name="lineEndings[./java/test/jmri/jmrix/lenz/hornbyelite/EliteXNetThrottleTest.java]" classname="jmri.util.FileLineEndingsTest" time="0.001"/>
  <testcase name="lineEndings[./java/test/jmri/jmrix/lenz/PackageTest.java]" classname="jmri.util.FileLineEndingsTest" time="0.001"/>
  <testcase name="lineEndings[./java/test/jmri/jmrix/lenz/li100f/LI100fAdapterTest.java]" classname="jmri.util.FileLineEndingsTest" time="0"/>
  <testcase name="lineEndings[./java/test/jmri/jmrix/lenz/li100f/BundleTest.java]" classname="jmri.util.FileLineEndingsTest" time="0.001"/>
  <testcase name="lineEndings[./java/test/jmri/jmrix/lenz/li100f/configurexml/ConnectionConfigXmlTest.java]" classname="jmri.util.FileLineEndingsTest" time="0.001"/>
  <testcase name="lineEndings[./java/test/jmri/jmrix/lenz/li100f/configurexml/PackageTest.java]" classname="jmri.util.FileLineEndingsTest" time="0.001"/>
  <testcase name="lineEndings[./java/test/jmri/jmrix/lenz/li100f/ConnectionConfigTest.java]" classname="jmri.util.FileLineEndingsTest" time="0"/>
  <testcase name="lineEndings[./java/test/jmri/jmrix/lenz/li100f/PackageTest.java]" classname="jmri.util.FileLineEndingsTest" time="0.001"/>
  <testcase name="lineEndings[./java/test/jmri/jmrix/lenz/XNetExceptionTest.java]" classname="jmri.util.FileLineEndingsTest" time="0.001"/>
  <testcase name="lineEndings[./java/test/jmri/jmrix/lenz/li100/LI100XNetPacketizerTest.java]" classname="jmri.util.FileLineEndingsTest" time="0.001"/>
  <testcase name="lineEndings[./java/test/jmri/jmrix/lenz/li100/PackageTest.java]" classname="jmri.util.FileLineEndingsTest" time="0"/>
  <testcase name="lineEndings[./java/test/jmri/jmrix/lenz/li100/ConnectionConfigTest.java]" classname="jmri.util.FileLineEndingsTest" time="0.001"/>
  <testcase name="lineEndings[./java/test/jmri/jmrix/lenz/li100/LI100XNetInitializationManagerTest.java]" classname="jmri.util.FileLineEndingsTest" time="0.001"/>
  <testcase name="lineEndings[./java/test/jmri/jmrix/lenz/li100/configurexml/PackageTest.java]" classname="jmri.util.FileLineEndingsTest" time="0.001"/>
  <testcase name="lineEndings[./java/test/jmri/jmrix/lenz/li100/configurexml/ConnectionConfigXmlTest.java]" classname="jmri.util.FileLineEndingsTest" time="0"/>
  <testcase name="lineEndings[./java/test/jmri/jmrix/lenz/li100/BundleTest.java]" classname="jmri.util.FileLineEndingsTest" time="0.001"/>
  <testcase name="lineEndings[./java/test/jmri/jmrix/lenz/li100/LI100XNetProgrammerTest.java]" classname="jmri.util.FileLineEndingsTest" time="0.001"/>
  <testcase name="lineEndings[./java/test/jmri/jmrix/lenz/li100/LI100AdapterTest.java]" classname="jmri.util.FileLineEndingsTest" time="0.001"/>
  <testcase name="lineEndings[./java/test/jmri/jmrix/lenz/XNetStreamPortControllerTest.java]" classname="jmri.util.FileLineEndingsTest" time="0"/>
  <testcase name="lineEndings[./java/test/jmri/jmrix/lenz/XNetThrottleManagerTest.java]" classname="jmri.util.FileLineEndingsTest" time="0.001"/>
  <testcase name="lineEndings[./java/test/jmri/jmrix/lenz/XNetPacketizerTest.java]" classname="jmri.util.FileLineEndingsTest" time="0.001"/>
  <testcase name="lineEndings[./java/test/jmri/jmrix/lenz/XNetTurnoutManagerTest.java]" classname="jmri.util.FileLineEndingsTest" time="0.001"/>
  <testcase name="lineEndings[./java/test/jmri/jmrix/lenz/li101/ConnectionConfigTest.java]" classname="jmri.util.FileLineEndingsTest" time="0"/>
  <testcase name="lineEndings[./java/test/jmri/jmrix/lenz/li101/configurexml/ConnectionConfigXmlTest.java]" classname="jmri.util.FileLineEndingsTest" time="0.001"/>
  <testcase name="lineEndings[./java/test/jmri/jmrix/lenz/li101/configurexml/PackageTest.java]" classname="jmri.util.FileLineEndingsTest" time="0.001"/>
  <testcase name="lineEndings[./java/test/jmri/jmrix/lenz/li101/PackageTest.java]" classname="jmri.util.FileLineEndingsTest" time="0.001"/>
  <testcase name="lineEndings[./java/test/jmri/jmrix/lenz/li101/BundleTest.java]" classname="jmri.util.FileLineEndingsTest" time="0"/>
  <testcase name="lineEndings[./java/test/jmri/jmrix/lenz/li101/LI101AdapterTest.java]" classname="jmri.util.FileLineEndingsTest" time="0.001"/>
  <testcase name="lineEndings[./java/test/jmri/jmrix/lenz/liusbserver/configurexml/PackageTest.java]" classname="jmri.util.FileLineEndingsTest" time="0.001"/>
  <testcase name="lineEndings[./java/test/jmri/jmrix/lenz/liusbserver/configurexml/ConnectionConfigXmlTest.java]" classname="jmri.util.FileLineEndingsTest" time="0.001"/>
  <testcase name="lineEndings[./java/test/jmri/jmrix/lenz/liusbserver/BundleTest.java]" classname="jmri.util.FileLineEndingsTest" time="0"/>
  <testcase name="lineEndings[./java/test/jmri/jmrix/lenz/liusbserver/LIUSBServerXNetPacketizerTest.java]" classname="jmri.util.FileLineEndingsTest" time="0.001"/>
  <testcase name="lineEndings[./java/test/jmri/jmrix/lenz/liusbserver/PackageTest.java]" classname="jmri.util.FileLineEndingsTest" time="0.003"/>
  <testcase name="lineEndings[./java/test/jmri/jmrix/lenz/liusbserver/ConnectionConfigTest.java]" classname="jmri.util.FileLineEndingsTest" time="0.001"/>
  <testcase name="lineEndings[./java/test/jmri/jmrix/lenz/liusbserver/LIUSBServerAdapterTest.java]" classname="jmri.util.FileLineEndingsTest" time="0.001"/>
  <testcase name="lineEndings[./java/test/jmri/jmrix/lenz/XNetSensorTest.java]" classname="jmri.util.FileLineEndingsTest" time="0"/>
  <testcase name="lineEndings[./java/test/jmri/jmrix/lenz/XNetSimulatorPortControllerTest.java]" classname="jmri.util.FileLineEndingsTest" time="0.001"/>
  <testcase name="lineEndings[./java/test/jmri/jmrix/lenz/LenzCommandStationTest.java]" classname="jmri.util.FileLineEndingsTest" time="0.001"/>
  <testcase name="lineEndings[./java/test/jmri/jmrix/lenz/XNetPowerManagerTest.java]" classname="jmri.util.FileLineEndingsTest" time="0.001"/>
  <testcase name="lineEndings[./java/test/jmri/jmrix/lenz/XNetTrafficControllerTest.java]" classname="jmri.util.FileLineEndingsTest" time="0"/>
  <testcase name="lineEndings[./java/test/jmri/jmrix/lenz/XNetTrafficRouterTest.java]" classname="jmri.util.FileLineEndingsTest" time="0.001"/>
  <testcase name="lineEndings[./java/test/jmri/jmrix/lenz/XNetNetworkPortControllerTest.java]" classname="jmri.util.FileLineEndingsTest" time="0.001"/>
  <testcase name="lineEndings[./java/test/jmri/jmrix/lenz/XNetInitializationManagerTest.java]" classname="jmri.util.FileLineEndingsTest" time="0.001"/>
  <testcase name="lineEndings[./java/test/jmri/jmrix/lenz/XNetListenerScaffold.java]" classname="jmri.util.FileLineEndingsTest" time="0"/>
  <testcase name="lineEndings[./java/test/jmri/jmrix/lenz/XNetTimeSlotListenerTest.java]" classname="jmri.util.FileLineEndingsTest" time="0.001"/>
  <testcase name="lineEndings[./java/test/jmri/jmrix/lenz/XNetConstantsTest.java]" classname="jmri.util.FileLineEndingsTest" time="0.001"/>
  <testcase name="lineEndings[./java/test/jmri/jmrix/lenz/XNetThrottleTest.java]" classname="jmri.util.FileLineEndingsTest" time="0.001"/>
  <testcase name="lineEndings[./java/test/jmri/jmrix/lenz/XNetProgrammerManagerTest.java]" classname="jmri.util.FileLineEndingsTest" time="0.001"/>
  <testcase name="lineEndings[./java/test/jmri/jmrix/lenz/XNetConsistTest.java]" classname="jmri.util.FileLineEndingsTest" time="0"/>
  <testcase name="lineEndings[./java/test/jmri/jmrix/lenz/XNetLightTest.java]" classname="jmri.util.FileLineEndingsTest" time="0.001"/>
  <testcase name="lineEndings[./java/test/jmri/jmrix/lenz/configurexml/XNetLightManagerXmlTest.java]" classname="jmri.util.FileLineEndingsTest" time="0.001"/>
  <testcase name="lineEndings[./java/test/jmri/jmrix/lenz/configurexml/AbstractXNetSerialConnectionConfigXmlTest.java]" classname="jmri.util.FileLineEndingsTest" time="0.001"/>
  <testcase name="lineEndings[./java/test/jmri/jmrix/lenz/configurexml/PackageTest.java]" classname="jmri.util.FileLineEndingsTest" time="0"/>
  <testcase name="lineEndings[./java/test/jmri/jmrix/lenz/configurexml/XNetTurnoutManagerXmlTest.java]" classname="jmri.util.FileLineEndingsTest" time="0.001"/>
  <testcase name="lineEndings[./java/test/jmri/jmrix/lenz/configurexml/XNetSensorManagerXmlTest.java]" classname="jmri.util.FileLineEndingsTest" time="0.001"/>
  <testcase name="lineEndings[./java/test/jmri/jmrix/lenz/XNetLightManagerTest.java]" classname="jmri.util.FileLineEndingsTest" time="0.001"/>
  <testcase name="lineEndings[./java/test/jmri/jmrix/lenz/XNetPortControllerScaffold.java]" classname="jmri.util.FileLineEndingsTest" time="0"/>
  <testcase name="lineEndings[./java/test/jmri/jmrix/lenz/XNetProgrammerTest.java]" classname="jmri.util.FileLineEndingsTest" time="0.001"/>
  <testcase name="lineEndings[./java/test/jmri/jmrix/lenz/XNetMessageExceptionTest.java]" classname="jmri.util.FileLineEndingsTest" time="0.001"/>
  <testcase name="lineEndings[./java/test/jmri/jmrix/lenz/XNetTurnoutTest.java]" classname="jmri.util.FileLineEndingsTest" time="0.001"/>
  <testcase name="lineEndings[./java/test/jmri/jmrix/lenz/XNetAddressTest.java]" classname="jmri.util.FileLineEndingsTest" time="0"/>
  <testcase name="lineEndings[./java/test/jmri/jmrix/lenz/LenzConnectionTypeListTest.java]" classname="jmri.util.FileLineEndingsTest" time="0.001"/>
  <testcase name="lineEndings[./java/test/jmri/jmrix/lenz/XNetSystemConnectionMemoTest.java]" classname="jmri.util.FileLineEndingsTest" time="0.001"/>
  <testcase name="lineEndings[./java/test/jmri/jmrix/lenz/BundleTest.java]" classname="jmri.util.FileLineEndingsTest" time="0.001"/>
  <testcase name="lineEndings[./java/test/jmri/jmrix/lenz/XNetOpsModeProgrammerTest.java]" classname="jmri.util.FileLineEndingsTest" time="0"/>
  <testcase name="lineEndings[./java/test/jmri/jmrix/lenz/XNetInterfaceScaffold.java]" classname="jmri.util.FileLineEndingsTest" time="0.001"/>
  <testcase name="lineEndings[./java/test/jmri/jmrix/lenz/XNetSerialPortControllerTest.java]" classname="jmri.util.FileLineEndingsTest" time="0.001"/>
  <testcase name="lineEndings[./java/test/jmri/jmrix/lenz/AbstractXNetSerialConnectionConfigTest.java]" classname="jmri.util.FileLineEndingsTest" time="0.001"/>
  <testcase name="lineEndings[./java/test/jmri/jmrix/lenz/XNetMessageTest.java]" classname="jmri.util.FileLineEndingsTest" time="0.001"/>
  <testcase name="lineEndings[./java/test/jmri/jmrix/lenz/XNetSensorManagerTest.java]" classname="jmri.util.FileLineEndingsTest" time="0"/>
  <testcase name="lineEndings[./java/test/jmri/jmrix/dccpp/swing/packetgen/PacketGenFrameTest.java]" classname="jmri.util.FileLineEndingsTest" time="0.001"/>
  <testcase name="lineEndings[./java/test/jmri/jmrix/dccpp/swing/packetgen/PacketGenActionTest.java]" classname="jmri.util.FileLineEndingsTest" time="0.001"/>
  <testcase name="lineEndings[./java/test/jmri/jmrix/dccpp/swing/packetgen/PackageTest.java]" classname="jmri.util.FileLineEndingsTest" time="0.001"/>
  <testcase name="lineEndings[./java/test/jmri/jmrix/dccpp/swing/mon/DCCppMonPaneTest.java]" classname="jmri.util.FileLineEndingsTest" time="0"/>
  <testcase name="lineEndings[./java/test/jmri/jmrix/dccpp/swing/mon/PackageTest.java]" classname="jmri.util.FileLineEndingsTest" time="0.001"/>
  <testcase name="lineEndings[./java/test/jmri/jmrix/dccpp/swing/mon/DCCppMonActionTest.java]" classname="jmri.util.FileLineEndingsTest" time="0.001"/>
  <testcase name="lineEndings[./java/test/jmri/jmrix/dccpp/swing/DCCppComponentFactoryTest.java]" classname="jmri.util.FileLineEndingsTest" time="0.001"/>
  <testcase name="lineEndings[./java/test/jmri/jmrix/dccpp/swing/BundleTest.java]" classname="jmri.util.FileLineEndingsTest" time="0"/>
  <testcase name="lineEndings[./java/test/jmri/jmrix/dccpp/swing/ConfigBaseStationFrameTest.java]" classname="jmri.util.FileLineEndingsTest" time="0.001"/>
  <testcase name="lineEndings[./java/test/jmri/jmrix/dccpp/swing/PackageTest.java]" classname="jmri.util.FileLineEndingsTest" time="0.001"/>
  <testcase name="lineEndings[./java/test/jmri/jmrix/dccpp/swing/DCCppMenuTest.java]" classname="jmri.util.FileLineEndingsTest" time="0.001"/>
  <testcase name="lineEndings[./java/test/jmri/jmrix/dccpp/swing/ConfigBaseStationActionTest.java]" classname="jmri.util.FileLineEndingsTest" time="0"/>
  <testcase name="lineEndings[./java/test/jmri/jmrix/dccpp/DCCppTurnoutManagerTest.java]" classname="jmri.util.FileLineEndingsTest" time="0.001"/>
  <testcase name="lineEndings[./java/test/jmri/jmrix/dccpp/dccppovertcp/PackageTest.java]" classname="jmri.util.FileLineEndingsTest" time="0.001"/>
  <testcase name="lineEndings[./java/test/jmri/jmrix/dccpp/dccppovertcp/ServerTest.java]" classname="jmri.util.FileLineEndingsTest" time="0.001"/>
  <testcase name="lineEndings[./java/test/jmri/jmrix/dccpp/dccppovertcp/configurexml/ConnectionConfigXmlTest.java]" classname="jmri.util.FileLineEndingsTest" time="0"/>
  <testcase name="lineEndings[./java/test/jmri/jmrix/dccpp/dccppovertcp/configurexml/PackageTest.java]" classname="jmri.util.FileLineEndingsTest" time="0.001"/>
  <testcase name="lineEndings[./java/test/jmri/jmrix/dccpp/dccppovertcp/ClientRxHandlerTest.java]" classname="jmri.util.FileLineEndingsTest" time="0.001"/>
  <testcase name="lineEndings[./java/test/jmri/jmrix/dccpp/dccppovertcp/DCCppTcpDriverAdapterTest.java]" classname="jmri.util.FileLineEndingsTest" time="0.001"/>
  <testcase name="lineEndings[./java/test/jmri/jmrix/dccpp/dccppovertcp/ConnectionConfigTest.java]" classname="jmri.util.FileLineEndingsTest" time="0"/>
  <testcase name="lineEndings[./java/test/jmri/jmrix/dccpp/dccppovertcp/ServerActionTest.java]" classname="jmri.util.FileLineEndingsTest" time="0.001"/>
  <testcase name="lineEndings[./java/test/jmri/jmrix/dccpp/dccppovertcp/ServerFrameTest.java]" classname="jmri.util.FileLineEndingsTest" time="0.001"/>
  <testcase name="lineEndings[./java/test/jmri/jmrix/dccpp/dccppovertcp/DCCppOverTcpPacketizerTest.java]" classname="jmri.util.FileLineEndingsTest" time="0.001"/>
  <testcase name="lineEndings[./java/test/jmri/jmrix/dccpp/DCCppProgrammerTest.java]" classname="jmri.util.FileLineEndingsTest" time="0"/>
  <testcase name="lineEndings[./java/test/jmri/jmrix/dccpp/simulator/configurexml/ConnectionConfigXmlTest.java]" classname="jmri.util.FileLineEndingsTest" time="0.001"/>
  <testcase name="lineEndings[./java/test/jmri/jmrix/dccpp/simulator/configurexml/PackageTest.java]" classname="jmri.util.FileLineEndingsTest" time="0.001"/>
  <testcase name="lineEndings[./java/test/jmri/jmrix/dccpp/simulator/DCCppSimulatorAdapterTest.java]" classname="jmri.util.FileLineEndingsTest" time="0.001"/>
  <testcase name="lineEndings[./java/test/jmri/jmrix/dccpp/simulator/PackageTest.java]" classname="jmri.util.FileLineEndingsTest" time="0"/>
  <testcase name="lineEndings[./java/test/jmri/jmrix/dccpp/simulator/ConnectionConfigTest.java]" classname="jmri.util.FileLineEndingsTest" time="0.001"/>
  <testcase name="lineEndings[./java/test/jmri/jmrix/dccpp/simulator/BundleTest.java]" classname="jmri.util.FileLineEndingsTest" time="0.001"/>
  <testcase name="lineEndings[./java/test/jmri/jmrix/dccpp/DCCppConstantsTest.java]" classname="jmri.util.FileLineEndingsTest" time="0.001"/>
  <testcase name="lineEndings[./java/test/jmri/jmrix/dccpp/DCCppCommandStationTest.java]" classname="jmri.util.FileLineEndingsTest" time="0"/>
  <testcase name="lineEndings[./java/test/jmri/jmrix/dccpp/DCCppThrottleManagerTest.java]" classname="jmri.util.FileLineEndingsTest" time="0.001"/>
  <testcase name="lineEndings[./java/test/jmri/jmrix/dccpp/serial/configurexml/PackageTest.java]" classname="jmri.util.FileLineEndingsTest" time="0.001"/>
  <testcase name="lineEndings[./java/test/jmri/jmrix/dccpp/serial/configurexml/ConnectionConfigXmlTest.java]" classname="jmri.util.FileLineEndingsTest" time="0.001"/>
  <testcase name="lineEndings[./java/test/jmri/jmrix/dccpp/serial/SerialDCCppPacketizerTest.java]" classname="jmri.util.FileLineEndingsTest" time="0"/>
  <testcase name="lineEndings[./java/test/jmri/jmrix/dccpp/serial/ConnectionConfigTest.java]" classname="jmri.util.FileLineEndingsTest" time="0.001"/>
  <testcase name="lineEndings[./java/test/jmri/jmrix/dccpp/serial/DCCppAdapterTest.java]" classname="jmri.util.FileLineEndingsTest" time="0.001"/>
  <testcase name="lineEndings[./java/test/jmri/jmrix/dccpp/serial/BundleTest.java]" classname="jmri.util.FileLineEndingsTest" time="0.001"/>
  <testcase name="lineEndings[./java/test/jmri/jmrix/dccpp/serial/PackageTest.java]" classname="jmri.util.FileLineEndingsTest" time="0"/>
  <testcase name="lineEndings[./java/test/jmri/jmrix/dccpp/network/DCCppEthernetPacketizerTest.java]" classname="jmri.util.FileLineEndingsTest" time="0.001"/>
  <testcase name="lineEndings[./java/test/jmri/jmrix/dccpp/network/configurexml/ConnectionConfigXmlTest.java]" classname="jmri.util.FileLineEndingsTest" time="0.001"/>
  <testcase name="lineEndings[./java/test/jmri/jmrix/dccpp/network/configurexml/PackageTest.java]" classname="jmri.util.FileLineEndingsTest" time="0.001"/>
  <testcase name="lineEndings[./java/test/jmri/jmrix/dccpp/network/PackageTest.java]" classname="jmri.util.FileLineEndingsTest" time="0"/>
  <testcase name="lineEndings[./java/test/jmri/jmrix/dccpp/network/DCCppEthernetAdapterTest.java]" classname="jmri.util.FileLineEndingsTest" time="0.001"/>
  <testcase name="lineEndings[./java/test/jmri/jmrix/dccpp/network/ConnectionConfigTest.java]" classname="jmri.util.FileLineEndingsTest" time="0.001"/>
  <testcase name="lineEndings[./java/test/jmri/jmrix/dccpp/configurexml/DCCppSensorManagerXmlTest.java]" classname="jmri.util.FileLineEndingsTest" time="0.001"/>
  <testcase name="lineEndings[./java/test/jmri/jmrix/dccpp/configurexml/DCCppTurnoutManagerXmlTest.java]" classname="jmri.util.FileLineEndingsTest" time="0"/>
  <testcase name="lineEndings[./java/test/jmri/jmrix/dccpp/configurexml/DCCppLightManagerXmlTest.java]" classname="jmri.util.FileLineEndingsTest" time="0.001"/>
  <testcase name="lineEndings[./java/test/jmri/jmrix/dccpp/configurexml/PackageTest.java]" classname="jmri.util.FileLineEndingsTest" time="0.001"/>
  <testcase name="lineEndings[./java/test/jmri/jmrix/dccpp/DCCppSerialPortControllerTest.java]" classname="jmri.util.FileLineEndingsTest" time="0.001"/>
  <testcase name="lineEndings[./java/test/jmri/jmrix/dccpp/DCCppMessageTest.java]" classname="jmri.util.FileLineEndingsTest" time="0"/>
  <testcase name="lineEndings[./java/test/jmri/jmrix/dccpp/DCCppSensorManagerTest.java]" classname="jmri.util.FileLineEndingsTest" time="0.001"/>
  <testcase name="lineEndings[./java/test/jmri/jmrix/dccpp/DCCppProgrammerManagerTest.java]" classname="jmri.util.FileLineEndingsTest" time="0.001"/>
  <testcase name="lineEndings[./java/test/jmri/jmrix/dccpp/DCCppThrottleTest.java]" classname="jmri.util.FileLineEndingsTest" time="0.001"/>
  <testcase name="lineEndings[./java/test/jmri/jmrix/dccpp/DCCppLightTest.java]" classname="jmri.util.FileLineEndingsTest" time="0"/>
  <testcase name="lineEndings[./java/test/jmri/jmrix/dccpp/PackageTest.java]" classname="jmri.util.FileLineEndingsTest" time="0.001"/>
  <testcase name="lineEndings[./java/test/jmri/jmrix/dccpp/BundleTest.java]" classname="jmri.util.FileLineEndingsTest" time="0.001"/>
  <testcase name="lineEndings[./java/test/jmri/jmrix/dccpp/DCCppMultiMeterTest.java]" classname="jmri.util.FileLineEndingsTest" time="0.001"/>
  <testcase name="lineEndings[./java/test/jmri/jmrix/dccpp/DCCppLightManagerTest.java]" classname="jmri.util.FileLineEndingsTest" time="0"/>
  <testcase name="lineEndings[./java/test/jmri/jmrix/dccpp/DCCppPowerManagerTest.java]" classname="jmri.util.FileLineEndingsTest" time="0.001"/>
  <testcase name="lineEndings[./java/test/jmri/jmrix/dccpp/DCCppStreamPortControllerTest.java]" classname="jmri.util.FileLineEndingsTest" time="0.001"/>
  <testcase name="lineEndings[./java/test/jmri/jmrix/dccpp/DCCppListenerScaffold.java]" classname="jmri.util.FileLineEndingsTest" time="0.001"/>
  <testcase name="lineEndings[./java/test/jmri/jmrix/dccpp/DCCppPacketizerTest.java]" classname="jmri.util.FileLineEndingsTest" time="0"/>
  <testcase name="lineEndings[./java/test/jmri/jmrix/dccpp/DCCppConnectionTypeListTest.java]" classname="jmri.util.FileLineEndingsTest" time="0.001"/>
  <testcase name="lineEndings[./java/test/jmri/jmrix/dccpp/DCCppInterfaceScaffold.java]" classname="jmri.util.FileLineEndingsTest" time="0.001"/>
  <testcase name="lineEndings[./java/test/jmri/jmrix/dccpp/DCCppNetworkPortControllerTest.java]" classname="jmri.util.FileLineEndingsTest" time="0.001"/>
  <testcase name="lineEndings[./java/test/jmri/jmrix/dccpp/DCCppOpsModeProgrammerTest.java]" classname="jmri.util.FileLineEndingsTest" time="0"/>
  <testcase name="lineEndings[./java/test/jmri/jmrix/dccpp/DCCppTrafficControllerTest.java]" classname="jmri.util.FileLineEndingsTest" time="0.001"/>
  <testcase name="lineEndings[./java/test/jmri/jmrix/dccpp/DCCppSystemConnectionMemoTest.java]" classname="jmri.util.FileLineEndingsTest" time="0.001"/>
  <testcase name="lineEndings[./java/test/jmri/jmrix/dccpp/DCCppRegisterManagerTest.java]" classname="jmri.util.FileLineEndingsTest" time="0.001"/>
  <testcase name="lineEndings[./java/test/jmri/jmrix/dccpp/DCCppSensorTest.java]" classname="jmri.util.FileLineEndingsTest" time="0"/>
  <testcase name="lineEndings[./java/test/jmri/jmrix/dccpp/DCCppTurnoutReplyCacheTest.java]" classname="jmri.util.FileLineEndingsTest" time="0.001"/>
  <testcase name="lineEndings[./java/test/jmri/jmrix/dccpp/DCCppMessageExceptionTest.java]" classname="jmri.util.FileLineEndingsTest" time="0.001"/>
  <testcase name="lineEndings[./java/test/jmri/jmrix/dccpp/DCCppPortControllerScaffold.java]" classname="jmri.util.FileLineEndingsTest" time="0.001"/>
  <testcase name="lineEndings[./java/test/jmri/jmrix/dccpp/DCCppReplyTest.java]" classname="jmri.util.FileLineEndingsTest" time="0"/>
  <testcase name="lineEndings[./java/test/jmri/jmrix/dccpp/DCCppTurnoutTest.java]" classname="jmri.util.FileLineEndingsTest" time="0.001"/>
  <testcase name="lineEndings[./java/test/jmri/jmrix/dccpp/DCCppSimulatorPortControllerTest.java]" classname="jmri.util.FileLineEndingsTest" time="0.001"/>
  <testcase name="lineEndings[./java/test/jmri/jmrix/dccpp/DCCppInitializationManagerTest.java]" classname="jmri.util.FileLineEndingsTest" time="0"/>
  <testcase name="lineEndings[./java/test/jmri/jmrix/AbstractMRTrafficControllerTest.java]" classname="jmri.util.FileLineEndingsTest" time="0"/>
  <testcase name="lineEndings[./java/test/jmri/jmrix/AbstractMRNodeTrafficControllerTest.java]" classname="jmri.util.FileLineEndingsTest" time="0.001"/>
  <testcase name="lineEndings[./java/test/jmri/jmrix/zimo/mxulf/BundleTest.java]" classname="jmri.util.FileLineEndingsTest" time="0.001"/>
  <testcase name="lineEndings[./java/test/jmri/jmrix/zimo/mxulf/ConnectionConfigTest.java]" classname="jmri.util.FileLineEndingsTest" time="0"/>
  <testcase name="lineEndings[./java/test/jmri/jmrix/zimo/mxulf/PackageTest.java]" classname="jmri.util.FileLineEndingsTest" time="0.001"/>
  <testcase name="lineEndings[./java/test/jmri/jmrix/zimo/mxulf/configurexml/ConnectionConfigXmlTest.java]" classname="jmri.util.FileLineEndingsTest" time="0.001"/>
  <testcase name="lineEndings[./java/test/jmri/jmrix/zimo/mxulf/configurexml/PackageTest.java]" classname="jmri.util.FileLineEndingsTest" time="0.001"/>
  <testcase name="lineEndings[./java/test/jmri/jmrix/zimo/mxulf/SerialDriverAdapterTest.java]" classname="jmri.util.FileLineEndingsTest" time="0"/>
  <testcase name="lineEndings[./java/test/jmri/jmrix/zimo/swing/packetgen/BundleTest.java]" classname="jmri.util.FileLineEndingsTest" time="0.001"/>
  <testcase name="lineEndings[./java/test/jmri/jmrix/zimo/swing/packetgen/Mx1PacketGenPanelTest.java]" classname="jmri.util.FileLineEndingsTest" time="0.001"/>
  <testcase name="lineEndings[./java/test/jmri/jmrix/zimo/swing/packetgen/PackageTest.java]" classname="jmri.util.FileLineEndingsTest" time="0.001"/>
  <testcase name="lineEndings[./java/test/jmri/jmrix/zimo/swing/monitor/Mx1MonPanelTest.java]" classname="jmri.util.FileLineEndingsTest" time="0.001"/>
  <testcase name="lineEndings[./java/test/jmri/jmrix/zimo/swing/monitor/PackageTest.java]" classname="jmri.util.FileLineEndingsTest" time="0.001"/>
  <testcase name="lineEndings[./java/test/jmri/jmrix/zimo/swing/Mx1MenuTest.java]" classname="jmri.util.FileLineEndingsTest" time="0"/>
  <testcase name="lineEndings[./java/test/jmri/jmrix/zimo/swing/BundleTest.java]" classname="jmri.util.FileLineEndingsTest" time="0.001"/>
  <testcase name="lineEndings[./java/test/jmri/jmrix/zimo/swing/Mx1NamedPaneActionTest.java]" classname="jmri.util.FileLineEndingsTest" time="0.001"/>
  <testcase name="lineEndings[./java/test/jmri/jmrix/zimo/swing/Mx1ComponentFactoryTest.java]" classname="jmri.util.FileLineEndingsTest" time="0.001"/>
  <testcase name="lineEndings[./java/test/jmri/jmrix/zimo/swing/PackageTest.java]" classname="jmri.util.FileLineEndingsTest" time="0"/>
  <testcase name="lineEndings[./java/test/jmri/jmrix/zimo/Mx1PowerManagerTest.java]" classname="jmri.util.FileLineEndingsTest" time="0.001"/>
  <testcase name="lineEndings[./java/test/jmri/jmrix/zimo/mx1/configurexml/ConnectionConfigXmlTest.java]" classname="jmri.util.FileLineEndingsTest" time="0.001"/>
  <testcase name="lineEndings[./java/test/jmri/jmrix/zimo/mx1/configurexml/PackageTest.java]" classname="jmri.util.FileLineEndingsTest" time="0.001"/>
  <testcase name="lineEndings[./java/test/jmri/jmrix/zimo/mx1/BundleTest.java]" classname="jmri.util.FileLineEndingsTest" time="0"/>
  <testcase name="lineEndings[./java/test/jmri/jmrix/zimo/mx1/Mx1AdapterTest.java]" classname="jmri.util.FileLineEndingsTest" time="0.001"/>
  <testcase name="lineEndings[./java/test/jmri/jmrix/zimo/mx1/PackageTest.java]" classname="jmri.util.FileLineEndingsTest" time="0.001"/>
  <testcase name="lineEndings[./java/test/jmri/jmrix/zimo/mx1/ConnectionConfigTest.java]" classname="jmri.util.FileLineEndingsTest" time="0.001"/>
  <testcase name="lineEndings[./java/test/jmri/jmrix/zimo/Mx1SystemConnectionMemoTest.java]" classname="jmri.util.FileLineEndingsTest" time="0"/>
  <testcase name="lineEndings[./java/test/jmri/jmrix/zimo/BundleTest.java]" classname="jmri.util.FileLineEndingsTest" time="0.001"/>
  <testcase name="lineEndings[./java/test/jmri/jmrix/zimo/Mx1TrafficControllerTest.java]" classname="jmri.util.FileLineEndingsTest" time="0.001"/>
  <testcase name="lineEndings[./java/test/jmri/jmrix/zimo/Mx1ProgrammerTest.java]" classname="jmri.util.FileLineEndingsTest" time="0.001"/>
  <testcase name="lineEndings[./java/test/jmri/jmrix/zimo/PackageTest.java]" classname="jmri.util.FileLineEndingsTest" time="0"/>
  <testcase name="lineEndings[./java/test/jmri/jmrix/zimo/Mx1PortControllerTest.java]" classname="jmri.util.FileLineEndingsTest" time="0.001"/>
  <testcase name="lineEndings[./java/test/jmri/jmrix/zimo/Mx1MessageExceptionTest.java]" classname="jmri.util.FileLineEndingsTest" time="0.001"/>
  <testcase name="lineEndings[./java/test/jmri/jmrix/zimo/Mx1ThrottleTest.java]" classname="jmri.util.FileLineEndingsTest" time="0.001"/>
  <testcase name="lineEndings[./java/test/jmri/jmrix/zimo/Mx1ProgrammerManagerTest.java]" classname="jmri.util.FileLineEndingsTest" time="0"/>
  <testcase name="lineEndings[./java/test/jmri/jmrix/zimo/Mx1TurnoutManagerTest.java]" classname="jmri.util.FileLineEndingsTest" time="0.001"/>
  <testcase name="lineEndings[./java/test/jmri/jmrix/zimo/Mx1MessageTest.java]" classname="jmri.util.FileLineEndingsTest" time="0.001"/>
  <testcase name="lineEndings[./java/test/jmri/jmrix/zimo/Mx1ThrottleManagerTest.java]" classname="jmri.util.FileLineEndingsTest" time="0.001"/>
  <testcase name="lineEndings[./java/test/jmri/jmrix/zimo/Mx1ConnectionTypeListTest.java]" classname="jmri.util.FileLineEndingsTest" time="0"/>
  <testcase name="lineEndings[./java/test/jmri/jmrix/zimo/Mx1TurnoutTest.java]" classname="jmri.util.FileLineEndingsTest" time="0.001"/>
  <testcase name="lineEndings[./java/test/jmri/jmrix/zimo/Mx1PacketizerTest.java]" classname="jmri.util.FileLineEndingsTest" time="0.001"/>
  <testcase name="lineEndings[./java/test/jmri/jmrix/zimo/Mx1ExceptionTest.java]" classname="jmri.util.FileLineEndingsTest" time="0.001"/>
  <testcase name="lineEndings[./java/test/jmri/jmrix/zimo/Mx1CommandStationTest.java]" classname="jmri.util.FileLineEndingsTest" time="0"/>
  <testcase name="lineEndings[./java/test/jmri/jmrix/NetMessageTest.java]" classname="jmri.util.FileLineEndingsTest" time="0.001"/>
  <testcase name="lineEndings[./java/test/jmri/jmrix/SerialConfigExceptionTest.java]" classname="jmri.util.FileLineEndingsTest" time="0.001"/>
  <testcase name="lineEndings[./java/test/jmri/jmrix/srcp/SRCPReplyTest.java]" classname="jmri.util.FileLineEndingsTest" time="0.001"/>
  <testcase name="lineEndings[./java/test/jmri/jmrix/srcp/PackageTest.java]" classname="jmri.util.FileLineEndingsTest" time="0"/>
  <testcase name="lineEndings[./java/test/jmri/jmrix/srcp/parser/PackageTest.java]" classname="jmri.util.FileLineEndingsTest" time="0.001"/>
  <testcase name="lineEndings[./java/test/jmri/jmrix/srcp/parser/SRCPClientParserTokenizerTest.java]" classname="jmri.util.FileLineEndingsTest" time="0.001"/>
  <testcase name="lineEndings[./java/test/jmri/jmrix/srcp/parser/SRCPClientParserTest.java]" classname="jmri.util.FileLineEndingsTest" time="0.001"/>
  <testcase name="lineEndings[./java/test/jmri/jmrix/srcp/parser/SRCPClientVisitorTest.java]" classname="jmri.util.FileLineEndingsTest" time="0"/>
  <testcase name="lineEndings[./java/test/jmri/jmrix/srcp/SRCPSystemConnectionMemoTest.java]" classname="jmri.util.FileLineEndingsTest" time="0.001"/>
  <testcase name="lineEndings[./java/test/jmri/jmrix/srcp/SRCPTrafficControlScaffold.java]" classname="jmri.util.FileLineEndingsTest" time="0.001"/>
  <testcase name="lineEndings[./java/test/jmri/jmrix/srcp/configurexml/SRCPSensorManagerXmlTest.java]" classname="jmri.util.FileLineEndingsTest" time="0.001"/>
  <testcase name="lineEndings[./java/test/jmri/jmrix/srcp/configurexml/SRCPTurnoutManagerXmlTest.java]" classname="jmri.util.FileLineEndingsTest" time="0"/>
  <testcase name="lineEndings[./java/test/jmri/jmrix/srcp/configurexml/PackageTest.java]" classname="jmri.util.FileLineEndingsTest" time="0.001"/>
  <testcase name="lineEndings[./java/test/jmri/jmrix/srcp/SRCPTurnoutTest.java]" classname="jmri.util.FileLineEndingsTest" time="0.001"/>
  <testcase name="lineEndings[./java/test/jmri/jmrix/srcp/SRCPPowerManagerTest.java]" classname="jmri.util.FileLineEndingsTest" time="0.001"/>
  <testcase name="lineEndings[./java/test/jmri/jmrix/srcp/swing/SRCPComponentFactoryTest.java]" classname="jmri.util.FileLineEndingsTest" time="0"/>
  <testcase name="lineEndings[./java/test/jmri/jmrix/srcp/swing/srcpmon/PackageTest.java]" classname="jmri.util.FileLineEndingsTest" time="0.001"/>
  <testcase name="lineEndings[./java/test/jmri/jmrix/srcp/swing/srcpmon/SRCPMonFrameTest.java]" classname="jmri.util.FileLineEndingsTest" time="0.001"/>
  <testcase name="lineEndings[./java/test/jmri/jmrix/srcp/swing/srcpmon/SRCPMonActionTest.java]" classname="jmri.util.FileLineEndingsTest" time="0.001"/>
  <testcase name="lineEndings[./java/test/jmri/jmrix/srcp/swing/SystemMenuTest.java]" classname="jmri.util.FileLineEndingsTest" time="0"/>
  <testcase name="lineEndings[./java/test/jmri/jmrix/srcp/swing/packetgen/PacketGenActionTest.java]" classname="jmri.util.FileLineEndingsTest" time="0.001"/>
  <testcase name="lineEndings[./java/test/jmri/jmrix/srcp/swing/packetgen/PacketGenFrameTest.java]" classname="jmri.util.FileLineEndingsTest" time="0.001"/>
  <testcase name="lineEndings[./java/test/jmri/jmrix/srcp/swing/packetgen/PackageTest.java]" classname="jmri.util.FileLineEndingsTest" time="0.001"/>
  <testcase name="lineEndings[./java/test/jmri/jmrix/srcp/swing/PackageTest.java]" classname="jmri.util.FileLineEndingsTest" time="0"/>
  <testcase name="lineEndings[./java/test/jmri/jmrix/srcp/SRCPBusConnectionMemoTest.java]" classname="jmri.util.FileLineEndingsTest" time="0.001"/>
  <testcase name="lineEndings[./java/test/jmri/jmrix/srcp/SRCPConnectionTypeListTest.java]" classname="jmri.util.FileLineEndingsTest" time="0.001"/>
  <testcase name="lineEndings[./java/test/jmri/jmrix/srcp/SRCPTurnoutManagerTest.java]" classname="jmri.util.FileLineEndingsTest" time="0.001"/>
  <testcase name="lineEndings[./java/test/jmri/jmrix/srcp/SRCPClockControlTest.java]" classname="jmri.util.FileLineEndingsTest" time="0"/>
  <testcase name="lineEndings[./java/test/jmri/jmrix/srcp/SRCPPortControllerTest.java]" classname="jmri.util.FileLineEndingsTest" time="0.001"/>
  <testcase name="lineEndings[./java/test/jmri/jmrix/srcp/networkdriver/PackageTest.java]" classname="jmri.util.FileLineEndingsTest" time="0.001"/>
  <testcase name="lineEndings[./java/test/jmri/jmrix/srcp/networkdriver/configurexml/PackageTest.java]" classname="jmri.util.FileLineEndingsTest" time="0.001"/>
  <testcase name="lineEndings[./java/test/jmri/jmrix/srcp/networkdriver/configurexml/ConnectionConfigXmlTest.java]" classname="jmri.util.FileLineEndingsTest" time="0"/>
  <testcase name="lineEndings[./java/test/jmri/jmrix/srcp/networkdriver/NetworkDriverAdapterTest.java]" classname="jmri.util.FileLineEndingsTest" time="0.001"/>
  <testcase name="lineEndings[./java/test/jmri/jmrix/srcp/networkdriver/ConnectionConfigTest.java]" classname="jmri.util.FileLineEndingsTest" time="0.001"/>
  <testcase name="lineEndings[./java/test/jmri/jmrix/srcp/SRCPProgrammerTest.java]" classname="jmri.util.FileLineEndingsTest" time="0.001"/>
  <testcase name="lineEndings[./java/test/jmri/jmrix/srcp/SRCPThrottleTest.java]" classname="jmri.util.FileLineEndingsTest" time="0"/>
  <testcase name="lineEndings[./java/test/jmri/jmrix/srcp/SRCPSensorManagerTest.java]" classname="jmri.util.FileLineEndingsTest" time="0.001"/>
  <testcase name="lineEndings[./java/test/jmri/jmrix/srcp/SRCPProgrammerManagerTest.java]" classname="jmri.util.FileLineEndingsTest" time="0.001"/>
  <testcase name="lineEndings[./java/test/jmri/jmrix/srcp/SRCPMessageTest.java]" classname="jmri.util.FileLineEndingsTest" time="0.001"/>
  <testcase name="lineEndings[./java/test/jmri/jmrix/srcp/SRCPThrottleManagerTest.java]" classname="jmri.util.FileLineEndingsTest" time="0"/>
  <testcase name="lineEndings[./java/test/jmri/jmrix/srcp/SRCPSensorTest.java]" classname="jmri.util.FileLineEndingsTest" time="0.001"/>
  <testcase name="lineEndings[./java/test/jmri/jmrix/srcp/SRCPTrafficControllerTest.java]" classname="jmri.util.FileLineEndingsTest" time="0.001"/>
  <testcase name="lineEndings[./java/test/jmri/jmrix/easydcc/simulator/PackageTest.java]" classname="jmri.util.FileLineEndingsTest" time="0.001"/>
  <testcase name="lineEndings[./java/test/jmri/jmrix/easydcc/simulator/configurexml/PackageTest.java]" classname="jmri.util.FileLineEndingsTest" time="0"/>
  <testcase name="lineEndings[./java/test/jmri/jmrix/easydcc/simulator/configurexml/ConnectionConfigXmlTest.java]" classname="jmri.util.FileLineEndingsTest" time="0.001"/>
  <testcase name="lineEndings[./java/test/jmri/jmrix/easydcc/simulator/SimulatorAdapterTest.java]" classname="jmri.util.FileLineEndingsTest" time="0.001"/>
  <testcase name="lineEndings[./java/test/jmri/jmrix/easydcc/simulator/EasyDccSimulatorTrafficControllerTest.java]" classname="jmri.util.FileLineEndingsTest" time="0.001"/>
  <testcase name="lineEndings[./java/test/jmri/jmrix/easydcc/simulator/BundleTest.java]" classname="jmri.util.FileLineEndingsTest" time="0"/>
  <testcase name="lineEndings[./java/test/jmri/jmrix/easydcc/simulator/ConnectionConfigTest.java]" classname="jmri.util.FileLineEndingsTest" time="0"/>
  <testcase name="lineEndings[./java/test/jmri/jmrix/easydcc/configurexml/EasyDccTurnoutManagerXmlTest.java]" classname="jmri.util.FileLineEndingsTest" time="0.001"/>
  <testcase name="lineEndings[./java/test/jmri/jmrix/easydcc/configurexml/PackageTest.java]" classname="jmri.util.FileLineEndingsTest" time="0.001"/>
  <testcase name="lineEndings[./java/test/jmri/jmrix/easydcc/easydccmon/BundleTest.java]" classname="jmri.util.FileLineEndingsTest" time="0"/>
  <testcase name="lineEndings[./java/test/jmri/jmrix/easydcc/easydccmon/EasyDccMonFrameTest.java]" classname="jmri.util.FileLineEndingsTest" time="0"/>
  <testcase name="lineEndings[./java/test/jmri/jmrix/easydcc/easydccmon/PackageTest.java]" classname="jmri.util.FileLineEndingsTest" time="0.001"/>
  <testcase name="lineEndings[./java/test/jmri/jmrix/easydcc/easydccmon/EasyDccMonActionTest.java]" classname="jmri.util.FileLineEndingsTest" time="0.001"/>
  <testcase name="lineEndings[./java/test/jmri/jmrix/easydcc/networkdriver/ConnectionConfigTest.java]" classname="jmri.util.FileLineEndingsTest" time="0.001"/>
  <testcase name="lineEndings[./java/test/jmri/jmrix/easydcc/networkdriver/NetworkDriverAdapterTest.java]" classname="jmri.util.FileLineEndingsTest" time="0"/>
  <testcase name="lineEndings[./java/test/jmri/jmrix/easydcc/networkdriver/configurexml/PackageTest.java]" classname="jmri.util.FileLineEndingsTest" time="0.001"/>
  <testcase name="lineEndings[./java/test/jmri/jmrix/easydcc/networkdriver/configurexml/ConnectionConfigXmlTest.java]" classname="jmri.util.FileLineEndingsTest" time="0.001"/>
  <testcase name="lineEndings[./java/test/jmri/jmrix/easydcc/networkdriver/BundleTest.java]" classname="jmri.util.FileLineEndingsTest" time="0.001"/>
  <testcase name="lineEndings[./java/test/jmri/jmrix/easydcc/networkdriver/PackageTest.java]" classname="jmri.util.FileLineEndingsTest" time="0"/>
  <testcase name="lineEndings[./java/test/jmri/jmrix/easydcc/EasyDccProgrammerManagerTest.java]" classname="jmri.util.FileLineEndingsTest" time="0.001"/>
  <testcase name="lineEndings[./java/test/jmri/jmrix/easydcc/EasyDccMenuTest.java]" classname="jmri.util.FileLineEndingsTest" time="0.001"/>
  <testcase name="lineEndings[./java/test/jmri/jmrix/easydcc/packetgen/BundleTest.java]" classname="jmri.util.FileLineEndingsTest" time="0"/>
  <testcase name="lineEndings[./java/test/jmri/jmrix/easydcc/packetgen/EasyDccPacketGenActionTest.java]" classname="jmri.util.FileLineEndingsTest" time="0.001"/>
  <testcase name="lineEndings[./java/test/jmri/jmrix/easydcc/packetgen/EasyDccPacketGenFrameTest.java]" classname="jmri.util.FileLineEndingsTest" time="0.001"/>
  <testcase name="lineEndings[./java/test/jmri/jmrix/easydcc/packetgen/PackageTest.java]" classname="jmri.util.FileLineEndingsTest" time="0.001"/>
  <testcase name="lineEndings[./java/test/jmri/jmrix/easydcc/EasyDccNetworkPortControllerTest.java]" classname="jmri.util.FileLineEndingsTest" time="0"/>
  <testcase name="lineEndings[./java/test/jmri/jmrix/easydcc/serialdriver/SerialDriverAdapterTest.java]" classname="jmri.util.FileLineEndingsTest" time="0"/>
  <testcase name="lineEndings[./java/test/jmri/jmrix/easydcc/serialdriver/PackageTest.java]" classname="jmri.util.FileLineEndingsTest" time="0.001"/>
  <testcase name="lineEndings[./java/test/jmri/jmrix/easydcc/serialdriver/configurexml/ConnectionConfigXmlTest.java]" classname="jmri.util.FileLineEndingsTest" time="0.001"/>
  <testcase name="lineEndings[./java/test/jmri/jmrix/easydcc/serialdriver/configurexml/PackageTest.java]" classname="jmri.util.FileLineEndingsTest" time="0.001"/>
  <testcase name="lineEndings[./java/test/jmri/jmrix/easydcc/serialdriver/BundleTest.java]" classname="jmri.util.FileLineEndingsTest" time="0"/>
  <testcase name="lineEndings[./java/test/jmri/jmrix/easydcc/serialdriver/ConnectionConfigTest.java]" classname="jmri.util.FileLineEndingsTest" time="0.001"/>
  <testcase name="lineEndings[./java/test/jmri/jmrix/easydcc/EasyDccTurnoutTest.java]" classname="jmri.util.FileLineEndingsTest" time="0.001"/>
  <testcase name="lineEndings[./java/test/jmri/jmrix/easydcc/EasyDccThrottleTest.java]" classname="jmri.util.FileLineEndingsTest" time="0"/>
  <testcase name="lineEndings[./java/test/jmri/jmrix/easydcc/EasyDccReplyTest.java]" classname="jmri.util.FileLineEndingsTest" time="0.001"/>
  <testcase name="lineEndings[./java/test/jmri/jmrix/easydcc/EasyDccTurnoutManagerTest.java]" classname="jmri.util.FileLineEndingsTest" time="0.001"/>
  <testcase name="lineEndings[./java/test/jmri/jmrix/easydcc/EasyDccPortControllerTest.java]" classname="jmri.util.FileLineEndingsTest" time="0.001"/>
  <testcase name="lineEndings[./java/test/jmri/jmrix/easydcc/swing/PackageTest.java]" classname="jmri.util.FileLineEndingsTest" time="0"/>
  <testcase name="lineEndings[./java/test/jmri/jmrix/easydcc/swing/EasyDccComponentFactoryTest.java]" classname="jmri.util.FileLineEndingsTest" time="0.001"/>
  <testcase name="lineEndings[./java/test/jmri/jmrix/easydcc/EasyDccConnectionTypeListTest.java]" classname="jmri.util.FileLineEndingsTest" time="0.001"/>
  <testcase name="lineEndings[./java/test/jmri/jmrix/easydcc/EasyDccProgrammerTest.java]" classname="jmri.util.FileLineEndingsTest" time="0.001"/>
  <testcase name="lineEndings[./java/test/jmri/jmrix/easydcc/EasyDccMessageTest.java]" classname="jmri.util.FileLineEndingsTest" time="0"/>
  <testcase name="lineEndings[./java/test/jmri/jmrix/easydcc/EasyDccConsistTest.java]" classname="jmri.util.FileLineEndingsTest" time="0.001"/>
  <testcase name="lineEndings[./java/test/jmri/jmrix/easydcc/EasyDccThrottleManagerTest.java]" classname="jmri.util.FileLineEndingsTest" time="0.001"/>
  <testcase name="lineEndings[./java/test/jmri/jmrix/easydcc/EasyDccTrafficControllerTest.java]" classname="jmri.util.FileLineEndingsTest" time="0.001"/>
  <testcase name="lineEndings[./java/test/jmri/jmrix/easydcc/EasyDccTrafficControlScaffold.java]" classname="jmri.util.FileLineEndingsTest" time="0"/>
  <testcase name="lineEndings[./java/test/jmri/jmrix/easydcc/EasyDccCommandStationTest.java]" classname="jmri.util.FileLineEndingsTest" time="0.001"/>
  <testcase name="lineEndings[./java/test/jmri/jmrix/easydcc/EasyDccConsistManagerTest.java]" classname="jmri.util.FileLineEndingsTest" time="0.001"/>
  <testcase name="lineEndings[./java/test/jmri/jmrix/easydcc/EasyDccPowerManagerTest.java]" classname="jmri.util.FileLineEndingsTest" time="0.001"/>
  <testcase name="lineEndings[./java/test/jmri/jmrix/easydcc/EasyDccSystemConnectionMemoTest.java]" classname="jmri.util.FileLineEndingsTest" time="0"/>
  <testcase name="lineEndings[./java/test/jmri/jmrix/easydcc/EasyDccListenerScaffold.java]" classname="jmri.util.FileLineEndingsTest" time="0.001"/>
  <testcase name="lineEndings[./java/test/jmri/jmrix/easydcc/PackageTest.java]" classname="jmri.util.FileLineEndingsTest" time="0.001"/>
  <testcase name="lineEndings[./java/test/jmri/jmrix/easydcc/BundleTest.java]" classname="jmri.util.FileLineEndingsTest" time="0.001"/>
  <testcase name="lineEndings[./java/test/jmri/jmrix/easydcc/EasyDccOpsModeProgrammerTest.java]" classname="jmri.util.FileLineEndingsTest" time="0"/>
  <testcase name="lineEndings[./java/test/jmri/jmrix/tmcc/packetgen/PackageTest.java]" classname="jmri.util.FileLineEndingsTest" time="0.001"/>
  <testcase name="lineEndings[./java/test/jmri/jmrix/tmcc/packetgen/SerialPacketGenFrameTest.java]" classname="jmri.util.FileLineEndingsTest" time="0.001"/>
  <testcase name="lineEndings[./java/test/jmri/jmrix/tmcc/packetgen/BundleTest.java]" classname="jmri.util.FileLineEndingsTest" time="0.001"/>
  <testcase name="lineEndings[./java/test/jmri/jmrix/tmcc/packetgen/SerialPacketGenActionTest.java]" classname="jmri.util.FileLineEndingsTest" time="0"/>
  <testcase name="lineEndings[./java/test/jmri/jmrix/tmcc/SerialTrafficControlScaffold.java]" classname="jmri.util.FileLineEndingsTest" time="0.001"/>
  <testcase name="lineEndings[./java/test/jmri/jmrix/tmcc/serialdriver/PackageTest.java]" classname="jmri.util.FileLineEndingsTest" time="0.001"/>
  <testcase name="lineEndings[./java/test/jmri/jmrix/tmcc/serialdriver/configurexml/ConnectionConfigXmlTest.java]" classname="jmri.util.FileLineEndingsTest" time="0.001"/>
  <testcase name="lineEndings[./java/test/jmri/jmrix/tmcc/serialdriver/configurexml/PackageTest.java]" classname="jmri.util.FileLineEndingsTest" time="0"/>
  <testcase name="lineEndings[./java/test/jmri/jmrix/tmcc/serialdriver/BundleTest.java]" classname="jmri.util.FileLineEndingsTest" time="0.001"/>
  <testcase name="lineEndings[./java/test/jmri/jmrix/tmcc/serialdriver/SerialDriverAdapterTest.java]" classname="jmri.util.FileLineEndingsTest" time="0.001"/>
  <testcase name="lineEndings[./java/test/jmri/jmrix/tmcc/serialdriver/ConnectionConfigTest.java]" classname="jmri.util.FileLineEndingsTest" time="0.001"/>
  <testcase name="lineEndings[./java/test/jmri/jmrix/tmcc/swing/TmccComponentFactoryTest.java]" classname="jmri.util.FileLineEndingsTest" time="0"/>
  <testcase name="lineEndings[./java/test/jmri/jmrix/tmcc/swing/PackageTest.java]" classname="jmri.util.FileLineEndingsTest" time="0.001"/>
  <testcase name="lineEndings[./java/test/jmri/jmrix/tmcc/BundleTest.java]" classname="jmri.util.FileLineEndingsTest" time="0.001"/>
  <testcase name="lineEndings[./java/test/jmri/jmrix/tmcc/configurexml/PackageTest.java]" classname="jmri.util.FileLineEndingsTest" time="0.001"/>
  <testcase name="lineEndings[./java/test/jmri/jmrix/tmcc/configurexml/SerialTurnoutManagerXmlTest.java]" classname="jmri.util.FileLineEndingsTest" time="0"/>
  <testcase name="lineEndings[./java/test/jmri/jmrix/tmcc/SerialThrottleManagerTest.java]" classname="jmri.util.FileLineEndingsTest" time="0.001"/>
  <testcase name="lineEndings[./java/test/jmri/jmrix/tmcc/SerialAddressTest.java]" classname="jmri.util.FileLineEndingsTest" time="0.001"/>
  <testcase name="lineEndings[./java/test/jmri/jmrix/tmcc/SerialTurnoutManagerTest.java]" classname="jmri.util.FileLineEndingsTest" time="0.001"/>
  <testcase name="lineEndings[./java/test/jmri/jmrix/tmcc/PackageTest.java]" classname="jmri.util.FileLineEndingsTest" time="0"/>
  <testcase name="lineEndings[./java/test/jmri/jmrix/tmcc/simulator/configurexml/ConnectionConfigXmlTest.java]" classname="jmri.util.FileLineEndingsTest" time="0.001"/>
  <testcase name="lineEndings[./java/test/jmri/jmrix/tmcc/simulator/configurexml/PackageTest.java]" classname="jmri.util.FileLineEndingsTest" time="0.001"/>
  <testcase name="lineEndings[./java/test/jmri/jmrix/tmcc/simulator/BundleTest.java]" classname="jmri.util.FileLineEndingsTest" time="0.001"/>
  <testcase name="lineEndings[./java/test/jmri/jmrix/tmcc/simulator/ConnectionConfigTest.java]" classname="jmri.util.FileLineEndingsTest" time="0"/>
  <testcase name="lineEndings[./java/test/jmri/jmrix/tmcc/simulator/SimulatorAdapterTest.java]" classname="jmri.util.FileLineEndingsTest" time="0.001"/>
  <testcase name="lineEndings[./java/test/jmri/jmrix/tmcc/simulator/PackageTest.java]" classname="jmri.util.FileLineEndingsTest" time="0.001"/>
  <testcase name="lineEndings[./java/test/jmri/jmrix/tmcc/serialmon/SerialMonFrameTest.java]" classname="jmri.util.FileLineEndingsTest" time="0.001"/>
  <testcase name="lineEndings[./java/test/jmri/jmrix/tmcc/serialmon/BundleTest.java]" classname="jmri.util.FileLineEndingsTest" time="0"/>
  <testcase name="lineEndings[./java/test/jmri/jmrix/tmcc/serialmon/PackageTest.java]" classname="jmri.util.FileLineEndingsTest" time="0.001"/>
  <testcase name="lineEndings[./java/test/jmri/jmrix/tmcc/serialmon/SerialMonActionTest.java]" classname="jmri.util.FileLineEndingsTest" time="0.001"/>
  <testcase name="lineEndings[./java/test/jmri/jmrix/tmcc/SerialConnectionTypeListTest.java]" classname="jmri.util.FileLineEndingsTest" time="0.001"/>
  <testcase name="lineEndings[./java/test/jmri/jmrix/tmcc/SerialReplyTest.java]" classname="jmri.util.FileLineEndingsTest" time="0"/>
  <testcase name="lineEndings[./java/test/jmri/jmrix/tmcc/SerialThrottleTest.java]" classname="jmri.util.FileLineEndingsTest" time="0.001"/>
  <testcase name="lineEndings[./java/test/jmri/jmrix/tmcc/TmccMenuTest.java]" classname="jmri.util.FileLineEndingsTest" time="0.001"/>
  <testcase name="lineEndings[./java/test/jmri/jmrix/tmcc/TmccSystemConnectionMemoTest.java]" classname="jmri.util.FileLineEndingsTest" time="0.001"/>
  <testcase name="lineEndings[./java/test/jmri/jmrix/tmcc/SerialPortControllerTest.java]" classname="jmri.util.FileLineEndingsTest" time="0"/>
  <testcase name="lineEndings[./java/test/jmri/jmrix/tmcc/SerialMessageTest.java]" classname="jmri.util.FileLineEndingsTest" time="0.001"/>
  <testcase name="lineEndings[./java/test/jmri/jmrix/tmcc/SerialTrafficControllerTest.java]" classname="jmri.util.FileLineEndingsTest" time="0.001"/>
  <testcase name="lineEndings[./java/test/jmri/jmrix/tmcc/SerialTurnoutTest.java]" classname="jmri.util.FileLineEndingsTest" time="0.001"/>
  <testcase name="lineEndings[./java/test/jmri/jmrix/modbus/slave/PackageTest.java]" classname="jmri.util.FileLineEndingsTest" time="0"/>
  <testcase name="lineEndings[./java/test/jmri/jmrix/modbus/PackageTest.java]" classname="jmri.util.FileLineEndingsTest" time="0.001"/>
  <testcase name="lineEndings[./java/test/jmri/jmrix/modbus/master/PackageTest.java]" classname="jmri.util.FileLineEndingsTest" time="0.001"/>
  <testcase name="lineEndings[./java/test/jmri/jmrix/modbus/common/PackageTest.java]" classname="jmri.util.FileLineEndingsTest" time="0.001"/>
  <testcase name="lineEndings[./java/test/jmri/jmrix/dcc/DccTurnoutTest.java]" classname="jmri.util.FileLineEndingsTest" time="0"/>
  <testcase name="lineEndings[./java/test/jmri/jmrix/dcc/PackageTest.java]" classname="jmri.util.FileLineEndingsTest" time="0.001"/>
  <testcase name="lineEndings[./java/test/jmri/jmrix/dcc/configurexml/PackageTest.java]" classname="jmri.util.FileLineEndingsTest" time="0.001"/>
  <testcase name="lineEndings[./java/test/jmri/jmrix/dcc/configurexml/DccTurnoutManagerXmlTest.java]" classname="jmri.util.FileLineEndingsTest" time="0"/>
  <testcase name="lineEndings[./java/test/jmri/jmrix/dcc/DccTurnoutManagerTest.java]" classname="jmri.util.FileLineEndingsTest" time="0.001"/>
  <testcase name="lineEndings[./java/test/jmri/jmrix/serialsensor/PackageTest.java]" classname="jmri.util.FileLineEndingsTest" time="0.001"/>
  <testcase name="lineEndings[./java/test/jmri/jmrix/serialsensor/SerialSensorAdapterTest.java]" classname="jmri.util.FileLineEndingsTest" time="0.001"/>
  <testcase name="lineEndings[./java/test/jmri/jmrix/debugthrottle/PackageTest.java]" classname="jmri.util.FileLineEndingsTest" time="0"/>
  <testcase name="lineEndings[./java/test/jmri/jmrix/debugthrottle/DebugThrottleManagerTest.java]" classname="jmri.util.FileLineEndingsTest" time="0.001"/>
  <testcase name="lineEndings[./java/test/jmri/jmrix/debugthrottle/DebugThrottleTest.java]" classname="jmri.util.FileLineEndingsTest" time="0.001"/>
  <testcase name="lineEndings[./java/test/jmri/jmrix/pricom/pockettester/PacketDataModelTest.java]" classname="jmri.util.FileLineEndingsTest" time="0.001"/>
  <testcase name="lineEndings[./java/test/jmri/jmrix/pricom/pockettester/DataSourceActionTest.java]" classname="jmri.util.FileLineEndingsTest" time="0"/>
  <testcase name="lineEndings[./java/test/jmri/jmrix/pricom/pockettester/DataSourceTest.java]" classname="jmri.util.FileLineEndingsTest" time="0.001"/>
  <testcase name="lineEndings[./java/test/jmri/jmrix/pricom/pockettester/StatusFrameTest.java]" classname="jmri.util.FileLineEndingsTest" time="0.001"/>
  <testcase name="lineEndings[./java/test/jmri/jmrix/pricom/pockettester/PocketTesterMenuTest.java]" classname="jmri.util.FileLineEndingsTest" time="0.001"/>
  <testcase name="lineEndings[./java/test/jmri/jmrix/pricom/pockettester/PackageTest.java]" classname="jmri.util.FileLineEndingsTest" time="0"/>
  <testcase name="lineEndings[./java/test/jmri/jmrix/pricom/pockettester/StatusActionTest.java]" classname="jmri.util.FileLineEndingsTest" time="0.001"/>
  <testcase name="lineEndings[./java/test/jmri/jmrix/pricom/pockettester/MonitorFrameTest.java]" classname="jmri.util.FileLineEndingsTest" time="0.001"/>
  <testcase name="lineEndings[./java/test/jmri/jmrix/pricom/pockettester/PacketTableActionTest.java]" classname="jmri.util.FileLineEndingsTest" time="0.001"/>
  <testcase name="lineEndings[./java/test/jmri/jmrix/pricom/pockettester/MonitorActionTest.java]" classname="jmri.util.FileLineEndingsTest" time="0"/>
  <testcase name="lineEndings[./java/test/jmri/jmrix/pricom/pockettester/PacketTableFrameTest.java]" classname="jmri.util.FileLineEndingsTest" time="0.001"/>
  <testcase name="lineEndings[./java/test/jmri/jmrix/pricom/downloader/PdiFileTest.java]" classname="jmri.util.FileLineEndingsTest" time="0.001"/>
  <testcase name="lineEndings[./java/test/jmri/jmrix/pricom/downloader/LoaderPanelActionTest.java]" classname="jmri.util.FileLineEndingsTest" time="0.001"/>
  <testcase name="lineEndings[./java/test/jmri/jmrix/pricom/downloader/PackageTest.java]" classname="jmri.util.FileLineEndingsTest" time="0"/>
  <testcase name="lineEndings[./java/test/jmri/jmrix/pricom/downloader/LoaderFrameTest.java]" classname="jmri.util.FileLineEndingsTest" time="0.001"/>
  <testcase name="lineEndings[./java/test/jmri/jmrix/pricom/downloader/LoaderPaneTest.java]" classname="jmri.util.FileLineEndingsTest" time="0.001"/>
  <testcase name="lineEndings[./java/test/jmri/jmrix/pricom/PackageTest.java]" classname="jmri.util.FileLineEndingsTest" time="0.001"/>
  <testcase name="lineEndings[./java/test/jmri/jmrix/pricom/PricomMenuTest.java]" classname="jmri.util.FileLineEndingsTest" time="0.001"/>
  <testcase name="lineEndings[./java/test/jmri/jmrix/ztc/ztc611/PackageTest.java]" classname="jmri.util.FileLineEndingsTest" time="0"/>
  <testcase name="lineEndings[./java/test/jmri/jmrix/ztc/ztc611/ZTC611XNetInitializationManagerTest.java]" classname="jmri.util.FileLineEndingsTest" time="0.001"/>
  <testcase name="lineEndings[./java/test/jmri/jmrix/ztc/ztc611/ZTC611XNetTurnoutManagerTest.java]" classname="jmri.util.FileLineEndingsTest" time="0.001"/>
  <testcase name="lineEndings[./java/test/jmri/jmrix/ztc/ztc611/ConnectionConfigTest.java]" classname="jmri.util.FileLineEndingsTest" time="0.001"/>
  <testcase name="lineEndings[./java/test/jmri/jmrix/ztc/ztc611/ZTC611AdapterTest.java]" classname="jmri.util.FileLineEndingsTest" time="0"/>
  <testcase name="lineEndings[./java/test/jmri/jmrix/ztc/ztc611/BundleTest.java]" classname="jmri.util.FileLineEndingsTest" time="0.001"/>
  <testcase name="lineEndings[./java/test/jmri/jmrix/ztc/ztc611/configurexml/PackageTest.java]" classname="jmri.util.FileLineEndingsTest" time="0.001"/>
  <testcase name="lineEndings[./java/test/jmri/jmrix/ztc/ztc611/configurexml/ZTC611XNetTurnoutManagerXmlTest.java]" classname="jmri.util.FileLineEndingsTest" time="0.001"/>
  <testcase name="lineEndings[./java/test/jmri/jmrix/ztc/ztc611/configurexml/ConnectionConfigXmlTest.java]" classname="jmri.util.FileLineEndingsTest" time="0"/>
  <testcase name="lineEndings[./java/test/jmri/jmrix/ztc/ztc611/ZTC611XNetPacketizerTest.java]" classname="jmri.util.FileLineEndingsTest" time="0.001"/>
  <testcase name="lineEndings[./java/test/jmri/jmrix/ztc/ztc611/ZTC611XNetTurnoutTest.java]" classname="jmri.util.FileLineEndingsTest" time="0.001"/>
  <testcase name="lineEndings[./java/test/jmri/jmrix/ztc/ZTCConnectionTypeListTest.java]" classname="jmri.util.FileLineEndingsTest" time="0.001"/>
  <testcase name="lineEndings[./java/test/jmri/jmrix/ztc/PackageTest.java]" classname="jmri.util.FileLineEndingsTest" time="0"/>
  <testcase name="lineEndings[./java/test/jmri/jmrix/ztc/BundleTest.java]" classname="jmri.util.FileLineEndingsTest" time="0.001"/>
  <testcase name="lineEndings[./java/test/jmri/jmrix/bachrus/SpeedoMenuTest.java]" classname="jmri.util.FileLineEndingsTest" time="0.001"/>
  <testcase name="lineEndings[./java/test/jmri/jmrix/bachrus/SpeedoSystemConnectionMemoTest.java]" classname="jmri.util.FileLineEndingsTest" time="0.001"/>
  <testcase name="lineEndings[./java/test/jmri/jmrix/bachrus/swing/SpeedoComponentFactoryTest.java]" classname="jmri.util.FileLineEndingsTest" time="0"/>
  <testcase name="lineEndings[./java/test/jmri/jmrix/bachrus/swing/PackageTest.java]" classname="jmri.util.FileLineEndingsTest" time="0.001"/>
  <testcase name="lineEndings[./java/test/jmri/jmrix/bachrus/swing/BundleTest.java]" classname="jmri.util.FileLineEndingsTest" time="0.001"/>
  <testcase name="lineEndings[./java/test/jmri/jmrix/bachrus/DccSpeedProfileTest.java]" classname="jmri.util.FileLineEndingsTest" time="0.001"/>
  <testcase name="lineEndings[./java/test/jmri/jmrix/bachrus/serialdriver/configurexml/PackageTest.java]" classname="jmri.util.FileLineEndingsTest" time="0"/>
  <testcase name="lineEndings[./java/test/jmri/jmrix/bachrus/serialdriver/configurexml/ConnectionConfigXmlTest.java]" classname="jmri.util.FileLineEndingsTest" time="0.001"/>
  <testcase name="lineEndings[./java/test/jmri/jmrix/bachrus/serialdriver/PackageTest.java]" classname="jmri.util.FileLineEndingsTest" time="0.001"/>
  <testcase name="lineEndings[./java/test/jmri/jmrix/bachrus/serialdriver/ConnectionConfigTest.java]" classname="jmri.util.FileLineEndingsTest" time="0.001"/>
  <testcase name="lineEndings[./java/test/jmri/jmrix/bachrus/serialdriver/SerialDriverAdapterTest.java]" classname="jmri.util.FileLineEndingsTest" time="0"/>
  <testcase name="lineEndings[./java/test/jmri/jmrix/bachrus/serialdriver/BundleTest.java]" classname="jmri.util.FileLineEndingsTest" time="0.001"/>
  <testcase name="lineEndings[./java/test/jmri/jmrix/bachrus/SpeedoConsoleActionTest.java]" classname="jmri.util.FileLineEndingsTest" time="0.001"/>
  <testcase name="lineEndings[./java/test/jmri/jmrix/bachrus/SpeedoReplyTest.java]" classname="jmri.util.FileLineEndingsTest" time="0.001"/>
  <testcase name="lineEndings[./java/test/jmri/jmrix/bachrus/SpeedoConnectionTypeListTest.java]" classname="jmri.util.FileLineEndingsTest" time="0"/>
  <testcase name="lineEndings[./java/test/jmri/jmrix/bachrus/PackageTest.java]" classname="jmri.util.FileLineEndingsTest" time="0.001"/>
  <testcase name="lineEndings[./java/test/jmri/jmrix/bachrus/BundleTest.java]" classname="jmri.util.FileLineEndingsTest" time="0.001"/>
  <testcase name="lineEndings[./java/test/jmri/jmrix/bachrus/SpeedoPortControllerTest.java]" classname="jmri.util.FileLineEndingsTest" time="0.001"/>
  <testcase name="lineEndings[./java/test/jmri/jmrix/bachrus/GraphPaneTest.java]" classname="jmri.util.FileLineEndingsTest" time="0"/>
  <testcase name="lineEndings[./java/test/jmri/jmrix/bachrus/SpeedoTrafficControllerTest.java]" classname="jmri.util.FileLineEndingsTest" time="0.001"/>
  <testcase name="lineEndings[./java/test/jmri/jmrix/bachrus/SpeedoDialTest.java]" classname="jmri.util.FileLineEndingsTest" time="0.001"/>
  <testcase name="lineEndings[./java/test/jmri/jmrix/bachrus/SpeedoConsoleFrameTest.java]" classname="jmri.util.FileLineEndingsTest" time="0"/>
  <testcase name="lineEndings[./java/test/jmri/jmrix/bachrus/SpeedTest.java]" classname="jmri.util.FileLineEndingsTest" time="0.001"/>
  <testcase name="lineEndings[./java/test/jmri/jmrix/mqtt/configurexml/MqttTurnoutManagerXmlTest.java]" classname="jmri.util.FileLineEndingsTest" time="0.001"/>
  <testcase name="lineEndings[./java/test/jmri/jmrix/mqtt/configurexml/PackageTest.java]" classname="jmri.util.FileLineEndingsTest" time="0.001"/>
  <testcase name="lineEndings[./java/test/jmri/jmrix/mqtt/configurexml/MqttConnectionConfigXmlTest.java]" classname="jmri.util.FileLineEndingsTest" time="0"/>
  <testcase name="lineEndings[./java/test/jmri/jmrix/mqtt/MqttConnectionConfigTest.java]" classname="jmri.util.FileLineEndingsTest" time="0.001"/>
  <testcase name="lineEndings[./java/test/jmri/jmrix/mqtt/PackageTest.java]" classname="jmri.util.FileLineEndingsTest" time="0.001"/>
  <testcase name="lineEndings[./java/test/jmri/jmrix/mqtt/MqttConnectionTypeListTest.java]" classname="jmri.util.FileLineEndingsTest" time="0.001"/>
  <testcase name="lineEndings[./java/test/jmri/jmrix/mqtt/MqttTurnoutTest.java]" classname="jmri.util.FileLineEndingsTest" time="0"/>
  <testcase name="lineEndings[./java/test/jmri/jmrix/mqtt/MqttTurnoutManagerTest.java]" classname="jmri.util.FileLineEndingsTest" time="0.001"/>
  <testcase name="lineEndings[./java/test/jmri/jmrix/mqtt/MqttAdapterTest.java]" classname="jmri.util.FileLineEndingsTest" time="0.001"/>
  <testcase name="lineEndings[./java/test/jmri/jmrix/mqtt/MqttSystemConnectionMemoTest.java]" classname="jmri.util.FileLineEndingsTest" time="0.001"/>
  <testcase name="lineEndings[./java/test/jmri/jmrix/AbstractThrottleTest.java]" classname="jmri.util.FileLineEndingsTest" time="0"/>
  <testcase name="lineEndings[./java/test/jmri/jmrix/AbstractMRReplyTest.java]" classname="jmri.util.FileLineEndingsTest" time="0.001"/>
  <testcase name="lineEndings[./java/test/jmri/jmrix/AbstractSerialPortControllerTestBase.java]" classname="jmri.util.FileLineEndingsTest" time="0.001"/>
  <testcase name="lineEndings[./java/test/jmri/jmrix/AbstractMonPaneTestBase.java]" classname="jmri.util.FileLineEndingsTest" time="0.001"/>
  <testcase name="lineEndings[./java/test/jmri/jmrix/AbstractNetworkPortControllerTestBase.java]" classname="jmri.util.FileLineEndingsTest" time="0"/>
  <testcase name="lineEndings[./java/test/jmri/jmrix/AbstractNodeTest.java]" classname="jmri.util.FileLineEndingsTest" time="0.001"/>
  <testcase name="lineEndings[./java/test/jmri/jmrix/AbstractMonFrameTest.java]" classname="jmri.util.FileLineEndingsTest" time="0.001"/>
  <testcase name="lineEndings[./java/test/jmri/jmrix/libusb/BundleTest.java]" classname="jmri.util.FileLineEndingsTest" time="0.001"/>
  <testcase name="lineEndings[./java/test/jmri/jmrix/libusb/PackageTest.java]" classname="jmri.util.FileLineEndingsTest" time="0"/>
  <testcase name="lineEndings[./java/test/jmri/jmrix/libusb/UsbViewActionTest.java]" classname="jmri.util.FileLineEndingsTest" time="0.001"/>
  <testcase name="lineEndings[./java/test/jmri/jmrix/configurexml/PackageTest.java]" classname="jmri.util.FileLineEndingsTest" time="0.001"/>
  <testcase name="lineEndings[./java/test/jmri/jmrix/configurexml/JmrixConfigPaneXmlTest.java]" classname="jmri.util.FileLineEndingsTest" time="0.001"/>
  <testcase name="lineEndings[./java/test/jmri/jmrix/configurexml/BundleTest.java]" classname="jmri.util.FileLineEndingsTest" time="0"/>
  <testcase name="lineEndings[./java/test/jmri/jmrix/PackageTest.java]" classname="jmri.util.FileLineEndingsTest" time="0.001"/>
  <testcase name="lineEndings[./java/test/jmri/jmrix/jinput/treecontrol/PackageTest.java]" classname="jmri.util.FileLineEndingsTest" time="0.001"/>
  <testcase name="lineEndings[./java/test/jmri/jmrix/jinput/treecontrol/TreePanelTest.java]" classname="jmri.util.FileLineEndingsTest" time="0.001"/>
  <testcase name="lineEndings[./java/test/jmri/jmrix/jinput/treecontrol/TreeFrameTest.java]" classname="jmri.util.FileLineEndingsTest" time="0"/>
  <testcase name="lineEndings[./java/test/jmri/jmrix/jinput/treecontrol/TreeActionTest.java]" classname="jmri.util.FileLineEndingsTest" time="0.001"/>
  <testcase name="lineEndings[./java/test/jmri/jmrix/jinput/PackageTest.java]" classname="jmri.util.FileLineEndingsTest" time="0.001"/>
  <testcase name="lineEndings[./java/test/jmri/jmrix/jinput/UsbNodeTest.java]" classname="jmri.util.FileLineEndingsTest" time="0.001"/>
  <testcase name="lineEndings[./java/test/jmri/jmrix/jinput/TreeModelTest.java]" classname="jmri.util.FileLineEndingsTest" time="0"/>
  <testcase name="lineEndings[./java/test/jmri/jmrix/swing/ConnectionsPreferencesPanelTest.java]" classname="jmri.util.FileLineEndingsTest" time="0.001"/>
  <testcase name="lineEndings[./java/test/jmri/jmrix/swing/BundleTest.java]" classname="jmri.util.FileLineEndingsTest" time="0.001"/>
  <testcase name="lineEndings[./java/test/jmri/jmrix/swing/PackageTest.java]" classname="jmri.util.FileLineEndingsTest" time="0.001"/>
  <testcase name="lineEndings[./java/test/jmri/jmrix/swing/SystemConnectionComboBoxTest.java]" classname="jmri.util.FileLineEndingsTest" time="0"/>
  <testcase name="lineEndings[./java/test/jmri/jmrix/connectionConfigManager/TestTypeList1B.java]" classname="jmri.util.FileLineEndingsTest" time="0.001"/>
  <testcase name="lineEndings[./java/test/jmri/jmrix/connectionConfigManager/TestTypeList2.java]" classname="jmri.util.FileLineEndingsTest" time="0.001"/>
  <testcase name="lineEndings[./java/test/jmri/jmrix/connectionConfigManager/TestTypeList1A.java]" classname="jmri.util.FileLineEndingsTest" time="0"/>
  <testcase name="lineEndings[./java/test/jmri/jmrix/connectionConfigManager/TestTypeList3.java]" classname="jmri.util.FileLineEndingsTest" time="0.001"/>
  <testcase name="lineEndings[./java/test/jmri/jmrix/BundleTest.java]" classname="jmri.util.FileLineEndingsTest" time="0.001"/>
  <testcase name="lineEndings[./java/test/jmri/jmrix/AbstractProgrammerTest.java]" classname="jmri.util.FileLineEndingsTest" time="0.001"/>
  <testcase name="lineEndings[./java/test/jmri/jmrix/JmrixConfigPaneTest.java]" classname="jmri.util.FileLineEndingsTest" time="0"/>
  <testcase name="lineEndings[./java/test/jmri/jmrix/SystemConnectionMemoTest.java]" classname="jmri.util.FileLineEndingsTest" time="0.001"/>
  <testcase name="lineEndings[./java/test/jmri/jmrix/wangrow/WangrowMenuTest.java]" classname="jmri.util.FileLineEndingsTest" time="0.001"/>
  <testcase name="lineEndings[./java/test/jmri/jmrix/wangrow/serialdriver/SerialDriverAdapterTest.java]" classname="jmri.util.FileLineEndingsTest" time="0.001"/>
  <testcase name="lineEndings[./java/test/jmri/jmrix/wangrow/serialdriver/configurexml/ConnectionConfigXmlTest.java]" classname="jmri.util.FileLineEndingsTest" time="0"/>
  <testcase name="lineEndings[./java/test/jmri/jmrix/wangrow/serialdriver/configurexml/PackageTest.java]" classname="jmri.util.FileLineEndingsTest" time="0.001"/>
  <testcase name="lineEndings[./java/test/jmri/jmrix/wangrow/serialdriver/ConnectionConfigTest.java]" classname="jmri.util.FileLineEndingsTest" time="0.001"/>
  <testcase name="lineEndings[./java/test/jmri/jmrix/wangrow/serialdriver/PackageTest.java]" classname="jmri.util.FileLineEndingsTest" time="0.001"/>
  <testcase name="lineEndings[./java/test/jmri/jmrix/wangrow/WangrowConnectionTypeListTest.java]" classname="jmri.util.FileLineEndingsTest" time="0"/>
  <testcase name="lineEndings[./java/test/jmri/jmrix/wangrow/PackageTest.java]" classname="jmri.util.FileLineEndingsTest" time="0.001"/>
  <testcase name="lineEndings[./java/test/jmri/jmrix/SystemConnectionMemoManagerTest.java]" classname="jmri.util.FileLineEndingsTest" time="0.001"/>
  <testcase name="lineEndings[./java/test/jmri/jmrix/AbstractStreamPortControllerTestBase.java]" classname="jmri.util.FileLineEndingsTest" time="0.001"/>
  <testcase name="lineEndings[./java/test/jmri/jmrix/SystemConnectionMemoTestBase.java]" classname="jmri.util.FileLineEndingsTest" time="0"/>
  <testcase name="lineEndings[./java/test/jmri/jmrix/AbstractMonPaneTest.java]" classname="jmri.util.FileLineEndingsTest" time="0.001"/>
  <testcase name="lineEndings[./java/test/jmri/jmrix/AbstractMonPaneScaffold.java]" classname="jmri.util.FileLineEndingsTest" time="0.001"/>
  <testcase name="lineEndings[./java/test/jmri/jmrix/ConnectionConfigManagerTest.java]" classname="jmri.util.FileLineEndingsTest" time="0.001"/>
  <testcase name="lineEndings[./java/test/jmri/jmrix/AbstractPowerManagerTestBase.java]" classname="jmri.util.FileLineEndingsTest" time="0"/>
  <testcase name="lineEndings[./java/test/jmri/jmrix/AbstractSerialPortControllerScaffold.java]" classname="jmri.util.FileLineEndingsTest" time="0.001"/>
  <testcase name="lineEndings[./java/test/jmri/jmrix/UsbPortAdapterTest.java]" classname="jmri.util.FileLineEndingsTest" time="0.001"/>
  <testcase name="lineEndings[./java/test/jmri/jmrix/AbstractThrottleManagerTest.java]" classname="jmri.util.FileLineEndingsTest" time="0.001"/>
  <testcase name="lineEndings[./java/test/jmri/jmrix/AbstractMRMessageTest.java]" classname="jmri.util.FileLineEndingsTest" time="0"/>
  <testcase name="lineEndings[./java/test/jmri/jmrix/merg/MergConnectionTypeListTest.java]" classname="jmri.util.FileLineEndingsTest" time="0.001"/>
  <testcase name="lineEndings[./java/test/jmri/jmrix/merg/PackageTest.java]" classname="jmri.util.FileLineEndingsTest" time="0.001"/>
  <testcase name="lineEndings[./java/test/jmri/jmrix/AbstractPortControllerScaffold.java]" classname="jmri.util.FileLineEndingsTest" time="0"/>
  <testcase name="lineEndings[./java/test/jmri/jmrix/AbstractMessageTest.java]" classname="jmri.util.FileLineEndingsTest" time="0"/>
  <testcase name="lineEndings[./java/test/jmri/jmrix/OtherConnectionTypeListTest.java]" classname="jmri.util.FileLineEndingsTest" time="0.001"/>
  <testcase name="lineEndings[./java/test/jmri/jmrit/roster/swing/attributetable/AttributeTableModelTest.java]" classname="jmri.util.FileLineEndingsTest" time="0.001"/>
  <testcase name="lineEndings[./java/test/jmri/jmrit/roster/swing/attributetable/PackageTest.java]" classname="jmri.util.FileLineEndingsTest" time="0"/>
  <testcase name="lineEndings[./java/test/jmri/jmrit/roster/swing/CreateRosterGroupActionTest.java]" classname="jmri.util.FileLineEndingsTest" time="0.001"/>
  <testcase name="lineEndings[./java/test/jmri/jmrit/roster/swing/rostertree/RosterTreeNodeTest.java]" classname="jmri.util.FileLineEndingsTest" time="0.001"/>
  <testcase name="lineEndings[./java/test/jmri/jmrit/roster/swing/rostertree/PackageTest.java]" classname="jmri.util.FileLineEndingsTest" time="0.001"/>
  <testcase name="lineEndings[./java/test/jmri/jmrit/roster/swing/RemoveRosterEntryToGroupActionTest.java]" classname="jmri.util.FileLineEndingsTest" time="0"/>
  <testcase name="lineEndings[./java/test/jmri/jmrit/roster/swing/RenameRosterGroupActionTest.java]" classname="jmri.util.FileLineEndingsTest" time="0.001"/>
  <testcase name="lineEndings[./java/test/jmri/jmrit/roster/swing/RosterFrameStartupActionFactoryTest.java]" classname="jmri.util.FileLineEndingsTest" time="0.001"/>
  <testcase name="lineEndings[./java/test/jmri/jmrit/roster/swing/speedprofile/SpeedProfileFrameTest.java]" classname="jmri.util.FileLineEndingsTest" time="0.001"/>
  <testcase name="lineEndings[./java/test/jmri/jmrit/roster/swing/speedprofile/PackageTest.java]" classname="jmri.util.FileLineEndingsTest" time="0"/>
  <testcase name="lineEndings[./java/test/jmri/jmrit/roster/swing/speedprofile/SpeedProfileTableTest.java]" classname="jmri.util.FileLineEndingsTest" time="0.001"/>
  <testcase name="lineEndings[./java/test/jmri/jmrit/roster/swing/speedprofile/SpeedProfileActionTest.java]" classname="jmri.util.FileLineEndingsTest" time="0.001"/>
  <testcase name="lineEndings[./java/test/jmri/jmrit/roster/swing/speedprofile/BundleTest.java]" classname="jmri.util.FileLineEndingsTest" time="0.001"/>
  <testcase name="lineEndings[./java/test/jmri/jmrit/roster/swing/speedprofile/SpeedProfilePanelTest.java]" classname="jmri.util.FileLineEndingsTest" time="0"/>
  <testcase name="lineEndings[./java/test/jmri/jmrit/roster/swing/rostergroup/RosterGroupTableFrameTest.java]" classname="jmri.util.FileLineEndingsTest" time="0.001"/>
  <testcase name="lineEndings[./java/test/jmri/jmrit/roster/swing/rostergroup/RosterGroupTableModelTest.java]" classname="jmri.util.FileLineEndingsTest" time="0.001"/>
  <testcase name="lineEndings[./java/test/jmri/jmrit/roster/swing/rostergroup/RosterGroupTableActionTest.java]" classname="jmri.util.FileLineEndingsTest" time="0.001"/>
  <testcase name="lineEndings[./java/test/jmri/jmrit/roster/swing/rostergroup/PackageTest.java]" classname="jmri.util.FileLineEndingsTest" time="0"/>
  <testcase name="lineEndings[./java/test/jmri/jmrit/roster/swing/rostergroup/BundleTest.java]" classname="jmri.util.FileLineEndingsTest" time="0.001"/>
  <testcase name="lineEndings[./java/test/jmri/jmrit/roster/swing/RosterGroupComboBoxTest.java]" classname="jmri.util.FileLineEndingsTest" time="0.001"/>
  <testcase name="lineEndings[./java/test/jmri/jmrit/roster/swing/RosterTableTest.java]" classname="jmri.util.FileLineEndingsTest" time="0.001"/>
  <testcase name="lineEndings[./java/test/jmri/jmrit/roster/swing/DeleteRosterGroupActionTest.java]" classname="jmri.util.FileLineEndingsTest" time="0"/>
  <testcase name="lineEndings[./java/test/jmri/jmrit/roster/swing/RosterEntryListCellRendererTest.java]" classname="jmri.util.FileLineEndingsTest" time="0.001"/>
  <testcase name="lineEndings[./java/test/jmri/jmrit/roster/swing/PackageTest.java]" classname="jmri.util.FileLineEndingsTest" time="0.001"/>
  <testcase name="lineEndings[./java/test/jmri/jmrit/roster/swing/BundleTest.java]" classname="jmri.util.FileLineEndingsTest" time="0.001"/>
  <testcase name="lineEndings[./java/test/jmri/jmrit/roster/swing/RosterFrameScaffold.java]" classname="jmri.util.FileLineEndingsTest" time="0"/>
  <testcase name="lineEndings[./java/test/jmri/jmrit/roster/swing/CopyRosterGroupActionTest.java]" classname="jmri.util.FileLineEndingsTest" time="0"/>
  <testcase name="lineEndings[./java/test/jmri/jmrit/roster/swing/RosterEntryToGroupActionTest.java]" classname="jmri.util.FileLineEndingsTest" time="0.001"/>
  <testcase name="lineEndings[./java/test/jmri/jmrit/roster/swing/RosterEntrySelectorPanelTest.java]" classname="jmri.util.FileLineEndingsTest" time="0.001"/>
  <testcase name="lineEndings[./java/test/jmri/jmrit/roster/swing/RosterTableModelTest.java]" classname="jmri.util.FileLineEndingsTest" time="0"/>
  <testcase name="lineEndings[./java/test/jmri/jmrit/roster/swing/RosterGroupsPanelTest.java]" classname="jmri.util.FileLineEndingsTest" time="0.001"/>
  <testcase name="lineEndings[./java/test/jmri/jmrit/roster/swing/GlobalRosterEntryComboBoxTest.java]" classname="jmri.util.FileLineEndingsTest" time="0.001"/>
  <testcase name="lineEndings[./java/test/jmri/jmrit/roster/swing/RosterMenuTest.java]" classname="jmri.util.FileLineEndingsTest" time="0.001"/>
  <testcase name="lineEndings[./java/test/jmri/jmrit/roster/swing/RosterEntryComboBoxTest.java]" classname="jmri.util.FileLineEndingsTest" time="0"/>
  <testcase name="lineEndings[./java/test/jmri/jmrit/roster/swing/RosterFrameTest.java]" classname="jmri.util.FileLineEndingsTest" time="0.001"/>
  <testcase name="lineEndings[./java/test/jmri/jmrit/roster/swing/RosterFrameActionTest.java]" classname="jmri.util.FileLineEndingsTest" time="0.001"/>
  <testcase name="lineEndings[./java/test/jmri/jmrit/roster/FullBackupImportActionTest.java]" classname="jmri.util.FileLineEndingsTest" time="0.001"/>
  <testcase name="lineEndings[./java/test/jmri/jmrit/roster/DeleteRosterItemActionTest.java]" classname="jmri.util.FileLineEndingsTest" time="0"/>
  <testcase name="lineEndings[./java/test/jmri/jmrit/roster/ExportRosterItemActionTest.java]" classname="jmri.util.FileLineEndingsTest" time="0.001"/>
  <testcase name="lineEndings[./java/test/jmri/jmrit/roster/PackageTest.java]" classname="jmri.util.FileLineEndingsTest" time="0.001"/>
  <testcase name="lineEndings[./java/test/jmri/jmrit/roster/LocoFileTest.java]" classname="jmri.util.FileLineEndingsTest" time="0.001"/>
  <testcase name="lineEndings[./java/test/jmri/jmrit/roster/BundleTest.java]" classname="jmri.util.FileLineEndingsTest" time="0"/>
  <testcase name="lineEndings[./java/test/jmri/jmrit/roster/PrintListActionTest.java]" classname="jmri.util.FileLineEndingsTest" time="0.001"/>
  <testcase name="lineEndings[./java/test/jmri/jmrit/roster/IdentifyLocoTest.java]" classname="jmri.util.FileLineEndingsTest" time="0.001"/>
  <testcase name="lineEndings[./java/test/jmri/jmrit/roster/RosterTest.java]" classname="jmri.util.FileLineEndingsTest" time="0.001"/>
  <testcase name="lineEndings[./java/test/jmri/jmrit/roster/RosterRecorderTest.java]" classname="jmri.util.FileLineEndingsTest" time="0"/>
  <testcase name="lineEndings[./java/test/jmri/jmrit/roster/rostergroup/PackageTest.java]" classname="jmri.util.FileLineEndingsTest" time="0.001"/>
  <testcase name="lineEndings[./java/test/jmri/jmrit/roster/rostergroup/RosterGroupTest.java]" classname="jmri.util.FileLineEndingsTest" time="0.001"/>
  <testcase name="lineEndings[./java/test/jmri/jmrit/roster/configurexml/PackageTest.java]" classname="jmri.util.FileLineEndingsTest" time="0.001"/>
  <testcase name="lineEndings[./java/test/jmri/jmrit/roster/configurexml/RosterConfigPaneXmlTest.java]" classname="jmri.util.FileLineEndingsTest" time="0"/>
  <testcase name="lineEndings[./java/test/jmri/jmrit/roster/RosterEntryPaneTest.java]" classname="jmri.util.FileLineEndingsTest" time="0.001"/>
  <testcase name="lineEndings[./java/test/jmri/jmrit/roster/RosterIconFactoryTest.java]" classname="jmri.util.FileLineEndingsTest" time="0.008"/>
  <testcase name="lineEndings[./java/test/jmri/jmrit/roster/FunctionLabelPaneTest.java]" classname="jmri.util.FileLineEndingsTest" time="0.001"/>
  <testcase name="lineEndings[./java/test/jmri/jmrit/roster/ImportRosterItemActionTest.java]" classname="jmri.util.FileLineEndingsTest" time="0"/>
  <testcase name="lineEndings[./java/test/jmri/jmrit/roster/RosterConfigManagerTest.java]" classname="jmri.util.FileLineEndingsTest" time="0.001"/>
  <testcase name="lineEndings[./java/test/jmri/jmrit/roster/RosterSpeedProfileTest.java]" classname="jmri.util.FileLineEndingsTest" time="0.001"/>
  <testcase name="lineEndings[./java/test/jmri/jmrit/roster/CopyRosterItemActionTest.java]" classname="jmri.util.FileLineEndingsTest" time="0.001"/>
  <testcase name="lineEndings[./java/test/jmri/jmrit/roster/RosterMediaPaneTest.java]" classname="jmri.util.FileLineEndingsTest" time="0.001"/>
  <testcase name="lineEndings[./java/test/jmri/jmrit/roster/PrintRosterEntryTest.java]" classname="jmri.util.FileLineEndingsTest" time="0.001"/>
  <testcase name="lineEndings[./java/test/jmri/jmrit/roster/FullBackupExportActionTest.java]" classname="jmri.util.FileLineEndingsTest" time="0.001"/>
  <testcase name="lineEndings[./java/test/jmri/jmrit/roster/RosterConfigPaneTest.java]" classname="jmri.util.FileLineEndingsTest" time="0"/>
  <testcase name="lineEndings[./java/test/jmri/jmrit/roster/RecreateRosterActionTest.java]" classname="jmri.util.FileLineEndingsTest" time="0.001"/>
  <testcase name="lineEndings[./java/test/jmri/jmrit/roster/RosterEntryTest.java]" classname="jmri.util.FileLineEndingsTest" time="0.001"/>
  <testcase name="lineEndings[./java/test/jmri/jmrit/roster/PrintRosterActionTest.java]" classname="jmri.util.FileLineEndingsTest" time="0.001"/>
  <testcase name="lineEndings[./java/test/jmri/jmrit/roster/UpdateDecoderDefinitionActionTest.java]" classname="jmri.util.FileLineEndingsTest" time="0.001"/>
  <testcase name="lineEndings[./java/test/jmri/jmrit/automat/monitor/AutomatTableActionTest.java]" classname="jmri.util.FileLineEndingsTest" time="0.001"/>
  <testcase name="lineEndings[./java/test/jmri/jmrit/automat/monitor/AutomatTableDataModelTest.java]" classname="jmri.util.FileLineEndingsTest" time="0.001"/>
  <testcase name="lineEndings[./java/test/jmri/jmrit/automat/monitor/PackageTest.java]" classname="jmri.util.FileLineEndingsTest" time="0"/>
  <testcase name="lineEndings[./java/test/jmri/jmrit/automat/monitor/AutomatTableFrameTest.java]" classname="jmri.util.FileLineEndingsTest" time="0.001"/>
  <testcase name="lineEndings[./java/test/jmri/jmrit/automat/JythonSigletTest.java]" classname="jmri.util.FileLineEndingsTest" time="0.001"/>
  <testcase name="lineEndings[./java/test/jmri/jmrit/automat/AbstractAutomatonTest.java]" classname="jmri.util.FileLineEndingsTest" time="0.001"/>
  <testcase name="lineEndings[./java/test/jmri/jmrit/automat/SampleAutomaton3ActionTest.java]" classname="jmri.util.FileLineEndingsTest" time="0.001"/>
  <testcase name="lineEndings[./java/test/jmri/jmrit/automat/AutomatTest.java]" classname="jmri.util.FileLineEndingsTest" time="0.001"/>
  <testcase name="lineEndings[./java/test/jmri/jmrit/automat/JythonAutomatonActionTest.java]" classname="jmri.util.FileLineEndingsTest" time="0.001"/>
  <testcase name="lineEndings[./java/test/jmri/jmrit/automat/SampleAutomatonActionTest.java]" classname="jmri.util.FileLineEndingsTest" time="0"/>
  <testcase name="lineEndings[./java/test/jmri/jmrit/automat/PackageTest.java]" classname="jmri.util.FileLineEndingsTest" time="0.001"/>
  <testcase name="lineEndings[./java/test/jmri/jmrit/automat/JythonSigletActionTest.java]" classname="jmri.util.FileLineEndingsTest" time="0.001"/>
  <testcase name="lineEndings[./java/test/jmri/jmrit/automat/SampleAutomaton2Test.java]" classname="jmri.util.FileLineEndingsTest" time="0.001"/>
  <testcase name="lineEndings[./java/test/jmri/jmrit/automat/SampleAutomaton3Test.java]" classname="jmri.util.FileLineEndingsTest" time="0.001"/>
  <testcase name="lineEndings[./java/test/jmri/jmrit/automat/SampleAutomatonTest.java]" classname="jmri.util.FileLineEndingsTest" time="0.001"/>
  <testcase name="lineEndings[./java/test/jmri/jmrit/automat/SampleAutomaton2ActionTest.java]" classname="jmri.util.FileLineEndingsTest" time="0"/>
  <testcase name="lineEndings[./java/test/jmri/jmrit/automat/JythonAutomatonTest.java]" classname="jmri.util.FileLineEndingsTest" time="0.001"/>
  <testcase name="lineEndings[./java/test/jmri/jmrit/automat/SigletTest.java]" classname="jmri.util.FileLineEndingsTest" time="0.001"/>
  <testcase name="lineEndings[./java/test/jmri/jmrit/automat/AutomatSummaryTest.java]" classname="jmri.util.FileLineEndingsTest" time="0.001"/>
  <testcase name="lineEndings[./java/test/jmri/jmrit/beantable/RouteTableActionTest.java]" classname="jmri.util.FileLineEndingsTest" time="0.001"/>
  <testcase name="lineEndings[./java/test/jmri/jmrit/beantable/SensorTableTabActionTest.java]" classname="jmri.util.FileLineEndingsTest" time="0.001"/>
  <testcase name="lineEndings[./java/test/jmri/jmrit/beantable/beanedit/SensorDebounceEditActionTest.java]" classname="jmri.util.FileLineEndingsTest" time="0"/>
  <testcase name="lineEndings[./java/test/jmri/jmrit/beantable/beanedit/BeanItemPanelTest.java]" classname="jmri.util.FileLineEndingsTest" time="0.001"/>
  <testcase name="lineEndings[./java/test/jmri/jmrit/beantable/beanedit/TurnoutEditActionTest.java]" classname="jmri.util.FileLineEndingsTest" time="0.001"/>
  <testcase name="lineEndings[./java/test/jmri/jmrit/beantable/beanedit/PackageTest.java]" classname="jmri.util.FileLineEndingsTest" time="0.001"/>
  <testcase name="lineEndings[./java/test/jmri/jmrit/beantable/beanedit/SensorEditActionTest.java]" classname="jmri.util.FileLineEndingsTest" time="0.001"/>
  <testcase name="lineEndings[./java/test/jmri/jmrit/beantable/beanedit/BundleTest.java]" classname="jmri.util.FileLineEndingsTest" time="0.001"/>
  <testcase name="lineEndings[./java/test/jmri/jmrit/beantable/beanedit/BlockEditActionTest.java]" classname="jmri.util.FileLineEndingsTest" time="0.001"/>
  <testcase name="lineEndings[./java/test/jmri/jmrit/beantable/beanedit/BeanEditItemTest.java]" classname="jmri.util.FileLineEndingsTest" time="0.001"/>
  <testcase name="lineEndings[./java/test/jmri/jmrit/beantable/beanedit/SensorPullUpEditActionTest.java]" classname="jmri.util.FileLineEndingsTest" time="0"/>
  <testcase name="lineEndings[./java/test/jmri/jmrit/beantable/signalmast/AddSignalMastJFrameTest.java]" classname="jmri.util.FileLineEndingsTest" time="0.001"/>
  <testcase name="lineEndings[./java/test/jmri/jmrit/beantable/signalmast/PackageTest.java]" classname="jmri.util.FileLineEndingsTest" time="0.001"/>
  <testcase name="lineEndings[./java/test/jmri/jmrit/beantable/signalmast/AddSignalMastPanelTest.java]" classname="jmri.util.FileLineEndingsTest" time="0.001"/>
  <testcase name="lineEndings[./java/test/jmri/jmrit/beantable/signalmast/BundleTest.java]" classname="jmri.util.FileLineEndingsTest" time="0.001"/>
  <testcase name="lineEndings[./java/test/jmri/jmrit/beantable/signalmast/SignalMastRepeaterJFrameTest.java]" classname="jmri.util.FileLineEndingsTest" time="0.001"/>
  <testcase name="lineEndings[./java/test/jmri/jmrit/beantable/signalmast/SignalMastRepeaterPanelTest.java]" classname="jmri.util.FileLineEndingsTest" time="0"/>
  <testcase name="lineEndings[./java/test/jmri/jmrit/beantable/signalmast/SignalMastTableDataModelTest.java]" classname="jmri.util.FileLineEndingsTest" time="0.001"/>
  <testcase name="lineEndings[./java/test/jmri/jmrit/beantable/BundleTest.java]" classname="jmri.util.FileLineEndingsTest" time="0.001"/>
  <testcase name="lineEndings[./java/test/jmri/jmrit/beantable/BeanTablePaneTest.java]" classname="jmri.util.FileLineEndingsTest" time="0.001"/>
  <testcase name="lineEndings[./java/test/jmri/jmrit/beantable/TurnoutTableTabActionTest.java]" classname="jmri.util.FileLineEndingsTest" time="0.001"/>
  <testcase name="lineEndings[./java/test/jmri/jmrit/beantable/ListedTableActionTest.java]" classname="jmri.util.FileLineEndingsTest" time="0.001"/>
  <testcase name="lineEndings[./java/test/jmri/jmrit/beantable/BlockTableActionTest.java]" classname="jmri.util.FileLineEndingsTest" time="0"/>
  <testcase name="lineEndings[./java/test/jmri/jmrit/beantable/AudioTableActionTest.java]" classname="jmri.util.FileLineEndingsTest" time="0.001"/>
  <testcase name="lineEndings[./java/test/jmri/jmrit/beantable/LogixTableActionTest.java]" classname="jmri.util.FileLineEndingsTest" time="0.001"/>
  <testcase name="lineEndings[./java/test/jmri/jmrit/beantable/ReporterTableActionTest.java]" classname="jmri.util.FileLineEndingsTest" time="0.001"/>
  <testcase name="lineEndings[./java/test/jmri/jmrit/beantable/SectionTableActionTest.java]" classname="jmri.util.FileLineEndingsTest" time="0.001"/>
  <testcase name="lineEndings[./java/test/jmri/jmrit/beantable/MaintenanceTest.java]" classname="jmri.util.FileLineEndingsTest" time="0.001"/>
  <testcase name="lineEndings[./java/test/jmri/jmrit/beantable/SignalMastTableActionTest.java]" classname="jmri.util.FileLineEndingsTest" time="0.001"/>
  <testcase name="lineEndings[./java/test/jmri/jmrit/beantable/SignalHeadTableActionTest.java]" classname="jmri.util.FileLineEndingsTest" time="0"/>
  <testcase name="lineEndings[./java/test/jmri/jmrit/beantable/SensorTableActionTest.java]" classname="jmri.util.FileLineEndingsTest" time="0.001"/>
  <testcase name="lineEndings[./java/test/jmri/jmrit/beantable/SignalGroupTableActionTest.java]" classname="jmri.util.FileLineEndingsTest" time="0.001"/>
  <testcase name="lineEndings[./java/test/jmri/jmrit/beantable/oblock/OBlockTableModelTest.java]" classname="jmri.util.FileLineEndingsTest" time="0.001"/>
  <testcase name="lineEndings[./java/test/jmri/jmrit/beantable/oblock/BlockPathTableModelTest.java]" classname="jmri.util.FileLineEndingsTest" time="0.001"/>
  <testcase name="lineEndings[./java/test/jmri/jmrit/beantable/oblock/PackageTest.java]" classname="jmri.util.FileLineEndingsTest" time="0.001"/>
  <testcase name="lineEndings[./java/test/jmri/jmrit/beantable/oblock/BlockPortalTableModelTest.java]" classname="jmri.util.FileLineEndingsTest" time="0"/>
  <testcase name="lineEndings[./java/test/jmri/jmrit/beantable/oblock/PathTurnoutTableModelTest.java]" classname="jmri.util.FileLineEndingsTest" time="0.001"/>
  <testcase name="lineEndings[./java/test/jmri/jmrit/beantable/oblock/TableFramesTest.java]" classname="jmri.util.FileLineEndingsTest" time="0.001"/>
  <testcase name="lineEndings[./java/test/jmri/jmrit/beantable/oblock/PortalTableModelTest.java]" classname="jmri.util.FileLineEndingsTest" time="0.001"/>
  <testcase name="lineEndings[./java/test/jmri/jmrit/beantable/oblock/SignalTableModelTest.java]" classname="jmri.util.FileLineEndingsTest" time="0.001"/>
  <testcase name="lineEndings[./java/test/jmri/jmrit/beantable/oblock/DnDJTableTest.java]" classname="jmri.util.FileLineEndingsTest" time="0.001"/>
  <testcase name="lineEndings[./java/test/jmri/jmrit/beantable/oblock/BundleTest.java]" classname="jmri.util.FileLineEndingsTest" time="0.001"/>
  <testcase name="lineEndings[./java/test/jmri/jmrit/beantable/usermessagepreferences/UserMessagePreferencesPaneTest.java]" classname="jmri.util.FileLineEndingsTest" time="0"/>
  <testcase name="lineEndings[./java/test/jmri/jmrit/beantable/usermessagepreferences/PackageTest.java]" classname="jmri.util.FileLineEndingsTest" time="0.001"/>
  <testcase name="lineEndings[./java/test/jmri/jmrit/beantable/sensor/BundleTest.java]" classname="jmri.util.FileLineEndingsTest" time="0.001"/>
  <testcase name="lineEndings[./java/test/jmri/jmrit/beantable/sensor/PackageTest.java]" classname="jmri.util.FileLineEndingsTest" time="0.001"/>
  <testcase name="lineEndings[./java/test/jmri/jmrit/beantable/sensor/SensorTableDataModelTest.java]" classname="jmri.util.FileLineEndingsTest" time="0.001"/>
  <testcase name="lineEndings[./java/test/jmri/jmrit/beantable/AddNewBeanPanelTest.java]" classname="jmri.util.FileLineEndingsTest" time="0.001"/>
  <testcase name="lineEndings[./java/test/jmri/jmrit/beantable/TransitTableActionTest.java]" classname="jmri.util.FileLineEndingsTest" time="0"/>
  <testcase name="lineEndings[./java/test/jmri/jmrit/beantable/SensorTableWindowTest.java]" classname="jmri.util.FileLineEndingsTest" time="0.001"/>
  <testcase name="lineEndings[./java/test/jmri/jmrit/beantable/OBlockTableActionTest.java]" classname="jmri.util.FileLineEndingsTest" time="0.001"/>
  <testcase name="lineEndings[./java/test/jmri/jmrit/beantable/LightTableActionTest.java]" classname="jmri.util.FileLineEndingsTest" time="0.001"/>
  <testcase name="lineEndings[./java/test/jmri/jmrit/beantable/RailComTableActionTest.java]" classname="jmri.util.FileLineEndingsTest" time="0.001"/>
  <testcase name="lineEndings[./java/test/jmri/jmrit/beantable/PackageTest.java]" classname="jmri.util.FileLineEndingsTest" time="0.001"/>
  <testcase name="lineEndings[./java/test/jmri/jmrit/beantable/LRouteTableActionTest.java]" classname="jmri.util.FileLineEndingsTest" time="0.001"/>
  <testcase name="lineEndings[./java/test/jmri/jmrit/beantable/AbstractTableActionBase.java]" classname="jmri.util.FileLineEndingsTest" time="0"/>
  <testcase name="lineEndings[./java/test/jmri/jmrit/beantable/AddNewDevicePanelTest.java]" classname="jmri.util.FileLineEndingsTest" time="0.001"/>
  <testcase name="lineEndings[./java/test/jmri/jmrit/beantable/IdTagTableActionTest.java]" classname="jmri.util.FileLineEndingsTest" time="0.001"/>
  <testcase name="lineEndings[./java/test/jmri/jmrit/beantable/LightTableWindowTest.java]" classname="jmri.util.FileLineEndingsTest" time="0.001"/>
  <testcase name="lineEndings[./java/test/jmri/jmrit/beantable/ListedTableFrameTest.java]" classname="jmri.util.FileLineEndingsTest" time="0.001"/>
  <testcase name="lineEndings[./java/test/jmri/jmrit/beantable/LightTableTabActionTest.java]" classname="jmri.util.FileLineEndingsTest" time="0.001"/>
  <testcase name="lineEndings[./java/test/jmri/jmrit/beantable/MemoryTableActionTest.java]" classname="jmri.util.FileLineEndingsTest" time="0"/>
  <testcase name="lineEndings[./java/test/jmri/jmrit/beantable/AudioTablePanelTest.java]" classname="jmri.util.FileLineEndingsTest" time="0.001"/>
  <testcase name="lineEndings[./java/test/jmri/jmrit/beantable/AudioTableFrameTest.java]" classname="jmri.util.FileLineEndingsTest" time="0.001"/>
  <testcase name="lineEndings[./java/test/jmri/jmrit/beantable/TurnoutTableActionTest.java]" classname="jmri.util.FileLineEndingsTest" time="0.001"/>
  <testcase name="lineEndings[./java/test/jmri/jmrit/beantable/SignalMastLogicTableActionTest.java]" classname="jmri.util.FileLineEndingsTest" time="0.001"/>
  <testcase name="lineEndings[./java/test/jmri/jmrit/beantable/AddNewHardwareDevicePanelTest.java]" classname="jmri.util.FileLineEndingsTest" time="0.001"/>
  <testcase name="lineEndings[./java/test/jmri/jmrit/beantable/BeanTableFrameTest.java]" classname="jmri.util.FileLineEndingsTest" time="0"/>
  <testcase name="lineEndings[./java/test/jmri/jmrit/beantable/EnablingCheckboxRendererTest.java]" classname="jmri.util.FileLineEndingsTest" time="0.001"/>
  <testcase name="lineEndings[./java/test/jmri/jmrit/beantable/SignalGroupSubTableActionTest.java]" classname="jmri.util.FileLineEndingsTest" time="0.001"/>
  <testcase name="lineEndings[./java/test/jmri/jmrit/beantable/SetPhysicalLocationActionTest.java]" classname="jmri.util.FileLineEndingsTest" time="0.001"/>
  <testcase name="lineEndings[./java/test/jmri/jmrit/beantable/TurnoutTableWindowTest.java]" classname="jmri.util.FileLineEndingsTest" time="0.001"/>
  <testcase name="lineEndings[./java/test/jmri/jmrit/symbolicprog/FactoryResetActionTest.java]" classname="jmri.util.FileLineEndingsTest" time="0.001"/>
  <testcase name="lineEndings[./java/test/jmri/jmrit/symbolicprog/PrintActionTest.java]" classname="jmri.util.FileLineEndingsTest" time="0"/>
  <testcase name="lineEndings[./java/test/jmri/jmrit/symbolicprog/ComboCheckBoxTest.java]" classname="jmri.util.FileLineEndingsTest" time="0.001"/>
  <testcase name="lineEndings[./java/test/jmri/jmrit/symbolicprog/ComboOffRadioButtonTest.java]" classname="jmri.util.FileLineEndingsTest" time="0.001"/>
  <testcase name="lineEndings[./java/test/jmri/jmrit/symbolicprog/LocoSelPaneTest.java]" classname="jmri.util.FileLineEndingsTest" time="0.001"/>
  <testcase name="lineEndings[./java/test/jmri/jmrit/symbolicprog/SpeedTableVarValueTest.java]" classname="jmri.util.FileLineEndingsTest" time="0.001"/>
  <testcase name="lineEndings[./java/test/jmri/jmrit/symbolicprog/ArithmeticQualifierTest.java]" classname="jmri.util.FileLineEndingsTest" time="0.001"/>
  <testcase name="lineEndings[./java/test/jmri/jmrit/symbolicprog/CsvImportActionTest.java]" classname="jmri.util.FileLineEndingsTest" time="0.001"/>
  <testcase name="lineEndings[./java/test/jmri/jmrit/symbolicprog/tabbedframe/PackageTest.java]" classname="jmri.util.FileLineEndingsTest" time="0"/>
  <testcase name="lineEndings[./java/test/jmri/jmrit/symbolicprog/tabbedframe/PaneSetTest.java]" classname="jmri.util.FileLineEndingsTest" time="0.001"/>
  <testcase name="lineEndings[./java/test/jmri/jmrit/symbolicprog/tabbedframe/PaneEditActionTest.java]" classname="jmri.util.FileLineEndingsTest" time="0.001"/>
  <testcase name="lineEndings[./java/test/jmri/jmrit/symbolicprog/tabbedframe/QualifiedVarTest.java]" classname="jmri.util.FileLineEndingsTest" time="0.001"/>
  <testcase name="lineEndings[./java/test/jmri/jmrit/symbolicprog/tabbedframe/SchemaTest.java]" classname="jmri.util.FileLineEndingsTest" time="0.001"/>
  <testcase name="lineEndings[./java/test/jmri/jmrit/symbolicprog/tabbedframe/PaneProgFrameTest.java]" classname="jmri.util.FileLineEndingsTest" time="0.001"/>
  <testcase name="lineEndings[./java/test/jmri/jmrit/symbolicprog/tabbedframe/PaneProgPaneTest.java]" classname="jmri.util.FileLineEndingsTest" time="0.001"/>
  <testcase name="lineEndings[./java/test/jmri/jmrit/symbolicprog/tabbedframe/PaneServiceProgFrameTest.java]" classname="jmri.util.FileLineEndingsTest" time="0"/>
  <testcase name="lineEndings[./java/test/jmri/jmrit/symbolicprog/tabbedframe/JComponentQualifierTest.java]" classname="jmri.util.FileLineEndingsTest" time="0.001"/>
  <testcase name="lineEndings[./java/test/jmri/jmrit/symbolicprog/tabbedframe/WatchingLabelTest.java]" classname="jmri.util.FileLineEndingsTest" time="0.001"/>
  <testcase name="lineEndings[./java/test/jmri/jmrit/symbolicprog/tabbedframe/PaneNewProgActionTest.java]" classname="jmri.util.FileLineEndingsTest" time="0.001"/>
  <testcase name="lineEndings[./java/test/jmri/jmrit/symbolicprog/tabbedframe/PaneOpsProgActionTest.java]" classname="jmri.util.FileLineEndingsTest" time="0.001"/>
  <testcase name="lineEndings[./java/test/jmri/jmrit/symbolicprog/tabbedframe/PaneOpsProgFrameTest.java]" classname="jmri.util.FileLineEndingsTest" time="0.001"/>
  <testcase name="lineEndings[./java/test/jmri/jmrit/symbolicprog/tabbedframe/CheckProgrammerNamesTest.java]" classname="jmri.util.FileLineEndingsTest" time="0.001"/>
  <testcase name="lineEndings[./java/test/jmri/jmrit/symbolicprog/tabbedframe/PaneProgActionTest.java]" classname="jmri.util.FileLineEndingsTest" time="0"/>
  <testcase name="lineEndings[./java/test/jmri/jmrit/symbolicprog/tabbedframe/ProgCheckActionTest.java]" classname="jmri.util.FileLineEndingsTest" time="0.001"/>
  <testcase name="lineEndings[./java/test/jmri/jmrit/symbolicprog/tabbedframe/PaneQualifierTest.java]" classname="jmri.util.FileLineEndingsTest" time="0.001"/>
  <testcase name="lineEndings[./java/test/jmri/jmrit/symbolicprog/tabbedframe/BundleTest.java]" classname="jmri.util.FileLineEndingsTest" time="0.001"/>
  <testcase name="lineEndings[./java/test/jmri/jmrit/symbolicprog/Pr1ExportActionTest.java]" classname="jmri.util.FileLineEndingsTest" time="0.001"/>
  <testcase name="lineEndings[./java/test/jmri/jmrit/symbolicprog/PrintCvActionTest.java]" classname="jmri.util.FileLineEndingsTest" time="0.001"/>
  <testcase name="lineEndings[./java/test/jmri/jmrit/symbolicprog/ValueEditorTest.java]" classname="jmri.util.FileLineEndingsTest" time="0"/>
  <testcase name="lineEndings[./java/test/jmri/jmrit/symbolicprog/QuantumCvMgrImportActionTest.java]" classname="jmri.util.FileLineEndingsTest" time="0.001"/>
  <testcase name="lineEndings[./java/test/jmri/jmrit/symbolicprog/FnMapPanelESUTest.java]" classname="jmri.util.FileLineEndingsTest" time="0.001"/>
  <testcase name="lineEndings[./java/test/jmri/jmrit/symbolicprog/QualifierCombinerTest.java]" classname="jmri.util.FileLineEndingsTest" time="0.001"/>
  <testcase name="lineEndings[./java/test/jmri/jmrit/symbolicprog/Pr1WinExportActionTest.java]" classname="jmri.util.FileLineEndingsTest" time="0"/>
  <testcase name="lineEndings[./java/test/jmri/jmrit/symbolicprog/ComboOnRadioButtonTest.java]" classname="jmri.util.FileLineEndingsTest" time="0.001"/>
  <testcase name="lineEndings[./java/test/jmri/jmrit/symbolicprog/ValueQualifierTest.java]" classname="jmri.util.FileLineEndingsTest" time="0.001"/>
  <testcase name="lineEndings[./java/test/jmri/jmrit/symbolicprog/AbstractVariableValueTestBase.java]" classname="jmri.util.FileLineEndingsTest" time="0.001"/>
  <testcase name="lineEndings[./java/test/jmri/jmrit/symbolicprog/LokProgImporterTest.java]" classname="jmri.util.FileLineEndingsTest" time="0.001"/>
  <testcase name="lineEndings[./java/test/jmri/jmrit/symbolicprog/SymbolicProgBundleTest.java]" classname="jmri.util.FileLineEndingsTest" time="0"/>
  <testcase name="lineEndings[./java/test/jmri/jmrit/symbolicprog/ValueRendererTest.java]" classname="jmri.util.FileLineEndingsTest" time="0.001"/>
  <testcase name="lineEndings[./java/test/jmri/jmrit/symbolicprog/CvValueTest.java]" classname="jmri.util.FileLineEndingsTest" time="0.001"/>
  <testcase name="lineEndings[./java/test/jmri/jmrit/symbolicprog/CvTableModelTest.java]" classname="jmri.util.FileLineEndingsTest" time="0.001"/>
  <testcase name="lineEndings[./java/test/jmri/jmrit/symbolicprog/ProgrammerConfigPaneTest.java]" classname="jmri.util.FileLineEndingsTest" time="0"/>
  <testcase name="lineEndings[./java/test/jmri/jmrit/symbolicprog/KnownLocoSelPaneTest.java]" classname="jmri.util.FileLineEndingsTest" time="0.001"/>
  <testcase name="lineEndings[./java/test/jmri/jmrit/symbolicprog/configurexml/ProgrammerConfigPaneXmlTest.java]" classname="jmri.util.FileLineEndingsTest" time="0.001"/>
  <testcase name="lineEndings[./java/test/jmri/jmrit/symbolicprog/configurexml/PackageTest.java]" classname="jmri.util.FileLineEndingsTest" time="0"/>
  <testcase name="lineEndings[./java/test/jmri/jmrit/symbolicprog/NameFileTest.java]" classname="jmri.util.FileLineEndingsTest" time="0"/>
  <testcase name="lineEndings[./java/test/jmri/jmrit/symbolicprog/QualifierAdderTest.java]" classname="jmri.util.FileLineEndingsTest" time="0.001"/>
  <testcase name="lineEndings[./java/test/jmri/jmrit/symbolicprog/Pr1ImportActionTest.java]" classname="jmri.util.FileLineEndingsTest" time="0.001"/>
  <testcase name="lineEndings[./java/test/jmri/jmrit/symbolicprog/PackageTest.java]" classname="jmri.util.FileLineEndingsTest" time="0"/>
  <testcase name="lineEndings[./java/test/jmri/jmrit/symbolicprog/CombinedLocoSelListPaneTest.java]" classname="jmri.util.FileLineEndingsTest" time="0.001"/>
  <testcase name="lineEndings[./java/test/jmri/jmrit/symbolicprog/VariableTableModelTest.java]" classname="jmri.util.FileLineEndingsTest" time="0.001"/>
  <testcase name="lineEndings[./java/test/jmri/jmrit/symbolicprog/CsvImporterTest.java]" classname="jmri.util.FileLineEndingsTest" time="0.001"/>
  <testcase name="lineEndings[./java/test/jmri/jmrit/symbolicprog/CVNameComparatorTest.java]" classname="jmri.util.FileLineEndingsTest" time="0.001"/>
  <testcase name="lineEndings[./java/test/jmri/jmrit/symbolicprog/LokProgImportActionTest.java]" classname="jmri.util.FileLineEndingsTest" time="0"/>
  <testcase name="lineEndings[./java/test/jmri/jmrit/symbolicprog/CombinedLocoSelTreePaneTest.java]" classname="jmri.util.FileLineEndingsTest" time="0.001"/>
  <testcase name="lineEndings[./java/test/jmri/jmrit/symbolicprog/ComboRadioButtonsTest.java]" classname="jmri.util.FileLineEndingsTest" time="0.001"/>
  <testcase name="lineEndings[./java/test/jmri/jmrit/symbolicprog/FnMapPanelTest.java]" classname="jmri.util.FileLineEndingsTest" time="0.001"/>
  <testcase name="lineEndings[./java/test/jmri/jmrit/symbolicprog/ResetTableModelTest.java]" classname="jmri.util.FileLineEndingsTest" time="0"/>
  <testcase name="lineEndings[./java/test/jmri/jmrit/symbolicprog/DecVarSliderTest.java]" classname="jmri.util.FileLineEndingsTest" time="0.001"/>
  <testcase name="lineEndings[./java/test/jmri/jmrit/symbolicprog/BundleTest.java]" classname="jmri.util.FileLineEndingsTest" time="0.001"/>
  <testcase name="lineEndings[./java/test/jmri/jmrit/symbolicprog/DecVariableValueTest.java]" classname="jmri.util.FileLineEndingsTest" time="0"/>
  <testcase name="lineEndings[./java/test/jmri/jmrit/symbolicprog/CompositeVariableValueTest.java]" classname="jmri.util.FileLineEndingsTest" time="0"/>
  <testcase name="lineEndings[./java/test/jmri/jmrit/symbolicprog/GenericImportActionTest.java]" classname="jmri.util.FileLineEndingsTest" time="0.001"/>
  <testcase name="lineEndings[./java/test/jmri/jmrit/symbolicprog/HexVariableValueTest.java]" classname="jmri.util.FileLineEndingsTest" time="0.001"/>
  <testcase name="lineEndings[./java/test/jmri/jmrit/symbolicprog/NewLocoSelPaneTest.java]" classname="jmri.util.FileLineEndingsTest" time="0.001"/>
  <testcase name="lineEndings[./java/test/jmri/jmrit/symbolicprog/QuantumCvMgrImporterTest.java]" classname="jmri.util.FileLineEndingsTest" time="0"/>
  <testcase name="lineEndings[./java/test/jmri/jmrit/symbolicprog/ProgrammerConfigManagerTest.java]" classname="jmri.util.FileLineEndingsTest" time="0.001"/>
  <testcase name="lineEndings[./java/test/jmri/jmrit/symbolicprog/CombinedLocoSelPaneTest.java]" classname="jmri.util.FileLineEndingsTest" time="0.001"/>
  <testcase name="lineEndings[./java/test/jmri/jmrit/symbolicprog/DccAddressPanelTest.java]" classname="jmri.util.FileLineEndingsTest" time="0"/>
  <testcase name="lineEndings[./java/test/jmri/jmrit/symbolicprog/DccAddressVarHandlerTest.java]" classname="jmri.util.FileLineEndingsTest" time="0.001"/>
  <testcase name="lineEndings[./java/test/jmri/jmrit/symbolicprog/ProgDefaultTest.java]" classname="jmri.util.FileLineEndingsTest" time="0.001"/>
  <testcase name="lineEndings[./java/test/jmri/jmrit/symbolicprog/Pr1ImporterTest.java]" classname="jmri.util.FileLineEndingsTest" time="0.001"/>
  <testcase name="lineEndings[./java/test/jmri/jmrit/symbolicprog/LongAddrVariableValueTest.java]" classname="jmri.util.FileLineEndingsTest" time="0"/>
  <testcase name="lineEndings[./java/test/jmri/jmrit/symbolicprog/ConstantValueTest.java]" classname="jmri.util.FileLineEndingsTest" time="0.001"/>
  <testcase name="lineEndings[./java/test/jmri/jmrit/symbolicprog/autospeed/AutoSpeedActionTest.java]" classname="jmri.util.FileLineEndingsTest" time="0.001"/>
  <testcase name="lineEndings[./java/test/jmri/jmrit/symbolicprog/autospeed/PackageTest.java]" classname="jmri.util.FileLineEndingsTest" time="0.001"/>
  <testcase name="lineEndings[./java/test/jmri/jmrit/symbolicprog/EnumVariableValueTest.java]" classname="jmri.util.FileLineEndingsTest" time="0"/>
  <testcase name="lineEndings[./java/test/jmri/jmrit/symbolicprog/CsvExportActionTest.java]" classname="jmri.util.FileLineEndingsTest" time="0.001"/>
  <testcase name="lineEndings[./java/test/jmri/jmrit/symbolicprog/LocoSelTreePaneTest.java]" classname="jmri.util.FileLineEndingsTest" time="0.001"/>
  <testcase name="lineEndings[./java/test/jmri/jmrit/symbolicprog/ShortAddrVariableValueTest.java]" classname="jmri.util.FileLineEndingsTest" time="0.001"/>
  <testcase name="lineEndings[./java/test/jmri/jmrit/symbolicprog/SplitVariableValueTest.java]" classname="jmri.util.FileLineEndingsTest" time="0"/>
  <testcase name="lineEndings[./java/test/jmri/jmrit/simpleclock/BundleTest.java]" classname="jmri.util.FileLineEndingsTest" time="0.001"/>
  <testcase name="lineEndings[./java/test/jmri/jmrit/simpleclock/configurexml/PackageTest.java]" classname="jmri.util.FileLineEndingsTest" time="0.001"/>
  <testcase name="lineEndings[./java/test/jmri/jmrit/simpleclock/configurexml/SimpleTimebaseXmlTest.java]" classname="jmri.util.FileLineEndingsTest" time="0.001"/>
  <testcase name="lineEndings[./java/test/jmri/jmrit/simpleclock/PackageTest.java]" classname="jmri.util.FileLineEndingsTest" time="0"/>
  <testcase name="lineEndings[./java/test/jmri/jmrit/simpleclock/SimpleClockActionTest.java]" classname="jmri.util.FileLineEndingsTest" time="0.001"/>
  <testcase name="lineEndings[./java/test/jmri/jmrit/simpleclock/SimpleClockFrameTest.java]" classname="jmri.util.FileLineEndingsTest" time="0.001"/>
  <testcase name="lineEndings[./java/test/jmri/jmrit/simpleclock/SimpleTimebaseTest.java]" classname="jmri.util.FileLineEndingsTest" time="0.001"/>
  <testcase name="lineEndings[./java/test/jmri/jmrit/display/configurexml/PackageTest.java]" classname="jmri.util.FileLineEndingsTest" time="0"/>
  <testcase name="lineEndings[./java/test/jmri/jmrit/display/configurexml/SlipTurnoutIconXmlTest.java]" classname="jmri.util.FileLineEndingsTest" time="0.001"/>
  <testcase name="lineEndings[./java/test/jmri/jmrit/display/configurexml/SchemaTest.java]" classname="jmri.util.FileLineEndingsTest" time="0.001"/>
  <testcase name="lineEndings[./java/test/jmri/jmrit/display/configurexml/IndicatorTurnoutIconXmlTest.java]" classname="jmri.util.FileLineEndingsTest" time="0.001"/>
  <testcase name="lineEndings[./java/test/jmri/jmrit/display/configurexml/PositionableLabelXmlTest.java]" classname="jmri.util.FileLineEndingsTest" time="0"/>
  <testcase name="lineEndings[./java/test/jmri/jmrit/display/configurexml/LevelXingXmlTest.java]" classname="jmri.util.FileLineEndingsTest" time="0.001"/>
  <testcase name="lineEndings[./java/test/jmri/jmrit/display/configurexml/RpsPositionIconXmlTest.java]" classname="jmri.util.FileLineEndingsTest" time="0.001"/>
  <testcase name="lineEndings[./java/test/jmri/jmrit/display/configurexml/SignalMastIconXmlTest.java]" classname="jmri.util.FileLineEndingsTest" time="0.001"/>
  <testcase name="lineEndings[./java/test/jmri/jmrit/display/configurexml/LinkingLabelXmlTest.java]" classname="jmri.util.FileLineEndingsTest" time="0"/>
  <testcase name="lineEndings[./java/test/jmri/jmrit/display/configurexml/MemoryIconXmlTest.java]" classname="jmri.util.FileLineEndingsTest" time="0.001"/>
  <testcase name="lineEndings[./java/test/jmri/jmrit/display/configurexml/MemoryInputIconXmlTest.java]" classname="jmri.util.FileLineEndingsTest" time="0.001"/>
  <testcase name="lineEndings[./java/test/jmri/jmrit/display/configurexml/LayoutTurnoutXmlTest.java]" classname="jmri.util.FileLineEndingsTest" time="0.001"/>
  <testcase name="lineEndings[./java/test/jmri/jmrit/display/configurexml/MultiSensorIconXmlTest.java]" classname="jmri.util.FileLineEndingsTest" time="0"/>
  <testcase name="lineEndings[./java/test/jmri/jmrit/display/configurexml/LayoutTurntableXmlTest.java]" classname="jmri.util.FileLineEndingsTest" time="0.001"/>
  <testcase name="lineEndings[./java/test/jmri/jmrit/display/configurexml/LoadAndStoreTest.java]" classname="jmri.util.FileLineEndingsTest" time="0.001"/>
  <testcase name="lineEndings[./java/test/jmri/jmrit/display/configurexml/LightIconXmlTest.java]" classname="jmri.util.FileLineEndingsTest" time="0.001"/>
  <testcase name="lineEndings[./java/test/jmri/jmrit/display/configurexml/SensorIconXmlTest.java]" classname="jmri.util.FileLineEndingsTest" time="0"/>
  <testcase name="lineEndings[./java/test/jmri/jmrit/display/configurexml/MemoryComboIconXmlTest.java]" classname="jmri.util.FileLineEndingsTest" time="0.001"/>
  <testcase name="lineEndings[./java/test/jmri/jmrit/display/configurexml/MemorySpinnerIconXmlTest.java]" classname="jmri.util.FileLineEndingsTest" time="0.001"/>
  <testcase name="lineEndings[./java/test/jmri/jmrit/display/configurexml/ReporterIconXmlTest.java]" classname="jmri.util.FileLineEndingsTest" time="0.001"/>
  <testcase name="lineEndings[./java/test/jmri/jmrit/display/configurexml/SignalHeadIconXmlTest.java]" classname="jmri.util.FileLineEndingsTest" time="0"/>
  <testcase name="lineEndings[./java/test/jmri/jmrit/display/configurexml/PositionablePointXmlTest.java]" classname="jmri.util.FileLineEndingsTest" time="0.001"/>
  <testcase name="lineEndings[./java/test/jmri/jmrit/display/configurexml/TrackSegmentXmlTest.java]" classname="jmri.util.FileLineEndingsTest" time="0.001"/>
  <testcase name="lineEndings[./java/test/jmri/jmrit/display/configurexml/LocoIconXmlTest.java]" classname="jmri.util.FileLineEndingsTest" time="0.001"/>
  <testcase name="lineEndings[./java/test/jmri/jmrit/display/configurexml/AnalogClock2DisplayXmlTest.java]" classname="jmri.util.FileLineEndingsTest" time="0"/>
  <testcase name="lineEndings[./java/test/jmri/jmrit/display/configurexml/LayoutBlockManagerXmlTest.java]" classname="jmri.util.FileLineEndingsTest" time="0.001"/>
  <testcase name="lineEndings[./java/test/jmri/jmrit/display/configurexml/IndicatorTrackIconXmlTest.java]" classname="jmri.util.FileLineEndingsTest" time="0.001"/>
  <testcase name="lineEndings[./java/test/jmri/jmrit/display/configurexml/BlockContentsIconXmlTest.java]" classname="jmri.util.FileLineEndingsTest" time="0.001"/>
  <testcase name="lineEndings[./java/test/jmri/jmrit/display/configurexml/TurnoutIconXmlTest.java]" classname="jmri.util.FileLineEndingsTest" time="0"/>
  <testcase name="lineEndings[./java/test/jmri/jmrit/display/layoutEditor/LayoutEditorTest.java]" classname="jmri.util.FileLineEndingsTest" time="0.001"/>
  <testcase name="lineEndings[./java/test/jmri/jmrit/display/layoutEditor/BundleTest.java]" classname="jmri.util.FileLineEndingsTest" time="0.001"/>
  <testcase name="lineEndings[./java/test/jmri/jmrit/display/layoutEditor/SchemaTest.java]" classname="jmri.util.FileLineEndingsTest" time="0.001"/>
  <testcase name="lineEndings[./java/test/jmri/jmrit/display/layoutEditor/LayoutBlockTest.java]" classname="jmri.util.FileLineEndingsTest" time="0"/>
  <testcase name="lineEndings[./java/test/jmri/jmrit/display/layoutEditor/LayoutBlockConnectivityToolsTest.java]" classname="jmri.util.FileLineEndingsTest" time="0.001"/>
  <testcase name="lineEndings[./java/test/jmri/jmrit/display/layoutEditor/LayoutTurntableTest.java]" classname="jmri.util.FileLineEndingsTest" time="0.001"/>
  <testcase name="lineEndings[./java/test/jmri/jmrit/display/layoutEditor/TransitCreationToolTest.java]" classname="jmri.util.FileLineEndingsTest" time="0.001"/>
  <testcase name="lineEndings[./java/test/jmri/jmrit/display/layoutEditor/configurexml/LayoutTurnoutXmlTest.java]" classname="jmri.util.FileLineEndingsTest" time="0"/>
  <testcase name="lineEndings[./java/test/jmri/jmrit/display/layoutEditor/configurexml/PositionablePointXmlTest.java]" classname="jmri.util.FileLineEndingsTest" time="0.001"/>
  <testcase name="lineEndings[./java/test/jmri/jmrit/display/layoutEditor/configurexml/LayoutSlipXmlTest.java]" classname="jmri.util.FileLineEndingsTest" time="0.001"/>
  <testcase name="lineEndings[./java/test/jmri/jmrit/display/layoutEditor/configurexml/MemoryIconXmlTest.java]" classname="jmri.util.FileLineEndingsTest" time="0.001"/>
  <testcase name="lineEndings[./java/test/jmri/jmrit/display/layoutEditor/configurexml/LevelXingXmlTest.java]" classname="jmri.util.FileLineEndingsTest" time="0"/>
  <testcase name="lineEndings[./java/test/jmri/jmrit/display/layoutEditor/configurexml/BlockContentsIconXmlTest.java]" classname="jmri.util.FileLineEndingsTest" time="0.001"/>
  <testcase name="lineEndings[./java/test/jmri/jmrit/display/layoutEditor/configurexml/LayoutBlockManagerXmlTest.java]" classname="jmri.util.FileLineEndingsTest" time="0.001"/>
  <testcase name="lineEndings[./java/test/jmri/jmrit/display/layoutEditor/configurexml/LayoutEditorXmlTest.java]" classname="jmri.util.FileLineEndingsTest" time="0.001"/>
  <testcase name="lineEndings[./java/test/jmri/jmrit/display/layoutEditor/configurexml/LayoutTurntableXmlTest.java]" classname="jmri.util.FileLineEndingsTest" time="0"/>
  <testcase name="lineEndings[./java/test/jmri/jmrit/display/layoutEditor/configurexml/PackageTest.java]" classname="jmri.util.FileLineEndingsTest" time="0.001"/>
  <testcase name="lineEndings[./java/test/jmri/jmrit/display/layoutEditor/configurexml/BundleTest.java]" classname="jmri.util.FileLineEndingsTest" time="0.001"/>
  <testcase name="lineEndings[./java/test/jmri/jmrit/display/layoutEditor/configurexml/LayoutTrackDrawingOptionsXmlTest.java]" classname="jmri.util.FileLineEndingsTest" time="0.001"/>
  <testcase name="lineEndings[./java/test/jmri/jmrit/display/layoutEditor/configurexml/TrackSegmentXmlTest.java]" classname="jmri.util.FileLineEndingsTest" time="0.001"/>
  <testcase name="lineEndings[./java/test/jmri/jmrit/display/layoutEditor/blockRoutingTable/LayoutBlockNeighbourTableModelTest.java]" classname="jmri.util.FileLineEndingsTest" time="0"/>
  <testcase name="lineEndings[./java/test/jmri/jmrit/display/layoutEditor/blockRoutingTable/LayoutBlockThroughPathsTableModelTest.java]" classname="jmri.util.FileLineEndingsTest" time="0.001"/>
  <testcase name="lineEndings[./java/test/jmri/jmrit/display/layoutEditor/blockRoutingTable/LayoutBlockRouteTableActionTest.java]" classname="jmri.util.FileLineEndingsTest" time="0.001"/>
  <testcase name="lineEndings[./java/test/jmri/jmrit/display/layoutEditor/blockRoutingTable/PackageTest.java]" classname="jmri.util.FileLineEndingsTest" time="0.001"/>
  <testcase name="lineEndings[./java/test/jmri/jmrit/display/layoutEditor/blockRoutingTable/BundleTest.java]" classname="jmri.util.FileLineEndingsTest" time="0"/>
  <testcase name="lineEndings[./java/test/jmri/jmrit/display/layoutEditor/blockRoutingTable/LayoutBlockRouteTableModelTest.java]" classname="jmri.util.FileLineEndingsTest" time="0.001"/>
  <testcase name="lineEndings[./java/test/jmri/jmrit/display/layoutEditor/blockRoutingTable/LayoutBlockRouteTableTest.java]" classname="jmri.util.FileLineEndingsTest" time="0.001"/>
  <testcase name="lineEndings[./java/test/jmri/jmrit/display/layoutEditor/LayoutEditorToolsTest.java]" classname="jmri.util.FileLineEndingsTest" time="0.001"/>
  <testcase name="lineEndings[./java/test/jmri/jmrit/display/layoutEditor/MultiIconEditorTest.java]" classname="jmri.util.FileLineEndingsTest" time="0"/>
  <testcase name="lineEndings[./java/test/jmri/jmrit/display/layoutEditor/LayoutConnectivityTest.java]" classname="jmri.util.FileLineEndingsTest" time="0.001"/>
  <testcase name="lineEndings[./java/test/jmri/jmrit/display/layoutEditor/LayoutTrackDrawingOptionsTest.java]" classname="jmri.util.FileLineEndingsTest" time="0.001"/>
  <testcase name="lineEndings[./java/test/jmri/jmrit/display/layoutEditor/LayoutEditorComponentTest.java]" classname="jmri.util.FileLineEndingsTest" time="0.001"/>
  <testcase name="lineEndings[./java/test/jmri/jmrit/display/layoutEditor/ConnectivityUtilTest.java]" classname="jmri.util.FileLineEndingsTest" time="0"/>
  <testcase name="lineEndings[./java/test/jmri/jmrit/display/layoutEditor/LayoutEditorLoadAndStoreTest.java]" classname="jmri.util.FileLineEndingsTest" time="0"/>
  <testcase name="lineEndings[./java/test/jmri/jmrit/display/layoutEditor/LayoutTurnoutTest.java]" classname="jmri.util.FileLineEndingsTest" time="0.001"/>
  <testcase name="lineEndings[./java/test/jmri/jmrit/display/layoutEditor/LevelXingTest.java]" classname="jmri.util.FileLineEndingsTest" time="0.001"/>
  <testcase name="lineEndings[./java/test/jmri/jmrit/display/layoutEditor/LayoutBlockManagerTest.java]" classname="jmri.util.FileLineEndingsTest" time="0.001"/>
  <testcase name="lineEndings[./java/test/jmri/jmrit/display/layoutEditor/LayoutTrackExpectedStateTest.java]" classname="jmri.util.FileLineEndingsTest" time="0"/>
  <testcase name="lineEndings[./java/test/jmri/jmrit/display/layoutEditor/LayoutEditorFindItemsTest.java]" classname="jmri.util.FileLineEndingsTest" time="0.001"/>
  <testcase name="lineEndings[./java/test/jmri/jmrit/display/layoutEditor/TrackSegmentTest.java]" classname="jmri.util.FileLineEndingsTest" time="0.001"/>
  <testcase name="lineEndings[./java/test/jmri/jmrit/display/layoutEditor/BlockValueFileTest.java]" classname="jmri.util.FileLineEndingsTest" time="0.001"/>
  <testcase name="lineEndings[./java/test/jmri/jmrit/display/layoutEditor/LayoutTrackDrawingOptionsDialogTest.java]" classname="jmri.util.FileLineEndingsTest" time="0"/>
  <testcase name="lineEndings[./java/test/jmri/jmrit/display/layoutEditor/LayoutEditorActionTest.java]" classname="jmri.util.FileLineEndingsTest" time="0.001"/>
  <testcase name="lineEndings[./java/test/jmri/jmrit/display/layoutEditor/PositionablePointTest.java]" classname="jmri.util.FileLineEndingsTest" time="0.001"/>
  <testcase name="lineEndings[./java/test/jmri/jmrit/display/layoutEditor/PackageTest.java]" classname="jmri.util.FileLineEndingsTest" time="0.001"/>
  <testcase name="lineEndings[./java/test/jmri/jmrit/display/layoutEditor/BlockContentsIconTest.java]" classname="jmri.util.FileLineEndingsTest" time="0"/>
  <testcase name="lineEndings[./java/test/jmri/jmrit/display/layoutEditor/LayoutEditorAuxToolsTest.java]" classname="jmri.util.FileLineEndingsTest" time="0.001"/>
  <testcase name="lineEndings[./java/test/jmri/jmrit/display/layoutEditor/LayoutEditorConnectivityTest.java]" classname="jmri.util.FileLineEndingsTest" time="0.001"/>
  <testcase name="lineEndings[./java/test/jmri/jmrit/display/layoutEditor/LayoutTrackEditorsTest.java]" classname="jmri.util.FileLineEndingsTest" time="0.001"/>
  <testcase name="lineEndings[./java/test/jmri/jmrit/display/layoutEditor/LayoutEditorWindowTest.java]" classname="jmri.util.FileLineEndingsTest" time="0"/>
  <testcase name="lineEndings[./java/test/jmri/jmrit/display/layoutEditor/MultiSensorIconFrameTest.java]" classname="jmri.util.FileLineEndingsTest" time="0.001"/>
  <testcase name="lineEndings[./java/test/jmri/jmrit/display/layoutEditor/TrackNodeTest.java]" classname="jmri.util.FileLineEndingsTest" time="0.001"/>
  <testcase name="lineEndings[./java/test/jmri/jmrit/display/layoutEditor/MemoryIconTest.java]" classname="jmri.util.FileLineEndingsTest" time="0.001"/>
  <testcase name="lineEndings[./java/test/jmri/jmrit/display/layoutEditor/LayoutEditorChecksTest.java]" classname="jmri.util.FileLineEndingsTest" time="0"/>
  <testcase name="lineEndings[./java/test/jmri/jmrit/display/layoutEditor/LayoutSlipTest.java]" classname="jmri.util.FileLineEndingsTest" time="0.001"/>
  <testcase name="lineEndings[./java/test/jmri/jmrit/display/controlPanelEditor/shape/configurexml/PositionableRoundRectXmlTest.java]" classname="jmri.util.FileLineEndingsTest" time="0.001"/>
  <testcase name="lineEndings[./java/test/jmri/jmrit/display/controlPanelEditor/shape/configurexml/PositionableEllipseXmlTest.java]" classname="jmri.util.FileLineEndingsTest" time="0.001"/>
  <testcase name="lineEndings[./java/test/jmri/jmrit/display/controlPanelEditor/shape/configurexml/PositionableCircleXmlTest.java]" classname="jmri.util.FileLineEndingsTest" time="0.001"/>
  <testcase name="lineEndings[./java/test/jmri/jmrit/display/controlPanelEditor/shape/configurexml/PackageTest.java]" classname="jmri.util.FileLineEndingsTest" time="0"/>
  <testcase name="lineEndings[./java/test/jmri/jmrit/display/controlPanelEditor/shape/configurexml/PositionablePolygonXmlTest.java]" classname="jmri.util.FileLineEndingsTest" time="0.001"/>
  <testcase name="lineEndings[./java/test/jmri/jmrit/display/controlPanelEditor/shape/configurexml/PositionableRectangleXmlTest.java]" classname="jmri.util.FileLineEndingsTest" time="0.001"/>
  <testcase name="lineEndings[./java/test/jmri/jmrit/display/controlPanelEditor/shape/configurexml/LocoLabelXmlTest.java]" classname="jmri.util.FileLineEndingsTest" time="0.001"/>
  <testcase name="lineEndings[./java/test/jmri/jmrit/display/controlPanelEditor/shape/configurexml/PositionableShapeXmlTest.java]" classname="jmri.util.FileLineEndingsTest" time="0"/>
  <testcase name="lineEndings[./java/test/jmri/jmrit/display/controlPanelEditor/shape/DrawCircleTest.java]" classname="jmri.util.FileLineEndingsTest" time="0.001"/>
  <testcase name="lineEndings[./java/test/jmri/jmrit/display/controlPanelEditor/shape/PositionableRoundRectTest.java]" classname="jmri.util.FileLineEndingsTest" time="0.001"/>
  <testcase name="lineEndings[./java/test/jmri/jmrit/display/controlPanelEditor/shape/PositionableCircleTest.java]" classname="jmri.util.FileLineEndingsTest" time="0.001"/>
  <testcase name="lineEndings[./java/test/jmri/jmrit/display/controlPanelEditor/shape/PositionableRectangleTest.java]" classname="jmri.util.FileLineEndingsTest" time="0"/>
  <testcase name="lineEndings[./java/test/jmri/jmrit/display/controlPanelEditor/shape/PackageTest.java]" classname="jmri.util.FileLineEndingsTest" time="0.001"/>
  <testcase name="lineEndings[./java/test/jmri/jmrit/display/controlPanelEditor/shape/SchemaTest.java]" classname="jmri.util.FileLineEndingsTest" time="0.001"/>
  <testcase name="lineEndings[./java/test/jmri/jmrit/display/controlPanelEditor/shape/ShapeDrawerTest.java]" classname="jmri.util.FileLineEndingsTest" time="0.001"/>
  <testcase name="lineEndings[./java/test/jmri/jmrit/display/controlPanelEditor/shape/LocoLabelTest.java]" classname="jmri.util.FileLineEndingsTest" time="0"/>
  <testcase name="lineEndings[./java/test/jmri/jmrit/display/controlPanelEditor/shape/PositionablePolygonTest.java]" classname="jmri.util.FileLineEndingsTest" time="0.001"/>
  <testcase name="lineEndings[./java/test/jmri/jmrit/display/controlPanelEditor/shape/PositionableShapeTest.java]" classname="jmri.util.FileLineEndingsTest" time="0.001"/>
  <testcase name="lineEndings[./java/test/jmri/jmrit/display/controlPanelEditor/shape/PositionableEllipseTest.java]" classname="jmri.util.FileLineEndingsTest" time="0.001"/>
  <testcase name="lineEndings[./java/test/jmri/jmrit/display/controlPanelEditor/shape/DrawPolygonTest.java]" classname="jmri.util.FileLineEndingsTest" time="0"/>
  <testcase name="lineEndings[./java/test/jmri/jmrit/display/controlPanelEditor/shape/DrawEllipseTest.java]" classname="jmri.util.FileLineEndingsTest" time="0.001"/>
  <testcase name="lineEndings[./java/test/jmri/jmrit/display/controlPanelEditor/shape/DrawRoundRectTest.java]" classname="jmri.util.FileLineEndingsTest" time="0.001"/>
  <testcase name="lineEndings[./java/test/jmri/jmrit/display/controlPanelEditor/shape/BundleTest.java]" classname="jmri.util.FileLineEndingsTest" time="0.001"/>
  <testcase name="lineEndings[./java/test/jmri/jmrit/display/controlPanelEditor/shape/DrawRectangleTest.java]" classname="jmri.util.FileLineEndingsTest" time="0"/>
  <testcase name="lineEndings[./java/test/jmri/jmrit/display/controlPanelEditor/PortalIconTest.java]" classname="jmri.util.FileLineEndingsTest" time="0.001"/>
  <testcase name="lineEndings[./java/test/jmri/jmrit/display/controlPanelEditor/EditCircuitPathsTest.java]" classname="jmri.util.FileLineEndingsTest" time="0.001"/>
  <testcase name="lineEndings[./java/test/jmri/jmrit/display/controlPanelEditor/BundleTest.java]" classname="jmri.util.FileLineEndingsTest" time="0.001"/>
  <testcase name="lineEndings[./java/test/jmri/jmrit/display/controlPanelEditor/EditCircuitFrameTest.java]" classname="jmri.util.FileLineEndingsTest" time="0"/>
  <testcase name="lineEndings[./java/test/jmri/jmrit/display/controlPanelEditor/ControlPanelEditorTest.java]" classname="jmri.util.FileLineEndingsTest" time="0.001"/>
  <testcase name="lineEndings[./java/test/jmri/jmrit/display/controlPanelEditor/EditPortalDirectionTest.java]" classname="jmri.util.FileLineEndingsTest" time="0.001"/>
  <testcase name="lineEndings[./java/test/jmri/jmrit/display/controlPanelEditor/ControlPanelEditorActionTest.java]" classname="jmri.util.FileLineEndingsTest" time="0.001"/>
  <testcase name="lineEndings[./java/test/jmri/jmrit/display/controlPanelEditor/configurexml/PackageTest.java]" classname="jmri.util.FileLineEndingsTest" time="0"/>
  <testcase name="lineEndings[./java/test/jmri/jmrit/display/controlPanelEditor/configurexml/ControlPanelEditorXmlTest.java]" classname="jmri.util.FileLineEndingsTest" time="0.001"/>
  <testcase name="lineEndings[./java/test/jmri/jmrit/display/controlPanelEditor/configurexml/PortalIconXmlTest.java]" classname="jmri.util.FileLineEndingsTest" time="0.001"/>
  <testcase name="lineEndings[./java/test/jmri/jmrit/display/controlPanelEditor/CircuitBuilderTest.java]" classname="jmri.util.FileLineEndingsTest" time="0.001"/>
  <testcase name="lineEndings[./java/test/jmri/jmrit/display/controlPanelEditor/PackageTest.java]" classname="jmri.util.FileLineEndingsTest" time="0"/>
  <testcase name="lineEndings[./java/test/jmri/jmrit/display/controlPanelEditor/EditPortalFrameTest.java]" classname="jmri.util.FileLineEndingsTest" time="0.001"/>
  <testcase name="lineEndings[./java/test/jmri/jmrit/display/controlPanelEditor/PortalListTest.java]" classname="jmri.util.FileLineEndingsTest" time="0.001"/>
  <testcase name="lineEndings[./java/test/jmri/jmrit/display/AnalogClock2DisplayTest.java]" classname="jmri.util.FileLineEndingsTest" time="0.001"/>
  <testcase name="lineEndings[./java/test/jmri/jmrit/display/PositionablePropertiesUtilTest.java]" classname="jmri.util.FileLineEndingsTest" time="0"/>
  <testcase name="lineEndings[./java/test/jmri/jmrit/display/MultiSensorIconAdderTest.java]" classname="jmri.util.FileLineEndingsTest" time="0.001"/>
  <testcase name="lineEndings[./java/test/jmri/jmrit/display/PositionableJPanelTest.java]" classname="jmri.util.FileLineEndingsTest" time="0.001"/>
  <testcase name="lineEndings[./java/test/jmri/jmrit/display/MemoryIconTest.java]" classname="jmri.util.FileLineEndingsTest" time="0.001"/>
  <testcase name="lineEndings[./java/test/jmri/jmrit/display/IndicatorTrackPathsTest.java]" classname="jmri.util.FileLineEndingsTest" time="0"/>
  <testcase name="lineEndings[./java/test/jmri/jmrit/display/BlockContentsIconTest.java]" classname="jmri.util.FileLineEndingsTest" time="0.001"/>
  <testcase name="lineEndings[./java/test/jmri/jmrit/display/AbstractEditorTestBase.java]" classname="jmri.util.FileLineEndingsTest" time="0.001"/>
  <testcase name="lineEndings[./java/test/jmri/jmrit/display/SensorIconTest.java]" classname="jmri.util.FileLineEndingsTest" time="0.001"/>
  <testcase name="lineEndings[./java/test/jmri/jmrit/display/PackageTest.java]" classname="jmri.util.FileLineEndingsTest" time="0"/>
  <testcase name="lineEndings[./java/test/jmri/jmrit/display/NewPanelActionTest.java]" classname="jmri.util.FileLineEndingsTest" time="0.001"/>
  <testcase name="lineEndings[./java/test/jmri/jmrit/display/MemoryInputIconTest.java]" classname="jmri.util.FileLineEndingsTest" time="0.001"/>
  <testcase name="lineEndings[./java/test/jmri/jmrit/display/SensorTextEditTest.java]" classname="jmri.util.FileLineEndingsTest" time="0.001"/>
  <testcase name="lineEndings[./java/test/jmri/jmrit/display/switchboardEditor/SchemaTest.java]" classname="jmri.util.FileLineEndingsTest" time="0"/>
  <testcase name="lineEndings[./java/test/jmri/jmrit/display/switchboardEditor/configurexml/PackageTest.java]" classname="jmri.util.FileLineEndingsTest" time="0.001"/>
  <testcase name="lineEndings[./java/test/jmri/jmrit/display/switchboardEditor/configurexml/BeanSwitchXmlTest.java]" classname="jmri.util.FileLineEndingsTest" time="0.001"/>
  <testcase name="lineEndings[./java/test/jmri/jmrit/display/switchboardEditor/configurexml/SwitchboardEditorXmlTest.java]" classname="jmri.util.FileLineEndingsTest" time="0.001"/>
  <testcase name="lineEndings[./java/test/jmri/jmrit/display/switchboardEditor/configurexml/SwitchboardEditorClassMigrationTest.java]" classname="jmri.util.FileLineEndingsTest" time="0"/>
  <testcase name="lineEndings[./java/test/jmri/jmrit/display/switchboardEditor/PackageTest.java]" classname="jmri.util.FileLineEndingsTest" time="0.001"/>
  <testcase name="lineEndings[./java/test/jmri/jmrit/display/switchboardEditor/SwitchboardEditorActionTest.java]" classname="jmri.util.FileLineEndingsTest" time="0.001"/>
  <testcase name="lineEndings[./java/test/jmri/jmrit/display/switchboardEditor/BundleTest.java]" classname="jmri.util.FileLineEndingsTest" time="0.001"/>
  <testcase name="lineEndings[./java/test/jmri/jmrit/display/switchboardEditor/SwitchboardEditorTest.java]" classname="jmri.util.FileLineEndingsTest" time="0"/>
  <testcase name="lineEndings[./java/test/jmri/jmrit/display/switchboardEditor/BeanSwitchTest.java]" classname="jmri.util.FileLineEndingsTest" time="0.001"/>
  <testcase name="lineEndings[./java/test/jmri/jmrit/display/MultiSensorIconTest.java]" classname="jmri.util.FileLineEndingsTest" time="0.001"/>
  <testcase name="lineEndings[./java/test/jmri/jmrit/display/RpsPositionIconTest.java]" classname="jmri.util.FileLineEndingsTest" time="0.001"/>
  <testcase name="lineEndings[./java/test/jmri/jmrit/display/palette/IconItemPanelTest.java]" classname="jmri.util.FileLineEndingsTest" time="0"/>
  <testcase name="lineEndings[./java/test/jmri/jmrit/display/palette/ItemDialogTest.java]" classname="jmri.util.FileLineEndingsTest" time="0.001"/>
  <testcase name="lineEndings[./java/test/jmri/jmrit/display/palette/DetectionPanelTest.java]" classname="jmri.util.FileLineEndingsTest" time="0.001"/>
  <testcase name="lineEndings[./java/test/jmri/jmrit/display/palette/PackageTest.java]" classname="jmri.util.FileLineEndingsTest" time="0.001"/>
  <testcase name="lineEndings[./java/test/jmri/jmrit/display/palette/MultiSensorItemPanelTest.java]" classname="jmri.util.FileLineEndingsTest" time="0"/>
  <testcase name="lineEndings[./java/test/jmri/jmrit/display/palette/TableItemPanelTest.java]" classname="jmri.util.FileLineEndingsTest" time="0.001"/>
  <testcase name="lineEndings[./java/test/jmri/jmrit/display/palette/MultiSensorIconDialogTest.java]" classname="jmri.util.FileLineEndingsTest" time="0.001"/>
  <testcase name="lineEndings[./java/test/jmri/jmrit/display/palette/SignalHeadIconDialogTest.java]" classname="jmri.util.FileLineEndingsTest" time="0.001"/>
  <testcase name="lineEndings[./java/test/jmri/jmrit/display/palette/IndicatorTOItemPanelTest.java]" classname="jmri.util.FileLineEndingsTest" time="0"/>
  <testcase name="lineEndings[./java/test/jmri/jmrit/display/palette/IndicatorTOIconDialogTest.java]" classname="jmri.util.FileLineEndingsTest" time="0.001"/>
  <testcase name="lineEndings[./java/test/jmri/jmrit/display/palette/IconDialogTest.java]" classname="jmri.util.FileLineEndingsTest" time="0.001"/>
  <testcase name="lineEndings[./java/test/jmri/jmrit/display/palette/SignalHeadItemPanelTest.java]" classname="jmri.util.FileLineEndingsTest" time="0.001"/>
  <testcase name="lineEndings[./java/test/jmri/jmrit/display/palette/ItemPaletteTest.java]" classname="jmri.util.FileLineEndingsTest" time="0"/>
  <testcase name="lineEndings[./java/test/jmri/jmrit/display/palette/ClockItemPanelTest.java]" classname="jmri.util.FileLineEndingsTest" time="0.001"/>
  <testcase name="lineEndings[./java/test/jmri/jmrit/display/palette/DropJLabelTest.java]" classname="jmri.util.FileLineEndingsTest" time="0.001"/>
  <testcase name="lineEndings[./java/test/jmri/jmrit/display/palette/PortalItemPanelTest.java]" classname="jmri.util.FileLineEndingsTest" time="0"/>
  <testcase name="lineEndings[./java/test/jmri/jmrit/display/palette/DragJComponentTest.java]" classname="jmri.util.FileLineEndingsTest" time="0.001"/>
  <testcase name="lineEndings[./java/test/jmri/jmrit/display/palette/RPSItemPanelTest.java]" classname="jmri.util.FileLineEndingsTest" time="0.001"/>
  <testcase name="lineEndings[./java/test/jmri/jmrit/display/palette/SignalMastItemPanelTest.java]" classname="jmri.util.FileLineEndingsTest" time="0.001"/>
  <testcase name="lineEndings[./java/test/jmri/jmrit/display/palette/BundleTest.java]" classname="jmri.util.FileLineEndingsTest" time="0"/>
  <testcase name="lineEndings[./java/test/jmri/jmrit/display/palette/TextItemPanelTest.java]" classname="jmri.util.FileLineEndingsTest" time="0.001"/>
  <testcase name="lineEndings[./java/test/jmri/jmrit/display/palette/MemoryItemPanelTest.java]" classname="jmri.util.FileLineEndingsTest" time="0.001"/>
  <testcase name="lineEndings[./java/test/jmri/jmrit/display/palette/ReporterItemPanelTest.java]" classname="jmri.util.FileLineEndingsTest" time="0.001"/>
  <testcase name="lineEndings[./java/test/jmri/jmrit/display/palette/BackgroundItemPanelTest.java]" classname="jmri.util.FileLineEndingsTest" time="0"/>
  <testcase name="lineEndings[./java/test/jmri/jmrit/display/palette/DecoratorPanelTest.java]" classname="jmri.util.FileLineEndingsTest" time="0.001"/>
  <testcase name="lineEndings[./java/test/jmri/jmrit/display/palette/IndicatorItemPanelTest.java]" classname="jmri.util.FileLineEndingsTest" time="0.001"/>
  <testcase name="lineEndings[./java/test/jmri/jmrit/display/panelEditor/PanelEditorActionTest.java]" classname="jmri.util.FileLineEndingsTest" time="0.001"/>
  <testcase name="lineEndings[./java/test/jmri/jmrit/display/panelEditor/configurexml/PackageTest.java]" classname="jmri.util.FileLineEndingsTest" time="0"/>
  <testcase name="lineEndings[./java/test/jmri/jmrit/display/panelEditor/configurexml/PanelEditorXmlTest.java]" classname="jmri.util.FileLineEndingsTest" time="0.001"/>
  <testcase name="lineEndings[./java/test/jmri/jmrit/display/panelEditor/PanelEditorTest.java]" classname="jmri.util.FileLineEndingsTest" time="0.001"/>
  <testcase name="lineEndings[./java/test/jmri/jmrit/display/panelEditor/PackageTest.java]" classname="jmri.util.FileLineEndingsTest" time="0.001"/>
  <testcase name="lineEndings[./java/test/jmri/jmrit/display/panelEditor/BundleTest.java]" classname="jmri.util.FileLineEndingsTest" time="0"/>
  <testcase name="lineEndings[./java/test/jmri/jmrit/display/SlipTurnoutTextEditTest.java]" classname="jmri.util.FileLineEndingsTest" time="0.001"/>
  <testcase name="lineEndings[./java/test/jmri/jmrit/display/PositionableJComponentTest.java]" classname="jmri.util.FileLineEndingsTest" time="0.001"/>
  <testcase name="lineEndings[./java/test/jmri/jmrit/display/SchemaTest.java]" classname="jmri.util.FileLineEndingsTest" time="0.001"/>
  <testcase name="lineEndings[./java/test/jmri/jmrit/display/SensorIconWindowTest.java]" classname="jmri.util.FileLineEndingsTest" time="0"/>
  <testcase name="lineEndings[./java/test/jmri/jmrit/display/IconAdderTest.java]" classname="jmri.util.FileLineEndingsTest" time="0.001"/>
  <testcase name="lineEndings[./java/test/jmri/jmrit/display/SlipIconAdderTest.java]" classname="jmri.util.FileLineEndingsTest" time="0.001"/>
  <testcase name="lineEndings[./java/test/jmri/jmrit/display/PositionableLabelTest.java]" classname="jmri.util.FileLineEndingsTest" time="0.001"/>
  <testcase name="lineEndings[./java/test/jmri/jmrit/display/SignalHeadIconTest.java]" classname="jmri.util.FileLineEndingsTest" time="0"/>
  <testcase name="lineEndings[./java/test/jmri/jmrit/display/CoordinateEditTest.java]" classname="jmri.util.FileLineEndingsTest" time="0.001"/>
  <testcase name="lineEndings[./java/test/jmri/jmrit/display/PanelMenuTest.java]" classname="jmri.util.FileLineEndingsTest" time="0.001"/>
  <testcase name="lineEndings[./java/test/jmri/jmrit/display/LinkingLabelTest.java]" classname="jmri.util.FileLineEndingsTest" time="0.001"/>
  <testcase name="lineEndings[./java/test/jmri/jmrit/display/DisplayFrameTest.java]" classname="jmri.util.FileLineEndingsTest" time="0"/>
  <testcase name="lineEndings[./java/test/jmri/jmrit/display/MemoryComboIconTest.java]" classname="jmri.util.FileLineEndingsTest" time="0.001"/>
  <testcase name="lineEndings[./java/test/jmri/jmrit/display/TurnoutIconWindowTest.java]" classname="jmri.util.FileLineEndingsTest" time="0.001"/>
  <testcase name="lineEndings[./java/test/jmri/jmrit/display/LocoIconTest.java]" classname="jmri.util.FileLineEndingsTest" time="0.001"/>
  <testcase name="lineEndings[./java/test/jmri/jmrit/display/PositionablePopupUtilTest.java]" classname="jmri.util.FileLineEndingsTest" time="0"/>
  <testcase name="lineEndings[./java/test/jmri/jmrit/display/MultiIconEditorTest.java]" classname="jmri.util.FileLineEndingsTest" time="0.001"/>
  <testcase name="lineEndings[./java/test/jmri/jmrit/display/LightIconTest.java]" classname="jmri.util.FileLineEndingsTest" time="0.001"/>
  <testcase name="lineEndings[./java/test/jmri/jmrit/display/SignalSystemTest.java]" classname="jmri.util.FileLineEndingsTest" time="0.001"/>
  <testcase name="lineEndings[./java/test/jmri/jmrit/display/ReporterIconTest.java]" classname="jmri.util.FileLineEndingsTest" time="0"/>
  <testcase name="lineEndings[./java/test/jmri/jmrit/display/PanelEditorTest.java]" classname="jmri.util.FileLineEndingsTest" time="0.001"/>
  <testcase name="lineEndings[./java/test/jmri/jmrit/display/SlipTurnoutIconTest.java]" classname="jmri.util.FileLineEndingsTest" time="0.001"/>
  <testcase name="lineEndings[./java/test/jmri/jmrit/display/TurnoutIconTest.java]" classname="jmri.util.FileLineEndingsTest" time="0.001"/>
  <testcase name="lineEndings[./java/test/jmri/jmrit/display/IconEditorWindowTest.java]" classname="jmri.util.FileLineEndingsTest" time="0"/>
  <testcase name="lineEndings[./java/test/jmri/jmrit/display/BundleTest.java]" classname="jmri.util.FileLineEndingsTest" time="0.001"/>
  <testcase name="lineEndings[./java/test/jmri/jmrit/display/EditorFrameOperator.java]" classname="jmri.util.FileLineEndingsTest" time="0.001"/>
  <testcase name="lineEndings[./java/test/jmri/jmrit/display/EditorScaffold.java]" classname="jmri.util.FileLineEndingsTest" time="0.001"/>
  <testcase name="lineEndings[./java/test/jmri/jmrit/display/MemorySpinnerIconTest.java]" classname="jmri.util.FileLineEndingsTest" time="0"/>
  <testcase name="lineEndings[./java/test/jmri/jmrit/display/PositionableIconTest.java]" classname="jmri.util.FileLineEndingsTest" time="0.001"/>
  <testcase name="lineEndings[./java/test/jmri/jmrit/display/SignalMastIconTest.java]" classname="jmri.util.FileLineEndingsTest" time="0.001"/>
  <testcase name="lineEndings[./java/test/jmri/jmrit/display/PositionableTestBase.java]" classname="jmri.util.FileLineEndingsTest" time="0.001"/>
  <testcase name="lineEndings[./java/test/jmri/jmrit/display/IndicatorTurnoutIconTest.java]" classname="jmri.util.FileLineEndingsTest" time="0"/>
  <testcase name="lineEndings[./java/test/jmri/jmrit/display/MemoryIconCoordinateEditTest.java]" classname="jmri.util.FileLineEndingsTest" time="0.001"/>
  <testcase name="lineEndings[./java/test/jmri/jmrit/display/IndicatorTrackIconTest.java]" classname="jmri.util.FileLineEndingsTest" time="0.001"/>
  <testcase name="lineEndings[./java/test/jmri/jmrit/display/EditorIconFrameTest.java]" classname="jmri.util.FileLineEndingsTest" time="0.001"/>
  <testcase name="lineEndings[./java/test/jmri/jmrit/display/ToolTipTest.java]" classname="jmri.util.FileLineEndingsTest" time="0"/>
  <testcase name="lineEndings[./java/test/jmri/jmrit/operations/automation/actions/StopAutomationActionTest.java]" classname="jmri.util.FileLineEndingsTest" time="0.001"/>
  <testcase name="lineEndings[./java/test/jmri/jmrit/operations/automation/actions/ActivateTimetableActionTest.java]" classname="jmri.util.FileLineEndingsTest" time="0.001"/>
  <testcase name="lineEndings[./java/test/jmri/jmrit/operations/automation/actions/ResetTrainActionTest.java]" classname="jmri.util.FileLineEndingsTest" time="0.001"/>
  <testcase name="lineEndings[./java/test/jmri/jmrit/operations/automation/actions/PackageTest.java]" classname="jmri.util.FileLineEndingsTest" time="0"/>
  <testcase name="lineEndings[./java/test/jmri/jmrit/operations/automation/actions/ActionCodesTest.java]" classname="jmri.util.FileLineEndingsTest" time="0.001"/>
  <testcase name="lineEndings[./java/test/jmri/jmrit/operations/automation/actions/GotoActionTest.java]" classname="jmri.util.FileLineEndingsTest" time="0.001"/>
  <testcase name="lineEndings[./java/test/jmri/jmrit/operations/automation/actions/GotoSuccessActionTest.java]" classname="jmri.util.FileLineEndingsTest" time="0.001"/>
  <testcase name="lineEndings[./java/test/jmri/jmrit/operations/automation/actions/RunSwitchListChangesActionTest.java]" classname="jmri.util.FileLineEndingsTest" time="0"/>
  <testcase name="lineEndings[./java/test/jmri/jmrit/operations/automation/actions/RunSwitchListActionTest.java]" classname="jmri.util.FileLineEndingsTest" time="0.001"/>
  <testcase name="lineEndings[./java/test/jmri/jmrit/operations/automation/actions/ResumeAutomationActionTest.java]" classname="jmri.util.FileLineEndingsTest" time="0.001"/>
  <testcase name="lineEndings[./java/test/jmri/jmrit/operations/automation/actions/WaitTrainActionTest.java]" classname="jmri.util.FileLineEndingsTest" time="0.001"/>
  <testcase name="lineEndings[./java/test/jmri/jmrit/operations/automation/actions/NoActionTest.java]" classname="jmri.util.FileLineEndingsTest" time="0"/>
  <testcase name="lineEndings[./java/test/jmri/jmrit/operations/automation/actions/MoveTrainActionTest.java]" classname="jmri.util.FileLineEndingsTest" time="0.001"/>
  <testcase name="lineEndings[./java/test/jmri/jmrit/operations/automation/actions/TerminateTrainActionTest.java]" classname="jmri.util.FileLineEndingsTest" time="0.001"/>
  <testcase name="lineEndings[./java/test/jmri/jmrit/operations/automation/actions/DeselectTrainActionTest.java]" classname="jmri.util.FileLineEndingsTest" time="0.001"/>
  <testcase name="lineEndings[./java/test/jmri/jmrit/operations/automation/actions/RunTrainActionTest.java]" classname="jmri.util.FileLineEndingsTest" time="0"/>
  <testcase name="lineEndings[./java/test/jmri/jmrit/operations/automation/actions/UpdateSwitchListActionTest.java]" classname="jmri.util.FileLineEndingsTest" time="0.001"/>
  <testcase name="lineEndings[./java/test/jmri/jmrit/operations/automation/actions/GotoFailureActionTest.java]" classname="jmri.util.FileLineEndingsTest" time="0.001"/>
  <testcase name="lineEndings[./java/test/jmri/jmrit/operations/automation/actions/BundleTest.java]" classname="jmri.util.FileLineEndingsTest" time="0.001"/>
  <testcase name="lineEndings[./java/test/jmri/jmrit/operations/automation/actions/MessageYesNoActionTest.java]" classname="jmri.util.FileLineEndingsTest" time="0"/>
  <testcase name="lineEndings[./java/test/jmri/jmrit/operations/automation/actions/PrintTrainManifestActionTest.java]" classname="jmri.util.FileLineEndingsTest" time="0.001"/>
  <testcase name="lineEndings[./java/test/jmri/jmrit/operations/automation/actions/IsTrainEnRouteActionTest.java]" classname="jmri.util.FileLineEndingsTest" time="0.001"/>
  <testcase name="lineEndings[./java/test/jmri/jmrit/operations/automation/actions/PrintSwitchListActionTest.java]" classname="jmri.util.FileLineEndingsTest" time="0.001"/>
  <testcase name="lineEndings[./java/test/jmri/jmrit/operations/automation/actions/ApplyTimetableActionTest.java]" classname="jmri.util.FileLineEndingsTest" time="0"/>
  <testcase name="lineEndings[./java/test/jmri/jmrit/operations/automation/actions/BuildTrainActionTest.java]" classname="jmri.util.FileLineEndingsTest" time="0.001"/>
  <testcase name="lineEndings[./java/test/jmri/jmrit/operations/automation/actions/PrintSwitchListChangesActionTest.java]" classname="jmri.util.FileLineEndingsTest" time="0.001"/>
  <testcase name="lineEndings[./java/test/jmri/jmrit/operations/automation/actions/HaltActionTest.java]" classname="jmri.util.FileLineEndingsTest" time="0.001"/>
  <testcase name="lineEndings[./java/test/jmri/jmrit/operations/automation/actions/SelectTrainActionTest.java]" classname="jmri.util.FileLineEndingsTest" time="0"/>
  <testcase name="lineEndings[./java/test/jmri/jmrit/operations/automation/actions/WaitSwitchListActionTest.java]" classname="jmri.util.FileLineEndingsTest" time="0.001"/>
  <testcase name="lineEndings[./java/test/jmri/jmrit/operations/automation/actions/PrintTrainManifestIfSelectedActionTest.java]" classname="jmri.util.FileLineEndingsTest" time="0.001"/>
  <testcase name="lineEndings[./java/test/jmri/jmrit/operations/automation/actions/BuildTrainIfSelectedActionTest.java]" classname="jmri.util.FileLineEndingsTest" time="0.001"/>
  <testcase name="lineEndings[./java/test/jmri/jmrit/operations/automation/actions/WaitTrainTerminatedActionTest.java]" classname="jmri.util.FileLineEndingsTest" time="0.001"/>
  <testcase name="lineEndings[./java/test/jmri/jmrit/operations/automation/actions/RunAutomationActionTest.java]" classname="jmri.util.FileLineEndingsTest" time="0"/>
  <testcase name="lineEndings[./java/test/jmri/jmrit/operations/automation/AutomationResetActionTest.java]" classname="jmri.util.FileLineEndingsTest" time="0.001"/>
  <testcase name="lineEndings[./java/test/jmri/jmrit/operations/automation/XmlTest.java]" classname="jmri.util.FileLineEndingsTest" time="0.001"/>
  <testcase name="lineEndings[./java/test/jmri/jmrit/operations/automation/AutomationTableModelTest.java]" classname="jmri.util.FileLineEndingsTest" time="0.001"/>
  <testcase name="lineEndings[./java/test/jmri/jmrit/operations/automation/BundleTest.java]" classname="jmri.util.FileLineEndingsTest" time="0"/>
  <testcase name="lineEndings[./java/test/jmri/jmrit/operations/automation/AutomationsTableModelTest.java]" classname="jmri.util.FileLineEndingsTest" time="0.001"/>
  <testcase name="lineEndings[./java/test/jmri/jmrit/operations/automation/AutomationsTableFrameActionTest.java]" classname="jmri.util.FileLineEndingsTest" time="0.001"/>
  <testcase name="lineEndings[./java/test/jmri/jmrit/operations/automation/AutomationTableFrameTest.java]" classname="jmri.util.FileLineEndingsTest" time="0.001"/>
  <testcase name="lineEndings[./java/test/jmri/jmrit/operations/automation/PackageTest.java]" classname="jmri.util.FileLineEndingsTest" time="0"/>
  <testcase name="lineEndings[./java/test/jmri/jmrit/operations/automation/AutomationItemTest.java]" classname="jmri.util.FileLineEndingsTest" time="0.001"/>
  <testcase name="lineEndings[./java/test/jmri/jmrit/operations/automation/AutomationTest.java]" classname="jmri.util.FileLineEndingsTest" time="0.001"/>
  <testcase name="lineEndings[./java/test/jmri/jmrit/operations/automation/AutomationCopyFrameTest.java]" classname="jmri.util.FileLineEndingsTest" time="0.001"/>
  <testcase name="lineEndings[./java/test/jmri/jmrit/operations/automation/AutomationManagerTest.java]" classname="jmri.util.FileLineEndingsTest" time="0"/>
  <testcase name="lineEndings[./java/test/jmri/jmrit/operations/automation/AutomationCopyActionTest.java]" classname="jmri.util.FileLineEndingsTest" time="0.001"/>
  <testcase name="lineEndings[./java/test/jmri/jmrit/operations/automation/AutomationsTableFrameTest.java]" classname="jmri.util.FileLineEndingsTest" time="0.001"/>
  <testcase name="lineEndings[./java/test/jmri/jmrit/operations/rollingstock/cars/CarLoadEditFrameTest.java]" classname="jmri.util.FileLineEndingsTest" time="0.001"/>
  <testcase name="lineEndings[./java/test/jmri/jmrit/operations/rollingstock/cars/CarAttributeEditFrameTest.java]" classname="jmri.util.FileLineEndingsTest" time="0"/>
  <testcase name="lineEndings[./java/test/jmri/jmrit/operations/rollingstock/cars/CarLoadTest.java]" classname="jmri.util.FileLineEndingsTest" time="0.001"/>
  <testcase name="lineEndings[./java/test/jmri/jmrit/operations/rollingstock/cars/CarsTest.java]" classname="jmri.util.FileLineEndingsTest" time="0.001"/>
  <testcase name="lineEndings[./java/test/jmri/jmrit/operations/rollingstock/cars/BundleTest.java]" classname="jmri.util.FileLineEndingsTest" time="0.001"/>
  <testcase name="lineEndings[./java/test/jmri/jmrit/operations/rollingstock/cars/ExportCarRosterActionTest.java]" classname="jmri.util.FileLineEndingsTest" time="0.001"/>
  <testcase name="lineEndings[./java/test/jmri/jmrit/operations/rollingstock/cars/CarTest.java]" classname="jmri.util.FileLineEndingsTest" time="0"/>
  <testcase name="lineEndings[./java/test/jmri/jmrit/operations/rollingstock/cars/ExportCarsTest.java]" classname="jmri.util.FileLineEndingsTest" time="0.001"/>
  <testcase name="lineEndings[./java/test/jmri/jmrit/operations/rollingstock/cars/CarSetFrameTest.java]" classname="jmri.util.FileLineEndingsTest" time="0.001"/>
  <testcase name="lineEndings[./java/test/jmri/jmrit/operations/rollingstock/cars/PrintCarRosterActionTest.java]" classname="jmri.util.FileLineEndingsTest" time="0.001"/>
  <testcase name="lineEndings[./java/test/jmri/jmrit/operations/rollingstock/cars/CarLoadsTest.java]" classname="jmri.util.FileLineEndingsTest" time="0"/>
  <testcase name="lineEndings[./java/test/jmri/jmrit/operations/rollingstock/cars/CarsTableActionTest.java]" classname="jmri.util.FileLineEndingsTest" time="0.001"/>
  <testcase name="lineEndings[./java/test/jmri/jmrit/operations/rollingstock/cars/CarsSetFrameTest.java]" classname="jmri.util.FileLineEndingsTest" time="0.001"/>
  <testcase name="lineEndings[./java/test/jmri/jmrit/operations/rollingstock/cars/CarsTableModelTest.java]" classname="jmri.util.FileLineEndingsTest" time="0.001"/>
  <testcase name="lineEndings[./java/test/jmri/jmrit/operations/rollingstock/cars/PackageTest.java]" classname="jmri.util.FileLineEndingsTest" time="0"/>
  <testcase name="lineEndings[./java/test/jmri/jmrit/operations/rollingstock/cars/CarEditFrameTest.java]" classname="jmri.util.FileLineEndingsTest" time="0.001"/>
  <testcase name="lineEndings[./java/test/jmri/jmrit/operations/rollingstock/cars/ImportCarsTest.java]" classname="jmri.util.FileLineEndingsTest" time="0.001"/>
  <testcase name="lineEndings[./java/test/jmri/jmrit/operations/rollingstock/cars/KernelTest.java]" classname="jmri.util.FileLineEndingsTest" time="0.001"/>
  <testcase name="lineEndings[./java/test/jmri/jmrit/operations/rollingstock/cars/ImportCarRosterActionTest.java]" classname="jmri.util.FileLineEndingsTest" time="0"/>
  <testcase name="lineEndings[./java/test/jmri/jmrit/operations/rollingstock/cars/ShowCheckboxesCarsTableActionTest.java]" classname="jmri.util.FileLineEndingsTest" time="0.001"/>
  <testcase name="lineEndings[./java/test/jmri/jmrit/operations/rollingstock/cars/CarsSetFrameActionTest.java]" classname="jmri.util.FileLineEndingsTest" time="0.001"/>
  <testcase name="lineEndings[./java/test/jmri/jmrit/operations/rollingstock/cars/CarTypesTest.java]" classname="jmri.util.FileLineEndingsTest" time="0.001"/>
  <testcase name="lineEndings[./java/test/jmri/jmrit/operations/rollingstock/cars/CarManagerXmlTest.java]" classname="jmri.util.FileLineEndingsTest" time="0"/>
  <testcase name="lineEndings[./java/test/jmri/jmrit/operations/rollingstock/cars/XmlTest.java]" classname="jmri.util.FileLineEndingsTest" time="0.001"/>
  <testcase name="lineEndings[./java/test/jmri/jmrit/operations/rollingstock/cars/CarLengthsTest.java]" classname="jmri.util.FileLineEndingsTest" time="0.001"/>
  <testcase name="lineEndings[./java/test/jmri/jmrit/operations/rollingstock/cars/PrintCarLoadsActionTest.java]" classname="jmri.util.FileLineEndingsTest" time="0.001"/>
  <testcase name="lineEndings[./java/test/jmri/jmrit/operations/rollingstock/cars/CarsTableFrameTest.java]" classname="jmri.util.FileLineEndingsTest" time="0.001"/>
  <testcase name="lineEndings[./java/test/jmri/jmrit/operations/rollingstock/cars/CarColorsTest.java]" classname="jmri.util.FileLineEndingsTest" time="0"/>
  <testcase name="lineEndings[./java/test/jmri/jmrit/operations/rollingstock/cars/CarAttributeActionTest.java]" classname="jmri.util.FileLineEndingsTest" time="0.001"/>
  <testcase name="lineEndings[./java/test/jmri/jmrit/operations/rollingstock/cars/DeleteCarRosterActionTest.java]" classname="jmri.util.FileLineEndingsTest" time="0.001"/>
  <testcase name="lineEndings[./java/test/jmri/jmrit/operations/rollingstock/cars/CarOwnersTest.java]" classname="jmri.util.FileLineEndingsTest" time="0.001"/>
  <testcase name="lineEndings[./java/test/jmri/jmrit/operations/rollingstock/cars/ResetCheckboxesCarsTableActionTest.java]" classname="jmri.util.FileLineEndingsTest" time="0"/>
  <testcase name="lineEndings[./java/test/jmri/jmrit/operations/rollingstock/cars/EnableDestinationActionTest.java]" classname="jmri.util.FileLineEndingsTest" time="0.001"/>
  <testcase name="lineEndings[./java/test/jmri/jmrit/operations/rollingstock/cars/CarRoadsTest.java]" classname="jmri.util.FileLineEndingsTest" time="0.001"/>
  <testcase name="lineEndings[./java/test/jmri/jmrit/operations/rollingstock/cars/ResetCarMovesActionTest.java]" classname="jmri.util.FileLineEndingsTest" time="0.001"/>
  <testcase name="lineEndings[./java/test/jmri/jmrit/operations/rollingstock/cars/CarLoadAttributeActionTest.java]" classname="jmri.util.FileLineEndingsTest" time="0"/>
  <testcase name="lineEndings[./java/test/jmri/jmrit/operations/rollingstock/cars/CarManagerTest.java]" classname="jmri.util.FileLineEndingsTest" time="0.001"/>
  <testcase name="lineEndings[./java/test/jmri/jmrit/operations/rollingstock/cars/CarDeleteAttributeActionTest.java]" classname="jmri.util.FileLineEndingsTest" time="0.001"/>
  <testcase name="lineEndings[./java/test/jmri/jmrit/operations/rollingstock/cars/CarRosterMenuTest.java]" classname="jmri.util.FileLineEndingsTest" time="0.001"/>
  <testcase name="lineEndings[./java/test/jmri/jmrit/operations/rollingstock/engines/BundleTest.java]" classname="jmri.util.FileLineEndingsTest" time="0"/>
  <testcase name="lineEndings[./java/test/jmri/jmrit/operations/rollingstock/engines/ImportEnginesTest.java]" classname="jmri.util.FileLineEndingsTest" time="0.001"/>
  <testcase name="lineEndings[./java/test/jmri/jmrit/operations/rollingstock/engines/ResetEngineMovesActionTest.java]" classname="jmri.util.FileLineEndingsTest" time="0.001"/>
  <testcase name="lineEndings[./java/test/jmri/jmrit/operations/rollingstock/engines/ExportEnginesTest.java]" classname="jmri.util.FileLineEndingsTest" time="0.001"/>
  <testcase name="lineEndings[./java/test/jmri/jmrit/operations/rollingstock/engines/EngineTypesTest.java]" classname="jmri.util.FileLineEndingsTest" time="0"/>
  <testcase name="lineEndings[./java/test/jmri/jmrit/operations/rollingstock/engines/EngineEditFrameTest.java]" classname="jmri.util.FileLineEndingsTest" time="0.001"/>
  <testcase name="lineEndings[./java/test/jmri/jmrit/operations/rollingstock/engines/EnginesTableFrameTest.java]" classname="jmri.util.FileLineEndingsTest" time="0.001"/>
  <testcase name="lineEndings[./java/test/jmri/jmrit/operations/rollingstock/engines/EngineRosterMenuTest.java]" classname="jmri.util.FileLineEndingsTest" time="0.001"/>
  <testcase name="lineEndings[./java/test/jmri/jmrit/operations/rollingstock/engines/ImportRosterEnginesTest.java]" classname="jmri.util.FileLineEndingsTest" time="0"/>
  <testcase name="lineEndings[./java/test/jmri/jmrit/operations/rollingstock/engines/EngineAttributeEditFrameTest.java]" classname="jmri.util.FileLineEndingsTest" time="0.001"/>
  <testcase name="lineEndings[./java/test/jmri/jmrit/operations/rollingstock/engines/ImportRosterEngineActionTest.java]" classname="jmri.util.FileLineEndingsTest" time="0.001"/>
  <testcase name="lineEndings[./java/test/jmri/jmrit/operations/rollingstock/engines/ExportEngineRosterActionTest.java]" classname="jmri.util.FileLineEndingsTest" time="0.001"/>
  <testcase name="lineEndings[./java/test/jmri/jmrit/operations/rollingstock/engines/EngineModelsTest.java]" classname="jmri.util.FileLineEndingsTest" time="0.001"/>
  <testcase name="lineEndings[./java/test/jmri/jmrit/operations/rollingstock/engines/EngineTest.java]" classname="jmri.util.FileLineEndingsTest" time="0"/>
  <testcase name="lineEndings[./java/test/jmri/jmrit/operations/rollingstock/engines/PrintEngineRosterActionTest.java]" classname="jmri.util.FileLineEndingsTest" time="0.001"/>
  <testcase name="lineEndings[./java/test/jmri/jmrit/operations/rollingstock/engines/PackageTest.java]" classname="jmri.util.FileLineEndingsTest" time="0.001"/>
  <testcase name="lineEndings[./java/test/jmri/jmrit/operations/rollingstock/engines/ImportEngineActionTest.java]" classname="jmri.util.FileLineEndingsTest" time="0.001"/>
  <testcase name="lineEndings[./java/test/jmri/jmrit/operations/rollingstock/engines/ConsistTest.java]" classname="jmri.util.FileLineEndingsTest" time="0"/>
  <testcase name="lineEndings[./java/test/jmri/jmrit/operations/rollingstock/engines/DeleteEngineRosterActionTest.java]" classname="jmri.util.FileLineEndingsTest" time="0.001"/>
  <testcase name="lineEndings[./java/test/jmri/jmrit/operations/rollingstock/engines/EnginesTableModelTest.java]" classname="jmri.util.FileLineEndingsTest" time="0.001"/>
  <testcase name="lineEndings[./java/test/jmri/jmrit/operations/rollingstock/engines/EngineManagerTest.java]" classname="jmri.util.FileLineEndingsTest" time="0.001"/>
  <testcase name="lineEndings[./java/test/jmri/jmrit/operations/rollingstock/engines/EngineManagerXmlTest.java]" classname="jmri.util.FileLineEndingsTest" time="0"/>
  <testcase name="lineEndings[./java/test/jmri/jmrit/operations/rollingstock/engines/XmlTest.java]" classname="jmri.util.FileLineEndingsTest" time="0"/>
  <testcase name="lineEndings[./java/test/jmri/jmrit/operations/rollingstock/engines/NceConsistEnginesTest.java]" classname="jmri.util.FileLineEndingsTest" time="0.001"/>
  <testcase name="lineEndings[./java/test/jmri/jmrit/operations/rollingstock/engines/EnginesTableActionTest.java]" classname="jmri.util.FileLineEndingsTest" time="0.001"/>
  <testcase name="lineEndings[./java/test/jmri/jmrit/operations/rollingstock/engines/EngineSetFrameTest.java]" classname="jmri.util.FileLineEndingsTest" time="0.001"/>
  <testcase name="lineEndings[./java/test/jmri/jmrit/operations/rollingstock/engines/NceConsistEngineActionTest.java]" classname="jmri.util.FileLineEndingsTest" time="0"/>
  <testcase name="lineEndings[./java/test/jmri/jmrit/operations/rollingstock/engines/EngineLengthsTest.java]" classname="jmri.util.FileLineEndingsTest" time="0.001"/>
  <testcase name="lineEndings[./java/test/jmri/jmrit/operations/rollingstock/RollingStockAttributeTest.java]" classname="jmri.util.FileLineEndingsTest" time="0.001"/>
  <testcase name="lineEndings[./java/test/jmri/jmrit/operations/rollingstock/BundleTest.java]" classname="jmri.util.FileLineEndingsTest" time="0.001"/>
  <testcase name="lineEndings[./java/test/jmri/jmrit/operations/rollingstock/OperationsRollingStockTest.java]" classname="jmri.util.FileLineEndingsTest" time="0"/>
  <testcase name="lineEndings[./java/test/jmri/jmrit/operations/rollingstock/XmlTest.java]" classname="jmri.util.FileLineEndingsTest" time="0.001"/>
  <testcase name="lineEndings[./java/test/jmri/jmrit/operations/rollingstock/RollingStockLoggerTest.java]" classname="jmri.util.FileLineEndingsTest" time="0.001"/>
  <testcase name="lineEndings[./java/test/jmri/jmrit/operations/rollingstock/RollingStockSetFrameTest.java]" classname="jmri.util.FileLineEndingsTest" time="0.001"/>
  <testcase name="lineEndings[./java/test/jmri/jmrit/operations/rollingstock/RollingStockGroupTest.java]" classname="jmri.util.FileLineEndingsTest" time="0"/>
  <testcase name="lineEndings[./java/test/jmri/jmrit/operations/rollingstock/RollingStockManagerTest.java]" classname="jmri.util.FileLineEndingsTest" time="0.001"/>
  <testcase name="lineEndings[./java/test/jmri/jmrit/operations/rollingstock/PackageTest.java]" classname="jmri.util.FileLineEndingsTest" time="0.001"/>
  <testcase name="lineEndings[./java/test/jmri/jmrit/operations/rollingstock/RollingStockTest.java]" classname="jmri.util.FileLineEndingsTest" time="0.001"/>
  <testcase name="lineEndings[./java/test/jmri/jmrit/operations/rollingstock/ImportRollingStockTest.java]" classname="jmri.util.FileLineEndingsTest" time="0"/>
  <testcase name="lineEndings[./java/test/jmri/jmrit/operations/rollingstock/OperationsLoggerTest.java]" classname="jmri.util.FileLineEndingsTest" time="0.001"/>
  <testcase name="lineEndings[./java/test/jmri/jmrit/operations/trains/TrainConductorPanelTest.java]" classname="jmri.util.FileLineEndingsTest" time="0.001"/>
  <testcase name="lineEndings[./java/test/jmri/jmrit/operations/trains/TrainEditBuildOptionsActionTest.java]" classname="jmri.util.FileLineEndingsTest" time="0.001"/>
  <testcase name="lineEndings[./java/test/jmri/jmrit/operations/trains/timetable/TrainsScheduleEditFrameTest.java]" classname="jmri.util.FileLineEndingsTest" time="0"/>
  <testcase name="lineEndings[./java/test/jmri/jmrit/operations/trains/timetable/TrainsScheduleTableModelTest.java]" classname="jmri.util.FileLineEndingsTest" time="0.001"/>
  <testcase name="lineEndings[./java/test/jmri/jmrit/operations/trains/timetable/PackageTest.java]" classname="jmri.util.FileLineEndingsTest" time="0.001"/>
  <testcase name="lineEndings[./java/test/jmri/jmrit/operations/trains/timetable/TrainScheduleManagerTest.java]" classname="jmri.util.FileLineEndingsTest" time="0.001"/>
  <testcase name="lineEndings[./java/test/jmri/jmrit/operations/trains/timetable/TrainsScheduleTableFrameTest.java]" classname="jmri.util.FileLineEndingsTest" time="0"/>
  <testcase name="lineEndings[./java/test/jmri/jmrit/operations/trains/timetable/BundleTest.java]" classname="jmri.util.FileLineEndingsTest" time="0.001"/>
  <testcase name="lineEndings[./java/test/jmri/jmrit/operations/trains/timetable/TrainsScheduleEditActionTest.java]" classname="jmri.util.FileLineEndingsTest" time="0.001"/>
  <testcase name="lineEndings[./java/test/jmri/jmrit/operations/trains/timetable/XmlTest.java]" classname="jmri.util.FileLineEndingsTest" time="0.001"/>
  <testcase name="lineEndings[./java/test/jmri/jmrit/operations/trains/timetable/TrainScheduleTest.java]" classname="jmri.util.FileLineEndingsTest" time="0"/>
  <testcase name="lineEndings[./java/test/jmri/jmrit/operations/trains/timetable/TrainsScheduleActionTest.java]" classname="jmri.util.FileLineEndingsTest" time="0.001"/>
  <testcase name="lineEndings[./java/test/jmri/jmrit/operations/trains/timetable/OperationsTrainsGuiTest.java]" classname="jmri.util.FileLineEndingsTest" time="0.001"/>
  <testcase name="lineEndings[./java/test/jmri/jmrit/operations/trains/excel/SetupExcelProgramSwitchListFrameActionTest.java]" classname="jmri.util.FileLineEndingsTest" time="0.001"/>
  <testcase name="lineEndings[./java/test/jmri/jmrit/operations/trains/excel/TrainCustomSwitchListTest.java]" classname="jmri.util.FileLineEndingsTest" time="0"/>
  <testcase name="lineEndings[./java/test/jmri/jmrit/operations/trains/excel/XmlTest.java]" classname="jmri.util.FileLineEndingsTest" time="0.001"/>
  <testcase name="lineEndings[./java/test/jmri/jmrit/operations/trains/excel/PackageTest.java]" classname="jmri.util.FileLineEndingsTest" time="0.001"/>
  <testcase name="lineEndings[./java/test/jmri/jmrit/operations/trains/excel/SetupExcelProgramManifestFrameTest.java]" classname="jmri.util.FileLineEndingsTest" time="0.001"/>
  <testcase name="lineEndings[./java/test/jmri/jmrit/operations/trains/excel/BundleTest.java]" classname="jmri.util.FileLineEndingsTest" time="0"/>
  <testcase name="lineEndings[./java/test/jmri/jmrit/operations/trains/excel/SetupExcelProgramSwitchListFrameTest.java]" classname="jmri.util.FileLineEndingsTest" time="0.001"/>
  <testcase name="lineEndings[./java/test/jmri/jmrit/operations/trains/excel/SetupExcelProgramFrameActionTest.java]" classname="jmri.util.FileLineEndingsTest" time="0.001"/>
  <testcase name="lineEndings[./java/test/jmri/jmrit/operations/trains/excel/SetupExcelProgramFrameTest.java]" classname="jmri.util.FileLineEndingsTest" time="0.001"/>
  <testcase name="lineEndings[./java/test/jmri/jmrit/operations/trains/excel/TrainCustomManifestTest.java]" classname="jmri.util.FileLineEndingsTest" time="0"/>
  <testcase name="lineEndings[./java/test/jmri/jmrit/operations/trains/TrainManifestHeaderTextTest.java]" classname="jmri.util.FileLineEndingsTest" time="0.001"/>
  <testcase name="lineEndings[./java/test/jmri/jmrit/operations/trains/TrainLoadOptionsActionTest.java]" classname="jmri.util.FileLineEndingsTest" time="0.001"/>
  <testcase name="lineEndings[./java/test/jmri/jmrit/operations/trains/tools/TrainsScriptActionTest.java]" classname="jmri.util.FileLineEndingsTest" time="0.001"/>
  <testcase name="lineEndings[./java/test/jmri/jmrit/operations/trains/tools/ExportTrainRosterActionTest.java]" classname="jmri.util.FileLineEndingsTest" time="0"/>
  <testcase name="lineEndings[./java/test/jmri/jmrit/operations/trains/tools/ChangeDepartureTimesActionTest.java]" classname="jmri.util.FileLineEndingsTest" time="0.001"/>
  <testcase name="lineEndings[./java/test/jmri/jmrit/operations/trains/tools/ShowCarsInTrainFrameTest.java]" classname="jmri.util.FileLineEndingsTest" time="0.001"/>
  <testcase name="lineEndings[./java/test/jmri/jmrit/operations/trains/tools/ChangeDepartureTimesFrameTest.java]" classname="jmri.util.FileLineEndingsTest" time="0.001"/>
  <testcase name="lineEndings[./java/test/jmri/jmrit/operations/trains/tools/PrintTrainActionTest.java]" classname="jmri.util.FileLineEndingsTest" time="0"/>
  <testcase name="lineEndings[./java/test/jmri/jmrit/operations/trains/tools/ExportTrainsTest.java]" classname="jmri.util.FileLineEndingsTest" time="0.001"/>
  <testcase name="lineEndings[./java/test/jmri/jmrit/operations/trains/tools/PrintTrainManifestActionTest.java]" classname="jmri.util.FileLineEndingsTest" time="0.001"/>
  <testcase name="lineEndings[./java/test/jmri/jmrit/operations/trains/tools/PrintSavedTrainManifestActionTest.java]" classname="jmri.util.FileLineEndingsTest" time="0.001"/>
  <testcase name="lineEndings[./java/test/jmri/jmrit/operations/trains/tools/TrainsTableSetColorFrameTest.java]" classname="jmri.util.FileLineEndingsTest" time="0"/>
  <testcase name="lineEndings[./java/test/jmri/jmrit/operations/trains/tools/TrainScriptFrameTest.java]" classname="jmri.util.FileLineEndingsTest" time="0.001"/>
  <testcase name="lineEndings[./java/test/jmri/jmrit/operations/trains/tools/TrainsByCarTypeFrameTest.java]" classname="jmri.util.FileLineEndingsTest" time="0.001"/>
  <testcase name="lineEndings[./java/test/jmri/jmrit/operations/trains/tools/TrainCopyActionTest.java]" classname="jmri.util.FileLineEndingsTest" time="0.001"/>
  <testcase name="lineEndings[./java/test/jmri/jmrit/operations/trains/tools/OperationsTrainsGuiTest.java]" classname="jmri.util.FileLineEndingsTest" time="0"/>
  <testcase name="lineEndings[./java/test/jmri/jmrit/operations/trains/tools/BundleTest.java]" classname="jmri.util.FileLineEndingsTest" time="0.001"/>
  <testcase name="lineEndings[./java/test/jmri/jmrit/operations/trains/tools/PrintTrainsByCarTypesActionTest.java]" classname="jmri.util.FileLineEndingsTest" time="0.001"/>
  <testcase name="lineEndings[./java/test/jmri/jmrit/operations/trains/tools/TrainManifestOptionActionTest.java]" classname="jmri.util.FileLineEndingsTest" time="0.001"/>
  <testcase name="lineEndings[./java/test/jmri/jmrit/operations/trains/tools/TrainScriptActionTest.java]" classname="jmri.util.FileLineEndingsTest" time="0"/>
  <testcase name="lineEndings[./java/test/jmri/jmrit/operations/trains/tools/PrintTrainsActionTest.java]" classname="jmri.util.FileLineEndingsTest" time="0.001"/>
  <testcase name="lineEndings[./java/test/jmri/jmrit/operations/trains/tools/PrintTrainBuildReportActionTest.java]" classname="jmri.util.FileLineEndingsTest" time="0.001"/>
  <testcase name="lineEndings[./java/test/jmri/jmrit/operations/trains/tools/TrainsScriptFrameTest.java]" classname="jmri.util.FileLineEndingsTest" time="0.001"/>
  <testcase name="lineEndings[./java/test/jmri/jmrit/operations/trains/tools/TrainByCarTypeFrameTest.java]" classname="jmri.util.FileLineEndingsTest" time="0"/>
  <testcase name="lineEndings[./java/test/jmri/jmrit/operations/trains/tools/TrainsTableSetColorActionTest.java]" classname="jmri.util.FileLineEndingsTest" time="0.001"/>
  <testcase name="lineEndings[./java/test/jmri/jmrit/operations/trains/tools/PackageTest.java]" classname="jmri.util.FileLineEndingsTest" time="0.001"/>
  <testcase name="lineEndings[./java/test/jmri/jmrit/operations/trains/tools/TrainManifestOptionFrameTest.java]" classname="jmri.util.FileLineEndingsTest" time="0.001"/>
  <testcase name="lineEndings[./java/test/jmri/jmrit/operations/trains/tools/TrainsByCarTypeActionTest.java]" classname="jmri.util.FileLineEndingsTest" time="0"/>
  <testcase name="lineEndings[./java/test/jmri/jmrit/operations/trains/tools/TrainByCarTypeActionTest.java]" classname="jmri.util.FileLineEndingsTest" time="0"/>
  <testcase name="lineEndings[./java/test/jmri/jmrit/operations/trains/tools/ShowCarsInTrainActionTest.java]" classname="jmri.util.FileLineEndingsTest" time="0.001"/>
  <testcase name="lineEndings[./java/test/jmri/jmrit/operations/trains/tools/TrainCopyFrameTest.java]" classname="jmri.util.FileLineEndingsTest" time="0.001"/>
  <testcase name="lineEndings[./java/test/jmri/jmrit/operations/trains/TrainUtilitiesTest.java]" classname="jmri.util.FileLineEndingsTest" time="0.001"/>
  <testcase name="lineEndings[./java/test/jmri/jmrit/operations/trains/OperationsTrainsGuiTest.java]" classname="jmri.util.FileLineEndingsTest" time="0.002"/>
  <testcase name="lineEndings[./java/test/jmri/jmrit/operations/trains/TrainCsvManifestTest.java]" classname="jmri.util.FileLineEndingsTest" time="0"/>
  <testcase name="lineEndings[./java/test/jmri/jmrit/operations/trains/TrainIconAnimationTest.java]" classname="jmri.util.FileLineEndingsTest" time="0"/>
  <testcase name="lineEndings[./java/test/jmri/jmrit/operations/trains/TrainSwitchListTextTest.java]" classname="jmri.util.FileLineEndingsTest" time="0.001"/>
  <testcase name="lineEndings[./java/test/jmri/jmrit/operations/trains/TrainRoadOptionsActionTest.java]" classname="jmri.util.FileLineEndingsTest" time="0"/>
  <testcase name="lineEndings[./java/test/jmri/jmrit/operations/trains/TrainManagerTest.java]" classname="jmri.util.FileLineEndingsTest" time="0.001"/>
  <testcase name="lineEndings[./java/test/jmri/jmrit/operations/trains/XmlTest.java]" classname="jmri.util.FileLineEndingsTest" time="0.001"/>
  <testcase name="lineEndings[./java/test/jmri/jmrit/operations/trains/configurexml/XmlTest.java]" classname="jmri.util.FileLineEndingsTest" time="0.001"/>
  <testcase name="lineEndings[./java/test/jmri/jmrit/operations/trains/configurexml/PackageTest.java]" classname="jmri.util.FileLineEndingsTest" time="0"/>
  <testcase name="lineEndings[./java/test/jmri/jmrit/operations/trains/configurexml/TrainIconXmlTest.java]" classname="jmri.util.FileLineEndingsTest" time="0.001"/>
  <testcase name="lineEndings[./java/test/jmri/jmrit/operations/trains/TrainManifestTextTest.java]" classname="jmri.util.FileLineEndingsTest" time="0.001"/>
  <testcase name="lineEndings[./java/test/jmri/jmrit/operations/trains/TrainSwitchListEditFrameTest.java]" classname="jmri.util.FileLineEndingsTest" time="0.001"/>
  <testcase name="lineEndings[./java/test/jmri/jmrit/operations/trains/TrainsTableModelTest.java]" classname="jmri.util.FileLineEndingsTest" time="0"/>
  <testcase name="lineEndings[./java/test/jmri/jmrit/operations/trains/TrainLoggerTest.java]" classname="jmri.util.FileLineEndingsTest" time="0.001"/>
  <testcase name="lineEndings[./java/test/jmri/jmrit/operations/trains/TrainsTableActionTest.java]" classname="jmri.util.FileLineEndingsTest" time="0.001"/>
  <testcase name="lineEndings[./java/test/jmri/jmrit/operations/trains/TrainsTableFrameTest.java]" classname="jmri.util.FileLineEndingsTest" time="0.001"/>
  <testcase name="lineEndings[./java/test/jmri/jmrit/operations/trains/TrainCsvSwitchListsTest.java]" classname="jmri.util.FileLineEndingsTest" time="0"/>
  <testcase name="lineEndings[./java/test/jmri/jmrit/operations/trains/TrainTest.java]" classname="jmri.util.FileLineEndingsTest" time="0.002"/>
  <testcase name="lineEndings[./java/test/jmri/jmrit/operations/trains/BuildFailedExceptionTest.java]" classname="jmri.util.FileLineEndingsTest" time="0.001"/>
  <testcase name="lineEndings[./java/test/jmri/jmrit/operations/trains/JsonManifestTest.java]" classname="jmri.util.FileLineEndingsTest" time="0"/>
  <testcase name="lineEndings[./java/test/jmri/jmrit/operations/trains/TrainLoadOptionsFrameTest.java]" classname="jmri.util.FileLineEndingsTest" time="0.001"/>
  <testcase name="lineEndings[./java/test/jmri/jmrit/operations/trains/TrainCommonTest.java]" classname="jmri.util.FileLineEndingsTest" time="0.001"/>
  <testcase name="lineEndings[./java/test/jmri/jmrit/operations/trains/TrainBuilderTest.java]" classname="jmri.util.FileLineEndingsTest" time="0.002"/>
  <testcase name="lineEndings[./java/test/jmri/jmrit/operations/trains/TrainPrintUtilitiesTest.java]" classname="jmri.util.FileLineEndingsTest" time="0.001"/>
  <testcase name="lineEndings[./java/test/jmri/jmrit/operations/trains/BundleTest.java]" classname="jmri.util.FileLineEndingsTest" time="0.001"/>
  <testcase name="lineEndings[./java/test/jmri/jmrit/operations/trains/TrainManagerXmlTest.java]" classname="jmri.util.FileLineEndingsTest" time="0.001"/>
  <testcase name="lineEndings[./java/test/jmri/jmrit/operations/trains/TrainEditBuildOptionsFrameTest.java]" classname="jmri.util.FileLineEndingsTest" time="0"/>
  <testcase name="lineEndings[./java/test/jmri/jmrit/operations/trains/PackageTest.java]" classname="jmri.util.FileLineEndingsTest" time="0.001"/>
  <testcase name="lineEndings[./java/test/jmri/jmrit/operations/trains/TrainCsvCommonTest.java]" classname="jmri.util.FileLineEndingsTest" time="0.001"/>
  <testcase name="lineEndings[./java/test/jmri/jmrit/operations/trains/TrainRoadOptionsFrameTest.java]" classname="jmri.util.FileLineEndingsTest" time="0"/>
  <testcase name="lineEndings[./java/test/jmri/jmrit/operations/trains/TrainManifestTest.java]" classname="jmri.util.FileLineEndingsTest" time="0.001"/>
  <testcase name="lineEndings[./java/test/jmri/jmrit/operations/trains/TrainIconTest.java]" classname="jmri.util.FileLineEndingsTest" time="0.001"/>
  <testcase name="lineEndings[./java/test/jmri/jmrit/operations/trains/TrainEditFrameTest.java]" classname="jmri.util.FileLineEndingsTest" time="0.001"/>
  <testcase name="lineEndings[./java/test/jmri/jmrit/operations/trains/TrainSwitchListsTest.java]" classname="jmri.util.FileLineEndingsTest" time="0.001"/>
  <testcase name="lineEndings[./java/test/jmri/jmrit/operations/trains/TrainConductorActionTest.java]" classname="jmri.util.FileLineEndingsTest" time="0.003"/>
  <testcase name="lineEndings[./java/test/jmri/jmrit/operations/trains/TrainConductorFrameTest.java]" classname="jmri.util.FileLineEndingsTest" time="0.001"/>
  <testcase name="lineEndings[./java/test/jmri/jmrit/operations/routes/RouteCopyActionTest.java]" classname="jmri.util.FileLineEndingsTest" time="0.001"/>
  <testcase name="lineEndings[./java/test/jmri/jmrit/operations/routes/RoutesTableActionTest.java]" classname="jmri.util.FileLineEndingsTest" time="0"/>
  <testcase name="lineEndings[./java/test/jmri/jmrit/operations/routes/XmlTest.java]" classname="jmri.util.FileLineEndingsTest" time="0.001"/>
  <testcase name="lineEndings[./java/test/jmri/jmrit/operations/routes/PrintRouteActionTest.java]" classname="jmri.util.FileLineEndingsTest" time="0.001"/>
  <testcase name="lineEndings[./java/test/jmri/jmrit/operations/routes/RouteCopyFrameTest.java]" classname="jmri.util.FileLineEndingsTest" time="0.001"/>
  <testcase name="lineEndings[./java/test/jmri/jmrit/operations/routes/SetTrainIconRouteFrameTest.java]" classname="jmri.util.FileLineEndingsTest" time="0.001"/>
  <testcase name="lineEndings[./java/test/jmri/jmrit/operations/routes/PrintRoutesActionTest.java]" classname="jmri.util.FileLineEndingsTest" time="0.001"/>
  <testcase name="lineEndings[./java/test/jmri/jmrit/operations/routes/RoutesTableFrameTest.java]" classname="jmri.util.FileLineEndingsTest" time="0.001"/>
  <testcase name="lineEndings[./java/test/jmri/jmrit/operations/routes/RouteEditTableModelTest.java]" classname="jmri.util.FileLineEndingsTest" time="0.001"/>
  <testcase name="lineEndings[./java/test/jmri/jmrit/operations/routes/OperationsRoutesGuiTest.java]" classname="jmri.util.FileLineEndingsTest" time="0"/>
  <testcase name="lineEndings[./java/test/jmri/jmrit/operations/routes/RouteTest.java]" classname="jmri.util.FileLineEndingsTest" time="0.002"/>
  <testcase name="lineEndings[./java/test/jmri/jmrit/operations/routes/PackageTest.java]" classname="jmri.util.FileLineEndingsTest" time="0"/>
  <testcase name="lineEndings[./java/test/jmri/jmrit/operations/routes/SetTrainIconPositionFrameTest.java]" classname="jmri.util.FileLineEndingsTest" time="0.001"/>
  <testcase name="lineEndings[./java/test/jmri/jmrit/operations/routes/SetTrainIconRouteActionTest.java]" classname="jmri.util.FileLineEndingsTest" time="0.001"/>
  <testcase name="lineEndings[./java/test/jmri/jmrit/operations/routes/RouteLocationTest.java]" classname="jmri.util.FileLineEndingsTest" time="0.001"/>
  <testcase name="lineEndings[./java/test/jmri/jmrit/operations/routes/RouteManagerTest.java]" classname="jmri.util.FileLineEndingsTest" time="0.001"/>
  <testcase name="lineEndings[./java/test/jmri/jmrit/operations/routes/OperationsRoutesTest.java]" classname="jmri.util.FileLineEndingsTest" time="0.001"/>
  <testcase name="lineEndings[./java/test/jmri/jmrit/operations/routes/SetTrainIconPositionActionTest.java]" classname="jmri.util.FileLineEndingsTest" time="0.001"/>
  <testcase name="lineEndings[./java/test/jmri/jmrit/operations/routes/RoutesTableModelTest.java]" classname="jmri.util.FileLineEndingsTest" time="0.001"/>
  <testcase name="lineEndings[./java/test/jmri/jmrit/operations/routes/RouteManagerXmlTest.java]" classname="jmri.util.FileLineEndingsTest" time="0"/>
  <testcase name="lineEndings[./java/test/jmri/jmrit/operations/routes/RouteEditFrameTest.java]" classname="jmri.util.FileLineEndingsTest" time="0.001"/>
  <testcase name="lineEndings[./java/test/jmri/jmrit/operations/routes/BundleTest.java]" classname="jmri.util.FileLineEndingsTest" time="0.001"/>
  <testcase name="lineEndings[./java/test/jmri/jmrit/operations/locations/LocationManagerXmlTest.java]" classname="jmri.util.FileLineEndingsTest" time="0.001"/>
  <testcase name="lineEndings[./java/test/jmri/jmrit/operations/locations/tools/AlternateTrackFrameTest.java]" classname="jmri.util.FileLineEndingsTest" time="0.001"/>
  <testcase name="lineEndings[./java/test/jmri/jmrit/operations/locations/tools/LocationTrackBlockingOrderTableModelTest.java]" classname="jmri.util.FileLineEndingsTest" time="0.001"/>
  <testcase name="lineEndings[./java/test/jmri/jmrit/operations/locations/tools/LocationsByCarLoadFrameTest.java]" classname="jmri.util.FileLineEndingsTest" time="0"/>
  <testcase name="lineEndings[./java/test/jmri/jmrit/operations/locations/tools/PrintLocationsActionTest.java]" classname="jmri.util.FileLineEndingsTest" time="0.001"/>
  <testcase name="lineEndings[./java/test/jmri/jmrit/operations/locations/tools/LocationTrackBlockingOrderFrameTest.java]" classname="jmri.util.FileLineEndingsTest" time="0.001"/>
  <testcase name="lineEndings[./java/test/jmri/jmrit/operations/locations/tools/SetPhysicalLocationFrameTest.java]" classname="jmri.util.FileLineEndingsTest" time="0.001"/>
  <testcase name="lineEndings[./java/test/jmri/jmrit/operations/locations/tools/TrackDestinationEditFrameTest.java]" classname="jmri.util.FileLineEndingsTest" time="0.001"/>
  <testcase name="lineEndings[./java/test/jmri/jmrit/operations/locations/tools/IgnoreUsedTrackFrameTest.java]" classname="jmri.util.FileLineEndingsTest" time="0.001"/>
  <testcase name="lineEndings[./java/test/jmri/jmrit/operations/locations/tools/LocationCopyActionTest.java]" classname="jmri.util.FileLineEndingsTest" time="0.001"/>
  <testcase name="lineEndings[./java/test/jmri/jmrit/operations/locations/tools/LocationTrackBlockingOrderActionTest.java]" classname="jmri.util.FileLineEndingsTest" time="0"/>
  <testcase name="lineEndings[./java/test/jmri/jmrit/operations/locations/tools/PrintLocationsByCarTypesActionTest.java]" classname="jmri.util.FileLineEndingsTest" time="0.001"/>
  <testcase name="lineEndings[./java/test/jmri/jmrit/operations/locations/tools/TrackCopyActionTest.java]" classname="jmri.util.FileLineEndingsTest" time="0.001"/>
  <testcase name="lineEndings[./java/test/jmri/jmrit/operations/locations/tools/PrintSwitchListActionTest.java]" classname="jmri.util.FileLineEndingsTest" time="0.001"/>
  <testcase name="lineEndings[./java/test/jmri/jmrit/operations/locations/tools/PackageTest.java]" classname="jmri.util.FileLineEndingsTest" time="0.001"/>
  <testcase name="lineEndings[./java/test/jmri/jmrit/operations/locations/tools/LocationCopyFrameTest.java]" classname="jmri.util.FileLineEndingsTest" time="0.001"/>
  <testcase name="lineEndings[./java/test/jmri/jmrit/operations/locations/tools/LocationsByCarTypeFrameTest.java]" classname="jmri.util.FileLineEndingsTest" time="0.001"/>
  <testcase name="lineEndings[./java/test/jmri/jmrit/operations/locations/tools/ChangeTrackTypeActionTest.java]" classname="jmri.util.FileLineEndingsTest" time="0"/>
  <testcase name="lineEndings[./java/test/jmri/jmrit/operations/locations/tools/TrackEditCommentsActionTest.java]" classname="jmri.util.FileLineEndingsTest" time="0.001"/>
  <testcase name="lineEndings[./java/test/jmri/jmrit/operations/locations/tools/SetPhysicalLocationActionTest.java]" classname="jmri.util.FileLineEndingsTest" time="0.001"/>
  <testcase name="lineEndings[./java/test/jmri/jmrit/operations/locations/tools/EditCarTypeActionTest.java]" classname="jmri.util.FileLineEndingsTest" time="0.001"/>
  <testcase name="lineEndings[./java/test/jmri/jmrit/operations/locations/tools/ShowCarsByLocationActionTest.java]" classname="jmri.util.FileLineEndingsTest" time="0.001"/>
  <testcase name="lineEndings[./java/test/jmri/jmrit/operations/locations/tools/ShowTrackMovesActionTest.java]" classname="jmri.util.FileLineEndingsTest" time="0.001"/>
  <testcase name="lineEndings[./java/test/jmri/jmrit/operations/locations/tools/ChangeTrackFrameTest.java]" classname="jmri.util.FileLineEndingsTest" time="0"/>
  <testcase name="lineEndings[./java/test/jmri/jmrit/operations/locations/tools/ModifyLocationsCarLoadsActionTest.java]" classname="jmri.util.FileLineEndingsTest" time="0.001"/>
  <testcase name="lineEndings[./java/test/jmri/jmrit/operations/locations/tools/TrackLoadEditActionTest.java]" classname="jmri.util.FileLineEndingsTest" time="0.001"/>
  <testcase name="lineEndings[./java/test/jmri/jmrit/operations/locations/tools/ShowTrainsServingLocationActionTest.java]" classname="jmri.util.FileLineEndingsTest" time="0.001"/>
  <testcase name="lineEndings[./java/test/jmri/jmrit/operations/locations/tools/PoolTrackActionTest.java]" classname="jmri.util.FileLineEndingsTest" time="0.001"/>
  <testcase name="lineEndings[./java/test/jmri/jmrit/operations/locations/tools/BundleTest.java]" classname="jmri.util.FileLineEndingsTest" time="0.001"/>
  <testcase name="lineEndings[./java/test/jmri/jmrit/operations/locations/tools/PoolTrackGuiTest.java]" classname="jmri.util.FileLineEndingsTest" time="0.001"/>
  <testcase name="lineEndings[./java/test/jmri/jmrit/operations/locations/tools/TrackDestinationEditActionTest.java]" classname="jmri.util.FileLineEndingsTest" time="0"/>
  <testcase name="lineEndings[./java/test/jmri/jmrit/operations/locations/tools/PoolTrackFrameTest.java]" classname="jmri.util.FileLineEndingsTest" time="0.001"/>
  <testcase name="lineEndings[./java/test/jmri/jmrit/operations/locations/tools/TrackLoadEditFrameTest.java]" classname="jmri.util.FileLineEndingsTest" time="0.001"/>
  <testcase name="lineEndings[./java/test/jmri/jmrit/operations/locations/tools/TrackRoadEditActionTest.java]" classname="jmri.util.FileLineEndingsTest" time="0.001"/>
  <testcase name="lineEndings[./java/test/jmri/jmrit/operations/locations/tools/TrackCopyFrameTest.java]" classname="jmri.util.FileLineEndingsTest" time="0.001"/>
  <testcase name="lineEndings[./java/test/jmri/jmrit/operations/locations/tools/IgnoreUsedTrackActionTest.java]" classname="jmri.util.FileLineEndingsTest" time="0.001"/>
  <testcase name="lineEndings[./java/test/jmri/jmrit/operations/locations/tools/TrackEditCommentsFrameTest.java]" classname="jmri.util.FileLineEndingsTest" time="0.001"/>
  <testcase name="lineEndings[./java/test/jmri/jmrit/operations/locations/tools/ShowTrainsServingLocationFrameTest.java]" classname="jmri.util.FileLineEndingsTest" time="0"/>
  <testcase name="lineEndings[./java/test/jmri/jmrit/operations/locations/tools/ModifyLocationsActionTest.java]" classname="jmri.util.FileLineEndingsTest" time="0.001"/>
  <testcase name="lineEndings[./java/test/jmri/jmrit/operations/locations/tools/AlternateTrackActionTest.java]" classname="jmri.util.FileLineEndingsTest" time="0.001"/>
  <testcase name="lineEndings[./java/test/jmri/jmrit/operations/locations/tools/TrackRoadEditFrameTest.java]" classname="jmri.util.FileLineEndingsTest" time="0.001"/>
  <testcase name="lineEndings[./java/test/jmri/jmrit/operations/locations/tools/ChangeTracksFrameTest.java]" classname="jmri.util.FileLineEndingsTest" time="0.001"/>
  <testcase name="lineEndings[./java/test/jmri/jmrit/operations/locations/tools/ChangeTracksTypeActionTest.java]" classname="jmri.util.FileLineEndingsTest" time="0.001"/>
  <testcase name="lineEndings[./java/test/jmri/jmrit/operations/locations/BundleTest.java]" classname="jmri.util.FileLineEndingsTest" time="0.001"/>
  <testcase name="lineEndings[./java/test/jmri/jmrit/operations/locations/YardmasterPanelTest.java]" classname="jmri.util.FileLineEndingsTest" time="0"/>
  <testcase name="lineEndings[./java/test/jmri/jmrit/operations/locations/schedules/ScheduleManagerTest.java]" classname="jmri.util.FileLineEndingsTest" time="0.001"/>
  <testcase name="lineEndings[./java/test/jmri/jmrit/operations/locations/schedules/LocationTrackPairTest.java]" classname="jmri.util.FileLineEndingsTest" time="0.001"/>
  <testcase name="lineEndings[./java/test/jmri/jmrit/operations/locations/schedules/SchedulesByLoadFrameTest.java]" classname="jmri.util.FileLineEndingsTest" time="0.001"/>
  <testcase name="lineEndings[./java/test/jmri/jmrit/operations/locations/schedules/SchedulesTableModelTest.java]" classname="jmri.util.FileLineEndingsTest" time="0.001"/>
  <testcase name="lineEndings[./java/test/jmri/jmrit/operations/locations/schedules/ScheduleEditFrameTest.java]" classname="jmri.util.FileLineEndingsTest" time="0.001"/>
  <testcase name="lineEndings[./java/test/jmri/jmrit/operations/locations/schedules/ScheduleTableModelTest.java]" classname="jmri.util.FileLineEndingsTest" time="0.001"/>
  <testcase name="lineEndings[./java/test/jmri/jmrit/operations/locations/schedules/ScheduleGuiTests.java]" classname="jmri.util.FileLineEndingsTest" time="0"/>
  <testcase name="lineEndings[./java/test/jmri/jmrit/operations/locations/schedules/ScheduleCopyFrameTest.java]" classname="jmri.util.FileLineEndingsTest" time="0.001"/>
  <testcase name="lineEndings[./java/test/jmri/jmrit/operations/locations/schedules/ScheduleItemTest.java]" classname="jmri.util.FileLineEndingsTest" time="0.001"/>
  <testcase name="lineEndings[./java/test/jmri/jmrit/operations/locations/schedules/SchedulesTableFrameTest.java]" classname="jmri.util.FileLineEndingsTest" time="0.001"/>
  <testcase name="lineEndings[./java/test/jmri/jmrit/operations/locations/schedules/ScheduleOptionsActionTest.java]" classname="jmri.util.FileLineEndingsTest" time="0.001"/>
  <testcase name="lineEndings[./java/test/jmri/jmrit/operations/locations/schedules/ScheduleOptionsFrameTest.java]" classname="jmri.util.FileLineEndingsTest" time="0.001"/>
  <testcase name="lineEndings[./java/test/jmri/jmrit/operations/locations/schedules/PackageTest.java]" classname="jmri.util.FileLineEndingsTest" time="0.001"/>
  <testcase name="lineEndings[./java/test/jmri/jmrit/operations/locations/schedules/ScheduleResetHitsActionTest.java]" classname="jmri.util.FileLineEndingsTest" time="0"/>
  <testcase name="lineEndings[./java/test/jmri/jmrit/operations/locations/schedules/ScheduleCopyActionTest.java]" classname="jmri.util.FileLineEndingsTest" time="0.001"/>
  <testcase name="lineEndings[./java/test/jmri/jmrit/operations/locations/schedules/SchedulesResetHitsActionTest.java]" classname="jmri.util.FileLineEndingsTest" time="0.001"/>
  <testcase name="lineEndings[./java/test/jmri/jmrit/operations/locations/schedules/BundleTest.java]" classname="jmri.util.FileLineEndingsTest" time="0.001"/>
  <testcase name="lineEndings[./java/test/jmri/jmrit/operations/locations/schedules/SchedulesByLoadActionTest.java]" classname="jmri.util.FileLineEndingsTest" time="0.001"/>
  <testcase name="lineEndings[./java/test/jmri/jmrit/operations/locations/schedules/XmlTest.java]" classname="jmri.util.FileLineEndingsTest" time="0.001"/>
  <testcase name="lineEndings[./java/test/jmri/jmrit/operations/locations/schedules/ScheduleEditFrameGuiTest.java]" classname="jmri.util.FileLineEndingsTest" time="0"/>
  <testcase name="lineEndings[./java/test/jmri/jmrit/operations/locations/schedules/ScheduleTest.java]" classname="jmri.util.FileLineEndingsTest" time="0"/>
  <testcase name="lineEndings[./java/test/jmri/jmrit/operations/locations/schedules/SchedulesTableActionTest.java]" classname="jmri.util.FileLineEndingsTest" time="0.001"/>
  <testcase name="lineEndings[./java/test/jmri/jmrit/operations/locations/LocationTest.java]" classname="jmri.util.FileLineEndingsTest" time="0.001"/>
  <testcase name="lineEndings[./java/test/jmri/jmrit/operations/locations/YardmasterFrameTest.java]" classname="jmri.util.FileLineEndingsTest" time="0.001"/>
  <testcase name="lineEndings[./java/test/jmri/jmrit/operations/locations/SidingEditFrameTest.java]" classname="jmri.util.FileLineEndingsTest" time="0.001"/>
  <testcase name="lineEndings[./java/test/jmri/jmrit/operations/locations/LocationsTableModelTest.java]" classname="jmri.util.FileLineEndingsTest" time="0.001"/>
  <testcase name="lineEndings[./java/test/jmri/jmrit/operations/locations/StagingTableModelTest.java]" classname="jmri.util.FileLineEndingsTest" time="0.001"/>
  <testcase name="lineEndings[./java/test/jmri/jmrit/operations/locations/TrackTableModelTest.java]" classname="jmri.util.FileLineEndingsTest" time="0"/>
  <testcase name="lineEndings[./java/test/jmri/jmrit/operations/locations/LocationEditFrameTest.java]" classname="jmri.util.FileLineEndingsTest" time="0.001"/>
  <testcase name="lineEndings[./java/test/jmri/jmrit/operations/locations/InterchangeTableModelTest.java]" classname="jmri.util.FileLineEndingsTest" time="0.001"/>
  <testcase name="lineEndings[./java/test/jmri/jmrit/operations/locations/YardmasterByTrackActionTest.java]" classname="jmri.util.FileLineEndingsTest" time="0.001"/>
  <testcase name="lineEndings[./java/test/jmri/jmrit/operations/locations/YardmasterByTrackFrameTest.java]" classname="jmri.util.FileLineEndingsTest" time="0.001"/>
  <testcase name="lineEndings[./java/test/jmri/jmrit/operations/locations/SpurEditFrameTest.java]" classname="jmri.util.FileLineEndingsTest" time="0.001"/>
  <testcase name="lineEndings[./java/test/jmri/jmrit/operations/locations/XmlTest.java]" classname="jmri.util.FileLineEndingsTest" time="0.001"/>
  <testcase name="lineEndings[./java/test/jmri/jmrit/operations/locations/OperationsPoolTest.java]" classname="jmri.util.FileLineEndingsTest" time="0.001"/>
  <testcase name="lineEndings[./java/test/jmri/jmrit/operations/locations/LocationsTableFrameTest.java]" classname="jmri.util.FileLineEndingsTest" time="0"/>
  <testcase name="lineEndings[./java/test/jmri/jmrit/operations/locations/LocationManagerTest.java]" classname="jmri.util.FileLineEndingsTest" time="0.001"/>
  <testcase name="lineEndings[./java/test/jmri/jmrit/operations/locations/PoolTest.java]" classname="jmri.util.FileLineEndingsTest" time="0.001"/>
  <testcase name="lineEndings[./java/test/jmri/jmrit/operations/locations/LocationsTableActionTest.java]" classname="jmri.util.FileLineEndingsTest" time="0.001"/>
  <testcase name="lineEndings[./java/test/jmri/jmrit/operations/locations/TrackEditFrameTest.java]" classname="jmri.util.FileLineEndingsTest" time="0.001"/>
  <testcase name="lineEndings[./java/test/jmri/jmrit/operations/locations/YardmasterByTrackPanelTest.java]" classname="jmri.util.FileLineEndingsTest" time="0.001"/>
  <testcase name="lineEndings[./java/test/jmri/jmrit/operations/locations/StagingEditFrameTest.java]" classname="jmri.util.FileLineEndingsTest" time="0"/>
  <testcase name="lineEndings[./java/test/jmri/jmrit/operations/locations/InterchangeEditFrameTest.java]" classname="jmri.util.FileLineEndingsTest" time="0.001"/>
  <testcase name="lineEndings[./java/test/jmri/jmrit/operations/locations/SpurTableModelTest.java]" classname="jmri.util.FileLineEndingsTest" time="0.001"/>
  <testcase name="lineEndings[./java/test/jmri/jmrit/operations/locations/TrackTest.java]" classname="jmri.util.FileLineEndingsTest" time="0.001"/>
  <testcase name="lineEndings[./java/test/jmri/jmrit/operations/locations/PackageTest.java]" classname="jmri.util.FileLineEndingsTest" time="0.001"/>
  <testcase name="lineEndings[./java/test/jmri/jmrit/operations/locations/YardEditFrameTest.java]" classname="jmri.util.FileLineEndingsTest" time="0.001"/>
  <testcase name="lineEndings[./java/test/jmri/jmrit/operations/locations/YardTableModelTest.java]" classname="jmri.util.FileLineEndingsTest" time="0.001"/>
  <testcase name="lineEndings[./java/test/jmri/jmrit/operations/CommonConductorYardmasterPanelTest.java]" classname="jmri.util.FileLineEndingsTest" time="0.001"/>
  <testcase name="lineEndings[./java/test/jmri/jmrit/operations/OperationsSwingTestCase.java]" classname="jmri.util.FileLineEndingsTest" time="0"/>
  <testcase name="lineEndings[./java/test/jmri/jmrit/operations/router/BundleTest.java]" classname="jmri.util.FileLineEndingsTest" time="0.001"/>
  <testcase name="lineEndings[./java/test/jmri/jmrit/operations/router/OperationsCarRouterTest.java]" classname="jmri.util.FileLineEndingsTest" time="0.002"/>
  <testcase name="lineEndings[./java/test/jmri/jmrit/operations/router/PackageTest.java]" classname="jmri.util.FileLineEndingsTest" time="0.001"/>
  <testcase name="lineEndings[./java/test/jmri/jmrit/operations/router/RouterTest.java]" classname="jmri.util.FileLineEndingsTest" time="0.001"/>
  <testcase name="lineEndings[./java/test/jmri/jmrit/operations/setup/EditManifestTextActionTest.java]" classname="jmri.util.FileLineEndingsTest" time="0.001"/>
  <testcase name="lineEndings[./java/test/jmri/jmrit/operations/setup/ManageBackupsActionTest.java]" classname="jmri.util.FileLineEndingsTest" time="0"/>
  <testcase name="lineEndings[./java/test/jmri/jmrit/operations/setup/ControlTest.java]" classname="jmri.util.FileLineEndingsTest" time="0.001"/>
  <testcase name="lineEndings[./java/test/jmri/jmrit/operations/setup/OperationsSetupFrameTest.java]" classname="jmri.util.FileLineEndingsTest" time="0.001"/>
  <testcase name="lineEndings[./java/test/jmri/jmrit/operations/setup/LoadDemoActionTest.java]" classname="jmri.util.FileLineEndingsTest" time="0.001"/>
  <testcase name="lineEndings[./java/test/jmri/jmrit/operations/setup/EditSwitchListTextFrameTest.java]" classname="jmri.util.FileLineEndingsTest" time="0.001"/>
  <testcase name="lineEndings[./java/test/jmri/jmrit/operations/setup/RestoreFilesActionTest.java]" classname="jmri.util.FileLineEndingsTest" time="0.001"/>
  <testcase name="lineEndings[./java/test/jmri/jmrit/operations/setup/BuildReportOptionPanelTest.java]" classname="jmri.util.FileLineEndingsTest" time="0.001"/>
  <testcase name="lineEndings[./java/test/jmri/jmrit/operations/setup/OperationsSetupPanelTest.java]" classname="jmri.util.FileLineEndingsTest" time="0.034"/>
  <testcase name="lineEndings[./java/test/jmri/jmrit/operations/setup/OperationsBackupTest.java]" classname="jmri.util.FileLineEndingsTest" time="0.001"/>
  <testcase name="lineEndings[./java/test/jmri/jmrit/operations/setup/AutoBackupTest.java]" classname="jmri.util.FileLineEndingsTest" time="0.001"/>
  <testcase name="lineEndings[./java/test/jmri/jmrit/operations/setup/OperationsBackupGuiTest.java]" classname="jmri.util.FileLineEndingsTest" time="0.001"/>
  <testcase name="lineEndings[./java/test/jmri/jmrit/operations/setup/BackupSetTest.java]" classname="jmri.util.FileLineEndingsTest" time="0.001"/>
  <testcase name="lineEndings[./java/test/jmri/jmrit/operations/setup/PrintOptionPanelTest.java]" classname="jmri.util.FileLineEndingsTest" time="0.001"/>
  <testcase name="lineEndings[./java/test/jmri/jmrit/operations/setup/PrintOptionFrameTest.java]" classname="jmri.util.FileLineEndingsTest" time="0.001"/>
  <testcase name="lineEndings[./java/test/jmri/jmrit/operations/setup/EditSwitchListTextPanelTest.java]" classname="jmri.util.FileLineEndingsTest" time="0.001"/>
  <testcase name="lineEndings[./java/test/jmri/jmrit/operations/setup/EditManifestTextFrameTest.java]" classname="jmri.util.FileLineEndingsTest" time="0.001"/>
  <testcase name="lineEndings[./java/test/jmri/jmrit/operations/setup/PrintOptionActionTest.java]" classname="jmri.util.FileLineEndingsTest" time="0"/>
  <testcase name="lineEndings[./java/test/jmri/jmrit/operations/setup/ResetActionTest.java]" classname="jmri.util.FileLineEndingsTest" time="0.001"/>
  <testcase name="lineEndings[./java/test/jmri/jmrit/operations/setup/DefaultBackupTest.java]" classname="jmri.util.FileLineEndingsTest" time="0.001"/>
  <testcase name="lineEndings[./java/test/jmri/jmrit/operations/setup/SetupTest.java]" classname="jmri.util.FileLineEndingsTest" time="0.001"/>
  <testcase name="lineEndings[./java/test/jmri/jmrit/operations/setup/PrintMoreOptionActionTest.java]" classname="jmri.util.FileLineEndingsTest" time="0.001"/>
  <testcase name="lineEndings[./java/test/jmri/jmrit/operations/setup/EditManifestHeaderTextPanelTest.java]" classname="jmri.util.FileLineEndingsTest" time="0.001"/>
  <testcase name="lineEndings[./java/test/jmri/jmrit/operations/setup/BackupDialogTest.java]" classname="jmri.util.FileLineEndingsTest" time="0.001"/>
  <testcase name="lineEndings[./java/test/jmri/jmrit/operations/setup/PackageTest.java]" classname="jmri.util.FileLineEndingsTest" time="0"/>
  <testcase name="lineEndings[./java/test/jmri/jmrit/operations/setup/ManageBackupsDialogTest.java]" classname="jmri.util.FileLineEndingsTest" time="0.001"/>
  <testcase name="lineEndings[./java/test/jmri/jmrit/operations/setup/RestoreDialogTest.java]" classname="jmri.util.FileLineEndingsTest" time="0.001"/>
  <testcase name="lineEndings[./java/test/jmri/jmrit/operations/setup/PrintMoreOptionFrameTest.java]" classname="jmri.util.FileLineEndingsTest" time="0.001"/>
  <testcase name="lineEndings[./java/test/jmri/jmrit/operations/setup/OptionFrameTest.java]" classname="jmri.util.FileLineEndingsTest" time="0.001"/>
  <testcase name="lineEndings[./java/test/jmri/jmrit/operations/setup/PrintMoreOptionPanelTest.java]" classname="jmri.util.FileLineEndingsTest" time="0.001"/>
  <testcase name="lineEndings[./java/test/jmri/jmrit/operations/setup/BuildReportOptionFrameTest.java]" classname="jmri.util.FileLineEndingsTest" time="0"/>
  <testcase name="lineEndings[./java/test/jmri/jmrit/operations/setup/EditManifestHeaderTextActionTest.java]" classname="jmri.util.FileLineEndingsTest" time="0.001"/>
  <testcase name="lineEndings[./java/test/jmri/jmrit/operations/setup/OptionPanelTest.java]" classname="jmri.util.FileLineEndingsTest" time="0.001"/>
  <testcase name="lineEndings[./java/test/jmri/jmrit/operations/setup/OptionActionTest.java]" classname="jmri.util.FileLineEndingsTest" time="0.001"/>
  <testcase name="lineEndings[./java/test/jmri/jmrit/operations/setup/BackupFilesActionTest.java]" classname="jmri.util.FileLineEndingsTest" time="0.001"/>
  <testcase name="lineEndings[./java/test/jmri/jmrit/operations/setup/OperationsSetupTest.java]" classname="jmri.util.FileLineEndingsTest" time="0.001"/>
  <testcase name="lineEndings[./java/test/jmri/jmrit/operations/setup/BuildReportOptionActionTest.java]" classname="jmri.util.FileLineEndingsTest" time="0.001"/>
  <testcase name="lineEndings[./java/test/jmri/jmrit/operations/setup/EditManifestHeaderTextFrameTest.java]" classname="jmri.util.FileLineEndingsTest" time="0"/>
  <testcase name="lineEndings[./java/test/jmri/jmrit/operations/setup/EditSwitchListTextActionTest.java]" classname="jmri.util.FileLineEndingsTest" time="0.001"/>
  <testcase name="lineEndings[./java/test/jmri/jmrit/operations/setup/OperationsSetupActionTest.java]" classname="jmri.util.FileLineEndingsTest" time="0.001"/>
  <testcase name="lineEndings[./java/test/jmri/jmrit/operations/setup/OperationsSetupXmlTest.java]" classname="jmri.util.FileLineEndingsTest" time="0.001"/>
  <testcase name="lineEndings[./java/test/jmri/jmrit/operations/setup/EditManifestTextPanelTest.java]" classname="jmri.util.FileLineEndingsTest" time="0.001"/>
  <testcase name="lineEndings[./java/test/jmri/jmrit/operations/setup/AutoSaveTest.java]" classname="jmri.util.FileLineEndingsTest" time="0.001"/>
  <testcase name="lineEndings[./java/test/jmri/jmrit/operations/setup/XmlTest.java]" classname="jmri.util.FileLineEndingsTest" time="0"/>
  <testcase name="lineEndings[./java/test/jmri/jmrit/operations/setup/BundleTest.java]" classname="jmri.util.FileLineEndingsTest" time="0.001"/>
  <testcase name="lineEndings[./java/test/jmri/jmrit/operations/BundleTest.java]" classname="jmri.util.FileLineEndingsTest" time="0.001"/>
  <testcase name="lineEndings[./java/test/jmri/jmrit/operations/OperationsMenuTest.java]" classname="jmri.util.FileLineEndingsTest" time="0.001"/>
  <testcase name="lineEndings[./java/test/jmri/jmrit/operations/XmlLoadTest.java]" classname="jmri.util.FileLineEndingsTest" time="0.001"/>
  <testcase name="lineEndings[./java/test/jmri/jmrit/operations/OperationsFrameTest.java]" classname="jmri.util.FileLineEndingsTest" time="0.001"/>
  <testcase name="lineEndings[./java/test/jmri/jmrit/operations/OperationsManagerTest.java]" classname="jmri.util.FileLineEndingsTest" time="0"/>
  <testcase name="lineEndings[./java/test/jmri/jmrit/operations/PackageTest.java]" classname="jmri.util.FileLineEndingsTest" time="0.001"/>
  <testcase name="lineEndings[./java/test/jmri/jmrit/operations/OperationsPanelTest.java]" classname="jmri.util.FileLineEndingsTest" time="0.001"/>
  <testcase name="lineEndings[./java/test/jmri/jmrit/operations/OpsPropertyChangeListenerTest.java]" classname="jmri.util.FileLineEndingsTest" time="0.001"/>
  <testcase name="lineEndings[./java/test/jmri/jmrit/operations/OperationsTestCase.java]" classname="jmri.util.FileLineEndingsTest" time="0.001"/>
  <testcase name="lineEndings[./java/test/jmri/jmrit/consisttool/ConsistToolActionTest.java]" classname="jmri.util.FileLineEndingsTest" time="0.001"/>
  <testcase name="lineEndings[./java/test/jmri/jmrit/consisttool/ConsistToolFrameTest.java]" classname="jmri.util.FileLineEndingsTest" time="0"/>
  <testcase name="lineEndings[./java/test/jmri/jmrit/consisttool/TestConsistManager.java]" classname="jmri.util.FileLineEndingsTest" time="0.001"/>
  <testcase name="lineEndings[./java/test/jmri/jmrit/consisttool/PackageTest.java]" classname="jmri.util.FileLineEndingsTest" time="0.001"/>
  <testcase name="lineEndings[./java/test/jmri/jmrit/consisttool/BundleTest.java]" classname="jmri.util.FileLineEndingsTest" time="0.001"/>
  <testcase name="lineEndings[./java/test/jmri/jmrit/consisttool/ConsistFileTest.java]" classname="jmri.util.FileLineEndingsTest" time="0.001"/>
  <testcase name="lineEndings[./java/test/jmri/jmrit/consisttool/ConsistDataModelTest.java]" classname="jmri.util.FileLineEndingsTest" time="0.003"/>
  <testcase name="lineEndings[./java/test/jmri/jmrit/withrottle/WiThrottlePrefsPanelTest.java]" classname="jmri.util.FileLineEndingsTest" time="0"/>
  <testcase name="lineEndings[./java/test/jmri/jmrit/withrottle/ControllerFilterActionTest.java]" classname="jmri.util.FileLineEndingsTest" time="0"/>
  <testcase name="lineEndings[./java/test/jmri/jmrit/withrottle/WiFiConsistFileTest.java]" classname="jmri.util.FileLineEndingsTest" time="0"/>
  <testcase name="lineEndings[./java/test/jmri/jmrit/withrottle/UserInterfaceTest.java]" classname="jmri.util.FileLineEndingsTest" time="0"/>
  <testcase name="lineEndings[./java/test/jmri/jmrit/withrottle/WiFiConsistTest.java]" classname="jmri.util.FileLineEndingsTest" time="0.001"/>
  <testcase name="lineEndings[./java/test/jmri/jmrit/withrottle/WiThrottlePreferencesTest.java]" classname="jmri.util.FileLineEndingsTest" time="0.001"/>
  <testcase name="lineEndings[./java/test/jmri/jmrit/withrottle/PackageTest.java]" classname="jmri.util.FileLineEndingsTest" time="0"/>
  <testcase name="lineEndings[./java/test/jmri/jmrit/withrottle/BundleTest.java]" classname="jmri.util.FileLineEndingsTest" time="0.001"/>
  <testcase name="lineEndings[./java/test/jmri/jmrit/withrottle/FastClockControllerTest.java]" classname="jmri.util.FileLineEndingsTest" time="0.001"/>
  <testcase name="lineEndings[./java/test/jmri/jmrit/withrottle/MultiThrottleControllerTest.java]" classname="jmri.util.FileLineEndingsTest" time="0.001"/>
  <testcase name="lineEndings[./java/test/jmri/jmrit/withrottle/ConsistControllerTest.java]" classname="jmri.util.FileLineEndingsTest" time="0.001"/>
  <testcase name="lineEndings[./java/test/jmri/jmrit/withrottle/FacelessServerTest.java]" classname="jmri.util.FileLineEndingsTest" time="0.001"/>
  <testcase name="lineEndings[./java/test/jmri/jmrit/withrottle/WiFiConsistManagerTest.java]" classname="jmri.util.FileLineEndingsTest" time="0"/>
  <testcase name="lineEndings[./java/test/jmri/jmrit/withrottle/WiThrottlesListModelTest.java]" classname="jmri.util.FileLineEndingsTest" time="0.001"/>
  <testcase name="lineEndings[./java/test/jmri/jmrit/withrottle/DeviceServerTest.java]" classname="jmri.util.FileLineEndingsTest" time="0.001"/>
  <testcase name="lineEndings[./java/test/jmri/jmrit/withrottle/RouteControllerTest.java]" classname="jmri.util.FileLineEndingsTest" time="0.001"/>
  <testcase name="lineEndings[./java/test/jmri/jmrit/withrottle/ThrottleControllerTest.java]" classname="jmri.util.FileLineEndingsTest" time="0.001"/>
  <testcase name="lineEndings[./java/test/jmri/jmrit/withrottle/ConsistFunctionControllerTest.java]" classname="jmri.util.FileLineEndingsTest" time="0.001"/>
  <testcase name="lineEndings[./java/test/jmri/jmrit/withrottle/MultiThrottleTest.java]" classname="jmri.util.FileLineEndingsTest" time="0"/>
  <testcase name="lineEndings[./java/test/jmri/jmrit/withrottle/WiThrottleCreationActionTest.java]" classname="jmri.util.FileLineEndingsTest" time="0.001"/>
  <testcase name="lineEndings[./java/test/jmri/jmrit/withrottle/TrackPowerControllerTest.java]" classname="jmri.util.FileLineEndingsTest" time="0.001"/>
  <testcase name="lineEndings[./java/test/jmri/jmrit/withrottle/ControllerFilterFrameTest.java]" classname="jmri.util.FileLineEndingsTest" time="0.001"/>
  <testcase name="lineEndings[./java/test/jmri/jmrit/withrottle/TurnoutControllerTest.java]" classname="jmri.util.FileLineEndingsTest" time="0.001"/>
  <testcase name="lineEndings[./java/test/jmri/jmrit/withrottle/WiThrottleManagerTest.java]" classname="jmri.util.FileLineEndingsTest" time="0.001"/>
  <testcase name="lineEndings[./java/test/jmri/jmrit/simplelightctrl/BundleTest.java]" classname="jmri.util.FileLineEndingsTest" time="0"/>
  <testcase name="lineEndings[./java/test/jmri/jmrit/simplelightctrl/SimpleLightCtrlFrameTest.java]" classname="jmri.util.FileLineEndingsTest" time="0.001"/>
  <testcase name="lineEndings[./java/test/jmri/jmrit/simplelightctrl/SimpleLightCtrlActionTest.java]" classname="jmri.util.FileLineEndingsTest" time="0.001"/>
  <testcase name="lineEndings[./java/test/jmri/jmrit/simplelightctrl/PackageTest.java]" classname="jmri.util.FileLineEndingsTest" time="0.001"/>
  <testcase name="lineEndings[./java/test/jmri/jmrit/entryexit/SourceTest.java]" classname="jmri.util.FileLineEndingsTest" time="0.001"/>
  <testcase name="lineEndings[./java/test/jmri/jmrit/entryexit/BundleTest.java]" classname="jmri.util.FileLineEndingsTest" time="0.001"/>
  <testcase name="lineEndings[./java/test/jmri/jmrit/entryexit/StackNXPanelTest.java]" classname="jmri.util.FileLineEndingsTest" time="0.001"/>
  <testcase name="lineEndings[./java/test/jmri/jmrit/entryexit/PackageTest.java]" classname="jmri.util.FileLineEndingsTest" time="0.001"/>
  <testcase name="lineEndings[./java/test/jmri/jmrit/entryexit/EntryExitPairsTest.java]" classname="jmri.util.FileLineEndingsTest" time="0"/>
  <testcase name="lineEndings[./java/test/jmri/jmrit/entryexit/AddEntryExitPairActionTest.java]" classname="jmri.util.FileLineEndingsTest" time="0.001"/>
  <testcase name="lineEndings[./java/test/jmri/jmrit/entryexit/EntryExitTestTools.java]" classname="jmri.util.FileLineEndingsTest" time="0.001"/>
  <testcase name="lineEndings[./java/test/jmri/jmrit/entryexit/AddEntryExitPairPanelTest.java]" classname="jmri.util.FileLineEndingsTest" time="0.001"/>
  <testcase name="lineEndings[./java/test/jmri/jmrit/entryexit/configurexml/PackageTest.java]" classname="jmri.util.FileLineEndingsTest" time="0.001"/>
  <testcase name="lineEndings[./java/test/jmri/jmrit/entryexit/configurexml/EntryExitPairsXmlTest.java]" classname="jmri.util.FileLineEndingsTest" time="0.001"/>
  <testcase name="lineEndings[./java/test/jmri/jmrit/entryexit/PointDetailsTest.java]" classname="jmri.util.FileLineEndingsTest" time="0.001"/>
  <testcase name="lineEndings[./java/test/jmri/jmrit/entryexit/AddEntryExitPairFrameTest.java]" classname="jmri.util.FileLineEndingsTest" time="0"/>
  <testcase name="lineEndings[./java/test/jmri/jmrit/entryexit/DestinationPointsTest.java]" classname="jmri.util.FileLineEndingsTest" time="0.001"/>
  <testcase name="lineEndings[./java/test/jmri/jmrit/entryexit/ManuallySetRouteTest.java]" classname="jmri.util.FileLineEndingsTest" time="0.001"/>
  <testcase name="lineEndings[./java/test/jmri/jmrit/catalog/configurexml/PackageTest.java]" classname="jmri.util.FileLineEndingsTest" time="0.001"/>
  <testcase name="lineEndings[./java/test/jmri/jmrit/catalog/configurexml/DefaultCatalogTreeManagerXmlTest.java]" classname="jmri.util.FileLineEndingsTest" time="0.001"/>
  <testcase name="lineEndings[./java/test/jmri/jmrit/catalog/CatalogTreeFSTest.java]" classname="jmri.util.FileLineEndingsTest" time="0.001"/>
  <testcase name="lineEndings[./java/test/jmri/jmrit/catalog/DefaultCatalogTreeManagerTest.java]" classname="jmri.util.FileLineEndingsTest" time="0"/>
  <testcase name="lineEndings[./java/test/jmri/jmrit/catalog/CatalogTreeModelTest.java]" classname="jmri.util.FileLineEndingsTest" time="0.001"/>
  <testcase name="lineEndings[./java/test/jmri/jmrit/catalog/CatalogTreeLeafTest.java]" classname="jmri.util.FileLineEndingsTest" time="0.001"/>
  <testcase name="lineEndings[./java/test/jmri/jmrit/catalog/BundleTest.java]" classname="jmri.util.FileLineEndingsTest" time="0.001"/>
  <testcase name="lineEndings[./java/test/jmri/jmrit/catalog/CatalogTreeIndexTest.java]" classname="jmri.util.FileLineEndingsTest" time="0.001"/>
  <testcase name="lineEndings[./java/test/jmri/jmrit/catalog/DragJLabelTest.java]" classname="jmri.util.FileLineEndingsTest" time="0.001"/>
  <testcase name="lineEndings[./java/test/jmri/jmrit/catalog/ImageIndexEditorTest.java]" classname="jmri.util.FileLineEndingsTest" time="0"/>
  <testcase name="lineEndings[./java/test/jmri/jmrit/catalog/PackageTest.java]" classname="jmri.util.FileLineEndingsTest" time="0.001"/>
  <testcase name="lineEndings[./java/test/jmri/jmrit/catalog/PreviewDialogTest.java]" classname="jmri.util.FileLineEndingsTest" time="0.001"/>
  <testcase name="lineEndings[./java/test/jmri/jmrit/catalog/CatalogPaneTest.java]" classname="jmri.util.FileLineEndingsTest" time="0.001"/>
  <testcase name="lineEndings[./java/test/jmri/jmrit/catalog/DirectorySearcherTest.java]" classname="jmri.util.FileLineEndingsTest" time="0.001"/>
  <testcase name="lineEndings[./java/test/jmri/jmrit/catalog/NamedIconTest.java]" classname="jmri.util.FileLineEndingsTest" time="0.001"/>
  <testcase name="lineEndings[./java/test/jmri/jmrit/catalog/CatalogPanelTest.java]" classname="jmri.util.FileLineEndingsTest" time="0"/>
  <testcase name="lineEndings[./java/test/jmri/jmrit/catalog/CatalogTreeNodeTest.java]" classname="jmri.util.FileLineEndingsTest" time="0.001"/>
  <testcase name="lineEndings[./java/test/jmri/jmrit/powerpanel/PowerPaneTest.java]" classname="jmri.util.FileLineEndingsTest" time="0.001"/>
  <testcase name="lineEndings[./java/test/jmri/jmrit/powerpanel/PowerPanelFrameTest.java]" classname="jmri.util.FileLineEndingsTest" time="0.001"/>
  <testcase name="lineEndings[./java/test/jmri/jmrit/powerpanel/PowerButtonActionTest.java]" classname="jmri.util.FileLineEndingsTest" time="0.001"/>
  <testcase name="lineEndings[./java/test/jmri/jmrit/powerpanel/BundleTest.java]" classname="jmri.util.FileLineEndingsTest" time="0.001"/>
  <testcase name="lineEndings[./java/test/jmri/jmrit/powerpanel/PackageTest.java]" classname="jmri.util.FileLineEndingsTest" time="0"/>
  <testcase name="lineEndings[./java/test/jmri/jmrit/powerpanel/PowerPanelActionTest.java]" classname="jmri.util.FileLineEndingsTest" time="0.001"/>
  <testcase name="lineEndings[./java/test/jmri/jmrit/log/PackageTest.java]" classname="jmri.util.FileLineEndingsTest" time="0.001"/>
  <testcase name="lineEndings[./java/test/jmri/jmrit/log/LogActionTest.java]" classname="jmri.util.FileLineEndingsTest" time="0.001"/>
  <testcase name="lineEndings[./java/test/jmri/jmrit/log/LogOutputWindowActionTest.java]" classname="jmri.util.FileLineEndingsTest" time="0.001"/>
  <testcase name="lineEndings[./java/test/jmri/jmrit/log/Log4JTreePaneTest.java]" classname="jmri.util.FileLineEndingsTest" time="0"/>
  <testcase name="lineEndings[./java/test/jmri/jmrit/log/LogPanelTest.java]" classname="jmri.util.FileLineEndingsTest" time="0"/>
  <testcase name="lineEndings[./java/test/jmri/jmrit/log/LogFrameTest.java]" classname="jmri.util.FileLineEndingsTest" time="0.001"/>
  <testcase name="lineEndings[./java/test/jmri/jmrit/log/BundleTest.java]" classname="jmri.util.FileLineEndingsTest" time="0.001"/>
  <testcase name="lineEndings[./java/test/jmri/jmrit/decoderdefn/DecoderIndexCreateActionTest.java]" classname="jmri.util.FileLineEndingsTest" time="0.001"/>
  <testcase name="lineEndings[./java/test/jmri/jmrit/decoderdefn/InstallDecoderFileActionTest.java]" classname="jmri.util.FileLineEndingsTest" time="0.001"/>
  <testcase name="lineEndings[./java/test/jmri/jmrit/decoderdefn/NameCheckActionTest.java]" classname="jmri.util.FileLineEndingsTest" time="0"/>
  <testcase name="lineEndings[./java/test/jmri/jmrit/decoderdefn/DecoderFileTest.java]" classname="jmri.util.FileLineEndingsTest" time="0.001"/>
  <testcase name="lineEndings[./java/test/jmri/jmrit/decoderdefn/PackageTest.java]" classname="jmri.util.FileLineEndingsTest" time="0.001"/>
  <testcase name="lineEndings[./java/test/jmri/jmrit/decoderdefn/InstallDecoderURLActionTest.java]" classname="jmri.util.FileLineEndingsTest" time="0.001"/>
  <testcase name="lineEndings[./java/test/jmri/jmrit/decoderdefn/IdentifyDecoderTest.java]" classname="jmri.util.FileLineEndingsTest" time="0.001"/>
  <testcase name="lineEndings[./java/test/jmri/jmrit/decoderdefn/DuplicateTest.java]" classname="jmri.util.FileLineEndingsTest" time="0.001"/>
  <testcase name="lineEndings[./java/test/jmri/jmrit/decoderdefn/DecoderIndexBuilderTest.java]" classname="jmri.util.FileLineEndingsTest" time="0.001"/>
  <testcase name="lineEndings[./java/test/jmri/jmrit/decoderdefn/BundleTest.java]" classname="jmri.util.FileLineEndingsTest" time="0"/>
  <testcase name="lineEndings[./java/test/jmri/jmrit/decoderdefn/SchemaTest.java]" classname="jmri.util.FileLineEndingsTest" time="0"/>
  <testcase name="lineEndings[./java/test/jmri/jmrit/decoderdefn/PrintDecoderListActionTest.java]" classname="jmri.util.FileLineEndingsTest" time="0.001"/>
  <testcase name="lineEndings[./java/test/jmri/jmrit/decoderdefn/DecoderIndexFileTest.java]" classname="jmri.util.FileLineEndingsTest" time="0.001"/>
  <testcase name="lineEndings[./java/test/jmri/jmrit/vsdecoder/NotchSoundTest.java]" classname="jmri.util.FileLineEndingsTest" time="0.001"/>
  <testcase name="lineEndings[./java/test/jmri/jmrit/vsdecoder/VSDecoderPaneTest.java]" classname="jmri.util.FileLineEndingsTest" time="0.001"/>
  <testcase name="lineEndings[./java/test/jmri/jmrit/vsdecoder/swing/ManageLocationsActionTest.java]" classname="jmri.util.FileLineEndingsTest" time="0.001"/>
  <testcase name="lineEndings[./java/test/jmri/jmrit/vsdecoder/swing/VSDConfigDialogTest.java]" classname="jmri.util.FileLineEndingsTest" time="0"/>
  <testcase name="lineEndings[./java/test/jmri/jmrit/vsdecoder/swing/VSDPreferencesActionTest.java]" classname="jmri.util.FileLineEndingsTest" time="0.001"/>
  <testcase name="lineEndings[./java/test/jmri/jmrit/vsdecoder/swing/PackageTest.java]" classname="jmri.util.FileLineEndingsTest" time="0.001"/>
  <testcase name="lineEndings[./java/test/jmri/jmrit/vsdecoder/swing/VSDecoderPreferencesPaneTest.java]" classname="jmri.util.FileLineEndingsTest" time="0.001"/>
  <testcase name="lineEndings[./java/test/jmri/jmrit/vsdecoder/swing/DieselPaneTest.java]" classname="jmri.util.FileLineEndingsTest" time="0.001"/>
  <testcase name="lineEndings[./java/test/jmri/jmrit/vsdecoder/swing/VSDControlTest.java]" classname="jmri.util.FileLineEndingsTest" time="0.001"/>
  <testcase name="lineEndings[./java/test/jmri/jmrit/vsdecoder/swing/VSDOptionsDialogTest.java]" classname="jmri.util.FileLineEndingsTest" time="0"/>
  <testcase name="lineEndings[./java/test/jmri/jmrit/vsdecoder/swing/VSDManagerFrameTest.java]" classname="jmri.util.FileLineEndingsTest" time="0.001"/>
  <testcase name="lineEndings[./java/test/jmri/jmrit/vsdecoder/swing/ManageLocationsFrameTest.java]" classname="jmri.util.FileLineEndingsTest" time="0.001"/>
  <testcase name="lineEndings[./java/test/jmri/jmrit/vsdecoder/swing/BundleTest.java]" classname="jmri.util.FileLineEndingsTest" time="0.001"/>
  <testcase name="lineEndings[./java/test/jmri/jmrit/vsdecoder/VSDSoundTest.java]" classname="jmri.util.FileLineEndingsTest" time="0.001"/>
  <testcase name="lineEndings[./java/test/jmri/jmrit/vsdecoder/VSDecoderCreationStartupActionFactoryTest.java]" classname="jmri.util.FileLineEndingsTest" time="0.001"/>
  <testcase name="lineEndings[./java/test/jmri/jmrit/vsdecoder/VSDecoderFrameTest.java]" classname="jmri.util.FileLineEndingsTest" time="0"/>
  <testcase name="lineEndings[./java/test/jmri/jmrit/vsdecoder/Steam1SoundTest.java]" classname="jmri.util.FileLineEndingsTest" time="0.001"/>
  <testcase name="lineEndings[./java/test/jmri/jmrit/vsdecoder/ConfigurableSoundTest.java]" classname="jmri.util.FileLineEndingsTest" time="0.001"/>
  <testcase name="lineEndings[./java/test/jmri/jmrit/vsdecoder/NotchTriggerTest.java]" classname="jmri.util.FileLineEndingsTest" time="0.001"/>
  <testcase name="lineEndings[./java/test/jmri/jmrit/vsdecoder/BundleTest.java]" classname="jmri.util.FileLineEndingsTest" time="0.001"/>
  <testcase name="lineEndings[./java/test/jmri/jmrit/vsdecoder/VSDecoderManagerTest.java]" classname="jmri.util.FileLineEndingsTest" time="0.001"/>
  <testcase name="lineEndings[./java/test/jmri/jmrit/vsdecoder/VSDecoderManagerThreadTest.java]" classname="jmri.util.FileLineEndingsTest" time="0"/>
  <testcase name="lineEndings[./java/test/jmri/jmrit/vsdecoder/listener/VSDListenerTest.java]" classname="jmri.util.FileLineEndingsTest" time="0.001"/>
  <testcase name="lineEndings[./java/test/jmri/jmrit/vsdecoder/listener/ListeningSpotTest.java]" classname="jmri.util.FileLineEndingsTest" time="0.001"/>
  <testcase name="lineEndings[./java/test/jmri/jmrit/vsdecoder/listener/PackageTest.java]" classname="jmri.util.FileLineEndingsTest" time="0.001"/>
  <testcase name="lineEndings[./java/test/jmri/jmrit/vsdecoder/ButtonTriggerTest.java]" classname="jmri.util.FileLineEndingsTest" time="0.001"/>
  <testcase name="lineEndings[./java/test/jmri/jmrit/vsdecoder/Diesel3SoundTest.java]" classname="jmri.util.FileLineEndingsTest" time="0.001"/>
  <testcase name="lineEndings[./java/test/jmri/jmrit/vsdecoder/PackageTest.java]" classname="jmri.util.FileLineEndingsTest" time="0"/>
  <testcase name="lineEndings[./java/test/jmri/jmrit/vsdecoder/Diesel2SoundTest.java]" classname="jmri.util.FileLineEndingsTest" time="0.001"/>
  <testcase name="lineEndings[./java/test/jmri/jmrit/vsdecoder/EnginePaneTest.java]" classname="jmri.util.FileLineEndingsTest" time="0.001"/>
  <testcase name="lineEndings[./java/test/jmri/jmrit/vsdecoder/VSDecoderEventTest.java]" classname="jmri.util.FileLineEndingsTest" time="0.001"/>
  <testcase name="lineEndings[./java/test/jmri/jmrit/vsdecoder/LoadXmlVSDecoderActionTest.java]" classname="jmri.util.FileLineEndingsTest" time="0.001"/>
  <testcase name="lineEndings[./java/test/jmri/jmrit/vsdecoder/LoadVSDFileActionTest.java]" classname="jmri.util.FileLineEndingsTest" time="0.001"/>
  <testcase name="lineEndings[./java/test/jmri/jmrit/vsdecoder/VSDManagerEventTest.java]" classname="jmri.util.FileLineEndingsTest" time="0"/>
  <testcase name="lineEndings[./java/test/jmri/jmrit/vsdecoder/VSDSoundsPanelTest.java]" classname="jmri.util.FileLineEndingsTest" time="0.001"/>
  <testcase name="lineEndings[./java/test/jmri/jmrit/vsdecoder/TriggerTest.java]" classname="jmri.util.FileLineEndingsTest" time="0.001"/>
  <testcase name="lineEndings[./java/test/jmri/jmrit/vsdecoder/ToggleSoundEventTest.java]" classname="jmri.util.FileLineEndingsTest" time="0.001"/>
  <testcase name="lineEndings[./java/test/jmri/jmrit/vsdecoder/VSDOptionPanelTest.java]" classname="jmri.util.FileLineEndingsTest" time="0.001"/>
  <testcase name="lineEndings[./java/test/jmri/jmrit/vsdecoder/IntTriggerTest.java]" classname="jmri.util.FileLineEndingsTest" time="0.001"/>
  <testcase name="lineEndings[./java/test/jmri/jmrit/vsdecoder/SoundBiteTest.java]" classname="jmri.util.FileLineEndingsTest" time="0"/>
  <testcase name="lineEndings[./java/test/jmri/jmrit/vsdecoder/SoundEventTest.java]" classname="jmri.util.FileLineEndingsTest" time="0.001"/>
  <testcase name="lineEndings[./java/test/jmri/jmrit/vsdecoder/MomentarySoundEventTest.java]" classname="jmri.util.FileLineEndingsTest" time="0.001"/>
  <testcase name="lineEndings[./java/test/jmri/jmrit/vsdecoder/DieselPaneTest.java]" classname="jmri.util.FileLineEndingsTest" time="0.001"/>
  <testcase name="lineEndings[./java/test/jmri/jmrit/vsdecoder/FloatTriggerTest.java]" classname="jmri.util.FileLineEndingsTest" time="0.001"/>
  <testcase name="lineEndings[./java/test/jmri/jmrit/vsdecoder/VSDecoderCreationActionTest.java]" classname="jmri.util.FileLineEndingsTest" time="0.001"/>
  <testcase name="lineEndings[./java/test/jmri/jmrit/vsdecoder/SteamSoundTest.java]" classname="jmri.util.FileLineEndingsTest" time="0"/>
  <testcase name="lineEndings[./java/test/jmri/jmrit/vsdecoder/EngineSoundEventTest.java]" classname="jmri.util.FileLineEndingsTest" time="0.001"/>
  <testcase name="lineEndings[./java/test/jmri/jmrit/vsdecoder/BoolTriggerTest.java]" classname="jmri.util.FileLineEndingsTest" time="0.001"/>
  <testcase name="lineEndings[./java/test/jmri/jmrit/vsdecoder/VSDecoderPreferencesTest.java]" classname="jmri.util.FileLineEndingsTest" time="0.001"/>
  <testcase name="lineEndings[./java/test/jmri/jmrit/vsdecoder/DieselSoundTest.java]" classname="jmri.util.FileLineEndingsTest" time="0.001"/>
  <testcase name="lineEndings[./java/test/jmri/jmrit/vsdecoder/EngineSoundTest.java]" classname="jmri.util.FileLineEndingsTest" time="0.001"/>
  <testcase name="lineEndings[./java/test/jmri/jmrit/vsdecoder/ThrottleTriggerTest.java]" classname="jmri.util.FileLineEndingsTest" time="0"/>
  <testcase name="lineEndings[./java/test/jmri/jmrit/vsdecoder/StoreXmlVSDecoderActionTest.java]" classname="jmri.util.FileLineEndingsTest" time="0.001"/>
  <testcase name="lineEndings[./java/test/jmri/jmrit/vsdecoder/VSDecoderTest.java]" classname="jmri.util.FileLineEndingsTest" time="0.001"/>
  <testcase name="lineEndings[./java/test/jmri/jmrit/vsdecoder/VSDFileTest.java]" classname="jmri.util.FileLineEndingsTest" time="0.001"/>
  <testcase name="lineEndings[./java/test/jmri/jmrit/vsdecoder/VSDConfigPanelTest.java]" classname="jmri.util.FileLineEndingsTest" time="0.001"/>
  <testcase name="lineEndings[./java/test/jmri/jmrit/vsdecoder/VSDConfigTest.java]" classname="jmri.util.FileLineEndingsTest" time="0.001"/>
  <testcase name="lineEndings[./java/test/jmri/jmrit/vsdecoder/NotchTransitionTest.java]" classname="jmri.util.FileLineEndingsTest" time="0"/>
  <testcase name="lineEndings[./java/test/jmri/jmrit/vsdecoder/AudioUtilTest.java]" classname="jmri.util.FileLineEndingsTest" time="0.001"/>
  <testcase name="lineEndings[./java/test/jmri/jmrit/audio/JavaSoundAudioListenerTest.java]" classname="jmri.util.FileLineEndingsTest" time="0.001"/>
  <testcase name="lineEndings[./java/test/jmri/jmrit/audio/JavaSoundAudioSourceTest.java]" classname="jmri.util.FileLineEndingsTest" time="0.001"/>
  <testcase name="lineEndings[./java/test/jmri/jmrit/audio/PackageTest.java]" classname="jmri.util.FileLineEndingsTest" time="0.001"/>
  <testcase name="lineEndings[./java/test/jmri/jmrit/audio/JoalAudioSourceTest.java]" classname="jmri.util.FileLineEndingsTest" time="0.001"/>
  <testcase name="lineEndings[./java/test/jmri/jmrit/audio/JoalAudioListenerTest.java]" classname="jmri.util.FileLineEndingsTest" time="0"/>
  <testcase name="lineEndings[./java/test/jmri/jmrit/audio/JavaSoundAudioBufferTest.java]" classname="jmri.util.FileLineEndingsTest" time="0.001"/>
  <testcase name="lineEndings[./java/test/jmri/jmrit/audio/NullAudioFactoryTest.java]" classname="jmri.util.FileLineEndingsTest" time="0.001"/>
  <testcase name="lineEndings[./java/test/jmri/jmrit/audio/AudioCommandThreadTest.java]" classname="jmri.util.FileLineEndingsTest" time="0.001"/>
  <testcase name="lineEndings[./java/test/jmri/jmrit/audio/JoalAudioBufferTest.java]" classname="jmri.util.FileLineEndingsTest" time="0.001"/>
  <testcase name="lineEndings[./java/test/jmri/jmrit/audio/NullAudioListenerTest.java]" classname="jmri.util.FileLineEndingsTest" time="0.001"/>
  <testcase name="lineEndings[./java/test/jmri/jmrit/audio/swing/BundleTest.java]" classname="jmri.util.FileLineEndingsTest" time="0"/>
  <testcase name="lineEndings[./java/test/jmri/jmrit/audio/swing/PackageTest.java]" classname="jmri.util.FileLineEndingsTest" time="0.001"/>
  <testcase name="lineEndings[./java/test/jmri/jmrit/audio/swing/AudioListenerFrameTest.java]" classname="jmri.util.FileLineEndingsTest" time="0.001"/>
  <testcase name="lineEndings[./java/test/jmri/jmrit/audio/swing/AudioBufferFrameTest.java]" classname="jmri.util.FileLineEndingsTest" time="0.001"/>
  <testcase name="lineEndings[./java/test/jmri/jmrit/audio/swing/AudioSourceFrameTest.java]" classname="jmri.util.FileLineEndingsTest" time="0.001"/>
  <testcase name="lineEndings[./java/test/jmri/jmrit/audio/BundleTest.java]" classname="jmri.util.FileLineEndingsTest" time="0.001"/>
  <testcase name="lineEndings[./java/test/jmri/jmrit/audio/NullAudioSourceTest.java]" classname="jmri.util.FileLineEndingsTest" time="0"/>
  <testcase name="lineEndings[./java/test/jmri/jmrit/audio/configurexml/DefaultAudioManagerXmlTest.java]" classname="jmri.util.FileLineEndingsTest" time="0.001"/>
  <testcase name="lineEndings[./java/test/jmri/jmrit/audio/configurexml/PackageTest.java]" classname="jmri.util.FileLineEndingsTest" time="0.001"/>
  <testcase name="lineEndings[./java/test/jmri/jmrit/audio/NullAudioBufferTest.java]" classname="jmri.util.FileLineEndingsTest" time="0.001"/>
  <testcase name="lineEndings[./java/test/jmri/jmrit/audio/AudioCommandTest.java]" classname="jmri.util.FileLineEndingsTest" time="0.001"/>
  <testcase name="lineEndings[./java/test/jmri/jmrit/audio/JoalAudioFactoryTest.java]" classname="jmri.util.FileLineEndingsTest" time="0.001"/>
  <testcase name="lineEndings[./java/test/jmri/jmrit/audio/JavaSoundAudioFactoryTest.java]" classname="jmri.util.FileLineEndingsTest" time="0"/>
  <testcase name="lineEndings[./java/test/jmri/jmrit/audio/DefaultAudioManagerTest.java]" classname="jmri.util.FileLineEndingsTest" time="0.001"/>
  <testcase name="lineEndings[./java/test/jmri/jmrit/logix/TrackerTableActionTest.java]" classname="jmri.util.FileLineEndingsTest" time="0.001"/>
  <testcase name="lineEndings[./java/test/jmri/jmrit/logix/RouteFinderTest.java]" classname="jmri.util.FileLineEndingsTest" time="0.001"/>
  <testcase name="lineEndings[./java/test/jmri/jmrit/logix/WarrantShutdownTaskTest.java]" classname="jmri.util.FileLineEndingsTest" time="0.001"/>
  <testcase name="lineEndings[./java/test/jmri/jmrit/logix/PortalManagerTest.java]" classname="jmri.util.FileLineEndingsTest" time="0.001"/>
  <testcase name="lineEndings[./java/test/jmri/jmrit/logix/BundleTest.java]" classname="jmri.util.FileLineEndingsTest" time="0"/>
  <testcase name="lineEndings[./java/test/jmri/jmrit/logix/WarrantFrameTest.java]" classname="jmri.util.FileLineEndingsTest" time="0.001"/>
  <testcase name="lineEndings[./java/test/jmri/jmrit/logix/WarrantTableFrameTest.java]" classname="jmri.util.FileLineEndingsTest" time="0.001"/>
  <testcase name="lineEndings[./java/test/jmri/jmrit/logix/LearnThrottleFrameTest.java]" classname="jmri.util.FileLineEndingsTest" time="0.001"/>
  <testcase name="lineEndings[./java/test/jmri/jmrit/logix/FunctionPanelTest.java]" classname="jmri.util.FileLineEndingsTest" time="0.001"/>
  <testcase name="lineEndings[./java/test/jmri/jmrit/logix/NXFrameTest.java]" classname="jmri.util.FileLineEndingsTest" time="0.001"/>
  <testcase name="lineEndings[./java/test/jmri/jmrit/logix/PortalTest.java]" classname="jmri.util.FileLineEndingsTest" time="0"/>
  <testcase name="lineEndings[./java/test/jmri/jmrit/logix/WarrantTableModelTest.java]" classname="jmri.util.FileLineEndingsTest" time="0.001"/>
  <testcase name="lineEndings[./java/test/jmri/jmrit/logix/MergePromptTest.java]" classname="jmri.util.FileLineEndingsTest" time="0.001"/>
  <testcase name="lineEndings[./java/test/jmri/jmrit/logix/configurexml/OBlockManagerXmlTest.java]" classname="jmri.util.FileLineEndingsTest" time="0.001"/>
  <testcase name="lineEndings[./java/test/jmri/jmrit/logix/configurexml/WarrantManagerXmlTest.java]" classname="jmri.util.FileLineEndingsTest" time="0.001"/>
  <testcase name="lineEndings[./java/test/jmri/jmrit/logix/configurexml/PackageTest.java]" classname="jmri.util.FileLineEndingsTest" time="0.001"/>
  <testcase name="lineEndings[./java/test/jmri/jmrit/logix/OBlockTest.java]" classname="jmri.util.FileLineEndingsTest" time="0"/>
  <testcase name="lineEndings[./java/test/jmri/jmrit/logix/TrackerTest.java]" classname="jmri.util.FileLineEndingsTest" time="0.001"/>
  <testcase name="lineEndings[./java/test/jmri/jmrit/logix/OPathTest.java]" classname="jmri.util.FileLineEndingsTest" time="0.001"/>
  <testcase name="lineEndings[./java/test/jmri/jmrit/logix/WarrantManagerTest.java]" classname="jmri.util.FileLineEndingsTest" time="0.001"/>
  <testcase name="lineEndings[./java/test/jmri/jmrit/logix/LearnWarrantTest.java]" classname="jmri.util.FileLineEndingsTest" time="0.001"/>
  <testcase name="lineEndings[./java/test/jmri/jmrit/logix/ThrottleSettingTest.java]" classname="jmri.util.FileLineEndingsTest" time="0.001"/>
  <testcase name="lineEndings[./java/test/jmri/jmrit/logix/PackageTest.java]" classname="jmri.util.FileLineEndingsTest" time="0"/>
  <testcase name="lineEndings[./java/test/jmri/jmrit/logix/WarrantPreferencesPanelTest.java]" classname="jmri.util.FileLineEndingsTest" time="0"/>
  <testcase name="lineEndings[./java/test/jmri/jmrit/logix/WarrantTableActionTest.java]" classname="jmri.util.FileLineEndingsTest" time="0.001"/>
  <testcase name="lineEndings[./java/test/jmri/jmrit/logix/LogixActionTest.java]" classname="jmri.util.FileLineEndingsTest" time="0.001"/>
  <testcase name="lineEndings[./java/test/jmri/jmrit/logix/EngineerTest.java]" classname="jmri.util.FileLineEndingsTest" time="0.001"/>
  <testcase name="lineEndings[./java/test/jmri/jmrit/logix/ControlPanelTest.java]" classname="jmri.util.FileLineEndingsTest" time="0.001"/>
  <testcase name="lineEndings[./java/test/jmri/jmrit/logix/BlockOrderTest.java]" classname="jmri.util.FileLineEndingsTest" time="0.001"/>
  <testcase name="lineEndings[./java/test/jmri/jmrit/logix/SpeedProfilePanelTest.java]" classname="jmri.util.FileLineEndingsTest" time="0"/>
  <testcase name="lineEndings[./java/test/jmri/jmrit/logix/SCWarrantTest.java]" classname="jmri.util.FileLineEndingsTest" time="0.001"/>
  <testcase name="lineEndings[./java/test/jmri/jmrit/logix/OpSessionLogTest.java]" classname="jmri.util.FileLineEndingsTest" time="0.001"/>
  <testcase name="lineEndings[./java/test/jmri/jmrit/logix/SpeedUtilTest.java]" classname="jmri.util.FileLineEndingsTest" time="0.001"/>
  <testcase name="lineEndings[./java/test/jmri/jmrit/logix/WarrantTest.java]" classname="jmri.util.FileLineEndingsTest" time="0.001"/>
  <testcase name="lineEndings[./java/test/jmri/jmrit/logix/SchemaTest.java]" classname="jmri.util.FileLineEndingsTest" time="0.001"/>
  <testcase name="lineEndings[./java/test/jmri/jmrit/logix/OBlockManagerTest.java]" classname="jmri.util.FileLineEndingsTest" time="0"/>
  <testcase name="lineEndings[./java/test/jmri/jmrit/logix/WarrantPreferencesTest.java]" classname="jmri.util.FileLineEndingsTest" time="0.001"/>
  <testcase name="lineEndings[./java/test/jmri/jmrit/throttle/BackgroundPanelTest.java]" classname="jmri.util.FileLineEndingsTest" time="0.001"/>
  <testcase name="lineEndings[./java/test/jmri/jmrit/throttle/ThrottlesPreferencesTest.java]" classname="jmri.util.FileLineEndingsTest" time="0.001"/>
  <testcase name="lineEndings[./java/test/jmri/jmrit/throttle/ThrottlesTableModelTest.java]" classname="jmri.util.FileLineEndingsTest" time="0.001"/>
  <testcase name="lineEndings[./java/test/jmri/jmrit/throttle/ThrottlesListPanelTest.java]" classname="jmri.util.FileLineEndingsTest" time="0.001"/>
  <testcase name="lineEndings[./java/test/jmri/jmrit/throttle/StoreDefaultXmlThrottlesLayoutActionTest.java]" classname="jmri.util.FileLineEndingsTest" time="0"/>
  <testcase name="lineEndings[./java/test/jmri/jmrit/throttle/ControlPanelPropertyEditorTest.java]" classname="jmri.util.FileLineEndingsTest" time="0.001"/>
  <testcase name="lineEndings[./java/test/jmri/jmrit/throttle/ThrottleFramePropertyEditorTest.java]" classname="jmri.util.FileLineEndingsTest" time="0.001"/>
  <testcase name="lineEndings[./java/test/jmri/jmrit/throttle/LoadXmlThrottlesLayoutActionTest.java]" classname="jmri.util.FileLineEndingsTest" time="0.001"/>
  <testcase name="lineEndings[./java/test/jmri/jmrit/throttle/FunctionButtonPropertyEditorTest.java]" classname="jmri.util.FileLineEndingsTest" time="0.001"/>
  <testcase name="lineEndings[./java/test/jmri/jmrit/throttle/SmallPowerManagerButtonTest.java]" classname="jmri.util.FileLineEndingsTest" time="0.001"/>
  <testcase name="lineEndings[./java/test/jmri/jmrit/throttle/StoreXmlThrottlesLayoutActionTest.java]" classname="jmri.util.FileLineEndingsTest" time="0"/>
  <testcase name="lineEndings[./java/test/jmri/jmrit/throttle/StopAllButtonTest.java]" classname="jmri.util.FileLineEndingsTest" time="0.001"/>
  <testcase name="lineEndings[./java/test/jmri/jmrit/throttle/BundleTest.java]" classname="jmri.util.FileLineEndingsTest" time="0.001"/>
  <testcase name="lineEndings[./java/test/jmri/jmrit/throttle/ThrottlesPreferencesPaneTest.java]" classname="jmri.util.FileLineEndingsTest" time="0.001"/>
  <testcase name="lineEndings[./java/test/jmri/jmrit/throttle/AddressPanelTest.java]" classname="jmri.util.FileLineEndingsTest" time="0.001"/>
  <testcase name="lineEndings[./java/test/jmri/jmrit/throttle/SpeedPanelTest.java]" classname="jmri.util.FileLineEndingsTest" time="0.001"/>
  <testcase name="lineEndings[./java/test/jmri/jmrit/throttle/FunctionButtonTest.java]" classname="jmri.util.FileLineEndingsTest" time="0"/>
  <testcase name="lineEndings[./java/test/jmri/jmrit/throttle/ThrottleFrameManagerTest.java]" classname="jmri.util.FileLineEndingsTest" time="0.001"/>
  <testcase name="lineEndings[./java/test/jmri/jmrit/throttle/FunctionPanelTest.java]" classname="jmri.util.FileLineEndingsTest" time="0.001"/>
  <testcase name="lineEndings[./java/test/jmri/jmrit/throttle/ThrottleCreationActionTest.java]" classname="jmri.util.FileLineEndingsTest" time="0.001"/>
  <testcase name="lineEndings[./java/test/jmri/jmrit/throttle/LargePowerManagerButtonTest.java]" classname="jmri.util.FileLineEndingsTest" time="0.001"/>
  <testcase name="lineEndings[./java/test/jmri/jmrit/throttle/KeyListenerInstallerTest.java]" classname="jmri.util.FileLineEndingsTest" time="0.001"/>
  <testcase name="lineEndings[./java/test/jmri/jmrit/throttle/ControlPanelTest.java]" classname="jmri.util.FileLineEndingsTest" time="0.001"/>
  <testcase name="lineEndings[./java/test/jmri/jmrit/throttle/ThrottleWindowTest.java]" classname="jmri.util.FileLineEndingsTest" time="0"/>
  <testcase name="lineEndings[./java/test/jmri/jmrit/throttle/ThrottleFrameTest.java]" classname="jmri.util.FileLineEndingsTest" time="0.001"/>
  <testcase name="lineEndings[./java/test/jmri/jmrit/throttle/ThrottlesListActionTest.java]" classname="jmri.util.FileLineEndingsTest" time="0.001"/>
  <testcase name="lineEndings[./java/test/jmri/jmrit/throttle/ThrottlesTableCellRendererTest.java]" classname="jmri.util.FileLineEndingsTest" time="0.001"/>
  <testcase name="lineEndings[./java/test/jmri/jmrit/throttle/PackageTest.java]" classname="jmri.util.FileLineEndingsTest" time="0.001"/>
  <testcase name="lineEndings[./java/test/jmri/jmrit/throttle/ThrottlesPreferencesActionTest.java]" classname="jmri.util.FileLineEndingsTest" time="0.001"/>
  <testcase name="lineEndings[./java/test/jmri/jmrit/throttle/LoadDefaultXmlThrottlesLayoutActionTest.java]" classname="jmri.util.FileLineEndingsTest" time="0"/>
  <testcase name="lineEndings[./java/test/jmri/jmrit/throttle/WindowPreferencesTest.java]" classname="jmri.util.FileLineEndingsTest" time="0"/>
  <testcase name="lineEndings[./java/test/jmri/jmrit/progsupport/ProgModePaneTest.java]" classname="jmri.util.FileLineEndingsTest" time="0.001"/>
  <testcase name="lineEndings[./java/test/jmri/jmrit/progsupport/ProgServiceModePaneTest.java]" classname="jmri.util.FileLineEndingsTest" time="0.001"/>
  <testcase name="lineEndings[./java/test/jmri/jmrit/progsupport/ProgModeExceptionTest.java]" classname="jmri.util.FileLineEndingsTest" time="0.001"/>
  <testcase name="lineEndings[./java/test/jmri/jmrit/progsupport/ProgOpsModePaneTest.java]" classname="jmri.util.FileLineEndingsTest" time="0.001"/>
  <testcase name="lineEndings[./java/test/jmri/jmrit/progsupport/PackageTest.java]" classname="jmri.util.FileLineEndingsTest" time="0"/>
  <testcase name="lineEndings[./java/test/jmri/jmrit/progsupport/ProgServiceModeComboBoxTest.java]" classname="jmri.util.FileLineEndingsTest" time="0.003"/>
  <testcase name="lineEndings[./java/test/jmri/jmrit/progsupport/ProgDeferredServiceModePaneTest.java]" classname="jmri.util.FileLineEndingsTest" time="0.001"/>
  <testcase name="lineEndings[./java/test/jmri/jmrit/progsupport/BundleTest.java]" classname="jmri.util.FileLineEndingsTest" time="0.001"/>
  <testcase name="lineEndings[./java/test/jmri/jmrit/dispatcher/AutoTrainActionTest.java]" classname="jmri.util.FileLineEndingsTest" time="0.001"/>
  <testcase name="lineEndings[./java/test/jmri/jmrit/dispatcher/DispatcherFrameTest.java]" classname="jmri.util.FileLineEndingsTest" time="0.001"/>
  <testcase name="lineEndings[./java/test/jmri/jmrit/dispatcher/TrainInfoFileTest.java]" classname="jmri.util.FileLineEndingsTest" time="0.001"/>
  <testcase name="lineEndings[./java/test/jmri/jmrit/dispatcher/AutoTurnoutsTest.java]" classname="jmri.util.FileLineEndingsTest" time="0"/>
  <testcase name="lineEndings[./java/test/jmri/jmrit/dispatcher/TrainInfoTest.java]" classname="jmri.util.FileLineEndingsTest" time="0.001"/>
  <testcase name="lineEndings[./java/test/jmri/jmrit/dispatcher/AllocationRequestTest.java]" classname="jmri.util.FileLineEndingsTest" time="0.001"/>
  <testcase name="lineEndings[./java/test/jmri/jmrit/dispatcher/ActiveTrainTest.java]" classname="jmri.util.FileLineEndingsTest" time="0.001"/>
  <testcase name="lineEndings[./java/test/jmri/jmrit/dispatcher/AutoTrainsFrameTest.java]" classname="jmri.util.FileLineEndingsTest" time="0.001"/>
  <testcase name="lineEndings[./java/test/jmri/jmrit/dispatcher/ActivateTrainFrameTest.java]" classname="jmri.util.FileLineEndingsTest" time="0.001"/>
  <testcase name="lineEndings[./java/test/jmri/jmrit/dispatcher/BundleTest.java]" classname="jmri.util.FileLineEndingsTest" time="0"/>
  <testcase name="lineEndings[./java/test/jmri/jmrit/dispatcher/DispatcherTrainInfoFileTest.java]" classname="jmri.util.FileLineEndingsTest" time="0.001"/>
  <testcase name="lineEndings[./java/test/jmri/jmrit/dispatcher/AutoAllocateTest.java]" classname="jmri.util.FileLineEndingsTest" time="0.001"/>
  <testcase name="lineEndings[./java/test/jmri/jmrit/dispatcher/DispatcherTrainInfoTest.java]" classname="jmri.util.FileLineEndingsTest" time="0.001"/>
  <testcase name="lineEndings[./java/test/jmri/jmrit/dispatcher/OptionsFileTest.java]" classname="jmri.util.FileLineEndingsTest" time="0.001"/>
  <testcase name="lineEndings[./java/test/jmri/jmrit/dispatcher/OptionsMenuTest.java]" classname="jmri.util.FileLineEndingsTest" time="0.001"/>
  <testcase name="lineEndings[./java/test/jmri/jmrit/dispatcher/AllocationPlanTest.java]" classname="jmri.util.FileLineEndingsTest" time="0"/>
  <testcase name="lineEndings[./java/test/jmri/jmrit/dispatcher/PackageTest.java]" classname="jmri.util.FileLineEndingsTest" time="0.001"/>
  <testcase name="lineEndings[./java/test/jmri/jmrit/dispatcher/AutoActiveTrainTest.java]" classname="jmri.util.FileLineEndingsTest" time="0.001"/>
  <testcase name="lineEndings[./java/test/jmri/jmrit/dispatcher/AllocatedSectionTest.java]" classname="jmri.util.FileLineEndingsTest" time="0.001"/>
  <testcase name="lineEndings[./java/test/jmri/jmrit/dispatcher/DispatcherActionTest.java]" classname="jmri.util.FileLineEndingsTest" time="0.001"/>
  <testcase name="lineEndings[./java/test/jmri/jmrit/turnoutoperations/NoFeedbackTurnoutOperationConfigTest.java]" classname="jmri.util.FileLineEndingsTest" time="0.001"/>
  <testcase name="lineEndings[./java/test/jmri/jmrit/turnoutoperations/RawTurnoutOperationConfigTest.java]" classname="jmri.util.FileLineEndingsTest" time="0"/>
  <testcase name="lineEndings[./java/test/jmri/jmrit/turnoutoperations/SensorTurnoutOperationConfigTest.java]" classname="jmri.util.FileLineEndingsTest" time="0.001"/>
  <testcase name="lineEndings[./java/test/jmri/jmrit/turnoutoperations/CommonTurnoutOperationConfigTest.java]" classname="jmri.util.FileLineEndingsTest" time="0.001"/>
  <testcase name="lineEndings[./java/test/jmri/jmrit/turnoutoperations/PackageTest.java]" classname="jmri.util.FileLineEndingsTest" time="0.001"/>
  <testcase name="lineEndings[./java/test/jmri/jmrit/turnoutoperations/BundleTest.java]" classname="jmri.util.FileLineEndingsTest" time="0.001"/>
  <testcase name="lineEndings[./java/test/jmri/jmrit/turnoutoperations/TurnoutOperationConfigTest.java]" classname="jmri.util.FileLineEndingsTest" time="0.001"/>
  <testcase name="lineEndings[./java/test/jmri/jmrit/turnoutoperations/TurnoutOperationFrameTest.java]" classname="jmri.util.FileLineEndingsTest" time="0"/>
  <testcase name="lineEndings[./java/test/jmri/jmrit/analogclock/AnalogClockActionTest.java]" classname="jmri.util.FileLineEndingsTest" time="0.001"/>
  <testcase name="lineEndings[./java/test/jmri/jmrit/analogclock/AnalogClockFrameTest.java]" classname="jmri.util.FileLineEndingsTest" time="0.001"/>
  <testcase name="lineEndings[./java/test/jmri/jmrit/analogclock/PackageTest.java]" classname="jmri.util.FileLineEndingsTest" time="0.001"/>
  <testcase name="lineEndings[./java/test/jmri/jmrit/analogclock/BundleTest.java]" classname="jmri.util.FileLineEndingsTest" time="0.001"/>
  <testcase name="lineEndings[./java/test/jmri/jmrit/ussctc/MaintainerCallSectionTest.java]" classname="jmri.util.FileLineEndingsTest" time="0.001"/>
  <testcase name="lineEndings[./java/test/jmri/jmrit/ussctc/FollowerActionTest.java]" classname="jmri.util.FileLineEndingsTest" time="0"/>
  <testcase name="lineEndings[./java/test/jmri/jmrit/ussctc/FollowerTest.java]" classname="jmri.util.FileLineEndingsTest" time="0.001"/>
  <testcase name="lineEndings[./java/test/jmri/jmrit/ussctc/OccupancyLockTest.java]" classname="jmri.util.FileLineEndingsTest" time="0.001"/>
  <testcase name="lineEndings[./java/test/jmri/jmrit/ussctc/OsIndicatorPanelTest.java]" classname="jmri.util.FileLineEndingsTest" time="0.001"/>
  <testcase name="lineEndings[./java/test/jmri/jmrit/ussctc/ToolsMenuTest.java]" classname="jmri.util.FileLineEndingsTest" time="0.001"/>
  <testcase name="lineEndings[./java/test/jmri/jmrit/ussctc/CodeButtonTest.java]" classname="jmri.util.FileLineEndingsTest" time="0.001"/>
  <testcase name="lineEndings[./java/test/jmri/jmrit/ussctc/CombinedLockTest.java]" classname="jmri.util.FileLineEndingsTest" time="0"/>
  <testcase name="lineEndings[./java/test/jmri/jmrit/ussctc/TrackCircuitSectionTest.java]" classname="jmri.util.FileLineEndingsTest" time="0.001"/>
  <testcase name="lineEndings[./java/test/jmri/jmrit/ussctc/TimeLockTest.java]" classname="jmri.util.FileLineEndingsTest" time="0.001"/>
  <testcase name="lineEndings[./java/test/jmri/jmrit/ussctc/FollowerFrameTest.java]" classname="jmri.util.FileLineEndingsTest" time="0.001"/>
  <testcase name="lineEndings[./java/test/jmri/jmrit/ussctc/PackageDemo.java]" classname="jmri.util.FileLineEndingsTest" time="0.001"/>
  <testcase name="lineEndings[./java/test/jmri/jmrit/ussctc/PhysicalBellTest.java]" classname="jmri.util.FileLineEndingsTest" time="0.001"/>
  <testcase name="lineEndings[./java/test/jmri/jmrit/ussctc/CodeLineTest.java]" classname="jmri.util.FileLineEndingsTest" time="0"/>
  <testcase name="lineEndings[./java/test/jmri/jmrit/ussctc/TrafficLockTest.java]" classname="jmri.util.FileLineEndingsTest" time="0.001"/>
  <testcase name="lineEndings[./java/test/jmri/jmrit/ussctc/VetoedBellTest.java]" classname="jmri.util.FileLineEndingsTest" time="0.001"/>
  <testcase name="lineEndings[./java/test/jmri/jmrit/ussctc/OsIndicatorActionTest.java]" classname="jmri.util.FileLineEndingsTest" time="0.001"/>
  <testcase name="lineEndings[./java/test/jmri/jmrit/ussctc/TrafficRelayTest.java]" classname="jmri.util.FileLineEndingsTest" time="0.001"/>
  <testcase name="lineEndings[./java/test/jmri/jmrit/ussctc/RouteLockTest.java]" classname="jmri.util.FileLineEndingsTest" time="0.001"/>
  <testcase name="lineEndings[./java/test/jmri/jmrit/ussctc/LockTest.java]" classname="jmri.util.FileLineEndingsTest" time="0"/>
  <testcase name="lineEndings[./java/test/jmri/jmrit/ussctc/SignalHeadSectionTest.java]" classname="jmri.util.FileLineEndingsTest" time="0.001"/>
  <testcase name="lineEndings[./java/test/jmri/jmrit/ussctc/StationTest.java]" classname="jmri.util.FileLineEndingsTest" time="0.001"/>
  <testcase name="lineEndings[./java/test/jmri/jmrit/ussctc/PackageTest.java]" classname="jmri.util.FileLineEndingsTest" time="0.001"/>
  <testcase name="lineEndings[./java/test/jmri/jmrit/ussctc/TurnoutLockTest.java]" classname="jmri.util.FileLineEndingsTest" time="0.001"/>
  <testcase name="lineEndings[./java/test/jmri/jmrit/ussctc/BasePanelTest.java]" classname="jmri.util.FileLineEndingsTest" time="0.001"/>
  <testcase name="lineEndings[./java/test/jmri/jmrit/ussctc/OsIndicatorFrameTest.java]" classname="jmri.util.FileLineEndingsTest" time="0.001"/>
  <testcase name="lineEndings[./java/test/jmri/jmrit/ussctc/FollowerPanelTest.java]" classname="jmri.util.FileLineEndingsTest" time="0"/>
  <testcase name="lineEndings[./java/test/jmri/jmrit/ussctc/OsIndicatorTest.java]" classname="jmri.util.FileLineEndingsTest" time="0.001"/>
  <testcase name="lineEndings[./java/test/jmri/jmrit/ussctc/TurnoutSectionTest.java]" classname="jmri.util.FileLineEndingsTest" time="0.001"/>
  <testcase name="lineEndings[./java/test/jmri/jmrit/XmlFileLocationActionTest.java]" classname="jmri.util.FileLineEndingsTest" time="0.001"/>
  <testcase name="lineEndings[./java/test/jmri/jmrit/picker/PickFrameTest.java]" classname="jmri.util.FileLineEndingsTest" time="0.001"/>
  <testcase name="lineEndings[./java/test/jmri/jmrit/picker/PackageTest.java]" classname="jmri.util.FileLineEndingsTest" time="0.001"/>
  <testcase name="lineEndings[./java/test/jmri/jmrit/picker/PickPanelTest.java]" classname="jmri.util.FileLineEndingsTest" time="0"/>
  <testcase name="lineEndings[./java/test/jmri/jmrit/picker/PickSinglePanelDemo.java]" classname="jmri.util.FileLineEndingsTest" time="0.001"/>
  <testcase name="lineEndings[./java/test/jmri/jmrit/picker/PickSinglePanelTest.java]" classname="jmri.util.FileLineEndingsTest" time="0.001"/>
  <testcase name="lineEndings[./java/test/jmri/jmrit/picker/BundleTest.java]" classname="jmri.util.FileLineEndingsTest" time="0.001"/>
  <testcase name="lineEndings[./java/test/jmri/jmrit/conditional/ConditionalEditBaseTest.java]" classname="jmri.util.FileLineEndingsTest" time="0.001"/>
  <testcase name="lineEndings[./java/test/jmri/jmrit/conditional/ConditionalListEditTest.java]" classname="jmri.util.FileLineEndingsTest" time="0.001"/>
  <testcase name="lineEndings[./java/test/jmri/jmrit/conditional/BundleTest.java]" classname="jmri.util.FileLineEndingsTest" time="0"/>
  <testcase name="lineEndings[./java/test/jmri/jmrit/conditional/CreateTestObjects.java]" classname="jmri.util.FileLineEndingsTest" time="0.001"/>
  <testcase name="lineEndings[./java/test/jmri/jmrit/conditional/PackageTest.java]" classname="jmri.util.FileLineEndingsTest" time="0.001"/>
  <testcase name="lineEndings[./java/test/jmri/jmrit/conditional/ConditionalTreeEditTest.java]" classname="jmri.util.FileLineEndingsTest" time="0.001"/>
  <testcase name="lineEndings[./java/test/jmri/jmrit/mailreport/ReportContextTest.java]" classname="jmri.util.FileLineEndingsTest" time="0.001"/>
  <testcase name="lineEndings[./java/test/jmri/jmrit/mailreport/ReportPanelTest.java]" classname="jmri.util.FileLineEndingsTest" time="0.001"/>
  <testcase name="lineEndings[./java/test/jmri/jmrit/mailreport/ReportActionTest.java]" classname="jmri.util.FileLineEndingsTest" time="0"/>
  <testcase name="lineEndings[./java/test/jmri/jmrit/mailreport/ReportFrameTest.java]" classname="jmri.util.FileLineEndingsTest" time="0.001"/>
  <testcase name="lineEndings[./java/test/jmri/jmrit/mailreport/PackageTest.java]" classname="jmri.util.FileLineEndingsTest" time="0.001"/>
  <testcase name="lineEndings[./java/test/jmri/jmrit/simpleprog/SimpleProgFrameTest.java]" classname="jmri.util.FileLineEndingsTest" time="0.001"/>
  <testcase name="lineEndings[./java/test/jmri/jmrit/simpleprog/PackageTest.java]" classname="jmri.util.FileLineEndingsTest" time="0.001"/>
  <testcase name="lineEndings[./java/test/jmri/jmrit/simpleprog/BundleTest.java]" classname="jmri.util.FileLineEndingsTest" time="0.001"/>
  <testcase name="lineEndings[./java/test/jmri/jmrit/simpleprog/SimpleProgActionTest.java]" classname="jmri.util.FileLineEndingsTest" time="0"/>
  <testcase name="lineEndings[./java/test/jmri/jmrit/signalling/SignallingSourcePanelTest.java]" classname="jmri.util.FileLineEndingsTest" time="0.001"/>
  <testcase name="lineEndings[./java/test/jmri/jmrit/signalling/SignallingActionTest.java]" classname="jmri.util.FileLineEndingsTest" time="0.001"/>
  <testcase name="lineEndings[./java/test/jmri/jmrit/signalling/PackageTest.java]" classname="jmri.util.FileLineEndingsTest" time="0.001"/>
  <testcase name="lineEndings[./java/test/jmri/jmrit/signalling/SignallingPanelTest.java]" classname="jmri.util.FileLineEndingsTest" time="0.001"/>
  <testcase name="lineEndings[./java/test/jmri/jmrit/signalling/SignallingSourceActionTest.java]" classname="jmri.util.FileLineEndingsTest" time="0.001"/>
  <testcase name="lineEndings[./java/test/jmri/jmrit/signalling/SignallingFrameActionTest.java]" classname="jmri.util.FileLineEndingsTest" time="0"/>
  <testcase name="lineEndings[./java/test/jmri/jmrit/signalling/BundleTest.java]" classname="jmri.util.FileLineEndingsTest" time="0.001"/>
  <testcase name="lineEndings[./java/test/jmri/jmrit/signalling/SignallingFrameTest.java]" classname="jmri.util.FileLineEndingsTest" time="0.001"/>
  <testcase name="lineEndings[./java/test/jmri/jmrit/signalling/SignallingSourceFrameTest.java]" classname="jmri.util.FileLineEndingsTest" time="0.001"/>
  <testcase name="lineEndings[./java/test/jmri/jmrit/signalling/SignallingGuiToolsTest.java]" classname="jmri.util.FileLineEndingsTest" time="0.001"/>
  <testcase name="lineEndings[./java/test/jmri/jmrit/blockboss/BundleTest.java]" classname="jmri.util.FileLineEndingsTest" time="0.001"/>
  <testcase name="lineEndings[./java/test/jmri/jmrit/blockboss/BlockBossFrameTest.java]" classname="jmri.util.FileLineEndingsTest" time="0"/>
  <testcase name="lineEndings[./java/test/jmri/jmrit/blockboss/configurexml/PackageTest.java]" classname="jmri.util.FileLineEndingsTest" time="0.001"/>
  <testcase name="lineEndings[./java/test/jmri/jmrit/blockboss/configurexml/BlockBossLogicXmlTest.java]" classname="jmri.util.FileLineEndingsTest" time="0.001"/>
  <testcase name="lineEndings[./java/test/jmri/jmrit/blockboss/BlockBossLogicTest.java]" classname="jmri.util.FileLineEndingsTest" time="0.001"/>
  <testcase name="lineEndings[./java/test/jmri/jmrit/blockboss/PackageTest.java]" classname="jmri.util.FileLineEndingsTest" time="0.001"/>
  <testcase name="lineEndings[./java/test/jmri/jmrit/blockboss/BlockBossActionTest.java]" classname="jmri.util.FileLineEndingsTest" time="0.001"/>
  <testcase name="lineEndings[./java/test/jmri/jmrit/sensorgroup/PackageTest.java]" classname="jmri.util.FileLineEndingsTest" time="0"/>
  <testcase name="lineEndings[./java/test/jmri/jmrit/sensorgroup/SensorGroupTest.java]" classname="jmri.util.FileLineEndingsTest" time="0.001"/>
  <testcase name="lineEndings[./java/test/jmri/jmrit/sensorgroup/SensorTableModelTest.java]" classname="jmri.util.FileLineEndingsTest" time="0.001"/>
  <testcase name="lineEndings[./java/test/jmri/jmrit/sensorgroup/SensorGroupActionTest.java]" classname="jmri.util.FileLineEndingsTest" time="0.001"/>
  <testcase name="lineEndings[./java/test/jmri/jmrit/sensorgroup/SensorGroupFrameTest.java]" classname="jmri.util.FileLineEndingsTest" time="0.001"/>
  <testcase name="lineEndings[./java/test/jmri/jmrit/lcdclock/BundleTest.java]" classname="jmri.util.FileLineEndingsTest" time="0.001"/>
  <testcase name="lineEndings[./java/test/jmri/jmrit/lcdclock/LcdClockFrameTest.java]" classname="jmri.util.FileLineEndingsTest" time="0"/>
  <testcase name="lineEndings[./java/test/jmri/jmrit/lcdclock/PackageTest.java]" classname="jmri.util.FileLineEndingsTest" time="0.001"/>
  <testcase name="lineEndings[./java/test/jmri/jmrit/lcdclock/LcdClockActionTest.java]" classname="jmri.util.FileLineEndingsTest" time="0.001"/>
  <testcase name="lineEndings[./java/test/jmri/jmrit/ampmeter/AmpMeterFrameTest.java]" classname="jmri.util.FileLineEndingsTest" time="0.001"/>
  <testcase name="lineEndings[./java/test/jmri/jmrit/ampmeter/AmpMeterActionTest.java]" classname="jmri.util.FileLineEndingsTest" time="0.001"/>
  <testcase name="lineEndings[./java/test/jmri/jmrit/ampmeter/PackageTest.java]" classname="jmri.util.FileLineEndingsTest" time="0.001"/>
  <testcase name="lineEndings[./java/test/jmri/jmrit/ampmeter/BundleTest.java]" classname="jmri.util.FileLineEndingsTest" time="0"/>
  <testcase name="lineEndings[./java/test/jmri/jmrit/jython/InputWindowActionTest.java]" classname="jmri.util.FileLineEndingsTest" time="0.001"/>
  <testcase name="lineEndings[./java/test/jmri/jmrit/jython/BundleTest.java]" classname="jmri.util.FileLineEndingsTest" time="0.001"/>
  <testcase name="lineEndings[./java/test/jmri/jmrit/jython/PackageTest.java]" classname="jmri.util.FileLineEndingsTest" time="0.001"/>
  <testcase name="lineEndings[./java/test/jmri/jmrit/jython/JynstrumentFactoryTest.java]" classname="jmri.util.FileLineEndingsTest" time="0.001"/>
  <testcase name="lineEndings[./java/test/jmri/jmrit/jython/RunJythonScriptTest.java]" classname="jmri.util.FileLineEndingsTest" time="0.001"/>
  <testcase name="lineEndings[./java/test/jmri/jmrit/jython/InputWindowTest.java]" classname="jmri.util.FileLineEndingsTest" time="0"/>
  <testcase name="lineEndings[./java/test/jmri/jmrit/jython/JythonWindowsTest.java]" classname="jmri.util.FileLineEndingsTest" time="0.001"/>
  <testcase name="lineEndings[./java/test/jmri/jmrit/jython/JynstrumentTest.java]" classname="jmri.util.FileLineEndingsTest" time="0.001"/>
  <testcase name="lineEndings[./java/test/jmri/jmrit/jython/JynstrumentPopupMenuTest.java]" classname="jmri.util.FileLineEndingsTest" time="0.001"/>
  <testcase name="lineEndings[./java/test/jmri/jmrit/jython/JythonWindowTest.java]" classname="jmri.util.FileLineEndingsTest" time="0.001"/>
  <testcase name="lineEndings[./java/test/jmri/jmrit/jython/SampleScriptTest.java]" classname="jmri.util.FileLineEndingsTest" time="0.001"/>
  <testcase name="lineEndings[./java/test/jmri/jmrit/sound/SoundUtilTest.java]" classname="jmri.util.FileLineEndingsTest" time="0"/>
  <testcase name="lineEndings[./java/test/jmri/jmrit/sound/PackageTest.java]" classname="jmri.util.FileLineEndingsTest" time="0.001"/>
  <testcase name="lineEndings[./java/test/jmri/jmrit/sound/WavBufferTest.java]" classname="jmri.util.FileLineEndingsTest" time="0.001"/>
  <testcase name="lineEndings[./java/test/jmri/jmrit/revhistory/swing/PackageTest.java]" classname="jmri.util.FileLineEndingsTest" time="0.001"/>
  <testcase name="lineEndings[./java/test/jmri/jmrit/revhistory/swing/FileHistoryActionTest.java]" classname="jmri.util.FileLineEndingsTest" time="0.001"/>
  <testcase name="lineEndings[./java/test/jmri/jmrit/revhistory/configurexml/PackageTest.java]" classname="jmri.util.FileLineEndingsTest" time="0.001"/>
  <testcase name="lineEndings[./java/test/jmri/jmrit/revhistory/configurexml/FileHistoryXmlTest.java]" classname="jmri.util.FileLineEndingsTest" time="0"/>
  <testcase name="lineEndings[./java/test/jmri/jmrit/revhistory/FileHistoryTest.java]" classname="jmri.util.FileLineEndingsTest" time="0"/>
  <testcase name="lineEndings[./java/test/jmri/jmrit/revhistory/PackageTest.java]" classname="jmri.util.FileLineEndingsTest" time="0.001"/>
  <testcase name="lineEndings[./java/test/jmri/jmrit/DebugMenuTest.java]" classname="jmri.util.FileLineEndingsTest" time="0.001"/>
  <testcase name="lineEndings[./java/test/jmri/jmrit/dualdecoder/DualDecoderSelectFrameTest.java]" classname="jmri.util.FileLineEndingsTest" time="0.001"/>
  <testcase name="lineEndings[./java/test/jmri/jmrit/dualdecoder/DualDecoderToolActionTest.java]" classname="jmri.util.FileLineEndingsTest" time="0.001"/>
  <testcase name="lineEndings[./java/test/jmri/jmrit/dualdecoder/PackageTest.java]" classname="jmri.util.FileLineEndingsTest" time="0"/>
  <testcase name="lineEndings[./java/test/jmri/jmrit/dualdecoder/DualDecoderSelectPaneTest.java]" classname="jmri.util.FileLineEndingsTest" time="0.001"/>
  <testcase name="lineEndings[./java/test/jmri/jmrit/dualdecoder/BundleTest.java]" classname="jmri.util.FileLineEndingsTest" time="0.001"/>
  <testcase name="lineEndings[./java/test/jmri/jmrit/MemoryFrameActionTest.java]" classname="jmri.util.FileLineEndingsTest" time="0.001"/>
  <testcase name="lineEndings[./java/test/jmri/jmrit/nixieclock/BundleTest.java]" classname="jmri.util.FileLineEndingsTest" time="0.001"/>
  <testcase name="lineEndings[./java/test/jmri/jmrit/nixieclock/NixieClockFrameTest.java]" classname="jmri.util.FileLineEndingsTest" time="0.001"/>
  <testcase name="lineEndings[./java/test/jmri/jmrit/nixieclock/NixieClockActionTest.java]" classname="jmri.util.FileLineEndingsTest" time="0"/>
  <testcase name="lineEndings[./java/test/jmri/jmrit/nixieclock/PackageTest.java]" classname="jmri.util.FileLineEndingsTest" time="0.001"/>
  <testcase name="lineEndings[./java/test/jmri/jmrit/simpleturnoutctrl/SimpleTurnoutCtrlFrameTest.java]" classname="jmri.util.FileLineEndingsTest" time="0.001"/>
  <testcase name="lineEndings[./java/test/jmri/jmrit/simpleturnoutctrl/BundleTest.java]" classname="jmri.util.FileLineEndingsTest" time="0.001"/>
  <testcase name="lineEndings[./java/test/jmri/jmrit/simpleturnoutctrl/SimpleTurnoutCtrlActionTest.java]" classname="jmri.util.FileLineEndingsTest" time="0.001"/>
  <testcase name="lineEndings[./java/test/jmri/jmrit/simpleturnoutctrl/PackageTest.java]" classname="jmri.util.FileLineEndingsTest" time="0.001"/>
  <testcase name="lineEndings[./java/test/jmri/jmrit/ToolsMenuTest.java]" classname="jmri.util.FileLineEndingsTest" time="0"/>
  <testcase name="lineEndings[./java/test/jmri/jmrit/sendpacket/BundleTest.java]" classname="jmri.util.FileLineEndingsTest" time="0.001"/>
  <testcase name="lineEndings[./java/test/jmri/jmrit/sendpacket/SendPacketActionTest.java]" classname="jmri.util.FileLineEndingsTest" time="0.001"/>
  <testcase name="lineEndings[./java/test/jmri/jmrit/sendpacket/SendPacketTest.java]" classname="jmri.util.FileLineEndingsTest" time="0.001"/>
  <testcase name="lineEndings[./java/test/jmri/jmrit/sendpacket/SendPacketFrameTest.java]" classname="jmri.util.FileLineEndingsTest" time="0.001"/>
  <testcase name="lineEndings[./java/test/jmri/jmrit/sendpacket/PackageTest.java]" classname="jmri.util.FileLineEndingsTest" time="0.001"/>
  <testcase name="lineEndings[./java/test/jmri/jmrit/mastbuilder/MastBuilderPaneTest.java]" classname="jmri.util.FileLineEndingsTest" time="0"/>
  <testcase name="lineEndings[./java/test/jmri/jmrit/mastbuilder/MastBuilderActionTest.java]" classname="jmri.util.FileLineEndingsTest" time="0.001"/>
  <testcase name="lineEndings[./java/test/jmri/jmrit/mastbuilder/PackageTest.java]" classname="jmri.util.FileLineEndingsTest" time="0.001"/>
  <testcase name="lineEndings[./java/test/jmri/jmrit/mastbuilder/BundleTest.java]" classname="jmri.util.FileLineEndingsTest" time="0.001"/>
  <testcase name="lineEndings[./java/test/jmri/jmrit/mastbuilder/MastBuilderTest.java]" classname="jmri.util.FileLineEndingsTest" time="0.001"/>
  <testcase name="lineEndings[./java/test/jmri/jmrit/tracker/PackageTest.java]" classname="jmri.util.FileLineEndingsTest" time="0.001"/>
  <testcase name="lineEndings[./java/test/jmri/jmrit/tracker/StoppingBlockTest.java]" classname="jmri.util.FileLineEndingsTest" time="0"/>
  <testcase name="lineEndings[./java/test/jmri/jmrit/tracker/MemoryTrackerTest.java]" classname="jmri.util.FileLineEndingsTest" time="0.001"/>
  <testcase name="lineEndings[./java/test/jmri/jmrit/XmlFileValidateStartupActionFactoryTest.java]" classname="jmri.util.FileLineEndingsTest" time="0.001"/>
  <testcase name="lineEndings[./java/test/jmri/jmrit/BundleTest.java]" classname="jmri.util.FileLineEndingsTest" time="0.001"/>
  <testcase name="lineEndings[./java/test/jmri/jmrit/PackageTest.java]" classname="jmri.util.FileLineEndingsTest" time="0.001"/>
  <testcase name="lineEndings[./java/test/jmri/jmrit/LogixLoadActionTest.java]" classname="jmri.util.FileLineEndingsTest" time="0.001"/>
  <testcase name="lineEndings[./java/test/jmri/jmrit/speedometer/PackageTest.java]" classname="jmri.util.FileLineEndingsTest" time="0"/>
  <testcase name="lineEndings[./java/test/jmri/jmrit/speedometer/BundleTest.java]" classname="jmri.util.FileLineEndingsTest" time="0.001"/>
  <testcase name="lineEndings[./java/test/jmri/jmrit/speedometer/SpeedometerFrameTest.java]" classname="jmri.util.FileLineEndingsTest" time="0.001"/>
  <testcase name="lineEndings[./java/test/jmri/jmrit/speedometer/SpeedometerActionTest.java]" classname="jmri.util.FileLineEndingsTest" time="0.001"/>
  <testcase name="lineEndings[./java/test/jmri/jmrit/speedometer/SpeedometerScaffold.java]" classname="jmri.util.FileLineEndingsTest" time="0.001"/>
  <testcase name="lineEndings[./java/test/jmri/jmrit/XmlFileValidateActionTest.java]" classname="jmri.util.FileLineEndingsTest" time="0.001"/>
  <testcase name="lineEndings[./java/test/jmri/jmrit/XmlFileTest.java]" classname="jmri.util.FileLineEndingsTest" time="0"/>
  <testcase name="lineEndings[./java/test/jmri/jmrit/AbstractIdentifyTest.java]" classname="jmri.util.FileLineEndingsTest" time="0.001"/>
  <testcase name="lineEndings[./java/test/jmri/jmrit/MemoryContentsTest.java]" classname="jmri.util.FileLineEndingsTest" time="0.001"/>
  <testcase name="lineEndings[./java/test/jmri/jmrit/XmlFileCheckActionTest.java]" classname="jmri.util.FileLineEndingsTest" time="0.001"/>
  <testcase name="lineEndings[./java/test/jmri/jmrit/SoundTest.java]" classname="jmri.util.FileLineEndingsTest" time="0.001"/>
  <testcase name="lineEndings[./java/test/jmri/jmrit/DccLocoAddressSelectorTest.java]" classname="jmri.util.FileLineEndingsTest" time="0.001"/>
  <testcase name="lineEndings[./java/test/jmri/ProgListenerScaffold.java]" classname="jmri.util.FileLineEndingsTest" time="0.001"/>
  <testcase name="lineEndings[./java/test/jmri/NmraPacketTest.java]" classname="jmri.util.FileLineEndingsTest" time="0.001"/>
  <testcase name="lineEndings[./java/test/jmri/util/JUnitOperationsUtil.java]" classname="jmri.util.FileLineEndingsTest" time="0.001"/>
  <testcase name="lineEndings[./java/test/jmri/util/LocoAddressComparatorTest.java]" classname="jmri.util.FileLineEndingsTest" time="0.001"/>
  <testcase name="lineEndings[./java/test/jmri/util/com/rbnb/PackageTest.java]" classname="jmri.util.FileLineEndingsTest" time="0.001"/>
  <testcase name="lineEndings[./java/test/jmri/util/com/rbnb/UDPOutputStreamTest.java]" classname="jmri.util.FileLineEndingsTest" time="0.001"/>
  <testcase name="lineEndings[./java/test/jmri/util/com/rbnb/UDPInputStreamTest.java]" classname="jmri.util.FileLineEndingsTest" time="0.001"/>
  <testcase name="lineEndings[./java/test/jmri/util/com/dictiography/collections/IndexedTreeSetTest.java]" classname="jmri.util.FileLineEndingsTest" time="0"/>
  <testcase name="lineEndings[./java/test/jmri/util/com/dictiography/collections/IndexedTreeMapTest.java]" classname="jmri.util.FileLineEndingsTest" time="0.001"/>
  <testcase name="lineEndings[./java/test/jmri/util/com/dictiography/collections/PackageTest.java]" classname="jmri.util.FileLineEndingsTest" time="0.001"/>
  <testcase name="lineEndings[./java/test/jmri/util/com/sun/TransferActionListenerTest.java]" classname="jmri.util.FileLineEndingsTest" time="0.001"/>
  <testcase name="lineEndings[./java/test/jmri/util/com/sun/PackageTest.java]" classname="jmri.util.FileLineEndingsTest" time="0.001"/>
  <testcase name="lineEndings[./java/test/jmri/util/com/PackageTest.java]" classname="jmri.util.FileLineEndingsTest" time="0.001"/>
  <testcase name="lineEndings[./java/test/jmri/util/IntlUtilitiesTest.java]" classname="jmri.util.FileLineEndingsTest" time="0.001"/>
  <testcase name="lineEndings[./java/test/jmri/util/MenuScrollerTest.java]" classname="jmri.util.FileLineEndingsTest" time="0"/>
  <testcase name="lineEndings[./java/test/jmri/util/xml/XMLUtilTest.java]" classname="jmri.util.FileLineEndingsTest" time="0.001"/>
  <testcase name="lineEndings[./java/test/jmri/util/xml/PackageTest.java]" classname="jmri.util.FileLineEndingsTest" time="0.001"/>
  <testcase name="lineEndings[./java/test/jmri/util/PreferNumericComparatorTest.java]" classname="jmri.util.FileLineEndingsTest" time="0.001"/>
  <testcase name="lineEndings[./java/test/jmri/util/PipeListenerTest.java]" classname="jmri.util.FileLineEndingsTest" time="0.001"/>
  <testcase name="lineEndings[./java/test/jmri/util/usb/UsbBrowserFrameTest.java]" classname="jmri.util.FileLineEndingsTest" time="0"/>
  <testcase name="lineEndings[./java/test/jmri/util/usb/UsbBrowserActionTest.java]" classname="jmri.util.FileLineEndingsTest" time="0.001"/>
  <testcase name="lineEndings[./java/test/jmri/util/usb/BundleTest.java]" classname="jmri.util.FileLineEndingsTest" time="0.001"/>
  <testcase name="lineEndings[./java/test/jmri/util/usb/UsbBrowserPanelTest.java]" classname="jmri.util.FileLineEndingsTest" time="0.001"/>
  <testcase name="lineEndings[./java/test/jmri/util/usb/UsbUtilTest.java]" classname="jmri.util.FileLineEndingsTest" time="0.001"/>
  <testcase name="lineEndings[./java/test/jmri/util/usb/PackageTest.java]" classname="jmri.util.FileLineEndingsTest" time="0.001"/>
  <testcase name="lineEndings[./java/test/jmri/util/usb/UsbBrowserStartupActionFactoryTest.java]" classname="jmri.util.FileLineEndingsTest" time="0"/>
  <testcase name="lineEndings[./java/test/jmri/util/usb/RailDriverMenuItemTest.java]" classname="jmri.util.FileLineEndingsTest" time="0.001"/>
  <testcase name="lineEndings[./java/test/jmri/util/swing/PackageTest.java]" classname="jmri.util.FileLineEndingsTest" time="0.001"/>
  <testcase name="lineEndings[./java/test/jmri/util/swing/BeanSelectCreatePanelTest.java]" classname="jmri.util.FileLineEndingsTest" time="0.001"/>
  <testcase name="lineEndings[./java/test/jmri/util/swing/ResizableImagePanelTest.java]" classname="jmri.util.FileLineEndingsTest" time="0.001"/>
  <testcase name="lineEndings[./java/test/jmri/util/swing/sdi/SdiWindowTest.java]" classname="jmri.util.FileLineEndingsTest" time="0.001"/>
  <testcase name="lineEndings[./java/test/jmri/util/swing/sdi/SdiJfcUnitTest.java]" classname="jmri.util.FileLineEndingsTest" time="0"/>
  <testcase name="lineEndings[./java/test/jmri/util/swing/sdi/JmriJFrameInterfaceTest.java]" classname="jmri.util.FileLineEndingsTest" time="0.001"/>
  <testcase name="lineEndings[./java/test/jmri/util/swing/sdi/PackageTest.java]" classname="jmri.util.FileLineEndingsTest" time="0.001"/>
  <testcase name="lineEndings[./java/test/jmri/util/swing/JTreeUtilTest.java]" classname="jmri.util.FileLineEndingsTest" time="0.001"/>
  <testcase name="lineEndings[./java/test/jmri/util/swing/JmriNamedPaneActionTest.java]" classname="jmri.util.FileLineEndingsTest" time="0.001"/>
  <testcase name="lineEndings[./java/test/jmri/util/swing/ValidatedTextFieldTest.java]" classname="jmri.util.FileLineEndingsTest" time="0.001"/>
  <testcase name="lineEndings[./java/test/jmri/util/swing/ButtonSwatchColorChooserPanelTest.java]" classname="jmri.util.FileLineEndingsTest" time="0"/>
  <testcase name="lineEndings[./java/test/jmri/util/swing/VerticalLabelUITest.java]" classname="jmri.util.FileLineEndingsTest" time="0.001"/>
  <testcase name="lineEndings[./java/test/jmri/util/swing/BusyDialogTest.java]" classname="jmri.util.FileLineEndingsTest" time="0.001"/>
  <testcase name="lineEndings[./java/test/jmri/util/swing/SwingSettingsTest.java]" classname="jmri.util.FileLineEndingsTest" time="0.001"/>
  <testcase name="lineEndings[./java/test/jmri/util/swing/JmriPanelTest.java]" classname="jmri.util.FileLineEndingsTest" time="0.001"/>
  <testcase name="lineEndings[./java/test/jmri/util/swing/multipane/ThreePaneTLRWindowTest.java]" classname="jmri.util.FileLineEndingsTest" time="0.001"/>
  <testcase name="lineEndings[./java/test/jmri/util/swing/multipane/PackageTest.java]" classname="jmri.util.FileLineEndingsTest" time="0"/>
  <testcase name="lineEndings[./java/test/jmri/util/swing/multipane/MultiPaneWindowTest.java]" classname="jmri.util.FileLineEndingsTest" time="0.001"/>
  <testcase name="lineEndings[./java/test/jmri/util/swing/multipane/PanedInterfaceTest.java]" classname="jmri.util.FileLineEndingsTest" time="0.001"/>
  <testcase name="lineEndings[./java/test/jmri/util/swing/multipane/MultiJfcUnitTest.java]" classname="jmri.util.FileLineEndingsTest" time="0.001"/>
  <testcase name="lineEndings[./java/test/jmri/util/swing/DrawSquaresTest.java]" classname="jmri.util.FileLineEndingsTest" time="0.001"/>
  <testcase name="lineEndings[./java/test/jmri/util/swing/SliderSnapTest.java]" classname="jmri.util.FileLineEndingsTest" time="0.001"/>
  <testcase name="lineEndings[./java/test/jmri/util/swing/JMenuUtilTest.java]" classname="jmri.util.FileLineEndingsTest" time="0"/>
  <testcase name="lineEndings[./java/test/jmri/util/swing/mdi/JmriJInternalFrameInterfaceTest.java]" classname="jmri.util.FileLineEndingsTest" time="0.001"/>
  <testcase name="lineEndings[./java/test/jmri/util/swing/mdi/PackageTest.java]" classname="jmri.util.FileLineEndingsTest" time="0.001"/>
  <testcase name="lineEndings[./java/test/jmri/util/swing/mdi/MdiMainFrameTest.java]" classname="jmri.util.FileLineEndingsTest" time="0.001"/>
  <testcase name="lineEndings[./java/test/jmri/util/swing/XTableColumnModelTest.java]" classname="jmri.util.FileLineEndingsTest" time="0.001"/>
  <testcase name="lineEndings[./java/test/jmri/util/swing/ExceptionDisplayFrameTest.java]" classname="jmri.util.FileLineEndingsTest" time="0.001"/>
  <testcase name="lineEndings[./java/test/jmri/util/swing/JmriAbstractActionTest.java]" classname="jmri.util.FileLineEndingsTest" time="0.001"/>
  <testcase name="lineEndings[./java/test/jmri/util/swing/ButtonGroupColorChooserPanelTest.java]" classname="jmri.util.FileLineEndingsTest" time="0"/>
  <testcase name="lineEndings[./java/test/jmri/util/swing/UnexpectedExceptionContextTest.java]" classname="jmri.util.FileLineEndingsTest" time="0.001"/>
  <testcase name="lineEndings[./java/test/jmri/util/swing/SamplePane.java]" classname="jmri.util.FileLineEndingsTest" time="0.001"/>
  <testcase name="lineEndings[./java/test/jmri/util/swing/ImagePanelTest.java]" classname="jmri.util.FileLineEndingsTest" time="0.001"/>
  <testcase name="lineEndings[./java/test/jmri/util/swing/BundleTest.java]" classname="jmri.util.FileLineEndingsTest" time="0.001"/>
  <testcase name="lineEndings[./java/test/jmri/util/swing/JComboBoxUtilTest.java]" classname="jmri.util.FileLineEndingsTest" time="0.001"/>
  <testcase name="lineEndings[./java/test/jmri/util/swing/DedupingPropertyChangeListenerTest.java]" classname="jmri.util.FileLineEndingsTest" time="0"/>
  <testcase name="lineEndings[./java/test/jmri/util/swing/JCBHandleTest.java]" classname="jmri.util.FileLineEndingsTest" time="0.001"/>
  <testcase name="lineEndings[./java/test/jmri/util/swing/JFrameInterfaceTest.java]" classname="jmri.util.FileLineEndingsTest" time="0.001"/>
  <testcase name="lineEndings[./java/test/jmri/util/swing/ButtonTestAction.java]" classname="jmri.util.FileLineEndingsTest" time="0.001"/>
  <testcase name="lineEndings[./java/test/jmri/util/swing/JmriBeanComboBoxTest.java]" classname="jmri.util.FileLineEndingsTest" time="0.001"/>
  <testcase name="lineEndings[./java/test/jmri/util/swing/EditableResizableImagePanelTest.java]" classname="jmri.util.FileLineEndingsTest" time="0.001"/>
  <testcase name="lineEndings[./java/test/jmri/util/swing/JToolBarUtilTest.java]" classname="jmri.util.FileLineEndingsTest" time="0"/>
  <testcase name="lineEndings[./java/test/jmri/util/swing/FontComboUtilTest.java]" classname="jmri.util.FileLineEndingsTest" time="0.001"/>
  <testcase name="lineEndings[./java/test/jmri/util/swing/RegexFormatterTest.java]" classname="jmri.util.FileLineEndingsTest" time="0.001"/>
  <testcase name="lineEndings[./java/test/jmri/util/swing/StatusBarTest.java]" classname="jmri.util.FileLineEndingsTest" time="0.001"/>
  <testcase name="lineEndings[./java/test/jmri/util/swing/ComboBoxColorChooserPanelTest.java]" classname="jmri.util.FileLineEndingsTest" time="0.001"/>
  <testcase name="lineEndings[./java/test/jmri/util/swing/GuiUtilBaseTest.java]" classname="jmri.util.FileLineEndingsTest" time="0.001"/>
  <testcase name="lineEndings[./java/test/jmri/util/swing/TextFilterTest.java]" classname="jmri.util.FileLineEndingsTest" time="0"/>
  <testcase name="lineEndings[./java/test/jmri/util/swing/ExceptionContextTest.java]" classname="jmri.util.FileLineEndingsTest" time="0.001"/>
  <testcase name="lineEndings[./java/test/jmri/util/BareBonesBrowserLaunchTest.java]" classname="jmri.util.FileLineEndingsTest" time="0.001"/>
  <testcase name="lineEndings[./java/test/jmri/util/JTreeWithPopupTest.java]" classname="jmri.util.FileLineEndingsTest" time="0.001"/>
  <testcase name="lineEndings[./java/test/jmri/util/datatransfer/PackageTest.java]" classname="jmri.util.FileLineEndingsTest" time="0.001"/>
  <testcase name="lineEndings[./java/test/jmri/util/datatransfer/RosterEntrySelectionTest.java]" classname="jmri.util.FileLineEndingsTest" time="0.001"/>
  <testcase name="lineEndings[./java/test/jmri/util/PropertyChangeEventQueueTest.java]" classname="jmri.util.FileLineEndingsTest" time="0"/>
  <testcase name="lineEndings[./java/test/jmri/util/MouseInputAdapterInstallerTest.java]" classname="jmri.util.FileLineEndingsTest" time="0.001"/>
  <testcase name="lineEndings[./java/test/jmri/util/I18NTest.java]" classname="jmri.util.FileLineEndingsTest" time="0.001"/>
  <testcase name="lineEndings[./java/test/jmri/util/BundleTest.java]" classname="jmri.util.FileLineEndingsTest" time="0.001"/>
  <testcase name="lineEndings[./java/test/jmri/util/iharder/dnd/PackageTest.java]" classname="jmri.util.FileLineEndingsTest" time="0.001"/>
  <testcase name="lineEndings[./java/test/jmri/util/iharder/dnd/FileDropEventTest.java]" classname="jmri.util.FileLineEndingsTest" time="0.001"/>
  <testcase name="lineEndings[./java/test/jmri/util/iharder/dnd/DnDListTest.java]" classname="jmri.util.FileLineEndingsTest" time="0"/>
  <testcase name="lineEndings[./java/test/jmri/util/iharder/dnd/FileDropTest.java]" classname="jmri.util.FileLineEndingsTest" time="0.001"/>
  <testcase name="lineEndings[./java/test/jmri/util/iharder/dnd/TransferableObjectTest.java]" classname="jmri.util.FileLineEndingsTest" time="0.001"/>
  <testcase name="lineEndings[./java/test/jmri/util/iharder/PackageTest.java]" classname="jmri.util.FileLineEndingsTest" time="0.001"/>
  <testcase name="lineEndings[./java/test/jmri/util/docbook/configurexml/RevHistoryXmlTest.java]" classname="jmri.util.FileLineEndingsTest" time="0.001"/>
  <testcase name="lineEndings[./java/test/jmri/util/docbook/configurexml/PackageTest.java]" classname="jmri.util.FileLineEndingsTest" time="0.001"/>
  <testcase name="lineEndings[./java/test/jmri/util/docbook/PackageTest.java]" classname="jmri.util.FileLineEndingsTest" time="0"/>
  <testcase name="lineEndings[./java/test/jmri/util/docbook/RevisionTest.java]" classname="jmri.util.FileLineEndingsTest" time="0.001"/>
  <testcase name="lineEndings[./java/test/jmri/util/docbook/RevHistoryTest.java]" classname="jmri.util.FileLineEndingsTest" time="0.001"/>
  <testcase name="lineEndings[./java/test/jmri/util/junit/rules/RetryRule.java]" classname="jmri.util.FileLineEndingsTest" time="0.001"/>
  <testcase name="lineEndings[./java/test/jmri/util/junit/TestClassMainMethod.java]" classname="jmri.util.FileLineEndingsTest" time="0.001"/>
  <testcase name="lineEndings[./java/test/jmri/util/NamedBeanExpectedValueTest.java]" classname="jmri.util.FileLineEndingsTest" time="0.001"/>
  <testcase name="lineEndings[./java/test/jmri/util/javamail/PackageTest.java]" classname="jmri.util.FileLineEndingsTest" time="0"/>
  <testcase name="lineEndings[./java/test/jmri/util/javamail/MailMessageTest.java]" classname="jmri.util.FileLineEndingsTest" time="0.001"/>
  <testcase name="lineEndings[./java/test/jmri/util/JmriJFrameActionTest.java]" classname="jmri.util.FileLineEndingsTest" time="0.001"/>
  <testcase name="lineEndings[./java/test/jmri/util/ExternalLinkContentViewerUITest.java]" classname="jmri.util.FileLineEndingsTest" time="0.001"/>
  <testcase name="lineEndings[./java/test/jmri/util/prefs/PackageTest.java]" classname="jmri.util.FileLineEndingsTest" time="0.001"/>
  <testcase name="lineEndings[./java/test/jmri/util/prefs/JmriPreferencesProviderTest.java]" classname="jmri.util.FileLineEndingsTest" time="0.001"/>
  <testcase name="lineEndings[./java/test/jmri/util/prefs/JmriUserInterfaceConfigurationProviderTest.java]" classname="jmri.util.FileLineEndingsTest" time="0"/>
  <testcase name="lineEndings[./java/test/jmri/util/prefs/InitializationExceptionTest.java]" classname="jmri.util.FileLineEndingsTest" time="0.001"/>
  <testcase name="lineEndings[./java/test/jmri/util/prefs/JmriConfigurationProviderTest.java]" classname="jmri.util.FileLineEndingsTest" time="0.001"/>
  <testcase name="lineEndings[./java/test/jmri/util/NonNullArrayListTest.java]" classname="jmri.util.FileLineEndingsTest" time="0.001"/>
  <testcase name="lineEndings[./java/test/jmri/util/MathUtilTest.java]" classname="jmri.util.FileLineEndingsTest" time="0.001"/>
  <testcase name="lineEndings[./java/test/jmri/util/DnDTableImportExportHandlerTest.java]" classname="jmri.util.FileLineEndingsTest" time="0.001"/>
  <testcase name="lineEndings[./java/test/jmri/util/exceptionhandler/BundleTest.java]" classname="jmri.util.FileLineEndingsTest" time="0"/>
  <testcase name="lineEndings[./java/test/jmri/util/exceptionhandler/PackageTest.java]" classname="jmri.util.FileLineEndingsTest" time="0"/>
  <testcase name="lineEndings[./java/test/jmri/util/exceptionhandler/UncaughtExceptionHandlerTest.java]" classname="jmri.util.FileLineEndingsTest" time="0.001"/>
  <testcase name="lineEndings[./java/test/jmri/util/jdom/LocaleSelectorTest.java]" classname="jmri.util.FileLineEndingsTest" time="0.001"/>
  <testcase name="lineEndings[./java/test/jmri/util/jdom/PackageTest.java]" classname="jmri.util.FileLineEndingsTest" time="0.001"/>
  <testcase name="lineEndings[./java/test/jmri/util/AbstractFrameActionTest.java]" classname="jmri.util.FileLineEndingsTest" time="0.001"/>
  <testcase name="lineEndings[./java/test/jmri/util/PortNameMapperTest.java]" classname="jmri.util.FileLineEndingsTest" time="0.001"/>
  <testcase name="lineEndings[./java/test/jmri/util/IterableEnumerationTest.java]" classname="jmri.util.FileLineEndingsTest" time="0"/>
  <testcase name="lineEndings[./java/test/jmri/util/StringUtilTest.java]" classname="jmri.util.FileLineEndingsTest" time="0.001"/>
  <testcase name="lineEndings[./java/test/jmri/util/JUnitAppender.java]" classname="jmri.util.FileLineEndingsTest" time="0.001"/>
  <testcase name="lineEndings[./java/test/jmri/util/Log4JUtilTest.java]" classname="jmri.util.FileLineEndingsTest" time="0.001"/>
  <testcase name="lineEndings[./java/test/jmri/util/JmriJFrameTest.java]" classname="jmri.util.FileLineEndingsTest" time="0.001"/>
  <testcase name="lineEndings[./java/test/jmri/util/SystemTypeTest.java]" classname="jmri.util.FileLineEndingsTest" time="0.001"/>
  <testcase name="lineEndings[./java/test/jmri/util/SwingTestCaseTest.java]" classname="jmri.util.FileLineEndingsTest" time="0"/>
  <testcase name="lineEndings[./java/test/jmri/util/PropertyChangeListenerScaffold.java]" classname="jmri.util.FileLineEndingsTest" time="0"/>
  <testcase name="lineEndings[./java/test/jmri/util/table/ButtonEditorTest.java]" classname="jmri.util.FileLineEndingsTest" time="0.001"/>
  <testcase name="lineEndings[./java/test/jmri/util/table/ButtonRendererTest.java]" classname="jmri.util.FileLineEndingsTest" time="0.001"/>
  <testcase name="lineEndings[./java/test/jmri/util/table/BasicCellEditorTest.java]" classname="jmri.util.FileLineEndingsTest" time="0.001"/>
  <testcase name="lineEndings[./java/test/jmri/util/table/PackageTest.java]" classname="jmri.util.FileLineEndingsTest" time="0.001"/>
  <testcase name="lineEndings[./java/test/jmri/util/NamedBeanComparatorTest.java]" classname="jmri.util.FileLineEndingsTest" time="0"/>
  <testcase name="lineEndings[./java/test/jmri/util/FileLineEndingsTest.java]" classname="jmri.util.FileLineEndingsTest" time="0.001"/>
  <testcase name="lineEndings[./java/test/jmri/util/BusyGlassPaneTest.java]" classname="jmri.util.FileLineEndingsTest" time="0.001"/>
  <testcase name="lineEndings[./java/test/jmri/util/GetJavaPropertyTest.java]" classname="jmri.util.FileLineEndingsTest" time="0.001"/>
  <testcase name="lineEndings[./java/test/jmri/util/web/BrowserFactory.java]" classname="jmri.util.FileLineEndingsTest" time="0.001"/>
  <testcase name="lineEndings[./java/test/jmri/util/PhysicalLocationPanelTest.java]" classname="jmri.util.FileLineEndingsTest" time="0.001"/>
  <testcase name="lineEndings[./java/test/jmri/util/FileUtilSupportTest.java]" classname="jmri.util.FileLineEndingsTest" time="0.001"/>
  <testcase name="lineEndings[./java/test/jmri/util/zeroconf/ZeroConfClientTest.java]" classname="jmri.util.FileLineEndingsTest" time="0"/>
  <testcase name="lineEndings[./java/test/jmri/util/zeroconf/PackageTest.java]" classname="jmri.util.FileLineEndingsTest" time="0.001"/>
  <testcase name="lineEndings[./java/test/jmri/util/zeroconf/ZeroConfServiceEventTest.java]" classname="jmri.util.FileLineEndingsTest" time="0.001"/>
  <testcase name="lineEndings[./java/test/jmri/util/zeroconf/ZeroConfServiceTest.java]" classname="jmri.util.FileLineEndingsTest" time="0.001"/>
  <testcase name="lineEndings[./java/test/jmri/util/JTextPaneAppenderTest.java]" classname="jmri.util.FileLineEndingsTest" time="0.001"/>
  <testcase name="lineEndings[./java/test/jmri/util/ThreadingUtilTest.java]" classname="jmri.util.FileLineEndingsTest" time="0.001"/>
  <testcase name="lineEndings[./java/test/jmri/util/OrderedHashtableTest.java]" classname="jmri.util.FileLineEndingsTest" time="0"/>
  <testcase name="lineEndings[./java/test/jmri/util/PhysicalLocationTest.java]" classname="jmri.util.FileLineEndingsTest" time="0.001"/>
  <testcase name="lineEndings[./java/test/jmri/util/JmriInsetsTest.java]" classname="jmri.util.FileLineEndingsTest" time="0.001"/>
  <testcase name="lineEndings[./java/test/jmri/util/Log4JErrorIsErrorTest.java]" classname="jmri.util.FileLineEndingsTest" time="0.001"/>
  <testcase name="lineEndings[./java/test/jmri/util/ResizableImagePanelTest.java]" classname="jmri.util.FileLineEndingsTest" time="0.001"/>
  <testcase name="lineEndings[./java/test/jmri/util/SwingTestCase.java]" classname="jmri.util.FileLineEndingsTest" time="0.001"/>
  <testcase name="lineEndings[./java/test/jmri/util/FailTest.java]" classname="jmri.util.FileLineEndingsTest" time="0"/>
  <testcase name="lineEndings[./java/test/jmri/util/JmriNullEntityResolverTest.java]" classname="jmri.util.FileLineEndingsTest" time="0.001"/>
  <testcase name="lineEndings[./java/test/jmri/util/davidflanagan/BundleTest.java]" classname="jmri.util.FileLineEndingsTest" time="0.001"/>
  <testcase name="lineEndings[./java/test/jmri/util/davidflanagan/PackageTest.java]" classname="jmri.util.FileLineEndingsTest" time="0.001"/>
  <testcase name="lineEndings[./java/test/jmri/util/davidflanagan/HardcopyWriterTest.java]" classname="jmri.util.FileLineEndingsTest" time="0.001"/>
  <testcase name="lineEndings[./java/test/jmri/util/ConnectionNameFromSystemNameTest.java]" classname="jmri.util.FileLineEndingsTest" time="0"/>
  <testcase name="lineEndings[./java/test/jmri/util/SystemNameComparatorTest.java]" classname="jmri.util.FileLineEndingsTest" time="0.001"/>
  <testcase name="lineEndings[./java/test/jmri/util/MultipartMessageTest.java]" classname="jmri.util.FileLineEndingsTest" time="0.001"/>
  <testcase name="lineEndings[./java/test/jmri/util/HelpUtilTest.java]" classname="jmri.util.FileLineEndingsTest" time="0.001"/>
  <testcase name="lineEndings[./java/test/jmri/util/QuickPromptUtilTest.java]" classname="jmri.util.FileLineEndingsTest" time="0.001"/>
  <testcase name="lineEndings[./java/test/jmri/util/NamedBeanExpectedStateTest.java]" classname="jmri.util.FileLineEndingsTest" time="0.001"/>
  <testcase name="lineEndings[./java/test/jmri/util/PackageTest.java]" classname="jmri.util.FileLineEndingsTest" time="0"/>
  <testcase name="lineEndings[./java/test/jmri/util/GetClassPathTest.java]" classname="jmri.util.FileLineEndingsTest" time="0.001"/>
  <testcase name="lineEndings[./java/test/jmri/util/FileUtilTest.java]" classname="jmri.util.FileLineEndingsTest" time="0.001"/>
  <testcase name="lineEndings[./java/test/jmri/util/GetArgumentListTest.java]" classname="jmri.util.FileLineEndingsTest" time="0.001"/>
  <testcase name="lineEndings[./java/test/jmri/util/JUnitUtil.java]" classname="jmri.util.FileLineEndingsTest" time="0.001"/>
  <testcase name="lineEndings[./java/test/jmri/util/WaitHandlerTest.java]" classname="jmri.util.FileLineEndingsTest" time="0.001"/>
  <testcase name="lineEndings[./java/test/jmri/util/node/NodeIdentityTest.java]" classname="jmri.util.FileLineEndingsTest" time="0.001"/>
  <testcase name="lineEndings[./java/test/jmri/util/node/PackageTest.java]" classname="jmri.util.FileLineEndingsTest" time="0"/>
  <testcase name="lineEndings[./java/test/jmri/util/ColorUtilTest.java]" classname="jmri.util.FileLineEndingsTest" time="0.001"/>
  <testcase name="lineEndings[./java/test/jmri/util/OrderedPropertiesTest.java]" classname="jmri.util.FileLineEndingsTest" time="0.001"/>
  <testcase name="lineEndings[./java/test/jmri/util/FontUtilTest.java]" classname="jmri.util.FileLineEndingsTest" time="0.001"/>
  <testcase name="lineEndings[./java/test/jmri/util/SerialUtilTest.java]" classname="jmri.util.FileLineEndingsTest" time="0.001"/>
  <testcase name="lineEndings[./java/test/jmri/util/MockShutDownManager.java]" classname="jmri.util.FileLineEndingsTest" time="0.001"/>
  <testcase name="lineEndings[./java/test/jmri/util/DateUtilTest.java]" classname="jmri.util.FileLineEndingsTest" time="0"/>
  <testcase name="lineEndings[./java/test/jmri/util/AlphanumComparatorTest.java]" classname="jmri.util.FileLineEndingsTest" time="0.001"/>
  <testcase name="lineEndings[./java/test/jmri/util/RuntimeUtilTest.java]" classname="jmri.util.FileLineEndingsTest" time="0.001"/>
  <testcase name="lineEndings[./java/test/jmri/util/JLogoutputFrameTest.java]" classname="jmri.util.FileLineEndingsTest" time="0.001"/>
  <testcase name="lineEndings[./java/test/jmri/util/XmlFilenameFilterTest.java]" classname="jmri.util.FileLineEndingsTest" time="0.001"/>
  <testcase name="lineEndings[./java/test/jmri/util/FileChooserFilterTest.java]" classname="jmri.util.FileLineEndingsTest" time="0.001"/>
  <testcase name="lineEndings[./java/test/jmri/util/SocketUtilTest.java]" classname="jmri.util.FileLineEndingsTest" time="0"/>
  <testcase name="lineEndings[./java/test/jmri/util/ThreadingDemoAndTest.java]" classname="jmri.util.FileLineEndingsTest" time="0.001"/>
  <testcase name="lineEndings[./java/test/jmri/util/JmriLocalEntityResolverTest.java]" classname="jmri.util.FileLineEndingsTest" time="0.001"/>
  <testcase name="lineEndings[./java/test/jmri/util/WindowMenuTest.java]" classname="jmri.util.FileLineEndingsTest" time="0.001"/>
  <testcase name="lineEndings[./java/test/jmri/util/JUnitAppenderTest.java]" classname="jmri.util.FileLineEndingsTest" time="0.001"/>
  <testcase name="lineEndings[./java/test/jmri/util/NoArchiveFileFilterTest.java]" classname="jmri.util.FileLineEndingsTest" time="0.001"/>
  <testcase name="lineEndings[./java/test/jmri/util/DnDTableExportHandlerTest.java]" classname="jmri.util.FileLineEndingsTest" time="0"/>
  <testcase name="lineEndings[./java/test/jmri/util/DnDStringImportHandlerTest.java]" classname="jmri.util.FileLineEndingsTest" time="0"/>
  <testcase name="lineEndings[./java/test/jmri/NamedBeanHandleManagerTest.java]" classname="jmri.util.FileLineEndingsTest" time="0.001"/>
  <testcase name="lineEndings[./java/test/jmri/TransitSectionActionTest.java]" classname="jmri.util.FileLineEndingsTest" time="0.001"/>
  <testcase name="lineEndings[./java/test/jmri/server/json/block/BundleTest.java]" classname="jmri.util.FileLineEndingsTest" time="0.001"/>
  <testcase name="lineEndings[./java/test/jmri/server/json/block/PackageTest.java]" classname="jmri.util.FileLineEndingsTest" time="0.001"/>
  <testcase name="lineEndings[./java/test/jmri/server/json/block/JsonBlockSocketServiceTest.java]" classname="jmri.util.FileLineEndingsTest" time="0.001"/>
  <testcase name="lineEndings[./java/test/jmri/server/json/block/JsonBlockHttpServiceTest.java]" classname="jmri.util.FileLineEndingsTest" time="0"/>
  <testcase name="lineEndings[./java/test/jmri/server/json/block/JsonBlockTest.java]" classname="jmri.util.FileLineEndingsTest" time="0.001"/>
  <testcase name="lineEndings[./java/test/jmri/server/json/consist/PackageTest.java]" classname="jmri.util.FileLineEndingsTest" time="0.001"/>
  <testcase name="lineEndings[./java/test/jmri/server/json/consist/JsonConsistTest.java]" classname="jmri.util.FileLineEndingsTest" time="0.001"/>
  <testcase name="lineEndings[./java/test/jmri/server/json/consist/JsonConsistManagerTest.java]" classname="jmri.util.FileLineEndingsTest" time="0.001"/>
  <testcase name="lineEndings[./java/test/jmri/server/json/consist/BundleTest.java]" classname="jmri.util.FileLineEndingsTest" time="0.001"/>
  <testcase name="lineEndings[./java/test/jmri/server/json/power/PackageTest.java]" classname="jmri.util.FileLineEndingsTest" time="0"/>
  <testcase name="lineEndings[./java/test/jmri/server/json/power/JsonPowerSocketServiceTest.java]" classname="jmri.util.FileLineEndingsTest" time="0.002"/>
  <testcase name="lineEndings[./java/test/jmri/server/json/power/BundleTest.java]" classname="jmri.util.FileLineEndingsTest" time="0"/>
  <testcase name="lineEndings[./java/test/jmri/server/json/power/JsonPowerHttpServiceTest.java]" classname="jmri.util.FileLineEndingsTest" time="0.001"/>
  <testcase name="lineEndings[./java/test/jmri/server/json/message/BundleTest.java]" classname="jmri.util.FileLineEndingsTest" time="0.001"/>
  <testcase name="lineEndings[./java/test/jmri/server/json/message/JsonMessageTest.java]" classname="jmri.util.FileLineEndingsTest" time="0.001"/>
  <testcase name="lineEndings[./java/test/jmri/server/json/message/JsonMessageClientManagerTest.java]" classname="jmri.util.FileLineEndingsTest" time="0.001"/>
  <testcase name="lineEndings[./java/test/jmri/server/json/message/JsonMessageSocketServiceTest.java]" classname="jmri.util.FileLineEndingsTest" time="0.001"/>
  <testcase name="lineEndings[./java/test/jmri/server/json/message/PackageTest.java]" classname="jmri.util.FileLineEndingsTest" time="0.001"/>
  <testcase name="lineEndings[./java/test/jmri/server/json/JSONTest.java]" classname="jmri.util.FileLineEndingsTest" time="0"/>
  <testcase name="lineEndings[./java/test/jmri/server/json/reporter/BundleTest.java]" classname="jmri.util.FileLineEndingsTest" time="0.001"/>
  <testcase name="lineEndings[./java/test/jmri/server/json/reporter/JsonReporterHttpServiceTest.java]" classname="jmri.util.FileLineEndingsTest" time="0.001"/>
  <testcase name="lineEndings[./java/test/jmri/server/json/reporter/JsonReporterTest.java]" classname="jmri.util.FileLineEndingsTest" time="0.001"/>
  <testcase name="lineEndings[./java/test/jmri/server/json/reporter/JsonReporterSocketServiceTest.java]" classname="jmri.util.FileLineEndingsTest" time="0.002"/>
  <testcase name="lineEndings[./java/test/jmri/server/json/reporter/PackageTest.java]" classname="jmri.util.FileLineEndingsTest" time="0.001"/>
  <testcase name="lineEndings[./java/test/jmri/server/json/memory/JsonMemoryTest.java]" classname="jmri.util.FileLineEndingsTest" time="0.001"/>
  <testcase name="lineEndings[./java/test/jmri/server/json/memory/BundleTest.java]" classname="jmri.util.FileLineEndingsTest" time="0.001"/>
  <testcase name="lineEndings[./java/test/jmri/server/json/memory/PackageTest.java]" classname="jmri.util.FileLineEndingsTest" time="0.001"/>
  <testcase name="lineEndings[./java/test/jmri/server/json/memory/JsonMemoryHttpServiceTest.java]" classname="jmri.util.FileLineEndingsTest" time="0.001"/>
  <testcase name="lineEndings[./java/test/jmri/server/json/memory/JsonMemorySocketServiceTest.java]" classname="jmri.util.FileLineEndingsTest" time="0.001"/>
  <testcase name="lineEndings[./java/test/jmri/server/json/JsonTestSocketService.java]" classname="jmri.util.FileLineEndingsTest" time="0"/>
  <testcase name="lineEndings[./java/test/jmri/server/json/light/JsonLightTest.java]" classname="jmri.util.FileLineEndingsTest" time="0.001"/>
  <testcase name="lineEndings[./java/test/jmri/server/json/light/PackageTest.java]" classname="jmri.util.FileLineEndingsTest" time="0.001"/>
  <testcase name="lineEndings[./java/test/jmri/server/json/light/BundleTest.java]" classname="jmri.util.FileLineEndingsTest" time="0.001"/>
  <testcase name="lineEndings[./java/test/jmri/server/json/light/JsonLightSocketServiceTest.java]" classname="jmri.util.FileLineEndingsTest" time="0.001"/>
  <testcase name="lineEndings[./java/test/jmri/server/json/light/JsonLightHttpServiceTest.java]" classname="jmri.util.FileLineEndingsTest" time="0.001"/>
  <testcase name="lineEndings[./java/test/jmri/server/json/throttle/BundleTest.java]" classname="jmri.util.FileLineEndingsTest" time="0"/>
  <testcase name="lineEndings[./java/test/jmri/server/json/throttle/JsonThrottleManagerTest.java]" classname="jmri.util.FileLineEndingsTest" time="0.001"/>
  <testcase name="lineEndings[./java/test/jmri/server/json/throttle/JsonThrottleHttpServiceTest.java]" classname="jmri.util.FileLineEndingsTest" time="0.001"/>
  <testcase name="lineEndings[./java/test/jmri/server/json/throttle/JsonThrottleServiceFactoryTest.java]" classname="jmri.util.FileLineEndingsTest" time="0.001"/>
  <testcase name="lineEndings[./java/test/jmri/server/json/throttle/JsonThrottleSocketServiceTest.java]" classname="jmri.util.FileLineEndingsTest" time="0.001"/>
  <testcase name="lineEndings[./java/test/jmri/server/json/throttle/JsonThrottleTest.java]" classname="jmri.util.FileLineEndingsTest" time="0.001"/>
  <testcase name="lineEndings[./java/test/jmri/server/json/throttle/PackageTest.java]" classname="jmri.util.FileLineEndingsTest" time="0.001"/>
  <testcase name="lineEndings[./java/test/jmri/server/json/time/PackageTest.java]" classname="jmri.util.FileLineEndingsTest" time="0"/>
  <testcase name="lineEndings[./java/test/jmri/server/json/time/BundleTest.java]" classname="jmri.util.FileLineEndingsTest" time="0.001"/>
  <testcase name="lineEndings[./java/test/jmri/server/json/util/JsonUtilSocketServiceTest.java]" classname="jmri.util.FileLineEndingsTest" time="0.001"/>
  <testcase name="lineEndings[./java/test/jmri/server/json/util/JsonUtilHttpServiceTest.java]" classname="jmri.util.FileLineEndingsTest" time="0.001"/>
  <testcase name="lineEndings[./java/test/jmri/server/json/util/BundleTest.java]" classname="jmri.util.FileLineEndingsTest" time="0.001"/>
  <testcase name="lineEndings[./java/test/jmri/server/json/util/PackageTest.java]" classname="jmri.util.FileLineEndingsTest" time="0.001"/>
  <testcase name="lineEndings[./java/test/jmri/server/json/sensor/JsonSensorSocketServiceTest.java]" classname="jmri.util.FileLineEndingsTest" time="0.001"/>
  <testcase name="lineEndings[./java/test/jmri/server/json/sensor/JsonSensorHttpServiceTest.java]" classname="jmri.util.FileLineEndingsTest" time="0"/>
  <testcase name="lineEndings[./java/test/jmri/server/json/sensor/BundleTest.java]" classname="jmri.util.FileLineEndingsTest" time="0.001"/>
  <testcase name="lineEndings[./java/test/jmri/server/json/sensor/PackageTest.java]" classname="jmri.util.FileLineEndingsTest" time="0.001"/>
  <testcase name="lineEndings[./java/test/jmri/server/json/sensor/JsonSensorTest.java]" classname="jmri.util.FileLineEndingsTest" time="0.001"/>
  <testcase name="lineEndings[./java/test/jmri/server/json/schema/JsonSchemaServiceCacheTest.java]" classname="jmri.util.FileLineEndingsTest" time="0.001"/>
  <testcase name="lineEndings[./java/test/jmri/server/json/schema/JsonSchemaSocketServiceTest.java]" classname="jmri.util.FileLineEndingsTest" time="0.001"/>
  <testcase name="lineEndings[./java/test/jmri/server/json/schema/JsonSchemaHttpServiceTest.java]" classname="jmri.util.FileLineEndingsTest" time="0"/>
  <testcase name="lineEndings[./java/test/jmri/server/json/schema/PackageTest.java]" classname="jmri.util.FileLineEndingsTest" time="0.001"/>
  <testcase name="lineEndings[./java/test/jmri/server/json/schema/BundleTest.java]" classname="jmri.util.FileLineEndingsTest" time="0.001"/>
  <testcase name="lineEndings[./java/test/jmri/server/json/turnout/BundleTest.java]" classname="jmri.util.FileLineEndingsTest" time="0.001"/>
  <testcase name="lineEndings[./java/test/jmri/server/json/turnout/JsonTurnoutHttpServiceTest.java]" classname="jmri.util.FileLineEndingsTest" time="0.001"/>
  <testcase name="lineEndings[./java/test/jmri/server/json/turnout/PackageTest.java]" classname="jmri.util.FileLineEndingsTest" time="0.001"/>
  <testcase name="lineEndings[./java/test/jmri/server/json/turnout/JsonTurnoutSocketServiceTest.java]" classname="jmri.util.FileLineEndingsTest" time="0.001"/>
  <testcase name="lineEndings[./java/test/jmri/server/json/roster/JsonRosterHttpServiceTest.java]" classname="jmri.util.FileLineEndingsTest" time="0"/>
  <testcase name="lineEndings[./java/test/jmri/server/json/roster/BundleTest.java]" classname="jmri.util.FileLineEndingsTest" time="0.001"/>
  <testcase name="lineEndings[./java/test/jmri/server/json/roster/JsonRosterTest.java]" classname="jmri.util.FileLineEndingsTest" time="0.001"/>
  <testcase name="lineEndings[./java/test/jmri/server/json/roster/JsonRosterSocketServiceTest.java]" classname="jmri.util.FileLineEndingsTest" time="0.001"/>
  <testcase name="lineEndings[./java/test/jmri/server/json/roster/PackageTest.java]" classname="jmri.util.FileLineEndingsTest" time="0.001"/>
  <testcase name="lineEndings[./java/test/jmri/server/json/layoutblock/PackageTest.java]" classname="jmri.util.FileLineEndingsTest" time="0.001"/>
  <testcase name="lineEndings[./java/test/jmri/server/json/layoutblock/JsonLayoutBlockTest.java]" classname="jmri.util.FileLineEndingsTest" time="0"/>
  <testcase name="lineEndings[./java/test/jmri/server/json/layoutblock/BundleTest.java]" classname="jmri.util.FileLineEndingsTest" time="0.001"/>
  <testcase name="lineEndings[./java/test/jmri/server/json/layoutblock/JsonLayoutBlockSocketServiceTest.java]" classname="jmri.util.FileLineEndingsTest" time="0.001"/>
  <testcase name="lineEndings[./java/test/jmri/server/json/signalMast/JsonSignalMastTest.java]" classname="jmri.util.FileLineEndingsTest" time="0.001"/>
  <testcase name="lineEndings[./java/test/jmri/server/json/signalMast/JsonSignalMastSocketServiceTest.java]" classname="jmri.util.FileLineEndingsTest" time="0.001"/>
  <testcase name="lineEndings[./java/test/jmri/server/json/signalMast/BundleTest.java]" classname="jmri.util.FileLineEndingsTest" time="0.001"/>
  <testcase name="lineEndings[./java/test/jmri/server/json/signalMast/JsonSignalMastHttpServiceTest.java]" classname="jmri.util.FileLineEndingsTest" time="0.001"/>
  <testcase name="lineEndings[./java/test/jmri/server/json/signalMast/PackageTest.java]" classname="jmri.util.FileLineEndingsTest" time="0"/>
  <testcase name="lineEndings[./java/test/jmri/server/json/operations/BundleTest.java]" classname="jmri.util.FileLineEndingsTest" time="0.001"/>
  <testcase name="lineEndings[./java/test/jmri/server/json/operations/PackageTest.java]" classname="jmri.util.FileLineEndingsTest" time="0.001"/>
  <testcase name="lineEndings[./java/test/jmri/server/json/operations/JsonOperationsTest.java]" classname="jmri.util.FileLineEndingsTest" time="0.001"/>
  <testcase name="lineEndings[./java/test/jmri/server/json/JsonConnectionTest.java]" classname="jmri.util.FileLineEndingsTest" time="0.001"/>
  <testcase name="lineEndings[./java/test/jmri/server/json/JsonMockConnection.java]" classname="jmri.util.FileLineEndingsTest" time="0.001"/>
  <testcase name="lineEndings[./java/test/jmri/server/json/JsonExceptionTest.java]" classname="jmri.util.FileLineEndingsTest" time="0"/>
  <testcase name="lineEndings[./java/test/jmri/server/json/PackageTest.java]" classname="jmri.util.FileLineEndingsTest" time="0.001"/>
  <testcase name="lineEndings[./java/test/jmri/server/json/JsonWebSocketTest.java]" classname="jmri.util.FileLineEndingsTest" time="0.001"/>
  <testcase name="lineEndings[./java/test/jmri/server/json/route/JsonRouteHttpServiceTest.java]" classname="jmri.util.FileLineEndingsTest" time="0.001"/>
  <testcase name="lineEndings[./java/test/jmri/server/json/route/BundleTest.java]" classname="jmri.util.FileLineEndingsTest" time="0.001"/>
  <testcase name="lineEndings[./java/test/jmri/server/json/route/PackageTest.java]" classname="jmri.util.FileLineEndingsTest" time="0.001"/>
  <testcase name="lineEndings[./java/test/jmri/server/json/route/JsonRouteSocketServiceTest.java]" classname="jmri.util.FileLineEndingsTest" time="0"/>
  <testcase name="lineEndings[./java/test/jmri/server/json/JsonClientHandlerTest.java]" classname="jmri.util.FileLineEndingsTest" time="0.001"/>
  <testcase name="lineEndings[./java/test/jmri/server/json/JsonTestServiceFactory.java]" classname="jmri.util.FileLineEndingsTest" time="0.001"/>
  <testcase name="lineEndings[./java/test/jmri/server/json/JsonHttpServiceTest.java]" classname="jmri.util.FileLineEndingsTest" time="0.001"/>
  <testcase name="lineEndings[./java/test/jmri/server/json/BundleTest.java]" classname="jmri.util.FileLineEndingsTest" time="0.001"/>
  <testcase name="lineEndings[./java/test/jmri/server/json/JsonTestHttpService.java]" classname="jmri.util.FileLineEndingsTest" time="0.001"/>
  <testcase name="lineEndings[./java/test/jmri/server/json/signalHead/BundleTest.java]" classname="jmri.util.FileLineEndingsTest" time="0"/>
  <testcase name="lineEndings[./java/test/jmri/server/json/signalHead/JsonSignalHeadHttpServiceTest.java]" classname="jmri.util.FileLineEndingsTest" time="0"/>
  <testcase name="lineEndings[./java/test/jmri/server/json/signalHead/JsonSignalHeadSocketServiceTest.java]" classname="jmri.util.FileLineEndingsTest" time="0.001"/>
  <testcase name="lineEndings[./java/test/jmri/server/json/signalHead/PackageTest.java]" classname="jmri.util.FileLineEndingsTest" time="0.001"/>
  <testcase name="lineEndings[./java/test/jmri/server/json/signalHead/JsonSignalHeadTest.java]" classname="jmri.util.FileLineEndingsTest" time="0.001"/>
  <testcase name="lineEndings[./java/test/jmri/server/json/JsonSocketServiceTest.java]" classname="jmri.util.FileLineEndingsTest" time="0.001"/>
  <testcase name="lineEndings[./java/test/jmri/server/web/app/JsonMenuItemTest.java]" classname="jmri.util.FileLineEndingsTest" time="0.001"/>
  <testcase name="lineEndings[./java/test/jmri/server/web/app/WebAppConfigurationTest.java]" classname="jmri.util.FileLineEndingsTest" time="0"/>
  <testcase name="lineEndings[./java/test/jmri/server/web/app/JsonManifestTest.java]" classname="jmri.util.FileLineEndingsTest" time="0.001"/>
  <testcase name="lineEndings[./java/test/jmri/server/web/app/BundleTest.java]" classname="jmri.util.FileLineEndingsTest" time="0.001"/>
  <testcase name="lineEndings[./java/test/jmri/server/web/app/WebAppServletTest.java]" classname="jmri.util.FileLineEndingsTest" time="0.001"/>
  <testcase name="lineEndings[./java/test/jmri/server/web/app/PackageTest.java]" classname="jmri.util.FileLineEndingsTest" time="0.001"/>
  <testcase name="lineEndings[./java/test/jmri/server/web/app/WebAppManagerTest.java]" classname="jmri.util.FileLineEndingsTest" time="0.001"/>
  <testcase name="lineEndings[./java/test/jmri/server/web/spi/PackageTest.java]" classname="jmri.util.FileLineEndingsTest" time="0"/>
  <testcase name="lineEndings[./java/test/jmri/server/web/spi/AngularRouteTest.java]" classname="jmri.util.FileLineEndingsTest" time="0.001"/>
  <testcase name="lineEndings[./java/test/jmri/server/web/spi/WebServerConfigurationTest.java]" classname="jmri.util.FileLineEndingsTest" time="0.001"/>
  <testcase name="lineEndings[./java/test/jmri/server/web/DefaultWebServerConfigurationTest.java]" classname="jmri.util.FileLineEndingsTest" time="0.001"/>
  <testcase name="lineEndings[./java/test/jmri/server/web/PackageTest.java]" classname="jmri.util.FileLineEndingsTest" time="0.001"/>
  <testcase name="lineEndings[./java/test/jmri/server/web/BundleTest.java]" classname="jmri.util.FileLineEndingsTest" time="0.001"/>
  <testcase name="lineEndings[./java/test/jmri/server/web/AbstractWebServerConfigurationTest.java]" classname="jmri.util.FileLineEndingsTest" time="0"/>
  <testcase name="lineEndings[./java/test/jmri/server/PackageTest.java]" classname="jmri.util.FileLineEndingsTest" time="0.001"/>
  <testcase name="lineEndings[./java/test/jmri/server/BundleTest.java]" classname="jmri.util.FileLineEndingsTest" time="0.001"/>
  <testcase name="lineEndings[./java/test/jmri/PathTest.java]" classname="jmri.util.FileLineEndingsTest" time="0.001"/>
  <testcase name="lineEndings[./java/test/jmri/beans/UnboundBeanTest.java]" classname="jmri.util.FileLineEndingsTest" time="0.001"/>
  <testcase name="lineEndings[./java/test/jmri/beans/ArbitraryPropertySupportTest.java]" classname="jmri.util.FileLineEndingsTest" time="0.001"/>
  <testcase name="lineEndings[./java/test/jmri/beans/PackageTest.java]" classname="jmri.util.FileLineEndingsTest" time="0"/>
  <testcase name="lineEndings[./java/test/jmri/beans/ConstrainedArbitraryBeanTest.java]" classname="jmri.util.FileLineEndingsTest" time="0.001"/>
  <testcase name="lineEndings[./java/test/jmri/beans/BeansTest.java]" classname="jmri.util.FileLineEndingsTest" time="0.001"/>
  <testcase name="lineEndings[./java/test/jmri/beans/UnboundArbitraryBeanTest.java]" classname="jmri.util.FileLineEndingsTest" time="0.001"/>
  <testcase name="lineEndings[./java/test/jmri/implementation/NoFeedbackTurnoutOperatorTest.java]" classname="jmri.util.FileLineEndingsTest" time="0.001"/>
  <testcase name="lineEndings[./java/test/jmri/implementation/AddressedHighCvProgrammerFacadeTest.java]" classname="jmri.util.FileLineEndingsTest" time="0.001"/>
  <testcase name="lineEndings[./java/test/jmri/implementation/VirtualSignalMastTest.java]" classname="jmri.util.FileLineEndingsTest" time="0"/>
  <testcase name="lineEndings[./java/test/jmri/implementation/DefaultRailComTest.java]" classname="jmri.util.FileLineEndingsTest" time="0"/>
  <testcase name="lineEndings[./java/test/jmri/implementation/AbstractSensorTest.java]" classname="jmri.util.FileLineEndingsTest" time="0.001"/>
  <testcase name="lineEndings[./java/test/jmri/implementation/AbstractMultiMeterTestBase.java]" classname="jmri.util.FileLineEndingsTest" time="0.001"/>
  <testcase name="lineEndings[./java/test/jmri/implementation/DefaultIdTagTest.java]" classname="jmri.util.FileLineEndingsTest" time="0.001"/>
  <testcase name="lineEndings[./java/test/jmri/implementation/configurexml/TripleTurnoutSignalHeadXmlTest.java]" classname="jmri.util.FileLineEndingsTest" time="0.001"/>
  <testcase name="lineEndings[./java/test/jmri/implementation/configurexml/TripleOutputSignalHeadXmlTest.java]" classname="jmri.util.FileLineEndingsTest" time="0.001"/>
  <testcase name="lineEndings[./java/test/jmri/implementation/configurexml/SE8cSignalHeadXmlTest.java]" classname="jmri.util.FileLineEndingsTest" time="0"/>
  <testcase name="lineEndings[./java/test/jmri/implementation/configurexml/VirtualSignalHeadXmlTest.java]" classname="jmri.util.FileLineEndingsTest" time="0.001"/>
  <testcase name="lineEndings[./java/test/jmri/implementation/configurexml/QuadOutputSignalHeadXmlTest.java]" classname="jmri.util.FileLineEndingsTest" time="0.001"/>
  <testcase name="lineEndings[./java/test/jmri/implementation/configurexml/MatrixSignalMastXmlTest.java]" classname="jmri.util.FileLineEndingsTest" time="0.001"/>
  <testcase name="lineEndings[./java/test/jmri/implementation/configurexml/DoubleTurnoutSignalHeadXmlTest.java]" classname="jmri.util.FileLineEndingsTest" time="0.001"/>
  <testcase name="lineEndings[./java/test/jmri/implementation/configurexml/SignalHeadSignalMastXmlTest.java]" classname="jmri.util.FileLineEndingsTest" time="0"/>
  <testcase name="lineEndings[./java/test/jmri/implementation/configurexml/LsDecSignalHeadXmlTest.java]" classname="jmri.util.FileLineEndingsTest" time="0"/>
  <testcase name="lineEndings[./java/test/jmri/implementation/configurexml/TurnoutSignalMastXmlTest.java]" classname="jmri.util.FileLineEndingsTest" time="0.001"/>
  <testcase name="lineEndings[./java/test/jmri/implementation/configurexml/PackageTest.java]" classname="jmri.util.FileLineEndingsTest" time="0.001"/>
  <testcase name="lineEndings[./java/test/jmri/implementation/configurexml/VirtualSignalMastXmlTest.java]" classname="jmri.util.FileLineEndingsTest" time="0.001"/>
  <testcase name="lineEndings[./java/test/jmri/implementation/configurexml/DccSignalMastXmlTest.java]" classname="jmri.util.FileLineEndingsTest" time="0.001"/>
  <testcase name="lineEndings[./java/test/jmri/implementation/configurexml/DccSignalHeadXmlTest.java]" classname="jmri.util.FileLineEndingsTest" time="0"/>
  <testcase name="lineEndings[./java/test/jmri/implementation/configurexml/SingleTurnoutSignalHeadXmlTest.java]" classname="jmri.util.FileLineEndingsTest" time="0.001"/>
  <testcase name="lineEndings[./java/test/jmri/implementation/configurexml/MergSD2SignalHeadXmlTest.java]" classname="jmri.util.FileLineEndingsTest" time="0.001"/>
  <testcase name="lineEndings[./java/test/jmri/implementation/VerifyWriteProgrammerFacadeTest.java]" classname="jmri.util.FileLineEndingsTest" time="0.001"/>
  <testcase name="lineEndings[./java/test/jmri/implementation/SignalHeadSignalMastTest.java]" classname="jmri.util.FileLineEndingsTest" time="0.001"/>
  <testcase name="lineEndings[./java/test/jmri/implementation/TurnoutSignalMastTest.java]" classname="jmri.util.FileLineEndingsTest" time="0.001"/>
  <testcase name="lineEndings[./java/test/jmri/implementation/NmraConsistTest.java]" classname="jmri.util.FileLineEndingsTest" time="0"/>
  <testcase name="lineEndings[./java/test/jmri/implementation/DoubleTurnoutSignalHeadTest.java]" classname="jmri.util.FileLineEndingsTest" time="0"/>
  <testcase name="lineEndings[./java/test/jmri/implementation/JmriMemoryPropertyListenerTest.java]" classname="jmri.util.FileLineEndingsTest" time="0.001"/>
  <testcase name="lineEndings[./java/test/jmri/implementation/ReporterTest.java]" classname="jmri.util.FileLineEndingsTest" time="0.001"/>
  <testcase name="lineEndings[./java/test/jmri/implementation/SingleTurnoutSignalHeadTest.java]" classname="jmri.util.FileLineEndingsTest" time="0.001"/>
  <testcase name="lineEndings[./java/test/jmri/implementation/TwoIndexTcsProgrammerFacadeTest.java]" classname="jmri.util.FileLineEndingsTest" time="0.001"/>
  <testcase name="lineEndings[./java/test/jmri/implementation/DefaultClockControlTest.java]" classname="jmri.util.FileLineEndingsTest" time="0.001"/>
  <testcase name="lineEndings[./java/test/jmri/implementation/DefaultConditionalTest.java]" classname="jmri.util.FileLineEndingsTest" time="0"/>
  <testcase name="lineEndings[./java/test/jmri/implementation/TripleTurnoutSignalHeadTest.java]" classname="jmri.util.FileLineEndingsTest" time="0.001"/>
  <testcase name="lineEndings[./java/test/jmri/implementation/SE8cSignalHeadTest.java]" classname="jmri.util.FileLineEndingsTest" time="0.001"/>
  <testcase name="lineEndings[./java/test/jmri/implementation/DccSignalHeadTest.java]" classname="jmri.util.FileLineEndingsTest" time="0.001"/>
  <testcase name="lineEndings[./java/test/jmri/implementation/AbstractLightTestBase.java]" classname="jmri.util.FileLineEndingsTest" time="0.001"/>
  <testcase name="lineEndings[./java/test/jmri/implementation/ProgrammerFacadeSelectorTest.java]" classname="jmri.util.FileLineEndingsTest" time="0.001"/>
  <testcase name="lineEndings[./java/test/jmri/implementation/swing/PackageTest.java]" classname="jmri.util.FileLineEndingsTest" time="0"/>
  <testcase name="lineEndings[./java/test/jmri/implementation/swing/BundleTest.java]" classname="jmri.util.FileLineEndingsTest" time="0.001"/>
  <testcase name="lineEndings[./java/test/jmri/implementation/swing/SwingShutDownTaskDemo.java]" classname="jmri.util.FileLineEndingsTest" time="0.001"/>
  <testcase name="lineEndings[./java/test/jmri/implementation/swing/SwingShutDownTaskTest.java]" classname="jmri.util.FileLineEndingsTest" time="0.001"/>
  <testcase name="lineEndings[./java/test/jmri/implementation/SignalSystemFileCheckTest.java]" classname="jmri.util.FileLineEndingsTest" time="0.001"/>
  <testcase name="lineEndings[./java/test/jmri/implementation/DefaultSignalGroupTest.java]" classname="jmri.util.FileLineEndingsTest" time="0.001"/>
  <testcase name="lineEndings[./java/test/jmri/implementation/LsDecSignalHeadTest.java]" classname="jmri.util.FileLineEndingsTest" time="0"/>
  <testcase name="lineEndings[./java/test/jmri/implementation/SensorTurnoutOperatorTest.java]" classname="jmri.util.FileLineEndingsTest" time="0.001"/>
  <testcase name="lineEndings[./java/test/jmri/implementation/SignalSpeedMapTest.java]" classname="jmri.util.FileLineEndingsTest" time="0.001"/>
  <testcase name="lineEndings[./java/test/jmri/implementation/PackageTest.java]" classname="jmri.util.FileLineEndingsTest" time="0.001"/>
  <testcase name="lineEndings[./java/test/jmri/implementation/RouteTest.java]" classname="jmri.util.FileLineEndingsTest" time="0.001"/>
  <testcase name="lineEndings[./java/test/jmri/implementation/JmriConfigurationManagerTest.java]" classname="jmri.util.FileLineEndingsTest" time="0.001"/>
  <testcase name="lineEndings[./java/test/jmri/implementation/DefaultSignalMastLogicTest.java]" classname="jmri.util.FileLineEndingsTest" time="0"/>
  <testcase name="lineEndings[./java/test/jmri/implementation/AbstractSignalHeadTestBase.java]" classname="jmri.util.FileLineEndingsTest" time="0.001"/>
  <testcase name="lineEndings[./java/test/jmri/implementation/AbstractRailComReporterTest.java]" classname="jmri.util.FileLineEndingsTest" time="0.001"/>
  <testcase name="lineEndings[./java/test/jmri/implementation/ResettingOffsetHighCvProgrammerFacadeTest.java]" classname="jmri.util.FileLineEndingsTest" time="0.001"/>
  <testcase name="lineEndings[./java/test/jmri/implementation/DccConsistTest.java]" classname="jmri.util.FileLineEndingsTest" time="0.001"/>
  <testcase name="lineEndings[./java/test/jmri/implementation/DefaultConditionalActionTest.java]" classname="jmri.util.FileLineEndingsTest" time="0.001"/>
  <testcase name="lineEndings[./java/test/jmri/implementation/DefaultMemoryTest.java]" classname="jmri.util.FileLineEndingsTest" time="0"/>
  <testcase name="lineEndings[./java/test/jmri/implementation/MatrixSignalMastTest.java]" classname="jmri.util.FileLineEndingsTest" time="0.001"/>
  <testcase name="lineEndings[./java/test/jmri/implementation/AbstractConsistManagerTestBase.java]" classname="jmri.util.FileLineEndingsTest" time="0.001"/>
  <testcase name="lineEndings[./java/test/jmri/implementation/LightControlTest.java]" classname="jmri.util.FileLineEndingsTest" time="0.001"/>
  <testcase name="lineEndings[./java/test/jmri/implementation/NamedBeanTest.java]" classname="jmri.util.FileLineEndingsTest" time="0.001"/>
  <testcase name="lineEndings[./java/test/jmri/implementation/DefaultLogixTest.java]" classname="jmri.util.FileLineEndingsTest" time="0.001"/>
  <testcase name="lineEndings[./java/test/jmri/implementation/DccConsistManagerTest.java]" classname="jmri.util.FileLineEndingsTest" time="0"/>
  <testcase name="lineEndings[./java/test/jmri/implementation/RawTurnoutOperatorTest.java]" classname="jmri.util.FileLineEndingsTest" time="0.001"/>
  <testcase name="lineEndings[./java/test/jmri/implementation/VirtualSignalHeadTest.java]" classname="jmri.util.FileLineEndingsTest" time="0.001"/>
  <testcase name="lineEndings[./java/test/jmri/implementation/AccessoryOpsModeProgrammerFacadeTest.java]" classname="jmri.util.FileLineEndingsTest" time="0.001"/>
  <testcase name="lineEndings[./java/test/jmri/implementation/DefaultSignalSystemTest.java]" classname="jmri.util.FileLineEndingsTest" time="0.001"/>
  <testcase name="lineEndings[./java/test/jmri/implementation/MergSD2SignalHeadTest.java]" classname="jmri.util.FileLineEndingsTest" time="0.001"/>
  <testcase name="lineEndings[./java/test/jmri/implementation/SignalMastRepeaterTest.java]" classname="jmri.util.FileLineEndingsTest" time="0"/>
  <testcase name="lineEndings[./java/test/jmri/implementation/JmriSimplePropertyListenerTest.java]" classname="jmri.util.FileLineEndingsTest" time="0.001"/>
  <testcase name="lineEndings[./java/test/jmri/implementation/OffsetHighCvProgrammerFacadeTest.java]" classname="jmri.util.FileLineEndingsTest" time="0.001"/>
  <testcase name="lineEndings[./java/test/jmri/implementation/TripleOutputSignalHeadTest.java]" classname="jmri.util.FileLineEndingsTest" time="0.001"/>
  <testcase name="lineEndings[./java/test/jmri/implementation/AbstractTurnoutTestBase.java]" classname="jmri.util.FileLineEndingsTest" time="0.001"/>
  <testcase name="lineEndings[./java/test/jmri/implementation/DefaultSignalAppearanceMapTest.java]" classname="jmri.util.FileLineEndingsTest" time="0.001"/>
  <testcase name="lineEndings[./java/test/jmri/implementation/JmriMultiStatePropertyListenerTest.java]" classname="jmri.util.FileLineEndingsTest" time="0"/>
  <testcase name="lineEndings[./java/test/jmri/implementation/BundleTest.java]" classname="jmri.util.FileLineEndingsTest" time="0.001"/>
  <testcase name="lineEndings[./java/test/jmri/implementation/FileLocationsPreferencesTest.java]" classname="jmri.util.FileLineEndingsTest" time="0.001"/>
  <testcase name="lineEndings[./java/test/jmri/implementation/DefaultRouteTest.java]" classname="jmri.util.FileLineEndingsTest" time="0.001"/>
  <testcase name="lineEndings[./java/test/jmri/implementation/QuadOutputSignalHeadTest.java]" classname="jmri.util.FileLineEndingsTest" time="0.001"/>
  <testcase name="lineEndings[./java/test/jmri/implementation/MultiIndexProgrammerFacadeTest.java]" classname="jmri.util.FileLineEndingsTest" time="0.001"/>
  <testcase name="lineEndings[./java/test/jmri/implementation/DccSignalMastTest.java]" classname="jmri.util.FileLineEndingsTest" time="0"/>
  <testcase name="lineEndings[./java/test/jmri/implementation/OpsModeDelayedProgrammerFacadeTest.java]" classname="jmri.util.FileLineEndingsTest" time="0.001"/>
  <testcase name="lineEndings[./java/test/jmri/implementation/SensorGroupConditionalTest.java]" classname="jmri.util.FileLineEndingsTest" time="0.001"/>
  <testcase name="lineEndings[./java/test/jmri/implementation/AbstractConsistTestBase.java]" classname="jmri.util.FileLineEndingsTest" time="0.001"/>
  <testcase name="lineEndings[./java/test/jmri/implementation/SignalSystemTestUtil.java]" classname="jmri.util.FileLineEndingsTest" time="0.001"/>
  <testcase name="lineEndings[./java/test/jmri/implementation/NmraConsistManagerTest.java]" classname="jmri.util.FileLineEndingsTest" time="0.001"/>
  <testcase name="lineEndings[./java/test/jmri/implementation/JmriTwoStatePropertyListenerTest.java]" classname="jmri.util.FileLineEndingsTest" time="0.001"/>
  <testcase name="lineEndings[./java/test/jmri/implementation/AbstractInstanceInitializerTest.java]" classname="jmri.util.FileLineEndingsTest" time="0.001"/>
  <testcase name="lineEndings[./java/test/jmri/implementation/JmriClockPropertyListenerTest.java]" classname="jmri.util.FileLineEndingsTest" time="0"/>
  <testcase name="lineEndings[./java/test/jmri/jmris/BundleTest.java]" classname="jmri.util.FileLineEndingsTest" time="0"/>
  <testcase name="lineEndings[./java/test/jmri/jmris/srcp/BundleTest.java]" classname="jmri.util.FileLineEndingsTest" time="0.001"/>
  <testcase name="lineEndings[./java/test/jmri/jmris/srcp/parser/SRCPTokenizerTest.java]" classname="jmri.util.FileLineEndingsTest" time="0.001"/>
  <testcase name="lineEndings[./java/test/jmri/jmris/srcp/parser/PackageTest.java]" classname="jmri.util.FileLineEndingsTest" time="0.001"/>
  <testcase name="lineEndings[./java/test/jmri/jmris/srcp/parser/SRCPParserTest.java]" classname="jmri.util.FileLineEndingsTest" time="0.001"/>
  <testcase name="lineEndings[./java/test/jmri/jmris/srcp/parser/SRCPVisitorTest.java]" classname="jmri.util.FileLineEndingsTest" time="0.001"/>
  <testcase name="lineEndings[./java/test/jmri/jmris/srcp/JmriSRCPServerFrameTest.java]" classname="jmri.util.FileLineEndingsTest" time="0"/>
  <testcase name="lineEndings[./java/test/jmri/jmris/srcp/JmriSRCPServiceHandlerTest.java]" classname="jmri.util.FileLineEndingsTest" time="0"/>
  <testcase name="lineEndings[./java/test/jmri/jmris/srcp/TimeStampedOutputTest.java]" classname="jmri.util.FileLineEndingsTest" time="0.001"/>
  <testcase name="lineEndings[./java/test/jmri/jmris/srcp/JmriSRCPServerPreferencesTest.java]" classname="jmri.util.FileLineEndingsTest" time="0.001"/>
  <testcase name="lineEndings[./java/test/jmri/jmris/srcp/JmriSRCPServerManagerTest.java]" classname="jmri.util.FileLineEndingsTest" time="0.001"/>
  <testcase name="lineEndings[./java/test/jmri/jmris/srcp/JmriSRCPThrottleServerTest.java]" classname="jmri.util.FileLineEndingsTest" time="0.001"/>
  <testcase name="lineEndings[./java/test/jmri/jmris/srcp/PackageTest.java]" classname="jmri.util.FileLineEndingsTest" time="0"/>
  <testcase name="lineEndings[./java/test/jmri/jmris/srcp/JmriSRCPTurnoutServerTest.java]" classname="jmri.util.FileLineEndingsTest" time="0"/>
  <testcase name="lineEndings[./java/test/jmri/jmris/srcp/JmriSRCPSensorServerTest.java]" classname="jmri.util.FileLineEndingsTest" time="0.001"/>
  <testcase name="lineEndings[./java/test/jmri/jmris/srcp/JmriSRCPServerActionTest.java]" classname="jmri.util.FileLineEndingsTest" time="0.001"/>
  <testcase name="lineEndings[./java/test/jmri/jmris/srcp/JmriSRCPProgrammerServerTest.java]" classname="jmri.util.FileLineEndingsTest" time="0.001"/>
  <testcase name="lineEndings[./java/test/jmri/jmris/srcp/JmriSRCPPowerServerTest.java]" classname="jmri.util.FileLineEndingsTest" time="0.001"/>
  <testcase name="lineEndings[./java/test/jmri/jmris/srcp/JmriSRCPServerPreferencesPanelTest.java]" classname="jmri.util.FileLineEndingsTest" time="0"/>
  <testcase name="lineEndings[./java/test/jmri/jmris/srcp/JmriSRCPServerTest.java]" classname="jmri.util.FileLineEndingsTest" time="0.001"/>
  <testcase name="lineEndings[./java/test/jmri/jmris/srcp/JmriSRCPTimeServerTest.java]" classname="jmri.util.FileLineEndingsTest" time="0.001"/>
  <testcase name="lineEndings[./java/test/jmri/jmris/srcp/JmriSRCPServerMenuTest.java]" classname="jmri.util.FileLineEndingsTest" time="0.001"/>
  <testcase name="lineEndings[./java/test/jmri/jmris/simpleserver/SimpleReporterServerTest.java]" classname="jmri.util.FileLineEndingsTest" time="0.001"/>
  <testcase name="lineEndings[./java/test/jmri/jmris/simpleserver/parser/PackageTest.java]" classname="jmri.util.FileLineEndingsTest" time="0.001"/>
  <testcase name="lineEndings[./java/test/jmri/jmris/simpleserver/parser/SimpleVisitorTest.java]" classname="jmri.util.FileLineEndingsTest" time="0.001"/>
  <testcase name="lineEndings[./java/test/jmri/jmris/simpleserver/parser/JmriServerTokenizerTest.java]" classname="jmri.util.FileLineEndingsTest" time="0"/>
  <testcase name="lineEndings[./java/test/jmri/jmris/simpleserver/parser/JmriServerParserTest.java]" classname="jmri.util.FileLineEndingsTest" time="0.001"/>
  <testcase name="lineEndings[./java/test/jmri/jmris/simpleserver/SimpleServerActionTest.java]" classname="jmri.util.FileLineEndingsTest" time="0.001"/>
  <testcase name="lineEndings[./java/test/jmri/jmris/simpleserver/SimpleServerMenuTest.java]" classname="jmri.util.FileLineEndingsTest" time="0.001"/>
  <testcase name="lineEndings[./java/test/jmri/jmris/simpleserver/SimplePowerServerTest.java]" classname="jmri.util.FileLineEndingsTest" time="0"/>
  <testcase name="lineEndings[./java/test/jmri/jmris/simpleserver/PackageTest.java]" classname="jmri.util.FileLineEndingsTest" time="0.001"/>
  <testcase name="lineEndings[./java/test/jmri/jmris/simpleserver/SimpleServerPreferencesTest.java]" classname="jmri.util.FileLineEndingsTest" time="0.001"/>
  <testcase name="lineEndings[./java/test/jmri/jmris/simpleserver/SimpleServerManagerTest.java]" classname="jmri.util.FileLineEndingsTest" time="0.001"/>
  <testcase name="lineEndings[./java/test/jmri/jmris/simpleserver/SimpleSensorServerTest.java]" classname="jmri.util.FileLineEndingsTest" time="0"/>
  <testcase name="lineEndings[./java/test/jmri/jmris/simpleserver/SimpleOperationsServerTest.java]" classname="jmri.util.FileLineEndingsTest" time="0.001"/>
  <testcase name="lineEndings[./java/test/jmri/jmris/simpleserver/SimpleTurnoutServerTest.java]" classname="jmri.util.FileLineEndingsTest" time="0.001"/>
  <testcase name="lineEndings[./java/test/jmri/jmris/simpleserver/SimpleServerFrameTest.java]" classname="jmri.util.FileLineEndingsTest" time="0.001"/>
  <testcase name="lineEndings[./java/test/jmri/jmris/simpleserver/SimpleLightServerTest.java]" classname="jmri.util.FileLineEndingsTest" time="0"/>
  <testcase name="lineEndings[./java/test/jmri/jmris/simpleserver/BundleTest.java]" classname="jmri.util.FileLineEndingsTest" time="0.001"/>
  <testcase name="lineEndings[./java/test/jmri/jmris/simpleserver/SimpleSignalHeadServerTest.java]" classname="jmri.util.FileLineEndingsTest" time="0.001"/>
  <testcase name="lineEndings[./java/test/jmri/jmris/simpleserver/SimpleServerTest.java]" classname="jmri.util.FileLineEndingsTest" time="0.001"/>
  <testcase name="lineEndings[./java/test/jmri/jmris/simpleserver/SimpleServerPreferencesPanelTest.java]" classname="jmri.util.FileLineEndingsTest" time="0"/>
  <testcase name="lineEndings[./java/test/jmri/jmris/json/JsonServerTest.java]" classname="jmri.util.FileLineEndingsTest" time="0.001"/>
  <testcase name="lineEndings[./java/test/jmri/jmris/json/JsonServerPreferencesTest.java]" classname="jmri.util.FileLineEndingsTest" time="0.001"/>
  <testcase name="lineEndings[./java/test/jmri/jmris/json/JsonProgrammerServerTest.java]" classname="jmri.util.FileLineEndingsTest" time="0.001"/>
  <testcase name="lineEndings[./java/test/jmri/jmris/json/BundleTest.java]" classname="jmri.util.FileLineEndingsTest" time="0"/>
  <testcase name="lineEndings[./java/test/jmri/jmris/json/JsonServerPreferencesPanelTest.java]" classname="jmri.util.FileLineEndingsTest" time="0.001"/>
  <testcase name="lineEndings[./java/test/jmri/jmris/json/PackageTest.java]" classname="jmri.util.FileLineEndingsTest" time="0.001"/>
  <testcase name="lineEndings[./java/test/jmri/jmris/json/JsonServerActionTest.java]" classname="jmri.util.FileLineEndingsTest" time="0.001"/>
  <testcase name="lineEndings[./java/test/jmri/jmris/AbstractRouteServerTest.java]" classname="jmri.util.FileLineEndingsTest" time="0"/>
  <testcase name="lineEndings[./java/test/jmri/jmris/JmriConnectionTest.java]" classname="jmri.util.FileLineEndingsTest" time="0.001"/>
  <testcase name="lineEndings[./java/test/jmri/jmris/ServerMenuTest.java]" classname="jmri.util.FileLineEndingsTest" time="0.001"/>
  <testcase name="lineEndings[./java/test/jmri/jmris/PackageTest.java]" classname="jmri.util.FileLineEndingsTest" time="0.001"/>
  <testcase name="lineEndings[./java/test/jmri/jmris/AbstractLightServerTestBase.java]" classname="jmri.util.FileLineEndingsTest" time="0"/>
  <testcase name="lineEndings[./java/test/jmri/jmris/JmriServerFrameTest.java]" classname="jmri.util.FileLineEndingsTest" time="0.001"/>
  <testcase name="lineEndings[./java/test/jmri/jmris/AbstractSignalMastServerTest.java]" classname="jmri.util.FileLineEndingsTest" time="0.001"/>
  <testcase name="lineEndings[./java/test/jmri/jmris/JmriConnectionScaffold.java]" classname="jmri.util.FileLineEndingsTest" time="0"/>
  <testcase name="lineEndings[./java/test/jmri/jmris/JmriServerActionTest.java]" classname="jmri.util.FileLineEndingsTest" time="0.001"/>
  <testcase name="lineEndings[./java/test/jmri/jmris/ServiceHandlerTest.java]" classname="jmri.util.FileLineEndingsTest" time="0.001"/>
  <testcase name="lineEndings[./java/test/jmri/jmris/AbstractTimeServerTestBase.java]" classname="jmri.util.FileLineEndingsTest" time="0.001"/>
  <testcase name="lineEndings[./java/test/jmri/jmris/JmriServerTest.java]" classname="jmri.util.FileLineEndingsTest" time="0"/>
  <testcase name="lineEndings[./java/test/jmri/configurexml/StoreXmlAllActionTest.java]" classname="jmri.util.FileLineEndingsTest" time="0"/>
  <testcase name="lineEndings[./java/test/jmri/configurexml/SaveMenuTest.java]" classname="jmri.util.FileLineEndingsTest" time="0.001"/>
  <testcase name="lineEndings[./java/test/jmri/configurexml/swing/DialogErrorHandlerTest.java]" classname="jmri.util.FileLineEndingsTest" time="0.001"/>
  <testcase name="lineEndings[./java/test/jmri/configurexml/swing/PackageTest.java]" classname="jmri.util.FileLineEndingsTest" time="0"/>
  <testcase name="lineEndings[./java/test/jmri/configurexml/turnoutoperations/RawTurnoutOperationXmlTest.java]" classname="jmri.util.FileLineEndingsTest" time="0.001"/>
  <testcase name="lineEndings[./java/test/jmri/configurexml/turnoutoperations/SensorTurnoutOperationXmlTest.java]" classname="jmri.util.FileLineEndingsTest" time="0.001"/>
  <testcase name="lineEndings[./java/test/jmri/configurexml/turnoutoperations/NoFeedbackTurnoutOperationXmlTest.java]" classname="jmri.util.FileLineEndingsTest" time="0.001"/>
  <testcase name="lineEndings[./java/test/jmri/configurexml/turnoutoperations/PackageTest.java]" classname="jmri.util.FileLineEndingsTest" time="0"/>
  <testcase name="lineEndings[./java/test/jmri/configurexml/DefaultJavaBeanConfigXMLTest.java]" classname="jmri.util.FileLineEndingsTest" time="0.001"/>
  <testcase name="lineEndings[./java/test/jmri/configurexml/DefaultClassMigrationTest.java]" classname="jmri.util.FileLineEndingsTest" time="0.001"/>
  <testcase name="lineEndings[./java/test/jmri/configurexml/SectionManagerXmlTest.java]" classname="jmri.util.FileLineEndingsTest" time="0.001"/>
  <testcase name="lineEndings[./java/test/jmri/configurexml/LoadAndStoreTestBase.java]" classname="jmri.util.FileLineEndingsTest" time="0"/>
  <testcase name="lineEndings[./java/test/jmri/configurexml/LoadAndStoreTest.java]" classname="jmri.util.FileLineEndingsTest" time="0"/>
  <testcase name="lineEndings[./java/test/jmri/configurexml/DccLocoAddressXmlTest.java]" classname="jmri.util.FileLineEndingsTest" time="0.001"/>
  <testcase name="lineEndings[./java/test/jmri/configurexml/StoreXmlUserActionTest.java]" classname="jmri.util.FileLineEndingsTest" time="0.001"/>
  <testcase name="lineEndings[./java/test/jmri/configurexml/PackageTest.java]" classname="jmri.util.FileLineEndingsTest" time="0"/>
  <testcase name="lineEndings[./java/test/jmri/configurexml/ErrorMemoTest.java]" classname="jmri.util.FileLineEndingsTest" time="0.001"/>
  <testcase name="lineEndings[./java/test/jmri/configurexml/SchemaTestBase.java]" classname="jmri.util.FileLineEndingsTest" time="0.001"/>
  <testcase name="lineEndings[./java/test/jmri/configurexml/BlockManagerXmlTest.java]" classname="jmri.util.FileLineEndingsTest" time="0.001"/>
  <testcase name="lineEndings[./java/test/jmri/configurexml/BundleTest.java]" classname="jmri.util.FileLineEndingsTest" time="0"/>
  <testcase name="lineEndings[./java/test/jmri/configurexml/StoreXmlConfigActionTest.java]" classname="jmri.util.FileLineEndingsTest" time="0.001"/>
  <testcase name="lineEndings[./java/test/jmri/configurexml/ConfigXmlHandleXml.java]" classname="jmri.util.FileLineEndingsTest" time="0.001"/>
  <testcase name="lineEndings[./java/test/jmri/configurexml/LoadAndCheckTest.java]" classname="jmri.util.FileLineEndingsTest" time="0.001"/>
  <testcase name="lineEndings[./java/test/jmri/configurexml/LoadXmlUserActionTest.java]" classname="jmri.util.FileLineEndingsTest" time="0"/>
  <testcase name="lineEndings[./java/test/jmri/configurexml/JmriConfigureXmlExceptionTest.java]" classname="jmri.util.FileLineEndingsTest" time="0.001"/>
  <testcase name="lineEndings[./java/test/jmri/configurexml/TestBean1.java]" classname="jmri.util.FileLineEndingsTest" time="0.001"/>
  <testcase name="lineEndings[./java/test/jmri/configurexml/ErrorHandlerTest.java]" classname="jmri.util.FileLineEndingsTest" time="0.001"/>
  <testcase name="lineEndings[./java/test/jmri/configurexml/LocoAddressXmlTest.java]" classname="jmri.util.FileLineEndingsTest" time="0"/>
  <testcase name="lineEndings[./java/test/jmri/configurexml/TransitManagerXmlTest.java]" classname="jmri.util.FileLineEndingsTest" time="0.001"/>
  <testcase name="lineEndings[./java/test/jmri/configurexml/ConfigXmlManagerTest.java]" classname="jmri.util.FileLineEndingsTest" time="0.001"/>
  <testcase name="lineEndings[./java/test/jmri/configurexml/TurnoutOperationManagerXmlTest.java]" classname="jmri.util.FileLineEndingsTest" time="0.001"/>
  <testcase name="lineEndings[./java/test/jmri/configurexml/ClassMigrationManagerTest.java]" classname="jmri.util.FileLineEndingsTest" time="0"/>
  <testcase name="lineEndings[./java/test/jmri/configurexml/LoadXmlConfigActionTest.java]" classname="jmri.util.FileLineEndingsTest" time="0.001"/>
  <testcase name="lineEndings[./java/test/jmri/configurexml/SchemaTest.java]" classname="jmri.util.FileLineEndingsTest" time="0.001"/>
  <testcase name="lineEndings[./java/test/jmri/VersionTest.java]" classname="jmri.util.FileLineEndingsTest" time="0.001"/>
  <testcase name="lineEndings[./java/test/jmri/profile/ProfileTest.java]" classname="jmri.util.FileLineEndingsTest" time="0"/>
  <testcase name="lineEndings[./java/test/jmri/profile/AddProfileDialogTest.java]" classname="jmri.util.FileLineEndingsTest" time="0.001"/>
  <testcase name="lineEndings[./java/test/jmri/profile/ProfileListCellRendererTest.java]" classname="jmri.util.FileLineEndingsTest" time="0.001"/>
  <testcase name="lineEndings[./java/test/jmri/profile/PackageTest.java]" classname="jmri.util.FileLineEndingsTest" time="0.001"/>
  <testcase name="lineEndings[./java/test/jmri/profile/ProfilePreferencesPanelTest.java]" classname="jmri.util.FileLineEndingsTest" time="0"/>
  <testcase name="lineEndings[./java/test/jmri/profile/ProfileListModelTest.java]" classname="jmri.util.FileLineEndingsTest" time="0.001"/>
  <testcase name="lineEndings[./java/test/jmri/profile/ProfileManagerTest.java]" classname="jmri.util.FileLineEndingsTest" time="0.001"/>
  <testcase name="lineEndings[./java/test/jmri/profile/ProfileTableModelTest.java]" classname="jmri.util.FileLineEndingsTest" time="0"/>
  <testcase name="lineEndings[./java/test/jmri/profile/SearchPathTableModelTest.java]" classname="jmri.util.FileLineEndingsTest" time="0.001"/>
  <testcase name="lineEndings[./java/test/jmri/profile/ProfileConfigurationTest.java]" classname="jmri.util.FileLineEndingsTest" time="0.001"/>
  <testcase name="lineEndings[./java/test/jmri/profile/BundleTest.java]" classname="jmri.util.FileLineEndingsTest" time="0.001"/>
  <testcase name="lineEndings[./java/test/jmri/profile/ProfileUtilsTest.java]" classname="jmri.util.FileLineEndingsTest" time="0"/>
  <testcase name="lineEndings[./java/test/jmri/profile/ProfilePropertiesTest.java]" classname="jmri.util.FileLineEndingsTest" time="0.001"/>
  <testcase name="lineEndings[./java/test/jmri/profile/ProfileFileViewTest.java]" classname="jmri.util.FileLineEndingsTest" time="0.001"/>
  <testcase name="lineEndings[./java/test/jmri/profile/NullProfileTest.java]" classname="jmri.util.FileLineEndingsTest" time="0.001"/>
  <testcase name="lineEndings[./java/test/jmri/profile/ProfileFileFilterTest.java]" classname="jmri.util.FileLineEndingsTest" time="0"/>
  <testcase name="lineEndings[./java/test/jmri/profile/ProfileManagerDialogTest.java]" classname="jmri.util.FileLineEndingsTest" time="0.001"/>
  <testcase name="lineEndings[./java/test/jmri/SchemaTest.java]" classname="jmri.util.FileLineEndingsTest" time="0.001"/>
  <testcase name="lineEndings[./java/test/jmri/TransitSectionTest.java]" classname="jmri.util.FileLineEndingsTest" time="0.001"/>
  <testcase name="lineEndings[./java/test/jmri/plaf/macosx/EawtApplicationTest.java]" classname="jmri.util.FileLineEndingsTest" time="0"/>
  <testcase name="lineEndings[./java/test/jmri/plaf/macosx/Jdk9ApplicationTest.java]" classname="jmri.util.FileLineEndingsTest" time="0.001"/>
  <testcase name="lineEndings[./java/test/jmri/plaf/macosx/PackageTest.java]" classname="jmri.util.FileLineEndingsTest" time="0.001"/>
  <testcase name="lineEndings[./java/test/jmri/plaf/PackageTest.java]" classname="jmri.util.FileLineEndingsTest" time="0"/>
  <testcase name="lineEndings[./java/test/jmri/swing/ConnectionLabelTest.java]" classname="jmri.util.FileLineEndingsTest" time="0.001"/>
  <testcase name="lineEndings[./java/test/jmri/swing/EditableListTest.java]" classname="jmri.util.FileLineEndingsTest" time="0.001"/>
  <testcase name="lineEndings[./java/test/jmri/swing/BundleTest.java]" classname="jmri.util.FileLineEndingsTest" time="0.001"/>
  <testcase name="lineEndings[./java/test/jmri/swing/DefaultEditableListModelTest.java]" classname="jmri.util.FileLineEndingsTest" time="0"/>
  <testcase name="lineEndings[./java/test/jmri/swing/AboutDialogTest.java]" classname="jmri.util.FileLineEndingsTest" time="0.001"/>
  <testcase name="lineEndings[./java/test/jmri/swing/RowSorterUtilTest.java]" classname="jmri.util.FileLineEndingsTest" time="0.001"/>
  <testcase name="lineEndings[./java/test/jmri/swing/DefaultListCellEditorTest.java]" classname="jmri.util.FileLineEndingsTest" time="0.001"/>
  <testcase name="lineEndings[./java/test/jmri/swing/JTitledSeparatorTest.java]" classname="jmri.util.FileLineEndingsTest" time="0"/>
  <testcase name="lineEndings[./java/test/jmri/swing/PackageTest.java]" classname="jmri.util.FileLineEndingsTest" time="0.001"/>
  <testcase name="lineEndings[./java/test/jmri/swing/JmriJTablePersistenceManagerTest.java]" classname="jmri.util.FileLineEndingsTest" time="0.001"/>
  <testcase name="lineEndings[./java/test/jmri/web/servlet/home/PackageTest.java]" classname="jmri.util.FileLineEndingsTest" time="0.001"/>
  <testcase name="lineEndings[./java/test/jmri/web/servlet/home/HomeServletTest.java]" classname="jmri.util.FileLineEndingsTest" time="0"/>
  <testcase name="lineEndings[./java/test/jmri/web/servlet/home/BundleTest.java]" classname="jmri.util.FileLineEndingsTest" time="0.001"/>
  <testcase name="lineEndings[./java/test/jmri/web/servlet/directory/BundleTest.java]" classname="jmri.util.FileLineEndingsTest" time="0.001"/>
  <testcase name="lineEndings[./java/test/jmri/web/servlet/directory/PackageTest.java]" classname="jmri.util.FileLineEndingsTest" time="0.001"/>
  <testcase name="lineEndings[./java/test/jmri/web/servlet/directory/DirectoryHandlerTest.java]" classname="jmri.util.FileLineEndingsTest" time="0"/>
  <testcase name="lineEndings[./java/test/jmri/web/servlet/directory/DirectoryResourceTest.java]" classname="jmri.util.FileLineEndingsTest" time="0.001"/>
  <testcase name="lineEndings[./java/test/jmri/web/servlet/directory/DirectoryServiceTest.java]" classname="jmri.util.FileLineEndingsTest" time="0.001"/>
  <testcase name="lineEndings[./java/test/jmri/web/servlet/simple/BundleTest.java]" classname="jmri.util.FileLineEndingsTest" time="0.001"/>
  <testcase name="lineEndings[./java/test/jmri/web/servlet/simple/PackageTest.java]" classname="jmri.util.FileLineEndingsTest" time="0"/>
  <testcase name="lineEndings[./java/test/jmri/web/servlet/simple/SimpleServletTest.java]" classname="jmri.util.FileLineEndingsTest" time="0.001"/>
  <testcase name="lineEndings[./java/test/jmri/web/servlet/PackageTest.java]" classname="jmri.util.FileLineEndingsTest" time="0.001"/>
  <testcase name="lineEndings[./java/test/jmri/web/servlet/panel/BundleTest.java]" classname="jmri.util.FileLineEndingsTest" time="0.001"/>
  <testcase name="lineEndings[./java/test/jmri/web/servlet/panel/LayoutPanelServletTest.java]" classname="jmri.util.FileLineEndingsTest" time="0"/>
  <testcase name="lineEndings[./java/test/jmri/web/servlet/panel/ControlPanelServletTest.java]" classname="jmri.util.FileLineEndingsTest" time="0.001"/>
  <testcase name="lineEndings[./java/test/jmri/web/servlet/panel/PanelServletTest.java]" classname="jmri.util.FileLineEndingsTest" time="0.001"/>
  <testcase name="lineEndings[./java/test/jmri/web/servlet/panel/SwitchboardServletTest.java]" classname="jmri.util.FileLineEndingsTest" time="0.001"/>
  <testcase name="lineEndings[./java/test/jmri/web/servlet/panel/PackageTest.java]" classname="jmri.util.FileLineEndingsTest" time="0"/>
  <testcase name="lineEndings[./java/test/jmri/web/servlet/config/BundleTest.java]" classname="jmri.util.FileLineEndingsTest" time="0.001"/>
  <testcase name="lineEndings[./java/test/jmri/web/servlet/config/ConfigServletTest.java]" classname="jmri.util.FileLineEndingsTest" time="0.001"/>
  <testcase name="lineEndings[./java/test/jmri/web/servlet/config/PackageTest.java]" classname="jmri.util.FileLineEndingsTest" time="0.001"/>
  <testcase name="lineEndings[./java/test/jmri/web/servlet/roster/PackageTest.java]" classname="jmri.util.FileLineEndingsTest" time="0"/>
  <testcase name="lineEndings[./java/test/jmri/web/servlet/roster/FileMetaTest.java]" classname="jmri.util.FileLineEndingsTest" time="0.001"/>
  <testcase name="lineEndings[./java/test/jmri/web/servlet/roster/MultipartRequestHandlerTest.java]" classname="jmri.util.FileLineEndingsTest" time="0.001"/>
  <testcase name="lineEndings[./java/test/jmri/web/servlet/roster/BundleTest.java]" classname="jmri.util.FileLineEndingsTest" time="0.001"/>
  <testcase name="lineEndings[./java/test/jmri/web/servlet/roster/RosterServletTest.java]" classname="jmri.util.FileLineEndingsTest" time="0"/>
  <testcase name="lineEndings[./java/test/jmri/web/servlet/RedirectionServletTest.java]" classname="jmri.util.FileLineEndingsTest" time="0.001"/>
  <testcase name="lineEndings[./java/test/jmri/web/servlet/ServletUtilTest.java]" classname="jmri.util.FileLineEndingsTest" time="0.001"/>
  <testcase name="lineEndings[./java/test/jmri/web/servlet/json/JsonServletTest.java]" classname="jmri.util.FileLineEndingsTest" time="0.001"/>
  <testcase name="lineEndings[./java/test/jmri/web/servlet/json/PackageTest.java]" classname="jmri.util.FileLineEndingsTest" time="0"/>
  <testcase name="lineEndings[./java/test/jmri/web/servlet/json/BundleTest.java]" classname="jmri.util.FileLineEndingsTest" time="0.001"/>
  <testcase name="lineEndings[./java/test/jmri/web/servlet/frameimage/BundleTest.java]" classname="jmri.util.FileLineEndingsTest" time="0.001"/>
  <testcase name="lineEndings[./java/test/jmri/web/servlet/frameimage/PackageTest.java]" classname="jmri.util.FileLineEndingsTest" time="0.001"/>
  <testcase name="lineEndings[./java/test/jmri/web/servlet/frameimage/JmriJFrameServletTest.java]" classname="jmri.util.FileLineEndingsTest" time="0.001"/>
  <testcase name="lineEndings[./java/test/jmri/web/servlet/about/AboutServletTest.java]" classname="jmri.util.FileLineEndingsTest" time="0.001"/>
  <testcase name="lineEndings[./java/test/jmri/web/servlet/about/PackageTest.java]" classname="jmri.util.FileLineEndingsTest" time="0"/>
  <testcase name="lineEndings[./java/test/jmri/web/servlet/about/BundleTest.java]" classname="jmri.util.FileLineEndingsTest" time="0.001"/>
  <testcase name="lineEndings[./java/test/jmri/web/servlet/operations/HtmlManifestTest.java]" classname="jmri.util.FileLineEndingsTest" time="0.001"/>
  <testcase name="lineEndings[./java/test/jmri/web/servlet/operations/PackageTest.java]" classname="jmri.util.FileLineEndingsTest" time="0.001"/>
  <testcase name="lineEndings[./java/test/jmri/web/servlet/operations/BundleTest.java]" classname="jmri.util.FileLineEndingsTest" time="0.001"/>
  <testcase name="lineEndings[./java/test/jmri/web/servlet/operations/OperationsServletTest.java]" classname="jmri.util.FileLineEndingsTest" time="0.001"/>
  <testcase name="lineEndings[./java/test/jmri/web/servlet/operations/HtmlConductorTest.java]" classname="jmri.util.FileLineEndingsTest" time="0"/>
  <testcase name="lineEndings[./java/test/jmri/web/servlet/operations/HtmlTrainCommonTest.java]" classname="jmri.util.FileLineEndingsTest" time="0.001"/>
  <testcase name="lineEndings[./java/test/jmri/web/servlet/BundleTest.java]" classname="jmri.util.FileLineEndingsTest" time="0.001"/>
  <testcase name="lineEndings[./java/test/jmri/web/servlet/DenialServletTest.java]" classname="jmri.util.FileLineEndingsTest" time="0.001"/>
  <testcase name="lineEndings[./java/test/jmri/web/BundleTest.java]" classname="jmri.util.FileLineEndingsTest" time="0.001"/>
  <testcase name="lineEndings[./java/test/jmri/web/server/WebServerPreferencesPanelTest.java]" classname="jmri.util.FileLineEndingsTest" time="0.001"/>
  <testcase name="lineEndings[./java/test/jmri/web/server/WebServerPreferencesInstanceInitializerTest.java]" classname="jmri.util.FileLineEndingsTest" time="0"/>
  <testcase name="lineEndings[./java/test/jmri/web/server/PackageTest.java]" classname="jmri.util.FileLineEndingsTest" time="0.001"/>
  <testcase name="lineEndings[./java/test/jmri/web/server/WebServerActionTest.java]" classname="jmri.util.FileLineEndingsTest" time="0.001"/>
  <testcase name="lineEndings[./java/test/jmri/web/server/FrameServletPreferencesPanelTest.java]" classname="jmri.util.FileLineEndingsTest" time="0.001"/>
  <testcase name="lineEndings[./java/test/jmri/web/server/WebServerPreferencesTest.java]" classname="jmri.util.FileLineEndingsTest" time="0.001"/>
  <testcase name="lineEndings[./java/test/jmri/web/server/WebServerTest.java]" classname="jmri.util.FileLineEndingsTest" time="0.001"/>
  <testcase name="lineEndings[./java/test/jmri/web/server/BundleTest.java]" classname="jmri.util.FileLineEndingsTest" time="0"/>
  <testcase name="lineEndings[./java/test/jmri/web/server/RailroadNamePreferencesPanelTest.java]" classname="jmri.util.FileLineEndingsTest" time="0.001"/>
  <testcase name="lineEndings[./java/test/jmri/web/PackageTest.java]" classname="jmri.util.FileLineEndingsTest" time="0.001"/>
  <testcase name="lineEndings[./java/test/jmri/PathLengthTest.java]" classname="jmri.util.FileLineEndingsTest" time="0.001"/>
  <testcase name="lineEndings[./java/test/jmri/NamedBeanPropertyDescriptorTest.java]" classname="jmri.util.FileLineEndingsTest" time="0.001"/>
  <testcase name="lineEndings[./java/test/jmri/managers/ProxyLightManagerTest.java]" classname="jmri.util.FileLineEndingsTest" time="0.001"/>
  <testcase name="lineEndings[./java/test/jmri/managers/DefaultShutDownManagerTest.java]" classname="jmri.util.FileLineEndingsTest" time="0"/>
  <testcase name="lineEndings[./java/test/jmri/managers/AbstractManagerTestBase.java]" classname="jmri.util.FileLineEndingsTest" time="0.001"/>
  <testcase name="lineEndings[./java/test/jmri/managers/PackageTest.java]" classname="jmri.util.FileLineEndingsTest" time="0.001"/>
  <testcase name="lineEndings[./java/test/jmri/managers/InternalReporterManagerTest.java]" classname="jmri.util.FileLineEndingsTest" time="0.001"/>
  <testcase name="lineEndings[./java/test/jmri/managers/AbstractProxyManagerTestBase.java]" classname="jmri.util.FileLineEndingsTest" time="0.001"/>
  <testcase name="lineEndings[./java/test/jmri/managers/DeferringProgrammerManagerTest.java]" classname="jmri.util.FileLineEndingsTest" time="0.001"/>
  <testcase name="lineEndings[./java/test/jmri/managers/InternalSensorManagerTest.java]" classname="jmri.util.FileLineEndingsTest" time="0.001"/>
  <testcase name="lineEndings[./java/test/jmri/managers/AbstractTurnoutMgrTestBase.java]" classname="jmri.util.FileLineEndingsTest" time="0.001"/>
  <testcase name="lineEndings[./java/test/jmri/managers/DefaultInstanceInitializerTest.java]" classname="jmri.util.FileLineEndingsTest" time="0"/>
  <testcase name="lineEndings[./java/test/jmri/managers/BundleTest.java]" classname="jmri.util.FileLineEndingsTest" time="0.001"/>
  <testcase name="lineEndings[./java/test/jmri/managers/DefaultSignalMastManagerTest.java]" classname="jmri.util.FileLineEndingsTest" time="0.001"/>
  <testcase name="lineEndings[./java/test/jmri/managers/AbstractReporterMgrTestBase.java]" classname="jmri.util.FileLineEndingsTest" time="0.001"/>
  <testcase name="lineEndings[./java/test/jmri/managers/configurexml/DefaultLogixManagerXmlTest.java]" classname="jmri.util.FileLineEndingsTest" time="0.001"/>
  <testcase name="lineEndings[./java/test/jmri/managers/configurexml/DefaultSignalMastManagerXmlTest.java]" classname="jmri.util.FileLineEndingsTest" time="0.001"/>
  <testcase name="lineEndings[./java/test/jmri/managers/configurexml/DefaultSignalMastLogicManagerXmlTest.java]" classname="jmri.util.FileLineEndingsTest" time="0"/>
  <testcase name="lineEndings[./java/test/jmri/managers/configurexml/InternalLightManagerXmlTest.java]" classname="jmri.util.FileLineEndingsTest" time="0.001"/>
  <testcase name="lineEndings[./java/test/jmri/managers/configurexml/DefaultSignalGroupManagerXmlTest.java]" classname="jmri.util.FileLineEndingsTest" time="0.001"/>
  <testcase name="lineEndings[./java/test/jmri/managers/configurexml/DefaultMemoryManagerXmlTest.java]" classname="jmri.util.FileLineEndingsTest" time="0.001"/>
  <testcase name="lineEndings[./java/test/jmri/managers/configurexml/ProxyTurnoutManagerXmlTest.java]" classname="jmri.util.FileLineEndingsTest" time="0.001"/>
  <testcase name="lineEndings[./java/test/jmri/managers/configurexml/DefaultRouteManagerXmlTest.java]" classname="jmri.util.FileLineEndingsTest" time="0.001"/>
  <testcase name="lineEndings[./java/test/jmri/managers/configurexml/DefaultConditionalManagerXmlTest.java]" classname="jmri.util.FileLineEndingsTest" time="0"/>
  <testcase name="lineEndings[./java/test/jmri/managers/configurexml/InternalSensorManagerXmlTest.java]" classname="jmri.util.FileLineEndingsTest" time="0.001"/>
  <testcase name="lineEndings[./java/test/jmri/managers/configurexml/AbstractNamedBeanManagerConfigXMLTest.java]" classname="jmri.util.FileLineEndingsTest" time="0.001"/>
  <testcase name="lineEndings[./java/test/jmri/managers/configurexml/InternalTurnoutManagerXmlTest.java]" classname="jmri.util.FileLineEndingsTest" time="0.001"/>
  <testcase name="lineEndings[./java/test/jmri/managers/configurexml/InternalReporterManagerXmlTest.java]" classname="jmri.util.FileLineEndingsTest" time="0.001"/>
  <testcase name="lineEndings[./java/test/jmri/managers/configurexml/ManagerDefaultSelectorXmlTest.java]" classname="jmri.util.FileLineEndingsTest" time="0.001"/>
  <testcase name="lineEndings[./java/test/jmri/managers/configurexml/PackageTest.java]" classname="jmri.util.FileLineEndingsTest" time="0"/>
  <testcase name="lineEndings[./java/test/jmri/managers/configurexml/AbstractSignalHeadManagerXmlTest.java]" classname="jmri.util.FileLineEndingsTest" time="0.001"/>
  <testcase name="lineEndings[./java/test/jmri/managers/configurexml/DefaultUserMessagePreferencesXmlTest.java]" classname="jmri.util.FileLineEndingsTest" time="0.001"/>
  <testcase name="lineEndings[./java/test/jmri/managers/DefaultRouteManagerTest.java]" classname="jmri.util.FileLineEndingsTest" time="0.003"/>
  <testcase name="lineEndings[./java/test/jmri/managers/DefaultPowerManagerTest.java]" classname="jmri.util.FileLineEndingsTest" time="0.001"/>
  <testcase name="lineEndings[./java/test/jmri/managers/DefaultLogixManagerTest.java]" classname="jmri.util.FileLineEndingsTest" time="0"/>
  <testcase name="lineEndings[./java/test/jmri/managers/TurnoutManagerScaffold.java]" classname="jmri.util.FileLineEndingsTest" time="0.001"/>
  <testcase name="lineEndings[./java/test/jmri/managers/AbstractThrottleManagerTestBase.java]" classname="jmri.util.FileLineEndingsTest" time="0.001"/>
  <testcase name="lineEndings[./java/test/jmri/managers/AbstractSensorMgrTestBase.java]" classname="jmri.util.FileLineEndingsTest" time="0.001"/>
  <testcase name="lineEndings[./java/test/jmri/managers/DefaultSignalGroupManagerTest.java]" classname="jmri.util.FileLineEndingsTest" time="0.001"/>
  <testcase name="lineEndings[./java/test/jmri/managers/DefaultProgrammerManagerTest.java]" classname="jmri.util.FileLineEndingsTest" time="0.001"/>
  <testcase name="lineEndings[./java/test/jmri/managers/DefaultIdTagManagerTest.java]" classname="jmri.util.FileLineEndingsTest" time="0"/>
  <testcase name="lineEndings[./java/test/jmri/managers/DefaultConditionalManagerTest.java]" classname="jmri.util.FileLineEndingsTest" time="0.001"/>
  <testcase name="lineEndings[./java/test/jmri/managers/ManagerDefaultSelectorTest.java]" classname="jmri.util.FileLineEndingsTest" time="0.001"/>
  <testcase name="lineEndings[./java/test/jmri/managers/TestUserPreferencesManager.java]" classname="jmri.util.FileLineEndingsTest" time="0.001"/>
  <testcase name="lineEndings[./java/test/jmri/managers/JmriUserPreferencesManagerTest.java]" classname="jmri.util.FileLineEndingsTest" time="0.001"/>
  <testcase name="lineEndings[./java/test/jmri/managers/DefaultSignalSystemManagerTest.java]" classname="jmri.util.FileLineEndingsTest" time="0.001"/>
  <testcase name="lineEndings[./java/test/jmri/managers/AbstractSignalHeadManagerTest.java]" classname="jmri.util.FileLineEndingsTest" time="0.001"/>
  <testcase name="lineEndings[./java/test/jmri/managers/ProxyReporterManagerTest.java]" classname="jmri.util.FileLineEndingsTest" time="0.001"/>
  <testcase name="lineEndings[./java/test/jmri/managers/InternalLightManagerTest.java]" classname="jmri.util.FileLineEndingsTest" time="0"/>
  <testcase name="lineEndings[./java/test/jmri/managers/ProxySensorManagerTest.java]" classname="jmri.util.FileLineEndingsTest" time="0.001"/>
  <testcase name="lineEndings[./java/test/jmri/managers/InternalTurnoutManagerTest.java]" classname="jmri.util.FileLineEndingsTest" time="0.001"/>
  <testcase name="lineEndings[./java/test/jmri/managers/LogixSystemTest.java]" classname="jmri.util.FileLineEndingsTest" time="0.001"/>
  <testcase name="lineEndings[./java/test/jmri/managers/ProxyTurnoutManagerTest.java]" classname="jmri.util.FileLineEndingsTest" time="0.001"/>
  <testcase name="lineEndings[./java/test/jmri/managers/DefaultSignalMastLogicManagerTest.java]" classname="jmri.util.FileLineEndingsTest" time="0.001"/>
  <testcase name="lineEndings[./java/test/jmri/managers/DefaultRailComManagerTest.java]" classname="jmri.util.FileLineEndingsTest" time="0"/>
  <testcase name="lineEndings[./java/test/jmri/managers/DefaultMemoryManagerTest.java]" classname="jmri.util.FileLineEndingsTest" time="0.001"/>
  <testcase name="lineEndings[./java/test/jmri/managers/AbstractLightMgrTestBase.java]" classname="jmri.util.FileLineEndingsTest" time="0.001"/>
  <testcase name="lineEndings[./java/test/jmri/EntryPointTest.java]" classname="jmri.util.FileLineEndingsTest" time="0.001"/>
  <testcase name="lineEndings[./java/test/jmri/BundleTest.java]" classname="jmri.util.FileLineEndingsTest" time="0.001"/>
  <testcase name="lineEndings[./java/test/jmri/InstanceManagerTest.java]" classname="jmri.util.FileLineEndingsTest" time="0.001"/>
  <testcase name="lineEndings[./java/test/jmri/MetadataTest.java]" classname="jmri.util.FileLineEndingsTest" time="0"/>
  <testcase name="lineEndings[./java/test/jmri/SectionManagerTest.java]" classname="jmri.util.FileLineEndingsTest" time="0"/>
  <testcase name="lineEndings[./java/test/jmri/BlockManagerTest.java]" classname="jmri.util.FileLineEndingsTest" time="0.001"/>
  <testcase name="lineEndings[./java/test/jmri/NamedBeanTest.java]" classname="jmri.util.FileLineEndingsTest" time="0.001"/>
  <testcase name="lineEndings[./java/test/jmri/RawTurnoutOperationTest.java]" classname="jmri.util.FileLineEndingsTest" time="0.001"/>
  <testcase name="lineEndings[./java/test/jmri/PushbuttonPacketTest.java]" classname="jmri.util.FileLineEndingsTest" time="0.001"/>
  <testcase name="lineEndings[./java/test/jmri/ProgrammerScaffold.java]" classname="jmri.util.FileLineEndingsTest" time="0"/>
  <testcase name="lineEndings[./java/test/jmri/AudioTest.java]" classname="jmri.util.FileLineEndingsTest" time="0.001"/>
  <testcase name="lineEndings[./java/test/jmri/LightTest.java]" classname="jmri.util.FileLineEndingsTest" time="0.001"/>
  <testcase name="lineEndings[./java/test/jmri/ProgrammingModeTest.java]" classname="jmri.util.FileLineEndingsTest" time="0.001"/>
  <testcase name="lineEndings[./java/test/jmri/ProgrammerExceptionTest.java]" classname="jmri.util.FileLineEndingsTest" time="0.001"/>
  <testcase name="lineEndings[./java/test/jmri/JmriPluginTest.java]" classname="jmri.util.FileLineEndingsTest" time="0.001"/>
  <testcase name="lineEndings[./java/test/jmri/PackageTest.java]" classname="jmri.util.FileLineEndingsTest" time="0"/>
  <testcase name="lineEndings[./java/test/jmri/ManagerTest.java]" classname="jmri.util.FileLineEndingsTest" time="0.001"/>
  <testcase name="lineEndings[./java/test/jmri/RunCucumberTest.java]" classname="jmri.util.FileLineEndingsTest" time="0.001"/>
  <testcase name="lineEndings[./java/test/jmri/AudioExceptionTest.java]" classname="jmri.util.FileLineEndingsTest" time="0.001"/>
  <testcase name="lineEndings[./java/test/jmri/TimebaseRateExceptionTest.java]" classname="jmri.util.FileLineEndingsTest" time="0.001"/>
  <testcase name="lineEndings[./java/test/jmri/ProgReadExceptionTest.java]" classname="jmri.util.FileLineEndingsTest" time="0.001"/>
  <testcase name="lineEndings[./java/test/jmri/TransitTest.java]" classname="jmri.util.FileLineEndingsTest" time="0"/>
  <testcase name="lineEndings[./java/test/jmri/PowerManagerScaffold.java]" classname="jmri.util.FileLineEndingsTest" time="0.001"/>
  <testcase name="lineEndings[./java/test/jmri/TurnoutOperationManagerTest.java]" classname="jmri.util.FileLineEndingsTest" time="0.001"/>
  <testcase name="lineEndings[./java/test/jmri/SectionTest.java]" classname="jmri.util.FileLineEndingsTest" time="0.001"/>
  <testcase name="lineEndings[./java/test/jmri/BeanSettingTest.java]" classname="jmri.util.FileLineEndingsTest" time="0.001"/>
  <testcase name="lineEndings[./java/test/jmri/spi/JsonServiceFactoryTest.java]" classname="jmri.util.FileLineEndingsTest" time="0"/>
  <testcase name="lineEndings[./java/test/jmri/spi/PackageTest.java]" classname="jmri.util.FileLineEndingsTest" time="0.001"/>
  <testcase name="lineEndings[./java/test/jmri/ConditionalVariableTest.java]" classname="jmri.util.FileLineEndingsTest" time="0.001"/>
  <testcase name="lineEndings[./java/test/jmri/SensorTurnoutOperationTest.java]" classname="jmri.util.FileLineEndingsTest" time="0.001"/>
  <testcase name="lineEndings[./java/test/jmri/IdTagTest.java]" classname="jmri.util.FileLineEndingsTest" time="0.001"/>
  <testcase name="lineEndings[./java/test/jmri/BooleanPropertyDescriptorTest.java]" classname="jmri.util.FileLineEndingsTest" time="0.001"/>
  <testcase name="lineEndings[./java/test/jmri/ConfigXmlHandle.java]" classname="jmri.util.FileLineEndingsTest" time="0"/>
  <testcase name="lineEndings[./java/test/jmri/NamedBeanHandleTest.java]" classname="jmri.util.FileLineEndingsTest" time="0.001"/>
  <testcase name="lineEndings[./java/test/jmri/JmriExceptionTest.java]" classname="jmri.util.FileLineEndingsTest" time="0.001"/>
  <testcase name="lineEndings[./java/test/jmri/script/PackageTest.java]" classname="jmri.util.FileLineEndingsTest" time="0.001"/>
  <testcase name="lineEndings[./java/test/jmri/script/JmriScriptEngineManagerTest.java]" classname="jmri.util.FileLineEndingsTest" time="0.001"/>
  <testcase name="lineEndings[./java/test/jmri/script/ScriptFileChooserTest.java]" classname="jmri.util.FileLineEndingsTest" time="0"/>
  <testcase name="lineEndings[./java/test/jmri/script/BundleTest.java]" classname="jmri.util.FileLineEndingsTest" time="0.001"/>
  <testcase name="lineEndings[./java/test/jmri/script/ScriptOutputTest.java]" classname="jmri.util.FileLineEndingsTest" time="0.001"/>
  <testcase name="lineEndings[./java/test/jmri/TurnoutTest.java]" classname="jmri.util.FileLineEndingsTest" time="0.001"/>
  <testcase name="lineEndings[./java/test/jmri/ApplicationTest.java]" classname="jmri.util.FileLineEndingsTest" time="0.001"/>
  <testcase name="lineEndings[./java/test/jmri/HeadLessTest.java]" classname="jmri.util.FileLineEndingsTest" time="0.001"/>
  <testcase name="lineEndings[./java/test/jmri/ScaleTest.java]" classname="jmri.util.FileLineEndingsTest" time="0"/>
  <testcase name="lineEndings[./java/test/jmri/BlockTest.java]" classname="jmri.util.FileLineEndingsTest" time="0.001"/>
  <testcase name="lineEndings[./java/test/jmri/progdebugger/DebugProgrammerManagerTest.java]" classname="jmri.util.FileLineEndingsTest" time="0.001"/>
  <testcase name="lineEndings[./java/test/jmri/progdebugger/PackageTest.java]" classname="jmri.util.FileLineEndingsTest" time="0.001"/>
  <testcase name="lineEndings[./java/test/jmri/progdebugger/ProgDebuggerTest.java]" classname="jmri.util.FileLineEndingsTest" time="0.001"/>
  <testcase name="lineEndings[./java/test/jmri/progdebugger/DebugProgrammerTest.java]" classname="jmri.util.FileLineEndingsTest" time="0.001"/>
  <testcase name="lineEndings[./java/test/jmri/DccLocoAddressTest.java]" classname="jmri.util.FileLineEndingsTest" time="0"/>
  <testcase name="lineEndings[./java/test/jmri/TransitManagerTest.java]" classname="jmri.util.FileLineEndingsTest" time="0.001"/>
  <testcase name="lineEndings[./java/test/jmri/SignalMastLogicTest.java]" classname="jmri.util.FileLineEndingsTest" time="0.001"/>
  <testcase name="lineEndings[./java/test/jmri/SignalGroupTest.java]" classname="jmri.util.FileLineEndingsTest" time="0.001"/>
  <testcase name="lineEndings[./java/test/jmri/NoFeedbackTurnoutOperationTest.java]" classname="jmri.util.FileLineEndingsTest" time="0.001"/>
  <testcase name="lineEndings[./java/test/jmri/ProgWriteExceptionTest.java]" classname="jmri.util.FileLineEndingsTest" time="0.001"/>
  <testcase name="lineEndings[./java/test/jmri/TurnoutOperationTest.java]" classname="jmri.util.FileLineEndingsTest" time="0"/>
  <testcase name="lineEndings[./java/acceptancetest/step_definitions/jmri/web/WebServerAcceptanceSteps.java]" classname="jmri.util.FileLineEndingsTest" time="0.001"/>
  <testcase name="lineEndings[./java/acceptancetest/step_definitions/jmri/web/WebServerScaffold.java]" classname="jmri.util.FileLineEndingsTest" time="0.001"/>
  <testcase name="lineEndings[./java/package-info.java]" classname="jmri.util.FileLineEndingsTest" time="0.001"/>
  <testcase name="lineEndings[./scripts/config-portable/src/jmri/jmrit/roster/RosterConfigPane.java]" classname="jmri.util.FileLineEndingsTest" time="0.001"/>
  <testcase name="lineEndings[./java/src/jmri/plaf/macosx/QuitHandler.js]" classname="jmri.util.FileLineEndingsTest" time="0.001"/>
  <testcase name="lineEndings[./java/src/jmri/plaf/macosx/AboutHandler.js]" classname="jmri.util.FileLineEndingsTest" time="0"/>
  <testcase name="lineEndings[./java/src/jmri/plaf/macosx/PreferencesHandler.js]" classname="jmri.util.FileLineEndingsTest" time="0.001"/>
  <testcase name="lineEndings[./web/app/app/script.js]" classname="jmri.util.FileLineEndingsTest" time="0.001"/>
  <testcase name="lineEndings[./web/app/app/websocket.js]" classname="jmri.util.FileLineEndingsTest" time="0.001"/>
  <testcase name="lineEndings[./web/app/short-detector/script.js]" classname="jmri.util.FileLineEndingsTest" time="0.001"/>
  <testcase name="lineEndings[./web/js/json2.js]" classname="jmri.util.FileLineEndingsTest" time="0.001"/>
  <testcase name="lineEndings[./web/js/jquery-1.8.2.min.js]" classname="jmri.util.FileLineEndingsTest" time="0.001"/>
  <testcase name="lineEndings[./web/js/jquery.websocket.js]" classname="jmri.util.FileLineEndingsTest" time="0.001"/>
  <testcase name="lineEndings[./web/js/webThrottle.js]" classname="jmri.util.FileLineEndingsTest" time="0.001"/>
  <testcase name="lineEndings[./web/js/jquery.qrcode.min.js]" classname="jmri.util.FileLineEndingsTest" time="0.001"/>
  <testcase name="lineEndings[./web/js/jquery.mousewheel.js]" classname="jmri.util.FileLineEndingsTest" time="0.001"/>
  <testcase name="lineEndings[./web/js/panel.js]" classname="jmri.util.FileLineEndingsTest" time="0.001"/>
  <testcase name="lineEndings[./web/js/jquery.jmri.js]" classname="jmri.util.FileLineEndingsTest" time="0.001"/>
  <testcase name="lineEndings[./web/js/xmlio.js]" classname="jmri.util.FileLineEndingsTest" time="0.001"/>
  <testcase name="lineEndings[./web/js/simple-console.js]" classname="jmri.util.FileLineEndingsTest" time="0.001"/>
  <testcase name="lineEndings[./web/js/npm.js]" classname="jmri.util.FileLineEndingsTest" time="0.001"/>
  <testcase name="lineEndings[./web/js/main.js]" classname="jmri.util.FileLineEndingsTest" time="0.001"/>
  <testcase name="lineEndings[./web/js/roster.js]" classname="jmri.util.FileLineEndingsTest" time="0"/>
  <testcase name="lineEndings[./web/js/sorttable.js]" classname="jmri.util.FileLineEndingsTest" time="0.001"/>
  <testcase name="lineEndings[./web/js/jquery.jmriConnect.js]" classname="jmri.util.FileLineEndingsTest" time="0.001"/>
  <testcase name="lineEndings[./web/js/home.js]" classname="jmri.util.FileLineEndingsTest" time="0.001"/>
  <testcase name="lineEndings[./web/js/jquery.mobile-1.2.0.min.js]" classname="jmri.util.FileLineEndingsTest" time="0.001"/>
  <testcase name="lineEndings[./web/js/jquery-1.11.2.min.js]" classname="jmri.util.FileLineEndingsTest" time="0.002"/>
  <testcase name="lineEndings[./web/js/jquery.iframe-transport.js]" classname="jmri.util.FileLineEndingsTest" time="0"/>
  <testcase name="lineEndings[./web/js/json-console.js]" classname="jmri.util.FileLineEndingsTest" time="0.001"/>
  <testcase name="lineEndings[./web/js/bootstrap.js]" classname="jmri.util.FileLineEndingsTest" time="0.001"/>
  <testcase name="lineEndings[./web/js/jquery.jscrollpane.min.js]" classname="jmri.util.FileLineEndingsTest" time="0"/>
  <testcase name="lineEndings[./web/js/jquery.fileupload.js]" classname="jmri.util.FileLineEndingsTest" time="0.001"/>
  <testcase name="lineEndings[./web/js/jquery-2.0.3.min.js]" classname="jmri.util.FileLineEndingsTest" time="0.002"/>
  <testcase name="lineEndings[./web/js/user.js]" classname="jmri.util.FileLineEndingsTest" time="0.001"/>
  <testcase name="lineEndings[./web/js/jquery.tmpl.min.js]" classname="jmri.util.FileLineEndingsTest" time="0"/>
  <testcase name="lineEndings[./web/js/modernizr-2.6.2-respond-1.1.0.min.js]" classname="jmri.util.FileLineEndingsTest" time="0.001"/>
  <testcase name="lineEndings[./web/js/operations.js]" classname="jmri.util.FileLineEndingsTest" time="0.001"/>
  <testcase name="lineEndings[./web/js/jquery.ui.widget.js]" classname="jmri.util.FileLineEndingsTest" time="0.001"/>
  <testcase name="lineEndings[./web/js/frame_server_ajax.js]" classname="jmri.util.FileLineEndingsTest" time="0.001"/>
  <testcase name="lineEndings[./web/js/bootstrap.min.js]" classname="jmri.util.FileLineEndingsTest" time="0.001"/>
  <testcase name="lineEndings[./web/js/faq.js]" classname="jmri.util.FileLineEndingsTest" time="0.001"/>
  <testcase name="lineEndings[./web/roster/script.js]" classname="jmri.util.FileLineEndingsTest" time="0.001"/>
  <testcase name="lineEndings[./jython/reset-web-app.js]" classname="jmri.util.FileLineEndingsTest" time="0"/>
  <testcase name="lineEndings[./jython/zeroconf-preferences.js]" classname="jmri.util.FileLineEndingsTest" time="0.001"/>
  <testcase name="lineEndings[./jython/Console.js]" classname="jmri.util.FileLineEndingsTest" time="0.001"/>
  <testcase name="lineEndings[./java/src/jmri/server/json/memory/memory-server.json]" classname="jmri.util.FileLineEndingsTest" time="0.001"/>
  <testcase name="lineEndings[./java/src/jmri/server/json/memory/memory-client.json]" classname="jmri.util.FileLineEndingsTest" time="0.001"/>
  <testcase name="lineEndings[./java/src/jmri/server/json/block/block-client.json]" classname="jmri.util.FileLineEndingsTest" time="0.001"/>
  <testcase name="lineEndings[./java/src/jmri/server/json/block/block-server.json]" classname="jmri.util.FileLineEndingsTest" time="0"/>
  <testcase name="lineEndings[./java/src/jmri/server/json/util/goodbye-client.json]" classname="jmri.util.FileLineEndingsTest" time="0.001"/>
  <testcase name="lineEndings[./java/src/jmri/server/json/util/metadata-client.json]" classname="jmri.util.FileLineEndingsTest" time="0.001"/>
  <testcase name="lineEndings[./java/src/jmri/server/json/util/configProfile-client.json]" classname="jmri.util.FileLineEndingsTest" time="0.001"/>
  <testcase name="lineEndings[./java/src/jmri/server/json/util/pong-server.json]" classname="jmri.util.FileLineEndingsTest" time="0.001"/>
  <testcase name="lineEndings[./java/src/jmri/server/json/util/node-server.json]" classname="jmri.util.FileLineEndingsTest" time="0.001"/>
  <testcase name="lineEndings[./java/src/jmri/server/json/util/systemConnection-client.json]" classname="jmri.util.FileLineEndingsTest" time="0"/>
  <testcase name="lineEndings[./java/src/jmri/server/json/util/metadata-server.json]" classname="jmri.util.FileLineEndingsTest" time="0.001"/>
  <testcase name="lineEndings[./java/src/jmri/server/json/util/networkService-client.json]" classname="jmri.util.FileLineEndingsTest" time="0.001"/>
  <testcase name="lineEndings[./java/src/jmri/server/json/util/railroad-client.json]" classname="jmri.util.FileLineEndingsTest" time="0.001"/>
  <testcase name="lineEndings[./java/src/jmri/server/json/util/networkService-server.json]" classname="jmri.util.FileLineEndingsTest" time="0.001"/>
  <testcase name="lineEndings[./java/src/jmri/server/json/util/panel-server.json]" classname="jmri.util.FileLineEndingsTest" time="0.001"/>
  <testcase name="lineEndings[./java/src/jmri/server/json/util/railroad-server.json]" classname="jmri.util.FileLineEndingsTest" time="0"/>
  <testcase name="lineEndings[./java/src/jmri/server/json/util/systemConnection-server.json]" classname="jmri.util.FileLineEndingsTest" time="0.001"/>
  <testcase name="lineEndings[./java/src/jmri/server/json/util/panel-client.json]" classname="jmri.util.FileLineEndingsTest" time="0.001"/>
  <testcase name="lineEndings[./java/src/jmri/server/json/util/ping-client.json]" classname="jmri.util.FileLineEndingsTest" time="0.001"/>
  <testcase name="lineEndings[./java/src/jmri/server/json/util/node-client.json]" classname="jmri.util.FileLineEndingsTest" time="0.001"/>
  <testcase name="lineEndings[./java/src/jmri/server/json/util/error-server.json]" classname="jmri.util.FileLineEndingsTest" time="0.001"/>
  <testcase name="lineEndings[./java/src/jmri/server/json/util/locale-client.json]" classname="jmri.util.FileLineEndingsTest" time="0"/>
  <testcase name="lineEndings[./java/src/jmri/server/json/util/goodbye-server.json]" classname="jmri.util.FileLineEndingsTest" time="0.001"/>
  <testcase name="lineEndings[./java/src/jmri/server/json/util/configProfile-server.json]" classname="jmri.util.FileLineEndingsTest" time="0.001"/>
  <testcase name="lineEndings[./java/src/jmri/server/json/util/hello-server.json]" classname="jmri.util.FileLineEndingsTest" time="0.001"/>
  <testcase name="lineEndings[./java/src/jmri/server/json/util/hello-client.json]" classname="jmri.util.FileLineEndingsTest" time="0.001"/>
  <testcase name="lineEndings[./java/src/jmri/server/json/operations/train-client.json]" classname="jmri.util.FileLineEndingsTest" time="0.001"/>
  <testcase name="lineEndings[./java/src/jmri/server/json/operations/location-server.json]" classname="jmri.util.FileLineEndingsTest" time="0"/>
  <testcase name="lineEndings[./java/src/jmri/server/json/operations/engine-client.json]" classname="jmri.util.FileLineEndingsTest" time="0.001"/>
  <testcase name="lineEndings[./java/src/jmri/server/json/operations/car-client.json]" classname="jmri.util.FileLineEndingsTest" time="0.001"/>
  <testcase name="lineEndings[./java/src/jmri/server/json/operations/train-server.json]" classname="jmri.util.FileLineEndingsTest" time="0.001"/>
  <testcase name="lineEndings[./java/src/jmri/server/json/operations/car-server.json]" classname="jmri.util.FileLineEndingsTest" time="0.001"/>
  <testcase name="lineEndings[./java/src/jmri/server/json/operations/location-client.json]" classname="jmri.util.FileLineEndingsTest" time="0.001"/>
  <testcase name="lineEndings[./java/src/jmri/server/json/operations/engine-server.json]" classname="jmri.util.FileLineEndingsTest" time="0"/>
  <testcase name="lineEndings[./java/src/jmri/server/json/route/route-client.json]" classname="jmri.util.FileLineEndingsTest" time="0.001"/>
  <testcase name="lineEndings[./java/src/jmri/server/json/route/route-server.json]" classname="jmri.util.FileLineEndingsTest" time="0.001"/>
  <testcase name="lineEndings[./java/src/jmri/server/json/reporter/reporter-server.json]" classname="jmri.util.FileLineEndingsTest" time="0.001"/>
  <testcase name="lineEndings[./java/src/jmri/server/json/reporter/reporter-client.json]" classname="jmri.util.FileLineEndingsTest" time="0.001"/>
  <testcase name="lineEndings[./java/src/jmri/server/json/sensor/sensor-server.json]" classname="jmri.util.FileLineEndingsTest" time="0.001"/>
  <testcase name="lineEndings[./java/src/jmri/server/json/sensor/sensor-client.json]" classname="jmri.util.FileLineEndingsTest" time="0"/>
  <testcase name="lineEndings[./java/src/jmri/server/json/power/power-client.json]" classname="jmri.util.FileLineEndingsTest" time="0.001"/>
  <testcase name="lineEndings[./java/src/jmri/server/json/power/power-server.json]" classname="jmri.util.FileLineEndingsTest" time="0.001"/>
  <testcase name="lineEndings[./java/src/jmri/server/json/consist/consist-server.json]" classname="jmri.util.FileLineEndingsTest" time="0.001"/>
  <testcase name="lineEndings[./java/src/jmri/server/json/consist/consist-client.json]" classname="jmri.util.FileLineEndingsTest" time="0.001"/>
  <testcase name="lineEndings[./java/src/jmri/server/json/turnout/turnout-server.json]" classname="jmri.util.FileLineEndingsTest" time="0.001"/>
  <testcase name="lineEndings[./java/src/jmri/server/json/turnout/turnout-client.json]" classname="jmri.util.FileLineEndingsTest" time="0"/>
  <testcase name="lineEndings[./java/src/jmri/server/json/time/time-server.json]" classname="jmri.util.FileLineEndingsTest" time="0.001"/>
  <testcase name="lineEndings[./java/src/jmri/server/json/time/time-client.json]" classname="jmri.util.FileLineEndingsTest" time="0.001"/>
  <testcase name="lineEndings[./java/src/jmri/server/json/schema/json-client.json]" classname="jmri.util.FileLineEndingsTest" time="0.001"/>
  <testcase name="lineEndings[./java/src/jmri/server/json/schema/type-server.json]" classname="jmri.util.FileLineEndingsTest" time="0.001"/>
  <testcase name="lineEndings[./java/src/jmri/server/json/schema/empty-data.json]" classname="jmri.util.FileLineEndingsTest" time="0.001"/>
  <testcase name="lineEndings[./java/src/jmri/server/json/schema/schema-client.json]" classname="jmri.util.FileLineEndingsTest" time="0.001"/>
  <testcase name="lineEndings[./java/src/jmri/server/json/schema/schema-server.json]" classname="jmri.util.FileLineEndingsTest" time="0.001"/>
  <testcase name="lineEndings[./java/src/jmri/server/json/schema/type-client.json]" classname="jmri.util.FileLineEndingsTest" time="0"/>
  <testcase name="lineEndings[./java/src/jmri/server/json/schema/json-server.json]" classname="jmri.util.FileLineEndingsTest" time="0.001"/>
  <testcase name="lineEndings[./java/src/jmri/server/json/signalHead/signalHead-client.json]" classname="jmri.util.FileLineEndingsTest" time="0.001"/>
  <testcase name="lineEndings[./java/src/jmri/server/json/signalHead/signalHead-server.json]" classname="jmri.util.FileLineEndingsTest" time="0.001"/>
  <testcase name="lineEndings[./java/src/jmri/server/json/roster/rosterGroup-server.json]" classname="jmri.util.FileLineEndingsTest" time="0.001"/>
  <testcase name="lineEndings[./java/src/jmri/server/json/roster/rosterGroup-client.json]" classname="jmri.util.FileLineEndingsTest" time="0.001"/>
  <testcase name="lineEndings[./java/src/jmri/server/json/roster/rosterEntry-client.json]" classname="jmri.util.FileLineEndingsTest" time="0"/>
  <testcase name="lineEndings[./java/src/jmri/server/json/roster/roster-server.json]" classname="jmri.util.FileLineEndingsTest" time="0.001"/>
  <testcase name="lineEndings[./java/src/jmri/server/json/roster/roster-client.json]" classname="jmri.util.FileLineEndingsTest" time="0.001"/>
  <testcase name="lineEndings[./java/src/jmri/server/json/roster/rosterEntry-server.json]" classname="jmri.util.FileLineEndingsTest" time="0.001"/>
  <testcase name="lineEndings[./java/src/jmri/server/json/message/client-server.json]" classname="jmri.util.FileLineEndingsTest" time="0.001"/>
  <testcase name="lineEndings[./java/src/jmri/server/json/message/client-client.json]" classname="jmri.util.FileLineEndingsTest" time="0.001"/>
  <testcase name="lineEndings[./java/src/jmri/server/json/message/message-server.json]" classname="jmri.util.FileLineEndingsTest" time="0"/>
  <testcase name="lineEndings[./java/src/jmri/server/json/throttle/throttle-client.json]" classname="jmri.util.FileLineEndingsTest" time="0.001"/>
  <testcase name="lineEndings[./java/src/jmri/server/json/throttle/throttle-server.json]" classname="jmri.util.FileLineEndingsTest" time="0.001"/>
  <testcase name="lineEndings[./java/src/jmri/server/json/light/light-server.json]" classname="jmri.util.FileLineEndingsTest" time="0.001"/>
  <testcase name="lineEndings[./java/src/jmri/server/json/light/light-client.json]" classname="jmri.util.FileLineEndingsTest" time="0.001"/>
  <testcase name="lineEndings[./java/src/jmri/server/json/signalMast/signalMast-client.json]" classname="jmri.util.FileLineEndingsTest" time="0.001"/>
  <testcase name="lineEndings[./java/src/jmri/server/json/signalMast/signalMast-server.json]" classname="jmri.util.FileLineEndingsTest" time="0"/>
  <testcase name="lineEndings[./java/src/jmri/server/json/layoutblock/layoutBlock-client.json]" classname="jmri.util.FileLineEndingsTest" time="0.001"/>
  <testcase name="lineEndings[./java/src/jmri/server/json/layoutblock/layoutBlock-server.json]" classname="jmri.util.FileLineEndingsTest" time="0.001"/>
  <testcase name="lineEndings[./web/app/app/locale-nl.json]" classname="jmri.util.FileLineEndingsTest" time="0.001"/>
  <testcase name="lineEndings[./web/app/app/locale-de.json]" classname="jmri.util.FileLineEndingsTest" time="0.001"/>
  <testcase name="lineEndings[./web/app/app/manifest.json]" classname="jmri.util.FileLineEndingsTest" time="0.001"/>
  <testcase name="lineEndings[./web/app/app/navigation-nl.json]" classname="jmri.util.FileLineEndingsTest" time="0"/>
  <testcase name="lineEndings[./web/app/app/locale-en.json]" classname="jmri.util.FileLineEndingsTest" time="0.001"/>
  <testcase name="lineEndings[./web/app/app/navigation-en.json]" classname="jmri.util.FileLineEndingsTest" time="0.001"/>
  <testcase name="lineEndings[./web/app/app/navigation-de.json]" classname="jmri.util.FileLineEndingsTest" time="0.001"/>
  <testcase name="lineEndings[./web/app/short-detector/manifest.json]" classname="jmri.util.FileLineEndingsTest" time="0.001"/>
  <testcase name="lineEndings[./web/app/short-detector/locale-en.json]" classname="jmri.util.FileLineEndingsTest" time="0.001"/>
  <testcase name="lineEndings[./web/app/package-lock.json]" classname="jmri.util.FileLineEndingsTest" time="0"/>
  <testcase name="lineEndings[./web/app/package.json]" classname="jmri.util.FileLineEndingsTest" time="0.001"/>
  <testcase name="lineEndings[./web/roster/manifest.json]" classname="jmri.util.FileLineEndingsTest" time="0.001"/>
  <testcase name="lineEndings[./web/roster/locale-en.json]" classname="jmri.util.FileLineEndingsTest" time="0.001"/>
  <testcase name="lineEndings[./repairnator.json]" classname="jmri.util.FileLineEndingsTest" time="0.001"/>
  <testcase name="lineEndings[./java/test/apps/PanelPro/profiles/Prevent_Init_Loop/default.lcf]" classname="jmri.util.FileLineEndingsTest" time="0.001"/>
  <testcase name="lineEndings[./tests_jacoco.lcf]" classname="jmri.util.FileLineEndingsTest" time="0"/>
  <testcase name="lineEndings[./scripts/default.lcf]" classname="jmri.util.FileLineEndingsTest" time="0.001"/>
  <testcase name="lineEndings[./tests.lcf]" classname="jmri.util.FileLineEndingsTest" time="0.001"/>
  <testcase name="lineEndings[./default.lcf]" classname="jmri.util.FileLineEndingsTest" time="0.001"/>
  <testcase name="lineEndings[./java/src/jmri/jmrix/TODO.md]" classname="jmri.util.FileLineEndingsTest" time="0.001"/>
  <testcase name="lineEndings[./web/app/short-detector/README.md]" classname="jmri.util.FileLineEndingsTest" time="0.001"/>
  <testcase name="lineEndings[./web/app/short-detector/README.md]" classname="jmri.util.FileLineEndingsTest" time="0.001"/>
  <testcase name="lineEndings[./web/app/README.md]" classname="jmri.util.FileLineEndingsTest" time="0"/>
  <testcase name="lineEndings[./web/app/README.md]" classname="jmri.util.FileLineEndingsTest" time="0"/>
  <testcase name="lineEndings[./web/roster/README.md]" classname="jmri.util.FileLineEndingsTest" time="0.001"/>
  <testcase name="lineEndings[./web/roster/README.md]" classname="jmri.util.FileLineEndingsTest" time="0.001"/>
  <testcase name="lineEndings[./xml/README.md]" classname="jmri.util.FileLineEndingsTest" time="0.001"/>
  <testcase name="lineEndings[./xml/README.md]" classname="jmri.util.FileLineEndingsTest" time="0"/>
  <testcase name="lineEndings[./jython/serialinput/README.md]" classname="jmri.util.FileLineEndingsTest" time="0.001"/>
  <testcase name="lineEndings[./jython/serialinput/README.md]" classname="jmri.util.FileLineEndingsTest" time="0.001"/>
  <testcase name="lineEndings[./jython/test/README.md]" classname="jmri.util.FileLineEndingsTest" time="0.001"/>
  <testcase name="lineEndings[./jython/test/README.md]" classname="jmri.util.FileLineEndingsTest" time="0.001"/>
  <testcase name="lineEndings[./jython/ctc/README.md]" classname="jmri.util.FileLineEndingsTest" time="0"/>
  <testcase name="lineEndings[./jython/ctc/README.md]" classname="jmri.util.FileLineEndingsTest" time="0.001"/>
  <testcase name="lineEndings[./resources/original_icons/README.md]" classname="jmri.util.FileLineEndingsTest" time="0.001"/>
  <testcase name="lineEndings[./resources/original_icons/README.md]" classname="jmri.util.FileLineEndingsTest" time="0"/>
  <testcase name="lineEndings[./lib/README.md]" classname="jmri.util.FileLineEndingsTest" time="0.001"/>
  <testcase name="lineEndings[./lib/README.md]" classname="jmri.util.FileLineEndingsTest" time="0.001"/>
  <testcase name="lineEndings[./README.md]" classname="jmri.util.FileLineEndingsTest" time="0.001"/>
  <testcase name="lineEndings[./README.md]" classname="jmri.util.FileLineEndingsTest" time="0.001"/>
  <testcase name="lineEndings[./scripts/HOWTO-distribution.md]" classname="jmri.util.FileLineEndingsTest" time="0.001"/>
  <testcase name="lineEndings[./resources/icons/USS/sensor/blink/index.php]" classname="jmri.util.FileLineEndingsTest" time="0.001"/>
  <testcase name="lineEndings[./resources/icons/USS/sensor/index.php]" classname="jmri.util.FileLineEndingsTest" time="0.001"/>
  <testcase name="lineEndings[./resources/icons/USS/plate/base-plates/misc/index.php]" classname="jmri.util.FileLineEndingsTest" time="0.001"/>
  <testcase name="lineEndings[./resources/icons/USS/plate/base-plates/signal/index.php]" classname="jmri.util.FileLineEndingsTest" time="0"/>
  <testcase name="lineEndings[./resources/icons/USS/plate/base-plates/turnout/index.php]" classname="jmri.util.FileLineEndingsTest" time="0.001"/>
  <testcase name="lineEndings[./resources/icons/USS/plate/base-plates/index.php]" classname="jmri.util.FileLineEndingsTest" time="0.001"/>
  <testcase name="lineEndings[./resources/icons/USS/plate/numbered-plates/signal/index.php]" classname="jmri.util.FileLineEndingsTest" time="0.001"/>
  <testcase name="lineEndings[./resources/icons/USS/plate/numbered-plates/turnout/index.php]" classname="jmri.util.FileLineEndingsTest" time="0.001"/>
  <testcase name="lineEndings[./resources/icons/USS/plate/numbered-plates/index.php]" classname="jmri.util.FileLineEndingsTest" time="0.001"/>
  <testcase name="lineEndings[./resources/icons/USS/plate/levers/index.php]" classname="jmri.util.FileLineEndingsTest" time="0"/>
  <testcase name="lineEndings[./resources/icons/USS/plate/index.php]" classname="jmri.util.FileLineEndingsTest" time="0.001"/>
  <testcase name="lineEndings[./resources/icons/USS/track/turnout/right/slip/double/index.php]" classname="jmri.util.FileLineEndingsTest" time="0.001"/>
  <testcase name="lineEndings[./resources/icons/USS/track/turnout/right/slip/west/index.php]" classname="jmri.util.FileLineEndingsTest" time="0.001"/>
  <testcase name="lineEndings[./resources/icons/USS/track/turnout/right/slip/east/index.php]" classname="jmri.util.FileLineEndingsTest" time="0.001"/>
  <testcase name="lineEndings[./resources/icons/USS/track/turnout/right/slip/index.php]" classname="jmri.util.FileLineEndingsTest" time="0.001"/>
  <testcase name="lineEndings[./resources/icons/USS/track/turnout/right/dark/index.php]" classname="jmri.util.FileLineEndingsTest" time="0"/>
  <testcase name="lineEndings[./resources/icons/USS/track/turnout/right/se/index.php]" classname="jmri.util.FileLineEndingsTest" time="0.001"/>
  <testcase name="lineEndings[./resources/icons/USS/track/turnout/right/ne/index.php]" classname="jmri.util.FileLineEndingsTest" time="0.001"/>
  <testcase name="lineEndings[./resources/icons/USS/track/turnout/right/west/index.php]" classname="jmri.util.FileLineEndingsTest" time="0.001"/>
  <testcase name="lineEndings[./resources/icons/USS/track/turnout/right/sw/index.php]" classname="jmri.util.FileLineEndingsTest" time="0.001"/>
  <testcase name="lineEndings[./resources/icons/USS/track/turnout/right/nw/index.php]" classname="jmri.util.FileLineEndingsTest" time="0.001"/>
  <testcase name="lineEndings[./resources/icons/USS/track/turnout/right/east/index.php]" classname="jmri.util.FileLineEndingsTest" time="0.001"/>
  <testcase name="lineEndings[./resources/icons/USS/track/turnout/right/index.php]" classname="jmri.util.FileLineEndingsTest" time="0"/>
  <testcase name="lineEndings[./resources/icons/USS/track/turnout/left/west/index.php]" classname="jmri.util.FileLineEndingsTest" time="0.001"/>
  <testcase name="lineEndings[./resources/icons/USS/track/turnout/left/sw/index.php]" classname="jmri.util.FileLineEndingsTest" time="0.001"/>
  <testcase name="lineEndings[./resources/icons/USS/track/turnout/left/slip/west/index.php]" classname="jmri.util.FileLineEndingsTest" time="0.001"/>
  <testcase name="lineEndings[./resources/icons/USS/track/turnout/left/slip/east/index.php]" classname="jmri.util.FileLineEndingsTest" time="0.001"/>
  <testcase name="lineEndings[./resources/icons/USS/track/turnout/left/slip/double/index.php]" classname="jmri.util.FileLineEndingsTest" time="0.001"/>
  <testcase name="lineEndings[./resources/icons/USS/track/turnout/left/slip/index.php]" classname="jmri.util.FileLineEndingsTest" time="0"/>
  <testcase name="lineEndings[./resources/icons/USS/track/turnout/left/dark/index.php]" classname="jmri.util.FileLineEndingsTest" time="0.001"/>
  <testcase name="lineEndings[./resources/icons/USS/track/turnout/left/se/index.php]" classname="jmri.util.FileLineEndingsTest" time="0.001"/>
  <testcase name="lineEndings[./resources/icons/USS/track/turnout/left/east/index.php]" classname="jmri.util.FileLineEndingsTest" time="0.001"/>
  <testcase name="lineEndings[./resources/icons/USS/track/turnout/left/ne/index.php]" classname="jmri.util.FileLineEndingsTest" time="0.001"/>
  <testcase name="lineEndings[./resources/icons/USS/track/turnout/left/nw/index.php]" classname="jmri.util.FileLineEndingsTest" time="0.001"/>
  <testcase name="lineEndings[./resources/icons/USS/track/turnout/left/index.php]" classname="jmri.util.FileLineEndingsTest" time="0"/>
  <testcase name="lineEndings[./resources/icons/USS/track/turnout/wye/west/index.php]" classname="jmri.util.FileLineEndingsTest" time="0"/>
  <testcase name="lineEndings[./resources/icons/USS/track/turnout/wye/dark/index.php]" classname="jmri.util.FileLineEndingsTest" time="0.001"/>
  <testcase name="lineEndings[./resources/icons/USS/track/turnout/wye/east/index.php]" classname="jmri.util.FileLineEndingsTest" time="0.001"/>
  <testcase name="lineEndings[./resources/icons/USS/track/turnout/wye/index.php]" classname="jmri.util.FileLineEndingsTest" time="0.001"/>
  <testcase name="lineEndings[./resources/icons/USS/track/turnout/index.php]" classname="jmri.util.FileLineEndingsTest" time="0.001"/>
  <testcase name="lineEndings[./resources/icons/USS/track/diamond/90/index.php]" classname="jmri.util.FileLineEndingsTest" time="0.001"/>
  <testcase name="lineEndings[./resources/icons/USS/track/diamond/right/index.php]" classname="jmri.util.FileLineEndingsTest" time="0"/>
  <testcase name="lineEndings[./resources/icons/USS/track/diamond/left/index.php]" classname="jmri.util.FileLineEndingsTest" time="0.001"/>
  <testcase name="lineEndings[./resources/icons/USS/track/diamond/index.php]" classname="jmri.util.FileLineEndingsTest" time="0.001"/>
  <testcase name="lineEndings[./resources/icons/USS/track/index.php]" classname="jmri.util.FileLineEndingsTest" time="0.001"/>
  <testcase name="lineEndings[./resources/icons/USS/track/block/index.php]" classname="jmri.util.FileLineEndingsTest" time="0.001"/>
  <testcase name="lineEndings[./resources/icons/USS/track/crossover/left/index.php]" classname="jmri.util.FileLineEndingsTest" time="0.001"/>
  <testcase name="lineEndings[./resources/icons/USS/track/crossover/double/index.php]" classname="jmri.util.FileLineEndingsTest" time="0"/>
  <testcase name="lineEndings[./resources/icons/USS/track/crossover/right/index.php]" classname="jmri.util.FileLineEndingsTest" time="0.001"/>
  <testcase name="lineEndings[./resources/icons/USS/track/crossover/index.php]" classname="jmri.util.FileLineEndingsTest" time="0.001"/>
  <testcase name="lineEndings[./resources/icons/USS/proto/index.php]" classname="jmri.util.FileLineEndingsTest" time="0.001"/>
  <testcase name="lineEndings[./resources/icons/USS/background/index.php]" classname="jmri.util.FileLineEndingsTest" time="0.001"/>
  <testcase name="lineEndings[./resources/icons/USS/index.php]" classname="jmri.util.FileLineEndingsTest" time="0"/>
  <testcase name="lineEndings[./resources/icons/USS/stop/index.php]" classname="jmri.util.FileLineEndingsTest" time="0.001"/>
  <testcase name="lineEndings[./resources/icons/smallschematics/aspects/CSX-1998/CLS-1-3-hi/index.php]" classname="jmri.util.FileLineEndingsTest" time="0.001"/>
  <testcase name="lineEndings[./resources/icons/smallschematics/aspects/CSX-1998/CLS-3-3-3-hi/index.php]" classname="jmri.util.FileLineEndingsTest" time="0.001"/>
  <testcase name="lineEndings[./resources/icons/smallschematics/aspects/CSX-1998/CLS-3-3-2-hi/index.php]" classname="jmri.util.FileLineEndingsTest" time="0.001"/>
  <testcase name="lineEndings[./resources/icons/smallschematics/aspects/CSX-1998/CLS-3-3-lo/index.php]" classname="jmri.util.FileLineEndingsTest" time="0.001"/>
  <testcase name="lineEndings[./resources/icons/smallschematics/aspects/CSX-1998/CLS-1-3-lo/index.php]" classname="jmri.util.FileLineEndingsTest" time="0"/>
  <testcase name="lineEndings[./resources/icons/smallschematics/aspects/CSX-1998/CLS-3-3-hi/index.php]" classname="jmri.util.FileLineEndingsTest" time="0"/>
  <testcase name="lineEndings[./resources/icons/smallschematics/aspects/CSX-1998/CLS-3-2-2-hi/index.php]" classname="jmri.util.FileLineEndingsTest" time="0.001"/>
  <testcase name="lineEndings[./resources/icons/smallschematics/aspects/CSX-1998/CLS-3-hi/index.php]" classname="jmri.util.FileLineEndingsTest" time="0.001"/>
  <testcase name="lineEndings[./resources/icons/smallschematics/aspects/CSX-1998/CLS-1-3-2-hi/index.php]" classname="jmri.util.FileLineEndingsTest" time="0.001"/>
  <testcase name="lineEndings[./resources/icons/smallschematics/aspects/CSX-1998/CLS-3-2-hi/index.php]" classname="jmri.util.FileLineEndingsTest" time="0.001"/>
  <testcase name="lineEndings[./resources/icons/smallschematics/aspects/CSX-1998/CLS-3-lo/index.php]" classname="jmri.util.FileLineEndingsTest" time="0.001"/>
  <testcase name="lineEndings[./resources/icons/smallschematics/aspects/CSX-1998/index.php]" classname="jmri.util.FileLineEndingsTest" time="0"/>
  <testcase name="lineEndings[./resources/icons/smallschematics/aspects/AAR-1946/CPL/index.php]" classname="jmri.util.FileLineEndingsTest" time="0.001"/>
  <testcase name="lineEndings[./resources/icons/smallschematics/aspects/AAR-1946/PL-1-high-pbs/index.php]" classname="jmri.util.FileLineEndingsTest" time="0.001"/>
  <testcase name="lineEndings[./resources/icons/smallschematics/aspects/AAR-1946/SL-2-high-abs/index.php]" classname="jmri.util.FileLineEndingsTest" time="0.001"/>
  <testcase name="lineEndings[./resources/icons/smallschematics/aspects/AAR-1946/PL-2-high/index.php]" classname="jmri.util.FileLineEndingsTest" time="0.001"/>
  <testcase name="lineEndings[./resources/icons/smallschematics/aspects/AAR-1946/SL-2-high-pbs/index.php]" classname="jmri.util.FileLineEndingsTest" time="0.001"/>
  <testcase name="lineEndings[./resources/icons/smallschematics/aspects/AAR-1946/SL-3-high/index.php]" classname="jmri.util.FileLineEndingsTest" time="0"/>
  <testcase name="lineEndings[./resources/icons/smallschematics/aspects/AAR-1946/SL-1-high-pbs/index.php]" classname="jmri.util.FileLineEndingsTest" time="0.001"/>
  <testcase name="lineEndings[./resources/icons/smallschematics/aspects/AAR-1946/SL-1-high-abs/index.php]" classname="jmri.util.FileLineEndingsTest" time="0.001"/>
  <testcase name="lineEndings[./resources/icons/smallschematics/aspects/AAR-1946/PL-1-high-abs/index.php]" classname="jmri.util.FileLineEndingsTest" time="0.001"/>
  <testcase name="lineEndings[./resources/icons/smallschematics/aspects/AAR-1946/SL-2-low/index.php]" classname="jmri.util.FileLineEndingsTest" time="0.001"/>
  <testcase name="lineEndings[./resources/icons/smallschematics/aspects/AAR-1946/SL-1-low/index.php]" classname="jmri.util.FileLineEndingsTest" time="0.001"/>
  <testcase name="lineEndings[./resources/icons/smallschematics/aspects/AAR-1946/PL-1-low/index.php]" classname="jmri.util.FileLineEndingsTest" time="0"/>
  <testcase name="lineEndings[./resources/icons/smallschematics/aspects/AAR-1946/index.php]" classname="jmri.util.FileLineEndingsTest" time="0.001"/>
  <testcase name="lineEndings[./resources/icons/smallschematics/aspects/BNSF-1996/SL-1-high/index.php]" classname="jmri.util.FileLineEndingsTest" time="0.001"/>
  <testcase name="lineEndings[./resources/icons/smallschematics/aspects/BNSF-1996/SL-2-high/index.php]" classname="jmri.util.FileLineEndingsTest" time="0.001"/>
  <testcase name="lineEndings[./resources/icons/smallschematics/aspects/BNSF-1996/SE-2-high/index.php]" classname="jmri.util.FileLineEndingsTest" time="0.001"/>
  <testcase name="lineEndings[./resources/icons/smallschematics/aspects/BNSF-1996/SE-3-high/index.php]" classname="jmri.util.FileLineEndingsTest" time="0.001"/>
  <testcase name="lineEndings[./resources/icons/smallschematics/aspects/BNSF-1996/SE-1-high/index.php]" classname="jmri.util.FileLineEndingsTest" time="0.001"/>
  <testcase name="lineEndings[./resources/icons/smallschematics/aspects/BNSF-1996/SL-3-high/index.php]" classname="jmri.util.FileLineEndingsTest" time="0"/>
  <testcase name="lineEndings[./resources/icons/smallschematics/aspects/BNSF-1996/index.php]" classname="jmri.util.FileLineEndingsTest" time="0.001"/>
  <testcase name="lineEndings[./resources/icons/smallschematics/aspects/NYC-1956/SL-3-high/index.php]" classname="jmri.util.FileLineEndingsTest" time="0.001"/>
  <testcase name="lineEndings[./resources/icons/smallschematics/aspects/NYC-1956/SL-2-high-per/index.php]" classname="jmri.util.FileLineEndingsTest" time="0.001"/>
  <testcase name="lineEndings[./resources/icons/smallschematics/aspects/NYC-1956/SL-2-low/index.php]" classname="jmri.util.FileLineEndingsTest" time="0.001"/>
  <testcase name="lineEndings[./resources/icons/smallschematics/aspects/NYC-1956/SL-2-high-abs/index.php]" classname="jmri.util.FileLineEndingsTest" time="0.001"/>
  <testcase name="lineEndings[./resources/icons/smallschematics/aspects/NYC-1956/SL-1-low/index.php]" classname="jmri.util.FileLineEndingsTest" time="0"/>
  <testcase name="lineEndings[./resources/icons/smallschematics/aspects/NYC-1956/index.php]" classname="jmri.util.FileLineEndingsTest" time="0.001"/>
  <testcase name="lineEndings[./resources/icons/smallschematics/aspects/RG-1965/SL-2-high-abs/index.php]" classname="jmri.util.FileLineEndingsTest" time="0.001"/>
  <testcase name="lineEndings[./resources/icons/smallschematics/aspects/RG-1965/SL-1-low-pbs/index.php]" classname="jmri.util.FileLineEndingsTest" time="0.001"/>
  <testcase name="lineEndings[./resources/icons/smallschematics/aspects/RG-1965/SL-1-high-pbs/index.php]" classname="jmri.util.FileLineEndingsTest" time="0.001"/>
  <testcase name="lineEndings[./resources/icons/smallschematics/aspects/RG-1965/SL-3-high-pbs/index.php]" classname="jmri.util.FileLineEndingsTest" time="0.001"/>
  <testcase name="lineEndings[./resources/icons/smallschematics/aspects/RG-1965/SL-2-low-pbs/index.php]" classname="jmri.util.FileLineEndingsTest" time="0"/>
  <testcase name="lineEndings[./resources/icons/smallschematics/aspects/RG-1965/SL-1-low-abs/index.php]" classname="jmri.util.FileLineEndingsTest" time="0.001"/>
  <testcase name="lineEndings[./resources/icons/smallschematics/aspects/RG-1965/SL-2-high-pbs/index.php]" classname="jmri.util.FileLineEndingsTest" time="0.001"/>
  <testcase name="lineEndings[./resources/icons/smallschematics/aspects/RG-1965/SL-3-high-abs/index.php]" classname="jmri.util.FileLineEndingsTest" time="0.001"/>
  <testcase name="lineEndings[./resources/icons/smallschematics/aspects/RG-1965/SL-2-low-abs/index.php]" classname="jmri.util.FileLineEndingsTest" time="0.001"/>
  <testcase name="lineEndings[./resources/icons/smallschematics/aspects/RG-1965/index.php]" classname="jmri.util.FileLineEndingsTest" time="0.001"/>
  <testcase name="lineEndings[./resources/icons/smallschematics/aspects/RG-1965/SL-1-high-abs/index.php]" classname="jmri.util.FileLineEndingsTest" time="0"/>
  <testcase name="lineEndings[./resources/icons/smallschematics/aspects/DB-HV-1969/entry_distant_short/index.php]" classname="jmri.util.FileLineEndingsTest" time="0.001"/>
  <testcase name="lineEndings[./resources/icons/smallschematics/aspects/DB-HV-1969/entry_distant/index.php]" classname="jmri.util.FileLineEndingsTest" time="0.001"/>
  <testcase name="lineEndings[./resources/icons/smallschematics/aspects/DB-HV-1969/distant_short/index.php]" classname="jmri.util.FileLineEndingsTest" time="0.001"/>
  <testcase name="lineEndings[./resources/icons/smallschematics/aspects/DB-HV-1969/entry/index.php]" classname="jmri.util.FileLineEndingsTest" time="0.001"/>
  <testcase name="lineEndings[./resources/icons/smallschematics/aspects/DB-HV-1969/exit_distant_short/index.php]" classname="jmri.util.FileLineEndingsTest" time="0.001"/>
  <testcase name="lineEndings[./resources/icons/smallschematics/aspects/DB-HV-1969/distant_repeater/index.php]" classname="jmri.util.FileLineEndingsTest" time="0"/>
  <testcase name="lineEndings[./resources/icons/smallschematics/aspects/DB-HV-1969/block_distant_short/index.php]" classname="jmri.util.FileLineEndingsTest" time="0.001"/>
  <testcase name="lineEndings[./resources/icons/smallschematics/aspects/DB-HV-1969/block_distant/index.php]" classname="jmri.util.FileLineEndingsTest" time="0.001"/>
  <testcase name="lineEndings[./resources/icons/smallschematics/aspects/DB-HV-1969/exit/index.php]" classname="jmri.util.FileLineEndingsTest" time="0.001"/>
  <testcase name="lineEndings[./resources/icons/smallschematics/aspects/DB-HV-1969/distant/index.php]" classname="jmri.util.FileLineEndingsTest" time="0.001"/>
  <testcase name="lineEndings[./resources/icons/smallschematics/aspects/DB-HV-1969/block/index.php]" classname="jmri.util.FileLineEndingsTest" time="0.001"/>
  <testcase name="lineEndings[./resources/icons/smallschematics/aspects/DB-HV-1969/shunting_dwarf/index.php]" classname="jmri.util.FileLineEndingsTest" time="0"/>
  <testcase name="lineEndings[./resources/icons/smallschematics/aspects/DB-HV-1969/exit_distant/index.php]" classname="jmri.util.FileLineEndingsTest" time="0.001"/>
  <testcase name="lineEndings[./resources/icons/smallschematics/aspects/DB-HV-1969/shunting/index.php]" classname="jmri.util.FileLineEndingsTest" time="0.001"/>
  <testcase name="lineEndings[./resources/icons/smallschematics/aspects/DB-HV-1969/index.php]" classname="jmri.util.FileLineEndingsTest" time="0.001"/>
  <testcase name="lineEndings[./resources/icons/smallschematics/aspects/B&amp;O-2009/slow/index.php]" classname="jmri.util.FileLineEndingsTest" time="0.001"/>
  <testcase name="lineEndings[./resources/icons/smallschematics/aspects/B&amp;O-2009/fasts/index.php]" classname="jmri.util.FileLineEndingsTest" time="0.001"/>
  <testcase name="lineEndings[./resources/icons/smallschematics/aspects/B&amp;O-2009/fastm/index.php]" classname="jmri.util.FileLineEndingsTest" time="0"/>
  <testcase name="lineEndings[./resources/icons/smallschematics/aspects/B&amp;O-2009/full/index.php]" classname="jmri.util.FileLineEndingsTest" time="0"/>
  <testcase name="lineEndings[./resources/icons/smallschematics/aspects/B&amp;O-2009/bothm/index.php]" classname="jmri.util.FileLineEndingsTest" time="0.001"/>
  <testcase name="lineEndings[./resources/icons/smallschematics/aspects/B&amp;O-2009/block/index.php]" classname="jmri.util.FileLineEndingsTest" time="0.001"/>
  <testcase name="lineEndings[./resources/icons/smallschematics/aspects/B&amp;O-2009/boths/index.php]" classname="jmri.util.FileLineEndingsTest" time="0.001"/>
  <testcase name="lineEndings[./resources/icons/smallschematics/aspects/B&amp;O-2009/medm/index.php]" classname="jmri.util.FileLineEndingsTest" time="0.001"/>
  <testcase name="lineEndings[./resources/icons/smallschematics/aspects/B&amp;O-2009/fast/index.php]" classname="jmri.util.FileLineEndingsTest" time="0.001"/>
  <testcase name="lineEndings[./resources/icons/smallschematics/aspects/B&amp;O-2009/fast1/index.php]" classname="jmri.util.FileLineEndingsTest" time="0"/>
  <testcase name="lineEndings[./resources/icons/smallschematics/aspects/B&amp;O-2009/meds/index.php]" classname="jmri.util.FileLineEndingsTest" time="0.001"/>
  <testcase name="lineEndings[./resources/icons/smallschematics/aspects/B&amp;O-2009/med/index.php]" classname="jmri.util.FileLineEndingsTest" time="0.001"/>
  <testcase name="lineEndings[./resources/icons/smallschematics/aspects/B&amp;O-2009/junc/index.php]" classname="jmri.util.FileLineEndingsTest" time="0.001"/>
  <testcase name="lineEndings[./resources/icons/smallschematics/aspects/B&amp;O-2009/junm/index.php]" classname="jmri.util.FileLineEndingsTest" time="0.001"/>
  <testcase name="lineEndings[./resources/icons/smallschematics/aspects/B&amp;O-2009/med1/index.php]" classname="jmri.util.FileLineEndingsTest" time="0.001"/>
  <testcase name="lineEndings[./resources/icons/smallschematics/aspects/B&amp;O-2009/index.php]" classname="jmri.util.FileLineEndingsTest" time="0"/>
  <testcase name="lineEndings[./resources/icons/smallschematics/aspects/NW-1981/NW-CPL-2arm-absolute/index.php]" classname="jmri.util.FileLineEndingsTest" time="0.001"/>
  <testcase name="lineEndings[./resources/icons/smallschematics/aspects/NW-1981/Wab-SL-2-low-absolute/index.php]" classname="jmri.util.FileLineEndingsTest" time="0.001"/>
  <testcase name="lineEndings[./resources/icons/smallschematics/aspects/NW-1981/NW-CPL-2arm-permissive/index.php]" classname="jmri.util.FileLineEndingsTest" time="0.001"/>
  <testcase name="lineEndings[./resources/icons/smallschematics/aspects/NW-1981/NW-SL-1-low-permissive/index.php]" classname="jmri.util.FileLineEndingsTest" time="0.001"/>
  <testcase name="lineEndings[./resources/icons/smallschematics/aspects/NW-1981/NW-CPL-Dwarf-permissive/index.php]" classname="jmri.util.FileLineEndingsTest" time="0.001"/>
  <testcase name="lineEndings[./resources/icons/smallschematics/aspects/NW-1981/NW-CPL-Dwarf-absolute/index.php]" classname="jmri.util.FileLineEndingsTest" time="0"/>
  <testcase name="lineEndings[./resources/icons/smallschematics/aspects/NW-1981/NW-CPL-1arm-absolute/index.php]" classname="jmri.util.FileLineEndingsTest" time="0.001"/>
  <testcase name="lineEndings[./resources/icons/smallschematics/aspects/NW-1981/NW-CPL-1arm-permissive/index.php]" classname="jmri.util.FileLineEndingsTest" time="0.001"/>
  <testcase name="lineEndings[./resources/icons/smallschematics/aspects/NW-1981/NW-SL-1-low-absolute/index.php]" classname="jmri.util.FileLineEndingsTest" time="0.001"/>
  <testcase name="lineEndings[./resources/icons/smallschematics/aspects/NW-1981/index.php]" classname="jmri.util.FileLineEndingsTest" time="0.001"/>
  <testcase name="lineEndings[./resources/icons/smallschematics/aspects/CROR-2008/2-Lo/index.php]" classname="jmri.util.FileLineEndingsTest" time="0.001"/>
  <testcase name="lineEndings[./resources/icons/smallschematics/aspects/CROR-2008/1-Hi/index.php]" classname="jmri.util.FileLineEndingsTest" time="0.001"/>
  <testcase name="lineEndings[./resources/icons/smallschematics/aspects/CROR-2008/3-Hi/index.php]" classname="jmri.util.FileLineEndingsTest" time="0.001"/>
  <testcase name="lineEndings[./resources/icons/smallschematics/aspects/CROR-2008/1-Lo/index.php]" classname="jmri.util.FileLineEndingsTest" time="0"/>
  <testcase name="lineEndings[./resources/icons/smallschematics/aspects/CROR-2008/2-Off/index.php]" classname="jmri.util.FileLineEndingsTest" time="0"/>
  <testcase name="lineEndings[./resources/icons/smallschematics/aspects/CROR-2008/index.php]" classname="jmri.util.FileLineEndingsTest" time="0.001"/>
  <testcase name="lineEndings[./resources/icons/smallschematics/aspects/CROR-2008/2-Str/index.php]" classname="jmri.util.FileLineEndingsTest" time="0.001"/>
  <testcase name="lineEndings[./resources/icons/smallschematics/aspects/InfraBel-2013/index.php]" classname="jmri.util.FileLineEndingsTest" time="0.001"/>
  <testcase name="lineEndings[./resources/icons/smallschematics/aspects/B&amp;O-1980/CPL-High/index.php]" classname="jmri.util.FileLineEndingsTest" time="0.001"/>
  <testcase name="lineEndings[./resources/icons/smallschematics/aspects/LMS-1932/Junction/index.php]" classname="jmri.util.FileLineEndingsTest" time="0.001"/>
  <testcase name="lineEndings[./resources/icons/smallschematics/aspects/LMS-1932/Split-Junction/index.php]" classname="jmri.util.FileLineEndingsTest" time="0"/>
  <testcase name="lineEndings[./resources/icons/smallschematics/aspects/LMS-1932/Stop/index.php]" classname="jmri.util.FileLineEndingsTest" time="0.001"/>
  <testcase name="lineEndings[./resources/icons/smallschematics/aspects/LMS-1932/index.php]" classname="jmri.util.FileLineEndingsTest" time="0.003"/>
  <testcase name="lineEndings[./resources/icons/smallschematics/aspects/LMS-1932/Split-Distant/index.php]" classname="jmri.util.FileLineEndingsTest" time="0.001"/>
  <testcase name="lineEndings[./resources/icons/smallschematics/aspects/LMS-1932/Repeater/index.php]" classname="jmri.util.FileLineEndingsTest" time="0.001"/>
  <testcase name="lineEndings[./resources/icons/smallschematics/aspects/LMS-1932/New/index.php]" classname="jmri.util.FileLineEndingsTest" time="0.001"/>
  <testcase name="lineEndings[./resources/icons/smallschematics/aspects/SPTCO-1930/SL-3/index.php]" classname="jmri.util.FileLineEndingsTest" time="0"/>
  <testcase name="lineEndings[./resources/icons/smallschematics/aspects/SPTCO-1930/DW-1/index.php]" classname="jmri.util.FileLineEndingsTest" time="0.001"/>
  <testcase name="lineEndings[./resources/icons/smallschematics/aspects/SPTCO-1930/SL-1/index.php]" classname="jmri.util.FileLineEndingsTest" time="0.001"/>
  <testcase name="lineEndings[./resources/icons/smallschematics/aspects/SPTCO-1930/SL-2/index.php]" classname="jmri.util.FileLineEndingsTest" time="0.001"/>
  <testcase name="lineEndings[./resources/icons/smallschematics/aspects/SPTCO-1930/DW-2/index.php]" classname="jmri.util.FileLineEndingsTest" time="0.001"/>
  <testcase name="lineEndings[./resources/icons/smallschematics/aspects/SPTCO-1930/index.php]" classname="jmri.util.FileLineEndingsTest" time="0.001"/>
  <testcase name="lineEndings[./resources/icons/smallschematics/aspects/ProRail-1954/index.php]" classname="jmri.util.FileLineEndingsTest" time="0"/>
  <testcase name="lineEndings[./resources/icons/smallschematics/aspects/SPTCO-1960/SL-1-high-abs/index.php]" classname="jmri.util.FileLineEndingsTest" time="0.001"/>
  <testcase name="lineEndings[./resources/icons/smallschematics/aspects/SPTCO-1960/SL-1-high-pbs/index.php]" classname="jmri.util.FileLineEndingsTest" time="0.001"/>
  <testcase name="lineEndings[./resources/icons/smallschematics/aspects/SPTCO-1960/SL-1-low-D/index.php]" classname="jmri.util.FileLineEndingsTest" time="0.001"/>
  <testcase name="lineEndings[./resources/icons/smallschematics/aspects/SPTCO-1960/SL-3-high-pbs/index.php]" classname="jmri.util.FileLineEndingsTest" time="0.001"/>
  <testcase name="lineEndings[./resources/icons/smallschematics/aspects/SPTCO-1960/SL-1-low-P/index.php]" classname="jmri.util.FileLineEndingsTest" time="0.001"/>
  <testcase name="lineEndings[./resources/icons/smallschematics/aspects/SPTCO-1960/SL-2-low/index.php]" classname="jmri.util.FileLineEndingsTest" time="0.001"/>
  <testcase name="lineEndings[./resources/icons/smallschematics/aspects/SPTCO-1960/SL-2-low-P/index.php]" classname="jmri.util.FileLineEndingsTest" time="0"/>
  <testcase name="lineEndings[./resources/icons/smallschematics/aspects/SPTCO-1960/SL-2-high-abs/index.php]" classname="jmri.util.FileLineEndingsTest" time="0.001"/>
  <testcase name="lineEndings[./resources/icons/smallschematics/aspects/SPTCO-1960/SL-2-high-pbs/index.php]" classname="jmri.util.FileLineEndingsTest" time="0.001"/>
  <testcase name="lineEndings[./resources/icons/smallschematics/aspects/SPTCO-1960/SL-2-low-D/index.php]" classname="jmri.util.FileLineEndingsTest" time="0.001"/>
  <testcase name="lineEndings[./resources/icons/smallschematics/aspects/SPTCO-1960/index.php]" classname="jmri.util.FileLineEndingsTest" time="0.001"/>
  <testcase name="lineEndings[./resources/icons/smallschematics/aspects/SPTCO-1960/SL-1-low/index.php]" classname="jmri.util.FileLineEndingsTest" time="0.001"/>
  <testcase name="lineEndings[./resources/icons/smallschematics/aspects/B&amp;O-Semaphore/SE-1-low/index.php]" classname="jmri.util.FileLineEndingsTest" time="0"/>
  <testcase name="lineEndings[./resources/icons/smallschematics/aspects/B&amp;O-Semaphore/SE-1-high/index.php]" classname="jmri.util.FileLineEndingsTest" time="0.001"/>
  <testcase name="lineEndings[./resources/icons/smallschematics/aspects/B&amp;O-Semaphore/SE-2-high/index.php]" classname="jmri.util.FileLineEndingsTest" time="0.001"/>
  <testcase name="lineEndings[./resources/icons/smallschematics/aspects/B&amp;O-Semaphore/SE-3-high/index.php]" classname="jmri.util.FileLineEndingsTest" time="0.001"/>
  <testcase name="lineEndings[./resources/icons/smallschematics/aspects/BN-1989/SL-3-high/index.php]" classname="jmri.util.FileLineEndingsTest" time="0.001"/>
  <testcase name="lineEndings[./resources/icons/smallschematics/aspects/BN-1989/SL-2-high/index.php]" classname="jmri.util.FileLineEndingsTest" time="0.001"/>
  <testcase name="lineEndings[./resources/icons/smallschematics/aspects/BN-1989/SL-1-high/index.php]" classname="jmri.util.FileLineEndingsTest" time="0.001"/>
  <testcase name="lineEndings[./resources/icons/smallschematics/aspects/BN-1989/index.php]" classname="jmri.util.FileLineEndingsTest" time="0"/>
  <testcase name="lineEndings[./resources/icons/smallschematics/aspects/SPCO-1930/SL-3/index.php]" classname="jmri.util.FileLineEndingsTest" time="0.001"/>
  <testcase name="lineEndings[./resources/icons/smallschematics/aspects/SPCO-1930/DW-1/index.php]" classname="jmri.util.FileLineEndingsTest" time="0.001"/>
  <testcase name="lineEndings[./resources/icons/smallschematics/aspects/SPCO-1930/SL-1/index.php]" classname="jmri.util.FileLineEndingsTest" time="0.001"/>
  <testcase name="lineEndings[./resources/icons/smallschematics/aspects/SPCO-1930/SL-2/index.php]" classname="jmri.util.FileLineEndingsTest" time="0.001"/>
  <testcase name="lineEndings[./resources/icons/smallschematics/aspects/SPCO-1930/DW-2/index.php]" classname="jmri.util.FileLineEndingsTest" time="0.001"/>
  <testcase name="lineEndings[./resources/icons/smallschematics/aspects/SPCO-1930/index.php]" classname="jmri.util.FileLineEndingsTest" time="0.001"/>
  <testcase name="lineEndings[./resources/icons/smallschematics/aspects/CFL-2014/index.php]" classname="jmri.util.FileLineEndingsTest" time="0"/>
  <testcase name="lineEndings[./resources/icons/smallschematics/aspects/NS-2008/CLS-3-3-lo/index.php]" classname="jmri.util.FileLineEndingsTest" time="0.001"/>
  <testcase name="lineEndings[./resources/icons/smallschematics/aspects/NS-2008/CLS-3-3-hi/index.php]" classname="jmri.util.FileLineEndingsTest" time="0.001"/>
  <testcase name="lineEndings[./resources/icons/smallschematics/aspects/NS-2008/CLS-3-3-3-hi/index.php]" classname="jmri.util.FileLineEndingsTest" time="0.001"/>
  <testcase name="lineEndings[./resources/icons/smallschematics/aspects/NS-2008/CLS-3-hi/index.php]" classname="jmri.util.FileLineEndingsTest" time="0.001"/>
  <testcase name="lineEndings[./resources/icons/smallschematics/aspects/NS-2008/171/index.php]" classname="jmri.util.FileLineEndingsTest" time="0.001"/>
  <testcase name="lineEndings[./resources/icons/smallschematics/aspects/NS-2008/CLS-3-hi-p/index.php]" classname="jmri.util.FileLineEndingsTest" time="0"/>
  <testcase name="lineEndings[./resources/icons/smallschematics/aspects/NS-2008/index.php]" classname="jmri.util.FileLineEndingsTest" time="0.001"/>
  <testcase name="lineEndings[./resources/icons/smallschematics/aspects/NS-2008/CLS-3-lo/index.php]" classname="jmri.util.FileLineEndingsTest" time="0.001"/>
  <testcase name="lineEndings[./resources/icons/smallschematics/aspects/NYCS-1937/SL-3-high/index.php]" classname="jmri.util.FileLineEndingsTest" time="0.001"/>
  <testcase name="lineEndings[./resources/icons/smallschematics/aspects/NYCS-1937/SL-2-low/index.php]" classname="jmri.util.FileLineEndingsTest" time="0.001"/>
  <testcase name="lineEndings[./resources/icons/smallschematics/aspects/NYCS-1937/SL-2-high-pbs/index.php]" classname="jmri.util.FileLineEndingsTest" time="0.001"/>
  <testcase name="lineEndings[./resources/icons/smallschematics/aspects/NYCS-1937/SL-2-high-abs/index.php]" classname="jmri.util.FileLineEndingsTest" time="0"/>
  <testcase name="lineEndings[./resources/icons/smallschematics/aspects/NYCS-1937/index.php]" classname="jmri.util.FileLineEndingsTest" time="0.001"/>
  <testcase name="lineEndings[./resources/icons/smallschematics/aspects/NYCS-1937/SL-1-low/index.php]" classname="jmri.util.FileLineEndingsTest" time="0.001"/>
  <testcase name="lineEndings[./resources/icons/smallschematics/aspects/NYCS-1937/SL-1-trainorder/index.php]" classname="jmri.util.FileLineEndingsTest" time="0.001"/>
  <testcase name="lineEndings[./resources/icons/smallschematics/aspects/NYCS-1937/SL-1-manual-block/index.php]" classname="jmri.util.FileLineEndingsTest" time="0.001"/>
  <testcase name="lineEndings[./resources/icons/smallschematics/aspects/SLSF-1973/SL-3-high/index.php]" classname="jmri.util.FileLineEndingsTest" time="0.001"/>
  <testcase name="lineEndings[./resources/icons/smallschematics/aspects/SLSF-1973/SL-1-high/index.php]" classname="jmri.util.FileLineEndingsTest" time="0"/>
  <testcase name="lineEndings[./resources/icons/smallschematics/aspects/SLSF-1973/SL-2-high/index.php]" classname="jmri.util.FileLineEndingsTest" time="0.001"/>
  <testcase name="lineEndings[./resources/icons/smallschematics/aspects/SLSF-1973/index.php]" classname="jmri.util.FileLineEndingsTest" time="0.001"/>
  <testcase name="lineEndings[./resources/icons/smallschematics/aspects/index.php]" classname="jmri.util.FileLineEndingsTest" time="0.001"/>
  <testcase name="lineEndings[./resources/icons/smallschematics/trainorder/index.php]" classname="jmri.util.FileLineEndingsTest" time="0"/>
  <testcase name="lineEndings[./resources/icons/smallschematics/searchlights/index.php]" classname="jmri.util.FileLineEndingsTest" time="0.001"/>
  <testcase name="lineEndings[./resources/icons/smallschematics/PRRsignals/index.php]" classname="jmri.util.FileLineEndingsTest" time="0.001"/>
  <testcase name="lineEndings[./resources/icons/smallschematics/BandOsignals/index.php]" classname="jmri.util.FileLineEndingsTest" time="0.001"/>
  <testcase name="lineEndings[./resources/icons/smallschematics/bordersearchlights/index.php]" classname="jmri.util.FileLineEndingsTest" time="0"/>
  <testcase name="lineEndings[./resources/icons/smallschematics/tracksegments/index.php]" classname="jmri.util.FileLineEndingsTest" time="0.001"/>
  <testcase name="lineEndings[./resources/icons/smallschematics/LEDs/index.php]" classname="jmri.util.FileLineEndingsTest" time="0.001"/>
  <testcase name="lineEndings[./resources/icons/smallschematics/RDG_Catface_Signals/index.php]" classname="jmri.util.FileLineEndingsTest" time="0.001"/>
  <testcase name="lineEndings[./resources/icons/smallschematics/semaphores/index.php]" classname="jmri.util.FileLineEndingsTest" time="0"/>
  <testcase name="lineEndings[./resources/icons/smallschematics/index.php]" classname="jmri.util.FileLineEndingsTest" time="0.001"/>
  <testcase name="lineEndings[./resources/icons/mediumschematics/aspects/DB-HV-1969/distant_short/index.php]" classname="jmri.util.FileLineEndingsTest" time="0.001"/>
  <testcase name="lineEndings[./resources/icons/mediumschematics/aspects/DB-HV-1969/entry_distant/index.php]" classname="jmri.util.FileLineEndingsTest" time="0.001"/>
  <testcase name="lineEndings[./resources/icons/mediumschematics/aspects/DB-HV-1969/exit_distant/index.php]" classname="jmri.util.FileLineEndingsTest" time="0"/>
  <testcase name="lineEndings[./resources/icons/mediumschematics/aspects/DB-HV-1969/shunting_dwarf/index.php]" classname="jmri.util.FileLineEndingsTest" time="0.001"/>
  <testcase name="lineEndings[./resources/icons/mediumschematics/aspects/DB-HV-1969/index.php]" classname="jmri.util.FileLineEndingsTest" time="0.001"/>
  <testcase name="lineEndings[./resources/icons/mediumschematics/aspects/DB-HV-1969/block_distant/index.php]" classname="jmri.util.FileLineEndingsTest" time="0.001"/>
  <testcase name="lineEndings[./resources/icons/mediumschematics/aspects/DB-HV-1969/exit/index.php]" classname="jmri.util.FileLineEndingsTest" time="0"/>
  <testcase name="lineEndings[./resources/icons/mediumschematics/aspects/DB-HV-1969/block_distant_short/index.php]" classname="jmri.util.FileLineEndingsTest" time="0.001"/>
  <testcase name="lineEndings[./resources/icons/mediumschematics/aspects/DB-HV-1969/exit_distant_short/index.php]" classname="jmri.util.FileLineEndingsTest" time="0.001"/>
  <testcase name="lineEndings[./resources/icons/mediumschematics/aspects/DB-HV-1969/distant_repeater/index.php]" classname="jmri.util.FileLineEndingsTest" time="0.001"/>
  <testcase name="lineEndings[./resources/icons/mediumschematics/aspects/DB-HV-1969/distant/index.php]" classname="jmri.util.FileLineEndingsTest" time="0"/>
  <testcase name="lineEndings[./resources/icons/mediumschematics/aspects/DB-HV-1969/shunting/index.php]" classname="jmri.util.FileLineEndingsTest" time="0.001"/>
  <testcase name="lineEndings[./resources/icons/mediumschematics/aspects/DB-HV-1969/block/index.php]" classname="jmri.util.FileLineEndingsTest" time="0.001"/>
  <testcase name="lineEndings[./resources/icons/mediumschematics/aspects/DB-HV-1969/entry_distant_short/index.php]" classname="jmri.util.FileLineEndingsTest" time="0.001"/>
  <testcase name="lineEndings[./resources/icons/mediumschematics/aspects/DB-HV-1969/entry/index.php]" classname="jmri.util.FileLineEndingsTest" time="0"/>
  <testcase name="lineEndings[./resources/icons/mediumschematics/aspects/index.php]" classname="jmri.util.FileLineEndingsTest" time="0.001"/>
  <testcase name="lineEndings[./resources/icons/mediumschematics/BandOsignals/index.php]" classname="jmri.util.FileLineEndingsTest" time="0.001"/>
  <testcase name="lineEndings[./resources/icons/mediumschematics/Signals/DwarfHorizontal/index.php]" classname="jmri.util.FileLineEndingsTest" time="0.001"/>
  <testcase name="lineEndings[./resources/icons/mediumschematics/Signals/Dwarf45Degree/index.php]" classname="jmri.util.FileLineEndingsTest" time="0"/>
  <testcase name="lineEndings[./resources/icons/mediumschematics/Signals/Tall45Degree/index.php]" classname="jmri.util.FileLineEndingsTest" time="0.001"/>
  <testcase name="lineEndings[./resources/icons/mediumschematics/Signals/Inverted/index.php]" classname="jmri.util.FileLineEndingsTest" time="0.001"/>
  <testcase name="lineEndings[./resources/icons/mediumschematics/Signals/index.php]" classname="jmri.util.FileLineEndingsTest" time="0.001"/>
  <testcase name="lineEndings[./resources/icons/mediumschematics/Signals/TallHorizontal/index.php]" classname="jmri.util.FileLineEndingsTest" time="0"/>
  <testcase name="lineEndings[./resources/icons/mediumschematics/LEDs/index.php]" classname="jmri.util.FileLineEndingsTest" time="0.001"/>
  <testcase name="lineEndings[./resources/icons/mediumschematics/PRRsignals/index.php]" classname="jmri.util.FileLineEndingsTest" time="0.001"/>
  <testcase name="lineEndings[./resources/icons/mediumschematics/index.php]" classname="jmri.util.FileLineEndingsTest" time="0.001"/>
  <testcase name="lineEndings[./resources/icons/USSpanels/Plates/index.php]" classname="jmri.util.FileLineEndingsTest" time="0"/>
  <testcase name="lineEndings[./resources/icons/USSpanels/TrackSegments/index.php]" classname="jmri.util.FileLineEndingsTest" time="0.001"/>
  <testcase name="lineEndings[./resources/icons/USSpanels/Lamps/index.php]" classname="jmri.util.FileLineEndingsTest" time="0.001"/>
  <testcase name="lineEndings[./resources/icons/USSpanels/LampPhotos/index.php]" classname="jmri.util.FileLineEndingsTest" time="0.001"/>
  <testcase name="lineEndings[./resources/icons/USSpanels/Lamps-old/index.php]" classname="jmri.util.FileLineEndingsTest" time="0"/>
  <testcase name="lineEndings[./resources/icons/USSpanels/index.php]" classname="jmri.util.FileLineEndingsTest" time="0.001"/>
  <testcase name="lineEndings[./resources/icons/USSpanels/Panels/index.php]" classname="jmri.util.FileLineEndingsTest" time="0.001"/>
  <testcase name="lineEndings[./resources/icons/track/UTCS/TrackSeg/index.php]" classname="jmri.util.FileLineEndingsTest" time="0.001"/>
  <testcase name="lineEndings[./resources/icons/track/UTCS/LeftTO/index.php]" classname="jmri.util.FileLineEndingsTest" time="0"/>
  <testcase name="lineEndings[./resources/icons/track/UTCS/RightTO/index.php]" classname="jmri.util.FileLineEndingsTest" time="0.001"/>
  <testcase name="lineEndings[./resources/icons/track/UTCS/index.php]" classname="jmri.util.FileLineEndingsTest" time="0.001"/>
  <testcase name="lineEndings[./resources/icons/track/line/RightTO/index.php]" classname="jmri.util.FileLineEndingsTest" time="0.001"/>
  <testcase name="lineEndings[./resources/icons/track/line/LeftTO/index.php]" classname="jmri.util.FileLineEndingsTest" time="0"/>
  <testcase name="lineEndings[./resources/icons/track/line/index.php]" classname="jmri.util.FileLineEndingsTest" time="0.001"/>
  <testcase name="lineEndings[./resources/icons/track/line/TrackSeg/index.php]" classname="jmri.util.FileLineEndingsTest" time="0.001"/>
  <testcase name="lineEndings[./resources/icons/track/USS/RightTO/index.php]" classname="jmri.util.FileLineEndingsTest" time="0"/>
  <testcase name="lineEndings[./resources/icons/track/USS/LeftTO/index.php]" classname="jmri.util.FileLineEndingsTest" time="0"/>
  <testcase name="lineEndings[./resources/icons/track/USS/TrackSeg/index.php]" classname="jmri.util.FileLineEndingsTest" time="0.001"/>
  <testcase name="lineEndings[./resources/icons/track/USS/index.php]" classname="jmri.util.FileLineEndingsTest" time="0.001"/>
  <testcase name="lineEndings[./resources/icons/track/index.php]" classname="jmri.util.FileLineEndingsTest" time="0"/>
  <testcase name="lineEndings[./resources/icons/largeschematics/aspects/CFL-2014/index.php]" classname="jmri.util.FileLineEndingsTest" time="0.001"/>
  <testcase name="lineEndings[./resources/icons/largeschematics/aspects/DB-HV-1969/exit_distant_short/index.php]" classname="jmri.util.FileLineEndingsTest" time="0.001"/>
  <testcase name="lineEndings[./resources/icons/largeschematics/aspects/DB-HV-1969/block_distant/index.php]" classname="jmri.util.FileLineEndingsTest" time="0.001"/>
  <testcase name="lineEndings[./resources/icons/largeschematics/aspects/DB-HV-1969/block/index.php]" classname="jmri.util.FileLineEndingsTest" time="0"/>
  <testcase name="lineEndings[./resources/icons/largeschematics/aspects/DB-HV-1969/entry_distant_short/index.php]" classname="jmri.util.FileLineEndingsTest" time="0.001"/>
  <testcase name="lineEndings[./resources/icons/largeschematics/aspects/DB-HV-1969/exit_distant/index.php]" classname="jmri.util.FileLineEndingsTest" time="0.001"/>
  <testcase name="lineEndings[./resources/icons/largeschematics/aspects/DB-HV-1969/block_distant_short/index.php]" classname="jmri.util.FileLineEndingsTest" time="0.001"/>
  <testcase name="lineEndings[./resources/icons/largeschematics/aspects/DB-HV-1969/entry_distant/index.php]" classname="jmri.util.FileLineEndingsTest" time="0"/>
  <testcase name="lineEndings[./resources/icons/largeschematics/aspects/DB-HV-1969/index.php]" classname="jmri.util.FileLineEndingsTest" time="0.001"/>
  <testcase name="lineEndings[./resources/icons/largeschematics/aspects/DB-HV-1969/exit/index.php]" classname="jmri.util.FileLineEndingsTest" time="0.001"/>
  <testcase name="lineEndings[./resources/icons/largeschematics/aspects/DB-HV-1969/distant_short/index.php]" classname="jmri.util.FileLineEndingsTest" time="0.001"/>
  <testcase name="lineEndings[./resources/icons/largeschematics/aspects/DB-HV-1969/distant_repeater/index.php]" classname="jmri.util.FileLineEndingsTest" time="0"/>
  <testcase name="lineEndings[./resources/icons/largeschematics/aspects/DB-HV-1969/shunting_dwarf/index.php]" classname="jmri.util.FileLineEndingsTest" time="0.001"/>
  <testcase name="lineEndings[./resources/icons/largeschematics/aspects/DB-HV-1969/entry/index.php]" classname="jmri.util.FileLineEndingsTest" time="0.001"/>
  <testcase name="lineEndings[./resources/icons/largeschematics/aspects/DB-HV-1969/distant/index.php]" classname="jmri.util.FileLineEndingsTest" time="0.001"/>
  <testcase name="lineEndings[./resources/icons/largeschematics/aspects/DB-HV-1969/shunting/index.php]" classname="jmri.util.FileLineEndingsTest" time="0.001"/>
  <testcase name="lineEndings[./resources/icons/largeschematics/aspects/index.php]" classname="jmri.util.FileLineEndingsTest" time="0"/>
  <testcase name="lineEndings[./resources/icons/largeschematics/index.php]" classname="jmri.util.FileLineEndingsTest" time="0.001"/>
  <testcase name="lineEndings[./resources/icons/BritishRailSignals/Aspects/JunctionIndicators/index.php]" classname="jmri.util.FileLineEndingsTest" time="0.001"/>
  <testcase name="lineEndings[./resources/icons/BritishRailSignals/Aspects/index.php]" classname="jmri.util.FileLineEndingsTest" time="0"/>
  <testcase name="lineEndings[./resources/icons/BritishRailSignals/Large/JunctionIndicators/Backgrounds/index.php]" classname="jmri.util.FileLineEndingsTest" time="0.001"/>
  <testcase name="lineEndings[./resources/icons/BritishRailSignals/Large/JunctionIndicators/index.php]" classname="jmri.util.FileLineEndingsTest" time="0.001"/>
  <testcase name="lineEndings[./resources/icons/BritishRailSignals/Large/index.php]" classname="jmri.util.FileLineEndingsTest" time="0.001"/>
  <testcase name="lineEndings[./resources/icons/BritishRailSignals/index.php]" classname="jmri.util.FileLineEndingsTest" time="0"/>
  <testcase name="lineEndings[./resources/icons/misc/gui3/index.php]" classname="jmri.util.FileLineEndingsTest" time="0.001"/>
  <testcase name="lineEndings[./resources/icons/misc/LCD/index.php]" classname="jmri.util.FileLineEndingsTest" time="0.001"/>
  <testcase name="lineEndings[./resources/icons/misc/Nixie/index.php]" classname="jmri.util.FileLineEndingsTest" time="0.001"/>
  <testcase name="lineEndings[./resources/icons/misc/index.php]" classname="jmri.util.FileLineEndingsTest" time="0"/>
  <testcase name="lineEndings[./resources/icons/throttles/index.php]" classname="jmri.util.FileLineEndingsTest" time="0.001"/>
  <testcase name="lineEndings[./resources/icons/throttles/img/index.php]" classname="jmri.util.FileLineEndingsTest" time="0.001"/>
  <testcase name="lineEndings[./resources/icons/cornwall/index.php]" classname="jmri.util.FileLineEndingsTest" time="0.001"/>
  <testcase name="lineEndings[./resources/icons/Armstrong/index.php]" classname="jmri.util.FileLineEndingsTest" time="0"/>
  <testcase name="lineEndings[./resources/icons/GermanSignals/index.php]" classname="jmri.util.FileLineEndingsTest" time="0.001"/>
  <testcase name="lineEndings[./resources/icons/CTCpanels/index.php]" classname="jmri.util.FileLineEndingsTest" time="0.001"/>
  <testcase name="lineEndings[./resources/icons/CTCpanels/CtcPlates60x60/index.php]" classname="jmri.util.FileLineEndingsTest" time="0.001"/>
  <testcase name="lineEndings[./resources/icons/CTCpanels/CtcPlates66x123/index.php]" classname="jmri.util.FileLineEndingsTest" time="0"/>
  <testcase name="lineEndings[./resources/icons/index.php]" classname="jmri.util.FileLineEndingsTest" time="0.001"/>
  <testcase name="lineEndings[./resources/icons/markers/index.php]" classname="jmri.util.FileLineEndingsTest" time="0.001"/>
  <testcase name="lineEndings[./resources/index.php]" classname="jmri.util.FileLineEndingsTest" time="0"/>
  <testcase name="lineEndings[./resources/original_icons/index.php]" classname="jmri.util.FileLineEndingsTest" time="0.001"/>
  <testcase name="lineEndings[./resources/showIcons.php]" classname="jmri.util.FileLineEndingsTest" time="0.001"/>
  <testcase name="lineEndings[./scripts/MacOSXapps/TemplateApp.app/Contents/Info.plist]" classname="jmri.util.FileLineEndingsTest" time="0.001"/>
  <testcase name="lineEndings[./lib/test-security.policy]" classname="jmri.util.FileLineEndingsTest" time="0"/>
  <testcase name="lineEndings[./lib/security.policy]" classname="jmri.util.FileLineEndingsTest" time="0.001"/>
  <testcase name="lineEndings[./java/.settings/org.eclipse.jdt.ui.prefs]" classname="jmri.util.FileLineEndingsTest" time="0.001"/>
  <testcase name="lineEndings[./java/.settings/org.eclipse.jdt.core.prefs]" classname="jmri.util.FileLineEndingsTest" time="0.001"/>
  <testcase name="lineEndings[./.settings/org.eclipse.core.resources.prefs]" classname="jmri.util.FileLineEndingsTest" time="0"/>
  <testcase name="lineEndings[./.settings/org.eclipse.core.runtime.prefs]" classname="jmri.util.FileLineEndingsTest" time="0.001"/>
  <testcase name="lineEndings[./.settings/org.eclipse.m2e.core.prefs]" classname="jmri.util.FileLineEndingsTest" time="0.001"/>
  <testcase name="lineEndings[./.settings/org.eclipse.jdt.ui.prefs]" classname="jmri.util.FileLineEndingsTest" time="0.001"/>
  <testcase name="lineEndings[./.settings/org.eclipse.jdt.core.prefs]" classname="jmri.util.FileLineEndingsTest" time="0"/>
  <testcase name="lineEndings[./.settings/org.eclipse.jdt.launching.prefs]" classname="jmri.util.FileLineEndingsTest" time="0.001"/>
  <testcase name="lineEndings[./java/src/jmri/jmrit/display/controlPanelEditor/ControlPanelBundle_de.properties]" classname="jmri.util.FileLineEndingsTest" time="0.001"/>
  <testcase name="lineEndings[./java/src/jmri/jmrit/display/controlPanelEditor/ControlPanelBundle_ca.properties]" classname="jmri.util.FileLineEndingsTest" time="0.001"/>
  <testcase name="lineEndings[./java/src/jmri/jmrit/display/controlPanelEditor/ControlPanelBundle_da.properties]" classname="jmri.util.FileLineEndingsTest" time="0"/>
  <testcase name="lineEndings[./java/src/jmri/jmrit/display/controlPanelEditor/ControlPanelBundle.properties]" classname="jmri.util.FileLineEndingsTest" time="0.001"/>
  <testcase name="lineEndings[./java/src/jmri/jmrit/display/controlPanelEditor/ControlPanelBundle_nl.properties]" classname="jmri.util.FileLineEndingsTest" time="0.001"/>
  <testcase name="lineEndings[./java/src/jmri/jmrit/display/controlPanelEditor/ControlPanelBundle_cs.properties]" classname="jmri.util.FileLineEndingsTest" time="0.001"/>
  <testcase name="lineEndings[./java/src/jmri/jmrit/display/controlPanelEditor/ControlPanelBundle_fr.properties]" classname="jmri.util.FileLineEndingsTest" time="0.001"/>
  <testcase name="lineEndings[./java/src/jmri/jmrit/display/controlPanelEditor/ControlPanelBundle_it.properties]" classname="jmri.util.FileLineEndingsTest" time="0"/>
  <testcase name="lineEndings[./java/src/jmri/jmrit/display/palette/PaletteBundle_de.properties]" classname="jmri.util.FileLineEndingsTest" time="0.001"/>
  <testcase name="lineEndings[./java/src/jmri/jmrit/display/palette/PaletteBundle_da.properties]" classname="jmri.util.FileLineEndingsTest" time="0.001"/>
  <testcase name="lineEndings[./java/src/jmri/jmrit/display/palette/PaletteBundle_nl.properties]" classname="jmri.util.FileLineEndingsTest" time="0.001"/>
  <testcase name="lineEndings[./java/src/jmri/jmrit/display/palette/PaletteBundle_en_GB.properties]" classname="jmri.util.FileLineEndingsTest" time="0"/>
  <testcase name="lineEndings[./java/src/jmri/jmrit/display/palette/PaletteBundle_it.properties]" classname="jmri.util.FileLineEndingsTest" time="0.001"/>
  <testcase name="lineEndings[./java/src/jmri/jmrit/display/palette/PaletteBundle_cs.properties]" classname="jmri.util.FileLineEndingsTest" time="0.001"/>
  <testcase name="lineEndings[./java/src/jmri/jmrit/display/palette/PaletteBundle.properties]" classname="jmri.util.FileLineEndingsTest" time="0.001"/>
  <testcase name="lineEndings[./java/src/jmri/jmrit/display/palette/PaletteBundle_fr.properties]" classname="jmri.util.FileLineEndingsTest" time="0.001"/>
  <testcase name="lineEndings[./java/src/jmri/jmrit/display/layoutEditor/LayoutEditorBundle_fr.properties]" classname="jmri.util.FileLineEndingsTest" time="0.001"/>
  <testcase name="lineEndings[./java/src/jmri/jmrit/display/layoutEditor/LayoutEditorBundle_da.properties]" classname="jmri.util.FileLineEndingsTest" time="0.001"/>
  <testcase name="lineEndings[./java/src/jmri/jmrit/display/layoutEditor/LayoutEditorBundle_cs.properties]" classname="jmri.util.FileLineEndingsTest" time="0.001"/>
  <testcase name="lineEndings[./java/src/jmri/jmrit/display/layoutEditor/LayoutEditorBundle_en_GB.properties]" classname="jmri.util.FileLineEndingsTest" time="0"/>
  <testcase name="lineEndings[./java/src/jmri/jmrit/display/layoutEditor/LayoutEditorBundle_ca.properties]" classname="jmri.util.FileLineEndingsTest" time="0.001"/>
  <testcase name="lineEndings[./java/src/jmri/jmrit/display/layoutEditor/LayoutEditorBundle_nl.properties]" classname="jmri.util.FileLineEndingsTest" time="0.001"/>
  <testcase name="lineEndings[./java/src/jmri/jmrit/display/layoutEditor/LayoutEditorBundle.properties]" classname="jmri.util.FileLineEndingsTest" time="0.001"/>
  <testcase name="lineEndings[./java/src/jmri/jmrit/display/layoutEditor/LayoutEditorBundle_it.properties]" classname="jmri.util.FileLineEndingsTest" time="0.001"/>
  <testcase name="lineEndings[./java/src/jmri/jmrit/display/layoutEditor/LayoutEditorBundle_ja_JP.properties]" classname="jmri.util.FileLineEndingsTest" time="0.001"/>
  <testcase name="lineEndings[./java/src/jmri/jmrit/display/layoutEditor/LayoutEditorBundle_de.properties]" classname="jmri.util.FileLineEndingsTest" time="0.036"/>
  <testcase name="lineEndings[./java/src/jmri/jmrit/display/DisplayBundle_fr.properties]" classname="jmri.util.FileLineEndingsTest" time="0.001"/>
  <testcase name="lineEndings[./java/src/jmri/jmrit/display/DisplayBundle_es.properties]" classname="jmri.util.FileLineEndingsTest" time="0.002"/>
  <testcase name="lineEndings[./java/src/jmri/jmrit/display/DisplayBundle_ja_JP.properties]" classname="jmri.util.FileLineEndingsTest" time="0.001"/>
  <testcase name="lineEndings[./java/src/jmri/jmrit/display/DisplayBundle_nl.properties]" classname="jmri.util.FileLineEndingsTest" time="0.002"/>
  <testcase name="lineEndings[./java/src/jmri/jmrit/display/DisplayBundle_de.properties]" classname="jmri.util.FileLineEndingsTest" time="0.001"/>
  <testcase name="lineEndings[./java/src/jmri/jmrit/display/DisplayBundle.properties]" classname="jmri.util.FileLineEndingsTest" time="0.001"/>
  <testcase name="lineEndings[./java/src/jmri/jmrit/display/DisplayBundle_en_GB.properties]" classname="jmri.util.FileLineEndingsTest" time="0.002"/>
  <testcase name="lineEndings[./java/src/jmri/jmrit/display/DisplayBundle_ca.properties]" classname="jmri.util.FileLineEndingsTest" time="0.001"/>
  <testcase name="lineEndings[./java/src/jmri/jmrit/display/DisplayBundle_cs.properties]" classname="jmri.util.FileLineEndingsTest" time="0.001"/>
  <testcase name="lineEndings[./java/src/jmri/jmrit/display/DisplayBundle_it.properties]" classname="jmri.util.FileLineEndingsTest" time="0.002"/>
  <testcase name="lineEndings[./java/src/jmri/jmrit/display/DisplayBundle_da.properties]" classname="jmri.util.FileLineEndingsTest" time="0.001"/>
  <testcase name="lineEndings[./java/src/jmri/jmrit/beantable/OBlockTableBundle_ca.properties]" classname="jmri.util.FileLineEndingsTest" time="0.002"/>
  <testcase name="lineEndings[./java/src/jmri/jmrit/beantable/BeanTableBundle_nl.properties]" classname="jmri.util.FileLineEndingsTest" time="0.001"/>
  <testcase name="lineEndings[./java/src/jmri/jmrit/beantable/SectionTransitTableBundle_da.properties]" classname="jmri.util.FileLineEndingsTest" time="0.001"/>
  <testcase name="lineEndings[./java/src/jmri/jmrit/beantable/SectionTransitTableBundle_fr.properties]" classname="jmri.util.FileLineEndingsTest" time="0.001"/>
  <testcase name="lineEndings[./java/src/jmri/jmrit/beantable/BeanTableBundle_en_GB.properties]" classname="jmri.util.FileLineEndingsTest" time="0.002"/>
  <testcase name="lineEndings[./java/src/jmri/jmrit/beantable/signalmast/RepeaterBundle_nl.properties]" classname="jmri.util.FileLineEndingsTest" time="0.001"/>
  <testcase name="lineEndings[./java/src/jmri/jmrit/beantable/signalmast/RepeaterBundle_fr.properties]" classname="jmri.util.FileLineEndingsTest" time="0.001"/>
  <testcase name="lineEndings[./java/src/jmri/jmrit/beantable/signalmast/RepeaterBundle.properties]" classname="jmri.util.FileLineEndingsTest" time="0.001"/>
  <testcase name="lineEndings[./java/src/jmri/jmrit/beantable/signalmast/RepeaterBundle_de.properties]" classname="jmri.util.FileLineEndingsTest" time="0.002"/>
  <testcase name="lineEndings[./java/src/jmri/jmrit/beantable/signalmast/RepeaterBundle_it.properties]" classname="jmri.util.FileLineEndingsTest" time="0.001"/>
  <testcase name="lineEndings[./java/src/jmri/jmrit/beantable/signalmast/RepeaterBundle_da.properties]" classname="jmri.util.FileLineEndingsTest" time="0.001"/>
  <testcase name="lineEndings[./java/src/jmri/jmrit/beantable/signalmast/RepeaterBundle_cs.properties]" classname="jmri.util.FileLineEndingsTest" time="0.001"/>
  <testcase name="lineEndings[./java/src/jmri/jmrit/beantable/signalmast/RepeaterBundle_ca.properties]" classname="jmri.util.FileLineEndingsTest" time="0.001"/>
  <testcase name="lineEndings[./java/src/jmri/jmrit/beantable/LRouteTableBundle_ca.properties]" classname="jmri.util.FileLineEndingsTest" time="0.001"/>
  <testcase name="lineEndings[./java/src/jmri/jmrit/beantable/MaintenanceBundle.properties]" classname="jmri.util.FileLineEndingsTest" time="0.001"/>
  <testcase name="lineEndings[./java/src/jmri/jmrit/beantable/JmritBeantablePhysicalLocationBundle_fr.properties]" classname="jmri.util.FileLineEndingsTest" time="0.001"/>
  <testcase name="lineEndings[./java/src/jmri/jmrit/beantable/JmritBeantablePhysicalLocationBundle_it.properties]" classname="jmri.util.FileLineEndingsTest" time="0.001"/>
  <testcase name="lineEndings[./java/src/jmri/jmrit/beantable/SectionTransitTableBundle_nl.properties]" classname="jmri.util.FileLineEndingsTest" time="0.001"/>
  <testcase name="lineEndings[./java/src/jmri/jmrit/beantable/BeanTableBundle_ja_JP.properties]" classname="jmri.util.FileLineEndingsTest" time="0.001"/>
  <testcase name="lineEndings[./java/src/jmri/jmrit/beantable/LRouteTableBundle_de.properties]" classname="jmri.util.FileLineEndingsTest" time="0.002"/>
  <testcase name="lineEndings[./java/src/jmri/jmrit/beantable/LRouteTableBundle_fr.properties]" classname="jmri.util.FileLineEndingsTest" time="0.001"/>
  <testcase name="lineEndings[./java/src/jmri/jmrit/beantable/beanedit/BeanEditBundle_de.properties]" classname="jmri.util.FileLineEndingsTest" time="0.001"/>
  <testcase name="lineEndings[./java/src/jmri/jmrit/beantable/beanedit/BeanEditBundle.properties]" classname="jmri.util.FileLineEndingsTest" time="0.001"/>
  <testcase name="lineEndings[./java/src/jmri/jmrit/beantable/beanedit/BeanEditBundle_ca.properties]" classname="jmri.util.FileLineEndingsTest" time="0.001"/>
  <testcase name="lineEndings[./java/src/jmri/jmrit/beantable/beanedit/BeanEditBundle_da.properties]" classname="jmri.util.FileLineEndingsTest" time="0.001"/>
  <testcase name="lineEndings[./java/src/jmri/jmrit/beantable/beanedit/BeanEditBundle_nl.properties]" classname="jmri.util.FileLineEndingsTest" time="0.001"/>
  <testcase name="lineEndings[./java/src/jmri/jmrit/beantable/beanedit/BeanEditBundle_cs.properties]" classname="jmri.util.FileLineEndingsTest" time="0.001"/>
  <testcase name="lineEndings[./java/src/jmri/jmrit/beantable/beanedit/BeanEditBundle_fr.properties]" classname="jmri.util.FileLineEndingsTest" time="0.002"/>
  <testcase name="lineEndings[./java/src/jmri/jmrit/beantable/beanedit/BeanEditBundle_it.properties]" classname="jmri.util.FileLineEndingsTest" time="0.001"/>
  <testcase name="lineEndings[./java/src/jmri/jmrit/beantable/BeanTableBundle_de.properties]" classname="jmri.util.FileLineEndingsTest" time="0.001"/>
  <testcase name="lineEndings[./java/src/jmri/jmrit/beantable/MaintenanceBundle_fr.properties]" classname="jmri.util.FileLineEndingsTest" time="0.001"/>
  <testcase name="lineEndings[./java/src/jmri/jmrit/beantable/SectionTransitTableBundle_de.properties]" classname="jmri.util.FileLineEndingsTest" time="0.001"/>
  <testcase name="lineEndings[./java/src/jmri/jmrit/beantable/JmritBeantablePhysicalLocationBundle_nl.properties]" classname="jmri.util.FileLineEndingsTest" time="0.001"/>
  <testcase name="lineEndings[./java/src/jmri/jmrit/beantable/MaintenanceBundle_ca.properties]" classname="jmri.util.FileLineEndingsTest" time="0.001"/>
  <testcase name="lineEndings[./java/src/jmri/jmrit/beantable/LRouteTableBundle.properties]" classname="jmri.util.FileLineEndingsTest" time="0.001"/>
  <testcase name="lineEndings[./java/src/jmri/jmrit/beantable/OBlockTableBundle_it.properties]" classname="jmri.util.FileLineEndingsTest" time="0.001"/>
  <testcase name="lineEndings[./java/src/jmri/jmrit/beantable/BeanTableBundle_ca.properties]" classname="jmri.util.FileLineEndingsTest" time="0.002"/>
  <testcase name="lineEndings[./java/src/jmri/jmrit/beantable/BeanTableBundle.properties]" classname="jmri.util.FileLineEndingsTest" time="0.001"/>
  <testcase name="lineEndings[./java/src/jmri/jmrit/beantable/SectionTransitTableBundle_it.properties]" classname="jmri.util.FileLineEndingsTest" time="0.001"/>
  <testcase name="lineEndings[./java/src/jmri/jmrit/beantable/LRouteTableBundle_ja_JP.properties]" classname="jmri.util.FileLineEndingsTest" time="0.001"/>
  <testcase name="lineEndings[./java/src/jmri/jmrit/beantable/MaintenanceBundle_da.properties]" classname="jmri.util.FileLineEndingsTest" time="0.001"/>
  <testcase name="lineEndings[./java/src/jmri/jmrit/beantable/BeanTableBundle_it.properties]" classname="jmri.util.FileLineEndingsTest" time="0.001"/>
  <testcase name="lineEndings[./java/src/jmri/jmrit/beantable/JmritBeantablePhysicalLocationBundle.properties]" classname="jmri.util.FileLineEndingsTest" time="0.001"/>
  <testcase name="lineEndings[./java/src/jmri/jmrit/beantable/OBlockTableBundle.properties]" classname="jmri.util.FileLineEndingsTest" time="0.001"/>
  <testcase name="lineEndings[./java/src/jmri/jmrit/beantable/BeanTableBundle_da.properties]" classname="jmri.util.FileLineEndingsTest" time="0.002"/>
  <testcase name="lineEndings[./java/src/jmri/jmrit/beantable/OBlockTableBundle_de.properties]" classname="jmri.util.FileLineEndingsTest" time="0.001"/>
  <testcase name="lineEndings[./java/src/jmri/jmrit/beantable/SectionTransitTableBundle_ca.properties]" classname="jmri.util.FileLineEndingsTest" time="0.001"/>
  <testcase name="lineEndings[./java/src/jmri/jmrit/beantable/MaintenanceBundle_it.properties]" classname="jmri.util.FileLineEndingsTest" time="0.001"/>
  <testcase name="lineEndings[./java/src/jmri/jmrit/beantable/OBlockTableBundle_da.properties]" classname="jmri.util.FileLineEndingsTest" time="0.001"/>
  <testcase name="lineEndings[./java/src/jmri/jmrit/beantable/SectionTransitTableBundle_ja_JP.properties]" classname="jmri.util.FileLineEndingsTest" time="0.001"/>
  <testcase name="lineEndings[./java/src/jmri/jmrit/beantable/LRouteTableBundle_it.properties]" classname="jmri.util.FileLineEndingsTest" time="0.001"/>
  <testcase name="lineEndings[./java/src/jmri/jmrit/beantable/MaintenanceBundle_ja_JP.properties]" classname="jmri.util.FileLineEndingsTest" time="0.001"/>
  <testcase name="lineEndings[./java/src/jmri/jmrit/beantable/JmritBeantablePhysicalLocationBundle_cs.properties]" classname="jmri.util.FileLineEndingsTest" time="0.001"/>
  <testcase name="lineEndings[./java/src/jmri/jmrit/beantable/JmritBeantablePhysicalLocationBundle_da.properties]" classname="jmri.util.FileLineEndingsTest" time="0"/>
  <testcase name="lineEndings[./java/src/jmri/jmrit/beantable/JmritBeantablePhysicalLocationBundle_ca.properties]" classname="jmri.util.FileLineEndingsTest" time="0"/>
  <testcase name="lineEndings[./java/src/jmri/jmrit/beantable/LRouteTableBundle_da.properties]" classname="jmri.util.FileLineEndingsTest" time="0.001"/>
  <testcase name="lineEndings[./java/src/jmri/jmrit/beantable/BeanTableBundle_fr.properties]" classname="jmri.util.FileLineEndingsTest" time="0.001"/>
  <testcase name="lineEndings[./java/src/jmri/jmrit/beantable/SectionTransitTableBundle.properties]" classname="jmri.util.FileLineEndingsTest" time="0"/>
  <testcase name="lineEndings[./java/src/jmri/jmrit/beantable/BeanTableBundle_es.properties]" classname="jmri.util.FileLineEndingsTest" time="0.001"/>
  <testcase name="lineEndings[./java/src/jmri/jmrit/beantable/JmritBeantablePhysicalLocationBundle_de.properties]" classname="jmri.util.FileLineEndingsTest" time="0.001"/>
  <testcase name="lineEndings[./java/src/jmri/jmrit/beantable/OBlockTableBundle_fr.properties]" classname="jmri.util.FileLineEndingsTest" time="0.001"/>
  <testcase name="lineEndings[./java/src/jmri/jmrit/beantable/MaintenanceBundle_de.properties]" classname="jmri.util.FileLineEndingsTest" time="0.001"/>
  <testcase name="lineEndings[./java/src/jmri/jmrit/beantable/BeanTableBundle_cs.properties]" classname="jmri.util.FileLineEndingsTest" time="0.001"/>
  <testcase name="lineEndings[./java/src/jmri/jmrit/beantable/LRouteTableBundle_cs.properties]" classname="jmri.util.FileLineEndingsTest" time="0.001"/>
  <testcase name="lineEndings[./java/src/jmri/jmrit/operations/locations/JmritOperationsLocationsBundle_it.properties]" classname="jmri.util.FileLineEndingsTest" time="0.001"/>
  <testcase name="lineEndings[./java/src/jmri/jmrit/operations/locations/JmritOperationsLocationsBundle_fr.properties]" classname="jmri.util.FileLineEndingsTest" time="0.001"/>
  <testcase name="lineEndings[./java/src/jmri/jmrit/operations/locations/JmritOperationsLocationsBundle_de.properties]" classname="jmri.util.FileLineEndingsTest" time="0.001"/>
  <testcase name="lineEndings[./java/src/jmri/jmrit/operations/locations/JmritOperationsLocationsBundle_ca.properties]" classname="jmri.util.FileLineEndingsTest" time="0.001"/>
  <testcase name="lineEndings[./java/src/jmri/jmrit/operations/locations/JmritOperationsLocationsBundle_en_GB.properties]" classname="jmri.util.FileLineEndingsTest" time="0.001"/>
  <testcase name="lineEndings[./java/src/jmri/jmrit/operations/locations/JmritOperationsLocationsBundle.properties]" classname="jmri.util.FileLineEndingsTest" time="0.001"/>
  <testcase name="lineEndings[./java/src/jmri/jmrit/operations/locations/JmritOperationsLocationsBundle_da.properties]" classname="jmri.util.FileLineEndingsTest" time="0.001"/>
  <testcase name="lineEndings[./java/src/jmri/jmrit/operations/locations/JmritOperationsLocationsBundle_ja_JP.properties]" classname="jmri.util.FileLineEndingsTest" time="0.001"/>
  <testcase name="lineEndings[./java/src/jmri/jmrit/operations/automation/JmritOperationsAutomationBundle_fr.properties]" classname="jmri.util.FileLineEndingsTest" time="0.001"/>
  <testcase name="lineEndings[./java/src/jmri/jmrit/operations/automation/JmritOperationsAutomationBundle_da.properties]" classname="jmri.util.FileLineEndingsTest" time="0.001"/>
  <testcase name="lineEndings[./java/src/jmri/jmrit/operations/automation/JmritOperationsAutomationBundle_ca.properties]" classname="jmri.util.FileLineEndingsTest" time="0.001"/>
  <testcase name="lineEndings[./java/src/jmri/jmrit/operations/automation/JmritOperationsAutomationBundle.properties]" classname="jmri.util.FileLineEndingsTest" time="0"/>
  <testcase name="lineEndings[./java/src/jmri/jmrit/operations/automation/JmritOperationsAutomationBundle_de.properties]" classname="jmri.util.FileLineEndingsTest" time="0.001"/>
  <testcase name="lineEndings[./java/src/jmri/jmrit/operations/rollingstock/engines/JmritOperationsEnginesBundle_de.properties]" classname="jmri.util.FileLineEndingsTest" time="0.001"/>
  <testcase name="lineEndings[./java/src/jmri/jmrit/operations/rollingstock/engines/JmritOperationsEnginesBundle_fr.properties]" classname="jmri.util.FileLineEndingsTest" time="0.001"/>
  <testcase name="lineEndings[./java/src/jmri/jmrit/operations/rollingstock/engines/JmritOperationsEnginesBundle_nl.properties]" classname="jmri.util.FileLineEndingsTest" time="0.001"/>
  <testcase name="lineEndings[./java/src/jmri/jmrit/operations/rollingstock/engines/JmritOperationsEnginesBundle.properties]" classname="jmri.util.FileLineEndingsTest" time="0.001"/>
  <testcase name="lineEndings[./java/src/jmri/jmrit/operations/rollingstock/engines/JmritOperationsEnginesBundle_da.properties]" classname="jmri.util.FileLineEndingsTest" time="0.001"/>
  <testcase name="lineEndings[./java/src/jmri/jmrit/operations/rollingstock/engines/JmritOperationsEnginesBundle_ja_JP.properties]" classname="jmri.util.FileLineEndingsTest" time="0.001"/>
  <testcase name="lineEndings[./java/src/jmri/jmrit/operations/rollingstock/engines/JmritOperationsEnginesBundle_ca.properties]" classname="jmri.util.FileLineEndingsTest" time="0.001"/>
  <testcase name="lineEndings[./java/src/jmri/jmrit/operations/rollingstock/engines/JmritOperationsEnginesBundle_en_GB.properties]" classname="jmri.util.FileLineEndingsTest" time="0"/>
  <testcase name="lineEndings[./java/src/jmri/jmrit/operations/rollingstock/engines/JmritOperationsEnginesBundle_it.properties]" classname="jmri.util.FileLineEndingsTest" time="0.001"/>
  <testcase name="lineEndings[./java/src/jmri/jmrit/operations/rollingstock/cars/JmritOperationsCarsBundle_ca.properties]" classname="jmri.util.FileLineEndingsTest" time="0.001"/>
  <testcase name="lineEndings[./java/src/jmri/jmrit/operations/rollingstock/cars/JmritOperationsCarsBundle_ja_JP.properties]" classname="jmri.util.FileLineEndingsTest" time="0.001"/>
  <testcase name="lineEndings[./java/src/jmri/jmrit/operations/rollingstock/cars/JmritOperationsCarsBundle_en_GB.properties]" classname="jmri.util.FileLineEndingsTest" time="0.001"/>
  <testcase name="lineEndings[./java/src/jmri/jmrit/operations/rollingstock/cars/JmritOperationsCarsBundle_da.properties]" classname="jmri.util.FileLineEndingsTest" time="0.001"/>
  <testcase name="lineEndings[./java/src/jmri/jmrit/operations/rollingstock/cars/JmritOperationsCarsBundle_de.properties]" classname="jmri.util.FileLineEndingsTest" time="0.001"/>
  <testcase name="lineEndings[./java/src/jmri/jmrit/operations/rollingstock/cars/JmritOperationsCarsBundle.properties]" classname="jmri.util.FileLineEndingsTest" time="0"/>
  <testcase name="lineEndings[./java/src/jmri/jmrit/operations/rollingstock/cars/JmritOperationsCarsBundle_fr.properties]" classname="jmri.util.FileLineEndingsTest" time="0"/>
  <testcase name="lineEndings[./java/src/jmri/jmrit/operations/rollingstock/cars/JmritOperationsCarsBundle_it.properties]" classname="jmri.util.FileLineEndingsTest" time="0.001"/>
  <testcase name="lineEndings[./java/src/jmri/jmrit/operations/rollingstock/JmritOperationsRollingStockBundle_da.properties]" classname="jmri.util.FileLineEndingsTest" time="0.001"/>
  <testcase name="lineEndings[./java/src/jmri/jmrit/operations/rollingstock/JmritOperationsRollingStockBundle_en_GB.properties]" classname="jmri.util.FileLineEndingsTest" time="0.001"/>
  <testcase name="lineEndings[./java/src/jmri/jmrit/operations/rollingstock/JmritOperationsRollingStockBundle_ja_JP.properties]" classname="jmri.util.FileLineEndingsTest" time="0.001"/>
  <testcase name="lineEndings[./java/src/jmri/jmrit/operations/rollingstock/JmritOperationsRollingStockBundle_ca.properties]" classname="jmri.util.FileLineEndingsTest" time="0"/>
  <testcase name="lineEndings[./java/src/jmri/jmrit/operations/rollingstock/JmritOperationsRollingStockBundle_nl.properties]" classname="jmri.util.FileLineEndingsTest" time="0.001"/>
  <testcase name="lineEndings[./java/src/jmri/jmrit/operations/rollingstock/JmritOperationsRollingStockBundle_it.properties]" classname="jmri.util.FileLineEndingsTest" time="0.001"/>
  <testcase name="lineEndings[./java/src/jmri/jmrit/operations/rollingstock/JmritOperationsRollingStockBundle_de.properties]" classname="jmri.util.FileLineEndingsTest" time="0.001"/>
  <testcase name="lineEndings[./java/src/jmri/jmrit/operations/rollingstock/JmritOperationsRollingStockBundle.properties]" classname="jmri.util.FileLineEndingsTest" time="0.001"/>
  <testcase name="lineEndings[./java/src/jmri/jmrit/operations/rollingstock/JmritOperationsRollingStockBundle_fr.properties]" classname="jmri.util.FileLineEndingsTest" time="0"/>
  <testcase name="lineEndings[./java/src/jmri/jmrit/operations/setup/JmritOperationsSetupBundle_fr.properties]" classname="jmri.util.FileLineEndingsTest" time="0.001"/>
  <testcase name="lineEndings[./java/src/jmri/jmrit/operations/setup/JmritOperationsSetupBundle_ja_JP.properties]" classname="jmri.util.FileLineEndingsTest" time="0.001"/>
  <testcase name="lineEndings[./java/src/jmri/jmrit/operations/setup/JmritOperationsSetupBundle_nl.properties]" classname="jmri.util.FileLineEndingsTest" time="0.001"/>
  <testcase name="lineEndings[./java/src/jmri/jmrit/operations/setup/JmritOperationsSetupBundle.properties]" classname="jmri.util.FileLineEndingsTest" time="0.001"/>
  <testcase name="lineEndings[./java/src/jmri/jmrit/operations/setup/JmritOperationsSetupBundle_en_GB.properties]" classname="jmri.util.FileLineEndingsTest" time="0"/>
  <testcase name="lineEndings[./java/src/jmri/jmrit/operations/setup/JmritOperationsSetupBundle_da.properties]" classname="jmri.util.FileLineEndingsTest" time="0.001"/>
  <testcase name="lineEndings[./java/src/jmri/jmrit/operations/setup/JmritOperationsSetupBundle_it.properties]" classname="jmri.util.FileLineEndingsTest" time="0.001"/>
  <testcase name="lineEndings[./java/src/jmri/jmrit/operations/setup/JmritOperationsSetupBundle_de.properties]" classname="jmri.util.FileLineEndingsTest" time="0.001"/>
  <testcase name="lineEndings[./java/src/jmri/jmrit/operations/routes/JmritOperationsRoutesBundle_fr.properties]" classname="jmri.util.FileLineEndingsTest" time="0.001"/>
  <testcase name="lineEndings[./java/src/jmri/jmrit/operations/routes/JmritOperationsRoutesBundle_it.properties]" classname="jmri.util.FileLineEndingsTest" time="0"/>
  <testcase name="lineEndings[./java/src/jmri/jmrit/operations/routes/JmritOperationsRoutesBundle_ja_JP.properties]" classname="jmri.util.FileLineEndingsTest" time="0.001"/>
  <testcase name="lineEndings[./java/src/jmri/jmrit/operations/routes/JmritOperationsRoutesBundle.properties]" classname="jmri.util.FileLineEndingsTest" time="0.001"/>
  <testcase name="lineEndings[./java/src/jmri/jmrit/operations/routes/JmritOperationsRoutesBundle_da.properties]" classname="jmri.util.FileLineEndingsTest" time="0.001"/>
  <testcase name="lineEndings[./java/src/jmri/jmrit/operations/routes/JmritOperationsRoutesBundle_en_GB.properties]" classname="jmri.util.FileLineEndingsTest" time="0.001"/>
  <testcase name="lineEndings[./java/src/jmri/jmrit/operations/routes/JmritOperationsRoutesBundle_de.properties]" classname="jmri.util.FileLineEndingsTest" time="0"/>
  <testcase name="lineEndings[./java/src/jmri/jmrit/operations/trains/JmritOperationsTrainsBundle_fr.properties]" classname="jmri.util.FileLineEndingsTest" time="0.001"/>
  <testcase name="lineEndings[./java/src/jmri/jmrit/operations/trains/JmritOperationsTrainsBundle_it.properties]" classname="jmri.util.FileLineEndingsTest" time="0.001"/>
  <testcase name="lineEndings[./java/src/jmri/jmrit/operations/trains/JmritOperationsTrainsBundle_de.properties]" classname="jmri.util.FileLineEndingsTest" time="0.001"/>
  <testcase name="lineEndings[./java/src/jmri/jmrit/operations/trains/JmritOperationsTrainsBundle_da.properties]" classname="jmri.util.FileLineEndingsTest" time="0.001"/>
  <testcase name="lineEndings[./java/src/jmri/jmrit/operations/trains/JmritOperationsTrainsBundle.properties]" classname="jmri.util.FileLineEndingsTest" time="0.001"/>
  <testcase name="lineEndings[./java/src/jmri/jmrit/operations/trains/JmritOperationsTrainsBundle_ja_JP.properties]" classname="jmri.util.FileLineEndingsTest" time="0.001"/>
  <testcase name="lineEndings[./java/src/jmri/jmrit/operations/trains/JmritOperationsTrainsBundle_ca.properties]" classname="jmri.util.FileLineEndingsTest" time="0"/>
  <testcase name="lineEndings[./java/src/jmri/jmrit/operations/trains/JmritOperationsTrainsBundle_en_GB.properties]" classname="jmri.util.FileLineEndingsTest" time="0.001"/>
  <testcase name="lineEndings[./java/src/jmri/jmrit/operations/JmritOperationsBundle_en_GB.properties]" classname="jmri.util.FileLineEndingsTest" time="0.001"/>
  <testcase name="lineEndings[./java/src/jmri/jmrit/operations/router/JmritOperationsRouterBundle_it.properties]" classname="jmri.util.FileLineEndingsTest" time="0.001"/>
  <testcase name="lineEndings[./java/src/jmri/jmrit/operations/router/JmritOperationsRouterBundle.properties]" classname="jmri.util.FileLineEndingsTest" time="0"/>
  <testcase name="lineEndings[./java/src/jmri/jmrit/operations/router/JmritOperationsRouterBundle_fr.properties]" classname="jmri.util.FileLineEndingsTest" time="0"/>
  <testcase name="lineEndings[./java/src/jmri/jmrit/operations/router/JmritOperationsRouterBundle_de.properties]" classname="jmri.util.FileLineEndingsTest" time="0.001"/>
  <testcase name="lineEndings[./java/src/jmri/jmrit/operations/router/JmritOperationsRouterBundle_da.properties]" classname="jmri.util.FileLineEndingsTest" time="0.001"/>
  <testcase name="lineEndings[./java/src/jmri/jmrit/operations/JmritOperationsBundle_it.properties]" classname="jmri.util.FileLineEndingsTest" time="0"/>
  <testcase name="lineEndings[./java/src/jmri/jmrit/operations/JmritOperationsBundle_ja_JP.properties]" classname="jmri.util.FileLineEndingsTest" time="0"/>
  <testcase name="lineEndings[./java/src/jmri/jmrit/operations/JmritOperationsBundle_cs.properties]" classname="jmri.util.FileLineEndingsTest" time="0.001"/>
  <testcase name="lineEndings[./java/src/jmri/jmrit/operations/JmritOperationsBundle_fr.properties]" classname="jmri.util.FileLineEndingsTest" time="0.001"/>
  <testcase name="lineEndings[./java/src/jmri/jmrit/operations/JmritOperationsBundle.properties]" classname="jmri.util.FileLineEndingsTest" time="0.001"/>
  <testcase name="lineEndings[./java/src/jmri/jmrit/operations/JmritOperationsBundle_nl.properties]" classname="jmri.util.FileLineEndingsTest" time="0"/>
  <testcase name="lineEndings[./java/src/jmri/jmrit/operations/JmritOperationsBundle_ca.properties]" classname="jmri.util.FileLineEndingsTest" time="0.001"/>
  <testcase name="lineEndings[./java/src/jmri/jmrit/operations/JmritOperationsBundle_da.properties]" classname="jmri.util.FileLineEndingsTest" time="0.001"/>
  <testcase name="lineEndings[./java/src/jmri/jmrit/operations/JmritOperationsBundle_de.properties]" classname="jmri.util.FileLineEndingsTest" time="0"/>
  <testcase name="lineEndings[./java/src/jmri/jmrit/speedometer/SpeedometerBundle_de.properties]" classname="jmri.util.FileLineEndingsTest" time="0.001"/>
  <testcase name="lineEndings[./java/src/jmri/jmrit/speedometer/SpeedometerBundle_it.properties]" classname="jmri.util.FileLineEndingsTest" time="0.001"/>
  <testcase name="lineEndings[./java/src/jmri/jmrit/speedometer/SpeedometerBundle_ca.properties]" classname="jmri.util.FileLineEndingsTest" time="0.001"/>
  <testcase name="lineEndings[./java/src/jmri/jmrit/speedometer/SpeedometerBundle_nl.properties]" classname="jmri.util.FileLineEndingsTest" time="0"/>
  <testcase name="lineEndings[./java/src/jmri/jmrit/speedometer/SpeedometerBundle_fr.properties]" classname="jmri.util.FileLineEndingsTest" time="0.001"/>
  <testcase name="lineEndings[./java/src/jmri/jmrit/speedometer/SpeedometerBundle.properties]" classname="jmri.util.FileLineEndingsTest" time="0.001"/>
  <testcase name="lineEndings[./java/src/jmri/jmrit/speedometer/SpeedometerBundle_da.properties]" classname="jmri.util.FileLineEndingsTest" time="0.001"/>
  <testcase name="lineEndings[./java/src/jmri/jmrit/speedometer/SpeedometerBundle_en_GB.properties]" classname="jmri.util.FileLineEndingsTest" time="0"/>
  <testcase name="lineEndings[./java/src/jmri/jmrit/speedometer/SpeedometerBundle_cs.properties]" classname="jmri.util.FileLineEndingsTest" time="0.001"/>
  <testcase name="lineEndings[./java/src/jmri/jmrit/audio/swing/AudioTableBundle_de.properties]" classname="jmri.util.FileLineEndingsTest" time="0.001"/>
  <testcase name="lineEndings[./java/src/jmri/jmrit/audio/swing/AudioTableBundle_en_GB.properties]" classname="jmri.util.FileLineEndingsTest" time="0.001"/>
  <testcase name="lineEndings[./java/src/jmri/jmrit/audio/swing/AudioTableBundle_nl.properties]" classname="jmri.util.FileLineEndingsTest" time="0"/>
  <testcase name="lineEndings[./java/src/jmri/jmrit/audio/swing/AudioTableBundle.properties]" classname="jmri.util.FileLineEndingsTest" time="0.001"/>
  <testcase name="lineEndings[./java/src/jmri/jmrit/audio/swing/AudioTableBundle_da.properties]" classname="jmri.util.FileLineEndingsTest" time="0.001"/>
  <testcase name="lineEndings[./java/src/jmri/jmrit/audio/swing/AudioTableBundle_ca.properties]" classname="jmri.util.FileLineEndingsTest" time="0.001"/>
  <testcase name="lineEndings[./java/src/jmri/jmrit/audio/swing/AudioTableBundle_cs.properties]" classname="jmri.util.FileLineEndingsTest" time="0"/>
  <testcase name="lineEndings[./java/src/jmri/jmrit/audio/swing/AudioTableBundle_it.properties]" classname="jmri.util.FileLineEndingsTest" time="0.001"/>
  <testcase name="lineEndings[./java/src/jmri/jmrit/audio/swing/AudioTableBundle_fr.properties]" classname="jmri.util.FileLineEndingsTest" time="0.001"/>
  <testcase name="lineEndings[./java/src/jmri/jmrit/vsdecoder/VSDecoderBundle_ca.properties]" classname="jmri.util.FileLineEndingsTest" time="0.001"/>
  <testcase name="lineEndings[./java/src/jmri/jmrit/vsdecoder/VSDecoderBundle_de.properties]" classname="jmri.util.FileLineEndingsTest" time="0"/>
  <testcase name="lineEndings[./java/src/jmri/jmrit/vsdecoder/swing/VSDSwingBundle_fr.properties]" classname="jmri.util.FileLineEndingsTest" time="0.001"/>
  <testcase name="lineEndings[./java/src/jmri/jmrit/vsdecoder/swing/VSDSwingBundle_it.properties]" classname="jmri.util.FileLineEndingsTest" time="0.001"/>
  <testcase name="lineEndings[./java/src/jmri/jmrit/vsdecoder/swing/VSDSwingBundle_de.properties]" classname="jmri.util.FileLineEndingsTest" time="0.001"/>
  <testcase name="lineEndings[./java/src/jmri/jmrit/vsdecoder/swing/VSDSwingBundle.properties]" classname="jmri.util.FileLineEndingsTest" time="0"/>
  <testcase name="lineEndings[./java/src/jmri/jmrit/vsdecoder/swing/VSDSwingBundle_da.properties]" classname="jmri.util.FileLineEndingsTest" time="0.001"/>
  <testcase name="lineEndings[./java/src/jmri/jmrit/vsdecoder/swing/VSDSwingBundle_ca.properties]" classname="jmri.util.FileLineEndingsTest" time="0.001"/>
  <testcase name="lineEndings[./java/src/jmri/jmrit/vsdecoder/VSDecoderBundle_fr.properties]" classname="jmri.util.FileLineEndingsTest" time="0.001"/>
  <testcase name="lineEndings[./java/src/jmri/jmrit/vsdecoder/VSDecoderBundle.properties]" classname="jmri.util.FileLineEndingsTest" time="0"/>
  <testcase name="lineEndings[./java/src/jmri/jmrit/vsdecoder/VSDecoderBundle_da.properties]" classname="jmri.util.FileLineEndingsTest" time="0.001"/>
  <testcase name="lineEndings[./java/src/jmri/jmrit/vsdecoder/VSDecoderBundle_it.properties]" classname="jmri.util.FileLineEndingsTest" time="0.001"/>
  <testcase name="lineEndings[./java/src/jmri/jmrit/throttle/ThrottleBundle_ca.properties]" classname="jmri.util.FileLineEndingsTest" time="0.001"/>
  <testcase name="lineEndings[./java/src/jmri/jmrit/throttle/ThrottleBundle.properties]" classname="jmri.util.FileLineEndingsTest" time="0"/>
  <testcase name="lineEndings[./java/src/jmri/jmrit/throttle/ThrottleBundle_da.properties]" classname="jmri.util.FileLineEndingsTest" time="0.001"/>
  <testcase name="lineEndings[./java/src/jmri/jmrit/throttle/ThrottleBundle_fr.properties]" classname="jmri.util.FileLineEndingsTest" time="0.001"/>
  <testcase name="lineEndings[./java/src/jmri/jmrit/throttle/ThrottleBundle_nl.properties]" classname="jmri.util.FileLineEndingsTest" time="0.001"/>
  <testcase name="lineEndings[./java/src/jmri/jmrit/throttle/ThrottleBundle_de.properties]" classname="jmri.util.FileLineEndingsTest" time="0"/>
  <testcase name="lineEndings[./java/src/jmri/jmrit/throttle/ThrottleBundle_cs.properties]" classname="jmri.util.FileLineEndingsTest" time="0.001"/>
  <testcase name="lineEndings[./java/src/jmri/jmrit/throttle/ThrottleBundle_ja_JP.properties]" classname="jmri.util.FileLineEndingsTest" time="0.001"/>
  <testcase name="lineEndings[./java/src/jmri/jmrit/throttle/ThrottleBundle_it.properties]" classname="jmri.util.FileLineEndingsTest" time="0.001"/>
  <testcase name="lineEndings[./java/src/jmri/jmrit/roster/swing/speedprofile/SpeedProfileBundle_da.properties]" classname="jmri.util.FileLineEndingsTest" time="0.001"/>
  <testcase name="lineEndings[./java/src/jmri/jmrit/roster/swing/speedprofile/SpeedProfileBundle_cs.properties]" classname="jmri.util.FileLineEndingsTest" time="0.001"/>
  <testcase name="lineEndings[./java/src/jmri/jmrit/roster/swing/speedprofile/SpeedProfileBundle_ca.properties]" classname="jmri.util.FileLineEndingsTest" time="0"/>
  <testcase name="lineEndings[./java/src/jmri/jmrit/roster/swing/speedprofile/SpeedProfileBundle_nl.properties]" classname="jmri.util.FileLineEndingsTest" time="0.001"/>
  <testcase name="lineEndings[./java/src/jmri/jmrit/roster/swing/speedprofile/SpeedProfileBundle.properties]" classname="jmri.util.FileLineEndingsTest" time="0.001"/>
  <testcase name="lineEndings[./java/src/jmri/jmrit/roster/swing/speedprofile/SpeedProfileBundle_de.properties]" classname="jmri.util.FileLineEndingsTest" time="0.001"/>
  <testcase name="lineEndings[./java/src/jmri/jmrit/roster/swing/speedprofile/SpeedProfileBundle_fr.properties]" classname="jmri.util.FileLineEndingsTest" time="0"/>
  <testcase name="lineEndings[./java/src/jmri/jmrit/roster/swing/speedprofile/SpeedProfileBundle_it.properties]" classname="jmri.util.FileLineEndingsTest" time="0.001"/>
  <testcase name="lineEndings[./java/src/jmri/jmrit/roster/swing/Bundle_de.properties]" classname="jmri.util.FileLineEndingsTest" time="0.001"/>
  <testcase name="lineEndings[./java/src/jmri/jmrit/roster/swing/Bundle_ca.properties]" classname="jmri.util.FileLineEndingsTest" time="0.001"/>
  <testcase name="lineEndings[./java/src/jmri/jmrit/roster/swing/Bundle_da.properties]" classname="jmri.util.FileLineEndingsTest" time="0"/>
  <testcase name="lineEndings[./java/src/jmri/jmrit/roster/swing/Bundle_nl.properties]" classname="jmri.util.FileLineEndingsTest" time="0.001"/>
  <testcase name="lineEndings[./java/src/jmri/jmrit/roster/swing/Bundle_fr.properties]" classname="jmri.util.FileLineEndingsTest" time="0.001"/>
  <testcase name="lineEndings[./java/src/jmri/jmrit/roster/swing/Bundle.properties]" classname="jmri.util.FileLineEndingsTest" time="0.001"/>
  <testcase name="lineEndings[./java/src/jmri/jmrit/roster/swing/Bundle_cs.properties]" classname="jmri.util.FileLineEndingsTest" time="0"/>
  <testcase name="lineEndings[./java/src/jmri/jmrit/roster/JmritRosterBundle_ja_JP.properties]" classname="jmri.util.FileLineEndingsTest" time="0.001"/>
  <testcase name="lineEndings[./java/src/jmri/jmrit/roster/JmritRosterBundle_de.properties]" classname="jmri.util.FileLineEndingsTest" time="0.001"/>
  <testcase name="lineEndings[./java/src/jmri/jmrit/roster/JmritRosterBundle_en_GB.properties]" classname="jmri.util.FileLineEndingsTest" time="0.001"/>
  <testcase name="lineEndings[./java/src/jmri/jmrit/roster/JmritRosterBundle_fr.properties]" classname="jmri.util.FileLineEndingsTest" time="0"/>
  <testcase name="lineEndings[./java/src/jmri/jmrit/roster/JmritRosterBundle_da.properties]" classname="jmri.util.FileLineEndingsTest" time="0.001"/>
  <testcase name="lineEndings[./java/src/jmri/jmrit/roster/JmritRosterBundle_cs.properties]" classname="jmri.util.FileLineEndingsTest" time="0.001"/>
  <testcase name="lineEndings[./java/src/jmri/jmrit/roster/JmritRosterBundle_ca.properties]" classname="jmri.util.FileLineEndingsTest" time="0.001"/>
  <testcase name="lineEndings[./java/src/jmri/jmrit/roster/JmritRosterBundle_es.properties]" classname="jmri.util.FileLineEndingsTest" time="0"/>
  <testcase name="lineEndings[./java/src/jmri/jmrit/roster/JmritRosterBundle_it.properties]" classname="jmri.util.FileLineEndingsTest" time="0.001"/>
  <testcase name="lineEndings[./java/src/jmri/jmrit/roster/JmritRosterBundle.properties]" classname="jmri.util.FileLineEndingsTest" time="0.001"/>
  <testcase name="lineEndings[./java/src/jmri/jmrit/roster/JmritRosterBundle_nl.properties]" classname="jmri.util.FileLineEndingsTest" time="0.001"/>
  <testcase name="lineEndings[./java/src/jmri/jmrit/symbolicprog/SymbolicProgBundle_nl.properties]" classname="jmri.util.FileLineEndingsTest" time="0"/>
  <testcase name="lineEndings[./java/src/jmri/jmrit/symbolicprog/SymbolicProgBundle_fr.properties]" classname="jmri.util.FileLineEndingsTest" time="0.001"/>
  <testcase name="lineEndings[./java/src/jmri/jmrit/symbolicprog/SymbolicProgBundle_cs.properties]" classname="jmri.util.FileLineEndingsTest" time="0.001"/>
  <testcase name="lineEndings[./java/src/jmri/jmrit/symbolicprog/SymbolicProgBundle_da.properties]" classname="jmri.util.FileLineEndingsTest" time="0.001"/>
  <testcase name="lineEndings[./java/src/jmri/jmrit/symbolicprog/SymbolicProgBundle_it.properties]" classname="jmri.util.FileLineEndingsTest" time="0"/>
  <testcase name="lineEndings[./java/src/jmri/jmrit/symbolicprog/SymbolicProgBundle.properties]" classname="jmri.util.FileLineEndingsTest" time="0.001"/>
  <testcase name="lineEndings[./java/src/jmri/jmrit/symbolicprog/SymbolicProgBundle_ja_JP.properties]" classname="jmri.util.FileLineEndingsTest" time="0.001"/>
  <testcase name="lineEndings[./java/src/jmri/jmrit/symbolicprog/SymbolicProgBundle_ca.properties]" classname="jmri.util.FileLineEndingsTest" time="0.001"/>
  <testcase name="lineEndings[./java/src/jmri/jmrit/symbolicprog/SymbolicProgBundle_es.properties]" classname="jmri.util.FileLineEndingsTest" time="0.001"/>
  <testcase name="lineEndings[./java/src/jmri/jmrit/symbolicprog/SymbolicProgBundle_de.properties]" classname="jmri.util.FileLineEndingsTest" time="0"/>
  <testcase name="lineEndings[./java/src/jmri/jmrit/dispatcher/DispatcherBundle_ca.properties]" classname="jmri.util.FileLineEndingsTest" time="0.001"/>
  <testcase name="lineEndings[./java/src/jmri/jmrit/dispatcher/DispatcherBundle_da.properties]" classname="jmri.util.FileLineEndingsTest" time="0.001"/>
  <testcase name="lineEndings[./java/src/jmri/jmrit/dispatcher/DispatcherBundle_it.properties]" classname="jmri.util.FileLineEndingsTest" time="0.001"/>
  <testcase name="lineEndings[./java/src/jmri/jmrit/dispatcher/DispatcherBundle_nl.properties]" classname="jmri.util.FileLineEndingsTest" time="0.001"/>
  <testcase name="lineEndings[./java/src/jmri/jmrit/dispatcher/DispatcherBundle_de.properties]" classname="jmri.util.FileLineEndingsTest" time="0"/>
  <testcase name="lineEndings[./java/src/jmri/jmrit/dispatcher/DispatcherBundle_en_GB.properties]" classname="jmri.util.FileLineEndingsTest" time="0.001"/>
  <testcase name="lineEndings[./java/src/jmri/jmrit/dispatcher/DispatcherBundle.properties]" classname="jmri.util.FileLineEndingsTest" time="0.001"/>
  <testcase name="lineEndings[./java/src/jmri/jmrit/dispatcher/DispatcherBundle_ja_JP.properties]" classname="jmri.util.FileLineEndingsTest" time="0.001"/>
  <testcase name="lineEndings[./java/src/jmri/jmrit/dispatcher/DispatcherBundle_fr.properties]" classname="jmri.util.FileLineEndingsTest" time="0"/>
  <testcase name="lineEndings[./java/src/jmri/jmrit/withrottle/WiThrottleBundle.properties]" classname="jmri.util.FileLineEndingsTest" time="0.001"/>
  <testcase name="lineEndings[./java/src/jmri/jmrit/withrottle/WiThrottleBundle_nl.properties]" classname="jmri.util.FileLineEndingsTest" time="0.001"/>
  <testcase name="lineEndings[./java/src/jmri/jmrit/withrottle/WiThrottleBundle_fr.properties]" classname="jmri.util.FileLineEndingsTest" time="0.001"/>
  <testcase name="lineEndings[./java/src/jmri/jmrit/withrottle/WiThrottleBundle_de.properties]" classname="jmri.util.FileLineEndingsTest" time="0"/>
  <testcase name="lineEndings[./java/src/jmri/jmrit/withrottle/WiThrottleBundle_ca.properties]" classname="jmri.util.FileLineEndingsTest" time="0.001"/>
  <testcase name="lineEndings[./java/src/jmri/jmrit/withrottle/WiThrottleBundle_da.properties]" classname="jmri.util.FileLineEndingsTest" time="0.001"/>
  <testcase name="lineEndings[./java/src/jmri/jmrit/withrottle/WiThrottleBundle_cs.properties]" classname="jmri.util.FileLineEndingsTest" time="0.001"/>
  <testcase name="lineEndings[./java/src/jmri/jmrit/withrottle/WiThrottleBundle_it.properties]" classname="jmri.util.FileLineEndingsTest" time="0"/>
  <testcase name="lineEndings[./java/src/jmri/jmrit/blockboss/BlockBossBundle_ca.properties]" classname="jmri.util.FileLineEndingsTest" time="0.001"/>
  <testcase name="lineEndings[./java/src/jmri/jmrit/blockboss/BlockBossBundle_da.properties]" classname="jmri.util.FileLineEndingsTest" time="0.001"/>
  <testcase name="lineEndings[./java/src/jmri/jmrit/blockboss/BlockBossBundle_cs.properties]" classname="jmri.util.FileLineEndingsTest" time="0.001"/>
  <testcase name="lineEndings[./java/src/jmri/jmrit/blockboss/BlockBossBundle_it.properties]" classname="jmri.util.FileLineEndingsTest" time="0"/>
  <testcase name="lineEndings[./java/src/jmri/jmrit/blockboss/BlockBossBundle_nl.properties]" classname="jmri.util.FileLineEndingsTest" time="0.001"/>
  <testcase name="lineEndings[./java/src/jmri/jmrit/blockboss/BlockBossBundle_de.properties]" classname="jmri.util.FileLineEndingsTest" time="0.001"/>
  <testcase name="lineEndings[./java/src/jmri/jmrit/blockboss/BlockBossBundle_ja_JP.properties]" classname="jmri.util.FileLineEndingsTest" time="0.001"/>
  <testcase name="lineEndings[./java/src/jmri/jmrit/blockboss/BlockBossBundle.properties]" classname="jmri.util.FileLineEndingsTest" time="0"/>
  <testcase name="lineEndings[./java/src/jmri/jmrit/blockboss/BlockBossBundle_fr.properties]" classname="jmri.util.FileLineEndingsTest" time="0.001"/>
  <testcase name="lineEndings[./java/src/jmri/jmrit/simpleturnoutctrl/SimpleTurnoutCtrlBundle_cs.properties]" classname="jmri.util.FileLineEndingsTest" time="0.001"/>
  <testcase name="lineEndings[./java/src/jmri/jmrit/simpleturnoutctrl/SimpleTurnoutCtrlBundle.properties]" classname="jmri.util.FileLineEndingsTest" time="0.001"/>
  <testcase name="lineEndings[./java/src/jmri/jmrit/simpleturnoutctrl/SimpleTurnoutCtrlBundle_nl.properties]" classname="jmri.util.FileLineEndingsTest" time="0"/>
  <testcase name="lineEndings[./java/src/jmri/jmrit/automat/monitor/AutomatTableBundle.properties]" classname="jmri.util.FileLineEndingsTest" time="0.001"/>
  <testcase name="lineEndings[./java/src/jmri/jmrit/automat/monitor/AutomatTableBundle_de.properties]" classname="jmri.util.FileLineEndingsTest" time="0.001"/>
  <testcase name="lineEndings[./java/src/jmri/jmrit/automat/monitor/AutomatTableBundle_ca.properties]" classname="jmri.util.FileLineEndingsTest" time="0.001"/>
  <testcase name="lineEndings[./java/src/jmri/jmrit/automat/monitor/AutomatTableBundle_nl.properties]" classname="jmri.util.FileLineEndingsTest" time="0"/>
  <testcase name="lineEndings[./java/src/jmri/jmrit/automat/monitor/AutomatTableBundle_cs.properties]" classname="jmri.util.FileLineEndingsTest" time="0.001"/>
  <testcase name="lineEndings[./java/src/jmri/jmrit/automat/monitor/AutomatTableBundle_da.properties]" classname="jmri.util.FileLineEndingsTest" time="0.001"/>
  <testcase name="lineEndings[./java/src/jmri/jmrit/automat/monitor/AutomatTableBundle_es.properties]" classname="jmri.util.FileLineEndingsTest" time="0.001"/>
  <testcase name="lineEndings[./java/src/jmri/jmrit/automat/monitor/AutomatTableBundle_it.properties]" classname="jmri.util.FileLineEndingsTest" time="0"/>
  <testcase name="lineEndings[./java/src/jmri/jmrit/automat/monitor/AutomatTableBundle_ja_JP.properties]" classname="jmri.util.FileLineEndingsTest" time="0.001"/>
  <testcase name="lineEndings[./java/src/jmri/jmrit/automat/monitor/AutomatTableBundle_fr.properties]" classname="jmri.util.FileLineEndingsTest" time="0.001"/>
  <testcase name="lineEndings[./java/src/jmri/jmrit/consisttool/ConsistTool_fr.properties]" classname="jmri.util.FileLineEndingsTest" time="0.001"/>
  <testcase name="lineEndings[./java/src/jmri/jmrit/consisttool/ConsistTool_nl.properties]" classname="jmri.util.FileLineEndingsTest" time="0"/>
  <testcase name="lineEndings[./java/src/jmri/jmrit/consisttool/ConsistTool_de.properties]" classname="jmri.util.FileLineEndingsTest" time="0.001"/>
  <testcase name="lineEndings[./java/src/jmri/jmrit/consisttool/ConsistTool_it.properties]" classname="jmri.util.FileLineEndingsTest" time="0.001"/>
  <testcase name="lineEndings[./java/src/jmri/jmrit/consisttool/ConsistTool.properties]" classname="jmri.util.FileLineEndingsTest" time="0"/>
  <testcase name="lineEndings[./java/src/jmri/jmrit/consisttool/ConsistTool_cs.properties]" classname="jmri.util.FileLineEndingsTest" time="0.001"/>
  <testcase name="lineEndings[./java/src/jmri/jmrit/consisttool/ConsistTool_ca.properties]" classname="jmri.util.FileLineEndingsTest" time="0.001"/>
  <testcase name="lineEndings[./java/src/jmri/jmrit/consisttool/ConsistTool_da.properties]" classname="jmri.util.FileLineEndingsTest" time="0.001"/>
  <testcase name="lineEndings[./java/src/jmri/jmrit/simpleclock/SimpleClockBundle_da.properties]" classname="jmri.util.FileLineEndingsTest" time="0"/>
  <testcase name="lineEndings[./java/src/jmri/jmrit/simpleclock/SimpleClockBundle.properties]" classname="jmri.util.FileLineEndingsTest" time="0.001"/>
  <testcase name="lineEndings[./java/src/jmri/jmrit/simpleclock/SimpleClockBundle_ca.properties]" classname="jmri.util.FileLineEndingsTest" time="0.001"/>
  <testcase name="lineEndings[./java/src/jmri/jmrit/simpleclock/SimpleClockBundle_en_GB.properties]" classname="jmri.util.FileLineEndingsTest" time="0.001"/>
  <testcase name="lineEndings[./java/src/jmri/jmrit/simpleclock/SimpleClockBundle_es.properties]" classname="jmri.util.FileLineEndingsTest" time="0"/>
  <testcase name="lineEndings[./java/src/jmri/jmrit/simpleclock/SimpleClockBundle_ja_JP.properties]" classname="jmri.util.FileLineEndingsTest" time="0.001"/>
  <testcase name="lineEndings[./java/src/jmri/jmrit/simpleclock/SimpleClockBundle_cs.properties]" classname="jmri.util.FileLineEndingsTest" time="0.001"/>
  <testcase name="lineEndings[./java/src/jmri/jmrit/simpleclock/SimpleClockBundle_nl.properties]" classname="jmri.util.FileLineEndingsTest" time="0.001"/>
  <testcase name="lineEndings[./java/src/jmri/jmrit/simpleclock/SimpleClockBundle_fr.properties]" classname="jmri.util.FileLineEndingsTest" time="0"/>
  <testcase name="lineEndings[./java/src/jmri/jmrit/simpleclock/SimpleClockBundle_de.properties]" classname="jmri.util.FileLineEndingsTest" time="0.001"/>
  <testcase name="lineEndings[./java/src/jmri/jmrit/simpleclock/SimpleClockBundle_it.properties]" classname="jmri.util.FileLineEndingsTest" time="0.001"/>
  <testcase name="lineEndings[./java/src/jmri/jmrit/ussctc/UssCtcBundle_da.properties]" classname="jmri.util.FileLineEndingsTest" time="0.001"/>
  <testcase name="lineEndings[./java/src/jmri/jmrit/ussctc/UssCtcBundle.properties]" classname="jmri.util.FileLineEndingsTest" time="0"/>
  <testcase name="lineEndings[./java/src/jmri/jmrit/ussctc/UssCtcBundle_ja_JP.properties]" classname="jmri.util.FileLineEndingsTest" time="0.001"/>
  <testcase name="lineEndings[./java/src/jmri/jmrit/ussctc/UssCtcBundle_ca.properties]" classname="jmri.util.FileLineEndingsTest" time="0.001"/>
  <testcase name="lineEndings[./java/src/jmri/jmrit/ussctc/UssCtcBundle_fr.properties]" classname="jmri.util.FileLineEndingsTest" time="0.001"/>
  <testcase name="lineEndings[./java/src/jmri/jmrit/ussctc/UssCtcBundle_de.properties]" classname="jmri.util.FileLineEndingsTest" time="0"/>
  <testcase name="lineEndings[./java/src/jmri/jmrit/ussctc/UssCtcBundle_it.properties]" classname="jmri.util.FileLineEndingsTest" time="0.001"/>
  <testcase name="lineEndings[./java/src/jmri/jmrit/ussctc/UssCtcBundle_es.properties]" classname="jmri.util.FileLineEndingsTest" time="0.001"/>
  <testcase name="lineEndings[./java/src/jmri/jmrit/powerpanel/PowerPanelBundle_da.properties]" classname="jmri.util.FileLineEndingsTest" time="0.001"/>
  <testcase name="lineEndings[./java/src/jmri/jmrit/powerpanel/PowerPanelBundle_cs.properties]" classname="jmri.util.FileLineEndingsTest" time="0"/>
  <testcase name="lineEndings[./java/src/jmri/jmrit/powerpanel/PowerPanelBundle_ca.properties]" classname="jmri.util.FileLineEndingsTest" time="0.001"/>
  <testcase name="lineEndings[./java/src/jmri/jmrit/powerpanel/PowerPanelBundle_es.properties]" classname="jmri.util.FileLineEndingsTest" time="0.001"/>
  <testcase name="lineEndings[./java/src/jmri/jmrit/powerpanel/PowerPanelBundle_fr.properties]" classname="jmri.util.FileLineEndingsTest" time="0.001"/>
  <testcase name="lineEndings[./java/src/jmri/jmrit/powerpanel/PowerPanelBundle_de.properties]" classname="jmri.util.FileLineEndingsTest" time="0"/>
  <testcase name="lineEndings[./java/src/jmri/jmrit/powerpanel/PowerPanelBundle_nl.properties]" classname="jmri.util.FileLineEndingsTest" time="0.001"/>
  <testcase name="lineEndings[./java/src/jmri/jmrit/powerpanel/PowerPanelBundle_ja_JP.properties]" classname="jmri.util.FileLineEndingsTest" time="0.001"/>
  <testcase name="lineEndings[./java/src/jmri/jmrit/powerpanel/PowerPanelBundle.properties]" classname="jmri.util.FileLineEndingsTest" time="0"/>
  <testcase name="lineEndings[./java/src/jmri/jmrit/powerpanel/PowerPanelBundle_it.properties]" classname="jmri.util.FileLineEndingsTest" time="0"/>
  <testcase name="lineEndings[./java/src/jmri/jmrit/progsupport/ProgSupportBundle_ca.properties]" classname="jmri.util.FileLineEndingsTest" time="0.001"/>
  <testcase name="lineEndings[./java/src/jmri/jmrit/progsupport/ProgSupportBundle_da.properties]" classname="jmri.util.FileLineEndingsTest" time="0.001"/>
  <testcase name="lineEndings[./java/src/jmri/jmrit/progsupport/ProgSupportBundle_it.properties]" classname="jmri.util.FileLineEndingsTest" time="0"/>
  <testcase name="lineEndings[./java/src/jmri/jmrit/progsupport/ProgSupportBundle.properties]" classname="jmri.util.FileLineEndingsTest" time="0.001"/>
  <testcase name="lineEndings[./java/src/jmri/jmrit/progsupport/ProgSupportBundle_de.properties]" classname="jmri.util.FileLineEndingsTest" time="0.001"/>
  <testcase name="lineEndings[./java/src/jmri/jmrit/progsupport/ProgSupportBundle_fr.properties]" classname="jmri.util.FileLineEndingsTest" time="0.001"/>
  <testcase name="lineEndings[./java/src/jmri/jmrit/progsupport/ProgSupportBundle_nl.properties]" classname="jmri.util.FileLineEndingsTest" time="0"/>
  <testcase name="lineEndings[./java/src/jmri/jmrit/progsupport/ProgSupportBundle_cs.properties]" classname="jmri.util.FileLineEndingsTest" time="0.001"/>
  <testcase name="lineEndings[./java/src/jmri/jmrit/DccLocoAddressSelectorBundle_it.properties]" classname="jmri.util.FileLineEndingsTest" time="0.001"/>
  <testcase name="lineEndings[./java/src/jmri/jmrit/simplelightctrl/SimpleLightCtrlBundle_fr.properties]" classname="jmri.util.FileLineEndingsTest" time="0.001"/>
  <testcase name="lineEndings[./java/src/jmri/jmrit/simplelightctrl/SimpleLightCtrlBundle_de.properties]" classname="jmri.util.FileLineEndingsTest" time="0"/>
  <testcase name="lineEndings[./java/src/jmri/jmrit/simplelightctrl/SimpleLightCtrlBundle_ja_JP.properties]" classname="jmri.util.FileLineEndingsTest" time="0.001"/>
  <testcase name="lineEndings[./java/src/jmri/jmrit/simplelightctrl/SimpleLightCtrlBundle_it.properties]" classname="jmri.util.FileLineEndingsTest" time="0.001"/>
  <testcase name="lineEndings[./java/src/jmri/jmrit/simplelightctrl/SimpleLightCtrlBundle_ca.properties]" classname="jmri.util.FileLineEndingsTest" time="0.001"/>
  <testcase name="lineEndings[./java/src/jmri/jmrit/simplelightctrl/SimpleLightCtrlBundle.properties]" classname="jmri.util.FileLineEndingsTest" time="0"/>
  <testcase name="lineEndings[./java/src/jmri/jmrit/simplelightctrl/SimpleLightCtrlBundle_cs.properties]" classname="jmri.util.FileLineEndingsTest" time="0.001"/>
  <testcase name="lineEndings[./java/src/jmri/jmrit/simplelightctrl/SimpleLightCtrlBundle_da.properties]" classname="jmri.util.FileLineEndingsTest" time="0.001"/>
  <testcase name="lineEndings[./java/src/jmri/jmrit/simplelightctrl/SimpleLightCtrlBundle_nl.properties]" classname="jmri.util.FileLineEndingsTest" time="0.001"/>
  <testcase name="lineEndings[./java/src/jmri/jmrit/mailreport/ReportBundle_it.properties]" classname="jmri.util.FileLineEndingsTest" time="0"/>
  <testcase name="lineEndings[./java/src/jmri/jmrit/mailreport/ReportBundle_da.properties]" classname="jmri.util.FileLineEndingsTest" time="0.001"/>
  <testcase name="lineEndings[./java/src/jmri/jmrit/mailreport/ReportBundle.properties]" classname="jmri.util.FileLineEndingsTest" time="0.001"/>
  <testcase name="lineEndings[./java/src/jmri/jmrit/mailreport/ReportBundle_ca.properties]" classname="jmri.util.FileLineEndingsTest" time="0.001"/>
  <testcase name="lineEndings[./java/src/jmri/jmrit/mailreport/ReportBundle_cs.properties]" classname="jmri.util.FileLineEndingsTest" time="0"/>
  <testcase name="lineEndings[./java/src/jmri/jmrit/mailreport/ReportBundle_fr.properties]" classname="jmri.util.FileLineEndingsTest" time="0.001"/>
  <testcase name="lineEndings[./java/src/jmri/jmrit/mailreport/ReportBundle_nl.properties]" classname="jmri.util.FileLineEndingsTest" time="0.001"/>
  <testcase name="lineEndings[./java/src/jmri/jmrit/mailreport/ReportBundle_ja_JP.properties]" classname="jmri.util.FileLineEndingsTest" time="0.001"/>
  <testcase name="lineEndings[./java/src/jmri/jmrit/mailreport/ReportBundle_de.properties]" classname="jmri.util.FileLineEndingsTest" time="0"/>
  <testcase name="lineEndings[./java/src/jmri/jmrit/logix/WarrantBundle_de.properties]" classname="jmri.util.FileLineEndingsTest" time="0.001"/>
  <testcase name="lineEndings[./java/src/jmri/jmrit/logix/WarrantBundle_it.properties]" classname="jmri.util.FileLineEndingsTest" time="0.001"/>
  <testcase name="lineEndings[./java/src/jmri/jmrit/logix/WarrantBundle.properties]" classname="jmri.util.FileLineEndingsTest" time="0.001"/>
  <testcase name="lineEndings[./java/src/jmri/jmrit/logix/WarrantBundle_fr.properties]" classname="jmri.util.FileLineEndingsTest" time="0"/>
  <testcase name="lineEndings[./java/src/jmri/jmrit/logix/WarrantBundle_da.properties]" classname="jmri.util.FileLineEndingsTest" time="0"/>
  <testcase name="lineEndings[./java/src/jmri/jmrit/logix/WarrantBundle_ca.properties]" classname="jmri.util.FileLineEndingsTest" time="0.001"/>
  <testcase name="lineEndings[./java/src/jmri/jmrit/DccLocoAddressSelectorBundle_es.properties]" classname="jmri.util.FileLineEndingsTest" time="0.001"/>
  <testcase name="lineEndings[./java/src/jmri/jmrit/Bundle_it.properties]" classname="jmri.util.FileLineEndingsTest" time="0.001"/>
  <testcase name="lineEndings[./java/src/jmri/jmrit/decoderdefn/DecoderFile.properties]" classname="jmri.util.FileLineEndingsTest" time="0"/>
  <testcase name="lineEndings[./java/src/jmri/jmrit/decoderdefn/DecoderFile_fr.properties]" classname="jmri.util.FileLineEndingsTest" time="0.001"/>
  <testcase name="lineEndings[./java/src/jmri/jmrit/decoderdefn/DecoderFile_cs.properties]" classname="jmri.util.FileLineEndingsTest" time="0.001"/>
  <testcase name="lineEndings[./java/src/jmri/jmrit/decoderdefn/DecoderFile_da.properties]" classname="jmri.util.FileLineEndingsTest" time="0.001"/>
  <testcase name="lineEndings[./java/src/jmri/jmrit/decoderdefn/DecoderFile_ca.properties]" classname="jmri.util.FileLineEndingsTest" time="0"/>
  <testcase name="lineEndings[./java/src/jmri/jmrit/decoderdefn/DecoderFile_ja_JP.properties]" classname="jmri.util.FileLineEndingsTest" time="0.001"/>
  <testcase name="lineEndings[./java/src/jmri/jmrit/decoderdefn/DecoderFile_it.properties]" classname="jmri.util.FileLineEndingsTest" time="0.001"/>
  <testcase name="lineEndings[./java/src/jmri/jmrit/decoderdefn/DecoderFile_de.properties]" classname="jmri.util.FileLineEndingsTest" time="0"/>
  <testcase name="lineEndings[./java/src/jmri/jmrit/catalog/CatalogBundle_it.properties]" classname="jmri.util.FileLineEndingsTest" time="0.001"/>
  <testcase name="lineEndings[./java/src/jmri/jmrit/catalog/CatalogBundle.properties]" classname="jmri.util.FileLineEndingsTest" time="0.001"/>
  <testcase name="lineEndings[./java/src/jmri/jmrit/catalog/CatalogBundle_da.properties]" classname="jmri.util.FileLineEndingsTest" time="0.001"/>
  <testcase name="lineEndings[./java/src/jmri/jmrit/catalog/CatalogBundle_de.properties]" classname="jmri.util.FileLineEndingsTest" time="0"/>
  <testcase name="lineEndings[./java/src/jmri/jmrit/catalog/CatalogBundle_en_GB.properties]" classname="jmri.util.FileLineEndingsTest" time="0.001"/>
  <testcase name="lineEndings[./java/src/jmri/jmrit/catalog/CatalogBundle_nl.properties]" classname="jmri.util.FileLineEndingsTest" time="0.001"/>
  <testcase name="lineEndings[./java/src/jmri/jmrit/catalog/CatalogBundle_ca.properties]" classname="jmri.util.FileLineEndingsTest" time="0.001"/>
  <testcase name="lineEndings[./java/src/jmri/jmrit/catalog/CatalogBundle_cs.properties]" classname="jmri.util.FileLineEndingsTest" time="0"/>
  <testcase name="lineEndings[./java/src/jmri/jmrit/catalog/CatalogBundle_fr.properties]" classname="jmri.util.FileLineEndingsTest" time="0.001"/>
  <testcase name="lineEndings[./java/src/jmri/jmrit/Bundle_es.properties]" classname="jmri.util.FileLineEndingsTest" time="0.001"/>
  <testcase name="lineEndings[./java/src/jmri/jmrit/conditional/ConditionalBundle.properties]" classname="jmri.util.FileLineEndingsTest" time="0.001"/>
  <testcase name="lineEndings[./java/src/jmri/jmrit/conditional/ConditionalBundle_it.properties]" classname="jmri.util.FileLineEndingsTest" time="0.001"/>
  <testcase name="lineEndings[./java/src/jmri/jmrit/conditional/ConditionalBundle_es.properties]" classname="jmri.util.FileLineEndingsTest" time="0"/>
  <testcase name="lineEndings[./java/src/jmri/jmrit/conditional/ConditionalBundle_de.properties]" classname="jmri.util.FileLineEndingsTest" time="0.001"/>
  <testcase name="lineEndings[./java/src/jmri/jmrit/conditional/ConditionalBundle_fr.properties]" classname="jmri.util.FileLineEndingsTest" time="0.001"/>
  <testcase name="lineEndings[./java/src/jmri/jmrit/conditional/ConditionalBundle_ca.properties]" classname="jmri.util.FileLineEndingsTest" time="0.001"/>
  <testcase name="lineEndings[./java/src/jmri/jmrit/conditional/ConditionalBundle_ja_JP.properties]" classname="jmri.util.FileLineEndingsTest" time="0.001"/>
  <testcase name="lineEndings[./java/src/jmri/jmrit/conditional/ConditionalBundle_nl.properties]" classname="jmri.util.FileLineEndingsTest" time="0"/>
  <testcase name="lineEndings[./java/src/jmri/jmrit/conditional/ConditionalBundle_da.properties]" classname="jmri.util.FileLineEndingsTest" time="0.001"/>
  <testcase name="lineEndings[./java/src/jmri/jmrit/jython/JythonBundle_fr.properties]" classname="jmri.util.FileLineEndingsTest" time="0.001"/>
  <testcase name="lineEndings[./java/src/jmri/jmrit/jython/JythonBundle_da.properties]" classname="jmri.util.FileLineEndingsTest" time="0.001"/>
  <testcase name="lineEndings[./java/src/jmri/jmrit/jython/JythonBundle_ca.properties]" classname="jmri.util.FileLineEndingsTest" time="0"/>
  <testcase name="lineEndings[./java/src/jmri/jmrit/jython/JythonBundle_es.properties]" classname="jmri.util.FileLineEndingsTest" time="0.001"/>
  <testcase name="lineEndings[./java/src/jmri/jmrit/jython/JythonBundle_it.properties]" classname="jmri.util.FileLineEndingsTest" time="0.001"/>
  <testcase name="lineEndings[./java/src/jmri/jmrit/jython/JythonBundle_cs.properties]" classname="jmri.util.FileLineEndingsTest" time="0.001"/>
  <testcase name="lineEndings[./java/src/jmri/jmrit/jython/JythonBundle_de.properties]" classname="jmri.util.FileLineEndingsTest" time="0"/>
  <testcase name="lineEndings[./java/src/jmri/jmrit/jython/JythonBundle_ja_JP.properties]" classname="jmri.util.FileLineEndingsTest" time="0.001"/>
  <testcase name="lineEndings[./java/src/jmri/jmrit/jython/JythonBundle.properties]" classname="jmri.util.FileLineEndingsTest" time="0.001"/>
  <testcase name="lineEndings[./java/src/jmri/jmrit/signalling/SignallingBundle_it.properties]" classname="jmri.util.FileLineEndingsTest" time="0.001"/>
  <testcase name="lineEndings[./java/src/jmri/jmrit/signalling/SignallingBundle_cs.properties]" classname="jmri.util.FileLineEndingsTest" time="0"/>
  <testcase name="lineEndings[./java/src/jmri/jmrit/signalling/SignallingBundle_fr.properties]" classname="jmri.util.FileLineEndingsTest" time="0.001"/>
  <testcase name="lineEndings[./java/src/jmri/jmrit/signalling/SignallingBundle.properties]" classname="jmri.util.FileLineEndingsTest" time="0.001"/>
  <testcase name="lineEndings[./java/src/jmri/jmrit/signalling/SignallingBundle_nl.properties]" classname="jmri.util.FileLineEndingsTest" time="0.001"/>
  <testcase name="lineEndings[./java/src/jmri/jmrit/signalling/SignallingBundle_de.properties]" classname="jmri.util.FileLineEndingsTest" time="0"/>
  <testcase name="lineEndings[./java/src/jmri/jmrit/signalling/SignallingBundle_da.properties]" classname="jmri.util.FileLineEndingsTest" time="0.001"/>
  <testcase name="lineEndings[./java/src/jmri/jmrit/signalling/SignallingBundle_ca.properties]" classname="jmri.util.FileLineEndingsTest" time="0.001"/>
  <testcase name="lineEndings[./java/src/jmri/jmrit/entryexit/EntryExitBundle_nl.properties]" classname="jmri.util.FileLineEndingsTest" time="0.001"/>
  <testcase name="lineEndings[./java/src/jmri/jmrit/entryexit/EntryExitBundle_ca.properties]" classname="jmri.util.FileLineEndingsTest" time="0"/>
  <testcase name="lineEndings[./java/src/jmri/jmrit/entryexit/EntryExitBundle_fr.properties]" classname="jmri.util.FileLineEndingsTest" time="0.001"/>
  <testcase name="lineEndings[./java/src/jmri/jmrit/entryexit/EntryExitBundle_da.properties]" classname="jmri.util.FileLineEndingsTest" time="0.001"/>
  <testcase name="lineEndings[./java/src/jmri/jmrit/entryexit/EntryExitBundle.properties]" classname="jmri.util.FileLineEndingsTest" time="0.001"/>
  <testcase name="lineEndings[./java/src/jmri/jmrit/entryexit/EntryExitBundle_it.properties]" classname="jmri.util.FileLineEndingsTest" time="0.001"/>
  <testcase name="lineEndings[./java/src/jmri/jmrit/entryexit/EntryExitBundle_de.properties]" classname="jmri.util.FileLineEndingsTest" time="0"/>
  <testcase name="lineEndings[./java/src/jmri/jmrit/entryexit/EntryExitBundle_en_GB.properties]" classname="jmri.util.FileLineEndingsTest" time="0.001"/>
  <testcase name="lineEndings[./java/src/jmri/jmrit/entryexit/EntryExitBundle_cs.properties]" classname="jmri.util.FileLineEndingsTest" time="0.001"/>
  <testcase name="lineEndings[./java/src/jmri/jmrit/Bundle_ja_JP.properties]" classname="jmri.util.FileLineEndingsTest" time="0.001"/>
  <testcase name="lineEndings[./java/src/jmri/jmrit/turnoutoperations/Bundle_fr.properties]" classname="jmri.util.FileLineEndingsTest" time="0"/>
  <testcase name="lineEndings[./java/src/jmri/jmrit/turnoutoperations/Bundle_de.properties]" classname="jmri.util.FileLineEndingsTest" time="0.001"/>
  <testcase name="lineEndings[./java/src/jmri/jmrit/turnoutoperations/Bundle.properties]" classname="jmri.util.FileLineEndingsTest" time="0.001"/>
  <testcase name="lineEndings[./java/src/jmri/jmrit/turnoutoperations/Bundle_cs.properties]" classname="jmri.util.FileLineEndingsTest" time="0.001"/>
  <testcase name="lineEndings[./java/src/jmri/jmrit/turnoutoperations/Bundle_nl.properties]" classname="jmri.util.FileLineEndingsTest" time="0"/>
  <testcase name="lineEndings[./java/src/jmri/jmrit/turnoutoperations/Bundle_ca.properties]" classname="jmri.util.FileLineEndingsTest" time="0.001"/>
  <testcase name="lineEndings[./java/src/jmri/jmrit/DccLocoAddressSelectorBundle_cs.properties]" classname="jmri.util.FileLineEndingsTest" time="0.001"/>
  <testcase name="lineEndings[./java/src/jmri/jmrit/DccLocoAddressSelectorBundle_fr.properties]" classname="jmri.util.FileLineEndingsTest" time="0.001"/>
  <testcase name="lineEndings[./java/src/jmri/jmrit/Bundle_en_GB.properties]" classname="jmri.util.FileLineEndingsTest" time="0"/>
  <testcase name="lineEndings[./java/src/jmri/jmrit/Bundle_cs.properties]" classname="jmri.util.FileLineEndingsTest" time="0.001"/>
  <testcase name="lineEndings[./java/src/jmri/jmrit/mastbuilder/MastBuilderBundle_nl.properties]" classname="jmri.util.FileLineEndingsTest" time="0.001"/>
  <testcase name="lineEndings[./java/src/jmri/jmrit/mastbuilder/MastBuilderBundle.properties]" classname="jmri.util.FileLineEndingsTest" time="0.001"/>
  <testcase name="lineEndings[./java/src/jmri/jmrit/DccLocoAddressSelectorBundle_nl.properties]" classname="jmri.util.FileLineEndingsTest" time="0"/>
  <testcase name="lineEndings[./java/src/jmri/jmrit/DccLocoAddressSelectorBundle_de.properties]" classname="jmri.util.FileLineEndingsTest" time="0.001"/>
  <testcase name="lineEndings[./java/src/jmri/jmrit/DccLocoAddressSelectorBundle_da.properties]" classname="jmri.util.FileLineEndingsTest" time="0.001"/>
  <testcase name="lineEndings[./java/src/jmri/jmrit/Bundle_ca.properties]" classname="jmri.util.FileLineEndingsTest" time="0.001"/>
  <testcase name="lineEndings[./java/src/jmri/jmrit/DccLocoAddressSelectorBundle_ca.properties]" classname="jmri.util.FileLineEndingsTest" time="0"/>
  <testcase name="lineEndings[./java/src/jmri/jmrit/Bundle_nl.properties]" classname="jmri.util.FileLineEndingsTest" time="0.001"/>
  <testcase name="lineEndings[./java/src/jmri/jmrit/Bundle.properties]" classname="jmri.util.FileLineEndingsTest" time="0.001"/>
  <testcase name="lineEndings[./java/src/jmri/jmrit/Bundle_da.properties]" classname="jmri.util.FileLineEndingsTest" time="0.001"/>
  <testcase name="lineEndings[./java/src/jmri/jmrit/DccLocoAddressSelectorBundle_ja_JP.properties]" classname="jmri.util.FileLineEndingsTest" time="0"/>
  <testcase name="lineEndings[./java/src/jmri/jmrit/Bundle_fr.properties]" classname="jmri.util.FileLineEndingsTest" time="0.001"/>
  <testcase name="lineEndings[./java/src/jmri/jmrit/Bundle_de.properties]" classname="jmri.util.FileLineEndingsTest" time="0.001"/>
  <testcase name="lineEndings[./java/src/jmri/jmrit/DccLocoAddressSelectorBundle.properties]" classname="jmri.util.FileLineEndingsTest" time="0.001"/>
  <testcase name="lineEndings[./java/src/jmri/jmrix/loconet/sdfeditor/Editor_fr.properties]" classname="jmri.util.FileLineEndingsTest" time="0"/>
  <testcase name="lineEndings[./java/src/jmri/jmrix/loconet/sdfeditor/Explanations_ja_JP.properties]" classname="jmri.util.FileLineEndingsTest" time="0.001"/>
  <testcase name="lineEndings[./java/src/jmri/jmrix/loconet/sdfeditor/Explanations_it.properties]" classname="jmri.util.FileLineEndingsTest" time="0.001"/>
  <testcase name="lineEndings[./java/src/jmri/jmrix/loconet/sdfeditor/Explanations.properties]" classname="jmri.util.FileLineEndingsTest" time="0"/>
  <testcase name="lineEndings[./java/src/jmri/jmrix/loconet/sdfeditor/Editor_ja_JP.properties]" classname="jmri.util.FileLineEndingsTest" time="0"/>
  <testcase name="lineEndings[./java/src/jmri/jmrix/loconet/sdfeditor/Editor_it.properties]" classname="jmri.util.FileLineEndingsTest" time="0.001"/>
  <testcase name="lineEndings[./java/src/jmri/jmrix/loconet/sdfeditor/Explanations_de.properties]" classname="jmri.util.FileLineEndingsTest" time="0.001"/>
  <testcase name="lineEndings[./java/src/jmri/jmrix/loconet/sdfeditor/Editor_da.properties]" classname="jmri.util.FileLineEndingsTest" time="0.001"/>
  <testcase name="lineEndings[./java/src/jmri/jmrix/loconet/sdfeditor/Explanations_da.properties]" classname="jmri.util.FileLineEndingsTest" time="0.003"/>
  <testcase name="lineEndings[./java/src/jmri/jmrix/loconet/sdfeditor/Editor.properties]" classname="jmri.util.FileLineEndingsTest" time="0.001"/>
  <testcase name="lineEndings[./java/src/jmri/jmrix/loconet/sdfeditor/Editor_de.properties]" classname="jmri.util.FileLineEndingsTest" time="0.001"/>
  <testcase name="lineEndings[./java/src/jmri/jmrix/loconet/cmdstnconfig/DCS100options_it.properties]" classname="jmri.util.FileLineEndingsTest" time="0"/>
  <testcase name="lineEndings[./java/src/jmri/jmrix/loconet/cmdstnconfig/DCS100options_fr.properties]" classname="jmri.util.FileLineEndingsTest" time="0.001"/>
  <testcase name="lineEndings[./java/src/jmri/jmrix/loconet/cmdstnconfig/Defaultoptions_it.properties]" classname="jmri.util.FileLineEndingsTest" time="0.001"/>
  <testcase name="lineEndings[./java/src/jmri/jmrix/loconet/cmdstnconfig/Intellibox-Ioptions.properties]" classname="jmri.util.FileLineEndingsTest" time="0.001"/>
  <testcase name="lineEndings[./java/src/jmri/jmrix/loconet/cmdstnconfig/DCS210options_nl.properties]" classname="jmri.util.FileLineEndingsTest" time="0"/>
  <testcase name="lineEndings[./java/src/jmri/jmrix/loconet/cmdstnconfig/Mix-Masteroptions_de.properties]" classname="jmri.util.FileLineEndingsTest" time="0.001"/>
  <testcase name="lineEndings[./java/src/jmri/jmrix/loconet/cmdstnconfig/DCS51options_da.properties]" classname="jmri.util.FileLineEndingsTest" time="0.001"/>
  <testcase name="lineEndings[./java/src/jmri/jmrix/loconet/cmdstnconfig/DCS240options.properties]" classname="jmri.util.FileLineEndingsTest" time="0.001"/>
  <testcase name="lineEndings[./java/src/jmri/jmrix/loconet/cmdstnconfig/DCS100options_nl.properties]" classname="jmri.util.FileLineEndingsTest" time="0"/>
  <testcase name="lineEndings[./java/src/jmri/jmrix/loconet/cmdstnconfig/Intellibox-Ioptions_da.properties]" classname="jmri.util.FileLineEndingsTest" time="0.001"/>
  <testcase name="lineEndings[./java/src/jmri/jmrix/loconet/cmdstnconfig/Intellibox-Ioptions_de.properties]" classname="jmri.util.FileLineEndingsTest" time="0.001"/>
  <testcase name="lineEndings[./java/src/jmri/jmrix/loconet/cmdstnconfig/DB150options_it.properties]" classname="jmri.util.FileLineEndingsTest" time="0.001"/>
  <testcase name="lineEndings[./java/src/jmri/jmrix/loconet/cmdstnconfig/DCS200options.properties]" classname="jmri.util.FileLineEndingsTest" time="0"/>
  <testcase name="lineEndings[./java/src/jmri/jmrix/loconet/cmdstnconfig/DCS200options_nl.properties]" classname="jmri.util.FileLineEndingsTest" time="0.001"/>
  <testcase name="lineEndings[./java/src/jmri/jmrix/loconet/cmdstnconfig/DCS100options.properties]" classname="jmri.util.FileLineEndingsTest" time="0.001"/>
  <testcase name="lineEndings[./java/src/jmri/jmrix/loconet/cmdstnconfig/DCS240options_ja_JP.properties]" classname="jmri.util.FileLineEndingsTest" time="0.001"/>
  <testcase name="lineEndings[./java/src/jmri/jmrix/loconet/cmdstnconfig/LocoBufferoptions.properties]" classname="jmri.util.FileLineEndingsTest" time="0"/>
  <testcase name="lineEndings[./java/src/jmri/jmrix/loconet/cmdstnconfig/Intellibox-IIoptions.properties]" classname="jmri.util.FileLineEndingsTest" time="0.001"/>
  <testcase name="lineEndings[./java/src/jmri/jmrix/loconet/cmdstnconfig/DCS200options_ja_JP.properties]" classname="jmri.util.FileLineEndingsTest" time="0.001"/>
  <testcase name="lineEndings[./java/src/jmri/jmrix/loconet/cmdstnconfig/Mix-Masteroptions_da.properties]" classname="jmri.util.FileLineEndingsTest" time="0.001"/>
  <testcase name="lineEndings[./java/src/jmri/jmrix/loconet/cmdstnconfig/Intellibox-IIoptions_fr.properties]" classname="jmri.util.FileLineEndingsTest" time="0"/>
  <testcase name="lineEndings[./java/src/jmri/jmrix/loconet/cmdstnconfig/Defaultoptions_ja_JP.properties]" classname="jmri.util.FileLineEndingsTest" time="0.001"/>
  <testcase name="lineEndings[./java/src/jmri/jmrix/loconet/cmdstnconfig/LocoBufferoptions_it.properties]" classname="jmri.util.FileLineEndingsTest" time="0.001"/>
  <testcase name="lineEndings[./java/src/jmri/jmrix/loconet/cmdstnconfig/DB150options_es.properties]" classname="jmri.util.FileLineEndingsTest" time="0.001"/>
  <testcase name="lineEndings[./java/src/jmri/jmrix/loconet/cmdstnconfig/DCS200options_it.properties]" classname="jmri.util.FileLineEndingsTest" time="0"/>
  <testcase name="lineEndings[./java/src/jmri/jmrix/loconet/cmdstnconfig/DCS51options_de.properties]" classname="jmri.util.FileLineEndingsTest" time="0.001"/>
  <testcase name="lineEndings[./java/src/jmri/jmrix/loconet/cmdstnconfig/DB150options_de.properties]" classname="jmri.util.FileLineEndingsTest" time="0.001"/>
  <testcase name="lineEndings[./java/src/jmri/jmrix/loconet/cmdstnconfig/DCS51options.properties]" classname="jmri.util.FileLineEndingsTest" time="0.001"/>
  <testcase name="lineEndings[./java/src/jmri/jmrix/loconet/cmdstnconfig/Defaultoptions.properties]" classname="jmri.util.FileLineEndingsTest" time="0"/>
  <testcase name="lineEndings[./java/src/jmri/jmrix/loconet/cmdstnconfig/DCS200options_da.properties]" classname="jmri.util.FileLineEndingsTest" time="0.001"/>
  <testcase name="lineEndings[./java/src/jmri/jmrix/loconet/cmdstnconfig/Intellibox-Ioptions_nl.properties]" classname="jmri.util.FileLineEndingsTest" time="0.001"/>
  <testcase name="lineEndings[./java/src/jmri/jmrix/loconet/cmdstnconfig/DCS50options_ja_JP.properties]" classname="jmri.util.FileLineEndingsTest" time="0.001"/>
  <testcase name="lineEndings[./java/src/jmri/jmrix/loconet/cmdstnconfig/Mix-Masteroptions_nl.properties]" classname="jmri.util.FileLineEndingsTest" time="0"/>
  <testcase name="lineEndings[./java/src/jmri/jmrix/loconet/cmdstnconfig/Intellibox-IIoptions_nl.properties]" classname="jmri.util.FileLineEndingsTest" time="0.001"/>
  <testcase name="lineEndings[./java/src/jmri/jmrix/loconet/cmdstnconfig/LocoBufferoptions_nl.properties]" classname="jmri.util.FileLineEndingsTest" time="0.001"/>
  <testcase name="lineEndings[./java/src/jmri/jmrix/loconet/cmdstnconfig/DCS240options_da.properties]" classname="jmri.util.FileLineEndingsTest" time="0.001"/>
  <testcase name="lineEndings[./java/src/jmri/jmrix/loconet/cmdstnconfig/DCS210options_de.properties]" classname="jmri.util.FileLineEndingsTest" time="0"/>
  <testcase name="lineEndings[./java/src/jmri/jmrix/loconet/cmdstnconfig/DCS51options_it.properties]" classname="jmri.util.FileLineEndingsTest" time="0.001"/>
  <testcase name="lineEndings[./java/src/jmri/jmrix/loconet/cmdstnconfig/Intellibox-IIoptions_da.properties]" classname="jmri.util.FileLineEndingsTest" time="0.001"/>
  <testcase name="lineEndings[./java/src/jmri/jmrix/loconet/cmdstnconfig/DCS240options_nl.properties]" classname="jmri.util.FileLineEndingsTest" time="0.001"/>
  <testcase name="lineEndings[./java/src/jmri/jmrix/loconet/cmdstnconfig/DCS50options_fr.properties]" classname="jmri.util.FileLineEndingsTest" time="0"/>
  <testcase name="lineEndings[./java/src/jmri/jmrix/loconet/cmdstnconfig/DCS50options_da.properties]" classname="jmri.util.FileLineEndingsTest" time="0.001"/>
  <testcase name="lineEndings[./java/src/jmri/jmrix/loconet/cmdstnconfig/LocoBufferoptions_ja_JP.properties]" classname="jmri.util.FileLineEndingsTest" time="0.001"/>
  <testcase name="lineEndings[./java/src/jmri/jmrix/loconet/cmdstnconfig/LocoBufferoptions_da.properties]" classname="jmri.util.FileLineEndingsTest" time="0.001"/>
  <testcase name="lineEndings[./java/src/jmri/jmrix/loconet/cmdstnconfig/DCS240options_de.properties]" classname="jmri.util.FileLineEndingsTest" time="0"/>
  <testcase name="lineEndings[./java/src/jmri/jmrix/loconet/cmdstnconfig/DCS200options_de.properties]" classname="jmri.util.FileLineEndingsTest" time="0.001"/>
  <testcase name="lineEndings[./java/src/jmri/jmrix/loconet/cmdstnconfig/Intellibox-IIoptions_ja_JP.properties]" classname="jmri.util.FileLineEndingsTest" time="0.001"/>
  <testcase name="lineEndings[./java/src/jmri/jmrix/loconet/cmdstnconfig/Defaultoptions_da.properties]" classname="jmri.util.FileLineEndingsTest" time="0.001"/>
  <testcase name="lineEndings[./java/src/jmri/jmrix/loconet/cmdstnconfig/DCS100options_de.properties]" classname="jmri.util.FileLineEndingsTest" time="0"/>
  <testcase name="lineEndings[./java/src/jmri/jmrix/loconet/cmdstnconfig/Intellibox-IIoptions_de.properties]" classname="jmri.util.FileLineEndingsTest" time="0.001"/>
  <testcase name="lineEndings[./java/src/jmri/jmrix/loconet/cmdstnconfig/LocoBufferoptions_de.properties]" classname="jmri.util.FileLineEndingsTest" time="0.001"/>
  <testcase name="lineEndings[./java/src/jmri/jmrix/loconet/cmdstnconfig/DB150options_fr.properties]" classname="jmri.util.FileLineEndingsTest" time="0.001"/>
  <testcase name="lineEndings[./java/src/jmri/jmrix/loconet/cmdstnconfig/Defaultoptions_fr.properties]" classname="jmri.util.FileLineEndingsTest" time="0"/>
  <testcase name="lineEndings[./java/src/jmri/jmrix/loconet/cmdstnconfig/Mix-Masteroptions.properties]" classname="jmri.util.FileLineEndingsTest" time="0.001"/>
  <testcase name="lineEndings[./java/src/jmri/jmrix/loconet/cmdstnconfig/DCS50options.properties]" classname="jmri.util.FileLineEndingsTest" time="0.001"/>
  <testcase name="lineEndings[./java/src/jmri/jmrix/loconet/cmdstnconfig/Mix-Masteroptions_fr.properties]" classname="jmri.util.FileLineEndingsTest" time="0.001"/>
  <testcase name="lineEndings[./java/src/jmri/jmrix/loconet/cmdstnconfig/DCS51options_nl.properties]" classname="jmri.util.FileLineEndingsTest" time="0"/>
  <testcase name="lineEndings[./java/src/jmri/jmrix/loconet/cmdstnconfig/Defaultoptions_nl.properties]" classname="jmri.util.FileLineEndingsTest" time="0.001"/>
  <testcase name="lineEndings[./java/src/jmri/jmrix/loconet/cmdstnconfig/DCS100options_da.properties]" classname="jmri.util.FileLineEndingsTest" time="0.001"/>
  <testcase name="lineEndings[./java/src/jmri/jmrix/loconet/cmdstnconfig/Mix-Masteroptions_it.properties]" classname="jmri.util.FileLineEndingsTest" time="0.001"/>
  <testcase name="lineEndings[./java/src/jmri/jmrix/loconet/cmdstnconfig/DCS240options_it.properties]" classname="jmri.util.FileLineEndingsTest" time="0"/>
  <testcase name="lineEndings[./java/src/jmri/jmrix/loconet/cmdstnconfig/DB150options.properties]" classname="jmri.util.FileLineEndingsTest" time="0.001"/>
  <testcase name="lineEndings[./java/src/jmri/jmrix/loconet/cmdstnconfig/DCS210options.properties]" classname="jmri.util.FileLineEndingsTest" time="0.001"/>
  <testcase name="lineEndings[./java/src/jmri/jmrix/loconet/cmdstnconfig/Intellibox-Ioptions_ja_JP.properties]" classname="jmri.util.FileLineEndingsTest" time="0.001"/>
  <testcase name="lineEndings[./java/src/jmri/jmrix/loconet/cmdstnconfig/Intellibox-IIoptions_it.properties]" classname="jmri.util.FileLineEndingsTest" time="0"/>
  <testcase name="lineEndings[./java/src/jmri/jmrix/loconet/cmdstnconfig/DCS200options_fr.properties]" classname="jmri.util.FileLineEndingsTest" time="0.001"/>
  <testcase name="lineEndings[./java/src/jmri/jmrix/loconet/cmdstnconfig/Intellibox-Ioptions_fr.properties]" classname="jmri.util.FileLineEndingsTest" time="0.001"/>
  <testcase name="lineEndings[./java/src/jmri/jmrix/loconet/cmdstnconfig/DB150options_da.properties]" classname="jmri.util.FileLineEndingsTest" time="0.001"/>
  <testcase name="lineEndings[./java/src/jmri/jmrix/loconet/cmdstnconfig/DCS100options_ja_JP.properties]" classname="jmri.util.FileLineEndingsTest" time="0"/>
  <testcase name="lineEndings[./java/src/jmri/jmrix/loconet/cmdstnconfig/DCS50options_de.properties]" classname="jmri.util.FileLineEndingsTest" time="0.001"/>
  <testcase name="lineEndings[./java/src/jmri/jmrix/loconet/cmdstnconfig/DCS50options_nl.properties]" classname="jmri.util.FileLineEndingsTest" time="0.001"/>
  <testcase name="lineEndings[./java/src/jmri/jmrix/loconet/cmdstnconfig/DB150options_nl.properties]" classname="jmri.util.FileLineEndingsTest" time="0.001"/>
  <testcase name="lineEndings[./java/src/jmri/jmrix/loconet/cmdstnconfig/LocoBufferoptions_fr.properties]" classname="jmri.util.FileLineEndingsTest" time="0"/>
  <testcase name="lineEndings[./java/src/jmri/jmrix/loconet/cmdstnconfig/DB150options_ja_JP.properties]" classname="jmri.util.FileLineEndingsTest" time="0.001"/>
  <testcase name="lineEndings[./java/src/jmri/jmrix/loconet/cmdstnconfig/Defaultoptions_de.properties]" classname="jmri.util.FileLineEndingsTest" time="0.001"/>
  <testcase name="lineEndings[./java/src/jmri/jmrix/loconet/cmdstnconfig/Intellibox-Ioptions_it.properties]" classname="jmri.util.FileLineEndingsTest" time="0.001"/>
  <testcase name="lineEndings[./java/src/jmri/jmrix/loconet/cmdstnconfig/DCS50options_it.properties]" classname="jmri.util.FileLineEndingsTest" time="0"/>
  <testcase name="lineEndings[./java/src/jmri/jmrix/loconet/cmdstnconfig/DCS51options_fr.properties]" classname="jmri.util.FileLineEndingsTest" time="0.001"/>
  <testcase name="lineEndings[./java/src/jmri/jmrix/loconet/LocoNetBundle_nl.properties]" classname="jmri.util.FileLineEndingsTest" time="0.001"/>
  <testcase name="lineEndings[./java/src/jmri/jmrix/loconet/locostats/swing/LocoStatsBundle_fr.properties]" classname="jmri.util.FileLineEndingsTest" time="0.001"/>
  <testcase name="lineEndings[./java/src/jmri/jmrix/loconet/locostats/swing/LocoStatsBundle_nl.properties]" classname="jmri.util.FileLineEndingsTest" time="0"/>
  <testcase name="lineEndings[./java/src/jmri/jmrix/loconet/locostats/swing/LocoStatsBundle_de.properties]" classname="jmri.util.FileLineEndingsTest" time="0.001"/>
  <testcase name="lineEndings[./java/src/jmri/jmrix/loconet/locostats/swing/LocoStatsBundle_it.properties]" classname="jmri.util.FileLineEndingsTest" time="0.001"/>
  <testcase name="lineEndings[./java/src/jmri/jmrix/loconet/locostats/swing/LocoStatsBundle_da.properties]" classname="jmri.util.FileLineEndingsTest" time="0.001"/>
  <testcase name="lineEndings[./java/src/jmri/jmrix/loconet/locostats/swing/LocoStatsBundle_ja_JP.properties]" classname="jmri.util.FileLineEndingsTest" time="0"/>
  <testcase name="lineEndings[./java/src/jmri/jmrix/loconet/locostats/swing/LocoStatsBundle.properties]" classname="jmri.util.FileLineEndingsTest" time="0.001"/>
  <testcase name="lineEndings[./java/src/jmri/jmrix/loconet/LocoNetBundle_ja_JP.properties]" classname="jmri.util.FileLineEndingsTest" time="0.001"/>
  <testcase name="lineEndings[./java/src/jmri/jmrix/loconet/duplexgroup/swing/DuplexGroup_nl.properties]" classname="jmri.util.FileLineEndingsTest" time="0.001"/>
  <testcase name="lineEndings[./java/src/jmri/jmrix/loconet/duplexgroup/swing/DuplexGroup.properties]" classname="jmri.util.FileLineEndingsTest" time="0"/>
  <testcase name="lineEndings[./java/src/jmri/jmrix/loconet/duplexgroup/swing/DuplexGroup_fr.properties]" classname="jmri.util.FileLineEndingsTest" time="0.001"/>
  <testcase name="lineEndings[./java/src/jmri/jmrix/loconet/duplexgroup/swing/DuplexGroup_it.properties]" classname="jmri.util.FileLineEndingsTest" time="0.001"/>
  <testcase name="lineEndings[./java/src/jmri/jmrix/loconet/duplexgroup/swing/DuplexGroup_da.properties]" classname="jmri.util.FileLineEndingsTest" time="0.001"/>
  <testcase name="lineEndings[./java/src/jmri/jmrix/loconet/LocoNetActionListBundle_de.properties]" classname="jmri.util.FileLineEndingsTest" time="0"/>
  <testcase name="lineEndings[./java/src/jmri/jmrix/loconet/locomon/Llnmon.properties]" classname="jmri.util.FileLineEndingsTest" time="0.001"/>
  <testcase name="lineEndings[./java/src/jmri/jmrix/loconet/locomon/Llnmon_nl.properties]" classname="jmri.util.FileLineEndingsTest" time="0.001"/>
  <testcase name="lineEndings[./java/src/jmri/jmrix/loconet/LocoNetBundle_de.properties]" classname="jmri.util.FileLineEndingsTest" time="0.001"/>
  <testcase name="lineEndings[./java/src/jmri/jmrix/loconet/pr3/Pr3Bundle_de.properties]" classname="jmri.util.FileLineEndingsTest" time="0.001"/>
  <testcase name="lineEndings[./java/src/jmri/jmrix/loconet/pr3/Pr3Bundle_nl.properties]" classname="jmri.util.FileLineEndingsTest" time="0.001"/>
  <testcase name="lineEndings[./java/src/jmri/jmrix/loconet/pr3/Pr3Bundle_da.properties]" classname="jmri.util.FileLineEndingsTest" time="0"/>
  <testcase name="lineEndings[./java/src/jmri/jmrix/loconet/pr3/Pr3Bundle_ja_JP.properties]" classname="jmri.util.FileLineEndingsTest" time="0.001"/>
  <testcase name="lineEndings[./java/src/jmri/jmrix/loconet/pr3/Pr3Bundle_it.properties]" classname="jmri.util.FileLineEndingsTest" time="0.001"/>
  <testcase name="lineEndings[./java/src/jmri/jmrix/loconet/pr3/Pr3Bundle.properties]" classname="jmri.util.FileLineEndingsTest" time="0.001"/>
  <testcase name="lineEndings[./java/src/jmri/jmrix/loconet/pr3/Pr3Bundle_fr.properties]" classname="jmri.util.FileLineEndingsTest" time="0"/>
  <testcase name="lineEndings[./java/src/jmri/jmrix/loconet/ds64/Ds64_nl.properties]" classname="jmri.util.FileLineEndingsTest" time="0.001"/>
  <testcase name="lineEndings[./java/src/jmri/jmrix/loconet/ds64/Ds64.properties]" classname="jmri.util.FileLineEndingsTest" time="0.001"/>
  <testcase name="lineEndings[./java/src/jmri/jmrix/loconet/loconetovertcp/Bundle.properties]" classname="jmri.util.FileLineEndingsTest" time="0.001"/>
  <testcase name="lineEndings[./java/src/jmri/jmrix/loconet/soundloader/Soundloader_de.properties]" classname="jmri.util.FileLineEndingsTest" time="0"/>
  <testcase name="lineEndings[./java/src/jmri/jmrix/loconet/soundloader/Soundloader.properties]" classname="jmri.util.FileLineEndingsTest" time="0.001"/>
  <testcase name="lineEndings[./java/src/jmri/jmrix/loconet/soundloader/Soundloader_fr.properties]" classname="jmri.util.FileLineEndingsTest" time="0.001"/>
  <testcase name="lineEndings[./java/src/jmri/jmrix/loconet/soundloader/Soundloader_it.properties]" classname="jmri.util.FileLineEndingsTest" time="0.001"/>
  <testcase name="lineEndings[./java/src/jmri/jmrix/loconet/soundloader/Soundloader_ja_JP.properties]" classname="jmri.util.FileLineEndingsTest" time="0"/>
  <testcase name="lineEndings[./java/src/jmri/jmrix/loconet/soundloader/Soundloader_da.properties]" classname="jmri.util.FileLineEndingsTest" time="0.001"/>
  <testcase name="lineEndings[./java/src/jmri/jmrix/loconet/soundloader/Soundloader_en_GB.properties]" classname="jmri.util.FileLineEndingsTest" time="0.001"/>
  <testcase name="lineEndings[./java/src/jmri/jmrix/loconet/downloader/Bundle_nl.properties]" classname="jmri.util.FileLineEndingsTest" time="0.001"/>
  <testcase name="lineEndings[./java/src/jmri/jmrix/loconet/downloader/Bundle_fr.properties]" classname="jmri.util.FileLineEndingsTest" time="0"/>
  <testcase name="lineEndings[./java/src/jmri/jmrix/loconet/downloader/Bundle_da.properties]" classname="jmri.util.FileLineEndingsTest" time="0.001"/>
  <testcase name="lineEndings[./java/src/jmri/jmrix/loconet/downloader/Bundle_ja_JP.properties]" classname="jmri.util.FileLineEndingsTest" time="0.001"/>
  <testcase name="lineEndings[./java/src/jmri/jmrix/loconet/downloader/Bundle.properties]" classname="jmri.util.FileLineEndingsTest" time="0.001"/>
  <testcase name="lineEndings[./java/src/jmri/jmrix/loconet/downloader/Bundle_de.properties]" classname="jmri.util.FileLineEndingsTest" time="0"/>
  <testcase name="lineEndings[./java/src/jmri/jmrix/loconet/downloader/Bundle_it.properties]" classname="jmri.util.FileLineEndingsTest" time="0.001"/>
  <testcase name="lineEndings[./java/src/jmri/jmrix/loconet/se8/SE8.properties]" classname="jmri.util.FileLineEndingsTest" time="0.001"/>
  <testcase name="lineEndings[./java/src/jmri/jmrix/loconet/se8/SE8_nl.properties]" classname="jmri.util.FileLineEndingsTest" time="0.001"/>
  <testcase name="lineEndings[./java/src/jmri/jmrix/loconet/hexfile/HexFileBundle_fr.properties]" classname="jmri.util.FileLineEndingsTest" time="0"/>
  <testcase name="lineEndings[./java/src/jmri/jmrix/loconet/hexfile/HexFileBundle.properties]" classname="jmri.util.FileLineEndingsTest" time="0.001"/>
  <testcase name="lineEndings[./java/src/jmri/jmrix/loconet/hexfile/HexFileBundle_it.properties]" classname="jmri.util.FileLineEndingsTest" time="0.001"/>
  <testcase name="lineEndings[./java/src/jmri/jmrix/loconet/hexfile/HexFileBundle_de.properties]" classname="jmri.util.FileLineEndingsTest" time="0.001"/>
  <testcase name="lineEndings[./java/src/jmri/jmrix/loconet/hexfile/HexFileBundle_da.properties]" classname="jmri.util.FileLineEndingsTest" time="0"/>
  <testcase name="lineEndings[./java/src/jmri/jmrix/loconet/hexfile/HexFileBundle_nl.properties]" classname="jmri.util.FileLineEndingsTest" time="0.001"/>
  <testcase name="lineEndings[./java/src/jmri/jmrix/loconet/LocoNetActionListBundle_ca.properties]" classname="jmri.util.FileLineEndingsTest" time="0.001"/>
  <testcase name="lineEndings[./java/src/jmri/jmrix/loconet/locoid/LocoId_it.properties]" classname="jmri.util.FileLineEndingsTest" time="0.001"/>
  <testcase name="lineEndings[./java/src/jmri/jmrix/loconet/locoid/LocoId.properties]" classname="jmri.util.FileLineEndingsTest" time="0"/>
  <testcase name="lineEndings[./java/src/jmri/jmrix/loconet/locoid/LocoId_fr.properties]" classname="jmri.util.FileLineEndingsTest" time="0.001"/>
  <testcase name="lineEndings[./java/src/jmri/jmrix/loconet/locoid/LocoId_de.properties]" classname="jmri.util.FileLineEndingsTest" time="0.001"/>
  <testcase name="lineEndings[./java/src/jmri/jmrix/loconet/locoid/LocoId_ja_JP.properties]" classname="jmri.util.FileLineEndingsTest" time="0.001"/>
  <testcase name="lineEndings[./java/src/jmri/jmrix/loconet/locoid/LocoId_nl.properties]" classname="jmri.util.FileLineEndingsTest" time="0"/>
  <testcase name="lineEndings[./java/src/jmri/jmrix/loconet/locoid/LocoId_da.properties]" classname="jmri.util.FileLineEndingsTest" time="0.001"/>
  <testcase name="lineEndings[./java/src/jmri/jmrix/loconet/LocoNetActionListBundle_ja.properties]" classname="jmri.util.FileLineEndingsTest" time="0.001"/>
  <testcase name="lineEndings[./java/src/jmri/jmrix/loconet/bdl16/BDL16x_nl.properties]" classname="jmri.util.FileLineEndingsTest" time="0.001"/>
  <testcase name="lineEndings[./java/src/jmri/jmrix/loconet/bdl16/BDL16x.properties]" classname="jmri.util.FileLineEndingsTest" time="0"/>
  <testcase name="lineEndings[./java/src/jmri/jmrix/loconet/LocoNetActionListBundle_cs.properties]" classname="jmri.util.FileLineEndingsTest" time="0.001"/>
  <testcase name="lineEndings[./java/src/jmri/jmrix/loconet/LocoNetBundle_it.properties]" classname="jmri.util.FileLineEndingsTest" time="0.001"/>
  <testcase name="lineEndings[./java/src/jmri/jmrix/loconet/LocoNetActionListBundle_ja_JP.properties]" classname="jmri.util.FileLineEndingsTest" time="0.001"/>
  <testcase name="lineEndings[./java/src/jmri/jmrix/loconet/LocoNetBundle_fr.properties]" classname="jmri.util.FileLineEndingsTest" time="0"/>
  <testcase name="lineEndings[./java/src/jmri/jmrix/loconet/pm4/PM4_nl.properties]" classname="jmri.util.FileLineEndingsTest" time="0.001"/>
  <testcase name="lineEndings[./java/src/jmri/jmrix/loconet/pm4/PM4_de.properties]" classname="jmri.util.FileLineEndingsTest" time="0.001"/>
  <testcase name="lineEndings[./java/src/jmri/jmrix/loconet/pm4/PM4.properties]" classname="jmri.util.FileLineEndingsTest" time="0.001"/>
  <testcase name="lineEndings[./java/src/jmri/jmrix/loconet/LocoNetBundle_es.properties]" classname="jmri.util.FileLineEndingsTest" time="0"/>
  <testcase name="lineEndings[./java/src/jmri/jmrix/loconet/LocoNetActionListBundle_it.properties]" classname="jmri.util.FileLineEndingsTest" time="0.001"/>
  <testcase name="lineEndings[./java/src/jmri/jmrix/loconet/LocoNetBundle_cs.properties]" classname="jmri.util.FileLineEndingsTest" time="0.001"/>
  <testcase name="lineEndings[./java/src/jmri/jmrix/loconet/LocoNetActionListBundle.properties]" classname="jmri.util.FileLineEndingsTest" time="0.001"/>
  <testcase name="lineEndings[./java/src/jmri/jmrix/loconet/LocoNetBundle_da.properties]" classname="jmri.util.FileLineEndingsTest" time="0"/>
  <testcase name="lineEndings[./java/src/jmri/jmrix/loconet/LocoNetActionListBundle_da.properties]" classname="jmri.util.FileLineEndingsTest" time="0.001"/>
  <testcase name="lineEndings[./java/src/jmri/jmrix/loconet/lnsvf2/LnSvF2Bundle.properties]" classname="jmri.util.FileLineEndingsTest" time="0.001"/>
  <testcase name="lineEndings[./java/src/jmri/jmrix/loconet/LocoNetActionListBundle_es.properties]" classname="jmri.util.FileLineEndingsTest" time="0.001"/>
  <testcase name="lineEndings[./java/src/jmri/jmrix/loconet/LocoNetActionListBundle_fr.properties]" classname="jmri.util.FileLineEndingsTest" time="0"/>
  <testcase name="lineEndings[./java/src/jmri/jmrix/loconet/LocoNetBundle.properties]" classname="jmri.util.FileLineEndingsTest" time="0.001"/>
  <testcase name="lineEndings[./java/src/jmri/jmrix/lenz/swing/lz100/LZ100Bundle_it.properties]" classname="jmri.util.FileLineEndingsTest" time="0.001"/>
  <testcase name="lineEndings[./java/src/jmri/jmrix/lenz/swing/lz100/LZ100Bundle_de.properties]" classname="jmri.util.FileLineEndingsTest" time="0.001"/>
  <testcase name="lineEndings[./java/src/jmri/jmrix/lenz/swing/lz100/LZ100Bundle_nl.properties]" classname="jmri.util.FileLineEndingsTest" time="0.001"/>
  <testcase name="lineEndings[./java/src/jmri/jmrix/lenz/swing/lz100/LZ100Bundle_fr.properties]" classname="jmri.util.FileLineEndingsTest" time="0"/>
  <testcase name="lineEndings[./java/src/jmri/jmrix/lenz/swing/lz100/LZ100Bundle_cs.properties]" classname="jmri.util.FileLineEndingsTest" time="0.001"/>
  <testcase name="lineEndings[./java/src/jmri/jmrix/lenz/swing/lz100/LZ100Bundle_da.properties]" classname="jmri.util.FileLineEndingsTest" time="0.001"/>
  <testcase name="lineEndings[./java/src/jmri/jmrix/lenz/swing/lz100/LZ100Bundle_ca.properties]" classname="jmri.util.FileLineEndingsTest" time="0.001"/>
  <testcase name="lineEndings[./java/src/jmri/jmrix/lenz/swing/lz100/LZ100Bundle_es.properties]" classname="jmri.util.FileLineEndingsTest" time="0"/>
  <testcase name="lineEndings[./java/src/jmri/jmrix/lenz/swing/lz100/LZ100Bundle.properties]" classname="jmri.util.FileLineEndingsTest" time="0.001"/>
  <testcase name="lineEndings[./java/src/jmri/jmrix/lenz/swing/stackmon/StackMonBundle_ja_JP.properties]" classname="jmri.util.FileLineEndingsTest" time="0.001"/>
  <testcase name="lineEndings[./java/src/jmri/jmrix/lenz/swing/stackmon/StackMonBundle_ca.properties]" classname="jmri.util.FileLineEndingsTest" time="0.001"/>
  <testcase name="lineEndings[./java/src/jmri/jmrix/lenz/swing/stackmon/StackMonBundle.properties]" classname="jmri.util.FileLineEndingsTest" time="0"/>
  <testcase name="lineEndings[./java/src/jmri/jmrix/lenz/swing/stackmon/StackMonBundle_nl.properties]" classname="jmri.util.FileLineEndingsTest" time="0.001"/>
  <testcase name="lineEndings[./java/src/jmri/jmrix/lenz/swing/stackmon/StackMonBundle_da.properties]" classname="jmri.util.FileLineEndingsTest" time="0.001"/>
  <testcase name="lineEndings[./java/src/jmri/jmrix/lenz/swing/stackmon/StackMonBundle_fr.properties]" classname="jmri.util.FileLineEndingsTest" time="0.001"/>
  <testcase name="lineEndings[./java/src/jmri/jmrix/lenz/swing/stackmon/StackMonBundle_es.properties]" classname="jmri.util.FileLineEndingsTest" time="0"/>
  <testcase name="lineEndings[./java/src/jmri/jmrix/lenz/swing/stackmon/StackMonBundle_cs.properties]" classname="jmri.util.FileLineEndingsTest" time="0.001"/>
  <testcase name="lineEndings[./java/src/jmri/jmrix/lenz/swing/stackmon/StackMonBundle_it.properties]" classname="jmri.util.FileLineEndingsTest" time="0.001"/>
  <testcase name="lineEndings[./java/src/jmri/jmrix/lenz/swing/stackmon/StackMonBundle_de.properties]" classname="jmri.util.FileLineEndingsTest" time="0.001"/>
  <testcase name="lineEndings[./java/src/jmri/jmrix/lenz/swing/lzv100/LZ100Bundle_fr.properties]" classname="jmri.util.FileLineEndingsTest" time="0"/>
  <testcase name="lineEndings[./java/src/jmri/jmrix/lenz/swing/lv102/LV102Bundle_nl.properties]" classname="jmri.util.FileLineEndingsTest" time="0.001"/>
  <testcase name="lineEndings[./java/src/jmri/jmrix/lenz/swing/lv102/LV102Bundle_da.properties]" classname="jmri.util.FileLineEndingsTest" time="0.001"/>
  <testcase name="lineEndings[./java/src/jmri/jmrix/lenz/swing/lv102/LV102Bundle_ca.properties]" classname="jmri.util.FileLineEndingsTest" time="0.001"/>
  <testcase name="lineEndings[./java/src/jmri/jmrix/lenz/swing/lv102/LV102Bundle_es.properties]" classname="jmri.util.FileLineEndingsTest" time="0"/>
  <testcase name="lineEndings[./java/src/jmri/jmrix/lenz/swing/lv102/LV102Bundle_it.properties]" classname="jmri.util.FileLineEndingsTest" time="0.001"/>
  <testcase name="lineEndings[./java/src/jmri/jmrix/lenz/swing/lv102/LV102Bundle_ja_JP.properties]" classname="jmri.util.FileLineEndingsTest" time="0.001"/>
  <testcase name="lineEndings[./java/src/jmri/jmrix/lenz/swing/lv102/LV102Bundle.properties]" classname="jmri.util.FileLineEndingsTest" time="0.001"/>
  <testcase name="lineEndings[./java/src/jmri/jmrix/lenz/swing/lv102/LV102Bundle_cs.properties]" classname="jmri.util.FileLineEndingsTest" time="0"/>
  <testcase name="lineEndings[./java/src/jmri/jmrix/lenz/swing/lv102/LV102Bundle_de.properties]" classname="jmri.util.FileLineEndingsTest" time="0.001"/>
  <testcase name="lineEndings[./java/src/jmri/jmrix/lenz/swing/lv102/LV102Bundle_fr.properties]" classname="jmri.util.FileLineEndingsTest" time="0.001"/>
  <testcase name="lineEndings[./java/src/jmri/jmrix/lenz/swing/XNetSwingBundle_ca.properties]" classname="jmri.util.FileLineEndingsTest" time="0.001"/>
  <testcase name="lineEndings[./java/src/jmri/jmrix/lenz/swing/XNetSwingBundle_nl.properties]" classname="jmri.util.FileLineEndingsTest" time="0"/>
  <testcase name="lineEndings[./java/src/jmri/jmrix/lenz/swing/XNetSwingBundle_ja_JP.properties]" classname="jmri.util.FileLineEndingsTest" time="0.001"/>
  <testcase name="lineEndings[./java/src/jmri/jmrix/lenz/swing/XNetSwingBundle_fr.properties]" classname="jmri.util.FileLineEndingsTest" time="0.001"/>
  <testcase name="lineEndings[./java/src/jmri/jmrix/lenz/swing/XNetSwingBundle_da.properties]" classname="jmri.util.FileLineEndingsTest" time="0.001"/>
  <testcase name="lineEndings[./java/src/jmri/jmrix/lenz/swing/XNetSwingBundle_cs.properties]" classname="jmri.util.FileLineEndingsTest" time="0"/>
  <testcase name="lineEndings[./java/src/jmri/jmrix/lenz/swing/XNetSwingBundle_es.properties]" classname="jmri.util.FileLineEndingsTest" time="0.001"/>
  <testcase name="lineEndings[./java/src/jmri/jmrix/lenz/swing/XNetSwingBundle_de.properties]" classname="jmri.util.FileLineEndingsTest" time="0.001"/>
  <testcase name="lineEndings[./java/src/jmri/jmrix/lenz/swing/XNetSwingBundle_it.properties]" classname="jmri.util.FileLineEndingsTest" time="0.001"/>
  <testcase name="lineEndings[./java/src/jmri/jmrix/lenz/swing/XNetSwingBundle.properties]" classname="jmri.util.FileLineEndingsTest" time="0"/>
  <testcase name="lineEndings[./java/src/jmri/jmrix/lenz/XNetBundle.properties]" classname="jmri.util.FileLineEndingsTest" time="0.001"/>
  <testcase name="lineEndings[./java/src/jmri/jmrix/lenz/XNetBundle_da.properties]" classname="jmri.util.FileLineEndingsTest" time="0.001"/>
  <testcase name="lineEndings[./java/src/jmri/jmrix/lenz/XNetBundle_de.properties]" classname="jmri.util.FileLineEndingsTest" time="0.001"/>
  <testcase name="lineEndings[./java/src/jmri/jmrix/lenz/xntcp/XnTcpBundle_ca.properties]" classname="jmri.util.FileLineEndingsTest" time="0"/>
  <testcase name="lineEndings[./java/src/jmri/jmrix/lenz/xntcp/XnTcpBundle_cs.properties]" classname="jmri.util.FileLineEndingsTest" time="0.001"/>
  <testcase name="lineEndings[./java/src/jmri/jmrix/lenz/xntcp/XnTcpBundle_fr.properties]" classname="jmri.util.FileLineEndingsTest" time="0.001"/>
  <testcase name="lineEndings[./java/src/jmri/jmrix/lenz/xntcp/XnTcpBundle_ja_JP.properties]" classname="jmri.util.FileLineEndingsTest" time="0.001"/>
  <testcase name="lineEndings[./java/src/jmri/jmrix/lenz/xntcp/XnTcpBundle_de.properties]" classname="jmri.util.FileLineEndingsTest" time="0"/>
  <testcase name="lineEndings[./java/src/jmri/jmrix/lenz/xntcp/XnTcpBundle_it.properties]" classname="jmri.util.FileLineEndingsTest" time="0.001"/>
  <testcase name="lineEndings[./java/src/jmri/jmrix/lenz/xntcp/XnTcpBundle_es.properties]" classname="jmri.util.FileLineEndingsTest" time="0.001"/>
  <testcase name="lineEndings[./java/src/jmri/jmrix/lenz/xntcp/XnTcpBundle_da.properties]" classname="jmri.util.FileLineEndingsTest" time="0.001"/>
  <testcase name="lineEndings[./java/src/jmri/jmrix/lenz/xntcp/XnTcpBundle.properties]" classname="jmri.util.FileLineEndingsTest" time="0"/>
  <testcase name="lineEndings[./java/src/jmri/jmrix/lenz/XNetActionListBundle_da.properties]" classname="jmri.util.FileLineEndingsTest" time="0.001"/>
  <testcase name="lineEndings[./java/src/jmri/jmrix/lenz/XNetActionListBundle_es.properties]" classname="jmri.util.FileLineEndingsTest" time="0.001"/>
  <testcase name="lineEndings[./java/src/jmri/jmrix/lenz/XNetActionListBundle_de.properties]" classname="jmri.util.FileLineEndingsTest" time="0.001"/>
  <testcase name="lineEndings[./java/src/jmri/jmrix/lenz/XNetActionListBundle_it.properties]" classname="jmri.util.FileLineEndingsTest" time="0"/>
  <testcase name="lineEndings[./java/src/jmri/jmrix/lenz/XNetBundle_ca.properties]" classname="jmri.util.FileLineEndingsTest" time="0.001"/>
  <testcase name="lineEndings[./java/src/jmri/jmrix/lenz/XNetActionListBundle_cs.properties]" classname="jmri.util.FileLineEndingsTest" time="0.001"/>
  <testcase name="lineEndings[./java/src/jmri/jmrix/lenz/XNetActionListBundle_ja_JP.properties]" classname="jmri.util.FileLineEndingsTest" time="0.001"/>
  <testcase name="lineEndings[./java/src/jmri/jmrix/lenz/XNetBundle_it.properties]" classname="jmri.util.FileLineEndingsTest" time="0"/>
  <testcase name="lineEndings[./java/src/jmri/jmrix/lenz/XNetBundle_es.properties]" classname="jmri.util.FileLineEndingsTest" time="0.001"/>
  <testcase name="lineEndings[./java/src/jmri/jmrix/lenz/XNetBundle_fr.properties]" classname="jmri.util.FileLineEndingsTest" time="0.001"/>
  <testcase name="lineEndings[./java/src/jmri/jmrix/lenz/XNetActionListBundle_fr.properties]" classname="jmri.util.FileLineEndingsTest" time="0.001"/>
  <testcase name="lineEndings[./java/src/jmri/jmrix/lenz/XNetActionListBundle_ca.properties]" classname="jmri.util.FileLineEndingsTest" time="0"/>
  <testcase name="lineEndings[./java/src/jmri/jmrix/lenz/XNetBundle_nl.properties]" classname="jmri.util.FileLineEndingsTest" time="0.001"/>
  <testcase name="lineEndings[./java/src/jmri/jmrix/lenz/XNetActionListBundle_ja.properties]" classname="jmri.util.FileLineEndingsTest" time="0.001"/>
  <testcase name="lineEndings[./java/src/jmri/jmrix/lenz/XNetActionListBundle_nl.properties]" classname="jmri.util.FileLineEndingsTest" time="0.001"/>
  <testcase name="lineEndings[./java/src/jmri/jmrix/lenz/XNetBundle_cs.properties]" classname="jmri.util.FileLineEndingsTest" time="0"/>
  <testcase name="lineEndings[./java/src/jmri/jmrix/lenz/XNetActionListBundle.properties]" classname="jmri.util.FileLineEndingsTest" time="0.001"/>
  <testcase name="lineEndings[./java/src/jmri/jmrix/lenz/XNetBundle_ja_JP.properties]" classname="jmri.util.FileLineEndingsTest" time="0.001"/>
  <testcase name="lineEndings[./java/src/jmri/jmrix/ieee802154/xbee/XBeeBundle_nl.properties]" classname="jmri.util.FileLineEndingsTest" time="0.001"/>
  <testcase name="lineEndings[./java/src/jmri/jmrix/ieee802154/xbee/swing/nodeconfig/NodeConfigBundle.properties]" classname="jmri.util.FileLineEndingsTest" time="0"/>
  <testcase name="lineEndings[./java/src/jmri/jmrix/ieee802154/xbee/swing/nodeconfig/NodeConfigBundle_it.properties]" classname="jmri.util.FileLineEndingsTest" time="0.001"/>
  <testcase name="lineEndings[./java/src/jmri/jmrix/ieee802154/xbee/swing/nodeconfig/NodeConfigBundle_da.properties]" classname="jmri.util.FileLineEndingsTest" time="0.001"/>
  <testcase name="lineEndings[./java/src/jmri/jmrix/ieee802154/xbee/XBeeBundle_it.properties]" classname="jmri.util.FileLineEndingsTest" time="0.001"/>
  <testcase name="lineEndings[./java/src/jmri/jmrix/ieee802154/xbee/XBeeBundle.properties]" classname="jmri.util.FileLineEndingsTest" time="0"/>
  <testcase name="lineEndings[./java/src/jmri/jmrix/ieee802154/swing/nodeconfig/NodeConfigBundle.properties]" classname="jmri.util.FileLineEndingsTest" time="0.001"/>
  <testcase name="lineEndings[./java/src/jmri/jmrix/ieee802154/swing/nodeconfig/NodeConfigBundle_da.properties]" classname="jmri.util.FileLineEndingsTest" time="0.001"/>
  <testcase name="lineEndings[./java/src/jmri/jmrix/ieee802154/swing/nodeconfig/NodeConfigBundle_it.properties]" classname="jmri.util.FileLineEndingsTest" time="0.001"/>
  <testcase name="lineEndings[./java/src/jmri/jmrix/ieee802154/swing/mon/IEEE802154MonBundle.properties]" classname="jmri.util.FileLineEndingsTest" time="0"/>
  <testcase name="lineEndings[./java/src/jmri/jmrix/ieee802154/IEEE802154ActionListBundle_fr.properties]" classname="jmri.util.FileLineEndingsTest" time="0"/>
  <testcase name="lineEndings[./java/src/jmri/jmrix/ieee802154/IEEE802154ActionListBundle_nl.properties]" classname="jmri.util.FileLineEndingsTest" time="0.001"/>
  <testcase name="lineEndings[./java/src/jmri/jmrix/ieee802154/IEEE802154ActionListBundle_da.properties]" classname="jmri.util.FileLineEndingsTest" time="0.001"/>
  <testcase name="lineEndings[./java/src/jmri/jmrix/ieee802154/IEEE802154ActionListBundle.properties]" classname="jmri.util.FileLineEndingsTest" time="0"/>
  <testcase name="lineEndings[./java/src/jmri/jmrix/ieee802154/IEEE802154ActionListBundle_it.properties]" classname="jmri.util.FileLineEndingsTest" time="0.001"/>
  <testcase name="lineEndings[./java/src/jmri/jmrix/ieee802154/IEEE802154ActionListBundle_de.properties]" classname="jmri.util.FileLineEndingsTest" time="0.001"/>
  <testcase name="lineEndings[./java/src/jmri/jmrix/bachrus/BachrusBundle_da.properties]" classname="jmri.util.FileLineEndingsTest" time="0.001"/>
  <testcase name="lineEndings[./java/src/jmri/jmrix/bachrus/BachrusBundle_fr.properties]" classname="jmri.util.FileLineEndingsTest" time="0"/>
  <testcase name="lineEndings[./java/src/jmri/jmrix/bachrus/BachrusBundle.properties]" classname="jmri.util.FileLineEndingsTest" time="0.001"/>
  <testcase name="lineEndings[./java/src/jmri/jmrix/bachrus/BachrusBundle_en_GB.properties]" classname="jmri.util.FileLineEndingsTest" time="0.001"/>
  <testcase name="lineEndings[./java/src/jmri/jmrix/bachrus/BachrusBundle_it.properties]" classname="jmri.util.FileLineEndingsTest" time="0.001"/>
  <testcase name="lineEndings[./java/src/jmri/jmrix/dccpp/DCCppBundle_cs.properties]" classname="jmri.util.FileLineEndingsTest" time="0"/>
  <testcase name="lineEndings[./java/src/jmri/jmrix/dccpp/swing/DCCppSwingBundle.properties]" classname="jmri.util.FileLineEndingsTest" time="0.001"/>
  <testcase name="lineEndings[./java/src/jmri/jmrix/dccpp/swing/DCCppSwingBundle_cs.properties]" classname="jmri.util.FileLineEndingsTest" time="0.001"/>
  <testcase name="lineEndings[./java/src/jmri/jmrix/dccpp/DCCppActionListBundle_cs.properties]" classname="jmri.util.FileLineEndingsTest" time="0.001"/>
  <testcase name="lineEndings[./java/src/jmri/jmrix/dccpp/DCCppBundle.properties]" classname="jmri.util.FileLineEndingsTest" time="0"/>
  <testcase name="lineEndings[./java/src/jmri/jmrix/dccpp/DCCppConfigurationBundle.properties]" classname="jmri.util.FileLineEndingsTest" time="0.001"/>
  <testcase name="lineEndings[./java/src/jmri/jmrix/dccpp/DCCppBundle_nl.properties]" classname="jmri.util.FileLineEndingsTest" time="0.001"/>
  <testcase name="lineEndings[./java/src/jmri/jmrix/dccpp/DCCppConfigurationBundle_cs.properties]" classname="jmri.util.FileLineEndingsTest" time="0.001"/>
  <testcase name="lineEndings[./java/src/jmri/jmrix/dccpp/DCCppActionListBundle.properties]" classname="jmri.util.FileLineEndingsTest" time="0"/>
  <testcase name="lineEndings[./java/src/jmri/jmrix/dccpp/DCCppBundle_de.properties]" classname="jmri.util.FileLineEndingsTest" time="0.001"/>
  <testcase name="lineEndings[./java/src/jmri/jmrix/easydcc/EasyDccActionListBundle_ja_JP.properties]" classname="jmri.util.FileLineEndingsTest" time="0.001"/>
  <testcase name="lineEndings[./java/src/jmri/jmrix/easydcc/EasyDccActionListBundle_ja.properties]" classname="jmri.util.FileLineEndingsTest" time="0.001"/>
  <testcase name="lineEndings[./java/src/jmri/jmrix/easydcc/EasyDccActionListBundle_de.properties]" classname="jmri.util.FileLineEndingsTest" time="0"/>
  <testcase name="lineEndings[./java/src/jmri/jmrix/easydcc/EasyDccActionListBundle_fr.properties]" classname="jmri.util.FileLineEndingsTest" time="0.001"/>
  <testcase name="lineEndings[./java/src/jmri/jmrix/easydcc/EasyDccActionListBundle.properties]" classname="jmri.util.FileLineEndingsTest" time="0.001"/>
  <testcase name="lineEndings[./java/src/jmri/jmrix/easydcc/EasyDccActionListBundle_es.properties]" classname="jmri.util.FileLineEndingsTest" time="0.001"/>
  <testcase name="lineEndings[./java/src/jmri/jmrix/easydcc/EasyDccActionListBundle_it.properties]" classname="jmri.util.FileLineEndingsTest" time="0"/>
  <testcase name="lineEndings[./java/src/jmri/jmrix/easydcc/EasyDccActionListBundle_da.properties]" classname="jmri.util.FileLineEndingsTest" time="0.001"/>
  <testcase name="lineEndings[./java/src/jmri/jmrix/easydcc/EasyDccActionListBundle_ca.properties]" classname="jmri.util.FileLineEndingsTest" time="0.001"/>
  <testcase name="lineEndings[./java/src/jmri/jmrix/easydcc/EasyDccBundle_de.properties]" classname="jmri.util.FileLineEndingsTest" time="0"/>
  <testcase name="lineEndings[./java/src/jmri/jmrix/easydcc/EasyDccBundle.properties]" classname="jmri.util.FileLineEndingsTest" time="0.001"/>
  <testcase name="lineEndings[./java/src/jmri/jmrix/easydcc/EasyDccActionListBundle_cs.properties]" classname="jmri.util.FileLineEndingsTest" time="0.001"/>
  <testcase name="lineEndings[./java/src/jmri/jmrix/easydcc/EasyDccBundle_nl.properties]" classname="jmri.util.FileLineEndingsTest" time="0.001"/>
  <testcase name="lineEndings[./java/src/jmri/jmrix/cmri/serial/nodeiolist/NodeIOListBundle_de.properties]" classname="jmri.util.FileLineEndingsTest" time="0"/>
  <testcase name="lineEndings[./java/src/jmri/jmrix/cmri/serial/nodeiolist/NodeIOListBundle_ja_JP.properties]" classname="jmri.util.FileLineEndingsTest" time="0.001"/>
  <testcase name="lineEndings[./java/src/jmri/jmrix/cmri/serial/nodeiolist/NodeIOListBundle_it.properties]" classname="jmri.util.FileLineEndingsTest" time="0.001"/>
  <testcase name="lineEndings[./java/src/jmri/jmrix/cmri/serial/nodeiolist/NodeIOListBundle.properties]" classname="jmri.util.FileLineEndingsTest" time="0.001"/>
  <testcase name="lineEndings[./java/src/jmri/jmrix/cmri/serial/nodeiolist/NodeIOListBundle_es.properties]" classname="jmri.util.FileLineEndingsTest" time="0.001"/>
  <testcase name="lineEndings[./java/src/jmri/jmrix/cmri/serial/assignment/ListBundle_ja_JP.properties]" classname="jmri.util.FileLineEndingsTest" time="0"/>
  <testcase name="lineEndings[./java/src/jmri/jmrix/cmri/serial/assignment/ListBundle_es.properties]" classname="jmri.util.FileLineEndingsTest" time="0.001"/>
  <testcase name="lineEndings[./java/src/jmri/jmrix/cmri/serial/assignment/ListBundle_nl.properties]" classname="jmri.util.FileLineEndingsTest" time="0.001"/>
  <testcase name="lineEndings[./java/src/jmri/jmrix/cmri/serial/assignment/ListBundle.properties]" classname="jmri.util.FileLineEndingsTest" time="0"/>
  <testcase name="lineEndings[./java/src/jmri/jmrix/cmri/serial/assignment/ListBundle_da.properties]" classname="jmri.util.FileLineEndingsTest" time="0"/>
  <testcase name="lineEndings[./java/src/jmri/jmrix/cmri/serial/assignment/ListBundle_de.properties]" classname="jmri.util.FileLineEndingsTest" time="0.001"/>
  <testcase name="lineEndings[./java/src/jmri/jmrix/cmri/serial/assignment/ListBundle_it.properties]" classname="jmri.util.FileLineEndingsTest" time="0.001"/>
  <testcase name="lineEndings[./java/src/jmri/jmrix/cmri/serial/nodeconfig/NodeConfigBundle_de.properties]" classname="jmri.util.FileLineEndingsTest" time="0.001"/>
  <testcase name="lineEndings[./java/src/jmri/jmrix/cmri/serial/nodeconfig/NodeConfigBundle.properties]" classname="jmri.util.FileLineEndingsTest" time="0"/>
  <testcase name="lineEndings[./java/src/jmri/jmrix/cmri/serial/nodeconfig/NodeConfigBundle_nl.properties]" classname="jmri.util.FileLineEndingsTest" time="0.001"/>
  <testcase name="lineEndings[./java/src/jmri/jmrix/cmri/serial/nodeconfig/NodeConfigBundle_it.properties]" classname="jmri.util.FileLineEndingsTest" time="0.001"/>
  <testcase name="lineEndings[./java/src/jmri/jmrix/cmri/serial/nodeconfig/NodeConfigBundle_es.properties]" classname="jmri.util.FileLineEndingsTest" time="0.001"/>
  <testcase name="lineEndings[./java/src/jmri/jmrix/cmri/serial/serialmon/SerialFilterBundle.properties]" classname="jmri.util.FileLineEndingsTest" time="0"/>
  <testcase name="lineEndings[./java/src/jmri/jmrix/cmri/serial/diagnostic/DiagnosticBundle.properties]" classname="jmri.util.FileLineEndingsTest" time="0.001"/>
  <testcase name="lineEndings[./java/src/jmri/jmrix/cmri/serial/nodeconfigmanager/NodeConfigManagerBundle.properties]" classname="jmri.util.FileLineEndingsTest" time="0.001"/>
  <testcase name="lineEndings[./java/src/jmri/jmrix/cmri/serial/cmrinetmanager/CMRInetManagerBundle.properties]" classname="jmri.util.FileLineEndingsTest" time="0.001"/>
  <testcase name="lineEndings[./java/src/jmri/jmrix/cmri/CmriBundle_it.properties]" classname="jmri.util.FileLineEndingsTest" time="0"/>
  <testcase name="lineEndings[./java/src/jmri/jmrix/cmri/CmriBundle_es.properties]" classname="jmri.util.FileLineEndingsTest" time="0.001"/>
  <testcase name="lineEndings[./java/src/jmri/jmrix/cmri/CmriActionListBundle_fr.properties]" classname="jmri.util.FileLineEndingsTest" time="0.001"/>
  <testcase name="lineEndings[./java/src/jmri/jmrix/cmri/CmriBundle_cs.properties]" classname="jmri.util.FileLineEndingsTest" time="0.001"/>
  <testcase name="lineEndings[./java/src/jmri/jmrix/cmri/CmriActionListBundle_da.properties]" classname="jmri.util.FileLineEndingsTest" time="0"/>
  <testcase name="lineEndings[./java/src/jmri/jmrix/cmri/CmriActionListBundle_ja_JP.properties]" classname="jmri.util.FileLineEndingsTest" time="0.001"/>
  <testcase name="lineEndings[./java/src/jmri/jmrix/cmri/CmriActionListBundle_cs.properties]" classname="jmri.util.FileLineEndingsTest" time="0.001"/>
  <testcase name="lineEndings[./java/src/jmri/jmrix/cmri/CmriActionListBundle_es.properties]" classname="jmri.util.FileLineEndingsTest" time="0.001"/>
  <testcase name="lineEndings[./java/src/jmri/jmrix/cmri/CmriActionListBundle_ca.properties]" classname="jmri.util.FileLineEndingsTest" time="0"/>
  <testcase name="lineEndings[./java/src/jmri/jmrix/cmri/CmriBundle_fr.properties]" classname="jmri.util.FileLineEndingsTest" time="0.001"/>
  <testcase name="lineEndings[./java/src/jmri/jmrix/cmri/CmriActionListBundle.properties]" classname="jmri.util.FileLineEndingsTest" time="0.001"/>
  <testcase name="lineEndings[./java/src/jmri/jmrix/cmri/CmriBundle_de.properties]" classname="jmri.util.FileLineEndingsTest" time="0"/>
  <testcase name="lineEndings[./java/src/jmri/jmrix/cmri/CmriBundle_ja_JP.properties]" classname="jmri.util.FileLineEndingsTest" time="0.001"/>
  <testcase name="lineEndings[./java/src/jmri/jmrix/cmri/CmriBundle_ca.properties]" classname="jmri.util.FileLineEndingsTest" time="0.001"/>
  <testcase name="lineEndings[./java/src/jmri/jmrix/cmri/CmriActionListBundle_ja.properties]" classname="jmri.util.FileLineEndingsTest" time="0.001"/>
  <testcase name="lineEndings[./java/src/jmri/jmrix/cmri/CmriActionListBundle_de.properties]" classname="jmri.util.FileLineEndingsTest" time="0.001"/>
  <testcase name="lineEndings[./java/src/jmri/jmrix/cmri/CmriActionListBundle_it.properties]" classname="jmri.util.FileLineEndingsTest" time="0"/>
  <testcase name="lineEndings[./java/src/jmri/jmrix/cmri/CmriBundle.properties]" classname="jmri.util.FileLineEndingsTest" time="0.001"/>
  <testcase name="lineEndings[./java/src/jmri/jmrix/cmri/CmriBundle_nl.properties]" classname="jmri.util.FileLineEndingsTest" time="0.001"/>
  <testcase name="lineEndings[./java/src/jmri/jmrix/cmri/CmriBundle_da.properties]" classname="jmri.util.FileLineEndingsTest" time="0"/>
  <testcase name="lineEndings[./java/src/jmri/jmrix/nce/consist/NceConsistBundle.properties]" classname="jmri.util.FileLineEndingsTest" time="0"/>
  <testcase name="lineEndings[./java/src/jmri/jmrix/nce/consist/NceConsistBundle_fr.properties]" classname="jmri.util.FileLineEndingsTest" time="0.001"/>
  <testcase name="lineEndings[./java/src/jmri/jmrix/nce/consist/NceConsistBundle_da.properties]" classname="jmri.util.FileLineEndingsTest" time="0.001"/>
  <testcase name="lineEndings[./java/src/jmri/jmrix/nce/consist/NceConsistBundle_it.properties]" classname="jmri.util.FileLineEndingsTest" time="0.001"/>
  <testcase name="lineEndings[./java/src/jmri/jmrix/nce/ncemon/NceMonBinaryBundle_da.properties]" classname="jmri.util.FileLineEndingsTest" time="0"/>
  <testcase name="lineEndings[./java/src/jmri/jmrix/nce/ncemon/NceMonBinaryBundle.properties]" classname="jmri.util.FileLineEndingsTest" time="0.001"/>
  <testcase name="lineEndings[./java/src/jmri/jmrix/nce/ncemon/NceMonBinaryBundle_fr.properties]" classname="jmri.util.FileLineEndingsTest" time="0.001"/>
  <testcase name="lineEndings[./java/src/jmri/jmrix/nce/ncemon/NceMonBinaryBundle_it.properties]" classname="jmri.util.FileLineEndingsTest" time="0.001"/>
  <testcase name="lineEndings[./java/src/jmri/jmrix/nce/NceActionListBundle_de.properties]" classname="jmri.util.FileLineEndingsTest" time="0"/>
  <testcase name="lineEndings[./java/src/jmri/jmrix/nce/NceActionListBundle_it.properties]" classname="jmri.util.FileLineEndingsTest" time="0.001"/>
  <testcase name="lineEndings[./java/src/jmri/jmrix/nce/NceClockControlBundle_fr.properties]" classname="jmri.util.FileLineEndingsTest" time="0.001"/>
  <testcase name="lineEndings[./java/src/jmri/jmrix/nce/NceActionListBundle.properties]" classname="jmri.util.FileLineEndingsTest" time="0.001"/>
  <testcase name="lineEndings[./java/src/jmri/jmrix/nce/NceBundle_ja_JP.properties]" classname="jmri.util.FileLineEndingsTest" time="0"/>
  <testcase name="lineEndings[./java/src/jmri/jmrix/nce/clockmon/ClockMonBundle.properties]" classname="jmri.util.FileLineEndingsTest" time="0.001"/>
  <testcase name="lineEndings[./java/src/jmri/jmrix/nce/clockmon/ClockMonBundle_de.properties]" classname="jmri.util.FileLineEndingsTest" time="0.001"/>
  <testcase name="lineEndings[./java/src/jmri/jmrix/nce/clockmon/ClockMonBundle_da.properties]" classname="jmri.util.FileLineEndingsTest" time="0.001"/>
  <testcase name="lineEndings[./java/src/jmri/jmrix/nce/clockmon/ClockMonBundle_ja_JP.properties]" classname="jmri.util.FileLineEndingsTest" time="0"/>
  <testcase name="lineEndings[./java/src/jmri/jmrix/nce/clockmon/ClockMonBundle_fr.properties]" classname="jmri.util.FileLineEndingsTest" time="0.001"/>
  <testcase name="lineEndings[./java/src/jmri/jmrix/nce/clockmon/ClockMonBundle_it.properties]" classname="jmri.util.FileLineEndingsTest" time="0.001"/>
  <testcase name="lineEndings[./java/src/jmri/jmrix/nce/swing/NceSwingBundle_it.properties]" classname="jmri.util.FileLineEndingsTest" time="0"/>
  <testcase name="lineEndings[./java/src/jmri/jmrix/nce/swing/NceSwingBundle_da.properties]" classname="jmri.util.FileLineEndingsTest" time="0.001"/>
  <testcase name="lineEndings[./java/src/jmri/jmrix/nce/swing/NceSwingBundle.properties]" classname="jmri.util.FileLineEndingsTest" time="0.001"/>
  <testcase name="lineEndings[./java/src/jmri/jmrix/nce/cab/NceShowCabBundle_it.properties]" classname="jmri.util.FileLineEndingsTest" time="0.001"/>
  <testcase name="lineEndings[./java/src/jmri/jmrix/nce/cab/NceShowCabBundle.properties]" classname="jmri.util.FileLineEndingsTest" time="0"/>
  <testcase name="lineEndings[./java/src/jmri/jmrix/nce/cab/NceShowCabBundle_fr.properties]" classname="jmri.util.FileLineEndingsTest" time="0"/>
  <testcase name="lineEndings[./java/src/jmri/jmrix/nce/cab/NceShowCabBundle_da.properties]" classname="jmri.util.FileLineEndingsTest" time="0.001"/>
  <testcase name="lineEndings[./java/src/jmri/jmrix/nce/NceBundle_de.properties]" classname="jmri.util.FileLineEndingsTest" time="0.001"/>
  <testcase name="lineEndings[./java/src/jmri/jmrix/nce/NceBundle_cs.properties]" classname="jmri.util.FileLineEndingsTest" time="0"/>
  <testcase name="lineEndings[./java/src/jmri/jmrix/nce/NceClockControlBundle.properties]" classname="jmri.util.FileLineEndingsTest" time="0"/>
  <testcase name="lineEndings[./java/src/jmri/jmrix/nce/packetgen/NcePacketGenBundle_fr.properties]" classname="jmri.util.FileLineEndingsTest" time="0.001"/>
  <testcase name="lineEndings[./java/src/jmri/jmrix/nce/packetgen/NcePacketGenBundle.properties]" classname="jmri.util.FileLineEndingsTest" time="0.001"/>
  <testcase name="lineEndings[./java/src/jmri/jmrix/nce/packetgen/NcePacketGenBundle_it.properties]" classname="jmri.util.FileLineEndingsTest" time="0"/>
  <testcase name="lineEndings[./java/src/jmri/jmrix/nce/packetgen/NcePacketGenBundle_da.properties]" classname="jmri.util.FileLineEndingsTest" time="0.001"/>
  <testcase name="lineEndings[./java/src/jmri/jmrix/nce/boosterprog/BoosterProgBundle_ja_JP.properties]" classname="jmri.util.FileLineEndingsTest" time="0.001"/>
  <testcase name="lineEndings[./java/src/jmri/jmrix/nce/boosterprog/BoosterProgBundle_fr.properties]" classname="jmri.util.FileLineEndingsTest" time="0.001"/>
  <testcase name="lineEndings[./java/src/jmri/jmrix/nce/boosterprog/BoosterProgBundle_de.properties]" classname="jmri.util.FileLineEndingsTest" time="0"/>
  <testcase name="lineEndings[./java/src/jmri/jmrix/nce/boosterprog/BoosterProgBundle_it.properties]" classname="jmri.util.FileLineEndingsTest" time="0.001"/>
  <testcase name="lineEndings[./java/src/jmri/jmrix/nce/boosterprog/BoosterProgBundle_da.properties]" classname="jmri.util.FileLineEndingsTest" time="0.001"/>
  <testcase name="lineEndings[./java/src/jmri/jmrix/nce/boosterprog/BoosterProgBundle.properties]" classname="jmri.util.FileLineEndingsTest" time="0.001"/>
  <testcase name="lineEndings[./java/src/jmri/jmrix/nce/macro/NceMacroBundle.properties]" classname="jmri.util.FileLineEndingsTest" time="0"/>
  <testcase name="lineEndings[./java/src/jmri/jmrix/nce/macro/NceMacroBundle_da.properties]" classname="jmri.util.FileLineEndingsTest" time="0.001"/>
  <testcase name="lineEndings[./java/src/jmri/jmrix/nce/macro/NceMacroBundle_it.properties]" classname="jmri.util.FileLineEndingsTest" time="0.001"/>
  <testcase name="lineEndings[./java/src/jmri/jmrix/nce/macro/NceMacroBundle_fr.properties]" classname="jmri.util.FileLineEndingsTest" time="0.001"/>
  <testcase name="lineEndings[./java/src/jmri/jmrix/nce/NceClockControlBundle_it.properties]" classname="jmri.util.FileLineEndingsTest" time="0"/>
  <testcase name="lineEndings[./java/src/jmri/jmrix/nce/NceActionListBundle_fr.properties]" classname="jmri.util.FileLineEndingsTest" time="0.001"/>
  <testcase name="lineEndings[./java/src/jmri/jmrix/nce/NceClockControlBundle_ja_JP.properties]" classname="jmri.util.FileLineEndingsTest" time="0.001"/>
  <testcase name="lineEndings[./java/src/jmri/jmrix/nce/NceBundle_da.properties]" classname="jmri.util.FileLineEndingsTest" time="0.001"/>
  <testcase name="lineEndings[./java/src/jmri/jmrix/nce/NceClockControlBundle_cs.properties]" classname="jmri.util.FileLineEndingsTest" time="0.001"/>
  <testcase name="lineEndings[./java/src/jmri/jmrix/nce/NceBundle_fr.properties]" classname="jmri.util.FileLineEndingsTest" time="0"/>
  <testcase name="lineEndings[./java/src/jmri/jmrix/nce/NceBundle_nl.properties]" classname="jmri.util.FileLineEndingsTest" time="0.001"/>
  <testcase name="lineEndings[./java/src/jmri/jmrix/nce/NceActionListBundle_da.properties]" classname="jmri.util.FileLineEndingsTest" time="0.001"/>
  <testcase name="lineEndings[./java/src/jmri/jmrix/nce/NceClockControlBundle_de.properties]" classname="jmri.util.FileLineEndingsTest" time="0.001"/>
  <testcase name="lineEndings[./java/src/jmri/jmrix/nce/NceActionListBundle_cs.properties]" classname="jmri.util.FileLineEndingsTest" time="0"/>
  <testcase name="lineEndings[./java/src/jmri/jmrix/nce/NceClockControlBundle_da.properties]" classname="jmri.util.FileLineEndingsTest" time="0.001"/>
  <testcase name="lineEndings[./java/src/jmri/jmrix/nce/NceActionListBundle_ca.properties]" classname="jmri.util.FileLineEndingsTest" time="0.001"/>
  <testcase name="lineEndings[./java/src/jmri/jmrix/nce/usbinterface/UsbInterfaceBundle_fr.properties]" classname="jmri.util.FileLineEndingsTest" time="0.001"/>
  <testcase name="lineEndings[./java/src/jmri/jmrix/nce/usbinterface/UsbInterfaceBundle_da.properties]" classname="jmri.util.FileLineEndingsTest" time="0"/>
  <testcase name="lineEndings[./java/src/jmri/jmrix/nce/usbinterface/UsbInterfaceBundle.properties]" classname="jmri.util.FileLineEndingsTest" time="0.001"/>
  <testcase name="lineEndings[./java/src/jmri/jmrix/nce/NceBundle_it.properties]" classname="jmri.util.FileLineEndingsTest" time="0.001"/>
  <testcase name="lineEndings[./java/src/jmri/jmrix/nce/NceActionListBundle_ja.properties]" classname="jmri.util.FileLineEndingsTest" time="0.001"/>
  <testcase name="lineEndings[./java/src/jmri/jmrix/nce/NceActionListBundle_es.properties]" classname="jmri.util.FileLineEndingsTest" time="0"/>
  <testcase name="lineEndings[./java/src/jmri/jmrix/nce/NceActionListBundle_ja_JP.properties]" classname="jmri.util.FileLineEndingsTest" time="0.001"/>
  <testcase name="lineEndings[./java/src/jmri/jmrix/nce/NceBundle.properties]" classname="jmri.util.FileLineEndingsTest" time="0.001"/>
  <testcase name="lineEndings[./java/src/jmri/jmrix/mrc/swing/MrcSwingBundle_fr.properties]" classname="jmri.util.FileLineEndingsTest" time="0.001"/>
  <testcase name="lineEndings[./java/src/jmri/jmrix/mrc/swing/packetgen/MrcPacketGenBundle.properties]" classname="jmri.util.FileLineEndingsTest" time="0"/>
  <testcase name="lineEndings[./java/src/jmri/jmrix/mrc/swing/MrcSwingBundle.properties]" classname="jmri.util.FileLineEndingsTest" time="0.001"/>
  <testcase name="lineEndings[./java/src/jmri/jmrix/mrc/MrcClockControlBundle_fr.properties]" classname="jmri.util.FileLineEndingsTest" time="0.001"/>
  <testcase name="lineEndings[./java/src/jmri/jmrix/mrc/MrcActionListBundle.properties]" classname="jmri.util.FileLineEndingsTest" time="0.001"/>
  <testcase name="lineEndings[./java/src/jmri/jmrix/mrc/MrcBundle_fr.properties]" classname="jmri.util.FileLineEndingsTest" time="0"/>
  <testcase name="lineEndings[./java/src/jmri/jmrix/mrc/MrcBundle.properties]" classname="jmri.util.FileLineEndingsTest" time="0.001"/>
  <testcase name="lineEndings[./java/src/jmri/jmrix/openlcb/OlcbActionListBundle.properties]" classname="jmri.util.FileLineEndingsTest" time="0.001"/>
  <testcase name="lineEndings[./java/src/jmri/jmrix/openlcb/swing/tie/TieBundle_fr.properties]" classname="jmri.util.FileLineEndingsTest" time="0.001"/>
  <testcase name="lineEndings[./java/src/jmri/jmrix/openlcb/swing/tie/TieBundle_ca.properties]" classname="jmri.util.FileLineEndingsTest" time="0"/>
  <testcase name="lineEndings[./java/src/jmri/jmrix/openlcb/swing/tie/TieBundle_cs.properties]" classname="jmri.util.FileLineEndingsTest" time="0.001"/>
  <testcase name="lineEndings[./java/src/jmri/jmrix/openlcb/swing/tie/TieBundle.properties]" classname="jmri.util.FileLineEndingsTest" time="0.001"/>
  <testcase name="lineEndings[./java/src/jmri/jmrix/openlcb/swing/tie/TieBundle_it.properties]" classname="jmri.util.FileLineEndingsTest" time="0.001"/>
  <testcase name="lineEndings[./java/src/jmri/jmrix/openlcb/swing/tie/TieBundle_da.properties]" classname="jmri.util.FileLineEndingsTest" time="0"/>
  <testcase name="lineEndings[./java/src/jmri/jmrix/openlcb/swing/Bundle_fr.properties]" classname="jmri.util.FileLineEndingsTest" time="0.001"/>
  <testcase name="lineEndings[./java/src/jmri/jmrix/openlcb/swing/clockmon/Bundle.properties]" classname="jmri.util.FileLineEndingsTest" time="0.001"/>
  <testcase name="lineEndings[./java/src/jmri/jmrix/openlcb/swing/clockmon/Bundle_fr.properties]" classname="jmri.util.FileLineEndingsTest" time="0.001"/>
  <testcase name="lineEndings[./java/src/jmri/jmrix/openlcb/swing/clockmon/Bundle_de.properties]" classname="jmri.util.FileLineEndingsTest" time="0"/>
  <testcase name="lineEndings[./java/src/jmri/jmrix/openlcb/swing/clockmon/Bundle_it.properties]" classname="jmri.util.FileLineEndingsTest" time="0.001"/>
  <testcase name="lineEndings[./java/src/jmri/jmrix/openlcb/swing/clockmon/Bundle_da.properties]" classname="jmri.util.FileLineEndingsTest" time="0.001"/>
  <testcase name="lineEndings[./java/src/jmri/jmrix/openlcb/swing/clockmon/Bundle_ca.properties]" classname="jmri.util.FileLineEndingsTest" time="0.001"/>
  <testcase name="lineEndings[./java/src/jmri/jmrix/openlcb/swing/Bundle.properties]" classname="jmri.util.FileLineEndingsTest" time="0"/>
  <testcase name="lineEndings[./java/src/jmri/jmrix/openlcb/swing/downloader/Bundle.properties]" classname="jmri.util.FileLineEndingsTest" time="0.001"/>
  <testcase name="lineEndings[./java/src/jmri/jmrix/openlcb/swing/downloader/Bundle_ca.properties]" classname="jmri.util.FileLineEndingsTest" time="0.001"/>
  <testcase name="lineEndings[./java/src/jmri/jmrix/openlcb/swing/downloader/Bundle_cs.properties]" classname="jmri.util.FileLineEndingsTest" time="0.001"/>
  <testcase name="lineEndings[./java/src/jmri/jmrix/openlcb/swing/downloader/Bundle_fr.properties]" classname="jmri.util.FileLineEndingsTest" time="0"/>
  <testcase name="lineEndings[./java/src/jmri/jmrix/openlcb/swing/Bundle_da.properties]" classname="jmri.util.FileLineEndingsTest" time="0.001"/>
  <testcase name="lineEndings[./java/src/jmri/jmrix/openlcb/swing/Bundle_ca.properties]" classname="jmri.util.FileLineEndingsTest" time="0.001"/>
  <testcase name="lineEndings[./java/src/jmri/jmrix/openlcb/OlcbActionListBundle_it.properties]" classname="jmri.util.FileLineEndingsTest" time="0.001"/>
  <testcase name="lineEndings[./java/src/jmri/jmrix/openlcb/Bundle_cs.properties]" classname="jmri.util.FileLineEndingsTest" time="0"/>
  <testcase name="lineEndings[./java/src/jmri/jmrix/openlcb/OlcbActionListBundle_cs.properties]" classname="jmri.util.FileLineEndingsTest" time="0.001"/>
  <testcase name="lineEndings[./java/src/jmri/jmrix/openlcb/OlcbActionListBundle_da.properties]" classname="jmri.util.FileLineEndingsTest" time="0.001"/>
  <testcase name="lineEndings[./java/src/jmri/jmrix/openlcb/OlcbActionListBundle_ca.properties]" classname="jmri.util.FileLineEndingsTest" time="0.001"/>
  <testcase name="lineEndings[./java/src/jmri/jmrix/openlcb/OlcbActionListBundle_fr.properties]" classname="jmri.util.FileLineEndingsTest" time="0"/>
  <testcase name="lineEndings[./java/src/jmri/jmrix/openlcb/Bundle.properties]" classname="jmri.util.FileLineEndingsTest" time="0.001"/>
  <testcase name="lineEndings[./java/src/jmri/jmrix/openlcb/Bundle_fr.properties]" classname="jmri.util.FileLineEndingsTest" time="0.001"/>
  <testcase name="lineEndings[./java/src/jmri/jmrix/openlcb/Bundle_ca.properties]" classname="jmri.util.FileLineEndingsTest" time="0"/>
  <testcase name="lineEndings[./java/src/jmri/jmrix/xpa/XpaBundle_ca.properties]" classname="jmri.util.FileLineEndingsTest" time="0.001"/>
  <testcase name="lineEndings[./java/src/jmri/jmrix/xpa/XpaBundle_da.properties]" classname="jmri.util.FileLineEndingsTest" time="0.001"/>
  <testcase name="lineEndings[./java/src/jmri/jmrix/xpa/XpaBundle_cs.properties]" classname="jmri.util.FileLineEndingsTest" time="0.001"/>
  <testcase name="lineEndings[./java/src/jmri/jmrix/xpa/swing/XpaSwingBundle_de.properties]" classname="jmri.util.FileLineEndingsTest" time="0"/>
  <testcase name="lineEndings[./java/src/jmri/jmrix/xpa/swing/XpaSwingBundle.properties]" classname="jmri.util.FileLineEndingsTest" time="0.001"/>
  <testcase name="lineEndings[./java/src/jmri/jmrix/xpa/swing/XpaSwingBundle_nl.properties]" classname="jmri.util.FileLineEndingsTest" time="0.001"/>
  <testcase name="lineEndings[./java/src/jmri/jmrix/xpa/XpaBundle_es.properties]" classname="jmri.util.FileLineEndingsTest" time="0.001"/>
  <testcase name="lineEndings[./java/src/jmri/jmrix/xpa/XpaBundle_nl.properties]" classname="jmri.util.FileLineEndingsTest" time="0"/>
  <testcase name="lineEndings[./java/src/jmri/jmrix/xpa/XpaBundle_de.properties]" classname="jmri.util.FileLineEndingsTest" time="0.001"/>
  <testcase name="lineEndings[./java/src/jmri/jmrix/xpa/XpaBundle_ja_JP.properties]" classname="jmri.util.FileLineEndingsTest" time="0.001"/>
  <testcase name="lineEndings[./java/src/jmri/jmrix/xpa/XpaBundle.properties]" classname="jmri.util.FileLineEndingsTest" time="0.001"/>
  <testcase name="lineEndings[./java/src/jmri/jmrix/xpa/XpaBundle_it.properties]" classname="jmri.util.FileLineEndingsTest" time="0"/>
  <testcase name="lineEndings[./java/src/jmri/jmrix/xpa/XpaBundle_fr.properties]" classname="jmri.util.FileLineEndingsTest" time="0.001"/>
  <testcase name="lineEndings[./java/src/jmri/jmrix/sprog/SprogBundle_nl.properties]" classname="jmri.util.FileLineEndingsTest" time="0.001"/>
  <testcase name="lineEndings[./java/src/jmri/jmrix/sprog/SprogBundle.properties]" classname="jmri.util.FileLineEndingsTest" time="0.001"/>
  <testcase name="lineEndings[./java/src/jmri/jmrix/marklin/MarklinActionListBundle_cs.properties]" classname="jmri.util.FileLineEndingsTest" time="0"/>
  <testcase name="lineEndings[./java/src/jmri/jmrix/marklin/MarklinBundle_it.properties]" classname="jmri.util.FileLineEndingsTest" time="0.001"/>
  <testcase name="lineEndings[./java/src/jmri/jmrix/marklin/MarklinActionListBundle_nl.properties]" classname="jmri.util.FileLineEndingsTest" time="0.001"/>
  <testcase name="lineEndings[./java/src/jmri/jmrix/marklin/MarklinActionListBundle_da.properties]" classname="jmri.util.FileLineEndingsTest" time="0.001"/>
  <testcase name="lineEndings[./java/src/jmri/jmrix/marklin/MarklinActionListBundle_ja.properties]" classname="jmri.util.FileLineEndingsTest" time="0"/>
  <testcase name="lineEndings[./java/src/jmri/jmrix/marklin/MarklinBundle_de.properties]" classname="jmri.util.FileLineEndingsTest" time="0.001"/>
  <testcase name="lineEndings[./java/src/jmri/jmrix/marklin/MarklinActionListBundle_ja_JP.properties]" classname="jmri.util.FileLineEndingsTest" time="0.001"/>
  <testcase name="lineEndings[./java/src/jmri/jmrix/marklin/MarklinBundle_nl.properties]" classname="jmri.util.FileLineEndingsTest" time="0"/>
  <testcase name="lineEndings[./java/src/jmri/jmrix/marklin/MarklinActionListBundle_de.properties]" classname="jmri.util.FileLineEndingsTest" time="0"/>
  <testcase name="lineEndings[./java/src/jmri/jmrix/marklin/MarklinBundle.properties]" classname="jmri.util.FileLineEndingsTest" time="0.001"/>
  <testcase name="lineEndings[./java/src/jmri/jmrix/marklin/MarklinBundle_da.properties]" classname="jmri.util.FileLineEndingsTest" time="0.001"/>
  <testcase name="lineEndings[./java/src/jmri/jmrix/marklin/MarklinActionListBundle_it.properties]" classname="jmri.util.FileLineEndingsTest" time="0"/>
  <testcase name="lineEndings[./java/src/jmri/jmrix/marklin/MarklinBundle_cs.properties]" classname="jmri.util.FileLineEndingsTest" time="0.001"/>
  <testcase name="lineEndings[./java/src/jmri/jmrix/marklin/MarklinActionListBundle.properties]" classname="jmri.util.FileLineEndingsTest" time="0.001"/>
  <testcase name="lineEndings[./java/src/jmri/jmrix/marklin/MarklinActionListBundle_fr.properties]" classname="jmri.util.FileLineEndingsTest" time="0.001"/>
  <testcase name="lineEndings[./java/src/jmri/jmrix/ecos/EcosBundle_de.properties]" classname="jmri.util.FileLineEndingsTest" time="0"/>
  <testcase name="lineEndings[./java/src/jmri/jmrix/ecos/EcosActionListBundle_nl.properties]" classname="jmri.util.FileLineEndingsTest" time="0.001"/>
  <testcase name="lineEndings[./java/src/jmri/jmrix/ecos/EcosActionListBundle_cs.properties]" classname="jmri.util.FileLineEndingsTest" time="0.001"/>
  <testcase name="lineEndings[./java/src/jmri/jmrix/ecos/EcosActionListBundle.properties]" classname="jmri.util.FileLineEndingsTest" time="0.001"/>
  <testcase name="lineEndings[./java/src/jmri/jmrix/ecos/EcosActionListBundle_it.properties]" classname="jmri.util.FileLineEndingsTest" time="0"/>
  <testcase name="lineEndings[./java/src/jmri/jmrix/ecos/EcosBundle_nl.properties]" classname="jmri.util.FileLineEndingsTest" time="0.001"/>
  <testcase name="lineEndings[./java/src/jmri/jmrix/ecos/EcosBundle.properties]" classname="jmri.util.FileLineEndingsTest" time="0.001"/>
  <testcase name="lineEndings[./java/src/jmri/jmrix/ecos/EcosBundle_da.properties]" classname="jmri.util.FileLineEndingsTest" time="0.001"/>
  <testcase name="lineEndings[./java/src/jmri/jmrix/ecos/EcosActionListBundle_fr.properties]" classname="jmri.util.FileLineEndingsTest" time="0"/>
  <testcase name="lineEndings[./java/src/jmri/jmrix/ecos/EcosBundle_cs.properties]" classname="jmri.util.FileLineEndingsTest" time="0.001"/>
  <testcase name="lineEndings[./java/src/jmri/jmrix/ecos/EcosActionListBundle_de.properties]" classname="jmri.util.FileLineEndingsTest" time="0.001"/>
  <testcase name="lineEndings[./java/src/jmri/jmrix/ecos/EcosBundle_it.properties]" classname="jmri.util.FileLineEndingsTest" time="0.001"/>
  <testcase name="lineEndings[./java/src/jmri/jmrix/ecos/EcosActionListBundle_da.properties]" classname="jmri.util.FileLineEndingsTest" time="0"/>
  <testcase name="lineEndings[./java/src/jmri/jmrix/ecos/EcosActionListBundle_ja_JP.properties]" classname="jmri.util.FileLineEndingsTest" time="0.001"/>
  <testcase name="lineEndings[./java/src/jmri/jmrix/direct/DirectBundle.properties]" classname="jmri.util.FileLineEndingsTest" time="0.001"/>
  <testcase name="lineEndings[./java/src/jmri/jmrix/direct/DirectBundle_nl.properties]" classname="jmri.util.FileLineEndingsTest" time="0.001"/>
  <testcase name="lineEndings[./java/src/jmri/jmrix/qsi/QsiActionListBundle_ja.properties]" classname="jmri.util.FileLineEndingsTest" time="0"/>
  <testcase name="lineEndings[./java/src/jmri/jmrix/qsi/QsiActionListBundle_de.properties]" classname="jmri.util.FileLineEndingsTest" time="0.001"/>
  <testcase name="lineEndings[./java/src/jmri/jmrix/qsi/QsiActionListBundle_ca.properties]" classname="jmri.util.FileLineEndingsTest" time="0.001"/>
  <testcase name="lineEndings[./java/src/jmri/jmrix/qsi/QsiActionListBundle_da.properties]" classname="jmri.util.FileLineEndingsTest" time="0.001"/>
  <testcase name="lineEndings[./java/src/jmri/jmrix/qsi/QsiActionListBundle_it.properties]" classname="jmri.util.FileLineEndingsTest" time="0"/>
  <testcase name="lineEndings[./java/src/jmri/jmrix/qsi/QsiActionListBundle.properties]" classname="jmri.util.FileLineEndingsTest" time="0.001"/>
  <testcase name="lineEndings[./java/src/jmri/jmrix/qsi/QsiActionListBundle_fr.properties]" classname="jmri.util.FileLineEndingsTest" time="0.001"/>
  <testcase name="lineEndings[./java/src/jmri/jmrix/qsi/QsiActionListBundle_ja_JP.properties]" classname="jmri.util.FileLineEndingsTest" time="0"/>
  <testcase name="lineEndings[./java/src/jmri/jmrix/jmriclient/JMRIClientConfigurationBundle_cs.properties]" classname="jmri.util.FileLineEndingsTest" time="0.001"/>
  <testcase name="lineEndings[./java/src/jmri/jmrix/jmriclient/JMRIClientConfigurationBundle.properties]" classname="jmri.util.FileLineEndingsTest" time="0.001"/>
  <testcase name="lineEndings[./java/src/jmri/jmrix/jmriclient/JMRIClientConfigurationBundle_fr.properties]" classname="jmri.util.FileLineEndingsTest" time="0.001"/>
  <testcase name="lineEndings[./java/src/jmri/jmrix/jmriclient/JMRIClientConfigurationBundle_de.properties]" classname="jmri.util.FileLineEndingsTest" time="0"/>
  <testcase name="lineEndings[./java/src/jmri/jmrix/jmriclient/JMRIClientConfigurationBundle_da.properties]" classname="jmri.util.FileLineEndingsTest" time="0.001"/>
  <testcase name="lineEndings[./java/src/jmri/jmrix/can/cbus/swing/nodeconfig/NodeConfigToolBundle.properties]" classname="jmri.util.FileLineEndingsTest" time="0.001"/>
  <testcase name="lineEndings[./java/src/jmri/jmrix/can/cbus/swing/nodeconfig/NodeConfigToolBundle_nl.properties]" classname="jmri.util.FileLineEndingsTest" time="0.001"/>
  <testcase name="lineEndings[./java/src/jmri/jmrix/can/cbus/swing/nodeconfig/NodeConfigToolBundle_de.properties]" classname="jmri.util.FileLineEndingsTest" time="0"/>
  <testcase name="lineEndings[./java/src/jmri/jmrix/can/cbus/swing/nodeconfig/NodeConfigToolBundle_it.properties]" classname="jmri.util.FileLineEndingsTest" time="0.001"/>
  <testcase name="lineEndings[./java/src/jmri/jmrix/can/cbus/swing/configtool/ConfigToolBundle_nl.properties]" classname="jmri.util.FileLineEndingsTest" time="0.001"/>
  <testcase name="lineEndings[./java/src/jmri/jmrix/can/cbus/swing/configtool/ConfigToolBundle.properties]" classname="jmri.util.FileLineEndingsTest" time="0.001"/>
  <testcase name="lineEndings[./java/src/jmri/jmrix/can/cbus/swing/configtool/ConfigToolBundle_de.properties]" classname="jmri.util.FileLineEndingsTest" time="0.001"/>
  <testcase name="lineEndings[./java/src/jmri/jmrix/can/cbus/swing/configtool/ConfigToolBundle_it.properties]" classname="jmri.util.FileLineEndingsTest" time="0"/>
  <testcase name="lineEndings[./java/src/jmri/jmrix/can/cbus/swing/configtool/ConfigToolBundle_fr.properties]" classname="jmri.util.FileLineEndingsTest" time="0.001"/>
  <testcase name="lineEndings[./java/src/jmri/jmrix/can/cbus/CbusBundle_de.properties]" classname="jmri.util.FileLineEndingsTest" time="0.001"/>
  <testcase name="lineEndings[./java/src/jmri/jmrix/can/cbus/CbusBundle_fr.properties]" classname="jmri.util.FileLineEndingsTest" time="0.001"/>
  <testcase name="lineEndings[./java/src/jmri/jmrix/can/cbus/CbusBundle_it.properties]" classname="jmri.util.FileLineEndingsTest" time="0"/>
  <testcase name="lineEndings[./java/src/jmri/jmrix/can/cbus/CbusBundle.properties]" classname="jmri.util.FileLineEndingsTest" time="0.001"/>
  <testcase name="lineEndings[./java/src/jmri/jmrix/can/cbus/CbusBundle_cs.properties]" classname="jmri.util.FileLineEndingsTest" time="0.001"/>
  <testcase name="lineEndings[./java/src/jmri/jmrix/can/cbus/CbusBundle_ja_JP.properties]" classname="jmri.util.FileLineEndingsTest" time="0.001"/>
  <testcase name="lineEndings[./java/src/jmri/jmrix/can/cbus/CbusBundle_ca.properties]" classname="jmri.util.FileLineEndingsTest" time="0"/>
  <testcase name="lineEndings[./java/src/jmri/jmrix/can/cbus/CbusBundle_nl.properties]" classname="jmri.util.FileLineEndingsTest" time="0.001"/>
  <testcase name="lineEndings[./java/src/jmri/jmrix/can/CanActionListBundle_ca.properties]" classname="jmri.util.FileLineEndingsTest" time="0.001"/>
  <testcase name="lineEndings[./java/src/jmri/jmrix/can/CanActionListBundle_da.properties]" classname="jmri.util.FileLineEndingsTest" time="0.001"/>
  <testcase name="lineEndings[./java/src/jmri/jmrix/can/Bundle.properties]" classname="jmri.util.FileLineEndingsTest" time="0"/>
  <testcase name="lineEndings[./java/src/jmri/jmrix/can/CanActionListBundle_it.properties]" classname="jmri.util.FileLineEndingsTest" time="0.001"/>
  <testcase name="lineEndings[./java/src/jmri/jmrix/can/CanActionListBundle_nl.properties]" classname="jmri.util.FileLineEndingsTest" time="0.001"/>
  <testcase name="lineEndings[./java/src/jmri/jmrix/can/CanActionListBundle_ja.properties]" classname="jmri.util.FileLineEndingsTest" time="0.001"/>
  <testcase name="lineEndings[./java/src/jmri/jmrix/can/CanActionListBundle_ja_JP.properties]" classname="jmri.util.FileLineEndingsTest" time="0"/>
  <testcase name="lineEndings[./java/src/jmri/jmrix/can/Bundle_de.properties]" classname="jmri.util.FileLineEndingsTest" time="0.001"/>
  <testcase name="lineEndings[./java/src/jmri/jmrix/can/CanActionListBundle_de.properties]" classname="jmri.util.FileLineEndingsTest" time="0.001"/>
  <testcase name="lineEndings[./java/src/jmri/jmrix/can/Bundle_nl.properties]" classname="jmri.util.FileLineEndingsTest" time="0"/>
  <testcase name="lineEndings[./java/src/jmri/jmrix/can/CanActionListBundle_fr.properties]" classname="jmri.util.FileLineEndingsTest" time="0.001"/>
  <testcase name="lineEndings[./java/src/jmri/jmrix/can/CanActionListBundle.properties]" classname="jmri.util.FileLineEndingsTest" time="0.001"/>
  <testcase name="lineEndings[./java/src/jmri/jmrix/oaktree/OakTreeBundle.properties]" classname="jmri.util.FileLineEndingsTest" time="0.001"/>
  <testcase name="lineEndings[./java/src/jmri/jmrix/oaktree/nodeconfig/NodeConfigBundle_de.properties]" classname="jmri.util.FileLineEndingsTest" time="0"/>
  <testcase name="lineEndings[./java/src/jmri/jmrix/oaktree/nodeconfig/NodeConfigBundle_fr.properties]" classname="jmri.util.FileLineEndingsTest" time="0.001"/>
  <testcase name="lineEndings[./java/src/jmri/jmrix/oaktree/nodeconfig/NodeConfigBundle_nl.properties]" classname="jmri.util.FileLineEndingsTest" time="0.001"/>
  <testcase name="lineEndings[./java/src/jmri/jmrix/oaktree/nodeconfig/NodeConfigBundle_ja_JP.properties]" classname="jmri.util.FileLineEndingsTest" time="0.001"/>
  <testcase name="lineEndings[./java/src/jmri/jmrix/oaktree/nodeconfig/NodeConfigBundle_da.properties]" classname="jmri.util.FileLineEndingsTest" time="0"/>
  <testcase name="lineEndings[./java/src/jmri/jmrix/oaktree/nodeconfig/NodeConfigBundle_it.properties]" classname="jmri.util.FileLineEndingsTest" time="0.001"/>
  <testcase name="lineEndings[./java/src/jmri/jmrix/oaktree/nodeconfig/NodeConfigBundle.properties]" classname="jmri.util.FileLineEndingsTest" time="0.001"/>
  <testcase name="lineEndings[./java/src/jmri/jmrix/oaktree/OakTreeBundle_da.properties]" classname="jmri.util.FileLineEndingsTest" time="0.001"/>
  <testcase name="lineEndings[./java/src/jmri/jmrix/oaktree/OakTreeBundle_ja_JP.properties]" classname="jmri.util.FileLineEndingsTest" time="0"/>
  <testcase name="lineEndings[./java/src/jmri/jmrix/oaktree/OakTreeBundle_it.properties]" classname="jmri.util.FileLineEndingsTest" time="0.001"/>
  <testcase name="lineEndings[./java/src/jmri/jmrix/oaktree/OakTreeBundle_fr.properties]" classname="jmri.util.FileLineEndingsTest" time="0.001"/>
  <testcase name="lineEndings[./java/src/jmri/jmrix/oaktree/OakTreeBundle_de.properties]" classname="jmri.util.FileLineEndingsTest" time="0.001"/>
  <testcase name="lineEndings[./java/src/jmri/jmrix/tams/swing/locodatabase/TamsLocoBundle_fr.properties]" classname="jmri.util.FileLineEndingsTest" time="0"/>
  <testcase name="lineEndings[./java/src/jmri/jmrix/tams/swing/locodatabase/TamsLocoBundle.properties]" classname="jmri.util.FileLineEndingsTest" time="0.001"/>
  <testcase name="lineEndings[./java/src/jmri/jmrix/tams/swing/locodatabase/TamsLocoBundle_nl.properties]" classname="jmri.util.FileLineEndingsTest" time="0.001"/>
  <testcase name="lineEndings[./java/src/jmri/jmrix/tams/swing/locodatabase/TamsLocoBundle_da.properties]" classname="jmri.util.FileLineEndingsTest" time="0.001"/>
  <testcase name="lineEndings[./java/src/jmri/jmrix/tams/swing/locodatabase/TamsLocoBundle_it.properties]" classname="jmri.util.FileLineEndingsTest" time="0"/>
  <testcase name="lineEndings[./java/src/jmri/jmrix/tams/TamsBundle_nl.properties]" classname="jmri.util.FileLineEndingsTest" time="0.001"/>
  <testcase name="lineEndings[./java/src/jmri/jmrix/tams/TamsActionListBundle_it.properties]" classname="jmri.util.FileLineEndingsTest" time="0.001"/>
  <testcase name="lineEndings[./java/src/jmri/jmrix/tams/TamsActionListBundle.properties]" classname="jmri.util.FileLineEndingsTest" time="0.001"/>
  <testcase name="lineEndings[./java/src/jmri/jmrix/tams/TamsBundle_da.properties]" classname="jmri.util.FileLineEndingsTest" time="0"/>
  <testcase name="lineEndings[./java/src/jmri/jmrix/tams/TamsActionListBundle_da.properties]" classname="jmri.util.FileLineEndingsTest" time="0.001"/>
  <testcase name="lineEndings[./java/src/jmri/jmrix/tams/TamsActionListBundle_fr.properties]" classname="jmri.util.FileLineEndingsTest" time="0.001"/>
  <testcase name="lineEndings[./java/src/jmri/jmrix/tams/TamsActionListBundle_ja_JP.properties]" classname="jmri.util.FileLineEndingsTest" time="0.001"/>
  <testcase name="lineEndings[./java/src/jmri/jmrix/tams/TamsBundle_it.properties]" classname="jmri.util.FileLineEndingsTest" time="0"/>
  <testcase name="lineEndings[./java/src/jmri/jmrix/tams/TamsActionListBundle_nl.properties]" classname="jmri.util.FileLineEndingsTest" time="0.001"/>
  <testcase name="lineEndings[./java/src/jmri/jmrix/tams/TamsActionListBundle_ja.properties]" classname="jmri.util.FileLineEndingsTest" time="0.001"/>
  <testcase name="lineEndings[./java/src/jmri/jmrix/tams/TamsActionListBundle_de.properties]" classname="jmri.util.FileLineEndingsTest" time="0"/>
  <testcase name="lineEndings[./java/src/jmri/jmrix/tams/TamsBundle.properties]" classname="jmri.util.FileLineEndingsTest" time="0.001"/>
  <testcase name="lineEndings[./java/src/jmri/jmrix/tams/TamsBundle_fr.properties]" classname="jmri.util.FileLineEndingsTest" time="0.001"/>
  <testcase name="lineEndings[./java/src/jmri/jmrix/srcp/SrcpActionListBundle_ca.properties]" classname="jmri.util.FileLineEndingsTest" time="0.001"/>
  <testcase name="lineEndings[./java/src/jmri/jmrix/srcp/SrcpActionListBundle_cs.properties]" classname="jmri.util.FileLineEndingsTest" time="0.001"/>
  <testcase name="lineEndings[./java/src/jmri/jmrix/srcp/SrcpActionListBundle_ja_JP.properties]" classname="jmri.util.FileLineEndingsTest" time="0"/>
  <testcase name="lineEndings[./java/src/jmri/jmrix/srcp/SrcpActionListBundle_fr.properties]" classname="jmri.util.FileLineEndingsTest" time="0.001"/>
  <testcase name="lineEndings[./java/src/jmri/jmrix/srcp/SrcpActionListBundle.properties]" classname="jmri.util.FileLineEndingsTest" time="0.001"/>
  <testcase name="lineEndings[./java/src/jmri/jmrix/srcp/SrcpActionListBundle_de.properties]" classname="jmri.util.FileLineEndingsTest" time="0"/>
  <testcase name="lineEndings[./java/src/jmri/jmrix/srcp/SrcpActionListBundle_it.properties]" classname="jmri.util.FileLineEndingsTest" time="0"/>
  <testcase name="lineEndings[./java/src/jmri/jmrix/srcp/SrcpActionListBundle_ja.properties]" classname="jmri.util.FileLineEndingsTest" time="0.001"/>
  <testcase name="lineEndings[./java/src/jmri/jmrix/srcp/SrcpActionListBundle_da.properties]" classname="jmri.util.FileLineEndingsTest" time="0.001"/>
  <testcase name="lineEndings[./java/src/jmri/jmrix/rps/aligntable/AlignTableBundle_da.properties]" classname="jmri.util.FileLineEndingsTest" time="0"/>
  <testcase name="lineEndings[./java/src/jmri/jmrix/rps/aligntable/AlignTableBundle.properties]" classname="jmri.util.FileLineEndingsTest" time="0.001"/>
  <testcase name="lineEndings[./java/src/jmri/jmrix/rps/aligntable/AlignTableBundle_ja_JP.properties]" classname="jmri.util.FileLineEndingsTest" time="0.001"/>
  <testcase name="lineEndings[./java/src/jmri/jmrix/rps/aligntable/AlignTableBundle_it.properties]" classname="jmri.util.FileLineEndingsTest" time="0.001"/>
  <testcase name="lineEndings[./java/src/jmri/jmrix/rps/RpsActionListBundle_ja.properties]" classname="jmri.util.FileLineEndingsTest" time="0"/>
  <testcase name="lineEndings[./java/src/jmri/jmrix/rps/swing/polling/PollingBundle_da.properties]" classname="jmri.util.FileLineEndingsTest" time="0.001"/>
  <testcase name="lineEndings[./java/src/jmri/jmrix/rps/swing/polling/PollingBundle_it.properties]" classname="jmri.util.FileLineEndingsTest" time="0.001"/>
  <testcase name="lineEndings[./java/src/jmri/jmrix/rps/swing/polling/PollingBundle_ja_JP.properties]" classname="jmri.util.FileLineEndingsTest" time="0.001"/>
  <testcase name="lineEndings[./java/src/jmri/jmrix/rps/swing/polling/PollingBundle.properties]" classname="jmri.util.FileLineEndingsTest" time="0"/>
  <testcase name="lineEndings[./java/src/jmri/jmrix/rps/RpsActionListBundle_it.properties]" classname="jmri.util.FileLineEndingsTest" time="0.001"/>
  <testcase name="lineEndings[./java/src/jmri/jmrix/rps/RpsActionListBundle_de.properties]" classname="jmri.util.FileLineEndingsTest" time="0.001"/>
  <testcase name="lineEndings[./java/src/jmri/jmrix/rps/RpsBundle_fr.properties]" classname="jmri.util.FileLineEndingsTest" time="0.001"/>
  <testcase name="lineEndings[./java/src/jmri/jmrix/rps/RpsBundle_de.properties]" classname="jmri.util.FileLineEndingsTest" time="0"/>
  <testcase name="lineEndings[./java/src/jmri/jmrix/rps/RpsActionListBundle_ca.properties]" classname="jmri.util.FileLineEndingsTest" time="0.001"/>
  <testcase name="lineEndings[./java/src/jmri/jmrix/rps/RpsActionListBundle_fr.properties]" classname="jmri.util.FileLineEndingsTest" time="0.001"/>
  <testcase name="lineEndings[./java/src/jmri/jmrix/rps/RpsActionListBundle_da.properties]" classname="jmri.util.FileLineEndingsTest" time="0.001"/>
  <testcase name="lineEndings[./java/src/jmri/jmrix/rps/RpsBundle_da.properties]" classname="jmri.util.FileLineEndingsTest" time="0.001"/>
  <testcase name="lineEndings[./java/src/jmri/jmrix/rps/RpsActionListBundle_ja_JP.properties]" classname="jmri.util.FileLineEndingsTest" time="0"/>
  <testcase name="lineEndings[./java/src/jmri/jmrix/rps/RpsBundle.properties]" classname="jmri.util.FileLineEndingsTest" time="0.001"/>
  <testcase name="lineEndings[./java/src/jmri/jmrix/rps/RpsBundle_it.properties]" classname="jmri.util.FileLineEndingsTest" time="0.001"/>
  <testcase name="lineEndings[./java/src/jmri/jmrix/rps/RpsBundle_ja_JP.properties]" classname="jmri.util.FileLineEndingsTest" time="0.001"/>
  <testcase name="lineEndings[./java/src/jmri/jmrix/rps/RpsActionListBundle.properties]" classname="jmri.util.FileLineEndingsTest" time="0"/>
  <testcase name="lineEndings[./java/src/jmri/jmrix/powerline/PowerlineBundle_da.properties]" classname="jmri.util.FileLineEndingsTest" time="0.001"/>
  <testcase name="lineEndings[./java/src/jmri/jmrix/powerline/swing/PowerlineSwingBundle.properties]" classname="jmri.util.FileLineEndingsTest" time="0.001"/>
  <testcase name="lineEndings[./java/src/jmri/jmrix/powerline/swing/PowerlineSwingBundle_it.properties]" classname="jmri.util.FileLineEndingsTest" time="0.001"/>
  <testcase name="lineEndings[./java/src/jmri/jmrix/powerline/swing/serialmon/SerialMonBundle_it.properties]" classname="jmri.util.FileLineEndingsTest" time="0"/>
  <testcase name="lineEndings[./java/src/jmri/jmrix/powerline/swing/serialmon/SerialMonBundle.properties]" classname="jmri.util.FileLineEndingsTest" time="0.001"/>
  <testcase name="lineEndings[./java/src/jmri/jmrix/powerline/swing/serialmon/SerialMonBundle_da.properties]" classname="jmri.util.FileLineEndingsTest" time="0.001"/>
  <testcase name="lineEndings[./java/src/jmri/jmrix/powerline/swing/packetgen/SerialPacketGenBundle_it.properties]" classname="jmri.util.FileLineEndingsTest" time="0.001"/>
  <testcase name="lineEndings[./java/src/jmri/jmrix/powerline/swing/packetgen/SerialPacketGenBundle_da.properties]" classname="jmri.util.FileLineEndingsTest" time="0"/>
  <testcase name="lineEndings[./java/src/jmri/jmrix/powerline/swing/packetgen/SerialPacketGenBundle.properties]" classname="jmri.util.FileLineEndingsTest" time="0.001"/>
  <testcase name="lineEndings[./java/src/jmri/jmrix/powerline/swing/PowerlineSwingBundle_da.properties]" classname="jmri.util.FileLineEndingsTest" time="0.001"/>
  <testcase name="lineEndings[./java/src/jmri/jmrix/powerline/swing/PowerlineSwingBundle_fr.properties]" classname="jmri.util.FileLineEndingsTest" time="0.001"/>
  <testcase name="lineEndings[./java/src/jmri/jmrix/powerline/PowerlineActionListBundle_it.properties]" classname="jmri.util.FileLineEndingsTest" time="0"/>
  <testcase name="lineEndings[./java/src/jmri/jmrix/powerline/PowerlineActionListBundle.properties]" classname="jmri.util.FileLineEndingsTest" time="0.001"/>
  <testcase name="lineEndings[./java/src/jmri/jmrix/powerline/PowerlineActionListBundle_de.properties]" classname="jmri.util.FileLineEndingsTest" time="0.001"/>
  <testcase name="lineEndings[./java/src/jmri/jmrix/powerline/PowerlineBundle_ja_JP.properties]" classname="jmri.util.FileLineEndingsTest" time="0.001"/>
  <testcase name="lineEndings[./java/src/jmri/jmrix/powerline/PowerlineActionListBundle_ja_JP.properties]" classname="jmri.util.FileLineEndingsTest" time="0"/>
  <testcase name="lineEndings[./java/src/jmri/jmrix/powerline/PowerlineBundle_it.properties]" classname="jmri.util.FileLineEndingsTest" time="0.001"/>
  <testcase name="lineEndings[./java/src/jmri/jmrix/powerline/PowerlineActionListBundle_fr.properties]" classname="jmri.util.FileLineEndingsTest" time="0.001"/>
  <testcase name="lineEndings[./java/src/jmri/jmrix/powerline/PowerlineBundle_de.properties]" classname="jmri.util.FileLineEndingsTest" time="0.001"/>
  <testcase name="lineEndings[./java/src/jmri/jmrix/powerline/PowerlineBundle.properties]" classname="jmri.util.FileLineEndingsTest" time="0"/>
  <testcase name="lineEndings[./java/src/jmri/jmrix/powerline/PowerlineBundle_fr.properties]" classname="jmri.util.FileLineEndingsTest" time="0.001"/>
  <testcase name="lineEndings[./java/src/jmri/jmrix/powerline/PowerlineActionListBundle_ja.properties]" classname="jmri.util.FileLineEndingsTest" time="0.001"/>
  <testcase name="lineEndings[./java/src/jmri/jmrix/powerline/PowerlineActionListBundle_da.properties]" classname="jmri.util.FileLineEndingsTest" time="0.001"/>
  <testcase name="lineEndings[./java/src/jmri/jmrix/powerline/PowerlineActionListBundle_ca.properties]" classname="jmri.util.FileLineEndingsTest" time="0"/>
  <testcase name="lineEndings[./java/src/jmri/jmrix/grapevine/nodeconfig/NodeConfigBundle.properties]" classname="jmri.util.FileLineEndingsTest" time="0.001"/>
  <testcase name="lineEndings[./java/src/jmri/jmrix/grapevine/nodeconfig/NodeConfigBundle_de.properties]" classname="jmri.util.FileLineEndingsTest" time="0.001"/>
  <testcase name="lineEndings[./java/src/jmri/jmrix/grapevine/nodeconfig/NodeConfigBundle_nl.properties]" classname="jmri.util.FileLineEndingsTest" time="0.001"/>
  <testcase name="lineEndings[./java/src/jmri/jmrix/grapevine/nodeconfig/NodeConfigBundle_ja_JP.properties]" classname="jmri.util.FileLineEndingsTest" time="0"/>
  <testcase name="lineEndings[./java/src/jmri/jmrix/grapevine/nodeconfig/NodeConfigBundle_da.properties]" classname="jmri.util.FileLineEndingsTest" time="0.001"/>
  <testcase name="lineEndings[./java/src/jmri/jmrix/grapevine/nodeconfig/NodeConfigBundle_it.properties]" classname="jmri.util.FileLineEndingsTest" time="0.001"/>
  <testcase name="lineEndings[./java/src/jmri/jmrix/grapevine/GrapevineBundle_da.properties]" classname="jmri.util.FileLineEndingsTest" time="0"/>
  <testcase name="lineEndings[./java/src/jmri/jmrix/grapevine/GrapevineActionListBundle_it.properties]" classname="jmri.util.FileLineEndingsTest" time="0.001"/>
  <testcase name="lineEndings[./java/src/jmri/jmrix/grapevine/nodetable/NodeTableBundle_da.properties]" classname="jmri.util.FileLineEndingsTest" time="0.001"/>
  <testcase name="lineEndings[./java/src/jmri/jmrix/grapevine/nodetable/NodeTableBundle_nl.properties]" classname="jmri.util.FileLineEndingsTest" time="0.001"/>
  <testcase name="lineEndings[./java/src/jmri/jmrix/grapevine/nodetable/NodeTableBundle_it.properties]" classname="jmri.util.FileLineEndingsTest" time="0.001"/>
  <testcase name="lineEndings[./java/src/jmri/jmrix/grapevine/nodetable/NodeTableBundle.properties]" classname="jmri.util.FileLineEndingsTest" time="0"/>
  <testcase name="lineEndings[./java/src/jmri/jmrix/grapevine/GrapevineBundle_it.properties]" classname="jmri.util.FileLineEndingsTest" time="0.001"/>
  <testcase name="lineEndings[./java/src/jmri/jmrix/grapevine/GrapevineBundle_nl.properties]" classname="jmri.util.FileLineEndingsTest" time="0.001"/>
  <testcase name="lineEndings[./java/src/jmri/jmrix/grapevine/GrapevineActionListBundle_de.properties]" classname="jmri.util.FileLineEndingsTest" time="0.001"/>
  <testcase name="lineEndings[./java/src/jmri/jmrix/grapevine/GrapevineActionListBundle.properties]" classname="jmri.util.FileLineEndingsTest" time="0"/>
  <testcase name="lineEndings[./java/src/jmri/jmrix/grapevine/GrapevineBundle_ja_JP.properties]" classname="jmri.util.FileLineEndingsTest" time="0.001"/>
  <testcase name="lineEndings[./java/src/jmri/jmrix/grapevine/GrapevineActionListBundle_ja.properties]" classname="jmri.util.FileLineEndingsTest" time="0.001"/>
  <testcase name="lineEndings[./java/src/jmri/jmrix/grapevine/GrapevineActionListBundle_ja_JP.properties]" classname="jmri.util.FileLineEndingsTest" time="0"/>
  <testcase name="lineEndings[./java/src/jmri/jmrix/grapevine/GrapevineBundle_de.properties]" classname="jmri.util.FileLineEndingsTest" time="0.001"/>
  <testcase name="lineEndings[./java/src/jmri/jmrix/grapevine/GrapevineActionListBundle_fr.properties]" classname="jmri.util.FileLineEndingsTest" time="0.001"/>
  <testcase name="lineEndings[./java/src/jmri/jmrix/grapevine/GrapevineActionListBundle_ca.properties]" classname="jmri.util.FileLineEndingsTest" time="0.001"/>
  <testcase name="lineEndings[./java/src/jmri/jmrix/grapevine/GrapevineBundle.properties]" classname="jmri.util.FileLineEndingsTest" time="0"/>
  <testcase name="lineEndings[./java/src/jmri/jmrix/grapevine/GrapevineActionListBundle_da.properties]" classname="jmri.util.FileLineEndingsTest" time="0.001"/>
  <testcase name="lineEndings[./java/src/jmri/jmrix/ncemonitor/NcePacketMonitorBundle_fr.properties]" classname="jmri.util.FileLineEndingsTest" time="0.001"/>
  <testcase name="lineEndings[./java/src/jmri/jmrix/ncemonitor/NcePacketMonitorBundle_it.properties]" classname="jmri.util.FileLineEndingsTest" time="0.001"/>
  <testcase name="lineEndings[./java/src/jmri/jmrix/ncemonitor/NcePacketMonitorBundle.properties]" classname="jmri.util.FileLineEndingsTest" time="0"/>
  <testcase name="lineEndings[./java/src/jmri/jmrix/ncemonitor/NcePacketMonitorBundle_da.properties]" classname="jmri.util.FileLineEndingsTest" time="0.001"/>
  <testcase name="lineEndings[./java/src/jmri/jmrix/tmcc/TmccBundle.properties]" classname="jmri.util.FileLineEndingsTest" time="0.001"/>
  <testcase name="lineEndings[./java/src/jmri/jmrix/tmcc/TmccBundle_it.properties]" classname="jmri.util.FileLineEndingsTest" time="0.001"/>
  <testcase name="lineEndings[./java/src/jmri/jmrix/tmcc/TmccBundle_fr.properties]" classname="jmri.util.FileLineEndingsTest" time="0"/>
  <testcase name="lineEndings[./java/src/jmri/jmrix/tmcc/TmccBundle_de.properties]" classname="jmri.util.FileLineEndingsTest" time="0.001"/>
  <testcase name="lineEndings[./java/src/jmri/jmrix/tmcc/TmccBundle_ja_JP.properties]" classname="jmri.util.FileLineEndingsTest" time="0.001"/>
  <testcase name="lineEndings[./java/src/jmri/jmrix/tmcc/TmccBundle_nl.properties]" classname="jmri.util.FileLineEndingsTest" time="0.001"/>
  <testcase name="lineEndings[./java/src/jmri/jmrix/tmcc/TmccBundle_da.properties]" classname="jmri.util.FileLineEndingsTest" time="0"/>
  <testcase name="lineEndings[./java/src/jmri/jmrix/pi/RaspberryPiActionListBundle_da.properties]" classname="jmri.util.FileLineEndingsTest" time="0.001"/>
  <testcase name="lineEndings[./java/src/jmri/jmrix/pi/Bundle.properties]" classname="jmri.util.FileLineEndingsTest" time="0.001"/>
  <testcase name="lineEndings[./java/src/jmri/jmrix/pi/RaspberryPiActionListBundle.properties]" classname="jmri.util.FileLineEndingsTest" time="0.001"/>
  <testcase name="lineEndings[./java/src/jmri/jmrix/maple/assignment/ListBundle_de.properties]" classname="jmri.util.FileLineEndingsTest" time="0"/>
  <testcase name="lineEndings[./java/src/jmri/jmrix/maple/assignment/ListBundle_ja_JP.properties]" classname="jmri.util.FileLineEndingsTest" time="0.001"/>
  <testcase name="lineEndings[./java/src/jmri/jmrix/maple/assignment/ListBundle_es.properties]" classname="jmri.util.FileLineEndingsTest" time="0.001"/>
  <testcase name="lineEndings[./java/src/jmri/jmrix/maple/assignment/ListBundle_da.properties]" classname="jmri.util.FileLineEndingsTest" time="0"/>
  <testcase name="lineEndings[./java/src/jmri/jmrix/maple/assignment/ListBundle.properties]" classname="jmri.util.FileLineEndingsTest" time="0"/>
  <testcase name="lineEndings[./java/src/jmri/jmrix/maple/assignment/ListBundle_it.properties]" classname="jmri.util.FileLineEndingsTest" time="0.001"/>
  <testcase name="lineEndings[./java/src/jmri/jmrix/maple/assignment/ListBundle_fr.properties]" classname="jmri.util.FileLineEndingsTest" time="0.001"/>
  <testcase name="lineEndings[./java/src/jmri/jmrix/maple/MapleBundle_ja_JP.properties]" classname="jmri.util.FileLineEndingsTest" time="0"/>
  <testcase name="lineEndings[./java/src/jmri/jmrix/maple/nodeconfig/NodeConfigBundle.properties]" classname="jmri.util.FileLineEndingsTest" time="0.001"/>
  <testcase name="lineEndings[./java/src/jmri/jmrix/maple/nodeconfig/NodeConfigBundle_da.properties]" classname="jmri.util.FileLineEndingsTest" time="0.001"/>
  <testcase name="lineEndings[./java/src/jmri/jmrix/maple/nodeconfig/NodeConfigBundle_ja_JP.properties]" classname="jmri.util.FileLineEndingsTest" time="0.001"/>
  <testcase name="lineEndings[./java/src/jmri/jmrix/maple/nodeconfig/NodeConfigBundle_es.properties]" classname="jmri.util.FileLineEndingsTest" time="0"/>
  <testcase name="lineEndings[./java/src/jmri/jmrix/maple/nodeconfig/NodeConfigBundle_de.properties]" classname="jmri.util.FileLineEndingsTest" time="0"/>
  <testcase name="lineEndings[./java/src/jmri/jmrix/maple/nodeconfig/NodeConfigBundle_fr.properties]" classname="jmri.util.FileLineEndingsTest" time="0.001"/>
  <testcase name="lineEndings[./java/src/jmri/jmrix/maple/nodeconfig/NodeConfigBundle_it.properties]" classname="jmri.util.FileLineEndingsTest" time="0.001"/>
  <testcase name="lineEndings[./java/src/jmri/jmrix/maple/MapleBundle_fr.properties]" classname="jmri.util.FileLineEndingsTest" time="0"/>
  <testcase name="lineEndings[./java/src/jmri/jmrix/maple/MapleBundle.properties]" classname="jmri.util.FileLineEndingsTest" time="0"/>
  <testcase name="lineEndings[./java/src/jmri/jmrix/maple/MapleBundle_es.properties]" classname="jmri.util.FileLineEndingsTest" time="0.001"/>
  <testcase name="lineEndings[./java/src/jmri/jmrix/maple/MapleBundle_it.properties]" classname="jmri.util.FileLineEndingsTest" time="0.001"/>
  <testcase name="lineEndings[./java/src/jmri/jmrix/maple/MapleBundle_de.properties]" classname="jmri.util.FileLineEndingsTest" time="0"/>
  <testcase name="lineEndings[./java/src/jmri/jmrix/maple/MapleBundle_da.properties]" classname="jmri.util.FileLineEndingsTest" time="0.001"/>
  <testcase name="lineEndings[./java/src/jmri/jmrix/acela/AcelaActionListBundle_da.properties]" classname="jmri.util.FileLineEndingsTest" time="0.001"/>
  <testcase name="lineEndings[./java/src/jmri/jmrix/acela/AcelaActionListBundle_ca.properties]" classname="jmri.util.FileLineEndingsTest" time="0.001"/>
  <testcase name="lineEndings[./java/src/jmri/jmrix/acela/nodeconfig/NodeConfigBundle.properties]" classname="jmri.util.FileLineEndingsTest" time="0"/>
  <testcase name="lineEndings[./java/src/jmri/jmrix/acela/nodeconfig/NodeConfigBundle_fr.properties]" classname="jmri.util.FileLineEndingsTest" time="0.001"/>
  <testcase name="lineEndings[./java/src/jmri/jmrix/acela/nodeconfig/NodeConfigBundle_da.properties]" classname="jmri.util.FileLineEndingsTest" time="0.001"/>
  <testcase name="lineEndings[./java/src/jmri/jmrix/acela/nodeconfig/NodeConfigBundle_ja_JP.properties]" classname="jmri.util.FileLineEndingsTest" time="0.001"/>
  <testcase name="lineEndings[./java/src/jmri/jmrix/acela/nodeconfig/NodeConfigBundle_it.properties]" classname="jmri.util.FileLineEndingsTest" time="0"/>
  <testcase name="lineEndings[./java/src/jmri/jmrix/acela/nodeconfig/NodeConfigBundle_de.properties]" classname="jmri.util.FileLineEndingsTest" time="0.001"/>
  <testcase name="lineEndings[./java/src/jmri/jmrix/acela/AcelaBundle_nl.properties]" classname="jmri.util.FileLineEndingsTest" time="0.001"/>
  <testcase name="lineEndings[./java/src/jmri/jmrix/acela/AcelaActionListBundle.properties]" classname="jmri.util.FileLineEndingsTest" time="0.001"/>
  <testcase name="lineEndings[./java/src/jmri/jmrix/acela/AcelaActionListBundle_it.properties]" classname="jmri.util.FileLineEndingsTest" time="0"/>
  <testcase name="lineEndings[./java/src/jmri/jmrix/acela/AcelaActionListBundle_ja.properties]" classname="jmri.util.FileLineEndingsTest" time="0.001"/>
  <testcase name="lineEndings[./java/src/jmri/jmrix/acela/AcelaActionListBundle_de.properties]" classname="jmri.util.FileLineEndingsTest" time="0.001"/>
  <testcase name="lineEndings[./java/src/jmri/jmrix/acela/AcelaActionListBundle_fr.properties]" classname="jmri.util.FileLineEndingsTest" time="0.001"/>
  <testcase name="lineEndings[./java/src/jmri/jmrix/acela/AcelaActionListBundle_ja_JP.properties]" classname="jmri.util.FileLineEndingsTest" time="0"/>
  <testcase name="lineEndings[./java/src/jmri/jmrix/acela/AcelaActionListBundle_nl.properties]" classname="jmri.util.FileLineEndingsTest" time="0.001"/>
  <testcase name="lineEndings[./java/src/jmri/jmrix/acela/AcelaBundle.properties]" classname="jmri.util.FileLineEndingsTest" time="0.001"/>
  <testcase name="lineEndings[./java/src/jmri/jmrix/JmrixSystemsBundle_ca.properties]" classname="jmri.util.FileLineEndingsTest" time="0.001"/>
  <testcase name="lineEndings[./java/src/jmri/jmrix/JmrixSystemsBundle_ja_JP.properties]" classname="jmri.util.FileLineEndingsTest" time="0"/>
  <testcase name="lineEndings[./java/src/jmri/jmrix/rfid/RfidActionListBundle_cs.properties]" classname="jmri.util.FileLineEndingsTest" time="0.001"/>
  <testcase name="lineEndings[./java/src/jmri/jmrix/rfid/RfidBundle_cs.properties]" classname="jmri.util.FileLineEndingsTest" time="0.001"/>
  <testcase name="lineEndings[./java/src/jmri/jmrix/rfid/RfidBundle_da.properties]" classname="jmri.util.FileLineEndingsTest" time="0.001"/>
  <testcase name="lineEndings[./java/src/jmri/jmrix/rfid/RfidActionListBundle_da.properties]" classname="jmri.util.FileLineEndingsTest" time="0"/>
  <testcase name="lineEndings[./java/src/jmri/jmrix/rfid/RfidActionListBundle.properties]" classname="jmri.util.FileLineEndingsTest" time="0.001"/>
  <testcase name="lineEndings[./java/src/jmri/jmrix/rfid/RfidActionListBundle_fr.properties]" classname="jmri.util.FileLineEndingsTest" time="0.001"/>
  <testcase name="lineEndings[./java/src/jmri/jmrix/rfid/RfidBundle_it.properties]" classname="jmri.util.FileLineEndingsTest" time="0.001"/>
  <testcase name="lineEndings[./java/src/jmri/jmrix/rfid/RfidBundle.properties]" classname="jmri.util.FileLineEndingsTest" time="0"/>
  <testcase name="lineEndings[./java/src/jmri/jmrix/rfid/RfidActionListBundle_it.properties]" classname="jmri.util.FileLineEndingsTest" time="0.001"/>
  <testcase name="lineEndings[./java/src/jmri/jmrix/secsi/SecsiBundle.properties]" classname="jmri.util.FileLineEndingsTest" time="0.001"/>
  <testcase name="lineEndings[./java/src/jmri/jmrix/secsi/SecsiBundle_de.properties]" classname="jmri.util.FileLineEndingsTest" time="0.001"/>
  <testcase name="lineEndings[./java/src/jmri/jmrix/secsi/SecsiBundle_ja_JP.properties]" classname="jmri.util.FileLineEndingsTest" time="0"/>
  <testcase name="lineEndings[./java/src/jmri/jmrix/secsi/nodeconfig/NodeConfigBundle_it.properties]" classname="jmri.util.FileLineEndingsTest" time="0.001"/>
  <testcase name="lineEndings[./java/src/jmri/jmrix/secsi/nodeconfig/NodeConfigBundle_fr.properties]" classname="jmri.util.FileLineEndingsTest" time="0.001"/>
  <testcase name="lineEndings[./java/src/jmri/jmrix/secsi/nodeconfig/NodeConfigBundle_ja_JP.properties]" classname="jmri.util.FileLineEndingsTest" time="0"/>
  <testcase name="lineEndings[./java/src/jmri/jmrix/secsi/nodeconfig/NodeConfigBundle_de.properties]" classname="jmri.util.FileLineEndingsTest" time="0.001"/>
  <testcase name="lineEndings[./java/src/jmri/jmrix/secsi/nodeconfig/NodeConfigBundle.properties]" classname="jmri.util.FileLineEndingsTest" time="0.001"/>
  <testcase name="lineEndings[./java/src/jmri/jmrix/secsi/nodeconfig/NodeConfigBundle_da.properties]" classname="jmri.util.FileLineEndingsTest" time="0.001"/>
  <testcase name="lineEndings[./java/src/jmri/jmrix/secsi/nodeconfig/NodeConfigBundle_nl.properties]" classname="jmri.util.FileLineEndingsTest" time="0"/>
  <testcase name="lineEndings[./java/src/jmri/jmrix/secsi/SecsiBundle_da.properties]" classname="jmri.util.FileLineEndingsTest" time="0.001"/>
  <testcase name="lineEndings[./java/src/jmri/jmrix/secsi/SecsiBundle_nl.properties]" classname="jmri.util.FileLineEndingsTest" time="0.001"/>
  <testcase name="lineEndings[./java/src/jmri/jmrix/secsi/SecsiBundle_fr.properties]" classname="jmri.util.FileLineEndingsTest" time="0.001"/>
  <testcase name="lineEndings[./java/src/jmri/jmrix/secsi/SecsiBundle_it.properties]" classname="jmri.util.FileLineEndingsTest" time="0"/>
  <testcase name="lineEndings[./java/src/jmri/jmrix/roco/z21/swing/configtool/Z21ConfigBundle_da.properties]" classname="jmri.util.FileLineEndingsTest" time="0.001"/>
  <testcase name="lineEndings[./java/src/jmri/jmrix/roco/z21/swing/configtool/Z21ConfigBundle_nl.properties]" classname="jmri.util.FileLineEndingsTest" time="0.001"/>
  <testcase name="lineEndings[./java/src/jmri/jmrix/roco/z21/swing/configtool/Z21ConfigBundle.properties]" classname="jmri.util.FileLineEndingsTest" time="0.001"/>
  <testcase name="lineEndings[./java/src/jmri/jmrix/roco/z21/z21ActionListBundle.properties]" classname="jmri.util.FileLineEndingsTest" time="0"/>
  <testcase name="lineEndings[./java/src/jmri/jmrix/roco/z21/z21ActionListBundle_de.properties]" classname="jmri.util.FileLineEndingsTest" time="0.001"/>
  <testcase name="lineEndings[./java/src/jmri/jmrix/roco/z21/z21ActionListBundle_cs.properties]" classname="jmri.util.FileLineEndingsTest" time="0.001"/>
  <testcase name="lineEndings[./java/src/jmri/jmrix/roco/z21/z21ActionListBundle_da.properties]" classname="jmri.util.FileLineEndingsTest" time="0.001"/>
  <testcase name="lineEndings[./java/src/jmri/jmrix/roco/z21/z21Bundle_nl.properties]" classname="jmri.util.FileLineEndingsTest" time="0"/>
  <testcase name="lineEndings[./java/src/jmri/jmrix/roco/z21/z21ActionListBundle_nl.properties]" classname="jmri.util.FileLineEndingsTest" time="0.001"/>
  <testcase name="lineEndings[./java/src/jmri/jmrix/roco/z21/z21AdapterConfigurationBundle.properties]" classname="jmri.util.FileLineEndingsTest" time="0.001"/>
  <testcase name="lineEndings[./java/src/jmri/jmrix/roco/z21/z21Bundle.properties]" classname="jmri.util.FileLineEndingsTest" time="0.001"/>
  <testcase name="lineEndings[./java/src/jmri/jmrix/roco/z21/z21Bundle_de.properties]" classname="jmri.util.FileLineEndingsTest" time="0"/>
  <testcase name="lineEndings[./java/src/jmri/jmrix/roco/RocoBundle.properties]" classname="jmri.util.FileLineEndingsTest" time="0.001"/>
  <testcase name="lineEndings[./java/src/jmri/jmrix/pricom/downloader/Loader_da.properties]" classname="jmri.util.FileLineEndingsTest" time="0.001"/>
  <testcase name="lineEndings[./java/src/jmri/jmrix/pricom/downloader/Loader_fr.properties]" classname="jmri.util.FileLineEndingsTest" time="0.001"/>
  <testcase name="lineEndings[./java/src/jmri/jmrix/pricom/downloader/Loader.properties]" classname="jmri.util.FileLineEndingsTest" time="0"/>
  <testcase name="lineEndings[./java/src/jmri/jmrix/pricom/downloader/Loader_ja_JP.properties]" classname="jmri.util.FileLineEndingsTest" time="0.001"/>
  <testcase name="lineEndings[./java/src/jmri/jmrix/pricom/downloader/Loader_de.properties]" classname="jmri.util.FileLineEndingsTest" time="0.001"/>
  <testcase name="lineEndings[./java/src/jmri/jmrix/pricom/downloader/Loader_it.properties]" classname="jmri.util.FileLineEndingsTest" time="0.001"/>
  <testcase name="lineEndings[./java/src/jmri/jmrix/pricom/pockettester/TesterBundle_it.properties]" classname="jmri.util.FileLineEndingsTest" time="0"/>
  <testcase name="lineEndings[./java/src/jmri/jmrix/pricom/pockettester/TesterBundle_ja_JP.properties]" classname="jmri.util.FileLineEndingsTest" time="0.001"/>
  <testcase name="lineEndings[./java/src/jmri/jmrix/pricom/pockettester/TesterBundle_fr.properties]" classname="jmri.util.FileLineEndingsTest" time="0.001"/>
  <testcase name="lineEndings[./java/src/jmri/jmrix/pricom/pockettester/TesterBundle_de.properties]" classname="jmri.util.FileLineEndingsTest" time="0.001"/>
  <testcase name="lineEndings[./java/src/jmri/jmrix/pricom/pockettester/TesterBundle_da.properties]" classname="jmri.util.FileLineEndingsTest" time="0"/>
  <testcase name="lineEndings[./java/src/jmri/jmrix/pricom/pockettester/TesterBundle.properties]" classname="jmri.util.FileLineEndingsTest" time="0.001"/>
  <testcase name="lineEndings[./java/src/jmri/jmrix/jinput/treecontrol/TreeBundle_da.properties]" classname="jmri.util.FileLineEndingsTest" time="0.001"/>
  <testcase name="lineEndings[./java/src/jmri/jmrix/jinput/treecontrol/TreeBundle_cs.properties]" classname="jmri.util.FileLineEndingsTest" time="0.001"/>
  <testcase name="lineEndings[./java/src/jmri/jmrix/jinput/treecontrol/TreeBundle_ja_JP.properties]" classname="jmri.util.FileLineEndingsTest" time="0"/>
  <testcase name="lineEndings[./java/src/jmri/jmrix/jinput/treecontrol/TreeBundle_it.properties]" classname="jmri.util.FileLineEndingsTest" time="0.001"/>
  <testcase name="lineEndings[./java/src/jmri/jmrix/jinput/treecontrol/TreeBundle_fr.properties]" classname="jmri.util.FileLineEndingsTest" time="0.001"/>
  <testcase name="lineEndings[./java/src/jmri/jmrix/jinput/treecontrol/TreeBundle.properties]" classname="jmri.util.FileLineEndingsTest" time="0.001"/>
  <testcase name="lineEndings[./java/src/jmri/jmrix/jinput/treecontrol/TreeBundle_de.properties]" classname="jmri.util.FileLineEndingsTest" time="0"/>
  <testcase name="lineEndings[./java/src/jmri/jmrix/JmrixBundle_es.properties]" classname="jmri.util.FileLineEndingsTest" time="0.003"/>
  <testcase name="lineEndings[./java/src/jmri/jmrix/zimo/ZimoActionListBundle_cs.properties]" classname="jmri.util.FileLineEndingsTest" time="0.001"/>
  <testcase name="lineEndings[./java/src/jmri/jmrix/zimo/swing/packetgen/Mx1PacketGenBundle.properties]" classname="jmri.util.FileLineEndingsTest" time="0.001"/>
  <testcase name="lineEndings[./java/src/jmri/jmrix/zimo/swing/packetgen/Mx1PacketGenBundle_cs.properties]" classname="jmri.util.FileLineEndingsTest" time="0.001"/>
  <testcase name="lineEndings[./java/src/jmri/jmrix/zimo/swing/packetgen/Mx1PacketGenBundle_da.properties]" classname="jmri.util.FileLineEndingsTest" time="0"/>
  <testcase name="lineEndings[./java/src/jmri/jmrix/zimo/swing/Mx1SwingBundle.properties]" classname="jmri.util.FileLineEndingsTest" time="0.001"/>
  <testcase name="lineEndings[./java/src/jmri/jmrix/zimo/swing/Mx1SwingBundle_cs.properties]" classname="jmri.util.FileLineEndingsTest" time="0.001"/>
  <testcase name="lineEndings[./java/src/jmri/jmrix/zimo/swing/Mx1SwingBundle_da.properties]" classname="jmri.util.FileLineEndingsTest" time="0.001"/>
  <testcase name="lineEndings[./java/src/jmri/jmrix/zimo/swing/Mx1SwingBundle_fr.properties]" classname="jmri.util.FileLineEndingsTest" time="0"/>
  <testcase name="lineEndings[./java/src/jmri/jmrix/zimo/ZimoActionListBundle_ca.properties]" classname="jmri.util.FileLineEndingsTest" time="0"/>
  <testcase name="lineEndings[./java/src/jmri/jmrix/zimo/ZimoActionListBundle_da.properties]" classname="jmri.util.FileLineEndingsTest" time="0.001"/>
  <testcase name="lineEndings[./java/src/jmri/jmrix/zimo/ZimoActionListBundle_it.properties]" classname="jmri.util.FileLineEndingsTest" time="0.001"/>
  <testcase name="lineEndings[./java/src/jmri/jmrix/zimo/ZimoActionListBundle.properties]" classname="jmri.util.FileLineEndingsTest" time="0"/>
  <testcase name="lineEndings[./java/src/jmri/jmrix/zimo/ZimoActionListBundle_ja.properties]" classname="jmri.util.FileLineEndingsTest" time="0.001"/>
  <testcase name="lineEndings[./java/src/jmri/jmrix/zimo/ZimoActionListBundle_de.properties]" classname="jmri.util.FileLineEndingsTest" time="0.001"/>
  <testcase name="lineEndings[./java/src/jmri/jmrix/zimo/ZimoActionListBundle_ja_JP.properties]" classname="jmri.util.FileLineEndingsTest" time="0.001"/>
  <testcase name="lineEndings[./java/src/jmri/jmrix/zimo/ZimoBundle.properties]" classname="jmri.util.FileLineEndingsTest" time="0"/>
  <testcase name="lineEndings[./java/src/jmri/jmrix/zimo/ZimoActionListBundle_fr.properties]" classname="jmri.util.FileLineEndingsTest" time="0.001"/>
  <testcase name="lineEndings[./java/src/jmri/jmrix/zimo/ZimoActionListBundle_es.properties]" classname="jmri.util.FileLineEndingsTest" time="0.001"/>
  <testcase name="lineEndings[./java/src/jmri/jmrix/JmrixBundle_nl.properties]" classname="jmri.util.FileLineEndingsTest" time="0.001"/>
  <testcase name="lineEndings[./java/src/jmri/jmrix/JmrixBundle_it.properties]" classname="jmri.util.FileLineEndingsTest" time="0"/>
  <testcase name="lineEndings[./java/src/jmri/jmrix/ztc/ZtcBundle.properties]" classname="jmri.util.FileLineEndingsTest" time="0.001"/>
  <testcase name="lineEndings[./java/src/jmri/jmrix/JmrixBundle_fr.properties]" classname="jmri.util.FileLineEndingsTest" time="0.001"/>
  <testcase name="lineEndings[./java/src/jmri/jmrix/dcc4pc/swing/boardlists/BoardListBundle_it.properties]" classname="jmri.util.FileLineEndingsTest" time="0.001"/>
  <testcase name="lineEndings[./java/src/jmri/jmrix/dcc4pc/swing/boardlists/BoardListBundle_da.properties]" classname="jmri.util.FileLineEndingsTest" time="0"/>
  <testcase name="lineEndings[./java/src/jmri/jmrix/dcc4pc/swing/boardlists/BoardListBundle.properties]" classname="jmri.util.FileLineEndingsTest" time="0.001"/>
  <testcase name="lineEndings[./java/src/jmri/jmrix/dcc4pc/Dcc4PcActionListBundle_da.properties]" classname="jmri.util.FileLineEndingsTest" time="0.001"/>
  <testcase name="lineEndings[./java/src/jmri/jmrix/dcc4pc/Dcc4PcBundle_fr.properties]" classname="jmri.util.FileLineEndingsTest" time="0.001"/>
  <testcase name="lineEndings[./java/src/jmri/jmrix/dcc4pc/Dcc4PcActionListBundle.properties]" classname="jmri.util.FileLineEndingsTest" time="0"/>
  <testcase name="lineEndings[./java/src/jmri/jmrix/dcc4pc/Dcc4PcBundle_de.properties]" classname="jmri.util.FileLineEndingsTest" time="0.001"/>
  <testcase name="lineEndings[./java/src/jmri/jmrix/dcc4pc/Dcc4PcBundle_it.properties]" classname="jmri.util.FileLineEndingsTest" time="0.001"/>
  <testcase name="lineEndings[./java/src/jmri/jmrix/dcc4pc/Dcc4PcBundle_da.properties]" classname="jmri.util.FileLineEndingsTest" time="0.001"/>
  <testcase name="lineEndings[./java/src/jmri/jmrix/dcc4pc/Dcc4PcBundle.properties]" classname="jmri.util.FileLineEndingsTest" time="0"/>
  <testcase name="lineEndings[./java/src/jmri/jmrix/dcc4pc/Dcc4PcActionListBundle_de.properties]" classname="jmri.util.FileLineEndingsTest" time="0.001"/>
  <testcase name="lineEndings[./java/src/jmri/jmrix/dcc4pc/Dcc4PcActionListBundle_it.properties]" classname="jmri.util.FileLineEndingsTest" time="0.001"/>
  <testcase name="lineEndings[./java/src/jmri/jmrix/JmrixSystemsBundle.properties]" classname="jmri.util.FileLineEndingsTest" time="0.001"/>
  <testcase name="lineEndings[./java/src/jmri/jmrix/PortNamePatterns.properties]" classname="jmri.util.FileLineEndingsTest" time="0.001"/>
  <testcase name="lineEndings[./java/src/jmri/jmrix/JmrixBundle.properties]" classname="jmri.util.FileLineEndingsTest" time="0"/>
  <testcase name="lineEndings[./java/src/jmri/jmrix/JmrixSystemsBundle_da.properties]" classname="jmri.util.FileLineEndingsTest" time="0.001"/>
  <testcase name="lineEndings[./java/src/jmri/jmrix/ThrottleBundle_de.properties]" classname="jmri.util.FileLineEndingsTest" time="0.001"/>
  <testcase name="lineEndings[./java/src/jmri/jmrix/ThrottleBundle.properties]" classname="jmri.util.FileLineEndingsTest" time="0.001"/>
  <testcase name="lineEndings[./java/src/jmri/jmrix/ThrottleBundle_it.properties]" classname="jmri.util.FileLineEndingsTest" time="0"/>
  <testcase name="lineEndings[./java/src/jmri/jmrix/internal/InternalBundle.properties]" classname="jmri.util.FileLineEndingsTest" time="0.001"/>
  <testcase name="lineEndings[./java/src/jmri/jmrix/internal/InternalBundle_nl.properties]" classname="jmri.util.FileLineEndingsTest" time="0.001"/>
  <testcase name="lineEndings[./java/src/jmri/jmrix/libusb/UsbViewActionBundle.properties]" classname="jmri.util.FileLineEndingsTest" time="0"/>
  <testcase name="lineEndings[./java/src/jmri/jmrix/libusb/UsbViewActionBundle_da.properties]" classname="jmri.util.FileLineEndingsTest" time="0"/>
  <testcase name="lineEndings[./java/src/jmri/jmrix/libusb/UsbViewActionBundle_cs.properties]" classname="jmri.util.FileLineEndingsTest" time="0.001"/>
  <testcase name="lineEndings[./java/src/jmri/jmrix/libusb/UsbViewActionBundle_ca.properties]" classname="jmri.util.FileLineEndingsTest" time="0.001"/>
  <testcase name="lineEndings[./java/src/jmri/jmrix/libusb/UsbViewActionBundle_fr.properties]" classname="jmri.util.FileLineEndingsTest" time="0"/>
  <testcase name="lineEndings[./java/src/jmri/jmrix/libusb/UsbViewActionBundle_ja_JP.properties]" classname="jmri.util.FileLineEndingsTest" time="0.001"/>
  <testcase name="lineEndings[./java/src/jmri/jmrix/libusb/UsbViewActionBundle_de.properties]" classname="jmri.util.FileLineEndingsTest" time="0.001"/>
  <testcase name="lineEndings[./java/src/jmri/jmrix/libusb/UsbViewActionBundle_it.properties]" classname="jmri.util.FileLineEndingsTest" time="0.001"/>
  <testcase name="lineEndings[./java/src/jmri/jmrix/JmrixSystemsBundle_it.properties]" classname="jmri.util.FileLineEndingsTest" time="0"/>
  <testcase name="lineEndings[./java/src/jmri/jmrix/JmrixSystemsBundle_es.properties]" classname="jmri.util.FileLineEndingsTest" time="0.001"/>
  <testcase name="lineEndings[./java/src/jmri/jmrix/JmrixSystemsBundle_nl.properties]" classname="jmri.util.FileLineEndingsTest" time="0.001"/>
  <testcase name="lineEndings[./java/src/jmri/jmrix/anyma/Bundle.properties]" classname="jmri.util.FileLineEndingsTest" time="0.001"/>
  <testcase name="lineEndings[./java/src/jmri/jmrix/JmrixSystemsBundle_de.properties]" classname="jmri.util.FileLineEndingsTest" time="0"/>
  <testcase name="lineEndings[./java/src/jmri/jmrix/JmrixBundle_cs.properties]" classname="jmri.util.FileLineEndingsTest" time="0.001"/>
  <testcase name="lineEndings[./java/src/jmri/jmrix/ThrottleBundle_cs.properties]" classname="jmri.util.FileLineEndingsTest" time="0.001"/>
  <testcase name="lineEndings[./java/src/jmri/jmrix/ThrottleBundle_fr.properties]" classname="jmri.util.FileLineEndingsTest" time="0.001"/>
  <testcase name="lineEndings[./java/src/jmri/jmrix/JmrixBundle_de.properties]" classname="jmri.util.FileLineEndingsTest" time="0"/>
  <testcase name="lineEndings[./java/src/jmri/jmrix/JmrixBundle_da.properties]" classname="jmri.util.FileLineEndingsTest" time="0.001"/>
  <testcase name="lineEndings[./java/src/jmri/jmrix/JmrixSystemsBundle_cs.properties]" classname="jmri.util.FileLineEndingsTest" time="0.001"/>
  <testcase name="lineEndings[./java/src/jmri/jmrix/JmrixBundle_ja_JP.properties]" classname="jmri.util.FileLineEndingsTest" time="0.001"/>
  <testcase name="lineEndings[./java/src/jmri/jmrix/JmrixBundle_ca.properties]" classname="jmri.util.FileLineEndingsTest" time="0"/>
  <testcase name="lineEndings[./java/src/jmri/jmrix/ThrottleBundle_nl.properties]" classname="jmri.util.FileLineEndingsTest" time="0.001"/>
  <testcase name="lineEndings[./java/src/jmri/jmrix/ThrottleBundle_ca.properties]" classname="jmri.util.FileLineEndingsTest" time="0.001"/>
  <testcase name="lineEndings[./java/src/jmri/jmrix/ThrottleBundle_da.properties]" classname="jmri.util.FileLineEndingsTest" time="0.001"/>
  <testcase name="lineEndings[./java/src/jmri/jmrix/JmrixSystemsBundle_fr.properties]" classname="jmri.util.FileLineEndingsTest" time="0"/>
  <testcase name="lineEndings[./java/src/jmri/web/servlet/simple/Bundle.properties]" classname="jmri.util.FileLineEndingsTest" time="0.001"/>
  <testcase name="lineEndings[./java/src/jmri/web/servlet/simple/Bundle_ca.properties]" classname="jmri.util.FileLineEndingsTest" time="0.001"/>
  <testcase name="lineEndings[./java/src/jmri/web/servlet/simple/Bundle_cs.properties]" classname="jmri.util.FileLineEndingsTest" time="0.001"/>
  <testcase name="lineEndings[./java/src/jmri/web/servlet/simple/Bundle_de.properties]" classname="jmri.util.FileLineEndingsTest" time="0.001"/>
  <testcase name="lineEndings[./java/src/jmri/web/servlet/simple/Bundle_da.properties]" classname="jmri.util.FileLineEndingsTest" time="0"/>
  <testcase name="lineEndings[./java/src/jmri/web/servlet/simple/Bundle_nl.properties]" classname="jmri.util.FileLineEndingsTest" time="0.001"/>
  <testcase name="lineEndings[./java/src/jmri/web/servlet/config/Bundle_ca.properties]" classname="jmri.util.FileLineEndingsTest" time="0.001"/>
  <testcase name="lineEndings[./java/src/jmri/web/servlet/config/Bundle_cs.properties]" classname="jmri.util.FileLineEndingsTest" time="0.001"/>
  <testcase name="lineEndings[./java/src/jmri/web/servlet/config/Bundle_da.properties]" classname="jmri.util.FileLineEndingsTest" time="0"/>
  <testcase name="lineEndings[./java/src/jmri/web/servlet/config/Bundle_nl.properties]" classname="jmri.util.FileLineEndingsTest" time="0.001"/>
  <testcase name="lineEndings[./java/src/jmri/web/servlet/config/Bundle.properties]" classname="jmri.util.FileLineEndingsTest" time="0.001"/>
  <testcase name="lineEndings[./java/src/jmri/web/servlet/config/Bundle_de.properties]" classname="jmri.util.FileLineEndingsTest" time="0"/>
  <testcase name="lineEndings[./java/src/jmri/web/servlet/home/Bundle_de.properties]" classname="jmri.util.FileLineEndingsTest" time="0.001"/>
  <testcase name="lineEndings[./java/src/jmri/web/servlet/home/Bundle_nl.properties]" classname="jmri.util.FileLineEndingsTest" time="0.001"/>
  <testcase name="lineEndings[./java/src/jmri/web/servlet/home/Bundle_cs.properties]" classname="jmri.util.FileLineEndingsTest" time="0.001"/>
  <testcase name="lineEndings[./java/src/jmri/web/servlet/home/Bundle_da.properties]" classname="jmri.util.FileLineEndingsTest" time="0"/>
  <testcase name="lineEndings[./java/src/jmri/web/servlet/home/Bundle_ca.properties]" classname="jmri.util.FileLineEndingsTest" time="0.001"/>
  <testcase name="lineEndings[./java/src/jmri/web/servlet/home/Bundle.properties]" classname="jmri.util.FileLineEndingsTest" time="0.001"/>
  <testcase name="lineEndings[./java/src/jmri/web/servlet/Bundle_de.properties]" classname="jmri.util.FileLineEndingsTest" time="0.001"/>
  <testcase name="lineEndings[./java/src/jmri/web/servlet/operations/Bundle.properties]" classname="jmri.util.FileLineEndingsTest" time="0"/>
  <testcase name="lineEndings[./java/src/jmri/web/servlet/operations/Bundle_cs.properties]" classname="jmri.util.FileLineEndingsTest" time="0.001"/>
  <testcase name="lineEndings[./java/src/jmri/web/servlet/operations/Bundle_ca.properties]" classname="jmri.util.FileLineEndingsTest" time="0.001"/>
  <testcase name="lineEndings[./java/src/jmri/web/servlet/operations/Bundle_da.properties]" classname="jmri.util.FileLineEndingsTest" time="0.001"/>
  <testcase name="lineEndings[./java/src/jmri/web/servlet/operations/Bundle_nl.properties]" classname="jmri.util.FileLineEndingsTest" time="0"/>
  <testcase name="lineEndings[./java/src/jmri/web/servlet/operations/Bundle_fr.properties]" classname="jmri.util.FileLineEndingsTest" time="0.001"/>
  <testcase name="lineEndings[./java/src/jmri/web/servlet/operations/Bundle_de.properties]" classname="jmri.util.FileLineEndingsTest" time="0.001"/>
  <testcase name="lineEndings[./java/src/jmri/web/servlet/about/Bundle.properties]" classname="jmri.util.FileLineEndingsTest" time="0.001"/>
  <testcase name="lineEndings[./java/src/jmri/web/servlet/about/Bundle_ca.properties]" classname="jmri.util.FileLineEndingsTest" time="0"/>
  <testcase name="lineEndings[./java/src/jmri/web/servlet/about/Bundle_nl.properties]" classname="jmri.util.FileLineEndingsTest" time="0.001"/>
  <testcase name="lineEndings[./java/src/jmri/web/servlet/about/Bundle_de.properties]" classname="jmri.util.FileLineEndingsTest" time="0.001"/>
  <testcase name="lineEndings[./java/src/jmri/web/servlet/panel/Bundle.properties]" classname="jmri.util.FileLineEndingsTest" time="0.001"/>
  <testcase name="lineEndings[./java/src/jmri/web/servlet/panel/Bundle_da.properties]" classname="jmri.util.FileLineEndingsTest" time="0"/>
  <testcase name="lineEndings[./java/src/jmri/web/servlet/panel/Bundle_de.properties]" classname="jmri.util.FileLineEndingsTest" time="0.001"/>
  <testcase name="lineEndings[./java/src/jmri/web/servlet/panel/Bundle_nl.properties]" classname="jmri.util.FileLineEndingsTest" time="0.001"/>
  <testcase name="lineEndings[./java/src/jmri/web/servlet/panel/Bundle_ca.properties]" classname="jmri.util.FileLineEndingsTest" time="0.001"/>
  <testcase name="lineEndings[./java/src/jmri/web/servlet/panel/Bundle_cs.properties]" classname="jmri.util.FileLineEndingsTest" time="0"/>
  <testcase name="lineEndings[./java/src/jmri/web/servlet/json/Bundle_da.properties]" classname="jmri.util.FileLineEndingsTest" time="0.001"/>
  <testcase name="lineEndings[./java/src/jmri/web/servlet/json/Bundle_ca.properties]" classname="jmri.util.FileLineEndingsTest" time="0.001"/>
  <testcase name="lineEndings[./java/src/jmri/web/servlet/json/Bundle_cs.properties]" classname="jmri.util.FileLineEndingsTest" time="0.001"/>
  <testcase name="lineEndings[./java/src/jmri/web/servlet/json/Bundle.properties]" classname="jmri.util.FileLineEndingsTest" time="0"/>
  <testcase name="lineEndings[./java/src/jmri/web/servlet/json/Bundle_nl.properties]" classname="jmri.util.FileLineEndingsTest" time="0.001"/>
  <testcase name="lineEndings[./java/src/jmri/web/servlet/json/Bundle_de.properties]" classname="jmri.util.FileLineEndingsTest" time="0.001"/>
  <testcase name="lineEndings[./java/src/jmri/web/servlet/frameimage/JmriJFrameServlet_nl.properties]" classname="jmri.util.FileLineEndingsTest" time="0.001"/>
  <testcase name="lineEndings[./java/src/jmri/web/servlet/frameimage/JmriJFrameServlet_da.properties]" classname="jmri.util.FileLineEndingsTest" time="0"/>
  <testcase name="lineEndings[./java/src/jmri/web/servlet/frameimage/JmriJFrameServlet_ca.properties]" classname="jmri.util.FileLineEndingsTest" time="0.001"/>
  <testcase name="lineEndings[./java/src/jmri/web/servlet/frameimage/JmriJFrameServlet_fr.properties]" classname="jmri.util.FileLineEndingsTest" time="0.001"/>
  <testcase name="lineEndings[./java/src/jmri/web/servlet/frameimage/JmriJFrameServlet_cs.properties]" classname="jmri.util.FileLineEndingsTest" time="0.001"/>
  <testcase name="lineEndings[./java/src/jmri/web/servlet/frameimage/JmriJFrameServlet.properties]" classname="jmri.util.FileLineEndingsTest" time="0"/>
  <testcase name="lineEndings[./java/src/jmri/web/servlet/frameimage/JmriJFrameServlet_it.properties]" classname="jmri.util.FileLineEndingsTest" time="0.001"/>
  <testcase name="lineEndings[./java/src/jmri/web/servlet/frameimage/JmriJFrameServlet_de.properties]" classname="jmri.util.FileLineEndingsTest" time="0.001"/>
  <testcase name="lineEndings[./java/src/jmri/web/servlet/directory/Bundle_nl.properties]" classname="jmri.util.FileLineEndingsTest" time="0.001"/>
  <testcase name="lineEndings[./java/src/jmri/web/servlet/directory/Bundle_fr.properties]" classname="jmri.util.FileLineEndingsTest" time="0"/>
  <testcase name="lineEndings[./java/src/jmri/web/servlet/directory/Bundle.properties]" classname="jmri.util.FileLineEndingsTest" time="0.001"/>
  <testcase name="lineEndings[./java/src/jmri/web/servlet/directory/Bundle_ca.properties]" classname="jmri.util.FileLineEndingsTest" time="0.001"/>
  <testcase name="lineEndings[./java/src/jmri/web/servlet/directory/Bundle_cs.properties]" classname="jmri.util.FileLineEndingsTest" time="0"/>
  <testcase name="lineEndings[./java/src/jmri/web/servlet/directory/Bundle_da.properties]" classname="jmri.util.FileLineEndingsTest" time="0"/>
  <testcase name="lineEndings[./java/src/jmri/web/servlet/directory/Bundle_de.properties]" classname="jmri.util.FileLineEndingsTest" time="0.001"/>
  <testcase name="lineEndings[./java/src/jmri/web/servlet/Bundle_fr.properties]" classname="jmri.util.FileLineEndingsTest" time="0.001"/>
  <testcase name="lineEndings[./java/src/jmri/web/servlet/Bundle.properties]" classname="jmri.util.FileLineEndingsTest" time="0"/>
  <testcase name="lineEndings[./java/src/jmri/web/servlet/roster/Bundle_de.properties]" classname="jmri.util.FileLineEndingsTest" time="0.001"/>
  <testcase name="lineEndings[./java/src/jmri/web/servlet/roster/Bundle_ca.properties]" classname="jmri.util.FileLineEndingsTest" time="0.001"/>
  <testcase name="lineEndings[./java/src/jmri/web/servlet/roster/Bundle.properties]" classname="jmri.util.FileLineEndingsTest" time="0.001"/>
  <testcase name="lineEndings[./java/src/jmri/web/servlet/roster/Bundle_nl.properties]" classname="jmri.util.FileLineEndingsTest" time="0"/>
  <testcase name="lineEndings[./java/src/jmri/web/servlet/roster/Bundle_cs.properties]" classname="jmri.util.FileLineEndingsTest" time="0.001"/>
  <testcase name="lineEndings[./java/src/jmri/web/servlet/Bundle_cs.properties]" classname="jmri.util.FileLineEndingsTest" time="0.001"/>
  <testcase name="lineEndings[./java/src/jmri/web/servlet/Bundle_ca.properties]" classname="jmri.util.FileLineEndingsTest" time="0.001"/>
  <testcase name="lineEndings[./java/src/jmri/web/servlet/Bundle_da.properties]" classname="jmri.util.FileLineEndingsTest" time="0"/>
  <testcase name="lineEndings[./java/src/jmri/web/servlet/Bundle_nl.properties]" classname="jmri.util.FileLineEndingsTest" time="0.001"/>
  <testcase name="lineEndings[./java/src/jmri/web/server/Bundle_it.properties]" classname="jmri.util.FileLineEndingsTest" time="0.001"/>
  <testcase name="lineEndings[./java/src/jmri/web/server/Bundle_de.properties]" classname="jmri.util.FileLineEndingsTest" time="0.001"/>
  <testcase name="lineEndings[./java/src/jmri/web/server/Bundle_ca.properties]" classname="jmri.util.FileLineEndingsTest" time="0"/>
  <testcase name="lineEndings[./java/src/jmri/web/server/Bundle_da.properties]" classname="jmri.util.FileLineEndingsTest" time="0.001"/>
  <testcase name="lineEndings[./java/src/jmri/web/server/Bundle_nl.properties]" classname="jmri.util.FileLineEndingsTest" time="0.001"/>
  <testcase name="lineEndings[./java/src/jmri/web/server/Bundle.properties]" classname="jmri.util.FileLineEndingsTest" time="0.001"/>
  <testcase name="lineEndings[./java/src/jmri/web/server/Bundle_fr.properties]" classname="jmri.util.FileLineEndingsTest" time="0"/>
  <testcase name="lineEndings[./java/src/jmri/web/server/Bundle_cs.properties]" classname="jmri.util.FileLineEndingsTest" time="0.001"/>
  <testcase name="lineEndings[./java/src/jmri/configurexml/SaveMenuBundle_it.properties]" classname="jmri.util.FileLineEndingsTest" time="0.001"/>
  <testcase name="lineEndings[./java/src/jmri/configurexml/SaveMenuBundle_es.properties]" classname="jmri.util.FileLineEndingsTest" time="0.001"/>
  <testcase name="lineEndings[./java/src/jmri/configurexml/SaveMenuBundle.properties]" classname="jmri.util.FileLineEndingsTest" time="0"/>
  <testcase name="lineEndings[./java/src/jmri/configurexml/SaveMenuBundle_da.properties]" classname="jmri.util.FileLineEndingsTest" time="0.001"/>
  <testcase name="lineEndings[./java/src/jmri/configurexml/SaveMenuBundle_ca.properties]" classname="jmri.util.FileLineEndingsTest" time="0.001"/>
  <testcase name="lineEndings[./java/src/jmri/configurexml/ClassMigration.properties]" classname="jmri.util.FileLineEndingsTest" time="0.001"/>
  <testcase name="lineEndings[./java/src/jmri/configurexml/SaveMenuBundle_cs.properties]" classname="jmri.util.FileLineEndingsTest" time="0"/>
  <testcase name="lineEndings[./java/src/jmri/configurexml/SaveMenuBundle_nl.properties]" classname="jmri.util.FileLineEndingsTest" time="0.001"/>
  <testcase name="lineEndings[./java/src/jmri/configurexml/SaveMenuBundle_ja_JP.properties]" classname="jmri.util.FileLineEndingsTest" time="0.001"/>
  <testcase name="lineEndings[./java/src/jmri/configurexml/SaveMenuBundle_fr.properties]" classname="jmri.util.FileLineEndingsTest" time="0"/>
  <testcase name="lineEndings[./java/src/jmri/configurexml/SaveMenuBundle_de.properties]" classname="jmri.util.FileLineEndingsTest" time="0.001"/>
  <testcase name="lineEndings[./java/src/jmri/implementation/ImplementationBundle_ca.properties]" classname="jmri.util.FileLineEndingsTest" time="0.001"/>
  <testcase name="lineEndings[./java/src/jmri/implementation/swing/MessageBundle_da.properties]" classname="jmri.util.FileLineEndingsTest" time="0.001"/>
  <testcase name="lineEndings[./java/src/jmri/implementation/swing/MessageBundle_ca.properties]" classname="jmri.util.FileLineEndingsTest" time="0"/>
  <testcase name="lineEndings[./java/src/jmri/implementation/swing/MessageBundle.properties]" classname="jmri.util.FileLineEndingsTest" time="0.001"/>
  <testcase name="lineEndings[./java/src/jmri/implementation/swing/MessageBundle_it.properties]" classname="jmri.util.FileLineEndingsTest" time="0.001"/>
  <testcase name="lineEndings[./java/src/jmri/implementation/swing/MessageBundle_de.properties]" classname="jmri.util.FileLineEndingsTest" time="0.001"/>
  <testcase name="lineEndings[./java/src/jmri/implementation/swing/MessageBundle_fr.properties]" classname="jmri.util.FileLineEndingsTest" time="0"/>
  <testcase name="lineEndings[./java/src/jmri/implementation/swing/MessageBundle_nl.properties]" classname="jmri.util.FileLineEndingsTest" time="0.001"/>
  <testcase name="lineEndings[./java/src/jmri/implementation/swing/MessageBundle_ja_JP.properties]" classname="jmri.util.FileLineEndingsTest" time="0.001"/>
  <testcase name="lineEndings[./java/src/jmri/implementation/swing/MessageBundle_cs.properties]" classname="jmri.util.FileLineEndingsTest" time="0.003"/>
  <testcase name="lineEndings[./java/src/jmri/implementation/ImplementationBundle_fr.properties]" classname="jmri.util.FileLineEndingsTest" time="0"/>
  <testcase name="lineEndings[./java/src/jmri/implementation/ImplementationBundle_it.properties]" classname="jmri.util.FileLineEndingsTest" time="0"/>
  <testcase name="lineEndings[./java/src/jmri/implementation/ImplementationBundle_cs.properties]" classname="jmri.util.FileLineEndingsTest" time="0"/>
  <testcase name="lineEndings[./java/src/jmri/implementation/ImplementationBundle_de.properties]" classname="jmri.util.FileLineEndingsTest" time="0"/>
  <testcase name="lineEndings[./java/src/jmri/implementation/ImplementationBundle.properties]" classname="jmri.util.FileLineEndingsTest" time="0.001"/>
  <testcase name="lineEndings[./java/src/jmri/implementation/ImplementationBundle_da.properties]" classname="jmri.util.FileLineEndingsTest" time="0.001"/>
  <testcase name="lineEndings[./java/src/jmri/NamedBeanBundle.properties]" classname="jmri.util.FileLineEndingsTest" time="0.001"/>
  <testcase name="lineEndings[./java/src/jmri/server/json/Bundle_ca.properties]" classname="jmri.util.FileLineEndingsTest" time="0"/>
  <testcase name="lineEndings[./java/src/jmri/server/json/time/Bundle_de.properties]" classname="jmri.util.FileLineEndingsTest" time="0.001"/>
  <testcase name="lineEndings[./java/src/jmri/server/json/time/Bundle_nl.properties]" classname="jmri.util.FileLineEndingsTest" time="0.001"/>
  <testcase name="lineEndings[./java/src/jmri/server/json/time/Bundle.properties]" classname="jmri.util.FileLineEndingsTest" time="0.001"/>
  <testcase name="lineEndings[./java/src/jmri/server/json/Bundle_nl.properties]" classname="jmri.util.FileLineEndingsTest" time="0"/>
  <testcase name="lineEndings[./java/src/jmri/server/json/throttle/Bundle.properties]" classname="jmri.util.FileLineEndingsTest" time="0.001"/>
  <testcase name="lineEndings[./java/src/jmri/server/json/throttle/Bundle_da.properties]" classname="jmri.util.FileLineEndingsTest" time="0.001"/>
  <testcase name="lineEndings[./java/src/jmri/server/json/throttle/Bundle_ca.properties]" classname="jmri.util.FileLineEndingsTest" time="0.001"/>
  <testcase name="lineEndings[./java/src/jmri/server/json/throttle/Bundle_nl.properties]" classname="jmri.util.FileLineEndingsTest" time="0"/>
  <testcase name="lineEndings[./java/src/jmri/server/json/throttle/Bundle_de.properties]" classname="jmri.util.FileLineEndingsTest" time="0.001"/>
  <testcase name="lineEndings[./java/src/jmri/server/json/throttle/Bundle_it.properties]" classname="jmri.util.FileLineEndingsTest" time="0.001"/>
  <testcase name="lineEndings[./java/src/jmri/server/json/throttle/Bundle_fr.properties]" classname="jmri.util.FileLineEndingsTest" time="0.001"/>
  <testcase name="lineEndings[./java/src/jmri/server/json/Bundle.properties]" classname="jmri.util.FileLineEndingsTest" time="0"/>
  <testcase name="lineEndings[./java/src/jmri/server/json/Bundle_de.properties]" classname="jmri.util.FileLineEndingsTest" time="0.001"/>
  <testcase name="lineEndings[./java/src/jmri/server/web/app/Bundle.properties]" classname="jmri.util.FileLineEndingsTest" time="0.001"/>
  <testcase name="lineEndings[./java/src/jmri/server/web/app/Bundle_de.properties]" classname="jmri.util.FileLineEndingsTest" time="0.001"/>
  <testcase name="lineEndings[./java/src/jmri/server/web/app/Bundle_nl.properties]" classname="jmri.util.FileLineEndingsTest" time="0"/>
  <testcase name="lineEndings[./java/src/jmri/server/web/app/Bundle_ca.properties]" classname="jmri.util.FileLineEndingsTest" time="0.001"/>
  <testcase name="lineEndings[./java/src/jmri/server/web/Redirections.properties]" classname="jmri.util.FileLineEndingsTest" time="0.001"/>
  <testcase name="lineEndings[./java/src/jmri/server/web/FilePaths.properties]" classname="jmri.util.FileLineEndingsTest" time="0.001"/>
  <testcase name="lineEndings[./java/src/jmri/managers/ManagersBundle_it.properties]" classname="jmri.util.FileLineEndingsTest" time="0"/>
  <testcase name="lineEndings[./java/src/jmri/managers/ManagersBundle_cs.properties]" classname="jmri.util.FileLineEndingsTest" time="0.001"/>
  <testcase name="lineEndings[./java/src/jmri/managers/ManagersBundle.properties]" classname="jmri.util.FileLineEndingsTest" time="0.001"/>
  <testcase name="lineEndings[./java/src/jmri/managers/ManagersBundle_da.properties]" classname="jmri.util.FileLineEndingsTest" time="0.001"/>
  <testcase name="lineEndings[./java/src/jmri/managers/ManagersBundle_ca.properties]" classname="jmri.util.FileLineEndingsTest" time="0"/>
  <testcase name="lineEndings[./java/src/jmri/managers/ManagersBundle_nl.properties]" classname="jmri.util.FileLineEndingsTest" time="0.001"/>
  <testcase name="lineEndings[./java/src/jmri/managers/ManagersBundle_fr.properties]" classname="jmri.util.FileLineEndingsTest" time="0.001"/>
  <testcase name="lineEndings[./java/src/jmri/managers/ManagersBundle_de.properties]" classname="jmri.util.FileLineEndingsTest" time="0"/>
  <testcase name="lineEndings[./java/src/jmri/util/swing/UtilBundle_nl.properties]" classname="jmri.util.FileLineEndingsTest" time="0"/>
  <testcase name="lineEndings[./java/src/jmri/util/swing/UtilBundle.properties]" classname="jmri.util.FileLineEndingsTest" time="0.001"/>
  <testcase name="lineEndings[./java/src/jmri/util/swing/UtilBundle_fr.properties]" classname="jmri.util.FileLineEndingsTest" time="0.001"/>
  <testcase name="lineEndings[./java/src/jmri/util/swing/UtilBundle_it.properties]" classname="jmri.util.FileLineEndingsTest" time="0"/>
  <testcase name="lineEndings[./java/src/jmri/util/swing/UtilBundle_ja_JP.properties]" classname="jmri.util.FileLineEndingsTest" time="0.001"/>
  <testcase name="lineEndings[./java/src/jmri/util/swing/UtilBundle_en_GB.properties]" classname="jmri.util.FileLineEndingsTest" time="0.001"/>
  <testcase name="lineEndings[./java/src/jmri/util/swing/UtilBundle_de.properties]" classname="jmri.util.FileLineEndingsTest" time="0.001"/>
  <testcase name="lineEndings[./java/src/jmri/util/swing/UtilBundle_ca.properties]" classname="jmri.util.FileLineEndingsTest" time="0"/>
  <testcase name="lineEndings[./java/src/jmri/util/swing/UtilBundle_da.properties]" classname="jmri.util.FileLineEndingsTest" time="0.001"/>
  <testcase name="lineEndings[./java/src/jmri/util/swing/UtilBundle_cs.properties]" classname="jmri.util.FileLineEndingsTest" time="0.001"/>
  <testcase name="lineEndings[./java/src/jmri/util/usb/Bundle.properties]" classname="jmri.util.FileLineEndingsTest" time="0.001"/>
  <testcase name="lineEndings[./java/src/jmri/util/exceptionhandler/Bundle.properties]" classname="jmri.util.FileLineEndingsTest" time="0"/>
  <testcase name="lineEndings[./java/src/jmri/util/UtilBundle.properties]" classname="jmri.util.FileLineEndingsTest" time="0.001"/>
  <testcase name="lineEndings[./java/src/jmri/util/UtilBundle_ca.properties]" classname="jmri.util.FileLineEndingsTest" time="0.001"/>
  <testcase name="lineEndings[./java/src/jmri/util/UtilBundle_ja_JP.properties]" classname="jmri.util.FileLineEndingsTest" time="0.001"/>
  <testcase name="lineEndings[./java/src/jmri/util/UtilBundle_nl.properties]" classname="jmri.util.FileLineEndingsTest" time="0"/>
  <testcase name="lineEndings[./java/src/jmri/util/UtilBundle_da.properties]" classname="jmri.util.FileLineEndingsTest" time="0.001"/>
  <testcase name="lineEndings[./java/src/jmri/util/UtilBundle_de.properties]" classname="jmri.util.FileLineEndingsTest" time="0.001"/>
  <testcase name="lineEndings[./java/src/jmri/util/UtilBundle_fr.properties]" classname="jmri.util.FileLineEndingsTest" time="0"/>
  <testcase name="lineEndings[./java/src/jmri/util/UtilBundle_it.properties]" classname="jmri.util.FileLineEndingsTest" time="0"/>
  <testcase name="lineEndings[./java/src/jmri/util/UtilBundle_cs.properties]" classname="jmri.util.FileLineEndingsTest" time="0.001"/>
  <testcase name="lineEndings[./java/src/jmri/NamedBeanBundle_fr.properties]" classname="jmri.util.FileLineEndingsTest" time="0.001"/>
  <testcase name="lineEndings[./java/src/jmri/jmris/simpleserver/SimpleServerBundle_da.properties]" classname="jmri.util.FileLineEndingsTest" time="0"/>
  <testcase name="lineEndings[./java/src/jmri/jmris/simpleserver/SimpleServerBundle_it.properties]" classname="jmri.util.FileLineEndingsTest" time="0.001"/>
  <testcase name="lineEndings[./java/src/jmri/jmris/simpleserver/SimpleServerBundle_cs.properties]" classname="jmri.util.FileLineEndingsTest" time="0.001"/>
  <testcase name="lineEndings[./java/src/jmri/jmris/simpleserver/SimpleServerBundle.properties]" classname="jmri.util.FileLineEndingsTest" time="0.001"/>
  <testcase name="lineEndings[./java/src/jmri/jmris/simpleserver/SimpleServerBundle_ca.properties]" classname="jmri.util.FileLineEndingsTest" time="0"/>
  <testcase name="lineEndings[./java/src/jmri/jmris/simpleserver/SimpleServerBundle_de.properties]" classname="jmri.util.FileLineEndingsTest" time="0.001"/>
  <testcase name="lineEndings[./java/src/jmri/jmris/simpleserver/SimpleServerBundle_fr.properties]" classname="jmri.util.FileLineEndingsTest" time="0.001"/>
  <testcase name="lineEndings[./java/src/jmri/jmris/srcp/JmriSRCPServerBundle_fr.properties]" classname="jmri.util.FileLineEndingsTest" time="0.001"/>
  <testcase name="lineEndings[./java/src/jmri/jmris/srcp/JmriSRCPServerBundle_ca.properties]" classname="jmri.util.FileLineEndingsTest" time="0.001"/>
  <testcase name="lineEndings[./java/src/jmri/jmris/srcp/JmriSRCPServerBundle_cs.properties]" classname="jmri.util.FileLineEndingsTest" time="0"/>
  <testcase name="lineEndings[./java/src/jmri/jmris/srcp/JmriSRCPServerBundle.properties]" classname="jmri.util.FileLineEndingsTest" time="0.001"/>
  <testcase name="lineEndings[./java/src/jmri/jmris/srcp/JmriSRCPServerBundle_da.properties]" classname="jmri.util.FileLineEndingsTest" time="0.001"/>
  <testcase name="lineEndings[./java/src/jmri/jmris/srcp/JmriSRCPServerBundle_de.properties]" classname="jmri.util.FileLineEndingsTest" time="0.001"/>
  <testcase name="lineEndings[./java/src/jmri/jmris/srcp/JmriSRCPServerBundle_it.properties]" classname="jmri.util.FileLineEndingsTest" time="0"/>
  <testcase name="lineEndings[./java/src/jmri/jmris/json/Bundle_it.properties]" classname="jmri.util.FileLineEndingsTest" time="0.001"/>
  <testcase name="lineEndings[./java/src/jmri/jmris/json/Bundle_da.properties]" classname="jmri.util.FileLineEndingsTest" time="0.001"/>
  <testcase name="lineEndings[./java/src/jmri/jmris/json/Bundle_de.properties]" classname="jmri.util.FileLineEndingsTest" time="0.001"/>
  <testcase name="lineEndings[./java/src/jmri/jmris/json/Bundle_fr.properties]" classname="jmri.util.FileLineEndingsTest" time="0"/>
  <testcase name="lineEndings[./java/src/jmri/jmris/json/Bundle_ca.properties]" classname="jmri.util.FileLineEndingsTest" time="0.001"/>
  <testcase name="lineEndings[./java/src/jmri/jmris/json/Bundle.properties]" classname="jmri.util.FileLineEndingsTest" time="0.001"/>
  <testcase name="lineEndings[./java/src/jmri/jmris/json/Bundle_cs.properties]" classname="jmri.util.FileLineEndingsTest" time="0.001"/>
  <testcase name="lineEndings[./java/src/jmri/jmris/JmriServerBundle_fr.properties]" classname="jmri.util.FileLineEndingsTest" time="0"/>
  <testcase name="lineEndings[./java/src/jmri/jmris/JmriServerBundle_it.properties]" classname="jmri.util.FileLineEndingsTest" time="0.001"/>
  <testcase name="lineEndings[./java/src/jmri/jmris/JmriServerBundle.properties]" classname="jmri.util.FileLineEndingsTest" time="0.001"/>
  <testcase name="lineEndings[./java/src/jmri/jmris/JmriServerBundle_de.properties]" classname="jmri.util.FileLineEndingsTest" time="0"/>
  <testcase name="lineEndings[./java/src/jmri/jmris/JmriServerBundle_da.properties]" classname="jmri.util.FileLineEndingsTest" time="0.001"/>
  <testcase name="lineEndings[./java/src/jmri/jmris/JmriServerBundle_ca.properties]" classname="jmri.util.FileLineEndingsTest" time="0.001"/>
  <testcase name="lineEndings[./java/src/jmri/jmris/JmriServerBundle_nl.properties]" classname="jmri.util.FileLineEndingsTest" time="0.001"/>
  <testcase name="lineEndings[./java/src/jmri/jmris/JmriServerBundle_cs.properties]" classname="jmri.util.FileLineEndingsTest" time="0"/>
  <testcase name="lineEndings[./java/src/jmri/profile/Bundle.properties]" classname="jmri.util.FileLineEndingsTest" time="0.001"/>
  <testcase name="lineEndings[./java/src/jmri/profile/Bundle_de.properties]" classname="jmri.util.FileLineEndingsTest" time="0.001"/>
  <testcase name="lineEndings[./java/src/jmri/profile/Bundle_ca.properties]" classname="jmri.util.FileLineEndingsTest" time="0.001"/>
  <testcase name="lineEndings[./java/src/jmri/profile/Bundle_nl.properties]" classname="jmri.util.FileLineEndingsTest" time="0"/>
  <testcase name="lineEndings[./java/src/jmri/profile/Bundle_da.properties]" classname="jmri.util.FileLineEndingsTest" time="0.001"/>
  <testcase name="lineEndings[./java/src/jmri/profile/Bundle_it.properties]" classname="jmri.util.FileLineEndingsTest" time="0.001"/>
  <testcase name="lineEndings[./java/src/jmri/profile/Bundle_cs.properties]" classname="jmri.util.FileLineEndingsTest" time="0.001"/>
  <testcase name="lineEndings[./java/src/jmri/profile/Bundle_fr.properties]" classname="jmri.util.FileLineEndingsTest" time="0"/>
  <testcase name="lineEndings[./java/src/jmri/NamedBeanBundle_cs.properties]" classname="jmri.util.FileLineEndingsTest" time="0.001"/>
  <testcase name="lineEndings[./java/src/jmri/script/Bundle_de.properties]" classname="jmri.util.FileLineEndingsTest" time="0.001"/>
  <testcase name="lineEndings[./java/src/jmri/script/Bundle_nl.properties]" classname="jmri.util.FileLineEndingsTest" time="0.001"/>
  <testcase name="lineEndings[./java/src/jmri/script/Bundle_fr.properties]" classname="jmri.util.FileLineEndingsTest" time="0"/>
  <testcase name="lineEndings[./java/src/jmri/script/Bundle_cs.properties]" classname="jmri.util.FileLineEndingsTest" time="0.001"/>
  <testcase name="lineEndings[./java/src/jmri/script/Bundle_ca.properties]" classname="jmri.util.FileLineEndingsTest" time="0.001"/>
  <testcase name="lineEndings[./java/src/jmri/script/Bundle.properties]" classname="jmri.util.FileLineEndingsTest" time="0.001"/>
  <testcase name="lineEndings[./java/src/jmri/NamedBeanBundle_nl.properties]" classname="jmri.util.FileLineEndingsTest" time="0"/>
  <testcase name="lineEndings[./java/src/jmri/NamedBeanBundle_ca.properties]" classname="jmri.util.FileLineEndingsTest" time="0.001"/>
  <testcase name="lineEndings[./java/src/jmri/NamedBeanBundle_es.properties]" classname="jmri.util.FileLineEndingsTest" time="0.001"/>
  <testcase name="lineEndings[./java/src/jmri/NamedBeanBundle_it.properties]" classname="jmri.util.FileLineEndingsTest" time="0.001"/>
  <testcase name="lineEndings[./java/src/jmri/NamedBeanBundle_da.properties]" classname="jmri.util.FileLineEndingsTest" time="0"/>
  <testcase name="lineEndings[./java/src/jmri/NamedBeanBundle_ja_JP.properties]" classname="jmri.util.FileLineEndingsTest" time="0.001"/>
  <testcase name="lineEndings[./java/src/jmri/NamedBeanBundle_sv.properties]" classname="jmri.util.FileLineEndingsTest" time="0.001"/>
  <testcase name="lineEndings[./java/src/jmri/NamedBeanBundle_ja.properties]" classname="jmri.util.FileLineEndingsTest" time="0.001"/>
  <testcase name="lineEndings[./java/src/jmri/NamedBeanBundle_en_GB.properties]" classname="jmri.util.FileLineEndingsTest" time="0"/>
  <testcase name="lineEndings[./java/src/jmri/NamedBeanBundle_de.properties]" classname="jmri.util.FileLineEndingsTest" time="0.001"/>
  <testcase name="lineEndings[./java/src/apps/configurexml/Bundle.properties]" classname="jmri.util.FileLineEndingsTest" time="0.001"/>
  <testcase name="lineEndings[./java/src/apps/ActionListCoreBundle_nl.properties]" classname="jmri.util.FileLineEndingsTest" time="0.001"/>
  <testcase name="lineEndings[./java/src/apps/startup/Bundle_ca.properties]" classname="jmri.util.FileLineEndingsTest" time="0"/>
  <testcase name="lineEndings[./java/src/apps/startup/Bundle_da.properties]" classname="jmri.util.FileLineEndingsTest" time="0.001"/>
  <testcase name="lineEndings[./java/src/apps/startup/Bundle_cs.properties]" classname="jmri.util.FileLineEndingsTest" time="0.001"/>
  <testcase name="lineEndings[./java/src/apps/startup/Bundle_nl.properties]" classname="jmri.util.FileLineEndingsTest" time="0.001"/>
  <testcase name="lineEndings[./java/src/apps/startup/Bundle.properties]" classname="jmri.util.FileLineEndingsTest" time="0"/>
  <testcase name="lineEndings[./java/src/apps/startup/Bundle_de.properties]" classname="jmri.util.FileLineEndingsTest" time="0.001"/>
  <testcase name="lineEndings[./java/src/apps/ActionListCoreBundle_fr.properties]" classname="jmri.util.FileLineEndingsTest" time="0.001"/>
  <testcase name="lineEndings[./java/src/apps/ActionListBundle_nl.properties]" classname="jmri.util.FileLineEndingsTest" time="0"/>
  <testcase name="lineEndings[./java/src/apps/ActionListCoreBundle.properties]" classname="jmri.util.FileLineEndingsTest" time="0.001"/>
  <testcase name="lineEndings[./java/src/apps/gui3/dp3/Bundle_fr.properties]" classname="jmri.util.FileLineEndingsTest" time="0.001"/>
  <testcase name="lineEndings[./java/src/apps/gui3/dp3/Bundle_nl.properties]" classname="jmri.util.FileLineEndingsTest" time="0.001"/>
  <testcase name="lineEndings[./java/src/apps/gui3/dp3/DecoderPro3ActionListBundle_da.properties]" classname="jmri.util.FileLineEndingsTest" time="0"/>
  <testcase name="lineEndings[./java/src/apps/gui3/dp3/DecoderPro3ActionListBundle.properties]" classname="jmri.util.FileLineEndingsTest" time="0.001"/>
  <testcase name="lineEndings[./java/src/apps/gui3/dp3/Bundle_de.properties]" classname="jmri.util.FileLineEndingsTest" time="0.001"/>
  <testcase name="lineEndings[./java/src/apps/gui3/dp3/DecoderPro3ActionListBundle_cs.properties]" classname="jmri.util.FileLineEndingsTest" time="0.001"/>
  <testcase name="lineEndings[./java/src/apps/gui3/dp3/Bundle.properties]" classname="jmri.util.FileLineEndingsTest" time="0"/>
  <testcase name="lineEndings[./java/src/apps/gui3/dp3/DecoderPro3ActionListBundle_nl.properties]" classname="jmri.util.FileLineEndingsTest" time="0.001"/>
  <testcase name="lineEndings[./java/src/apps/gui3/dp3/Bundle_it.properties]" classname="jmri.util.FileLineEndingsTest" time="0.001"/>
  <testcase name="lineEndings[./java/src/apps/gui3/dp3/Bundle_da.properties]" classname="jmri.util.FileLineEndingsTest" time="0.001"/>
  <testcase name="lineEndings[./java/src/apps/gui3/dp3/DecoderPro3ActionListBundle_fr.properties]" classname="jmri.util.FileLineEndingsTest" time="0"/>
  <testcase name="lineEndings[./java/src/apps/gui3/dp3/Bundle_cs.properties]" classname="jmri.util.FileLineEndingsTest" time="0.001"/>
  <testcase name="lineEndings[./java/src/apps/gui3/dp3/DecoderPro3ActionListBundle_de.properties]" classname="jmri.util.FileLineEndingsTest" time="0.001"/>
  <testcase name="lineEndings[./java/src/apps/gui3/dp3/DecoderPro3ActionListBundle_it.properties]" classname="jmri.util.FileLineEndingsTest" time="0.001"/>
  <testcase name="lineEndings[./java/src/apps/ActionListBundle.properties]" classname="jmri.util.FileLineEndingsTest" time="0"/>
  <testcase name="lineEndings[./java/src/apps/AppsBundle.properties]" classname="jmri.util.FileLineEndingsTest" time="0.001"/>
  <testcase name="lineEndings[./java/src/apps/ActionListCoreBundle_es.properties]" classname="jmri.util.FileLineEndingsTest" time="0.001"/>
  <testcase name="lineEndings[./java/src/apps/AppsConfigBundle_en_GB.properties]" classname="jmri.util.FileLineEndingsTest" time="0"/>
  <testcase name="lineEndings[./java/src/apps/AppsBundle_de.properties]" classname="jmri.util.FileLineEndingsTest" time="0.001"/>
  <testcase name="lineEndings[./java/src/apps/AppsConfigBundle_nl.properties]" classname="jmri.util.FileLineEndingsTest" time="0.001"/>
  <testcase name="lineEndings[./java/src/apps/AppsStructureBundle.properties]" classname="jmri.util.FileLineEndingsTest" time="0.001"/>
  <testcase name="lineEndings[./java/src/apps/ActionListCoreBundle_da.properties]" classname="jmri.util.FileLineEndingsTest" time="0"/>
  <testcase name="lineEndings[./java/src/apps/ActionListBundle_es.properties]" classname="jmri.util.FileLineEndingsTest" time="0.001"/>
  <testcase name="lineEndings[./java/src/apps/ActionListCoreBundle_ja.properties]" classname="jmri.util.FileLineEndingsTest" time="0.001"/>
  <testcase name="lineEndings[./java/src/apps/ActionListCoreBundle_it.properties]" classname="jmri.util.FileLineEndingsTest" time="0.001"/>
  <testcase name="lineEndings[./java/src/apps/ActionListCoreBundle_ja_JP.properties]" classname="jmri.util.FileLineEndingsTest" time="0"/>
  <testcase name="lineEndings[./java/src/apps/ActionListBundle_it.properties]" classname="jmri.util.FileLineEndingsTest" time="0.001"/>
  <testcase name="lineEndings[./java/src/apps/AppsConfigBundle_de.properties]" classname="jmri.util.FileLineEndingsTest" time="0.001"/>
  <testcase name="lineEndings[./java/src/apps/AppsBundle_en_GB.properties]" classname="jmri.util.FileLineEndingsTest" time="0.001"/>
  <testcase name="lineEndings[./java/src/apps/ActionListBundle_ja.properties]" classname="jmri.util.FileLineEndingsTest" time="0"/>
  <testcase name="lineEndings[./java/src/apps/AppsBundle_da.properties]" classname="jmri.util.FileLineEndingsTest" time="0.001"/>
  <testcase name="lineEndings[./java/src/apps/AppsBundle_it.properties]" classname="jmri.util.FileLineEndingsTest" time="0.001"/>
  <testcase name="lineEndings[./java/src/apps/ActionListBundle_ja_JP.properties]" classname="jmri.util.FileLineEndingsTest" time="0.001"/>
  <testcase name="lineEndings[./java/src/apps/ActionListBundle_da.properties]" classname="jmri.util.FileLineEndingsTest" time="0"/>
  <testcase name="lineEndings[./java/src/apps/AppsBundle_nl.properties]" classname="jmri.util.FileLineEndingsTest" time="0.001"/>
  <testcase name="lineEndings[./java/src/apps/AppsConfigBundle_es.properties]" classname="jmri.util.FileLineEndingsTest" time="0.001"/>
  <testcase name="lineEndings[./java/src/apps/AppsConfigBundle_it.properties]" classname="jmri.util.FileLineEndingsTest" time="0"/>
  <testcase name="lineEndings[./java/src/apps/AppsBundle_fr.properties]" classname="jmri.util.FileLineEndingsTest" time="0.001"/>
  <testcase name="lineEndings[./java/src/apps/ActionListCoreBundle_cs.properties]" classname="jmri.util.FileLineEndingsTest" time="0.001"/>
  <testcase name="lineEndings[./java/src/apps/AppsConfigBundle.properties]" classname="jmri.util.FileLineEndingsTest" time="0.001"/>
  <testcase name="lineEndings[./java/src/apps/ActionListCoreBundle_ca.properties]" classname="jmri.util.FileLineEndingsTest" time="0"/>
  <testcase name="lineEndings[./java/src/apps/ActionListBundle_de.properties]" classname="jmri.util.FileLineEndingsTest" time="0.001"/>
  <testcase name="lineEndings[./java/src/apps/AppsBundle_es.properties]" classname="jmri.util.FileLineEndingsTest" time="0.001"/>
  <testcase name="lineEndings[./java/src/apps/AppsBundle_cs.properties]" classname="jmri.util.FileLineEndingsTest" time="0.001"/>
  <testcase name="lineEndings[./java/src/apps/AppsConfigBundle_ca.properties]" classname="jmri.util.FileLineEndingsTest" time="0"/>
  <testcase name="lineEndings[./java/src/apps/AppsConfigBundle_cs.properties]" classname="jmri.util.FileLineEndingsTest" time="0.001"/>
  <testcase name="lineEndings[./java/src/apps/AppsConfigBundle_da.properties]" classname="jmri.util.FileLineEndingsTest" time="0.001"/>
  <testcase name="lineEndings[./java/src/apps/ActionListBundle_cs.properties]" classname="jmri.util.FileLineEndingsTest" time="0.001"/>
  <testcase name="lineEndings[./java/src/apps/ActionListBundle_ca.properties]" classname="jmri.util.FileLineEndingsTest" time="0"/>
  <testcase name="lineEndings[./java/src/apps/ActionListCoreBundle_de.properties]" classname="jmri.util.FileLineEndingsTest" time="0.001"/>
  <testcase name="lineEndings[./java/src/apps/AppsBundle_ca.properties]" classname="jmri.util.FileLineEndingsTest" time="0.001"/>
  <testcase name="lineEndings[./java/src/apps/AppsBundle_ja.properties]" classname="jmri.util.FileLineEndingsTest" time="0.001"/>
  <testcase name="lineEndings[./java/src/apps/ActionListBundle_fr.properties]" classname="jmri.util.FileLineEndingsTest" time="0"/>
  <testcase name="lineEndings[./java/src/apps/AppsConfigBundle_fr.properties]" classname="jmri.util.FileLineEndingsTest" time="0.001"/>
  <testcase name="lineEndings[./java/src/apps/AppsBundle_ja_JP.properties]" classname="jmri.util.FileLineEndingsTest" time="0.001"/>
  <testcase name="lineEndings[./java/src/apps/AppsConfigBundle_ja_JP.properties]" classname="jmri.util.FileLineEndingsTest" time="0.001"/>
  <testcase name="lineEndings[./java/src/javax.usb.properties]" classname="jmri.util.FileLineEndingsTest" time="0"/>
  <testcase name="lineEndings[./java/test/apps/PanelPro/profiles/Grapevine_Simulator/profile/profile.properties]" classname="jmri.util.FileLineEndingsTest" time="0.001"/>
  <testcase name="lineEndings[./java/test/apps/PanelPro/profiles/Prevent_Init_Loop/profile/profile.properties]" classname="jmri.util.FileLineEndingsTest" time="0.001"/>
  <testcase name="lineEndings[./java/test/apps/PanelPro/profiles/Prevent_Init_Loop/profile.properties]" classname="jmri.util.FileLineEndingsTest" time="0.001"/>
  <testcase name="lineEndings[./java/test/apps/PanelPro/profiles/Sprog_Simulator/profile/profile.properties]" classname="jmri.util.FileLineEndingsTest" time="0"/>
  <testcase name="lineEndings[./java/test/apps/PanelPro/profiles/LocoNet_Simulator/profile/profile.properties]" classname="jmri.util.FileLineEndingsTest" time="0.001"/>
  <testcase name="lineEndings[./java/test/apps/PanelPro/profiles/LocoNet_Simulator/profile.properties]" classname="jmri.util.FileLineEndingsTest" time="0.001"/>
  <testcase name="lineEndings[./java/test/apps/PanelPro/profiles/EasyDcc_Simulator/profile/profile.properties]" classname="jmri.util.FileLineEndingsTest" time="0.001"/>
  <testcase name="lineEndings[./java/test/apps/PanelPro/profiles/TMCC_Simulator/profile/profile.properties]" classname="jmri.util.FileLineEndingsTest" time="0"/>
  <testcase name="lineEndings[./java/test/jmri/util/i18n_known_errors.properties]" classname="jmri.util.FileLineEndingsTest" time="0.001"/>
  <testcase name="lineEndings[./java/test/jmri/profile/samples/ln-simulator/profile/profile.properties]" classname="jmri.util.FileLineEndingsTest" time="0.001"/>
  <testcase name="lineEndings[./java/test/junit/runner/excluded.properties]" classname="jmri.util.FileLineEndingsTest" time="0.001"/>
  <testcase name="lineEndings[./java/maven-template/jmri/Version.properties]" classname="jmri.util.FileLineEndingsTest" time="0"/>
  <testcase name="lineEndings[./java/template/jmri/Version.properties]" classname="jmri.util.FileLineEndingsTest" time="0.001"/>
  <testcase name="lineEndings[./web/app/nbproject/project.properties]" classname="jmri.util.FileLineEndingsTest" time="0.001"/>
  <testcase name="lineEndings[./web/servlet/operations/ManifestStrings_de.properties]" classname="jmri.util.FileLineEndingsTest" time="0.001"/>
  <testcase name="lineEndings[./web/servlet/operations/ManifestStrings_nl.properties]" classname="jmri.util.FileLineEndingsTest" time="0"/>
  <testcase name="lineEndings[./web/servlet/operations/ManifestStrings_cs.properties]" classname="jmri.util.FileLineEndingsTest" time="0.001"/>
  <testcase name="lineEndings[./web/servlet/operations/ManifestStrings.properties]" classname="jmri.util.FileLineEndingsTest" time="0.001"/>
  <testcase name="lineEndings[./scripts/WinInstallFiles/javax.comm.properties]" classname="jmri.util.FileLineEndingsTest" time="0"/>
  <testcase name="lineEndings[./nbproject/project.properties]" classname="jmri.util.FileLineEndingsTest" time="0"/>
  <testcase name="lineEndings[./python.properties]" classname="jmri.util.FileLineEndingsTest" time="0.001"/>
  <testcase name="lineEndings[./release.properties]" classname="jmri.util.FileLineEndingsTest" time="0.001"/>
  <testcase name="lineEndings[./.project]" classname="jmri.util.FileLineEndingsTest" time="0"/>
  <testcase name="lineEndings[./java/test/apps/PanelPro/profiles/Prevent_Init_Loop/jython/FollowJumpingPanel.py]" classname="jmri.util.FileLineEndingsTest" time="0.001"/>
  <testcase name="lineEndings[./java/Translatingscripts/filestruct.py]" classname="jmri.util.FileLineEndingsTest" time="0.001"/>
  <testcase name="lineEndings[./java/Translatingscripts/Testframes.py]" classname="jmri.util.FileLineEndingsTest" time="0.001"/>
  <testcase name="lineEndings[./java/Translatingscripts/textmanager.py]" classname="jmri.util.FileLineEndingsTest" time="0.001"/>
  <testcase name="lineEndings[./java/Translatingscripts/fileitem.py]" classname="jmri.util.FileLineEndingsTest" time="0"/>
  <testcase name="lineEndings[./java/Translatingscripts/singlefile.py]" classname="jmri.util.FileLineEndingsTest" time="0.001"/>
  <testcase name="lineEndings[./java/Translatingscripts/translatefilestructure.py]" classname="jmri.util.FileLineEndingsTest" time="0.001"/>
  <testcase name="lineEndings[./java/Translatingscripts/singlefilestructure.py]" classname="jmri.util.FileLineEndingsTest" time="0.001"/>
  <testcase name="lineEndings[./java/Translatingscripts/Property_File_Error.py]" classname="jmri.util.FileLineEndingsTest" time="0"/>
  <testcase name="lineEndings[./java/Translatingscripts/directorymanager.py]" classname="jmri.util.FileLineEndingsTest" time="0.001"/>
  <testcase name="lineEndings[./jython/cabsignaller.py]" classname="jmri.util.FileLineEndingsTest" time="0.001"/>
  <testcase name="lineEndings[./jython/PowerOn.py]" classname="jmri.util.FileLineEndingsTest" time="0"/>
  <testcase name="lineEndings[./jython/NumberInput.py]" classname="jmri.util.FileLineEndingsTest" time="0.001"/>
  <testcase name="lineEndings[./jython/AD4OnOff.py]" classname="jmri.util.FileLineEndingsTest" time="0.001"/>
  <testcase name="lineEndings[./jython/ThrottleBridge.py]" classname="jmri.util.FileLineEndingsTest" time="0.001"/>
  <testcase name="lineEndings[./jython/SetRouteExample.py]" classname="jmri.util.FileLineEndingsTest" time="0"/>
  <testcase name="lineEndings[./jython/BlockLister.py]" classname="jmri.util.FileLineEndingsTest" time="0.001"/>
  <testcase name="lineEndings[./jython/ThrottleFunctionForTurnout.py]" classname="jmri.util.FileLineEndingsTest" time="0.001"/>
  <testcase name="lineEndings[./jython/FileLogging.py]" classname="jmri.util.FileLineEndingsTest" time="0.001"/>
  <testcase name="lineEndings[./jython/CmriNodeMonitor.py]" classname="jmri.util.FileLineEndingsTest" time="0"/>
  <testcase name="lineEndings[./jython/BackAndForthWithMidStop.py]" classname="jmri.util.FileLineEndingsTest" time="0.001"/>
  <testcase name="lineEndings[./jython/javaone/signalstop.py]" classname="jmri.util.FileLineEndingsTest" time="0.001"/>
  <testcase name="lineEndings[./jython/javaone/clear.py]" classname="jmri.util.FileLineEndingsTest" time="0.001"/>
  <testcase name="lineEndings[./jython/javaone/memorytracker.py]" classname="jmri.util.FileLineEndingsTest" time="0"/>
  <testcase name="lineEndings[./jython/javaone/warn.py]" classname="jmri.util.FileLineEndingsTest" time="0.001"/>
  <testcase name="lineEndings[./jython/javaone/blocksetup.py]" classname="jmri.util.FileLineEndingsTest" time="0.001"/>
  <testcase name="lineEndings[./jython/javaone/initlocation.py]" classname="jmri.util.FileLineEndingsTest" time="0"/>
  <testcase name="lineEndings[./jython/javaone/passingrule.py]" classname="jmri.util.FileLineEndingsTest" time="0.001"/>
  <testcase name="lineEndings[./jython/javaone/pulloverrule.py]" classname="jmri.util.FileLineEndingsTest" time="0.001"/>
  <testcase name="lineEndings[./jython/javaone/startstop.py]" classname="jmri.util.FileLineEndingsTest" time="0.001"/>
  <testcase name="lineEndings[./jython/javaone/speedo.py]" classname="jmri.util.FileLineEndingsTest" time="0"/>
  <testcase name="lineEndings[./jython/javaone/doublestoprule.py]" classname="jmri.util.FileLineEndingsTest" time="0.001"/>
  <testcase name="lineEndings[./jython/javaone/setup.py]" classname="jmri.util.FileLineEndingsTest" time="0.001"/>
  <testcase name="lineEndings[./jython/javaone/throttles.py]" classname="jmri.util.FileLineEndingsTest" time="0.001"/>
  <testcase name="lineEndings[./jython/serialinput/SerialPortDevice.py]" classname="jmri.util.FileLineEndingsTest" time="0"/>
  <testcase name="lineEndings[./jython/serialinput/SerialPortThrottle.py]" classname="jmri.util.FileLineEndingsTest" time="0.001"/>
  <testcase name="lineEndings[./jython/Jynstruments/ThrottleWindowToolBar/USBThrottle.jyn/PLAYSTATIONR3Controller.py]" classname="jmri.util.FileLineEndingsTest" time="0.001"/>
  <testcase name="lineEndings[./jython/Jynstruments/ThrottleWindowToolBar/USBThrottle.jyn/XBCDXBoxGamepad.py]" classname="jmri.util.FileLineEndingsTest" time="0.001"/>
  <testcase name="lineEndings[./jython/Jynstruments/ThrottleWindowToolBar/USBThrottle.jyn/LogitechCordlessRumblePad2.py]" classname="jmri.util.FileLineEndingsTest" time="0"/>
  <testcase name="lineEndings[./jython/Jynstruments/ThrottleWindowToolBar/USBThrottle.jyn/USBThrottle.py]" classname="jmri.util.FileLineEndingsTest" time="0.001"/>
  <testcase name="lineEndings[./jython/Jynstruments/ThrottleWindowToolBar/USBThrottle.jyn/LogitechDualAction.py]" classname="jmri.util.FileLineEndingsTest" time="0.001"/>
  <testcase name="lineEndings[./jython/Jynstruments/ThrottleWindowToolBar/USBThrottle.jyn/USBClassicGamepad2.py]" classname="jmri.util.FileLineEndingsTest" time="0.001"/>
  <testcase name="lineEndings[./jython/Jynstruments/ThrottleWindowToolBar/USBThrottle.jyn/Default.py]" classname="jmri.util.FileLineEndingsTest" time="0.001"/>
  <testcase name="lineEndings[./jython/Jynstruments/ThrottleWindowToolBar/USBThrottle.jyn/RailDriverModernDesktop.py]" classname="jmri.util.FileLineEndingsTest" time="0"/>
  <testcase name="lineEndings[./jython/Jynstruments/ThrottleWindowToolBar/USBThrottle.jyn/Thrustmasterdualanalog32.py]" classname="jmri.util.FileLineEndingsTest" time="0.001"/>
  <testcase name="lineEndings[./jython/Jynstruments/ThrottleWindowToolBar/USBThrottle.jyn/AppleKeyboard.py]" classname="jmri.util.FileLineEndingsTest" time="0.001"/>
  <testcase name="lineEndings[./jython/Jynstruments/ThrottleWindowToolBar/USBThrottle.jyn/AAR105ControlStand.py]" classname="jmri.util.FileLineEndingsTest" time="0.001"/>
  <testcase name="lineEndings[./jython/Jynstruments/ThrottleWindowToolBar/WiimoteThrottle.jyn/WiimoteThrottle.py]" classname="jmri.util.FileLineEndingsTest" time="0"/>
  <testcase name="lineEndings[./jython/Jynstruments/ThrottleWindowToolBar/WiimoteThrottle2.jyn/WiimoteThrottle2.py]" classname="jmri.util.FileLineEndingsTest" time="0.001"/>
  <testcase name="lineEndings[./jython/Jynstruments/ThrottleWindowToolBar/DCCThrottle.jyn/DCCThrottle.py]" classname="jmri.util.FileLineEndingsTest" time="0.001"/>
  <testcase name="lineEndings[./jython/Jynstruments/Test.jyn/Test.py]" classname="jmri.util.FileLineEndingsTest" time="0.001"/>
  <testcase name="lineEndings[./jython/Jynstruments/Launchers/Throttles.jyn/Throttles.py]" classname="jmri.util.FileLineEndingsTest" time="0"/>
  <testcase name="lineEndings[./jython/Jynstruments/Launchers/DecoderPro.jyn/DecoderPro.py]" classname="jmri.util.FileLineEndingsTest" time="0.001"/>
  <testcase name="lineEndings[./jython/Jynstruments/ThrottleFrame/Direction.jyn/Direction.py]" classname="jmri.util.FileLineEndingsTest" time="0.001"/>
  <testcase name="lineEndings[./jython/Jynstruments/ThrottleFrame/RosterImage.jyn/RosterImage.py]" classname="jmri.util.FileLineEndingsTest" time="0.001"/>
  <testcase name="lineEndings[./jython/Jynstruments/ThrottleFrame/Bell.jyn/Bell.py]" classname="jmri.util.FileLineEndingsTest" time="0"/>
  <testcase name="lineEndings[./jython/Jynstruments/ThrottleFrame/Light.jyn/Light.py]" classname="jmri.util.FileLineEndingsTest" time="0.001"/>
  <testcase name="lineEndings[./jython/Jynstruments/ThrottleFrame/VideoView.jyn/VideoView.py]" classname="jmri.util.FileLineEndingsTest" time="0.001"/>
  <testcase name="lineEndings[./jython/Jynstruments/ThrottleFrame/EStop.jyn/EStop.py]" classname="jmri.util.FileLineEndingsTest" time="0.001"/>
  <testcase name="lineEndings[./jython/Jynstruments/ThrottleFrame/SoundOnF8.jyn/SoundOnF8.py]" classname="jmri.util.FileLineEndingsTest" time="0"/>
  <testcase name="lineEndings[./jython/Jynstruments/ThrottleFrame/SoundOn2xF0.jyn/SoundOn2xF0.py]" classname="jmri.util.FileLineEndingsTest" time="0.001"/>
  <testcase name="lineEndings[./jython/Jynstruments/ThrottleFrame/Horn.jyn/Horn.py]" classname="jmri.util.FileLineEndingsTest" time="0.001"/>
  <testcase name="lineEndings[./jython/AlarmClock.py]" classname="jmri.util.FileLineEndingsTest" time="0.001"/>
  <testcase name="lineEndings[./jython/LocoTest.py]" classname="jmri.util.FileLineEndingsTest" time="0.001"/>
  <testcase name="lineEndings[./jython/XBeeSystemAutoConnectTest.py]" classname="jmri.util.FileLineEndingsTest" time="0"/>
  <testcase name="lineEndings[./jython/PanelPro.py]" classname="jmri.util.FileLineEndingsTest" time="0.001"/>
  <testcase name="lineEndings[./jython/HoldSignalForSensor.py]" classname="jmri.util.FileLineEndingsTest" time="0.001"/>
  <testcase name="lineEndings[./jython/operations/OperationsOpenTimetableWindow.py]" classname="jmri.util.FileLineEndingsTest" time="0.001"/>
  <testcase name="lineEndings[./jython/operations/OperationsRemoveCarKernels.py]" classname="jmri.util.FileLineEndingsTest" time="0"/>
  <testcase name="lineEndings[./jython/operations/OperationsReplaceCarLoads.py]" classname="jmri.util.FileLineEndingsTest" time="0.001"/>
  <testcase name="lineEndings[./jython/operations/OperationsBuildAndTerminateTrain.py]" classname="jmri.util.FileLineEndingsTest" time="0.001"/>
  <testcase name="lineEndings[./jython/operations/OperationsMoveTrain.py]" classname="jmri.util.FileLineEndingsTest" time="0.001"/>
  <testcase name="lineEndings[./jython/operations/OperationsTrainWindow.py]" classname="jmri.util.FileLineEndingsTest" time="0"/>
  <testcase name="lineEndings[./jython/operations/OperationsAssignUnitsToFlatcars.py]" classname="jmri.util.FileLineEndingsTest" time="0.001"/>
  <testcase name="lineEndings[./jython/operations/OperationsListenersAllTrains.py]" classname="jmri.util.FileLineEndingsTest" time="0.001"/>
  <testcase name="lineEndings[./jython/operations/OperationsDeselectBuild.py]" classname="jmri.util.FileLineEndingsTest" time="0.001"/>
  <testcase name="lineEndings[./jython/operations/OperationsWaitCarsAfterBuildingTrain.py]" classname="jmri.util.FileLineEndingsTest" time="0"/>
  <testcase name="lineEndings[./jython/operations/OperationsTerminateTrains.py]" classname="jmri.util.FileLineEndingsTest" time="0.001"/>
  <testcase name="lineEndings[./jython/operations/OperationsResetTrainColor.py]" classname="jmri.util.FileLineEndingsTest" time="0.001"/>
  <testcase name="lineEndings[./jython/test/RosterCsvExportTest.py]" classname="jmri.util.FileLineEndingsTest" time="0.001"/>
  <testcase name="lineEndings[./jython/test/ChangePanelFontTest.py]" classname="jmri.util.FileLineEndingsTest" time="0"/>
  <testcase name="lineEndings[./jython/test/JButtonActionExampleTest.py]" classname="jmri.util.FileLineEndingsTest" time="0.001"/>
  <testcase name="lineEndings[./jython/test/jmri_bindings_test.py]" classname="jmri.util.FileLineEndingsTest" time="0.001"/>
  <testcase name="lineEndings[./jython/test/TwoColumnMachineTest.py]" classname="jmri.util.FileLineEndingsTest" time="0"/>
  <testcase name="lineEndings[./jython/test/CmriNodeMonitorTest.py]" classname="jmri.util.FileLineEndingsTest" time="0.001"/>
  <testcase name="lineEndings[./jython/test/SensorGroupAutoItemTest.py]" classname="jmri.util.FileLineEndingsTest" time="0.001"/>
  <testcase name="lineEndings[./jython/test/SignalMastFollowerTest.py]" classname="jmri.util.FileLineEndingsTest" time="0.001"/>
  <testcase name="lineEndings[./jython/test/ClearFileHistoryTest.py]" classname="jmri.util.FileLineEndingsTest" time="0"/>
  <testcase name="lineEndings[./jython/test/StartLoggingToFileTest.py]" classname="jmri.util.FileLineEndingsTest" time="0.001"/>
  <testcase name="lineEndings[./jython/test/FollowSE8cTest.py]" classname="jmri.util.FileLineEndingsTest" time="0.001"/>
  <testcase name="lineEndings[./jython/test/CombineSensorsTest.py]" classname="jmri.util.FileLineEndingsTest" time="0.001"/>
  <testcase name="lineEndings[./jython/test/CombineTurnoutsTest.py]" classname="jmri.util.FileLineEndingsTest" time="0"/>
  <testcase name="lineEndings[./jython/test/CmriNodeToolTest.py]" classname="jmri.util.FileLineEndingsTest" time="0.001"/>
  <testcase name="lineEndings[./jython/test/SerialPortDeviceTest.py]" classname="jmri.util.FileLineEndingsTest" time="0.001"/>
  <testcase name="lineEndings[./jython/test/AutomatonStopTest.py]" classname="jmri.util.FileLineEndingsTest" time="0"/>
  <testcase name="lineEndings[./jython/test/SignalFollowerTest.py]" classname="jmri.util.FileLineEndingsTest" time="0.001"/>
  <testcase name="lineEndings[./jython/test/TurnOffXmlValidationTest.py]" classname="jmri.util.FileLineEndingsTest" time="0.001"/>
  <testcase name="lineEndings[./jython/test/OpsProgExampleTest.py]" classname="jmri.util.FileLineEndingsTest" time="0.001"/>
  <testcase name="lineEndings[./jython/test/PowerSensorTest.py]" classname="jmri.util.FileLineEndingsTest" time="0"/>
  <testcase name="lineEndings[./jython/test/DebounceSensorTest.py]" classname="jmri.util.FileLineEndingsTest" time="0.001"/>
  <testcase name="lineEndings[./jython/test/SetDefaultDelayedTurnoutDelayTest.py]" classname="jmri.util.FileLineEndingsTest" time="0.001"/>
  <testcase name="lineEndings[./jython/test/NumberInputTest.py]" classname="jmri.util.FileLineEndingsTest" time="0"/>
  <testcase name="lineEndings[./jython/RpsRaceTrack.py]" classname="jmri.util.FileLineEndingsTest" time="0.001"/>
  <testcase name="lineEndings[./jython/JButtonExample.py]" classname="jmri.util.FileLineEndingsTest" time="0.001"/>
  <testcase name="lineEndings[./jython/StartLoggingToFile.py]" classname="jmri.util.FileLineEndingsTest" time="0.001"/>
  <testcase name="lineEndings[./jython/preferences.py]" classname="jmri.util.FileLineEndingsTest" time="0"/>
  <testcase name="lineEndings[./jython/RobotThrottle3.py]" classname="jmri.util.FileLineEndingsTest" time="0.001"/>
  <testcase name="lineEndings[./jython/Zimo_pseudo_programmer.py]" classname="jmri.util.FileLineEndingsTest" time="0.001"/>
  <testcase name="lineEndings[./jython/XNetListenerExample.py]" classname="jmri.util.FileLineEndingsTest" time="0.001"/>
  <testcase name="lineEndings[./jython/AAR105.py]" classname="jmri.util.FileLineEndingsTest" time="0.001"/>
  <testcase name="lineEndings[./jython/jmri_defaults.py]" classname="jmri.util.FileLineEndingsTest" time="0"/>
  <testcase name="lineEndings[./jython/AutoDispatcher2.py]" classname="jmri.util.FileLineEndingsTest" time="0.002"/>
  <testcase name="lineEndings[./jython/SendReceiveLocoNetPeerXfrMessage.py]" classname="jmri.util.FileLineEndingsTest" time="0.001"/>
  <testcase name="lineEndings[./jython/SampleWriteRosterAttribute.py]" classname="jmri.util.FileLineEndingsTest" time="0.001"/>
  <testcase name="lineEndings[./jython/LocoSelectorDropBox.py]" classname="jmri.util.FileLineEndingsTest" time="0.001"/>
  <testcase name="lineEndings[./jython/DisableLayoutEditorSensorIcon.py]" classname="jmri.util.FileLineEndingsTest" time="0"/>
  <testcase name="lineEndings[./jython/AudioExample.py]" classname="jmri.util.FileLineEndingsTest" time="0.001"/>
  <testcase name="lineEndings[./jython/dccspecialties/programharemaster.py]" classname="jmri.util.FileLineEndingsTest" time="0.001"/>
  <testcase name="lineEndings[./jython/dccspecialties/programwabbitmaster.py]" classname="jmri.util.FileLineEndingsTest" time="0.001"/>
  <testcase name="lineEndings[./jython/dccspecialties/programwabbitmasterrevh.py]" classname="jmri.util.FileLineEndingsTest" time="0"/>
  <testcase name="lineEndings[./jython/dccspecialties/programpsx-and-psx-armaster.py]" classname="jmri.util.FileLineEndingsTest" time="0.001"/>
  <testcase name="lineEndings[./jython/dccspecialties/programblockwatchermaster.py]" classname="jmri.util.FileLineEndingsTest" time="0.001"/>
  <testcase name="lineEndings[./jython/xAPadapter.py]" classname="jmri.util.FileLineEndingsTest" time="0.001"/>
  <testcase name="lineEndings[./jython/DebounceSensor.py]" classname="jmri.util.FileLineEndingsTest" time="0"/>
  <testcase name="lineEndings[./jython/TurntableDCC.py]" classname="jmri.util.FileLineEndingsTest" time="0.001"/>
  <testcase name="lineEndings[./jython/AppleScript.py]" classname="jmri.util.FileLineEndingsTest" time="0.001"/>
  <testcase name="lineEndings[./jython/ClearFileHistory.py]" classname="jmri.util.FileLineEndingsTest" time="0.001"/>
  <testcase name="lineEndings[./jython/InitTurnouts.py]" classname="jmri.util.FileLineEndingsTest" time="0.027"/>
  <testcase name="lineEndings[./jython/PowerOff.py]" classname="jmri.util.FileLineEndingsTest" time="0.001"/>
  <testcase name="lineEndings[./jython/ParallelPortTurnouts.py]" classname="jmri.util.FileLineEndingsTest" time="0.001"/>
  <testcase name="lineEndings[./jython/AutoActiveTrains_Simulator.py]" classname="jmri.util.FileLineEndingsTest" time="0.001"/>
  <testcase name="lineEndings[./jython/IoT/RPi_TcpPeripheral.py]" classname="jmri.util.FileLineEndingsTest" time="0.001"/>
  <testcase name="lineEndings[./jython/IoT/JMRI_TcpPeripheral.py]" classname="jmri.util.FileLineEndingsTest" time="0.001"/>
  <testcase name="lineEndings[./jython/IoT/dummyTcpPeripheral.py]" classname="jmri.util.FileLineEndingsTest" time="0.002"/>
  <testcase name="lineEndings[./jython/IoT/testTcpPeripheral.py]" classname="jmri.util.FileLineEndingsTest" time="0.001"/>
  <testcase name="lineEndings[./jython/InitLocoNetSensors.py]" classname="jmri.util.FileLineEndingsTest" time="0.001"/>
  <testcase name="lineEndings[./jython/ChangePanelFont.py]" classname="jmri.util.FileLineEndingsTest" time="0.001"/>
  <testcase name="lineEndings[./jython/SetAllUnknownSensorsToInactive.py]" classname="jmri.util.FileLineEndingsTest" time="0.001"/>
  <testcase name="lineEndings[./jython/SignalFollower.py]" classname="jmri.util.FileLineEndingsTest" time="0.001"/>
  <testcase name="lineEndings[./jython/OpsProgExample.py]" classname="jmri.util.FileLineEndingsTest" time="0"/>
  <testcase name="lineEndings[./jython/ControlPanel.py]" classname="jmri.util.FileLineEndingsTest" time="0.001"/>
  <testcase name="lineEndings[./jython/AddButton.py]" classname="jmri.util.FileLineEndingsTest" time="0.001"/>
  <testcase name="lineEndings[./jython/ShutDownExample.py]" classname="jmri.util.FileLineEndingsTest" time="0.001"/>
  <testcase name="lineEndings[./jython/CombineTurnouts.py]" classname="jmri.util.FileLineEndingsTest" time="0.001"/>
  <testcase name="lineEndings[./jython/AudioPlayer.py]" classname="jmri.util.FileLineEndingsTest" time="0.001"/>
  <testcase name="lineEndings[./jython/ReporterFormatter.py]" classname="jmri.util.FileLineEndingsTest" time="0.001"/>
  <testcase name="lineEndings[./jython/CanExample.py]" classname="jmri.util.FileLineEndingsTest" time="0.001"/>
  <testcase name="lineEndings[./jython/XBeeRemoteSerialPortTest.py]" classname="jmri.util.FileLineEndingsTest" time="0.001"/>
  <testcase name="lineEndings[./jython/SensorToTurnout.py]" classname="jmri.util.FileLineEndingsTest" time="0.001"/>
  <testcase name="lineEndings[./jython/RocoCrane46800.py]" classname="jmri.util.FileLineEndingsTest" time="0.001"/>
  <testcase name="lineEndings[./jython/ThrottleFunctionForSensor.py]" classname="jmri.util.FileLineEndingsTest" time="0.001"/>
  <testcase name="lineEndings[./jython/BackAndForth.py]" classname="jmri.util.FileLineEndingsTest" time="0.001"/>
  <testcase name="lineEndings[./jython/HeljanCrane.py]" classname="jmri.util.FileLineEndingsTest" time="0.001"/>
  <testcase name="lineEndings[./jython/ReporterOperations.py]" classname="jmri.util.FileLineEndingsTest" time="0.001"/>
  <testcase name="lineEndings[./jython/AutoLayoutPowerOff.py]" classname="jmri.util.FileLineEndingsTest" time="0.001"/>
  <testcase name="lineEndings[./jython/SampleLnStats.py]" classname="jmri.util.FileLineEndingsTest" time="0.001"/>
  <testcase name="lineEndings[./jython/ListenerExample.py]" classname="jmri.util.FileLineEndingsTest" time="0.001"/>
  <testcase name="lineEndings[./jython/MakeOriginalDecoderPro.py]" classname="jmri.util.FileLineEndingsTest" time="0.001"/>
  <testcase name="lineEndings[./jython/AllocateRosterEntryToBlock.py]" classname="jmri.util.FileLineEndingsTest" time="0"/>
  <testcase name="lineEndings[./jython/SetAllTurnoutsClosed.py]" classname="jmri.util.FileLineEndingsTest" time="0.001"/>
  <testcase name="lineEndings[./jython/ctc/TwoColumnMachine.py]" classname="jmri.util.FileLineEndingsTest" time="0.001"/>
  <testcase name="lineEndings[./jython/RobotThrottle.py]" classname="jmri.util.FileLineEndingsTest" time="0.001"/>
  <testcase name="lineEndings[./jython/RobotThrottle2.py]" classname="jmri.util.FileLineEndingsTest" time="0.002"/>
  <testcase name="lineEndings[./jython/PreferencesExamples.py]" classname="jmri.util.FileLineEndingsTest" time="0.001"/>
  <testcase name="lineEndings[./jython/SetAllTurnoutsToDirect.py]" classname="jmri.util.FileLineEndingsTest" time="0"/>
  <testcase name="lineEndings[./jython/SendAccPacket.py]" classname="jmri.util.FileLineEndingsTest" time="0.001"/>
  <testcase name="lineEndings[./jython/RosterLoop.py]" classname="jmri.util.FileLineEndingsTest" time="0.001"/>
  <testcase name="lineEndings[./jython/BlockOccupancyAnnouncer.py]" classname="jmri.util.FileLineEndingsTest" time="0.001"/>
  <testcase name="lineEndings[./jython/USBThrottleAsJynstrument.py]" classname="jmri.util.FileLineEndingsTest" time="0.001"/>
  <testcase name="lineEndings[./jython/ThrottleFunctionForLight.py]" classname="jmri.util.FileLineEndingsTest" time="0.001"/>
  <testcase name="lineEndings[./jython/SetTurnouts.py]" classname="jmri.util.FileLineEndingsTest" time="0.001"/>
  <testcase name="lineEndings[./jython/SampleSound.py]" classname="jmri.util.FileLineEndingsTest" time="0.001"/>
  <testcase name="lineEndings[./jython/LnFindTransponderField.py]" classname="jmri.util.FileLineEndingsTest" time="0.001"/>
  <testcase name="lineEndings[./jython/DisableOpsMode.py]" classname="jmri.util.FileLineEndingsTest" time="0.001"/>
  <testcase name="lineEndings[./jython/USBThrottle.py]" classname="jmri.util.FileLineEndingsTest" time="0"/>
  <testcase name="lineEndings[./jython/JynstrumentMainFrame.py]" classname="jmri.util.FileLineEndingsTest" time="0.001"/>
  <testcase name="lineEndings[./jython/SensorGroupAutoItem.py]" classname="jmri.util.FileLineEndingsTest" time="0.001"/>
  <testcase name="lineEndings[./jython/CmriNodeTool.py]" classname="jmri.util.FileLineEndingsTest" time="0.001"/>
  <testcase name="lineEndings[./jython/MemorySiglet.py]" classname="jmri.util.FileLineEndingsTest" time="0.001"/>
  <testcase name="lineEndings[./jython/jmri_bindings.py]" classname="jmri.util.FileLineEndingsTest" time="0.001"/>
  <testcase name="lineEndings[./jython/SigletExample.py]" classname="jmri.util.FileLineEndingsTest" time="0"/>
  <testcase name="lineEndings[./jython/ThrottleSoundMultiAddress.py]" classname="jmri.util.FileLineEndingsTest" time="0.001"/>
  <testcase name="lineEndings[./jython/PauseForInput.py]" classname="jmri.util.FileLineEndingsTest" time="0.001"/>
  <testcase name="lineEndings[./jython/SensorLog.py]" classname="jmri.util.FileLineEndingsTest" time="0.001"/>
  <testcase name="lineEndings[./jython/PM42forCTC.py]" classname="jmri.util.FileLineEndingsTest" time="0.001"/>
  <testcase name="lineEndings[./jython/RocoCrane46902.py]" classname="jmri.util.FileLineEndingsTest" time="0.001"/>
  <testcase name="lineEndings[./jython/Sensor-sound.py]" classname="jmri.util.FileLineEndingsTest" time="0"/>
  <testcase name="lineEndings[./jython/TurnOffXmlValidation.py]" classname="jmri.util.FileLineEndingsTest" time="0"/>
  <testcase name="lineEndings[./jython/Zimo_function_programmer.py]" classname="jmri.util.FileLineEndingsTest" time="0.001"/>
  <testcase name="lineEndings[./jython/JButtonActionExample.py]" classname="jmri.util.FileLineEndingsTest" time="0.001"/>
  <testcase name="lineEndings[./jython/TurnoutReset.py]" classname="jmri.util.FileLineEndingsTest" time="0.001"/>
  <testcase name="lineEndings[./jython/StepperDriver.py]" classname="jmri.util.FileLineEndingsTest" time="0.001"/>
  <testcase name="lineEndings[./jython/SerialPortRFID.py]" classname="jmri.util.FileLineEndingsTest" time="0"/>
  <testcase name="lineEndings[./jython/SignalHeadFromSensors.py]" classname="jmri.util.FileLineEndingsTest" time="0.001"/>
  <testcase name="lineEndings[./jython/TwoOutputTurnouts.py]" classname="jmri.util.FileLineEndingsTest" time="0.001"/>
  <testcase name="lineEndings[./jython/PM4Announce.py]" classname="jmri.util.FileLineEndingsTest" time="0.001"/>
  <testcase name="lineEndings[./jython/LnSendTool.py]" classname="jmri.util.FileLineEndingsTest" time="0.001"/>
  <testcase name="lineEndings[./jython/BackAndForthTimed.py]" classname="jmri.util.FileLineEndingsTest" time="0"/>
  <testcase name="lineEndings[./jython/NSelectorExample.py]" classname="jmri.util.FileLineEndingsTest" time="0.001"/>
  <testcase name="lineEndings[./jython/ParallelPortTest.py]" classname="jmri.util.FileLineEndingsTest" time="0.001"/>
  <testcase name="lineEndings[./jython/RosterCsvExport.py]" classname="jmri.util.FileLineEndingsTest" time="0.001"/>
  <testcase name="lineEndings[./jython/DecoderPro.py]" classname="jmri.util.FileLineEndingsTest" time="0.001"/>
  <testcase name="lineEndings[./jython/AC_PowerControl.py]" classname="jmri.util.FileLineEndingsTest" time="0"/>
  <testcase name="lineEndings[./jython/ReporterFontControl.py]" classname="jmri.util.FileLineEndingsTest" time="0.001"/>
  <testcase name="lineEndings[./jython/xboxThrottle.py]" classname="jmri.util.FileLineEndingsTest" time="0.001"/>
  <testcase name="lineEndings[./jython/PocketTesterExample.py]" classname="jmri.util.FileLineEndingsTest" time="0.001"/>
  <testcase name="lineEndings[./jython/LocoNetSensorInit.py]" classname="jmri.util.FileLineEndingsTest" time="0"/>
  <testcase name="lineEndings[./jython/YetAnotherAutoTrain.py]" classname="jmri.util.FileLineEndingsTest" time="0.001"/>
  <testcase name="lineEndings[./jython/AutomatonExample.py]" classname="jmri.util.FileLineEndingsTest" time="0.001"/>
  <testcase name="lineEndings[./jython/TurnoutStatePersistence.py]" classname="jmri.util.FileLineEndingsTest" time="0.001"/>
  <testcase name="lineEndings[./jython/LnPowerButton.py]" classname="jmri.util.FileLineEndingsTest" time="0.001"/>
  <testcase name="lineEndings[./jython/JMenuBarExample.py]" classname="jmri.util.FileLineEndingsTest" time="0"/>
  <testcase name="lineEndings[./jython/RaspberryPiShutdown.py]" classname="jmri.util.FileLineEndingsTest" time="0.001"/>
  <testcase name="lineEndings[./jython/ThrottleSound.py]" classname="jmri.util.FileLineEndingsTest" time="0.001"/>
  <testcase name="lineEndings[./jython/RailDriver.py]" classname="jmri.util.FileLineEndingsTest" time="0.001"/>
  <testcase name="lineEndings[./jython/CsvToTurnouts.py]" classname="jmri.util.FileLineEndingsTest" time="0.001"/>
  <testcase name="lineEndings[./jython/CombineSensors.py]" classname="jmri.util.FileLineEndingsTest" time="0"/>
  <testcase name="lineEndings[./jython/PowerSensor.py]" classname="jmri.util.FileLineEndingsTest" time="0.001"/>
  <testcase name="lineEndings[./jython/RosterCreateExample.py]" classname="jmri.util.FileLineEndingsTest" time="0.001"/>
  <testcase name="lineEndings[./jython/RosterMigrate.py]" classname="jmri.util.FileLineEndingsTest" time="0"/>
  <testcase name="lineEndings[./jython/SerialPortTest.py]" classname="jmri.util.FileLineEndingsTest" time="0.001"/>
  <testcase name="lineEndings[./jython/XlateCurve.py]" classname="jmri.util.FileLineEndingsTest" time="0.001"/>
  <testcase name="lineEndings[./jython/PollGrapevine.py]" classname="jmri.util.FileLineEndingsTest" time="0.004"/>
  <testcase name="lineEndings[./jython/RosterMigrate2.py]" classname="jmri.util.FileLineEndingsTest" time="0"/>
  <testcase name="lineEndings[./jython/SignalMastFollower.py]" classname="jmri.util.FileLineEndingsTest" time="0"/>
  <testcase name="lineEndings[./jython/ManageBlocks.py]" classname="jmri.util.FileLineEndingsTest" time="0"/>
  <testcase name="lineEndings[./jython/FollowSE8c.py]" classname="jmri.util.FileLineEndingsTest" time="0"/>
  <testcase name="lineEndings[./jython/XBeeSystemConnectTest.py]" classname="jmri.util.FileLineEndingsTest" time="0"/>
  <testcase name="lineEndings[./jython/JButtonComplexExample.py]" classname="jmri.util.FileLineEndingsTest" time="0.001"/>
  <testcase name="lineEndings[./jython/LnFindTransponder.py]" classname="jmri.util.FileLineEndingsTest" time="0.001"/>
  <testcase name="lineEndings[./jython/ConsistExample.py]" classname="jmri.util.FileLineEndingsTest" time="0.001"/>
  <testcase name="lineEndings[./jython/GradeCrossing.py]" classname="jmri.util.FileLineEndingsTest" time="0"/>
  <testcase name="lineEndings[./jython/ComPortEnumeration.py]" classname="jmri.util.FileLineEndingsTest" time="0.001"/>
  <testcase name="lineEndings[./jython/SpeedometerInitExample.py]" classname="jmri.util.FileLineEndingsTest" time="0.001"/>
  <testcase name="lineEndings[./jython/CmriEditPolling.py]" classname="jmri.util.FileLineEndingsTest" time="0"/>
  <testcase name="lineEndings[./jython/SetDefaultDelayedTurnoutDelay.py]" classname="jmri.util.FileLineEndingsTest" time="0.001"/>
  <testcase name="lineEndings[./scripts/BundleKeysReport.py]" classname="jmri.util.FileLineEndingsTest" time="0.001"/>
  <testcase name="lineEndings[./scripts/ClassKeysReport.py]" classname="jmri.util.FileLineEndingsTest" time="0.001"/>
  <testcase name="lineEndings[./java/translate.sh]" classname="jmri.util.FileLineEndingsTest" time="0"/>
  <testcase name="lineEndings[./lib/checker-framework/checker/bin/infer-and-annotate.sh]" classname="jmri.util.FileLineEndingsTest" time="0.001"/>
  <testcase name="lineEndings[./scripts/tidy-scan.sh]" classname="jmri.util.FileLineEndingsTest" time="0.001"/>
  <testcase name="lineEndings[./scripts/MacOSXapps/TemplateApp.app/Contents/Resources/uninstall-java6.sh]" classname="jmri.util.FileLineEndingsTest" time="0.001"/>
  <testcase name="lineEndings[./scripts/native2ascii.sh]" classname="jmri.util.FileLineEndingsTest" time="0"/>
  <testcase name="lineEndings[./scripts/update-HOWTO.sh]" classname="jmri.util.FileLineEndingsTest" time="0.001"/>
  <testcase name="lineEndings[./scripts/checkCR.sh]" classname="jmri.util.FileLineEndingsTest" time="0.001"/>
  <testcase name="lineEndings[./scripts/travis.sh]" classname="jmri.util.FileLineEndingsTest" time="0.001"/>
  <testcase name="lineEndings[./scripts/diskimage.sh]" classname="jmri.util.FileLineEndingsTest" time="0"/>
  <testcase name="lineEndings[./scripts/tidy-check.sh]" classname="jmri.util.FileLineEndingsTest" time="0.001"/>
  <testcase name="lineEndings[./web/fonts/glyphicons-halflings-regular.svg]" classname="jmri.util.FileLineEndingsTest" time="0.001"/>
  <testcase name="lineEndings[./java/src/jmri/jmrit/ussctc/doc-files/CodeButtonPressTurnout.txt]" classname="jmri.util.FileLineEndingsTest" time="0.001"/>
  <testcase name="lineEndings[./java/src/jmri/jmrit/ussctc/doc-files/TurnoutChangeIndication.txt]" classname="jmri.util.FileLineEndingsTest" time="0.001"/>
  <testcase name="lineEndings[./java/src/jmri/jmrix/openlcb/TODO.txt]" classname="jmri.util.FileLineEndingsTest" time="0"/>
  <testcase name="lineEndings[./java/src/jmri/util/com/rbnb/ApacheLicense.txt]" classname="jmri.util.FileLineEndingsTest" time="0.001"/>
  <testcase name="lineEndings[./java/src/jmri/util/com/rbnb/README.txt]" classname="jmri.util.FileLineEndingsTest" time="0.001"/>
  <testcase name="lineEndings[./java/src/jmri/util/com/rbnb/README.txt]" classname="jmri.util.FileLineEndingsTest" time="0"/>
  <testcase name="lineEndings[./java/test/jmri/jmrix/loconet/sdf/test2.golden.txt]" classname="jmri.util.FileLineEndingsTest" time="0.001"/>
  <testcase name="lineEndings[./java/Translatingscripts/Convertioncharacters.txt]" classname="jmri.util.FileLineEndingsTest" time="0"/>
  <testcase name="lineEndings[./java/notice.txt]" classname="jmri.util.FileLineEndingsTest" time="0.001"/>
  <testcase name="lineEndings[./java/package-info.java.txt]" classname="jmri.util.FileLineEndingsTest" time="0.001"/>
  <testcase name="lineEndings[./web/README.txt]" classname="jmri.util.FileLineEndingsTest" time="0.001"/>
  <testcase name="lineEndings[./web/README.txt]" classname="jmri.util.FileLineEndingsTest" time="0.001"/>
  <testcase name="lineEndings[./web/robots.txt]" classname="jmri.util.FileLineEndingsTest" time="0.001"/>
  <testcase name="lineEndings[./xml/schema/README.txt]" classname="jmri.util.FileLineEndingsTest" time="0"/>
  <testcase name="lineEndings[./xml/schema/README.txt]" classname="jmri.util.FileLineEndingsTest" time="0.001"/>
  <testcase name="lineEndings[./help/en/html/tools/signaling/README_Naming_Erratum.txt]" classname="jmri.util.FileLineEndingsTest" time="0.001"/>
  <testcase name="lineEndings[./help/en/html/tools/signaling/README_Naming_Erratum.txt]" classname="jmri.util.FileLineEndingsTest" time="0.001"/>
  <testcase name="lineEndings[./help/en/html/doc/Technical/images/LocoNetConnectionStartSequence.txt]" classname="jmri.util.FileLineEndingsTest" time="0.001"/>
  <testcase name="lineEndings[./help/en/html/doc/Technical/images/JmrixPackageStructure.txt]" classname="jmri.util.FileLineEndingsTest" time="0.001"/>
  <testcase name="lineEndings[./help/en/html/doc/Technical/images/ConfigureLocoNetConnectionFromNone.txt]" classname="jmri.util.FileLineEndingsTest" time="0"/>
  <testcase name="lineEndings[./help/en/html/doc/Technical/images/OverallImplementationStructure.txt]" classname="jmri.util.FileLineEndingsTest" time="0.001"/>
  <testcase name="lineEndings[./help/en/html/doc/Technical/images/OverallPackageStructure.txt]" classname="jmri.util.FileLineEndingsTest" time="0.001"/>
  <testcase name="lineEndings[./help/en/html/doc/Technical/images/JmrixLocoNetClassDiagram.txt]" classname="jmri.util.FileLineEndingsTest" time="0.001"/>
  <testcase name="lineEndings[./help/en/html/doc/Technical/AppPreferences.txt]" classname="jmri.util.FileLineEndingsTest" time="0"/>
  <testcase name="lineEndings[./jython/IoT/README.txt]" classname="jmri.util.FileLineEndingsTest" time="0.001"/>
  <testcase name="lineEndings[./jython/IoT/README.txt]" classname="jmri.util.FileLineEndingsTest" time="0"/>
  <testcase name="lineEndings[./resources/icons/smallschematics/aspects/RG-1965/Icons_for_Rio_Grande_1965_Signal_Aspects.txt]" classname="jmri.util.FileLineEndingsTest" time="0.001"/>
  <testcase name="lineEndings[./resources/icons/misc/Nixie/README.txt]" classname="jmri.util.FileLineEndingsTest" time="0.001"/>
  <testcase name="lineEndings[./resources/icons/misc/Nixie/README.txt]" classname="jmri.util.FileLineEndingsTest" time="0"/>
  <testcase name="lineEndings[./LICENSE.txt]" classname="jmri.util.FileLineEndingsTest" time="0"/>
  <testcase name="lineEndings[./java/test/apps/PanelPro/profiles/Grapevine_Simulator/profile/profile.xml]" classname="jmri.util.FileLineEndingsTest" time="0.001"/>
  <testcase name="lineEndings[./java/test/apps/PanelPro/profiles/Prevent_Init_Loop/roster.xml]" classname="jmri.util.FileLineEndingsTest" time="0.001"/>
  <testcase name="lineEndings[./java/test/apps/PanelPro/profiles/Prevent_Init_Loop/profile/profile.xml]" classname="jmri.util.FileLineEndingsTest" time="0.001"/>
  <testcase name="lineEndings[./java/test/apps/PanelPro/profiles/Prevent_Init_Loop/networkServices/JmriSRCPServerPreferences.xml]" classname="jmri.util.FileLineEndingsTest" time="0"/>
  <testcase name="lineEndings[./java/test/apps/PanelPro/profiles/Prevent_Init_Loop/networkServices/SimpleServer.xml]" classname="jmri.util.FileLineEndingsTest" time="0.001"/>
  <testcase name="lineEndings[./java/test/apps/PanelPro/profiles/Prevent_Init_Loop/UserPrefsProfileConfig.xml]" classname="jmri.util.FileLineEndingsTest" time="0.001"/>
  <testcase name="lineEndings[./java/test/apps/PanelPro/profiles/Prevent_Init_Loop/throttle/DoubleTrouble.xml]" classname="jmri.util.FileLineEndingsTest" time="0.001"/>
  <testcase name="lineEndings[./java/test/apps/PanelPro/profiles/Prevent_Init_Loop/throttle/ThrottlesPreferences.xml]" classname="jmri.util.FileLineEndingsTest" time="0.001"/>
  <testcase name="lineEndings[./java/test/apps/PanelPro/profiles/Prevent_Init_Loop/throttle/WiThrottlePreferences.xml]" classname="jmri.util.FileLineEndingsTest" time="0"/>
  <testcase name="lineEndings[./java/test/apps/PanelPro/profiles/Prevent_Init_Loop/throttle/AnyOldThing.xml]" classname="jmri.util.FileLineEndingsTest" time="0.001"/>
  <testcase name="lineEndings[./java/test/apps/PanelPro/profiles/Prevent_Init_Loop/signal/WarrantPreferences.xml]" classname="jmri.util.FileLineEndingsTest" time="0.001"/>
  <testcase name="lineEndings[./java/test/apps/PanelPro/profiles/Prevent_Init_Loop/ProfileConfig.xml]" classname="jmri.util.FileLineEndingsTest" time="0.001"/>
  <testcase name="lineEndings[./java/test/apps/PanelPro/profiles/Prevent_Init_Loop/roster/consist/consist.xml]" classname="jmri.util.FileLineEndingsTest" time="0"/>
  <testcase name="lineEndings[./java/test/apps/PanelPro/profiles/Prevent_Init_Loop/Panels/jumping panels.xml]" classname="jmri.util.FileLineEndingsTest" time="0.001"/>
  <testcase name="lineEndings[./java/test/apps/PanelPro/profiles/Sprog_Simulator/profile/profile.xml]" classname="jmri.util.FileLineEndingsTest" time="0.001"/>
  <testcase name="lineEndings[./java/test/apps/PanelPro/profiles/LocoNet_Simulator/signal/WarrantPreferences.xml]" classname="jmri.util.FileLineEndingsTest" time="0.001"/>
  <testcase name="lineEndings[./java/test/apps/PanelPro/profiles/LocoNet_Simulator/profile/profile.xml]" classname="jmri.util.FileLineEndingsTest" time="0"/>
  <testcase name="lineEndings[./java/test/apps/PanelPro/profiles/LocoNet_Simulator/ProfileConfig.xml]" classname="jmri.util.FileLineEndingsTest" time="0.001"/>
  <testcase name="lineEndings[./java/test/apps/PanelPro/profiles/EasyDcc_Simulator/profile/profile.xml]" classname="jmri.util.FileLineEndingsTest" time="0.001"/>
  <testcase name="lineEndings[./java/test/apps/PanelPro/profiles/TMCC_Simulator/profile/profile.xml]" classname="jmri.util.FileLineEndingsTest" time="0.001"/>
  <testcase name="lineEndings[./java/test/jmri/jmrix/openlcb/configurexml/OlcbSignalMastTest.xml]" classname="jmri.util.FileLineEndingsTest" time="0"/>
  <testcase name="lineEndings[./java/test/jmri/jmrix/openlcb/NMRAnetDatabaseTrainNode.xml]" classname="jmri.util.FileLineEndingsTest" time="0.001"/>
  <testcase name="lineEndings[./java/test/jmri/jmrix/openlcb/sample2.xml]" classname="jmri.util.FileLineEndingsTest" time="0.001"/>
  <testcase name="lineEndings[./java/test/jmri/jmrix/openlcb/sample1.xml]" classname="jmri.util.FileLineEndingsTest" time="0.001"/>
  <testcase name="lineEndings[./java/test/jmri/jmrix/rps/LocationTestPanel.xml]" classname="jmri.util.FileLineEndingsTest" time="0"/>
  <testcase name="lineEndings[./java/test/jmri/jmrit/roster/ACL1012.xml]" classname="jmri.util.FileLineEndingsTest" time="0.001"/>
  <testcase name="lineEndings[./java/test/jmri/jmrit/symbolicprog/tabbedframe/pass/DecoderWithQualifier.xml]" classname="jmri.util.FileLineEndingsTest" time="0.001"/>
  <testcase name="lineEndings[./java/test/jmri/jmrit/display/configurexml/load/OneOfEach.3.3.3.xml]" classname="jmri.util.FileLineEndingsTest" time="0.001"/>
  <testcase name="lineEndings[./java/test/jmri/jmrit/display/configurexml/load/OneOfEach.xml]" classname="jmri.util.FileLineEndingsTest" time="0"/>
  <testcase name="lineEndings[./java/test/jmri/jmrit/display/configurexml/load/OneOfEach-4.7.4.xml]" classname="jmri.util.FileLineEndingsTest" time="0.001"/>
  <testcase name="lineEndings[./java/test/jmri/jmrit/display/configurexml/load/ScaledIconTest.xml]" classname="jmri.util.FileLineEndingsTest" time="0.001"/>
  <testcase name="lineEndings[./java/test/jmri/jmrit/display/configurexml/load/OldScaledIconTest.xml]" classname="jmri.util.FileLineEndingsTest" time="0.001"/>
  <testcase name="lineEndings[./java/test/jmri/jmrit/display/configurexml/load/ScaledIconTest-4.7.4.xml]" classname="jmri.util.FileLineEndingsTest" time="0.001"/>
  <testcase name="lineEndings[./java/test/jmri/jmrit/display/configurexml/loadref/OneOfEach.3.3.3.xml]" classname="jmri.util.FileLineEndingsTest" time="0"/>
  <testcase name="lineEndings[./java/test/jmri/jmrit/display/configurexml/loadref/ScaledIconTest.xml]" classname="jmri.util.FileLineEndingsTest" time="0.001"/>
  <testcase name="lineEndings[./java/test/jmri/jmrit/display/configurexml/loadref/OneOfEach.xml]" classname="jmri.util.FileLineEndingsTest" time="0.001"/>
  <testcase name="lineEndings[./java/test/jmri/jmrit/display/configurexml/loadref/OldScaledIconTest.xml]" classname="jmri.util.FileLineEndingsTest" time="0.001"/>
  <testcase name="lineEndings[./java/test/jmri/jmrit/display/configurexml/verify/TestTrainIcon.xml]" classname="jmri.util.FileLineEndingsTest" time="0"/>
  <testcase name="lineEndings[./java/test/jmri/jmrit/display/configurexml/verify/backgrounds.xml]" classname="jmri.util.FileLineEndingsTest" time="0.001"/>
  <testcase name="lineEndings[./java/test/jmri/jmrit/display/configurexml/verify/ScaledIconTest-4.7.4.xml]" classname="jmri.util.FileLineEndingsTest" time="0.001"/>
  <testcase name="lineEndings[./java/test/jmri/jmrit/display/configurexml/verify/OldScaledIconTest.xml]" classname="jmri.util.FileLineEndingsTest" time="0.001"/>
  <testcase name="lineEndings[./java/test/jmri/jmrit/display/configurexml/verify/BackgroundsCPE.xml]" classname="jmri.util.FileLineEndingsTest" time="0"/>
  <testcase name="lineEndings[./java/test/jmri/jmrit/display/configurexml/verify/OneOfEach.3.3.3.xml]" classname="jmri.util.FileLineEndingsTest" time="0.001"/>
  <testcase name="lineEndings[./java/test/jmri/jmrit/display/configurexml/verify/ScaledIconTest.xml]" classname="jmri.util.FileLineEndingsTest" time="0.001"/>
  <testcase name="lineEndings[./java/test/jmri/jmrit/display/configurexml/verify/reporter.xml]" classname="jmri.util.FileLineEndingsTest" time="0.001"/>
  <testcase name="lineEndings[./java/test/jmri/jmrit/display/configurexml/verify/MarkerColorTest.xml]" classname="jmri.util.FileLineEndingsTest" time="0.001"/>
  <testcase name="lineEndings[./java/test/jmri/jmrit/display/configurexml/verify/OneOfEach-4.7.4.xml]" classname="jmri.util.FileLineEndingsTest" time="0"/>
  <testcase name="lineEndings[./java/test/jmri/jmrit/display/configurexml/verify/OneOfEach.xml]" classname="jmri.util.FileLineEndingsTest" time="0.001"/>
  <testcase name="lineEndings[./java/test/jmri/jmrit/display/layoutEditor/valid/LEConnectTest.xml]" classname="jmri.util.FileLineEndingsTest" time="0.001"/>
  <testcase name="lineEndings[./java/test/jmri/jmrit/display/layoutEditor/valid/CCMR_Orig.xml]" classname="jmri.util.FileLineEndingsTest" time="0.009"/>
  <testcase name="lineEndings[./java/test/jmri/jmrit/display/layoutEditor/valid/LayoutEditorHexColorTest.xml]" classname="jmri.util.FileLineEndingsTest" time="0.001"/>
  <testcase name="lineEndings[./java/test/jmri/jmrit/display/layoutEditor/valid/SimpleLayoutEditorTest.xml]" classname="jmri.util.FileLineEndingsTest" time="0"/>
  <testcase name="lineEndings[./java/test/jmri/jmrit/display/layoutEditor/valid/SimpleTestMaster.xml]" classname="jmri.util.FileLineEndingsTest" time="0.001"/>
  <testcase name="lineEndings[./java/test/jmri/jmrit/display/layoutEditor/invalid/BadConnection1FromTrackSeg.xml]" classname="jmri.util.FileLineEndingsTest" time="0.008"/>
  <testcase name="lineEndings[./java/test/jmri/jmrit/display/layoutEditor/invalid/MissingTSIdent.xml]" classname="jmri.util.FileLineEndingsTest" time="0.001"/>
  <testcase name="lineEndings[./java/test/jmri/jmrit/display/layoutEditor/invalid/BadConnection2FromTrackSeg.xml]" classname="jmri.util.FileLineEndingsTest" time="0.001"/>
  <testcase name="lineEndings[./java/test/jmri/jmrit/display/layoutEditor/invalid/BlankTSIdent.xml]" classname="jmri.util.FileLineEndingsTest" time="0.001"/>
  <testcase name="lineEndings[./java/test/jmri/jmrit/display/layoutEditor/invalid/MissingConnect2.xml]" classname="jmri.util.FileLineEndingsTest" time="0.001"/>
  <testcase name="lineEndings[./java/test/jmri/jmrit/display/layoutEditor/invalid/MissingConnect1.xml]" classname="jmri.util.FileLineEndingsTest" time="0"/>
  <testcase name="lineEndings[./java/test/jmri/jmrit/display/layoutEditor/load/LayoutEditorTest.xml]" classname="jmri.util.FileLineEndingsTest" time="0.001"/>
  <testcase name="lineEndings[./java/test/jmri/jmrit/display/layoutEditor/loadref/LayoutEditorTest.xml]" classname="jmri.util.FileLineEndingsTest" time="0.001"/>
  <testcase name="lineEndings[./java/test/jmri/jmrit/display/controlPanelEditor/shape/valid/shapes.xml]" classname="jmri.util.FileLineEndingsTest" time="0.001"/>
  <testcase name="lineEndings[./java/test/jmri/jmrit/display/switchboardEditor/valid/HexTextColorTest.xml]" classname="jmri.util.FileLineEndingsTest" time="0.001"/>
  <testcase name="lineEndings[./java/test/jmri/jmrit/display/verify/PanelEditorTest1.xml]" classname="jmri.util.FileLineEndingsTest" time="0.001"/>
  <testcase name="lineEndings[./java/test/jmri/jmrit/display/verify/Cleveland-2014-Clinic.xml]" classname="jmri.util.FileLineEndingsTest" time="0.002"/>
  <testcase name="lineEndings[./java/test/jmri/jmrit/display/verify/AA1UPtest.xml]" classname="jmri.util.FileLineEndingsTest" time="0.002"/>
  <testcase name="lineEndings[./java/test/jmri/jmrit/display/verify/LinkingLabelPanelEditor.xml]" classname="jmri.util.FileLineEndingsTest" time="0.001"/>
  <testcase name="lineEndings[./java/test/jmri/jmrit/display/verify/WCL.v103.xml]" classname="jmri.util.FileLineEndingsTest" time="0.002"/>
  <testcase name="lineEndings[./java/test/jmri/jmrit/display/verify/SimplePanel_OBlocks-DB1969.xml]" classname="jmri.util.FileLineEndingsTest" time="0.001"/>
  <testcase name="lineEndings[./java/test/jmri/jmrit/display/verify/CnyModMast48.xml]" classname="jmri.util.FileLineEndingsTest" time="0.003"/>
  <testcase name="lineEndings[./java/test/jmri/jmrit/operations/xml/DemoFiles/OperationsEngineRoster.xml]" classname="jmri.util.FileLineEndingsTest" time="0.001"/>
  <testcase name="lineEndings[./java/test/jmri/jmrit/operations/xml/DemoFiles/OperationsRouteRoster.xml]" classname="jmri.util.FileLineEndingsTest" time="0.001"/>
  <testcase name="lineEndings[./java/test/jmri/jmrit/operations/xml/DemoFiles/OperationsCarRoster.xml]" classname="jmri.util.FileLineEndingsTest" time="0.001"/>
  <testcase name="lineEndings[./java/test/jmri/jmrit/operations/xml/DemoFiles/Operations.xml]" classname="jmri.util.FileLineEndingsTest" time="0.001"/>
  <testcase name="lineEndings[./java/test/jmri/jmrit/operations/xml/DemoFiles/Operations Demo Panel.xml]" classname="jmri.util.FileLineEndingsTest" time="0.001"/>
  <testcase name="lineEndings[./java/test/jmri/jmrit/operations/xml/DemoFiles/OperationsLocationRoster.xml]" classname="jmri.util.FileLineEndingsTest" time="0.001"/>
  <testcase name="lineEndings[./java/test/jmri/jmrit/operations/xml/DemoFiles/OperationsTrainRoster.xml]" classname="jmri.util.FileLineEndingsTest" time="0.001"/>
  <testcase name="lineEndings[./java/test/jmri/jmrit/operations/xml/DemoFilesWithBuiltTrains/OperationsTrainRoster.xml]" classname="jmri.util.FileLineEndingsTest" time="0.001"/>
  <testcase name="lineEndings[./java/test/jmri/jmrit/operations/xml/DemoFilesWithBuiltTrains/Operations.xml]" classname="jmri.util.FileLineEndingsTest" time="0.001"/>
  <testcase name="lineEndings[./java/test/jmri/jmrit/operations/xml/DemoFilesWithBuiltTrains/Operations Demo Panel.xml]" classname="jmri.util.FileLineEndingsTest" time="0.001"/>
  <testcase name="lineEndings[./java/test/jmri/jmrit/operations/xml/DemoFilesWithBuiltTrains/OperationsRouteRoster.xml]" classname="jmri.util.FileLineEndingsTest" time="0.001"/>
  <testcase name="lineEndings[./java/test/jmri/jmrit/operations/xml/DemoFilesWithBuiltTrains/OperationsEngineRoster.xml]" classname="jmri.util.FileLineEndingsTest" time="0.001"/>
  <testcase name="lineEndings[./java/test/jmri/jmrit/operations/xml/DemoFilesWithBuiltTrains/OperationsLocationRoster.xml]" classname="jmri.util.FileLineEndingsTest" time="0.001"/>
  <testcase name="lineEndings[./java/test/jmri/jmrit/operations/xml/DemoFilesWithBuiltTrains/OperationsCarRoster.xml]" classname="jmri.util.FileLineEndingsTest" time="0.001"/>
  <testcase name="lineEndings[./java/test/jmri/jmrit/entryexit/load/EntryExitTest.xml]" classname="jmri.util.FileLineEndingsTest" time="0.002"/>
  <testcase name="lineEndings[./java/test/jmri/jmrit/decoderdefn/pass/DecoderWithQualifier.xml]" classname="jmri.util.FileLineEndingsTest" time="0"/>
  <testcase name="lineEndings[./java/test/jmri/jmrit/decoderdefn/pass/VariableLabelAtBack.xml]" classname="jmri.util.FileLineEndingsTest" time="0.001"/>
  <testcase name="lineEndings[./java/test/jmri/jmrit/decoderdefn/pass/ConstantLabelMultipleLanguages.xml]" classname="jmri.util.FileLineEndingsTest" time="0.001"/>
  <testcase name="lineEndings[./java/test/jmri/jmrit/decoderdefn/pass/VariableLabelMultipleLanguages.xml]" classname="jmri.util.FileLineEndingsTest" time="0.001"/>
  <testcase name="lineEndings[./java/test/jmri/jmrit/decoderdefn/fail/VariableLabelDuplicateDefault.xml]" classname="jmri.util.FileLineEndingsTest" time="0.001"/>
  <testcase name="lineEndings[./java/test/jmri/jmrit/decoderdefn/fail/OutputLabelDuplicateDefault.xml]" classname="jmri.util.FileLineEndingsTest" time="0.001"/>
  <testcase name="lineEndings[./java/test/jmri/jmrit/decoderdefn/fail/VariableLabelAtFront.xml]" classname="jmri.util.FileLineEndingsTest" time="0.001"/>
  <testcase name="lineEndings[./java/test/jmri/jmrit/decoderdefn/fail/FactResetLabelDuplicateDefault.xml]" classname="jmri.util.FileLineEndingsTest" time="0"/>
  <testcase name="lineEndings[./java/test/jmri/jmrit/decoderdefn/fail/FactResetDuplicateI18N.xml]" classname="jmri.util.FileLineEndingsTest" time="0.001"/>
  <testcase name="lineEndings[./java/test/jmri/jmrit/decoderdefn/fail/ConstantLabelDuplicateDefault.xml]" classname="jmri.util.FileLineEndingsTest" time="0.001"/>
  <testcase name="lineEndings[./java/test/jmri/jmrit/decoderdefn/fail/VariableLabelDuplicateI18N.xml]" classname="jmri.util.FileLineEndingsTest" time="0.001"/>
  <testcase name="lineEndings[./java/test/jmri/jmrit/decoderdefn/fail/OutputLabelDuplicateI18N.xml]" classname="jmri.util.FileLineEndingsTest" time="0.001"/>
  <testcase name="lineEndings[./java/test/jmri/jmrit/decoderdefn/fail/ConstantLabelDuplicateI18N.xml]" classname="jmri.util.FileLineEndingsTest" time="0.001"/>
  <testcase name="lineEndings[./java/test/jmri/jmrit/logix/valid/LearnWarrantTest.xml]" classname="jmri.util.FileLineEndingsTest" time="0.001"/>
  <testcase name="lineEndings[./java/test/jmri/jmrit/logix/valid/LogixActionTest.xml]" classname="jmri.util.FileLineEndingsTest" time="0.001"/>
  <testcase name="lineEndings[./java/test/jmri/jmrit/logix/valid/IndicatorDemoTest.xml]" classname="jmri.util.FileLineEndingsTest" time="0.002"/>
  <testcase name="lineEndings[./java/test/jmri/jmrit/logix/valid/NXWarrantTest.xml]" classname="jmri.util.FileLineEndingsTest" time="0.001"/>
  <testcase name="lineEndings[./java/test/jmri/jmrit/dispatcher/TestTrain2.xml]" classname="jmri.util.FileLineEndingsTest" time="0.001"/>
  <testcase name="lineEndings[./java/test/jmri/jmrit/dispatcher/TestTrain.xml]" classname="jmri.util.FileLineEndingsTest" time="0.001"/>
  <testcase name="lineEndings[./java/test/jmri/jmrit/dispatcher/dispatcheroptions.xml]" classname="jmri.util.FileLineEndingsTest" time="0.001"/>
  <testcase name="lineEndings[./java/test/jmri/jmrit/ussctc/PackageDemo.xml]" classname="jmri.util.FileLineEndingsTest" time="0.001"/>
  <testcase name="lineEndings[./java/test/jmri/jmrit/XmlFileTest_PI.xml]" classname="jmri.util.FileLineEndingsTest" time="0.001"/>
  <testcase name="lineEndings[./java/test/jmri/util/xml/ProgramMainURL.xml]" classname="jmri.util.FileLineEndingsTest" time="0.001"/>
  <testcase name="lineEndings[./java/test/jmri/util/xml/ProgramMainRelative.xml]" classname="jmri.util.FileLineEndingsTest" time="0.001"/>
  <testcase name="lineEndings[./java/test/jmri/util/xml/ProgramPart.xml]" classname="jmri.util.FileLineEndingsTest" time="0"/>
  <testcase name="lineEndings[./java/test/jmri/util/xml/DotDotDTD.xml]" classname="jmri.util.FileLineEndingsTest" time="0"/>
  <testcase name="lineEndings[./java/test/jmri/util/xml/JustFilename.xml]" classname="jmri.util.FileLineEndingsTest" time="0.001"/>
  <testcase name="lineEndings[./java/test/jmri/util/xml/Pathname.xml]" classname="jmri.util.FileLineEndingsTest" time="0.001"/>
  <testcase name="lineEndings[./java/test/jmri/util/xml/HttpURL.xml]" classname="jmri.util.FileLineEndingsTest" time="0.001"/>
  <testcase name="lineEndings[./java/test/jmri/util/swing/xml/Gui3Menus.xml]" classname="jmri.util.FileLineEndingsTest" time="0.001"/>
  <testcase name="lineEndings[./java/test/jmri/util/swing/xml/Gui3LeftTree.xml]" classname="jmri.util.FileLineEndingsTest" time="0"/>
  <testcase name="lineEndings[./java/test/jmri/util/swing/xml/Gui3MainToolBar.xml]" classname="jmri.util.FileLineEndingsTest" time="0"/>
  <testcase name="lineEndings[./java/test/jmri/server/json/roster/data/roster.xml]" classname="jmri.util.FileLineEndingsTest" time="0.001"/>
  <testcase name="lineEndings[./java/test/jmri/implementation/testAspects.xml]" classname="jmri.util.FileLineEndingsTest" time="0.001"/>
  <testcase name="lineEndings[./java/test/jmri/implementation/test-appearance-one-searchlight.xml]" classname="jmri.util.FileLineEndingsTest" time="0.001"/>
  <testcase name="lineEndings[./java/test/jmri/configurexml/loadref/PanelFileSchemaTest295.xml]" classname="jmri.util.FileLineEndingsTest" time="0.001"/>
  <testcase name="lineEndings[./java/test/jmri/configurexml/loadref/LoadFileTest277.xml]" classname="jmri.util.FileLineEndingsTest" time="0.001"/>
  <testcase name="lineEndings[./java/test/jmri/configurexml/loadref/RevHistTest.xml]" classname="jmri.util.FileLineEndingsTest" time="0"/>
  <testcase name="lineEndings[./java/test/jmri/configurexml/loadref/SectionManagerXmlTest.xml]" classname="jmri.util.FileLineEndingsTest" time="0.001"/>
  <testcase name="lineEndings[./java/test/jmri/configurexml/loadref/BlockAndSignalMastTest.xml]" classname="jmri.util.FileLineEndingsTest" time="0.001"/>
  <testcase name="lineEndings[./java/test/jmri/configurexml/loadref/LeadingTrailingSpaceTest.xml]" classname="jmri.util.FileLineEndingsTest" time="0.001"/>
  <testcase name="lineEndings[./java/test/jmri/configurexml/loadref/LoadFileTest.xml]" classname="jmri.util.FileLineEndingsTest" time="0.001"/>
  <testcase name="lineEndings[./java/test/jmri/configurexml/loadref/PanelFileSchemaTest.xml]" classname="jmri.util.FileLineEndingsTest" time="0.001"/>
  <testcase name="lineEndings[./java/test/jmri/configurexml/loadref/LoadFileTest295.xml]" classname="jmri.util.FileLineEndingsTest" time="0.001"/>
  <testcase name="lineEndings[./java/test/jmri/configurexml/loadref/LoadMultipleSystems.xml]" classname="jmri.util.FileLineEndingsTest" time="0.001"/>
  <testcase name="lineEndings[./java/test/jmri/configurexml/loadref/BlockManagerXmlTest.xml]" classname="jmri.util.FileLineEndingsTest" time="0.001"/>
  <testcase name="lineEndings[./java/test/jmri/configurexml/loadref/PanelFileSchemaTest382.xml]" classname="jmri.util.FileLineEndingsTest" time="0.001"/>
  <testcase name="lineEndings[./java/test/jmri/configurexml/loadref/testStoreSignalGroup.xml]" classname="jmri.util.FileLineEndingsTest" time="0.001"/>
  <testcase name="lineEndings[./java/test/jmri/configurexml/load/LeadingTrailingSpaceTest.xml]" classname="jmri.util.FileLineEndingsTest" time="0"/>
  <testcase name="lineEndings[./java/test/jmri/configurexml/load/RevHistTest.xml]" classname="jmri.util.FileLineEndingsTest" time="0.001"/>
  <testcase name="lineEndings[./java/test/jmri/configurexml/load/SectionManagerXmlTest-4.7.4.xml]" classname="jmri.util.FileLineEndingsTest" time="0.001"/>
  <testcase name="lineEndings[./java/test/jmri/configurexml/load/LoadMultipleSystems.xml]" classname="jmri.util.FileLineEndingsTest" time="0.001"/>
  <testcase name="lineEndings[./java/test/jmri/configurexml/load/PanelFileSchemaTest.xml]" classname="jmri.util.FileLineEndingsTest" time="0.001"/>
  <testcase name="lineEndings[./java/test/jmri/configurexml/load/LoadFileTest.xml]" classname="jmri.util.FileLineEndingsTest" time="0.001"/>
  <testcase name="lineEndings[./java/test/jmri/configurexml/load/LoadFileTest295.xml]" classname="jmri.util.FileLineEndingsTest" time="0.001"/>
  <testcase name="lineEndings[./java/test/jmri/configurexml/load/testStoreSignalGroup.xml]" classname="jmri.util.FileLineEndingsTest" time="0.001"/>
  <testcase name="lineEndings[./java/test/jmri/configurexml/load/PanelFileSchemaTest382.xml]" classname="jmri.util.FileLineEndingsTest" time="0"/>
  <testcase name="lineEndings[./java/test/jmri/configurexml/load/LoadMultipleSystems-4.7.4.xml]" classname="jmri.util.FileLineEndingsTest" time="0.001"/>
  <testcase name="lineEndings[./java/test/jmri/configurexml/load/LoadFileTest-4.7.4.xml]" classname="jmri.util.FileLineEndingsTest" time="0.001"/>
  <testcase name="lineEndings[./java/test/jmri/configurexml/load/LoadFileTest277-4.7.4.xml]" classname="jmri.util.FileLineEndingsTest" time="0.001"/>
  <testcase name="lineEndings[./java/test/jmri/configurexml/load/LoadFileTest295-4.7.4.xml]" classname="jmri.util.FileLineEndingsTest" time="0.001"/>
  <testcase name="lineEndings[./java/test/jmri/configurexml/load/testStoreSignalGroup-4.7.4.xml]" classname="jmri.util.FileLineEndingsTest" time="0.001"/>
  <testcase name="lineEndings[./java/test/jmri/configurexml/load/SectionManagerXmlTest.xml]" classname="jmri.util.FileLineEndingsTest" time="0.001"/>
  <testcase name="lineEndings[./java/test/jmri/configurexml/load/LoadFileTest277.xml]" classname="jmri.util.FileLineEndingsTest" time="0.001"/>
  <testcase name="lineEndings[./java/test/jmri/configurexml/load/BlockManagerXmlTest-4.7.4.xml]" classname="jmri.util.FileLineEndingsTest" time="0.001"/>
  <testcase name="lineEndings[./java/test/jmri/configurexml/load/PanelFileSchemaTest295.xml]" classname="jmri.util.FileLineEndingsTest" time="0.001"/>
  <testcase name="lineEndings[./java/test/jmri/configurexml/load/PanelFileSchemaTest382-4.7.4.xml]" classname="jmri.util.FileLineEndingsTest" time="0"/>
  <testcase name="lineEndings[./java/test/jmri/configurexml/load/BlockManagerXmlTest.xml]" classname="jmri.util.FileLineEndingsTest" time="0.001"/>
  <testcase name="lineEndings[./java/test/jmri/configurexml/invalid/TurnoutOldName.xml]" classname="jmri.util.FileLineEndingsTest" time="0.001"/>
  <testcase name="lineEndings[./java/test/jmri/configurexml/invalid/TurnoutDuplicateUserName.xml]" classname="jmri.util.FileLineEndingsTest" time="0.001"/>
  <testcase name="lineEndings[./java/test/jmri/configurexml/invalid/SchemaFail.xml]" classname="jmri.util.FileLineEndingsTest" time="0.001"/>
  <testcase name="lineEndings[./java/test/jmri/configurexml/invalid/TurnoutDuplicateSystemName.xml]" classname="jmri.util.FileLineEndingsTest" time="0.001"/>
  <testcase name="lineEndings[./java/test/jmri/configurexml/valid/GreatValleyRR.xml]" classname="jmri.util.FileLineEndingsTest" time="0.002"/>
  <testcase name="lineEndings[./java/test/jmri/configurexml/valid/SignalElementNamedTurnoutNotPresent.xml]" classname="jmri.util.FileLineEndingsTest" time="0.001"/>
  <testcase name="lineEndings[./java/test/jmri/configurexml/valid/SignalElementUserNamedTurnoutNotPresent.xml]" classname="jmri.util.FileLineEndingsTest" time="0.001"/>
  <testcase name="lineEndings[./java/test/jmri/configurexml/valid/DCCppSensorTurnoutLight.xml]" classname="jmri.util.FileLineEndingsTest" time="0.001"/>
  <testcase name="lineEndings[./java/test/jmri/configurexml/valid/Layout2847.xml]" classname="jmri.util.FileLineEndingsTest" time="0.001"/>
  <testcase name="lineEndings[./java/test/jmri/configurexml/valid/MatrixSignalMasts.xml]" classname="jmri.util.FileLineEndingsTest" time="0.001"/>
  <testcase name="lineEndings[./java/test/jmri/configurexml/valid/XBeeDemoLayoutPanel.xml]" classname="jmri.util.FileLineEndingsTest" time="0.001"/>
  <testcase name="lineEndings[./java/test/jmri/configurexml/valid/IndicatorDemo.xml]" classname="jmri.util.FileLineEndingsTest" time="0.003"/>
  <testcase name="lineEndings[./java/test/jmri/configurexml/valid/SMRC-SouthLayout42.xml]" classname="jmri.util.FileLineEndingsTest" time="0.001"/>
  <testcase name="lineEndings[./java/test/jmri/configurexml/valid/TurnoutElements1.xml]" classname="jmri.util.FileLineEndingsTest" time="0.001"/>
  <testcase name="lineEndings[./java/test/jmri/configurexml/valid/MedinaA24.xml]" classname="jmri.util.FileLineEndingsTest" time="0.002"/>
  <testcase name="lineEndings[./java/test/jmri/configurexml/valid/Bernie30.xml]" classname="jmri.util.FileLineEndingsTest" time="0.003"/>
  <testcase name="lineEndings[./java/test/jmri/configurexml/valid/JimHeidt14.xml]" classname="jmri.util.FileLineEndingsTest" time="0.002"/>
  <testcase name="lineEndings[./java/test/jmri/configurexml/valid/test-audio-order.xml]" classname="jmri.util.FileLineEndingsTest" time="0.001"/>
  <testcase name="lineEndings[./java/test/jmri/configurexml/valid/Helix1.xml]" classname="jmri.util.FileLineEndingsTest" time="0.001"/>
  <testcase name="lineEndings[./java/test/jmri/configurexml/valid/CentralTest.xml]" classname="jmri.util.FileLineEndingsTest" time="0.002"/>
  <testcase name="lineEndings[./java/test/jmri/configurexml/valid/TurnoutElements.xml]" classname="jmri.util.FileLineEndingsTest" time="0.001"/>
  <testcase name="lineEndings[./java/test/jmri/configurexml/valid/hideturnouttest.xml]" classname="jmri.util.FileLineEndingsTest" time="0.001"/>
  <testcase name="lineEndings[./java/test/jmri/configurexml/valid/TurnoutUserNameIsSysName.xml]" classname="jmri.util.FileLineEndingsTest" time="0.001"/>
  <testcase name="lineEndings[./java/test/jmri/configurexml/valid/Keystone-LOGIX-II.xml]" classname="jmri.util.FileLineEndingsTest" time="0.008"/>
  <testcase name="lineEndings[./java/test/jmri/configurexml/valid/DCCppSensors.xml]" classname="jmri.util.FileLineEndingsTest" time="0.001"/>
  <testcase name="lineEndings[./java/test/jmri/configurexml/valid/UserPrefsProfileConfig-Issue-2858.xml]" classname="jmri.util.FileLineEndingsTest" time="0.001"/>
  <testcase name="lineEndings[./java/test/jmri/configurexml/valid/ConfigFileSchemaTest.xml]" classname="jmri.util.FileLineEndingsTest" time="0.001"/>
  <testcase name="lineEndings[./java/test/jmri/configurexml/valid/test-audio-order2.xml]" classname="jmri.util.FileLineEndingsTest" time="0.001"/>
  <testcase name="lineEndings[./java/test/jmri/configurexml/valid/WarrantFileIssue3751.xml]" classname="jmri.util.FileLineEndingsTest" time="0.005"/>
  <testcase name="lineEndings[./java/test/jmri/configurexml/valid/MatrixSignalMast471.xml]" classname="jmri.util.FileLineEndingsTest" time="0.001"/>
  <testcase name="lineEndings[./java/test/jmri/configurexml/valid/LargePanelFileSchemaTest.xml]" classname="jmri.util.FileLineEndingsTest" time="0.001"/>
  <testcase name="lineEndings[./java/test/jmri/configurexml/valid/osj_v3.8no_interlock.xml]" classname="jmri.util.FileLineEndingsTest" time="0.003"/>
  <testcase name="lineEndings[./java/test/jmri/configurexml/valid/J_Lang_LE_panel.xml]" classname="jmri.util.FileLineEndingsTest" time="0.003"/>
  <testcase name="lineEndings[./java/test/jmri/configurexml/valid/SignalElementTurnoutNameOK.xml]" classname="jmri.util.FileLineEndingsTest" time="0.001"/>
  <testcase name="lineEndings[./java/test/jmri/configurexml/valid/XoverBuildTest.xml]" classname="jmri.util.FileLineEndingsTest" time="0.001"/>
  <testcase name="lineEndings[./java/test/jmri/configurexml/valid/CSXPlanOnetext.xml]" classname="jmri.util.FileLineEndingsTest" time="0.003"/>
  <testcase name="lineEndings[./java/test/jmri/configurexml/valid/WaltLayoutManualt_20100131.xml]" classname="jmri.util.FileLineEndingsTest" time="0.005"/>
  <testcase name="lineEndings[./java/test/jmri/configurexml/valid/BeldenLoop5.xml]" classname="jmri.util.FileLineEndingsTest" time="0.001"/>
  <testcase name="lineEndings[./java/test/jmri/configurexml/valid/slipturnouticon.xml]" classname="jmri.util.FileLineEndingsTest" time="0.001"/>
  <testcase name="lineEndings[./java/test/jmri/configurexml/valid/EntryExitTest.xml]" classname="jmri.util.FileLineEndingsTest" time="0.001"/>
  <testcase name="lineEndings[./java/test/jmri/configurexml/valid/RosterSchemaTest.xml]" classname="jmri.util.FileLineEndingsTest" time="0.001"/>
  <testcase name="lineEndings[./java/test/jmri/configurexml/valid/CnyModMast46-mty.xml]" classname="jmri.util.FileLineEndingsTest" time="0.003"/>
  <testcase name="lineEndings[./java/test/jmri/configurexml/LoadBlockManagerFileTestRef.xml]" classname="jmri.util.FileLineEndingsTest" time="0.001"/>
  <testcase name="lineEndings[./java/test/jmri/profile/samples/ln-simulator/profile/profile.xml]" classname="jmri.util.FileLineEndingsTest" time="0.001"/>
  <testcase name="lineEndings[./java/test/jmri/profile/samples/ln-simulator/throttle/ThrottlesPreferences.xml]" classname="jmri.util.FileLineEndingsTest" time="0"/>
  <testcase name="lineEndings[./java/test/jmri/profile/samples/ln-simulator/throttle/WiThrottlePreferences.xml]" classname="jmri.util.FileLineEndingsTest" time="0.001"/>
  <testcase name="lineEndings[./java/test/jmri/swing/JmriJTablePersistenceManagerTest-user-interface.xml]" classname="jmri.util.FileLineEndingsTest" time="0.001"/>
  <testcase name="lineEndings[./java/test/jmri/managers/LogixSystemTestConditionaReferenceCheck.xml]" classname="jmri.util.FileLineEndingsTest" time="0.001"/>
  <testcase name="lineEndings[./web/app/nbproject/project.xml]" classname="jmri.util.FileLineEndingsTest" time="0.001"/>
  <testcase name="lineEndings[./xml/decoders/soundtraxx/TSU2userId.xml]" classname="jmri.util.FileLineEndingsTest" time="0.001"/>
  <testcase name="lineEndings[./xml/decoders/soundtraxx/ECOenumEQ.xml]" classname="jmri.util.FileLineEndingsTest" time="0.001"/>
  <testcase name="lineEndings[./xml/decoders/soundtraxx/TSUPaneASCsoundcar.xml]" classname="jmri.util.FileLineEndingsTest" time="0"/>
  <testcase name="lineEndings[./xml/decoders/soundtraxx/TSUenumBraking.xml]" classname="jmri.util.FileLineEndingsTest" time="0.001"/>
  <testcase name="lineEndings[./xml/decoders/soundtraxx/ECOPaneID.xml]" classname="jmri.util.FileLineEndingsTest" time="0.001"/>
  <testcase name="lineEndings[./xml/decoders/soundtraxx/PxPaneDC.xml]" classname="jmri.util.FileLineEndingsTest" time="0.001"/>
  <testcase name="lineEndings[./xml/decoders/soundtraxx/ECOlegacyPaneFnMap.xml]" classname="jmri.util.FileLineEndingsTest" time="0.001"/>
  <testcase name="lineEndings[./xml/decoders/soundtraxx/TSU2CVLightEffect.xml]" classname="jmri.util.FileLineEndingsTest" time="0.001"/>
  <testcase name="lineEndings[./xml/decoders/soundtraxx/TSUenumOverideFX6.xml]" classname="jmri.util.FileLineEndingsTest" time="0"/>
  <testcase name="lineEndings[./xml/decoders/soundtraxx/ECOenumDieselBellAthearn.xml]" classname="jmri.util.FileLineEndingsTest" time="0.001"/>
  <testcase name="lineEndings[./xml/decoders/soundtraxx/TSUenumSwap.xml]" classname="jmri.util.FileLineEndingsTest" time="0.001"/>
  <testcase name="lineEndings[./xml/decoders/soundtraxx/TSUenumCV29Address.xml]" classname="jmri.util.FileLineEndingsTest" time="0.001"/>
  <testcase name="lineEndings[./xml/decoders/soundtraxx/TSUenumPower.xml]" classname="jmri.util.FileLineEndingsTest" time="0.001"/>
  <testcase name="lineEndings[./xml/decoders/soundtraxx/TSUenumR17FX5.xml]" classname="jmri.util.FileLineEndingsTest" time="0.001"/>
  <testcase name="lineEndings[./xml/decoders/soundtraxx/TSU2enumChoiceDieselGEAthearn.xml]" classname="jmri.util.FileLineEndingsTest" time="0"/>
  <testcase name="lineEndings[./xml/decoders/soundtraxx/TSUenumEQ.xml]" classname="jmri.util.FileLineEndingsTest" time="0.001"/>
  <testcase name="lineEndings[./xml/decoders/soundtraxx/TSUenumStart.xml]" classname="jmri.util.FileLineEndingsTest" time="0.001"/>
  <testcase name="lineEndings[./xml/decoders/soundtraxx/TSU2enumReverb.xml]" classname="jmri.util.FileLineEndingsTest" time="0.001"/>
  <testcase name="lineEndings[./xml/decoders/soundtraxx/ECOCVLightEffect.xml]" classname="jmri.util.FileLineEndingsTest" time="0.001"/>
  <testcase name="lineEndings[./xml/decoders/soundtraxx/TSUPaneASCdiesel.xml]" classname="jmri.util.FileLineEndingsTest" time="0.001"/>
  <testcase name="lineEndings[./xml/decoders/soundtraxx/TSU2enumChoiceDieselEMD710Athearn.xml]" classname="jmri.util.FileLineEndingsTest" time="0"/>
  <testcase name="lineEndings[./xml/decoders/soundtraxx/ECOenumEffect.xml]" classname="jmri.util.FileLineEndingsTest" time="0.001"/>
  <testcase name="lineEndings[./xml/decoders/soundtraxx/TSU2enumDieselComp.xml]" classname="jmri.util.FileLineEndingsTest" time="0.001"/>
  <testcase name="lineEndings[./xml/decoders/soundtraxx/ECOenumChoiceDieselAirHornAthearn.xml]" classname="jmri.util.FileLineEndingsTest" time="0.001"/>
  <testcase name="lineEndings[./xml/decoders/soundtraxx/TSUenumLock.xml]" classname="jmri.util.FileLineEndingsTest" time="0.001"/>
  <testcase name="lineEndings[./xml/decoders/soundtraxx/TSUaltSoundLevelsPane.xml]" classname="jmri.util.FileLineEndingsTest" time="0.001"/>
  <testcase name="lineEndings[./xml/decoders/soundtraxx/TSUPaneASCsteam.xml]" classname="jmri.util.FileLineEndingsTest" time="0.001"/>
  <testcase name="lineEndings[./xml/decoders/soundtraxx/TSUenumLightType.xml]" classname="jmri.util.FileLineEndingsTest" time="0"/>
  <testcase name="lineEndings[./xml/decoders/soundtraxx/TSUuserId.xml]" classname="jmri.util.FileLineEndingsTest" time="0.001"/>
  <testcase name="lineEndings[./xml/decoders/soundtraxx/TSUenumReset.xml]" classname="jmri.util.FileLineEndingsTest" time="0.001"/>
  <testcase name="lineEndings[./xml/decoders/soundtraxx/TSUenumR17FX6.xml]" classname="jmri.util.FileLineEndingsTest" time="0.001"/>
  <testcase name="lineEndings[./xml/decoders/soundtraxx/TSUPaneLighting.xml]" classname="jmri.util.FileLineEndingsTest" time="0.001"/>
  <testcase name="lineEndings[./xml/decoders/soundtraxx/TSUenumEffect.xml]" classname="jmri.util.FileLineEndingsTest" time="0.001"/>
  <testcase name="lineEndings[./xml/decoders/soundtraxx/ECOenumFnMap.xml]" classname="jmri.util.FileLineEndingsTest" time="0"/>
  <testcase name="lineEndings[./xml/decoders/soundtraxx/TSUenumPhase.xml]" classname="jmri.util.FileLineEndingsTest" time="0.001"/>
  <testcase name="lineEndings[./xml/decoders/soundtraxx/ECOCVFnMap.xml]" classname="jmri.util.FileLineEndingsTest" time="0.001"/>
  <testcase name="lineEndings[./xml/decoders/soundtraxx/TSUPaneReverb.xml]" classname="jmri.util.FileLineEndingsTest" time="0.001"/>
  <testcase name="lineEndings[./xml/decoders/soundtraxx/TSUenumR17HL.xml]" classname="jmri.util.FileLineEndingsTest" time="0.001"/>
  <testcase name="lineEndings[./xml/decoders/soundtraxx/TSUenumSlip.xml]" classname="jmri.util.FileLineEndingsTest" time="0.001"/>
  <testcase name="lineEndings[./xml/decoders/soundtraxx/TSU2enumChoiceSteamWhistle.xml]" classname="jmri.util.FileLineEndingsTest" time="0.001"/>
  <testcase name="lineEndings[./xml/decoders/soundtraxx/TSUenumInterlock.xml]" classname="jmri.util.FileLineEndingsTest" time="0.001"/>
  <testcase name="lineEndings[./xml/decoders/soundtraxx/TSUPaneEqualizer.xml]" classname="jmri.util.FileLineEndingsTest" time="0"/>
  <testcase name="lineEndings[./xml/decoders/soundtraxx/TSU2enumChoiceDieselAirHornAthearn.xml]" classname="jmri.util.FileLineEndingsTest" time="0.001"/>
  <testcase name="lineEndings[./xml/decoders/soundtraxx/TSUenumOverideFX5.xml]" classname="jmri.util.FileLineEndingsTest" time="0.001"/>
  <testcase name="lineEndings[./xml/decoders/soundtraxx/TSUEffect.xml]" classname="jmri.util.FileLineEndingsTest" time="0.001"/>
  <testcase name="lineEndings[./xml/decoders/soundtraxx/TSUenumTransponding.xml]" classname="jmri.util.FileLineEndingsTest" time="0.001"/>
  <testcase name="lineEndings[./xml/decoders/soundtraxx/TSUenumNotch.xml]" classname="jmri.util.FileLineEndingsTest" time="0.001"/>
  <testcase name="lineEndings[./xml/decoders/soundtraxx/SNDSpeedTablePane.xml]" classname="jmri.util.FileLineEndingsTest" time="0.001"/>
  <testcase name="lineEndings[./xml/decoders/soundtraxx/TSU2enumEffect.xml]" classname="jmri.util.FileLineEndingsTest" time="0"/>
  <testcase name="lineEndings[./xml/decoders/soundtraxx/ECOSoundPane.xml]" classname="jmri.util.FileLineEndingsTest" time="0.001"/>
  <testcase name="lineEndings[./xml/decoders/soundtraxx/TSU2enumChoiceDieselAirHorn.xml]" classname="jmri.util.FileLineEndingsTest" time="0.001"/>
  <testcase name="lineEndings[./xml/decoders/soundtraxx/TSUPaneDDE.xml]" classname="jmri.util.FileLineEndingsTest" time="0.001"/>
  <testcase name="lineEndings[./xml/decoders/soundtraxx/TSUenumExhaust.xml]" classname="jmri.util.FileLineEndingsTest" time="0.001"/>
  <testcase name="lineEndings[./xml/decoders/soundtraxx/TSUenumReverb.xml]" classname="jmri.util.FileLineEndingsTest" time="0.001"/>
  <testcase name="lineEndings[./xml/decoders/soundtraxx/TSUenumCV29Analog.xml]" classname="jmri.util.FileLineEndingsTest" time="0"/>
  <testcase name="lineEndings[./xml/decoders/soundtraxx/ECOCV.xml]" classname="jmri.util.FileLineEndingsTest" time="0.001"/>
  <testcase name="lineEndings[./xml/decoders/soundtraxx/TSUenumCurve.xml]" classname="jmri.util.FileLineEndingsTest" time="0.001"/>
  <testcase name="lineEndings[./xml/decoders/soundtraxx/ECOenumCurve.xml]" classname="jmri.util.FileLineEndingsTest" time="0.001"/>
  <testcase name="lineEndings[./xml/decoders/soundtraxx/TSU2enumChoiceElectricAirHorn.xml]" classname="jmri.util.FileLineEndingsTest" time="0.001"/>
  <testcase name="lineEndings[./xml/decoders/soundtraxx/TSUenumDynamic.xml]" classname="jmri.util.FileLineEndingsTest" time="0.001"/>
  <testcase name="lineEndings[./xml/decoders/soundtraxx/TSUenumManAuto.xml]" classname="jmri.util.FileLineEndingsTest" time="0.001"/>
  <testcase name="lineEndings[./xml/decoders/soundtraxx/ECOenumPrimeMover2Athearn.xml]" classname="jmri.util.FileLineEndingsTest" time="0.001"/>
  <testcase name="lineEndings[./xml/decoders/soundtraxx/ECOCVconsistF13-28.xml]" classname="jmri.util.FileLineEndingsTest" time="0"/>
  <testcase name="lineEndings[./xml/decoders/soundtraxx/TSUenumCam.xml]" classname="jmri.util.FileLineEndingsTest" time="0.001"/>
  <testcase name="lineEndings[./xml/decoders/soundtraxx/SNDlegacyPaneFnMap.xml]" classname="jmri.util.FileLineEndingsTest" time="0.001"/>
  <testcase name="lineEndings[./xml/decoders/soundtraxx/ECOPaneFnMap.xml]" classname="jmri.util.FileLineEndingsTest" time="0.001"/>
  <testcase name="lineEndings[./xml/decoders/soundtraxx/SNDPaneFnMap.xml]" classname="jmri.util.FileLineEndingsTest" time="0.001"/>
  <testcase name="lineEndings[./xml/decoders/soundtraxx/TSU2enumChoiceDieselEMD645Athearn.xml]" classname="jmri.util.FileLineEndingsTest" time="0.001"/>
  <testcase name="lineEndings[./xml/decoders/soundtraxx/ECOenumPrimeMover1Athearn.xml]" classname="jmri.util.FileLineEndingsTest" time="0.001"/>
  <testcase name="lineEndings[./xml/decoders/soundtraxx/TSUenumR17RL.xml]" classname="jmri.util.FileLineEndingsTest" time="0.001"/>
  <testcase name="lineEndings[./xml/decoders/soundtraxx/TSU2CV.xml]" classname="jmri.util.FileLineEndingsTest" time="0.001"/>
  <testcase name="lineEndings[./xml/decoders/soundtraxx/TSU2enumDieselBell.xml]" classname="jmri.util.FileLineEndingsTest" time="0"/>
  <testcase name="lineEndings[./xml/decoders/soundtraxx/TSUenumAirPump.xml]" classname="jmri.util.FileLineEndingsTest" time="0.001"/>
  <testcase name="lineEndings[./xml/decoders/soundtraxx/OEMAthearnCV.xml]" classname="jmri.util.FileLineEndingsTest" time="0.002"/>
  <testcase name="lineEndings[./xml/decoders/soundtraxx/ECOCVFnMapUK.xml]" classname="jmri.util.FileLineEndingsTest" time="0.001"/>
  <testcase name="lineEndings[./xml/decoders/soundtraxx/ECOCVanalogF13-28.xml]" classname="jmri.util.FileLineEndingsTest" time="0.001"/>
  <testcase name="lineEndings[./xml/decoders/soundtraxx/TSUenumRPM.xml]" classname="jmri.util.FileLineEndingsTest" time="0.001"/>
  <testcase name="lineEndings[./xml/decoders/soundtraxx/TSU2enumChoiceDieselEMD645_2Athearn.xml]" classname="jmri.util.FileLineEndingsTest" time="0.001"/>
  <testcase name="lineEndings[./xml/decoders/doehler_haass/cv137_bits4-5.xml]" classname="jmri.util.FileLineEndingsTest" time="0.001"/>
  <testcase name="lineEndings[./xml/decoders/doehler_haass/cv135-136_144_railcom_fw3.06.xml]" classname="jmri.util.FileLineEndingsTest" time="0"/>
  <testcase name="lineEndings[./xml/decoders/doehler_haass/cv145-152_fw3.06.xml]" classname="jmri.util.FileLineEndingsTest" time="0.001"/>
  <testcase name="lineEndings[./xml/decoders/doehler_haass/choice-F1F8.xml]" classname="jmri.util.FileLineEndingsTest" time="0.001"/>
  <testcase name="lineEndings[./xml/decoders/doehler_haass/SD_cv360-362_960-962.xml]" classname="jmri.util.FileLineEndingsTest" time="0.001"/>
  <testcase name="lineEndings[./xml/decoders/doehler_haass/Pane_susi_aux.xml]" classname="jmri.util.FileLineEndingsTest" time="0.001"/>
  <testcase name="lineEndings[./xml/decoders/doehler_haass/Susi-SD_enum-map-aux.xml]" classname="jmri.util.FileLineEndingsTest" time="0.001"/>
  <testcase name="lineEndings[./xml/decoders/doehler_haass/cv137_susi_fw3.05.xml]" classname="jmri.util.FileLineEndingsTest" time="0.001"/>
  <testcase name="lineEndings[./xml/decoders/doehler_haass/SD_cv350_950.xml]" classname="jmri.util.FileLineEndingsTest" time="0"/>
  <testcase name="lineEndings[./xml/decoders/doehler_haass/Pane_motorola.xml]" classname="jmri.util.FileLineEndingsTest" time="0.001"/>
  <testcase name="lineEndings[./xml/decoders/doehler_haass/cv28-29_railcom_base.xml]" classname="jmri.util.FileLineEndingsTest" time="0.001"/>
  <testcase name="lineEndings[./xml/decoders/doehler_haass/Pane_info.xml]" classname="jmri.util.FileLineEndingsTest" time="0.001"/>
  <testcase name="lineEndings[./xml/decoders/doehler_haass/Vars_common_pwr_low.xml]" classname="jmri.util.FileLineEndingsTest" time="0.001"/>
  <testcase name="lineEndings[./xml/decoders/doehler_haass/SD_cv311-348_911-948.xml]" classname="jmri.util.FileLineEndingsTest" time="0.001"/>
  <testcase name="lineEndings[./xml/decoders/doehler_haass/cv29_analog.xml]" classname="jmri.util.FileLineEndingsTest" time="0.001"/>
  <testcase name="lineEndings[./xml/decoders/doehler_haass/Susi-SD_cv900-905.xml]" classname="jmri.util.FileLineEndingsTest" time="0.001"/>
  <testcase name="lineEndings[./xml/decoders/doehler_haass/cv260-265_fw3.06.xml]" classname="jmri.util.FileLineEndingsTest" time="0.001"/>
  <testcase name="lineEndings[./xml/decoders/doehler_haass/cv125-133_fw3.06.xml]" classname="jmri.util.FileLineEndingsTest" time="0.001"/>
  <testcase name="lineEndings[./xml/decoders/doehler_haass/Vars_post2012_dc.xml]" classname="jmri.util.FileLineEndingsTest" time="0.001"/>
  <testcase name="lineEndings[./xml/decoders/doehler_haass/Pane_common.xml]" classname="jmri.util.FileLineEndingsTest" time="0.001"/>
  <testcase name="lineEndings[./xml/decoders/doehler_haass/cv137.xml]" classname="jmri.util.FileLineEndingsTest" time="0"/>
  <testcase name="lineEndings[./xml/decoders/doehler_haass/cv124_fw3.06.xml]" classname="jmri.util.FileLineEndingsTest" time="0.001"/>
  <testcase name="lineEndings[./xml/decoders/doehler_haass/cv137_adv_function_fw3.06.xml]" classname="jmri.util.FileLineEndingsTest" time="0.001"/>
  <testcase name="lineEndings[./xml/decoders/doehler_haass/Pane_function_fw3.06.xml]" classname="jmri.util.FileLineEndingsTest" time="0.001"/>
  <testcase name="lineEndings[./xml/decoders/doehler_haass/SD_cv12_motorola.xml]" classname="jmri.util.FileLineEndingsTest" time="0.001"/>
  <testcase name="lineEndings[./xml/decoders/doehler_haass/Pane_firmware.xml]" classname="jmri.util.FileLineEndingsTest" time="0.001"/>
  <testcase name="lineEndings[./xml/decoders/doehler_haass/SD_cv374-377_974-977.xml]" classname="jmri.util.FileLineEndingsTest" time="0.001"/>
  <testcase name="lineEndings[./xml/decoders/doehler_haass/cv65_fw3.08.xml]" classname="jmri.util.FileLineEndingsTest" time="0.001"/>
  <testcase name="lineEndings[./xml/decoders/doehler_haass/cv14_analogModeFunction.xml]" classname="jmri.util.FileLineEndingsTest" time="0"/>
  <testcase name="lineEndings[./xml/decoders/doehler_haass/SD_cv349_949.xml]" classname="jmri.util.FileLineEndingsTest" time="0.001"/>
  <testcase name="lineEndings[./xml/decoders/doehler_haass/Susi-SD_address.xml]" classname="jmri.util.FileLineEndingsTest" time="0.001"/>
  <testcase name="lineEndings[./xml/decoders/doehler_haass/cv12_motorola.xml]" classname="jmri.util.FileLineEndingsTest" time="0.001"/>
  <testcase name="lineEndings[./xml/decoders/doehler_haass/cv137_susi_fw3.03.xml]" classname="jmri.util.FileLineEndingsTest" time="0.001"/>
  <testcase name="lineEndings[./xml/decoders/doehler_haass/SD_cv351-359_951-959.xml]" classname="jmri.util.FileLineEndingsTest" time="0.001"/>
  <testcase name="lineEndings[./xml/decoders/doehler_haass/Vars_common_pwr_normal.xml]" classname="jmri.util.FileLineEndingsTest" time="0.001"/>
  <testcase name="lineEndings[./xml/decoders/doehler_haass/cv138-143.xml]" classname="jmri.util.FileLineEndingsTest" time="0"/>
  <testcase name="lineEndings[./xml/decoders/doehler_haass/cv137_energysaving_fw3.03.xml]" classname="jmri.util.FileLineEndingsTest" time="0.001"/>
  <testcase name="lineEndings[./xml/decoders/doehler_haass/Vars_common_Trix.xml]" classname="jmri.util.FileLineEndingsTest" time="0.002"/>
  <testcase name="lineEndings[./xml/decoders/doehler_haass/Pane_railcom.xml]" classname="jmri.util.FileLineEndingsTest" time="0.001"/>
  <testcase name="lineEndings[./xml/decoders/doehler_haass/Pane_railcom_fw3.06.xml]" classname="jmri.util.FileLineEndingsTest" time="0"/>
  <testcase name="lineEndings[./xml/decoders/doehler_haass/cv135-136_railcom_fw3.03.xml]" classname="jmri.util.FileLineEndingsTest" time="0.001"/>
  <testcase name="lineEndings[./xml/decoders/doehler_haass/SD_cv137_bits1-2.xml]" classname="jmri.util.FileLineEndingsTest" time="0.001"/>
  <testcase name="lineEndings[./xml/decoders/doehler_haass/cv12_motorola_fw3.06.xml]" classname="jmri.util.FileLineEndingsTest" time="0.001"/>
  <testcase name="lineEndings[./xml/decoders/doehler_haass/SD_cv364-373_964-973.xml]" classname="jmri.util.FileLineEndingsTest" time="0.001"/>
  <testcase name="lineEndings[./xml/decoders/doehler_haass/Pane_susi.xml]" classname="jmri.util.FileLineEndingsTest" time="0.001"/>
  <testcase name="lineEndings[./xml/decoders/doehler_haass/cv153_fw3.06.xml]" classname="jmri.util.FileLineEndingsTest" time="0.001"/>
  <testcase name="lineEndings[./xml/decoders/doehler_haass/cv65_95.xml]" classname="jmri.util.FileLineEndingsTest" time="0.001"/>
  <testcase name="lineEndings[./xml/decoders/doehler_haass/SD_cv137_bits4-5.xml]" classname="jmri.util.FileLineEndingsTest" time="0"/>
  <testcase name="lineEndings[./xml/decoders/doehler_haass/Susi-SD_cv908-909.xml]" classname="jmri.util.FileLineEndingsTest" time="0.001"/>
  <testcase name="lineEndings[./xml/decoders/doehler_haass/Vars_common.xml]" classname="jmri.util.FileLineEndingsTest" time="0.002"/>
  <testcase name="lineEndings[./xml/decoders/doehler_haass/SD_cv138-143.xml]" classname="jmri.util.FileLineEndingsTest" time="0.001"/>
  <testcase name="lineEndings[./xml/decoders/doehler_haass/SD_cv125-133.xml]" classname="jmri.util.FileLineEndingsTest" time="0.001"/>
  <testcase name="lineEndings[./xml/decoders/doehler_haass/Susi-SD_enum-map.xml]" classname="jmri.util.FileLineEndingsTest" time="0.001"/>
  <testcase name="lineEndings[./xml/decoders/doehler_haass/SD_cv137_bits0.xml]" classname="jmri.util.FileLineEndingsTest" time="0"/>
  <testcase name="lineEndings[./xml/decoders/doehler_haass/Vars_post2012_base.xml]" classname="jmri.util.FileLineEndingsTest" time="0"/>
  <testcase name="lineEndings[./xml/decoders/doehler_haass/cv154-155_fw3.06.xml]" classname="jmri.util.FileLineEndingsTest" time="0.001"/>
  <testcase name="lineEndings[./xml/decoders/doehler_haass/Pane_StartBrakeShunt.xml]" classname="jmri.util.FileLineEndingsTest" time="0.001"/>
  <testcase name="lineEndings[./xml/decoders/MRC_soundbrilliance1952.xml]" classname="jmri.util.FileLineEndingsTest" time="0.001"/>
  <testcase name="lineEndings[./xml/decoders/TCS_Fn_FW41.xml]" classname="jmri.util.FileLineEndingsTest" time="0.001"/>
  <testcase name="lineEndings[./xml/decoders/RR-CirKits-TowerController-Mark-II.xml]" classname="jmri.util.FileLineEndingsTest" time="0.005"/>
  <testcase name="lineEndings[./xml/decoders/MERG_ACC5.xml]" classname="jmri.util.FileLineEndingsTest" time="0.001"/>
  <testcase name="lineEndings[./xml/decoders/qsi/ChoiceMovV9.xml]" classname="jmri.util.FileLineEndingsTest" time="0.001"/>
  <testcase name="lineEndings[./xml/decoders/qsi/ChoiceLowNeuV7.xml]" classname="jmri.util.FileLineEndingsTest" time="0.001"/>
  <testcase name="lineEndings[./xml/decoders/qsi/SteamBellV8.xml]" classname="jmri.util.FileLineEndingsTest" time="0"/>
  <testcase name="lineEndings[./xml/decoders/qsi/enum-Speaker.xml]" classname="jmri.util.FileLineEndingsTest" time="0.001"/>
  <testcase name="lineEndings[./xml/decoders/qsi/SteamWhistleV8.xml]" classname="jmri.util.FileLineEndingsTest" time="0.001"/>
  <testcase name="lineEndings[./xml/decoders/qsi/ChoiceNeuV8.xml]" classname="jmri.util.FileLineEndingsTest" time="0.001"/>
  <testcase name="lineEndings[./xml/decoders/qsi/DieselDynamicV8.xml]" classname="jmri.util.FileLineEndingsTest" time="0.001"/>
  <testcase name="lineEndings[./xml/decoders/qsi/ChoiceMovV8.xml]" classname="jmri.util.FileLineEndingsTest" time="0.001"/>
  <testcase name="lineEndings[./xml/decoders/qsi/PaneLightControlV7.xml]" classname="jmri.util.FileLineEndingsTest" time="0.001"/>
  <testcase name="lineEndings[./xml/decoders/qsi/SteamChuffV8.xml]" classname="jmri.util.FileLineEndingsTest" time="0"/>
  <testcase name="lineEndings[./xml/decoders/qsi/ChoiceHighV7.xml]" classname="jmri.util.FileLineEndingsTest" time="0.001"/>
  <testcase name="lineEndings[./xml/decoders/qsi/DieselHornV8.xml]" classname="jmri.util.FileLineEndingsTest" time="0.001"/>
  <testcase name="lineEndings[./xml/decoders/qsi/PaneBemfV7.xml]" classname="jmri.util.FileLineEndingsTest" time="0.001"/>
  <testcase name="lineEndings[./xml/decoders/qsi/PaneQSIMiscV7.xml]" classname="jmri.util.FileLineEndingsTest" time="0.001"/>
  <testcase name="lineEndings[./xml/decoders/qsi/PaneReadyMoveV8.xml]" classname="jmri.util.FileLineEndingsTest" time="0.001"/>
  <testcase name="lineEndings[./xml/decoders/qsi/PaneFunctionOutputV7.xml]" classname="jmri.util.FileLineEndingsTest" time="0.001"/>
  <testcase name="lineEndings[./xml/decoders/qsi/DieselAirPumpV8.xml]" classname="jmri.util.FileLineEndingsTest" time="0"/>
  <testcase name="lineEndings[./xml/decoders/qsi/PaneMultiAutoLightsV7.xml]" classname="jmri.util.FileLineEndingsTest" time="0.001"/>
  <testcase name="lineEndings[./xml/decoders/qsi/DieselFanV8.xml]" classname="jmri.util.FileLineEndingsTest" time="0.001"/>
  <testcase name="lineEndings[./xml/decoders/qsi/PaneVolumeV9.xml]" classname="jmri.util.FileLineEndingsTest" time="0.001"/>
  <testcase name="lineEndings[./xml/decoders/qsi/ResetStandard.xml]" classname="jmri.util.FileLineEndingsTest" time="0.001"/>
  <testcase name="lineEndings[./xml/decoders/qsi/PaneBalanceV9.xml]" classname="jmri.util.FileLineEndingsTest" time="0.001"/>
  <testcase name="lineEndings[./xml/decoders/qsi/ProductNumber.xml]" classname="jmri.util.FileLineEndingsTest" time="0"/>
  <testcase name="lineEndings[./xml/decoders/qsi/SteamAirPumpV8.xml]" classname="jmri.util.FileLineEndingsTest" time="0.001"/>
  <testcase name="lineEndings[./xml/decoders/qsi/SteamGeneratorV8.xml]" classname="jmri.util.FileLineEndingsTest" time="0.001"/>
  <testcase name="lineEndings[./xml/decoders/qsi/PaneVolumeV7.xml]" classname="jmri.util.FileLineEndingsTest" time="0.001"/>
  <testcase name="lineEndings[./xml/decoders/qsi/PaneSoundControlV7.xml]" classname="jmri.util.FileLineEndingsTest" time="0.001"/>
  <testcase name="lineEndings[./xml/decoders/qsi/DieselMotorV8.xml]" classname="jmri.util.FileLineEndingsTest" time="0.001"/>
  <testcase name="lineEndings[./xml/decoders/qsi/PaneSelectV8.xml]" classname="jmri.util.FileLineEndingsTest" time="0"/>
  <testcase name="lineEndings[./xml/decoders/qsi/DieselBellV8.xml]" classname="jmri.util.FileLineEndingsTest" time="0.001"/>
  <testcase name="lineEndings[./xml/decoders/qsi/PanePortV8.xml]" classname="jmri.util.FileLineEndingsTest" time="0.001"/>
  <testcase name="lineEndings[./xml/decoders/qsi/ChoiceLowMovV7.xml]" classname="jmri.util.FileLineEndingsTest" time="0.001"/>
  <testcase name="lineEndings[./xml/decoders/qsi/PaneBalanceV8.xml]" classname="jmri.util.FileLineEndingsTest" time="0.001"/>
  <testcase name="lineEndings[./xml/decoders/qsi/ChoiceNeuV9.xml]" classname="jmri.util.FileLineEndingsTest" time="0.001"/>
  <testcase name="lineEndings[./xml/decoders/nce/enum-outputEffectV30.xml]" classname="jmri.util.FileLineEndingsTest" time="0.001"/>
  <testcase name="lineEndings[./xml/decoders/nce/lightItEnumFunction.xml]" classname="jmri.util.FileLineEndingsTest" time="0"/>
  <testcase name="lineEndings[./xml/decoders/nce/lightItEnumSignalEffect.xml]" classname="jmri.util.FileLineEndingsTest" time="0.001"/>
  <testcase name="lineEndings[./xml/decoders/nce/enum-outputType.xml]" classname="jmri.util.FileLineEndingsTest" time="0.001"/>
  <testcase name="lineEndings[./xml/decoders/nce/lightItEnumLightEffect.xml]" classname="jmri.util.FileLineEndingsTest" time="0.001"/>
  <testcase name="lineEndings[./xml/decoders/nce/lightItBasicPane.xml]" classname="jmri.util.FileLineEndingsTest" time="0.001"/>
  <testcase name="lineEndings[./xml/decoders/nce/lightItOutputsPane.xml]" classname="jmri.util.FileLineEndingsTest" time="0.001"/>
  <testcase name="lineEndings[./xml/decoders/nce/lightItCVs.xml]" classname="jmri.util.FileLineEndingsTest" time="0.001"/>
  <testcase name="lineEndings[./xml/decoders/nce/enum-outputActive.xml]" classname="jmri.util.FileLineEndingsTest" time="0.001"/>
  <testcase name="lineEndings[./xml/decoders/nce/enum-outputEffectV35.xml]" classname="jmri.util.FileLineEndingsTest" time="0"/>
  <testcase name="lineEndings[./xml/decoders/TAMS_FD-LED.xml]" classname="jmri.util.FileLineEndingsTest" time="0.002"/>
  <testcase name="lineEndings[./xml/decoders/Mistral_GOLD_V6.xml]" classname="jmri.util.FileLineEndingsTest" time="0.001"/>
  <testcase name="lineEndings[./xml/decoders/Zimo_Unified_software_MX620v28.xml]" classname="jmri.util.FileLineEndingsTest" time="0"/>
  <testcase name="lineEndings[./xml/decoders/mrc/enum-LightEffect17.xml]" classname="jmri.util.FileLineEndingsTest" time="0.001"/>
  <testcase name="lineEndings[./xml/decoders/mrc/enum-PrimeMover6.xml]" classname="jmri.util.FileLineEndingsTest" time="0.001"/>
  <testcase name="lineEndings[./xml/decoders/mrc/enum-PrimeMover4off.xml]" classname="jmri.util.FileLineEndingsTest" time="0.001"/>
  <testcase name="lineEndings[./xml/decoders/mrc/FunctionExchange.xml]" classname="jmri.util.FileLineEndingsTest" time="0.001"/>
  <testcase name="lineEndings[./xml/decoders/mrc/motorBEMF_cv112_113_114_124.xml]" classname="jmri.util.FileLineEndingsTest" time="0.001"/>
  <testcase name="lineEndings[./xml/decoders/mrc/enum-LightEffect5.xml]" classname="jmri.util.FileLineEndingsTest" time="0"/>
  <testcase name="lineEndings[./xml/decoders/mrc/motorBEMF_cv113_114_124.xml]" classname="jmri.util.FileLineEndingsTest" time="0.001"/>
  <testcase name="lineEndings[./xml/decoders/mrc/enum-LightEffect6.xml]" classname="jmri.util.FileLineEndingsTest" time="0.001"/>
  <testcase name="lineEndings[./xml/decoders/CT_Elektronik_Sound_SL_v100.xml]" classname="jmri.util.FileLineEndingsTest" time="0.002"/>
  <testcase name="lineEndings[./xml/decoders/tvd/LedEffect.xml]" classname="jmri.util.FileLineEndingsTest" time="0.001"/>
  <testcase name="lineEndings[./xml/decoders/tvd/DetRange.xml]" classname="jmri.util.FileLineEndingsTest" time="0.001"/>
  <testcase name="lineEndings[./xml/decoders/tvd/SensorSense.xml]" classname="jmri.util.FileLineEndingsTest" time="0"/>
  <testcase name="lineEndings[./xml/decoders/tvd/DirectionalSpeed.xml]" classname="jmri.util.FileLineEndingsTest" time="0.001"/>
  <testcase name="lineEndings[./xml/decoders/tvd/AspectMode.xml]" classname="jmri.util.FileLineEndingsTest" time="0.001"/>
  <testcase name="lineEndings[./xml/decoders/tvd/RouteType.xml]" classname="jmri.util.FileLineEndingsTest" time="0.001"/>
  <testcase name="lineEndings[./xml/decoders/tvd/SignalAspectSelect.xml]" classname="jmri.util.FileLineEndingsTest" time="0.001"/>
  <testcase name="lineEndings[./xml/decoders/tvd/InputLedMode.xml]" classname="jmri.util.FileLineEndingsTest" time="0.001"/>
  <testcase name="lineEndings[./xml/decoders/tvd/LedOutput.xml]" classname="jmri.util.FileLineEndingsTest" time="0"/>
  <testcase name="lineEndings[./xml/decoders/tvd/DetInputSignal.xml]" classname="jmri.util.FileLineEndingsTest" time="0.001"/>
  <testcase name="lineEndings[./xml/decoders/tvd/LedBrightness.xml]" classname="jmri.util.FileLineEndingsTest" time="0.001"/>
  <testcase name="lineEndings[./xml/decoders/tvd/LampFade.xml]" classname="jmri.util.FileLineEndingsTest" time="0.001"/>
  <testcase name="lineEndings[./xml/decoders/tvd/InputAction.xml]" classname="jmri.util.FileLineEndingsTest" time="0.001"/>
  <testcase name="lineEndings[./xml/decoders/tvd/LedModeDet.xml]" classname="jmri.util.FileLineEndingsTest" time="0"/>
  <testcase name="lineEndings[./xml/decoders/tvd/LedSense.xml]" classname="jmri.util.FileLineEndingsTest" time="0"/>
  <testcase name="lineEndings[./xml/decoders/tvd/RapidStart.xml]" classname="jmri.util.FileLineEndingsTest" time="0.001"/>
  <testcase name="lineEndings[./xml/decoders/tvd/InUse.xml]" classname="jmri.util.FileLineEndingsTest" time="0.001"/>
  <testcase name="lineEndings[./xml/decoders/tvd/LampType.xml]" classname="jmri.util.FileLineEndingsTest" time="0.001"/>
  <testcase name="lineEndings[./xml/decoders/tvd/InputMessageCondition.xml]" classname="jmri.util.FileLineEndingsTest" time="0.001"/>
  <testcase name="lineEndings[./xml/decoders/tvd/LampCommon.xml]" classname="jmri.util.FileLineEndingsTest" time="0"/>
  <testcase name="lineEndings[./xml/decoders/tvd/InputMessageDevice.xml]" classname="jmri.util.FileLineEndingsTest" time="0.001"/>
  <testcase name="lineEndings[./xml/decoders/tvd/LedPaneHeader.xml]" classname="jmri.util.FileLineEndingsTest" time="0.001"/>
  <testcase name="lineEndings[./xml/decoders/tvd/RouteEntry.xml]" classname="jmri.util.FileLineEndingsTest" time="0.001"/>
  <testcase name="lineEndings[./xml/decoders/tvd/CascadeTrigger.xml]" classname="jmri.util.FileLineEndingsTest" time="0.001"/>
  <testcase name="lineEndings[./xml/decoders/tvd/CascadeAction.xml]" classname="jmri.util.FileLineEndingsTest" time="0.001"/>
  <testcase name="lineEndings[./xml/decoders/tvd/InputTrigger.xml]" classname="jmri.util.FileLineEndingsTest" time="0"/>
  <testcase name="lineEndings[./xml/decoders/tvd/InputFreeze.xml]" classname="jmri.util.FileLineEndingsTest" time="0.001"/>
  <testcase name="lineEndings[./xml/decoders/tvd/TurnoutGroupSelect.xml]" classname="jmri.util.FileLineEndingsTest" time="0.001"/>
  <testcase name="lineEndings[./xml/decoders/tvd/AspectBicolor.xml]" classname="jmri.util.FileLineEndingsTest" time="0.001"/>
  <testcase name="lineEndings[./xml/decoders/tvd/LampGroup.xml]" classname="jmri.util.FileLineEndingsTest" time="0.001"/>
  <testcase name="lineEndings[./xml/decoders/tvd/Route1Type.xml]" classname="jmri.util.FileLineEndingsTest" time="0"/>
  <testcase name="lineEndings[./xml/decoders/tvd/ServoLock.xml]" classname="jmri.util.FileLineEndingsTest" time="0.001"/>
  <testcase name="lineEndings[./xml/decoders/tvd/AddrMode.xml]" classname="jmri.util.FileLineEndingsTest" time="0.001"/>
  <testcase name="lineEndings[./xml/decoders/tvd/InputTypeMain.xml]" classname="jmri.util.FileLineEndingsTest" time="0.001"/>
  <testcase name="lineEndings[./xml/decoders/tvd/InputMessageAction.xml]" classname="jmri.util.FileLineEndingsTest" time="0.001"/>
  <testcase name="lineEndings[./xml/decoders/tvd/LedMode.xml]" classname="jmri.util.FileLineEndingsTest" time="0.001"/>
  <testcase name="lineEndings[./xml/decoders/tvd/ServoMessage.xml]" classname="jmri.util.FileLineEndingsTest" time="0"/>
  <testcase name="lineEndings[./xml/decoders/tvd/TurnoutSense.xml]" classname="jmri.util.FileLineEndingsTest" time="0.001"/>
  <testcase name="lineEndings[./xml/decoders/tvd/InputTypeAux.xml]" classname="jmri.util.FileLineEndingsTest" time="0.001"/>
  <testcase name="lineEndings[./xml/decoders/tvd/DetSensitivity.xml]" classname="jmri.util.FileLineEndingsTest" time="0.001"/>
  <testcase name="lineEndings[./xml/decoders/rr-cirkits/ChoicePaired.xml]" classname="jmri.util.FileLineEndingsTest" time="0.001"/>
  <testcase name="lineEndings[./xml/decoders/rr-cirkits/ChoiceLD.xml]" classname="jmri.util.FileLineEndingsTest" time="0.001"/>
  <testcase name="lineEndings[./xml/decoders/rr-cirkits/ChoiceLampBP.xml]" classname="jmri.util.FileLineEndingsTest" time="0"/>
  <testcase name="lineEndings[./xml/decoders/rr-cirkits/ChoiceTiming.xml]" classname="jmri.util.FileLineEndingsTest" time="0.001"/>
  <testcase name="lineEndings[./xml/decoders/rr-cirkits/PaneLNCPMastsD.xml]" classname="jmri.util.FileLineEndingsTest" time="0.001"/>
  <testcase name="lineEndings[./xml/decoders/rr-cirkits/PaneMotorManC.xml]" classname="jmri.util.FileLineEndingsTest" time="0.001"/>
  <testcase name="lineEndings[./xml/decoders/rr-cirkits/PaneM2IOC1.xml]" classname="jmri.util.FileLineEndingsTest" time="0"/>
  <testcase name="lineEndings[./xml/decoders/rr-cirkits/ChoiceRate.xml]" classname="jmri.util.FileLineEndingsTest" time="0.001"/>
  <testcase name="lineEndings[./xml/decoders/rr-cirkits/ChoiceOpcode.xml]" classname="jmri.util.FileLineEndingsTest" time="0.001"/>
  <testcase name="lineEndings[./xml/decoders/rr-cirkits/ChoiceEnd.xml]" classname="jmri.util.FileLineEndingsTest" time="0.001"/>
  <testcase name="lineEndings[./xml/decoders/rr-cirkits/ChoicePairedEven.xml]" classname="jmri.util.FileLineEndingsTest" time="0"/>
  <testcase name="lineEndings[./xml/decoders/rr-cirkits/Choice3Transition.xml]" classname="jmri.util.FileLineEndingsTest" time="0.001"/>
  <testcase name="lineEndings[./xml/decoders/rr-cirkits/ChoiceStepperMove.xml]" classname="jmri.util.FileLineEndingsTest" time="0.001"/>
  <testcase name="lineEndings[./xml/decoders/rr-cirkits/PaneLogicD.xml]" classname="jmri.util.FileLineEndingsTest" time="0.001"/>
  <testcase name="lineEndings[./xml/decoders/rr-cirkits/ChoicePairedOutA.xml]" classname="jmri.util.FileLineEndingsTest" time="0"/>
  <testcase name="lineEndings[./xml/decoders/rr-cirkits/PaneOB1.xml]" classname="jmri.util.FileLineEndingsTest" time="0.001"/>
  <testcase name="lineEndings[./xml/decoders/rr-cirkits/PaneIOB2.xml]" classname="jmri.util.FileLineEndingsTest" time="0.001"/>
  <testcase name="lineEndings[./xml/decoders/rr-cirkits/PaneM2IOB2.xml]" classname="jmri.util.FileLineEndingsTest" time="0.001"/>
  <testcase name="lineEndings[./xml/decoders/rr-cirkits/ChoiceInterval.xml]" classname="jmri.util.FileLineEndingsTest" time="0"/>
  <testcase name="lineEndings[./xml/decoders/rr-cirkits/PaneLNCPDetectors.xml]" classname="jmri.util.FileLineEndingsTest" time="0.001"/>
  <testcase name="lineEndings[./xml/decoders/rr-cirkits/ChoiceOutputPolarity.xml]" classname="jmri.util.FileLineEndingsTest" time="0.001"/>
  <testcase name="lineEndings[./xml/decoders/rr-cirkits/ChoiceSLamp.xml]" classname="jmri.util.FileLineEndingsTest" time="0.001"/>
  <testcase name="lineEndings[./xml/decoders/rr-cirkits/ChoiceTimingB.xml]" classname="jmri.util.FileLineEndingsTest" time="0"/>
  <testcase name="lineEndings[./xml/decoders/rr-cirkits/PaneLNCPOutputA.xml]" classname="jmri.util.FileLineEndingsTest" time="0.001"/>
  <testcase name="lineEndings[./xml/decoders/rr-cirkits/ChoicePolarity.xml]" classname="jmri.util.FileLineEndingsTest" time="0.001"/>
  <testcase name="lineEndings[./xml/decoders/rr-cirkits/PaneStepper1.xml]" classname="jmri.util.FileLineEndingsTest" time="0.001"/>
  <testcase name="lineEndings[./xml/decoders/rr-cirkits/ChoiceLamp.xml]" classname="jmri.util.FileLineEndingsTest" time="0"/>
  <testcase name="lineEndings[./xml/decoders/rr-cirkits/PaneSMOC1.xml]" classname="jmri.util.FileLineEndingsTest" time="0.001"/>
  <testcase name="lineEndings[./xml/decoders/rr-cirkits/PaneM2IOD2.xml]" classname="jmri.util.FileLineEndingsTest" time="0.001"/>
  <testcase name="lineEndings[./xml/decoders/rr-cirkits/PaneIOA2.xml]" classname="jmri.util.FileLineEndingsTest" time="0.001"/>
  <testcase name="lineEndings[./xml/decoders/rr-cirkits/PaneLNCPLogicB.xml]" classname="jmri.util.FileLineEndingsTest" time="0"/>
  <testcase name="lineEndings[./xml/decoders/rr-cirkits/Choice2Transition.xml]" classname="jmri.util.FileLineEndingsTest" time="0.001"/>
  <testcase name="lineEndings[./xml/decoders/rr-cirkits/PaneLNCPLogicD.xml]" classname="jmri.util.FileLineEndingsTest" time="0.001"/>
  <testcase name="lineEndings[./xml/decoders/rr-cirkits/ChoiceAspect.xml]" classname="jmri.util.FileLineEndingsTest" time="0.001"/>
  <testcase name="lineEndings[./xml/decoders/rr-cirkits/PaneM2IOE1.xml]" classname="jmri.util.FileLineEndingsTest" time="0.001"/>
  <testcase name="lineEndings[./xml/decoders/rr-cirkits/PaneStepper4.xml]" classname="jmri.util.FileLineEndingsTest" time="0"/>
  <testcase name="lineEndings[./xml/decoders/rr-cirkits/ChoiceOutPolarity.xml]" classname="jmri.util.FileLineEndingsTest" time="0.001"/>
  <testcase name="lineEndings[./xml/decoders/rr-cirkits/PaneM2IOG2.xml]" classname="jmri.util.FileLineEndingsTest" time="0.001"/>
  <testcase name="lineEndings[./xml/decoders/rr-cirkits/ChoiceLMode.xml]" classname="jmri.util.FileLineEndingsTest" time="0.001"/>
  <testcase name="lineEndings[./xml/decoders/rr-cirkits/PaneSMOB1.xml]" classname="jmri.util.FileLineEndingsTest" time="0"/>
  <testcase name="lineEndings[./xml/decoders/rr-cirkits/ChoiceCT.xml]" classname="jmri.util.FileLineEndingsTest" time="0.001"/>
  <testcase name="lineEndings[./xml/decoders/rr-cirkits/ChoiceLampEffect.xml]" classname="jmri.util.FileLineEndingsTest" time="0.001"/>
  <testcase name="lineEndings[./xml/decoders/rr-cirkits/PaneSignalManMastsD.xml]" classname="jmri.util.FileLineEndingsTest" time="0.001"/>
  <testcase name="lineEndings[./xml/decoders/rr-cirkits/PaneLogicC.xml]" classname="jmri.util.FileLineEndingsTest" time="0"/>
  <testcase name="lineEndings[./xml/decoders/rr-cirkits/PaneLNCPInputA.xml]" classname="jmri.util.FileLineEndingsTest" time="0.001"/>
  <testcase name="lineEndings[./xml/decoders/rr-cirkits/ChoiceSS.xml]" classname="jmri.util.FileLineEndingsTest" time="0.001"/>
  <testcase name="lineEndings[./xml/decoders/rr-cirkits/PaneWMA2.xml]" classname="jmri.util.FileLineEndingsTest" time="0.001"/>
  <testcase name="lineEndings[./xml/decoders/rr-cirkits/PaneM2IOH1.xml]" classname="jmri.util.FileLineEndingsTest" time="0"/>
  <testcase name="lineEndings[./xml/decoders/rr-cirkits/PaneLNCPLogicH.xml]" classname="jmri.util.FileLineEndingsTest" time="0.001"/>
  <testcase name="lineEndings[./xml/decoders/rr-cirkits/PaneSMOC2.xml]" classname="jmri.util.FileLineEndingsTest" time="0.001"/>
  <testcase name="lineEndings[./xml/decoders/rr-cirkits/PaneM2IOB1.xml]" classname="jmri.util.FileLineEndingsTest" time="0.001"/>
  <testcase name="lineEndings[./xml/decoders/rr-cirkits/PaneLNCPLogicC.xml]" classname="jmri.util.FileLineEndingsTest" time="0.001"/>
  <testcase name="lineEndings[./xml/decoders/rr-cirkits/PaneLNCPLogicG.xml]" classname="jmri.util.FileLineEndingsTest" time="0.001"/>
  <testcase name="lineEndings[./xml/decoders/rr-cirkits/PaneM2IOF1.xml]" classname="jmri.util.FileLineEndingsTest" time="0"/>
  <testcase name="lineEndings[./xml/decoders/rr-cirkits/PaneOB2.xml]" classname="jmri.util.FileLineEndingsTest" time="0.001"/>
  <testcase name="lineEndings[./xml/decoders/rr-cirkits/ChoiceSignalManLampEffect.xml]" classname="jmri.util.FileLineEndingsTest" time="0.001"/>
  <testcase name="lineEndings[./xml/decoders/rr-cirkits/ChoiceInputPolarity.xml]" classname="jmri.util.FileLineEndingsTest" time="0.001"/>
  <testcase name="lineEndings[./xml/decoders/rr-cirkits/ChoiceEvaluate.xml]" classname="jmri.util.FileLineEndingsTest" time="0"/>
  <testcase name="lineEndings[./xml/decoders/rr-cirkits/ChoiceTC.xml]" classname="jmri.util.FileLineEndingsTest" time="0.001"/>
  <testcase name="lineEndings[./xml/decoders/rr-cirkits/ChoiceSwitchManLampEffect.xml]" classname="jmri.util.FileLineEndingsTest" time="0.001"/>
  <testcase name="lineEndings[./xml/decoders/rr-cirkits/ChoiceOp.xml]" classname="jmri.util.FileLineEndingsTest" time="0"/>
  <testcase name="lineEndings[./xml/decoders/rr-cirkits/PaneStepper3.xml]" classname="jmri.util.FileLineEndingsTest" time="0.001"/>
  <testcase name="lineEndings[./xml/decoders/rr-cirkits/PaneM2IOC2.xml]" classname="jmri.util.FileLineEndingsTest" time="0.001"/>
  <testcase name="lineEndings[./xml/decoders/rr-cirkits/ChoiceIntervalt.xml]" classname="jmri.util.FileLineEndingsTest" time="0.001"/>
  <testcase name="lineEndings[./xml/decoders/rr-cirkits/PaneLogicB.xml]" classname="jmri.util.FileLineEndingsTest" time="0.001"/>
  <testcase name="lineEndings[./xml/decoders/rr-cirkits/ChoiceInputEffect.xml]" classname="jmri.util.FileLineEndingsTest" time="0"/>
  <testcase name="lineEndings[./xml/decoders/rr-cirkits/ChoiceMultiple.xml]" classname="jmri.util.FileLineEndingsTest" time="0.001"/>
  <testcase name="lineEndings[./xml/decoders/rr-cirkits/PaneIOB1.xml]" classname="jmri.util.FileLineEndingsTest" time="0.001"/>
  <testcase name="lineEndings[./xml/decoders/rr-cirkits/PaneLNCPLogicF.xml]" classname="jmri.util.FileLineEndingsTest" time="0.001"/>
  <testcase name="lineEndings[./xml/decoders/rr-cirkits/ChoiceColor.xml]" classname="jmri.util.FileLineEndingsTest" time="0"/>
  <testcase name="lineEndings[./xml/decoders/rr-cirkits/PaneMotorManA.xml]" classname="jmri.util.FileLineEndingsTest" time="0.001"/>
  <testcase name="lineEndings[./xml/decoders/rr-cirkits/PaneMotorManD.xml]" classname="jmri.util.FileLineEndingsTest" time="0.001"/>
  <testcase name="lineEndings[./xml/decoders/rr-cirkits/PaneSignalManMastsC.xml]" classname="jmri.util.FileLineEndingsTest" time="0.001"/>
  <testcase name="lineEndings[./xml/decoders/rr-cirkits/PaneLNCPLogicA.xml]" classname="jmri.util.FileLineEndingsTest" time="0.001"/>
  <testcase name="lineEndings[./xml/decoders/rr-cirkits/PaneIOA1.xml]" classname="jmri.util.FileLineEndingsTest" time="0"/>
  <testcase name="lineEndings[./xml/decoders/rr-cirkits/PaneLNCPOutputB.xml]" classname="jmri.util.FileLineEndingsTest" time="0.001"/>
  <testcase name="lineEndings[./xml/decoders/rr-cirkits/PaneBODSensitivity.xml]" classname="jmri.util.FileLineEndingsTest" time="0.001"/>
  <testcase name="lineEndings[./xml/decoders/rr-cirkits/ChoicePairedOutB.xml]" classname="jmri.util.FileLineEndingsTest" time="0.001"/>
  <testcase name="lineEndings[./xml/decoders/rr-cirkits/PaneM2IOE2.xml]" classname="jmri.util.FileLineEndingsTest" time="0"/>
  <testcase name="lineEndings[./xml/decoders/rr-cirkits/PaneM2IOF2.xml]" classname="jmri.util.FileLineEndingsTest" time="0.001"/>
  <testcase name="lineEndings[./xml/decoders/rr-cirkits/PaneSMOB2.xml]" classname="jmri.util.FileLineEndingsTest" time="0.001"/>
  <testcase name="lineEndings[./xml/decoders/rr-cirkits/PaneSMIOA1.xml]" classname="jmri.util.FileLineEndingsTest" time="0.001"/>
  <testcase name="lineEndings[./xml/decoders/rr-cirkits/PaneLNCPMastsA.xml]" classname="jmri.util.FileLineEndingsTest" time="0.001"/>
  <testcase name="lineEndings[./xml/decoders/rr-cirkits/ChoiceTimingA.xml]" classname="jmri.util.FileLineEndingsTest" time="0"/>
  <testcase name="lineEndings[./xml/decoders/rr-cirkits/ChoiceSkip.xml]" classname="jmri.util.FileLineEndingsTest" time="0.001"/>
  <testcase name="lineEndings[./xml/decoders/rr-cirkits/PaneSignalManMastsA.xml]" classname="jmri.util.FileLineEndingsTest" time="0.001"/>
  <testcase name="lineEndings[./xml/decoders/rr-cirkits/ChoiceGroup.xml]" classname="jmri.util.FileLineEndingsTest" time="0.001"/>
  <testcase name="lineEndings[./xml/decoders/rr-cirkits/PaneLNCPMastsB.xml]" classname="jmri.util.FileLineEndingsTest" time="0"/>
  <testcase name="lineEndings[./xml/decoders/rr-cirkits/ChoiceOutputType2.xml]" classname="jmri.util.FileLineEndingsTest" time="0.001"/>
  <testcase name="lineEndings[./xml/decoders/rr-cirkits/PaneLogicA.xml]" classname="jmri.util.FileLineEndingsTest" time="0.001"/>
  <testcase name="lineEndings[./xml/decoders/rr-cirkits/ChoiceOutputInput.xml]" classname="jmri.util.FileLineEndingsTest" time="0.001"/>
  <testcase name="lineEndings[./xml/decoders/rr-cirkits/PaneSMIOA2.xml]" classname="jmri.util.FileLineEndingsTest" time="0"/>
  <testcase name="lineEndings[./xml/decoders/rr-cirkits/PaneMotorManB.xml]" classname="jmri.util.FileLineEndingsTest" time="0.001"/>
  <testcase name="lineEndings[./xml/decoders/rr-cirkits/PaneSignalManMastsB.xml]" classname="jmri.util.FileLineEndingsTest" time="0.001"/>
  <testcase name="lineEndings[./xml/decoders/rr-cirkits/PaneM2IOD1.xml]" classname="jmri.util.FileLineEndingsTest" time="0.001"/>
  <testcase name="lineEndings[./xml/decoders/rr-cirkits/PaneWMA1.xml]" classname="jmri.util.FileLineEndingsTest" time="0.001"/>
  <testcase name="lineEndings[./xml/decoders/rr-cirkits/PaneLNCPLogicE.xml]" classname="jmri.util.FileLineEndingsTest" time="0"/>
  <testcase name="lineEndings[./xml/decoders/rr-cirkits/PaneLNCPInputB.xml]" classname="jmri.util.FileLineEndingsTest" time="0.001"/>
  <testcase name="lineEndings[./xml/decoders/rr-cirkits/ChoiceOutputType.xml]" classname="jmri.util.FileLineEndingsTest" time="0.001"/>
  <testcase name="lineEndings[./xml/decoders/rr-cirkits/PaneLNCPMastsC.xml]" classname="jmri.util.FileLineEndingsTest" time="0.001"/>
  <testcase name="lineEndings[./xml/decoders/rr-cirkits/ChoiceDirection.xml]" classname="jmri.util.FileLineEndingsTest" time="0"/>
  <testcase name="lineEndings[./xml/decoders/rr-cirkits/PaneM2IOG1.xml]" classname="jmri.util.FileLineEndingsTest" time="0.001"/>
  <testcase name="lineEndings[./xml/decoders/rr-cirkits/ChoiceStepperNumber.xml]" classname="jmri.util.FileLineEndingsTest" time="0.001"/>
  <testcase name="lineEndings[./xml/decoders/rr-cirkits/ChoiceInputOutput.xml]" classname="jmri.util.FileLineEndingsTest" time="0.001"/>
  <testcase name="lineEndings[./xml/decoders/rr-cirkits/ChoiceStepperEffect.xml]" classname="jmri.util.FileLineEndingsTest" time="0"/>
  <testcase name="lineEndings[./xml/decoders/rr-cirkits/ChoiceStepperMode.xml]" classname="jmri.util.FileLineEndingsTest" time="0.001"/>
  <testcase name="lineEndings[./xml/decoders/rr-cirkits/PaneLampBrightness.xml]" classname="jmri.util.FileLineEndingsTest" time="0.001"/>
  <testcase name="lineEndings[./xml/decoders/rr-cirkits/Choice1Transition.xml]" classname="jmri.util.FileLineEndingsTest" time="0.001"/>
  <testcase name="lineEndings[./xml/decoders/rr-cirkits/ChoiceMultiplier.xml]" classname="jmri.util.FileLineEndingsTest" time="0"/>
  <testcase name="lineEndings[./xml/decoders/rr-cirkits/ChoiceMode.xml]" classname="jmri.util.FileLineEndingsTest" time="0.001"/>
  <testcase name="lineEndings[./xml/decoders/rr-cirkits/ChoicePairedInA.xml]" classname="jmri.util.FileLineEndingsTest" time="0.001"/>
  <testcase name="lineEndings[./xml/decoders/rr-cirkits/PaneM2IOA2.xml]" classname="jmri.util.FileLineEndingsTest" time="0.001"/>
  <testcase name="lineEndings[./xml/decoders/rr-cirkits/PaneStepper2.xml]" classname="jmri.util.FileLineEndingsTest" time="0"/>
  <testcase name="lineEndings[./xml/decoders/rr-cirkits/PaneM2IOA1.xml]" classname="jmri.util.FileLineEndingsTest" time="0.001"/>
  <testcase name="lineEndings[./xml/decoders/rr-cirkits/PaneM2IOH2.xml]" classname="jmri.util.FileLineEndingsTest" time="0.001"/>
  <testcase name="lineEndings[./xml/decoders/qdecoder/cv64-67debugCVs.xml]" classname="jmri.util.FileLineEndingsTest" time="0.001"/>
  <testcase name="lineEndings[./xml/decoders/qdecoder/cv28bidirectional.xml]" classname="jmri.util.FileLineEndingsTest" time="0"/>
  <testcase name="lineEndings[./xml/decoders/qdecoder/cv53.54.55switchingMode.xml]" classname="jmri.util.FileLineEndingsTest" time="0.001"/>
  <testcase name="lineEndings[./xml/decoders/qdecoder/modesFStandard.xml]" classname="jmri.util.FileLineEndingsTest" time="0.001"/>
  <testcase name="lineEndings[./xml/decoders/qdecoder/cv29bidirectional.xml]" classname="jmri.util.FileLineEndingsTest" time="0.001"/>
  <testcase name="lineEndings[./xml/decoders/qdecoder/enum-SwitchingModesZ1-16plus.xml]" classname="jmri.util.FileLineEndingsTest" time="0.001"/>
  <testcase name="lineEndings[./xml/decoders/qdecoder/choice-SwitchingModeHidden.xml]" classname="jmri.util.FileLineEndingsTest" time="0"/>
  <testcase name="lineEndings[./xml/decoders/qdecoder/address1-function.xml]" classname="jmri.util.FileLineEndingsTest" time="0.001"/>
  <testcase name="lineEndings[./xml/decoders/qdecoder/modesZStandard.xml]" classname="jmri.util.FileLineEndingsTest" time="0.001"/>
  <testcase name="lineEndings[./xml/decoders/qdecoder/mfgVersionId.xml]" classname="jmri.util.FileLineEndingsTest" time="0.001"/>
  <testcase name="lineEndings[./xml/decoders/qdecoder/functionmap.xml]" classname="jmri.util.FileLineEndingsTest" time="0"/>
  <testcase name="lineEndings[./xml/decoders/qdecoder/lightEffects.xml]" classname="jmri.util.FileLineEndingsTest" time="0.001"/>
  <testcase name="lineEndings[./xml/decoders/qdecoder/analogModeFunction.xml]" classname="jmri.util.FileLineEndingsTest" time="0.001"/>
  <testcase name="lineEndings[./xml/decoders/qdecoder/choice-SwitchingModeLampPlus.xml]" classname="jmri.util.FileLineEndingsTest" time="0.001"/>
  <testcase name="lineEndings[./xml/decoders/qdecoder/choice-SwitchingModeBasic.xml]" classname="jmri.util.FileLineEndingsTest" time="0.001"/>
  <testcase name="lineEndings[./xml/decoders/qdecoder/paneLocoAddresses.xml]" classname="jmri.util.FileLineEndingsTest" time="0"/>
  <testcase name="lineEndings[./xml/decoders/qdecoder/enum-SwitchingModesPlus.xml]" classname="jmri.util.FileLineEndingsTest" time="0.001"/>
  <testcase name="lineEndings[./xml/decoders/qdecoder/enum-FunctionGenerator.xml]" classname="jmri.util.FileLineEndingsTest" time="0.001"/>
  <testcase name="lineEndings[./xml/decoders/qdecoder/paneqDecoderDebug.xml]" classname="jmri.util.FileLineEndingsTest" time="0.001"/>
  <testcase name="lineEndings[./xml/decoders/qdecoder/cv29analog.xml]" classname="jmri.util.FileLineEndingsTest" time="0"/>
  <testcase name="lineEndings[./xml/decoders/qdecoder/enum-SwitchingModesZBasic.xml]" classname="jmri.util.FileLineEndingsTest" time="0.001"/>
  <testcase name="lineEndings[./xml/decoders/qdecoder/qDecoderInfo.xml]" classname="jmri.util.FileLineEndingsTest" time="0.001"/>
  <testcase name="lineEndings[./xml/decoders/qdecoder/enum-SwitchingModesZStandard.xml]" classname="jmri.util.FileLineEndingsTest" time="0.001"/>
  <testcase name="lineEndings[./xml/decoders/qdecoder/paneSwitchingVariants.xml]" classname="jmri.util.FileLineEndingsTest" time="0"/>
  <testcase name="lineEndings[./xml/decoders/qdecoder/choice-SwitchingModeLamp.xml]" classname="jmri.util.FileLineEndingsTest" time="0.001"/>
  <testcase name="lineEndings[./xml/decoders/qdecoder/choice-SwitchingModeMotor.xml]" classname="jmri.util.FileLineEndingsTest" time="0.001"/>
  <testcase name="lineEndings[./xml/decoders/qdecoder/choice-SwitchingModeLightEffectsAdd.xml]" classname="jmri.util.FileLineEndingsTest" time="0.001"/>
  <testcase name="lineEndings[./xml/decoders/qdecoder/cv56.xml]" classname="jmri.util.FileLineEndingsTest" time="0"/>
  <testcase name="lineEndings[./xml/decoders/qdecoder/paneSequenceGenerator.xml]" classname="jmri.util.FileLineEndingsTest" time="0.002"/>
  <testcase name="lineEndings[./xml/decoders/qdecoder/cv29decodertype.xml]" classname="jmri.util.FileLineEndingsTest" time="0.001"/>
  <testcase name="lineEndings[./xml/decoders/qdecoder/paneAddressesModes.xml]" classname="jmri.util.FileLineEndingsTest" time="0"/>
  <testcase name="lineEndings[./xml/decoders/qdecoder/choice-SwitchingModeLightEffects.xml]" classname="jmri.util.FileLineEndingsTest" time="0.001"/>
  <testcase name="lineEndings[./xml/decoders/qdecoder/enum-SwitchingModesFStandard.xml]" classname="jmri.util.FileLineEndingsTest" time="0.001"/>
  <testcase name="lineEndings[./xml/decoders/qdecoder/functionmapF.xml]" classname="jmri.util.FileLineEndingsTest" time="0.001"/>
  <testcase name="lineEndings[./xml/decoders/qdecoder/lights.xml]" classname="jmri.util.FileLineEndingsTest" time="0.001"/>
  <testcase name="lineEndings[./xml/decoders/qdecoder/cv57.58.60decoderConfig.xml]" classname="jmri.util.FileLineEndingsTest" time="0"/>
  <testcase name="lineEndings[./xml/decoders/qdecoder/paneAdvanced.xml]" classname="jmri.util.FileLineEndingsTest" time="0.001"/>
  <testcase name="lineEndings[./xml/decoders/qdecoder/address1-accessory.xml]" classname="jmri.util.FileLineEndingsTest" time="0.001"/>
  <testcase name="lineEndings[./xml/decoders/qdecoder/choice-SwitchingModeMotor2.xml]" classname="jmri.util.FileLineEndingsTest" time="0.001"/>
  <testcase name="lineEndings[./xml/decoders/qdecoder/shortAndLongAddress.xml]" classname="jmri.util.FileLineEndingsTest" time="0"/>
  <testcase name="lineEndings[./xml/decoders/qdecoder/addresses.xml]" classname="jmri.util.FileLineEndingsTest" time="0.001"/>
  <testcase name="lineEndings[./xml/decoders/qdecoder/paneAddressesModesBasic.xml]" classname="jmri.util.FileLineEndingsTest" time="0.001"/>
  <testcase name="lineEndings[./xml/decoders/qdecoder/modesZBasic.xml]" classname="jmri.util.FileLineEndingsTest" time="0.001"/>
  <testcase name="lineEndings[./xml/decoders/qdecoder/enum-LightEffects.xml]" classname="jmri.util.FileLineEndingsTest" time="0"/>
  <testcase name="lineEndings[./xml/decoders/qdecoder/modesFplus.xml]" classname="jmri.util.FileLineEndingsTest" time="0.001"/>
  <testcase name="lineEndings[./xml/decoders/qdecoder/modesZ2-8plus.xml]" classname="jmri.util.FileLineEndingsTest" time="0.001"/>
  <testcase name="lineEndings[./xml/decoders/qdecoder/functionGenerator.xml]" classname="jmri.util.FileLineEndingsTest" time="0.003"/>
  <testcase name="lineEndings[./xml/decoders/qdecoder/enum-SwitchingModesZ2-8plus.xml]" classname="jmri.util.FileLineEndingsTest" time="0.001"/>
  <testcase name="lineEndings[./xml/decoders/qdecoder/addLocoAddresses.xml]" classname="jmri.util.FileLineEndingsTest" time="0.001"/>
  <testcase name="lineEndings[./xml/decoders/qdecoder/functionOutputProperties.xml]" classname="jmri.util.FileLineEndingsTest" time="0.001"/>
  <testcase name="lineEndings[./xml/decoders/qdecoder/functionOnTime.xml]" classname="jmri.util.FileLineEndingsTest" time="0.001"/>
  <testcase name="lineEndings[./xml/decoders/qdecoder/paneFunctionGenerator.xml]" classname="jmri.util.FileLineEndingsTest" time="0.002"/>
  <testcase name="lineEndings[./xml/decoders/qdecoder/choice-SwitchingModeViessmann.xml]" classname="jmri.util.FileLineEndingsTest" time="0.001"/>
  <testcase name="lineEndings[./xml/decoders/qdecoder/sequenceGenerator.xml]" classname="jmri.util.FileLineEndingsTest" time="0.004"/>
  <testcase name="lineEndings[./xml/decoders/qdecoder/cv21.22.xml]" classname="jmri.util.FileLineEndingsTest" time="0"/>
  <testcase name="lineEndings[./xml/decoders/qdecoder/modesZ1-16plus.xml]" classname="jmri.util.FileLineEndingsTest" time="0.001"/>
  <testcase name="lineEndings[./xml/decoders/qdecoder/paneqDecoderInfo.xml]" classname="jmri.util.FileLineEndingsTest" time="0.001"/>
  <testcase name="lineEndings[./xml/decoders/qdecoder/addressesModes.xml]" classname="jmri.util.FileLineEndingsTest" time="0.001"/>
  <testcase name="lineEndings[./xml/decoders/qdecoder/choice-SwitchingModeStd.xml]" classname="jmri.util.FileLineEndingsTest" time="0.001"/>
  <testcase name="lineEndings[./xml/decoders/qdecoder/enum-SwitchingModesFplus.xml]" classname="jmri.util.FileLineEndingsTest" time="0"/>
  <testcase name="lineEndings[./xml/decoders/qdecoder/paneLights.xml]" classname="jmri.util.FileLineEndingsTest" time="0.001"/>
  <testcase name="lineEndings[./xml/decoders/qdecoder/choice-SwitchingModePlus.xml]" classname="jmri.util.FileLineEndingsTest" time="0.001"/>
  <testcase name="lineEndings[./xml/decoders/qdecoder/choice-SwitchingModeLightPlus.xml]" classname="jmri.util.FileLineEndingsTest" time="0.001"/>
  <testcase name="lineEndings[./xml/decoders/kuehn/PaneLights.xml]" classname="jmri.util.FileLineEndingsTest" time="0"/>
  <testcase name="lineEndings[./xml/decoders/kuehn/accelDecel_k.xml]" classname="jmri.util.FileLineEndingsTest" time="0.001"/>
  <testcase name="lineEndings[./xml/decoders/kuehn/PaneAdvanced.xml]" classname="jmri.util.FileLineEndingsTest" time="0.001"/>
  <testcase name="lineEndings[./xml/decoders/kuehn/PaneSUSI.xml]" classname="jmri.util.FileLineEndingsTest" time="0.001"/>
  <testcase name="lineEndings[./xml/decoders/kuehn/PaneShuntUncouple.xml]" classname="jmri.util.FileLineEndingsTest" time="0"/>
  <testcase name="lineEndings[./xml/decoders/kuehn/PaneRailcom.xml]" classname="jmri.util.FileLineEndingsTest" time="0.001"/>
  <testcase name="lineEndings[./xml/decoders/kuehn/cv29RailCom_k.xml]" classname="jmri.util.FileLineEndingsTest" time="0.001"/>
  <testcase name="lineEndings[./xml/decoders/kuehn/PaneABC.xml]" classname="jmri.util.FileLineEndingsTest" time="0.001"/>
  <testcase name="lineEndings[./xml/decoders/kuehn/functionmap_ext.xml]" classname="jmri.util.FileLineEndingsTest" time="0.001"/>
  <testcase name="lineEndings[./xml/decoders/kuehn/shortAndLongAddress_k.xml]" classname="jmri.util.FileLineEndingsTest" time="0.001"/>
  <testcase name="lineEndings[./xml/decoders/kuehn/analogModeFunction_k.xml]" classname="jmri.util.FileLineEndingsTest" time="0"/>
  <testcase name="lineEndings[./xml/decoders/kuehn/vStartHighMid_k.xml]" classname="jmri.util.FileLineEndingsTest" time="0.001"/>
  <testcase name="lineEndings[./xml/decoders/MGP_Signal10.xml]" classname="jmri.util.FileLineEndingsTest" time="0.001"/>
  <testcase name="lineEndings[./xml/decoders/TCS_FW01.xml]" classname="jmri.util.FileLineEndingsTest" time="0.001"/>
  <testcase name="lineEndings[./xml/decoders/MGP_Servo5.xml]" classname="jmri.util.FileLineEndingsTest" time="0.001"/>
  <testcase name="lineEndings[./xml/decoders/MRC_sounder1665.xml]" classname="jmri.util.FileLineEndingsTest" time="0.001"/>
  <testcase name="lineEndings[./xml/decoders/TCS_X.xml]" classname="jmri.util.FileLineEndingsTest" time="0.001"/>
  <testcase name="lineEndings[./xml/decoders/Qdecoder_Z2-8plus.xml]" classname="jmri.util.FileLineEndingsTest" time="0.001"/>
  <testcase name="lineEndings[./xml/decoders/Hornby8245_v2.xml]" classname="jmri.util.FileLineEndingsTest" time="0"/>
  <testcase name="lineEndings[./xml/decoders/Qdecoder_ZStandard.xml]" classname="jmri.util.FileLineEndingsTest" time="0.001"/>
  <testcase name="lineEndings[./xml/decoders/Zimo_Unified_software_MX646v25.xml]" classname="jmri.util.FileLineEndingsTest" time="0.001"/>
  <testcase name="lineEndings[./xml/decoders/esu/lpStdV1AltLightEnum.xml]" classname="jmri.util.FileLineEndingsTest" time="0.001"/>
  <testcase name="lineEndings[./xml/decoders/esu/v4basicSpeedControlPane.xml]" classname="jmri.util.FileLineEndingsTest" time="0.001"/>
  <testcase name="lineEndings[./xml/decoders/esu/lightIntlightEnum.xml]" classname="jmri.util.FileLineEndingsTest" time="0"/>
  <testcase name="lineEndings[./xml/decoders/esu/v4lightEnum.xml]" classname="jmri.util.FileLineEndingsTest" time="0.001"/>
  <testcase name="lineEndings[./xml/decoders/esu/lpStdV1FnMapCVs.xml]" classname="jmri.util.FileLineEndingsTest" time="0.001"/>
  <testcase name="lineEndings[./xml/decoders/esu/v4soundCVs.xml]" classname="jmri.util.FileLineEndingsTest" time="0.001"/>
  <testcase name="lineEndings[./xml/decoders/esu/v4lightsPane.xml]" classname="jmri.util.FileLineEndingsTest" time="0.001"/>
  <testcase name="lineEndings[./xml/decoders/esu/v4standardCVs.xml]" classname="jmri.util.FileLineEndingsTest" time="0.001"/>
  <testcase name="lineEndings[./xml/decoders/esu/lpStdV1lightEnum.xml]" classname="jmri.util.FileLineEndingsTest" time="0.001"/>
  <testcase name="lineEndings[./xml/decoders/esu/v4fnSetPane.xml]" classname="jmri.util.FileLineEndingsTest" time="0.001"/>
  <testcase name="lineEndings[./xml/decoders/esu/v4soundPane.xml]" classname="jmri.util.FileLineEndingsTest" time="0.001"/>
  <testcase name="lineEndings[./xml/decoders/esu/v3bemfPane.xml]" classname="jmri.util.FileLineEndingsTest" time="0.001"/>
  <testcase name="lineEndings[./xml/decoders/esu/v4fnOutCVs.xml]" classname="jmri.util.FileLineEndingsTest" time="0.002"/>
  <testcase name="lineEndings[./xml/decoders/esu/v4advancedPane.xml]" classname="jmri.util.FileLineEndingsTest" time="0.001"/>
  <testcase name="lineEndings[./xml/decoders/esu/switchPilotPulseEnum.xml]" classname="jmri.util.FileLineEndingsTest" time="0.001"/>
  <testcase name="lineEndings[./xml/decoders/esu/v3extraPane.xml]" classname="jmri.util.FileLineEndingsTest" time="0"/>
  <testcase name="lineEndings[./xml/decoders/esu/v3brightnessPane.xml]" classname="jmri.util.FileLineEndingsTest" time="0.001"/>
  <testcase name="lineEndings[./xml/decoders/esu/v4speedTablePane.xml]" classname="jmri.util.FileLineEndingsTest" time="0.001"/>
  <testcase name="lineEndings[./xml/decoders/esu/v3fnMapCVs.xml]" classname="jmri.util.FileLineEndingsTest" time="0.001"/>
  <testcase name="lineEndings[./xml/decoders/esu/switchPilotFnOutCVs.xml]" classname="jmri.util.FileLineEndingsTest" time="0.001"/>
  <testcase name="lineEndings[./xml/decoders/esu/v4readMePane.xml]" classname="jmri.util.FileLineEndingsTest" time="0.001"/>
  <testcase name="lineEndings[./xml/decoders/esu/v4fnOutPane.xml]" classname="jmri.util.FileLineEndingsTest" time="0.001"/>
  <testcase name="lineEndings[./xml/decoders/esu/lightIntFnMapCVs.xml]" classname="jmri.util.FileLineEndingsTest" time="0.001"/>
  <testcase name="lineEndings[./xml/decoders/esu/v3standardCVs.xml]" classname="jmri.util.FileLineEndingsTest" time="0.001"/>
  <testcase name="lineEndings[./xml/decoders/esu/switchPilotAltEnum.xml]" classname="jmri.util.FileLineEndingsTest" time="0"/>
  <testcase name="lineEndings[./xml/decoders/esu/v4cv21.22.xml]" classname="jmri.util.FileLineEndingsTest" time="0.001"/>
  <testcase name="lineEndings[./xml/decoders/esu/enum-Fbutton.xml]" classname="jmri.util.FileLineEndingsTest" time="0.001"/>
  <testcase name="lineEndings[./xml/decoders/esu/v4soundLevelsPane.xml]" classname="jmri.util.FileLineEndingsTest" time="0.001"/>
  <testcase name="lineEndings[./xml/decoders/esu/switchPilotFnOutPane.xml]" classname="jmri.util.FileLineEndingsTest" time="0"/>
  <testcase name="lineEndings[./xml/decoders/esu/v4infoPane.xml]" classname="jmri.util.FileLineEndingsTest" time="0.001"/>
  <testcase name="lineEndings[./xml/decoders/LDH_2F-6Fv27.xml]" classname="jmri.util.FileLineEndingsTest" time="0.001"/>
  <testcase name="lineEndings[./xml/decoders/SDD-001.xml]" classname="jmri.util.FileLineEndingsTest" time="0.001"/>
  <testcase name="lineEndings[./xml/decoders/lenz/abc_cv51.xml]" classname="jmri.util.FileLineEndingsTest" time="0"/>
  <testcase name="lineEndings[./xml/decoders/lenz/paneLenz.xml]" classname="jmri.util.FileLineEndingsTest" time="0.001"/>
  <testcase name="lineEndings[./xml/decoders/lenz/paneFunctionMap.xml]" classname="jmri.util.FileLineEndingsTest" time="0.001"/>
  <testcase name="lineEndings[./xml/decoders/lenz/extendedCoupling_cv145_148.xml]" classname="jmri.util.FileLineEndingsTest" time="0.001"/>
  <testcase name="lineEndings[./xml/decoders/lenz/accelDecel.xml]" classname="jmri.util.FileLineEndingsTest" time="0.001"/>
  <testcase name="lineEndings[./xml/decoders/lenz/mfgVersionId_cv7_8.xml]" classname="jmri.util.FileLineEndingsTest" time="0"/>
  <testcase name="lineEndings[./xml/decoders/lenz/vStartHighMid.xml]" classname="jmri.util.FileLineEndingsTest" time="0.001"/>
  <testcase name="lineEndings[./xml/decoders/lenz/fn_ctrl_57_59.xml]" classname="jmri.util.FileLineEndingsTest" time="0.001"/>
  <testcase name="lineEndings[./xml/decoders/lenz/paneSUSI.xml]" classname="jmri.util.FileLineEndingsTest" time="0.001"/>
  <testcase name="lineEndings[./xml/decoders/lenz/lightingOptions1_cv55_56.xml]" classname="jmri.util.FileLineEndingsTest" time="0"/>
  <testcase name="lineEndings[./xml/decoders/lenz/motorControl2_cv112_114.xml]" classname="jmri.util.FileLineEndingsTest" time="0.001"/>
  <testcase name="lineEndings[./xml/decoders/lenz/protection_cv30.xml]" classname="jmri.util.FileLineEndingsTest" time="0.001"/>
  <testcase name="lineEndings[./xml/decoders/lenz/braking_cv51.xml]" classname="jmri.util.FileLineEndingsTest" time="0.001"/>
  <testcase name="lineEndings[./xml/decoders/lenz/motorControl_cv50.xml]" classname="jmri.util.FileLineEndingsTest" time="0"/>
  <testcase name="lineEndings[./xml/decoders/lenz/lightingOptions2_cv55_56_116_118.xml]" classname="jmri.util.FileLineEndingsTest" time="0"/>
  <testcase name="lineEndings[./xml/decoders/lenz/speedTable_cv67.xml]" classname="jmri.util.FileLineEndingsTest" time="0.001"/>
  <testcase name="lineEndings[./xml/decoders/lenz/paneLighting.xml]" classname="jmri.util.FileLineEndingsTest" time="0.001"/>
  <testcase name="lineEndings[./xml/decoders/lenz/paneExtendedCoupling.xml]" classname="jmri.util.FileLineEndingsTest" time="0.001"/>
  <testcase name="lineEndings[./xml/decoders/lenz/susi_cv126_127.xml]" classname="jmri.util.FileLineEndingsTest" time="0.001"/>
  <testcase name="lineEndings[./xml/decoders/lenz/functionmap_plus.xml]" classname="jmri.util.FileLineEndingsTest" time="0.002"/>
  <testcase name="lineEndings[./xml/decoders/lenz/lighting_cv60_cv64.xml]" classname="jmri.util.FileLineEndingsTest" time="0.001"/>
  <testcase name="lineEndings[./xml/decoders/lenz/serviceNo_cv128.xml]" classname="jmri.util.FileLineEndingsTest" time="0"/>
  <testcase name="lineEndings[./xml/decoders/lenz/bemfRep_cv9.xml]" classname="jmri.util.FileLineEndingsTest" time="0.001"/>
  <testcase name="lineEndings[./xml/decoders/lenz/functionmap.xml]" classname="jmri.util.FileLineEndingsTest" time="0.001"/>
  <testcase name="lineEndings[./xml/decoders/lenz/railcom_cv28_29.xml]" classname="jmri.util.FileLineEndingsTest" time="0.001"/>
  <testcase name="lineEndings[./xml/decoders/MRC_sound1630.xml]" classname="jmri.util.FileLineEndingsTest" time="0.001"/>
  <testcase name="lineEndings[./xml/decoders/Viessmann_524x.xml]" classname="jmri.util.FileLineEndingsTest" time="0.001"/>
  <testcase name="lineEndings[./xml/decoders/Zimo_Unified_software_MX695KNv30.xml]" classname="jmri.util.FileLineEndingsTest" time="0.001"/>
  <testcase name="lineEndings[./xml/decoders/MRC_N_scale_Non_sound.xml]" classname="jmri.util.FileLineEndingsTest" time="0.001"/>
  <testcase name="lineEndings[./xml/decoders/rautenhaus/Pane_special.xml]" classname="jmri.util.FileLineEndingsTest" time="0"/>
  <testcase name="lineEndings[./xml/decoders/rautenhaus/cv27brakemode_bit4.xml]" classname="jmri.util.FileLineEndingsTest" time="0.001"/>
  <testcase name="lineEndings[./xml/decoders/rautenhaus/cv58trackchar.xml]" classname="jmri.util.FileLineEndingsTest" time="0.001"/>
  <testcase name="lineEndings[./xml/decoders/rautenhaus/cv59contint.xml]" classname="jmri.util.FileLineEndingsTest" time="0.001"/>
  <testcase name="lineEndings[./xml/decoders/rautenhaus/cv14_analogModeFunction.xml]" classname="jmri.util.FileLineEndingsTest" time="0"/>
  <testcase name="lineEndings[./xml/decoders/rautenhaus/Pane_AltFunctionMap.xml]" classname="jmri.util.FileLineEndingsTest" time="0.001"/>
  <testcase name="lineEndings[./xml/decoders/rautenhaus/cv27brakemode_bit5.xml]" classname="jmri.util.FileLineEndingsTest" time="0.001"/>
  <testcase name="lineEndings[./xml/decoders/rautenhaus/cv122-123trackchar.xml]" classname="jmri.util.FileLineEndingsTest" time="0"/>
  <testcase name="lineEndings[./xml/decoders/rautenhaus/Vars_common_pwr_normal.xml]" classname="jmri.util.FileLineEndingsTest" time="0.001"/>
  <testcase name="lineEndings[./xml/decoders/rautenhaus/Pane_common.xml]" classname="jmri.util.FileLineEndingsTest" time="0.001"/>
  <testcase name="lineEndings[./xml/decoders/rautenhaus/cv112-115function.xml]" classname="jmri.util.FileLineEndingsTest" time="0.001"/>
  <testcase name="lineEndings[./xml/decoders/rautenhaus/cv116function.xml]" classname="jmri.util.FileLineEndingsTest" time="0.001"/>
  <testcase name="lineEndings[./xml/decoders/rautenhaus/cv96shortfuse.xml]" classname="jmri.util.FileLineEndingsTest" time="0"/>
  <testcase name="lineEndings[./xml/decoders/rautenhaus/cv60_64locochar.xml]" classname="jmri.util.FileLineEndingsTest" time="0.001"/>
  <testcase name="lineEndings[./xml/decoders/rautenhaus/Pane_StartBrakeShunt.xml]" classname="jmri.util.FileLineEndingsTest" time="0.001"/>
  <testcase name="lineEndings[./xml/decoders/rautenhaus/Vars_common.xml]" classname="jmri.util.FileLineEndingsTest" time="0.001"/>
  <testcase name="lineEndings[./xml/decoders/rautenhaus/cv57locochar.xml]" classname="jmri.util.FileLineEndingsTest" time="0"/>
  <testcase name="lineEndings[./xml/decoders/Massoth_function_lights.xml]" classname="jmri.util.FileLineEndingsTest" time="0.001"/>
  <testcase name="lineEndings[./xml/decoders/zimo/Choice-Ligth4.xml]" classname="jmri.util.FileLineEndingsTest" time="0.001"/>
  <testcase name="lineEndings[./xml/decoders/zimo/Choice-FO1FO13.xml]" classname="jmri.util.FileLineEndingsTest" time="0.001"/>
  <testcase name="lineEndings[./xml/decoders/zimo/PaneAltFunctionMap6.xml]" classname="jmri.util.FileLineEndingsTest" time="0.001"/>
  <testcase name="lineEndings[./xml/decoders/zimo/PaneAltFunctionMap8+.xml]" classname="jmri.util.FileLineEndingsTest" time="0.001"/>
  <testcase name="lineEndings[./xml/decoders/zimo/PaneAccelDecel.xml]" classname="jmri.util.FileLineEndingsTest" time="0"/>
  <testcase name="lineEndings[./xml/decoders/zimo/PaneAltFunctionMap4.xml]" classname="jmri.util.FileLineEndingsTest" time="0"/>
  <testcase name="lineEndings[./xml/decoders/zimo/CV33-CV46.xml]" classname="jmri.util.FileLineEndingsTest" time="0.001"/>
  <testcase name="lineEndings[./xml/decoders/zimo/CV250-CV253.xml]" classname="jmri.util.FileLineEndingsTest" time="0.001"/>
  <testcase name="lineEndings[./xml/decoders/zimo/PaneServos4.xml]" classname="jmri.util.FileLineEndingsTest" time="0.001"/>
  <testcase name="lineEndings[./xml/decoders/zimo/CV430-CV489.xml]" classname="jmri.util.FileLineEndingsTest" time="0.001"/>
  <testcase name="lineEndings[./xml/decoders/zimo/CV159-CV160.xml]" classname="jmri.util.FileLineEndingsTest" time="0.001"/>
  <testcase name="lineEndings[./xml/decoders/zimo/CV372-CV399sound.xml]" classname="jmri.util.FileLineEndingsTest" time="0.001"/>
  <testcase name="lineEndings[./xml/decoders/zimo/CV745-CV768.xml]" classname="jmri.util.FileLineEndingsTest" time="0"/>
  <testcase name="lineEndings[./xml/decoders/zimo/PaneRailcom.xml]" classname="jmri.util.FileLineEndingsTest" time="0.001"/>
  <testcase name="lineEndings[./xml/decoders/zimo/CV260-CV355sound.xml]" classname="jmri.util.FileLineEndingsTest" time="0.001"/>
  <testcase name="lineEndings[./xml/decoders/zimo/CV400-CV428.xml]" classname="jmri.util.FileLineEndingsTest" time="0.001"/>
  <testcase name="lineEndings[./xml/decoders/zimo/CV500-CV603.xml]" classname="jmri.util.FileLineEndingsTest" time="0.001"/>
  <testcase name="lineEndings[./xml/decoders/zimo/PaneSound.xml]" classname="jmri.util.FileLineEndingsTest" time="0.001"/>
  <testcase name="lineEndings[./xml/decoders/zimo/PaneServos2.xml]" classname="jmri.util.FileLineEndingsTest" time="0.001"/>
  <testcase name="lineEndings[./xml/decoders/zimo/PaneSmoke.xml]" classname="jmri.util.FileLineEndingsTest" time="0.001"/>
  <testcase name="lineEndings[./xml/decoders/zimo/Choice-M-key.xml]" classname="jmri.util.FileLineEndingsTest" time="0"/>
  <testcase name="lineEndings[./xml/decoders/zimo/PaneShuntUncouple.xml]" classname="jmri.util.FileLineEndingsTest" time="0.001"/>
  <testcase name="lineEndings[./xml/decoders/zimo/PaneAccelDecel_alternative.xml]" classname="jmri.util.FileLineEndingsTest" time="0.001"/>
  <testcase name="lineEndings[./xml/decoders/zimo/PaneSoundSamples.xml]" classname="jmri.util.FileLineEndingsTest" time="0.001"/>
  <testcase name="lineEndings[./xml/decoders/zimo/Choice-Ligth3.xml]" classname="jmri.util.FileLineEndingsTest" time="0.001"/>
  <testcase name="lineEndings[./xml/decoders/zimo/Choice-Ligth6.xml]" classname="jmri.util.FileLineEndingsTest" time="0"/>
  <testcase name="lineEndings[./xml/decoders/zimo/CV399.xml]" classname="jmri.util.FileLineEndingsTest" time="0.001"/>
  <testcase name="lineEndings[./xml/decoders/zimo/CV153-CV157version27.xml]" classname="jmri.util.FileLineEndingsTest" time="0.001"/>
  <testcase name="lineEndings[./xml/decoders/zimo/CV366-CV371sound.xml]" classname="jmri.util.FileLineEndingsTest" time="0.001"/>
  <testcase name="lineEndings[./xml/decoders/zimo/PaneLoadCode.xml]" classname="jmri.util.FileLineEndingsTest" time="0"/>
  <testcase name="lineEndings[./xml/decoders/zimo/CV152bit7version27.xml]" classname="jmri.util.FileLineEndingsTest" time="0.001"/>
  <testcase name="lineEndings[./xml/decoders/zimo/PaneSound-DieselLoco.xml]" classname="jmri.util.FileLineEndingsTest" time="0.001"/>
  <testcase name="lineEndings[./xml/decoders/zimo/Choice-Ligth2.xml]" classname="jmri.util.FileLineEndingsTest" time="0.001"/>
  <testcase name="lineEndings[./xml/decoders/zimo/PaneSecondAddress.xml]" classname="jmri.util.FileLineEndingsTest" time="0.001"/>
  <testcase name="lineEndings[./xml/decoders/zimo/PaneSound-ElectricLoco.xml]" classname="jmri.util.FileLineEndingsTest" time="0"/>
  <testcase name="lineEndings[./xml/decoders/zimo/PaneAltFunctionMap4+4.xml]" classname="jmri.util.FileLineEndingsTest" time="0.001"/>
  <testcase name="lineEndings[./xml/decoders/zimo/CV357-CV365sound_version28.xml]" classname="jmri.util.FileLineEndingsTest" time="0.001"/>
  <testcase name="lineEndings[./xml/decoders/zimo/CV604-CV699.xml]" classname="jmri.util.FileLineEndingsTest" time="0.001"/>
  <testcase name="lineEndings[./xml/decoders/zimo/CV161-CV185Servo.xml]" classname="jmri.util.FileLineEndingsTest" time="0.001"/>
  <testcase name="lineEndings[./xml/decoders/zimo/PaneSoundLevels.xml]" classname="jmri.util.FileLineEndingsTest" time="0"/>
  <testcase name="lineEndings[./xml/decoders/zimo/PaneAltFunctionMap6+2+.xml]" classname="jmri.util.FileLineEndingsTest" time="0"/>
  <testcase name="lineEndings[./xml/decoders/zimo/CV37-CV46.xml]" classname="jmri.util.FileLineEndingsTest" time="0.001"/>
  <testcase name="lineEndings[./xml/decoders/zimo/PaneABC.xml]" classname="jmri.util.FileLineEndingsTest" time="0.001"/>
  <testcase name="lineEndings[./xml/decoders/zimo/CV158version32.xml]" classname="jmri.util.FileLineEndingsTest" time="0.001"/>
  <testcase name="lineEndings[./xml/decoders/zimo/Choice-M-key_v34.xml]" classname="jmri.util.FileLineEndingsTest" time="0.001"/>
  <testcase name="lineEndings[./xml/decoders/zimo/CV100-CV152version30.xml]" classname="jmri.util.FileLineEndingsTest" time="0.001"/>
  <testcase name="lineEndings[./xml/decoders/zimo/factReset-v32.xml]" classname="jmri.util.FileLineEndingsTest" time="0.001"/>
  <testcase name="lineEndings[./xml/decoders/zimo/enum-Fx_servo.xml]" classname="jmri.util.FileLineEndingsTest" time="0.001"/>
  <testcase name="lineEndings[./xml/decoders/zimo/Choice-F0F28.xml]" classname="jmri.util.FileLineEndingsTest" time="0.001"/>
  <testcase name="lineEndings[./xml/decoders/zimo/Choice-Light7.xml]" classname="jmri.util.FileLineEndingsTest" time="0"/>
  <testcase name="lineEndings[./xml/decoders/zimo/PaneSpeedRegulation.xml]" classname="jmri.util.FileLineEndingsTest" time="0.001"/>
  <testcase name="lineEndings[./xml/decoders/zimo/PaneInputMapping.xml]" classname="jmri.util.FileLineEndingsTest" time="0.001"/>
  <testcase name="lineEndings[./xml/decoders/zimo/CV69-CV83_alternative.xml]" classname="jmri.util.FileLineEndingsTest" time="0.001"/>
  <testcase name="lineEndings[./xml/decoders/zimo/CVSwissMapping_v36.xml]" classname="jmri.util.FileLineEndingsTest" time="0.001"/>
  <testcase name="lineEndings[./xml/decoders/zimo/PaneRandomSounds.xml]" classname="jmri.util.FileLineEndingsTest" time="0.001"/>
  <testcase name="lineEndings[./xml/decoders/zimo/PaneAltFunctionMap4+2.xml]" classname="jmri.util.FileLineEndingsTest" time="0.001"/>
  <testcase name="lineEndings[./xml/decoders/zimo/PaneSwissMapping_v36.xml]" classname="jmri.util.FileLineEndingsTest" time="0.001"/>
  <testcase name="lineEndings[./xml/decoders/zimo/PaneZimoSpecific.xml]" classname="jmri.util.FileLineEndingsTest" time="0"/>
  <testcase name="lineEndings[./xml/decoders/zimo/CV145_kickStart.xml]" classname="jmri.util.FileLineEndingsTest" time="0.004"/>
  <testcase name="lineEndings[./xml/decoders/zimo/CV739-CV744.xml]" classname="jmri.util.FileLineEndingsTest" time="0.001"/>
  <testcase name="lineEndings[./xml/decoders/zimo/PaneAltFunctionMap6+2C.xml]" classname="jmri.util.FileLineEndingsTest" time="0.001"/>
  <testcase name="lineEndings[./xml/decoders/zimo/PaneAltFunctionMap6+2.xml]" classname="jmri.util.FileLineEndingsTest" time="0.001"/>
  <testcase name="lineEndings[./xml/decoders/zimo/Choice-Ligth5.xml]" classname="jmri.util.FileLineEndingsTest" time="0.001"/>
  <testcase name="lineEndings[./xml/decoders/zimo/PaneSwissMapping.xml]" classname="jmri.util.FileLineEndingsTest" time="0.001"/>
  <testcase name="lineEndings[./xml/decoders/zimo/CV100-CV152.xml]" classname="jmri.util.FileLineEndingsTest" time="0.001"/>
  <testcase name="lineEndings[./xml/decoders/zimo/PaneFunctionOutput.xml]" classname="jmri.util.FileLineEndingsTest" time="0.001"/>
  <testcase name="lineEndings[./xml/decoders/zimo/Choice-Ligth1.xml]" classname="jmri.util.FileLineEndingsTest" time="0.001"/>
  <testcase name="lineEndings[./xml/decoders/zimo/PaneFunctionOutput_alternative.xml]" classname="jmri.util.FileLineEndingsTest" time="0.001"/>
  <testcase name="lineEndings[./xml/decoders/zimo/PaneAltFunctionMap8.xml]" classname="jmri.util.FileLineEndingsTest" time="0.001"/>
  <testcase name="lineEndings[./xml/decoders/zimo/CV260-CV355sound_version30.xml]" classname="jmri.util.FileLineEndingsTest" time="0.002"/>
  <testcase name="lineEndings[./xml/decoders/zimo/CV1-CV99.xml]" classname="jmri.util.FileLineEndingsTest" time="0.002"/>
  <testcase name="lineEndings[./xml/decoders/zimo/CV153-CV157version28.xml]" classname="jmri.util.FileLineEndingsTest" time="0.001"/>
  <testcase name="lineEndings[./xml/decoders/zimo/PaneDecoderlock.xml]" classname="jmri.util.FileLineEndingsTest" time="0.001"/>
  <testcase name="lineEndings[./xml/decoders/tcs/Choice_resv_9AB.xml]" classname="jmri.util.FileLineEndingsTest" time="0.001"/>
  <testcase name="lineEndings[./xml/decoders/tcs/Choice_frw_rev_FLon.xml]" classname="jmri.util.FileLineEndingsTest" time="0.001"/>
  <testcase name="lineEndings[./xml/decoders/tcs/enum-CVX_light_short.xml]" classname="jmri.util.FileLineEndingsTest" time="0.001"/>
  <testcase name="lineEndings[./xml/decoders/tcs/CV7_CV15_FW01.xml]" classname="jmri.util.FileLineEndingsTest" time="0.001"/>
  <testcase name="lineEndings[./xml/decoders/tcs/Pane_wow_vol4.xml]" classname="jmri.util.FileLineEndingsTest" time="0.001"/>
  <testcase name="lineEndings[./xml/decoders/tcs/wowDieselCV.xml]" classname="jmri.util.FileLineEndingsTest" time="0.001"/>
  <testcase name="lineEndings[./xml/decoders/tcs/Choice_group2.xml]" classname="jmri.util.FileLineEndingsTest" time="0.001"/>
  <testcase name="lineEndings[./xml/decoders/tcs/enumDiesel04.xml]" classname="jmri.util.FileLineEndingsTest" time="0"/>
  <testcase name="lineEndings[./xml/decoders/tcs/enum-frw_rev_both_reserv.xml]" classname="jmri.util.FileLineEndingsTest" time="0"/>
  <testcase name="lineEndings[./xml/decoders/tcs/CV1_CV106_Fn_FW41.xml]" classname="jmri.util.FileLineEndingsTest" time="0.001"/>
  <testcase name="lineEndings[./xml/decoders/tcs/CV249_CV252_FW41.xml]" classname="jmri.util.FileLineEndingsTest" time="0.001"/>
  <testcase name="lineEndings[./xml/decoders/tcs/2_CV13_Fn.xml]" classname="jmri.util.FileLineEndingsTest" time="0.001"/>
  <testcase name="lineEndings[./xml/decoders/tcs/wowSteamCV.xml]" classname="jmri.util.FileLineEndingsTest" time="0.001"/>
  <testcase name="lineEndings[./xml/decoders/tcs/Pane_wow_snd.xml]" classname="jmri.util.FileLineEndingsTest" time="0.001"/>
  <testcase name="lineEndings[./xml/decoders/tcs/2_CV7-8.xml]" classname="jmri.util.FileLineEndingsTest" time="0"/>
  <testcase name="lineEndings[./xml/decoders/tcs/enum-CVX_group2.xml]" classname="jmri.util.FileLineEndingsTest" time="0.001"/>
  <testcase name="lineEndings[./xml/decoders/tcs/CV1_CV99_FW41.xml]" classname="jmri.util.FileLineEndingsTest" time="0.001"/>
  <testcase name="lineEndings[./xml/decoders/tcs/Pane_wow_vol5.xml]" classname="jmri.util.FileLineEndingsTest" time="0.001"/>
  <testcase name="lineEndings[./xml/decoders/tcs/Choice_frw_rev_both.xml]" classname="jmri.util.FileLineEndingsTest" time="0.001"/>
  <testcase name="lineEndings[./xml/decoders/tcs/enum-frw_rev_both.xml]" classname="jmri.util.FileLineEndingsTest" time="0.001"/>
  <testcase name="lineEndings[./xml/decoders/tcs/enum-effect_generatedx1.xml]" classname="jmri.util.FileLineEndingsTest" time="0.001"/>
  <testcase name="lineEndings[./xml/decoders/tcs/Pane_wow_vol3.xml]" classname="jmri.util.FileLineEndingsTest" time="0.001"/>
  <testcase name="lineEndings[./xml/decoders/tcs/CV1_CV106_Fn_FW86.xml]" classname="jmri.util.FileLineEndingsTest" time="0"/>
  <testcase name="lineEndings[./xml/decoders/tcs/wowElectricCV.xml]" classname="jmri.util.FileLineEndingsTest" time="0.001"/>
  <testcase name="lineEndings[./xml/decoders/tcs/CV100_CV187_wow.xml]" classname="jmri.util.FileLineEndingsTest" time="0.001"/>
  <testcase name="lineEndings[./xml/decoders/tcs/Pane_Momentum.xml]" classname="jmri.util.FileLineEndingsTest" time="0.001"/>
  <testcase name="lineEndings[./xml/decoders/tcs/Choice_resv_345.xml]" classname="jmri.util.FileLineEndingsTest" time="0.001"/>
  <testcase name="lineEndings[./xml/decoders/tcs/Choice_AutoMars.xml]" classname="jmri.util.FileLineEndingsTest" time="0.001"/>
  <testcase name="lineEndings[./xml/decoders/tcs/enum-CVX_1-106_light.xml]" classname="jmri.util.FileLineEndingsTest" time="0.001"/>
  <testcase name="lineEndings[./xml/decoders/tcs/CV19_CV58_FW01.xml]" classname="jmri.util.FileLineEndingsTest" time="0.001"/>
  <testcase name="lineEndings[./xml/decoders/tcs/enum-primemover.xml]" classname="jmri.util.FileLineEndingsTest" time="0.001"/>
  <testcase name="lineEndings[./xml/decoders/tcs/CV100_CV157_FW86.xml]" classname="jmri.util.FileLineEndingsTest" time="0.001"/>
  <testcase name="lineEndings[./xml/decoders/tcs/enumElectric01.xml]" classname="jmri.util.FileLineEndingsTest" time="0.001"/>
  <testcase name="lineEndings[./xml/decoders/tcs/Pane_wow_chuff.xml]" classname="jmri.util.FileLineEndingsTest" time="0"/>
  <testcase name="lineEndings[./xml/decoders/tcs/Choice_Momentarypulse.xml]" classname="jmri.util.FileLineEndingsTest" time="0.001"/>
  <testcase name="lineEndings[./xml/decoders/tcs/enumDiesel03.xml]" classname="jmri.util.FileLineEndingsTest" time="0.001"/>
  <testcase name="lineEndings[./xml/decoders/tcs/Pane_wow_vol2.xml]" classname="jmri.util.FileLineEndingsTest" time="0.001"/>
  <testcase name="lineEndings[./xml/decoders/tcs/2_CV21_Fn.xml]" classname="jmri.util.FileLineEndingsTest" time="0.001"/>
  <testcase name="lineEndings[./xml/decoders/tcs/Choice_Constantbright.xml]" classname="jmri.util.FileLineEndingsTest" time="0.001"/>
  <testcase name="lineEndings[./xml/decoders/tcs/CV1_CV99_FW86.xml]" classname="jmri.util.FileLineEndingsTest" time="0.001"/>
  <testcase name="lineEndings[./xml/decoders/tcs/Pane_Brake.xml]" classname="jmri.util.FileLineEndingsTest" time="0.001"/>
  <testcase name="lineEndings[./xml/decoders/tcs/Choice_resv_C.xml]" classname="jmri.util.FileLineEndingsTest" time="0"/>
  <testcase name="lineEndings[./xml/decoders/tcs/Pane_wow_vol0.xml]" classname="jmri.util.FileLineEndingsTest" time="0.001"/>
  <testcase name="lineEndings[./xml/decoders/tcs/Pane_wow_vol6.xml]" classname="jmri.util.FileLineEndingsTest" time="0.001"/>
  <testcase name="lineEndings[./xml/decoders/tcs/enumSoundV2.xml]" classname="jmri.util.FileLineEndingsTest" time="0.001"/>
  <testcase name="lineEndings[./xml/decoders/tcs/Choice_Normonoffcntrl.xml]" classname="jmri.util.FileLineEndingsTest" time="0.001"/>
  <testcase name="lineEndings[./xml/decoders/tcs/Pane_wow_vol_grp.xml]" classname="jmri.util.FileLineEndingsTest" time="0.001"/>
  <testcase name="lineEndings[./xml/decoders/tcs/2_CV29.xml]" classname="jmri.util.FileLineEndingsTest" time="0.001"/>
  <testcase name="lineEndings[./xml/decoders/tcs/Choice_resv_678.xml]" classname="jmri.util.FileLineEndingsTest" time="0"/>
  <testcase name="lineEndings[./xml/decoders/tcs/CV100_CV157_FW41.xml]" classname="jmri.util.FileLineEndingsTest" time="0.001"/>
  <testcase name="lineEndings[./xml/decoders/tcs/CV1_CV99_wow.xml]" classname="jmri.util.FileLineEndingsTest" time="0.002"/>
  <testcase name="lineEndings[./xml/decoders/tcs/Choice_SingleStrobe2.xml]" classname="jmri.util.FileLineEndingsTest" time="0.001"/>
  <testcase name="lineEndings[./xml/decoders/tcs/enumSoundV1.xml]" classname="jmri.util.FileLineEndingsTest" time="0.001"/>
  <testcase name="lineEndings[./xml/decoders/tcs/Choice_AutoMarsBrake.xml]" classname="jmri.util.FileLineEndingsTest" time="0"/>
  <testcase name="lineEndings[./xml/decoders/tcs/Pane_wow_vol1.xml]" classname="jmri.util.FileLineEndingsTest" time="0.001"/>
  <testcase name="lineEndings[./xml/decoders/tcs/enum-CVX_group_light.xml]" classname="jmri.util.FileLineEndingsTest" time="0.001"/>
  <testcase name="lineEndings[./xml/decoders/tcs/Choice_BlinkingditchAB.xml]" classname="jmri.util.FileLineEndingsTest" time="0.001"/>
  <testcase name="lineEndings[./xml/decoders/tcs/Template.xml]" classname="jmri.util.FileLineEndingsTest" time="0.001"/>
  <testcase name="lineEndings[./xml/decoders/tcs/Pane_TCS.xml]" classname="jmri.util.FileLineEndingsTest" time="0.001"/>
  <testcase name="lineEndings[./xml/decoders/tcs/CV1_CV106_Fn_FW01.xml]" classname="jmri.util.FileLineEndingsTest" time="0.001"/>
  <testcase name="lineEndings[./xml/decoders/tcs/2_CV1-6.xml]" classname="jmri.util.FileLineEndingsTest" time="0"/>
  <testcase name="lineEndings[./xml/decoders/tcs/enumEMDV1.xml]" classname="jmri.util.FileLineEndingsTest" time="0.001"/>
  <testcase name="lineEndings[./xml/decoders/tcs/CV249_CV252_FW86.xml]" classname="jmri.util.FileLineEndingsTest" time="0.001"/>
  <testcase name="lineEndings[./xml/decoders/tcs/Choice_resv_DEF.xml]" classname="jmri.util.FileLineEndingsTest" time="0.001"/>
  <testcase name="lineEndings[./xml/decoders/tcs/2_CV13.xml]" classname="jmri.util.FileLineEndingsTest" time="0.001"/>
  <testcase name="lineEndings[./xml/decoders/tcs/enumSoundV3.xml]" classname="jmri.util.FileLineEndingsTest" time="0.001"/>
  <testcase name="lineEndings[./xml/decoders/tcs/enumSteamV4.xml]" classname="jmri.util.FileLineEndingsTest" time="0.001"/>
  <testcase name="lineEndings[./xml/decoders/tcs/Choice_Constdim.xml]" classname="jmri.util.FileLineEndingsTest" time="0.001"/>
  <testcase name="lineEndings[./xml/decoders/tcs/enumDiesel02.xml]" classname="jmri.util.FileLineEndingsTest" time="0"/>
  <testcase name="lineEndings[./xml/decoders/tcs/enum-light.xml]" classname="jmri.util.FileLineEndingsTest" time="0.001"/>
  <testcase name="lineEndings[./xml/decoders/tcs/Pane_wow_4cv.xml]" classname="jmri.util.FileLineEndingsTest" time="0.001"/>
  <testcase name="lineEndings[./xml/decoders/tcs/Pane_wow_vol7.xml]" classname="jmri.util.FileLineEndingsTest" time="0.001"/>
  <testcase name="lineEndings[./xml/decoders/tcs/2_CV35-54_Fn.xml]" classname="jmri.util.FileLineEndingsTest" time="0.001"/>
  <testcase name="lineEndings[./xml/decoders/tcs/2_CV59-60_Fn.xml]" classname="jmri.util.FileLineEndingsTest" time="0.001"/>
  <testcase name="lineEndings[./xml/decoders/ZTC_255v2.xml]" classname="jmri.util.FileLineEndingsTest" time="0.001"/>
  <testcase name="lineEndings[./xml/decoders/TCS_A1.xml]" classname="jmri.util.FileLineEndingsTest" time="0.001"/>
  <testcase name="lineEndings[./xml/decoders/DCC_Concepts_Loco.xml]" classname="jmri.util.FileLineEndingsTest" time="0.001"/>
  <testcase name="lineEndings[./xml/decoders/TCS_TH150DP.xml]" classname="jmri.util.FileLineEndingsTest" time="0.001"/>
  <testcase name="lineEndings[./xml/decoders/Massoth_PIKO.xml]" classname="jmri.util.FileLineEndingsTest" time="0.001"/>
  <testcase name="lineEndings[./xml/decoders/Zimo_Unified_software_v34_MX646.xml]" classname="jmri.util.FileLineEndingsTest" time="0.001"/>
  <testcase name="lineEndings[./xml/decoders/Zimo_Unified_software_v32_MX685.xml]" classname="jmri.util.FileLineEndingsTest" time="0.001"/>
  <testcase name="lineEndings[./xml/decoders/SPROG_DCC_Servo6.xml]" classname="jmri.util.FileLineEndingsTest" time="0.001"/>
  <testcase name="lineEndings[./xml/decoders/parts/enum-DisableEnable_01.xml]" classname="jmri.util.FileLineEndingsTest" time="0.001"/>
  <testcase name="lineEndings[./xml/decoders/parts/enum-offAutoOn.xml]" classname="jmri.util.FileLineEndingsTest" time="0.001"/>
  <testcase name="lineEndings[./xml/decoders/parts/enum-offDimBright.xml]" classname="jmri.util.FileLineEndingsTest" time="0.001"/>
  <testcase name="lineEndings[./xml/decoders/parts/enum-NegPosPulse.xml]" classname="jmri.util.FileLineEndingsTest" time="0"/>
  <testcase name="lineEndings[./xml/decoders/parts/enum-NoneHornBell.xml]" classname="jmri.util.FileLineEndingsTest" time="0.001"/>
  <testcase name="lineEndings[./xml/decoders/parts/enum-NormRev.xml]" classname="jmri.util.FileLineEndingsTest" time="0.001"/>
  <testcase name="lineEndings[./xml/decoders/parts/enum-both_frw_rev.xml]" classname="jmri.util.FileLineEndingsTest" time="0.001"/>
  <testcase name="lineEndings[./xml/decoders/parts/enum-NotusedEnabled.xml]" classname="jmri.util.FileLineEndingsTest" time="0.001"/>
  <testcase name="lineEndings[./xml/decoders/parts/enum-disabledEnabled.xml]" classname="jmri.util.FileLineEndingsTest" time="0.001"/>
  <testcase name="lineEndings[./xml/decoders/parts/enum-OffOn-1_0.xml]" classname="jmri.util.FileLineEndingsTest" time="0"/>
  <testcase name="lineEndings[./xml/decoders/parts/enum-OffOn.xml]" classname="jmri.util.FileLineEndingsTest" time="0.001"/>
  <testcase name="lineEndings[./xml/decoders/parts/enum-OffOn-0_1.xml]" classname="jmri.util.FileLineEndingsTest" time="0.001"/>
  <testcase name="lineEndings[./xml/decoders/parts/enum-ConsistAddress.xml]" classname="jmri.util.FileLineEndingsTest" time="0.001"/>
  <testcase name="lineEndings[./xml/decoders/parts/enum-NoYes-0_1.xml]" classname="jmri.util.FileLineEndingsTest" time="0.001"/>
  <testcase name="lineEndings[./xml/decoders/parts/enum-LowHigh.xml]" classname="jmri.util.FileLineEndingsTest" time="0.001"/>
  <testcase name="lineEndings[./xml/decoders/parts/enum-InputOutput.xml]" classname="jmri.util.FileLineEndingsTest" time="0"/>
  <testcase name="lineEndings[./xml/decoders/parts/enum-OffAutoOnDim.xml]" classname="jmri.util.FileLineEndingsTest" time="0.001"/>
  <testcase name="lineEndings[./xml/decoders/parts/enum-frw_rev_both.xml]" classname="jmri.util.FileLineEndingsTest" time="0.001"/>
  <testcase name="lineEndings[./xml/decoders/parts/enum-FwdRev.xml]" classname="jmri.util.FileLineEndingsTest" time="0.001"/>
  <testcase name="lineEndings[./xml/decoders/parts/enum-OffAutoOnDimStrobe.xml]" classname="jmri.util.FileLineEndingsTest" time="0.001"/>
  <testcase name="lineEndings[./xml/decoders/parts/enum-NoYes.xml]" classname="jmri.util.FileLineEndingsTest" time="0.001"/>
  <testcase name="lineEndings[./xml/decoders/parts/enum-offDimBrightStrobe.xml]" classname="jmri.util.FileLineEndingsTest" time="0"/>
  <testcase name="lineEndings[./xml/decoders/parts/enum-enabledDisabled.xml]" classname="jmri.util.FileLineEndingsTest" time="0.001"/>
  <testcase name="lineEndings[./xml/decoders/parts/enum-BlinkRotaryStrobe.xml]" classname="jmri.util.FileLineEndingsTest" time="0.001"/>
  <testcase name="lineEndings[./xml/decoders/parts/enum-OffOnBell.xml]" classname="jmri.util.FileLineEndingsTest" time="0.001"/>
  <testcase name="lineEndings[./xml/decoders/parts/enum-PositiveNegative.xml]" classname="jmri.util.FileLineEndingsTest" time="0.001"/>
  <testcase name="lineEndings[./xml/decoders/parts/enum-LocoAddrConsistAddr.xml]" classname="jmri.util.FileLineEndingsTest" time="0.001"/>
  <testcase name="lineEndings[./xml/decoders/parts/enum-OnOff.xml]" classname="jmri.util.FileLineEndingsTest" time="0"/>
  <testcase name="lineEndings[./xml/decoders/parts/enum-YesNo.xml]" classname="jmri.util.FileLineEndingsTest" time="0.001"/>
  <testcase name="lineEndings[./xml/decoders/parts/enum-AddSubtract.xml]" classname="jmri.util.FileLineEndingsTest" time="0.001"/>
  <testcase name="lineEndings[./xml/decoders/parts/enum-AddSubtract2.xml]" classname="jmri.util.FileLineEndingsTest" time="0.001"/>
  <testcase name="lineEndings[./xml/decoders/Mistral_GOLD_V7.xml]" classname="jmri.util.FileLineEndingsTest" time="0.001"/>
  <testcase name="lineEndings[./xml/decoders/Lenz_V41.xml]" classname="jmri.util.FileLineEndingsTest" time="0.001"/>
  <testcase name="lineEndings[./xml/decoders/Kato_em13.xml]" classname="jmri.util.FileLineEndingsTest" time="0.033"/>
  <testcase name="lineEndings[./xml/decoders/bli/PxCV.xml]" classname="jmri.util.FileLineEndingsTest" time="0.001"/>
  <testcase name="lineEndings[./xml/decoders/bli/PxCV_Diesel.xml]" classname="jmri.util.FileLineEndingsTest" time="0.002"/>
  <testcase name="lineEndings[./xml/decoders/bli/P3FunctionChoiceSteam.xml]" classname="jmri.util.FileLineEndingsTest" time="0.001"/>
  <testcase name="lineEndings[./xml/decoders/bli/PxPaneDCC.xml]" classname="jmri.util.FileLineEndingsTest" time="0.001"/>
  <testcase name="lineEndings[./xml/decoders/bli/P2CV.xml]" classname="jmri.util.FileLineEndingsTest" time="0.001"/>
  <testcase name="lineEndings[./xml/decoders/bli/PxPaneFunction.xml]" classname="jmri.util.FileLineEndingsTest" time="0.002"/>
  <testcase name="lineEndings[./xml/decoders/bli/enumLightFunction.xml]" classname="jmri.util.FileLineEndingsTest" time="0.001"/>
  <testcase name="lineEndings[./xml/decoders/bli/enumLightDirection.xml]" classname="jmri.util.FileLineEndingsTest" time="0.001"/>
  <testcase name="lineEndings[./xml/decoders/bli/P2FunctionChoiceDiesel.xml]" classname="jmri.util.FileLineEndingsTest" time="0.001"/>
  <testcase name="lineEndings[./xml/decoders/bli/P3CV.xml]" classname="jmri.util.FileLineEndingsTest" time="0.002"/>
  <testcase name="lineEndings[./xml/decoders/bli/PxCV_Steam.xml]" classname="jmri.util.FileLineEndingsTest" time="0.001"/>
  <testcase name="lineEndings[./xml/decoders/bli/P2FunctionChoiceSteam.xml]" classname="jmri.util.FileLineEndingsTest" time="0.001"/>
  <testcase name="lineEndings[./xml/decoders/bli/PxPaneDC.xml]" classname="jmri.util.FileLineEndingsTest" time="0.001"/>
  <testcase name="lineEndings[./xml/decoders/bli/P3FunctionChoiceDiesel.xml]" classname="jmri.util.FileLineEndingsTest" time="0.002"/>
  <testcase name="lineEndings[./xml/decoders/bli/PxPaneSettings.xml]" classname="jmri.util.FileLineEndingsTest" time="0.001"/>
  <testcase name="lineEndings[./xml/decoders/uhlenbrock/cv107.108indepOutputs.xml]" classname="jmri.util.FileLineEndingsTest" time="0.001"/>
  <testcase name="lineEndings[./xml/decoders/uhlenbrock/cv49dataformat.xml]" classname="jmri.util.FileLineEndingsTest" time="0.001"/>
  <testcase name="lineEndings[./xml/decoders/uhlenbrock/cv65.66registers.xml]" classname="jmri.util.FileLineEndingsTest" time="0.002"/>
  <testcase name="lineEndings[./xml/decoders/uhlenbrock/cv29analog.xml]" classname="jmri.util.FileLineEndingsTest" time="0.001"/>
  <testcase name="lineEndings[./xml/decoders/uhlenbrock/cv54motorReg.xml]" classname="jmri.util.FileLineEndingsTest" time="0.001"/>
  <testcase name="lineEndings[./xml/decoders/uhlenbrock/cv49common.xml]" classname="jmri.util.FileLineEndingsTest" time="0.001"/>
  <testcase name="lineEndings[./xml/decoders/uhlenbrock/functionmap7outputs.xml]" classname="jmri.util.FileLineEndingsTest" time="0.001"/>
  <testcase name="lineEndings[./xml/decoders/uhlenbrock/enumSound2.xml]" classname="jmri.util.FileLineEndingsTest" time="0.002"/>
  <testcase name="lineEndings[./xml/decoders/uhlenbrock/enumFunctionChoice.xml]" classname="jmri.util.FileLineEndingsTest" time="0.001"/>
  <testcase name="lineEndings[./xml/decoders/uhlenbrock/enumSound1.xml]" classname="jmri.util.FileLineEndingsTest" time="0.001"/>
  <testcase name="lineEndings[./xml/decoders/uhlenbrock/PaneUhlenbrock.xml]" classname="jmri.util.FileLineEndingsTest" time="0.001"/>
  <testcase name="lineEndings[./xml/decoders/uhlenbrock/functionmap6outputs.xml]" classname="jmri.util.FileLineEndingsTest" time="0.001"/>
  <testcase name="lineEndings[./xml/decoders/uhlenbrock/cv100error.xml]" classname="jmri.util.FileLineEndingsTest" time="0.001"/>
  <testcase name="lineEndings[./xml/decoders/uhlenbrock/cv12dataformat.xml]" classname="jmri.util.FileLineEndingsTest" time="0.001"/>
  <testcase name="lineEndings[./xml/decoders/uhlenbrock/cv51analog.xml]" classname="jmri.util.FileLineEndingsTest" time="0.002"/>
  <testcase name="lineEndings[./xml/decoders/uhlenbrock/vStartHighMid-accelDecel.xml]" classname="jmri.util.FileLineEndingsTest" time="0.001"/>
  <testcase name="lineEndings[./xml/decoders/uhlenbrock/functionmap2outputs.xml]" classname="jmri.util.FileLineEndingsTest" time="0.001"/>
  <testcase name="lineEndings[./xml/decoders/Zimo_Unified_software_MX630v31.xml]" classname="jmri.util.FileLineEndingsTest" time="0.001"/>
  <testcase name="lineEndings[./xml/decoders/Zimo_Unified_software_v34_MX658.xml]" classname="jmri.util.FileLineEndingsTest" time="0.001"/>
  <testcase name="lineEndings[./xml/decoders/TD_SMD2.xml]" classname="jmri.util.FileLineEndingsTest" time="0.002"/>
  <testcase name="lineEndings[./xml/decoders/Doehler_Haass_fw3.05_FH05B.xml]" classname="jmri.util.FileLineEndingsTest" time="0.001"/>
  <testcase name="lineEndings[./xml/decoders/Doehler_Haass_fw3.05_FH05A.xml]" classname="jmri.util.FileLineEndingsTest" time="0.001"/>
  <testcase name="lineEndings[./xml/decoders/ESU_LokPilotDCC.xml]" classname="jmri.util.FileLineEndingsTest" time="0.001"/>
  <testcase name="lineEndings[./xml/decoders/SoundTraxx_Tsu_Steam_Genesis.xml]" classname="jmri.util.FileLineEndingsTest" time="0.002"/>
  <testcase name="lineEndings[./xml/decoders/CT_Elektronik_DCX_old.xml]" classname="jmri.util.FileLineEndingsTest" time="0.001"/>
  <testcase name="lineEndings[./xml/decoders/Lenz_Silver_Mini.xml]" classname="jmri.util.FileLineEndingsTest" time="0.001"/>
  <testcase name="lineEndings[./xml/decoders/teamdigital/PaneCSC1.xml]" classname="jmri.util.FileLineEndingsTest" time="0.002"/>
  <testcase name="lineEndings[./xml/decoders/teamdigital/PaneCSC57Delay.xml]" classname="jmri.util.FileLineEndingsTest" time="0.001"/>
  <testcase name="lineEndings[./xml/decoders/teamdigital/PaneCSCSetup.xml]" classname="jmri.util.FileLineEndingsTest" time="0.001"/>
  <testcase name="lineEndings[./xml/decoders/teamdigital/PaneCSC17.xml]" classname="jmri.util.FileLineEndingsTest" time="0.001"/>
  <testcase name="lineEndings[./xml/decoders/teamdigital/PaneCSC41.xml]" classname="jmri.util.FileLineEndingsTest" time="0.001"/>
  <testcase name="lineEndings[./xml/decoders/teamdigital/PaneServo.xml]" classname="jmri.util.FileLineEndingsTest" time="0.001"/>
  <testcase name="lineEndings[./xml/decoders/teamdigital/ChoiceAspect.xml]" classname="jmri.util.FileLineEndingsTest" time="0.001"/>
  <testcase name="lineEndings[./xml/decoders/teamdigital/PaneCSC85.xml]" classname="jmri.util.FileLineEndingsTest" time="0.001"/>
  <testcase name="lineEndings[./xml/decoders/teamdigital/PaneCSC49.xml]" classname="jmri.util.FileLineEndingsTest" time="0.001"/>
  <testcase name="lineEndings[./xml/decoders/teamdigital/PaneCSC25.xml]" classname="jmri.util.FileLineEndingsTest" time="0.001"/>
  <testcase name="lineEndings[./xml/decoders/teamdigital/PaneCSC57.xml]" classname="jmri.util.FileLineEndingsTest" time="0.001"/>
  <testcase name="lineEndings[./xml/decoders/teamdigital/PaneCSCinputs.xml]" classname="jmri.util.FileLineEndingsTest" time="0.001"/>
  <testcase name="lineEndings[./xml/decoders/teamdigital/PaneCSC33.xml]" classname="jmri.util.FileLineEndingsTest" time="0.001"/>
  <testcase name="lineEndings[./xml/decoders/teamdigital/ChoiceMessage.xml]" classname="jmri.util.FileLineEndingsTest" time="0.001"/>
  <testcase name="lineEndings[./xml/decoders/teamdigital/PaneCSC9.xml]" classname="jmri.util.FileLineEndingsTest" time="0.001"/>
  <testcase name="lineEndings[./xml/decoders/MRC_sound1829.xml]" classname="jmri.util.FileLineEndingsTest" time="0.001"/>
  <testcase name="lineEndings[./xml/decoders/Zimo_Unified_software_MX643P22v27.xml]" classname="jmri.util.FileLineEndingsTest" time="0.001"/>
  <testcase name="lineEndings[./xml/decoders/TCS_Tx_v28.xml]" classname="jmri.util.FileLineEndingsTest" time="0.001"/>
  <testcase name="lineEndings[./xml/decoders/TAMS_WIB-30.xml]" classname="jmri.util.FileLineEndingsTest" time="0.002"/>
  <testcase name="lineEndings[./xml/decoders/MRC_sound1917.xml]" classname="jmri.util.FileLineEndingsTest" time="0.001"/>
  <testcase name="lineEndings[./xml/decoders/SoundTraxx_LC_Diesel.xml]" classname="jmri.util.FileLineEndingsTest" time="0.002"/>
  <testcase name="lineEndings[./xml/decoders/Lenz_54.xml]" classname="jmri.util.FileLineEndingsTest" time="0.001"/>
  <testcase name="lineEndings[./xml/decoders/Massoth_LGB_6500x.xml]" classname="jmri.util.FileLineEndingsTest" time="0.001"/>
  <testcase name="lineEndings[./xml/decoders/digitrax/cv54.xml]" classname="jmri.util.FileLineEndingsTest" time="0.001"/>
  <testcase name="lineEndings[./xml/decoders/digitrax/PaneDigitrax.xml]" classname="jmri.util.FileLineEndingsTest" time="0.001"/>
  <testcase name="lineEndings[./xml/decoders/digitrax/userId.xml]" classname="jmri.util.FileLineEndingsTest" time="0.001"/>
  <testcase name="lineEndings[./xml/decoders/digitrax/consistAddrDirection.xml]" classname="jmri.util.FileLineEndingsTest" time="0.001"/>
  <testcase name="lineEndings[./xml/decoders/digitrax/cv21.22.xml]" classname="jmri.util.FileLineEndingsTest" time="0"/>
  <testcase name="lineEndings[./xml/decoders/digitrax/functionbehavior.xml]" classname="jmri.util.FileLineEndingsTest" time="0.001"/>
  <testcase name="lineEndings[./xml/decoders/digitrax/effectgen.xml]" classname="jmri.util.FileLineEndingsTest" time="0.001"/>
  <testcase name="lineEndings[./xml/decoders/digitrax/enum-enabledDisabledStar.xml]" classname="jmri.util.FileLineEndingsTest" time="0.001"/>
  <testcase name="lineEndings[./xml/decoders/digitrax/cv64LogicLevel21MTC.xml]" classname="jmri.util.FileLineEndingsTest" time="0.001"/>
  <testcase name="lineEndings[./xml/decoders/digitrax/cv61Series6.xml]" classname="jmri.util.FileLineEndingsTest" time="0.001"/>
  <testcase name="lineEndings[./xml/decoders/digitrax/enum-enabledStarDisabled.xml]" classname="jmri.util.FileLineEndingsTest" time="0.001"/>
  <testcase name="lineEndings[./xml/decoders/digitrax/motorDriveFreq.xml]" classname="jmri.util.FileLineEndingsTest" time="0.001"/>
  <testcase name="lineEndings[./xml/decoders/digitrax/EnumVal_group1.xml]" classname="jmri.util.FileLineEndingsTest" time="0.001"/>
  <testcase name="lineEndings[./xml/decoders/digitrax/bemf.xml]" classname="jmri.util.FileLineEndingsTest" time="0.001"/>
  <testcase name="lineEndings[./xml/decoders/digitrax/cv29NDOT.xml]" classname="jmri.util.FileLineEndingsTest" time="0.001"/>
  <testcase name="lineEndings[./xml/decoders/digitrax/PaneDigitraxSoundInfo.xml]" classname="jmri.util.FileLineEndingsTest" time="0.001"/>
  <testcase name="lineEndings[./xml/decoders/digitrax/EnumVal_group3.xml]" classname="jmri.util.FileLineEndingsTest" time="0.001"/>
  <testcase name="lineEndings[./xml/decoders/digitrax/enum-disabledEnabledStar.xml]" classname="jmri.util.FileLineEndingsTest" time="0"/>
  <testcase name="lineEndings[./xml/decoders/digitrax/enum-disabledStarEnabled.xml]" classname="jmri.util.FileLineEndingsTest" time="0.001"/>
  <testcase name="lineEndings[./xml/decoders/digitrax/cv61Series3.xml]" classname="jmri.util.FileLineEndingsTest" time="0.001"/>
  <testcase name="lineEndings[./xml/decoders/digitrax/enum-normalStarReserved.xml]" classname="jmri.util.FileLineEndingsTest" time="0.001"/>
  <testcase name="lineEndings[./xml/decoders/digitrax/mfgVersionId.xml]" classname="jmri.util.FileLineEndingsTest" time="0.001"/>
  <testcase name="lineEndings[./xml/decoders/digitrax/functionmap.xml]" classname="jmri.util.FileLineEndingsTest" time="0.001"/>
  <testcase name="lineEndings[./xml/decoders/digitrax/soundExtSeries6.xml]" classname="jmri.util.FileLineEndingsTest" time="0.001"/>
  <testcase name="lineEndings[./xml/decoders/digitrax/EnumVal_group2.xml]" classname="jmri.util.FileLineEndingsTest" time="0.001"/>
  <testcase name="lineEndings[./xml/decoders/digitrax/cv62.63LightingOptions.xml]" classname="jmri.util.FileLineEndingsTest" time="0.001"/>
  <testcase name="lineEndings[./xml/decoders/digitrax/vStartHighMid.xml]" classname="jmri.util.FileLineEndingsTest" time="0"/>
  <testcase name="lineEndings[./xml/decoders/digitrax/enum-normalReservedStar.xml]" classname="jmri.util.FileLineEndingsTest" time="0.001"/>
  <testcase name="lineEndings[./xml/decoders/digitrax/ds54enum-OutputType.xml]" classname="jmri.util.FileLineEndingsTest" time="0.001"/>
  <testcase name="lineEndings[./xml/decoders/digitrax/EnumVal_group6.xml]" classname="jmri.util.FileLineEndingsTest" time="0.001"/>
  <testcase name="lineEndings[./xml/decoders/digitrax/cv29analog.xml]" classname="jmri.util.FileLineEndingsTest" time="0.001"/>
  <testcase name="lineEndings[./xml/decoders/digitrax/fxCVs.xml]" classname="jmri.util.FileLineEndingsTest" time="0.001"/>
  <testcase name="lineEndings[./xml/decoders/digitrax/enum-reservedNormalStar.xml]" classname="jmri.util.FileLineEndingsTest" time="0"/>
  <testcase name="lineEndings[./xml/decoders/digitrax/EnumVal_group4.xml]" classname="jmri.util.FileLineEndingsTest" time="0.001"/>
  <testcase name="lineEndings[./xml/decoders/digitrax/EnumVal_group5.xml]" classname="jmri.util.FileLineEndingsTest" time="0.001"/>
  <testcase name="lineEndings[./xml/decoders/digitrax/PaneDigitraxSoundExtSeries6.xml]" classname="jmri.util.FileLineEndingsTest" time="0.001"/>
  <testcase name="lineEndings[./xml/decoders/Zimo_Unified_software_MX642v25.xml]" classname="jmri.util.FileLineEndingsTest" time="0.001"/>
  <testcase name="lineEndings[./xml/decoders/NCE_Light-It_accessory.xml]" classname="jmri.util.FileLineEndingsTest" time="0"/>
  <testcase name="lineEndings[./xml/decoders/TD_CSC.xml]" classname="jmri.util.FileLineEndingsTest" time="0.003"/>
  <testcase name="lineEndings[./xml/decoders/PpP_Sem2.xml]" classname="jmri.util.FileLineEndingsTest" time="0.001"/>
  <testcase name="lineEndings[./xml/decoders/TCS_Z2.xml]" classname="jmri.util.FileLineEndingsTest" time="0.001"/>
  <testcase name="lineEndings[./xml/decoders/CT_Elektronik_Sound_SL.xml]" classname="jmri.util.FileLineEndingsTest" time="0.002"/>
  <testcase name="lineEndings[./xml/decoders/PpP_Sem3.xml]" classname="jmri.util.FileLineEndingsTest" time="0"/>
  <testcase name="lineEndings[./xml/decoders/MRC_soundbrilliance1630.xml]" classname="jmri.util.FileLineEndingsTest" time="0.001"/>
  <testcase name="lineEndings[./xml/decoders/MRC_soundbrilliance1806.xml]" classname="jmri.util.FileLineEndingsTest" time="0.001"/>
  <testcase name="lineEndings[./xml/decoders/ESU_LokSoundV3_5.xml]" classname="jmri.util.FileLineEndingsTest" time="0.002"/>
  <testcase name="lineEndings[./xml/decoders/Doehler_Haass_fw3.05_DH06A.xml]" classname="jmri.util.FileLineEndingsTest" time="0.001"/>
  <testcase name="lineEndings[./xml/decoders/MRC_sound1617-1618.xml]" classname="jmri.util.FileLineEndingsTest" time="0.001"/>
  <testcase name="lineEndings[./xml/decoders/MRC_sound1828.xml]" classname="jmri.util.FileLineEndingsTest" time="0"/>
  <testcase name="lineEndings[./xml/decoders/Zimo_Unified_software_MX690Sv27.xml]" classname="jmri.util.FileLineEndingsTest" time="0.001"/>
  <testcase name="lineEndings[./xml/decoders/QSI_Gas_Turbine.xml]" classname="jmri.util.FileLineEndingsTest" time="0.001"/>
  <testcase name="lineEndings[./xml/decoders/mth/FunctionChoice.xml]" classname="jmri.util.FileLineEndingsTest" time="0.001"/>
  <testcase name="lineEndings[./xml/decoders/Zimo_MX62_v22+.xml]" classname="jmri.util.FileLineEndingsTest" time="0.002"/>
  <testcase name="lineEndings[./xml/decoders/Doehler_Haass_fw3.05_DH05-10C_12-16-18-21-22A.xml]" classname="jmri.util.FileLineEndingsTest" time="0.001"/>
  <testcase name="lineEndings[./xml/decoders/Doehler_Haass_fw3.03_DHP250.xml]" classname="jmri.util.FileLineEndingsTest" time="0.001"/>
  <testcase name="lineEndings[./xml/decoders/MRC_sound1906.xml]" classname="jmri.util.FileLineEndingsTest" time="0"/>
  <testcase name="lineEndings[./xml/decoders/TCS_V51.xml]" classname="jmri.util.FileLineEndingsTest" time="0.002"/>
  <testcase name="lineEndings[./xml/decoders/Lenz_LF100XF.xml]" classname="jmri.util.FileLineEndingsTest" time="0.001"/>
  <testcase name="lineEndings[./xml/decoders/Zimo_Unified_software_MX64Dv28.xml]" classname="jmri.util.FileLineEndingsTest" time="0"/>
  <testcase name="lineEndings[./xml/decoders/TCS_WOW_Diesel03.xml]" classname="jmri.util.FileLineEndingsTest" time="0.001"/>
  <testcase name="lineEndings[./xml/decoders/Zimo_Unified_software_MX632v25.xml]" classname="jmri.util.FileLineEndingsTest" time="0.001"/>
  <testcase name="lineEndings[./xml/decoders/Digitrax_0SFX0x4.xml]" classname="jmri.util.FileLineEndingsTest" time="0.001"/>
  <testcase name="lineEndings[./xml/decoders/NCE_Light-It_signal.xml]" classname="jmri.util.FileLineEndingsTest" time="0.001"/>
  <testcase name="lineEndings[./xml/decoders/Zimo_MX620_v9.xml]" classname="jmri.util.FileLineEndingsTest" time="0.002"/>
  <testcase name="lineEndings[./xml/decoders/Umelec_ATL2066.xml]" classname="jmri.util.FileLineEndingsTest" time="0.001"/>
  <testcase name="lineEndings[./xml/decoders/MRC_AthearnGenesisSD45-2.xml]" classname="jmri.util.FileLineEndingsTest" time="0.001"/>
  <testcase name="lineEndings[./xml/decoders/Kato_Ditch.xml]" classname="jmri.util.FileLineEndingsTest" time="0.001"/>
  <testcase name="lineEndings[./xml/decoders/trix/mLD3_mSD3_enum_stopRun.xml]" classname="jmri.util.FileLineEndingsTest" time="0.001"/>
  <testcase name="lineEndings[./xml/decoders/trix/mLD3_mSD3_paneFunctionMap.xml]" classname="jmri.util.FileLineEndingsTest" time="0.001"/>
  <testcase name="lineEndings[./xml/decoders/trix/mLD3_mSD3_enum_fwdRev.xml]" classname="jmri.util.FileLineEndingsTest" time="0.001"/>
  <testcase name="lineEndings[./xml/decoders/trix/mSD_soundLevels.xml]" classname="jmri.util.FileLineEndingsTest" time="0.001"/>
  <testcase name="lineEndings[./xml/decoders/trix/mLD3_mSD3_enum_triggerCondition.xml]" classname="jmri.util.FileLineEndingsTest" time="0"/>
  <testcase name="lineEndings[./xml/decoders/trix/mLD_mSD_advancedPane.xml]" classname="jmri.util.FileLineEndingsTest" time="0.001"/>
  <testcase name="lineEndings[./xml/decoders/trix/mSD3_soundLevels.xml]" classname="jmri.util.FileLineEndingsTest" time="0.001"/>
  <testcase name="lineEndings[./xml/decoders/trix/mLD_mSD_lightsPane.xml]" classname="jmri.util.FileLineEndingsTest" time="0.001"/>
  <testcase name="lineEndings[./xml/decoders/trix/mLD3_mSD3_functionMap.xml]" classname="jmri.util.FileLineEndingsTest" time="0.001"/>
  <testcase name="lineEndings[./xml/decoders/trix/mSD3_soundOptions.xml]" classname="jmri.util.FileLineEndingsTest" time="0.001"/>
  <testcase name="lineEndings[./xml/decoders/trix/mLD_mSD_functionmap.xml]" classname="jmri.util.FileLineEndingsTest" time="0.002"/>
  <testcase name="lineEndings[./xml/decoders/trix/mLD3_mSD3_lightCVs.xml]" classname="jmri.util.FileLineEndingsTest" time="0.001"/>
  <testcase name="lineEndings[./xml/decoders/trix/mSD3_soundLevelsPane.xml]" classname="jmri.util.FileLineEndingsTest" time="0.001"/>
  <testcase name="lineEndings[./xml/decoders/trix/mLD_mSD_motorPane.xml]" classname="jmri.util.FileLineEndingsTest" time="0.001"/>
  <testcase name="lineEndings[./xml/decoders/trix/mSD_soundPane.xml]" classname="jmri.util.FileLineEndingsTest" time="0.001"/>
  <testcase name="lineEndings[./xml/decoders/trix/mSD_soundLevelsPane.xml]" classname="jmri.util.FileLineEndingsTest" time="0.001"/>
  <testcase name="lineEndings[./xml/decoders/trix/mLD3_mSD3_standardCVs.xml]" classname="jmri.util.FileLineEndingsTest" time="0.001"/>
  <testcase name="lineEndings[./xml/decoders/trix/mLD_mSD_enum_light.xml]" classname="jmri.util.FileLineEndingsTest" time="0.001"/>
  <testcase name="lineEndings[./xml/decoders/trix/mLD3_mSD3_enum_events.xml]" classname="jmri.util.FileLineEndingsTest" time="0.001"/>
  <testcase name="lineEndings[./xml/decoders/trix/mLD3_mSD3_infoPane.xml]" classname="jmri.util.FileLineEndingsTest" time="0.001"/>
  <testcase name="lineEndings[./xml/decoders/trix/mLD_mSD_standardCVs.xml]" classname="jmri.util.FileLineEndingsTest" time="0.001"/>
  <testcase name="lineEndings[./xml/decoders/trix/mSD_soundOptions.xml]" classname="jmri.util.FileLineEndingsTest" time="0.001"/>
  <testcase name="lineEndings[./xml/decoders/trix/mLD3_mSD3_enum_triggers.xml]" classname="jmri.util.FileLineEndingsTest" time="0.001"/>
  <testcase name="lineEndings[./xml/decoders/trix/mLD_mSD_lightCVs.xml]" classname="jmri.util.FileLineEndingsTest" time="0"/>
  <testcase name="lineEndings[./xml/decoders/Lenz_LF101XF.xml]" classname="jmri.util.FileLineEndingsTest" time="0.002"/>
  <testcase name="lineEndings[./xml/decoders/ZTC_213B.xml]" classname="jmri.util.FileLineEndingsTest" time="0"/>
  <testcase name="lineEndings[./xml/decoders/SoundTraxx_OEM_Bachmann_v3.xml]" classname="jmri.util.FileLineEndingsTest" time="0.001"/>
  <testcase name="lineEndings[./xml/decoders/nmra/accelDecel_31.xml]" classname="jmri.util.FileLineEndingsTest" time="0.001"/>
  <testcase name="lineEndings[./xml/decoders/nmra/consistAccelDecelSigned.xml]" classname="jmri.util.FileLineEndingsTest" time="0.001"/>
  <testcase name="lineEndings[./xml/decoders/nmra/mfgVersionId.xml]" classname="jmri.util.FileLineEndingsTest" time="0.001"/>
  <testcase name="lineEndings[./xml/decoders/nmra/cv21_lsb_MRC.xml]" classname="jmri.util.FileLineEndingsTest" time="0"/>
  <testcase name="lineEndings[./xml/decoders/nmra/kickStart_63.xml]" classname="jmri.util.FileLineEndingsTest" time="0.001"/>
  <testcase name="lineEndings[./xml/decoders/nmra/cv29table3-28.xml]" classname="jmri.util.FileLineEndingsTest" time="0.001"/>
  <testcase name="lineEndings[./xml/decoders/nmra/accelDecel_254.xml]" classname="jmri.util.FileLineEndingsTest" time="0.001"/>
  <testcase name="lineEndings[./xml/decoders/nmra/vStartHighMid.xml]" classname="jmri.util.FileLineEndingsTest" time="0.001"/>
  <testcase name="lineEndings[./xml/decoders/nmra/analogModeFunction.xml]" classname="jmri.util.FileLineEndingsTest" time="0"/>
  <testcase name="lineEndings[./xml/decoders/nmra/cv21_lsb.xml]" classname="jmri.util.FileLineEndingsTest" time="0.001"/>
  <testcase name="lineEndings[./xml/decoders/nmra/consistAddrDirection.xml]" classname="jmri.util.FileLineEndingsTest" time="0.001"/>
  <testcase name="lineEndings[./xml/decoders/nmra/revTrim128.xml]" classname="jmri.util.FileLineEndingsTest" time="0.001"/>
  <testcase name="lineEndings[./xml/decoders/nmra/cv21.22.xml]" classname="jmri.util.FileLineEndingsTest" time="0.001"/>
  <testcase name="lineEndings[./xml/decoders/nmra/cv29direction.xml]" classname="jmri.util.FileLineEndingsTest" time="0"/>
  <testcase name="lineEndings[./xml/decoders/nmra/cv29address.xml]" classname="jmri.util.FileLineEndingsTest" time="0"/>
  <testcase name="lineEndings[./xml/decoders/nmra/fwdTrim128.xml]" classname="jmri.util.FileLineEndingsTest" time="0.001"/>
  <testcase name="lineEndings[./xml/decoders/nmra/accelDecel_255.xml]" classname="jmri.util.FileLineEndingsTest" time="0.001"/>
  <testcase name="lineEndings[./xml/decoders/nmra/cv29AdvAck.xml]" classname="jmri.util.FileLineEndingsTest" time="0.001"/>
  <testcase name="lineEndings[./xml/decoders/nmra/cv21.22_F12.xml]" classname="jmri.util.FileLineEndingsTest" time="0.001"/>
  <testcase name="lineEndings[./xml/decoders/nmra/cv29table1-28.xml]" classname="jmri.util.FileLineEndingsTest" time="0"/>
  <testcase name="lineEndings[./xml/decoders/nmra/cv51_DirectionalHeadlights.xml]" classname="jmri.util.FileLineEndingsTest" time="0.001"/>
  <testcase name="lineEndings[./xml/decoders/nmra/cv29speedSteps.xml]" classname="jmri.util.FileLineEndingsTest" time="0.001"/>
  <testcase name="lineEndings[./xml/decoders/nmra/cv21.22_F15.xml]" classname="jmri.util.FileLineEndingsTest" time="0.001"/>
  <testcase name="lineEndings[./xml/decoders/nmra/accelDecel.xml]" classname="jmri.util.FileLineEndingsTest" time="0.001"/>
  <testcase name="lineEndings[./xml/decoders/nmra/cv50_DCbrake.xml]" classname="jmri.util.FileLineEndingsTest" time="0"/>
  <testcase name="lineEndings[./xml/decoders/nmra/cv29RailCom.xml]" classname="jmri.util.FileLineEndingsTest" time="0.001"/>
  <testcase name="lineEndings[./xml/decoders/nmra/analogModeFunction_F15.xml]" classname="jmri.util.FileLineEndingsTest" time="0.001"/>
  <testcase name="lineEndings[./xml/decoders/nmra/fwdTrim.xml]" classname="jmri.util.FileLineEndingsTest" time="0.001"/>
  <testcase name="lineEndings[./xml/decoders/nmra/shortAddressOnly.xml]" classname="jmri.util.FileLineEndingsTest" time="0.001"/>
  <testcase name="lineEndings[./xml/decoders/nmra/revTrim.xml]" classname="jmri.util.FileLineEndingsTest" time="0.001"/>
  <testcase name="lineEndings[./xml/decoders/nmra/decoderLockId16.xml]" classname="jmri.util.FileLineEndingsTest" time="0"/>
  <testcase name="lineEndings[./xml/decoders/nmra/shortAndLongAddress.xml]" classname="jmri.util.FileLineEndingsTest" time="0.001"/>
  <testcase name="lineEndings[./xml/decoders/nmra/cv29analog.xml]" classname="jmri.util.FileLineEndingsTest" time="0.001"/>
  <testcase name="lineEndings[./xml/decoders/nmra/userId.xml]" classname="jmri.util.FileLineEndingsTest" time="0.001"/>
  <testcase name="lineEndings[./xml/decoders/nmra/analogModeFunction_F12.xml]" classname="jmri.util.FileLineEndingsTest" time="0.001"/>
  <testcase name="lineEndings[./xml/decoders/nmra/kickStart.xml]" classname="jmri.util.FileLineEndingsTest" time="0.001"/>
  <testcase name="lineEndings[./xml/decoders/nmra/functionmap.xml]" classname="jmri.util.FileLineEndingsTest" time="0.001"/>
  <testcase name="lineEndings[./xml/decoders/Lenz_80.xml]" classname="jmri.util.FileLineEndingsTest" time="0.001"/>
  <testcase name="lineEndings[./xml/decoders/Zimo_Unified_software_MX69Sv31.xml]" classname="jmri.util.FileLineEndingsTest" time="0.001"/>
  <testcase name="lineEndings[./xml/decoders/MRC_sound1619to1624.xml]" classname="jmri.util.FileLineEndingsTest" time="0.001"/>
  <testcase name="lineEndings[./xml/decoders/TD_SHD2.xml]" classname="jmri.util.FileLineEndingsTest" time="0.001"/>
  <testcase name="lineEndings[./xml/decoders/SoundTraxx_Tsu_Steam_IMRC.xml]" classname="jmri.util.FileLineEndingsTest" time="0.001"/>
  <testcase name="lineEndings[./xml/decoders/ZTC_4007.xml]" classname="jmri.util.FileLineEndingsTest" time="0.001"/>
  <testcase name="lineEndings[./xml/decoders/Zimo_Unified_software_v32_MX649.xml]" classname="jmri.util.FileLineEndingsTest" time="0.001"/>
  <testcase name="lineEndings[./xml/decoders/Atlas_VO1000.xml]" classname="jmri.util.FileLineEndingsTest" time="0.001"/>
  <testcase name="lineEndings[./xml/decoders/CT_Elektronik_DCX_33.xml]" classname="jmri.util.FileLineEndingsTest" time="0.001"/>
  <testcase name="lineEndings[./xml/decoders/TCS_WOW_Electric_Bachman01.xml]" classname="jmri.util.FileLineEndingsTest" time="0.001"/>
  <testcase name="lineEndings[./xml/decoders/Uhlenbrock_74400.xml]" classname="jmri.util.FileLineEndingsTest" time="0.001"/>
  <testcase name="lineEndings[./xml/decoders/TCS_Tx_v27.xml]" classname="jmri.util.FileLineEndingsTest" time="0.001"/>
  <testcase name="lineEndings[./xml/decoders/Doehler_Haass_fw3.03_DH05-10B.xml]" classname="jmri.util.FileLineEndingsTest" time="0"/>
  <testcase name="lineEndings[./xml/decoders/MRC_sound1916.xml]" classname="jmri.util.FileLineEndingsTest" time="0.001"/>
  <testcase name="lineEndings[./xml/decoders/Doehler_Haass_sd_SD21A.xml]" classname="jmri.util.FileLineEndingsTest" time="0.001"/>
  <testcase name="lineEndings[./xml/decoders/TCS_WOW_EMD01.xml]" classname="jmri.util.FileLineEndingsTest" time="0.001"/>
  <testcase name="lineEndings[./xml/decoders/Zimo_Unified_software_MX648v30.xml]" classname="jmri.util.FileLineEndingsTest" time="0.001"/>
  <testcase name="lineEndings[./xml/decoders/MRC_soundbrilliance1804.xml]" classname="jmri.util.FileLineEndingsTest" time="0.001"/>
  <testcase name="lineEndings[./xml/decoders/Lenz_LE1000.xml]" classname="jmri.util.FileLineEndingsTest" time="0"/>
  <testcase name="lineEndings[./xml/decoders/ZTC_215.xml]" classname="jmri.util.FileLineEndingsTest" time="0.001"/>
  <testcase name="lineEndings[./xml/decoders/Atlas_NCE_N.xml]" classname="jmri.util.FileLineEndingsTest" time="0.001"/>
  <testcase name="lineEndings[./xml/decoders/BLI_Light.xml]" classname="jmri.util.FileLineEndingsTest" time="0.001"/>
  <testcase name="lineEndings[./xml/decoders/NCE_E.xml]" classname="jmri.util.FileLineEndingsTest" time="0"/>
  <testcase name="lineEndings[./xml/decoders/Zimo_MX64(H)_v15.xml]" classname="jmri.util.FileLineEndingsTest" time="0.001"/>
  <testcase name="lineEndings[./xml/decoders/MTH_Expanded.xml]" classname="jmri.util.FileLineEndingsTest" time="0.001"/>
  <testcase name="lineEndings[./xml/decoders/QSI_Diesel.xml]" classname="jmri.util.FileLineEndingsTest" time="0.001"/>
  <testcase name="lineEndings[./xml/decoders/Zimo_Unified_software_MX69Sv28.xml]" classname="jmri.util.FileLineEndingsTest" time="0.001"/>
  <testcase name="lineEndings[./xml/decoders/CVProducts_AD4LC.xml]" classname="jmri.util.FileLineEndingsTest" time="0.001"/>
  <testcase name="lineEndings[./xml/decoders/Lenz_Silver.xml]" classname="jmri.util.FileLineEndingsTest" time="0"/>
  <testcase name="lineEndings[./xml/decoders/Digitrax_0SFX.xml]" classname="jmri.util.FileLineEndingsTest" time="0.001"/>
  <testcase name="lineEndings[./xml/decoders/Doehler_Haass_fw3.08-09_DH05-10C_12-16-18-21-22A_PD12A.xml]" classname="jmri.util.FileLineEndingsTest" time="0.001"/>
  <testcase name="lineEndings[./xml/decoders/Zimo_Unified_software_MX643P22v25.xml]" classname="jmri.util.FileLineEndingsTest" time="0.001"/>
  <testcase name="lineEndings[./xml/decoders/SoundTraxx_Eco_Steam.xml]" classname="jmri.util.FileLineEndingsTest" time="0.001"/>
  <testcase name="lineEndings[./xml/decoders/ESU_LokPilotDCC_1.0.xml]" classname="jmri.util.FileLineEndingsTest" time="0.001"/>
  <testcase name="lineEndings[./xml/decoders/Massoth_CL_63000.xml]" classname="jmri.util.FileLineEndingsTest" time="0.001"/>
  <testcase name="lineEndings[./xml/decoders/Zimo_Unified_software_MX690Sv28.xml]" classname="jmri.util.FileLineEndingsTest" time="0"/>
  <testcase name="lineEndings[./xml/decoders/HornbyDigital.xml]" classname="jmri.util.FileLineEndingsTest" time="0.001"/>
  <testcase name="lineEndings[./xml/decoders/HornbyTTS.xml]" classname="jmri.util.FileLineEndingsTest" time="0.001"/>
  <testcase name="lineEndings[./xml/decoders/MRC_soundbrillianceBigBoy.xml]" classname="jmri.util.FileLineEndingsTest" time="0"/>
  <testcase name="lineEndings[./xml/decoders/BLI_Blueline_steam.xml]" classname="jmri.util.FileLineEndingsTest" time="0.001"/>
  <testcase name="lineEndings[./xml/decoders/MRC_sound1639.xml]" classname="jmri.util.FileLineEndingsTest" time="0.001"/>
  <testcase name="lineEndings[./xml/decoders/Zimo_Unified_software_MX620v27.xml]" classname="jmri.util.FileLineEndingsTest" time="0.001"/>
  <testcase name="lineEndings[./xml/decoders/Zimo_Unified_software_v32_MX648.xml]" classname="jmri.util.FileLineEndingsTest" time="0.001"/>
  <testcase name="lineEndings[./xml/decoders/Qdecoder_FStandard.xml]" classname="jmri.util.FileLineEndingsTest" time="0"/>
  <testcase name="lineEndings[./xml/decoders/Atlas_Lenz_N.xml]" classname="jmri.util.FileLineEndingsTest" time="0.001"/>
  <testcase name="lineEndings[./xml/decoders/TD_SRC8.xml]" classname="jmri.util.FileLineEndingsTest" time="0.001"/>
  <testcase name="lineEndings[./xml/decoders/Zimo_MX620_v1-3.xml]" classname="jmri.util.FileLineEndingsTest" time="0.001"/>
  <testcase name="lineEndings[./xml/decoders/TCS_X-Jan2000.xml]" classname="jmri.util.FileLineEndingsTest" time="0.001"/>
  <testcase name="lineEndings[./xml/decoders/TD_SRC16.xml]" classname="jmri.util.FileLineEndingsTest" time="0.001"/>
  <testcase name="lineEndings[./xml/decoders/MRC_sound1952.xml]" classname="jmri.util.FileLineEndingsTest" time="0.001"/>
  <testcase name="lineEndings[./xml/decoders/Zimo_Unified_software_MX69Sv27.xml]" classname="jmri.util.FileLineEndingsTest" time="0.001"/>
  <testcase name="lineEndings[./xml/decoders/Digitrax_DCS5x.xml]" classname="jmri.util.FileLineEndingsTest" time="0.001"/>
  <testcase name="lineEndings[./xml/decoders/MRC_sound1631to1633.xml]" classname="jmri.util.FileLineEndingsTest" time="0"/>
  <testcase name="lineEndings[./xml/decoders/Lenz_51.xml]" classname="jmri.util.FileLineEndingsTest" time="0.001"/>
  <testcase name="lineEndings[./xml/decoders/TCS_WOW_Diesel04.xml]" classname="jmri.util.FileLineEndingsTest" time="0.001"/>
  <testcase name="lineEndings[./xml/decoders/Zimo_Unified_software_MX631v31.xml]" classname="jmri.util.FileLineEndingsTest" time="0.001"/>
  <testcase name="lineEndings[./xml/decoders/TCS_WOW_FW01.xml]" classname="jmri.util.FileLineEndingsTest" time="0.001"/>
  <testcase name="lineEndings[./xml/decoders/Public_Domain_HDL_LocoIO.xml]" classname="jmri.util.FileLineEndingsTest" time="0"/>
  <testcase name="lineEndings[./xml/decoders/Zimo_MX62_64_1.xml]" classname="jmri.util.FileLineEndingsTest" time="0.001"/>
  <testcase name="lineEndings[./xml/decoders/ZTC_471_sound.xml]" classname="jmri.util.FileLineEndingsTest" time="0.002"/>
  <testcase name="lineEndings[./xml/decoders/Zimo_MX680_v1-2.xml]" classname="jmri.util.FileLineEndingsTest" time="0.001"/>
  <testcase name="lineEndings[./xml/decoders/Rautenhaus_fw10_RMX992_993.xml]" classname="jmri.util.FileLineEndingsTest" time="0"/>
  <testcase name="lineEndings[./xml/decoders/MRC_sounder1666.xml]" classname="jmri.util.FileLineEndingsTest" time="0.001"/>
  <testcase name="lineEndings[./xml/decoders/ZTC_213.xml]" classname="jmri.util.FileLineEndingsTest" time="0.001"/>
  <testcase name="lineEndings[./xml/decoders/MERG_ACC4.xml]" classname="jmri.util.FileLineEndingsTest" time="0.001"/>
  <testcase name="lineEndings[./xml/decoders/Doehler_Haass_fw3.02_generic.xml]" classname="jmri.util.FileLineEndingsTest" time="0"/>
  <testcase name="lineEndings[./xml/decoders/Digitrax_STD.xml]" classname="jmri.util.FileLineEndingsTest" time="0.001"/>
  <testcase name="lineEndings[./xml/decoders/MRC_sound1905.xml]" classname="jmri.util.FileLineEndingsTest" time="0.001"/>
  <testcase name="lineEndings[./xml/decoders/Umelec_ATL2064.xml]" classname="jmri.util.FileLineEndingsTest" time="0.001"/>
  <testcase name="lineEndings[./xml/decoders/Zimo_Unified_software_MX69Vv25.xml]" classname="jmri.util.FileLineEndingsTest" time="0.001"/>
  <testcase name="lineEndings[./xml/decoders/Doehler_Haass_FFn_decoders_old.xml]" classname="jmri.util.FileLineEndingsTest" time="0"/>
  <testcase name="lineEndings[./xml/decoders/TD_SIC24AD.xml]" classname="jmri.util.FileLineEndingsTest" time="0.002"/>
  <testcase name="lineEndings[./xml/decoders/MRC_sound1800-1801.xml]" classname="jmri.util.FileLineEndingsTest" time="0"/>
  <testcase name="lineEndings[./xml/decoders/MRC_128step.xml]" classname="jmri.util.FileLineEndingsTest" time="0.001"/>
  <testcase name="lineEndings[./xml/decoders/Zimo_Unified_software_v32_MX648+.xml]" classname="jmri.util.FileLineEndingsTest" time="0.001"/>
  <testcase name="lineEndings[./xml/decoders/Digitrax_TF4.xml]" classname="jmri.util.FileLineEndingsTest" time="0.001"/>
  <testcase name="lineEndings[./xml/decoders/Lenz_Standard.xml]" classname="jmri.util.FileLineEndingsTest" time="0.001"/>
  <testcase name="lineEndings[./xml/decoders/TCS_FW86.xml]" classname="jmri.util.FileLineEndingsTest" time="0.001"/>
  <testcase name="lineEndings[./xml/decoders/TD_Servette.xml]" classname="jmri.util.FileLineEndingsTest" time="0.001"/>
  <testcase name="lineEndings[./xml/decoders/SoundTraxx_MC_Walthers.xml]" classname="jmri.util.FileLineEndingsTest" time="0.001"/>
  <testcase name="lineEndings[./xml/decoders/TCS_WOW_FW03.xml]" classname="jmri.util.FileLineEndingsTest" time="0"/>
  <testcase name="lineEndings[./xml/decoders/Doehler_Haass_fw3.03_DHP260.xml]" classname="jmri.util.FileLineEndingsTest" time="0.001"/>
  <testcase name="lineEndings[./xml/decoders/MRC_soundbrilliance1639.xml]" classname="jmri.util.FileLineEndingsTest" time="0.001"/>
  <testcase name="lineEndings[./xml/decoders/TD_SC8.xml]" classname="jmri.util.FileLineEndingsTest" time="0.001"/>
  <testcase name="lineEndings[./xml/decoders/Bachmann_EZDCC_1fn.xml]" classname="jmri.util.FileLineEndingsTest" time="0.001"/>
  <testcase name="lineEndings[./xml/decoders/Zimo_Unified_software_MX632Cv31.xml]" classname="jmri.util.FileLineEndingsTest" time="0"/>
  <testcase name="lineEndings[./xml/decoders/MERG_10.xml]" classname="jmri.util.FileLineEndingsTest" time="0.001"/>
  <testcase name="lineEndings[./xml/decoders/Public_Domain_MERG_DIY_10.xml]" classname="jmri.util.FileLineEndingsTest" time="0.001"/>
  <testcase name="lineEndings[./xml/decoders/Zimo_Unified_software_MX631Cv31.xml]" classname="jmri.util.FileLineEndingsTest" time="0"/>
  <testcase name="lineEndings[./xml/decoders/SoundTraxx_SHS_F7.xml]" classname="jmri.util.FileLineEndingsTest" time="0"/>
  <testcase name="lineEndings[./xml/decoders/Uhlenbrock_32100.xml]" classname="jmri.util.FileLineEndingsTest" time="0.001"/>
  <testcase name="lineEndings[./xml/decoders/Arnold.xml]" classname="jmri.util.FileLineEndingsTest" time="0.001"/>
  <testcase name="lineEndings[./xml/decoders/Zimo_MX65.xml]" classname="jmri.util.FileLineEndingsTest" time="0.001"/>
  <testcase name="lineEndings[./xml/decoders/Zimo_Unified_software_MX621v31.xml]" classname="jmri.util.FileLineEndingsTest" time="0.001"/>
  <testcase name="lineEndings[./xml/decoders/ZTC_415.xml]" classname="jmri.util.FileLineEndingsTest" time="0.001"/>
  <testcase name="lineEndings[./xml/decoders/Doehler_Haass_fw3.03_DH05-10A.xml]" classname="jmri.util.FileLineEndingsTest" time="0"/>
  <testcase name="lineEndings[./xml/decoders/ANE_LC201.xml]" classname="jmri.util.FileLineEndingsTest" time="0.001"/>
  <testcase name="lineEndings[./xml/decoders/QSI_Electric_Ver7.xml]" classname="jmri.util.FileLineEndingsTest" time="0.001"/>
  <testcase name="lineEndings[./xml/decoders/Zimo_Unified_software_v32_MX647.xml]" classname="jmri.util.FileLineEndingsTest" time="0.001"/>
  <testcase name="lineEndings[./xml/decoders/Doehler_Haass_fw3.03_DHP160.xml]" classname="jmri.util.FileLineEndingsTest" time="0.001"/>
  <testcase name="lineEndings[./xml/decoders/Digitrax_CS.xml]" classname="jmri.util.FileLineEndingsTest" time="0"/>
  <testcase name="lineEndings[./xml/decoders/Wangrow_2.xml]" classname="jmri.util.FileLineEndingsTest" time="0.001"/>
  <testcase name="lineEndings[./xml/decoders/MRC_sound1663.xml]" classname="jmri.util.FileLineEndingsTest" time="0.001"/>
  <testcase name="lineEndings[./xml/decoders/SoundTraxx_Tsu_SoundCar.xml]" classname="jmri.util.FileLineEndingsTest" time="0.001"/>
  <testcase name="lineEndings[./xml/decoders/public_domain/enum-HDL-PortMode.xml]" classname="jmri.util.FileLineEndingsTest" time="0.001"/>
  <testcase name="lineEndings[./xml/decoders/public_domain/enum-FREDiFunctionKeyMode.xml]" classname="jmri.util.FileLineEndingsTest" time="0.001"/>
  <testcase name="lineEndings[./xml/decoders/public_domain/pane-FREDiVersionMap.xml]" classname="jmri.util.FileLineEndingsTest" time="0"/>
  <testcase name="lineEndings[./xml/decoders/public_domain/pane-FREDiFunctionMap.xml]" classname="jmri.util.FileLineEndingsTest" time="0.001"/>
  <testcase name="lineEndings[./xml/decoders/TCS_bemf.xml]" classname="jmri.util.FileLineEndingsTest" time="0.001"/>
  <testcase name="lineEndings[./xml/decoders/MRC_sound1827.xml]" classname="jmri.util.FileLineEndingsTest" time="0.001"/>
  <testcase name="lineEndings[./xml/decoders/MERG_12A.xml]" classname="jmri.util.FileLineEndingsTest" time="0.001"/>
  <testcase name="lineEndings[./xml/decoders/SoundTraxx_Tsu2_Electric.xml]" classname="jmri.util.FileLineEndingsTest" time="0.001"/>
  <testcase name="lineEndings[./xml/decoders/Zimo_MX61_2.xml]" classname="jmri.util.FileLineEndingsTest" time="0.001"/>
  <testcase name="lineEndings[./xml/decoders/Zimo_Unified_software_MX64Dv31.xml]" classname="jmri.util.FileLineEndingsTest" time="0"/>
  <testcase name="lineEndings[./xml/decoders/0NMRA_registers.xml]" classname="jmri.util.FileLineEndingsTest" time="0.001"/>
  <testcase name="lineEndings[./xml/decoders/MRC_sound1820.xml]" classname="jmri.util.FileLineEndingsTest" time="0.001"/>
  <testcase name="lineEndings[./xml/decoders/Zimo_Unified_software_v32_MX699.xml]" classname="jmri.util.FileLineEndingsTest" time="0"/>
  <testcase name="lineEndings[./xml/decoders/Qdecoder_Zbasic.xml]" classname="jmri.util.FileLineEndingsTest" time="0.001"/>
  <testcase name="lineEndings[./xml/decoders/PpP_LightFX.xml]" classname="jmri.util.FileLineEndingsTest" time="0.001"/>
  <testcase name="lineEndings[./xml/decoders/Zimo_Unified_software_MX632v27.xml]" classname="jmri.util.FileLineEndingsTest" time="0.001"/>
  <testcase name="lineEndings[./xml/decoders/CT_Elektronik_Sound_SL_51.xml]" classname="jmri.util.FileLineEndingsTest" time="0.001"/>
  <testcase name="lineEndings[./xml/decoders/TCS_FW41.xml]" classname="jmri.util.FileLineEndingsTest" time="0"/>
  <testcase name="lineEndings[./xml/decoders/Zimo_Unified_software_MX631Cv28.xml]" classname="jmri.util.FileLineEndingsTest" time="0.001"/>
  <testcase name="lineEndings[./xml/decoders/Zimo_Unified_software_MX690Vv25.xml]" classname="jmri.util.FileLineEndingsTest" time="0.001"/>
  <testcase name="lineEndings[./xml/decoders/TrainOMatic_NMJ_224.xml]" classname="jmri.util.FileLineEndingsTest" time="0"/>
  <testcase name="lineEndings[./xml/decoders/QSI_Articulated_Steam_ver7.xml]" classname="jmri.util.FileLineEndingsTest" time="0.001"/>
  <testcase name="lineEndings[./xml/decoders/0NMRA.xml]" classname="jmri.util.FileLineEndingsTest" time="0"/>
  <testcase name="lineEndings[./xml/decoders/Zimo_Unified_software_MX690Sv30.xml]" classname="jmri.util.FileLineEndingsTest" time="0.001"/>
  <testcase name="lineEndings[./xml/decoders/Massoth_eMOTION_S.xml]" classname="jmri.util.FileLineEndingsTest" time="0.001"/>
  <testcase name="lineEndings[./xml/decoders/DCC_Concepts_Zen.xml]" classname="jmri.util.FileLineEndingsTest" time="0.001"/>
  <testcase name="lineEndings[./xml/decoders/Zimo_Unified_software_v32_MX640.xml]" classname="jmri.util.FileLineEndingsTest" time="0.001"/>
  <testcase name="lineEndings[./xml/decoders/Zimo_Unified_software_MX630v27.xml]" classname="jmri.util.FileLineEndingsTest" time="0.001"/>
  <testcase name="lineEndings[./xml/decoders/BLI_Blueline_diesel.xml]" classname="jmri.util.FileLineEndingsTest" time="0"/>
  <testcase name="lineEndings[./xml/decoders/Massoth_LGB_55027.xml]" classname="jmri.util.FileLineEndingsTest" time="0.001"/>
  <testcase name="lineEndings[./xml/decoders/TAMS_LD-G-21.xml]" classname="jmri.util.FileLineEndingsTest" time="0.001"/>
  <testcase name="lineEndings[./xml/decoders/QSI_Articulated_Steam_ver6.xml]" classname="jmri.util.FileLineEndingsTest" time="0.001"/>
  <testcase name="lineEndings[./xml/decoders/Zimo_Unified_software_MX642v28.xml]" classname="jmri.util.FileLineEndingsTest" time="0.001"/>
  <testcase name="lineEndings[./xml/decoders/MRC_soundbrilliance1803.xml]" classname="jmri.util.FileLineEndingsTest" time="0.001"/>
  <testcase name="lineEndings[./xml/decoders/Zimo_Unified_software_MX632v28.xml]" classname="jmri.util.FileLineEndingsTest" time="0"/>
  <testcase name="lineEndings[./xml/decoders/TCS_Fn2.xml]" classname="jmri.util.FileLineEndingsTest" time="0.001"/>
  <testcase name="lineEndings[./xml/decoders/ESU_Misc_LightingInterior.xml]" classname="jmri.util.FileLineEndingsTest" time="0.001"/>
  <testcase name="lineEndings[./xml/decoders/MRC_sound1627.xml]" classname="jmri.util.FileLineEndingsTest" time="0.001"/>
  <testcase name="lineEndings[./xml/decoders/Massoth_LGB.xml]" classname="jmri.util.FileLineEndingsTest" time="0.001"/>
  <testcase name="lineEndings[./xml/decoders/QSI_Articulated_Steam.xml]" classname="jmri.util.FileLineEndingsTest" time="0.001"/>
  <testcase name="lineEndings[./xml/decoders/Zimo_MX66S_1.xml]" classname="jmri.util.FileLineEndingsTest" time="0.001"/>
  <testcase name="lineEndings[./xml/decoders/Digitrax_PM4.xml]" classname="jmri.util.FileLineEndingsTest" time="0.001"/>
  <testcase name="lineEndings[./xml/decoders/MRC_sound1806to1812.xml]" classname="jmri.util.FileLineEndingsTest" time="0"/>
  <testcase name="lineEndings[./xml/decoders/SoundTraxx_Eco_Diesel_UK.xml]" classname="jmri.util.FileLineEndingsTest" time="0.001"/>
  <testcase name="lineEndings[./xml/decoders/ZTC_Stabilized.xml]" classname="jmri.util.FileLineEndingsTest" time="0.001"/>
  <testcase name="lineEndings[./xml/decoders/BLI_Blueline_Paragon2_Steam.xml]" classname="jmri.util.FileLineEndingsTest" time="0.001"/>
  <testcase name="lineEndings[./xml/decoders/SoundTraxx_DSD_Steam.xml]" classname="jmri.util.FileLineEndingsTest" time="0.001"/>
  <testcase name="lineEndings[./xml/decoders/MTH.xml]" classname="jmri.util.FileLineEndingsTest" time="0"/>
  <testcase name="lineEndings[./xml/decoders/TAMS_FD-R_Extended.xml]" classname="jmri.util.FileLineEndingsTest" time="0.002"/>
  <testcase name="lineEndings[./xml/decoders/Trix_mSD3.xml]" classname="jmri.util.FileLineEndingsTest" time="0.002"/>
  <testcase name="lineEndings[./xml/decoders/TD_SC82.xml]" classname="jmri.util.FileLineEndingsTest" time="0.001"/>
  <testcase name="lineEndings[./xml/decoders/Digitrax_01x6.xml]" classname="jmri.util.FileLineEndingsTest" time="0.001"/>
  <testcase name="lineEndings[./xml/decoders/MRC_soundbrilliance1827.xml]" classname="jmri.util.FileLineEndingsTest" time="0.001"/>
  <testcase name="lineEndings[./xml/decoders/QSI_ver8.xml]" classname="jmri.util.FileLineEndingsTest" time="0.001"/>
  <testcase name="lineEndings[./xml/decoders/RR-CirKits-MotorMan.xml]" classname="jmri.util.FileLineEndingsTest" time="0.002"/>
  <testcase name="lineEndings[./xml/decoders/TCS_WOW_FW02.xml]" classname="jmri.util.FileLineEndingsTest" time="0.001"/>
  <testcase name="lineEndings[./xml/decoders/TCS_Tx.xml]" classname="jmri.util.FileLineEndingsTest" time="0.001"/>
  <testcase name="lineEndings[./xml/decoders/Lenz_UltraDrive.xml]" classname="jmri.util.FileLineEndingsTest" time="0"/>
  <testcase name="lineEndings[./xml/decoders/Trix_Snd_Glasscar.xml]" classname="jmri.util.FileLineEndingsTest" time="0.001"/>
  <testcase name="lineEndings[./xml/decoders/TD_SRC162.xml]" classname="jmri.util.FileLineEndingsTest" time="0.002"/>
  <testcase name="lineEndings[./xml/decoders/MRC_soundbrilliance1957.xml]" classname="jmri.util.FileLineEndingsTest" time="0"/>
  <testcase name="lineEndings[./xml/decoders/Arnold_81220.xml]" classname="jmri.util.FileLineEndingsTest" time="0.001"/>
  <testcase name="lineEndings[./xml/decoders/TCS_Mfamily-Jan2000.xml]" classname="jmri.util.FileLineEndingsTest" time="0.001"/>
  <testcase name="lineEndings[./xml/decoders/Zimo_MX61_1.xml]" classname="jmri.util.FileLineEndingsTest" time="0.001"/>
  <testcase name="lineEndings[./xml/decoders/ct_elektronik/dimmingFunction-CV117-118.xml]" classname="jmri.util.FileLineEndingsTest" time="0.001"/>
  <testcase name="lineEndings[./xml/decoders/ct_elektronik/enumLightType.xml]" classname="jmri.util.FileLineEndingsTest" time="0"/>
  <testcase name="lineEndings[./xml/decoders/ct_elektronik/lockDecoder-CV53.xml]" classname="jmri.util.FileLineEndingsTest" time="0.001"/>
  <testcase name="lineEndings[./xml/decoders/ct_elektronik/enumLightDirection.xml]" classname="jmri.util.FileLineEndingsTest" time="0.001"/>
  <testcase name="lineEndings[./xml/decoders/ct_elektronik/functionMapNMRA.xml]" classname="jmri.util.FileLineEndingsTest" time="0"/>
  <testcase name="lineEndings[./xml/decoders/ct_elektronik/analogModeFunction.xml]" classname="jmri.util.FileLineEndingsTest" time="0.001"/>
  <testcase name="lineEndings[./xml/decoders/ct_elektronik/outputMapDimming-CV57-58.xml]" classname="jmri.util.FileLineEndingsTest" time="0.001"/>
  <testcase name="lineEndings[./xml/decoders/ct_elektronik/functionMapCT.xml]" classname="jmri.util.FileLineEndingsTest" time="0.001"/>
  <testcase name="lineEndings[./xml/decoders/Umelec_ATL2051.xml]" classname="jmri.util.FileLineEndingsTest" time="0.001"/>
  <testcase name="lineEndings[./xml/decoders/Public_Domain_dccdoma_UNI16ARD_NAV_EXT.xml]" classname="jmri.util.FileLineEndingsTest" time="0.004"/>
  <testcase name="lineEndings[./xml/decoders/NCE_D13SR_TC.xml]" classname="jmri.util.FileLineEndingsTest" time="0.001"/>
  <testcase name="lineEndings[./xml/decoders/Zimo_Unified_software_MX642v27.xml]" classname="jmri.util.FileLineEndingsTest" time="0"/>
  <testcase name="lineEndings[./xml/decoders/SoundTraxx_Tsu2_Diesel_OEM_Genesis.xml]" classname="jmri.util.FileLineEndingsTest" time="0.002"/>
  <testcase name="lineEndings[./xml/decoders/Kuehn_5Moto.xml]" classname="jmri.util.FileLineEndingsTest" time="0.001"/>
  <testcase name="lineEndings[./xml/decoders/NCE_D13SR.xml]" classname="jmri.util.FileLineEndingsTest" time="0.001"/>
  <testcase name="lineEndings[./xml/decoders/ESU_LokSound_Select.xml]" classname="jmri.util.FileLineEndingsTest" time="0.001"/>
  <testcase name="lineEndings[./xml/decoders/SoundTraxx_Tsu_SoundCar_Walthers.xml]" classname="jmri.util.FileLineEndingsTest" time="0.001"/>
  <testcase name="lineEndings[./xml/decoders/MRC_soundbrilliance1638.xml]" classname="jmri.util.FileLineEndingsTest" time="0.001"/>
  <testcase name="lineEndings[./xml/decoders/Doehler_Haass_fw3.03_DH05-10C_12-16-18-21A.xml]" classname="jmri.util.FileLineEndingsTest" time="0"/>
  <testcase name="lineEndings[./xml/decoders/Trix_mSD.xml]" classname="jmri.util.FileLineEndingsTest" time="0.002"/>
  <testcase name="lineEndings[./xml/decoders/Doehler_Haass_fw3.04_DH05-10C_12-16-18-21-22A.xml]" classname="jmri.util.FileLineEndingsTest" time="0.001"/>
  <testcase name="lineEndings[./xml/decoders/Doehler_Haass_susi_sd_SH10A.xml]" classname="jmri.util.FileLineEndingsTest" time="0.001"/>
  <testcase name="lineEndings[./xml/decoders/CT_Elektronik_DCX_30_V.xml]" classname="jmri.util.FileLineEndingsTest" time="0.001"/>
  <testcase name="lineEndings[./xml/decoders/Zimo_Unified_software_MX620v31.xml]" classname="jmri.util.FileLineEndingsTest" time="0"/>
  <testcase name="lineEndings[./xml/decoders/TCS_A1X.xml]" classname="jmri.util.FileLineEndingsTest" time="0.001"/>
  <testcase name="lineEndings[./xml/decoders/Zimo_Unified_software_MX633v31.xml]" classname="jmri.util.FileLineEndingsTest" time="0.001"/>
  <testcase name="lineEndings[./xml/decoders/MRC_sound1961.xml]" classname="jmri.util.FileLineEndingsTest" time="0.001"/>
  <testcase name="lineEndings[./xml/decoders/Trix_Snd.xml]" classname="jmri.util.FileLineEndingsTest" time="0.001"/>
  <testcase name="lineEndings[./xml/decoders/GFB_TT300.xml]" classname="jmri.util.FileLineEndingsTest" time="0"/>
  <testcase name="lineEndings[./xml/decoders/QSI_Diesel_Ver6.xml]" classname="jmri.util.FileLineEndingsTest" time="0.002"/>
  <testcase name="lineEndings[./xml/decoders/MRC_sound1913.xml]" classname="jmri.util.FileLineEndingsTest" time="0"/>
  <testcase name="lineEndings[./xml/decoders/Doehler_Haass_fw3.02_DH06A.xml]" classname="jmri.util.FileLineEndingsTest" time="0.001"/>
  <testcase name="lineEndings[./xml/decoders/ESU_LokPilot2.0.xml]" classname="jmri.util.FileLineEndingsTest" time="0.001"/>
  <testcase name="lineEndings[./xml/decoders/SoundTraxx_Tsu_Steam_Walthers.xml]" classname="jmri.util.FileLineEndingsTest" time="0.001"/>
  <testcase name="lineEndings[./xml/decoders/Zimo_Unified_software_v32_MX695_696_697V.xml]" classname="jmri.util.FileLineEndingsTest" time="0.001"/>
  <testcase name="lineEndings[./xml/decoders/Digirails_DR80010-15.xml]" classname="jmri.util.FileLineEndingsTest" time="0.001"/>
  <testcase name="lineEndings[./xml/decoders/TD_SMD8.xml]" classname="jmri.util.FileLineEndingsTest" time="0.001"/>
  <testcase name="lineEndings[./xml/decoders/RR-CirKits-LNCP-basic.xml]" classname="jmri.util.FileLineEndingsTest" time="0.003"/>
  <testcase name="lineEndings[./xml/decoders/Zimo_Unified_software_MX645P16v28.xml]" classname="jmri.util.FileLineEndingsTest" time="0"/>
  <testcase name="lineEndings[./xml/decoders/Doehler_Haass_fw3.03_DH06A.xml]" classname="jmri.util.FileLineEndingsTest" time="0.001"/>
  <testcase name="lineEndings[./xml/decoders/MRC_sound1658-1660.xml]" classname="jmri.util.FileLineEndingsTest" time="0.001"/>
  <testcase name="lineEndings[./xml/decoders/Lenz_LE077XF.xml]" classname="jmri.util.FileLineEndingsTest" time="0.001"/>
  <testcase name="lineEndings[./xml/decoders/Zimo_Unified_software_MX69Vv28.xml]" classname="jmri.util.FileLineEndingsTest" time="0"/>
  <testcase name="lineEndings[./xml/decoders/MRC_sound1819.xml]" classname="jmri.util.FileLineEndingsTest" time="0.001"/>
  <testcase name="lineEndings[./xml/decoders/LaisDcc.xml]" classname="jmri.util.FileLineEndingsTest" time="0.001"/>
  <testcase name="lineEndings[./xml/decoders/MRC_sounder1662.xml]" classname="jmri.util.FileLineEndingsTest" time="0.001"/>
  <testcase name="lineEndings[./xml/decoders/Public_Domain_MERG_DIY_12A.xml]" classname="jmri.util.FileLineEndingsTest" time="0.001"/>
  <testcase name="lineEndings[./xml/decoders/Digitrax_BDL168.xml]" classname="jmri.util.FileLineEndingsTest" time="0"/>
  <testcase name="lineEndings[./xml/decoders/RR-CirKits-TC-64-basic.xml]" classname="jmri.util.FileLineEndingsTest" time="0.004"/>
  <testcase name="lineEndings[./xml/decoders/Doehler_Haass_fw3.05_generic.xml]" classname="jmri.util.FileLineEndingsTest" time="0"/>
  <testcase name="lineEndings[./xml/decoders/MRC_soundbrilliance1637.xml]" classname="jmri.util.FileLineEndingsTest" time="0.001"/>
  <testcase name="lineEndings[./xml/decoders/Lenz_DriveSelect.xml]" classname="jmri.util.FileLineEndingsTest" time="0.001"/>
  <testcase name="lineEndings[./xml/decoders/Zimo_Unified_software_MX690Vv28.xml]" classname="jmri.util.FileLineEndingsTest" time="0"/>
  <testcase name="lineEndings[./xml/decoders/Zimo_Unified_software_MX643P16v25.xml]" classname="jmri.util.FileLineEndingsTest" time="0.001"/>
  <testcase name="lineEndings[./xml/decoders/Zimo_Unified_software_MX69Vv27.xml]" classname="jmri.util.FileLineEndingsTest" time="0.001"/>
  <testcase name="lineEndings[./xml/decoders/PpP_Des3.xml]" classname="jmri.util.FileLineEndingsTest" time="0.001"/>
  <testcase name="lineEndings[./xml/decoders/Zimo_Unified_software_MX631Cv27.xml]" classname="jmri.util.FileLineEndingsTest" time="0"/>
  <testcase name="lineEndings[./xml/decoders/Digitrax_Economy_Series6.xml]" classname="jmri.util.FileLineEndingsTest" time="0.001"/>
  <testcase name="lineEndings[./xml/decoders/Wangrow_6.xml]" classname="jmri.util.FileLineEndingsTest" time="0.001"/>
  <testcase name="lineEndings[./xml/decoders/Zimo_Unified_software_MX69Sv25.xml]" classname="jmri.util.FileLineEndingsTest" time="0"/>
  <testcase name="lineEndings[./xml/decoders/MRC_soundbrilliance1800.xml]" classname="jmri.util.FileLineEndingsTest" time="0.001"/>
  <testcase name="lineEndings[./xml/decoders/TD_SMD82.xml]" classname="jmri.util.FileLineEndingsTest" time="0.001"/>
  <testcase name="lineEndings[./xml/decoders/MRC_Athearn_F_Unit.xml]" classname="jmri.util.FileLineEndingsTest" time="0.001"/>
  <testcase name="lineEndings[./xml/decoders/ESU_LokPilotBasic2.0.xml]" classname="jmri.util.FileLineEndingsTest" time="0.001"/>
  <testcase name="lineEndings[./xml/decoders/QSI_ver9.xml]" classname="jmri.util.FileLineEndingsTest" time="0.001"/>
  <testcase name="lineEndings[./xml/decoders/RR-CirKits-SwitchMan.xml]" classname="jmri.util.FileLineEndingsTest" time="0.003"/>
  <testcase name="lineEndings[./xml/decoders/Haber_u_Koenig.xml]" classname="jmri.util.FileLineEndingsTest" time="0"/>
  <testcase name="lineEndings[./xml/decoders/MTH_PS3_Full.xml]" classname="jmri.util.FileLineEndingsTest" time="0.001"/>
  <testcase name="lineEndings[./xml/decoders/Zimo_Unified_software_v34_MX645.xml]" classname="jmri.util.FileLineEndingsTest" time="0.001"/>
  <testcase name="lineEndings[./xml/decoders/Zimo_Unified_software_MX632v31.xml]" classname="jmri.util.FileLineEndingsTest" time="0.001"/>
  <testcase name="lineEndings[./xml/decoders/MRC_sound1629.xml]" classname="jmri.util.FileLineEndingsTest" time="0"/>
  <testcase name="lineEndings[./xml/decoders/Zimo_Unified_software_MX631v27.xml]" classname="jmri.util.FileLineEndingsTest" time="0.001"/>
  <testcase name="lineEndings[./xml/decoders/Digitrax_DCSx00.xml]" classname="jmri.util.FileLineEndingsTest" time="0.001"/>
  <testcase name="lineEndings[./xml/decoders/Digitrax_01x3.xml]" classname="jmri.util.FileLineEndingsTest" time="0.001"/>
  <testcase name="lineEndings[./xml/decoders/TCS_DP2X.xml]" classname="jmri.util.FileLineEndingsTest" time="0"/>
  <testcase name="lineEndings[./xml/decoders/TAMS_FD-R_Basic.xml]" classname="jmri.util.FileLineEndingsTest" time="0.001"/>
  <testcase name="lineEndings[./xml/decoders/ESU_LokPilotBasic1.0.xml]" classname="jmri.util.FileLineEndingsTest" time="0.001"/>
  <testcase name="lineEndings[./xml/decoders/TD_SMD84.xml]" classname="jmri.util.FileLineEndingsTest" time="0.001"/>
  <testcase name="lineEndings[./xml/decoders/Uhlenbrock_75330.xml]" classname="jmri.util.FileLineEndingsTest" time="0.001"/>
  <testcase name="lineEndings[./xml/decoders/Zimo_Unified_software_MX630v25.xml]" classname="jmri.util.FileLineEndingsTest" time="0.003"/>
  <testcase name="lineEndings[./xml/decoders/MRC_sound1644-1645.xml]" classname="jmri.util.FileLineEndingsTest" time="0.001"/>
  <testcase name="lineEndings[./xml/decoders/TAMS_LD-G-32.xml]" classname="jmri.util.FileLineEndingsTest" time="0"/>
  <testcase name="lineEndings[./xml/decoders/Atlas_342.xml]" classname="jmri.util.FileLineEndingsTest" time="0.001"/>
  <testcase name="lineEndings[./xml/decoders/Zimo_Unified_software_MX643P22v28.xml]" classname="jmri.util.FileLineEndingsTest" time="0.001"/>
  <testcase name="lineEndings[./xml/decoders/MRC_soundbrilliance1812.xml]" classname="jmri.util.FileLineEndingsTest" time="0.001"/>
  <testcase name="lineEndings[./xml/decoders/TD_SMC4.xml]" classname="jmri.util.FileLineEndingsTest" time="0.001"/>
  <testcase name="lineEndings[./xml/decoders/TrainOMatic_ShinePlus.xml]" classname="jmri.util.FileLineEndingsTest" time="0.001"/>
  <testcase name="lineEndings[./xml/decoders/TCS_V51-Jun2007.xml]" classname="jmri.util.FileLineEndingsTest" time="0.001"/>
  <testcase name="lineEndings[./xml/decoders/Trix_mLD.xml]" classname="jmri.util.FileLineEndingsTest" time="0"/>
  <testcase name="lineEndings[./xml/decoders/Trix_mLD3.xml]" classname="jmri.util.FileLineEndingsTest" time="0.001"/>
  <testcase name="lineEndings[./xml/decoders/0NMRA_test_1024.xml]" classname="jmri.util.FileLineEndingsTest" time="0.004"/>
  <testcase name="lineEndings[./xml/decoders/MRC_sound1711to1716.xml]" classname="jmri.util.FileLineEndingsTest" time="0"/>
  <testcase name="lineEndings[./xml/decoders/ESU_LokSound_Select_Steam.xml]" classname="jmri.util.FileLineEndingsTest" time="0.001"/>
  <testcase name="lineEndings[./xml/decoders/SoundTraxx_Tsu_Diesel_Bachmann.xml]" classname="jmri.util.FileLineEndingsTest" time="0.001"/>
  <testcase name="lineEndings[./xml/decoders/SoundTraxx_MC.xml]" classname="jmri.util.FileLineEndingsTest" time="0.001"/>
  <testcase name="lineEndings[./xml/decoders/Uhlenbrock_76560.xml]" classname="jmri.util.FileLineEndingsTest" time="0.001"/>
  <testcase name="lineEndings[./xml/decoders/Uhlenbrock_73500.xml]" classname="jmri.util.FileLineEndingsTest" time="0.001"/>
  <testcase name="lineEndings[./xml/decoders/Zimo_Unified_software_v30_MX681.xml]" classname="jmri.util.FileLineEndingsTest" time="0"/>
  <testcase name="lineEndings[./xml/decoders/Massoth_LGB_22592.xml]" classname="jmri.util.FileLineEndingsTest" time="0.001"/>
  <testcase name="lineEndings[./xml/decoders/MRC_Athearn_F45.xml]" classname="jmri.util.FileLineEndingsTest" time="0.001"/>
  <testcase name="lineEndings[./xml/decoders/Doehler_Haass_fw3.02_DHP260.xml]" classname="jmri.util.FileLineEndingsTest" time="0.001"/>
  <testcase name="lineEndings[./xml/decoders/PpP_Sem4.xml]" classname="jmri.util.FileLineEndingsTest" time="0"/>
  <testcase name="lineEndings[./xml/decoders/Zimo_Unified_software_MX630v28.xml]" classname="jmri.util.FileLineEndingsTest" time="0.001"/>
  <testcase name="lineEndings[./xml/decoders/Zimo_Unified_software_MX632Cv27.xml]" classname="jmri.util.FileLineEndingsTest" time="0.001"/>
  <testcase name="lineEndings[./xml/decoders/QSI_Diesel_Ver7.xml]" classname="jmri.util.FileLineEndingsTest" time="0.001"/>
  <testcase name="lineEndings[./xml/decoders/SoundTraxx_SHS_F3.xml]" classname="jmri.util.FileLineEndingsTest" time="0.001"/>
  <testcase name="lineEndings[./xml/decoders/Digitrax_1x2.xml]" classname="jmri.util.FileLineEndingsTest" time="0.001"/>
  <testcase name="lineEndings[./xml/decoders/Doehler_Haass_fw3.02_DH05-10C_12-16-18A.xml]" classname="jmri.util.FileLineEndingsTest" time="0.001"/>
  <testcase name="lineEndings[./xml/decoders/Zimo_Unified_software_v34_MX644.xml]" classname="jmri.util.FileLineEndingsTest" time="0.001"/>
  <testcase name="lineEndings[./xml/decoders/Digitrax_1SFX.xml]" classname="jmri.util.FileLineEndingsTest" time="0"/>
  <testcase name="lineEndings[./xml/decoders/MyLocoSound-DCC.xml]" classname="jmri.util.FileLineEndingsTest" time="0.001"/>
  <testcase name="lineEndings[./xml/decoders/TCS_WOW_Diesel02.xml]" classname="jmri.util.FileLineEndingsTest" time="0.001"/>
  <testcase name="lineEndings[./xml/decoders/ESU_LokPilotV4.0.xml]" classname="jmri.util.FileLineEndingsTest" time="0.001"/>
  <testcase name="lineEndings[./xml/decoders/TD_SIC24.xml]" classname="jmri.util.FileLineEndingsTest" time="0.002"/>
  <testcase name="lineEndings[./xml/decoders/MRC_sound1902.xml]" classname="jmri.util.FileLineEndingsTest" time="0"/>
  <testcase name="lineEndings[./xml/decoders/SoundTraxx_DSD_Diesel.xml]" classname="jmri.util.FileLineEndingsTest" time="0.001"/>
  <testcase name="lineEndings[./xml/decoders/TD_BlocD8.xml]" classname="jmri.util.FileLineEndingsTest" time="0.001"/>
  <testcase name="lineEndings[./xml/decoders/Zimo_Unified_software_MX69Lv25.xml]" classname="jmri.util.FileLineEndingsTest" time="0.001"/>
  <testcase name="lineEndings[./xml/decoders/MRC_soundbrilliance1636.xml]" classname="jmri.util.FileLineEndingsTest" time="0.001"/>
  <testcase name="lineEndings[./xml/decoders/TD_SIC24e.xml]" classname="jmri.util.FileLineEndingsTest" time="0.001"/>
  <testcase name="lineEndings[./xml/decoders/Doehler_Haass_fw3.02_FH05A.xml]" classname="jmri.util.FileLineEndingsTest" time="0.001"/>
  <testcase name="lineEndings[./xml/decoders/SoundTraxx_DSX_Steam.xml]" classname="jmri.util.FileLineEndingsTest" time="0"/>
  <testcase name="lineEndings[./xml/decoders/Uhlenbrock_73900.xml]" classname="jmri.util.FileLineEndingsTest" time="0.001"/>
  <testcase name="lineEndings[./xml/decoders/SoundTraxx_LC_Steam_hylt.xml]" classname="jmri.util.FileLineEndingsTest" time="0.001"/>
  <testcase name="lineEndings[./xml/decoders/SoundTraxx_LC_Steam.xml]" classname="jmri.util.FileLineEndingsTest" time="0.001"/>
  <testcase name="lineEndings[./xml/decoders/Bachmann_EZDCC.xml]" classname="jmri.util.FileLineEndingsTest" time="0"/>
  <testcase name="lineEndings[./xml/decoders/Zimo_Unified_software_MX695Sv30.xml]" classname="jmri.util.FileLineEndingsTest" time="0.001"/>
  <testcase name="lineEndings[./xml/decoders/CT_Elektronik_Sound_SL_v40.xml]" classname="jmri.util.FileLineEndingsTest" time="0.001"/>
  <testcase name="lineEndings[./xml/decoders/Zimo_Unified_software_MX634Cv31.xml]" classname="jmri.util.FileLineEndingsTest" time="0.001"/>
  <testcase name="lineEndings[./xml/decoders/TCS_zMx.xml]" classname="jmri.util.FileLineEndingsTest" time="0.001"/>
  <testcase name="lineEndings[./xml/decoders/Doehler_Haass_fw3.02_DH05-10AB.xml]" classname="jmri.util.FileLineEndingsTest" time="0"/>
  <testcase name="lineEndings[./xml/decoders/Uhlenbrock_77500.xml]" classname="jmri.util.FileLineEndingsTest" time="0"/>
  <testcase name="lineEndings[./xml/decoders/TAMS_FD-R_Basic2.xml]" classname="jmri.util.FileLineEndingsTest" time="0.001"/>
  <testcase name="lineEndings[./xml/decoders/Zimo_Unified_software_MX640v28.xml]" classname="jmri.util.FileLineEndingsTest" time="0.001"/>
  <testcase name="lineEndings[./xml/decoders/Zimo_Unified_software_MX69Lv28.xml]" classname="jmri.util.FileLineEndingsTest" time="0.001"/>
  <testcase name="lineEndings[./xml/decoders/Massoth_pulsed_smoke.xml]" classname="jmri.util.FileLineEndingsTest" time="0"/>
  <testcase name="lineEndings[./xml/decoders/Fleischmann_FMZ_DCC.xml]" classname="jmri.util.FileLineEndingsTest" time="0.001"/>
  <testcase name="lineEndings[./xml/decoders/CVProducts_AD4.xml]" classname="jmri.util.FileLineEndingsTest" time="0.001"/>
  <testcase name="lineEndings[./xml/decoders/MRC_sound1960.xml]" classname="jmri.util.FileLineEndingsTest" time="0.001"/>
  <testcase name="lineEndings[./xml/decoders/Qdecoder_Fplus.xml]" classname="jmri.util.FileLineEndingsTest" time="0"/>
  <testcase name="lineEndings[./xml/decoders/SoundTraxx_MC_IMRC_OEM.xml]" classname="jmri.util.FileLineEndingsTest" time="0.001"/>
  <testcase name="lineEndings[./xml/decoders/Doehler_Haass_fw3.06-07_DH05-10C_12-16-18-21-22A_PD12A.xml]" classname="jmri.util.FileLineEndingsTest" time="0.001"/>
  <testcase name="lineEndings[./xml/decoders/Doehler_Haass_fw1.06-07_SD10-16-18-21-22A.xml]" classname="jmri.util.FileLineEndingsTest" time="0.001"/>
  <testcase name="lineEndings[./xml/decoders/SoundTraxx_Bachmann_SndVal_Stm_deprecated.xml]" classname="jmri.util.FileLineEndingsTest" time="0.001"/>
  <testcase name="lineEndings[./xml/decoders/Zimo_Unified_software_MX632Cv28.xml]" classname="jmri.util.FileLineEndingsTest" time="0.001"/>
  <testcase name="lineEndings[./xml/decoders/Zimo_Unified_software_v36_MX648.xml]" classname="jmri.util.FileLineEndingsTest" time="0"/>
  <testcase name="lineEndings[./xml/decoders/Doehler_Haass_fw3.04_DHP160.xml]" classname="jmri.util.FileLineEndingsTest" time="0.001"/>
  <testcase name="lineEndings[./xml/decoders/RR-CirKits-SignalMan-basic.xml]" classname="jmri.util.FileLineEndingsTest" time="0.002"/>
  <testcase name="lineEndings[./xml/decoders/TamValleyDepot_QuadLn_S_11.xml]" classname="jmri.util.FileLineEndingsTest" time="0.001"/>
  <testcase name="lineEndings[./xml/decoders/Doehler_Haass_fw3.04_generic.xml]" classname="jmri.util.FileLineEndingsTest" time="0.001"/>
  <testcase name="lineEndings[./xml/decoders/CT_Elektronik_DCX_oldV26.xml]" classname="jmri.util.FileLineEndingsTest" time="0"/>
  <testcase name="lineEndings[./xml/decoders/ESU_Bachmann_3_function.xml]" classname="jmri.util.FileLineEndingsTest" time="0.001"/>
  <testcase name="lineEndings[./xml/decoders/Fleischmann_Function_Leig.xml]" classname="jmri.util.FileLineEndingsTest" time="0.001"/>
  <testcase name="lineEndings[./xml/decoders/SoundTraxx_LC_Steam_pnp.xml]" classname="jmri.util.FileLineEndingsTest" time="0.001"/>
  <testcase name="lineEndings[./xml/decoders/Doehler_Haass_fw3.04_DHP260.xml]" classname="jmri.util.FileLineEndingsTest" time="0"/>
  <testcase name="lineEndings[./xml/decoders/Harman_DIY_accessory_decoders.xml]" classname="jmri.util.FileLineEndingsTest" time="0"/>
  <testcase name="lineEndings[./xml/decoders/ESU_Roco_10745_v56.xml]" classname="jmri.util.FileLineEndingsTest" time="0.001"/>
  <testcase name="lineEndings[./xml/decoders/SoundTraxx_Tsu_Diesel_Genesis.xml]" classname="jmri.util.FileLineEndingsTest" time="0.002"/>
  <testcase name="lineEndings[./xml/decoders/MRC_soundbrilliance1658.xml]" classname="jmri.util.FileLineEndingsTest" time="0.001"/>
  <testcase name="lineEndings[./xml/decoders/Zimo_MX61_N.xml]" classname="jmri.util.FileLineEndingsTest" time="0.001"/>
  <testcase name="lineEndings[./xml/decoders/MRC_sound1636.xml]" classname="jmri.util.FileLineEndingsTest" time="0.001"/>
  <testcase name="lineEndings[./xml/decoders/ESU_SwitchPilot.xml]" classname="jmri.util.FileLineEndingsTest" time="0"/>
  <testcase name="lineEndings[./xml/decoders/Digitrax_0SFX_Series6.xml]" classname="jmri.util.FileLineEndingsTest" time="0.001"/>
  <testcase name="lineEndings[./xml/decoders/Zimo_Unified_software_MX640v27.xml]" classname="jmri.util.FileLineEndingsTest" time="0.001"/>
  <testcase name="lineEndings[./xml/decoders/Digitrax_DS64.xml]" classname="jmri.util.FileLineEndingsTest" time="0.001"/>
  <testcase name="lineEndings[./xml/decoders/Zimo_Unified_software_MX645v28.xml]" classname="jmri.util.FileLineEndingsTest" time="0.001"/>
  <testcase name="lineEndings[./xml/decoders/Zimo_Unified_software_MX600v31.xml]" classname="jmri.util.FileLineEndingsTest" time="0.001"/>
  <testcase name="lineEndings[./xml/decoders/TCS_WOW_steam04.xml]" classname="jmri.util.FileLineEndingsTest" time="0.001"/>
  <testcase name="lineEndings[./xml/decoders/Zimo_Unified_software_MX69Vv31.xml]" classname="jmri.util.FileLineEndingsTest" time="0.001"/>
  <testcase name="lineEndings[./xml/decoders/Massoth_eMOTION_Sound.xml]" classname="jmri.util.FileLineEndingsTest" time="0.002"/>
  <testcase name="lineEndings[./xml/decoders/0NMRA_accessory.xml]" classname="jmri.util.FileLineEndingsTest" time="0.001"/>
  <testcase name="lineEndings[./xml/decoders/MRC_soundbrilliance1869.xml]" classname="jmri.util.FileLineEndingsTest" time="0.001"/>
  <testcase name="lineEndings[./xml/decoders/0NMRA_test.xml]" classname="jmri.util.FileLineEndingsTest" time="0.001"/>
  <testcase name="lineEndings[./xml/decoders/Atlas_DualMode.xml]" classname="jmri.util.FileLineEndingsTest" time="0.001"/>
  <testcase name="lineEndings[./xml/decoders/Zimo_Unified_software_MX623v30.xml]" classname="jmri.util.FileLineEndingsTest" time="0"/>
  <testcase name="lineEndings[./xml/decoders/Trix_Snd_BB12000.xml]" classname="jmri.util.FileLineEndingsTest" time="0.001"/>
  <testcase name="lineEndings[./xml/decoders/Zimo_Unified_software_MX69Lv27.xml]" classname="jmri.util.FileLineEndingsTest" time="0.001"/>
  <testcase name="lineEndings[./xml/decoders/TCS_Fn_FW01.xml]" classname="jmri.util.FileLineEndingsTest" time="0.001"/>
  <testcase name="lineEndings[./xml/decoders/SoundTraxx_Eco_Diesel.xml]" classname="jmri.util.FileLineEndingsTest" time="0.001"/>
  <testcase name="lineEndings[./xml/decoders/MRC_sound1750.xml]" classname="jmri.util.FileLineEndingsTest" time="0.001"/>
  <testcase name="lineEndings[./xml/decoders/MRC_1428step.xml]" classname="jmri.util.FileLineEndingsTest" time="0"/>
  <testcase name="lineEndings[./xml/decoders/MRC_sound1922.xml]" classname="jmri.util.FileLineEndingsTest" time="0.001"/>
  <testcase name="lineEndings[./xml/decoders/SoundTraxx_OEM_PIKO.xml]" classname="jmri.util.FileLineEndingsTest" time="0.001"/>
  <testcase name="lineEndings[./xml/decoders/Zimo_Unified_software_MX618v31.xml]" classname="jmri.util.FileLineEndingsTest" time="0.001"/>
  <testcase name="lineEndings[./xml/decoders/Hattons.xml]" classname="jmri.util.FileLineEndingsTest" time="0.001"/>
  <testcase name="lineEndings[./xml/decoders/Doehler_Haass_fw3.02_DHP250.xml]" classname="jmri.util.FileLineEndingsTest" time="0.001"/>
  <testcase name="lineEndings[./xml/decoders/Zimo_MX66-2000-11.xml]" classname="jmri.util.FileLineEndingsTest" time="0.001"/>
  <testcase name="lineEndings[./xml/decoders/MRC_sound1626.xml]" classname="jmri.util.FileLineEndingsTest" time="0.001"/>
  <testcase name="lineEndings[./xml/decoders/QSI_Stock.xml]" classname="jmri.util.FileLineEndingsTest" time="0.001"/>
  <testcase name="lineEndings[./xml/decoders/MRC_sounder1909.xml]" classname="jmri.util.FileLineEndingsTest" time="0.001"/>
  <testcase name="lineEndings[./xml/decoders/SoundTraxx_Tsu_Diesel_Bowser.xml]" classname="jmri.util.FileLineEndingsTest" time="0.001"/>
  <testcase name="lineEndings[./xml/decoders/MRC_sound1822.xml]" classname="jmri.util.FileLineEndingsTest" time="0.001"/>
  <testcase name="lineEndings[./xml/decoders/Wangrow_7.xml]" classname="jmri.util.FileLineEndingsTest" time="0.001"/>
  <testcase name="lineEndings[./xml/decoders/Zimo_Unified_software_MX690Vv27.xml]" classname="jmri.util.FileLineEndingsTest" time="0.001"/>
  <testcase name="lineEndings[./xml/decoders/Uhlenbrock_67800.xml]" classname="jmri.util.FileLineEndingsTest" time="0.001"/>
  <testcase name="lineEndings[./xml/decoders/Digitrax_TL1.xml]" classname="jmri.util.FileLineEndingsTest" time="0.001"/>
  <testcase name="lineEndings[./xml/decoders/BLI_Rolling_Thunder.xml]" classname="jmri.util.FileLineEndingsTest" time="0"/>
  <testcase name="lineEndings[./xml/decoders/Zimo_MX640_v1-2.xml]" classname="jmri.util.FileLineEndingsTest" time="0.002"/>
  <testcase name="lineEndings[./xml/decoders/SoundTraxx_Tsu_Diesel_Bachmann_SndVal.xml]" classname="jmri.util.FileLineEndingsTest" time="0.002"/>
  <testcase name="lineEndings[./xml/decoders/Wekomm_RRR.xml]" classname="jmri.util.FileLineEndingsTest" time="0.001"/>
  <testcase name="lineEndings[./xml/decoders/TCS_A1X-Jan2000.xml]" classname="jmri.util.FileLineEndingsTest" time="0.001"/>
  <testcase name="lineEndings[./xml/decoders/Uhlenbrock_73400.xml]" classname="jmri.util.FileLineEndingsTest" time="0.001"/>
  <testcase name="lineEndings[./xml/decoders/ESU_LokSoundV4_0.xml]" classname="jmri.util.FileLineEndingsTest" time="0.001"/>
  <testcase name="lineEndings[./xml/decoders/CT_Elektronik_DCX_V66_plus.xml]" classname="jmri.util.FileLineEndingsTest" time="0.001"/>
  <testcase name="lineEndings[./xml/decoders/Zimo_Unified_software_MX643P16v28.xml]" classname="jmri.util.FileLineEndingsTest" time="0.001"/>
  <testcase name="lineEndings[./xml/decoders/NCE_D102US.xml]" classname="jmri.util.FileLineEndingsTest" time="0.001"/>
  <testcase name="lineEndings[./xml/decoders/Digitrax_xearly.xml]" classname="jmri.util.FileLineEndingsTest" time="0.001"/>
  <testcase name="lineEndings[./xml/decoders/Fleischmann_Twin_DCC.xml]" classname="jmri.util.FileLineEndingsTest" time="0.001"/>
  <testcase name="lineEndings[./xml/decoders/TamValleyDepot_QuadLn.xml]" classname="jmri.util.FileLineEndingsTest" time="0.001"/>
  <testcase name="lineEndings[./xml/decoders/MRC_sound1910.xml]" classname="jmri.util.FileLineEndingsTest" time="0.001"/>
  <testcase name="lineEndings[./xml/decoders/Spectrum_AC8824.xml]" classname="jmri.util.FileLineEndingsTest" time="0.002"/>
  <testcase name="lineEndings[./xml/decoders/MRC_Athearn_BigBoy.xml]" classname="jmri.util.FileLineEndingsTest" time="0.001"/>
  <testcase name="lineEndings[./xml/decoders/Doehler_Haass_fw3.03_FH05A.xml]" classname="jmri.util.FileLineEndingsTest" time="0.001"/>
  <testcase name="lineEndings[./xml/decoders/Harman_Sig_decoders.xml]" classname="jmri.util.FileLineEndingsTest" time="0.001"/>
  <testcase name="lineEndings[./xml/decoders/MRC_sounder1908.xml]" classname="jmri.util.FileLineEndingsTest" time="0.001"/>
  <testcase name="lineEndings[./xml/decoders/Doehler_Haass_fw3.03_generic.xml]" classname="jmri.util.FileLineEndingsTest" time="0.001"/>
  <testcase name="lineEndings[./xml/decoders/Zimo_Unified_software_MX643P16v27.xml]" classname="jmri.util.FileLineEndingsTest" time="0.001"/>
  <testcase name="lineEndings[./xml/decoders/ESU_LokSoundV3_0.xml]" classname="jmri.util.FileLineEndingsTest" time="0.001"/>
  <testcase name="lineEndings[./xml/decoders/MRC_sound1911.xml]" classname="jmri.util.FileLineEndingsTest" time="0.001"/>
  <testcase name="lineEndings[./xml/decoders/MRC_sound1956.xml]" classname="jmri.util.FileLineEndingsTest" time="0.001"/>
  <testcase name="lineEndings[./xml/decoders/MGP_BT_LocoBridge.xml]" classname="jmri.util.FileLineEndingsTest" time="0.001"/>
  <testcase name="lineEndings[./xml/decoders/LDH_2F-7Fv26.xml]" classname="jmri.util.FileLineEndingsTest" time="0.001"/>
  <testcase name="lineEndings[./xml/decoders/LDH_SyM-v55.xml]" classname="jmri.util.FileLineEndingsTest" time="0.001"/>
  <testcase name="lineEndings[./xml/decoders/CT_Elektronik_DCX_new2.xml]" classname="jmri.util.FileLineEndingsTest" time="0.001"/>
  <testcase name="lineEndings[./xml/decoders/Zimo_MX63_MX64H_v22-30.xml]" classname="jmri.util.FileLineEndingsTest" time="0.002"/>
  <testcase name="lineEndings[./xml/decoders/QSI_Gas_Turbine_Ver7.xml]" classname="jmri.util.FileLineEndingsTest" time="0.001"/>
  <testcase name="lineEndings[./xml/decoders/MRC_sound1957to1959.xml]" classname="jmri.util.FileLineEndingsTest" time="0.001"/>
  <testcase name="lineEndings[./xml/decoders/SoundTraxx_Tsu_Diesel_Rapido.xml]" classname="jmri.util.FileLineEndingsTest" time="0.001"/>
  <testcase name="lineEndings[./xml/decoders/ZTC_B_Stabilized.xml]" classname="jmri.util.FileLineEndingsTest" time="0.001"/>
  <testcase name="lineEndings[./xml/decoders/Public_Domain_dccdoma_UNI16ARD_NAV.xml]" classname="jmri.util.FileLineEndingsTest" time="0.011"/>
  <testcase name="lineEndings[./xml/decoders/MRC_soundbrilliance1645.xml]" classname="jmri.util.FileLineEndingsTest" time="0.001"/>
  <testcase name="lineEndings[./xml/decoders/MRC_sound1638.xml]" classname="jmri.util.FileLineEndingsTest" time="0.001"/>
  <testcase name="lineEndings[./xml/decoders/MRC_14step.xml]" classname="jmri.util.FileLineEndingsTest" time="0"/>
  <testcase name="lineEndings[./xml/decoders/TCS_M1_v24.xml]" classname="jmri.util.FileLineEndingsTest" time="0.001"/>
  <testcase name="lineEndings[./xml/decoders/SoundTraxx_Tsu_Steam_Bachmann_SndVal.xml]" classname="jmri.util.FileLineEndingsTest" time="0.002"/>
  <testcase name="lineEndings[./xml/decoders/MRC_sound1637.xml]" classname="jmri.util.FileLineEndingsTest" time="0.001"/>
  <testcase name="lineEndings[./xml/decoders/Doehler_Haass_sd_SD18A.xml]" classname="jmri.util.FileLineEndingsTest" time="0"/>
  <testcase name="lineEndings[./xml/decoders/Zimo_Unified_software_MX640v25.xml]" classname="jmri.util.FileLineEndingsTest" time="0.001"/>
  <testcase name="lineEndings[./xml/decoders/MRC_Athearn_SD45_60_1825.xml]" classname="jmri.util.FileLineEndingsTest" time="0.001"/>
  <testcase name="lineEndings[./xml/decoders/Digitrax_STDstar.xml]" classname="jmri.util.FileLineEndingsTest" time="0.001"/>
  <testcase name="lineEndings[./xml/decoders/Zimo_Unified_software_v32_MX646.xml]" classname="jmri.util.FileLineEndingsTest" time="0.001"/>
  <testcase name="lineEndings[./xml/decoders/Atlas_345.xml]" classname="jmri.util.FileLineEndingsTest" time="0.001"/>
  <testcase name="lineEndings[./xml/decoders/SoundTraxx_LC_Diesel_pnpFX.xml]" classname="jmri.util.FileLineEndingsTest" time="0.001"/>
  <testcase name="lineEndings[./xml/decoders/Zimo_Unified_software_MX631Cv25.xml]" classname="jmri.util.FileLineEndingsTest" time="0"/>
  <testcase name="lineEndings[./xml/decoders/Zimo_Unified_software_v36_MX658.xml]" classname="jmri.util.FileLineEndingsTest" time="0.001"/>
  <testcase name="lineEndings[./xml/decoders/CT_Elektronik_Sound_GE_70.xml]" classname="jmri.util.FileLineEndingsTest" time="0.001"/>
  <testcase name="lineEndings[./xml/decoders/Zimo_Unified_software_MX621v25.xml]" classname="jmri.util.FileLineEndingsTest" time="0.001"/>
  <testcase name="lineEndings[./xml/decoders/Zimo_Unified_software_MX631v25.xml]" classname="jmri.util.FileLineEndingsTest" time="0.001"/>
  <testcase name="lineEndings[./xml/decoders/Zimo_Unified_software_MX632Cv25.xml]" classname="jmri.util.FileLineEndingsTest" time="0.001"/>
  <testcase name="lineEndings[./xml/decoders/Trix_Modelleisenbahn_version_1.xml]" classname="jmri.util.FileLineEndingsTest" time="0"/>
  <testcase name="lineEndings[./xml/decoders/RR-CirKits-TowerMan-basic.xml]" classname="jmri.util.FileLineEndingsTest" time="0.004"/>
  <testcase name="lineEndings[./xml/decoders/Zimo_Unified_software_v36_MX646.xml]" classname="jmri.util.FileLineEndingsTest" time="0.001"/>
  <testcase name="lineEndings[./xml/decoders/Zimo_Unified_software_v32_MX634.xml]" classname="jmri.util.FileLineEndingsTest" time="0.001"/>
  <testcase name="lineEndings[./xml/decoders/MRC_sound1802to1805.xml]" classname="jmri.util.FileLineEndingsTest" time="0.001"/>
  <testcase name="lineEndings[./xml/decoders/CML_Systems_DAC20.xml]" classname="jmri.util.FileLineEndingsTest" time="0.002"/>
  <testcase name="lineEndings[./xml/decoders/ESU_Roco_10745_old.xml]" classname="jmri.util.FileLineEndingsTest" time="0.001"/>
  <testcase name="lineEndings[./xml/decoders/Zimo_Unified_software_MX644v28.xml]" classname="jmri.util.FileLineEndingsTest" time="0"/>
  <testcase name="lineEndings[./xml/decoders/MRC_soundbrilliance1663.xml]" classname="jmri.util.FileLineEndingsTest" time="0.001"/>
  <testcase name="lineEndings[./xml/decoders/RR-CirKits-WatchMan-basic.xml]" classname="jmri.util.FileLineEndingsTest" time="0.003"/>
  <testcase name="lineEndings[./xml/decoders/MRC_Rapido_TurboTrain.xml]" classname="jmri.util.FileLineEndingsTest" time="0.001"/>
  <testcase name="lineEndings[./xml/decoders/TCS_A1-Jan2000.xml]" classname="jmri.util.FileLineEndingsTest" time="0.001"/>
  <testcase name="lineEndings[./xml/decoders/Zimo_MX66M(V)_1.xml]" classname="jmri.util.FileLineEndingsTest" time="0.001"/>
  <testcase name="lineEndings[./xml/decoders/Zimo_MX69MX690.xml]" classname="jmri.util.FileLineEndingsTest" time="0.003"/>
  <testcase name="lineEndings[./xml/decoders/Zimo_MX62_1.xml]" classname="jmri.util.FileLineEndingsTest" time="0.001"/>
  <testcase name="lineEndings[./xml/decoders/MRC_soundbrilliance1656.xml]" classname="jmri.util.FileLineEndingsTest" time="0.001"/>
  <testcase name="lineEndings[./xml/decoders/Lenz_Plus_2010.xml]" classname="jmri.util.FileLineEndingsTest" time="0"/>
  <testcase name="lineEndings[./xml/decoders/Zimo_MX620_v6.xml]" classname="jmri.util.FileLineEndingsTest" time="0.002"/>
  <testcase name="lineEndings[./xml/decoders/MRC_AD370.xml]" classname="jmri.util.FileLineEndingsTest" time="0.001"/>
  <testcase name="lineEndings[./xml/decoders/Zimo_MX620_v7-8.xml]" classname="jmri.util.FileLineEndingsTest" time="0.002"/>
  <testcase name="lineEndings[./xml/decoders/SoundTraxx_Tsu_Steam_Bachmann.xml]" classname="jmri.util.FileLineEndingsTest" time="0.002"/>
  <testcase name="lineEndings[./xml/decoders/BLI_Paragon3_Diesel.xml]" classname="jmri.util.FileLineEndingsTest" time="0.001"/>
  <testcase name="lineEndings[./xml/decoders/Digirails_Stationary.xml]" classname="jmri.util.FileLineEndingsTest" time="0.005"/>
  <testcase name="lineEndings[./xml/decoders/BLI_Blueline_Paragon2_Diesel.xml]" classname="jmri.util.FileLineEndingsTest" time="0"/>
  <testcase name="lineEndings[./xml/decoders/Zimo_Unified_software_MX646v28.xml]" classname="jmri.util.FileLineEndingsTest" time="0.001"/>
  <testcase name="lineEndings[./xml/decoders/Zimo_Unified_software_v36_MX645.xml]" classname="jmri.util.FileLineEndingsTest" time="0.001"/>
  <testcase name="lineEndings[./xml/decoders/MRC_sound1817-1818.xml]" classname="jmri.util.FileLineEndingsTest" time="0.001"/>
  <testcase name="lineEndings[./xml/decoders/Zimo_MX620_v9dot12.xml]" classname="jmri.util.FileLineEndingsTest" time="0.002"/>
  <testcase name="lineEndings[./xml/decoders/Zimo_MX640_v3.xml]" classname="jmri.util.FileLineEndingsTest" time="0.002"/>
  <testcase name="lineEndings[./xml/decoders/Uhlenbrock_76150.xml]" classname="jmri.util.FileLineEndingsTest" time="0.001"/>
  <testcase name="lineEndings[./xml/decoders/MRC_sound1634.xml]" classname="jmri.util.FileLineEndingsTest" time="0.001"/>
  <testcase name="lineEndings[./xml/decoders/Zimo_Unified_software_MX620v25.xml]" classname="jmri.util.FileLineEndingsTest" time="0"/>
  <testcase name="lineEndings[./xml/decoders/Public_Domain_FREDi_LNSV2.xml]" classname="jmri.util.FileLineEndingsTest" time="0.001"/>
  <testcase name="lineEndings[./xml/decoders/Zimo_Unified_software_MX690Sv25.xml]" classname="jmri.util.FileLineEndingsTest" time="0.001"/>
  <testcase name="lineEndings[./xml/decoders/QSI_Steam.xml]" classname="jmri.util.FileLineEndingsTest" time="0.001"/>
  <testcase name="lineEndings[./xml/decoders/Digitrax_TF2.xml]" classname="jmri.util.FileLineEndingsTest" time="0.001"/>
  <testcase name="lineEndings[./xml/decoders/Uhlenbrock_76400.xml]" classname="jmri.util.FileLineEndingsTest" time="0.001"/>
  <testcase name="lineEndings[./xml/decoders/LDH_4F1-5v55.xml]" classname="jmri.util.FileLineEndingsTest" time="0.001"/>
  <testcase name="lineEndings[./xml/decoders/MRC_F_Unit.xml]" classname="jmri.util.FileLineEndingsTest" time="0.001"/>
  <testcase name="lineEndings[./xml/decoders/Doehler_Haass_fw3.02_DHP160.xml]" classname="jmri.util.FileLineEndingsTest" time="0.001"/>
  <testcase name="lineEndings[./xml/decoders/Gaugemaster.xml]" classname="jmri.util.FileLineEndingsTest" time="0.001"/>
  <testcase name="lineEndings[./xml/decoders/MRC_Challenger.xml]" classname="jmri.util.FileLineEndingsTest" time="0.001"/>
  <testcase name="lineEndings[./xml/decoders/MRC_sound1656.xml]" classname="jmri.util.FileLineEndingsTest" time="0.001"/>
  <testcase name="lineEndings[./xml/decoders/Bachmann_EZDCC_4fn.xml]" classname="jmri.util.FileLineEndingsTest" time="0"/>
  <testcase name="lineEndings[./xml/decoders/Zimo_Unified_software_MX64Dv25.xml]" classname="jmri.util.FileLineEndingsTest" time="0"/>
  <testcase name="lineEndings[./xml/decoders/SoundTraxx_Bachmann_SndVal_Dsl_deprecated.xml]" classname="jmri.util.FileLineEndingsTest" time="0.002"/>
  <testcase name="lineEndings[./xml/decoders/Zimo_Unified_software_MX622v31.xml]" classname="jmri.util.FileLineEndingsTest" time="0"/>
  <testcase name="lineEndings[./xml/decoders/ESU_LokPilot3.0.xml]" classname="jmri.util.FileLineEndingsTest" time="0.003"/>
  <testcase name="lineEndings[./xml/decoders/ZTC_Legacy.xml]" classname="jmri.util.FileLineEndingsTest" time="0.001"/>
  <testcase name="lineEndings[./xml/decoders/SoundTraxx_Tsu2_Steam.xml]" classname="jmri.util.FileLineEndingsTest" time="0.001"/>
  <testcase name="lineEndings[./xml/decoders/Uhlenbrock_32300.xml]" classname="jmri.util.FileLineEndingsTest" time="0.002"/>
  <testcase name="lineEndings[./xml/decoders/Zimo_Unified_software_MX646v27.xml]" classname="jmri.util.FileLineEndingsTest" time="0.001"/>
  <testcase name="lineEndings[./xml/decoders/Doehler_Haass_fw3.04_DH05-10A.xml]" classname="jmri.util.FileLineEndingsTest" time="0"/>
  <testcase name="lineEndings[./xml/decoders/Lenz_Gold.xml]" classname="jmri.util.FileLineEndingsTest" time="0.001"/>
  <testcase name="lineEndings[./xml/decoders/Uhlenbrock_73100.xml]" classname="jmri.util.FileLineEndingsTest" time="0.001"/>
  <testcase name="lineEndings[./xml/decoders/Digitrax_yDS54.xml]" classname="jmri.util.FileLineEndingsTest" time="0.001"/>
  <testcase name="lineEndings[./xml/decoders/Massoth_eMOTION_Motor.xml]" classname="jmri.util.FileLineEndingsTest" time="0.002"/>
  <testcase name="lineEndings[./xml/decoders/MRC_soundbrilliance1644.xml]" classname="jmri.util.FileLineEndingsTest" time="0"/>
  <testcase name="lineEndings[./xml/decoders/Doehler_Haass_fw3.04_FH05A.xml]" classname="jmri.util.FileLineEndingsTest" time="0.001"/>
  <testcase name="lineEndings[./xml/decoders/Harman_DIY_function_decoders.xml]" classname="jmri.util.FileLineEndingsTest" time="0.001"/>
  <testcase name="lineEndings[./xml/decoders/TamValleyDepot_QuadLn11.xml]" classname="jmri.util.FileLineEndingsTest" time="0.002"/>
  <testcase name="lineEndings[./xml/decoders/SoundTraxx_DSX_Diesel.xml]" classname="jmri.util.FileLineEndingsTest" time="0.001"/>
  <testcase name="lineEndings[./xml/decoders/SoundTraxx_LC_Diesel_pnp.xml]" classname="jmri.util.FileLineEndingsTest" time="0.001"/>
  <testcase name="lineEndings[./xml/decoders/TCS_Mfamily.xml]" classname="jmri.util.FileLineEndingsTest" time="0.001"/>
  <testcase name="lineEndings[./xml/decoders/Zimo_Unified_software_v34_MX648.xml]" classname="jmri.util.FileLineEndingsTest" time="0.001"/>
  <testcase name="lineEndings[./xml/decoders/MRC_sound1869.xml]" classname="jmri.util.FileLineEndingsTest" time="0.001"/>
  <testcase name="lineEndings[./xml/decoders/NYB_dualmode.xml]" classname="jmri.util.FileLineEndingsTest" time="0.001"/>
  <testcase name="lineEndings[./xml/decoders/Viessmann_45xx_Point_motor.xml]" classname="jmri.util.FileLineEndingsTest" time="0.001"/>
  <testcase name="lineEndings[./xml/decoders/Zimo_MX68(L)_1.xml]" classname="jmri.util.FileLineEndingsTest" time="0.001"/>
  <testcase name="lineEndings[./xml/decoders/Zimo_Unified_software_v32_MX634C.xml]" classname="jmri.util.FileLineEndingsTest" time="0.001"/>
  <testcase name="lineEndings[./xml/decoders/Zimo_Unified_software_v32_MX695KN_696N.xml]" classname="jmri.util.FileLineEndingsTest" time="0"/>
  <testcase name="lineEndings[./xml/decoders/Zimo_Unified_software_MX695Vv30.xml]" classname="jmri.util.FileLineEndingsTest" time="0.001"/>
  <testcase name="lineEndings[./xml/decoders/Zimo_Unified_software_MX648v28.xml]" classname="jmri.util.FileLineEndingsTest" time="0.001"/>
  <testcase name="lineEndings[./xml/decoders/Trix_66840.xml]" classname="jmri.util.FileLineEndingsTest" time="0.001"/>
  <testcase name="lineEndings[./xml/decoders/NCE_D102EU.xml]" classname="jmri.util.FileLineEndingsTest" time="0.001"/>
  <testcase name="lineEndings[./xml/decoders/SoundTraxx_Eco_Steam_UK.xml]" classname="jmri.util.FileLineEndingsTest" time="0.001"/>
  <testcase name="lineEndings[./xml/decoders/Zimo_MX640_v4.xml]" classname="jmri.util.FileLineEndingsTest" time="0.002"/>
  <testcase name="lineEndings[./xml/decoders/SoundTraxx_Eco_Electric.xml]" classname="jmri.util.FileLineEndingsTest" time="0.001"/>
  <testcase name="lineEndings[./xml/decoders/Hornby8249.xml]" classname="jmri.util.FileLineEndingsTest" time="0.001"/>
  <testcase name="lineEndings[./xml/decoders/Zimo_Unified_software_MX621v27.xml]" classname="jmri.util.FileLineEndingsTest" time="0.001"/>
  <testcase name="lineEndings[./xml/decoders/Kato_FL11.xml]" classname="jmri.util.FileLineEndingsTest" time="0.001"/>
  <testcase name="lineEndings[./xml/decoders/SoundTraxx_LC_Diesel_pFXCb.xml]" classname="jmri.util.FileLineEndingsTest" time="0.001"/>
  <testcase name="lineEndings[./xml/decoders/MRC_soundbrilliance1810.xml]" classname="jmri.util.FileLineEndingsTest" time="0"/>
  <testcase name="lineEndings[./xml/decoders/MRC_Athearn_Challenger.xml]" classname="jmri.util.FileLineEndingsTest" time="0.001"/>
  <testcase name="lineEndings[./xml/decoders/Zimo_Unified_software_v32_MX658.xml]" classname="jmri.util.FileLineEndingsTest" time="0.001"/>
  <testcase name="lineEndings[./xml/decoders/Doehler_Haass_fw3.06-07_FH05B-22A.xml]" classname="jmri.util.FileLineEndingsTest" time="0.001"/>
  <testcase name="lineEndings[./xml/decoders/SoundTraxx_Tsu2_Diesel.xml]" classname="jmri.util.FileLineEndingsTest" time="0.002"/>
  <testcase name="lineEndings[./xml/decoders/MRC_Athearn_BigBoy_N.xml]" classname="jmri.util.FileLineEndingsTest" time="0"/>
  <testcase name="lineEndings[./xml/decoders/SoundTraxx_Tsu_Steam.xml]" classname="jmri.util.FileLineEndingsTest" time="0.002"/>
  <testcase name="lineEndings[./xml/decoders/MRC_sound1644-02.xml]" classname="jmri.util.FileLineEndingsTest" time="0.001"/>
  <testcase name="lineEndings[./xml/decoders/Zimo_Unified_software_MX69Lv31.xml]" classname="jmri.util.FileLineEndingsTest" time="0.001"/>
  <testcase name="lineEndings[./xml/decoders/MRC_sound1907.xml]" classname="jmri.util.FileLineEndingsTest" time="0.001"/>
  <testcase name="lineEndings[./xml/decoders/Zimo_Unified_software_MX621v28.xml]" classname="jmri.util.FileLineEndingsTest" time="0"/>
  <testcase name="lineEndings[./xml/decoders/ESU_LokSound2_21.xml]" classname="jmri.util.FileLineEndingsTest" time="0.002"/>
  <testcase name="lineEndings[./xml/decoders/Zimo_MX620_v5.xml]" classname="jmri.util.FileLineEndingsTest" time="0.001"/>
  <testcase name="lineEndings[./xml/decoders/Doehler_Haass_fw3.04_DH05-10B.xml]" classname="jmri.util.FileLineEndingsTest" time="0.001"/>
  <testcase name="lineEndings[./xml/decoders/MGP_Panel.xml]" classname="jmri.util.FileLineEndingsTest" time="0.001"/>
  <testcase name="lineEndings[./xml/decoders/Zimo_MX640_v4dot17.xml]" classname="jmri.util.FileLineEndingsTest" time="0.002"/>
  <testcase name="lineEndings[./xml/decoders/MRC_soundbrilliance1631.xml]" classname="jmri.util.FileLineEndingsTest" time="0.001"/>
  <testcase name="lineEndings[./xml/decoders/SoundTraxx_Tsu_Diesel_IMRC.xml]" classname="jmri.util.FileLineEndingsTest" time="0.001"/>
  <testcase name="lineEndings[./xml/decoders/MRC_soundbrilliance1808.xml]" classname="jmri.util.FileLineEndingsTest" time="0.001"/>
  <testcase name="lineEndings[./xml/decoders/Wangrow_4.xml]" classname="jmri.util.FileLineEndingsTest" time="0.001"/>
  <testcase name="lineEndings[./xml/decoders/Qdecoder_Z1-16plus.xml]" classname="jmri.util.FileLineEndingsTest" time="0.001"/>
  <testcase name="lineEndings[./xml/decoders/Rautenhaus_fw11_RMX992_993.xml]" classname="jmri.util.FileLineEndingsTest" time="0"/>
  <testcase name="lineEndings[./xml/decoders/Zimo_Unified_software_MX64Dv27.xml]" classname="jmri.util.FileLineEndingsTest" time="0.001"/>
  <testcase name="lineEndings[./xml/decoders/Trix_Snd_BR.xml]" classname="jmri.util.FileLineEndingsTest" time="0.001"/>
  <testcase name="lineEndings[./xml/decoders/Kato_FL12.xml]" classname="jmri.util.FileLineEndingsTest" time="0.001"/>
  <testcase name="lineEndings[./xml/decoders/HornbyDigitalFnOnly.xml]" classname="jmri.util.FileLineEndingsTest" time="0.001"/>
  <testcase name="lineEndings[./xml/decoders/Zimo_Unified_software_MX631v28.xml]" classname="jmri.util.FileLineEndingsTest" time="0"/>
  <testcase name="lineEndings[./xml/decoders/Zimo_Unified_software_v32_MX644.xml]" classname="jmri.util.FileLineEndingsTest" time="0.001"/>
  <testcase name="lineEndings[./xml/decoders/Public_Domain_dccdoma_UNI16ARD_8VYH.xml]" classname="jmri.util.FileLineEndingsTest" time="0.009"/>
  <testcase name="lineEndings[./xml/decoders/SoundTraxx_Tsu_Diesel_Walthers.xml]" classname="jmri.util.FileLineEndingsTest" time="0.002"/>
  <testcase name="lineEndings[./xml/decoders/SoundTraxx_Eco_Diesel_OEM_Athearn.xml]" classname="jmri.util.FileLineEndingsTest" time="0.001"/>
  <testcase name="lineEndings[./xml/decoders/Digitrax_DB150.xml]" classname="jmri.util.FileLineEndingsTest" time="0"/>
  <testcase name="lineEndings[./xml/decoders/Doehler_Haass_fw3.04_DHP250.xml]" classname="jmri.util.FileLineEndingsTest" time="0.001"/>
  <testcase name="lineEndings[./xml/decoders/QSI_Electric.xml]" classname="jmri.util.FileLineEndingsTest" time="0.001"/>
  <testcase name="lineEndings[./xml/decoders/SoundTraxx_Lighting_Athearn_Genesis_Caboose.xml]" classname="jmri.util.FileLineEndingsTest" time="0.001"/>
  <testcase name="lineEndings[./xml/decoders/CML_Systems_DAC10.xml]" classname="jmri.util.FileLineEndingsTest" time="0.001"/>
  <testcase name="lineEndings[./xml/decoders/QSI_Steam_ver7.xml]" classname="jmri.util.FileLineEndingsTest" time="0.001"/>
  <testcase name="lineEndings[./xml/decoders/ESU_LokPilot_StandardV1_0.xml]" classname="jmri.util.FileLineEndingsTest" time="0.001"/>
  <testcase name="lineEndings[./xml/decoders/TCS_Fn_FW86.xml]" classname="jmri.util.FileLineEndingsTest" time="0.001"/>
  <testcase name="lineEndings[./xml/decoders/Zimo_MX64(H)_1.xml]" classname="jmri.util.FileLineEndingsTest" time="0.001"/>
  <testcase name="lineEndings[./xml/decoders/Massoth_eMOTION_S_SUSI.xml]" classname="jmri.util.FileLineEndingsTest" time="0.001"/>
  <testcase name="lineEndings[./xml/decoders/Public_Domain_LNSV2_basic.xml]" classname="jmri.util.FileLineEndingsTest" time="0"/>
  <testcase name="lineEndings[./xml/decoders/Digitrax_DCS240_DCS210.xml]" classname="jmri.util.FileLineEndingsTest" time="0.001"/>
  <testcase name="lineEndings[./xml/decoders/QSI_Steam_ver6.xml]" classname="jmri.util.FileLineEndingsTest" time="0.001"/>
  <testcase name="lineEndings[./xml/decoders/Zimo_Unified_software_v32_MX633.xml]" classname="jmri.util.FileLineEndingsTest" time="0.001"/>
  <testcase name="lineEndings[./xml/decoders/Doehler_Haass_fw3.04_DH06A.xml]" classname="jmri.util.FileLineEndingsTest" time="0.001"/>
  <testcase name="lineEndings[./xml/decoders/Fleischmann_Function.xml]" classname="jmri.util.FileLineEndingsTest" time="0"/>
  <testcase name="lineEndings[./xml/decoders/SoundTraxx_SndVal_Diesel_Walthers_Mainline.xml]" classname="jmri.util.FileLineEndingsTest" time="0.001"/>
  <testcase name="lineEndings[./xml/decoders/Kuehn_N45.xml]" classname="jmri.util.FileLineEndingsTest" time="0.002"/>
  <testcase name="lineEndings[./xml/decoders/MRC_soundbrilliance1819.xml]" classname="jmri.util.FileLineEndingsTest" time="0"/>
  <testcase name="lineEndings[./xml/decoders/Kuehn_ZTC217.xml]" classname="jmri.util.FileLineEndingsTest" time="0.001"/>
  <testcase name="lineEndings[./xml/decoders/MRC_sound1825.xml]" classname="jmri.util.FileLineEndingsTest" time="0.001"/>
  <testcase name="lineEndings[./xml/decoders/ESU_LokPilot1.0.xml]" classname="jmri.util.FileLineEndingsTest" time="0.001"/>
  <testcase name="lineEndings[./xml/decoders/SoundTraxx_Tsu_Diesel.xml]" classname="jmri.util.FileLineEndingsTest" time="0.001"/>
  <testcase name="lineEndings[./xml/decoders/Zimo_Unified_software_MX634v31.xml]" classname="jmri.util.FileLineEndingsTest" time="0.001"/>
  <testcase name="lineEndings[./xml/decoders/BLI_Paragon3_Steam.xml]" classname="jmri.util.FileLineEndingsTest" time="0.001"/>
  <testcase name="lineEndings[./xml/decoders/MRC_sound1955.xml]" classname="jmri.util.FileLineEndingsTest" time="0"/>
  <testcase name="lineEndings[./xml/decoders/Zimo_Unified_software_MX690Vv30.xml]" classname="jmri.util.FileLineEndingsTest" time="0.001"/>
  <testcase name="lineEndings[./xml/decoders/Zimo_Unified_software_v32_MX645.xml]" classname="jmri.util.FileLineEndingsTest" time="0.001"/>
  <testcase name="lineEndings[./xml/decoders/NCE_Light-It_mobile.xml]" classname="jmri.util.FileLineEndingsTest" time="0"/>
  <testcase name="lineEndings[./xml/decoders/Zimo_Unified_software_v36_MX644.xml]" classname="jmri.util.FileLineEndingsTest" time="0.001"/>
  <testcase name="lineEndings[./xml/decoders/Trix_66838.xml]" classname="jmri.util.FileLineEndingsTest" time="0.001"/>
  <testcase name="lineEndings[./xml/decoders/Digitrax_SE8c.xml]" classname="jmri.util.FileLineEndingsTest" time="0.001"/>
  <testcase name="lineEndings[./xml/decoders/MRC_Athearn_MP15.xml]" classname="jmri.util.FileLineEndingsTest" time="0"/>
  <testcase name="lineEndings[./xml/decoders/Digitrax_Basic.xml]" classname="jmri.util.FileLineEndingsTest" time="0.001"/>
  <testcase name="lineEndings[./xml/decoders/MRC_soundbrilliance1820.xml]" classname="jmri.util.FileLineEndingsTest" time="0.001"/>
  <testcase name="lineEndings[./xml/decoders/MERG_DCCACC.xml]" classname="jmri.util.FileLineEndingsTest" time="0.001"/>
  <testcase name="lineEndings[./xml/decoders/Digitrax_Economy.xml]" classname="jmri.util.FileLineEndingsTest" time="0"/>
  <testcase name="lineEndings[./xml/decoders/MRC_lights1650.xml]" classname="jmri.util.FileLineEndingsTest" time="0.001"/>
  <testcase name="lineEndings[./xml/signals/CSD-1962-mechaniky/aspects.xml]" classname="jmri.util.FileLineEndingsTest" time="0.001"/>
  <testcase name="lineEndings[./xml/signals/CSD-1962-mechaniky/appearance-block_distant.xml]" classname="jmri.util.FileLineEndingsTest" time="0.001"/>
  <testcase name="lineEndings[./xml/signals/CSD-1962-mechaniky/appearance-block.xml]" classname="jmri.util.FileLineEndingsTest" time="0"/>
  <testcase name="lineEndings[./xml/signals/CSD-1962-mechaniky/appearance-entry.xml]" classname="jmri.util.FileLineEndingsTest" time="0.001"/>
  <testcase name="lineEndings[./xml/signals/CSD-1962-mechaniky/appearance-entry_auxiliary.xml]" classname="jmri.util.FileLineEndingsTest" time="0.001"/>
  <testcase name="lineEndings[./xml/signals/CSD-1962-mechaniky/appearance-shunting.xml]" classname="jmri.util.FileLineEndingsTest" time="0"/>
  <testcase name="lineEndings[./xml/signals/CSD-1962-mechaniky/appearance-protection.xml]" classname="jmri.util.FileLineEndingsTest" time="0.001"/>
  <testcase name="lineEndings[./xml/signals/CSD-1962-mechaniky/appearance-embedded.xml]" classname="jmri.util.FileLineEndingsTest" time="0.001"/>
  <testcase name="lineEndings[./xml/signals/CSD-1962-mechaniky/appearance-waiting.xml]" classname="jmri.util.FileLineEndingsTest" time="0.001"/>
  <testcase name="lineEndings[./xml/signals/CSD-1962-mechaniky/appearance-exit.xml]" classname="jmri.util.FileLineEndingsTest" time="0"/>
  <testcase name="lineEndings[./xml/signals/CSD-1962-mechaniky/appearance-entry_distant_auxiliary.xml]" classname="jmri.util.FileLineEndingsTest" time="0.001"/>
  <testcase name="lineEndings[./xml/signals/CSD-1962-mechaniky/appearance-entry_distant.xml]" classname="jmri.util.FileLineEndingsTest" time="0.001"/>
  <testcase name="lineEndings[./xml/signals/CSX-1998/appearance-CLS-3-3-hi.xml]" classname="jmri.util.FileLineEndingsTest" time="0"/>
  <testcase name="lineEndings[./xml/signals/CSX-1998/appearance-CLS-1-3-hi.xml]" classname="jmri.util.FileLineEndingsTest" time="0.001"/>
  <testcase name="lineEndings[./xml/signals/CSX-1998/appearance-CLS-3-2A-hi.xml]" classname="jmri.util.FileLineEndingsTest" time="0.001"/>
  <testcase name="lineEndings[./xml/signals/CSX-1998/appearance-CLS-1-3-lo.xml]" classname="jmri.util.FileLineEndingsTest" time="0.001"/>
  <testcase name="lineEndings[./xml/signals/CSX-1998/appearance-CLS-3-2R-hi.xml]" classname="jmri.util.FileLineEndingsTest" time="0"/>
  <testcase name="lineEndings[./xml/signals/CSX-1998/appearance-CLS-3-3-lo.xml]" classname="jmri.util.FileLineEndingsTest" time="0.001"/>
  <testcase name="lineEndings[./xml/signals/CSX-1998/appearance-CLS-3-3-2-hi.xml]" classname="jmri.util.FileLineEndingsTest" time="0.001"/>
  <testcase name="lineEndings[./xml/signals/CSX-1998/appearance-CLS-3-2-hi.xml]" classname="jmri.util.FileLineEndingsTest" time="0"/>
  <testcase name="lineEndings[./xml/signals/CSX-1998/appearance-CLS-3-3-2R-hi.xml]" classname="jmri.util.FileLineEndingsTest" time="0.001"/>
  <testcase name="lineEndings[./xml/signals/CSX-1998/appearance-CLS-1-3-2A-hi.xml]" classname="jmri.util.FileLineEndingsTest" time="0.001"/>
  <testcase name="lineEndings[./xml/signals/CSX-1998/appearance-CLS-3-3-3-hi.xml]" classname="jmri.util.FileLineEndingsTest" time="0.001"/>
  <testcase name="lineEndings[./xml/signals/CSX-1998/appearance-CLS-3-3-2A-hi.xml]" classname="jmri.util.FileLineEndingsTest" time="0"/>
  <testcase name="lineEndings[./xml/signals/CSX-1998/appearance-CLS-3-2-2R-hi.xml]" classname="jmri.util.FileLineEndingsTest" time="0.001"/>
  <testcase name="lineEndings[./xml/signals/CSX-1998/appearance-CLS-1-3-2R-hi.xml]" classname="jmri.util.FileLineEndingsTest" time="0.001"/>
  <testcase name="lineEndings[./xml/signals/CSX-1998/appearance-CLS-3-2-2A-hi.xml]" classname="jmri.util.FileLineEndingsTest" time="0"/>
  <testcase name="lineEndings[./xml/signals/CSX-1998/aspects.xml]" classname="jmri.util.FileLineEndingsTest" time="0.001"/>
  <testcase name="lineEndings[./xml/signals/CSX-1998/appearance-CLS-3-lo.xml]" classname="jmri.util.FileLineEndingsTest" time="0.001"/>
  <testcase name="lineEndings[./xml/signals/CSX-1998/appearance-CLS-3-hi.xml]" classname="jmri.util.FileLineEndingsTest" time="0"/>
  <testcase name="lineEndings[./xml/signals/AAR-1946/appearance-PL-1-high-abs.xml]" classname="jmri.util.FileLineEndingsTest" time="0.027"/>
  <testcase name="lineEndings[./xml/signals/AAR-1946/appearance-SL-1-high-pbs.xml]" classname="jmri.util.FileLineEndingsTest" time="0"/>
  <testcase name="lineEndings[./xml/signals/AAR-1946/appearance-SL-2-high-pbs.xml]" classname="jmri.util.FileLineEndingsTest" time="0.001"/>
  <testcase name="lineEndings[./xml/signals/AAR-1946/appearance-SL-1-low.xml]" classname="jmri.util.FileLineEndingsTest" time="0.001"/>
  <testcase name="lineEndings[./xml/signals/AAR-1946/appearance-SL-2-low.xml]" classname="jmri.util.FileLineEndingsTest" time="0.001"/>
  <testcase name="lineEndings[./xml/signals/AAR-1946/aspects.xml]" classname="jmri.util.FileLineEndingsTest" time="0"/>
  <testcase name="lineEndings[./xml/signals/AAR-1946/appearance-PL-1-low.xml]" classname="jmri.util.FileLineEndingsTest" time="0.001"/>
  <testcase name="lineEndings[./xml/signals/AAR-1946/appearance-SL-3-high.xml]" classname="jmri.util.FileLineEndingsTest" time="0.001"/>
  <testcase name="lineEndings[./xml/signals/AAR-1946/appearance-PL-1-high-pbs.xml]" classname="jmri.util.FileLineEndingsTest" time="0"/>
  <testcase name="lineEndings[./xml/signals/AAR-1946/appearance-SL-1-high-abs.xml]" classname="jmri.util.FileLineEndingsTest" time="0.001"/>
  <testcase name="lineEndings[./xml/signals/AAR-1946/appearance-PL-2-high.xml]" classname="jmri.util.FileLineEndingsTest" time="0.001"/>
  <testcase name="lineEndings[./xml/signals/AAR-1946/appearance-CPL.xml]" classname="jmri.util.FileLineEndingsTest" time="0.001"/>
  <testcase name="lineEndings[./xml/signals/AAR-1946/appearance-SL-2-high-abs.xml]" classname="jmri.util.FileLineEndingsTest" time="0"/>
  <testcase name="lineEndings[./xml/signals/GWR-1931/aspects.xml]" classname="jmri.util.FileLineEndingsTest" time="0.001"/>
  <testcase name="lineEndings[./xml/signals/GWR-1931/appearance-mast-3.xml]" classname="jmri.util.FileLineEndingsTest" time="0.001"/>
  <testcase name="lineEndings[./xml/signals/GWR-1931/appearance-doll-3.xml]" classname="jmri.util.FileLineEndingsTest" time="0"/>
  <testcase name="lineEndings[./xml/signals/GWR-1931/appearance-doll-2.xml]" classname="jmri.util.FileLineEndingsTest" time="0.001"/>
  <testcase name="lineEndings[./xml/signals/GWR-1931/appearance-bracket-2.xml]" classname="jmri.util.FileLineEndingsTest" time="0.001"/>
  <testcase name="lineEndings[./xml/signals/GWR-1931/appearance-mast-2.xml]" classname="jmri.util.FileLineEndingsTest" time="0.001"/>
  <testcase name="lineEndings[./xml/signals/GWR-1931/appearance-bracket-3.xml]" classname="jmri.util.FileLineEndingsTest" time="0"/>
  <testcase name="lineEndings[./xml/signals/GWR-1931/appearance-doll-2D.xml]" classname="jmri.util.FileLineEndingsTest" time="0.001"/>
  <testcase name="lineEndings[./xml/signals/GWR-1931/appearance-bracket-2D.xml]" classname="jmri.util.FileLineEndingsTest" time="0.001"/>
  <testcase name="lineEndings[./xml/signals/GWR-1931/appearance-mast-2D.xml]" classname="jmri.util.FileLineEndingsTest" time="0"/>
  <testcase name="lineEndings[./xml/signals/GWR-1931/appearance-dwarf.xml]" classname="jmri.util.FileLineEndingsTest" time="0.001"/>
  <testcase name="lineEndings[./xml/signals/CSD-1962-vlozena/appearance-entry_distant_repeater.xml]" classname="jmri.util.FileLineEndingsTest" time="0.001"/>
  <testcase name="lineEndings[./xml/signals/CSD-1962-vlozena/aspects.xml]" classname="jmri.util.FileLineEndingsTest" time="0.001"/>
  <testcase name="lineEndings[./xml/signals/CSD-1962-vlozena/appearance-entry_distant.xml]" classname="jmri.util.FileLineEndingsTest" time="0"/>
  <testcase name="lineEndings[./xml/signals/CSD-1962-vlozena/appearance-exit.xml]" classname="jmri.util.FileLineEndingsTest" time="0.001"/>
  <testcase name="lineEndings[./xml/signals/CSD-1962-vlozena/appearance-hump_repeater.xml]" classname="jmri.util.FileLineEndingsTest" time="0.001"/>
  <testcase name="lineEndings[./xml/signals/CSD-1962-vlozena/appearance-entry.xml]" classname="jmri.util.FileLineEndingsTest" time="0.001"/>
  <testcase name="lineEndings[./xml/signals/CSD-1962-vlozena/appearance-shunting_repeater.xml]" classname="jmri.util.FileLineEndingsTest" time="0"/>
  <testcase name="lineEndings[./xml/signals/CSD-1962-vlozena/appearance-embedded.xml]" classname="jmri.util.FileLineEndingsTest" time="0.001"/>
  <testcase name="lineEndings[./xml/signals/CSD-1962-vlozena/appearance-hump.xml]" classname="jmri.util.FileLineEndingsTest" time="0.001"/>
  <testcase name="lineEndings[./xml/signals/CSD-1962-vlozena/appearance-shunting.xml]" classname="jmri.util.FileLineEndingsTest" time="0"/>
  <testcase name="lineEndings[./xml/signals/BR-2003/appearance-2-h-c.xml]" classname="jmri.util.FileLineEndingsTest" time="0.001"/>
  <testcase name="lineEndings[./xml/signals/BR-2003/appearance-2-h-sema-sub.xml]" classname="jmri.util.FileLineEndingsTest" time="0.001"/>
  <testcase name="lineEndings[./xml/signals/BR-2003/appearance-2-h-d.xml]" classname="jmri.util.FileLineEndingsTest" time="0"/>
  <testcase name="lineEndings[./xml/signals/BR-2003/appearance-2-h-sema.xml]" classname="jmri.util.FileLineEndingsTest" time="0.001"/>
  <testcase name="lineEndings[./xml/signals/BR-2003/appearance-feather.xml]" classname="jmri.util.FileLineEndingsTest" time="0.001"/>
  <testcase name="lineEndings[./xml/signals/BR-2003/appearance-2-d.xml]" classname="jmri.util.FileLineEndingsTest" time="0.001"/>
  <testcase name="lineEndings[./xml/signals/BR-2003/appearance-3-i-c.xml]" classname="jmri.util.FileLineEndingsTest" time="0"/>
  <testcase name="lineEndings[./xml/signals/BR-2003/appearance-2-h.xml]" classname="jmri.util.FileLineEndingsTest" time="0.001"/>
  <testcase name="lineEndings[./xml/signals/BR-2003/appearance-3-c.xml]" classname="jmri.util.FileLineEndingsTest" time="0.001"/>
  <testcase name="lineEndings[./xml/signals/BR-2003/appearance-plr.xml]" classname="jmri.util.FileLineEndingsTest" time="0"/>
  <testcase name="lineEndings[./xml/signals/BR-2003/appearance-2-h-d-sema.xml]" classname="jmri.util.FileLineEndingsTest" time="0.001"/>
  <testcase name="lineEndings[./xml/signals/BR-2003/appearance-4-i.xml]" classname="jmri.util.FileLineEndingsTest" time="0.001"/>
  <testcase name="lineEndings[./xml/signals/BR-2003/appearance-3-i.xml]" classname="jmri.util.FileLineEndingsTest" time="0"/>
  <testcase name="lineEndings[./xml/signals/BR-2003/appearance-buffer-stop.xml]" classname="jmri.util.FileLineEndingsTest" time="0.001"/>
  <testcase name="lineEndings[./xml/signals/BR-2003/appearance-4-i-c.xml]" classname="jmri.util.FileLineEndingsTest" time="0.001"/>
  <testcase name="lineEndings[./xml/signals/BR-2003/appearance-3.xml]" classname="jmri.util.FileLineEndingsTest" time="0.001"/>
  <testcase name="lineEndings[./xml/signals/BR-2003/appearance-4-c.xml]" classname="jmri.util.FileLineEndingsTest" time="0"/>
  <testcase name="lineEndings[./xml/signals/BR-2003/appearance-ply.xml]" classname="jmri.util.FileLineEndingsTest" time="0.001"/>
  <testcase name="lineEndings[./xml/signals/BR-2003/appearance-4.xml]" classname="jmri.util.FileLineEndingsTest" time="0.001"/>
  <testcase name="lineEndings[./xml/signals/BR-2003/appearance-2-d-sema.xml]" classname="jmri.util.FileLineEndingsTest" time="0"/>
  <testcase name="lineEndings[./xml/signals/BR-2003/aspects.xml]" classname="jmri.util.FileLineEndingsTest" time="0.001"/>
  <testcase name="lineEndings[./xml/signals/NS-2008/appearance-CLS-3-hi-p.xml]" classname="jmri.util.FileLineEndingsTest" time="0.001"/>
  <testcase name="lineEndings[./xml/signals/NS-2008/appearance-CLS-3-3-3-hi.xml]" classname="jmri.util.FileLineEndingsTest" time="0"/>
  <testcase name="lineEndings[./xml/signals/NS-2008/appearance-CLS-3-hi.xml]" classname="jmri.util.FileLineEndingsTest" time="0.001"/>
  <testcase name="lineEndings[./xml/signals/NS-2008/aspects.xml]" classname="jmri.util.FileLineEndingsTest" time="0.001"/>
  <testcase name="lineEndings[./xml/signals/NS-2008/appearance-171.xml]" classname="jmri.util.FileLineEndingsTest" time="0.001"/>
  <testcase name="lineEndings[./xml/signals/NS-2008/appearance-CLS-3-lo.xml]" classname="jmri.util.FileLineEndingsTest" time="0"/>
  <testcase name="lineEndings[./xml/signals/NS-2008/appearance-CLS-3-3-hi.xml]" classname="jmri.util.FileLineEndingsTest" time="0.001"/>
  <testcase name="lineEndings[./xml/signals/NS-2008/appearance-CLS-3-3-lo.xml]" classname="jmri.util.FileLineEndingsTest" time="0.001"/>
  <testcase name="lineEndings[./xml/signals/SOU-1981/appearance-1-light-dwarf.xml]" classname="jmri.util.FileLineEndingsTest" time="0"/>
  <testcase name="lineEndings[./xml/signals/SOU-1981/appearance-CL-1-arm-absolute.xml]" classname="jmri.util.FileLineEndingsTest" time="0.001"/>
  <testcase name="lineEndings[./xml/signals/SOU-1981/appearance-CL-2-arm-absolute.xml]" classname="jmri.util.FileLineEndingsTest" time="0.001"/>
  <testcase name="lineEndings[./xml/signals/SOU-1981/appearance-CL-2-arm-highspace-absolute.xml]" classname="jmri.util.FileLineEndingsTest" time="0"/>
  <testcase name="lineEndings[./xml/signals/SOU-1981/appearance-CL-1-arm-permissive.xml]" classname="jmri.util.FileLineEndingsTest" time="0.001"/>
  <testcase name="lineEndings[./xml/signals/SOU-1981/appearance-2-light-dwarf.xml]" classname="jmri.util.FileLineEndingsTest" time="0.001"/>
  <testcase name="lineEndings[./xml/signals/SOU-1981/appearance-CL-2-arm-permissive.xml]" classname="jmri.util.FileLineEndingsTest" time="0.001"/>
  <testcase name="lineEndings[./xml/signals/SOU-1981/appearance-CL-3-arm-absolute.xml]" classname="jmri.util.FileLineEndingsTest" time="0"/>
  <testcase name="lineEndings[./xml/signals/SOU-1981/appearance-1-light-dwarf-permissive.xml]" classname="jmri.util.FileLineEndingsTest" time="0.001"/>
  <testcase name="lineEndings[./xml/signals/SOU-1981/aspects.xml]" classname="jmri.util.FileLineEndingsTest" time="0.001"/>
  <testcase name="lineEndings[./xml/signals/DB-HV-1969/appearance-exit_distant.xml]" classname="jmri.util.FileLineEndingsTest" time="0.001"/>
  <testcase name="lineEndings[./xml/signals/DB-HV-1969/appearance-block_distant_short.xml]" classname="jmri.util.FileLineEndingsTest" time="0.001"/>
  <testcase name="lineEndings[./xml/signals/DB-HV-1969/appearance-entry_distant_short.xml]" classname="jmri.util.FileLineEndingsTest" time="0"/>
  <testcase name="lineEndings[./xml/signals/DB-HV-1969/appearance-distant.xml]" classname="jmri.util.FileLineEndingsTest" time="0.001"/>
  <testcase name="lineEndings[./xml/signals/DB-HV-1969/aspects.xml]" classname="jmri.util.FileLineEndingsTest" time="0.001"/>
  <testcase name="lineEndings[./xml/signals/DB-HV-1969/appearance-block.xml]" classname="jmri.util.FileLineEndingsTest" time="0"/>
  <testcase name="lineEndings[./xml/signals/DB-HV-1969/appearance-shunting_dwarf.xml]" classname="jmri.util.FileLineEndingsTest" time="0.001"/>
  <testcase name="lineEndings[./xml/signals/DB-HV-1969/appearance-entry_distant.xml]" classname="jmri.util.FileLineEndingsTest" time="0.001"/>
  <testcase name="lineEndings[./xml/signals/DB-HV-1969/appearance-entry.xml]" classname="jmri.util.FileLineEndingsTest" time="0.001"/>
  <testcase name="lineEndings[./xml/signals/DB-HV-1969/appearance-distant_short.xml]" classname="jmri.util.FileLineEndingsTest" time="0"/>
  <testcase name="lineEndings[./xml/signals/DB-HV-1969/appearance-exit_distant_short.xml]" classname="jmri.util.FileLineEndingsTest" time="0.001"/>
  <testcase name="lineEndings[./xml/signals/DB-HV-1969/appearance-shunting.xml]" classname="jmri.util.FileLineEndingsTest" time="0.001"/>
  <testcase name="lineEndings[./xml/signals/DB-HV-1969/appearance-exit.xml]" classname="jmri.util.FileLineEndingsTest" time="0.001"/>
  <testcase name="lineEndings[./xml/signals/DB-HV-1969/appearance-distant_repeater.xml]" classname="jmri.util.FileLineEndingsTest" time="0"/>
  <testcase name="lineEndings[./xml/signals/DB-HV-1969/appearance-block_distant.xml]" classname="jmri.util.FileLineEndingsTest" time="0.001"/>
  <testcase name="lineEndings[./xml/signals/CSX-2014-Chessie/appearance-CO-3-hi.xml]" classname="jmri.util.FileLineEndingsTest" time="0.001"/>
  <testcase name="lineEndings[./xml/signals/CSX-2014-Chessie/appearance-CO-1-3-hi.xml]" classname="jmri.util.FileLineEndingsTest" time="0.001"/>
  <testcase name="lineEndings[./xml/signals/CSX-2014-Chessie/appearance-CO-1-3-2-hi.xml]" classname="jmri.util.FileLineEndingsTest" time="0"/>
  <testcase name="lineEndings[./xml/signals/CSX-2014-Chessie/appearance-CO-3-3-3-hi.xml]" classname="jmri.util.FileLineEndingsTest" time="0.001"/>
  <testcase name="lineEndings[./xml/signals/CSX-2014-Chessie/appearance-CO-3-lo.xml]" classname="jmri.util.FileLineEndingsTest" time="0.001"/>
  <testcase name="lineEndings[./xml/signals/CSX-2014-Chessie/appearance-CO-1-3-1-hi.xml]" classname="jmri.util.FileLineEndingsTest" time="0"/>
  <testcase name="lineEndings[./xml/signals/CSX-2014-Chessie/appearance-CO-3-3-2-hi.xml]" classname="jmri.util.FileLineEndingsTest" time="0.001"/>
  <testcase name="lineEndings[./xml/signals/CSX-2014-Chessie/appearance-CO-3-1r-hi.xml]" classname="jmri.util.FileLineEndingsTest" time="0.001"/>
  <testcase name="lineEndings[./xml/signals/CSX-2014-Chessie/appearance-CO-3-2-2-hi.xml]" classname="jmri.util.FileLineEndingsTest" time="0.001"/>
  <testcase name="lineEndings[./xml/signals/CSX-2014-Chessie/appearance-CO-1-2-hi.xml]" classname="jmri.util.FileLineEndingsTest" time="0"/>
  <testcase name="lineEndings[./xml/signals/CSX-2014-Chessie/appearance-CO-3-2-hi.xml]" classname="jmri.util.FileLineEndingsTest" time="0.001"/>
  <testcase name="lineEndings[./xml/signals/CSX-2014-Chessie/appearance-CO-3-1y-hi.xml]" classname="jmri.util.FileLineEndingsTest" time="0.001"/>
  <testcase name="lineEndings[./xml/signals/CSX-2014-Chessie/appearance-CO-1-lo.xml]" classname="jmri.util.FileLineEndingsTest" time="0"/>
  <testcase name="lineEndings[./xml/signals/CSX-2014-Chessie/appearance-CO-3-3-1-hi.xml]" classname="jmri.util.FileLineEndingsTest" time="0.001"/>
  <testcase name="lineEndings[./xml/signals/CSX-2014-Chessie/aspects.xml]" classname="jmri.util.FileLineEndingsTest" time="0.001"/>
  <testcase name="lineEndings[./xml/signals/CSX-2014-Chessie/appearance-CO-3-1g-hi.xml]" classname="jmri.util.FileLineEndingsTest" time="0"/>
  <testcase name="lineEndings[./xml/signals/CSX-2014-Chessie/appearance-CO-3p-lo.xml]" classname="jmri.util.FileLineEndingsTest" time="0.001"/>
  <testcase name="lineEndings[./xml/signals/CSX-2014-Chessie/appearance-CO-3-3-lo.xml]" classname="jmri.util.FileLineEndingsTest" time="0.001"/>
  <testcase name="lineEndings[./xml/signals/CSX-2014-Chessie/appearance-CO-3-3-hi.xml]" classname="jmri.util.FileLineEndingsTest" time="0.001"/>
  <testcase name="lineEndings[./xml/signals/CSX-2014-Chessie/appearance-CO-1-3-3-hi.xml]" classname="jmri.util.FileLineEndingsTest" time="0"/>
  <testcase name="lineEndings[./xml/signals/CSX-2014-Chessie/appearance-CO-1-2-2-hi.xml]" classname="jmri.util.FileLineEndingsTest" time="0.001"/>
  <testcase name="lineEndings[./xml/signals/basic/aspects.xml]" classname="jmri.util.FileLineEndingsTest" time="0.001"/>
  <testcase name="lineEndings[./xml/signals/basic/appearance-two-low.xml]" classname="jmri.util.FileLineEndingsTest" time="0"/>
  <testcase name="lineEndings[./xml/signals/basic/appearance-one-searchlight.xml]" classname="jmri.util.FileLineEndingsTest" time="0.001"/>
  <testcase name="lineEndings[./xml/signals/basic/appearance-two-searchlight.xml]" classname="jmri.util.FileLineEndingsTest" time="0.001"/>
  <testcase name="lineEndings[./xml/signals/basic/appearance-one-low.xml]" classname="jmri.util.FileLineEndingsTest" time="0.001"/>
  <testcase name="lineEndings[./xml/signals/B&amp;O-1957/appearance-SL-1-low.xml]" classname="jmri.util.FileLineEndingsTest" time="0"/>
  <testcase name="lineEndings[./xml/signals/B&amp;O-1957/aspects.xml]" classname="jmri.util.FileLineEndingsTest" time="0.001"/>
  <testcase name="lineEndings[./xml/signals/B&amp;O-1957/appearance-SL-1-high-abs.xml]" classname="jmri.util.FileLineEndingsTest" time="0.001"/>
  <testcase name="lineEndings[./xml/signals/B&amp;O-1957/appearance-SL-2-low.xml]" classname="jmri.util.FileLineEndingsTest" time="0"/>
  <testcase name="lineEndings[./xml/signals/B&amp;O-1957/appearance-SL-2-high-abs.xml]" classname="jmri.util.FileLineEndingsTest" time="0.001"/>
  <testcase name="lineEndings[./xml/signals/B&amp;O-1957/appearance-PL-1-low.xml]" classname="jmri.util.FileLineEndingsTest" time="0.001"/>
  <testcase name="lineEndings[./xml/signals/B&amp;O-1957/appearance-SL-2-high-pbs.xml]" classname="jmri.util.FileLineEndingsTest" time="0"/>
  <testcase name="lineEndings[./xml/signals/B&amp;O-1957/appearance-PL-2-high.xml]" classname="jmri.util.FileLineEndingsTest" time="0.001"/>
  <testcase name="lineEndings[./xml/signals/B&amp;O-1957/appearance-CPL.xml]" classname="jmri.util.FileLineEndingsTest" time="0.001"/>
  <testcase name="lineEndings[./xml/signals/B&amp;O-1957/appearance-PL-1-high-abs.xml]" classname="jmri.util.FileLineEndingsTest" time="0.001"/>
  <testcase name="lineEndings[./xml/signals/B&amp;O-1957/appearance-SL-3-high.xml]" classname="jmri.util.FileLineEndingsTest" time="0"/>
  <testcase name="lineEndings[./xml/signals/B&amp;O-1957/appearance-CPLCW.xml]" classname="jmri.util.FileLineEndingsTest" time="0.001"/>
  <testcase name="lineEndings[./xml/signals/B&amp;O-1957/appearance-SL-1-high-pbs.xml]" classname="jmri.util.FileLineEndingsTest" time="0.001"/>
  <testcase name="lineEndings[./xml/signals/B&amp;O-1957/appearance-PL-1-high-pbs.xml]" classname="jmri.util.FileLineEndingsTest" time="0"/>
  <testcase name="lineEndings[./xml/signals/ProRail-1954/appearance-Dwarf.xml]" classname="jmri.util.FileLineEndingsTest" time="0.001"/>
  <testcase name="lineEndings[./xml/signals/ProRail-1954/appearance-High-Number.xml]" classname="jmri.util.FileLineEndingsTest" time="0.001"/>
  <testcase name="lineEndings[./xml/signals/ProRail-1954/aspects.xml]" classname="jmri.util.FileLineEndingsTest" time="0.001"/>
  <testcase name="lineEndings[./xml/signals/ProRail-1954/appearance-Approach.xml]" classname="jmri.util.FileLineEndingsTest" time="0"/>
  <testcase name="lineEndings[./xml/signals/ProRail-1954/appearance-High.xml]" classname="jmri.util.FileLineEndingsTest" time="0.001"/>
  <testcase name="lineEndings[./xml/signals/RG-1965/appearance-SL-2-high-abs.xml]" classname="jmri.util.FileLineEndingsTest" time="0.001"/>
  <testcase name="lineEndings[./xml/signals/RG-1965/appearance-SL-2-low-abs.xml]" classname="jmri.util.FileLineEndingsTest" time="0"/>
  <testcase name="lineEndings[./xml/signals/RG-1965/appearance-SL-1-high-abs.xml]" classname="jmri.util.FileLineEndingsTest" time="0.001"/>
  <testcase name="lineEndings[./xml/signals/RG-1965/appearance-SL-3-high-abs.xml]" classname="jmri.util.FileLineEndingsTest" time="0.001"/>
  <testcase name="lineEndings[./xml/signals/RG-1965/appearance-SL-1-low-abs.xml]" classname="jmri.util.FileLineEndingsTest" time="0"/>
  <testcase name="lineEndings[./xml/signals/RG-1965/appearance-SL-3-high-pbs.xml]" classname="jmri.util.FileLineEndingsTest" time="0.001"/>
  <testcase name="lineEndings[./xml/signals/RG-1965/appearance-SL-2-high-pbs.xml]" classname="jmri.util.FileLineEndingsTest" time="0.001"/>
  <testcase name="lineEndings[./xml/signals/RG-1965/aspects.xml]" classname="jmri.util.FileLineEndingsTest" time="0.001"/>
  <testcase name="lineEndings[./xml/signals/RG-1965/appearance-SL-2-low-pbs.xml]" classname="jmri.util.FileLineEndingsTest" time="0"/>
  <testcase name="lineEndings[./xml/signals/RG-1965/appearance-SL-1-low-pbs.xml]" classname="jmri.util.FileLineEndingsTest" time="0.001"/>
  <testcase name="lineEndings[./xml/signals/RG-1965/appearance-SL-1-high-pbs.xml]" classname="jmri.util.FileLineEndingsTest" time="0.001"/>
  <testcase name="lineEndings[./xml/signals/UP-2008/appearance-SL-1C.xml]" classname="jmri.util.FileLineEndingsTest" time="0"/>
  <testcase name="lineEndings[./xml/signals/UP-2008/appearance-SL-2D.xml]" classname="jmri.util.FileLineEndingsTest" time="0.001"/>
  <testcase name="lineEndings[./xml/signals/UP-2008/appearance-SL-1L.xml]" classname="jmri.util.FileLineEndingsTest" time="0.001"/>
  <testcase name="lineEndings[./xml/signals/UP-2008/appearance-SL-2C.xml]" classname="jmri.util.FileLineEndingsTest" time="0.001"/>
  <testcase name="lineEndings[./xml/signals/UP-2008/appearance-SL-1A.xml]" classname="jmri.util.FileLineEndingsTest" time="0"/>
  <testcase name="lineEndings[./xml/signals/UP-2008/appearance-SL-2R.xml]" classname="jmri.util.FileLineEndingsTest" time="0.001"/>
  <testcase name="lineEndings[./xml/signals/UP-2008/appearance-SL-3S.xml]" classname="jmri.util.FileLineEndingsTest" time="0.001"/>
  <testcase name="lineEndings[./xml/signals/UP-2008/appearance-SL-2SL.xml]" classname="jmri.util.FileLineEndingsTest" time="0.001"/>
  <testcase name="lineEndings[./xml/signals/UP-2008/appearance-SL-1D.xml]" classname="jmri.util.FileLineEndingsTest" time="0"/>
  <testcase name="lineEndings[./xml/signals/UP-2008/appearance-SL-1S.xml]" classname="jmri.util.FileLineEndingsTest" time="0.001"/>
  <testcase name="lineEndings[./xml/signals/UP-2008/appearance-SL-3L2.xml]" classname="jmri.util.FileLineEndingsTest" time="0.001"/>
  <testcase name="lineEndings[./xml/signals/UP-2008/aspects.xml]" classname="jmri.util.FileLineEndingsTest" time="0.001"/>
  <testcase name="lineEndings[./xml/signals/UP-2008/appearance-SL-1R.xml]" classname="jmri.util.FileLineEndingsTest" time="0.001"/>
  <testcase name="lineEndings[./xml/signals/UP-2008/appearance-SL-2S.xml]" classname="jmri.util.FileLineEndingsTest" time="0"/>
  <testcase name="lineEndings[./xml/signals/UP-2008/appearance-SL-2AA.xml]" classname="jmri.util.FileLineEndingsTest" time="0.001"/>
  <testcase name="lineEndings[./xml/signals/UP-2008/appearance-SL-3L3.xml]" classname="jmri.util.FileLineEndingsTest" time="0.001"/>
  <testcase name="lineEndings[./xml/signals/UP-2008/appearance-SL-3C.xml]" classname="jmri.util.FileLineEndingsTest" time="0.001"/>
  <testcase name="lineEndings[./xml/signals/UP-2008/appearance-SL-2A.xml]" classname="jmri.util.FileLineEndingsTest" time="0"/>
  <testcase name="lineEndings[./xml/signals/UP-2008/appearance-SL-2L.xml]" classname="jmri.util.FileLineEndingsTest" time="0.001"/>
  <testcase name="lineEndings[./xml/signals/UP-2008/appearance-SL-3A.xml]" classname="jmri.util.FileLineEndingsTest" time="0.001"/>
  <testcase name="lineEndings[./xml/signals/BN-1989/appearance-SL-2S.xml]" classname="jmri.util.FileLineEndingsTest" time="0.001"/>
  <testcase name="lineEndings[./xml/signals/BN-1989/appearance-SL-2R.xml]" classname="jmri.util.FileLineEndingsTest" time="0.001"/>
  <testcase name="lineEndings[./xml/signals/BN-1989/appearance-SL-3L1.xml]" classname="jmri.util.FileLineEndingsTest" time="0"/>
  <testcase name="lineEndings[./xml/signals/BN-1989/appearance-SL-1R.xml]" classname="jmri.util.FileLineEndingsTest" time="0.001"/>
  <testcase name="lineEndings[./xml/signals/BN-1989/aspects.xml]" classname="jmri.util.FileLineEndingsTest" time="0.001"/>
  <testcase name="lineEndings[./xml/signals/BN-1989/appearance-SL-1S.xml]" classname="jmri.util.FileLineEndingsTest" time="0.001"/>
  <testcase name="lineEndings[./xml/signals/BN-1989/appearance-SL-2L.xml]" classname="jmri.util.FileLineEndingsTest" time="0"/>
  <testcase name="lineEndings[./xml/signals/BN-1989/appearance-SL-1.xml]" classname="jmri.util.FileLineEndingsTest" time="0.001"/>
  <testcase name="lineEndings[./xml/signals/BN-1989/appearance-SL-3N.xml]" classname="jmri.util.FileLineEndingsTest" time="0.001"/>
  <testcase name="lineEndings[./xml/signals/BN-1989/appearance-SL-2.xml]" classname="jmri.util.FileLineEndingsTest" time="0"/>
  <testcase name="lineEndings[./xml/signals/BN-1989/appearance-SL-3.xml]" classname="jmri.util.FileLineEndingsTest" time="0.001"/>
  <testcase name="lineEndings[./xml/signals/BN-1989/appearance-SL-1L.xml]" classname="jmri.util.FileLineEndingsTest" time="0.001"/>
  <testcase name="lineEndings[./xml/signals/BN-1989/appearance-SL-2N.xml]" classname="jmri.util.FileLineEndingsTest" time="0.001"/>
  <testcase name="lineEndings[./xml/signals/BN-1989/appearance-SL-1N.xml]" classname="jmri.util.FileLineEndingsTest" time="0"/>
  <testcase name="lineEndings[./xml/signals/BN-1989/appearance-SL-3S.xml]" classname="jmri.util.FileLineEndingsTest" time="0.001"/>
  <testcase name="lineEndings[./xml/signals/BN-1989/appearance-SL-3L2.xml]" classname="jmri.util.FileLineEndingsTest" time="0.001"/>
  <testcase name="lineEndings[./xml/signals/BNSF-1996/appearance-SE-2A.xml]" classname="jmri.util.FileLineEndingsTest" time="0.001"/>
  <testcase name="lineEndings[./xml/signals/BNSF-1996/appearance-SL-2R.xml]" classname="jmri.util.FileLineEndingsTest" time="0"/>
  <testcase name="lineEndings[./xml/signals/BNSF-1996/appearance-SL-1P.xml]" classname="jmri.util.FileLineEndingsTest" time="0.001"/>
  <testcase name="lineEndings[./xml/signals/BNSF-1996/appearance-SL-2S.xml]" classname="jmri.util.FileLineEndingsTest" time="0.001"/>
  <testcase name="lineEndings[./xml/signals/BNSF-1996/appearance-SL-1R.xml]" classname="jmri.util.FileLineEndingsTest" time="0.001"/>
  <testcase name="lineEndings[./xml/signals/BNSF-1996/appearance-SE-3A.xml]" classname="jmri.util.FileLineEndingsTest" time="0"/>
  <testcase name="lineEndings[./xml/signals/BNSF-1996/appearance-SE-1S.xml]" classname="jmri.util.FileLineEndingsTest" time="0.001"/>
  <testcase name="lineEndings[./xml/signals/BNSF-1996/appearance-SE-1R.xml]" classname="jmri.util.FileLineEndingsTest" time="0.001"/>
  <testcase name="lineEndings[./xml/signals/BNSF-1996/appearance-SL-2DL.xml]" classname="jmri.util.FileLineEndingsTest" time="0.001"/>
  <testcase name="lineEndings[./xml/signals/BNSF-1996/appearance-SE-2S.xml]" classname="jmri.util.FileLineEndingsTest" time="0"/>
  <testcase name="lineEndings[./xml/signals/BNSF-1996/appearance-SL-2SL.xml]" classname="jmri.util.FileLineEndingsTest" time="0.001"/>
  <testcase name="lineEndings[./xml/signals/BNSF-1996/appearance-SL-3L3.xml]" classname="jmri.util.FileLineEndingsTest" time="0.001"/>
  <testcase name="lineEndings[./xml/signals/BNSF-1996/appearance-SL-1D.xml]" classname="jmri.util.FileLineEndingsTest" time="0.001"/>
  <testcase name="lineEndings[./xml/signals/BNSF-1996/appearance-SL-3L2.xml]" classname="jmri.util.FileLineEndingsTest" time="0"/>
  <testcase name="lineEndings[./xml/signals/BNSF-1996/appearance-SE-2R.xml]" classname="jmri.util.FileLineEndingsTest" time="0.001"/>
  <testcase name="lineEndings[./xml/signals/BNSF-1996/aspects.xml]" classname="jmri.util.FileLineEndingsTest" time="0.001"/>
  <testcase name="lineEndings[./xml/signals/BNSF-1996/appearance-SL-1A.xml]" classname="jmri.util.FileLineEndingsTest" time="0.001"/>
  <testcase name="lineEndings[./xml/signals/BNSF-1996/appearance-SE-1D.xml]" classname="jmri.util.FileLineEndingsTest" time="0"/>
  <testcase name="lineEndings[./xml/signals/BNSF-1996/appearance-SE-2D.xml]" classname="jmri.util.FileLineEndingsTest" time="0.001"/>
  <testcase name="lineEndings[./xml/signals/BNSF-1996/appearance-SL-2D.xml]" classname="jmri.util.FileLineEndingsTest" time="0.001"/>
  <testcase name="lineEndings[./xml/signals/BNSF-1996/appearance-SL-1S.xml]" classname="jmri.util.FileLineEndingsTest" time="0.001"/>
  <testcase name="lineEndings[./xml/signals/BNSF-1996/appearance-SE-1A.xml]" classname="jmri.util.FileLineEndingsTest" time="0"/>
  <testcase name="lineEndings[./xml/signals/BNSF-1996/appearance-SL-3A.xml]" classname="jmri.util.FileLineEndingsTest" time="0.001"/>
  <testcase name="lineEndings[./xml/signals/BNSF-1996/appearance-SL-2L.xml]" classname="jmri.util.FileLineEndingsTest" time="0.001"/>
  <testcase name="lineEndings[./xml/signals/BNSF-1996/appearance-SL-2A.xml]" classname="jmri.util.FileLineEndingsTest" time="0.001"/>
  <testcase name="lineEndings[./xml/signals/B&amp;O-1980/appearance-Semaphore-1Armwithmarker.xml]" classname="jmri.util.FileLineEndingsTest" time="0"/>
  <testcase name="lineEndings[./xml/signals/B&amp;O-1980/appearance-Semaphore-2Arm.xml]" classname="jmri.util.FileLineEndingsTest" time="0.001"/>
  <testcase name="lineEndings[./xml/signals/B&amp;O-1980/appearance-Semaphore-3Arm.xml]" classname="jmri.util.FileLineEndingsTest" time="0.001"/>
  <testcase name="lineEndings[./xml/signals/B&amp;O-1980/appearance-CPL-High-NJInternational.xml]" classname="jmri.util.FileLineEndingsTest" time="0.001"/>
  <testcase name="lineEndings[./xml/signals/B&amp;O-1980/appearance-CPL-Dwarf.xml]" classname="jmri.util.FileLineEndingsTest" time="0.002"/>
  <testcase name="lineEndings[./xml/signals/B&amp;O-1980/appearance-CPL-High-permissive.xml]" classname="jmri.util.FileLineEndingsTest" time="0.001"/>
  <testcase name="lineEndings[./xml/signals/B&amp;O-1980/appearance-Semaphore-1Arm.xml]" classname="jmri.util.FileLineEndingsTest" time="0"/>
  <testcase name="lineEndings[./xml/signals/B&amp;O-1980/appearance-Semaphore-1ArmDwarf.xml]" classname="jmri.util.FileLineEndingsTest" time="0.001"/>
  <testcase name="lineEndings[./xml/signals/B&amp;O-1980/appearance-CPL-High.xml]" classname="jmri.util.FileLineEndingsTest" time="0.001"/>
  <testcase name="lineEndings[./xml/signals/B&amp;O-1980/aspects.xml]" classname="jmri.util.FileLineEndingsTest" time="0.001"/>
  <testcase name="lineEndings[./xml/signals/CROR-2008/appearance-CROR-2-Lo.xml]" classname="jmri.util.FileLineEndingsTest" time="0"/>
  <testcase name="lineEndings[./xml/signals/CROR-2008/appearance-CROR-2SL-Hi.xml]" classname="jmri.util.FileLineEndingsTest" time="0.001"/>
  <testcase name="lineEndings[./xml/signals/CROR-2008/aspects.xml]" classname="jmri.util.FileLineEndingsTest" time="0.001"/>
  <testcase name="lineEndings[./xml/signals/CROR-2008/appearance-CROR-1-Lo.xml]" classname="jmri.util.FileLineEndingsTest" time="0.001"/>
  <testcase name="lineEndings[./xml/signals/CROR-2008/appearance-CROR-2O-Hi.xml]" classname="jmri.util.FileLineEndingsTest" time="0"/>
  <testcase name="lineEndings[./xml/signals/CROR-2008/appearance-CROR-1-Hi.xml]" classname="jmri.util.FileLineEndingsTest" time="0.001"/>
  <testcase name="lineEndings[./xml/signals/CROR-2008/appearance-CROR-3L-Hi.xml]" classname="jmri.util.FileLineEndingsTest" time="0.001"/>
  <testcase name="lineEndings[./xml/signals/CROR-2008/appearance-CROR-2OL-Hi.xml]" classname="jmri.util.FileLineEndingsTest" time="0.001"/>
  <testcase name="lineEndings[./xml/signals/CROR-2008/appearance-CROR-3-Hi.xml]" classname="jmri.util.FileLineEndingsTest" time="0.001"/>
  <testcase name="lineEndings[./xml/signals/CROR-2008/appearance-CROR-2L-Lo.xml]" classname="jmri.util.FileLineEndingsTest" time="0"/>
  <testcase name="lineEndings[./xml/signals/CROR-2008/appearance-CROR-2OD-Hi.xml]" classname="jmri.util.FileLineEndingsTest" time="0.001"/>
  <testcase name="lineEndings[./xml/signals/CROR-2008/appearance-CROR-1A-Lo.xml]" classname="jmri.util.FileLineEndingsTest" time="0.001"/>
  <testcase name="lineEndings[./xml/signals/CROR-2008/appearance-CROR-2S-Hi.xml]" classname="jmri.util.FileLineEndingsTest" time="0.001"/>
  <testcase name="lineEndings[./xml/signals/CROR-2008/appearance-CROR-3A-Hi.xml]" classname="jmri.util.FileLineEndingsTest" time="0"/>
  <testcase name="lineEndings[./xml/signals/CROR-2008/appearance-CROR-1A-Hi.xml]" classname="jmri.util.FileLineEndingsTest" time="0.001"/>
  <testcase name="lineEndings[./xml/signals/CROR-2008/appearance-CROR-1R-Hi.xml]" classname="jmri.util.FileLineEndingsTest" time="0.001"/>
  <testcase name="lineEndings[./xml/signals/CROR-2008/appearance-CROR-2D-Lo.xml]" classname="jmri.util.FileLineEndingsTest" time="0.001"/>
  <testcase name="lineEndings[./xml/signals/CROR-2008/appearance-CROR-2SD-Hi.xml]" classname="jmri.util.FileLineEndingsTest" time="0"/>
  <testcase name="lineEndings[./xml/signals/CROR-2008/appearance-CROR-1D-Lo.xml]" classname="jmri.util.FileLineEndingsTest" time="0.001"/>
  <testcase name="lineEndings[./xml/signals/CROR-2008/appearance-CROR-3D-Hi.xml]" classname="jmri.util.FileLineEndingsTest" time="0.001"/>
  <testcase name="lineEndings[./xml/signals/CFL-2014/appearance-Distant.xml]" classname="jmri.util.FileLineEndingsTest" time="0.001"/>
  <testcase name="lineEndings[./xml/signals/CFL-2014/appearance-Repeater.xml]" classname="jmri.util.FileLineEndingsTest" time="0"/>
  <testcase name="lineEndings[./xml/signals/CFL-2014/appearance-Perm.xml]" classname="jmri.util.FileLineEndingsTest" time="0"/>
  <testcase name="lineEndings[./xml/signals/CFL-2014/appearance-Stop.xml]" classname="jmri.util.FileLineEndingsTest" time="0.001"/>
  <testcase name="lineEndings[./xml/signals/CFL-2014/appearance-Block.xml]" classname="jmri.util.FileLineEndingsTest" time="0.001"/>
  <testcase name="lineEndings[./xml/signals/CFL-2014/appearance-BlockS.xml]" classname="jmri.util.FileLineEndingsTest" time="0"/>
  <testcase name="lineEndings[./xml/signals/CFL-2014/appearance-BlockR.xml]" classname="jmri.util.FileLineEndingsTest" time="0.001"/>
  <testcase name="lineEndings[./xml/signals/CFL-2014/aspects.xml]" classname="jmri.util.FileLineEndingsTest" time="0.001"/>
  <testcase name="lineEndings[./xml/signals/CFL-2014/appearance-Shunt.xml]" classname="jmri.util.FileLineEndingsTest" time="0.001"/>
  <testcase name="lineEndings[./xml/signals/NYCS-1937/appearance-SL-2-high-pbs.xml]" classname="jmri.util.FileLineEndingsTest" time="0"/>
  <testcase name="lineEndings[./xml/signals/NYCS-1937/appearance-SL-1-low.xml]" classname="jmri.util.FileLineEndingsTest" time="0.001"/>
  <testcase name="lineEndings[./xml/signals/NYCS-1937/appearance-SL-1-manual-block.xml]" classname="jmri.util.FileLineEndingsTest" time="0.001"/>
  <testcase name="lineEndings[./xml/signals/NYCS-1937/appearance-SL-2-low.xml]" classname="jmri.util.FileLineEndingsTest" time="0"/>
  <testcase name="lineEndings[./xml/signals/NYCS-1937/appearance-SL-1-trainorder.xml]" classname="jmri.util.FileLineEndingsTest" time="0.001"/>
  <testcase name="lineEndings[./xml/signals/NYCS-1937/appearance-SL-3-high.xml]" classname="jmri.util.FileLineEndingsTest" time="0.001"/>
  <testcase name="lineEndings[./xml/signals/NYCS-1937/appearance-SL-2-high-abs.xml]" classname="jmri.util.FileLineEndingsTest" time="0"/>
  <testcase name="lineEndings[./xml/signals/NYCS-1937/aspects.xml]" classname="jmri.util.FileLineEndingsTest" time="0.001"/>
  <testcase name="lineEndings[./xml/signals/NYC-1956/appearance-SL-2-high-per.xml]" classname="jmri.util.FileLineEndingsTest" time="0.001"/>
  <testcase name="lineEndings[./xml/signals/NYC-1956/aspects.xml]" classname="jmri.util.FileLineEndingsTest" time="0.001"/>
  <testcase name="lineEndings[./xml/signals/NYC-1956/appearance-SL-3-high.xml]" classname="jmri.util.FileLineEndingsTest" time="0"/>
  <testcase name="lineEndings[./xml/signals/NYC-1956/appearance-SL-2-high-abs.xml]" classname="jmri.util.FileLineEndingsTest" time="0.001"/>
  <testcase name="lineEndings[./xml/signals/NYC-1956/appearance-SL-1-low.xml]" classname="jmri.util.FileLineEndingsTest" time="0.001"/>
  <testcase name="lineEndings[./xml/signals/NYC-1956/appearance-SL-2-low.xml]" classname="jmri.util.FileLineEndingsTest" time="0"/>
  <testcase name="lineEndings[./xml/signals/SPTCO-1960/appearance-SL-1-low.xml]" classname="jmri.util.FileLineEndingsTest" time="0.001"/>
  <testcase name="lineEndings[./xml/signals/SPTCO-1960/appearance-SL-1-high-pbs.xml]" classname="jmri.util.FileLineEndingsTest" time="0.001"/>
  <testcase name="lineEndings[./xml/signals/SPTCO-1960/appearance-SL-2-low.xml]" classname="jmri.util.FileLineEndingsTest" time="0.001"/>
  <testcase name="lineEndings[./xml/signals/SPTCO-1960/aspects.xml]" classname="jmri.util.FileLineEndingsTest" time="0"/>
  <testcase name="lineEndings[./xml/signals/SPTCO-1960/appearance-SL-2-high-abs.xml]" classname="jmri.util.FileLineEndingsTest" time="0.001"/>
  <testcase name="lineEndings[./xml/signals/SPTCO-1960/appearance-SL-1-high-abs.xml]" classname="jmri.util.FileLineEndingsTest" time="0.001"/>
  <testcase name="lineEndings[./xml/signals/SPTCO-1960/appearance-SL-3-high-pbs.xml]" classname="jmri.util.FileLineEndingsTest" time="0.001"/>
  <testcase name="lineEndings[./xml/signals/SPTCO-1960/appearance-SL-2-high-pbs.xml]" classname="jmri.util.FileLineEndingsTest" time="0"/>
  <testcase name="lineEndings[./xml/signals/SPTCO-1960/appearance-SL-1-low-D.xml]" classname="jmri.util.FileLineEndingsTest" time="0.001"/>
  <testcase name="lineEndings[./xml/signals/SPTCO-1960/appearance-SL-1-low-P.xml]" classname="jmri.util.FileLineEndingsTest" time="0.001"/>
  <testcase name="lineEndings[./xml/signals/CSD-1962-zakladni/appearance-shunting.xml]" classname="jmri.util.FileLineEndingsTest" time="0.001"/>
  <testcase name="lineEndings[./xml/signals/CSD-1962-zakladni/appearance-entry_distant.xml]" classname="jmri.util.FileLineEndingsTest" time="0.001"/>
  <testcase name="lineEndings[./xml/signals/CSD-1962-zakladni/appearance-block_distant.xml]" classname="jmri.util.FileLineEndingsTest" time="0"/>
  <testcase name="lineEndings[./xml/signals/CSD-1962-zakladni/appearance-abs4.xml]" classname="jmri.util.FileLineEndingsTest" time="0.001"/>
  <testcase name="lineEndings[./xml/signals/CSD-1962-zakladni/aspects.xml]" classname="jmri.util.FileLineEndingsTest" time="0.001"/>
  <testcase name="lineEndings[./xml/signals/CSD-1962-zakladni/appearance-exit.xml]" classname="jmri.util.FileLineEndingsTest" time="0.001"/>
  <testcase name="lineEndings[./xml/signals/CSD-1962-zakladni/appearance-block.xml]" classname="jmri.util.FileLineEndingsTest" time="0"/>
  <testcase name="lineEndings[./xml/signals/CSD-1962-zakladni/appearance-entry_distant_repeater.xml]" classname="jmri.util.FileLineEndingsTest" time="0.001"/>
  <testcase name="lineEndings[./xml/signals/CSD-1962-zakladni/appearance-entry.xml]" classname="jmri.util.FileLineEndingsTest" time="0.001"/>
  <testcase name="lineEndings[./xml/signals/CSD-1962-zakladni/appearance-abs.xml]" classname="jmri.util.FileLineEndingsTest" time="0.001"/>
  <testcase name="lineEndings[./xml/signals/B&amp;O-2009/appearance-boths.xml]" classname="jmri.util.FileLineEndingsTest" time="0"/>
  <testcase name="lineEndings[./xml/signals/B&amp;O-2009/appearance-slow.xml]" classname="jmri.util.FileLineEndingsTest" time="0.001"/>
  <testcase name="lineEndings[./xml/signals/B&amp;O-2009/appearance-fast1.xml]" classname="jmri.util.FileLineEndingsTest" time="0.001"/>
  <testcase name="lineEndings[./xml/signals/B&amp;O-2009/appearance-full.xml]" classname="jmri.util.FileLineEndingsTest" time="0.001"/>
  <testcase name="lineEndings[./xml/signals/B&amp;O-2009/appearance-fasts.xml]" classname="jmri.util.FileLineEndingsTest" time="0"/>
  <testcase name="lineEndings[./xml/signals/B&amp;O-2009/appearance-fast.xml]" classname="jmri.util.FileLineEndingsTest" time="0.001"/>
  <testcase name="lineEndings[./xml/signals/B&amp;O-2009/appearance-meds.xml]" classname="jmri.util.FileLineEndingsTest" time="0.001"/>
  <testcase name="lineEndings[./xml/signals/B&amp;O-2009/appearance-bothm.xml]" classname="jmri.util.FileLineEndingsTest" time="0.001"/>
  <testcase name="lineEndings[./xml/signals/B&amp;O-2009/appearance-med.xml]" classname="jmri.util.FileLineEndingsTest" time="0"/>
  <testcase name="lineEndings[./xml/signals/B&amp;O-2009/appearance-med1.xml]" classname="jmri.util.FileLineEndingsTest" time="0.001"/>
  <testcase name="lineEndings[./xml/signals/B&amp;O-2009/appearance-junm.xml]" classname="jmri.util.FileLineEndingsTest" time="0.001"/>
  <testcase name="lineEndings[./xml/signals/B&amp;O-2009/appearance-junc.xml]" classname="jmri.util.FileLineEndingsTest" time="0.001"/>
  <testcase name="lineEndings[./xml/signals/B&amp;O-2009/appearance-block.xml]" classname="jmri.util.FileLineEndingsTest" time="0"/>
  <testcase name="lineEndings[./xml/signals/B&amp;O-2009/appearance-fastm.xml]" classname="jmri.util.FileLineEndingsTest" time="0.001"/>
  <testcase name="lineEndings[./xml/signals/B&amp;O-2009/appearance-medm.xml]" classname="jmri.util.FileLineEndingsTest" time="0.001"/>
  <testcase name="lineEndings[./xml/signals/B&amp;O-2009/aspects.xml]" classname="jmri.util.FileLineEndingsTest" time="0.001"/>
  <testcase name="lineEndings[./xml/signals/SPTCO-1969/appearance-SL-1-G.xml]" classname="jmri.util.FileLineEndingsTest" time="0"/>
  <testcase name="lineEndings[./xml/signals/SPTCO-1969/appearance-SE-1-G.xml]" classname="jmri.util.FileLineEndingsTest" time="0.001"/>
  <testcase name="lineEndings[./xml/signals/SPTCO-1969/appearance-SH-1-A.xml]" classname="jmri.util.FileLineEndingsTest" time="0.001"/>
  <testcase name="lineEndings[./xml/signals/SPTCO-1969/appearance-SH-2-A.xml]" classname="jmri.util.FileLineEndingsTest" time="0.001"/>
  <testcase name="lineEndings[./xml/signals/SPTCO-1969/appearance-SL-1-P.xml]" classname="jmri.util.FileLineEndingsTest" time="0"/>
  <testcase name="lineEndings[./xml/signals/SPTCO-1969/appearance-SL-1-D.xml]" classname="jmri.util.FileLineEndingsTest" time="0.001"/>
  <testcase name="lineEndings[./xml/signals/SPTCO-1969/appearance-SE-1-PP.xml]" classname="jmri.util.FileLineEndingsTest" time="0.001"/>
  <testcase name="lineEndings[./xml/signals/SPTCO-1969/appearance-SE-3-A.xml]" classname="jmri.util.FileLineEndingsTest" time="0"/>
  <testcase name="lineEndings[./xml/signals/SPTCO-1969/appearance-SL-1-W.xml]" classname="jmri.util.FileLineEndingsTest" time="0.001"/>
  <testcase name="lineEndings[./xml/signals/SPTCO-1969/appearance-SE-1-A.xml]" classname="jmri.util.FileLineEndingsTest" time="0.001"/>
  <testcase name="lineEndings[./xml/signals/SPTCO-1969/appearance-SL-2-A.xml]" classname="jmri.util.FileLineEndingsTest" time="0.001"/>
  <testcase name="lineEndings[./xml/signals/SPTCO-1969/appearance-SL-1-A.xml]" classname="jmri.util.FileLineEndingsTest" time="0"/>
  <testcase name="lineEndings[./xml/signals/SPTCO-1969/appearance-SE-2-A.xml]" classname="jmri.util.FileLineEndingsTest" time="0.001"/>
  <testcase name="lineEndings[./xml/signals/SPTCO-1969/appearance-SL-2-L.xml]" classname="jmri.util.FileLineEndingsTest" time="0.001"/>
  <testcase name="lineEndings[./xml/signals/SPTCO-1969/appearance-SL-1-PP.xml]" classname="jmri.util.FileLineEndingsTest" time="0.001"/>
  <testcase name="lineEndings[./xml/signals/SPTCO-1969/appearance-SL-3-L.xml]" classname="jmri.util.FileLineEndingsTest" time="0"/>
  <testcase name="lineEndings[./xml/signals/SPTCO-1969/appearance-SE-2-P.xml]" classname="jmri.util.FileLineEndingsTest" time="0.001"/>
  <testcase name="lineEndings[./xml/signals/SPTCO-1969/aspects.xml]" classname="jmri.util.FileLineEndingsTest" time="0.001"/>
  <testcase name="lineEndings[./xml/signals/SPTCO-1969/appearance-SL-2-Y.xml]" classname="jmri.util.FileLineEndingsTest" time="0.001"/>
  <testcase name="lineEndings[./xml/signals/CTC-MB/appearance-SL-2-head.xml]" classname="jmri.util.FileLineEndingsTest" time="0"/>
  <testcase name="lineEndings[./xml/signals/CTC-MB/aspects.xml]" classname="jmri.util.FileLineEndingsTest" time="0.001"/>
  <testcase name="lineEndings[./xml/signals/CTC-MB/appearance-DW-1-head.xml]" classname="jmri.util.FileLineEndingsTest" time="0.001"/>
  <testcase name="lineEndings[./xml/signals/CTC-MB/appearance-SL-3-head.xml]" classname="jmri.util.FileLineEndingsTest" time="0"/>
  <testcase name="lineEndings[./xml/signals/CTC-MB/appearance-SL-1-head.xml]" classname="jmri.util.FileLineEndingsTest" time="0.001"/>
  <testcase name="lineEndings[./xml/signals/CTC-MB/appearance-DW-2-head.xml]" classname="jmri.util.FileLineEndingsTest" time="0.001"/>
  <testcase name="lineEndings[./xml/signals/DanishSimplified/appearance-I.xml]" classname="jmri.util.FileLineEndingsTest" time="0.001"/>
  <testcase name="lineEndings[./xml/signals/DanishSimplified/appearance-B2.xml]" classname="jmri.util.FileLineEndingsTest" time="0"/>
  <testcase name="lineEndings[./xml/signals/DanishSimplified/aspects.xml]" classname="jmri.util.FileLineEndingsTest" time="0.001"/>
  <testcase name="lineEndings[./xml/signals/DanishSimplified/appearance-B.xml]" classname="jmri.util.FileLineEndingsTest" time="0.001"/>
  <testcase name="lineEndings[./xml/signals/DanishSimplified/appearance-feather.xml]" classname="jmri.util.FileLineEndingsTest" time="0"/>
  <testcase name="lineEndings[./xml/signals/DanishSimplified/appearance-buffer-stop.xml]" classname="jmri.util.FileLineEndingsTest" time="0.001"/>
  <testcase name="lineEndings[./xml/signals/NW-1981/appearance-SL-1-low-absolute.xml]" classname="jmri.util.FileLineEndingsTest" time="0.001"/>
  <testcase name="lineEndings[./xml/signals/NW-1981/appearance-Wab-2-high-absolute.xml]" classname="jmri.util.FileLineEndingsTest" time="0"/>
  <testcase name="lineEndings[./xml/signals/NW-1981/appearance-SL-2-high-absolute.xml]" classname="jmri.util.FileLineEndingsTest" time="0"/>
  <testcase name="lineEndings[./xml/signals/NW-1981/appearance-SL-2-low-absolute.xml]" classname="jmri.util.FileLineEndingsTest" time="0.001"/>
  <testcase name="lineEndings[./xml/signals/NW-1981/appearance-CPL-2-arm-permissive.xml]" classname="jmri.util.FileLineEndingsTest" time="0.001"/>
  <testcase name="lineEndings[./xml/signals/NW-1981/appearance-CPL-2-arm-absolute.xml]" classname="jmri.util.FileLineEndingsTest" time="0"/>
  <testcase name="lineEndings[./xml/signals/NW-1981/appearance-CPL-1-arm-permissive.xml]" classname="jmri.util.FileLineEndingsTest" time="0.001"/>
  <testcase name="lineEndings[./xml/signals/NW-1981/appearance-SL-3-high-absolute.xml]" classname="jmri.util.FileLineEndingsTest" time="0.001"/>
  <testcase name="lineEndings[./xml/signals/NW-1981/appearance-Wab-2-low-absolute.xml]" classname="jmri.util.FileLineEndingsTest" time="0"/>
  <testcase name="lineEndings[./xml/signals/NW-1981/aspects.xml]" classname="jmri.util.FileLineEndingsTest" time="0.001"/>
  <testcase name="lineEndings[./xml/signals/NW-1981/appearance-SL-1-high-permissive.xml]" classname="jmri.util.FileLineEndingsTest" time="0.001"/>
  <testcase name="lineEndings[./xml/signals/NW-1981/appearance-SL-2-high-permissive.xml]" classname="jmri.util.FileLineEndingsTest" time="0.001"/>
  <testcase name="lineEndings[./xml/signals/NW-1981/appearance-SL-1-low-permissive.xml]" classname="jmri.util.FileLineEndingsTest" time="0"/>
  <testcase name="lineEndings[./xml/signals/NW-1981/appearance-CPL-Dwarf-permissive.xml]" classname="jmri.util.FileLineEndingsTest" time="0.001"/>
  <testcase name="lineEndings[./xml/signals/NW-1981/appearance-CPL-Dwarf-absolute.xml]" classname="jmri.util.FileLineEndingsTest" time="0.001"/>
  <testcase name="lineEndings[./xml/signals/NW-1981/appearance-SL-1-high-absolute.xml]" classname="jmri.util.FileLineEndingsTest" time="0"/>
  <testcase name="lineEndings[./xml/signals/NW-1981/appearance-CPL-1-arm-absolute.xml]" classname="jmri.util.FileLineEndingsTest" time="0.001"/>
  <testcase name="lineEndings[./xml/signals/WM-1980/appearance-USS-R2-1-arm-low-marker-permissive.xml]" classname="jmri.util.FileLineEndingsTest" time="0.001"/>
  <testcase name="lineEndings[./xml/signals/WM-1980/appearance-WM-Dwarf-absolute.xml]" classname="jmri.util.FileLineEndingsTest" time="0"/>
  <testcase name="lineEndings[./xml/signals/WM-1980/appearance-USS-R2-1-arm-absolute.xml]" classname="jmri.util.FileLineEndingsTest" time="0.001"/>
  <testcase name="lineEndings[./xml/signals/WM-1980/appearance-USS-R2-1-arm-high-marker-absolute.xml]" classname="jmri.util.FileLineEndingsTest" time="0.001"/>
  <testcase name="lineEndings[./xml/signals/WM-1980/appearance-USS-R2-2-arm-absolute.xml]" classname="jmri.util.FileLineEndingsTest" time="0.001"/>
  <testcase name="lineEndings[./xml/signals/WM-1980/appearance-USS-R2-1-arm-permissive.xml]" classname="jmri.util.FileLineEndingsTest" time="0"/>
  <testcase name="lineEndings[./xml/signals/WM-1980/aspects.xml]" classname="jmri.util.FileLineEndingsTest" time="0.001"/>
  <testcase name="lineEndings[./xml/signals/WM-1980/appearance-USS-R2-1-arm-low-marker-absolute.xml]" classname="jmri.util.FileLineEndingsTest" time="0.001"/>
  <testcase name="lineEndings[./xml/signals/InfraBel-2013/appearance-Block.xml]" classname="jmri.util.FileLineEndingsTest" time="0"/>
  <testcase name="lineEndings[./xml/signals/InfraBel-2013/appearance-Dwarf.xml]" classname="jmri.util.FileLineEndingsTest" time="0.001"/>
  <testcase name="lineEndings[./xml/signals/InfraBel-2013/appearance-Home2R.xml]" classname="jmri.util.FileLineEndingsTest" time="0.001"/>
  <testcase name="lineEndings[./xml/signals/InfraBel-2013/appearance-Home2.xml]" classname="jmri.util.FileLineEndingsTest" time="0.001"/>
  <testcase name="lineEndings[./xml/signals/InfraBel-2013/appearance-Home3R.xml]" classname="jmri.util.FileLineEndingsTest" time="0"/>
  <testcase name="lineEndings[./xml/signals/InfraBel-2013/appearance-Home3.xml]" classname="jmri.util.FileLineEndingsTest" time="0.001"/>
  <testcase name="lineEndings[./xml/signals/InfraBel-2013/aspects.xml]" classname="jmri.util.FileLineEndingsTest" time="0.001"/>
  <testcase name="lineEndings[./xml/signals/InfraBel-2013/appearance-BlockR.xml]" classname="jmri.util.FileLineEndingsTest" time="0"/>
  <testcase name="lineEndings[./xml/signals/InfraBel-2013/appearance-Distant.xml]" classname="jmri.util.FileLineEndingsTest" time="0"/>
  <testcase name="lineEndings[./xml/signals/InfraBel-2013/appearance-DistantR.xml]" classname="jmri.util.FileLineEndingsTest" time="0.001"/>
  <testcase name="lineEndings[./xml/signals/InfraBel-2013/appearance-Simple.xml]" classname="jmri.util.FileLineEndingsTest" time="0.001"/>
  <testcase name="lineEndings[./xml/signals/LMS-1932/appearance-Junction.xml]" classname="jmri.util.FileLineEndingsTest" time="0.001"/>
  <testcase name="lineEndings[./xml/signals/LMS-1932/aspects.xml]" classname="jmri.util.FileLineEndingsTest" time="0"/>
  <testcase name="lineEndings[./xml/signals/LMS-1932/appearance-Junction-1959.xml]" classname="jmri.util.FileLineEndingsTest" time="0.001"/>
  <testcase name="lineEndings[./xml/signals/LMS-1932/appearance-Split-Junction.xml]" classname="jmri.util.FileLineEndingsTest" time="0.001"/>
  <testcase name="lineEndings[./xml/signals/LMS-1932/appearance-New.xml]" classname="jmri.util.FileLineEndingsTest" time="0.001"/>
  <testcase name="lineEndings[./xml/signals/LMS-1932/appearance-Stop-1959.xml]" classname="jmri.util.FileLineEndingsTest" time="0"/>
  <testcase name="lineEndings[./xml/signals/LMS-1932/appearance-Stop-1937.xml]" classname="jmri.util.FileLineEndingsTest" time="0.001"/>
  <testcase name="lineEndings[./xml/signals/LMS-1932/appearance-New-1937.xml]" classname="jmri.util.FileLineEndingsTest" time="0.001"/>
  <testcase name="lineEndings[./xml/signals/LMS-1932/appearance-Stop.xml]" classname="jmri.util.FileLineEndingsTest" time="0.001"/>
  <testcase name="lineEndings[./xml/signals/LMS-1932/appearance-Split-Distant-1959.xml]" classname="jmri.util.FileLineEndingsTest" time="0"/>
  <testcase name="lineEndings[./xml/signals/LMS-1932/appearance-Split-Distant.xml]" classname="jmri.util.FileLineEndingsTest" time="0.001"/>
  <testcase name="lineEndings[./xml/signals/LMS-1932/appearance-Repeater-1937.xml]" classname="jmri.util.FileLineEndingsTest" time="0.001"/>
  <testcase name="lineEndings[./xml/signals/LMS-1932/appearance-Split-Junction-1937.xml]" classname="jmri.util.FileLineEndingsTest" time="0.001"/>
  <testcase name="lineEndings[./xml/signals/LMS-1932/appearance-Repeater.xml]" classname="jmri.util.FileLineEndingsTest" time="0"/>
  <testcase name="lineEndings[./xml/signals/SPTCO-1930/appearance-SL-2-head.xml]" classname="jmri.util.FileLineEndingsTest" time="0.001"/>
  <testcase name="lineEndings[./xml/signals/SPTCO-1930/appearance-DW-1-head.xml]" classname="jmri.util.FileLineEndingsTest" time="0.001"/>
  <testcase name="lineEndings[./xml/signals/SPTCO-1930/appearance-SL-1-head.xml]" classname="jmri.util.FileLineEndingsTest" time="0.001"/>
  <testcase name="lineEndings[./xml/signals/SPTCO-1930/aspects.xml]" classname="jmri.util.FileLineEndingsTest" time="0"/>
  <testcase name="lineEndings[./xml/signals/SPTCO-1930/appearance-SL-3-head.xml]" classname="jmri.util.FileLineEndingsTest" time="0.001"/>
  <testcase name="lineEndings[./xml/signals/SPTCO-1930/appearance-DW-2-head.xml]" classname="jmri.util.FileLineEndingsTest" time="0.001"/>
  <testcase name="lineEndings[./xml/signals/SZDC-2015-zakladni/aspects.xml]" classname="jmri.util.FileLineEndingsTest" time="0.001"/>
  <testcase name="lineEndings[./xml/signals/SZDC-2015-zakladni/appearance-block_distant.xml]" classname="jmri.util.FileLineEndingsTest" time="0"/>
  <testcase name="lineEndings[./xml/signals/SZDC-2015-zakladni/appearance-shunting.xml]" classname="jmri.util.FileLineEndingsTest" time="0.001"/>
  <testcase name="lineEndings[./xml/signals/SZDC-2015-zakladni/appearance-abs.xml]" classname="jmri.util.FileLineEndingsTest" time="0.001"/>
  <testcase name="lineEndings[./xml/signals/SZDC-2015-zakladni/appearance-entry_distant.xml]" classname="jmri.util.FileLineEndingsTest" time="0"/>
  <testcase name="lineEndings[./xml/signals/SZDC-2015-zakladni/appearance-entry.xml]" classname="jmri.util.FileLineEndingsTest" time="0"/>
  <testcase name="lineEndings[./xml/signals/SZDC-2015-zakladni/appearance-intermediate.xml]" classname="jmri.util.FileLineEndingsTest" time="0.001"/>
  <testcase name="lineEndings[./xml/signals/SZDC-2015-zakladni/appearance-exit.xml]" classname="jmri.util.FileLineEndingsTest" time="0.001"/>
  <testcase name="lineEndings[./xml/signals/SZDC-2015-zakladni/appearance-block.xml]" classname="jmri.util.FileLineEndingsTest" time="0"/>
  <testcase name="lineEndings[./xml/signals/SZDC-2015-zakladni/appearance-entry_distant_repeater.xml]" classname="jmri.util.FileLineEndingsTest" time="0.001"/>
  <testcase name="lineEndings[./xml/signals/B&amp;O-Semaphore/appearance-dwarf.xml]" classname="jmri.util.FileLineEndingsTest" time="0.001"/>
  <testcase name="lineEndings[./xml/signals/B&amp;O-Semaphore/appearance-single.xml]" classname="jmri.util.FileLineEndingsTest" time="0.001"/>
  <testcase name="lineEndings[./xml/signals/B&amp;O-Semaphore/appearance-bumper.xml]" classname="jmri.util.FileLineEndingsTest" time="0"/>
  <testcase name="lineEndings[./xml/signals/B&amp;O-Semaphore/appearance-double.xml]" classname="jmri.util.FileLineEndingsTest" time="0.001"/>
  <testcase name="lineEndings[./xml/signals/B&amp;O-Semaphore/appearance-triple.xml]" classname="jmri.util.FileLineEndingsTest" time="0.001"/>
  <testcase name="lineEndings[./xml/signals/B&amp;O-Semaphore/aspects.xml]" classname="jmri.util.FileLineEndingsTest" time="0"/>
  <testcase name="lineEndings[./xml/signals/sample-appearance.xml]" classname="jmri.util.FileLineEndingsTest" time="0.001"/>
  <testcase name="lineEndings[./xml/signals/SLSF-1973/appearance-SL-3.xml]" classname="jmri.util.FileLineEndingsTest" time="0.001"/>
  <testcase name="lineEndings[./xml/signals/SLSF-1973/appearance-SL-2-pbs.xml]" classname="jmri.util.FileLineEndingsTest" time="0.001"/>
  <testcase name="lineEndings[./xml/signals/SLSF-1973/appearance-SL-1-grade.xml]" classname="jmri.util.FileLineEndingsTest" time="0"/>
  <testcase name="lineEndings[./xml/signals/SLSF-1973/appearance-SL-1-pbs.xml]" classname="jmri.util.FileLineEndingsTest" time="0.001"/>
  <testcase name="lineEndings[./xml/signals/SLSF-1973/appearance-SL-3-triangle.xml]" classname="jmri.util.FileLineEndingsTest" time="0.001"/>
  <testcase name="lineEndings[./xml/signals/SLSF-1973/appearance-SL-2-grade.xml]" classname="jmri.util.FileLineEndingsTest" time="0"/>
  <testcase name="lineEndings[./xml/signals/SLSF-1973/aspects.xml]" classname="jmri.util.FileLineEndingsTest" time="0.001"/>
  <testcase name="lineEndings[./xml/signals/SLSF-1973/appearance-SL-2-triangle.xml]" classname="jmri.util.FileLineEndingsTest" time="0.001"/>
  <testcase name="lineEndings[./xml/signals/SLSF-1973/appearance-SL-1-abs.xml]" classname="jmri.util.FileLineEndingsTest" time="0"/>
  <testcase name="lineEndings[./xml/signals/SLSF-1973/appearance-SL-2-abs.xml]" classname="jmri.util.FileLineEndingsTest" time="0.001"/>
  <testcase name="lineEndings[./xml/signals/Amtrak-2010/appearance-Double.xml]" classname="jmri.util.FileLineEndingsTest" time="0.001"/>
  <testcase name="lineEndings[./xml/signals/Amtrak-2010/aspects.xml]" classname="jmri.util.FileLineEndingsTest" time="0.001"/>
  <testcase name="lineEndings[./xml/signals/Amtrak-2010/appearance-Permissive.xml]" classname="jmri.util.FileLineEndingsTest" time="0"/>
  <testcase name="lineEndings[./xml/signals/Amtrak-2010/appearance-Single.xml]" classname="jmri.util.FileLineEndingsTest" time="0.001"/>
  <testcase name="lineEndings[./xml/signals/sample-aspects.xml]" classname="jmri.util.FileLineEndingsTest" time="0.001"/>
  <testcase name="lineEndings[./xml/signals/signalSpeeds.xml]" classname="jmri.util.FileLineEndingsTest" time="0.001"/>
  <testcase name="lineEndings[./xml/signals/CSD-1962-cestova/appearance-intermediate.xml]" classname="jmri.util.FileLineEndingsTest" time="0"/>
  <testcase name="lineEndings[./xml/signals/CSD-1962-cestova/aspects.xml]" classname="jmri.util.FileLineEndingsTest" time="0.001"/>
  <testcase name="lineEndings[./xml/config/apps/decoderpro/GlobalProgButtons.xml]" classname="jmri.util.FileLineEndingsTest" time="0.001"/>
  <testcase name="lineEndings[./xml/config/apps/decoderpro/Gui3LeftTree.xml]" classname="jmri.util.FileLineEndingsTest" time="0.001"/>
  <testcase name="lineEndings[./xml/config/apps/decoderpro/ProgrammerFormat.xml]" classname="jmri.util.FileLineEndingsTest" time="0"/>
  <testcase name="lineEndings[./xml/config/apps/decoderpro/ProgramingButtons.xml]" classname="jmri.util.FileLineEndingsTest" time="0.001"/>
  <testcase name="lineEndings[./xml/config/apps/demo/Gui3Menus.xml]" classname="jmri.util.FileLineEndingsTest" time="0.001"/>
  <testcase name="lineEndings[./xml/config/apps/demo/Gui3MainToolBar.xml]" classname="jmri.util.FileLineEndingsTest" time="0"/>
  <testcase name="lineEndings[./xml/config/apps/demo/Gui3LeftTree.xml]" classname="jmri.util.FileLineEndingsTest" time="0"/>
  <testcase name="lineEndings[./xml/config/apps/panelpro/Gui3MainToolBar.xml]" classname="jmri.util.FileLineEndingsTest" time="0.001"/>
  <testcase name="lineEndings[./xml/config/apps/panelpro/Gui3Menus.xml]" classname="jmri.util.FileLineEndingsTest" time="0.001"/>
  <testcase name="lineEndings[./xml/config/apps/panelpro/Gui3LeftTree.xml]" classname="jmri.util.FileLineEndingsTest" time="0"/>
  <testcase name="lineEndings[./xml/config/parts/jmri/jmrix/loconet/ToolsTree.xml]" classname="jmri.util.FileLineEndingsTest" time="0.001"/>
  <testcase name="lineEndings[./xml/config/parts/jmri/jmrit/roster/swing/RosterFrameMenu.xml]" classname="jmri.util.FileLineEndingsTest" time="0.001"/>
  <testcase name="lineEndings[./xml/config/parts/jmri/jmrit/roster/swing/RosterFrameToolBar.xml]" classname="jmri.util.FileLineEndingsTest" time="0.001"/>
  <testcase name="lineEndings[./xml/config/parts/WindowsMenu.xml]" classname="jmri.util.FileLineEndingsTest" time="0.001"/>
  <testcase name="lineEndings[./xml/config/parts/HelpMenu.xml]" classname="jmri.util.FileLineEndingsTest" time="0"/>
  <testcase name="lineEndings[./xml/XSLT/interestingCVs.xml]" classname="jmri.util.FileLineEndingsTest" time="0.001"/>
  <testcase name="lineEndings[./xml/XSLT/build.xml]" classname="jmri.util.FileLineEndingsTest" time="0.001"/>
  <testcase name="lineEndings[./xml/XSLT/testPane.xml]" classname="jmri.util.FileLineEndingsTest" time="0"/>
  <testcase name="lineEndings[./xml/XSLT/reservedCVs.xml]" classname="jmri.util.FileLineEndingsTest" time="0.001"/>
  <testcase name="lineEndings[./xml/XSLT/testDecoder.xml]" classname="jmri.util.FileLineEndingsTest" time="0.001"/>
  <testcase name="lineEndings[./xml/programmers/dp3/ThrottleLabels.xml]" classname="jmri.util.FileLineEndingsTest" time="0.001"/>
  <testcase name="lineEndings[./xml/programmers/dp3/MediaPane.xml]" classname="jmri.util.FileLineEndingsTest" time="0"/>
  <testcase name="lineEndings[./xml/programmers/Basic.xml]" classname="jmri.util.FileLineEndingsTest" time="0.001"/>
  <testcase name="lineEndings[./xml/programmers/Tutorial.xml]" classname="jmri.util.FileLineEndingsTest" time="0.001"/>
  <testcase name="lineEndings[./xml/programmers/parts/SpeedTablePane.xml]" classname="jmri.util.FileLineEndingsTest" time="0"/>
  <testcase name="lineEndings[./xml/programmers/parts/BasicPane.xml]" classname="jmri.util.FileLineEndingsTest" time="0.001"/>
  <testcase name="lineEndings[./xml/programmers/parts/FunctionMapPane.xml]" classname="jmri.util.FileLineEndingsTest" time="0.001"/>
  <testcase name="lineEndings[./xml/programmers/parts/AdvancedPane.xml]" classname="jmri.util.FileLineEndingsTest" time="0.001"/>
  <testcase name="lineEndings[./xml/programmers/parts/MotorPane.xml]" classname="jmri.util.FileLineEndingsTest" time="0"/>
  <testcase name="lineEndings[./xml/programmers/parts/LightsPane.xml]" classname="jmri.util.FileLineEndingsTest" time="0.001"/>
  <testcase name="lineEndings[./xml/programmers/parts/BasicSpeedControlPane.xml]" classname="jmri.util.FileLineEndingsTest" time="0.001"/>
  <testcase name="lineEndings[./xml/programmers/parts/CVsPane.xml]" classname="jmri.util.FileLineEndingsTest" time="0.001"/>
  <testcase name="lineEndings[./xml/programmers/parts/AnalogControlsPane.xml]" classname="jmri.util.FileLineEndingsTest" time="0.001"/>
  <testcase name="lineEndings[./xml/programmers/parts/SoundLevelsPane.xml]" classname="jmri.util.FileLineEndingsTest" time="0.001"/>
  <testcase name="lineEndings[./xml/programmers/parts/SoundPane.xml]" classname="jmri.util.FileLineEndingsTest" time="0"/>
  <testcase name="lineEndings[./xml/programmers/parts/ConsistPane.xml]" classname="jmri.util.FileLineEndingsTest" time="0.002"/>
  <testcase name="lineEndings[./xml/programmers/Custom.xml]" classname="jmri.util.FileLineEndingsTest" time="0"/>
  <testcase name="lineEndings[./xml/programmers/Zimo.xml]" classname="jmri.util.FileLineEndingsTest" time="0.001"/>
  <testcase name="lineEndings[./xml/programmers/ESU.xml]" classname="jmri.util.FileLineEndingsTest" time="0.001"/>
  <testcase name="lineEndings[./xml/programmers/Registers.xml]" classname="jmri.util.FileLineEndingsTest" time="0.001"/>
  <testcase name="lineEndings[./xml/programmers/Advanced.xml]" classname="jmri.util.FileLineEndingsTest" time="0"/>
  <testcase name="lineEndings[./xml/programmers/Sample Club.xml]" classname="jmri.util.FileLineEndingsTest" time="0.001"/>
  <testcase name="lineEndings[./xml/programmers/Comprehensive.xml]" classname="jmri.util.FileLineEndingsTest" time="0.001"/>
  <testcase name="lineEndings[./xml/programmers/TrainShowBasic.xml]" classname="jmri.util.FileLineEndingsTest" time="0.001"/>
  <testcase name="lineEndings[./xml/defaultPanelIcons.xml]" classname="jmri.util.FileLineEndingsTest" time="0"/>
  <testcase name="lineEndings[./xml/samples/CrossoverExample.xml]" classname="jmri.util.FileLineEndingsTest" time="0.001"/>
  <testcase name="lineEndings[./xml/samples/javaone/MainPanel.xml]" classname="jmri.util.FileLineEndingsTest" time="0.001"/>
  <testcase name="lineEndings[./xml/samples/javaone/MonitorPanel.xml]" classname="jmri.util.FileLineEndingsTest" time="0.001"/>
  <testcase name="lineEndings[./xml/samples/javaone/Throttles.xml]" classname="jmri.util.FileLineEndingsTest" time="0"/>
  <testcase name="lineEndings[./xml/samples/javaone/Configuration.xml]" classname="jmri.util.FileLineEndingsTest" time="0.001"/>
  <testcase name="lineEndings[./xml/samples/ReporterIconExample.xml]" classname="jmri.util.FileLineEndingsTest" time="0.001"/>
  <testcase name="lineEndings[./xml/samples/Warrant.xml]" classname="jmri.util.FileLineEndingsTest" time="0.002"/>
  <testcase name="lineEndings[./xml/samples/LogixStateMachine.xml]" classname="jmri.util.FileLineEndingsTest" time="0"/>
  <testcase name="lineEndings[./xml/samples/RouteExample.xml]" classname="jmri.util.FileLineEndingsTest" time="0.001"/>
  <testcase name="lineEndings[./xml/samples/TwoColumnMachine.xml]" classname="jmri.util.FileLineEndingsTest" time="0.001"/>
  <testcase name="lineEndings[./xml/samples/MemoryIconExample.xml]" classname="jmri.util.FileLineEndingsTest" time="0.001"/>
  <testcase name="lineEndings[./xml/layout/CornwallMain.xml]" classname="jmri.util.FileLineEndingsTest" time="0.001"/>
  <testcase name="lineEndings[./xml/layout/SE8cSignalExample.xml]" classname="jmri.util.FileLineEndingsTest" time="0.001"/>
  <testcase name="lineEndings[./xml/layout/CornwallDefinitions.xml]" classname="jmri.util.FileLineEndingsTest" time="0"/>
  <testcase name="lineEndings[./xml/demoOperations/OperationsEngineRoster.xml]" classname="jmri.util.FileLineEndingsTest" time="0.001"/>
  <testcase name="lineEndings[./xml/demoOperations/Operations.xml]" classname="jmri.util.FileLineEndingsTest" time="0.001"/>
  <testcase name="lineEndings[./xml/demoOperations/OperationsTrainRoster.xml]" classname="jmri.util.FileLineEndingsTest" time="0"/>
  <testcase name="lineEndings[./xml/demoOperations/OperationsLocationRoster.xml]" classname="jmri.util.FileLineEndingsTest" time="0.001"/>
  <testcase name="lineEndings[./xml/demoOperations/OperationsRouteRoster.xml]" classname="jmri.util.FileLineEndingsTest" time="0.001"/>
  <testcase name="lineEndings[./xml/demoOperations/Operations Demo Panel.xml]" classname="jmri.util.FileLineEndingsTest" time="0.001"/>
  <testcase name="lineEndings[./xml/demoOperations/OperationsCarRoster.xml]" classname="jmri.util.FileLineEndingsTest" time="0.001"/>
  <testcase name="lineEndings[./xml/catalog.xml]" classname="jmri.util.FileLineEndingsTest" time="0"/>
  <testcase name="lineEndings[./xml/jinputDevices/ReDACIOModule.xml]" classname="jmri.util.FileLineEndingsTest" time="0.001"/>
  <testcase name="lineEndings[./xml/jinputDevices/RailDriverModernDesktop.xml]" classname="jmri.util.FileLineEndingsTest" time="0.001"/>
  <testcase name="lineEndings[./xml/names.xml]" classname="jmri.util.FileLineEndingsTest" time="0.001"/>
  <testcase name="lineEndings[./xml/decoderIndex.xml]" classname="jmri.util.FileLineEndingsTest" time="0.011"/>
  <testcase name="lineEndings[./xml/mfginfo/NMRA.xml]" classname="jmri.util.FileLineEndingsTest" time="0.001"/>
  <testcase name="lineEndings[./xml/digitrax-cs-config.xml]" classname="jmri.util.FileLineEndingsTest" time="0.001"/>
  <testcase name="lineEndings[./help/en/html/tools/signaling/interlock/Interlock Demo 2.xml]" classname="jmri.util.FileLineEndingsTest" time="0.001"/>
  <testcase name="lineEndings[./help/en/html/tools/signaling/interlock/Interlock Demo 1.xml]" classname="jmri.util.FileLineEndingsTest" time="0.001"/>
  <testcase name="lineEndings[./help/en/build.xml]" classname="jmri.util.FileLineEndingsTest" time="0"/>
  <testcase name="lineEndings[./help/en/JmriHelp_enIndex.xml]" classname="jmri.util.FileLineEndingsTest" time="0.001"/>
  <testcase name="lineEndings[./help/en/JmriHelp_enTOC.xml]" classname="jmri.util.FileLineEndingsTest" time="0.001"/>
  <testcase name="lineEndings[./help/en/JHelpDev.xml]" classname="jmri.util.FileLineEndingsTest" time="0.001"/>
  <testcase name="lineEndings[./help/fr/html/tools/signaling/interlock/Interlock Demo 2.xml]" classname="jmri.util.FileLineEndingsTest" time="0"/>
  <testcase name="lineEndings[./help/fr/html/tools/signaling/interlock/Interlock Demo 1.xml]" classname="jmri.util.FileLineEndingsTest" time="0.001"/>
  <testcase name="lineEndings[./help/fr/JHelpDev.xml]" classname="jmri.util.FileLineEndingsTest" time="0.001"/>
  <testcase name="lineEndings[./help/fr/JmriHelp_frTOC.xml]" classname="jmri.util.FileLineEndingsTest" time="0.001"/>
  <testcase name="lineEndings[./help/fr/JmriHelp_frIndex.xml]" classname="jmri.util.FileLineEndingsTest" time="0.001"/>
  <testcase name="lineEndings[./help/fr/build.xml]" classname="jmri.util.FileLineEndingsTest" time="0"/>
  <testcase name="lineEndings[./lib/org/eclipse/paho/mqtt-client/maven-metadata.xml]" classname="jmri.util.FileLineEndingsTest" time="0.001"/>
  <testcase name="lineEndings[./lib/com/apple/AppleJavaExtensions/maven-metadata.xml]" classname="jmri.util.FileLineEndingsTest" time="0.001"/>
  <testcase name="lineEndings[./lib/net/bobis/jinput/hidraw/jhidrawplugin/maven-metadata.xml]" classname="jmri.util.FileLineEndingsTest" time="0"/>
  <testcase name="lineEndings[./.idea/codeStyleSettings.xml]" classname="jmri.util.FileLineEndingsTest" time="0.001"/>
  <testcase name="lineEndings[./.idea/copyright/profiles_settings.xml]" classname="jmri.util.FileLineEndingsTest" time="0.001"/>
  <testcase name="lineEndings[./.idea/encodings.xml]" classname="jmri.util.FileLineEndingsTest" time="0"/>
  <testcase name="lineEndings[./.idea/modules.xml]" classname="jmri.util.FileLineEndingsTest" time="0.001"/>
  <testcase name="lineEndings[./.idea/ant.xml]" classname="jmri.util.FileLineEndingsTest" time="0.001"/>
  <testcase name="lineEndings[./.idea/misc.xml]" classname="jmri.util.FileLineEndingsTest" time="0"/>
  <testcase name="lineEndings[./.idea/compiler.xml]" classname="jmri.util.FileLineEndingsTest" time="0.001"/>
  <testcase name="lineEndings[./.idea/codeStyles/codeStyleConfig.xml]" classname="jmri.util.FileLineEndingsTest" time="0.001"/>
  <testcase name="lineEndings[./.idea/libraries/lib.xml]" classname="jmri.util.FileLineEndingsTest" time="0"/>
  <testcase name="lineEndings[./.idea/vcs.xml]" classname="jmri.util.FileLineEndingsTest" time="0.001"/>
  <testcase name="lineEndings[./.idea/uiDesigner.xml]" classname="jmri.util.FileLineEndingsTest" time="0.001"/>
  <testcase name="lineEndings[./scripts/config-portable/nbproject/project.xml]" classname="jmri.util.FileLineEndingsTest" time="0.001"/>
  <testcase name="lineEndings[./scripts/config-portable/build.xml]" classname="jmri.util.FileLineEndingsTest" time="0"/>
  <testcase name="lineEndings[./nbproject/project.xml]" classname="jmri.util.FileLineEndingsTest" time="0.001"/>
  <testcase name="lineEndings[./nbproject/private/profiler/presets.xml]" classname="jmri.util.FileLineEndingsTest" time="0.001"/>
  <testcase name="lineEndings[./nbproject/ide-file-targets.xml]" classname="jmri.util.FileLineEndingsTest" time="0"/>
  <testcase name="lineEndings[./nbproject/ide-targets.xml]" classname="jmri.util.FileLineEndingsTest" time="0.001"/>
  <testcase name="lineEndings[./build.xml]" classname="jmri.util.FileLineEndingsTest" time="0.001"/>
  <testcase name="lineEndings[./pom.xml]" classname="jmri.util.FileLineEndingsTest" time="0.001"/>
  <testcase name="lineEndings[./.spotbugs.xml]" classname="jmri.util.FileLineEndingsTest" time="0"/>
  <testcase name="lineEndings[./.m2/org/jmri/jmri/4.11.6-SNAPSHOT/maven-metadata-local.xml]" classname="jmri.util.FileLineEndingsTest" time="0.001"/>
  <testcase name="lineEndings[./.m2/org/jmri/jmri/maven-metadata-local.xml]" classname="jmri.util.FileLineEndingsTest" time="0.001"/>
  <testcase name="lineEndings[./temp/profiles.xml]" classname="jmri.util.FileLineEndingsTest" time="0.001"/>
  <testcase name="lineEndings[./temp/nodeIdentity.xml]" classname="jmri.util.FileLineEndingsTest" time="0"/>
  <testcase name="lineEndings[./temp/profile/jmri-enLG8bG4bhNiaaaJkReqad-00000000/user-interface.xml]" classname="jmri.util.FileLineEndingsTest" time="0.001"/>
  <testcase name="lineEndings[./temp/PositionFileTest.xml]" classname="jmri.util.FileLineEndingsTest" time="0.001"/>
  <testcase name="lineEndings[./temp/roster/consist/consist.xml]" classname="jmri.util.FileLineEndingsTest" time="0"/>
  <testcase name="lineEndings[./temp/temp/CsvImporter.test.xml]" classname="jmri.util.FileLineEndingsTest" time="0.001"/>
  <testcase name="lineEndings[./temp/temp/Pr1Importer.test.xml]" classname="jmri.util.FileLineEndingsTest" time="0.001"/>
  <testcase name="lineEndings[./temp/temp/OneOfEach.3.3.3.xml]" classname="jmri.util.FileLineEndingsTest" time="0"/>
  <testcase name="lineEndings[./temp/temp/OneOfEach.xml]" classname="jmri.util.FileLineEndingsTest" time="0.001"/>
  <testcase name="lineEndings[./temp/temp/OneOfEach-4.7.4.xml]" classname="jmri.util.FileLineEndingsTest" time="0.001"/>
  <testcase name="lineEndings[./temp/temp/ScaledIconTest.xml]" classname="jmri.util.FileLineEndingsTest" time="0"/>
  <testcase name="lineEndings[./temp/temp/OldScaledIconTest.xml]" classname="jmri.util.FileLineEndingsTest" time="0.001"/>
  <testcase name="lineEndings[./temp/temp/ScaledIconTest-4.7.4.xml]" classname="jmri.util.FileLineEndingsTest" time="0.001"/>
  <testcase name="lineEndings[./temp/prefs/test.xml]" classname="jmri.util.FileLineEndingsTest" time="0"/>
  <testcase name="lineEndings[./xml/schema/types/signalgroups-2-9-6.xsd]" classname="jmri.util.FileLineEndingsTest" time="0.001"/>
  <testcase name="lineEndings[./xml/schema/types/turnouts-2-9-6.xsd]" classname="jmri.util.FileLineEndingsTest" time="0.001"/>
  <testcase name="lineEndings[./xml/schema/types/signalmasts-2-9-6.xsd]" classname="jmri.util.FileLineEndingsTest" time="0.001"/>
  <testcase name="lineEndings[./xml/schema/types/blocks-2-9-6.xsd]" classname="jmri.util.FileLineEndingsTest" time="0"/>
  <testcase name="lineEndings[./xml/schema/types/sensors-2-9-6.xsd]" classname="jmri.util.FileLineEndingsTest" time="0.001"/>
  <testcase name="lineEndings[./xml/schema/types/sections-2-9-6.xsd]" classname="jmri.util.FileLineEndingsTest" time="0.001"/>
  <testcase name="lineEndings[./xml/schema/types/transits.xsd]" classname="jmri.util.FileLineEndingsTest" time="0"/>
  <testcase name="lineEndings[./xml/schema/types/lights.xsd]" classname="jmri.util.FileLineEndingsTest" time="0.001"/>
  <testcase name="lineEndings[./xml/schema/types/userpreferences.xsd]" classname="jmri.util.FileLineEndingsTest" time="0.001"/>
  <testcase name="lineEndings[./xml/schema/types/transits-2-9-6.xsd]" classname="jmri.util.FileLineEndingsTest" time="0"/>
  <testcase name="lineEndings[./xml/schema/types/editors.xsd]" classname="jmri.util.FileLineEndingsTest" time="0.001"/>
  <testcase name="lineEndings[./xml/schema/types/layoutblocks-2-9-6.xsd]" classname="jmri.util.FileLineEndingsTest" time="0.001"/>
  <testcase name="lineEndings[./xml/schema/types/turnouts.xsd]" classname="jmri.util.FileLineEndingsTest" time="0.001"/>
  <testcase name="lineEndings[./xml/schema/types/layouteditor.xsd]" classname="jmri.util.FileLineEndingsTest" time="0.001"/>
  <testcase name="lineEndings[./xml/schema/types/reporters.xsd]" classname="jmri.util.FileLineEndingsTest" time="0"/>
  <testcase name="lineEndings[./xml/schema/types/audio.xsd]" classname="jmri.util.FileLineEndingsTest" time="0.001"/>
  <testcase name="lineEndings[./xml/schema/types/switchboardeditor.xsd]" classname="jmri.util.FileLineEndingsTest" time="0.001"/>
  <testcase name="lineEndings[./xml/schema/types/blocks.xsd]" classname="jmri.util.FileLineEndingsTest" time="0"/>
  <testcase name="lineEndings[./xml/schema/types/entryexitpair.xsd]" classname="jmri.util.FileLineEndingsTest" time="0.001"/>
  <testcase name="lineEndings[./xml/schema/types/general.xsd]" classname="jmri.util.FileLineEndingsTest" time="0.001"/>
  <testcase name="lineEndings[./xml/schema/types/audio-2-9-6.xsd]" classname="jmri.util.FileLineEndingsTest" time="0"/>
  <testcase name="lineEndings[./xml/schema/types/signalmastlogics.xsd]" classname="jmri.util.FileLineEndingsTest" time="0.001"/>
  <testcase name="lineEndings[./xml/schema/types/sections.xsd]" classname="jmri.util.FileLineEndingsTest" time="0.001"/>
  <testcase name="lineEndings[./xml/schema/types/filehistory.xsd]" classname="jmri.util.FileLineEndingsTest" time="0.001"/>
  <testcase name="lineEndings[./xml/schema/types/paneleditor.xsd]" classname="jmri.util.FileLineEndingsTest" time="0"/>
  <testcase name="lineEndings[./xml/schema/types/signalheads.xsd]" classname="jmri.util.FileLineEndingsTest" time="0.001"/>
  <testcase name="lineEndings[./xml/schema/types/logix.xsd]" classname="jmri.util.FileLineEndingsTest" time="0.001"/>
  <testcase name="lineEndings[./xml/schema/types/warrants-2-9-6.xsd]" classname="jmri.util.FileLineEndingsTest" time="0"/>
  <testcase name="lineEndings[./xml/schema/types/memories.xsd]" classname="jmri.util.FileLineEndingsTest" time="0.001"/>
  <testcase name="lineEndings[./xml/schema/types/layoutblocks.xsd]" classname="jmri.util.FileLineEndingsTest" time="0.001"/>
  <testcase name="lineEndings[./xml/schema/types/reporters-2-9-6.xsd]" classname="jmri.util.FileLineEndingsTest" time="0"/>
  <testcase name="lineEndings[./xml/schema/types/signalheads-2-9-6.xsd]" classname="jmri.util.FileLineEndingsTest" time="0.001"/>
  <testcase name="lineEndings[./xml/schema/types/signalgroups.xsd]" classname="jmri.util.FileLineEndingsTest" time="0.001"/>
  <testcase name="lineEndings[./xml/schema/types/routes.xsd]" classname="jmri.util.FileLineEndingsTest" time="0"/>
  <testcase name="lineEndings[./xml/schema/types/signalmasts.xsd]" classname="jmri.util.FileLineEndingsTest" time="0.001"/>
  <testcase name="lineEndings[./xml/schema/types/lights-2-9-6.xsd]" classname="jmri.util.FileLineEndingsTest" time="0.001"/>
  <testcase name="lineEndings[./xml/schema/types/sensors.xsd]" classname="jmri.util.FileLineEndingsTest" time="0.001"/>
  <testcase name="lineEndings[./xml/schema/types/routes-2-9-6.xsd]" classname="jmri.util.FileLineEndingsTest" time="0"/>
  <testcase name="lineEndings[./xml/schema/types/panetype.xsd]" classname="jmri.util.FileLineEndingsTest" time="0.001"/>
  <testcase name="lineEndings[./xml/schema/types/timebase.xsd]" classname="jmri.util.FileLineEndingsTest" time="0.001"/>
  <testcase name="lineEndings[./xml/schema/types/signalelements.xsd]" classname="jmri.util.FileLineEndingsTest" time="0"/>
  <testcase name="lineEndings[./xml/schema/types/logix-2-9-6.xsd]" classname="jmri.util.FileLineEndingsTest" time="0.001"/>
  <testcase name="lineEndings[./xml/schema/types/oblocks.xsd]" classname="jmri.util.FileLineEndingsTest" time="0.001"/>
  <testcase name="lineEndings[./xml/schema/types/memories-2-9-6.xsd]" classname="jmri.util.FileLineEndingsTest" time="0"/>
  <testcase name="lineEndings[./xml/schema/types/warrants.xsd]" classname="jmri.util.FileLineEndingsTest" time="0.001"/>
  <testcase name="lineEndings[./xml/schema/types/oblocks-2-9-6.xsd]" classname="jmri.util.FileLineEndingsTest" time="0.001"/>
  <testcase name="lineEndings[./xml/schema/types/connection.xsd]" classname="jmri.util.FileLineEndingsTest" time="0.001"/>
  <testcase name="lineEndings[./xml/schema/auxiliary-configuration/startup-2-9-6.xsd]" classname="jmri.util.FileLineEndingsTest" time="0"/>
  <testcase name="lineEndings[./xml/schema/auxiliary-configuration/perform-2-9-6.xsd]" classname="jmri.util.FileLineEndingsTest" time="0.001"/>
  <testcase name="lineEndings[./xml/schema/auxiliary-configuration/class-preferences-4-3-5.xsd]" classname="jmri.util.FileLineEndingsTest" time="0.001"/>
  <testcase name="lineEndings[./xml/schema/auxiliary-configuration/connections-2-9-6.xsd]" classname="jmri.util.FileLineEndingsTest" time="0"/>
  <testcase name="lineEndings[./xml/schema/auxiliary-configuration/window-details-4-3-5.xsd]" classname="jmri.util.FileLineEndingsTest" time="0.001"/>
  <testcase name="lineEndings[./xml/schema/auxiliary-configuration/table-details-4-3-5.xsd]" classname="jmri.util.FileLineEndingsTest" time="0.001"/>
  <testcase name="lineEndings[./xml/schema/auxiliary-configuration/combobox-4-3-5.xsd]" classname="jmri.util.FileLineEndingsTest" time="0"/>
  <testcase name="lineEndings[./xml/schema/auxiliary-configuration/settings-4-3-5.xsd]" classname="jmri.util.FileLineEndingsTest" time="0.001"/>
  <testcase name="lineEndings[./xml/schema/auxiliary-configuration/startup-4-3-5.xsd]" classname="jmri.util.FileLineEndingsTest" time="0.001"/>
  <testcase name="lineEndings[./xml/schema/auxiliary-configuration/perform-4-3-5.xsd]" classname="jmri.util.FileLineEndingsTest" time="0.001"/>
  <testcase name="lineEndings[./xml/schema/speedometer-3-9-3.xsd]" classname="jmri.util.FileLineEndingsTest" time="0"/>
  <testcase name="lineEndings[./xml/schema/docbook/docbook.xsd]" classname="jmri.util.FileLineEndingsTest" time="0.003"/>
  <testcase name="lineEndings[./xml/schema/docbook/xlink.xsd]" classname="jmri.util.FileLineEndingsTest" time="0.001"/>
  <testcase name="lineEndings[./xml/schema/docbook/xml.xsd]" classname="jmri.util.FileLineEndingsTest" time="0"/>
  <testcase name="lineEndings[./xml/schema/node-identity-config.xsd]" classname="jmri.util.FileLineEndingsTest" time="0.001"/>
  <testcase name="lineEndings[./xml/schema/vsdecoder/vsdecoder-config.xsd]" classname="jmri.util.FileLineEndingsTest" time="0.001"/>
  <testcase name="lineEndings[./xml/schema/vsdecoder/vsdecoder-prefs.xsd]" classname="jmri.util.FileLineEndingsTest" time="0.001"/>
  <testcase name="lineEndings[./xml/schema/panelfile.xsd]" classname="jmri.util.FileLineEndingsTest" time="0"/>
  <testcase name="lineEndings[./xml/schema/auxiliary-configuration.xsd]" classname="jmri.util.FileLineEndingsTest" time="0.001"/>
  <testcase name="lineEndings[./xml/schema/layout-2-9-6.xsd]" classname="jmri.util.FileLineEndingsTest" time="0.001"/>
  <testcase name="lineEndings[./xml/schema/guinode.xsd]" classname="jmri.util.FileLineEndingsTest" time="0"/>
  <testcase name="lineEndings[./xml/schema/locomotive-config.xsd]" classname="jmri.util.FileLineEndingsTest" time="0.001"/>
  <testcase name="lineEndings[./xml/schema/aspecttable.xsd]" classname="jmri.util.FileLineEndingsTest" time="0.001"/>
  <testcase name="lineEndings[./xml/schema/roster.xsd]" classname="jmri.util.FileLineEndingsTest" time="0"/>
  <testcase name="lineEndings[./xml/schema/xmlio.xsd]" classname="jmri.util.FileLineEndingsTest" time="0.001"/>
  <testcase name="lineEndings[./xml/schema/xinclude.xsd]" classname="jmri.util.FileLineEndingsTest" time="0.001"/>
  <testcase name="lineEndings[./xml/schema/appearancetable.xsd]" classname="jmri.util.FileLineEndingsTest" time="0.001"/>
  <testcase name="lineEndings[./xml/schema/decoder.xsd]" classname="jmri.util.FileLineEndingsTest" time="0"/>
  <testcase name="lineEndings[./xml/schema/mfginfo.xsd]" classname="jmri.util.FileLineEndingsTest" time="0.001"/>
  <testcase name="lineEndings[./xml/schema/idtags.xsd]" classname="jmri.util.FileLineEndingsTest" time="0.001"/>
  <testcase name="lineEndings[./xml/schema/programmer.xsd]" classname="jmri.util.FileLineEndingsTest" time="0"/>
  <testcase name="lineEndings[./xml/schema/speedometer.xsd]" classname="jmri.util.FileLineEndingsTest" time="0.001"/>
  <testcase name="lineEndings[./xml/schema/profile.xsd]" classname="jmri.util.FileLineEndingsTest" time="0.001"/>
  <testcase name="lineEndings[./xml/schema/JMRIschema.xsd]" classname="jmri.util.FileLineEndingsTest" time="0.001"/>
  <testcase name="lineEndings[./xml/schema/speedtable.xsd]" classname="jmri.util.FileLineEndingsTest" time="0"/>
  <testcase name="lineEndings[./xml/schema/layout.xsd]" classname="jmri.util.FileLineEndingsTest" time="0.001"/>
  <testcase name="lineEndings[./java/test/jmri/jmrit/XmlFileTest_PI.xsl]" classname="jmri.util.FileLineEndingsTest" time="0.001"/>
  <testcase name="lineEndings[./xml/decoders/MGP_Servo5.xsl]" classname="jmri.util.FileLineEndingsTest" time="0"/>
  <testcase name="lineEndings[./xml/decoders/MGP_Signal10.xsl]" classname="jmri.util.FileLineEndingsTest" time="0.001"/>
  <testcase name="lineEndings[./xml/decoders/TamValleyDepot_QuadLn_S_11.xsl]" classname="jmri.util.FileLineEndingsTest" time="0.001"/>
  <testcase name="lineEndings[./xml/decoders/MGP_Panel.xsl]" classname="jmri.util.FileLineEndingsTest" time="0.001"/>
  <testcase name="lineEndings[./xml/schema/schema2xhtml.xsl]" classname="jmri.util.FileLineEndingsTest" time="0"/>
  <testcase name="lineEndings[./xml/XSLT/appearancetable.xsl]" classname="jmri.util.FileLineEndingsTest" time="0.001"/>
  <testcase name="lineEndings[./xml/XSLT/decoderPaneAddI18nName.xsl]" classname="jmri.util.FileLineEndingsTest" time="0.001"/>
  <testcase name="lineEndings[./xml/XSLT/locomotive.xsl]" classname="jmri.util.FileLineEndingsTest" time="0.001"/>
  <testcase name="lineEndings[./xml/XSLT/decoderAddI18nPaneLabel.xsl]" classname="jmri.util.FileLineEndingsTest" time="0"/>
  <testcase name="lineEndings[./xml/XSLT/decoderAddI18nComment.xsl]" classname="jmri.util.FileLineEndingsTest" time="0.001"/>
  <testcase name="lineEndings[./xml/XSLT/consistRoster.xsl]" classname="jmri.util.FileLineEndingsTest" time="0.001"/>
  <testcase name="lineEndings[./xml/XSLT/decoderAddPaneLabelTextElement.xsl]" classname="jmri.util.FileLineEndingsTest" time="0"/>
  <testcase name="lineEndings[./xml/XSLT/decoderAddI18nPaneTooltip.xsl]" classname="jmri.util.FileLineEndingsTest" time="0.001"/>
  <testcase name="lineEndings[./xml/XSLT/idtags.xsl]" classname="jmri.util.FileLineEndingsTest" time="0.001"/>
  <testcase name="lineEndings[./xml/XSLT/roster.xsl]" classname="jmri.util.FileLineEndingsTest" time="0"/>
  <testcase name="lineEndings[./xml/XSLT/roster2array.xsl]" classname="jmri.util.FileLineEndingsTest" time="0.001"/>
  <testcase name="lineEndings[./xml/XSLT/PropertiesFiles.xsl]" classname="jmri.util.FileLineEndingsTest" time="0.001"/>
  <testcase name="lineEndings[./xml/XSLT/PowerAsCSV.xsl]" classname="jmri.util.FileLineEndingsTest" time="0"/>
  <testcase name="lineEndings[./xml/XSLT/decoderAddLabelElement.xsl]" classname="jmri.util.FileLineEndingsTest" time="0.001"/>
  <testcase name="lineEndings[./xml/XSLT/decoderLabelToItem.xsl]" classname="jmri.util.FileLineEndingsTest" time="0.001"/>
  <testcase name="lineEndings[./xml/XSLT/rpsfile.xsl]" classname="jmri.util.FileLineEndingsTest" time="0"/>
  <testcase name="lineEndings[./xml/XSLT/DecoderModelIndex.xsl]" classname="jmri.util.FileLineEndingsTest" time="0.001"/>
  <testcase name="lineEndings[./xml/XSLT/SelectionGuide.xsl]" classname="jmri.util.FileLineEndingsTest" time="0.001"/>
  <testcase name="lineEndings[./xml/XSLT/show-revhistory.xsl]" classname="jmri.util.FileLineEndingsTest" time="0.001"/>
  <testcase name="lineEndings[./xml/XSLT/panelfile.xsl]" classname="jmri.util.FileLineEndingsTest" time="0"/>
  <testcase name="lineEndings[./xml/XSLT/decoderPaneLabelToText.xsl]" classname="jmri.util.FileLineEndingsTest" time="0.001"/>
  <testcase name="lineEndings[./xml/XSLT/speedometer.xsl]" classname="jmri.util.FileLineEndingsTest" time="0.001"/>
  <testcase name="lineEndings[./xml/XSLT/decoderPaneSuppressNameAttribute.xsl]" classname="jmri.util.FileLineEndingsTest" time="0"/>
  <testcase name="lineEndings[./xml/XSLT/vsdecoder-config.xsl]" classname="jmri.util.FileLineEndingsTest" time="0.001"/>
  <testcase name="lineEndings[./xml/XSLT/throttle.xsl]" classname="jmri.util.FileLineEndingsTest" time="0.001"/>
  <testcase name="lineEndings[./xml/XSLT/decoder-with-form.xsl]" classname="jmri.util.FileLineEndingsTest" time="0"/>
  <testcase name="lineEndings[./xml/XSLT/roster4web-simple.xsl]" classname="jmri.util.FileLineEndingsTest" time="0"/>
  <testcase name="lineEndings[./xml/XSLT/decoderSuppressRedundantLabel.xsl]" classname="jmri.util.FileLineEndingsTest" time="0.001"/>
  <testcase name="lineEndings[./xml/XSLT/decoderPromoteQualifier.xsl]" classname="jmri.util.FileLineEndingsTest" time="0.001"/>
  <testcase name="lineEndings[./xml/XSLT/DecoderID.xsl]" classname="jmri.util.FileLineEndingsTest" time="0"/>
  <testcase name="lineEndings[./xml/XSLT/roster4web.xsl]" classname="jmri.util.FileLineEndingsTest" time="0.001"/>
  <testcase name="lineEndings[./xml/XSLT/SizeAsCSV.xsl]" classname="jmri.util.FileLineEndingsTest" time="0.001"/>
  <testcase name="lineEndings[./xml/XSLT/decoderAddI18nTooltip.xsl]" classname="jmri.util.FileLineEndingsTest" time="0"/>
  <testcase name="lineEndings[./xml/XSLT/DecoderModelList.xsl]" classname="jmri.util.FileLineEndingsTest" time="0.001"/>
  <testcase name="lineEndings[./xml/XSLT/CSVsummary.xsl]" classname="jmri.util.FileLineEndingsTest" time="0.001"/>
  <testcase name="lineEndings[./xml/XSLT/decoder.xsl]" classname="jmri.util.FileLineEndingsTest" time="0"/>
  <testcase name="lineEndings[./xml/XSLT/aspecttable.xsl]" classname="jmri.util.FileLineEndingsTest" time="0.001"/>
  <testcase name="lineEndings[./xml/XSLT/decoderAddI18nChoice.xsl]" classname="jmri.util.FileLineEndingsTest" time="0.001"/>
  <testcase name="lineEndings[./xml/XSLT/CVsummary.xsl]" classname="jmri.util.FileLineEndingsTest" time="0.001"/>
  <testcase name="lineEndings[./xml/XSLT/panelfile-2-9-6.xsl]" classname="jmri.util.FileLineEndingsTest" time="0.001"/>
  <testcase name="lineEndings[./xml/XSLT/decoderPaneAddNameElement.xsl]" classname="jmri.util.FileLineEndingsTest" time="0"/>
  <testcase name="lineEndings[./xml/XSLT/LogixToCode.xsl]" classname="jmri.util.FileLineEndingsTest" time="0.001"/>
  <testcase name="lineEndings[./xml/XSLT/reservedCSV.xsl]" classname="jmri.util.FileLineEndingsTest" time="0.001"/>
  <testcase name="lineEndings[./xml/XSLT/transformIVariableToVariable.xsl]" classname="jmri.util.FileLineEndingsTest" time="0"/>
  <testcase name="lineEndings[./xml/XSLT/decoderPaneSuppressLabelAttribute.xsl]" classname="jmri.util.FileLineEndingsTest" time="0.001"/>
  <testcase name="lineEndings[./xml/XSLT/roster2text.xsl]" classname="jmri.util.FileLineEndingsTest" time="0.001"/>
  <testcase name="lineEndings[./xml/XSLT/decoderAddI18nLabel.xsl]" classname="jmri.util.FileLineEndingsTest" time="0"/>
  <testcase name="lineEndings[./xml/XSLT/DecoderMfgIndex.xsl]" classname="jmri.util.FileLineEndingsTest" time="0.001"/>
  <testcase name="lineEndings[./help/en/format.xsl]" classname="jmri.util.FileLineEndingsTest" time="0.001"/>
  <testcase name="lineEndings[./help/fr/format.xsl]" classname="jmri.util.FileLineEndingsTest" time="0.001"/>
  <testcase name="lineEndings[./java/src/jmri/jmrit/display/COPYING]" classname="jmri.util.FileLineEndingsTest" time="0"/>
  <testcase name="lineEndings[./java/src/jmri/jmrit/beantable/COPYING]" classname="jmri.util.FileLineEndingsTest" time="0.001"/>
  <testcase name="lineEndings[./java/src/jmri/jmrit/speedometer/COPYING]" classname="jmri.util.FileLineEndingsTest" time="0.001"/>
  <testcase name="lineEndings[./java/src/jmri/jmrit/audio/swing/COPYING]" classname="jmri.util.FileLineEndingsTest" time="0.001"/>
  <testcase name="lineEndings[./java/src/jmri/jmrit/audio/COPYING]" classname="jmri.util.FileLineEndingsTest" time="0"/>
  <testcase name="lineEndings[./java/src/jmri/jmrit/roster/configurexml/COPYING]" classname="jmri.util.FileLineEndingsTest" time="0.001"/>
  <testcase name="lineEndings[./java/src/jmri/jmrit/roster/swing/attributetable/COPYING]" classname="jmri.util.FileLineEndingsTest" time="0.001"/>
  <testcase name="lineEndings[./java/src/jmri/jmrit/roster/swing/COPYING]" classname="jmri.util.FileLineEndingsTest" time="0.001"/>
  <testcase name="lineEndings[./java/src/jmri/jmrit/roster/COPYING]" classname="jmri.util.FileLineEndingsTest" time="0"/>
  <testcase name="lineEndings[./java/src/jmri/jmrit/symbolicprog/autospeed/COPYING]" classname="jmri.util.FileLineEndingsTest" time="0.001"/>
  <testcase name="lineEndings[./java/src/jmri/jmrit/symbolicprog/COPYING]" classname="jmri.util.FileLineEndingsTest" time="0.001"/>
  <testcase name="lineEndings[./java/src/jmri/jmrit/symbolicprog/configurexml/COPYING]" classname="jmri.util.FileLineEndingsTest" time="0.001"/>
  <testcase name="lineEndings[./java/src/jmri/jmrit/symbolicprog/printer/COPYING]" classname="jmri.util.FileLineEndingsTest" time="0"/>
  <testcase name="lineEndings[./java/src/jmri/jmrit/dispatcher/COPYING]" classname="jmri.util.FileLineEndingsTest" time="0.001"/>
  <testcase name="lineEndings[./java/src/jmri/jmrit/blockboss/COPYING]" classname="jmri.util.FileLineEndingsTest" time="0.001"/>
  <testcase name="lineEndings[./java/src/jmri/jmrit/blockboss/configurexml/COPYING]" classname="jmri.util.FileLineEndingsTest" time="0.001"/>
  <testcase name="lineEndings[./java/src/jmri/jmrit/simpleturnoutctrl/COPYING]" classname="jmri.util.FileLineEndingsTest" time="0"/>
  <testcase name="lineEndings[./java/src/jmri/jmrit/automat/monitor/COPYING]" classname="jmri.util.FileLineEndingsTest" time="0.001"/>
  <testcase name="lineEndings[./java/src/jmri/jmrit/automat/COPYING]" classname="jmri.util.FileLineEndingsTest" time="0.001"/>
  <testcase name="lineEndings[./java/src/jmri/jmrit/simpleclock/COPYING]" classname="jmri.util.FileLineEndingsTest" time="0.001"/>
  <testcase name="lineEndings[./java/src/jmri/jmrit/simpleclock/configurexml/COPYING]" classname="jmri.util.FileLineEndingsTest" time="0"/>
  <testcase name="lineEndings[./java/src/jmri/jmrit/ussctc/COPYING]" classname="jmri.util.FileLineEndingsTest" time="0.001"/>
  <testcase name="lineEndings[./java/src/jmri/jmrit/nixieclock/COPYING]" classname="jmri.util.FileLineEndingsTest" time="0.001"/>
  <testcase name="lineEndings[./java/src/jmri/jmrit/powerpanel/COPYING]" classname="jmri.util.FileLineEndingsTest" time="0.001"/>
  <testcase name="lineEndings[./java/src/jmri/jmrit/progsupport/COPYING]" classname="jmri.util.FileLineEndingsTest" time="0"/>
  <testcase name="lineEndings[./java/src/jmri/jmrit/mailreport/COPYING]" classname="jmri.util.FileLineEndingsTest" time="0.001"/>
  <testcase name="lineEndings[./java/src/jmri/jmrit/simpleprog/COPYING]" classname="jmri.util.FileLineEndingsTest" time="0.001"/>
  <testcase name="lineEndings[./java/src/jmri/jmrit/decoderdefn/COPYING]" classname="jmri.util.FileLineEndingsTest" time="0.001"/>
  <testcase name="lineEndings[./java/src/jmri/jmrit/catalog/COPYING]" classname="jmri.util.FileLineEndingsTest" time="0"/>
  <testcase name="lineEndings[./java/src/jmri/jmrit/jython/COPYING]" classname="jmri.util.FileLineEndingsTest" time="0.001"/>
  <testcase name="lineEndings[./java/src/jmri/jmrit/log/COPYING]" classname="jmri.util.FileLineEndingsTest" time="0.001"/>
  <testcase name="lineEndings[./java/src/jmri/jmrit/COPYING]" classname="jmri.util.FileLineEndingsTest" time="0.001"/>
  <testcase name="lineEndings[./java/src/jmri/jmrit/sound/COPYING]" classname="jmri.util.FileLineEndingsTest" time="0"/>
  <testcase name="lineEndings[./java/src/jmri/jmrit/turnoutoperations/COPYING]" classname="jmri.util.FileLineEndingsTest" time="0.001"/>
  <testcase name="lineEndings[./java/src/jmri/jmrit/dualdecoder/COPYING]" classname="jmri.util.FileLineEndingsTest" time="0.001"/>
  <testcase name="lineEndings[./java/src/jmri/jmrit/sensorgroup/COPYING]" classname="jmri.util.FileLineEndingsTest" time="0.001"/>
  <testcase name="lineEndings[./java/src/jmri/jmrit/tracker/COPYING]" classname="jmri.util.FileLineEndingsTest" time="0"/>
  <testcase name="lineEndings[./java/src/jmri/jmrit/autospeed/COPYING]" classname="jmri.util.FileLineEndingsTest" time="0.001"/>
  <testcase name="lineEndings[./java/src/jmri/jmrix/loconet/sdfeditor/COPYING]" classname="jmri.util.FileLineEndingsTest" time="0.001"/>
  <testcase name="lineEndings[./java/src/jmri/jmrix/loconet/pr2/configurexml/COPYING]" classname="jmri.util.FileLineEndingsTest" time="0.001"/>
  <testcase name="lineEndings[./java/src/jmri/jmrix/loconet/pr2/COPYING]" classname="jmri.util.FileLineEndingsTest" time="0.001"/>
  <testcase name="lineEndings[./java/src/jmri/jmrix/loconet/locormi/configurexml/COPYING]" classname="jmri.util.FileLineEndingsTest" time="0"/>
  <testcase name="lineEndings[./java/src/jmri/jmrix/loconet/locormi/COPYING]" classname="jmri.util.FileLineEndingsTest" time="0.001"/>
  <testcase name="lineEndings[./java/src/jmri/jmrix/loconet/locostats/COPYING]" classname="jmri.util.FileLineEndingsTest" time="0.001"/>
  <testcase name="lineEndings[./java/src/jmri/jmrix/loconet/locogen/COPYING]" classname="jmri.util.FileLineEndingsTest" time="0.001"/>
  <testcase name="lineEndings[./java/src/jmri/jmrix/loconet/uhlenbrock/configurexml/COPYING]" classname="jmri.util.FileLineEndingsTest" time="0"/>
  <testcase name="lineEndings[./java/src/jmri/jmrix/loconet/uhlenbrock/COPYING]" classname="jmri.util.FileLineEndingsTest" time="0.001"/>
  <testcase name="lineEndings[./java/src/jmri/jmrix/loconet/locomon/COPYING]" classname="jmri.util.FileLineEndingsTest" time="0.001"/>
  <testcase name="lineEndings[./java/src/jmri/jmrix/loconet/pr3/COPYING]" classname="jmri.util.FileLineEndingsTest" time="0.001"/>
  <testcase name="lineEndings[./java/src/jmri/jmrix/loconet/pr3/configurexml/COPYING]" classname="jmri.util.FileLineEndingsTest" time="0"/>
  <testcase name="lineEndings[./java/src/jmri/jmrix/loconet/sdf/COPYING]" classname="jmri.util.FileLineEndingsTest" time="0.001"/>
  <testcase name="lineEndings[./java/src/jmri/jmrix/loconet/locobuffer/COPYING]" classname="jmri.util.FileLineEndingsTest" time="0.001"/>
  <testcase name="lineEndings[./java/src/jmri/jmrix/loconet/locobuffer/configurexml/COPYING]" classname="jmri.util.FileLineEndingsTest" time="0.001"/>
  <testcase name="lineEndings[./java/src/jmri/jmrix/loconet/ds64/COPYING]" classname="jmri.util.FileLineEndingsTest" time="0"/>
  <testcase name="lineEndings[./java/src/jmri/jmrix/loconet/soundloader/COPYING]" classname="jmri.util.FileLineEndingsTest" time="0.001"/>
  <testcase name="lineEndings[./java/src/jmri/jmrix/loconet/locobufferii/configurexml/COPYING]" classname="jmri.util.FileLineEndingsTest" time="0.001"/>
  <testcase name="lineEndings[./java/src/jmri/jmrix/loconet/locobufferii/COPYING]" classname="jmri.util.FileLineEndingsTest" time="0.001"/>
  <testcase name="lineEndings[./java/src/jmri/jmrix/loconet/downloader/COPYING]" classname="jmri.util.FileLineEndingsTest" time="0"/>
  <testcase name="lineEndings[./java/src/jmri/jmrix/loconet/se8/COPYING]" classname="jmri.util.FileLineEndingsTest" time="0.001"/>
  <testcase name="lineEndings[./java/src/jmri/jmrix/loconet/Intellibox/configurexml/COPYING]" classname="jmri.util.FileLineEndingsTest" time="0.001"/>
  <testcase name="lineEndings[./java/src/jmri/jmrix/loconet/Intellibox/COPYING]" classname="jmri.util.FileLineEndingsTest" time="0.001"/>
  <testcase name="lineEndings[./java/src/jmri/jmrix/loconet/hexfile/configurexml/COPYING]" classname="jmri.util.FileLineEndingsTest" time="0"/>
  <testcase name="lineEndings[./java/src/jmri/jmrix/loconet/hexfile/COPYING]" classname="jmri.util.FileLineEndingsTest" time="0.001"/>
  <testcase name="lineEndings[./java/src/jmri/jmrix/loconet/COPYING]" classname="jmri.util.FileLineEndingsTest" time="0.001"/>
  <testcase name="lineEndings[./java/src/jmri/jmrix/loconet/ms100/COPYING]" classname="jmri.util.FileLineEndingsTest" time="0.001"/>
  <testcase name="lineEndings[./java/src/jmri/jmrix/loconet/ms100/configurexml/COPYING]" classname="jmri.util.FileLineEndingsTest" time="0.001"/>
  <testcase name="lineEndings[./java/src/jmri/jmrix/loconet/configurexml/COPYING]" classname="jmri.util.FileLineEndingsTest" time="0"/>
  <testcase name="lineEndings[./java/src/jmri/jmrix/loconet/locoio/COPYING]" classname="jmri.util.FileLineEndingsTest" time="0.001"/>
  <testcase name="lineEndings[./java/src/jmri/jmrix/loconet/locoid/COPYING]" classname="jmri.util.FileLineEndingsTest" time="0.001"/>
  <testcase name="lineEndings[./java/src/jmri/jmrix/loconet/locobufferusb/configurexml/COPYING]" classname="jmri.util.FileLineEndingsTest" time="0.001"/>
  <testcase name="lineEndings[./java/src/jmri/jmrix/loconet/locobufferusb/COPYING]" classname="jmri.util.FileLineEndingsTest" time="0"/>
  <testcase name="lineEndings[./java/src/jmri/jmrix/loconet/swing/throttlemsg/COPYING]" classname="jmri.util.FileLineEndingsTest" time="0.001"/>
  <testcase name="lineEndings[./java/src/jmri/jmrix/loconet/swing/COPYING]" classname="jmri.util.FileLineEndingsTest" time="0.001"/>
  <testcase name="lineEndings[./java/src/jmri/jmrix/loconet/clockmon/COPYING]" classname="jmri.util.FileLineEndingsTest" time="0.001"/>
  <testcase name="lineEndings[./java/src/jmri/jmrix/loconet/spjfile/COPYING]" classname="jmri.util.FileLineEndingsTest" time="0"/>
  <testcase name="lineEndings[./java/src/jmri/jmrix/lenz/li100f/configurexml/COPYING]" classname="jmri.util.FileLineEndingsTest" time="0.001"/>
  <testcase name="lineEndings[./java/src/jmri/jmrix/lenz/li100f/COPYING]" classname="jmri.util.FileLineEndingsTest" time="0.001"/>
  <testcase name="lineEndings[./java/src/jmri/jmrix/lenz/swing/lz100/COPYING]" classname="jmri.util.FileLineEndingsTest" time="0.001"/>
  <testcase name="lineEndings[./java/src/jmri/jmrix/lenz/swing/stackmon/COPYING]" classname="jmri.util.FileLineEndingsTest" time="0"/>
  <testcase name="lineEndings[./java/src/jmri/jmrix/lenz/swing/lzv100/COPYING]" classname="jmri.util.FileLineEndingsTest" time="0.001"/>
  <testcase name="lineEndings[./java/src/jmri/jmrix/lenz/swing/lv102/COPYING]" classname="jmri.util.FileLineEndingsTest" time="0.001"/>
  <testcase name="lineEndings[./java/src/jmri/jmrix/lenz/swing/li101/COPYING]" classname="jmri.util.FileLineEndingsTest" time="0.001"/>
  <testcase name="lineEndings[./java/src/jmri/jmrix/lenz/swing/packetgen/COPYING]" classname="jmri.util.FileLineEndingsTest" time="0"/>
  <testcase name="lineEndings[./java/src/jmri/jmrix/lenz/swing/COPYING]" classname="jmri.util.FileLineEndingsTest" time="0.001"/>
  <testcase name="lineEndings[./java/src/jmri/jmrix/lenz/swing/mon/COPYING]" classname="jmri.util.FileLineEndingsTest" time="0.001"/>
  <testcase name="lineEndings[./java/src/jmri/jmrix/lenz/swing/systeminfo/COPYING]" classname="jmri.util.FileLineEndingsTest" time="0.001"/>
  <testcase name="lineEndings[./java/src/jmri/jmrix/lenz/swing/liusb/COPYING]" classname="jmri.util.FileLineEndingsTest" time="0"/>
  <testcase name="lineEndings[./java/src/jmri/jmrix/lenz/xnetsimulator/configurexml/COPYING]" classname="jmri.util.FileLineEndingsTest" time="0.001"/>
  <testcase name="lineEndings[./java/src/jmri/jmrix/lenz/xnetsimulator/COPYING]" classname="jmri.util.FileLineEndingsTest" time="0.001"/>
  <testcase name="lineEndings[./java/src/jmri/jmrix/lenz/li101/COPYING]" classname="jmri.util.FileLineEndingsTest" time="0.001"/>
  <testcase name="lineEndings[./java/src/jmri/jmrix/lenz/li101/configurexml/COPYING]" classname="jmri.util.FileLineEndingsTest" time="0"/>
  <testcase name="lineEndings[./java/src/jmri/jmrix/lenz/COPYING]" classname="jmri.util.FileLineEndingsTest" time="0.001"/>
  <testcase name="lineEndings[./java/src/jmri/jmrix/lenz/xntcp/configurexml/COPYING]" classname="jmri.util.FileLineEndingsTest" time="0.001"/>
  <testcase name="lineEndings[./java/src/jmri/jmrix/lenz/xntcp/COPYING]" classname="jmri.util.FileLineEndingsTest" time="0.001"/>
  <testcase name="lineEndings[./java/src/jmri/jmrix/lenz/hornbyelite/configurexml/COPYING]" classname="jmri.util.FileLineEndingsTest" time="0.001"/>
  <testcase name="lineEndings[./java/src/jmri/jmrix/lenz/hornbyelite/COPYING]" classname="jmri.util.FileLineEndingsTest" time="0"/>
  <testcase name="lineEndings[./java/src/jmri/jmrix/lenz/li100/COPYING]" classname="jmri.util.FileLineEndingsTest" time="0.001"/>
  <testcase name="lineEndings[./java/src/jmri/jmrix/lenz/li100/configurexml/COPYING]" classname="jmri.util.FileLineEndingsTest" time="0.001"/>
  <testcase name="lineEndings[./java/src/jmri/jmrix/lenz/liusbethernet/configurexml/COPYING]" classname="jmri.util.FileLineEndingsTest" time="0.001"/>
  <testcase name="lineEndings[./java/src/jmri/jmrix/lenz/liusbethernet/COPYING]" classname="jmri.util.FileLineEndingsTest" time="0"/>
  <testcase name="lineEndings[./java/src/jmri/jmrix/lenz/liusb/COPYING]" classname="jmri.util.FileLineEndingsTest" time="0.001"/>
  <testcase name="lineEndings[./java/src/jmri/jmrix/lenz/liusb/configurexml/COPYING]" classname="jmri.util.FileLineEndingsTest" time="0.001"/>
  <testcase name="lineEndings[./java/src/jmri/jmrix/lenz/liusbserver/configurexml/COPYING]" classname="jmri.util.FileLineEndingsTest" time="0.001"/>
  <testcase name="lineEndings[./java/src/jmri/jmrix/lenz/liusbserver/COPYING]" classname="jmri.util.FileLineEndingsTest" time="0"/>
  <testcase name="lineEndings[./java/src/jmri/jmrix/lenz/ztc640/COPYING]" classname="jmri.util.FileLineEndingsTest" time="0.001"/>
  <testcase name="lineEndings[./java/src/jmri/jmrix/lenz/ztc640/configurexml/COPYING]" classname="jmri.util.FileLineEndingsTest" time="0.001"/>
  <testcase name="lineEndings[./java/src/jmri/jmrix/ieee802154/xbee/configurexml/COPYING]" classname="jmri.util.FileLineEndingsTest" time="0.001"/>
  <testcase name="lineEndings[./java/src/jmri/jmrix/ieee802154/xbee/swing/packetgen/COPYING]" classname="jmri.util.FileLineEndingsTest" time="0"/>
  <testcase name="lineEndings[./java/src/jmri/jmrix/ieee802154/xbee/COPYING]" classname="jmri.util.FileLineEndingsTest" time="0.001"/>
  <testcase name="lineEndings[./java/src/jmri/jmrix/ieee802154/swing/nodeconfig/COPYING]" classname="jmri.util.FileLineEndingsTest" time="0.001"/>
  <testcase name="lineEndings[./java/src/jmri/jmrix/ieee802154/swing/packetgen/COPYING]" classname="jmri.util.FileLineEndingsTest" time="0.001"/>
  <testcase name="lineEndings[./java/src/jmri/jmrix/ieee802154/swing/mon/COPYING]" classname="jmri.util.FileLineEndingsTest" time="0"/>
  <testcase name="lineEndings[./java/src/jmri/jmrix/ieee802154/serialdriver/COPYING]" classname="jmri.util.FileLineEndingsTest" time="0.001"/>
  <testcase name="lineEndings[./java/src/jmri/jmrix/ieee802154/serialdriver/configurexml/COPYING]" classname="jmri.util.FileLineEndingsTest" time="0.001"/>
  <testcase name="lineEndings[./java/src/jmri/jmrix/bachrus/serialdriver/COPYING]" classname="jmri.util.FileLineEndingsTest" time="0.001"/>
  <testcase name="lineEndings[./java/src/jmri/jmrix/bachrus/serialdriver/configurexml/COPYING]" classname="jmri.util.FileLineEndingsTest" time="0.001"/>
  <testcase name="lineEndings[./java/src/jmri/jmrix/dccpp/simulator/configurexml/COPYING]" classname="jmri.util.FileLineEndingsTest" time="0"/>
  <testcase name="lineEndings[./java/src/jmri/jmrix/dccpp/simulator/COPYING]" classname="jmri.util.FileLineEndingsTest" time="0.001"/>
  <testcase name="lineEndings[./java/src/jmri/jmrix/dccpp/dccppovertcp/COPYING]" classname="jmri.util.FileLineEndingsTest" time="0.001"/>
  <testcase name="lineEndings[./java/src/jmri/jmrix/dccpp/dccppovertcp/configurexml/COPYING]" classname="jmri.util.FileLineEndingsTest" time="0.001"/>
  <testcase name="lineEndings[./java/src/jmri/jmrix/dccpp/swing/mon/COPYING]" classname="jmri.util.FileLineEndingsTest" time="0"/>
  <testcase name="lineEndings[./java/src/jmri/jmrix/dccpp/swing/packetgen/COPYING]" classname="jmri.util.FileLineEndingsTest" time="0.001"/>
  <testcase name="lineEndings[./java/src/jmri/jmrix/dccpp/network/configurexml/COPYING]" classname="jmri.util.FileLineEndingsTest" time="0.001"/>
  <testcase name="lineEndings[./java/src/jmri/jmrix/dccpp/network/COPYING]" classname="jmri.util.FileLineEndingsTest" time="0.001"/>
  <testcase name="lineEndings[./java/src/jmri/jmrix/dccpp/serial/configurexml/COPYING]" classname="jmri.util.FileLineEndingsTest" time="0"/>
  <testcase name="lineEndings[./java/src/jmri/jmrix/easydcc/serialdriver/configurexml/COPYING]" classname="jmri.util.FileLineEndingsTest" time="0.001"/>
  <testcase name="lineEndings[./java/src/jmri/jmrix/easydcc/serialdriver/COPYING]" classname="jmri.util.FileLineEndingsTest" time="0.001"/>
  <testcase name="lineEndings[./java/src/jmri/jmrix/easydcc/COPYING]" classname="jmri.util.FileLineEndingsTest" time="0.001"/>
  <testcase name="lineEndings[./java/src/jmri/jmrix/easydcc/simulator/COPYING]" classname="jmri.util.FileLineEndingsTest" time="0"/>
  <testcase name="lineEndings[./java/src/jmri/jmrix/easydcc/simulator/configurexml/COPYING]" classname="jmri.util.FileLineEndingsTest" time="0.001"/>
  <testcase name="lineEndings[./java/src/jmri/jmrix/easydcc/packetgen/COPYING]" classname="jmri.util.FileLineEndingsTest" time="0.001"/>
  <testcase name="lineEndings[./java/src/jmri/jmrix/easydcc/networkdriver/configurexml/COPYING]" classname="jmri.util.FileLineEndingsTest" time="0.001"/>
  <testcase name="lineEndings[./java/src/jmri/jmrix/easydcc/networkdriver/COPYING]" classname="jmri.util.FileLineEndingsTest" time="0"/>
  <testcase name="lineEndings[./java/src/jmri/jmrix/easydcc/easydccmon/COPYING]" classname="jmri.util.FileLineEndingsTest" time="0.001"/>
  <testcase name="lineEndings[./java/src/jmri/jmrix/easydcc/configurexml/COPYING]" classname="jmri.util.FileLineEndingsTest" time="0.001"/>
  <testcase name="lineEndings[./java/src/jmri/jmrix/cmri/serial/nodeiolist/COPYING]" classname="jmri.util.FileLineEndingsTest" time="0.001"/>
  <testcase name="lineEndings[./java/src/jmri/jmrix/cmri/serial/sim/configurexml/COPYING]" classname="jmri.util.FileLineEndingsTest" time="0"/>
  <testcase name="lineEndings[./java/src/jmri/jmrix/cmri/serial/sim/COPYING]" classname="jmri.util.FileLineEndingsTest" time="0"/>
  <testcase name="lineEndings[./java/src/jmri/jmrix/cmri/serial/COPYING]" classname="jmri.util.FileLineEndingsTest" time="0.001"/>
  <testcase name="lineEndings[./java/src/jmri/jmrix/cmri/serial/assignment/COPYING]" classname="jmri.util.FileLineEndingsTest" time="0.001"/>
  <testcase name="lineEndings[./java/src/jmri/jmrix/cmri/serial/nodeconfig/COPYING]" classname="jmri.util.FileLineEndingsTest" time="0.001"/>
  <testcase name="lineEndings[./java/src/jmri/jmrix/cmri/serial/serialmon/COPYING]" classname="jmri.util.FileLineEndingsTest" time="0"/>
  <testcase name="lineEndings[./java/src/jmri/jmrix/cmri/serial/packetgen/COPYING]" classname="jmri.util.FileLineEndingsTest" time="0.001"/>
  <testcase name="lineEndings[./java/src/jmri/jmrix/cmri/serial/serialdriver/COPYING]" classname="jmri.util.FileLineEndingsTest" time="0.001"/>
  <testcase name="lineEndings[./java/src/jmri/jmrix/cmri/serial/serialdriver/configurexml/COPYING]" classname="jmri.util.FileLineEndingsTest" time="0.001"/>
  <testcase name="lineEndings[./java/src/jmri/jmrix/cmri/serial/diagnostic/COPYING]" classname="jmri.util.FileLineEndingsTest" time="0"/>
  <testcase name="lineEndings[./java/src/jmri/jmrix/cmri/serial/networkdriver/COPYING]" classname="jmri.util.FileLineEndingsTest" time="0.001"/>
  <testcase name="lineEndings[./java/src/jmri/jmrix/cmri/serial/networkdriver/configurexml/COPYING]" classname="jmri.util.FileLineEndingsTest" time="0.001"/>
  <testcase name="lineEndings[./java/src/jmri/jmrix/cmri/COPYING]" classname="jmri.util.FileLineEndingsTest" time="0.001"/>
  <testcase name="lineEndings[./java/src/jmri/jmrix/nce/ncemon/COPYING]" classname="jmri.util.FileLineEndingsTest" time="0"/>
  <testcase name="lineEndings[./java/src/jmri/jmrix/nce/clockmon/COPYING]" classname="jmri.util.FileLineEndingsTest" time="0.001"/>
  <testcase name="lineEndings[./java/src/jmri/jmrix/nce/usbdriver/configurexml/COPYING]" classname="jmri.util.FileLineEndingsTest" time="0.001"/>
  <testcase name="lineEndings[./java/src/jmri/jmrix/nce/usbdriver/COPYING]" classname="jmri.util.FileLineEndingsTest" time="0.001"/>
  <testcase name="lineEndings[./java/src/jmri/jmrix/nce/serialdriver/configurexml/COPYING]" classname="jmri.util.FileLineEndingsTest" time="0"/>
  <testcase name="lineEndings[./java/src/jmri/jmrix/nce/serialdriver/COPYING]" classname="jmri.util.FileLineEndingsTest" time="0.001"/>
  <testcase name="lineEndings[./java/src/jmri/jmrix/nce/packetgen/COPYING]" classname="jmri.util.FileLineEndingsTest" time="0.001"/>
  <testcase name="lineEndings[./java/src/jmri/jmrix/nce/boosterprog/COPYING]" classname="jmri.util.FileLineEndingsTest" time="0.001"/>
  <testcase name="lineEndings[./java/src/jmri/jmrix/nce/simulator/COPYING]" classname="jmri.util.FileLineEndingsTest" time="0.001"/>
  <testcase name="lineEndings[./java/src/jmri/jmrix/nce/simulator/configurexml/COPYING]" classname="jmri.util.FileLineEndingsTest" time="0"/>
  <testcase name="lineEndings[./java/src/jmri/jmrix/nce/macro/COPYING]" classname="jmri.util.FileLineEndingsTest" time="0.001"/>
  <testcase name="lineEndings[./java/src/jmri/jmrix/nce/networkdriver/configurexml/COPYING]" classname="jmri.util.FileLineEndingsTest" time="0.001"/>
  <testcase name="lineEndings[./java/src/jmri/jmrix/nce/networkdriver/COPYING]" classname="jmri.util.FileLineEndingsTest" time="0.001"/>
  <testcase name="lineEndings[./java/src/jmri/jmrix/nce/COPYING]" classname="jmri.util.FileLineEndingsTest" time="0"/>
  <testcase name="lineEndings[./java/src/jmri/jmrix/mrc/swing/monitor/COPYING]" classname="jmri.util.FileLineEndingsTest" time="0.001"/>
  <testcase name="lineEndings[./java/src/jmri/jmrix/mrc/swing/packetgen/COPYING]" classname="jmri.util.FileLineEndingsTest" time="0.001"/>
  <testcase name="lineEndings[./java/src/jmri/jmrix/mrc/simulator/COPYING]" classname="jmri.util.FileLineEndingsTest" time="0.001"/>
  <testcase name="lineEndings[./java/src/jmri/jmrix/mrc/simulator/configurexml/COPYING]" classname="jmri.util.FileLineEndingsTest" time="0"/>
  <testcase name="lineEndings[./java/src/jmri/jmrix/mrc/serialdriver/configurexml/COPYING]" classname="jmri.util.FileLineEndingsTest" time="0.001"/>
  <testcase name="lineEndings[./java/src/jmri/jmrix/mrc/serialdriver/COPYING]" classname="jmri.util.FileLineEndingsTest" time="0.001"/>
  <testcase name="lineEndings[./java/src/jmri/jmrix/mrc/COPYING]" classname="jmri.util.FileLineEndingsTest" time="0.001"/>
  <testcase name="lineEndings[./java/src/jmri/jmrix/openlcb/swing/tie/COPYING]" classname="jmri.util.FileLineEndingsTest" time="0"/>
  <testcase name="lineEndings[./java/src/jmri/jmrix/xpa/serialdriver/configurexml/COPYING]" classname="jmri.util.FileLineEndingsTest" time="0.001"/>
  <testcase name="lineEndings[./java/src/jmri/jmrix/xpa/serialdriver/COPYING]" classname="jmri.util.FileLineEndingsTest" time="0.001"/>
  <testcase name="lineEndings[./java/src/jmri/jmrix/xpa/swing/xpaconfig/COPYING]" classname="jmri.util.FileLineEndingsTest" time="0.001"/>
  <testcase name="lineEndings[./java/src/jmri/jmrix/xpa/COPYING]" classname="jmri.util.FileLineEndingsTest" time="0"/>
  <testcase name="lineEndings[./java/src/jmri/jmrix/sprog/sprogslotmon/COPYING]" classname="jmri.util.FileLineEndingsTest" time="0.001"/>
  <testcase name="lineEndings[./java/src/jmri/jmrix/sprog/simulator/configurexml/COPYING]" classname="jmri.util.FileLineEndingsTest" time="0.001"/>
  <testcase name="lineEndings[./java/src/jmri/jmrix/sprog/simulator/COPYING]" classname="jmri.util.FileLineEndingsTest" time="0.001"/>
  <testcase name="lineEndings[./java/src/jmri/jmrix/sprog/update/COPYING]" classname="jmri.util.FileLineEndingsTest" time="0"/>
  <testcase name="lineEndings[./java/src/jmri/jmrix/sprog/pi/pisprogonecs/configurexml/COPYING]" classname="jmri.util.FileLineEndingsTest" time="0.001"/>
  <testcase name="lineEndings[./java/src/jmri/jmrix/sprog/pi/pisprogonecs/COPYING]" classname="jmri.util.FileLineEndingsTest" time="0.001"/>
  <testcase name="lineEndings[./java/src/jmri/jmrix/sprog/pi/pisprogone/configurexml/COPYING]" classname="jmri.util.FileLineEndingsTest" time="0.001"/>
  <testcase name="lineEndings[./java/src/jmri/jmrix/sprog/pi/pisprogone/COPYING]" classname="jmri.util.FileLineEndingsTest" time="0.001"/>
  <testcase name="lineEndings[./java/src/jmri/jmrix/sprog/pi/pisprognano/COPYING]" classname="jmri.util.FileLineEndingsTest" time="0"/>
  <testcase name="lineEndings[./java/src/jmri/jmrix/sprog/pi/pisprognano/configurexml/COPYING]" classname="jmri.util.FileLineEndingsTest" time="0.001"/>
  <testcase name="lineEndings[./java/src/jmri/jmrix/sprog/sprogCS/configurexml/COPYING]" classname="jmri.util.FileLineEndingsTest" time="0.001"/>
  <testcase name="lineEndings[./java/src/jmri/jmrix/sprog/sprogCS/COPYING]" classname="jmri.util.FileLineEndingsTest" time="0.001"/>
  <testcase name="lineEndings[./java/src/jmri/jmrix/sprog/sprogmon/COPYING]" classname="jmri.util.FileLineEndingsTest" time="0.001"/>
  <testcase name="lineEndings[./java/src/jmri/jmrix/sprog/sprog/configurexml/COPYING]" classname="jmri.util.FileLineEndingsTest" time="0"/>
  <testcase name="lineEndings[./java/src/jmri/jmrix/sprog/sprog/COPYING]" classname="jmri.util.FileLineEndingsTest" time="0.001"/>
  <testcase name="lineEndings[./java/src/jmri/jmrix/sprog/console/COPYING]" classname="jmri.util.FileLineEndingsTest" time="0.001"/>
  <testcase name="lineEndings[./java/src/jmri/jmrix/sprog/packetgen/COPYING]" classname="jmri.util.FileLineEndingsTest" time="0.001"/>
  <testcase name="lineEndings[./java/src/jmri/jmrix/sprog/serialdriver/configurexml/COPYING]" classname="jmri.util.FileLineEndingsTest" time="0"/>
  <testcase name="lineEndings[./java/src/jmri/jmrix/sprog/serialdriver/COPYING]" classname="jmri.util.FileLineEndingsTest" time="0.001"/>
  <testcase name="lineEndings[./java/src/jmri/jmrix/sprog/sprognano/COPYING]" classname="jmri.util.FileLineEndingsTest" time="0.001"/>
  <testcase name="lineEndings[./java/src/jmri/jmrix/sprog/sprognano/configurexml/COPYING]" classname="jmri.util.FileLineEndingsTest" time="0.001"/>
  <testcase name="lineEndings[./java/src/jmri/jmrix/sprog/COPYING]" classname="jmri.util.FileLineEndingsTest" time="0.001"/>
  <testcase name="lineEndings[./java/src/jmri/jmrix/marklin/swing/monitor/COPYING]" classname="jmri.util.FileLineEndingsTest" time="0"/>
  <testcase name="lineEndings[./java/src/jmri/jmrix/marklin/swing/packetgen/COPYING]" classname="jmri.util.FileLineEndingsTest" time="0.001"/>
  <testcase name="lineEndings[./java/src/jmri/jmrix/marklin/swing/COPYING]" classname="jmri.util.FileLineEndingsTest" time="0.001"/>
  <testcase name="lineEndings[./java/src/jmri/jmrix/marklin/networkdriver/COPYING]" classname="jmri.util.FileLineEndingsTest" time="0.001"/>
  <testcase name="lineEndings[./java/src/jmri/jmrix/marklin/networkdriver/configurexml/COPYING]" classname="jmri.util.FileLineEndingsTest" time="0.003"/>
  <testcase name="lineEndings[./java/src/jmri/jmrix/ecos/swing/monitor/COPYING]" classname="jmri.util.FileLineEndingsTest" time="0.001"/>
  <testcase name="lineEndings[./java/src/jmri/jmrix/ecos/swing/statusframe/COPYING]" classname="jmri.util.FileLineEndingsTest" time="0"/>
  <testcase name="lineEndings[./java/src/jmri/jmrix/ecos/swing/packetgen/COPYING]" classname="jmri.util.FileLineEndingsTest" time="0.001"/>
  <testcase name="lineEndings[./java/src/jmri/jmrix/ecos/swing/COPYING]" classname="jmri.util.FileLineEndingsTest" time="0.001"/>
  <testcase name="lineEndings[./java/src/jmri/jmrix/ecos/networkdriver/configurexml/COPYING]" classname="jmri.util.FileLineEndingsTest" time="0.001"/>
  <testcase name="lineEndings[./java/src/jmri/jmrix/ecos/networkdriver/COPYING]" classname="jmri.util.FileLineEndingsTest" time="0"/>
  <testcase name="lineEndings[./java/src/jmri/jmrix/ecos/configurexml/COPYING]" classname="jmri.util.FileLineEndingsTest" time="0.001"/>
  <testcase name="lineEndings[./java/src/jmri/jmrix/ecos/COPYING]" classname="jmri.util.FileLineEndingsTest" time="0.001"/>
  <testcase name="lineEndings[./java/src/jmri/jmrix/direct/simulator/configurexml/COPYING]" classname="jmri.util.FileLineEndingsTest" time="0.001"/>
  <testcase name="lineEndings[./java/src/jmri/jmrix/direct/simulator/COPYING]" classname="jmri.util.FileLineEndingsTest" time="0"/>
  <testcase name="lineEndings[./java/src/jmri/jmrix/direct/COPYING]" classname="jmri.util.FileLineEndingsTest" time="0.001"/>
  <testcase name="lineEndings[./java/src/jmri/jmrix/direct/serial/COPYING]" classname="jmri.util.FileLineEndingsTest" time="0.001"/>
  <testcase name="lineEndings[./java/src/jmri/jmrix/direct/serial/configurexml/COPYING]" classname="jmri.util.FileLineEndingsTest" time="0.001"/>
  <testcase name="lineEndings[./java/src/jmri/jmrix/wangrow/serialdriver/configurexml/COPYING]" classname="jmri.util.FileLineEndingsTest" time="0"/>
  <testcase name="lineEndings[./java/src/jmri/jmrix/wangrow/serialdriver/COPYING]" classname="jmri.util.FileLineEndingsTest" time="0.001"/>
  <testcase name="lineEndings[./java/src/jmri/jmrix/wangrow/COPYING]" classname="jmri.util.FileLineEndingsTest" time="0.001"/>
  <testcase name="lineEndings[./java/src/jmri/jmrix/qsi/packetgen/COPYING]" classname="jmri.util.FileLineEndingsTest" time="0.001"/>
  <testcase name="lineEndings[./java/src/jmri/jmrix/qsi/serialdriver/configurexml/COPYING]" classname="jmri.util.FileLineEndingsTest" time="0"/>
  <testcase name="lineEndings[./java/src/jmri/jmrix/qsi/serialdriver/COPYING]" classname="jmri.util.FileLineEndingsTest" time="0.001"/>
  <testcase name="lineEndings[./java/src/jmri/jmrix/qsi/qsimon/COPYING]" classname="jmri.util.FileLineEndingsTest" time="0.001"/>
  <testcase name="lineEndings[./java/src/jmri/jmrix/qsi/COPYING]" classname="jmri.util.FileLineEndingsTest" time="0.001"/>
  <testcase name="lineEndings[./java/src/jmri/jmrix/jmriclient/swing/packetgen/COPYING]" classname="jmri.util.FileLineEndingsTest" time="0.001"/>
  <testcase name="lineEndings[./java/src/jmri/jmrix/jmriclient/swing/COPYING]" classname="jmri.util.FileLineEndingsTest" time="0"/>
  <testcase name="lineEndings[./java/src/jmri/jmrix/jmriclient/swing/mon/COPYING]" classname="jmri.util.FileLineEndingsTest" time="0.001"/>
  <testcase name="lineEndings[./java/src/jmri/jmrix/jmriclient/configurexml/COPYING]" classname="jmri.util.FileLineEndingsTest" time="0.001"/>
  <testcase name="lineEndings[./java/src/jmri/jmrix/jmriclient/networkdriver/configurexml/COPYING]" classname="jmri.util.FileLineEndingsTest" time="0.001"/>
  <testcase name="lineEndings[./java/src/jmri/jmrix/jmriclient/networkdriver/COPYING]" classname="jmri.util.FileLineEndingsTest" time="0"/>
  <testcase name="lineEndings[./java/src/jmri/jmrix/jmriclient/COPYING]" classname="jmri.util.FileLineEndingsTest" time="0.001"/>
  <testcase name="lineEndings[./java/src/jmri/jmrix/can/adapters/gridconnect/net/configurexml/COPYING]" classname="jmri.util.FileLineEndingsTest" time="0.001"/>
  <testcase name="lineEndings[./java/src/jmri/jmrix/can/adapters/gridconnect/net/COPYING]" classname="jmri.util.FileLineEndingsTest" time="0.001"/>
  <testcase name="lineEndings[./java/src/jmri/jmrix/can/adapters/gridconnect/lccbuffer/serialdriver/COPYING]" classname="jmri.util.FileLineEndingsTest" time="0"/>
  <testcase name="lineEndings[./java/src/jmri/jmrix/can/adapters/gridconnect/lccbuffer/serialdriver/configurexml/COPYING]" classname="jmri.util.FileLineEndingsTest" time="0.001"/>
  <testcase name="lineEndings[./java/src/jmri/jmrix/can/adapters/gridconnect/lccbuffer/COPYING]" classname="jmri.util.FileLineEndingsTest" time="0.001"/>
  <testcase name="lineEndings[./java/src/jmri/jmrix/can/adapters/gridconnect/canusb/serialdriver/COPYING]" classname="jmri.util.FileLineEndingsTest" time="0.001"/>
  <testcase name="lineEndings[./java/src/jmri/jmrix/can/adapters/gridconnect/canusb/serialdriver/configurexml/COPYING]" classname="jmri.util.FileLineEndingsTest" time="0.001"/>
  <testcase name="lineEndings[./java/src/jmri/jmrix/can/adapters/gridconnect/canusb/COPYING]" classname="jmri.util.FileLineEndingsTest" time="0"/>
  <testcase name="lineEndings[./java/src/jmri/jmrix/can/adapters/gridconnect/canrs/serialdriver/configurexml/COPYING]" classname="jmri.util.FileLineEndingsTest" time="0.001"/>
  <testcase name="lineEndings[./java/src/jmri/jmrix/can/adapters/gridconnect/canrs/serialdriver/COPYING]" classname="jmri.util.FileLineEndingsTest" time="0.001"/>
  <testcase name="lineEndings[./java/src/jmri/jmrix/can/adapters/gridconnect/canrs/COPYING]" classname="jmri.util.FileLineEndingsTest" time="0.001"/>
  <testcase name="lineEndings[./java/src/jmri/jmrix/can/adapters/gridconnect/can2usbino/COPYING]" classname="jmri.util.FileLineEndingsTest" time="0"/>
  <testcase name="lineEndings[./java/src/jmri/jmrix/can/adapters/gridconnect/can2usbino/serialdriver/configurexml/COPYING]" classname="jmri.util.FileLineEndingsTest" time="0.001"/>
  <testcase name="lineEndings[./java/src/jmri/jmrix/can/adapters/gridconnect/can2usbino/serialdriver/COPYING]" classname="jmri.util.FileLineEndingsTest" time="0.001"/>
  <testcase name="lineEndings[./java/src/jmri/jmrix/can/adapters/gridconnect/COPYING]" classname="jmri.util.FileLineEndingsTest" time="0.001"/>
  <testcase name="lineEndings[./java/src/jmri/jmrix/can/adapters/lawicell/canusb/serialdriver/configurexml/COPYING]" classname="jmri.util.FileLineEndingsTest" time="0"/>
  <testcase name="lineEndings[./java/src/jmri/jmrix/can/adapters/lawicell/canusb/serialdriver/COPYING]" classname="jmri.util.FileLineEndingsTest" time="0.001"/>
  <testcase name="lineEndings[./java/src/jmri/jmrix/can/adapters/lawicell/canusb/COPYING]" classname="jmri.util.FileLineEndingsTest" time="0.001"/>
  <testcase name="lineEndings[./java/src/jmri/jmrix/can/adapters/lawicell/COPYING]" classname="jmri.util.FileLineEndingsTest" time="0.001"/>
  <testcase name="lineEndings[./java/src/jmri/jmrix/can/adapters/loopback/COPYING]" classname="jmri.util.FileLineEndingsTest" time="0.001"/>
  <testcase name="lineEndings[./java/src/jmri/jmrix/can/adapters/COPYING]" classname="jmri.util.FileLineEndingsTest" time="0"/>
  <testcase name="lineEndings[./java/src/jmri/jmrix/can/swing/COPYING]" classname="jmri.util.FileLineEndingsTest" time="0.001"/>
  <testcase name="lineEndings[./java/src/jmri/jmrix/can/swing/send/COPYING]" classname="jmri.util.FileLineEndingsTest" time="0.001"/>
  <testcase name="lineEndings[./java/src/jmri/jmrix/can/swing/monitor/COPYING]" classname="jmri.util.FileLineEndingsTest" time="0.001"/>
  <testcase name="lineEndings[./java/src/jmri/jmrix/can/cbus/swing/eventtable/COPYING]" classname="jmri.util.FileLineEndingsTest" time="0"/>
  <testcase name="lineEndings[./java/src/jmri/jmrix/can/cbus/swing/console/COPYING]" classname="jmri.util.FileLineEndingsTest" time="0.001"/>
  <testcase name="lineEndings[./java/src/jmri/jmrix/can/cbus/swing/COPYING]" classname="jmri.util.FileLineEndingsTest" time="0.001"/>
  <testcase name="lineEndings[./java/src/jmri/jmrix/can/cbus/swing/nodeconfig/COPYING]" classname="jmri.util.FileLineEndingsTest" time="0.001"/>
  <testcase name="lineEndings[./java/src/jmri/jmrix/can/cbus/swing/configtool/COPYING]" classname="jmri.util.FileLineEndingsTest" time="0"/>
  <testcase name="lineEndings[./java/src/jmri/jmrix/can/cbus/configurexml/COPYING]" classname="jmri.util.FileLineEndingsTest" time="0.001"/>
  <testcase name="lineEndings[./java/src/jmri/jmrix/can/cbus/COPYING]" classname="jmri.util.FileLineEndingsTest" time="0.001"/>
  <testcase name="lineEndings[./java/src/jmri/jmrix/can/nmranet/swing/COPYING]" classname="jmri.util.FileLineEndingsTest" time="0.001"/>
  <testcase name="lineEndings[./java/src/jmri/jmrix/can/nmranet/COPYING]" classname="jmri.util.FileLineEndingsTest" time="0"/>
  <testcase name="lineEndings[./java/src/jmri/jmrix/can/COPYING]" classname="jmri.util.FileLineEndingsTest" time="0.001"/>
  <testcase name="lineEndings[./java/src/jmri/jmrix/oaktree/packetgen/COPYING]" classname="jmri.util.FileLineEndingsTest" time="0.001"/>
  <testcase name="lineEndings[./java/src/jmri/jmrix/oaktree/nodeconfig/COPYING]" classname="jmri.util.FileLineEndingsTest" time="0.001"/>
  <testcase name="lineEndings[./java/src/jmri/jmrix/oaktree/configurexml/COPYING]" classname="jmri.util.FileLineEndingsTest" time="0"/>
  <testcase name="lineEndings[./java/src/jmri/jmrix/oaktree/COPYING]" classname="jmri.util.FileLineEndingsTest" time="0.001"/>
  <testcase name="lineEndings[./java/src/jmri/jmrix/oaktree/simulator/COPYING]" classname="jmri.util.FileLineEndingsTest" time="0.001"/>
  <testcase name="lineEndings[./java/src/jmri/jmrix/oaktree/simulator/configurexml/COPYING]" classname="jmri.util.FileLineEndingsTest" time="0.001"/>
  <testcase name="lineEndings[./java/src/jmri/jmrix/oaktree/serialdriver/configurexml/COPYING]" classname="jmri.util.FileLineEndingsTest" time="0"/>
  <testcase name="lineEndings[./java/src/jmri/jmrix/oaktree/serialdriver/COPYING]" classname="jmri.util.FileLineEndingsTest" time="0"/>
  <testcase name="lineEndings[./java/src/jmri/jmrix/oaktree/serialmon/COPYING]" classname="jmri.util.FileLineEndingsTest" time="0.001"/>
  <testcase name="lineEndings[./java/src/jmri/jmrix/tams/swing/monitor/COPYING]" classname="jmri.util.FileLineEndingsTest" time="0.001"/>
  <testcase name="lineEndings[./java/src/jmri/jmrix/tams/swing/statusframe/COPYING]" classname="jmri.util.FileLineEndingsTest" time="0.001"/>
  <testcase name="lineEndings[./java/src/jmri/jmrix/tams/swing/packetgen/COPYING]" classname="jmri.util.FileLineEndingsTest" time="0"/>
  <testcase name="lineEndings[./java/src/jmri/jmrix/tams/swing/COPYING]" classname="jmri.util.FileLineEndingsTest" time="0.001"/>
  <testcase name="lineEndings[./java/src/jmri/jmrix/tams/serialdriver/configurexml/COPYING]" classname="jmri.util.FileLineEndingsTest" time="0.001"/>
  <testcase name="lineEndings[./java/src/jmri/jmrix/tams/simulator/COPYING]" classname="jmri.util.FileLineEndingsTest" time="0.001"/>
  <testcase name="lineEndings[./java/src/jmri/jmrix/tams/simulator/configurexml/COPYING]" classname="jmri.util.FileLineEndingsTest" time="0"/>
  <testcase name="lineEndings[./java/src/jmri/jmrix/tams/configurexml/COPYING]" classname="jmri.util.FileLineEndingsTest" time="0.001"/>
  <testcase name="lineEndings[./java/src/jmri/jmrix/tams/COPYING]" classname="jmri.util.FileLineEndingsTest" time="0.001"/>
  <testcase name="lineEndings[./java/src/jmri/jmrix/srcp/swing/packetgen/COPYING]" classname="jmri.util.FileLineEndingsTest" time="0.001"/>
  <testcase name="lineEndings[./java/src/jmri/jmrix/srcp/swing/srcpmon/COPYING]" classname="jmri.util.FileLineEndingsTest" time="0"/>
  <testcase name="lineEndings[./java/src/jmri/jmrix/srcp/networkdriver/configurexml/COPYING]" classname="jmri.util.FileLineEndingsTest" time="0.001"/>
  <testcase name="lineEndings[./java/src/jmri/jmrix/srcp/networkdriver/COPYING]" classname="jmri.util.FileLineEndingsTest" time="0.001"/>
  <testcase name="lineEndings[./java/src/jmri/jmrix/srcp/configurexml/COPYING]" classname="jmri.util.FileLineEndingsTest" time="0.001"/>
  <testcase name="lineEndings[./java/src/jmri/jmrix/srcp/parser/COPYING]" classname="jmri.util.FileLineEndingsTest" time="0"/>
  <testcase name="lineEndings[./java/src/jmri/jmrix/srcp/COPYING]" classname="jmri.util.FileLineEndingsTest" time="0.001"/>
  <testcase name="lineEndings[./java/src/jmri/jmrix/rps/aligntable/COPYING]" classname="jmri.util.FileLineEndingsTest" time="0.001"/>
  <testcase name="lineEndings[./java/src/jmri/jmrix/rps/swing/soundset/COPYING]" classname="jmri.util.FileLineEndingsTest" time="0.001"/>
  <testcase name="lineEndings[./java/src/jmri/jmrix/rps/swing/polling/COPYING]" classname="jmri.util.FileLineEndingsTest" time="0"/>
  <testcase name="lineEndings[./java/src/jmri/jmrix/rps/swing/debugger/COPYING]" classname="jmri.util.FileLineEndingsTest" time="0.001"/>
  <testcase name="lineEndings[./java/src/jmri/jmrix/rps/swing/COPYING]" classname="jmri.util.FileLineEndingsTest" time="0.001"/>
  <testcase name="lineEndings[./java/src/jmri/jmrix/rps/configurexml/COPYING]" classname="jmri.util.FileLineEndingsTest" time="0.001"/>
  <testcase name="lineEndings[./java/src/jmri/jmrix/rps/trackingpanel/COPYING]" classname="jmri.util.FileLineEndingsTest" time="0"/>
  <testcase name="lineEndings[./java/src/jmri/jmrix/rps/rpsmon/COPYING]" classname="jmri.util.FileLineEndingsTest" time="0.001"/>
  <testcase name="lineEndings[./java/src/jmri/jmrix/rps/COPYING]" classname="jmri.util.FileLineEndingsTest" time="0.001"/>
  <testcase name="lineEndings[./java/src/jmri/jmrix/rps/reversealign/COPYING]" classname="jmri.util.FileLineEndingsTest" time="0.001"/>
  <testcase name="lineEndings[./java/src/jmri/jmrix/powerline/cm11/COPYING]" classname="jmri.util.FileLineEndingsTest" time="0"/>
  <testcase name="lineEndings[./java/src/jmri/jmrix/powerline/cp290/COPYING]" classname="jmri.util.FileLineEndingsTest" time="0.001"/>
  <testcase name="lineEndings[./java/src/jmri/jmrix/powerline/COPYING]" classname="jmri.util.FileLineEndingsTest" time="0.001"/>
  <testcase name="lineEndings[./java/src/jmri/jmrix/powerline/insteon2412s/COPYING]" classname="jmri.util.FileLineEndingsTest" time="0.001"/>
  <testcase name="lineEndings[./java/src/jmri/jmrix/powerline/configurexml/COPYING]" classname="jmri.util.FileLineEndingsTest" time="0"/>
  <testcase name="lineEndings[./java/src/jmri/jmrix/powerline/serialdriver/configurexml/COPYING]" classname="jmri.util.FileLineEndingsTest" time="0.001"/>
  <testcase name="lineEndings[./java/src/jmri/jmrix/powerline/serialdriver/COPYING]" classname="jmri.util.FileLineEndingsTest" time="0.001"/>
  <testcase name="lineEndings[./java/src/jmri/jmrix/grapevine/nodeconfig/COPYING]" classname="jmri.util.FileLineEndingsTest" time="0.001"/>
  <testcase name="lineEndings[./java/src/jmri/jmrix/grapevine/packetgen/COPYING]" classname="jmri.util.FileLineEndingsTest" time="0"/>
  <testcase name="lineEndings[./java/src/jmri/jmrix/grapevine/simulator/configurexml/COPYING]" classname="jmri.util.FileLineEndingsTest" time="0.001"/>
  <testcase name="lineEndings[./java/src/jmri/jmrix/grapevine/simulator/COPYING]" classname="jmri.util.FileLineEndingsTest" time="0.001"/>
  <testcase name="lineEndings[./java/src/jmri/jmrix/grapevine/nodetable/COPYING]" classname="jmri.util.FileLineEndingsTest" time="0.001"/>
  <testcase name="lineEndings[./java/src/jmri/jmrix/grapevine/configurexml/COPYING]" classname="jmri.util.FileLineEndingsTest" time="0"/>
  <testcase name="lineEndings[./java/src/jmri/jmrix/grapevine/serialmon/COPYING]" classname="jmri.util.FileLineEndingsTest" time="0.001"/>
  <testcase name="lineEndings[./java/src/jmri/jmrix/grapevine/COPYING]" classname="jmri.util.FileLineEndingsTest" time="0.001"/>
  <testcase name="lineEndings[./java/src/jmri/jmrix/grapevine/serialdriver/configurexml/COPYING]" classname="jmri.util.FileLineEndingsTest" time="0.001"/>
  <testcase name="lineEndings[./java/src/jmri/jmrix/grapevine/serialdriver/COPYING]" classname="jmri.util.FileLineEndingsTest" time="0"/>
  <testcase name="lineEndings[./java/src/jmri/jmrix/tmcc/packetgen/COPYING]" classname="jmri.util.FileLineEndingsTest" time="0"/>
  <testcase name="lineEndings[./java/src/jmri/jmrix/tmcc/serialdriver/configurexml/COPYING]" classname="jmri.util.FileLineEndingsTest" time="0.001"/>
  <testcase name="lineEndings[./java/src/jmri/jmrix/tmcc/serialdriver/COPYING]" classname="jmri.util.FileLineEndingsTest" time="0.001"/>
  <testcase name="lineEndings[./java/src/jmri/jmrix/tmcc/simulator/COPYING]" classname="jmri.util.FileLineEndingsTest" time="0.001"/>
  <testcase name="lineEndings[./java/src/jmri/jmrix/tmcc/simulator/configurexml/COPYING]" classname="jmri.util.FileLineEndingsTest" time="0"/>
  <testcase name="lineEndings[./java/src/jmri/jmrix/tmcc/serialmon/COPYING]" classname="jmri.util.FileLineEndingsTest" time="0.001"/>
  <testcase name="lineEndings[./java/src/jmri/jmrix/tmcc/COPYING]" classname="jmri.util.FileLineEndingsTest" time="0.001"/>
  <testcase name="lineEndings[./java/src/jmri/jmrix/maple/packetgen/COPYING]" classname="jmri.util.FileLineEndingsTest" time="0.001"/>
  <testcase name="lineEndings[./java/src/jmri/jmrix/maple/assignment/COPYING]" classname="jmri.util.FileLineEndingsTest" time="0"/>
  <testcase name="lineEndings[./java/src/jmri/jmrix/maple/nodeconfig/COPYING]" classname="jmri.util.FileLineEndingsTest" time="0.001"/>
  <testcase name="lineEndings[./java/src/jmri/jmrix/maple/simulator/configurexml/COPYING]" classname="jmri.util.FileLineEndingsTest" time="0.001"/>
  <testcase name="lineEndings[./java/src/jmri/jmrix/maple/simulator/COPYING]" classname="jmri.util.FileLineEndingsTest" time="0.001"/>
  <testcase name="lineEndings[./java/src/jmri/jmrix/maple/serialmon/COPYING]" classname="jmri.util.FileLineEndingsTest" time="0"/>
  <testcase name="lineEndings[./java/src/jmri/jmrix/maple/serialdriver/configurexml/COPYING]" classname="jmri.util.FileLineEndingsTest" time="0.001"/>
  <testcase name="lineEndings[./java/src/jmri/jmrix/maple/serialdriver/COPYING]" classname="jmri.util.FileLineEndingsTest" time="0.001"/>
  <testcase name="lineEndings[./java/src/jmri/jmrix/maple/COPYING]" classname="jmri.util.FileLineEndingsTest" time="0.001"/>
  <testcase name="lineEndings[./java/src/jmri/jmrix/acela/nodeconfig/COPYING]" classname="jmri.util.FileLineEndingsTest" time="0"/>
  <testcase name="lineEndings[./java/src/jmri/jmrix/acela/COPYING]" classname="jmri.util.FileLineEndingsTest" time="0.001"/>
  <testcase name="lineEndings[./java/src/jmri/jmrix/rfid/protocol/parallax/COPYING]" classname="jmri.util.FileLineEndingsTest" time="0.001"/>
  <testcase name="lineEndings[./java/src/jmri/jmrix/rfid/protocol/em18/COPYING]" classname="jmri.util.FileLineEndingsTest" time="0.001"/>
  <testcase name="lineEndings[./java/src/jmri/jmrix/rfid/protocol/seeedstudio/COPYING]" classname="jmri.util.FileLineEndingsTest" time="0"/>
  <testcase name="lineEndings[./java/src/jmri/jmrix/rfid/protocol/olimex/COPYING]" classname="jmri.util.FileLineEndingsTest" time="0.001"/>
  <testcase name="lineEndings[./java/src/jmri/jmrix/rfid/protocol/coreid/COPYING]" classname="jmri.util.FileLineEndingsTest" time="0.001"/>
  <testcase name="lineEndings[./java/src/jmri/jmrix/rfid/networkdriver/COPYING]" classname="jmri.util.FileLineEndingsTest" time="0.001"/>
  <testcase name="lineEndings[./java/src/jmri/jmrix/rfid/networkdriver/configurexml/COPYING]" classname="jmri.util.FileLineEndingsTest" time="0"/>
  <testcase name="lineEndings[./java/src/jmri/jmrix/rfid/swing/COPYING]" classname="jmri.util.FileLineEndingsTest" time="0.001"/>
  <testcase name="lineEndings[./java/src/jmri/jmrix/rfid/swing/serialmon/COPYING]" classname="jmri.util.FileLineEndingsTest" time="0.001"/>
  <testcase name="lineEndings[./java/src/jmri/jmrix/rfid/generic/standalone/configurexml/COPYING]" classname="jmri.util.FileLineEndingsTest" time="0.001"/>
  <testcase name="lineEndings[./java/src/jmri/jmrix/rfid/generic/standalone/COPYING]" classname="jmri.util.FileLineEndingsTest" time="0"/>
  <testcase name="lineEndings[./java/src/jmri/jmrix/rfid/serialdriver/configurexml/COPYING]" classname="jmri.util.FileLineEndingsTest" time="0"/>
  <testcase name="lineEndings[./java/src/jmri/jmrix/rfid/serialdriver/COPYING]" classname="jmri.util.FileLineEndingsTest" time="0.001"/>
  <testcase name="lineEndings[./java/src/jmri/jmrix/rfid/merg/concentrator/configurexml/COPYING]" classname="jmri.util.FileLineEndingsTest" time="0.001"/>
  <testcase name="lineEndings[./java/src/jmri/jmrix/rfid/merg/concentrator/COPYING]" classname="jmri.util.FileLineEndingsTest" time="0.001"/>
  <testcase name="lineEndings[./java/src/jmri/jmrix/rfid/configurexml/COPYING]" classname="jmri.util.FileLineEndingsTest" time="0"/>
  <testcase name="lineEndings[./java/src/jmri/jmrix/rfid/COPYING]" classname="jmri.util.FileLineEndingsTest" time="0.001"/>
  <testcase name="lineEndings[./java/src/jmri/jmrix/secsi/simulator/COPYING]" classname="jmri.util.FileLineEndingsTest" time="0.001"/>
  <testcase name="lineEndings[./java/src/jmri/jmrix/secsi/simulator/configurexml/COPYING]" classname="jmri.util.FileLineEndingsTest" time="0.001"/>
  <testcase name="lineEndings[./java/src/jmri/jmrix/secsi/serialmon/COPYING]" classname="jmri.util.FileLineEndingsTest" time="0"/>
  <testcase name="lineEndings[./java/src/jmri/jmrix/secsi/nodeconfig/COPYING]" classname="jmri.util.FileLineEndingsTest" time="0.001"/>
  <testcase name="lineEndings[./java/src/jmri/jmrix/secsi/configurexml/COPYING]" classname="jmri.util.FileLineEndingsTest" time="0.001"/>
  <testcase name="lineEndings[./java/src/jmri/jmrix/secsi/serialdriver/COPYING]" classname="jmri.util.FileLineEndingsTest" time="0.001"/>
  <testcase name="lineEndings[./java/src/jmri/jmrix/secsi/serialdriver/configurexml/COPYING]" classname="jmri.util.FileLineEndingsTest" time="0"/>
  <testcase name="lineEndings[./java/src/jmri/jmrix/secsi/COPYING]" classname="jmri.util.FileLineEndingsTest" time="0.001"/>
  <testcase name="lineEndings[./java/src/jmri/jmrix/secsi/packetgen/COPYING]" classname="jmri.util.FileLineEndingsTest" time="0.001"/>
  <testcase name="lineEndings[./java/src/jmri/jmrix/roco/z21/swing/packetgen/COPYING]" classname="jmri.util.FileLineEndingsTest" time="0.001"/>
  <testcase name="lineEndings[./java/src/jmri/jmrix/roco/z21/swing/mon/COPYING]" classname="jmri.util.FileLineEndingsTest" time="0"/>
  <testcase name="lineEndings[./java/src/jmri/jmrix/roco/z21/swing/COPYING]" classname="jmri.util.FileLineEndingsTest" time="0.001"/>
  <testcase name="lineEndings[./java/src/jmri/jmrix/roco/z21/configurexml/COPYING]" classname="jmri.util.FileLineEndingsTest" time="0.001"/>
  <testcase name="lineEndings[./java/src/jmri/jmrix/roco/COPYING]" classname="jmri.util.FileLineEndingsTest" time="0.001"/>
  <testcase name="lineEndings[./java/src/jmri/jmrix/pricom/downloader/COPYING]" classname="jmri.util.FileLineEndingsTest" time="0"/>
  <testcase name="lineEndings[./java/src/jmri/jmrix/pricom/COPYING]" classname="jmri.util.FileLineEndingsTest" time="0.001"/>
  <testcase name="lineEndings[./java/src/jmri/jmrix/jinput/COPYING]" classname="jmri.util.FileLineEndingsTest" time="0.001"/>
  <testcase name="lineEndings[./java/src/jmri/jmrix/jinput/treecontrol/COPYING]" classname="jmri.util.FileLineEndingsTest" time="0.001"/>
  <testcase name="lineEndings[./java/src/jmri/jmrix/zimo/mxulf/COPYING]" classname="jmri.util.FileLineEndingsTest" time="0"/>
  <testcase name="lineEndings[./java/src/jmri/jmrix/zimo/mxulf/configurexml/COPYING]" classname="jmri.util.FileLineEndingsTest" time="0.001"/>
  <testcase name="lineEndings[./java/src/jmri/jmrix/zimo/mx1/configurexml/COPYING]" classname="jmri.util.FileLineEndingsTest" time="0.001"/>
  <testcase name="lineEndings[./java/src/jmri/jmrix/zimo/mx1/COPYING]" classname="jmri.util.FileLineEndingsTest" time="0.001"/>
  <testcase name="lineEndings[./java/src/jmri/jmrix/zimo/swing/packetgen/COPYING]" classname="jmri.util.FileLineEndingsTest" time="0"/>
  <testcase name="lineEndings[./java/src/jmri/jmrix/zimo/swing/monitor/COPYING]" classname="jmri.util.FileLineEndingsTest" time="0.001"/>
  <testcase name="lineEndings[./java/src/jmri/jmrix/zimo/COPYING]" classname="jmri.util.FileLineEndingsTest" time="0.001"/>
  <testcase name="lineEndings[./java/src/jmri/jmrix/dcc4pc/swing/monitor/COPYING]" classname="jmri.util.FileLineEndingsTest" time="0.001"/>
  <testcase name="lineEndings[./java/src/jmri/jmrix/dcc4pc/serialdriver/configurexml/COPYING]" classname="jmri.util.FileLineEndingsTest" time="0"/>
  <testcase name="lineEndings[./java/src/jmri/jmrix/debugthrottle/COPYING]" classname="jmri.util.FileLineEndingsTest" time="0"/>
  <testcase name="lineEndings[./java/src/jmri/jmrix/configurexml/COPYING]" classname="jmri.util.FileLineEndingsTest" time="0.001"/>
  <testcase name="lineEndings[./java/src/jmri/jmrix/serialsensor/COPYING]" classname="jmri.util.FileLineEndingsTest" time="0.001"/>
  <testcase name="lineEndings[./java/src/jmri/jmrix/internal/COPYING]" classname="jmri.util.FileLineEndingsTest" time="0.001"/>
  <testcase name="lineEndings[./java/src/jmri/jmrix/COPYING]" classname="jmri.util.FileLineEndingsTest" time="0.001"/>
  <testcase name="lineEndings[./java/src/jmri/web/servlet/frameimage/COPYING]" classname="jmri.util.FileLineEndingsTest" time="0"/>
  <testcase name="lineEndings[./java/src/jmri/web/servlet/COPYING]" classname="jmri.util.FileLineEndingsTest" time="0.001"/>
  <testcase name="lineEndings[./java/src/jmri/web/COPYING]" classname="jmri.util.FileLineEndingsTest" time="0.001"/>
  <testcase name="lineEndings[./java/src/jmri/configurexml/turnoutoperations/COPYING]" classname="jmri.util.FileLineEndingsTest" time="0.001"/>
  <testcase name="lineEndings[./java/src/jmri/configurexml/COPYING]" classname="jmri.util.FileLineEndingsTest" time="0"/>
  <testcase name="lineEndings[./java/src/jmri/implementation/swing/COPYING]" classname="jmri.util.FileLineEndingsTest" time="0.001"/>
  <testcase name="lineEndings[./java/src/jmri/implementation/COPYING]" classname="jmri.util.FileLineEndingsTest" time="0.001"/>
  <testcase name="lineEndings[./java/src/jmri/managers/configurexml/COPYING]" classname="jmri.util.FileLineEndingsTest" time="0.001"/>
  <testcase name="lineEndings[./java/src/jmri/managers/COPYING]" classname="jmri.util.FileLineEndingsTest" time="0"/>
  <testcase name="lineEndings[./java/src/jmri/util/table/COPYING]" classname="jmri.util.FileLineEndingsTest" time="0.001"/>
  <testcase name="lineEndings[./java/src/jmri/util/javamail/COPYING]" classname="jmri.util.FileLineEndingsTest" time="0.001"/>
  <testcase name="lineEndings[./java/src/jmri/jmris/simpleserver/COPYING]" classname="jmri.util.FileLineEndingsTest" time="0.001"/>
  <testcase name="lineEndings[./java/src/jmri/jmris/simpleserver/parser/COPYING]" classname="jmri.util.FileLineEndingsTest" time="0"/>
  <testcase name="lineEndings[./java/src/jmri/jmris/srcp/COPYING]" classname="jmri.util.FileLineEndingsTest" time="0.001"/>
  <testcase name="lineEndings[./java/src/jmri/jmris/COPYING]" classname="jmri.util.FileLineEndingsTest" time="0.001"/>
  <testcase name="lineEndings[./java/src/jmri/COPYING]" classname="jmri.util.FileLineEndingsTest" time="0.001"/>
  <testcase name="lineEndings[./java/src/jmri/progdebugger/COPYING]" classname="jmri.util.FileLineEndingsTest" time="0"/>
  <testcase name="lineEndings[./java/src/apps/InstallTest/COPYING]" classname="jmri.util.FileLineEndingsTest" time="0.001"/>
  <testcase name="lineEndings[./java/src/apps/configurexml/COPYING]" classname="jmri.util.FileLineEndingsTest" time="0.001"/>
  <testcase name="lineEndings[./java/src/apps/gui3/COPYING]" classname="jmri.util.FileLineEndingsTest" time="0"/>
  <testcase name="lineEndings[./java/src/apps/SoundPro/COPYING]" classname="jmri.util.FileLineEndingsTest" time="0.001"/>
  <testcase name="lineEndings[./java/src/apps/PanelPro/COPYING]" classname="jmri.util.FileLineEndingsTest" time="0.001"/>
  <testcase name="lineEndings[./java/src/apps/DecoderPro/COPYING]" classname="jmri.util.FileLineEndingsTest" time="0.001"/>
  <testcase name="lineEndings[./java/src/apps/COPYING]" classname="jmri.util.FileLineEndingsTest" time="0"/>
  <testcase name="lineEndings[./java/src/apps/DispatcherPro/COPYING]" classname="jmri.util.FileLineEndingsTest" time="0.001"/>
  <testcase name="lineEndings[./java/test/apps/tests/COPYING]" classname="jmri.util.FileLineEndingsTest" time="0.001"/>
  <testcase name="lineEndings[./java/test/jmri/jmrix/nce/COPYING]" classname="jmri.util.FileLineEndingsTest" time="0.001"/>
  <testcase name="lineEndings[./java/test/jmri/jmrix/roco/z21/COPYING]" classname="jmri.util.FileLineEndingsTest" time="0"/>
  <testcase name="lineEndings[./java/test/jmri/jmrix/roco/COPYING]" classname="jmri.util.FileLineEndingsTest" time="0.001"/>
  <testcase name="lineEndings[./java/test/jmri/jmrix/oaktree/COPYING]" classname="jmri.util.FileLineEndingsTest" time="0.001"/>
  <testcase name="lineEndings[./java/test/jmri/jmrix/secsi/COPYING]" classname="jmri.util.FileLineEndingsTest" time="0.001"/>
  <testcase name="lineEndings[./java/test/jmri/jmrix/qsi/COPYING]" classname="jmri.util.FileLineEndingsTest" time="0"/>
  <testcase name="lineEndings[./java/test/jmri/jmrix/loconet/locobuffer/COPYING]" classname="jmri.util.FileLineEndingsTest" time="0.001"/>
  <testcase name="lineEndings[./java/test/jmri/jmrix/loconet/spjfile/COPYING]" classname="jmri.util.FileLineEndingsTest" time="0.001"/>
  <testcase name="lineEndings[./java/test/jmri/jmrix/loconet/pr2/COPYING]" classname="jmri.util.FileLineEndingsTest" time="0.001"/>
  <testcase name="lineEndings[./java/test/jmri/jmrix/loconet/locobufferusb/COPYING]" classname="jmri.util.FileLineEndingsTest" time="0"/>
  <testcase name="lineEndings[./java/test/jmri/jmrix/loconet/locobufferii/COPYING]" classname="jmri.util.FileLineEndingsTest" time="0.001"/>
  <testcase name="lineEndings[./java/test/jmri/jmrix/loconet/sdfeditor/COPYING]" classname="jmri.util.FileLineEndingsTest" time="0.001"/>
  <testcase name="lineEndings[./java/test/jmri/jmrix/loconet/loconetovertcp/COPYING]" classname="jmri.util.FileLineEndingsTest" time="0.001"/>
  <testcase name="lineEndings[./java/test/jmri/jmrix/loconet/soundloader/COPYING]" classname="jmri.util.FileLineEndingsTest" time="0"/>
  <testcase name="lineEndings[./java/test/jmri/jmrix/loconet/sdf/COPYING]" classname="jmri.util.FileLineEndingsTest" time="0.001"/>
  <testcase name="lineEndings[./java/test/jmri/jmrix/loconet/Intellibox/COPYING]" classname="jmri.util.FileLineEndingsTest" time="0.001"/>
  <testcase name="lineEndings[./java/test/jmri/jmrix/loconet/bluetooth/COPYING]" classname="jmri.util.FileLineEndingsTest" time="0.001"/>
  <testcase name="lineEndings[./java/test/jmri/jmrix/loconet/locormi/COPYING]" classname="jmri.util.FileLineEndingsTest" time="0"/>
  <testcase name="lineEndings[./java/test/jmri/jmrix/loconet/locomon/COPYING]" classname="jmri.util.FileLineEndingsTest" time="0.001"/>
  <testcase name="lineEndings[./java/test/jmri/jmrix/loconet/COPYING]" classname="jmri.util.FileLineEndingsTest" time="0.001"/>
  <testcase name="lineEndings[./java/test/jmri/jmrix/direct/COPYING]" classname="jmri.util.FileLineEndingsTest" time="0.001"/>
  <testcase name="lineEndings[./java/test/jmri/jmrix/direct/serial/COPYING]" classname="jmri.util.FileLineEndingsTest" time="0"/>
  <testcase name="lineEndings[./java/test/jmri/jmrix/can/swing/COPYING]" classname="jmri.util.FileLineEndingsTest" time="0.001"/>
  <testcase name="lineEndings[./java/test/jmri/jmrix/can/swing/monitor/COPYING]" classname="jmri.util.FileLineEndingsTest" time="0.001"/>
  <testcase name="lineEndings[./java/test/jmri/jmrix/can/cbus/swing/configtool/COPYING]" classname="jmri.util.FileLineEndingsTest" time="0.001"/>
  <testcase name="lineEndings[./java/test/jmri/jmrix/can/cbus/swing/COPYING]" classname="jmri.util.FileLineEndingsTest" time="0.001"/>
  <testcase name="lineEndings[./java/test/jmri/jmrix/can/cbus/swing/nodeconfig/COPYING]" classname="jmri.util.FileLineEndingsTest" time="0"/>
  <testcase name="lineEndings[./java/test/jmri/jmrix/can/cbus/COPYING]" classname="jmri.util.FileLineEndingsTest" time="0.001"/>
  <testcase name="lineEndings[./java/test/jmri/jmrix/can/adapters/gridconnect/canrs/COPYING]" classname="jmri.util.FileLineEndingsTest" time="0.001"/>
  <testcase name="lineEndings[./java/test/jmri/jmrix/jmriclient/COPYING]" classname="jmri.util.FileLineEndingsTest" time="0.001"/>
  <testcase name="lineEndings[./java/test/jmri/jmrix/rfid/COPYING]" classname="jmri.util.FileLineEndingsTest" time="0"/>
  <testcase name="lineEndings[./java/test/jmri/jmrix/openlcb/swing/tie/COPYING]" classname="jmri.util.FileLineEndingsTest" time="0.001"/>
  <testcase name="lineEndings[./java/test/jmri/jmrix/ecos/COPYING]" classname="jmri.util.FileLineEndingsTest" time="0.001"/>
  <testcase name="lineEndings[./java/test/jmri/jmrix/grapevine/serialmon/COPYING]" classname="jmri.util.FileLineEndingsTest" time="0.001"/>
  <testcase name="lineEndings[./java/test/jmri/jmrix/grapevine/COPYING]" classname="jmri.util.FileLineEndingsTest" time="0"/>
  <testcase name="lineEndings[./java/test/jmri/jmrix/powerline/insteon2412s/COPYING]" classname="jmri.util.FileLineEndingsTest" time="0.001"/>
  <testcase name="lineEndings[./java/test/jmri/jmrix/powerline/COPYING]" classname="jmri.util.FileLineEndingsTest" time="0.001"/>
  <testcase name="lineEndings[./java/test/jmri/jmrix/rps/rpsmon/COPYING]" classname="jmri.util.FileLineEndingsTest" time="0.001"/>
  <testcase name="lineEndings[./java/test/jmri/jmrix/rps/swing/debugger/COPYING]" classname="jmri.util.FileLineEndingsTest" time="0"/>
  <testcase name="lineEndings[./java/test/jmri/jmrix/rps/swing/COPYING]" classname="jmri.util.FileLineEndingsTest" time="0.001"/>
  <testcase name="lineEndings[./java/test/jmri/jmrix/rps/trackingpanel/COPYING]" classname="jmri.util.FileLineEndingsTest" time="0.001"/>
  <testcase name="lineEndings[./java/test/jmri/jmrix/rps/csvinput/COPYING]" classname="jmri.util.FileLineEndingsTest" time="0.001"/>
  <testcase name="lineEndings[./java/test/jmri/jmrix/rps/reversealign/COPYING]" classname="jmri.util.FileLineEndingsTest" time="0"/>
  <testcase name="lineEndings[./java/test/jmri/jmrix/rps/COPYING]" classname="jmri.util.FileLineEndingsTest" time="0.001"/>
  <testcase name="lineEndings[./java/test/jmri/jmrix/ieee802154/xbee/COPYING]" classname="jmri.util.FileLineEndingsTest" time="0.001"/>
  <testcase name="lineEndings[./java/test/jmri/jmrix/ieee802154/COPYING]" classname="jmri.util.FileLineEndingsTest" time="0.001"/>
  <testcase name="lineEndings[./java/test/jmri/jmrix/ieee802154/serialdriver/COPYING]" classname="jmri.util.FileLineEndingsTest" time="0"/>
  <testcase name="lineEndings[./java/test/jmri/jmrix/lenz/swing/liusb/COPYING]" classname="jmri.util.FileLineEndingsTest" time="0.001"/>
  <testcase name="lineEndings[./java/test/jmri/jmrix/lenz/swing/systeminfo/COPYING]" classname="jmri.util.FileLineEndingsTest" time="0.001"/>
  <testcase name="lineEndings[./java/test/jmri/jmrix/lenz/swing/li101/COPYING]" classname="jmri.util.FileLineEndingsTest" time="0.001"/>
  <testcase name="lineEndings[./java/test/jmri/jmrix/lenz/swing/stackmon/COPYING]" classname="jmri.util.FileLineEndingsTest" time="0"/>
  <testcase name="lineEndings[./java/test/jmri/jmrix/lenz/swing/COPYING]" classname="jmri.util.FileLineEndingsTest" time="0.001"/>
  <testcase name="lineEndings[./java/test/jmri/jmrix/lenz/swing/mon/COPYING]" classname="jmri.util.FileLineEndingsTest" time="0.001"/>
  <testcase name="lineEndings[./java/test/jmri/jmrix/lenz/swing/lz100/COPYING]" classname="jmri.util.FileLineEndingsTest" time="0.001"/>
  <testcase name="lineEndings[./java/test/jmri/jmrix/lenz/swing/lzv100/COPYING]" classname="jmri.util.FileLineEndingsTest" time="0"/>
  <testcase name="lineEndings[./java/test/jmri/jmrix/lenz/liusbethernet/COPYING]" classname="jmri.util.FileLineEndingsTest" time="0.001"/>
  <testcase name="lineEndings[./java/test/jmri/jmrix/lenz/hornbyelite/COPYING]" classname="jmri.util.FileLineEndingsTest" time="0.001"/>
  <testcase name="lineEndings[./java/test/jmri/jmrix/lenz/liusbserver/COPYING]" classname="jmri.util.FileLineEndingsTest" time="0.001"/>
  <testcase name="lineEndings[./java/test/jmri/jmrix/lenz/COPYING]" classname="jmri.util.FileLineEndingsTest" time="0"/>
  <testcase name="lineEndings[./java/test/jmri/jmrix/dccpp/network/COPYING]" classname="jmri.util.FileLineEndingsTest" time="0.001"/>
  <testcase name="lineEndings[./java/test/jmri/jmrix/dccpp/COPYING]" classname="jmri.util.FileLineEndingsTest" time="0.001"/>
  <testcase name="lineEndings[./java/test/jmri/jmrix/srcp/parser/COPYING]" classname="jmri.util.FileLineEndingsTest" time="0.001"/>
  <testcase name="lineEndings[./java/test/jmri/jmrix/srcp/COPYING]" classname="jmri.util.FileLineEndingsTest" time="0"/>
  <testcase name="lineEndings[./java/test/jmri/jmrix/easydcc/COPYING]" classname="jmri.util.FileLineEndingsTest" time="0.001"/>
  <testcase name="lineEndings[./java/test/jmri/jmrix/tmcc/serialmon/COPYING]" classname="jmri.util.FileLineEndingsTest" time="0.001"/>
  <testcase name="lineEndings[./java/test/jmri/jmrix/tmcc/COPYING]" classname="jmri.util.FileLineEndingsTest" time="0.001"/>
  <testcase name="lineEndings[./java/test/jmri/jmrix/COPYING]" classname="jmri.util.FileLineEndingsTest" time="0"/>
  <testcase name="lineEndings[./java/test/jmri/jmrit/roster/COPYING]" classname="jmri.util.FileLineEndingsTest" time="0.001"/>
  <testcase name="lineEndings[./java/test/jmri/jmrit/automat/COPYING]" classname="jmri.util.FileLineEndingsTest" time="0.001"/>
  <testcase name="lineEndings[./java/test/jmri/jmrit/beantable/COPYING]" classname="jmri.util.FileLineEndingsTest" time="0.001"/>
  <testcase name="lineEndings[./java/test/jmri/jmrit/symbolicprog/COPYING]" classname="jmri.util.FileLineEndingsTest" time="0"/>
  <testcase name="lineEndings[./java/test/jmri/jmrit/simpleclock/COPYING]" classname="jmri.util.FileLineEndingsTest" time="0.001"/>
  <testcase name="lineEndings[./java/test/jmri/jmrit/display/COPYING]" classname="jmri.util.FileLineEndingsTest" time="0.001"/>
  <testcase name="lineEndings[./java/test/jmri/jmrit/operations/trains/COPYING]" classname="jmri.util.FileLineEndingsTest" time="0.001"/>
  <testcase name="lineEndings[./java/test/jmri/jmrit/operations/routes/COPYING]" classname="jmri.util.FileLineEndingsTest" time="0"/>
  <testcase name="lineEndings[./java/test/jmri/jmrit/operations/locations/COPYING]" classname="jmri.util.FileLineEndingsTest" time="0.001"/>
  <testcase name="lineEndings[./java/test/jmri/jmrit/operations/setup/COPYING]" classname="jmri.util.FileLineEndingsTest" time="0.001"/>
  <testcase name="lineEndings[./java/test/jmri/jmrit/operations/COPYING]" classname="jmri.util.FileLineEndingsTest" time="0.001"/>
  <testcase name="lineEndings[./java/test/jmri/jmrit/consisttool/COPYING]" classname="jmri.util.FileLineEndingsTest" time="0"/>
  <testcase name="lineEndings[./java/test/jmri/jmrit/powerpanel/COPYING]" classname="jmri.util.FileLineEndingsTest" time="0.001"/>
  <testcase name="lineEndings[./java/test/jmri/jmrit/decoderdefn/COPYING]" classname="jmri.util.FileLineEndingsTest" time="0.001"/>
  <testcase name="lineEndings[./java/test/jmri/jmrit/ussctc/COPYING]" classname="jmri.util.FileLineEndingsTest" time="0.001"/>
  <testcase name="lineEndings[./java/test/jmri/jmrit/blockboss/COPYING]" classname="jmri.util.FileLineEndingsTest" time="0"/>
  <testcase name="lineEndings[./java/test/jmri/jmrit/sensorgroup/COPYING]" classname="jmri.util.FileLineEndingsTest" time="0.001"/>
  <testcase name="lineEndings[./java/test/jmri/jmrit/jython/COPYING]" classname="jmri.util.FileLineEndingsTest" time="0.001"/>
  <testcase name="lineEndings[./java/test/jmri/jmrit/sound/COPYING]" classname="jmri.util.FileLineEndingsTest" time="0.001"/>
  <testcase name="lineEndings[./java/test/jmri/jmrit/COPYING]" classname="jmri.util.FileLineEndingsTest" time="0"/>
  <testcase name="lineEndings[./java/test/jmri/jmrit/tracker/COPYING]" classname="jmri.util.FileLineEndingsTest" time="0.001"/>
  <testcase name="lineEndings[./java/test/jmri/implementation/COPYING]" classname="jmri.util.FileLineEndingsTest" time="0.001"/>
  <testcase name="lineEndings[./java/test/jmri/implementation/swing/COPYING]" classname="jmri.util.FileLineEndingsTest" time="0.001"/>
  <testcase name="lineEndings[./java/test/jmri/jmris/srcp/parser/COPYING]" classname="jmri.util.FileLineEndingsTest" time="0"/>
  <testcase name="lineEndings[./java/test/jmri/jmris/srcp/COPYING]" classname="jmri.util.FileLineEndingsTest" time="0.001"/>
  <testcase name="lineEndings[./java/test/jmri/jmris/simpleserver/parser/COPYING]" classname="jmri.util.FileLineEndingsTest" time="0.001"/>
  <testcase name="lineEndings[./java/test/jmri/jmris/simpleserver/COPYING]" classname="jmri.util.FileLineEndingsTest" time="0.001"/>
  <testcase name="lineEndings[./java/test/jmri/jmris/COPYING]" classname="jmri.util.FileLineEndingsTest" time="0"/>
  <testcase name="lineEndings[./java/test/jmri/web/COPYING]" classname="jmri.util.FileLineEndingsTest" time="0.001"/>
  <testcase name="lineEndings[./java/test/jmri/COPYING]" classname="jmri.util.FileLineEndingsTest" time="0.001"/>
  <testcase name="lineEndings[./java/COPYING]" classname="jmri.util.FileLineEndingsTest" time="0.001"/>
  <testcase name="lineEndings[./web/COPYING]" classname="jmri.util.FileLineEndingsTest" time="0"/>
  <testcase name="lineEndings[./xml/decoders/COPYING]" classname="jmri.util.FileLineEndingsTest" time="0.02"/>
  <testcase name="lineEndings[./xml/DTD/COPYING]" classname="jmri.util.FileLineEndingsTest" time="0.001"/>
  <testcase name="lineEndings[./xml/XSLT/COPYING]" classname="jmri.util.FileLineEndingsTest" time="0.001"/>
  <testcase name="lineEndings[./xml/programmers/COPYING]" classname="jmri.util.FileLineEndingsTest" time="0.001"/>
  <testcase name="lineEndings[./xml/samples/javaone/COPYING]" classname="jmri.util.FileLineEndingsTest" time="0"/>
  <testcase name="lineEndings[./xml/samples/COPYING]" classname="jmri.util.FileLineEndingsTest" time="0.001"/>
  <testcase name="lineEndings[./xml/layout/COPYING]" classname="jmri.util.FileLineEndingsTest" time="0.001"/>
  <testcase name="lineEndings[./xml/COPYING]" classname="jmri.util.FileLineEndingsTest" time="0.001"/>
  <testcase name="lineEndings[./help/en/html/tools/throttle/COPYING]" classname="jmri.util.FileLineEndingsTest" time="0"/>
  <testcase name="lineEndings[./help/en/html/tools/tracker/COPYING]" classname="jmri.util.FileLineEndingsTest" time="0.001"/>
  <testcase name="lineEndings[./help/en/package/jmri/jmrit/beantable/COPYING]" classname="jmri.util.FileLineEndingsTest" time="0.001"/>
  <testcase name="lineEndings[./help/en/package/jmri/jmrit/speedometer/COPYING]" classname="jmri.util.FileLineEndingsTest" time="0.001"/>
  <testcase name="lineEndings[./help/en/package/jmri/jmrit/COPYING]" classname="jmri.util.FileLineEndingsTest" time="0"/>
  <testcase name="lineEndings[./help/en/package/jmri/jmrit/simpleturnoutctrl/COPYING]" classname="jmri.util.FileLineEndingsTest" time="0.001"/>
  <testcase name="lineEndings[./help/en/package/jmri/jmrit/powerpanel/COPYING]" classname="jmri.util.FileLineEndingsTest" time="0.001"/>
  <testcase name="lineEndings[./help/en/package/jmri/jmrix/nce/clockmon/COPYING]" classname="jmri.util.FileLineEndingsTest" time="0.001"/>
  <testcase name="lineEndings[./help/en/package/jmri/jmrix/nce/COPYING]" classname="jmri.util.FileLineEndingsTest" time="0.001"/>
  <testcase name="lineEndings[./help/en/package/jmri/jmrix/secsi/nodeconfig/COPYING]" classname="jmri.util.FileLineEndingsTest" time="0"/>
  <testcase name="lineEndings[./help/en/package/jmri/jmrix/secsi/serialmon/COPYING]" classname="jmri.util.FileLineEndingsTest" time="0.001"/>
  <testcase name="lineEndings[./help/en/package/jmri/jmrix/secsi/packetgen/COPYING]" classname="jmri.util.FileLineEndingsTest" time="0.001"/>
  <testcase name="lineEndings[./help/en/package/jmri/jmrix/secsi/COPYING]" classname="jmri.util.FileLineEndingsTest" time="0.001"/>
  <testcase name="lineEndings[./help/en/package/jmri/jmrix/grapevine/serialmon/COPYING]" classname="jmri.util.FileLineEndingsTest" time="0"/>
  <testcase name="lineEndings[./help/en/package/jmri/jmrix/grapevine/COPYING]" classname="jmri.util.FileLineEndingsTest" time="0.001"/>
  <testcase name="lineEndings[./help/en/package/jmri/jmrix/grapevine/packetgen/COPYING]" classname="jmri.util.FileLineEndingsTest" time="0.001"/>
  <testcase name="lineEndings[./help/en/package/jmri/jmrix/grapevine/nodeconfig/COPYING]" classname="jmri.util.FileLineEndingsTest" time="0.001"/>
  <testcase name="lineEndings[./help/en/package/jmri/jmrix/powerline/packetgen/COPYING]" classname="jmri.util.FileLineEndingsTest" time="0.001"/>
  <testcase name="lineEndings[./help/en/package/jmri/jmrix/powerline/nodeconfig/COPYING]" classname="jmri.util.FileLineEndingsTest" time="0"/>
  <testcase name="lineEndings[./help/en/package/jmri/jmrix/powerline/COPYING]" classname="jmri.util.FileLineEndingsTest" time="0.001"/>
  <testcase name="lineEndings[./help/en/package/jmri/jmrix/powerline/serialmon/COPYING]" classname="jmri.util.FileLineEndingsTest" time="0.001"/>
  <testcase name="lineEndings[./help/en/package/jmri/jmrix/COPYING]" classname="jmri.util.FileLineEndingsTest" time="0.001"/>
  <testcase name="lineEndings[./help/en/package/jmri/COPYING]" classname="jmri.util.FileLineEndingsTest" time="0"/>
  <testcase name="lineEndings[./help/en/package/COPYING]" classname="jmri.util.FileLineEndingsTest" time="0.001"/>
  <testcase name="lineEndings[./help/en/COPYING]" classname="jmri.util.FileLineEndingsTest" time="0.001"/>
  <testcase name="lineEndings[./help/fr/package/jmri/jmrix/secsi/nodeconfig/COPYING]" classname="jmri.util.FileLineEndingsTest" time="0.001"/>
  <testcase name="lineEndings[./help/fr/package/jmri/jmrix/secsi/serialmon/COPYING]" classname="jmri.util.FileLineEndingsTest" time="0"/>
  <testcase name="lineEndings[./help/fr/package/jmri/jmrix/secsi/packetgen/COPYING]" classname="jmri.util.FileLineEndingsTest" time="0.001"/>
  <testcase name="lineEndings[./help/fr/package/jmri/jmrix/secsi/COPYING]" classname="jmri.util.FileLineEndingsTest" time="0.001"/>
  <testcase name="lineEndings[./help/fr/package/jmri/jmrix/nce/clockmon/COPYING]" classname="jmri.util.FileLineEndingsTest" time="0.001"/>
  <testcase name="lineEndings[./help/fr/package/jmri/jmrix/nce/COPYING]" classname="jmri.util.FileLineEndingsTest" time="0"/>
  <testcase name="lineEndings[./help/fr/package/jmri/jmrix/grapevine/nodeconfig/COPYING]" classname="jmri.util.FileLineEndingsTest" time="0.001"/>
  <testcase name="lineEndings[./help/fr/package/jmri/jmrix/grapevine/serialmon/COPYING]" classname="jmri.util.FileLineEndingsTest" time="0.001"/>
  <testcase name="lineEndings[./help/fr/package/jmri/jmrix/grapevine/packetgen/COPYING]" classname="jmri.util.FileLineEndingsTest" time="0.001"/>
  <testcase name="lineEndings[./help/fr/package/jmri/jmrix/grapevine/COPYING]" classname="jmri.util.FileLineEndingsTest" time="0.001"/>
  <testcase name="lineEndings[./help/fr/package/jmri/jmrix/powerline/serialmon/COPYING]" classname="jmri.util.FileLineEndingsTest" time="0"/>
  <testcase name="lineEndings[./help/fr/package/jmri/jmrix/powerline/nodeconfig/COPYING]" classname="jmri.util.FileLineEndingsTest" time="0.001"/>
  <testcase name="lineEndings[./help/fr/package/jmri/jmrix/powerline/COPYING]" classname="jmri.util.FileLineEndingsTest" time="0.001"/>
  <testcase name="lineEndings[./help/fr/package/jmri/jmrix/powerline/packetgen/COPYING]" classname="jmri.util.FileLineEndingsTest" time="0.001"/>
  <testcase name="lineEndings[./help/fr/package/jmri/jmrix/COPYING]" classname="jmri.util.FileLineEndingsTest" time="0"/>
  <testcase name="lineEndings[./help/fr/package/jmri/jmrit/beantable/COPYING]" classname="jmri.util.FileLineEndingsTest" time="0.001"/>
  <testcase name="lineEndings[./help/fr/package/jmri/jmrit/powerpanel/COPYING]" classname="jmri.util.FileLineEndingsTest" time="0.001"/>
  <testcase name="lineEndings[./help/fr/package/jmri/jmrit/COPYING]" classname="jmri.util.FileLineEndingsTest" time="0.001"/>
  <testcase name="lineEndings[./help/fr/package/jmri/jmrit/speedometer/COPYING]" classname="jmri.util.FileLineEndingsTest" time="0"/>
  <testcase name="lineEndings[./help/fr/package/jmri/jmrit/simpleturnoutctrl/COPYING]" classname="jmri.util.FileLineEndingsTest" time="0.001"/>
  <testcase name="lineEndings[./help/fr/package/jmri/COPYING]" classname="jmri.util.FileLineEndingsTest" time="0.001"/>
  <testcase name="lineEndings[./help/fr/package/COPYING]" classname="jmri.util.FileLineEndingsTest" time="0.001"/>
  <testcase name="lineEndings[./help/fr/html/tools/throttle/COPYING]" classname="jmri.util.FileLineEndingsTest" time="0"/>
  <testcase name="lineEndings[./help/fr/html/tools/tracker/COPYING]" classname="jmri.util.FileLineEndingsTest" time="0.001"/>
  <testcase name="lineEndings[./help/fr/COPYING]" classname="jmri.util.FileLineEndingsTest" time="0.001"/>
  <testcase name="lineEndings[./help/COPYING]" classname="jmri.util.FileLineEndingsTest" time="0.001"/>
  <testcase name="lineEndings[./jython/javaone/COPYING]" classname="jmri.util.FileLineEndingsTest" time="0"/>
  <testcase name="lineEndings[./jython/COPYING]" classname="jmri.util.FileLineEndingsTest" time="0.001"/>
  <testcase name="lineEndings[./jython/dccspecialties/COPYING]" classname="jmri.util.FileLineEndingsTest" time="0.001"/>
  <testcase name="lineEndings[./resources/icons/USS/track/turnout/right/COPYING]" classname="jmri.util.FileLineEndingsTest" time="0.001"/>
  <testcase name="lineEndings[./resources/icons/USS/track/turnout/left/COPYING]" classname="jmri.util.FileLineEndingsTest" time="0"/>
  <testcase name="lineEndings[./resources/icons/USS/track/turnout/wye/COPYING]" classname="jmri.util.FileLineEndingsTest" time="0.001"/>
  <testcase name="lineEndings[./resources/icons/USS/track/turnout/COPYING]" classname="jmri.util.FileLineEndingsTest" time="0.001"/>
  <testcase name="lineEndings[./resources/icons/USS/track/COPYING]" classname="jmri.util.FileLineEndingsTest" time="0.001"/>
  <testcase name="lineEndings[./resources/icons/USS/proto/COPYING]" classname="jmri.util.FileLineEndingsTest" time="0"/>
  <testcase name="lineEndings[./resources/icons/USS/COPYING]" classname="jmri.util.FileLineEndingsTest" time="0.001"/>
  <testcase name="lineEndings[./resources/icons/smallschematics/semaphores/COPYING]" classname="jmri.util.FileLineEndingsTest" time="0.001"/>
  <testcase name="lineEndings[./resources/icons/mediumschematics/COPYING]" classname="jmri.util.FileLineEndingsTest" time="0.001"/>
  <testcase name="lineEndings[./resources/icons/USSpanels/COPYING]" classname="jmri.util.FileLineEndingsTest" time="0"/>
  <testcase name="lineEndings[./resources/icons/misc/COPYING]" classname="jmri.util.FileLineEndingsTest" time="0.001"/>
  <testcase name="lineEndings[./resources/icons/cornwall/COPYING]" classname="jmri.util.FileLineEndingsTest" time="0.001"/>
  <testcase name="lineEndings[./resources/icons/CTCpanels/COPYING]" classname="jmri.util.FileLineEndingsTest" time="0.001"/>
  <testcase name="lineEndings[./resources/icons/COPYING]" classname="jmri.util.FileLineEndingsTest" time="0.001"/>
  <testcase name="lineEndings[./resources/COPYING]" classname="jmri.util.FileLineEndingsTest" time="0"/>
  <testcase name="lineEndings[./scripts/WinInstallFiles/COPYING]" classname="jmri.util.FileLineEndingsTest" time="0.001"/>
  <testcase name="lineEndings[./scripts/COPYING]" classname="jmri.util.FileLineEndingsTest" time="0.001"/>
  <testcase name="lineEndings[./nbproject/private/COPYING]" classname="jmri.util.FileLineEndingsTest" time="0.001"/>
  <testcase name="lineEndings[./nbproject/COPYING]" classname="jmri.util.FileLineEndingsTest" time="0"/>
  <testcase name="lineEndings[./java/src/jmri/jmrit/display/README]" classname="jmri.util.FileLineEndingsTest" time="0.001"/>
  <testcase name="lineEndings[./java/src/jmri/jmrit/beantable/README]" classname="jmri.util.FileLineEndingsTest" time="0.001"/>
  <testcase name="lineEndings[./java/src/jmri/jmrit/vsdecoder/README]" classname="jmri.util.FileLineEndingsTest" time="0.001"/>
  <testcase name="lineEndings[./java/src/jmri/jmrit/symbolicprog/README]" classname="jmri.util.FileLineEndingsTest" time="0"/>
  <testcase name="lineEndings[./java/src/jmri/jmrit/symbolicprog/printer/README]" classname="jmri.util.FileLineEndingsTest" time="0.001"/>
  <testcase name="lineEndings[./java/src/jmri/jmrit/blockboss/README]" classname="jmri.util.FileLineEndingsTest" time="0.001"/>
  <testcase name="lineEndings[./java/src/jmri/jmrit/simpleturnoutctrl/README]" classname="jmri.util.FileLineEndingsTest" time="0"/>
  <testcase name="lineEndings[./java/src/jmri/jmrit/automat/README]" classname="jmri.util.FileLineEndingsTest" time="0.001"/>
  <testcase name="lineEndings[./java/src/jmri/jmrit/powerpanel/README]" classname="jmri.util.FileLineEndingsTest" time="0.001"/>
  <testcase name="lineEndings[./java/src/jmri/jmrit/simpleprog/README]" classname="jmri.util.FileLineEndingsTest" time="0"/>
  <testcase name="lineEndings[./java/src/jmri/jmrit/sendpacket/README]" classname="jmri.util.FileLineEndingsTest" time="0.001"/>
  <testcase name="lineEndings[./java/src/jmri/jmrit/README]" classname="jmri.util.FileLineEndingsTest" time="0.001"/>
  <testcase name="lineEndings[./java/src/jmri/jmrit/autospeed/README]" classname="jmri.util.FileLineEndingsTest" time="0"/>
  <testcase name="lineEndings[./java/src/jmri/jmrix/loconet/locormi/README]" classname="jmri.util.FileLineEndingsTest" time="0.001"/>
  <testcase name="lineEndings[./java/src/jmri/jmrix/loconet/README]" classname="jmri.util.FileLineEndingsTest" time="0.001"/>
  <testcase name="lineEndings[./java/src/jmri/jmrix/loconet/locomon/README]" classname="jmri.util.FileLineEndingsTest" time="0.001"/>
  <testcase name="lineEndings[./java/src/jmri/jmrix/loconet/locobuffer/README]" classname="jmri.util.FileLineEndingsTest" time="0"/>
  <testcase name="lineEndings[./java/src/jmri/jmrix/loconet/se8/README]" classname="jmri.util.FileLineEndingsTest" time="0.001"/>
  <testcase name="lineEndings[./java/src/jmri/jmrix/loconet/ms100/README]" classname="jmri.util.FileLineEndingsTest" time="0.001"/>
  <testcase name="lineEndings[./java/src/jmri/jmrix/loconet/locoio/README]" classname="jmri.util.FileLineEndingsTest" time="0"/>
  <testcase name="lineEndings[./java/src/jmri/jmrix/loconet/slotmon/README]" classname="jmri.util.FileLineEndingsTest" time="0.001"/>
  <testcase name="lineEndings[./java/src/jmri/jmrix/lenz/README]" classname="jmri.util.FileLineEndingsTest" time="0.001"/>
  <testcase name="lineEndings[./java/src/jmri/jmrix/bachrus/serialdriver/README]" classname="jmri.util.FileLineEndingsTest" time="0"/>
  <testcase name="lineEndings[./java/src/jmri/jmrix/dccpp/dccppovertcp/README]" classname="jmri.util.FileLineEndingsTest" time="0.001"/>
  <testcase name="lineEndings[./java/src/jmri/jmrix/easydcc/serialdriver/README]" classname="jmri.util.FileLineEndingsTest" time="0.001"/>
  <testcase name="lineEndings[./java/src/jmri/jmrix/easydcc/networkdriver/README]" classname="jmri.util.FileLineEndingsTest" time="0"/>
  <testcase name="lineEndings[./java/src/jmri/jmrix/easydcc/easydccmon/README]" classname="jmri.util.FileLineEndingsTest" time="0.001"/>
  <testcase name="lineEndings[./java/src/jmri/jmrix/cmri/serial/serialmon/README]" classname="jmri.util.FileLineEndingsTest" time="0.001"/>
  <testcase name="lineEndings[./java/src/jmri/jmrix/cmri/serial/serialdriver/README]" classname="jmri.util.FileLineEndingsTest" time="0.001"/>
  <testcase name="lineEndings[./java/src/jmri/jmrix/cmri/README]" classname="jmri.util.FileLineEndingsTest" time="0"/>
  <testcase name="lineEndings[./java/src/jmri/jmrix/nce/ncemon/README]" classname="jmri.util.FileLineEndingsTest" time="0.001"/>
  <testcase name="lineEndings[./java/src/jmri/jmrix/nce/usbdriver/README]" classname="jmri.util.FileLineEndingsTest" time="0.001"/>
  <testcase name="lineEndings[./java/src/jmri/jmrix/nce/serialdriver/README]" classname="jmri.util.FileLineEndingsTest" time="0"/>
  <testcase name="lineEndings[./java/src/jmri/jmrix/nce/simulator/README]" classname="jmri.util.FileLineEndingsTest" time="0.001"/>
  <testcase name="lineEndings[./java/src/jmri/jmrix/mrc/simulator/README]" classname="jmri.util.FileLineEndingsTest" time="0.001"/>
  <testcase name="lineEndings[./java/src/jmri/jmrix/xpa/serialdriver/README]" classname="jmri.util.FileLineEndingsTest" time="0"/>
  <testcase name="lineEndings[./java/src/jmri/jmrix/xpa/README]" classname="jmri.util.FileLineEndingsTest" time="0.001"/>
  <testcase name="lineEndings[./java/src/jmri/jmrix/sprog/sprogslotmon/README]" classname="jmri.util.FileLineEndingsTest" time="0.001"/>
  <testcase name="lineEndings[./java/src/jmri/jmrix/sprog/pi/pisprogonecs/README]" classname="jmri.util.FileLineEndingsTest" time="0"/>
  <testcase name="lineEndings[./java/src/jmri/jmrix/sprog/pi/pisprogone/README]" classname="jmri.util.FileLineEndingsTest" time="0"/>
  <testcase name="lineEndings[./java/src/jmri/jmrix/sprog/pi/pisprognano/README]" classname="jmri.util.FileLineEndingsTest" time="0.001"/>
  <testcase name="lineEndings[./java/src/jmri/jmrix/sprog/sprogCS/README]" classname="jmri.util.FileLineEndingsTest" time="0.001"/>
  <testcase name="lineEndings[./java/src/jmri/jmrix/sprog/sprogmon/README]" classname="jmri.util.FileLineEndingsTest" time="0"/>
  <testcase name="lineEndings[./java/src/jmri/jmrix/sprog/sprog/README]" classname="jmri.util.FileLineEndingsTest" time="0.001"/>
  <testcase name="lineEndings[./java/src/jmri/jmrix/sprog/serialdriver/README]" classname="jmri.util.FileLineEndingsTest" time="0.001"/>
  <testcase name="lineEndings[./java/src/jmri/jmrix/sprog/sprognano/README]" classname="jmri.util.FileLineEndingsTest" time="0"/>
  <testcase name="lineEndings[./java/src/jmri/jmrix/direct/README]" classname="jmri.util.FileLineEndingsTest" time="0.001"/>
  <testcase name="lineEndings[./java/src/jmri/jmrix/oaktree/README]" classname="jmri.util.FileLineEndingsTest" time="0.001"/>
  <testcase name="lineEndings[./java/src/jmri/jmrix/tams/simulator/README]" classname="jmri.util.FileLineEndingsTest" time="0"/>
  <testcase name="lineEndings[./java/src/jmri/jmrix/powerline/simulator/README]" classname="jmri.util.FileLineEndingsTest" time="0.001"/>
  <testcase name="lineEndings[./java/src/jmri/jmrix/ncemonitor/README]" classname="jmri.util.FileLineEndingsTest" time="0.001"/>
  <testcase name="lineEndings[./java/src/jmri/jmrix/pricom/pockettester/README]" classname="jmri.util.FileLineEndingsTest" time="0"/>
  <testcase name="lineEndings[./java/src/jmri/jmrix/pricom/README]" classname="jmri.util.FileLineEndingsTest" time="0"/>
  <testcase name="lineEndings[./java/src/jmri/configurexml/README]" classname="jmri.util.FileLineEndingsTest" time="0.001"/>
  <testcase name="lineEndings[./java/src/jmri/util/iharder/README]" classname="jmri.util.FileLineEndingsTest" time="0.001"/>
  <testcase name="lineEndings[./java/src/jmri/util/com/sun/README]" classname="jmri.util.FileLineEndingsTest" time="0.001"/>
  <testcase name="lineEndings[./java/src/jmri/jmris/README]" classname="jmri.util.FileLineEndingsTest" time="0.001"/>
  <testcase name="lineEndings[./java/src/jmri/progdebugger/README]" classname="jmri.util.FileLineEndingsTest" time="0"/>
  <testcase name="lineEndings[./java/src/apps/InstallTest/README]" classname="jmri.util.FileLineEndingsTest" time="0.001"/>
  <testcase name="lineEndings[./java/src/apps/SoundPro/README]" classname="jmri.util.FileLineEndingsTest" time="0.001"/>
  <testcase name="lineEndings[./java/src/apps/PanelPro/README]" classname="jmri.util.FileLineEndingsTest" time="0"/>
  <testcase name="lineEndings[./java/src/apps/DecoderPro/README]" classname="jmri.util.FileLineEndingsTest" time="0.001"/>
  <testcase name="lineEndings[./java/src/apps/README]" classname="jmri.util.FileLineEndingsTest" time="0.001"/>
  <testcase name="lineEndings[./java/test/jmri/jmrix/loconet/spjfile/README]" classname="jmri.util.FileLineEndingsTest" time="0"/>
  <testcase name="lineEndings[./java/test/jmri/jmrix/loconet/sdf/README]" classname="jmri.util.FileLineEndingsTest" time="0.001"/>
  <testcase name="lineEndings[./java/test/jmri/jmrit/display/configurexml/load/README]" classname="jmri.util.FileLineEndingsTest" time="0.001"/>
  <testcase name="lineEndings[./java/test/jmri/jmrit/display/configurexml/loadref/README]" classname="jmri.util.FileLineEndingsTest" time="0"/>
  <testcase name="lineEndings[./java/test/jmri/jmrit/display/layoutEditor/load/README]" classname="jmri.util.FileLineEndingsTest" time="0"/>
  <testcase name="lineEndings[./java/test/jmri/jmrit/display/layoutEditor/loadref/README]" classname="jmri.util.FileLineEndingsTest" time="0.001"/>
  <testcase name="lineEndings[./java/test/jmri/jmrit/decoderdefn/fail/README]" classname="jmri.util.FileLineEndingsTest" time="0.001"/>
  <testcase name="lineEndings[./java/test/jmri/configurexml/loadref/README]" classname="jmri.util.FileLineEndingsTest" time="0"/>
  <testcase name="lineEndings[./java/test/jmri/configurexml/load/README]" classname="jmri.util.FileLineEndingsTest" time="0.001"/>
  <testcase name="lineEndings[./java/test/jmri/configurexml/invalid/README]" classname="jmri.util.FileLineEndingsTest" time="0.001"/>
  <testcase name="lineEndings[./java/test/jmri/configurexml/valid/README]" classname="jmri.util.FileLineEndingsTest" time="0"/>
  <testcase name="lineEndings[./java/README]" classname="jmri.util.FileLineEndingsTest" time="0.001"/>
  <testcase name="lineEndings[./xml/decoders/README]" classname="jmri.util.FileLineEndingsTest" time="0"/>
  <testcase name="lineEndings[./xml/schema/docbook/README]" classname="jmri.util.FileLineEndingsTest" time="0.001"/>
  <testcase name="lineEndings[./xml/XSLT/README]" classname="jmri.util.FileLineEndingsTest" time="0"/>
  <testcase name="lineEndings[./xml/programmers/README]" classname="jmri.util.FileLineEndingsTest" time="0.001"/>
  <testcase name="lineEndings[./xml/layout/README]" classname="jmri.util.FileLineEndingsTest" time="0.001"/>
  <testcase name="lineEndings[./help/en/html/hardware/raildriver/README]" classname="jmri.util.FileLineEndingsTest" time="0.001"/>
  <testcase name="lineEndings[./help/en/jars/README]" classname="jmri.util.FileLineEndingsTest" time="0.001"/>
  <testcase name="lineEndings[./help/en/images/README]" classname="jmri.util.FileLineEndingsTest" time="0"/>
  <testcase name="lineEndings[./help/en/README]" classname="jmri.util.FileLineEndingsTest" time="0.001"/>
  <testcase name="lineEndings[./help/fr/html/hardware/raildriver/README]" classname="jmri.util.FileLineEndingsTest" time="0.001"/>
  <testcase name="lineEndings[./help/fr/images/README]" classname="jmri.util.FileLineEndingsTest" time="0"/>
  <testcase name="lineEndings[./help/fr/jars/README]" classname="jmri.util.FileLineEndingsTest" time="0.001"/>
  <testcase name="lineEndings[./help/fr/README]" classname="jmri.util.FileLineEndingsTest" time="0.001"/>
  <testcase name="lineEndings[./help/README]" classname="jmri.util.FileLineEndingsTest" time="0"/>
  <testcase name="lineEndings[./jython/javaone/README]" classname="jmri.util.FileLineEndingsTest" time="0.001"/>
  <testcase name="lineEndings[./jython/Jynstruments/README]" classname="jmri.util.FileLineEndingsTest" time="0"/>
  <testcase name="lineEndings[./jython/dccspecialties/README]" classname="jmri.util.FileLineEndingsTest" time="0.001"/>
  <testcase name="lineEndings[./jython/README]" classname="jmri.util.FileLineEndingsTest" time="0.001"/>
  <testcase name="lineEndings[./resources/icons/USS/sensor/blink/README]" classname="jmri.util.FileLineEndingsTest" time="0"/>
  <testcase name="lineEndings[./resources/icons/USS/sensor/README]" classname="jmri.util.FileLineEndingsTest" time="0.001"/>
  <testcase name="lineEndings[./resources/icons/USS/plate/base-plates/misc/README]" classname="jmri.util.FileLineEndingsTest" time="0.001"/>
  <testcase name="lineEndings[./resources/icons/USS/plate/base-plates/signal/README]" classname="jmri.util.FileLineEndingsTest" time="0.007"/>
  <testcase name="lineEndings[./resources/icons/USS/plate/base-plates/turnout/README]" classname="jmri.util.FileLineEndingsTest" time="0"/>
  <testcase name="lineEndings[./resources/icons/USS/plate/numbered-plates/signal/README]" classname="jmri.util.FileLineEndingsTest" time="0"/>
  <testcase name="lineEndings[./resources/icons/USS/plate/numbered-plates/turnout/README]" classname="jmri.util.FileLineEndingsTest" time="0"/>
  <testcase name="lineEndings[./resources/icons/USS/plate/levers/README]" classname="jmri.util.FileLineEndingsTest" time="0"/>
  <testcase name="lineEndings[./resources/icons/USS/track/turnout/right/slip/west/README]" classname="jmri.util.FileLineEndingsTest" time="0"/>
  <testcase name="lineEndings[./resources/icons/USS/track/turnout/right/slip/east/README]" classname="jmri.util.FileLineEndingsTest" time="0"/>
  <testcase name="lineEndings[./resources/icons/USS/track/turnout/right/dark/README]" classname="jmri.util.FileLineEndingsTest" time="0"/>
  <testcase name="lineEndings[./resources/icons/USS/track/turnout/right/se/README]" classname="jmri.util.FileLineEndingsTest" time="0"/>
  <testcase name="lineEndings[./resources/icons/USS/track/turnout/right/ne/README]" classname="jmri.util.FileLineEndingsTest" time="0"/>
  <testcase name="lineEndings[./resources/icons/USS/track/turnout/right/west/README]" classname="jmri.util.FileLineEndingsTest" time="0"/>
  <testcase name="lineEndings[./resources/icons/USS/track/turnout/right/sw/README]" classname="jmri.util.FileLineEndingsTest" time="0"/>
  <testcase name="lineEndings[./resources/icons/USS/track/turnout/right/nw/README]" classname="jmri.util.FileLineEndingsTest" time="0.001"/>
  <testcase name="lineEndings[./resources/icons/USS/track/turnout/right/east/README]" classname="jmri.util.FileLineEndingsTest" time="0.001"/>
  <testcase name="lineEndings[./resources/icons/USS/track/turnout/left/west/README]" classname="jmri.util.FileLineEndingsTest" time="0"/>
  <testcase name="lineEndings[./resources/icons/USS/track/turnout/left/sw/README]" classname="jmri.util.FileLineEndingsTest" time="0.001"/>
  <testcase name="lineEndings[./resources/icons/USS/track/turnout/left/slip/west/README]" classname="jmri.util.FileLineEndingsTest" time="0.001"/>
  <testcase name="lineEndings[./resources/icons/USS/track/turnout/left/slip/east/README]" classname="jmri.util.FileLineEndingsTest" time="0.001"/>
  <testcase name="lineEndings[./resources/icons/USS/track/turnout/left/dark/README]" classname="jmri.util.FileLineEndingsTest" time="0"/>
  <testcase name="lineEndings[./resources/icons/USS/track/turnout/left/se/README]" classname="jmri.util.FileLineEndingsTest" time="0.001"/>
  <testcase name="lineEndings[./resources/icons/USS/track/turnout/left/east/README]" classname="jmri.util.FileLineEndingsTest" time="0.001"/>
  <testcase name="lineEndings[./resources/icons/USS/track/turnout/left/ne/README]" classname="jmri.util.FileLineEndingsTest" time="0"/>
  <testcase name="lineEndings[./resources/icons/USS/track/turnout/left/nw/README]" classname="jmri.util.FileLineEndingsTest" time="0.001"/>
  <testcase name="lineEndings[./resources/icons/USS/track/turnout/wye/west/README]" classname="jmri.util.FileLineEndingsTest" time="0.001"/>
  <testcase name="lineEndings[./resources/icons/USS/track/turnout/wye/dark/README]" classname="jmri.util.FileLineEndingsTest" time="0"/>
  <testcase name="lineEndings[./resources/icons/USS/track/turnout/wye/east/README]" classname="jmri.util.FileLineEndingsTest" time="0.001"/>
  <testcase name="lineEndings[./resources/icons/USS/track/diamond/90/README]" classname="jmri.util.FileLineEndingsTest" time="0.001"/>
  <testcase name="lineEndings[./resources/icons/USS/track/diamond/right/README]" classname="jmri.util.FileLineEndingsTest" time="0.001"/>
  <testcase name="lineEndings[./resources/icons/USS/track/diamond/left/README]" classname="jmri.util.FileLineEndingsTest" time="0"/>
  <testcase name="lineEndings[./resources/icons/USS/track/block/README]" classname="jmri.util.FileLineEndingsTest" time="0.001"/>
  <testcase name="lineEndings[./resources/icons/USS/track/crossover/left/README]" classname="jmri.util.FileLineEndingsTest" time="0.001"/>
  <testcase name="lineEndings[./resources/icons/USS/track/crossover/double/README]" classname="jmri.util.FileLineEndingsTest" time="0"/>
  <testcase name="lineEndings[./resources/icons/USS/track/crossover/right/README]" classname="jmri.util.FileLineEndingsTest" time="0.001"/>
  <testcase name="lineEndings[./resources/icons/USS/proto/README]" classname="jmri.util.FileLineEndingsTest" time="0.001"/>
  <testcase name="lineEndings[./resources/icons/USS/background/README]" classname="jmri.util.FileLineEndingsTest" time="0"/>
  <testcase name="lineEndings[./resources/icons/USS/README]" classname="jmri.util.FileLineEndingsTest" time="0.001"/>
  <testcase name="lineEndings[./resources/icons/smallschematics/aspects/AAR-1946/README]" classname="jmri.util.FileLineEndingsTest" time="0.001"/>
  <testcase name="lineEndings[./resources/icons/smallschematics/aspects/README]" classname="jmri.util.FileLineEndingsTest" time="0.001"/>
  <testcase name="lineEndings[./resources/icons/smallschematics/searchlights/README]" classname="jmri.util.FileLineEndingsTest" time="0"/>
  <testcase name="lineEndings[./resources/icons/smallschematics/tracksegments/README]" classname="jmri.util.FileLineEndingsTest" time="0.001"/>
  <testcase name="lineEndings[./resources/icons/smallschematics/README]" classname="jmri.util.FileLineEndingsTest" time="0.001"/>
  <testcase name="lineEndings[./resources/icons/mediumschematics/Signals/DwarfHorizontal/README]" classname="jmri.util.FileLineEndingsTest" time="0"/>
  <testcase name="lineEndings[./resources/icons/mediumschematics/Signals/README]" classname="jmri.util.FileLineEndingsTest" time="0.001"/>
  <testcase name="lineEndings[./resources/icons/mediumschematics/Signals/Dwarf45Degree/README]" classname="jmri.util.FileLineEndingsTest" time="0.001"/>
  <testcase name="lineEndings[./resources/icons/mediumschematics/LEDs/README]" classname="jmri.util.FileLineEndingsTest" time="0"/>
  <testcase name="lineEndings[./resources/icons/USSpanels/Plates/README]" classname="jmri.util.FileLineEndingsTest" time="0.001"/>
  <testcase name="lineEndings[./resources/icons/USSpanels/TrackSegments/README]" classname="jmri.util.FileLineEndingsTest" time="0.001"/>
  <testcase name="lineEndings[./resources/icons/USSpanels/Lamps/README]" classname="jmri.util.FileLineEndingsTest" time="0"/>
  <testcase name="lineEndings[./resources/icons/USSpanels/README]" classname="jmri.util.FileLineEndingsTest" time="0.001"/>
  <testcase name="lineEndings[./resources/icons/USSpanels/Lamps-old/README]" classname="jmri.util.FileLineEndingsTest" time="0.001"/>
  <testcase name="lineEndings[./resources/icons/USSpanels/Panels/README]" classname="jmri.util.FileLineEndingsTest" time="0.001"/>
  <testcase name="lineEndings[./resources/icons/cornwall/README]" classname="jmri.util.FileLineEndingsTest" time="0.001"/>
  <testcase name="lineEndings[./resources/icons/GermanSignals/README]" classname="jmri.util.FileLineEndingsTest" time="0.001"/>
  <testcase name="lineEndings[./resources/icons/CTCpanels/CtcPlates60x60/README]" classname="jmri.util.FileLineEndingsTest" time="0"/>
  <testcase name="lineEndings[./resources/icons/CTCpanels/README]" classname="jmri.util.FileLineEndingsTest" time="0.001"/>
  <testcase name="lineEndings[./resources/sounds/README]" classname="jmri.util.FileLineEndingsTest" time="0.001"/>
  <testcase name="lineEndings[./resources/README]" classname="jmri.util.FileLineEndingsTest" time="0.001"/>
  <testcase name="lineEndings[./lib/checker-framework/checker/lib/README]" classname="jmri.util.FileLineEndingsTest" time="0.001"/>
  <testcase name="lineEndings[./lib/macosx/README]" classname="jmri.util.FileLineEndingsTest" time="0"/>
  <testcase name="lineEndings[./scripts/WinInstallFiles/README]" classname="jmri.util.FileLineEndingsTest" time="0"/>
  <testcase name="lineEndings[./scripts/README]" classname="jmri.util.FileLineEndingsTest" time="0.001"/>
  <testcase name="lineEndings[./scripts/MacOSXapps/README]" classname="jmri.util.FileLineEndingsTest" time="0.001"/>
  <testcase name="lineEndings[./scripts/config-portable/README]" classname="jmri.util.FileLineEndingsTest" time="0"/>
  <testcase name="lineEndings[./help/en/manual/DecoderPro3/Sidebar]" classname="jmri.util.FileLineEndingsTest" time="0.001"/>
  <testcase name="lineEndings[./help/en/manual/JMRI_OPS_UsersGuide/Sidebar]" classname="jmri.util.FileLineEndingsTest" time="0.001"/>
  <testcase name="lineEndings[./help/en/manual/DecoderPro/Sidebar]" classname="jmri.util.FileLineEndingsTest" time="0.001"/>
  <testcase name="lineEndings[./help/en/manual/Sidebar]" classname="jmri.util.FileLineEndingsTest" time="0"/>
  <testcase name="lineEndings[./help/en/html/tools/Sidebar]" classname="jmri.util.FileLineEndingsTest" time="0.001"/>
  <testcase name="lineEndings[./help/en/html/tools/signaling/Sidebar]" classname="jmri.util.FileLineEndingsTest" time="0.001"/>
  <testcase name="lineEndings[./help/en/html/tools/signaling/interlock/Sidebar]" classname="jmri.util.FileLineEndingsTest" time="0"/>
  <testcase name="lineEndings[./help/en/html/tools/throttle/Sidebar]" classname="jmri.util.FileLineEndingsTest" time="0.001"/>
  <testcase name="lineEndings[./help/en/html/tools/fastclock/Sidebar]" classname="jmri.util.FileLineEndingsTest" time="0.001"/>
  <testcase name="lineEndings[./help/en/html/tools/consisttool/Sidebar]" classname="jmri.util.FileLineEndingsTest" time="0"/>
  <testcase name="lineEndings[./help/en/html/tools/automation/Sidebar]" classname="jmri.util.FileLineEndingsTest" time="0.001"/>
  <testcase name="lineEndings[./help/en/html/tools/scripting/Sidebar]" classname="jmri.util.FileLineEndingsTest" time="0.001"/>
  <testcase name="lineEndings[./help/en/html/tools/tracker/Sidebar]" classname="jmri.util.FileLineEndingsTest" time="0.001"/>
  <testcase name="lineEndings[./help/en/html/tools/programmer/Sidebar]" classname="jmri.util.FileLineEndingsTest" time="0"/>
  <testcase name="lineEndings[./help/en/html/tools/speedometer/Sidebar]" classname="jmri.util.FileLineEndingsTest" time="0.001"/>
  <testcase name="lineEndings[./help/en/html/apps/DispatcherPro/Sidebar]" classname="jmri.util.FileLineEndingsTest" time="0.001"/>
  <testcase name="lineEndings[./help/en/html/apps/DecoderPro/Sidebar]" classname="jmri.util.FileLineEndingsTest" time="0.001"/>
  <testcase name="lineEndings[./help/en/html/apps/PanelPro/Sidebar]" classname="jmri.util.FileLineEndingsTest" time="0"/>
  <testcase name="lineEndings[./help/en/html/apps/SoundPro/Sidebar]" classname="jmri.util.FileLineEndingsTest" time="0.001"/>
  <testcase name="lineEndings[./help/en/html/apps/Sidebar]" classname="jmri.util.FileLineEndingsTest" time="0.001"/>
  <testcase name="lineEndings[./help/en/html/doc/Technical/Sidebar]" classname="jmri.util.FileLineEndingsTest" time="0"/>
  <testcase name="lineEndings[./help/en/html/setup/Sidebar]" classname="jmri.util.FileLineEndingsTest" time="0.001"/>
  <testcase name="lineEndings[./help/en/html/web/Sidebar]" classname="jmri.util.FileLineEndingsTest" time="0.001"/>
  <testcase name="lineEndings[./help/en/html/Sidebar]" classname="jmri.util.FileLineEndingsTest" time="0.001"/>
  <testcase name="lineEndings[./help/fr/html/tools/throttle/Sidebar]" classname="jmri.util.FileLineEndingsTest" time="0"/>
  <testcase name="lineEndings[./help/fr/html/tools/signaling/Sidebar]" classname="jmri.util.FileLineEndingsTest" time="0.001"/>
  <testcase name="lineEndings[./help/fr/html/tools/speedometer/Sidebar]" classname="jmri.util.FileLineEndingsTest" time="0.001"/>
  <testcase name="lineEndings[./help/fr/html/tools/fastclock/Sidebar]" classname="jmri.util.FileLineEndingsTest" time="0"/>
  <testcase name="lineEndings[./help/fr/html/tools/scripting/Sidebar]" classname="jmri.util.FileLineEndingsTest" time="0.001"/>
  <testcase name="lineEndings[./help/fr/html/tools/consisttool/Sidebar]" classname="jmri.util.FileLineEndingsTest" time="0.001"/>
  <testcase name="lineEndings[./help/fr/html/tools/programmer/Sidebar]" classname="jmri.util.FileLineEndingsTest" time="0"/>
  <testcase name="lineEndings[./help/fr/html/tools/automation/Sidebar]" classname="jmri.util.FileLineEndingsTest" time="0.001"/>
  <testcase name="lineEndings[./help/fr/html/tools/tracker/Sidebar]" classname="jmri.util.FileLineEndingsTest" time="0.001"/>
  <testcase name="lineEndings[./help/fr/html/tools/Sidebar]" classname="jmri.util.FileLineEndingsTest" time="0.001"/>
  <testcase name="lineEndings[./help/fr/html/doc/Technical/Sidebar]" classname="jmri.util.FileLineEndingsTest" time="0"/>
  <testcase name="lineEndings[./help/fr/html/apps/DecoderPro/Sidebar]" classname="jmri.util.FileLineEndingsTest" time="0.001"/>
  <testcase name="lineEndings[./help/fr/html/apps/LocoTools/Sidebar]" classname="jmri.util.FileLineEndingsTest" time="0.001"/>
  <testcase name="lineEndings[./help/fr/html/apps/PanelPro/Sidebar]" classname="jmri.util.FileLineEndingsTest" time="0"/>
  <testcase name="lineEndings[./help/fr/html/apps/SoundPro/Sidebar]" classname="jmri.util.FileLineEndingsTest" time="0.001"/>
  <testcase name="lineEndings[./help/fr/html/apps/DispatcherPro/Sidebar]" classname="jmri.util.FileLineEndingsTest" time="0.001"/>
  <testcase name="lineEndings[./help/fr/html/apps/Sidebar]" classname="jmri.util.FileLineEndingsTest" time="0"/>
  <testcase name="lineEndings[./help/fr/html/setup/Sidebar]" classname="jmri.util.FileLineEndingsTest" time="0.001"/>
  <testcase name="lineEndings[./help/fr/html/web/Sidebar]" classname="jmri.util.FileLineEndingsTest" time="0.001"/>
  <testcase name="lineEndings[./help/fr/manual/Sidebar]" classname="jmri.util.FileLineEndingsTest" time="0.001"/>
  <testcase name="lineEndings[./java/src/jmri/jmrit/vsdecoder/TODO]" classname="jmri.util.FileLineEndingsTest" time="0"/>
  <testcase name="lineEndings[./java/src/jmri/jmrit/consisttool/TODO]" classname="jmri.util.FileLineEndingsTest" time="0.001"/>
  <testcase name="lineEndings[./java/src/jmri/jmrit/simpleprog/TODO]" classname="jmri.util.FileLineEndingsTest" time="0.001"/>
  <testcase name="lineEndings[./java/src/jmri/jmrix/loconet/locomon/TODO]" classname="jmri.util.FileLineEndingsTest" time="0"/>
  <testcase name="lineEndings[./java/src/jmri/jmrix/loconet/slotmon/TODO]" classname="jmri.util.FileLineEndingsTest" time="0.001"/>
  <testcase name="lineEndings[./java/src/jmri/jmrix/loconet/TODO]" classname="jmri.util.FileLineEndingsTest" time="0.001"/>
  <testcase name="lineEndings[./java/src/jmri/jmrix/lenz/TODO]" classname="jmri.util.FileLineEndingsTest" time="0"/>
  <testcase name="lineEndings[./java/src/jmri/jmrix/easydcc/easydccmon/TODO]" classname="jmri.util.FileLineEndingsTest" time="0.001"/>
  <testcase name="lineEndings[./java/src/jmri/jmrix/nce/ncemon/TODO]" classname="jmri.util.FileLineEndingsTest" time="0.001"/>
  <testcase name="lineEndings[./java/src/jmri/jmrix/sprog/sprogmon/TODO]" classname="jmri.util.FileLineEndingsTest" time="0"/>
  <testcase name="lineEndings[./java/src/jmri/util/swing/TODO]" classname="jmri.util.FileLineEndingsTest" time="0.001"/>
  <testcase name="lineEndings[./java/src/jmri/TODO]" classname="jmri.util.FileLineEndingsTest" time="0.001"/>
  <testcase name="lineEndings[./.classpath]" classname="jmri.util.FileLineEndingsTest" time="0.001"/>
</testsuite>