<?xml version="1.0" encoding="UTF-8" ?>
<testsuite tests="1" failures="0" name="org.darkphoenixs.kafka.core.KafkaMessageTemplateTest" time="0.013" errors="0" skipped="0">
  <properties>
    <property name="java.runtime.name" value="OpenJDK Runtime Environment"/>
    <property name="sun.boot.library.path" value="/usr/lib/jvm/java-8-openjdk-amd64/jre/lib/amd64"/>
    <property name="java.vm.version" value="25.121-b13"/>
    <property name="java.vm.vendor" value="Oracle Corporation"/>
    <property name="java.vendor.url" value="http://java.oracle.com/"/>
    <property name="path.separator" value=":"/>
    <property name="java.vm.name" value="OpenJDK 64-Bit Server VM"/>
    <property name="file.encoding.pkg" value="sun.io"/>
    <property name="sun.java.launcher" value="SUN_STANDARD"/>
    <property name="sun.os.patch.level" value="unknown"/>
    <property name="java.vm.specification.name" value="Java Virtual Machine Specification"/>
    <property name="user.dir" value="/root/workspace/DarkPhoenixs/message-queue-client-framework/384993459"/>
    <property name="java.runtime.version" value="1.8.0_121-8u121-b13-1~bpo8+1-b13"/>
    <property name="java.awt.graphicsenv" value="sun.awt.X11GraphicsEnvironment"/>
    <property name="basedir" value="/root/workspace/DarkPhoenixs/message-queue-client-framework/384993459"/>
    <property name="java.endorsed.dirs" value="/usr/lib/jvm/java-8-openjdk-amd64/jre/lib/endorsed"/>
    <property name="os.arch" value="amd64"/>
    <property name="surefire.real.class.path" value="/tmp/surefirebooter3785148656252289256.jar"/>
    <property name="java.io.tmpdir" value="/tmp"/>
    <property name="line.separator" value="
"/>
    <property name="java.vm.specification.vendor" value="Oracle Corporation"/>
    <property name="os.name" value="Linux"/>
    <property name="sun.jnu.encoding" value="UTF-8"/>
    <property name="java.library.path" value="/usr/java/packages/lib/amd64:/usr/lib/x86_64-linux-gnu/jni:/lib/x86_64-linux-gnu:/usr/lib/x86_64-linux-gnu:/usr/lib/jni:/lib:/usr/lib"/>
    <property name="surefire.test.class.path" value="/root/workspace/DarkPhoenixs/message-queue-client-framework/384993459/target/test-classes:/root/workspace/DarkPhoenixs/message-queue-client-framework/384993459/target/classes:/root/./workspace/DarkPhoenixs/message-queue-client-framework/384993459/.m2/org/springframework/spring-jms/4.0.0.RELEASE/spring-jms-4.0.0.RELEASE.jar:/root/./workspace/DarkPhoenixs/message-queue-client-framework/384993459/.m2/aopalliance/aopalliance/1.0/aopalliance-1.0.jar:/root/./workspace/DarkPhoenixs/message-queue-client-framework/384993459/.m2/org/springframework/spring-aop/4.0.0.RELEASE/spring-aop-4.0.0.RELEASE.jar:/root/./workspace/DarkPhoenixs/message-queue-client-framework/384993459/.m2/org/springframework/spring-beans/4.0.0.RELEASE/spring-beans-4.0.0.RELEASE.jar:/root/./workspace/DarkPhoenixs/message-queue-client-framework/384993459/.m2/org/springframework/spring-context/4.0.0.RELEASE/spring-context-4.0.0.RELEASE.jar:/root/./workspace/DarkPhoenixs/message-queue-client-framework/384993459/.m2/org/springframework/spring-expression/4.0.0.RELEASE/spring-expression-4.0.0.RELEASE.jar:/root/./workspace/DarkPhoenixs/message-queue-client-framework/384993459/.m2/org/springframework/spring-core/4.0.0.RELEASE/spring-core-4.0.0.RELEASE.jar:/root/./workspace/DarkPhoenixs/message-queue-client-framework/384993459/.m2/commons-logging/commons-logging/1.1.1/commons-logging-1.1.1.jar:/root/./workspace/DarkPhoenixs/message-queue-client-framework/384993459/.m2/org/springframework/spring-tx/4.0.0.RELEASE/spring-tx-4.0.0.RELEASE.jar:/root/./workspace/DarkPhoenixs/message-queue-client-framework/384993459/.m2/org/springframework/spring-test/4.0.0.RELEASE/spring-test-4.0.0.RELEASE.jar:/root/./workspace/DarkPhoenixs/message-queue-client-framework/384993459/.m2/org/apache/activemq/activemq-client/5.10.0/activemq-client-5.10.0.jar:/root/./workspace/DarkPhoenixs/message-queue-client-framework/384993459/.m2/org/slf4j/slf4j-api/1.7.5/slf4j-api-1.7.5.jar:/root/./workspace/DarkPhoenixs/message-queue-client-framework/384993459/.m2/org/apache/geronimo/specs/geronimo-jms_1.1_spec/1.1.1/geronimo-jms_1.1_spec-1.1.1.jar:/root/./workspace/DarkPhoenixs/message-queue-client-framework/384993459/.m2/org/fusesource/hawtbuf/hawtbuf/1.10/hawtbuf-1.10.jar:/root/./workspace/DarkPhoenixs/message-queue-client-framework/384993459/.m2/org/apache/geronimo/specs/geronimo-j2ee-management_1.1_spec/1.0.1/geronimo-j2ee-management_1.1_spec-1.0.1.jar:/root/./workspace/DarkPhoenixs/message-queue-client-framework/384993459/.m2/org/apache/activemq/activemq-pool/5.10.0/activemq-pool-5.10.0.jar:/root/./workspace/DarkPhoenixs/message-queue-client-framework/384993459/.m2/org/apache/activemq/activemq-jms-pool/5.10.0/activemq-jms-pool-5.10.0.jar:/root/./workspace/DarkPhoenixs/message-queue-client-framework/384993459/.m2/org/apache/geronimo/specs/geronimo-jta_1.0.1B_spec/1.0.1/geronimo-jta_1.0.1B_spec-1.0.1.jar:/root/./workspace/DarkPhoenixs/message-queue-client-framework/384993459/.m2/commons-pool/commons-pool/1.6/commons-pool-1.6.jar:/root/./workspace/DarkPhoenixs/message-queue-client-framework/384993459/.m2/org/apache/kafka/kafka_2.11/1.0.0/kafka_2.11-1.0.0.jar:/root/./workspace/DarkPhoenixs/message-queue-client-framework/384993459/.m2/org/apache/kafka/kafka-clients/1.0.0/kafka-clients-1.0.0.jar:/root/./workspace/DarkPhoenixs/message-queue-client-framework/384993459/.m2/com/fasterxml/jackson/core/jackson-databind/2.9.1/jackson-databind-2.9.1.jar:/root/./workspace/DarkPhoenixs/message-queue-client-framework/384993459/.m2/com/fasterxml/jackson/core/jackson-annotations/2.9.0/jackson-annotations-2.9.0.jar:/root/./workspace/DarkPhoenixs/message-queue-client-framework/384993459/.m2/com/fasterxml/jackson/core/jackson-core/2.9.1/jackson-core-2.9.1.jar:/root/./workspace/DarkPhoenixs/message-queue-client-framework/384993459/.m2/net/sf/jopt-simple/jopt-simple/5.0.4/jopt-simple-5.0.4.jar:/root/./workspace/DarkPhoenixs/message-queue-client-framework/384993459/.m2/com/yammer/metrics/metrics-core/2.2.0/metrics-core-2.2.0.jar:/root/./workspace/DarkPhoenixs/message-queue-client-framework/384993459/.m2/org/scala-lang/scala-library/2.11.11/scala-library-2.11.11.jar:/root/./workspace/DarkPhoenixs/message-queue-client-framework/384993459/.m2/org/slf4j/slf4j-log4j12/1.7.25/slf4j-log4j12-1.7.25.jar:/root/./workspace/DarkPhoenixs/message-queue-client-framework/384993459/.m2/com/101tec/zkclient/0.10/zkclient-0.10.jar:/root/./workspace/DarkPhoenixs/message-queue-client-framework/384993459/.m2/org/apache/zookeeper/zookeeper/3.4.10/zookeeper-3.4.10.jar:/root/./workspace/DarkPhoenixs/message-queue-client-framework/384993459/.m2/org/apache/kafka/kafka_2.11/1.0.0/kafka_2.11-1.0.0-test.jar:/root/./workspace/DarkPhoenixs/message-queue-client-framework/384993459/.m2/org/apache/kafka/kafka-clients/1.0.0/kafka-clients-1.0.0-test.jar:/root/./workspace/DarkPhoenixs/message-queue-client-framework/384993459/.m2/org/lz4/lz4-java/1.4/lz4-java-1.4.jar:/root/./workspace/DarkPhoenixs/message-queue-client-framework/384993459/.m2/org/xerial/snappy/snappy-java/1.1.4/snappy-java-1.1.4.jar:/root/./workspace/DarkPhoenixs/message-queue-client-framework/384993459/.m2/org/apache/curator/curator-framework/2.8.0/curator-framework-2.8.0.jar:/root/./workspace/DarkPhoenixs/message-queue-client-framework/384993459/.m2/org/apache/curator/curator-client/2.8.0/curator-client-2.8.0.jar:/root/./workspace/DarkPhoenixs/message-queue-client-framework/384993459/.m2/com/google/guava/guava/16.0.1/guava-16.0.1.jar:/root/./workspace/DarkPhoenixs/message-queue-client-framework/384993459/.m2/com/alibaba/fastjson/1.2.10/fastjson-1.2.10.jar:/root/./workspace/DarkPhoenixs/message-queue-client-framework/384993459/.m2/org/apache/rocketmq/rocketmq-client/4.2.0/rocketmq-client-4.2.0.jar:/root/./workspace/DarkPhoenixs/message-queue-client-framework/384993459/.m2/org/apache/rocketmq/rocketmq-common/4.2.0/rocketmq-common-4.2.0.jar:/root/./workspace/DarkPhoenixs/message-queue-client-framework/384993459/.m2/org/apache/rocketmq/rocketmq-remoting/4.2.0/rocketmq-remoting-4.2.0.jar:/root/./workspace/DarkPhoenixs/message-queue-client-framework/384993459/.m2/io/netty/netty-all/4.0.42.Final/netty-all-4.0.42.Final.jar:/root/./workspace/DarkPhoenixs/message-queue-client-framework/384993459/.m2/org/apache/commons/commons-lang3/3.4/commons-lang3-3.4.jar:/root/./workspace/DarkPhoenixs/message-queue-client-framework/384993459/.m2/org/darkphoenixs/log4j/1.3.5/log4j-1.3.5.jar:/root/./workspace/DarkPhoenixs/message-queue-client-framework/384993459/.m2/junit/junit/4.11/junit-4.11.jar:/root/./workspace/DarkPhoenixs/message-queue-client-framework/384993459/.m2/org/hamcrest/hamcrest-core/1.3/hamcrest-core-1.3.jar:"/>
    <property name="java.specification.name" value="Java Platform API Specification"/>
    <property name="java.class.version" value="52.0"/>
    <property name="sun.management.compiler" value="HotSpot 64-Bit Tiered Compilers"/>
    <property name="os.version" value="3.10.0-862.2.3.el7.x86_64"/>
    <property name="user.home" value="/root"/>
    <property name="user.timezone" value="Europe/Paris"/>
    <property name="java.awt.printerjob" value="sun.print.PSPrinterJob"/>
    <property name="file.encoding" value="UTF-8"/>
    <property name="java.specification.version" value="1.8"/>
    <property name="user.name" value="root"/>
    <property name="java.class.path" value="/root/workspace/DarkPhoenixs/message-queue-client-framework/384993459/target/test-classes:/root/workspace/DarkPhoenixs/message-queue-client-framework/384993459/target/classes:/root/./workspace/DarkPhoenixs/message-queue-client-framework/384993459/.m2/org/springframework/spring-jms/4.0.0.RELEASE/spring-jms-4.0.0.RELEASE.jar:/root/./workspace/DarkPhoenixs/message-queue-client-framework/384993459/.m2/aopalliance/aopalliance/1.0/aopalliance-1.0.jar:/root/./workspace/DarkPhoenixs/message-queue-client-framework/384993459/.m2/org/springframework/spring-aop/4.0.0.RELEASE/spring-aop-4.0.0.RELEASE.jar:/root/./workspace/DarkPhoenixs/message-queue-client-framework/384993459/.m2/org/springframework/spring-beans/4.0.0.RELEASE/spring-beans-4.0.0.RELEASE.jar:/root/./workspace/DarkPhoenixs/message-queue-client-framework/384993459/.m2/org/springframework/spring-context/4.0.0.RELEASE/spring-context-4.0.0.RELEASE.jar:/root/./workspace/DarkPhoenixs/message-queue-client-framework/384993459/.m2/org/springframework/spring-expression/4.0.0.RELEASE/spring-expression-4.0.0.RELEASE.jar:/root/./workspace/DarkPhoenixs/message-queue-client-framework/384993459/.m2/org/springframework/spring-core/4.0.0.RELEASE/spring-core-4.0.0.RELEASE.jar:/root/./workspace/DarkPhoenixs/message-queue-client-framework/384993459/.m2/commons-logging/commons-logging/1.1.1/commons-logging-1.1.1.jar:/root/./workspace/DarkPhoenixs/message-queue-client-framework/384993459/.m2/org/springframework/spring-tx/4.0.0.RELEASE/spring-tx-4.0.0.RELEASE.jar:/root/./workspace/DarkPhoenixs/message-queue-client-framework/384993459/.m2/org/springframework/spring-test/4.0.0.RELEASE/spring-test-4.0.0.RELEASE.jar:/root/./workspace/DarkPhoenixs/message-queue-client-framework/384993459/.m2/org/apache/activemq/activemq-client/5.10.0/activemq-client-5.10.0.jar:/root/./workspace/DarkPhoenixs/message-queue-client-framework/384993459/.m2/org/slf4j/slf4j-api/1.7.5/slf4j-api-1.7.5.jar:/root/./workspace/DarkPhoenixs/message-queue-client-framework/384993459/.m2/org/apache/geronimo/specs/geronimo-jms_1.1_spec/1.1.1/geronimo-jms_1.1_spec-1.1.1.jar:/root/./workspace/DarkPhoenixs/message-queue-client-framework/384993459/.m2/org/fusesource/hawtbuf/hawtbuf/1.10/hawtbuf-1.10.jar:/root/./workspace/DarkPhoenixs/message-queue-client-framework/384993459/.m2/org/apache/geronimo/specs/geronimo-j2ee-management_1.1_spec/1.0.1/geronimo-j2ee-management_1.1_spec-1.0.1.jar:/root/./workspace/DarkPhoenixs/message-queue-client-framework/384993459/.m2/org/apache/activemq/activemq-pool/5.10.0/activemq-pool-5.10.0.jar:/root/./workspace/DarkPhoenixs/message-queue-client-framework/384993459/.m2/org/apache/activemq/activemq-jms-pool/5.10.0/activemq-jms-pool-5.10.0.jar:/root/./workspace/DarkPhoenixs/message-queue-client-framework/384993459/.m2/org/apache/geronimo/specs/geronimo-jta_1.0.1B_spec/1.0.1/geronimo-jta_1.0.1B_spec-1.0.1.jar:/root/./workspace/DarkPhoenixs/message-queue-client-framework/384993459/.m2/commons-pool/commons-pool/1.6/commons-pool-1.6.jar:/root/./workspace/DarkPhoenixs/message-queue-client-framework/384993459/.m2/org/apache/kafka/kafka_2.11/1.0.0/kafka_2.11-1.0.0.jar:/root/./workspace/DarkPhoenixs/message-queue-client-framework/384993459/.m2/org/apache/kafka/kafka-clients/1.0.0/kafka-clients-1.0.0.jar:/root/./workspace/DarkPhoenixs/message-queue-client-framework/384993459/.m2/com/fasterxml/jackson/core/jackson-databind/2.9.1/jackson-databind-2.9.1.jar:/root/./workspace/DarkPhoenixs/message-queue-client-framework/384993459/.m2/com/fasterxml/jackson/core/jackson-annotations/2.9.0/jackson-annotations-2.9.0.jar:/root/./workspace/DarkPhoenixs/message-queue-client-framework/384993459/.m2/com/fasterxml/jackson/core/jackson-core/2.9.1/jackson-core-2.9.1.jar:/root/./workspace/DarkPhoenixs/message-queue-client-framework/384993459/.m2/net/sf/jopt-simple/jopt-simple/5.0.4/jopt-simple-5.0.4.jar:/root/./workspace/DarkPhoenixs/message-queue-client-framework/384993459/.m2/com/yammer/metrics/metrics-core/2.2.0/metrics-core-2.2.0.jar:/root/./workspace/DarkPhoenixs/message-queue-client-framework/384993459/.m2/org/scala-lang/scala-library/2.11.11/scala-library-2.11.11.jar:/root/./workspace/DarkPhoenixs/message-queue-client-framework/384993459/.m2/org/slf4j/slf4j-log4j12/1.7.25/slf4j-log4j12-1.7.25.jar:/root/./workspace/DarkPhoenixs/message-queue-client-framework/384993459/.m2/com/101tec/zkclient/0.10/zkclient-0.10.jar:/root/./workspace/DarkPhoenixs/message-queue-client-framework/384993459/.m2/org/apache/zookeeper/zookeeper/3.4.10/zookeeper-3.4.10.jar:/root/./workspace/DarkPhoenixs/message-queue-client-framework/384993459/.m2/org/apache/kafka/kafka_2.11/1.0.0/kafka_2.11-1.0.0-test.jar:/root/./workspace/DarkPhoenixs/message-queue-client-framework/384993459/.m2/org/apache/kafka/kafka-clients/1.0.0/kafka-clients-1.0.0-test.jar:/root/./workspace/DarkPhoenixs/message-queue-client-framework/384993459/.m2/org/lz4/lz4-java/1.4/lz4-java-1.4.jar:/root/./workspace/DarkPhoenixs/message-queue-client-framework/384993459/.m2/org/xerial/snappy/snappy-java/1.1.4/snappy-java-1.1.4.jar:/root/./workspace/DarkPhoenixs/message-queue-client-framework/384993459/.m2/org/apache/curator/curator-framework/2.8.0/curator-framework-2.8.0.jar:/root/./workspace/DarkPhoenixs/message-queue-client-framework/384993459/.m2/org/apache/curator/curator-client/2.8.0/curator-client-2.8.0.jar:/root/./workspace/DarkPhoenixs/message-queue-client-framework/384993459/.m2/com/google/guava/guava/16.0.1/guava-16.0.1.jar:/root/./workspace/DarkPhoenixs/message-queue-client-framework/384993459/.m2/com/alibaba/fastjson/1.2.10/fastjson-1.2.10.jar:/root/./workspace/DarkPhoenixs/message-queue-client-framework/384993459/.m2/org/apache/rocketmq/rocketmq-client/4.2.0/rocketmq-client-4.2.0.jar:/root/./workspace/DarkPhoenixs/message-queue-client-framework/384993459/.m2/org/apache/rocketmq/rocketmq-common/4.2.0/rocketmq-common-4.2.0.jar:/root/./workspace/DarkPhoenixs/message-queue-client-framework/384993459/.m2/org/apache/rocketmq/rocketmq-remoting/4.2.0/rocketmq-remoting-4.2.0.jar:/root/./workspace/DarkPhoenixs/message-queue-client-framework/384993459/.m2/io/netty/netty-all/4.0.42.Final/netty-all-4.0.42.Final.jar:/root/./workspace/DarkPhoenixs/message-queue-client-framework/384993459/.m2/org/apache/commons/commons-lang3/3.4/commons-lang3-3.4.jar:/root/./workspace/DarkPhoenixs/message-queue-client-framework/384993459/.m2/org/darkphoenixs/log4j/1.3.5/log4j-1.3.5.jar:/root/./workspace/DarkPhoenixs/message-queue-client-framework/384993459/.m2/junit/junit/4.11/junit-4.11.jar:/root/./workspace/DarkPhoenixs/message-queue-client-framework/384993459/.m2/org/hamcrest/hamcrest-core/1.3/hamcrest-core-1.3.jar:"/>
    <property name="java.vm.specification.version" value="1.8"/>
    <property name="sun.arch.data.model" value="64"/>
    <property name="java.home" value="/usr/lib/jvm/java-8-openjdk-amd64/jre"/>
    <property name="sun.java.command" value="/tmp/surefirebooter3785148656252289256.jar /tmp/surefire8844968490346437625tmp /tmp/surefire8658450843489107682tmp"/>
    <property name="java.specification.vendor" value="Oracle Corporation"/>
    <property name="user.language" value="en"/>
    <property name="awt.toolkit" value="sun.awt.X11.XToolkit"/>
    <property name="java.vm.info" value="mixed mode"/>
    <property name="java.version" value="1.8.0_121"/>
    <property name="java.ext.dirs" value="/usr/lib/jvm/java-8-openjdk-amd64/jre/lib/ext:/usr/java/packages/lib/ext"/>
    <property name="sun.boot.class.path" value="/usr/lib/jvm/java-8-openjdk-amd64/jre/lib/resources.jar:/usr/lib/jvm/java-8-openjdk-amd64/jre/lib/rt.jar:/usr/lib/jvm/java-8-openjdk-amd64/jre/lib/sunrsasign.jar:/usr/lib/jvm/java-8-openjdk-amd64/jre/lib/jsse.jar:/usr/lib/jvm/java-8-openjdk-amd64/jre/lib/jce.jar:/usr/lib/jvm/java-8-openjdk-amd64/jre/lib/charsets.jar:/usr/lib/jvm/java-8-openjdk-amd64/jre/lib/jfr.jar:/usr/lib/jvm/java-8-openjdk-amd64/jre/classes"/>
    <property name="java.vendor" value="Oracle Corporation"/>
    <property name="localRepository" value="/root/./workspace/DarkPhoenixs/message-queue-client-framework/384993459/.m2"/>
    <property name="file.separator" value="/"/>
    <property name="java.vendor.url.bug" value="http://bugreport.sun.com/bugreport/"/>
    <property name="sun.cpu.endian" value="little"/>
    <property name="sun.io.unicode.encoding" value="UnicodeLittle"/>
    <property name="sun.font.fontmanager" value="sun.awt.X11FontManager"/>
    <property name="sun.cpu.isalist" value=""/>
  </properties>
  <testcase classname="org.darkphoenixs.kafka.core.KafkaMessageTemplateTest" name="test" time="0.011"/>
</testsuite>