<?xml version="1.0" encoding="UTF-8" ?>
<testsuite tests="2" failures="1" name="innovimax.mixthem.GenericTest" time="0.298" errors="0" skipped="0">
  <properties>
    <property name="java.runtime.name" value="OpenJDK Runtime Environment"/>
    <property name="sun.boot.library.path" value="/usr/lib/jvm/java-8-openjdk-amd64/jre/lib/amd64"/>
    <property name="java.vm.version" value="25.121-b13"/>
    <property name="java.vm.vendor" value="Oracle Corporation"/>
    <property name="maven.multiModuleProjectDirectory" value="/root/workspace/Innovimax-SARL/mix-them/375808753"/>
    <property name="java.vendor.url" value="http://java.oracle.com/"/>
    <property name="path.separator" value=":"/>
    <property name="guice.disable.misplaced.annotation.check" value="true"/>
    <property name="skip.gulp" value="true"/>
    <property name="java.vm.name" value="OpenJDK 64-Bit Server VM"/>
    <property name="file.encoding.pkg" value="sun.io"/>
    <property name="sun.java.launcher" value="SUN_STANDARD"/>
    <property name="sun.os.patch.level" value="unknown"/>
    <property name="findbugs.skip" value="true"/>
    <property name="java.vm.specification.name" value="Java Virtual Machine Specification"/>
    <property name="user.dir" value="/root/workspace/Innovimax-SARL/mix-them/375808753"/>
    <property name="checkstyle.skip" value="true"/>
    <property name="java.runtime.version" value="1.8.0_121-8u121-b13-1~bpo8+1-b13"/>
    <property name="java.awt.graphicsenv" value="sun.awt.X11GraphicsEnvironment"/>
    <property name="skip.npm" value="true"/>
    <property name="java.endorsed.dirs" value="/usr/lib/jvm/java-8-openjdk-amd64/jre/lib/endorsed"/>
    <property name="os.arch" value="amd64"/>
    <property name="java.io.tmpdir" value="/tmp"/>
    <property name="gpg.skip" value="true"/>
    <property name="line.separator" value="
"/>
    <property name="java.vm.specification.vendor" value="Oracle Corporation"/>
    <property name="cobertura.skip" value="true"/>
    <property name="os.name" value="Linux"/>
    <property name="classworlds.conf" value="/usr/share/maven/bin/m2.conf"/>
    <property name="sun.jnu.encoding" value="UTF-8"/>
    <property name="java.library.path" value="/usr/java/packages/lib/amd64:/usr/lib/x86_64-linux-gnu/jni:/lib/x86_64-linux-gnu:/usr/lib/x86_64-linux-gnu:/usr/lib/jni:/lib:/usr/lib"/>
    <property name="license.skip" value="true"/>
    <property name="java.specification.name" value="Java Platform API Specification"/>
    <property name="java.class.version" value="52.0"/>
    <property name="sun.management.compiler" value="HotSpot 64-Bit Tiered Compilers"/>
    <property name="skip.bower" value="true"/>
    <property name="maven.repo.local" value="/root/./workspace/Innovimax-SARL/mix-them/375808753/.m2"/>
    <property name="os.version" value="3.10.0-693.21.1.el7.x86_64"/>
    <property name="user.home" value="/root"/>
    <property name="user.timezone" value="Europe/Paris"/>
    <property name="java.awt.printerjob" value="sun.print.PSPrinterJob"/>
    <property name="java.specification.version" value="1.8"/>
    <property name="file.encoding" value="UTF-8"/>
    <property name="user.name" value="root"/>
    <property name="java.class.path" value="/usr/share/maven/boot/plexus-classworlds-2.5.2.jar"/>
    <property name="skipITs" value="true"/>
    <property name="java.vm.specification.version" value="1.8"/>
    <property name="sun.arch.data.model" value="64"/>
    <property name="java.home" value="/usr/lib/jvm/java-8-openjdk-amd64/jre"/>
    <property name="sun.java.command" value="org.codehaus.plexus.classworlds.launcher.Launcher -D enforcer.skip=true -D skipITs=true -D cobertura.skip=true -D maven.repo.local=/root/./workspace/Innovimax-SARL/mix-them/375808753/.m2 -D rat.skip=true -D findbugs.skip=true -D skip.bower=true -D gpg.skip=true -D checkstyle.skip=true -D skip.gulp=true -D license.skip=true -D skip.npm=true test"/>
    <property name="java.specification.vendor" value="Oracle Corporation"/>
    <property name="user.language" value="en"/>
    <property name="awt.toolkit" value="sun.awt.X11.XToolkit"/>
    <property name="java.vm.info" value="mixed mode"/>
    <property name="java.version" value="1.8.0_121"/>
    <property name="java.ext.dirs" value="/usr/lib/jvm/java-8-openjdk-amd64/jre/lib/ext:/usr/java/packages/lib/ext"/>
    <property name="securerandom.source" value="file:/dev/./urandom"/>
    <property name="sun.boot.class.path" value="/usr/lib/jvm/java-8-openjdk-amd64/jre/lib/resources.jar:/usr/lib/jvm/java-8-openjdk-amd64/jre/lib/rt.jar:/usr/lib/jvm/java-8-openjdk-amd64/jre/lib/sunrsasign.jar:/usr/lib/jvm/java-8-openjdk-amd64/jre/lib/jsse.jar:/usr/lib/jvm/java-8-openjdk-amd64/jre/lib/jce.jar:/usr/lib/jvm/java-8-openjdk-amd64/jre/lib/charsets.jar:/usr/lib/jvm/java-8-openjdk-amd64/jre/lib/jfr.jar:/usr/lib/jvm/java-8-openjdk-amd64/jre/classes"/>
    <property name="java.vendor" value="Oracle Corporation"/>
    <property name="enforcer.skip" value="true"/>
    <property name="rat.skip" value="true"/>
    <property name="maven.home" value="/usr/share/maven"/>
    <property name="file.separator" value="/"/>
    <property name="java.vendor.url.bug" value="http://bugreport.sun.com/bugreport/"/>
    <property name="sun.cpu.endian" value="little"/>
    <property name="sun.io.unicode.encoding" value="UnicodeLittle"/>
    <property name="sun.cpu.isalist" value=""/>
  </properties>
  <testcase classname="innovimax.mixthem.GenericTest" name="testCharRules" time="0.253"/>
  <testcase classname="innovimax.mixthem.GenericTest" name="testBytesRules" time="0.045">
    <failure type="java.lang.AssertionError">java.lang.AssertionError
	at org.junit.Assert.fail(Assert.java:86)
	at org.junit.Assert.assertTrue(Assert.java:41)
	at org.junit.Assert.assertTrue(Assert.java:52)
	at innovimax.mixthem.GenericTest.testRules(GenericTest.java:95)
	at innovimax.mixthem.GenericTest.testBytesRules(GenericTest.java:35)
	at sun.reflect.NativeMethodAccessorImpl.invoke0(Native Method)
	at sun.reflect.NativeMethodAccessorImpl.invoke(NativeMethodAccessorImpl.java:62)
	at sun.reflect.DelegatingMethodAccessorImpl.invoke(DelegatingMethodAccessorImpl.java:43)
	at java.lang.reflect.Method.invoke(Method.java:498)
	at org.junit.runners.model.FrameworkMethod$1.runReflectiveCall(FrameworkMethod.java:50)
	at org.junit.internal.runners.model.ReflectiveCallable.run(ReflectiveCallable.java:12)
	at org.junit.runners.model.FrameworkMethod.invokeExplosively(FrameworkMethod.java:47)
	at org.junit.internal.runners.statements.InvokeMethod.evaluate(InvokeMethod.java:17)
	at org.junit.runners.ParentRunner.runLeaf(ParentRunner.java:325)
	at org.junit.runners.BlockJUnit4ClassRunner.runChild(BlockJUnit4ClassRunner.java:78)
	at org.junit.runners.BlockJUnit4ClassRunner.runChild(BlockJUnit4ClassRunner.java:57)
	at org.junit.runners.ParentRunner$3.run(ParentRunner.java:290)
	at org.junit.runners.ParentRunner$1.schedule(ParentRunner.java:71)
	at org.junit.runners.ParentRunner.runChildren(ParentRunner.java:288)
	at org.junit.runners.ParentRunner.access$000(ParentRunner.java:58)
	at org.junit.runners.ParentRunner$2.evaluate(ParentRunner.java:268)
	at org.junit.runners.ParentRunner.run(ParentRunner.java:363)
	at org.apache.maven.surefire.junit4.JUnit4Provider.execute(JUnit4Provider.java:252)
	at org.apache.maven.surefire.junit4.JUnit4Provider.executeTestSet(JUnit4Provider.java:141)
	at org.apache.maven.surefire.junit4.JUnit4Provider.invoke(JUnit4Provider.java:112)
	at sun.reflect.NativeMethodAccessorImpl.invoke0(Native Method)
	at sun.reflect.NativeMethodAccessorImpl.invoke(NativeMethodAccessorImpl.java:62)
	at sun.reflect.DelegatingMethodAccessorImpl.invoke(DelegatingMethodAccessorImpl.java:43)
	at java.lang.reflect.Method.invoke(Method.java:498)
	at org.apache.maven.surefire.util.ReflectionUtils.invokeMethodWithArray(ReflectionUtils.java:189)
	at org.apache.maven.surefire.booter.ProviderFactory$ProviderProxy.invoke(ProviderFactory.java:165)
	at org.apache.maven.surefire.booter.ProviderFactory.invokeProvider(ProviderFactory.java:85)
	at org.apache.maven.surefire.booter.ForkedBooter.runSuitesInProcess(ForkedBooter.java:115)
	at org.apache.maven.surefire.booter.ForkedBooter.main(ForkedBooter.java:75)
</failure>
    <system-out>1
2
3
4
5
6
7
8
9
10
A
B
C
D
E
F
G
H
I
J
K
L
M
N
1
2
3
4
5
6
7
8
9
10
A
B
C
D
E
F
G
H
I
J
K
L
M
N
BYTES=[[B@5b1d2887] CHANNEL=0 BYTE=49
BYTES=[[B@270421f5] CHANNEL=1 BYTE=66
BYTES=[[B@52d455b8] CHANNEL=0 BYTE=51
BYTES=[[B@4f4a7090] CHANNEL=1 BYTE=68
BYTES=[[B@18ef96] CHANNEL=0 BYTE=53
BYTES=[[B@6956de9] CHANNEL=1 BYTE=70
BYTES=[[B@769c9116] CHANNEL=0 BYTE=55
BYTES=[[B@6aceb1a5] CHANNEL=1 BYTE=72
BYTES=[[B@2d6d8735] CHANNEL=0 BYTE=57
BYTES=[[B@ba4d54] CHANNEL=1 BYTE=74
BYTES=[[B@12bc6874] CHANNEL=0 BYTE=75
BYTES=[[B@de0a01f] CHANNEL=1 BYTE=76
BYTES=[[B@4c75cab9] CHANNEL=0 BYTE=77
BYTES=[[B@1ef7fe8e] CHANNEL=1 BYTE=78
BYTES=[[B@6f79caec] CHANNEL=0 BYTE=10
BYTES=[[B@67117f44] CHANNEL=0 BYTE=49
BYTES=[[B@5d3411d] CHANNEL=1 BYTE=66
BYTES=[[B@2471cca7] CHANNEL=0 BYTE=51
BYTES=[[B@5fe5c6f] CHANNEL=1 BYTE=68
BYTES=[[B@6979e8cb] CHANNEL=0 BYTE=53
BYTES=[[B@763d9750] CHANNEL=1 BYTE=70
BYTES=[[B@5c0369c4] CHANNEL=0 BYTE=55
BYTES=[[B@2be94b0f] CHANNEL=1 BYTE=72
BYTES=[[B@d70c109] CHANNEL=0 BYTE=57
BYTES=[[B@17ed40e0] CHANNEL=1 BYTE=74
BYTES=[[B@50675690] CHANNEL=0 BYTE=75
BYTES=[[B@31b7dea0] CHANNEL=1 BYTE=76
BYTES=[[B@3ac42916] CHANNEL=0 BYTE=77
BYTES=[[B@47d384ee] CHANNEL=1 BYTE=78
BYTES=[[B@2d6a9952] CHANNEL=0 BYTE=10
1B3D5F7H9JKLMN
123D567HI
KLMN
123D567HI
KLMN
BYTES=[[B@22a71081] CHANNEL=0 BYTE=49
BYTES=[[B@3930015a] CHANNEL=1 BYTE=66
BYTES=[[B@629f0666] CHANNEL=0 BYTE=51
BYTES=[[B@1bc6a36e] CHANNEL=1 BYTE=68
BYTES=[[B@1ff8b8f] CHANNEL=0 BYTE=53
BYTES=[[B@387c703b] CHANNEL=1 BYTE=70
BYTES=[[B@224aed64] CHANNEL=0 BYTE=55
BYTES=[[B@c39f790] CHANNEL=1 BYTE=72
BYTES=[[B@71e7a66b] CHANNEL=0 BYTE=10
BYTES=[[B@2ac1fdc4] CHANNEL=1 BYTE=74
BYTES=[[B@5f150435] CHANNEL=0 BYTE=75
BYTES=[[B@1c53fd30] CHANNEL=1 BYTE=77
BYTES=[[B@50cbc42f] CHANNEL=0 BYTE=10
BYTES=[[B@75412c2f] CHANNEL=1 BYTE=78
BYTES=[[B@282ba1e] CHANNEL=0 BYTE=79
BYTES=[[B@13b6d03] CHANNEL=1 BYTE=80
BYTES=[[B@f5f2bb7] CHANNEL=0 BYTE=10
BYTES=[[B@73035e27] CHANNEL=0 BYTE=49
BYTES=[[B@64c64813] CHANNEL=1 BYTE=66
BYTES=[[B@3ecf72fd] CHANNEL=0 BYTE=51
BYTES=[[B@483bf400] CHANNEL=1 BYTE=68
BYTES=[[B@21a06946] CHANNEL=0 BYTE=53
BYTES=[[B@77f03bb1] CHANNEL=1 BYTE=70
BYTES=[[B@326de728] CHANNEL=0 BYTE=55
BYTES=[[B@25618e91] CHANNEL=1 BYTE=72
BYTES=[[B@7a92922] CHANNEL=0 BYTE=10
BYTES=[[B@71f2a7d5] CHANNEL=1 BYTE=74
BYTES=[[B@2cfb4a64] CHANNEL=0 BYTE=75
BYTES=[[B@5474c6c] CHANNEL=1 BYTE=77
BYTES=[[B@4b6995df] CHANNEL=0 BYTE=10
BYTES=[[B@2fc14f68] CHANNEL=1 BYTE=78
BYTES=[[B@591f989e] CHANNEL=0 BYTE=79
BYTES=[[B@66048bfd] CHANNEL=1 BYTE=80
BYTES=[[B@61443d8f] CHANNEL=0 BYTE=10
1B3D5F7H
JKM
NOP
BYTES=[[B@445b84c0] CHANNEL=0 BYTE=49
BYTES=[[B@61a52fbd] CHANNEL=1 BYTE=10
BYTES=[[B@233c0b17] CHANNEL=2 BYTE=98
BYTES=[[B@63d4e2ba] CHANNEL=0 BYTE=10
BYTES=[[B@7bb11784] CHANNEL=1 BYTE=67
BYTES=[[B@33a10788] CHANNEL=2 BYTE=10
BYTES=[[B@7006c658] CHANNEL=0 BYTE=52
BYTES=[[B@34033bd0] CHANNEL=1 BYTE=10
BYTES=[[B@47fd17e3] CHANNEL=2 BYTE=101
BYTES=[[B@7cdbc5d3] CHANNEL=0 BYTE=10
BYTES=[[B@3aa9e816] CHANNEL=1 BYTE=102
BYTES=[[B@17d99928] CHANNEL=2 BYTE=10
BYTES=[[B@3834d63f] CHANNEL=0 BYTE=55
BYTES=[[B@1ae369b7] CHANNEL=1 BYTE=10
BYTES=[[B@6fffcba5] CHANNEL=2 BYTE=104
BYTES=[[B@34340fab] CHANNEL=0 BYTE=10
BYTES=[[B@2aafb23c] CHANNEL=1 BYTE=105
BYTES=[[B@2b80d80f] CHANNEL=2 BYTE=10
BYTES=[[B@3ab39c39] CHANNEL=0 BYTE=106
BYTES=[[B@2eee9593] CHANNEL=1 BYTE=10
BYTES=[[B@7907ec20] CHANNEL=2 BYTE=107
BYTES=[[B@546a03af] CHANNEL=0 BYTE=10
BYTES=[[B@721e0f4f] CHANNEL=0 BYTE=49
BYTES=[[B@28864e92] CHANNEL=1 BYTE=10
BYTES=[[B@6ea6d14e] CHANNEL=2 BYTE=98
BYTES=[[B@6ad5c04e] CHANNEL=0 BYTE=10
BYTES=[[B@6833ce2c] CHANNEL=1 BYTE=67
BYTES=[[B@725bef66] CHANNEL=2 BYTE=10
BYTES=[[B@2aaf7cc2] CHANNEL=0 BYTE=52
BYTES=[[B@6e3c1e69] CHANNEL=1 BYTE=10
BYTES=[[B@1888ff2c] CHANNEL=2 BYTE=101
BYTES=[[B@35851384] CHANNEL=0 BYTE=10
BYTES=[[B@649d209a] CHANNEL=1 BYTE=102
BYTES=[[B@6adca536] CHANNEL=2 BYTE=10
BYTES=[[B@357246de] CHANNEL=0 BYTE=55
BYTES=[[B@28f67ac7] CHANNEL=1 BYTE=10
BYTES=[[B@256216b3] CHANNEL=2 BYTE=104
BYTES=[[B@2a18f23c] CHANNEL=0 BYTE=10
BYTES=[[B@d7b1517] CHANNEL=1 BYTE=105
BYTES=[[B@16c0663d] CHANNEL=2 BYTE=10
BYTES=[[B@23223dd8] CHANNEL=0 BYTE=106
BYTES=[[B@4ec6a292] CHANNEL=1 BYTE=10
BYTES=[[B@1b40d5f0] CHANNEL=2 BYTE=107
BYTES=[[B@ea4a92b] CHANNEL=0 BYTE=10
1
b
C
4
e
f
7
h
i
j
k
</system-out>
    <system-err>[INFO] MixThem: TEST [BYTE] N° 1***********************************************************
[INFO] MixThem: File 1: file:/root/workspace/Innovimax-SARL/mix-them/375808753/target/test-classes/innovimax/mixthem/test001_file1.txt
[INFO] MixThem: File 2: file:/root/workspace/Innovimax-SARL/mix-them/375808753/target/test-classes/innovimax/mixthem/test001_file2.txt
[INFO] MixThem: --------------------------------------------------------------------
[INFO] MixThem: Result file : file:/root/workspace/Innovimax-SARL/mix-them/375808753/target/test-classes/innovimax/mixthem/test001_output-1.txt
[INFO] MixThem: --------------------------------------------------------------------
[INFO] MixThem: Run and check result...
[INFO] MixThem: Started mixing for [byte] rule &apos;1&apos;...
[INFO] MixThem: Ended mixing for [byte] rule &apos;1&apos;.
[INFO] MixThem: Run and print result...
[INFO] MixThem: Started mixing for [byte] rule &apos;1&apos;...
[INFO] MixThem: Ended mixing for [byte] rule &apos;1&apos;.
[INFO] MixThem: Run pass with params {}
[INFO] MixThem: --------------------------------------------------------------------
[INFO] MixThem: Result file : file:/root/workspace/Innovimax-SARL/mix-them/375808753/target/test-classes/innovimax/mixthem/test001_output-2.txt
[INFO] MixThem: --------------------------------------------------------------------
[INFO] MixThem: Run and check result...
[INFO] MixThem: Started mixing for [byte] rule &apos;2&apos;...
[INFO] MixThem: Ended mixing for [byte] rule &apos;2&apos;.
[INFO] MixThem: Run and print result...
[INFO] MixThem: Started mixing for [byte] rule &apos;2&apos;...
[INFO] MixThem: Ended mixing for [byte] rule &apos;2&apos;.
[INFO] MixThem: Run pass with params {}
[INFO] MixThem: --------------------------------------------------------------------
[INFO] MixThem: Result file : file:/root/workspace/Innovimax-SARL/mix-them/375808753/target/test-classes/innovimax/mixthem/test001_output-add.txt
[INFO] MixThem: --------------------------------------------------------------------
[INFO] MixThem: Run and check result...
[INFO] MixThem: Started mixing for [byte] rule &apos;+&apos;...
[INFO] MixThem: Ended mixing for [byte] rule &apos;+&apos;.
[INFO] MixThem: Run and print result...
[INFO] MixThem: Started mixing for [byte] rule &apos;+&apos;...
[INFO] MixThem: Ended mixing for [byte] rule &apos;+&apos;.
[INFO] MixThem: Run pass with params {}
[INFO] MixThem: TEST [BYTE] N° 2***********************************************************
[INFO] MixThem: File 1: file:/root/workspace/Innovimax-SARL/mix-them/375808753/target/test-classes/innovimax/mixthem/test002_file1.txt
[INFO] MixThem: File 2: file:/root/workspace/Innovimax-SARL/mix-them/375808753/target/test-classes/innovimax/mixthem/test002_file2.txt
[INFO] MixThem: --------------------------------------------------------------------
[INFO] MixThem: Result file : file:/root/workspace/Innovimax-SARL/mix-them/375808753/target/test-classes/innovimax/mixthem/test002_output-altbyte.txt
[INFO] MixThem: --------------------------------------------------------------------
[INFO] MixThem: Run and check result...
[INFO] MixThem: Started mixing for [byte] rule &apos;alt-byte&apos;...
[INFO] MixThem: Ended mixing for [byte] rule &apos;alt-byte&apos;.
[INFO] MixThem: Run and print result...
[INFO] MixThem: Started mixing for [byte] rule &apos;alt-byte&apos;...
[INFO] MixThem: Ended mixing for [byte] rule &apos;alt-byte&apos;.
[INFO] MixThem: Run pass with params {}
[INFO] MixThem: --------------------------------------------------------------------
[INFO] MixThem: Params file : file:/root/workspace/Innovimax-SARL/mix-them/375808753/target/test-classes/innovimax/mixthem/test002_params-random-altbyte.txt
[INFO] MixThem: Result file : file:/root/workspace/Innovimax-SARL/mix-them/375808753/target/test-classes/innovimax/mixthem/test002_output-random-altbyte.txt
[INFO] MixThem: --------------------------------------------------------------------
[INFO] MixThem: Run and check result...
[INFO] MixThem: Started mixing for [byte] rule &apos;random-alt-byte&apos;...
[INFO] MixThem: Ended mixing for [byte] rule &apos;random-alt-byte&apos;.
[INFO] MixThem: Run and print result...
[INFO] MixThem: Started mixing for [byte] rule &apos;random-alt-byte&apos;...
[INFO] MixThem: Ended mixing for [byte] rule &apos;random-alt-byte&apos;.
[INFO] MixThem: Run pass with params {}
[INFO] MixThem: --------------------------------------------------------------------
[INFO] MixThem: Params file : file:/root/workspace/Innovimax-SARL/mix-them/375808753/target/test-classes/innovimax/mixthem/test002_params-random-altbyte.txt
[INFO] MixThem: Result file : file:/root/workspace/Innovimax-SARL/mix-them/375808753/target/test-classes/innovimax/mixthem/test002_output-random-altbyte.txt
[INFO] MixThem: --------------------------------------------------------------------
[INFO] MixThem: Run and check result...
[INFO] MixThem: Started mixing for [byte] rule &apos;random-alt-byte&apos;...
[INFO] MixThem: Ended mixing for [byte] rule &apos;random-alt-byte&apos;.
[INFO] MixThem: Run and print result...
[INFO] MixThem: Started mixing for [byte] rule &apos;random-alt-byte&apos;...
[INFO] MixThem: Ended mixing for [byte] rule &apos;random-alt-byte&apos;.
[INFO] MixThem: Run pass with params {RANDOM_SEED=1789}
[INFO] MixThem: TEST [BYTE] N° 3***********************************************************
[INFO] MixThem: File 1: file:/root/workspace/Innovimax-SARL/mix-them/375808753/target/test-classes/innovimax/mixthem/test003_file1.txt
[INFO] MixThem: File 2: file:/root/workspace/Innovimax-SARL/mix-them/375808753/target/test-classes/innovimax/mixthem/test003_file2.txt
[INFO] MixThem: TEST [BYTE] N° 4***********************************************************
[INFO] MixThem: File 1: file:/root/workspace/Innovimax-SARL/mix-them/375808753/target/test-classes/innovimax/mixthem/test004_file1.txt
[INFO] MixThem: File 2: file:/root/workspace/Innovimax-SARL/mix-them/375808753/target/test-classes/innovimax/mixthem/test004_file2.txt
[INFO] MixThem: TEST [BYTE] N° 5***********************************************************
[INFO] MixThem: File 1: file:/root/workspace/Innovimax-SARL/mix-them/375808753/target/test-classes/innovimax/mixthem/test005_file1.txt
[INFO] MixThem: File 2: file:/root/workspace/Innovimax-SARL/mix-them/375808753/target/test-classes/innovimax/mixthem/test005_file2.txt
[INFO] MixThem: TEST [BYTE] N° 6***********************************************************
[INFO] MixThem: File 1: file:/root/workspace/Innovimax-SARL/mix-them/375808753/target/test-classes/innovimax/mixthem/test006_file1.txt
[INFO] MixThem: File 2: file:/root/workspace/Innovimax-SARL/mix-them/375808753/target/test-classes/innovimax/mixthem/test006_file2.txt
[INFO] MixThem: TEST [BYTE] N° 7***********************************************************
[INFO] MixThem: File 1: file:/root/workspace/Innovimax-SARL/mix-them/375808753/target/test-classes/innovimax/mixthem/test007_file1.txt
[INFO] MixThem: File 2: file:/root/workspace/Innovimax-SARL/mix-them/375808753/target/test-classes/innovimax/mixthem/test007_file2.txt
[INFO] MixThem: TEST [BYTE] N° 8***********************************************************
[INFO] MixThem: File 1: file:/root/workspace/Innovimax-SARL/mix-them/375808753/target/test-classes/innovimax/mixthem/test008_file1.txt
[INFO] MixThem: File 2: file:/root/workspace/Innovimax-SARL/mix-them/375808753/target/test-classes/innovimax/mixthem/test008_file2.txt
[INFO] MixThem: TEST [BYTE] N° 9***********************************************************
[INFO] MixThem: File 1: file:/root/workspace/Innovimax-SARL/mix-them/375808753/target/test-classes/innovimax/mixthem/test009_file1.txt
[INFO] MixThem: File 2: file:/root/workspace/Innovimax-SARL/mix-them/375808753/target/test-classes/innovimax/mixthem/test009_file2.txt
[INFO] MixThem: TEST [BYTE] N° 10***********************************************************
[INFO] MixThem: File 1: file:/root/workspace/Innovimax-SARL/mix-them/375808753/target/test-classes/innovimax/mixthem/test010_file1.txt
[INFO] MixThem: File 2: file:/root/workspace/Innovimax-SARL/mix-them/375808753/target/test-classes/innovimax/mixthem/test010_file2.txt
[INFO] MixThem: TEST [BYTE] N° 11***********************************************************
[INFO] MixThem: File 1: file:/root/workspace/Innovimax-SARL/mix-them/375808753/target/test-classes/innovimax/mixthem/test011_file1.txt
[INFO] MixThem: File 2: file:/root/workspace/Innovimax-SARL/mix-them/375808753/target/test-classes/innovimax/mixthem/test011_file2.txt
[INFO] MixThem: TEST [BYTE] N° 12***********************************************************
[INFO] MixThem: File 1: file:/root/workspace/Innovimax-SARL/mix-them/375808753/target/test-classes/innovimax/mixthem/test012_file1.txt
[INFO] MixThem: File 2: file:/root/workspace/Innovimax-SARL/mix-them/375808753/target/test-classes/innovimax/mixthem/test012_file2.txt
[INFO] MixThem: TEST [BYTE] N° 13***********************************************************
[INFO] MixThem: File 1: file:/root/workspace/Innovimax-SARL/mix-them/375808753/target/test-classes/innovimax/mixthem/test013_file1.txt
[INFO] MixThem: File 2: file:/root/workspace/Innovimax-SARL/mix-them/375808753/target/test-classes/innovimax/mixthem/test013_file2.txt
[INFO] MixThem: TEST [BYTE] N° 14***********************************************************
[INFO] MixThem: File 1: file:/root/workspace/Innovimax-SARL/mix-them/375808753/target/test-classes/innovimax/mixthem/test014_file1.txt
[INFO] MixThem: File 2: file:/root/workspace/Innovimax-SARL/mix-them/375808753/target/test-classes/innovimax/mixthem/test014_file2.txt
[INFO] MixThem: TEST [BYTE] N° 15***********************************************************
[INFO] MixThem: File 1: file:/root/workspace/Innovimax-SARL/mix-them/375808753/target/test-classes/innovimax/mixthem/test015_file1.txt
[INFO] MixThem: File 2: file:/root/workspace/Innovimax-SARL/mix-them/375808753/target/test-classes/innovimax/mixthem/test015_file2.txt
[INFO] MixThem: TEST [BYTE] N° 16***********************************************************
[INFO] MixThem: File 1: file:/root/workspace/Innovimax-SARL/mix-them/375808753/target/test-classes/innovimax/mixthem/test016_file1.txt
[INFO] MixThem: File 2: file:/root/workspace/Innovimax-SARL/mix-them/375808753/target/test-classes/innovimax/mixthem/test016_file2.txt
[INFO] MixThem: TEST [BYTE] N° 17***********************************************************
[INFO] MixThem: File 1: file:/root/workspace/Innovimax-SARL/mix-them/375808753/target/test-classes/innovimax/mixthem/test017_file1.txt
[INFO] MixThem: File 2: file:/root/workspace/Innovimax-SARL/mix-them/375808753/target/test-classes/innovimax/mixthem/test017_file2.txt
[INFO] MixThem: TEST [BYTE] N° 18***********************************************************
[INFO] MixThem: File 1: file:/root/workspace/Innovimax-SARL/mix-them/375808753/target/test-classes/innovimax/mixthem/test018_file1.txt
[INFO] MixThem: File 2: file:/root/workspace/Innovimax-SARL/mix-them/375808753/target/test-classes/innovimax/mixthem/test018_file2.txt
[INFO] MixThem: TEST [BYTE] N° 19***********************************************************
[INFO] MixThem: File 1: file:/root/workspace/Innovimax-SARL/mix-them/375808753/target/test-classes/innovimax/mixthem/test019_file1.txt
[INFO] MixThem: File 2: file:/root/workspace/Innovimax-SARL/mix-them/375808753/target/test-classes/innovimax/mixthem/test019_file2.txt
[INFO] MixThem: --------------------------------------------------------------------
[INFO] MixThem: Result file : file:/root/workspace/Innovimax-SARL/mix-them/375808753/target/test-classes/innovimax/mixthem/test019_output-altbyte.txt
[INFO] MixThem: --------------------------------------------------------------------
[INFO] MixThem: Run and check result...
[INFO] MixThem: Started mixing for [byte] rule &apos;alt-byte&apos;...
[INFO] MixThem: Ended mixing for [byte] rule &apos;alt-byte&apos;.
[INFO] MixThem: Run and print result...
[INFO] MixThem: Started mixing for [byte] rule &apos;alt-byte&apos;...
[INFO] MixThem: Ended mixing for [byte] rule &apos;alt-byte&apos;.
[INFO] MixThem: Run pass with params {}
[INFO] MixThem: TEST [BYTE] N° 20***********************************************************
[INFO] MixThem: File 1: file:/root/workspace/Innovimax-SARL/mix-them/375808753/target/test-classes/innovimax/mixthem/test020_file1.txt
[INFO] MixThem: File 2: file:/root/workspace/Innovimax-SARL/mix-them/375808753/target/test-classes/innovimax/mixthem/test020_file2.txt
[INFO] MixThem: File 3: file:/root/workspace/Innovimax-SARL/mix-them/375808753/target/test-classes/innovimax/mixthem/test020_file3.txt
[INFO] MixThem: --------------------------------------------------------------------
[INFO] MixThem: Result file : file:/root/workspace/Innovimax-SARL/mix-them/375808753/target/test-classes/innovimax/mixthem/test020_output-altbyte.txt
[INFO] MixThem: --------------------------------------------------------------------
[INFO] MixThem: Run and check result...
[INFO] MixThem: Started mixing for [byte] rule &apos;alt-byte&apos;...
[INFO] MixThem: Ended mixing for [byte] rule &apos;alt-byte&apos;.
[INFO] MixThem: Run and print result...
[INFO] MixThem: Started mixing for [byte] rule &apos;alt-byte&apos;...
[INFO] MixThem: Ended mixing for [byte] rule &apos;alt-byte&apos;.
[INFO] MixThem: Run FAIL with params {}
[INFO] MixThem: TEST [BYTE] N° 21***********************************************************
[INFO] MixThem: *********************************************************************
[INFO] MixThem: FAILED [BYTE] TESTS : [20]
[INFO] MixThem: *********************************************************************
</system-err>
  </testcase>
</testsuite>