<?xml version="1.0" encoding="UTF-8"?>
<testsuite xmlns:xsi="http://www.w3.org/2001/XMLSchema-instance" xsi:noNamespaceSchemaLocation="https://maven.apache.org/surefire/maven-surefire-plugin/xsd/surefire-test-report.xsd" name="org.owasp.dependencytrack.parser.dependencycheck.DependencyCheckParserTest" time="25.497" tests="2" errors="0" skipped="0" failures="0">
  <properties>
    <property name="awt.toolkit" value="sun.awt.X11.XToolkit"/>
    <property name="file.encoding.pkg" value="sun.io"/>
    <property name="java.specification.version" value="1.8"/>
    <property name="sun.cpu.isalist" value=""/>
    <property name="sun.jnu.encoding" value="UTF-8"/>
    <property name="java.class.path" value="/root/workspace/DependencyTrack/dependency-track/391568443/target/test-classes:/root/workspace/DependencyTrack/dependency-track/391568443/target/classes:/root/./workspace/DependencyTrack/dependency-track/391568443/.m2/us/springett/alpine/1.2.0-SNAPSHOT/alpine-1.2.0-SNAPSHOT.jar:/root/./workspace/DependencyTrack/dependency-track/391568443/.m2/us/springett/cvss-calculator/1.1.0/cvss-calculator-1.1.0.jar:/root/./workspace/DependencyTrack/dependency-track/391568443/.m2/org/owasp/dependency-check-core/3.2.1/dependency-check-core-3.2.1.jar:/root/./workspace/DependencyTrack/dependency-track/391568443/.m2/com/vdurmont/semver4j/2.2.0/semver4j-2.2.0.jar:/root/./workspace/DependencyTrack/dependency-track/391568443/.m2/joda-time/joda-time/1.6/joda-time-1.6.jar:/root/./workspace/DependencyTrack/dependency-track/391568443/.m2/org/apache/commons/commons-compress/1.16.1/commons-compress-1.16.1.jar:/root/./workspace/DependencyTrack/dependency-track/391568443/.m2/org/objenesis/objenesis/2.6/objenesis-2.6.jar:/root/./workspace/DependencyTrack/dependency-track/391568443/.m2/org/apache/commons/commons-text/1.3/commons-text-1.3.jar:/root/./workspace/DependencyTrack/dependency-track/391568443/.m2/org/apache/velocity/velocity/1.7/velocity-1.7.jar:/root/./workspace/DependencyTrack/dependency-track/391568443/.m2/commons-collections/commons-collections/3.2.1/commons-collections-3.2.1.jar:/root/./workspace/DependencyTrack/dependency-track/391568443/.m2/commons-lang/commons-lang/2.4/commons-lang-2.4.jar:/root/./workspace/DependencyTrack/dependency-track/391568443/.m2/org/jsoup/jsoup/1.11.3/jsoup-1.11.3.jar:/root/./workspace/DependencyTrack/dependency-track/391568443/.m2/com/sun/mail/mailapi/1.6.1/mailapi-1.6.1.jar:/root/./workspace/DependencyTrack/dependency-track/391568443/.m2/javax/activation/activation/1.1/activation-1.1.jar:/root/./workspace/DependencyTrack/dependency-track/391568443/.m2/com/google/code/gson/gson/2.8.5/gson-2.8.5.jar:/root/./workspace/DependencyTrack/dependency-track/391568443/.m2/org/owasp/dependency-check-utils/3.2.1/dependency-check-utils-3.2.1.jar:/root/./workspace/DependencyTrack/dependency-track/391568443/.m2/org/apache/lucene/lucene-core/5.5.5/lucene-core-5.5.5.jar:/root/./workspace/DependencyTrack/dependency-track/391568443/.m2/org/apache/lucene/lucene-analyzers-common/5.5.5/lucene-analyzers-common-5.5.5.jar:/root/./workspace/DependencyTrack/dependency-track/391568443/.m2/org/apache/lucene/lucene-queryparser/5.5.5/lucene-queryparser-5.5.5.jar:/root/./workspace/DependencyTrack/dependency-track/391568443/.m2/org/apache/lucene/lucene-queries/5.5.5/lucene-queries-5.5.5.jar:/root/./workspace/DependencyTrack/dependency-track/391568443/.m2/org/apache/lucene/lucene-sandbox/5.5.5/lucene-sandbox-5.5.5.jar:/root/./workspace/DependencyTrack/dependency-track/391568443/.m2/org/apache/lucene/lucene-spatial/5.5.5/lucene-spatial-5.5.5.jar:/root/./workspace/DependencyTrack/dependency-track/391568443/.m2/jakarta-regexp/jakarta-regexp/1.4/jakarta-regexp-1.4.jar:/root/./workspace/DependencyTrack/dependency-track/391568443/.m2/us/springett/vulndb-data-mirror/1.0.0-SNAPSHOT/vulndb-data-mirror-1.0.0-SNAPSHOT.jar:/root/./workspace/DependencyTrack/dependency-track/391568443/.m2/commons-cli/commons-cli/1.4/commons-cli-1.4.jar:/root/./workspace/DependencyTrack/dependency-track/391568443/.m2/oauth/signpost/signpost-core/1.2.1.2/signpost-core-1.2.1.2.jar:/root/./workspace/DependencyTrack/dependency-track/391568443/.m2/io/github/openunirest/unirest-java/2.2.03/unirest-java-2.2.03.jar:/root/./workspace/DependencyTrack/dependency-track/391568443/.m2/org/apache/httpcomponents/httpclient/4.5.5/httpclient-4.5.5.jar:/root/./workspace/DependencyTrack/dependency-track/391568443/.m2/org/apache/httpcomponents/httpcore/4.4.9/httpcore-4.4.9.jar:/root/./workspace/DependencyTrack/dependency-track/391568443/.m2/commons-logging/commons-logging/1.2/commons-logging-1.2.jar:/root/./workspace/DependencyTrack/dependency-track/391568443/.m2/org/apache/httpcomponents/httpasyncclient/4.1.3/httpasyncclient-4.1.3.jar:/root/./workspace/DependencyTrack/dependency-track/391568443/.m2/org/apache/httpcomponents/httpcore-nio/4.4.6/httpcore-nio-4.4.6.jar:/root/./workspace/DependencyTrack/dependency-track/391568443/.m2/org/apache/httpcomponents/httpmime/4.5.5/httpmime-4.5.5.jar:/root/./workspace/DependencyTrack/dependency-track/391568443/.m2/org/json/json/20180130/json-20180130.jar:/root/./workspace/DependencyTrack/dependency-track/391568443/.m2/org/spdx/spdx-tools/2.1.12/spdx-tools-2.1.12.jar:/root/./workspace/DependencyTrack/dependency-track/391568443/.m2/org/apache/jena/jena-tdb/3.1.1/jena-tdb-3.1.1.jar:/root/./workspace/DependencyTrack/dependency-track/391568443/.m2/org/apache/jena/jena-arq/3.1.1/jena-arq-3.1.1.jar:/root/./workspace/DependencyTrack/dependency-track/391568443/.m2/org/apache/jena/jena-core/3.1.1/jena-core-3.1.1.jar:/root/./workspace/DependencyTrack/dependency-track/391568443/.m2/org/apache/jena/jena-base/3.1.1/jena-base-3.1.1.jar:/root/./workspace/DependencyTrack/dependency-track/391568443/.m2/com/github/andrewoma/dexx/collection/0.6/collection-0.6.jar:/root/./workspace/DependencyTrack/dependency-track/391568443/.m2/org/apache/jena/jena-shaded-guava/3.1.1/jena-shaded-guava-3.1.1.jar:/root/./workspace/DependencyTrack/dependency-track/391568443/.m2/com/github/jsonld-java/jsonld-java/0.8.3/jsonld-java-0.8.3.jar:/root/./workspace/DependencyTrack/dependency-track/391568443/.m2/org/apache/httpcomponents/httpclient-cache/4.5.2/httpclient-cache-4.5.2.jar:/root/./workspace/DependencyTrack/dependency-track/391568443/.m2/org/apache/thrift/libthrift/0.9.3/libthrift-0.9.3.jar:/root/./workspace/DependencyTrack/dependency-track/391568443/.m2/org/apache/commons/commons-csv/1.3/commons-csv-1.3.jar:/root/./workspace/DependencyTrack/dependency-track/391568443/.m2/xerces/xercesImpl/2.11.0.SP5/xercesImpl-2.11.0.SP5.jar:/root/./workspace/DependencyTrack/dependency-track/391568443/.m2/org/apache/jena/jena-iri/3.1.1/jena-iri-3.1.1.jar:/root/./workspace/DependencyTrack/dependency-track/391568443/.m2/org/antlr/antlr/3.4/antlr-3.4.jar:/root/./workspace/DependencyTrack/dependency-track/391568443/.m2/org/antlr/antlr-runtime/3.4/antlr-runtime-3.4.jar:/root/./workspace/DependencyTrack/dependency-track/391568443/.m2/org/antlr/stringtemplate/3.2.1/stringtemplate-3.2.1.jar:/root/./workspace/DependencyTrack/dependency-track/391568443/.m2/antlr/antlr/2.7.7/antlr-2.7.7.jar:/root/./workspace/DependencyTrack/dependency-track/391568443/.m2/org/antlr/ST4/4.0.4/ST4-4.0.4.jar:/root/./workspace/DependencyTrack/dependency-track/391568443/.m2/org/apache/poi/poi/3.15/poi-3.15.jar:/root/./workspace/DependencyTrack/dependency-track/391568443/.m2/org/apache/poi/poi-ooxml/3.15/poi-ooxml-3.15.jar:/root/./workspace/DependencyTrack/dependency-track/391568443/.m2/org/apache/poi/poi-ooxml-schemas/3.15/poi-ooxml-schemas-3.15.jar:/root/./workspace/DependencyTrack/dependency-track/391568443/.m2/org/apache/xmlbeans/xmlbeans/2.6.0/xmlbeans-2.6.0.jar:/root/./workspace/DependencyTrack/dependency-track/391568443/.m2/stax/stax-api/1.0.1/stax-api-1.0.1.jar:/root/./workspace/DependencyTrack/dependency-track/391568443/.m2/com/github/virtuald/curvesapi/1.04/curvesapi-1.04.jar:/root/./workspace/DependencyTrack/dependency-track/391568443/.m2/net/sf/opencsv/opencsv/2.3/opencsv-2.3.jar:/root/./workspace/DependencyTrack/dependency-track/391568443/.m2/nu/validator/htmlparser/htmlparser/1.4/htmlparser-1.4.jar:/root/./workspace/DependencyTrack/dependency-track/391568443/.m2/net/sf/saxon/saxon/8.7/saxon-8.7.jar:/root/./workspace/DependencyTrack/dependency-track/391568443/.m2/com/google/guava/guava/16.0.1/guava-16.0.1.jar:/root/./workspace/DependencyTrack/dependency-track/391568443/.m2/com/github/spullara/mustache/java/compiler/0.7.9/compiler-0.7.9.jar:/root/./workspace/DependencyTrack/dependency-track/391568443/.m2/com/googlecode/json-simple/json-simple/1.1.1/json-simple-1.1.1.jar:/root/./workspace/DependencyTrack/dependency-track/391568443/.m2/net/sf/saxon/saxon-dom/8.7/saxon-dom-8.7.jar:/root/./workspace/DependencyTrack/dependency-track/391568443/.m2/commons-io/commons-io/2.6/commons-io-2.6.jar:/root/./workspace/DependencyTrack/dependency-track/391568443/.m2/org/apache/commons/commons-lang3/3.7/commons-lang3-3.7.jar:/root/./workspace/DependencyTrack/dependency-track/391568443/.m2/org/apache/commons/commons-collections4/4.1/commons-collections4-4.1.jar:/root/./workspace/DependencyTrack/dependency-track/391568443/.m2/javax/javaee-api/7.0/javaee-api-7.0.jar:/root/./workspace/DependencyTrack/dependency-track/391568443/.m2/com/sun/mail/javax.mail/1.5.0/javax.mail-1.5.0.jar:/root/./workspace/DependencyTrack/dependency-track/391568443/.m2/javax/servlet/javax.servlet-api/3.1.0/javax.servlet-api-3.1.0.jar:/root/./workspace/DependencyTrack/dependency-track/391568443/.m2/org/glassfish/jersey/containers/jersey-container-servlet/2.27/jersey-container-servlet-2.27.jar:/root/./workspace/DependencyTrack/dependency-track/391568443/.m2/org/glassfish/jersey/containers/jersey-container-servlet-core/2.27/jersey-container-servlet-core-2.27.jar:/root/./workspace/DependencyTrack/dependency-track/391568443/.m2/org/glassfish/jersey/core/jersey-common/2.27/jersey-common-2.27.jar:/root/./workspace/DependencyTrack/dependency-track/391568443/.m2/javax/annotation/javax.annotation-api/1.2/javax.annotation-api-1.2.jar:/root/./workspace/DependencyTrack/dependency-track/391568443/.m2/org/glassfish/hk2/osgi-resource-locator/1.0.1/osgi-resource-locator-1.0.1.jar:/root/./workspace/DependencyTrack/dependency-track/391568443/.m2/org/glassfish/jersey/core/jersey-server/2.27/jersey-server-2.27.jar:/root/./workspace/DependencyTrack/dependency-track/391568443/.m2/org/glassfish/jersey/core/jersey-client/2.27/jersey-client-2.27.jar:/root/./workspace/DependencyTrack/dependency-track/391568443/.m2/org/glassfish/jersey/media/jersey-media-jaxb/2.27/jersey-media-jaxb-2.27.jar:/root/./workspace/DependencyTrack/dependency-track/391568443/.m2/javax/ws/rs/javax.ws.rs-api/2.1/javax.ws.rs-api-2.1.jar:/root/./workspace/DependencyTrack/dependency-track/391568443/.m2/org/glassfish/jersey/media/jersey-media-json-jackson/2.27/jersey-media-json-jackson-2.27.jar:/root/./workspace/DependencyTrack/dependency-track/391568443/.m2/org/glassfish/jersey/ext/jersey-entity-filtering/2.27/jersey-entity-filtering-2.27.jar:/root/./workspace/DependencyTrack/dependency-track/391568443/.m2/com/fasterxml/jackson/module/jackson-module-jaxb-annotations/2.8.10/jackson-module-jaxb-annotations-2.8.10.jar:/root/./workspace/DependencyTrack/dependency-track/391568443/.m2/org/glassfish/jersey/media/jersey-media-multipart/2.27/jersey-media-multipart-2.27.jar:/root/./workspace/DependencyTrack/dependency-track/391568443/.m2/org/jvnet/mimepull/mimepull/1.9.6/mimepull-1.9.6.jar:/root/./workspace/DependencyTrack/dependency-track/391568443/.m2/org/glassfish/jersey/ext/jersey-bean-validation/2.27/jersey-bean-validation-2.27.jar:/root/./workspace/DependencyTrack/dependency-track/391568443/.m2/org/glassfish/hk2/external/javax.inject/2.5.0-b42/javax.inject-2.5.0-b42.jar:/root/./workspace/DependencyTrack/dependency-track/391568443/.m2/javax/validation/validation-api/1.1.0.Final/validation-api-1.1.0.Final.jar:/root/./workspace/DependencyTrack/dependency-track/391568443/.m2/org/hibernate/hibernate-validator/5.1.3.Final/hibernate-validator-5.1.3.Final.jar:/root/./workspace/DependencyTrack/dependency-track/391568443/.m2/org/jboss/logging/jboss-logging/3.1.3.GA/jboss-logging-3.1.3.GA.jar:/root/./workspace/DependencyTrack/dependency-track/391568443/.m2/com/fasterxml/classmate/1.0.0/classmate-1.0.0.jar:/root/./workspace/DependencyTrack/dependency-track/391568443/.m2/javax/el/javax.el-api/2.2.4/javax.el-api-2.2.4.jar:/root/./workspace/DependencyTrack/dependency-track/391568443/.m2/org/glassfish/web/javax.el/2.2.4/javax.el-2.2.4.jar:/root/./workspace/DependencyTrack/dependency-track/391568443/.m2/org/glassfish/jersey/inject/jersey-hk2/2.27/jersey-hk2-2.27.jar:/root/./workspace/DependencyTrack/dependency-track/391568443/.m2/org/glassfish/hk2/hk2-locator/2.5.0-b42/hk2-locator-2.5.0-b42.jar:/root/./workspace/DependencyTrack/dependency-track/391568443/.m2/org/glassfish/hk2/external/aopalliance-repackaged/2.5.0-b42/aopalliance-repackaged-2.5.0-b42.jar:/root/./workspace/DependencyTrack/dependency-track/391568443/.m2/org/glassfish/hk2/hk2-api/2.5.0-b42/hk2-api-2.5.0-b42.jar:/root/./workspace/DependencyTrack/dependency-track/391568443/.m2/javax/inject/javax.inject/1/javax.inject-1.jar:/root/./workspace/DependencyTrack/dependency-track/391568443/.m2/org/glassfish/hk2/hk2-utils/2.5.0-b42/hk2-utils-2.5.0-b42.jar:/root/./workspace/DependencyTrack/dependency-track/391568443/.m2/javax/json/javax.json-api/1.1.2/javax.json-api-1.1.2.jar:/root/./workspace/DependencyTrack/dependency-track/391568443/.m2/org/glassfish/javax.json/1.1.2/javax.json-1.1.2.jar:/root/./workspace/DependencyTrack/dependency-track/391568443/.m2/javax/servlet/jsp/jsp-api/2.2/jsp-api-2.2.jar:/root/./workspace/DependencyTrack/dependency-track/391568443/.m2/javax/servlet/jstl/1.2/jstl-1.2.jar:/root/./workspace/DependencyTrack/dependency-track/391568443/.m2/io/swagger/swagger-jersey2-jaxrs/1.5.20/swagger-jersey2-jaxrs-1.5.20.jar:/root/./workspace/DependencyTrack/dependency-track/391568443/.m2/io/swagger/swagger-jaxrs/1.5.20/swagger-jaxrs-1.5.20.jar:/root/./workspace/DependencyTrack/dependency-track/391568443/.m2/io/swagger/swagger-core/1.5.20/swagger-core-1.5.20.jar:/root/./workspace/DependencyTrack/dependency-track/391568443/.m2/com/fasterxml/jackson/dataformat/jackson-dataformat-yaml/2.9.5/jackson-dataformat-yaml-2.9.5.jar:/root/./workspace/DependencyTrack/dependency-track/391568443/.m2/org/yaml/snakeyaml/1.18/snakeyaml-1.18.jar:/root/./workspace/DependencyTrack/dependency-track/391568443/.m2/io/swagger/swagger-models/1.5.20/swagger-models-1.5.20.jar:/root/./workspace/DependencyTrack/dependency-track/391568443/.m2/io/swagger/swagger-annotations/1.5.20/swagger-annotations-1.5.20.jar:/root/./workspace/DependencyTrack/dependency-track/391568443/.m2/org/reflections/reflections/0.9.11/reflections-0.9.11.jar:/root/./workspace/DependencyTrack/dependency-track/391568443/.m2/org/datanucleus/javax.jdo/3.2.0-m8/javax.jdo-3.2.0-m8.jar:/root/./workspace/DependencyTrack/dependency-track/391568443/.m2/javax/transaction/transaction-api/1.1/transaction-api-1.1.jar:/root/./workspace/DependencyTrack/dependency-track/391568443/.m2/org/datanucleus/datanucleus-api-jdo/5.1.7/datanucleus-api-jdo-5.1.7.jar:/root/./workspace/DependencyTrack/dependency-track/391568443/.m2/org/datanucleus/datanucleus-core/5.1.10/datanucleus-core-5.1.10.jar:/root/./workspace/DependencyTrack/dependency-track/391568443/.m2/org/datanucleus/datanucleus-rdbms/5.1.10/datanucleus-rdbms-5.1.10.jar:/root/./workspace/DependencyTrack/dependency-track/391568443/.m2/com/zaxxer/HikariCP/3.2.0/HikariCP-3.2.0.jar:/root/./workspace/DependencyTrack/dependency-track/391568443/.m2/org/javassist/javassist/3.22.0-GA/javassist-3.22.0-GA.jar:/root/./workspace/DependencyTrack/dependency-track/391568443/.m2/com/h2database/h2/1.4.196/h2-1.4.196.jar:/root/./workspace/DependencyTrack/dependency-track/391568443/.m2/io/jsonwebtoken/jjwt/0.9.0/jjwt-0.9.0.jar:/root/./workspace/DependencyTrack/dependency-track/391568443/.m2/org/mindrot/jbcrypt/0.4/jbcrypt-0.4.jar:/root/./workspace/DependencyTrack/dependency-track/391568443/.m2/com/fasterxml/jackson/core/jackson-databind/2.9.6/jackson-databind-2.9.6.jar:/root/./workspace/DependencyTrack/dependency-track/391568443/.m2/com/fasterxml/jackson/core/jackson-core/2.9.6/jackson-core-2.9.6.jar:/root/./workspace/DependencyTrack/dependency-track/391568443/.m2/com/fasterxml/jackson/core/jackson-annotations/2.9.6/jackson-annotations-2.9.6.jar:/root/./workspace/DependencyTrack/dependency-track/391568443/.m2/com/fasterxml/jackson/jaxrs/jackson-jaxrs-base/2.9.6/jackson-jaxrs-base-2.9.6.jar:/root/./workspace/DependencyTrack/dependency-track/391568443/.m2/com/fasterxml/jackson/jaxrs/jackson-jaxrs-json-provider/2.9.6/jackson-jaxrs-json-provider-2.9.6.jar:/root/./workspace/DependencyTrack/dependency-track/391568443/.m2/org/slf4j/slf4j-api/1.7.25/slf4j-api-1.7.25.jar:/root/./workspace/DependencyTrack/dependency-track/391568443/.m2/ch/qos/logback/logback-classic/1.2.3/logback-classic-1.2.3.jar:/root/./workspace/DependencyTrack/dependency-track/391568443/.m2/ch/qos/logback/logback-core/1.2.3/logback-core-1.2.3.jar:/root/./workspace/DependencyTrack/dependency-track/391568443/.m2/org/owasp/security-logging-common/1.1.6/security-logging-common-1.1.6.jar:/root/./workspace/DependencyTrack/dependency-track/391568443/.m2/org/owasp/security-logging-logback/1.1.6/security-logging-logback-1.1.6.jar:/root/./workspace/DependencyTrack/dependency-track/391568443/.m2/commons-codec/commons-codec/1.11/commons-codec-1.11.jar:/root/./workspace/DependencyTrack/dependency-track/391568443/.m2/org/owasp/encoder/encoder/1.2.1/encoder-1.2.1.jar:/root/./workspace/DependencyTrack/dependency-track/391568443/.m2/org/owasp/encoder/encoder-jsp/1.2.1/encoder-jsp-1.2.1.jar:/root/./workspace/DependencyTrack/dependency-track/391568443/.m2/us/springett/alpine-executable-war/1.0.1/alpine-executable-war-1.0.1.jar:/root/./workspace/DependencyTrack/dependency-track/391568443/.m2/org/eclipse/jetty/jetty-server/9.4.10.v20180503/jetty-server-9.4.10.v20180503.jar:/root/./workspace/DependencyTrack/dependency-track/391568443/.m2/org/eclipse/jetty/jetty-http/9.4.10.v20180503/jetty-http-9.4.10.v20180503.jar:/root/./workspace/DependencyTrack/dependency-track/391568443/.m2/org/eclipse/jetty/jetty-io/9.4.10.v20180503/jetty-io-9.4.10.v20180503.jar:/root/./workspace/DependencyTrack/dependency-track/391568443/.m2/org/eclipse/jetty/jetty-webapp/9.4.10.v20180503/jetty-webapp-9.4.10.v20180503.jar:/root/./workspace/DependencyTrack/dependency-track/391568443/.m2/org/eclipse/jetty/jetty-xml/9.4.10.v20180503/jetty-xml-9.4.10.v20180503.jar:/root/./workspace/DependencyTrack/dependency-track/391568443/.m2/org/eclipse/jetty/jetty-servlet/9.4.10.v20180503/jetty-servlet-9.4.10.v20180503.jar:/root/./workspace/DependencyTrack/dependency-track/391568443/.m2/org/eclipse/jetty/jetty-security/9.4.10.v20180503/jetty-security-9.4.10.v20180503.jar:/root/./workspace/DependencyTrack/dependency-track/391568443/.m2/org/eclipse/jetty/apache-jsp/9.4.10.v20180503/apache-jsp-9.4.10.v20180503.jar:/root/./workspace/DependencyTrack/dependency-track/391568443/.m2/org/eclipse/jetty/jetty-util/9.4.10.v20180503/jetty-util-9.4.10.v20180503.jar:/root/./workspace/DependencyTrack/dependency-track/391568443/.m2/org/eclipse/jetty/toolchain/jetty-schemas/3.1/jetty-schemas-3.1.jar:/root/./workspace/DependencyTrack/dependency-track/391568443/.m2/org/mortbay/jasper/apache-jsp/8.5.24.2/apache-jsp-8.5.24.2.jar:/root/./workspace/DependencyTrack/dependency-track/391568443/.m2/org/mortbay/jasper/apache-el/8.5.24.2/apache-el-8.5.24.2.jar:/root/./workspace/DependencyTrack/dependency-track/391568443/.m2/org/eclipse/jdt/ecj/3.12.3/ecj-3.12.3.jar:/root/./workspace/DependencyTrack/dependency-track/391568443/.m2/org/eclipse/jetty/jetty-annotations/9.4.10.v20180503/jetty-annotations-9.4.10.v20180503.jar:/root/./workspace/DependencyTrack/dependency-track/391568443/.m2/org/eclipse/jetty/jetty-plus/9.4.10.v20180503/jetty-plus-9.4.10.v20180503.jar:/root/./workspace/DependencyTrack/dependency-track/391568443/.m2/org/eclipse/jetty/jetty-jndi/9.4.10.v20180503/jetty-jndi-9.4.10.v20180503.jar:/root/./workspace/DependencyTrack/dependency-track/391568443/.m2/org/ow2/asm/asm/6.1.1/asm-6.1.1.jar:/root/./workspace/DependencyTrack/dependency-track/391568443/.m2/org/ow2/asm/asm-commons/6.1.1/asm-commons-6.1.1.jar:/root/./workspace/DependencyTrack/dependency-track/391568443/.m2/org/ow2/asm/asm-tree/6.1.1/asm-tree-6.1.1.jar:/root/./workspace/DependencyTrack/dependency-track/391568443/.m2/org/ow2/asm/asm-analysis/6.1.1/asm-analysis-6.1.1.jar:/root/./workspace/DependencyTrack/dependency-track/391568443/.m2/org/eclipse/jetty/apache-jstl/9.4.10.v20180503/apache-jstl-9.4.10.v20180503.jar:/root/./workspace/DependencyTrack/dependency-track/391568443/.m2/org/apache/taglibs/taglibs-standard-spec/1.2.5/taglibs-standard-spec-1.2.5.jar:/root/./workspace/DependencyTrack/dependency-track/391568443/.m2/org/apache/taglibs/taglibs-standard-impl/1.2.5/taglibs-standard-impl-1.2.5.jar:/root/./workspace/DependencyTrack/dependency-track/391568443/.m2/org/eclipse/jetty/jetty-webapp-logging/9.0.0/jetty-webapp-logging-9.0.0.jar:/root/./workspace/DependencyTrack/dependency-track/391568443/.m2/org/eclipse/jetty/jetty-deploy/9.4.10.v20180503/jetty-deploy-9.4.10.v20180503.jar:/root/./workspace/DependencyTrack/dependency-track/391568443/.m2/org/slf4j/log4j-over-slf4j/1.7.25/log4j-over-slf4j-1.7.25.jar:/root/./workspace/DependencyTrack/dependency-track/391568443/.m2/org/slf4j/jul-to-slf4j/1.7.25/jul-to-slf4j-1.7.25.jar:/root/./workspace/DependencyTrack/dependency-track/391568443/.m2/org/slf4j/jcl-over-slf4j/1.7.25/jcl-over-slf4j-1.7.25.jar:/root/./workspace/DependencyTrack/dependency-track/391568443/.m2/com/google/code/findbugs/jsr305/3.0.2/jsr305-3.0.2.jar:/root/./workspace/DependencyTrack/dependency-track/391568443/.m2/junit/junit/4.12/junit-4.12.jar:/root/./workspace/DependencyTrack/dependency-track/391568443/.m2/org/hamcrest/hamcrest-core/1.3/hamcrest-core-1.3.jar:/root/./workspace/DependencyTrack/dependency-track/391568443/.m2/org/glassfish/jersey/test-framework/providers/jersey-test-framework-provider-grizzly2/2.27/jersey-test-framework-provider-grizzly2-2.27.jar:/root/./workspace/DependencyTrack/dependency-track/391568443/.m2/org/glassfish/jersey/test-framework/jersey-test-framework-core/2.27/jersey-test-framework-core-2.27.jar:/root/./workspace/DependencyTrack/dependency-track/391568443/.m2/org/glassfish/jersey/containers/jersey-container-grizzly2-http/2.27/jersey-container-grizzly2-http-2.27.jar:/root/./workspace/DependencyTrack/dependency-track/391568443/.m2/org/glassfish/grizzly/grizzly-http-server/2.4.0/grizzly-http-server-2.4.0.jar:/root/./workspace/DependencyTrack/dependency-track/391568443/.m2/org/glassfish/grizzly/grizzly-http/2.4.0/grizzly-http-2.4.0.jar:/root/./workspace/DependencyTrack/dependency-track/391568443/.m2/org/glassfish/grizzly/grizzly-framework/2.4.0/grizzly-framework-2.4.0.jar:/root/./workspace/DependencyTrack/dependency-track/391568443/.m2/org/glassfish/jersey/containers/jersey-container-grizzly2-servlet/2.27/jersey-container-grizzly2-servlet-2.27.jar:/root/./workspace/DependencyTrack/dependency-track/391568443/.m2/org/glassfish/grizzly/grizzly-http-servlet/2.4.0/grizzly-http-servlet-2.4.0.jar:"/>
    <property name="java.vm.vendor" value="Oracle Corporation"/>
    <property name="skip.bower" value="true"/>
    <property name="sun.arch.data.model" value="64"/>
    <property name="java.vendor.url" value="http://java.oracle.com/"/>
    <property name="user.timezone" value=""/>
    <property name="java.vm.specification.version" value="1.8"/>
    <property name="os.name" value="Linux"/>
    <property name="rat.skip" value="true"/>
    <property name="gpg.skip" value="true"/>
    <property name="sun.java.launcher" value="SUN_STANDARD"/>
    <property name="sun.boot.library.path" value="/usr/lib/jvm/java-8-openjdk-amd64/jre/lib/amd64"/>
    <property name="skip.gulp" value="true"/>
    <property name="sun.java.command" value="/root/workspace/DependencyTrack/dependency-track/391568443/target/surefire/surefirebooter8451372693729559587.jar /root/workspace/DependencyTrack/dependency-track/391568443/target/surefire 2018-06-16T20-55-28_744-jvmRun1 surefire3989963789156033451tmp surefire_08522581212573398425tmp"/>
    <property name="dependency-check.skip" value="true"/>
    <property name="surefire.test.class.path" value="/root/workspace/DependencyTrack/dependency-track/391568443/target/test-classes:/root/workspace/DependencyTrack/dependency-track/391568443/target/classes:/root/./workspace/DependencyTrack/dependency-track/391568443/.m2/us/springett/alpine/1.2.0-SNAPSHOT/alpine-1.2.0-SNAPSHOT.jar:/root/./workspace/DependencyTrack/dependency-track/391568443/.m2/us/springett/cvss-calculator/1.1.0/cvss-calculator-1.1.0.jar:/root/./workspace/DependencyTrack/dependency-track/391568443/.m2/org/owasp/dependency-check-core/3.2.1/dependency-check-core-3.2.1.jar:/root/./workspace/DependencyTrack/dependency-track/391568443/.m2/com/vdurmont/semver4j/2.2.0/semver4j-2.2.0.jar:/root/./workspace/DependencyTrack/dependency-track/391568443/.m2/joda-time/joda-time/1.6/joda-time-1.6.jar:/root/./workspace/DependencyTrack/dependency-track/391568443/.m2/org/apache/commons/commons-compress/1.16.1/commons-compress-1.16.1.jar:/root/./workspace/DependencyTrack/dependency-track/391568443/.m2/org/objenesis/objenesis/2.6/objenesis-2.6.jar:/root/./workspace/DependencyTrack/dependency-track/391568443/.m2/org/apache/commons/commons-text/1.3/commons-text-1.3.jar:/root/./workspace/DependencyTrack/dependency-track/391568443/.m2/org/apache/velocity/velocity/1.7/velocity-1.7.jar:/root/./workspace/DependencyTrack/dependency-track/391568443/.m2/commons-collections/commons-collections/3.2.1/commons-collections-3.2.1.jar:/root/./workspace/DependencyTrack/dependency-track/391568443/.m2/commons-lang/commons-lang/2.4/commons-lang-2.4.jar:/root/./workspace/DependencyTrack/dependency-track/391568443/.m2/org/jsoup/jsoup/1.11.3/jsoup-1.11.3.jar:/root/./workspace/DependencyTrack/dependency-track/391568443/.m2/com/sun/mail/mailapi/1.6.1/mailapi-1.6.1.jar:/root/./workspace/DependencyTrack/dependency-track/391568443/.m2/javax/activation/activation/1.1/activation-1.1.jar:/root/./workspace/DependencyTrack/dependency-track/391568443/.m2/com/google/code/gson/gson/2.8.5/gson-2.8.5.jar:/root/./workspace/DependencyTrack/dependency-track/391568443/.m2/org/owasp/dependency-check-utils/3.2.1/dependency-check-utils-3.2.1.jar:/root/./workspace/DependencyTrack/dependency-track/391568443/.m2/org/apache/lucene/lucene-core/5.5.5/lucene-core-5.5.5.jar:/root/./workspace/DependencyTrack/dependency-track/391568443/.m2/org/apache/lucene/lucene-analyzers-common/5.5.5/lucene-analyzers-common-5.5.5.jar:/root/./workspace/DependencyTrack/dependency-track/391568443/.m2/org/apache/lucene/lucene-queryparser/5.5.5/lucene-queryparser-5.5.5.jar:/root/./workspace/DependencyTrack/dependency-track/391568443/.m2/org/apache/lucene/lucene-queries/5.5.5/lucene-queries-5.5.5.jar:/root/./workspace/DependencyTrack/dependency-track/391568443/.m2/org/apache/lucene/lucene-sandbox/5.5.5/lucene-sandbox-5.5.5.jar:/root/./workspace/DependencyTrack/dependency-track/391568443/.m2/org/apache/lucene/lucene-spatial/5.5.5/lucene-spatial-5.5.5.jar:/root/./workspace/DependencyTrack/dependency-track/391568443/.m2/jakarta-regexp/jakarta-regexp/1.4/jakarta-regexp-1.4.jar:/root/./workspace/DependencyTrack/dependency-track/391568443/.m2/us/springett/vulndb-data-mirror/1.0.0-SNAPSHOT/vulndb-data-mirror-1.0.0-SNAPSHOT.jar:/root/./workspace/DependencyTrack/dependency-track/391568443/.m2/commons-cli/commons-cli/1.4/commons-cli-1.4.jar:/root/./workspace/DependencyTrack/dependency-track/391568443/.m2/oauth/signpost/signpost-core/1.2.1.2/signpost-core-1.2.1.2.jar:/root/./workspace/DependencyTrack/dependency-track/391568443/.m2/io/github/openunirest/unirest-java/2.2.03/unirest-java-2.2.03.jar:/root/./workspace/DependencyTrack/dependency-track/391568443/.m2/org/apache/httpcomponents/httpclient/4.5.5/httpclient-4.5.5.jar:/root/./workspace/DependencyTrack/dependency-track/391568443/.m2/org/apache/httpcomponents/httpcore/4.4.9/httpcore-4.4.9.jar:/root/./workspace/DependencyTrack/dependency-track/391568443/.m2/commons-logging/commons-logging/1.2/commons-logging-1.2.jar:/root/./workspace/DependencyTrack/dependency-track/391568443/.m2/org/apache/httpcomponents/httpasyncclient/4.1.3/httpasyncclient-4.1.3.jar:/root/./workspace/DependencyTrack/dependency-track/391568443/.m2/org/apache/httpcomponents/httpcore-nio/4.4.6/httpcore-nio-4.4.6.jar:/root/./workspace/DependencyTrack/dependency-track/391568443/.m2/org/apache/httpcomponents/httpmime/4.5.5/httpmime-4.5.5.jar:/root/./workspace/DependencyTrack/dependency-track/391568443/.m2/org/json/json/20180130/json-20180130.jar:/root/./workspace/DependencyTrack/dependency-track/391568443/.m2/org/spdx/spdx-tools/2.1.12/spdx-tools-2.1.12.jar:/root/./workspace/DependencyTrack/dependency-track/391568443/.m2/org/apache/jena/jena-tdb/3.1.1/jena-tdb-3.1.1.jar:/root/./workspace/DependencyTrack/dependency-track/391568443/.m2/org/apache/jena/jena-arq/3.1.1/jena-arq-3.1.1.jar:/root/./workspace/DependencyTrack/dependency-track/391568443/.m2/org/apache/jena/jena-core/3.1.1/jena-core-3.1.1.jar:/root/./workspace/DependencyTrack/dependency-track/391568443/.m2/org/apache/jena/jena-base/3.1.1/jena-base-3.1.1.jar:/root/./workspace/DependencyTrack/dependency-track/391568443/.m2/com/github/andrewoma/dexx/collection/0.6/collection-0.6.jar:/root/./workspace/DependencyTrack/dependency-track/391568443/.m2/org/apache/jena/jena-shaded-guava/3.1.1/jena-shaded-guava-3.1.1.jar:/root/./workspace/DependencyTrack/dependency-track/391568443/.m2/com/github/jsonld-java/jsonld-java/0.8.3/jsonld-java-0.8.3.jar:/root/./workspace/DependencyTrack/dependency-track/391568443/.m2/org/apache/httpcomponents/httpclient-cache/4.5.2/httpclient-cache-4.5.2.jar:/root/./workspace/DependencyTrack/dependency-track/391568443/.m2/org/apache/thrift/libthrift/0.9.3/libthrift-0.9.3.jar:/root/./workspace/DependencyTrack/dependency-track/391568443/.m2/org/apache/commons/commons-csv/1.3/commons-csv-1.3.jar:/root/./workspace/DependencyTrack/dependency-track/391568443/.m2/xerces/xercesImpl/2.11.0.SP5/xercesImpl-2.11.0.SP5.jar:/root/./workspace/DependencyTrack/dependency-track/391568443/.m2/org/apache/jena/jena-iri/3.1.1/jena-iri-3.1.1.jar:/root/./workspace/DependencyTrack/dependency-track/391568443/.m2/org/antlr/antlr/3.4/antlr-3.4.jar:/root/./workspace/DependencyTrack/dependency-track/391568443/.m2/org/antlr/antlr-runtime/3.4/antlr-runtime-3.4.jar:/root/./workspace/DependencyTrack/dependency-track/391568443/.m2/org/antlr/stringtemplate/3.2.1/stringtemplate-3.2.1.jar:/root/./workspace/DependencyTrack/dependency-track/391568443/.m2/antlr/antlr/2.7.7/antlr-2.7.7.jar:/root/./workspace/DependencyTrack/dependency-track/391568443/.m2/org/antlr/ST4/4.0.4/ST4-4.0.4.jar:/root/./workspace/DependencyTrack/dependency-track/391568443/.m2/org/apache/poi/poi/3.15/poi-3.15.jar:/root/./workspace/DependencyTrack/dependency-track/391568443/.m2/org/apache/poi/poi-ooxml/3.15/poi-ooxml-3.15.jar:/root/./workspace/DependencyTrack/dependency-track/391568443/.m2/org/apache/poi/poi-ooxml-schemas/3.15/poi-ooxml-schemas-3.15.jar:/root/./workspace/DependencyTrack/dependency-track/391568443/.m2/org/apache/xmlbeans/xmlbeans/2.6.0/xmlbeans-2.6.0.jar:/root/./workspace/DependencyTrack/dependency-track/391568443/.m2/stax/stax-api/1.0.1/stax-api-1.0.1.jar:/root/./workspace/DependencyTrack/dependency-track/391568443/.m2/com/github/virtuald/curvesapi/1.04/curvesapi-1.04.jar:/root/./workspace/DependencyTrack/dependency-track/391568443/.m2/net/sf/opencsv/opencsv/2.3/opencsv-2.3.jar:/root/./workspace/DependencyTrack/dependency-track/391568443/.m2/nu/validator/htmlparser/htmlparser/1.4/htmlparser-1.4.jar:/root/./workspace/DependencyTrack/dependency-track/391568443/.m2/net/sf/saxon/saxon/8.7/saxon-8.7.jar:/root/./workspace/DependencyTrack/dependency-track/391568443/.m2/com/google/guava/guava/16.0.1/guava-16.0.1.jar:/root/./workspace/DependencyTrack/dependency-track/391568443/.m2/com/github/spullara/mustache/java/compiler/0.7.9/compiler-0.7.9.jar:/root/./workspace/DependencyTrack/dependency-track/391568443/.m2/com/googlecode/json-simple/json-simple/1.1.1/json-simple-1.1.1.jar:/root/./workspace/DependencyTrack/dependency-track/391568443/.m2/net/sf/saxon/saxon-dom/8.7/saxon-dom-8.7.jar:/root/./workspace/DependencyTrack/dependency-track/391568443/.m2/commons-io/commons-io/2.6/commons-io-2.6.jar:/root/./workspace/DependencyTrack/dependency-track/391568443/.m2/org/apache/commons/commons-lang3/3.7/commons-lang3-3.7.jar:/root/./workspace/DependencyTrack/dependency-track/391568443/.m2/org/apache/commons/commons-collections4/4.1/commons-collections4-4.1.jar:/root/./workspace/DependencyTrack/dependency-track/391568443/.m2/javax/javaee-api/7.0/javaee-api-7.0.jar:/root/./workspace/DependencyTrack/dependency-track/391568443/.m2/com/sun/mail/javax.mail/1.5.0/javax.mail-1.5.0.jar:/root/./workspace/DependencyTrack/dependency-track/391568443/.m2/javax/servlet/javax.servlet-api/3.1.0/javax.servlet-api-3.1.0.jar:/root/./workspace/DependencyTrack/dependency-track/391568443/.m2/org/glassfish/jersey/containers/jersey-container-servlet/2.27/jersey-container-servlet-2.27.jar:/root/./workspace/DependencyTrack/dependency-track/391568443/.m2/org/glassfish/jersey/containers/jersey-container-servlet-core/2.27/jersey-container-servlet-core-2.27.jar:/root/./workspace/DependencyTrack/dependency-track/391568443/.m2/org/glassfish/jersey/core/jersey-common/2.27/jersey-common-2.27.jar:/root/./workspace/DependencyTrack/dependency-track/391568443/.m2/javax/annotation/javax.annotation-api/1.2/javax.annotation-api-1.2.jar:/root/./workspace/DependencyTrack/dependency-track/391568443/.m2/org/glassfish/hk2/osgi-resource-locator/1.0.1/osgi-resource-locator-1.0.1.jar:/root/./workspace/DependencyTrack/dependency-track/391568443/.m2/org/glassfish/jersey/core/jersey-server/2.27/jersey-server-2.27.jar:/root/./workspace/DependencyTrack/dependency-track/391568443/.m2/org/glassfish/jersey/core/jersey-client/2.27/jersey-client-2.27.jar:/root/./workspace/DependencyTrack/dependency-track/391568443/.m2/org/glassfish/jersey/media/jersey-media-jaxb/2.27/jersey-media-jaxb-2.27.jar:/root/./workspace/DependencyTrack/dependency-track/391568443/.m2/javax/ws/rs/javax.ws.rs-api/2.1/javax.ws.rs-api-2.1.jar:/root/./workspace/DependencyTrack/dependency-track/391568443/.m2/org/glassfish/jersey/media/jersey-media-json-jackson/2.27/jersey-media-json-jackson-2.27.jar:/root/./workspace/DependencyTrack/dependency-track/391568443/.m2/org/glassfish/jersey/ext/jersey-entity-filtering/2.27/jersey-entity-filtering-2.27.jar:/root/./workspace/DependencyTrack/dependency-track/391568443/.m2/com/fasterxml/jackson/module/jackson-module-jaxb-annotations/2.8.10/jackson-module-jaxb-annotations-2.8.10.jar:/root/./workspace/DependencyTrack/dependency-track/391568443/.m2/org/glassfish/jersey/media/jersey-media-multipart/2.27/jersey-media-multipart-2.27.jar:/root/./workspace/DependencyTrack/dependency-track/391568443/.m2/org/jvnet/mimepull/mimepull/1.9.6/mimepull-1.9.6.jar:/root/./workspace/DependencyTrack/dependency-track/391568443/.m2/org/glassfish/jersey/ext/jersey-bean-validation/2.27/jersey-bean-validation-2.27.jar:/root/./workspace/DependencyTrack/dependency-track/391568443/.m2/org/glassfish/hk2/external/javax.inject/2.5.0-b42/javax.inject-2.5.0-b42.jar:/root/./workspace/DependencyTrack/dependency-track/391568443/.m2/javax/validation/validation-api/1.1.0.Final/validation-api-1.1.0.Final.jar:/root/./workspace/DependencyTrack/dependency-track/391568443/.m2/org/hibernate/hibernate-validator/5.1.3.Final/hibernate-validator-5.1.3.Final.jar:/root/./workspace/DependencyTrack/dependency-track/391568443/.m2/org/jboss/logging/jboss-logging/3.1.3.GA/jboss-logging-3.1.3.GA.jar:/root/./workspace/DependencyTrack/dependency-track/391568443/.m2/com/fasterxml/classmate/1.0.0/classmate-1.0.0.jar:/root/./workspace/DependencyTrack/dependency-track/391568443/.m2/javax/el/javax.el-api/2.2.4/javax.el-api-2.2.4.jar:/root/./workspace/DependencyTrack/dependency-track/391568443/.m2/org/glassfish/web/javax.el/2.2.4/javax.el-2.2.4.jar:/root/./workspace/DependencyTrack/dependency-track/391568443/.m2/org/glassfish/jersey/inject/jersey-hk2/2.27/jersey-hk2-2.27.jar:/root/./workspace/DependencyTrack/dependency-track/391568443/.m2/org/glassfish/hk2/hk2-locator/2.5.0-b42/hk2-locator-2.5.0-b42.jar:/root/./workspace/DependencyTrack/dependency-track/391568443/.m2/org/glassfish/hk2/external/aopalliance-repackaged/2.5.0-b42/aopalliance-repackaged-2.5.0-b42.jar:/root/./workspace/DependencyTrack/dependency-track/391568443/.m2/org/glassfish/hk2/hk2-api/2.5.0-b42/hk2-api-2.5.0-b42.jar:/root/./workspace/DependencyTrack/dependency-track/391568443/.m2/javax/inject/javax.inject/1/javax.inject-1.jar:/root/./workspace/DependencyTrack/dependency-track/391568443/.m2/org/glassfish/hk2/hk2-utils/2.5.0-b42/hk2-utils-2.5.0-b42.jar:/root/./workspace/DependencyTrack/dependency-track/391568443/.m2/javax/json/javax.json-api/1.1.2/javax.json-api-1.1.2.jar:/root/./workspace/DependencyTrack/dependency-track/391568443/.m2/org/glassfish/javax.json/1.1.2/javax.json-1.1.2.jar:/root/./workspace/DependencyTrack/dependency-track/391568443/.m2/javax/servlet/jsp/jsp-api/2.2/jsp-api-2.2.jar:/root/./workspace/DependencyTrack/dependency-track/391568443/.m2/javax/servlet/jstl/1.2/jstl-1.2.jar:/root/./workspace/DependencyTrack/dependency-track/391568443/.m2/io/swagger/swagger-jersey2-jaxrs/1.5.20/swagger-jersey2-jaxrs-1.5.20.jar:/root/./workspace/DependencyTrack/dependency-track/391568443/.m2/io/swagger/swagger-jaxrs/1.5.20/swagger-jaxrs-1.5.20.jar:/root/./workspace/DependencyTrack/dependency-track/391568443/.m2/io/swagger/swagger-core/1.5.20/swagger-core-1.5.20.jar:/root/./workspace/DependencyTrack/dependency-track/391568443/.m2/com/fasterxml/jackson/dataformat/jackson-dataformat-yaml/2.9.5/jackson-dataformat-yaml-2.9.5.jar:/root/./workspace/DependencyTrack/dependency-track/391568443/.m2/org/yaml/snakeyaml/1.18/snakeyaml-1.18.jar:/root/./workspace/DependencyTrack/dependency-track/391568443/.m2/io/swagger/swagger-models/1.5.20/swagger-models-1.5.20.jar:/root/./workspace/DependencyTrack/dependency-track/391568443/.m2/io/swagger/swagger-annotations/1.5.20/swagger-annotations-1.5.20.jar:/root/./workspace/DependencyTrack/dependency-track/391568443/.m2/org/reflections/reflections/0.9.11/reflections-0.9.11.jar:/root/./workspace/DependencyTrack/dependency-track/391568443/.m2/org/datanucleus/javax.jdo/3.2.0-m8/javax.jdo-3.2.0-m8.jar:/root/./workspace/DependencyTrack/dependency-track/391568443/.m2/javax/transaction/transaction-api/1.1/transaction-api-1.1.jar:/root/./workspace/DependencyTrack/dependency-track/391568443/.m2/org/datanucleus/datanucleus-api-jdo/5.1.7/datanucleus-api-jdo-5.1.7.jar:/root/./workspace/DependencyTrack/dependency-track/391568443/.m2/org/datanucleus/datanucleus-core/5.1.10/datanucleus-core-5.1.10.jar:/root/./workspace/DependencyTrack/dependency-track/391568443/.m2/org/datanucleus/datanucleus-rdbms/5.1.10/datanucleus-rdbms-5.1.10.jar:/root/./workspace/DependencyTrack/dependency-track/391568443/.m2/com/zaxxer/HikariCP/3.2.0/HikariCP-3.2.0.jar:/root/./workspace/DependencyTrack/dependency-track/391568443/.m2/org/javassist/javassist/3.22.0-GA/javassist-3.22.0-GA.jar:/root/./workspace/DependencyTrack/dependency-track/391568443/.m2/com/h2database/h2/1.4.196/h2-1.4.196.jar:/root/./workspace/DependencyTrack/dependency-track/391568443/.m2/io/jsonwebtoken/jjwt/0.9.0/jjwt-0.9.0.jar:/root/./workspace/DependencyTrack/dependency-track/391568443/.m2/org/mindrot/jbcrypt/0.4/jbcrypt-0.4.jar:/root/./workspace/DependencyTrack/dependency-track/391568443/.m2/com/fasterxml/jackson/core/jackson-databind/2.9.6/jackson-databind-2.9.6.jar:/root/./workspace/DependencyTrack/dependency-track/391568443/.m2/com/fasterxml/jackson/core/jackson-core/2.9.6/jackson-core-2.9.6.jar:/root/./workspace/DependencyTrack/dependency-track/391568443/.m2/com/fasterxml/jackson/core/jackson-annotations/2.9.6/jackson-annotations-2.9.6.jar:/root/./workspace/DependencyTrack/dependency-track/391568443/.m2/com/fasterxml/jackson/jaxrs/jackson-jaxrs-base/2.9.6/jackson-jaxrs-base-2.9.6.jar:/root/./workspace/DependencyTrack/dependency-track/391568443/.m2/com/fasterxml/jackson/jaxrs/jackson-jaxrs-json-provider/2.9.6/jackson-jaxrs-json-provider-2.9.6.jar:/root/./workspace/DependencyTrack/dependency-track/391568443/.m2/org/slf4j/slf4j-api/1.7.25/slf4j-api-1.7.25.jar:/root/./workspace/DependencyTrack/dependency-track/391568443/.m2/ch/qos/logback/logback-classic/1.2.3/logback-classic-1.2.3.jar:/root/./workspace/DependencyTrack/dependency-track/391568443/.m2/ch/qos/logback/logback-core/1.2.3/logback-core-1.2.3.jar:/root/./workspace/DependencyTrack/dependency-track/391568443/.m2/org/owasp/security-logging-common/1.1.6/security-logging-common-1.1.6.jar:/root/./workspace/DependencyTrack/dependency-track/391568443/.m2/org/owasp/security-logging-logback/1.1.6/security-logging-logback-1.1.6.jar:/root/./workspace/DependencyTrack/dependency-track/391568443/.m2/commons-codec/commons-codec/1.11/commons-codec-1.11.jar:/root/./workspace/DependencyTrack/dependency-track/391568443/.m2/org/owasp/encoder/encoder/1.2.1/encoder-1.2.1.jar:/root/./workspace/DependencyTrack/dependency-track/391568443/.m2/org/owasp/encoder/encoder-jsp/1.2.1/encoder-jsp-1.2.1.jar:/root/./workspace/DependencyTrack/dependency-track/391568443/.m2/us/springett/alpine-executable-war/1.0.1/alpine-executable-war-1.0.1.jar:/root/./workspace/DependencyTrack/dependency-track/391568443/.m2/org/eclipse/jetty/jetty-server/9.4.10.v20180503/jetty-server-9.4.10.v20180503.jar:/root/./workspace/DependencyTrack/dependency-track/391568443/.m2/org/eclipse/jetty/jetty-http/9.4.10.v20180503/jetty-http-9.4.10.v20180503.jar:/root/./workspace/DependencyTrack/dependency-track/391568443/.m2/org/eclipse/jetty/jetty-io/9.4.10.v20180503/jetty-io-9.4.10.v20180503.jar:/root/./workspace/DependencyTrack/dependency-track/391568443/.m2/org/eclipse/jetty/jetty-webapp/9.4.10.v20180503/jetty-webapp-9.4.10.v20180503.jar:/root/./workspace/DependencyTrack/dependency-track/391568443/.m2/org/eclipse/jetty/jetty-xml/9.4.10.v20180503/jetty-xml-9.4.10.v20180503.jar:/root/./workspace/DependencyTrack/dependency-track/391568443/.m2/org/eclipse/jetty/jetty-servlet/9.4.10.v20180503/jetty-servlet-9.4.10.v20180503.jar:/root/./workspace/DependencyTrack/dependency-track/391568443/.m2/org/eclipse/jetty/jetty-security/9.4.10.v20180503/jetty-security-9.4.10.v20180503.jar:/root/./workspace/DependencyTrack/dependency-track/391568443/.m2/org/eclipse/jetty/apache-jsp/9.4.10.v20180503/apache-jsp-9.4.10.v20180503.jar:/root/./workspace/DependencyTrack/dependency-track/391568443/.m2/org/eclipse/jetty/jetty-util/9.4.10.v20180503/jetty-util-9.4.10.v20180503.jar:/root/./workspace/DependencyTrack/dependency-track/391568443/.m2/org/eclipse/jetty/toolchain/jetty-schemas/3.1/jetty-schemas-3.1.jar:/root/./workspace/DependencyTrack/dependency-track/391568443/.m2/org/mortbay/jasper/apache-jsp/8.5.24.2/apache-jsp-8.5.24.2.jar:/root/./workspace/DependencyTrack/dependency-track/391568443/.m2/org/mortbay/jasper/apache-el/8.5.24.2/apache-el-8.5.24.2.jar:/root/./workspace/DependencyTrack/dependency-track/391568443/.m2/org/eclipse/jdt/ecj/3.12.3/ecj-3.12.3.jar:/root/./workspace/DependencyTrack/dependency-track/391568443/.m2/org/eclipse/jetty/jetty-annotations/9.4.10.v20180503/jetty-annotations-9.4.10.v20180503.jar:/root/./workspace/DependencyTrack/dependency-track/391568443/.m2/org/eclipse/jetty/jetty-plus/9.4.10.v20180503/jetty-plus-9.4.10.v20180503.jar:/root/./workspace/DependencyTrack/dependency-track/391568443/.m2/org/eclipse/jetty/jetty-jndi/9.4.10.v20180503/jetty-jndi-9.4.10.v20180503.jar:/root/./workspace/DependencyTrack/dependency-track/391568443/.m2/org/ow2/asm/asm/6.1.1/asm-6.1.1.jar:/root/./workspace/DependencyTrack/dependency-track/391568443/.m2/org/ow2/asm/asm-commons/6.1.1/asm-commons-6.1.1.jar:/root/./workspace/DependencyTrack/dependency-track/391568443/.m2/org/ow2/asm/asm-tree/6.1.1/asm-tree-6.1.1.jar:/root/./workspace/DependencyTrack/dependency-track/391568443/.m2/org/ow2/asm/asm-analysis/6.1.1/asm-analysis-6.1.1.jar:/root/./workspace/DependencyTrack/dependency-track/391568443/.m2/org/eclipse/jetty/apache-jstl/9.4.10.v20180503/apache-jstl-9.4.10.v20180503.jar:/root/./workspace/DependencyTrack/dependency-track/391568443/.m2/org/apache/taglibs/taglibs-standard-spec/1.2.5/taglibs-standard-spec-1.2.5.jar:/root/./workspace/DependencyTrack/dependency-track/391568443/.m2/org/apache/taglibs/taglibs-standard-impl/1.2.5/taglibs-standard-impl-1.2.5.jar:/root/./workspace/DependencyTrack/dependency-track/391568443/.m2/org/eclipse/jetty/jetty-webapp-logging/9.0.0/jetty-webapp-logging-9.0.0.jar:/root/./workspace/DependencyTrack/dependency-track/391568443/.m2/org/eclipse/jetty/jetty-deploy/9.4.10.v20180503/jetty-deploy-9.4.10.v20180503.jar:/root/./workspace/DependencyTrack/dependency-track/391568443/.m2/org/slf4j/log4j-over-slf4j/1.7.25/log4j-over-slf4j-1.7.25.jar:/root/./workspace/DependencyTrack/dependency-track/391568443/.m2/org/slf4j/jul-to-slf4j/1.7.25/jul-to-slf4j-1.7.25.jar:/root/./workspace/DependencyTrack/dependency-track/391568443/.m2/org/slf4j/jcl-over-slf4j/1.7.25/jcl-over-slf4j-1.7.25.jar:/root/./workspace/DependencyTrack/dependency-track/391568443/.m2/com/google/code/findbugs/jsr305/3.0.2/jsr305-3.0.2.jar:/root/./workspace/DependencyTrack/dependency-track/391568443/.m2/junit/junit/4.12/junit-4.12.jar:/root/./workspace/DependencyTrack/dependency-track/391568443/.m2/org/hamcrest/hamcrest-core/1.3/hamcrest-core-1.3.jar:/root/./workspace/DependencyTrack/dependency-track/391568443/.m2/org/glassfish/jersey/test-framework/providers/jersey-test-framework-provider-grizzly2/2.27/jersey-test-framework-provider-grizzly2-2.27.jar:/root/./workspace/DependencyTrack/dependency-track/391568443/.m2/org/glassfish/jersey/test-framework/jersey-test-framework-core/2.27/jersey-test-framework-core-2.27.jar:/root/./workspace/DependencyTrack/dependency-track/391568443/.m2/org/glassfish/jersey/containers/jersey-container-grizzly2-http/2.27/jersey-container-grizzly2-http-2.27.jar:/root/./workspace/DependencyTrack/dependency-track/391568443/.m2/org/glassfish/grizzly/grizzly-http-server/2.4.0/grizzly-http-server-2.4.0.jar:/root/./workspace/DependencyTrack/dependency-track/391568443/.m2/org/glassfish/grizzly/grizzly-http/2.4.0/grizzly-http-2.4.0.jar:/root/./workspace/DependencyTrack/dependency-track/391568443/.m2/org/glassfish/grizzly/grizzly-framework/2.4.0/grizzly-framework-2.4.0.jar:/root/./workspace/DependencyTrack/dependency-track/391568443/.m2/org/glassfish/jersey/containers/jersey-container-grizzly2-servlet/2.27/jersey-container-grizzly2-servlet-2.27.jar:/root/./workspace/DependencyTrack/dependency-track/391568443/.m2/org/glassfish/grizzly/grizzly-http-servlet/2.4.0/grizzly-http-servlet-2.4.0.jar:"/>
    <property name="sun.cpu.endian" value="little"/>
    <property name="user.home" value="/root"/>
    <property name="user.language" value="en"/>
    <property name="java.specification.vendor" value="Oracle Corporation"/>
    <property name="java.home" value="/usr/lib/jvm/java-8-openjdk-amd64/jre"/>
    <property name="basedir" value="/root/workspace/DependencyTrack/dependency-track/391568443"/>
    <property name="file.separator" value="/"/>
    <property name="checkstyle.skip" value="true"/>
    <property name="line.separator" value="&#10;"/>
    <property name="skip.npm" value="true"/>
    <property name="java.vm.specification.vendor" value="Oracle Corporation"/>
    <property name="java.specification.name" value="Java Platform API Specification"/>
    <property name="java.awt.graphicsenv" value="sun.awt.X11GraphicsEnvironment"/>
    <property name="skipITs" value="true"/>
    <property name="surefire.real.class.path" value="/root/workspace/DependencyTrack/dependency-track/391568443/target/surefire/surefirebooter8451372693729559587.jar"/>
    <property name="cobertura.skip" value="true"/>
    <property name="sun.boot.class.path" value="/usr/lib/jvm/java-8-openjdk-amd64/jre/lib/resources.jar:/usr/lib/jvm/java-8-openjdk-amd64/jre/lib/rt.jar:/usr/lib/jvm/java-8-openjdk-amd64/jre/lib/sunrsasign.jar:/usr/lib/jvm/java-8-openjdk-amd64/jre/lib/jsse.jar:/usr/lib/jvm/java-8-openjdk-amd64/jre/lib/jce.jar:/usr/lib/jvm/java-8-openjdk-amd64/jre/lib/charsets.jar:/usr/lib/jvm/java-8-openjdk-amd64/jre/lib/jfr.jar:/usr/lib/jvm/java-8-openjdk-amd64/jre/classes"/>
    <property name="sun.management.compiler" value="HotSpot 64-Bit Tiered Compilers"/>
    <property name="java.runtime.version" value="1.8.0_121-8u121-b13-1~bpo8+1-b13"/>
    <property name="user.name" value="root"/>
    <property name="findbugs.skip" value="true"/>
    <property name="path.separator" value=":"/>
    <property name="os.version" value="3.10.0-862.2.3.el7.x86_64"/>
    <property name="java.endorsed.dirs" value="/usr/lib/jvm/java-8-openjdk-amd64/jre/lib/endorsed"/>
    <property name="java.runtime.name" value="OpenJDK Runtime Environment"/>
    <property name="file.encoding" value="UTF-8"/>
    <property name="java.vm.name" value="OpenJDK 64-Bit Server VM"/>
    <property name="localRepository" value="/root/./workspace/DependencyTrack/dependency-track/391568443/.m2"/>
    <property name="java.vendor.url.bug" value="http://bugreport.sun.com/bugreport/"/>
    <property name="java.io.tmpdir" value="/tmp"/>
    <property name="java.version" value="1.8.0_121"/>
    <property name="user.dir" value="/root/workspace/DependencyTrack/dependency-track/391568443"/>
    <property name="os.arch" value="amd64"/>
    <property name="license.skip" value="true"/>
    <property name="java.vm.specification.name" value="Java Virtual Machine Specification"/>
    <property name="java.awt.printerjob" value="sun.print.PSPrinterJob"/>
    <property name="sun.os.patch.level" value="unknown"/>
    <property name="java.library.path" value="/usr/java/packages/lib/amd64:/usr/lib/x86_64-linux-gnu/jni:/lib/x86_64-linux-gnu:/usr/lib/x86_64-linux-gnu:/usr/lib/jni:/lib:/usr/lib"/>
    <property name="java.vm.info" value="mixed mode"/>
    <property name="java.vendor" value="Oracle Corporation"/>
    <property name="java.vm.version" value="25.121-b13"/>
    <property name="java.ext.dirs" value="/usr/lib/jvm/java-8-openjdk-amd64/jre/lib/ext:/usr/java/packages/lib/ext"/>
    <property name="sun.io.unicode.encoding" value="UnicodeLittle"/>
    <property name="maven.repo.local" value="/root/./workspace/DependencyTrack/dependency-track/391568443/.m2"/>
    <property name="enforcer.skip" value="true"/>
    <property name="java.class.version" value="52.0"/>
  </properties>
  <testcase name="parseTest" classname="org.owasp.dependencytrack.parser.dependencycheck.DependencyCheckParserTest" time="0.863"/>
  <testcase name="objectModelingTest" classname="org.owasp.dependencytrack.parser.dependencycheck.DependencyCheckParserTest" time="24.633"/>
</testsuite>