<?xml version="1.0" encoding="UTF-8" ?>
<testsuite tests="198" failures="8" name="TestSuite" time="1.283" errors="0" skipped="1">
  <properties>
    <property name="java.runtime.name" value="OpenJDK Runtime Environment"/>
    <property name="sun.boot.library.path" value="/usr/lib/jvm/java-8-openjdk-amd64/jre/lib/amd64"/>
    <property name="java.vm.version" value="25.121-b13"/>
    <property name="java.vm.vendor" value="Oracle Corporation"/>
    <property name="maven.multiModuleProjectDirectory" value="/root/workspace/uwolfer/gerrit-rest-java-client/384057558"/>
    <property name="java.vendor.url" value="http://java.oracle.com/"/>
    <property name="path.separator" value=":"/>
    <property name="guice.disable.misplaced.annotation.check" value="true"/>
    <property name="skip.gulp" value="true"/>
    <property name="java.vm.name" value="OpenJDK 64-Bit Server VM"/>
    <property name="file.encoding.pkg" value="sun.io"/>
    <property name="sun.java.launcher" value="SUN_STANDARD"/>
    <property name="sun.os.patch.level" value="unknown"/>
    <property name="findbugs.skip" value="true"/>
    <property name="java.vm.specification.name" value="Java Virtual Machine Specification"/>
    <property name="user.dir" value="/root/workspace/uwolfer/gerrit-rest-java-client/384057558"/>
    <property name="checkstyle.skip" value="true"/>
    <property name="java.runtime.version" value="1.8.0_121-8u121-b13-1~bpo8+1-b13"/>
    <property name="java.awt.graphicsenv" value="sun.awt.X11GraphicsEnvironment"/>
    <property name="skip.npm" value="true"/>
    <property name="java.endorsed.dirs" value="/usr/lib/jvm/java-8-openjdk-amd64/jre/lib/endorsed"/>
    <property name="os.arch" value="amd64"/>
    <property name="java.io.tmpdir" value="/tmp"/>
    <property name="gpg.skip" value="true"/>
    <property name="line.separator" value="
"/>
    <property name="java.vm.specification.vendor" value="Oracle Corporation"/>
    <property name="cobertura.skip" value="true"/>
    <property name="os.name" value="Linux"/>
    <property name="classworlds.conf" value="/usr/share/maven/bin/m2.conf"/>
    <property name="sun.jnu.encoding" value="UTF-8"/>
    <property name="java.library.path" value="/usr/java/packages/lib/amd64:/usr/lib/x86_64-linux-gnu/jni:/lib/x86_64-linux-gnu:/usr/lib/x86_64-linux-gnu:/usr/lib/jni:/lib:/usr/lib"/>
    <property name="license.skip" value="true"/>
    <property name="java.specification.name" value="Java Platform API Specification"/>
    <property name="java.class.version" value="52.0"/>
    <property name="sun.management.compiler" value="HotSpot 64-Bit Tiered Compilers"/>
    <property name="skip.bower" value="true"/>
    <property name="maven.repo.local" value="/root/./workspace/uwolfer/gerrit-rest-java-client/384057558/.m2"/>
    <property name="os.version" value="3.10.0-862.2.3.el7.x86_64"/>
    <property name="user.home" value="/root"/>
    <property name="user.timezone" value="Europe/Paris"/>
    <property name="java.awt.printerjob" value="sun.print.PSPrinterJob"/>
    <property name="java.specification.version" value="1.8"/>
    <property name="file.encoding" value="UTF-8"/>
    <property name="user.name" value="root"/>
    <property name="java.class.path" value="/usr/share/maven/boot/plexus-classworlds-2.5.2.jar"/>
    <property name="skipITs" value="true"/>
    <property name="java.vm.specification.version" value="1.8"/>
    <property name="sun.arch.data.model" value="64"/>
    <property name="java.home" value="/usr/lib/jvm/java-8-openjdk-amd64/jre"/>
    <property name="sun.java.command" value="org.codehaus.plexus.classworlds.launcher.Launcher -B -D enforcer.skip=true -D dependency-check.skip=true -D skipITs=true -D cobertura.skip=true -D maven.repo.local=/root/./workspace/uwolfer/gerrit-rest-java-client/384057558/.m2 -D rat.skip=true -D findbugs.skip=true -D skip.bower=true -D gpg.skip=true -D checkstyle.skip=true -D skip.gulp=true -D license.skip=true -D skip.npm=true test"/>
    <property name="java.specification.vendor" value="Oracle Corporation"/>
    <property name="user.language" value="en"/>
    <property name="awt.toolkit" value="sun.awt.X11.XToolkit"/>
    <property name="dependency-check.skip" value="true"/>
    <property name="java.vm.info" value="mixed mode"/>
    <property name="java.version" value="1.8.0_121"/>
    <property name="java.ext.dirs" value="/usr/lib/jvm/java-8-openjdk-amd64/jre/lib/ext:/usr/java/packages/lib/ext"/>
    <property name="securerandom.source" value="file:/dev/./urandom"/>
    <property name="sun.boot.class.path" value="/usr/lib/jvm/java-8-openjdk-amd64/jre/lib/resources.jar:/usr/lib/jvm/java-8-openjdk-amd64/jre/lib/rt.jar:/usr/lib/jvm/java-8-openjdk-amd64/jre/lib/sunrsasign.jar:/usr/lib/jvm/java-8-openjdk-amd64/jre/lib/jsse.jar:/usr/lib/jvm/java-8-openjdk-amd64/jre/lib/jce.jar:/usr/lib/jvm/java-8-openjdk-amd64/jre/lib/charsets.jar:/usr/lib/jvm/java-8-openjdk-amd64/jre/lib/jfr.jar:/usr/lib/jvm/java-8-openjdk-amd64/jre/classes"/>
    <property name="java.vendor" value="Oracle Corporation"/>
    <property name="enforcer.skip" value="true"/>
    <property name="rat.skip" value="true"/>
    <property name="maven.home" value="/usr/share/maven"/>
    <property name="file.separator" value="/"/>
    <property name="java.vendor.url.bug" value="http://bugreport.sun.com/bugreport/"/>
    <property name="sun.cpu.endian" value="little"/>
    <property name="sun.io.unicode.encoding" value="UnicodeLittle"/>
    <property name="sun.cpu.isalist" value=""/>
  </properties>
  <testcase classname="com.urswolfer.gerrit.client.rest.http.accounts.AccountApiRestClientTest" name="testDownloadAvatar" time="0.061"/>
  <testcase classname="com.urswolfer.gerrit.client.rest.http.accounts.AccountsParserTest" name="testParseSingleUserInfos" time="0.02"/>
  <testcase classname="com.urswolfer.gerrit.client.rest.http.accounts.AccountsParserTest" name="testParseUserInfo" time="0.13"/>
  <testcase classname="com.urswolfer.gerrit.client.rest.http.accounts.AccountsParserTest" name="testParseUserInfoWithNullJsonElement" time="0"/>
  <testcase classname="com.urswolfer.gerrit.client.rest.http.accounts.AccountsParserTest" name="testParseUserInfos" time="0.002"/>
  <testcase classname="com.urswolfer.gerrit.client.rest.http.accounts.AccountsRestClientTest" name="testId" time="0"/>
  <testcase classname="com.urswolfer.gerrit.client.rest.http.accounts.AccountsRestClientTest" name="testSelf" time="0"/>
  <testcase classname="com.urswolfer.gerrit.client.rest.http.accounts.AccountsRestClientTest" name="testStarChange" time="0.001"/>
  <testcase classname="com.urswolfer.gerrit.client.rest.http.accounts.AccountsRestClientTest" name="testSuggestAccount" time="0.003"/>
  <testcase classname="com.urswolfer.gerrit.client.rest.http.accounts.AccountsRestClientTest" name="testUnStarChange" time="0"/>
  <testcase classname="com.urswolfer.gerrit.client.rest.http.projects.BranchApiRestClientTest" name="testCreateBranch" time="0.011"/>
  <testcase classname="com.urswolfer.gerrit.client.rest.http.projects.BranchApiRestClientTest" name="testDeleteBranch" time="0.001"/>
  <testcase classname="com.urswolfer.gerrit.client.rest.http.projects.BranchApiRestClientTest" name="testFileContent" time="0.023"/>
  <testcase classname="com.urswolfer.gerrit.client.rest.http.projects.BranchApiRestClientTest" name="testGetBranchInfoForName" time="0.013"/>
  <testcase classname="com.urswolfer.gerrit.client.rest.http.projects.BranchInfoParserTest" name="testParseBranchInfo" time="0.009"/>
  <testcase classname="com.urswolfer.gerrit.client.rest.http.projects.BranchInfoParserTest" name="testParseBranchInfos" time="0.01"/>
  <testcase classname="com.urswolfer.gerrit.client.rest.http.changes.ChangeApiRestClientTest" name="testAbandonChange" time="0.033"/>
  <testcase classname="com.urswolfer.gerrit.client.rest.http.changes.ChangeApiRestClientTest" name="testAbandonChangeWithMessage" time="0.002"/>
  <testcase classname="com.urswolfer.gerrit.client.rest.http.changes.ChangeApiRestClientTest" name="testAddReviewer" time="0.003"/>
  <testcase classname="com.urswolfer.gerrit.client.rest.http.changes.ChangeApiRestClientTest" name="testAddReviewerWithStringParam" time="0.005"/>
  <testcase classname="com.urswolfer.gerrit.client.rest.http.changes.ChangeApiRestClientTest" name="testChangeGet" time="0.009"/>
  <testcase classname="com.urswolfer.gerrit.client.rest.http.changes.ChangeApiRestClientTest" name="testChangeInfo" time="0.001"/>
  <testcase classname="com.urswolfer.gerrit.client.rest.http.changes.ChangeApiRestClientTest" name="testCheck" time="0"/>
  <testcase classname="com.urswolfer.gerrit.client.rest.http.changes.ChangeApiRestClientTest" name="testCheckFix" time="0.002"/>
  <testcase classname="com.urswolfer.gerrit.client.rest.http.changes.ChangeApiRestClientTest" name="testComments" time="0.001"/>
  <testcase classname="com.urswolfer.gerrit.client.rest.http.changes.ChangeApiRestClientTest" name="testDelete" time="0.002"/>
  <testcase classname="com.urswolfer.gerrit.client.rest.http.changes.ChangeApiRestClientTest" name="testGetEdit" time="0"/>
  <testcase classname="com.urswolfer.gerrit.client.rest.http.changes.ChangeApiRestClientTest" name="testGetTopic" time="0.001"/>
  <testcase classname="com.urswolfer.gerrit.client.rest.http.changes.ChangeApiRestClientTest" name="testIncludedIn" time="0.001"/>
  <testcase classname="com.urswolfer.gerrit.client.rest.http.changes.ChangeApiRestClientTest" name="testIndexChange" time="0.002"/>
  <testcase classname="com.urswolfer.gerrit.client.rest.http.changes.ChangeApiRestClientTest" name="testListReviewers" time="0"/>
  <testcase classname="com.urswolfer.gerrit.client.rest.http.changes.ChangeApiRestClientTest" name="testMove" time="0.003"/>
  <testcase classname="com.urswolfer.gerrit.client.rest.http.changes.ChangeApiRestClientTest" name="testMoveWithMessage" time="0.001"/>
  <testcase classname="com.urswolfer.gerrit.client.rest.http.changes.ChangeApiRestClientTest" name="testPublish" time="0"/>
  <testcase classname="com.urswolfer.gerrit.client.rest.http.changes.ChangeApiRestClientTest" name="testRestoreChange" time="0.002"/>
  <testcase classname="com.urswolfer.gerrit.client.rest.http.changes.ChangeApiRestClientTest" name="testRestoreChangeWithMessage" time="0.001"/>
  <testcase classname="com.urswolfer.gerrit.client.rest.http.changes.ChangeApiRestClientTest" name="testRevertChange" time="0.007">
    <failure message="
  Unexpected method call GerritRestClient.postRequest(&quot;/changes/myProject~master~I8473b95934b5732ac55d26311a706c9c2bde9940/revert&quot;, &quot;{&quot;notify&quot;:&quot;ALL&quot;}&quot;):
    GerritRestClient.postRequest(&quot;/changes/myProject~master~I8473b95934b5732ac55d26311a706c9c2bde9940/revert&quot;, &quot;{}&quot;): expected: 1, actual: 0" type="java.lang.AssertionError">java.lang.AssertionError: 
  Unexpected method call GerritRestClient.postRequest(&quot;/changes/myProject~master~I8473b95934b5732ac55d26311a706c9c2bde9940/revert&quot;, &quot;{&quot;notify&quot;:&quot;ALL&quot;}&quot;):
    GerritRestClient.postRequest(&quot;/changes/myProject~master~I8473b95934b5732ac55d26311a706c9c2bde9940/revert&quot;, &quot;{}&quot;): expected: 1, actual: 0
	at org.easymock.internal.MockInvocationHandler.invoke(MockInvocationHandler.java:44)
	at org.easymock.internal.ObjectMethodsFilter.invoke(ObjectMethodsFilter.java:94)
	at org.easymock.internal.ClassProxyFactory$MockMethodInterceptor.intercept(ClassProxyFactory.java:97)
	at com.urswolfer.gerrit.client.rest.http.GerritRestClient$$EnhancerByCGLIB$$5612559.postRequest(&lt;generated&gt;)
	at com.urswolfer.gerrit.client.rest.http.changes.ChangeApiRestClient.revert(ChangeApiRestClient.java:162)
	at com.urswolfer.gerrit.client.rest.http.changes.ChangeApiRestClient.revert(ChangeApiRestClient.java:155)
	at com.urswolfer.gerrit.client.rest.http.changes.ChangeApiRestClientTest.testRevertChange(ChangeApiRestClientTest.java:240)
</failure>
  </testcase>
  <testcase classname="com.urswolfer.gerrit.client.rest.http.changes.ChangeApiRestClientTest" name="testRevertChangeWithMessage" time="0.002">
    <failure message="
  Unexpected method call GerritRestClient.postRequest(&quot;/changes/myProject~master~I8473b95934b5732ac55d26311a706c9c2bde9940/revert&quot;, &quot;{&quot;message&quot;:&quot;Change need revert.&quot;,&quot;notify&quot;:&quot;ALL&quot;}&quot;):
    GerritRestClient.postRequest(&quot;/changes/myProject~master~I8473b95934b5732ac55d26311a706c9c2bde9940/revert&quot;, &quot;{&quot;message&quot;:&quot;Change need revert.&quot;}&quot;): expected: 1, actual: 0" type="java.lang.AssertionError">java.lang.AssertionError: 
  Unexpected method call GerritRestClient.postRequest(&quot;/changes/myProject~master~I8473b95934b5732ac55d26311a706c9c2bde9940/revert&quot;, &quot;{&quot;message&quot;:&quot;Change need revert.&quot;,&quot;notify&quot;:&quot;ALL&quot;}&quot;):
    GerritRestClient.postRequest(&quot;/changes/myProject~master~I8473b95934b5732ac55d26311a706c9c2bde9940/revert&quot;, &quot;{&quot;message&quot;:&quot;Change need revert.&quot;}&quot;): expected: 1, actual: 0
	at org.easymock.internal.MockInvocationHandler.invoke(MockInvocationHandler.java:44)
	at org.easymock.internal.ObjectMethodsFilter.invoke(ObjectMethodsFilter.java:94)
	at org.easymock.internal.ClassProxyFactory$MockMethodInterceptor.intercept(ClassProxyFactory.java:97)
	at com.urswolfer.gerrit.client.rest.http.GerritRestClient$$EnhancerByCGLIB$$5612559.postRequest(&lt;generated&gt;)
	at com.urswolfer.gerrit.client.rest.http.changes.ChangeApiRestClient.revert(ChangeApiRestClient.java:162)
	at com.urswolfer.gerrit.client.rest.http.changes.ChangeApiRestClientTest.testRevertChangeWithMessage(ChangeApiRestClientTest.java:254)
</failure>
  </testcase>
  <testcase classname="com.urswolfer.gerrit.client.rest.http.changes.ChangeApiRestClientTest" name="testSetTopic" time="0.001"/>
  <testcase classname="com.urswolfer.gerrit.client.rest.http.changes.ChangeApiRestClientTest" name="testSuggestReviewers" time="0.002"/>
  <testcase classname="com.urswolfer.gerrit.client.rest.http.changes.ChangeApiRestClientTest" name="testSuggestReviewersWithLimit" time="0.001"/>
  <testcase classname="com.urswolfer.gerrit.client.rest.http.changes.ChangesParserTest" name="testGenerateChangeInput" time="0.002"/>
  <testcase classname="com.urswolfer.gerrit.client.rest.http.changes.ChangesParserTest" name="testParseChangeInfos" time="0.036"/>
  <testcase classname="com.urswolfer.gerrit.client.rest.http.changes.ChangesParserTest" name="testParseSingleChangeInfo" time="0.005"/>
  <testcase classname="com.urswolfer.gerrit.client.rest.http.changes.ChangesParserTest" name="testParseSingleChangeInfos" time="0.004"/>
  <testcase classname="com.urswolfer.gerrit.client.rest.http.changes.ChangesRestClientTest" name="testCreate" time="0.001"/>
  <testcase classname="com.urswolfer.gerrit.client.rest.http.changes.ChangesRestClientTest" name="testIdAsInt" time="0"/>
  <testcase classname="com.urswolfer.gerrit.client.rest.http.changes.ChangesRestClientTest" name="testIdAsProjectWithNr" time="0.001"/>
  <testcase classname="com.urswolfer.gerrit.client.rest.http.changes.ChangesRestClientTest" name="testIdAsTriplet" time="0.001"/>
  <testcase classname="com.urswolfer.gerrit.client.rest.http.changes.ChangesRestClientTest" name="testQuery" time="0.001"/>
  <testcase classname="com.urswolfer.gerrit.client.rest.http.changes.ChangesRestClientTest" name="testQueryWithParameter" time="0.001"/>
  <testcase classname="com.urswolfer.gerrit.client.rest.http.changes.ChangesRestClientTest" name="testQueryWithParameter" time="0"/>
  <testcase classname="com.urswolfer.gerrit.client.rest.http.changes.ChangesRestClientTest" name="testQueryWithParameter" time="0"/>
  <testcase classname="com.urswolfer.gerrit.client.rest.http.changes.ChangesRestClientTest" name="testQueryWithParameter" time="0.001"/>
  <testcase classname="com.urswolfer.gerrit.client.rest.http.changes.ChangesRestClientTest" name="testQueryWithParameter" time="0.001"/>
  <testcase classname="com.urswolfer.gerrit.client.rest.http.changes.ChangesRestClientTest" name="testQueryWithParameter" time="0.001"/>
  <testcase classname="com.urswolfer.gerrit.client.rest.http.changes.ChangesRestClientTest" name="testQueryWithParameter" time="0"/>
  <testcase classname="com.urswolfer.gerrit.client.rest.http.changes.ChangesRestClientTest" name="testQueryWithParameter" time="0.001"/>
  <testcase classname="com.urswolfer.gerrit.client.rest.http.changes.ChangesRestClientTest" name="testQueryWithParameter" time="0.001"/>
  <testcase classname="com.urswolfer.gerrit.client.rest.http.changes.ChangesRestClientTest" name="testQueryWithString" time="0.001"/>
  <testcase classname="com.urswolfer.gerrit.client.rest.http.changes.CommentsParserTest" name="testParseCommentInfos" time="0.014"/>
  <testcase classname="com.urswolfer.gerrit.client.rest.http.changes.CommentsParserTest" name="testParseCommentInfosForFile" time="0.01"/>
  <testcase classname="com.urswolfer.gerrit.client.rest.http.changes.CommentsParserTest" name="testParseCommentsFileName" time="0.001"/>
  <testcase classname="com.urswolfer.gerrit.client.rest.gson.DateDeserializerTest" name="testDeserialize" time="0.001"/>
  <testcase classname="com.urswolfer.gerrit.client.rest.gson.DateDeserializerTest" name="testDeserialize" time="0"/>
  <testcase classname="com.urswolfer.gerrit.client.rest.gson.DateDeserializerTest" name="testDeserialize" time="0.001"/>
  <testcase classname="com.urswolfer.gerrit.client.rest.gson.DateDeserializerTest" name="testInvalidFormattedDateString" time="0.001"/>
  <testcase classname="com.urswolfer.gerrit.client.rest.gson.DateSerializerTest" name="testSerialize" time="0"/>
  <testcase classname="com.urswolfer.gerrit.client.rest.gson.DateSerializerTest" name="testSerialize" time="0.001"/>
  <testcase classname="com.urswolfer.gerrit.client.rest.gson.DateSerializerTest" name="testSerialize" time="0"/>
  <testcase classname="com.urswolfer.gerrit.client.rest.http.changes.DiffInfoParserTest" name="testParseDiffInfo" time="0.008"/>
  <testcase classname="com.urswolfer.gerrit.client.rest.http.changes.DraftsApiRestClientTest" name="testDeleteDraft" time="0.003"/>
  <testcase classname="com.urswolfer.gerrit.client.rest.http.changes.DraftsApiRestClientTest" name="testGettingDraftByCommentInfo" time="0.001"/>
  <testcase classname="com.urswolfer.gerrit.client.rest.http.changes.DraftsApiRestClientTest" name="testGettingDraftById" time="0.001"/>
  <testcase classname="com.urswolfer.gerrit.client.rest.http.changes.DraftsApiRestClientTest" name="testUpdateDraft" time="0.002"/>
  <testcase classname="com.urswolfer.gerrit.client.rest.http.changes.EditInfoParserTest" name="testParseEditInfo" time="0.003"/>
  <testcase classname="com.urswolfer.gerrit.client.rest.http.changes.FileApiRestClientTest" name="testContent" time="0.024"/>
  <testcase classname="com.urswolfer.gerrit.client.rest.http.changes.FileApiRestClientTest" name="testDiff" time="0.003"/>
  <testcase classname="com.urswolfer.gerrit.client.rest.http.changes.FileApiRestClientTest" name="testDiffRequest" time="0.003"/>
  <testcase classname="com.urswolfer.gerrit.client.rest.http.changes.FileApiRestClientTest" name="testDiffWithBase" time="0.002"/>
  <testcase classname="com.urswolfer.gerrit.client.rest.http.changes.FileInfoParserTest" name="testParseFileInfos" time="0.004"/>
  <testcase classname="com.urswolfer.gerrit.client.rest.GerritAuthDataTest" name="basicAuth" time="0"/>
  <testcase classname="com.urswolfer.gerrit.client.rest.GerritAuthDataTest" name="basicAuthUrlWithTrailingSlash" time="0"/>
  <testcase classname="com.urswolfer.gerrit.client.rest.GerritAuthDataTest" name="basicAuthWithUsernameAndPassword" time="0"/>
  <testcase classname="com.urswolfer.gerrit.client.rest.http.GerritRestClientTest" name="testAbandonNotLoggedIn" time="0.387"/>
  <testcase classname="com.urswolfer.gerrit.client.rest.http.GerritRestClientTest" name="testGerritAuthExtractionAndCache" time="0.042"/>
  <testcase classname="com.urswolfer.gerrit.client.rest.http.GerritRestClientTest" name="testGerritAuthNotAvailable" time="0.022"/>
  <testcase classname="com.urswolfer.gerrit.client.rest.http.GerritRestClientTest" name="testGetChanges" time="0.015"/>
  <testcase classname="com.urswolfer.gerrit.client.rest.http.GerritRestClientTest" name="testGetCommitMsgHook" time="0.008"/>
  <testcase classname="com.urswolfer.gerrit.client.rest.http.GerritRestClientTest" name="testGetInvalidAccount" time="0.007"/>
  <testcase classname="com.urswolfer.gerrit.client.rest.http.GerritRestClientTest" name="testGetProjects" time="0.008"/>
  <testcase classname="com.urswolfer.gerrit.client.rest.http.GerritRestClientTest" name="testGetSelfAccount" time="0.009"/>
  <testcase classname="com.urswolfer.gerrit.client.rest.http.GerritRestClientTest" name="testHttpClientBuilderExtension" time="0.009"/>
  <testcase classname="com.urswolfer.gerrit.client.rest.http.GerritRestClientTest" name="testInvalidHost" time="0.054"/>
  <testcase classname="com.urswolfer.gerrit.client.rest.http.GerritRestClientTest" name="testInvalidJson" time="0.007"/>
  <testcase classname="com.urswolfer.gerrit.client.rest.http.GerritRestClientTest" name="testInvalidUserAuth" time="0.009"/>
  <testcase classname="com.urswolfer.gerrit.client.rest.http.GerritRestClientTest" name="testNullJson" time="0.005"/>
  <testcase classname="com.urswolfer.gerrit.client.rest.http.GerritRestClientTest" name="testStarNotLoggedIn" time="0.005"/>
  <testcase classname="com.urswolfer.gerrit.client.rest.http.GerritRestClientTest" name="testUnstarNotLoggedIn" time="0.004"/>
  <testcase classname="com.urswolfer.gerrit.client.rest.http.GerritRestClientTest" name="testUnsupportedHttpMethod" time="0.003"/>
  <testcase classname="com.urswolfer.gerrit.client.rest.http.GerritRestClientTest" name="testUserAuth" time="0.032"/>
  <testcase classname="com.urswolfer.gerrit.client.rest.http.GerritRestClientTest" name="testVersion" time="0.008"/>
  <testcase classname="com.urswolfer.gerrit.client.rest.http.groups.GroupApiRestClientTest" name="testAddGroups" time="0.008"/>
  <testcase classname="com.urswolfer.gerrit.client.rest.http.groups.GroupApiRestClientTest" name="testAddMembers" time="0.001"/>
  <testcase classname="com.urswolfer.gerrit.client.rest.http.groups.GroupApiRestClientTest" name="testGetGroupDescription" time="0.001"/>
  <testcase classname="com.urswolfer.gerrit.client.rest.http.groups.GroupApiRestClientTest" name="testGetGroupDetail" time="0"/>
  <testcase classname="com.urswolfer.gerrit.client.rest.http.groups.GroupApiRestClientTest" name="testGetGroupInfo" time="0.001"/>
  <testcase classname="com.urswolfer.gerrit.client.rest.http.groups.GroupApiRestClientTest" name="testGetGroupMembers" time="0.001"/>
  <testcase classname="com.urswolfer.gerrit.client.rest.http.groups.GroupApiRestClientTest" name="testGetGroupName" time="0.001"/>
  <testcase classname="com.urswolfer.gerrit.client.rest.http.groups.GroupApiRestClientTest" name="testGetGroupOwner" time="0.001"/>
  <testcase classname="com.urswolfer.gerrit.client.rest.http.groups.GroupApiRestClientTest" name="testGetIncludedGroups" time="0"/>
  <testcase classname="com.urswolfer.gerrit.client.rest.http.groups.GroupApiRestClientTest" name="testRemoveGroups" time="0"/>
  <testcase classname="com.urswolfer.gerrit.client.rest.http.groups.GroupApiRestClientTest" name="testRemoveMembers" time="0"/>
  <testcase classname="com.urswolfer.gerrit.client.rest.http.groups.GroupApiRestClientTest" name="testSetGroupDescription" time="0.001"/>
  <testcase classname="com.urswolfer.gerrit.client.rest.http.groups.GroupApiRestClientTest" name="testSetGroupName" time="0"/>
  <testcase classname="com.urswolfer.gerrit.client.rest.http.groups.GroupApiRestClientTest" name="testSetGroupOwner" time="0.001"/>
  <testcase classname="com.urswolfer.gerrit.client.rest.http.groups.GroupsParserTest" name="testParseGroupInfo" time="0.005"/>
  <testcase classname="com.urswolfer.gerrit.client.rest.http.groups.GroupsParserTest" name="testParseGroupInfoWithNullJsonElement" time="0"/>
  <testcase classname="com.urswolfer.gerrit.client.rest.http.groups.GroupsParserTest" name="testParseGroupInfos" time="0.001"/>
  <testcase classname="com.urswolfer.gerrit.client.rest.http.groups.GroupsParserTest" name="testParseGroupInfosArray" time="0.001"/>
  <testcase classname="com.urswolfer.gerrit.client.rest.http.groups.GroupsParserTest" name="testParseGroupMember" time="0.003"/>
  <testcase classname="com.urswolfer.gerrit.client.rest.http.groups.GroupsParserTest" name="testParseGroupMembers" time="0.001"/>
  <testcase classname="com.urswolfer.gerrit.client.rest.http.groups.GroupsRestClientTest" name="testCreate" time="0.004"/>
  <testcase classname="com.urswolfer.gerrit.client.rest.http.groups.GroupsRestClientTest" name="testId" time="0.001"/>
  <testcase classname="com.urswolfer.gerrit.client.rest.http.groups.GroupsRestClientTest" name="testListGroups" time="0.002"/>
  <testcase classname="com.urswolfer.gerrit.client.rest.http.groups.GroupsRestClientTest" name="testListGroupsWithParameter" time="0"/>
  <testcase classname="com.urswolfer.gerrit.client.rest.http.groups.GroupsRestClientTest" name="testListGroupsWithParameter" time="0"/>
  <testcase classname="com.urswolfer.gerrit.client.rest.http.groups.GroupsRestClientTest" name="testListGroupsWithParameter" time="0.001"/>
  <testcase classname="com.urswolfer.gerrit.client.rest.http.groups.GroupsRestClientTest" name="testListGroupsWithParameter" time="0"/>
  <testcase classname="com.urswolfer.gerrit.client.rest.http.groups.GroupsRestClientTest" name="testListGroupsWithParameter" time="0"/>
  <testcase classname="com.urswolfer.gerrit.client.rest.http.groups.GroupsRestClientTest" name="testListGroupsWithParameter" time="0"/>
  <testcase classname="com.urswolfer.gerrit.client.rest.http.groups.GroupsRestClientTest" name="testListGroupsWithParameter" time="0"/>
  <testcase classname="com.urswolfer.gerrit.client.rest.http.groups.GroupsRestClientTest" name="testQueryGroups" time="0.001"/>
  <testcase classname="com.urswolfer.gerrit.client.rest.http.groups.GroupsRestClientTest" name="testQueryGroupsWithParameter" time="0"/>
  <testcase classname="com.urswolfer.gerrit.client.rest.http.groups.GroupsRestClientTest" name="testQueryGroupsWithParameter" time="0.001"/>
  <testcase classname="com.urswolfer.gerrit.client.rest.http.groups.GroupsRestClientTest" name="testQueryGroupsWithParameter" time="0"/>
  <testcase classname="com.urswolfer.gerrit.client.rest.http.groups.GroupsRestClientTest" name="testQueryGroupsWithQueryParam" time="0"/>
  <testcase classname="com.urswolfer.gerrit.client.rest.http.changes.IncludedInInfoParserTest" name="testParseEditInfo" time="0.002"/>
  <testcase classname="com.urswolfer.gerrit.client.rest.http.projects.ProjectApiRestClientTest" name="testCreateProject" time="0.004"/>
  <testcase classname="com.urswolfer.gerrit.client.rest.http.projects.ProjectApiRestClientTest" name="testCreateProjectWithProjectInput" time="0.003"/>
  <testcase classname="com.urswolfer.gerrit.client.rest.http.projects.ProjectApiRestClientTest" name="testGetBranchesForProject" time="0.001"/>
  <testcase classname="com.urswolfer.gerrit.client.rest.http.projects.ProjectApiRestClientTest" name="testGetProjectInfoForName" time="0"/>
  <testcase classname="com.urswolfer.gerrit.client.rest.http.projects.ProjectApiRestClientTest" name="testGetProjectInfoServerException" time="0.001"/>
  <testcase classname="com.urswolfer.gerrit.client.rest.http.projects.ProjectApiRestClientTest" name="testProjectAccess" time="0.001"/>
  <testcase classname="com.urswolfer.gerrit.client.rest.http.projects.ProjectApiRestClientTest" name="testUpdateProjectAccess" time="0.002"/>
  <testcase classname="com.urswolfer.gerrit.client.rest.http.projects.ProjectsParserTest" name="testGenerateProjectInput" time="0.002"/>
  <testcase classname="com.urswolfer.gerrit.client.rest.http.projects.ProjectsParserTest" name="testParseProjectInfos" time="0.012"/>
  <testcase classname="com.urswolfer.gerrit.client.rest.http.projects.ProjectsParserTest" name="testParseSingleProjectInfo" time="0.002"/>
  <testcase classname="com.urswolfer.gerrit.client.rest.http.projects.ProjectsRestClientTest" name="testCreateProject" time="0.004"/>
  <testcase classname="com.urswolfer.gerrit.client.rest.http.projects.ProjectsRestClientTest" name="testListProjects" time="0.001"/>
  <testcase classname="com.urswolfer.gerrit.client.rest.http.projects.ProjectsRestClientTest" name="testListProjectsWithParameter" time="0.001"/>
  <testcase classname="com.urswolfer.gerrit.client.rest.http.projects.ProjectsRestClientTest" name="testListProjectsWithParameter" time="0"/>
  <testcase classname="com.urswolfer.gerrit.client.rest.http.projects.ProjectsRestClientTest" name="testListProjectsWithParameter" time="0.001"/>
  <testcase classname="com.urswolfer.gerrit.client.rest.http.projects.ProjectsRestClientTest" name="testListProjectsWithParameter" time="0"/>
  <testcase classname="com.urswolfer.gerrit.client.rest.http.projects.ProjectsRestClientTest" name="testListProjectsWithParameter" time="0.001"/>
  <testcase classname="com.urswolfer.gerrit.client.rest.http.projects.ProjectsRestClientTest" name="testListProjectsWithParameter" time="0.001"/>
  <testcase classname="com.urswolfer.gerrit.client.rest.RealServerTest" name="run" time="0.001">
    <skipped/>
  </testcase>
  <testcase classname="com.urswolfer.gerrit.client.rest.http.changes.ReviewerApiRestClientTest" name="testDeleteVote" time="0.002"/>
  <testcase classname="com.urswolfer.gerrit.client.rest.http.changes.ReviewerApiRestClientTest" name="testVotes" time="0.002"/>
  <testcase classname="com.urswolfer.gerrit.client.rest.http.changes.ReviewerInfoParserTest" name="testParseReviewerInfo" time="0.003"/>
  <testcase classname="com.urswolfer.gerrit.client.rest.http.changes.ReviewerInfoParserTest" name="testParseReviewersInfo" time="0.001"/>
  <testcase classname="com.urswolfer.gerrit.client.rest.http.changes.RevisionApiRestClientTest" name="testCherryPick" time="0.002">
    <failure message="
  Unexpected method call GerritRestClient.postRequest(&quot;/changes/packages%2Ftest~master~Ieabd72e73f3da0df90fd6e8cba8f6c5dd7d120df/revisions/current/cherrypick&quot;, &quot;{&quot;message&quot;:&quot;Implementing Feature X&quot;,&quot;destination&quot;:&quot;release-branch&quot;,&quot;notify&quot;:&quot;NONE&quot;,&quot;keep_reviewers&quot;:false}&quot;):
    GerritRestClient.postRequest(&quot;/changes/packages%2Ftest~master~Ieabd72e73f3da0df90fd6e8cba8f6c5dd7d120df/revisions/current/cherrypick&quot;, &quot;{&quot;message&quot;:&quot;Implementing Feature X&quot;,&quot;destination&quot;:&quot;release-branch&quot;,&quot;notify&quot;:&quot;NONE&quot;}&quot;): expected: 1, actual: 0" type="java.lang.AssertionError">java.lang.AssertionError: 
  Unexpected method call GerritRestClient.postRequest(&quot;/changes/packages%2Ftest~master~Ieabd72e73f3da0df90fd6e8cba8f6c5dd7d120df/revisions/current/cherrypick&quot;, &quot;{&quot;message&quot;:&quot;Implementing Feature X&quot;,&quot;destination&quot;:&quot;release-branch&quot;,&quot;notify&quot;:&quot;NONE&quot;,&quot;keep_reviewers&quot;:false}&quot;):
    GerritRestClient.postRequest(&quot;/changes/packages%2Ftest~master~Ieabd72e73f3da0df90fd6e8cba8f6c5dd7d120df/revisions/current/cherrypick&quot;, &quot;{&quot;message&quot;:&quot;Implementing Feature X&quot;,&quot;destination&quot;:&quot;release-branch&quot;,&quot;notify&quot;:&quot;NONE&quot;}&quot;): expected: 1, actual: 0
	at org.easymock.internal.MockInvocationHandler.invoke(MockInvocationHandler.java:44)
	at org.easymock.internal.ObjectMethodsFilter.invoke(ObjectMethodsFilter.java:94)
	at org.easymock.internal.ClassProxyFactory$MockMethodInterceptor.intercept(ClassProxyFactory.java:97)
	at com.urswolfer.gerrit.client.rest.http.GerritRestClient$$EnhancerByCGLIB$$5612559.postRequest(&lt;generated&gt;)
	at com.urswolfer.gerrit.client.rest.http.changes.RevisionApiRestClient.cherryPick(RevisionApiRestClient.java:107)
	at com.urswolfer.gerrit.client.rest.http.changes.RevisionApiRestClientTest.testCherryPick(RevisionApiRestClientTest.java:166)
</failure>
  </testcase>
  <testcase classname="com.urswolfer.gerrit.client.rest.http.changes.RevisionApiRestClientTest" name="testCherryPick" time="0.002">
    <failure message="
  Unexpected method call GerritRestClient.postRequest(&quot;/changes/packages%2Ftest~master~Ieabd72e73f3da0df90fd6e8cba8f6c5dd7d120df/revisions/3/cherrypick&quot;, &quot;{&quot;message&quot;:&quot;Implementing Feature X&quot;,&quot;destination&quot;:&quot;release-branch&quot;,&quot;notify&quot;:&quot;NONE&quot;,&quot;keep_reviewers&quot;:false}&quot;):
    GerritRestClient.postRequest(&quot;/changes/packages%2Ftest~master~Ieabd72e73f3da0df90fd6e8cba8f6c5dd7d120df/revisions/3/cherrypick&quot;, &quot;{&quot;message&quot;:&quot;Implementing Feature X&quot;,&quot;destination&quot;:&quot;release-branch&quot;,&quot;notify&quot;:&quot;NONE&quot;}&quot;): expected: 1, actual: 0" type="java.lang.AssertionError">java.lang.AssertionError: 
  Unexpected method call GerritRestClient.postRequest(&quot;/changes/packages%2Ftest~master~Ieabd72e73f3da0df90fd6e8cba8f6c5dd7d120df/revisions/3/cherrypick&quot;, &quot;{&quot;message&quot;:&quot;Implementing Feature X&quot;,&quot;destination&quot;:&quot;release-branch&quot;,&quot;notify&quot;:&quot;NONE&quot;,&quot;keep_reviewers&quot;:false}&quot;):
    GerritRestClient.postRequest(&quot;/changes/packages%2Ftest~master~Ieabd72e73f3da0df90fd6e8cba8f6c5dd7d120df/revisions/3/cherrypick&quot;, &quot;{&quot;message&quot;:&quot;Implementing Feature X&quot;,&quot;destination&quot;:&quot;release-branch&quot;,&quot;notify&quot;:&quot;NONE&quot;}&quot;): expected: 1, actual: 0
	at org.easymock.internal.MockInvocationHandler.invoke(MockInvocationHandler.java:44)
	at org.easymock.internal.ObjectMethodsFilter.invoke(ObjectMethodsFilter.java:94)
	at org.easymock.internal.ClassProxyFactory$MockMethodInterceptor.intercept(ClassProxyFactory.java:97)
	at com.urswolfer.gerrit.client.rest.http.GerritRestClient$$EnhancerByCGLIB$$5612559.postRequest(&lt;generated&gt;)
	at com.urswolfer.gerrit.client.rest.http.changes.RevisionApiRestClient.cherryPick(RevisionApiRestClient.java:107)
	at com.urswolfer.gerrit.client.rest.http.changes.RevisionApiRestClientTest.testCherryPick(RevisionApiRestClientTest.java:166)
</failure>
  </testcase>
  <testcase classname="com.urswolfer.gerrit.client.rest.http.changes.RevisionApiRestClientTest" name="testDelete" time="0"/>
  <testcase classname="com.urswolfer.gerrit.client.rest.http.changes.RevisionApiRestClientTest" name="testDelete" time="0.001"/>
  <testcase classname="com.urswolfer.gerrit.client.rest.http.changes.RevisionApiRestClientTest" name="testDeleteFileReviewed" time="0.001"/>
  <testcase classname="com.urswolfer.gerrit.client.rest.http.changes.RevisionApiRestClientTest" name="testDeleteFileReviewed" time="0"/>
  <testcase classname="com.urswolfer.gerrit.client.rest.http.changes.RevisionApiRestClientTest" name="testGetCommentsAndDrafts" time="0"/>
  <testcase classname="com.urswolfer.gerrit.client.rest.http.changes.RevisionApiRestClientTest" name="testGetCommentsAndDrafts" time="0.001"/>
  <testcase classname="com.urswolfer.gerrit.client.rest.http.changes.RevisionApiRestClientTest" name="testGetFiles" time="0.001"/>
  <testcase classname="com.urswolfer.gerrit.client.rest.http.changes.RevisionApiRestClientTest" name="testGetFiles" time="0"/>
  <testcase classname="com.urswolfer.gerrit.client.rest.http.changes.RevisionApiRestClientTest" name="testPatch" time="0.001"/>
  <testcase classname="com.urswolfer.gerrit.client.rest.http.changes.RevisionApiRestClientTest" name="testPublish" time="0"/>
  <testcase classname="com.urswolfer.gerrit.client.rest.http.changes.RevisionApiRestClientTest" name="testPublish" time="0"/>
  <testcase classname="com.urswolfer.gerrit.client.rest.http.changes.RevisionApiRestClientTest" name="testRebase" time="0"/>
  <testcase classname="com.urswolfer.gerrit.client.rest.http.changes.RevisionApiRestClientTest" name="testRebase" time="0"/>
  <testcase classname="com.urswolfer.gerrit.client.rest.http.changes.RevisionApiRestClientTest" name="testReview" time="0.006">
    <failure message="
  Unexpected method call GerritRestClient.postRequest(&quot;/changes/packages%2Ftest~master~Ieabd72e73f3da0df90fd6e8cba8f6c5dd7d120df/revisions/current/review&quot;, &quot;{&quot;message&quot;:&quot;Looks good!&quot;,&quot;labels&quot;:{&quot;Code-Review&quot;:2},&quot;strict_labels&quot;:true,&quot;omit_duplicate_comments&quot;:false,&quot;work_in_progress&quot;:false,&quot;ready&quot;:false}&quot;):
    GerritRestClient.postRequest(&quot;/changes/packages%2Ftest~master~Ieabd72e73f3da0df90fd6e8cba8f6c5dd7d120df/revisions/current/review&quot;, &quot;{&quot;message&quot;:&quot;Looks good!&quot;,&quot;labels&quot;:{&quot;Code-Review&quot;:2},&quot;strict_labels&quot;:true,&quot;omit_duplicate_comments&quot;:false}&quot;): expected: 1, actual: 0" type="java.lang.AssertionError">java.lang.AssertionError: 
  Unexpected method call GerritRestClient.postRequest(&quot;/changes/packages%2Ftest~master~Ieabd72e73f3da0df90fd6e8cba8f6c5dd7d120df/revisions/current/review&quot;, &quot;{&quot;message&quot;:&quot;Looks good!&quot;,&quot;labels&quot;:{&quot;Code-Review&quot;:2},&quot;strict_labels&quot;:true,&quot;omit_duplicate_comments&quot;:false,&quot;work_in_progress&quot;:false,&quot;ready&quot;:false}&quot;):
    GerritRestClient.postRequest(&quot;/changes/packages%2Ftest~master~Ieabd72e73f3da0df90fd6e8cba8f6c5dd7d120df/revisions/current/review&quot;, &quot;{&quot;message&quot;:&quot;Looks good!&quot;,&quot;labels&quot;:{&quot;Code-Review&quot;:2},&quot;strict_labels&quot;:true,&quot;omit_duplicate_comments&quot;:false}&quot;): expected: 1, actual: 0
	at org.easymock.internal.MockInvocationHandler.invoke(MockInvocationHandler.java:44)
	at org.easymock.internal.ObjectMethodsFilter.invoke(ObjectMethodsFilter.java:94)
	at org.easymock.internal.ClassProxyFactory$MockMethodInterceptor.intercept(ClassProxyFactory.java:97)
	at com.urswolfer.gerrit.client.rest.http.GerritRestClient$$EnhancerByCGLIB$$5612559.postRequest(&lt;generated&gt;)
	at com.urswolfer.gerrit.client.rest.http.changes.RevisionApiRestClient.review(RevisionApiRestClient.java:81)
	at com.urswolfer.gerrit.client.rest.http.changes.RevisionApiRestClientTest.testReview(RevisionApiRestClientTest.java:104)
</failure>
  </testcase>
  <testcase classname="com.urswolfer.gerrit.client.rest.http.changes.RevisionApiRestClientTest" name="testReview" time="0.004">
    <failure message="
  Unexpected method call GerritRestClient.postRequest(&quot;/changes/packages%2Ftest~master~Ieabd72e73f3da0df90fd6e8cba8f6c5dd7d120df/revisions/3/review&quot;, &quot;{&quot;message&quot;:&quot;Looks good!&quot;,&quot;labels&quot;:{&quot;Code-Review&quot;:2},&quot;strict_labels&quot;:true,&quot;omit_duplicate_comments&quot;:false,&quot;work_in_progress&quot;:false,&quot;ready&quot;:false}&quot;):
    GerritRestClient.postRequest(&quot;/changes/packages%2Ftest~master~Ieabd72e73f3da0df90fd6e8cba8f6c5dd7d120df/revisions/3/review&quot;, &quot;{&quot;message&quot;:&quot;Looks good!&quot;,&quot;labels&quot;:{&quot;Code-Review&quot;:2},&quot;strict_labels&quot;:true,&quot;omit_duplicate_comments&quot;:false}&quot;): expected: 1, actual: 0" type="java.lang.AssertionError">java.lang.AssertionError: 
  Unexpected method call GerritRestClient.postRequest(&quot;/changes/packages%2Ftest~master~Ieabd72e73f3da0df90fd6e8cba8f6c5dd7d120df/revisions/3/review&quot;, &quot;{&quot;message&quot;:&quot;Looks good!&quot;,&quot;labels&quot;:{&quot;Code-Review&quot;:2},&quot;strict_labels&quot;:true,&quot;omit_duplicate_comments&quot;:false,&quot;work_in_progress&quot;:false,&quot;ready&quot;:false}&quot;):
    GerritRestClient.postRequest(&quot;/changes/packages%2Ftest~master~Ieabd72e73f3da0df90fd6e8cba8f6c5dd7d120df/revisions/3/review&quot;, &quot;{&quot;message&quot;:&quot;Looks good!&quot;,&quot;labels&quot;:{&quot;Code-Review&quot;:2},&quot;strict_labels&quot;:true,&quot;omit_duplicate_comments&quot;:false}&quot;): expected: 1, actual: 0
	at org.easymock.internal.MockInvocationHandler.invoke(MockInvocationHandler.java:44)
	at org.easymock.internal.ObjectMethodsFilter.invoke(ObjectMethodsFilter.java:94)
	at org.easymock.internal.ClassProxyFactory$MockMethodInterceptor.intercept(ClassProxyFactory.java:97)
	at com.urswolfer.gerrit.client.rest.http.GerritRestClient$$EnhancerByCGLIB$$5612559.postRequest(&lt;generated&gt;)
	at com.urswolfer.gerrit.client.rest.http.changes.RevisionApiRestClient.review(RevisionApiRestClient.java:81)
	at com.urswolfer.gerrit.client.rest.http.changes.RevisionApiRestClientTest.testReview(RevisionApiRestClientTest.java:108)
</failure>
  </testcase>
  <testcase classname="com.urswolfer.gerrit.client.rest.http.changes.RevisionApiRestClientTest" name="testSetFileReviewed" time="0.001"/>
  <testcase classname="com.urswolfer.gerrit.client.rest.http.changes.RevisionApiRestClientTest" name="testSetFileReviewed" time="0"/>
  <testcase classname="com.urswolfer.gerrit.client.rest.http.changes.RevisionApiRestClientTest" name="testSubmit" time="0.003"/>
  <testcase classname="com.urswolfer.gerrit.client.rest.http.changes.RevisionApiRestClientTest" name="testSubmit" time="0.001"/>
  <testcase classname="com.urswolfer.gerrit.client.rest.http.changes.RevisionApiRestClientTest" name="testSubmitType" time="0.001"/>
  <testcase classname="com.urswolfer.gerrit.client.rest.http.changes.RevisionApiRestClientTest" name="testSubmitType" time="0.001"/>
  <testcase classname="com.urswolfer.gerrit.client.rest.http.changes.RevisionApiRestClientTest" name="testSubmitWithSubmitInput" time="0.002"/>
  <testcase classname="com.urswolfer.gerrit.client.rest.http.changes.RevisionApiRestClientTest" name="testSubmitWithSubmitInput" time="0.001"/>
  <testcase classname="com.urswolfer.gerrit.client.rest.http.changes.RevisionApiRestClientTest" name="testTestSubmitType" time="0.002"/>
  <testcase classname="com.urswolfer.gerrit.client.rest.http.changes.RevisionApiRestClientTest" name="testTestSubmitType" time="0.001"/>
  <testcase classname="com.urswolfer.gerrit.client.rest.http.config.ServerRestClientTest" name="testGetVersion" time="0.003"/>
  <testcase classname="com.urswolfer.gerrit.client.rest.http.config.ServerRestClientTest" name="testGetVersionGivenEndpointIsNotAvailable" time="0"/>
  <testcase classname="com.urswolfer.gerrit.client.rest.http.config.ServerRestClientTest" name="testGetVersionGivenEndpointThrowsUnauthorized" time="0.001"/>
  <testcase classname="com.urswolfer.gerrit.client.rest.http.changes.SuggestedReviewerInfoParserTest" name="testParseSuggestReviewerInfos" time="0.001"/>
  <testcase classname="com.urswolfer.gerrit.client.rest.http.changes.SuggestedReviewerInfoParserTest" name="testParseSuggestReviewersInfos" time="0.002"/>
  <testcase classname="com.urswolfer.gerrit.client.rest.http.projects.TagApiRestClientTest" name="testGetTagForProject" time="0.001"/>
  <testcase classname="com.urswolfer.gerrit.client.rest.http.projects.TagApiRestClientTest" name="testGetTagsForProject" time="0"/>
  <testcase classname="com.urswolfer.gerrit.client.rest.http.projects.TagInfoParserTest" name="testParseTagInfo" time="0.008">
    <failure message="expected:&lt;...e&gt;false&lt;/canDelete&gt;
[  &lt;webLinks/&gt;
]&lt;/com.google.gerrit....&gt; but was:&lt;...e&gt;false&lt;/canDelete&gt;
[]&lt;/com.google.gerrit....&gt;" type="org.junit.ComparisonFailure">org.junit.ComparisonFailure: expected:&lt;...e&gt;false&lt;/canDelete&gt;
[  &lt;webLinks/&gt;
]&lt;/com.google.gerrit....&gt; but was:&lt;...e&gt;false&lt;/canDelete&gt;
[]&lt;/com.google.gerrit....&gt;
	at com.google.common.truth.Platform.comparisonFailure(Platform.java:126)
	at com.google.common.truth.Truth$1.failComparing(Truth.java:72)
	at com.google.common.truth.StringSubject.isEqualTo(StringSubject.java:70)
	at com.urswolfer.gerrit.client.rest.http.common.GerritAssert.assertXmlOutputEqual(GerritAssert.java:86)
	at com.urswolfer.gerrit.client.rest.http.common.GerritAssert.assertEquals(GerritAssert.java:55)
	at com.urswolfer.gerrit.client.rest.http.projects.TagInfoParserTest.testParseTagInfo(TagInfoParserTest.java:77)
</failure>
  </testcase>
  <testcase classname="com.urswolfer.gerrit.client.rest.http.projects.TagInfoParserTest" name="testParseTagInfos" time="0.003">
    <failure message="expected:&lt;...e&gt;false&lt;/canDelete&gt;
[  &lt;webLinks/&gt;
]&lt;/com.google.gerrit....&gt; but was:&lt;...e&gt;false&lt;/canDelete&gt;
[]&lt;/com.google.gerrit....&gt;" type="org.junit.ComparisonFailure">org.junit.ComparisonFailure: expected:&lt;...e&gt;false&lt;/canDelete&gt;
[  &lt;webLinks/&gt;
]&lt;/com.google.gerrit....&gt; but was:&lt;...e&gt;false&lt;/canDelete&gt;
[]&lt;/com.google.gerrit....&gt;
	at com.google.common.truth.Platform.comparisonFailure(Platform.java:126)
	at com.google.common.truth.Truth$1.failComparing(Truth.java:72)
	at com.google.common.truth.StringSubject.isEqualTo(StringSubject.java:70)
	at com.urswolfer.gerrit.client.rest.http.common.GerritAssert.assertXmlOutputEqual(GerritAssert.java:86)
	at com.urswolfer.gerrit.client.rest.http.common.GerritAssert.assertEquals(GerritAssert.java:55)
	at com.urswolfer.gerrit.client.rest.http.projects.TagInfoParserTest.testParseTagInfos(TagInfoParserTest.java:66)
</failure>
  </testcase>
  <testcase classname="com.urswolfer.gerrit.client.rest.http.UserAgentHttpRequestInterceptorTest" name="testHeaderIsModified" time="0.006"/>
</testsuite>