<?xml version="1.0" encoding="UTF-8"?>
<testsuite xmlns:xsi="http://www.w3.org/2001/XMLSchema-instance" xsi:noNamespaceSchemaLocation="https://maven.apache.org/surefire/maven-surefire-plugin/xsd/surefire-test-report.xsd" name="learnositysdk.request.InitTest" time="0.049" tests="8" errors="0" skipped="0" failures="1">
  <properties>
    <property name="awt.toolkit" value="sun.awt.X11.XToolkit"/>
    <property name="file.encoding.pkg" value="sun.io"/>
    <property name="java.specification.version" value="1.8"/>
    <property name="sun.cpu.isalist" value=""/>
    <property name="sun.jnu.encoding" value="UTF-8"/>
    <property name="java.class.path" value="/root/workspace/Learnosity/learnosity-sdk-java/385017962/target/test-classes:/root/workspace/Learnosity/learnosity-sdk-java/385017962/target/classes:/root/./workspace/Learnosity/learnosity-sdk-java/385017962/.m2/commons-codec/commons-codec/1.6/commons-codec-1.6.jar:/root/./workspace/Learnosity/learnosity-sdk-java/385017962/.m2/org/apache/commons/commons-lang3/3.5/commons-lang3-3.5.jar:/root/./workspace/Learnosity/learnosity-sdk-java/385017962/.m2/commons-io/commons-io/2.5/commons-io-2.5.jar:/root/./workspace/Learnosity/learnosity-sdk-java/385017962/.m2/commons-logging/commons-logging/1.1.3/commons-logging-1.1.3.jar:/root/./workspace/Learnosity/learnosity-sdk-java/385017962/.m2/org/apache/httpcomponents/httpclient/4.3.4/httpclient-4.3.4.jar:/root/./workspace/Learnosity/learnosity-sdk-java/385017962/.m2/org/apache/httpcomponents/httpcore/4.3.2/httpcore-4.3.2.jar:/root/./workspace/Learnosity/learnosity-sdk-java/385017962/.m2/org/json/json/20070829/json-20070829.jar:/root/./workspace/Learnosity/learnosity-sdk-java/385017962/.m2/junit/junit/3.8.1/junit-3.8.1.jar:"/>
    <property name="java.vm.vendor" value="Oracle Corporation"/>
    <property name="skip.bower" value="true"/>
    <property name="sun.arch.data.model" value="64"/>
    <property name="java.vendor.url" value="http://java.oracle.com/"/>
    <property name="user.timezone" value=""/>
    <property name="java.vm.specification.version" value="1.8"/>
    <property name="os.name" value="Linux"/>
    <property name="rat.skip" value="true"/>
    <property name="gpg.skip" value="true"/>
    <property name="sun.java.launcher" value="SUN_STANDARD"/>
    <property name="sun.boot.library.path" value="/usr/lib/jvm/java-8-openjdk-amd64/jre/lib/amd64"/>
    <property name="skip.gulp" value="true"/>
    <property name="sun.java.command" value="/root/workspace/Learnosity/learnosity-sdk-java/385017962/target/surefire/surefirebooter7688548860524620667.jar /root/workspace/Learnosity/learnosity-sdk-java/385017962/target/surefire 2018-05-29T06-35-59_615-jvmRun1 surefire8111314273821977043tmp surefire_02158685644774116914tmp"/>
    <property name="dependency-check.skip" value="true"/>
    <property name="surefire.test.class.path" value="/root/workspace/Learnosity/learnosity-sdk-java/385017962/target/test-classes:/root/workspace/Learnosity/learnosity-sdk-java/385017962/target/classes:/root/./workspace/Learnosity/learnosity-sdk-java/385017962/.m2/commons-codec/commons-codec/1.6/commons-codec-1.6.jar:/root/./workspace/Learnosity/learnosity-sdk-java/385017962/.m2/org/apache/commons/commons-lang3/3.5/commons-lang3-3.5.jar:/root/./workspace/Learnosity/learnosity-sdk-java/385017962/.m2/commons-io/commons-io/2.5/commons-io-2.5.jar:/root/./workspace/Learnosity/learnosity-sdk-java/385017962/.m2/commons-logging/commons-logging/1.1.3/commons-logging-1.1.3.jar:/root/./workspace/Learnosity/learnosity-sdk-java/385017962/.m2/org/apache/httpcomponents/httpclient/4.3.4/httpclient-4.3.4.jar:/root/./workspace/Learnosity/learnosity-sdk-java/385017962/.m2/org/apache/httpcomponents/httpcore/4.3.2/httpcore-4.3.2.jar:/root/./workspace/Learnosity/learnosity-sdk-java/385017962/.m2/org/json/json/20070829/json-20070829.jar:/root/./workspace/Learnosity/learnosity-sdk-java/385017962/.m2/junit/junit/3.8.1/junit-3.8.1.jar:"/>
    <property name="sun.cpu.endian" value="little"/>
    <property name="user.home" value="/root"/>
    <property name="user.language" value="en"/>
    <property name="java.specification.vendor" value="Oracle Corporation"/>
    <property name="java.home" value="/usr/lib/jvm/java-8-openjdk-amd64/jre"/>
    <property name="basedir" value="/root/workspace/Learnosity/learnosity-sdk-java/385017962"/>
    <property name="file.separator" value="/"/>
    <property name="checkstyle.skip" value="true"/>
    <property name="line.separator" value="&#10;"/>
    <property name="skip.npm" value="true"/>
    <property name="java.vm.specification.vendor" value="Oracle Corporation"/>
    <property name="java.specification.name" value="Java Platform API Specification"/>
    <property name="java.awt.graphicsenv" value="sun.awt.X11GraphicsEnvironment"/>
    <property name="skipITs" value="true"/>
    <property name="surefire.real.class.path" value="/root/workspace/Learnosity/learnosity-sdk-java/385017962/target/surefire/surefirebooter7688548860524620667.jar"/>
    <property name="cobertura.skip" value="true"/>
    <property name="sun.boot.class.path" value="/usr/lib/jvm/java-8-openjdk-amd64/jre/lib/resources.jar:/usr/lib/jvm/java-8-openjdk-amd64/jre/lib/rt.jar:/usr/lib/jvm/java-8-openjdk-amd64/jre/lib/sunrsasign.jar:/usr/lib/jvm/java-8-openjdk-amd64/jre/lib/jsse.jar:/usr/lib/jvm/java-8-openjdk-amd64/jre/lib/jce.jar:/usr/lib/jvm/java-8-openjdk-amd64/jre/lib/charsets.jar:/usr/lib/jvm/java-8-openjdk-amd64/jre/lib/jfr.jar:/usr/lib/jvm/java-8-openjdk-amd64/jre/classes"/>
    <property name="sun.management.compiler" value="HotSpot 64-Bit Tiered Compilers"/>
    <property name="java.runtime.version" value="1.8.0_121-8u121-b13-1~bpo8+1-b13"/>
    <property name="user.name" value="root"/>
    <property name="findbugs.skip" value="true"/>
    <property name="path.separator" value=":"/>
    <property name="os.version" value="3.10.0-862.2.3.el7.x86_64"/>
    <property name="java.endorsed.dirs" value="/usr/lib/jvm/java-8-openjdk-amd64/jre/lib/endorsed"/>
    <property name="java.runtime.name" value="OpenJDK Runtime Environment"/>
    <property name="file.encoding" value="UTF-8"/>
    <property name="java.vm.name" value="OpenJDK 64-Bit Server VM"/>
    <property name="localRepository" value="/root/./workspace/Learnosity/learnosity-sdk-java/385017962/.m2"/>
    <property name="java.vendor.url.bug" value="http://bugreport.sun.com/bugreport/"/>
    <property name="java.io.tmpdir" value="/tmp"/>
    <property name="java.version" value="1.8.0_121"/>
    <property name="user.dir" value="/root/workspace/Learnosity/learnosity-sdk-java/385017962"/>
    <property name="os.arch" value="amd64"/>
    <property name="license.skip" value="true"/>
    <property name="java.vm.specification.name" value="Java Virtual Machine Specification"/>
    <property name="java.awt.printerjob" value="sun.print.PSPrinterJob"/>
    <property name="sun.os.patch.level" value="unknown"/>
    <property name="java.library.path" value="/usr/java/packages/lib/amd64:/usr/lib/x86_64-linux-gnu/jni:/lib/x86_64-linux-gnu:/usr/lib/x86_64-linux-gnu:/usr/lib/jni:/lib:/usr/lib"/>
    <property name="java.vm.info" value="mixed mode"/>
    <property name="java.vendor" value="Oracle Corporation"/>
    <property name="java.vm.version" value="25.121-b13"/>
    <property name="java.ext.dirs" value="/usr/lib/jvm/java-8-openjdk-amd64/jre/lib/ext:/usr/java/packages/lib/ext"/>
    <property name="sun.io.unicode.encoding" value="UnicodeLittle"/>
    <property name="maven.repo.local" value="/root/./workspace/Learnosity/learnosity-sdk-java/385017962/.m2"/>
    <property name="enforcer.skip" value="true"/>
    <property name="java.class.version" value="52.0"/>
  </properties>
  <testcase name="testInitGenerate" classname="learnositysdk.request.InitTest" time="0.023"/>
  <testcase name="testInitGenerateFromString" classname="learnositysdk.request.InitTest" time="0"/>
  <testcase name="testInitGenerateFromHashMap" classname="learnositysdk.request.InitTest" time="0"/>
  <testcase name="testInitAssessGenerate" classname="learnositysdk.request.InitTest" time="0.012"/>
  <testcase name="testInitItemsGenerate" classname="learnositysdk.request.InitTest" time="0.009">
    <failure message="Errors in the Items initialisation expected:&lt;7f0caf13a11f525be9fd57a95979a00cb895cad43a4d8617f73262329ed866c5&gt; but was:&lt;c4ef178bc2ab3666e8ca6055e132dba7f670efaf57204ef08e0773387025f96f&gt;" type="junit.framework.ComparisonFailure"><![CDATA[junit.framework.ComparisonFailure: Errors in the Items initialisation expected:<7f0caf13a11f525be9fd57a95979a00cb895cad43a4d8617f73262329ed866c5> but was:<c4ef178bc2ab3666e8ca6055e132dba7f670efaf57204ef08e0773387025f96f>
	at junit.framework.Assert.assertEquals(Assert.java:81)
	at learnositysdk.request.InitTest.testInitItemsGenerate(InitTest.java:197)
]]></failure>
    <system-out><![CDATA[Init Items: Generate
]]></system-out>
  </testcase>
  <testcase name="testInitQuestionsGenerate" classname="learnositysdk.request.InitTest" time="0"/>
  <testcase name="testInitQuestionsGenerateFromString" classname="learnositysdk.request.InitTest" time="0.001"/>
  <testcase name="testInitEventsGenerate" classname="learnositysdk.request.InitTest" time="0"/>
</testsuite>