<?xml version="1.0" encoding="UTF-8"?>
<testsuite name="edu.itu.cavabunga.core.factory.PropertyFactoryImplTest" time="0" tests="49" errors="0" skipped="0" failures="0">
  <properties>
    <property name="java.runtime.name" value="OpenJDK Runtime Environment"/>
    <property name="sun.boot.library.path" value="/usr/lib/jvm/java-8-openjdk-amd64/jre/lib/amd64"/>
    <property name="java.vm.version" value="25.121-b13"/>
    <property name="java.vm.vendor" value="Oracle Corporation"/>
    <property name="maven.multiModuleProjectDirectory" value="/root/workspace/ITUBIDB/cavabunga/348997916"/>
    <property name="java.vendor.url" value="http://java.oracle.com/"/>
    <property name="path.separator" value=":"/>
    <property name="guice.disable.misplaced.annotation.check" value="true"/>
    <property name="java.vm.name" value="OpenJDK 64-Bit Server VM"/>
    <property name="file.encoding.pkg" value="sun.io"/>
    <property name="sun.java.launcher" value="SUN_STANDARD"/>
    <property name="sun.os.patch.level" value="unknown"/>
    <property name="findbugs.skip" value="true"/>
    <property name="java.vm.specification.name" value="Java Virtual Machine Specification"/>
    <property name="user.dir" value="/root/workspace/ITUBIDB/cavabunga/348997916"/>
    <property name="checkstyle.skip" value="true"/>
    <property name="java.runtime.version" value="1.8.0_121-8u121-b13-1~bpo8+1-b13"/>
    <property name="java.awt.graphicsenv" value="sun.awt.X11GraphicsEnvironment"/>
    <property name="java.endorsed.dirs" value="/usr/lib/jvm/java-8-openjdk-amd64/jre/lib/endorsed"/>
    <property name="os.arch" value="amd64"/>
    <property name="java.io.tmpdir" value="/tmp"/>
    <property name="gpg.skip" value="true"/>
    <property name="line.separator" value="&#10;"/>
    <property name="java.vm.specification.vendor" value="Oracle Corporation"/>
    <property name="cobertura.skip" value="true"/>
    <property name="os.name" value="Linux"/>
    <property name="classworlds.conf" value="/usr/share/maven/bin/m2.conf"/>
    <property name="sun.jnu.encoding" value="UTF-8"/>
    <property name="java.library.path" value="/usr/java/packages/lib/amd64:/usr/lib/x86_64-linux-gnu/jni:/lib/x86_64-linux-gnu:/usr/lib/x86_64-linux-gnu:/usr/lib/jni:/lib:/usr/lib"/>
    <property name="license.skip" value="true"/>
    <property name="java.specification.name" value="Java Platform API Specification"/>
    <property name="java.class.version" value="52.0"/>
    <property name="sun.management.compiler" value="HotSpot 64-Bit Tiered Compilers"/>
    <property name="maven.repo.local" value="/root/./workspace/ITUBIDB/cavabunga/348997916/.m2"/>
    <property name="os.version" value="3.10.0-693.17.1.el7.x86_64"/>
    <property name="user.home" value="/root"/>
    <property name="user.timezone" value="Europe/Paris"/>
    <property name="java.awt.printerjob" value="sun.print.PSPrinterJob"/>
    <property name="java.specification.version" value="1.8"/>
    <property name="file.encoding" value="UTF-8"/>
    <property name="user.name" value="root"/>
    <property name="java.class.path" value="/usr/share/maven/boot/plexus-classworlds-2.5.2.jar"/>
    <property name="skipITs" value="true"/>
    <property name="java.vm.specification.version" value="1.8"/>
    <property name="sun.arch.data.model" value="64"/>
    <property name="java.home" value="/usr/lib/jvm/java-8-openjdk-amd64/jre"/>
    <property name="sun.java.command" value="org.codehaus.plexus.classworlds.launcher.Launcher -B -D enforcer.skip=true -D skipITs=true -D cobertura.skip=true -D maven.repo.local=/root/./workspace/ITUBIDB/cavabunga/348997916/.m2 -D rat.skip=true -D findbugs.skip=true -D gpg.skip=true -D checkstyle.skip=true -D license.skip=true test"/>
    <property name="java.specification.vendor" value="Oracle Corporation"/>
    <property name="user.language" value="en"/>
    <property name="awt.toolkit" value="sun.awt.X11.XToolkit"/>
    <property name="java.vm.info" value="mixed mode"/>
    <property name="java.version" value="1.8.0_121"/>
    <property name="java.ext.dirs" value="/usr/lib/jvm/java-8-openjdk-amd64/jre/lib/ext:/usr/java/packages/lib/ext"/>
    <property name="securerandom.source" value="file:/dev/./urandom"/>
    <property name="sun.boot.class.path" value="/usr/lib/jvm/java-8-openjdk-amd64/jre/lib/resources.jar:/usr/lib/jvm/java-8-openjdk-amd64/jre/lib/rt.jar:/usr/lib/jvm/java-8-openjdk-amd64/jre/lib/sunrsasign.jar:/usr/lib/jvm/java-8-openjdk-amd64/jre/lib/jsse.jar:/usr/lib/jvm/java-8-openjdk-amd64/jre/lib/jce.jar:/usr/lib/jvm/java-8-openjdk-amd64/jre/lib/charsets.jar:/usr/lib/jvm/java-8-openjdk-amd64/jre/lib/jfr.jar:/usr/lib/jvm/java-8-openjdk-amd64/jre/classes"/>
    <property name="java.vendor" value="Oracle Corporation"/>
    <property name="enforcer.skip" value="true"/>
    <property name="rat.skip" value="true"/>
    <property name="maven.home" value="/usr/share/maven"/>
    <property name="file.separator" value="/"/>
    <property name="java.vendor.url.bug" value="http://bugreport.sun.com/bugreport/"/>
    <property name="sun.cpu.endian" value="little"/>
    <property name="sun.io.unicode.encoding" value="UnicodeLittle"/>
    <property name="sun.cpu.isalist" value=""/>
  </properties>
  <testcase name="testCreateProperty[0: Acknowledged, class edu.itu.cavabunga.core.entity.property.Acknowledged]" classname="edu.itu.cavabunga.core.factory.PropertyFactoryImplTest" time="0"/>
  <testcase name="testCreateProperty[1: Action, class edu.itu.cavabunga.core.entity.property.Action]" classname="edu.itu.cavabunga.core.factory.PropertyFactoryImplTest" time="0"/>
  <testcase name="testCreateProperty[2: Attach, class edu.itu.cavabunga.core.entity.property.Attach]" classname="edu.itu.cavabunga.core.factory.PropertyFactoryImplTest" time="0"/>
  <testcase name="testCreateProperty[3: Attendee, class edu.itu.cavabunga.core.entity.property.Attendee]" classname="edu.itu.cavabunga.core.factory.PropertyFactoryImplTest" time="0"/>
  <testcase name="testCreateProperty[4: Calscale, class edu.itu.cavabunga.core.entity.property.Calscale]" classname="edu.itu.cavabunga.core.factory.PropertyFactoryImplTest" time="0"/>
  <testcase name="testCreateProperty[5: Catagories, class edu.itu.cavabunga.core.entity.property.Catagories]" classname="edu.itu.cavabunga.core.factory.PropertyFactoryImplTest" time="0"/>
  <testcase name="testCreateProperty[6: Class, class edu.itu.cavabunga.core.entity.property.Class]" classname="edu.itu.cavabunga.core.factory.PropertyFactoryImplTest" time="0"/>
  <testcase name="testCreateProperty[7: Comment, class edu.itu.cavabunga.core.entity.property.Comment]" classname="edu.itu.cavabunga.core.factory.PropertyFactoryImplTest" time="0"/>
  <testcase name="testCreateProperty[8: Completed, class edu.itu.cavabunga.core.entity.property.Completed]" classname="edu.itu.cavabunga.core.factory.PropertyFactoryImplTest" time="0"/>
  <testcase name="testCreateProperty[9: Contact, class edu.itu.cavabunga.core.entity.property.Contact]" classname="edu.itu.cavabunga.core.factory.PropertyFactoryImplTest" time="0"/>
  <testcase name="testCreateProperty[10: Country, class edu.itu.cavabunga.core.entity.property.Country]" classname="edu.itu.cavabunga.core.factory.PropertyFactoryImplTest" time="0"/>
  <testcase name="testCreateProperty[11: Created, class edu.itu.cavabunga.core.entity.property.Created]" classname="edu.itu.cavabunga.core.factory.PropertyFactoryImplTest" time="0"/>
  <testcase name="testCreateProperty[12: Description, class edu.itu.cavabunga.core.entity.property.Description]" classname="edu.itu.cavabunga.core.factory.PropertyFactoryImplTest" time="0"/>
  <testcase name="testCreateProperty[13: Dtend, class edu.itu.cavabunga.core.entity.property.Dtend]" classname="edu.itu.cavabunga.core.factory.PropertyFactoryImplTest" time="0"/>
  <testcase name="testCreateProperty[14: Dtstamp, class edu.itu.cavabunga.core.entity.property.Dtstamp]" classname="edu.itu.cavabunga.core.factory.PropertyFactoryImplTest" time="0"/>
  <testcase name="testCreateProperty[15: Dtstart, class edu.itu.cavabunga.core.entity.property.Dtstart]" classname="edu.itu.cavabunga.core.factory.PropertyFactoryImplTest" time="0"/>
  <testcase name="testCreateProperty[16: Due, class edu.itu.cavabunga.core.entity.property.Due]" classname="edu.itu.cavabunga.core.factory.PropertyFactoryImplTest" time="0"/>
  <testcase name="testCreateProperty[17: Duration, class edu.itu.cavabunga.core.entity.property.Duration]" classname="edu.itu.cavabunga.core.factory.PropertyFactoryImplTest" time="0"/>
  <testcase name="testCreateProperty[18: Exdate, class edu.itu.cavabunga.core.entity.property.Exdate]" classname="edu.itu.cavabunga.core.factory.PropertyFactoryImplTest" time="0"/>
  <testcase name="testCreateProperty[19: Exrule, class edu.itu.cavabunga.core.entity.property.Exrule]" classname="edu.itu.cavabunga.core.factory.PropertyFactoryImplTest" time="0"/>
  <testcase name="testCreateProperty[20: Freebusy, class edu.itu.cavabunga.core.entity.property.Freebusy]" classname="edu.itu.cavabunga.core.factory.PropertyFactoryImplTest" time="0"/>
  <testcase name="testCreateProperty[21: Geo, class edu.itu.cavabunga.core.entity.property.Geo]" classname="edu.itu.cavabunga.core.factory.PropertyFactoryImplTest" time="0"/>
  <testcase name="testCreateProperty[22: Lastmod, class edu.itu.cavabunga.core.entity.property.Lastmod]" classname="edu.itu.cavabunga.core.factory.PropertyFactoryImplTest" time="0"/>
  <testcase name="testCreateProperty[23: Location, class edu.itu.cavabunga.core.entity.property.Location]" classname="edu.itu.cavabunga.core.factory.PropertyFactoryImplTest" time="0"/>
  <testcase name="testCreateProperty[24: Method, class edu.itu.cavabunga.core.entity.property.Method]" classname="edu.itu.cavabunga.core.factory.PropertyFactoryImplTest" time="0"/>
  <testcase name="testCreateProperty[25: Organizer, class edu.itu.cavabunga.core.entity.property.Organizer]" classname="edu.itu.cavabunga.core.factory.PropertyFactoryImplTest" time="0"/>
  <testcase name="testCreateProperty[26: Percent, class edu.itu.cavabunga.core.entity.property.Percent]" classname="edu.itu.cavabunga.core.factory.PropertyFactoryImplTest" time="0"/>
  <testcase name="testCreateProperty[27: Priority, class edu.itu.cavabunga.core.entity.property.Priority]" classname="edu.itu.cavabunga.core.factory.PropertyFactoryImplTest" time="0"/>
  <testcase name="testCreateProperty[28: Prodid, class edu.itu.cavabunga.core.entity.property.Prodid]" classname="edu.itu.cavabunga.core.factory.PropertyFactoryImplTest" time="0"/>
  <testcase name="testCreateProperty[29: Rdate, class edu.itu.cavabunga.core.entity.property.Rdate]" classname="edu.itu.cavabunga.core.factory.PropertyFactoryImplTest" time="0"/>
  <testcase name="testCreateProperty[30: Recurid, class edu.itu.cavabunga.core.entity.property.Recurid]" classname="edu.itu.cavabunga.core.factory.PropertyFactoryImplTest" time="0"/>
  <testcase name="testCreateProperty[31: Related, class edu.itu.cavabunga.core.entity.property.Related]" classname="edu.itu.cavabunga.core.factory.PropertyFactoryImplTest" time="0"/>
  <testcase name="testCreateProperty[32: Repeat, class edu.itu.cavabunga.core.entity.property.Repeat]" classname="edu.itu.cavabunga.core.factory.PropertyFactoryImplTest" time="0"/>
  <testcase name="testCreateProperty[33: Resources, class edu.itu.cavabunga.core.entity.property.Resources]" classname="edu.itu.cavabunga.core.factory.PropertyFactoryImplTest" time="0"/>
  <testcase name="testCreateProperty[34: Rrule, class edu.itu.cavabunga.core.entity.property.Rrule]" classname="edu.itu.cavabunga.core.factory.PropertyFactoryImplTest" time="0"/>
  <testcase name="testCreateProperty[35: Rstatus, class edu.itu.cavabunga.core.entity.property.Rstatus]" classname="edu.itu.cavabunga.core.factory.PropertyFactoryImplTest" time="0"/>
  <testcase name="testCreateProperty[36: Seq, class edu.itu.cavabunga.core.entity.property.Seq]" classname="edu.itu.cavabunga.core.factory.PropertyFactoryImplTest" time="0"/>
  <testcase name="testCreateProperty[37: Status, class edu.itu.cavabunga.core.entity.property.Status]" classname="edu.itu.cavabunga.core.factory.PropertyFactoryImplTest" time="0"/>
  <testcase name="testCreateProperty[38: Summary, class edu.itu.cavabunga.core.entity.property.Summary]" classname="edu.itu.cavabunga.core.factory.PropertyFactoryImplTest" time="0"/>
  <testcase name="testCreateProperty[39: Transp, class edu.itu.cavabunga.core.entity.property.Transp]" classname="edu.itu.cavabunga.core.factory.PropertyFactoryImplTest" time="0"/>
  <testcase name="testCreateProperty[40: Trigger, class edu.itu.cavabunga.core.entity.property.Trigger]" classname="edu.itu.cavabunga.core.factory.PropertyFactoryImplTest" time="0"/>
  <testcase name="testCreateProperty[41: Tzid, class edu.itu.cavabunga.core.entity.property.Tzid]" classname="edu.itu.cavabunga.core.factory.PropertyFactoryImplTest" time="0"/>
  <testcase name="testCreateProperty[42: Tzname, class edu.itu.cavabunga.core.entity.property.Tzname]" classname="edu.itu.cavabunga.core.factory.PropertyFactoryImplTest" time="0"/>
  <testcase name="testCreateProperty[43: Tzoffsetfrom, class edu.itu.cavabunga.core.entity.property.Tzoffsetfrom]" classname="edu.itu.cavabunga.core.factory.PropertyFactoryImplTest" time="0"/>
  <testcase name="testCreateProperty[44: Tzoffsetto, class edu.itu.cavabunga.core.entity.property.Tzoffsetto]" classname="edu.itu.cavabunga.core.factory.PropertyFactoryImplTest" time="0"/>
  <testcase name="testCreateProperty[45: Tzurl, class edu.itu.cavabunga.core.entity.property.Tzurl]" classname="edu.itu.cavabunga.core.factory.PropertyFactoryImplTest" time="0"/>
  <testcase name="testCreateProperty[46: Uid, class edu.itu.cavabunga.core.entity.property.Uid]" classname="edu.itu.cavabunga.core.factory.PropertyFactoryImplTest" time="0"/>
  <testcase name="testCreateProperty[47: Url, class edu.itu.cavabunga.core.entity.property.Url]" classname="edu.itu.cavabunga.core.factory.PropertyFactoryImplTest" time="0"/>
  <testcase name="testCreateProperty[48: Version, class edu.itu.cavabunga.core.entity.property.Version]" classname="edu.itu.cavabunga.core.factory.PropertyFactoryImplTest" time="0"/>
</testsuite>