<?xml version="1.0" encoding="UTF-8" ?>
<testsuite tests="2" failures="0" name="innovimax.mixthem.GenericTest" time="0.319" errors="2" skipped="0">
  <properties>
    <property name="java.runtime.name" value="OpenJDK Runtime Environment"/>
    <property name="sun.boot.library.path" value="/usr/lib/jvm/java-8-openjdk-amd64/jre/lib/amd64"/>
    <property name="java.vm.version" value="25.121-b13"/>
    <property name="java.vm.vendor" value="Oracle Corporation"/>
    <property name="maven.multiModuleProjectDirectory" value="/root/workspace/Innovimax-SARL/mix-them/384672958"/>
    <property name="java.vendor.url" value="http://java.oracle.com/"/>
    <property name="path.separator" value=":"/>
    <property name="guice.disable.misplaced.annotation.check" value="true"/>
    <property name="skip.gulp" value="true"/>
    <property name="java.vm.name" value="OpenJDK 64-Bit Server VM"/>
    <property name="file.encoding.pkg" value="sun.io"/>
    <property name="sun.java.launcher" value="SUN_STANDARD"/>
    <property name="sun.os.patch.level" value="unknown"/>
    <property name="findbugs.skip" value="true"/>
    <property name="java.vm.specification.name" value="Java Virtual Machine Specification"/>
    <property name="user.dir" value="/root/workspace/Innovimax-SARL/mix-them/384672958"/>
    <property name="checkstyle.skip" value="true"/>
    <property name="java.runtime.version" value="1.8.0_121-8u121-b13-1~bpo8+1-b13"/>
    <property name="java.awt.graphicsenv" value="sun.awt.X11GraphicsEnvironment"/>
    <property name="skip.npm" value="true"/>
    <property name="java.endorsed.dirs" value="/usr/lib/jvm/java-8-openjdk-amd64/jre/lib/endorsed"/>
    <property name="os.arch" value="amd64"/>
    <property name="java.io.tmpdir" value="/tmp"/>
    <property name="gpg.skip" value="true"/>
    <property name="line.separator" value="
"/>
    <property name="java.vm.specification.vendor" value="Oracle Corporation"/>
    <property name="cobertura.skip" value="true"/>
    <property name="os.name" value="Linux"/>
    <property name="classworlds.conf" value="/usr/share/maven/bin/m2.conf"/>
    <property name="sun.jnu.encoding" value="UTF-8"/>
    <property name="java.library.path" value="/usr/java/packages/lib/amd64:/usr/lib/x86_64-linux-gnu/jni:/lib/x86_64-linux-gnu:/usr/lib/x86_64-linux-gnu:/usr/lib/jni:/lib:/usr/lib"/>
    <property name="license.skip" value="true"/>
    <property name="java.specification.name" value="Java Platform API Specification"/>
    <property name="java.class.version" value="52.0"/>
    <property name="sun.management.compiler" value="HotSpot 64-Bit Tiered Compilers"/>
    <property name="skip.bower" value="true"/>
    <property name="maven.repo.local" value="/root/./workspace/Innovimax-SARL/mix-them/384672958/.m2"/>
    <property name="os.version" value="3.10.0-862.2.3.el7.x86_64"/>
    <property name="user.home" value="/root"/>
    <property name="user.timezone" value="Europe/Paris"/>
    <property name="java.awt.printerjob" value="sun.print.PSPrinterJob"/>
    <property name="java.specification.version" value="1.8"/>
    <property name="file.encoding" value="UTF-8"/>
    <property name="user.name" value="root"/>
    <property name="java.class.path" value="/usr/share/maven/boot/plexus-classworlds-2.5.2.jar"/>
    <property name="skipITs" value="true"/>
    <property name="java.vm.specification.version" value="1.8"/>
    <property name="sun.arch.data.model" value="64"/>
    <property name="java.home" value="/usr/lib/jvm/java-8-openjdk-amd64/jre"/>
    <property name="sun.java.command" value="org.codehaus.plexus.classworlds.launcher.Launcher -B -D enforcer.skip=true -D dependency-check.skip=true -D skipITs=true -D cobertura.skip=true -D maven.repo.local=/root/./workspace/Innovimax-SARL/mix-them/384672958/.m2 -D rat.skip=true -D findbugs.skip=true -D skip.bower=true -D gpg.skip=true -D checkstyle.skip=true -D skip.gulp=true -D license.skip=true -D skip.npm=true test"/>
    <property name="java.specification.vendor" value="Oracle Corporation"/>
    <property name="user.language" value="en"/>
    <property name="awt.toolkit" value="sun.awt.X11.XToolkit"/>
    <property name="dependency-check.skip" value="true"/>
    <property name="java.vm.info" value="mixed mode"/>
    <property name="java.version" value="1.8.0_121"/>
    <property name="java.ext.dirs" value="/usr/lib/jvm/java-8-openjdk-amd64/jre/lib/ext:/usr/java/packages/lib/ext"/>
    <property name="securerandom.source" value="file:/dev/./urandom"/>
    <property name="sun.boot.class.path" value="/usr/lib/jvm/java-8-openjdk-amd64/jre/lib/resources.jar:/usr/lib/jvm/java-8-openjdk-amd64/jre/lib/rt.jar:/usr/lib/jvm/java-8-openjdk-amd64/jre/lib/sunrsasign.jar:/usr/lib/jvm/java-8-openjdk-amd64/jre/lib/jsse.jar:/usr/lib/jvm/java-8-openjdk-amd64/jre/lib/jce.jar:/usr/lib/jvm/java-8-openjdk-amd64/jre/lib/charsets.jar:/usr/lib/jvm/java-8-openjdk-amd64/jre/lib/jfr.jar:/usr/lib/jvm/java-8-openjdk-amd64/jre/classes"/>
    <property name="java.vendor" value="Oracle Corporation"/>
    <property name="enforcer.skip" value="true"/>
    <property name="rat.skip" value="true"/>
    <property name="maven.home" value="/usr/share/maven"/>
    <property name="file.separator" value="/"/>
    <property name="java.vendor.url.bug" value="http://bugreport.sun.com/bugreport/"/>
    <property name="sun.cpu.endian" value="little"/>
    <property name="sun.io.unicode.encoding" value="UnicodeLittle"/>
    <property name="sun.cpu.isalist" value=""/>
  </properties>
  <testcase classname="innovimax.mixthem.GenericTest" name="testCharRules" time="0.274">
    <error message="com.fasterxml.jackson.core.JsonParseException: Unexpected character (&apos;,&apos; (code 44)): expected a valid value (number, String, array, object, &apos;true&apos;, &apos;false&apos; or &apos;null&apos;)
 at [Source: (String)&quot;,&quot;; line: 1, column: 2]" type="java.lang.RuntimeException">java.lang.RuntimeException: com.fasterxml.jackson.core.JsonParseException: Unexpected character (&apos;,&apos; (code 44)): expected a valid value (number, String, array, object, &apos;true&apos;, &apos;false&apos; or &apos;null&apos;)
 at [Source: (String)&quot;,&quot;; line: 1, column: 2]
	at innovimax.mixthem.RuleRuns.lambda$getRuns$0(RuleRuns.java:100)
	at java.util.Iterator.forEachRemaining(Iterator.java:116)
	at java.util.Spliterators$IteratorSpliterator.forEachRemaining(Spliterators.java:1801)
	at java.util.stream.ReferencePipeline$Head.forEach(ReferencePipeline.java:580)
	at innovimax.mixthem.RuleRuns.getRuns(RuleRuns.java:47)
	at innovimax.mixthem.GenericTest.testRules(GenericTest.java:81)
	at innovimax.mixthem.GenericTest.testCharRules(GenericTest.java:40)
	at sun.reflect.NativeMethodAccessorImpl.invoke0(Native Method)
	at sun.reflect.NativeMethodAccessorImpl.invoke(NativeMethodAccessorImpl.java:62)
	at sun.reflect.DelegatingMethodAccessorImpl.invoke(DelegatingMethodAccessorImpl.java:43)
	at java.lang.reflect.Method.invoke(Method.java:498)
	at org.junit.runners.model.FrameworkMethod$1.runReflectiveCall(FrameworkMethod.java:50)
	at org.junit.internal.runners.model.ReflectiveCallable.run(ReflectiveCallable.java:12)
	at org.junit.runners.model.FrameworkMethod.invokeExplosively(FrameworkMethod.java:47)
	at org.junit.internal.runners.statements.InvokeMethod.evaluate(InvokeMethod.java:17)
	at org.junit.runners.ParentRunner.runLeaf(ParentRunner.java:325)
	at org.junit.runners.BlockJUnit4ClassRunner.runChild(BlockJUnit4ClassRunner.java:78)
	at org.junit.runners.BlockJUnit4ClassRunner.runChild(BlockJUnit4ClassRunner.java:57)
	at org.junit.runners.ParentRunner$3.run(ParentRunner.java:290)
	at org.junit.runners.ParentRunner$1.schedule(ParentRunner.java:71)
	at org.junit.runners.ParentRunner.runChildren(ParentRunner.java:288)
	at org.junit.runners.ParentRunner.access$000(ParentRunner.java:58)
	at org.junit.runners.ParentRunner$2.evaluate(ParentRunner.java:268)
	at org.junit.runners.ParentRunner.run(ParentRunner.java:363)
	at org.apache.maven.surefire.junit4.JUnit4Provider.execute(JUnit4Provider.java:252)
	at org.apache.maven.surefire.junit4.JUnit4Provider.executeTestSet(JUnit4Provider.java:141)
	at org.apache.maven.surefire.junit4.JUnit4Provider.invoke(JUnit4Provider.java:112)
	at sun.reflect.NativeMethodAccessorImpl.invoke0(Native Method)
	at sun.reflect.NativeMethodAccessorImpl.invoke(NativeMethodAccessorImpl.java:62)
	at sun.reflect.DelegatingMethodAccessorImpl.invoke(DelegatingMethodAccessorImpl.java:43)
	at java.lang.reflect.Method.invoke(Method.java:498)
	at org.apache.maven.surefire.util.ReflectionUtils.invokeMethodWithArray(ReflectionUtils.java:189)
	at org.apache.maven.surefire.booter.ProviderFactory$ProviderProxy.invoke(ProviderFactory.java:165)
	at org.apache.maven.surefire.booter.ProviderFactory.invokeProvider(ProviderFactory.java:85)
	at org.apache.maven.surefire.booter.ForkedBooter.runSuitesInProcess(ForkedBooter.java:115)
	at org.apache.maven.surefire.booter.ForkedBooter.main(ForkedBooter.java:75)
Caused by: com.fasterxml.jackson.core.JsonParseException: Unexpected character (&apos;,&apos; (code 44)): expected a valid value (number, String, array, object, &apos;true&apos;, &apos;false&apos; or &apos;null&apos;)
 at [Source: (String)&quot;,&quot;; line: 1, column: 2]
	at com.fasterxml.jackson.core.JsonParser._constructError(JsonParser.java:1804)
	at com.fasterxml.jackson.core.base.ParserMinimalBase._reportError(ParserMinimalBase.java:663)
	at com.fasterxml.jackson.core.base.ParserMinimalBase._reportUnexpectedChar(ParserMinimalBase.java:561)
	at com.fasterxml.jackson.core.json.ReaderBasedJsonParser._handleOddValue(ReaderBasedJsonParser.java:1892)
	at com.fasterxml.jackson.core.json.ReaderBasedJsonParser.nextToken(ReaderBasedJsonParser.java:747)
	at com.fasterxml.jackson.databind.ObjectMapper._readTreeAndClose(ObjectMapper.java:4030)
	at com.fasterxml.jackson.databind.ObjectMapper.readTree(ObjectMapper.java:2539)
	at innovimax.mixthem.RuleRuns.lambda$getRuns$0(RuleRuns.java:55)
	... 35 more
</error>
    <system-out>1
2
3
4
5
6
7
8
9
10
A
B
C
D
E
F
G
H
I
J
K
L
M
N
1
B
3
D
5
F
7
H
9
J
K
L
M
N
&gt;&gt;&gt; JSON={&quot;seed&quot;:1789}
A
B
C
4
E
F
G
8
9
J
K
L
M
N
A
B
C
4
E
F
G
8
9
J
K
L
M
N
1B3D5F7H9JKLMN
&gt;&gt;&gt; JSON={&quot;seed&quot;:1789}
ABC4EFG89JKLMN
ABC4EFG89JKLMN
&gt;&gt;&gt; JSON={&quot;cols&quot;:&quot;2&quot;}
&gt;&gt;&gt; JSON={&quot;cols&quot;:&quot;4,3&quot;}
1 25.00 Red Beaunes France 25.00 Beaunes Great!
2 15.50 White Reisling Germany 15.50 Reisling Terrible!
3 8.90 Red Riocha Spain 8.90 Riocha Meh
25.00 1 Red Beaunes France 1 Beaunes Great!
15.50 2 White Reisling Germany 2 Reisling Terrible!
8.90 3 Red Riocha Spain 3 Riocha Meh
Beaunes 1 25.00 Red France 1 25.00 Great!
Reisling 2 15.50 White Germany 2 15.50 Terrible!
Riocha 3 8.90 Red Spain 3 8.90 Meh
</system-out>
    <system-err>[INFO] MixThem: TEST [CHAR] N° 1***********************************************************
[INFO] MixThem: File 1: file:/root/workspace/Innovimax-SARL/mix-them/384672958/target/test-classes/innovimax/mixthem/test001_file1.txt
[INFO] MixThem: File 2: file:/root/workspace/Innovimax-SARL/mix-them/384672958/target/test-classes/innovimax/mixthem/test001_file2.txt
[INFO] MixThem: --------------------------------------------------------------------
[INFO] MixThem: Result file : file:/root/workspace/Innovimax-SARL/mix-them/384672958/target/test-classes/innovimax/mixthem/test001_output-add.txt
[INFO] MixThem: --------------------------------------------------------------------
[INFO] MixThem: Run and check result...
[INFO] MixThem: Started mixing for [char] rule &apos;+&apos;...
[INFO] MixThem: Ended mixing for [char] rule &apos;+&apos;.
[INFO] MixThem: Run and print result...
[INFO] MixThem: Started mixing for [char] rule &apos;+&apos;...
[INFO] MixThem: Ended mixing for [char] rule &apos;+&apos;.
[INFO] MixThem: Run pass with params {}
[INFO] MixThem: --------------------------------------------------------------------
[INFO] MixThem: Result file : file:/root/workspace/Innovimax-SARL/mix-them/384672958/target/test-classes/innovimax/mixthem/test001_output-altline.txt
[INFO] MixThem: --------------------------------------------------------------------
[INFO] MixThem: Run and check result...
[INFO] MixThem: Started mixing for [char] rule &apos;alt-line&apos;...
[INFO] MixThem: Ended mixing for [char] rule &apos;alt-line&apos;.
[INFO] MixThem: Run and print result...
[INFO] MixThem: Started mixing for [char] rule &apos;alt-line&apos;...
[INFO] MixThem: Ended mixing for [char] rule &apos;alt-line&apos;.
[INFO] MixThem: Run pass with params {}
[INFO] MixThem: --------------------------------------------------------------------
[INFO] MixThem: Params file : file:/root/workspace/Innovimax-SARL/mix-them/384672958/target/test-classes/innovimax/mixthem/test001_params-random-altline.txt
[INFO] MixThem: Result file : file:/root/workspace/Innovimax-SARL/mix-them/384672958/target/test-classes/innovimax/mixthem/test001_output-random-altline.txt
[INFO] MixThem: --------------------------------------------------------------------
[INFO] MixThem: Run and check result...
[INFO] MixThem: Started mixing for [char] rule &apos;random-alt-line&apos;...
[INFO] MixThem: Ended mixing for [char] rule &apos;random-alt-line&apos;.
[INFO] MixThem: Run and print result...
[INFO] MixThem: Started mixing for [char] rule &apos;random-alt-line&apos;...
[INFO] MixThem: Ended mixing for [char] rule &apos;random-alt-line&apos;.
[INFO] MixThem: Run pass with params {}
[INFO] MixThem: --------------------------------------------------------------------
[INFO] MixThem: Params file : file:/root/workspace/Innovimax-SARL/mix-them/384672958/target/test-classes/innovimax/mixthem/test001_params-random-altline.txt
[INFO] MixThem: Result file : file:/root/workspace/Innovimax-SARL/mix-them/384672958/target/test-classes/innovimax/mixthem/test001_output-random-altline.txt
[INFO] MixThem: --------------------------------------------------------------------
[INFO] MixThem: Run and check result...
[INFO] MixThem: Started mixing for [char] rule &apos;random-alt-line&apos;...
[INFO] MixThem: Ended mixing for [char] rule &apos;random-alt-line&apos;.
[INFO] MixThem: Run and print result...
[INFO] MixThem: Started mixing for [char] rule &apos;random-alt-line&apos;...
[INFO] MixThem: Ended mixing for [char] rule &apos;random-alt-line&apos;.
[INFO] MixThem: Run pass with params {RANDOM_SEED=1789}
[INFO] MixThem: TEST [CHAR] N° 2***********************************************************
[INFO] MixThem: File 1: file:/root/workspace/Innovimax-SARL/mix-them/384672958/target/test-classes/innovimax/mixthem/test002_file1.txt
[INFO] MixThem: File 2: file:/root/workspace/Innovimax-SARL/mix-them/384672958/target/test-classes/innovimax/mixthem/test002_file2.txt
[INFO] MixThem: --------------------------------------------------------------------
[INFO] MixThem: Result file : file:/root/workspace/Innovimax-SARL/mix-them/384672958/target/test-classes/innovimax/mixthem/test002_output-altchar.txt
[INFO] MixThem: --------------------------------------------------------------------
[INFO] MixThem: Run and check result...
[INFO] MixThem: Started mixing for [char] rule &apos;alt-char&apos;...
[INFO] MixThem: Ended mixing for [char] rule &apos;alt-char&apos;.
[INFO] MixThem: Run and print result...
[INFO] MixThem: Started mixing for [char] rule &apos;alt-char&apos;...
[INFO] MixThem: Ended mixing for [char] rule &apos;alt-char&apos;.
[INFO] MixThem: Run pass with params {}
[INFO] MixThem: --------------------------------------------------------------------
[INFO] MixThem: Params file : file:/root/workspace/Innovimax-SARL/mix-them/384672958/target/test-classes/innovimax/mixthem/test002_params-random-altchar.txt
[INFO] MixThem: Result file : file:/root/workspace/Innovimax-SARL/mix-them/384672958/target/test-classes/innovimax/mixthem/test002_output-random-altchar.txt
[INFO] MixThem: --------------------------------------------------------------------
[INFO] MixThem: Run and check result...
[INFO] MixThem: Started mixing for [char] rule &apos;random-alt-char&apos;...
[INFO] MixThem: Ended mixing for [char] rule &apos;random-alt-char&apos;.
[INFO] MixThem: Run and print result...
[INFO] MixThem: Started mixing for [char] rule &apos;random-alt-char&apos;...
[INFO] MixThem: Ended mixing for [char] rule &apos;random-alt-char&apos;.
[INFO] MixThem: Run pass with params {}
[INFO] MixThem: --------------------------------------------------------------------
[INFO] MixThem: Params file : file:/root/workspace/Innovimax-SARL/mix-them/384672958/target/test-classes/innovimax/mixthem/test002_params-random-altchar.txt
[INFO] MixThem: Result file : file:/root/workspace/Innovimax-SARL/mix-them/384672958/target/test-classes/innovimax/mixthem/test002_output-random-altchar.txt
[INFO] MixThem: --------------------------------------------------------------------
[INFO] MixThem: Run and check result...
[INFO] MixThem: Started mixing for [char] rule &apos;random-alt-char&apos;...
[INFO] MixThem: Ended mixing for [char] rule &apos;random-alt-char&apos;.
[INFO] MixThem: Run and print result...
[INFO] MixThem: Started mixing for [char] rule &apos;random-alt-char&apos;...
[INFO] MixThem: Ended mixing for [char] rule &apos;random-alt-char&apos;.
[INFO] MixThem: Run pass with params {RANDOM_SEED=1789}
[INFO] MixThem: TEST [CHAR] N° 3***********************************************************
[INFO] MixThem: File 1: file:/root/workspace/Innovimax-SARL/mix-them/384672958/target/test-classes/innovimax/mixthem/test003_file1.txt
[INFO] MixThem: File 2: file:/root/workspace/Innovimax-SARL/mix-them/384672958/target/test-classes/innovimax/mixthem/test003_file2.txt
[INFO] MixThem: --------------------------------------------------------------------
[INFO] MixThem: Params file : file:/root/workspace/Innovimax-SARL/mix-them/384672958/target/test-classes/innovimax/mixthem/test003_params-join.txt
[INFO] MixThem: Result file : file:/root/workspace/Innovimax-SARL/mix-them/384672958/target/test-classes/innovimax/mixthem/test003_output-join.txt
[INFO] MixThem: --------------------------------------------------------------------
[INFO] MixThem: Run and check result...
[INFO] MixThem: Started mixing for [char] rule &apos;join&apos;...
[INFO] MixThem: Ended mixing for [char] rule &apos;join&apos;.
[INFO] MixThem: Run and print result...
[INFO] MixThem: Started mixing for [char] rule &apos;join&apos;...
[INFO] MixThem: Ended mixing for [char] rule &apos;join&apos;.
[INFO] MixThem: Run pass with params {}
[INFO] MixThem: --------------------------------------------------------------------
[INFO] MixThem: Params file : file:/root/workspace/Innovimax-SARL/mix-them/384672958/target/test-classes/innovimax/mixthem/test003_params-join.txt
[INFO] MixThem: Result file : file:/root/workspace/Innovimax-SARL/mix-them/384672958/target/test-classes/innovimax/mixthem/test003_output-join-2.txt
[INFO] MixThem: --------------------------------------------------------------------
[INFO] MixThem: Run and check result...
[INFO] MixThem: Started mixing for [char] rule &apos;join&apos;...
[INFO] MixThem: Ended mixing for [char] rule &apos;join&apos;.
[INFO] MixThem: Run and print result...
[INFO] MixThem: Started mixing for [char] rule &apos;join&apos;...
[INFO] MixThem: Ended mixing for [char] rule &apos;join&apos;.
[INFO] MixThem: Run pass with params {JOIN_COLS=[2]}
[INFO] MixThem: --------------------------------------------------------------------
[INFO] MixThem: Params file : file:/root/workspace/Innovimax-SARL/mix-them/384672958/target/test-classes/innovimax/mixthem/test003_params-join.txt
[INFO] MixThem: Result file : file:/root/workspace/Innovimax-SARL/mix-them/384672958/target/test-classes/innovimax/mixthem/test003_output-join-3.txt
[INFO] MixThem: --------------------------------------------------------------------
[INFO] MixThem: Run and check result...
[INFO] MixThem: Started mixing for [char] rule &apos;join&apos;...
[INFO] MixThem: Ended mixing for [char] rule &apos;join&apos;.
[INFO] MixThem: Run and print result...
[INFO] MixThem: Started mixing for [char] rule &apos;join&apos;...
[INFO] MixThem: Ended mixing for [char] rule &apos;join&apos;.
[INFO] MixThem: Run pass with params {JOIN_COLS=[4, 3]}
[INFO] MixThem: TEST [CHAR] N° 4***********************************************************
[INFO] MixThem: File 1: file:/root/workspace/Innovimax-SARL/mix-them/384672958/target/test-classes/innovimax/mixthem/test004_file1.txt
[INFO] MixThem: File 2: file:/root/workspace/Innovimax-SARL/mix-them/384672958/target/test-classes/innovimax/mixthem/test004_file2.txt
</system-err>
  </testcase>
  <testcase classname="innovimax.mixthem.GenericTest" name="testBytesRules" time="0.045">
    <error message="com.fasterxml.jackson.core.JsonParseException: Unexpected character (&apos;,&apos; (code 44)): Expected space separating root-level values
 at [Source: (String)&quot;2,4&quot;; line: 1, column: 3]" type="java.lang.RuntimeException">java.lang.RuntimeException: com.fasterxml.jackson.core.JsonParseException: Unexpected character (&apos;,&apos; (code 44)): Expected space separating root-level values
 at [Source: (String)&quot;2,4&quot;; line: 1, column: 3]
	at innovimax.mixthem.RuleRuns.lambda$getRuns$0(RuleRuns.java:100)
	at java.util.Iterator.forEachRemaining(Iterator.java:116)
	at java.util.Spliterators$IteratorSpliterator.forEachRemaining(Spliterators.java:1801)
	at java.util.stream.ReferencePipeline$Head.forEach(ReferencePipeline.java:580)
	at innovimax.mixthem.RuleRuns.getRuns(RuleRuns.java:47)
	at innovimax.mixthem.GenericTest.testRules(GenericTest.java:81)
	at innovimax.mixthem.GenericTest.testBytesRules(GenericTest.java:45)
	at sun.reflect.NativeMethodAccessorImpl.invoke0(Native Method)
	at sun.reflect.NativeMethodAccessorImpl.invoke(NativeMethodAccessorImpl.java:62)
	at sun.reflect.DelegatingMethodAccessorImpl.invoke(DelegatingMethodAccessorImpl.java:43)
	at java.lang.reflect.Method.invoke(Method.java:498)
	at org.junit.runners.model.FrameworkMethod$1.runReflectiveCall(FrameworkMethod.java:50)
	at org.junit.internal.runners.model.ReflectiveCallable.run(ReflectiveCallable.java:12)
	at org.junit.runners.model.FrameworkMethod.invokeExplosively(FrameworkMethod.java:47)
	at org.junit.internal.runners.statements.InvokeMethod.evaluate(InvokeMethod.java:17)
	at org.junit.runners.ParentRunner.runLeaf(ParentRunner.java:325)
	at org.junit.runners.BlockJUnit4ClassRunner.runChild(BlockJUnit4ClassRunner.java:78)
	at org.junit.runners.BlockJUnit4ClassRunner.runChild(BlockJUnit4ClassRunner.java:57)
	at org.junit.runners.ParentRunner$3.run(ParentRunner.java:290)
	at org.junit.runners.ParentRunner$1.schedule(ParentRunner.java:71)
	at org.junit.runners.ParentRunner.runChildren(ParentRunner.java:288)
	at org.junit.runners.ParentRunner.access$000(ParentRunner.java:58)
	at org.junit.runners.ParentRunner$2.evaluate(ParentRunner.java:268)
	at org.junit.runners.ParentRunner.run(ParentRunner.java:363)
	at org.apache.maven.surefire.junit4.JUnit4Provider.execute(JUnit4Provider.java:252)
	at org.apache.maven.surefire.junit4.JUnit4Provider.executeTestSet(JUnit4Provider.java:141)
	at org.apache.maven.surefire.junit4.JUnit4Provider.invoke(JUnit4Provider.java:112)
	at sun.reflect.NativeMethodAccessorImpl.invoke0(Native Method)
	at sun.reflect.NativeMethodAccessorImpl.invoke(NativeMethodAccessorImpl.java:62)
	at sun.reflect.DelegatingMethodAccessorImpl.invoke(DelegatingMethodAccessorImpl.java:43)
	at java.lang.reflect.Method.invoke(Method.java:498)
	at org.apache.maven.surefire.util.ReflectionUtils.invokeMethodWithArray(ReflectionUtils.java:189)
	at org.apache.maven.surefire.booter.ProviderFactory$ProviderProxy.invoke(ProviderFactory.java:165)
	at org.apache.maven.surefire.booter.ProviderFactory.invokeProvider(ProviderFactory.java:85)
	at org.apache.maven.surefire.booter.ForkedBooter.runSuitesInProcess(ForkedBooter.java:115)
	at org.apache.maven.surefire.booter.ForkedBooter.main(ForkedBooter.java:75)
Caused by: com.fasterxml.jackson.core.JsonParseException: Unexpected character (&apos;,&apos; (code 44)): Expected space separating root-level values
 at [Source: (String)&quot;2,4&quot;; line: 1, column: 3]
	at com.fasterxml.jackson.core.JsonParser._constructError(JsonParser.java:1804)
	at com.fasterxml.jackson.core.base.ParserMinimalBase._reportError(ParserMinimalBase.java:663)
	at com.fasterxml.jackson.core.base.ParserMinimalBase._reportUnexpectedChar(ParserMinimalBase.java:561)
	at com.fasterxml.jackson.core.base.ParserMinimalBase._reportMissingRootWS(ParserMinimalBase.java:608)
	at com.fasterxml.jackson.core.json.ReaderBasedJsonParser._verifyRootSpace(ReaderBasedJsonParser.java:1654)
	at com.fasterxml.jackson.core.json.ReaderBasedJsonParser._parsePosNumber(ReaderBasedJsonParser.java:1297)
	at com.fasterxml.jackson.core.json.ReaderBasedJsonParser.nextToken(ReaderBasedJsonParser.java:744)
	at com.fasterxml.jackson.databind.ObjectMapper._readTreeAndClose(ObjectMapper.java:4030)
	at com.fasterxml.jackson.databind.ObjectMapper.readTree(ObjectMapper.java:2539)
	at innovimax.mixthem.RuleRuns.lambda$getRuns$0(RuleRuns.java:55)
	... 35 more
</error>
    <system-out>1
2
3
4
5
6
7
8
9
10
A
B
C
D
E
F
G
H
I
J
K
L
M
N
1B3D5F7H9JKLMN
&gt;&gt;&gt; JSON={&quot;seed&quot;:1789}
ABC4EFG89JKLMN
ABC4EFG89JKLMN
1B3D5F7H
JKM
NOP
1Bc4
f7h9jk
1B3d5f78ijk
</system-out>
    <system-err>[INFO] MixThem: TEST [BYTE] N° 1***********************************************************
[INFO] MixThem: File 1: file:/root/workspace/Innovimax-SARL/mix-them/384672958/target/test-classes/innovimax/mixthem/test001_file1.txt
[INFO] MixThem: File 2: file:/root/workspace/Innovimax-SARL/mix-them/384672958/target/test-classes/innovimax/mixthem/test001_file2.txt
[INFO] MixThem: --------------------------------------------------------------------
[INFO] MixThem: Result file : file:/root/workspace/Innovimax-SARL/mix-them/384672958/target/test-classes/innovimax/mixthem/test001_output-add.txt
[INFO] MixThem: --------------------------------------------------------------------
[INFO] MixThem: Run and check result...
[INFO] MixThem: Started mixing for [byte] rule &apos;+&apos;...
[INFO] MixThem: Ended mixing for [byte] rule &apos;+&apos;.
[INFO] MixThem: Run and print result...
[INFO] MixThem: Started mixing for [byte] rule &apos;+&apos;...
[INFO] MixThem: Ended mixing for [byte] rule &apos;+&apos;.
[INFO] MixThem: Run pass with params {}
[INFO] MixThem: TEST [BYTE] N° 2***********************************************************
[INFO] MixThem: File 1: file:/root/workspace/Innovimax-SARL/mix-them/384672958/target/test-classes/innovimax/mixthem/test002_file1.txt
[INFO] MixThem: File 2: file:/root/workspace/Innovimax-SARL/mix-them/384672958/target/test-classes/innovimax/mixthem/test002_file2.txt
[INFO] MixThem: --------------------------------------------------------------------
[INFO] MixThem: Result file : file:/root/workspace/Innovimax-SARL/mix-them/384672958/target/test-classes/innovimax/mixthem/test002_output-altbyte.txt
[INFO] MixThem: --------------------------------------------------------------------
[INFO] MixThem: Run and check result...
[INFO] MixThem: Started mixing for [byte] rule &apos;alt-byte&apos;...
[INFO] MixThem: Ended mixing for [byte] rule &apos;alt-byte&apos;.
[INFO] MixThem: Run and print result...
[INFO] MixThem: Started mixing for [byte] rule &apos;alt-byte&apos;...
[INFO] MixThem: Ended mixing for [byte] rule &apos;alt-byte&apos;.
[INFO] MixThem: Run pass with params {}
[INFO] MixThem: --------------------------------------------------------------------
[INFO] MixThem: Params file : file:/root/workspace/Innovimax-SARL/mix-them/384672958/target/test-classes/innovimax/mixthem/test002_params-random-altbyte.txt
[INFO] MixThem: Result file : file:/root/workspace/Innovimax-SARL/mix-them/384672958/target/test-classes/innovimax/mixthem/test002_output-random-altbyte.txt
[INFO] MixThem: --------------------------------------------------------------------
[INFO] MixThem: Run and check result...
[INFO] MixThem: Started mixing for [byte] rule &apos;random-alt-byte&apos;...
[INFO] MixThem: Ended mixing for [byte] rule &apos;random-alt-byte&apos;.
[INFO] MixThem: Run and print result...
[INFO] MixThem: Started mixing for [byte] rule &apos;random-alt-byte&apos;...
[INFO] MixThem: Ended mixing for [byte] rule &apos;random-alt-byte&apos;.
[INFO] MixThem: Run pass with params {}
[INFO] MixThem: --------------------------------------------------------------------
[INFO] MixThem: Params file : file:/root/workspace/Innovimax-SARL/mix-them/384672958/target/test-classes/innovimax/mixthem/test002_params-random-altbyte.txt
[INFO] MixThem: Result file : file:/root/workspace/Innovimax-SARL/mix-them/384672958/target/test-classes/innovimax/mixthem/test002_output-random-altbyte.txt
[INFO] MixThem: --------------------------------------------------------------------
[INFO] MixThem: Run and check result...
[INFO] MixThem: Started mixing for [byte] rule &apos;random-alt-byte&apos;...
[INFO] MixThem: Ended mixing for [byte] rule &apos;random-alt-byte&apos;.
[INFO] MixThem: Run and print result...
[INFO] MixThem: Started mixing for [byte] rule &apos;random-alt-byte&apos;...
[INFO] MixThem: Ended mixing for [byte] rule &apos;random-alt-byte&apos;.
[INFO] MixThem: Run pass with params {RANDOM_SEED=1789}
[INFO] MixThem: TEST [BYTE] N° 3***********************************************************
[INFO] MixThem: File 1: file:/root/workspace/Innovimax-SARL/mix-them/384672958/target/test-classes/innovimax/mixthem/test003_file1.txt
[INFO] MixThem: File 2: file:/root/workspace/Innovimax-SARL/mix-them/384672958/target/test-classes/innovimax/mixthem/test003_file2.txt
[INFO] MixThem: TEST [BYTE] N° 4***********************************************************
[INFO] MixThem: File 1: file:/root/workspace/Innovimax-SARL/mix-them/384672958/target/test-classes/innovimax/mixthem/test004_file1.txt
[INFO] MixThem: File 2: file:/root/workspace/Innovimax-SARL/mix-them/384672958/target/test-classes/innovimax/mixthem/test004_file2.txt
[INFO] MixThem: TEST [BYTE] N° 5***********************************************************
[INFO] MixThem: File 1: file:/root/workspace/Innovimax-SARL/mix-them/384672958/target/test-classes/innovimax/mixthem/test005_file1.txt
[INFO] MixThem: File 2: file:/root/workspace/Innovimax-SARL/mix-them/384672958/target/test-classes/innovimax/mixthem/test005_file2.txt
[INFO] MixThem: TEST [BYTE] N° 6***********************************************************
[INFO] MixThem: File 1: file:/root/workspace/Innovimax-SARL/mix-them/384672958/target/test-classes/innovimax/mixthem/test006_file1.txt
[INFO] MixThem: File 2: file:/root/workspace/Innovimax-SARL/mix-them/384672958/target/test-classes/innovimax/mixthem/test006_file2.txt
[INFO] MixThem: TEST [BYTE] N° 7***********************************************************
[INFO] MixThem: File 1: file:/root/workspace/Innovimax-SARL/mix-them/384672958/target/test-classes/innovimax/mixthem/test007_file1.txt
[INFO] MixThem: File 2: file:/root/workspace/Innovimax-SARL/mix-them/384672958/target/test-classes/innovimax/mixthem/test007_file2.txt
[INFO] MixThem: TEST [BYTE] N° 8***********************************************************
[INFO] MixThem: File 1: file:/root/workspace/Innovimax-SARL/mix-them/384672958/target/test-classes/innovimax/mixthem/test008_file1.txt
[INFO] MixThem: File 2: file:/root/workspace/Innovimax-SARL/mix-them/384672958/target/test-classes/innovimax/mixthem/test008_file2.txt
[INFO] MixThem: TEST [BYTE] N° 9***********************************************************
[INFO] MixThem: File 1: file:/root/workspace/Innovimax-SARL/mix-them/384672958/target/test-classes/innovimax/mixthem/test009_file1.txt
[INFO] MixThem: File 2: file:/root/workspace/Innovimax-SARL/mix-them/384672958/target/test-classes/innovimax/mixthem/test009_file2.txt
[INFO] MixThem: TEST [BYTE] N° 10***********************************************************
[INFO] MixThem: File 1: file:/root/workspace/Innovimax-SARL/mix-them/384672958/target/test-classes/innovimax/mixthem/test010_file1.txt
[INFO] MixThem: File 2: file:/root/workspace/Innovimax-SARL/mix-them/384672958/target/test-classes/innovimax/mixthem/test010_file2.txt
[INFO] MixThem: TEST [BYTE] N° 11***********************************************************
[INFO] MixThem: File 1: file:/root/workspace/Innovimax-SARL/mix-them/384672958/target/test-classes/innovimax/mixthem/test011_file1.txt
[INFO] MixThem: File 2: file:/root/workspace/Innovimax-SARL/mix-them/384672958/target/test-classes/innovimax/mixthem/test011_file2.txt
[INFO] MixThem: TEST [BYTE] N° 12***********************************************************
[INFO] MixThem: File 1: file:/root/workspace/Innovimax-SARL/mix-them/384672958/target/test-classes/innovimax/mixthem/test012_file1.txt
[INFO] MixThem: File 2: file:/root/workspace/Innovimax-SARL/mix-them/384672958/target/test-classes/innovimax/mixthem/test012_file2.txt
[INFO] MixThem: TEST [BYTE] N° 13***********************************************************
[INFO] MixThem: File 1: file:/root/workspace/Innovimax-SARL/mix-them/384672958/target/test-classes/innovimax/mixthem/test013_file1.txt
[INFO] MixThem: File 2: file:/root/workspace/Innovimax-SARL/mix-them/384672958/target/test-classes/innovimax/mixthem/test013_file2.txt
[INFO] MixThem: TEST [BYTE] N° 14***********************************************************
[INFO] MixThem: File 1: file:/root/workspace/Innovimax-SARL/mix-them/384672958/target/test-classes/innovimax/mixthem/test014_file1.txt
[INFO] MixThem: File 2: file:/root/workspace/Innovimax-SARL/mix-them/384672958/target/test-classes/innovimax/mixthem/test014_file2.txt
[INFO] MixThem: TEST [BYTE] N° 15***********************************************************
[INFO] MixThem: File 1: file:/root/workspace/Innovimax-SARL/mix-them/384672958/target/test-classes/innovimax/mixthem/test015_file1.txt
[INFO] MixThem: File 2: file:/root/workspace/Innovimax-SARL/mix-them/384672958/target/test-classes/innovimax/mixthem/test015_file2.txt
[INFO] MixThem: TEST [BYTE] N° 16***********************************************************
[INFO] MixThem: File 1: file:/root/workspace/Innovimax-SARL/mix-them/384672958/target/test-classes/innovimax/mixthem/test016_file1.txt
[INFO] MixThem: File 2: file:/root/workspace/Innovimax-SARL/mix-them/384672958/target/test-classes/innovimax/mixthem/test016_file2.txt
[INFO] MixThem: TEST [BYTE] N° 17***********************************************************
[INFO] MixThem: File 1: file:/root/workspace/Innovimax-SARL/mix-them/384672958/target/test-classes/innovimax/mixthem/test017_file1.txt
[INFO] MixThem: File 2: file:/root/workspace/Innovimax-SARL/mix-them/384672958/target/test-classes/innovimax/mixthem/test017_file2.txt
[INFO] MixThem: TEST [BYTE] N° 18***********************************************************
[INFO] MixThem: Locked!!!
[INFO] MixThem: TEST [BYTE] N° 19***********************************************************
[INFO] MixThem: File 1: file:/root/workspace/Innovimax-SARL/mix-them/384672958/target/test-classes/innovimax/mixthem/test019_file1.txt
[INFO] MixThem: File 2: file:/root/workspace/Innovimax-SARL/mix-them/384672958/target/test-classes/innovimax/mixthem/test019_file2.txt
[INFO] MixThem: --------------------------------------------------------------------
[INFO] MixThem: Result file : file:/root/workspace/Innovimax-SARL/mix-them/384672958/target/test-classes/innovimax/mixthem/test019_output-altbyte.txt
[INFO] MixThem: --------------------------------------------------------------------
[INFO] MixThem: Run and check result...
[INFO] MixThem: Started mixing for [byte] rule &apos;alt-byte&apos;...
[INFO] MixThem: Ended mixing for [byte] rule &apos;alt-byte&apos;.
[INFO] MixThem: Run and print result...
[INFO] MixThem: Started mixing for [byte] rule &apos;alt-byte&apos;...
[INFO] MixThem: Ended mixing for [byte] rule &apos;alt-byte&apos;.
[INFO] MixThem: Run pass with params {}
[INFO] MixThem: TEST [BYTE] N° 20***********************************************************
[INFO] MixThem: File 1: file:/root/workspace/Innovimax-SARL/mix-them/384672958/target/test-classes/innovimax/mixthem/test020_file1.txt
[INFO] MixThem: File 2: file:/root/workspace/Innovimax-SARL/mix-them/384672958/target/test-classes/innovimax/mixthem/test020_file2.txt
[INFO] MixThem: File 3: file:/root/workspace/Innovimax-SARL/mix-them/384672958/target/test-classes/innovimax/mixthem/test020_file3.txt
[INFO] MixThem: --------------------------------------------------------------------
[INFO] MixThem: Result file : file:/root/workspace/Innovimax-SARL/mix-them/384672958/target/test-classes/innovimax/mixthem/test020_output-altbyte.txt
[INFO] MixThem: --------------------------------------------------------------------
[INFO] MixThem: Run and check result...
[INFO] MixThem: Started mixing for [byte] rule &apos;alt-byte&apos;...
[INFO] MixThem: Ended mixing for [byte] rule &apos;alt-byte&apos;.
[INFO] MixThem: Run and print result...
[INFO] MixThem: Started mixing for [byte] rule &apos;alt-byte&apos;...
[INFO] MixThem: Ended mixing for [byte] rule &apos;alt-byte&apos;.
[INFO] MixThem: Run pass with params {}
[INFO] MixThem: --------------------------------------------------------------------
[INFO] MixThem: Result file : file:/root/workspace/Innovimax-SARL/mix-them/384672958/target/test-classes/innovimax/mixthem/test020_output-random-altbyte.txt
[INFO] MixThem: --------------------------------------------------------------------
[INFO] MixThem: Run and check result...
[INFO] MixThem: Started mixing for [byte] rule &apos;random-alt-byte&apos;...
[INFO] MixThem: Ended mixing for [byte] rule &apos;random-alt-byte&apos;.
[INFO] MixThem: Run and print result...
[INFO] MixThem: Started mixing for [byte] rule &apos;random-alt-byte&apos;...
[INFO] MixThem: Ended mixing for [byte] rule &apos;random-alt-byte&apos;.
[INFO] MixThem: Run pass with params {}
[INFO] MixThem: TEST [BYTE] N° 21***********************************************************
[INFO] MixThem: File 1: file:/root/workspace/Innovimax-SARL/mix-them/384672958/target/test-classes/innovimax/mixthem/test021_file1.txt
[INFO] MixThem: File 2: file:/root/workspace/Innovimax-SARL/mix-them/384672958/target/test-classes/innovimax/mixthem/test021_file2.txt
[INFO] MixThem: File 3: file:/root/workspace/Innovimax-SARL/mix-them/384672958/target/test-classes/innovimax/mixthem/test021_file3.txt
[INFO] MixThem: File 4: file:/root/workspace/Innovimax-SARL/mix-them/384672958/target/test-classes/innovimax/mixthem/test021_file4.txt
[INFO] MixThem: File 5: file:/root/workspace/Innovimax-SARL/mix-them/384672958/target/test-classes/innovimax/mixthem/test021_file5.txt
</system-err>
  </testcase>
</testsuite>