<?xml version="1.0" encoding="UTF-8" ?>
<testsuite tests="76" failures="0" name="jcrapi.ApiTest" time="0.069" errors="0" skipped="0">
  <properties>
    <property name="java.runtime.name" value="OpenJDK Runtime Environment"/>
    <property name="sun.boot.library.path" value="/usr/lib/jvm/java-8-openjdk-amd64/jre/lib/amd64"/>
    <property name="java.vm.version" value="25.121-b13"/>
    <property name="java.vm.vendor" value="Oracle Corporation"/>
    <property name="maven.multiModuleProjectDirectory" value="/root/workspace/mlieshoff/jcrapi/345368867"/>
    <property name="java.vendor.url" value="http://java.oracle.com/"/>
    <property name="path.separator" value=":"/>
    <property name="guice.disable.misplaced.annotation.check" value="true"/>
    <property name="java.vm.name" value="OpenJDK 64-Bit Server VM"/>
    <property name="file.encoding.pkg" value="sun.io"/>
    <property name="sun.java.launcher" value="SUN_STANDARD"/>
    <property name="sun.os.patch.level" value="unknown"/>
    <property name="findbugs.skip" value="true"/>
    <property name="java.vm.specification.name" value="Java Virtual Machine Specification"/>
    <property name="user.dir" value="/root/workspace/mlieshoff/jcrapi/345368867"/>
    <property name="checkstyle.skip" value="true"/>
    <property name="java.runtime.version" value="1.8.0_121-8u121-b13-1~bpo8+1-b13"/>
    <property name="java.awt.graphicsenv" value="sun.awt.X11GraphicsEnvironment"/>
    <property name="java.endorsed.dirs" value="/usr/lib/jvm/java-8-openjdk-amd64/jre/lib/endorsed"/>
    <property name="os.arch" value="amd64"/>
    <property name="java.io.tmpdir" value="/tmp"/>
    <property name="gpg.skip" value="true"/>
    <property name="line.separator" value="
"/>
    <property name="java.vm.specification.vendor" value="Oracle Corporation"/>
    <property name="cobertura.skip" value="true"/>
    <property name="os.name" value="Linux"/>
    <property name="classworlds.conf" value="/usr/share/maven/bin/m2.conf"/>
    <property name="sun.jnu.encoding" value="UTF-8"/>
    <property name="java.library.path" value="/usr/java/packages/lib/amd64:/usr/lib/x86_64-linux-gnu/jni:/lib/x86_64-linux-gnu:/usr/lib/x86_64-linux-gnu:/usr/lib/jni:/lib:/usr/lib"/>
    <property name="license.skip" value="true"/>
    <property name="java.specification.name" value="Java Platform API Specification"/>
    <property name="java.class.version" value="52.0"/>
    <property name="sun.management.compiler" value="HotSpot 64-Bit Tiered Compilers"/>
    <property name="maven.repo.local" value="/root/./workspace/mlieshoff/jcrapi/345368867/.m2"/>
    <property name="os.version" value="3.10.0-693.17.1.el7.x86_64"/>
    <property name="user.home" value="/root"/>
    <property name="user.timezone" value="Europe/Paris"/>
    <property name="java.awt.printerjob" value="sun.print.PSPrinterJob"/>
    <property name="java.specification.version" value="1.8"/>
    <property name="file.encoding" value="UTF-8"/>
    <property name="user.name" value="root"/>
    <property name="java.class.path" value="/usr/share/maven/boot/plexus-classworlds-2.5.2.jar"/>
    <property name="skipITs" value="true"/>
    <property name="java.vm.specification.version" value="1.8"/>
    <property name="sun.arch.data.model" value="64"/>
    <property name="java.home" value="/usr/lib/jvm/java-8-openjdk-amd64/jre"/>
    <property name="sun.java.command" value="org.codehaus.plexus.classworlds.launcher.Launcher -B -D enforcer.skip=true -D skipITs=true -D cobertura.skip=true -D maven.repo.local=/root/./workspace/mlieshoff/jcrapi/345368867/.m2 -D rat.skip=true -D findbugs.skip=true -D gpg.skip=true -D checkstyle.skip=true -D license.skip=true test"/>
    <property name="java.specification.vendor" value="Oracle Corporation"/>
    <property name="user.language" value="en"/>
    <property name="awt.toolkit" value="sun.awt.X11.XToolkit"/>
    <property name="java.vm.info" value="mixed mode"/>
    <property name="java.version" value="1.8.0_121"/>
    <property name="java.ext.dirs" value="/usr/lib/jvm/java-8-openjdk-amd64/jre/lib/ext:/usr/java/packages/lib/ext"/>
    <property name="securerandom.source" value="file:/dev/./urandom"/>
    <property name="sun.boot.class.path" value="/usr/lib/jvm/java-8-openjdk-amd64/jre/lib/resources.jar:/usr/lib/jvm/java-8-openjdk-amd64/jre/lib/rt.jar:/usr/lib/jvm/java-8-openjdk-amd64/jre/lib/sunrsasign.jar:/usr/lib/jvm/java-8-openjdk-amd64/jre/lib/jsse.jar:/usr/lib/jvm/java-8-openjdk-amd64/jre/lib/jce.jar:/usr/lib/jvm/java-8-openjdk-amd64/jre/lib/charsets.jar:/usr/lib/jvm/java-8-openjdk-amd64/jre/lib/jfr.jar:/usr/lib/jvm/java-8-openjdk-amd64/jre/classes"/>
    <property name="java.vendor" value="Oracle Corporation"/>
    <property name="enforcer.skip" value="true"/>
    <property name="rat.skip" value="true"/>
    <property name="maven.home" value="/usr/share/maven"/>
    <property name="file.separator" value="/"/>
    <property name="java.vendor.url.bug" value="http://bugreport.sun.com/bugreport/"/>
    <property name="sun.cpu.endian" value="little"/>
    <property name="sun.io.unicode.encoding" value="UnicodeLittle"/>
    <property name="sun.cpu.isalist" value=""/>
  </properties>
  <testcase classname="jcrapi.ApiTest" name="failGetTournamentsFromRequest" time="0.014"/>
  <testcase classname="jcrapi.ApiTest" name="failGetClanSearchFromRequest" time="0.001"/>
  <testcase classname="jcrapi.ApiTest" name="shouldGetTopClansWithLocationFromRequest" time="0.001"/>
  <testcase classname="jcrapi.ApiTest" name="failGetTopPlayers" time="0.004"/>
  <testcase classname="jcrapi.ApiTest" name="failGetClansBecauseNullTags" time="0"/>
  <testcase classname="jcrapi.ApiTest" name="shouldGetClanBattlesFromRequest" time="0.001"/>
  <testcase classname="jcrapi.ApiTest" name="failGetClanBecauseNullRequest" time="0.001"/>
  <testcase classname="jcrapi.ApiTest" name="failGetProfilesBecauseEmptyTags" time="0"/>
  <testcase classname="jcrapi.ApiTest" name="shouldGetClanSearchWithParamsFromRequest" time="0.001"/>
  <testcase classname="jcrapi.ApiTest" name="failGetTopClansWithLocationFromRequest" time="0.001"/>
  <testcase classname="jcrapi.ApiTest" name="shouldGetClanHistory" time="0.001"/>
  <testcase classname="jcrapi.ApiTest" name="shouldGetTopPlayersWithLocationWithRequest" time="0.001"/>
  <testcase classname="jcrapi.ApiTest" name="failGetProfileBecauseNullRequest" time="0.001"/>
  <testcase classname="jcrapi.ApiTest" name="failGetClanBattles" time="0.001"/>
  <testcase classname="jcrapi.ApiTest" name="failGetClans" time="0.001"/>
  <testcase classname="jcrapi.ApiTest" name="failGetClanSearchWithParamsFromRequest" time="0.002"/>
  <testcase classname="jcrapi.ApiTest" name="failGetProfilesFromRequest" time="0.001"/>
  <testcase classname="jcrapi.ApiTest" name="failGetTournaments" time="0.001"/>
  <testcase classname="jcrapi.ApiTest" name="failGetClanSearchWithParams" time="0.001"/>
  <testcase classname="jcrapi.ApiTest" name="shouldGetClanHistoryFromRequest" time="0.001"/>
  <testcase classname="jcrapi.ApiTest" name="shouldGetTopPlayersWithRequest" time="0.001"/>
  <testcase classname="jcrapi.ApiTest" name="failGetEndpoints" time="0"/>
  <testcase classname="jcrapi.ApiTest" name="failGetProfilesBecauseNullRequest" time="0"/>
  <testcase classname="jcrapi.ApiTest" name="shouldGetTopPlayersWithLocation" time="0.001"/>
  <testcase classname="jcrapi.ApiTest" name="shouldGetProfile" time="0.001"/>
  <testcase classname="jcrapi.ApiTest" name="shouldGetProfileFromRequest" time="0.001"/>
  <testcase classname="jcrapi.ApiTest" name="failGetTournamentsBecauseNullTagFromRequest" time="0"/>
  <testcase classname="jcrapi.ApiTest" name="failGetClanFromRequest" time="0.001"/>
  <testcase classname="jcrapi.ApiTest" name="failGetClanBecauseNullTag" time="0.001"/>
  <testcase classname="jcrapi.ApiTest" name="failGetPopularTournaments" time="0"/>
  <testcase classname="jcrapi.ApiTest" name="failGetTopClansFromRequest" time="0.001"/>
  <testcase classname="jcrapi.ApiTest" name="failGetTopPlayersWithRequest" time="0.001"/>
  <testcase classname="jcrapi.ApiTest" name="failGetTournamentsBecauseEmptyTag" time="0"/>
  <testcase classname="jcrapi.ApiTest" name="failCreateBecauseNullUrl" time="0.001"/>
  <testcase classname="jcrapi.ApiTest" name="failGetClan" time="0.001"/>
  <testcase classname="jcrapi.ApiTest" name="failGetTopPlayersWithLocationWithRequest" time="0"/>
  <testcase classname="jcrapi.ApiTest" name="failCreateBecauseEmptyUrl" time="0.001"/>
  <testcase classname="jcrapi.ApiTest" name="failGetProfile" time="0.001"/>
  <testcase classname="jcrapi.ApiTest" name="shouldGetVersion" time="0"/>
  <testcase classname="jcrapi.ApiTest" name="shouldGetClanSearchWithParams" time="0.001"/>
  <testcase classname="jcrapi.ApiTest" name="shouldGetClan" time="0.001"/>
  <testcase classname="jcrapi.ApiTest" name="failGetClanBecauseEmptyTag" time="0"/>
  <testcase classname="jcrapi.ApiTest" name="failGetClanHistory" time="0.001"/>
  <testcase classname="jcrapi.ApiTest" name="shouldGetEndpoints" time="0.001"/>
  <testcase classname="jcrapi.ApiTest" name="failGetTournamentsBecauseNullTag" time="0"/>
  <testcase classname="jcrapi.ApiTest" name="failGetPopularClans" time="0.001"/>
  <testcase classname="jcrapi.ApiTest" name="failGetClanBattlesFromRequest" time="0"/>
  <testcase classname="jcrapi.ApiTest" name="shouldGetTournamentsFromRequest" time="0.001"/>
  <testcase classname="jcrapi.ApiTest" name="failGetProfiles" time="0.001"/>
  <testcase classname="jcrapi.ApiTest" name="failGetTopClans" time="0.001"/>
  <testcase classname="jcrapi.ApiTest" name="shouldGetPopularPlayers" time="0"/>
  <testcase classname="jcrapi.ApiTest" name="failGetVersion" time="0.001"/>
  <testcase classname="jcrapi.ApiTest" name="shouldGetClanFromRequest" time="0.001"/>
  <testcase classname="jcrapi.ApiTest" name="shouldGetClans" time="0"/>
  <testcase classname="jcrapi.ApiTest" name="failGetTopClansWithLocation" time="0.001"/>
  <testcase classname="jcrapi.ApiTest" name="failGetClansBecauseEmptyTags" time="0.001"/>
  <testcase classname="jcrapi.ApiTest" name="failGetClanHistoryFromRequest" time="0"/>
  <testcase classname="jcrapi.ApiTest" name="shouldGetProfilesFromRequest" time="0.001"/>
  <testcase classname="jcrapi.ApiTest" name="failGetTopPlayersWithLocation" time="0.001"/>
  <testcase classname="jcrapi.ApiTest" name="shouldGetTopPlayers" time="0"/>
  <testcase classname="jcrapi.ApiTest" name="shouldGetPopularClans" time="0.001"/>
  <testcase classname="jcrapi.ApiTest" name="failGetProfilesBecauseNullTags" time="0"/>
  <testcase classname="jcrapi.ApiTest" name="failGetProfileFromRequest" time="0.001"/>
  <testcase classname="jcrapi.ApiTest" name="shouldGetProfiles" time="0.001"/>
  <testcase classname="jcrapi.ApiTest" name="shouldGetTopClans" time="0"/>
  <testcase classname="jcrapi.ApiTest" name="failGetPopularPlayers" time="0.001"/>
  <testcase classname="jcrapi.ApiTest" name="shouldGetTopClansFromRequest" time="0.001"/>
  <testcase classname="jcrapi.ApiTest" name="shouldGetClanBattles" time="0"/>
  <testcase classname="jcrapi.ApiTest" name="shouldGetPopularTournaments" time="0.001"/>
  <testcase classname="jcrapi.ApiTest" name="failCreateBecauseNullDeveloperKey" time="0"/>
  <testcase classname="jcrapi.ApiTest" name="failGetProfileBecauseEmptyTag" time="0"/>
  <testcase classname="jcrapi.ApiTest" name="shouldGetTournaments" time="0"/>
  <testcase classname="jcrapi.ApiTest" name="shouldGetTopClansWithLocation" time="0.001"/>
  <testcase classname="jcrapi.ApiTest" name="shouldGetClanSearchFromRequest" time="0"/>
  <testcase classname="jcrapi.ApiTest" name="failCreateBecauseEmptyDeveloperKey" time="0.001"/>
  <testcase classname="jcrapi.ApiTest" name="failGetProfileBecauseNullTag" time="0"/>
</testsuite>