<?xml version="1.0" encoding="UTF-8"?>
<testsuite xmlns:xsi="http://www.w3.org/2001/XMLSchema-instance" xsi:noNamespaceSchemaLocation="https://maven.apache.org/surefire/maven-surefire-plugin/xsd/surefire-test-report.xsd" name="jmri.jmrix.srcp.parser.SRCPClientParserTest" time="0.152" tests="69" errors="0" skipped="0" failures="0">
  <properties>
    <property name="java.runtime.name" value="OpenJDK Runtime Environment"/>
    <property name="sun.boot.library.path" value="/usr/lib/jvm/java-8-openjdk-amd64/jre/lib/amd64"/>
    <property name="java.vm.version" value="25.121-b13"/>
    <property name="java.vm.vendor" value="Oracle Corporation"/>
    <property name="maven.multiModuleProjectDirectory" value="/root/workspace/bobjacobsen/JMRI/384831131"/>
    <property name="java.vendor.url" value="http://java.oracle.com/"/>
    <property name="path.separator" value=":"/>
    <property name="guice.disable.misplaced.annotation.check" value="true"/>
    <property name="skip.gulp" value="true"/>
    <property name="java.vm.name" value="OpenJDK 64-Bit Server VM"/>
    <property name="file.encoding.pkg" value="sun.io"/>
    <property name="sun.java.launcher" value="SUN_STANDARD"/>
    <property name="sun.os.patch.level" value="unknown"/>
    <property name="findbugs.skip" value="true"/>
    <property name="java.vm.specification.name" value="Java Virtual Machine Specification"/>
    <property name="user.dir" value="/root/workspace/bobjacobsen/JMRI/384831131"/>
    <property name="checkstyle.skip" value="true"/>
    <property name="java.runtime.version" value="1.8.0_121-8u121-b13-1~bpo8+1-b13"/>
    <property name="java.awt.graphicsenv" value="sun.awt.X11GraphicsEnvironment"/>
    <property name="skip.npm" value="true"/>
    <property name="java.endorsed.dirs" value="/usr/lib/jvm/java-8-openjdk-amd64/jre/lib/endorsed"/>
    <property name="os.arch" value="amd64"/>
    <property name="java.io.tmpdir" value="/tmp"/>
    <property name="gpg.skip" value="true"/>
    <property name="line.separator" value="&#10;"/>
    <property name="java.vm.specification.vendor" value="Oracle Corporation"/>
    <property name="cobertura.skip" value="true"/>
    <property name="os.name" value="Linux"/>
    <property name="classworlds.conf" value="/usr/share/maven/bin/m2.conf"/>
    <property name="sun.jnu.encoding" value="UTF-8"/>
    <property name="java.library.path" value="/usr/java/packages/lib/amd64:/usr/lib/x86_64-linux-gnu/jni:/lib/x86_64-linux-gnu:/usr/lib/x86_64-linux-gnu:/usr/lib/jni:/lib:/usr/lib"/>
    <property name="license.skip" value="true"/>
    <property name="java.specification.name" value="Java Platform API Specification"/>
    <property name="java.class.version" value="52.0"/>
    <property name="sun.management.compiler" value="HotSpot 64-Bit Tiered Compilers"/>
    <property name="skip.bower" value="true"/>
    <property name="maven.repo.local" value="/root/./workspace/bobjacobsen/JMRI/384831131/.m2"/>
    <property name="os.version" value="3.10.0-862.2.3.el7.x86_64"/>
    <property name="user.home" value="/root"/>
    <property name="user.timezone" value="Europe/Paris"/>
    <property name="java.awt.printerjob" value="sun.print.PSPrinterJob"/>
    <property name="java.specification.version" value="1.8"/>
    <property name="file.encoding" value="UTF-8"/>
    <property name="user.name" value="root"/>
    <property name="java.class.path" value="/usr/share/maven/boot/plexus-classworlds-2.5.2.jar"/>
    <property name="skipITs" value="true"/>
    <property name="java.vm.specification.version" value="1.8"/>
    <property name="sun.arch.data.model" value="64"/>
    <property name="java.home" value="/usr/lib/jvm/java-8-openjdk-amd64/jre"/>
    <property name="sun.java.command" value="org.codehaus.plexus.classworlds.launcher.Launcher -B -D enforcer.skip=true -D dependency-check.skip=true -D skipITs=true -D cobertura.skip=true -D maven.repo.local=/root/./workspace/bobjacobsen/JMRI/384831131/.m2 -D rat.skip=true -D findbugs.skip=true -D skip.bower=true -D gpg.skip=true -D checkstyle.skip=true -D skip.gulp=true -D license.skip=true -D skip.npm=true test"/>
    <property name="java.specification.vendor" value="Oracle Corporation"/>
    <property name="user.language" value="en"/>
    <property name="awt.toolkit" value="sun.awt.X11.XToolkit"/>
    <property name="dependency-check.skip" value="true"/>
    <property name="java.vm.info" value="mixed mode"/>
    <property name="java.version" value="1.8.0_121"/>
    <property name="java.ext.dirs" value="/usr/lib/jvm/java-8-openjdk-amd64/jre/lib/ext:/usr/java/packages/lib/ext"/>
    <property name="securerandom.source" value="file:/dev/./urandom"/>
    <property name="sun.boot.class.path" value="/usr/lib/jvm/java-8-openjdk-amd64/jre/lib/resources.jar:/usr/lib/jvm/java-8-openjdk-amd64/jre/lib/rt.jar:/usr/lib/jvm/java-8-openjdk-amd64/jre/lib/sunrsasign.jar:/usr/lib/jvm/java-8-openjdk-amd64/jre/lib/jsse.jar:/usr/lib/jvm/java-8-openjdk-amd64/jre/lib/jce.jar:/usr/lib/jvm/java-8-openjdk-amd64/jre/lib/charsets.jar:/usr/lib/jvm/java-8-openjdk-amd64/jre/lib/jfr.jar:/usr/lib/jvm/java-8-openjdk-amd64/jre/classes"/>
    <property name="java.vendor" value="Oracle Corporation"/>
    <property name="enforcer.skip" value="true"/>
    <property name="rat.skip" value="true"/>
    <property name="maven.home" value="/usr/share/maven"/>
    <property name="file.separator" value="/"/>
    <property name="java.vendor.url.bug" value="http://bugreport.sun.com/bugreport/"/>
    <property name="sun.cpu.endian" value="little"/>
    <property name="sun.io.unicode.encoding" value="UnicodeLittle"/>
    <property name="sun.cpu.isalist" value=""/>
  </properties>
  <testcase name="testGLTermResponse" classname="jmri.jmrix.srcp.parser.SRCPClientParserTest" time="0.057"/>
  <testcase name="testGAClosedResponse" classname="jmri.jmrix.srcp.parser.SRCPClientParserTest" time="0.002"/>
  <testcase name="testGAThrownResponse" classname="jmri.jmrix.srcp.parser.SRCPClientParserTest" time="0.001"/>
  <testcase name="testParseFailure" classname="jmri.jmrix.srcp.parser.SRCPClientParserTest" time="0.002"/>
  <testcase name="testServerDescriptionResponse" classname="jmri.jmrix.srcp.parser.SRCPClientParserTest" time="0.002"/>
  <testcase name="testTIMEInfoResponse" classname="jmri.jmrix.srcp.parser.SRCPClientParserTest" time="0.001"/>
  <testcase name="testFBDescriptionResponse" classname="jmri.jmrix.srcp.parser.SRCPClientParserTest" time="0.001"/>
  <testcase name="testSMCVBITInfoResponse" classname="jmri.jmrix.srcp.parser.SRCPClientParserTest" time="0.005"/>
  <testcase name="testHandshakeResponse200" classname="jmri.jmrix.srcp.parser.SRCPClientParserTest" time="0.001"/>
  <testcase name="testHandshakeResponse201" classname="jmri.jmrix.srcp.parser.SRCPClientParserTest" time="0.001"/>
  <testcase name="testHandshakeResponse202" classname="jmri.jmrix.srcp.parser.SRCPClientParserTest" time="0.001"/>
  <testcase name="testHandshakeResponse400" classname="jmri.jmrix.srcp.parser.SRCPClientParserTest" time="0.001"/>
  <testcase name="testHandshakeResponse401" classname="jmri.jmrix.srcp.parser.SRCPClientParserTest" time="0.001"/>
  <testcase name="testHandshakeResponse402" classname="jmri.jmrix.srcp.parser.SRCPClientParserTest" time="0.001"/>
  <testcase name="testHandshakeResponse500" classname="jmri.jmrix.srcp.parser.SRCPClientParserTest" time="0.001"/>
  <testcase name="testGAInitResponse" classname="jmri.jmrix.srcp.parser.SRCPClientParserTest" time="0.001"/>
  <testcase name="testGLDescriptionResponse" classname="jmri.jmrix.srcp.parser.SRCPClientParserTest" time="0.001"/>
  <testcase name="testBus1DescriptionResponse" classname="jmri.jmrix.srcp.parser.SRCPClientParserTest" time="0"/>
  <testcase name="testFBInitResponse" classname="jmri.jmrix.srcp.parser.SRCPClientParserTest" time="0.002"/>
  <testcase name="testGADescriptionResponse" classname="jmri.jmrix.srcp.parser.SRCPClientParserTest" time="0.001"/>
  <testcase name="testFBFeedbackOnResponse" classname="jmri.jmrix.srcp.parser.SRCPClientParserTest" time="0.001"/>
  <testcase name="testSESSIONInitResponse" classname="jmri.jmrix.srcp.parser.SRCPClientParserTest" time="0.002"/>
  <testcase name="testBus0DescriptionResponse" classname="jmri.jmrix.srcp.parser.SRCPClientParserTest" time="0.001"/>
  <testcase name="testLOCKTermResponse" classname="jmri.jmrix.srcp.parser.SRCPClientParserTest" time="0.002"/>
  <testcase name="testPowerTermResponse" classname="jmri.jmrix.srcp.parser.SRCPClientParserTest" time="0.001"/>
  <testcase name="testPowerDescriptionResponse" classname="jmri.jmrix.srcp.parser.SRCPClientParserTest" time="0.002"/>
  <testcase name="testSERVERInitResponse" classname="jmri.jmrix.srcp.parser.SRCPClientParserTest" time="0.001"/>
  <testcase name="testGLInitResponse" classname="jmri.jmrix.srcp.parser.SRCPClientParserTest" time="0.002"/>
  <testcase name="testTIMETermResponse" classname="jmri.jmrix.srcp.parser.SRCPClientParserTest" time="0.002"/>
  <testcase name="testTIMEDescriptionResponse" classname="jmri.jmrix.srcp.parser.SRCPClientParserTest" time="0.001"/>
  <testcase name="testSESSIONInfoResponse" classname="jmri.jmrix.srcp.parser.SRCPClientParserTest" time="0.001"/>
  <testcase name="testSMTermResponse" classname="jmri.jmrix.srcp.parser.SRCPClientParserTest" time="0.002"/>
  <testcase name="testSMCVInfoResponse" classname="jmri.jmrix.srcp.parser.SRCPClientParserTest" time="0.001"/>
  <testcase name="testSERVERInfoResponse" classname="jmri.jmrix.srcp.parser.SRCPClientParserTest" time="0.002"/>
  <testcase name="testLockDescriptionResponse" classname="jmri.jmrix.srcp.parser.SRCPClientParserTest" time="0.001"/>
  <testcase name="testSMREGInfoResponse" classname="jmri.jmrix.srcp.parser.SRCPClientParserTest" time="0.001"/>
  <testcase name="testGLInfoResponse" classname="jmri.jmrix.srcp.parser.SRCPClientParserTest" time="0.002"/>
  <testcase name="testLOCKInitResponse" classname="jmri.jmrix.srcp.parser.SRCPClientParserTest" time="0.001"/>
  <testcase name="testSMDescriptionResponse" classname="jmri.jmrix.srcp.parser.SRCPClientParserTest" time="0.001"/>
  <testcase name="testPowerInitResponse" classname="jmri.jmrix.srcp.parser.SRCPClientParserTest" time="0.002"/>
  <testcase name="testPowerOffResponse" classname="jmri.jmrix.srcp.parser.SRCPClientParserTest" time="0.001"/>
  <testcase name="testFBFeedbackOffResponse" classname="jmri.jmrix.srcp.parser.SRCPClientParserTest" time="0.002"/>
  <testcase name="testHandshakeResponseServiceVersion" classname="jmri.jmrix.srcp.parser.SRCPClientParserTest" time="0.001"/>
  <testcase name="testGATermResponse" classname="jmri.jmrix.srcp.parser.SRCPClientParserTest" time="0.002"/>
  <testcase name="testResponse200" classname="jmri.jmrix.srcp.parser.SRCPClientParserTest" time="0.001"/>
  <testcase name="testResponse410" classname="jmri.jmrix.srcp.parser.SRCPClientParserTest" time="0.001"/>
  <testcase name="testResponse411" classname="jmri.jmrix.srcp.parser.SRCPClientParserTest" time="0.002"/>
  <testcase name="testResponse412" classname="jmri.jmrix.srcp.parser.SRCPClientParserTest" time="0.001"/>
  <testcase name="testResponse414" classname="jmri.jmrix.srcp.parser.SRCPClientParserTest" time="0.001"/>
  <testcase name="testResponse415" classname="jmri.jmrix.srcp.parser.SRCPClientParserTest" time="0.002"/>
  <testcase name="testResponse416" classname="jmri.jmrix.srcp.parser.SRCPClientParserTest" time="0.001"/>
  <testcase name="testResponse417" classname="jmri.jmrix.srcp.parser.SRCPClientParserTest" time="0.001"/>
  <testcase name="testResponse418" classname="jmri.jmrix.srcp.parser.SRCPClientParserTest" time="0.001"/>
  <testcase name="testResponse419" classname="jmri.jmrix.srcp.parser.SRCPClientParserTest" time="0.001"/>
  <testcase name="testResponse420" classname="jmri.jmrix.srcp.parser.SRCPClientParserTest" time="0.001"/>
  <testcase name="testResponse421" classname="jmri.jmrix.srcp.parser.SRCPClientParserTest" time="0.002"/>
  <testcase name="testResponse422" classname="jmri.jmrix.srcp.parser.SRCPClientParserTest" time="0.001"/>
  <testcase name="testResponse423" classname="jmri.jmrix.srcp.parser.SRCPClientParserTest" time="0.001"/>
  <testcase name="testResponse424" classname="jmri.jmrix.srcp.parser.SRCPClientParserTest" time="0.002"/>
  <testcase name="testResponse425" classname="jmri.jmrix.srcp.parser.SRCPClientParserTest" time="0.001"/>
  <testcase name="testResponse499" classname="jmri.jmrix.srcp.parser.SRCPClientParserTest" time="0.001"/>
  <testcase name="testTIMEInitResponse" classname="jmri.jmrix.srcp.parser.SRCPClientParserTest" time="0.002"/>
  <testcase name="testFBTermResponse" classname="jmri.jmrix.srcp.parser.SRCPClientParserTest" time="0.001"/>
  <testcase name="testSESSIONDescriptionResponse" classname="jmri.jmrix.srcp.parser.SRCPClientParserTest" time="0.001"/>
  <testcase name="testLOCKInfoResponse" classname="jmri.jmrix.srcp.parser.SRCPClientParserTest" time="0.002"/>
  <testcase name="testSESSIONTermResponse" classname="jmri.jmrix.srcp.parser.SRCPClientParserTest" time="0.001"/>
  <testcase name="testSMInitResponse" classname="jmri.jmrix.srcp.parser.SRCPClientParserTest" time="0.001"/>
  <testcase name="testPowerOnResponse" classname="jmri.jmrix.srcp.parser.SRCPClientParserTest" time="0.001"/>
  <testcase name="testSERVERTermResponse" classname="jmri.jmrix.srcp.parser.SRCPClientParserTest" time="0.001"/>
</testsuite>