<?xml version="1.0" encoding="UTF-8" ?>
<testsuite tests="29" failures="0" name="io.dummymaker.generator.GeneratorPatternValidTest" time="0.011" errors="0" skipped="0">
  <properties>
    <property name="java.runtime.name" value="OpenJDK Runtime Environment"/>
    <property name="sun.boot.library.path" value="/usr/lib/jvm/java-8-openjdk-amd64/jre/lib/amd64"/>
    <property name="java.vm.version" value="25.121-b13"/>
    <property name="java.vm.vendor" value="Oracle Corporation"/>
    <property name="maven.multiModuleProjectDirectory" value="/root/workspace/GoodforGod/dummymaker/351046304"/>
    <property name="java.vendor.url" value="http://java.oracle.com/"/>
    <property name="path.separator" value=":"/>
    <property name="guice.disable.misplaced.annotation.check" value="true"/>
    <property name="java.vm.name" value="OpenJDK 64-Bit Server VM"/>
    <property name="file.encoding.pkg" value="sun.io"/>
    <property name="sun.java.launcher" value="SUN_STANDARD"/>
    <property name="sun.os.patch.level" value="unknown"/>
    <property name="findbugs.skip" value="true"/>
    <property name="java.vm.specification.name" value="Java Virtual Machine Specification"/>
    <property name="user.dir" value="/root/workspace/GoodforGod/dummymaker/351046304"/>
    <property name="checkstyle.skip" value="true"/>
    <property name="java.runtime.version" value="1.8.0_121-8u121-b13-1~bpo8+1-b13"/>
    <property name="java.awt.graphicsenv" value="sun.awt.X11GraphicsEnvironment"/>
    <property name="java.endorsed.dirs" value="/usr/lib/jvm/java-8-openjdk-amd64/jre/lib/endorsed"/>
    <property name="os.arch" value="amd64"/>
    <property name="java.io.tmpdir" value="/tmp"/>
    <property name="gpg.skip" value="true"/>
    <property name="line.separator" value="
"/>
    <property name="java.vm.specification.vendor" value="Oracle Corporation"/>
    <property name="cobertura.skip" value="true"/>
    <property name="os.name" value="Linux"/>
    <property name="classworlds.conf" value="/usr/share/maven/bin/m2.conf"/>
    <property name="sun.jnu.encoding" value="UTF-8"/>
    <property name="java.library.path" value="/usr/java/packages/lib/amd64:/usr/lib/x86_64-linux-gnu/jni:/lib/x86_64-linux-gnu:/usr/lib/x86_64-linux-gnu:/usr/lib/jni:/lib:/usr/lib"/>
    <property name="license.skip" value="true"/>
    <property name="java.specification.name" value="Java Platform API Specification"/>
    <property name="java.class.version" value="52.0"/>
    <property name="sun.management.compiler" value="HotSpot 64-Bit Tiered Compilers"/>
    <property name="maven.repo.local" value="/root/./workspace/GoodforGod/dummymaker/351046304/.m2"/>
    <property name="os.version" value="3.10.0-693.17.1.el7.x86_64"/>
    <property name="user.home" value="/root"/>
    <property name="user.timezone" value="Europe/Paris"/>
    <property name="java.awt.printerjob" value="sun.print.PSPrinterJob"/>
    <property name="java.specification.version" value="1.8"/>
    <property name="file.encoding" value="UTF-8"/>
    <property name="user.name" value="root"/>
    <property name="java.class.path" value="/usr/share/maven/boot/plexus-classworlds-2.5.2.jar"/>
    <property name="skipITs" value="true"/>
    <property name="java.vm.specification.version" value="1.8"/>
    <property name="sun.arch.data.model" value="64"/>
    <property name="java.home" value="/usr/lib/jvm/java-8-openjdk-amd64/jre"/>
    <property name="sun.java.command" value="org.codehaus.plexus.classworlds.launcher.Launcher -B -D enforcer.skip=true -D skipITs=true -D cobertura.skip=true -D maven.repo.local=/root/./workspace/GoodforGod/dummymaker/351046304/.m2 -D rat.skip=true -D findbugs.skip=true -D gpg.skip=true -D checkstyle.skip=true -D license.skip=true test"/>
    <property name="java.specification.vendor" value="Oracle Corporation"/>
    <property name="user.language" value="en"/>
    <property name="awt.toolkit" value="sun.awt.X11.XToolkit"/>
    <property name="java.vm.info" value="mixed mode"/>
    <property name="java.version" value="1.8.0_121"/>
    <property name="java.ext.dirs" value="/usr/lib/jvm/java-8-openjdk-amd64/jre/lib/ext:/usr/java/packages/lib/ext"/>
    <property name="securerandom.source" value="file:/dev/./urandom"/>
    <property name="sun.boot.class.path" value="/usr/lib/jvm/java-8-openjdk-amd64/jre/lib/resources.jar:/usr/lib/jvm/java-8-openjdk-amd64/jre/lib/rt.jar:/usr/lib/jvm/java-8-openjdk-amd64/jre/lib/sunrsasign.jar:/usr/lib/jvm/java-8-openjdk-amd64/jre/lib/jsse.jar:/usr/lib/jvm/java-8-openjdk-amd64/jre/lib/jce.jar:/usr/lib/jvm/java-8-openjdk-amd64/jre/lib/charsets.jar:/usr/lib/jvm/java-8-openjdk-amd64/jre/lib/jfr.jar:/usr/lib/jvm/java-8-openjdk-amd64/jre/classes"/>
    <property name="java.vendor" value="Oracle Corporation"/>
    <property name="enforcer.skip" value="true"/>
    <property name="rat.skip" value="true"/>
    <property name="maven.home" value="/usr/share/maven"/>
    <property name="file.separator" value="/"/>
    <property name="java.vendor.url.bug" value="http://bugreport.sun.com/bugreport/"/>
    <property name="sun.cpu.endian" value="little"/>
    <property name="sun.io.unicode.encoding" value="UnicodeLittle"/>
    <property name="sun.cpu.isalist" value=""/>
  </properties>
  <testcase classname="io.dummymaker.generator.GeneratorPatternValidTest" name="genValueRegexCheck[0: Generator (io.dummymaker.generator.impl.number.DoubleBigGenerator@5d5eef3d), Regex -?[0-9]+.[0-9]+]" time="0.001"/>
  <testcase classname="io.dummymaker.generator.GeneratorPatternValidTest" name="genValueRegexCheck[1: Generator (io.dummymaker.generator.impl.number.DoubleGenerator@56f4468b), Regex 1|0.[0-9]+.]" time="0"/>
  <testcase classname="io.dummymaker.generator.GeneratorPatternValidTest" name="genValueRegexCheck[2: Generator (io.dummymaker.generator.impl.number.IntegerGenerator@6cc4c815), Regex -?[0-9]+]" time="0"/>
  <testcase classname="io.dummymaker.generator.GeneratorPatternValidTest" name="genValueRegexCheck[3: Generator (io.dummymaker.generator.impl.number.LongGenerator@3a82f6ef), Regex -?[0-9]+]" time="0"/>
  <testcase classname="io.dummymaker.generator.GeneratorPatternValidTest" name="genValueRegexCheck[4: Generator (io.dummymaker.generator.impl.string.IdBigGenerator@100fc185), Regex [0-9a-zA-Z]+]" time="0.001"/>
  <testcase classname="io.dummymaker.generator.GeneratorPatternValidTest" name="genValueRegexCheck[5: Generator (io.dummymaker.generator.impl.string.CityGenerator@643b1d11), Regex [a-zA-Z\-]+]" time="0"/>
  <testcase classname="io.dummymaker.generator.GeneratorPatternValidTest" name="genValueRegexCheck[6: Generator (io.dummymaker.generator.impl.string.CompanyGenerator@2ef5e5e3), Regex .+(\t.+)?]" time="0"/>
  <testcase classname="io.dummymaker.generator.GeneratorPatternValidTest" name="genValueRegexCheck[7: Generator (io.dummymaker.generator.impl.string.CountryGenerator@36d4b5c), Regex [a-zA-Z]+(\s+[a-zA-Z]+)*]" time="0.001"/>
  <testcase classname="io.dummymaker.generator.GeneratorPatternValidTest" name="genValueRegexCheck[8: Generator (io.dummymaker.generator.impl.string.EmailGenerator@6d00a15d), Regex [0-9a-zA-Z\-.]+@[a-zA-Z]+\.[a-zA-Z]+]" time="0"/>
  <testcase classname="io.dummymaker.generator.GeneratorPatternValidTest" name="genValueRegexCheck[9: Generator (io.dummymaker.generator.impl.string.IdGenerator@51efea79), Regex [0-9a-zA-Z]+]" time="0"/>
  <testcase classname="io.dummymaker.generator.GeneratorPatternValidTest" name="genValueRegexCheck[10: Generator (io.dummymaker.generator.impl.string.JsonGenerator@5034c75a), Regex \{.*:.*}]" time="0.001"/>
  <testcase classname="io.dummymaker.generator.GeneratorPatternValidTest" name="genValueRegexCheck[11: Generator (io.dummymaker.generator.impl.string.NameGenerator@396a51ab), Regex [a-zA-Z]+]" time="0"/>
  <testcase classname="io.dummymaker.generator.GeneratorPatternValidTest" name="genValueRegexCheck[12: Generator (io.dummymaker.generator.impl.string.NickGenerator@51081592), Regex [0-9a-zA-Z\-.]+]" time="0"/>
  <testcase classname="io.dummymaker.generator.GeneratorPatternValidTest" name="genValueRegexCheck[13: Generator (io.dummymaker.generator.impl.string.NounGenerator@7f9a81e8), Regex [0-9a-zA-Z]+]" time="0"/>
  <testcase classname="io.dummymaker.generator.GeneratorPatternValidTest" name="genValueRegexCheck[14: Generator (io.dummymaker.generator.impl.string.PassGenerator@9629756), Regex [0-9a-zA-Z]{6,}]" time="0"/>
  <testcase classname="io.dummymaker.generator.GeneratorPatternValidTest" name="genValueRegexCheck[15: Generator (io.dummymaker.generator.impl.string.PhoneGenerator@62ee68d8), Regex [0-9]\([0-9]{1,3}\)[0-9]+]" time="0"/>
  <testcase classname="io.dummymaker.generator.GeneratorPatternValidTest" name="genValueRegexCheck[16: Generator (io.dummymaker.generator.impl.string.PhraseGenerator@735b5592), Regex .+(\t.+)?]" time="0"/>
  <testcase classname="io.dummymaker.generator.GeneratorPatternValidTest" name="genValueRegexCheck[17: Generator (io.dummymaker.generator.impl.string.StringGenerator@58651fd0), Regex [0-9a-zA-Z]+]" time="0"/>
  <testcase classname="io.dummymaker.generator.GeneratorPatternValidTest" name="genValueRegexCheck[18: Generator (io.dummymaker.generator.impl.string.TagGenerator@4520ebad), Regex #[0-9a-zA-Z]+]" time="0"/>
  <testcase classname="io.dummymaker.generator.GeneratorPatternValidTest" name="genValueRegexCheck[19: Generator (io.dummymaker.generator.impl.UuidGenerator@5419f379), Regex [0-9a-zA-Z\-]+]" time="0"/>
  <testcase classname="io.dummymaker.generator.GeneratorPatternValidTest" name="genValueRegexCheck[20: Generator (io.dummymaker.generator.impl.BooleanGenerator@7dc7cbad), Regex false|true]" time="0"/>
  <testcase classname="io.dummymaker.generator.GeneratorPatternValidTest" name="genValueRegexCheck[21: Generator (io.dummymaker.generator.impl.collection.impl.ListGenerator@d2cc05a), Regex \[([a-zA-Z0-9]+(, )?)+]]" time="0.001"/>
  <testcase classname="io.dummymaker.generator.GeneratorPatternValidTest" name="genValueRegexCheck[22: Generator (io.dummymaker.generator.impl.collection.impl.SetGenerator@4f933fd1), Regex \[([a-zA-Z0-9]+(, )?)+]]" time="0"/>
  <testcase classname="io.dummymaker.generator.GeneratorPatternValidTest" name="genValueRegexCheck[23: Generator (io.dummymaker.generator.impl.collection.impl.MapGenerator@548a9f61), Regex \{([a-zA-Z0-9]+=[a-zA-Z0-9]+(, )?)+}]" time="0.001"/>
  <testcase classname="io.dummymaker.generator.GeneratorPatternValidTest" name="genValueRegexCheck[24: Generator (io.dummymaker.generator.impl.time.impl.DateGenerator@1753acfe), Regex [A-Za-z]{3} [A-Za-z]{3} \d{2} \d{2}:\d{2}:\d{2} [A-Za-z]{3} \d{4}]" time="0.003"/>
  <testcase classname="io.dummymaker.generator.GeneratorPatternValidTest" name="genValueRegexCheck[25: Generator (io.dummymaker.generator.impl.time.impl.LocalDateGenerator@7c16905e), Regex \d{4}-\d{2}-\d{2}]" time="0.001"/>
  <testcase classname="io.dummymaker.generator.GeneratorPatternValidTest" name="genValueRegexCheck[26: Generator (io.dummymaker.generator.impl.time.impl.LocalDateTimeGenerator@2a2d45ba), Regex \d{4}-\d{2}-\d{2}[A-Z]\d{2}:\d{2}:\d{2}]" time="0"/>
  <testcase classname="io.dummymaker.generator.GeneratorPatternValidTest" name="genValueRegexCheck[27: Generator (io.dummymaker.generator.impl.time.impl.LocalTimeGenerator@2a5ca609), Regex \d{2}:\d{2}:\d{2}(\.\d{1,10})?]" time="0"/>
  <testcase classname="io.dummymaker.generator.GeneratorPatternValidTest" name="genValueRegexCheck[28: Generator (io.dummymaker.generator.impl.time.impl.TimestampGenerator@20e2cbe0), Regex \d{4}-\d{2}-\d{2} \d{2}:\d{2}:\d{2}(\.\d{1,10})?]" time="0.001"/>
</testsuite>