<?xml version="1.0" encoding="UTF-8"?>
<testsuite xmlns:xsi="http://www.w3.org/2001/XMLSchema-instance" xsi:noNamespaceSchemaLocation="https://maven.apache.org/surefire/maven-surefire-plugin/xsd/surefire-test-report.xsd" name="spoon.reflect.visitor.CtInheritanceScannerTest" time="0.405" tests="81" errors="0" skipped="0" failures="0">
  <properties>
    <property name="awt.toolkit" value="sun.awt.X11.XToolkit"/>
    <property name="file.encoding.pkg" value="sun.io"/>
    <property name="java.specification.version" value="1.8"/>
    <property name="sun.cpu.isalist" value=""/>
    <property name="sun.jnu.encoding" value="UTF-8"/>
    <property name="java.class.path" value="/root/./workspace/INRIA/spoon/383849661/.m2/org/apache/maven/surefire/surefire-booter/2.20.1/surefire-booter-2.20.1.jar:/root/./workspace/INRIA/spoon/383849661/.m2/org/apache/maven/surefire/surefire-api/2.20.1/surefire-api-2.20.1.jar:/root/./workspace/INRIA/spoon/383849661/.m2/org/apache/maven/surefire/surefire-logger-api/2.20.1/surefire-logger-api-2.20.1.jar:/root/workspace/INRIA/spoon/383849661/target/test-classes:/root/workspace/INRIA/spoon/383849661/target/classes:/root/./workspace/INRIA/spoon/383849661/.m2/org/eclipse/tycho/org.eclipse.jdt.core/3.13.50.v20171007-0855/org.eclipse.jdt.core-3.13.50.v20171007-0855.jar:/root/./workspace/INRIA/spoon/383849661/.m2/junit/junit/4.12/junit-4.12.jar:/root/./workspace/INRIA/spoon/383849661/.m2/org/hamcrest/hamcrest-core/1.3/hamcrest-core-1.3.jar:/root/./workspace/INRIA/spoon/383849661/.m2/com/github/stefanbirkner/system-rules/1.9.0/system-rules-1.9.0.jar:/root/./workspace/INRIA/spoon/383849661/.m2/org/mockito/mockito-all/2.0.2-beta/mockito-all-2.0.2-beta.jar:/root/./workspace/INRIA/spoon/383849661/.m2/com/martiansoftware/jsap/2.1/jsap-2.1.jar:/root/./workspace/INRIA/spoon/383849661/.m2/log4j/log4j/1.2.17/log4j-1.2.17.jar:/root/./workspace/INRIA/spoon/383849661/.m2/commons-io/commons-io/2.5/commons-io-2.5.jar:/root/./workspace/INRIA/spoon/383849661/.m2/org/apache/maven/maven-model/3.3.9/maven-model-3.3.9.jar:/root/./workspace/INRIA/spoon/383849661/.m2/org/codehaus/plexus/plexus-utils/3.0.22/plexus-utils-3.0.22.jar:/root/./workspace/INRIA/spoon/383849661/.m2/org/apache/commons/commons-lang3/3.5/commons-lang3-3.5.jar:/root/./workspace/INRIA/spoon/383849661/.m2/com/fasterxml/jackson/core/jackson-databind/2.9.2/jackson-databind-2.9.2.jar:/root/./workspace/INRIA/spoon/383849661/.m2/com/fasterxml/jackson/core/jackson-annotations/2.9.0/jackson-annotations-2.9.0.jar:/root/./workspace/INRIA/spoon/383849661/.m2/com/fasterxml/jackson/core/jackson-core/2.9.2/jackson-core-2.9.2.jar:/root/./workspace/INRIA/spoon/383849661/.m2/org/apache/maven/surefire/surefire-junit4/2.20.1/surefire-junit4-2.20.1.jar:/root/./workspace/INRIA/spoon/383849661/.m2/org/jacoco/org.jacoco.agent/0.7.9/org.jacoco.agent-0.7.9-runtime.jar"/>
    <property name="java.vm.vendor" value="Oracle Corporation"/>
    <property name="skip.bower" value="true"/>
    <property name="sun.arch.data.model" value="64"/>
    <property name="java.vendor.url" value="http://java.oracle.com/"/>
    <property name="user.timezone" value=""/>
    <property name="java.vm.specification.version" value="1.8"/>
    <property name="os.name" value="Linux"/>
    <property name="rat.skip" value="true"/>
    <property name="gpg.skip" value="true"/>
    <property name="sun.java.launcher" value="SUN_STANDARD"/>
    <property name="sun.boot.library.path" value="/usr/lib/jvm/java-8-openjdk-amd64/jre/lib/amd64"/>
    <property name="skip.gulp" value="true"/>
    <property name="sun.java.command" value="org.apache.maven.surefire.booter.ForkedBooter /root/workspace/INRIA/spoon/383849661/target/surefire 2018-05-25T21-28-24_091-jvmRun1 surefire603109467388782432tmp surefire_0608805886740006293tmp"/>
    <property name="dependency-check.skip" value="true"/>
    <property name="surefire.test.class.path" value="/root/workspace/INRIA/spoon/383849661/target/test-classes:/root/workspace/INRIA/spoon/383849661/target/classes:/root/./workspace/INRIA/spoon/383849661/.m2/org/eclipse/tycho/org.eclipse.jdt.core/3.13.50.v20171007-0855/org.eclipse.jdt.core-3.13.50.v20171007-0855.jar:/root/./workspace/INRIA/spoon/383849661/.m2/junit/junit/4.12/junit-4.12.jar:/root/./workspace/INRIA/spoon/383849661/.m2/org/hamcrest/hamcrest-core/1.3/hamcrest-core-1.3.jar:/root/./workspace/INRIA/spoon/383849661/.m2/com/github/stefanbirkner/system-rules/1.9.0/system-rules-1.9.0.jar:/root/./workspace/INRIA/spoon/383849661/.m2/org/mockito/mockito-all/2.0.2-beta/mockito-all-2.0.2-beta.jar:/root/./workspace/INRIA/spoon/383849661/.m2/com/martiansoftware/jsap/2.1/jsap-2.1.jar:/root/./workspace/INRIA/spoon/383849661/.m2/log4j/log4j/1.2.17/log4j-1.2.17.jar:/root/./workspace/INRIA/spoon/383849661/.m2/commons-io/commons-io/2.5/commons-io-2.5.jar:/root/./workspace/INRIA/spoon/383849661/.m2/org/apache/maven/maven-model/3.3.9/maven-model-3.3.9.jar:/root/./workspace/INRIA/spoon/383849661/.m2/org/codehaus/plexus/plexus-utils/3.0.22/plexus-utils-3.0.22.jar:/root/./workspace/INRIA/spoon/383849661/.m2/org/apache/commons/commons-lang3/3.5/commons-lang3-3.5.jar:/root/./workspace/INRIA/spoon/383849661/.m2/com/fasterxml/jackson/core/jackson-databind/2.9.2/jackson-databind-2.9.2.jar:/root/./workspace/INRIA/spoon/383849661/.m2/com/fasterxml/jackson/core/jackson-annotations/2.9.0/jackson-annotations-2.9.0.jar:/root/./workspace/INRIA/spoon/383849661/.m2/com/fasterxml/jackson/core/jackson-core/2.9.2/jackson-core-2.9.2.jar:"/>
    <property name="sun.cpu.endian" value="little"/>
    <property name="user.home" value="/root"/>
    <property name="user.language" value="en"/>
    <property name="java.specification.vendor" value="Oracle Corporation"/>
    <property name="java.home" value="/usr/lib/jvm/java-8-openjdk-amd64/jre"/>
    <property name="basedir" value="/root/workspace/INRIA/spoon/383849661"/>
    <property name="file.separator" value="/"/>
    <property name="checkstyle.skip" value="true"/>
    <property name="line.separator" value="&#10;"/>
    <property name="skip.npm" value="true"/>
    <property name="java.vm.specification.vendor" value="Oracle Corporation"/>
    <property name="java.specification.name" value="Java Platform API Specification"/>
    <property name="java.awt.graphicsenv" value="sun.awt.X11GraphicsEnvironment"/>
    <property name="skipITs" value="true"/>
    <property name="cobertura.skip" value="true"/>
    <property name="sun.boot.class.path" value="/usr/lib/jvm/java-8-openjdk-amd64/jre/lib/resources.jar:/usr/lib/jvm/java-8-openjdk-amd64/jre/lib/rt.jar:/usr/lib/jvm/java-8-openjdk-amd64/jre/lib/sunrsasign.jar:/usr/lib/jvm/java-8-openjdk-amd64/jre/lib/jsse.jar:/usr/lib/jvm/java-8-openjdk-amd64/jre/lib/jce.jar:/usr/lib/jvm/java-8-openjdk-amd64/jre/lib/charsets.jar:/usr/lib/jvm/java-8-openjdk-amd64/jre/lib/jfr.jar:/usr/lib/jvm/java-8-openjdk-amd64/jre/classes"/>
    <property name="sun.management.compiler" value="HotSpot 64-Bit Tiered Compilers"/>
    <property name="java.runtime.version" value="1.8.0_121-8u121-b13-1~bpo8+1-b13"/>
    <property name="user.name" value="root"/>
    <property name="findbugs.skip" value="true"/>
    <property name="path.separator" value=":"/>
    <property name="os.version" value="3.10.0-862.2.3.el7.x86_64"/>
    <property name="java.endorsed.dirs" value="/usr/lib/jvm/java-8-openjdk-amd64/jre/lib/endorsed"/>
    <property name="java.runtime.name" value="OpenJDK Runtime Environment"/>
    <property name="file.encoding" value="UTF-8"/>
    <property name="java.vm.name" value="OpenJDK 64-Bit Server VM"/>
    <property name="localRepository" value="/root/./workspace/INRIA/spoon/383849661/.m2"/>
    <property name="java.vendor.url.bug" value="http://bugreport.sun.com/bugreport/"/>
    <property name="java.io.tmpdir" value="/tmp"/>
    <property name="java.version" value="1.8.0_121"/>
    <property name="user.dir" value="/root/workspace/INRIA/spoon/383849661"/>
    <property name="os.arch" value="amd64"/>
    <property name="license.skip" value="true"/>
    <property name="java.vm.specification.name" value="Java Virtual Machine Specification"/>
    <property name="java.awt.printerjob" value="sun.print.PSPrinterJob"/>
    <property name="sun.os.patch.level" value="unknown"/>
    <property name="java.library.path" value="/usr/java/packages/lib/amd64:/usr/lib/x86_64-linux-gnu/jni:/lib/x86_64-linux-gnu:/usr/lib/x86_64-linux-gnu:/usr/lib/jni:/lib:/usr/lib"/>
    <property name="java.vm.info" value="mixed mode"/>
    <property name="java.vendor" value="Oracle Corporation"/>
    <property name="java.vm.version" value="25.121-b13"/>
    <property name="java.ext.dirs" value="/usr/lib/jvm/java-8-openjdk-amd64/jre/lib/ext:/usr/java/packages/lib/ext"/>
    <property name="sun.io.unicode.encoding" value="UnicodeLittle"/>
    <property name="maven.repo.local" value="/root/./workspace/INRIA/spoon/383849661/.m2"/>
    <property name="enforcer.skip" value="true"/>
    <property name="java.class.version" value="52.0"/>
  </properties>
  <testcase name="testCtInheritanceScanner[interface spoon.reflect.code.CtFor]" classname="spoon.reflect.visitor.CtInheritanceScannerTest" time="0.265"/>
  <testcase name="testCtInheritanceScanner[interface spoon.reflect.declaration.CtMethod]" classname="spoon.reflect.visitor.CtInheritanceScannerTest" time="0.005"/>
  <testcase name="testCtInheritanceScanner[interface spoon.reflect.code.CtBlock]" classname="spoon.reflect.visitor.CtInheritanceScannerTest" time="0.007"/>
  <testcase name="testCtInheritanceScanner[interface spoon.reflect.reference.CtExecutableReference]" classname="spoon.reflect.visitor.CtInheritanceScannerTest" time="0.002"/>
  <testcase name="testCtInheritanceScanner[interface spoon.reflect.reference.CtFieldReference]" classname="spoon.reflect.visitor.CtInheritanceScannerTest" time="0.001"/>
  <testcase name="testCtInheritanceScanner[interface spoon.reflect.code.CtCodeSnippetStatement]" classname="spoon.reflect.visitor.CtInheritanceScannerTest" time="0.003"/>
  <testcase name="testCtInheritanceScanner[interface spoon.reflect.declaration.CtAnnotation]" classname="spoon.reflect.visitor.CtInheritanceScannerTest" time="0.003"/>
  <testcase name="testCtInheritanceScanner[interface spoon.reflect.code.CtStatementList]" classname="spoon.reflect.visitor.CtInheritanceScannerTest" time="0.002"/>
  <testcase name="testCtInheritanceScanner[interface spoon.reflect.code.CtBinaryOperator]" classname="spoon.reflect.visitor.CtInheritanceScannerTest" time="0.002"/>
  <testcase name="testCtInheritanceScanner[interface spoon.reflect.code.CtCatchVariable]" classname="spoon.reflect.visitor.CtInheritanceScannerTest" time="0.005"/>
  <testcase name="testCtInheritanceScanner[interface spoon.reflect.code.CtCodeSnippetExpression]" classname="spoon.reflect.visitor.CtInheritanceScannerTest" time="0.002"/>
  <testcase name="testCtInheritanceScanner[interface spoon.reflect.code.CtConstructorCall]" classname="spoon.reflect.visitor.CtInheritanceScannerTest" time="0.003"/>
  <testcase name="testCtInheritanceScanner[interface spoon.reflect.code.CtInvocation]" classname="spoon.reflect.visitor.CtInheritanceScannerTest" time="0.004"/>
  <testcase name="testCtInheritanceScanner[interface spoon.reflect.code.CtLiteral]" classname="spoon.reflect.visitor.CtInheritanceScannerTest" time="0.002"/>
  <testcase name="testCtInheritanceScanner[interface spoon.reflect.code.CtLocalVariable]" classname="spoon.reflect.visitor.CtInheritanceScannerTest" time="0.002"/>
  <testcase name="testCtInheritanceScanner[interface spoon.reflect.code.CtNewClass]" classname="spoon.reflect.visitor.CtInheritanceScannerTest" time="0.003"/>
  <testcase name="testCtInheritanceScanner[interface spoon.reflect.code.CtThisAccess]" classname="spoon.reflect.visitor.CtInheritanceScannerTest" time="0.002"/>
  <testcase name="testCtInheritanceScanner[interface spoon.reflect.code.CtTypeAccess]" classname="spoon.reflect.visitor.CtInheritanceScannerTest" time="0.001"/>
  <testcase name="testCtInheritanceScanner[interface spoon.reflect.code.CtVariableRead]" classname="spoon.reflect.visitor.CtInheritanceScannerTest" time="0.002"/>
  <testcase name="testCtInheritanceScanner[interface spoon.reflect.reference.CtCatchVariableReference]" classname="spoon.reflect.visitor.CtInheritanceScannerTest" time="0.001"/>
  <testcase name="testCtInheritanceScanner[interface spoon.reflect.reference.CtLocalVariableReference]" classname="spoon.reflect.visitor.CtInheritanceScannerTest" time="0.001"/>
  <testcase name="testCtInheritanceScanner[interface spoon.reflect.code.CtComment]" classname="spoon.reflect.visitor.CtInheritanceScannerTest" time="0.001"/>
  <testcase name="testCtInheritanceScanner[interface spoon.reflect.code.CtJavaDocTag]" classname="spoon.reflect.visitor.CtInheritanceScannerTest" time="0.001"/>
  <testcase name="testCtInheritanceScanner[interface spoon.reflect.code.CtReturn]" classname="spoon.reflect.visitor.CtInheritanceScannerTest" time="0.001"/>
  <testcase name="testCtInheritanceScanner[interface spoon.reflect.code.CtCase]" classname="spoon.reflect.visitor.CtInheritanceScannerTest" time="0.001"/>
  <testcase name="testCtInheritanceScanner[interface spoon.reflect.declaration.CtImport]" classname="spoon.reflect.visitor.CtInheritanceScannerTest" time="0.001"/>
  <testcase name="testCtInheritanceScanner[interface spoon.reflect.reference.CtTypeReference]" classname="spoon.reflect.visitor.CtInheritanceScannerTest" time="0.002"/>
  <testcase name="testCtInheritanceScanner[interface spoon.reflect.reference.CtTypeReference]" classname="spoon.reflect.visitor.CtInheritanceScannerTest" time="0.001"/>
  <testcase name="testCtInheritanceScanner[interface spoon.reflect.code.CtSwitch]" classname="spoon.reflect.visitor.CtInheritanceScannerTest" time="0"/>
  <testcase name="testCtInheritanceScanner[interface spoon.reflect.declaration.CtEnum]" classname="spoon.reflect.visitor.CtInheritanceScannerTest" time="0.003"/>
  <testcase name="testCtInheritanceScanner[interface spoon.reflect.declaration.CtAnnotationType]" classname="spoon.reflect.visitor.CtInheritanceScannerTest" time="0.002"/>
  <testcase name="testCtInheritanceScanner[interface spoon.reflect.code.CtAssignment]" classname="spoon.reflect.visitor.CtInheritanceScannerTest" time="0.001"/>
  <testcase name="testCtInheritanceScanner[interface spoon.reflect.code.CtOperatorAssignment]" classname="spoon.reflect.visitor.CtInheritanceScannerTest" time="0.002"/>
  <testcase name="testCtInheritanceScanner[interface spoon.reflect.code.CtExecutableReferenceExpression]" classname="spoon.reflect.visitor.CtInheritanceScannerTest" time="0.001"/>
  <testcase name="testCtInheritanceScanner[interface spoon.reflect.code.CtAnnotationFieldAccess]" classname="spoon.reflect.visitor.CtInheritanceScannerTest" time="0.002"/>
  <testcase name="testCtInheritanceScanner[interface spoon.reflect.code.CtArrayRead]" classname="spoon.reflect.visitor.CtInheritanceScannerTest" time="0.001"/>
  <testcase name="testCtInheritanceScanner[interface spoon.reflect.code.CtArrayWrite]" classname="spoon.reflect.visitor.CtInheritanceScannerTest" time="0.003"/>
  <testcase name="testCtInheritanceScanner[interface spoon.reflect.code.CtAssert]" classname="spoon.reflect.visitor.CtInheritanceScannerTest" time="0.002"/>
  <testcase name="testCtInheritanceScanner[interface spoon.reflect.code.CtConditional]" classname="spoon.reflect.visitor.CtInheritanceScannerTest" time="0.002"/>
  <testcase name="testCtInheritanceScanner[interface spoon.reflect.code.CtFieldRead]" classname="spoon.reflect.visitor.CtInheritanceScannerTest" time="0.001"/>
  <testcase name="testCtInheritanceScanner[interface spoon.reflect.code.CtFieldWrite]" classname="spoon.reflect.visitor.CtInheritanceScannerTest" time="0.002"/>
  <testcase name="testCtInheritanceScanner[interface spoon.reflect.code.CtLambda]" classname="spoon.reflect.visitor.CtInheritanceScannerTest" time="0.002"/>
  <testcase name="testCtInheritanceScanner[interface spoon.reflect.code.CtNewArray]" classname="spoon.reflect.visitor.CtInheritanceScannerTest" time="0.001"/>
  <testcase name="testCtInheritanceScanner[interface spoon.reflect.code.CtSuperAccess]" classname="spoon.reflect.visitor.CtInheritanceScannerTest" time="0.001"/>
  <testcase name="testCtInheritanceScanner[interface spoon.reflect.code.CtUnaryOperator]" classname="spoon.reflect.visitor.CtInheritanceScannerTest" time="0.001"/>
  <testcase name="testCtInheritanceScanner[interface spoon.reflect.code.CtVariableWrite]" classname="spoon.reflect.visitor.CtInheritanceScannerTest" time="0.001"/>
  <testcase name="testCtInheritanceScanner[interface spoon.reflect.declaration.CtAnnotationMethod]" classname="spoon.reflect.visitor.CtInheritanceScannerTest" time="0.002"/>
  <testcase name="testCtInheritanceScanner[interface spoon.reflect.declaration.CtClass]" classname="spoon.reflect.visitor.CtInheritanceScannerTest" time="0.002"/>
  <testcase name="testCtInheritanceScanner[interface spoon.reflect.declaration.CtConstructor]" classname="spoon.reflect.visitor.CtInheritanceScannerTest" time="0.002"/>
  <testcase name="testCtInheritanceScanner[interface spoon.reflect.declaration.CtEnumValue]" classname="spoon.reflect.visitor.CtInheritanceScannerTest" time="0.002"/>
  <testcase name="testCtInheritanceScanner[interface spoon.reflect.declaration.CtField]" classname="spoon.reflect.visitor.CtInheritanceScannerTest" time="0.002"/>
  <testcase name="testCtInheritanceScanner[interface spoon.reflect.declaration.CtInterface]" classname="spoon.reflect.visitor.CtInheritanceScannerTest" time="0.003"/>
  <testcase name="testCtInheritanceScanner[interface spoon.reflect.declaration.CtParameter]" classname="spoon.reflect.visitor.CtInheritanceScannerTest" time="0.001"/>
  <testcase name="testCtInheritanceScanner[interface spoon.reflect.reference.CtArrayTypeReference]" classname="spoon.reflect.visitor.CtInheritanceScannerTest" time="0.001"/>
  <testcase name="testCtInheritanceScanner[interface spoon.reflect.reference.CtIntersectionTypeReference]" classname="spoon.reflect.visitor.CtInheritanceScannerTest" time="0.002"/>
  <testcase name="testCtInheritanceScanner[interface spoon.reflect.reference.CtParameterReference]" classname="spoon.reflect.visitor.CtInheritanceScannerTest" time="0.001"/>
  <testcase name="testCtInheritanceScanner[interface spoon.reflect.reference.CtUnboundVariableReference]" classname="spoon.reflect.visitor.CtInheritanceScannerTest" time="0.001"/>
  <testcase name="testCtInheritanceScanner[interface spoon.reflect.code.CtBreak]" classname="spoon.reflect.visitor.CtInheritanceScannerTest" time="0.001"/>
  <testcase name="testCtInheritanceScanner[interface spoon.reflect.code.CtCatch]" classname="spoon.reflect.visitor.CtInheritanceScannerTest" time="0.001"/>
  <testcase name="testCtInheritanceScanner[interface spoon.reflect.code.CtContinue]" classname="spoon.reflect.visitor.CtInheritanceScannerTest" time="0.001"/>
  <testcase name="testCtInheritanceScanner[interface spoon.reflect.code.CtDo]" classname="spoon.reflect.visitor.CtInheritanceScannerTest" time="0.002"/>
  <testcase name="testCtInheritanceScanner[interface spoon.reflect.code.CtForEach]" classname="spoon.reflect.visitor.CtInheritanceScannerTest" time="0.002"/>
  <testcase name="testCtInheritanceScanner[interface spoon.reflect.code.CtIf]" classname="spoon.reflect.visitor.CtInheritanceScannerTest" time="0.002"/>
  <testcase name="testCtInheritanceScanner[interface spoon.reflect.code.CtSynchronized]" classname="spoon.reflect.visitor.CtInheritanceScannerTest" time="0.001"/>
  <testcase name="testCtInheritanceScanner[interface spoon.reflect.code.CtThrow]" classname="spoon.reflect.visitor.CtInheritanceScannerTest" time="0.001"/>
  <testcase name="testCtInheritanceScanner[interface spoon.reflect.code.CtTry]" classname="spoon.reflect.visitor.CtInheritanceScannerTest" time="0.002"/>
  <testcase name="testCtInheritanceScanner[interface spoon.reflect.code.CtTryWithResource]" classname="spoon.reflect.visitor.CtInheritanceScannerTest" time="0.001"/>
  <testcase name="testCtInheritanceScanner[interface spoon.reflect.code.CtWhile]" classname="spoon.reflect.visitor.CtInheritanceScannerTest" time="0"/>
  <testcase name="testCtInheritanceScanner[interface spoon.reflect.declaration.CtAnonymousExecutable]" classname="spoon.reflect.visitor.CtInheritanceScannerTest" time="0.002"/>
  <testcase name="testCtInheritanceScanner[interface spoon.reflect.declaration.CtPackage]" classname="spoon.reflect.visitor.CtInheritanceScannerTest" time="0.001"/>
  <testcase name="testCtInheritanceScanner[interface spoon.reflect.declaration.CtTypeParameter]" classname="spoon.reflect.visitor.CtInheritanceScannerTest" time="0.002"/>
  <testcase name="testCtInheritanceScanner[interface spoon.reflect.reference.CtPackageReference]" classname="spoon.reflect.visitor.CtInheritanceScannerTest" time="0"/>
  <testcase name="testCtInheritanceScanner[interface spoon.reflect.reference.CtTypeParameterReference]" classname="spoon.reflect.visitor.CtInheritanceScannerTest" time="0.001"/>
  <testcase name="testCtInheritanceScanner[interface spoon.reflect.reference.CtWildcardReference]" classname="spoon.reflect.visitor.CtInheritanceScannerTest" time="0.002"/>
  <testcase name="testCtInheritanceScanner[interface spoon.reflect.declaration.CtPackageExport]" classname="spoon.reflect.visitor.CtInheritanceScannerTest" time="0"/>
  <testcase name="testCtInheritanceScanner[interface spoon.reflect.declaration.CtProvidedService]" classname="spoon.reflect.visitor.CtInheritanceScannerTest" time="0.001"/>
  <testcase name="testCtInheritanceScanner[interface spoon.reflect.declaration.CtModuleRequirement]" classname="spoon.reflect.visitor.CtInheritanceScannerTest" time="0.001"/>
  <testcase name="testCtInheritanceScanner[interface spoon.reflect.declaration.CtModule]" classname="spoon.reflect.visitor.CtInheritanceScannerTest" time="0"/>
  <testcase name="testCtInheritanceScanner[interface spoon.reflect.reference.CtModuleReference]" classname="spoon.reflect.visitor.CtInheritanceScannerTest" time="0.001"/>
  <testcase name="testCtInheritanceScanner[interface spoon.reflect.declaration.CtUsedService]" classname="spoon.reflect.visitor.CtInheritanceScannerTest" time="0.001"/>
  <testcase name="testCtInheritanceScanner[interface spoon.reflect.code.CtJavaDoc]" classname="spoon.reflect.visitor.CtInheritanceScannerTest" time="0.001"/>
</testsuite>