<?xml version="1.0" encoding="UTF-8" ?>
<testsuite tests="8" failures="0" name="com.justinfrasier.test.MongoTest" time="480.748" errors="8" skipped="0">
  <properties>
    <property name="java.runtime.name" value="OpenJDK Runtime Environment"/>
    <property name="sun.boot.library.path" value="/usr/lib/jvm/java-8-openjdk-amd64/jre/lib/amd64"/>
    <property name="java.vm.version" value="25.121-b13"/>
    <property name="java.vm.vendor" value="Oracle Corporation"/>
    <property name="maven.multiModuleProjectDirectory" value="/root/workspace/cerealkiller1918/LeaderBoard_desktop/386548793"/>
    <property name="java.vendor.url" value="http://java.oracle.com/"/>
    <property name="path.separator" value=":"/>
    <property name="guice.disable.misplaced.annotation.check" value="true"/>
    <property name="skip.gulp" value="true"/>
    <property name="java.vm.name" value="OpenJDK 64-Bit Server VM"/>
    <property name="file.encoding.pkg" value="sun.io"/>
    <property name="sun.java.launcher" value="SUN_STANDARD"/>
    <property name="sun.os.patch.level" value="unknown"/>
    <property name="findbugs.skip" value="true"/>
    <property name="java.vm.specification.name" value="Java Virtual Machine Specification"/>
    <property name="user.dir" value="/root/workspace/cerealkiller1918/LeaderBoard_desktop/386548793"/>
    <property name="checkstyle.skip" value="true"/>
    <property name="java.runtime.version" value="1.8.0_121-8u121-b13-1~bpo8+1-b13"/>
    <property name="java.awt.graphicsenv" value="sun.awt.X11GraphicsEnvironment"/>
    <property name="skip.npm" value="true"/>
    <property name="java.endorsed.dirs" value="/usr/lib/jvm/java-8-openjdk-amd64/jre/lib/endorsed"/>
    <property name="os.arch" value="amd64"/>
    <property name="java.io.tmpdir" value="/tmp"/>
    <property name="gpg.skip" value="true"/>
    <property name="line.separator" value="
"/>
    <property name="java.vm.specification.vendor" value="Oracle Corporation"/>
    <property name="cobertura.skip" value="true"/>
    <property name="os.name" value="Linux"/>
    <property name="classworlds.conf" value="/usr/share/maven/bin/m2.conf"/>
    <property name="sun.jnu.encoding" value="UTF-8"/>
    <property name="java.library.path" value="/usr/java/packages/lib/amd64:/usr/lib/x86_64-linux-gnu/jni:/lib/x86_64-linux-gnu:/usr/lib/x86_64-linux-gnu:/usr/lib/jni:/lib:/usr/lib"/>
    <property name="license.skip" value="true"/>
    <property name="java.specification.name" value="Java Platform API Specification"/>
    <property name="java.class.version" value="52.0"/>
    <property name="sun.management.compiler" value="HotSpot 64-Bit Tiered Compilers"/>
    <property name="skip.bower" value="true"/>
    <property name="maven.repo.local" value="/root/./workspace/cerealkiller1918/LeaderBoard_desktop/386548793/.m2"/>
    <property name="os.version" value="3.10.0-862.2.3.el7.x86_64"/>
    <property name="user.home" value="/root"/>
    <property name="user.timezone" value="Europe/Paris"/>
    <property name="java.awt.printerjob" value="sun.print.PSPrinterJob"/>
    <property name="java.specification.version" value="1.8"/>
    <property name="file.encoding" value="UTF-8"/>
    <property name="user.name" value="root"/>
    <property name="java.class.path" value="/usr/share/maven/boot/plexus-classworlds-2.5.2.jar"/>
    <property name="skipITs" value="true"/>
    <property name="java.vm.specification.version" value="1.8"/>
    <property name="sun.arch.data.model" value="64"/>
    <property name="java.home" value="/usr/lib/jvm/java-8-openjdk-amd64/jre"/>
    <property name="sun.java.command" value="org.codehaus.plexus.classworlds.launcher.Launcher -B -D enforcer.skip=true -D dependency-check.skip=true -D skipITs=true -D cobertura.skip=true -D maven.repo.local=/root/./workspace/cerealkiller1918/LeaderBoard_desktop/386548793/.m2 -D rat.skip=true -D findbugs.skip=true -D skip.bower=true -D gpg.skip=true -D checkstyle.skip=true -D skip.gulp=true -D license.skip=true -D skip.npm=true test"/>
    <property name="java.specification.vendor" value="Oracle Corporation"/>
    <property name="user.language" value="en"/>
    <property name="awt.toolkit" value="sun.awt.X11.XToolkit"/>
    <property name="dependency-check.skip" value="true"/>
    <property name="java.vm.info" value="mixed mode"/>
    <property name="java.version" value="1.8.0_121"/>
    <property name="java.ext.dirs" value="/usr/lib/jvm/java-8-openjdk-amd64/jre/lib/ext:/usr/java/packages/lib/ext"/>
    <property name="securerandom.source" value="file:/dev/./urandom"/>
    <property name="sun.boot.class.path" value="/usr/lib/jvm/java-8-openjdk-amd64/jre/lib/resources.jar:/usr/lib/jvm/java-8-openjdk-amd64/jre/lib/rt.jar:/usr/lib/jvm/java-8-openjdk-amd64/jre/lib/sunrsasign.jar:/usr/lib/jvm/java-8-openjdk-amd64/jre/lib/jsse.jar:/usr/lib/jvm/java-8-openjdk-amd64/jre/lib/jce.jar:/usr/lib/jvm/java-8-openjdk-amd64/jre/lib/charsets.jar:/usr/lib/jvm/java-8-openjdk-amd64/jre/lib/jfr.jar:/usr/lib/jvm/java-8-openjdk-amd64/jre/classes"/>
    <property name="java.vendor" value="Oracle Corporation"/>
    <property name="enforcer.skip" value="true"/>
    <property name="rat.skip" value="true"/>
    <property name="maven.home" value="/usr/share/maven"/>
    <property name="file.separator" value="/"/>
    <property name="java.vendor.url.bug" value="http://bugreport.sun.com/bugreport/"/>
    <property name="sun.cpu.endian" value="little"/>
    <property name="sun.io.unicode.encoding" value="UnicodeLittle"/>
    <property name="sun.cpu.isalist" value=""/>
  </properties>
  <testcase classname="com.justinfrasier.test.MongoTest" name="registerTest" time="60.345">
    <error message="Timed out after 30000 ms while waiting for a server that matches WritableServerSelector. Client view of cluster state is {type=UNKNOWN, servers=[{address=ds129143.mlab.com:29143, type=UNKNOWN, state=CONNECTING, exception={com.mongodb.MongoSecurityException: Exception authenticating MongoCredential{mechanism=null, userName=&apos;app&apos;, source=&apos;leaderboard&apos;, password=&lt;hidden&gt;, mechanismProperties={}}}, caused by {com.mongodb.MongoCommandException: Command failed with error 18: &apos;Authentication failed.&apos; on server ds129143.mlab.com:29143. The full response is { &quot;ok&quot; : 0.0, &quot;errmsg&quot; : &quot;Authentication failed.&quot;, &quot;code&quot; : 18, &quot;codeName&quot; : &quot;AuthenticationFailed&quot; }}}]" type="com.mongodb.MongoTimeoutException">com.mongodb.MongoTimeoutException: Timed out after 30000 ms while waiting for a server that matches WritableServerSelector. Client view of cluster state is {type=UNKNOWN, servers=[{address=ds129143.mlab.com:29143, type=UNKNOWN, state=CONNECTING, exception={com.mongodb.MongoSecurityException: Exception authenticating MongoCredential{mechanism=null, userName=&apos;app&apos;, source=&apos;leaderboard&apos;, password=&lt;hidden&gt;, mechanismProperties={}}}, caused by {com.mongodb.MongoCommandException: Command failed with error 18: &apos;Authentication failed.&apos; on server ds129143.mlab.com:29143. The full response is { &quot;ok&quot; : 0.0, &quot;errmsg&quot; : &quot;Authentication failed.&quot;, &quot;code&quot; : 18, &quot;codeName&quot; : &quot;AuthenticationFailed&quot; }}}]
	at com.mongodb.connection.BaseCluster.createTimeoutException(BaseCluster.java:377)
	at com.mongodb.connection.BaseCluster.selectServer(BaseCluster.java:104)
	at com.mongodb.binding.ClusterBinding$ClusterBindingConnectionSource.&lt;init&gt;(ClusterBinding.java:75)
	at com.mongodb.binding.ClusterBinding$ClusterBindingConnectionSource.&lt;init&gt;(ClusterBinding.java:71)
	at com.mongodb.binding.ClusterBinding.getWriteConnectionSource(ClusterBinding.java:68)
	at com.mongodb.operation.OperationHelper.withConnection(OperationHelper.java:411)
	at com.mongodb.operation.MixedBulkWriteOperation.execute(MixedBulkWriteOperation.java:168)
	at com.mongodb.operation.MixedBulkWriteOperation.execute(MixedBulkWriteOperation.java:74)
	at com.mongodb.Mongo.execute(Mongo.java:845)
	at com.mongodb.Mongo$2.execute(Mongo.java:828)
	at com.mongodb.MongoCollectionImpl.executeSingleWriteRequest(MongoCollectionImpl.java:550)
	at com.mongodb.MongoCollectionImpl.insertOne(MongoCollectionImpl.java:317)
	at com.mongodb.MongoCollectionImpl.insertOne(MongoCollectionImpl.java:307)
	at com.justinfrasier.database.Mongo.register(Mongo.java:35)
	at com.justinfrasier.test.MongoTest.registerTest(MongoTest.java:20)
	at sun.reflect.NativeMethodAccessorImpl.invoke0(Native Method)
	at sun.reflect.NativeMethodAccessorImpl.invoke(NativeMethodAccessorImpl.java:62)
	at sun.reflect.DelegatingMethodAccessorImpl.invoke(DelegatingMethodAccessorImpl.java:43)
	at java.lang.reflect.Method.invoke(Method.java:498)
	at org.junit.runners.model.FrameworkMethod$1.runReflectiveCall(FrameworkMethod.java:50)
	at org.junit.internal.runners.model.ReflectiveCallable.run(ReflectiveCallable.java:12)
	at org.junit.runners.model.FrameworkMethod.invokeExplosively(FrameworkMethod.java:47)
	at org.junit.internal.runners.statements.InvokeMethod.evaluate(InvokeMethod.java:17)
	at org.junit.internal.runners.statements.RunBefores.evaluate(RunBefores.java:26)
	at org.junit.internal.runners.statements.RunAfters.evaluate(RunAfters.java:27)
	at org.junit.runners.ParentRunner.runLeaf(ParentRunner.java:325)
	at org.junit.runners.BlockJUnit4ClassRunner.runChild(BlockJUnit4ClassRunner.java:78)
	at org.junit.runners.BlockJUnit4ClassRunner.runChild(BlockJUnit4ClassRunner.java:57)
	at org.junit.runners.ParentRunner$3.run(ParentRunner.java:290)
	at org.junit.runners.ParentRunner$1.schedule(ParentRunner.java:71)
	at org.junit.runners.ParentRunner.runChildren(ParentRunner.java:288)
	at org.junit.runners.ParentRunner.access$000(ParentRunner.java:58)
	at org.junit.runners.ParentRunner$2.evaluate(ParentRunner.java:268)
	at org.junit.runners.ParentRunner.run(ParentRunner.java:363)
	at org.apache.maven.surefire.junit4.JUnit4Provider.execute(JUnit4Provider.java:252)
	at org.apache.maven.surefire.junit4.JUnit4Provider.executeTestSet(JUnit4Provider.java:141)
	at org.apache.maven.surefire.junit4.JUnit4Provider.invoke(JUnit4Provider.java:112)
	at sun.reflect.NativeMethodAccessorImpl.invoke0(Native Method)
	at sun.reflect.NativeMethodAccessorImpl.invoke(NativeMethodAccessorImpl.java:62)
	at sun.reflect.DelegatingMethodAccessorImpl.invoke(DelegatingMethodAccessorImpl.java:43)
	at java.lang.reflect.Method.invoke(Method.java:498)
	at org.apache.maven.surefire.util.ReflectionUtils.invokeMethodWithArray(ReflectionUtils.java:189)
	at org.apache.maven.surefire.booter.ProviderFactory$ProviderProxy.invoke(ProviderFactory.java:165)
	at org.apache.maven.surefire.booter.ProviderFactory.invokeProvider(ProviderFactory.java:85)
	at org.apache.maven.surefire.booter.ForkedBooter.runSuitesInProcess(ForkedBooter.java:115)
	at org.apache.maven.surefire.booter.ForkedBooter.main(ForkedBooter.java:75)
</error>
    <system-err>Jun 01, 2018 10:19:41 AM com.mongodb.diagnostics.logging.JULLogger log
INFO: Cluster created with settings {hosts=[ds129143.mlab.com:29143], mode=SINGLE, requiredClusterType=UNKNOWN, serverSelectionTimeout=&apos;30000 ms&apos;, maxWaitQueueSize=500}
Jun 01, 2018 10:19:41 AM com.mongodb.diagnostics.logging.JULLogger log
INFO: No server chosen by WritableServerSelector from cluster description ClusterDescription{type=UNKNOWN, connectionMode=SINGLE, serverDescriptions=[ServerDescription{address=ds129143.mlab.com:29143, type=UNKNOWN, state=CONNECTING}]}. Waiting for 30000 ms before timing out
Jun 01, 2018 10:19:41 AM com.mongodb.diagnostics.logging.JULLogger log
INFO: Exception in monitor thread while connecting to server ds129143.mlab.com:29143
com.mongodb.MongoSecurityException: Exception authenticating MongoCredential{mechanism=null, userName=&apos;app&apos;, source=&apos;leaderboard&apos;, password=&lt;hidden&gt;, mechanismProperties={}}
	at com.mongodb.connection.SaslAuthenticator.wrapInMongoSecurityException(SaslAuthenticator.java:157)
	at com.mongodb.connection.SaslAuthenticator.access$200(SaslAuthenticator.java:37)
	at com.mongodb.connection.SaslAuthenticator$1.run(SaslAuthenticator.java:66)
	at com.mongodb.connection.SaslAuthenticator$1.run(SaslAuthenticator.java:44)
	at com.mongodb.connection.SaslAuthenticator.doAsSubject(SaslAuthenticator.java:162)
	at com.mongodb.connection.SaslAuthenticator.authenticate(SaslAuthenticator.java:44)
	at com.mongodb.connection.DefaultAuthenticator.authenticate(DefaultAuthenticator.java:32)
	at com.mongodb.connection.InternalStreamConnectionInitializer.authenticateAll(InternalStreamConnectionInitializer.java:109)
	at com.mongodb.connection.InternalStreamConnectionInitializer.initialize(InternalStreamConnectionInitializer.java:46)
	at com.mongodb.connection.InternalStreamConnection.open(InternalStreamConnection.java:116)
	at com.mongodb.connection.DefaultServerMonitor$ServerMonitorRunnable.run(DefaultServerMonitor.java:113)
	at java.lang.Thread.run(Thread.java:745)
Caused by: com.mongodb.MongoCommandException: Command failed with error 18: &apos;Authentication failed.&apos; on server ds129143.mlab.com:29143. The full response is { &quot;ok&quot; : 0.0, &quot;errmsg&quot; : &quot;Authentication failed.&quot;, &quot;code&quot; : 18, &quot;codeName&quot; : &quot;AuthenticationFailed&quot; }
	at com.mongodb.connection.CommandHelper.createCommandFailureException(CommandHelper.java:170)
	at com.mongodb.connection.CommandHelper.receiveCommandResult(CommandHelper.java:123)
	at com.mongodb.connection.CommandHelper.executeCommand(CommandHelper.java:32)
	at com.mongodb.connection.SaslAuthenticator.sendSaslContinue(SaslAuthenticator.java:121)
	at com.mongodb.connection.SaslAuthenticator.access$100(SaslAuthenticator.java:37)
	at com.mongodb.connection.SaslAuthenticator$1.run(SaslAuthenticator.java:63)
	... 9 more

Jun 01, 2018 10:20:11 AM com.mongodb.diagnostics.logging.JULLogger log
INFO: No server chosen by WritableServerSelector from cluster description ClusterDescription{type=UNKNOWN, connectionMode=SINGLE, serverDescriptions=[ServerDescription{address=ds129143.mlab.com:29143, type=UNKNOWN, state=CONNECTING, exception={com.mongodb.MongoSecurityException: Exception authenticating MongoCredential{mechanism=null, userName=&apos;app&apos;, source=&apos;leaderboard&apos;, password=&lt;hidden&gt;, mechanismProperties={}}}, caused by {com.mongodb.MongoCommandException: Command failed with error 18: &apos;Authentication failed.&apos; on server ds129143.mlab.com:29143. The full response is { &quot;ok&quot; : 0.0, &quot;errmsg&quot; : &quot;Authentication failed.&quot;, &quot;code&quot; : 18, &quot;codeName&quot; : &quot;AuthenticationFailed&quot; }}}]}. Waiting for 30000 ms before timing out
</system-err>
  </testcase>
  <testcase classname="com.justinfrasier.test.MongoTest" name="registerTest" time="60.347">
    <error message="Timed out after 30000 ms while waiting for a server that matches WritableServerSelector. Client view of cluster state is {type=UNKNOWN, servers=[{address=ds129143.mlab.com:29143, type=UNKNOWN, state=CONNECTING, exception={com.mongodb.MongoSecurityException: Exception authenticating MongoCredential{mechanism=null, userName=&apos;app&apos;, source=&apos;leaderboard&apos;, password=&lt;hidden&gt;, mechanismProperties={}}}, caused by {com.mongodb.MongoCommandException: Command failed with error 18: &apos;Authentication failed.&apos; on server ds129143.mlab.com:29143. The full response is { &quot;ok&quot; : 0.0, &quot;errmsg&quot; : &quot;Authentication failed.&quot;, &quot;code&quot; : 18, &quot;codeName&quot; : &quot;AuthenticationFailed&quot; }}}]" type="com.mongodb.MongoTimeoutException">com.mongodb.MongoTimeoutException: Timed out after 30000 ms while waiting for a server that matches WritableServerSelector. Client view of cluster state is {type=UNKNOWN, servers=[{address=ds129143.mlab.com:29143, type=UNKNOWN, state=CONNECTING, exception={com.mongodb.MongoSecurityException: Exception authenticating MongoCredential{mechanism=null, userName=&apos;app&apos;, source=&apos;leaderboard&apos;, password=&lt;hidden&gt;, mechanismProperties={}}}, caused by {com.mongodb.MongoCommandException: Command failed with error 18: &apos;Authentication failed.&apos; on server ds129143.mlab.com:29143. The full response is { &quot;ok&quot; : 0.0, &quot;errmsg&quot; : &quot;Authentication failed.&quot;, &quot;code&quot; : 18, &quot;codeName&quot; : &quot;AuthenticationFailed&quot; }}}]
	at com.mongodb.connection.BaseCluster.createTimeoutException(BaseCluster.java:377)
	at com.mongodb.connection.BaseCluster.selectServer(BaseCluster.java:104)
	at com.mongodb.binding.ClusterBinding$ClusterBindingConnectionSource.&lt;init&gt;(ClusterBinding.java:75)
	at com.mongodb.binding.ClusterBinding$ClusterBindingConnectionSource.&lt;init&gt;(ClusterBinding.java:71)
	at com.mongodb.binding.ClusterBinding.getWriteConnectionSource(ClusterBinding.java:68)
	at com.mongodb.operation.OperationHelper.withConnection(OperationHelper.java:411)
	at com.mongodb.operation.MixedBulkWriteOperation.execute(MixedBulkWriteOperation.java:168)
	at com.mongodb.operation.MixedBulkWriteOperation.execute(MixedBulkWriteOperation.java:74)
	at com.mongodb.Mongo.execute(Mongo.java:845)
	at com.mongodb.Mongo$2.execute(Mongo.java:828)
	at com.mongodb.MongoCollectionImpl.executeSingleWriteRequest(MongoCollectionImpl.java:550)
	at com.mongodb.MongoCollectionImpl.delete(MongoCollectionImpl.java:532)
	at com.mongodb.MongoCollectionImpl.deleteMany(MongoCollectionImpl.java:359)
	at com.mongodb.MongoCollectionImpl.deleteMany(MongoCollectionImpl.java:354)
	at com.justinfrasier.database.Mongo.cleanForTest(Mongo.java:48)
	at com.justinfrasier.test.MongoTest.after(MongoTest.java:43)
	at sun.reflect.NativeMethodAccessorImpl.invoke0(Native Method)
	at sun.reflect.NativeMethodAccessorImpl.invoke(NativeMethodAccessorImpl.java:62)
	at sun.reflect.DelegatingMethodAccessorImpl.invoke(DelegatingMethodAccessorImpl.java:43)
	at java.lang.reflect.Method.invoke(Method.java:498)
	at org.junit.runners.model.FrameworkMethod$1.runReflectiveCall(FrameworkMethod.java:50)
	at org.junit.internal.runners.model.ReflectiveCallable.run(ReflectiveCallable.java:12)
	at org.junit.runners.model.FrameworkMethod.invokeExplosively(FrameworkMethod.java:47)
	at org.junit.internal.runners.statements.RunAfters.evaluate(RunAfters.java:33)
	at org.junit.runners.ParentRunner.runLeaf(ParentRunner.java:325)
	at org.junit.runners.BlockJUnit4ClassRunner.runChild(BlockJUnit4ClassRunner.java:78)
	at org.junit.runners.BlockJUnit4ClassRunner.runChild(BlockJUnit4ClassRunner.java:57)
	at org.junit.runners.ParentRunner$3.run(ParentRunner.java:290)
	at org.junit.runners.ParentRunner$1.schedule(ParentRunner.java:71)
	at org.junit.runners.ParentRunner.runChildren(ParentRunner.java:288)
	at org.junit.runners.ParentRunner.access$000(ParentRunner.java:58)
	at org.junit.runners.ParentRunner$2.evaluate(ParentRunner.java:268)
	at org.junit.runners.ParentRunner.run(ParentRunner.java:363)
	at org.apache.maven.surefire.junit4.JUnit4Provider.execute(JUnit4Provider.java:252)
	at org.apache.maven.surefire.junit4.JUnit4Provider.executeTestSet(JUnit4Provider.java:141)
	at org.apache.maven.surefire.junit4.JUnit4Provider.invoke(JUnit4Provider.java:112)
	at sun.reflect.NativeMethodAccessorImpl.invoke0(Native Method)
	at sun.reflect.NativeMethodAccessorImpl.invoke(NativeMethodAccessorImpl.java:62)
	at sun.reflect.DelegatingMethodAccessorImpl.invoke(DelegatingMethodAccessorImpl.java:43)
	at java.lang.reflect.Method.invoke(Method.java:498)
	at org.apache.maven.surefire.util.ReflectionUtils.invokeMethodWithArray(ReflectionUtils.java:189)
	at org.apache.maven.surefire.booter.ProviderFactory$ProviderProxy.invoke(ProviderFactory.java:165)
	at org.apache.maven.surefire.booter.ProviderFactory.invokeProvider(ProviderFactory.java:85)
	at org.apache.maven.surefire.booter.ForkedBooter.runSuitesInProcess(ForkedBooter.java:115)
	at org.apache.maven.surefire.booter.ForkedBooter.main(ForkedBooter.java:75)
</error>
  </testcase>
  <testcase classname="com.justinfrasier.test.MongoTest" name="getPasswordCheck" time="60.009">
    <error message="Timed out after 30000 ms while waiting for a server that matches WritableServerSelector. Client view of cluster state is {type=UNKNOWN, servers=[{address=ds129143.mlab.com:29143, type=UNKNOWN, state=CONNECTING, exception={com.mongodb.MongoSecurityException: Exception authenticating MongoCredential{mechanism=null, userName=&apos;app&apos;, source=&apos;leaderboard&apos;, password=&lt;hidden&gt;, mechanismProperties={}}}, caused by {com.mongodb.MongoCommandException: Command failed with error 18: &apos;Authentication failed.&apos; on server ds129143.mlab.com:29143. The full response is { &quot;ok&quot; : 0.0, &quot;errmsg&quot; : &quot;Authentication failed.&quot;, &quot;code&quot; : 18, &quot;codeName&quot; : &quot;AuthenticationFailed&quot; }}}]" type="com.mongodb.MongoTimeoutException">com.mongodb.MongoTimeoutException: Timed out after 30000 ms while waiting for a server that matches WritableServerSelector. Client view of cluster state is {type=UNKNOWN, servers=[{address=ds129143.mlab.com:29143, type=UNKNOWN, state=CONNECTING, exception={com.mongodb.MongoSecurityException: Exception authenticating MongoCredential{mechanism=null, userName=&apos;app&apos;, source=&apos;leaderboard&apos;, password=&lt;hidden&gt;, mechanismProperties={}}}, caused by {com.mongodb.MongoCommandException: Command failed with error 18: &apos;Authentication failed.&apos; on server ds129143.mlab.com:29143. The full response is { &quot;ok&quot; : 0.0, &quot;errmsg&quot; : &quot;Authentication failed.&quot;, &quot;code&quot; : 18, &quot;codeName&quot; : &quot;AuthenticationFailed&quot; }}}]
	at com.mongodb.connection.BaseCluster.createTimeoutException(BaseCluster.java:377)
	at com.mongodb.connection.BaseCluster.selectServer(BaseCluster.java:104)
	at com.mongodb.binding.ClusterBinding$ClusterBindingConnectionSource.&lt;init&gt;(ClusterBinding.java:75)
	at com.mongodb.binding.ClusterBinding$ClusterBindingConnectionSource.&lt;init&gt;(ClusterBinding.java:71)
	at com.mongodb.binding.ClusterBinding.getWriteConnectionSource(ClusterBinding.java:68)
	at com.mongodb.operation.OperationHelper.withConnection(OperationHelper.java:411)
	at com.mongodb.operation.MixedBulkWriteOperation.execute(MixedBulkWriteOperation.java:168)
	at com.mongodb.operation.MixedBulkWriteOperation.execute(MixedBulkWriteOperation.java:74)
	at com.mongodb.Mongo.execute(Mongo.java:845)
	at com.mongodb.Mongo$2.execute(Mongo.java:828)
	at com.mongodb.MongoCollectionImpl.executeSingleWriteRequest(MongoCollectionImpl.java:550)
	at com.mongodb.MongoCollectionImpl.insertOne(MongoCollectionImpl.java:317)
	at com.mongodb.MongoCollectionImpl.insertOne(MongoCollectionImpl.java:307)
	at com.justinfrasier.database.Mongo.register(Mongo.java:35)
	at com.justinfrasier.test.MongoTest.getPasswordCheck(MongoTest.java:37)
	at sun.reflect.NativeMethodAccessorImpl.invoke0(Native Method)
	at sun.reflect.NativeMethodAccessorImpl.invoke(NativeMethodAccessorImpl.java:62)
	at sun.reflect.DelegatingMethodAccessorImpl.invoke(DelegatingMethodAccessorImpl.java:43)
	at java.lang.reflect.Method.invoke(Method.java:498)
	at org.junit.runners.model.FrameworkMethod$1.runReflectiveCall(FrameworkMethod.java:50)
	at org.junit.internal.runners.model.ReflectiveCallable.run(ReflectiveCallable.java:12)
	at org.junit.runners.model.FrameworkMethod.invokeExplosively(FrameworkMethod.java:47)
	at org.junit.internal.runners.statements.InvokeMethod.evaluate(InvokeMethod.java:17)
	at org.junit.internal.runners.statements.RunBefores.evaluate(RunBefores.java:26)
	at org.junit.internal.runners.statements.RunAfters.evaluate(RunAfters.java:27)
	at org.junit.runners.ParentRunner.runLeaf(ParentRunner.java:325)
	at org.junit.runners.BlockJUnit4ClassRunner.runChild(BlockJUnit4ClassRunner.java:78)
	at org.junit.runners.BlockJUnit4ClassRunner.runChild(BlockJUnit4ClassRunner.java:57)
	at org.junit.runners.ParentRunner$3.run(ParentRunner.java:290)
	at org.junit.runners.ParentRunner$1.schedule(ParentRunner.java:71)
	at org.junit.runners.ParentRunner.runChildren(ParentRunner.java:288)
	at org.junit.runners.ParentRunner.access$000(ParentRunner.java:58)
	at org.junit.runners.ParentRunner$2.evaluate(ParentRunner.java:268)
	at org.junit.runners.ParentRunner.run(ParentRunner.java:363)
	at org.apache.maven.surefire.junit4.JUnit4Provider.execute(JUnit4Provider.java:252)
	at org.apache.maven.surefire.junit4.JUnit4Provider.executeTestSet(JUnit4Provider.java:141)
	at org.apache.maven.surefire.junit4.JUnit4Provider.invoke(JUnit4Provider.java:112)
	at sun.reflect.NativeMethodAccessorImpl.invoke0(Native Method)
	at sun.reflect.NativeMethodAccessorImpl.invoke(NativeMethodAccessorImpl.java:62)
	at sun.reflect.DelegatingMethodAccessorImpl.invoke(DelegatingMethodAccessorImpl.java:43)
	at java.lang.reflect.Method.invoke(Method.java:498)
	at org.apache.maven.surefire.util.ReflectionUtils.invokeMethodWithArray(ReflectionUtils.java:189)
	at org.apache.maven.surefire.booter.ProviderFactory$ProviderProxy.invoke(ProviderFactory.java:165)
	at org.apache.maven.surefire.booter.ProviderFactory.invokeProvider(ProviderFactory.java:85)
	at org.apache.maven.surefire.booter.ForkedBooter.runSuitesInProcess(ForkedBooter.java:115)
	at org.apache.maven.surefire.booter.ForkedBooter.main(ForkedBooter.java:75)
</error>
    <system-err>Jun 01, 2018 10:20:41 AM com.mongodb.diagnostics.logging.JULLogger log
INFO: Cluster created with settings {hosts=[ds129143.mlab.com:29143], mode=SINGLE, requiredClusterType=UNKNOWN, serverSelectionTimeout=&apos;30000 ms&apos;, maxWaitQueueSize=500}
Jun 01, 2018 10:20:41 AM com.mongodb.diagnostics.logging.JULLogger log
INFO: No server chosen by WritableServerSelector from cluster description ClusterDescription{type=UNKNOWN, connectionMode=SINGLE, serverDescriptions=[ServerDescription{address=ds129143.mlab.com:29143, type=UNKNOWN, state=CONNECTING}]}. Waiting for 30000 ms before timing out
Jun 01, 2018 10:20:41 AM com.mongodb.diagnostics.logging.JULLogger log
INFO: Exception in monitor thread while connecting to server ds129143.mlab.com:29143
com.mongodb.MongoSecurityException: Exception authenticating MongoCredential{mechanism=null, userName=&apos;app&apos;, source=&apos;leaderboard&apos;, password=&lt;hidden&gt;, mechanismProperties={}}
	at com.mongodb.connection.SaslAuthenticator.wrapInMongoSecurityException(SaslAuthenticator.java:157)
	at com.mongodb.connection.SaslAuthenticator.access$200(SaslAuthenticator.java:37)
	at com.mongodb.connection.SaslAuthenticator$1.run(SaslAuthenticator.java:66)
	at com.mongodb.connection.SaslAuthenticator$1.run(SaslAuthenticator.java:44)
	at com.mongodb.connection.SaslAuthenticator.doAsSubject(SaslAuthenticator.java:162)
	at com.mongodb.connection.SaslAuthenticator.authenticate(SaslAuthenticator.java:44)
	at com.mongodb.connection.DefaultAuthenticator.authenticate(DefaultAuthenticator.java:32)
	at com.mongodb.connection.InternalStreamConnectionInitializer.authenticateAll(InternalStreamConnectionInitializer.java:109)
	at com.mongodb.connection.InternalStreamConnectionInitializer.initialize(InternalStreamConnectionInitializer.java:46)
	at com.mongodb.connection.InternalStreamConnection.open(InternalStreamConnection.java:116)
	at com.mongodb.connection.DefaultServerMonitor$ServerMonitorRunnable.run(DefaultServerMonitor.java:113)
	at java.lang.Thread.run(Thread.java:745)
Caused by: com.mongodb.MongoCommandException: Command failed with error 18: &apos;Authentication failed.&apos; on server ds129143.mlab.com:29143. The full response is { &quot;ok&quot; : 0.0, &quot;errmsg&quot; : &quot;Authentication failed.&quot;, &quot;code&quot; : 18, &quot;codeName&quot; : &quot;AuthenticationFailed&quot; }
	at com.mongodb.connection.CommandHelper.createCommandFailureException(CommandHelper.java:170)
	at com.mongodb.connection.CommandHelper.receiveCommandResult(CommandHelper.java:123)
	at com.mongodb.connection.CommandHelper.executeCommand(CommandHelper.java:32)
	at com.mongodb.connection.SaslAuthenticator.sendSaslContinue(SaslAuthenticator.java:121)
	at com.mongodb.connection.SaslAuthenticator.access$100(SaslAuthenticator.java:37)
	at com.mongodb.connection.SaslAuthenticator$1.run(SaslAuthenticator.java:63)
	... 9 more

Jun 01, 2018 10:21:11 AM com.mongodb.diagnostics.logging.JULLogger log
INFO: No server chosen by WritableServerSelector from cluster description ClusterDescription{type=UNKNOWN, connectionMode=SINGLE, serverDescriptions=[ServerDescription{address=ds129143.mlab.com:29143, type=UNKNOWN, state=CONNECTING, exception={com.mongodb.MongoSecurityException: Exception authenticating MongoCredential{mechanism=null, userName=&apos;app&apos;, source=&apos;leaderboard&apos;, password=&lt;hidden&gt;, mechanismProperties={}}}, caused by {com.mongodb.MongoCommandException: Command failed with error 18: &apos;Authentication failed.&apos; on server ds129143.mlab.com:29143. The full response is { &quot;ok&quot; : 0.0, &quot;errmsg&quot; : &quot;Authentication failed.&quot;, &quot;code&quot; : 18, &quot;codeName&quot; : &quot;AuthenticationFailed&quot; }}}]}. Waiting for 30000 ms before timing out
</system-err>
  </testcase>
  <testcase classname="com.justinfrasier.test.MongoTest" name="getPasswordCheck" time="60.01">
    <error message="Timed out after 30000 ms while waiting for a server that matches WritableServerSelector. Client view of cluster state is {type=UNKNOWN, servers=[{address=ds129143.mlab.com:29143, type=UNKNOWN, state=CONNECTING, exception={com.mongodb.MongoSecurityException: Exception authenticating MongoCredential{mechanism=null, userName=&apos;app&apos;, source=&apos;leaderboard&apos;, password=&lt;hidden&gt;, mechanismProperties={}}}, caused by {com.mongodb.MongoCommandException: Command failed with error 18: &apos;Authentication failed.&apos; on server ds129143.mlab.com:29143. The full response is { &quot;ok&quot; : 0.0, &quot;errmsg&quot; : &quot;Authentication failed.&quot;, &quot;code&quot; : 18, &quot;codeName&quot; : &quot;AuthenticationFailed&quot; }}}]" type="com.mongodb.MongoTimeoutException">com.mongodb.MongoTimeoutException: Timed out after 30000 ms while waiting for a server that matches WritableServerSelector. Client view of cluster state is {type=UNKNOWN, servers=[{address=ds129143.mlab.com:29143, type=UNKNOWN, state=CONNECTING, exception={com.mongodb.MongoSecurityException: Exception authenticating MongoCredential{mechanism=null, userName=&apos;app&apos;, source=&apos;leaderboard&apos;, password=&lt;hidden&gt;, mechanismProperties={}}}, caused by {com.mongodb.MongoCommandException: Command failed with error 18: &apos;Authentication failed.&apos; on server ds129143.mlab.com:29143. The full response is { &quot;ok&quot; : 0.0, &quot;errmsg&quot; : &quot;Authentication failed.&quot;, &quot;code&quot; : 18, &quot;codeName&quot; : &quot;AuthenticationFailed&quot; }}}]
	at com.mongodb.connection.BaseCluster.createTimeoutException(BaseCluster.java:377)
	at com.mongodb.connection.BaseCluster.selectServer(BaseCluster.java:104)
	at com.mongodb.binding.ClusterBinding$ClusterBindingConnectionSource.&lt;init&gt;(ClusterBinding.java:75)
	at com.mongodb.binding.ClusterBinding$ClusterBindingConnectionSource.&lt;init&gt;(ClusterBinding.java:71)
	at com.mongodb.binding.ClusterBinding.getWriteConnectionSource(ClusterBinding.java:68)
	at com.mongodb.operation.OperationHelper.withConnection(OperationHelper.java:411)
	at com.mongodb.operation.MixedBulkWriteOperation.execute(MixedBulkWriteOperation.java:168)
	at com.mongodb.operation.MixedBulkWriteOperation.execute(MixedBulkWriteOperation.java:74)
	at com.mongodb.Mongo.execute(Mongo.java:845)
	at com.mongodb.Mongo$2.execute(Mongo.java:828)
	at com.mongodb.MongoCollectionImpl.executeSingleWriteRequest(MongoCollectionImpl.java:550)
	at com.mongodb.MongoCollectionImpl.delete(MongoCollectionImpl.java:532)
	at com.mongodb.MongoCollectionImpl.deleteMany(MongoCollectionImpl.java:359)
	at com.mongodb.MongoCollectionImpl.deleteMany(MongoCollectionImpl.java:354)
	at com.justinfrasier.database.Mongo.cleanForTest(Mongo.java:48)
	at com.justinfrasier.test.MongoTest.after(MongoTest.java:43)
	at sun.reflect.NativeMethodAccessorImpl.invoke0(Native Method)
	at sun.reflect.NativeMethodAccessorImpl.invoke(NativeMethodAccessorImpl.java:62)
	at sun.reflect.DelegatingMethodAccessorImpl.invoke(DelegatingMethodAccessorImpl.java:43)
	at java.lang.reflect.Method.invoke(Method.java:498)
	at org.junit.runners.model.FrameworkMethod$1.runReflectiveCall(FrameworkMethod.java:50)
	at org.junit.internal.runners.model.ReflectiveCallable.run(ReflectiveCallable.java:12)
	at org.junit.runners.model.FrameworkMethod.invokeExplosively(FrameworkMethod.java:47)
	at org.junit.internal.runners.statements.RunAfters.evaluate(RunAfters.java:33)
	at org.junit.runners.ParentRunner.runLeaf(ParentRunner.java:325)
	at org.junit.runners.BlockJUnit4ClassRunner.runChild(BlockJUnit4ClassRunner.java:78)
	at org.junit.runners.BlockJUnit4ClassRunner.runChild(BlockJUnit4ClassRunner.java:57)
	at org.junit.runners.ParentRunner$3.run(ParentRunner.java:290)
	at org.junit.runners.ParentRunner$1.schedule(ParentRunner.java:71)
	at org.junit.runners.ParentRunner.runChildren(ParentRunner.java:288)
	at org.junit.runners.ParentRunner.access$000(ParentRunner.java:58)
	at org.junit.runners.ParentRunner$2.evaluate(ParentRunner.java:268)
	at org.junit.runners.ParentRunner.run(ParentRunner.java:363)
	at org.apache.maven.surefire.junit4.JUnit4Provider.execute(JUnit4Provider.java:252)
	at org.apache.maven.surefire.junit4.JUnit4Provider.executeTestSet(JUnit4Provider.java:141)
	at org.apache.maven.surefire.junit4.JUnit4Provider.invoke(JUnit4Provider.java:112)
	at sun.reflect.NativeMethodAccessorImpl.invoke0(Native Method)
	at sun.reflect.NativeMethodAccessorImpl.invoke(NativeMethodAccessorImpl.java:62)
	at sun.reflect.DelegatingMethodAccessorImpl.invoke(DelegatingMethodAccessorImpl.java:43)
	at java.lang.reflect.Method.invoke(Method.java:498)
	at org.apache.maven.surefire.util.ReflectionUtils.invokeMethodWithArray(ReflectionUtils.java:189)
	at org.apache.maven.surefire.booter.ProviderFactory$ProviderProxy.invoke(ProviderFactory.java:165)
	at org.apache.maven.surefire.booter.ProviderFactory.invokeProvider(ProviderFactory.java:85)
	at org.apache.maven.surefire.booter.ForkedBooter.runSuitesInProcess(ForkedBooter.java:115)
	at org.apache.maven.surefire.booter.ForkedBooter.main(ForkedBooter.java:75)
</error>
  </testcase>
  <testcase classname="com.justinfrasier.test.MongoTest" name="checkUserNameIsClear" time="60.01">
    <error message="Timed out after 30000 ms while waiting for a server that matches WritableServerSelector. Client view of cluster state is {type=UNKNOWN, servers=[{address=ds129143.mlab.com:29143, type=UNKNOWN, state=CONNECTING, exception={com.mongodb.MongoSecurityException: Exception authenticating MongoCredential{mechanism=null, userName=&apos;app&apos;, source=&apos;leaderboard&apos;, password=&lt;hidden&gt;, mechanismProperties={}}}, caused by {com.mongodb.MongoCommandException: Command failed with error 18: &apos;Authentication failed.&apos; on server ds129143.mlab.com:29143. The full response is { &quot;ok&quot; : 0.0, &quot;errmsg&quot; : &quot;Authentication failed.&quot;, &quot;code&quot; : 18, &quot;codeName&quot; : &quot;AuthenticationFailed&quot; }}}]" type="com.mongodb.MongoTimeoutException">com.mongodb.MongoTimeoutException: Timed out after 30000 ms while waiting for a server that matches WritableServerSelector. Client view of cluster state is {type=UNKNOWN, servers=[{address=ds129143.mlab.com:29143, type=UNKNOWN, state=CONNECTING, exception={com.mongodb.MongoSecurityException: Exception authenticating MongoCredential{mechanism=null, userName=&apos;app&apos;, source=&apos;leaderboard&apos;, password=&lt;hidden&gt;, mechanismProperties={}}}, caused by {com.mongodb.MongoCommandException: Command failed with error 18: &apos;Authentication failed.&apos; on server ds129143.mlab.com:29143. The full response is { &quot;ok&quot; : 0.0, &quot;errmsg&quot; : &quot;Authentication failed.&quot;, &quot;code&quot; : 18, &quot;codeName&quot; : &quot;AuthenticationFailed&quot; }}}]
	at com.mongodb.connection.BaseCluster.createTimeoutException(BaseCluster.java:377)
	at com.mongodb.connection.BaseCluster.selectServer(BaseCluster.java:104)
	at com.mongodb.binding.ClusterBinding$ClusterBindingConnectionSource.&lt;init&gt;(ClusterBinding.java:75)
	at com.mongodb.binding.ClusterBinding$ClusterBindingConnectionSource.&lt;init&gt;(ClusterBinding.java:71)
	at com.mongodb.binding.ClusterBinding.getWriteConnectionSource(ClusterBinding.java:68)
	at com.mongodb.operation.OperationHelper.withConnection(OperationHelper.java:411)
	at com.mongodb.operation.MixedBulkWriteOperation.execute(MixedBulkWriteOperation.java:168)
	at com.mongodb.operation.MixedBulkWriteOperation.execute(MixedBulkWriteOperation.java:74)
	at com.mongodb.Mongo.execute(Mongo.java:845)
	at com.mongodb.Mongo$2.execute(Mongo.java:828)
	at com.mongodb.MongoCollectionImpl.executeSingleWriteRequest(MongoCollectionImpl.java:550)
	at com.mongodb.MongoCollectionImpl.insertOne(MongoCollectionImpl.java:317)
	at com.mongodb.MongoCollectionImpl.insertOne(MongoCollectionImpl.java:307)
	at com.justinfrasier.database.Mongo.register(Mongo.java:35)
	at com.justinfrasier.test.MongoTest.checkUserNameIsClear(MongoTest.java:25)
	at sun.reflect.NativeMethodAccessorImpl.invoke0(Native Method)
	at sun.reflect.NativeMethodAccessorImpl.invoke(NativeMethodAccessorImpl.java:62)
	at sun.reflect.DelegatingMethodAccessorImpl.invoke(DelegatingMethodAccessorImpl.java:43)
	at java.lang.reflect.Method.invoke(Method.java:498)
	at org.junit.runners.model.FrameworkMethod$1.runReflectiveCall(FrameworkMethod.java:50)
	at org.junit.internal.runners.model.ReflectiveCallable.run(ReflectiveCallable.java:12)
	at org.junit.runners.model.FrameworkMethod.invokeExplosively(FrameworkMethod.java:47)
	at org.junit.internal.runners.statements.InvokeMethod.evaluate(InvokeMethod.java:17)
	at org.junit.internal.runners.statements.RunBefores.evaluate(RunBefores.java:26)
	at org.junit.internal.runners.statements.RunAfters.evaluate(RunAfters.java:27)
	at org.junit.runners.ParentRunner.runLeaf(ParentRunner.java:325)
	at org.junit.runners.BlockJUnit4ClassRunner.runChild(BlockJUnit4ClassRunner.java:78)
	at org.junit.runners.BlockJUnit4ClassRunner.runChild(BlockJUnit4ClassRunner.java:57)
	at org.junit.runners.ParentRunner$3.run(ParentRunner.java:290)
	at org.junit.runners.ParentRunner$1.schedule(ParentRunner.java:71)
	at org.junit.runners.ParentRunner.runChildren(ParentRunner.java:288)
	at org.junit.runners.ParentRunner.access$000(ParentRunner.java:58)
	at org.junit.runners.ParentRunner$2.evaluate(ParentRunner.java:268)
	at org.junit.runners.ParentRunner.run(ParentRunner.java:363)
	at org.apache.maven.surefire.junit4.JUnit4Provider.execute(JUnit4Provider.java:252)
	at org.apache.maven.surefire.junit4.JUnit4Provider.executeTestSet(JUnit4Provider.java:141)
	at org.apache.maven.surefire.junit4.JUnit4Provider.invoke(JUnit4Provider.java:112)
	at sun.reflect.NativeMethodAccessorImpl.invoke0(Native Method)
	at sun.reflect.NativeMethodAccessorImpl.invoke(NativeMethodAccessorImpl.java:62)
	at sun.reflect.DelegatingMethodAccessorImpl.invoke(DelegatingMethodAccessorImpl.java:43)
	at java.lang.reflect.Method.invoke(Method.java:498)
	at org.apache.maven.surefire.util.ReflectionUtils.invokeMethodWithArray(ReflectionUtils.java:189)
	at org.apache.maven.surefire.booter.ProviderFactory$ProviderProxy.invoke(ProviderFactory.java:165)
	at org.apache.maven.surefire.booter.ProviderFactory.invokeProvider(ProviderFactory.java:85)
	at org.apache.maven.surefire.booter.ForkedBooter.runSuitesInProcess(ForkedBooter.java:115)
	at org.apache.maven.surefire.booter.ForkedBooter.main(ForkedBooter.java:75)
</error>
    <system-err>Jun 01, 2018 10:21:41 AM com.mongodb.diagnostics.logging.JULLogger log
INFO: Cluster created with settings {hosts=[ds129143.mlab.com:29143], mode=SINGLE, requiredClusterType=UNKNOWN, serverSelectionTimeout=&apos;30000 ms&apos;, maxWaitQueueSize=500}
Jun 01, 2018 10:21:41 AM com.mongodb.diagnostics.logging.JULLogger log
INFO: No server chosen by WritableServerSelector from cluster description ClusterDescription{type=UNKNOWN, connectionMode=SINGLE, serverDescriptions=[ServerDescription{address=ds129143.mlab.com:29143, type=UNKNOWN, state=CONNECTING}]}. Waiting for 30000 ms before timing out
Jun 01, 2018 10:21:41 AM com.mongodb.diagnostics.logging.JULLogger log
INFO: Exception in monitor thread while connecting to server ds129143.mlab.com:29143
com.mongodb.MongoSecurityException: Exception authenticating MongoCredential{mechanism=null, userName=&apos;app&apos;, source=&apos;leaderboard&apos;, password=&lt;hidden&gt;, mechanismProperties={}}
	at com.mongodb.connection.SaslAuthenticator.wrapInMongoSecurityException(SaslAuthenticator.java:157)
	at com.mongodb.connection.SaslAuthenticator.access$200(SaslAuthenticator.java:37)
	at com.mongodb.connection.SaslAuthenticator$1.run(SaslAuthenticator.java:66)
	at com.mongodb.connection.SaslAuthenticator$1.run(SaslAuthenticator.java:44)
	at com.mongodb.connection.SaslAuthenticator.doAsSubject(SaslAuthenticator.java:162)
	at com.mongodb.connection.SaslAuthenticator.authenticate(SaslAuthenticator.java:44)
	at com.mongodb.connection.DefaultAuthenticator.authenticate(DefaultAuthenticator.java:32)
	at com.mongodb.connection.InternalStreamConnectionInitializer.authenticateAll(InternalStreamConnectionInitializer.java:109)
	at com.mongodb.connection.InternalStreamConnectionInitializer.initialize(InternalStreamConnectionInitializer.java:46)
	at com.mongodb.connection.InternalStreamConnection.open(InternalStreamConnection.java:116)
	at com.mongodb.connection.DefaultServerMonitor$ServerMonitorRunnable.run(DefaultServerMonitor.java:113)
	at java.lang.Thread.run(Thread.java:745)
Caused by: com.mongodb.MongoCommandException: Command failed with error 18: &apos;Authentication failed.&apos; on server ds129143.mlab.com:29143. The full response is { &quot;ok&quot; : 0.0, &quot;errmsg&quot; : &quot;Authentication failed.&quot;, &quot;code&quot; : 18, &quot;codeName&quot; : &quot;AuthenticationFailed&quot; }
	at com.mongodb.connection.CommandHelper.createCommandFailureException(CommandHelper.java:170)
	at com.mongodb.connection.CommandHelper.receiveCommandResult(CommandHelper.java:123)
	at com.mongodb.connection.CommandHelper.executeCommand(CommandHelper.java:32)
	at com.mongodb.connection.SaslAuthenticator.sendSaslContinue(SaslAuthenticator.java:121)
	at com.mongodb.connection.SaslAuthenticator.access$100(SaslAuthenticator.java:37)
	at com.mongodb.connection.SaslAuthenticator$1.run(SaslAuthenticator.java:63)
	... 9 more

Jun 01, 2018 10:22:11 AM com.mongodb.diagnostics.logging.JULLogger log
INFO: No server chosen by WritableServerSelector from cluster description ClusterDescription{type=UNKNOWN, connectionMode=SINGLE, serverDescriptions=[ServerDescription{address=ds129143.mlab.com:29143, type=UNKNOWN, state=CONNECTING, exception={com.mongodb.MongoSecurityException: Exception authenticating MongoCredential{mechanism=null, userName=&apos;app&apos;, source=&apos;leaderboard&apos;, password=&lt;hidden&gt;, mechanismProperties={}}}, caused by {com.mongodb.MongoCommandException: Command failed with error 18: &apos;Authentication failed.&apos; on server ds129143.mlab.com:29143. The full response is { &quot;ok&quot; : 0.0, &quot;errmsg&quot; : &quot;Authentication failed.&quot;, &quot;code&quot; : 18, &quot;codeName&quot; : &quot;AuthenticationFailed&quot; }}}]}. Waiting for 30000 ms before timing out
</system-err>
  </testcase>
  <testcase classname="com.justinfrasier.test.MongoTest" name="checkUserNameIsClear" time="60.01">
    <error message="Timed out after 30000 ms while waiting for a server that matches WritableServerSelector. Client view of cluster state is {type=UNKNOWN, servers=[{address=ds129143.mlab.com:29143, type=UNKNOWN, state=CONNECTING, exception={com.mongodb.MongoSecurityException: Exception authenticating MongoCredential{mechanism=null, userName=&apos;app&apos;, source=&apos;leaderboard&apos;, password=&lt;hidden&gt;, mechanismProperties={}}}, caused by {com.mongodb.MongoCommandException: Command failed with error 18: &apos;Authentication failed.&apos; on server ds129143.mlab.com:29143. The full response is { &quot;ok&quot; : 0.0, &quot;errmsg&quot; : &quot;Authentication failed.&quot;, &quot;code&quot; : 18, &quot;codeName&quot; : &quot;AuthenticationFailed&quot; }}}]" type="com.mongodb.MongoTimeoutException">com.mongodb.MongoTimeoutException: Timed out after 30000 ms while waiting for a server that matches WritableServerSelector. Client view of cluster state is {type=UNKNOWN, servers=[{address=ds129143.mlab.com:29143, type=UNKNOWN, state=CONNECTING, exception={com.mongodb.MongoSecurityException: Exception authenticating MongoCredential{mechanism=null, userName=&apos;app&apos;, source=&apos;leaderboard&apos;, password=&lt;hidden&gt;, mechanismProperties={}}}, caused by {com.mongodb.MongoCommandException: Command failed with error 18: &apos;Authentication failed.&apos; on server ds129143.mlab.com:29143. The full response is { &quot;ok&quot; : 0.0, &quot;errmsg&quot; : &quot;Authentication failed.&quot;, &quot;code&quot; : 18, &quot;codeName&quot; : &quot;AuthenticationFailed&quot; }}}]
	at com.mongodb.connection.BaseCluster.createTimeoutException(BaseCluster.java:377)
	at com.mongodb.connection.BaseCluster.selectServer(BaseCluster.java:104)
	at com.mongodb.binding.ClusterBinding$ClusterBindingConnectionSource.&lt;init&gt;(ClusterBinding.java:75)
	at com.mongodb.binding.ClusterBinding$ClusterBindingConnectionSource.&lt;init&gt;(ClusterBinding.java:71)
	at com.mongodb.binding.ClusterBinding.getWriteConnectionSource(ClusterBinding.java:68)
	at com.mongodb.operation.OperationHelper.withConnection(OperationHelper.java:411)
	at com.mongodb.operation.MixedBulkWriteOperation.execute(MixedBulkWriteOperation.java:168)
	at com.mongodb.operation.MixedBulkWriteOperation.execute(MixedBulkWriteOperation.java:74)
	at com.mongodb.Mongo.execute(Mongo.java:845)
	at com.mongodb.Mongo$2.execute(Mongo.java:828)
	at com.mongodb.MongoCollectionImpl.executeSingleWriteRequest(MongoCollectionImpl.java:550)
	at com.mongodb.MongoCollectionImpl.delete(MongoCollectionImpl.java:532)
	at com.mongodb.MongoCollectionImpl.deleteMany(MongoCollectionImpl.java:359)
	at com.mongodb.MongoCollectionImpl.deleteMany(MongoCollectionImpl.java:354)
	at com.justinfrasier.database.Mongo.cleanForTest(Mongo.java:48)
	at com.justinfrasier.test.MongoTest.after(MongoTest.java:43)
	at sun.reflect.NativeMethodAccessorImpl.invoke0(Native Method)
	at sun.reflect.NativeMethodAccessorImpl.invoke(NativeMethodAccessorImpl.java:62)
	at sun.reflect.DelegatingMethodAccessorImpl.invoke(DelegatingMethodAccessorImpl.java:43)
	at java.lang.reflect.Method.invoke(Method.java:498)
	at org.junit.runners.model.FrameworkMethod$1.runReflectiveCall(FrameworkMethod.java:50)
	at org.junit.internal.runners.model.ReflectiveCallable.run(ReflectiveCallable.java:12)
	at org.junit.runners.model.FrameworkMethod.invokeExplosively(FrameworkMethod.java:47)
	at org.junit.internal.runners.statements.RunAfters.evaluate(RunAfters.java:33)
	at org.junit.runners.ParentRunner.runLeaf(ParentRunner.java:325)
	at org.junit.runners.BlockJUnit4ClassRunner.runChild(BlockJUnit4ClassRunner.java:78)
	at org.junit.runners.BlockJUnit4ClassRunner.runChild(BlockJUnit4ClassRunner.java:57)
	at org.junit.runners.ParentRunner$3.run(ParentRunner.java:290)
	at org.junit.runners.ParentRunner$1.schedule(ParentRunner.java:71)
	at org.junit.runners.ParentRunner.runChildren(ParentRunner.java:288)
	at org.junit.runners.ParentRunner.access$000(ParentRunner.java:58)
	at org.junit.runners.ParentRunner$2.evaluate(ParentRunner.java:268)
	at org.junit.runners.ParentRunner.run(ParentRunner.java:363)
	at org.apache.maven.surefire.junit4.JUnit4Provider.execute(JUnit4Provider.java:252)
	at org.apache.maven.surefire.junit4.JUnit4Provider.executeTestSet(JUnit4Provider.java:141)
	at org.apache.maven.surefire.junit4.JUnit4Provider.invoke(JUnit4Provider.java:112)
	at sun.reflect.NativeMethodAccessorImpl.invoke0(Native Method)
	at sun.reflect.NativeMethodAccessorImpl.invoke(NativeMethodAccessorImpl.java:62)
	at sun.reflect.DelegatingMethodAccessorImpl.invoke(DelegatingMethodAccessorImpl.java:43)
	at java.lang.reflect.Method.invoke(Method.java:498)
	at org.apache.maven.surefire.util.ReflectionUtils.invokeMethodWithArray(ReflectionUtils.java:189)
	at org.apache.maven.surefire.booter.ProviderFactory$ProviderProxy.invoke(ProviderFactory.java:165)
	at org.apache.maven.surefire.booter.ProviderFactory.invokeProvider(ProviderFactory.java:85)
	at org.apache.maven.surefire.booter.ForkedBooter.runSuitesInProcess(ForkedBooter.java:115)
	at org.apache.maven.surefire.booter.ForkedBooter.main(ForkedBooter.java:75)
</error>
  </testcase>
  <testcase classname="com.justinfrasier.test.MongoTest" name="checkUserNameIsNotClear" time="60.008">
    <error message="Timed out after 30000 ms while waiting for a server that matches WritableServerSelector. Client view of cluster state is {type=UNKNOWN, servers=[{address=ds129143.mlab.com:29143, type=UNKNOWN, state=CONNECTING, exception={com.mongodb.MongoSecurityException: Exception authenticating MongoCredential{mechanism=null, userName=&apos;app&apos;, source=&apos;leaderboard&apos;, password=&lt;hidden&gt;, mechanismProperties={}}}, caused by {com.mongodb.MongoCommandException: Command failed with error 18: &apos;Authentication failed.&apos; on server ds129143.mlab.com:29143. The full response is { &quot;ok&quot; : 0.0, &quot;errmsg&quot; : &quot;Authentication failed.&quot;, &quot;code&quot; : 18, &quot;codeName&quot; : &quot;AuthenticationFailed&quot; }}}]" type="com.mongodb.MongoTimeoutException">com.mongodb.MongoTimeoutException: Timed out after 30000 ms while waiting for a server that matches WritableServerSelector. Client view of cluster state is {type=UNKNOWN, servers=[{address=ds129143.mlab.com:29143, type=UNKNOWN, state=CONNECTING, exception={com.mongodb.MongoSecurityException: Exception authenticating MongoCredential{mechanism=null, userName=&apos;app&apos;, source=&apos;leaderboard&apos;, password=&lt;hidden&gt;, mechanismProperties={}}}, caused by {com.mongodb.MongoCommandException: Command failed with error 18: &apos;Authentication failed.&apos; on server ds129143.mlab.com:29143. The full response is { &quot;ok&quot; : 0.0, &quot;errmsg&quot; : &quot;Authentication failed.&quot;, &quot;code&quot; : 18, &quot;codeName&quot; : &quot;AuthenticationFailed&quot; }}}]
	at com.mongodb.connection.BaseCluster.createTimeoutException(BaseCluster.java:377)
	at com.mongodb.connection.BaseCluster.selectServer(BaseCluster.java:104)
	at com.mongodb.binding.ClusterBinding$ClusterBindingConnectionSource.&lt;init&gt;(ClusterBinding.java:75)
	at com.mongodb.binding.ClusterBinding$ClusterBindingConnectionSource.&lt;init&gt;(ClusterBinding.java:71)
	at com.mongodb.binding.ClusterBinding.getWriteConnectionSource(ClusterBinding.java:68)
	at com.mongodb.operation.OperationHelper.withConnection(OperationHelper.java:411)
	at com.mongodb.operation.MixedBulkWriteOperation.execute(MixedBulkWriteOperation.java:168)
	at com.mongodb.operation.MixedBulkWriteOperation.execute(MixedBulkWriteOperation.java:74)
	at com.mongodb.Mongo.execute(Mongo.java:845)
	at com.mongodb.Mongo$2.execute(Mongo.java:828)
	at com.mongodb.MongoCollectionImpl.executeSingleWriteRequest(MongoCollectionImpl.java:550)
	at com.mongodb.MongoCollectionImpl.insertOne(MongoCollectionImpl.java:317)
	at com.mongodb.MongoCollectionImpl.insertOne(MongoCollectionImpl.java:307)
	at com.justinfrasier.database.Mongo.register(Mongo.java:35)
	at com.justinfrasier.test.MongoTest.checkUserNameIsNotClear(MongoTest.java:31)
	at sun.reflect.NativeMethodAccessorImpl.invoke0(Native Method)
	at sun.reflect.NativeMethodAccessorImpl.invoke(NativeMethodAccessorImpl.java:62)
	at sun.reflect.DelegatingMethodAccessorImpl.invoke(DelegatingMethodAccessorImpl.java:43)
	at java.lang.reflect.Method.invoke(Method.java:498)
	at org.junit.runners.model.FrameworkMethod$1.runReflectiveCall(FrameworkMethod.java:50)
	at org.junit.internal.runners.model.ReflectiveCallable.run(ReflectiveCallable.java:12)
	at org.junit.runners.model.FrameworkMethod.invokeExplosively(FrameworkMethod.java:47)
	at org.junit.internal.runners.statements.InvokeMethod.evaluate(InvokeMethod.java:17)
	at org.junit.internal.runners.statements.RunBefores.evaluate(RunBefores.java:26)
	at org.junit.internal.runners.statements.RunAfters.evaluate(RunAfters.java:27)
	at org.junit.runners.ParentRunner.runLeaf(ParentRunner.java:325)
	at org.junit.runners.BlockJUnit4ClassRunner.runChild(BlockJUnit4ClassRunner.java:78)
	at org.junit.runners.BlockJUnit4ClassRunner.runChild(BlockJUnit4ClassRunner.java:57)
	at org.junit.runners.ParentRunner$3.run(ParentRunner.java:290)
	at org.junit.runners.ParentRunner$1.schedule(ParentRunner.java:71)
	at org.junit.runners.ParentRunner.runChildren(ParentRunner.java:288)
	at org.junit.runners.ParentRunner.access$000(ParentRunner.java:58)
	at org.junit.runners.ParentRunner$2.evaluate(ParentRunner.java:268)
	at org.junit.runners.ParentRunner.run(ParentRunner.java:363)
	at org.apache.maven.surefire.junit4.JUnit4Provider.execute(JUnit4Provider.java:252)
	at org.apache.maven.surefire.junit4.JUnit4Provider.executeTestSet(JUnit4Provider.java:141)
	at org.apache.maven.surefire.junit4.JUnit4Provider.invoke(JUnit4Provider.java:112)
	at sun.reflect.NativeMethodAccessorImpl.invoke0(Native Method)
	at sun.reflect.NativeMethodAccessorImpl.invoke(NativeMethodAccessorImpl.java:62)
	at sun.reflect.DelegatingMethodAccessorImpl.invoke(DelegatingMethodAccessorImpl.java:43)
	at java.lang.reflect.Method.invoke(Method.java:498)
	at org.apache.maven.surefire.util.ReflectionUtils.invokeMethodWithArray(ReflectionUtils.java:189)
	at org.apache.maven.surefire.booter.ProviderFactory$ProviderProxy.invoke(ProviderFactory.java:165)
	at org.apache.maven.surefire.booter.ProviderFactory.invokeProvider(ProviderFactory.java:85)
	at org.apache.maven.surefire.booter.ForkedBooter.runSuitesInProcess(ForkedBooter.java:115)
	at org.apache.maven.surefire.booter.ForkedBooter.main(ForkedBooter.java:75)
</error>
    <system-err>Jun 01, 2018 10:22:41 AM com.mongodb.diagnostics.logging.JULLogger log
INFO: Cluster created with settings {hosts=[ds129143.mlab.com:29143], mode=SINGLE, requiredClusterType=UNKNOWN, serverSelectionTimeout=&apos;30000 ms&apos;, maxWaitQueueSize=500}
Jun 01, 2018 10:22:41 AM com.mongodb.diagnostics.logging.JULLogger log
INFO: No server chosen by WritableServerSelector from cluster description ClusterDescription{type=UNKNOWN, connectionMode=SINGLE, serverDescriptions=[ServerDescription{address=ds129143.mlab.com:29143, type=UNKNOWN, state=CONNECTING}]}. Waiting for 30000 ms before timing out
Jun 01, 2018 10:22:41 AM com.mongodb.diagnostics.logging.JULLogger log
INFO: Exception in monitor thread while connecting to server ds129143.mlab.com:29143
com.mongodb.MongoSecurityException: Exception authenticating MongoCredential{mechanism=null, userName=&apos;app&apos;, source=&apos;leaderboard&apos;, password=&lt;hidden&gt;, mechanismProperties={}}
	at com.mongodb.connection.SaslAuthenticator.wrapInMongoSecurityException(SaslAuthenticator.java:157)
	at com.mongodb.connection.SaslAuthenticator.access$200(SaslAuthenticator.java:37)
	at com.mongodb.connection.SaslAuthenticator$1.run(SaslAuthenticator.java:66)
	at com.mongodb.connection.SaslAuthenticator$1.run(SaslAuthenticator.java:44)
	at com.mongodb.connection.SaslAuthenticator.doAsSubject(SaslAuthenticator.java:162)
	at com.mongodb.connection.SaslAuthenticator.authenticate(SaslAuthenticator.java:44)
	at com.mongodb.connection.DefaultAuthenticator.authenticate(DefaultAuthenticator.java:32)
	at com.mongodb.connection.InternalStreamConnectionInitializer.authenticateAll(InternalStreamConnectionInitializer.java:109)
	at com.mongodb.connection.InternalStreamConnectionInitializer.initialize(InternalStreamConnectionInitializer.java:46)
	at com.mongodb.connection.InternalStreamConnection.open(InternalStreamConnection.java:116)
	at com.mongodb.connection.DefaultServerMonitor$ServerMonitorRunnable.run(DefaultServerMonitor.java:113)
	at java.lang.Thread.run(Thread.java:745)
Caused by: com.mongodb.MongoCommandException: Command failed with error 18: &apos;Authentication failed.&apos; on server ds129143.mlab.com:29143. The full response is { &quot;ok&quot; : 0.0, &quot;errmsg&quot; : &quot;Authentication failed.&quot;, &quot;code&quot; : 18, &quot;codeName&quot; : &quot;AuthenticationFailed&quot; }
	at com.mongodb.connection.CommandHelper.createCommandFailureException(CommandHelper.java:170)
	at com.mongodb.connection.CommandHelper.receiveCommandResult(CommandHelper.java:123)
	at com.mongodb.connection.CommandHelper.executeCommand(CommandHelper.java:32)
	at com.mongodb.connection.SaslAuthenticator.sendSaslContinue(SaslAuthenticator.java:121)
	at com.mongodb.connection.SaslAuthenticator.access$100(SaslAuthenticator.java:37)
	at com.mongodb.connection.SaslAuthenticator$1.run(SaslAuthenticator.java:63)
	... 9 more

Jun 01, 2018 10:23:11 AM com.mongodb.diagnostics.logging.JULLogger log
INFO: No server chosen by WritableServerSelector from cluster description ClusterDescription{type=UNKNOWN, connectionMode=SINGLE, serverDescriptions=[ServerDescription{address=ds129143.mlab.com:29143, type=UNKNOWN, state=CONNECTING, exception={com.mongodb.MongoSecurityException: Exception authenticating MongoCredential{mechanism=null, userName=&apos;app&apos;, source=&apos;leaderboard&apos;, password=&lt;hidden&gt;, mechanismProperties={}}}, caused by {com.mongodb.MongoCommandException: Command failed with error 18: &apos;Authentication failed.&apos; on server ds129143.mlab.com:29143. The full response is { &quot;ok&quot; : 0.0, &quot;errmsg&quot; : &quot;Authentication failed.&quot;, &quot;code&quot; : 18, &quot;codeName&quot; : &quot;AuthenticationFailed&quot; }}}]}. Waiting for 30000 ms before timing out
</system-err>
  </testcase>
  <testcase classname="com.justinfrasier.test.MongoTest" name="checkUserNameIsNotClear" time="60.009">
    <error message="Timed out after 30000 ms while waiting for a server that matches WritableServerSelector. Client view of cluster state is {type=UNKNOWN, servers=[{address=ds129143.mlab.com:29143, type=UNKNOWN, state=CONNECTING, exception={com.mongodb.MongoSecurityException: Exception authenticating MongoCredential{mechanism=null, userName=&apos;app&apos;, source=&apos;leaderboard&apos;, password=&lt;hidden&gt;, mechanismProperties={}}}, caused by {com.mongodb.MongoCommandException: Command failed with error 18: &apos;Authentication failed.&apos; on server ds129143.mlab.com:29143. The full response is { &quot;ok&quot; : 0.0, &quot;errmsg&quot; : &quot;Authentication failed.&quot;, &quot;code&quot; : 18, &quot;codeName&quot; : &quot;AuthenticationFailed&quot; }}}]" type="com.mongodb.MongoTimeoutException">com.mongodb.MongoTimeoutException: Timed out after 30000 ms while waiting for a server that matches WritableServerSelector. Client view of cluster state is {type=UNKNOWN, servers=[{address=ds129143.mlab.com:29143, type=UNKNOWN, state=CONNECTING, exception={com.mongodb.MongoSecurityException: Exception authenticating MongoCredential{mechanism=null, userName=&apos;app&apos;, source=&apos;leaderboard&apos;, password=&lt;hidden&gt;, mechanismProperties={}}}, caused by {com.mongodb.MongoCommandException: Command failed with error 18: &apos;Authentication failed.&apos; on server ds129143.mlab.com:29143. The full response is { &quot;ok&quot; : 0.0, &quot;errmsg&quot; : &quot;Authentication failed.&quot;, &quot;code&quot; : 18, &quot;codeName&quot; : &quot;AuthenticationFailed&quot; }}}]
	at com.mongodb.connection.BaseCluster.createTimeoutException(BaseCluster.java:377)
	at com.mongodb.connection.BaseCluster.selectServer(BaseCluster.java:104)
	at com.mongodb.binding.ClusterBinding$ClusterBindingConnectionSource.&lt;init&gt;(ClusterBinding.java:75)
	at com.mongodb.binding.ClusterBinding$ClusterBindingConnectionSource.&lt;init&gt;(ClusterBinding.java:71)
	at com.mongodb.binding.ClusterBinding.getWriteConnectionSource(ClusterBinding.java:68)
	at com.mongodb.operation.OperationHelper.withConnection(OperationHelper.java:411)
	at com.mongodb.operation.MixedBulkWriteOperation.execute(MixedBulkWriteOperation.java:168)
	at com.mongodb.operation.MixedBulkWriteOperation.execute(MixedBulkWriteOperation.java:74)
	at com.mongodb.Mongo.execute(Mongo.java:845)
	at com.mongodb.Mongo$2.execute(Mongo.java:828)
	at com.mongodb.MongoCollectionImpl.executeSingleWriteRequest(MongoCollectionImpl.java:550)
	at com.mongodb.MongoCollectionImpl.delete(MongoCollectionImpl.java:532)
	at com.mongodb.MongoCollectionImpl.deleteMany(MongoCollectionImpl.java:359)
	at com.mongodb.MongoCollectionImpl.deleteMany(MongoCollectionImpl.java:354)
	at com.justinfrasier.database.Mongo.cleanForTest(Mongo.java:48)
	at com.justinfrasier.test.MongoTest.after(MongoTest.java:43)
	at sun.reflect.NativeMethodAccessorImpl.invoke0(Native Method)
	at sun.reflect.NativeMethodAccessorImpl.invoke(NativeMethodAccessorImpl.java:62)
	at sun.reflect.DelegatingMethodAccessorImpl.invoke(DelegatingMethodAccessorImpl.java:43)
	at java.lang.reflect.Method.invoke(Method.java:498)
	at org.junit.runners.model.FrameworkMethod$1.runReflectiveCall(FrameworkMethod.java:50)
	at org.junit.internal.runners.model.ReflectiveCallable.run(ReflectiveCallable.java:12)
	at org.junit.runners.model.FrameworkMethod.invokeExplosively(FrameworkMethod.java:47)
	at org.junit.internal.runners.statements.RunAfters.evaluate(RunAfters.java:33)
	at org.junit.runners.ParentRunner.runLeaf(ParentRunner.java:325)
	at org.junit.runners.BlockJUnit4ClassRunner.runChild(BlockJUnit4ClassRunner.java:78)
	at org.junit.runners.BlockJUnit4ClassRunner.runChild(BlockJUnit4ClassRunner.java:57)
	at org.junit.runners.ParentRunner$3.run(ParentRunner.java:290)
	at org.junit.runners.ParentRunner$1.schedule(ParentRunner.java:71)
	at org.junit.runners.ParentRunner.runChildren(ParentRunner.java:288)
	at org.junit.runners.ParentRunner.access$000(ParentRunner.java:58)
	at org.junit.runners.ParentRunner$2.evaluate(ParentRunner.java:268)
	at org.junit.runners.ParentRunner.run(ParentRunner.java:363)
	at org.apache.maven.surefire.junit4.JUnit4Provider.execute(JUnit4Provider.java:252)
	at org.apache.maven.surefire.junit4.JUnit4Provider.executeTestSet(JUnit4Provider.java:141)
	at org.apache.maven.surefire.junit4.JUnit4Provider.invoke(JUnit4Provider.java:112)
	at sun.reflect.NativeMethodAccessorImpl.invoke0(Native Method)
	at sun.reflect.NativeMethodAccessorImpl.invoke(NativeMethodAccessorImpl.java:62)
	at sun.reflect.DelegatingMethodAccessorImpl.invoke(DelegatingMethodAccessorImpl.java:43)
	at java.lang.reflect.Method.invoke(Method.java:498)
	at org.apache.maven.surefire.util.ReflectionUtils.invokeMethodWithArray(ReflectionUtils.java:189)
	at org.apache.maven.surefire.booter.ProviderFactory$ProviderProxy.invoke(ProviderFactory.java:165)
	at org.apache.maven.surefire.booter.ProviderFactory.invokeProvider(ProviderFactory.java:85)
	at org.apache.maven.surefire.booter.ForkedBooter.runSuitesInProcess(ForkedBooter.java:115)
	at org.apache.maven.surefire.booter.ForkedBooter.main(ForkedBooter.java:75)
</error>
  </testcase>
</testsuite>