<?xml version="1.0" encoding="UTF-8"?>
<testsuite name="br.marlon.pontointeligente.api.controllers.EmpresaControllerTest" time="0.001" tests="4" errors="0" skipped="0" failures="1">
  <properties>
    <property name="java.runtime.name" value="OpenJDK Runtime Environment"/>
    <property name="sun.boot.library.path" value="/usr/lib/jvm/java-8-openjdk-amd64/jre/lib/amd64"/>
    <property name="java.vm.version" value="25.121-b13"/>
    <property name="java.vm.vendor" value="Oracle Corporation"/>
    <property name="maven.multiModuleProjectDirectory" value="/root/workspace/marlon123/spring-api-rest-curso/384520172"/>
    <property name="java.vendor.url" value="http://java.oracle.com/"/>
    <property name="path.separator" value=":"/>
    <property name="guice.disable.misplaced.annotation.check" value="true"/>
    <property name="skip.gulp" value="true"/>
    <property name="java.vm.name" value="OpenJDK 64-Bit Server VM"/>
    <property name="file.encoding.pkg" value="sun.io"/>
    <property name="sun.java.launcher" value="SUN_STANDARD"/>
    <property name="sun.os.patch.level" value="unknown"/>
    <property name="findbugs.skip" value="true"/>
    <property name="java.vm.specification.name" value="Java Virtual Machine Specification"/>
    <property name="user.dir" value="/root/workspace/marlon123/spring-api-rest-curso/384520172"/>
    <property name="checkstyle.skip" value="true"/>
    <property name="java.runtime.version" value="1.8.0_121-8u121-b13-1~bpo8+1-b13"/>
    <property name="java.awt.graphicsenv" value="sun.awt.X11GraphicsEnvironment"/>
    <property name="skip.npm" value="true"/>
    <property name="java.endorsed.dirs" value="/usr/lib/jvm/java-8-openjdk-amd64/jre/lib/endorsed"/>
    <property name="os.arch" value="amd64"/>
    <property name="java.io.tmpdir" value="/tmp"/>
    <property name="gpg.skip" value="true"/>
    <property name="line.separator" value="&#10;"/>
    <property name="java.vm.specification.vendor" value="Oracle Corporation"/>
    <property name="cobertura.skip" value="true"/>
    <property name="os.name" value="Linux"/>
    <property name="classworlds.conf" value="/usr/share/maven/bin/m2.conf"/>
    <property name="sun.jnu.encoding" value="UTF-8"/>
    <property name="java.library.path" value="/usr/java/packages/lib/amd64:/usr/lib/x86_64-linux-gnu/jni:/lib/x86_64-linux-gnu:/usr/lib/x86_64-linux-gnu:/usr/lib/jni:/lib:/usr/lib"/>
    <property name="license.skip" value="true"/>
    <property name="java.specification.name" value="Java Platform API Specification"/>
    <property name="java.class.version" value="52.0"/>
    <property name="sun.management.compiler" value="HotSpot 64-Bit Tiered Compilers"/>
    <property name="skip.bower" value="true"/>
    <property name="maven.repo.local" value="/root/./workspace/marlon123/spring-api-rest-curso/384520172/.m2"/>
    <property name="os.version" value="3.10.0-862.2.3.el7.x86_64"/>
    <property name="user.home" value="/root"/>
    <property name="user.timezone" value="Europe/Paris"/>
    <property name="java.awt.printerjob" value="sun.print.PSPrinterJob"/>
    <property name="java.specification.version" value="1.8"/>
    <property name="file.encoding" value="UTF-8"/>
    <property name="user.name" value="root"/>
    <property name="java.class.path" value="/usr/share/maven/boot/plexus-classworlds-2.5.2.jar"/>
    <property name="skipITs" value="true"/>
    <property name="java.vm.specification.version" value="1.8"/>
    <property name="sun.arch.data.model" value="64"/>
    <property name="java.home" value="/usr/lib/jvm/java-8-openjdk-amd64/jre"/>
    <property name="sun.java.command" value="org.codehaus.plexus.classworlds.launcher.Launcher -B -D enforcer.skip=true -D dependency-check.skip=true -D skipITs=true -D cobertura.skip=true -D maven.repo.local=/root/./workspace/marlon123/spring-api-rest-curso/384520172/.m2 -D rat.skip=true -D findbugs.skip=true -D skip.bower=true -D gpg.skip=true -D checkstyle.skip=true -D skip.gulp=true -D license.skip=true -D skip.npm=true test"/>
    <property name="java.specification.vendor" value="Oracle Corporation"/>
    <property name="user.language" value="en"/>
    <property name="awt.toolkit" value="sun.awt.X11.XToolkit"/>
    <property name="dependency-check.skip" value="true"/>
    <property name="java.vm.info" value="mixed mode"/>
    <property name="java.version" value="1.8.0_121"/>
    <property name="java.ext.dirs" value="/usr/lib/jvm/java-8-openjdk-amd64/jre/lib/ext:/usr/java/packages/lib/ext"/>
    <property name="securerandom.source" value="file:/dev/./urandom"/>
    <property name="sun.boot.class.path" value="/usr/lib/jvm/java-8-openjdk-amd64/jre/lib/resources.jar:/usr/lib/jvm/java-8-openjdk-amd64/jre/lib/rt.jar:/usr/lib/jvm/java-8-openjdk-amd64/jre/lib/sunrsasign.jar:/usr/lib/jvm/java-8-openjdk-amd64/jre/lib/jsse.jar:/usr/lib/jvm/java-8-openjdk-amd64/jre/lib/jce.jar:/usr/lib/jvm/java-8-openjdk-amd64/jre/lib/charsets.jar:/usr/lib/jvm/java-8-openjdk-amd64/jre/lib/jfr.jar:/usr/lib/jvm/java-8-openjdk-amd64/jre/classes"/>
    <property name="java.vendor" value="Oracle Corporation"/>
    <property name="enforcer.skip" value="true"/>
    <property name="rat.skip" value="true"/>
    <property name="maven.home" value="/usr/share/maven"/>
    <property name="file.separator" value="/"/>
    <property name="java.vendor.url.bug" value="http://bugreport.sun.com/bugreport/"/>
    <property name="sun.cpu.endian" value="little"/>
    <property name="sun.io.unicode.encoding" value="UnicodeLittle"/>
    <property name="sun.cpu.isalist" value=""/>
  </properties>
  <testcase name="testRemoverLancamentoAcessoNegado" classname="br.marlon.pontointeligente.api.controllers.EmpresaControllerTest" time="0">
    <failure message="Status expected:&lt;403&gt; but was:&lt;200&gt;" type="java.lang.AssertionError"><![CDATA[java.lang.AssertionError: Status expected:<403> but was:<200>
	at org.springframework.test.util.AssertionErrors.fail(AssertionErrors.java:54)
	at org.springframework.test.util.AssertionErrors.assertEquals(AssertionErrors.java:81)
	at org.springframework.test.web.servlet.result.StatusResultMatchers$10.match(StatusResultMatchers.java:665)
	at org.springframework.test.web.servlet.MockMvc$1.andExpect(MockMvc.java:171)
	at br.marlon.pontointeligente.api.controllers.EmpresaControllerTest.testRemoverLancamentoAcessoNegado(EmpresaControllerTest.java:108)
]]></failure>
    <system-out><![CDATA[2018-05-28 01:23:47.861  INFO 237 --- [           main] .b.t.c.SpringBootTestContextBootstrapper : Neither @ContextConfiguration nor @ContextHierarchy found for test class [br.marlon.pontointeligente.api.controllers.EmpresaControllerTest], using SpringBootContextLoader
2018-05-28 01:23:47.862  INFO 237 --- [           main] o.s.t.c.support.AbstractContextLoader    : Could not detect default resource locations for test class [br.marlon.pontointeligente.api.controllers.EmpresaControllerTest]: no resource found for suffixes {-context.xml, Context.groovy}.
2018-05-28 01:23:47.862  INFO 237 --- [           main] t.c.s.AnnotationConfigContextLoaderUtils : Could not detect default configuration classes for test class [br.marlon.pontointeligente.api.controllers.EmpresaControllerTest]: EmpresaControllerTest does not declare any static, non-private, non-final, nested classes annotated with @Configuration.
2018-05-28 01:23:47.871  INFO 237 --- [           main] .b.t.c.SpringBootTestContextBootstrapper : Found @SpringBootConfiguration br.marlon.pontointeligente.api.SpringApiRestCursoApplication for test class br.marlon.pontointeligente.api.controllers.EmpresaControllerTest
2018-05-28 01:23:47.874  INFO 237 --- [           main] .b.t.c.SpringBootTestContextBootstrapper : Loaded default TestExecutionListener class names from location [META-INF/spring.factories]: [org.springframework.boot.test.mock.mockito.MockitoTestExecutionListener, org.springframework.boot.test.mock.mockito.ResetMocksTestExecutionListener, org.springframework.boot.test.autoconfigure.restdocs.RestDocsTestExecutionListener, org.springframework.boot.test.autoconfigure.web.client.MockRestServiceServerResetTestExecutionListener, org.springframework.boot.test.autoconfigure.web.servlet.MockMvcPrintOnlyOnFailureTestExecutionListener, org.springframework.boot.test.autoconfigure.web.servlet.WebDriverTestExecutionListener, org.springframework.test.context.web.ServletTestExecutionListener, org.springframework.test.context.support.DirtiesContextBeforeModesTestExecutionListener, org.springframework.test.context.support.DependencyInjectionTestExecutionListener, org.springframework.test.context.support.DirtiesContextTestExecutionListener, org.springframework.test.context.transaction.TransactionalTestExecutionListener, org.springframework.test.context.jdbc.SqlScriptsTestExecutionListener, org.springframework.security.test.context.support.WithSecurityContextTestExecutionListener]
2018-05-28 01:23:47.876  INFO 237 --- [           main] .b.t.c.SpringBootTestContextBootstrapper : Using TestExecutionListeners: [org.springframework.test.context.web.ServletTestExecutionListener@ba76911, org.springframework.test.context.support.DirtiesContextBeforeModesTestExecutionListener@ffb8f15, org.springframework.boot.test.autoconfigure.SpringBootDependencyInjectionTestExecutionListener@1a0b51e7, org.springframework.test.context.support.DirtiesContextTestExecutionListener@6f96d39f, org.springframework.test.context.transaction.TransactionalTestExecutionListener@5f49c09d, org.springframework.test.context.jdbc.SqlScriptsTestExecutionListener@c197f46, org.springframework.security.test.context.support.WithSecurityContextTestExecutionListener@4c5d934b, org.springframework.boot.test.autoconfigure.restdocs.RestDocsTestExecutionListener@150eab74, org.springframework.boot.test.mock.mockito.MockitoTestExecutionListener@4d2dc60, org.springframework.boot.test.autoconfigure.web.servlet.WebDriverTestExecutionListener@43f670f3, org.springframework.boot.test.autoconfigure.web.client.MockRestServiceServerResetTestExecutionListener@6311640d, org.springframework.boot.test.autoconfigure.web.servlet.MockMvcPrintOnlyOnFailureTestExecutionListener@3a42610, org.springframework.boot.test.mock.mockito.ResetMocksTestExecutionListener@1107cbd8]
2018-05-28 01:23:47.883  INFO 237 --- [           main] b.m.p.a.c.LancamentoController           : Removendo lançamento: 1

MockHttpServletRequest:
      HTTP Method = DELETE
      Request URI = /api/lancamentos/1
       Parameters = {}
          Headers = {Accept=[application/json]}

Handler:
             Type = br.marlon.pontointeligente.api.controllers.LancamentoController
           Method = public org.springframework.http.ResponseEntity<br.marlon.pontointeligente.api.response.Response<java.lang.String>> br.marlon.pontointeligente.api.controllers.LancamentoController.remover(java.lang.Long)

Async:
    Async started = false
     Async result = null

Resolved Exception:
             Type = null

ModelAndView:
        View name = null
             View = null
            Model = null

FlashMap:
       Attributes = null

MockHttpServletResponse:
           Status = 200
    Error message = null
          Headers = {Content-Type=[application/json;charset=UTF-8]}
     Content type = application/json;charset=UTF-8
             Body = {"data":null,"errors":[]}
    Forwarded URL = null
   Redirected URL = null
          Cookies = []

MockHttpServletRequest:
      HTTP Method = POST
      Request URI = /api/lancamentos/
       Parameters = {}
          Headers = {Content-Type=[application/json;charset=UTF-8], Accept=[application/json]}

Handler:
             Type = br.marlon.pontointeligente.api.controllers.LancamentoController
           Method = public org.springframework.http.ResponseEntity<br.marlon.pontointeligente.api.response.Response<br.marlon.pontointeligente.api.dtos.LancamentoDto>> br.marlon.pontointeligente.api.controllers.LancamentoController.adicionar(br.marlon.pontointeligente.api.dtos.LancamentoDto,org.springframework.validation.BindingResult) throws java.text.ParseException

Async:
    Async started = false
     Async result = null

Resolved Exception:
             Type = null

ModelAndView:
        View name = null
             View = null
            Model = null

FlashMap:
       Attributes = null

MockHttpServletResponse:
           Status = 200
    Error message = null
          Headers = {Content-Type=[application/json;charset=UTF-8]}
     Content type = application/json;charset=UTF-8
             Body = {"data":{"id":1,"data":"2018-05-28 01:23:46","tipo":"INICIO_TRABALHO","descricao":null,"localizacao":null,"funcionarioId":1},"errors":[]}
    Forwarded URL = null
   Redirected URL = null
          Cookies = []

MockHttpServletRequest:
      HTTP Method = POST
      Request URI = /api/lancamentos/
       Parameters = {}
          Headers = {Content-Type=[application/json;charset=UTF-8], Accept=[application/json]}

Handler:
             Type = br.marlon.pontointeligente.api.controllers.LancamentoController
           Method = public org.springframework.http.ResponseEntity<br.marlon.pontointeligente.api.response.Response<br.marlon.pontointeligente.api.dtos.LancamentoDto>> br.marlon.pontointeligente.api.controllers.LancamentoController.adicionar(br.marlon.pontointeligente.api.dtos.LancamentoDto,org.springframework.validation.BindingResult) throws java.text.ParseException

Async:
    Async started = false
     Async result = null

Resolved Exception:
             Type = null

ModelAndView:
        View name = null
             View = null
            Model = null

FlashMap:
       Attributes = null

MockHttpServletResponse:
           Status = 400
    Error message = null
          Headers = {Content-Type=[application/json;charset=UTF-8]}
     Content type = application/json;charset=UTF-8
             Body = {"data":null,"errors":["Funcionário não encontrado. ID inexistente."]}
    Forwarded URL = null
   Redirected URL = null
          Cookies = []

MockHttpServletRequest:
      HTTP Method = DELETE
      Request URI = /api/lancamentos/1
       Parameters = {}
          Headers = {Accept=[application/json]}

Handler:
             Type = br.marlon.pontointeligente.api.controllers.LancamentoController
           Method = public org.springframework.http.ResponseEntity<br.marlon.pontointeligente.api.response.Response<java.lang.String>> br.marlon.pontointeligente.api.controllers.LancamentoController.remover(java.lang.Long)

Async:
    Async started = false
     Async result = null

Resolved Exception:
             Type = null

ModelAndView:
        View name = null
             View = null
            Model = null

FlashMap:
       Attributes = null

MockHttpServletResponse:
           Status = 200
    Error message = null
          Headers = {Content-Type=[application/json;charset=UTF-8]}
     Content type = application/json;charset=UTF-8
             Body = {"data":null,"errors":[]}
    Forwarded URL = null
   Redirected URL = null
          Cookies = []

MockHttpServletRequest:
      HTTP Method = DELETE
      Request URI = /api/lancamentos/1
       Parameters = {}
          Headers = {Accept=[application/json]}

Handler:
             Type = br.marlon.pontointeligente.api.controllers.LancamentoController
           Method = public org.springframework.http.ResponseEntity<br.marlon.pontointeligente.api.response.Response<java.lang.String>> br.marlon.pontointeligente.api.controllers.LancamentoController.remover(java.lang.Long)

Async:
    Async started = false
     Async result = null

Resolved Exception:
             Type = null

ModelAndView:
        View name = null
             View = null
            Model = null

FlashMap:
       Attributes = null

MockHttpServletResponse:
           Status = 200
    Error message = null
          Headers = {Content-Type=[application/json;charset=UTF-8]}
     Content type = application/json;charset=UTF-8
             Body = {"data":null,"errors":[]}
    Forwarded URL = null
   Redirected URL = null
          Cookies = []
]]></system-out>
  </testcase>
  <testcase name="testCadastrarLancamento" classname="br.marlon.pontointeligente.api.controllers.EmpresaControllerTest" time="0"/>
  <testcase name="testCadastrarLancamentoFuncionarioIdInvalido" classname="br.marlon.pontointeligente.api.controllers.EmpresaControllerTest" time="0.001"/>
  <testcase name="testRemoverLancamento" classname="br.marlon.pontointeligente.api.controllers.EmpresaControllerTest" time="0"/>
</testsuite>