<?xml version="1.0" encoding="UTF-8"?>
<testsuite xmlns:xsi="http://www.w3.org/2001/XMLSchema-instance" xsi:noNamespaceSchemaLocation="https://maven.apache.org/surefire/maven-surefire-plugin/xsd/surefire-test-report.xsd" name="pl.edu.prz.kia.universityproject.UniversityProjectApplicationTests" time="12.633" tests="1" errors="1" skipped="0" failures="0">
  <properties>
    <property name="awt.toolkit" value="sun.awt.X11.XToolkit"/>
    <property name="file.encoding.pkg" value="sun.io"/>
    <property name="java.specification.version" value="1.8"/>
    <property name="sun.cpu.isalist" value=""/>
    <property name="sun.jnu.encoding" value="UTF-8"/>
    <property name="java.class.path" value="/root/workspace/rmitula/spring-mvc-university-project/376323720/target/test-classes:/root/workspace/rmitula/spring-mvc-university-project/376323720/target/classes:/root/./workspace/rmitula/spring-mvc-university-project/376323720/.m2/org/springframework/boot/spring-boot-starter-data-jpa/2.0.0.RELEASE/spring-boot-starter-data-jpa-2.0.0.RELEASE.jar:/root/./workspace/rmitula/spring-mvc-university-project/376323720/.m2/org/springframework/boot/spring-boot-starter/2.0.0.RELEASE/spring-boot-starter-2.0.0.RELEASE.jar:/root/./workspace/rmitula/spring-mvc-university-project/376323720/.m2/org/springframework/boot/spring-boot/2.0.0.RELEASE/spring-boot-2.0.0.RELEASE.jar:/root/./workspace/rmitula/spring-mvc-university-project/376323720/.m2/org/springframework/boot/spring-boot-autoconfigure/2.0.0.RELEASE/spring-boot-autoconfigure-2.0.0.RELEASE.jar:/root/./workspace/rmitula/spring-mvc-university-project/376323720/.m2/org/springframework/boot/spring-boot-starter-logging/2.0.0.RELEASE/spring-boot-starter-logging-2.0.0.RELEASE.jar:/root/./workspace/rmitula/spring-mvc-university-project/376323720/.m2/ch/qos/logback/logback-classic/1.2.3/logback-classic-1.2.3.jar:/root/./workspace/rmitula/spring-mvc-university-project/376323720/.m2/ch/qos/logback/logback-core/1.2.3/logback-core-1.2.3.jar:/root/./workspace/rmitula/spring-mvc-university-project/376323720/.m2/org/apache/logging/log4j/log4j-to-slf4j/2.10.0/log4j-to-slf4j-2.10.0.jar:/root/./workspace/rmitula/spring-mvc-university-project/376323720/.m2/org/apache/logging/log4j/log4j-api/2.10.0/log4j-api-2.10.0.jar:/root/./workspace/rmitula/spring-mvc-university-project/376323720/.m2/org/slf4j/jul-to-slf4j/1.7.25/jul-to-slf4j-1.7.25.jar:/root/./workspace/rmitula/spring-mvc-university-project/376323720/.m2/javax/annotation/javax.annotation-api/1.3.2/javax.annotation-api-1.3.2.jar:/root/./workspace/rmitula/spring-mvc-university-project/376323720/.m2/org/yaml/snakeyaml/1.19/snakeyaml-1.19.jar:/root/./workspace/rmitula/spring-mvc-university-project/376323720/.m2/org/springframework/boot/spring-boot-starter-aop/2.0.0.RELEASE/spring-boot-starter-aop-2.0.0.RELEASE.jar:/root/./workspace/rmitula/spring-mvc-university-project/376323720/.m2/org/aspectj/aspectjweaver/1.8.13/aspectjweaver-1.8.13.jar:/root/./workspace/rmitula/spring-mvc-university-project/376323720/.m2/org/springframework/boot/spring-boot-starter-jdbc/2.0.0.RELEASE/spring-boot-starter-jdbc-2.0.0.RELEASE.jar:/root/./workspace/rmitula/spring-mvc-university-project/376323720/.m2/com/zaxxer/HikariCP/2.7.8/HikariCP-2.7.8.jar:/root/./workspace/rmitula/spring-mvc-university-project/376323720/.m2/org/springframework/spring-jdbc/5.0.4.RELEASE/spring-jdbc-5.0.4.RELEASE.jar:/root/./workspace/rmitula/spring-mvc-university-project/376323720/.m2/org/hibernate/hibernate-core/5.2.14.Final/hibernate-core-5.2.14.Final.jar:/root/./workspace/rmitula/spring-mvc-university-project/376323720/.m2/org/jboss/logging/jboss-logging/3.3.2.Final/jboss-logging-3.3.2.Final.jar:/root/./workspace/rmitula/spring-mvc-university-project/376323720/.m2/org/hibernate/javax/persistence/hibernate-jpa-2.1-api/1.0.0.Final/hibernate-jpa-2.1-api-1.0.0.Final.jar:/root/./workspace/rmitula/spring-mvc-university-project/376323720/.m2/org/javassist/javassist/3.22.0-GA/javassist-3.22.0-GA.jar:/root/./workspace/rmitula/spring-mvc-university-project/376323720/.m2/antlr/antlr/2.7.7/antlr-2.7.7.jar:/root/./workspace/rmitula/spring-mvc-university-project/376323720/.m2/org/jboss/jandex/2.0.3.Final/jandex-2.0.3.Final.jar:/root/./workspace/rmitula/spring-mvc-university-project/376323720/.m2/com/fasterxml/classmate/1.3.4/classmate-1.3.4.jar:/root/./workspace/rmitula/spring-mvc-university-project/376323720/.m2/dom4j/dom4j/1.6.1/dom4j-1.6.1.jar:/root/./workspace/rmitula/spring-mvc-university-project/376323720/.m2/org/hibernate/common/hibernate-commons-annotations/5.0.1.Final/hibernate-commons-annotations-5.0.1.Final.jar:/root/./workspace/rmitula/spring-mvc-university-project/376323720/.m2/javax/transaction/javax.transaction-api/1.2/javax.transaction-api-1.2.jar:/root/./workspace/rmitula/spring-mvc-university-project/376323720/.m2/org/springframework/data/spring-data-jpa/2.0.5.RELEASE/spring-data-jpa-2.0.5.RELEASE.jar:/root/./workspace/rmitula/spring-mvc-university-project/376323720/.m2/org/springframework/data/spring-data-commons/2.0.5.RELEASE/spring-data-commons-2.0.5.RELEASE.jar:/root/./workspace/rmitula/spring-mvc-university-project/376323720/.m2/org/springframework/spring-orm/5.0.4.RELEASE/spring-orm-5.0.4.RELEASE.jar:/root/./workspace/rmitula/spring-mvc-university-project/376323720/.m2/org/springframework/spring-context/5.0.4.RELEASE/spring-context-5.0.4.RELEASE.jar:/root/./workspace/rmitula/spring-mvc-university-project/376323720/.m2/org/springframework/spring-tx/5.0.4.RELEASE/spring-tx-5.0.4.RELEASE.jar:/root/./workspace/rmitula/spring-mvc-university-project/376323720/.m2/org/springframework/spring-beans/5.0.4.RELEASE/spring-beans-5.0.4.RELEASE.jar:/root/./workspace/rmitula/spring-mvc-university-project/376323720/.m2/org/springframework/spring-aspects/5.0.4.RELEASE/spring-aspects-5.0.4.RELEASE.jar:/root/./workspace/rmitula/spring-mvc-university-project/376323720/.m2/org/springframework/boot/spring-boot-starter-security/2.0.0.RELEASE/spring-boot-starter-security-2.0.0.RELEASE.jar:/root/./workspace/rmitula/spring-mvc-university-project/376323720/.m2/org/springframework/spring-aop/5.0.4.RELEASE/spring-aop-5.0.4.RELEASE.jar:/root/./workspace/rmitula/spring-mvc-university-project/376323720/.m2/org/springframework/security/spring-security-config/5.0.3.RELEASE/spring-security-config-5.0.3.RELEASE.jar:/root/./workspace/rmitula/spring-mvc-university-project/376323720/.m2/org/springframework/security/spring-security-web/5.0.3.RELEASE/spring-security-web-5.0.3.RELEASE.jar:/root/./workspace/rmitula/spring-mvc-university-project/376323720/.m2/org/springframework/spring-expression/5.0.4.RELEASE/spring-expression-5.0.4.RELEASE.jar:/root/./workspace/rmitula/spring-mvc-university-project/376323720/.m2/org/springframework/boot/spring-boot-starter-thymeleaf/2.0.0.RELEASE/spring-boot-starter-thymeleaf-2.0.0.RELEASE.jar:/root/./workspace/rmitula/spring-mvc-university-project/376323720/.m2/org/thymeleaf/thymeleaf-spring5/3.0.9.RELEASE/thymeleaf-spring5-3.0.9.RELEASE.jar:/root/./workspace/rmitula/spring-mvc-university-project/376323720/.m2/org/thymeleaf/thymeleaf/3.0.9.RELEASE/thymeleaf-3.0.9.RELEASE.jar:/root/./workspace/rmitula/spring-mvc-university-project/376323720/.m2/org/attoparser/attoparser/2.0.4.RELEASE/attoparser-2.0.4.RELEASE.jar:/root/./workspace/rmitula/spring-mvc-university-project/376323720/.m2/org/unbescape/unbescape/1.1.5.RELEASE/unbescape-1.1.5.RELEASE.jar:/root/./workspace/rmitula/spring-mvc-university-project/376323720/.m2/org/thymeleaf/extras/thymeleaf-extras-java8time/3.0.1.RELEASE/thymeleaf-extras-java8time-3.0.1.RELEASE.jar:/root/./workspace/rmitula/spring-mvc-university-project/376323720/.m2/org/springframework/boot/spring-boot-starter-web/2.0.0.RELEASE/spring-boot-starter-web-2.0.0.RELEASE.jar:/root/./workspace/rmitula/spring-mvc-university-project/376323720/.m2/org/springframework/boot/spring-boot-starter-json/2.0.0.RELEASE/spring-boot-starter-json-2.0.0.RELEASE.jar:/root/./workspace/rmitula/spring-mvc-university-project/376323720/.m2/com/fasterxml/jackson/core/jackson-databind/2.9.4/jackson-databind-2.9.4.jar:/root/./workspace/rmitula/spring-mvc-university-project/376323720/.m2/com/fasterxml/jackson/core/jackson-annotations/2.9.0/jackson-annotations-2.9.0.jar:/root/./workspace/rmitula/spring-mvc-university-project/376323720/.m2/com/fasterxml/jackson/core/jackson-core/2.9.4/jackson-core-2.9.4.jar:/root/./workspace/rmitula/spring-mvc-university-project/376323720/.m2/com/fasterxml/jackson/datatype/jackson-datatype-jdk8/2.9.4/jackson-datatype-jdk8-2.9.4.jar:/root/./workspace/rmitula/spring-mvc-university-project/376323720/.m2/com/fasterxml/jackson/datatype/jackson-datatype-jsr310/2.9.4/jackson-datatype-jsr310-2.9.4.jar:/root/./workspace/rmitula/spring-mvc-university-project/376323720/.m2/com/fasterxml/jackson/module/jackson-module-parameter-names/2.9.4/jackson-module-parameter-names-2.9.4.jar:/root/./workspace/rmitula/spring-mvc-university-project/376323720/.m2/org/springframework/boot/spring-boot-starter-tomcat/2.0.0.RELEASE/spring-boot-starter-tomcat-2.0.0.RELEASE.jar:/root/./workspace/rmitula/spring-mvc-university-project/376323720/.m2/org/apache/tomcat/embed/tomcat-embed-websocket/8.5.28/tomcat-embed-websocket-8.5.28.jar:/root/./workspace/rmitula/spring-mvc-university-project/376323720/.m2/org/hibernate/validator/hibernate-validator/6.0.7.Final/hibernate-validator-6.0.7.Final.jar:/root/./workspace/rmitula/spring-mvc-university-project/376323720/.m2/javax/validation/validation-api/2.0.1.Final/validation-api-2.0.1.Final.jar:/root/./workspace/rmitula/spring-mvc-university-project/376323720/.m2/org/springframework/spring-web/5.0.4.RELEASE/spring-web-5.0.4.RELEASE.jar:/root/./workspace/rmitula/spring-mvc-university-project/376323720/.m2/org/springframework/spring-webmvc/5.0.4.RELEASE/spring-webmvc-5.0.4.RELEASE.jar:/root/./workspace/rmitula/spring-mvc-university-project/376323720/.m2/com/h2database/h2/1.4.196/h2-1.4.196.jar:/root/./workspace/rmitula/spring-mvc-university-project/376323720/.m2/net/sourceforge/nekohtml/nekohtml/1.9.21/nekohtml-1.9.21.jar:/root/./workspace/rmitula/spring-mvc-university-project/376323720/.m2/xerces/xercesImpl/2.10.0/xercesImpl-2.10.0.jar:/root/./workspace/rmitula/spring-mvc-university-project/376323720/.m2/xml-apis/xml-apis/1.4.01/xml-apis-1.4.01.jar:/root/./workspace/rmitula/spring-mvc-university-project/376323720/.m2/org/thymeleaf/extras/thymeleaf-extras-springsecurity4/3.0.2.RELEASE/thymeleaf-extras-springsecurity4-3.0.2.RELEASE.jar:/root/./workspace/rmitula/spring-mvc-university-project/376323720/.m2/org/slf4j/slf4j-api/1.7.25/slf4j-api-1.7.25.jar:/root/./workspace/rmitula/spring-mvc-university-project/376323720/.m2/org/apache/tomcat/embed/tomcat-embed-jasper/8.5.28/tomcat-embed-jasper-8.5.28.jar:/root/./workspace/rmitula/spring-mvc-university-project/376323720/.m2/org/apache/tomcat/embed/tomcat-embed-core/8.5.28/tomcat-embed-core-8.5.28.jar:/root/./workspace/rmitula/spring-mvc-university-project/376323720/.m2/org/apache/tomcat/tomcat-annotations-api/8.5.28/tomcat-annotations-api-8.5.28.jar:/root/./workspace/rmitula/spring-mvc-university-project/376323720/.m2/org/apache/tomcat/embed/tomcat-embed-el/8.5.28/tomcat-embed-el-8.5.28.jar:/root/./workspace/rmitula/spring-mvc-university-project/376323720/.m2/org/eclipse/jdt/ecj/3.12.3/ecj-3.12.3.jar:/root/./workspace/rmitula/spring-mvc-university-project/376323720/.m2/org/springframework/boot/spring-boot-starter-test/2.0.0.RELEASE/spring-boot-starter-test-2.0.0.RELEASE.jar:/root/./workspace/rmitula/spring-mvc-university-project/376323720/.m2/org/springframework/boot/spring-boot-test/2.0.0.RELEASE/spring-boot-test-2.0.0.RELEASE.jar:/root/./workspace/rmitula/spring-mvc-university-project/376323720/.m2/org/springframework/boot/spring-boot-test-autoconfigure/2.0.0.RELEASE/spring-boot-test-autoconfigure-2.0.0.RELEASE.jar:/root/./workspace/rmitula/spring-mvc-university-project/376323720/.m2/com/jayway/jsonpath/json-path/2.4.0/json-path-2.4.0.jar:/root/./workspace/rmitula/spring-mvc-university-project/376323720/.m2/net/minidev/json-smart/2.3/json-smart-2.3.jar:/root/./workspace/rmitula/spring-mvc-university-project/376323720/.m2/net/minidev/accessors-smart/1.2/accessors-smart-1.2.jar:/root/./workspace/rmitula/spring-mvc-university-project/376323720/.m2/org/ow2/asm/asm/5.0.4/asm-5.0.4.jar:/root/./workspace/rmitula/spring-mvc-university-project/376323720/.m2/junit/junit/4.12/junit-4.12.jar:/root/./workspace/rmitula/spring-mvc-university-project/376323720/.m2/org/assertj/assertj-core/3.9.1/assertj-core-3.9.1.jar:/root/./workspace/rmitula/spring-mvc-university-project/376323720/.m2/org/mockito/mockito-core/2.15.0/mockito-core-2.15.0.jar:/root/./workspace/rmitula/spring-mvc-university-project/376323720/.m2/net/bytebuddy/byte-buddy/1.7.10/byte-buddy-1.7.10.jar:/root/./workspace/rmitula/spring-mvc-university-project/376323720/.m2/net/bytebuddy/byte-buddy-agent/1.7.10/byte-buddy-agent-1.7.10.jar:/root/./workspace/rmitula/spring-mvc-university-project/376323720/.m2/org/objenesis/objenesis/2.6/objenesis-2.6.jar:/root/./workspace/rmitula/spring-mvc-university-project/376323720/.m2/org/hamcrest/hamcrest-core/1.3/hamcrest-core-1.3.jar:/root/./workspace/rmitula/spring-mvc-university-project/376323720/.m2/org/hamcrest/hamcrest-library/1.3/hamcrest-library-1.3.jar:/root/./workspace/rmitula/spring-mvc-university-project/376323720/.m2/org/skyscreamer/jsonassert/1.5.0/jsonassert-1.5.0.jar:/root/./workspace/rmitula/spring-mvc-university-project/376323720/.m2/com/vaadin/external/google/android-json/0.0.20131108.vaadin1/android-json-0.0.20131108.vaadin1.jar:/root/./workspace/rmitula/spring-mvc-university-project/376323720/.m2/org/springframework/spring-core/5.0.4.RELEASE/spring-core-5.0.4.RELEASE.jar:/root/./workspace/rmitula/spring-mvc-university-project/376323720/.m2/org/springframework/spring-jcl/5.0.4.RELEASE/spring-jcl-5.0.4.RELEASE.jar:/root/./workspace/rmitula/spring-mvc-university-project/376323720/.m2/org/springframework/spring-test/5.0.4.RELEASE/spring-test-5.0.4.RELEASE.jar:/root/./workspace/rmitula/spring-mvc-university-project/376323720/.m2/org/xmlunit/xmlunit-core/2.5.1/xmlunit-core-2.5.1.jar:/root/./workspace/rmitula/spring-mvc-university-project/376323720/.m2/org/springframework/security/spring-security-test/5.0.3.RELEASE/spring-security-test-5.0.3.RELEASE.jar:/root/./workspace/rmitula/spring-mvc-university-project/376323720/.m2/org/springframework/security/spring-security-core/5.0.3.RELEASE/spring-security-core-5.0.3.RELEASE.jar:"/>
    <property name="java.vm.vendor" value="Oracle Corporation"/>
    <property name="skip.bower" value="true"/>
    <property name="sun.arch.data.model" value="64"/>
    <property name="java.vendor.url" value="http://java.oracle.com/"/>
    <property name="user.timezone" value=""/>
    <property name="java.vm.specification.version" value="1.8"/>
    <property name="os.name" value="Linux"/>
    <property name="rat.skip" value="true"/>
    <property name="gpg.skip" value="true"/>
    <property name="sun.java.launcher" value="SUN_STANDARD"/>
    <property name="sun.boot.library.path" value="/usr/lib/jvm/java-8-openjdk-amd64/jre/lib/amd64"/>
    <property name="skip.gulp" value="true"/>
    <property name="sun.java.command" value="/root/workspace/rmitula/spring-mvc-university-project/376323720/target/surefire/surefirebooter7795688588133572926.jar /root/workspace/rmitula/spring-mvc-university-project/376323720/target/surefire 2018-05-08T13-38-47_030-jvmRun1 surefire6233690948921752470tmp surefire_06916705962628710263tmp"/>
    <property name="surefire.test.class.path" value="/root/workspace/rmitula/spring-mvc-university-project/376323720/target/test-classes:/root/workspace/rmitula/spring-mvc-university-project/376323720/target/classes:/root/./workspace/rmitula/spring-mvc-university-project/376323720/.m2/org/springframework/boot/spring-boot-starter-data-jpa/2.0.0.RELEASE/spring-boot-starter-data-jpa-2.0.0.RELEASE.jar:/root/./workspace/rmitula/spring-mvc-university-project/376323720/.m2/org/springframework/boot/spring-boot-starter/2.0.0.RELEASE/spring-boot-starter-2.0.0.RELEASE.jar:/root/./workspace/rmitula/spring-mvc-university-project/376323720/.m2/org/springframework/boot/spring-boot/2.0.0.RELEASE/spring-boot-2.0.0.RELEASE.jar:/root/./workspace/rmitula/spring-mvc-university-project/376323720/.m2/org/springframework/boot/spring-boot-autoconfigure/2.0.0.RELEASE/spring-boot-autoconfigure-2.0.0.RELEASE.jar:/root/./workspace/rmitula/spring-mvc-university-project/376323720/.m2/org/springframework/boot/spring-boot-starter-logging/2.0.0.RELEASE/spring-boot-starter-logging-2.0.0.RELEASE.jar:/root/./workspace/rmitula/spring-mvc-university-project/376323720/.m2/ch/qos/logback/logback-classic/1.2.3/logback-classic-1.2.3.jar:/root/./workspace/rmitula/spring-mvc-university-project/376323720/.m2/ch/qos/logback/logback-core/1.2.3/logback-core-1.2.3.jar:/root/./workspace/rmitula/spring-mvc-university-project/376323720/.m2/org/apache/logging/log4j/log4j-to-slf4j/2.10.0/log4j-to-slf4j-2.10.0.jar:/root/./workspace/rmitula/spring-mvc-university-project/376323720/.m2/org/apache/logging/log4j/log4j-api/2.10.0/log4j-api-2.10.0.jar:/root/./workspace/rmitula/spring-mvc-university-project/376323720/.m2/org/slf4j/jul-to-slf4j/1.7.25/jul-to-slf4j-1.7.25.jar:/root/./workspace/rmitula/spring-mvc-university-project/376323720/.m2/javax/annotation/javax.annotation-api/1.3.2/javax.annotation-api-1.3.2.jar:/root/./workspace/rmitula/spring-mvc-university-project/376323720/.m2/org/yaml/snakeyaml/1.19/snakeyaml-1.19.jar:/root/./workspace/rmitula/spring-mvc-university-project/376323720/.m2/org/springframework/boot/spring-boot-starter-aop/2.0.0.RELEASE/spring-boot-starter-aop-2.0.0.RELEASE.jar:/root/./workspace/rmitula/spring-mvc-university-project/376323720/.m2/org/aspectj/aspectjweaver/1.8.13/aspectjweaver-1.8.13.jar:/root/./workspace/rmitula/spring-mvc-university-project/376323720/.m2/org/springframework/boot/spring-boot-starter-jdbc/2.0.0.RELEASE/spring-boot-starter-jdbc-2.0.0.RELEASE.jar:/root/./workspace/rmitula/spring-mvc-university-project/376323720/.m2/com/zaxxer/HikariCP/2.7.8/HikariCP-2.7.8.jar:/root/./workspace/rmitula/spring-mvc-university-project/376323720/.m2/org/springframework/spring-jdbc/5.0.4.RELEASE/spring-jdbc-5.0.4.RELEASE.jar:/root/./workspace/rmitula/spring-mvc-university-project/376323720/.m2/org/hibernate/hibernate-core/5.2.14.Final/hibernate-core-5.2.14.Final.jar:/root/./workspace/rmitula/spring-mvc-university-project/376323720/.m2/org/jboss/logging/jboss-logging/3.3.2.Final/jboss-logging-3.3.2.Final.jar:/root/./workspace/rmitula/spring-mvc-university-project/376323720/.m2/org/hibernate/javax/persistence/hibernate-jpa-2.1-api/1.0.0.Final/hibernate-jpa-2.1-api-1.0.0.Final.jar:/root/./workspace/rmitula/spring-mvc-university-project/376323720/.m2/org/javassist/javassist/3.22.0-GA/javassist-3.22.0-GA.jar:/root/./workspace/rmitula/spring-mvc-university-project/376323720/.m2/antlr/antlr/2.7.7/antlr-2.7.7.jar:/root/./workspace/rmitula/spring-mvc-university-project/376323720/.m2/org/jboss/jandex/2.0.3.Final/jandex-2.0.3.Final.jar:/root/./workspace/rmitula/spring-mvc-university-project/376323720/.m2/com/fasterxml/classmate/1.3.4/classmate-1.3.4.jar:/root/./workspace/rmitula/spring-mvc-university-project/376323720/.m2/dom4j/dom4j/1.6.1/dom4j-1.6.1.jar:/root/./workspace/rmitula/spring-mvc-university-project/376323720/.m2/org/hibernate/common/hibernate-commons-annotations/5.0.1.Final/hibernate-commons-annotations-5.0.1.Final.jar:/root/./workspace/rmitula/spring-mvc-university-project/376323720/.m2/javax/transaction/javax.transaction-api/1.2/javax.transaction-api-1.2.jar:/root/./workspace/rmitula/spring-mvc-university-project/376323720/.m2/org/springframework/data/spring-data-jpa/2.0.5.RELEASE/spring-data-jpa-2.0.5.RELEASE.jar:/root/./workspace/rmitula/spring-mvc-university-project/376323720/.m2/org/springframework/data/spring-data-commons/2.0.5.RELEASE/spring-data-commons-2.0.5.RELEASE.jar:/root/./workspace/rmitula/spring-mvc-university-project/376323720/.m2/org/springframework/spring-orm/5.0.4.RELEASE/spring-orm-5.0.4.RELEASE.jar:/root/./workspace/rmitula/spring-mvc-university-project/376323720/.m2/org/springframework/spring-context/5.0.4.RELEASE/spring-context-5.0.4.RELEASE.jar:/root/./workspace/rmitula/spring-mvc-university-project/376323720/.m2/org/springframework/spring-tx/5.0.4.RELEASE/spring-tx-5.0.4.RELEASE.jar:/root/./workspace/rmitula/spring-mvc-university-project/376323720/.m2/org/springframework/spring-beans/5.0.4.RELEASE/spring-beans-5.0.4.RELEASE.jar:/root/./workspace/rmitula/spring-mvc-university-project/376323720/.m2/org/springframework/spring-aspects/5.0.4.RELEASE/spring-aspects-5.0.4.RELEASE.jar:/root/./workspace/rmitula/spring-mvc-university-project/376323720/.m2/org/springframework/boot/spring-boot-starter-security/2.0.0.RELEASE/spring-boot-starter-security-2.0.0.RELEASE.jar:/root/./workspace/rmitula/spring-mvc-university-project/376323720/.m2/org/springframework/spring-aop/5.0.4.RELEASE/spring-aop-5.0.4.RELEASE.jar:/root/./workspace/rmitula/spring-mvc-university-project/376323720/.m2/org/springframework/security/spring-security-config/5.0.3.RELEASE/spring-security-config-5.0.3.RELEASE.jar:/root/./workspace/rmitula/spring-mvc-university-project/376323720/.m2/org/springframework/security/spring-security-web/5.0.3.RELEASE/spring-security-web-5.0.3.RELEASE.jar:/root/./workspace/rmitula/spring-mvc-university-project/376323720/.m2/org/springframework/spring-expression/5.0.4.RELEASE/spring-expression-5.0.4.RELEASE.jar:/root/./workspace/rmitula/spring-mvc-university-project/376323720/.m2/org/springframework/boot/spring-boot-starter-thymeleaf/2.0.0.RELEASE/spring-boot-starter-thymeleaf-2.0.0.RELEASE.jar:/root/./workspace/rmitula/spring-mvc-university-project/376323720/.m2/org/thymeleaf/thymeleaf-spring5/3.0.9.RELEASE/thymeleaf-spring5-3.0.9.RELEASE.jar:/root/./workspace/rmitula/spring-mvc-university-project/376323720/.m2/org/thymeleaf/thymeleaf/3.0.9.RELEASE/thymeleaf-3.0.9.RELEASE.jar:/root/./workspace/rmitula/spring-mvc-university-project/376323720/.m2/org/attoparser/attoparser/2.0.4.RELEASE/attoparser-2.0.4.RELEASE.jar:/root/./workspace/rmitula/spring-mvc-university-project/376323720/.m2/org/unbescape/unbescape/1.1.5.RELEASE/unbescape-1.1.5.RELEASE.jar:/root/./workspace/rmitula/spring-mvc-university-project/376323720/.m2/org/thymeleaf/extras/thymeleaf-extras-java8time/3.0.1.RELEASE/thymeleaf-extras-java8time-3.0.1.RELEASE.jar:/root/./workspace/rmitula/spring-mvc-university-project/376323720/.m2/org/springframework/boot/spring-boot-starter-web/2.0.0.RELEASE/spring-boot-starter-web-2.0.0.RELEASE.jar:/root/./workspace/rmitula/spring-mvc-university-project/376323720/.m2/org/springframework/boot/spring-boot-starter-json/2.0.0.RELEASE/spring-boot-starter-json-2.0.0.RELEASE.jar:/root/./workspace/rmitula/spring-mvc-university-project/376323720/.m2/com/fasterxml/jackson/core/jackson-databind/2.9.4/jackson-databind-2.9.4.jar:/root/./workspace/rmitula/spring-mvc-university-project/376323720/.m2/com/fasterxml/jackson/core/jackson-annotations/2.9.0/jackson-annotations-2.9.0.jar:/root/./workspace/rmitula/spring-mvc-university-project/376323720/.m2/com/fasterxml/jackson/core/jackson-core/2.9.4/jackson-core-2.9.4.jar:/root/./workspace/rmitula/spring-mvc-university-project/376323720/.m2/com/fasterxml/jackson/datatype/jackson-datatype-jdk8/2.9.4/jackson-datatype-jdk8-2.9.4.jar:/root/./workspace/rmitula/spring-mvc-university-project/376323720/.m2/com/fasterxml/jackson/datatype/jackson-datatype-jsr310/2.9.4/jackson-datatype-jsr310-2.9.4.jar:/root/./workspace/rmitula/spring-mvc-university-project/376323720/.m2/com/fasterxml/jackson/module/jackson-module-parameter-names/2.9.4/jackson-module-parameter-names-2.9.4.jar:/root/./workspace/rmitula/spring-mvc-university-project/376323720/.m2/org/springframework/boot/spring-boot-starter-tomcat/2.0.0.RELEASE/spring-boot-starter-tomcat-2.0.0.RELEASE.jar:/root/./workspace/rmitula/spring-mvc-university-project/376323720/.m2/org/apache/tomcat/embed/tomcat-embed-websocket/8.5.28/tomcat-embed-websocket-8.5.28.jar:/root/./workspace/rmitula/spring-mvc-university-project/376323720/.m2/org/hibernate/validator/hibernate-validator/6.0.7.Final/hibernate-validator-6.0.7.Final.jar:/root/./workspace/rmitula/spring-mvc-university-project/376323720/.m2/javax/validation/validation-api/2.0.1.Final/validation-api-2.0.1.Final.jar:/root/./workspace/rmitula/spring-mvc-university-project/376323720/.m2/org/springframework/spring-web/5.0.4.RELEASE/spring-web-5.0.4.RELEASE.jar:/root/./workspace/rmitula/spring-mvc-university-project/376323720/.m2/org/springframework/spring-webmvc/5.0.4.RELEASE/spring-webmvc-5.0.4.RELEASE.jar:/root/./workspace/rmitula/spring-mvc-university-project/376323720/.m2/com/h2database/h2/1.4.196/h2-1.4.196.jar:/root/./workspace/rmitula/spring-mvc-university-project/376323720/.m2/net/sourceforge/nekohtml/nekohtml/1.9.21/nekohtml-1.9.21.jar:/root/./workspace/rmitula/spring-mvc-university-project/376323720/.m2/xerces/xercesImpl/2.10.0/xercesImpl-2.10.0.jar:/root/./workspace/rmitula/spring-mvc-university-project/376323720/.m2/xml-apis/xml-apis/1.4.01/xml-apis-1.4.01.jar:/root/./workspace/rmitula/spring-mvc-university-project/376323720/.m2/org/thymeleaf/extras/thymeleaf-extras-springsecurity4/3.0.2.RELEASE/thymeleaf-extras-springsecurity4-3.0.2.RELEASE.jar:/root/./workspace/rmitula/spring-mvc-university-project/376323720/.m2/org/slf4j/slf4j-api/1.7.25/slf4j-api-1.7.25.jar:/root/./workspace/rmitula/spring-mvc-university-project/376323720/.m2/org/apache/tomcat/embed/tomcat-embed-jasper/8.5.28/tomcat-embed-jasper-8.5.28.jar:/root/./workspace/rmitula/spring-mvc-university-project/376323720/.m2/org/apache/tomcat/embed/tomcat-embed-core/8.5.28/tomcat-embed-core-8.5.28.jar:/root/./workspace/rmitula/spring-mvc-university-project/376323720/.m2/org/apache/tomcat/tomcat-annotations-api/8.5.28/tomcat-annotations-api-8.5.28.jar:/root/./workspace/rmitula/spring-mvc-university-project/376323720/.m2/org/apache/tomcat/embed/tomcat-embed-el/8.5.28/tomcat-embed-el-8.5.28.jar:/root/./workspace/rmitula/spring-mvc-university-project/376323720/.m2/org/eclipse/jdt/ecj/3.12.3/ecj-3.12.3.jar:/root/./workspace/rmitula/spring-mvc-university-project/376323720/.m2/org/springframework/boot/spring-boot-starter-test/2.0.0.RELEASE/spring-boot-starter-test-2.0.0.RELEASE.jar:/root/./workspace/rmitula/spring-mvc-university-project/376323720/.m2/org/springframework/boot/spring-boot-test/2.0.0.RELEASE/spring-boot-test-2.0.0.RELEASE.jar:/root/./workspace/rmitula/spring-mvc-university-project/376323720/.m2/org/springframework/boot/spring-boot-test-autoconfigure/2.0.0.RELEASE/spring-boot-test-autoconfigure-2.0.0.RELEASE.jar:/root/./workspace/rmitula/spring-mvc-university-project/376323720/.m2/com/jayway/jsonpath/json-path/2.4.0/json-path-2.4.0.jar:/root/./workspace/rmitula/spring-mvc-university-project/376323720/.m2/net/minidev/json-smart/2.3/json-smart-2.3.jar:/root/./workspace/rmitula/spring-mvc-university-project/376323720/.m2/net/minidev/accessors-smart/1.2/accessors-smart-1.2.jar:/root/./workspace/rmitula/spring-mvc-university-project/376323720/.m2/org/ow2/asm/asm/5.0.4/asm-5.0.4.jar:/root/./workspace/rmitula/spring-mvc-university-project/376323720/.m2/junit/junit/4.12/junit-4.12.jar:/root/./workspace/rmitula/spring-mvc-university-project/376323720/.m2/org/assertj/assertj-core/3.9.1/assertj-core-3.9.1.jar:/root/./workspace/rmitula/spring-mvc-university-project/376323720/.m2/org/mockito/mockito-core/2.15.0/mockito-core-2.15.0.jar:/root/./workspace/rmitula/spring-mvc-university-project/376323720/.m2/net/bytebuddy/byte-buddy/1.7.10/byte-buddy-1.7.10.jar:/root/./workspace/rmitula/spring-mvc-university-project/376323720/.m2/net/bytebuddy/byte-buddy-agent/1.7.10/byte-buddy-agent-1.7.10.jar:/root/./workspace/rmitula/spring-mvc-university-project/376323720/.m2/org/objenesis/objenesis/2.6/objenesis-2.6.jar:/root/./workspace/rmitula/spring-mvc-university-project/376323720/.m2/org/hamcrest/hamcrest-core/1.3/hamcrest-core-1.3.jar:/root/./workspace/rmitula/spring-mvc-university-project/376323720/.m2/org/hamcrest/hamcrest-library/1.3/hamcrest-library-1.3.jar:/root/./workspace/rmitula/spring-mvc-university-project/376323720/.m2/org/skyscreamer/jsonassert/1.5.0/jsonassert-1.5.0.jar:/root/./workspace/rmitula/spring-mvc-university-project/376323720/.m2/com/vaadin/external/google/android-json/0.0.20131108.vaadin1/android-json-0.0.20131108.vaadin1.jar:/root/./workspace/rmitula/spring-mvc-university-project/376323720/.m2/org/springframework/spring-core/5.0.4.RELEASE/spring-core-5.0.4.RELEASE.jar:/root/./workspace/rmitula/spring-mvc-university-project/376323720/.m2/org/springframework/spring-jcl/5.0.4.RELEASE/spring-jcl-5.0.4.RELEASE.jar:/root/./workspace/rmitula/spring-mvc-university-project/376323720/.m2/org/springframework/spring-test/5.0.4.RELEASE/spring-test-5.0.4.RELEASE.jar:/root/./workspace/rmitula/spring-mvc-university-project/376323720/.m2/org/xmlunit/xmlunit-core/2.5.1/xmlunit-core-2.5.1.jar:/root/./workspace/rmitula/spring-mvc-university-project/376323720/.m2/org/springframework/security/spring-security-test/5.0.3.RELEASE/spring-security-test-5.0.3.RELEASE.jar:/root/./workspace/rmitula/spring-mvc-university-project/376323720/.m2/org/springframework/security/spring-security-core/5.0.3.RELEASE/spring-security-core-5.0.3.RELEASE.jar:"/>
    <property name="sun.cpu.endian" value="little"/>
    <property name="user.home" value="/root"/>
    <property name="user.language" value="en"/>
    <property name="java.specification.vendor" value="Oracle Corporation"/>
    <property name="java.home" value="/usr/lib/jvm/java-8-openjdk-amd64/jre"/>
    <property name="basedir" value="/root/workspace/rmitula/spring-mvc-university-project/376323720"/>
    <property name="file.separator" value="/"/>
    <property name="checkstyle.skip" value="true"/>
    <property name="line.separator" value="&#10;"/>
    <property name="skip.npm" value="true"/>
    <property name="java.vm.specification.vendor" value="Oracle Corporation"/>
    <property name="java.specification.name" value="Java Platform API Specification"/>
    <property name="java.awt.graphicsenv" value="sun.awt.X11GraphicsEnvironment"/>
    <property name="skipITs" value="true"/>
    <property name="surefire.real.class.path" value="/root/workspace/rmitula/spring-mvc-university-project/376323720/target/surefire/surefirebooter7795688588133572926.jar"/>
    <property name="cobertura.skip" value="true"/>
    <property name="sun.boot.class.path" value="/usr/lib/jvm/java-8-openjdk-amd64/jre/lib/resources.jar:/usr/lib/jvm/java-8-openjdk-amd64/jre/lib/rt.jar:/usr/lib/jvm/java-8-openjdk-amd64/jre/lib/sunrsasign.jar:/usr/lib/jvm/java-8-openjdk-amd64/jre/lib/jsse.jar:/usr/lib/jvm/java-8-openjdk-amd64/jre/lib/jce.jar:/usr/lib/jvm/java-8-openjdk-amd64/jre/lib/charsets.jar:/usr/lib/jvm/java-8-openjdk-amd64/jre/lib/jfr.jar:/usr/lib/jvm/java-8-openjdk-amd64/jre/classes"/>
    <property name="sun.management.compiler" value="HotSpot 64-Bit Tiered Compilers"/>
    <property name="java.runtime.version" value="1.8.0_121-8u121-b13-1~bpo8+1-b13"/>
    <property name="user.name" value="root"/>
    <property name="findbugs.skip" value="true"/>
    <property name="path.separator" value=":"/>
    <property name="os.version" value="3.10.0-693.21.1.el7.x86_64"/>
    <property name="java.endorsed.dirs" value="/usr/lib/jvm/java-8-openjdk-amd64/jre/lib/endorsed"/>
    <property name="java.runtime.name" value="OpenJDK Runtime Environment"/>
    <property name="file.encoding" value="UTF-8"/>
    <property name="java.vm.name" value="OpenJDK 64-Bit Server VM"/>
    <property name="localRepository" value="/root/./workspace/rmitula/spring-mvc-university-project/376323720/.m2"/>
    <property name="java.vendor.url.bug" value="http://bugreport.sun.com/bugreport/"/>
    <property name="java.io.tmpdir" value="/tmp"/>
    <property name="java.version" value="1.8.0_121"/>
    <property name="user.dir" value="/root/workspace/rmitula/spring-mvc-university-project/376323720"/>
    <property name="os.arch" value="amd64"/>
    <property name="license.skip" value="true"/>
    <property name="java.vm.specification.name" value="Java Virtual Machine Specification"/>
    <property name="java.awt.printerjob" value="sun.print.PSPrinterJob"/>
    <property name="sun.os.patch.level" value="unknown"/>
    <property name="java.library.path" value="/usr/java/packages/lib/amd64:/usr/lib/x86_64-linux-gnu/jni:/lib/x86_64-linux-gnu:/usr/lib/x86_64-linux-gnu:/usr/lib/jni:/lib:/usr/lib"/>
    <property name="java.vm.info" value="mixed mode"/>
    <property name="java.vendor" value="Oracle Corporation"/>
    <property name="java.vm.version" value="25.121-b13"/>
    <property name="java.ext.dirs" value="/usr/lib/jvm/java-8-openjdk-amd64/jre/lib/ext:/usr/java/packages/lib/ext"/>
    <property name="sun.io.unicode.encoding" value="UnicodeLittle"/>
    <property name="maven.repo.local" value="/root/./workspace/rmitula/spring-mvc-university-project/376323720/.m2"/>
    <property name="enforcer.skip" value="true"/>
    <property name="java.class.version" value="52.0"/>
  </properties>
  <testcase name="contextLoads" classname="pl.edu.prz.kia.universityproject.UniversityProjectApplicationTests" time="0.208">
    <error type="java.lang.NullPointerException">java.lang.NullPointerException
	at pl.edu.prz.kia.universityproject.UniversityProjectApplicationTests.contextLoads(UniversityProjectApplicationTests.java:33)
</error>
    <system-out><![CDATA[13:38:50.051 [main] DEBUG org.springframework.test.context.junit4.SpringJUnit4ClassRunner - SpringJUnit4ClassRunner constructor called with [class pl.edu.prz.kia.universityproject.UniversityProjectApplicationTests]
13:38:50.058 [main] DEBUG org.springframework.test.context.BootstrapUtils - Instantiating CacheAwareContextLoaderDelegate from class [org.springframework.test.context.cache.DefaultCacheAwareContextLoaderDelegate]
13:38:50.067 [main] DEBUG org.springframework.test.context.BootstrapUtils - Instantiating BootstrapContext using constructor [public org.springframework.test.context.support.DefaultBootstrapContext(java.lang.Class,org.springframework.test.context.CacheAwareContextLoaderDelegate)]
13:38:50.084 [main] DEBUG org.springframework.test.context.BootstrapUtils - Instantiating TestContextBootstrapper for test class [pl.edu.prz.kia.universityproject.UniversityProjectApplicationTests] from class [org.springframework.boot.test.context.SpringBootTestContextBootstrapper]
13:38:50.097 [main] INFO org.springframework.boot.test.context.SpringBootTestContextBootstrapper - Neither @ContextConfiguration nor @ContextHierarchy found for test class [pl.edu.prz.kia.universityproject.UniversityProjectApplicationTests], using SpringBootContextLoader
13:38:50.102 [main] DEBUG org.springframework.test.context.support.AbstractContextLoader - Did not detect default resource location for test class [pl.edu.prz.kia.universityproject.UniversityProjectApplicationTests]: class path resource [pl/edu/prz/kia/universityproject/UniversityProjectApplicationTests-context.xml] does not exist
13:38:50.103 [main] DEBUG org.springframework.test.context.support.AbstractContextLoader - Did not detect default resource location for test class [pl.edu.prz.kia.universityproject.UniversityProjectApplicationTests]: class path resource [pl/edu/prz/kia/universityproject/UniversityProjectApplicationTestsContext.groovy] does not exist
13:38:50.103 [main] INFO org.springframework.test.context.support.AbstractContextLoader - Could not detect default resource locations for test class [pl.edu.prz.kia.universityproject.UniversityProjectApplicationTests]: no resource found for suffixes {-context.xml, Context.groovy}.
13:38:50.104 [main] INFO org.springframework.test.context.support.AnnotationConfigContextLoaderUtils - Could not detect default configuration classes for test class [pl.edu.prz.kia.universityproject.UniversityProjectApplicationTests]: UniversityProjectApplicationTests does not declare any static, non-private, non-final, nested classes annotated with @Configuration.
13:38:50.147 [main] DEBUG org.springframework.test.context.support.ActiveProfilesUtils - Could not find an 'annotation declaring class' for annotation type [org.springframework.test.context.ActiveProfiles] and class [pl.edu.prz.kia.universityproject.UniversityProjectApplicationTests]
13:38:50.156 [main] DEBUG org.springframework.core.env.StandardEnvironment - Adding PropertySource 'systemProperties' with lowest search precedence
13:38:50.156 [main] DEBUG org.springframework.core.env.StandardEnvironment - Adding PropertySource 'systemEnvironment' with lowest search precedence
13:38:50.157 [main] DEBUG org.springframework.core.env.StandardEnvironment - Initialized StandardEnvironment with PropertySources [MapPropertySource@1991313236 {name='systemProperties', properties={java.runtime.name=OpenJDK Runtime Environment, sun.boot.library.path=/usr/lib/jvm/java-8-openjdk-amd64/jre/lib/amd64, java.vm.version=25.121-b13, java.vm.vendor=Oracle Corporation, java.vendor.url=http://java.oracle.com/, skip.gulp=true, path.separator=:, java.vm.name=OpenJDK 64-Bit Server VM, file.encoding.pkg=sun.io, findbugs.skip=true, sun.java.launcher=SUN_STANDARD, sun.os.patch.level=unknown, java.vm.specification.name=Java Virtual Machine Specification, user.dir=/root/workspace/rmitula/spring-mvc-university-project/376323720, checkstyle.skip=true, java.runtime.version=1.8.0_121-8u121-b13-1~bpo8+1-b13, skip.npm=true, basedir=/root/workspace/rmitula/spring-mvc-university-project/376323720, java.awt.graphicsenv=sun.awt.X11GraphicsEnvironment, java.endorsed.dirs=/usr/lib/jvm/java-8-openjdk-amd64/jre/lib/endorsed, os.arch=amd64, surefire.real.class.path=/root/workspace/rmitula/spring-mvc-university-project/376323720/target/surefire/surefirebooter7795688588133572926.jar, gpg.skip=true, java.io.tmpdir=/tmp, line.separator=
, cobertura.skip=true, java.vm.specification.vendor=Oracle Corporation, os.name=Linux, sun.jnu.encoding=UTF-8, license.skip=true, java.library.path=/usr/java/packages/lib/amd64:/usr/lib/x86_64-linux-gnu/jni:/lib/x86_64-linux-gnu:/usr/lib/x86_64-linux-gnu:/usr/lib/jni:/lib:/usr/lib, surefire.test.class.path=/root/workspace/rmitula/spring-mvc-university-project/376323720/target/test-classes:/root/workspace/rmitula/spring-mvc-university-project/376323720/target/classes:/root/./workspace/rmitula/spring-mvc-university-project/376323720/.m2/org/springframework/boot/spring-boot-starter-data-jpa/2.0.0.RELEASE/spring-boot-starter-data-jpa-2.0.0.RELEASE.jar:/root/./workspace/rmitula/spring-mvc-university-project/376323720/.m2/org/springframework/boot/spring-boot-starter/2.0.0.RELEASE/spring-boot-starter-2.0.0.RELEASE.jar:/root/./workspace/rmitula/spring-mvc-university-project/376323720/.m2/org/springframework/boot/spring-boot/2.0.0.RELEASE/spring-boot-2.0.0.RELEASE.jar:/root/./workspace/rmitula/spring-mvc-university-project/376323720/.m2/org/springframework/boot/spring-boot-autoconfigure/2.0.0.RELEASE/spring-boot-autoconfigure-2.0.0.RELEASE.jar:/root/./workspace/rmitula/spring-mvc-university-project/376323720/.m2/org/springframework/boot/spring-boot-starter-logging/2.0.0.RELEASE/spring-boot-starter-logging-2.0.0.RELEASE.jar:/root/./workspace/rmitula/spring-mvc-university-project/376323720/.m2/ch/qos/logback/logback-classic/1.2.3/logback-classic-1.2.3.jar:/root/./workspace/rmitula/spring-mvc-university-project/376323720/.m2/ch/qos/logback/logback-core/1.2.3/logback-core-1.2.3.jar:/root/./workspace/rmitula/spring-mvc-university-project/376323720/.m2/org/apache/logging/log4j/log4j-to-slf4j/2.10.0/log4j-to-slf4j-2.10.0.jar:/root/./workspace/rmitula/spring-mvc-university-project/376323720/.m2/org/apache/logging/log4j/log4j-api/2.10.0/log4j-api-2.10.0.jar:/root/./workspace/rmitula/spring-mvc-university-project/376323720/.m2/org/slf4j/jul-to-slf4j/1.7.25/jul-to-slf4j-1.7.25.jar:/root/./workspace/rmitula/spring-mvc-university-project/376323720/.m2/javax/annotation/javax.annotation-api/1.3.2/javax.annotation-api-1.3.2.jar:/root/./workspace/rmitula/spring-mvc-university-project/376323720/.m2/org/yaml/snakeyaml/1.19/snakeyaml-1.19.jar:/root/./workspace/rmitula/spring-mvc-university-project/376323720/.m2/org/springframework/boot/spring-boot-starter-aop/2.0.0.RELEASE/spring-boot-starter-aop-2.0.0.RELEASE.jar:/root/./workspace/rmitula/spring-mvc-university-project/376323720/.m2/org/aspectj/aspectjweaver/1.8.13/aspectjweaver-1.8.13.jar:/root/./workspace/rmitula/spring-mvc-university-project/376323720/.m2/org/springframework/boot/spring-boot-starter-jdbc/2.0.0.RELEASE/spring-boot-starter-jdbc-2.0.0.RELEASE.jar:/root/./workspace/rmitula/spring-mvc-university-project/376323720/.m2/com/zaxxer/HikariCP/2.7.8/HikariCP-2.7.8.jar:/root/./workspace/rmitula/spring-mvc-university-project/376323720/.m2/org/springframework/spring-jdbc/5.0.4.RELEASE/spring-jdbc-5.0.4.RELEASE.jar:/root/./workspace/rmitula/spring-mvc-university-project/376323720/.m2/org/hibernate/hibernate-core/5.2.14.Final/hibernate-core-5.2.14.Final.jar:/root/./workspace/rmitula/spring-mvc-university-project/376323720/.m2/org/jboss/logging/jboss-logging/3.3.2.Final/jboss-logging-3.3.2.Final.jar:/root/./workspace/rmitula/spring-mvc-university-project/376323720/.m2/org/hibernate/javax/persistence/hibernate-jpa-2.1-api/1.0.0.Final/hibernate-jpa-2.1-api-1.0.0.Final.jar:/root/./workspace/rmitula/spring-mvc-university-project/376323720/.m2/org/javassist/javassist/3.22.0-GA/javassist-3.22.0-GA.jar:/root/./workspace/rmitula/spring-mvc-university-project/376323720/.m2/antlr/antlr/2.7.7/antlr-2.7.7.jar:/root/./workspace/rmitula/spring-mvc-university-project/376323720/.m2/org/jboss/jandex/2.0.3.Final/jandex-2.0.3.Final.jar:/root/./workspace/rmitula/spring-mvc-university-project/376323720/.m2/com/fasterxml/classmate/1.3.4/classmate-1.3.4.jar:/root/./workspace/rmitula/spring-mvc-university-project/376323720/.m2/dom4j/dom4j/1.6.1/dom4j-1.6.1.jar:/root/./workspace/rmitula/spring-mvc-university-project/376323720/.m2/org/hibernate/common/hibernate-commons-annotations/5.0.1.Final/hibernate-commons-annotations-5.0.1.Final.jar:/root/./workspace/rmitula/spring-mvc-university-project/376323720/.m2/javax/transaction/javax.transaction-api/1.2/javax.transaction-api-1.2.jar:/root/./workspace/rmitula/spring-mvc-university-project/376323720/.m2/org/springframework/data/spring-data-jpa/2.0.5.RELEASE/spring-data-jpa-2.0.5.RELEASE.jar:/root/./workspace/rmitula/spring-mvc-university-project/376323720/.m2/org/springframework/data/spring-data-commons/2.0.5.RELEASE/spring-data-commons-2.0.5.RELEASE.jar:/root/./workspace/rmitula/spring-mvc-university-project/376323720/.m2/org/springframework/spring-orm/5.0.4.RELEASE/spring-orm-5.0.4.RELEASE.jar:/root/./workspace/rmitula/spring-mvc-university-project/376323720/.m2/org/springframework/spring-context/5.0.4.RELEASE/spring-context-5.0.4.RELEASE.jar:/root/./workspace/rmitula/spring-mvc-university-project/376323720/.m2/org/springframework/spring-tx/5.0.4.RELEASE/spring-tx-5.0.4.RELEASE.jar:/root/./workspace/rmitula/spring-mvc-university-project/376323720/.m2/org/springframework/spring-beans/5.0.4.RELEASE/spring-beans-5.0.4.RELEASE.jar:/root/./workspace/rmitula/spring-mvc-university-project/376323720/.m2/org/springframework/spring-aspects/5.0.4.RELEASE/spring-aspects-5.0.4.RELEASE.jar:/root/./workspace/rmitula/spring-mvc-university-project/376323720/.m2/org/springframework/boot/spring-boot-starter-security/2.0.0.RELEASE/spring-boot-starter-security-2.0.0.RELEASE.jar:/root/./workspace/rmitula/spring-mvc-university-project/376323720/.m2/org/springframework/spring-aop/5.0.4.RELEASE/spring-aop-5.0.4.RELEASE.jar:/root/./workspace/rmitula/spring-mvc-university-project/376323720/.m2/org/springframework/security/spring-security-config/5.0.3.RELEASE/spring-security-config-5.0.3.RELEASE.jar:/root/./workspace/rmitula/spring-mvc-university-project/376323720/.m2/org/springframework/security/spring-security-web/5.0.3.RELEASE/spring-security-web-5.0.3.RELEASE.jar:/root/./workspace/rmitula/spring-mvc-university-project/376323720/.m2/org/springframework/spring-expression/5.0.4.RELEASE/spring-expression-5.0.4.RELEASE.jar:/root/./workspace/rmitula/spring-mvc-university-project/376323720/.m2/org/springframework/boot/spring-boot-starter-thymeleaf/2.0.0.RELEASE/spring-boot-starter-thymeleaf-2.0.0.RELEASE.jar:/root/./workspace/rmitula/spring-mvc-university-project/376323720/.m2/org/thymeleaf/thymeleaf-spring5/3.0.9.RELEASE/thymeleaf-spring5-3.0.9.RELEASE.jar:/root/./workspace/rmitula/spring-mvc-university-project/376323720/.m2/org/thymeleaf/thymeleaf/3.0.9.RELEASE/thymeleaf-3.0.9.RELEASE.jar:/root/./workspace/rmitula/spring-mvc-university-project/376323720/.m2/org/attoparser/attoparser/2.0.4.RELEASE/attoparser-2.0.4.RELEASE.jar:/root/./workspace/rmitula/spring-mvc-university-project/376323720/.m2/org/unbescape/unbescape/1.1.5.RELEASE/unbescape-1.1.5.RELEASE.jar:/root/./workspace/rmitula/spring-mvc-university-project/376323720/.m2/org/thymeleaf/extras/thymeleaf-extras-java8time/3.0.1.RELEASE/thymeleaf-extras-java8time-3.0.1.RELEASE.jar:/root/./workspace/rmitula/spring-mvc-university-project/376323720/.m2/org/springframework/boot/spring-boot-starter-web/2.0.0.RELEASE/spring-boot-starter-web-2.0.0.RELEASE.jar:/root/./workspace/rmitula/spring-mvc-university-project/376323720/.m2/org/springframework/boot/spring-boot-starter-json/2.0.0.RELEASE/spring-boot-starter-json-2.0.0.RELEASE.jar:/root/./workspace/rmitula/spring-mvc-university-project/376323720/.m2/com/fasterxml/jackson/core/jackson-databind/2.9.4/jackson-databind-2.9.4.jar:/root/./workspace/rmitula/spring-mvc-university-project/376323720/.m2/com/fasterxml/jackson/core/jackson-annotations/2.9.0/jackson-annotations-2.9.0.jar:/root/./workspace/rmitula/spring-mvc-university-project/376323720/.m2/com/fasterxml/jackson/core/jackson-core/2.9.4/jackson-core-2.9.4.jar:/root/./workspace/rmitula/spring-mvc-university-project/376323720/.m2/com/fasterxml/jackson/datatype/jackson-datatype-jdk8/2.9.4/jackson-datatype-jdk8-2.9.4.jar:/root/./workspace/rmitula/spring-mvc-university-project/376323720/.m2/com/fasterxml/jackson/datatype/jackson-datatype-jsr310/2.9.4/jackson-datatype-jsr310-2.9.4.jar:/root/./workspace/rmitula/spring-mvc-university-project/376323720/.m2/com/fasterxml/jackson/module/jackson-module-parameter-names/2.9.4/jackson-module-parameter-names-2.9.4.jar:/root/./workspace/rmitula/spring-mvc-university-project/376323720/.m2/org/springframework/boot/spring-boot-starter-tomcat/2.0.0.RELEASE/spring-boot-starter-tomcat-2.0.0.RELEASE.jar:/root/./workspace/rmitula/spring-mvc-university-project/376323720/.m2/org/apache/tomcat/embed/tomcat-embed-websocket/8.5.28/tomcat-embed-websocket-8.5.28.jar:/root/./workspace/rmitula/spring-mvc-university-project/376323720/.m2/org/hibernate/validator/hibernate-validator/6.0.7.Final/hibernate-validator-6.0.7.Final.jar:/root/./workspace/rmitula/spring-mvc-university-project/376323720/.m2/javax/validation/validation-api/2.0.1.Final/validation-api-2.0.1.Final.jar:/root/./workspace/rmitula/spring-mvc-university-project/376323720/.m2/org/springframework/spring-web/5.0.4.RELEASE/spring-web-5.0.4.RELEASE.jar:/root/./workspace/rmitula/spring-mvc-university-project/376323720/.m2/org/springframework/spring-webmvc/5.0.4.RELEASE/spring-webmvc-5.0.4.RELEASE.jar:/root/./workspace/rmitula/spring-mvc-university-project/376323720/.m2/com/h2database/h2/1.4.196/h2-1.4.196.jar:/root/./workspace/rmitula/spring-mvc-university-project/376323720/.m2/net/sourceforge/nekohtml/nekohtml/1.9.21/nekohtml-1.9.21.jar:/root/./workspace/rmitula/spring-mvc-university-project/376323720/.m2/xerces/xercesImpl/2.10.0/xercesImpl-2.10.0.jar:/root/./workspace/rmitula/spring-mvc-university-project/376323720/.m2/xml-apis/xml-apis/1.4.01/xml-apis-1.4.01.jar:/root/./workspace/rmitula/spring-mvc-university-project/376323720/.m2/org/thymeleaf/extras/thymeleaf-extras-springsecurity4/3.0.2.RELEASE/thymeleaf-extras-springsecurity4-3.0.2.RELEASE.jar:/root/./workspace/rmitula/spring-mvc-university-project/376323720/.m2/org/slf4j/slf4j-api/1.7.25/slf4j-api-1.7.25.jar:/root/./workspace/rmitula/spring-mvc-university-project/376323720/.m2/org/apache/tomcat/embed/tomcat-embed-jasper/8.5.28/tomcat-embed-jasper-8.5.28.jar:/root/./workspace/rmitula/spring-mvc-university-project/376323720/.m2/org/apache/tomcat/embed/tomcat-embed-core/8.5.28/tomcat-embed-core-8.5.28.jar:/root/./workspace/rmitula/spring-mvc-university-project/376323720/.m2/org/apache/tomcat/tomcat-annotations-api/8.5.28/tomcat-annotations-api-8.5.28.jar:/root/./workspace/rmitula/spring-mvc-university-project/376323720/.m2/org/apache/tomcat/embed/tomcat-embed-el/8.5.28/tomcat-embed-el-8.5.28.jar:/root/./workspace/rmitula/spring-mvc-university-project/376323720/.m2/org/eclipse/jdt/ecj/3.12.3/ecj-3.12.3.jar:/root/./workspace/rmitula/spring-mvc-university-project/376323720/.m2/org/springframework/boot/spring-boot-starter-test/2.0.0.RELEASE/spring-boot-starter-test-2.0.0.RELEASE.jar:/root/./workspace/rmitula/spring-mvc-university-project/376323720/.m2/org/springframework/boot/spring-boot-test/2.0.0.RELEASE/spring-boot-test-2.0.0.RELEASE.jar:/root/./workspace/rmitula/spring-mvc-university-project/376323720/.m2/org/springframework/boot/spring-boot-test-autoconfigure/2.0.0.RELEASE/spring-boot-test-autoconfigure-2.0.0.RELEASE.jar:/root/./workspace/rmitula/spring-mvc-university-project/376323720/.m2/com/jayway/jsonpath/json-path/2.4.0/json-path-2.4.0.jar:/root/./workspace/rmitula/spring-mvc-university-project/376323720/.m2/net/minidev/json-smart/2.3/json-smart-2.3.jar:/root/./workspace/rmitula/spring-mvc-university-project/376323720/.m2/net/minidev/accessors-smart/1.2/accessors-smart-1.2.jar:/root/./workspace/rmitula/spring-mvc-university-project/376323720/.m2/org/ow2/asm/asm/5.0.4/asm-5.0.4.jar:/root/./workspace/rmitula/spring-mvc-university-project/376323720/.m2/junit/junit/4.12/junit-4.12.jar:/root/./workspace/rmitula/spring-mvc-university-project/376323720/.m2/org/assertj/assertj-core/3.9.1/assertj-core-3.9.1.jar:/root/./workspace/rmitula/spring-mvc-university-project/376323720/.m2/org/mockito/mockito-core/2.15.0/mockito-core-2.15.0.jar:/root/./workspace/rmitula/spring-mvc-university-project/376323720/.m2/net/bytebuddy/byte-buddy/1.7.10/byte-buddy-1.7.10.jar:/root/./workspace/rmitula/spring-mvc-university-project/376323720/.m2/net/bytebuddy/byte-buddy-agent/1.7.10/byte-buddy-agent-1.7.10.jar:/root/./workspace/rmitula/spring-mvc-university-project/376323720/.m2/org/objenesis/objenesis/2.6/objenesis-2.6.jar:/root/./workspace/rmitula/spring-mvc-university-project/376323720/.m2/org/hamcrest/hamcrest-core/1.3/hamcrest-core-1.3.jar:/root/./workspace/rmitula/spring-mvc-university-project/376323720/.m2/org/hamcrest/hamcrest-library/1.3/hamcrest-library-1.3.jar:/root/./workspace/rmitula/spring-mvc-university-project/376323720/.m2/org/skyscreamer/jsonassert/1.5.0/jsonassert-1.5.0.jar:/root/./workspace/rmitula/spring-mvc-university-project/376323720/.m2/com/vaadin/external/google/android-json/0.0.20131108.vaadin1/android-json-0.0.20131108.vaadin1.jar:/root/./workspace/rmitula/spring-mvc-university-project/376323720/.m2/org/springframework/spring-core/5.0.4.RELEASE/spring-core-5.0.4.RELEASE.jar:/root/./workspace/rmitula/spring-mvc-university-project/376323720/.m2/org/springframework/spring-jcl/5.0.4.RELEASE/spring-jcl-5.0.4.RELEASE.jar:/root/./workspace/rmitula/spring-mvc-university-project/376323720/.m2/org/springframework/spring-test/5.0.4.RELEASE/spring-test-5.0.4.RELEASE.jar:/root/./workspace/rmitula/spring-mvc-university-project/376323720/.m2/org/xmlunit/xmlunit-core/2.5.1/xmlunit-core-2.5.1.jar:/root/./workspace/rmitula/spring-mvc-university-project/376323720/.m2/org/springframework/security/spring-security-test/5.0.3.RELEASE/spring-security-test-5.0.3.RELEASE.jar:/root/./workspace/rmitula/spring-mvc-university-project/376323720/.m2/org/springframework/security/spring-security-core/5.0.3.RELEASE/spring-security-core-5.0.3.RELEASE.jar:, java.specification.name=Java Platform API Specification, java.class.version=52.0, skip.bower=true, sun.management.compiler=HotSpot 64-Bit Tiered Compilers, maven.repo.local=/root/./workspace/rmitula/spring-mvc-university-project/376323720/.m2, os.version=3.10.0-693.21.1.el7.x86_64, user.home=/root, user.timezone=Europe/Paris, java.awt.printerjob=sun.print.PSPrinterJob, file.encoding=UTF-8, java.specification.version=1.8, java.class.path=/root/workspace/rmitula/spring-mvc-university-project/376323720/target/test-classes:/root/workspace/rmitula/spring-mvc-university-project/376323720/target/classes:/root/./workspace/rmitula/spring-mvc-university-project/376323720/.m2/org/springframework/boot/spring-boot-starter-data-jpa/2.0.0.RELEASE/spring-boot-starter-data-jpa-2.0.0.RELEASE.jar:/root/./workspace/rmitula/spring-mvc-university-project/376323720/.m2/org/springframework/boot/spring-boot-starter/2.0.0.RELEASE/spring-boot-starter-2.0.0.RELEASE.jar:/root/./workspace/rmitula/spring-mvc-university-project/376323720/.m2/org/springframework/boot/spring-boot/2.0.0.RELEASE/spring-boot-2.0.0.RELEASE.jar:/root/./workspace/rmitula/spring-mvc-university-project/376323720/.m2/org/springframework/boot/spring-boot-autoconfigure/2.0.0.RELEASE/spring-boot-autoconfigure-2.0.0.RELEASE.jar:/root/./workspace/rmitula/spring-mvc-university-project/376323720/.m2/org/springframework/boot/spring-boot-starter-logging/2.0.0.RELEASE/spring-boot-starter-logging-2.0.0.RELEASE.jar:/root/./workspace/rmitula/spring-mvc-university-project/376323720/.m2/ch/qos/logback/logback-classic/1.2.3/logback-classic-1.2.3.jar:/root/./workspace/rmitula/spring-mvc-university-project/376323720/.m2/ch/qos/logback/logback-core/1.2.3/logback-core-1.2.3.jar:/root/./workspace/rmitula/spring-mvc-university-project/376323720/.m2/org/apache/logging/log4j/log4j-to-slf4j/2.10.0/log4j-to-slf4j-2.10.0.jar:/root/./workspace/rmitula/spring-mvc-university-project/376323720/.m2/org/apache/logging/log4j/log4j-api/2.10.0/log4j-api-2.10.0.jar:/root/./workspace/rmitula/spring-mvc-university-project/376323720/.m2/org/slf4j/jul-to-slf4j/1.7.25/jul-to-slf4j-1.7.25.jar:/root/./workspace/rmitula/spring-mvc-university-project/376323720/.m2/javax/annotation/javax.annotation-api/1.3.2/javax.annotation-api-1.3.2.jar:/root/./workspace/rmitula/spring-mvc-university-project/376323720/.m2/org/yaml/snakeyaml/1.19/snakeyaml-1.19.jar:/root/./workspace/rmitula/spring-mvc-university-project/376323720/.m2/org/springframework/boot/spring-boot-starter-aop/2.0.0.RELEASE/spring-boot-starter-aop-2.0.0.RELEASE.jar:/root/./workspace/rmitula/spring-mvc-university-project/376323720/.m2/org/aspectj/aspectjweaver/1.8.13/aspectjweaver-1.8.13.jar:/root/./workspace/rmitula/spring-mvc-university-project/376323720/.m2/org/springframework/boot/spring-boot-starter-jdbc/2.0.0.RELEASE/spring-boot-starter-jdbc-2.0.0.RELEASE.jar:/root/./workspace/rmitula/spring-mvc-university-project/376323720/.m2/com/zaxxer/HikariCP/2.7.8/HikariCP-2.7.8.jar:/root/./workspace/rmitula/spring-mvc-university-project/376323720/.m2/org/springframework/spring-jdbc/5.0.4.RELEASE/spring-jdbc-5.0.4.RELEASE.jar:/root/./workspace/rmitula/spring-mvc-university-project/376323720/.m2/org/hibernate/hibernate-core/5.2.14.Final/hibernate-core-5.2.14.Final.jar:/root/./workspace/rmitula/spring-mvc-university-project/376323720/.m2/org/jboss/logging/jboss-logging/3.3.2.Final/jboss-logging-3.3.2.Final.jar:/root/./workspace/rmitula/spring-mvc-university-project/376323720/.m2/org/hibernate/javax/persistence/hibernate-jpa-2.1-api/1.0.0.Final/hibernate-jpa-2.1-api-1.0.0.Final.jar:/root/./workspace/rmitula/spring-mvc-university-project/376323720/.m2/org/javassist/javassist/3.22.0-GA/javassist-3.22.0-GA.jar:/root/./workspace/rmitula/spring-mvc-university-project/376323720/.m2/antlr/antlr/2.7.7/antlr-2.7.7.jar:/root/./workspace/rmitula/spring-mvc-university-project/376323720/.m2/org/jboss/jandex/2.0.3.Final/jandex-2.0.3.Final.jar:/root/./workspace/rmitula/spring-mvc-university-project/376323720/.m2/com/fasterxml/classmate/1.3.4/classmate-1.3.4.jar:/root/./workspace/rmitula/spring-mvc-university-project/376323720/.m2/dom4j/dom4j/1.6.1/dom4j-1.6.1.jar:/root/./workspace/rmitula/spring-mvc-university-project/376323720/.m2/org/hibernate/common/hibernate-commons-annotations/5.0.1.Final/hibernate-commons-annotations-5.0.1.Final.jar:/root/./workspace/rmitula/spring-mvc-university-project/376323720/.m2/javax/transaction/javax.transaction-api/1.2/javax.transaction-api-1.2.jar:/root/./workspace/rmitula/spring-mvc-university-project/376323720/.m2/org/springframework/data/spring-data-jpa/2.0.5.RELEASE/spring-data-jpa-2.0.5.RELEASE.jar:/root/./workspace/rmitula/spring-mvc-university-project/376323720/.m2/org/springframework/data/spring-data-commons/2.0.5.RELEASE/spring-data-commons-2.0.5.RELEASE.jar:/root/./workspace/rmitula/spring-mvc-university-project/376323720/.m2/org/springframework/spring-orm/5.0.4.RELEASE/spring-orm-5.0.4.RELEASE.jar:/root/./workspace/rmitula/spring-mvc-university-project/376323720/.m2/org/springframework/spring-context/5.0.4.RELEASE/spring-context-5.0.4.RELEASE.jar:/root/./workspace/rmitula/spring-mvc-university-project/376323720/.m2/org/springframework/spring-tx/5.0.4.RELEASE/spring-tx-5.0.4.RELEASE.jar:/root/./workspace/rmitula/spring-mvc-university-project/376323720/.m2/org/springframework/spring-beans/5.0.4.RELEASE/spring-beans-5.0.4.RELEASE.jar:/root/./workspace/rmitula/spring-mvc-university-project/376323720/.m2/org/springframework/spring-aspects/5.0.4.RELEASE/spring-aspects-5.0.4.RELEASE.jar:/root/./workspace/rmitula/spring-mvc-university-project/376323720/.m2/org/springframework/boot/spring-boot-starter-security/2.0.0.RELEASE/spring-boot-starter-security-2.0.0.RELEASE.jar:/root/./workspace/rmitula/spring-mvc-university-project/376323720/.m2/org/springframework/spring-aop/5.0.4.RELEASE/spring-aop-5.0.4.RELEASE.jar:/root/./workspace/rmitula/spring-mvc-university-project/376323720/.m2/org/springframework/security/spring-security-config/5.0.3.RELEASE/spring-security-config-5.0.3.RELEASE.jar:/root/./workspace/rmitula/spring-mvc-university-project/376323720/.m2/org/springframework/security/spring-security-web/5.0.3.RELEASE/spring-security-web-5.0.3.RELEASE.jar:/root/./workspace/rmitula/spring-mvc-university-project/376323720/.m2/org/springframework/spring-expression/5.0.4.RELEASE/spring-expression-5.0.4.RELEASE.jar:/root/./workspace/rmitula/spring-mvc-university-project/376323720/.m2/org/springframework/boot/spring-boot-starter-thymeleaf/2.0.0.RELEASE/spring-boot-starter-thymeleaf-2.0.0.RELEASE.jar:/root/./workspace/rmitula/spring-mvc-university-project/376323720/.m2/org/thymeleaf/thymeleaf-spring5/3.0.9.RELEASE/thymeleaf-spring5-3.0.9.RELEASE.jar:/root/./workspace/rmitula/spring-mvc-university-project/376323720/.m2/org/thymeleaf/thymeleaf/3.0.9.RELEASE/thymeleaf-3.0.9.RELEASE.jar:/root/./workspace/rmitula/spring-mvc-university-project/376323720/.m2/org/attoparser/attoparser/2.0.4.RELEASE/attoparser-2.0.4.RELEASE.jar:/root/./workspace/rmitula/spring-mvc-university-project/376323720/.m2/org/unbescape/unbescape/1.1.5.RELEASE/unbescape-1.1.5.RELEASE.jar:/root/./workspace/rmitula/spring-mvc-university-project/376323720/.m2/org/thymeleaf/extras/thymeleaf-extras-java8time/3.0.1.RELEASE/thymeleaf-extras-java8time-3.0.1.RELEASE.jar:/root/./workspace/rmitula/spring-mvc-university-project/376323720/.m2/org/springframework/boot/spring-boot-starter-web/2.0.0.RELEASE/spring-boot-starter-web-2.0.0.RELEASE.jar:/root/./workspace/rmitula/spring-mvc-university-project/376323720/.m2/org/springframework/boot/spring-boot-starter-json/2.0.0.RELEASE/spring-boot-starter-json-2.0.0.RELEASE.jar:/root/./workspace/rmitula/spring-mvc-university-project/376323720/.m2/com/fasterxml/jackson/core/jackson-databind/2.9.4/jackson-databind-2.9.4.jar:/root/./workspace/rmitula/spring-mvc-university-project/376323720/.m2/com/fasterxml/jackson/core/jackson-annotations/2.9.0/jackson-annotations-2.9.0.jar:/root/./workspace/rmitula/spring-mvc-university-project/376323720/.m2/com/fasterxml/jackson/core/jackson-core/2.9.4/jackson-core-2.9.4.jar:/root/./workspace/rmitula/spring-mvc-university-project/376323720/.m2/com/fasterxml/jackson/datatype/jackson-datatype-jdk8/2.9.4/jackson-datatype-jdk8-2.9.4.jar:/root/./workspace/rmitula/spring-mvc-university-project/376323720/.m2/com/fasterxml/jackson/datatype/jackson-datatype-jsr310/2.9.4/jackson-datatype-jsr310-2.9.4.jar:/root/./workspace/rmitula/spring-mvc-university-project/376323720/.m2/com/fasterxml/jackson/module/jackson-module-parameter-names/2.9.4/jackson-module-parameter-names-2.9.4.jar:/root/./workspace/rmitula/spring-mvc-university-project/376323720/.m2/org/springframework/boot/spring-boot-starter-tomcat/2.0.0.RELEASE/spring-boot-starter-tomcat-2.0.0.RELEASE.jar:/root/./workspace/rmitula/spring-mvc-university-project/376323720/.m2/org/apache/tomcat/embed/tomcat-embed-websocket/8.5.28/tomcat-embed-websocket-8.5.28.jar:/root/./workspace/rmitula/spring-mvc-university-project/376323720/.m2/org/hibernate/validator/hibernate-validator/6.0.7.Final/hibernate-validator-6.0.7.Final.jar:/root/./workspace/rmitula/spring-mvc-university-project/376323720/.m2/javax/validation/validation-api/2.0.1.Final/validation-api-2.0.1.Final.jar:/root/./workspace/rmitula/spring-mvc-university-project/376323720/.m2/org/springframework/spring-web/5.0.4.RELEASE/spring-web-5.0.4.RELEASE.jar:/root/./workspace/rmitula/spring-mvc-university-project/376323720/.m2/org/springframework/spring-webmvc/5.0.4.RELEASE/spring-webmvc-5.0.4.RELEASE.jar:/root/./workspace/rmitula/spring-mvc-university-project/376323720/.m2/com/h2database/h2/1.4.196/h2-1.4.196.jar:/root/./workspace/rmitula/spring-mvc-university-project/376323720/.m2/net/sourceforge/nekohtml/nekohtml/1.9.21/nekohtml-1.9.21.jar:/root/./workspace/rmitula/spring-mvc-university-project/376323720/.m2/xerces/xercesImpl/2.10.0/xercesImpl-2.10.0.jar:/root/./workspace/rmitula/spring-mvc-university-project/376323720/.m2/xml-apis/xml-apis/1.4.01/xml-apis-1.4.01.jar:/root/./workspace/rmitula/spring-mvc-university-project/376323720/.m2/org/thymeleaf/extras/thymeleaf-extras-springsecurity4/3.0.2.RELEASE/thymeleaf-extras-springsecurity4-3.0.2.RELEASE.jar:/root/./workspace/rmitula/spring-mvc-university-project/376323720/.m2/org/slf4j/slf4j-api/1.7.25/slf4j-api-1.7.25.jar:/root/./workspace/rmitula/spring-mvc-university-project/376323720/.m2/org/apache/tomcat/embed/tomcat-embed-jasper/8.5.28/tomcat-embed-jasper-8.5.28.jar:/root/./workspace/rmitula/spring-mvc-university-project/376323720/.m2/org/apache/tomcat/embed/tomcat-embed-core/8.5.28/tomcat-embed-core-8.5.28.jar:/root/./workspace/rmitula/spring-mvc-university-project/376323720/.m2/org/apache/tomcat/tomcat-annotations-api/8.5.28/tomcat-annotations-api-8.5.28.jar:/root/./workspace/rmitula/spring-mvc-university-project/376323720/.m2/org/apache/tomcat/embed/tomcat-embed-el/8.5.28/tomcat-embed-el-8.5.28.jar:/root/./workspace/rmitula/spring-mvc-university-project/376323720/.m2/org/eclipse/jdt/ecj/3.12.3/ecj-3.12.3.jar:/root/./workspace/rmitula/spring-mvc-university-project/376323720/.m2/org/springframework/boot/spring-boot-starter-test/2.0.0.RELEASE/spring-boot-starter-test-2.0.0.RELEASE.jar:/root/./workspace/rmitula/spring-mvc-university-project/376323720/.m2/org/springframework/boot/spring-boot-test/2.0.0.RELEASE/spring-boot-test-2.0.0.RELEASE.jar:/root/./workspace/rmitula/spring-mvc-university-project/376323720/.m2/org/springframework/boot/spring-boot-test-autoconfigure/2.0.0.RELEASE/spring-boot-test-autoconfigure-2.0.0.RELEASE.jar:/root/./workspace/rmitula/spring-mvc-university-project/376323720/.m2/com/jayway/jsonpath/json-path/2.4.0/json-path-2.4.0.jar:/root/./workspace/rmitula/spring-mvc-university-project/376323720/.m2/net/minidev/json-smart/2.3/json-smart-2.3.jar:/root/./workspace/rmitula/spring-mvc-university-project/376323720/.m2/net/minidev/accessors-smart/1.2/accessors-smart-1.2.jar:/root/./workspace/rmitula/spring-mvc-university-project/376323720/.m2/org/ow2/asm/asm/5.0.4/asm-5.0.4.jar:/root/./workspace/rmitula/spring-mvc-university-project/376323720/.m2/junit/junit/4.12/junit-4.12.jar:/root/./workspace/rmitula/spring-mvc-university-project/376323720/.m2/org/assertj/assertj-core/3.9.1/assertj-core-3.9.1.jar:/root/./workspace/rmitula/spring-mvc-university-project/376323720/.m2/org/mockito/mockito-core/2.15.0/mockito-core-2.15.0.jar:/root/./workspace/rmitula/spring-mvc-university-project/376323720/.m2/net/bytebuddy/byte-buddy/1.7.10/byte-buddy-1.7.10.jar:/root/./workspace/rmitula/spring-mvc-university-project/376323720/.m2/net/bytebuddy/byte-buddy-agent/1.7.10/byte-buddy-agent-1.7.10.jar:/root/./workspace/rmitula/spring-mvc-university-project/376323720/.m2/org/objenesis/objenesis/2.6/objenesis-2.6.jar:/root/./workspace/rmitula/spring-mvc-university-project/376323720/.m2/org/hamcrest/hamcrest-core/1.3/hamcrest-core-1.3.jar:/root/./workspace/rmitula/spring-mvc-university-project/376323720/.m2/org/hamcrest/hamcrest-library/1.3/hamcrest-library-1.3.jar:/root/./workspace/rmitula/spring-mvc-university-project/376323720/.m2/org/skyscreamer/jsonassert/1.5.0/jsonassert-1.5.0.jar:/root/./workspace/rmitula/spring-mvc-university-project/376323720/.m2/com/vaadin/external/google/android-json/0.0.20131108.vaadin1/android-json-0.0.20131108.vaadin1.jar:/root/./workspace/rmitula/spring-mvc-university-project/376323720/.m2/org/springframework/spring-core/5.0.4.RELEASE/spring-core-5.0.4.RELEASE.jar:/root/./workspace/rmitula/spring-mvc-university-project/376323720/.m2/org/springframework/spring-jcl/5.0.4.RELEASE/spring-jcl-5.0.4.RELEASE.jar:/root/./workspace/rmitula/spring-mvc-university-project/376323720/.m2/org/springframework/spring-test/5.0.4.RELEASE/spring-test-5.0.4.RELEASE.jar:/root/./workspace/rmitula/spring-mvc-university-project/376323720/.m2/org/xmlunit/xmlunit-core/2.5.1/xmlunit-core-2.5.1.jar:/root/./workspace/rmitula/spring-mvc-university-project/376323720/.m2/org/springframework/security/spring-security-test/5.0.3.RELEASE/spring-security-test-5.0.3.RELEASE.jar:/root/./workspace/rmitula/spring-mvc-university-project/376323720/.m2/org/springframework/security/spring-security-core/5.0.3.RELEASE/spring-security-core-5.0.3.RELEASE.jar:, user.name=root, skipITs=true, java.vm.specification.version=1.8, sun.java.command=/root/workspace/rmitula/spring-mvc-university-project/376323720/target/surefire/surefirebooter7795688588133572926.jar /root/workspace/rmitula/spring-mvc-university-project/376323720/target/surefire 2018-05-08T13-38-47_030-jvmRun1 surefire6233690948921752470tmp surefire_06916705962628710263tmp, java.home=/usr/lib/jvm/java-8-openjdk-amd64/jre, sun.arch.data.model=64, user.language=en, java.specification.vendor=Oracle Corporation, awt.toolkit=sun.awt.X11.XToolkit, java.vm.info=mixed mode, java.version=1.8.0_121, java.ext.dirs=/usr/lib/jvm/java-8-openjdk-amd64/jre/lib/ext:/usr/java/packages/lib/ext, sun.boot.class.path=/usr/lib/jvm/java-8-openjdk-amd64/jre/lib/resources.jar:/usr/lib/jvm/java-8-openjdk-amd64/jre/lib/rt.jar:/usr/lib/jvm/java-8-openjdk-amd64/jre/lib/sunrsasign.jar:/usr/lib/jvm/java-8-openjdk-amd64/jre/lib/jsse.jar:/usr/lib/jvm/java-8-openjdk-amd64/jre/lib/jce.jar:/usr/lib/jvm/java-8-openjdk-amd64/jre/lib/charsets.jar:/usr/lib/jvm/java-8-openjdk-amd64/jre/lib/jfr.jar:/usr/lib/jvm/java-8-openjdk-amd64/jre/classes, rat.skip=true, enforcer.skip=true, java.vendor=Oracle Corporation, localRepository=/root/./workspace/rmitula/spring-mvc-university-project/376323720/.m2, file.separator=/, java.vendor.url.bug=http://bugreport.sun.com/bugreport/, sun.io.unicode.encoding=UnicodeLittle, sun.cpu.endian=little, sun.cpu.isalist=}}, SystemEnvironmentPropertySource@736778932 {name='systemEnvironment', properties={PATH=/usr/local/sbin:/usr/local/bin:/usr/sbin:/usr/bin:/sbin:/bin, JAVA_HOME=/usr/lib/jvm/java-8-openjdk-amd64, NOTIFY_TO=, CA_CERTIFICATES_JAVA_VERSION=20161107~bpo8+1, MONGODB_HOST=, BUILD_ID=, LANG=C.UTF-8, GITHUB_LOGIN=, MAVEN_HOME=/usr/share/maven, SMTP_SERVER=, MONGODB_NAME=, REPAIR_MODE=, PWD=/root/workspace/rmitula/spring-mvc-university-project/376323720, GOOGLE_ACCESS_TOKEN=, JAVA_VERSION=8u121, GITHUB_OAUTH=, MAVEN_CMD_LINE_ARGS=/root/.m2 -D enforcer.skip=true -D skipITs=true -D cobertura.skip=true -D maven.repo.local=/root/./workspace/rmitula/spring-mvc-university-project/376323720/.m2 -D rat.skip=true -D findbugs.skip=true -D skip.bower=true -D gpg.skip=true -D checkstyle.skip=true -D skip.gulp=true -D license.skip=true -D skip.npm=true test, _=/usr/bin/java, SPREADSHEET_ID=, OUTPUT=, MAVEN_TERMINATE_CMD=on, MAVEN_CONFIG=/root/.m2, MAVEN_PROJECTBASEDIR=/root/workspace/rmitula/spring-mvc-university-project/376323720, OLDPWD=/root/workspace/rmitula/spring-mvc-university-project/376323720, LOG_FILENAME=repairnator-pipeline_2018-05-08_1337_376323720, RUN_ID=, HOSTNAME=spirals-vortex.lille.inria.fr, JAVA_DEBIAN_VERSION=8u121-b13-1~bpo8+1, M2_HOME=/usr/share/maven, HOME=/root, SHLVL=1, PUSH_URL=}}]
13:38:50.177 [main] DEBUG org.springframework.core.io.support.PathMatchingResourcePatternResolver - Resolved classpath location [pl/edu/prz/kia/universityproject/] to resources [URL [file:/root/workspace/rmitula/spring-mvc-university-project/376323720/target/test-classes/pl/edu/prz/kia/universityproject/], URL [file:/root/workspace/rmitula/spring-mvc-university-project/376323720/target/classes/pl/edu/prz/kia/universityproject/]]
13:38:50.178 [main] DEBUG org.springframework.core.io.support.PathMatchingResourcePatternResolver - Looking for matching resources in directory tree [/root/workspace/rmitula/spring-mvc-university-project/376323720/target/test-classes/pl/edu/prz/kia/universityproject]
13:38:50.178 [main] DEBUG org.springframework.core.io.support.PathMatchingResourcePatternResolver - Searching directory [/root/workspace/rmitula/spring-mvc-university-project/376323720/target/test-classes/pl/edu/prz/kia/universityproject] for files matching pattern [/root/workspace/rmitula/spring-mvc-university-project/376323720/target/test-classes/pl/edu/prz/kia/universityproject/*.class]
13:38:50.183 [main] DEBUG org.springframework.core.io.support.PathMatchingResourcePatternResolver - Looking for matching resources in directory tree [/root/workspace/rmitula/spring-mvc-university-project/376323720/target/classes/pl/edu/prz/kia/universityproject]
13:38:50.183 [main] DEBUG org.springframework.core.io.support.PathMatchingResourcePatternResolver - Searching directory [/root/workspace/rmitula/spring-mvc-university-project/376323720/target/classes/pl/edu/prz/kia/universityproject] for files matching pattern [/root/workspace/rmitula/spring-mvc-university-project/376323720/target/classes/pl/edu/prz/kia/universityproject/*.class]
13:38:50.188 [main] DEBUG org.springframework.core.io.support.PathMatchingResourcePatternResolver - Resolved location pattern [classpath*:pl/edu/prz/kia/universityproject/*.class] to resources [file [/root/workspace/rmitula/spring-mvc-university-project/376323720/target/test-classes/pl/edu/prz/kia/universityproject/UniversityProjectApplicationTests$1.class], file [/root/workspace/rmitula/spring-mvc-university-project/376323720/target/test-classes/pl/edu/prz/kia/universityproject/UniversityProjectApplicationTests.class], file [/root/workspace/rmitula/spring-mvc-university-project/376323720/target/classes/pl/edu/prz/kia/universityproject/UniversityProjectApplication.class]]
13:38:50.264 [main] DEBUG org.springframework.context.annotation.ClassPathScanningCandidateComponentProvider - Identified candidate component class: file [/root/workspace/rmitula/spring-mvc-university-project/376323720/target/classes/pl/edu/prz/kia/universityproject/UniversityProjectApplication.class]
13:38:50.266 [main] INFO org.springframework.boot.test.context.SpringBootTestContextBootstrapper - Found @SpringBootConfiguration pl.edu.prz.kia.universityproject.UniversityProjectApplication for test class pl.edu.prz.kia.universityproject.UniversityProjectApplicationTests
13:38:50.398 [main] DEBUG org.springframework.boot.test.context.SpringBootTestContextBootstrapper - @TestExecutionListeners is not present for class [pl.edu.prz.kia.universityproject.UniversityProjectApplicationTests]: using defaults.
13:38:50.398 [main] INFO org.springframework.boot.test.context.SpringBootTestContextBootstrapper - Loaded default TestExecutionListener class names from location [META-INF/spring.factories]: [org.springframework.boot.test.mock.mockito.MockitoTestExecutionListener, org.springframework.boot.test.mock.mockito.ResetMocksTestExecutionListener, org.springframework.boot.test.autoconfigure.restdocs.RestDocsTestExecutionListener, org.springframework.boot.test.autoconfigure.web.client.MockRestServiceServerResetTestExecutionListener, org.springframework.boot.test.autoconfigure.web.servlet.MockMvcPrintOnlyOnFailureTestExecutionListener, org.springframework.boot.test.autoconfigure.web.servlet.WebDriverTestExecutionListener, org.springframework.test.context.web.ServletTestExecutionListener, org.springframework.test.context.support.DirtiesContextBeforeModesTestExecutionListener, org.springframework.test.context.support.DependencyInjectionTestExecutionListener, org.springframework.test.context.support.DirtiesContextTestExecutionListener, org.springframework.test.context.transaction.TransactionalTestExecutionListener, org.springframework.test.context.jdbc.SqlScriptsTestExecutionListener, org.springframework.security.test.context.support.WithSecurityContextTestExecutionListener, org.springframework.security.test.context.support.ReactorContextTestExecutionListener]
13:38:50.422 [main] INFO org.springframework.boot.test.context.SpringBootTestContextBootstrapper - Using TestExecutionListeners: [org.springframework.test.context.web.ServletTestExecutionListener@229f66ed, org.springframework.test.context.support.DirtiesContextBeforeModesTestExecutionListener@31190526, org.springframework.boot.test.mock.mockito.MockitoTestExecutionListener@662ac478, org.springframework.boot.test.autoconfigure.SpringBootDependencyInjectionTestExecutionListener@6743e411, org.springframework.test.context.support.DirtiesContextTestExecutionListener@3eb25e1a, org.springframework.test.context.transaction.TransactionalTestExecutionListener@477b4cdf, org.springframework.test.context.jdbc.SqlScriptsTestExecutionListener@77c2494c, org.springframework.security.test.context.support.WithSecurityContextTestExecutionListener@f5958c9, org.springframework.security.test.context.support.ReactorContextTestExecutionListener@233795b6, org.springframework.boot.test.mock.mockito.ResetMocksTestExecutionListener@3eb738bb, org.springframework.boot.test.autoconfigure.restdocs.RestDocsTestExecutionListener@5bda8e08, org.springframework.boot.test.autoconfigure.web.client.MockRestServiceServerResetTestExecutionListener@1e800aaa, org.springframework.boot.test.autoconfigure.web.servlet.MockMvcPrintOnlyOnFailureTestExecutionListener@185a6e9, org.springframework.boot.test.autoconfigure.web.servlet.WebDriverTestExecutionListener@6f03482]
13:38:50.424 [main] DEBUG org.springframework.test.annotation.ProfileValueUtils - Retrieved @ProfileValueSourceConfiguration [null] for test class [pl.edu.prz.kia.universityproject.UniversityProjectApplicationTests]
13:38:50.424 [main] DEBUG org.springframework.test.annotation.ProfileValueUtils - Retrieved ProfileValueSource type [class org.springframework.test.annotation.SystemProfileValueSource] for class [pl.edu.prz.kia.universityproject.UniversityProjectApplicationTests]
13:38:50.425 [main] DEBUG org.springframework.test.annotation.ProfileValueUtils - Retrieved @ProfileValueSourceConfiguration [null] for test class [pl.edu.prz.kia.universityproject.UniversityProjectApplicationTests]
13:38:50.425 [main] DEBUG org.springframework.test.annotation.ProfileValueUtils - Retrieved ProfileValueSource type [class org.springframework.test.annotation.SystemProfileValueSource] for class [pl.edu.prz.kia.universityproject.UniversityProjectApplicationTests]
13:38:50.426 [main] DEBUG org.springframework.test.annotation.ProfileValueUtils - Retrieved @ProfileValueSourceConfiguration [null] for test class [pl.edu.prz.kia.universityproject.UniversityProjectApplicationTests]
13:38:50.426 [main] DEBUG org.springframework.test.annotation.ProfileValueUtils - Retrieved ProfileValueSource type [class org.springframework.test.annotation.SystemProfileValueSource] for class [pl.edu.prz.kia.universityproject.UniversityProjectApplicationTests]
13:38:50.430 [main] DEBUG org.springframework.test.context.support.AbstractDirtiesContextTestExecutionListener - Before test class: context [DefaultTestContext@1c1bbc4e testClass = UniversityProjectApplicationTests, testInstance = [null], testMethod = [null], testException = [null], mergedContextConfiguration = [WebMergedContextConfiguration@55fe41ea testClass = UniversityProjectApplicationTests, locations = '{}', classes = '{class pl.edu.prz.kia.universityproject.UniversityProjectApplication}', contextInitializerClasses = '[]', activeProfiles = '{}', propertySourceLocations = '{}', propertySourceProperties = '{org.springframework.boot.test.context.SpringBootTestContextBootstrapper=true}', contextCustomizers = set[org.springframework.boot.test.context.filter.ExcludeFilterContextCustomizer@6ec8211c, org.springframework.boot.test.json.DuplicateJsonObjectContextCustomizerFactory$DuplicateJsonObjectContextCustomizer@2e3fc542, org.springframework.boot.test.mock.mockito.MockitoContextCustomizer@0, org.springframework.boot.test.web.client.TestRestTemplateContextCustomizer@24a35978, org.springframework.boot.test.autoconfigure.properties.PropertyMappingContextCustomizer@0, org.springframework.boot.test.autoconfigure.web.servlet.WebDriverContextCustomizerFactory$Customizer@35a50a4c], resourceBasePath = 'src/main/webapp', contextLoader = 'org.springframework.boot.test.context.SpringBootContextLoader', parent = [null]], attributes = map['org.springframework.test.context.web.ServletTestExecutionListener.activateListener' -> true]], class annotated with @DirtiesContext [false] with mode [null].
13:38:50.431 [main] DEBUG org.springframework.test.annotation.ProfileValueUtils - Retrieved @ProfileValueSourceConfiguration [null] for test class [pl.edu.prz.kia.universityproject.UniversityProjectApplicationTests]
13:38:50.431 [main] DEBUG org.springframework.test.annotation.ProfileValueUtils - Retrieved ProfileValueSource type [class org.springframework.test.annotation.SystemProfileValueSource] for class [pl.edu.prz.kia.universityproject.UniversityProjectApplicationTests]
13:38:50.451 [main] DEBUG org.springframework.core.env.StandardEnvironment - Adding PropertySource 'systemProperties' with lowest search precedence
13:38:50.451 [main] DEBUG org.springframework.core.env.StandardEnvironment - Adding PropertySource 'systemEnvironment' with lowest search precedence
13:38:50.452 [main] DEBUG org.springframework.core.env.StandardEnvironment - Initialized StandardEnvironment with PropertySources [MapPropertySource@391630194 {name='systemProperties', properties={java.runtime.name=OpenJDK Runtime Environment, sun.boot.library.path=/usr/lib/jvm/java-8-openjdk-amd64/jre/lib/amd64, java.vm.version=25.121-b13, java.vm.vendor=Oracle Corporation, java.vendor.url=http://java.oracle.com/, skip.gulp=true, path.separator=:, java.vm.name=OpenJDK 64-Bit Server VM, file.encoding.pkg=sun.io, findbugs.skip=true, sun.java.launcher=SUN_STANDARD, sun.os.patch.level=unknown, java.vm.specification.name=Java Virtual Machine Specification, user.dir=/root/workspace/rmitula/spring-mvc-university-project/376323720, checkstyle.skip=true, java.runtime.version=1.8.0_121-8u121-b13-1~bpo8+1-b13, skip.npm=true, basedir=/root/workspace/rmitula/spring-mvc-university-project/376323720, java.awt.graphicsenv=sun.awt.X11GraphicsEnvironment, java.endorsed.dirs=/usr/lib/jvm/java-8-openjdk-amd64/jre/lib/endorsed, os.arch=amd64, surefire.real.class.path=/root/workspace/rmitula/spring-mvc-university-project/376323720/target/surefire/surefirebooter7795688588133572926.jar, gpg.skip=true, java.io.tmpdir=/tmp, line.separator=
, cobertura.skip=true, java.vm.specification.vendor=Oracle Corporation, os.name=Linux, sun.jnu.encoding=UTF-8, license.skip=true, java.library.path=/usr/java/packages/lib/amd64:/usr/lib/x86_64-linux-gnu/jni:/lib/x86_64-linux-gnu:/usr/lib/x86_64-linux-gnu:/usr/lib/jni:/lib:/usr/lib, surefire.test.class.path=/root/workspace/rmitula/spring-mvc-university-project/376323720/target/test-classes:/root/workspace/rmitula/spring-mvc-university-project/376323720/target/classes:/root/./workspace/rmitula/spring-mvc-university-project/376323720/.m2/org/springframework/boot/spring-boot-starter-data-jpa/2.0.0.RELEASE/spring-boot-starter-data-jpa-2.0.0.RELEASE.jar:/root/./workspace/rmitula/spring-mvc-university-project/376323720/.m2/org/springframework/boot/spring-boot-starter/2.0.0.RELEASE/spring-boot-starter-2.0.0.RELEASE.jar:/root/./workspace/rmitula/spring-mvc-university-project/376323720/.m2/org/springframework/boot/spring-boot/2.0.0.RELEASE/spring-boot-2.0.0.RELEASE.jar:/root/./workspace/rmitula/spring-mvc-university-project/376323720/.m2/org/springframework/boot/spring-boot-autoconfigure/2.0.0.RELEASE/spring-boot-autoconfigure-2.0.0.RELEASE.jar:/root/./workspace/rmitula/spring-mvc-university-project/376323720/.m2/org/springframework/boot/spring-boot-starter-logging/2.0.0.RELEASE/spring-boot-starter-logging-2.0.0.RELEASE.jar:/root/./workspace/rmitula/spring-mvc-university-project/376323720/.m2/ch/qos/logback/logback-classic/1.2.3/logback-classic-1.2.3.jar:/root/./workspace/rmitula/spring-mvc-university-project/376323720/.m2/ch/qos/logback/logback-core/1.2.3/logback-core-1.2.3.jar:/root/./workspace/rmitula/spring-mvc-university-project/376323720/.m2/org/apache/logging/log4j/log4j-to-slf4j/2.10.0/log4j-to-slf4j-2.10.0.jar:/root/./workspace/rmitula/spring-mvc-university-project/376323720/.m2/org/apache/logging/log4j/log4j-api/2.10.0/log4j-api-2.10.0.jar:/root/./workspace/rmitula/spring-mvc-university-project/376323720/.m2/org/slf4j/jul-to-slf4j/1.7.25/jul-to-slf4j-1.7.25.jar:/root/./workspace/rmitula/spring-mvc-university-project/376323720/.m2/javax/annotation/javax.annotation-api/1.3.2/javax.annotation-api-1.3.2.jar:/root/./workspace/rmitula/spring-mvc-university-project/376323720/.m2/org/yaml/snakeyaml/1.19/snakeyaml-1.19.jar:/root/./workspace/rmitula/spring-mvc-university-project/376323720/.m2/org/springframework/boot/spring-boot-starter-aop/2.0.0.RELEASE/spring-boot-starter-aop-2.0.0.RELEASE.jar:/root/./workspace/rmitula/spring-mvc-university-project/376323720/.m2/org/aspectj/aspectjweaver/1.8.13/aspectjweaver-1.8.13.jar:/root/./workspace/rmitula/spring-mvc-university-project/376323720/.m2/org/springframework/boot/spring-boot-starter-jdbc/2.0.0.RELEASE/spring-boot-starter-jdbc-2.0.0.RELEASE.jar:/root/./workspace/rmitula/spring-mvc-university-project/376323720/.m2/com/zaxxer/HikariCP/2.7.8/HikariCP-2.7.8.jar:/root/./workspace/rmitula/spring-mvc-university-project/376323720/.m2/org/springframework/spring-jdbc/5.0.4.RELEASE/spring-jdbc-5.0.4.RELEASE.jar:/root/./workspace/rmitula/spring-mvc-university-project/376323720/.m2/org/hibernate/hibernate-core/5.2.14.Final/hibernate-core-5.2.14.Final.jar:/root/./workspace/rmitula/spring-mvc-university-project/376323720/.m2/org/jboss/logging/jboss-logging/3.3.2.Final/jboss-logging-3.3.2.Final.jar:/root/./workspace/rmitula/spring-mvc-university-project/376323720/.m2/org/hibernate/javax/persistence/hibernate-jpa-2.1-api/1.0.0.Final/hibernate-jpa-2.1-api-1.0.0.Final.jar:/root/./workspace/rmitula/spring-mvc-university-project/376323720/.m2/org/javassist/javassist/3.22.0-GA/javassist-3.22.0-GA.jar:/root/./workspace/rmitula/spring-mvc-university-project/376323720/.m2/antlr/antlr/2.7.7/antlr-2.7.7.jar:/root/./workspace/rmitula/spring-mvc-university-project/376323720/.m2/org/jboss/jandex/2.0.3.Final/jandex-2.0.3.Final.jar:/root/./workspace/rmitula/spring-mvc-university-project/376323720/.m2/com/fasterxml/classmate/1.3.4/classmate-1.3.4.jar:/root/./workspace/rmitula/spring-mvc-university-project/376323720/.m2/dom4j/dom4j/1.6.1/dom4j-1.6.1.jar:/root/./workspace/rmitula/spring-mvc-university-project/376323720/.m2/org/hibernate/common/hibernate-commons-annotations/5.0.1.Final/hibernate-commons-annotations-5.0.1.Final.jar:/root/./workspace/rmitula/spring-mvc-university-project/376323720/.m2/javax/transaction/javax.transaction-api/1.2/javax.transaction-api-1.2.jar:/root/./workspace/rmitula/spring-mvc-university-project/376323720/.m2/org/springframework/data/spring-data-jpa/2.0.5.RELEASE/spring-data-jpa-2.0.5.RELEASE.jar:/root/./workspace/rmitula/spring-mvc-university-project/376323720/.m2/org/springframework/data/spring-data-commons/2.0.5.RELEASE/spring-data-commons-2.0.5.RELEASE.jar:/root/./workspace/rmitula/spring-mvc-university-project/376323720/.m2/org/springframework/spring-orm/5.0.4.RELEASE/spring-orm-5.0.4.RELEASE.jar:/root/./workspace/rmitula/spring-mvc-university-project/376323720/.m2/org/springframework/spring-context/5.0.4.RELEASE/spring-context-5.0.4.RELEASE.jar:/root/./workspace/rmitula/spring-mvc-university-project/376323720/.m2/org/springframework/spring-tx/5.0.4.RELEASE/spring-tx-5.0.4.RELEASE.jar:/root/./workspace/rmitula/spring-mvc-university-project/376323720/.m2/org/springframework/spring-beans/5.0.4.RELEASE/spring-beans-5.0.4.RELEASE.jar:/root/./workspace/rmitula/spring-mvc-university-project/376323720/.m2/org/springframework/spring-aspects/5.0.4.RELEASE/spring-aspects-5.0.4.RELEASE.jar:/root/./workspace/rmitula/spring-mvc-university-project/376323720/.m2/org/springframework/boot/spring-boot-starter-security/2.0.0.RELEASE/spring-boot-starter-security-2.0.0.RELEASE.jar:/root/./workspace/rmitula/spring-mvc-university-project/376323720/.m2/org/springframework/spring-aop/5.0.4.RELEASE/spring-aop-5.0.4.RELEASE.jar:/root/./workspace/rmitula/spring-mvc-university-project/376323720/.m2/org/springframework/security/spring-security-config/5.0.3.RELEASE/spring-security-config-5.0.3.RELEASE.jar:/root/./workspace/rmitula/spring-mvc-university-project/376323720/.m2/org/springframework/security/spring-security-web/5.0.3.RELEASE/spring-security-web-5.0.3.RELEASE.jar:/root/./workspace/rmitula/spring-mvc-university-project/376323720/.m2/org/springframework/spring-expression/5.0.4.RELEASE/spring-expression-5.0.4.RELEASE.jar:/root/./workspace/rmitula/spring-mvc-university-project/376323720/.m2/org/springframework/boot/spring-boot-starter-thymeleaf/2.0.0.RELEASE/spring-boot-starter-thymeleaf-2.0.0.RELEASE.jar:/root/./workspace/rmitula/spring-mvc-university-project/376323720/.m2/org/thymeleaf/thymeleaf-spring5/3.0.9.RELEASE/thymeleaf-spring5-3.0.9.RELEASE.jar:/root/./workspace/rmitula/spring-mvc-university-project/376323720/.m2/org/thymeleaf/thymeleaf/3.0.9.RELEASE/thymeleaf-3.0.9.RELEASE.jar:/root/./workspace/rmitula/spring-mvc-university-project/376323720/.m2/org/attoparser/attoparser/2.0.4.RELEASE/attoparser-2.0.4.RELEASE.jar:/root/./workspace/rmitula/spring-mvc-university-project/376323720/.m2/org/unbescape/unbescape/1.1.5.RELEASE/unbescape-1.1.5.RELEASE.jar:/root/./workspace/rmitula/spring-mvc-university-project/376323720/.m2/org/thymeleaf/extras/thymeleaf-extras-java8time/3.0.1.RELEASE/thymeleaf-extras-java8time-3.0.1.RELEASE.jar:/root/./workspace/rmitula/spring-mvc-university-project/376323720/.m2/org/springframework/boot/spring-boot-starter-web/2.0.0.RELEASE/spring-boot-starter-web-2.0.0.RELEASE.jar:/root/./workspace/rmitula/spring-mvc-university-project/376323720/.m2/org/springframework/boot/spring-boot-starter-json/2.0.0.RELEASE/spring-boot-starter-json-2.0.0.RELEASE.jar:/root/./workspace/rmitula/spring-mvc-university-project/376323720/.m2/com/fasterxml/jackson/core/jackson-databind/2.9.4/jackson-databind-2.9.4.jar:/root/./workspace/rmitula/spring-mvc-university-project/376323720/.m2/com/fasterxml/jackson/core/jackson-annotations/2.9.0/jackson-annotations-2.9.0.jar:/root/./workspace/rmitula/spring-mvc-university-project/376323720/.m2/com/fasterxml/jackson/core/jackson-core/2.9.4/jackson-core-2.9.4.jar:/root/./workspace/rmitula/spring-mvc-university-project/376323720/.m2/com/fasterxml/jackson/datatype/jackson-datatype-jdk8/2.9.4/jackson-datatype-jdk8-2.9.4.jar:/root/./workspace/rmitula/spring-mvc-university-project/376323720/.m2/com/fasterxml/jackson/datatype/jackson-datatype-jsr310/2.9.4/jackson-datatype-jsr310-2.9.4.jar:/root/./workspace/rmitula/spring-mvc-university-project/376323720/.m2/com/fasterxml/jackson/module/jackson-module-parameter-names/2.9.4/jackson-module-parameter-names-2.9.4.jar:/root/./workspace/rmitula/spring-mvc-university-project/376323720/.m2/org/springframework/boot/spring-boot-starter-tomcat/2.0.0.RELEASE/spring-boot-starter-tomcat-2.0.0.RELEASE.jar:/root/./workspace/rmitula/spring-mvc-university-project/376323720/.m2/org/apache/tomcat/embed/tomcat-embed-websocket/8.5.28/tomcat-embed-websocket-8.5.28.jar:/root/./workspace/rmitula/spring-mvc-university-project/376323720/.m2/org/hibernate/validator/hibernate-validator/6.0.7.Final/hibernate-validator-6.0.7.Final.jar:/root/./workspace/rmitula/spring-mvc-university-project/376323720/.m2/javax/validation/validation-api/2.0.1.Final/validation-api-2.0.1.Final.jar:/root/./workspace/rmitula/spring-mvc-university-project/376323720/.m2/org/springframework/spring-web/5.0.4.RELEASE/spring-web-5.0.4.RELEASE.jar:/root/./workspace/rmitula/spring-mvc-university-project/376323720/.m2/org/springframework/spring-webmvc/5.0.4.RELEASE/spring-webmvc-5.0.4.RELEASE.jar:/root/./workspace/rmitula/spring-mvc-university-project/376323720/.m2/com/h2database/h2/1.4.196/h2-1.4.196.jar:/root/./workspace/rmitula/spring-mvc-university-project/376323720/.m2/net/sourceforge/nekohtml/nekohtml/1.9.21/nekohtml-1.9.21.jar:/root/./workspace/rmitula/spring-mvc-university-project/376323720/.m2/xerces/xercesImpl/2.10.0/xercesImpl-2.10.0.jar:/root/./workspace/rmitula/spring-mvc-university-project/376323720/.m2/xml-apis/xml-apis/1.4.01/xml-apis-1.4.01.jar:/root/./workspace/rmitula/spring-mvc-university-project/376323720/.m2/org/thymeleaf/extras/thymeleaf-extras-springsecurity4/3.0.2.RELEASE/thymeleaf-extras-springsecurity4-3.0.2.RELEASE.jar:/root/./workspace/rmitula/spring-mvc-university-project/376323720/.m2/org/slf4j/slf4j-api/1.7.25/slf4j-api-1.7.25.jar:/root/./workspace/rmitula/spring-mvc-university-project/376323720/.m2/org/apache/tomcat/embed/tomcat-embed-jasper/8.5.28/tomcat-embed-jasper-8.5.28.jar:/root/./workspace/rmitula/spring-mvc-university-project/376323720/.m2/org/apache/tomcat/embed/tomcat-embed-core/8.5.28/tomcat-embed-core-8.5.28.jar:/root/./workspace/rmitula/spring-mvc-university-project/376323720/.m2/org/apache/tomcat/tomcat-annotations-api/8.5.28/tomcat-annotations-api-8.5.28.jar:/root/./workspace/rmitula/spring-mvc-university-project/376323720/.m2/org/apache/tomcat/embed/tomcat-embed-el/8.5.28/tomcat-embed-el-8.5.28.jar:/root/./workspace/rmitula/spring-mvc-university-project/376323720/.m2/org/eclipse/jdt/ecj/3.12.3/ecj-3.12.3.jar:/root/./workspace/rmitula/spring-mvc-university-project/376323720/.m2/org/springframework/boot/spring-boot-starter-test/2.0.0.RELEASE/spring-boot-starter-test-2.0.0.RELEASE.jar:/root/./workspace/rmitula/spring-mvc-university-project/376323720/.m2/org/springframework/boot/spring-boot-test/2.0.0.RELEASE/spring-boot-test-2.0.0.RELEASE.jar:/root/./workspace/rmitula/spring-mvc-university-project/376323720/.m2/org/springframework/boot/spring-boot-test-autoconfigure/2.0.0.RELEASE/spring-boot-test-autoconfigure-2.0.0.RELEASE.jar:/root/./workspace/rmitula/spring-mvc-university-project/376323720/.m2/com/jayway/jsonpath/json-path/2.4.0/json-path-2.4.0.jar:/root/./workspace/rmitula/spring-mvc-university-project/376323720/.m2/net/minidev/json-smart/2.3/json-smart-2.3.jar:/root/./workspace/rmitula/spring-mvc-university-project/376323720/.m2/net/minidev/accessors-smart/1.2/accessors-smart-1.2.jar:/root/./workspace/rmitula/spring-mvc-university-project/376323720/.m2/org/ow2/asm/asm/5.0.4/asm-5.0.4.jar:/root/./workspace/rmitula/spring-mvc-university-project/376323720/.m2/junit/junit/4.12/junit-4.12.jar:/root/./workspace/rmitula/spring-mvc-university-project/376323720/.m2/org/assertj/assertj-core/3.9.1/assertj-core-3.9.1.jar:/root/./workspace/rmitula/spring-mvc-university-project/376323720/.m2/org/mockito/mockito-core/2.15.0/mockito-core-2.15.0.jar:/root/./workspace/rmitula/spring-mvc-university-project/376323720/.m2/net/bytebuddy/byte-buddy/1.7.10/byte-buddy-1.7.10.jar:/root/./workspace/rmitula/spring-mvc-university-project/376323720/.m2/net/bytebuddy/byte-buddy-agent/1.7.10/byte-buddy-agent-1.7.10.jar:/root/./workspace/rmitula/spring-mvc-university-project/376323720/.m2/org/objenesis/objenesis/2.6/objenesis-2.6.jar:/root/./workspace/rmitula/spring-mvc-university-project/376323720/.m2/org/hamcrest/hamcrest-core/1.3/hamcrest-core-1.3.jar:/root/./workspace/rmitula/spring-mvc-university-project/376323720/.m2/org/hamcrest/hamcrest-library/1.3/hamcrest-library-1.3.jar:/root/./workspace/rmitula/spring-mvc-university-project/376323720/.m2/org/skyscreamer/jsonassert/1.5.0/jsonassert-1.5.0.jar:/root/./workspace/rmitula/spring-mvc-university-project/376323720/.m2/com/vaadin/external/google/android-json/0.0.20131108.vaadin1/android-json-0.0.20131108.vaadin1.jar:/root/./workspace/rmitula/spring-mvc-university-project/376323720/.m2/org/springframework/spring-core/5.0.4.RELEASE/spring-core-5.0.4.RELEASE.jar:/root/./workspace/rmitula/spring-mvc-university-project/376323720/.m2/org/springframework/spring-jcl/5.0.4.RELEASE/spring-jcl-5.0.4.RELEASE.jar:/root/./workspace/rmitula/spring-mvc-university-project/376323720/.m2/org/springframework/spring-test/5.0.4.RELEASE/spring-test-5.0.4.RELEASE.jar:/root/./workspace/rmitula/spring-mvc-university-project/376323720/.m2/org/xmlunit/xmlunit-core/2.5.1/xmlunit-core-2.5.1.jar:/root/./workspace/rmitula/spring-mvc-university-project/376323720/.m2/org/springframework/security/spring-security-test/5.0.3.RELEASE/spring-security-test-5.0.3.RELEASE.jar:/root/./workspace/rmitula/spring-mvc-university-project/376323720/.m2/org/springframework/security/spring-security-core/5.0.3.RELEASE/spring-security-core-5.0.3.RELEASE.jar:, java.specification.name=Java Platform API Specification, java.class.version=52.0, skip.bower=true, sun.management.compiler=HotSpot 64-Bit Tiered Compilers, maven.repo.local=/root/./workspace/rmitula/spring-mvc-university-project/376323720/.m2, os.version=3.10.0-693.21.1.el7.x86_64, user.home=/root, user.timezone=Europe/Paris, java.awt.printerjob=sun.print.PSPrinterJob, file.encoding=UTF-8, java.specification.version=1.8, java.class.path=/root/workspace/rmitula/spring-mvc-university-project/376323720/target/test-classes:/root/workspace/rmitula/spring-mvc-university-project/376323720/target/classes:/root/./workspace/rmitula/spring-mvc-university-project/376323720/.m2/org/springframework/boot/spring-boot-starter-data-jpa/2.0.0.RELEASE/spring-boot-starter-data-jpa-2.0.0.RELEASE.jar:/root/./workspace/rmitula/spring-mvc-university-project/376323720/.m2/org/springframework/boot/spring-boot-starter/2.0.0.RELEASE/spring-boot-starter-2.0.0.RELEASE.jar:/root/./workspace/rmitula/spring-mvc-university-project/376323720/.m2/org/springframework/boot/spring-boot/2.0.0.RELEASE/spring-boot-2.0.0.RELEASE.jar:/root/./workspace/rmitula/spring-mvc-university-project/376323720/.m2/org/springframework/boot/spring-boot-autoconfigure/2.0.0.RELEASE/spring-boot-autoconfigure-2.0.0.RELEASE.jar:/root/./workspace/rmitula/spring-mvc-university-project/376323720/.m2/org/springframework/boot/spring-boot-starter-logging/2.0.0.RELEASE/spring-boot-starter-logging-2.0.0.RELEASE.jar:/root/./workspace/rmitula/spring-mvc-university-project/376323720/.m2/ch/qos/logback/logback-classic/1.2.3/logback-classic-1.2.3.jar:/root/./workspace/rmitula/spring-mvc-university-project/376323720/.m2/ch/qos/logback/logback-core/1.2.3/logback-core-1.2.3.jar:/root/./workspace/rmitula/spring-mvc-university-project/376323720/.m2/org/apache/logging/log4j/log4j-to-slf4j/2.10.0/log4j-to-slf4j-2.10.0.jar:/root/./workspace/rmitula/spring-mvc-university-project/376323720/.m2/org/apache/logging/log4j/log4j-api/2.10.0/log4j-api-2.10.0.jar:/root/./workspace/rmitula/spring-mvc-university-project/376323720/.m2/org/slf4j/jul-to-slf4j/1.7.25/jul-to-slf4j-1.7.25.jar:/root/./workspace/rmitula/spring-mvc-university-project/376323720/.m2/javax/annotation/javax.annotation-api/1.3.2/javax.annotation-api-1.3.2.jar:/root/./workspace/rmitula/spring-mvc-university-project/376323720/.m2/org/yaml/snakeyaml/1.19/snakeyaml-1.19.jar:/root/./workspace/rmitula/spring-mvc-university-project/376323720/.m2/org/springframework/boot/spring-boot-starter-aop/2.0.0.RELEASE/spring-boot-starter-aop-2.0.0.RELEASE.jar:/root/./workspace/rmitula/spring-mvc-university-project/376323720/.m2/org/aspectj/aspectjweaver/1.8.13/aspectjweaver-1.8.13.jar:/root/./workspace/rmitula/spring-mvc-university-project/376323720/.m2/org/springframework/boot/spring-boot-starter-jdbc/2.0.0.RELEASE/spring-boot-starter-jdbc-2.0.0.RELEASE.jar:/root/./workspace/rmitula/spring-mvc-university-project/376323720/.m2/com/zaxxer/HikariCP/2.7.8/HikariCP-2.7.8.jar:/root/./workspace/rmitula/spring-mvc-university-project/376323720/.m2/org/springframework/spring-jdbc/5.0.4.RELEASE/spring-jdbc-5.0.4.RELEASE.jar:/root/./workspace/rmitula/spring-mvc-university-project/376323720/.m2/org/hibernate/hibernate-core/5.2.14.Final/hibernate-core-5.2.14.Final.jar:/root/./workspace/rmitula/spring-mvc-university-project/376323720/.m2/org/jboss/logging/jboss-logging/3.3.2.Final/jboss-logging-3.3.2.Final.jar:/root/./workspace/rmitula/spring-mvc-university-project/376323720/.m2/org/hibernate/javax/persistence/hibernate-jpa-2.1-api/1.0.0.Final/hibernate-jpa-2.1-api-1.0.0.Final.jar:/root/./workspace/rmitula/spring-mvc-university-project/376323720/.m2/org/javassist/javassist/3.22.0-GA/javassist-3.22.0-GA.jar:/root/./workspace/rmitula/spring-mvc-university-project/376323720/.m2/antlr/antlr/2.7.7/antlr-2.7.7.jar:/root/./workspace/rmitula/spring-mvc-university-project/376323720/.m2/org/jboss/jandex/2.0.3.Final/jandex-2.0.3.Final.jar:/root/./workspace/rmitula/spring-mvc-university-project/376323720/.m2/com/fasterxml/classmate/1.3.4/classmate-1.3.4.jar:/root/./workspace/rmitula/spring-mvc-university-project/376323720/.m2/dom4j/dom4j/1.6.1/dom4j-1.6.1.jar:/root/./workspace/rmitula/spring-mvc-university-project/376323720/.m2/org/hibernate/common/hibernate-commons-annotations/5.0.1.Final/hibernate-commons-annotations-5.0.1.Final.jar:/root/./workspace/rmitula/spring-mvc-university-project/376323720/.m2/javax/transaction/javax.transaction-api/1.2/javax.transaction-api-1.2.jar:/root/./workspace/rmitula/spring-mvc-university-project/376323720/.m2/org/springframework/data/spring-data-jpa/2.0.5.RELEASE/spring-data-jpa-2.0.5.RELEASE.jar:/root/./workspace/rmitula/spring-mvc-university-project/376323720/.m2/org/springframework/data/spring-data-commons/2.0.5.RELEASE/spring-data-commons-2.0.5.RELEASE.jar:/root/./workspace/rmitula/spring-mvc-university-project/376323720/.m2/org/springframework/spring-orm/5.0.4.RELEASE/spring-orm-5.0.4.RELEASE.jar:/root/./workspace/rmitula/spring-mvc-university-project/376323720/.m2/org/springframework/spring-context/5.0.4.RELEASE/spring-context-5.0.4.RELEASE.jar:/root/./workspace/rmitula/spring-mvc-university-project/376323720/.m2/org/springframework/spring-tx/5.0.4.RELEASE/spring-tx-5.0.4.RELEASE.jar:/root/./workspace/rmitula/spring-mvc-university-project/376323720/.m2/org/springframework/spring-beans/5.0.4.RELEASE/spring-beans-5.0.4.RELEASE.jar:/root/./workspace/rmitula/spring-mvc-university-project/376323720/.m2/org/springframework/spring-aspects/5.0.4.RELEASE/spring-aspects-5.0.4.RELEASE.jar:/root/./workspace/rmitula/spring-mvc-university-project/376323720/.m2/org/springframework/boot/spring-boot-starter-security/2.0.0.RELEASE/spring-boot-starter-security-2.0.0.RELEASE.jar:/root/./workspace/rmitula/spring-mvc-university-project/376323720/.m2/org/springframework/spring-aop/5.0.4.RELEASE/spring-aop-5.0.4.RELEASE.jar:/root/./workspace/rmitula/spring-mvc-university-project/376323720/.m2/org/springframework/security/spring-security-config/5.0.3.RELEASE/spring-security-config-5.0.3.RELEASE.jar:/root/./workspace/rmitula/spring-mvc-university-project/376323720/.m2/org/springframework/security/spring-security-web/5.0.3.RELEASE/spring-security-web-5.0.3.RELEASE.jar:/root/./workspace/rmitula/spring-mvc-university-project/376323720/.m2/org/springframework/spring-expression/5.0.4.RELEASE/spring-expression-5.0.4.RELEASE.jar:/root/./workspace/rmitula/spring-mvc-university-project/376323720/.m2/org/springframework/boot/spring-boot-starter-thymeleaf/2.0.0.RELEASE/spring-boot-starter-thymeleaf-2.0.0.RELEASE.jar:/root/./workspace/rmitula/spring-mvc-university-project/376323720/.m2/org/thymeleaf/thymeleaf-spring5/3.0.9.RELEASE/thymeleaf-spring5-3.0.9.RELEASE.jar:/root/./workspace/rmitula/spring-mvc-university-project/376323720/.m2/org/thymeleaf/thymeleaf/3.0.9.RELEASE/thymeleaf-3.0.9.RELEASE.jar:/root/./workspace/rmitula/spring-mvc-university-project/376323720/.m2/org/attoparser/attoparser/2.0.4.RELEASE/attoparser-2.0.4.RELEASE.jar:/root/./workspace/rmitula/spring-mvc-university-project/376323720/.m2/org/unbescape/unbescape/1.1.5.RELEASE/unbescape-1.1.5.RELEASE.jar:/root/./workspace/rmitula/spring-mvc-university-project/376323720/.m2/org/thymeleaf/extras/thymeleaf-extras-java8time/3.0.1.RELEASE/thymeleaf-extras-java8time-3.0.1.RELEASE.jar:/root/./workspace/rmitula/spring-mvc-university-project/376323720/.m2/org/springframework/boot/spring-boot-starter-web/2.0.0.RELEASE/spring-boot-starter-web-2.0.0.RELEASE.jar:/root/./workspace/rmitula/spring-mvc-university-project/376323720/.m2/org/springframework/boot/spring-boot-starter-json/2.0.0.RELEASE/spring-boot-starter-json-2.0.0.RELEASE.jar:/root/./workspace/rmitula/spring-mvc-university-project/376323720/.m2/com/fasterxml/jackson/core/jackson-databind/2.9.4/jackson-databind-2.9.4.jar:/root/./workspace/rmitula/spring-mvc-university-project/376323720/.m2/com/fasterxml/jackson/core/jackson-annotations/2.9.0/jackson-annotations-2.9.0.jar:/root/./workspace/rmitula/spring-mvc-university-project/376323720/.m2/com/fasterxml/jackson/core/jackson-core/2.9.4/jackson-core-2.9.4.jar:/root/./workspace/rmitula/spring-mvc-university-project/376323720/.m2/com/fasterxml/jackson/datatype/jackson-datatype-jdk8/2.9.4/jackson-datatype-jdk8-2.9.4.jar:/root/./workspace/rmitula/spring-mvc-university-project/376323720/.m2/com/fasterxml/jackson/datatype/jackson-datatype-jsr310/2.9.4/jackson-datatype-jsr310-2.9.4.jar:/root/./workspace/rmitula/spring-mvc-university-project/376323720/.m2/com/fasterxml/jackson/module/jackson-module-parameter-names/2.9.4/jackson-module-parameter-names-2.9.4.jar:/root/./workspace/rmitula/spring-mvc-university-project/376323720/.m2/org/springframework/boot/spring-boot-starter-tomcat/2.0.0.RELEASE/spring-boot-starter-tomcat-2.0.0.RELEASE.jar:/root/./workspace/rmitula/spring-mvc-university-project/376323720/.m2/org/apache/tomcat/embed/tomcat-embed-websocket/8.5.28/tomcat-embed-websocket-8.5.28.jar:/root/./workspace/rmitula/spring-mvc-university-project/376323720/.m2/org/hibernate/validator/hibernate-validator/6.0.7.Final/hibernate-validator-6.0.7.Final.jar:/root/./workspace/rmitula/spring-mvc-university-project/376323720/.m2/javax/validation/validation-api/2.0.1.Final/validation-api-2.0.1.Final.jar:/root/./workspace/rmitula/spring-mvc-university-project/376323720/.m2/org/springframework/spring-web/5.0.4.RELEASE/spring-web-5.0.4.RELEASE.jar:/root/./workspace/rmitula/spring-mvc-university-project/376323720/.m2/org/springframework/spring-webmvc/5.0.4.RELEASE/spring-webmvc-5.0.4.RELEASE.jar:/root/./workspace/rmitula/spring-mvc-university-project/376323720/.m2/com/h2database/h2/1.4.196/h2-1.4.196.jar:/root/./workspace/rmitula/spring-mvc-university-project/376323720/.m2/net/sourceforge/nekohtml/nekohtml/1.9.21/nekohtml-1.9.21.jar:/root/./workspace/rmitula/spring-mvc-university-project/376323720/.m2/xerces/xercesImpl/2.10.0/xercesImpl-2.10.0.jar:/root/./workspace/rmitula/spring-mvc-university-project/376323720/.m2/xml-apis/xml-apis/1.4.01/xml-apis-1.4.01.jar:/root/./workspace/rmitula/spring-mvc-university-project/376323720/.m2/org/thymeleaf/extras/thymeleaf-extras-springsecurity4/3.0.2.RELEASE/thymeleaf-extras-springsecurity4-3.0.2.RELEASE.jar:/root/./workspace/rmitula/spring-mvc-university-project/376323720/.m2/org/slf4j/slf4j-api/1.7.25/slf4j-api-1.7.25.jar:/root/./workspace/rmitula/spring-mvc-university-project/376323720/.m2/org/apache/tomcat/embed/tomcat-embed-jasper/8.5.28/tomcat-embed-jasper-8.5.28.jar:/root/./workspace/rmitula/spring-mvc-university-project/376323720/.m2/org/apache/tomcat/embed/tomcat-embed-core/8.5.28/tomcat-embed-core-8.5.28.jar:/root/./workspace/rmitula/spring-mvc-university-project/376323720/.m2/org/apache/tomcat/tomcat-annotations-api/8.5.28/tomcat-annotations-api-8.5.28.jar:/root/./workspace/rmitula/spring-mvc-university-project/376323720/.m2/org/apache/tomcat/embed/tomcat-embed-el/8.5.28/tomcat-embed-el-8.5.28.jar:/root/./workspace/rmitula/spring-mvc-university-project/376323720/.m2/org/eclipse/jdt/ecj/3.12.3/ecj-3.12.3.jar:/root/./workspace/rmitula/spring-mvc-university-project/376323720/.m2/org/springframework/boot/spring-boot-starter-test/2.0.0.RELEASE/spring-boot-starter-test-2.0.0.RELEASE.jar:/root/./workspace/rmitula/spring-mvc-university-project/376323720/.m2/org/springframework/boot/spring-boot-test/2.0.0.RELEASE/spring-boot-test-2.0.0.RELEASE.jar:/root/./workspace/rmitula/spring-mvc-university-project/376323720/.m2/org/springframework/boot/spring-boot-test-autoconfigure/2.0.0.RELEASE/spring-boot-test-autoconfigure-2.0.0.RELEASE.jar:/root/./workspace/rmitula/spring-mvc-university-project/376323720/.m2/com/jayway/jsonpath/json-path/2.4.0/json-path-2.4.0.jar:/root/./workspace/rmitula/spring-mvc-university-project/376323720/.m2/net/minidev/json-smart/2.3/json-smart-2.3.jar:/root/./workspace/rmitula/spring-mvc-university-project/376323720/.m2/net/minidev/accessors-smart/1.2/accessors-smart-1.2.jar:/root/./workspace/rmitula/spring-mvc-university-project/376323720/.m2/org/ow2/asm/asm/5.0.4/asm-5.0.4.jar:/root/./workspace/rmitula/spring-mvc-university-project/376323720/.m2/junit/junit/4.12/junit-4.12.jar:/root/./workspace/rmitula/spring-mvc-university-project/376323720/.m2/org/assertj/assertj-core/3.9.1/assertj-core-3.9.1.jar:/root/./workspace/rmitula/spring-mvc-university-project/376323720/.m2/org/mockito/mockito-core/2.15.0/mockito-core-2.15.0.jar:/root/./workspace/rmitula/spring-mvc-university-project/376323720/.m2/net/bytebuddy/byte-buddy/1.7.10/byte-buddy-1.7.10.jar:/root/./workspace/rmitula/spring-mvc-university-project/376323720/.m2/net/bytebuddy/byte-buddy-agent/1.7.10/byte-buddy-agent-1.7.10.jar:/root/./workspace/rmitula/spring-mvc-university-project/376323720/.m2/org/objenesis/objenesis/2.6/objenesis-2.6.jar:/root/./workspace/rmitula/spring-mvc-university-project/376323720/.m2/org/hamcrest/hamcrest-core/1.3/hamcrest-core-1.3.jar:/root/./workspace/rmitula/spring-mvc-university-project/376323720/.m2/org/hamcrest/hamcrest-library/1.3/hamcrest-library-1.3.jar:/root/./workspace/rmitula/spring-mvc-university-project/376323720/.m2/org/skyscreamer/jsonassert/1.5.0/jsonassert-1.5.0.jar:/root/./workspace/rmitula/spring-mvc-university-project/376323720/.m2/com/vaadin/external/google/android-json/0.0.20131108.vaadin1/android-json-0.0.20131108.vaadin1.jar:/root/./workspace/rmitula/spring-mvc-university-project/376323720/.m2/org/springframework/spring-core/5.0.4.RELEASE/spring-core-5.0.4.RELEASE.jar:/root/./workspace/rmitula/spring-mvc-university-project/376323720/.m2/org/springframework/spring-jcl/5.0.4.RELEASE/spring-jcl-5.0.4.RELEASE.jar:/root/./workspace/rmitula/spring-mvc-university-project/376323720/.m2/org/springframework/spring-test/5.0.4.RELEASE/spring-test-5.0.4.RELEASE.jar:/root/./workspace/rmitula/spring-mvc-university-project/376323720/.m2/org/xmlunit/xmlunit-core/2.5.1/xmlunit-core-2.5.1.jar:/root/./workspace/rmitula/spring-mvc-university-project/376323720/.m2/org/springframework/security/spring-security-test/5.0.3.RELEASE/spring-security-test-5.0.3.RELEASE.jar:/root/./workspace/rmitula/spring-mvc-university-project/376323720/.m2/org/springframework/security/spring-security-core/5.0.3.RELEASE/spring-security-core-5.0.3.RELEASE.jar:, user.name=root, skipITs=true, java.vm.specification.version=1.8, sun.java.command=/root/workspace/rmitula/spring-mvc-university-project/376323720/target/surefire/surefirebooter7795688588133572926.jar /root/workspace/rmitula/spring-mvc-university-project/376323720/target/surefire 2018-05-08T13-38-47_030-jvmRun1 surefire6233690948921752470tmp surefire_06916705962628710263tmp, java.home=/usr/lib/jvm/java-8-openjdk-amd64/jre, sun.arch.data.model=64, user.language=en, java.specification.vendor=Oracle Corporation, awt.toolkit=sun.awt.X11.XToolkit, java.vm.info=mixed mode, java.version=1.8.0_121, java.ext.dirs=/usr/lib/jvm/java-8-openjdk-amd64/jre/lib/ext:/usr/java/packages/lib/ext, sun.boot.class.path=/usr/lib/jvm/java-8-openjdk-amd64/jre/lib/resources.jar:/usr/lib/jvm/java-8-openjdk-amd64/jre/lib/rt.jar:/usr/lib/jvm/java-8-openjdk-amd64/jre/lib/sunrsasign.jar:/usr/lib/jvm/java-8-openjdk-amd64/jre/lib/jsse.jar:/usr/lib/jvm/java-8-openjdk-amd64/jre/lib/jce.jar:/usr/lib/jvm/java-8-openjdk-amd64/jre/lib/charsets.jar:/usr/lib/jvm/java-8-openjdk-amd64/jre/lib/jfr.jar:/usr/lib/jvm/java-8-openjdk-amd64/jre/classes, rat.skip=true, enforcer.skip=true, java.vendor=Oracle Corporation, localRepository=/root/./workspace/rmitula/spring-mvc-university-project/376323720/.m2, file.separator=/, java.vendor.url.bug=http://bugreport.sun.com/bugreport/, sun.io.unicode.encoding=UnicodeLittle, sun.cpu.endian=little, sun.cpu.isalist=}}, SystemEnvironmentPropertySource@1146825051 {name='systemEnvironment', properties={PATH=/usr/local/sbin:/usr/local/bin:/usr/sbin:/usr/bin:/sbin:/bin, JAVA_HOME=/usr/lib/jvm/java-8-openjdk-amd64, NOTIFY_TO=, CA_CERTIFICATES_JAVA_VERSION=20161107~bpo8+1, MONGODB_HOST=, BUILD_ID=, LANG=C.UTF-8, GITHUB_LOGIN=, MAVEN_HOME=/usr/share/maven, SMTP_SERVER=, MONGODB_NAME=, REPAIR_MODE=, PWD=/root/workspace/rmitula/spring-mvc-university-project/376323720, GOOGLE_ACCESS_TOKEN=, JAVA_VERSION=8u121, GITHUB_OAUTH=, MAVEN_CMD_LINE_ARGS=/root/.m2 -D enforcer.skip=true -D skipITs=true -D cobertura.skip=true -D maven.repo.local=/root/./workspace/rmitula/spring-mvc-university-project/376323720/.m2 -D rat.skip=true -D findbugs.skip=true -D skip.bower=true -D gpg.skip=true -D checkstyle.skip=true -D skip.gulp=true -D license.skip=true -D skip.npm=true test, _=/usr/bin/java, SPREADSHEET_ID=, OUTPUT=, MAVEN_TERMINATE_CMD=on, MAVEN_CONFIG=/root/.m2, MAVEN_PROJECTBASEDIR=/root/workspace/rmitula/spring-mvc-university-project/376323720, OLDPWD=/root/workspace/rmitula/spring-mvc-university-project/376323720, LOG_FILENAME=repairnator-pipeline_2018-05-08_1337_376323720, RUN_ID=, HOSTNAME=spirals-vortex.lille.inria.fr, JAVA_DEBIAN_VERSION=8u121-b13-1~bpo8+1, M2_HOME=/usr/share/maven, HOME=/root, SHLVL=1, PUSH_URL=}}]
13:38:50.455 [main] DEBUG org.springframework.test.context.support.TestPropertySourceUtils - Adding inlined properties to environment: {spring.jmx.enabled=false, org.springframework.boot.test.context.SpringBootTestContextBootstrapper=true, server.port=-1}
13:38:50.456 [main] DEBUG org.springframework.core.env.StandardEnvironment - Adding PropertySource 'Inlined Test Properties' with highest search precedence

  .   ____          _            __ _ _
 /\\ / ___'_ __ _ _(_)_ __  __ _ \ \ \ \
( ( )\___ | '_ | '_| | '_ \/ _` | \ \ \ \
 \\/  ___)| |_)| | | | | || (_| |  ) ) ) )
  '  |____| .__|_| |_|_| |_\__, | / / / /
 =========|_|==============|___/=/_/_/_/
 :: Spring Boot ::        (v2.0.0.RELEASE)

2018-05-08 13:38:50.722  INFO 371 --- [           main] .p.k.u.UniversityProjectApplicationTests : Starting UniversityProjectApplicationTests on spirals-vortex.lille.inria.fr with PID 371 (started by root in /root/workspace/rmitula/spring-mvc-university-project/376323720)
2018-05-08 13:38:50.723  INFO 371 --- [           main] .p.k.u.UniversityProjectApplicationTests : No active profile set, falling back to default profiles: default
2018-05-08 13:38:50.776  INFO 371 --- [           main] o.s.w.c.s.GenericWebApplicationContext   : Refreshing org.springframework.web.context.support.GenericWebApplicationContext@53045c6c: startup date [Tue May 08 13:38:50 CEST 2018]; root of context hierarchy
2018-05-08 13:38:54.349  INFO 371 --- [           main] trationDelegate$BeanPostProcessorChecker : Bean 'org.springframework.transaction.annotation.ProxyTransactionManagementConfiguration' of type [org.springframework.transaction.annotation.ProxyTransactionManagementConfiguration$$EnhancerBySpringCGLIB$$c259d63a] is not eligible for getting processed by all BeanPostProcessors (for example: not eligible for auto-proxying)
2018-05-08 13:38:54.728  INFO 371 --- [           main] com.zaxxer.hikari.HikariDataSource       : foodb - Starting...
2018-05-08 13:38:54.990  INFO 371 --- [           main] com.zaxxer.hikari.HikariDataSource       : foodb - Start completed.
2018-05-08 13:38:55.325  INFO 371 --- [           main] j.LocalContainerEntityManagerFactoryBean : Building JPA container EntityManagerFactory for persistence unit 'default'
2018-05-08 13:38:55.354  INFO 371 --- [           main] o.hibernate.jpa.internal.util.LogHelper  : HHH000204: Processing PersistenceUnitInfo [
	name: default
	...]
2018-05-08 13:38:55.478  INFO 371 --- [           main] org.hibernate.Version                    : HHH000412: Hibernate Core {5.2.14.Final}
2018-05-08 13:38:55.480  INFO 371 --- [           main] org.hibernate.cfg.Environment            : HHH000206: hibernate.properties not found
2018-05-08 13:38:55.537  INFO 371 --- [           main] o.hibernate.annotations.common.Version   : HCANN000001: Hibernate Commons Annotations {5.0.1.Final}
2018-05-08 13:38:55.690  INFO 371 --- [           main] org.hibernate.dialect.Dialect            : HHH000400: Using dialect: org.hibernate.dialect.H2Dialect
Hibernate: drop table kierunek if exists
Hibernate: drop table odpowiedz_uzytkownika if exists
Hibernate: drop table pytanie if exists
Hibernate: drop table rola if exists
Hibernate: drop table uzytkownik if exists
Hibernate: drop table uzytkownik_kierunek if exists
Hibernate: drop table uzytkownik_rola if exists
Hibernate: drop table wartosc_oczekiwana if exists
Hibernate: drop table wydzial if exists
Hibernate: drop sequence if exists hibernate_sequence
Hibernate: create sequence hibernate_sequence start with 1 increment by 1
Hibernate: create table kierunek (id_kierunku bigint not null, opis varchar(255), nazwa varchar(255) not null, id_wydzialu bigint, primary key (id_kierunku))
Hibernate: create table odpowiedz_uzytkownika (id_odpowiedzi_uzytkownika bigint not null, wartosc integer not null check (wartosc<=10), id_pytania bigint, id_uzytkownika integer, primary key (id_odpowiedzi_uzytkownika))
Hibernate: create table pytanie (id_pytania bigint not null, tresc varchar(255) not null, primary key (id_pytania))
Hibernate: create table rola (id_roli integer not null, rola varchar(255), primary key (id_roli))
Hibernate: create table uzytkownik (id_uzytkownika integer generated by default as identity, active integer, email varchar(255), nazwisko varchar(255), imie varchar(255), haslo varchar(255), primary key (id_uzytkownika))
Hibernate: create table uzytkownik_kierunek (id_uzytkownika integer not null, id_kierunku bigint not null, primary key (id_uzytkownika, id_kierunku))
Hibernate: create table uzytkownik_rola (id_uzytkownika integer not null, id_roli integer not null, primary key (id_uzytkownika, id_roli))
Hibernate: create table wartosc_oczekiwana (id_wartosci_oczekiwanej bigint not null, wartosc integer not null check (wartosc<=10), id_pytania bigint, id_kierunku bigint, primary key (id_wartosci_oczekiwanej))
Hibernate: create table wydzial (id_wydzialu bigint not null, adres varchar(255) not null, logo varchar(255), nazwa varchar(255) not null, primary key (id_wydzialu))
Hibernate: alter table kierunek add constraint FKmqfgm5hy6lhllijeskiibgwqx foreign key (id_wydzialu) references wydzial
Hibernate: alter table odpowiedz_uzytkownika add constraint FK9rpf83vtnduydmdjg6pel1jbb foreign key (id_pytania) references pytanie
Hibernate: alter table odpowiedz_uzytkownika add constraint FKk425fwubisouf1ad94olluk9 foreign key (id_uzytkownika) references uzytkownik
Hibernate: alter table uzytkownik_kierunek add constraint FK3t6wnq09wdfabvplhx8o1dggl foreign key (id_kierunku) references kierunek
Hibernate: alter table uzytkownik_kierunek add constraint FKx1own64wqgygkomc97by8el2 foreign key (id_uzytkownika) references uzytkownik
Hibernate: alter table uzytkownik_rola add constraint FKgg03p868bpetb8pc16i9520rp foreign key (id_roli) references rola
Hibernate: alter table uzytkownik_rola add constraint FKc7cqm1cqjt0gjyuwjq715q4ep foreign key (id_uzytkownika) references uzytkownik
Hibernate: alter table wartosc_oczekiwana add constraint FK7t71fmn4cwtv0aubjgx5yqg9e foreign key (id_pytania) references pytanie
Hibernate: alter table wartosc_oczekiwana add constraint FK8rbxq82esbwkycbwmcrck29ck foreign key (id_kierunku) references kierunek
2018-05-08 13:38:56.704  INFO 371 --- [           main] o.h.t.schema.internal.SchemaCreatorImpl  : HHH000476: Executing import script 'ScriptSourceInputFromUrl(file:/root/workspace/rmitula/spring-mvc-university-project/376323720/target/classes/import.sql)'
Hibernate: INSERT INTO rola (id_roli, rola) VALUES (1, 'ADMIN')
Hibernate: INSERT INTO rola (id_roli, rola) VALUES (2, 'USER')
Hibernate: INSERT INTO uzytkownik (id_uzytkownika, email, haslo, imie, nazwisko, active) VALUES (1, 'user@user', '$2a$10$Anb7jpgtB7VNkiHyV0kvWuYgHsHwKRQMPzQ.EOZLGXgnj/8bSzfha', 'user', 'user', 1)
Hibernate: INSERT INTO uzytkownik (id_uzytkownika, email, haslo, imie, nazwisko, active) VALUES (2, 'usedr@usder', '$2a$10$Anb7jpgtB7VNkiHyV0kvWuYgHsHwKRQMPzQ.EOZLGXgnj/8bSzfha', 'user', 'user', 1)
Hibernate: INSERT INTO uzytkownik (id_uzytkownika, email, haslo, imie, nazwisko, active) VALUES (3, 'admin@admin', '$2a$10$Anb7jpgtB7VNkiHyV0kvWuYgHsHwKRQMPzQ.EOZLGXgnj/8bSzfha', 'admin', 'admin', 1)
Hibernate: INSERT INTO uzytkownik_rola (id_uzytkownika, id_roli) VALUES (1, 2)
Hibernate: INSERT INTO uzytkownik_rola (id_uzytkownika, id_roli) VALUES (2, 2)
Hibernate: INSERT INTO uzytkownik_rola(id_uzytkownika, id_roli) VALUES (3, 1)
Hibernate: INSERT INTO uzytkownik_rola (id_uzytkownika, id_roli) VALUES (3, 2)
Hibernate: INSERT INTO wydzial (id_wydzialu, nazwa, adres) VALUES (1, 'Wydzial Zarzadzania', 'Powstancow Warszawy')
Hibernate: INSERT INTO wydzial (id_wydzialu, nazwa, adres) VALUES (2, 'Wydział Elektrotechniki i Informatyki', 'Wincentego Pola')
Hibernate: INSERT INTO kierunek (id_kierunku, id_wydzialu, nazwa, opis) VALUES (1, 1, 'Logistyka', 'A nie wiem w sumie')
Hibernate: INSERT INTO kierunek (id_kierunku, id_wydzialu, nazwa, opis) VALUES (2, 2, 'Informatyka', 'Porządny kierunek')
Hibernate: INSERT INTO kierunek (id_kierunku, id_wydzialu, nazwa, opis) VALUES (3, 2, 'Energetyka', 'Też spoko')
Hibernate: INSERT INTO uzytkownik_kierunek (id_uzytkownika, id_kierunku) VALUES (1,1)
Hibernate: INSERT INTO pytanie (id_pytania , tresc) VALUES (1, 'Ddziała?')
Hibernate: INSERT INTO pytanie (id_pytania , tresc) VALUES (2, 'Ale dobrze ddziała?')
Hibernate: INSERT INTO pytanie (id_pytania , tresc) VALUES (3, 'Na pewno?')
Hibernate: INSERT INTO odpowiedz_uzytkownika (id_odpowiedzi_uzytkownika, wartosc, id_pytania, id_uzytkownika) VALUES (1, 9, 1, 1)
Hibernate: INSERT INTO odpowiedz_uzytkownika (id_odpowiedzi_uzytkownika, wartosc, id_pytania, id_uzytkownika) VALUES (2, 10, 2, 1)
Hibernate: INSERT INTO odpowiedz_uzytkownika (id_odpowiedzi_uzytkownika, wartosc, id_pytania, id_uzytkownika) VALUES (3, 5, 3, 2)
Hibernate: INSERT INTO odpowiedz_uzytkownika (id_odpowiedzi_uzytkownika, wartosc, id_pytania, id_uzytkownika) VALUES (4, 2, 2, 2)
Hibernate: INSERT INTO wartosc_oczekiwana (id_wartosci_oczekiwanej, wartosc, id_pytania, id_kierunku) VALUES (1, 8, 1,1)
Hibernate: INSERT INTO wartosc_oczekiwana (id_wartosci_oczekiwanej, wartosc, id_pytania, id_kierunku) VALUES (2, 9, 2,1)
Hibernate: INSERT INTO wartosc_oczekiwana (id_wartosci_oczekiwanej, wartosc, id_pytania, id_kierunku) VALUES (3, 7, 3,1)
Hibernate: INSERT INTO wartosc_oczekiwana (id_wartosci_oczekiwanej, wartosc, id_pytania, id_kierunku) VALUES (4, 7, 1,2)
Hibernate: INSERT INTO wartosc_oczekiwana (id_wartosci_oczekiwanej, wartosc, id_pytania, id_kierunku) VALUES (5, 8, 2,2)
Hibernate: INSERT INTO wartosc_oczekiwana (id_wartosci_oczekiwanej, wartosc, id_pytania, id_kierunku) VALUES (6, 9, 3,2)
2018-05-08 13:38:56.728  INFO 371 --- [           main] j.LocalContainerEntityManagerFactoryBean : Initialized JPA EntityManagerFactory for persistence unit 'default'
2018-05-08 13:38:59.313  INFO 371 --- [           main] o.s.s.web.DefaultSecurityFilterChain     : Creating filter chain: Ant [pattern='/resources/**'], []
2018-05-08 13:38:59.314  INFO 371 --- [           main] o.s.s.web.DefaultSecurityFilterChain     : Creating filter chain: Ant [pattern='/static/**'], []
2018-05-08 13:38:59.314  INFO 371 --- [           main] o.s.s.web.DefaultSecurityFilterChain     : Creating filter chain: Ant [pattern='/css/**'], []
2018-05-08 13:38:59.314  INFO 371 --- [           main] o.s.s.web.DefaultSecurityFilterChain     : Creating filter chain: Ant [pattern='/js/**'], []
2018-05-08 13:38:59.314  INFO 371 --- [           main] o.s.s.web.DefaultSecurityFilterChain     : Creating filter chain: Ant [pattern='/images/**'], []
2018-05-08 13:38:59.495  INFO 371 --- [           main] o.s.s.web.DefaultSecurityFilterChain     : Creating filter chain: org.springframework.security.web.util.matcher.AnyRequestMatcher@1, [org.springframework.security.web.context.request.async.WebAsyncManagerIntegrationFilter@1578fa9, org.springframework.security.web.context.SecurityContextPersistenceFilter@7c71c889, org.springframework.security.web.header.HeaderWriterFilter@6f15f52a, org.springframework.security.web.authentication.logout.LogoutFilter@26c7b1c6, org.springframework.security.web.authentication.UsernamePasswordAuthenticationFilter@7db5b890, org.springframework.security.web.savedrequest.RequestCacheAwareFilter@5c59a0f7, org.springframework.security.web.servletapi.SecurityContextHolderAwareRequestFilter@2c47a053, org.springframework.security.web.authentication.AnonymousAuthenticationFilter@414b2df5, org.springframework.security.web.session.SessionManagementFilter@38811103, org.springframework.security.web.access.ExceptionTranslationFilter@2b0454d2, org.springframework.security.web.access.intercept.FilterSecurityInterceptor@35d7386b]
2018-05-08 13:39:00.884  INFO 371 --- [           main] s.w.s.m.m.a.RequestMappingHandlerAdapter : Looking for @ControllerAdvice: org.springframework.web.context.support.GenericWebApplicationContext@53045c6c: startup date [Tue May 08 13:38:50 CEST 2018]; root of context hierarchy
2018-05-08 13:39:00.951  WARN 371 --- [           main] aWebConfiguration$JpaWebMvcConfiguration : spring.jpa.open-in-view is enabled by default. Therefore, database queries may be performed during view rendering. Explicitly configure spring.jpa.open-in-view to disable this warning
2018-05-08 13:39:01.036  INFO 371 --- [           main] s.w.s.m.m.a.RequestMappingHandlerMapping : Mapped "{[/admin/home],methods=[GET]}" onto public org.springframework.web.servlet.ModelAndView pl.edu.prz.kia.universityproject.controller.AdminController.adminHome()
2018-05-08 13:39:01.038  INFO 371 --- [           main] s.w.s.m.m.a.RequestMappingHandlerMapping : Mapped "{[/],methods=[GET]}" onto public org.springframework.web.servlet.ModelAndView pl.edu.prz.kia.universityproject.controller.HomeController.index()
2018-05-08 13:39:01.055  INFO 371 --- [           main] s.w.s.m.m.a.RequestMappingHandlerMapping : Mapped "{[/login],methods=[GET]}" onto public org.springframework.web.servlet.ModelAndView pl.edu.prz.kia.universityproject.controller.LoginController.login()
2018-05-08 13:39:01.056  INFO 371 --- [           main] s.w.s.m.m.a.RequestMappingHandlerMapping : Mapped "{[/registration],methods=[GET]}" onto public org.springframework.web.servlet.ModelAndView pl.edu.prz.kia.universityproject.controller.LoginController.registration()
2018-05-08 13:39:01.057  INFO 371 --- [           main] s.w.s.m.m.a.RequestMappingHandlerMapping : Mapped "{[/registration],methods=[POST]}" onto public org.springframework.web.servlet.ModelAndView pl.edu.prz.kia.universityproject.controller.LoginController.createNewUser(pl.edu.prz.kia.universityproject.model.User,org.springframework.validation.BindingResult)
2018-05-08 13:39:01.058  INFO 371 --- [           main] s.w.s.m.m.a.RequestMappingHandlerMapping : Mapped "{[/user/home],methods=[GET]}" onto public org.springframework.web.servlet.ModelAndView pl.edu.prz.kia.universityproject.controller.UserController.userHome()
2018-05-08 13:39:01.064  INFO 371 --- [           main] s.w.s.m.m.a.RequestMappingHandlerMapping : Mapped "{[/error],produces=[text/html]}" onto public org.springframework.web.servlet.ModelAndView org.springframework.boot.autoconfigure.web.servlet.error.BasicErrorController.errorHtml(javax.servlet.http.HttpServletRequest,javax.servlet.http.HttpServletResponse)
2018-05-08 13:39:01.065  INFO 371 --- [           main] s.w.s.m.m.a.RequestMappingHandlerMapping : Mapped "{[/error]}" onto public org.springframework.http.ResponseEntity<java.util.Map<java.lang.String, java.lang.Object>> org.springframework.boot.autoconfigure.web.servlet.error.BasicErrorController.error(javax.servlet.http.HttpServletRequest)
2018-05-08 13:39:01.175  INFO 371 --- [           main] o.s.w.s.handler.SimpleUrlHandlerMapping  : Mapped URL path [/webjars/**] onto handler of type [class org.springframework.web.servlet.resource.ResourceHttpRequestHandler]
2018-05-08 13:39:01.176  INFO 371 --- [           main] o.s.w.s.handler.SimpleUrlHandlerMapping  : Mapped URL path [/**] onto handler of type [class org.springframework.web.servlet.resource.ResourceHttpRequestHandler]
2018-05-08 13:39:01.308  INFO 371 --- [           main] o.s.w.s.handler.SimpleUrlHandlerMapping  : Mapped URL path [/**/favicon.ico] onto handler of type [class org.springframework.web.servlet.resource.ResourceHttpRequestHandler]
2018-05-08 13:39:01.436  WARN 371 --- [           main] org.thymeleaf.templatemode.TemplateMode  : [THYMELEAF][main] Template Mode 'LEGACYHTML5' is deprecated. Using Template Mode 'HTML' instead.
2018-05-08 13:39:01.545  INFO 371 --- [           main] o.s.b.a.w.s.WelcomePageHandlerMapping    : Adding welcome page template: index
2018-05-08 13:39:01.814  INFO 371 --- [           main] .s.s.UserDetailsServiceAutoConfiguration : 

Using generated security password: 580c9e8b-cda3-4ed7-a61d-269775088bef

2018-05-08 13:39:02.226  INFO 371 --- [           main] .p.k.u.UniversityProjectApplicationTests : Started UniversityProjectApplicationTests in 11.759 seconds (JVM running for 13.202)
]]></system-out>
  </testcase>
</testsuite>