<?xml version="1.0" encoding="UTF-8" ?>
<testsuite tests="1" failures="1" name="innovimax.mixthem.GenericTest" time="0.256" errors="0" skipped="0">
  <properties>
    <property name="java.runtime.name" value="OpenJDK Runtime Environment"/>
    <property name="sun.boot.library.path" value="/usr/lib/jvm/java-8-openjdk-amd64/jre/lib/amd64"/>
    <property name="java.vm.version" value="25.121-b13"/>
    <property name="java.vm.vendor" value="Oracle Corporation"/>
    <property name="maven.multiModuleProjectDirectory" value="/root/workspace/Innovimax-SARL/mix-them/366034628"/>
    <property name="java.vendor.url" value="http://java.oracle.com/"/>
    <property name="path.separator" value=":"/>
    <property name="guice.disable.misplaced.annotation.check" value="true"/>
    <property name="skip.gulp" value="true"/>
    <property name="java.vm.name" value="OpenJDK 64-Bit Server VM"/>
    <property name="file.encoding.pkg" value="sun.io"/>
    <property name="sun.java.launcher" value="SUN_STANDARD"/>
    <property name="sun.os.patch.level" value="unknown"/>
    <property name="findbugs.skip" value="true"/>
    <property name="java.vm.specification.name" value="Java Virtual Machine Specification"/>
    <property name="user.dir" value="/root/workspace/Innovimax-SARL/mix-them/366034628"/>
    <property name="checkstyle.skip" value="true"/>
    <property name="java.runtime.version" value="1.8.0_121-8u121-b13-1~bpo8+1-b13"/>
    <property name="java.awt.graphicsenv" value="sun.awt.X11GraphicsEnvironment"/>
    <property name="skip.npm" value="true"/>
    <property name="java.endorsed.dirs" value="/usr/lib/jvm/java-8-openjdk-amd64/jre/lib/endorsed"/>
    <property name="os.arch" value="amd64"/>
    <property name="java.io.tmpdir" value="/tmp"/>
    <property name="gpg.skip" value="true"/>
    <property name="line.separator" value="
"/>
    <property name="java.vm.specification.vendor" value="Oracle Corporation"/>
    <property name="cobertura.skip" value="true"/>
    <property name="os.name" value="Linux"/>
    <property name="classworlds.conf" value="/usr/share/maven/bin/m2.conf"/>
    <property name="sun.jnu.encoding" value="UTF-8"/>
    <property name="java.library.path" value="/usr/java/packages/lib/amd64:/usr/lib/x86_64-linux-gnu/jni:/lib/x86_64-linux-gnu:/usr/lib/x86_64-linux-gnu:/usr/lib/jni:/lib:/usr/lib"/>
    <property name="license.skip" value="true"/>
    <property name="java.specification.name" value="Java Platform API Specification"/>
    <property name="java.class.version" value="52.0"/>
    <property name="sun.management.compiler" value="HotSpot 64-Bit Tiered Compilers"/>
    <property name="skip.bower" value="true"/>
    <property name="maven.repo.local" value="/root/./workspace/Innovimax-SARL/mix-them/366034628/.m2"/>
    <property name="os.version" value="3.10.0-693.21.1.el7.x86_64"/>
    <property name="user.home" value="/root"/>
    <property name="user.timezone" value="Europe/Paris"/>
    <property name="java.awt.printerjob" value="sun.print.PSPrinterJob"/>
    <property name="java.specification.version" value="1.8"/>
    <property name="file.encoding" value="UTF-8"/>
    <property name="user.name" value="root"/>
    <property name="java.class.path" value="/usr/share/maven/boot/plexus-classworlds-2.5.2.jar"/>
    <property name="skipITs" value="true"/>
    <property name="java.vm.specification.version" value="1.8"/>
    <property name="sun.arch.data.model" value="64"/>
    <property name="java.home" value="/usr/lib/jvm/java-8-openjdk-amd64/jre"/>
    <property name="sun.java.command" value="org.codehaus.plexus.classworlds.launcher.Launcher -D enforcer.skip=true -D skipITs=true -D cobertura.skip=true -D maven.repo.local=/root/./workspace/Innovimax-SARL/mix-them/366034628/.m2 -D rat.skip=true -D findbugs.skip=true -D skip.bower=true -D gpg.skip=true -D checkstyle.skip=true -D skip.gulp=true -D license.skip=true -D skip.npm=true test"/>
    <property name="java.specification.vendor" value="Oracle Corporation"/>
    <property name="user.language" value="en"/>
    <property name="awt.toolkit" value="sun.awt.X11.XToolkit"/>
    <property name="java.vm.info" value="mixed mode"/>
    <property name="java.version" value="1.8.0_121"/>
    <property name="java.ext.dirs" value="/usr/lib/jvm/java-8-openjdk-amd64/jre/lib/ext:/usr/java/packages/lib/ext"/>
    <property name="securerandom.source" value="file:/dev/./urandom"/>
    <property name="sun.boot.class.path" value="/usr/lib/jvm/java-8-openjdk-amd64/jre/lib/resources.jar:/usr/lib/jvm/java-8-openjdk-amd64/jre/lib/rt.jar:/usr/lib/jvm/java-8-openjdk-amd64/jre/lib/sunrsasign.jar:/usr/lib/jvm/java-8-openjdk-amd64/jre/lib/jsse.jar:/usr/lib/jvm/java-8-openjdk-amd64/jre/lib/jce.jar:/usr/lib/jvm/java-8-openjdk-amd64/jre/lib/charsets.jar:/usr/lib/jvm/java-8-openjdk-amd64/jre/lib/jfr.jar:/usr/lib/jvm/java-8-openjdk-amd64/jre/classes"/>
    <property name="java.vendor" value="Oracle Corporation"/>
    <property name="enforcer.skip" value="true"/>
    <property name="rat.skip" value="true"/>
    <property name="maven.home" value="/usr/share/maven"/>
    <property name="file.separator" value="/"/>
    <property name="java.vendor.url.bug" value="http://bugreport.sun.com/bugreport/"/>
    <property name="sun.cpu.endian" value="little"/>
    <property name="sun.io.unicode.encoding" value="UnicodeLittle"/>
    <property name="sun.cpu.isalist" value=""/>
  </properties>
  <testcase classname="innovimax.mixthem.GenericTest" name="parameter" time="0.256">
    <failure type="java.lang.AssertionError">java.lang.AssertionError
	at org.junit.Assert.fail(Assert.java:86)
	at org.junit.Assert.assertTrue(Assert.java:41)
	at org.junit.Assert.assertTrue(Assert.java:52)
	at innovimax.mixthem.GenericTest.parameter(GenericTest.java:65)
	at sun.reflect.NativeMethodAccessorImpl.invoke0(Native Method)
	at sun.reflect.NativeMethodAccessorImpl.invoke(NativeMethodAccessorImpl.java:62)
	at sun.reflect.DelegatingMethodAccessorImpl.invoke(DelegatingMethodAccessorImpl.java:43)
	at java.lang.reflect.Method.invoke(Method.java:498)
	at org.junit.runners.model.FrameworkMethod$1.runReflectiveCall(FrameworkMethod.java:50)
	at org.junit.internal.runners.model.ReflectiveCallable.run(ReflectiveCallable.java:12)
	at org.junit.runners.model.FrameworkMethod.invokeExplosively(FrameworkMethod.java:47)
	at org.junit.internal.runners.statements.InvokeMethod.evaluate(InvokeMethod.java:17)
	at org.junit.runners.ParentRunner.runLeaf(ParentRunner.java:325)
	at org.junit.runners.BlockJUnit4ClassRunner.runChild(BlockJUnit4ClassRunner.java:78)
	at org.junit.runners.BlockJUnit4ClassRunner.runChild(BlockJUnit4ClassRunner.java:57)
	at org.junit.runners.ParentRunner$3.run(ParentRunner.java:290)
	at org.junit.runners.ParentRunner$1.schedule(ParentRunner.java:71)
	at org.junit.runners.ParentRunner.runChildren(ParentRunner.java:288)
	at org.junit.runners.ParentRunner.access$000(ParentRunner.java:58)
	at org.junit.runners.ParentRunner$2.evaluate(ParentRunner.java:268)
	at org.junit.runners.ParentRunner.run(ParentRunner.java:363)
	at org.apache.maven.surefire.junit4.JUnit4Provider.execute(JUnit4Provider.java:252)
	at org.apache.maven.surefire.junit4.JUnit4Provider.executeTestSet(JUnit4Provider.java:141)
	at org.apache.maven.surefire.junit4.JUnit4Provider.invoke(JUnit4Provider.java:112)
	at sun.reflect.NativeMethodAccessorImpl.invoke0(Native Method)
	at sun.reflect.NativeMethodAccessorImpl.invoke(NativeMethodAccessorImpl.java:62)
	at sun.reflect.DelegatingMethodAccessorImpl.invoke(DelegatingMethodAccessorImpl.java:43)
	at java.lang.reflect.Method.invoke(Method.java:498)
	at org.apache.maven.surefire.util.ReflectionUtils.invokeMethodWithArray(ReflectionUtils.java:189)
	at org.apache.maven.surefire.booter.ProviderFactory$ProviderProxy.invoke(ProviderFactory.java:165)
	at org.apache.maven.surefire.booter.ProviderFactory.invokeProvider(ProviderFactory.java:85)
	at org.apache.maven.surefire.booter.ForkedBooter.runSuitesInProcess(ForkedBooter.java:115)
	at org.apache.maven.surefire.booter.ForkedBooter.main(ForkedBooter.java:75)
</failure>
    <system-out>1
2
3
4
5
6
7
8
9
10
A
B
C
D
E
F
G
H
I
J
K
L
M
N
1
2
3
4
5
6
7
8
9
10
A
B
C
D
E
F
G
H
I
J
K
L
M
N
1
B
3
D
5
F
7
H
9
J
K
L
M
N
1
2
3
D
5
6
7
H
I
10
K
L
M
N
1
2
3
D
5
6
7
H
I
10
K
L
M
N
1B3D5F7H9JKLMN
1 25.00 Red Beaunes France 25.00 Beaunes Great!
2 15.50 White Reisling Germany 15.50 Reisling Terrible!
3 8.90 Red Riocha Spain 8.90 Riocha Meh
25.00 1 Red Beaunes France 1 Beaunes Great!
15.50 2 White Reisling Germany 2 Reisling Terrible!
8.90 3 Red Riocha Spain 3 Riocha Meh
Beaunes 1 25.00 Red France 1 25.00 Great!
Reisling 2 15.50 White Germany 2 15.50 Terrible!
Riocha 3 8.90 Red Spain 3 8.90 Meh
apple orangered blue gold
bananagreen purple
cherry lemon peachsilver yellow
apple orange,red blue gold
banana,green purple
cherry lemon peach,silver yellow
applered orangeblue gold
bananagreen purple
cherrysilver lemonyellow peach
apple,red orange,blue ,gold
banana,green ,purple
cherry,silver lemon,yellow peach,
1 25.00 Red Beaunes France 25.00 Beaunes Great!
2 15.50 White Reisling Germany 15.50 Reisling Terrible!
A
2
C
4
E
6
G
8
I
10
K
L
M
N
A2C4E6G8I
KLMN
1 25.00 Red Beaunes France 25.00 Beaunes Great!
3 8.90 Red Riocha Spain 8.90 Riocha Meh
apple orangered blue gold
bananagreen purple
cherry lemon peach
applered orangeblue gold
bananagreen purple
silver yellow
agprpeleen  orreadn gbel ubea
nana
a,gp,rp,el,ee,n , o,rr,ea,dn, g,be,l ,ub,ea,
n,a,n,a,
,garpepelne  roerda nbgleu eb
anana
1 red apple france apple
2 yellow lemon italy
3 green indonesia papaye
251308 30000 Preeti
251311 25000 Joseph
251315 10000 Abishek
251321 12255 Ankita
251308 30000 Preeti
251311 25000 Joseph
251315 10000 Abishek
251321 12255 Ankita
251308 30000 Preeti
251311 25000 Joseph
251315 10000 Abishek
251321 12255 Ankita
251308 30000 Preeti
251311 25000 Joseph
251315 10000 Abishek
251321 12255 Ankita
d 4 D dd 44
g 71 G gg 77
</system-out>
    <system-err>[INFO] MixThem: TEST NÂ° 1***********************************************************
[INFO] MixThem: --&gt; URL 1 (test001_file1.txt) : FOUND
[INFO] MixThem: --&gt; URL 2 (test001_file2.txt) : FOUND
[INFO] MixThem: RULE _1 (IMPLEMENTED)
[INFO] MixThem: --&gt; Result (test001_output-1.txt) : FOUND
[INFO] MixThem: Started mixing for rule &apos;1&apos;...
[INFO] MixThem: Ended mixing for rule &apos;1&apos;.
[INFO] MixThem: Started mixing for rule &apos;1&apos;...
[INFO] MixThem: Ended mixing for rule &apos;1&apos;.
[INFO] MixThem: RUN PASS WITH PARAMS {}
[INFO] MixThem: RULE _2 (IMPLEMENTED)
[INFO] MixThem: --&gt; Result (test001_output-2.txt) : FOUND
[INFO] MixThem: Started mixing for rule &apos;2&apos;...
[INFO] MixThem: Ended mixing for rule &apos;2&apos;.
[INFO] MixThem: Started mixing for rule &apos;2&apos;...
[INFO] MixThem: Ended mixing for rule &apos;2&apos;.
[INFO] MixThem: RUN PASS WITH PARAMS {}
[INFO] MixThem: RULE _ADD (IMPLEMENTED)
[INFO] MixThem: --&gt; Result (test001_output-add.txt) : FOUND
[INFO] MixThem: Started mixing for rule &apos;+&apos;...
[INFO] MixThem: Ended mixing for rule &apos;+&apos;.
[INFO] MixThem: Started mixing for rule &apos;+&apos;...
[INFO] MixThem: Ended mixing for rule &apos;+&apos;.
[INFO] MixThem: RUN PASS WITH PARAMS {}
[INFO] MixThem: RULE _ALT_LINE (IMPLEMENTED)
[INFO] MixThem: --&gt; Result (test001_output-altline.txt) : FOUND
[INFO] MixThem: Started mixing for rule &apos;alt-line&apos;...
[INFO] MixThem: Ended mixing for rule &apos;alt-line&apos;.
[INFO] MixThem: Started mixing for rule &apos;alt-line&apos;...
[INFO] MixThem: Ended mixing for rule &apos;alt-line&apos;.
[INFO] MixThem: RUN PASS WITH PARAMS {}
[INFO] MixThem: RULE _ALT_CHAR (IMPLEMENTED)
[INFO] MixThem: --&gt; Result (test001_output-altchar.txt) : NOT FOUND
[INFO] MixThem: RULE _RANDOM_ALT_LINE (IMPLEMENTED)
[INFO] MixThem: --&gt; Params (test001_params-random-altline.txt) : FOUND
[INFO] MixThem: --&gt; Result (test001_output-random-altline.txt) : FOUND
[INFO] MixThem: Started mixing for rule &apos;random-alt-line&apos;...
[INFO] MixThem: Ended mixing for rule &apos;random-alt-line&apos;.
[INFO] MixThem: Started mixing for rule &apos;random-alt-line&apos;...
[INFO] MixThem: Ended mixing for rule &apos;random-alt-line&apos;.
[INFO] MixThem: RUN PASS WITH PARAMS {}
[INFO] MixThem: --&gt; Result (test001_output-random-altline.txt) : FOUND
[INFO] MixThem: Started mixing for rule &apos;random-alt-line&apos;...
[INFO] MixThem: Ended mixing for rule &apos;random-alt-line&apos;.
[INFO] MixThem: Started mixing for rule &apos;random-alt-line&apos;...
[INFO] MixThem: Ended mixing for rule &apos;random-alt-line&apos;.
[INFO] MixThem: RUN PASS WITH PARAMS {_RANDOM_SEED=1789}
[INFO] MixThem: RULE _JOIN (IMPLEMENTED)
[INFO] MixThem: --&gt; Result (test001_output-join.txt) : NOT FOUND
[INFO] MixThem: RULE _ZIP_LINE (IMPLEMENTED)
[INFO] MixThem: --&gt; Result (test001_output-zipline.txt) : NOT FOUND
[INFO] MixThem: RULE _ZIP_CHAR (IMPLEMENTED)
[INFO] MixThem: --&gt; Result (test001_output-zipchar.txt) : NOT FOUND
[INFO] MixThem: RULE _ZIP_CELL (IMPLEMENTED)
[INFO] MixThem: --&gt; Result (test001_output-zipcell.txt) : NOT FOUND
[INFO] MixThem: TEST NÂ° 2***********************************************************
[INFO] MixThem: --&gt; URL 1 (test002_file1.txt) : FOUND
[INFO] MixThem: --&gt; URL 2 (test002_file2.txt) : FOUND
[INFO] MixThem: RULE _1 (IMPLEMENTED)
[INFO] MixThem: --&gt; Result (test002_output-1.txt) : NOT FOUND
[INFO] MixThem: RULE _2 (IMPLEMENTED)
[INFO] MixThem: --&gt; Result (test002_output-2.txt) : NOT FOUND
[INFO] MixThem: RULE _ADD (IMPLEMENTED)
[INFO] MixThem: --&gt; Result (test002_output-add.txt) : NOT FOUND
[INFO] MixThem: RULE _ALT_LINE (IMPLEMENTED)
[INFO] MixThem: --&gt; Result (test002_output-altline.txt) : NOT FOUND
[INFO] MixThem: RULE _ALT_CHAR (IMPLEMENTED)
[INFO] MixThem: --&gt; Result (test002_output-altchar.txt) : FOUND
[INFO] MixThem: Started mixing for rule &apos;alt-char&apos;...
[INFO] MixThem: Ended mixing for rule &apos;alt-char&apos;.
[INFO] MixThem: Started mixing for rule &apos;alt-char&apos;...
[INFO] MixThem: Ended mixing for rule &apos;alt-char&apos;.
[INFO] MixThem: RUN PASS WITH PARAMS {}
[INFO] MixThem: RULE _RANDOM_ALT_LINE (IMPLEMENTED)
[INFO] MixThem: --&gt; Result (test002_output-random-altline.txt) : NOT FOUND
[INFO] MixThem: RULE _JOIN (IMPLEMENTED)
[INFO] MixThem: --&gt; Result (test002_output-join.txt) : NOT FOUND
[INFO] MixThem: RULE _ZIP_LINE (IMPLEMENTED)
[INFO] MixThem: --&gt; Result (test002_output-zipline.txt) : NOT FOUND
[INFO] MixThem: RULE _ZIP_CHAR (IMPLEMENTED)
[INFO] MixThem: --&gt; Result (test002_output-zipchar.txt) : NOT FOUND
[INFO] MixThem: RULE _ZIP_CELL (IMPLEMENTED)
[INFO] MixThem: --&gt; Result (test002_output-zipcell.txt) : NOT FOUND
[INFO] MixThem: TEST NÂ° 3***********************************************************
[INFO] MixThem: --&gt; URL 1 (test003_file1.txt) : FOUND
[INFO] MixThem: --&gt; URL 2 (test003_file2.txt) : FOUND
[INFO] MixThem: RULE _1 (IMPLEMENTED)
[INFO] MixThem: --&gt; Result (test003_output-1.txt) : NOT FOUND
[INFO] MixThem: RULE _2 (IMPLEMENTED)
[INFO] MixThem: --&gt; Result (test003_output-2.txt) : NOT FOUND
[INFO] MixThem: RULE _ADD (IMPLEMENTED)
[INFO] MixThem: --&gt; Result (test003_output-add.txt) : NOT FOUND
[INFO] MixThem: RULE _ALT_LINE (IMPLEMENTED)
[INFO] MixThem: --&gt; Result (test003_output-altline.txt) : NOT FOUND
[INFO] MixThem: RULE _ALT_CHAR (IMPLEMENTED)
[INFO] MixThem: --&gt; Result (test003_output-altchar.txt) : NOT FOUND
[INFO] MixThem: RULE _RANDOM_ALT_LINE (IMPLEMENTED)
[INFO] MixThem: --&gt; Result (test003_output-random-altline.txt) : NOT FOUND
[INFO] MixThem: RULE _JOIN (IMPLEMENTED)
[INFO] MixThem: --&gt; Params (test003_params-join.txt) : FOUND
[INFO] MixThem: --&gt; Result (test003_output-join.txt) : FOUND
[INFO] MixThem: Started mixing for rule &apos;join&apos;...
[INFO] MixThem: Ended mixing for rule &apos;join&apos;.
[INFO] MixThem: Started mixing for rule &apos;join&apos;...
[INFO] MixThem: Ended mixing for rule &apos;join&apos;.
[INFO] MixThem: RUN PASS WITH PARAMS {}
[INFO] MixThem: --&gt; Result (test003_output-join-same.txt) : FOUND
[INFO] MixThem: Started mixing for rule &apos;join&apos;...
[INFO] MixThem: Ended mixing for rule &apos;join&apos;.
[INFO] MixThem: Started mixing for rule &apos;join&apos;...
[INFO] MixThem: Ended mixing for rule &apos;join&apos;.
[INFO] MixThem: RUN PASS WITH PARAMS {_JOIN_COL1=2, _JOIN_COL2=2}
[INFO] MixThem: --&gt; Result (test003_output-join-diff.txt) : FOUND
[INFO] MixThem: Started mixing for rule &apos;join&apos;...
[INFO] MixThem: Ended mixing for rule &apos;join&apos;.
[INFO] MixThem: Started mixing for rule &apos;join&apos;...
[INFO] MixThem: Ended mixing for rule &apos;join&apos;.
[INFO] MixThem: RUN PASS WITH PARAMS {_JOIN_COL1=4, _JOIN_COL2=3}
[INFO] MixThem: RULE _ZIP_LINE (IMPLEMENTED)
[INFO] MixThem: --&gt; Result (test003_output-zipline.txt) : NOT FOUND
[INFO] MixThem: RULE _ZIP_CHAR (IMPLEMENTED)
[INFO] MixThem: --&gt; Result (test003_output-zipchar.txt) : NOT FOUND
[INFO] MixThem: RULE _ZIP_CELL (IMPLEMENTED)
[INFO] MixThem: --&gt; Result (test003_output-zipcell.txt) : NOT FOUND
[INFO] MixThem: TEST NÂ° 4***********************************************************
[INFO] MixThem: --&gt; URL 1 (test004_file1.txt) : FOUND
[INFO] MixThem: --&gt; URL 2 (test004_file2.txt) : FOUND
[INFO] MixThem: RULE _1 (IMPLEMENTED)
[INFO] MixThem: --&gt; Result (test004_output-1.txt) : NOT FOUND
[INFO] MixThem: RULE _2 (IMPLEMENTED)
[INFO] MixThem: --&gt; Result (test004_output-2.txt) : NOT FOUND
[INFO] MixThem: RULE _ADD (IMPLEMENTED)
[INFO] MixThem: --&gt; Result (test004_output-add.txt) : NOT FOUND
[INFO] MixThem: RULE _ALT_LINE (IMPLEMENTED)
[INFO] MixThem: --&gt; Result (test004_output-altline.txt) : NOT FOUND
[INFO] MixThem: RULE _ALT_CHAR (IMPLEMENTED)
[INFO] MixThem: --&gt; Result (test004_output-altchar.txt) : NOT FOUND
[INFO] MixThem: RULE _RANDOM_ALT_LINE (IMPLEMENTED)
[INFO] MixThem: --&gt; Result (test004_output-random-altline.txt) : NOT FOUND
[INFO] MixThem: RULE _JOIN (IMPLEMENTED)
[INFO] MixThem: --&gt; Result (test004_output-join.txt) : NOT FOUND
[INFO] MixThem: RULE _ZIP_LINE (IMPLEMENTED)
[INFO] MixThem: --&gt; Params (test004_params-zipline.txt) : FOUND
[INFO] MixThem: --&gt; Result (test004_output-zipline.txt) : FOUND
[INFO] MixThem: Started mixing for rule &apos;zip-line&apos;...
[INFO] MixThem: Ended mixing for rule &apos;zip-line&apos;.
[INFO] MixThem: Started mixing for rule &apos;zip-line&apos;...
[INFO] MixThem: Ended mixing for rule &apos;zip-line&apos;.
[INFO] MixThem: RUN PASS WITH PARAMS {}
[INFO] MixThem: --&gt; Result (test004_output-zipline-sep.txt) : FOUND
[INFO] MixThem: Started mixing for rule &apos;zip-line&apos;...
[INFO] MixThem: Ended mixing for rule &apos;zip-line&apos;.
[INFO] MixThem: Started mixing for rule &apos;zip-line&apos;...
[INFO] MixThem: Ended mixing for rule &apos;zip-line&apos;.
[INFO] MixThem: RUN PASS WITH PARAMS {_ZIP_SEP=,}
[INFO] MixThem: RULE _ZIP_CHAR (IMPLEMENTED)
[INFO] MixThem: --&gt; Result (test004_output-zipchar.txt) : NOT FOUND
[INFO] MixThem: RULE _ZIP_CELL (IMPLEMENTED)
[INFO] MixThem: --&gt; Params (test004_params-zipcell.txt) : FOUND
[INFO] MixThem: --&gt; Result (test004_output-zipcell.txt) : FOUND
[INFO] MixThem: Started mixing for rule &apos;zip-cell&apos;...
[INFO] MixThem: Ended mixing for rule &apos;zip-cell&apos;.
[INFO] MixThem: Started mixing for rule &apos;zip-cell&apos;...
[INFO] MixThem: Ended mixing for rule &apos;zip-cell&apos;.
[INFO] MixThem: RUN PASS WITH PARAMS {}
[INFO] MixThem: --&gt; Result (test004_output-zipcell-sep.txt) : FOUND
[INFO] MixThem: Started mixing for rule &apos;zip-cell&apos;...
[INFO] MixThem: Ended mixing for rule &apos;zip-cell&apos;.
[INFO] MixThem: Started mixing for rule &apos;zip-cell&apos;...
[INFO] MixThem: Ended mixing for rule &apos;zip-cell&apos;.
[INFO] MixThem: RUN PASS WITH PARAMS {_ZIP_SEP=,}
[INFO] MixThem: TEST NÂ° 5***********************************************************
[INFO] MixThem: --&gt; URL 1 (test005_file1.txt) : FOUND
[INFO] MixThem: --&gt; URL 2 (test005_file2.txt) : FOUND
[INFO] MixThem: RULE _1 (IMPLEMENTED)
[INFO] MixThem: --&gt; Result (test005_output-1.txt) : NOT FOUND
[INFO] MixThem: RULE _2 (IMPLEMENTED)
[INFO] MixThem: --&gt; Result (test005_output-2.txt) : NOT FOUND
[INFO] MixThem: RULE _ADD (IMPLEMENTED)
[INFO] MixThem: --&gt; Result (test005_output-add.txt) : NOT FOUND
[INFO] MixThem: RULE _ALT_LINE (IMPLEMENTED)
[INFO] MixThem: --&gt; Result (test005_output-altline.txt) : NOT FOUND
[INFO] MixThem: RULE _ALT_CHAR (IMPLEMENTED)
[INFO] MixThem: --&gt; Result (test005_output-altchar.txt) : NOT FOUND
[INFO] MixThem: RULE _RANDOM_ALT_LINE (IMPLEMENTED)
[INFO] MixThem: --&gt; Result (test005_output-random-altline.txt) : NOT FOUND
[INFO] MixThem: RULE _JOIN (IMPLEMENTED)
[INFO] MixThem: --&gt; Result (test005_output-join.txt) : FOUND
[INFO] MixThem: Started mixing for rule &apos;join&apos;...
[INFO] MixThem: Ended mixing for rule &apos;join&apos;.
[INFO] MixThem: Started mixing for rule &apos;join&apos;...
[INFO] MixThem: Ended mixing for rule &apos;join&apos;.
[INFO] MixThem: RUN PASS WITH PARAMS {}
[INFO] MixThem: RULE _ZIP_LINE (IMPLEMENTED)
[INFO] MixThem: --&gt; Result (test005_output-zipline.txt) : NOT FOUND
[INFO] MixThem: RULE _ZIP_CHAR (IMPLEMENTED)
[INFO] MixThem: --&gt; Result (test005_output-zipchar.txt) : NOT FOUND
[INFO] MixThem: RULE _ZIP_CELL (IMPLEMENTED)
[INFO] MixThem: --&gt; Result (test005_output-zipcell.txt) : NOT FOUND
[INFO] MixThem: TEST NÂ° 6***********************************************************
[INFO] MixThem: --&gt; URL 1 (test006_file1.txt) : FOUND
[INFO] MixThem: --&gt; URL 2 (test006_file2.txt) : FOUND
[INFO] MixThem: RULE _1 (IMPLEMENTED)
[INFO] MixThem: --&gt; Result (test006_output-1.txt) : NOT FOUND
[INFO] MixThem: RULE _2 (IMPLEMENTED)
[INFO] MixThem: --&gt; Result (test006_output-2.txt) : NOT FOUND
[INFO] MixThem: RULE _ADD (IMPLEMENTED)
[INFO] MixThem: --&gt; Result (test006_output-add.txt) : NOT FOUND
[INFO] MixThem: RULE _ALT_LINE (IMPLEMENTED)
[INFO] MixThem: --&gt; Result (test006_output-altline.txt) : FOUND
[INFO] MixThem: Started mixing for rule &apos;alt-line&apos;...
[INFO] MixThem: Ended mixing for rule &apos;alt-line&apos;.
[INFO] MixThem: Started mixing for rule &apos;alt-line&apos;...
[INFO] MixThem: Ended mixing for rule &apos;alt-line&apos;.
[INFO] MixThem: RUN PASS WITH PARAMS {}
[INFO] MixThem: RULE _ALT_CHAR (IMPLEMENTED)
[INFO] MixThem: --&gt; Result (test006_output-altchar.txt) : NOT FOUND
[INFO] MixThem: RULE _RANDOM_ALT_LINE (IMPLEMENTED)
[INFO] MixThem: --&gt; Result (test006_output-random-altline.txt) : NOT FOUND
[INFO] MixThem: RULE _JOIN (IMPLEMENTED)
[INFO] MixThem: --&gt; Result (test006_output-join.txt) : NOT FOUND
[INFO] MixThem: RULE _ZIP_LINE (IMPLEMENTED)
[INFO] MixThem: --&gt; Result (test006_output-zipline.txt) : NOT FOUND
[INFO] MixThem: RULE _ZIP_CHAR (IMPLEMENTED)
[INFO] MixThem: --&gt; Result (test006_output-zipchar.txt) : NOT FOUND
[INFO] MixThem: RULE _ZIP_CELL (IMPLEMENTED)
[INFO] MixThem: --&gt; Result (test006_output-zipcell.txt) : NOT FOUND
[INFO] MixThem: TEST NÂ° 7***********************************************************
[INFO] MixThem: --&gt; URL 1 (test007_file1.txt) : FOUND
[INFO] MixThem: --&gt; URL 2 (test007_file2.txt) : FOUND
[INFO] MixThem: RULE _1 (IMPLEMENTED)
[INFO] MixThem: --&gt; Result (test007_output-1.txt) : NOT FOUND
[INFO] MixThem: RULE _2 (IMPLEMENTED)
[INFO] MixThem: --&gt; Result (test007_output-2.txt) : NOT FOUND
[INFO] MixThem: RULE _ADD (IMPLEMENTED)
[INFO] MixThem: --&gt; Result (test007_output-add.txt) : NOT FOUND
[INFO] MixThem: RULE _ALT_LINE (IMPLEMENTED)
[INFO] MixThem: --&gt; Result (test007_output-altline.txt) : NOT FOUND
[INFO] MixThem: RULE _ALT_CHAR (IMPLEMENTED)
[INFO] MixThem: --&gt; Result (test007_output-altchar.txt) : FOUND
[INFO] MixThem: Started mixing for rule &apos;alt-char&apos;...
[INFO] MixThem: Ended mixing for rule &apos;alt-char&apos;.
[INFO] MixThem: Started mixing for rule &apos;alt-char&apos;...
[INFO] MixThem: Ended mixing for rule &apos;alt-char&apos;.
[INFO] MixThem: RUN PASS WITH PARAMS {}
[INFO] MixThem: RULE _RANDOM_ALT_LINE (IMPLEMENTED)
[INFO] MixThem: --&gt; Result (test007_output-random-altline.txt) : NOT FOUND
[INFO] MixThem: RULE _JOIN (IMPLEMENTED)
[INFO] MixThem: --&gt; Result (test007_output-join.txt) : NOT FOUND
[INFO] MixThem: RULE _ZIP_LINE (IMPLEMENTED)
[INFO] MixThem: --&gt; Result (test007_output-zipline.txt) : NOT FOUND
[INFO] MixThem: RULE _ZIP_CHAR (IMPLEMENTED)
[INFO] MixThem: --&gt; Result (test007_output-zipchar.txt) : NOT FOUND
[INFO] MixThem: RULE _ZIP_CELL (IMPLEMENTED)
[INFO] MixThem: --&gt; Result (test007_output-zipcell.txt) : NOT FOUND
[INFO] MixThem: TEST NÂ° 8***********************************************************
[INFO] MixThem: --&gt; URL 1 (test008_file1.txt) : FOUND
[INFO] MixThem: --&gt; URL 2 (test008_file2.txt) : FOUND
[INFO] MixThem: RULE _1 (IMPLEMENTED)
[INFO] MixThem: --&gt; Result (test008_output-1.txt) : NOT FOUND
[INFO] MixThem: RULE _2 (IMPLEMENTED)
[INFO] MixThem: --&gt; Result (test008_output-2.txt) : NOT FOUND
[INFO] MixThem: RULE _ADD (IMPLEMENTED)
[INFO] MixThem: --&gt; Result (test008_output-add.txt) : NOT FOUND
[INFO] MixThem: RULE _ALT_LINE (IMPLEMENTED)
[INFO] MixThem: --&gt; Result (test008_output-altline.txt) : NOT FOUND
[INFO] MixThem: RULE _ALT_CHAR (IMPLEMENTED)
[INFO] MixThem: --&gt; Result (test008_output-altchar.txt) : NOT FOUND
[INFO] MixThem: RULE _RANDOM_ALT_LINE (IMPLEMENTED)
[INFO] MixThem: --&gt; Result (test008_output-random-altline.txt) : NOT FOUND
[INFO] MixThem: RULE _JOIN (IMPLEMENTED)
[INFO] MixThem: --&gt; Result (test008_output-join.txt) : FOUND
[INFO] MixThem: Started mixing for rule &apos;join&apos;...
[INFO] MixThem: Ended mixing for rule &apos;join&apos;.
[INFO] MixThem: Started mixing for rule &apos;join&apos;...
[INFO] MixThem: Ended mixing for rule &apos;join&apos;.
[INFO] MixThem: RUN PASS WITH PARAMS {}
[INFO] MixThem: RULE _ZIP_LINE (IMPLEMENTED)
[INFO] MixThem: --&gt; Result (test008_output-zipline.txt) : NOT FOUND
[INFO] MixThem: RULE _ZIP_CHAR (IMPLEMENTED)
[INFO] MixThem: --&gt; Result (test008_output-zipchar.txt) : NOT FOUND
[INFO] MixThem: RULE _ZIP_CELL (IMPLEMENTED)
[INFO] MixThem: --&gt; Result (test008_output-zipcell.txt) : NOT FOUND
[INFO] MixThem: TEST NÂ° 9***********************************************************
[INFO] MixThem: --&gt; URL 1 (test009_file1.txt) : FOUND
[INFO] MixThem: --&gt; URL 2 (test009_file2.txt) : FOUND
[INFO] MixThem: RULE _1 (IMPLEMENTED)
[INFO] MixThem: --&gt; Result (test009_output-1.txt) : NOT FOUND
[INFO] MixThem: RULE _2 (IMPLEMENTED)
[INFO] MixThem: --&gt; Result (test009_output-2.txt) : NOT FOUND
[INFO] MixThem: RULE _ADD (IMPLEMENTED)
[INFO] MixThem: --&gt; Result (test009_output-add.txt) : NOT FOUND
[INFO] MixThem: RULE _ALT_LINE (IMPLEMENTED)
[INFO] MixThem: --&gt; Result (test009_output-altline.txt) : NOT FOUND
[INFO] MixThem: RULE _ALT_CHAR (IMPLEMENTED)
[INFO] MixThem: --&gt; Result (test009_output-altchar.txt) : NOT FOUND
[INFO] MixThem: RULE _RANDOM_ALT_LINE (IMPLEMENTED)
[INFO] MixThem: --&gt; Result (test009_output-random-altline.txt) : NOT FOUND
[INFO] MixThem: RULE _JOIN (IMPLEMENTED)
[INFO] MixThem: --&gt; Result (test009_output-join.txt) : NOT FOUND
[INFO] MixThem: RULE _ZIP_LINE (IMPLEMENTED)
[INFO] MixThem: --&gt; Result (test009_output-zipline.txt) : FOUND
[INFO] MixThem: Started mixing for rule &apos;zip-line&apos;...
[INFO] MixThem: Ended mixing for rule &apos;zip-line&apos;.
[INFO] MixThem: Started mixing for rule &apos;zip-line&apos;...
[INFO] MixThem: Ended mixing for rule &apos;zip-line&apos;.
[INFO] MixThem: RUN PASS WITH PARAMS {}
[INFO] MixThem: RULE _ZIP_CHAR (IMPLEMENTED)
[INFO] MixThem: --&gt; Result (test009_output-zipchar.txt) : NOT FOUND
[INFO] MixThem: RULE _ZIP_CELL (IMPLEMENTED)
[INFO] MixThem: --&gt; Result (test009_output-zipcell.txt) : NOT FOUND
[INFO] MixThem: TEST NÂ° 10***********************************************************
[INFO] MixThem: --&gt; URL 1 (test010_file1.txt) : FOUND
[INFO] MixThem: --&gt; URL 2 (test010_file2.txt) : FOUND
[INFO] MixThem: RULE _1 (IMPLEMENTED)
[INFO] MixThem: --&gt; Result (test010_output-1.txt) : NOT FOUND
[INFO] MixThem: RULE _2 (IMPLEMENTED)
[INFO] MixThem: --&gt; Result (test010_output-2.txt) : NOT FOUND
[INFO] MixThem: RULE _ADD (IMPLEMENTED)
[INFO] MixThem: --&gt; Result (test010_output-add.txt) : NOT FOUND
[INFO] MixThem: RULE _ALT_LINE (IMPLEMENTED)
[INFO] MixThem: --&gt; Result (test010_output-altline.txt) : NOT FOUND
[INFO] MixThem: RULE _ALT_CHAR (IMPLEMENTED)
[INFO] MixThem: --&gt; Result (test010_output-altchar.txt) : NOT FOUND
[INFO] MixThem: RULE _RANDOM_ALT_LINE (IMPLEMENTED)
[INFO] MixThem: --&gt; Result (test010_output-random-altline.txt) : NOT FOUND
[INFO] MixThem: RULE _JOIN (IMPLEMENTED)
[INFO] MixThem: --&gt; Result (test010_output-join.txt) : NOT FOUND
[INFO] MixThem: RULE _ZIP_LINE (IMPLEMENTED)
[INFO] MixThem: --&gt; Result (test010_output-zipline.txt) : NOT FOUND
[INFO] MixThem: RULE _ZIP_CHAR (IMPLEMENTED)
[INFO] MixThem: --&gt; Result (test010_output-zipchar.txt) : NOT FOUND
[INFO] MixThem: RULE _ZIP_CELL (IMPLEMENTED)
[INFO] MixThem: --&gt; Result (test010_output-zipcell.txt) : FOUND
[INFO] MixThem: Started mixing for rule &apos;zip-cell&apos;...
[INFO] MixThem: Ended mixing for rule &apos;zip-cell&apos;.
[INFO] MixThem: Started mixing for rule &apos;zip-cell&apos;...
[INFO] MixThem: Ended mixing for rule &apos;zip-cell&apos;.
[INFO] MixThem: RUN PASS WITH PARAMS {}
[INFO] MixThem: TEST NÂ° 11***********************************************************
[INFO] MixThem: --&gt; URL 1 (test011_file1.txt) : FOUND
[INFO] MixThem: --&gt; URL 2 (test011_file2.txt) : FOUND
[INFO] MixThem: RULE _1 (IMPLEMENTED)
[INFO] MixThem: --&gt; Result (test011_output-1.txt) : NOT FOUND
[INFO] MixThem: RULE _2 (IMPLEMENTED)
[INFO] MixThem: --&gt; Result (test011_output-2.txt) : NOT FOUND
[INFO] MixThem: RULE _ADD (IMPLEMENTED)
[INFO] MixThem: --&gt; Result (test011_output-add.txt) : NOT FOUND
[INFO] MixThem: RULE _ALT_LINE (IMPLEMENTED)
[INFO] MixThem: --&gt; Result (test011_output-altline.txt) : NOT FOUND
[INFO] MixThem: RULE _ALT_CHAR (IMPLEMENTED)
[INFO] MixThem: --&gt; Result (test011_output-altchar.txt) : NOT FOUND
[INFO] MixThem: RULE _RANDOM_ALT_LINE (IMPLEMENTED)
[INFO] MixThem: --&gt; Result (test011_output-random-altline.txt) : NOT FOUND
[INFO] MixThem: RULE _JOIN (IMPLEMENTED)
[INFO] MixThem: --&gt; Result (test011_output-join.txt) : NOT FOUND
[INFO] MixThem: RULE _ZIP_LINE (IMPLEMENTED)
[INFO] MixThem: --&gt; Result (test011_output-zipline.txt) : NOT FOUND
[INFO] MixThem: RULE _ZIP_CHAR (IMPLEMENTED)
[INFO] MixThem: --&gt; Params (test011_params-zipchar.txt) : FOUND
[INFO] MixThem: --&gt; Result (test011_output-zipchar.txt) : FOUND
[INFO] MixThem: Started mixing for rule &apos;zip-char&apos;...
[INFO] MixThem: Ended mixing for rule &apos;zip-char&apos;.
[INFO] MixThem: Started mixing for rule &apos;zip-char&apos;...
[INFO] MixThem: Ended mixing for rule &apos;zip-char&apos;.
[INFO] MixThem: RUN PASS WITH PARAMS {}
[INFO] MixThem: --&gt; Result (test011_output-zipchar-sep.txt) : FOUND
[INFO] MixThem: Started mixing for rule &apos;zip-char&apos;...
[INFO] MixThem: Ended mixing for rule &apos;zip-char&apos;.
[INFO] MixThem: Started mixing for rule &apos;zip-char&apos;...
[INFO] MixThem: Ended mixing for rule &apos;zip-char&apos;.
[INFO] MixThem: RUN PASS WITH PARAMS {_ZIP_SEP=,}
[INFO] MixThem: RULE _ZIP_CELL (IMPLEMENTED)
[INFO] MixThem: --&gt; Result (test011_output-zipcell.txt) : NOT FOUND
[INFO] MixThem: TEST NÂ° 12***********************************************************
[INFO] MixThem: --&gt; URL 1 (test012_file1.txt) : FOUND
[INFO] MixThem: --&gt; URL 2 (test012_file2.txt) : FOUND
[INFO] MixThem: RULE _1 (IMPLEMENTED)
[INFO] MixThem: --&gt; Result (test012_output-1.txt) : NOT FOUND
[INFO] MixThem: RULE _2 (IMPLEMENTED)
[INFO] MixThem: --&gt; Result (test012_output-2.txt) : NOT FOUND
[INFO] MixThem: RULE _ADD (IMPLEMENTED)
[INFO] MixThem: --&gt; Result (test012_output-add.txt) : NOT FOUND
[INFO] MixThem: RULE _ALT_LINE (IMPLEMENTED)
[INFO] MixThem: --&gt; Result (test012_output-altline.txt) : NOT FOUND
[INFO] MixThem: RULE _ALT_CHAR (IMPLEMENTED)
[INFO] MixThem: --&gt; Result (test012_output-altchar.txt) : NOT FOUND
[INFO] MixThem: RULE _RANDOM_ALT_LINE (IMPLEMENTED)
[INFO] MixThem: --&gt; Result (test012_output-random-altline.txt) : NOT FOUND
[INFO] MixThem: RULE _JOIN (IMPLEMENTED)
[INFO] MixThem: --&gt; Result (test012_output-join.txt) : NOT FOUND
[INFO] MixThem: RULE _ZIP_LINE (IMPLEMENTED)
[INFO] MixThem: --&gt; Result (test012_output-zipline.txt) : NOT FOUND
[INFO] MixThem: RULE _ZIP_CHAR (IMPLEMENTED)
[INFO] MixThem: --&gt; Result (test012_output-zipchar.txt) : FOUND
[INFO] MixThem: Started mixing for rule &apos;zip-char&apos;...
[INFO] MixThem: Ended mixing for rule &apos;zip-char&apos;.
[INFO] MixThem: Started mixing for rule &apos;zip-char&apos;...
[INFO] MixThem: Ended mixing for rule &apos;zip-char&apos;.
[INFO] MixThem: RUN PASS WITH PARAMS {}
[INFO] MixThem: RULE _ZIP_CELL (IMPLEMENTED)
[INFO] MixThem: --&gt; Result (test012_output-zipcell.txt) : NOT FOUND
[INFO] MixThem: TEST NÂ° 13***********************************************************
[INFO] MixThem: --&gt; URL 1 (test013_file1.txt) : FOUND
[INFO] MixThem: --&gt; URL 2 (test013_file2.txt) : FOUND
[INFO] MixThem: RULE _1 (IMPLEMENTED)
[INFO] MixThem: --&gt; Result (test013_output-1.txt) : NOT FOUND
[INFO] MixThem: RULE _2 (IMPLEMENTED)
[INFO] MixThem: --&gt; Result (test013_output-2.txt) : NOT FOUND
[INFO] MixThem: RULE _ADD (IMPLEMENTED)
[INFO] MixThem: --&gt; Result (test013_output-add.txt) : NOT FOUND
[INFO] MixThem: RULE _ALT_LINE (IMPLEMENTED)
[INFO] MixThem: --&gt; Result (test013_output-altline.txt) : NOT FOUND
[INFO] MixThem: RULE _ALT_CHAR (IMPLEMENTED)
[INFO] MixThem: --&gt; Result (test013_output-altchar.txt) : NOT FOUND
[INFO] MixThem: RULE _RANDOM_ALT_LINE (IMPLEMENTED)
[INFO] MixThem: --&gt; Result (test013_output-random-altline.txt) : NOT FOUND
[INFO] MixThem: RULE _JOIN (IMPLEMENTED)
[INFO] MixThem: --&gt; Params (test013_params-join.txt) : FOUND
[INFO] MixThem: --&gt; Result (test013_output-join.txt) : FOUND
[INFO] MixThem: Started mixing for rule &apos;join&apos;...
[INFO] MixThem: Ended mixing for rule &apos;join&apos;.
[INFO] MixThem: Started mixing for rule &apos;join&apos;...
[INFO] MixThem: Ended mixing for rule &apos;join&apos;.
[INFO] MixThem: RUN PASS WITH PARAMS {}
[INFO] MixThem: --&gt; Result (test013_output-join-over.txt) : FOUND
[INFO] MixThem: Started mixing for rule &apos;join&apos;...
[INFO] MixThem: Ended mixing for rule &apos;join&apos;.
[INFO] MixThem: Started mixing for rule &apos;join&apos;...
[INFO] MixThem: Ended mixing for rule &apos;join&apos;.
[INFO] MixThem: RUN FAIL WITH PARAMS {_JOIN_COL1=3}
[INFO] MixThem: RULE _ZIP_LINE (IMPLEMENTED)
[INFO] MixThem: --&gt; Result (test013_output-zipline.txt) : NOT FOUND
[INFO] MixThem: RULE _ZIP_CHAR (IMPLEMENTED)
[INFO] MixThem: --&gt; Result (test013_output-zipchar.txt) : NOT FOUND
[INFO] MixThem: RULE _ZIP_CELL (IMPLEMENTED)
[INFO] MixThem: --&gt; Result (test013_output-zipcell.txt) : NOT FOUND
[INFO] MixThem: TEST NÂ° 14***********************************************************
[INFO] MixThem: --&gt; URL 1 (test014_file1.txt) : FOUND
[INFO] MixThem: --&gt; URL 2 (test014_file2.txt) : FOUND
[INFO] MixThem: RULE _1 (IMPLEMENTED)
[INFO] MixThem: --&gt; Result (test014_output-1.txt) : NOT FOUND
[INFO] MixThem: RULE _2 (IMPLEMENTED)
[INFO] MixThem: --&gt; Result (test014_output-2.txt) : NOT FOUND
[INFO] MixThem: RULE _ADD (IMPLEMENTED)
[INFO] MixThem: --&gt; Result (test014_output-add.txt) : NOT FOUND
[INFO] MixThem: RULE _ALT_LINE (IMPLEMENTED)
[INFO] MixThem: --&gt; Result (test014_output-altline.txt) : NOT FOUND
[INFO] MixThem: RULE _ALT_CHAR (IMPLEMENTED)
[INFO] MixThem: --&gt; Result (test014_output-altchar.txt) : NOT FOUND
[INFO] MixThem: RULE _RANDOM_ALT_LINE (IMPLEMENTED)
[INFO] MixThem: --&gt; Result (test014_output-random-altline.txt) : NOT FOUND
[INFO] MixThem: RULE _JOIN (IMPLEMENTED)
[INFO] MixThem: --&gt; Result (test014_output-join.txt) : FOUND
[INFO] MixThem: Started mixing for rule &apos;join&apos;...
[INFO] MixThem: Ended mixing for rule &apos;join&apos;.
[INFO] MixThem: Started mixing for rule &apos;join&apos;...
[INFO] MixThem: Ended mixing for rule &apos;join&apos;.
[INFO] MixThem: RUN PASS WITH PARAMS {}
[INFO] MixThem: RULE _ZIP_LINE (IMPLEMENTED)
[INFO] MixThem: --&gt; Result (test014_output-zipline.txt) : NOT FOUND
[INFO] MixThem: RULE _ZIP_CHAR (IMPLEMENTED)
[INFO] MixThem: --&gt; Result (test014_output-zipchar.txt) : NOT FOUND
[INFO] MixThem: RULE _ZIP_CELL (IMPLEMENTED)
[INFO] MixThem: --&gt; Result (test014_output-zipcell.txt) : NOT FOUND
[INFO] MixThem: TEST NÂ° 15***********************************************************
[INFO] MixThem: --&gt; URL 1 (test015_file1.txt) : FOUND
[INFO] MixThem: --&gt; URL 2 (test015_file2.txt) : FOUND
[INFO] MixThem: RULE _1 (IMPLEMENTED)
[INFO] MixThem: --&gt; Result (test015_output-1.txt) : NOT FOUND
[INFO] MixThem: RULE _2 (IMPLEMENTED)
[INFO] MixThem: --&gt; Result (test015_output-2.txt) : NOT FOUND
[INFO] MixThem: RULE _ADD (IMPLEMENTED)
[INFO] MixThem: --&gt; Result (test015_output-add.txt) : NOT FOUND
[INFO] MixThem: RULE _ALT_LINE (IMPLEMENTED)
[INFO] MixThem: --&gt; Result (test015_output-altline.txt) : NOT FOUND
[INFO] MixThem: RULE _ALT_CHAR (IMPLEMENTED)
[INFO] MixThem: --&gt; Result (test015_output-altchar.txt) : NOT FOUND
[INFO] MixThem: RULE _RANDOM_ALT_LINE (IMPLEMENTED)
[INFO] MixThem: --&gt; Result (test015_output-random-altline.txt) : NOT FOUND
[INFO] MixThem: RULE _JOIN (IMPLEMENTED)
[INFO] MixThem: --&gt; Params (test015_params-join.txt) : FOUND
[INFO] MixThem: --&gt; Result (test015_output-join.txt) : NOT FOUND
[INFO] MixThem: --&gt; Result (test015_output-join-col1.txt) : FOUND
[INFO] MixThem: Started mixing for rule &apos;join&apos;...
[INFO] MixThem: Ended mixing for rule &apos;join&apos;.
[INFO] MixThem: Started mixing for rule &apos;join&apos;...
[INFO] MixThem: Ended mixing for rule &apos;join&apos;.
[INFO] MixThem: RUN PASS WITH PARAMS {_JOIN_COL1=2}
[INFO] MixThem: --&gt; Result (test015_output-join-col12.txt) : FOUND
[INFO] MixThem: Started mixing for rule &apos;join&apos;...
[INFO] MixThem: Ended mixing for rule &apos;join&apos;.
[INFO] MixThem: Started mixing for rule &apos;join&apos;...
[INFO] MixThem: Ended mixing for rule &apos;join&apos;.
[INFO] MixThem: RUN PASS WITH PARAMS {_JOIN_COL1=2, _JOIN_COL2=1}
[INFO] MixThem: RULE _ZIP_LINE (IMPLEMENTED)
[INFO] MixThem: --&gt; Result (test015_output-zipline.txt) : NOT FOUND
[INFO] MixThem: RULE _ZIP_CHAR (IMPLEMENTED)
[INFO] MixThem: --&gt; Result (test015_output-zipchar.txt) : NOT FOUND
[INFO] MixThem: RULE _ZIP_CELL (IMPLEMENTED)
[INFO] MixThem: --&gt; Result (test015_output-zipcell.txt) : NOT FOUND
[INFO] MixThem: TEST NÂ° 16***********************************************************
[INFO] MixThem: --&gt; URL 1 (test016_file1.txt) : FOUND
[INFO] MixThem: --&gt; URL 2 (test016_file2.txt) : FOUND
[INFO] MixThem: RULE _1 (IMPLEMENTED)
[INFO] MixThem: --&gt; Result (test016_output-1.txt) : NOT FOUND
[INFO] MixThem: RULE _2 (IMPLEMENTED)
[INFO] MixThem: --&gt; Result (test016_output-2.txt) : NOT FOUND
[INFO] MixThem: RULE _ADD (IMPLEMENTED)
[INFO] MixThem: --&gt; Result (test016_output-add.txt) : NOT FOUND
[INFO] MixThem: RULE _ALT_LINE (IMPLEMENTED)
[INFO] MixThem: --&gt; Result (test016_output-altline.txt) : NOT FOUND
[INFO] MixThem: RULE _ALT_CHAR (IMPLEMENTED)
[INFO] MixThem: --&gt; Result (test016_output-altchar.txt) : NOT FOUND
[INFO] MixThem: RULE _RANDOM_ALT_LINE (IMPLEMENTED)
[INFO] MixThem: --&gt; Result (test016_output-random-altline.txt) : NOT FOUND
[INFO] MixThem: RULE _JOIN (IMPLEMENTED)
[INFO] MixThem: --&gt; Result (test016_output-join.txt) : FOUND
[INFO] MixThem: Started mixing for rule &apos;join&apos;...
[INFO] MixThem: Ended mixing for rule &apos;join&apos;.
[INFO] MixThem: Started mixing for rule &apos;join&apos;...
[INFO] MixThem: Ended mixing for rule &apos;join&apos;.
[INFO] MixThem: RUN PASS WITH PARAMS {}
[INFO] MixThem: RULE _ZIP_LINE (IMPLEMENTED)
[INFO] MixThem: --&gt; Result (test016_output-zipline.txt) : NOT FOUND
[INFO] MixThem: RULE _ZIP_CHAR (IMPLEMENTED)
[INFO] MixThem: --&gt; Result (test016_output-zipchar.txt) : NOT FOUND
[INFO] MixThem: RULE _ZIP_CELL (IMPLEMENTED)
[INFO] MixThem: --&gt; Result (test016_output-zipcell.txt) : NOT FOUND
[INFO] MixThem: TEST NÂ° 17***********************************************************
[INFO] MixThem: --&gt; URL 1 (test017_file1.txt) : FOUND
[INFO] MixThem: --&gt; URL 2 (test017_file2.txt) : FOUND
[INFO] MixThem: RULE _1 (IMPLEMENTED)
[INFO] MixThem: --&gt; Result (test017_output-1.txt) : NOT FOUND
[INFO] MixThem: RULE _2 (IMPLEMENTED)
[INFO] MixThem: --&gt; Result (test017_output-2.txt) : NOT FOUND
[INFO] MixThem: RULE _ADD (IMPLEMENTED)
[INFO] MixThem: --&gt; Result (test017_output-add.txt) : NOT FOUND
[INFO] MixThem: RULE _ALT_LINE (IMPLEMENTED)
[INFO] MixThem: --&gt; Result (test017_output-altline.txt) : NOT FOUND
[INFO] MixThem: RULE _ALT_CHAR (IMPLEMENTED)
[INFO] MixThem: --&gt; Result (test017_output-altchar.txt) : NOT FOUND
[INFO] MixThem: RULE _RANDOM_ALT_LINE (IMPLEMENTED)
[INFO] MixThem: --&gt; Result (test017_output-random-altline.txt) : NOT FOUND
[INFO] MixThem: RULE _JOIN (IMPLEMENTED)
[INFO] MixThem: --&gt; Result (test017_output-join.txt) : FOUND
[INFO] MixThem: Started mixing for rule &apos;join&apos;...
[INFO] MixThem: Ended mixing for rule &apos;join&apos;.
[INFO] MixThem: Started mixing for rule &apos;join&apos;...
[INFO] MixThem: Ended mixing for rule &apos;join&apos;.
[INFO] MixThem: RUN FAIL WITH PARAMS {}
[INFO] MixThem: RULE _ZIP_LINE (IMPLEMENTED)
[INFO] MixThem: --&gt; Result (test017_output-zipline.txt) : NOT FOUND
[INFO] MixThem: RULE _ZIP_CHAR (IMPLEMENTED)
[INFO] MixThem: --&gt; Result (test017_output-zipchar.txt) : NOT FOUND
[INFO] MixThem: RULE _ZIP_CELL (IMPLEMENTED)
[INFO] MixThem: --&gt; Result (test017_output-zipcell.txt) : NOT FOUND
[INFO] MixThem: TEST NÂ° 18***********************************************************
[INFO] MixThem: --&gt; URL 1 (test018_file1.txt) : NOT FOUND
[INFO] MixThem: --&gt; URL 2 (test018_file2.txt) : NOT FOUND
</system-err>
  </testcase>
</testsuite>