<?xml version="1.0" encoding="UTF-8"?>
<testsuite name="fr.inria.astor.test.repair.approaches.TOSBRTest" time="0.168" tests="18" errors="18" skipped="0" failures="0">
  <properties>
    <property name="java.runtime.name" value="OpenJDK Runtime Environment"/>
    <property name="sun.boot.library.path" value="/usr/lib/jvm/java-8-openjdk-amd64/jre/lib/amd64"/>
    <property name="java.vm.version" value="25.121-b13"/>
    <property name="java.vm.vendor" value="Oracle Corporation"/>
    <property name="maven.multiModuleProjectDirectory" value="/root/workspace/SpoonLabs/astor/383218747"/>
    <property name="java.vendor.url" value="http://java.oracle.com/"/>
    <property name="path.separator" value=":"/>
    <property name="guice.disable.misplaced.annotation.check" value="true"/>
    <property name="skip.gulp" value="true"/>
    <property name="java.vm.name" value="OpenJDK 64-Bit Server VM"/>
    <property name="file.encoding.pkg" value="sun.io"/>
    <property name="sun.java.launcher" value="SUN_STANDARD"/>
    <property name="sun.os.patch.level" value="unknown"/>
    <property name="findbugs.skip" value="true"/>
    <property name="java.vm.specification.name" value="Java Virtual Machine Specification"/>
    <property name="user.dir" value="/root/workspace/SpoonLabs/astor/383218747"/>
    <property name="checkstyle.skip" value="true"/>
    <property name="java.runtime.version" value="1.8.0_121-8u121-b13-1~bpo8+1-b13"/>
    <property name="java.awt.graphicsenv" value="sun.awt.X11GraphicsEnvironment"/>
    <property name="skip.npm" value="true"/>
    <property name="java.endorsed.dirs" value="/usr/lib/jvm/java-8-openjdk-amd64/jre/lib/endorsed"/>
    <property name="os.arch" value="amd64"/>
    <property name="java.io.tmpdir" value="/tmp"/>
    <property name="gpg.skip" value="true"/>
    <property name="line.separator" value="&#10;"/>
    <property name="java.vm.specification.vendor" value="Oracle Corporation"/>
    <property name="cobertura.skip" value="true"/>
    <property name="os.name" value="Linux"/>
    <property name="classworlds.conf" value="/usr/share/maven/bin/m2.conf"/>
    <property name="sun.jnu.encoding" value="UTF-8"/>
    <property name="java.library.path" value="/usr/java/packages/lib/amd64:/usr/lib/x86_64-linux-gnu/jni:/lib/x86_64-linux-gnu:/usr/lib/x86_64-linux-gnu:/usr/lib/jni:/lib:/usr/lib"/>
    <property name="license.skip" value="true"/>
    <property name="java.specification.name" value="Java Platform API Specification"/>
    <property name="java.class.version" value="52.0"/>
    <property name="sun.management.compiler" value="HotSpot 64-Bit Tiered Compilers"/>
    <property name="skip.bower" value="true"/>
    <property name="maven.repo.local" value="/root/./workspace/SpoonLabs/astor/383218747/.m2"/>
    <property name="os.version" value="3.10.0-862.2.3.el7.x86_64"/>
    <property name="user.home" value="/root"/>
    <property name="user.timezone" value="Europe/Paris"/>
    <property name="java.awt.printerjob" value="sun.print.PSPrinterJob"/>
    <property name="java.specification.version" value="1.8"/>
    <property name="file.encoding" value="UTF-8"/>
    <property name="user.name" value="root"/>
    <property name="java.class.path" value="/usr/share/maven/boot/plexus-classworlds-2.5.2.jar"/>
    <property name="skipITs" value="true"/>
    <property name="java.vm.specification.version" value="1.8"/>
    <property name="sun.arch.data.model" value="64"/>
    <property name="java.home" value="/usr/lib/jvm/java-8-openjdk-amd64/jre"/>
    <property name="sun.java.command" value="org.codehaus.plexus.classworlds.launcher.Launcher -B -D enforcer.skip=true -D dependency-check.skip=true -D skipITs=true -D cobertura.skip=true -D maven.repo.local=/root/./workspace/SpoonLabs/astor/383218747/.m2 -D rat.skip=true -D findbugs.skip=true -D skip.bower=true -D gpg.skip=true -D checkstyle.skip=true -D skip.gulp=true -D license.skip=true -D skip.npm=true test"/>
    <property name="java.specification.vendor" value="Oracle Corporation"/>
    <property name="user.language" value="en"/>
    <property name="awt.toolkit" value="sun.awt.X11.XToolkit"/>
    <property name="dependency-check.skip" value="true"/>
    <property name="java.vm.info" value="mixed mode"/>
    <property name="java.version" value="1.8.0_121"/>
    <property name="java.ext.dirs" value="/usr/lib/jvm/java-8-openjdk-amd64/jre/lib/ext:/usr/java/packages/lib/ext"/>
    <property name="securerandom.source" value="file:/dev/./urandom"/>
    <property name="sun.boot.class.path" value="/usr/lib/jvm/java-8-openjdk-amd64/jre/lib/resources.jar:/usr/lib/jvm/java-8-openjdk-amd64/jre/lib/rt.jar:/usr/lib/jvm/java-8-openjdk-amd64/jre/lib/sunrsasign.jar:/usr/lib/jvm/java-8-openjdk-amd64/jre/lib/jsse.jar:/usr/lib/jvm/java-8-openjdk-amd64/jre/lib/jce.jar:/usr/lib/jvm/java-8-openjdk-amd64/jre/lib/charsets.jar:/usr/lib/jvm/java-8-openjdk-amd64/jre/lib/jfr.jar:/usr/lib/jvm/java-8-openjdk-amd64/jre/classes"/>
    <property name="java.vendor" value="Oracle Corporation"/>
    <property name="enforcer.skip" value="true"/>
    <property name="rat.skip" value="true"/>
    <property name="maven.home" value="/usr/share/maven"/>
    <property name="file.separator" value="/"/>
    <property name="java.vendor.url.bug" value="http://bugreport.sun.com/bugreport/"/>
    <property name="sun.cpu.endian" value="little"/>
    <property name="sun.io.unicode.encoding" value="UnicodeLittle"/>
    <property name="sun.cpu.isalist" value=""/>
  </properties>
  <testcase name="testInvocationsG1" classname="fr.inria.astor.test.repair.approaches.TOSBRTest" time="0.104">
    <error message="The bin folder  /root/workspace/SpoonLabs/astor/383218747/./examples/math_70/target/classes does not exist." type="java.lang.IllegalArgumentException">java.lang.IllegalArgumentException: The bin folder  /root/workspace/SpoonLabs/astor/383218747/./examples/math_70/target/classes does not exist.
	at fr.inria.main.AbstractMain.determineBinFolder(AbstractMain.java:783)
	at fr.inria.main.AbstractMain.getProjectConfiguration(AbstractMain.java:752)
	at fr.inria.main.evolution.AstorMain.initProject(AstorMain.java:53)
	at fr.inria.main.evolution.AstorMain.run(AstorMain.java:164)
	at fr.inria.main.evolution.AstorMain.execute(AstorMain.java:230)
	at fr.inria.astor.test.repair.approaches.TOSBRTest.testInvocationsG1(TOSBRTest.java:596)
</error>
    <system-out><![CDATA[[INFO ] fr.inria.main.AbstractMain.processArguments(AbstractMain.java:606) - command line arguments: [-customengine  fr.inria.astor.approaches.tos.core.TOSBRApproach  -package  org.apache.commons  -failing  org.apache.commons.math.analysis.solvers.BisectionSolverTest  -srcjavafolder  /src/java/  -scope  package  -binjavafolder  /target/classes  -flthreshold  0.5  -seed  10  -stopfirst  false  -loglevel  DEBUG  -srctestfolder  /src/test/  -location  /root/workspace/SpoonLabs/astor/383218747/./examples/math_70  -javacompliancelevel  7  -out  /root/workspace/SpoonLabs/astor/383218747/./output_astor  -maxtime  100  -dependencies  /root/workspace/SpoonLabs/astor/383218747/./examples/libs/junit-4.4.jar  -parameters  nrPlaceholders:1:duplicateingredientsinspace:true:excludevarliteralplaceholder:true:excludevariableplaceholder:true:excludeinvocationplaceholder:true:excludeliteralplaceholder:true:excludeinvocationplaceholder:false  -mode  custom  -bintestfolder  /target/test-classes  -maxgen  0]
[INFO ] fr.inria.main.AbstractMain.determineSourceFolders(AbstractMain.java:806) - Source folders: [/root/workspace/SpoonLabs/astor/383218747/./examples/math_70/src/main/java]
[INFO ] fr.inria.main.AbstractMain.determineSourceFolders(AbstractMain.java:825) - Source Test folders: [/root/workspace/SpoonLabs/astor/383218747/./examples/math_70/src/test]
]]></system-out>
  </testcase>
  <testcase name="testTOSsupport" classname="fr.inria.astor.test.repair.approaches.TOSBRTest" time="0.004">
    <error message="The bin folder  /root/workspace/SpoonLabs/astor/383218747/./examples/math_70/target/classes does not exist." type="java.lang.IllegalArgumentException">java.lang.IllegalArgumentException: The bin folder  /root/workspace/SpoonLabs/astor/383218747/./examples/math_70/target/classes does not exist.
	at fr.inria.main.AbstractMain.determineBinFolder(AbstractMain.java:783)
	at fr.inria.main.AbstractMain.getProjectConfiguration(AbstractMain.java:752)
	at fr.inria.main.evolution.AstorMain.initProject(AstorMain.java:53)
	at fr.inria.main.evolution.AstorMain.run(AstorMain.java:164)
	at fr.inria.main.evolution.AstorMain.execute(AstorMain.java:230)
	at fr.inria.astor.test.repair.approaches.TOSBRTest.testTOSsupport(TOSBRTest.java:1012)
</error>
    <system-out><![CDATA[[INFO ] fr.inria.main.AbstractMain.processArguments(AbstractMain.java:606) - command line arguments: [-customengine  fr.inria.astor.approaches.tos.core.TOSBRApproach  -package  org.apache.commons  -failing  org.apache.commons.math.analysis.solvers.BisectionSolverTest  -srcjavafolder  /src/java/  -scope  local  -binjavafolder  /target/classes  -flthreshold  0.5  -seed  10  -stopfirst  true  -loglevel  INFO  -srctestfolder  /src/test/  -location  /root/workspace/SpoonLabs/astor/383218747/./examples/math_70  -javacompliancelevel  7  -out  /root/workspace/SpoonLabs/astor/383218747/./output_astor  -maxtime  100  -dependencies  /root/workspace/SpoonLabs/astor/383218747/./examples/libs/junit-4.4.jar  -parameters  nrPlaceholders:1:excludevarliteralplaceholder:true:excludevariableplaceholder:true:excludeinvocationplaceholder:true:excludeliteralplaceholder:true:duplicateingredientsinspace:true:excludevariableplaceholder:false  -mode  custom  -bintestfolder  /target/test-classes  -maxgen  0]
[INFO ] fr.inria.main.AbstractMain.determineSourceFolders(AbstractMain.java:806) - Source folders: [/root/workspace/SpoonLabs/astor/383218747/./examples/math_70/src/main/java]
[INFO ] fr.inria.main.AbstractMain.determineSourceFolders(AbstractMain.java:825) - Source Test folders: [/root/workspace/SpoonLabs/astor/383218747/./examples/math_70/src/test]
]]></system-out>
  </testcase>
  <testcase name="testNotCm" classname="fr.inria.astor.test.repair.approaches.TOSBRTest" time="0.005">
    <error message="The bin folder  /root/workspace/SpoonLabs/astor/383218747/./examples/math_70/target/classes does not exist." type="java.lang.IllegalArgumentException">java.lang.IllegalArgumentException: The bin folder  /root/workspace/SpoonLabs/astor/383218747/./examples/math_70/target/classes does not exist.
	at fr.inria.main.AbstractMain.determineBinFolder(AbstractMain.java:783)
	at fr.inria.main.AbstractMain.getProjectConfiguration(AbstractMain.java:752)
	at fr.inria.main.evolution.AstorMain.initProject(AstorMain.java:53)
	at fr.inria.main.evolution.AstorMain.run(AstorMain.java:164)
	at fr.inria.main.evolution.AstorMain.execute(AstorMain.java:230)
	at fr.inria.astor.test.repair.approaches.TOSBRTest.testNotCm(TOSBRTest.java:1406)
</error>
    <system-out><![CDATA[[INFO ] fr.inria.main.AbstractMain.processArguments(AbstractMain.java:606) - command line arguments: [-customengine  fr.inria.astor.approaches.tos.core.TOSBRApproach  -package  org.apache.commons  -failing  org.apache.commons.math.analysis.solvers.BisectionSolverTest  -srcjavafolder  /src/java/  -scope  local  -binjavafolder  /target/classes  -flthreshold  0.5  -seed  10  -stopfirst  true  -loglevel  debug  -srctestfolder  /src/test/  -location  /root/workspace/SpoonLabs/astor/383218747/./examples/math_70  -javacompliancelevel  7  -out  /root/workspace/SpoonLabs/astor/383218747/./output_astor  -maxtime  100  -dependencies  /root/workspace/SpoonLabs/astor/383218747/./examples/libs/junit-4.4.jar  -parameters  nrPlaceholders:1:toscombinated:false  -mode  custom  -bintestfolder  /target/test-classes  -maxgen  0]
[INFO ] fr.inria.main.AbstractMain.determineSourceFolders(AbstractMain.java:806) - Source folders: [/root/workspace/SpoonLabs/astor/383218747/./examples/math_70/src/main/java]
[INFO ] fr.inria.main.AbstractMain.determineSourceFolders(AbstractMain.java:825) - Source Test folders: [/root/workspace/SpoonLabs/astor/383218747/./examples/math_70/src/test]
]]></system-out>
  </testcase>
  <testcase name="testTOStransformationVarLit" classname="fr.inria.astor.test.repair.approaches.TOSBRTest" time="0.005">
    <error message="The bin folder  /root/workspace/SpoonLabs/astor/383218747/./examples/math_70/target/classes does not exist." type="java.lang.IllegalArgumentException">java.lang.IllegalArgumentException: The bin folder  /root/workspace/SpoonLabs/astor/383218747/./examples/math_70/target/classes does not exist.
	at fr.inria.main.AbstractMain.determineBinFolder(AbstractMain.java:783)
	at fr.inria.main.AbstractMain.getProjectConfiguration(AbstractMain.java:752)
	at fr.inria.main.evolution.AstorMain.initProject(AstorMain.java:53)
	at fr.inria.main.evolution.AstorMain.run(AstorMain.java:164)
	at fr.inria.main.evolution.AstorMain.execute(AstorMain.java:230)
	at fr.inria.astor.test.repair.approaches.TOSBRTest.testTOStransformationVarLit(TOSBRTest.java:1233)
</error>
    <system-out><![CDATA[[INFO ] fr.inria.main.AbstractMain.processArguments(AbstractMain.java:606) - command line arguments: [-customengine  fr.inria.astor.approaches.tos.core.TOSBRApproach  -package  org.apache.commons  -failing  org.apache.commons.math.analysis.solvers.BisectionSolverTest  -srcjavafolder  /src/java/  -scope  local  -binjavafolder  /target/classes  -flthreshold  0.5  -seed  10  -stopfirst  true  -loglevel  debug  -srctestfolder  /src/test/  -location  /root/workspace/SpoonLabs/astor/383218747/./examples/math_70  -javacompliancelevel  7  -out  /root/workspace/SpoonLabs/astor/383218747/./output_astor  -maxtime  100  -dependencies  /root/workspace/SpoonLabs/astor/383218747/./examples/libs/junit-4.4.jar  -parameters  nrPlaceholders:1:duplicateingredientsinspace:false:excludevarliteralplaceholder:true:excludevariableplaceholder:true:excludeinvocationplaceholder:true:excludeliteralplaceholder:true:excludevarliteralplaceholder:false  -mode  custom  -bintestfolder  /target/test-classes  -maxgen  0]
[INFO ] fr.inria.main.AbstractMain.determineSourceFolders(AbstractMain.java:806) - Source folders: [/root/workspace/SpoonLabs/astor/383218747/./examples/math_70/src/main/java]
[INFO ] fr.inria.main.AbstractMain.determineSourceFolders(AbstractMain.java:825) - Source Test folders: [/root/workspace/SpoonLabs/astor/383218747/./examples/math_70/src/test]
]]></system-out>
  </testcase>
  <testcase name="testCm" classname="fr.inria.astor.test.repair.approaches.TOSBRTest" time="0.004">
    <error message="The bin folder  /root/workspace/SpoonLabs/astor/383218747/./examples/math_70/target/classes does not exist." type="java.lang.IllegalArgumentException">java.lang.IllegalArgumentException: The bin folder  /root/workspace/SpoonLabs/astor/383218747/./examples/math_70/target/classes does not exist.
	at fr.inria.main.AbstractMain.determineBinFolder(AbstractMain.java:783)
	at fr.inria.main.AbstractMain.getProjectConfiguration(AbstractMain.java:752)
	at fr.inria.main.evolution.AstorMain.initProject(AstorMain.java:53)
	at fr.inria.main.evolution.AstorMain.run(AstorMain.java:164)
	at fr.inria.main.evolution.AstorMain.execute(AstorMain.java:230)
	at fr.inria.astor.test.repair.approaches.TOSBRTest.testCm(TOSBRTest.java:1471)
</error>
    <system-out><![CDATA[[INFO ] fr.inria.main.AbstractMain.processArguments(AbstractMain.java:606) - command line arguments: [-customengine  fr.inria.astor.approaches.tos.core.TOSBRApproach  -package  org.apache.commons  -failing  org.apache.commons.math.analysis.solvers.BisectionSolverTest  -srcjavafolder  /src/java/  -scope  local  -binjavafolder  /target/classes  -flthreshold  0.001  -seed  10  -stopfirst  true  -loglevel  info  -srctestfolder  /src/test/  -location  /root/workspace/SpoonLabs/astor/383218747/./examples/math_70  -javacompliancelevel  7  -out  /root/workspace/SpoonLabs/astor/383218747/./output_astor  -maxtime  100  -dependencies  /root/workspace/SpoonLabs/astor/383218747/./examples/libs/junit-4.4.jar  -parameters  nrPlaceholders:1:toscombinated:true  -mode  custom  -bintestfolder  /target/test-classes  -maxgen  0]
[INFO ] fr.inria.main.AbstractMain.determineSourceFolders(AbstractMain.java:806) - Source folders: [/root/workspace/SpoonLabs/astor/383218747/./examples/math_70/src/main/java]
[INFO ] fr.inria.main.AbstractMain.determineSourceFolders(AbstractMain.java:825) - Source Test folders: [/root/workspace/SpoonLabs/astor/383218747/./examples/math_70/src/test]
]]></system-out>
  </testcase>
  <testcase name="testTOStransformationVarLitPackage" classname="fr.inria.astor.test.repair.approaches.TOSBRTest" time="0.004">
    <error message="The bin folder  /root/workspace/SpoonLabs/astor/383218747/./examples/math_70/target/classes does not exist." type="java.lang.IllegalArgumentException">java.lang.IllegalArgumentException: The bin folder  /root/workspace/SpoonLabs/astor/383218747/./examples/math_70/target/classes does not exist.
	at fr.inria.main.AbstractMain.determineBinFolder(AbstractMain.java:783)
	at fr.inria.main.AbstractMain.getProjectConfiguration(AbstractMain.java:752)
	at fr.inria.main.evolution.AstorMain.initProject(AstorMain.java:53)
	at fr.inria.main.evolution.AstorMain.run(AstorMain.java:164)
	at fr.inria.main.evolution.AstorMain.execute(AstorMain.java:230)
	at fr.inria.astor.test.repair.approaches.TOSBRTest.testTOStransformationVarLitPackage(TOSBRTest.java:1314)
</error>
    <system-out><![CDATA[[INFO ] fr.inria.main.AbstractMain.processArguments(AbstractMain.java:606) - command line arguments: [-customengine  fr.inria.astor.approaches.tos.core.TOSBRApproach  -package  org.apache.commons  -failing  org.apache.commons.math.analysis.solvers.BisectionSolverTest  -srcjavafolder  /src/java/  -scope  package  -binjavafolder  /target/classes  -flthreshold  0.5  -seed  10  -stopfirst  true  -loglevel  debug  -srctestfolder  /src/test/  -location  /root/workspace/SpoonLabs/astor/383218747/./examples/math_70  -javacompliancelevel  7  -out  /root/workspace/SpoonLabs/astor/383218747/./output_astor  -maxtime  100  -dependencies  /root/workspace/SpoonLabs/astor/383218747/./examples/libs/junit-4.4.jar  -parameters  nrPlaceholders:1:duplicateingredientsinspace:false:excludevarliteralplaceholder:true:excludevariableplaceholder:true:excludeinvocationplaceholder:true:excludeliteralplaceholder:true:excludevarliteralplaceholder:false  -mode  custom  -bintestfolder  /target/test-classes  -maxgen  0]
[INFO ] fr.inria.main.AbstractMain.determineSourceFolders(AbstractMain.java:806) - Source folders: [/root/workspace/SpoonLabs/astor/383218747/./examples/math_70/src/main/java]
[INFO ] fr.inria.main.AbstractMain.determineSourceFolders(AbstractMain.java:825) - Source Test folders: [/root/workspace/SpoonLabs/astor/383218747/./examples/math_70/src/test]
]]></system-out>
  </testcase>
  <testcase name="testIngredientCounters" classname="fr.inria.astor.test.repair.approaches.TOSBRTest" time="0.003">
    <error message="The bin folder  /root/workspace/SpoonLabs/astor/383218747/./examples/math_70/target/classes does not exist." type="java.lang.IllegalArgumentException">java.lang.IllegalArgumentException: The bin folder  /root/workspace/SpoonLabs/astor/383218747/./examples/math_70/target/classes does not exist.
	at fr.inria.main.AbstractMain.determineBinFolder(AbstractMain.java:783)
	at fr.inria.main.AbstractMain.getProjectConfiguration(AbstractMain.java:752)
	at fr.inria.main.evolution.AstorMain.initProject(AstorMain.java:53)
	at fr.inria.main.evolution.AstorMain.run(AstorMain.java:164)
	at fr.inria.main.evolution.AstorMain.execute(AstorMain.java:230)
	at fr.inria.astor.test.repair.approaches.TOSBRTest.testIngredientCounters(TOSBRTest.java:540)
</error>
    <system-out><![CDATA[[INFO ] fr.inria.main.AbstractMain.processArguments(AbstractMain.java:606) - command line arguments: [-customengine  fr.inria.astor.approaches.tos.core.TOSBRApproach  -package  org.apache.commons  -failing  org.apache.commons.math.analysis.solvers.BisectionSolverTest  -srcjavafolder  /src/java/  -scope  package  -binjavafolder  /target/classes  -flthreshold  0.5  -seed  10  -stopfirst  true  -loglevel  INFO  -srctestfolder  /src/test/  -location  /root/workspace/SpoonLabs/astor/383218747/./examples/math_70  -javacompliancelevel  7  -out  /root/workspace/SpoonLabs/astor/383218747/./output_astor  -maxtime  100  -dependencies  /root/workspace/SpoonLabs/astor/383218747/./examples/libs/junit-4.4.jar  -parameters  nrPlaceholders:1:duplicateingredientsinspace:true:excludevarliteralplaceholder:true:excludevariableplaceholder:true:excludeinvocationplaceholder:true:excludeliteralplaceholder:true:excludevariableplaceholder:false  -mode  custom  -bintestfolder  /target/test-classes  -maxgen  0]
[INFO ] fr.inria.main.AbstractMain.determineSourceFolders(AbstractMain.java:806) - Source folders: [/root/workspace/SpoonLabs/astor/383218747/./examples/math_70/src/main/java]
[INFO ] fr.inria.main.AbstractMain.determineSourceFolders(AbstractMain.java:825) - Source Test folders: [/root/workspace/SpoonLabs/astor/383218747/./examples/math_70/src/test]
]]></system-out>
  </testcase>
  <testcase name="testLiterals1" classname="fr.inria.astor.test.repair.approaches.TOSBRTest" time="0.003">
    <error message="The bin folder  /root/workspace/SpoonLabs/astor/383218747/./examples/math_70/target/classes does not exist." type="java.lang.IllegalArgumentException">java.lang.IllegalArgumentException: The bin folder  /root/workspace/SpoonLabs/astor/383218747/./examples/math_70/target/classes does not exist.
	at fr.inria.main.AbstractMain.determineBinFolder(AbstractMain.java:783)
	at fr.inria.main.AbstractMain.getProjectConfiguration(AbstractMain.java:752)
	at fr.inria.main.evolution.AstorMain.initProject(AstorMain.java:53)
	at fr.inria.main.evolution.AstorMain.run(AstorMain.java:164)
	at fr.inria.main.evolution.AstorMain.execute(AstorMain.java:230)
	at fr.inria.astor.test.repair.approaches.TOSBRTest.testLiterals1(TOSBRTest.java:1101)
</error>
    <system-out><![CDATA[[INFO ] fr.inria.main.AbstractMain.processArguments(AbstractMain.java:606) - command line arguments: [-customengine  fr.inria.astor.approaches.tos.core.TOSBRApproach  -package  org.apache.commons  -failing  org.apache.commons.math.analysis.solvers.BisectionSolverTest  -srcjavafolder  /src/java/  -scope  local  -binjavafolder  /target/classes  -flthreshold  0.5  -seed  10  -stopfirst  true  -loglevel  INFO  -srctestfolder  /src/test/  -location  /root/workspace/SpoonLabs/astor/383218747/./examples/math_70  -javacompliancelevel  7  -out  /root/workspace/SpoonLabs/astor/383218747/./output_astor  -maxtime  100  -dependencies  /root/workspace/SpoonLabs/astor/383218747/./examples/libs/junit-4.4.jar  -parameters  nrPlaceholders:1:duplicateingredientsinspace:true:excludevarliteralplaceholder:true:excludevariableplaceholder:true:excludeinvocationplaceholder:true:excludeliteralplaceholder:true:excludeliteralplaceholder:false  -mode  custom  -bintestfolder  /target/test-classes  -maxgen  0]
[INFO ] fr.inria.main.AbstractMain.determineSourceFolders(AbstractMain.java:806) - Source folders: [/root/workspace/SpoonLabs/astor/383218747/./examples/math_70/src/main/java]
[INFO ] fr.inria.main.AbstractMain.determineSourceFolders(AbstractMain.java:825) - Source Test folders: [/root/workspace/SpoonLabs/astor/383218747/./examples/math_70/src/test]
]]></system-out>
  </testcase>
  <testcase name="testCheckSpace1" classname="fr.inria.astor.test.repair.approaches.TOSBRTest" time="0.003">
    <error message="The bin folder  /root/workspace/SpoonLabs/astor/383218747/./examples/math_70/target/classes does not exist." type="java.lang.IllegalArgumentException">java.lang.IllegalArgumentException: The bin folder  /root/workspace/SpoonLabs/astor/383218747/./examples/math_70/target/classes does not exist.
	at fr.inria.main.AbstractMain.determineBinFolder(AbstractMain.java:783)
	at fr.inria.main.AbstractMain.getProjectConfiguration(AbstractMain.java:752)
	at fr.inria.main.evolution.AstorMain.initProject(AstorMain.java:53)
	at fr.inria.main.evolution.AstorMain.run(AstorMain.java:164)
	at fr.inria.main.evolution.AstorMain.execute(AstorMain.java:230)
	at fr.inria.astor.test.repair.approaches.TOSBRTest.testCheckSpace1(TOSBRTest.java:244)
</error>
    <system-out><![CDATA[[INFO ] fr.inria.main.AbstractMain.processArguments(AbstractMain.java:606) - command line arguments: [-customengine  fr.inria.astor.approaches.tos.core.TOSBRApproach  -package  org.apache.commons  -failing  org.apache.commons.math.analysis.solvers.BisectionSolverTest  -srcjavafolder  /src/java/  -scope  package  -binjavafolder  /target/classes  -flthreshold  0.5  -seed  10  -stopfirst  false  -loglevel  INFO  -srctestfolder  /src/test/  -location  /root/workspace/SpoonLabs/astor/383218747/./examples/math_70  -javacompliancelevel  7  -out  /root/workspace/SpoonLabs/astor/383218747/./output_astor  -maxtime  100  -dependencies  /root/workspace/SpoonLabs/astor/383218747/./examples/libs/junit-4.4.jar  -parameters  nrPlaceholders:1:duplicateingredientsinspace:true:excludevarliteralplaceholder:true:excludevariableplaceholder:true:excludeinvocationplaceholder:true:excludeliteralplaceholder:true:excludevariableplaceholder:false  -mode  custom  -bintestfolder  /target/test-classes  -maxgen  0]
[INFO ] fr.inria.main.AbstractMain.determineSourceFolders(AbstractMain.java:806) - Source folders: [/root/workspace/SpoonLabs/astor/383218747/./examples/math_70/src/main/java]
[INFO ] fr.inria.main.AbstractMain.determineSourceFolders(AbstractMain.java:825) - Source Test folders: [/root/workspace/SpoonLabs/astor/383218747/./examples/math_70/src/test]
]]></system-out>
  </testcase>
  <testcase name="testTOStransformationLiteral" classname="fr.inria.astor.test.repair.approaches.TOSBRTest" time="0.003">
    <error message="The bin folder  /root/workspace/SpoonLabs/astor/383218747/./examples/math_70/target/classes does not exist." type="java.lang.IllegalArgumentException">java.lang.IllegalArgumentException: The bin folder  /root/workspace/SpoonLabs/astor/383218747/./examples/math_70/target/classes does not exist.
	at fr.inria.main.AbstractMain.determineBinFolder(AbstractMain.java:783)
	at fr.inria.main.AbstractMain.getProjectConfiguration(AbstractMain.java:752)
	at fr.inria.main.evolution.AstorMain.initProject(AstorMain.java:53)
	at fr.inria.main.evolution.AstorMain.run(AstorMain.java:164)
	at fr.inria.main.evolution.AstorMain.execute(AstorMain.java:230)
	at fr.inria.astor.test.repair.approaches.TOSBRTest.testTOStransformationLiteral(TOSBRTest.java:1152)
</error>
    <system-out><![CDATA[[INFO ] fr.inria.main.AbstractMain.processArguments(AbstractMain.java:606) - command line arguments: [-customengine  fr.inria.astor.approaches.tos.core.TOSBRApproach  -package  org.apache.commons  -failing  org.apache.commons.math.analysis.solvers.BisectionSolverTest  -srcjavafolder  /src/java/  -scope  local  -binjavafolder  /target/classes  -flthreshold  0.5  -seed  10  -stopfirst  true  -loglevel  debug  -srctestfolder  /src/test/  -location  /root/workspace/SpoonLabs/astor/383218747/./examples/math_70  -javacompliancelevel  7  -out  /root/workspace/SpoonLabs/astor/383218747/./output_astor  -maxtime  100  -dependencies  /root/workspace/SpoonLabs/astor/383218747/./examples/libs/junit-4.4.jar  -parameters  nrPlaceholders:1:excludevarliteralplaceholder:true:excludevariableplaceholder:true:excludeinvocationplaceholder:true:excludeliteralplaceholder:true:excludeliteralplaceholder:false  -mode  custom  -bintestfolder  /target/test-classes  -maxgen  0]
[INFO ] fr.inria.main.AbstractMain.determineSourceFolders(AbstractMain.java:806) - Source folders: [/root/workspace/SpoonLabs/astor/383218747/./examples/math_70/src/main/java]
[INFO ] fr.inria.main.AbstractMain.determineSourceFolders(AbstractMain.java:825) - Source Test folders: [/root/workspace/SpoonLabs/astor/383218747/./examples/math_70/src/test]
]]></system-out>
  </testcase>
  <testcase name="testFindRepairFromTOS1" classname="fr.inria.astor.test.repair.approaches.TOSBRTest" time="0.003">
    <error message="The bin folder  /root/workspace/SpoonLabs/astor/383218747/./examples/math_70/target/classes does not exist." type="java.lang.IllegalArgumentException">java.lang.IllegalArgumentException: The bin folder  /root/workspace/SpoonLabs/astor/383218747/./examples/math_70/target/classes does not exist.
	at fr.inria.main.AbstractMain.determineBinFolder(AbstractMain.java:783)
	at fr.inria.main.AbstractMain.getProjectConfiguration(AbstractMain.java:752)
	at fr.inria.main.evolution.AstorMain.initProject(AstorMain.java:53)
	at fr.inria.main.evolution.AstorMain.run(AstorMain.java:164)
	at fr.inria.main.evolution.AstorMain.execute(AstorMain.java:230)
	at fr.inria.astor.test.repair.approaches.TOSBRTest.testFindRepairFromTOS1(TOSBRTest.java:202)
</error>
    <system-out><![CDATA[[INFO ] fr.inria.main.AbstractMain.processArguments(AbstractMain.java:606) - command line arguments: [-customengine  fr.inria.astor.approaches.tos.core.TOSBRApproach  -package  org.apache.commons  -failing  org.apache.commons.math.analysis.solvers.BisectionSolverTest  -srcjavafolder  /src/java/  -scope  package  -binjavafolder  /target/classes  -flthreshold  0.5  -seed  10  -stopfirst  false  -loglevel  INFO  -srctestfolder  /src/test/  -location  /root/workspace/SpoonLabs/astor/383218747/./examples/math_70  -javacompliancelevel  7  -out  /root/workspace/SpoonLabs/astor/383218747/./output_astor  -maxtime  100  -dependencies  /root/workspace/SpoonLabs/astor/383218747/./examples/libs/junit-4.4.jar  -parameters  nrPlaceholders:1:duplicateingredientsinspace:true:excludevarliteralplaceholder:true:excludevariableplaceholder:true:excludeinvocationplaceholder:true:excludeliteralplaceholder:true:excludevariableplaceholder:false  -mode  custom  -bintestfolder  /target/test-classes  -maxgen  400]
[INFO ] fr.inria.main.AbstractMain.determineSourceFolders(AbstractMain.java:806) - Source folders: [/root/workspace/SpoonLabs/astor/383218747/./examples/math_70/src/main/java]
[INFO ] fr.inria.main.AbstractMain.determineSourceFolders(AbstractMain.java:825) - Source Test folders: [/root/workspace/SpoonLabs/astor/383218747/./examples/math_70/src/test]
]]></system-out>
  </testcase>
  <testcase name="testFindRepairFromTOS2" classname="fr.inria.astor.test.repair.approaches.TOSBRTest" time="0.004">
    <error message="The bin folder  /root/workspace/SpoonLabs/astor/383218747/./examples/math_70/target/classes does not exist." type="java.lang.IllegalArgumentException">java.lang.IllegalArgumentException: The bin folder  /root/workspace/SpoonLabs/astor/383218747/./examples/math_70/target/classes does not exist.
	at fr.inria.main.AbstractMain.determineBinFolder(AbstractMain.java:783)
	at fr.inria.main.AbstractMain.getProjectConfiguration(AbstractMain.java:752)
	at fr.inria.main.evolution.AstorMain.initProject(AstorMain.java:53)
	at fr.inria.main.evolution.AstorMain.run(AstorMain.java:164)
	at fr.inria.main.evolution.AstorMain.execute(AstorMain.java:230)
	at fr.inria.astor.test.repair.approaches.TOSBRTest.testFindRepairFromTOS2(TOSBRTest.java:298)
</error>
    <system-out><![CDATA[[INFO ] fr.inria.main.AbstractMain.processArguments(AbstractMain.java:606) - command line arguments: [-customengine  fr.inria.astor.approaches.tos.core.TOSBRApproach  -package  org.apache.commons  -failing  org.apache.commons.math.analysis.solvers.BisectionSolverTest  -srcjavafolder  /src/java/  -scope  package  -binjavafolder  /target/classes  -flthreshold  0.5  -seed  10  -stopfirst  false  -loglevel  INFO  -srctestfolder  /src/test/  -location  /root/workspace/SpoonLabs/astor/383218747/./examples/math_70  -javacompliancelevel  7  -out  /root/workspace/SpoonLabs/astor/383218747/./output_astor  -maxtime  100  -dependencies  /root/workspace/SpoonLabs/astor/383218747/./examples/libs/junit-4.4.jar  -parameters  nrPlaceholders:2:duplicateingredientsinspace:true:excludevarliteralplaceholder:true:excludevariableplaceholder:true:excludeinvocationplaceholder:true:excludeliteralplaceholder:true:excludevariableplaceholder:false  -mode  custom  -bintestfolder  /target/test-classes  -maxgen  2000]
[INFO ] fr.inria.main.AbstractMain.determineSourceFolders(AbstractMain.java:806) - Source folders: [/root/workspace/SpoonLabs/astor/383218747/./examples/math_70/src/main/java]
[INFO ] fr.inria.main.AbstractMain.determineSourceFolders(AbstractMain.java:825) - Source Test folders: [/root/workspace/SpoonLabs/astor/383218747/./examples/math_70/src/test]
]]></system-out>
  </testcase>
  <testcase name="testCheckPackageBug" classname="fr.inria.astor.test.repair.approaches.TOSBRTest" time="0.003">
    <error message="The bin folder  /root/workspace/SpoonLabs/astor/383218747/./examples/math_70/target/classes does not exist." type="java.lang.IllegalArgumentException">java.lang.IllegalArgumentException: The bin folder  /root/workspace/SpoonLabs/astor/383218747/./examples/math_70/target/classes does not exist.
	at fr.inria.main.AbstractMain.determineBinFolder(AbstractMain.java:783)
	at fr.inria.main.AbstractMain.getProjectConfiguration(AbstractMain.java:752)
	at fr.inria.main.evolution.AstorMain.initProject(AstorMain.java:53)
	at fr.inria.main.evolution.AstorMain.run(AstorMain.java:164)
	at fr.inria.main.evolution.AstorMain.execute(AstorMain.java:230)
	at fr.inria.astor.test.repair.approaches.TOSBRTest.testCheckPackageBug(TOSBRTest.java:971)
</error>
    <system-out><![CDATA[[INFO ] fr.inria.main.AbstractMain.processArguments(AbstractMain.java:606) - command line arguments: [-customengine  fr.inria.astor.approaches.tos.core.TOSBRApproach  -package  org.apache.commons  -failing  org.apache.commons.math.analysis.solvers.BisectionSolverTest  -srcjavafolder  /src/java/  -scope  package  -binjavafolder  /target/classes  -flthreshold  0.00  -seed  10  -stopfirst  false  -loglevel  INFO  -srctestfolder  /src/test/  -location  /root/workspace/SpoonLabs/astor/383218747/./examples/math_70  -javacompliancelevel  7  -out  /root/workspace/SpoonLabs/astor/383218747/./output_astor  -maxtime  100  -dependencies  /root/workspace/SpoonLabs/astor/383218747/./examples/libs/junit-4.4.jar  -parameters  nrPlaceholders:1:duplicateingredientsinspace:true:excludevarliteralplaceholder:true:excludevariableplaceholder:true:excludeinvocationplaceholder:true:excludeliteralplaceholder:true:excludevariableplaceholder:false:maxmodificationpoints:30:considerzerovaluesusp:true  -mode  custom  -bintestfolder  /target/test-classes  -maxgen  0]
[INFO ] fr.inria.main.AbstractMain.determineSourceFolders(AbstractMain.java:806) - Source folders: [/root/workspace/SpoonLabs/astor/383218747/./examples/math_70/src/main/java]
[INFO ] fr.inria.main.AbstractMain.determineSourceFolders(AbstractMain.java:825) - Source Test folders: [/root/workspace/SpoonLabs/astor/383218747/./examples/math_70/src/test]
]]></system-out>
  </testcase>
  <testcase name="testTOStransformation" classname="fr.inria.astor.test.repair.approaches.TOSBRTest" time="0.003">
    <error message="The bin folder  /root/workspace/SpoonLabs/astor/383218747/./examples/math_70/target/classes does not exist." type="java.lang.IllegalArgumentException">java.lang.IllegalArgumentException: The bin folder  /root/workspace/SpoonLabs/astor/383218747/./examples/math_70/target/classes does not exist.
	at fr.inria.main.AbstractMain.determineBinFolder(AbstractMain.java:783)
	at fr.inria.main.AbstractMain.getProjectConfiguration(AbstractMain.java:752)
	at fr.inria.main.evolution.AstorMain.initProject(AstorMain.java:53)
	at fr.inria.main.evolution.AstorMain.run(AstorMain.java:164)
	at fr.inria.main.evolution.AstorMain.execute(AstorMain.java:230)
	at fr.inria.astor.test.repair.approaches.TOSBRTest.testTOStransformation(TOSBRTest.java:96)
</error>
    <system-out><![CDATA[[INFO ] fr.inria.main.AbstractMain.processArguments(AbstractMain.java:606) - command line arguments: [-customengine  fr.inria.astor.approaches.tos.core.TOSBRApproach  -package  org.apache.commons  -failing  org.apache.commons.math.analysis.solvers.BisectionSolverTest  -srcjavafolder  /src/java/  -scope  package  -binjavafolder  /target/classes  -flthreshold  0.5  -seed  10  -stopfirst  true  -loglevel  INFO  -srctestfolder  /src/test/  -location  /root/workspace/SpoonLabs/astor/383218747/./examples/math_70  -javacompliancelevel  7  -out  /root/workspace/SpoonLabs/astor/383218747/./output_astor  -maxtime  100  -dependencies  /root/workspace/SpoonLabs/astor/383218747/./examples/libs/junit-4.4.jar  -parameters  nrPlaceholders:1:duplicateingredientsinspace:true:excludevarliteralplaceholder:true:excludevariableplaceholder:true:excludeinvocationplaceholder:true:excludeliteralplaceholder:true:excludevariableplaceholder:false  -mode  custom  -bintestfolder  /target/test-classes  -maxgen  0]
[INFO ] fr.inria.main.AbstractMain.determineSourceFolders(AbstractMain.java:806) - Source folders: [/root/workspace/SpoonLabs/astor/383218747/./examples/math_70/src/main/java]
[INFO ] fr.inria.main.AbstractMain.determineSourceFolders(AbstractMain.java:825) - Source Test folders: [/root/workspace/SpoonLabs/astor/383218747/./examples/math_70/src/test]
]]></system-out>
  </testcase>
  <testcase name="testTOSOcurrencesSize1" classname="fr.inria.astor.test.repair.approaches.TOSBRTest" time="0.003">
    <error message="The bin folder  /root/workspace/SpoonLabs/astor/383218747/./examples/math_70/target/classes does not exist." type="java.lang.IllegalArgumentException">java.lang.IllegalArgumentException: The bin folder  /root/workspace/SpoonLabs/astor/383218747/./examples/math_70/target/classes does not exist.
	at fr.inria.main.AbstractMain.determineBinFolder(AbstractMain.java:783)
	at fr.inria.main.AbstractMain.getProjectConfiguration(AbstractMain.java:752)
	at fr.inria.main.evolution.AstorMain.initProject(AstorMain.java:53)
	at fr.inria.main.evolution.AstorMain.run(AstorMain.java:164)
	at fr.inria.main.evolution.AstorMain.execute(AstorMain.java:230)
	at fr.inria.astor.test.repair.approaches.TOSBRTest.runTestForPlaceholder(TOSBRTest.java:444)
	at fr.inria.astor.test.repair.approaches.TOSBRTest.testTOSOcurrencesSize1(TOSBRTest.java:390)
</error>
    <system-out><![CDATA[[INFO ] fr.inria.main.AbstractMain.processArguments(AbstractMain.java:606) - command line arguments: [-customengine  fr.inria.astor.approaches.tos.core.TOSBRApproach  -package  org.apache.commons  -failing  org.apache.commons.math.analysis.solvers.BisectionSolverTest  -srcjavafolder  /src/java/  -scope  package  -binjavafolder  /target/classes  -flthreshold  0.5  -seed  10  -stopfirst  true  -loglevel  INFO  -srctestfolder  /src/test/  -location  /root/workspace/SpoonLabs/astor/383218747/./examples/math_70  -javacompliancelevel  7  -out  /root/workspace/SpoonLabs/astor/383218747/./output_astor  -maxtime  100  -dependencies  /root/workspace/SpoonLabs/astor/383218747/./examples/libs/junit-4.4.jar  -parameters  nrPlaceholders:1:duplicateingredientsinspace:true:excludevarliteralplaceholder:true:excludevariableplaceholder:true:excludeinvocationplaceholder:true:excludeliteralplaceholder:true:excludevariableplaceholder:false  -mode  custom  -bintestfolder  /target/test-classes  -maxgen  0]
[INFO ] fr.inria.main.AbstractMain.determineSourceFolders(AbstractMain.java:806) - Source folders: [/root/workspace/SpoonLabs/astor/383218747/./examples/math_70/src/main/java]
[INFO ] fr.inria.main.AbstractMain.determineSourceFolders(AbstractMain.java:825) - Source Test folders: [/root/workspace/SpoonLabs/astor/383218747/./examples/math_70/src/test]
]]></system-out>
  </testcase>
  <testcase name="testTOSOcurrencesSize2" classname="fr.inria.astor.test.repair.approaches.TOSBRTest" time="0.004">
    <error message="The bin folder  /root/workspace/SpoonLabs/astor/383218747/./examples/math_70/target/classes does not exist." type="java.lang.IllegalArgumentException">java.lang.IllegalArgumentException: The bin folder  /root/workspace/SpoonLabs/astor/383218747/./examples/math_70/target/classes does not exist.
	at fr.inria.main.AbstractMain.determineBinFolder(AbstractMain.java:783)
	at fr.inria.main.AbstractMain.getProjectConfiguration(AbstractMain.java:752)
	at fr.inria.main.evolution.AstorMain.initProject(AstorMain.java:53)
	at fr.inria.main.evolution.AstorMain.run(AstorMain.java:164)
	at fr.inria.main.evolution.AstorMain.execute(AstorMain.java:230)
	at fr.inria.astor.test.repair.approaches.TOSBRTest.runTestForPlaceholder(TOSBRTest.java:444)
	at fr.inria.astor.test.repair.approaches.TOSBRTest.testTOSOcurrencesSize2(TOSBRTest.java:416)
</error>
    <system-out><![CDATA[[INFO ] fr.inria.main.AbstractMain.processArguments(AbstractMain.java:606) - command line arguments: [-customengine  fr.inria.astor.approaches.tos.core.TOSBRApproach  -package  org.apache.commons  -failing  org.apache.commons.math.analysis.solvers.BisectionSolverTest  -srcjavafolder  /src/java/  -scope  package  -binjavafolder  /target/classes  -flthreshold  0.5  -seed  10  -stopfirst  true  -loglevel  INFO  -srctestfolder  /src/test/  -location  /root/workspace/SpoonLabs/astor/383218747/./examples/math_70  -javacompliancelevel  7  -out  /root/workspace/SpoonLabs/astor/383218747/./output_astor  -maxtime  100  -dependencies  /root/workspace/SpoonLabs/astor/383218747/./examples/libs/junit-4.4.jar  -parameters  nrPlaceholders:2:duplicateingredientsinspace:true:excludevarliteralplaceholder:true:excludevariableplaceholder:true:excludeinvocationplaceholder:true:excludeliteralplaceholder:true:excludevariableplaceholder:false  -mode  custom  -bintestfolder  /target/test-classes  -maxgen  0]
[INFO ] fr.inria.main.AbstractMain.determineSourceFolders(AbstractMain.java:806) - Source folders: [/root/workspace/SpoonLabs/astor/383218747/./examples/math_70/src/main/java]
[INFO ] fr.inria.main.AbstractMain.determineSourceFolders(AbstractMain.java:825) - Source Test folders: [/root/workspace/SpoonLabs/astor/383218747/./examples/math_70/src/test]
]]></system-out>
  </testcase>
  <testcase name="testCheckPackageInstanceSize1" classname="fr.inria.astor.test.repair.approaches.TOSBRTest" time="0.005">
    <error message="The bin folder  /root/workspace/SpoonLabs/astor/383218747/./examples/math_70/target/classes does not exist." type="java.lang.IllegalArgumentException">java.lang.IllegalArgumentException: The bin folder  /root/workspace/SpoonLabs/astor/383218747/./examples/math_70/target/classes does not exist.
	at fr.inria.main.AbstractMain.determineBinFolder(AbstractMain.java:783)
	at fr.inria.main.AbstractMain.getProjectConfiguration(AbstractMain.java:752)
	at fr.inria.main.evolution.AstorMain.initProject(AstorMain.java:53)
	at fr.inria.main.evolution.AstorMain.run(AstorMain.java:164)
	at fr.inria.main.evolution.AstorMain.execute(AstorMain.java:230)
	at fr.inria.astor.test.repair.approaches.TOSBRTest.testCheckPackageInstanceSize1(TOSBRTest.java:710)
</error>
    <system-out><![CDATA[[INFO ] fr.inria.main.AbstractMain.processArguments(AbstractMain.java:606) - command line arguments: [-customengine  fr.inria.astor.approaches.tos.core.TOSBRApproach  -package  org.apache.commons  -failing  org.apache.commons.math.analysis.solvers.BisectionSolverTest  -srcjavafolder  /src/java/  -scope  package  -binjavafolder  /target/classes  -flthreshold  0.00  -seed  10  -stopfirst  false  -loglevel  DEBUG  -srctestfolder  /src/test/  -location  /root/workspace/SpoonLabs/astor/383218747/./examples/math_70  -javacompliancelevel  7  -out  /root/workspace/SpoonLabs/astor/383218747/./output_astor  -maxtime  100  -dependencies  /root/workspace/SpoonLabs/astor/383218747/./examples/libs/junit-4.4.jar  -parameters  nrPlaceholders:1:duplicateingredientsinspace:true:excludevarliteralplaceholder:true:excludevariableplaceholder:true:excludeinvocationplaceholder:true:excludeliteralplaceholder:true:excludevariableplaceholder:false:maxmodificationpoints:30:considerzerovaluesusp:true:excludeliteralplaceholder:true  -mode  custom  -bintestfolder  /target/test-classes  -maxgen  0]
[INFO ] fr.inria.main.AbstractMain.determineSourceFolders(AbstractMain.java:806) - Source folders: [/root/workspace/SpoonLabs/astor/383218747/./examples/math_70/src/main/java]
[INFO ] fr.inria.main.AbstractMain.determineSourceFolders(AbstractMain.java:825) - Source Test folders: [/root/workspace/SpoonLabs/astor/383218747/./examples/math_70/src/test]
]]></system-out>
  </testcase>
  <testcase name="testCheckPackageInstanceSize2" classname="fr.inria.astor.test.repair.approaches.TOSBRTest" time="0.005">
    <error message="The bin folder  /root/workspace/SpoonLabs/astor/383218747/./examples/math_70/target/classes does not exist." type="java.lang.IllegalArgumentException">java.lang.IllegalArgumentException: The bin folder  /root/workspace/SpoonLabs/astor/383218747/./examples/math_70/target/classes does not exist.
	at fr.inria.main.AbstractMain.determineBinFolder(AbstractMain.java:783)
	at fr.inria.main.AbstractMain.getProjectConfiguration(AbstractMain.java:752)
	at fr.inria.main.evolution.AstorMain.initProject(AstorMain.java:53)
	at fr.inria.main.evolution.AstorMain.run(AstorMain.java:164)
	at fr.inria.main.evolution.AstorMain.execute(AstorMain.java:230)
	at fr.inria.astor.test.repair.approaches.TOSBRTest.testCheckPackageInstanceSize2(TOSBRTest.java:849)
</error>
    <system-out><![CDATA[[INFO ] fr.inria.main.AbstractMain.processArguments(AbstractMain.java:606) - command line arguments: [-customengine  fr.inria.astor.approaches.tos.core.TOSBRApproach  -package  org.apache.commons  -failing  org.apache.commons.math.analysis.solvers.BisectionSolverTest  -srcjavafolder  /src/java/  -scope  package  -binjavafolder  /target/classes  -flthreshold  0.00  -seed  10  -stopfirst  false  -loglevel  INFO  -srctestfolder  /src/test/  -location  /root/workspace/SpoonLabs/astor/383218747/./examples/math_70  -javacompliancelevel  7  -out  /root/workspace/SpoonLabs/astor/383218747/./output_astor  -maxtime  100  -dependencies  /root/workspace/SpoonLabs/astor/383218747/./examples/libs/junit-4.4.jar  -parameters  nrPlaceholders:2:duplicateingredientsinspace:true:excludevarliteralplaceholder:true:excludevariableplaceholder:true:excludeinvocationplaceholder:true:excludeliteralplaceholder:true:excludevariableplaceholder:false:maxmodificationpoints:30:considerzerovaluesusp:true  -mode  custom  -bintestfolder  /target/test-classes  -maxgen  0]
[INFO ] fr.inria.main.AbstractMain.determineSourceFolders(AbstractMain.java:806) - Source folders: [/root/workspace/SpoonLabs/astor/383218747/./examples/math_70/src/main/java]
[INFO ] fr.inria.main.AbstractMain.determineSourceFolders(AbstractMain.java:825) - Source Test folders: [/root/workspace/SpoonLabs/astor/383218747/./examples/math_70/src/test]
]]></system-out>
  </testcase>
</testsuite>