<?xml version="1.0" encoding="UTF-8"?>
<testsuite xmlns:xsi="http://www.w3.org/2001/XMLSchema-instance" xsi:noNamespaceSchemaLocation="https://maven.apache.org/surefire/maven-surefire-plugin/xsd/surefire-test-report.xsd" name="com.d4dl.hellofib.HelloWorldTests" time="3.1" tests="1" errors="1" skipped="0" failures="0">
  <properties>
    <property name="awt.toolkit" value="sun.awt.X11.XToolkit"/>
    <property name="file.encoding.pkg" value="sun.io"/>
    <property name="java.specification.version" value="1.8"/>
    <property name="sun.cpu.isalist" value=""/>
    <property name="sun.jnu.encoding" value="UTF-8"/>
    <property name="java.class.path" value="/root/workspace/JoshuaEDeFord/HelloFib/359617575/target/test-classes:/root/workspace/JoshuaEDeFord/HelloFib/359617575/target/classes:/root/./workspace/JoshuaEDeFord/HelloFib/359617575/.m2/org/springframework/boot/spring-boot-starter-data-jpa/2.0.0.RELEASE/spring-boot-starter-data-jpa-2.0.0.RELEASE.jar:/root/./workspace/JoshuaEDeFord/HelloFib/359617575/.m2/org/springframework/boot/spring-boot-starter/2.0.0.RELEASE/spring-boot-starter-2.0.0.RELEASE.jar:/root/./workspace/JoshuaEDeFord/HelloFib/359617575/.m2/org/springframework/boot/spring-boot/2.0.0.RELEASE/spring-boot-2.0.0.RELEASE.jar:/root/./workspace/JoshuaEDeFord/HelloFib/359617575/.m2/org/springframework/boot/spring-boot-autoconfigure/2.0.0.RELEASE/spring-boot-autoconfigure-2.0.0.RELEASE.jar:/root/./workspace/JoshuaEDeFord/HelloFib/359617575/.m2/org/springframework/boot/spring-boot-starter-logging/2.0.0.RELEASE/spring-boot-starter-logging-2.0.0.RELEASE.jar:/root/./workspace/JoshuaEDeFord/HelloFib/359617575/.m2/ch/qos/logback/logback-classic/1.2.3/logback-classic-1.2.3.jar:/root/./workspace/JoshuaEDeFord/HelloFib/359617575/.m2/ch/qos/logback/logback-core/1.2.3/logback-core-1.2.3.jar:/root/./workspace/JoshuaEDeFord/HelloFib/359617575/.m2/org/apache/logging/log4j/log4j-to-slf4j/2.10.0/log4j-to-slf4j-2.10.0.jar:/root/./workspace/JoshuaEDeFord/HelloFib/359617575/.m2/org/apache/logging/log4j/log4j-api/2.10.0/log4j-api-2.10.0.jar:/root/./workspace/JoshuaEDeFord/HelloFib/359617575/.m2/org/slf4j/jul-to-slf4j/1.7.25/jul-to-slf4j-1.7.25.jar:/root/./workspace/JoshuaEDeFord/HelloFib/359617575/.m2/javax/annotation/javax.annotation-api/1.3.2/javax.annotation-api-1.3.2.jar:/root/./workspace/JoshuaEDeFord/HelloFib/359617575/.m2/org/yaml/snakeyaml/1.19/snakeyaml-1.19.jar:/root/./workspace/JoshuaEDeFord/HelloFib/359617575/.m2/org/springframework/boot/spring-boot-starter-aop/2.0.0.RELEASE/spring-boot-starter-aop-2.0.0.RELEASE.jar:/root/./workspace/JoshuaEDeFord/HelloFib/359617575/.m2/org/springframework/spring-aop/5.0.4.RELEASE/spring-aop-5.0.4.RELEASE.jar:/root/./workspace/JoshuaEDeFord/HelloFib/359617575/.m2/org/aspectj/aspectjweaver/1.8.13/aspectjweaver-1.8.13.jar:/root/./workspace/JoshuaEDeFord/HelloFib/359617575/.m2/org/springframework/boot/spring-boot-starter-jdbc/2.0.0.RELEASE/spring-boot-starter-jdbc-2.0.0.RELEASE.jar:/root/./workspace/JoshuaEDeFord/HelloFib/359617575/.m2/com/zaxxer/HikariCP/2.7.8/HikariCP-2.7.8.jar:/root/./workspace/JoshuaEDeFord/HelloFib/359617575/.m2/org/springframework/spring-jdbc/5.0.4.RELEASE/spring-jdbc-5.0.4.RELEASE.jar:/root/./workspace/JoshuaEDeFord/HelloFib/359617575/.m2/org/hibernate/hibernate-core/5.2.14.Final/hibernate-core-5.2.14.Final.jar:/root/./workspace/JoshuaEDeFord/HelloFib/359617575/.m2/org/jboss/logging/jboss-logging/3.3.2.Final/jboss-logging-3.3.2.Final.jar:/root/./workspace/JoshuaEDeFord/HelloFib/359617575/.m2/org/hibernate/javax/persistence/hibernate-jpa-2.1-api/1.0.0.Final/hibernate-jpa-2.1-api-1.0.0.Final.jar:/root/./workspace/JoshuaEDeFord/HelloFib/359617575/.m2/org/javassist/javassist/3.22.0-GA/javassist-3.22.0-GA.jar:/root/./workspace/JoshuaEDeFord/HelloFib/359617575/.m2/antlr/antlr/2.7.7/antlr-2.7.7.jar:/root/./workspace/JoshuaEDeFord/HelloFib/359617575/.m2/org/jboss/jandex/2.0.3.Final/jandex-2.0.3.Final.jar:/root/./workspace/JoshuaEDeFord/HelloFib/359617575/.m2/com/fasterxml/classmate/1.3.4/classmate-1.3.4.jar:/root/./workspace/JoshuaEDeFord/HelloFib/359617575/.m2/dom4j/dom4j/1.6.1/dom4j-1.6.1.jar:/root/./workspace/JoshuaEDeFord/HelloFib/359617575/.m2/org/hibernate/common/hibernate-commons-annotations/5.0.1.Final/hibernate-commons-annotations-5.0.1.Final.jar:/root/./workspace/JoshuaEDeFord/HelloFib/359617575/.m2/javax/transaction/javax.transaction-api/1.2/javax.transaction-api-1.2.jar:/root/./workspace/JoshuaEDeFord/HelloFib/359617575/.m2/org/springframework/data/spring-data-jpa/2.0.5.RELEASE/spring-data-jpa-2.0.5.RELEASE.jar:/root/./workspace/JoshuaEDeFord/HelloFib/359617575/.m2/org/springframework/data/spring-data-commons/2.0.5.RELEASE/spring-data-commons-2.0.5.RELEASE.jar:/root/./workspace/JoshuaEDeFord/HelloFib/359617575/.m2/org/springframework/spring-orm/5.0.4.RELEASE/spring-orm-5.0.4.RELEASE.jar:/root/./workspace/JoshuaEDeFord/HelloFib/359617575/.m2/org/springframework/spring-context/5.0.4.RELEASE/spring-context-5.0.4.RELEASE.jar:/root/./workspace/JoshuaEDeFord/HelloFib/359617575/.m2/org/springframework/spring-expression/5.0.4.RELEASE/spring-expression-5.0.4.RELEASE.jar:/root/./workspace/JoshuaEDeFord/HelloFib/359617575/.m2/org/springframework/spring-tx/5.0.4.RELEASE/spring-tx-5.0.4.RELEASE.jar:/root/./workspace/JoshuaEDeFord/HelloFib/359617575/.m2/org/springframework/spring-beans/5.0.4.RELEASE/spring-beans-5.0.4.RELEASE.jar:/root/./workspace/JoshuaEDeFord/HelloFib/359617575/.m2/org/slf4j/slf4j-api/1.7.25/slf4j-api-1.7.25.jar:/root/./workspace/JoshuaEDeFord/HelloFib/359617575/.m2/org/springframework/spring-aspects/5.0.4.RELEASE/spring-aspects-5.0.4.RELEASE.jar:/root/./workspace/JoshuaEDeFord/HelloFib/359617575/.m2/org/springframework/boot/spring-boot-starter-data-rest/2.0.0.RELEASE/spring-boot-starter-data-rest-2.0.0.RELEASE.jar:/root/./workspace/JoshuaEDeFord/HelloFib/359617575/.m2/org/springframework/boot/spring-boot-starter-json/2.0.0.RELEASE/spring-boot-starter-json-2.0.0.RELEASE.jar:/root/./workspace/JoshuaEDeFord/HelloFib/359617575/.m2/org/springframework/spring-web/5.0.4.RELEASE/spring-web-5.0.4.RELEASE.jar:/root/./workspace/JoshuaEDeFord/HelloFib/359617575/.m2/com/fasterxml/jackson/core/jackson-databind/2.9.4/jackson-databind-2.9.4.jar:/root/./workspace/JoshuaEDeFord/HelloFib/359617575/.m2/com/fasterxml/jackson/core/jackson-core/2.9.4/jackson-core-2.9.4.jar:/root/./workspace/JoshuaEDeFord/HelloFib/359617575/.m2/com/fasterxml/jackson/datatype/jackson-datatype-jdk8/2.9.4/jackson-datatype-jdk8-2.9.4.jar:/root/./workspace/JoshuaEDeFord/HelloFib/359617575/.m2/com/fasterxml/jackson/datatype/jackson-datatype-jsr310/2.9.4/jackson-datatype-jsr310-2.9.4.jar:/root/./workspace/JoshuaEDeFord/HelloFib/359617575/.m2/com/fasterxml/jackson/module/jackson-module-parameter-names/2.9.4/jackson-module-parameter-names-2.9.4.jar:/root/./workspace/JoshuaEDeFord/HelloFib/359617575/.m2/org/springframework/boot/spring-boot-starter-web/2.0.0.RELEASE/spring-boot-starter-web-2.0.0.RELEASE.jar:/root/./workspace/JoshuaEDeFord/HelloFib/359617575/.m2/org/springframework/boot/spring-boot-starter-tomcat/2.0.0.RELEASE/spring-boot-starter-tomcat-2.0.0.RELEASE.jar:/root/./workspace/JoshuaEDeFord/HelloFib/359617575/.m2/org/apache/tomcat/embed/tomcat-embed-core/8.5.28/tomcat-embed-core-8.5.28.jar:/root/./workspace/JoshuaEDeFord/HelloFib/359617575/.m2/org/apache/tomcat/embed/tomcat-embed-el/8.5.28/tomcat-embed-el-8.5.28.jar:/root/./workspace/JoshuaEDeFord/HelloFib/359617575/.m2/org/apache/tomcat/embed/tomcat-embed-websocket/8.5.28/tomcat-embed-websocket-8.5.28.jar:/root/./workspace/JoshuaEDeFord/HelloFib/359617575/.m2/org/hibernate/validator/hibernate-validator/6.0.7.Final/hibernate-validator-6.0.7.Final.jar:/root/./workspace/JoshuaEDeFord/HelloFib/359617575/.m2/javax/validation/validation-api/2.0.1.Final/validation-api-2.0.1.Final.jar:/root/./workspace/JoshuaEDeFord/HelloFib/359617575/.m2/org/springframework/spring-webmvc/5.0.4.RELEASE/spring-webmvc-5.0.4.RELEASE.jar:/root/./workspace/JoshuaEDeFord/HelloFib/359617575/.m2/org/springframework/data/spring-data-rest-webmvc/3.0.5.RELEASE/spring-data-rest-webmvc-3.0.5.RELEASE.jar:/root/./workspace/JoshuaEDeFord/HelloFib/359617575/.m2/org/springframework/data/spring-data-rest-core/3.0.5.RELEASE/spring-data-rest-core-3.0.5.RELEASE.jar:/root/./workspace/JoshuaEDeFord/HelloFib/359617575/.m2/org/springframework/hateoas/spring-hateoas/0.24.0.RELEASE/spring-hateoas-0.24.0.RELEASE.jar:/root/./workspace/JoshuaEDeFord/HelloFib/359617575/.m2/org/springframework/plugin/spring-plugin-core/1.2.0.RELEASE/spring-plugin-core-1.2.0.RELEASE.jar:/root/./workspace/JoshuaEDeFord/HelloFib/359617575/.m2/org/atteo/evo-inflector/1.2.2/evo-inflector-1.2.2.jar:/root/./workspace/JoshuaEDeFord/HelloFib/359617575/.m2/com/fasterxml/jackson/core/jackson-annotations/2.9.0/jackson-annotations-2.9.0.jar:/root/./workspace/JoshuaEDeFord/HelloFib/359617575/.m2/org/springframework/boot/spring-boot-starter-test/2.0.0.RELEASE/spring-boot-starter-test-2.0.0.RELEASE.jar:/root/./workspace/JoshuaEDeFord/HelloFib/359617575/.m2/org/springframework/boot/spring-boot-test/2.0.0.RELEASE/spring-boot-test-2.0.0.RELEASE.jar:/root/./workspace/JoshuaEDeFord/HelloFib/359617575/.m2/org/springframework/boot/spring-boot-test-autoconfigure/2.0.0.RELEASE/spring-boot-test-autoconfigure-2.0.0.RELEASE.jar:/root/./workspace/JoshuaEDeFord/HelloFib/359617575/.m2/com/jayway/jsonpath/json-path/2.4.0/json-path-2.4.0.jar:/root/./workspace/JoshuaEDeFord/HelloFib/359617575/.m2/net/minidev/json-smart/2.3/json-smart-2.3.jar:/root/./workspace/JoshuaEDeFord/HelloFib/359617575/.m2/net/minidev/accessors-smart/1.2/accessors-smart-1.2.jar:/root/./workspace/JoshuaEDeFord/HelloFib/359617575/.m2/org/ow2/asm/asm/5.0.4/asm-5.0.4.jar:/root/./workspace/JoshuaEDeFord/HelloFib/359617575/.m2/junit/junit/4.12/junit-4.12.jar:/root/./workspace/JoshuaEDeFord/HelloFib/359617575/.m2/org/assertj/assertj-core/3.9.1/assertj-core-3.9.1.jar:/root/./workspace/JoshuaEDeFord/HelloFib/359617575/.m2/org/mockito/mockito-core/2.15.0/mockito-core-2.15.0.jar:/root/./workspace/JoshuaEDeFord/HelloFib/359617575/.m2/net/bytebuddy/byte-buddy/1.7.10/byte-buddy-1.7.10.jar:/root/./workspace/JoshuaEDeFord/HelloFib/359617575/.m2/net/bytebuddy/byte-buddy-agent/1.7.10/byte-buddy-agent-1.7.10.jar:/root/./workspace/JoshuaEDeFord/HelloFib/359617575/.m2/org/objenesis/objenesis/2.6/objenesis-2.6.jar:/root/./workspace/JoshuaEDeFord/HelloFib/359617575/.m2/org/hamcrest/hamcrest-core/1.3/hamcrest-core-1.3.jar:/root/./workspace/JoshuaEDeFord/HelloFib/359617575/.m2/org/hamcrest/hamcrest-library/1.3/hamcrest-library-1.3.jar:/root/./workspace/JoshuaEDeFord/HelloFib/359617575/.m2/org/skyscreamer/jsonassert/1.5.0/jsonassert-1.5.0.jar:/root/./workspace/JoshuaEDeFord/HelloFib/359617575/.m2/com/vaadin/external/google/android-json/0.0.20131108.vaadin1/android-json-0.0.20131108.vaadin1.jar:/root/./workspace/JoshuaEDeFord/HelloFib/359617575/.m2/org/springframework/spring-core/5.0.4.RELEASE/spring-core-5.0.4.RELEASE.jar:/root/./workspace/JoshuaEDeFord/HelloFib/359617575/.m2/org/springframework/spring-jcl/5.0.4.RELEASE/spring-jcl-5.0.4.RELEASE.jar:/root/./workspace/JoshuaEDeFord/HelloFib/359617575/.m2/org/springframework/spring-test/5.0.4.RELEASE/spring-test-5.0.4.RELEASE.jar:/root/./workspace/JoshuaEDeFord/HelloFib/359617575/.m2/org/xmlunit/xmlunit-core/2.5.1/xmlunit-core-2.5.1.jar:/root/./workspace/JoshuaEDeFord/HelloFib/359617575/.m2/com/h2database/h2/1.4.197/h2-1.4.197.jar:/root/./workspace/JoshuaEDeFord/HelloFib/359617575/.m2/org/projectlombok/lombok/1.16.20/lombok-1.16.20.jar:"/>
    <property name="java.vm.vendor" value="Oracle Corporation"/>
    <property name="skip.bower" value="true"/>
    <property name="sun.arch.data.model" value="64"/>
    <property name="java.vendor.url" value="http://java.oracle.com/"/>
    <property name="user.timezone" value=""/>
    <property name="java.vm.specification.version" value="1.8"/>
    <property name="os.name" value="Linux"/>
    <property name="rat.skip" value="true"/>
    <property name="gpg.skip" value="true"/>
    <property name="sun.java.launcher" value="SUN_STANDARD"/>
    <property name="sun.boot.library.path" value="/usr/lib/jvm/java-8-openjdk-amd64/jre/lib/amd64"/>
    <property name="skip.gulp" value="true"/>
    <property name="sun.java.command" value="/root/workspace/JoshuaEDeFord/HelloFib/359617575/target/surefire/surefirebooter351792784166659674.jar /root/workspace/JoshuaEDeFord/HelloFib/359617575/target/surefire 2018-03-29T01-23-37_022-jvmRun1 surefire7169799519738131638tmp surefire_03191011337486418638tmp"/>
    <property name="surefire.test.class.path" value="/root/workspace/JoshuaEDeFord/HelloFib/359617575/target/test-classes:/root/workspace/JoshuaEDeFord/HelloFib/359617575/target/classes:/root/./workspace/JoshuaEDeFord/HelloFib/359617575/.m2/org/springframework/boot/spring-boot-starter-data-jpa/2.0.0.RELEASE/spring-boot-starter-data-jpa-2.0.0.RELEASE.jar:/root/./workspace/JoshuaEDeFord/HelloFib/359617575/.m2/org/springframework/boot/spring-boot-starter/2.0.0.RELEASE/spring-boot-starter-2.0.0.RELEASE.jar:/root/./workspace/JoshuaEDeFord/HelloFib/359617575/.m2/org/springframework/boot/spring-boot/2.0.0.RELEASE/spring-boot-2.0.0.RELEASE.jar:/root/./workspace/JoshuaEDeFord/HelloFib/359617575/.m2/org/springframework/boot/spring-boot-autoconfigure/2.0.0.RELEASE/spring-boot-autoconfigure-2.0.0.RELEASE.jar:/root/./workspace/JoshuaEDeFord/HelloFib/359617575/.m2/org/springframework/boot/spring-boot-starter-logging/2.0.0.RELEASE/spring-boot-starter-logging-2.0.0.RELEASE.jar:/root/./workspace/JoshuaEDeFord/HelloFib/359617575/.m2/ch/qos/logback/logback-classic/1.2.3/logback-classic-1.2.3.jar:/root/./workspace/JoshuaEDeFord/HelloFib/359617575/.m2/ch/qos/logback/logback-core/1.2.3/logback-core-1.2.3.jar:/root/./workspace/JoshuaEDeFord/HelloFib/359617575/.m2/org/apache/logging/log4j/log4j-to-slf4j/2.10.0/log4j-to-slf4j-2.10.0.jar:/root/./workspace/JoshuaEDeFord/HelloFib/359617575/.m2/org/apache/logging/log4j/log4j-api/2.10.0/log4j-api-2.10.0.jar:/root/./workspace/JoshuaEDeFord/HelloFib/359617575/.m2/org/slf4j/jul-to-slf4j/1.7.25/jul-to-slf4j-1.7.25.jar:/root/./workspace/JoshuaEDeFord/HelloFib/359617575/.m2/javax/annotation/javax.annotation-api/1.3.2/javax.annotation-api-1.3.2.jar:/root/./workspace/JoshuaEDeFord/HelloFib/359617575/.m2/org/yaml/snakeyaml/1.19/snakeyaml-1.19.jar:/root/./workspace/JoshuaEDeFord/HelloFib/359617575/.m2/org/springframework/boot/spring-boot-starter-aop/2.0.0.RELEASE/spring-boot-starter-aop-2.0.0.RELEASE.jar:/root/./workspace/JoshuaEDeFord/HelloFib/359617575/.m2/org/springframework/spring-aop/5.0.4.RELEASE/spring-aop-5.0.4.RELEASE.jar:/root/./workspace/JoshuaEDeFord/HelloFib/359617575/.m2/org/aspectj/aspectjweaver/1.8.13/aspectjweaver-1.8.13.jar:/root/./workspace/JoshuaEDeFord/HelloFib/359617575/.m2/org/springframework/boot/spring-boot-starter-jdbc/2.0.0.RELEASE/spring-boot-starter-jdbc-2.0.0.RELEASE.jar:/root/./workspace/JoshuaEDeFord/HelloFib/359617575/.m2/com/zaxxer/HikariCP/2.7.8/HikariCP-2.7.8.jar:/root/./workspace/JoshuaEDeFord/HelloFib/359617575/.m2/org/springframework/spring-jdbc/5.0.4.RELEASE/spring-jdbc-5.0.4.RELEASE.jar:/root/./workspace/JoshuaEDeFord/HelloFib/359617575/.m2/org/hibernate/hibernate-core/5.2.14.Final/hibernate-core-5.2.14.Final.jar:/root/./workspace/JoshuaEDeFord/HelloFib/359617575/.m2/org/jboss/logging/jboss-logging/3.3.2.Final/jboss-logging-3.3.2.Final.jar:/root/./workspace/JoshuaEDeFord/HelloFib/359617575/.m2/org/hibernate/javax/persistence/hibernate-jpa-2.1-api/1.0.0.Final/hibernate-jpa-2.1-api-1.0.0.Final.jar:/root/./workspace/JoshuaEDeFord/HelloFib/359617575/.m2/org/javassist/javassist/3.22.0-GA/javassist-3.22.0-GA.jar:/root/./workspace/JoshuaEDeFord/HelloFib/359617575/.m2/antlr/antlr/2.7.7/antlr-2.7.7.jar:/root/./workspace/JoshuaEDeFord/HelloFib/359617575/.m2/org/jboss/jandex/2.0.3.Final/jandex-2.0.3.Final.jar:/root/./workspace/JoshuaEDeFord/HelloFib/359617575/.m2/com/fasterxml/classmate/1.3.4/classmate-1.3.4.jar:/root/./workspace/JoshuaEDeFord/HelloFib/359617575/.m2/dom4j/dom4j/1.6.1/dom4j-1.6.1.jar:/root/./workspace/JoshuaEDeFord/HelloFib/359617575/.m2/org/hibernate/common/hibernate-commons-annotations/5.0.1.Final/hibernate-commons-annotations-5.0.1.Final.jar:/root/./workspace/JoshuaEDeFord/HelloFib/359617575/.m2/javax/transaction/javax.transaction-api/1.2/javax.transaction-api-1.2.jar:/root/./workspace/JoshuaEDeFord/HelloFib/359617575/.m2/org/springframework/data/spring-data-jpa/2.0.5.RELEASE/spring-data-jpa-2.0.5.RELEASE.jar:/root/./workspace/JoshuaEDeFord/HelloFib/359617575/.m2/org/springframework/data/spring-data-commons/2.0.5.RELEASE/spring-data-commons-2.0.5.RELEASE.jar:/root/./workspace/JoshuaEDeFord/HelloFib/359617575/.m2/org/springframework/spring-orm/5.0.4.RELEASE/spring-orm-5.0.4.RELEASE.jar:/root/./workspace/JoshuaEDeFord/HelloFib/359617575/.m2/org/springframework/spring-context/5.0.4.RELEASE/spring-context-5.0.4.RELEASE.jar:/root/./workspace/JoshuaEDeFord/HelloFib/359617575/.m2/org/springframework/spring-expression/5.0.4.RELEASE/spring-expression-5.0.4.RELEASE.jar:/root/./workspace/JoshuaEDeFord/HelloFib/359617575/.m2/org/springframework/spring-tx/5.0.4.RELEASE/spring-tx-5.0.4.RELEASE.jar:/root/./workspace/JoshuaEDeFord/HelloFib/359617575/.m2/org/springframework/spring-beans/5.0.4.RELEASE/spring-beans-5.0.4.RELEASE.jar:/root/./workspace/JoshuaEDeFord/HelloFib/359617575/.m2/org/slf4j/slf4j-api/1.7.25/slf4j-api-1.7.25.jar:/root/./workspace/JoshuaEDeFord/HelloFib/359617575/.m2/org/springframework/spring-aspects/5.0.4.RELEASE/spring-aspects-5.0.4.RELEASE.jar:/root/./workspace/JoshuaEDeFord/HelloFib/359617575/.m2/org/springframework/boot/spring-boot-starter-data-rest/2.0.0.RELEASE/spring-boot-starter-data-rest-2.0.0.RELEASE.jar:/root/./workspace/JoshuaEDeFord/HelloFib/359617575/.m2/org/springframework/boot/spring-boot-starter-json/2.0.0.RELEASE/spring-boot-starter-json-2.0.0.RELEASE.jar:/root/./workspace/JoshuaEDeFord/HelloFib/359617575/.m2/org/springframework/spring-web/5.0.4.RELEASE/spring-web-5.0.4.RELEASE.jar:/root/./workspace/JoshuaEDeFord/HelloFib/359617575/.m2/com/fasterxml/jackson/core/jackson-databind/2.9.4/jackson-databind-2.9.4.jar:/root/./workspace/JoshuaEDeFord/HelloFib/359617575/.m2/com/fasterxml/jackson/core/jackson-core/2.9.4/jackson-core-2.9.4.jar:/root/./workspace/JoshuaEDeFord/HelloFib/359617575/.m2/com/fasterxml/jackson/datatype/jackson-datatype-jdk8/2.9.4/jackson-datatype-jdk8-2.9.4.jar:/root/./workspace/JoshuaEDeFord/HelloFib/359617575/.m2/com/fasterxml/jackson/datatype/jackson-datatype-jsr310/2.9.4/jackson-datatype-jsr310-2.9.4.jar:/root/./workspace/JoshuaEDeFord/HelloFib/359617575/.m2/com/fasterxml/jackson/module/jackson-module-parameter-names/2.9.4/jackson-module-parameter-names-2.9.4.jar:/root/./workspace/JoshuaEDeFord/HelloFib/359617575/.m2/org/springframework/boot/spring-boot-starter-web/2.0.0.RELEASE/spring-boot-starter-web-2.0.0.RELEASE.jar:/root/./workspace/JoshuaEDeFord/HelloFib/359617575/.m2/org/springframework/boot/spring-boot-starter-tomcat/2.0.0.RELEASE/spring-boot-starter-tomcat-2.0.0.RELEASE.jar:/root/./workspace/JoshuaEDeFord/HelloFib/359617575/.m2/org/apache/tomcat/embed/tomcat-embed-core/8.5.28/tomcat-embed-core-8.5.28.jar:/root/./workspace/JoshuaEDeFord/HelloFib/359617575/.m2/org/apache/tomcat/embed/tomcat-embed-el/8.5.28/tomcat-embed-el-8.5.28.jar:/root/./workspace/JoshuaEDeFord/HelloFib/359617575/.m2/org/apache/tomcat/embed/tomcat-embed-websocket/8.5.28/tomcat-embed-websocket-8.5.28.jar:/root/./workspace/JoshuaEDeFord/HelloFib/359617575/.m2/org/hibernate/validator/hibernate-validator/6.0.7.Final/hibernate-validator-6.0.7.Final.jar:/root/./workspace/JoshuaEDeFord/HelloFib/359617575/.m2/javax/validation/validation-api/2.0.1.Final/validation-api-2.0.1.Final.jar:/root/./workspace/JoshuaEDeFord/HelloFib/359617575/.m2/org/springframework/spring-webmvc/5.0.4.RELEASE/spring-webmvc-5.0.4.RELEASE.jar:/root/./workspace/JoshuaEDeFord/HelloFib/359617575/.m2/org/springframework/data/spring-data-rest-webmvc/3.0.5.RELEASE/spring-data-rest-webmvc-3.0.5.RELEASE.jar:/root/./workspace/JoshuaEDeFord/HelloFib/359617575/.m2/org/springframework/data/spring-data-rest-core/3.0.5.RELEASE/spring-data-rest-core-3.0.5.RELEASE.jar:/root/./workspace/JoshuaEDeFord/HelloFib/359617575/.m2/org/springframework/hateoas/spring-hateoas/0.24.0.RELEASE/spring-hateoas-0.24.0.RELEASE.jar:/root/./workspace/JoshuaEDeFord/HelloFib/359617575/.m2/org/springframework/plugin/spring-plugin-core/1.2.0.RELEASE/spring-plugin-core-1.2.0.RELEASE.jar:/root/./workspace/JoshuaEDeFord/HelloFib/359617575/.m2/org/atteo/evo-inflector/1.2.2/evo-inflector-1.2.2.jar:/root/./workspace/JoshuaEDeFord/HelloFib/359617575/.m2/com/fasterxml/jackson/core/jackson-annotations/2.9.0/jackson-annotations-2.9.0.jar:/root/./workspace/JoshuaEDeFord/HelloFib/359617575/.m2/org/springframework/boot/spring-boot-starter-test/2.0.0.RELEASE/spring-boot-starter-test-2.0.0.RELEASE.jar:/root/./workspace/JoshuaEDeFord/HelloFib/359617575/.m2/org/springframework/boot/spring-boot-test/2.0.0.RELEASE/spring-boot-test-2.0.0.RELEASE.jar:/root/./workspace/JoshuaEDeFord/HelloFib/359617575/.m2/org/springframework/boot/spring-boot-test-autoconfigure/2.0.0.RELEASE/spring-boot-test-autoconfigure-2.0.0.RELEASE.jar:/root/./workspace/JoshuaEDeFord/HelloFib/359617575/.m2/com/jayway/jsonpath/json-path/2.4.0/json-path-2.4.0.jar:/root/./workspace/JoshuaEDeFord/HelloFib/359617575/.m2/net/minidev/json-smart/2.3/json-smart-2.3.jar:/root/./workspace/JoshuaEDeFord/HelloFib/359617575/.m2/net/minidev/accessors-smart/1.2/accessors-smart-1.2.jar:/root/./workspace/JoshuaEDeFord/HelloFib/359617575/.m2/org/ow2/asm/asm/5.0.4/asm-5.0.4.jar:/root/./workspace/JoshuaEDeFord/HelloFib/359617575/.m2/junit/junit/4.12/junit-4.12.jar:/root/./workspace/JoshuaEDeFord/HelloFib/359617575/.m2/org/assertj/assertj-core/3.9.1/assertj-core-3.9.1.jar:/root/./workspace/JoshuaEDeFord/HelloFib/359617575/.m2/org/mockito/mockito-core/2.15.0/mockito-core-2.15.0.jar:/root/./workspace/JoshuaEDeFord/HelloFib/359617575/.m2/net/bytebuddy/byte-buddy/1.7.10/byte-buddy-1.7.10.jar:/root/./workspace/JoshuaEDeFord/HelloFib/359617575/.m2/net/bytebuddy/byte-buddy-agent/1.7.10/byte-buddy-agent-1.7.10.jar:/root/./workspace/JoshuaEDeFord/HelloFib/359617575/.m2/org/objenesis/objenesis/2.6/objenesis-2.6.jar:/root/./workspace/JoshuaEDeFord/HelloFib/359617575/.m2/org/hamcrest/hamcrest-core/1.3/hamcrest-core-1.3.jar:/root/./workspace/JoshuaEDeFord/HelloFib/359617575/.m2/org/hamcrest/hamcrest-library/1.3/hamcrest-library-1.3.jar:/root/./workspace/JoshuaEDeFord/HelloFib/359617575/.m2/org/skyscreamer/jsonassert/1.5.0/jsonassert-1.5.0.jar:/root/./workspace/JoshuaEDeFord/HelloFib/359617575/.m2/com/vaadin/external/google/android-json/0.0.20131108.vaadin1/android-json-0.0.20131108.vaadin1.jar:/root/./workspace/JoshuaEDeFord/HelloFib/359617575/.m2/org/springframework/spring-core/5.0.4.RELEASE/spring-core-5.0.4.RELEASE.jar:/root/./workspace/JoshuaEDeFord/HelloFib/359617575/.m2/org/springframework/spring-jcl/5.0.4.RELEASE/spring-jcl-5.0.4.RELEASE.jar:/root/./workspace/JoshuaEDeFord/HelloFib/359617575/.m2/org/springframework/spring-test/5.0.4.RELEASE/spring-test-5.0.4.RELEASE.jar:/root/./workspace/JoshuaEDeFord/HelloFib/359617575/.m2/org/xmlunit/xmlunit-core/2.5.1/xmlunit-core-2.5.1.jar:/root/./workspace/JoshuaEDeFord/HelloFib/359617575/.m2/com/h2database/h2/1.4.197/h2-1.4.197.jar:/root/./workspace/JoshuaEDeFord/HelloFib/359617575/.m2/org/projectlombok/lombok/1.16.20/lombok-1.16.20.jar:"/>
    <property name="sun.cpu.endian" value="little"/>
    <property name="user.home" value="/root"/>
    <property name="user.language" value="en"/>
    <property name="java.specification.vendor" value="Oracle Corporation"/>
    <property name="java.home" value="/usr/lib/jvm/java-8-openjdk-amd64/jre"/>
    <property name="basedir" value="/root/workspace/JoshuaEDeFord/HelloFib/359617575"/>
    <property name="file.separator" value="/"/>
    <property name="checkstyle.skip" value="true"/>
    <property name="line.separator" value="&#10;"/>
    <property name="skip.npm" value="true"/>
    <property name="java.vm.specification.vendor" value="Oracle Corporation"/>
    <property name="java.specification.name" value="Java Platform API Specification"/>
    <property name="java.awt.graphicsenv" value="sun.awt.X11GraphicsEnvironment"/>
    <property name="skipITs" value="true"/>
    <property name="surefire.real.class.path" value="/root/workspace/JoshuaEDeFord/HelloFib/359617575/target/surefire/surefirebooter351792784166659674.jar"/>
    <property name="cobertura.skip" value="true"/>
    <property name="sun.boot.class.path" value="/usr/lib/jvm/java-8-openjdk-amd64/jre/lib/resources.jar:/usr/lib/jvm/java-8-openjdk-amd64/jre/lib/rt.jar:/usr/lib/jvm/java-8-openjdk-amd64/jre/lib/sunrsasign.jar:/usr/lib/jvm/java-8-openjdk-amd64/jre/lib/jsse.jar:/usr/lib/jvm/java-8-openjdk-amd64/jre/lib/jce.jar:/usr/lib/jvm/java-8-openjdk-amd64/jre/lib/charsets.jar:/usr/lib/jvm/java-8-openjdk-amd64/jre/lib/jfr.jar:/usr/lib/jvm/java-8-openjdk-amd64/jre/classes"/>
    <property name="sun.management.compiler" value="HotSpot 64-Bit Tiered Compilers"/>
    <property name="java.runtime.version" value="1.8.0_121-8u121-b13-1~bpo8+1-b13"/>
    <property name="user.name" value="root"/>
    <property name="findbugs.skip" value="true"/>
    <property name="path.separator" value=":"/>
    <property name="os.version" value="3.10.0-693.21.1.el7.x86_64"/>
    <property name="java.endorsed.dirs" value="/usr/lib/jvm/java-8-openjdk-amd64/jre/lib/endorsed"/>
    <property name="java.runtime.name" value="OpenJDK Runtime Environment"/>
    <property name="file.encoding" value="UTF-8"/>
    <property name="java.vm.name" value="OpenJDK 64-Bit Server VM"/>
    <property name="localRepository" value="/root/./workspace/JoshuaEDeFord/HelloFib/359617575/.m2"/>
    <property name="java.vendor.url.bug" value="http://bugreport.sun.com/bugreport/"/>
    <property name="java.io.tmpdir" value="/tmp"/>
    <property name="java.version" value="1.8.0_121"/>
    <property name="user.dir" value="/root/workspace/JoshuaEDeFord/HelloFib/359617575"/>
    <property name="os.arch" value="amd64"/>
    <property name="license.skip" value="true"/>
    <property name="java.vm.specification.name" value="Java Virtual Machine Specification"/>
    <property name="java.awt.printerjob" value="sun.print.PSPrinterJob"/>
    <property name="sun.os.patch.level" value="unknown"/>
    <property name="java.library.path" value="/usr/java/packages/lib/amd64:/usr/lib/x86_64-linux-gnu/jni:/lib/x86_64-linux-gnu:/usr/lib/x86_64-linux-gnu:/usr/lib/jni:/lib:/usr/lib"/>
    <property name="java.vm.info" value="mixed mode"/>
    <property name="java.vendor" value="Oracle Corporation"/>
    <property name="java.vm.version" value="25.121-b13"/>
    <property name="java.ext.dirs" value="/usr/lib/jvm/java-8-openjdk-amd64/jre/lib/ext:/usr/java/packages/lib/ext"/>
    <property name="sun.io.unicode.encoding" value="UnicodeLittle"/>
    <property name="maven.repo.local" value="/root/./workspace/JoshuaEDeFord/HelloFib/359617575/.m2"/>
    <property name="enforcer.skip" value="true"/>
    <property name="java.class.version" value="52.0"/>
  </properties>
  <testcase name="contextLoads" classname="com.d4dl.hellofib.HelloWorldTests" time="0.006">
    <error message="Failed to load ApplicationContext" type="java.lang.IllegalStateException">java.lang.IllegalStateException: Failed to load ApplicationContext
Caused by: org.springframework.beans.factory.BeanCreationException: Error creating bean with name 'entityManagerFactory' defined in class path resource [org/springframework/boot/autoconfigure/orm/jpa/HibernateJpaConfiguration.class]: Invocation of init method failed; nested exception is org.hibernate.AnnotationException: No identifier specified for entity: com.d4dl.hellofib.helloworld.HelloWorld
Caused by: org.hibernate.AnnotationException: No identifier specified for entity: com.d4dl.hellofib.helloworld.HelloWorld
</error>
    <system-out><![CDATA[01:23:38.339 [main] DEBUG org.springframework.test.context.junit4.SpringJUnit4ClassRunner - SpringJUnit4ClassRunner constructor called with [class com.d4dl.hellofib.HelloWorldTests]
01:23:38.345 [main] DEBUG org.springframework.test.context.BootstrapUtils - Instantiating CacheAwareContextLoaderDelegate from class [org.springframework.test.context.cache.DefaultCacheAwareContextLoaderDelegate]
01:23:38.352 [main] DEBUG org.springframework.test.context.BootstrapUtils - Instantiating BootstrapContext using constructor [public org.springframework.test.context.support.DefaultBootstrapContext(java.lang.Class,org.springframework.test.context.CacheAwareContextLoaderDelegate)]
01:23:38.369 [main] DEBUG org.springframework.test.context.BootstrapUtils - Instantiating TestContextBootstrapper for test class [com.d4dl.hellofib.HelloWorldTests] from class [org.springframework.boot.test.context.SpringBootTestContextBootstrapper]
01:23:38.381 [main] INFO org.springframework.boot.test.context.SpringBootTestContextBootstrapper - Neither @ContextConfiguration nor @ContextHierarchy found for test class [com.d4dl.hellofib.HelloWorldTests], using SpringBootContextLoader
01:23:38.384 [main] DEBUG org.springframework.test.context.support.AbstractContextLoader - Did not detect default resource location for test class [com.d4dl.hellofib.HelloWorldTests]: class path resource [com/d4dl/hellofib/HelloWorldTests-context.xml] does not exist
01:23:38.385 [main] DEBUG org.springframework.test.context.support.AbstractContextLoader - Did not detect default resource location for test class [com.d4dl.hellofib.HelloWorldTests]: class path resource [com/d4dl/hellofib/HelloWorldTestsContext.groovy] does not exist
01:23:38.385 [main] INFO org.springframework.test.context.support.AbstractContextLoader - Could not detect default resource locations for test class [com.d4dl.hellofib.HelloWorldTests]: no resource found for suffixes {-context.xml, Context.groovy}.
01:23:38.386 [main] INFO org.springframework.test.context.support.AnnotationConfigContextLoaderUtils - Could not detect default configuration classes for test class [com.d4dl.hellofib.HelloWorldTests]: HelloWorldTests does not declare any static, non-private, non-final, nested classes annotated with @Configuration.
01:23:38.426 [main] DEBUG org.springframework.test.context.support.ActiveProfilesUtils - Could not find an 'annotation declaring class' for annotation type [org.springframework.test.context.ActiveProfiles] and class [com.d4dl.hellofib.HelloWorldTests]
01:23:38.434 [main] DEBUG org.springframework.core.env.StandardEnvironment - Adding PropertySource 'systemProperties' with lowest search precedence
01:23:38.434 [main] DEBUG org.springframework.core.env.StandardEnvironment - Adding PropertySource 'systemEnvironment' with lowest search precedence
01:23:38.435 [main] DEBUG org.springframework.core.env.StandardEnvironment - Initialized StandardEnvironment with PropertySources [MapPropertySource@1765250898 {name='systemProperties', properties={java.runtime.name=OpenJDK Runtime Environment, sun.boot.library.path=/usr/lib/jvm/java-8-openjdk-amd64/jre/lib/amd64, java.vm.version=25.121-b13, java.vm.vendor=Oracle Corporation, java.vendor.url=http://java.oracle.com/, skip.gulp=true, path.separator=:, java.vm.name=OpenJDK 64-Bit Server VM, file.encoding.pkg=sun.io, findbugs.skip=true, sun.java.launcher=SUN_STANDARD, sun.os.patch.level=unknown, java.vm.specification.name=Java Virtual Machine Specification, user.dir=/root/workspace/JoshuaEDeFord/HelloFib/359617575, checkstyle.skip=true, java.runtime.version=1.8.0_121-8u121-b13-1~bpo8+1-b13, skip.npm=true, basedir=/root/workspace/JoshuaEDeFord/HelloFib/359617575, java.awt.graphicsenv=sun.awt.X11GraphicsEnvironment, java.endorsed.dirs=/usr/lib/jvm/java-8-openjdk-amd64/jre/lib/endorsed, os.arch=amd64, surefire.real.class.path=/root/workspace/JoshuaEDeFord/HelloFib/359617575/target/surefire/surefirebooter351792784166659674.jar, gpg.skip=true, java.io.tmpdir=/tmp, line.separator=
, cobertura.skip=true, java.vm.specification.vendor=Oracle Corporation, os.name=Linux, sun.jnu.encoding=UTF-8, license.skip=true, java.library.path=/usr/java/packages/lib/amd64:/usr/lib/x86_64-linux-gnu/jni:/lib/x86_64-linux-gnu:/usr/lib/x86_64-linux-gnu:/usr/lib/jni:/lib:/usr/lib, surefire.test.class.path=/root/workspace/JoshuaEDeFord/HelloFib/359617575/target/test-classes:/root/workspace/JoshuaEDeFord/HelloFib/359617575/target/classes:/root/./workspace/JoshuaEDeFord/HelloFib/359617575/.m2/org/springframework/boot/spring-boot-starter-data-jpa/2.0.0.RELEASE/spring-boot-starter-data-jpa-2.0.0.RELEASE.jar:/root/./workspace/JoshuaEDeFord/HelloFib/359617575/.m2/org/springframework/boot/spring-boot-starter/2.0.0.RELEASE/spring-boot-starter-2.0.0.RELEASE.jar:/root/./workspace/JoshuaEDeFord/HelloFib/359617575/.m2/org/springframework/boot/spring-boot/2.0.0.RELEASE/spring-boot-2.0.0.RELEASE.jar:/root/./workspace/JoshuaEDeFord/HelloFib/359617575/.m2/org/springframework/boot/spring-boot-autoconfigure/2.0.0.RELEASE/spring-boot-autoconfigure-2.0.0.RELEASE.jar:/root/./workspace/JoshuaEDeFord/HelloFib/359617575/.m2/org/springframework/boot/spring-boot-starter-logging/2.0.0.RELEASE/spring-boot-starter-logging-2.0.0.RELEASE.jar:/root/./workspace/JoshuaEDeFord/HelloFib/359617575/.m2/ch/qos/logback/logback-classic/1.2.3/logback-classic-1.2.3.jar:/root/./workspace/JoshuaEDeFord/HelloFib/359617575/.m2/ch/qos/logback/logback-core/1.2.3/logback-core-1.2.3.jar:/root/./workspace/JoshuaEDeFord/HelloFib/359617575/.m2/org/apache/logging/log4j/log4j-to-slf4j/2.10.0/log4j-to-slf4j-2.10.0.jar:/root/./workspace/JoshuaEDeFord/HelloFib/359617575/.m2/org/apache/logging/log4j/log4j-api/2.10.0/log4j-api-2.10.0.jar:/root/./workspace/JoshuaEDeFord/HelloFib/359617575/.m2/org/slf4j/jul-to-slf4j/1.7.25/jul-to-slf4j-1.7.25.jar:/root/./workspace/JoshuaEDeFord/HelloFib/359617575/.m2/javax/annotation/javax.annotation-api/1.3.2/javax.annotation-api-1.3.2.jar:/root/./workspace/JoshuaEDeFord/HelloFib/359617575/.m2/org/yaml/snakeyaml/1.19/snakeyaml-1.19.jar:/root/./workspace/JoshuaEDeFord/HelloFib/359617575/.m2/org/springframework/boot/spring-boot-starter-aop/2.0.0.RELEASE/spring-boot-starter-aop-2.0.0.RELEASE.jar:/root/./workspace/JoshuaEDeFord/HelloFib/359617575/.m2/org/springframework/spring-aop/5.0.4.RELEASE/spring-aop-5.0.4.RELEASE.jar:/root/./workspace/JoshuaEDeFord/HelloFib/359617575/.m2/org/aspectj/aspectjweaver/1.8.13/aspectjweaver-1.8.13.jar:/root/./workspace/JoshuaEDeFord/HelloFib/359617575/.m2/org/springframework/boot/spring-boot-starter-jdbc/2.0.0.RELEASE/spring-boot-starter-jdbc-2.0.0.RELEASE.jar:/root/./workspace/JoshuaEDeFord/HelloFib/359617575/.m2/com/zaxxer/HikariCP/2.7.8/HikariCP-2.7.8.jar:/root/./workspace/JoshuaEDeFord/HelloFib/359617575/.m2/org/springframework/spring-jdbc/5.0.4.RELEASE/spring-jdbc-5.0.4.RELEASE.jar:/root/./workspace/JoshuaEDeFord/HelloFib/359617575/.m2/org/hibernate/hibernate-core/5.2.14.Final/hibernate-core-5.2.14.Final.jar:/root/./workspace/JoshuaEDeFord/HelloFib/359617575/.m2/org/jboss/logging/jboss-logging/3.3.2.Final/jboss-logging-3.3.2.Final.jar:/root/./workspace/JoshuaEDeFord/HelloFib/359617575/.m2/org/hibernate/javax/persistence/hibernate-jpa-2.1-api/1.0.0.Final/hibernate-jpa-2.1-api-1.0.0.Final.jar:/root/./workspace/JoshuaEDeFord/HelloFib/359617575/.m2/org/javassist/javassist/3.22.0-GA/javassist-3.22.0-GA.jar:/root/./workspace/JoshuaEDeFord/HelloFib/359617575/.m2/antlr/antlr/2.7.7/antlr-2.7.7.jar:/root/./workspace/JoshuaEDeFord/HelloFib/359617575/.m2/org/jboss/jandex/2.0.3.Final/jandex-2.0.3.Final.jar:/root/./workspace/JoshuaEDeFord/HelloFib/359617575/.m2/com/fasterxml/classmate/1.3.4/classmate-1.3.4.jar:/root/./workspace/JoshuaEDeFord/HelloFib/359617575/.m2/dom4j/dom4j/1.6.1/dom4j-1.6.1.jar:/root/./workspace/JoshuaEDeFord/HelloFib/359617575/.m2/org/hibernate/common/hibernate-commons-annotations/5.0.1.Final/hibernate-commons-annotations-5.0.1.Final.jar:/root/./workspace/JoshuaEDeFord/HelloFib/359617575/.m2/javax/transaction/javax.transaction-api/1.2/javax.transaction-api-1.2.jar:/root/./workspace/JoshuaEDeFord/HelloFib/359617575/.m2/org/springframework/data/spring-data-jpa/2.0.5.RELEASE/spring-data-jpa-2.0.5.RELEASE.jar:/root/./workspace/JoshuaEDeFord/HelloFib/359617575/.m2/org/springframework/data/spring-data-commons/2.0.5.RELEASE/spring-data-commons-2.0.5.RELEASE.jar:/root/./workspace/JoshuaEDeFord/HelloFib/359617575/.m2/org/springframework/spring-orm/5.0.4.RELEASE/spring-orm-5.0.4.RELEASE.jar:/root/./workspace/JoshuaEDeFord/HelloFib/359617575/.m2/org/springframework/spring-context/5.0.4.RELEASE/spring-context-5.0.4.RELEASE.jar:/root/./workspace/JoshuaEDeFord/HelloFib/359617575/.m2/org/springframework/spring-expression/5.0.4.RELEASE/spring-expression-5.0.4.RELEASE.jar:/root/./workspace/JoshuaEDeFord/HelloFib/359617575/.m2/org/springframework/spring-tx/5.0.4.RELEASE/spring-tx-5.0.4.RELEASE.jar:/root/./workspace/JoshuaEDeFord/HelloFib/359617575/.m2/org/springframework/spring-beans/5.0.4.RELEASE/spring-beans-5.0.4.RELEASE.jar:/root/./workspace/JoshuaEDeFord/HelloFib/359617575/.m2/org/slf4j/slf4j-api/1.7.25/slf4j-api-1.7.25.jar:/root/./workspace/JoshuaEDeFord/HelloFib/359617575/.m2/org/springframework/spring-aspects/5.0.4.RELEASE/spring-aspects-5.0.4.RELEASE.jar:/root/./workspace/JoshuaEDeFord/HelloFib/359617575/.m2/org/springframework/boot/spring-boot-starter-data-rest/2.0.0.RELEASE/spring-boot-starter-data-rest-2.0.0.RELEASE.jar:/root/./workspace/JoshuaEDeFord/HelloFib/359617575/.m2/org/springframework/boot/spring-boot-starter-json/2.0.0.RELEASE/spring-boot-starter-json-2.0.0.RELEASE.jar:/root/./workspace/JoshuaEDeFord/HelloFib/359617575/.m2/org/springframework/spring-web/5.0.4.RELEASE/spring-web-5.0.4.RELEASE.jar:/root/./workspace/JoshuaEDeFord/HelloFib/359617575/.m2/com/fasterxml/jackson/core/jackson-databind/2.9.4/jackson-databind-2.9.4.jar:/root/./workspace/JoshuaEDeFord/HelloFib/359617575/.m2/com/fasterxml/jackson/core/jackson-core/2.9.4/jackson-core-2.9.4.jar:/root/./workspace/JoshuaEDeFord/HelloFib/359617575/.m2/com/fasterxml/jackson/datatype/jackson-datatype-jdk8/2.9.4/jackson-datatype-jdk8-2.9.4.jar:/root/./workspace/JoshuaEDeFord/HelloFib/359617575/.m2/com/fasterxml/jackson/datatype/jackson-datatype-jsr310/2.9.4/jackson-datatype-jsr310-2.9.4.jar:/root/./workspace/JoshuaEDeFord/HelloFib/359617575/.m2/com/fasterxml/jackson/module/jackson-module-parameter-names/2.9.4/jackson-module-parameter-names-2.9.4.jar:/root/./workspace/JoshuaEDeFord/HelloFib/359617575/.m2/org/springframework/boot/spring-boot-starter-web/2.0.0.RELEASE/spring-boot-starter-web-2.0.0.RELEASE.jar:/root/./workspace/JoshuaEDeFord/HelloFib/359617575/.m2/org/springframework/boot/spring-boot-starter-tomcat/2.0.0.RELEASE/spring-boot-starter-tomcat-2.0.0.RELEASE.jar:/root/./workspace/JoshuaEDeFord/HelloFib/359617575/.m2/org/apache/tomcat/embed/tomcat-embed-core/8.5.28/tomcat-embed-core-8.5.28.jar:/root/./workspace/JoshuaEDeFord/HelloFib/359617575/.m2/org/apache/tomcat/embed/tomcat-embed-el/8.5.28/tomcat-embed-el-8.5.28.jar:/root/./workspace/JoshuaEDeFord/HelloFib/359617575/.m2/org/apache/tomcat/embed/tomcat-embed-websocket/8.5.28/tomcat-embed-websocket-8.5.28.jar:/root/./workspace/JoshuaEDeFord/HelloFib/359617575/.m2/org/hibernate/validator/hibernate-validator/6.0.7.Final/hibernate-validator-6.0.7.Final.jar:/root/./workspace/JoshuaEDeFord/HelloFib/359617575/.m2/javax/validation/validation-api/2.0.1.Final/validation-api-2.0.1.Final.jar:/root/./workspace/JoshuaEDeFord/HelloFib/359617575/.m2/org/springframework/spring-webmvc/5.0.4.RELEASE/spring-webmvc-5.0.4.RELEASE.jar:/root/./workspace/JoshuaEDeFord/HelloFib/359617575/.m2/org/springframework/data/spring-data-rest-webmvc/3.0.5.RELEASE/spring-data-rest-webmvc-3.0.5.RELEASE.jar:/root/./workspace/JoshuaEDeFord/HelloFib/359617575/.m2/org/springframework/data/spring-data-rest-core/3.0.5.RELEASE/spring-data-rest-core-3.0.5.RELEASE.jar:/root/./workspace/JoshuaEDeFord/HelloFib/359617575/.m2/org/springframework/hateoas/spring-hateoas/0.24.0.RELEASE/spring-hateoas-0.24.0.RELEASE.jar:/root/./workspace/JoshuaEDeFord/HelloFib/359617575/.m2/org/springframework/plugin/spring-plugin-core/1.2.0.RELEASE/spring-plugin-core-1.2.0.RELEASE.jar:/root/./workspace/JoshuaEDeFord/HelloFib/359617575/.m2/org/atteo/evo-inflector/1.2.2/evo-inflector-1.2.2.jar:/root/./workspace/JoshuaEDeFord/HelloFib/359617575/.m2/com/fasterxml/jackson/core/jackson-annotations/2.9.0/jackson-annotations-2.9.0.jar:/root/./workspace/JoshuaEDeFord/HelloFib/359617575/.m2/org/springframework/boot/spring-boot-starter-test/2.0.0.RELEASE/spring-boot-starter-test-2.0.0.RELEASE.jar:/root/./workspace/JoshuaEDeFord/HelloFib/359617575/.m2/org/springframework/boot/spring-boot-test/2.0.0.RELEASE/spring-boot-test-2.0.0.RELEASE.jar:/root/./workspace/JoshuaEDeFord/HelloFib/359617575/.m2/org/springframework/boot/spring-boot-test-autoconfigure/2.0.0.RELEASE/spring-boot-test-autoconfigure-2.0.0.RELEASE.jar:/root/./workspace/JoshuaEDeFord/HelloFib/359617575/.m2/com/jayway/jsonpath/json-path/2.4.0/json-path-2.4.0.jar:/root/./workspace/JoshuaEDeFord/HelloFib/359617575/.m2/net/minidev/json-smart/2.3/json-smart-2.3.jar:/root/./workspace/JoshuaEDeFord/HelloFib/359617575/.m2/net/minidev/accessors-smart/1.2/accessors-smart-1.2.jar:/root/./workspace/JoshuaEDeFord/HelloFib/359617575/.m2/org/ow2/asm/asm/5.0.4/asm-5.0.4.jar:/root/./workspace/JoshuaEDeFord/HelloFib/359617575/.m2/junit/junit/4.12/junit-4.12.jar:/root/./workspace/JoshuaEDeFord/HelloFib/359617575/.m2/org/assertj/assertj-core/3.9.1/assertj-core-3.9.1.jar:/root/./workspace/JoshuaEDeFord/HelloFib/359617575/.m2/org/mockito/mockito-core/2.15.0/mockito-core-2.15.0.jar:/root/./workspace/JoshuaEDeFord/HelloFib/359617575/.m2/net/bytebuddy/byte-buddy/1.7.10/byte-buddy-1.7.10.jar:/root/./workspace/JoshuaEDeFord/HelloFib/359617575/.m2/net/bytebuddy/byte-buddy-agent/1.7.10/byte-buddy-agent-1.7.10.jar:/root/./workspace/JoshuaEDeFord/HelloFib/359617575/.m2/org/objenesis/objenesis/2.6/objenesis-2.6.jar:/root/./workspace/JoshuaEDeFord/HelloFib/359617575/.m2/org/hamcrest/hamcrest-core/1.3/hamcrest-core-1.3.jar:/root/./workspace/JoshuaEDeFord/HelloFib/359617575/.m2/org/hamcrest/hamcrest-library/1.3/hamcrest-library-1.3.jar:/root/./workspace/JoshuaEDeFord/HelloFib/359617575/.m2/org/skyscreamer/jsonassert/1.5.0/jsonassert-1.5.0.jar:/root/./workspace/JoshuaEDeFord/HelloFib/359617575/.m2/com/vaadin/external/google/android-json/0.0.20131108.vaadin1/android-json-0.0.20131108.vaadin1.jar:/root/./workspace/JoshuaEDeFord/HelloFib/359617575/.m2/org/springframework/spring-core/5.0.4.RELEASE/spring-core-5.0.4.RELEASE.jar:/root/./workspace/JoshuaEDeFord/HelloFib/359617575/.m2/org/springframework/spring-jcl/5.0.4.RELEASE/spring-jcl-5.0.4.RELEASE.jar:/root/./workspace/JoshuaEDeFord/HelloFib/359617575/.m2/org/springframework/spring-test/5.0.4.RELEASE/spring-test-5.0.4.RELEASE.jar:/root/./workspace/JoshuaEDeFord/HelloFib/359617575/.m2/org/xmlunit/xmlunit-core/2.5.1/xmlunit-core-2.5.1.jar:/root/./workspace/JoshuaEDeFord/HelloFib/359617575/.m2/com/h2database/h2/1.4.197/h2-1.4.197.jar:/root/./workspace/JoshuaEDeFord/HelloFib/359617575/.m2/org/projectlombok/lombok/1.16.20/lombok-1.16.20.jar:, java.specification.name=Java Platform API Specification, java.class.version=52.0, skip.bower=true, sun.management.compiler=HotSpot 64-Bit Tiered Compilers, maven.repo.local=/root/./workspace/JoshuaEDeFord/HelloFib/359617575/.m2, os.version=3.10.0-693.21.1.el7.x86_64, user.home=/root, user.timezone=Europe/Paris, java.awt.printerjob=sun.print.PSPrinterJob, file.encoding=UTF-8, java.specification.version=1.8, java.class.path=/root/workspace/JoshuaEDeFord/HelloFib/359617575/target/test-classes:/root/workspace/JoshuaEDeFord/HelloFib/359617575/target/classes:/root/./workspace/JoshuaEDeFord/HelloFib/359617575/.m2/org/springframework/boot/spring-boot-starter-data-jpa/2.0.0.RELEASE/spring-boot-starter-data-jpa-2.0.0.RELEASE.jar:/root/./workspace/JoshuaEDeFord/HelloFib/359617575/.m2/org/springframework/boot/spring-boot-starter/2.0.0.RELEASE/spring-boot-starter-2.0.0.RELEASE.jar:/root/./workspace/JoshuaEDeFord/HelloFib/359617575/.m2/org/springframework/boot/spring-boot/2.0.0.RELEASE/spring-boot-2.0.0.RELEASE.jar:/root/./workspace/JoshuaEDeFord/HelloFib/359617575/.m2/org/springframework/boot/spring-boot-autoconfigure/2.0.0.RELEASE/spring-boot-autoconfigure-2.0.0.RELEASE.jar:/root/./workspace/JoshuaEDeFord/HelloFib/359617575/.m2/org/springframework/boot/spring-boot-starter-logging/2.0.0.RELEASE/spring-boot-starter-logging-2.0.0.RELEASE.jar:/root/./workspace/JoshuaEDeFord/HelloFib/359617575/.m2/ch/qos/logback/logback-classic/1.2.3/logback-classic-1.2.3.jar:/root/./workspace/JoshuaEDeFord/HelloFib/359617575/.m2/ch/qos/logback/logback-core/1.2.3/logback-core-1.2.3.jar:/root/./workspace/JoshuaEDeFord/HelloFib/359617575/.m2/org/apache/logging/log4j/log4j-to-slf4j/2.10.0/log4j-to-slf4j-2.10.0.jar:/root/./workspace/JoshuaEDeFord/HelloFib/359617575/.m2/org/apache/logging/log4j/log4j-api/2.10.0/log4j-api-2.10.0.jar:/root/./workspace/JoshuaEDeFord/HelloFib/359617575/.m2/org/slf4j/jul-to-slf4j/1.7.25/jul-to-slf4j-1.7.25.jar:/root/./workspace/JoshuaEDeFord/HelloFib/359617575/.m2/javax/annotation/javax.annotation-api/1.3.2/javax.annotation-api-1.3.2.jar:/root/./workspace/JoshuaEDeFord/HelloFib/359617575/.m2/org/yaml/snakeyaml/1.19/snakeyaml-1.19.jar:/root/./workspace/JoshuaEDeFord/HelloFib/359617575/.m2/org/springframework/boot/spring-boot-starter-aop/2.0.0.RELEASE/spring-boot-starter-aop-2.0.0.RELEASE.jar:/root/./workspace/JoshuaEDeFord/HelloFib/359617575/.m2/org/springframework/spring-aop/5.0.4.RELEASE/spring-aop-5.0.4.RELEASE.jar:/root/./workspace/JoshuaEDeFord/HelloFib/359617575/.m2/org/aspectj/aspectjweaver/1.8.13/aspectjweaver-1.8.13.jar:/root/./workspace/JoshuaEDeFord/HelloFib/359617575/.m2/org/springframework/boot/spring-boot-starter-jdbc/2.0.0.RELEASE/spring-boot-starter-jdbc-2.0.0.RELEASE.jar:/root/./workspace/JoshuaEDeFord/HelloFib/359617575/.m2/com/zaxxer/HikariCP/2.7.8/HikariCP-2.7.8.jar:/root/./workspace/JoshuaEDeFord/HelloFib/359617575/.m2/org/springframework/spring-jdbc/5.0.4.RELEASE/spring-jdbc-5.0.4.RELEASE.jar:/root/./workspace/JoshuaEDeFord/HelloFib/359617575/.m2/org/hibernate/hibernate-core/5.2.14.Final/hibernate-core-5.2.14.Final.jar:/root/./workspace/JoshuaEDeFord/HelloFib/359617575/.m2/org/jboss/logging/jboss-logging/3.3.2.Final/jboss-logging-3.3.2.Final.jar:/root/./workspace/JoshuaEDeFord/HelloFib/359617575/.m2/org/hibernate/javax/persistence/hibernate-jpa-2.1-api/1.0.0.Final/hibernate-jpa-2.1-api-1.0.0.Final.jar:/root/./workspace/JoshuaEDeFord/HelloFib/359617575/.m2/org/javassist/javassist/3.22.0-GA/javassist-3.22.0-GA.jar:/root/./workspace/JoshuaEDeFord/HelloFib/359617575/.m2/antlr/antlr/2.7.7/antlr-2.7.7.jar:/root/./workspace/JoshuaEDeFord/HelloFib/359617575/.m2/org/jboss/jandex/2.0.3.Final/jandex-2.0.3.Final.jar:/root/./workspace/JoshuaEDeFord/HelloFib/359617575/.m2/com/fasterxml/classmate/1.3.4/classmate-1.3.4.jar:/root/./workspace/JoshuaEDeFord/HelloFib/359617575/.m2/dom4j/dom4j/1.6.1/dom4j-1.6.1.jar:/root/./workspace/JoshuaEDeFord/HelloFib/359617575/.m2/org/hibernate/common/hibernate-commons-annotations/5.0.1.Final/hibernate-commons-annotations-5.0.1.Final.jar:/root/./workspace/JoshuaEDeFord/HelloFib/359617575/.m2/javax/transaction/javax.transaction-api/1.2/javax.transaction-api-1.2.jar:/root/./workspace/JoshuaEDeFord/HelloFib/359617575/.m2/org/springframework/data/spring-data-jpa/2.0.5.RELEASE/spring-data-jpa-2.0.5.RELEASE.jar:/root/./workspace/JoshuaEDeFord/HelloFib/359617575/.m2/org/springframework/data/spring-data-commons/2.0.5.RELEASE/spring-data-commons-2.0.5.RELEASE.jar:/root/./workspace/JoshuaEDeFord/HelloFib/359617575/.m2/org/springframework/spring-orm/5.0.4.RELEASE/spring-orm-5.0.4.RELEASE.jar:/root/./workspace/JoshuaEDeFord/HelloFib/359617575/.m2/org/springframework/spring-context/5.0.4.RELEASE/spring-context-5.0.4.RELEASE.jar:/root/./workspace/JoshuaEDeFord/HelloFib/359617575/.m2/org/springframework/spring-expression/5.0.4.RELEASE/spring-expression-5.0.4.RELEASE.jar:/root/./workspace/JoshuaEDeFord/HelloFib/359617575/.m2/org/springframework/spring-tx/5.0.4.RELEASE/spring-tx-5.0.4.RELEASE.jar:/root/./workspace/JoshuaEDeFord/HelloFib/359617575/.m2/org/springframework/spring-beans/5.0.4.RELEASE/spring-beans-5.0.4.RELEASE.jar:/root/./workspace/JoshuaEDeFord/HelloFib/359617575/.m2/org/slf4j/slf4j-api/1.7.25/slf4j-api-1.7.25.jar:/root/./workspace/JoshuaEDeFord/HelloFib/359617575/.m2/org/springframework/spring-aspects/5.0.4.RELEASE/spring-aspects-5.0.4.RELEASE.jar:/root/./workspace/JoshuaEDeFord/HelloFib/359617575/.m2/org/springframework/boot/spring-boot-starter-data-rest/2.0.0.RELEASE/spring-boot-starter-data-rest-2.0.0.RELEASE.jar:/root/./workspace/JoshuaEDeFord/HelloFib/359617575/.m2/org/springframework/boot/spring-boot-starter-json/2.0.0.RELEASE/spring-boot-starter-json-2.0.0.RELEASE.jar:/root/./workspace/JoshuaEDeFord/HelloFib/359617575/.m2/org/springframework/spring-web/5.0.4.RELEASE/spring-web-5.0.4.RELEASE.jar:/root/./workspace/JoshuaEDeFord/HelloFib/359617575/.m2/com/fasterxml/jackson/core/jackson-databind/2.9.4/jackson-databind-2.9.4.jar:/root/./workspace/JoshuaEDeFord/HelloFib/359617575/.m2/com/fasterxml/jackson/core/jackson-core/2.9.4/jackson-core-2.9.4.jar:/root/./workspace/JoshuaEDeFord/HelloFib/359617575/.m2/com/fasterxml/jackson/datatype/jackson-datatype-jdk8/2.9.4/jackson-datatype-jdk8-2.9.4.jar:/root/./workspace/JoshuaEDeFord/HelloFib/359617575/.m2/com/fasterxml/jackson/datatype/jackson-datatype-jsr310/2.9.4/jackson-datatype-jsr310-2.9.4.jar:/root/./workspace/JoshuaEDeFord/HelloFib/359617575/.m2/com/fasterxml/jackson/module/jackson-module-parameter-names/2.9.4/jackson-module-parameter-names-2.9.4.jar:/root/./workspace/JoshuaEDeFord/HelloFib/359617575/.m2/org/springframework/boot/spring-boot-starter-web/2.0.0.RELEASE/spring-boot-starter-web-2.0.0.RELEASE.jar:/root/./workspace/JoshuaEDeFord/HelloFib/359617575/.m2/org/springframework/boot/spring-boot-starter-tomcat/2.0.0.RELEASE/spring-boot-starter-tomcat-2.0.0.RELEASE.jar:/root/./workspace/JoshuaEDeFord/HelloFib/359617575/.m2/org/apache/tomcat/embed/tomcat-embed-core/8.5.28/tomcat-embed-core-8.5.28.jar:/root/./workspace/JoshuaEDeFord/HelloFib/359617575/.m2/org/apache/tomcat/embed/tomcat-embed-el/8.5.28/tomcat-embed-el-8.5.28.jar:/root/./workspace/JoshuaEDeFord/HelloFib/359617575/.m2/org/apache/tomcat/embed/tomcat-embed-websocket/8.5.28/tomcat-embed-websocket-8.5.28.jar:/root/./workspace/JoshuaEDeFord/HelloFib/359617575/.m2/org/hibernate/validator/hibernate-validator/6.0.7.Final/hibernate-validator-6.0.7.Final.jar:/root/./workspace/JoshuaEDeFord/HelloFib/359617575/.m2/javax/validation/validation-api/2.0.1.Final/validation-api-2.0.1.Final.jar:/root/./workspace/JoshuaEDeFord/HelloFib/359617575/.m2/org/springframework/spring-webmvc/5.0.4.RELEASE/spring-webmvc-5.0.4.RELEASE.jar:/root/./workspace/JoshuaEDeFord/HelloFib/359617575/.m2/org/springframework/data/spring-data-rest-webmvc/3.0.5.RELEASE/spring-data-rest-webmvc-3.0.5.RELEASE.jar:/root/./workspace/JoshuaEDeFord/HelloFib/359617575/.m2/org/springframework/data/spring-data-rest-core/3.0.5.RELEASE/spring-data-rest-core-3.0.5.RELEASE.jar:/root/./workspace/JoshuaEDeFord/HelloFib/359617575/.m2/org/springframework/hateoas/spring-hateoas/0.24.0.RELEASE/spring-hateoas-0.24.0.RELEASE.jar:/root/./workspace/JoshuaEDeFord/HelloFib/359617575/.m2/org/springframework/plugin/spring-plugin-core/1.2.0.RELEASE/spring-plugin-core-1.2.0.RELEASE.jar:/root/./workspace/JoshuaEDeFord/HelloFib/359617575/.m2/org/atteo/evo-inflector/1.2.2/evo-inflector-1.2.2.jar:/root/./workspace/JoshuaEDeFord/HelloFib/359617575/.m2/com/fasterxml/jackson/core/jackson-annotations/2.9.0/jackson-annotations-2.9.0.jar:/root/./workspace/JoshuaEDeFord/HelloFib/359617575/.m2/org/springframework/boot/spring-boot-starter-test/2.0.0.RELEASE/spring-boot-starter-test-2.0.0.RELEASE.jar:/root/./workspace/JoshuaEDeFord/HelloFib/359617575/.m2/org/springframework/boot/spring-boot-test/2.0.0.RELEASE/spring-boot-test-2.0.0.RELEASE.jar:/root/./workspace/JoshuaEDeFord/HelloFib/359617575/.m2/org/springframework/boot/spring-boot-test-autoconfigure/2.0.0.RELEASE/spring-boot-test-autoconfigure-2.0.0.RELEASE.jar:/root/./workspace/JoshuaEDeFord/HelloFib/359617575/.m2/com/jayway/jsonpath/json-path/2.4.0/json-path-2.4.0.jar:/root/./workspace/JoshuaEDeFord/HelloFib/359617575/.m2/net/minidev/json-smart/2.3/json-smart-2.3.jar:/root/./workspace/JoshuaEDeFord/HelloFib/359617575/.m2/net/minidev/accessors-smart/1.2/accessors-smart-1.2.jar:/root/./workspace/JoshuaEDeFord/HelloFib/359617575/.m2/org/ow2/asm/asm/5.0.4/asm-5.0.4.jar:/root/./workspace/JoshuaEDeFord/HelloFib/359617575/.m2/junit/junit/4.12/junit-4.12.jar:/root/./workspace/JoshuaEDeFord/HelloFib/359617575/.m2/org/assertj/assertj-core/3.9.1/assertj-core-3.9.1.jar:/root/./workspace/JoshuaEDeFord/HelloFib/359617575/.m2/org/mockito/mockito-core/2.15.0/mockito-core-2.15.0.jar:/root/./workspace/JoshuaEDeFord/HelloFib/359617575/.m2/net/bytebuddy/byte-buddy/1.7.10/byte-buddy-1.7.10.jar:/root/./workspace/JoshuaEDeFord/HelloFib/359617575/.m2/net/bytebuddy/byte-buddy-agent/1.7.10/byte-buddy-agent-1.7.10.jar:/root/./workspace/JoshuaEDeFord/HelloFib/359617575/.m2/org/objenesis/objenesis/2.6/objenesis-2.6.jar:/root/./workspace/JoshuaEDeFord/HelloFib/359617575/.m2/org/hamcrest/hamcrest-core/1.3/hamcrest-core-1.3.jar:/root/./workspace/JoshuaEDeFord/HelloFib/359617575/.m2/org/hamcrest/hamcrest-library/1.3/hamcrest-library-1.3.jar:/root/./workspace/JoshuaEDeFord/HelloFib/359617575/.m2/org/skyscreamer/jsonassert/1.5.0/jsonassert-1.5.0.jar:/root/./workspace/JoshuaEDeFord/HelloFib/359617575/.m2/com/vaadin/external/google/android-json/0.0.20131108.vaadin1/android-json-0.0.20131108.vaadin1.jar:/root/./workspace/JoshuaEDeFord/HelloFib/359617575/.m2/org/springframework/spring-core/5.0.4.RELEASE/spring-core-5.0.4.RELEASE.jar:/root/./workspace/JoshuaEDeFord/HelloFib/359617575/.m2/org/springframework/spring-jcl/5.0.4.RELEASE/spring-jcl-5.0.4.RELEASE.jar:/root/./workspace/JoshuaEDeFord/HelloFib/359617575/.m2/org/springframework/spring-test/5.0.4.RELEASE/spring-test-5.0.4.RELEASE.jar:/root/./workspace/JoshuaEDeFord/HelloFib/359617575/.m2/org/xmlunit/xmlunit-core/2.5.1/xmlunit-core-2.5.1.jar:/root/./workspace/JoshuaEDeFord/HelloFib/359617575/.m2/com/h2database/h2/1.4.197/h2-1.4.197.jar:/root/./workspace/JoshuaEDeFord/HelloFib/359617575/.m2/org/projectlombok/lombok/1.16.20/lombok-1.16.20.jar:, user.name=root, skipITs=true, java.vm.specification.version=1.8, sun.java.command=/root/workspace/JoshuaEDeFord/HelloFib/359617575/target/surefire/surefirebooter351792784166659674.jar /root/workspace/JoshuaEDeFord/HelloFib/359617575/target/surefire 2018-03-29T01-23-37_022-jvmRun1 surefire7169799519738131638tmp surefire_03191011337486418638tmp, java.home=/usr/lib/jvm/java-8-openjdk-amd64/jre, sun.arch.data.model=64, user.language=en, java.specification.vendor=Oracle Corporation, awt.toolkit=sun.awt.X11.XToolkit, java.vm.info=mixed mode, java.version=1.8.0_121, java.ext.dirs=/usr/lib/jvm/java-8-openjdk-amd64/jre/lib/ext:/usr/java/packages/lib/ext, sun.boot.class.path=/usr/lib/jvm/java-8-openjdk-amd64/jre/lib/resources.jar:/usr/lib/jvm/java-8-openjdk-amd64/jre/lib/rt.jar:/usr/lib/jvm/java-8-openjdk-amd64/jre/lib/sunrsasign.jar:/usr/lib/jvm/java-8-openjdk-amd64/jre/lib/jsse.jar:/usr/lib/jvm/java-8-openjdk-amd64/jre/lib/jce.jar:/usr/lib/jvm/java-8-openjdk-amd64/jre/lib/charsets.jar:/usr/lib/jvm/java-8-openjdk-amd64/jre/lib/jfr.jar:/usr/lib/jvm/java-8-openjdk-amd64/jre/classes, rat.skip=true, enforcer.skip=true, java.vendor=Oracle Corporation, localRepository=/root/./workspace/JoshuaEDeFord/HelloFib/359617575/.m2, file.separator=/, java.vendor.url.bug=http://bugreport.sun.com/bugreport/, sun.io.unicode.encoding=UnicodeLittle, sun.cpu.endian=little, sun.cpu.isalist=}}, SystemEnvironmentPropertySource@670971910 {name='systemEnvironment', properties={PATH=/usr/local/sbin:/usr/local/bin:/usr/sbin:/usr/bin:/sbin:/bin, JAVA_HOME=/usr/lib/jvm/java-8-openjdk-amd64, NOTIFY_TO=, CA_CERTIFICATES_JAVA_VERSION=20161107~bpo8+1, MONGODB_HOST=, BUILD_ID=, LANG=C.UTF-8, GITHUB_LOGIN=, MAVEN_HOME=/usr/share/maven, SMTP_SERVER=, MONGODB_NAME=, REPAIR_MODE=, PWD=/root/workspace/JoshuaEDeFord/HelloFib/359617575, GOOGLE_ACCESS_TOKEN=, JAVA_VERSION=8u121, GITHUB_OAUTH=, MAVEN_CMD_LINE_ARGS=/root/.m2 -D enforcer.skip=true -D skipITs=true -D cobertura.skip=true -D maven.repo.local=/root/./workspace/JoshuaEDeFord/HelloFib/359617575/.m2 -D rat.skip=true -D findbugs.skip=true -D skip.bower=true -D gpg.skip=true -D checkstyle.skip=true -D skip.gulp=true -D license.skip=true -D skip.npm=true test, _=/usr/bin/java, SPREADSHEET_ID=, OUTPUT=, MAVEN_TERMINATE_CMD=on, MAVEN_CONFIG=/root/.m2, MAVEN_PROJECTBASEDIR=/root/workspace/JoshuaEDeFord/HelloFib/359617575, OLDPWD=/root/workspace/JoshuaEDeFord/HelloFib/359617575, LOG_FILENAME=repairnator-pipeline_2018-03-29_0122_359617575, RUN_ID=, HOSTNAME=spirals-vortex.lille.inria.fr, JAVA_DEBIAN_VERSION=8u121-b13-1~bpo8+1, M2_HOME=/usr/share/maven, HOME=/root, SHLVL=1, PUSH_URL=}}]
01:23:38.450 [main] DEBUG org.springframework.core.io.support.PathMatchingResourcePatternResolver - Resolved classpath location [com/d4dl/hellofib/] to resources [URL [file:/root/workspace/JoshuaEDeFord/HelloFib/359617575/target/test-classes/com/d4dl/hellofib/], URL [file:/root/workspace/JoshuaEDeFord/HelloFib/359617575/target/classes/com/d4dl/hellofib/]]
01:23:38.450 [main] DEBUG org.springframework.core.io.support.PathMatchingResourcePatternResolver - Looking for matching resources in directory tree [/root/workspace/JoshuaEDeFord/HelloFib/359617575/target/test-classes/com/d4dl/hellofib]
01:23:38.451 [main] DEBUG org.springframework.core.io.support.PathMatchingResourcePatternResolver - Searching directory [/root/workspace/JoshuaEDeFord/HelloFib/359617575/target/test-classes/com/d4dl/hellofib] for files matching pattern [/root/workspace/JoshuaEDeFord/HelloFib/359617575/target/test-classes/com/d4dl/hellofib/*.class]
01:23:38.453 [main] DEBUG org.springframework.core.io.support.PathMatchingResourcePatternResolver - Looking for matching resources in directory tree [/root/workspace/JoshuaEDeFord/HelloFib/359617575/target/classes/com/d4dl/hellofib]
01:23:38.454 [main] DEBUG org.springframework.core.io.support.PathMatchingResourcePatternResolver - Searching directory [/root/workspace/JoshuaEDeFord/HelloFib/359617575/target/classes/com/d4dl/hellofib] for files matching pattern [/root/workspace/JoshuaEDeFord/HelloFib/359617575/target/classes/com/d4dl/hellofib/*.class]
01:23:38.454 [main] DEBUG org.springframework.core.io.support.PathMatchingResourcePatternResolver - Resolved location pattern [classpath*:com/d4dl/hellofib/*.class] to resources [file [/root/workspace/JoshuaEDeFord/HelloFib/359617575/target/test-classes/com/d4dl/hellofib/HelloWorldTests.class], file [/root/workspace/JoshuaEDeFord/HelloFib/359617575/target/classes/com/d4dl/hellofib/Application.class]]
01:23:38.515 [main] DEBUG org.springframework.context.annotation.ClassPathScanningCandidateComponentProvider - Identified candidate component class: file [/root/workspace/JoshuaEDeFord/HelloFib/359617575/target/classes/com/d4dl/hellofib/Application.class]
01:23:38.516 [main] INFO org.springframework.boot.test.context.SpringBootTestContextBootstrapper - Found @SpringBootConfiguration com.d4dl.hellofib.Application for test class com.d4dl.hellofib.HelloWorldTests
01:23:38.641 [main] DEBUG org.springframework.boot.test.context.SpringBootTestContextBootstrapper - @TestExecutionListeners is not present for class [com.d4dl.hellofib.HelloWorldTests]: using defaults.
01:23:38.642 [main] INFO org.springframework.boot.test.context.SpringBootTestContextBootstrapper - Loaded default TestExecutionListener class names from location [META-INF/spring.factories]: [org.springframework.boot.test.mock.mockito.MockitoTestExecutionListener, org.springframework.boot.test.mock.mockito.ResetMocksTestExecutionListener, org.springframework.boot.test.autoconfigure.restdocs.RestDocsTestExecutionListener, org.springframework.boot.test.autoconfigure.web.client.MockRestServiceServerResetTestExecutionListener, org.springframework.boot.test.autoconfigure.web.servlet.MockMvcPrintOnlyOnFailureTestExecutionListener, org.springframework.boot.test.autoconfigure.web.servlet.WebDriverTestExecutionListener, org.springframework.test.context.web.ServletTestExecutionListener, org.springframework.test.context.support.DirtiesContextBeforeModesTestExecutionListener, org.springframework.test.context.support.DependencyInjectionTestExecutionListener, org.springframework.test.context.support.DirtiesContextTestExecutionListener, org.springframework.test.context.transaction.TransactionalTestExecutionListener, org.springframework.test.context.jdbc.SqlScriptsTestExecutionListener]
01:23:38.661 [main] INFO org.springframework.boot.test.context.SpringBootTestContextBootstrapper - Using TestExecutionListeners: [org.springframework.test.context.web.ServletTestExecutionListener@36ebc363, org.springframework.test.context.support.DirtiesContextBeforeModesTestExecutionListener@45752059, org.springframework.boot.test.mock.mockito.MockitoTestExecutionListener@34e9fd99, org.springframework.boot.test.autoconfigure.SpringBootDependencyInjectionTestExecutionListener@3c41ed1d, org.springframework.test.context.support.DirtiesContextTestExecutionListener@54d9d12d, org.springframework.test.context.transaction.TransactionalTestExecutionListener@38425407, org.springframework.test.context.jdbc.SqlScriptsTestExecutionListener@43bc63a3, org.springframework.boot.test.mock.mockito.ResetMocksTestExecutionListener@702657cc, org.springframework.boot.test.autoconfigure.restdocs.RestDocsTestExecutionListener@6a6cb05c, org.springframework.boot.test.autoconfigure.web.client.MockRestServiceServerResetTestExecutionListener@40a4337a, org.springframework.boot.test.autoconfigure.web.servlet.MockMvcPrintOnlyOnFailureTestExecutionListener@6025e1b6, org.springframework.boot.test.autoconfigure.web.servlet.WebDriverTestExecutionListener@22ff4249]
01:23:38.663 [main] DEBUG org.springframework.test.annotation.ProfileValueUtils - Retrieved @ProfileValueSourceConfiguration [null] for test class [com.d4dl.hellofib.HelloWorldTests]
01:23:38.663 [main] DEBUG org.springframework.test.annotation.ProfileValueUtils - Retrieved ProfileValueSource type [class org.springframework.test.annotation.SystemProfileValueSource] for class [com.d4dl.hellofib.HelloWorldTests]
01:23:38.664 [main] DEBUG org.springframework.test.annotation.ProfileValueUtils - Retrieved @ProfileValueSourceConfiguration [null] for test class [com.d4dl.hellofib.HelloWorldTests]
01:23:38.664 [main] DEBUG org.springframework.test.annotation.ProfileValueUtils - Retrieved ProfileValueSource type [class org.springframework.test.annotation.SystemProfileValueSource] for class [com.d4dl.hellofib.HelloWorldTests]
01:23:38.664 [main] DEBUG org.springframework.test.annotation.ProfileValueUtils - Retrieved @ProfileValueSourceConfiguration [null] for test class [com.d4dl.hellofib.HelloWorldTests]
01:23:38.665 [main] DEBUG org.springframework.test.annotation.ProfileValueUtils - Retrieved ProfileValueSource type [class org.springframework.test.annotation.SystemProfileValueSource] for class [com.d4dl.hellofib.HelloWorldTests]
01:23:38.669 [main] DEBUG org.springframework.test.context.support.AbstractDirtiesContextTestExecutionListener - Before test class: context [DefaultTestContext@3eb25e1a testClass = HelloWorldTests, testInstance = [null], testMethod = [null], testException = [null], mergedContextConfiguration = [WebMergedContextConfiguration@477b4cdf testClass = HelloWorldTests, locations = '{}', classes = '{class com.d4dl.hellofib.Application}', contextInitializerClasses = '[]', activeProfiles = '{}', propertySourceLocations = '{}', propertySourceProperties = '{org.springframework.boot.test.context.SpringBootTestContextBootstrapper=true}', contextCustomizers = set[org.springframework.boot.test.context.filter.ExcludeFilterContextCustomizer@51c8530f, org.springframework.boot.test.json.DuplicateJsonObjectContextCustomizerFactory$DuplicateJsonObjectContextCustomizer@c81cdd1, org.springframework.boot.test.mock.mockito.MockitoContextCustomizer@0, org.springframework.boot.test.web.client.TestRestTemplateContextCustomizer@2eda0940, org.springframework.boot.test.autoconfigure.properties.PropertyMappingContextCustomizer@0, org.springframework.boot.test.autoconfigure.web.servlet.WebDriverContextCustomizerFactory$Customizer@319b92f3], resourceBasePath = 'src/main/webapp', contextLoader = 'org.springframework.boot.test.context.SpringBootContextLoader', parent = [null]], attributes = map['org.springframework.test.context.web.ServletTestExecutionListener.activateListener' -> true]], class annotated with @DirtiesContext [false] with mode [null].
01:23:38.669 [main] DEBUG org.springframework.test.annotation.ProfileValueUtils - Retrieved @ProfileValueSourceConfiguration [null] for test class [com.d4dl.hellofib.HelloWorldTests]
01:23:38.669 [main] DEBUG org.springframework.test.annotation.ProfileValueUtils - Retrieved ProfileValueSource type [class org.springframework.test.annotation.SystemProfileValueSource] for class [com.d4dl.hellofib.HelloWorldTests]
01:23:38.687 [main] DEBUG org.springframework.core.env.StandardEnvironment - Adding PropertySource 'systemProperties' with lowest search precedence
01:23:38.687 [main] DEBUG org.springframework.core.env.StandardEnvironment - Adding PropertySource 'systemEnvironment' with lowest search precedence
01:23:38.688 [main] DEBUG org.springframework.core.env.StandardEnvironment - Initialized StandardEnvironment with PropertySources [MapPropertySource@1762902523 {name='systemProperties', properties={java.runtime.name=OpenJDK Runtime Environment, sun.boot.library.path=/usr/lib/jvm/java-8-openjdk-amd64/jre/lib/amd64, java.vm.version=25.121-b13, java.vm.vendor=Oracle Corporation, java.vendor.url=http://java.oracle.com/, skip.gulp=true, path.separator=:, java.vm.name=OpenJDK 64-Bit Server VM, file.encoding.pkg=sun.io, findbugs.skip=true, sun.java.launcher=SUN_STANDARD, sun.os.patch.level=unknown, java.vm.specification.name=Java Virtual Machine Specification, user.dir=/root/workspace/JoshuaEDeFord/HelloFib/359617575, checkstyle.skip=true, java.runtime.version=1.8.0_121-8u121-b13-1~bpo8+1-b13, skip.npm=true, basedir=/root/workspace/JoshuaEDeFord/HelloFib/359617575, java.awt.graphicsenv=sun.awt.X11GraphicsEnvironment, java.endorsed.dirs=/usr/lib/jvm/java-8-openjdk-amd64/jre/lib/endorsed, os.arch=amd64, surefire.real.class.path=/root/workspace/JoshuaEDeFord/HelloFib/359617575/target/surefire/surefirebooter351792784166659674.jar, gpg.skip=true, java.io.tmpdir=/tmp, line.separator=
, cobertura.skip=true, java.vm.specification.vendor=Oracle Corporation, os.name=Linux, sun.jnu.encoding=UTF-8, license.skip=true, java.library.path=/usr/java/packages/lib/amd64:/usr/lib/x86_64-linux-gnu/jni:/lib/x86_64-linux-gnu:/usr/lib/x86_64-linux-gnu:/usr/lib/jni:/lib:/usr/lib, surefire.test.class.path=/root/workspace/JoshuaEDeFord/HelloFib/359617575/target/test-classes:/root/workspace/JoshuaEDeFord/HelloFib/359617575/target/classes:/root/./workspace/JoshuaEDeFord/HelloFib/359617575/.m2/org/springframework/boot/spring-boot-starter-data-jpa/2.0.0.RELEASE/spring-boot-starter-data-jpa-2.0.0.RELEASE.jar:/root/./workspace/JoshuaEDeFord/HelloFib/359617575/.m2/org/springframework/boot/spring-boot-starter/2.0.0.RELEASE/spring-boot-starter-2.0.0.RELEASE.jar:/root/./workspace/JoshuaEDeFord/HelloFib/359617575/.m2/org/springframework/boot/spring-boot/2.0.0.RELEASE/spring-boot-2.0.0.RELEASE.jar:/root/./workspace/JoshuaEDeFord/HelloFib/359617575/.m2/org/springframework/boot/spring-boot-autoconfigure/2.0.0.RELEASE/spring-boot-autoconfigure-2.0.0.RELEASE.jar:/root/./workspace/JoshuaEDeFord/HelloFib/359617575/.m2/org/springframework/boot/spring-boot-starter-logging/2.0.0.RELEASE/spring-boot-starter-logging-2.0.0.RELEASE.jar:/root/./workspace/JoshuaEDeFord/HelloFib/359617575/.m2/ch/qos/logback/logback-classic/1.2.3/logback-classic-1.2.3.jar:/root/./workspace/JoshuaEDeFord/HelloFib/359617575/.m2/ch/qos/logback/logback-core/1.2.3/logback-core-1.2.3.jar:/root/./workspace/JoshuaEDeFord/HelloFib/359617575/.m2/org/apache/logging/log4j/log4j-to-slf4j/2.10.0/log4j-to-slf4j-2.10.0.jar:/root/./workspace/JoshuaEDeFord/HelloFib/359617575/.m2/org/apache/logging/log4j/log4j-api/2.10.0/log4j-api-2.10.0.jar:/root/./workspace/JoshuaEDeFord/HelloFib/359617575/.m2/org/slf4j/jul-to-slf4j/1.7.25/jul-to-slf4j-1.7.25.jar:/root/./workspace/JoshuaEDeFord/HelloFib/359617575/.m2/javax/annotation/javax.annotation-api/1.3.2/javax.annotation-api-1.3.2.jar:/root/./workspace/JoshuaEDeFord/HelloFib/359617575/.m2/org/yaml/snakeyaml/1.19/snakeyaml-1.19.jar:/root/./workspace/JoshuaEDeFord/HelloFib/359617575/.m2/org/springframework/boot/spring-boot-starter-aop/2.0.0.RELEASE/spring-boot-starter-aop-2.0.0.RELEASE.jar:/root/./workspace/JoshuaEDeFord/HelloFib/359617575/.m2/org/springframework/spring-aop/5.0.4.RELEASE/spring-aop-5.0.4.RELEASE.jar:/root/./workspace/JoshuaEDeFord/HelloFib/359617575/.m2/org/aspectj/aspectjweaver/1.8.13/aspectjweaver-1.8.13.jar:/root/./workspace/JoshuaEDeFord/HelloFib/359617575/.m2/org/springframework/boot/spring-boot-starter-jdbc/2.0.0.RELEASE/spring-boot-starter-jdbc-2.0.0.RELEASE.jar:/root/./workspace/JoshuaEDeFord/HelloFib/359617575/.m2/com/zaxxer/HikariCP/2.7.8/HikariCP-2.7.8.jar:/root/./workspace/JoshuaEDeFord/HelloFib/359617575/.m2/org/springframework/spring-jdbc/5.0.4.RELEASE/spring-jdbc-5.0.4.RELEASE.jar:/root/./workspace/JoshuaEDeFord/HelloFib/359617575/.m2/org/hibernate/hibernate-core/5.2.14.Final/hibernate-core-5.2.14.Final.jar:/root/./workspace/JoshuaEDeFord/HelloFib/359617575/.m2/org/jboss/logging/jboss-logging/3.3.2.Final/jboss-logging-3.3.2.Final.jar:/root/./workspace/JoshuaEDeFord/HelloFib/359617575/.m2/org/hibernate/javax/persistence/hibernate-jpa-2.1-api/1.0.0.Final/hibernate-jpa-2.1-api-1.0.0.Final.jar:/root/./workspace/JoshuaEDeFord/HelloFib/359617575/.m2/org/javassist/javassist/3.22.0-GA/javassist-3.22.0-GA.jar:/root/./workspace/JoshuaEDeFord/HelloFib/359617575/.m2/antlr/antlr/2.7.7/antlr-2.7.7.jar:/root/./workspace/JoshuaEDeFord/HelloFib/359617575/.m2/org/jboss/jandex/2.0.3.Final/jandex-2.0.3.Final.jar:/root/./workspace/JoshuaEDeFord/HelloFib/359617575/.m2/com/fasterxml/classmate/1.3.4/classmate-1.3.4.jar:/root/./workspace/JoshuaEDeFord/HelloFib/359617575/.m2/dom4j/dom4j/1.6.1/dom4j-1.6.1.jar:/root/./workspace/JoshuaEDeFord/HelloFib/359617575/.m2/org/hibernate/common/hibernate-commons-annotations/5.0.1.Final/hibernate-commons-annotations-5.0.1.Final.jar:/root/./workspace/JoshuaEDeFord/HelloFib/359617575/.m2/javax/transaction/javax.transaction-api/1.2/javax.transaction-api-1.2.jar:/root/./workspace/JoshuaEDeFord/HelloFib/359617575/.m2/org/springframework/data/spring-data-jpa/2.0.5.RELEASE/spring-data-jpa-2.0.5.RELEASE.jar:/root/./workspace/JoshuaEDeFord/HelloFib/359617575/.m2/org/springframework/data/spring-data-commons/2.0.5.RELEASE/spring-data-commons-2.0.5.RELEASE.jar:/root/./workspace/JoshuaEDeFord/HelloFib/359617575/.m2/org/springframework/spring-orm/5.0.4.RELEASE/spring-orm-5.0.4.RELEASE.jar:/root/./workspace/JoshuaEDeFord/HelloFib/359617575/.m2/org/springframework/spring-context/5.0.4.RELEASE/spring-context-5.0.4.RELEASE.jar:/root/./workspace/JoshuaEDeFord/HelloFib/359617575/.m2/org/springframework/spring-expression/5.0.4.RELEASE/spring-expression-5.0.4.RELEASE.jar:/root/./workspace/JoshuaEDeFord/HelloFib/359617575/.m2/org/springframework/spring-tx/5.0.4.RELEASE/spring-tx-5.0.4.RELEASE.jar:/root/./workspace/JoshuaEDeFord/HelloFib/359617575/.m2/org/springframework/spring-beans/5.0.4.RELEASE/spring-beans-5.0.4.RELEASE.jar:/root/./workspace/JoshuaEDeFord/HelloFib/359617575/.m2/org/slf4j/slf4j-api/1.7.25/slf4j-api-1.7.25.jar:/root/./workspace/JoshuaEDeFord/HelloFib/359617575/.m2/org/springframework/spring-aspects/5.0.4.RELEASE/spring-aspects-5.0.4.RELEASE.jar:/root/./workspace/JoshuaEDeFord/HelloFib/359617575/.m2/org/springframework/boot/spring-boot-starter-data-rest/2.0.0.RELEASE/spring-boot-starter-data-rest-2.0.0.RELEASE.jar:/root/./workspace/JoshuaEDeFord/HelloFib/359617575/.m2/org/springframework/boot/spring-boot-starter-json/2.0.0.RELEASE/spring-boot-starter-json-2.0.0.RELEASE.jar:/root/./workspace/JoshuaEDeFord/HelloFib/359617575/.m2/org/springframework/spring-web/5.0.4.RELEASE/spring-web-5.0.4.RELEASE.jar:/root/./workspace/JoshuaEDeFord/HelloFib/359617575/.m2/com/fasterxml/jackson/core/jackson-databind/2.9.4/jackson-databind-2.9.4.jar:/root/./workspace/JoshuaEDeFord/HelloFib/359617575/.m2/com/fasterxml/jackson/core/jackson-core/2.9.4/jackson-core-2.9.4.jar:/root/./workspace/JoshuaEDeFord/HelloFib/359617575/.m2/com/fasterxml/jackson/datatype/jackson-datatype-jdk8/2.9.4/jackson-datatype-jdk8-2.9.4.jar:/root/./workspace/JoshuaEDeFord/HelloFib/359617575/.m2/com/fasterxml/jackson/datatype/jackson-datatype-jsr310/2.9.4/jackson-datatype-jsr310-2.9.4.jar:/root/./workspace/JoshuaEDeFord/HelloFib/359617575/.m2/com/fasterxml/jackson/module/jackson-module-parameter-names/2.9.4/jackson-module-parameter-names-2.9.4.jar:/root/./workspace/JoshuaEDeFord/HelloFib/359617575/.m2/org/springframework/boot/spring-boot-starter-web/2.0.0.RELEASE/spring-boot-starter-web-2.0.0.RELEASE.jar:/root/./workspace/JoshuaEDeFord/HelloFib/359617575/.m2/org/springframework/boot/spring-boot-starter-tomcat/2.0.0.RELEASE/spring-boot-starter-tomcat-2.0.0.RELEASE.jar:/root/./workspace/JoshuaEDeFord/HelloFib/359617575/.m2/org/apache/tomcat/embed/tomcat-embed-core/8.5.28/tomcat-embed-core-8.5.28.jar:/root/./workspace/JoshuaEDeFord/HelloFib/359617575/.m2/org/apache/tomcat/embed/tomcat-embed-el/8.5.28/tomcat-embed-el-8.5.28.jar:/root/./workspace/JoshuaEDeFord/HelloFib/359617575/.m2/org/apache/tomcat/embed/tomcat-embed-websocket/8.5.28/tomcat-embed-websocket-8.5.28.jar:/root/./workspace/JoshuaEDeFord/HelloFib/359617575/.m2/org/hibernate/validator/hibernate-validator/6.0.7.Final/hibernate-validator-6.0.7.Final.jar:/root/./workspace/JoshuaEDeFord/HelloFib/359617575/.m2/javax/validation/validation-api/2.0.1.Final/validation-api-2.0.1.Final.jar:/root/./workspace/JoshuaEDeFord/HelloFib/359617575/.m2/org/springframework/spring-webmvc/5.0.4.RELEASE/spring-webmvc-5.0.4.RELEASE.jar:/root/./workspace/JoshuaEDeFord/HelloFib/359617575/.m2/org/springframework/data/spring-data-rest-webmvc/3.0.5.RELEASE/spring-data-rest-webmvc-3.0.5.RELEASE.jar:/root/./workspace/JoshuaEDeFord/HelloFib/359617575/.m2/org/springframework/data/spring-data-rest-core/3.0.5.RELEASE/spring-data-rest-core-3.0.5.RELEASE.jar:/root/./workspace/JoshuaEDeFord/HelloFib/359617575/.m2/org/springframework/hateoas/spring-hateoas/0.24.0.RELEASE/spring-hateoas-0.24.0.RELEASE.jar:/root/./workspace/JoshuaEDeFord/HelloFib/359617575/.m2/org/springframework/plugin/spring-plugin-core/1.2.0.RELEASE/spring-plugin-core-1.2.0.RELEASE.jar:/root/./workspace/JoshuaEDeFord/HelloFib/359617575/.m2/org/atteo/evo-inflector/1.2.2/evo-inflector-1.2.2.jar:/root/./workspace/JoshuaEDeFord/HelloFib/359617575/.m2/com/fasterxml/jackson/core/jackson-annotations/2.9.0/jackson-annotations-2.9.0.jar:/root/./workspace/JoshuaEDeFord/HelloFib/359617575/.m2/org/springframework/boot/spring-boot-starter-test/2.0.0.RELEASE/spring-boot-starter-test-2.0.0.RELEASE.jar:/root/./workspace/JoshuaEDeFord/HelloFib/359617575/.m2/org/springframework/boot/spring-boot-test/2.0.0.RELEASE/spring-boot-test-2.0.0.RELEASE.jar:/root/./workspace/JoshuaEDeFord/HelloFib/359617575/.m2/org/springframework/boot/spring-boot-test-autoconfigure/2.0.0.RELEASE/spring-boot-test-autoconfigure-2.0.0.RELEASE.jar:/root/./workspace/JoshuaEDeFord/HelloFib/359617575/.m2/com/jayway/jsonpath/json-path/2.4.0/json-path-2.4.0.jar:/root/./workspace/JoshuaEDeFord/HelloFib/359617575/.m2/net/minidev/json-smart/2.3/json-smart-2.3.jar:/root/./workspace/JoshuaEDeFord/HelloFib/359617575/.m2/net/minidev/accessors-smart/1.2/accessors-smart-1.2.jar:/root/./workspace/JoshuaEDeFord/HelloFib/359617575/.m2/org/ow2/asm/asm/5.0.4/asm-5.0.4.jar:/root/./workspace/JoshuaEDeFord/HelloFib/359617575/.m2/junit/junit/4.12/junit-4.12.jar:/root/./workspace/JoshuaEDeFord/HelloFib/359617575/.m2/org/assertj/assertj-core/3.9.1/assertj-core-3.9.1.jar:/root/./workspace/JoshuaEDeFord/HelloFib/359617575/.m2/org/mockito/mockito-core/2.15.0/mockito-core-2.15.0.jar:/root/./workspace/JoshuaEDeFord/HelloFib/359617575/.m2/net/bytebuddy/byte-buddy/1.7.10/byte-buddy-1.7.10.jar:/root/./workspace/JoshuaEDeFord/HelloFib/359617575/.m2/net/bytebuddy/byte-buddy-agent/1.7.10/byte-buddy-agent-1.7.10.jar:/root/./workspace/JoshuaEDeFord/HelloFib/359617575/.m2/org/objenesis/objenesis/2.6/objenesis-2.6.jar:/root/./workspace/JoshuaEDeFord/HelloFib/359617575/.m2/org/hamcrest/hamcrest-core/1.3/hamcrest-core-1.3.jar:/root/./workspace/JoshuaEDeFord/HelloFib/359617575/.m2/org/hamcrest/hamcrest-library/1.3/hamcrest-library-1.3.jar:/root/./workspace/JoshuaEDeFord/HelloFib/359617575/.m2/org/skyscreamer/jsonassert/1.5.0/jsonassert-1.5.0.jar:/root/./workspace/JoshuaEDeFord/HelloFib/359617575/.m2/com/vaadin/external/google/android-json/0.0.20131108.vaadin1/android-json-0.0.20131108.vaadin1.jar:/root/./workspace/JoshuaEDeFord/HelloFib/359617575/.m2/org/springframework/spring-core/5.0.4.RELEASE/spring-core-5.0.4.RELEASE.jar:/root/./workspace/JoshuaEDeFord/HelloFib/359617575/.m2/org/springframework/spring-jcl/5.0.4.RELEASE/spring-jcl-5.0.4.RELEASE.jar:/root/./workspace/JoshuaEDeFord/HelloFib/359617575/.m2/org/springframework/spring-test/5.0.4.RELEASE/spring-test-5.0.4.RELEASE.jar:/root/./workspace/JoshuaEDeFord/HelloFib/359617575/.m2/org/xmlunit/xmlunit-core/2.5.1/xmlunit-core-2.5.1.jar:/root/./workspace/JoshuaEDeFord/HelloFib/359617575/.m2/com/h2database/h2/1.4.197/h2-1.4.197.jar:/root/./workspace/JoshuaEDeFord/HelloFib/359617575/.m2/org/projectlombok/lombok/1.16.20/lombok-1.16.20.jar:, java.specification.name=Java Platform API Specification, java.class.version=52.0, skip.bower=true, sun.management.compiler=HotSpot 64-Bit Tiered Compilers, maven.repo.local=/root/./workspace/JoshuaEDeFord/HelloFib/359617575/.m2, os.version=3.10.0-693.21.1.el7.x86_64, user.home=/root, user.timezone=Europe/Paris, java.awt.printerjob=sun.print.PSPrinterJob, file.encoding=UTF-8, java.specification.version=1.8, java.class.path=/root/workspace/JoshuaEDeFord/HelloFib/359617575/target/test-classes:/root/workspace/JoshuaEDeFord/HelloFib/359617575/target/classes:/root/./workspace/JoshuaEDeFord/HelloFib/359617575/.m2/org/springframework/boot/spring-boot-starter-data-jpa/2.0.0.RELEASE/spring-boot-starter-data-jpa-2.0.0.RELEASE.jar:/root/./workspace/JoshuaEDeFord/HelloFib/359617575/.m2/org/springframework/boot/spring-boot-starter/2.0.0.RELEASE/spring-boot-starter-2.0.0.RELEASE.jar:/root/./workspace/JoshuaEDeFord/HelloFib/359617575/.m2/org/springframework/boot/spring-boot/2.0.0.RELEASE/spring-boot-2.0.0.RELEASE.jar:/root/./workspace/JoshuaEDeFord/HelloFib/359617575/.m2/org/springframework/boot/spring-boot-autoconfigure/2.0.0.RELEASE/spring-boot-autoconfigure-2.0.0.RELEASE.jar:/root/./workspace/JoshuaEDeFord/HelloFib/359617575/.m2/org/springframework/boot/spring-boot-starter-logging/2.0.0.RELEASE/spring-boot-starter-logging-2.0.0.RELEASE.jar:/root/./workspace/JoshuaEDeFord/HelloFib/359617575/.m2/ch/qos/logback/logback-classic/1.2.3/logback-classic-1.2.3.jar:/root/./workspace/JoshuaEDeFord/HelloFib/359617575/.m2/ch/qos/logback/logback-core/1.2.3/logback-core-1.2.3.jar:/root/./workspace/JoshuaEDeFord/HelloFib/359617575/.m2/org/apache/logging/log4j/log4j-to-slf4j/2.10.0/log4j-to-slf4j-2.10.0.jar:/root/./workspace/JoshuaEDeFord/HelloFib/359617575/.m2/org/apache/logging/log4j/log4j-api/2.10.0/log4j-api-2.10.0.jar:/root/./workspace/JoshuaEDeFord/HelloFib/359617575/.m2/org/slf4j/jul-to-slf4j/1.7.25/jul-to-slf4j-1.7.25.jar:/root/./workspace/JoshuaEDeFord/HelloFib/359617575/.m2/javax/annotation/javax.annotation-api/1.3.2/javax.annotation-api-1.3.2.jar:/root/./workspace/JoshuaEDeFord/HelloFib/359617575/.m2/org/yaml/snakeyaml/1.19/snakeyaml-1.19.jar:/root/./workspace/JoshuaEDeFord/HelloFib/359617575/.m2/org/springframework/boot/spring-boot-starter-aop/2.0.0.RELEASE/spring-boot-starter-aop-2.0.0.RELEASE.jar:/root/./workspace/JoshuaEDeFord/HelloFib/359617575/.m2/org/springframework/spring-aop/5.0.4.RELEASE/spring-aop-5.0.4.RELEASE.jar:/root/./workspace/JoshuaEDeFord/HelloFib/359617575/.m2/org/aspectj/aspectjweaver/1.8.13/aspectjweaver-1.8.13.jar:/root/./workspace/JoshuaEDeFord/HelloFib/359617575/.m2/org/springframework/boot/spring-boot-starter-jdbc/2.0.0.RELEASE/spring-boot-starter-jdbc-2.0.0.RELEASE.jar:/root/./workspace/JoshuaEDeFord/HelloFib/359617575/.m2/com/zaxxer/HikariCP/2.7.8/HikariCP-2.7.8.jar:/root/./workspace/JoshuaEDeFord/HelloFib/359617575/.m2/org/springframework/spring-jdbc/5.0.4.RELEASE/spring-jdbc-5.0.4.RELEASE.jar:/root/./workspace/JoshuaEDeFord/HelloFib/359617575/.m2/org/hibernate/hibernate-core/5.2.14.Final/hibernate-core-5.2.14.Final.jar:/root/./workspace/JoshuaEDeFord/HelloFib/359617575/.m2/org/jboss/logging/jboss-logging/3.3.2.Final/jboss-logging-3.3.2.Final.jar:/root/./workspace/JoshuaEDeFord/HelloFib/359617575/.m2/org/hibernate/javax/persistence/hibernate-jpa-2.1-api/1.0.0.Final/hibernate-jpa-2.1-api-1.0.0.Final.jar:/root/./workspace/JoshuaEDeFord/HelloFib/359617575/.m2/org/javassist/javassist/3.22.0-GA/javassist-3.22.0-GA.jar:/root/./workspace/JoshuaEDeFord/HelloFib/359617575/.m2/antlr/antlr/2.7.7/antlr-2.7.7.jar:/root/./workspace/JoshuaEDeFord/HelloFib/359617575/.m2/org/jboss/jandex/2.0.3.Final/jandex-2.0.3.Final.jar:/root/./workspace/JoshuaEDeFord/HelloFib/359617575/.m2/com/fasterxml/classmate/1.3.4/classmate-1.3.4.jar:/root/./workspace/JoshuaEDeFord/HelloFib/359617575/.m2/dom4j/dom4j/1.6.1/dom4j-1.6.1.jar:/root/./workspace/JoshuaEDeFord/HelloFib/359617575/.m2/org/hibernate/common/hibernate-commons-annotations/5.0.1.Final/hibernate-commons-annotations-5.0.1.Final.jar:/root/./workspace/JoshuaEDeFord/HelloFib/359617575/.m2/javax/transaction/javax.transaction-api/1.2/javax.transaction-api-1.2.jar:/root/./workspace/JoshuaEDeFord/HelloFib/359617575/.m2/org/springframework/data/spring-data-jpa/2.0.5.RELEASE/spring-data-jpa-2.0.5.RELEASE.jar:/root/./workspace/JoshuaEDeFord/HelloFib/359617575/.m2/org/springframework/data/spring-data-commons/2.0.5.RELEASE/spring-data-commons-2.0.5.RELEASE.jar:/root/./workspace/JoshuaEDeFord/HelloFib/359617575/.m2/org/springframework/spring-orm/5.0.4.RELEASE/spring-orm-5.0.4.RELEASE.jar:/root/./workspace/JoshuaEDeFord/HelloFib/359617575/.m2/org/springframework/spring-context/5.0.4.RELEASE/spring-context-5.0.4.RELEASE.jar:/root/./workspace/JoshuaEDeFord/HelloFib/359617575/.m2/org/springframework/spring-expression/5.0.4.RELEASE/spring-expression-5.0.4.RELEASE.jar:/root/./workspace/JoshuaEDeFord/HelloFib/359617575/.m2/org/springframework/spring-tx/5.0.4.RELEASE/spring-tx-5.0.4.RELEASE.jar:/root/./workspace/JoshuaEDeFord/HelloFib/359617575/.m2/org/springframework/spring-beans/5.0.4.RELEASE/spring-beans-5.0.4.RELEASE.jar:/root/./workspace/JoshuaEDeFord/HelloFib/359617575/.m2/org/slf4j/slf4j-api/1.7.25/slf4j-api-1.7.25.jar:/root/./workspace/JoshuaEDeFord/HelloFib/359617575/.m2/org/springframework/spring-aspects/5.0.4.RELEASE/spring-aspects-5.0.4.RELEASE.jar:/root/./workspace/JoshuaEDeFord/HelloFib/359617575/.m2/org/springframework/boot/spring-boot-starter-data-rest/2.0.0.RELEASE/spring-boot-starter-data-rest-2.0.0.RELEASE.jar:/root/./workspace/JoshuaEDeFord/HelloFib/359617575/.m2/org/springframework/boot/spring-boot-starter-json/2.0.0.RELEASE/spring-boot-starter-json-2.0.0.RELEASE.jar:/root/./workspace/JoshuaEDeFord/HelloFib/359617575/.m2/org/springframework/spring-web/5.0.4.RELEASE/spring-web-5.0.4.RELEASE.jar:/root/./workspace/JoshuaEDeFord/HelloFib/359617575/.m2/com/fasterxml/jackson/core/jackson-databind/2.9.4/jackson-databind-2.9.4.jar:/root/./workspace/JoshuaEDeFord/HelloFib/359617575/.m2/com/fasterxml/jackson/core/jackson-core/2.9.4/jackson-core-2.9.4.jar:/root/./workspace/JoshuaEDeFord/HelloFib/359617575/.m2/com/fasterxml/jackson/datatype/jackson-datatype-jdk8/2.9.4/jackson-datatype-jdk8-2.9.4.jar:/root/./workspace/JoshuaEDeFord/HelloFib/359617575/.m2/com/fasterxml/jackson/datatype/jackson-datatype-jsr310/2.9.4/jackson-datatype-jsr310-2.9.4.jar:/root/./workspace/JoshuaEDeFord/HelloFib/359617575/.m2/com/fasterxml/jackson/module/jackson-module-parameter-names/2.9.4/jackson-module-parameter-names-2.9.4.jar:/root/./workspace/JoshuaEDeFord/HelloFib/359617575/.m2/org/springframework/boot/spring-boot-starter-web/2.0.0.RELEASE/spring-boot-starter-web-2.0.0.RELEASE.jar:/root/./workspace/JoshuaEDeFord/HelloFib/359617575/.m2/org/springframework/boot/spring-boot-starter-tomcat/2.0.0.RELEASE/spring-boot-starter-tomcat-2.0.0.RELEASE.jar:/root/./workspace/JoshuaEDeFord/HelloFib/359617575/.m2/org/apache/tomcat/embed/tomcat-embed-core/8.5.28/tomcat-embed-core-8.5.28.jar:/root/./workspace/JoshuaEDeFord/HelloFib/359617575/.m2/org/apache/tomcat/embed/tomcat-embed-el/8.5.28/tomcat-embed-el-8.5.28.jar:/root/./workspace/JoshuaEDeFord/HelloFib/359617575/.m2/org/apache/tomcat/embed/tomcat-embed-websocket/8.5.28/tomcat-embed-websocket-8.5.28.jar:/root/./workspace/JoshuaEDeFord/HelloFib/359617575/.m2/org/hibernate/validator/hibernate-validator/6.0.7.Final/hibernate-validator-6.0.7.Final.jar:/root/./workspace/JoshuaEDeFord/HelloFib/359617575/.m2/javax/validation/validation-api/2.0.1.Final/validation-api-2.0.1.Final.jar:/root/./workspace/JoshuaEDeFord/HelloFib/359617575/.m2/org/springframework/spring-webmvc/5.0.4.RELEASE/spring-webmvc-5.0.4.RELEASE.jar:/root/./workspace/JoshuaEDeFord/HelloFib/359617575/.m2/org/springframework/data/spring-data-rest-webmvc/3.0.5.RELEASE/spring-data-rest-webmvc-3.0.5.RELEASE.jar:/root/./workspace/JoshuaEDeFord/HelloFib/359617575/.m2/org/springframework/data/spring-data-rest-core/3.0.5.RELEASE/spring-data-rest-core-3.0.5.RELEASE.jar:/root/./workspace/JoshuaEDeFord/HelloFib/359617575/.m2/org/springframework/hateoas/spring-hateoas/0.24.0.RELEASE/spring-hateoas-0.24.0.RELEASE.jar:/root/./workspace/JoshuaEDeFord/HelloFib/359617575/.m2/org/springframework/plugin/spring-plugin-core/1.2.0.RELEASE/spring-plugin-core-1.2.0.RELEASE.jar:/root/./workspace/JoshuaEDeFord/HelloFib/359617575/.m2/org/atteo/evo-inflector/1.2.2/evo-inflector-1.2.2.jar:/root/./workspace/JoshuaEDeFord/HelloFib/359617575/.m2/com/fasterxml/jackson/core/jackson-annotations/2.9.0/jackson-annotations-2.9.0.jar:/root/./workspace/JoshuaEDeFord/HelloFib/359617575/.m2/org/springframework/boot/spring-boot-starter-test/2.0.0.RELEASE/spring-boot-starter-test-2.0.0.RELEASE.jar:/root/./workspace/JoshuaEDeFord/HelloFib/359617575/.m2/org/springframework/boot/spring-boot-test/2.0.0.RELEASE/spring-boot-test-2.0.0.RELEASE.jar:/root/./workspace/JoshuaEDeFord/HelloFib/359617575/.m2/org/springframework/boot/spring-boot-test-autoconfigure/2.0.0.RELEASE/spring-boot-test-autoconfigure-2.0.0.RELEASE.jar:/root/./workspace/JoshuaEDeFord/HelloFib/359617575/.m2/com/jayway/jsonpath/json-path/2.4.0/json-path-2.4.0.jar:/root/./workspace/JoshuaEDeFord/HelloFib/359617575/.m2/net/minidev/json-smart/2.3/json-smart-2.3.jar:/root/./workspace/JoshuaEDeFord/HelloFib/359617575/.m2/net/minidev/accessors-smart/1.2/accessors-smart-1.2.jar:/root/./workspace/JoshuaEDeFord/HelloFib/359617575/.m2/org/ow2/asm/asm/5.0.4/asm-5.0.4.jar:/root/./workspace/JoshuaEDeFord/HelloFib/359617575/.m2/junit/junit/4.12/junit-4.12.jar:/root/./workspace/JoshuaEDeFord/HelloFib/359617575/.m2/org/assertj/assertj-core/3.9.1/assertj-core-3.9.1.jar:/root/./workspace/JoshuaEDeFord/HelloFib/359617575/.m2/org/mockito/mockito-core/2.15.0/mockito-core-2.15.0.jar:/root/./workspace/JoshuaEDeFord/HelloFib/359617575/.m2/net/bytebuddy/byte-buddy/1.7.10/byte-buddy-1.7.10.jar:/root/./workspace/JoshuaEDeFord/HelloFib/359617575/.m2/net/bytebuddy/byte-buddy-agent/1.7.10/byte-buddy-agent-1.7.10.jar:/root/./workspace/JoshuaEDeFord/HelloFib/359617575/.m2/org/objenesis/objenesis/2.6/objenesis-2.6.jar:/root/./workspace/JoshuaEDeFord/HelloFib/359617575/.m2/org/hamcrest/hamcrest-core/1.3/hamcrest-core-1.3.jar:/root/./workspace/JoshuaEDeFord/HelloFib/359617575/.m2/org/hamcrest/hamcrest-library/1.3/hamcrest-library-1.3.jar:/root/./workspace/JoshuaEDeFord/HelloFib/359617575/.m2/org/skyscreamer/jsonassert/1.5.0/jsonassert-1.5.0.jar:/root/./workspace/JoshuaEDeFord/HelloFib/359617575/.m2/com/vaadin/external/google/android-json/0.0.20131108.vaadin1/android-json-0.0.20131108.vaadin1.jar:/root/./workspace/JoshuaEDeFord/HelloFib/359617575/.m2/org/springframework/spring-core/5.0.4.RELEASE/spring-core-5.0.4.RELEASE.jar:/root/./workspace/JoshuaEDeFord/HelloFib/359617575/.m2/org/springframework/spring-jcl/5.0.4.RELEASE/spring-jcl-5.0.4.RELEASE.jar:/root/./workspace/JoshuaEDeFord/HelloFib/359617575/.m2/org/springframework/spring-test/5.0.4.RELEASE/spring-test-5.0.4.RELEASE.jar:/root/./workspace/JoshuaEDeFord/HelloFib/359617575/.m2/org/xmlunit/xmlunit-core/2.5.1/xmlunit-core-2.5.1.jar:/root/./workspace/JoshuaEDeFord/HelloFib/359617575/.m2/com/h2database/h2/1.4.197/h2-1.4.197.jar:/root/./workspace/JoshuaEDeFord/HelloFib/359617575/.m2/org/projectlombok/lombok/1.16.20/lombok-1.16.20.jar:, user.name=root, skipITs=true, java.vm.specification.version=1.8, sun.java.command=/root/workspace/JoshuaEDeFord/HelloFib/359617575/target/surefire/surefirebooter351792784166659674.jar /root/workspace/JoshuaEDeFord/HelloFib/359617575/target/surefire 2018-03-29T01-23-37_022-jvmRun1 surefire7169799519738131638tmp surefire_03191011337486418638tmp, java.home=/usr/lib/jvm/java-8-openjdk-amd64/jre, sun.arch.data.model=64, user.language=en, java.specification.vendor=Oracle Corporation, awt.toolkit=sun.awt.X11.XToolkit, java.vm.info=mixed mode, java.version=1.8.0_121, java.ext.dirs=/usr/lib/jvm/java-8-openjdk-amd64/jre/lib/ext:/usr/java/packages/lib/ext, sun.boot.class.path=/usr/lib/jvm/java-8-openjdk-amd64/jre/lib/resources.jar:/usr/lib/jvm/java-8-openjdk-amd64/jre/lib/rt.jar:/usr/lib/jvm/java-8-openjdk-amd64/jre/lib/sunrsasign.jar:/usr/lib/jvm/java-8-openjdk-amd64/jre/lib/jsse.jar:/usr/lib/jvm/java-8-openjdk-amd64/jre/lib/jce.jar:/usr/lib/jvm/java-8-openjdk-amd64/jre/lib/charsets.jar:/usr/lib/jvm/java-8-openjdk-amd64/jre/lib/jfr.jar:/usr/lib/jvm/java-8-openjdk-amd64/jre/classes, rat.skip=true, enforcer.skip=true, java.vendor=Oracle Corporation, localRepository=/root/./workspace/JoshuaEDeFord/HelloFib/359617575/.m2, file.separator=/, java.vendor.url.bug=http://bugreport.sun.com/bugreport/, sun.io.unicode.encoding=UnicodeLittle, sun.cpu.endian=little, sun.cpu.isalist=}}, SystemEnvironmentPropertySource@1725008249 {name='systemEnvironment', properties={PATH=/usr/local/sbin:/usr/local/bin:/usr/sbin:/usr/bin:/sbin:/bin, JAVA_HOME=/usr/lib/jvm/java-8-openjdk-amd64, NOTIFY_TO=, CA_CERTIFICATES_JAVA_VERSION=20161107~bpo8+1, MONGODB_HOST=, BUILD_ID=, LANG=C.UTF-8, GITHUB_LOGIN=, MAVEN_HOME=/usr/share/maven, SMTP_SERVER=, MONGODB_NAME=, REPAIR_MODE=, PWD=/root/workspace/JoshuaEDeFord/HelloFib/359617575, GOOGLE_ACCESS_TOKEN=, JAVA_VERSION=8u121, GITHUB_OAUTH=, MAVEN_CMD_LINE_ARGS=/root/.m2 -D enforcer.skip=true -D skipITs=true -D cobertura.skip=true -D maven.repo.local=/root/./workspace/JoshuaEDeFord/HelloFib/359617575/.m2 -D rat.skip=true -D findbugs.skip=true -D skip.bower=true -D gpg.skip=true -D checkstyle.skip=true -D skip.gulp=true -D license.skip=true -D skip.npm=true test, _=/usr/bin/java, SPREADSHEET_ID=, OUTPUT=, MAVEN_TERMINATE_CMD=on, MAVEN_CONFIG=/root/.m2, MAVEN_PROJECTBASEDIR=/root/workspace/JoshuaEDeFord/HelloFib/359617575, OLDPWD=/root/workspace/JoshuaEDeFord/HelloFib/359617575, LOG_FILENAME=repairnator-pipeline_2018-03-29_0122_359617575, RUN_ID=, HOSTNAME=spirals-vortex.lille.inria.fr, JAVA_DEBIAN_VERSION=8u121-b13-1~bpo8+1, M2_HOME=/usr/share/maven, HOME=/root, SHLVL=1, PUSH_URL=}}]
01:23:38.691 [main] DEBUG org.springframework.test.context.support.TestPropertySourceUtils - Adding inlined properties to environment: {spring.jmx.enabled=false, org.springframework.boot.test.context.SpringBootTestContextBootstrapper=true, server.port=-1}
01:23:38.691 [main] DEBUG org.springframework.core.env.StandardEnvironment - Adding PropertySource 'Inlined Test Properties' with highest search precedence

  .   ____          _            __ _ _
 /\\ / ___'_ __ _ _(_)_ __  __ _ \ \ \ \
( ( )\___ | '_ | '_| | '_ \/ _` | \ \ \ \
 \\/  ___)| |_)| | | | | || (_| |  ) ) ) )
  '  |____| .__|_| |_|_| |_\__, | / / / /
 =========|_|==============|___/=/_/_/_/
 :: Spring Boot ::        (v2.0.0.RELEASE)

2018-03-29 01:23:38.910  INFO 346 --- [           main] com.d4dl.hellofib.HelloWorldTests        : Starting HelloWorldTests on spirals-vortex.lille.inria.fr with PID 346 (started by root in /root/workspace/JoshuaEDeFord/HelloFib/359617575)
2018-03-29 01:23:38.911  INFO 346 --- [           main] com.d4dl.hellofib.HelloWorldTests        : No active profile set, falling back to default profiles: default
2018-03-29 01:23:38.946  INFO 346 --- [           main] o.s.w.c.s.GenericWebApplicationContext   : Refreshing org.springframework.web.context.support.GenericWebApplicationContext@f78a47e: startup date [Thu Mar 29 01:23:38 CEST 2018]; root of context hierarchy
2018-03-29 01:23:39.749  INFO 346 --- [           main] o.s.b.f.s.DefaultListableBeanFactory     : Overriding bean definition for bean 'httpRequestHandlerAdapter' with a different definition: replacing [Root bean: class [null]; scope=; abstract=false; lazyInit=false; autowireMode=3; dependencyCheck=0; autowireCandidate=true; primary=false; factoryBeanName=org.springframework.boot.autoconfigure.web.servlet.WebMvcAutoConfiguration$EnableWebMvcConfiguration; factoryMethodName=httpRequestHandlerAdapter; initMethodName=null; destroyMethodName=(inferred); defined in class path resource [org/springframework/boot/autoconfigure/web/servlet/WebMvcAutoConfiguration$EnableWebMvcConfiguration.class]] with [Root bean: class [null]; scope=; abstract=false; lazyInit=false; autowireMode=3; dependencyCheck=0; autowireCandidate=true; primary=false; factoryBeanName=org.springframework.data.rest.webmvc.config.RepositoryRestMvcConfiguration; factoryMethodName=httpRequestHandlerAdapter; initMethodName=null; destroyMethodName=(inferred); defined in class path resource [org/springframework/data/rest/webmvc/config/RepositoryRestMvcConfiguration.class]]
2018-03-29 01:23:40.262  INFO 346 --- [           main] trationDelegate$BeanPostProcessorChecker : Bean 'org.springframework.transaction.annotation.ProxyTransactionManagementConfiguration' of type [org.springframework.transaction.annotation.ProxyTransactionManagementConfiguration$$EnhancerBySpringCGLIB$$a554a5f2] is not eligible for getting processed by all BeanPostProcessors (for example: not eligible for auto-proxying)
2018-03-29 01:23:40.486  INFO 346 --- [           main] com.zaxxer.hikari.HikariDataSource       : HikariPool-1 - Starting...
2018-03-29 01:23:40.771  INFO 346 --- [           main] com.zaxxer.hikari.HikariDataSource       : HikariPool-1 - Start completed.
2018-03-29 01:23:40.834  INFO 346 --- [           main] j.LocalContainerEntityManagerFactoryBean : Building JPA container EntityManagerFactory for persistence unit 'default'
2018-03-29 01:23:40.852  INFO 346 --- [           main] o.hibernate.jpa.internal.util.LogHelper  : HHH000204: Processing PersistenceUnitInfo [
	name: default
	...]
2018-03-29 01:23:40.927  INFO 346 --- [           main] org.hibernate.Version                    : HHH000412: Hibernate Core {5.2.14.Final}
2018-03-29 01:23:40.928  INFO 346 --- [           main] org.hibernate.cfg.Environment            : HHH000206: hibernate.properties not found
2018-03-29 01:23:40.966  INFO 346 --- [           main] o.hibernate.annotations.common.Version   : HCANN000001: Hibernate Commons Annotations {5.0.1.Final}
2018-03-29 01:23:41.084  INFO 346 --- [           main] org.hibernate.dialect.Dialect            : HHH000400: Using dialect: org.hibernate.dialect.H2Dialect
2018-03-29 01:23:41.264  WARN 346 --- [           main] o.s.w.c.s.GenericWebApplicationContext   : Exception encountered during context initialization - cancelling refresh attempt: org.springframework.beans.factory.BeanCreationException: Error creating bean with name 'entityManagerFactory' defined in class path resource [org/springframework/boot/autoconfigure/orm/jpa/HibernateJpaConfiguration.class]: Invocation of init method failed; nested exception is org.hibernate.AnnotationException: No identifier specified for entity: com.d4dl.hellofib.helloworld.HelloWorld
2018-03-29 01:23:41.264  INFO 346 --- [           main] com.zaxxer.hikari.HikariDataSource       : HikariPool-1 - Shutdown initiated...
2018-03-29 01:23:41.267  INFO 346 --- [           main] com.zaxxer.hikari.HikariDataSource       : HikariPool-1 - Shutdown completed.
2018-03-29 01:23:41.276  INFO 346 --- [           main] ConditionEvaluationReportLoggingListener : 

Error starting ApplicationContext. To display the conditions report re-run your application with 'debug' enabled.
2018-03-29 01:23:41.282 ERROR 346 --- [           main] o.s.boot.SpringApplication               : Application run failed

org.springframework.beans.factory.BeanCreationException: Error creating bean with name 'entityManagerFactory' defined in class path resource [org/springframework/boot/autoconfigure/orm/jpa/HibernateJpaConfiguration.class]: Invocation of init method failed; nested exception is org.hibernate.AnnotationException: No identifier specified for entity: com.d4dl.hellofib.helloworld.HelloWorld
	at org.springframework.beans.factory.support.AbstractAutowireCapableBeanFactory.initializeBean(AbstractAutowireCapableBeanFactory.java:1710) ~[spring-beans-5.0.4.RELEASE.jar:5.0.4.RELEASE]
	at org.springframework.beans.factory.support.AbstractAutowireCapableBeanFactory.doCreateBean(AbstractAutowireCapableBeanFactory.java:583) ~[spring-beans-5.0.4.RELEASE.jar:5.0.4.RELEASE]
	at org.springframework.beans.factory.support.AbstractAutowireCapableBeanFactory.createBean(AbstractAutowireCapableBeanFactory.java:502) ~[spring-beans-5.0.4.RELEASE.jar:5.0.4.RELEASE]
	at org.springframework.beans.factory.support.AbstractBeanFactory.lambda$doGetBean$0(AbstractBeanFactory.java:312) ~[spring-beans-5.0.4.RELEASE.jar:5.0.4.RELEASE]
	at org.springframework.beans.factory.support.DefaultSingletonBeanRegistry.getSingleton(DefaultSingletonBeanRegistry.java:228) ~[spring-beans-5.0.4.RELEASE.jar:5.0.4.RELEASE]
	at org.springframework.beans.factory.support.AbstractBeanFactory.doGetBean(AbstractBeanFactory.java:310) ~[spring-beans-5.0.4.RELEASE.jar:5.0.4.RELEASE]
	at org.springframework.beans.factory.support.AbstractBeanFactory.getBean(AbstractBeanFactory.java:200) ~[spring-beans-5.0.4.RELEASE.jar:5.0.4.RELEASE]
	at org.springframework.context.support.AbstractApplicationContext.getBean(AbstractApplicationContext.java:1085) ~[spring-context-5.0.4.RELEASE.jar:5.0.4.RELEASE]
	at org.springframework.context.support.AbstractApplicationContext.finishBeanFactoryInitialization(AbstractApplicationContext.java:858) ~[spring-context-5.0.4.RELEASE.jar:5.0.4.RELEASE]
	at org.springframework.context.support.AbstractApplicationContext.refresh(AbstractApplicationContext.java:549) ~[spring-context-5.0.4.RELEASE.jar:5.0.4.RELEASE]
	at org.springframework.boot.SpringApplication.refresh(SpringApplication.java:752) ~[spring-boot-2.0.0.RELEASE.jar:2.0.0.RELEASE]
	at org.springframework.boot.SpringApplication.refreshContext(SpringApplication.java:388) ~[spring-boot-2.0.0.RELEASE.jar:2.0.0.RELEASE]
	at org.springframework.boot.SpringApplication.run(SpringApplication.java:327) ~[spring-boot-2.0.0.RELEASE.jar:2.0.0.RELEASE]
	at org.springframework.boot.test.context.SpringBootContextLoader.loadContext(SpringBootContextLoader.java:138) [spring-boot-test-2.0.0.RELEASE.jar:2.0.0.RELEASE]
	at org.springframework.test.context.cache.DefaultCacheAwareContextLoaderDelegate.loadContextInternal(DefaultCacheAwareContextLoaderDelegate.java:99) [spring-test-5.0.4.RELEASE.jar:5.0.4.RELEASE]
	at org.springframework.test.context.cache.DefaultCacheAwareContextLoaderDelegate.loadContext(DefaultCacheAwareContextLoaderDelegate.java:117) [spring-test-5.0.4.RELEASE.jar:5.0.4.RELEASE]
	at org.springframework.test.context.support.DefaultTestContext.getApplicationContext(DefaultTestContext.java:107) [spring-test-5.0.4.RELEASE.jar:5.0.4.RELEASE]
	at org.springframework.test.context.web.ServletTestExecutionListener.setUpRequestContextIfNecessary(ServletTestExecutionListener.java:190) [spring-test-5.0.4.RELEASE.jar:5.0.4.RELEASE]
	at org.springframework.test.context.web.ServletTestExecutionListener.prepareTestInstance(ServletTestExecutionListener.java:132) [spring-test-5.0.4.RELEASE.jar:5.0.4.RELEASE]
	at org.springframework.test.context.TestContextManager.prepareTestInstance(TestContextManager.java:242) [spring-test-5.0.4.RELEASE.jar:5.0.4.RELEASE]
	at org.springframework.test.context.junit4.SpringJUnit4ClassRunner.createTest(SpringJUnit4ClassRunner.java:227) [spring-test-5.0.4.RELEASE.jar:5.0.4.RELEASE]
	at org.springframework.test.context.junit4.SpringJUnit4ClassRunner$1.runReflectiveCall(SpringJUnit4ClassRunner.java:289) [spring-test-5.0.4.RELEASE.jar:5.0.4.RELEASE]
	at org.junit.internal.runners.model.ReflectiveCallable.run(ReflectiveCallable.java:12) [junit-4.12.jar:4.12]
	at org.springframework.test.context.junit4.SpringJUnit4ClassRunner.methodBlock(SpringJUnit4ClassRunner.java:291) [spring-test-5.0.4.RELEASE.jar:5.0.4.RELEASE]
	at org.springframework.test.context.junit4.SpringJUnit4ClassRunner.runChild(SpringJUnit4ClassRunner.java:246) [spring-test-5.0.4.RELEASE.jar:5.0.4.RELEASE]
	at org.springframework.test.context.junit4.SpringJUnit4ClassRunner.runChild(SpringJUnit4ClassRunner.java:97) [spring-test-5.0.4.RELEASE.jar:5.0.4.RELEASE]
	at org.junit.runners.ParentRunner$3.run(ParentRunner.java:290) [junit-4.12.jar:4.12]
	at org.junit.runners.ParentRunner$1.schedule(ParentRunner.java:71) [junit-4.12.jar:4.12]
	at org.junit.runners.ParentRunner.runChildren(ParentRunner.java:288) [junit-4.12.jar:4.12]
	at org.junit.runners.ParentRunner.access$000(ParentRunner.java:58) [junit-4.12.jar:4.12]
	at org.junit.runners.ParentRunner$2.evaluate(ParentRunner.java:268) [junit-4.12.jar:4.12]
	at org.springframework.test.context.junit4.statements.RunBeforeTestClassCallbacks.evaluate(RunBeforeTestClassCallbacks.java:61) [spring-test-5.0.4.RELEASE.jar:5.0.4.RELEASE]
	at org.springframework.test.context.junit4.statements.RunAfterTestClassCallbacks.evaluate(RunAfterTestClassCallbacks.java:70) [spring-test-5.0.4.RELEASE.jar:5.0.4.RELEASE]
	at org.junit.runners.ParentRunner.run(ParentRunner.java:363) [junit-4.12.jar:4.12]
	at org.springframework.test.context.junit4.SpringJUnit4ClassRunner.run(SpringJUnit4ClassRunner.java:190) [spring-test-5.0.4.RELEASE.jar:5.0.4.RELEASE]
	at org.apache.maven.surefire.junit4.JUnit4Provider.execute(JUnit4Provider.java:369) [surefire-junit4-2.20.1.jar:2.20.1]
	at org.apache.maven.surefire.junit4.JUnit4Provider.executeWithRerun(JUnit4Provider.java:275) [surefire-junit4-2.20.1.jar:2.20.1]
	at org.apache.maven.surefire.junit4.JUnit4Provider.executeTestSet(JUnit4Provider.java:239) [surefire-junit4-2.20.1.jar:2.20.1]
	at org.apache.maven.surefire.junit4.JUnit4Provider.invoke(JUnit4Provider.java:160) [surefire-junit4-2.20.1.jar:2.20.1]
	at org.apache.maven.surefire.booter.ForkedBooter.invokeProviderInSameClassLoader(ForkedBooter.java:373) [surefire-booter-2.20.1.jar:2.20.1]
	at org.apache.maven.surefire.booter.ForkedBooter.runSuitesInProcess(ForkedBooter.java:334) [surefire-booter-2.20.1.jar:2.20.1]
	at org.apache.maven.surefire.booter.ForkedBooter.execute(ForkedBooter.java:119) [surefire-booter-2.20.1.jar:2.20.1]
	at org.apache.maven.surefire.booter.ForkedBooter.main(ForkedBooter.java:407) [surefire-booter-2.20.1.jar:2.20.1]
Caused by: org.hibernate.AnnotationException: No identifier specified for entity: com.d4dl.hellofib.helloworld.HelloWorld
	at org.hibernate.cfg.InheritanceState.determineDefaultAccessType(InheritanceState.java:266) ~[hibernate-core-5.2.14.Final.jar:5.2.14.Final]
	at org.hibernate.cfg.InheritanceState.getElementsToProcess(InheritanceState.java:211) ~[hibernate-core-5.2.14.Final.jar:5.2.14.Final]
	at org.hibernate.cfg.AnnotationBinder.bindClass(AnnotationBinder.java:730) ~[hibernate-core-5.2.14.Final.jar:5.2.14.Final]
	at org.hibernate.boot.model.source.internal.annotations.AnnotationMetadataSourceProcessorImpl.processEntityHierarchies(AnnotationMetadataSourceProcessorImpl.java:249) ~[hibernate-core-5.2.14.Final.jar:5.2.14.Final]
	at org.hibernate.boot.model.process.spi.MetadataBuildingProcess$1.processEntityHierarchies(MetadataBuildingProcess.java:222) ~[hibernate-core-5.2.14.Final.jar:5.2.14.Final]
	at org.hibernate.boot.model.process.spi.MetadataBuildingProcess.complete(MetadataBuildingProcess.java:265) ~[hibernate-core-5.2.14.Final.jar:5.2.14.Final]
	at org.hibernate.jpa.boot.internal.EntityManagerFactoryBuilderImpl.metadata(EntityManagerFactoryBuilderImpl.java:861) ~[hibernate-core-5.2.14.Final.jar:5.2.14.Final]
	at org.hibernate.jpa.boot.internal.EntityManagerFactoryBuilderImpl.build(EntityManagerFactoryBuilderImpl.java:888) ~[hibernate-core-5.2.14.Final.jar:5.2.14.Final]
	at org.springframework.orm.jpa.vendor.SpringHibernateJpaPersistenceProvider.createContainerEntityManagerFactory(SpringHibernateJpaPersistenceProvider.java:57) ~[spring-orm-5.0.4.RELEASE.jar:5.0.4.RELEASE]
	at org.springframework.orm.jpa.LocalContainerEntityManagerFactoryBean.createNativeEntityManagerFactory(LocalContainerEntityManagerFactoryBean.java:365) ~[spring-orm-5.0.4.RELEASE.jar:5.0.4.RELEASE]
	at org.springframework.orm.jpa.AbstractEntityManagerFactoryBean.buildNativeEntityManagerFactory(AbstractEntityManagerFactoryBean.java:388) ~[spring-orm-5.0.4.RELEASE.jar:5.0.4.RELEASE]
	at org.springframework.orm.jpa.AbstractEntityManagerFactoryBean.afterPropertiesSet(AbstractEntityManagerFactoryBean.java:377) ~[spring-orm-5.0.4.RELEASE.jar:5.0.4.RELEASE]
	at org.springframework.orm.jpa.LocalContainerEntityManagerFactoryBean.afterPropertiesSet(LocalContainerEntityManagerFactoryBean.java:341) ~[spring-orm-5.0.4.RELEASE.jar:5.0.4.RELEASE]
	at org.springframework.beans.factory.support.AbstractAutowireCapableBeanFactory.invokeInitMethods(AbstractAutowireCapableBeanFactory.java:1769) ~[spring-beans-5.0.4.RELEASE.jar:5.0.4.RELEASE]
	at org.springframework.beans.factory.support.AbstractAutowireCapableBeanFactory.initializeBean(AbstractAutowireCapableBeanFactory.java:1706) ~[spring-beans-5.0.4.RELEASE.jar:5.0.4.RELEASE]
	... 42 common frames omitted

2018-03-29 01:23:41.285 ERROR 346 --- [           main] o.s.test.context.TestContextManager      : Caught exception while allowing TestExecutionListener [org.springframework.test.context.web.ServletTestExecutionListener@36ebc363] to prepare test instance [com.d4dl.hellofib.HelloWorldTests@3c380bd8]

java.lang.IllegalStateException: Failed to load ApplicationContext
	at org.springframework.test.context.cache.DefaultCacheAwareContextLoaderDelegate.loadContext(DefaultCacheAwareContextLoaderDelegate.java:125) ~[spring-test-5.0.4.RELEASE.jar:5.0.4.RELEASE]
	at org.springframework.test.context.support.DefaultTestContext.getApplicationContext(DefaultTestContext.java:107) ~[spring-test-5.0.4.RELEASE.jar:5.0.4.RELEASE]
	at org.springframework.test.context.web.ServletTestExecutionListener.setUpRequestContextIfNecessary(ServletTestExecutionListener.java:190) ~[spring-test-5.0.4.RELEASE.jar:5.0.4.RELEASE]
	at org.springframework.test.context.web.ServletTestExecutionListener.prepareTestInstance(ServletTestExecutionListener.java:132) ~[spring-test-5.0.4.RELEASE.jar:5.0.4.RELEASE]
	at org.springframework.test.context.TestContextManager.prepareTestInstance(TestContextManager.java:242) ~[spring-test-5.0.4.RELEASE.jar:5.0.4.RELEASE]
	at org.springframework.test.context.junit4.SpringJUnit4ClassRunner.createTest(SpringJUnit4ClassRunner.java:227) [spring-test-5.0.4.RELEASE.jar:5.0.4.RELEASE]
	at org.springframework.test.context.junit4.SpringJUnit4ClassRunner$1.runReflectiveCall(SpringJUnit4ClassRunner.java:289) [spring-test-5.0.4.RELEASE.jar:5.0.4.RELEASE]
	at org.junit.internal.runners.model.ReflectiveCallable.run(ReflectiveCallable.java:12) [junit-4.12.jar:4.12]
	at org.springframework.test.context.junit4.SpringJUnit4ClassRunner.methodBlock(SpringJUnit4ClassRunner.java:291) [spring-test-5.0.4.RELEASE.jar:5.0.4.RELEASE]
	at org.springframework.test.context.junit4.SpringJUnit4ClassRunner.runChild(SpringJUnit4ClassRunner.java:246) [spring-test-5.0.4.RELEASE.jar:5.0.4.RELEASE]
	at org.springframework.test.context.junit4.SpringJUnit4ClassRunner.runChild(SpringJUnit4ClassRunner.java:97) [spring-test-5.0.4.RELEASE.jar:5.0.4.RELEASE]
	at org.junit.runners.ParentRunner$3.run(ParentRunner.java:290) [junit-4.12.jar:4.12]
	at org.junit.runners.ParentRunner$1.schedule(ParentRunner.java:71) [junit-4.12.jar:4.12]
	at org.junit.runners.ParentRunner.runChildren(ParentRunner.java:288) [junit-4.12.jar:4.12]
	at org.junit.runners.ParentRunner.access$000(ParentRunner.java:58) [junit-4.12.jar:4.12]
	at org.junit.runners.ParentRunner$2.evaluate(ParentRunner.java:268) [junit-4.12.jar:4.12]
	at org.springframework.test.context.junit4.statements.RunBeforeTestClassCallbacks.evaluate(RunBeforeTestClassCallbacks.java:61) [spring-test-5.0.4.RELEASE.jar:5.0.4.RELEASE]
	at org.springframework.test.context.junit4.statements.RunAfterTestClassCallbacks.evaluate(RunAfterTestClassCallbacks.java:70) [spring-test-5.0.4.RELEASE.jar:5.0.4.RELEASE]
	at org.junit.runners.ParentRunner.run(ParentRunner.java:363) [junit-4.12.jar:4.12]
	at org.springframework.test.context.junit4.SpringJUnit4ClassRunner.run(SpringJUnit4ClassRunner.java:190) [spring-test-5.0.4.RELEASE.jar:5.0.4.RELEASE]
	at org.apache.maven.surefire.junit4.JUnit4Provider.execute(JUnit4Provider.java:369) [surefire-junit4-2.20.1.jar:2.20.1]
	at org.apache.maven.surefire.junit4.JUnit4Provider.executeWithRerun(JUnit4Provider.java:275) [surefire-junit4-2.20.1.jar:2.20.1]
	at org.apache.maven.surefire.junit4.JUnit4Provider.executeTestSet(JUnit4Provider.java:239) [surefire-junit4-2.20.1.jar:2.20.1]
	at org.apache.maven.surefire.junit4.JUnit4Provider.invoke(JUnit4Provider.java:160) [surefire-junit4-2.20.1.jar:2.20.1]
	at org.apache.maven.surefire.booter.ForkedBooter.invokeProviderInSameClassLoader(ForkedBooter.java:373) [surefire-booter-2.20.1.jar:2.20.1]
	at org.apache.maven.surefire.booter.ForkedBooter.runSuitesInProcess(ForkedBooter.java:334) [surefire-booter-2.20.1.jar:2.20.1]
	at org.apache.maven.surefire.booter.ForkedBooter.execute(ForkedBooter.java:119) [surefire-booter-2.20.1.jar:2.20.1]
	at org.apache.maven.surefire.booter.ForkedBooter.main(ForkedBooter.java:407) [surefire-booter-2.20.1.jar:2.20.1]
Caused by: org.springframework.beans.factory.BeanCreationException: Error creating bean with name 'entityManagerFactory' defined in class path resource [org/springframework/boot/autoconfigure/orm/jpa/HibernateJpaConfiguration.class]: Invocation of init method failed; nested exception is org.hibernate.AnnotationException: No identifier specified for entity: com.d4dl.hellofib.helloworld.HelloWorld
	at org.springframework.beans.factory.support.AbstractAutowireCapableBeanFactory.initializeBean(AbstractAutowireCapableBeanFactory.java:1710) ~[spring-beans-5.0.4.RELEASE.jar:5.0.4.RELEASE]
	at org.springframework.beans.factory.support.AbstractAutowireCapableBeanFactory.doCreateBean(AbstractAutowireCapableBeanFactory.java:583) ~[spring-beans-5.0.4.RELEASE.jar:5.0.4.RELEASE]
	at org.springframework.beans.factory.support.AbstractAutowireCapableBeanFactory.createBean(AbstractAutowireCapableBeanFactory.java:502) ~[spring-beans-5.0.4.RELEASE.jar:5.0.4.RELEASE]
	at org.springframework.beans.factory.support.AbstractBeanFactory.lambda$doGetBean$0(AbstractBeanFactory.java:312) ~[spring-beans-5.0.4.RELEASE.jar:5.0.4.RELEASE]
	at org.springframework.beans.factory.support.DefaultSingletonBeanRegistry.getSingleton(DefaultSingletonBeanRegistry.java:228) ~[spring-beans-5.0.4.RELEASE.jar:5.0.4.RELEASE]
	at org.springframework.beans.factory.support.AbstractBeanFactory.doGetBean(AbstractBeanFactory.java:310) ~[spring-beans-5.0.4.RELEASE.jar:5.0.4.RELEASE]
	at org.springframework.beans.factory.support.AbstractBeanFactory.getBean(AbstractBeanFactory.java:200) ~[spring-beans-5.0.4.RELEASE.jar:5.0.4.RELEASE]
	at org.springframework.context.support.AbstractApplicationContext.getBean(AbstractApplicationContext.java:1085) ~[spring-context-5.0.4.RELEASE.jar:5.0.4.RELEASE]
	at org.springframework.context.support.AbstractApplicationContext.finishBeanFactoryInitialization(AbstractApplicationContext.java:858) ~[spring-context-5.0.4.RELEASE.jar:5.0.4.RELEASE]
	at org.springframework.context.support.AbstractApplicationContext.refresh(AbstractApplicationContext.java:549) ~[spring-context-5.0.4.RELEASE.jar:5.0.4.RELEASE]
	at org.springframework.boot.SpringApplication.refresh(SpringApplication.java:752) ~[spring-boot-2.0.0.RELEASE.jar:2.0.0.RELEASE]
	at org.springframework.boot.SpringApplication.refreshContext(SpringApplication.java:388) ~[spring-boot-2.0.0.RELEASE.jar:2.0.0.RELEASE]
	at org.springframework.boot.SpringApplication.run(SpringApplication.java:327) ~[spring-boot-2.0.0.RELEASE.jar:2.0.0.RELEASE]
	at org.springframework.boot.test.context.SpringBootContextLoader.loadContext(SpringBootContextLoader.java:138) ~[spring-boot-test-2.0.0.RELEASE.jar:2.0.0.RELEASE]
	at org.springframework.test.context.cache.DefaultCacheAwareContextLoaderDelegate.loadContextInternal(DefaultCacheAwareContextLoaderDelegate.java:99) ~[spring-test-5.0.4.RELEASE.jar:5.0.4.RELEASE]
	at org.springframework.test.context.cache.DefaultCacheAwareContextLoaderDelegate.loadContext(DefaultCacheAwareContextLoaderDelegate.java:117) ~[spring-test-5.0.4.RELEASE.jar:5.0.4.RELEASE]
	... 27 common frames omitted
Caused by: org.hibernate.AnnotationException: No identifier specified for entity: com.d4dl.hellofib.helloworld.HelloWorld
	at org.hibernate.cfg.InheritanceState.determineDefaultAccessType(InheritanceState.java:266) ~[hibernate-core-5.2.14.Final.jar:5.2.14.Final]
	at org.hibernate.cfg.InheritanceState.getElementsToProcess(InheritanceState.java:211) ~[hibernate-core-5.2.14.Final.jar:5.2.14.Final]
	at org.hibernate.cfg.AnnotationBinder.bindClass(AnnotationBinder.java:730) ~[hibernate-core-5.2.14.Final.jar:5.2.14.Final]
	at org.hibernate.boot.model.source.internal.annotations.AnnotationMetadataSourceProcessorImpl.processEntityHierarchies(AnnotationMetadataSourceProcessorImpl.java:249) ~[hibernate-core-5.2.14.Final.jar:5.2.14.Final]
	at org.hibernate.boot.model.process.spi.MetadataBuildingProcess$1.processEntityHierarchies(MetadataBuildingProcess.java:222) ~[hibernate-core-5.2.14.Final.jar:5.2.14.Final]
	at org.hibernate.boot.model.process.spi.MetadataBuildingProcess.complete(MetadataBuildingProcess.java:265) ~[hibernate-core-5.2.14.Final.jar:5.2.14.Final]
	at org.hibernate.jpa.boot.internal.EntityManagerFactoryBuilderImpl.metadata(EntityManagerFactoryBuilderImpl.java:861) ~[hibernate-core-5.2.14.Final.jar:5.2.14.Final]
	at org.hibernate.jpa.boot.internal.EntityManagerFactoryBuilderImpl.build(EntityManagerFactoryBuilderImpl.java:888) ~[hibernate-core-5.2.14.Final.jar:5.2.14.Final]
	at org.springframework.orm.jpa.vendor.SpringHibernateJpaPersistenceProvider.createContainerEntityManagerFactory(SpringHibernateJpaPersistenceProvider.java:57) ~[spring-orm-5.0.4.RELEASE.jar:5.0.4.RELEASE]
	at org.springframework.orm.jpa.LocalContainerEntityManagerFactoryBean.createNativeEntityManagerFactory(LocalContainerEntityManagerFactoryBean.java:365) ~[spring-orm-5.0.4.RELEASE.jar:5.0.4.RELEASE]
	at org.springframework.orm.jpa.AbstractEntityManagerFactoryBean.buildNativeEntityManagerFactory(AbstractEntityManagerFactoryBean.java:388) ~[spring-orm-5.0.4.RELEASE.jar:5.0.4.RELEASE]
	at org.springframework.orm.jpa.AbstractEntityManagerFactoryBean.afterPropertiesSet(AbstractEntityManagerFactoryBean.java:377) ~[spring-orm-5.0.4.RELEASE.jar:5.0.4.RELEASE]
	at org.springframework.orm.jpa.LocalContainerEntityManagerFactoryBean.afterPropertiesSet(LocalContainerEntityManagerFactoryBean.java:341) ~[spring-orm-5.0.4.RELEASE.jar:5.0.4.RELEASE]
	at org.springframework.beans.factory.support.AbstractAutowireCapableBeanFactory.invokeInitMethods(AbstractAutowireCapableBeanFactory.java:1769) ~[spring-beans-5.0.4.RELEASE.jar:5.0.4.RELEASE]
	at org.springframework.beans.factory.support.AbstractAutowireCapableBeanFactory.initializeBean(AbstractAutowireCapableBeanFactory.java:1706) ~[spring-beans-5.0.4.RELEASE.jar:5.0.4.RELEASE]
	... 42 common frames omitted

]]></system-out>
  </testcase>
</testsuite>