<?xml version="1.0" encoding="UTF-8"?>
<testsuite xmlns:xsi="http://www.w3.org/2001/XMLSchema-instance" xsi:noNamespaceSchemaLocation="https://maven.apache.org/surefire/maven-surefire-plugin/xsd/surefire-test-report.xsd" name="com.gunnarro.dietmanager.service.DietManagerServiceTest" time="38.479" tests="5" errors="4" skipped="1" failures="0">
  <properties>
    <property name="awt.toolkit" value="sun.awt.X11.XToolkit"/>
    <property name="file.encoding.pkg" value="sun.io"/>
    <property name="java.specification.version" value="1.8"/>
    <property name="sun.cpu.isalist" value=""/>
    <property name="sun.jnu.encoding" value="UTF-8"/>
    <property name="java.class.path" value="/root/workspace/gunnarro/diet-manager/409215400/target/test-classes:/root/workspace/gunnarro/diet-manager/409215400/target/classes:/root/workspace/gunnarro/diet-manager/409215400/src/main/resources/lib/user-manager-1.2.0.jar:/root/./workspace/gunnarro/diet-manager/409215400/.m2/org/springframework/data/spring-data-commons/2.0.8.RELEASE/spring-data-commons-2.0.8.RELEASE.jar:/root/./workspace/gunnarro/diet-manager/409215400/.m2/org/springframework/spring-core/5.0.7.RELEASE/spring-core-5.0.7.RELEASE.jar:/root/./workspace/gunnarro/diet-manager/409215400/.m2/org/springframework/spring-jcl/5.0.7.RELEASE/spring-jcl-5.0.7.RELEASE.jar:/root/./workspace/gunnarro/diet-manager/409215400/.m2/org/springframework/spring-beans/5.0.7.RELEASE/spring-beans-5.0.7.RELEASE.jar:/root/./workspace/gunnarro/diet-manager/409215400/.m2/org/slf4j/slf4j-api/1.7.25/slf4j-api-1.7.25.jar:/root/./workspace/gunnarro/diet-manager/409215400/.m2/joda-time/joda-time/2.9.6/joda-time-2.9.6.jar:/root/./workspace/gunnarro/diet-manager/409215400/.m2/com/vladsch/flexmark/flexmark-all/0.32.4/flexmark-all-0.32.4.jar:/root/./workspace/gunnarro/diet-manager/409215400/.m2/com/vladsch/flexmark/flexmark/0.32.4/flexmark-0.32.4.jar:/root/./workspace/gunnarro/diet-manager/409215400/.m2/com/vladsch/flexmark/flexmark-ext-abbreviation/0.32.4/flexmark-ext-abbreviation-0.32.4.jar:/root/./workspace/gunnarro/diet-manager/409215400/.m2/com/vladsch/flexmark/flexmark-ext-anchorlink/0.32.4/flexmark-ext-anchorlink-0.32.4.jar:/root/./workspace/gunnarro/diet-manager/409215400/.m2/com/vladsch/flexmark/flexmark-ext-aside/0.32.4/flexmark-ext-aside-0.32.4.jar:/root/./workspace/gunnarro/diet-manager/409215400/.m2/com/vladsch/flexmark/flexmark-ext-attributes/0.32.4/flexmark-ext-attributes-0.32.4.jar:/root/./workspace/gunnarro/diet-manager/409215400/.m2/com/vladsch/flexmark/flexmark-ext-autolink/0.32.4/flexmark-ext-autolink-0.32.4.jar:/root/./workspace/gunnarro/diet-manager/409215400/.m2/org/nibor/autolink/autolink/0.6.0/autolink-0.6.0.jar:/root/./workspace/gunnarro/diet-manager/409215400/.m2/com/vladsch/flexmark/flexmark-ext-definition/0.32.4/flexmark-ext-definition-0.32.4.jar:/root/./workspace/gunnarro/diet-manager/409215400/.m2/com/vladsch/flexmark/flexmark-ext-emoji/0.32.4/flexmark-ext-emoji-0.32.4.jar:/root/./workspace/gunnarro/diet-manager/409215400/.m2/com/vladsch/flexmark/flexmark-ext-enumerated-reference/0.32.4/flexmark-ext-enumerated-reference-0.32.4.jar:/root/./workspace/gunnarro/diet-manager/409215400/.m2/com/vladsch/flexmark/flexmark-ext-escaped-character/0.32.4/flexmark-ext-escaped-character-0.32.4.jar:/root/./workspace/gunnarro/diet-manager/409215400/.m2/com/vladsch/flexmark/flexmark-ext-footnotes/0.32.4/flexmark-ext-footnotes-0.32.4.jar:/root/./workspace/gunnarro/diet-manager/409215400/.m2/com/vladsch/flexmark/flexmark-ext-gfm-issues/0.32.4/flexmark-ext-gfm-issues-0.32.4.jar:/root/./workspace/gunnarro/diet-manager/409215400/.m2/com/vladsch/flexmark/flexmark-ext-gfm-strikethrough/0.32.4/flexmark-ext-gfm-strikethrough-0.32.4.jar:/root/./workspace/gunnarro/diet-manager/409215400/.m2/com/vladsch/flexmark/flexmark-ext-gfm-tables/0.32.4/flexmark-ext-gfm-tables-0.32.4.jar:/root/./workspace/gunnarro/diet-manager/409215400/.m2/com/vladsch/flexmark/flexmark-ext-gfm-tasklist/0.32.4/flexmark-ext-gfm-tasklist-0.32.4.jar:/root/./workspace/gunnarro/diet-manager/409215400/.m2/com/vladsch/flexmark/flexmark-ext-gfm-users/0.32.4/flexmark-ext-gfm-users-0.32.4.jar:/root/./workspace/gunnarro/diet-manager/409215400/.m2/com/vladsch/flexmark/flexmark-ext-jekyll-front-matter/0.32.4/flexmark-ext-jekyll-front-matter-0.32.4.jar:/root/./workspace/gunnarro/diet-manager/409215400/.m2/com/vladsch/flexmark/flexmark-ext-jekyll-tag/0.32.4/flexmark-ext-jekyll-tag-0.32.4.jar:/root/./workspace/gunnarro/diet-manager/409215400/.m2/com/vladsch/flexmark/flexmark-ext-ins/0.32.4/flexmark-ext-ins-0.32.4.jar:/root/./workspace/gunnarro/diet-manager/409215400/.m2/com/vladsch/flexmark/flexmark-ext-xwiki-macros/0.32.4/flexmark-ext-xwiki-macros-0.32.4.jar:/root/./workspace/gunnarro/diet-manager/409215400/.m2/com/vladsch/flexmark/flexmark-ext-superscript/0.32.4/flexmark-ext-superscript-0.32.4.jar:/root/./workspace/gunnarro/diet-manager/409215400/.m2/com/vladsch/flexmark/flexmark-ext-tables/0.32.4/flexmark-ext-tables-0.32.4.jar:/root/./workspace/gunnarro/diet-manager/409215400/.m2/com/vladsch/flexmark/flexmark-ext-toc/0.32.4/flexmark-ext-toc-0.32.4.jar:/root/./workspace/gunnarro/diet-manager/409215400/.m2/com/vladsch/flexmark/flexmark-ext-typographic/0.32.4/flexmark-ext-typographic-0.32.4.jar:/root/./workspace/gunnarro/diet-manager/409215400/.m2/com/vladsch/flexmark/flexmark-ext-wikilink/0.32.4/flexmark-ext-wikilink-0.32.4.jar:/root/./workspace/gunnarro/diet-manager/409215400/.m2/com/vladsch/flexmark/flexmark-ext-yaml-front-matter/0.32.4/flexmark-ext-yaml-front-matter-0.32.4.jar:/root/./workspace/gunnarro/diet-manager/409215400/.m2/com/vladsch/flexmark/flexmark-ext-youtube-embedded/0.32.4/flexmark-ext-youtube-embedded-0.32.4.jar:/root/./workspace/gunnarro/diet-manager/409215400/.m2/com/vladsch/flexmark/flexmark-formatter/0.32.4/flexmark-formatter-0.32.4.jar:/root/./workspace/gunnarro/diet-manager/409215400/.m2/com/vladsch/flexmark/flexmark-html-parser/0.32.4/flexmark-html-parser-0.32.4.jar:/root/./workspace/gunnarro/diet-manager/409215400/.m2/org/jsoup/jsoup/1.10.2/jsoup-1.10.2.jar:/root/./workspace/gunnarro/diet-manager/409215400/.m2/com/vladsch/flexmark/flexmark-jira-converter/0.32.4/flexmark-jira-converter-0.32.4.jar:/root/./workspace/gunnarro/diet-manager/409215400/.m2/com/vladsch/flexmark/flexmark-pdf-converter/0.32.4/flexmark-pdf-converter-0.32.4.jar:/root/./workspace/gunnarro/diet-manager/409215400/.m2/com/openhtmltopdf/openhtmltopdf-core/0.0.1-RC9/openhtmltopdf-core-0.0.1-RC9.jar:/root/./workspace/gunnarro/diet-manager/409215400/.m2/com/openhtmltopdf/openhtmltopdf-pdfbox/0.0.1-RC9/openhtmltopdf-pdfbox-0.0.1-RC9.jar:/root/./workspace/gunnarro/diet-manager/409215400/.m2/org/apache/pdfbox/pdfbox/2.0.4/pdfbox-2.0.4.jar:/root/./workspace/gunnarro/diet-manager/409215400/.m2/org/apache/pdfbox/fontbox/2.0.4/fontbox-2.0.4.jar:/root/./workspace/gunnarro/diet-manager/409215400/.m2/commons-logging/commons-logging/1.2/commons-logging-1.2.jar:/root/./workspace/gunnarro/diet-manager/409215400/.m2/com/openhtmltopdf/openhtmltopdf-rtl-support/0.0.1-RC9/openhtmltopdf-rtl-support-0.0.1-RC9.jar:/root/./workspace/gunnarro/diet-manager/409215400/.m2/com/ibm/icu/icu4j/58.1/icu4j-58.1.jar:/root/./workspace/gunnarro/diet-manager/409215400/.m2/com/openhtmltopdf/openhtmltopdf-jsoup-dom-converter/0.0.1-RC9/openhtmltopdf-jsoup-dom-converter-0.0.1-RC9.jar:/root/./workspace/gunnarro/diet-manager/409215400/.m2/com/vladsch/flexmark/flexmark-profile-pegdown/0.32.4/flexmark-profile-pegdown-0.32.4.jar:/root/./workspace/gunnarro/diet-manager/409215400/.m2/com/vladsch/flexmark/flexmark-util/0.32.4/flexmark-util-0.32.4.jar:/root/./workspace/gunnarro/diet-manager/409215400/.m2/com/vladsch/flexmark/flexmark-youtrack-converter/0.32.4/flexmark-youtrack-converter-0.32.4.jar:/root/./workspace/gunnarro/diet-manager/409215400/.m2/org/springframework/boot/spring-boot-starter-web/2.0.3.RELEASE/spring-boot-starter-web-2.0.3.RELEASE.jar:/root/./workspace/gunnarro/diet-manager/409215400/.m2/org/springframework/boot/spring-boot-starter/2.0.3.RELEASE/spring-boot-starter-2.0.3.RELEASE.jar:/root/./workspace/gunnarro/diet-manager/409215400/.m2/javax/annotation/javax.annotation-api/1.3.2/javax.annotation-api-1.3.2.jar:/root/./workspace/gunnarro/diet-manager/409215400/.m2/org/yaml/snakeyaml/1.19/snakeyaml-1.19.jar:/root/./workspace/gunnarro/diet-manager/409215400/.m2/org/springframework/boot/spring-boot-starter-json/2.0.3.RELEASE/spring-boot-starter-json-2.0.3.RELEASE.jar:/root/./workspace/gunnarro/diet-manager/409215400/.m2/com/fasterxml/jackson/datatype/jackson-datatype-jdk8/2.9.6/jackson-datatype-jdk8-2.9.6.jar:/root/./workspace/gunnarro/diet-manager/409215400/.m2/com/fasterxml/jackson/datatype/jackson-datatype-jsr310/2.9.6/jackson-datatype-jsr310-2.9.6.jar:/root/./workspace/gunnarro/diet-manager/409215400/.m2/com/fasterxml/jackson/module/jackson-module-parameter-names/2.9.6/jackson-module-parameter-names-2.9.6.jar:/root/./workspace/gunnarro/diet-manager/409215400/.m2/org/springframework/boot/spring-boot-starter-tomcat/2.0.3.RELEASE/spring-boot-starter-tomcat-2.0.3.RELEASE.jar:/root/./workspace/gunnarro/diet-manager/409215400/.m2/org/apache/tomcat/embed/tomcat-embed-core/8.5.31/tomcat-embed-core-8.5.31.jar:/root/./workspace/gunnarro/diet-manager/409215400/.m2/org/apache/tomcat/embed/tomcat-embed-el/8.5.31/tomcat-embed-el-8.5.31.jar:/root/./workspace/gunnarro/diet-manager/409215400/.m2/org/apache/tomcat/embed/tomcat-embed-websocket/8.5.31/tomcat-embed-websocket-8.5.31.jar:/root/./workspace/gunnarro/diet-manager/409215400/.m2/org/hibernate/validator/hibernate-validator/6.0.10.Final/hibernate-validator-6.0.10.Final.jar:/root/./workspace/gunnarro/diet-manager/409215400/.m2/org/jboss/logging/jboss-logging/3.3.2.Final/jboss-logging-3.3.2.Final.jar:/root/./workspace/gunnarro/diet-manager/409215400/.m2/com/fasterxml/classmate/1.3.4/classmate-1.3.4.jar:/root/./workspace/gunnarro/diet-manager/409215400/.m2/org/springframework/spring-web/5.0.7.RELEASE/spring-web-5.0.7.RELEASE.jar:/root/./workspace/gunnarro/diet-manager/409215400/.m2/org/springframework/spring-webmvc/5.0.7.RELEASE/spring-webmvc-5.0.7.RELEASE.jar:/root/./workspace/gunnarro/diet-manager/409215400/.m2/org/springframework/spring-context/5.0.7.RELEASE/spring-context-5.0.7.RELEASE.jar:/root/./workspace/gunnarro/diet-manager/409215400/.m2/org/springframework/spring-expression/5.0.7.RELEASE/spring-expression-5.0.7.RELEASE.jar:/root/./workspace/gunnarro/diet-manager/409215400/.m2/org/springframework/boot/spring-boot-starter-security/2.0.3.RELEASE/spring-boot-starter-security-2.0.3.RELEASE.jar:/root/./workspace/gunnarro/diet-manager/409215400/.m2/org/springframework/spring-aop/5.0.7.RELEASE/spring-aop-5.0.7.RELEASE.jar:/root/./workspace/gunnarro/diet-manager/409215400/.m2/org/springframework/security/spring-security-config/5.0.6.RELEASE/spring-security-config-5.0.6.RELEASE.jar:/root/./workspace/gunnarro/diet-manager/409215400/.m2/org/springframework/security/spring-security-core/5.0.6.RELEASE/spring-security-core-5.0.6.RELEASE.jar:/root/./workspace/gunnarro/diet-manager/409215400/.m2/org/springframework/security/spring-security-web/5.0.6.RELEASE/spring-security-web-5.0.6.RELEASE.jar:/root/./workspace/gunnarro/diet-manager/409215400/.m2/org/springframework/boot/spring-boot-starter-thymeleaf/2.0.3.RELEASE/spring-boot-starter-thymeleaf-2.0.3.RELEASE.jar:/root/./workspace/gunnarro/diet-manager/409215400/.m2/org/thymeleaf/thymeleaf-spring5/3.0.9.RELEASE/thymeleaf-spring5-3.0.9.RELEASE.jar:/root/./workspace/gunnarro/diet-manager/409215400/.m2/org/thymeleaf/thymeleaf/3.0.9.RELEASE/thymeleaf-3.0.9.RELEASE.jar:/root/./workspace/gunnarro/diet-manager/409215400/.m2/org/attoparser/attoparser/2.0.4.RELEASE/attoparser-2.0.4.RELEASE.jar:/root/./workspace/gunnarro/diet-manager/409215400/.m2/org/unbescape/unbescape/1.1.5.RELEASE/unbescape-1.1.5.RELEASE.jar:/root/./workspace/gunnarro/diet-manager/409215400/.m2/org/thymeleaf/extras/thymeleaf-extras-java8time/3.0.1.RELEASE/thymeleaf-extras-java8time-3.0.1.RELEASE.jar:/root/./workspace/gunnarro/diet-manager/409215400/.m2/org/thymeleaf/extras/thymeleaf-extras-springsecurity4/3.0.2.RELEASE/thymeleaf-extras-springsecurity4-3.0.2.RELEASE.jar:/root/./workspace/gunnarro/diet-manager/409215400/.m2/org/springframework/boot/spring-boot-starter-jdbc/2.0.3.RELEASE/spring-boot-starter-jdbc-2.0.3.RELEASE.jar:/root/./workspace/gunnarro/diet-manager/409215400/.m2/com/zaxxer/HikariCP/2.7.9/HikariCP-2.7.9.jar:/root/./workspace/gunnarro/diet-manager/409215400/.m2/org/springframework/spring-jdbc/5.0.7.RELEASE/spring-jdbc-5.0.7.RELEASE.jar:/root/./workspace/gunnarro/diet-manager/409215400/.m2/org/springframework/spring-tx/5.0.7.RELEASE/spring-tx-5.0.7.RELEASE.jar:/root/./workspace/gunnarro/diet-manager/409215400/.m2/org/springframework/boot/spring-boot-starter-log4j2/2.0.3.RELEASE/spring-boot-starter-log4j2-2.0.3.RELEASE.jar:/root/./workspace/gunnarro/diet-manager/409215400/.m2/org/apache/logging/log4j/log4j-slf4j-impl/2.10.0/log4j-slf4j-impl-2.10.0.jar:/root/./workspace/gunnarro/diet-manager/409215400/.m2/org/apache/logging/log4j/log4j-api/2.10.0/log4j-api-2.10.0.jar:/root/./workspace/gunnarro/diet-manager/409215400/.m2/org/apache/logging/log4j/log4j-core/2.10.0/log4j-core-2.10.0.jar:/root/./workspace/gunnarro/diet-manager/409215400/.m2/org/apache/logging/log4j/log4j-jul/2.10.0/log4j-jul-2.10.0.jar:/root/./workspace/gunnarro/diet-manager/409215400/.m2/org/slf4j/jul-to-slf4j/1.7.25/jul-to-slf4j-1.7.25.jar:/root/./workspace/gunnarro/diet-manager/409215400/.m2/com/lmax/disruptor/3.4.1/disruptor-3.4.1.jar:/root/./workspace/gunnarro/diet-manager/409215400/.m2/org/springframework/boot/spring-boot-starter-actuator/2.0.3.RELEASE/spring-boot-starter-actuator-2.0.3.RELEASE.jar:/root/./workspace/gunnarro/diet-manager/409215400/.m2/org/springframework/boot/spring-boot-actuator-autoconfigure/2.0.3.RELEASE/spring-boot-actuator-autoconfigure-2.0.3.RELEASE.jar:/root/./workspace/gunnarro/diet-manager/409215400/.m2/org/springframework/boot/spring-boot-actuator/2.0.3.RELEASE/spring-boot-actuator-2.0.3.RELEASE.jar:/root/./workspace/gunnarro/diet-manager/409215400/.m2/io/micrometer/micrometer-core/1.0.5/micrometer-core-1.0.5.jar:/root/./workspace/gunnarro/diet-manager/409215400/.m2/org/hdrhistogram/HdrHistogram/2.1.10/HdrHistogram-2.1.10.jar:/root/./workspace/gunnarro/diet-manager/409215400/.m2/org/latencyutils/LatencyUtils/2.0.3/LatencyUtils-2.0.3.jar:/root/./workspace/gunnarro/diet-manager/409215400/.m2/org/springframework/boot/spring-boot-devtools/2.0.3.RELEASE/spring-boot-devtools-2.0.3.RELEASE.jar:/root/./workspace/gunnarro/diet-manager/409215400/.m2/org/springframework/boot/spring-boot/2.0.3.RELEASE/spring-boot-2.0.3.RELEASE.jar:/root/./workspace/gunnarro/diet-manager/409215400/.m2/org/springframework/boot/spring-boot-autoconfigure/2.0.3.RELEASE/spring-boot-autoconfigure-2.0.3.RELEASE.jar:/root/./workspace/gunnarro/diet-manager/409215400/.m2/org/springframework/boot/spring-boot-starter-test/2.0.3.RELEASE/spring-boot-starter-test-2.0.3.RELEASE.jar:/root/./workspace/gunnarro/diet-manager/409215400/.m2/org/springframework/boot/spring-boot-test/2.0.3.RELEASE/spring-boot-test-2.0.3.RELEASE.jar:/root/./workspace/gunnarro/diet-manager/409215400/.m2/org/springframework/boot/spring-boot-test-autoconfigure/2.0.3.RELEASE/spring-boot-test-autoconfigure-2.0.3.RELEASE.jar:/root/./workspace/gunnarro/diet-manager/409215400/.m2/com/jayway/jsonpath/json-path/2.4.0/json-path-2.4.0.jar:/root/./workspace/gunnarro/diet-manager/409215400/.m2/net/minidev/json-smart/2.3/json-smart-2.3.jar:/root/./workspace/gunnarro/diet-manager/409215400/.m2/net/minidev/accessors-smart/1.2/accessors-smart-1.2.jar:/root/./workspace/gunnarro/diet-manager/409215400/.m2/org/ow2/asm/asm/5.0.4/asm-5.0.4.jar:/root/./workspace/gunnarro/diet-manager/409215400/.m2/org/assertj/assertj-core/3.9.1/assertj-core-3.9.1.jar:/root/./workspace/gunnarro/diet-manager/409215400/.m2/org/mockito/mockito-core/2.15.0/mockito-core-2.15.0.jar:/root/./workspace/gunnarro/diet-manager/409215400/.m2/net/bytebuddy/byte-buddy/1.7.11/byte-buddy-1.7.11.jar:/root/./workspace/gunnarro/diet-manager/409215400/.m2/net/bytebuddy/byte-buddy-agent/1.7.11/byte-buddy-agent-1.7.11.jar:/root/./workspace/gunnarro/diet-manager/409215400/.m2/org/objenesis/objenesis/2.6/objenesis-2.6.jar:/root/./workspace/gunnarro/diet-manager/409215400/.m2/org/hamcrest/hamcrest-core/1.3/hamcrest-core-1.3.jar:/root/./workspace/gunnarro/diet-manager/409215400/.m2/org/hamcrest/hamcrest-library/1.3/hamcrest-library-1.3.jar:/root/./workspace/gunnarro/diet-manager/409215400/.m2/org/skyscreamer/jsonassert/1.5.0/jsonassert-1.5.0.jar:/root/./workspace/gunnarro/diet-manager/409215400/.m2/com/vaadin/external/google/android-json/0.0.20131108.vaadin1/android-json-0.0.20131108.vaadin1.jar:/root/./workspace/gunnarro/diet-manager/409215400/.m2/org/xmlunit/xmlunit-core/2.5.1/xmlunit-core-2.5.1.jar:/root/./workspace/gunnarro/diet-manager/409215400/.m2/org/springframework/social/spring-social-config/2.0.0.M4/spring-social-config-2.0.0.M4.jar:/root/./workspace/gunnarro/diet-manager/409215400/.m2/org/springframework/social/spring-social-core/2.0.0.M4/spring-social-core-2.0.0.M4.jar:/root/./workspace/gunnarro/diet-manager/409215400/.m2/org/springframework/social/spring-social-web/2.0.0.M4/spring-social-web-2.0.0.M4.jar:/root/./workspace/gunnarro/diet-manager/409215400/.m2/javax/inject/javax.inject/1/javax.inject-1.jar:/root/./workspace/gunnarro/diet-manager/409215400/.m2/org/springframework/social/spring-social-security/2.0.0.M4/spring-social-security-2.0.0.M4.jar:/root/./workspace/gunnarro/diet-manager/409215400/.m2/mysql/mysql-connector-java/5.1.45/mysql-connector-java-5.1.45.jar:/root/./workspace/gunnarro/diet-manager/409215400/.m2/com/fasterxml/jackson/core/jackson-core/2.9.4/jackson-core-2.9.4.jar:/root/./workspace/gunnarro/diet-manager/409215400/.m2/com/fasterxml/jackson/core/jackson-databind/2.9.4/jackson-databind-2.9.4.jar:/root/./workspace/gunnarro/diet-manager/409215400/.m2/com/fasterxml/jackson/core/jackson-annotations/2.9.4/jackson-annotations-2.9.4.jar:/root/./workspace/gunnarro/diet-manager/409215400/.m2/org/webjars/bootstrap/4.1.2/bootstrap-4.1.2.jar:/root/./workspace/gunnarro/diet-manager/409215400/.m2/org/webjars/jquery-ui/1.12.1/jquery-ui-1.12.1.jar:/root/./workspace/gunnarro/diet-manager/409215400/.m2/org/webjars/jquery/3.3.1-1/jquery-3.3.1-1.jar:/root/./workspace/gunnarro/diet-manager/409215400/.m2/org/webjars/popper.js/1.14.1/popper.js-1.14.1.jar:/root/./workspace/gunnarro/diet-manager/409215400/.m2/javassist/javassist/3.12.1.GA/javassist-3.12.1.GA.jar:/root/./workspace/gunnarro/diet-manager/409215400/.m2/org/apache/commons/commons-lang3/3.7/commons-lang3-3.7.jar:/root/./workspace/gunnarro/diet-manager/409215400/.m2/javax/validation/validation-api/2.0.0.Final/validation-api-2.0.0.Final.jar:/root/./workspace/gunnarro/diet-manager/409215400/.m2/org/hsqldb/hsqldb/2.3.4/hsqldb-2.3.4.jar:/root/./workspace/gunnarro/diet-manager/409215400/.m2/org/springframework/spring-test/5.0.4.RELEASE/spring-test-5.0.4.RELEASE.jar:/root/./workspace/gunnarro/diet-manager/409215400/.m2/junit/junit/4.12/junit-4.12.jar:/root/./workspace/gunnarro/diet-manager/409215400/.m2/org/mockito/mockito-all/1.9.5/mockito-all-1.9.5.jar:/root/./workspace/gunnarro/diet-manager/409215400/.m2/cglib/cglib-nodep/2.2/cglib-nodep-2.2.jar:/root/./workspace/gunnarro/diet-manager/409215400/.m2/com/h2database/h2/1.4.196/h2-1.4.196.jar:/root/./workspace/gunnarro/diet-manager/409215400/.m2/ch/vorburger/mariaDB4j/mariaDB4j/2.2.3/mariaDB4j-2.2.3.jar:/root/./workspace/gunnarro/diet-manager/409215400/.m2/ch/vorburger/mariaDB4j/mariaDB4j-core/2.2.3/mariaDB4j-core-2.2.3.jar:/root/./workspace/gunnarro/diet-manager/409215400/.m2/org/apache/commons/commons-collections4/4.1/commons-collections4-4.1.jar:/root/./workspace/gunnarro/diet-manager/409215400/.m2/org/apache/commons/commons-exec/1.3/commons-exec-1.3.jar:/root/./workspace/gunnarro/diet-manager/409215400/.m2/commons-io/commons-io/2.5/commons-io-2.5.jar:/root/./workspace/gunnarro/diet-manager/409215400/.m2/ch/vorburger/mariaDB4j/mariaDB4j-db-linux64/10.1.13/mariaDB4j-db-linux64-10.1.13.jar:/root/./workspace/gunnarro/diet-manager/409215400/.m2/ch/vorburger/mariaDB4j/mariaDB4j-db-win32/10.1.20/mariaDB4j-db-win32-10.1.20.jar:/root/./workspace/gunnarro/diet-manager/409215400/.m2/ch/vorburger/mariaDB4j/mariaDB4j-db-mac64/10.1.9/mariaDB4j-db-mac64-10.1.9.jar:/root/./workspace/gunnarro/diet-manager/409215400/.m2/org/mariadb/jdbc/mariadb-java-client/2.2.5/mariadb-java-client-2.2.5.jar:/root/./workspace/gunnarro/diet-manager/409215400/.m2/org/sonarsource/java/sonar-jacoco-listeners/5.1.1.13214/sonar-jacoco-listeners-5.1.1.13214.jar:"/>
    <property name="java.vm.vendor" value="Oracle Corporation"/>
    <property name="skip.bower" value="true"/>
    <property name="sun.arch.data.model" value="64"/>
    <property name="java.vendor.url" value="http://java.oracle.com/"/>
    <property name="user.timezone" value=""/>
    <property name="java.vm.specification.version" value="1.8"/>
    <property name="os.name" value="Linux"/>
    <property name="rat.skip" value="true"/>
    <property name="gpg.skip" value="true"/>
    <property name="sun.java.launcher" value="SUN_STANDARD"/>
    <property name="sun.boot.library.path" value="/usr/lib/jvm/java-8-openjdk-amd64/jre/lib/amd64"/>
    <property name="skip.gulp" value="true"/>
    <property name="sun.java.command" value="/root/workspace/gunnarro/diet-manager/409215400/target/surefire/surefirebooter8845393706744747162.jar /root/workspace/gunnarro/diet-manager/409215400/target/surefire 2018-07-28T08-57-44_591-jvmRun1 surefire6713711329969090977tmp surefire_04051381226578293940tmp"/>
    <property name="dependency-check.skip" value="true"/>
    <property name="surefire.test.class.path" value="/root/workspace/gunnarro/diet-manager/409215400/target/test-classes:/root/workspace/gunnarro/diet-manager/409215400/target/classes:/root/workspace/gunnarro/diet-manager/409215400/src/main/resources/lib/user-manager-1.2.0.jar:/root/./workspace/gunnarro/diet-manager/409215400/.m2/org/springframework/data/spring-data-commons/2.0.8.RELEASE/spring-data-commons-2.0.8.RELEASE.jar:/root/./workspace/gunnarro/diet-manager/409215400/.m2/org/springframework/spring-core/5.0.7.RELEASE/spring-core-5.0.7.RELEASE.jar:/root/./workspace/gunnarro/diet-manager/409215400/.m2/org/springframework/spring-jcl/5.0.7.RELEASE/spring-jcl-5.0.7.RELEASE.jar:/root/./workspace/gunnarro/diet-manager/409215400/.m2/org/springframework/spring-beans/5.0.7.RELEASE/spring-beans-5.0.7.RELEASE.jar:/root/./workspace/gunnarro/diet-manager/409215400/.m2/org/slf4j/slf4j-api/1.7.25/slf4j-api-1.7.25.jar:/root/./workspace/gunnarro/diet-manager/409215400/.m2/joda-time/joda-time/2.9.6/joda-time-2.9.6.jar:/root/./workspace/gunnarro/diet-manager/409215400/.m2/com/vladsch/flexmark/flexmark-all/0.32.4/flexmark-all-0.32.4.jar:/root/./workspace/gunnarro/diet-manager/409215400/.m2/com/vladsch/flexmark/flexmark/0.32.4/flexmark-0.32.4.jar:/root/./workspace/gunnarro/diet-manager/409215400/.m2/com/vladsch/flexmark/flexmark-ext-abbreviation/0.32.4/flexmark-ext-abbreviation-0.32.4.jar:/root/./workspace/gunnarro/diet-manager/409215400/.m2/com/vladsch/flexmark/flexmark-ext-anchorlink/0.32.4/flexmark-ext-anchorlink-0.32.4.jar:/root/./workspace/gunnarro/diet-manager/409215400/.m2/com/vladsch/flexmark/flexmark-ext-aside/0.32.4/flexmark-ext-aside-0.32.4.jar:/root/./workspace/gunnarro/diet-manager/409215400/.m2/com/vladsch/flexmark/flexmark-ext-attributes/0.32.4/flexmark-ext-attributes-0.32.4.jar:/root/./workspace/gunnarro/diet-manager/409215400/.m2/com/vladsch/flexmark/flexmark-ext-autolink/0.32.4/flexmark-ext-autolink-0.32.4.jar:/root/./workspace/gunnarro/diet-manager/409215400/.m2/org/nibor/autolink/autolink/0.6.0/autolink-0.6.0.jar:/root/./workspace/gunnarro/diet-manager/409215400/.m2/com/vladsch/flexmark/flexmark-ext-definition/0.32.4/flexmark-ext-definition-0.32.4.jar:/root/./workspace/gunnarro/diet-manager/409215400/.m2/com/vladsch/flexmark/flexmark-ext-emoji/0.32.4/flexmark-ext-emoji-0.32.4.jar:/root/./workspace/gunnarro/diet-manager/409215400/.m2/com/vladsch/flexmark/flexmark-ext-enumerated-reference/0.32.4/flexmark-ext-enumerated-reference-0.32.4.jar:/root/./workspace/gunnarro/diet-manager/409215400/.m2/com/vladsch/flexmark/flexmark-ext-escaped-character/0.32.4/flexmark-ext-escaped-character-0.32.4.jar:/root/./workspace/gunnarro/diet-manager/409215400/.m2/com/vladsch/flexmark/flexmark-ext-footnotes/0.32.4/flexmark-ext-footnotes-0.32.4.jar:/root/./workspace/gunnarro/diet-manager/409215400/.m2/com/vladsch/flexmark/flexmark-ext-gfm-issues/0.32.4/flexmark-ext-gfm-issues-0.32.4.jar:/root/./workspace/gunnarro/diet-manager/409215400/.m2/com/vladsch/flexmark/flexmark-ext-gfm-strikethrough/0.32.4/flexmark-ext-gfm-strikethrough-0.32.4.jar:/root/./workspace/gunnarro/diet-manager/409215400/.m2/com/vladsch/flexmark/flexmark-ext-gfm-tables/0.32.4/flexmark-ext-gfm-tables-0.32.4.jar:/root/./workspace/gunnarro/diet-manager/409215400/.m2/com/vladsch/flexmark/flexmark-ext-gfm-tasklist/0.32.4/flexmark-ext-gfm-tasklist-0.32.4.jar:/root/./workspace/gunnarro/diet-manager/409215400/.m2/com/vladsch/flexmark/flexmark-ext-gfm-users/0.32.4/flexmark-ext-gfm-users-0.32.4.jar:/root/./workspace/gunnarro/diet-manager/409215400/.m2/com/vladsch/flexmark/flexmark-ext-jekyll-front-matter/0.32.4/flexmark-ext-jekyll-front-matter-0.32.4.jar:/root/./workspace/gunnarro/diet-manager/409215400/.m2/com/vladsch/flexmark/flexmark-ext-jekyll-tag/0.32.4/flexmark-ext-jekyll-tag-0.32.4.jar:/root/./workspace/gunnarro/diet-manager/409215400/.m2/com/vladsch/flexmark/flexmark-ext-ins/0.32.4/flexmark-ext-ins-0.32.4.jar:/root/./workspace/gunnarro/diet-manager/409215400/.m2/com/vladsch/flexmark/flexmark-ext-xwiki-macros/0.32.4/flexmark-ext-xwiki-macros-0.32.4.jar:/root/./workspace/gunnarro/diet-manager/409215400/.m2/com/vladsch/flexmark/flexmark-ext-superscript/0.32.4/flexmark-ext-superscript-0.32.4.jar:/root/./workspace/gunnarro/diet-manager/409215400/.m2/com/vladsch/flexmark/flexmark-ext-tables/0.32.4/flexmark-ext-tables-0.32.4.jar:/root/./workspace/gunnarro/diet-manager/409215400/.m2/com/vladsch/flexmark/flexmark-ext-toc/0.32.4/flexmark-ext-toc-0.32.4.jar:/root/./workspace/gunnarro/diet-manager/409215400/.m2/com/vladsch/flexmark/flexmark-ext-typographic/0.32.4/flexmark-ext-typographic-0.32.4.jar:/root/./workspace/gunnarro/diet-manager/409215400/.m2/com/vladsch/flexmark/flexmark-ext-wikilink/0.32.4/flexmark-ext-wikilink-0.32.4.jar:/root/./workspace/gunnarro/diet-manager/409215400/.m2/com/vladsch/flexmark/flexmark-ext-yaml-front-matter/0.32.4/flexmark-ext-yaml-front-matter-0.32.4.jar:/root/./workspace/gunnarro/diet-manager/409215400/.m2/com/vladsch/flexmark/flexmark-ext-youtube-embedded/0.32.4/flexmark-ext-youtube-embedded-0.32.4.jar:/root/./workspace/gunnarro/diet-manager/409215400/.m2/com/vladsch/flexmark/flexmark-formatter/0.32.4/flexmark-formatter-0.32.4.jar:/root/./workspace/gunnarro/diet-manager/409215400/.m2/com/vladsch/flexmark/flexmark-html-parser/0.32.4/flexmark-html-parser-0.32.4.jar:/root/./workspace/gunnarro/diet-manager/409215400/.m2/org/jsoup/jsoup/1.10.2/jsoup-1.10.2.jar:/root/./workspace/gunnarro/diet-manager/409215400/.m2/com/vladsch/flexmark/flexmark-jira-converter/0.32.4/flexmark-jira-converter-0.32.4.jar:/root/./workspace/gunnarro/diet-manager/409215400/.m2/com/vladsch/flexmark/flexmark-pdf-converter/0.32.4/flexmark-pdf-converter-0.32.4.jar:/root/./workspace/gunnarro/diet-manager/409215400/.m2/com/openhtmltopdf/openhtmltopdf-core/0.0.1-RC9/openhtmltopdf-core-0.0.1-RC9.jar:/root/./workspace/gunnarro/diet-manager/409215400/.m2/com/openhtmltopdf/openhtmltopdf-pdfbox/0.0.1-RC9/openhtmltopdf-pdfbox-0.0.1-RC9.jar:/root/./workspace/gunnarro/diet-manager/409215400/.m2/org/apache/pdfbox/pdfbox/2.0.4/pdfbox-2.0.4.jar:/root/./workspace/gunnarro/diet-manager/409215400/.m2/org/apache/pdfbox/fontbox/2.0.4/fontbox-2.0.4.jar:/root/./workspace/gunnarro/diet-manager/409215400/.m2/commons-logging/commons-logging/1.2/commons-logging-1.2.jar:/root/./workspace/gunnarro/diet-manager/409215400/.m2/com/openhtmltopdf/openhtmltopdf-rtl-support/0.0.1-RC9/openhtmltopdf-rtl-support-0.0.1-RC9.jar:/root/./workspace/gunnarro/diet-manager/409215400/.m2/com/ibm/icu/icu4j/58.1/icu4j-58.1.jar:/root/./workspace/gunnarro/diet-manager/409215400/.m2/com/openhtmltopdf/openhtmltopdf-jsoup-dom-converter/0.0.1-RC9/openhtmltopdf-jsoup-dom-converter-0.0.1-RC9.jar:/root/./workspace/gunnarro/diet-manager/409215400/.m2/com/vladsch/flexmark/flexmark-profile-pegdown/0.32.4/flexmark-profile-pegdown-0.32.4.jar:/root/./workspace/gunnarro/diet-manager/409215400/.m2/com/vladsch/flexmark/flexmark-util/0.32.4/flexmark-util-0.32.4.jar:/root/./workspace/gunnarro/diet-manager/409215400/.m2/com/vladsch/flexmark/flexmark-youtrack-converter/0.32.4/flexmark-youtrack-converter-0.32.4.jar:/root/./workspace/gunnarro/diet-manager/409215400/.m2/org/springframework/boot/spring-boot-starter-web/2.0.3.RELEASE/spring-boot-starter-web-2.0.3.RELEASE.jar:/root/./workspace/gunnarro/diet-manager/409215400/.m2/org/springframework/boot/spring-boot-starter/2.0.3.RELEASE/spring-boot-starter-2.0.3.RELEASE.jar:/root/./workspace/gunnarro/diet-manager/409215400/.m2/javax/annotation/javax.annotation-api/1.3.2/javax.annotation-api-1.3.2.jar:/root/./workspace/gunnarro/diet-manager/409215400/.m2/org/yaml/snakeyaml/1.19/snakeyaml-1.19.jar:/root/./workspace/gunnarro/diet-manager/409215400/.m2/org/springframework/boot/spring-boot-starter-json/2.0.3.RELEASE/spring-boot-starter-json-2.0.3.RELEASE.jar:/root/./workspace/gunnarro/diet-manager/409215400/.m2/com/fasterxml/jackson/datatype/jackson-datatype-jdk8/2.9.6/jackson-datatype-jdk8-2.9.6.jar:/root/./workspace/gunnarro/diet-manager/409215400/.m2/com/fasterxml/jackson/datatype/jackson-datatype-jsr310/2.9.6/jackson-datatype-jsr310-2.9.6.jar:/root/./workspace/gunnarro/diet-manager/409215400/.m2/com/fasterxml/jackson/module/jackson-module-parameter-names/2.9.6/jackson-module-parameter-names-2.9.6.jar:/root/./workspace/gunnarro/diet-manager/409215400/.m2/org/springframework/boot/spring-boot-starter-tomcat/2.0.3.RELEASE/spring-boot-starter-tomcat-2.0.3.RELEASE.jar:/root/./workspace/gunnarro/diet-manager/409215400/.m2/org/apache/tomcat/embed/tomcat-embed-core/8.5.31/tomcat-embed-core-8.5.31.jar:/root/./workspace/gunnarro/diet-manager/409215400/.m2/org/apache/tomcat/embed/tomcat-embed-el/8.5.31/tomcat-embed-el-8.5.31.jar:/root/./workspace/gunnarro/diet-manager/409215400/.m2/org/apache/tomcat/embed/tomcat-embed-websocket/8.5.31/tomcat-embed-websocket-8.5.31.jar:/root/./workspace/gunnarro/diet-manager/409215400/.m2/org/hibernate/validator/hibernate-validator/6.0.10.Final/hibernate-validator-6.0.10.Final.jar:/root/./workspace/gunnarro/diet-manager/409215400/.m2/org/jboss/logging/jboss-logging/3.3.2.Final/jboss-logging-3.3.2.Final.jar:/root/./workspace/gunnarro/diet-manager/409215400/.m2/com/fasterxml/classmate/1.3.4/classmate-1.3.4.jar:/root/./workspace/gunnarro/diet-manager/409215400/.m2/org/springframework/spring-web/5.0.7.RELEASE/spring-web-5.0.7.RELEASE.jar:/root/./workspace/gunnarro/diet-manager/409215400/.m2/org/springframework/spring-webmvc/5.0.7.RELEASE/spring-webmvc-5.0.7.RELEASE.jar:/root/./workspace/gunnarro/diet-manager/409215400/.m2/org/springframework/spring-context/5.0.7.RELEASE/spring-context-5.0.7.RELEASE.jar:/root/./workspace/gunnarro/diet-manager/409215400/.m2/org/springframework/spring-expression/5.0.7.RELEASE/spring-expression-5.0.7.RELEASE.jar:/root/./workspace/gunnarro/diet-manager/409215400/.m2/org/springframework/boot/spring-boot-starter-security/2.0.3.RELEASE/spring-boot-starter-security-2.0.3.RELEASE.jar:/root/./workspace/gunnarro/diet-manager/409215400/.m2/org/springframework/spring-aop/5.0.7.RELEASE/spring-aop-5.0.7.RELEASE.jar:/root/./workspace/gunnarro/diet-manager/409215400/.m2/org/springframework/security/spring-security-config/5.0.6.RELEASE/spring-security-config-5.0.6.RELEASE.jar:/root/./workspace/gunnarro/diet-manager/409215400/.m2/org/springframework/security/spring-security-core/5.0.6.RELEASE/spring-security-core-5.0.6.RELEASE.jar:/root/./workspace/gunnarro/diet-manager/409215400/.m2/org/springframework/security/spring-security-web/5.0.6.RELEASE/spring-security-web-5.0.6.RELEASE.jar:/root/./workspace/gunnarro/diet-manager/409215400/.m2/org/springframework/boot/spring-boot-starter-thymeleaf/2.0.3.RELEASE/spring-boot-starter-thymeleaf-2.0.3.RELEASE.jar:/root/./workspace/gunnarro/diet-manager/409215400/.m2/org/thymeleaf/thymeleaf-spring5/3.0.9.RELEASE/thymeleaf-spring5-3.0.9.RELEASE.jar:/root/./workspace/gunnarro/diet-manager/409215400/.m2/org/thymeleaf/thymeleaf/3.0.9.RELEASE/thymeleaf-3.0.9.RELEASE.jar:/root/./workspace/gunnarro/diet-manager/409215400/.m2/org/attoparser/attoparser/2.0.4.RELEASE/attoparser-2.0.4.RELEASE.jar:/root/./workspace/gunnarro/diet-manager/409215400/.m2/org/unbescape/unbescape/1.1.5.RELEASE/unbescape-1.1.5.RELEASE.jar:/root/./workspace/gunnarro/diet-manager/409215400/.m2/org/thymeleaf/extras/thymeleaf-extras-java8time/3.0.1.RELEASE/thymeleaf-extras-java8time-3.0.1.RELEASE.jar:/root/./workspace/gunnarro/diet-manager/409215400/.m2/org/thymeleaf/extras/thymeleaf-extras-springsecurity4/3.0.2.RELEASE/thymeleaf-extras-springsecurity4-3.0.2.RELEASE.jar:/root/./workspace/gunnarro/diet-manager/409215400/.m2/org/springframework/boot/spring-boot-starter-jdbc/2.0.3.RELEASE/spring-boot-starter-jdbc-2.0.3.RELEASE.jar:/root/./workspace/gunnarro/diet-manager/409215400/.m2/com/zaxxer/HikariCP/2.7.9/HikariCP-2.7.9.jar:/root/./workspace/gunnarro/diet-manager/409215400/.m2/org/springframework/spring-jdbc/5.0.7.RELEASE/spring-jdbc-5.0.7.RELEASE.jar:/root/./workspace/gunnarro/diet-manager/409215400/.m2/org/springframework/spring-tx/5.0.7.RELEASE/spring-tx-5.0.7.RELEASE.jar:/root/./workspace/gunnarro/diet-manager/409215400/.m2/org/springframework/boot/spring-boot-starter-log4j2/2.0.3.RELEASE/spring-boot-starter-log4j2-2.0.3.RELEASE.jar:/root/./workspace/gunnarro/diet-manager/409215400/.m2/org/apache/logging/log4j/log4j-slf4j-impl/2.10.0/log4j-slf4j-impl-2.10.0.jar:/root/./workspace/gunnarro/diet-manager/409215400/.m2/org/apache/logging/log4j/log4j-api/2.10.0/log4j-api-2.10.0.jar:/root/./workspace/gunnarro/diet-manager/409215400/.m2/org/apache/logging/log4j/log4j-core/2.10.0/log4j-core-2.10.0.jar:/root/./workspace/gunnarro/diet-manager/409215400/.m2/org/apache/logging/log4j/log4j-jul/2.10.0/log4j-jul-2.10.0.jar:/root/./workspace/gunnarro/diet-manager/409215400/.m2/org/slf4j/jul-to-slf4j/1.7.25/jul-to-slf4j-1.7.25.jar:/root/./workspace/gunnarro/diet-manager/409215400/.m2/com/lmax/disruptor/3.4.1/disruptor-3.4.1.jar:/root/./workspace/gunnarro/diet-manager/409215400/.m2/org/springframework/boot/spring-boot-starter-actuator/2.0.3.RELEASE/spring-boot-starter-actuator-2.0.3.RELEASE.jar:/root/./workspace/gunnarro/diet-manager/409215400/.m2/org/springframework/boot/spring-boot-actuator-autoconfigure/2.0.3.RELEASE/spring-boot-actuator-autoconfigure-2.0.3.RELEASE.jar:/root/./workspace/gunnarro/diet-manager/409215400/.m2/org/springframework/boot/spring-boot-actuator/2.0.3.RELEASE/spring-boot-actuator-2.0.3.RELEASE.jar:/root/./workspace/gunnarro/diet-manager/409215400/.m2/io/micrometer/micrometer-core/1.0.5/micrometer-core-1.0.5.jar:/root/./workspace/gunnarro/diet-manager/409215400/.m2/org/hdrhistogram/HdrHistogram/2.1.10/HdrHistogram-2.1.10.jar:/root/./workspace/gunnarro/diet-manager/409215400/.m2/org/latencyutils/LatencyUtils/2.0.3/LatencyUtils-2.0.3.jar:/root/./workspace/gunnarro/diet-manager/409215400/.m2/org/springframework/boot/spring-boot-devtools/2.0.3.RELEASE/spring-boot-devtools-2.0.3.RELEASE.jar:/root/./workspace/gunnarro/diet-manager/409215400/.m2/org/springframework/boot/spring-boot/2.0.3.RELEASE/spring-boot-2.0.3.RELEASE.jar:/root/./workspace/gunnarro/diet-manager/409215400/.m2/org/springframework/boot/spring-boot-autoconfigure/2.0.3.RELEASE/spring-boot-autoconfigure-2.0.3.RELEASE.jar:/root/./workspace/gunnarro/diet-manager/409215400/.m2/org/springframework/boot/spring-boot-starter-test/2.0.3.RELEASE/spring-boot-starter-test-2.0.3.RELEASE.jar:/root/./workspace/gunnarro/diet-manager/409215400/.m2/org/springframework/boot/spring-boot-test/2.0.3.RELEASE/spring-boot-test-2.0.3.RELEASE.jar:/root/./workspace/gunnarro/diet-manager/409215400/.m2/org/springframework/boot/spring-boot-test-autoconfigure/2.0.3.RELEASE/spring-boot-test-autoconfigure-2.0.3.RELEASE.jar:/root/./workspace/gunnarro/diet-manager/409215400/.m2/com/jayway/jsonpath/json-path/2.4.0/json-path-2.4.0.jar:/root/./workspace/gunnarro/diet-manager/409215400/.m2/net/minidev/json-smart/2.3/json-smart-2.3.jar:/root/./workspace/gunnarro/diet-manager/409215400/.m2/net/minidev/accessors-smart/1.2/accessors-smart-1.2.jar:/root/./workspace/gunnarro/diet-manager/409215400/.m2/org/ow2/asm/asm/5.0.4/asm-5.0.4.jar:/root/./workspace/gunnarro/diet-manager/409215400/.m2/org/assertj/assertj-core/3.9.1/assertj-core-3.9.1.jar:/root/./workspace/gunnarro/diet-manager/409215400/.m2/org/mockito/mockito-core/2.15.0/mockito-core-2.15.0.jar:/root/./workspace/gunnarro/diet-manager/409215400/.m2/net/bytebuddy/byte-buddy/1.7.11/byte-buddy-1.7.11.jar:/root/./workspace/gunnarro/diet-manager/409215400/.m2/net/bytebuddy/byte-buddy-agent/1.7.11/byte-buddy-agent-1.7.11.jar:/root/./workspace/gunnarro/diet-manager/409215400/.m2/org/objenesis/objenesis/2.6/objenesis-2.6.jar:/root/./workspace/gunnarro/diet-manager/409215400/.m2/org/hamcrest/hamcrest-core/1.3/hamcrest-core-1.3.jar:/root/./workspace/gunnarro/diet-manager/409215400/.m2/org/hamcrest/hamcrest-library/1.3/hamcrest-library-1.3.jar:/root/./workspace/gunnarro/diet-manager/409215400/.m2/org/skyscreamer/jsonassert/1.5.0/jsonassert-1.5.0.jar:/root/./workspace/gunnarro/diet-manager/409215400/.m2/com/vaadin/external/google/android-json/0.0.20131108.vaadin1/android-json-0.0.20131108.vaadin1.jar:/root/./workspace/gunnarro/diet-manager/409215400/.m2/org/xmlunit/xmlunit-core/2.5.1/xmlunit-core-2.5.1.jar:/root/./workspace/gunnarro/diet-manager/409215400/.m2/org/springframework/social/spring-social-config/2.0.0.M4/spring-social-config-2.0.0.M4.jar:/root/./workspace/gunnarro/diet-manager/409215400/.m2/org/springframework/social/spring-social-core/2.0.0.M4/spring-social-core-2.0.0.M4.jar:/root/./workspace/gunnarro/diet-manager/409215400/.m2/org/springframework/social/spring-social-web/2.0.0.M4/spring-social-web-2.0.0.M4.jar:/root/./workspace/gunnarro/diet-manager/409215400/.m2/javax/inject/javax.inject/1/javax.inject-1.jar:/root/./workspace/gunnarro/diet-manager/409215400/.m2/org/springframework/social/spring-social-security/2.0.0.M4/spring-social-security-2.0.0.M4.jar:/root/./workspace/gunnarro/diet-manager/409215400/.m2/mysql/mysql-connector-java/5.1.45/mysql-connector-java-5.1.45.jar:/root/./workspace/gunnarro/diet-manager/409215400/.m2/com/fasterxml/jackson/core/jackson-core/2.9.4/jackson-core-2.9.4.jar:/root/./workspace/gunnarro/diet-manager/409215400/.m2/com/fasterxml/jackson/core/jackson-databind/2.9.4/jackson-databind-2.9.4.jar:/root/./workspace/gunnarro/diet-manager/409215400/.m2/com/fasterxml/jackson/core/jackson-annotations/2.9.4/jackson-annotations-2.9.4.jar:/root/./workspace/gunnarro/diet-manager/409215400/.m2/org/webjars/bootstrap/4.1.2/bootstrap-4.1.2.jar:/root/./workspace/gunnarro/diet-manager/409215400/.m2/org/webjars/jquery-ui/1.12.1/jquery-ui-1.12.1.jar:/root/./workspace/gunnarro/diet-manager/409215400/.m2/org/webjars/jquery/3.3.1-1/jquery-3.3.1-1.jar:/root/./workspace/gunnarro/diet-manager/409215400/.m2/org/webjars/popper.js/1.14.1/popper.js-1.14.1.jar:/root/./workspace/gunnarro/diet-manager/409215400/.m2/javassist/javassist/3.12.1.GA/javassist-3.12.1.GA.jar:/root/./workspace/gunnarro/diet-manager/409215400/.m2/org/apache/commons/commons-lang3/3.7/commons-lang3-3.7.jar:/root/./workspace/gunnarro/diet-manager/409215400/.m2/javax/validation/validation-api/2.0.0.Final/validation-api-2.0.0.Final.jar:/root/./workspace/gunnarro/diet-manager/409215400/.m2/org/hsqldb/hsqldb/2.3.4/hsqldb-2.3.4.jar:/root/./workspace/gunnarro/diet-manager/409215400/.m2/org/springframework/spring-test/5.0.4.RELEASE/spring-test-5.0.4.RELEASE.jar:/root/./workspace/gunnarro/diet-manager/409215400/.m2/junit/junit/4.12/junit-4.12.jar:/root/./workspace/gunnarro/diet-manager/409215400/.m2/org/mockito/mockito-all/1.9.5/mockito-all-1.9.5.jar:/root/./workspace/gunnarro/diet-manager/409215400/.m2/cglib/cglib-nodep/2.2/cglib-nodep-2.2.jar:/root/./workspace/gunnarro/diet-manager/409215400/.m2/com/h2database/h2/1.4.196/h2-1.4.196.jar:/root/./workspace/gunnarro/diet-manager/409215400/.m2/ch/vorburger/mariaDB4j/mariaDB4j/2.2.3/mariaDB4j-2.2.3.jar:/root/./workspace/gunnarro/diet-manager/409215400/.m2/ch/vorburger/mariaDB4j/mariaDB4j-core/2.2.3/mariaDB4j-core-2.2.3.jar:/root/./workspace/gunnarro/diet-manager/409215400/.m2/org/apache/commons/commons-collections4/4.1/commons-collections4-4.1.jar:/root/./workspace/gunnarro/diet-manager/409215400/.m2/org/apache/commons/commons-exec/1.3/commons-exec-1.3.jar:/root/./workspace/gunnarro/diet-manager/409215400/.m2/commons-io/commons-io/2.5/commons-io-2.5.jar:/root/./workspace/gunnarro/diet-manager/409215400/.m2/ch/vorburger/mariaDB4j/mariaDB4j-db-linux64/10.1.13/mariaDB4j-db-linux64-10.1.13.jar:/root/./workspace/gunnarro/diet-manager/409215400/.m2/ch/vorburger/mariaDB4j/mariaDB4j-db-win32/10.1.20/mariaDB4j-db-win32-10.1.20.jar:/root/./workspace/gunnarro/diet-manager/409215400/.m2/ch/vorburger/mariaDB4j/mariaDB4j-db-mac64/10.1.9/mariaDB4j-db-mac64-10.1.9.jar:/root/./workspace/gunnarro/diet-manager/409215400/.m2/org/mariadb/jdbc/mariadb-java-client/2.2.5/mariadb-java-client-2.2.5.jar:/root/./workspace/gunnarro/diet-manager/409215400/.m2/org/sonarsource/java/sonar-jacoco-listeners/5.1.1.13214/sonar-jacoco-listeners-5.1.1.13214.jar:"/>
    <property name="sun.cpu.endian" value="little"/>
    <property name="user.home" value="/root"/>
    <property name="user.language" value="en"/>
    <property name="java.specification.vendor" value="Oracle Corporation"/>
    <property name="java.home" value="/usr/lib/jvm/java-8-openjdk-amd64/jre"/>
    <property name="basedir" value="/root/workspace/gunnarro/diet-manager/409215400"/>
    <property name="file.separator" value="/"/>
    <property name="checkstyle.skip" value="true"/>
    <property name="line.separator" value="&#10;"/>
    <property name="skip.npm" value="true"/>
    <property name="java.vm.specification.vendor" value="Oracle Corporation"/>
    <property name="java.specification.name" value="Java Platform API Specification"/>
    <property name="java.awt.graphicsenv" value="sun.awt.X11GraphicsEnvironment"/>
    <property name="skipITs" value="true"/>
    <property name="surefire.real.class.path" value="/root/workspace/gunnarro/diet-manager/409215400/target/surefire/surefirebooter8845393706744747162.jar"/>
    <property name="cobertura.skip" value="true"/>
    <property name="sun.boot.class.path" value="/usr/lib/jvm/java-8-openjdk-amd64/jre/lib/resources.jar:/usr/lib/jvm/java-8-openjdk-amd64/jre/lib/rt.jar:/usr/lib/jvm/java-8-openjdk-amd64/jre/lib/sunrsasign.jar:/usr/lib/jvm/java-8-openjdk-amd64/jre/lib/jsse.jar:/usr/lib/jvm/java-8-openjdk-amd64/jre/lib/jce.jar:/usr/lib/jvm/java-8-openjdk-amd64/jre/lib/charsets.jar:/usr/lib/jvm/java-8-openjdk-amd64/jre/lib/jfr.jar:/usr/lib/jvm/java-8-openjdk-amd64/jre/classes"/>
    <property name="sun.management.compiler" value="HotSpot 64-Bit Tiered Compilers"/>
    <property name="java.runtime.version" value="1.8.0_121-8u121-b13-1~bpo8+1-b13"/>
    <property name="user.name" value="root"/>
    <property name="findbugs.skip" value="true"/>
    <property name="path.separator" value=":"/>
    <property name="os.version" value="4.9.0-6-amd64"/>
    <property name="java.endorsed.dirs" value="/usr/lib/jvm/java-8-openjdk-amd64/jre/lib/endorsed"/>
    <property name="java.runtime.name" value="OpenJDK Runtime Environment"/>
    <property name="file.encoding" value="UTF-8"/>
    <property name="java.vm.name" value="OpenJDK 64-Bit Server VM"/>
    <property name="localRepository" value="/root/./workspace/gunnarro/diet-manager/409215400/.m2"/>
    <property name="java.vendor.url.bug" value="http://bugreport.sun.com/bugreport/"/>
    <property name="java.io.tmpdir" value="/tmp"/>
    <property name="java.version" value="1.8.0_121"/>
    <property name="user.dir" value="/root/workspace/gunnarro/diet-manager/409215400"/>
    <property name="os.arch" value="amd64"/>
    <property name="license.skip" value="true"/>
    <property name="java.vm.specification.name" value="Java Virtual Machine Specification"/>
    <property name="java.awt.printerjob" value="sun.print.PSPrinterJob"/>
    <property name="sun.os.patch.level" value="unknown"/>
    <property name="java.library.path" value="/usr/java/packages/lib/amd64:/usr/lib/x86_64-linux-gnu/jni:/lib/x86_64-linux-gnu:/usr/lib/x86_64-linux-gnu:/usr/lib/jni:/lib:/usr/lib"/>
    <property name="java.vm.info" value="mixed mode"/>
    <property name="java.vendor" value="Oracle Corporation"/>
    <property name="java.vm.version" value="25.121-b13"/>
    <property name="java.ext.dirs" value="/usr/lib/jvm/java-8-openjdk-amd64/jre/lib/ext:/usr/java/packages/lib/ext"/>
    <property name="sun.io.unicode.encoding" value="UnicodeLittle"/>
    <property name="maven.repo.local" value="/root/./workspace/gunnarro/diet-manager/409215400/.m2"/>
    <property name="enforcer.skip" value="true"/>
    <property name="java.class.version" value="52.0"/>
  </properties>
  <testcase name="getBodyMeasurementLogs" classname="com.gunnarro.dietmanager.service.DietManagerServiceTest" time="0.001">
    <error message="Failed to load ApplicationContext" type="java.lang.IllegalStateException">java.lang.IllegalStateException: Failed to load ApplicationContext
Caused by: org.springframework.beans.factory.UnsatisfiedDependencyException: Error creating bean with name 'testRepositoryConfiguration': Unsatisfied dependency expressed through field 'dataSource'; nested exception is org.springframework.beans.factory.UnsatisfiedDependencyException: Error creating bean with name 'dietManagerDataSource' defined in com.gunnarro.dietmanager.config.TestMariDBDataSourceConfiguration: Unsatisfied dependency expressed through method 'dietManagerDataSource' parameter 0; nested exception is org.springframework.beans.factory.BeanCreationException: Error creating bean with name 'mariaDB4jSpringService': Invocation of init method failed; nested exception is java.lang.IllegalStateException: MariaDB4jSpringService start() failed
Caused by: org.springframework.beans.factory.UnsatisfiedDependencyException: Error creating bean with name 'dietManagerDataSource' defined in com.gunnarro.dietmanager.config.TestMariDBDataSourceConfiguration: Unsatisfied dependency expressed through method 'dietManagerDataSource' parameter 0; nested exception is org.springframework.beans.factory.BeanCreationException: Error creating bean with name 'mariaDB4jSpringService': Invocation of init method failed; nested exception is java.lang.IllegalStateException: MariaDB4jSpringService start() failed
Caused by: org.springframework.beans.factory.BeanCreationException: Error creating bean with name 'mariaDB4jSpringService': Invocation of init method failed; nested exception is java.lang.IllegalStateException: MariaDB4jSpringService start() failed
Caused by: java.lang.IllegalStateException: MariaDB4jSpringService start() failed
Caused by: ch.vorburger.exec.ManagedProcessException: An error occurred while starting the database
Caused by: ch.vorburger.exec.ManagedProcessException: 
Asked to wait for "mysqld: ready for connections." from Program [/tmp/MariaDB4j/base/bin/mysqld, --no-defaults, --console, --skip-grant-tables, --max_allowed_packet=64M, --basedir=/tmp/MariaDB4j/base, --datadir=/tmp/MariaDB4j/data/43763, --port=43763, --socket=/tmp/MariaDB4j.43763.sock] (in working directory /tmp/MariaDB4j/base), but it already exited! (without that message in console), last 100 lines of console:
2018-07-28  7:01:18 140563391199104 [Note] /tmp/MariaDB4j/base/bin/mysqld (mysqld 10.1.13-MariaDB) starting as process 3068 ...
2018-07-28  7:01:18 140563391199104 [ERROR] Fatal error: Please consult the Knowledge Base to find out how to run mysqld as root!

2018-07-28  7:01:18 140563391199104 [ERROR] Aborting

</error>
    <system-out><![CDATA[[2018-07-28 09:01:09.011] [main] [INFO ] [ch.vorburger.mariadb4j.Util] Created directory: /tmp/MariaDB4j/data/43763
[2018-07-28 09:01:09.024] [main] [INFO ] [ch.vorburger.mariadb4j.DB] Installing a new embedded database to: /tmp/MariaDB4j/base
[2018-07-28 09:01:09.025] [main] [INFO ] [ch.vorburger.exec.ManagedProcess] Starting Program [/tmp/MariaDB4j/base/bin/mysql_install_db, --datadir=/tmp/MariaDB4j/data/43763, --basedir=/tmp/MariaDB4j/base, --no-defaults, --force, --skip-name-resolve] (in working directory /tmp/MariaDB4j/base)
[2018-07-28 09:01:09.070] [Exec Stream Pumper] [INFO ] [ch.vorburger.exec.ManagedProcess] mysql_install_db: Installing MariaDB/MySQL system tables in '/tmp/MariaDB4j/data/43763' ...
[2018-07-28 09:01:09.126] [main] [INFO ] [ch.vorburger.exec.ManagedProcess] Thread is now going to wait for this process to terminate itself: Program [/tmp/MariaDB4j/base/bin/mysql_install_db, --datadir=/tmp/MariaDB4j/data/43763, --basedir=/tmp/MariaDB4j/base, --no-defaults, --force, --skip-name-resolve] (in working directory /tmp/MariaDB4j/base)
[2018-07-28 09:01:09.189] [Exec Stream Pumper] [INFO ] [ch.vorburger.exec.ManagedProcess] mysql_install_db: 2018-07-28  7:01:09 140033309816704 [Note] /tmp/MariaDB4j/base/bin/mysqld (mysqld 10.1.13-MariaDB) starting as process 2962 ...
[2018-07-28 09:01:09.377] [Exec Stream Pumper] [INFO ] [ch.vorburger.exec.ManagedProcess] mysql_install_db: 2018-07-28  7:01:09 140033309816704 [Note] InnoDB: Using mutexes to ref count buffer pool pages
[2018-07-28 09:01:09.377] [Exec Stream Pumper] [INFO ] [ch.vorburger.exec.ManagedProcess] mysql_install_db: 2018-07-28  7:01:09 140033309816704 [Note] InnoDB: The InnoDB memory heap is disabled
[2018-07-28 09:01:09.377] [Exec Stream Pumper] [INFO ] [ch.vorburger.exec.ManagedProcess] mysql_install_db: 2018-07-28  7:01:09 140033309816704 [Note] InnoDB: Mutexes and rw_locks use GCC atomic builtins
[2018-07-28 09:01:09.377] [Exec Stream Pumper] [INFO ] [ch.vorburger.exec.ManagedProcess] mysql_install_db: 2018-07-28  7:01:09 140033309816704 [Note] InnoDB: Memory barrier is not used
[2018-07-28 09:01:09.377] [Exec Stream Pumper] [INFO ] [ch.vorburger.exec.ManagedProcess] mysql_install_db: 2018-07-28  7:01:09 140033309816704 [Note] InnoDB: Compressed tables use zlib 1.2.3
[2018-07-28 09:01:09.377] [Exec Stream Pumper] [INFO ] [ch.vorburger.exec.ManagedProcess] mysql_install_db: 2018-07-28  7:01:09 140033309816704 [Note] InnoDB: Using Linux native AIO
[2018-07-28 09:01:09.378] [Exec Stream Pumper] [INFO ] [ch.vorburger.exec.ManagedProcess] mysql_install_db: 2018-07-28  7:01:09 140033309816704 [Note] InnoDB: Using SSE crc32 instructions
[2018-07-28 09:01:09.380] [Exec Stream Pumper] [INFO ] [ch.vorburger.exec.ManagedProcess] mysql_install_db: 2018-07-28  7:01:09 140033309816704 [Note] InnoDB: Initializing buffer pool, size = 128.0M
[2018-07-28 09:01:09.397] [Exec Stream Pumper] [INFO ] [ch.vorburger.exec.ManagedProcess] mysql_install_db: 2018-07-28  7:01:09 140033309816704 [Note] InnoDB: Completed initialization of buffer pool
[2018-07-28 09:01:09.420] [Exec Stream Pumper] [INFO ] [ch.vorburger.exec.ManagedProcess] mysql_install_db: 2018-07-28  7:01:09 140033309816704 [Note] InnoDB: The first specified data file ./ibdata1 did not exist: a new database to be created!
[2018-07-28 09:01:09.420] [Exec Stream Pumper] [INFO ] [ch.vorburger.exec.ManagedProcess] mysql_install_db: 2018-07-28  7:01:09 140033309816704 [Note] InnoDB: Setting file ./ibdata1 size to 12 MB
[2018-07-28 09:01:09.421] [Exec Stream Pumper] [INFO ] [ch.vorburger.exec.ManagedProcess] mysql_install_db: 2018-07-28  7:01:09 140033309816704 [Note] InnoDB: Database physically writes the file full: wait...
[2018-07-28 09:01:09.563] [Exec Stream Pumper] [INFO ] [ch.vorburger.exec.ManagedProcess] mysql_install_db: 2018-07-28  7:01:09 140033309816704 [Note] InnoDB: Setting log file ./ib_logfile101 size to 48 MB
[2018-07-28 09:01:10.076] [Exec Stream Pumper] [INFO ] [ch.vorburger.exec.ManagedProcess] mysql_install_db: 2018-07-28  7:01:10 140033309816704 [Note] InnoDB: Setting log file ./ib_logfile1 size to 48 MB
[2018-07-28 09:01:10.826] [Exec Stream Pumper] [INFO ] [ch.vorburger.exec.ManagedProcess] mysql_install_db: 2018-07-28  7:01:10 140033309816704 [Note] InnoDB: Renaming log file ./ib_logfile101 to ./ib_logfile0
[2018-07-28 09:01:10.827] [Exec Stream Pumper] [INFO ] [ch.vorburger.exec.ManagedProcess] mysql_install_db: 2018-07-28  7:01:10 140033309816704 [Warning] InnoDB: New log files created, LSN=45883
[2018-07-28 09:01:10.827] [Exec Stream Pumper] [INFO ] [ch.vorburger.exec.ManagedProcess] mysql_install_db: 2018-07-28  7:01:10 140033309816704 [Note] InnoDB: Doublewrite buffer not found: creating new
[2018-07-28 09:01:11.009] [Exec Stream Pumper] [INFO ] [ch.vorburger.exec.ManagedProcess] mysql_install_db: 2018-07-28  7:01:11 140033309816704 [Note] InnoDB: Doublewrite buffer created
[2018-07-28 09:01:11.030] [Exec Stream Pumper] [INFO ] [ch.vorburger.exec.ManagedProcess] mysql_install_db: 2018-07-28  7:01:11 140033309816704 [Note] InnoDB: 128 rollback segment(s) are active.
[2018-07-28 09:01:11.031] [Exec Stream Pumper] [INFO ] [ch.vorburger.exec.ManagedProcess] mysql_install_db: 2018-07-28  7:01:11 140033309816704 [Warning] InnoDB: Creating foreign key constraint system tables.
[2018-07-28 09:01:11.056] [Exec Stream Pumper] [INFO ] [ch.vorburger.exec.ManagedProcess] mysql_install_db: 2018-07-28  7:01:11 140033309816704 [Note] InnoDB: Foreign key constraint system tables created
[2018-07-28 09:01:11.057] [Exec Stream Pumper] [INFO ] [ch.vorburger.exec.ManagedProcess] mysql_install_db: 2018-07-28  7:01:11 140033309816704 [Note] InnoDB: Creating tablespace and datafile system tables.
[2018-07-28 09:01:11.066] [Exec Stream Pumper] [INFO ] [ch.vorburger.exec.ManagedProcess] mysql_install_db: 2018-07-28  7:01:11 140033309816704 [Note] InnoDB: Tablespace and datafile system tables created.
[2018-07-28 09:01:11.066] [Exec Stream Pumper] [INFO ] [ch.vorburger.exec.ManagedProcess] mysql_install_db: 2018-07-28  7:01:11 140033309816704 [Note] InnoDB: Waiting for purge to start
[2018-07-28 09:01:11.117] [Exec Stream Pumper] [INFO ] [ch.vorburger.exec.ManagedProcess] mysql_install_db: 2018-07-28  7:01:11 140033309816704 [Note] InnoDB:  Percona XtraDB (http://www.percona.com) 5.6.28-76.1 started; log sequence number 0
[2018-07-28 09:01:11.212] [Exec Stream Pumper] [INFO ] [ch.vorburger.exec.ManagedProcess] mysql_install_db: 2018-07-28  7:01:11 140032593622784 [Note] InnoDB: Dumping buffer pool(s) not yet started
[2018-07-28 09:01:13.324] [Exec Stream Pumper] [INFO ] [ch.vorburger.exec.ManagedProcess] mysql_install_db: OK
[2018-07-28 09:01:13.324] [Exec Stream Pumper] [INFO ] [ch.vorburger.exec.ManagedProcess] mysql_install_db: Filling help tables...
[2018-07-28 09:01:13.437] [Exec Stream Pumper] [INFO ] [ch.vorburger.exec.ManagedProcess] mysql_install_db: 2018-07-28  7:01:13 140200788993920 [Note] /tmp/MariaDB4j/base/bin/mysqld (mysqld 10.1.13-MariaDB) starting as process 2998 ...
[2018-07-28 09:01:13.609] [Exec Stream Pumper] [INFO ] [ch.vorburger.exec.ManagedProcess] mysql_install_db: 2018-07-28  7:01:13 140200788993920 [Note] InnoDB: Using mutexes to ref count buffer pool pages
[2018-07-28 09:01:13.609] [Exec Stream Pumper] [INFO ] [ch.vorburger.exec.ManagedProcess] mysql_install_db: 2018-07-28  7:01:13 140200788993920 [Note] InnoDB: The InnoDB memory heap is disabled
[2018-07-28 09:01:13.609] [Exec Stream Pumper] [INFO ] [ch.vorburger.exec.ManagedProcess] mysql_install_db: 2018-07-28  7:01:13 140200788993920 [Note] InnoDB: Mutexes and rw_locks use GCC atomic builtins
[2018-07-28 09:01:13.609] [Exec Stream Pumper] [INFO ] [ch.vorburger.exec.ManagedProcess] mysql_install_db: 2018-07-28  7:01:13 140200788993920 [Note] InnoDB: Memory barrier is not used
[2018-07-28 09:01:13.609] [Exec Stream Pumper] [INFO ] [ch.vorburger.exec.ManagedProcess] mysql_install_db: 2018-07-28  7:01:13 140200788993920 [Note] InnoDB: Compressed tables use zlib 1.2.3
[2018-07-28 09:01:13.609] [Exec Stream Pumper] [INFO ] [ch.vorburger.exec.ManagedProcess] mysql_install_db: 2018-07-28  7:01:13 140200788993920 [Note] InnoDB: Using Linux native AIO
[2018-07-28 09:01:13.609] [Exec Stream Pumper] [INFO ] [ch.vorburger.exec.ManagedProcess] mysql_install_db: 2018-07-28  7:01:13 140200788993920 [Note] InnoDB: Using SSE crc32 instructions
[2018-07-28 09:01:13.612] [Exec Stream Pumper] [INFO ] [ch.vorburger.exec.ManagedProcess] mysql_install_db: 2018-07-28  7:01:13 140200788993920 [Note] InnoDB: Initializing buffer pool, size = 128.0M
[2018-07-28 09:01:13.629] [Exec Stream Pumper] [INFO ] [ch.vorburger.exec.ManagedProcess] mysql_install_db: 2018-07-28  7:01:13 140200788993920 [Note] InnoDB: Completed initialization of buffer pool
[2018-07-28 09:01:13.656] [Exec Stream Pumper] [INFO ] [ch.vorburger.exec.ManagedProcess] mysql_install_db: 2018-07-28  7:01:13 140200788993920 [Note] InnoDB: Highest supported file format is Barracuda.
[2018-07-28 09:01:13.682] [Exec Stream Pumper] [INFO ] [ch.vorburger.exec.ManagedProcess] mysql_install_db: 2018-07-28  7:01:13 140200788993920 [Note] InnoDB: 128 rollback segment(s) are active.
[2018-07-28 09:01:13.683] [Exec Stream Pumper] [INFO ] [ch.vorburger.exec.ManagedProcess] mysql_install_db: 2018-07-28  7:01:13 140200788993920 [Note] InnoDB: Waiting for purge to start
[2018-07-28 09:01:13.733] [Exec Stream Pumper] [INFO ] [ch.vorburger.exec.ManagedProcess] mysql_install_db: 2018-07-28  7:01:13 140200788993920 [Note] InnoDB:  Percona XtraDB (http://www.percona.com) 5.6.28-76.1 started; log sequence number 1616799
[2018-07-28 09:01:13.768] [Exec Stream Pumper] [INFO ] [ch.vorburger.exec.ManagedProcess] mysql_install_db: 2018-07-28  7:01:13 140200072169216 [Note] InnoDB: Dumping buffer pool(s) not yet started
[2018-07-28 09:01:15.932] [Exec Stream Pumper] [INFO ] [ch.vorburger.exec.ManagedProcess] mysql_install_db: OK
[2018-07-28 09:01:15.932] [Exec Stream Pumper] [INFO ] [ch.vorburger.exec.ManagedProcess] mysql_install_db: Creating OpenGIS required SP-s...
[2018-07-28 09:01:16.050] [Exec Stream Pumper] [INFO ] [ch.vorburger.exec.ManagedProcess] mysql_install_db: 2018-07-28  7:01:16 139646487279488 [Note] /tmp/MariaDB4j/base/bin/mysqld (mysqld 10.1.13-MariaDB) starting as process 3033 ...
[2018-07-28 09:01:16.217] [Exec Stream Pumper] [INFO ] [ch.vorburger.exec.ManagedProcess] mysql_install_db: 2018-07-28  7:01:16 139646487279488 [Note] InnoDB: Using mutexes to ref count buffer pool pages
[2018-07-28 09:01:16.217] [Exec Stream Pumper] [INFO ] [ch.vorburger.exec.ManagedProcess] mysql_install_db: 2018-07-28  7:01:16 139646487279488 [Note] InnoDB: The InnoDB memory heap is disabled
[2018-07-28 09:01:16.217] [Exec Stream Pumper] [INFO ] [ch.vorburger.exec.ManagedProcess] mysql_install_db: 2018-07-28  7:01:16 139646487279488 [Note] InnoDB: Mutexes and rw_locks use GCC atomic builtins
[2018-07-28 09:01:16.217] [Exec Stream Pumper] [INFO ] [ch.vorburger.exec.ManagedProcess] mysql_install_db: 2018-07-28  7:01:16 139646487279488 [Note] InnoDB: Memory barrier is not used
[2018-07-28 09:01:16.217] [Exec Stream Pumper] [INFO ] [ch.vorburger.exec.ManagedProcess] mysql_install_db: 2018-07-28  7:01:16 139646487279488 [Note] InnoDB: Compressed tables use zlib 1.2.3
[2018-07-28 09:01:16.217] [Exec Stream Pumper] [INFO ] [ch.vorburger.exec.ManagedProcess] mysql_install_db: 2018-07-28  7:01:16 139646487279488 [Note] InnoDB: Using Linux native AIO
[2018-07-28 09:01:16.217] [Exec Stream Pumper] [INFO ] [ch.vorburger.exec.ManagedProcess] mysql_install_db: 2018-07-28  7:01:16 139646487279488 [Note] InnoDB: Using SSE crc32 instructions
[2018-07-28 09:01:16.220] [Exec Stream Pumper] [INFO ] [ch.vorburger.exec.ManagedProcess] mysql_install_db: 2018-07-28  7:01:16 139646487279488 [Note] InnoDB: Initializing buffer pool, size = 128.0M
[2018-07-28 09:01:16.237] [Exec Stream Pumper] [INFO ] [ch.vorburger.exec.ManagedProcess] mysql_install_db: 2018-07-28  7:01:16 139646487279488 [Note] InnoDB: Completed initialization of buffer pool
[2018-07-28 09:01:16.264] [Exec Stream Pumper] [INFO ] [ch.vorburger.exec.ManagedProcess] mysql_install_db: 2018-07-28  7:01:16 139646487279488 [Note] InnoDB: Highest supported file format is Barracuda.
[2018-07-28 09:01:16.290] [Exec Stream Pumper] [INFO ] [ch.vorburger.exec.ManagedProcess] mysql_install_db: 2018-07-28  7:01:16 139646487279488 [Note] InnoDB: 128 rollback segment(s) are active.
[2018-07-28 09:01:16.290] [Exec Stream Pumper] [INFO ] [ch.vorburger.exec.ManagedProcess] mysql_install_db: 2018-07-28  7:01:16 139646487279488 [Note] InnoDB: Waiting for purge to start
[2018-07-28 09:01:16.341] [Exec Stream Pumper] [INFO ] [ch.vorburger.exec.ManagedProcess] mysql_install_db: 2018-07-28  7:01:16 139646487279488 [Note] InnoDB:  Percona XtraDB (http://www.percona.com) 5.6.28-76.1 started; log sequence number 1616809
[2018-07-28 09:01:16.374] [Exec Stream Pumper] [INFO ] [ch.vorburger.exec.ManagedProcess] mysql_install_db: 2018-07-28  7:01:16 139645773932288 [Note] InnoDB: Dumping buffer pool(s) not yet started
[2018-07-28 09:01:18.596] [Exec Stream Pumper] [INFO ] [ch.vorburger.exec.ManagedProcess] mysql_install_db: OK
[2018-07-28 09:01:18.596] [Exec Stream Pumper] [INFO ] [ch.vorburger.exec.ManagedProcess] mysql_install_db: 
[2018-07-28 09:01:18.596] [Exec Stream Pumper] [INFO ] [ch.vorburger.exec.ManagedProcess] mysql_install_db: To start mysqld at boot time you have to copy
[2018-07-28 09:01:18.596] [Exec Stream Pumper] [INFO ] [ch.vorburger.exec.ManagedProcess] mysql_install_db: support-files/mysql.server to the right place for your system
[2018-07-28 09:01:18.596] [Exec Stream Pumper] [INFO ] [ch.vorburger.exec.ManagedProcess] mysql_install_db: 
[2018-07-28 09:01:18.596] [Exec Stream Pumper] [INFO ] [ch.vorburger.exec.ManagedProcess] mysql_install_db: PLEASE REMEMBER TO SET A PASSWORD FOR THE MariaDB root USER !
[2018-07-28 09:01:18.596] [Exec Stream Pumper] [INFO ] [ch.vorburger.exec.ManagedProcess] mysql_install_db: To do so, start the server, then issue the following commands:
[2018-07-28 09:01:18.598] [Exec Stream Pumper] [INFO ] [ch.vorburger.exec.ManagedProcess] mysql_install_db: 
[2018-07-28 09:01:18.598] [Exec Stream Pumper] [INFO ] [ch.vorburger.exec.ManagedProcess] mysql_install_db: '/tmp/MariaDB4j/base/bin/mysqladmin' -u root password 'new-password'
[2018-07-28 09:01:18.598] [Exec Stream Pumper] [INFO ] [ch.vorburger.exec.ManagedProcess] mysql_install_db: '/tmp/MariaDB4j/base/bin/mysqladmin' -u root -h  password 'new-password'
[2018-07-28 09:01:18.598] [Exec Stream Pumper] [INFO ] [ch.vorburger.exec.ManagedProcess] mysql_install_db: 
[2018-07-28 09:01:18.598] [Exec Stream Pumper] [INFO ] [ch.vorburger.exec.ManagedProcess] mysql_install_db: Alternatively you can run:
[2018-07-28 09:01:18.598] [Exec Stream Pumper] [INFO ] [ch.vorburger.exec.ManagedProcess] mysql_install_db: '/tmp/MariaDB4j/base/bin/mysql_secure_installation'
[2018-07-28 09:01:18.598] [Exec Stream Pumper] [INFO ] [ch.vorburger.exec.ManagedProcess] mysql_install_db: 
[2018-07-28 09:01:18.598] [Exec Stream Pumper] [INFO ] [ch.vorburger.exec.ManagedProcess] mysql_install_db: which will also give you the option of removing the test
[2018-07-28 09:01:18.598] [Exec Stream Pumper] [INFO ] [ch.vorburger.exec.ManagedProcess] mysql_install_db: databases and anonymous user created by default.  This is
[2018-07-28 09:01:18.598] [Exec Stream Pumper] [INFO ] [ch.vorburger.exec.ManagedProcess] mysql_install_db: strongly recommended for production servers.
[2018-07-28 09:01:18.598] [Exec Stream Pumper] [INFO ] [ch.vorburger.exec.ManagedProcess] mysql_install_db: 
[2018-07-28 09:01:18.598] [Exec Stream Pumper] [INFO ] [ch.vorburger.exec.ManagedProcess] mysql_install_db: See the MariaDB Knowledgebase at http://mariadb.com/kb or the
[2018-07-28 09:01:18.598] [Exec Stream Pumper] [INFO ] [ch.vorburger.exec.ManagedProcess] mysql_install_db: MySQL manual for more instructions.
[2018-07-28 09:01:18.599] [Exec Stream Pumper] [INFO ] [ch.vorburger.exec.ManagedProcess] mysql_install_db: 
[2018-07-28 09:01:18.599] [Exec Stream Pumper] [INFO ] [ch.vorburger.exec.ManagedProcess] mysql_install_db: You can start the MariaDB daemon with:
[2018-07-28 09:01:18.599] [Exec Stream Pumper] [INFO ] [ch.vorburger.exec.ManagedProcess] mysql_install_db: cd '/tmp/MariaDB4j/base' ; /tmp/MariaDB4j/base/bin/mysqld_safe --datadir='/tmp/MariaDB4j/data/43763'
[2018-07-28 09:01:18.599] [Exec Stream Pumper] [INFO ] [ch.vorburger.exec.ManagedProcess] mysql_install_db: 
[2018-07-28 09:01:18.599] [Exec Stream Pumper] [INFO ] [ch.vorburger.exec.ManagedProcess] mysql_install_db: You can test the MariaDB daemon with mysql-test-run.pl
[2018-07-28 09:01:18.599] [Exec Stream Pumper] [INFO ] [ch.vorburger.exec.ManagedProcess] mysql_install_db: cd '/tmp/MariaDB4j/base/mysql-test' ; perl mysql-test-run.pl
[2018-07-28 09:01:18.599] [Exec Stream Pumper] [INFO ] [ch.vorburger.exec.ManagedProcess] mysql_install_db: 
[2018-07-28 09:01:18.599] [Exec Stream Pumper] [INFO ] [ch.vorburger.exec.ManagedProcess] mysql_install_db: Please report any problems at http://mariadb.org/jira
[2018-07-28 09:01:18.599] [Exec Stream Pumper] [INFO ] [ch.vorburger.exec.ManagedProcess] mysql_install_db: 
[2018-07-28 09:01:18.599] [Exec Stream Pumper] [INFO ] [ch.vorburger.exec.ManagedProcess] mysql_install_db: The latest information about MariaDB is available at http://mariadb.org/.
[2018-07-28 09:01:18.599] [Exec Stream Pumper] [INFO ] [ch.vorburger.exec.ManagedProcess] mysql_install_db: You can find additional information about the MySQL part at:
[2018-07-28 09:01:18.599] [Exec Stream Pumper] [INFO ] [ch.vorburger.exec.ManagedProcess] mysql_install_db: http://dev.mysql.com
[2018-07-28 09:01:18.599] [Exec Stream Pumper] [INFO ] [ch.vorburger.exec.ManagedProcess] mysql_install_db: Support MariaDB development by buying support/new features from MariaDB
[2018-07-28 09:01:18.599] [Exec Stream Pumper] [INFO ] [ch.vorburger.exec.ManagedProcess] mysql_install_db: Corporation Ab. You can contact us about this at sales@mariadb.com.
[2018-07-28 09:01:18.600] [Exec Stream Pumper] [INFO ] [ch.vorburger.exec.ManagedProcess] mysql_install_db: Alternatively consider joining our community based development effort:
[2018-07-28 09:01:18.600] [Exec Stream Pumper] [INFO ] [ch.vorburger.exec.ManagedProcess] mysql_install_db: http://mariadb.com/kb/en/contributing-to-the-mariadb-project/
[2018-07-28 09:01:18.600] [Exec Stream Pumper] [INFO ] [ch.vorburger.exec.ManagedProcess] mysql_install_db: 
[2018-07-28 09:01:18.601] [Exec Default Executor] [INFO ] [ch.vorburger.exec.ManagedProcess] Program [/tmp/MariaDB4j/base/bin/mysql_install_db, --datadir=/tmp/MariaDB4j/data/43763, --basedir=/tmp/MariaDB4j/base, --no-defaults, --force, --skip-name-resolve] (in working directory /tmp/MariaDB4j/base) just exited, with value 0
[2018-07-28 09:01:18.606] [main] [INFO ] [ch.vorburger.mariadb4j.DB] Installation complete.
[2018-07-28 09:01:18.606] [main] [INFO ] [ch.vorburger.mariadb4j.DB] Starting up the database...
[2018-07-28 09:01:18.607] [main] [INFO ] [ch.vorburger.mariadb4j.DB] mysqld executable: /tmp/MariaDB4j/base/bin/mysqld
[2018-07-28 09:01:18.607] [main] [INFO ] [ch.vorburger.exec.ManagedProcess] Starting Program [/tmp/MariaDB4j/base/bin/mysqld, --no-defaults, --console, --skip-grant-tables, --max_allowed_packet=64M, --basedir=/tmp/MariaDB4j/base, --datadir=/tmp/MariaDB4j/data/43763, --port=43763, --socket=/tmp/MariaDB4j.43763.sock] (in working directory /tmp/MariaDB4j/base)
[2018-07-28 09:01:18.607] [main] [INFO ] [ch.vorburger.exec.ManagedProcess] Thread will wait for "mysqld: ready for connections." to appear in Console output of process Program [/tmp/MariaDB4j/base/bin/mysqld, --no-defaults, --console, --skip-grant-tables, --max_allowed_packet=64M, --basedir=/tmp/MariaDB4j/base, --datadir=/tmp/MariaDB4j/data/43763, --port=43763, --socket=/tmp/MariaDB4j.43763.sock] (in working directory /tmp/MariaDB4j/base) for max. 30000ms
[2018-07-28 09:01:18.741] [Exec Stream Pumper] [INFO ] [ch.vorburger.exec.ManagedProcess] mysqld: 2018-07-28  7:01:18 140563391199104 [Note] /tmp/MariaDB4j/base/bin/mysqld (mysqld 10.1.13-MariaDB) starting as process 3068 ...
[2018-07-28 09:01:18.750] [Exec Stream Pumper] [ERROR] [ch.vorburger.exec.ManagedProcess] mysqld: 2018-07-28  7:01:18 140563391199104 [ERROR] Fatal error: Please consult the Knowledge Base to find out how to run mysqld as root!
[2018-07-28 09:01:18.751] [Exec Stream Pumper] [INFO ] [ch.vorburger.exec.ManagedProcess] mysqld: 
[2018-07-28 09:01:18.751] [Exec Stream Pumper] [ERROR] [ch.vorburger.exec.ManagedProcess] mysqld: 2018-07-28  7:01:18 140563391199104 [ERROR] Aborting
[2018-07-28 09:01:18.751] [Exec Stream Pumper] [INFO ] [ch.vorburger.exec.ManagedProcess] mysqld: 
[2018-07-28 09:01:18.755] [Exec Default Executor] [ERROR] [ch.vorburger.exec.ManagedProcess] Program [/tmp/MariaDB4j/base/bin/mysqld, --no-defaults, --console, --skip-grant-tables, --max_allowed_packet=64M, --basedir=/tmp/MariaDB4j/base, --datadir=/tmp/MariaDB4j/data/43763, --port=43763, --socket=/tmp/MariaDB4j.43763.sock] (in working directory /tmp/MariaDB4j/base) failed unexpectedly
org.apache.commons.exec.ExecuteException: Process exited with an error: 1 (Exit value: 1)
	at org.apache.commons.exec.DefaultExecutor.executeInternal(DefaultExecutor.java:404) ~[commons-exec-1.3.jar:1.3]
	at org.apache.commons.exec.DefaultExecutor.access$200(DefaultExecutor.java:48) ~[commons-exec-1.3.jar:1.3]
	at org.apache.commons.exec.DefaultExecutor$1.run(DefaultExecutor.java:200) [commons-exec-1.3.jar:1.3]
	at java.lang.Thread.run(Thread.java:745) [?:1.8.0_121]
[2018-07-28 09:01:18.759] [main] [ERROR] [ch.vorburger.mariadb4j.DB] failed to start mysqld
ch.vorburger.exec.ManagedProcessException: Asked to wait for "mysqld: ready for connections." from Program [/tmp/MariaDB4j/base/bin/mysqld, --no-defaults, --console, --skip-grant-tables, --max_allowed_packet=64M, --basedir=/tmp/MariaDB4j/base, --datadir=/tmp/MariaDB4j/data/43763, --port=43763, --socket=/tmp/MariaDB4j.43763.sock] (in working directory /tmp/MariaDB4j/base), but it already exited! (without that message in console), last 100 lines of console:
2018-07-28  7:01:18 140563391199104 [Note] /tmp/MariaDB4j/base/bin/mysqld (mysqld 10.1.13-MariaDB) starting as process 3068 ...
2018-07-28  7:01:18 140563391199104 [ERROR] Fatal error: Please consult the Knowledge Base to find out how to run mysqld as root!

2018-07-28  7:01:18 140563391199104 [ERROR] Aborting

	at ch.vorburger.exec.ManagedProcess.startAndWaitForConsoleMessageMaxMs(ManagedProcess.java:263) ~[mariaDB4j-core-2.2.3.jar:?]
	at ch.vorburger.mariadb4j.DB.start(DB.java:148) ~[mariaDB4j-core-2.2.3.jar:?]
	at ch.vorburger.mariadb4j.MariaDB4jService.start(MariaDB4jService.java:67) ~[mariaDB4j-core-2.2.3.jar:?]
	at ch.vorburger.mariadb4j.springframework.MariaDB4jSpringService.start(MariaDB4jSpringService.java:96) ~[mariaDB4j-core-2.2.3.jar:?]
	at sun.reflect.GeneratedMethodAccessor52.invoke(Unknown Source) ~[?:?]
	at sun.reflect.DelegatingMethodAccessorImpl.invoke(DelegatingMethodAccessorImpl.java:43) ~[?:1.8.0_121]
	at java.lang.reflect.Method.invoke(Method.java:498) ~[?:1.8.0_121]
	at org.springframework.beans.factory.annotation.InitDestroyAnnotationBeanPostProcessor$LifecycleElement.invoke(InitDestroyAnnotationBeanPostProcessor.java:365) ~[spring-beans-5.0.7.RELEASE.jar:5.0.7.RELEASE]
	at org.springframework.beans.factory.annotation.InitDestroyAnnotationBeanPostProcessor$LifecycleMetadata.invokeInitMethods(InitDestroyAnnotationBeanPostProcessor.java:308) ~[spring-beans-5.0.7.RELEASE.jar:5.0.7.RELEASE]
	at org.springframework.beans.factory.annotation.InitDestroyAnnotationBeanPostProcessor.postProcessBeforeInitialization(InitDestroyAnnotationBeanPostProcessor.java:135) ~[spring-beans-5.0.7.RELEASE.jar:5.0.7.RELEASE]
	at org.springframework.beans.factory.support.AbstractAutowireCapableBeanFactory.applyBeanPostProcessorsBeforeInitialization(AbstractAutowireCapableBeanFactory.java:424) ~[spring-beans-5.0.7.RELEASE.jar:5.0.7.RELEASE]
	at org.springframework.beans.factory.support.AbstractAutowireCapableBeanFactory.initializeBean(AbstractAutowireCapableBeanFactory.java:1700) ~[spring-beans-5.0.7.RELEASE.jar:5.0.7.RELEASE]
	at org.springframework.beans.factory.support.AbstractAutowireCapableBeanFactory.doCreateBean(AbstractAutowireCapableBeanFactory.java:581) ~[spring-beans-5.0.7.RELEASE.jar:5.0.7.RELEASE]
	at org.springframework.beans.factory.support.AbstractAutowireCapableBeanFactory.createBean(AbstractAutowireCapableBeanFactory.java:503) ~[spring-beans-5.0.7.RELEASE.jar:5.0.7.RELEASE]
	at org.springframework.beans.factory.support.AbstractBeanFactory.lambda$doGetBean$0(AbstractBeanFactory.java:317) ~[spring-beans-5.0.7.RELEASE.jar:5.0.7.RELEASE]
	at org.springframework.beans.factory.support.DefaultSingletonBeanRegistry.getSingleton(DefaultSingletonBeanRegistry.java:222) ~[spring-beans-5.0.7.RELEASE.jar:5.0.7.RELEASE]
	at org.springframework.beans.factory.support.AbstractBeanFactory.doGetBean(AbstractBeanFactory.java:315) ~[spring-beans-5.0.7.RELEASE.jar:5.0.7.RELEASE]
	at org.springframework.beans.factory.support.AbstractBeanFactory.getBean(AbstractBeanFactory.java:199) ~[spring-beans-5.0.7.RELEASE.jar:5.0.7.RELEASE]
	at org.springframework.beans.factory.config.DependencyDescriptor.resolveCandidate(DependencyDescriptor.java:251) ~[spring-beans-5.0.7.RELEASE.jar:5.0.7.RELEASE]
	at org.springframework.beans.factory.support.DefaultListableBeanFactory.doResolveDependency(DefaultListableBeanFactory.java:1138) ~[spring-beans-5.0.7.RELEASE.jar:5.0.7.RELEASE]
	at org.springframework.beans.factory.support.DefaultListableBeanFactory.resolveDependency(DefaultListableBeanFactory.java:1065) ~[spring-beans-5.0.7.RELEASE.jar:5.0.7.RELEASE]
	at org.springframework.beans.factory.support.ConstructorResolver.resolveAutowiredArgument(ConstructorResolver.java:818) ~[spring-beans-5.0.7.RELEASE.jar:5.0.7.RELEASE]
	at org.springframework.beans.factory.support.ConstructorResolver.createArgumentArray(ConstructorResolver.java:724) ~[spring-beans-5.0.7.RELEASE.jar:5.0.7.RELEASE]
	at org.springframework.beans.factory.support.ConstructorResolver.instantiateUsingFactoryMethod(ConstructorResolver.java:474) ~[spring-beans-5.0.7.RELEASE.jar:5.0.7.RELEASE]
	at org.springframework.beans.factory.support.AbstractAutowireCapableBeanFactory.instantiateUsingFactoryMethod(AbstractAutowireCapableBeanFactory.java:1256) ~[spring-beans-5.0.7.RELEASE.jar:5.0.7.RELEASE]
	at org.springframework.beans.factory.support.AbstractAutowireCapableBeanFactory.createBeanInstance(AbstractAutowireCapableBeanFactory.java:1105) ~[spring-beans-5.0.7.RELEASE.jar:5.0.7.RELEASE]
	at org.springframework.beans.factory.support.AbstractAutowireCapableBeanFactory.doCreateBean(AbstractAutowireCapableBeanFactory.java:543) ~[spring-beans-5.0.7.RELEASE.jar:5.0.7.RELEASE]
	at org.springframework.beans.factory.support.AbstractAutowireCapableBeanFactory.createBean(AbstractAutowireCapableBeanFactory.java:503) ~[spring-beans-5.0.7.RELEASE.jar:5.0.7.RELEASE]
	at org.springframework.beans.factory.support.AbstractBeanFactory.lambda$doGetBean$0(AbstractBeanFactory.java:317) ~[spring-beans-5.0.7.RELEASE.jar:5.0.7.RELEASE]
	at org.springframework.beans.factory.support.DefaultSingletonBeanRegistry.getSingleton(DefaultSingletonBeanRegistry.java:222) ~[spring-beans-5.0.7.RELEASE.jar:5.0.7.RELEASE]
	at org.springframework.beans.factory.support.AbstractBeanFactory.doGetBean(AbstractBeanFactory.java:315) ~[spring-beans-5.0.7.RELEASE.jar:5.0.7.RELEASE]
	at org.springframework.beans.factory.support.AbstractBeanFactory.getBean(AbstractBeanFactory.java:199) ~[spring-beans-5.0.7.RELEASE.jar:5.0.7.RELEASE]
	at org.springframework.beans.factory.config.DependencyDescriptor.resolveCandidate(DependencyDescriptor.java:251) ~[spring-beans-5.0.7.RELEASE.jar:5.0.7.RELEASE]
	at org.springframework.beans.factory.support.DefaultListableBeanFactory.doResolveDependency(DefaultListableBeanFactory.java:1138) ~[spring-beans-5.0.7.RELEASE.jar:5.0.7.RELEASE]
	at org.springframework.beans.factory.support.DefaultListableBeanFactory.resolveDependency(DefaultListableBeanFactory.java:1065) ~[spring-beans-5.0.7.RELEASE.jar:5.0.7.RELEASE]
	at org.springframework.beans.factory.annotation.AutowiredAnnotationBeanPostProcessor$AutowiredFieldElement.inject(AutowiredAnnotationBeanPostProcessor.java:584) ~[spring-beans-5.0.7.RELEASE.jar:5.0.7.RELEASE]
	at org.springframework.beans.factory.annotation.InjectionMetadata.inject(InjectionMetadata.java:91) ~[spring-beans-5.0.7.RELEASE.jar:5.0.7.RELEASE]
	at org.springframework.beans.factory.annotation.AutowiredAnnotationBeanPostProcessor.postProcessPropertyValues(AutowiredAnnotationBeanPostProcessor.java:373) ~[spring-beans-5.0.7.RELEASE.jar:5.0.7.RELEASE]
	at org.springframework.beans.factory.support.AbstractAutowireCapableBeanFactory.populateBean(AbstractAutowireCapableBeanFactory.java:1350) ~[spring-beans-5.0.7.RELEASE.jar:5.0.7.RELEASE]
	at org.springframework.beans.factory.support.AbstractAutowireCapableBeanFactory.doCreateBean(AbstractAutowireCapableBeanFactory.java:580) ~[spring-beans-5.0.7.RELEASE.jar:5.0.7.RELEASE]
	at org.springframework.beans.factory.support.AbstractAutowireCapableBeanFactory.createBean(AbstractAutowireCapableBeanFactory.java:503) ~[spring-beans-5.0.7.RELEASE.jar:5.0.7.RELEASE]
	at org.springframework.beans.factory.support.AbstractBeanFactory.lambda$doGetBean$0(AbstractBeanFactory.java:317) ~[spring-beans-5.0.7.RELEASE.jar:5.0.7.RELEASE]
	at org.springframework.beans.factory.support.DefaultSingletonBeanRegistry.getSingleton(DefaultSingletonBeanRegistry.java:222) [spring-beans-5.0.7.RELEASE.jar:5.0.7.RELEASE]
	at org.springframework.beans.factory.support.AbstractBeanFactory.doGetBean(AbstractBeanFactory.java:315) [spring-beans-5.0.7.RELEASE.jar:5.0.7.RELEASE]
	at org.springframework.beans.factory.support.AbstractBeanFactory.getBean(AbstractBeanFactory.java:199) [spring-beans-5.0.7.RELEASE.jar:5.0.7.RELEASE]
	at org.springframework.beans.factory.support.DefaultListableBeanFactory.preInstantiateSingletons(DefaultListableBeanFactory.java:760) [spring-beans-5.0.7.RELEASE.jar:5.0.7.RELEASE]
	at org.springframework.context.support.AbstractApplicationContext.finishBeanFactoryInitialization(AbstractApplicationContext.java:869) [spring-context-5.0.7.RELEASE.jar:5.0.7.RELEASE]
	at org.springframework.context.support.AbstractApplicationContext.refresh(AbstractApplicationContext.java:550) [spring-context-5.0.7.RELEASE.jar:5.0.7.RELEASE]
	at org.springframework.test.context.support.AbstractGenericContextLoader.loadContext(AbstractGenericContextLoader.java:128) [spring-test-5.0.4.RELEASE.jar:5.0.4.RELEASE]
	at org.springframework.test.context.support.AbstractGenericContextLoader.loadContext(AbstractGenericContextLoader.java:60) [spring-test-5.0.4.RELEASE.jar:5.0.4.RELEASE]
	at org.springframework.test.context.support.AbstractDelegatingSmartContextLoader.delegateLoading(AbstractDelegatingSmartContextLoader.java:107) [spring-test-5.0.4.RELEASE.jar:5.0.4.RELEASE]
	at org.springframework.test.context.support.AbstractDelegatingSmartContextLoader.loadContext(AbstractDelegatingSmartContextLoader.java:243) [spring-test-5.0.4.RELEASE.jar:5.0.4.RELEASE]
	at org.springframework.test.context.cache.DefaultCacheAwareContextLoaderDelegate.loadContextInternal(DefaultCacheAwareContextLoaderDelegate.java:99) [spring-test-5.0.4.RELEASE.jar:5.0.4.RELEASE]
	at org.springframework.test.context.cache.DefaultCacheAwareContextLoaderDelegate.loadContext(DefaultCacheAwareContextLoaderDelegate.java:117) [spring-test-5.0.4.RELEASE.jar:5.0.4.RELEASE]
	at org.springframework.test.context.support.DefaultTestContext.getApplicationContext(DefaultTestContext.java:107) [spring-test-5.0.4.RELEASE.jar:5.0.4.RELEASE]
	at org.springframework.test.context.support.DependencyInjectionTestExecutionListener.injectDependencies(DependencyInjectionTestExecutionListener.java:117) [spring-test-5.0.4.RELEASE.jar:5.0.4.RELEASE]
	at org.springframework.test.context.support.DependencyInjectionTestExecutionListener.prepareTestInstance(DependencyInjectionTestExecutionListener.java:83) [spring-test-5.0.4.RELEASE.jar:5.0.4.RELEASE]
	at org.springframework.test.context.TestContextManager.prepareTestInstance(TestContextManager.java:242) [spring-test-5.0.4.RELEASE.jar:5.0.4.RELEASE]
	at org.springframework.test.context.junit4.SpringJUnit4ClassRunner.createTest(SpringJUnit4ClassRunner.java:227) [spring-test-5.0.4.RELEASE.jar:5.0.4.RELEASE]
	at org.springframework.test.context.junit4.SpringJUnit4ClassRunner$1.runReflectiveCall(SpringJUnit4ClassRunner.java:289) [spring-test-5.0.4.RELEASE.jar:5.0.4.RELEASE]
	at org.junit.internal.runners.model.ReflectiveCallable.run(ReflectiveCallable.java:12) [junit-4.12.jar:4.12]
	at org.springframework.test.context.junit4.SpringJUnit4ClassRunner.methodBlock(SpringJUnit4ClassRunner.java:291) [spring-test-5.0.4.RELEASE.jar:5.0.4.RELEASE]
	at org.springframework.test.context.junit4.SpringJUnit4ClassRunner.runChild(SpringJUnit4ClassRunner.java:246) [spring-test-5.0.4.RELEASE.jar:5.0.4.RELEASE]
	at org.springframework.test.context.junit4.SpringJUnit4ClassRunner.runChild(SpringJUnit4ClassRunner.java:97) [spring-test-5.0.4.RELEASE.jar:5.0.4.RELEASE]
	at org.junit.runners.ParentRunner$3.run(ParentRunner.java:290) [junit-4.12.jar:4.12]
	at org.junit.runners.ParentRunner$1.schedule(ParentRunner.java:71) [junit-4.12.jar:4.12]
	at org.junit.runners.ParentRunner.runChildren(ParentRunner.java:288) [junit-4.12.jar:4.12]
	at org.junit.runners.ParentRunner.access$000(ParentRunner.java:58) [junit-4.12.jar:4.12]
	at org.junit.runners.ParentRunner$2.evaluate(ParentRunner.java:268) [junit-4.12.jar:4.12]
	at org.springframework.test.context.junit4.statements.RunBeforeTestClassCallbacks.evaluate(RunBeforeTestClassCallbacks.java:61) [spring-test-5.0.4.RELEASE.jar:5.0.4.RELEASE]
	at org.springframework.test.context.junit4.statements.RunAfterTestClassCallbacks.evaluate(RunAfterTestClassCallbacks.java:70) [spring-test-5.0.4.RELEASE.jar:5.0.4.RELEASE]
	at org.junit.runners.ParentRunner.run(ParentRunner.java:363) [junit-4.12.jar:4.12]
	at org.springframework.test.context.junit4.SpringJUnit4ClassRunner.run(SpringJUnit4ClassRunner.java:190) [spring-test-5.0.4.RELEASE.jar:5.0.4.RELEASE]
	at org.apache.maven.surefire.junit4.JUnit4Provider.execute(JUnit4Provider.java:365) [surefire-junit4-2.21.0.jar:2.21.0]
	at org.apache.maven.surefire.junit4.JUnit4Provider.executeWithRerun(JUnit4Provider.java:273) [surefire-junit4-2.21.0.jar:2.21.0]
	at org.apache.maven.surefire.junit4.JUnit4Provider.executeTestSet(JUnit4Provider.java:238) [surefire-junit4-2.21.0.jar:2.21.0]
	at org.apache.maven.surefire.junit4.JUnit4Provider.invoke(JUnit4Provider.java:159) [surefire-junit4-2.21.0.jar:2.21.0]
	at org.apache.maven.surefire.booter.ForkedBooter.invokeProviderInSameClassLoader(ForkedBooter.java:379) [surefire-booter-2.21.0.jar:2.21.0]
	at org.apache.maven.surefire.booter.ForkedBooter.runSuitesInProcess(ForkedBooter.java:340) [surefire-booter-2.21.0.jar:2.21.0]
	at org.apache.maven.surefire.booter.ForkedBooter.execute(ForkedBooter.java:125) [surefire-booter-2.21.0.jar:2.21.0]
	at org.apache.maven.surefire.booter.ForkedBooter.main(ForkedBooter.java:413) [surefire-booter-2.21.0.jar:2.21.0]
[2018-07-28 09:01:18.766] [main] [ERROR] [org.springframework.test.context.TestContextManager] Caught exception while allowing TestExecutionListener [org.springframework.test.context.support.DependencyInjectionTestExecutionListener@2e26173] to prepare test instance [com.gunnarro.dietmanager.service.DietManagerServiceTest@27be17c8]
java.lang.IllegalStateException: Failed to load ApplicationContext
	at org.springframework.test.context.cache.DefaultCacheAwareContextLoaderDelegate.loadContext(DefaultCacheAwareContextLoaderDelegate.java:125) ~[spring-test-5.0.4.RELEASE.jar:5.0.4.RELEASE]
	at org.springframework.test.context.support.DefaultTestContext.getApplicationContext(DefaultTestContext.java:107) ~[spring-test-5.0.4.RELEASE.jar:5.0.4.RELEASE]
	at org.springframework.test.context.support.DependencyInjectionTestExecutionListener.injectDependencies(DependencyInjectionTestExecutionListener.java:117) ~[spring-test-5.0.4.RELEASE.jar:5.0.4.RELEASE]
	at org.springframework.test.context.support.DependencyInjectionTestExecutionListener.prepareTestInstance(DependencyInjectionTestExecutionListener.java:83) ~[spring-test-5.0.4.RELEASE.jar:5.0.4.RELEASE]
	at org.springframework.test.context.TestContextManager.prepareTestInstance(TestContextManager.java:242) [spring-test-5.0.4.RELEASE.jar:5.0.4.RELEASE]
	at org.springframework.test.context.junit4.SpringJUnit4ClassRunner.createTest(SpringJUnit4ClassRunner.java:227) [spring-test-5.0.4.RELEASE.jar:5.0.4.RELEASE]
	at org.springframework.test.context.junit4.SpringJUnit4ClassRunner$1.runReflectiveCall(SpringJUnit4ClassRunner.java:289) [spring-test-5.0.4.RELEASE.jar:5.0.4.RELEASE]
	at org.junit.internal.runners.model.ReflectiveCallable.run(ReflectiveCallable.java:12) [junit-4.12.jar:4.12]
	at org.springframework.test.context.junit4.SpringJUnit4ClassRunner.methodBlock(SpringJUnit4ClassRunner.java:291) [spring-test-5.0.4.RELEASE.jar:5.0.4.RELEASE]
	at org.springframework.test.context.junit4.SpringJUnit4ClassRunner.runChild(SpringJUnit4ClassRunner.java:246) [spring-test-5.0.4.RELEASE.jar:5.0.4.RELEASE]
	at org.springframework.test.context.junit4.SpringJUnit4ClassRunner.runChild(SpringJUnit4ClassRunner.java:97) [spring-test-5.0.4.RELEASE.jar:5.0.4.RELEASE]
	at org.junit.runners.ParentRunner$3.run(ParentRunner.java:290) [junit-4.12.jar:4.12]
	at org.junit.runners.ParentRunner$1.schedule(ParentRunner.java:71) [junit-4.12.jar:4.12]
	at org.junit.runners.ParentRunner.runChildren(ParentRunner.java:288) [junit-4.12.jar:4.12]
	at org.junit.runners.ParentRunner.access$000(ParentRunner.java:58) [junit-4.12.jar:4.12]
	at org.junit.runners.ParentRunner$2.evaluate(ParentRunner.java:268) [junit-4.12.jar:4.12]
	at org.springframework.test.context.junit4.statements.RunBeforeTestClassCallbacks.evaluate(RunBeforeTestClassCallbacks.java:61) [spring-test-5.0.4.RELEASE.jar:5.0.4.RELEASE]
	at org.springframework.test.context.junit4.statements.RunAfterTestClassCallbacks.evaluate(RunAfterTestClassCallbacks.java:70) [spring-test-5.0.4.RELEASE.jar:5.0.4.RELEASE]
	at org.junit.runners.ParentRunner.run(ParentRunner.java:363) [junit-4.12.jar:4.12]
	at org.springframework.test.context.junit4.SpringJUnit4ClassRunner.run(SpringJUnit4ClassRunner.java:190) [spring-test-5.0.4.RELEASE.jar:5.0.4.RELEASE]
	at org.apache.maven.surefire.junit4.JUnit4Provider.execute(JUnit4Provider.java:365) [surefire-junit4-2.21.0.jar:2.21.0]
	at org.apache.maven.surefire.junit4.JUnit4Provider.executeWithRerun(JUnit4Provider.java:273) [surefire-junit4-2.21.0.jar:2.21.0]
	at org.apache.maven.surefire.junit4.JUnit4Provider.executeTestSet(JUnit4Provider.java:238) [surefire-junit4-2.21.0.jar:2.21.0]
	at org.apache.maven.surefire.junit4.JUnit4Provider.invoke(JUnit4Provider.java:159) [surefire-junit4-2.21.0.jar:2.21.0]
	at org.apache.maven.surefire.booter.ForkedBooter.invokeProviderInSameClassLoader(ForkedBooter.java:379) [surefire-booter-2.21.0.jar:2.21.0]
	at org.apache.maven.surefire.booter.ForkedBooter.runSuitesInProcess(ForkedBooter.java:340) [surefire-booter-2.21.0.jar:2.21.0]
	at org.apache.maven.surefire.booter.ForkedBooter.execute(ForkedBooter.java:125) [surefire-booter-2.21.0.jar:2.21.0]
	at org.apache.maven.surefire.booter.ForkedBooter.main(ForkedBooter.java:413) [surefire-booter-2.21.0.jar:2.21.0]
Caused by: org.springframework.beans.factory.UnsatisfiedDependencyException: Error creating bean with name 'testRepositoryConfiguration': Unsatisfied dependency expressed through field 'dataSource'; nested exception is org.springframework.beans.factory.UnsatisfiedDependencyException: Error creating bean with name 'dietManagerDataSource' defined in com.gunnarro.dietmanager.config.TestMariDBDataSourceConfiguration: Unsatisfied dependency expressed through method 'dietManagerDataSource' parameter 0; nested exception is org.springframework.beans.factory.BeanCreationException: Error creating bean with name 'mariaDB4jSpringService': Invocation of init method failed; nested exception is java.lang.IllegalStateException: MariaDB4jSpringService start() failed
	at org.springframework.beans.factory.annotation.AutowiredAnnotationBeanPostProcessor$AutowiredFieldElement.inject(AutowiredAnnotationBeanPostProcessor.java:587) ~[spring-beans-5.0.7.RELEASE.jar:5.0.7.RELEASE]
	at org.springframework.beans.factory.annotation.InjectionMetadata.inject(InjectionMetadata.java:91) ~[spring-beans-5.0.7.RELEASE.jar:5.0.7.RELEASE]
	at org.springframework.beans.factory.annotation.AutowiredAnnotationBeanPostProcessor.postProcessPropertyValues(AutowiredAnnotationBeanPostProcessor.java:373) ~[spring-beans-5.0.7.RELEASE.jar:5.0.7.RELEASE]
	at org.springframework.beans.factory.support.AbstractAutowireCapableBeanFactory.populateBean(AbstractAutowireCapableBeanFactory.java:1350) ~[spring-beans-5.0.7.RELEASE.jar:5.0.7.RELEASE]
	at org.springframework.beans.factory.support.AbstractAutowireCapableBeanFactory.doCreateBean(AbstractAutowireCapableBeanFactory.java:580) ~[spring-beans-5.0.7.RELEASE.jar:5.0.7.RELEASE]
	at org.springframework.beans.factory.support.AbstractAutowireCapableBeanFactory.createBean(AbstractAutowireCapableBeanFactory.java:503) ~[spring-beans-5.0.7.RELEASE.jar:5.0.7.RELEASE]
	at org.springframework.beans.factory.support.AbstractBeanFactory.lambda$doGetBean$0(AbstractBeanFactory.java:317) ~[spring-beans-5.0.7.RELEASE.jar:5.0.7.RELEASE]
	at org.springframework.beans.factory.support.DefaultSingletonBeanRegistry.getSingleton(DefaultSingletonBeanRegistry.java:222) ~[spring-beans-5.0.7.RELEASE.jar:5.0.7.RELEASE]
	at org.springframework.beans.factory.support.AbstractBeanFactory.doGetBean(AbstractBeanFactory.java:315) ~[spring-beans-5.0.7.RELEASE.jar:5.0.7.RELEASE]
	at org.springframework.beans.factory.support.AbstractBeanFactory.getBean(AbstractBeanFactory.java:199) ~[spring-beans-5.0.7.RELEASE.jar:5.0.7.RELEASE]
	at org.springframework.beans.factory.support.DefaultListableBeanFactory.preInstantiateSingletons(DefaultListableBeanFactory.java:760) ~[spring-beans-5.0.7.RELEASE.jar:5.0.7.RELEASE]
	at org.springframework.context.support.AbstractApplicationContext.finishBeanFactoryInitialization(AbstractApplicationContext.java:869) ~[spring-context-5.0.7.RELEASE.jar:5.0.7.RELEASE]
	at org.springframework.context.support.AbstractApplicationContext.refresh(AbstractApplicationContext.java:550) ~[spring-context-5.0.7.RELEASE.jar:5.0.7.RELEASE]
	at org.springframework.test.context.support.AbstractGenericContextLoader.loadContext(AbstractGenericContextLoader.java:128) ~[spring-test-5.0.4.RELEASE.jar:5.0.4.RELEASE]
	at org.springframework.test.context.support.AbstractGenericContextLoader.loadContext(AbstractGenericContextLoader.java:60) ~[spring-test-5.0.4.RELEASE.jar:5.0.4.RELEASE]
	at org.springframework.test.context.support.AbstractDelegatingSmartContextLoader.delegateLoading(AbstractDelegatingSmartContextLoader.java:107) ~[spring-test-5.0.4.RELEASE.jar:5.0.4.RELEASE]
	at org.springframework.test.context.support.AbstractDelegatingSmartContextLoader.loadContext(AbstractDelegatingSmartContextLoader.java:243) ~[spring-test-5.0.4.RELEASE.jar:5.0.4.RELEASE]
	at org.springframework.test.context.cache.DefaultCacheAwareContextLoaderDelegate.loadContextInternal(DefaultCacheAwareContextLoaderDelegate.java:99) ~[spring-test-5.0.4.RELEASE.jar:5.0.4.RELEASE]
	at org.springframework.test.context.cache.DefaultCacheAwareContextLoaderDelegate.loadContext(DefaultCacheAwareContextLoaderDelegate.java:117) ~[spring-test-5.0.4.RELEASE.jar:5.0.4.RELEASE]
	... 27 more
Caused by: org.springframework.beans.factory.UnsatisfiedDependencyException: Error creating bean with name 'dietManagerDataSource' defined in com.gunnarro.dietmanager.config.TestMariDBDataSourceConfiguration: Unsatisfied dependency expressed through method 'dietManagerDataSource' parameter 0; nested exception is org.springframework.beans.factory.BeanCreationException: Error creating bean with name 'mariaDB4jSpringService': Invocation of init method failed; nested exception is java.lang.IllegalStateException: MariaDB4jSpringService start() failed
	at org.springframework.beans.factory.support.ConstructorResolver.createArgumentArray(ConstructorResolver.java:732) ~[spring-beans-5.0.7.RELEASE.jar:5.0.7.RELEASE]
	at org.springframework.beans.factory.support.ConstructorResolver.instantiateUsingFactoryMethod(ConstructorResolver.java:474) ~[spring-beans-5.0.7.RELEASE.jar:5.0.7.RELEASE]
	at org.springframework.beans.factory.support.AbstractAutowireCapableBeanFactory.instantiateUsingFactoryMethod(AbstractAutowireCapableBeanFactory.java:1256) ~[spring-beans-5.0.7.RELEASE.jar:5.0.7.RELEASE]
	at org.springframework.beans.factory.support.AbstractAutowireCapableBeanFactory.createBeanInstance(AbstractAutowireCapableBeanFactory.java:1105) ~[spring-beans-5.0.7.RELEASE.jar:5.0.7.RELEASE]
	at org.springframework.beans.factory.support.AbstractAutowireCapableBeanFactory.doCreateBean(AbstractAutowireCapableBeanFactory.java:543) ~[spring-beans-5.0.7.RELEASE.jar:5.0.7.RELEASE]
	at org.springframework.beans.factory.support.AbstractAutowireCapableBeanFactory.createBean(AbstractAutowireCapableBeanFactory.java:503) ~[spring-beans-5.0.7.RELEASE.jar:5.0.7.RELEASE]
	at org.springframework.beans.factory.support.AbstractBeanFactory.lambda$doGetBean$0(AbstractBeanFactory.java:317) ~[spring-beans-5.0.7.RELEASE.jar:5.0.7.RELEASE]
	at org.springframework.beans.factory.support.DefaultSingletonBeanRegistry.getSingleton(DefaultSingletonBeanRegistry.java:222) ~[spring-beans-5.0.7.RELEASE.jar:5.0.7.RELEASE]
	at org.springframework.beans.factory.support.AbstractBeanFactory.doGetBean(AbstractBeanFactory.java:315) ~[spring-beans-5.0.7.RELEASE.jar:5.0.7.RELEASE]
	at org.springframework.beans.factory.support.AbstractBeanFactory.getBean(AbstractBeanFactory.java:199) ~[spring-beans-5.0.7.RELEASE.jar:5.0.7.RELEASE]
	at org.springframework.beans.factory.config.DependencyDescriptor.resolveCandidate(DependencyDescriptor.java:251) ~[spring-beans-5.0.7.RELEASE.jar:5.0.7.RELEASE]
	at org.springframework.beans.factory.support.DefaultListableBeanFactory.doResolveDependency(DefaultListableBeanFactory.java:1138) ~[spring-beans-5.0.7.RELEASE.jar:5.0.7.RELEASE]
	at org.springframework.beans.factory.support.DefaultListableBeanFactory.resolveDependency(DefaultListableBeanFactory.java:1065) ~[spring-beans-5.0.7.RELEASE.jar:5.0.7.RELEASE]
	at org.springframework.beans.factory.annotation.AutowiredAnnotationBeanPostProcessor$AutowiredFieldElement.inject(AutowiredAnnotationBeanPostProcessor.java:584) ~[spring-beans-5.0.7.RELEASE.jar:5.0.7.RELEASE]
	at org.springframework.beans.factory.annotation.InjectionMetadata.inject(InjectionMetadata.java:91) ~[spring-beans-5.0.7.RELEASE.jar:5.0.7.RELEASE]
	at org.springframework.beans.factory.annotation.AutowiredAnnotationBeanPostProcessor.postProcessPropertyValues(AutowiredAnnotationBeanPostProcessor.java:373) ~[spring-beans-5.0.7.RELEASE.jar:5.0.7.RELEASE]
	at org.springframework.beans.factory.support.AbstractAutowireCapableBeanFactory.populateBean(AbstractAutowireCapableBeanFactory.java:1350) ~[spring-beans-5.0.7.RELEASE.jar:5.0.7.RELEASE]
	at org.springframework.beans.factory.support.AbstractAutowireCapableBeanFactory.doCreateBean(AbstractAutowireCapableBeanFactory.java:580) ~[spring-beans-5.0.7.RELEASE.jar:5.0.7.RELEASE]
	at org.springframework.beans.factory.support.AbstractAutowireCapableBeanFactory.createBean(AbstractAutowireCapableBeanFactory.java:503) ~[spring-beans-5.0.7.RELEASE.jar:5.0.7.RELEASE]
	at org.springframework.beans.factory.support.AbstractBeanFactory.lambda$doGetBean$0(AbstractBeanFactory.java:317) ~[spring-beans-5.0.7.RELEASE.jar:5.0.7.RELEASE]
	at org.springframework.beans.factory.support.DefaultSingletonBeanRegistry.getSingleton(DefaultSingletonBeanRegistry.java:222) ~[spring-beans-5.0.7.RELEASE.jar:5.0.7.RELEASE]
	at org.springframework.beans.factory.support.AbstractBeanFactory.doGetBean(AbstractBeanFactory.java:315) ~[spring-beans-5.0.7.RELEASE.jar:5.0.7.RELEASE]
	at org.springframework.beans.factory.support.AbstractBeanFactory.getBean(AbstractBeanFactory.java:199) ~[spring-beans-5.0.7.RELEASE.jar:5.0.7.RELEASE]
	at org.springframework.beans.factory.support.DefaultListableBeanFactory.preInstantiateSingletons(DefaultListableBeanFactory.java:760) ~[spring-beans-5.0.7.RELEASE.jar:5.0.7.RELEASE]
	at org.springframework.context.support.AbstractApplicationContext.finishBeanFactoryInitialization(AbstractApplicationContext.java:869) ~[spring-context-5.0.7.RELEASE.jar:5.0.7.RELEASE]
	at org.springframework.context.support.AbstractApplicationContext.refresh(AbstractApplicationContext.java:550) ~[spring-context-5.0.7.RELEASE.jar:5.0.7.RELEASE]
	at org.springframework.test.context.support.AbstractGenericContextLoader.loadContext(AbstractGenericContextLoader.java:128) ~[spring-test-5.0.4.RELEASE.jar:5.0.4.RELEASE]
	at org.springframework.test.context.support.AbstractGenericContextLoader.loadContext(AbstractGenericContextLoader.java:60) ~[spring-test-5.0.4.RELEASE.jar:5.0.4.RELEASE]
	at org.springframework.test.context.support.AbstractDelegatingSmartContextLoader.delegateLoading(AbstractDelegatingSmartContextLoader.java:107) ~[spring-test-5.0.4.RELEASE.jar:5.0.4.RELEASE]
	at org.springframework.test.context.support.AbstractDelegatingSmartContextLoader.loadContext(AbstractDelegatingSmartContextLoader.java:243) ~[spring-test-5.0.4.RELEASE.jar:5.0.4.RELEASE]
	at org.springframework.test.context.cache.DefaultCacheAwareContextLoaderDelegate.loadContextInternal(DefaultCacheAwareContextLoaderDelegate.java:99) ~[spring-test-5.0.4.RELEASE.jar:5.0.4.RELEASE]
	at org.springframework.test.context.cache.DefaultCacheAwareContextLoaderDelegate.loadContext(DefaultCacheAwareContextLoaderDelegate.java:117) ~[spring-test-5.0.4.RELEASE.jar:5.0.4.RELEASE]
	... 27 more
Caused by: org.springframework.beans.factory.BeanCreationException: Error creating bean with name 'mariaDB4jSpringService': Invocation of init method failed; nested exception is java.lang.IllegalStateException: MariaDB4jSpringService start() failed
	at org.springframework.beans.factory.annotation.InitDestroyAnnotationBeanPostProcessor.postProcessBeforeInitialization(InitDestroyAnnotationBeanPostProcessor.java:138) ~[spring-beans-5.0.7.RELEASE.jar:5.0.7.RELEASE]
	at org.springframework.beans.factory.support.AbstractAutowireCapableBeanFactory.applyBeanPostProcessorsBeforeInitialization(AbstractAutowireCapableBeanFactory.java:424) ~[spring-beans-5.0.7.RELEASE.jar:5.0.7.RELEASE]
	at org.springframework.beans.factory.support.AbstractAutowireCapableBeanFactory.initializeBean(AbstractAutowireCapableBeanFactory.java:1700) ~[spring-beans-5.0.7.RELEASE.jar:5.0.7.RELEASE]
	at org.springframework.beans.factory.support.AbstractAutowireCapableBeanFactory.doCreateBean(AbstractAutowireCapableBeanFactory.java:581) ~[spring-beans-5.0.7.RELEASE.jar:5.0.7.RELEASE]
	at org.springframework.beans.factory.support.AbstractAutowireCapableBeanFactory.createBean(AbstractAutowireCapableBeanFactory.java:503) ~[spring-beans-5.0.7.RELEASE.jar:5.0.7.RELEASE]
	at org.springframework.beans.factory.support.AbstractBeanFactory.lambda$doGetBean$0(AbstractBeanFactory.java:317) ~[spring-beans-5.0.7.RELEASE.jar:5.0.7.RELEASE]
	at org.springframework.beans.factory.support.DefaultSingletonBeanRegistry.getSingleton(DefaultSingletonBeanRegistry.java:222) ~[spring-beans-5.0.7.RELEASE.jar:5.0.7.RELEASE]
	at org.springframework.beans.factory.support.AbstractBeanFactory.doGetBean(AbstractBeanFactory.java:315) ~[spring-beans-5.0.7.RELEASE.jar:5.0.7.RELEASE]
	at org.springframework.beans.factory.support.AbstractBeanFactory.getBean(AbstractBeanFactory.java:199) ~[spring-beans-5.0.7.RELEASE.jar:5.0.7.RELEASE]
	at org.springframework.beans.factory.config.DependencyDescriptor.resolveCandidate(DependencyDescriptor.java:251) ~[spring-beans-5.0.7.RELEASE.jar:5.0.7.RELEASE]
	at org.springframework.beans.factory.support.DefaultListableBeanFactory.doResolveDependency(DefaultListableBeanFactory.java:1138) ~[spring-beans-5.0.7.RELEASE.jar:5.0.7.RELEASE]
	at org.springframework.beans.factory.support.DefaultListableBeanFactory.resolveDependency(DefaultListableBeanFactory.java:1065) ~[spring-beans-5.0.7.RELEASE.jar:5.0.7.RELEASE]
	at org.springframework.beans.factory.support.ConstructorResolver.resolveAutowiredArgument(ConstructorResolver.java:818) ~[spring-beans-5.0.7.RELEASE.jar:5.0.7.RELEASE]
	at org.springframework.beans.factory.support.ConstructorResolver.createArgumentArray(ConstructorResolver.java:724) ~[spring-beans-5.0.7.RELEASE.jar:5.0.7.RELEASE]
	at org.springframework.beans.factory.support.ConstructorResolver.instantiateUsingFactoryMethod(ConstructorResolver.java:474) ~[spring-beans-5.0.7.RELEASE.jar:5.0.7.RELEASE]
	at org.springframework.beans.factory.support.AbstractAutowireCapableBeanFactory.instantiateUsingFactoryMethod(AbstractAutowireCapableBeanFactory.java:1256) ~[spring-beans-5.0.7.RELEASE.jar:5.0.7.RELEASE]
	at org.springframework.beans.factory.support.AbstractAutowireCapableBeanFactory.createBeanInstance(AbstractAutowireCapableBeanFactory.java:1105) ~[spring-beans-5.0.7.RELEASE.jar:5.0.7.RELEASE]
	at org.springframework.beans.factory.support.AbstractAutowireCapableBeanFactory.doCreateBean(AbstractAutowireCapableBeanFactory.java:543) ~[spring-beans-5.0.7.RELEASE.jar:5.0.7.RELEASE]
	at org.springframework.beans.factory.support.AbstractAutowireCapableBeanFactory.createBean(AbstractAutowireCapableBeanFactory.java:503) ~[spring-beans-5.0.7.RELEASE.jar:5.0.7.RELEASE]
	at org.springframework.beans.factory.support.AbstractBeanFactory.lambda$doGetBean$0(AbstractBeanFactory.java:317) ~[spring-beans-5.0.7.RELEASE.jar:5.0.7.RELEASE]
	at org.springframework.beans.factory.support.DefaultSingletonBeanRegistry.getSingleton(DefaultSingletonBeanRegistry.java:222) ~[spring-beans-5.0.7.RELEASE.jar:5.0.7.RELEASE]
	at org.springframework.beans.factory.support.AbstractBeanFactory.doGetBean(AbstractBeanFactory.java:315) ~[spring-beans-5.0.7.RELEASE.jar:5.0.7.RELEASE]
	at org.springframework.beans.factory.support.AbstractBeanFactory.getBean(AbstractBeanFactory.java:199) ~[spring-beans-5.0.7.RELEASE.jar:5.0.7.RELEASE]
	at org.springframework.beans.factory.config.DependencyDescriptor.resolveCandidate(DependencyDescriptor.java:251) ~[spring-beans-5.0.7.RELEASE.jar:5.0.7.RELEASE]
	at org.springframework.beans.factory.support.DefaultListableBeanFactory.doResolveDependency(DefaultListableBeanFactory.java:1138) ~[spring-beans-5.0.7.RELEASE.jar:5.0.7.RELEASE]
	at org.springframework.beans.factory.support.DefaultListableBeanFactory.resolveDependency(DefaultListableBeanFactory.java:1065) ~[spring-beans-5.0.7.RELEASE.jar:5.0.7.RELEASE]
	at org.springframework.beans.factory.annotation.AutowiredAnnotationBeanPostProcessor$AutowiredFieldElement.inject(AutowiredAnnotationBeanPostProcessor.java:584) ~[spring-beans-5.0.7.RELEASE.jar:5.0.7.RELEASE]
	at org.springframework.beans.factory.annotation.InjectionMetadata.inject(InjectionMetadata.java:91) ~[spring-beans-5.0.7.RELEASE.jar:5.0.7.RELEASE]
	at org.springframework.beans.factory.annotation.AutowiredAnnotationBeanPostProcessor.postProcessPropertyValues(AutowiredAnnotationBeanPostProcessor.java:373) ~[spring-beans-5.0.7.RELEASE.jar:5.0.7.RELEASE]
	at org.springframework.beans.factory.support.AbstractAutowireCapableBeanFactory.populateBean(AbstractAutowireCapableBeanFactory.java:1350) ~[spring-beans-5.0.7.RELEASE.jar:5.0.7.RELEASE]
	at org.springframework.beans.factory.support.AbstractAutowireCapableBeanFactory.doCreateBean(AbstractAutowireCapableBeanFactory.java:580) ~[spring-beans-5.0.7.RELEASE.jar:5.0.7.RELEASE]
	at org.springframework.beans.factory.support.AbstractAutowireCapableBeanFactory.createBean(AbstractAutowireCapableBeanFactory.java:503) ~[spring-beans-5.0.7.RELEASE.jar:5.0.7.RELEASE]
	at org.springframework.beans.factory.support.AbstractBeanFactory.lambda$doGetBean$0(AbstractBeanFactory.java:317) ~[spring-beans-5.0.7.RELEASE.jar:5.0.7.RELEASE]
	at org.springframework.beans.factory.support.DefaultSingletonBeanRegistry.getSingleton(DefaultSingletonBeanRegistry.java:222) ~[spring-beans-5.0.7.RELEASE.jar:5.0.7.RELEASE]
	at org.springframework.beans.factory.support.AbstractBeanFactory.doGetBean(AbstractBeanFactory.java:315) ~[spring-beans-5.0.7.RELEASE.jar:5.0.7.RELEASE]
	at org.springframework.beans.factory.support.AbstractBeanFactory.getBean(AbstractBeanFactory.java:199) ~[spring-beans-5.0.7.RELEASE.jar:5.0.7.RELEASE]
	at org.springframework.beans.factory.support.DefaultListableBeanFactory.preInstantiateSingletons(DefaultListableBeanFactory.java:760) ~[spring-beans-5.0.7.RELEASE.jar:5.0.7.RELEASE]
	at org.springframework.context.support.AbstractApplicationContext.finishBeanFactoryInitialization(AbstractApplicationContext.java:869) ~[spring-context-5.0.7.RELEASE.jar:5.0.7.RELEASE]
	at org.springframework.context.support.AbstractApplicationContext.refresh(AbstractApplicationContext.java:550) ~[spring-context-5.0.7.RELEASE.jar:5.0.7.RELEASE]
	at org.springframework.test.context.support.AbstractGenericContextLoader.loadContext(AbstractGenericContextLoader.java:128) ~[spring-test-5.0.4.RELEASE.jar:5.0.4.RELEASE]
	at org.springframework.test.context.support.AbstractGenericContextLoader.loadContext(AbstractGenericContextLoader.java:60) ~[spring-test-5.0.4.RELEASE.jar:5.0.4.RELEASE]
	at org.springframework.test.context.support.AbstractDelegatingSmartContextLoader.delegateLoading(AbstractDelegatingSmartContextLoader.java:107) ~[spring-test-5.0.4.RELEASE.jar:5.0.4.RELEASE]
	at org.springframework.test.context.support.AbstractDelegatingSmartContextLoader.loadContext(AbstractDelegatingSmartContextLoader.java:243) ~[spring-test-5.0.4.RELEASE.jar:5.0.4.RELEASE]
	at org.springframework.test.context.cache.DefaultCacheAwareContextLoaderDelegate.loadContextInternal(DefaultCacheAwareContextLoaderDelegate.java:99) ~[spring-test-5.0.4.RELEASE.jar:5.0.4.RELEASE]
	at org.springframework.test.context.cache.DefaultCacheAwareContextLoaderDelegate.loadContext(DefaultCacheAwareContextLoaderDelegate.java:117) ~[spring-test-5.0.4.RELEASE.jar:5.0.4.RELEASE]
	... 27 more
Caused by: java.lang.IllegalStateException: MariaDB4jSpringService start() failed
	at ch.vorburger.mariadb4j.springframework.MariaDB4jSpringService.start(MariaDB4jSpringService.java:99) ~[mariaDB4j-core-2.2.3.jar:?]
	at sun.reflect.GeneratedMethodAccessor52.invoke(Unknown Source) ~[?:?]
	at sun.reflect.DelegatingMethodAccessorImpl.invoke(DelegatingMethodAccessorImpl.java:43) ~[?:1.8.0_121]
	at java.lang.reflect.Method.invoke(Method.java:498) ~[?:1.8.0_121]
	at org.springframework.beans.factory.annotation.InitDestroyAnnotationBeanPostProcessor$LifecycleElement.invoke(InitDestroyAnnotationBeanPostProcessor.java:365) ~[spring-beans-5.0.7.RELEASE.jar:5.0.7.RELEASE]
	at org.springframework.beans.factory.annotation.InitDestroyAnnotationBeanPostProcessor$LifecycleMetadata.invokeInitMethods(InitDestroyAnnotationBeanPostProcessor.java:308) ~[spring-beans-5.0.7.RELEASE.jar:5.0.7.RELEASE]
	at org.springframework.beans.factory.annotation.InitDestroyAnnotationBeanPostProcessor.postProcessBeforeInitialization(InitDestroyAnnotationBeanPostProcessor.java:135) ~[spring-beans-5.0.7.RELEASE.jar:5.0.7.RELEASE]
	at org.springframework.beans.factory.support.AbstractAutowireCapableBeanFactory.applyBeanPostProcessorsBeforeInitialization(AbstractAutowireCapableBeanFactory.java:424) ~[spring-beans-5.0.7.RELEASE.jar:5.0.7.RELEASE]
	at org.springframework.beans.factory.support.AbstractAutowireCapableBeanFactory.initializeBean(AbstractAutowireCapableBeanFactory.java:1700) ~[spring-beans-5.0.7.RELEASE.jar:5.0.7.RELEASE]
	at org.springframework.beans.factory.support.AbstractAutowireCapableBeanFactory.doCreateBean(AbstractAutowireCapableBeanFactory.java:581) ~[spring-beans-5.0.7.RELEASE.jar:5.0.7.RELEASE]
	at org.springframework.beans.factory.support.AbstractAutowireCapableBeanFactory.createBean(AbstractAutowireCapableBeanFactory.java:503) ~[spring-beans-5.0.7.RELEASE.jar:5.0.7.RELEASE]
	at org.springframework.beans.factory.support.AbstractBeanFactory.lambda$doGetBean$0(AbstractBeanFactory.java:317) ~[spring-beans-5.0.7.RELEASE.jar:5.0.7.RELEASE]
	at org.springframework.beans.factory.support.DefaultSingletonBeanRegistry.getSingleton(DefaultSingletonBeanRegistry.java:222) ~[spring-beans-5.0.7.RELEASE.jar:5.0.7.RELEASE]
	at org.springframework.beans.factory.support.AbstractBeanFactory.doGetBean(AbstractBeanFactory.java:315) ~[spring-beans-5.0.7.RELEASE.jar:5.0.7.RELEASE]
	at org.springframework.beans.factory.support.AbstractBeanFactory.getBean(AbstractBeanFactory.java:199) ~[spring-beans-5.0.7.RELEASE.jar:5.0.7.RELEASE]
	at org.springframework.beans.factory.config.DependencyDescriptor.resolveCandidate(DependencyDescriptor.java:251) ~[spring-beans-5.0.7.RELEASE.jar:5.0.7.RELEASE]
	at org.springframework.beans.factory.support.DefaultListableBeanFactory.doResolveDependency(DefaultListableBeanFactory.java:1138) ~[spring-beans-5.0.7.RELEASE.jar:5.0.7.RELEASE]
	at org.springframework.beans.factory.support.DefaultListableBeanFactory.resolveDependency(DefaultListableBeanFactory.java:1065) ~[spring-beans-5.0.7.RELEASE.jar:5.0.7.RELEASE]
	at org.springframework.beans.factory.support.ConstructorResolver.resolveAutowiredArgument(ConstructorResolver.java:818) ~[spring-beans-5.0.7.RELEASE.jar:5.0.7.RELEASE]
	at org.springframework.beans.factory.support.ConstructorResolver.createArgumentArray(ConstructorResolver.java:724) ~[spring-beans-5.0.7.RELEASE.jar:5.0.7.RELEASE]
	at org.springframework.beans.factory.support.ConstructorResolver.instantiateUsingFactoryMethod(ConstructorResolver.java:474) ~[spring-beans-5.0.7.RELEASE.jar:5.0.7.RELEASE]
	at org.springframework.beans.factory.support.AbstractAutowireCapableBeanFactory.instantiateUsingFactoryMethod(AbstractAutowireCapableBeanFactory.java:1256) ~[spring-beans-5.0.7.RELEASE.jar:5.0.7.RELEASE]
	at org.springframework.beans.factory.support.AbstractAutowireCapableBeanFactory.createBeanInstance(AbstractAutowireCapableBeanFactory.java:1105) ~[spring-beans-5.0.7.RELEASE.jar:5.0.7.RELEASE]
	at org.springframework.beans.factory.support.AbstractAutowireCapableBeanFactory.doCreateBean(AbstractAutowireCapableBeanFactory.java:543) ~[spring-beans-5.0.7.RELEASE.jar:5.0.7.RELEASE]
	at org.springframework.beans.factory.support.AbstractAutowireCapableBeanFactory.createBean(AbstractAutowireCapableBeanFactory.java:503) ~[spring-beans-5.0.7.RELEASE.jar:5.0.7.RELEASE]
	at org.springframework.beans.factory.support.AbstractBeanFactory.lambda$doGetBean$0(AbstractBeanFactory.java:317) ~[spring-beans-5.0.7.RELEASE.jar:5.0.7.RELEASE]
	at org.springframework.beans.factory.support.DefaultSingletonBeanRegistry.getSingleton(DefaultSingletonBeanRegistry.java:222) ~[spring-beans-5.0.7.RELEASE.jar:5.0.7.RELEASE]
	at org.springframework.beans.factory.support.AbstractBeanFactory.doGetBean(AbstractBeanFactory.java:315) ~[spring-beans-5.0.7.RELEASE.jar:5.0.7.RELEASE]
	at org.springframework.beans.factory.support.AbstractBeanFactory.getBean(AbstractBeanFactory.java:199) ~[spring-beans-5.0.7.RELEASE.jar:5.0.7.RELEASE]
	at org.springframework.beans.factory.config.DependencyDescriptor.resolveCandidate(DependencyDescriptor.java:251) ~[spring-beans-5.0.7.RELEASE.jar:5.0.7.RELEASE]
	at org.springframework.beans.factory.support.DefaultListableBeanFactory.doResolveDependency(DefaultListableBeanFactory.java:1138) ~[spring-beans-5.0.7.RELEASE.jar:5.0.7.RELEASE]
	at org.springframework.beans.factory.support.DefaultListableBeanFactory.resolveDependency(DefaultListableBeanFactory.java:1065) ~[spring-beans-5.0.7.RELEASE.jar:5.0.7.RELEASE]
	at org.springframework.beans.factory.annotation.AutowiredAnnotationBeanPostProcessor$AutowiredFieldElement.inject(AutowiredAnnotationBeanPostProcessor.java:584) ~[spring-beans-5.0.7.RELEASE.jar:5.0.7.RELEASE]
	at org.springframework.beans.factory.annotation.InjectionMetadata.inject(InjectionMetadata.java:91) ~[spring-beans-5.0.7.RELEASE.jar:5.0.7.RELEASE]
	at org.springframework.beans.factory.annotation.AutowiredAnnotationBeanPostProcessor.postProcessPropertyValues(AutowiredAnnotationBeanPostProcessor.java:373) ~[spring-beans-5.0.7.RELEASE.jar:5.0.7.RELEASE]
	at org.springframework.beans.factory.support.AbstractAutowireCapableBeanFactory.populateBean(AbstractAutowireCapableBeanFactory.java:1350) ~[spring-beans-5.0.7.RELEASE.jar:5.0.7.RELEASE]
	at org.springframework.beans.factory.support.AbstractAutowireCapableBeanFactory.doCreateBean(AbstractAutowireCapableBeanFactory.java:580) ~[spring-beans-5.0.7.RELEASE.jar:5.0.7.RELEASE]
	at org.springframework.beans.factory.support.AbstractAutowireCapableBeanFactory.createBean(AbstractAutowireCapableBeanFactory.java:503) ~[spring-beans-5.0.7.RELEASE.jar:5.0.7.RELEASE]
	at org.springframework.beans.factory.support.AbstractBeanFactory.lambda$doGetBean$0(AbstractBeanFactory.java:317) ~[spring-beans-5.0.7.RELEASE.jar:5.0.7.RELEASE]
	at org.springframework.beans.factory.support.DefaultSingletonBeanRegistry.getSingleton(DefaultSingletonBeanRegistry.java:222) ~[spring-beans-5.0.7.RELEASE.jar:5.0.7.RELEASE]
	at org.springframework.beans.factory.support.AbstractBeanFactory.doGetBean(AbstractBeanFactory.java:315) ~[spring-beans-5.0.7.RELEASE.jar:5.0.7.RELEASE]
	at org.springframework.beans.factory.support.AbstractBeanFactory.getBean(AbstractBeanFactory.java:199) ~[spring-beans-5.0.7.RELEASE.jar:5.0.7.RELEASE]
	at org.springframework.beans.factory.support.DefaultListableBeanFactory.preInstantiateSingletons(DefaultListableBeanFactory.java:760) ~[spring-beans-5.0.7.RELEASE.jar:5.0.7.RELEASE]
	at org.springframework.context.support.AbstractApplicationContext.finishBeanFactoryInitialization(AbstractApplicationContext.java:869) ~[spring-context-5.0.7.RELEASE.jar:5.0.7.RELEASE]
	at org.springframework.context.support.AbstractApplicationContext.refresh(AbstractApplicationContext.java:550) ~[spring-context-5.0.7.RELEASE.jar:5.0.7.RELEASE]
	at org.springframework.test.context.support.AbstractGenericContextLoader.loadContext(AbstractGenericContextLoader.java:128) ~[spring-test-5.0.4.RELEASE.jar:5.0.4.RELEASE]
	at org.springframework.test.context.support.AbstractGenericContextLoader.loadContext(AbstractGenericContextLoader.java:60) ~[spring-test-5.0.4.RELEASE.jar:5.0.4.RELEASE]
	at org.springframework.test.context.support.AbstractDelegatingSmartContextLoader.delegateLoading(AbstractDelegatingSmartContextLoader.java:107) ~[spring-test-5.0.4.RELEASE.jar:5.0.4.RELEASE]
	at org.springframework.test.context.support.AbstractDelegatingSmartContextLoader.loadContext(AbstractDelegatingSmartContextLoader.java:243) ~[spring-test-5.0.4.RELEASE.jar:5.0.4.RELEASE]
	at org.springframework.test.context.cache.DefaultCacheAwareContextLoaderDelegate.loadContextInternal(DefaultCacheAwareContextLoaderDelegate.java:99) ~[spring-test-5.0.4.RELEASE.jar:5.0.4.RELEASE]
	at org.springframework.test.context.cache.DefaultCacheAwareContextLoaderDelegate.loadContext(DefaultCacheAwareContextLoaderDelegate.java:117) ~[spring-test-5.0.4.RELEASE.jar:5.0.4.RELEASE]
	... 27 more
Caused by: ch.vorburger.exec.ManagedProcessException: An error occurred while starting the database
	at ch.vorburger.mariadb4j.DB.start(DB.java:151) ~[mariaDB4j-core-2.2.3.jar:?]
	at ch.vorburger.mariadb4j.MariaDB4jService.start(MariaDB4jService.java:67) ~[mariaDB4j-core-2.2.3.jar:?]
	at ch.vorburger.mariadb4j.springframework.MariaDB4jSpringService.start(MariaDB4jSpringService.java:96) ~[mariaDB4j-core-2.2.3.jar:?]
	at sun.reflect.GeneratedMethodAccessor52.invoke(Unknown Source) ~[?:?]
	at sun.reflect.DelegatingMethodAccessorImpl.invoke(DelegatingMethodAccessorImpl.java:43) ~[?:1.8.0_121]
	at java.lang.reflect.Method.invoke(Method.java:498) ~[?:1.8.0_121]
	at org.springframework.beans.factory.annotation.InitDestroyAnnotationBeanPostProcessor$LifecycleElement.invoke(InitDestroyAnnotationBeanPostProcessor.java:365) ~[spring-beans-5.0.7.RELEASE.jar:5.0.7.RELEASE]
	at org.springframework.beans.factory.annotation.InitDestroyAnnotationBeanPostProcessor$LifecycleMetadata.invokeInitMethods(InitDestroyAnnotationBeanPostProcessor.java:308) ~[spring-beans-5.0.7.RELEASE.jar:5.0.7.RELEASE]
	at org.springframework.beans.factory.annotation.InitDestroyAnnotationBeanPostProcessor.postProcessBeforeInitialization(InitDestroyAnnotationBeanPostProcessor.java:135) ~[spring-beans-5.0.7.RELEASE.jar:5.0.7.RELEASE]
	at org.springframework.beans.factory.support.AbstractAutowireCapableBeanFactory.applyBeanPostProcessorsBeforeInitialization(AbstractAutowireCapableBeanFactory.java:424) ~[spring-beans-5.0.7.RELEASE.jar:5.0.7.RELEASE]
	at org.springframework.beans.factory.support.AbstractAutowireCapableBeanFactory.initializeBean(AbstractAutowireCapableBeanFactory.java:1700) ~[spring-beans-5.0.7.RELEASE.jar:5.0.7.RELEASE]
	at org.springframework.beans.factory.support.AbstractAutowireCapableBeanFactory.doCreateBean(AbstractAutowireCapableBeanFactory.java:581) ~[spring-beans-5.0.7.RELEASE.jar:5.0.7.RELEASE]
	at org.springframework.beans.factory.support.AbstractAutowireCapableBeanFactory.createBean(AbstractAutowireCapableBeanFactory.java:503) ~[spring-beans-5.0.7.RELEASE.jar:5.0.7.RELEASE]
	at org.springframework.beans.factory.support.AbstractBeanFactory.lambda$doGetBean$0(AbstractBeanFactory.java:317) ~[spring-beans-5.0.7.RELEASE.jar:5.0.7.RELEASE]
	at org.springframework.beans.factory.support.DefaultSingletonBeanRegistry.getSingleton(DefaultSingletonBeanRegistry.java:222) ~[spring-beans-5.0.7.RELEASE.jar:5.0.7.RELEASE]
	at org.springframework.beans.factory.support.AbstractBeanFactory.doGetBean(AbstractBeanFactory.java:315) ~[spring-beans-5.0.7.RELEASE.jar:5.0.7.RELEASE]
	at org.springframework.beans.factory.support.AbstractBeanFactory.getBean(AbstractBeanFactory.java:199) ~[spring-beans-5.0.7.RELEASE.jar:5.0.7.RELEASE]
	at org.springframework.beans.factory.config.DependencyDescriptor.resolveCandidate(DependencyDescriptor.java:251) ~[spring-beans-5.0.7.RELEASE.jar:5.0.7.RELEASE]
	at org.springframework.beans.factory.support.DefaultListableBeanFactory.doResolveDependency(DefaultListableBeanFactory.java:1138) ~[spring-beans-5.0.7.RELEASE.jar:5.0.7.RELEASE]
	at org.springframework.beans.factory.support.DefaultListableBeanFactory.resolveDependency(DefaultListableBeanFactory.java:1065) ~[spring-beans-5.0.7.RELEASE.jar:5.0.7.RELEASE]
	at org.springframework.beans.factory.support.ConstructorResolver.resolveAutowiredArgument(ConstructorResolver.java:818) ~[spring-beans-5.0.7.RELEASE.jar:5.0.7.RELEASE]
	at org.springframework.beans.factory.support.ConstructorResolver.createArgumentArray(ConstructorResolver.java:724) ~[spring-beans-5.0.7.RELEASE.jar:5.0.7.RELEASE]
	at org.springframework.beans.factory.support.ConstructorResolver.instantiateUsingFactoryMethod(ConstructorResolver.java:474) ~[spring-beans-5.0.7.RELEASE.jar:5.0.7.RELEASE]
	at org.springframework.beans.factory.support.AbstractAutowireCapableBeanFactory.instantiateUsingFactoryMethod(AbstractAutowireCapableBeanFactory.java:1256) ~[spring-beans-5.0.7.RELEASE.jar:5.0.7.RELEASE]
	at org.springframework.beans.factory.support.AbstractAutowireCapableBeanFactory.createBeanInstance(AbstractAutowireCapableBeanFactory.java:1105) ~[spring-beans-5.0.7.RELEASE.jar:5.0.7.RELEASE]
	at org.springframework.beans.factory.support.AbstractAutowireCapableBeanFactory.doCreateBean(AbstractAutowireCapableBeanFactory.java:543) ~[spring-beans-5.0.7.RELEASE.jar:5.0.7.RELEASE]
	at org.springframework.beans.factory.support.AbstractAutowireCapableBeanFactory.createBean(AbstractAutowireCapableBeanFactory.java:503) ~[spring-beans-5.0.7.RELEASE.jar:5.0.7.RELEASE]
	at org.springframework.beans.factory.support.AbstractBeanFactory.lambda$doGetBean$0(AbstractBeanFactory.java:317) ~[spring-beans-5.0.7.RELEASE.jar:5.0.7.RELEASE]
	at org.springframework.beans.factory.support.DefaultSingletonBeanRegistry.getSingleton(DefaultSingletonBeanRegistry.java:222) ~[spring-beans-5.0.7.RELEASE.jar:5.0.7.RELEASE]
	at org.springframework.beans.factory.support.AbstractBeanFactory.doGetBean(AbstractBeanFactory.java:315) ~[spring-beans-5.0.7.RELEASE.jar:5.0.7.RELEASE]
	at org.springframework.beans.factory.support.AbstractBeanFactory.getBean(AbstractBeanFactory.java:199) ~[spring-beans-5.0.7.RELEASE.jar:5.0.7.RELEASE]
	at org.springframework.beans.factory.config.DependencyDescriptor.resolveCandidate(DependencyDescriptor.java:251) ~[spring-beans-5.0.7.RELEASE.jar:5.0.7.RELEASE]
	at org.springframework.beans.factory.support.DefaultListableBeanFactory.doResolveDependency(DefaultListableBeanFactory.java:1138) ~[spring-beans-5.0.7.RELEASE.jar:5.0.7.RELEASE]
	at org.springframework.beans.factory.support.DefaultListableBeanFactory.resolveDependency(DefaultListableBeanFactory.java:1065) ~[spring-beans-5.0.7.RELEASE.jar:5.0.7.RELEASE]
	at org.springframework.beans.factory.annotation.AutowiredAnnotationBeanPostProcessor$AutowiredFieldElement.inject(AutowiredAnnotationBeanPostProcessor.java:584) ~[spring-beans-5.0.7.RELEASE.jar:5.0.7.RELEASE]
	at org.springframework.beans.factory.annotation.InjectionMetadata.inject(InjectionMetadata.java:91) ~[spring-beans-5.0.7.RELEASE.jar:5.0.7.RELEASE]
	at org.springframework.beans.factory.annotation.AutowiredAnnotationBeanPostProcessor.postProcessPropertyValues(AutowiredAnnotationBeanPostProcessor.java:373) ~[spring-beans-5.0.7.RELEASE.jar:5.0.7.RELEASE]
	at org.springframework.beans.factory.support.AbstractAutowireCapableBeanFactory.populateBean(AbstractAutowireCapableBeanFactory.java:1350) ~[spring-beans-5.0.7.RELEASE.jar:5.0.7.RELEASE]
	at org.springframework.beans.factory.support.AbstractAutowireCapableBeanFactory.doCreateBean(AbstractAutowireCapableBeanFactory.java:580) ~[spring-beans-5.0.7.RELEASE.jar:5.0.7.RELEASE]
	at org.springframework.beans.factory.support.AbstractAutowireCapableBeanFactory.createBean(AbstractAutowireCapableBeanFactory.java:503) ~[spring-beans-5.0.7.RELEASE.jar:5.0.7.RELEASE]
	at org.springframework.beans.factory.support.AbstractBeanFactory.lambda$doGetBean$0(AbstractBeanFactory.java:317) ~[spring-beans-5.0.7.RELEASE.jar:5.0.7.RELEASE]
	at org.springframework.beans.factory.support.DefaultSingletonBeanRegistry.getSingleton(DefaultSingletonBeanRegistry.java:222) ~[spring-beans-5.0.7.RELEASE.jar:5.0.7.RELEASE]
	at org.springframework.beans.factory.support.AbstractBeanFactory.doGetBean(AbstractBeanFactory.java:315) ~[spring-beans-5.0.7.RELEASE.jar:5.0.7.RELEASE]
	at org.springframework.beans.factory.support.AbstractBeanFactory.getBean(AbstractBeanFactory.java:199) ~[spring-beans-5.0.7.RELEASE.jar:5.0.7.RELEASE]
	at org.springframework.beans.factory.support.DefaultListableBeanFactory.preInstantiateSingletons(DefaultListableBeanFactory.java:760) ~[spring-beans-5.0.7.RELEASE.jar:5.0.7.RELEASE]
	at org.springframework.context.support.AbstractApplicationContext.finishBeanFactoryInitialization(AbstractApplicationContext.java:869) ~[spring-context-5.0.7.RELEASE.jar:5.0.7.RELEASE]
	at org.springframework.context.support.AbstractApplicationContext.refresh(AbstractApplicationContext.java:550) ~[spring-context-5.0.7.RELEASE.jar:5.0.7.RELEASE]
	at org.springframework.test.context.support.AbstractGenericContextLoader.loadContext(AbstractGenericContextLoader.java:128) ~[spring-test-5.0.4.RELEASE.jar:5.0.4.RELEASE]
	at org.springframework.test.context.support.AbstractGenericContextLoader.loadContext(AbstractGenericContextLoader.java:60) ~[spring-test-5.0.4.RELEASE.jar:5.0.4.RELEASE]
	at org.springframework.test.context.support.AbstractDelegatingSmartContextLoader.delegateLoading(AbstractDelegatingSmartContextLoader.java:107) ~[spring-test-5.0.4.RELEASE.jar:5.0.4.RELEASE]
	at org.springframework.test.context.support.AbstractDelegatingSmartContextLoader.loadContext(AbstractDelegatingSmartContextLoader.java:243) ~[spring-test-5.0.4.RELEASE.jar:5.0.4.RELEASE]
	at org.springframework.test.context.cache.DefaultCacheAwareContextLoaderDelegate.loadContextInternal(DefaultCacheAwareContextLoaderDelegate.java:99) ~[spring-test-5.0.4.RELEASE.jar:5.0.4.RELEASE]
	at org.springframework.test.context.cache.DefaultCacheAwareContextLoaderDelegate.loadContext(DefaultCacheAwareContextLoaderDelegate.java:117) ~[spring-test-5.0.4.RELEASE.jar:5.0.4.RELEASE]
	... 27 more
Caused by: ch.vorburger.exec.ManagedProcessException: Asked to wait for "mysqld: ready for connections." from Program [/tmp/MariaDB4j/base/bin/mysqld, --no-defaults, --console, --skip-grant-tables, --max_allowed_packet=64M, --basedir=/tmp/MariaDB4j/base, --datadir=/tmp/MariaDB4j/data/43763, --port=43763, --socket=/tmp/MariaDB4j.43763.sock] (in working directory /tmp/MariaDB4j/base), but it already exited! (without that message in console), last 100 lines of console:
2018-07-28  7:01:18 140563391199104 [Note] /tmp/MariaDB4j/base/bin/mysqld (mysqld 10.1.13-MariaDB) starting as process 3068 ...
2018-07-28  7:01:18 140563391199104 [ERROR] Fatal error: Please consult the Knowledge Base to find out how to run mysqld as root!

2018-07-28  7:01:18 140563391199104 [ERROR] Aborting

	at ch.vorburger.exec.ManagedProcess.startAndWaitForConsoleMessageMaxMs(ManagedProcess.java:263) ~[mariaDB4j-core-2.2.3.jar:?]
	at ch.vorburger.mariadb4j.DB.start(DB.java:148) ~[mariaDB4j-core-2.2.3.jar:?]
	at ch.vorburger.mariadb4j.MariaDB4jService.start(MariaDB4jService.java:67) ~[mariaDB4j-core-2.2.3.jar:?]
	at ch.vorburger.mariadb4j.springframework.MariaDB4jSpringService.start(MariaDB4jSpringService.java:96) ~[mariaDB4j-core-2.2.3.jar:?]
	at sun.reflect.GeneratedMethodAccessor52.invoke(Unknown Source) ~[?:?]
	at sun.reflect.DelegatingMethodAccessorImpl.invoke(DelegatingMethodAccessorImpl.java:43) ~[?:1.8.0_121]
	at java.lang.reflect.Method.invoke(Method.java:498) ~[?:1.8.0_121]
	at org.springframework.beans.factory.annotation.InitDestroyAnnotationBeanPostProcessor$LifecycleElement.invoke(InitDestroyAnnotationBeanPostProcessor.java:365) ~[spring-beans-5.0.7.RELEASE.jar:5.0.7.RELEASE]
	at org.springframework.beans.factory.annotation.InitDestroyAnnotationBeanPostProcessor$LifecycleMetadata.invokeInitMethods(InitDestroyAnnotationBeanPostProcessor.java:308) ~[spring-beans-5.0.7.RELEASE.jar:5.0.7.RELEASE]
	at org.springframework.beans.factory.annotation.InitDestroyAnnotationBeanPostProcessor.postProcessBeforeInitialization(InitDestroyAnnotationBeanPostProcessor.java:135) ~[spring-beans-5.0.7.RELEASE.jar:5.0.7.RELEASE]
	at org.springframework.beans.factory.support.AbstractAutowireCapableBeanFactory.applyBeanPostProcessorsBeforeInitialization(AbstractAutowireCapableBeanFactory.java:424) ~[spring-beans-5.0.7.RELEASE.jar:5.0.7.RELEASE]
	at org.springframework.beans.factory.support.AbstractAutowireCapableBeanFactory.initializeBean(AbstractAutowireCapableBeanFactory.java:1700) ~[spring-beans-5.0.7.RELEASE.jar:5.0.7.RELEASE]
	at org.springframework.beans.factory.support.AbstractAutowireCapableBeanFactory.doCreateBean(AbstractAutowireCapableBeanFactory.java:581) ~[spring-beans-5.0.7.RELEASE.jar:5.0.7.RELEASE]
	at org.springframework.beans.factory.support.AbstractAutowireCapableBeanFactory.createBean(AbstractAutowireCapableBeanFactory.java:503) ~[spring-beans-5.0.7.RELEASE.jar:5.0.7.RELEASE]
	at org.springframework.beans.factory.support.AbstractBeanFactory.lambda$doGetBean$0(AbstractBeanFactory.java:317) ~[spring-beans-5.0.7.RELEASE.jar:5.0.7.RELEASE]
	at org.springframework.beans.factory.support.DefaultSingletonBeanRegistry.getSingleton(DefaultSingletonBeanRegistry.java:222) ~[spring-beans-5.0.7.RELEASE.jar:5.0.7.RELEASE]
	at org.springframework.beans.factory.support.AbstractBeanFactory.doGetBean(AbstractBeanFactory.java:315) ~[spring-beans-5.0.7.RELEASE.jar:5.0.7.RELEASE]
	at org.springframework.beans.factory.support.AbstractBeanFactory.getBean(AbstractBeanFactory.java:199) ~[spring-beans-5.0.7.RELEASE.jar:5.0.7.RELEASE]
	at org.springframework.beans.factory.config.DependencyDescriptor.resolveCandidate(DependencyDescriptor.java:251) ~[spring-beans-5.0.7.RELEASE.jar:5.0.7.RELEASE]
	at org.springframework.beans.factory.support.DefaultListableBeanFactory.doResolveDependency(DefaultListableBeanFactory.java:1138) ~[spring-beans-5.0.7.RELEASE.jar:5.0.7.RELEASE]
	at org.springframework.beans.factory.support.DefaultListableBeanFactory.resolveDependency(DefaultListableBeanFactory.java:1065) ~[spring-beans-5.0.7.RELEASE.jar:5.0.7.RELEASE]
	at org.springframework.beans.factory.support.ConstructorResolver.resolveAutowiredArgument(ConstructorResolver.java:818) ~[spring-beans-5.0.7.RELEASE.jar:5.0.7.RELEASE]
	at org.springframework.beans.factory.support.ConstructorResolver.createArgumentArray(ConstructorResolver.java:724) ~[spring-beans-5.0.7.RELEASE.jar:5.0.7.RELEASE]
	at org.springframework.beans.factory.support.ConstructorResolver.instantiateUsingFactoryMethod(ConstructorResolver.java:474) ~[spring-beans-5.0.7.RELEASE.jar:5.0.7.RELEASE]
	at org.springframework.beans.factory.support.AbstractAutowireCapableBeanFactory.instantiateUsingFactoryMethod(AbstractAutowireCapableBeanFactory.java:1256) ~[spring-beans-5.0.7.RELEASE.jar:5.0.7.RELEASE]
	at org.springframework.beans.factory.support.AbstractAutowireCapableBeanFactory.createBeanInstance(AbstractAutowireCapableBeanFactory.java:1105) ~[spring-beans-5.0.7.RELEASE.jar:5.0.7.RELEASE]
	at org.springframework.beans.factory.support.AbstractAutowireCapableBeanFactory.doCreateBean(AbstractAutowireCapableBeanFactory.java:543) ~[spring-beans-5.0.7.RELEASE.jar:5.0.7.RELEASE]
	at org.springframework.beans.factory.support.AbstractAutowireCapableBeanFactory.createBean(AbstractAutowireCapableBeanFactory.java:503) ~[spring-beans-5.0.7.RELEASE.jar:5.0.7.RELEASE]
	at org.springframework.beans.factory.support.AbstractBeanFactory.lambda$doGetBean$0(AbstractBeanFactory.java:317) ~[spring-beans-5.0.7.RELEASE.jar:5.0.7.RELEASE]
	at org.springframework.beans.factory.support.DefaultSingletonBeanRegistry.getSingleton(DefaultSingletonBeanRegistry.java:222) ~[spring-beans-5.0.7.RELEASE.jar:5.0.7.RELEASE]
	at org.springframework.beans.factory.support.AbstractBeanFactory.doGetBean(AbstractBeanFactory.java:315) ~[spring-beans-5.0.7.RELEASE.jar:5.0.7.RELEASE]
	at org.springframework.beans.factory.support.AbstractBeanFactory.getBean(AbstractBeanFactory.java:199) ~[spring-beans-5.0.7.RELEASE.jar:5.0.7.RELEASE]
	at org.springframework.beans.factory.config.DependencyDescriptor.resolveCandidate(DependencyDescriptor.java:251) ~[spring-beans-5.0.7.RELEASE.jar:5.0.7.RELEASE]
	at org.springframework.beans.factory.support.DefaultListableBeanFactory.doResolveDependency(DefaultListableBeanFactory.java:1138) ~[spring-beans-5.0.7.RELEASE.jar:5.0.7.RELEASE]
	at org.springframework.beans.factory.support.DefaultListableBeanFactory.resolveDependency(DefaultListableBeanFactory.java:1065) ~[spring-beans-5.0.7.RELEASE.jar:5.0.7.RELEASE]
	at org.springframework.beans.factory.annotation.AutowiredAnnotationBeanPostProcessor$AutowiredFieldElement.inject(AutowiredAnnotationBeanPostProcessor.java:584) ~[spring-beans-5.0.7.RELEASE.jar:5.0.7.RELEASE]
	at org.springframework.beans.factory.annotation.InjectionMetadata.inject(InjectionMetadata.java:91) ~[spring-beans-5.0.7.RELEASE.jar:5.0.7.RELEASE]
	at org.springframework.beans.factory.annotation.AutowiredAnnotationBeanPostProcessor.postProcessPropertyValues(AutowiredAnnotationBeanPostProcessor.java:373) ~[spring-beans-5.0.7.RELEASE.jar:5.0.7.RELEASE]
	at org.springframework.beans.factory.support.AbstractAutowireCapableBeanFactory.populateBean(AbstractAutowireCapableBeanFactory.java:1350) ~[spring-beans-5.0.7.RELEASE.jar:5.0.7.RELEASE]
	at org.springframework.beans.factory.support.AbstractAutowireCapableBeanFactory.doCreateBean(AbstractAutowireCapableBeanFactory.java:580) ~[spring-beans-5.0.7.RELEASE.jar:5.0.7.RELEASE]
	at org.springframework.beans.factory.support.AbstractAutowireCapableBeanFactory.createBean(AbstractAutowireCapableBeanFactory.java:503) ~[spring-beans-5.0.7.RELEASE.jar:5.0.7.RELEASE]
	at org.springframework.beans.factory.support.AbstractBeanFactory.lambda$doGetBean$0(AbstractBeanFactory.java:317) ~[spring-beans-5.0.7.RELEASE.jar:5.0.7.RELEASE]
	at org.springframework.beans.factory.support.DefaultSingletonBeanRegistry.getSingleton(DefaultSingletonBeanRegistry.java:222) ~[spring-beans-5.0.7.RELEASE.jar:5.0.7.RELEASE]
	at org.springframework.beans.factory.support.AbstractBeanFactory.doGetBean(AbstractBeanFactory.java:315) ~[spring-beans-5.0.7.RELEASE.jar:5.0.7.RELEASE]
	at org.springframework.beans.factory.support.AbstractBeanFactory.getBean(AbstractBeanFactory.java:199) ~[spring-beans-5.0.7.RELEASE.jar:5.0.7.RELEASE]
	at org.springframework.beans.factory.support.DefaultListableBeanFactory.preInstantiateSingletons(DefaultListableBeanFactory.java:760) ~[spring-beans-5.0.7.RELEASE.jar:5.0.7.RELEASE]
	at org.springframework.context.support.AbstractApplicationContext.finishBeanFactoryInitialization(AbstractApplicationContext.java:869) ~[spring-context-5.0.7.RELEASE.jar:5.0.7.RELEASE]
	at org.springframework.context.support.AbstractApplicationContext.refresh(AbstractApplicationContext.java:550) ~[spring-context-5.0.7.RELEASE.jar:5.0.7.RELEASE]
	at org.springframework.test.context.support.AbstractGenericContextLoader.loadContext(AbstractGenericContextLoader.java:128) ~[spring-test-5.0.4.RELEASE.jar:5.0.4.RELEASE]
	at org.springframework.test.context.support.AbstractGenericContextLoader.loadContext(AbstractGenericContextLoader.java:60) ~[spring-test-5.0.4.RELEASE.jar:5.0.4.RELEASE]
	at org.springframework.test.context.support.AbstractDelegatingSmartContextLoader.delegateLoading(AbstractDelegatingSmartContextLoader.java:107) ~[spring-test-5.0.4.RELEASE.jar:5.0.4.RELEASE]
	at org.springframework.test.context.support.AbstractDelegatingSmartContextLoader.loadContext(AbstractDelegatingSmartContextLoader.java:243) ~[spring-test-5.0.4.RELEASE.jar:5.0.4.RELEASE]
	at org.springframework.test.context.cache.DefaultCacheAwareContextLoaderDelegate.loadContextInternal(DefaultCacheAwareContextLoaderDelegate.java:99) ~[spring-test-5.0.4.RELEASE.jar:5.0.4.RELEASE]
	at org.springframework.test.context.cache.DefaultCacheAwareContextLoaderDelegate.loadContext(DefaultCacheAwareContextLoaderDelegate.java:117) ~[spring-test-5.0.4.RELEASE.jar:5.0.4.RELEASE]
	... 27 more
]]></system-out>
  </testcase>
  <testcase name="getMyChoicesStatisticByWeek" classname="com.gunnarro.dietmanager.service.DietManagerServiceTest" time="0.002">
    <error message="Failed to load ApplicationContext" type="java.lang.IllegalStateException">java.lang.IllegalStateException: Failed to load ApplicationContext
Caused by: org.springframework.beans.factory.UnsatisfiedDependencyException: Error creating bean with name 'testRepositoryConfiguration': Unsatisfied dependency expressed through field 'dataSource'; nested exception is org.springframework.beans.factory.UnsatisfiedDependencyException: Error creating bean with name 'dietManagerDataSource' defined in com.gunnarro.dietmanager.config.TestMariDBDataSourceConfiguration: Unsatisfied dependency expressed through method 'dietManagerDataSource' parameter 0; nested exception is org.springframework.beans.factory.BeanCreationException: Error creating bean with name 'mariaDB4jSpringService': Invocation of init method failed; nested exception is java.lang.IllegalStateException: MariaDB4jSpringService start() failed
Caused by: org.springframework.beans.factory.UnsatisfiedDependencyException: Error creating bean with name 'dietManagerDataSource' defined in com.gunnarro.dietmanager.config.TestMariDBDataSourceConfiguration: Unsatisfied dependency expressed through method 'dietManagerDataSource' parameter 0; nested exception is org.springframework.beans.factory.BeanCreationException: Error creating bean with name 'mariaDB4jSpringService': Invocation of init method failed; nested exception is java.lang.IllegalStateException: MariaDB4jSpringService start() failed
Caused by: org.springframework.beans.factory.BeanCreationException: Error creating bean with name 'mariaDB4jSpringService': Invocation of init method failed; nested exception is java.lang.IllegalStateException: MariaDB4jSpringService start() failed
Caused by: java.lang.IllegalStateException: MariaDB4jSpringService start() failed
Caused by: ch.vorburger.exec.ManagedProcessException: An error occurred while starting the database
Caused by: ch.vorburger.exec.ManagedProcessException: 
Asked to wait for "mysqld: ready for connections." from Program [/tmp/MariaDB4j/base/bin/mysqld, --no-defaults, --console, --skip-grant-tables, --max_allowed_packet=64M, --basedir=/tmp/MariaDB4j/base, --datadir=/tmp/MariaDB4j/data/36735, --port=36735, --socket=/tmp/MariaDB4j.36735.sock] (in working directory /tmp/MariaDB4j/base), but it already exited! (without that message in console), last 100 lines of console:
2018-07-28  7:01:28 140471867451264 [Note] /tmp/MariaDB4j/base/bin/mysqld (mysqld 10.1.13-MariaDB) starting as process 3208 ...
2018-07-28  7:01:28 140471867451264 [ERROR] Fatal error: Please consult the Knowledge Base to find out how to run mysqld as root!

2018-07-28  7:01:28 140471867451264 [ERROR] Aborting

</error>
    <system-out><![CDATA[[2018-07-28 09:01:18.832] [main] [INFO ] [ch.vorburger.mariadb4j.Util] Created directory: /tmp/MariaDB4j/data/36735
[2018-07-28 09:01:18.846] [main] [INFO ] [ch.vorburger.mariadb4j.DB] Installing a new embedded database to: /tmp/MariaDB4j/base
[2018-07-28 09:01:18.847] [main] [INFO ] [ch.vorburger.exec.ManagedProcess] Starting Program [/tmp/MariaDB4j/base/bin/mysql_install_db, --datadir=/tmp/MariaDB4j/data/36735, --basedir=/tmp/MariaDB4j/base, --no-defaults, --force, --skip-name-resolve] (in working directory /tmp/MariaDB4j/base)
[2018-07-28 09:01:18.898] [Exec Stream Pumper] [INFO ] [ch.vorburger.exec.ManagedProcess] mysql_install_db: Installing MariaDB/MySQL system tables in '/tmp/MariaDB4j/data/36735' ...
[2018-07-28 09:01:18.948] [main] [INFO ] [ch.vorburger.exec.ManagedProcess] Thread is now going to wait for this process to terminate itself: Program [/tmp/MariaDB4j/base/bin/mysql_install_db, --datadir=/tmp/MariaDB4j/data/36735, --basedir=/tmp/MariaDB4j/base, --no-defaults, --force, --skip-name-resolve] (in working directory /tmp/MariaDB4j/base)
[2018-07-28 09:01:19.009] [Exec Stream Pumper] [INFO ] [ch.vorburger.exec.ManagedProcess] mysql_install_db: 2018-07-28  7:01:19 140010041063296 [Note] /tmp/MariaDB4j/base/bin/mysqld (mysqld 10.1.13-MariaDB) starting as process 3104 ...
[2018-07-28 09:01:19.209] [Exec Stream Pumper] [INFO ] [ch.vorburger.exec.ManagedProcess] mysql_install_db: 2018-07-28  7:01:19 140010041063296 [Note] InnoDB: Using mutexes to ref count buffer pool pages
[2018-07-28 09:01:19.209] [Exec Stream Pumper] [INFO ] [ch.vorburger.exec.ManagedProcess] mysql_install_db: 2018-07-28  7:01:19 140010041063296 [Note] InnoDB: The InnoDB memory heap is disabled
[2018-07-28 09:01:19.209] [Exec Stream Pumper] [INFO ] [ch.vorburger.exec.ManagedProcess] mysql_install_db: 2018-07-28  7:01:19 140010041063296 [Note] InnoDB: Mutexes and rw_locks use GCC atomic builtins
[2018-07-28 09:01:19.209] [Exec Stream Pumper] [INFO ] [ch.vorburger.exec.ManagedProcess] mysql_install_db: 2018-07-28  7:01:19 140010041063296 [Note] InnoDB: Memory barrier is not used
[2018-07-28 09:01:19.210] [Exec Stream Pumper] [INFO ] [ch.vorburger.exec.ManagedProcess] mysql_install_db: 2018-07-28  7:01:19 140010041063296 [Note] InnoDB: Compressed tables use zlib 1.2.3
[2018-07-28 09:01:19.210] [Exec Stream Pumper] [INFO ] [ch.vorburger.exec.ManagedProcess] mysql_install_db: 2018-07-28  7:01:19 140010041063296 [Note] InnoDB: Using Linux native AIO
[2018-07-28 09:01:19.210] [Exec Stream Pumper] [INFO ] [ch.vorburger.exec.ManagedProcess] mysql_install_db: 2018-07-28  7:01:19 140010041063296 [Note] InnoDB: Using SSE crc32 instructions
[2018-07-28 09:01:19.212] [Exec Stream Pumper] [INFO ] [ch.vorburger.exec.ManagedProcess] mysql_install_db: 2018-07-28  7:01:19 140010041063296 [Note] InnoDB: Initializing buffer pool, size = 128.0M
[2018-07-28 09:01:19.229] [Exec Stream Pumper] [INFO ] [ch.vorburger.exec.ManagedProcess] mysql_install_db: 2018-07-28  7:01:19 140010041063296 [Note] InnoDB: Completed initialization of buffer pool
[2018-07-28 09:01:19.253] [Exec Stream Pumper] [INFO ] [ch.vorburger.exec.ManagedProcess] mysql_install_db: 2018-07-28  7:01:19 140010041063296 [Note] InnoDB: The first specified data file ./ibdata1 did not exist: a new database to be created!
[2018-07-28 09:01:19.253] [Exec Stream Pumper] [INFO ] [ch.vorburger.exec.ManagedProcess] mysql_install_db: 2018-07-28  7:01:19 140010041063296 [Note] InnoDB: Setting file ./ibdata1 size to 12 MB
[2018-07-28 09:01:19.253] [Exec Stream Pumper] [INFO ] [ch.vorburger.exec.ManagedProcess] mysql_install_db: 2018-07-28  7:01:19 140010041063296 [Note] InnoDB: Database physically writes the file full: wait...
[2018-07-28 09:01:19.386] [Exec Stream Pumper] [INFO ] [ch.vorburger.exec.ManagedProcess] mysql_install_db: 2018-07-28  7:01:19 140010041063296 [Note] InnoDB: Setting log file ./ib_logfile101 size to 48 MB
[2018-07-28 09:01:19.911] [Exec Stream Pumper] [INFO ] [ch.vorburger.exec.ManagedProcess] mysql_install_db: 2018-07-28  7:01:19 140010041063296 [Note] InnoDB: Setting log file ./ib_logfile1 size to 48 MB
[2018-07-28 09:01:20.482] [Exec Stream Pumper] [INFO ] [ch.vorburger.exec.ManagedProcess] mysql_install_db: 2018-07-28  7:01:20 140010041063296 [Note] InnoDB: Renaming log file ./ib_logfile101 to ./ib_logfile0
[2018-07-28 09:01:20.482] [Exec Stream Pumper] [INFO ] [ch.vorburger.exec.ManagedProcess] mysql_install_db: 2018-07-28  7:01:20 140010041063296 [Warning] InnoDB: New log files created, LSN=45883
[2018-07-28 09:01:20.483] [Exec Stream Pumper] [INFO ] [ch.vorburger.exec.ManagedProcess] mysql_install_db: 2018-07-28  7:01:20 140010041063296 [Note] InnoDB: Doublewrite buffer not found: creating new
[2018-07-28 09:01:20.549] [Exec Stream Pumper] [INFO ] [ch.vorburger.exec.ManagedProcess] mysql_install_db: 2018-07-28  7:01:20 140010041063296 [Note] InnoDB: Doublewrite buffer created
[2018-07-28 09:01:20.569] [Exec Stream Pumper] [INFO ] [ch.vorburger.exec.ManagedProcess] mysql_install_db: 2018-07-28  7:01:20 140010041063296 [Note] InnoDB: 128 rollback segment(s) are active.
[2018-07-28 09:01:20.570] [Exec Stream Pumper] [INFO ] [ch.vorburger.exec.ManagedProcess] mysql_install_db: 2018-07-28  7:01:20 140010041063296 [Warning] InnoDB: Creating foreign key constraint system tables.
[2018-07-28 09:01:20.595] [Exec Stream Pumper] [INFO ] [ch.vorburger.exec.ManagedProcess] mysql_install_db: 2018-07-28  7:01:20 140010041063296 [Note] InnoDB: Foreign key constraint system tables created
[2018-07-28 09:01:20.596] [Exec Stream Pumper] [INFO ] [ch.vorburger.exec.ManagedProcess] mysql_install_db: 2018-07-28  7:01:20 140010041063296 [Note] InnoDB: Creating tablespace and datafile system tables.
[2018-07-28 09:01:20.606] [Exec Stream Pumper] [INFO ] [ch.vorburger.exec.ManagedProcess] mysql_install_db: 2018-07-28  7:01:20 140010041063296 [Note] InnoDB: Tablespace and datafile system tables created.
[2018-07-28 09:01:20.606] [Exec Stream Pumper] [INFO ] [ch.vorburger.exec.ManagedProcess] mysql_install_db: 2018-07-28  7:01:20 140010041063296 [Note] InnoDB: Waiting for purge to start
[2018-07-28 09:01:20.656] [Exec Stream Pumper] [INFO ] [ch.vorburger.exec.ManagedProcess] mysql_install_db: 2018-07-28  7:01:20 140010041063296 [Note] InnoDB:  Percona XtraDB (http://www.percona.com) 5.6.28-76.1 started; log sequence number 0
[2018-07-28 09:01:20.753] [Exec Stream Pumper] [INFO ] [ch.vorburger.exec.ManagedProcess] mysql_install_db: 2018-07-28  7:01:20 140009323624192 [Note] InnoDB: Dumping buffer pool(s) not yet started
[2018-07-28 09:01:22.852] [Exec Stream Pumper] [INFO ] [ch.vorburger.exec.ManagedProcess] mysql_install_db: OK
[2018-07-28 09:01:22.852] [Exec Stream Pumper] [INFO ] [ch.vorburger.exec.ManagedProcess] mysql_install_db: Filling help tables...
[2018-07-28 09:01:22.969] [Exec Stream Pumper] [INFO ] [ch.vorburger.exec.ManagedProcess] mysql_install_db: 2018-07-28  7:01:22 139821460793216 [Note] /tmp/MariaDB4j/base/bin/mysqld (mysqld 10.1.13-MariaDB) starting as process 3140 ...
[2018-07-28 09:01:23.137] [Exec Stream Pumper] [INFO ] [ch.vorburger.exec.ManagedProcess] mysql_install_db: 2018-07-28  7:01:23 139821460793216 [Note] InnoDB: Using mutexes to ref count buffer pool pages
[2018-07-28 09:01:23.137] [Exec Stream Pumper] [INFO ] [ch.vorburger.exec.ManagedProcess] mysql_install_db: 2018-07-28  7:01:23 139821460793216 [Note] InnoDB: The InnoDB memory heap is disabled
[2018-07-28 09:01:23.137] [Exec Stream Pumper] [INFO ] [ch.vorburger.exec.ManagedProcess] mysql_install_db: 2018-07-28  7:01:23 139821460793216 [Note] InnoDB: Mutexes and rw_locks use GCC atomic builtins
[2018-07-28 09:01:23.137] [Exec Stream Pumper] [INFO ] [ch.vorburger.exec.ManagedProcess] mysql_install_db: 2018-07-28  7:01:23 139821460793216 [Note] InnoDB: Memory barrier is not used
[2018-07-28 09:01:23.137] [Exec Stream Pumper] [INFO ] [ch.vorburger.exec.ManagedProcess] mysql_install_db: 2018-07-28  7:01:23 139821460793216 [Note] InnoDB: Compressed tables use zlib 1.2.3
[2018-07-28 09:01:23.137] [Exec Stream Pumper] [INFO ] [ch.vorburger.exec.ManagedProcess] mysql_install_db: 2018-07-28  7:01:23 139821460793216 [Note] InnoDB: Using Linux native AIO
[2018-07-28 09:01:23.137] [Exec Stream Pumper] [INFO ] [ch.vorburger.exec.ManagedProcess] mysql_install_db: 2018-07-28  7:01:23 139821460793216 [Note] InnoDB: Using SSE crc32 instructions
[2018-07-28 09:01:23.140] [Exec Stream Pumper] [INFO ] [ch.vorburger.exec.ManagedProcess] mysql_install_db: 2018-07-28  7:01:23 139821460793216 [Note] InnoDB: Initializing buffer pool, size = 128.0M
[2018-07-28 09:01:23.157] [Exec Stream Pumper] [INFO ] [ch.vorburger.exec.ManagedProcess] mysql_install_db: 2018-07-28  7:01:23 139821460793216 [Note] InnoDB: Completed initialization of buffer pool
[2018-07-28 09:01:23.184] [Exec Stream Pumper] [INFO ] [ch.vorburger.exec.ManagedProcess] mysql_install_db: 2018-07-28  7:01:23 139821460793216 [Note] InnoDB: Highest supported file format is Barracuda.
[2018-07-28 09:01:23.210] [Exec Stream Pumper] [INFO ] [ch.vorburger.exec.ManagedProcess] mysql_install_db: 2018-07-28  7:01:23 139821460793216 [Note] InnoDB: 128 rollback segment(s) are active.
[2018-07-28 09:01:23.211] [Exec Stream Pumper] [INFO ] [ch.vorburger.exec.ManagedProcess] mysql_install_db: 2018-07-28  7:01:23 139821460793216 [Note] InnoDB: Waiting for purge to start
[2018-07-28 09:01:23.261] [Exec Stream Pumper] [INFO ] [ch.vorburger.exec.ManagedProcess] mysql_install_db: 2018-07-28  7:01:23 139821460793216 [Note] InnoDB:  Percona XtraDB (http://www.percona.com) 5.6.28-76.1 started; log sequence number 1616799
[2018-07-28 09:01:23.295] [Exec Stream Pumper] [INFO ] [ch.vorburger.exec.ManagedProcess] mysql_install_db: 2018-07-28  7:01:23 139820743509760 [Note] InnoDB: Dumping buffer pool(s) not yet started
[2018-07-28 09:01:25.452] [Exec Stream Pumper] [INFO ] [ch.vorburger.exec.ManagedProcess] mysql_install_db: OK
[2018-07-28 09:01:25.452] [Exec Stream Pumper] [INFO ] [ch.vorburger.exec.ManagedProcess] mysql_install_db: Creating OpenGIS required SP-s...
[2018-07-28 09:01:25.570] [Exec Stream Pumper] [INFO ] [ch.vorburger.exec.ManagedProcess] mysql_install_db: 2018-07-28  7:01:25 140528335583104 [Note] /tmp/MariaDB4j/base/bin/mysqld (mysqld 10.1.13-MariaDB) starting as process 3173 ...
[2018-07-28 09:01:25.737] [Exec Stream Pumper] [INFO ] [ch.vorburger.exec.ManagedProcess] mysql_install_db: 2018-07-28  7:01:25 140528335583104 [Note] InnoDB: Using mutexes to ref count buffer pool pages
[2018-07-28 09:01:25.737] [Exec Stream Pumper] [INFO ] [ch.vorburger.exec.ManagedProcess] mysql_install_db: 2018-07-28  7:01:25 140528335583104 [Note] InnoDB: The InnoDB memory heap is disabled
[2018-07-28 09:01:25.737] [Exec Stream Pumper] [INFO ] [ch.vorburger.exec.ManagedProcess] mysql_install_db: 2018-07-28  7:01:25 140528335583104 [Note] InnoDB: Mutexes and rw_locks use GCC atomic builtins
[2018-07-28 09:01:25.737] [Exec Stream Pumper] [INFO ] [ch.vorburger.exec.ManagedProcess] mysql_install_db: 2018-07-28  7:01:25 140528335583104 [Note] InnoDB: Memory barrier is not used
[2018-07-28 09:01:25.737] [Exec Stream Pumper] [INFO ] [ch.vorburger.exec.ManagedProcess] mysql_install_db: 2018-07-28  7:01:25 140528335583104 [Note] InnoDB: Compressed tables use zlib 1.2.3
[2018-07-28 09:01:25.737] [Exec Stream Pumper] [INFO ] [ch.vorburger.exec.ManagedProcess] mysql_install_db: 2018-07-28  7:01:25 140528335583104 [Note] InnoDB: Using Linux native AIO
[2018-07-28 09:01:25.737] [Exec Stream Pumper] [INFO ] [ch.vorburger.exec.ManagedProcess] mysql_install_db: 2018-07-28  7:01:25 140528335583104 [Note] InnoDB: Using SSE crc32 instructions
[2018-07-28 09:01:25.742] [Exec Stream Pumper] [INFO ] [ch.vorburger.exec.ManagedProcess] mysql_install_db: 2018-07-28  7:01:25 140528335583104 [Note] InnoDB: Initializing buffer pool, size = 128.0M
[2018-07-28 09:01:25.757] [Exec Stream Pumper] [INFO ] [ch.vorburger.exec.ManagedProcess] mysql_install_db: 2018-07-28  7:01:25 140528335583104 [Note] InnoDB: Completed initialization of buffer pool
[2018-07-28 09:01:25.783] [Exec Stream Pumper] [INFO ] [ch.vorburger.exec.ManagedProcess] mysql_install_db: 2018-07-28  7:01:25 140528335583104 [Note] InnoDB: Highest supported file format is Barracuda.
[2018-07-28 09:01:25.809] [Exec Stream Pumper] [INFO ] [ch.vorburger.exec.ManagedProcess] mysql_install_db: 2018-07-28  7:01:25 140528335583104 [Note] InnoDB: 128 rollback segment(s) are active.
[2018-07-28 09:01:25.810] [Exec Stream Pumper] [INFO ] [ch.vorburger.exec.ManagedProcess] mysql_install_db: 2018-07-28  7:01:25 140528335583104 [Note] InnoDB: Waiting for purge to start
[2018-07-28 09:01:25.861] [Exec Stream Pumper] [INFO ] [ch.vorburger.exec.ManagedProcess] mysql_install_db: 2018-07-28  7:01:25 140528335583104 [Note] InnoDB:  Percona XtraDB (http://www.percona.com) 5.6.28-76.1 started; log sequence number 1616809
[2018-07-28 09:01:25.893] [Exec Stream Pumper] [INFO ] [ch.vorburger.exec.ManagedProcess] mysql_install_db: 2018-07-28  7:01:25 140527622145792 [Note] InnoDB: Dumping buffer pool(s) not yet started
[2018-07-28 09:01:28.112] [Exec Stream Pumper] [INFO ] [ch.vorburger.exec.ManagedProcess] mysql_install_db: OK
[2018-07-28 09:01:28.112] [Exec Stream Pumper] [INFO ] [ch.vorburger.exec.ManagedProcess] mysql_install_db: 
[2018-07-28 09:01:28.112] [Exec Stream Pumper] [INFO ] [ch.vorburger.exec.ManagedProcess] mysql_install_db: To start mysqld at boot time you have to copy
[2018-07-28 09:01:28.113] [Exec Stream Pumper] [INFO ] [ch.vorburger.exec.ManagedProcess] mysql_install_db: support-files/mysql.server to the right place for your system
[2018-07-28 09:01:28.113] [Exec Stream Pumper] [INFO ] [ch.vorburger.exec.ManagedProcess] mysql_install_db: 
[2018-07-28 09:01:28.113] [Exec Stream Pumper] [INFO ] [ch.vorburger.exec.ManagedProcess] mysql_install_db: PLEASE REMEMBER TO SET A PASSWORD FOR THE MariaDB root USER !
[2018-07-28 09:01:28.113] [Exec Stream Pumper] [INFO ] [ch.vorburger.exec.ManagedProcess] mysql_install_db: To do so, start the server, then issue the following commands:
[2018-07-28 09:01:28.113] [Exec Stream Pumper] [INFO ] [ch.vorburger.exec.ManagedProcess] mysql_install_db: 
[2018-07-28 09:01:28.113] [Exec Stream Pumper] [INFO ] [ch.vorburger.exec.ManagedProcess] mysql_install_db: '/tmp/MariaDB4j/base/bin/mysqladmin' -u root password 'new-password'
[2018-07-28 09:01:28.113] [Exec Stream Pumper] [INFO ] [ch.vorburger.exec.ManagedProcess] mysql_install_db: '/tmp/MariaDB4j/base/bin/mysqladmin' -u root -h  password 'new-password'
[2018-07-28 09:01:28.113] [Exec Stream Pumper] [INFO ] [ch.vorburger.exec.ManagedProcess] mysql_install_db: 
[2018-07-28 09:01:28.113] [Exec Stream Pumper] [INFO ] [ch.vorburger.exec.ManagedProcess] mysql_install_db: Alternatively you can run:
[2018-07-28 09:01:28.114] [Exec Stream Pumper] [INFO ] [ch.vorburger.exec.ManagedProcess] mysql_install_db: '/tmp/MariaDB4j/base/bin/mysql_secure_installation'
[2018-07-28 09:01:28.114] [Exec Stream Pumper] [INFO ] [ch.vorburger.exec.ManagedProcess] mysql_install_db: 
[2018-07-28 09:01:28.114] [Exec Stream Pumper] [INFO ] [ch.vorburger.exec.ManagedProcess] mysql_install_db: which will also give you the option of removing the test
[2018-07-28 09:01:28.114] [Exec Stream Pumper] [INFO ] [ch.vorburger.exec.ManagedProcess] mysql_install_db: databases and anonymous user created by default.  This is
[2018-07-28 09:01:28.114] [Exec Stream Pumper] [INFO ] [ch.vorburger.exec.ManagedProcess] mysql_install_db: strongly recommended for production servers.
[2018-07-28 09:01:28.114] [Exec Stream Pumper] [INFO ] [ch.vorburger.exec.ManagedProcess] mysql_install_db: 
[2018-07-28 09:01:28.114] [Exec Stream Pumper] [INFO ] [ch.vorburger.exec.ManagedProcess] mysql_install_db: See the MariaDB Knowledgebase at http://mariadb.com/kb or the
[2018-07-28 09:01:28.114] [Exec Stream Pumper] [INFO ] [ch.vorburger.exec.ManagedProcess] mysql_install_db: MySQL manual for more instructions.
[2018-07-28 09:01:28.114] [Exec Stream Pumper] [INFO ] [ch.vorburger.exec.ManagedProcess] mysql_install_db: 
[2018-07-28 09:01:28.114] [Exec Stream Pumper] [INFO ] [ch.vorburger.exec.ManagedProcess] mysql_install_db: You can start the MariaDB daemon with:
[2018-07-28 09:01:28.114] [Exec Stream Pumper] [INFO ] [ch.vorburger.exec.ManagedProcess] mysql_install_db: cd '/tmp/MariaDB4j/base' ; /tmp/MariaDB4j/base/bin/mysqld_safe --datadir='/tmp/MariaDB4j/data/36735'
[2018-07-28 09:01:28.114] [Exec Stream Pumper] [INFO ] [ch.vorburger.exec.ManagedProcess] mysql_install_db: 
[2018-07-28 09:01:28.114] [Exec Stream Pumper] [INFO ] [ch.vorburger.exec.ManagedProcess] mysql_install_db: You can test the MariaDB daemon with mysql-test-run.pl
[2018-07-28 09:01:28.114] [Exec Stream Pumper] [INFO ] [ch.vorburger.exec.ManagedProcess] mysql_install_db: cd '/tmp/MariaDB4j/base/mysql-test' ; perl mysql-test-run.pl
[2018-07-28 09:01:28.114] [Exec Stream Pumper] [INFO ] [ch.vorburger.exec.ManagedProcess] mysql_install_db: 
[2018-07-28 09:01:28.115] [Exec Stream Pumper] [INFO ] [ch.vorburger.exec.ManagedProcess] mysql_install_db: Please report any problems at http://mariadb.org/jira
[2018-07-28 09:01:28.115] [Exec Stream Pumper] [INFO ] [ch.vorburger.exec.ManagedProcess] mysql_install_db: 
[2018-07-28 09:01:28.115] [Exec Stream Pumper] [INFO ] [ch.vorburger.exec.ManagedProcess] mysql_install_db: The latest information about MariaDB is available at http://mariadb.org/.
[2018-07-28 09:01:28.115] [Exec Stream Pumper] [INFO ] [ch.vorburger.exec.ManagedProcess] mysql_install_db: You can find additional information about the MySQL part at:
[2018-07-28 09:01:28.115] [Exec Stream Pumper] [INFO ] [ch.vorburger.exec.ManagedProcess] mysql_install_db: http://dev.mysql.com
[2018-07-28 09:01:28.115] [Exec Stream Pumper] [INFO ] [ch.vorburger.exec.ManagedProcess] mysql_install_db: Support MariaDB development by buying support/new features from MariaDB
[2018-07-28 09:01:28.115] [Exec Stream Pumper] [INFO ] [ch.vorburger.exec.ManagedProcess] mysql_install_db: Corporation Ab. You can contact us about this at sales@mariadb.com.
[2018-07-28 09:01:28.115] [Exec Stream Pumper] [INFO ] [ch.vorburger.exec.ManagedProcess] mysql_install_db: Alternatively consider joining our community based development effort:
[2018-07-28 09:01:28.115] [Exec Stream Pumper] [INFO ] [ch.vorburger.exec.ManagedProcess] mysql_install_db: http://mariadb.com/kb/en/contributing-to-the-mariadb-project/
[2018-07-28 09:01:28.115] [Exec Stream Pumper] [INFO ] [ch.vorburger.exec.ManagedProcess] mysql_install_db: 
[2018-07-28 09:01:28.117] [Exec Default Executor] [INFO ] [ch.vorburger.exec.ManagedProcess] Program [/tmp/MariaDB4j/base/bin/mysql_install_db, --datadir=/tmp/MariaDB4j/data/36735, --basedir=/tmp/MariaDB4j/base, --no-defaults, --force, --skip-name-resolve] (in working directory /tmp/MariaDB4j/base) just exited, with value 0
[2018-07-28 09:01:28.135] [main] [INFO ] [ch.vorburger.mariadb4j.DB] Installation complete.
[2018-07-28 09:01:28.136] [main] [INFO ] [ch.vorburger.mariadb4j.DB] Starting up the database...
[2018-07-28 09:01:28.136] [main] [INFO ] [ch.vorburger.mariadb4j.DB] mysqld executable: /tmp/MariaDB4j/base/bin/mysqld
[2018-07-28 09:01:28.137] [main] [INFO ] [ch.vorburger.exec.ManagedProcess] Starting Program [/tmp/MariaDB4j/base/bin/mysqld, --no-defaults, --console, --skip-grant-tables, --max_allowed_packet=64M, --basedir=/tmp/MariaDB4j/base, --datadir=/tmp/MariaDB4j/data/36735, --port=36735, --socket=/tmp/MariaDB4j.36735.sock] (in working directory /tmp/MariaDB4j/base)
[2018-07-28 09:01:28.137] [main] [INFO ] [ch.vorburger.exec.ManagedProcess] Thread will wait for "mysqld: ready for connections." to appear in Console output of process Program [/tmp/MariaDB4j/base/bin/mysqld, --no-defaults, --console, --skip-grant-tables, --max_allowed_packet=64M, --basedir=/tmp/MariaDB4j/base, --datadir=/tmp/MariaDB4j/data/36735, --port=36735, --socket=/tmp/MariaDB4j.36735.sock] (in working directory /tmp/MariaDB4j/base) for max. 30000ms
[2018-07-28 09:01:28.249] [Exec Stream Pumper] [INFO ] [ch.vorburger.exec.ManagedProcess] mysqld: 2018-07-28  7:01:28 140471867451264 [Note] /tmp/MariaDB4j/base/bin/mysqld (mysqld 10.1.13-MariaDB) starting as process 3208 ...
[2018-07-28 09:01:28.270] [Exec Stream Pumper] [ERROR] [ch.vorburger.exec.ManagedProcess] mysqld: 2018-07-28  7:01:28 140471867451264 [ERROR] Fatal error: Please consult the Knowledge Base to find out how to run mysqld as root!
[2018-07-28 09:01:28.270] [Exec Stream Pumper] [INFO ] [ch.vorburger.exec.ManagedProcess] mysqld: 
[2018-07-28 09:01:28.270] [Exec Stream Pumper] [ERROR] [ch.vorburger.exec.ManagedProcess] mysqld: 2018-07-28  7:01:28 140471867451264 [ERROR] Aborting
[2018-07-28 09:01:28.270] [Exec Stream Pumper] [INFO ] [ch.vorburger.exec.ManagedProcess] mysqld: 
[2018-07-28 09:01:28.275] [Exec Default Executor] [ERROR] [ch.vorburger.exec.ManagedProcess] Program [/tmp/MariaDB4j/base/bin/mysqld, --no-defaults, --console, --skip-grant-tables, --max_allowed_packet=64M, --basedir=/tmp/MariaDB4j/base, --datadir=/tmp/MariaDB4j/data/36735, --port=36735, --socket=/tmp/MariaDB4j.36735.sock] (in working directory /tmp/MariaDB4j/base) failed unexpectedly
org.apache.commons.exec.ExecuteException: Process exited with an error: 1 (Exit value: 1)
	at org.apache.commons.exec.DefaultExecutor.executeInternal(DefaultExecutor.java:404) ~[commons-exec-1.3.jar:1.3]
	at org.apache.commons.exec.DefaultExecutor.access$200(DefaultExecutor.java:48) ~[commons-exec-1.3.jar:1.3]
	at org.apache.commons.exec.DefaultExecutor$1.run(DefaultExecutor.java:200) [commons-exec-1.3.jar:1.3]
	at java.lang.Thread.run(Thread.java:745) [?:1.8.0_121]
[2018-07-28 09:01:28.289] [main] [ERROR] [ch.vorburger.mariadb4j.DB] failed to start mysqld
ch.vorburger.exec.ManagedProcessException: Asked to wait for "mysqld: ready for connections." from Program [/tmp/MariaDB4j/base/bin/mysqld, --no-defaults, --console, --skip-grant-tables, --max_allowed_packet=64M, --basedir=/tmp/MariaDB4j/base, --datadir=/tmp/MariaDB4j/data/36735, --port=36735, --socket=/tmp/MariaDB4j.36735.sock] (in working directory /tmp/MariaDB4j/base), but it already exited! (without that message in console), last 100 lines of console:
2018-07-28  7:01:28 140471867451264 [Note] /tmp/MariaDB4j/base/bin/mysqld (mysqld 10.1.13-MariaDB) starting as process 3208 ...
2018-07-28  7:01:28 140471867451264 [ERROR] Fatal error: Please consult the Knowledge Base to find out how to run mysqld as root!

2018-07-28  7:01:28 140471867451264 [ERROR] Aborting

	at ch.vorburger.exec.ManagedProcess.startAndWaitForConsoleMessageMaxMs(ManagedProcess.java:263) ~[mariaDB4j-core-2.2.3.jar:?]
	at ch.vorburger.mariadb4j.DB.start(DB.java:148) ~[mariaDB4j-core-2.2.3.jar:?]
	at ch.vorburger.mariadb4j.MariaDB4jService.start(MariaDB4jService.java:67) ~[mariaDB4j-core-2.2.3.jar:?]
	at ch.vorburger.mariadb4j.springframework.MariaDB4jSpringService.start(MariaDB4jSpringService.java:96) ~[mariaDB4j-core-2.2.3.jar:?]
	at sun.reflect.GeneratedMethodAccessor52.invoke(Unknown Source) ~[?:?]
	at sun.reflect.DelegatingMethodAccessorImpl.invoke(DelegatingMethodAccessorImpl.java:43) ~[?:1.8.0_121]
	at java.lang.reflect.Method.invoke(Method.java:498) ~[?:1.8.0_121]
	at org.springframework.beans.factory.annotation.InitDestroyAnnotationBeanPostProcessor$LifecycleElement.invoke(InitDestroyAnnotationBeanPostProcessor.java:365) ~[spring-beans-5.0.7.RELEASE.jar:5.0.7.RELEASE]
	at org.springframework.beans.factory.annotation.InitDestroyAnnotationBeanPostProcessor$LifecycleMetadata.invokeInitMethods(InitDestroyAnnotationBeanPostProcessor.java:308) ~[spring-beans-5.0.7.RELEASE.jar:5.0.7.RELEASE]
	at org.springframework.beans.factory.annotation.InitDestroyAnnotationBeanPostProcessor.postProcessBeforeInitialization(InitDestroyAnnotationBeanPostProcessor.java:135) ~[spring-beans-5.0.7.RELEASE.jar:5.0.7.RELEASE]
	at org.springframework.beans.factory.support.AbstractAutowireCapableBeanFactory.applyBeanPostProcessorsBeforeInitialization(AbstractAutowireCapableBeanFactory.java:424) ~[spring-beans-5.0.7.RELEASE.jar:5.0.7.RELEASE]
	at org.springframework.beans.factory.support.AbstractAutowireCapableBeanFactory.initializeBean(AbstractAutowireCapableBeanFactory.java:1700) ~[spring-beans-5.0.7.RELEASE.jar:5.0.7.RELEASE]
	at org.springframework.beans.factory.support.AbstractAutowireCapableBeanFactory.doCreateBean(AbstractAutowireCapableBeanFactory.java:581) ~[spring-beans-5.0.7.RELEASE.jar:5.0.7.RELEASE]
	at org.springframework.beans.factory.support.AbstractAutowireCapableBeanFactory.createBean(AbstractAutowireCapableBeanFactory.java:503) ~[spring-beans-5.0.7.RELEASE.jar:5.0.7.RELEASE]
	at org.springframework.beans.factory.support.AbstractBeanFactory.lambda$doGetBean$0(AbstractBeanFactory.java:317) ~[spring-beans-5.0.7.RELEASE.jar:5.0.7.RELEASE]
	at org.springframework.beans.factory.support.DefaultSingletonBeanRegistry.getSingleton(DefaultSingletonBeanRegistry.java:222) ~[spring-beans-5.0.7.RELEASE.jar:5.0.7.RELEASE]
	at org.springframework.beans.factory.support.AbstractBeanFactory.doGetBean(AbstractBeanFactory.java:315) ~[spring-beans-5.0.7.RELEASE.jar:5.0.7.RELEASE]
	at org.springframework.beans.factory.support.AbstractBeanFactory.getBean(AbstractBeanFactory.java:199) ~[spring-beans-5.0.7.RELEASE.jar:5.0.7.RELEASE]
	at org.springframework.beans.factory.config.DependencyDescriptor.resolveCandidate(DependencyDescriptor.java:251) ~[spring-beans-5.0.7.RELEASE.jar:5.0.7.RELEASE]
	at org.springframework.beans.factory.support.DefaultListableBeanFactory.doResolveDependency(DefaultListableBeanFactory.java:1138) ~[spring-beans-5.0.7.RELEASE.jar:5.0.7.RELEASE]
	at org.springframework.beans.factory.support.DefaultListableBeanFactory.resolveDependency(DefaultListableBeanFactory.java:1065) ~[spring-beans-5.0.7.RELEASE.jar:5.0.7.RELEASE]
	at org.springframework.beans.factory.support.ConstructorResolver.resolveAutowiredArgument(ConstructorResolver.java:818) ~[spring-beans-5.0.7.RELEASE.jar:5.0.7.RELEASE]
	at org.springframework.beans.factory.support.ConstructorResolver.createArgumentArray(ConstructorResolver.java:724) ~[spring-beans-5.0.7.RELEASE.jar:5.0.7.RELEASE]
	at org.springframework.beans.factory.support.ConstructorResolver.instantiateUsingFactoryMethod(ConstructorResolver.java:474) ~[spring-beans-5.0.7.RELEASE.jar:5.0.7.RELEASE]
	at org.springframework.beans.factory.support.AbstractAutowireCapableBeanFactory.instantiateUsingFactoryMethod(AbstractAutowireCapableBeanFactory.java:1256) ~[spring-beans-5.0.7.RELEASE.jar:5.0.7.RELEASE]
	at org.springframework.beans.factory.support.AbstractAutowireCapableBeanFactory.createBeanInstance(AbstractAutowireCapableBeanFactory.java:1105) ~[spring-beans-5.0.7.RELEASE.jar:5.0.7.RELEASE]
	at org.springframework.beans.factory.support.AbstractAutowireCapableBeanFactory.doCreateBean(AbstractAutowireCapableBeanFactory.java:543) ~[spring-beans-5.0.7.RELEASE.jar:5.0.7.RELEASE]
	at org.springframework.beans.factory.support.AbstractAutowireCapableBeanFactory.createBean(AbstractAutowireCapableBeanFactory.java:503) ~[spring-beans-5.0.7.RELEASE.jar:5.0.7.RELEASE]
	at org.springframework.beans.factory.support.AbstractBeanFactory.lambda$doGetBean$0(AbstractBeanFactory.java:317) ~[spring-beans-5.0.7.RELEASE.jar:5.0.7.RELEASE]
	at org.springframework.beans.factory.support.DefaultSingletonBeanRegistry.getSingleton(DefaultSingletonBeanRegistry.java:222) ~[spring-beans-5.0.7.RELEASE.jar:5.0.7.RELEASE]
	at org.springframework.beans.factory.support.AbstractBeanFactory.doGetBean(AbstractBeanFactory.java:315) ~[spring-beans-5.0.7.RELEASE.jar:5.0.7.RELEASE]
	at org.springframework.beans.factory.support.AbstractBeanFactory.getBean(AbstractBeanFactory.java:199) ~[spring-beans-5.0.7.RELEASE.jar:5.0.7.RELEASE]
	at org.springframework.beans.factory.config.DependencyDescriptor.resolveCandidate(DependencyDescriptor.java:251) ~[spring-beans-5.0.7.RELEASE.jar:5.0.7.RELEASE]
	at org.springframework.beans.factory.support.DefaultListableBeanFactory.doResolveDependency(DefaultListableBeanFactory.java:1138) ~[spring-beans-5.0.7.RELEASE.jar:5.0.7.RELEASE]
	at org.springframework.beans.factory.support.DefaultListableBeanFactory.resolveDependency(DefaultListableBeanFactory.java:1065) ~[spring-beans-5.0.7.RELEASE.jar:5.0.7.RELEASE]
	at org.springframework.beans.factory.annotation.AutowiredAnnotationBeanPostProcessor$AutowiredFieldElement.inject(AutowiredAnnotationBeanPostProcessor.java:584) ~[spring-beans-5.0.7.RELEASE.jar:5.0.7.RELEASE]
	at org.springframework.beans.factory.annotation.InjectionMetadata.inject(InjectionMetadata.java:91) ~[spring-beans-5.0.7.RELEASE.jar:5.0.7.RELEASE]
	at org.springframework.beans.factory.annotation.AutowiredAnnotationBeanPostProcessor.postProcessPropertyValues(AutowiredAnnotationBeanPostProcessor.java:373) ~[spring-beans-5.0.7.RELEASE.jar:5.0.7.RELEASE]
	at org.springframework.beans.factory.support.AbstractAutowireCapableBeanFactory.populateBean(AbstractAutowireCapableBeanFactory.java:1350) ~[spring-beans-5.0.7.RELEASE.jar:5.0.7.RELEASE]
	at org.springframework.beans.factory.support.AbstractAutowireCapableBeanFactory.doCreateBean(AbstractAutowireCapableBeanFactory.java:580) ~[spring-beans-5.0.7.RELEASE.jar:5.0.7.RELEASE]
	at org.springframework.beans.factory.support.AbstractAutowireCapableBeanFactory.createBean(AbstractAutowireCapableBeanFactory.java:503) ~[spring-beans-5.0.7.RELEASE.jar:5.0.7.RELEASE]
	at org.springframework.beans.factory.support.AbstractBeanFactory.lambda$doGetBean$0(AbstractBeanFactory.java:317) ~[spring-beans-5.0.7.RELEASE.jar:5.0.7.RELEASE]
	at org.springframework.beans.factory.support.DefaultSingletonBeanRegistry.getSingleton(DefaultSingletonBeanRegistry.java:222) [spring-beans-5.0.7.RELEASE.jar:5.0.7.RELEASE]
	at org.springframework.beans.factory.support.AbstractBeanFactory.doGetBean(AbstractBeanFactory.java:315) [spring-beans-5.0.7.RELEASE.jar:5.0.7.RELEASE]
	at org.springframework.beans.factory.support.AbstractBeanFactory.getBean(AbstractBeanFactory.java:199) [spring-beans-5.0.7.RELEASE.jar:5.0.7.RELEASE]
	at org.springframework.beans.factory.support.DefaultListableBeanFactory.preInstantiateSingletons(DefaultListableBeanFactory.java:760) [spring-beans-5.0.7.RELEASE.jar:5.0.7.RELEASE]
	at org.springframework.context.support.AbstractApplicationContext.finishBeanFactoryInitialization(AbstractApplicationContext.java:869) [spring-context-5.0.7.RELEASE.jar:5.0.7.RELEASE]
	at org.springframework.context.support.AbstractApplicationContext.refresh(AbstractApplicationContext.java:550) [spring-context-5.0.7.RELEASE.jar:5.0.7.RELEASE]
	at org.springframework.test.context.support.AbstractGenericContextLoader.loadContext(AbstractGenericContextLoader.java:128) [spring-test-5.0.4.RELEASE.jar:5.0.4.RELEASE]
	at org.springframework.test.context.support.AbstractGenericContextLoader.loadContext(AbstractGenericContextLoader.java:60) [spring-test-5.0.4.RELEASE.jar:5.0.4.RELEASE]
	at org.springframework.test.context.support.AbstractDelegatingSmartContextLoader.delegateLoading(AbstractDelegatingSmartContextLoader.java:107) [spring-test-5.0.4.RELEASE.jar:5.0.4.RELEASE]
	at org.springframework.test.context.support.AbstractDelegatingSmartContextLoader.loadContext(AbstractDelegatingSmartContextLoader.java:243) [spring-test-5.0.4.RELEASE.jar:5.0.4.RELEASE]
	at org.springframework.test.context.cache.DefaultCacheAwareContextLoaderDelegate.loadContextInternal(DefaultCacheAwareContextLoaderDelegate.java:99) [spring-test-5.0.4.RELEASE.jar:5.0.4.RELEASE]
	at org.springframework.test.context.cache.DefaultCacheAwareContextLoaderDelegate.loadContext(DefaultCacheAwareContextLoaderDelegate.java:117) [spring-test-5.0.4.RELEASE.jar:5.0.4.RELEASE]
	at org.springframework.test.context.support.DefaultTestContext.getApplicationContext(DefaultTestContext.java:107) [spring-test-5.0.4.RELEASE.jar:5.0.4.RELEASE]
	at org.springframework.test.context.support.DependencyInjectionTestExecutionListener.injectDependencies(DependencyInjectionTestExecutionListener.java:117) [spring-test-5.0.4.RELEASE.jar:5.0.4.RELEASE]
	at org.springframework.test.context.support.DependencyInjectionTestExecutionListener.prepareTestInstance(DependencyInjectionTestExecutionListener.java:83) [spring-test-5.0.4.RELEASE.jar:5.0.4.RELEASE]
	at org.springframework.test.context.TestContextManager.prepareTestInstance(TestContextManager.java:242) [spring-test-5.0.4.RELEASE.jar:5.0.4.RELEASE]
	at org.springframework.test.context.junit4.SpringJUnit4ClassRunner.createTest(SpringJUnit4ClassRunner.java:227) [spring-test-5.0.4.RELEASE.jar:5.0.4.RELEASE]
	at org.springframework.test.context.junit4.SpringJUnit4ClassRunner$1.runReflectiveCall(SpringJUnit4ClassRunner.java:289) [spring-test-5.0.4.RELEASE.jar:5.0.4.RELEASE]
	at org.junit.internal.runners.model.ReflectiveCallable.run(ReflectiveCallable.java:12) [junit-4.12.jar:4.12]
	at org.springframework.test.context.junit4.SpringJUnit4ClassRunner.methodBlock(SpringJUnit4ClassRunner.java:291) [spring-test-5.0.4.RELEASE.jar:5.0.4.RELEASE]
	at org.springframework.test.context.junit4.SpringJUnit4ClassRunner.runChild(SpringJUnit4ClassRunner.java:246) [spring-test-5.0.4.RELEASE.jar:5.0.4.RELEASE]
	at org.springframework.test.context.junit4.SpringJUnit4ClassRunner.runChild(SpringJUnit4ClassRunner.java:97) [spring-test-5.0.4.RELEASE.jar:5.0.4.RELEASE]
	at org.junit.runners.ParentRunner$3.run(ParentRunner.java:290) [junit-4.12.jar:4.12]
	at org.junit.runners.ParentRunner$1.schedule(ParentRunner.java:71) [junit-4.12.jar:4.12]
	at org.junit.runners.ParentRunner.runChildren(ParentRunner.java:288) [junit-4.12.jar:4.12]
	at org.junit.runners.ParentRunner.access$000(ParentRunner.java:58) [junit-4.12.jar:4.12]
	at org.junit.runners.ParentRunner$2.evaluate(ParentRunner.java:268) [junit-4.12.jar:4.12]
	at org.springframework.test.context.junit4.statements.RunBeforeTestClassCallbacks.evaluate(RunBeforeTestClassCallbacks.java:61) [spring-test-5.0.4.RELEASE.jar:5.0.4.RELEASE]
	at org.springframework.test.context.junit4.statements.RunAfterTestClassCallbacks.evaluate(RunAfterTestClassCallbacks.java:70) [spring-test-5.0.4.RELEASE.jar:5.0.4.RELEASE]
	at org.junit.runners.ParentRunner.run(ParentRunner.java:363) [junit-4.12.jar:4.12]
	at org.springframework.test.context.junit4.SpringJUnit4ClassRunner.run(SpringJUnit4ClassRunner.java:190) [spring-test-5.0.4.RELEASE.jar:5.0.4.RELEASE]
	at org.apache.maven.surefire.junit4.JUnit4Provider.execute(JUnit4Provider.java:365) [surefire-junit4-2.21.0.jar:2.21.0]
	at org.apache.maven.surefire.junit4.JUnit4Provider.executeWithRerun(JUnit4Provider.java:273) [surefire-junit4-2.21.0.jar:2.21.0]
	at org.apache.maven.surefire.junit4.JUnit4Provider.executeTestSet(JUnit4Provider.java:238) [surefire-junit4-2.21.0.jar:2.21.0]
	at org.apache.maven.surefire.junit4.JUnit4Provider.invoke(JUnit4Provider.java:159) [surefire-junit4-2.21.0.jar:2.21.0]
	at org.apache.maven.surefire.booter.ForkedBooter.invokeProviderInSameClassLoader(ForkedBooter.java:379) [surefire-booter-2.21.0.jar:2.21.0]
	at org.apache.maven.surefire.booter.ForkedBooter.runSuitesInProcess(ForkedBooter.java:340) [surefire-booter-2.21.0.jar:2.21.0]
	at org.apache.maven.surefire.booter.ForkedBooter.execute(ForkedBooter.java:125) [surefire-booter-2.21.0.jar:2.21.0]
	at org.apache.maven.surefire.booter.ForkedBooter.main(ForkedBooter.java:413) [surefire-booter-2.21.0.jar:2.21.0]
[2018-07-28 09:01:28.296] [main] [ERROR] [org.springframework.test.context.TestContextManager] Caught exception while allowing TestExecutionListener [org.springframework.test.context.support.DependencyInjectionTestExecutionListener@2e26173] to prepare test instance [com.gunnarro.dietmanager.service.DietManagerServiceTest@5de5e95]
java.lang.IllegalStateException: Failed to load ApplicationContext
	at org.springframework.test.context.cache.DefaultCacheAwareContextLoaderDelegate.loadContext(DefaultCacheAwareContextLoaderDelegate.java:125) ~[spring-test-5.0.4.RELEASE.jar:5.0.4.RELEASE]
	at org.springframework.test.context.support.DefaultTestContext.getApplicationContext(DefaultTestContext.java:107) ~[spring-test-5.0.4.RELEASE.jar:5.0.4.RELEASE]
	at org.springframework.test.context.support.DependencyInjectionTestExecutionListener.injectDependencies(DependencyInjectionTestExecutionListener.java:117) ~[spring-test-5.0.4.RELEASE.jar:5.0.4.RELEASE]
	at org.springframework.test.context.support.DependencyInjectionTestExecutionListener.prepareTestInstance(DependencyInjectionTestExecutionListener.java:83) ~[spring-test-5.0.4.RELEASE.jar:5.0.4.RELEASE]
	at org.springframework.test.context.TestContextManager.prepareTestInstance(TestContextManager.java:242) [spring-test-5.0.4.RELEASE.jar:5.0.4.RELEASE]
	at org.springframework.test.context.junit4.SpringJUnit4ClassRunner.createTest(SpringJUnit4ClassRunner.java:227) [spring-test-5.0.4.RELEASE.jar:5.0.4.RELEASE]
	at org.springframework.test.context.junit4.SpringJUnit4ClassRunner$1.runReflectiveCall(SpringJUnit4ClassRunner.java:289) [spring-test-5.0.4.RELEASE.jar:5.0.4.RELEASE]
	at org.junit.internal.runners.model.ReflectiveCallable.run(ReflectiveCallable.java:12) [junit-4.12.jar:4.12]
	at org.springframework.test.context.junit4.SpringJUnit4ClassRunner.methodBlock(SpringJUnit4ClassRunner.java:291) [spring-test-5.0.4.RELEASE.jar:5.0.4.RELEASE]
	at org.springframework.test.context.junit4.SpringJUnit4ClassRunner.runChild(SpringJUnit4ClassRunner.java:246) [spring-test-5.0.4.RELEASE.jar:5.0.4.RELEASE]
	at org.springframework.test.context.junit4.SpringJUnit4ClassRunner.runChild(SpringJUnit4ClassRunner.java:97) [spring-test-5.0.4.RELEASE.jar:5.0.4.RELEASE]
	at org.junit.runners.ParentRunner$3.run(ParentRunner.java:290) [junit-4.12.jar:4.12]
	at org.junit.runners.ParentRunner$1.schedule(ParentRunner.java:71) [junit-4.12.jar:4.12]
	at org.junit.runners.ParentRunner.runChildren(ParentRunner.java:288) [junit-4.12.jar:4.12]
	at org.junit.runners.ParentRunner.access$000(ParentRunner.java:58) [junit-4.12.jar:4.12]
	at org.junit.runners.ParentRunner$2.evaluate(ParentRunner.java:268) [junit-4.12.jar:4.12]
	at org.springframework.test.context.junit4.statements.RunBeforeTestClassCallbacks.evaluate(RunBeforeTestClassCallbacks.java:61) [spring-test-5.0.4.RELEASE.jar:5.0.4.RELEASE]
	at org.springframework.test.context.junit4.statements.RunAfterTestClassCallbacks.evaluate(RunAfterTestClassCallbacks.java:70) [spring-test-5.0.4.RELEASE.jar:5.0.4.RELEASE]
	at org.junit.runners.ParentRunner.run(ParentRunner.java:363) [junit-4.12.jar:4.12]
	at org.springframework.test.context.junit4.SpringJUnit4ClassRunner.run(SpringJUnit4ClassRunner.java:190) [spring-test-5.0.4.RELEASE.jar:5.0.4.RELEASE]
	at org.apache.maven.surefire.junit4.JUnit4Provider.execute(JUnit4Provider.java:365) [surefire-junit4-2.21.0.jar:2.21.0]
	at org.apache.maven.surefire.junit4.JUnit4Provider.executeWithRerun(JUnit4Provider.java:273) [surefire-junit4-2.21.0.jar:2.21.0]
	at org.apache.maven.surefire.junit4.JUnit4Provider.executeTestSet(JUnit4Provider.java:238) [surefire-junit4-2.21.0.jar:2.21.0]
	at org.apache.maven.surefire.junit4.JUnit4Provider.invoke(JUnit4Provider.java:159) [surefire-junit4-2.21.0.jar:2.21.0]
	at org.apache.maven.surefire.booter.ForkedBooter.invokeProviderInSameClassLoader(ForkedBooter.java:379) [surefire-booter-2.21.0.jar:2.21.0]
	at org.apache.maven.surefire.booter.ForkedBooter.runSuitesInProcess(ForkedBooter.java:340) [surefire-booter-2.21.0.jar:2.21.0]
	at org.apache.maven.surefire.booter.ForkedBooter.execute(ForkedBooter.java:125) [surefire-booter-2.21.0.jar:2.21.0]
	at org.apache.maven.surefire.booter.ForkedBooter.main(ForkedBooter.java:413) [surefire-booter-2.21.0.jar:2.21.0]
Caused by: org.springframework.beans.factory.UnsatisfiedDependencyException: Error creating bean with name 'testRepositoryConfiguration': Unsatisfied dependency expressed through field 'dataSource'; nested exception is org.springframework.beans.factory.UnsatisfiedDependencyException: Error creating bean with name 'dietManagerDataSource' defined in com.gunnarro.dietmanager.config.TestMariDBDataSourceConfiguration: Unsatisfied dependency expressed through method 'dietManagerDataSource' parameter 0; nested exception is org.springframework.beans.factory.BeanCreationException: Error creating bean with name 'mariaDB4jSpringService': Invocation of init method failed; nested exception is java.lang.IllegalStateException: MariaDB4jSpringService start() failed
	at org.springframework.beans.factory.annotation.AutowiredAnnotationBeanPostProcessor$AutowiredFieldElement.inject(AutowiredAnnotationBeanPostProcessor.java:587) ~[spring-beans-5.0.7.RELEASE.jar:5.0.7.RELEASE]
	at org.springframework.beans.factory.annotation.InjectionMetadata.inject(InjectionMetadata.java:91) ~[spring-beans-5.0.7.RELEASE.jar:5.0.7.RELEASE]
	at org.springframework.beans.factory.annotation.AutowiredAnnotationBeanPostProcessor.postProcessPropertyValues(AutowiredAnnotationBeanPostProcessor.java:373) ~[spring-beans-5.0.7.RELEASE.jar:5.0.7.RELEASE]
	at org.springframework.beans.factory.support.AbstractAutowireCapableBeanFactory.populateBean(AbstractAutowireCapableBeanFactory.java:1350) ~[spring-beans-5.0.7.RELEASE.jar:5.0.7.RELEASE]
	at org.springframework.beans.factory.support.AbstractAutowireCapableBeanFactory.doCreateBean(AbstractAutowireCapableBeanFactory.java:580) ~[spring-beans-5.0.7.RELEASE.jar:5.0.7.RELEASE]
	at org.springframework.beans.factory.support.AbstractAutowireCapableBeanFactory.createBean(AbstractAutowireCapableBeanFactory.java:503) ~[spring-beans-5.0.7.RELEASE.jar:5.0.7.RELEASE]
	at org.springframework.beans.factory.support.AbstractBeanFactory.lambda$doGetBean$0(AbstractBeanFactory.java:317) ~[spring-beans-5.0.7.RELEASE.jar:5.0.7.RELEASE]
	at org.springframework.beans.factory.support.DefaultSingletonBeanRegistry.getSingleton(DefaultSingletonBeanRegistry.java:222) ~[spring-beans-5.0.7.RELEASE.jar:5.0.7.RELEASE]
	at org.springframework.beans.factory.support.AbstractBeanFactory.doGetBean(AbstractBeanFactory.java:315) ~[spring-beans-5.0.7.RELEASE.jar:5.0.7.RELEASE]
	at org.springframework.beans.factory.support.AbstractBeanFactory.getBean(AbstractBeanFactory.java:199) ~[spring-beans-5.0.7.RELEASE.jar:5.0.7.RELEASE]
	at org.springframework.beans.factory.support.DefaultListableBeanFactory.preInstantiateSingletons(DefaultListableBeanFactory.java:760) ~[spring-beans-5.0.7.RELEASE.jar:5.0.7.RELEASE]
	at org.springframework.context.support.AbstractApplicationContext.finishBeanFactoryInitialization(AbstractApplicationContext.java:869) ~[spring-context-5.0.7.RELEASE.jar:5.0.7.RELEASE]
	at org.springframework.context.support.AbstractApplicationContext.refresh(AbstractApplicationContext.java:550) ~[spring-context-5.0.7.RELEASE.jar:5.0.7.RELEASE]
	at org.springframework.test.context.support.AbstractGenericContextLoader.loadContext(AbstractGenericContextLoader.java:128) ~[spring-test-5.0.4.RELEASE.jar:5.0.4.RELEASE]
	at org.springframework.test.context.support.AbstractGenericContextLoader.loadContext(AbstractGenericContextLoader.java:60) ~[spring-test-5.0.4.RELEASE.jar:5.0.4.RELEASE]
	at org.springframework.test.context.support.AbstractDelegatingSmartContextLoader.delegateLoading(AbstractDelegatingSmartContextLoader.java:107) ~[spring-test-5.0.4.RELEASE.jar:5.0.4.RELEASE]
	at org.springframework.test.context.support.AbstractDelegatingSmartContextLoader.loadContext(AbstractDelegatingSmartContextLoader.java:243) ~[spring-test-5.0.4.RELEASE.jar:5.0.4.RELEASE]
	at org.springframework.test.context.cache.DefaultCacheAwareContextLoaderDelegate.loadContextInternal(DefaultCacheAwareContextLoaderDelegate.java:99) ~[spring-test-5.0.4.RELEASE.jar:5.0.4.RELEASE]
	at org.springframework.test.context.cache.DefaultCacheAwareContextLoaderDelegate.loadContext(DefaultCacheAwareContextLoaderDelegate.java:117) ~[spring-test-5.0.4.RELEASE.jar:5.0.4.RELEASE]
	... 27 more
Caused by: org.springframework.beans.factory.UnsatisfiedDependencyException: Error creating bean with name 'dietManagerDataSource' defined in com.gunnarro.dietmanager.config.TestMariDBDataSourceConfiguration: Unsatisfied dependency expressed through method 'dietManagerDataSource' parameter 0; nested exception is org.springframework.beans.factory.BeanCreationException: Error creating bean with name 'mariaDB4jSpringService': Invocation of init method failed; nested exception is java.lang.IllegalStateException: MariaDB4jSpringService start() failed
	at org.springframework.beans.factory.support.ConstructorResolver.createArgumentArray(ConstructorResolver.java:732) ~[spring-beans-5.0.7.RELEASE.jar:5.0.7.RELEASE]
	at org.springframework.beans.factory.support.ConstructorResolver.instantiateUsingFactoryMethod(ConstructorResolver.java:474) ~[spring-beans-5.0.7.RELEASE.jar:5.0.7.RELEASE]
	at org.springframework.beans.factory.support.AbstractAutowireCapableBeanFactory.instantiateUsingFactoryMethod(AbstractAutowireCapableBeanFactory.java:1256) ~[spring-beans-5.0.7.RELEASE.jar:5.0.7.RELEASE]
	at org.springframework.beans.factory.support.AbstractAutowireCapableBeanFactory.createBeanInstance(AbstractAutowireCapableBeanFactory.java:1105) ~[spring-beans-5.0.7.RELEASE.jar:5.0.7.RELEASE]
	at org.springframework.beans.factory.support.AbstractAutowireCapableBeanFactory.doCreateBean(AbstractAutowireCapableBeanFactory.java:543) ~[spring-beans-5.0.7.RELEASE.jar:5.0.7.RELEASE]
	at org.springframework.beans.factory.support.AbstractAutowireCapableBeanFactory.createBean(AbstractAutowireCapableBeanFactory.java:503) ~[spring-beans-5.0.7.RELEASE.jar:5.0.7.RELEASE]
	at org.springframework.beans.factory.support.AbstractBeanFactory.lambda$doGetBean$0(AbstractBeanFactory.java:317) ~[spring-beans-5.0.7.RELEASE.jar:5.0.7.RELEASE]
	at org.springframework.beans.factory.support.DefaultSingletonBeanRegistry.getSingleton(DefaultSingletonBeanRegistry.java:222) ~[spring-beans-5.0.7.RELEASE.jar:5.0.7.RELEASE]
	at org.springframework.beans.factory.support.AbstractBeanFactory.doGetBean(AbstractBeanFactory.java:315) ~[spring-beans-5.0.7.RELEASE.jar:5.0.7.RELEASE]
	at org.springframework.beans.factory.support.AbstractBeanFactory.getBean(AbstractBeanFactory.java:199) ~[spring-beans-5.0.7.RELEASE.jar:5.0.7.RELEASE]
	at org.springframework.beans.factory.config.DependencyDescriptor.resolveCandidate(DependencyDescriptor.java:251) ~[spring-beans-5.0.7.RELEASE.jar:5.0.7.RELEASE]
	at org.springframework.beans.factory.support.DefaultListableBeanFactory.doResolveDependency(DefaultListableBeanFactory.java:1138) ~[spring-beans-5.0.7.RELEASE.jar:5.0.7.RELEASE]
	at org.springframework.beans.factory.support.DefaultListableBeanFactory.resolveDependency(DefaultListableBeanFactory.java:1065) ~[spring-beans-5.0.7.RELEASE.jar:5.0.7.RELEASE]
	at org.springframework.beans.factory.annotation.AutowiredAnnotationBeanPostProcessor$AutowiredFieldElement.inject(AutowiredAnnotationBeanPostProcessor.java:584) ~[spring-beans-5.0.7.RELEASE.jar:5.0.7.RELEASE]
	at org.springframework.beans.factory.annotation.InjectionMetadata.inject(InjectionMetadata.java:91) ~[spring-beans-5.0.7.RELEASE.jar:5.0.7.RELEASE]
	at org.springframework.beans.factory.annotation.AutowiredAnnotationBeanPostProcessor.postProcessPropertyValues(AutowiredAnnotationBeanPostProcessor.java:373) ~[spring-beans-5.0.7.RELEASE.jar:5.0.7.RELEASE]
	at org.springframework.beans.factory.support.AbstractAutowireCapableBeanFactory.populateBean(AbstractAutowireCapableBeanFactory.java:1350) ~[spring-beans-5.0.7.RELEASE.jar:5.0.7.RELEASE]
	at org.springframework.beans.factory.support.AbstractAutowireCapableBeanFactory.doCreateBean(AbstractAutowireCapableBeanFactory.java:580) ~[spring-beans-5.0.7.RELEASE.jar:5.0.7.RELEASE]
	at org.springframework.beans.factory.support.AbstractAutowireCapableBeanFactory.createBean(AbstractAutowireCapableBeanFactory.java:503) ~[spring-beans-5.0.7.RELEASE.jar:5.0.7.RELEASE]
	at org.springframework.beans.factory.support.AbstractBeanFactory.lambda$doGetBean$0(AbstractBeanFactory.java:317) ~[spring-beans-5.0.7.RELEASE.jar:5.0.7.RELEASE]
	at org.springframework.beans.factory.support.DefaultSingletonBeanRegistry.getSingleton(DefaultSingletonBeanRegistry.java:222) ~[spring-beans-5.0.7.RELEASE.jar:5.0.7.RELEASE]
	at org.springframework.beans.factory.support.AbstractBeanFactory.doGetBean(AbstractBeanFactory.java:315) ~[spring-beans-5.0.7.RELEASE.jar:5.0.7.RELEASE]
	at org.springframework.beans.factory.support.AbstractBeanFactory.getBean(AbstractBeanFactory.java:199) ~[spring-beans-5.0.7.RELEASE.jar:5.0.7.RELEASE]
	at org.springframework.beans.factory.support.DefaultListableBeanFactory.preInstantiateSingletons(DefaultListableBeanFactory.java:760) ~[spring-beans-5.0.7.RELEASE.jar:5.0.7.RELEASE]
	at org.springframework.context.support.AbstractApplicationContext.finishBeanFactoryInitialization(AbstractApplicationContext.java:869) ~[spring-context-5.0.7.RELEASE.jar:5.0.7.RELEASE]
	at org.springframework.context.support.AbstractApplicationContext.refresh(AbstractApplicationContext.java:550) ~[spring-context-5.0.7.RELEASE.jar:5.0.7.RELEASE]
	at org.springframework.test.context.support.AbstractGenericContextLoader.loadContext(AbstractGenericContextLoader.java:128) ~[spring-test-5.0.4.RELEASE.jar:5.0.4.RELEASE]
	at org.springframework.test.context.support.AbstractGenericContextLoader.loadContext(AbstractGenericContextLoader.java:60) ~[spring-test-5.0.4.RELEASE.jar:5.0.4.RELEASE]
	at org.springframework.test.context.support.AbstractDelegatingSmartContextLoader.delegateLoading(AbstractDelegatingSmartContextLoader.java:107) ~[spring-test-5.0.4.RELEASE.jar:5.0.4.RELEASE]
	at org.springframework.test.context.support.AbstractDelegatingSmartContextLoader.loadContext(AbstractDelegatingSmartContextLoader.java:243) ~[spring-test-5.0.4.RELEASE.jar:5.0.4.RELEASE]
	at org.springframework.test.context.cache.DefaultCacheAwareContextLoaderDelegate.loadContextInternal(DefaultCacheAwareContextLoaderDelegate.java:99) ~[spring-test-5.0.4.RELEASE.jar:5.0.4.RELEASE]
	at org.springframework.test.context.cache.DefaultCacheAwareContextLoaderDelegate.loadContext(DefaultCacheAwareContextLoaderDelegate.java:117) ~[spring-test-5.0.4.RELEASE.jar:5.0.4.RELEASE]
	... 27 more
Caused by: org.springframework.beans.factory.BeanCreationException: Error creating bean with name 'mariaDB4jSpringService': Invocation of init method failed; nested exception is java.lang.IllegalStateException: MariaDB4jSpringService start() failed
	at org.springframework.beans.factory.annotation.InitDestroyAnnotationBeanPostProcessor.postProcessBeforeInitialization(InitDestroyAnnotationBeanPostProcessor.java:138) ~[spring-beans-5.0.7.RELEASE.jar:5.0.7.RELEASE]
	at org.springframework.beans.factory.support.AbstractAutowireCapableBeanFactory.applyBeanPostProcessorsBeforeInitialization(AbstractAutowireCapableBeanFactory.java:424) ~[spring-beans-5.0.7.RELEASE.jar:5.0.7.RELEASE]
	at org.springframework.beans.factory.support.AbstractAutowireCapableBeanFactory.initializeBean(AbstractAutowireCapableBeanFactory.java:1700) ~[spring-beans-5.0.7.RELEASE.jar:5.0.7.RELEASE]
	at org.springframework.beans.factory.support.AbstractAutowireCapableBeanFactory.doCreateBean(AbstractAutowireCapableBeanFactory.java:581) ~[spring-beans-5.0.7.RELEASE.jar:5.0.7.RELEASE]
	at org.springframework.beans.factory.support.AbstractAutowireCapableBeanFactory.createBean(AbstractAutowireCapableBeanFactory.java:503) ~[spring-beans-5.0.7.RELEASE.jar:5.0.7.RELEASE]
	at org.springframework.beans.factory.support.AbstractBeanFactory.lambda$doGetBean$0(AbstractBeanFactory.java:317) ~[spring-beans-5.0.7.RELEASE.jar:5.0.7.RELEASE]
	at org.springframework.beans.factory.support.DefaultSingletonBeanRegistry.getSingleton(DefaultSingletonBeanRegistry.java:222) ~[spring-beans-5.0.7.RELEASE.jar:5.0.7.RELEASE]
	at org.springframework.beans.factory.support.AbstractBeanFactory.doGetBean(AbstractBeanFactory.java:315) ~[spring-beans-5.0.7.RELEASE.jar:5.0.7.RELEASE]
	at org.springframework.beans.factory.support.AbstractBeanFactory.getBean(AbstractBeanFactory.java:199) ~[spring-beans-5.0.7.RELEASE.jar:5.0.7.RELEASE]
	at org.springframework.beans.factory.config.DependencyDescriptor.resolveCandidate(DependencyDescriptor.java:251) ~[spring-beans-5.0.7.RELEASE.jar:5.0.7.RELEASE]
	at org.springframework.beans.factory.support.DefaultListableBeanFactory.doResolveDependency(DefaultListableBeanFactory.java:1138) ~[spring-beans-5.0.7.RELEASE.jar:5.0.7.RELEASE]
	at org.springframework.beans.factory.support.DefaultListableBeanFactory.resolveDependency(DefaultListableBeanFactory.java:1065) ~[spring-beans-5.0.7.RELEASE.jar:5.0.7.RELEASE]
	at org.springframework.beans.factory.support.ConstructorResolver.resolveAutowiredArgument(ConstructorResolver.java:818) ~[spring-beans-5.0.7.RELEASE.jar:5.0.7.RELEASE]
	at org.springframework.beans.factory.support.ConstructorResolver.createArgumentArray(ConstructorResolver.java:724) ~[spring-beans-5.0.7.RELEASE.jar:5.0.7.RELEASE]
	at org.springframework.beans.factory.support.ConstructorResolver.instantiateUsingFactoryMethod(ConstructorResolver.java:474) ~[spring-beans-5.0.7.RELEASE.jar:5.0.7.RELEASE]
	at org.springframework.beans.factory.support.AbstractAutowireCapableBeanFactory.instantiateUsingFactoryMethod(AbstractAutowireCapableBeanFactory.java:1256) ~[spring-beans-5.0.7.RELEASE.jar:5.0.7.RELEASE]
	at org.springframework.beans.factory.support.AbstractAutowireCapableBeanFactory.createBeanInstance(AbstractAutowireCapableBeanFactory.java:1105) ~[spring-beans-5.0.7.RELEASE.jar:5.0.7.RELEASE]
	at org.springframework.beans.factory.support.AbstractAutowireCapableBeanFactory.doCreateBean(AbstractAutowireCapableBeanFactory.java:543) ~[spring-beans-5.0.7.RELEASE.jar:5.0.7.RELEASE]
	at org.springframework.beans.factory.support.AbstractAutowireCapableBeanFactory.createBean(AbstractAutowireCapableBeanFactory.java:503) ~[spring-beans-5.0.7.RELEASE.jar:5.0.7.RELEASE]
	at org.springframework.beans.factory.support.AbstractBeanFactory.lambda$doGetBean$0(AbstractBeanFactory.java:317) ~[spring-beans-5.0.7.RELEASE.jar:5.0.7.RELEASE]
	at org.springframework.beans.factory.support.DefaultSingletonBeanRegistry.getSingleton(DefaultSingletonBeanRegistry.java:222) ~[spring-beans-5.0.7.RELEASE.jar:5.0.7.RELEASE]
	at org.springframework.beans.factory.support.AbstractBeanFactory.doGetBean(AbstractBeanFactory.java:315) ~[spring-beans-5.0.7.RELEASE.jar:5.0.7.RELEASE]
	at org.springframework.beans.factory.support.AbstractBeanFactory.getBean(AbstractBeanFactory.java:199) ~[spring-beans-5.0.7.RELEASE.jar:5.0.7.RELEASE]
	at org.springframework.beans.factory.config.DependencyDescriptor.resolveCandidate(DependencyDescriptor.java:251) ~[spring-beans-5.0.7.RELEASE.jar:5.0.7.RELEASE]
	at org.springframework.beans.factory.support.DefaultListableBeanFactory.doResolveDependency(DefaultListableBeanFactory.java:1138) ~[spring-beans-5.0.7.RELEASE.jar:5.0.7.RELEASE]
	at org.springframework.beans.factory.support.DefaultListableBeanFactory.resolveDependency(DefaultListableBeanFactory.java:1065) ~[spring-beans-5.0.7.RELEASE.jar:5.0.7.RELEASE]
	at org.springframework.beans.factory.annotation.AutowiredAnnotationBeanPostProcessor$AutowiredFieldElement.inject(AutowiredAnnotationBeanPostProcessor.java:584) ~[spring-beans-5.0.7.RELEASE.jar:5.0.7.RELEASE]
	at org.springframework.beans.factory.annotation.InjectionMetadata.inject(InjectionMetadata.java:91) ~[spring-beans-5.0.7.RELEASE.jar:5.0.7.RELEASE]
	at org.springframework.beans.factory.annotation.AutowiredAnnotationBeanPostProcessor.postProcessPropertyValues(AutowiredAnnotationBeanPostProcessor.java:373) ~[spring-beans-5.0.7.RELEASE.jar:5.0.7.RELEASE]
	at org.springframework.beans.factory.support.AbstractAutowireCapableBeanFactory.populateBean(AbstractAutowireCapableBeanFactory.java:1350) ~[spring-beans-5.0.7.RELEASE.jar:5.0.7.RELEASE]
	at org.springframework.beans.factory.support.AbstractAutowireCapableBeanFactory.doCreateBean(AbstractAutowireCapableBeanFactory.java:580) ~[spring-beans-5.0.7.RELEASE.jar:5.0.7.RELEASE]
	at org.springframework.beans.factory.support.AbstractAutowireCapableBeanFactory.createBean(AbstractAutowireCapableBeanFactory.java:503) ~[spring-beans-5.0.7.RELEASE.jar:5.0.7.RELEASE]
	at org.springframework.beans.factory.support.AbstractBeanFactory.lambda$doGetBean$0(AbstractBeanFactory.java:317) ~[spring-beans-5.0.7.RELEASE.jar:5.0.7.RELEASE]
	at org.springframework.beans.factory.support.DefaultSingletonBeanRegistry.getSingleton(DefaultSingletonBeanRegistry.java:222) ~[spring-beans-5.0.7.RELEASE.jar:5.0.7.RELEASE]
	at org.springframework.beans.factory.support.AbstractBeanFactory.doGetBean(AbstractBeanFactory.java:315) ~[spring-beans-5.0.7.RELEASE.jar:5.0.7.RELEASE]
	at org.springframework.beans.factory.support.AbstractBeanFactory.getBean(AbstractBeanFactory.java:199) ~[spring-beans-5.0.7.RELEASE.jar:5.0.7.RELEASE]
	at org.springframework.beans.factory.support.DefaultListableBeanFactory.preInstantiateSingletons(DefaultListableBeanFactory.java:760) ~[spring-beans-5.0.7.RELEASE.jar:5.0.7.RELEASE]
	at org.springframework.context.support.AbstractApplicationContext.finishBeanFactoryInitialization(AbstractApplicationContext.java:869) ~[spring-context-5.0.7.RELEASE.jar:5.0.7.RELEASE]
	at org.springframework.context.support.AbstractApplicationContext.refresh(AbstractApplicationContext.java:550) ~[spring-context-5.0.7.RELEASE.jar:5.0.7.RELEASE]
	at org.springframework.test.context.support.AbstractGenericContextLoader.loadContext(AbstractGenericContextLoader.java:128) ~[spring-test-5.0.4.RELEASE.jar:5.0.4.RELEASE]
	at org.springframework.test.context.support.AbstractGenericContextLoader.loadContext(AbstractGenericContextLoader.java:60) ~[spring-test-5.0.4.RELEASE.jar:5.0.4.RELEASE]
	at org.springframework.test.context.support.AbstractDelegatingSmartContextLoader.delegateLoading(AbstractDelegatingSmartContextLoader.java:107) ~[spring-test-5.0.4.RELEASE.jar:5.0.4.RELEASE]
	at org.springframework.test.context.support.AbstractDelegatingSmartContextLoader.loadContext(AbstractDelegatingSmartContextLoader.java:243) ~[spring-test-5.0.4.RELEASE.jar:5.0.4.RELEASE]
	at org.springframework.test.context.cache.DefaultCacheAwareContextLoaderDelegate.loadContextInternal(DefaultCacheAwareContextLoaderDelegate.java:99) ~[spring-test-5.0.4.RELEASE.jar:5.0.4.RELEASE]
	at org.springframework.test.context.cache.DefaultCacheAwareContextLoaderDelegate.loadContext(DefaultCacheAwareContextLoaderDelegate.java:117) ~[spring-test-5.0.4.RELEASE.jar:5.0.4.RELEASE]
	... 27 more
Caused by: java.lang.IllegalStateException: MariaDB4jSpringService start() failed
	at ch.vorburger.mariadb4j.springframework.MariaDB4jSpringService.start(MariaDB4jSpringService.java:99) ~[mariaDB4j-core-2.2.3.jar:?]
	at sun.reflect.GeneratedMethodAccessor52.invoke(Unknown Source) ~[?:?]
	at sun.reflect.DelegatingMethodAccessorImpl.invoke(DelegatingMethodAccessorImpl.java:43) ~[?:1.8.0_121]
	at java.lang.reflect.Method.invoke(Method.java:498) ~[?:1.8.0_121]
	at org.springframework.beans.factory.annotation.InitDestroyAnnotationBeanPostProcessor$LifecycleElement.invoke(InitDestroyAnnotationBeanPostProcessor.java:365) ~[spring-beans-5.0.7.RELEASE.jar:5.0.7.RELEASE]
	at org.springframework.beans.factory.annotation.InitDestroyAnnotationBeanPostProcessor$LifecycleMetadata.invokeInitMethods(InitDestroyAnnotationBeanPostProcessor.java:308) ~[spring-beans-5.0.7.RELEASE.jar:5.0.7.RELEASE]
	at org.springframework.beans.factory.annotation.InitDestroyAnnotationBeanPostProcessor.postProcessBeforeInitialization(InitDestroyAnnotationBeanPostProcessor.java:135) ~[spring-beans-5.0.7.RELEASE.jar:5.0.7.RELEASE]
	at org.springframework.beans.factory.support.AbstractAutowireCapableBeanFactory.applyBeanPostProcessorsBeforeInitialization(AbstractAutowireCapableBeanFactory.java:424) ~[spring-beans-5.0.7.RELEASE.jar:5.0.7.RELEASE]
	at org.springframework.beans.factory.support.AbstractAutowireCapableBeanFactory.initializeBean(AbstractAutowireCapableBeanFactory.java:1700) ~[spring-beans-5.0.7.RELEASE.jar:5.0.7.RELEASE]
	at org.springframework.beans.factory.support.AbstractAutowireCapableBeanFactory.doCreateBean(AbstractAutowireCapableBeanFactory.java:581) ~[spring-beans-5.0.7.RELEASE.jar:5.0.7.RELEASE]
	at org.springframework.beans.factory.support.AbstractAutowireCapableBeanFactory.createBean(AbstractAutowireCapableBeanFactory.java:503) ~[spring-beans-5.0.7.RELEASE.jar:5.0.7.RELEASE]
	at org.springframework.beans.factory.support.AbstractBeanFactory.lambda$doGetBean$0(AbstractBeanFactory.java:317) ~[spring-beans-5.0.7.RELEASE.jar:5.0.7.RELEASE]
	at org.springframework.beans.factory.support.DefaultSingletonBeanRegistry.getSingleton(DefaultSingletonBeanRegistry.java:222) ~[spring-beans-5.0.7.RELEASE.jar:5.0.7.RELEASE]
	at org.springframework.beans.factory.support.AbstractBeanFactory.doGetBean(AbstractBeanFactory.java:315) ~[spring-beans-5.0.7.RELEASE.jar:5.0.7.RELEASE]
	at org.springframework.beans.factory.support.AbstractBeanFactory.getBean(AbstractBeanFactory.java:199) ~[spring-beans-5.0.7.RELEASE.jar:5.0.7.RELEASE]
	at org.springframework.beans.factory.config.DependencyDescriptor.resolveCandidate(DependencyDescriptor.java:251) ~[spring-beans-5.0.7.RELEASE.jar:5.0.7.RELEASE]
	at org.springframework.beans.factory.support.DefaultListableBeanFactory.doResolveDependency(DefaultListableBeanFactory.java:1138) ~[spring-beans-5.0.7.RELEASE.jar:5.0.7.RELEASE]
	at org.springframework.beans.factory.support.DefaultListableBeanFactory.resolveDependency(DefaultListableBeanFactory.java:1065) ~[spring-beans-5.0.7.RELEASE.jar:5.0.7.RELEASE]
	at org.springframework.beans.factory.support.ConstructorResolver.resolveAutowiredArgument(ConstructorResolver.java:818) ~[spring-beans-5.0.7.RELEASE.jar:5.0.7.RELEASE]
	at org.springframework.beans.factory.support.ConstructorResolver.createArgumentArray(ConstructorResolver.java:724) ~[spring-beans-5.0.7.RELEASE.jar:5.0.7.RELEASE]
	at org.springframework.beans.factory.support.ConstructorResolver.instantiateUsingFactoryMethod(ConstructorResolver.java:474) ~[spring-beans-5.0.7.RELEASE.jar:5.0.7.RELEASE]
	at org.springframework.beans.factory.support.AbstractAutowireCapableBeanFactory.instantiateUsingFactoryMethod(AbstractAutowireCapableBeanFactory.java:1256) ~[spring-beans-5.0.7.RELEASE.jar:5.0.7.RELEASE]
	at org.springframework.beans.factory.support.AbstractAutowireCapableBeanFactory.createBeanInstance(AbstractAutowireCapableBeanFactory.java:1105) ~[spring-beans-5.0.7.RELEASE.jar:5.0.7.RELEASE]
	at org.springframework.beans.factory.support.AbstractAutowireCapableBeanFactory.doCreateBean(AbstractAutowireCapableBeanFactory.java:543) ~[spring-beans-5.0.7.RELEASE.jar:5.0.7.RELEASE]
	at org.springframework.beans.factory.support.AbstractAutowireCapableBeanFactory.createBean(AbstractAutowireCapableBeanFactory.java:503) ~[spring-beans-5.0.7.RELEASE.jar:5.0.7.RELEASE]
	at org.springframework.beans.factory.support.AbstractBeanFactory.lambda$doGetBean$0(AbstractBeanFactory.java:317) ~[spring-beans-5.0.7.RELEASE.jar:5.0.7.RELEASE]
	at org.springframework.beans.factory.support.DefaultSingletonBeanRegistry.getSingleton(DefaultSingletonBeanRegistry.java:222) ~[spring-beans-5.0.7.RELEASE.jar:5.0.7.RELEASE]
	at org.springframework.beans.factory.support.AbstractBeanFactory.doGetBean(AbstractBeanFactory.java:315) ~[spring-beans-5.0.7.RELEASE.jar:5.0.7.RELEASE]
	at org.springframework.beans.factory.support.AbstractBeanFactory.getBean(AbstractBeanFactory.java:199) ~[spring-beans-5.0.7.RELEASE.jar:5.0.7.RELEASE]
	at org.springframework.beans.factory.config.DependencyDescriptor.resolveCandidate(DependencyDescriptor.java:251) ~[spring-beans-5.0.7.RELEASE.jar:5.0.7.RELEASE]
	at org.springframework.beans.factory.support.DefaultListableBeanFactory.doResolveDependency(DefaultListableBeanFactory.java:1138) ~[spring-beans-5.0.7.RELEASE.jar:5.0.7.RELEASE]
	at org.springframework.beans.factory.support.DefaultListableBeanFactory.resolveDependency(DefaultListableBeanFactory.java:1065) ~[spring-beans-5.0.7.RELEASE.jar:5.0.7.RELEASE]
	at org.springframework.beans.factory.annotation.AutowiredAnnotationBeanPostProcessor$AutowiredFieldElement.inject(AutowiredAnnotationBeanPostProcessor.java:584) ~[spring-beans-5.0.7.RELEASE.jar:5.0.7.RELEASE]
	at org.springframework.beans.factory.annotation.InjectionMetadata.inject(InjectionMetadata.java:91) ~[spring-beans-5.0.7.RELEASE.jar:5.0.7.RELEASE]
	at org.springframework.beans.factory.annotation.AutowiredAnnotationBeanPostProcessor.postProcessPropertyValues(AutowiredAnnotationBeanPostProcessor.java:373) ~[spring-beans-5.0.7.RELEASE.jar:5.0.7.RELEASE]
	at org.springframework.beans.factory.support.AbstractAutowireCapableBeanFactory.populateBean(AbstractAutowireCapableBeanFactory.java:1350) ~[spring-beans-5.0.7.RELEASE.jar:5.0.7.RELEASE]
	at org.springframework.beans.factory.support.AbstractAutowireCapableBeanFactory.doCreateBean(AbstractAutowireCapableBeanFactory.java:580) ~[spring-beans-5.0.7.RELEASE.jar:5.0.7.RELEASE]
	at org.springframework.beans.factory.support.AbstractAutowireCapableBeanFactory.createBean(AbstractAutowireCapableBeanFactory.java:503) ~[spring-beans-5.0.7.RELEASE.jar:5.0.7.RELEASE]
	at org.springframework.beans.factory.support.AbstractBeanFactory.lambda$doGetBean$0(AbstractBeanFactory.java:317) ~[spring-beans-5.0.7.RELEASE.jar:5.0.7.RELEASE]
	at org.springframework.beans.factory.support.DefaultSingletonBeanRegistry.getSingleton(DefaultSingletonBeanRegistry.java:222) ~[spring-beans-5.0.7.RELEASE.jar:5.0.7.RELEASE]
	at org.springframework.beans.factory.support.AbstractBeanFactory.doGetBean(AbstractBeanFactory.java:315) ~[spring-beans-5.0.7.RELEASE.jar:5.0.7.RELEASE]
	at org.springframework.beans.factory.support.AbstractBeanFactory.getBean(AbstractBeanFactory.java:199) ~[spring-beans-5.0.7.RELEASE.jar:5.0.7.RELEASE]
	at org.springframework.beans.factory.support.DefaultListableBeanFactory.preInstantiateSingletons(DefaultListableBeanFactory.java:760) ~[spring-beans-5.0.7.RELEASE.jar:5.0.7.RELEASE]
	at org.springframework.context.support.AbstractApplicationContext.finishBeanFactoryInitialization(AbstractApplicationContext.java:869) ~[spring-context-5.0.7.RELEASE.jar:5.0.7.RELEASE]
	at org.springframework.context.support.AbstractApplicationContext.refresh(AbstractApplicationContext.java:550) ~[spring-context-5.0.7.RELEASE.jar:5.0.7.RELEASE]
	at org.springframework.test.context.support.AbstractGenericContextLoader.loadContext(AbstractGenericContextLoader.java:128) ~[spring-test-5.0.4.RELEASE.jar:5.0.4.RELEASE]
	at org.springframework.test.context.support.AbstractGenericContextLoader.loadContext(AbstractGenericContextLoader.java:60) ~[spring-test-5.0.4.RELEASE.jar:5.0.4.RELEASE]
	at org.springframework.test.context.support.AbstractDelegatingSmartContextLoader.delegateLoading(AbstractDelegatingSmartContextLoader.java:107) ~[spring-test-5.0.4.RELEASE.jar:5.0.4.RELEASE]
	at org.springframework.test.context.support.AbstractDelegatingSmartContextLoader.loadContext(AbstractDelegatingSmartContextLoader.java:243) ~[spring-test-5.0.4.RELEASE.jar:5.0.4.RELEASE]
	at org.springframework.test.context.cache.DefaultCacheAwareContextLoaderDelegate.loadContextInternal(DefaultCacheAwareContextLoaderDelegate.java:99) ~[spring-test-5.0.4.RELEASE.jar:5.0.4.RELEASE]
	at org.springframework.test.context.cache.DefaultCacheAwareContextLoaderDelegate.loadContext(DefaultCacheAwareContextLoaderDelegate.java:117) ~[spring-test-5.0.4.RELEASE.jar:5.0.4.RELEASE]
	... 27 more
Caused by: ch.vorburger.exec.ManagedProcessException: An error occurred while starting the database
	at ch.vorburger.mariadb4j.DB.start(DB.java:151) ~[mariaDB4j-core-2.2.3.jar:?]
	at ch.vorburger.mariadb4j.MariaDB4jService.start(MariaDB4jService.java:67) ~[mariaDB4j-core-2.2.3.jar:?]
	at ch.vorburger.mariadb4j.springframework.MariaDB4jSpringService.start(MariaDB4jSpringService.java:96) ~[mariaDB4j-core-2.2.3.jar:?]
	at sun.reflect.GeneratedMethodAccessor52.invoke(Unknown Source) ~[?:?]
	at sun.reflect.DelegatingMethodAccessorImpl.invoke(DelegatingMethodAccessorImpl.java:43) ~[?:1.8.0_121]
	at java.lang.reflect.Method.invoke(Method.java:498) ~[?:1.8.0_121]
	at org.springframework.beans.factory.annotation.InitDestroyAnnotationBeanPostProcessor$LifecycleElement.invoke(InitDestroyAnnotationBeanPostProcessor.java:365) ~[spring-beans-5.0.7.RELEASE.jar:5.0.7.RELEASE]
	at org.springframework.beans.factory.annotation.InitDestroyAnnotationBeanPostProcessor$LifecycleMetadata.invokeInitMethods(InitDestroyAnnotationBeanPostProcessor.java:308) ~[spring-beans-5.0.7.RELEASE.jar:5.0.7.RELEASE]
	at org.springframework.beans.factory.annotation.InitDestroyAnnotationBeanPostProcessor.postProcessBeforeInitialization(InitDestroyAnnotationBeanPostProcessor.java:135) ~[spring-beans-5.0.7.RELEASE.jar:5.0.7.RELEASE]
	at org.springframework.beans.factory.support.AbstractAutowireCapableBeanFactory.applyBeanPostProcessorsBeforeInitialization(AbstractAutowireCapableBeanFactory.java:424) ~[spring-beans-5.0.7.RELEASE.jar:5.0.7.RELEASE]
	at org.springframework.beans.factory.support.AbstractAutowireCapableBeanFactory.initializeBean(AbstractAutowireCapableBeanFactory.java:1700) ~[spring-beans-5.0.7.RELEASE.jar:5.0.7.RELEASE]
	at org.springframework.beans.factory.support.AbstractAutowireCapableBeanFactory.doCreateBean(AbstractAutowireCapableBeanFactory.java:581) ~[spring-beans-5.0.7.RELEASE.jar:5.0.7.RELEASE]
	at org.springframework.beans.factory.support.AbstractAutowireCapableBeanFactory.createBean(AbstractAutowireCapableBeanFactory.java:503) ~[spring-beans-5.0.7.RELEASE.jar:5.0.7.RELEASE]
	at org.springframework.beans.factory.support.AbstractBeanFactory.lambda$doGetBean$0(AbstractBeanFactory.java:317) ~[spring-beans-5.0.7.RELEASE.jar:5.0.7.RELEASE]
	at org.springframework.beans.factory.support.DefaultSingletonBeanRegistry.getSingleton(DefaultSingletonBeanRegistry.java:222) ~[spring-beans-5.0.7.RELEASE.jar:5.0.7.RELEASE]
	at org.springframework.beans.factory.support.AbstractBeanFactory.doGetBean(AbstractBeanFactory.java:315) ~[spring-beans-5.0.7.RELEASE.jar:5.0.7.RELEASE]
	at org.springframework.beans.factory.support.AbstractBeanFactory.getBean(AbstractBeanFactory.java:199) ~[spring-beans-5.0.7.RELEASE.jar:5.0.7.RELEASE]
	at org.springframework.beans.factory.config.DependencyDescriptor.resolveCandidate(DependencyDescriptor.java:251) ~[spring-beans-5.0.7.RELEASE.jar:5.0.7.RELEASE]
	at org.springframework.beans.factory.support.DefaultListableBeanFactory.doResolveDependency(DefaultListableBeanFactory.java:1138) ~[spring-beans-5.0.7.RELEASE.jar:5.0.7.RELEASE]
	at org.springframework.beans.factory.support.DefaultListableBeanFactory.resolveDependency(DefaultListableBeanFactory.java:1065) ~[spring-beans-5.0.7.RELEASE.jar:5.0.7.RELEASE]
	at org.springframework.beans.factory.support.ConstructorResolver.resolveAutowiredArgument(ConstructorResolver.java:818) ~[spring-beans-5.0.7.RELEASE.jar:5.0.7.RELEASE]
	at org.springframework.beans.factory.support.ConstructorResolver.createArgumentArray(ConstructorResolver.java:724) ~[spring-beans-5.0.7.RELEASE.jar:5.0.7.RELEASE]
	at org.springframework.beans.factory.support.ConstructorResolver.instantiateUsingFactoryMethod(ConstructorResolver.java:474) ~[spring-beans-5.0.7.RELEASE.jar:5.0.7.RELEASE]
	at org.springframework.beans.factory.support.AbstractAutowireCapableBeanFactory.instantiateUsingFactoryMethod(AbstractAutowireCapableBeanFactory.java:1256) ~[spring-beans-5.0.7.RELEASE.jar:5.0.7.RELEASE]
	at org.springframework.beans.factory.support.AbstractAutowireCapableBeanFactory.createBeanInstance(AbstractAutowireCapableBeanFactory.java:1105) ~[spring-beans-5.0.7.RELEASE.jar:5.0.7.RELEASE]
	at org.springframework.beans.factory.support.AbstractAutowireCapableBeanFactory.doCreateBean(AbstractAutowireCapableBeanFactory.java:543) ~[spring-beans-5.0.7.RELEASE.jar:5.0.7.RELEASE]
	at org.springframework.beans.factory.support.AbstractAutowireCapableBeanFactory.createBean(AbstractAutowireCapableBeanFactory.java:503) ~[spring-beans-5.0.7.RELEASE.jar:5.0.7.RELEASE]
	at org.springframework.beans.factory.support.AbstractBeanFactory.lambda$doGetBean$0(AbstractBeanFactory.java:317) ~[spring-beans-5.0.7.RELEASE.jar:5.0.7.RELEASE]
	at org.springframework.beans.factory.support.DefaultSingletonBeanRegistry.getSingleton(DefaultSingletonBeanRegistry.java:222) ~[spring-beans-5.0.7.RELEASE.jar:5.0.7.RELEASE]
	at org.springframework.beans.factory.support.AbstractBeanFactory.doGetBean(AbstractBeanFactory.java:315) ~[spring-beans-5.0.7.RELEASE.jar:5.0.7.RELEASE]
	at org.springframework.beans.factory.support.AbstractBeanFactory.getBean(AbstractBeanFactory.java:199) ~[spring-beans-5.0.7.RELEASE.jar:5.0.7.RELEASE]
	at org.springframework.beans.factory.config.DependencyDescriptor.resolveCandidate(DependencyDescriptor.java:251) ~[spring-beans-5.0.7.RELEASE.jar:5.0.7.RELEASE]
	at org.springframework.beans.factory.support.DefaultListableBeanFactory.doResolveDependency(DefaultListableBeanFactory.java:1138) ~[spring-beans-5.0.7.RELEASE.jar:5.0.7.RELEASE]
	at org.springframework.beans.factory.support.DefaultListableBeanFactory.resolveDependency(DefaultListableBeanFactory.java:1065) ~[spring-beans-5.0.7.RELEASE.jar:5.0.7.RELEASE]
	at org.springframework.beans.factory.annotation.AutowiredAnnotationBeanPostProcessor$AutowiredFieldElement.inject(AutowiredAnnotationBeanPostProcessor.java:584) ~[spring-beans-5.0.7.RELEASE.jar:5.0.7.RELEASE]
	at org.springframework.beans.factory.annotation.InjectionMetadata.inject(InjectionMetadata.java:91) ~[spring-beans-5.0.7.RELEASE.jar:5.0.7.RELEASE]
	at org.springframework.beans.factory.annotation.AutowiredAnnotationBeanPostProcessor.postProcessPropertyValues(AutowiredAnnotationBeanPostProcessor.java:373) ~[spring-beans-5.0.7.RELEASE.jar:5.0.7.RELEASE]
	at org.springframework.beans.factory.support.AbstractAutowireCapableBeanFactory.populateBean(AbstractAutowireCapableBeanFactory.java:1350) ~[spring-beans-5.0.7.RELEASE.jar:5.0.7.RELEASE]
	at org.springframework.beans.factory.support.AbstractAutowireCapableBeanFactory.doCreateBean(AbstractAutowireCapableBeanFactory.java:580) ~[spring-beans-5.0.7.RELEASE.jar:5.0.7.RELEASE]
	at org.springframework.beans.factory.support.AbstractAutowireCapableBeanFactory.createBean(AbstractAutowireCapableBeanFactory.java:503) ~[spring-beans-5.0.7.RELEASE.jar:5.0.7.RELEASE]
	at org.springframework.beans.factory.support.AbstractBeanFactory.lambda$doGetBean$0(AbstractBeanFactory.java:317) ~[spring-beans-5.0.7.RELEASE.jar:5.0.7.RELEASE]
	at org.springframework.beans.factory.support.DefaultSingletonBeanRegistry.getSingleton(DefaultSingletonBeanRegistry.java:222) ~[spring-beans-5.0.7.RELEASE.jar:5.0.7.RELEASE]
	at org.springframework.beans.factory.support.AbstractBeanFactory.doGetBean(AbstractBeanFactory.java:315) ~[spring-beans-5.0.7.RELEASE.jar:5.0.7.RELEASE]
	at org.springframework.beans.factory.support.AbstractBeanFactory.getBean(AbstractBeanFactory.java:199) ~[spring-beans-5.0.7.RELEASE.jar:5.0.7.RELEASE]
	at org.springframework.beans.factory.support.DefaultListableBeanFactory.preInstantiateSingletons(DefaultListableBeanFactory.java:760) ~[spring-beans-5.0.7.RELEASE.jar:5.0.7.RELEASE]
	at org.springframework.context.support.AbstractApplicationContext.finishBeanFactoryInitialization(AbstractApplicationContext.java:869) ~[spring-context-5.0.7.RELEASE.jar:5.0.7.RELEASE]
	at org.springframework.context.support.AbstractApplicationContext.refresh(AbstractApplicationContext.java:550) ~[spring-context-5.0.7.RELEASE.jar:5.0.7.RELEASE]
	at org.springframework.test.context.support.AbstractGenericContextLoader.loadContext(AbstractGenericContextLoader.java:128) ~[spring-test-5.0.4.RELEASE.jar:5.0.4.RELEASE]
	at org.springframework.test.context.support.AbstractGenericContextLoader.loadContext(AbstractGenericContextLoader.java:60) ~[spring-test-5.0.4.RELEASE.jar:5.0.4.RELEASE]
	at org.springframework.test.context.support.AbstractDelegatingSmartContextLoader.delegateLoading(AbstractDelegatingSmartContextLoader.java:107) ~[spring-test-5.0.4.RELEASE.jar:5.0.4.RELEASE]
	at org.springframework.test.context.support.AbstractDelegatingSmartContextLoader.loadContext(AbstractDelegatingSmartContextLoader.java:243) ~[spring-test-5.0.4.RELEASE.jar:5.0.4.RELEASE]
	at org.springframework.test.context.cache.DefaultCacheAwareContextLoaderDelegate.loadContextInternal(DefaultCacheAwareContextLoaderDelegate.java:99) ~[spring-test-5.0.4.RELEASE.jar:5.0.4.RELEASE]
	at org.springframework.test.context.cache.DefaultCacheAwareContextLoaderDelegate.loadContext(DefaultCacheAwareContextLoaderDelegate.java:117) ~[spring-test-5.0.4.RELEASE.jar:5.0.4.RELEASE]
	... 27 more
Caused by: ch.vorburger.exec.ManagedProcessException: Asked to wait for "mysqld: ready for connections." from Program [/tmp/MariaDB4j/base/bin/mysqld, --no-defaults, --console, --skip-grant-tables, --max_allowed_packet=64M, --basedir=/tmp/MariaDB4j/base, --datadir=/tmp/MariaDB4j/data/36735, --port=36735, --socket=/tmp/MariaDB4j.36735.sock] (in working directory /tmp/MariaDB4j/base), but it already exited! (without that message in console), last 100 lines of console:
2018-07-28  7:01:28 140471867451264 [Note] /tmp/MariaDB4j/base/bin/mysqld (mysqld 10.1.13-MariaDB) starting as process 3208 ...
2018-07-28  7:01:28 140471867451264 [ERROR] Fatal error: Please consult the Knowledge Base to find out how to run mysqld as root!

2018-07-28  7:01:28 140471867451264 [ERROR] Aborting

	at ch.vorburger.exec.ManagedProcess.startAndWaitForConsoleMessageMaxMs(ManagedProcess.java:263) ~[mariaDB4j-core-2.2.3.jar:?]
	at ch.vorburger.mariadb4j.DB.start(DB.java:148) ~[mariaDB4j-core-2.2.3.jar:?]
	at ch.vorburger.mariadb4j.MariaDB4jService.start(MariaDB4jService.java:67) ~[mariaDB4j-core-2.2.3.jar:?]
	at ch.vorburger.mariadb4j.springframework.MariaDB4jSpringService.start(MariaDB4jSpringService.java:96) ~[mariaDB4j-core-2.2.3.jar:?]
	at sun.reflect.GeneratedMethodAccessor52.invoke(Unknown Source) ~[?:?]
	at sun.reflect.DelegatingMethodAccessorImpl.invoke(DelegatingMethodAccessorImpl.java:43) ~[?:1.8.0_121]
	at java.lang.reflect.Method.invoke(Method.java:498) ~[?:1.8.0_121]
	at org.springframework.beans.factory.annotation.InitDestroyAnnotationBeanPostProcessor$LifecycleElement.invoke(InitDestroyAnnotationBeanPostProcessor.java:365) ~[spring-beans-5.0.7.RELEASE.jar:5.0.7.RELEASE]
	at org.springframework.beans.factory.annotation.InitDestroyAnnotationBeanPostProcessor$LifecycleMetadata.invokeInitMethods(InitDestroyAnnotationBeanPostProcessor.java:308) ~[spring-beans-5.0.7.RELEASE.jar:5.0.7.RELEASE]
	at org.springframework.beans.factory.annotation.InitDestroyAnnotationBeanPostProcessor.postProcessBeforeInitialization(InitDestroyAnnotationBeanPostProcessor.java:135) ~[spring-beans-5.0.7.RELEASE.jar:5.0.7.RELEASE]
	at org.springframework.beans.factory.support.AbstractAutowireCapableBeanFactory.applyBeanPostProcessorsBeforeInitialization(AbstractAutowireCapableBeanFactory.java:424) ~[spring-beans-5.0.7.RELEASE.jar:5.0.7.RELEASE]
	at org.springframework.beans.factory.support.AbstractAutowireCapableBeanFactory.initializeBean(AbstractAutowireCapableBeanFactory.java:1700) ~[spring-beans-5.0.7.RELEASE.jar:5.0.7.RELEASE]
	at org.springframework.beans.factory.support.AbstractAutowireCapableBeanFactory.doCreateBean(AbstractAutowireCapableBeanFactory.java:581) ~[spring-beans-5.0.7.RELEASE.jar:5.0.7.RELEASE]
	at org.springframework.beans.factory.support.AbstractAutowireCapableBeanFactory.createBean(AbstractAutowireCapableBeanFactory.java:503) ~[spring-beans-5.0.7.RELEASE.jar:5.0.7.RELEASE]
	at org.springframework.beans.factory.support.AbstractBeanFactory.lambda$doGetBean$0(AbstractBeanFactory.java:317) ~[spring-beans-5.0.7.RELEASE.jar:5.0.7.RELEASE]
	at org.springframework.beans.factory.support.DefaultSingletonBeanRegistry.getSingleton(DefaultSingletonBeanRegistry.java:222) ~[spring-beans-5.0.7.RELEASE.jar:5.0.7.RELEASE]
	at org.springframework.beans.factory.support.AbstractBeanFactory.doGetBean(AbstractBeanFactory.java:315) ~[spring-beans-5.0.7.RELEASE.jar:5.0.7.RELEASE]
	at org.springframework.beans.factory.support.AbstractBeanFactory.getBean(AbstractBeanFactory.java:199) ~[spring-beans-5.0.7.RELEASE.jar:5.0.7.RELEASE]
	at org.springframework.beans.factory.config.DependencyDescriptor.resolveCandidate(DependencyDescriptor.java:251) ~[spring-beans-5.0.7.RELEASE.jar:5.0.7.RELEASE]
	at org.springframework.beans.factory.support.DefaultListableBeanFactory.doResolveDependency(DefaultListableBeanFactory.java:1138) ~[spring-beans-5.0.7.RELEASE.jar:5.0.7.RELEASE]
	at org.springframework.beans.factory.support.DefaultListableBeanFactory.resolveDependency(DefaultListableBeanFactory.java:1065) ~[spring-beans-5.0.7.RELEASE.jar:5.0.7.RELEASE]
	at org.springframework.beans.factory.support.ConstructorResolver.resolveAutowiredArgument(ConstructorResolver.java:818) ~[spring-beans-5.0.7.RELEASE.jar:5.0.7.RELEASE]
	at org.springframework.beans.factory.support.ConstructorResolver.createArgumentArray(ConstructorResolver.java:724) ~[spring-beans-5.0.7.RELEASE.jar:5.0.7.RELEASE]
	at org.springframework.beans.factory.support.ConstructorResolver.instantiateUsingFactoryMethod(ConstructorResolver.java:474) ~[spring-beans-5.0.7.RELEASE.jar:5.0.7.RELEASE]
	at org.springframework.beans.factory.support.AbstractAutowireCapableBeanFactory.instantiateUsingFactoryMethod(AbstractAutowireCapableBeanFactory.java:1256) ~[spring-beans-5.0.7.RELEASE.jar:5.0.7.RELEASE]
	at org.springframework.beans.factory.support.AbstractAutowireCapableBeanFactory.createBeanInstance(AbstractAutowireCapableBeanFactory.java:1105) ~[spring-beans-5.0.7.RELEASE.jar:5.0.7.RELEASE]
	at org.springframework.beans.factory.support.AbstractAutowireCapableBeanFactory.doCreateBean(AbstractAutowireCapableBeanFactory.java:543) ~[spring-beans-5.0.7.RELEASE.jar:5.0.7.RELEASE]
	at org.springframework.beans.factory.support.AbstractAutowireCapableBeanFactory.createBean(AbstractAutowireCapableBeanFactory.java:503) ~[spring-beans-5.0.7.RELEASE.jar:5.0.7.RELEASE]
	at org.springframework.beans.factory.support.AbstractBeanFactory.lambda$doGetBean$0(AbstractBeanFactory.java:317) ~[spring-beans-5.0.7.RELEASE.jar:5.0.7.RELEASE]
	at org.springframework.beans.factory.support.DefaultSingletonBeanRegistry.getSingleton(DefaultSingletonBeanRegistry.java:222) ~[spring-beans-5.0.7.RELEASE.jar:5.0.7.RELEASE]
	at org.springframework.beans.factory.support.AbstractBeanFactory.doGetBean(AbstractBeanFactory.java:315) ~[spring-beans-5.0.7.RELEASE.jar:5.0.7.RELEASE]
	at org.springframework.beans.factory.support.AbstractBeanFactory.getBean(AbstractBeanFactory.java:199) ~[spring-beans-5.0.7.RELEASE.jar:5.0.7.RELEASE]
	at org.springframework.beans.factory.config.DependencyDescriptor.resolveCandidate(DependencyDescriptor.java:251) ~[spring-beans-5.0.7.RELEASE.jar:5.0.7.RELEASE]
	at org.springframework.beans.factory.support.DefaultListableBeanFactory.doResolveDependency(DefaultListableBeanFactory.java:1138) ~[spring-beans-5.0.7.RELEASE.jar:5.0.7.RELEASE]
	at org.springframework.beans.factory.support.DefaultListableBeanFactory.resolveDependency(DefaultListableBeanFactory.java:1065) ~[spring-beans-5.0.7.RELEASE.jar:5.0.7.RELEASE]
	at org.springframework.beans.factory.annotation.AutowiredAnnotationBeanPostProcessor$AutowiredFieldElement.inject(AutowiredAnnotationBeanPostProcessor.java:584) ~[spring-beans-5.0.7.RELEASE.jar:5.0.7.RELEASE]
	at org.springframework.beans.factory.annotation.InjectionMetadata.inject(InjectionMetadata.java:91) ~[spring-beans-5.0.7.RELEASE.jar:5.0.7.RELEASE]
	at org.springframework.beans.factory.annotation.AutowiredAnnotationBeanPostProcessor.postProcessPropertyValues(AutowiredAnnotationBeanPostProcessor.java:373) ~[spring-beans-5.0.7.RELEASE.jar:5.0.7.RELEASE]
	at org.springframework.beans.factory.support.AbstractAutowireCapableBeanFactory.populateBean(AbstractAutowireCapableBeanFactory.java:1350) ~[spring-beans-5.0.7.RELEASE.jar:5.0.7.RELEASE]
	at org.springframework.beans.factory.support.AbstractAutowireCapableBeanFactory.doCreateBean(AbstractAutowireCapableBeanFactory.java:580) ~[spring-beans-5.0.7.RELEASE.jar:5.0.7.RELEASE]
	at org.springframework.beans.factory.support.AbstractAutowireCapableBeanFactory.createBean(AbstractAutowireCapableBeanFactory.java:503) ~[spring-beans-5.0.7.RELEASE.jar:5.0.7.RELEASE]
	at org.springframework.beans.factory.support.AbstractBeanFactory.lambda$doGetBean$0(AbstractBeanFactory.java:317) ~[spring-beans-5.0.7.RELEASE.jar:5.0.7.RELEASE]
	at org.springframework.beans.factory.support.DefaultSingletonBeanRegistry.getSingleton(DefaultSingletonBeanRegistry.java:222) ~[spring-beans-5.0.7.RELEASE.jar:5.0.7.RELEASE]
	at org.springframework.beans.factory.support.AbstractBeanFactory.doGetBean(AbstractBeanFactory.java:315) ~[spring-beans-5.0.7.RELEASE.jar:5.0.7.RELEASE]
	at org.springframework.beans.factory.support.AbstractBeanFactory.getBean(AbstractBeanFactory.java:199) ~[spring-beans-5.0.7.RELEASE.jar:5.0.7.RELEASE]
	at org.springframework.beans.factory.support.DefaultListableBeanFactory.preInstantiateSingletons(DefaultListableBeanFactory.java:760) ~[spring-beans-5.0.7.RELEASE.jar:5.0.7.RELEASE]
	at org.springframework.context.support.AbstractApplicationContext.finishBeanFactoryInitialization(AbstractApplicationContext.java:869) ~[spring-context-5.0.7.RELEASE.jar:5.0.7.RELEASE]
	at org.springframework.context.support.AbstractApplicationContext.refresh(AbstractApplicationContext.java:550) ~[spring-context-5.0.7.RELEASE.jar:5.0.7.RELEASE]
	at org.springframework.test.context.support.AbstractGenericContextLoader.loadContext(AbstractGenericContextLoader.java:128) ~[spring-test-5.0.4.RELEASE.jar:5.0.4.RELEASE]
	at org.springframework.test.context.support.AbstractGenericContextLoader.loadContext(AbstractGenericContextLoader.java:60) ~[spring-test-5.0.4.RELEASE.jar:5.0.4.RELEASE]
	at org.springframework.test.context.support.AbstractDelegatingSmartContextLoader.delegateLoading(AbstractDelegatingSmartContextLoader.java:107) ~[spring-test-5.0.4.RELEASE.jar:5.0.4.RELEASE]
	at org.springframework.test.context.support.AbstractDelegatingSmartContextLoader.loadContext(AbstractDelegatingSmartContextLoader.java:243) ~[spring-test-5.0.4.RELEASE.jar:5.0.4.RELEASE]
	at org.springframework.test.context.cache.DefaultCacheAwareContextLoaderDelegate.loadContextInternal(DefaultCacheAwareContextLoaderDelegate.java:99) ~[spring-test-5.0.4.RELEASE.jar:5.0.4.RELEASE]
	at org.springframework.test.context.cache.DefaultCacheAwareContextLoaderDelegate.loadContext(DefaultCacheAwareContextLoaderDelegate.java:117) ~[spring-test-5.0.4.RELEASE.jar:5.0.4.RELEASE]
	... 27 more
]]></system-out>
  </testcase>
  <testcase name="getBmiChartData" classname="com.gunnarro.dietmanager.service.DietManagerServiceTest" time="0">
    <error message="Failed to load ApplicationContext" type="java.lang.IllegalStateException">java.lang.IllegalStateException: Failed to load ApplicationContext
Caused by: org.springframework.beans.factory.UnsatisfiedDependencyException: Error creating bean with name 'testRepositoryConfiguration': Unsatisfied dependency expressed through field 'dataSource'; nested exception is org.springframework.beans.factory.UnsatisfiedDependencyException: Error creating bean with name 'dietManagerDataSource' defined in com.gunnarro.dietmanager.config.TestMariDBDataSourceConfiguration: Unsatisfied dependency expressed through method 'dietManagerDataSource' parameter 0; nested exception is org.springframework.beans.factory.BeanCreationException: Error creating bean with name 'mariaDB4jSpringService': Invocation of init method failed; nested exception is java.lang.IllegalStateException: MariaDB4jSpringService start() failed
Caused by: org.springframework.beans.factory.UnsatisfiedDependencyException: Error creating bean with name 'dietManagerDataSource' defined in com.gunnarro.dietmanager.config.TestMariDBDataSourceConfiguration: Unsatisfied dependency expressed through method 'dietManagerDataSource' parameter 0; nested exception is org.springframework.beans.factory.BeanCreationException: Error creating bean with name 'mariaDB4jSpringService': Invocation of init method failed; nested exception is java.lang.IllegalStateException: MariaDB4jSpringService start() failed
Caused by: org.springframework.beans.factory.BeanCreationException: Error creating bean with name 'mariaDB4jSpringService': Invocation of init method failed; nested exception is java.lang.IllegalStateException: MariaDB4jSpringService start() failed
Caused by: java.lang.IllegalStateException: MariaDB4jSpringService start() failed
Caused by: ch.vorburger.exec.ManagedProcessException: An error occurred while starting the database
Caused by: ch.vorburger.exec.ManagedProcessException: 
Asked to wait for "mysqld: ready for connections." from Program [/tmp/MariaDB4j/base/bin/mysqld, --no-defaults, --console, --skip-grant-tables, --max_allowed_packet=64M, --basedir=/tmp/MariaDB4j/base, --datadir=/tmp/MariaDB4j/data/38499, --port=38499, --socket=/tmp/MariaDB4j.38499.sock] (in working directory /tmp/MariaDB4j/base), but it already exited! (without that message in console), last 100 lines of console:
2018-07-28  7:01:37 139664068892544 [Note] /tmp/MariaDB4j/base/bin/mysqld (mysqld 10.1.13-MariaDB) starting as process 3348 ...
2018-07-28  7:01:37 139664068892544 [ERROR] Fatal error: Please consult the Knowledge Base to find out how to run mysqld as root!

2018-07-28  7:01:37 139664068892544 [ERROR] Aborting

</error>
    <system-out><![CDATA[[2018-07-28 09:01:28.360] [main] [INFO ] [ch.vorburger.mariadb4j.Util] Created directory: /tmp/MariaDB4j/data/38499
[2018-07-28 09:01:28.373] [main] [INFO ] [ch.vorburger.mariadb4j.DB] Installing a new embedded database to: /tmp/MariaDB4j/base
[2018-07-28 09:01:28.374] [main] [INFO ] [ch.vorburger.exec.ManagedProcess] Starting Program [/tmp/MariaDB4j/base/bin/mysql_install_db, --datadir=/tmp/MariaDB4j/data/38499, --basedir=/tmp/MariaDB4j/base, --no-defaults, --force, --skip-name-resolve] (in working directory /tmp/MariaDB4j/base)
[2018-07-28 09:01:28.432] [Exec Stream Pumper] [INFO ] [ch.vorburger.exec.ManagedProcess] mysql_install_db: Installing MariaDB/MySQL system tables in '/tmp/MariaDB4j/data/38499' ...
[2018-07-28 09:01:28.475] [main] [INFO ] [ch.vorburger.exec.ManagedProcess] Thread is now going to wait for this process to terminate itself: Program [/tmp/MariaDB4j/base/bin/mysql_install_db, --datadir=/tmp/MariaDB4j/data/38499, --basedir=/tmp/MariaDB4j/base, --no-defaults, --force, --skip-name-resolve] (in working directory /tmp/MariaDB4j/base)
[2018-07-28 09:01:28.550] [Exec Stream Pumper] [INFO ] [ch.vorburger.exec.ManagedProcess] mysql_install_db: 2018-07-28  7:01:28 140310825244544 [Note] /tmp/MariaDB4j/base/bin/mysqld (mysqld 10.1.13-MariaDB) starting as process 3244 ...
[2018-07-28 09:01:28.737] [Exec Stream Pumper] [INFO ] [ch.vorburger.exec.ManagedProcess] mysql_install_db: 2018-07-28  7:01:28 140310825244544 [Note] InnoDB: Using mutexes to ref count buffer pool pages
[2018-07-28 09:01:28.737] [Exec Stream Pumper] [INFO ] [ch.vorburger.exec.ManagedProcess] mysql_install_db: 2018-07-28  7:01:28 140310825244544 [Note] InnoDB: The InnoDB memory heap is disabled
[2018-07-28 09:01:28.737] [Exec Stream Pumper] [INFO ] [ch.vorburger.exec.ManagedProcess] mysql_install_db: 2018-07-28  7:01:28 140310825244544 [Note] InnoDB: Mutexes and rw_locks use GCC atomic builtins
[2018-07-28 09:01:28.737] [Exec Stream Pumper] [INFO ] [ch.vorburger.exec.ManagedProcess] mysql_install_db: 2018-07-28  7:01:28 140310825244544 [Note] InnoDB: Memory barrier is not used
[2018-07-28 09:01:28.737] [Exec Stream Pumper] [INFO ] [ch.vorburger.exec.ManagedProcess] mysql_install_db: 2018-07-28  7:01:28 140310825244544 [Note] InnoDB: Compressed tables use zlib 1.2.3
[2018-07-28 09:01:28.737] [Exec Stream Pumper] [INFO ] [ch.vorburger.exec.ManagedProcess] mysql_install_db: 2018-07-28  7:01:28 140310825244544 [Note] InnoDB: Using Linux native AIO
[2018-07-28 09:01:28.737] [Exec Stream Pumper] [INFO ] [ch.vorburger.exec.ManagedProcess] mysql_install_db: 2018-07-28  7:01:28 140310825244544 [Note] InnoDB: Using SSE crc32 instructions
[2018-07-28 09:01:28.740] [Exec Stream Pumper] [INFO ] [ch.vorburger.exec.ManagedProcess] mysql_install_db: 2018-07-28  7:01:28 140310825244544 [Note] InnoDB: Initializing buffer pool, size = 128.0M
[2018-07-28 09:01:28.756] [Exec Stream Pumper] [INFO ] [ch.vorburger.exec.ManagedProcess] mysql_install_db: 2018-07-28  7:01:28 140310825244544 [Note] InnoDB: Completed initialization of buffer pool
[2018-07-28 09:01:28.779] [Exec Stream Pumper] [INFO ] [ch.vorburger.exec.ManagedProcess] mysql_install_db: 2018-07-28  7:01:28 140310825244544 [Note] InnoDB: The first specified data file ./ibdata1 did not exist: a new database to be created!
[2018-07-28 09:01:28.779] [Exec Stream Pumper] [INFO ] [ch.vorburger.exec.ManagedProcess] mysql_install_db: 2018-07-28  7:01:28 140310825244544 [Note] InnoDB: Setting file ./ibdata1 size to 12 MB
[2018-07-28 09:01:28.779] [Exec Stream Pumper] [INFO ] [ch.vorburger.exec.ManagedProcess] mysql_install_db: 2018-07-28  7:01:28 140310825244544 [Note] InnoDB: Database physically writes the file full: wait...
[2018-07-28 09:01:28.919] [Exec Stream Pumper] [INFO ] [ch.vorburger.exec.ManagedProcess] mysql_install_db: 2018-07-28  7:01:28 140310825244544 [Note] InnoDB: Setting log file ./ib_logfile101 size to 48 MB
[2018-07-28 09:01:29.425] [Exec Stream Pumper] [INFO ] [ch.vorburger.exec.ManagedProcess] mysql_install_db: 2018-07-28  7:01:29 140310825244544 [Note] InnoDB: Setting log file ./ib_logfile1 size to 48 MB
[2018-07-28 09:01:29.988] [Exec Stream Pumper] [INFO ] [ch.vorburger.exec.ManagedProcess] mysql_install_db: 2018-07-28  7:01:29 140310825244544 [Note] InnoDB: Renaming log file ./ib_logfile101 to ./ib_logfile0
[2018-07-28 09:01:29.988] [Exec Stream Pumper] [INFO ] [ch.vorburger.exec.ManagedProcess] mysql_install_db: 2018-07-28  7:01:29 140310825244544 [Warning] InnoDB: New log files created, LSN=45883
[2018-07-28 09:01:29.988] [Exec Stream Pumper] [INFO ] [ch.vorburger.exec.ManagedProcess] mysql_install_db: 2018-07-28  7:01:29 140310825244544 [Note] InnoDB: Doublewrite buffer not found: creating new
[2018-07-28 09:01:30.054] [Exec Stream Pumper] [INFO ] [ch.vorburger.exec.ManagedProcess] mysql_install_db: 2018-07-28  7:01:30 140310825244544 [Note] InnoDB: Doublewrite buffer created
[2018-07-28 09:01:30.075] [Exec Stream Pumper] [INFO ] [ch.vorburger.exec.ManagedProcess] mysql_install_db: 2018-07-28  7:01:30 140310825244544 [Note] InnoDB: 128 rollback segment(s) are active.
[2018-07-28 09:01:30.075] [Exec Stream Pumper] [INFO ] [ch.vorburger.exec.ManagedProcess] mysql_install_db: 2018-07-28  7:01:30 140310825244544 [Warning] InnoDB: Creating foreign key constraint system tables.
[2018-07-28 09:01:30.107] [Exec Stream Pumper] [INFO ] [ch.vorburger.exec.ManagedProcess] mysql_install_db: 2018-07-28  7:01:30 140310825244544 [Note] InnoDB: Foreign key constraint system tables created
[2018-07-28 09:01:30.107] [Exec Stream Pumper] [INFO ] [ch.vorburger.exec.ManagedProcess] mysql_install_db: 2018-07-28  7:01:30 140310825244544 [Note] InnoDB: Creating tablespace and datafile system tables.
[2018-07-28 09:01:30.111] [Exec Stream Pumper] [INFO ] [ch.vorburger.exec.ManagedProcess] mysql_install_db: 2018-07-28  7:01:30 140310825244544 [Note] InnoDB: Tablespace and datafile system tables created.
[2018-07-28 09:01:30.111] [Exec Stream Pumper] [INFO ] [ch.vorburger.exec.ManagedProcess] mysql_install_db: 2018-07-28  7:01:30 140310825244544 [Note] InnoDB: Waiting for purge to start
[2018-07-28 09:01:30.162] [Exec Stream Pumper] [INFO ] [ch.vorburger.exec.ManagedProcess] mysql_install_db: 2018-07-28  7:01:30 140310825244544 [Note] InnoDB:  Percona XtraDB (http://www.percona.com) 5.6.28-76.1 started; log sequence number 0
[2018-07-28 09:01:30.256] [Exec Stream Pumper] [INFO ] [ch.vorburger.exec.ManagedProcess] mysql_install_db: 2018-07-28  7:01:30 140310109746944 [Note] InnoDB: Dumping buffer pool(s) not yet started
[2018-07-28 09:01:32.352] [Exec Stream Pumper] [INFO ] [ch.vorburger.exec.ManagedProcess] mysql_install_db: OK
[2018-07-28 09:01:32.353] [Exec Stream Pumper] [INFO ] [ch.vorburger.exec.ManagedProcess] mysql_install_db: Filling help tables...
[2018-07-28 09:01:32.469] [Exec Stream Pumper] [INFO ] [ch.vorburger.exec.ManagedProcess] mysql_install_db: 2018-07-28  7:01:32 139860635842432 [Note] /tmp/MariaDB4j/base/bin/mysqld (mysqld 10.1.13-MariaDB) starting as process 3280 ...
[2018-07-28 09:01:32.649] [Exec Stream Pumper] [INFO ] [ch.vorburger.exec.ManagedProcess] mysql_install_db: 2018-07-28  7:01:32 139860635842432 [Note] InnoDB: Using mutexes to ref count buffer pool pages
[2018-07-28 09:01:32.649] [Exec Stream Pumper] [INFO ] [ch.vorburger.exec.ManagedProcess] mysql_install_db: 2018-07-28  7:01:32 139860635842432 [Note] InnoDB: The InnoDB memory heap is disabled
[2018-07-28 09:01:32.649] [Exec Stream Pumper] [INFO ] [ch.vorburger.exec.ManagedProcess] mysql_install_db: 2018-07-28  7:01:32 139860635842432 [Note] InnoDB: Mutexes and rw_locks use GCC atomic builtins
[2018-07-28 09:01:32.649] [Exec Stream Pumper] [INFO ] [ch.vorburger.exec.ManagedProcess] mysql_install_db: 2018-07-28  7:01:32 139860635842432 [Note] InnoDB: Memory barrier is not used
[2018-07-28 09:01:32.649] [Exec Stream Pumper] [INFO ] [ch.vorburger.exec.ManagedProcess] mysql_install_db: 2018-07-28  7:01:32 139860635842432 [Note] InnoDB: Compressed tables use zlib 1.2.3
[2018-07-28 09:01:32.650] [Exec Stream Pumper] [INFO ] [ch.vorburger.exec.ManagedProcess] mysql_install_db: 2018-07-28  7:01:32 139860635842432 [Note] InnoDB: Using Linux native AIO
[2018-07-28 09:01:32.650] [Exec Stream Pumper] [INFO ] [ch.vorburger.exec.ManagedProcess] mysql_install_db: 2018-07-28  7:01:32 139860635842432 [Note] InnoDB: Using SSE crc32 instructions
[2018-07-28 09:01:32.653] [Exec Stream Pumper] [INFO ] [ch.vorburger.exec.ManagedProcess] mysql_install_db: 2018-07-28  7:01:32 139860635842432 [Note] InnoDB: Initializing buffer pool, size = 128.0M
[2018-07-28 09:01:32.673] [Exec Stream Pumper] [INFO ] [ch.vorburger.exec.ManagedProcess] mysql_install_db: 2018-07-28  7:01:32 139860635842432 [Note] InnoDB: Completed initialization of buffer pool
[2018-07-28 09:01:32.702] [Exec Stream Pumper] [INFO ] [ch.vorburger.exec.ManagedProcess] mysql_install_db: 2018-07-28  7:01:32 139860635842432 [Note] InnoDB: Highest supported file format is Barracuda.
[2018-07-28 09:01:32.730] [Exec Stream Pumper] [INFO ] [ch.vorburger.exec.ManagedProcess] mysql_install_db: 2018-07-28  7:01:32 139860635842432 [Note] InnoDB: 128 rollback segment(s) are active.
[2018-07-28 09:01:32.731] [Exec Stream Pumper] [INFO ] [ch.vorburger.exec.ManagedProcess] mysql_install_db: 2018-07-28  7:01:32 139860635842432 [Note] InnoDB: Waiting for purge to start
[2018-07-28 09:01:32.782] [Exec Stream Pumper] [INFO ] [ch.vorburger.exec.ManagedProcess] mysql_install_db: 2018-07-28  7:01:32 139860635842432 [Note] InnoDB:  Percona XtraDB (http://www.percona.com) 5.6.28-76.1 started; log sequence number 1616799
[2018-07-28 09:01:32.815] [Exec Stream Pumper] [INFO ] [ch.vorburger.exec.ManagedProcess] mysql_install_db: 2018-07-28  7:01:32 139859922491136 [Note] InnoDB: Dumping buffer pool(s) not yet started
[2018-07-28 09:01:34.976] [Exec Stream Pumper] [INFO ] [ch.vorburger.exec.ManagedProcess] mysql_install_db: OK
[2018-07-28 09:01:34.976] [Exec Stream Pumper] [INFO ] [ch.vorburger.exec.ManagedProcess] mysql_install_db: Creating OpenGIS required SP-s...
[2018-07-28 09:01:35.089] [Exec Stream Pumper] [INFO ] [ch.vorburger.exec.ManagedProcess] mysql_install_db: 2018-07-28  7:01:35 140554671253376 [Note] /tmp/MariaDB4j/base/bin/mysqld (mysqld 10.1.13-MariaDB) starting as process 3315 ...
[2018-07-28 09:01:35.257] [Exec Stream Pumper] [INFO ] [ch.vorburger.exec.ManagedProcess] mysql_install_db: 2018-07-28  7:01:35 140554671253376 [Note] InnoDB: Using mutexes to ref count buffer pool pages
[2018-07-28 09:01:35.257] [Exec Stream Pumper] [INFO ] [ch.vorburger.exec.ManagedProcess] mysql_install_db: 2018-07-28  7:01:35 140554671253376 [Note] InnoDB: The InnoDB memory heap is disabled
[2018-07-28 09:01:35.257] [Exec Stream Pumper] [INFO ] [ch.vorburger.exec.ManagedProcess] mysql_install_db: 2018-07-28  7:01:35 140554671253376 [Note] InnoDB: Mutexes and rw_locks use GCC atomic builtins
[2018-07-28 09:01:35.257] [Exec Stream Pumper] [INFO ] [ch.vorburger.exec.ManagedProcess] mysql_install_db: 2018-07-28  7:01:35 140554671253376 [Note] InnoDB: Memory barrier is not used
[2018-07-28 09:01:35.257] [Exec Stream Pumper] [INFO ] [ch.vorburger.exec.ManagedProcess] mysql_install_db: 2018-07-28  7:01:35 140554671253376 [Note] InnoDB: Compressed tables use zlib 1.2.3
[2018-07-28 09:01:35.257] [Exec Stream Pumper] [INFO ] [ch.vorburger.exec.ManagedProcess] mysql_install_db: 2018-07-28  7:01:35 140554671253376 [Note] InnoDB: Using Linux native AIO
[2018-07-28 09:01:35.257] [Exec Stream Pumper] [INFO ] [ch.vorburger.exec.ManagedProcess] mysql_install_db: 2018-07-28  7:01:35 140554671253376 [Note] InnoDB: Using SSE crc32 instructions
[2018-07-28 09:01:35.260] [Exec Stream Pumper] [INFO ] [ch.vorburger.exec.ManagedProcess] mysql_install_db: 2018-07-28  7:01:35 140554671253376 [Note] InnoDB: Initializing buffer pool, size = 128.0M
[2018-07-28 09:01:35.277] [Exec Stream Pumper] [INFO ] [ch.vorburger.exec.ManagedProcess] mysql_install_db: 2018-07-28  7:01:35 140554671253376 [Note] InnoDB: Completed initialization of buffer pool
[2018-07-28 09:01:35.303] [Exec Stream Pumper] [INFO ] [ch.vorburger.exec.ManagedProcess] mysql_install_db: 2018-07-28  7:01:35 140554671253376 [Note] InnoDB: Highest supported file format is Barracuda.
[2018-07-28 09:01:35.329] [Exec Stream Pumper] [INFO ] [ch.vorburger.exec.ManagedProcess] mysql_install_db: 2018-07-28  7:01:35 140554671253376 [Note] InnoDB: 128 rollback segment(s) are active.
[2018-07-28 09:01:35.329] [Exec Stream Pumper] [INFO ] [ch.vorburger.exec.ManagedProcess] mysql_install_db: 2018-07-28  7:01:35 140554671253376 [Note] InnoDB: Waiting for purge to start
[2018-07-28 09:01:35.380] [Exec Stream Pumper] [INFO ] [ch.vorburger.exec.ManagedProcess] mysql_install_db: 2018-07-28  7:01:35 140554671253376 [Note] InnoDB:  Percona XtraDB (http://www.percona.com) 5.6.28-76.1 started; log sequence number 1616809
[2018-07-28 09:01:35.417] [Exec Stream Pumper] [INFO ] [ch.vorburger.exec.ManagedProcess] mysql_install_db: 2018-07-28  7:01:35 140553953994496 [Note] InnoDB: Dumping buffer pool(s) not yet started
[2018-07-28 09:01:37.648] [Exec Stream Pumper] [INFO ] [ch.vorburger.exec.ManagedProcess] mysql_install_db: OK
[2018-07-28 09:01:37.649] [Exec Stream Pumper] [INFO ] [ch.vorburger.exec.ManagedProcess] mysql_install_db: 
[2018-07-28 09:01:37.649] [Exec Stream Pumper] [INFO ] [ch.vorburger.exec.ManagedProcess] mysql_install_db: To start mysqld at boot time you have to copy
[2018-07-28 09:01:37.649] [Exec Stream Pumper] [INFO ] [ch.vorburger.exec.ManagedProcess] mysql_install_db: support-files/mysql.server to the right place for your system
[2018-07-28 09:01:37.649] [Exec Stream Pumper] [INFO ] [ch.vorburger.exec.ManagedProcess] mysql_install_db: 
[2018-07-28 09:01:37.649] [Exec Stream Pumper] [INFO ] [ch.vorburger.exec.ManagedProcess] mysql_install_db: PLEASE REMEMBER TO SET A PASSWORD FOR THE MariaDB root USER !
[2018-07-28 09:01:37.649] [Exec Stream Pumper] [INFO ] [ch.vorburger.exec.ManagedProcess] mysql_install_db: To do so, start the server, then issue the following commands:
[2018-07-28 09:01:37.649] [Exec Stream Pumper] [INFO ] [ch.vorburger.exec.ManagedProcess] mysql_install_db: 
[2018-07-28 09:01:37.649] [Exec Stream Pumper] [INFO ] [ch.vorburger.exec.ManagedProcess] mysql_install_db: '/tmp/MariaDB4j/base/bin/mysqladmin' -u root password 'new-password'
[2018-07-28 09:01:37.649] [Exec Stream Pumper] [INFO ] [ch.vorburger.exec.ManagedProcess] mysql_install_db: '/tmp/MariaDB4j/base/bin/mysqladmin' -u root -h  password 'new-password'
[2018-07-28 09:01:37.649] [Exec Stream Pumper] [INFO ] [ch.vorburger.exec.ManagedProcess] mysql_install_db: 
[2018-07-28 09:01:37.649] [Exec Stream Pumper] [INFO ] [ch.vorburger.exec.ManagedProcess] mysql_install_db: Alternatively you can run:
[2018-07-28 09:01:37.649] [Exec Stream Pumper] [INFO ] [ch.vorburger.exec.ManagedProcess] mysql_install_db: '/tmp/MariaDB4j/base/bin/mysql_secure_installation'
[2018-07-28 09:01:37.649] [Exec Stream Pumper] [INFO ] [ch.vorburger.exec.ManagedProcess] mysql_install_db: 
[2018-07-28 09:01:37.649] [Exec Stream Pumper] [INFO ] [ch.vorburger.exec.ManagedProcess] mysql_install_db: which will also give you the option of removing the test
[2018-07-28 09:01:37.649] [Exec Stream Pumper] [INFO ] [ch.vorburger.exec.ManagedProcess] mysql_install_db: databases and anonymous user created by default.  This is
[2018-07-28 09:01:37.649] [Exec Stream Pumper] [INFO ] [ch.vorburger.exec.ManagedProcess] mysql_install_db: strongly recommended for production servers.
[2018-07-28 09:01:37.650] [Exec Stream Pumper] [INFO ] [ch.vorburger.exec.ManagedProcess] mysql_install_db: 
[2018-07-28 09:01:37.650] [Exec Stream Pumper] [INFO ] [ch.vorburger.exec.ManagedProcess] mysql_install_db: See the MariaDB Knowledgebase at http://mariadb.com/kb or the
[2018-07-28 09:01:37.650] [Exec Stream Pumper] [INFO ] [ch.vorburger.exec.ManagedProcess] mysql_install_db: MySQL manual for more instructions.
[2018-07-28 09:01:37.650] [Exec Stream Pumper] [INFO ] [ch.vorburger.exec.ManagedProcess] mysql_install_db: 
[2018-07-28 09:01:37.650] [Exec Stream Pumper] [INFO ] [ch.vorburger.exec.ManagedProcess] mysql_install_db: You can start the MariaDB daemon with:
[2018-07-28 09:01:37.650] [Exec Stream Pumper] [INFO ] [ch.vorburger.exec.ManagedProcess] mysql_install_db: cd '/tmp/MariaDB4j/base' ; /tmp/MariaDB4j/base/bin/mysqld_safe --datadir='/tmp/MariaDB4j/data/38499'
[2018-07-28 09:01:37.650] [Exec Stream Pumper] [INFO ] [ch.vorburger.exec.ManagedProcess] mysql_install_db: 
[2018-07-28 09:01:37.650] [Exec Stream Pumper] [INFO ] [ch.vorburger.exec.ManagedProcess] mysql_install_db: You can test the MariaDB daemon with mysql-test-run.pl
[2018-07-28 09:01:37.650] [Exec Stream Pumper] [INFO ] [ch.vorburger.exec.ManagedProcess] mysql_install_db: cd '/tmp/MariaDB4j/base/mysql-test' ; perl mysql-test-run.pl
[2018-07-28 09:01:37.650] [Exec Stream Pumper] [INFO ] [ch.vorburger.exec.ManagedProcess] mysql_install_db: 
[2018-07-28 09:01:37.650] [Exec Stream Pumper] [INFO ] [ch.vorburger.exec.ManagedProcess] mysql_install_db: Please report any problems at http://mariadb.org/jira
[2018-07-28 09:01:37.650] [Exec Stream Pumper] [INFO ] [ch.vorburger.exec.ManagedProcess] mysql_install_db: 
[2018-07-28 09:01:37.650] [Exec Stream Pumper] [INFO ] [ch.vorburger.exec.ManagedProcess] mysql_install_db: The latest information about MariaDB is available at http://mariadb.org/.
[2018-07-28 09:01:37.651] [Exec Stream Pumper] [INFO ] [ch.vorburger.exec.ManagedProcess] mysql_install_db: You can find additional information about the MySQL part at:
[2018-07-28 09:01:37.651] [Exec Stream Pumper] [INFO ] [ch.vorburger.exec.ManagedProcess] mysql_install_db: http://dev.mysql.com
[2018-07-28 09:01:37.651] [Exec Stream Pumper] [INFO ] [ch.vorburger.exec.ManagedProcess] mysql_install_db: Support MariaDB development by buying support/new features from MariaDB
[2018-07-28 09:01:37.651] [Exec Stream Pumper] [INFO ] [ch.vorburger.exec.ManagedProcess] mysql_install_db: Corporation Ab. You can contact us about this at sales@mariadb.com.
[2018-07-28 09:01:37.651] [Exec Stream Pumper] [INFO ] [ch.vorburger.exec.ManagedProcess] mysql_install_db: Alternatively consider joining our community based development effort:
[2018-07-28 09:01:37.651] [Exec Stream Pumper] [INFO ] [ch.vorburger.exec.ManagedProcess] mysql_install_db: http://mariadb.com/kb/en/contributing-to-the-mariadb-project/
[2018-07-28 09:01:37.651] [Exec Stream Pumper] [INFO ] [ch.vorburger.exec.ManagedProcess] mysql_install_db: 
[2018-07-28 09:01:37.654] [Exec Default Executor] [INFO ] [ch.vorburger.exec.ManagedProcess] Program [/tmp/MariaDB4j/base/bin/mysql_install_db, --datadir=/tmp/MariaDB4j/data/38499, --basedir=/tmp/MariaDB4j/base, --no-defaults, --force, --skip-name-resolve] (in working directory /tmp/MariaDB4j/base) just exited, with value 0
[2018-07-28 09:01:37.662] [main] [INFO ] [ch.vorburger.mariadb4j.DB] Installation complete.
[2018-07-28 09:01:37.662] [main] [INFO ] [ch.vorburger.mariadb4j.DB] Starting up the database...
[2018-07-28 09:01:37.663] [main] [INFO ] [ch.vorburger.mariadb4j.DB] mysqld executable: /tmp/MariaDB4j/base/bin/mysqld
[2018-07-28 09:01:37.663] [main] [INFO ] [ch.vorburger.exec.ManagedProcess] Starting Program [/tmp/MariaDB4j/base/bin/mysqld, --no-defaults, --console, --skip-grant-tables, --max_allowed_packet=64M, --basedir=/tmp/MariaDB4j/base, --datadir=/tmp/MariaDB4j/data/38499, --port=38499, --socket=/tmp/MariaDB4j.38499.sock] (in working directory /tmp/MariaDB4j/base)
[2018-07-28 09:01:37.663] [main] [INFO ] [ch.vorburger.exec.ManagedProcess] Thread will wait for "mysqld: ready for connections." to appear in Console output of process Program [/tmp/MariaDB4j/base/bin/mysqld, --no-defaults, --console, --skip-grant-tables, --max_allowed_packet=64M, --basedir=/tmp/MariaDB4j/base, --datadir=/tmp/MariaDB4j/data/38499, --port=38499, --socket=/tmp/MariaDB4j.38499.sock] (in working directory /tmp/MariaDB4j/base) for max. 30000ms
[2018-07-28 09:01:37.778] [Exec Stream Pumper] [INFO ] [ch.vorburger.exec.ManagedProcess] mysqld: 2018-07-28  7:01:37 139664068892544 [Note] /tmp/MariaDB4j/base/bin/mysqld (mysqld 10.1.13-MariaDB) starting as process 3348 ...
[2018-07-28 09:01:37.798] [Exec Stream Pumper] [ERROR] [ch.vorburger.exec.ManagedProcess] mysqld: 2018-07-28  7:01:37 139664068892544 [ERROR] Fatal error: Please consult the Knowledge Base to find out how to run mysqld as root!
[2018-07-28 09:01:37.798] [Exec Stream Pumper] [INFO ] [ch.vorburger.exec.ManagedProcess] mysqld: 
[2018-07-28 09:01:37.798] [Exec Stream Pumper] [ERROR] [ch.vorburger.exec.ManagedProcess] mysqld: 2018-07-28  7:01:37 139664068892544 [ERROR] Aborting
[2018-07-28 09:01:37.798] [Exec Stream Pumper] [INFO ] [ch.vorburger.exec.ManagedProcess] mysqld: 
[2018-07-28 09:01:37.803] [Exec Default Executor] [ERROR] [ch.vorburger.exec.ManagedProcess] Program [/tmp/MariaDB4j/base/bin/mysqld, --no-defaults, --console, --skip-grant-tables, --max_allowed_packet=64M, --basedir=/tmp/MariaDB4j/base, --datadir=/tmp/MariaDB4j/data/38499, --port=38499, --socket=/tmp/MariaDB4j.38499.sock] (in working directory /tmp/MariaDB4j/base) failed unexpectedly
org.apache.commons.exec.ExecuteException: Process exited with an error: 1 (Exit value: 1)
	at org.apache.commons.exec.DefaultExecutor.executeInternal(DefaultExecutor.java:404) ~[commons-exec-1.3.jar:1.3]
	at org.apache.commons.exec.DefaultExecutor.access$200(DefaultExecutor.java:48) ~[commons-exec-1.3.jar:1.3]
	at org.apache.commons.exec.DefaultExecutor$1.run(DefaultExecutor.java:200) [commons-exec-1.3.jar:1.3]
	at java.lang.Thread.run(Thread.java:745) [?:1.8.0_121]
[2018-07-28 09:01:37.815] [main] [ERROR] [ch.vorburger.mariadb4j.DB] failed to start mysqld
ch.vorburger.exec.ManagedProcessException: Asked to wait for "mysqld: ready for connections." from Program [/tmp/MariaDB4j/base/bin/mysqld, --no-defaults, --console, --skip-grant-tables, --max_allowed_packet=64M, --basedir=/tmp/MariaDB4j/base, --datadir=/tmp/MariaDB4j/data/38499, --port=38499, --socket=/tmp/MariaDB4j.38499.sock] (in working directory /tmp/MariaDB4j/base), but it already exited! (without that message in console), last 100 lines of console:
2018-07-28  7:01:37 139664068892544 [Note] /tmp/MariaDB4j/base/bin/mysqld (mysqld 10.1.13-MariaDB) starting as process 3348 ...
2018-07-28  7:01:37 139664068892544 [ERROR] Fatal error: Please consult the Knowledge Base to find out how to run mysqld as root!

2018-07-28  7:01:37 139664068892544 [ERROR] Aborting

	at ch.vorburger.exec.ManagedProcess.startAndWaitForConsoleMessageMaxMs(ManagedProcess.java:263) ~[mariaDB4j-core-2.2.3.jar:?]
	at ch.vorburger.mariadb4j.DB.start(DB.java:148) ~[mariaDB4j-core-2.2.3.jar:?]
	at ch.vorburger.mariadb4j.MariaDB4jService.start(MariaDB4jService.java:67) ~[mariaDB4j-core-2.2.3.jar:?]
	at ch.vorburger.mariadb4j.springframework.MariaDB4jSpringService.start(MariaDB4jSpringService.java:96) ~[mariaDB4j-core-2.2.3.jar:?]
	at sun.reflect.GeneratedMethodAccessor52.invoke(Unknown Source) ~[?:?]
	at sun.reflect.DelegatingMethodAccessorImpl.invoke(DelegatingMethodAccessorImpl.java:43) ~[?:1.8.0_121]
	at java.lang.reflect.Method.invoke(Method.java:498) ~[?:1.8.0_121]
	at org.springframework.beans.factory.annotation.InitDestroyAnnotationBeanPostProcessor$LifecycleElement.invoke(InitDestroyAnnotationBeanPostProcessor.java:365) ~[spring-beans-5.0.7.RELEASE.jar:5.0.7.RELEASE]
	at org.springframework.beans.factory.annotation.InitDestroyAnnotationBeanPostProcessor$LifecycleMetadata.invokeInitMethods(InitDestroyAnnotationBeanPostProcessor.java:308) ~[spring-beans-5.0.7.RELEASE.jar:5.0.7.RELEASE]
	at org.springframework.beans.factory.annotation.InitDestroyAnnotationBeanPostProcessor.postProcessBeforeInitialization(InitDestroyAnnotationBeanPostProcessor.java:135) ~[spring-beans-5.0.7.RELEASE.jar:5.0.7.RELEASE]
	at org.springframework.beans.factory.support.AbstractAutowireCapableBeanFactory.applyBeanPostProcessorsBeforeInitialization(AbstractAutowireCapableBeanFactory.java:424) ~[spring-beans-5.0.7.RELEASE.jar:5.0.7.RELEASE]
	at org.springframework.beans.factory.support.AbstractAutowireCapableBeanFactory.initializeBean(AbstractAutowireCapableBeanFactory.java:1700) ~[spring-beans-5.0.7.RELEASE.jar:5.0.7.RELEASE]
	at org.springframework.beans.factory.support.AbstractAutowireCapableBeanFactory.doCreateBean(AbstractAutowireCapableBeanFactory.java:581) ~[spring-beans-5.0.7.RELEASE.jar:5.0.7.RELEASE]
	at org.springframework.beans.factory.support.AbstractAutowireCapableBeanFactory.createBean(AbstractAutowireCapableBeanFactory.java:503) ~[spring-beans-5.0.7.RELEASE.jar:5.0.7.RELEASE]
	at org.springframework.beans.factory.support.AbstractBeanFactory.lambda$doGetBean$0(AbstractBeanFactory.java:317) ~[spring-beans-5.0.7.RELEASE.jar:5.0.7.RELEASE]
	at org.springframework.beans.factory.support.DefaultSingletonBeanRegistry.getSingleton(DefaultSingletonBeanRegistry.java:222) ~[spring-beans-5.0.7.RELEASE.jar:5.0.7.RELEASE]
	at org.springframework.beans.factory.support.AbstractBeanFactory.doGetBean(AbstractBeanFactory.java:315) ~[spring-beans-5.0.7.RELEASE.jar:5.0.7.RELEASE]
	at org.springframework.beans.factory.support.AbstractBeanFactory.getBean(AbstractBeanFactory.java:199) ~[spring-beans-5.0.7.RELEASE.jar:5.0.7.RELEASE]
	at org.springframework.beans.factory.config.DependencyDescriptor.resolveCandidate(DependencyDescriptor.java:251) ~[spring-beans-5.0.7.RELEASE.jar:5.0.7.RELEASE]
	at org.springframework.beans.factory.support.DefaultListableBeanFactory.doResolveDependency(DefaultListableBeanFactory.java:1138) ~[spring-beans-5.0.7.RELEASE.jar:5.0.7.RELEASE]
	at org.springframework.beans.factory.support.DefaultListableBeanFactory.resolveDependency(DefaultListableBeanFactory.java:1065) ~[spring-beans-5.0.7.RELEASE.jar:5.0.7.RELEASE]
	at org.springframework.beans.factory.support.ConstructorResolver.resolveAutowiredArgument(ConstructorResolver.java:818) ~[spring-beans-5.0.7.RELEASE.jar:5.0.7.RELEASE]
	at org.springframework.beans.factory.support.ConstructorResolver.createArgumentArray(ConstructorResolver.java:724) ~[spring-beans-5.0.7.RELEASE.jar:5.0.7.RELEASE]
	at org.springframework.beans.factory.support.ConstructorResolver.instantiateUsingFactoryMethod(ConstructorResolver.java:474) ~[spring-beans-5.0.7.RELEASE.jar:5.0.7.RELEASE]
	at org.springframework.beans.factory.support.AbstractAutowireCapableBeanFactory.instantiateUsingFactoryMethod(AbstractAutowireCapableBeanFactory.java:1256) ~[spring-beans-5.0.7.RELEASE.jar:5.0.7.RELEASE]
	at org.springframework.beans.factory.support.AbstractAutowireCapableBeanFactory.createBeanInstance(AbstractAutowireCapableBeanFactory.java:1105) ~[spring-beans-5.0.7.RELEASE.jar:5.0.7.RELEASE]
	at org.springframework.beans.factory.support.AbstractAutowireCapableBeanFactory.doCreateBean(AbstractAutowireCapableBeanFactory.java:543) ~[spring-beans-5.0.7.RELEASE.jar:5.0.7.RELEASE]
	at org.springframework.beans.factory.support.AbstractAutowireCapableBeanFactory.createBean(AbstractAutowireCapableBeanFactory.java:503) ~[spring-beans-5.0.7.RELEASE.jar:5.0.7.RELEASE]
	at org.springframework.beans.factory.support.AbstractBeanFactory.lambda$doGetBean$0(AbstractBeanFactory.java:317) ~[spring-beans-5.0.7.RELEASE.jar:5.0.7.RELEASE]
	at org.springframework.beans.factory.support.DefaultSingletonBeanRegistry.getSingleton(DefaultSingletonBeanRegistry.java:222) ~[spring-beans-5.0.7.RELEASE.jar:5.0.7.RELEASE]
	at org.springframework.beans.factory.support.AbstractBeanFactory.doGetBean(AbstractBeanFactory.java:315) ~[spring-beans-5.0.7.RELEASE.jar:5.0.7.RELEASE]
	at org.springframework.beans.factory.support.AbstractBeanFactory.getBean(AbstractBeanFactory.java:199) ~[spring-beans-5.0.7.RELEASE.jar:5.0.7.RELEASE]
	at org.springframework.beans.factory.config.DependencyDescriptor.resolveCandidate(DependencyDescriptor.java:251) ~[spring-beans-5.0.7.RELEASE.jar:5.0.7.RELEASE]
	at org.springframework.beans.factory.support.DefaultListableBeanFactory.doResolveDependency(DefaultListableBeanFactory.java:1138) ~[spring-beans-5.0.7.RELEASE.jar:5.0.7.RELEASE]
	at org.springframework.beans.factory.support.DefaultListableBeanFactory.resolveDependency(DefaultListableBeanFactory.java:1065) ~[spring-beans-5.0.7.RELEASE.jar:5.0.7.RELEASE]
	at org.springframework.beans.factory.annotation.AutowiredAnnotationBeanPostProcessor$AutowiredFieldElement.inject(AutowiredAnnotationBeanPostProcessor.java:584) ~[spring-beans-5.0.7.RELEASE.jar:5.0.7.RELEASE]
	at org.springframework.beans.factory.annotation.InjectionMetadata.inject(InjectionMetadata.java:91) ~[spring-beans-5.0.7.RELEASE.jar:5.0.7.RELEASE]
	at org.springframework.beans.factory.annotation.AutowiredAnnotationBeanPostProcessor.postProcessPropertyValues(AutowiredAnnotationBeanPostProcessor.java:373) ~[spring-beans-5.0.7.RELEASE.jar:5.0.7.RELEASE]
	at org.springframework.beans.factory.support.AbstractAutowireCapableBeanFactory.populateBean(AbstractAutowireCapableBeanFactory.java:1350) ~[spring-beans-5.0.7.RELEASE.jar:5.0.7.RELEASE]
	at org.springframework.beans.factory.support.AbstractAutowireCapableBeanFactory.doCreateBean(AbstractAutowireCapableBeanFactory.java:580) ~[spring-beans-5.0.7.RELEASE.jar:5.0.7.RELEASE]
	at org.springframework.beans.factory.support.AbstractAutowireCapableBeanFactory.createBean(AbstractAutowireCapableBeanFactory.java:503) ~[spring-beans-5.0.7.RELEASE.jar:5.0.7.RELEASE]
	at org.springframework.beans.factory.support.AbstractBeanFactory.lambda$doGetBean$0(AbstractBeanFactory.java:317) ~[spring-beans-5.0.7.RELEASE.jar:5.0.7.RELEASE]
	at org.springframework.beans.factory.support.DefaultSingletonBeanRegistry.getSingleton(DefaultSingletonBeanRegistry.java:222) [spring-beans-5.0.7.RELEASE.jar:5.0.7.RELEASE]
	at org.springframework.beans.factory.support.AbstractBeanFactory.doGetBean(AbstractBeanFactory.java:315) [spring-beans-5.0.7.RELEASE.jar:5.0.7.RELEASE]
	at org.springframework.beans.factory.support.AbstractBeanFactory.getBean(AbstractBeanFactory.java:199) [spring-beans-5.0.7.RELEASE.jar:5.0.7.RELEASE]
	at org.springframework.beans.factory.support.DefaultListableBeanFactory.preInstantiateSingletons(DefaultListableBeanFactory.java:760) [spring-beans-5.0.7.RELEASE.jar:5.0.7.RELEASE]
	at org.springframework.context.support.AbstractApplicationContext.finishBeanFactoryInitialization(AbstractApplicationContext.java:869) [spring-context-5.0.7.RELEASE.jar:5.0.7.RELEASE]
	at org.springframework.context.support.AbstractApplicationContext.refresh(AbstractApplicationContext.java:550) [spring-context-5.0.7.RELEASE.jar:5.0.7.RELEASE]
	at org.springframework.test.context.support.AbstractGenericContextLoader.loadContext(AbstractGenericContextLoader.java:128) [spring-test-5.0.4.RELEASE.jar:5.0.4.RELEASE]
	at org.springframework.test.context.support.AbstractGenericContextLoader.loadContext(AbstractGenericContextLoader.java:60) [spring-test-5.0.4.RELEASE.jar:5.0.4.RELEASE]
	at org.springframework.test.context.support.AbstractDelegatingSmartContextLoader.delegateLoading(AbstractDelegatingSmartContextLoader.java:107) [spring-test-5.0.4.RELEASE.jar:5.0.4.RELEASE]
	at org.springframework.test.context.support.AbstractDelegatingSmartContextLoader.loadContext(AbstractDelegatingSmartContextLoader.java:243) [spring-test-5.0.4.RELEASE.jar:5.0.4.RELEASE]
	at org.springframework.test.context.cache.DefaultCacheAwareContextLoaderDelegate.loadContextInternal(DefaultCacheAwareContextLoaderDelegate.java:99) [spring-test-5.0.4.RELEASE.jar:5.0.4.RELEASE]
	at org.springframework.test.context.cache.DefaultCacheAwareContextLoaderDelegate.loadContext(DefaultCacheAwareContextLoaderDelegate.java:117) [spring-test-5.0.4.RELEASE.jar:5.0.4.RELEASE]
	at org.springframework.test.context.support.DefaultTestContext.getApplicationContext(DefaultTestContext.java:107) [spring-test-5.0.4.RELEASE.jar:5.0.4.RELEASE]
	at org.springframework.test.context.support.DependencyInjectionTestExecutionListener.injectDependencies(DependencyInjectionTestExecutionListener.java:117) [spring-test-5.0.4.RELEASE.jar:5.0.4.RELEASE]
	at org.springframework.test.context.support.DependencyInjectionTestExecutionListener.prepareTestInstance(DependencyInjectionTestExecutionListener.java:83) [spring-test-5.0.4.RELEASE.jar:5.0.4.RELEASE]
	at org.springframework.test.context.TestContextManager.prepareTestInstance(TestContextManager.java:242) [spring-test-5.0.4.RELEASE.jar:5.0.4.RELEASE]
	at org.springframework.test.context.junit4.SpringJUnit4ClassRunner.createTest(SpringJUnit4ClassRunner.java:227) [spring-test-5.0.4.RELEASE.jar:5.0.4.RELEASE]
	at org.springframework.test.context.junit4.SpringJUnit4ClassRunner$1.runReflectiveCall(SpringJUnit4ClassRunner.java:289) [spring-test-5.0.4.RELEASE.jar:5.0.4.RELEASE]
	at org.junit.internal.runners.model.ReflectiveCallable.run(ReflectiveCallable.java:12) [junit-4.12.jar:4.12]
	at org.springframework.test.context.junit4.SpringJUnit4ClassRunner.methodBlock(SpringJUnit4ClassRunner.java:291) [spring-test-5.0.4.RELEASE.jar:5.0.4.RELEASE]
	at org.springframework.test.context.junit4.SpringJUnit4ClassRunner.runChild(SpringJUnit4ClassRunner.java:246) [spring-test-5.0.4.RELEASE.jar:5.0.4.RELEASE]
	at org.springframework.test.context.junit4.SpringJUnit4ClassRunner.runChild(SpringJUnit4ClassRunner.java:97) [spring-test-5.0.4.RELEASE.jar:5.0.4.RELEASE]
	at org.junit.runners.ParentRunner$3.run(ParentRunner.java:290) [junit-4.12.jar:4.12]
	at org.junit.runners.ParentRunner$1.schedule(ParentRunner.java:71) [junit-4.12.jar:4.12]
	at org.junit.runners.ParentRunner.runChildren(ParentRunner.java:288) [junit-4.12.jar:4.12]
	at org.junit.runners.ParentRunner.access$000(ParentRunner.java:58) [junit-4.12.jar:4.12]
	at org.junit.runners.ParentRunner$2.evaluate(ParentRunner.java:268) [junit-4.12.jar:4.12]
	at org.springframework.test.context.junit4.statements.RunBeforeTestClassCallbacks.evaluate(RunBeforeTestClassCallbacks.java:61) [spring-test-5.0.4.RELEASE.jar:5.0.4.RELEASE]
	at org.springframework.test.context.junit4.statements.RunAfterTestClassCallbacks.evaluate(RunAfterTestClassCallbacks.java:70) [spring-test-5.0.4.RELEASE.jar:5.0.4.RELEASE]
	at org.junit.runners.ParentRunner.run(ParentRunner.java:363) [junit-4.12.jar:4.12]
	at org.springframework.test.context.junit4.SpringJUnit4ClassRunner.run(SpringJUnit4ClassRunner.java:190) [spring-test-5.0.4.RELEASE.jar:5.0.4.RELEASE]
	at org.apache.maven.surefire.junit4.JUnit4Provider.execute(JUnit4Provider.java:365) [surefire-junit4-2.21.0.jar:2.21.0]
	at org.apache.maven.surefire.junit4.JUnit4Provider.executeWithRerun(JUnit4Provider.java:273) [surefire-junit4-2.21.0.jar:2.21.0]
	at org.apache.maven.surefire.junit4.JUnit4Provider.executeTestSet(JUnit4Provider.java:238) [surefire-junit4-2.21.0.jar:2.21.0]
	at org.apache.maven.surefire.junit4.JUnit4Provider.invoke(JUnit4Provider.java:159) [surefire-junit4-2.21.0.jar:2.21.0]
	at org.apache.maven.surefire.booter.ForkedBooter.invokeProviderInSameClassLoader(ForkedBooter.java:379) [surefire-booter-2.21.0.jar:2.21.0]
	at org.apache.maven.surefire.booter.ForkedBooter.runSuitesInProcess(ForkedBooter.java:340) [surefire-booter-2.21.0.jar:2.21.0]
	at org.apache.maven.surefire.booter.ForkedBooter.execute(ForkedBooter.java:125) [surefire-booter-2.21.0.jar:2.21.0]
	at org.apache.maven.surefire.booter.ForkedBooter.main(ForkedBooter.java:413) [surefire-booter-2.21.0.jar:2.21.0]
[2018-07-28 09:01:37.821] [main] [ERROR] [org.springframework.test.context.TestContextManager] Caught exception while allowing TestExecutionListener [org.springframework.test.context.support.DependencyInjectionTestExecutionListener@2e26173] to prepare test instance [com.gunnarro.dietmanager.service.DietManagerServiceTest@2acdcce8]
java.lang.IllegalStateException: Failed to load ApplicationContext
	at org.springframework.test.context.cache.DefaultCacheAwareContextLoaderDelegate.loadContext(DefaultCacheAwareContextLoaderDelegate.java:125) ~[spring-test-5.0.4.RELEASE.jar:5.0.4.RELEASE]
	at org.springframework.test.context.support.DefaultTestContext.getApplicationContext(DefaultTestContext.java:107) ~[spring-test-5.0.4.RELEASE.jar:5.0.4.RELEASE]
	at org.springframework.test.context.support.DependencyInjectionTestExecutionListener.injectDependencies(DependencyInjectionTestExecutionListener.java:117) ~[spring-test-5.0.4.RELEASE.jar:5.0.4.RELEASE]
	at org.springframework.test.context.support.DependencyInjectionTestExecutionListener.prepareTestInstance(DependencyInjectionTestExecutionListener.java:83) ~[spring-test-5.0.4.RELEASE.jar:5.0.4.RELEASE]
	at org.springframework.test.context.TestContextManager.prepareTestInstance(TestContextManager.java:242) [spring-test-5.0.4.RELEASE.jar:5.0.4.RELEASE]
	at org.springframework.test.context.junit4.SpringJUnit4ClassRunner.createTest(SpringJUnit4ClassRunner.java:227) [spring-test-5.0.4.RELEASE.jar:5.0.4.RELEASE]
	at org.springframework.test.context.junit4.SpringJUnit4ClassRunner$1.runReflectiveCall(SpringJUnit4ClassRunner.java:289) [spring-test-5.0.4.RELEASE.jar:5.0.4.RELEASE]
	at org.junit.internal.runners.model.ReflectiveCallable.run(ReflectiveCallable.java:12) [junit-4.12.jar:4.12]
	at org.springframework.test.context.junit4.SpringJUnit4ClassRunner.methodBlock(SpringJUnit4ClassRunner.java:291) [spring-test-5.0.4.RELEASE.jar:5.0.4.RELEASE]
	at org.springframework.test.context.junit4.SpringJUnit4ClassRunner.runChild(SpringJUnit4ClassRunner.java:246) [spring-test-5.0.4.RELEASE.jar:5.0.4.RELEASE]
	at org.springframework.test.context.junit4.SpringJUnit4ClassRunner.runChild(SpringJUnit4ClassRunner.java:97) [spring-test-5.0.4.RELEASE.jar:5.0.4.RELEASE]
	at org.junit.runners.ParentRunner$3.run(ParentRunner.java:290) [junit-4.12.jar:4.12]
	at org.junit.runners.ParentRunner$1.schedule(ParentRunner.java:71) [junit-4.12.jar:4.12]
	at org.junit.runners.ParentRunner.runChildren(ParentRunner.java:288) [junit-4.12.jar:4.12]
	at org.junit.runners.ParentRunner.access$000(ParentRunner.java:58) [junit-4.12.jar:4.12]
	at org.junit.runners.ParentRunner$2.evaluate(ParentRunner.java:268) [junit-4.12.jar:4.12]
	at org.springframework.test.context.junit4.statements.RunBeforeTestClassCallbacks.evaluate(RunBeforeTestClassCallbacks.java:61) [spring-test-5.0.4.RELEASE.jar:5.0.4.RELEASE]
	at org.springframework.test.context.junit4.statements.RunAfterTestClassCallbacks.evaluate(RunAfterTestClassCallbacks.java:70) [spring-test-5.0.4.RELEASE.jar:5.0.4.RELEASE]
	at org.junit.runners.ParentRunner.run(ParentRunner.java:363) [junit-4.12.jar:4.12]
	at org.springframework.test.context.junit4.SpringJUnit4ClassRunner.run(SpringJUnit4ClassRunner.java:190) [spring-test-5.0.4.RELEASE.jar:5.0.4.RELEASE]
	at org.apache.maven.surefire.junit4.JUnit4Provider.execute(JUnit4Provider.java:365) [surefire-junit4-2.21.0.jar:2.21.0]
	at org.apache.maven.surefire.junit4.JUnit4Provider.executeWithRerun(JUnit4Provider.java:273) [surefire-junit4-2.21.0.jar:2.21.0]
	at org.apache.maven.surefire.junit4.JUnit4Provider.executeTestSet(JUnit4Provider.java:238) [surefire-junit4-2.21.0.jar:2.21.0]
	at org.apache.maven.surefire.junit4.JUnit4Provider.invoke(JUnit4Provider.java:159) [surefire-junit4-2.21.0.jar:2.21.0]
	at org.apache.maven.surefire.booter.ForkedBooter.invokeProviderInSameClassLoader(ForkedBooter.java:379) [surefire-booter-2.21.0.jar:2.21.0]
	at org.apache.maven.surefire.booter.ForkedBooter.runSuitesInProcess(ForkedBooter.java:340) [surefire-booter-2.21.0.jar:2.21.0]
	at org.apache.maven.surefire.booter.ForkedBooter.execute(ForkedBooter.java:125) [surefire-booter-2.21.0.jar:2.21.0]
	at org.apache.maven.surefire.booter.ForkedBooter.main(ForkedBooter.java:413) [surefire-booter-2.21.0.jar:2.21.0]
Caused by: org.springframework.beans.factory.UnsatisfiedDependencyException: Error creating bean with name 'testRepositoryConfiguration': Unsatisfied dependency expressed through field 'dataSource'; nested exception is org.springframework.beans.factory.UnsatisfiedDependencyException: Error creating bean with name 'dietManagerDataSource' defined in com.gunnarro.dietmanager.config.TestMariDBDataSourceConfiguration: Unsatisfied dependency expressed through method 'dietManagerDataSource' parameter 0; nested exception is org.springframework.beans.factory.BeanCreationException: Error creating bean with name 'mariaDB4jSpringService': Invocation of init method failed; nested exception is java.lang.IllegalStateException: MariaDB4jSpringService start() failed
	at org.springframework.beans.factory.annotation.AutowiredAnnotationBeanPostProcessor$AutowiredFieldElement.inject(AutowiredAnnotationBeanPostProcessor.java:587) ~[spring-beans-5.0.7.RELEASE.jar:5.0.7.RELEASE]
	at org.springframework.beans.factory.annotation.InjectionMetadata.inject(InjectionMetadata.java:91) ~[spring-beans-5.0.7.RELEASE.jar:5.0.7.RELEASE]
	at org.springframework.beans.factory.annotation.AutowiredAnnotationBeanPostProcessor.postProcessPropertyValues(AutowiredAnnotationBeanPostProcessor.java:373) ~[spring-beans-5.0.7.RELEASE.jar:5.0.7.RELEASE]
	at org.springframework.beans.factory.support.AbstractAutowireCapableBeanFactory.populateBean(AbstractAutowireCapableBeanFactory.java:1350) ~[spring-beans-5.0.7.RELEASE.jar:5.0.7.RELEASE]
	at org.springframework.beans.factory.support.AbstractAutowireCapableBeanFactory.doCreateBean(AbstractAutowireCapableBeanFactory.java:580) ~[spring-beans-5.0.7.RELEASE.jar:5.0.7.RELEASE]
	at org.springframework.beans.factory.support.AbstractAutowireCapableBeanFactory.createBean(AbstractAutowireCapableBeanFactory.java:503) ~[spring-beans-5.0.7.RELEASE.jar:5.0.7.RELEASE]
	at org.springframework.beans.factory.support.AbstractBeanFactory.lambda$doGetBean$0(AbstractBeanFactory.java:317) ~[spring-beans-5.0.7.RELEASE.jar:5.0.7.RELEASE]
	at org.springframework.beans.factory.support.DefaultSingletonBeanRegistry.getSingleton(DefaultSingletonBeanRegistry.java:222) ~[spring-beans-5.0.7.RELEASE.jar:5.0.7.RELEASE]
	at org.springframework.beans.factory.support.AbstractBeanFactory.doGetBean(AbstractBeanFactory.java:315) ~[spring-beans-5.0.7.RELEASE.jar:5.0.7.RELEASE]
	at org.springframework.beans.factory.support.AbstractBeanFactory.getBean(AbstractBeanFactory.java:199) ~[spring-beans-5.0.7.RELEASE.jar:5.0.7.RELEASE]
	at org.springframework.beans.factory.support.DefaultListableBeanFactory.preInstantiateSingletons(DefaultListableBeanFactory.java:760) ~[spring-beans-5.0.7.RELEASE.jar:5.0.7.RELEASE]
	at org.springframework.context.support.AbstractApplicationContext.finishBeanFactoryInitialization(AbstractApplicationContext.java:869) ~[spring-context-5.0.7.RELEASE.jar:5.0.7.RELEASE]
	at org.springframework.context.support.AbstractApplicationContext.refresh(AbstractApplicationContext.java:550) ~[spring-context-5.0.7.RELEASE.jar:5.0.7.RELEASE]
	at org.springframework.test.context.support.AbstractGenericContextLoader.loadContext(AbstractGenericContextLoader.java:128) ~[spring-test-5.0.4.RELEASE.jar:5.0.4.RELEASE]
	at org.springframework.test.context.support.AbstractGenericContextLoader.loadContext(AbstractGenericContextLoader.java:60) ~[spring-test-5.0.4.RELEASE.jar:5.0.4.RELEASE]
	at org.springframework.test.context.support.AbstractDelegatingSmartContextLoader.delegateLoading(AbstractDelegatingSmartContextLoader.java:107) ~[spring-test-5.0.4.RELEASE.jar:5.0.4.RELEASE]
	at org.springframework.test.context.support.AbstractDelegatingSmartContextLoader.loadContext(AbstractDelegatingSmartContextLoader.java:243) ~[spring-test-5.0.4.RELEASE.jar:5.0.4.RELEASE]
	at org.springframework.test.context.cache.DefaultCacheAwareContextLoaderDelegate.loadContextInternal(DefaultCacheAwareContextLoaderDelegate.java:99) ~[spring-test-5.0.4.RELEASE.jar:5.0.4.RELEASE]
	at org.springframework.test.context.cache.DefaultCacheAwareContextLoaderDelegate.loadContext(DefaultCacheAwareContextLoaderDelegate.java:117) ~[spring-test-5.0.4.RELEASE.jar:5.0.4.RELEASE]
	... 27 more
Caused by: org.springframework.beans.factory.UnsatisfiedDependencyException: Error creating bean with name 'dietManagerDataSource' defined in com.gunnarro.dietmanager.config.TestMariDBDataSourceConfiguration: Unsatisfied dependency expressed through method 'dietManagerDataSource' parameter 0; nested exception is org.springframework.beans.factory.BeanCreationException: Error creating bean with name 'mariaDB4jSpringService': Invocation of init method failed; nested exception is java.lang.IllegalStateException: MariaDB4jSpringService start() failed
	at org.springframework.beans.factory.support.ConstructorResolver.createArgumentArray(ConstructorResolver.java:732) ~[spring-beans-5.0.7.RELEASE.jar:5.0.7.RELEASE]
	at org.springframework.beans.factory.support.ConstructorResolver.instantiateUsingFactoryMethod(ConstructorResolver.java:474) ~[spring-beans-5.0.7.RELEASE.jar:5.0.7.RELEASE]
	at org.springframework.beans.factory.support.AbstractAutowireCapableBeanFactory.instantiateUsingFactoryMethod(AbstractAutowireCapableBeanFactory.java:1256) ~[spring-beans-5.0.7.RELEASE.jar:5.0.7.RELEASE]
	at org.springframework.beans.factory.support.AbstractAutowireCapableBeanFactory.createBeanInstance(AbstractAutowireCapableBeanFactory.java:1105) ~[spring-beans-5.0.7.RELEASE.jar:5.0.7.RELEASE]
	at org.springframework.beans.factory.support.AbstractAutowireCapableBeanFactory.doCreateBean(AbstractAutowireCapableBeanFactory.java:543) ~[spring-beans-5.0.7.RELEASE.jar:5.0.7.RELEASE]
	at org.springframework.beans.factory.support.AbstractAutowireCapableBeanFactory.createBean(AbstractAutowireCapableBeanFactory.java:503) ~[spring-beans-5.0.7.RELEASE.jar:5.0.7.RELEASE]
	at org.springframework.beans.factory.support.AbstractBeanFactory.lambda$doGetBean$0(AbstractBeanFactory.java:317) ~[spring-beans-5.0.7.RELEASE.jar:5.0.7.RELEASE]
	at org.springframework.beans.factory.support.DefaultSingletonBeanRegistry.getSingleton(DefaultSingletonBeanRegistry.java:222) ~[spring-beans-5.0.7.RELEASE.jar:5.0.7.RELEASE]
	at org.springframework.beans.factory.support.AbstractBeanFactory.doGetBean(AbstractBeanFactory.java:315) ~[spring-beans-5.0.7.RELEASE.jar:5.0.7.RELEASE]
	at org.springframework.beans.factory.support.AbstractBeanFactory.getBean(AbstractBeanFactory.java:199) ~[spring-beans-5.0.7.RELEASE.jar:5.0.7.RELEASE]
	at org.springframework.beans.factory.config.DependencyDescriptor.resolveCandidate(DependencyDescriptor.java:251) ~[spring-beans-5.0.7.RELEASE.jar:5.0.7.RELEASE]
	at org.springframework.beans.factory.support.DefaultListableBeanFactory.doResolveDependency(DefaultListableBeanFactory.java:1138) ~[spring-beans-5.0.7.RELEASE.jar:5.0.7.RELEASE]
	at org.springframework.beans.factory.support.DefaultListableBeanFactory.resolveDependency(DefaultListableBeanFactory.java:1065) ~[spring-beans-5.0.7.RELEASE.jar:5.0.7.RELEASE]
	at org.springframework.beans.factory.annotation.AutowiredAnnotationBeanPostProcessor$AutowiredFieldElement.inject(AutowiredAnnotationBeanPostProcessor.java:584) ~[spring-beans-5.0.7.RELEASE.jar:5.0.7.RELEASE]
	at org.springframework.beans.factory.annotation.InjectionMetadata.inject(InjectionMetadata.java:91) ~[spring-beans-5.0.7.RELEASE.jar:5.0.7.RELEASE]
	at org.springframework.beans.factory.annotation.AutowiredAnnotationBeanPostProcessor.postProcessPropertyValues(AutowiredAnnotationBeanPostProcessor.java:373) ~[spring-beans-5.0.7.RELEASE.jar:5.0.7.RELEASE]
	at org.springframework.beans.factory.support.AbstractAutowireCapableBeanFactory.populateBean(AbstractAutowireCapableBeanFactory.java:1350) ~[spring-beans-5.0.7.RELEASE.jar:5.0.7.RELEASE]
	at org.springframework.beans.factory.support.AbstractAutowireCapableBeanFactory.doCreateBean(AbstractAutowireCapableBeanFactory.java:580) ~[spring-beans-5.0.7.RELEASE.jar:5.0.7.RELEASE]
	at org.springframework.beans.factory.support.AbstractAutowireCapableBeanFactory.createBean(AbstractAutowireCapableBeanFactory.java:503) ~[spring-beans-5.0.7.RELEASE.jar:5.0.7.RELEASE]
	at org.springframework.beans.factory.support.AbstractBeanFactory.lambda$doGetBean$0(AbstractBeanFactory.java:317) ~[spring-beans-5.0.7.RELEASE.jar:5.0.7.RELEASE]
	at org.springframework.beans.factory.support.DefaultSingletonBeanRegistry.getSingleton(DefaultSingletonBeanRegistry.java:222) ~[spring-beans-5.0.7.RELEASE.jar:5.0.7.RELEASE]
	at org.springframework.beans.factory.support.AbstractBeanFactory.doGetBean(AbstractBeanFactory.java:315) ~[spring-beans-5.0.7.RELEASE.jar:5.0.7.RELEASE]
	at org.springframework.beans.factory.support.AbstractBeanFactory.getBean(AbstractBeanFactory.java:199) ~[spring-beans-5.0.7.RELEASE.jar:5.0.7.RELEASE]
	at org.springframework.beans.factory.support.DefaultListableBeanFactory.preInstantiateSingletons(DefaultListableBeanFactory.java:760) ~[spring-beans-5.0.7.RELEASE.jar:5.0.7.RELEASE]
	at org.springframework.context.support.AbstractApplicationContext.finishBeanFactoryInitialization(AbstractApplicationContext.java:869) ~[spring-context-5.0.7.RELEASE.jar:5.0.7.RELEASE]
	at org.springframework.context.support.AbstractApplicationContext.refresh(AbstractApplicationContext.java:550) ~[spring-context-5.0.7.RELEASE.jar:5.0.7.RELEASE]
	at org.springframework.test.context.support.AbstractGenericContextLoader.loadContext(AbstractGenericContextLoader.java:128) ~[spring-test-5.0.4.RELEASE.jar:5.0.4.RELEASE]
	at org.springframework.test.context.support.AbstractGenericContextLoader.loadContext(AbstractGenericContextLoader.java:60) ~[spring-test-5.0.4.RELEASE.jar:5.0.4.RELEASE]
	at org.springframework.test.context.support.AbstractDelegatingSmartContextLoader.delegateLoading(AbstractDelegatingSmartContextLoader.java:107) ~[spring-test-5.0.4.RELEASE.jar:5.0.4.RELEASE]
	at org.springframework.test.context.support.AbstractDelegatingSmartContextLoader.loadContext(AbstractDelegatingSmartContextLoader.java:243) ~[spring-test-5.0.4.RELEASE.jar:5.0.4.RELEASE]
	at org.springframework.test.context.cache.DefaultCacheAwareContextLoaderDelegate.loadContextInternal(DefaultCacheAwareContextLoaderDelegate.java:99) ~[spring-test-5.0.4.RELEASE.jar:5.0.4.RELEASE]
	at org.springframework.test.context.cache.DefaultCacheAwareContextLoaderDelegate.loadContext(DefaultCacheAwareContextLoaderDelegate.java:117) ~[spring-test-5.0.4.RELEASE.jar:5.0.4.RELEASE]
	... 27 more
Caused by: org.springframework.beans.factory.BeanCreationException: Error creating bean with name 'mariaDB4jSpringService': Invocation of init method failed; nested exception is java.lang.IllegalStateException: MariaDB4jSpringService start() failed
	at org.springframework.beans.factory.annotation.InitDestroyAnnotationBeanPostProcessor.postProcessBeforeInitialization(InitDestroyAnnotationBeanPostProcessor.java:138) ~[spring-beans-5.0.7.RELEASE.jar:5.0.7.RELEASE]
	at org.springframework.beans.factory.support.AbstractAutowireCapableBeanFactory.applyBeanPostProcessorsBeforeInitialization(AbstractAutowireCapableBeanFactory.java:424) ~[spring-beans-5.0.7.RELEASE.jar:5.0.7.RELEASE]
	at org.springframework.beans.factory.support.AbstractAutowireCapableBeanFactory.initializeBean(AbstractAutowireCapableBeanFactory.java:1700) ~[spring-beans-5.0.7.RELEASE.jar:5.0.7.RELEASE]
	at org.springframework.beans.factory.support.AbstractAutowireCapableBeanFactory.doCreateBean(AbstractAutowireCapableBeanFactory.java:581) ~[spring-beans-5.0.7.RELEASE.jar:5.0.7.RELEASE]
	at org.springframework.beans.factory.support.AbstractAutowireCapableBeanFactory.createBean(AbstractAutowireCapableBeanFactory.java:503) ~[spring-beans-5.0.7.RELEASE.jar:5.0.7.RELEASE]
	at org.springframework.beans.factory.support.AbstractBeanFactory.lambda$doGetBean$0(AbstractBeanFactory.java:317) ~[spring-beans-5.0.7.RELEASE.jar:5.0.7.RELEASE]
	at org.springframework.beans.factory.support.DefaultSingletonBeanRegistry.getSingleton(DefaultSingletonBeanRegistry.java:222) ~[spring-beans-5.0.7.RELEASE.jar:5.0.7.RELEASE]
	at org.springframework.beans.factory.support.AbstractBeanFactory.doGetBean(AbstractBeanFactory.java:315) ~[spring-beans-5.0.7.RELEASE.jar:5.0.7.RELEASE]
	at org.springframework.beans.factory.support.AbstractBeanFactory.getBean(AbstractBeanFactory.java:199) ~[spring-beans-5.0.7.RELEASE.jar:5.0.7.RELEASE]
	at org.springframework.beans.factory.config.DependencyDescriptor.resolveCandidate(DependencyDescriptor.java:251) ~[spring-beans-5.0.7.RELEASE.jar:5.0.7.RELEASE]
	at org.springframework.beans.factory.support.DefaultListableBeanFactory.doResolveDependency(DefaultListableBeanFactory.java:1138) ~[spring-beans-5.0.7.RELEASE.jar:5.0.7.RELEASE]
	at org.springframework.beans.factory.support.DefaultListableBeanFactory.resolveDependency(DefaultListableBeanFactory.java:1065) ~[spring-beans-5.0.7.RELEASE.jar:5.0.7.RELEASE]
	at org.springframework.beans.factory.support.ConstructorResolver.resolveAutowiredArgument(ConstructorResolver.java:818) ~[spring-beans-5.0.7.RELEASE.jar:5.0.7.RELEASE]
	at org.springframework.beans.factory.support.ConstructorResolver.createArgumentArray(ConstructorResolver.java:724) ~[spring-beans-5.0.7.RELEASE.jar:5.0.7.RELEASE]
	at org.springframework.beans.factory.support.ConstructorResolver.instantiateUsingFactoryMethod(ConstructorResolver.java:474) ~[spring-beans-5.0.7.RELEASE.jar:5.0.7.RELEASE]
	at org.springframework.beans.factory.support.AbstractAutowireCapableBeanFactory.instantiateUsingFactoryMethod(AbstractAutowireCapableBeanFactory.java:1256) ~[spring-beans-5.0.7.RELEASE.jar:5.0.7.RELEASE]
	at org.springframework.beans.factory.support.AbstractAutowireCapableBeanFactory.createBeanInstance(AbstractAutowireCapableBeanFactory.java:1105) ~[spring-beans-5.0.7.RELEASE.jar:5.0.7.RELEASE]
	at org.springframework.beans.factory.support.AbstractAutowireCapableBeanFactory.doCreateBean(AbstractAutowireCapableBeanFactory.java:543) ~[spring-beans-5.0.7.RELEASE.jar:5.0.7.RELEASE]
	at org.springframework.beans.factory.support.AbstractAutowireCapableBeanFactory.createBean(AbstractAutowireCapableBeanFactory.java:503) ~[spring-beans-5.0.7.RELEASE.jar:5.0.7.RELEASE]
	at org.springframework.beans.factory.support.AbstractBeanFactory.lambda$doGetBean$0(AbstractBeanFactory.java:317) ~[spring-beans-5.0.7.RELEASE.jar:5.0.7.RELEASE]
	at org.springframework.beans.factory.support.DefaultSingletonBeanRegistry.getSingleton(DefaultSingletonBeanRegistry.java:222) ~[spring-beans-5.0.7.RELEASE.jar:5.0.7.RELEASE]
	at org.springframework.beans.factory.support.AbstractBeanFactory.doGetBean(AbstractBeanFactory.java:315) ~[spring-beans-5.0.7.RELEASE.jar:5.0.7.RELEASE]
	at org.springframework.beans.factory.support.AbstractBeanFactory.getBean(AbstractBeanFactory.java:199) ~[spring-beans-5.0.7.RELEASE.jar:5.0.7.RELEASE]
	at org.springframework.beans.factory.config.DependencyDescriptor.resolveCandidate(DependencyDescriptor.java:251) ~[spring-beans-5.0.7.RELEASE.jar:5.0.7.RELEASE]
	at org.springframework.beans.factory.support.DefaultListableBeanFactory.doResolveDependency(DefaultListableBeanFactory.java:1138) ~[spring-beans-5.0.7.RELEASE.jar:5.0.7.RELEASE]
	at org.springframework.beans.factory.support.DefaultListableBeanFactory.resolveDependency(DefaultListableBeanFactory.java:1065) ~[spring-beans-5.0.7.RELEASE.jar:5.0.7.RELEASE]
	at org.springframework.beans.factory.annotation.AutowiredAnnotationBeanPostProcessor$AutowiredFieldElement.inject(AutowiredAnnotationBeanPostProcessor.java:584) ~[spring-beans-5.0.7.RELEASE.jar:5.0.7.RELEASE]
	at org.springframework.beans.factory.annotation.InjectionMetadata.inject(InjectionMetadata.java:91) ~[spring-beans-5.0.7.RELEASE.jar:5.0.7.RELEASE]
	at org.springframework.beans.factory.annotation.AutowiredAnnotationBeanPostProcessor.postProcessPropertyValues(AutowiredAnnotationBeanPostProcessor.java:373) ~[spring-beans-5.0.7.RELEASE.jar:5.0.7.RELEASE]
	at org.springframework.beans.factory.support.AbstractAutowireCapableBeanFactory.populateBean(AbstractAutowireCapableBeanFactory.java:1350) ~[spring-beans-5.0.7.RELEASE.jar:5.0.7.RELEASE]
	at org.springframework.beans.factory.support.AbstractAutowireCapableBeanFactory.doCreateBean(AbstractAutowireCapableBeanFactory.java:580) ~[spring-beans-5.0.7.RELEASE.jar:5.0.7.RELEASE]
	at org.springframework.beans.factory.support.AbstractAutowireCapableBeanFactory.createBean(AbstractAutowireCapableBeanFactory.java:503) ~[spring-beans-5.0.7.RELEASE.jar:5.0.7.RELEASE]
	at org.springframework.beans.factory.support.AbstractBeanFactory.lambda$doGetBean$0(AbstractBeanFactory.java:317) ~[spring-beans-5.0.7.RELEASE.jar:5.0.7.RELEASE]
	at org.springframework.beans.factory.support.DefaultSingletonBeanRegistry.getSingleton(DefaultSingletonBeanRegistry.java:222) ~[spring-beans-5.0.7.RELEASE.jar:5.0.7.RELEASE]
	at org.springframework.beans.factory.support.AbstractBeanFactory.doGetBean(AbstractBeanFactory.java:315) ~[spring-beans-5.0.7.RELEASE.jar:5.0.7.RELEASE]
	at org.springframework.beans.factory.support.AbstractBeanFactory.getBean(AbstractBeanFactory.java:199) ~[spring-beans-5.0.7.RELEASE.jar:5.0.7.RELEASE]
	at org.springframework.beans.factory.support.DefaultListableBeanFactory.preInstantiateSingletons(DefaultListableBeanFactory.java:760) ~[spring-beans-5.0.7.RELEASE.jar:5.0.7.RELEASE]
	at org.springframework.context.support.AbstractApplicationContext.finishBeanFactoryInitialization(AbstractApplicationContext.java:869) ~[spring-context-5.0.7.RELEASE.jar:5.0.7.RELEASE]
	at org.springframework.context.support.AbstractApplicationContext.refresh(AbstractApplicationContext.java:550) ~[spring-context-5.0.7.RELEASE.jar:5.0.7.RELEASE]
	at org.springframework.test.context.support.AbstractGenericContextLoader.loadContext(AbstractGenericContextLoader.java:128) ~[spring-test-5.0.4.RELEASE.jar:5.0.4.RELEASE]
	at org.springframework.test.context.support.AbstractGenericContextLoader.loadContext(AbstractGenericContextLoader.java:60) ~[spring-test-5.0.4.RELEASE.jar:5.0.4.RELEASE]
	at org.springframework.test.context.support.AbstractDelegatingSmartContextLoader.delegateLoading(AbstractDelegatingSmartContextLoader.java:107) ~[spring-test-5.0.4.RELEASE.jar:5.0.4.RELEASE]
	at org.springframework.test.context.support.AbstractDelegatingSmartContextLoader.loadContext(AbstractDelegatingSmartContextLoader.java:243) ~[spring-test-5.0.4.RELEASE.jar:5.0.4.RELEASE]
	at org.springframework.test.context.cache.DefaultCacheAwareContextLoaderDelegate.loadContextInternal(DefaultCacheAwareContextLoaderDelegate.java:99) ~[spring-test-5.0.4.RELEASE.jar:5.0.4.RELEASE]
	at org.springframework.test.context.cache.DefaultCacheAwareContextLoaderDelegate.loadContext(DefaultCacheAwareContextLoaderDelegate.java:117) ~[spring-test-5.0.4.RELEASE.jar:5.0.4.RELEASE]
	... 27 more
Caused by: java.lang.IllegalStateException: MariaDB4jSpringService start() failed
	at ch.vorburger.mariadb4j.springframework.MariaDB4jSpringService.start(MariaDB4jSpringService.java:99) ~[mariaDB4j-core-2.2.3.jar:?]
	at sun.reflect.GeneratedMethodAccessor52.invoke(Unknown Source) ~[?:?]
	at sun.reflect.DelegatingMethodAccessorImpl.invoke(DelegatingMethodAccessorImpl.java:43) ~[?:1.8.0_121]
	at java.lang.reflect.Method.invoke(Method.java:498) ~[?:1.8.0_121]
	at org.springframework.beans.factory.annotation.InitDestroyAnnotationBeanPostProcessor$LifecycleElement.invoke(InitDestroyAnnotationBeanPostProcessor.java:365) ~[spring-beans-5.0.7.RELEASE.jar:5.0.7.RELEASE]
	at org.springframework.beans.factory.annotation.InitDestroyAnnotationBeanPostProcessor$LifecycleMetadata.invokeInitMethods(InitDestroyAnnotationBeanPostProcessor.java:308) ~[spring-beans-5.0.7.RELEASE.jar:5.0.7.RELEASE]
	at org.springframework.beans.factory.annotation.InitDestroyAnnotationBeanPostProcessor.postProcessBeforeInitialization(InitDestroyAnnotationBeanPostProcessor.java:135) ~[spring-beans-5.0.7.RELEASE.jar:5.0.7.RELEASE]
	at org.springframework.beans.factory.support.AbstractAutowireCapableBeanFactory.applyBeanPostProcessorsBeforeInitialization(AbstractAutowireCapableBeanFactory.java:424) ~[spring-beans-5.0.7.RELEASE.jar:5.0.7.RELEASE]
	at org.springframework.beans.factory.support.AbstractAutowireCapableBeanFactory.initializeBean(AbstractAutowireCapableBeanFactory.java:1700) ~[spring-beans-5.0.7.RELEASE.jar:5.0.7.RELEASE]
	at org.springframework.beans.factory.support.AbstractAutowireCapableBeanFactory.doCreateBean(AbstractAutowireCapableBeanFactory.java:581) ~[spring-beans-5.0.7.RELEASE.jar:5.0.7.RELEASE]
	at org.springframework.beans.factory.support.AbstractAutowireCapableBeanFactory.createBean(AbstractAutowireCapableBeanFactory.java:503) ~[spring-beans-5.0.7.RELEASE.jar:5.0.7.RELEASE]
	at org.springframework.beans.factory.support.AbstractBeanFactory.lambda$doGetBean$0(AbstractBeanFactory.java:317) ~[spring-beans-5.0.7.RELEASE.jar:5.0.7.RELEASE]
	at org.springframework.beans.factory.support.DefaultSingletonBeanRegistry.getSingleton(DefaultSingletonBeanRegistry.java:222) ~[spring-beans-5.0.7.RELEASE.jar:5.0.7.RELEASE]
	at org.springframework.beans.factory.support.AbstractBeanFactory.doGetBean(AbstractBeanFactory.java:315) ~[spring-beans-5.0.7.RELEASE.jar:5.0.7.RELEASE]
	at org.springframework.beans.factory.support.AbstractBeanFactory.getBean(AbstractBeanFactory.java:199) ~[spring-beans-5.0.7.RELEASE.jar:5.0.7.RELEASE]
	at org.springframework.beans.factory.config.DependencyDescriptor.resolveCandidate(DependencyDescriptor.java:251) ~[spring-beans-5.0.7.RELEASE.jar:5.0.7.RELEASE]
	at org.springframework.beans.factory.support.DefaultListableBeanFactory.doResolveDependency(DefaultListableBeanFactory.java:1138) ~[spring-beans-5.0.7.RELEASE.jar:5.0.7.RELEASE]
	at org.springframework.beans.factory.support.DefaultListableBeanFactory.resolveDependency(DefaultListableBeanFactory.java:1065) ~[spring-beans-5.0.7.RELEASE.jar:5.0.7.RELEASE]
	at org.springframework.beans.factory.support.ConstructorResolver.resolveAutowiredArgument(ConstructorResolver.java:818) ~[spring-beans-5.0.7.RELEASE.jar:5.0.7.RELEASE]
	at org.springframework.beans.factory.support.ConstructorResolver.createArgumentArray(ConstructorResolver.java:724) ~[spring-beans-5.0.7.RELEASE.jar:5.0.7.RELEASE]
	at org.springframework.beans.factory.support.ConstructorResolver.instantiateUsingFactoryMethod(ConstructorResolver.java:474) ~[spring-beans-5.0.7.RELEASE.jar:5.0.7.RELEASE]
	at org.springframework.beans.factory.support.AbstractAutowireCapableBeanFactory.instantiateUsingFactoryMethod(AbstractAutowireCapableBeanFactory.java:1256) ~[spring-beans-5.0.7.RELEASE.jar:5.0.7.RELEASE]
	at org.springframework.beans.factory.support.AbstractAutowireCapableBeanFactory.createBeanInstance(AbstractAutowireCapableBeanFactory.java:1105) ~[spring-beans-5.0.7.RELEASE.jar:5.0.7.RELEASE]
	at org.springframework.beans.factory.support.AbstractAutowireCapableBeanFactory.doCreateBean(AbstractAutowireCapableBeanFactory.java:543) ~[spring-beans-5.0.7.RELEASE.jar:5.0.7.RELEASE]
	at org.springframework.beans.factory.support.AbstractAutowireCapableBeanFactory.createBean(AbstractAutowireCapableBeanFactory.java:503) ~[spring-beans-5.0.7.RELEASE.jar:5.0.7.RELEASE]
	at org.springframework.beans.factory.support.AbstractBeanFactory.lambda$doGetBean$0(AbstractBeanFactory.java:317) ~[spring-beans-5.0.7.RELEASE.jar:5.0.7.RELEASE]
	at org.springframework.beans.factory.support.DefaultSingletonBeanRegistry.getSingleton(DefaultSingletonBeanRegistry.java:222) ~[spring-beans-5.0.7.RELEASE.jar:5.0.7.RELEASE]
	at org.springframework.beans.factory.support.AbstractBeanFactory.doGetBean(AbstractBeanFactory.java:315) ~[spring-beans-5.0.7.RELEASE.jar:5.0.7.RELEASE]
	at org.springframework.beans.factory.support.AbstractBeanFactory.getBean(AbstractBeanFactory.java:199) ~[spring-beans-5.0.7.RELEASE.jar:5.0.7.RELEASE]
	at org.springframework.beans.factory.config.DependencyDescriptor.resolveCandidate(DependencyDescriptor.java:251) ~[spring-beans-5.0.7.RELEASE.jar:5.0.7.RELEASE]
	at org.springframework.beans.factory.support.DefaultListableBeanFactory.doResolveDependency(DefaultListableBeanFactory.java:1138) ~[spring-beans-5.0.7.RELEASE.jar:5.0.7.RELEASE]
	at org.springframework.beans.factory.support.DefaultListableBeanFactory.resolveDependency(DefaultListableBeanFactory.java:1065) ~[spring-beans-5.0.7.RELEASE.jar:5.0.7.RELEASE]
	at org.springframework.beans.factory.annotation.AutowiredAnnotationBeanPostProcessor$AutowiredFieldElement.inject(AutowiredAnnotationBeanPostProcessor.java:584) ~[spring-beans-5.0.7.RELEASE.jar:5.0.7.RELEASE]
	at org.springframework.beans.factory.annotation.InjectionMetadata.inject(InjectionMetadata.java:91) ~[spring-beans-5.0.7.RELEASE.jar:5.0.7.RELEASE]
	at org.springframework.beans.factory.annotation.AutowiredAnnotationBeanPostProcessor.postProcessPropertyValues(AutowiredAnnotationBeanPostProcessor.java:373) ~[spring-beans-5.0.7.RELEASE.jar:5.0.7.RELEASE]
	at org.springframework.beans.factory.support.AbstractAutowireCapableBeanFactory.populateBean(AbstractAutowireCapableBeanFactory.java:1350) ~[spring-beans-5.0.7.RELEASE.jar:5.0.7.RELEASE]
	at org.springframework.beans.factory.support.AbstractAutowireCapableBeanFactory.doCreateBean(AbstractAutowireCapableBeanFactory.java:580) ~[spring-beans-5.0.7.RELEASE.jar:5.0.7.RELEASE]
	at org.springframework.beans.factory.support.AbstractAutowireCapableBeanFactory.createBean(AbstractAutowireCapableBeanFactory.java:503) ~[spring-beans-5.0.7.RELEASE.jar:5.0.7.RELEASE]
	at org.springframework.beans.factory.support.AbstractBeanFactory.lambda$doGetBean$0(AbstractBeanFactory.java:317) ~[spring-beans-5.0.7.RELEASE.jar:5.0.7.RELEASE]
	at org.springframework.beans.factory.support.DefaultSingletonBeanRegistry.getSingleton(DefaultSingletonBeanRegistry.java:222) ~[spring-beans-5.0.7.RELEASE.jar:5.0.7.RELEASE]
	at org.springframework.beans.factory.support.AbstractBeanFactory.doGetBean(AbstractBeanFactory.java:315) ~[spring-beans-5.0.7.RELEASE.jar:5.0.7.RELEASE]
	at org.springframework.beans.factory.support.AbstractBeanFactory.getBean(AbstractBeanFactory.java:199) ~[spring-beans-5.0.7.RELEASE.jar:5.0.7.RELEASE]
	at org.springframework.beans.factory.support.DefaultListableBeanFactory.preInstantiateSingletons(DefaultListableBeanFactory.java:760) ~[spring-beans-5.0.7.RELEASE.jar:5.0.7.RELEASE]
	at org.springframework.context.support.AbstractApplicationContext.finishBeanFactoryInitialization(AbstractApplicationContext.java:869) ~[spring-context-5.0.7.RELEASE.jar:5.0.7.RELEASE]
	at org.springframework.context.support.AbstractApplicationContext.refresh(AbstractApplicationContext.java:550) ~[spring-context-5.0.7.RELEASE.jar:5.0.7.RELEASE]
	at org.springframework.test.context.support.AbstractGenericContextLoader.loadContext(AbstractGenericContextLoader.java:128) ~[spring-test-5.0.4.RELEASE.jar:5.0.4.RELEASE]
	at org.springframework.test.context.support.AbstractGenericContextLoader.loadContext(AbstractGenericContextLoader.java:60) ~[spring-test-5.0.4.RELEASE.jar:5.0.4.RELEASE]
	at org.springframework.test.context.support.AbstractDelegatingSmartContextLoader.delegateLoading(AbstractDelegatingSmartContextLoader.java:107) ~[spring-test-5.0.4.RELEASE.jar:5.0.4.RELEASE]
	at org.springframework.test.context.support.AbstractDelegatingSmartContextLoader.loadContext(AbstractDelegatingSmartContextLoader.java:243) ~[spring-test-5.0.4.RELEASE.jar:5.0.4.RELEASE]
	at org.springframework.test.context.cache.DefaultCacheAwareContextLoaderDelegate.loadContextInternal(DefaultCacheAwareContextLoaderDelegate.java:99) ~[spring-test-5.0.4.RELEASE.jar:5.0.4.RELEASE]
	at org.springframework.test.context.cache.DefaultCacheAwareContextLoaderDelegate.loadContext(DefaultCacheAwareContextLoaderDelegate.java:117) ~[spring-test-5.0.4.RELEASE.jar:5.0.4.RELEASE]
	... 27 more
Caused by: ch.vorburger.exec.ManagedProcessException: An error occurred while starting the database
	at ch.vorburger.mariadb4j.DB.start(DB.java:151) ~[mariaDB4j-core-2.2.3.jar:?]
	at ch.vorburger.mariadb4j.MariaDB4jService.start(MariaDB4jService.java:67) ~[mariaDB4j-core-2.2.3.jar:?]
	at ch.vorburger.mariadb4j.springframework.MariaDB4jSpringService.start(MariaDB4jSpringService.java:96) ~[mariaDB4j-core-2.2.3.jar:?]
	at sun.reflect.GeneratedMethodAccessor52.invoke(Unknown Source) ~[?:?]
	at sun.reflect.DelegatingMethodAccessorImpl.invoke(DelegatingMethodAccessorImpl.java:43) ~[?:1.8.0_121]
	at java.lang.reflect.Method.invoke(Method.java:498) ~[?:1.8.0_121]
	at org.springframework.beans.factory.annotation.InitDestroyAnnotationBeanPostProcessor$LifecycleElement.invoke(InitDestroyAnnotationBeanPostProcessor.java:365) ~[spring-beans-5.0.7.RELEASE.jar:5.0.7.RELEASE]
	at org.springframework.beans.factory.annotation.InitDestroyAnnotationBeanPostProcessor$LifecycleMetadata.invokeInitMethods(InitDestroyAnnotationBeanPostProcessor.java:308) ~[spring-beans-5.0.7.RELEASE.jar:5.0.7.RELEASE]
	at org.springframework.beans.factory.annotation.InitDestroyAnnotationBeanPostProcessor.postProcessBeforeInitialization(InitDestroyAnnotationBeanPostProcessor.java:135) ~[spring-beans-5.0.7.RELEASE.jar:5.0.7.RELEASE]
	at org.springframework.beans.factory.support.AbstractAutowireCapableBeanFactory.applyBeanPostProcessorsBeforeInitialization(AbstractAutowireCapableBeanFactory.java:424) ~[spring-beans-5.0.7.RELEASE.jar:5.0.7.RELEASE]
	at org.springframework.beans.factory.support.AbstractAutowireCapableBeanFactory.initializeBean(AbstractAutowireCapableBeanFactory.java:1700) ~[spring-beans-5.0.7.RELEASE.jar:5.0.7.RELEASE]
	at org.springframework.beans.factory.support.AbstractAutowireCapableBeanFactory.doCreateBean(AbstractAutowireCapableBeanFactory.java:581) ~[spring-beans-5.0.7.RELEASE.jar:5.0.7.RELEASE]
	at org.springframework.beans.factory.support.AbstractAutowireCapableBeanFactory.createBean(AbstractAutowireCapableBeanFactory.java:503) ~[spring-beans-5.0.7.RELEASE.jar:5.0.7.RELEASE]
	at org.springframework.beans.factory.support.AbstractBeanFactory.lambda$doGetBean$0(AbstractBeanFactory.java:317) ~[spring-beans-5.0.7.RELEASE.jar:5.0.7.RELEASE]
	at org.springframework.beans.factory.support.DefaultSingletonBeanRegistry.getSingleton(DefaultSingletonBeanRegistry.java:222) ~[spring-beans-5.0.7.RELEASE.jar:5.0.7.RELEASE]
	at org.springframework.beans.factory.support.AbstractBeanFactory.doGetBean(AbstractBeanFactory.java:315) ~[spring-beans-5.0.7.RELEASE.jar:5.0.7.RELEASE]
	at org.springframework.beans.factory.support.AbstractBeanFactory.getBean(AbstractBeanFactory.java:199) ~[spring-beans-5.0.7.RELEASE.jar:5.0.7.RELEASE]
	at org.springframework.beans.factory.config.DependencyDescriptor.resolveCandidate(DependencyDescriptor.java:251) ~[spring-beans-5.0.7.RELEASE.jar:5.0.7.RELEASE]
	at org.springframework.beans.factory.support.DefaultListableBeanFactory.doResolveDependency(DefaultListableBeanFactory.java:1138) ~[spring-beans-5.0.7.RELEASE.jar:5.0.7.RELEASE]
	at org.springframework.beans.factory.support.DefaultListableBeanFactory.resolveDependency(DefaultListableBeanFactory.java:1065) ~[spring-beans-5.0.7.RELEASE.jar:5.0.7.RELEASE]
	at org.springframework.beans.factory.support.ConstructorResolver.resolveAutowiredArgument(ConstructorResolver.java:818) ~[spring-beans-5.0.7.RELEASE.jar:5.0.7.RELEASE]
	at org.springframework.beans.factory.support.ConstructorResolver.createArgumentArray(ConstructorResolver.java:724) ~[spring-beans-5.0.7.RELEASE.jar:5.0.7.RELEASE]
	at org.springframework.beans.factory.support.ConstructorResolver.instantiateUsingFactoryMethod(ConstructorResolver.java:474) ~[spring-beans-5.0.7.RELEASE.jar:5.0.7.RELEASE]
	at org.springframework.beans.factory.support.AbstractAutowireCapableBeanFactory.instantiateUsingFactoryMethod(AbstractAutowireCapableBeanFactory.java:1256) ~[spring-beans-5.0.7.RELEASE.jar:5.0.7.RELEASE]
	at org.springframework.beans.factory.support.AbstractAutowireCapableBeanFactory.createBeanInstance(AbstractAutowireCapableBeanFactory.java:1105) ~[spring-beans-5.0.7.RELEASE.jar:5.0.7.RELEASE]
	at org.springframework.beans.factory.support.AbstractAutowireCapableBeanFactory.doCreateBean(AbstractAutowireCapableBeanFactory.java:543) ~[spring-beans-5.0.7.RELEASE.jar:5.0.7.RELEASE]
	at org.springframework.beans.factory.support.AbstractAutowireCapableBeanFactory.createBean(AbstractAutowireCapableBeanFactory.java:503) ~[spring-beans-5.0.7.RELEASE.jar:5.0.7.RELEASE]
	at org.springframework.beans.factory.support.AbstractBeanFactory.lambda$doGetBean$0(AbstractBeanFactory.java:317) ~[spring-beans-5.0.7.RELEASE.jar:5.0.7.RELEASE]
	at org.springframework.beans.factory.support.DefaultSingletonBeanRegistry.getSingleton(DefaultSingletonBeanRegistry.java:222) ~[spring-beans-5.0.7.RELEASE.jar:5.0.7.RELEASE]
	at org.springframework.beans.factory.support.AbstractBeanFactory.doGetBean(AbstractBeanFactory.java:315) ~[spring-beans-5.0.7.RELEASE.jar:5.0.7.RELEASE]
	at org.springframework.beans.factory.support.AbstractBeanFactory.getBean(AbstractBeanFactory.java:199) ~[spring-beans-5.0.7.RELEASE.jar:5.0.7.RELEASE]
	at org.springframework.beans.factory.config.DependencyDescriptor.resolveCandidate(DependencyDescriptor.java:251) ~[spring-beans-5.0.7.RELEASE.jar:5.0.7.RELEASE]
	at org.springframework.beans.factory.support.DefaultListableBeanFactory.doResolveDependency(DefaultListableBeanFactory.java:1138) ~[spring-beans-5.0.7.RELEASE.jar:5.0.7.RELEASE]
	at org.springframework.beans.factory.support.DefaultListableBeanFactory.resolveDependency(DefaultListableBeanFactory.java:1065) ~[spring-beans-5.0.7.RELEASE.jar:5.0.7.RELEASE]
	at org.springframework.beans.factory.annotation.AutowiredAnnotationBeanPostProcessor$AutowiredFieldElement.inject(AutowiredAnnotationBeanPostProcessor.java:584) ~[spring-beans-5.0.7.RELEASE.jar:5.0.7.RELEASE]
	at org.springframework.beans.factory.annotation.InjectionMetadata.inject(InjectionMetadata.java:91) ~[spring-beans-5.0.7.RELEASE.jar:5.0.7.RELEASE]
	at org.springframework.beans.factory.annotation.AutowiredAnnotationBeanPostProcessor.postProcessPropertyValues(AutowiredAnnotationBeanPostProcessor.java:373) ~[spring-beans-5.0.7.RELEASE.jar:5.0.7.RELEASE]
	at org.springframework.beans.factory.support.AbstractAutowireCapableBeanFactory.populateBean(AbstractAutowireCapableBeanFactory.java:1350) ~[spring-beans-5.0.7.RELEASE.jar:5.0.7.RELEASE]
	at org.springframework.beans.factory.support.AbstractAutowireCapableBeanFactory.doCreateBean(AbstractAutowireCapableBeanFactory.java:580) ~[spring-beans-5.0.7.RELEASE.jar:5.0.7.RELEASE]
	at org.springframework.beans.factory.support.AbstractAutowireCapableBeanFactory.createBean(AbstractAutowireCapableBeanFactory.java:503) ~[spring-beans-5.0.7.RELEASE.jar:5.0.7.RELEASE]
	at org.springframework.beans.factory.support.AbstractBeanFactory.lambda$doGetBean$0(AbstractBeanFactory.java:317) ~[spring-beans-5.0.7.RELEASE.jar:5.0.7.RELEASE]
	at org.springframework.beans.factory.support.DefaultSingletonBeanRegistry.getSingleton(DefaultSingletonBeanRegistry.java:222) ~[spring-beans-5.0.7.RELEASE.jar:5.0.7.RELEASE]
	at org.springframework.beans.factory.support.AbstractBeanFactory.doGetBean(AbstractBeanFactory.java:315) ~[spring-beans-5.0.7.RELEASE.jar:5.0.7.RELEASE]
	at org.springframework.beans.factory.support.AbstractBeanFactory.getBean(AbstractBeanFactory.java:199) ~[spring-beans-5.0.7.RELEASE.jar:5.0.7.RELEASE]
	at org.springframework.beans.factory.support.DefaultListableBeanFactory.preInstantiateSingletons(DefaultListableBeanFactory.java:760) ~[spring-beans-5.0.7.RELEASE.jar:5.0.7.RELEASE]
	at org.springframework.context.support.AbstractApplicationContext.finishBeanFactoryInitialization(AbstractApplicationContext.java:869) ~[spring-context-5.0.7.RELEASE.jar:5.0.7.RELEASE]
	at org.springframework.context.support.AbstractApplicationContext.refresh(AbstractApplicationContext.java:550) ~[spring-context-5.0.7.RELEASE.jar:5.0.7.RELEASE]
	at org.springframework.test.context.support.AbstractGenericContextLoader.loadContext(AbstractGenericContextLoader.java:128) ~[spring-test-5.0.4.RELEASE.jar:5.0.4.RELEASE]
	at org.springframework.test.context.support.AbstractGenericContextLoader.loadContext(AbstractGenericContextLoader.java:60) ~[spring-test-5.0.4.RELEASE.jar:5.0.4.RELEASE]
	at org.springframework.test.context.support.AbstractDelegatingSmartContextLoader.delegateLoading(AbstractDelegatingSmartContextLoader.java:107) ~[spring-test-5.0.4.RELEASE.jar:5.0.4.RELEASE]
	at org.springframework.test.context.support.AbstractDelegatingSmartContextLoader.loadContext(AbstractDelegatingSmartContextLoader.java:243) ~[spring-test-5.0.4.RELEASE.jar:5.0.4.RELEASE]
	at org.springframework.test.context.cache.DefaultCacheAwareContextLoaderDelegate.loadContextInternal(DefaultCacheAwareContextLoaderDelegate.java:99) ~[spring-test-5.0.4.RELEASE.jar:5.0.4.RELEASE]
	at org.springframework.test.context.cache.DefaultCacheAwareContextLoaderDelegate.loadContext(DefaultCacheAwareContextLoaderDelegate.java:117) ~[spring-test-5.0.4.RELEASE.jar:5.0.4.RELEASE]
	... 27 more
Caused by: ch.vorburger.exec.ManagedProcessException: Asked to wait for "mysqld: ready for connections." from Program [/tmp/MariaDB4j/base/bin/mysqld, --no-defaults, --console, --skip-grant-tables, --max_allowed_packet=64M, --basedir=/tmp/MariaDB4j/base, --datadir=/tmp/MariaDB4j/data/38499, --port=38499, --socket=/tmp/MariaDB4j.38499.sock] (in working directory /tmp/MariaDB4j/base), but it already exited! (without that message in console), last 100 lines of console:
2018-07-28  7:01:37 139664068892544 [Note] /tmp/MariaDB4j/base/bin/mysqld (mysqld 10.1.13-MariaDB) starting as process 3348 ...
2018-07-28  7:01:37 139664068892544 [ERROR] Fatal error: Please consult the Knowledge Base to find out how to run mysqld as root!

2018-07-28  7:01:37 139664068892544 [ERROR] Aborting

	at ch.vorburger.exec.ManagedProcess.startAndWaitForConsoleMessageMaxMs(ManagedProcess.java:263) ~[mariaDB4j-core-2.2.3.jar:?]
	at ch.vorburger.mariadb4j.DB.start(DB.java:148) ~[mariaDB4j-core-2.2.3.jar:?]
	at ch.vorburger.mariadb4j.MariaDB4jService.start(MariaDB4jService.java:67) ~[mariaDB4j-core-2.2.3.jar:?]
	at ch.vorburger.mariadb4j.springframework.MariaDB4jSpringService.start(MariaDB4jSpringService.java:96) ~[mariaDB4j-core-2.2.3.jar:?]
	at sun.reflect.GeneratedMethodAccessor52.invoke(Unknown Source) ~[?:?]
	at sun.reflect.DelegatingMethodAccessorImpl.invoke(DelegatingMethodAccessorImpl.java:43) ~[?:1.8.0_121]
	at java.lang.reflect.Method.invoke(Method.java:498) ~[?:1.8.0_121]
	at org.springframework.beans.factory.annotation.InitDestroyAnnotationBeanPostProcessor$LifecycleElement.invoke(InitDestroyAnnotationBeanPostProcessor.java:365) ~[spring-beans-5.0.7.RELEASE.jar:5.0.7.RELEASE]
	at org.springframework.beans.factory.annotation.InitDestroyAnnotationBeanPostProcessor$LifecycleMetadata.invokeInitMethods(InitDestroyAnnotationBeanPostProcessor.java:308) ~[spring-beans-5.0.7.RELEASE.jar:5.0.7.RELEASE]
	at org.springframework.beans.factory.annotation.InitDestroyAnnotationBeanPostProcessor.postProcessBeforeInitialization(InitDestroyAnnotationBeanPostProcessor.java:135) ~[spring-beans-5.0.7.RELEASE.jar:5.0.7.RELEASE]
	at org.springframework.beans.factory.support.AbstractAutowireCapableBeanFactory.applyBeanPostProcessorsBeforeInitialization(AbstractAutowireCapableBeanFactory.java:424) ~[spring-beans-5.0.7.RELEASE.jar:5.0.7.RELEASE]
	at org.springframework.beans.factory.support.AbstractAutowireCapableBeanFactory.initializeBean(AbstractAutowireCapableBeanFactory.java:1700) ~[spring-beans-5.0.7.RELEASE.jar:5.0.7.RELEASE]
	at org.springframework.beans.factory.support.AbstractAutowireCapableBeanFactory.doCreateBean(AbstractAutowireCapableBeanFactory.java:581) ~[spring-beans-5.0.7.RELEASE.jar:5.0.7.RELEASE]
	at org.springframework.beans.factory.support.AbstractAutowireCapableBeanFactory.createBean(AbstractAutowireCapableBeanFactory.java:503) ~[spring-beans-5.0.7.RELEASE.jar:5.0.7.RELEASE]
	at org.springframework.beans.factory.support.AbstractBeanFactory.lambda$doGetBean$0(AbstractBeanFactory.java:317) ~[spring-beans-5.0.7.RELEASE.jar:5.0.7.RELEASE]
	at org.springframework.beans.factory.support.DefaultSingletonBeanRegistry.getSingleton(DefaultSingletonBeanRegistry.java:222) ~[spring-beans-5.0.7.RELEASE.jar:5.0.7.RELEASE]
	at org.springframework.beans.factory.support.AbstractBeanFactory.doGetBean(AbstractBeanFactory.java:315) ~[spring-beans-5.0.7.RELEASE.jar:5.0.7.RELEASE]
	at org.springframework.beans.factory.support.AbstractBeanFactory.getBean(AbstractBeanFactory.java:199) ~[spring-beans-5.0.7.RELEASE.jar:5.0.7.RELEASE]
	at org.springframework.beans.factory.config.DependencyDescriptor.resolveCandidate(DependencyDescriptor.java:251) ~[spring-beans-5.0.7.RELEASE.jar:5.0.7.RELEASE]
	at org.springframework.beans.factory.support.DefaultListableBeanFactory.doResolveDependency(DefaultListableBeanFactory.java:1138) ~[spring-beans-5.0.7.RELEASE.jar:5.0.7.RELEASE]
	at org.springframework.beans.factory.support.DefaultListableBeanFactory.resolveDependency(DefaultListableBeanFactory.java:1065) ~[spring-beans-5.0.7.RELEASE.jar:5.0.7.RELEASE]
	at org.springframework.beans.factory.support.ConstructorResolver.resolveAutowiredArgument(ConstructorResolver.java:818) ~[spring-beans-5.0.7.RELEASE.jar:5.0.7.RELEASE]
	at org.springframework.beans.factory.support.ConstructorResolver.createArgumentArray(ConstructorResolver.java:724) ~[spring-beans-5.0.7.RELEASE.jar:5.0.7.RELEASE]
	at org.springframework.beans.factory.support.ConstructorResolver.instantiateUsingFactoryMethod(ConstructorResolver.java:474) ~[spring-beans-5.0.7.RELEASE.jar:5.0.7.RELEASE]
	at org.springframework.beans.factory.support.AbstractAutowireCapableBeanFactory.instantiateUsingFactoryMethod(AbstractAutowireCapableBeanFactory.java:1256) ~[spring-beans-5.0.7.RELEASE.jar:5.0.7.RELEASE]
	at org.springframework.beans.factory.support.AbstractAutowireCapableBeanFactory.createBeanInstance(AbstractAutowireCapableBeanFactory.java:1105) ~[spring-beans-5.0.7.RELEASE.jar:5.0.7.RELEASE]
	at org.springframework.beans.factory.support.AbstractAutowireCapableBeanFactory.doCreateBean(AbstractAutowireCapableBeanFactory.java:543) ~[spring-beans-5.0.7.RELEASE.jar:5.0.7.RELEASE]
	at org.springframework.beans.factory.support.AbstractAutowireCapableBeanFactory.createBean(AbstractAutowireCapableBeanFactory.java:503) ~[spring-beans-5.0.7.RELEASE.jar:5.0.7.RELEASE]
	at org.springframework.beans.factory.support.AbstractBeanFactory.lambda$doGetBean$0(AbstractBeanFactory.java:317) ~[spring-beans-5.0.7.RELEASE.jar:5.0.7.RELEASE]
	at org.springframework.beans.factory.support.DefaultSingletonBeanRegistry.getSingleton(DefaultSingletonBeanRegistry.java:222) ~[spring-beans-5.0.7.RELEASE.jar:5.0.7.RELEASE]
	at org.springframework.beans.factory.support.AbstractBeanFactory.doGetBean(AbstractBeanFactory.java:315) ~[spring-beans-5.0.7.RELEASE.jar:5.0.7.RELEASE]
	at org.springframework.beans.factory.support.AbstractBeanFactory.getBean(AbstractBeanFactory.java:199) ~[spring-beans-5.0.7.RELEASE.jar:5.0.7.RELEASE]
	at org.springframework.beans.factory.config.DependencyDescriptor.resolveCandidate(DependencyDescriptor.java:251) ~[spring-beans-5.0.7.RELEASE.jar:5.0.7.RELEASE]
	at org.springframework.beans.factory.support.DefaultListableBeanFactory.doResolveDependency(DefaultListableBeanFactory.java:1138) ~[spring-beans-5.0.7.RELEASE.jar:5.0.7.RELEASE]
	at org.springframework.beans.factory.support.DefaultListableBeanFactory.resolveDependency(DefaultListableBeanFactory.java:1065) ~[spring-beans-5.0.7.RELEASE.jar:5.0.7.RELEASE]
	at org.springframework.beans.factory.annotation.AutowiredAnnotationBeanPostProcessor$AutowiredFieldElement.inject(AutowiredAnnotationBeanPostProcessor.java:584) ~[spring-beans-5.0.7.RELEASE.jar:5.0.7.RELEASE]
	at org.springframework.beans.factory.annotation.InjectionMetadata.inject(InjectionMetadata.java:91) ~[spring-beans-5.0.7.RELEASE.jar:5.0.7.RELEASE]
	at org.springframework.beans.factory.annotation.AutowiredAnnotationBeanPostProcessor.postProcessPropertyValues(AutowiredAnnotationBeanPostProcessor.java:373) ~[spring-beans-5.0.7.RELEASE.jar:5.0.7.RELEASE]
	at org.springframework.beans.factory.support.AbstractAutowireCapableBeanFactory.populateBean(AbstractAutowireCapableBeanFactory.java:1350) ~[spring-beans-5.0.7.RELEASE.jar:5.0.7.RELEASE]
	at org.springframework.beans.factory.support.AbstractAutowireCapableBeanFactory.doCreateBean(AbstractAutowireCapableBeanFactory.java:580) ~[spring-beans-5.0.7.RELEASE.jar:5.0.7.RELEASE]
	at org.springframework.beans.factory.support.AbstractAutowireCapableBeanFactory.createBean(AbstractAutowireCapableBeanFactory.java:503) ~[spring-beans-5.0.7.RELEASE.jar:5.0.7.RELEASE]
	at org.springframework.beans.factory.support.AbstractBeanFactory.lambda$doGetBean$0(AbstractBeanFactory.java:317) ~[spring-beans-5.0.7.RELEASE.jar:5.0.7.RELEASE]
	at org.springframework.beans.factory.support.DefaultSingletonBeanRegistry.getSingleton(DefaultSingletonBeanRegistry.java:222) ~[spring-beans-5.0.7.RELEASE.jar:5.0.7.RELEASE]
	at org.springframework.beans.factory.support.AbstractBeanFactory.doGetBean(AbstractBeanFactory.java:315) ~[spring-beans-5.0.7.RELEASE.jar:5.0.7.RELEASE]
	at org.springframework.beans.factory.support.AbstractBeanFactory.getBean(AbstractBeanFactory.java:199) ~[spring-beans-5.0.7.RELEASE.jar:5.0.7.RELEASE]
	at org.springframework.beans.factory.support.DefaultListableBeanFactory.preInstantiateSingletons(DefaultListableBeanFactory.java:760) ~[spring-beans-5.0.7.RELEASE.jar:5.0.7.RELEASE]
	at org.springframework.context.support.AbstractApplicationContext.finishBeanFactoryInitialization(AbstractApplicationContext.java:869) ~[spring-context-5.0.7.RELEASE.jar:5.0.7.RELEASE]
	at org.springframework.context.support.AbstractApplicationContext.refresh(AbstractApplicationContext.java:550) ~[spring-context-5.0.7.RELEASE.jar:5.0.7.RELEASE]
	at org.springframework.test.context.support.AbstractGenericContextLoader.loadContext(AbstractGenericContextLoader.java:128) ~[spring-test-5.0.4.RELEASE.jar:5.0.4.RELEASE]
	at org.springframework.test.context.support.AbstractGenericContextLoader.loadContext(AbstractGenericContextLoader.java:60) ~[spring-test-5.0.4.RELEASE.jar:5.0.4.RELEASE]
	at org.springframework.test.context.support.AbstractDelegatingSmartContextLoader.delegateLoading(AbstractDelegatingSmartContextLoader.java:107) ~[spring-test-5.0.4.RELEASE.jar:5.0.4.RELEASE]
	at org.springframework.test.context.support.AbstractDelegatingSmartContextLoader.loadContext(AbstractDelegatingSmartContextLoader.java:243) ~[spring-test-5.0.4.RELEASE.jar:5.0.4.RELEASE]
	at org.springframework.test.context.cache.DefaultCacheAwareContextLoaderDelegate.loadContextInternal(DefaultCacheAwareContextLoaderDelegate.java:99) ~[spring-test-5.0.4.RELEASE.jar:5.0.4.RELEASE]
	at org.springframework.test.context.cache.DefaultCacheAwareContextLoaderDelegate.loadContext(DefaultCacheAwareContextLoaderDelegate.java:117) ~[spring-test-5.0.4.RELEASE.jar:5.0.4.RELEASE]
	... 27 more
]]></system-out>
  </testcase>
  <testcase name="getMealStatistic" classname="com.gunnarro.dietmanager.service.DietManagerServiceTest" time="0">
    <skipped/>
  </testcase>
  <testcase name="dummy" classname="com.gunnarro.dietmanager.service.DietManagerServiceTest" time="0">
    <error message="Failed to load ApplicationContext" type="java.lang.IllegalStateException">java.lang.IllegalStateException: Failed to load ApplicationContext
Caused by: org.springframework.beans.factory.UnsatisfiedDependencyException: Error creating bean with name 'testRepositoryConfiguration': Unsatisfied dependency expressed through field 'dataSource'; nested exception is org.springframework.beans.factory.UnsatisfiedDependencyException: Error creating bean with name 'dietManagerDataSource' defined in com.gunnarro.dietmanager.config.TestMariDBDataSourceConfiguration: Unsatisfied dependency expressed through method 'dietManagerDataSource' parameter 0; nested exception is org.springframework.beans.factory.BeanCreationException: Error creating bean with name 'mariaDB4jSpringService': Invocation of init method failed; nested exception is java.lang.IllegalStateException: MariaDB4jSpringService start() failed
Caused by: org.springframework.beans.factory.UnsatisfiedDependencyException: Error creating bean with name 'dietManagerDataSource' defined in com.gunnarro.dietmanager.config.TestMariDBDataSourceConfiguration: Unsatisfied dependency expressed through method 'dietManagerDataSource' parameter 0; nested exception is org.springframework.beans.factory.BeanCreationException: Error creating bean with name 'mariaDB4jSpringService': Invocation of init method failed; nested exception is java.lang.IllegalStateException: MariaDB4jSpringService start() failed
Caused by: org.springframework.beans.factory.BeanCreationException: Error creating bean with name 'mariaDB4jSpringService': Invocation of init method failed; nested exception is java.lang.IllegalStateException: MariaDB4jSpringService start() failed
Caused by: java.lang.IllegalStateException: MariaDB4jSpringService start() failed
Caused by: ch.vorburger.exec.ManagedProcessException: An error occurred while starting the database
Caused by: ch.vorburger.exec.ManagedProcessException: 
Asked to wait for "mysqld: ready for connections." from Program [/tmp/MariaDB4j/base/bin/mysqld, --no-defaults, --console, --skip-grant-tables, --max_allowed_packet=64M, --basedir=/tmp/MariaDB4j/base, --datadir=/tmp/MariaDB4j/data/36659, --port=36659, --socket=/tmp/MariaDB4j.36659.sock] (in working directory /tmp/MariaDB4j/base), but it already exited! (without that message in console), last 100 lines of console:
2018-07-28  7:01:47 140652995889024 [Note] /tmp/MariaDB4j/base/bin/mysqld (mysqld 10.1.13-MariaDB) starting as process 3490 ...
2018-07-28  7:01:47 140652995889024 [ERROR] Fatal error: Please consult the Knowledge Base to find out how to run mysqld as root!

2018-07-28  7:01:47 140652995889024 [ERROR] Aborting

</error>
    <system-out><![CDATA[[2018-07-28 09:01:37.873] [main] [INFO ] [ch.vorburger.mariadb4j.Util] Created directory: /tmp/MariaDB4j/data/36659
[2018-07-28 09:01:37.886] [main] [INFO ] [ch.vorburger.mariadb4j.DB] Installing a new embedded database to: /tmp/MariaDB4j/base
[2018-07-28 09:01:37.886] [main] [INFO ] [ch.vorburger.exec.ManagedProcess] Starting Program [/tmp/MariaDB4j/base/bin/mysql_install_db, --datadir=/tmp/MariaDB4j/data/36659, --basedir=/tmp/MariaDB4j/base, --no-defaults, --force, --skip-name-resolve] (in working directory /tmp/MariaDB4j/base)
[2018-07-28 09:01:37.932] [Exec Stream Pumper] [INFO ] [ch.vorburger.exec.ManagedProcess] mysql_install_db: Installing MariaDB/MySQL system tables in '/tmp/MariaDB4j/data/36659' ...
[2018-07-28 09:01:37.989] [main] [INFO ] [ch.vorburger.exec.ManagedProcess] Thread is now going to wait for this process to terminate itself: Program [/tmp/MariaDB4j/base/bin/mysql_install_db, --datadir=/tmp/MariaDB4j/data/36659, --basedir=/tmp/MariaDB4j/base, --no-defaults, --force, --skip-name-resolve] (in working directory /tmp/MariaDB4j/base)
[2018-07-28 09:01:38.049] [Exec Stream Pumper] [INFO ] [ch.vorburger.exec.ManagedProcess] mysql_install_db: 2018-07-28  7:01:38 139669992511360 [Note] /tmp/MariaDB4j/base/bin/mysqld (mysqld 10.1.13-MariaDB) starting as process 3385 ...
[2018-07-28 09:01:38.249] [Exec Stream Pumper] [INFO ] [ch.vorburger.exec.ManagedProcess] mysql_install_db: 2018-07-28  7:01:38 139669992511360 [Note] InnoDB: Using mutexes to ref count buffer pool pages
[2018-07-28 09:01:38.249] [Exec Stream Pumper] [INFO ] [ch.vorburger.exec.ManagedProcess] mysql_install_db: 2018-07-28  7:01:38 139669992511360 [Note] InnoDB: The InnoDB memory heap is disabled
[2018-07-28 09:01:38.249] [Exec Stream Pumper] [INFO ] [ch.vorburger.exec.ManagedProcess] mysql_install_db: 2018-07-28  7:01:38 139669992511360 [Note] InnoDB: Mutexes and rw_locks use GCC atomic builtins
[2018-07-28 09:01:38.249] [Exec Stream Pumper] [INFO ] [ch.vorburger.exec.ManagedProcess] mysql_install_db: 2018-07-28  7:01:38 139669992511360 [Note] InnoDB: Memory barrier is not used
[2018-07-28 09:01:38.249] [Exec Stream Pumper] [INFO ] [ch.vorburger.exec.ManagedProcess] mysql_install_db: 2018-07-28  7:01:38 139669992511360 [Note] InnoDB: Compressed tables use zlib 1.2.3
[2018-07-28 09:01:38.250] [Exec Stream Pumper] [INFO ] [ch.vorburger.exec.ManagedProcess] mysql_install_db: 2018-07-28  7:01:38 139669992511360 [Note] InnoDB: Using Linux native AIO
[2018-07-28 09:01:38.250] [Exec Stream Pumper] [INFO ] [ch.vorburger.exec.ManagedProcess] mysql_install_db: 2018-07-28  7:01:38 139669992511360 [Note] InnoDB: Using SSE crc32 instructions
[2018-07-28 09:01:38.253] [Exec Stream Pumper] [INFO ] [ch.vorburger.exec.ManagedProcess] mysql_install_db: 2018-07-28  7:01:38 139669992511360 [Note] InnoDB: Initializing buffer pool, size = 128.0M
[2018-07-28 09:01:38.271] [Exec Stream Pumper] [INFO ] [ch.vorburger.exec.ManagedProcess] mysql_install_db: 2018-07-28  7:01:38 139669992511360 [Note] InnoDB: Completed initialization of buffer pool
[2018-07-28 09:01:38.294] [Exec Stream Pumper] [INFO ] [ch.vorburger.exec.ManagedProcess] mysql_install_db: 2018-07-28  7:01:38 139669992511360 [Note] InnoDB: The first specified data file ./ibdata1 did not exist: a new database to be created!
[2018-07-28 09:01:38.295] [Exec Stream Pumper] [INFO ] [ch.vorburger.exec.ManagedProcess] mysql_install_db: 2018-07-28  7:01:38 139669992511360 [Note] InnoDB: Setting file ./ibdata1 size to 12 MB
[2018-07-28 09:01:38.295] [Exec Stream Pumper] [INFO ] [ch.vorburger.exec.ManagedProcess] mysql_install_db: 2018-07-28  7:01:38 139669992511360 [Note] InnoDB: Database physically writes the file full: wait...
[2018-07-28 09:01:38.431] [Exec Stream Pumper] [INFO ] [ch.vorburger.exec.ManagedProcess] mysql_install_db: 2018-07-28  7:01:38 139669992511360 [Note] InnoDB: Setting log file ./ib_logfile101 size to 48 MB
[2018-07-28 09:01:38.951] [Exec Stream Pumper] [INFO ] [ch.vorburger.exec.ManagedProcess] mysql_install_db: 2018-07-28  7:01:38 139669992511360 [Note] InnoDB: Setting log file ./ib_logfile1 size to 48 MB
[2018-07-28 09:01:39.521] [Exec Stream Pumper] [INFO ] [ch.vorburger.exec.ManagedProcess] mysql_install_db: 2018-07-28  7:01:39 139669992511360 [Note] InnoDB: Renaming log file ./ib_logfile101 to ./ib_logfile0
[2018-07-28 09:01:39.521] [Exec Stream Pumper] [INFO ] [ch.vorburger.exec.ManagedProcess] mysql_install_db: 2018-07-28  7:01:39 139669992511360 [Warning] InnoDB: New log files created, LSN=45883
[2018-07-28 09:01:39.522] [Exec Stream Pumper] [INFO ] [ch.vorburger.exec.ManagedProcess] mysql_install_db: 2018-07-28  7:01:39 139669992511360 [Note] InnoDB: Doublewrite buffer not found: creating new
[2018-07-28 09:01:39.587] [Exec Stream Pumper] [INFO ] [ch.vorburger.exec.ManagedProcess] mysql_install_db: 2018-07-28  7:01:39 139669992511360 [Note] InnoDB: Doublewrite buffer created
[2018-07-28 09:01:39.609] [Exec Stream Pumper] [INFO ] [ch.vorburger.exec.ManagedProcess] mysql_install_db: 2018-07-28  7:01:39 139669992511360 [Note] InnoDB: 128 rollback segment(s) are active.
[2018-07-28 09:01:39.609] [Exec Stream Pumper] [INFO ] [ch.vorburger.exec.ManagedProcess] mysql_install_db: 2018-07-28  7:01:39 139669992511360 [Warning] InnoDB: Creating foreign key constraint system tables.
[2018-07-28 09:01:39.663] [Exec Stream Pumper] [INFO ] [ch.vorburger.exec.ManagedProcess] mysql_install_db: 2018-07-28  7:01:39 139669992511360 [Note] InnoDB: Foreign key constraint system tables created
[2018-07-28 09:01:39.664] [Exec Stream Pumper] [INFO ] [ch.vorburger.exec.ManagedProcess] mysql_install_db: 2018-07-28  7:01:39 139669992511360 [Note] InnoDB: Creating tablespace and datafile system tables.
[2018-07-28 09:01:39.673] [Exec Stream Pumper] [INFO ] [ch.vorburger.exec.ManagedProcess] mysql_install_db: 2018-07-28  7:01:39 139669992511360 [Note] InnoDB: Tablespace and datafile system tables created.
[2018-07-28 09:01:39.674] [Exec Stream Pumper] [INFO ] [ch.vorburger.exec.ManagedProcess] mysql_install_db: 2018-07-28  7:01:39 139669992511360 [Note] InnoDB: Waiting for purge to start
[2018-07-28 09:01:39.730] [Exec Stream Pumper] [INFO ] [ch.vorburger.exec.ManagedProcess] mysql_install_db: 2018-07-28  7:01:39 139669992511360 [Note] InnoDB:  Percona XtraDB (http://www.percona.com) 5.6.28-76.1 started; log sequence number 0
[2018-07-28 09:01:39.820] [Exec Stream Pumper] [INFO ] [ch.vorburger.exec.ManagedProcess] mysql_install_db: 2018-07-28  7:01:39 139669278816000 [Note] InnoDB: Dumping buffer pool(s) not yet started
[2018-07-28 09:01:41.928] [Exec Stream Pumper] [INFO ] [ch.vorburger.exec.ManagedProcess] mysql_install_db: OK
[2018-07-28 09:01:41.928] [Exec Stream Pumper] [INFO ] [ch.vorburger.exec.ManagedProcess] mysql_install_db: Filling help tables...
[2018-07-28 09:01:42.049] [Exec Stream Pumper] [INFO ] [ch.vorburger.exec.ManagedProcess] mysql_install_db: 2018-07-28  7:01:42 139949680932736 [Note] /tmp/MariaDB4j/base/bin/mysqld (mysqld 10.1.13-MariaDB) starting as process 3422 ...
[2018-07-28 09:01:42.217] [Exec Stream Pumper] [INFO ] [ch.vorburger.exec.ManagedProcess] mysql_install_db: 2018-07-28  7:01:42 139949680932736 [Note] InnoDB: Using mutexes to ref count buffer pool pages
[2018-07-28 09:01:42.217] [Exec Stream Pumper] [INFO ] [ch.vorburger.exec.ManagedProcess] mysql_install_db: 2018-07-28  7:01:42 139949680932736 [Note] InnoDB: The InnoDB memory heap is disabled
[2018-07-28 09:01:42.217] [Exec Stream Pumper] [INFO ] [ch.vorburger.exec.ManagedProcess] mysql_install_db: 2018-07-28  7:01:42 139949680932736 [Note] InnoDB: Mutexes and rw_locks use GCC atomic builtins
[2018-07-28 09:01:42.217] [Exec Stream Pumper] [INFO ] [ch.vorburger.exec.ManagedProcess] mysql_install_db: 2018-07-28  7:01:42 139949680932736 [Note] InnoDB: Memory barrier is not used
[2018-07-28 09:01:42.217] [Exec Stream Pumper] [INFO ] [ch.vorburger.exec.ManagedProcess] mysql_install_db: 2018-07-28  7:01:42 139949680932736 [Note] InnoDB: Compressed tables use zlib 1.2.3
[2018-07-28 09:01:42.217] [Exec Stream Pumper] [INFO ] [ch.vorburger.exec.ManagedProcess] mysql_install_db: 2018-07-28  7:01:42 139949680932736 [Note] InnoDB: Using Linux native AIO
[2018-07-28 09:01:42.217] [Exec Stream Pumper] [INFO ] [ch.vorburger.exec.ManagedProcess] mysql_install_db: 2018-07-28  7:01:42 139949680932736 [Note] InnoDB: Using SSE crc32 instructions
[2018-07-28 09:01:42.220] [Exec Stream Pumper] [INFO ] [ch.vorburger.exec.ManagedProcess] mysql_install_db: 2018-07-28  7:01:42 139949680932736 [Note] InnoDB: Initializing buffer pool, size = 128.0M
[2018-07-28 09:01:42.237] [Exec Stream Pumper] [INFO ] [ch.vorburger.exec.ManagedProcess] mysql_install_db: 2018-07-28  7:01:42 139949680932736 [Note] InnoDB: Completed initialization of buffer pool
[2018-07-28 09:01:42.263] [Exec Stream Pumper] [INFO ] [ch.vorburger.exec.ManagedProcess] mysql_install_db: 2018-07-28  7:01:42 139949680932736 [Note] InnoDB: Highest supported file format is Barracuda.
[2018-07-28 09:01:42.289] [Exec Stream Pumper] [INFO ] [ch.vorburger.exec.ManagedProcess] mysql_install_db: 2018-07-28  7:01:42 139949680932736 [Note] InnoDB: 128 rollback segment(s) are active.
[2018-07-28 09:01:42.289] [Exec Stream Pumper] [INFO ] [ch.vorburger.exec.ManagedProcess] mysql_install_db: 2018-07-28  7:01:42 139949680932736 [Note] InnoDB: Waiting for purge to start
[2018-07-28 09:01:42.340] [Exec Stream Pumper] [INFO ] [ch.vorburger.exec.ManagedProcess] mysql_install_db: 2018-07-28  7:01:42 139949680932736 [Note] InnoDB:  Percona XtraDB (http://www.percona.com) 5.6.28-76.1 started; log sequence number 1616799
[2018-07-28 09:01:42.373] [Exec Stream Pumper] [INFO ] [ch.vorburger.exec.ManagedProcess] mysql_install_db: 2018-07-28  7:01:42 139948967577344 [Note] InnoDB: Dumping buffer pool(s) not yet started
[2018-07-28 09:01:44.524] [Exec Stream Pumper] [INFO ] [ch.vorburger.exec.ManagedProcess] mysql_install_db: OK
[2018-07-28 09:01:44.524] [Exec Stream Pumper] [INFO ] [ch.vorburger.exec.ManagedProcess] mysql_install_db: Creating OpenGIS required SP-s...
[2018-07-28 09:01:44.637] [Exec Stream Pumper] [INFO ] [ch.vorburger.exec.ManagedProcess] mysql_install_db: 2018-07-28  7:01:44 140536114620288 [Note] /tmp/MariaDB4j/base/bin/mysqld (mysqld 10.1.13-MariaDB) starting as process 3455 ...
[2018-07-28 09:01:44.809] [Exec Stream Pumper] [INFO ] [ch.vorburger.exec.ManagedProcess] mysql_install_db: 2018-07-28  7:01:44 140536114620288 [Note] InnoDB: Using mutexes to ref count buffer pool pages
[2018-07-28 09:01:44.809] [Exec Stream Pumper] [INFO ] [ch.vorburger.exec.ManagedProcess] mysql_install_db: 2018-07-28  7:01:44 140536114620288 [Note] InnoDB: The InnoDB memory heap is disabled
[2018-07-28 09:01:44.809] [Exec Stream Pumper] [INFO ] [ch.vorburger.exec.ManagedProcess] mysql_install_db: 2018-07-28  7:01:44 140536114620288 [Note] InnoDB: Mutexes and rw_locks use GCC atomic builtins
[2018-07-28 09:01:44.809] [Exec Stream Pumper] [INFO ] [ch.vorburger.exec.ManagedProcess] mysql_install_db: 2018-07-28  7:01:44 140536114620288 [Note] InnoDB: Memory barrier is not used
[2018-07-28 09:01:44.809] [Exec Stream Pumper] [INFO ] [ch.vorburger.exec.ManagedProcess] mysql_install_db: 2018-07-28  7:01:44 140536114620288 [Note] InnoDB: Compressed tables use zlib 1.2.3
[2018-07-28 09:01:44.809] [Exec Stream Pumper] [INFO ] [ch.vorburger.exec.ManagedProcess] mysql_install_db: 2018-07-28  7:01:44 140536114620288 [Note] InnoDB: Using Linux native AIO
[2018-07-28 09:01:44.809] [Exec Stream Pumper] [INFO ] [ch.vorburger.exec.ManagedProcess] mysql_install_db: 2018-07-28  7:01:44 140536114620288 [Note] InnoDB: Using SSE crc32 instructions
[2018-07-28 09:01:44.812] [Exec Stream Pumper] [INFO ] [ch.vorburger.exec.ManagedProcess] mysql_install_db: 2018-07-28  7:01:44 140536114620288 [Note] InnoDB: Initializing buffer pool, size = 128.0M
[2018-07-28 09:01:44.829] [Exec Stream Pumper] [INFO ] [ch.vorburger.exec.ManagedProcess] mysql_install_db: 2018-07-28  7:01:44 140536114620288 [Note] InnoDB: Completed initialization of buffer pool
[2018-07-28 09:01:44.856] [Exec Stream Pumper] [INFO ] [ch.vorburger.exec.ManagedProcess] mysql_install_db: 2018-07-28  7:01:44 140536114620288 [Note] InnoDB: Highest supported file format is Barracuda.
[2018-07-28 09:01:44.882] [Exec Stream Pumper] [INFO ] [ch.vorburger.exec.ManagedProcess] mysql_install_db: 2018-07-28  7:01:44 140536114620288 [Note] InnoDB: 128 rollback segment(s) are active.
[2018-07-28 09:01:44.883] [Exec Stream Pumper] [INFO ] [ch.vorburger.exec.ManagedProcess] mysql_install_db: 2018-07-28  7:01:44 140536114620288 [Note] InnoDB: Waiting for purge to start
[2018-07-28 09:01:44.933] [Exec Stream Pumper] [INFO ] [ch.vorburger.exec.ManagedProcess] mysql_install_db: 2018-07-28  7:01:44 140536114620288 [Note] InnoDB:  Percona XtraDB (http://www.percona.com) 5.6.28-76.1 started; log sequence number 1616809
[2018-07-28 09:01:44.966] [Exec Stream Pumper] [INFO ] [ch.vorburger.exec.ManagedProcess] mysql_install_db: 2018-07-28  7:01:44 140535398389504 [Note] InnoDB: Dumping buffer pool(s) not yet started
[2018-07-28 09:01:47.192] [Exec Stream Pumper] [INFO ] [ch.vorburger.exec.ManagedProcess] mysql_install_db: OK
[2018-07-28 09:01:47.192] [Exec Stream Pumper] [INFO ] [ch.vorburger.exec.ManagedProcess] mysql_install_db: 
[2018-07-28 09:01:47.192] [Exec Stream Pumper] [INFO ] [ch.vorburger.exec.ManagedProcess] mysql_install_db: To start mysqld at boot time you have to copy
[2018-07-28 09:01:47.192] [Exec Stream Pumper] [INFO ] [ch.vorburger.exec.ManagedProcess] mysql_install_db: support-files/mysql.server to the right place for your system
[2018-07-28 09:01:47.192] [Exec Stream Pumper] [INFO ] [ch.vorburger.exec.ManagedProcess] mysql_install_db: 
[2018-07-28 09:01:47.192] [Exec Stream Pumper] [INFO ] [ch.vorburger.exec.ManagedProcess] mysql_install_db: PLEASE REMEMBER TO SET A PASSWORD FOR THE MariaDB root USER !
[2018-07-28 09:01:47.192] [Exec Stream Pumper] [INFO ] [ch.vorburger.exec.ManagedProcess] mysql_install_db: To do so, start the server, then issue the following commands:
[2018-07-28 09:01:47.192] [Exec Stream Pumper] [INFO ] [ch.vorburger.exec.ManagedProcess] mysql_install_db: 
[2018-07-28 09:01:47.193] [Exec Stream Pumper] [INFO ] [ch.vorburger.exec.ManagedProcess] mysql_install_db: '/tmp/MariaDB4j/base/bin/mysqladmin' -u root password 'new-password'
[2018-07-28 09:01:47.193] [Exec Stream Pumper] [INFO ] [ch.vorburger.exec.ManagedProcess] mysql_install_db: '/tmp/MariaDB4j/base/bin/mysqladmin' -u root -h  password 'new-password'
[2018-07-28 09:01:47.193] [Exec Stream Pumper] [INFO ] [ch.vorburger.exec.ManagedProcess] mysql_install_db: 
[2018-07-28 09:01:47.193] [Exec Stream Pumper] [INFO ] [ch.vorburger.exec.ManagedProcess] mysql_install_db: Alternatively you can run:
[2018-07-28 09:01:47.193] [Exec Stream Pumper] [INFO ] [ch.vorburger.exec.ManagedProcess] mysql_install_db: '/tmp/MariaDB4j/base/bin/mysql_secure_installation'
[2018-07-28 09:01:47.193] [Exec Stream Pumper] [INFO ] [ch.vorburger.exec.ManagedProcess] mysql_install_db: 
[2018-07-28 09:01:47.193] [Exec Stream Pumper] [INFO ] [ch.vorburger.exec.ManagedProcess] mysql_install_db: which will also give you the option of removing the test
[2018-07-28 09:01:47.193] [Exec Stream Pumper] [INFO ] [ch.vorburger.exec.ManagedProcess] mysql_install_db: databases and anonymous user created by default.  This is
[2018-07-28 09:01:47.193] [Exec Stream Pumper] [INFO ] [ch.vorburger.exec.ManagedProcess] mysql_install_db: strongly recommended for production servers.
[2018-07-28 09:01:47.193] [Exec Stream Pumper] [INFO ] [ch.vorburger.exec.ManagedProcess] mysql_install_db: 
[2018-07-28 09:01:47.193] [Exec Stream Pumper] [INFO ] [ch.vorburger.exec.ManagedProcess] mysql_install_db: See the MariaDB Knowledgebase at http://mariadb.com/kb or the
[2018-07-28 09:01:47.193] [Exec Stream Pumper] [INFO ] [ch.vorburger.exec.ManagedProcess] mysql_install_db: MySQL manual for more instructions.
[2018-07-28 09:01:47.193] [Exec Stream Pumper] [INFO ] [ch.vorburger.exec.ManagedProcess] mysql_install_db: 
[2018-07-28 09:01:47.193] [Exec Stream Pumper] [INFO ] [ch.vorburger.exec.ManagedProcess] mysql_install_db: You can start the MariaDB daemon with:
[2018-07-28 09:01:47.194] [Exec Stream Pumper] [INFO ] [ch.vorburger.exec.ManagedProcess] mysql_install_db: cd '/tmp/MariaDB4j/base' ; /tmp/MariaDB4j/base/bin/mysqld_safe --datadir='/tmp/MariaDB4j/data/36659'
[2018-07-28 09:01:47.194] [Exec Stream Pumper] [INFO ] [ch.vorburger.exec.ManagedProcess] mysql_install_db: 
[2018-07-28 09:01:47.194] [Exec Stream Pumper] [INFO ] [ch.vorburger.exec.ManagedProcess] mysql_install_db: You can test the MariaDB daemon with mysql-test-run.pl
[2018-07-28 09:01:47.194] [Exec Stream Pumper] [INFO ] [ch.vorburger.exec.ManagedProcess] mysql_install_db: cd '/tmp/MariaDB4j/base/mysql-test' ; perl mysql-test-run.pl
[2018-07-28 09:01:47.194] [Exec Stream Pumper] [INFO ] [ch.vorburger.exec.ManagedProcess] mysql_install_db: 
[2018-07-28 09:01:47.194] [Exec Stream Pumper] [INFO ] [ch.vorburger.exec.ManagedProcess] mysql_install_db: Please report any problems at http://mariadb.org/jira
[2018-07-28 09:01:47.194] [Exec Stream Pumper] [INFO ] [ch.vorburger.exec.ManagedProcess] mysql_install_db: 
[2018-07-28 09:01:47.194] [Exec Stream Pumper] [INFO ] [ch.vorburger.exec.ManagedProcess] mysql_install_db: The latest information about MariaDB is available at http://mariadb.org/.
[2018-07-28 09:01:47.194] [Exec Stream Pumper] [INFO ] [ch.vorburger.exec.ManagedProcess] mysql_install_db: You can find additional information about the MySQL part at:
[2018-07-28 09:01:47.194] [Exec Stream Pumper] [INFO ] [ch.vorburger.exec.ManagedProcess] mysql_install_db: http://dev.mysql.com
[2018-07-28 09:01:47.194] [Exec Stream Pumper] [INFO ] [ch.vorburger.exec.ManagedProcess] mysql_install_db: Support MariaDB development by buying support/new features from MariaDB
[2018-07-28 09:01:47.194] [Exec Stream Pumper] [INFO ] [ch.vorburger.exec.ManagedProcess] mysql_install_db: Corporation Ab. You can contact us about this at sales@mariadb.com.
[2018-07-28 09:01:47.194] [Exec Stream Pumper] [INFO ] [ch.vorburger.exec.ManagedProcess] mysql_install_db: Alternatively consider joining our community based development effort:
[2018-07-28 09:01:47.194] [Exec Stream Pumper] [INFO ] [ch.vorburger.exec.ManagedProcess] mysql_install_db: http://mariadb.com/kb/en/contributing-to-the-mariadb-project/
[2018-07-28 09:01:47.194] [Exec Stream Pumper] [INFO ] [ch.vorburger.exec.ManagedProcess] mysql_install_db: 
[2018-07-28 09:01:47.198] [Exec Default Executor] [INFO ] [ch.vorburger.exec.ManagedProcess] Program [/tmp/MariaDB4j/base/bin/mysql_install_db, --datadir=/tmp/MariaDB4j/data/36659, --basedir=/tmp/MariaDB4j/base, --no-defaults, --force, --skip-name-resolve] (in working directory /tmp/MariaDB4j/base) just exited, with value 0
[2018-07-28 09:01:47.222] [main] [INFO ] [ch.vorburger.mariadb4j.DB] Installation complete.
[2018-07-28 09:01:47.223] [main] [INFO ] [ch.vorburger.mariadb4j.DB] Starting up the database...
[2018-07-28 09:01:47.224] [main] [INFO ] [ch.vorburger.mariadb4j.DB] mysqld executable: /tmp/MariaDB4j/base/bin/mysqld
[2018-07-28 09:01:47.224] [main] [INFO ] [ch.vorburger.exec.ManagedProcess] Starting Program [/tmp/MariaDB4j/base/bin/mysqld, --no-defaults, --console, --skip-grant-tables, --max_allowed_packet=64M, --basedir=/tmp/MariaDB4j/base, --datadir=/tmp/MariaDB4j/data/36659, --port=36659, --socket=/tmp/MariaDB4j.36659.sock] (in working directory /tmp/MariaDB4j/base)
[2018-07-28 09:01:47.224] [main] [INFO ] [ch.vorburger.exec.ManagedProcess] Thread will wait for "mysqld: ready for connections." to appear in Console output of process Program [/tmp/MariaDB4j/base/bin/mysqld, --no-defaults, --console, --skip-grant-tables, --max_allowed_packet=64M, --basedir=/tmp/MariaDB4j/base, --datadir=/tmp/MariaDB4j/data/36659, --port=36659, --socket=/tmp/MariaDB4j.36659.sock] (in working directory /tmp/MariaDB4j/base) for max. 30000ms
[2018-07-28 09:01:47.337] [Exec Stream Pumper] [INFO ] [ch.vorburger.exec.ManagedProcess] mysqld: 2018-07-28  7:01:47 140652995889024 [Note] /tmp/MariaDB4j/base/bin/mysqld (mysqld 10.1.13-MariaDB) starting as process 3490 ...
[2018-07-28 09:01:47.358] [Exec Stream Pumper] [ERROR] [ch.vorburger.exec.ManagedProcess] mysqld: 2018-07-28  7:01:47 140652995889024 [ERROR] Fatal error: Please consult the Knowledge Base to find out how to run mysqld as root!
[2018-07-28 09:01:47.358] [Exec Stream Pumper] [INFO ] [ch.vorburger.exec.ManagedProcess] mysqld: 
[2018-07-28 09:01:47.358] [Exec Stream Pumper] [ERROR] [ch.vorburger.exec.ManagedProcess] mysqld: 2018-07-28  7:01:47 140652995889024 [ERROR] Aborting
[2018-07-28 09:01:47.358] [Exec Stream Pumper] [INFO ] [ch.vorburger.exec.ManagedProcess] mysqld: 
[2018-07-28 09:01:47.363] [Exec Default Executor] [ERROR] [ch.vorburger.exec.ManagedProcess] Program [/tmp/MariaDB4j/base/bin/mysqld, --no-defaults, --console, --skip-grant-tables, --max_allowed_packet=64M, --basedir=/tmp/MariaDB4j/base, --datadir=/tmp/MariaDB4j/data/36659, --port=36659, --socket=/tmp/MariaDB4j.36659.sock] (in working directory /tmp/MariaDB4j/base) failed unexpectedly
org.apache.commons.exec.ExecuteException: Process exited with an error: 1 (Exit value: 1)
	at org.apache.commons.exec.DefaultExecutor.executeInternal(DefaultExecutor.java:404) ~[commons-exec-1.3.jar:1.3]
	at org.apache.commons.exec.DefaultExecutor.access$200(DefaultExecutor.java:48) ~[commons-exec-1.3.jar:1.3]
	at org.apache.commons.exec.DefaultExecutor$1.run(DefaultExecutor.java:200) [commons-exec-1.3.jar:1.3]
	at java.lang.Thread.run(Thread.java:745) [?:1.8.0_121]
[2018-07-28 09:01:47.375] [main] [ERROR] [ch.vorburger.mariadb4j.DB] failed to start mysqld
ch.vorburger.exec.ManagedProcessException: Asked to wait for "mysqld: ready for connections." from Program [/tmp/MariaDB4j/base/bin/mysqld, --no-defaults, --console, --skip-grant-tables, --max_allowed_packet=64M, --basedir=/tmp/MariaDB4j/base, --datadir=/tmp/MariaDB4j/data/36659, --port=36659, --socket=/tmp/MariaDB4j.36659.sock] (in working directory /tmp/MariaDB4j/base), but it already exited! (without that message in console), last 100 lines of console:
2018-07-28  7:01:47 140652995889024 [Note] /tmp/MariaDB4j/base/bin/mysqld (mysqld 10.1.13-MariaDB) starting as process 3490 ...
2018-07-28  7:01:47 140652995889024 [ERROR] Fatal error: Please consult the Knowledge Base to find out how to run mysqld as root!

2018-07-28  7:01:47 140652995889024 [ERROR] Aborting

	at ch.vorburger.exec.ManagedProcess.startAndWaitForConsoleMessageMaxMs(ManagedProcess.java:263) ~[mariaDB4j-core-2.2.3.jar:?]
	at ch.vorburger.mariadb4j.DB.start(DB.java:148) ~[mariaDB4j-core-2.2.3.jar:?]
	at ch.vorburger.mariadb4j.MariaDB4jService.start(MariaDB4jService.java:67) ~[mariaDB4j-core-2.2.3.jar:?]
	at ch.vorburger.mariadb4j.springframework.MariaDB4jSpringService.start(MariaDB4jSpringService.java:96) ~[mariaDB4j-core-2.2.3.jar:?]
	at sun.reflect.GeneratedMethodAccessor52.invoke(Unknown Source) ~[?:?]
	at sun.reflect.DelegatingMethodAccessorImpl.invoke(DelegatingMethodAccessorImpl.java:43) ~[?:1.8.0_121]
	at java.lang.reflect.Method.invoke(Method.java:498) ~[?:1.8.0_121]
	at org.springframework.beans.factory.annotation.InitDestroyAnnotationBeanPostProcessor$LifecycleElement.invoke(InitDestroyAnnotationBeanPostProcessor.java:365) ~[spring-beans-5.0.7.RELEASE.jar:5.0.7.RELEASE]
	at org.springframework.beans.factory.annotation.InitDestroyAnnotationBeanPostProcessor$LifecycleMetadata.invokeInitMethods(InitDestroyAnnotationBeanPostProcessor.java:308) ~[spring-beans-5.0.7.RELEASE.jar:5.0.7.RELEASE]
	at org.springframework.beans.factory.annotation.InitDestroyAnnotationBeanPostProcessor.postProcessBeforeInitialization(InitDestroyAnnotationBeanPostProcessor.java:135) ~[spring-beans-5.0.7.RELEASE.jar:5.0.7.RELEASE]
	at org.springframework.beans.factory.support.AbstractAutowireCapableBeanFactory.applyBeanPostProcessorsBeforeInitialization(AbstractAutowireCapableBeanFactory.java:424) ~[spring-beans-5.0.7.RELEASE.jar:5.0.7.RELEASE]
	at org.springframework.beans.factory.support.AbstractAutowireCapableBeanFactory.initializeBean(AbstractAutowireCapableBeanFactory.java:1700) ~[spring-beans-5.0.7.RELEASE.jar:5.0.7.RELEASE]
	at org.springframework.beans.factory.support.AbstractAutowireCapableBeanFactory.doCreateBean(AbstractAutowireCapableBeanFactory.java:581) ~[spring-beans-5.0.7.RELEASE.jar:5.0.7.RELEASE]
	at org.springframework.beans.factory.support.AbstractAutowireCapableBeanFactory.createBean(AbstractAutowireCapableBeanFactory.java:503) ~[spring-beans-5.0.7.RELEASE.jar:5.0.7.RELEASE]
	at org.springframework.beans.factory.support.AbstractBeanFactory.lambda$doGetBean$0(AbstractBeanFactory.java:317) ~[spring-beans-5.0.7.RELEASE.jar:5.0.7.RELEASE]
	at org.springframework.beans.factory.support.DefaultSingletonBeanRegistry.getSingleton(DefaultSingletonBeanRegistry.java:222) ~[spring-beans-5.0.7.RELEASE.jar:5.0.7.RELEASE]
	at org.springframework.beans.factory.support.AbstractBeanFactory.doGetBean(AbstractBeanFactory.java:315) ~[spring-beans-5.0.7.RELEASE.jar:5.0.7.RELEASE]
	at org.springframework.beans.factory.support.AbstractBeanFactory.getBean(AbstractBeanFactory.java:199) ~[spring-beans-5.0.7.RELEASE.jar:5.0.7.RELEASE]
	at org.springframework.beans.factory.config.DependencyDescriptor.resolveCandidate(DependencyDescriptor.java:251) ~[spring-beans-5.0.7.RELEASE.jar:5.0.7.RELEASE]
	at org.springframework.beans.factory.support.DefaultListableBeanFactory.doResolveDependency(DefaultListableBeanFactory.java:1138) ~[spring-beans-5.0.7.RELEASE.jar:5.0.7.RELEASE]
	at org.springframework.beans.factory.support.DefaultListableBeanFactory.resolveDependency(DefaultListableBeanFactory.java:1065) ~[spring-beans-5.0.7.RELEASE.jar:5.0.7.RELEASE]
	at org.springframework.beans.factory.support.ConstructorResolver.resolveAutowiredArgument(ConstructorResolver.java:818) ~[spring-beans-5.0.7.RELEASE.jar:5.0.7.RELEASE]
	at org.springframework.beans.factory.support.ConstructorResolver.createArgumentArray(ConstructorResolver.java:724) ~[spring-beans-5.0.7.RELEASE.jar:5.0.7.RELEASE]
	at org.springframework.beans.factory.support.ConstructorResolver.instantiateUsingFactoryMethod(ConstructorResolver.java:474) ~[spring-beans-5.0.7.RELEASE.jar:5.0.7.RELEASE]
	at org.springframework.beans.factory.support.AbstractAutowireCapableBeanFactory.instantiateUsingFactoryMethod(AbstractAutowireCapableBeanFactory.java:1256) ~[spring-beans-5.0.7.RELEASE.jar:5.0.7.RELEASE]
	at org.springframework.beans.factory.support.AbstractAutowireCapableBeanFactory.createBeanInstance(AbstractAutowireCapableBeanFactory.java:1105) ~[spring-beans-5.0.7.RELEASE.jar:5.0.7.RELEASE]
	at org.springframework.beans.factory.support.AbstractAutowireCapableBeanFactory.doCreateBean(AbstractAutowireCapableBeanFactory.java:543) ~[spring-beans-5.0.7.RELEASE.jar:5.0.7.RELEASE]
	at org.springframework.beans.factory.support.AbstractAutowireCapableBeanFactory.createBean(AbstractAutowireCapableBeanFactory.java:503) ~[spring-beans-5.0.7.RELEASE.jar:5.0.7.RELEASE]
	at org.springframework.beans.factory.support.AbstractBeanFactory.lambda$doGetBean$0(AbstractBeanFactory.java:317) ~[spring-beans-5.0.7.RELEASE.jar:5.0.7.RELEASE]
	at org.springframework.beans.factory.support.DefaultSingletonBeanRegistry.getSingleton(DefaultSingletonBeanRegistry.java:222) ~[spring-beans-5.0.7.RELEASE.jar:5.0.7.RELEASE]
	at org.springframework.beans.factory.support.AbstractBeanFactory.doGetBean(AbstractBeanFactory.java:315) ~[spring-beans-5.0.7.RELEASE.jar:5.0.7.RELEASE]
	at org.springframework.beans.factory.support.AbstractBeanFactory.getBean(AbstractBeanFactory.java:199) ~[spring-beans-5.0.7.RELEASE.jar:5.0.7.RELEASE]
	at org.springframework.beans.factory.config.DependencyDescriptor.resolveCandidate(DependencyDescriptor.java:251) ~[spring-beans-5.0.7.RELEASE.jar:5.0.7.RELEASE]
	at org.springframework.beans.factory.support.DefaultListableBeanFactory.doResolveDependency(DefaultListableBeanFactory.java:1138) ~[spring-beans-5.0.7.RELEASE.jar:5.0.7.RELEASE]
	at org.springframework.beans.factory.support.DefaultListableBeanFactory.resolveDependency(DefaultListableBeanFactory.java:1065) ~[spring-beans-5.0.7.RELEASE.jar:5.0.7.RELEASE]
	at org.springframework.beans.factory.annotation.AutowiredAnnotationBeanPostProcessor$AutowiredFieldElement.inject(AutowiredAnnotationBeanPostProcessor.java:584) ~[spring-beans-5.0.7.RELEASE.jar:5.0.7.RELEASE]
	at org.springframework.beans.factory.annotation.InjectionMetadata.inject(InjectionMetadata.java:91) ~[spring-beans-5.0.7.RELEASE.jar:5.0.7.RELEASE]
	at org.springframework.beans.factory.annotation.AutowiredAnnotationBeanPostProcessor.postProcessPropertyValues(AutowiredAnnotationBeanPostProcessor.java:373) ~[spring-beans-5.0.7.RELEASE.jar:5.0.7.RELEASE]
	at org.springframework.beans.factory.support.AbstractAutowireCapableBeanFactory.populateBean(AbstractAutowireCapableBeanFactory.java:1350) ~[spring-beans-5.0.7.RELEASE.jar:5.0.7.RELEASE]
	at org.springframework.beans.factory.support.AbstractAutowireCapableBeanFactory.doCreateBean(AbstractAutowireCapableBeanFactory.java:580) ~[spring-beans-5.0.7.RELEASE.jar:5.0.7.RELEASE]
	at org.springframework.beans.factory.support.AbstractAutowireCapableBeanFactory.createBean(AbstractAutowireCapableBeanFactory.java:503) ~[spring-beans-5.0.7.RELEASE.jar:5.0.7.RELEASE]
	at org.springframework.beans.factory.support.AbstractBeanFactory.lambda$doGetBean$0(AbstractBeanFactory.java:317) ~[spring-beans-5.0.7.RELEASE.jar:5.0.7.RELEASE]
	at org.springframework.beans.factory.support.DefaultSingletonBeanRegistry.getSingleton(DefaultSingletonBeanRegistry.java:222) [spring-beans-5.0.7.RELEASE.jar:5.0.7.RELEASE]
	at org.springframework.beans.factory.support.AbstractBeanFactory.doGetBean(AbstractBeanFactory.java:315) [spring-beans-5.0.7.RELEASE.jar:5.0.7.RELEASE]
	at org.springframework.beans.factory.support.AbstractBeanFactory.getBean(AbstractBeanFactory.java:199) [spring-beans-5.0.7.RELEASE.jar:5.0.7.RELEASE]
	at org.springframework.beans.factory.support.DefaultListableBeanFactory.preInstantiateSingletons(DefaultListableBeanFactory.java:760) [spring-beans-5.0.7.RELEASE.jar:5.0.7.RELEASE]
	at org.springframework.context.support.AbstractApplicationContext.finishBeanFactoryInitialization(AbstractApplicationContext.java:869) [spring-context-5.0.7.RELEASE.jar:5.0.7.RELEASE]
	at org.springframework.context.support.AbstractApplicationContext.refresh(AbstractApplicationContext.java:550) [spring-context-5.0.7.RELEASE.jar:5.0.7.RELEASE]
	at org.springframework.test.context.support.AbstractGenericContextLoader.loadContext(AbstractGenericContextLoader.java:128) [spring-test-5.0.4.RELEASE.jar:5.0.4.RELEASE]
	at org.springframework.test.context.support.AbstractGenericContextLoader.loadContext(AbstractGenericContextLoader.java:60) [spring-test-5.0.4.RELEASE.jar:5.0.4.RELEASE]
	at org.springframework.test.context.support.AbstractDelegatingSmartContextLoader.delegateLoading(AbstractDelegatingSmartContextLoader.java:107) [spring-test-5.0.4.RELEASE.jar:5.0.4.RELEASE]
	at org.springframework.test.context.support.AbstractDelegatingSmartContextLoader.loadContext(AbstractDelegatingSmartContextLoader.java:243) [spring-test-5.0.4.RELEASE.jar:5.0.4.RELEASE]
	at org.springframework.test.context.cache.DefaultCacheAwareContextLoaderDelegate.loadContextInternal(DefaultCacheAwareContextLoaderDelegate.java:99) [spring-test-5.0.4.RELEASE.jar:5.0.4.RELEASE]
	at org.springframework.test.context.cache.DefaultCacheAwareContextLoaderDelegate.loadContext(DefaultCacheAwareContextLoaderDelegate.java:117) [spring-test-5.0.4.RELEASE.jar:5.0.4.RELEASE]
	at org.springframework.test.context.support.DefaultTestContext.getApplicationContext(DefaultTestContext.java:107) [spring-test-5.0.4.RELEASE.jar:5.0.4.RELEASE]
	at org.springframework.test.context.support.DependencyInjectionTestExecutionListener.injectDependencies(DependencyInjectionTestExecutionListener.java:117) [spring-test-5.0.4.RELEASE.jar:5.0.4.RELEASE]
	at org.springframework.test.context.support.DependencyInjectionTestExecutionListener.prepareTestInstance(DependencyInjectionTestExecutionListener.java:83) [spring-test-5.0.4.RELEASE.jar:5.0.4.RELEASE]
	at org.springframework.test.context.TestContextManager.prepareTestInstance(TestContextManager.java:242) [spring-test-5.0.4.RELEASE.jar:5.0.4.RELEASE]
	at org.springframework.test.context.junit4.SpringJUnit4ClassRunner.createTest(SpringJUnit4ClassRunner.java:227) [spring-test-5.0.4.RELEASE.jar:5.0.4.RELEASE]
	at org.springframework.test.context.junit4.SpringJUnit4ClassRunner$1.runReflectiveCall(SpringJUnit4ClassRunner.java:289) [spring-test-5.0.4.RELEASE.jar:5.0.4.RELEASE]
	at org.junit.internal.runners.model.ReflectiveCallable.run(ReflectiveCallable.java:12) [junit-4.12.jar:4.12]
	at org.springframework.test.context.junit4.SpringJUnit4ClassRunner.methodBlock(SpringJUnit4ClassRunner.java:291) [spring-test-5.0.4.RELEASE.jar:5.0.4.RELEASE]
	at org.springframework.test.context.junit4.SpringJUnit4ClassRunner.runChild(SpringJUnit4ClassRunner.java:246) [spring-test-5.0.4.RELEASE.jar:5.0.4.RELEASE]
	at org.springframework.test.context.junit4.SpringJUnit4ClassRunner.runChild(SpringJUnit4ClassRunner.java:97) [spring-test-5.0.4.RELEASE.jar:5.0.4.RELEASE]
	at org.junit.runners.ParentRunner$3.run(ParentRunner.java:290) [junit-4.12.jar:4.12]
	at org.junit.runners.ParentRunner$1.schedule(ParentRunner.java:71) [junit-4.12.jar:4.12]
	at org.junit.runners.ParentRunner.runChildren(ParentRunner.java:288) [junit-4.12.jar:4.12]
	at org.junit.runners.ParentRunner.access$000(ParentRunner.java:58) [junit-4.12.jar:4.12]
	at org.junit.runners.ParentRunner$2.evaluate(ParentRunner.java:268) [junit-4.12.jar:4.12]
	at org.springframework.test.context.junit4.statements.RunBeforeTestClassCallbacks.evaluate(RunBeforeTestClassCallbacks.java:61) [spring-test-5.0.4.RELEASE.jar:5.0.4.RELEASE]
	at org.springframework.test.context.junit4.statements.RunAfterTestClassCallbacks.evaluate(RunAfterTestClassCallbacks.java:70) [spring-test-5.0.4.RELEASE.jar:5.0.4.RELEASE]
	at org.junit.runners.ParentRunner.run(ParentRunner.java:363) [junit-4.12.jar:4.12]
	at org.springframework.test.context.junit4.SpringJUnit4ClassRunner.run(SpringJUnit4ClassRunner.java:190) [spring-test-5.0.4.RELEASE.jar:5.0.4.RELEASE]
	at org.apache.maven.surefire.junit4.JUnit4Provider.execute(JUnit4Provider.java:365) [surefire-junit4-2.21.0.jar:2.21.0]
	at org.apache.maven.surefire.junit4.JUnit4Provider.executeWithRerun(JUnit4Provider.java:273) [surefire-junit4-2.21.0.jar:2.21.0]
	at org.apache.maven.surefire.junit4.JUnit4Provider.executeTestSet(JUnit4Provider.java:238) [surefire-junit4-2.21.0.jar:2.21.0]
	at org.apache.maven.surefire.junit4.JUnit4Provider.invoke(JUnit4Provider.java:159) [surefire-junit4-2.21.0.jar:2.21.0]
	at org.apache.maven.surefire.booter.ForkedBooter.invokeProviderInSameClassLoader(ForkedBooter.java:379) [surefire-booter-2.21.0.jar:2.21.0]
	at org.apache.maven.surefire.booter.ForkedBooter.runSuitesInProcess(ForkedBooter.java:340) [surefire-booter-2.21.0.jar:2.21.0]
	at org.apache.maven.surefire.booter.ForkedBooter.execute(ForkedBooter.java:125) [surefire-booter-2.21.0.jar:2.21.0]
	at org.apache.maven.surefire.booter.ForkedBooter.main(ForkedBooter.java:413) [surefire-booter-2.21.0.jar:2.21.0]
[2018-07-28 09:01:47.382] [main] [ERROR] [org.springframework.test.context.TestContextManager] Caught exception while allowing TestExecutionListener [org.springframework.test.context.support.DependencyInjectionTestExecutionListener@2e26173] to prepare test instance [com.gunnarro.dietmanager.service.DietManagerServiceTest@708eb310]
java.lang.IllegalStateException: Failed to load ApplicationContext
	at org.springframework.test.context.cache.DefaultCacheAwareContextLoaderDelegate.loadContext(DefaultCacheAwareContextLoaderDelegate.java:125) ~[spring-test-5.0.4.RELEASE.jar:5.0.4.RELEASE]
	at org.springframework.test.context.support.DefaultTestContext.getApplicationContext(DefaultTestContext.java:107) ~[spring-test-5.0.4.RELEASE.jar:5.0.4.RELEASE]
	at org.springframework.test.context.support.DependencyInjectionTestExecutionListener.injectDependencies(DependencyInjectionTestExecutionListener.java:117) ~[spring-test-5.0.4.RELEASE.jar:5.0.4.RELEASE]
	at org.springframework.test.context.support.DependencyInjectionTestExecutionListener.prepareTestInstance(DependencyInjectionTestExecutionListener.java:83) ~[spring-test-5.0.4.RELEASE.jar:5.0.4.RELEASE]
	at org.springframework.test.context.TestContextManager.prepareTestInstance(TestContextManager.java:242) [spring-test-5.0.4.RELEASE.jar:5.0.4.RELEASE]
	at org.springframework.test.context.junit4.SpringJUnit4ClassRunner.createTest(SpringJUnit4ClassRunner.java:227) [spring-test-5.0.4.RELEASE.jar:5.0.4.RELEASE]
	at org.springframework.test.context.junit4.SpringJUnit4ClassRunner$1.runReflectiveCall(SpringJUnit4ClassRunner.java:289) [spring-test-5.0.4.RELEASE.jar:5.0.4.RELEASE]
	at org.junit.internal.runners.model.ReflectiveCallable.run(ReflectiveCallable.java:12) [junit-4.12.jar:4.12]
	at org.springframework.test.context.junit4.SpringJUnit4ClassRunner.methodBlock(SpringJUnit4ClassRunner.java:291) [spring-test-5.0.4.RELEASE.jar:5.0.4.RELEASE]
	at org.springframework.test.context.junit4.SpringJUnit4ClassRunner.runChild(SpringJUnit4ClassRunner.java:246) [spring-test-5.0.4.RELEASE.jar:5.0.4.RELEASE]
	at org.springframework.test.context.junit4.SpringJUnit4ClassRunner.runChild(SpringJUnit4ClassRunner.java:97) [spring-test-5.0.4.RELEASE.jar:5.0.4.RELEASE]
	at org.junit.runners.ParentRunner$3.run(ParentRunner.java:290) [junit-4.12.jar:4.12]
	at org.junit.runners.ParentRunner$1.schedule(ParentRunner.java:71) [junit-4.12.jar:4.12]
	at org.junit.runners.ParentRunner.runChildren(ParentRunner.java:288) [junit-4.12.jar:4.12]
	at org.junit.runners.ParentRunner.access$000(ParentRunner.java:58) [junit-4.12.jar:4.12]
	at org.junit.runners.ParentRunner$2.evaluate(ParentRunner.java:268) [junit-4.12.jar:4.12]
	at org.springframework.test.context.junit4.statements.RunBeforeTestClassCallbacks.evaluate(RunBeforeTestClassCallbacks.java:61) [spring-test-5.0.4.RELEASE.jar:5.0.4.RELEASE]
	at org.springframework.test.context.junit4.statements.RunAfterTestClassCallbacks.evaluate(RunAfterTestClassCallbacks.java:70) [spring-test-5.0.4.RELEASE.jar:5.0.4.RELEASE]
	at org.junit.runners.ParentRunner.run(ParentRunner.java:363) [junit-4.12.jar:4.12]
	at org.springframework.test.context.junit4.SpringJUnit4ClassRunner.run(SpringJUnit4ClassRunner.java:190) [spring-test-5.0.4.RELEASE.jar:5.0.4.RELEASE]
	at org.apache.maven.surefire.junit4.JUnit4Provider.execute(JUnit4Provider.java:365) [surefire-junit4-2.21.0.jar:2.21.0]
	at org.apache.maven.surefire.junit4.JUnit4Provider.executeWithRerun(JUnit4Provider.java:273) [surefire-junit4-2.21.0.jar:2.21.0]
	at org.apache.maven.surefire.junit4.JUnit4Provider.executeTestSet(JUnit4Provider.java:238) [surefire-junit4-2.21.0.jar:2.21.0]
	at org.apache.maven.surefire.junit4.JUnit4Provider.invoke(JUnit4Provider.java:159) [surefire-junit4-2.21.0.jar:2.21.0]
	at org.apache.maven.surefire.booter.ForkedBooter.invokeProviderInSameClassLoader(ForkedBooter.java:379) [surefire-booter-2.21.0.jar:2.21.0]
	at org.apache.maven.surefire.booter.ForkedBooter.runSuitesInProcess(ForkedBooter.java:340) [surefire-booter-2.21.0.jar:2.21.0]
	at org.apache.maven.surefire.booter.ForkedBooter.execute(ForkedBooter.java:125) [surefire-booter-2.21.0.jar:2.21.0]
	at org.apache.maven.surefire.booter.ForkedBooter.main(ForkedBooter.java:413) [surefire-booter-2.21.0.jar:2.21.0]
Caused by: org.springframework.beans.factory.UnsatisfiedDependencyException: Error creating bean with name 'testRepositoryConfiguration': Unsatisfied dependency expressed through field 'dataSource'; nested exception is org.springframework.beans.factory.UnsatisfiedDependencyException: Error creating bean with name 'dietManagerDataSource' defined in com.gunnarro.dietmanager.config.TestMariDBDataSourceConfiguration: Unsatisfied dependency expressed through method 'dietManagerDataSource' parameter 0; nested exception is org.springframework.beans.factory.BeanCreationException: Error creating bean with name 'mariaDB4jSpringService': Invocation of init method failed; nested exception is java.lang.IllegalStateException: MariaDB4jSpringService start() failed
	at org.springframework.beans.factory.annotation.AutowiredAnnotationBeanPostProcessor$AutowiredFieldElement.inject(AutowiredAnnotationBeanPostProcessor.java:587) ~[spring-beans-5.0.7.RELEASE.jar:5.0.7.RELEASE]
	at org.springframework.beans.factory.annotation.InjectionMetadata.inject(InjectionMetadata.java:91) ~[spring-beans-5.0.7.RELEASE.jar:5.0.7.RELEASE]
	at org.springframework.beans.factory.annotation.AutowiredAnnotationBeanPostProcessor.postProcessPropertyValues(AutowiredAnnotationBeanPostProcessor.java:373) ~[spring-beans-5.0.7.RELEASE.jar:5.0.7.RELEASE]
	at org.springframework.beans.factory.support.AbstractAutowireCapableBeanFactory.populateBean(AbstractAutowireCapableBeanFactory.java:1350) ~[spring-beans-5.0.7.RELEASE.jar:5.0.7.RELEASE]
	at org.springframework.beans.factory.support.AbstractAutowireCapableBeanFactory.doCreateBean(AbstractAutowireCapableBeanFactory.java:580) ~[spring-beans-5.0.7.RELEASE.jar:5.0.7.RELEASE]
	at org.springframework.beans.factory.support.AbstractAutowireCapableBeanFactory.createBean(AbstractAutowireCapableBeanFactory.java:503) ~[spring-beans-5.0.7.RELEASE.jar:5.0.7.RELEASE]
	at org.springframework.beans.factory.support.AbstractBeanFactory.lambda$doGetBean$0(AbstractBeanFactory.java:317) ~[spring-beans-5.0.7.RELEASE.jar:5.0.7.RELEASE]
	at org.springframework.beans.factory.support.DefaultSingletonBeanRegistry.getSingleton(DefaultSingletonBeanRegistry.java:222) ~[spring-beans-5.0.7.RELEASE.jar:5.0.7.RELEASE]
	at org.springframework.beans.factory.support.AbstractBeanFactory.doGetBean(AbstractBeanFactory.java:315) ~[spring-beans-5.0.7.RELEASE.jar:5.0.7.RELEASE]
	at org.springframework.beans.factory.support.AbstractBeanFactory.getBean(AbstractBeanFactory.java:199) ~[spring-beans-5.0.7.RELEASE.jar:5.0.7.RELEASE]
	at org.springframework.beans.factory.support.DefaultListableBeanFactory.preInstantiateSingletons(DefaultListableBeanFactory.java:760) ~[spring-beans-5.0.7.RELEASE.jar:5.0.7.RELEASE]
	at org.springframework.context.support.AbstractApplicationContext.finishBeanFactoryInitialization(AbstractApplicationContext.java:869) ~[spring-context-5.0.7.RELEASE.jar:5.0.7.RELEASE]
	at org.springframework.context.support.AbstractApplicationContext.refresh(AbstractApplicationContext.java:550) ~[spring-context-5.0.7.RELEASE.jar:5.0.7.RELEASE]
	at org.springframework.test.context.support.AbstractGenericContextLoader.loadContext(AbstractGenericContextLoader.java:128) ~[spring-test-5.0.4.RELEASE.jar:5.0.4.RELEASE]
	at org.springframework.test.context.support.AbstractGenericContextLoader.loadContext(AbstractGenericContextLoader.java:60) ~[spring-test-5.0.4.RELEASE.jar:5.0.4.RELEASE]
	at org.springframework.test.context.support.AbstractDelegatingSmartContextLoader.delegateLoading(AbstractDelegatingSmartContextLoader.java:107) ~[spring-test-5.0.4.RELEASE.jar:5.0.4.RELEASE]
	at org.springframework.test.context.support.AbstractDelegatingSmartContextLoader.loadContext(AbstractDelegatingSmartContextLoader.java:243) ~[spring-test-5.0.4.RELEASE.jar:5.0.4.RELEASE]
	at org.springframework.test.context.cache.DefaultCacheAwareContextLoaderDelegate.loadContextInternal(DefaultCacheAwareContextLoaderDelegate.java:99) ~[spring-test-5.0.4.RELEASE.jar:5.0.4.RELEASE]
	at org.springframework.test.context.cache.DefaultCacheAwareContextLoaderDelegate.loadContext(DefaultCacheAwareContextLoaderDelegate.java:117) ~[spring-test-5.0.4.RELEASE.jar:5.0.4.RELEASE]
	... 27 more
Caused by: org.springframework.beans.factory.UnsatisfiedDependencyException: Error creating bean with name 'dietManagerDataSource' defined in com.gunnarro.dietmanager.config.TestMariDBDataSourceConfiguration: Unsatisfied dependency expressed through method 'dietManagerDataSource' parameter 0; nested exception is org.springframework.beans.factory.BeanCreationException: Error creating bean with name 'mariaDB4jSpringService': Invocation of init method failed; nested exception is java.lang.IllegalStateException: MariaDB4jSpringService start() failed
	at org.springframework.beans.factory.support.ConstructorResolver.createArgumentArray(ConstructorResolver.java:732) ~[spring-beans-5.0.7.RELEASE.jar:5.0.7.RELEASE]
	at org.springframework.beans.factory.support.ConstructorResolver.instantiateUsingFactoryMethod(ConstructorResolver.java:474) ~[spring-beans-5.0.7.RELEASE.jar:5.0.7.RELEASE]
	at org.springframework.beans.factory.support.AbstractAutowireCapableBeanFactory.instantiateUsingFactoryMethod(AbstractAutowireCapableBeanFactory.java:1256) ~[spring-beans-5.0.7.RELEASE.jar:5.0.7.RELEASE]
	at org.springframework.beans.factory.support.AbstractAutowireCapableBeanFactory.createBeanInstance(AbstractAutowireCapableBeanFactory.java:1105) ~[spring-beans-5.0.7.RELEASE.jar:5.0.7.RELEASE]
	at org.springframework.beans.factory.support.AbstractAutowireCapableBeanFactory.doCreateBean(AbstractAutowireCapableBeanFactory.java:543) ~[spring-beans-5.0.7.RELEASE.jar:5.0.7.RELEASE]
	at org.springframework.beans.factory.support.AbstractAutowireCapableBeanFactory.createBean(AbstractAutowireCapableBeanFactory.java:503) ~[spring-beans-5.0.7.RELEASE.jar:5.0.7.RELEASE]
	at org.springframework.beans.factory.support.AbstractBeanFactory.lambda$doGetBean$0(AbstractBeanFactory.java:317) ~[spring-beans-5.0.7.RELEASE.jar:5.0.7.RELEASE]
	at org.springframework.beans.factory.support.DefaultSingletonBeanRegistry.getSingleton(DefaultSingletonBeanRegistry.java:222) ~[spring-beans-5.0.7.RELEASE.jar:5.0.7.RELEASE]
	at org.springframework.beans.factory.support.AbstractBeanFactory.doGetBean(AbstractBeanFactory.java:315) ~[spring-beans-5.0.7.RELEASE.jar:5.0.7.RELEASE]
	at org.springframework.beans.factory.support.AbstractBeanFactory.getBean(AbstractBeanFactory.java:199) ~[spring-beans-5.0.7.RELEASE.jar:5.0.7.RELEASE]
	at org.springframework.beans.factory.config.DependencyDescriptor.resolveCandidate(DependencyDescriptor.java:251) ~[spring-beans-5.0.7.RELEASE.jar:5.0.7.RELEASE]
	at org.springframework.beans.factory.support.DefaultListableBeanFactory.doResolveDependency(DefaultListableBeanFactory.java:1138) ~[spring-beans-5.0.7.RELEASE.jar:5.0.7.RELEASE]
	at org.springframework.beans.factory.support.DefaultListableBeanFactory.resolveDependency(DefaultListableBeanFactory.java:1065) ~[spring-beans-5.0.7.RELEASE.jar:5.0.7.RELEASE]
	at org.springframework.beans.factory.annotation.AutowiredAnnotationBeanPostProcessor$AutowiredFieldElement.inject(AutowiredAnnotationBeanPostProcessor.java:584) ~[spring-beans-5.0.7.RELEASE.jar:5.0.7.RELEASE]
	at org.springframework.beans.factory.annotation.InjectionMetadata.inject(InjectionMetadata.java:91) ~[spring-beans-5.0.7.RELEASE.jar:5.0.7.RELEASE]
	at org.springframework.beans.factory.annotation.AutowiredAnnotationBeanPostProcessor.postProcessPropertyValues(AutowiredAnnotationBeanPostProcessor.java:373) ~[spring-beans-5.0.7.RELEASE.jar:5.0.7.RELEASE]
	at org.springframework.beans.factory.support.AbstractAutowireCapableBeanFactory.populateBean(AbstractAutowireCapableBeanFactory.java:1350) ~[spring-beans-5.0.7.RELEASE.jar:5.0.7.RELEASE]
	at org.springframework.beans.factory.support.AbstractAutowireCapableBeanFactory.doCreateBean(AbstractAutowireCapableBeanFactory.java:580) ~[spring-beans-5.0.7.RELEASE.jar:5.0.7.RELEASE]
	at org.springframework.beans.factory.support.AbstractAutowireCapableBeanFactory.createBean(AbstractAutowireCapableBeanFactory.java:503) ~[spring-beans-5.0.7.RELEASE.jar:5.0.7.RELEASE]
	at org.springframework.beans.factory.support.AbstractBeanFactory.lambda$doGetBean$0(AbstractBeanFactory.java:317) ~[spring-beans-5.0.7.RELEASE.jar:5.0.7.RELEASE]
	at org.springframework.beans.factory.support.DefaultSingletonBeanRegistry.getSingleton(DefaultSingletonBeanRegistry.java:222) ~[spring-beans-5.0.7.RELEASE.jar:5.0.7.RELEASE]
	at org.springframework.beans.factory.support.AbstractBeanFactory.doGetBean(AbstractBeanFactory.java:315) ~[spring-beans-5.0.7.RELEASE.jar:5.0.7.RELEASE]
	at org.springframework.beans.factory.support.AbstractBeanFactory.getBean(AbstractBeanFactory.java:199) ~[spring-beans-5.0.7.RELEASE.jar:5.0.7.RELEASE]
	at org.springframework.beans.factory.support.DefaultListableBeanFactory.preInstantiateSingletons(DefaultListableBeanFactory.java:760) ~[spring-beans-5.0.7.RELEASE.jar:5.0.7.RELEASE]
	at org.springframework.context.support.AbstractApplicationContext.finishBeanFactoryInitialization(AbstractApplicationContext.java:869) ~[spring-context-5.0.7.RELEASE.jar:5.0.7.RELEASE]
	at org.springframework.context.support.AbstractApplicationContext.refresh(AbstractApplicationContext.java:550) ~[spring-context-5.0.7.RELEASE.jar:5.0.7.RELEASE]
	at org.springframework.test.context.support.AbstractGenericContextLoader.loadContext(AbstractGenericContextLoader.java:128) ~[spring-test-5.0.4.RELEASE.jar:5.0.4.RELEASE]
	at org.springframework.test.context.support.AbstractGenericContextLoader.loadContext(AbstractGenericContextLoader.java:60) ~[spring-test-5.0.4.RELEASE.jar:5.0.4.RELEASE]
	at org.springframework.test.context.support.AbstractDelegatingSmartContextLoader.delegateLoading(AbstractDelegatingSmartContextLoader.java:107) ~[spring-test-5.0.4.RELEASE.jar:5.0.4.RELEASE]
	at org.springframework.test.context.support.AbstractDelegatingSmartContextLoader.loadContext(AbstractDelegatingSmartContextLoader.java:243) ~[spring-test-5.0.4.RELEASE.jar:5.0.4.RELEASE]
	at org.springframework.test.context.cache.DefaultCacheAwareContextLoaderDelegate.loadContextInternal(DefaultCacheAwareContextLoaderDelegate.java:99) ~[spring-test-5.0.4.RELEASE.jar:5.0.4.RELEASE]
	at org.springframework.test.context.cache.DefaultCacheAwareContextLoaderDelegate.loadContext(DefaultCacheAwareContextLoaderDelegate.java:117) ~[spring-test-5.0.4.RELEASE.jar:5.0.4.RELEASE]
	... 27 more
Caused by: org.springframework.beans.factory.BeanCreationException: Error creating bean with name 'mariaDB4jSpringService': Invocation of init method failed; nested exception is java.lang.IllegalStateException: MariaDB4jSpringService start() failed
	at org.springframework.beans.factory.annotation.InitDestroyAnnotationBeanPostProcessor.postProcessBeforeInitialization(InitDestroyAnnotationBeanPostProcessor.java:138) ~[spring-beans-5.0.7.RELEASE.jar:5.0.7.RELEASE]
	at org.springframework.beans.factory.support.AbstractAutowireCapableBeanFactory.applyBeanPostProcessorsBeforeInitialization(AbstractAutowireCapableBeanFactory.java:424) ~[spring-beans-5.0.7.RELEASE.jar:5.0.7.RELEASE]
	at org.springframework.beans.factory.support.AbstractAutowireCapableBeanFactory.initializeBean(AbstractAutowireCapableBeanFactory.java:1700) ~[spring-beans-5.0.7.RELEASE.jar:5.0.7.RELEASE]
	at org.springframework.beans.factory.support.AbstractAutowireCapableBeanFactory.doCreateBean(AbstractAutowireCapableBeanFactory.java:581) ~[spring-beans-5.0.7.RELEASE.jar:5.0.7.RELEASE]
	at org.springframework.beans.factory.support.AbstractAutowireCapableBeanFactory.createBean(AbstractAutowireCapableBeanFactory.java:503) ~[spring-beans-5.0.7.RELEASE.jar:5.0.7.RELEASE]
	at org.springframework.beans.factory.support.AbstractBeanFactory.lambda$doGetBean$0(AbstractBeanFactory.java:317) ~[spring-beans-5.0.7.RELEASE.jar:5.0.7.RELEASE]
	at org.springframework.beans.factory.support.DefaultSingletonBeanRegistry.getSingleton(DefaultSingletonBeanRegistry.java:222) ~[spring-beans-5.0.7.RELEASE.jar:5.0.7.RELEASE]
	at org.springframework.beans.factory.support.AbstractBeanFactory.doGetBean(AbstractBeanFactory.java:315) ~[spring-beans-5.0.7.RELEASE.jar:5.0.7.RELEASE]
	at org.springframework.beans.factory.support.AbstractBeanFactory.getBean(AbstractBeanFactory.java:199) ~[spring-beans-5.0.7.RELEASE.jar:5.0.7.RELEASE]
	at org.springframework.beans.factory.config.DependencyDescriptor.resolveCandidate(DependencyDescriptor.java:251) ~[spring-beans-5.0.7.RELEASE.jar:5.0.7.RELEASE]
	at org.springframework.beans.factory.support.DefaultListableBeanFactory.doResolveDependency(DefaultListableBeanFactory.java:1138) ~[spring-beans-5.0.7.RELEASE.jar:5.0.7.RELEASE]
	at org.springframework.beans.factory.support.DefaultListableBeanFactory.resolveDependency(DefaultListableBeanFactory.java:1065) ~[spring-beans-5.0.7.RELEASE.jar:5.0.7.RELEASE]
	at org.springframework.beans.factory.support.ConstructorResolver.resolveAutowiredArgument(ConstructorResolver.java:818) ~[spring-beans-5.0.7.RELEASE.jar:5.0.7.RELEASE]
	at org.springframework.beans.factory.support.ConstructorResolver.createArgumentArray(ConstructorResolver.java:724) ~[spring-beans-5.0.7.RELEASE.jar:5.0.7.RELEASE]
	at org.springframework.beans.factory.support.ConstructorResolver.instantiateUsingFactoryMethod(ConstructorResolver.java:474) ~[spring-beans-5.0.7.RELEASE.jar:5.0.7.RELEASE]
	at org.springframework.beans.factory.support.AbstractAutowireCapableBeanFactory.instantiateUsingFactoryMethod(AbstractAutowireCapableBeanFactory.java:1256) ~[spring-beans-5.0.7.RELEASE.jar:5.0.7.RELEASE]
	at org.springframework.beans.factory.support.AbstractAutowireCapableBeanFactory.createBeanInstance(AbstractAutowireCapableBeanFactory.java:1105) ~[spring-beans-5.0.7.RELEASE.jar:5.0.7.RELEASE]
	at org.springframework.beans.factory.support.AbstractAutowireCapableBeanFactory.doCreateBean(AbstractAutowireCapableBeanFactory.java:543) ~[spring-beans-5.0.7.RELEASE.jar:5.0.7.RELEASE]
	at org.springframework.beans.factory.support.AbstractAutowireCapableBeanFactory.createBean(AbstractAutowireCapableBeanFactory.java:503) ~[spring-beans-5.0.7.RELEASE.jar:5.0.7.RELEASE]
	at org.springframework.beans.factory.support.AbstractBeanFactory.lambda$doGetBean$0(AbstractBeanFactory.java:317) ~[spring-beans-5.0.7.RELEASE.jar:5.0.7.RELEASE]
	at org.springframework.beans.factory.support.DefaultSingletonBeanRegistry.getSingleton(DefaultSingletonBeanRegistry.java:222) ~[spring-beans-5.0.7.RELEASE.jar:5.0.7.RELEASE]
	at org.springframework.beans.factory.support.AbstractBeanFactory.doGetBean(AbstractBeanFactory.java:315) ~[spring-beans-5.0.7.RELEASE.jar:5.0.7.RELEASE]
	at org.springframework.beans.factory.support.AbstractBeanFactory.getBean(AbstractBeanFactory.java:199) ~[spring-beans-5.0.7.RELEASE.jar:5.0.7.RELEASE]
	at org.springframework.beans.factory.config.DependencyDescriptor.resolveCandidate(DependencyDescriptor.java:251) ~[spring-beans-5.0.7.RELEASE.jar:5.0.7.RELEASE]
	at org.springframework.beans.factory.support.DefaultListableBeanFactory.doResolveDependency(DefaultListableBeanFactory.java:1138) ~[spring-beans-5.0.7.RELEASE.jar:5.0.7.RELEASE]
	at org.springframework.beans.factory.support.DefaultListableBeanFactory.resolveDependency(DefaultListableBeanFactory.java:1065) ~[spring-beans-5.0.7.RELEASE.jar:5.0.7.RELEASE]
	at org.springframework.beans.factory.annotation.AutowiredAnnotationBeanPostProcessor$AutowiredFieldElement.inject(AutowiredAnnotationBeanPostProcessor.java:584) ~[spring-beans-5.0.7.RELEASE.jar:5.0.7.RELEASE]
	at org.springframework.beans.factory.annotation.InjectionMetadata.inject(InjectionMetadata.java:91) ~[spring-beans-5.0.7.RELEASE.jar:5.0.7.RELEASE]
	at org.springframework.beans.factory.annotation.AutowiredAnnotationBeanPostProcessor.postProcessPropertyValues(AutowiredAnnotationBeanPostProcessor.java:373) ~[spring-beans-5.0.7.RELEASE.jar:5.0.7.RELEASE]
	at org.springframework.beans.factory.support.AbstractAutowireCapableBeanFactory.populateBean(AbstractAutowireCapableBeanFactory.java:1350) ~[spring-beans-5.0.7.RELEASE.jar:5.0.7.RELEASE]
	at org.springframework.beans.factory.support.AbstractAutowireCapableBeanFactory.doCreateBean(AbstractAutowireCapableBeanFactory.java:580) ~[spring-beans-5.0.7.RELEASE.jar:5.0.7.RELEASE]
	at org.springframework.beans.factory.support.AbstractAutowireCapableBeanFactory.createBean(AbstractAutowireCapableBeanFactory.java:503) ~[spring-beans-5.0.7.RELEASE.jar:5.0.7.RELEASE]
	at org.springframework.beans.factory.support.AbstractBeanFactory.lambda$doGetBean$0(AbstractBeanFactory.java:317) ~[spring-beans-5.0.7.RELEASE.jar:5.0.7.RELEASE]
	at org.springframework.beans.factory.support.DefaultSingletonBeanRegistry.getSingleton(DefaultSingletonBeanRegistry.java:222) ~[spring-beans-5.0.7.RELEASE.jar:5.0.7.RELEASE]
	at org.springframework.beans.factory.support.AbstractBeanFactory.doGetBean(AbstractBeanFactory.java:315) ~[spring-beans-5.0.7.RELEASE.jar:5.0.7.RELEASE]
	at org.springframework.beans.factory.support.AbstractBeanFactory.getBean(AbstractBeanFactory.java:199) ~[spring-beans-5.0.7.RELEASE.jar:5.0.7.RELEASE]
	at org.springframework.beans.factory.support.DefaultListableBeanFactory.preInstantiateSingletons(DefaultListableBeanFactory.java:760) ~[spring-beans-5.0.7.RELEASE.jar:5.0.7.RELEASE]
	at org.springframework.context.support.AbstractApplicationContext.finishBeanFactoryInitialization(AbstractApplicationContext.java:869) ~[spring-context-5.0.7.RELEASE.jar:5.0.7.RELEASE]
	at org.springframework.context.support.AbstractApplicationContext.refresh(AbstractApplicationContext.java:550) ~[spring-context-5.0.7.RELEASE.jar:5.0.7.RELEASE]
	at org.springframework.test.context.support.AbstractGenericContextLoader.loadContext(AbstractGenericContextLoader.java:128) ~[spring-test-5.0.4.RELEASE.jar:5.0.4.RELEASE]
	at org.springframework.test.context.support.AbstractGenericContextLoader.loadContext(AbstractGenericContextLoader.java:60) ~[spring-test-5.0.4.RELEASE.jar:5.0.4.RELEASE]
	at org.springframework.test.context.support.AbstractDelegatingSmartContextLoader.delegateLoading(AbstractDelegatingSmartContextLoader.java:107) ~[spring-test-5.0.4.RELEASE.jar:5.0.4.RELEASE]
	at org.springframework.test.context.support.AbstractDelegatingSmartContextLoader.loadContext(AbstractDelegatingSmartContextLoader.java:243) ~[spring-test-5.0.4.RELEASE.jar:5.0.4.RELEASE]
	at org.springframework.test.context.cache.DefaultCacheAwareContextLoaderDelegate.loadContextInternal(DefaultCacheAwareContextLoaderDelegate.java:99) ~[spring-test-5.0.4.RELEASE.jar:5.0.4.RELEASE]
	at org.springframework.test.context.cache.DefaultCacheAwareContextLoaderDelegate.loadContext(DefaultCacheAwareContextLoaderDelegate.java:117) ~[spring-test-5.0.4.RELEASE.jar:5.0.4.RELEASE]
	... 27 more
Caused by: java.lang.IllegalStateException: MariaDB4jSpringService start() failed
	at ch.vorburger.mariadb4j.springframework.MariaDB4jSpringService.start(MariaDB4jSpringService.java:99) ~[mariaDB4j-core-2.2.3.jar:?]
	at sun.reflect.GeneratedMethodAccessor52.invoke(Unknown Source) ~[?:?]
	at sun.reflect.DelegatingMethodAccessorImpl.invoke(DelegatingMethodAccessorImpl.java:43) ~[?:1.8.0_121]
	at java.lang.reflect.Method.invoke(Method.java:498) ~[?:1.8.0_121]
	at org.springframework.beans.factory.annotation.InitDestroyAnnotationBeanPostProcessor$LifecycleElement.invoke(InitDestroyAnnotationBeanPostProcessor.java:365) ~[spring-beans-5.0.7.RELEASE.jar:5.0.7.RELEASE]
	at org.springframework.beans.factory.annotation.InitDestroyAnnotationBeanPostProcessor$LifecycleMetadata.invokeInitMethods(InitDestroyAnnotationBeanPostProcessor.java:308) ~[spring-beans-5.0.7.RELEASE.jar:5.0.7.RELEASE]
	at org.springframework.beans.factory.annotation.InitDestroyAnnotationBeanPostProcessor.postProcessBeforeInitialization(InitDestroyAnnotationBeanPostProcessor.java:135) ~[spring-beans-5.0.7.RELEASE.jar:5.0.7.RELEASE]
	at org.springframework.beans.factory.support.AbstractAutowireCapableBeanFactory.applyBeanPostProcessorsBeforeInitialization(AbstractAutowireCapableBeanFactory.java:424) ~[spring-beans-5.0.7.RELEASE.jar:5.0.7.RELEASE]
	at org.springframework.beans.factory.support.AbstractAutowireCapableBeanFactory.initializeBean(AbstractAutowireCapableBeanFactory.java:1700) ~[spring-beans-5.0.7.RELEASE.jar:5.0.7.RELEASE]
	at org.springframework.beans.factory.support.AbstractAutowireCapableBeanFactory.doCreateBean(AbstractAutowireCapableBeanFactory.java:581) ~[spring-beans-5.0.7.RELEASE.jar:5.0.7.RELEASE]
	at org.springframework.beans.factory.support.AbstractAutowireCapableBeanFactory.createBean(AbstractAutowireCapableBeanFactory.java:503) ~[spring-beans-5.0.7.RELEASE.jar:5.0.7.RELEASE]
	at org.springframework.beans.factory.support.AbstractBeanFactory.lambda$doGetBean$0(AbstractBeanFactory.java:317) ~[spring-beans-5.0.7.RELEASE.jar:5.0.7.RELEASE]
	at org.springframework.beans.factory.support.DefaultSingletonBeanRegistry.getSingleton(DefaultSingletonBeanRegistry.java:222) ~[spring-beans-5.0.7.RELEASE.jar:5.0.7.RELEASE]
	at org.springframework.beans.factory.support.AbstractBeanFactory.doGetBean(AbstractBeanFactory.java:315) ~[spring-beans-5.0.7.RELEASE.jar:5.0.7.RELEASE]
	at org.springframework.beans.factory.support.AbstractBeanFactory.getBean(AbstractBeanFactory.java:199) ~[spring-beans-5.0.7.RELEASE.jar:5.0.7.RELEASE]
	at org.springframework.beans.factory.config.DependencyDescriptor.resolveCandidate(DependencyDescriptor.java:251) ~[spring-beans-5.0.7.RELEASE.jar:5.0.7.RELEASE]
	at org.springframework.beans.factory.support.DefaultListableBeanFactory.doResolveDependency(DefaultListableBeanFactory.java:1138) ~[spring-beans-5.0.7.RELEASE.jar:5.0.7.RELEASE]
	at org.springframework.beans.factory.support.DefaultListableBeanFactory.resolveDependency(DefaultListableBeanFactory.java:1065) ~[spring-beans-5.0.7.RELEASE.jar:5.0.7.RELEASE]
	at org.springframework.beans.factory.support.ConstructorResolver.resolveAutowiredArgument(ConstructorResolver.java:818) ~[spring-beans-5.0.7.RELEASE.jar:5.0.7.RELEASE]
	at org.springframework.beans.factory.support.ConstructorResolver.createArgumentArray(ConstructorResolver.java:724) ~[spring-beans-5.0.7.RELEASE.jar:5.0.7.RELEASE]
	at org.springframework.beans.factory.support.ConstructorResolver.instantiateUsingFactoryMethod(ConstructorResolver.java:474) ~[spring-beans-5.0.7.RELEASE.jar:5.0.7.RELEASE]
	at org.springframework.beans.factory.support.AbstractAutowireCapableBeanFactory.instantiateUsingFactoryMethod(AbstractAutowireCapableBeanFactory.java:1256) ~[spring-beans-5.0.7.RELEASE.jar:5.0.7.RELEASE]
	at org.springframework.beans.factory.support.AbstractAutowireCapableBeanFactory.createBeanInstance(AbstractAutowireCapableBeanFactory.java:1105) ~[spring-beans-5.0.7.RELEASE.jar:5.0.7.RELEASE]
	at org.springframework.beans.factory.support.AbstractAutowireCapableBeanFactory.doCreateBean(AbstractAutowireCapableBeanFactory.java:543) ~[spring-beans-5.0.7.RELEASE.jar:5.0.7.RELEASE]
	at org.springframework.beans.factory.support.AbstractAutowireCapableBeanFactory.createBean(AbstractAutowireCapableBeanFactory.java:503) ~[spring-beans-5.0.7.RELEASE.jar:5.0.7.RELEASE]
	at org.springframework.beans.factory.support.AbstractBeanFactory.lambda$doGetBean$0(AbstractBeanFactory.java:317) ~[spring-beans-5.0.7.RELEASE.jar:5.0.7.RELEASE]
	at org.springframework.beans.factory.support.DefaultSingletonBeanRegistry.getSingleton(DefaultSingletonBeanRegistry.java:222) ~[spring-beans-5.0.7.RELEASE.jar:5.0.7.RELEASE]
	at org.springframework.beans.factory.support.AbstractBeanFactory.doGetBean(AbstractBeanFactory.java:315) ~[spring-beans-5.0.7.RELEASE.jar:5.0.7.RELEASE]
	at org.springframework.beans.factory.support.AbstractBeanFactory.getBean(AbstractBeanFactory.java:199) ~[spring-beans-5.0.7.RELEASE.jar:5.0.7.RELEASE]
	at org.springframework.beans.factory.config.DependencyDescriptor.resolveCandidate(DependencyDescriptor.java:251) ~[spring-beans-5.0.7.RELEASE.jar:5.0.7.RELEASE]
	at org.springframework.beans.factory.support.DefaultListableBeanFactory.doResolveDependency(DefaultListableBeanFactory.java:1138) ~[spring-beans-5.0.7.RELEASE.jar:5.0.7.RELEASE]
	at org.springframework.beans.factory.support.DefaultListableBeanFactory.resolveDependency(DefaultListableBeanFactory.java:1065) ~[spring-beans-5.0.7.RELEASE.jar:5.0.7.RELEASE]
	at org.springframework.beans.factory.annotation.AutowiredAnnotationBeanPostProcessor$AutowiredFieldElement.inject(AutowiredAnnotationBeanPostProcessor.java:584) ~[spring-beans-5.0.7.RELEASE.jar:5.0.7.RELEASE]
	at org.springframework.beans.factory.annotation.InjectionMetadata.inject(InjectionMetadata.java:91) ~[spring-beans-5.0.7.RELEASE.jar:5.0.7.RELEASE]
	at org.springframework.beans.factory.annotation.AutowiredAnnotationBeanPostProcessor.postProcessPropertyValues(AutowiredAnnotationBeanPostProcessor.java:373) ~[spring-beans-5.0.7.RELEASE.jar:5.0.7.RELEASE]
	at org.springframework.beans.factory.support.AbstractAutowireCapableBeanFactory.populateBean(AbstractAutowireCapableBeanFactory.java:1350) ~[spring-beans-5.0.7.RELEASE.jar:5.0.7.RELEASE]
	at org.springframework.beans.factory.support.AbstractAutowireCapableBeanFactory.doCreateBean(AbstractAutowireCapableBeanFactory.java:580) ~[spring-beans-5.0.7.RELEASE.jar:5.0.7.RELEASE]
	at org.springframework.beans.factory.support.AbstractAutowireCapableBeanFactory.createBean(AbstractAutowireCapableBeanFactory.java:503) ~[spring-beans-5.0.7.RELEASE.jar:5.0.7.RELEASE]
	at org.springframework.beans.factory.support.AbstractBeanFactory.lambda$doGetBean$0(AbstractBeanFactory.java:317) ~[spring-beans-5.0.7.RELEASE.jar:5.0.7.RELEASE]
	at org.springframework.beans.factory.support.DefaultSingletonBeanRegistry.getSingleton(DefaultSingletonBeanRegistry.java:222) ~[spring-beans-5.0.7.RELEASE.jar:5.0.7.RELEASE]
	at org.springframework.beans.factory.support.AbstractBeanFactory.doGetBean(AbstractBeanFactory.java:315) ~[spring-beans-5.0.7.RELEASE.jar:5.0.7.RELEASE]
	at org.springframework.beans.factory.support.AbstractBeanFactory.getBean(AbstractBeanFactory.java:199) ~[spring-beans-5.0.7.RELEASE.jar:5.0.7.RELEASE]
	at org.springframework.beans.factory.support.DefaultListableBeanFactory.preInstantiateSingletons(DefaultListableBeanFactory.java:760) ~[spring-beans-5.0.7.RELEASE.jar:5.0.7.RELEASE]
	at org.springframework.context.support.AbstractApplicationContext.finishBeanFactoryInitialization(AbstractApplicationContext.java:869) ~[spring-context-5.0.7.RELEASE.jar:5.0.7.RELEASE]
	at org.springframework.context.support.AbstractApplicationContext.refresh(AbstractApplicationContext.java:550) ~[spring-context-5.0.7.RELEASE.jar:5.0.7.RELEASE]
	at org.springframework.test.context.support.AbstractGenericContextLoader.loadContext(AbstractGenericContextLoader.java:128) ~[spring-test-5.0.4.RELEASE.jar:5.0.4.RELEASE]
	at org.springframework.test.context.support.AbstractGenericContextLoader.loadContext(AbstractGenericContextLoader.java:60) ~[spring-test-5.0.4.RELEASE.jar:5.0.4.RELEASE]
	at org.springframework.test.context.support.AbstractDelegatingSmartContextLoader.delegateLoading(AbstractDelegatingSmartContextLoader.java:107) ~[spring-test-5.0.4.RELEASE.jar:5.0.4.RELEASE]
	at org.springframework.test.context.support.AbstractDelegatingSmartContextLoader.loadContext(AbstractDelegatingSmartContextLoader.java:243) ~[spring-test-5.0.4.RELEASE.jar:5.0.4.RELEASE]
	at org.springframework.test.context.cache.DefaultCacheAwareContextLoaderDelegate.loadContextInternal(DefaultCacheAwareContextLoaderDelegate.java:99) ~[spring-test-5.0.4.RELEASE.jar:5.0.4.RELEASE]
	at org.springframework.test.context.cache.DefaultCacheAwareContextLoaderDelegate.loadContext(DefaultCacheAwareContextLoaderDelegate.java:117) ~[spring-test-5.0.4.RELEASE.jar:5.0.4.RELEASE]
	... 27 more
Caused by: ch.vorburger.exec.ManagedProcessException: An error occurred while starting the database
	at ch.vorburger.mariadb4j.DB.start(DB.java:151) ~[mariaDB4j-core-2.2.3.jar:?]
	at ch.vorburger.mariadb4j.MariaDB4jService.start(MariaDB4jService.java:67) ~[mariaDB4j-core-2.2.3.jar:?]
	at ch.vorburger.mariadb4j.springframework.MariaDB4jSpringService.start(MariaDB4jSpringService.java:96) ~[mariaDB4j-core-2.2.3.jar:?]
	at sun.reflect.GeneratedMethodAccessor52.invoke(Unknown Source) ~[?:?]
	at sun.reflect.DelegatingMethodAccessorImpl.invoke(DelegatingMethodAccessorImpl.java:43) ~[?:1.8.0_121]
	at java.lang.reflect.Method.invoke(Method.java:498) ~[?:1.8.0_121]
	at org.springframework.beans.factory.annotation.InitDestroyAnnotationBeanPostProcessor$LifecycleElement.invoke(InitDestroyAnnotationBeanPostProcessor.java:365) ~[spring-beans-5.0.7.RELEASE.jar:5.0.7.RELEASE]
	at org.springframework.beans.factory.annotation.InitDestroyAnnotationBeanPostProcessor$LifecycleMetadata.invokeInitMethods(InitDestroyAnnotationBeanPostProcessor.java:308) ~[spring-beans-5.0.7.RELEASE.jar:5.0.7.RELEASE]
	at org.springframework.beans.factory.annotation.InitDestroyAnnotationBeanPostProcessor.postProcessBeforeInitialization(InitDestroyAnnotationBeanPostProcessor.java:135) ~[spring-beans-5.0.7.RELEASE.jar:5.0.7.RELEASE]
	at org.springframework.beans.factory.support.AbstractAutowireCapableBeanFactory.applyBeanPostProcessorsBeforeInitialization(AbstractAutowireCapableBeanFactory.java:424) ~[spring-beans-5.0.7.RELEASE.jar:5.0.7.RELEASE]
	at org.springframework.beans.factory.support.AbstractAutowireCapableBeanFactory.initializeBean(AbstractAutowireCapableBeanFactory.java:1700) ~[spring-beans-5.0.7.RELEASE.jar:5.0.7.RELEASE]
	at org.springframework.beans.factory.support.AbstractAutowireCapableBeanFactory.doCreateBean(AbstractAutowireCapableBeanFactory.java:581) ~[spring-beans-5.0.7.RELEASE.jar:5.0.7.RELEASE]
	at org.springframework.beans.factory.support.AbstractAutowireCapableBeanFactory.createBean(AbstractAutowireCapableBeanFactory.java:503) ~[spring-beans-5.0.7.RELEASE.jar:5.0.7.RELEASE]
	at org.springframework.beans.factory.support.AbstractBeanFactory.lambda$doGetBean$0(AbstractBeanFactory.java:317) ~[spring-beans-5.0.7.RELEASE.jar:5.0.7.RELEASE]
	at org.springframework.beans.factory.support.DefaultSingletonBeanRegistry.getSingleton(DefaultSingletonBeanRegistry.java:222) ~[spring-beans-5.0.7.RELEASE.jar:5.0.7.RELEASE]
	at org.springframework.beans.factory.support.AbstractBeanFactory.doGetBean(AbstractBeanFactory.java:315) ~[spring-beans-5.0.7.RELEASE.jar:5.0.7.RELEASE]
	at org.springframework.beans.factory.support.AbstractBeanFactory.getBean(AbstractBeanFactory.java:199) ~[spring-beans-5.0.7.RELEASE.jar:5.0.7.RELEASE]
	at org.springframework.beans.factory.config.DependencyDescriptor.resolveCandidate(DependencyDescriptor.java:251) ~[spring-beans-5.0.7.RELEASE.jar:5.0.7.RELEASE]
	at org.springframework.beans.factory.support.DefaultListableBeanFactory.doResolveDependency(DefaultListableBeanFactory.java:1138) ~[spring-beans-5.0.7.RELEASE.jar:5.0.7.RELEASE]
	at org.springframework.beans.factory.support.DefaultListableBeanFactory.resolveDependency(DefaultListableBeanFactory.java:1065) ~[spring-beans-5.0.7.RELEASE.jar:5.0.7.RELEASE]
	at org.springframework.beans.factory.support.ConstructorResolver.resolveAutowiredArgument(ConstructorResolver.java:818) ~[spring-beans-5.0.7.RELEASE.jar:5.0.7.RELEASE]
	at org.springframework.beans.factory.support.ConstructorResolver.createArgumentArray(ConstructorResolver.java:724) ~[spring-beans-5.0.7.RELEASE.jar:5.0.7.RELEASE]
	at org.springframework.beans.factory.support.ConstructorResolver.instantiateUsingFactoryMethod(ConstructorResolver.java:474) ~[spring-beans-5.0.7.RELEASE.jar:5.0.7.RELEASE]
	at org.springframework.beans.factory.support.AbstractAutowireCapableBeanFactory.instantiateUsingFactoryMethod(AbstractAutowireCapableBeanFactory.java:1256) ~[spring-beans-5.0.7.RELEASE.jar:5.0.7.RELEASE]
	at org.springframework.beans.factory.support.AbstractAutowireCapableBeanFactory.createBeanInstance(AbstractAutowireCapableBeanFactory.java:1105) ~[spring-beans-5.0.7.RELEASE.jar:5.0.7.RELEASE]
	at org.springframework.beans.factory.support.AbstractAutowireCapableBeanFactory.doCreateBean(AbstractAutowireCapableBeanFactory.java:543) ~[spring-beans-5.0.7.RELEASE.jar:5.0.7.RELEASE]
	at org.springframework.beans.factory.support.AbstractAutowireCapableBeanFactory.createBean(AbstractAutowireCapableBeanFactory.java:503) ~[spring-beans-5.0.7.RELEASE.jar:5.0.7.RELEASE]
	at org.springframework.beans.factory.support.AbstractBeanFactory.lambda$doGetBean$0(AbstractBeanFactory.java:317) ~[spring-beans-5.0.7.RELEASE.jar:5.0.7.RELEASE]
	at org.springframework.beans.factory.support.DefaultSingletonBeanRegistry.getSingleton(DefaultSingletonBeanRegistry.java:222) ~[spring-beans-5.0.7.RELEASE.jar:5.0.7.RELEASE]
	at org.springframework.beans.factory.support.AbstractBeanFactory.doGetBean(AbstractBeanFactory.java:315) ~[spring-beans-5.0.7.RELEASE.jar:5.0.7.RELEASE]
	at org.springframework.beans.factory.support.AbstractBeanFactory.getBean(AbstractBeanFactory.java:199) ~[spring-beans-5.0.7.RELEASE.jar:5.0.7.RELEASE]
	at org.springframework.beans.factory.config.DependencyDescriptor.resolveCandidate(DependencyDescriptor.java:251) ~[spring-beans-5.0.7.RELEASE.jar:5.0.7.RELEASE]
	at org.springframework.beans.factory.support.DefaultListableBeanFactory.doResolveDependency(DefaultListableBeanFactory.java:1138) ~[spring-beans-5.0.7.RELEASE.jar:5.0.7.RELEASE]
	at org.springframework.beans.factory.support.DefaultListableBeanFactory.resolveDependency(DefaultListableBeanFactory.java:1065) ~[spring-beans-5.0.7.RELEASE.jar:5.0.7.RELEASE]
	at org.springframework.beans.factory.annotation.AutowiredAnnotationBeanPostProcessor$AutowiredFieldElement.inject(AutowiredAnnotationBeanPostProcessor.java:584) ~[spring-beans-5.0.7.RELEASE.jar:5.0.7.RELEASE]
	at org.springframework.beans.factory.annotation.InjectionMetadata.inject(InjectionMetadata.java:91) ~[spring-beans-5.0.7.RELEASE.jar:5.0.7.RELEASE]
	at org.springframework.beans.factory.annotation.AutowiredAnnotationBeanPostProcessor.postProcessPropertyValues(AutowiredAnnotationBeanPostProcessor.java:373) ~[spring-beans-5.0.7.RELEASE.jar:5.0.7.RELEASE]
	at org.springframework.beans.factory.support.AbstractAutowireCapableBeanFactory.populateBean(AbstractAutowireCapableBeanFactory.java:1350) ~[spring-beans-5.0.7.RELEASE.jar:5.0.7.RELEASE]
	at org.springframework.beans.factory.support.AbstractAutowireCapableBeanFactory.doCreateBean(AbstractAutowireCapableBeanFactory.java:580) ~[spring-beans-5.0.7.RELEASE.jar:5.0.7.RELEASE]
	at org.springframework.beans.factory.support.AbstractAutowireCapableBeanFactory.createBean(AbstractAutowireCapableBeanFactory.java:503) ~[spring-beans-5.0.7.RELEASE.jar:5.0.7.RELEASE]
	at org.springframework.beans.factory.support.AbstractBeanFactory.lambda$doGetBean$0(AbstractBeanFactory.java:317) ~[spring-beans-5.0.7.RELEASE.jar:5.0.7.RELEASE]
	at org.springframework.beans.factory.support.DefaultSingletonBeanRegistry.getSingleton(DefaultSingletonBeanRegistry.java:222) ~[spring-beans-5.0.7.RELEASE.jar:5.0.7.RELEASE]
	at org.springframework.beans.factory.support.AbstractBeanFactory.doGetBean(AbstractBeanFactory.java:315) ~[spring-beans-5.0.7.RELEASE.jar:5.0.7.RELEASE]
	at org.springframework.beans.factory.support.AbstractBeanFactory.getBean(AbstractBeanFactory.java:199) ~[spring-beans-5.0.7.RELEASE.jar:5.0.7.RELEASE]
	at org.springframework.beans.factory.support.DefaultListableBeanFactory.preInstantiateSingletons(DefaultListableBeanFactory.java:760) ~[spring-beans-5.0.7.RELEASE.jar:5.0.7.RELEASE]
	at org.springframework.context.support.AbstractApplicationContext.finishBeanFactoryInitialization(AbstractApplicationContext.java:869) ~[spring-context-5.0.7.RELEASE.jar:5.0.7.RELEASE]
	at org.springframework.context.support.AbstractApplicationContext.refresh(AbstractApplicationContext.java:550) ~[spring-context-5.0.7.RELEASE.jar:5.0.7.RELEASE]
	at org.springframework.test.context.support.AbstractGenericContextLoader.loadContext(AbstractGenericContextLoader.java:128) ~[spring-test-5.0.4.RELEASE.jar:5.0.4.RELEASE]
	at org.springframework.test.context.support.AbstractGenericContextLoader.loadContext(AbstractGenericContextLoader.java:60) ~[spring-test-5.0.4.RELEASE.jar:5.0.4.RELEASE]
	at org.springframework.test.context.support.AbstractDelegatingSmartContextLoader.delegateLoading(AbstractDelegatingSmartContextLoader.java:107) ~[spring-test-5.0.4.RELEASE.jar:5.0.4.RELEASE]
	at org.springframework.test.context.support.AbstractDelegatingSmartContextLoader.loadContext(AbstractDelegatingSmartContextLoader.java:243) ~[spring-test-5.0.4.RELEASE.jar:5.0.4.RELEASE]
	at org.springframework.test.context.cache.DefaultCacheAwareContextLoaderDelegate.loadContextInternal(DefaultCacheAwareContextLoaderDelegate.java:99) ~[spring-test-5.0.4.RELEASE.jar:5.0.4.RELEASE]
	at org.springframework.test.context.cache.DefaultCacheAwareContextLoaderDelegate.loadContext(DefaultCacheAwareContextLoaderDelegate.java:117) ~[spring-test-5.0.4.RELEASE.jar:5.0.4.RELEASE]
	... 27 more
Caused by: ch.vorburger.exec.ManagedProcessException: Asked to wait for "mysqld: ready for connections." from Program [/tmp/MariaDB4j/base/bin/mysqld, --no-defaults, --console, --skip-grant-tables, --max_allowed_packet=64M, --basedir=/tmp/MariaDB4j/base, --datadir=/tmp/MariaDB4j/data/36659, --port=36659, --socket=/tmp/MariaDB4j.36659.sock] (in working directory /tmp/MariaDB4j/base), but it already exited! (without that message in console), last 100 lines of console:
2018-07-28  7:01:47 140652995889024 [Note] /tmp/MariaDB4j/base/bin/mysqld (mysqld 10.1.13-MariaDB) starting as process 3490 ...
2018-07-28  7:01:47 140652995889024 [ERROR] Fatal error: Please consult the Knowledge Base to find out how to run mysqld as root!

2018-07-28  7:01:47 140652995889024 [ERROR] Aborting

	at ch.vorburger.exec.ManagedProcess.startAndWaitForConsoleMessageMaxMs(ManagedProcess.java:263) ~[mariaDB4j-core-2.2.3.jar:?]
	at ch.vorburger.mariadb4j.DB.start(DB.java:148) ~[mariaDB4j-core-2.2.3.jar:?]
	at ch.vorburger.mariadb4j.MariaDB4jService.start(MariaDB4jService.java:67) ~[mariaDB4j-core-2.2.3.jar:?]
	at ch.vorburger.mariadb4j.springframework.MariaDB4jSpringService.start(MariaDB4jSpringService.java:96) ~[mariaDB4j-core-2.2.3.jar:?]
	at sun.reflect.GeneratedMethodAccessor52.invoke(Unknown Source) ~[?:?]
	at sun.reflect.DelegatingMethodAccessorImpl.invoke(DelegatingMethodAccessorImpl.java:43) ~[?:1.8.0_121]
	at java.lang.reflect.Method.invoke(Method.java:498) ~[?:1.8.0_121]
	at org.springframework.beans.factory.annotation.InitDestroyAnnotationBeanPostProcessor$LifecycleElement.invoke(InitDestroyAnnotationBeanPostProcessor.java:365) ~[spring-beans-5.0.7.RELEASE.jar:5.0.7.RELEASE]
	at org.springframework.beans.factory.annotation.InitDestroyAnnotationBeanPostProcessor$LifecycleMetadata.invokeInitMethods(InitDestroyAnnotationBeanPostProcessor.java:308) ~[spring-beans-5.0.7.RELEASE.jar:5.0.7.RELEASE]
	at org.springframework.beans.factory.annotation.InitDestroyAnnotationBeanPostProcessor.postProcessBeforeInitialization(InitDestroyAnnotationBeanPostProcessor.java:135) ~[spring-beans-5.0.7.RELEASE.jar:5.0.7.RELEASE]
	at org.springframework.beans.factory.support.AbstractAutowireCapableBeanFactory.applyBeanPostProcessorsBeforeInitialization(AbstractAutowireCapableBeanFactory.java:424) ~[spring-beans-5.0.7.RELEASE.jar:5.0.7.RELEASE]
	at org.springframework.beans.factory.support.AbstractAutowireCapableBeanFactory.initializeBean(AbstractAutowireCapableBeanFactory.java:1700) ~[spring-beans-5.0.7.RELEASE.jar:5.0.7.RELEASE]
	at org.springframework.beans.factory.support.AbstractAutowireCapableBeanFactory.doCreateBean(AbstractAutowireCapableBeanFactory.java:581) ~[spring-beans-5.0.7.RELEASE.jar:5.0.7.RELEASE]
	at org.springframework.beans.factory.support.AbstractAutowireCapableBeanFactory.createBean(AbstractAutowireCapableBeanFactory.java:503) ~[spring-beans-5.0.7.RELEASE.jar:5.0.7.RELEASE]
	at org.springframework.beans.factory.support.AbstractBeanFactory.lambda$doGetBean$0(AbstractBeanFactory.java:317) ~[spring-beans-5.0.7.RELEASE.jar:5.0.7.RELEASE]
	at org.springframework.beans.factory.support.DefaultSingletonBeanRegistry.getSingleton(DefaultSingletonBeanRegistry.java:222) ~[spring-beans-5.0.7.RELEASE.jar:5.0.7.RELEASE]
	at org.springframework.beans.factory.support.AbstractBeanFactory.doGetBean(AbstractBeanFactory.java:315) ~[spring-beans-5.0.7.RELEASE.jar:5.0.7.RELEASE]
	at org.springframework.beans.factory.support.AbstractBeanFactory.getBean(AbstractBeanFactory.java:199) ~[spring-beans-5.0.7.RELEASE.jar:5.0.7.RELEASE]
	at org.springframework.beans.factory.config.DependencyDescriptor.resolveCandidate(DependencyDescriptor.java:251) ~[spring-beans-5.0.7.RELEASE.jar:5.0.7.RELEASE]
	at org.springframework.beans.factory.support.DefaultListableBeanFactory.doResolveDependency(DefaultListableBeanFactory.java:1138) ~[spring-beans-5.0.7.RELEASE.jar:5.0.7.RELEASE]
	at org.springframework.beans.factory.support.DefaultListableBeanFactory.resolveDependency(DefaultListableBeanFactory.java:1065) ~[spring-beans-5.0.7.RELEASE.jar:5.0.7.RELEASE]
	at org.springframework.beans.factory.support.ConstructorResolver.resolveAutowiredArgument(ConstructorResolver.java:818) ~[spring-beans-5.0.7.RELEASE.jar:5.0.7.RELEASE]
	at org.springframework.beans.factory.support.ConstructorResolver.createArgumentArray(ConstructorResolver.java:724) ~[spring-beans-5.0.7.RELEASE.jar:5.0.7.RELEASE]
	at org.springframework.beans.factory.support.ConstructorResolver.instantiateUsingFactoryMethod(ConstructorResolver.java:474) ~[spring-beans-5.0.7.RELEASE.jar:5.0.7.RELEASE]
	at org.springframework.beans.factory.support.AbstractAutowireCapableBeanFactory.instantiateUsingFactoryMethod(AbstractAutowireCapableBeanFactory.java:1256) ~[spring-beans-5.0.7.RELEASE.jar:5.0.7.RELEASE]
	at org.springframework.beans.factory.support.AbstractAutowireCapableBeanFactory.createBeanInstance(AbstractAutowireCapableBeanFactory.java:1105) ~[spring-beans-5.0.7.RELEASE.jar:5.0.7.RELEASE]
	at org.springframework.beans.factory.support.AbstractAutowireCapableBeanFactory.doCreateBean(AbstractAutowireCapableBeanFactory.java:543) ~[spring-beans-5.0.7.RELEASE.jar:5.0.7.RELEASE]
	at org.springframework.beans.factory.support.AbstractAutowireCapableBeanFactory.createBean(AbstractAutowireCapableBeanFactory.java:503) ~[spring-beans-5.0.7.RELEASE.jar:5.0.7.RELEASE]
	at org.springframework.beans.factory.support.AbstractBeanFactory.lambda$doGetBean$0(AbstractBeanFactory.java:317) ~[spring-beans-5.0.7.RELEASE.jar:5.0.7.RELEASE]
	at org.springframework.beans.factory.support.DefaultSingletonBeanRegistry.getSingleton(DefaultSingletonBeanRegistry.java:222) ~[spring-beans-5.0.7.RELEASE.jar:5.0.7.RELEASE]
	at org.springframework.beans.factory.support.AbstractBeanFactory.doGetBean(AbstractBeanFactory.java:315) ~[spring-beans-5.0.7.RELEASE.jar:5.0.7.RELEASE]
	at org.springframework.beans.factory.support.AbstractBeanFactory.getBean(AbstractBeanFactory.java:199) ~[spring-beans-5.0.7.RELEASE.jar:5.0.7.RELEASE]
	at org.springframework.beans.factory.config.DependencyDescriptor.resolveCandidate(DependencyDescriptor.java:251) ~[spring-beans-5.0.7.RELEASE.jar:5.0.7.RELEASE]
	at org.springframework.beans.factory.support.DefaultListableBeanFactory.doResolveDependency(DefaultListableBeanFactory.java:1138) ~[spring-beans-5.0.7.RELEASE.jar:5.0.7.RELEASE]
	at org.springframework.beans.factory.support.DefaultListableBeanFactory.resolveDependency(DefaultListableBeanFactory.java:1065) ~[spring-beans-5.0.7.RELEASE.jar:5.0.7.RELEASE]
	at org.springframework.beans.factory.annotation.AutowiredAnnotationBeanPostProcessor$AutowiredFieldElement.inject(AutowiredAnnotationBeanPostProcessor.java:584) ~[spring-beans-5.0.7.RELEASE.jar:5.0.7.RELEASE]
	at org.springframework.beans.factory.annotation.InjectionMetadata.inject(InjectionMetadata.java:91) ~[spring-beans-5.0.7.RELEASE.jar:5.0.7.RELEASE]
	at org.springframework.beans.factory.annotation.AutowiredAnnotationBeanPostProcessor.postProcessPropertyValues(AutowiredAnnotationBeanPostProcessor.java:373) ~[spring-beans-5.0.7.RELEASE.jar:5.0.7.RELEASE]
	at org.springframework.beans.factory.support.AbstractAutowireCapableBeanFactory.populateBean(AbstractAutowireCapableBeanFactory.java:1350) ~[spring-beans-5.0.7.RELEASE.jar:5.0.7.RELEASE]
	at org.springframework.beans.factory.support.AbstractAutowireCapableBeanFactory.doCreateBean(AbstractAutowireCapableBeanFactory.java:580) ~[spring-beans-5.0.7.RELEASE.jar:5.0.7.RELEASE]
	at org.springframework.beans.factory.support.AbstractAutowireCapableBeanFactory.createBean(AbstractAutowireCapableBeanFactory.java:503) ~[spring-beans-5.0.7.RELEASE.jar:5.0.7.RELEASE]
	at org.springframework.beans.factory.support.AbstractBeanFactory.lambda$doGetBean$0(AbstractBeanFactory.java:317) ~[spring-beans-5.0.7.RELEASE.jar:5.0.7.RELEASE]
	at org.springframework.beans.factory.support.DefaultSingletonBeanRegistry.getSingleton(DefaultSingletonBeanRegistry.java:222) ~[spring-beans-5.0.7.RELEASE.jar:5.0.7.RELEASE]
	at org.springframework.beans.factory.support.AbstractBeanFactory.doGetBean(AbstractBeanFactory.java:315) ~[spring-beans-5.0.7.RELEASE.jar:5.0.7.RELEASE]
	at org.springframework.beans.factory.support.AbstractBeanFactory.getBean(AbstractBeanFactory.java:199) ~[spring-beans-5.0.7.RELEASE.jar:5.0.7.RELEASE]
	at org.springframework.beans.factory.support.DefaultListableBeanFactory.preInstantiateSingletons(DefaultListableBeanFactory.java:760) ~[spring-beans-5.0.7.RELEASE.jar:5.0.7.RELEASE]
	at org.springframework.context.support.AbstractApplicationContext.finishBeanFactoryInitialization(AbstractApplicationContext.java:869) ~[spring-context-5.0.7.RELEASE.jar:5.0.7.RELEASE]
	at org.springframework.context.support.AbstractApplicationContext.refresh(AbstractApplicationContext.java:550) ~[spring-context-5.0.7.RELEASE.jar:5.0.7.RELEASE]
	at org.springframework.test.context.support.AbstractGenericContextLoader.loadContext(AbstractGenericContextLoader.java:128) ~[spring-test-5.0.4.RELEASE.jar:5.0.4.RELEASE]
	at org.springframework.test.context.support.AbstractGenericContextLoader.loadContext(AbstractGenericContextLoader.java:60) ~[spring-test-5.0.4.RELEASE.jar:5.0.4.RELEASE]
	at org.springframework.test.context.support.AbstractDelegatingSmartContextLoader.delegateLoading(AbstractDelegatingSmartContextLoader.java:107) ~[spring-test-5.0.4.RELEASE.jar:5.0.4.RELEASE]
	at org.springframework.test.context.support.AbstractDelegatingSmartContextLoader.loadContext(AbstractDelegatingSmartContextLoader.java:243) ~[spring-test-5.0.4.RELEASE.jar:5.0.4.RELEASE]
	at org.springframework.test.context.cache.DefaultCacheAwareContextLoaderDelegate.loadContextInternal(DefaultCacheAwareContextLoaderDelegate.java:99) ~[spring-test-5.0.4.RELEASE.jar:5.0.4.RELEASE]
	at org.springframework.test.context.cache.DefaultCacheAwareContextLoaderDelegate.loadContext(DefaultCacheAwareContextLoaderDelegate.java:117) ~[spring-test-5.0.4.RELEASE.jar:5.0.4.RELEASE]
	... 27 more
]]></system-out>
  </testcase>
</testsuite>