<?xml version="1.0" encoding="UTF-8"?>
<testsuite name="br.com.reclameaqui.teste.TesteApplicationTests" time="0.019" tests="1" errors="1" skipped="0" failures="0">
  <properties>
    <property name="java.runtime.name" value="OpenJDK Runtime Environment"/>
    <property name="sun.boot.library.path" value="/usr/lib/jvm/java-8-openjdk-amd64/jre/lib/amd64"/>
    <property name="java.vm.version" value="25.121-b13"/>
    <property name="java.vm.vendor" value="Oracle Corporation"/>
    <property name="maven.multiModuleProjectDirectory" value="/root/workspace/matheustf/testereclameaqui/366392089"/>
    <property name="java.vendor.url" value="http://java.oracle.com/"/>
    <property name="path.separator" value=":"/>
    <property name="guice.disable.misplaced.annotation.check" value="true"/>
    <property name="skip.gulp" value="true"/>
    <property name="java.vm.name" value="OpenJDK 64-Bit Server VM"/>
    <property name="file.encoding.pkg" value="sun.io"/>
    <property name="sun.java.launcher" value="SUN_STANDARD"/>
    <property name="sun.os.patch.level" value="unknown"/>
    <property name="findbugs.skip" value="true"/>
    <property name="java.vm.specification.name" value="Java Virtual Machine Specification"/>
    <property name="user.dir" value="/root/workspace/matheustf/testereclameaqui/366392089"/>
    <property name="checkstyle.skip" value="true"/>
    <property name="java.runtime.version" value="1.8.0_121-8u121-b13-1~bpo8+1-b13"/>
    <property name="java.awt.graphicsenv" value="sun.awt.X11GraphicsEnvironment"/>
    <property name="skip.npm" value="true"/>
    <property name="java.endorsed.dirs" value="/usr/lib/jvm/java-8-openjdk-amd64/jre/lib/endorsed"/>
    <property name="os.arch" value="amd64"/>
    <property name="java.io.tmpdir" value="/tmp"/>
    <property name="gpg.skip" value="true"/>
    <property name="line.separator" value="&#10;"/>
    <property name="java.vm.specification.vendor" value="Oracle Corporation"/>
    <property name="cobertura.skip" value="true"/>
    <property name="os.name" value="Linux"/>
    <property name="classworlds.conf" value="/usr/share/maven/bin/m2.conf"/>
    <property name="sun.jnu.encoding" value="UTF-8"/>
    <property name="java.library.path" value="/usr/java/packages/lib/amd64:/usr/lib/x86_64-linux-gnu/jni:/lib/x86_64-linux-gnu:/usr/lib/x86_64-linux-gnu:/usr/lib/jni:/lib:/usr/lib"/>
    <property name="license.skip" value="true"/>
    <property name="java.specification.name" value="Java Platform API Specification"/>
    <property name="java.class.version" value="52.0"/>
    <property name="sun.management.compiler" value="HotSpot 64-Bit Tiered Compilers"/>
    <property name="skip.bower" value="true"/>
    <property name="maven.repo.local" value="/root/./workspace/matheustf/testereclameaqui/366392089/.m2"/>
    <property name="os.version" value="3.10.0-693.21.1.el7.x86_64"/>
    <property name="user.home" value="/root"/>
    <property name="user.timezone" value="Europe/Paris"/>
    <property name="java.awt.printerjob" value="sun.print.PSPrinterJob"/>
    <property name="java.specification.version" value="1.8"/>
    <property name="file.encoding" value="UTF-8"/>
    <property name="user.name" value="root"/>
    <property name="java.class.path" value="/usr/share/maven/boot/plexus-classworlds-2.5.2.jar"/>
    <property name="skipITs" value="true"/>
    <property name="java.vm.specification.version" value="1.8"/>
    <property name="sun.arch.data.model" value="64"/>
    <property name="java.home" value="/usr/lib/jvm/java-8-openjdk-amd64/jre"/>
    <property name="sun.java.command" value="org.codehaus.plexus.classworlds.launcher.Launcher -D enforcer.skip=true -D skipITs=true -D cobertura.skip=true -D maven.repo.local=/root/./workspace/matheustf/testereclameaqui/366392089/.m2 -D rat.skip=true -D findbugs.skip=true -D skip.bower=true -D gpg.skip=true -D checkstyle.skip=true -D skip.gulp=true -D license.skip=true -D skip.npm=true test"/>
    <property name="java.specification.vendor" value="Oracle Corporation"/>
    <property name="user.language" value="en"/>
    <property name="awt.toolkit" value="sun.awt.X11.XToolkit"/>
    <property name="java.vm.info" value="mixed mode"/>
    <property name="java.version" value="1.8.0_121"/>
    <property name="java.ext.dirs" value="/usr/lib/jvm/java-8-openjdk-amd64/jre/lib/ext:/usr/java/packages/lib/ext"/>
    <property name="securerandom.source" value="file:/dev/./urandom"/>
    <property name="sun.boot.class.path" value="/usr/lib/jvm/java-8-openjdk-amd64/jre/lib/resources.jar:/usr/lib/jvm/java-8-openjdk-amd64/jre/lib/rt.jar:/usr/lib/jvm/java-8-openjdk-amd64/jre/lib/sunrsasign.jar:/usr/lib/jvm/java-8-openjdk-amd64/jre/lib/jsse.jar:/usr/lib/jvm/java-8-openjdk-amd64/jre/lib/jce.jar:/usr/lib/jvm/java-8-openjdk-amd64/jre/lib/charsets.jar:/usr/lib/jvm/java-8-openjdk-amd64/jre/lib/jfr.jar:/usr/lib/jvm/java-8-openjdk-amd64/jre/classes"/>
    <property name="java.vendor" value="Oracle Corporation"/>
    <property name="enforcer.skip" value="true"/>
    <property name="rat.skip" value="true"/>
    <property name="maven.home" value="/usr/share/maven"/>
    <property name="file.separator" value="/"/>
    <property name="java.vendor.url.bug" value="http://bugreport.sun.com/bugreport/"/>
    <property name="sun.cpu.endian" value="little"/>
    <property name="sun.io.unicode.encoding" value="UnicodeLittle"/>
    <property name="sun.cpu.isalist" value=""/>
  </properties>
  <testcase name="contextLoads" classname="br.com.reclameaqui.teste.TesteApplicationTests" time="0.019">
    <error message="Failed to load ApplicationContext" type="java.lang.IllegalStateException"><![CDATA[java.lang.IllegalStateException: Failed to load ApplicationContext
	at org.springframework.test.context.cache.DefaultCacheAwareContextLoaderDelegate.loadContext(DefaultCacheAwareContextLoaderDelegate.java:124)
	at org.springframework.test.context.support.DefaultTestContext.getApplicationContext(DefaultTestContext.java:83)
	at org.springframework.test.context.web.ServletTestExecutionListener.setUpRequestContextIfNecessary(ServletTestExecutionListener.java:189)
	at org.springframework.test.context.web.ServletTestExecutionListener.prepareTestInstance(ServletTestExecutionListener.java:131)
	at org.springframework.test.context.TestContextManager.prepareTestInstance(TestContextManager.java:230)
	at org.springframework.test.context.junit4.SpringJUnit4ClassRunner.createTest(SpringJUnit4ClassRunner.java:228)
	at org.springframework.test.context.junit4.SpringJUnit4ClassRunner$1.runReflectiveCall(SpringJUnit4ClassRunner.java:287)
	at org.junit.internal.runners.model.ReflectiveCallable.run(ReflectiveCallable.java:12)
	at org.springframework.test.context.junit4.SpringJUnit4ClassRunner.methodBlock(SpringJUnit4ClassRunner.java:289)
	at org.springframework.test.context.junit4.SpringJUnit4ClassRunner.runChild(SpringJUnit4ClassRunner.java:247)
	at org.springframework.test.context.junit4.SpringJUnit4ClassRunner.runChild(SpringJUnit4ClassRunner.java:94)
	at org.junit.runners.ParentRunner$3.run(ParentRunner.java:290)
	at org.junit.runners.ParentRunner$1.schedule(ParentRunner.java:71)
	at org.junit.runners.ParentRunner.runChildren(ParentRunner.java:288)
	at org.junit.runners.ParentRunner.access$000(ParentRunner.java:58)
	at org.junit.runners.ParentRunner$2.evaluate(ParentRunner.java:268)
	at org.springframework.test.context.junit4.statements.RunBeforeTestClassCallbacks.evaluate(RunBeforeTestClassCallbacks.java:61)
	at org.springframework.test.context.junit4.statements.RunAfterTestClassCallbacks.evaluate(RunAfterTestClassCallbacks.java:70)
	at org.junit.runners.ParentRunner.run(ParentRunner.java:363)
	at org.springframework.test.context.junit4.SpringJUnit4ClassRunner.run(SpringJUnit4ClassRunner.java:191)
	at org.apache.maven.surefire.junit4.JUnit4Provider.execute(JUnit4Provider.java:283)
	at org.apache.maven.surefire.junit4.JUnit4Provider.executeWithRerun(JUnit4Provider.java:173)
	at org.apache.maven.surefire.junit4.JUnit4Provider.executeTestSet(JUnit4Provider.java:153)
	at org.apache.maven.surefire.junit4.JUnit4Provider.invoke(JUnit4Provider.java:128)
	at org.apache.maven.surefire.booter.ForkedBooter.invokeProviderInSameClassLoader(ForkedBooter.java:203)
	at org.apache.maven.surefire.booter.ForkedBooter.runSuitesInProcess(ForkedBooter.java:155)
	at org.apache.maven.surefire.booter.ForkedBooter.main(ForkedBooter.java:103)
Caused by: java.lang.IllegalStateException: Failed to execute CommandLineRunner
	at org.springframework.boot.SpringApplication.callRunner(SpringApplication.java:735)
	at org.springframework.boot.SpringApplication.callRunners(SpringApplication.java:716)
	at org.springframework.boot.SpringApplication.afterRefresh(SpringApplication.java:703)
	at org.springframework.boot.SpringApplication.run(SpringApplication.java:304)
	at org.springframework.boot.test.context.SpringBootContextLoader.loadContext(SpringBootContextLoader.java:120)
	at org.springframework.test.context.cache.DefaultCacheAwareContextLoaderDelegate.loadContextInternal(DefaultCacheAwareContextLoaderDelegate.java:98)
	at org.springframework.test.context.cache.DefaultCacheAwareContextLoaderDelegate.loadContext(DefaultCacheAwareContextLoaderDelegate.java:116)
	at org.springframework.test.context.support.DefaultTestContext.getApplicationContext(DefaultTestContext.java:83)
	at org.springframework.test.context.web.ServletTestExecutionListener.setUpRequestContextIfNecessary(ServletTestExecutionListener.java:189)
	at org.springframework.test.context.web.ServletTestExecutionListener.prepareTestInstance(ServletTestExecutionListener.java:131)
	at org.springframework.test.context.TestContextManager.prepareTestInstance(TestContextManager.java:230)
	at org.springframework.test.context.junit4.SpringJUnit4ClassRunner.createTest(SpringJUnit4ClassRunner.java:228)
	at org.springframework.test.context.junit4.SpringJUnit4ClassRunner$1.runReflectiveCall(SpringJUnit4ClassRunner.java:287)
	at org.junit.internal.runners.model.ReflectiveCallable.run(ReflectiveCallable.java:12)
	at org.springframework.test.context.junit4.SpringJUnit4ClassRunner.methodBlock(SpringJUnit4ClassRunner.java:289)
	at org.springframework.test.context.junit4.SpringJUnit4ClassRunner.runChild(SpringJUnit4ClassRunner.java:247)
	at org.springframework.test.context.junit4.SpringJUnit4ClassRunner.runChild(SpringJUnit4ClassRunner.java:94)
	at org.junit.runners.ParentRunner$3.run(ParentRunner.java:290)
	at org.junit.runners.ParentRunner$1.schedule(ParentRunner.java:71)
	at org.junit.runners.ParentRunner.runChildren(ParentRunner.java:288)
	at org.junit.runners.ParentRunner.access$000(ParentRunner.java:58)
	at org.junit.runners.ParentRunner$2.evaluate(ParentRunner.java:268)
	at org.springframework.test.context.junit4.statements.RunBeforeTestClassCallbacks.evaluate(RunBeforeTestClassCallbacks.java:61)
	at org.springframework.test.context.junit4.statements.RunAfterTestClassCallbacks.evaluate(RunAfterTestClassCallbacks.java:70)
	at org.junit.runners.ParentRunner.run(ParentRunner.java:363)
	at org.springframework.test.context.junit4.SpringJUnit4ClassRunner.run(SpringJUnit4ClassRunner.java:191)
	at org.apache.maven.surefire.junit4.JUnit4Provider.execute(JUnit4Provider.java:283)
	at org.apache.maven.surefire.junit4.JUnit4Provider.executeWithRerun(JUnit4Provider.java:173)
	at org.apache.maven.surefire.junit4.JUnit4Provider.executeTestSet(JUnit4Provider.java:153)
	at org.apache.maven.surefire.junit4.JUnit4Provider.invoke(JUnit4Provider.java:128)
	at org.apache.maven.surefire.booter.ForkedBooter.invokeProviderInSameClassLoader(ForkedBooter.java:203)
	at org.apache.maven.surefire.booter.ForkedBooter.runSuitesInProcess(ForkedBooter.java:155)
	at org.apache.maven.surefire.booter.ForkedBooter.main(ForkedBooter.java:103)
Caused by: org.springframework.dao.DataAccessResourceFailureException: Timed out after 30000 ms while waiting for a server that matches WritableServerSelector. Client view of cluster state is {type=UNKNOWN, servers=[{address=localhost:27017, type=UNKNOWN, state=CONNECTING, exception={com.mongodb.MongoSocketOpenException: Exception opening socket}, caused by {java.net.ConnectException: Connection refused (Connection refused)}}]; nested exception is com.mongodb.MongoTimeoutException: Timed out after 30000 ms while waiting for a server that matches WritableServerSelector. Client view of cluster state is {type=UNKNOWN, servers=[{address=localhost:27017, type=UNKNOWN, state=CONNECTING, exception={com.mongodb.MongoSocketOpenException: Exception opening socket}, caused by {java.net.ConnectException: Connection refused (Connection refused)}}]
	at org.springframework.data.mongodb.core.MongoExceptionTranslator.translateExceptionIfPossible(MongoExceptionTranslator.java:77)
	at org.springframework.data.mongodb.core.MongoTemplate.potentiallyConvertRuntimeException(MongoTemplate.java:2139)
	at org.springframework.data.mongodb.core.MongoTemplate.execute(MongoTemplate.java:484)
	at org.springframework.data.mongodb.core.MongoTemplate.doRemove(MongoTemplate.java:1336)
	at org.springframework.data.mongodb.core.MongoTemplate.remove(MongoTemplate.java:1322)
	at org.springframework.data.mongodb.core.MongoTemplate.remove(MongoTemplate.java:1314)
	at org.springframework.data.mongodb.repository.support.SimpleMongoRepository.deleteAll(SimpleMongoRepository.java:189)
	at sun.reflect.NativeMethodAccessorImpl.invoke0(Native Method)
	at sun.reflect.NativeMethodAccessorImpl.invoke(NativeMethodAccessorImpl.java:62)
	at sun.reflect.DelegatingMethodAccessorImpl.invoke(DelegatingMethodAccessorImpl.java:43)
	at java.lang.reflect.Method.invoke(Method.java:498)
	at org.springframework.data.repository.core.support.RepositoryFactorySupport$QueryExecutorMethodInterceptor.executeMethodOn(RepositoryFactorySupport.java:513)
	at org.springframework.data.repository.core.support.RepositoryFactorySupport$QueryExecutorMethodInterceptor.doInvoke(RepositoryFactorySupport.java:498)
	at org.springframework.data.repository.core.support.RepositoryFactorySupport$QueryExecutorMethodInterceptor.invoke(RepositoryFactorySupport.java:475)
	at org.springframework.aop.framework.ReflectiveMethodInvocation.proceed(ReflectiveMethodInvocation.java:179)
	at org.springframework.data.projection.DefaultMethodInvokingMethodInterceptor.invoke(DefaultMethodInvokingMethodInterceptor.java:56)
	at org.springframework.aop.framework.ReflectiveMethodInvocation.proceed(ReflectiveMethodInvocation.java:179)
	at org.springframework.aop.interceptor.ExposeInvocationInterceptor.invoke(ExposeInvocationInterceptor.java:92)
	at org.springframework.aop.framework.ReflectiveMethodInvocation.proceed(ReflectiveMethodInvocation.java:179)
	at org.springframework.data.repository.core.support.SurroundingTransactionDetectorMethodInterceptor.invoke(SurroundingTransactionDetectorMethodInterceptor.java:57)
	at org.springframework.aop.framework.ReflectiveMethodInvocation.proceed(ReflectiveMethodInvocation.java:179)
	at org.springframework.aop.framework.JdkDynamicAopProxy.invoke(JdkDynamicAopProxy.java:213)
	at com.sun.proxy.$Proxy89.deleteAll(Unknown Source)
	at sun.reflect.NativeMethodAccessorImpl.invoke0(Native Method)
	at sun.reflect.NativeMethodAccessorImpl.invoke(NativeMethodAccessorImpl.java:62)
	at sun.reflect.DelegatingMethodAccessorImpl.invoke(DelegatingMethodAccessorImpl.java:43)
	at java.lang.reflect.Method.invoke(Method.java:498)
	at org.springframework.aop.support.AopUtils.invokeJoinpointUsingReflection(AopUtils.java:333)
	at org.springframework.aop.framework.ReflectiveMethodInvocation.invokeJoinpoint(ReflectiveMethodInvocation.java:190)
	at org.springframework.aop.framework.ReflectiveMethodInvocation.proceed(ReflectiveMethodInvocation.java:157)
	at org.springframework.dao.support.PersistenceExceptionTranslationInterceptor.invoke(PersistenceExceptionTranslationInterceptor.java:136)
	at org.springframework.aop.framework.ReflectiveMethodInvocation.proceed(ReflectiveMethodInvocation.java:179)
	at org.springframework.aop.framework.JdkDynamicAopProxy.invoke(JdkDynamicAopProxy.java:213)
	at com.sun.proxy.$Proxy89.deleteAll(Unknown Source)
	at br.com.reclameaqui.teste.TesteApplication.run(TesteApplication.java:38)
	at org.springframework.boot.SpringApplication.callRunner(SpringApplication.java:732)
	at org.springframework.boot.SpringApplication.callRunners(SpringApplication.java:716)
	at org.springframework.boot.SpringApplication.afterRefresh(SpringApplication.java:703)
	at org.springframework.boot.SpringApplication.run(SpringApplication.java:304)
	at org.springframework.boot.test.context.SpringBootContextLoader.loadContext(SpringBootContextLoader.java:120)
	at org.springframework.test.context.cache.DefaultCacheAwareContextLoaderDelegate.loadContextInternal(DefaultCacheAwareContextLoaderDelegate.java:98)
	at org.springframework.test.context.cache.DefaultCacheAwareContextLoaderDelegate.loadContext(DefaultCacheAwareContextLoaderDelegate.java:116)
	at org.springframework.test.context.support.DefaultTestContext.getApplicationContext(DefaultTestContext.java:83)
	at org.springframework.test.context.web.ServletTestExecutionListener.setUpRequestContextIfNecessary(ServletTestExecutionListener.java:189)
	at org.springframework.test.context.web.ServletTestExecutionListener.prepareTestInstance(ServletTestExecutionListener.java:131)
	at org.springframework.test.context.TestContextManager.prepareTestInstance(TestContextManager.java:230)
	at org.springframework.test.context.junit4.SpringJUnit4ClassRunner.createTest(SpringJUnit4ClassRunner.java:228)
	at org.springframework.test.context.junit4.SpringJUnit4ClassRunner$1.runReflectiveCall(SpringJUnit4ClassRunner.java:287)
	at org.junit.internal.runners.model.ReflectiveCallable.run(ReflectiveCallable.java:12)
	at org.springframework.test.context.junit4.SpringJUnit4ClassRunner.methodBlock(SpringJUnit4ClassRunner.java:289)
	at org.springframework.test.context.junit4.SpringJUnit4ClassRunner.runChild(SpringJUnit4ClassRunner.java:247)
	at org.springframework.test.context.junit4.SpringJUnit4ClassRunner.runChild(SpringJUnit4ClassRunner.java:94)
	at org.junit.runners.ParentRunner$3.run(ParentRunner.java:290)
	at org.junit.runners.ParentRunner$1.schedule(ParentRunner.java:71)
	at org.junit.runners.ParentRunner.runChildren(ParentRunner.java:288)
	at org.junit.runners.ParentRunner.access$000(ParentRunner.java:58)
	at org.junit.runners.ParentRunner$2.evaluate(ParentRunner.java:268)
	at org.springframework.test.context.junit4.statements.RunBeforeTestClassCallbacks.evaluate(RunBeforeTestClassCallbacks.java:61)
	at org.springframework.test.context.junit4.statements.RunAfterTestClassCallbacks.evaluate(RunAfterTestClassCallbacks.java:70)
	at org.junit.runners.ParentRunner.run(ParentRunner.java:363)
	at org.springframework.test.context.junit4.SpringJUnit4ClassRunner.run(SpringJUnit4ClassRunner.java:191)
	at org.apache.maven.surefire.junit4.JUnit4Provider.execute(JUnit4Provider.java:283)
	at org.apache.maven.surefire.junit4.JUnit4Provider.executeWithRerun(JUnit4Provider.java:173)
	at org.apache.maven.surefire.junit4.JUnit4Provider.executeTestSet(JUnit4Provider.java:153)
	at org.apache.maven.surefire.junit4.JUnit4Provider.invoke(JUnit4Provider.java:128)
	at org.apache.maven.surefire.booter.ForkedBooter.invokeProviderInSameClassLoader(ForkedBooter.java:203)
	at org.apache.maven.surefire.booter.ForkedBooter.runSuitesInProcess(ForkedBooter.java:155)
	at org.apache.maven.surefire.booter.ForkedBooter.main(ForkedBooter.java:103)
Caused by: com.mongodb.MongoTimeoutException: Timed out after 30000 ms while waiting for a server that matches WritableServerSelector. Client view of cluster state is {type=UNKNOWN, servers=[{address=localhost:27017, type=UNKNOWN, state=CONNECTING, exception={com.mongodb.MongoSocketOpenException: Exception opening socket}, caused by {java.net.ConnectException: Connection refused (Connection refused)}}]
	at com.mongodb.connection.BaseCluster.createTimeoutException(BaseCluster.java:377)
	at com.mongodb.connection.BaseCluster.selectServer(BaseCluster.java:104)
	at com.mongodb.binding.ClusterBinding$ClusterBindingConnectionSource.<init>(ClusterBinding.java:75)
	at com.mongodb.binding.ClusterBinding$ClusterBindingConnectionSource.<init>(ClusterBinding.java:71)
	at com.mongodb.binding.ClusterBinding.getWriteConnectionSource(ClusterBinding.java:68)
	at com.mongodb.operation.OperationHelper.withConnection(OperationHelper.java:415)
	at com.mongodb.operation.BaseWriteOperation.execute(BaseWriteOperation.java:133)
	at com.mongodb.operation.BaseWriteOperation.execute(BaseWriteOperation.java:60)
	at com.mongodb.Mongo.execute(Mongo.java:845)
	at com.mongodb.Mongo$2.execute(Mongo.java:828)
	at com.mongodb.DBCollection.executeWriteOperation(DBCollection.java:342)
	at com.mongodb.DBCollection.remove(DBCollection.java:634)
	at com.mongodb.DBCollection.remove(DBCollection.java:598)
	at com.mongodb.DBCollection.remove(DBCollection.java:583)
	at org.springframework.data.mongodb.core.MongoTemplate$13.doInCollection(MongoTemplate.java:1352)
	at org.springframework.data.mongodb.core.MongoTemplate$13.doInCollection(MongoTemplate.java:1336)
	at org.springframework.data.mongodb.core.MongoTemplate.execute(MongoTemplate.java:482)
	at org.springframework.data.mongodb.core.MongoTemplate.doRemove(MongoTemplate.java:1336)
	at org.springframework.data.mongodb.core.MongoTemplate.remove(MongoTemplate.java:1322)
	at org.springframework.data.mongodb.core.MongoTemplate.remove(MongoTemplate.java:1314)
	at org.springframework.data.mongodb.repository.support.SimpleMongoRepository.deleteAll(SimpleMongoRepository.java:189)
	at sun.reflect.NativeMethodAccessorImpl.invoke0(Native Method)
	at sun.reflect.NativeMethodAccessorImpl.invoke(NativeMethodAccessorImpl.java:62)
	at sun.reflect.DelegatingMethodAccessorImpl.invoke(DelegatingMethodAccessorImpl.java:43)
	at java.lang.reflect.Method.invoke(Method.java:498)
	at org.springframework.data.repository.core.support.RepositoryFactorySupport$QueryExecutorMethodInterceptor.executeMethodOn(RepositoryFactorySupport.java:513)
	at org.springframework.data.repository.core.support.RepositoryFactorySupport$QueryExecutorMethodInterceptor.doInvoke(RepositoryFactorySupport.java:498)
	at org.springframework.data.repository.core.support.RepositoryFactorySupport$QueryExecutorMethodInterceptor.invoke(RepositoryFactorySupport.java:475)
	at org.springframework.aop.framework.ReflectiveMethodInvocation.proceed(ReflectiveMethodInvocation.java:179)
	at org.springframework.data.projection.DefaultMethodInvokingMethodInterceptor.invoke(DefaultMethodInvokingMethodInterceptor.java:56)
	at org.springframework.aop.framework.ReflectiveMethodInvocation.proceed(ReflectiveMethodInvocation.java:179)
	at org.springframework.aop.interceptor.ExposeInvocationInterceptor.invoke(ExposeInvocationInterceptor.java:92)
	at org.springframework.aop.framework.ReflectiveMethodInvocation.proceed(ReflectiveMethodInvocation.java:179)
	at org.springframework.data.repository.core.support.SurroundingTransactionDetectorMethodInterceptor.invoke(SurroundingTransactionDetectorMethodInterceptor.java:57)
	at org.springframework.aop.framework.ReflectiveMethodInvocation.proceed(ReflectiveMethodInvocation.java:179)
	at org.springframework.aop.framework.JdkDynamicAopProxy.invoke(JdkDynamicAopProxy.java:213)
	at com.sun.proxy.$Proxy89.deleteAll(Unknown Source)
	at sun.reflect.NativeMethodAccessorImpl.invoke0(Native Method)
	at sun.reflect.NativeMethodAccessorImpl.invoke(NativeMethodAccessorImpl.java:62)
	at sun.reflect.DelegatingMethodAccessorImpl.invoke(DelegatingMethodAccessorImpl.java:43)
	at java.lang.reflect.Method.invoke(Method.java:498)
	at org.springframework.aop.support.AopUtils.invokeJoinpointUsingReflection(AopUtils.java:333)
	at org.springframework.aop.framework.ReflectiveMethodInvocation.invokeJoinpoint(ReflectiveMethodInvocation.java:190)
	at org.springframework.aop.framework.ReflectiveMethodInvocation.proceed(ReflectiveMethodInvocation.java:157)
	at org.springframework.dao.support.PersistenceExceptionTranslationInterceptor.invoke(PersistenceExceptionTranslationInterceptor.java:136)
	at org.springframework.aop.framework.ReflectiveMethodInvocation.proceed(ReflectiveMethodInvocation.java:179)
	at org.springframework.aop.framework.JdkDynamicAopProxy.invoke(JdkDynamicAopProxy.java:213)
	at com.sun.proxy.$Proxy89.deleteAll(Unknown Source)
	at br.com.reclameaqui.teste.TesteApplication.run(TesteApplication.java:38)
	at org.springframework.boot.SpringApplication.callRunner(SpringApplication.java:732)
	at org.springframework.boot.SpringApplication.callRunners(SpringApplication.java:716)
	at org.springframework.boot.SpringApplication.afterRefresh(SpringApplication.java:703)
	at org.springframework.boot.SpringApplication.run(SpringApplication.java:304)
	at org.springframework.boot.test.context.SpringBootContextLoader.loadContext(SpringBootContextLoader.java:120)
	at org.springframework.test.context.cache.DefaultCacheAwareContextLoaderDelegate.loadContextInternal(DefaultCacheAwareContextLoaderDelegate.java:98)
	at org.springframework.test.context.cache.DefaultCacheAwareContextLoaderDelegate.loadContext(DefaultCacheAwareContextLoaderDelegate.java:116)
	at org.springframework.test.context.support.DefaultTestContext.getApplicationContext(DefaultTestContext.java:83)
	at org.springframework.test.context.web.ServletTestExecutionListener.setUpRequestContextIfNecessary(ServletTestExecutionListener.java:189)
	at org.springframework.test.context.web.ServletTestExecutionListener.prepareTestInstance(ServletTestExecutionListener.java:131)
	at org.springframework.test.context.TestContextManager.prepareTestInstance(TestContextManager.java:230)
	at org.springframework.test.context.junit4.SpringJUnit4ClassRunner.createTest(SpringJUnit4ClassRunner.java:228)
	at org.springframework.test.context.junit4.SpringJUnit4ClassRunner$1.runReflectiveCall(SpringJUnit4ClassRunner.java:287)
	at org.junit.internal.runners.model.ReflectiveCallable.run(ReflectiveCallable.java:12)
	at org.springframework.test.context.junit4.SpringJUnit4ClassRunner.methodBlock(SpringJUnit4ClassRunner.java:289)
	at org.springframework.test.context.junit4.SpringJUnit4ClassRunner.runChild(SpringJUnit4ClassRunner.java:247)
	at org.springframework.test.context.junit4.SpringJUnit4ClassRunner.runChild(SpringJUnit4ClassRunner.java:94)
	at org.junit.runners.ParentRunner$3.run(ParentRunner.java:290)
	at org.junit.runners.ParentRunner$1.schedule(ParentRunner.java:71)
	at org.junit.runners.ParentRunner.runChildren(ParentRunner.java:288)
	at org.junit.runners.ParentRunner.access$000(ParentRunner.java:58)
	at org.junit.runners.ParentRunner$2.evaluate(ParentRunner.java:268)
	at org.springframework.test.context.junit4.statements.RunBeforeTestClassCallbacks.evaluate(RunBeforeTestClassCallbacks.java:61)
	at org.springframework.test.context.junit4.statements.RunAfterTestClassCallbacks.evaluate(RunAfterTestClassCallbacks.java:70)
	at org.junit.runners.ParentRunner.run(ParentRunner.java:363)
	at org.springframework.test.context.junit4.SpringJUnit4ClassRunner.run(SpringJUnit4ClassRunner.java:191)
	at org.apache.maven.surefire.junit4.JUnit4Provider.execute(JUnit4Provider.java:283)
	at org.apache.maven.surefire.junit4.JUnit4Provider.executeWithRerun(JUnit4Provider.java:173)
	at org.apache.maven.surefire.junit4.JUnit4Provider.executeTestSet(JUnit4Provider.java:153)
	at org.apache.maven.surefire.junit4.JUnit4Provider.invoke(JUnit4Provider.java:128)
	at org.apache.maven.surefire.booter.ForkedBooter.invokeProviderInSameClassLoader(ForkedBooter.java:203)
	at org.apache.maven.surefire.booter.ForkedBooter.runSuitesInProcess(ForkedBooter.java:155)
	at org.apache.maven.surefire.booter.ForkedBooter.main(ForkedBooter.java:103)
]]></error>
    <system-out><![CDATA[05:55:22.851 [main] DEBUG org.springframework.test.context.junit4.SpringJUnit4ClassRunner - SpringJUnit4ClassRunner constructor called with [class br.com.reclameaqui.teste.TesteApplicationTests]
05:55:22.860 [main] DEBUG org.springframework.test.context.BootstrapUtils - Instantiating CacheAwareContextLoaderDelegate from class [org.springframework.test.context.cache.DefaultCacheAwareContextLoaderDelegate]
05:55:22.875 [main] DEBUG org.springframework.test.context.BootstrapUtils - Instantiating BootstrapContext using constructor [public org.springframework.test.context.support.DefaultBootstrapContext(java.lang.Class,org.springframework.test.context.CacheAwareContextLoaderDelegate)]
05:55:22.906 [main] DEBUG org.springframework.test.context.BootstrapUtils - Instantiating TestContextBootstrapper for test class [br.com.reclameaqui.teste.TesteApplicationTests] from class [org.springframework.boot.test.context.SpringBootTestContextBootstrapper]
05:55:22.926 [main] INFO org.springframework.boot.test.context.SpringBootTestContextBootstrapper - Neither @ContextConfiguration nor @ContextHierarchy found for test class [br.com.reclameaqui.teste.TesteApplicationTests], using SpringBootContextLoader
05:55:22.934 [main] DEBUG org.springframework.test.context.support.AbstractContextLoader - Did not detect default resource location for test class [br.com.reclameaqui.teste.TesteApplicationTests]: class path resource [br/com/reclameaqui/teste/TesteApplicationTests-context.xml] does not exist
05:55:22.934 [main] DEBUG org.springframework.test.context.support.AbstractContextLoader - Did not detect default resource location for test class [br.com.reclameaqui.teste.TesteApplicationTests]: class path resource [br/com/reclameaqui/teste/TesteApplicationTestsContext.groovy] does not exist
05:55:22.934 [main] INFO org.springframework.test.context.support.AbstractContextLoader - Could not detect default resource locations for test class [br.com.reclameaqui.teste.TesteApplicationTests]: no resource found for suffixes {-context.xml, Context.groovy}.
05:55:22.935 [main] INFO org.springframework.test.context.support.AnnotationConfigContextLoaderUtils - Could not detect default configuration classes for test class [br.com.reclameaqui.teste.TesteApplicationTests]: TesteApplicationTests does not declare any static, non-private, non-final, nested classes annotated with @Configuration.
05:55:22.990 [main] DEBUG org.springframework.test.context.support.ActiveProfilesUtils - Could not find an 'annotation declaring class' for annotation type [org.springframework.test.context.ActiveProfiles] and class [br.com.reclameaqui.teste.TesteApplicationTests]
05:55:23.006 [main] DEBUG org.springframework.core.env.StandardEnvironment - Adding PropertySource 'systemProperties' with lowest search precedence
05:55:23.007 [main] DEBUG org.springframework.core.env.StandardEnvironment - Adding PropertySource 'systemEnvironment' with lowest search precedence
05:55:23.008 [main] DEBUG org.springframework.core.env.StandardEnvironment - Initialized StandardEnvironment with PropertySources [MapPropertySource@698498109 {name='systemProperties', properties={java.runtime.name=OpenJDK Runtime Environment, sun.boot.library.path=/usr/lib/jvm/java-8-openjdk-amd64/jre/lib/amd64, java.vm.version=25.121-b13, java.vm.vendor=Oracle Corporation, java.vendor.url=http://java.oracle.com/, skip.gulp=true, path.separator=:, java.vm.name=OpenJDK 64-Bit Server VM, file.encoding.pkg=sun.io, findbugs.skip=true, sun.java.launcher=SUN_STANDARD, sun.os.patch.level=unknown, java.vm.specification.name=Java Virtual Machine Specification, user.dir=/root/workspace/matheustf/testereclameaqui/366392089, checkstyle.skip=true, java.runtime.version=1.8.0_121-8u121-b13-1~bpo8+1-b13, skip.npm=true, basedir=/root/workspace/matheustf/testereclameaqui/366392089, java.awt.graphicsenv=sun.awt.X11GraphicsEnvironment, java.endorsed.dirs=/usr/lib/jvm/java-8-openjdk-amd64/jre/lib/endorsed, os.arch=amd64, surefire.real.class.path=/root/workspace/matheustf/testereclameaqui/366392089/target/surefire/surefirebooter7970510946929481295.jar:/root/./workspace/matheustf/testereclameaqui/366392089/.m2/org/jacoco/org.jacoco.agent/0.7.6.201602180812/org.jacoco.agent-0.7.6.201602180812-runtime.jar, gpg.skip=true, java.io.tmpdir=/tmp, line.separator=
, cobertura.skip=true, java.vm.specification.vendor=Oracle Corporation, os.name=Linux, sun.jnu.encoding=UTF-8, license.skip=true, java.library.path=/usr/java/packages/lib/amd64:/usr/lib/x86_64-linux-gnu/jni:/lib/x86_64-linux-gnu:/usr/lib/x86_64-linux-gnu:/usr/lib/jni:/lib:/usr/lib, surefire.test.class.path=/root/workspace/matheustf/testereclameaqui/366392089/target/test-classes:/root/workspace/matheustf/testereclameaqui/366392089/target/classes:/root/./workspace/matheustf/testereclameaqui/366392089/.m2/org/springframework/boot/spring-boot-starter-web/1.5.10.RELEASE/spring-boot-starter-web-1.5.10.RELEASE.jar:/root/./workspace/matheustf/testereclameaqui/366392089/.m2/org/springframework/boot/spring-boot-starter/1.5.10.RELEASE/spring-boot-starter-1.5.10.RELEASE.jar:/root/./workspace/matheustf/testereclameaqui/366392089/.m2/org/springframework/boot/spring-boot-starter-logging/1.5.10.RELEASE/spring-boot-starter-logging-1.5.10.RELEASE.jar:/root/./workspace/matheustf/testereclameaqui/366392089/.m2/ch/qos/logback/logback-classic/1.1.11/logback-classic-1.1.11.jar:/root/./workspace/matheustf/testereclameaqui/366392089/.m2/ch/qos/logback/logback-core/1.1.11/logback-core-1.1.11.jar:/root/./workspace/matheustf/testereclameaqui/366392089/.m2/org/slf4j/jul-to-slf4j/1.7.25/jul-to-slf4j-1.7.25.jar:/root/./workspace/matheustf/testereclameaqui/366392089/.m2/org/slf4j/log4j-over-slf4j/1.7.25/log4j-over-slf4j-1.7.25.jar:/root/./workspace/matheustf/testereclameaqui/366392089/.m2/org/yaml/snakeyaml/1.17/snakeyaml-1.17.jar:/root/./workspace/matheustf/testereclameaqui/366392089/.m2/org/springframework/boot/spring-boot-starter-tomcat/1.5.10.RELEASE/spring-boot-starter-tomcat-1.5.10.RELEASE.jar:/root/./workspace/matheustf/testereclameaqui/366392089/.m2/org/apache/tomcat/embed/tomcat-embed-core/8.5.27/tomcat-embed-core-8.5.27.jar:/root/./workspace/matheustf/testereclameaqui/366392089/.m2/org/apache/tomcat/tomcat-annotations-api/8.5.27/tomcat-annotations-api-8.5.27.jar:/root/./workspace/matheustf/testereclameaqui/366392089/.m2/org/apache/tomcat/embed/tomcat-embed-el/8.5.27/tomcat-embed-el-8.5.27.jar:/root/./workspace/matheustf/testereclameaqui/366392089/.m2/org/apache/tomcat/embed/tomcat-embed-websocket/8.5.27/tomcat-embed-websocket-8.5.27.jar:/root/./workspace/matheustf/testereclameaqui/366392089/.m2/org/hibernate/hibernate-validator/5.3.6.Final/hibernate-validator-5.3.6.Final.jar:/root/./workspace/matheustf/testereclameaqui/366392089/.m2/javax/validation/validation-api/1.1.0.Final/validation-api-1.1.0.Final.jar:/root/./workspace/matheustf/testereclameaqui/366392089/.m2/org/jboss/logging/jboss-logging/3.3.1.Final/jboss-logging-3.3.1.Final.jar:/root/./workspace/matheustf/testereclameaqui/366392089/.m2/com/fasterxml/classmate/1.3.4/classmate-1.3.4.jar:/root/./workspace/matheustf/testereclameaqui/366392089/.m2/com/fasterxml/jackson/core/jackson-databind/2.8.10/jackson-databind-2.8.10.jar:/root/./workspace/matheustf/testereclameaqui/366392089/.m2/com/fasterxml/jackson/core/jackson-annotations/2.8.0/jackson-annotations-2.8.0.jar:/root/./workspace/matheustf/testereclameaqui/366392089/.m2/com/fasterxml/jackson/core/jackson-core/2.8.10/jackson-core-2.8.10.jar:/root/./workspace/matheustf/testereclameaqui/366392089/.m2/org/springframework/spring-web/4.3.14.RELEASE/spring-web-4.3.14.RELEASE.jar:/root/./workspace/matheustf/testereclameaqui/366392089/.m2/org/springframework/spring-aop/4.3.14.RELEASE/spring-aop-4.3.14.RELEASE.jar:/root/./workspace/matheustf/testereclameaqui/366392089/.m2/org/springframework/spring-beans/4.3.14.RELEASE/spring-beans-4.3.14.RELEASE.jar:/root/./workspace/matheustf/testereclameaqui/366392089/.m2/org/springframework/spring-context/4.3.14.RELEASE/spring-context-4.3.14.RELEASE.jar:/root/./workspace/matheustf/testereclameaqui/366392089/.m2/org/springframework/spring-webmvc/4.3.14.RELEASE/spring-webmvc-4.3.14.RELEASE.jar:/root/./workspace/matheustf/testereclameaqui/366392089/.m2/org/springframework/spring-expression/4.3.14.RELEASE/spring-expression-4.3.14.RELEASE.jar:/root/./workspace/matheustf/testereclameaqui/366392089/.m2/org/springframework/boot/spring-boot-starter-data-mongodb/1.5.10.RELEASE/spring-boot-starter-data-mongodb-1.5.10.RELEASE.jar:/root/./workspace/matheustf/testereclameaqui/366392089/.m2/org/mongodb/mongodb-driver/3.4.3/mongodb-driver-3.4.3.jar:/root/./workspace/matheustf/testereclameaqui/366392089/.m2/org/mongodb/mongodb-driver-core/3.4.3/mongodb-driver-core-3.4.3.jar:/root/./workspace/matheustf/testereclameaqui/366392089/.m2/org/mongodb/bson/3.4.3/bson-3.4.3.jar:/root/./workspace/matheustf/testereclameaqui/366392089/.m2/org/springframework/data/spring-data-mongodb/1.10.10.RELEASE/spring-data-mongodb-1.10.10.RELEASE.jar:/root/./workspace/matheustf/testereclameaqui/366392089/.m2/org/springframework/spring-tx/4.3.14.RELEASE/spring-tx-4.3.14.RELEASE.jar:/root/./workspace/matheustf/testereclameaqui/366392089/.m2/org/springframework/data/spring-data-commons/1.13.10.RELEASE/spring-data-commons-1.13.10.RELEASE.jar:/root/./workspace/matheustf/testereclameaqui/366392089/.m2/org/slf4j/jcl-over-slf4j/1.7.25/jcl-over-slf4j-1.7.25.jar:/root/./workspace/matheustf/testereclameaqui/366392089/.m2/com/mysema/querydsl/querydsl-apt/3.6.8/querydsl-apt-3.6.8.jar:/root/./workspace/matheustf/testereclameaqui/366392089/.m2/com/mysema/querydsl/querydsl-codegen/3.6.8/querydsl-codegen-3.6.8.jar:/root/./workspace/matheustf/testereclameaqui/366392089/.m2/com/mysema/codegen/codegen/0.6.8/codegen-0.6.8.jar:/root/./workspace/matheustf/testereclameaqui/366392089/.m2/org/eclipse/jdt/core/compiler/ecj/4.3.1/ecj-4.3.1.jar:/root/./workspace/matheustf/testereclameaqui/366392089/.m2/javax/inject/javax.inject/1/javax.inject-1.jar:/root/./workspace/matheustf/testereclameaqui/366392089/.m2/com/mysema/querydsl/querydsl-mongodb/3.6.8/querydsl-mongodb-3.6.8.jar:/root/./workspace/matheustf/testereclameaqui/366392089/.m2/org/mongodb/mongo-java-driver/3.4.3/mongo-java-driver-3.4.3.jar:/root/./workspace/matheustf/testereclameaqui/366392089/.m2/com/mysema/querydsl/querydsl-core/3.6.8/querydsl-core-3.6.8.jar:/root/./workspace/matheustf/testereclameaqui/366392089/.m2/com/google/guava/guava/18.0/guava-18.0.jar:/root/./workspace/matheustf/testereclameaqui/366392089/.m2/com/google/code/findbugs/jsr305/1.3.9/jsr305-1.3.9.jar:/root/./workspace/matheustf/testereclameaqui/366392089/.m2/com/mysema/commons/mysema-commons-lang/0.2.4/mysema-commons-lang-0.2.4.jar:/root/./workspace/matheustf/testereclameaqui/366392089/.m2/com/infradna/tool/bridge-method-annotation/1.13/bridge-method-annotation-1.13.jar:/root/./workspace/matheustf/testereclameaqui/366392089/.m2/org/slf4j/slf4j-api/1.7.25/slf4j-api-1.7.25.jar:/root/./workspace/matheustf/testereclameaqui/366392089/.m2/org/springframework/boot/spring-boot-devtools/1.5.10.RELEASE/spring-boot-devtools-1.5.10.RELEASE.jar:/root/./workspace/matheustf/testereclameaqui/366392089/.m2/org/springframework/boot/spring-boot/1.5.10.RELEASE/spring-boot-1.5.10.RELEASE.jar:/root/./workspace/matheustf/testereclameaqui/366392089/.m2/org/springframework/boot/spring-boot-autoconfigure/1.5.10.RELEASE/spring-boot-autoconfigure-1.5.10.RELEASE.jar:/root/./workspace/matheustf/testereclameaqui/366392089/.m2/com/h2database/h2/1.4.196/h2-1.4.196.jar:/root/./workspace/matheustf/testereclameaqui/366392089/.m2/org/springframework/boot/spring-boot-starter-test/1.5.2.RELEASE/spring-boot-starter-test-1.5.2.RELEASE.jar:/root/./workspace/matheustf/testereclameaqui/366392089/.m2/org/springframework/boot/spring-boot-test/1.5.10.RELEASE/spring-boot-test-1.5.10.RELEASE.jar:/root/./workspace/matheustf/testereclameaqui/366392089/.m2/org/springframework/boot/spring-boot-test-autoconfigure/1.5.10.RELEASE/spring-boot-test-autoconfigure-1.5.10.RELEASE.jar:/root/./workspace/matheustf/testereclameaqui/366392089/.m2/junit/junit/4.12/junit-4.12.jar:/root/./workspace/matheustf/testereclameaqui/366392089/.m2/org/assertj/assertj-core/2.6.0/assertj-core-2.6.0.jar:/root/./workspace/matheustf/testereclameaqui/366392089/.m2/org/mockito/mockito-core/1.10.19/mockito-core-1.10.19.jar:/root/./workspace/matheustf/testereclameaqui/366392089/.m2/org/objenesis/objenesis/2.1/objenesis-2.1.jar:/root/./workspace/matheustf/testereclameaqui/366392089/.m2/org/hamcrest/hamcrest-core/1.3/hamcrest-core-1.3.jar:/root/./workspace/matheustf/testereclameaqui/366392089/.m2/org/hamcrest/hamcrest-library/1.3/hamcrest-library-1.3.jar:/root/./workspace/matheustf/testereclameaqui/366392089/.m2/org/skyscreamer/jsonassert/1.4.0/jsonassert-1.4.0.jar:/root/./workspace/matheustf/testereclameaqui/366392089/.m2/com/vaadin/external/google/android-json/0.0.20131108.vaadin1/android-json-0.0.20131108.vaadin1.jar:/root/./workspace/matheustf/testereclameaqui/366392089/.m2/org/springframework/spring-core/4.3.14.RELEASE/spring-core-4.3.14.RELEASE.jar:/root/./workspace/matheustf/testereclameaqui/366392089/.m2/org/springframework/spring-test/4.3.14.RELEASE/spring-test-4.3.14.RELEASE.jar:/root/./workspace/matheustf/testereclameaqui/366392089/.m2/org/apache/commons/commons-lang3/3.0/commons-lang3-3.0.jar:/root/./workspace/matheustf/testereclameaqui/366392089/.m2/com/google/code/gson/gson/2.3.1/gson-2.3.1.jar:/root/./workspace/matheustf/testereclameaqui/366392089/.m2/com/jayway/jsonpath/json-path/2.2.0/json-path-2.2.0.jar:/root/./workspace/matheustf/testereclameaqui/366392089/.m2/net/minidev/json-smart/2.2.1/json-smart-2.2.1.jar:/root/./workspace/matheustf/testereclameaqui/366392089/.m2/net/minidev/accessors-smart/1.1/accessors-smart-1.1.jar:/root/./workspace/matheustf/testereclameaqui/366392089/.m2/org/ow2/asm/asm/5.0.3/asm-5.0.3.jar:/root/./workspace/matheustf/testereclameaqui/366392089/.m2/org/projectlombok/lombok/1.16.20/lombok-1.16.20.jar:/root/./workspace/matheustf/testereclameaqui/366392089/.m2/org/modelmapper/modelmapper/1.1.0/modelmapper-1.1.0.jar:, java.specification.name=Java Platform API Specification, java.class.version=52.0, skip.bower=true, sun.management.compiler=HotSpot 64-Bit Tiered Compilers, maven.repo.local=/root/./workspace/matheustf/testereclameaqui/366392089/.m2, os.version=3.10.0-693.21.1.el7.x86_64, user.home=/root, user.timezone=Europe/Paris, java.awt.printerjob=sun.print.PSPrinterJob, file.encoding=UTF-8, java.specification.version=1.8, java.class.path=/root/workspace/matheustf/testereclameaqui/366392089/target/test-classes:/root/workspace/matheustf/testereclameaqui/366392089/target/classes:/root/./workspace/matheustf/testereclameaqui/366392089/.m2/org/springframework/boot/spring-boot-starter-web/1.5.10.RELEASE/spring-boot-starter-web-1.5.10.RELEASE.jar:/root/./workspace/matheustf/testereclameaqui/366392089/.m2/org/springframework/boot/spring-boot-starter/1.5.10.RELEASE/spring-boot-starter-1.5.10.RELEASE.jar:/root/./workspace/matheustf/testereclameaqui/366392089/.m2/org/springframework/boot/spring-boot-starter-logging/1.5.10.RELEASE/spring-boot-starter-logging-1.5.10.RELEASE.jar:/root/./workspace/matheustf/testereclameaqui/366392089/.m2/ch/qos/logback/logback-classic/1.1.11/logback-classic-1.1.11.jar:/root/./workspace/matheustf/testereclameaqui/366392089/.m2/ch/qos/logback/logback-core/1.1.11/logback-core-1.1.11.jar:/root/./workspace/matheustf/testereclameaqui/366392089/.m2/org/slf4j/jul-to-slf4j/1.7.25/jul-to-slf4j-1.7.25.jar:/root/./workspace/matheustf/testereclameaqui/366392089/.m2/org/slf4j/log4j-over-slf4j/1.7.25/log4j-over-slf4j-1.7.25.jar:/root/./workspace/matheustf/testereclameaqui/366392089/.m2/org/yaml/snakeyaml/1.17/snakeyaml-1.17.jar:/root/./workspace/matheustf/testereclameaqui/366392089/.m2/org/springframework/boot/spring-boot-starter-tomcat/1.5.10.RELEASE/spring-boot-starter-tomcat-1.5.10.RELEASE.jar:/root/./workspace/matheustf/testereclameaqui/366392089/.m2/org/apache/tomcat/embed/tomcat-embed-core/8.5.27/tomcat-embed-core-8.5.27.jar:/root/./workspace/matheustf/testereclameaqui/366392089/.m2/org/apache/tomcat/tomcat-annotations-api/8.5.27/tomcat-annotations-api-8.5.27.jar:/root/./workspace/matheustf/testereclameaqui/366392089/.m2/org/apache/tomcat/embed/tomcat-embed-el/8.5.27/tomcat-embed-el-8.5.27.jar:/root/./workspace/matheustf/testereclameaqui/366392089/.m2/org/apache/tomcat/embed/tomcat-embed-websocket/8.5.27/tomcat-embed-websocket-8.5.27.jar:/root/./workspace/matheustf/testereclameaqui/366392089/.m2/org/hibernate/hibernate-validator/5.3.6.Final/hibernate-validator-5.3.6.Final.jar:/root/./workspace/matheustf/testereclameaqui/366392089/.m2/javax/validation/validation-api/1.1.0.Final/validation-api-1.1.0.Final.jar:/root/./workspace/matheustf/testereclameaqui/366392089/.m2/org/jboss/logging/jboss-logging/3.3.1.Final/jboss-logging-3.3.1.Final.jar:/root/./workspace/matheustf/testereclameaqui/366392089/.m2/com/fasterxml/classmate/1.3.4/classmate-1.3.4.jar:/root/./workspace/matheustf/testereclameaqui/366392089/.m2/com/fasterxml/jackson/core/jackson-databind/2.8.10/jackson-databind-2.8.10.jar:/root/./workspace/matheustf/testereclameaqui/366392089/.m2/com/fasterxml/jackson/core/jackson-annotations/2.8.0/jackson-annotations-2.8.0.jar:/root/./workspace/matheustf/testereclameaqui/366392089/.m2/com/fasterxml/jackson/core/jackson-core/2.8.10/jackson-core-2.8.10.jar:/root/./workspace/matheustf/testereclameaqui/366392089/.m2/org/springframework/spring-web/4.3.14.RELEASE/spring-web-4.3.14.RELEASE.jar:/root/./workspace/matheustf/testereclameaqui/366392089/.m2/org/springframework/spring-aop/4.3.14.RELEASE/spring-aop-4.3.14.RELEASE.jar:/root/./workspace/matheustf/testereclameaqui/366392089/.m2/org/springframework/spring-beans/4.3.14.RELEASE/spring-beans-4.3.14.RELEASE.jar:/root/./workspace/matheustf/testereclameaqui/366392089/.m2/org/springframework/spring-context/4.3.14.RELEASE/spring-context-4.3.14.RELEASE.jar:/root/./workspace/matheustf/testereclameaqui/366392089/.m2/org/springframework/spring-webmvc/4.3.14.RELEASE/spring-webmvc-4.3.14.RELEASE.jar:/root/./workspace/matheustf/testereclameaqui/366392089/.m2/org/springframework/spring-expression/4.3.14.RELEASE/spring-expression-4.3.14.RELEASE.jar:/root/./workspace/matheustf/testereclameaqui/366392089/.m2/org/springframework/boot/spring-boot-starter-data-mongodb/1.5.10.RELEASE/spring-boot-starter-data-mongodb-1.5.10.RELEASE.jar:/root/./workspace/matheustf/testereclameaqui/366392089/.m2/org/mongodb/mongodb-driver/3.4.3/mongodb-driver-3.4.3.jar:/root/./workspace/matheustf/testereclameaqui/366392089/.m2/org/mongodb/mongodb-driver-core/3.4.3/mongodb-driver-core-3.4.3.jar:/root/./workspace/matheustf/testereclameaqui/366392089/.m2/org/mongodb/bson/3.4.3/bson-3.4.3.jar:/root/./workspace/matheustf/testereclameaqui/366392089/.m2/org/springframework/data/spring-data-mongodb/1.10.10.RELEASE/spring-data-mongodb-1.10.10.RELEASE.jar:/root/./workspace/matheustf/testereclameaqui/366392089/.m2/org/springframework/spring-tx/4.3.14.RELEASE/spring-tx-4.3.14.RELEASE.jar:/root/./workspace/matheustf/testereclameaqui/366392089/.m2/org/springframework/data/spring-data-commons/1.13.10.RELEASE/spring-data-commons-1.13.10.RELEASE.jar:/root/./workspace/matheustf/testereclameaqui/366392089/.m2/org/slf4j/jcl-over-slf4j/1.7.25/jcl-over-slf4j-1.7.25.jar:/root/./workspace/matheustf/testereclameaqui/366392089/.m2/com/mysema/querydsl/querydsl-apt/3.6.8/querydsl-apt-3.6.8.jar:/root/./workspace/matheustf/testereclameaqui/366392089/.m2/com/mysema/querydsl/querydsl-codegen/3.6.8/querydsl-codegen-3.6.8.jar:/root/./workspace/matheustf/testereclameaqui/366392089/.m2/com/mysema/codegen/codegen/0.6.8/codegen-0.6.8.jar:/root/./workspace/matheustf/testereclameaqui/366392089/.m2/org/eclipse/jdt/core/compiler/ecj/4.3.1/ecj-4.3.1.jar:/root/./workspace/matheustf/testereclameaqui/366392089/.m2/javax/inject/javax.inject/1/javax.inject-1.jar:/root/./workspace/matheustf/testereclameaqui/366392089/.m2/com/mysema/querydsl/querydsl-mongodb/3.6.8/querydsl-mongodb-3.6.8.jar:/root/./workspace/matheustf/testereclameaqui/366392089/.m2/org/mongodb/mongo-java-driver/3.4.3/mongo-java-driver-3.4.3.jar:/root/./workspace/matheustf/testereclameaqui/366392089/.m2/com/mysema/querydsl/querydsl-core/3.6.8/querydsl-core-3.6.8.jar:/root/./workspace/matheustf/testereclameaqui/366392089/.m2/com/google/guava/guava/18.0/guava-18.0.jar:/root/./workspace/matheustf/testereclameaqui/366392089/.m2/com/google/code/findbugs/jsr305/1.3.9/jsr305-1.3.9.jar:/root/./workspace/matheustf/testereclameaqui/366392089/.m2/com/mysema/commons/mysema-commons-lang/0.2.4/mysema-commons-lang-0.2.4.jar:/root/./workspace/matheustf/testereclameaqui/366392089/.m2/com/infradna/tool/bridge-method-annotation/1.13/bridge-method-annotation-1.13.jar:/root/./workspace/matheustf/testereclameaqui/366392089/.m2/org/slf4j/slf4j-api/1.7.25/slf4j-api-1.7.25.jar:/root/./workspace/matheustf/testereclameaqui/366392089/.m2/org/springframework/boot/spring-boot-devtools/1.5.10.RELEASE/spring-boot-devtools-1.5.10.RELEASE.jar:/root/./workspace/matheustf/testereclameaqui/366392089/.m2/org/springframework/boot/spring-boot/1.5.10.RELEASE/spring-boot-1.5.10.RELEASE.jar:/root/./workspace/matheustf/testereclameaqui/366392089/.m2/org/springframework/boot/spring-boot-autoconfigure/1.5.10.RELEASE/spring-boot-autoconfigure-1.5.10.RELEASE.jar:/root/./workspace/matheustf/testereclameaqui/366392089/.m2/com/h2database/h2/1.4.196/h2-1.4.196.jar:/root/./workspace/matheustf/testereclameaqui/366392089/.m2/org/springframework/boot/spring-boot-starter-test/1.5.2.RELEASE/spring-boot-starter-test-1.5.2.RELEASE.jar:/root/./workspace/matheustf/testereclameaqui/366392089/.m2/org/springframework/boot/spring-boot-test/1.5.10.RELEASE/spring-boot-test-1.5.10.RELEASE.jar:/root/./workspace/matheustf/testereclameaqui/366392089/.m2/org/springframework/boot/spring-boot-test-autoconfigure/1.5.10.RELEASE/spring-boot-test-autoconfigure-1.5.10.RELEASE.jar:/root/./workspace/matheustf/testereclameaqui/366392089/.m2/junit/junit/4.12/junit-4.12.jar:/root/./workspace/matheustf/testereclameaqui/366392089/.m2/org/assertj/assertj-core/2.6.0/assertj-core-2.6.0.jar:/root/./workspace/matheustf/testereclameaqui/366392089/.m2/org/mockito/mockito-core/1.10.19/mockito-core-1.10.19.jar:/root/./workspace/matheustf/testereclameaqui/366392089/.m2/org/objenesis/objenesis/2.1/objenesis-2.1.jar:/root/./workspace/matheustf/testereclameaqui/366392089/.m2/org/hamcrest/hamcrest-core/1.3/hamcrest-core-1.3.jar:/root/./workspace/matheustf/testereclameaqui/366392089/.m2/org/hamcrest/hamcrest-library/1.3/hamcrest-library-1.3.jar:/root/./workspace/matheustf/testereclameaqui/366392089/.m2/org/skyscreamer/jsonassert/1.4.0/jsonassert-1.4.0.jar:/root/./workspace/matheustf/testereclameaqui/366392089/.m2/com/vaadin/external/google/android-json/0.0.20131108.vaadin1/android-json-0.0.20131108.vaadin1.jar:/root/./workspace/matheustf/testereclameaqui/366392089/.m2/org/springframework/spring-core/4.3.14.RELEASE/spring-core-4.3.14.RELEASE.jar:/root/./workspace/matheustf/testereclameaqui/366392089/.m2/org/springframework/spring-test/4.3.14.RELEASE/spring-test-4.3.14.RELEASE.jar:/root/./workspace/matheustf/testereclameaqui/366392089/.m2/org/apache/commons/commons-lang3/3.0/commons-lang3-3.0.jar:/root/./workspace/matheustf/testereclameaqui/366392089/.m2/com/google/code/gson/gson/2.3.1/gson-2.3.1.jar:/root/./workspace/matheustf/testereclameaqui/366392089/.m2/com/jayway/jsonpath/json-path/2.2.0/json-path-2.2.0.jar:/root/./workspace/matheustf/testereclameaqui/366392089/.m2/net/minidev/json-smart/2.2.1/json-smart-2.2.1.jar:/root/./workspace/matheustf/testereclameaqui/366392089/.m2/net/minidev/accessors-smart/1.1/accessors-smart-1.1.jar:/root/./workspace/matheustf/testereclameaqui/366392089/.m2/org/ow2/asm/asm/5.0.3/asm-5.0.3.jar:/root/./workspace/matheustf/testereclameaqui/366392089/.m2/org/projectlombok/lombok/1.16.20/lombok-1.16.20.jar:/root/./workspace/matheustf/testereclameaqui/366392089/.m2/org/modelmapper/modelmapper/1.1.0/modelmapper-1.1.0.jar:, user.name=root, skipITs=true, java.vm.specification.version=1.8, sun.java.command=/root/workspace/matheustf/testereclameaqui/366392089/target/surefire/surefirebooter7970510946929481295.jar /root/workspace/matheustf/testereclameaqui/366392089/target/surefire/surefire8158554584075901419tmp /root/workspace/matheustf/testereclameaqui/366392089/target/surefire/surefire_02198353455941359451tmp, java.home=/usr/lib/jvm/java-8-openjdk-amd64/jre, sun.arch.data.model=64, user.language=en, java.specification.vendor=Oracle Corporation, awt.toolkit=sun.awt.X11.XToolkit, java.vm.info=mixed mode, java.version=1.8.0_121, java.ext.dirs=/usr/lib/jvm/java-8-openjdk-amd64/jre/lib/ext:/usr/java/packages/lib/ext, sun.boot.class.path=/usr/lib/jvm/java-8-openjdk-amd64/jre/lib/resources.jar:/usr/lib/jvm/java-8-openjdk-amd64/jre/lib/rt.jar:/usr/lib/jvm/java-8-openjdk-amd64/jre/lib/sunrsasign.jar:/usr/lib/jvm/java-8-openjdk-amd64/jre/lib/jsse.jar:/usr/lib/jvm/java-8-openjdk-amd64/jre/lib/jce.jar:/usr/lib/jvm/java-8-openjdk-amd64/jre/lib/charsets.jar:/usr/lib/jvm/java-8-openjdk-amd64/jre/lib/jfr.jar:/usr/lib/jvm/java-8-openjdk-amd64/jre/classes, rat.skip=true, enforcer.skip=true, java.vendor=Oracle Corporation, localRepository=/root/./workspace/matheustf/testereclameaqui/366392089/.m2, file.separator=/, java.vendor.url.bug=http://bugreport.sun.com/bugreport/, sun.io.unicode.encoding=UnicodeLittle, sun.cpu.endian=little, sun.cpu.isalist=}}, SystemEnvironmentPropertySource@1265287441 {name='systemEnvironment', properties={PATH=/usr/local/sbin:/usr/local/bin:/usr/sbin:/usr/bin:/sbin:/bin, JAVA_HOME=/usr/lib/jvm/java-8-openjdk-amd64, NOTIFY_TO=, CA_CERTIFICATES_JAVA_VERSION=20161107~bpo8+1, MONGODB_HOST=, BUILD_ID=, LANG=C.UTF-8, GITHUB_LOGIN=, MAVEN_HOME=/usr/share/maven, SMTP_SERVER=, MONGODB_NAME=, REPAIR_MODE=, PWD=/root/workspace/matheustf/testereclameaqui/366392089, GOOGLE_ACCESS_TOKEN=, JAVA_VERSION=8u121, GITHUB_OAUTH=, MAVEN_CMD_LINE_ARGS=/root/.m2 -D enforcer.skip=true -D skipITs=true -D cobertura.skip=true -D maven.repo.local=/root/./workspace/matheustf/testereclameaqui/366392089/.m2 -D rat.skip=true -D findbugs.skip=true -D skip.bower=true -D gpg.skip=true -D checkstyle.skip=true -D skip.gulp=true -D license.skip=true -D skip.npm=true test, _=/usr/bin/java, SPREADSHEET_ID=, OUTPUT=, MAVEN_TERMINATE_CMD=on, MAVEN_CONFIG=/root/.m2, MAVEN_PROJECTBASEDIR=/root/workspace/matheustf/testereclameaqui/366392089, OLDPWD=/root/workspace/matheustf/testereclameaqui/366392089, LOG_FILENAME=repairnator-pipeline_2018-04-14_0554_366392089, RUN_ID=, HOSTNAME=spirals-vortex.lille.inria.fr, JAVA_DEBIAN_VERSION=8u121-b13-1~bpo8+1, M2_HOME=/usr/share/maven, HOME=/root, SHLVL=1, PUSH_URL=}}]
05:55:23.031 [main] DEBUG org.springframework.core.io.support.PathMatchingResourcePatternResolver - Resolved classpath location [br/com/reclameaqui/teste/] to resources [URL [file:/root/workspace/matheustf/testereclameaqui/366392089/target/test-classes/br/com/reclameaqui/teste/], URL [file:/root/workspace/matheustf/testereclameaqui/366392089/target/classes/br/com/reclameaqui/teste/]]
05:55:23.031 [main] DEBUG org.springframework.core.io.support.PathMatchingResourcePatternResolver - Looking for matching resources in directory tree [/root/workspace/matheustf/testereclameaqui/366392089/target/test-classes/br/com/reclameaqui/teste]
05:55:23.031 [main] DEBUG org.springframework.core.io.support.PathMatchingResourcePatternResolver - Searching directory [/root/workspace/matheustf/testereclameaqui/366392089/target/test-classes/br/com/reclameaqui/teste] for files matching pattern [/root/workspace/matheustf/testereclameaqui/366392089/target/test-classes/br/com/reclameaqui/teste/*.class]
05:55:23.036 [main] DEBUG org.springframework.core.io.support.PathMatchingResourcePatternResolver - Looking for matching resources in directory tree [/root/workspace/matheustf/testereclameaqui/366392089/target/classes/br/com/reclameaqui/teste]
05:55:23.036 [main] DEBUG org.springframework.core.io.support.PathMatchingResourcePatternResolver - Searching directory [/root/workspace/matheustf/testereclameaqui/366392089/target/classes/br/com/reclameaqui/teste] for files matching pattern [/root/workspace/matheustf/testereclameaqui/366392089/target/classes/br/com/reclameaqui/teste/*.class]
05:55:23.037 [main] DEBUG org.springframework.core.io.support.PathMatchingResourcePatternResolver - Resolved location pattern [classpath*:br/com/reclameaqui/teste/*.class] to resources [file [/root/workspace/matheustf/testereclameaqui/366392089/target/test-classes/br/com/reclameaqui/teste/TestCliente.class], file [/root/workspace/matheustf/testereclameaqui/366392089/target/test-classes/br/com/reclameaqui/teste/TestClienteIntegracao.class], file [/root/workspace/matheustf/testereclameaqui/366392089/target/test-classes/br/com/reclameaqui/teste/TestReclamacao.class], file [/root/workspace/matheustf/testereclameaqui/366392089/target/test-classes/br/com/reclameaqui/teste/TesteApplicationTests.class], file [/root/workspace/matheustf/testereclameaqui/366392089/target/classes/br/com/reclameaqui/teste/TesteApplication.class]]
05:55:23.149 [main] DEBUG org.springframework.context.annotation.ClassPathScanningCandidateComponentProvider - Identified candidate component class: file [/root/workspace/matheustf/testereclameaqui/366392089/target/classes/br/com/reclameaqui/teste/TesteApplication.class]
05:55:23.152 [main] INFO org.springframework.boot.test.context.SpringBootTestContextBootstrapper - Found @SpringBootConfiguration br.com.reclameaqui.teste.TesteApplication for test class br.com.reclameaqui.teste.TesteApplicationTests
05:55:23.160 [main] DEBUG org.springframework.boot.test.context.SpringBootTestContextBootstrapper - @TestExecutionListeners is not present for class [br.com.reclameaqui.teste.TesteApplicationTests]: using defaults.
05:55:23.164 [main] INFO org.springframework.boot.test.context.SpringBootTestContextBootstrapper - Loaded default TestExecutionListener class names from location [META-INF/spring.factories]: [org.springframework.boot.test.mock.mockito.MockitoTestExecutionListener, org.springframework.boot.test.mock.mockito.ResetMocksTestExecutionListener, org.springframework.boot.test.autoconfigure.restdocs.RestDocsTestExecutionListener, org.springframework.boot.test.autoconfigure.web.client.MockRestServiceServerResetTestExecutionListener, org.springframework.boot.test.autoconfigure.web.servlet.MockMvcPrintOnlyOnFailureTestExecutionListener, org.springframework.boot.test.autoconfigure.web.servlet.WebDriverTestExecutionListener, org.springframework.test.context.web.ServletTestExecutionListener, org.springframework.test.context.support.DirtiesContextBeforeModesTestExecutionListener, org.springframework.test.context.support.DependencyInjectionTestExecutionListener, org.springframework.test.context.support.DirtiesContextTestExecutionListener, org.springframework.test.context.transaction.TransactionalTestExecutionListener, org.springframework.test.context.jdbc.SqlScriptsTestExecutionListener]
05:55:23.197 [main] INFO org.springframework.boot.test.context.SpringBootTestContextBootstrapper - Using TestExecutionListeners: [org.springframework.test.context.web.ServletTestExecutionListener@35a0e495, org.springframework.test.context.support.DirtiesContextBeforeModesTestExecutionListener@5399f6c5, org.springframework.boot.test.autoconfigure.SpringBootDependencyInjectionTestExecutionListener@4fe64d23, org.springframework.test.context.support.DirtiesContextTestExecutionListener@58437801, org.springframework.test.context.transaction.TransactionalTestExecutionListener@6af5bbd0, org.springframework.test.context.jdbc.SqlScriptsTestExecutionListener@76464795, org.springframework.boot.test.mock.mockito.MockitoTestExecutionListener@b34832b, org.springframework.boot.test.mock.mockito.ResetMocksTestExecutionListener@48f4713c, org.springframework.boot.test.autoconfigure.restdocs.RestDocsTestExecutionListener@f1868c9, org.springframework.boot.test.autoconfigure.web.client.MockRestServiceServerResetTestExecutionListener@4ba6ec50, org.springframework.boot.test.autoconfigure.web.servlet.MockMvcPrintOnlyOnFailureTestExecutionListener@642413d4, org.springframework.boot.test.autoconfigure.web.servlet.WebDriverTestExecutionListener@fb2e3fd]
05:55:23.201 [main] DEBUG org.springframework.test.annotation.ProfileValueUtils - Retrieved @ProfileValueSourceConfiguration [null] for test class [br.com.reclameaqui.teste.TesteApplicationTests]
05:55:23.201 [main] DEBUG org.springframework.test.annotation.ProfileValueUtils - Retrieved ProfileValueSource type [class org.springframework.test.annotation.SystemProfileValueSource] for class [br.com.reclameaqui.teste.TesteApplicationTests]
05:55:23.205 [main] DEBUG org.springframework.test.context.junit4.SpringJUnit4ClassRunner - SpringJUnit4ClassRunner constructor called with [class br.com.reclameaqui.teste.TesteApplicationTests]
05:55:23.205 [main] DEBUG org.springframework.test.context.BootstrapUtils - Instantiating CacheAwareContextLoaderDelegate from class [org.springframework.test.context.cache.DefaultCacheAwareContextLoaderDelegate]
05:55:23.205 [main] DEBUG org.springframework.test.context.BootstrapUtils - Instantiating BootstrapContext using constructor [public org.springframework.test.context.support.DefaultBootstrapContext(java.lang.Class,org.springframework.test.context.CacheAwareContextLoaderDelegate)]
05:55:23.206 [main] DEBUG org.springframework.test.context.BootstrapUtils - Instantiating TestContextBootstrapper for test class [br.com.reclameaqui.teste.TesteApplicationTests] from class [org.springframework.boot.test.context.SpringBootTestContextBootstrapper]
05:55:23.206 [main] INFO org.springframework.boot.test.context.SpringBootTestContextBootstrapper - Neither @ContextConfiguration nor @ContextHierarchy found for test class [br.com.reclameaqui.teste.TesteApplicationTests], using SpringBootContextLoader
05:55:23.207 [main] DEBUG org.springframework.test.context.support.AbstractContextLoader - Did not detect default resource location for test class [br.com.reclameaqui.teste.TesteApplicationTests]: class path resource [br/com/reclameaqui/teste/TesteApplicationTests-context.xml] does not exist
05:55:23.207 [main] DEBUG org.springframework.test.context.support.AbstractContextLoader - Did not detect default resource location for test class [br.com.reclameaqui.teste.TesteApplicationTests]: class path resource [br/com/reclameaqui/teste/TesteApplicationTestsContext.groovy] does not exist
05:55:23.208 [main] INFO org.springframework.test.context.support.AbstractContextLoader - Could not detect default resource locations for test class [br.com.reclameaqui.teste.TesteApplicationTests]: no resource found for suffixes {-context.xml, Context.groovy}.
05:55:23.208 [main] INFO org.springframework.test.context.support.AnnotationConfigContextLoaderUtils - Could not detect default configuration classes for test class [br.com.reclameaqui.teste.TesteApplicationTests]: TesteApplicationTests does not declare any static, non-private, non-final, nested classes annotated with @Configuration.
05:55:23.214 [main] DEBUG org.springframework.test.context.support.ActiveProfilesUtils - Could not find an 'annotation declaring class' for annotation type [org.springframework.test.context.ActiveProfiles] and class [br.com.reclameaqui.teste.TesteApplicationTests]
05:55:23.215 [main] DEBUG org.springframework.core.env.StandardEnvironment - Adding PropertySource 'systemProperties' with lowest search precedence
05:55:23.215 [main] DEBUG org.springframework.core.env.StandardEnvironment - Adding PropertySource 'systemEnvironment' with lowest search precedence
05:55:23.216 [main] DEBUG org.springframework.core.env.StandardEnvironment - Initialized StandardEnvironment with PropertySources [MapPropertySource@49485418 {name='systemProperties', properties={java.runtime.name=OpenJDK Runtime Environment, sun.boot.library.path=/usr/lib/jvm/java-8-openjdk-amd64/jre/lib/amd64, java.vm.version=25.121-b13, java.vm.vendor=Oracle Corporation, java.vendor.url=http://java.oracle.com/, skip.gulp=true, path.separator=:, java.vm.name=OpenJDK 64-Bit Server VM, file.encoding.pkg=sun.io, findbugs.skip=true, sun.java.launcher=SUN_STANDARD, sun.os.patch.level=unknown, java.vm.specification.name=Java Virtual Machine Specification, user.dir=/root/workspace/matheustf/testereclameaqui/366392089, checkstyle.skip=true, java.runtime.version=1.8.0_121-8u121-b13-1~bpo8+1-b13, skip.npm=true, basedir=/root/workspace/matheustf/testereclameaqui/366392089, java.awt.graphicsenv=sun.awt.X11GraphicsEnvironment, java.endorsed.dirs=/usr/lib/jvm/java-8-openjdk-amd64/jre/lib/endorsed, os.arch=amd64, surefire.real.class.path=/root/workspace/matheustf/testereclameaqui/366392089/target/surefire/surefirebooter7970510946929481295.jar:/root/./workspace/matheustf/testereclameaqui/366392089/.m2/org/jacoco/org.jacoco.agent/0.7.6.201602180812/org.jacoco.agent-0.7.6.201602180812-runtime.jar, gpg.skip=true, java.io.tmpdir=/tmp, line.separator=
, cobertura.skip=true, java.vm.specification.vendor=Oracle Corporation, os.name=Linux, sun.jnu.encoding=UTF-8, license.skip=true, java.library.path=/usr/java/packages/lib/amd64:/usr/lib/x86_64-linux-gnu/jni:/lib/x86_64-linux-gnu:/usr/lib/x86_64-linux-gnu:/usr/lib/jni:/lib:/usr/lib, surefire.test.class.path=/root/workspace/matheustf/testereclameaqui/366392089/target/test-classes:/root/workspace/matheustf/testereclameaqui/366392089/target/classes:/root/./workspace/matheustf/testereclameaqui/366392089/.m2/org/springframework/boot/spring-boot-starter-web/1.5.10.RELEASE/spring-boot-starter-web-1.5.10.RELEASE.jar:/root/./workspace/matheustf/testereclameaqui/366392089/.m2/org/springframework/boot/spring-boot-starter/1.5.10.RELEASE/spring-boot-starter-1.5.10.RELEASE.jar:/root/./workspace/matheustf/testereclameaqui/366392089/.m2/org/springframework/boot/spring-boot-starter-logging/1.5.10.RELEASE/spring-boot-starter-logging-1.5.10.RELEASE.jar:/root/./workspace/matheustf/testereclameaqui/366392089/.m2/ch/qos/logback/logback-classic/1.1.11/logback-classic-1.1.11.jar:/root/./workspace/matheustf/testereclameaqui/366392089/.m2/ch/qos/logback/logback-core/1.1.11/logback-core-1.1.11.jar:/root/./workspace/matheustf/testereclameaqui/366392089/.m2/org/slf4j/jul-to-slf4j/1.7.25/jul-to-slf4j-1.7.25.jar:/root/./workspace/matheustf/testereclameaqui/366392089/.m2/org/slf4j/log4j-over-slf4j/1.7.25/log4j-over-slf4j-1.7.25.jar:/root/./workspace/matheustf/testereclameaqui/366392089/.m2/org/yaml/snakeyaml/1.17/snakeyaml-1.17.jar:/root/./workspace/matheustf/testereclameaqui/366392089/.m2/org/springframework/boot/spring-boot-starter-tomcat/1.5.10.RELEASE/spring-boot-starter-tomcat-1.5.10.RELEASE.jar:/root/./workspace/matheustf/testereclameaqui/366392089/.m2/org/apache/tomcat/embed/tomcat-embed-core/8.5.27/tomcat-embed-core-8.5.27.jar:/root/./workspace/matheustf/testereclameaqui/366392089/.m2/org/apache/tomcat/tomcat-annotations-api/8.5.27/tomcat-annotations-api-8.5.27.jar:/root/./workspace/matheustf/testereclameaqui/366392089/.m2/org/apache/tomcat/embed/tomcat-embed-el/8.5.27/tomcat-embed-el-8.5.27.jar:/root/./workspace/matheustf/testereclameaqui/366392089/.m2/org/apache/tomcat/embed/tomcat-embed-websocket/8.5.27/tomcat-embed-websocket-8.5.27.jar:/root/./workspace/matheustf/testereclameaqui/366392089/.m2/org/hibernate/hibernate-validator/5.3.6.Final/hibernate-validator-5.3.6.Final.jar:/root/./workspace/matheustf/testereclameaqui/366392089/.m2/javax/validation/validation-api/1.1.0.Final/validation-api-1.1.0.Final.jar:/root/./workspace/matheustf/testereclameaqui/366392089/.m2/org/jboss/logging/jboss-logging/3.3.1.Final/jboss-logging-3.3.1.Final.jar:/root/./workspace/matheustf/testereclameaqui/366392089/.m2/com/fasterxml/classmate/1.3.4/classmate-1.3.4.jar:/root/./workspace/matheustf/testereclameaqui/366392089/.m2/com/fasterxml/jackson/core/jackson-databind/2.8.10/jackson-databind-2.8.10.jar:/root/./workspace/matheustf/testereclameaqui/366392089/.m2/com/fasterxml/jackson/core/jackson-annotations/2.8.0/jackson-annotations-2.8.0.jar:/root/./workspace/matheustf/testereclameaqui/366392089/.m2/com/fasterxml/jackson/core/jackson-core/2.8.10/jackson-core-2.8.10.jar:/root/./workspace/matheustf/testereclameaqui/366392089/.m2/org/springframework/spring-web/4.3.14.RELEASE/spring-web-4.3.14.RELEASE.jar:/root/./workspace/matheustf/testereclameaqui/366392089/.m2/org/springframework/spring-aop/4.3.14.RELEASE/spring-aop-4.3.14.RELEASE.jar:/root/./workspace/matheustf/testereclameaqui/366392089/.m2/org/springframework/spring-beans/4.3.14.RELEASE/spring-beans-4.3.14.RELEASE.jar:/root/./workspace/matheustf/testereclameaqui/366392089/.m2/org/springframework/spring-context/4.3.14.RELEASE/spring-context-4.3.14.RELEASE.jar:/root/./workspace/matheustf/testereclameaqui/366392089/.m2/org/springframework/spring-webmvc/4.3.14.RELEASE/spring-webmvc-4.3.14.RELEASE.jar:/root/./workspace/matheustf/testereclameaqui/366392089/.m2/org/springframework/spring-expression/4.3.14.RELEASE/spring-expression-4.3.14.RELEASE.jar:/root/./workspace/matheustf/testereclameaqui/366392089/.m2/org/springframework/boot/spring-boot-starter-data-mongodb/1.5.10.RELEASE/spring-boot-starter-data-mongodb-1.5.10.RELEASE.jar:/root/./workspace/matheustf/testereclameaqui/366392089/.m2/org/mongodb/mongodb-driver/3.4.3/mongodb-driver-3.4.3.jar:/root/./workspace/matheustf/testereclameaqui/366392089/.m2/org/mongodb/mongodb-driver-core/3.4.3/mongodb-driver-core-3.4.3.jar:/root/./workspace/matheustf/testereclameaqui/366392089/.m2/org/mongodb/bson/3.4.3/bson-3.4.3.jar:/root/./workspace/matheustf/testereclameaqui/366392089/.m2/org/springframework/data/spring-data-mongodb/1.10.10.RELEASE/spring-data-mongodb-1.10.10.RELEASE.jar:/root/./workspace/matheustf/testereclameaqui/366392089/.m2/org/springframework/spring-tx/4.3.14.RELEASE/spring-tx-4.3.14.RELEASE.jar:/root/./workspace/matheustf/testereclameaqui/366392089/.m2/org/springframework/data/spring-data-commons/1.13.10.RELEASE/spring-data-commons-1.13.10.RELEASE.jar:/root/./workspace/matheustf/testereclameaqui/366392089/.m2/org/slf4j/jcl-over-slf4j/1.7.25/jcl-over-slf4j-1.7.25.jar:/root/./workspace/matheustf/testereclameaqui/366392089/.m2/com/mysema/querydsl/querydsl-apt/3.6.8/querydsl-apt-3.6.8.jar:/root/./workspace/matheustf/testereclameaqui/366392089/.m2/com/mysema/querydsl/querydsl-codegen/3.6.8/querydsl-codegen-3.6.8.jar:/root/./workspace/matheustf/testereclameaqui/366392089/.m2/com/mysema/codegen/codegen/0.6.8/codegen-0.6.8.jar:/root/./workspace/matheustf/testereclameaqui/366392089/.m2/org/eclipse/jdt/core/compiler/ecj/4.3.1/ecj-4.3.1.jar:/root/./workspace/matheustf/testereclameaqui/366392089/.m2/javax/inject/javax.inject/1/javax.inject-1.jar:/root/./workspace/matheustf/testereclameaqui/366392089/.m2/com/mysema/querydsl/querydsl-mongodb/3.6.8/querydsl-mongodb-3.6.8.jar:/root/./workspace/matheustf/testereclameaqui/366392089/.m2/org/mongodb/mongo-java-driver/3.4.3/mongo-java-driver-3.4.3.jar:/root/./workspace/matheustf/testereclameaqui/366392089/.m2/com/mysema/querydsl/querydsl-core/3.6.8/querydsl-core-3.6.8.jar:/root/./workspace/matheustf/testereclameaqui/366392089/.m2/com/google/guava/guava/18.0/guava-18.0.jar:/root/./workspace/matheustf/testereclameaqui/366392089/.m2/com/google/code/findbugs/jsr305/1.3.9/jsr305-1.3.9.jar:/root/./workspace/matheustf/testereclameaqui/366392089/.m2/com/mysema/commons/mysema-commons-lang/0.2.4/mysema-commons-lang-0.2.4.jar:/root/./workspace/matheustf/testereclameaqui/366392089/.m2/com/infradna/tool/bridge-method-annotation/1.13/bridge-method-annotation-1.13.jar:/root/./workspace/matheustf/testereclameaqui/366392089/.m2/org/slf4j/slf4j-api/1.7.25/slf4j-api-1.7.25.jar:/root/./workspace/matheustf/testereclameaqui/366392089/.m2/org/springframework/boot/spring-boot-devtools/1.5.10.RELEASE/spring-boot-devtools-1.5.10.RELEASE.jar:/root/./workspace/matheustf/testereclameaqui/366392089/.m2/org/springframework/boot/spring-boot/1.5.10.RELEASE/spring-boot-1.5.10.RELEASE.jar:/root/./workspace/matheustf/testereclameaqui/366392089/.m2/org/springframework/boot/spring-boot-autoconfigure/1.5.10.RELEASE/spring-boot-autoconfigure-1.5.10.RELEASE.jar:/root/./workspace/matheustf/testereclameaqui/366392089/.m2/com/h2database/h2/1.4.196/h2-1.4.196.jar:/root/./workspace/matheustf/testereclameaqui/366392089/.m2/org/springframework/boot/spring-boot-starter-test/1.5.2.RELEASE/spring-boot-starter-test-1.5.2.RELEASE.jar:/root/./workspace/matheustf/testereclameaqui/366392089/.m2/org/springframework/boot/spring-boot-test/1.5.10.RELEASE/spring-boot-test-1.5.10.RELEASE.jar:/root/./workspace/matheustf/testereclameaqui/366392089/.m2/org/springframework/boot/spring-boot-test-autoconfigure/1.5.10.RELEASE/spring-boot-test-autoconfigure-1.5.10.RELEASE.jar:/root/./workspace/matheustf/testereclameaqui/366392089/.m2/junit/junit/4.12/junit-4.12.jar:/root/./workspace/matheustf/testereclameaqui/366392089/.m2/org/assertj/assertj-core/2.6.0/assertj-core-2.6.0.jar:/root/./workspace/matheustf/testereclameaqui/366392089/.m2/org/mockito/mockito-core/1.10.19/mockito-core-1.10.19.jar:/root/./workspace/matheustf/testereclameaqui/366392089/.m2/org/objenesis/objenesis/2.1/objenesis-2.1.jar:/root/./workspace/matheustf/testereclameaqui/366392089/.m2/org/hamcrest/hamcrest-core/1.3/hamcrest-core-1.3.jar:/root/./workspace/matheustf/testereclameaqui/366392089/.m2/org/hamcrest/hamcrest-library/1.3/hamcrest-library-1.3.jar:/root/./workspace/matheustf/testereclameaqui/366392089/.m2/org/skyscreamer/jsonassert/1.4.0/jsonassert-1.4.0.jar:/root/./workspace/matheustf/testereclameaqui/366392089/.m2/com/vaadin/external/google/android-json/0.0.20131108.vaadin1/android-json-0.0.20131108.vaadin1.jar:/root/./workspace/matheustf/testereclameaqui/366392089/.m2/org/springframework/spring-core/4.3.14.RELEASE/spring-core-4.3.14.RELEASE.jar:/root/./workspace/matheustf/testereclameaqui/366392089/.m2/org/springframework/spring-test/4.3.14.RELEASE/spring-test-4.3.14.RELEASE.jar:/root/./workspace/matheustf/testereclameaqui/366392089/.m2/org/apache/commons/commons-lang3/3.0/commons-lang3-3.0.jar:/root/./workspace/matheustf/testereclameaqui/366392089/.m2/com/google/code/gson/gson/2.3.1/gson-2.3.1.jar:/root/./workspace/matheustf/testereclameaqui/366392089/.m2/com/jayway/jsonpath/json-path/2.2.0/json-path-2.2.0.jar:/root/./workspace/matheustf/testereclameaqui/366392089/.m2/net/minidev/json-smart/2.2.1/json-smart-2.2.1.jar:/root/./workspace/matheustf/testereclameaqui/366392089/.m2/net/minidev/accessors-smart/1.1/accessors-smart-1.1.jar:/root/./workspace/matheustf/testereclameaqui/366392089/.m2/org/ow2/asm/asm/5.0.3/asm-5.0.3.jar:/root/./workspace/matheustf/testereclameaqui/366392089/.m2/org/projectlombok/lombok/1.16.20/lombok-1.16.20.jar:/root/./workspace/matheustf/testereclameaqui/366392089/.m2/org/modelmapper/modelmapper/1.1.0/modelmapper-1.1.0.jar:, java.specification.name=Java Platform API Specification, java.class.version=52.0, skip.bower=true, sun.management.compiler=HotSpot 64-Bit Tiered Compilers, maven.repo.local=/root/./workspace/matheustf/testereclameaqui/366392089/.m2, os.version=3.10.0-693.21.1.el7.x86_64, user.home=/root, user.timezone=Europe/Paris, java.awt.printerjob=sun.print.PSPrinterJob, file.encoding=UTF-8, java.specification.version=1.8, java.class.path=/root/workspace/matheustf/testereclameaqui/366392089/target/test-classes:/root/workspace/matheustf/testereclameaqui/366392089/target/classes:/root/./workspace/matheustf/testereclameaqui/366392089/.m2/org/springframework/boot/spring-boot-starter-web/1.5.10.RELEASE/spring-boot-starter-web-1.5.10.RELEASE.jar:/root/./workspace/matheustf/testereclameaqui/366392089/.m2/org/springframework/boot/spring-boot-starter/1.5.10.RELEASE/spring-boot-starter-1.5.10.RELEASE.jar:/root/./workspace/matheustf/testereclameaqui/366392089/.m2/org/springframework/boot/spring-boot-starter-logging/1.5.10.RELEASE/spring-boot-starter-logging-1.5.10.RELEASE.jar:/root/./workspace/matheustf/testereclameaqui/366392089/.m2/ch/qos/logback/logback-classic/1.1.11/logback-classic-1.1.11.jar:/root/./workspace/matheustf/testereclameaqui/366392089/.m2/ch/qos/logback/logback-core/1.1.11/logback-core-1.1.11.jar:/root/./workspace/matheustf/testereclameaqui/366392089/.m2/org/slf4j/jul-to-slf4j/1.7.25/jul-to-slf4j-1.7.25.jar:/root/./workspace/matheustf/testereclameaqui/366392089/.m2/org/slf4j/log4j-over-slf4j/1.7.25/log4j-over-slf4j-1.7.25.jar:/root/./workspace/matheustf/testereclameaqui/366392089/.m2/org/yaml/snakeyaml/1.17/snakeyaml-1.17.jar:/root/./workspace/matheustf/testereclameaqui/366392089/.m2/org/springframework/boot/spring-boot-starter-tomcat/1.5.10.RELEASE/spring-boot-starter-tomcat-1.5.10.RELEASE.jar:/root/./workspace/matheustf/testereclameaqui/366392089/.m2/org/apache/tomcat/embed/tomcat-embed-core/8.5.27/tomcat-embed-core-8.5.27.jar:/root/./workspace/matheustf/testereclameaqui/366392089/.m2/org/apache/tomcat/tomcat-annotations-api/8.5.27/tomcat-annotations-api-8.5.27.jar:/root/./workspace/matheustf/testereclameaqui/366392089/.m2/org/apache/tomcat/embed/tomcat-embed-el/8.5.27/tomcat-embed-el-8.5.27.jar:/root/./workspace/matheustf/testereclameaqui/366392089/.m2/org/apache/tomcat/embed/tomcat-embed-websocket/8.5.27/tomcat-embed-websocket-8.5.27.jar:/root/./workspace/matheustf/testereclameaqui/366392089/.m2/org/hibernate/hibernate-validator/5.3.6.Final/hibernate-validator-5.3.6.Final.jar:/root/./workspace/matheustf/testereclameaqui/366392089/.m2/javax/validation/validation-api/1.1.0.Final/validation-api-1.1.0.Final.jar:/root/./workspace/matheustf/testereclameaqui/366392089/.m2/org/jboss/logging/jboss-logging/3.3.1.Final/jboss-logging-3.3.1.Final.jar:/root/./workspace/matheustf/testereclameaqui/366392089/.m2/com/fasterxml/classmate/1.3.4/classmate-1.3.4.jar:/root/./workspace/matheustf/testereclameaqui/366392089/.m2/com/fasterxml/jackson/core/jackson-databind/2.8.10/jackson-databind-2.8.10.jar:/root/./workspace/matheustf/testereclameaqui/366392089/.m2/com/fasterxml/jackson/core/jackson-annotations/2.8.0/jackson-annotations-2.8.0.jar:/root/./workspace/matheustf/testereclameaqui/366392089/.m2/com/fasterxml/jackson/core/jackson-core/2.8.10/jackson-core-2.8.10.jar:/root/./workspace/matheustf/testereclameaqui/366392089/.m2/org/springframework/spring-web/4.3.14.RELEASE/spring-web-4.3.14.RELEASE.jar:/root/./workspace/matheustf/testereclameaqui/366392089/.m2/org/springframework/spring-aop/4.3.14.RELEASE/spring-aop-4.3.14.RELEASE.jar:/root/./workspace/matheustf/testereclameaqui/366392089/.m2/org/springframework/spring-beans/4.3.14.RELEASE/spring-beans-4.3.14.RELEASE.jar:/root/./workspace/matheustf/testereclameaqui/366392089/.m2/org/springframework/spring-context/4.3.14.RELEASE/spring-context-4.3.14.RELEASE.jar:/root/./workspace/matheustf/testereclameaqui/366392089/.m2/org/springframework/spring-webmvc/4.3.14.RELEASE/spring-webmvc-4.3.14.RELEASE.jar:/root/./workspace/matheustf/testereclameaqui/366392089/.m2/org/springframework/spring-expression/4.3.14.RELEASE/spring-expression-4.3.14.RELEASE.jar:/root/./workspace/matheustf/testereclameaqui/366392089/.m2/org/springframework/boot/spring-boot-starter-data-mongodb/1.5.10.RELEASE/spring-boot-starter-data-mongodb-1.5.10.RELEASE.jar:/root/./workspace/matheustf/testereclameaqui/366392089/.m2/org/mongodb/mongodb-driver/3.4.3/mongodb-driver-3.4.3.jar:/root/./workspace/matheustf/testereclameaqui/366392089/.m2/org/mongodb/mongodb-driver-core/3.4.3/mongodb-driver-core-3.4.3.jar:/root/./workspace/matheustf/testereclameaqui/366392089/.m2/org/mongodb/bson/3.4.3/bson-3.4.3.jar:/root/./workspace/matheustf/testereclameaqui/366392089/.m2/org/springframework/data/spring-data-mongodb/1.10.10.RELEASE/spring-data-mongodb-1.10.10.RELEASE.jar:/root/./workspace/matheustf/testereclameaqui/366392089/.m2/org/springframework/spring-tx/4.3.14.RELEASE/spring-tx-4.3.14.RELEASE.jar:/root/./workspace/matheustf/testereclameaqui/366392089/.m2/org/springframework/data/spring-data-commons/1.13.10.RELEASE/spring-data-commons-1.13.10.RELEASE.jar:/root/./workspace/matheustf/testereclameaqui/366392089/.m2/org/slf4j/jcl-over-slf4j/1.7.25/jcl-over-slf4j-1.7.25.jar:/root/./workspace/matheustf/testereclameaqui/366392089/.m2/com/mysema/querydsl/querydsl-apt/3.6.8/querydsl-apt-3.6.8.jar:/root/./workspace/matheustf/testereclameaqui/366392089/.m2/com/mysema/querydsl/querydsl-codegen/3.6.8/querydsl-codegen-3.6.8.jar:/root/./workspace/matheustf/testereclameaqui/366392089/.m2/com/mysema/codegen/codegen/0.6.8/codegen-0.6.8.jar:/root/./workspace/matheustf/testereclameaqui/366392089/.m2/org/eclipse/jdt/core/compiler/ecj/4.3.1/ecj-4.3.1.jar:/root/./workspace/matheustf/testereclameaqui/366392089/.m2/javax/inject/javax.inject/1/javax.inject-1.jar:/root/./workspace/matheustf/testereclameaqui/366392089/.m2/com/mysema/querydsl/querydsl-mongodb/3.6.8/querydsl-mongodb-3.6.8.jar:/root/./workspace/matheustf/testereclameaqui/366392089/.m2/org/mongodb/mongo-java-driver/3.4.3/mongo-java-driver-3.4.3.jar:/root/./workspace/matheustf/testereclameaqui/366392089/.m2/com/mysema/querydsl/querydsl-core/3.6.8/querydsl-core-3.6.8.jar:/root/./workspace/matheustf/testereclameaqui/366392089/.m2/com/google/guava/guava/18.0/guava-18.0.jar:/root/./workspace/matheustf/testereclameaqui/366392089/.m2/com/google/code/findbugs/jsr305/1.3.9/jsr305-1.3.9.jar:/root/./workspace/matheustf/testereclameaqui/366392089/.m2/com/mysema/commons/mysema-commons-lang/0.2.4/mysema-commons-lang-0.2.4.jar:/root/./workspace/matheustf/testereclameaqui/366392089/.m2/com/infradna/tool/bridge-method-annotation/1.13/bridge-method-annotation-1.13.jar:/root/./workspace/matheustf/testereclameaqui/366392089/.m2/org/slf4j/slf4j-api/1.7.25/slf4j-api-1.7.25.jar:/root/./workspace/matheustf/testereclameaqui/366392089/.m2/org/springframework/boot/spring-boot-devtools/1.5.10.RELEASE/spring-boot-devtools-1.5.10.RELEASE.jar:/root/./workspace/matheustf/testereclameaqui/366392089/.m2/org/springframework/boot/spring-boot/1.5.10.RELEASE/spring-boot-1.5.10.RELEASE.jar:/root/./workspace/matheustf/testereclameaqui/366392089/.m2/org/springframework/boot/spring-boot-autoconfigure/1.5.10.RELEASE/spring-boot-autoconfigure-1.5.10.RELEASE.jar:/root/./workspace/matheustf/testereclameaqui/366392089/.m2/com/h2database/h2/1.4.196/h2-1.4.196.jar:/root/./workspace/matheustf/testereclameaqui/366392089/.m2/org/springframework/boot/spring-boot-starter-test/1.5.2.RELEASE/spring-boot-starter-test-1.5.2.RELEASE.jar:/root/./workspace/matheustf/testereclameaqui/366392089/.m2/org/springframework/boot/spring-boot-test/1.5.10.RELEASE/spring-boot-test-1.5.10.RELEASE.jar:/root/./workspace/matheustf/testereclameaqui/366392089/.m2/org/springframework/boot/spring-boot-test-autoconfigure/1.5.10.RELEASE/spring-boot-test-autoconfigure-1.5.10.RELEASE.jar:/root/./workspace/matheustf/testereclameaqui/366392089/.m2/junit/junit/4.12/junit-4.12.jar:/root/./workspace/matheustf/testereclameaqui/366392089/.m2/org/assertj/assertj-core/2.6.0/assertj-core-2.6.0.jar:/root/./workspace/matheustf/testereclameaqui/366392089/.m2/org/mockito/mockito-core/1.10.19/mockito-core-1.10.19.jar:/root/./workspace/matheustf/testereclameaqui/366392089/.m2/org/objenesis/objenesis/2.1/objenesis-2.1.jar:/root/./workspace/matheustf/testereclameaqui/366392089/.m2/org/hamcrest/hamcrest-core/1.3/hamcrest-core-1.3.jar:/root/./workspace/matheustf/testereclameaqui/366392089/.m2/org/hamcrest/hamcrest-library/1.3/hamcrest-library-1.3.jar:/root/./workspace/matheustf/testereclameaqui/366392089/.m2/org/skyscreamer/jsonassert/1.4.0/jsonassert-1.4.0.jar:/root/./workspace/matheustf/testereclameaqui/366392089/.m2/com/vaadin/external/google/android-json/0.0.20131108.vaadin1/android-json-0.0.20131108.vaadin1.jar:/root/./workspace/matheustf/testereclameaqui/366392089/.m2/org/springframework/spring-core/4.3.14.RELEASE/spring-core-4.3.14.RELEASE.jar:/root/./workspace/matheustf/testereclameaqui/366392089/.m2/org/springframework/spring-test/4.3.14.RELEASE/spring-test-4.3.14.RELEASE.jar:/root/./workspace/matheustf/testereclameaqui/366392089/.m2/org/apache/commons/commons-lang3/3.0/commons-lang3-3.0.jar:/root/./workspace/matheustf/testereclameaqui/366392089/.m2/com/google/code/gson/gson/2.3.1/gson-2.3.1.jar:/root/./workspace/matheustf/testereclameaqui/366392089/.m2/com/jayway/jsonpath/json-path/2.2.0/json-path-2.2.0.jar:/root/./workspace/matheustf/testereclameaqui/366392089/.m2/net/minidev/json-smart/2.2.1/json-smart-2.2.1.jar:/root/./workspace/matheustf/testereclameaqui/366392089/.m2/net/minidev/accessors-smart/1.1/accessors-smart-1.1.jar:/root/./workspace/matheustf/testereclameaqui/366392089/.m2/org/ow2/asm/asm/5.0.3/asm-5.0.3.jar:/root/./workspace/matheustf/testereclameaqui/366392089/.m2/org/projectlombok/lombok/1.16.20/lombok-1.16.20.jar:/root/./workspace/matheustf/testereclameaqui/366392089/.m2/org/modelmapper/modelmapper/1.1.0/modelmapper-1.1.0.jar:, user.name=root, skipITs=true, java.vm.specification.version=1.8, sun.java.command=/root/workspace/matheustf/testereclameaqui/366392089/target/surefire/surefirebooter7970510946929481295.jar /root/workspace/matheustf/testereclameaqui/366392089/target/surefire/surefire8158554584075901419tmp /root/workspace/matheustf/testereclameaqui/366392089/target/surefire/surefire_02198353455941359451tmp, java.home=/usr/lib/jvm/java-8-openjdk-amd64/jre, sun.arch.data.model=64, user.language=en, java.specification.vendor=Oracle Corporation, awt.toolkit=sun.awt.X11.XToolkit, java.vm.info=mixed mode, java.version=1.8.0_121, java.ext.dirs=/usr/lib/jvm/java-8-openjdk-amd64/jre/lib/ext:/usr/java/packages/lib/ext, sun.boot.class.path=/usr/lib/jvm/java-8-openjdk-amd64/jre/lib/resources.jar:/usr/lib/jvm/java-8-openjdk-amd64/jre/lib/rt.jar:/usr/lib/jvm/java-8-openjdk-amd64/jre/lib/sunrsasign.jar:/usr/lib/jvm/java-8-openjdk-amd64/jre/lib/jsse.jar:/usr/lib/jvm/java-8-openjdk-amd64/jre/lib/jce.jar:/usr/lib/jvm/java-8-openjdk-amd64/jre/lib/charsets.jar:/usr/lib/jvm/java-8-openjdk-amd64/jre/lib/jfr.jar:/usr/lib/jvm/java-8-openjdk-amd64/jre/classes, rat.skip=true, enforcer.skip=true, java.vendor=Oracle Corporation, localRepository=/root/./workspace/matheustf/testereclameaqui/366392089/.m2, file.separator=/, java.vendor.url.bug=http://bugreport.sun.com/bugreport/, sun.io.unicode.encoding=UnicodeLittle, sun.cpu.endian=little, sun.cpu.isalist=}}, SystemEnvironmentPropertySource@929266212 {name='systemEnvironment', properties={PATH=/usr/local/sbin:/usr/local/bin:/usr/sbin:/usr/bin:/sbin:/bin, JAVA_HOME=/usr/lib/jvm/java-8-openjdk-amd64, NOTIFY_TO=, CA_CERTIFICATES_JAVA_VERSION=20161107~bpo8+1, MONGODB_HOST=, BUILD_ID=, LANG=C.UTF-8, GITHUB_LOGIN=, MAVEN_HOME=/usr/share/maven, SMTP_SERVER=, MONGODB_NAME=, REPAIR_MODE=, PWD=/root/workspace/matheustf/testereclameaqui/366392089, GOOGLE_ACCESS_TOKEN=, JAVA_VERSION=8u121, GITHUB_OAUTH=, MAVEN_CMD_LINE_ARGS=/root/.m2 -D enforcer.skip=true -D skipITs=true -D cobertura.skip=true -D maven.repo.local=/root/./workspace/matheustf/testereclameaqui/366392089/.m2 -D rat.skip=true -D findbugs.skip=true -D skip.bower=true -D gpg.skip=true -D checkstyle.skip=true -D skip.gulp=true -D license.skip=true -D skip.npm=true test, _=/usr/bin/java, SPREADSHEET_ID=, OUTPUT=, MAVEN_TERMINATE_CMD=on, MAVEN_CONFIG=/root/.m2, MAVEN_PROJECTBASEDIR=/root/workspace/matheustf/testereclameaqui/366392089, OLDPWD=/root/workspace/matheustf/testereclameaqui/366392089, LOG_FILENAME=repairnator-pipeline_2018-04-14_0554_366392089, RUN_ID=, HOSTNAME=spirals-vortex.lille.inria.fr, JAVA_DEBIAN_VERSION=8u121-b13-1~bpo8+1, M2_HOME=/usr/share/maven, HOME=/root, SHLVL=1, PUSH_URL=}}]
05:55:23.218 [main] INFO org.springframework.boot.test.context.SpringBootTestContextBootstrapper - Found @SpringBootConfiguration br.com.reclameaqui.teste.TesteApplication for test class br.com.reclameaqui.teste.TesteApplicationTests
05:55:23.221 [main] DEBUG org.springframework.boot.test.context.SpringBootTestContextBootstrapper - @TestExecutionListeners is not present for class [br.com.reclameaqui.teste.TesteApplicationTests]: using defaults.
05:55:23.224 [main] INFO org.springframework.boot.test.context.SpringBootTestContextBootstrapper - Loaded default TestExecutionListener class names from location [META-INF/spring.factories]: [org.springframework.boot.test.mock.mockito.MockitoTestExecutionListener, org.springframework.boot.test.mock.mockito.ResetMocksTestExecutionListener, org.springframework.boot.test.autoconfigure.restdocs.RestDocsTestExecutionListener, org.springframework.boot.test.autoconfigure.web.client.MockRestServiceServerResetTestExecutionListener, org.springframework.boot.test.autoconfigure.web.servlet.MockMvcPrintOnlyOnFailureTestExecutionListener, org.springframework.boot.test.autoconfigure.web.servlet.WebDriverTestExecutionListener, org.springframework.test.context.web.ServletTestExecutionListener, org.springframework.test.context.support.DirtiesContextBeforeModesTestExecutionListener, org.springframework.test.context.support.DependencyInjectionTestExecutionListener, org.springframework.test.context.support.DirtiesContextTestExecutionListener, org.springframework.test.context.transaction.TransactionalTestExecutionListener, org.springframework.test.context.jdbc.SqlScriptsTestExecutionListener]
05:55:23.228 [main] INFO org.springframework.boot.test.context.SpringBootTestContextBootstrapper - Using TestExecutionListeners: [org.springframework.test.context.web.ServletTestExecutionListener@32e652b6, org.springframework.test.context.support.DirtiesContextBeforeModesTestExecutionListener@4ba02375, org.springframework.boot.test.autoconfigure.SpringBootDependencyInjectionTestExecutionListener@7593ea79, org.springframework.test.context.support.DirtiesContextTestExecutionListener@3289079a, org.springframework.test.context.transaction.TransactionalTestExecutionListener@32fa809f, org.springframework.test.context.jdbc.SqlScriptsTestExecutionListener@788ba63e, org.springframework.boot.test.mock.mockito.MockitoTestExecutionListener@12a14b74, org.springframework.boot.test.mock.mockito.ResetMocksTestExecutionListener@68ee3b6d, org.springframework.boot.test.autoconfigure.restdocs.RestDocsTestExecutionListener@e76b097, org.springframework.boot.test.autoconfigure.web.client.MockRestServiceServerResetTestExecutionListener@2be95d31, org.springframework.boot.test.autoconfigure.web.servlet.MockMvcPrintOnlyOnFailureTestExecutionListener@338b49d3, org.springframework.boot.test.autoconfigure.web.servlet.WebDriverTestExecutionListener@2aa7399c]
05:55:23.228 [main] DEBUG org.springframework.test.annotation.ProfileValueUtils - Retrieved @ProfileValueSourceConfiguration [null] for test class [br.com.reclameaqui.teste.TesteApplicationTests]
05:55:23.228 [main] DEBUG org.springframework.test.annotation.ProfileValueUtils - Retrieved ProfileValueSource type [class org.springframework.test.annotation.SystemProfileValueSource] for class [br.com.reclameaqui.teste.TesteApplicationTests]
05:55:23.229 [main] DEBUG org.springframework.test.annotation.ProfileValueUtils - Retrieved @ProfileValueSourceConfiguration [null] for test class [br.com.reclameaqui.teste.TesteApplicationTests]
05:55:23.229 [main] DEBUG org.springframework.test.annotation.ProfileValueUtils - Retrieved ProfileValueSource type [class org.springframework.test.annotation.SystemProfileValueSource] for class [br.com.reclameaqui.teste.TesteApplicationTests]
05:55:23.236 [main] DEBUG org.springframework.test.context.support.AbstractDirtiesContextTestExecutionListener - Before test class: context [DefaultTestContext@3a8d467e testClass = TesteApplicationTests, testInstance = [null], testMethod = [null], testException = [null], mergedContextConfiguration = [WebMergedContextConfiguration@141d3d43 testClass = TesteApplicationTests, locations = '{}', classes = '{class br.com.reclameaqui.teste.TesteApplication}', contextInitializerClasses = '[]', activeProfiles = '{}', propertySourceLocations = '{}', propertySourceProperties = '{org.springframework.boot.test.context.SpringBootTestContextBootstrapper=true}', contextCustomizers = set[org.springframework.boot.test.context.SpringBootTestContextCustomizer@51abf713, org.springframework.boot.test.context.filter.ExcludeFilterContextCustomizer@5cad8b7d, org.springframework.boot.test.json.DuplicateJsonObjectContextCustomizerFactory$DuplicateJsonObjectContextCustomizer@1c05a54d, org.springframework.boot.test.mock.mockito.MockitoContextCustomizer@0, org.springframework.boot.test.autoconfigure.properties.PropertyMappingContextCustomizer@0, org.springframework.boot.test.autoconfigure.web.servlet.WebDriverContextCustomizerFactory$Customizer@6034e75d], resourceBasePath = 'src/main/webapp', contextLoader = 'org.springframework.boot.test.context.SpringBootContextLoader', parent = [null]]], class annotated with @DirtiesContext [false] with mode [null].
05:55:23.237 [main] DEBUG org.springframework.test.annotation.ProfileValueUtils - Retrieved @ProfileValueSourceConfiguration [null] for test class [br.com.reclameaqui.teste.TesteApplicationTests]
05:55:23.237 [main] DEBUG org.springframework.test.annotation.ProfileValueUtils - Retrieved ProfileValueSource type [class org.springframework.test.annotation.SystemProfileValueSource] for class [br.com.reclameaqui.teste.TesteApplicationTests]
05:55:23.338 [main] DEBUG org.springframework.core.env.StandardEnvironment - Adding PropertySource 'systemProperties' with lowest search precedence
05:55:23.338 [main] DEBUG org.springframework.core.env.StandardEnvironment - Adding PropertySource 'systemEnvironment' with lowest search precedence
05:55:23.339 [main] DEBUG org.springframework.core.env.StandardEnvironment - Initialized StandardEnvironment with PropertySources [MapPropertySource@631851861 {name='systemProperties', properties={java.runtime.name=OpenJDK Runtime Environment, sun.boot.library.path=/usr/lib/jvm/java-8-openjdk-amd64/jre/lib/amd64, java.vm.version=25.121-b13, java.vm.vendor=Oracle Corporation, java.vendor.url=http://java.oracle.com/, skip.gulp=true, path.separator=:, java.vm.name=OpenJDK 64-Bit Server VM, file.encoding.pkg=sun.io, findbugs.skip=true, sun.java.launcher=SUN_STANDARD, sun.os.patch.level=unknown, java.vm.specification.name=Java Virtual Machine Specification, user.dir=/root/workspace/matheustf/testereclameaqui/366392089, checkstyle.skip=true, java.runtime.version=1.8.0_121-8u121-b13-1~bpo8+1-b13, skip.npm=true, basedir=/root/workspace/matheustf/testereclameaqui/366392089, java.awt.graphicsenv=sun.awt.X11GraphicsEnvironment, java.endorsed.dirs=/usr/lib/jvm/java-8-openjdk-amd64/jre/lib/endorsed, os.arch=amd64, surefire.real.class.path=/root/workspace/matheustf/testereclameaqui/366392089/target/surefire/surefirebooter7970510946929481295.jar:/root/./workspace/matheustf/testereclameaqui/366392089/.m2/org/jacoco/org.jacoco.agent/0.7.6.201602180812/org.jacoco.agent-0.7.6.201602180812-runtime.jar, gpg.skip=true, java.io.tmpdir=/tmp, line.separator=
, cobertura.skip=true, java.vm.specification.vendor=Oracle Corporation, os.name=Linux, sun.jnu.encoding=UTF-8, license.skip=true, java.library.path=/usr/java/packages/lib/amd64:/usr/lib/x86_64-linux-gnu/jni:/lib/x86_64-linux-gnu:/usr/lib/x86_64-linux-gnu:/usr/lib/jni:/lib:/usr/lib, surefire.test.class.path=/root/workspace/matheustf/testereclameaqui/366392089/target/test-classes:/root/workspace/matheustf/testereclameaqui/366392089/target/classes:/root/./workspace/matheustf/testereclameaqui/366392089/.m2/org/springframework/boot/spring-boot-starter-web/1.5.10.RELEASE/spring-boot-starter-web-1.5.10.RELEASE.jar:/root/./workspace/matheustf/testereclameaqui/366392089/.m2/org/springframework/boot/spring-boot-starter/1.5.10.RELEASE/spring-boot-starter-1.5.10.RELEASE.jar:/root/./workspace/matheustf/testereclameaqui/366392089/.m2/org/springframework/boot/spring-boot-starter-logging/1.5.10.RELEASE/spring-boot-starter-logging-1.5.10.RELEASE.jar:/root/./workspace/matheustf/testereclameaqui/366392089/.m2/ch/qos/logback/logback-classic/1.1.11/logback-classic-1.1.11.jar:/root/./workspace/matheustf/testereclameaqui/366392089/.m2/ch/qos/logback/logback-core/1.1.11/logback-core-1.1.11.jar:/root/./workspace/matheustf/testereclameaqui/366392089/.m2/org/slf4j/jul-to-slf4j/1.7.25/jul-to-slf4j-1.7.25.jar:/root/./workspace/matheustf/testereclameaqui/366392089/.m2/org/slf4j/log4j-over-slf4j/1.7.25/log4j-over-slf4j-1.7.25.jar:/root/./workspace/matheustf/testereclameaqui/366392089/.m2/org/yaml/snakeyaml/1.17/snakeyaml-1.17.jar:/root/./workspace/matheustf/testereclameaqui/366392089/.m2/org/springframework/boot/spring-boot-starter-tomcat/1.5.10.RELEASE/spring-boot-starter-tomcat-1.5.10.RELEASE.jar:/root/./workspace/matheustf/testereclameaqui/366392089/.m2/org/apache/tomcat/embed/tomcat-embed-core/8.5.27/tomcat-embed-core-8.5.27.jar:/root/./workspace/matheustf/testereclameaqui/366392089/.m2/org/apache/tomcat/tomcat-annotations-api/8.5.27/tomcat-annotations-api-8.5.27.jar:/root/./workspace/matheustf/testereclameaqui/366392089/.m2/org/apache/tomcat/embed/tomcat-embed-el/8.5.27/tomcat-embed-el-8.5.27.jar:/root/./workspace/matheustf/testereclameaqui/366392089/.m2/org/apache/tomcat/embed/tomcat-embed-websocket/8.5.27/tomcat-embed-websocket-8.5.27.jar:/root/./workspace/matheustf/testereclameaqui/366392089/.m2/org/hibernate/hibernate-validator/5.3.6.Final/hibernate-validator-5.3.6.Final.jar:/root/./workspace/matheustf/testereclameaqui/366392089/.m2/javax/validation/validation-api/1.1.0.Final/validation-api-1.1.0.Final.jar:/root/./workspace/matheustf/testereclameaqui/366392089/.m2/org/jboss/logging/jboss-logging/3.3.1.Final/jboss-logging-3.3.1.Final.jar:/root/./workspace/matheustf/testereclameaqui/366392089/.m2/com/fasterxml/classmate/1.3.4/classmate-1.3.4.jar:/root/./workspace/matheustf/testereclameaqui/366392089/.m2/com/fasterxml/jackson/core/jackson-databind/2.8.10/jackson-databind-2.8.10.jar:/root/./workspace/matheustf/testereclameaqui/366392089/.m2/com/fasterxml/jackson/core/jackson-annotations/2.8.0/jackson-annotations-2.8.0.jar:/root/./workspace/matheustf/testereclameaqui/366392089/.m2/com/fasterxml/jackson/core/jackson-core/2.8.10/jackson-core-2.8.10.jar:/root/./workspace/matheustf/testereclameaqui/366392089/.m2/org/springframework/spring-web/4.3.14.RELEASE/spring-web-4.3.14.RELEASE.jar:/root/./workspace/matheustf/testereclameaqui/366392089/.m2/org/springframework/spring-aop/4.3.14.RELEASE/spring-aop-4.3.14.RELEASE.jar:/root/./workspace/matheustf/testereclameaqui/366392089/.m2/org/springframework/spring-beans/4.3.14.RELEASE/spring-beans-4.3.14.RELEASE.jar:/root/./workspace/matheustf/testereclameaqui/366392089/.m2/org/springframework/spring-context/4.3.14.RELEASE/spring-context-4.3.14.RELEASE.jar:/root/./workspace/matheustf/testereclameaqui/366392089/.m2/org/springframework/spring-webmvc/4.3.14.RELEASE/spring-webmvc-4.3.14.RELEASE.jar:/root/./workspace/matheustf/testereclameaqui/366392089/.m2/org/springframework/spring-expression/4.3.14.RELEASE/spring-expression-4.3.14.RELEASE.jar:/root/./workspace/matheustf/testereclameaqui/366392089/.m2/org/springframework/boot/spring-boot-starter-data-mongodb/1.5.10.RELEASE/spring-boot-starter-data-mongodb-1.5.10.RELEASE.jar:/root/./workspace/matheustf/testereclameaqui/366392089/.m2/org/mongodb/mongodb-driver/3.4.3/mongodb-driver-3.4.3.jar:/root/./workspace/matheustf/testereclameaqui/366392089/.m2/org/mongodb/mongodb-driver-core/3.4.3/mongodb-driver-core-3.4.3.jar:/root/./workspace/matheustf/testereclameaqui/366392089/.m2/org/mongodb/bson/3.4.3/bson-3.4.3.jar:/root/./workspace/matheustf/testereclameaqui/366392089/.m2/org/springframework/data/spring-data-mongodb/1.10.10.RELEASE/spring-data-mongodb-1.10.10.RELEASE.jar:/root/./workspace/matheustf/testereclameaqui/366392089/.m2/org/springframework/spring-tx/4.3.14.RELEASE/spring-tx-4.3.14.RELEASE.jar:/root/./workspace/matheustf/testereclameaqui/366392089/.m2/org/springframework/data/spring-data-commons/1.13.10.RELEASE/spring-data-commons-1.13.10.RELEASE.jar:/root/./workspace/matheustf/testereclameaqui/366392089/.m2/org/slf4j/jcl-over-slf4j/1.7.25/jcl-over-slf4j-1.7.25.jar:/root/./workspace/matheustf/testereclameaqui/366392089/.m2/com/mysema/querydsl/querydsl-apt/3.6.8/querydsl-apt-3.6.8.jar:/root/./workspace/matheustf/testereclameaqui/366392089/.m2/com/mysema/querydsl/querydsl-codegen/3.6.8/querydsl-codegen-3.6.8.jar:/root/./workspace/matheustf/testereclameaqui/366392089/.m2/com/mysema/codegen/codegen/0.6.8/codegen-0.6.8.jar:/root/./workspace/matheustf/testereclameaqui/366392089/.m2/org/eclipse/jdt/core/compiler/ecj/4.3.1/ecj-4.3.1.jar:/root/./workspace/matheustf/testereclameaqui/366392089/.m2/javax/inject/javax.inject/1/javax.inject-1.jar:/root/./workspace/matheustf/testereclameaqui/366392089/.m2/com/mysema/querydsl/querydsl-mongodb/3.6.8/querydsl-mongodb-3.6.8.jar:/root/./workspace/matheustf/testereclameaqui/366392089/.m2/org/mongodb/mongo-java-driver/3.4.3/mongo-java-driver-3.4.3.jar:/root/./workspace/matheustf/testereclameaqui/366392089/.m2/com/mysema/querydsl/querydsl-core/3.6.8/querydsl-core-3.6.8.jar:/root/./workspace/matheustf/testereclameaqui/366392089/.m2/com/google/guava/guava/18.0/guava-18.0.jar:/root/./workspace/matheustf/testereclameaqui/366392089/.m2/com/google/code/findbugs/jsr305/1.3.9/jsr305-1.3.9.jar:/root/./workspace/matheustf/testereclameaqui/366392089/.m2/com/mysema/commons/mysema-commons-lang/0.2.4/mysema-commons-lang-0.2.4.jar:/root/./workspace/matheustf/testereclameaqui/366392089/.m2/com/infradna/tool/bridge-method-annotation/1.13/bridge-method-annotation-1.13.jar:/root/./workspace/matheustf/testereclameaqui/366392089/.m2/org/slf4j/slf4j-api/1.7.25/slf4j-api-1.7.25.jar:/root/./workspace/matheustf/testereclameaqui/366392089/.m2/org/springframework/boot/spring-boot-devtools/1.5.10.RELEASE/spring-boot-devtools-1.5.10.RELEASE.jar:/root/./workspace/matheustf/testereclameaqui/366392089/.m2/org/springframework/boot/spring-boot/1.5.10.RELEASE/spring-boot-1.5.10.RELEASE.jar:/root/./workspace/matheustf/testereclameaqui/366392089/.m2/org/springframework/boot/spring-boot-autoconfigure/1.5.10.RELEASE/spring-boot-autoconfigure-1.5.10.RELEASE.jar:/root/./workspace/matheustf/testereclameaqui/366392089/.m2/com/h2database/h2/1.4.196/h2-1.4.196.jar:/root/./workspace/matheustf/testereclameaqui/366392089/.m2/org/springframework/boot/spring-boot-starter-test/1.5.2.RELEASE/spring-boot-starter-test-1.5.2.RELEASE.jar:/root/./workspace/matheustf/testereclameaqui/366392089/.m2/org/springframework/boot/spring-boot-test/1.5.10.RELEASE/spring-boot-test-1.5.10.RELEASE.jar:/root/./workspace/matheustf/testereclameaqui/366392089/.m2/org/springframework/boot/spring-boot-test-autoconfigure/1.5.10.RELEASE/spring-boot-test-autoconfigure-1.5.10.RELEASE.jar:/root/./workspace/matheustf/testereclameaqui/366392089/.m2/junit/junit/4.12/junit-4.12.jar:/root/./workspace/matheustf/testereclameaqui/366392089/.m2/org/assertj/assertj-core/2.6.0/assertj-core-2.6.0.jar:/root/./workspace/matheustf/testereclameaqui/366392089/.m2/org/mockito/mockito-core/1.10.19/mockito-core-1.10.19.jar:/root/./workspace/matheustf/testereclameaqui/366392089/.m2/org/objenesis/objenesis/2.1/objenesis-2.1.jar:/root/./workspace/matheustf/testereclameaqui/366392089/.m2/org/hamcrest/hamcrest-core/1.3/hamcrest-core-1.3.jar:/root/./workspace/matheustf/testereclameaqui/366392089/.m2/org/hamcrest/hamcrest-library/1.3/hamcrest-library-1.3.jar:/root/./workspace/matheustf/testereclameaqui/366392089/.m2/org/skyscreamer/jsonassert/1.4.0/jsonassert-1.4.0.jar:/root/./workspace/matheustf/testereclameaqui/366392089/.m2/com/vaadin/external/google/android-json/0.0.20131108.vaadin1/android-json-0.0.20131108.vaadin1.jar:/root/./workspace/matheustf/testereclameaqui/366392089/.m2/org/springframework/spring-core/4.3.14.RELEASE/spring-core-4.3.14.RELEASE.jar:/root/./workspace/matheustf/testereclameaqui/366392089/.m2/org/springframework/spring-test/4.3.14.RELEASE/spring-test-4.3.14.RELEASE.jar:/root/./workspace/matheustf/testereclameaqui/366392089/.m2/org/apache/commons/commons-lang3/3.0/commons-lang3-3.0.jar:/root/./workspace/matheustf/testereclameaqui/366392089/.m2/com/google/code/gson/gson/2.3.1/gson-2.3.1.jar:/root/./workspace/matheustf/testereclameaqui/366392089/.m2/com/jayway/jsonpath/json-path/2.2.0/json-path-2.2.0.jar:/root/./workspace/matheustf/testereclameaqui/366392089/.m2/net/minidev/json-smart/2.2.1/json-smart-2.2.1.jar:/root/./workspace/matheustf/testereclameaqui/366392089/.m2/net/minidev/accessors-smart/1.1/accessors-smart-1.1.jar:/root/./workspace/matheustf/testereclameaqui/366392089/.m2/org/ow2/asm/asm/5.0.3/asm-5.0.3.jar:/root/./workspace/matheustf/testereclameaqui/366392089/.m2/org/projectlombok/lombok/1.16.20/lombok-1.16.20.jar:/root/./workspace/matheustf/testereclameaqui/366392089/.m2/org/modelmapper/modelmapper/1.1.0/modelmapper-1.1.0.jar:, java.specification.name=Java Platform API Specification, java.class.version=52.0, skip.bower=true, sun.management.compiler=HotSpot 64-Bit Tiered Compilers, maven.repo.local=/root/./workspace/matheustf/testereclameaqui/366392089/.m2, os.version=3.10.0-693.21.1.el7.x86_64, user.home=/root, user.timezone=Europe/Paris, java.awt.printerjob=sun.print.PSPrinterJob, file.encoding=UTF-8, java.specification.version=1.8, java.class.path=/root/workspace/matheustf/testereclameaqui/366392089/target/test-classes:/root/workspace/matheustf/testereclameaqui/366392089/target/classes:/root/./workspace/matheustf/testereclameaqui/366392089/.m2/org/springframework/boot/spring-boot-starter-web/1.5.10.RELEASE/spring-boot-starter-web-1.5.10.RELEASE.jar:/root/./workspace/matheustf/testereclameaqui/366392089/.m2/org/springframework/boot/spring-boot-starter/1.5.10.RELEASE/spring-boot-starter-1.5.10.RELEASE.jar:/root/./workspace/matheustf/testereclameaqui/366392089/.m2/org/springframework/boot/spring-boot-starter-logging/1.5.10.RELEASE/spring-boot-starter-logging-1.5.10.RELEASE.jar:/root/./workspace/matheustf/testereclameaqui/366392089/.m2/ch/qos/logback/logback-classic/1.1.11/logback-classic-1.1.11.jar:/root/./workspace/matheustf/testereclameaqui/366392089/.m2/ch/qos/logback/logback-core/1.1.11/logback-core-1.1.11.jar:/root/./workspace/matheustf/testereclameaqui/366392089/.m2/org/slf4j/jul-to-slf4j/1.7.25/jul-to-slf4j-1.7.25.jar:/root/./workspace/matheustf/testereclameaqui/366392089/.m2/org/slf4j/log4j-over-slf4j/1.7.25/log4j-over-slf4j-1.7.25.jar:/root/./workspace/matheustf/testereclameaqui/366392089/.m2/org/yaml/snakeyaml/1.17/snakeyaml-1.17.jar:/root/./workspace/matheustf/testereclameaqui/366392089/.m2/org/springframework/boot/spring-boot-starter-tomcat/1.5.10.RELEASE/spring-boot-starter-tomcat-1.5.10.RELEASE.jar:/root/./workspace/matheustf/testereclameaqui/366392089/.m2/org/apache/tomcat/embed/tomcat-embed-core/8.5.27/tomcat-embed-core-8.5.27.jar:/root/./workspace/matheustf/testereclameaqui/366392089/.m2/org/apache/tomcat/tomcat-annotations-api/8.5.27/tomcat-annotations-api-8.5.27.jar:/root/./workspace/matheustf/testereclameaqui/366392089/.m2/org/apache/tomcat/embed/tomcat-embed-el/8.5.27/tomcat-embed-el-8.5.27.jar:/root/./workspace/matheustf/testereclameaqui/366392089/.m2/org/apache/tomcat/embed/tomcat-embed-websocket/8.5.27/tomcat-embed-websocket-8.5.27.jar:/root/./workspace/matheustf/testereclameaqui/366392089/.m2/org/hibernate/hibernate-validator/5.3.6.Final/hibernate-validator-5.3.6.Final.jar:/root/./workspace/matheustf/testereclameaqui/366392089/.m2/javax/validation/validation-api/1.1.0.Final/validation-api-1.1.0.Final.jar:/root/./workspace/matheustf/testereclameaqui/366392089/.m2/org/jboss/logging/jboss-logging/3.3.1.Final/jboss-logging-3.3.1.Final.jar:/root/./workspace/matheustf/testereclameaqui/366392089/.m2/com/fasterxml/classmate/1.3.4/classmate-1.3.4.jar:/root/./workspace/matheustf/testereclameaqui/366392089/.m2/com/fasterxml/jackson/core/jackson-databind/2.8.10/jackson-databind-2.8.10.jar:/root/./workspace/matheustf/testereclameaqui/366392089/.m2/com/fasterxml/jackson/core/jackson-annotations/2.8.0/jackson-annotations-2.8.0.jar:/root/./workspace/matheustf/testereclameaqui/366392089/.m2/com/fasterxml/jackson/core/jackson-core/2.8.10/jackson-core-2.8.10.jar:/root/./workspace/matheustf/testereclameaqui/366392089/.m2/org/springframework/spring-web/4.3.14.RELEASE/spring-web-4.3.14.RELEASE.jar:/root/./workspace/matheustf/testereclameaqui/366392089/.m2/org/springframework/spring-aop/4.3.14.RELEASE/spring-aop-4.3.14.RELEASE.jar:/root/./workspace/matheustf/testereclameaqui/366392089/.m2/org/springframework/spring-beans/4.3.14.RELEASE/spring-beans-4.3.14.RELEASE.jar:/root/./workspace/matheustf/testereclameaqui/366392089/.m2/org/springframework/spring-context/4.3.14.RELEASE/spring-context-4.3.14.RELEASE.jar:/root/./workspace/matheustf/testereclameaqui/366392089/.m2/org/springframework/spring-webmvc/4.3.14.RELEASE/spring-webmvc-4.3.14.RELEASE.jar:/root/./workspace/matheustf/testereclameaqui/366392089/.m2/org/springframework/spring-expression/4.3.14.RELEASE/spring-expression-4.3.14.RELEASE.jar:/root/./workspace/matheustf/testereclameaqui/366392089/.m2/org/springframework/boot/spring-boot-starter-data-mongodb/1.5.10.RELEASE/spring-boot-starter-data-mongodb-1.5.10.RELEASE.jar:/root/./workspace/matheustf/testereclameaqui/366392089/.m2/org/mongodb/mongodb-driver/3.4.3/mongodb-driver-3.4.3.jar:/root/./workspace/matheustf/testereclameaqui/366392089/.m2/org/mongodb/mongodb-driver-core/3.4.3/mongodb-driver-core-3.4.3.jar:/root/./workspace/matheustf/testereclameaqui/366392089/.m2/org/mongodb/bson/3.4.3/bson-3.4.3.jar:/root/./workspace/matheustf/testereclameaqui/366392089/.m2/org/springframework/data/spring-data-mongodb/1.10.10.RELEASE/spring-data-mongodb-1.10.10.RELEASE.jar:/root/./workspace/matheustf/testereclameaqui/366392089/.m2/org/springframework/spring-tx/4.3.14.RELEASE/spring-tx-4.3.14.RELEASE.jar:/root/./workspace/matheustf/testereclameaqui/366392089/.m2/org/springframework/data/spring-data-commons/1.13.10.RELEASE/spring-data-commons-1.13.10.RELEASE.jar:/root/./workspace/matheustf/testereclameaqui/366392089/.m2/org/slf4j/jcl-over-slf4j/1.7.25/jcl-over-slf4j-1.7.25.jar:/root/./workspace/matheustf/testereclameaqui/366392089/.m2/com/mysema/querydsl/querydsl-apt/3.6.8/querydsl-apt-3.6.8.jar:/root/./workspace/matheustf/testereclameaqui/366392089/.m2/com/mysema/querydsl/querydsl-codegen/3.6.8/querydsl-codegen-3.6.8.jar:/root/./workspace/matheustf/testereclameaqui/366392089/.m2/com/mysema/codegen/codegen/0.6.8/codegen-0.6.8.jar:/root/./workspace/matheustf/testereclameaqui/366392089/.m2/org/eclipse/jdt/core/compiler/ecj/4.3.1/ecj-4.3.1.jar:/root/./workspace/matheustf/testereclameaqui/366392089/.m2/javax/inject/javax.inject/1/javax.inject-1.jar:/root/./workspace/matheustf/testereclameaqui/366392089/.m2/com/mysema/querydsl/querydsl-mongodb/3.6.8/querydsl-mongodb-3.6.8.jar:/root/./workspace/matheustf/testereclameaqui/366392089/.m2/org/mongodb/mongo-java-driver/3.4.3/mongo-java-driver-3.4.3.jar:/root/./workspace/matheustf/testereclameaqui/366392089/.m2/com/mysema/querydsl/querydsl-core/3.6.8/querydsl-core-3.6.8.jar:/root/./workspace/matheustf/testereclameaqui/366392089/.m2/com/google/guava/guava/18.0/guava-18.0.jar:/root/./workspace/matheustf/testereclameaqui/366392089/.m2/com/google/code/findbugs/jsr305/1.3.9/jsr305-1.3.9.jar:/root/./workspace/matheustf/testereclameaqui/366392089/.m2/com/mysema/commons/mysema-commons-lang/0.2.4/mysema-commons-lang-0.2.4.jar:/root/./workspace/matheustf/testereclameaqui/366392089/.m2/com/infradna/tool/bridge-method-annotation/1.13/bridge-method-annotation-1.13.jar:/root/./workspace/matheustf/testereclameaqui/366392089/.m2/org/slf4j/slf4j-api/1.7.25/slf4j-api-1.7.25.jar:/root/./workspace/matheustf/testereclameaqui/366392089/.m2/org/springframework/boot/spring-boot-devtools/1.5.10.RELEASE/spring-boot-devtools-1.5.10.RELEASE.jar:/root/./workspace/matheustf/testereclameaqui/366392089/.m2/org/springframework/boot/spring-boot/1.5.10.RELEASE/spring-boot-1.5.10.RELEASE.jar:/root/./workspace/matheustf/testereclameaqui/366392089/.m2/org/springframework/boot/spring-boot-autoconfigure/1.5.10.RELEASE/spring-boot-autoconfigure-1.5.10.RELEASE.jar:/root/./workspace/matheustf/testereclameaqui/366392089/.m2/com/h2database/h2/1.4.196/h2-1.4.196.jar:/root/./workspace/matheustf/testereclameaqui/366392089/.m2/org/springframework/boot/spring-boot-starter-test/1.5.2.RELEASE/spring-boot-starter-test-1.5.2.RELEASE.jar:/root/./workspace/matheustf/testereclameaqui/366392089/.m2/org/springframework/boot/spring-boot-test/1.5.10.RELEASE/spring-boot-test-1.5.10.RELEASE.jar:/root/./workspace/matheustf/testereclameaqui/366392089/.m2/org/springframework/boot/spring-boot-test-autoconfigure/1.5.10.RELEASE/spring-boot-test-autoconfigure-1.5.10.RELEASE.jar:/root/./workspace/matheustf/testereclameaqui/366392089/.m2/junit/junit/4.12/junit-4.12.jar:/root/./workspace/matheustf/testereclameaqui/366392089/.m2/org/assertj/assertj-core/2.6.0/assertj-core-2.6.0.jar:/root/./workspace/matheustf/testereclameaqui/366392089/.m2/org/mockito/mockito-core/1.10.19/mockito-core-1.10.19.jar:/root/./workspace/matheustf/testereclameaqui/366392089/.m2/org/objenesis/objenesis/2.1/objenesis-2.1.jar:/root/./workspace/matheustf/testereclameaqui/366392089/.m2/org/hamcrest/hamcrest-core/1.3/hamcrest-core-1.3.jar:/root/./workspace/matheustf/testereclameaqui/366392089/.m2/org/hamcrest/hamcrest-library/1.3/hamcrest-library-1.3.jar:/root/./workspace/matheustf/testereclameaqui/366392089/.m2/org/skyscreamer/jsonassert/1.4.0/jsonassert-1.4.0.jar:/root/./workspace/matheustf/testereclameaqui/366392089/.m2/com/vaadin/external/google/android-json/0.0.20131108.vaadin1/android-json-0.0.20131108.vaadin1.jar:/root/./workspace/matheustf/testereclameaqui/366392089/.m2/org/springframework/spring-core/4.3.14.RELEASE/spring-core-4.3.14.RELEASE.jar:/root/./workspace/matheustf/testereclameaqui/366392089/.m2/org/springframework/spring-test/4.3.14.RELEASE/spring-test-4.3.14.RELEASE.jar:/root/./workspace/matheustf/testereclameaqui/366392089/.m2/org/apache/commons/commons-lang3/3.0/commons-lang3-3.0.jar:/root/./workspace/matheustf/testereclameaqui/366392089/.m2/com/google/code/gson/gson/2.3.1/gson-2.3.1.jar:/root/./workspace/matheustf/testereclameaqui/366392089/.m2/com/jayway/jsonpath/json-path/2.2.0/json-path-2.2.0.jar:/root/./workspace/matheustf/testereclameaqui/366392089/.m2/net/minidev/json-smart/2.2.1/json-smart-2.2.1.jar:/root/./workspace/matheustf/testereclameaqui/366392089/.m2/net/minidev/accessors-smart/1.1/accessors-smart-1.1.jar:/root/./workspace/matheustf/testereclameaqui/366392089/.m2/org/ow2/asm/asm/5.0.3/asm-5.0.3.jar:/root/./workspace/matheustf/testereclameaqui/366392089/.m2/org/projectlombok/lombok/1.16.20/lombok-1.16.20.jar:/root/./workspace/matheustf/testereclameaqui/366392089/.m2/org/modelmapper/modelmapper/1.1.0/modelmapper-1.1.0.jar:, user.name=root, skipITs=true, java.vm.specification.version=1.8, sun.java.command=/root/workspace/matheustf/testereclameaqui/366392089/target/surefire/surefirebooter7970510946929481295.jar /root/workspace/matheustf/testereclameaqui/366392089/target/surefire/surefire8158554584075901419tmp /root/workspace/matheustf/testereclameaqui/366392089/target/surefire/surefire_02198353455941359451tmp, java.home=/usr/lib/jvm/java-8-openjdk-amd64/jre, sun.arch.data.model=64, user.language=en, java.specification.vendor=Oracle Corporation, awt.toolkit=sun.awt.X11.XToolkit, java.vm.info=mixed mode, java.version=1.8.0_121, java.ext.dirs=/usr/lib/jvm/java-8-openjdk-amd64/jre/lib/ext:/usr/java/packages/lib/ext, sun.boot.class.path=/usr/lib/jvm/java-8-openjdk-amd64/jre/lib/resources.jar:/usr/lib/jvm/java-8-openjdk-amd64/jre/lib/rt.jar:/usr/lib/jvm/java-8-openjdk-amd64/jre/lib/sunrsasign.jar:/usr/lib/jvm/java-8-openjdk-amd64/jre/lib/jsse.jar:/usr/lib/jvm/java-8-openjdk-amd64/jre/lib/jce.jar:/usr/lib/jvm/java-8-openjdk-amd64/jre/lib/charsets.jar:/usr/lib/jvm/java-8-openjdk-amd64/jre/lib/jfr.jar:/usr/lib/jvm/java-8-openjdk-amd64/jre/classes, rat.skip=true, enforcer.skip=true, java.vendor=Oracle Corporation, localRepository=/root/./workspace/matheustf/testereclameaqui/366392089/.m2, file.separator=/, java.vendor.url.bug=http://bugreport.sun.com/bugreport/, sun.io.unicode.encoding=UnicodeLittle, sun.cpu.endian=little, sun.cpu.isalist=}}, SystemEnvironmentPropertySource@1792826268 {name='systemEnvironment', properties={PATH=/usr/local/sbin:/usr/local/bin:/usr/sbin:/usr/bin:/sbin:/bin, JAVA_HOME=/usr/lib/jvm/java-8-openjdk-amd64, NOTIFY_TO=, CA_CERTIFICATES_JAVA_VERSION=20161107~bpo8+1, MONGODB_HOST=, BUILD_ID=, LANG=C.UTF-8, GITHUB_LOGIN=, MAVEN_HOME=/usr/share/maven, SMTP_SERVER=, MONGODB_NAME=, REPAIR_MODE=, PWD=/root/workspace/matheustf/testereclameaqui/366392089, GOOGLE_ACCESS_TOKEN=, JAVA_VERSION=8u121, GITHUB_OAUTH=, MAVEN_CMD_LINE_ARGS=/root/.m2 -D enforcer.skip=true -D skipITs=true -D cobertura.skip=true -D maven.repo.local=/root/./workspace/matheustf/testereclameaqui/366392089/.m2 -D rat.skip=true -D findbugs.skip=true -D skip.bower=true -D gpg.skip=true -D checkstyle.skip=true -D skip.gulp=true -D license.skip=true -D skip.npm=true test, _=/usr/bin/java, SPREADSHEET_ID=, OUTPUT=, MAVEN_TERMINATE_CMD=on, MAVEN_CONFIG=/root/.m2, MAVEN_PROJECTBASEDIR=/root/workspace/matheustf/testereclameaqui/366392089, OLDPWD=/root/workspace/matheustf/testereclameaqui/366392089, LOG_FILENAME=repairnator-pipeline_2018-04-14_0554_366392089, RUN_ID=, HOSTNAME=spirals-vortex.lille.inria.fr, JAVA_DEBIAN_VERSION=8u121-b13-1~bpo8+1, M2_HOME=/usr/share/maven, HOME=/root, SHLVL=1, PUSH_URL=}}]
05:55:23.340 [main] DEBUG org.springframework.core.env.MutablePropertySources - Adding PropertySource 'inline' with highest search precedence
05:55:23.349 [main] DEBUG org.springframework.test.context.support.TestPropertySourceUtils - Adding inlined properties to environment: {spring.jmx.enabled=false, org.springframework.boot.test.context.SpringBootTestContextBootstrapper=true, server.port=-1}
05:55:23.349 [main] DEBUG org.springframework.core.env.StandardEnvironment - Adding PropertySource 'Inlined Test Properties' with highest search precedence

  .   ____          _            __ _ _
 /\\ / ___'_ __ _ _(_)_ __  __ _ \ \ \ \
( ( )\___ | '_ | '_| | '_ \/ _` | \ \ \ \
 \\/  ___)| |_)| | | | | || (_| |  ) ) ) )
  '  |____| .__|_| |_|_| |_\__, | / / / /
 =========|_|==============|___/=/_/_/_/
 :: Spring Boot ::       (v1.5.10.RELEASE)

2018-04-14 05:55:23.763  INFO 302 --- [           main] b.c.r.teste.TesteApplicationTests        : Starting TesteApplicationTests on spirals-vortex.lille.inria.fr with PID 302 (started by root in /root/workspace/matheustf/testereclameaqui/366392089)
2018-04-14 05:55:23.764  INFO 302 --- [           main] b.c.r.teste.TesteApplicationTests        : No active profile set, falling back to default profiles: default
2018-04-14 05:55:23.845  INFO 302 --- [           main] o.s.w.c.s.GenericWebApplicationContext   : Refreshing org.springframework.web.context.support.GenericWebApplicationContext@b56c222: startup date [Sat Apr 14 05:55:23 CEST 2018]; root of context hierarchy
2018-04-14 05:55:24.429  INFO 302 --- [           main] o.s.b.f.s.DefaultListableBeanFactory     : Overriding bean definition for bean 'modelMapper' with a different definition: replacing [Root bean: class [null]; scope=; abstract=false; lazyInit=false; autowireMode=3; dependencyCheck=0; autowireCandidate=true; primary=false; factoryBeanName=clienteServiceImpl; factoryMethodName=modelMapper; initMethodName=null; destroyMethodName=(inferred); defined in class path resource [br/com/reclameaqui/teste/service/ClienteServiceImpl.class]] with [Root bean: class [null]; scope=; abstract=false; lazyInit=false; autowireMode=3; dependencyCheck=0; autowireCandidate=true; primary=false; factoryBeanName=reclamacaoServiceImpl; factoryMethodName=modelMapper; initMethodName=null; destroyMethodName=(inferred); defined in class path resource [br/com/reclameaqui/teste/service/ReclamacaoServiceImpl.class]]
2018-04-14 05:55:25.009  INFO 302 --- [           main] f.a.AutowiredAnnotationBeanPostProcessor : JSR-330 'javax.inject.Inject' annotation found and supported for autowiring
2018-04-14 05:55:25.134  INFO 302 --- [           main] trationDelegate$BeanPostProcessorChecker : Bean 'org.springframework.cache.annotation.ProxyCachingConfiguration' of type [org.springframework.cache.annotation.ProxyCachingConfiguration$$EnhancerBySpringCGLIB$$db859cdd] is not eligible for getting processed by all BeanPostProcessors (for example: not eligible for auto-proxying)
2018-04-14 05:55:25.179  INFO 302 --- [           main] trationDelegate$BeanPostProcessorChecker : Bean 'org.springframework.boot.autoconfigure.cache.CacheAutoConfiguration' of type [org.springframework.boot.autoconfigure.cache.CacheAutoConfiguration$$EnhancerBySpringCGLIB$$cff96181] is not eligible for getting processed by all BeanPostProcessors (for example: not eligible for auto-proxying)
2018-04-14 05:55:25.306  INFO 302 --- [           main] trationDelegate$BeanPostProcessorChecker : Bean 'spring.cache-org.springframework.boot.autoconfigure.cache.CacheProperties' of type [org.springframework.boot.autoconfigure.cache.CacheProperties] is not eligible for getting processed by all BeanPostProcessors (for example: not eligible for auto-proxying)
2018-04-14 05:55:25.315  INFO 302 --- [           main] trationDelegate$BeanPostProcessorChecker : Bean 'cacheManagerCustomizers' of type [org.springframework.boot.autoconfigure.cache.CacheManagerCustomizers] is not eligible for getting processed by all BeanPostProcessors (for example: not eligible for auto-proxying)
2018-04-14 05:55:25.318  INFO 302 --- [           main] trationDelegate$BeanPostProcessorChecker : Bean 'org.springframework.boot.autoconfigure.cache.SimpleCacheConfiguration' of type [org.springframework.boot.autoconfigure.cache.SimpleCacheConfiguration$$EnhancerBySpringCGLIB$$7194d462] is not eligible for getting processed by all BeanPostProcessors (for example: not eligible for auto-proxying)
2018-04-14 05:55:25.329  INFO 302 --- [           main] trationDelegate$BeanPostProcessorChecker : Bean 'cacheManager' of type [org.springframework.cache.concurrent.ConcurrentMapCacheManager] is not eligible for getting processed by all BeanPostProcessors (for example: not eligible for auto-proxying)
2018-04-14 05:55:25.329  INFO 302 --- [           main] trationDelegate$BeanPostProcessorChecker : Bean 'cacheAutoConfigurationValidator' of type [org.springframework.boot.autoconfigure.cache.CacheAutoConfiguration$CacheManagerValidator] is not eligible for getting processed by all BeanPostProcessors (for example: not eligible for auto-proxying)
2018-04-14 05:55:25.646  INFO 302 --- [           main] org.mongodb.driver.cluster               : Cluster created with settings {hosts=[localhost:27017], mode=MULTIPLE, requiredClusterType=UNKNOWN, serverSelectionTimeout='30000 ms', maxWaitQueueSize=500}
2018-04-14 05:55:25.647  INFO 302 --- [           main] org.mongodb.driver.cluster               : Adding discovered server localhost:27017 to client view of cluster
2018-04-14 05:55:25.742  INFO 302 --- [localhost:27017] org.mongodb.driver.cluster               : Exception in monitor thread while connecting to server localhost:27017

com.mongodb.MongoSocketOpenException: Exception opening socket
	at com.mongodb.connection.SocketStream.open(SocketStream.java:63) ~[mongodb-driver-core-3.4.3.jar:na]
	at com.mongodb.connection.InternalStreamConnection.open(InternalStreamConnection.java:115) ~[mongodb-driver-core-3.4.3.jar:na]
	at com.mongodb.connection.DefaultServerMonitor$ServerMonitorRunnable.run(DefaultServerMonitor.java:113) ~[mongodb-driver-core-3.4.3.jar:na]
	at java.lang.Thread.run(Thread.java:745) [na:1.8.0_121]
Caused by: java.net.ConnectException: Connection refused (Connection refused)
	at java.net.PlainSocketImpl.socketConnect(Native Method) ~[na:1.8.0_121]
	at java.net.AbstractPlainSocketImpl.doConnect(AbstractPlainSocketImpl.java:350) ~[na:1.8.0_121]
	at java.net.AbstractPlainSocketImpl.connectToAddress(AbstractPlainSocketImpl.java:206) ~[na:1.8.0_121]
	at java.net.AbstractPlainSocketImpl.connect(AbstractPlainSocketImpl.java:188) ~[na:1.8.0_121]
	at java.net.SocksSocketImpl.connect(SocksSocketImpl.java:392) ~[na:1.8.0_121]
	at java.net.Socket.connect(Socket.java:589) ~[na:1.8.0_121]
	at com.mongodb.connection.SocketStreamHelper.initialize(SocketStreamHelper.java:57) ~[mongodb-driver-core-3.4.3.jar:na]
	at com.mongodb.connection.SocketStream.open(SocketStream.java:58) ~[mongodb-driver-core-3.4.3.jar:na]
	... 3 common frames omitted

2018-04-14 05:55:26.939  INFO 302 --- [           main] s.w.s.m.m.a.RequestMappingHandlerAdapter : Looking for @ControllerAdvice: org.springframework.web.context.support.GenericWebApplicationContext@b56c222: startup date [Sat Apr 14 05:55:23 CEST 2018]; root of context hierarchy
2018-04-14 05:55:27.039  INFO 302 --- [           main] s.w.s.m.m.a.RequestMappingHandlerMapping : Mapped "{[/clientes]}" onto public org.springframework.http.ResponseEntity<java.util.List<br.com.reclameaqui.teste.dtos.ClienteDTO>> br.com.reclameaqui.teste.controller.ClienteController.buscarTodasClientes()
2018-04-14 05:55:27.041  INFO 302 --- [           main] s.w.s.m.m.a.RequestMappingHandlerMapping : Mapped "{[/teste]}" onto public java.lang.String br.com.reclameaqui.teste.controller.ClienteController.teste()
2018-04-14 05:55:27.041  INFO 302 --- [           main] s.w.s.m.m.a.RequestMappingHandlerMapping : Mapped "{[/cliente/{id}],methods=[GET]}" onto public org.springframework.http.ResponseEntity<br.com.reclameaqui.teste.dtos.ClienteDTO> br.com.reclameaqui.teste.controller.ClienteController.consultar(java.lang.String)
2018-04-14 05:55:27.042  INFO 302 --- [           main] s.w.s.m.m.a.RequestMappingHandlerMapping : Mapped "{[/cliente/cpf/{cpf}],methods=[GET]}" onto public org.springframework.http.ResponseEntity<br.com.reclameaqui.teste.dtos.ClienteDTO> br.com.reclameaqui.teste.controller.ClienteController.consultarPorCpf(java.lang.String)
2018-04-14 05:55:27.042  INFO 302 --- [           main] s.w.s.m.m.a.RequestMappingHandlerMapping : Mapped "{[/cliente],methods=[POST]}" onto public org.springframework.http.ResponseEntity<br.com.reclameaqui.teste.dtos.ClienteDTO> br.com.reclameaqui.teste.controller.ClienteController.incluir(br.com.reclameaqui.teste.dtos.ClienteDTO)
2018-04-14 05:55:27.042  INFO 302 --- [           main] s.w.s.m.m.a.RequestMappingHandlerMapping : Mapped "{[/cliente/{id}],methods=[PUT]}" onto public org.springframework.http.ResponseEntity<br.com.reclameaqui.teste.dtos.ClienteDTO> br.com.reclameaqui.teste.controller.ClienteController.atualizar(java.lang.String,br.com.reclameaqui.teste.dtos.ClienteDTO)
2018-04-14 05:55:27.043  INFO 302 --- [           main] s.w.s.m.m.a.RequestMappingHandlerMapping : Mapped "{[/cliente/cpf/{cpf}],methods=[PUT]}" onto public org.springframework.http.ResponseEntity<br.com.reclameaqui.teste.dtos.ClienteDTO> br.com.reclameaqui.teste.controller.ClienteController.atualizarPorCpf(java.lang.String,br.com.reclameaqui.teste.dtos.ClienteDTO)
2018-04-14 05:55:27.043  INFO 302 --- [           main] s.w.s.m.m.a.RequestMappingHandlerMapping : Mapped "{[/cliente/{id}],methods=[DELETE]}" onto public org.springframework.http.ResponseEntity<br.com.reclameaqui.teste.dtos.ClienteDTO> br.com.reclameaqui.teste.controller.ClienteController.deletar(java.lang.String)
2018-04-14 05:55:27.043  INFO 302 --- [           main] s.w.s.m.m.a.RequestMappingHandlerMapping : Mapped "{[/cliente/cpf/{cpf}],methods=[DELETE]}" onto public org.springframework.http.ResponseEntity<br.com.reclameaqui.teste.dtos.ClienteDTO> br.com.reclameaqui.teste.controller.ClienteController.deletarPorCpf(java.lang.String)
2018-04-14 05:55:27.044  INFO 302 --- [           main] s.w.s.m.m.a.RequestMappingHandlerMapping : Mapped "{[/clientes/consultar/reclamantes],methods=[POST]}" onto public org.springframework.http.ResponseEntity<br.com.reclameaqui.teste.dtos.ReclamantesResponseDTO> br.com.reclameaqui.teste.controller.ClienteController.buscarClientesQueReclamam(br.com.reclameaqui.teste.dtos.ReclamantesRequestDTO)
2018-04-14 05:55:27.046  INFO 302 --- [           main] s.w.s.m.m.a.RequestMappingHandlerMapping : Mapped "{[/reclamacao/{idReclamacao}],methods=[GET]}" onto public org.springframework.http.ResponseEntity<br.com.reclameaqui.teste.dtos.ReclamacaoDTO> br.com.reclameaqui.teste.controller.ReclamacaoController.consultar(java.lang.String) throws br.com.reclameaqui.teste.exceptions.ReclamacaoException,br.com.reclameaqui.teste.exceptions.CampoNaoEncontradoException
2018-04-14 05:55:27.046  INFO 302 --- [           main] s.w.s.m.m.a.RequestMappingHandlerMapping : Mapped "{[/reclamacoes],methods=[GET]}" onto public java.util.List<br.com.reclameaqui.teste.dtos.ReclamacaoDTO> br.com.reclameaqui.teste.controller.ReclamacaoController.buscarTodasReclamacoes()
2018-04-14 05:55:27.047  INFO 302 --- [           main] s.w.s.m.m.a.RequestMappingHandlerMapping : Mapped "{[/reclamacao],methods=[POST]}" onto public org.springframework.http.ResponseEntity<br.com.reclameaqui.teste.dtos.ReclamacaoDTO> br.com.reclameaqui.teste.controller.ReclamacaoController.incluir(br.com.reclameaqui.teste.dtos.ReclamacaoDTO) throws br.com.reclameaqui.teste.exceptions.ReclamacaoException,br.com.reclameaqui.teste.exceptions.CampoObrigatorioException
2018-04-14 05:55:27.047  INFO 302 --- [           main] s.w.s.m.m.a.RequestMappingHandlerMapping : Mapped "{[/reclamacao/{id}],methods=[PUT]}" onto public org.springframework.http.ResponseEntity<br.com.reclameaqui.teste.dtos.ReclamacaoDTO> br.com.reclameaqui.teste.controller.ReclamacaoController.atualizar(java.lang.String,br.com.reclameaqui.teste.dtos.ReclamacaoDTO)
2018-04-14 05:55:27.048  INFO 302 --- [           main] s.w.s.m.m.a.RequestMappingHandlerMapping : Mapped "{[/reclamacao/{id}],methods=[DELETE]}" onto public org.springframework.http.ResponseEntity<br.com.reclameaqui.teste.dtos.ReclamacaoDTO> br.com.reclameaqui.teste.controller.ReclamacaoController.deletar(java.lang.String) throws br.com.reclameaqui.teste.exceptions.ReclamacaoException,br.com.reclameaqui.teste.exceptions.CampoObrigatorioException
2018-04-14 05:55:27.050  INFO 302 --- [           main] s.w.s.m.m.a.RequestMappingHandlerMapping : Mapped "{[/error],produces=[text/html]}" onto public org.springframework.web.servlet.ModelAndView org.springframework.boot.autoconfigure.web.BasicErrorController.errorHtml(javax.servlet.http.HttpServletRequest,javax.servlet.http.HttpServletResponse)
2018-04-14 05:55:27.051  INFO 302 --- [           main] s.w.s.m.m.a.RequestMappingHandlerMapping : Mapped "{[/error]}" onto public org.springframework.http.ResponseEntity<java.util.Map<java.lang.String, java.lang.Object>> org.springframework.boot.autoconfigure.web.BasicErrorController.error(javax.servlet.http.HttpServletRequest)
2018-04-14 05:55:27.089  INFO 302 --- [           main] o.s.w.s.handler.SimpleUrlHandlerMapping  : Mapped URL path [/webjars/**] onto handler of type [class org.springframework.web.servlet.resource.ResourceHttpRequestHandler]
2018-04-14 05:55:27.089  INFO 302 --- [           main] o.s.w.s.handler.SimpleUrlHandlerMapping  : Mapped URL path [/**] onto handler of type [class org.springframework.web.servlet.resource.ResourceHttpRequestHandler]
2018-04-14 05:55:27.135  INFO 302 --- [           main] o.s.w.s.handler.SimpleUrlHandlerMapping  : Mapped URL path [/**/favicon.ico] onto handler of type [class org.springframework.web.servlet.resource.ResourceHttpRequestHandler]
2018-04-14 05:55:27.354  INFO 302 --- [           main] o.s.j.e.a.AnnotationMBeanExporter        : Registering beans for JMX exposure on startup
2018-04-14 05:55:27.411  INFO 302 --- [           main] org.mongodb.driver.cluster               : No server chosen by WritableServerSelector from cluster description ClusterDescription{type=UNKNOWN, connectionMode=MULTIPLE, serverDescriptions=[ServerDescription{address=localhost:27017, type=UNKNOWN, state=CONNECTING, exception={com.mongodb.MongoSocketOpenException: Exception opening socket}, caused by {java.net.ConnectException: Connection refused (Connection refused)}}]}. Waiting for 30000 ms before timing out
2018-04-14 05:55:57.426  INFO 302 --- [           main] utoConfigurationReportLoggingInitializer : 

Error starting ApplicationContext. To display the auto-configuration report re-run your application with 'debug' enabled.
2018-04-14 05:55:57.437 ERROR 302 --- [           main] o.s.boot.SpringApplication               : Application startup failed

java.lang.IllegalStateException: Failed to execute CommandLineRunner
	at org.springframework.boot.SpringApplication.callRunner(SpringApplication.java:735) ~[spring-boot-1.5.10.RELEASE.jar:1.5.10.RELEASE]
	at org.springframework.boot.SpringApplication.callRunners(SpringApplication.java:716) ~[spring-boot-1.5.10.RELEASE.jar:1.5.10.RELEASE]
	at org.springframework.boot.SpringApplication.afterRefresh(SpringApplication.java:703) ~[spring-boot-1.5.10.RELEASE.jar:1.5.10.RELEASE]
	at org.springframework.boot.SpringApplication.run(SpringApplication.java:304) ~[spring-boot-1.5.10.RELEASE.jar:1.5.10.RELEASE]
	at org.springframework.boot.test.context.SpringBootContextLoader.loadContext(SpringBootContextLoader.java:120) [spring-boot-test-1.5.10.RELEASE.jar:1.5.10.RELEASE]
	at org.springframework.test.context.cache.DefaultCacheAwareContextLoaderDelegate.loadContextInternal(DefaultCacheAwareContextLoaderDelegate.java:98) [spring-test-4.3.14.RELEASE.jar:4.3.14.RELEASE]
	at org.springframework.test.context.cache.DefaultCacheAwareContextLoaderDelegate.loadContext(DefaultCacheAwareContextLoaderDelegate.java:116) [spring-test-4.3.14.RELEASE.jar:4.3.14.RELEASE]
	at org.springframework.test.context.support.DefaultTestContext.getApplicationContext(DefaultTestContext.java:83) [spring-test-4.3.14.RELEASE.jar:4.3.14.RELEASE]
	at org.springframework.test.context.web.ServletTestExecutionListener.setUpRequestContextIfNecessary(ServletTestExecutionListener.java:189) [spring-test-4.3.14.RELEASE.jar:4.3.14.RELEASE]
	at org.springframework.test.context.web.ServletTestExecutionListener.prepareTestInstance(ServletTestExecutionListener.java:131) [spring-test-4.3.14.RELEASE.jar:4.3.14.RELEASE]
	at org.springframework.test.context.TestContextManager.prepareTestInstance(TestContextManager.java:230) [spring-test-4.3.14.RELEASE.jar:4.3.14.RELEASE]
	at org.springframework.test.context.junit4.SpringJUnit4ClassRunner.createTest(SpringJUnit4ClassRunner.java:228) [spring-test-4.3.14.RELEASE.jar:4.3.14.RELEASE]
	at org.springframework.test.context.junit4.SpringJUnit4ClassRunner$1.runReflectiveCall(SpringJUnit4ClassRunner.java:287) [spring-test-4.3.14.RELEASE.jar:4.3.14.RELEASE]
	at org.junit.internal.runners.model.ReflectiveCallable.run(ReflectiveCallable.java:12) [junit-4.12.jar:4.12]
	at org.springframework.test.context.junit4.SpringJUnit4ClassRunner.methodBlock(SpringJUnit4ClassRunner.java:289) [spring-test-4.3.14.RELEASE.jar:4.3.14.RELEASE]
	at org.springframework.test.context.junit4.SpringJUnit4ClassRunner.runChild(SpringJUnit4ClassRunner.java:247) [spring-test-4.3.14.RELEASE.jar:4.3.14.RELEASE]
	at org.springframework.test.context.junit4.SpringJUnit4ClassRunner.runChild(SpringJUnit4ClassRunner.java:94) [spring-test-4.3.14.RELEASE.jar:4.3.14.RELEASE]
	at org.junit.runners.ParentRunner$3.run(ParentRunner.java:290) [junit-4.12.jar:4.12]
	at org.junit.runners.ParentRunner$1.schedule(ParentRunner.java:71) [junit-4.12.jar:4.12]
	at org.junit.runners.ParentRunner.runChildren(ParentRunner.java:288) [junit-4.12.jar:4.12]
	at org.junit.runners.ParentRunner.access$000(ParentRunner.java:58) [junit-4.12.jar:4.12]
	at org.junit.runners.ParentRunner$2.evaluate(ParentRunner.java:268) [junit-4.12.jar:4.12]
	at org.springframework.test.context.junit4.statements.RunBeforeTestClassCallbacks.evaluate(RunBeforeTestClassCallbacks.java:61) [spring-test-4.3.14.RELEASE.jar:4.3.14.RELEASE]
	at org.springframework.test.context.junit4.statements.RunAfterTestClassCallbacks.evaluate(RunAfterTestClassCallbacks.java:70) [spring-test-4.3.14.RELEASE.jar:4.3.14.RELEASE]
	at org.junit.runners.ParentRunner.run(ParentRunner.java:363) [junit-4.12.jar:4.12]
	at org.springframework.test.context.junit4.SpringJUnit4ClassRunner.run(SpringJUnit4ClassRunner.java:191) [spring-test-4.3.14.RELEASE.jar:4.3.14.RELEASE]
	at org.apache.maven.surefire.junit4.JUnit4Provider.execute(JUnit4Provider.java:283) [surefire-junit4-2.18.1.jar:2.18.1]
	at org.apache.maven.surefire.junit4.JUnit4Provider.executeWithRerun(JUnit4Provider.java:173) [surefire-junit4-2.18.1.jar:2.18.1]
	at org.apache.maven.surefire.junit4.JUnit4Provider.executeTestSet(JUnit4Provider.java:153) [surefire-junit4-2.18.1.jar:2.18.1]
	at org.apache.maven.surefire.junit4.JUnit4Provider.invoke(JUnit4Provider.java:128) [surefire-junit4-2.18.1.jar:2.18.1]
	at org.apache.maven.surefire.booter.ForkedBooter.invokeProviderInSameClassLoader(ForkedBooter.java:203) [surefire-booter-2.18.1.jar:2.18.1]
	at org.apache.maven.surefire.booter.ForkedBooter.runSuitesInProcess(ForkedBooter.java:155) [surefire-booter-2.18.1.jar:2.18.1]
	at org.apache.maven.surefire.booter.ForkedBooter.main(ForkedBooter.java:103) [surefire-booter-2.18.1.jar:2.18.1]
Caused by: org.springframework.dao.DataAccessResourceFailureException: Timed out after 30000 ms while waiting for a server that matches WritableServerSelector. Client view of cluster state is {type=UNKNOWN, servers=[{address=localhost:27017, type=UNKNOWN, state=CONNECTING, exception={com.mongodb.MongoSocketOpenException: Exception opening socket}, caused by {java.net.ConnectException: Connection refused (Connection refused)}}]; nested exception is com.mongodb.MongoTimeoutException: Timed out after 30000 ms while waiting for a server that matches WritableServerSelector. Client view of cluster state is {type=UNKNOWN, servers=[{address=localhost:27017, type=UNKNOWN, state=CONNECTING, exception={com.mongodb.MongoSocketOpenException: Exception opening socket}, caused by {java.net.ConnectException: Connection refused (Connection refused)}}]
	at org.springframework.data.mongodb.core.MongoExceptionTranslator.translateExceptionIfPossible(MongoExceptionTranslator.java:77) ~[spring-data-mongodb-1.10.10.RELEASE.jar:na]
	at org.springframework.data.mongodb.core.MongoTemplate.potentiallyConvertRuntimeException(MongoTemplate.java:2139) ~[spring-data-mongodb-1.10.10.RELEASE.jar:na]
	at org.springframework.data.mongodb.core.MongoTemplate.execute(MongoTemplate.java:484) ~[spring-data-mongodb-1.10.10.RELEASE.jar:na]
	at org.springframework.data.mongodb.core.MongoTemplate.doRemove(MongoTemplate.java:1336) ~[spring-data-mongodb-1.10.10.RELEASE.jar:na]
	at org.springframework.data.mongodb.core.MongoTemplate.remove(MongoTemplate.java:1322) ~[spring-data-mongodb-1.10.10.RELEASE.jar:na]
	at org.springframework.data.mongodb.core.MongoTemplate.remove(MongoTemplate.java:1314) ~[spring-data-mongodb-1.10.10.RELEASE.jar:na]
	at org.springframework.data.mongodb.repository.support.SimpleMongoRepository.deleteAll(SimpleMongoRepository.java:189) ~[spring-data-mongodb-1.10.10.RELEASE.jar:na]
	at sun.reflect.NativeMethodAccessorImpl.invoke0(Native Method) ~[na:1.8.0_121]
	at sun.reflect.NativeMethodAccessorImpl.invoke(NativeMethodAccessorImpl.java:62) ~[na:1.8.0_121]
	at sun.reflect.DelegatingMethodAccessorImpl.invoke(DelegatingMethodAccessorImpl.java:43) ~[na:1.8.0_121]
	at java.lang.reflect.Method.invoke(Method.java:498) ~[na:1.8.0_121]
	at org.springframework.data.repository.core.support.RepositoryFactorySupport$QueryExecutorMethodInterceptor.executeMethodOn(RepositoryFactorySupport.java:513) ~[spring-data-commons-1.13.10.RELEASE.jar:na]
	at org.springframework.data.repository.core.support.RepositoryFactorySupport$QueryExecutorMethodInterceptor.doInvoke(RepositoryFactorySupport.java:498) ~[spring-data-commons-1.13.10.RELEASE.jar:na]
	at org.springframework.data.repository.core.support.RepositoryFactorySupport$QueryExecutorMethodInterceptor.invoke(RepositoryFactorySupport.java:475) ~[spring-data-commons-1.13.10.RELEASE.jar:na]
	at org.springframework.aop.framework.ReflectiveMethodInvocation.proceed(ReflectiveMethodInvocation.java:179) ~[spring-aop-4.3.14.RELEASE.jar:4.3.14.RELEASE]
	at org.springframework.data.projection.DefaultMethodInvokingMethodInterceptor.invoke(DefaultMethodInvokingMethodInterceptor.java:56) ~[spring-data-commons-1.13.10.RELEASE.jar:na]
	at org.springframework.aop.framework.ReflectiveMethodInvocation.proceed(ReflectiveMethodInvocation.java:179) ~[spring-aop-4.3.14.RELEASE.jar:4.3.14.RELEASE]
	at org.springframework.aop.interceptor.ExposeInvocationInterceptor.invoke(ExposeInvocationInterceptor.java:92) ~[spring-aop-4.3.14.RELEASE.jar:4.3.14.RELEASE]
	at org.springframework.aop.framework.ReflectiveMethodInvocation.proceed(ReflectiveMethodInvocation.java:179) ~[spring-aop-4.3.14.RELEASE.jar:4.3.14.RELEASE]
	at org.springframework.data.repository.core.support.SurroundingTransactionDetectorMethodInterceptor.invoke(SurroundingTransactionDetectorMethodInterceptor.java:57) ~[spring-data-commons-1.13.10.RELEASE.jar:na]
	at org.springframework.aop.framework.ReflectiveMethodInvocation.proceed(ReflectiveMethodInvocation.java:179) ~[spring-aop-4.3.14.RELEASE.jar:4.3.14.RELEASE]
	at org.springframework.aop.framework.JdkDynamicAopProxy.invoke(JdkDynamicAopProxy.java:213) ~[spring-aop-4.3.14.RELEASE.jar:4.3.14.RELEASE]
	at com.sun.proxy.$Proxy89.deleteAll(Unknown Source) ~[na:na]
	at sun.reflect.NativeMethodAccessorImpl.invoke0(Native Method) ~[na:1.8.0_121]
	at sun.reflect.NativeMethodAccessorImpl.invoke(NativeMethodAccessorImpl.java:62) ~[na:1.8.0_121]
	at sun.reflect.DelegatingMethodAccessorImpl.invoke(DelegatingMethodAccessorImpl.java:43) ~[na:1.8.0_121]
	at java.lang.reflect.Method.invoke(Method.java:498) ~[na:1.8.0_121]
	at org.springframework.aop.support.AopUtils.invokeJoinpointUsingReflection(AopUtils.java:333) ~[spring-aop-4.3.14.RELEASE.jar:4.3.14.RELEASE]
	at org.springframework.aop.framework.ReflectiveMethodInvocation.invokeJoinpoint(ReflectiveMethodInvocation.java:190) ~[spring-aop-4.3.14.RELEASE.jar:4.3.14.RELEASE]
	at org.springframework.aop.framework.ReflectiveMethodInvocation.proceed(ReflectiveMethodInvocation.java:157) ~[spring-aop-4.3.14.RELEASE.jar:4.3.14.RELEASE]
	at org.springframework.dao.support.PersistenceExceptionTranslationInterceptor.invoke(PersistenceExceptionTranslationInterceptor.java:136) ~[spring-tx-4.3.14.RELEASE.jar:4.3.14.RELEASE]
	at org.springframework.aop.framework.ReflectiveMethodInvocation.proceed(ReflectiveMethodInvocation.java:179) ~[spring-aop-4.3.14.RELEASE.jar:4.3.14.RELEASE]
	at org.springframework.aop.framework.JdkDynamicAopProxy.invoke(JdkDynamicAopProxy.java:213) ~[spring-aop-4.3.14.RELEASE.jar:4.3.14.RELEASE]
	at com.sun.proxy.$Proxy89.deleteAll(Unknown Source) ~[na:na]
	at br.com.reclameaqui.teste.TesteApplication.run(TesteApplication.java:38) ~[classes/:na]
	at org.springframework.boot.SpringApplication.callRunner(SpringApplication.java:732) ~[spring-boot-1.5.10.RELEASE.jar:1.5.10.RELEASE]
	... 32 common frames omitted
Caused by: com.mongodb.MongoTimeoutException: Timed out after 30000 ms while waiting for a server that matches WritableServerSelector. Client view of cluster state is {type=UNKNOWN, servers=[{address=localhost:27017, type=UNKNOWN, state=CONNECTING, exception={com.mongodb.MongoSocketOpenException: Exception opening socket}, caused by {java.net.ConnectException: Connection refused (Connection refused)}}]
	at com.mongodb.connection.BaseCluster.createTimeoutException(BaseCluster.java:377) ~[mongodb-driver-core-3.4.3.jar:na]
	at com.mongodb.connection.BaseCluster.selectServer(BaseCluster.java:104) ~[mongodb-driver-core-3.4.3.jar:na]
	at com.mongodb.binding.ClusterBinding$ClusterBindingConnectionSource.<init>(ClusterBinding.java:75) ~[mongodb-driver-core-3.4.3.jar:na]
	at com.mongodb.binding.ClusterBinding$ClusterBindingConnectionSource.<init>(ClusterBinding.java:71) ~[mongodb-driver-core-3.4.3.jar:na]
	at com.mongodb.binding.ClusterBinding.getWriteConnectionSource(ClusterBinding.java:68) ~[mongodb-driver-core-3.4.3.jar:na]
	at com.mongodb.operation.OperationHelper.withConnection(OperationHelper.java:415) ~[mongodb-driver-core-3.4.3.jar:na]
	at com.mongodb.operation.BaseWriteOperation.execute(BaseWriteOperation.java:133) ~[mongodb-driver-core-3.4.3.jar:na]
	at com.mongodb.operation.BaseWriteOperation.execute(BaseWriteOperation.java:60) ~[mongodb-driver-core-3.4.3.jar:na]
	at com.mongodb.Mongo.execute(Mongo.java:845) ~[mongodb-driver-3.4.3.jar:na]
	at com.mongodb.Mongo$2.execute(Mongo.java:828) ~[mongodb-driver-3.4.3.jar:na]
	at com.mongodb.DBCollection.executeWriteOperation(DBCollection.java:342) ~[mongodb-driver-3.4.3.jar:na]
	at com.mongodb.DBCollection.remove(DBCollection.java:634) ~[mongodb-driver-3.4.3.jar:na]
	at com.mongodb.DBCollection.remove(DBCollection.java:598) ~[mongodb-driver-3.4.3.jar:na]
	at com.mongodb.DBCollection.remove(DBCollection.java:583) ~[mongodb-driver-3.4.3.jar:na]
	at org.springframework.data.mongodb.core.MongoTemplate$13.doInCollection(MongoTemplate.java:1352) ~[spring-data-mongodb-1.10.10.RELEASE.jar:na]
	at org.springframework.data.mongodb.core.MongoTemplate$13.doInCollection(MongoTemplate.java:1336) ~[spring-data-mongodb-1.10.10.RELEASE.jar:na]
	at org.springframework.data.mongodb.core.MongoTemplate.execute(MongoTemplate.java:482) ~[spring-data-mongodb-1.10.10.RELEASE.jar:na]
	... 65 common frames omitted

2018-04-14 05:55:57.441  INFO 302 --- [           main] o.s.w.c.s.GenericWebApplicationContext   : Closing org.springframework.web.context.support.GenericWebApplicationContext@b56c222: startup date [Sat Apr 14 05:55:23 CEST 2018]; root of context hierarchy
2018-04-14 05:55:57.444  INFO 302 --- [           main] o.s.j.e.a.AnnotationMBeanExporter        : Unregistering JMX-exposed beans on shutdown
2018-04-14 05:55:57.451 ERROR 302 --- [           main] o.s.test.context.TestContextManager      : Caught exception while allowing TestExecutionListener [org.springframework.test.context.web.ServletTestExecutionListener@32e652b6] to prepare test instance [br.com.reclameaqui.teste.TesteApplicationTests@37c60737]

java.lang.IllegalStateException: Failed to load ApplicationContext
	at org.springframework.test.context.cache.DefaultCacheAwareContextLoaderDelegate.loadContext(DefaultCacheAwareContextLoaderDelegate.java:124) ~[spring-test-4.3.14.RELEASE.jar:4.3.14.RELEASE]
	at org.springframework.test.context.support.DefaultTestContext.getApplicationContext(DefaultTestContext.java:83) ~[spring-test-4.3.14.RELEASE.jar:4.3.14.RELEASE]
	at org.springframework.test.context.web.ServletTestExecutionListener.setUpRequestContextIfNecessary(ServletTestExecutionListener.java:189) ~[spring-test-4.3.14.RELEASE.jar:4.3.14.RELEASE]
	at org.springframework.test.context.web.ServletTestExecutionListener.prepareTestInstance(ServletTestExecutionListener.java:131) ~[spring-test-4.3.14.RELEASE.jar:4.3.14.RELEASE]
	at org.springframework.test.context.TestContextManager.prepareTestInstance(TestContextManager.java:230) ~[spring-test-4.3.14.RELEASE.jar:4.3.14.RELEASE]
	at org.springframework.test.context.junit4.SpringJUnit4ClassRunner.createTest(SpringJUnit4ClassRunner.java:228) [spring-test-4.3.14.RELEASE.jar:4.3.14.RELEASE]
	at org.springframework.test.context.junit4.SpringJUnit4ClassRunner$1.runReflectiveCall(SpringJUnit4ClassRunner.java:287) [spring-test-4.3.14.RELEASE.jar:4.3.14.RELEASE]
	at org.junit.internal.runners.model.ReflectiveCallable.run(ReflectiveCallable.java:12) [junit-4.12.jar:4.12]
	at org.springframework.test.context.junit4.SpringJUnit4ClassRunner.methodBlock(SpringJUnit4ClassRunner.java:289) [spring-test-4.3.14.RELEASE.jar:4.3.14.RELEASE]
	at org.springframework.test.context.junit4.SpringJUnit4ClassRunner.runChild(SpringJUnit4ClassRunner.java:247) [spring-test-4.3.14.RELEASE.jar:4.3.14.RELEASE]
	at org.springframework.test.context.junit4.SpringJUnit4ClassRunner.runChild(SpringJUnit4ClassRunner.java:94) [spring-test-4.3.14.RELEASE.jar:4.3.14.RELEASE]
	at org.junit.runners.ParentRunner$3.run(ParentRunner.java:290) [junit-4.12.jar:4.12]
	at org.junit.runners.ParentRunner$1.schedule(ParentRunner.java:71) [junit-4.12.jar:4.12]
	at org.junit.runners.ParentRunner.runChildren(ParentRunner.java:288) [junit-4.12.jar:4.12]
	at org.junit.runners.ParentRunner.access$000(ParentRunner.java:58) [junit-4.12.jar:4.12]
	at org.junit.runners.ParentRunner$2.evaluate(ParentRunner.java:268) [junit-4.12.jar:4.12]
	at org.springframework.test.context.junit4.statements.RunBeforeTestClassCallbacks.evaluate(RunBeforeTestClassCallbacks.java:61) [spring-test-4.3.14.RELEASE.jar:4.3.14.RELEASE]
	at org.springframework.test.context.junit4.statements.RunAfterTestClassCallbacks.evaluate(RunAfterTestClassCallbacks.java:70) [spring-test-4.3.14.RELEASE.jar:4.3.14.RELEASE]
	at org.junit.runners.ParentRunner.run(ParentRunner.java:363) [junit-4.12.jar:4.12]
	at org.springframework.test.context.junit4.SpringJUnit4ClassRunner.run(SpringJUnit4ClassRunner.java:191) [spring-test-4.3.14.RELEASE.jar:4.3.14.RELEASE]
	at org.apache.maven.surefire.junit4.JUnit4Provider.execute(JUnit4Provider.java:283) [surefire-junit4-2.18.1.jar:2.18.1]
	at org.apache.maven.surefire.junit4.JUnit4Provider.executeWithRerun(JUnit4Provider.java:173) [surefire-junit4-2.18.1.jar:2.18.1]
	at org.apache.maven.surefire.junit4.JUnit4Provider.executeTestSet(JUnit4Provider.java:153) [surefire-junit4-2.18.1.jar:2.18.1]
	at org.apache.maven.surefire.junit4.JUnit4Provider.invoke(JUnit4Provider.java:128) [surefire-junit4-2.18.1.jar:2.18.1]
	at org.apache.maven.surefire.booter.ForkedBooter.invokeProviderInSameClassLoader(ForkedBooter.java:203) [surefire-booter-2.18.1.jar:2.18.1]
	at org.apache.maven.surefire.booter.ForkedBooter.runSuitesInProcess(ForkedBooter.java:155) [surefire-booter-2.18.1.jar:2.18.1]
	at org.apache.maven.surefire.booter.ForkedBooter.main(ForkedBooter.java:103) [surefire-booter-2.18.1.jar:2.18.1]
Caused by: java.lang.IllegalStateException: Failed to execute CommandLineRunner
	at org.springframework.boot.SpringApplication.callRunner(SpringApplication.java:735) ~[spring-boot-1.5.10.RELEASE.jar:1.5.10.RELEASE]
	at org.springframework.boot.SpringApplication.callRunners(SpringApplication.java:716) ~[spring-boot-1.5.10.RELEASE.jar:1.5.10.RELEASE]
	at org.springframework.boot.SpringApplication.afterRefresh(SpringApplication.java:703) ~[spring-boot-1.5.10.RELEASE.jar:1.5.10.RELEASE]
	at org.springframework.boot.SpringApplication.run(SpringApplication.java:304) ~[spring-boot-1.5.10.RELEASE.jar:1.5.10.RELEASE]
	at org.springframework.boot.test.context.SpringBootContextLoader.loadContext(SpringBootContextLoader.java:120) ~[spring-boot-test-1.5.10.RELEASE.jar:1.5.10.RELEASE]
	at org.springframework.test.context.cache.DefaultCacheAwareContextLoaderDelegate.loadContextInternal(DefaultCacheAwareContextLoaderDelegate.java:98) ~[spring-test-4.3.14.RELEASE.jar:4.3.14.RELEASE]
	at org.springframework.test.context.cache.DefaultCacheAwareContextLoaderDelegate.loadContext(DefaultCacheAwareContextLoaderDelegate.java:116) ~[spring-test-4.3.14.RELEASE.jar:4.3.14.RELEASE]
	... 26 common frames omitted
Caused by: org.springframework.dao.DataAccessResourceFailureException: Timed out after 30000 ms while waiting for a server that matches WritableServerSelector. Client view of cluster state is {type=UNKNOWN, servers=[{address=localhost:27017, type=UNKNOWN, state=CONNECTING, exception={com.mongodb.MongoSocketOpenException: Exception opening socket}, caused by {java.net.ConnectException: Connection refused (Connection refused)}}]; nested exception is com.mongodb.MongoTimeoutException: Timed out after 30000 ms while waiting for a server that matches WritableServerSelector. Client view of cluster state is {type=UNKNOWN, servers=[{address=localhost:27017, type=UNKNOWN, state=CONNECTING, exception={com.mongodb.MongoSocketOpenException: Exception opening socket}, caused by {java.net.ConnectException: Connection refused (Connection refused)}}]
	at org.springframework.data.mongodb.core.MongoExceptionTranslator.translateExceptionIfPossible(MongoExceptionTranslator.java:77) ~[spring-data-mongodb-1.10.10.RELEASE.jar:na]
	at org.springframework.data.mongodb.core.MongoTemplate.potentiallyConvertRuntimeException(MongoTemplate.java:2139) ~[spring-data-mongodb-1.10.10.RELEASE.jar:na]
	at org.springframework.data.mongodb.core.MongoTemplate.execute(MongoTemplate.java:484) ~[spring-data-mongodb-1.10.10.RELEASE.jar:na]
	at org.springframework.data.mongodb.core.MongoTemplate.doRemove(MongoTemplate.java:1336) ~[spring-data-mongodb-1.10.10.RELEASE.jar:na]
	at org.springframework.data.mongodb.core.MongoTemplate.remove(MongoTemplate.java:1322) ~[spring-data-mongodb-1.10.10.RELEASE.jar:na]
	at org.springframework.data.mongodb.core.MongoTemplate.remove(MongoTemplate.java:1314) ~[spring-data-mongodb-1.10.10.RELEASE.jar:na]
	at org.springframework.data.mongodb.repository.support.SimpleMongoRepository.deleteAll(SimpleMongoRepository.java:189) ~[spring-data-mongodb-1.10.10.RELEASE.jar:na]
	at sun.reflect.NativeMethodAccessorImpl.invoke0(Native Method) ~[na:1.8.0_121]
	at sun.reflect.NativeMethodAccessorImpl.invoke(NativeMethodAccessorImpl.java:62) ~[na:1.8.0_121]
	at sun.reflect.DelegatingMethodAccessorImpl.invoke(DelegatingMethodAccessorImpl.java:43) ~[na:1.8.0_121]
	at java.lang.reflect.Method.invoke(Method.java:498) ~[na:1.8.0_121]
	at org.springframework.data.repository.core.support.RepositoryFactorySupport$QueryExecutorMethodInterceptor.executeMethodOn(RepositoryFactorySupport.java:513) ~[spring-data-commons-1.13.10.RELEASE.jar:na]
	at org.springframework.data.repository.core.support.RepositoryFactorySupport$QueryExecutorMethodInterceptor.doInvoke(RepositoryFactorySupport.java:498) ~[spring-data-commons-1.13.10.RELEASE.jar:na]
	at org.springframework.data.repository.core.support.RepositoryFactorySupport$QueryExecutorMethodInterceptor.invoke(RepositoryFactorySupport.java:475) ~[spring-data-commons-1.13.10.RELEASE.jar:na]
	at org.springframework.aop.framework.ReflectiveMethodInvocation.proceed(ReflectiveMethodInvocation.java:179) ~[spring-aop-4.3.14.RELEASE.jar:4.3.14.RELEASE]
	at org.springframework.data.projection.DefaultMethodInvokingMethodInterceptor.invoke(DefaultMethodInvokingMethodInterceptor.java:56) ~[spring-data-commons-1.13.10.RELEASE.jar:na]
	at org.springframework.aop.framework.ReflectiveMethodInvocation.proceed(ReflectiveMethodInvocation.java:179) ~[spring-aop-4.3.14.RELEASE.jar:4.3.14.RELEASE]
	at org.springframework.aop.interceptor.ExposeInvocationInterceptor.invoke(ExposeInvocationInterceptor.java:92) ~[spring-aop-4.3.14.RELEASE.jar:4.3.14.RELEASE]
	at org.springframework.aop.framework.ReflectiveMethodInvocation.proceed(ReflectiveMethodInvocation.java:179) ~[spring-aop-4.3.14.RELEASE.jar:4.3.14.RELEASE]
	at org.springframework.data.repository.core.support.SurroundingTransactionDetectorMethodInterceptor.invoke(SurroundingTransactionDetectorMethodInterceptor.java:57) ~[spring-data-commons-1.13.10.RELEASE.jar:na]
	at org.springframework.aop.framework.ReflectiveMethodInvocation.proceed(ReflectiveMethodInvocation.java:179) ~[spring-aop-4.3.14.RELEASE.jar:4.3.14.RELEASE]
	at org.springframework.aop.framework.JdkDynamicAopProxy.invoke(JdkDynamicAopProxy.java:213) ~[spring-aop-4.3.14.RELEASE.jar:4.3.14.RELEASE]
	at com.sun.proxy.$Proxy89.deleteAll(Unknown Source) ~[na:na]
	at sun.reflect.NativeMethodAccessorImpl.invoke0(Native Method) ~[na:1.8.0_121]
	at sun.reflect.NativeMethodAccessorImpl.invoke(NativeMethodAccessorImpl.java:62) ~[na:1.8.0_121]
	at sun.reflect.DelegatingMethodAccessorImpl.invoke(DelegatingMethodAccessorImpl.java:43) ~[na:1.8.0_121]
	at java.lang.reflect.Method.invoke(Method.java:498) ~[na:1.8.0_121]
	at org.springframework.aop.support.AopUtils.invokeJoinpointUsingReflection(AopUtils.java:333) ~[spring-aop-4.3.14.RELEASE.jar:4.3.14.RELEASE]
	at org.springframework.aop.framework.ReflectiveMethodInvocation.invokeJoinpoint(ReflectiveMethodInvocation.java:190) ~[spring-aop-4.3.14.RELEASE.jar:4.3.14.RELEASE]
	at org.springframework.aop.framework.ReflectiveMethodInvocation.proceed(ReflectiveMethodInvocation.java:157) ~[spring-aop-4.3.14.RELEASE.jar:4.3.14.RELEASE]
	at org.springframework.dao.support.PersistenceExceptionTranslationInterceptor.invoke(PersistenceExceptionTranslationInterceptor.java:136) ~[spring-tx-4.3.14.RELEASE.jar:4.3.14.RELEASE]
	at org.springframework.aop.framework.ReflectiveMethodInvocation.proceed(ReflectiveMethodInvocation.java:179) ~[spring-aop-4.3.14.RELEASE.jar:4.3.14.RELEASE]
	at org.springframework.aop.framework.JdkDynamicAopProxy.invoke(JdkDynamicAopProxy.java:213) ~[spring-aop-4.3.14.RELEASE.jar:4.3.14.RELEASE]
	at com.sun.proxy.$Proxy89.deleteAll(Unknown Source) ~[na:na]
	at br.com.reclameaqui.teste.TesteApplication.run(TesteApplication.java:38) ~[classes/:na]
	at org.springframework.boot.SpringApplication.callRunner(SpringApplication.java:732) ~[spring-boot-1.5.10.RELEASE.jar:1.5.10.RELEASE]
	... 32 common frames omitted
Caused by: com.mongodb.MongoTimeoutException: Timed out after 30000 ms while waiting for a server that matches WritableServerSelector. Client view of cluster state is {type=UNKNOWN, servers=[{address=localhost:27017, type=UNKNOWN, state=CONNECTING, exception={com.mongodb.MongoSocketOpenException: Exception opening socket}, caused by {java.net.ConnectException: Connection refused (Connection refused)}}]
	at com.mongodb.connection.BaseCluster.createTimeoutException(BaseCluster.java:377) ~[mongodb-driver-core-3.4.3.jar:na]
	at com.mongodb.connection.BaseCluster.selectServer(BaseCluster.java:104) ~[mongodb-driver-core-3.4.3.jar:na]
	at com.mongodb.binding.ClusterBinding$ClusterBindingConnectionSource.<init>(ClusterBinding.java:75) ~[mongodb-driver-core-3.4.3.jar:na]
	at com.mongodb.binding.ClusterBinding$ClusterBindingConnectionSource.<init>(ClusterBinding.java:71) ~[mongodb-driver-core-3.4.3.jar:na]
	at com.mongodb.binding.ClusterBinding.getWriteConnectionSource(ClusterBinding.java:68) ~[mongodb-driver-core-3.4.3.jar:na]
	at com.mongodb.operation.OperationHelper.withConnection(OperationHelper.java:415) ~[mongodb-driver-core-3.4.3.jar:na]
	at com.mongodb.operation.BaseWriteOperation.execute(BaseWriteOperation.java:133) ~[mongodb-driver-core-3.4.3.jar:na]
	at com.mongodb.operation.BaseWriteOperation.execute(BaseWriteOperation.java:60) ~[mongodb-driver-core-3.4.3.jar:na]
	at com.mongodb.Mongo.execute(Mongo.java:845) ~[mongodb-driver-3.4.3.jar:na]
	at com.mongodb.Mongo$2.execute(Mongo.java:828) ~[mongodb-driver-3.4.3.jar:na]
	at com.mongodb.DBCollection.executeWriteOperation(DBCollection.java:342) ~[mongodb-driver-3.4.3.jar:na]
	at com.mongodb.DBCollection.remove(DBCollection.java:634) ~[mongodb-driver-3.4.3.jar:na]
	at com.mongodb.DBCollection.remove(DBCollection.java:598) ~[mongodb-driver-3.4.3.jar:na]
	at com.mongodb.DBCollection.remove(DBCollection.java:583) ~[mongodb-driver-3.4.3.jar:na]
	at org.springframework.data.mongodb.core.MongoTemplate$13.doInCollection(MongoTemplate.java:1352) ~[spring-data-mongodb-1.10.10.RELEASE.jar:na]
	at org.springframework.data.mongodb.core.MongoTemplate$13.doInCollection(MongoTemplate.java:1336) ~[spring-data-mongodb-1.10.10.RELEASE.jar:na]
	at org.springframework.data.mongodb.core.MongoTemplate.execute(MongoTemplate.java:482) ~[spring-data-mongodb-1.10.10.RELEASE.jar:na]
	... 65 common frames omitted

]]></system-out>
  </testcase>
</testsuite>