<?xml version="1.0" encoding="UTF-8"?>
<testsuite xmlns:xsi="http://www.w3.org/2001/XMLSchema-instance" xsi:noNamespaceSchemaLocation="https://maven.apache.org/surefire/maven-surefire-plugin/xsd/surefire-test-report.xsd" name="com.may.apimanagementsystem.user.dao.MessageDaoTest" time="4.117" tests="5" errors="1" skipped="0" failures="0">
  <properties>
    <property name="awt.toolkit" value="sun.awt.X11.XToolkit"/>
    <property name="file.encoding.pkg" value="sun.io"/>
    <property name="java.specification.version" value="1.8"/>
    <property name="sun.cpu.isalist" value=""/>
    <property name="sun.jnu.encoding" value="UTF-8"/>
    <property name="java.class.path" value="/root/workspace/ApiManagementSystem/ApiManagementSystem_Back/384376784/target/test-classes:/root/workspace/ApiManagementSystem/ApiManagementSystem_Back/384376784/target/classes:/root/./workspace/ApiManagementSystem/ApiManagementSystem_Back/384376784/.m2/org/springframework/boot/spring-boot-devtools/2.0.1.RELEASE/spring-boot-devtools-2.0.1.RELEASE.jar:/root/./workspace/ApiManagementSystem/ApiManagementSystem_Back/384376784/.m2/org/springframework/boot/spring-boot/2.0.1.RELEASE/spring-boot-2.0.1.RELEASE.jar:/root/./workspace/ApiManagementSystem/ApiManagementSystem_Back/384376784/.m2/org/springframework/spring-context/5.0.5.RELEASE/spring-context-5.0.5.RELEASE.jar:/root/./workspace/ApiManagementSystem/ApiManagementSystem_Back/384376784/.m2/org/springframework/boot/spring-boot-autoconfigure/2.0.1.RELEASE/spring-boot-autoconfigure-2.0.1.RELEASE.jar:/root/./workspace/ApiManagementSystem/ApiManagementSystem_Back/384376784/.m2/org/springframework/boot/spring-boot-starter-web/2.0.1.RELEASE/spring-boot-starter-web-2.0.1.RELEASE.jar:/root/./workspace/ApiManagementSystem/ApiManagementSystem_Back/384376784/.m2/org/springframework/boot/spring-boot-starter/2.0.1.RELEASE/spring-boot-starter-2.0.1.RELEASE.jar:/root/./workspace/ApiManagementSystem/ApiManagementSystem_Back/384376784/.m2/org/springframework/boot/spring-boot-starter-logging/2.0.1.RELEASE/spring-boot-starter-logging-2.0.1.RELEASE.jar:/root/./workspace/ApiManagementSystem/ApiManagementSystem_Back/384376784/.m2/ch/qos/logback/logback-classic/1.2.3/logback-classic-1.2.3.jar:/root/./workspace/ApiManagementSystem/ApiManagementSystem_Back/384376784/.m2/ch/qos/logback/logback-core/1.2.3/logback-core-1.2.3.jar:/root/./workspace/ApiManagementSystem/ApiManagementSystem_Back/384376784/.m2/org/apache/logging/log4j/log4j-to-slf4j/2.10.0/log4j-to-slf4j-2.10.0.jar:/root/./workspace/ApiManagementSystem/ApiManagementSystem_Back/384376784/.m2/org/apache/logging/log4j/log4j-api/2.10.0/log4j-api-2.10.0.jar:/root/./workspace/ApiManagementSystem/ApiManagementSystem_Back/384376784/.m2/org/slf4j/jul-to-slf4j/1.7.25/jul-to-slf4j-1.7.25.jar:/root/./workspace/ApiManagementSystem/ApiManagementSystem_Back/384376784/.m2/javax/annotation/javax.annotation-api/1.3.2/javax.annotation-api-1.3.2.jar:/root/./workspace/ApiManagementSystem/ApiManagementSystem_Back/384376784/.m2/org/yaml/snakeyaml/1.19/snakeyaml-1.19.jar:/root/./workspace/ApiManagementSystem/ApiManagementSystem_Back/384376784/.m2/org/springframework/boot/spring-boot-starter-json/2.0.1.RELEASE/spring-boot-starter-json-2.0.1.RELEASE.jar:/root/./workspace/ApiManagementSystem/ApiManagementSystem_Back/384376784/.m2/com/fasterxml/jackson/core/jackson-databind/2.9.5/jackson-databind-2.9.5.jar:/root/./workspace/ApiManagementSystem/ApiManagementSystem_Back/384376784/.m2/com/fasterxml/jackson/core/jackson-annotations/2.9.0/jackson-annotations-2.9.0.jar:/root/./workspace/ApiManagementSystem/ApiManagementSystem_Back/384376784/.m2/com/fasterxml/jackson/core/jackson-core/2.9.5/jackson-core-2.9.5.jar:/root/./workspace/ApiManagementSystem/ApiManagementSystem_Back/384376784/.m2/com/fasterxml/jackson/datatype/jackson-datatype-jdk8/2.9.5/jackson-datatype-jdk8-2.9.5.jar:/root/./workspace/ApiManagementSystem/ApiManagementSystem_Back/384376784/.m2/com/fasterxml/jackson/datatype/jackson-datatype-jsr310/2.9.5/jackson-datatype-jsr310-2.9.5.jar:/root/./workspace/ApiManagementSystem/ApiManagementSystem_Back/384376784/.m2/com/fasterxml/jackson/module/jackson-module-parameter-names/2.9.5/jackson-module-parameter-names-2.9.5.jar:/root/./workspace/ApiManagementSystem/ApiManagementSystem_Back/384376784/.m2/org/springframework/boot/spring-boot-starter-tomcat/2.0.1.RELEASE/spring-boot-starter-tomcat-2.0.1.RELEASE.jar:/root/./workspace/ApiManagementSystem/ApiManagementSystem_Back/384376784/.m2/org/apache/tomcat/embed/tomcat-embed-core/8.5.29/tomcat-embed-core-8.5.29.jar:/root/./workspace/ApiManagementSystem/ApiManagementSystem_Back/384376784/.m2/org/apache/tomcat/embed/tomcat-embed-el/8.5.29/tomcat-embed-el-8.5.29.jar:/root/./workspace/ApiManagementSystem/ApiManagementSystem_Back/384376784/.m2/org/apache/tomcat/embed/tomcat-embed-websocket/8.5.29/tomcat-embed-websocket-8.5.29.jar:/root/./workspace/ApiManagementSystem/ApiManagementSystem_Back/384376784/.m2/org/hibernate/validator/hibernate-validator/6.0.9.Final/hibernate-validator-6.0.9.Final.jar:/root/./workspace/ApiManagementSystem/ApiManagementSystem_Back/384376784/.m2/javax/validation/validation-api/2.0.1.Final/validation-api-2.0.1.Final.jar:/root/./workspace/ApiManagementSystem/ApiManagementSystem_Back/384376784/.m2/com/fasterxml/classmate/1.3.4/classmate-1.3.4.jar:/root/./workspace/ApiManagementSystem/ApiManagementSystem_Back/384376784/.m2/org/springframework/spring-web/5.0.5.RELEASE/spring-web-5.0.5.RELEASE.jar:/root/./workspace/ApiManagementSystem/ApiManagementSystem_Back/384376784/.m2/org/springframework/spring-beans/5.0.5.RELEASE/spring-beans-5.0.5.RELEASE.jar:/root/./workspace/ApiManagementSystem/ApiManagementSystem_Back/384376784/.m2/org/springframework/spring-webmvc/5.0.5.RELEASE/spring-webmvc-5.0.5.RELEASE.jar:/root/./workspace/ApiManagementSystem/ApiManagementSystem_Back/384376784/.m2/org/springframework/spring-aop/5.0.5.RELEASE/spring-aop-5.0.5.RELEASE.jar:/root/./workspace/ApiManagementSystem/ApiManagementSystem_Back/384376784/.m2/org/springframework/spring-expression/5.0.5.RELEASE/spring-expression-5.0.5.RELEASE.jar:/root/./workspace/ApiManagementSystem/ApiManagementSystem_Back/384376784/.m2/org/springframework/boot/spring-boot-starter-test/2.0.1.RELEASE/spring-boot-starter-test-2.0.1.RELEASE.jar:/root/./workspace/ApiManagementSystem/ApiManagementSystem_Back/384376784/.m2/org/springframework/boot/spring-boot-test-autoconfigure/2.0.1.RELEASE/spring-boot-test-autoconfigure-2.0.1.RELEASE.jar:/root/./workspace/ApiManagementSystem/ApiManagementSystem_Back/384376784/.m2/com/jayway/jsonpath/json-path/2.4.0/json-path-2.4.0.jar:/root/./workspace/ApiManagementSystem/ApiManagementSystem_Back/384376784/.m2/net/minidev/json-smart/2.3/json-smart-2.3.jar:/root/./workspace/ApiManagementSystem/ApiManagementSystem_Back/384376784/.m2/net/minidev/accessors-smart/1.2/accessors-smart-1.2.jar:/root/./workspace/ApiManagementSystem/ApiManagementSystem_Back/384376784/.m2/org/ow2/asm/asm/5.0.4/asm-5.0.4.jar:/root/./workspace/ApiManagementSystem/ApiManagementSystem_Back/384376784/.m2/org/assertj/assertj-core/3.9.1/assertj-core-3.9.1.jar:/root/./workspace/ApiManagementSystem/ApiManagementSystem_Back/384376784/.m2/org/mockito/mockito-core/2.15.0/mockito-core-2.15.0.jar:/root/./workspace/ApiManagementSystem/ApiManagementSystem_Back/384376784/.m2/net/bytebuddy/byte-buddy/1.7.11/byte-buddy-1.7.11.jar:/root/./workspace/ApiManagementSystem/ApiManagementSystem_Back/384376784/.m2/net/bytebuddy/byte-buddy-agent/1.7.11/byte-buddy-agent-1.7.11.jar:/root/./workspace/ApiManagementSystem/ApiManagementSystem_Back/384376784/.m2/org/objenesis/objenesis/2.6/objenesis-2.6.jar:/root/./workspace/ApiManagementSystem/ApiManagementSystem_Back/384376784/.m2/org/hamcrest/hamcrest-core/1.3/hamcrest-core-1.3.jar:/root/./workspace/ApiManagementSystem/ApiManagementSystem_Back/384376784/.m2/org/hamcrest/hamcrest-library/1.3/hamcrest-library-1.3.jar:/root/./workspace/ApiManagementSystem/ApiManagementSystem_Back/384376784/.m2/org/skyscreamer/jsonassert/1.5.0/jsonassert-1.5.0.jar:/root/./workspace/ApiManagementSystem/ApiManagementSystem_Back/384376784/.m2/com/vaadin/external/google/android-json/0.0.20131108.vaadin1/android-json-0.0.20131108.vaadin1.jar:/root/./workspace/ApiManagementSystem/ApiManagementSystem_Back/384376784/.m2/org/springframework/spring-core/5.0.5.RELEASE/spring-core-5.0.5.RELEASE.jar:/root/./workspace/ApiManagementSystem/ApiManagementSystem_Back/384376784/.m2/org/springframework/spring-jcl/5.0.5.RELEASE/spring-jcl-5.0.5.RELEASE.jar:/root/./workspace/ApiManagementSystem/ApiManagementSystem_Back/384376784/.m2/org/xmlunit/xmlunit-core/2.5.1/xmlunit-core-2.5.1.jar:/root/./workspace/ApiManagementSystem/ApiManagementSystem_Back/384376784/.m2/com/alibaba/druid-spring-boot-starter/1.1.9/druid-spring-boot-starter-1.1.9.jar:/root/./workspace/ApiManagementSystem/ApiManagementSystem_Back/384376784/.m2/org/slf4j/slf4j-api/1.7.25/slf4j-api-1.7.25.jar:/root/./workspace/ApiManagementSystem/ApiManagementSystem_Back/384376784/.m2/org/mybatis/spring/boot/mybatis-spring-boot-starter/1.3.2/mybatis-spring-boot-starter-1.3.2.jar:/root/./workspace/ApiManagementSystem/ApiManagementSystem_Back/384376784/.m2/org/springframework/boot/spring-boot-starter-jdbc/2.0.1.RELEASE/spring-boot-starter-jdbc-2.0.1.RELEASE.jar:/root/./workspace/ApiManagementSystem/ApiManagementSystem_Back/384376784/.m2/com/zaxxer/HikariCP/2.7.8/HikariCP-2.7.8.jar:/root/./workspace/ApiManagementSystem/ApiManagementSystem_Back/384376784/.m2/org/springframework/spring-jdbc/5.0.5.RELEASE/spring-jdbc-5.0.5.RELEASE.jar:/root/./workspace/ApiManagementSystem/ApiManagementSystem_Back/384376784/.m2/org/springframework/spring-tx/5.0.5.RELEASE/spring-tx-5.0.5.RELEASE.jar:/root/./workspace/ApiManagementSystem/ApiManagementSystem_Back/384376784/.m2/org/mybatis/spring/boot/mybatis-spring-boot-autoconfigure/1.3.2/mybatis-spring-boot-autoconfigure-1.3.2.jar:/root/./workspace/ApiManagementSystem/ApiManagementSystem_Back/384376784/.m2/org/mybatis/mybatis/3.4.6/mybatis-3.4.6.jar:/root/./workspace/ApiManagementSystem/ApiManagementSystem_Back/384376784/.m2/org/mybatis/mybatis-spring/1.3.2/mybatis-spring-1.3.2.jar:/root/./workspace/ApiManagementSystem/ApiManagementSystem_Back/384376784/.m2/mysql/mysql-connector-java/5.1.46/mysql-connector-java-5.1.46.jar:/root/./workspace/ApiManagementSystem/ApiManagementSystem_Back/384376784/.m2/org/projectlombok/lombok/1.16.20/lombok-1.16.20.jar:/root/./workspace/ApiManagementSystem/ApiManagementSystem_Back/384376784/.m2/com/h2database/h2/1.4.197/h2-1.4.197.jar:/root/./workspace/ApiManagementSystem/ApiManagementSystem_Back/384376784/.m2/com/alibaba/druid/1.1.9/druid-1.1.9.jar:/root/./workspace/ApiManagementSystem/ApiManagementSystem_Back/384376784/.m2/com/github/pagehelper/pagehelper-spring-boot-starter/1.2.3/pagehelper-spring-boot-starter-1.2.3.jar:/root/./workspace/ApiManagementSystem/ApiManagementSystem_Back/384376784/.m2/com/github/pagehelper/pagehelper-spring-boot-autoconfigure/1.2.3/pagehelper-spring-boot-autoconfigure-1.2.3.jar:/root/./workspace/ApiManagementSystem/ApiManagementSystem_Back/384376784/.m2/com/github/pagehelper/pagehelper/5.1.2/pagehelper-5.1.2.jar:/root/./workspace/ApiManagementSystem/ApiManagementSystem_Back/384376784/.m2/com/github/jsqlparser/jsqlparser/1.0/jsqlparser-1.0.jar:/root/./workspace/ApiManagementSystem/ApiManagementSystem_Back/384376784/.m2/org/springframework/boot/spring-boot-starter-freemarker/2.0.1.RELEASE/spring-boot-starter-freemarker-2.0.1.RELEASE.jar:/root/./workspace/ApiManagementSystem/ApiManagementSystem_Back/384376784/.m2/org/freemarker/freemarker/2.3.28/freemarker-2.3.28.jar:/root/./workspace/ApiManagementSystem/ApiManagementSystem_Back/384376784/.m2/org/springframework/spring-context-support/5.0.5.RELEASE/spring-context-support-5.0.5.RELEASE.jar:/root/./workspace/ApiManagementSystem/ApiManagementSystem_Back/384376784/.m2/junit/junit/4.12/junit-4.12.jar:/root/./workspace/ApiManagementSystem/ApiManagementSystem_Back/384376784/.m2/org/springframework/boot/spring-boot-test/2.0.1.RELEASE/spring-boot-test-2.0.1.RELEASE.jar:/root/./workspace/ApiManagementSystem/ApiManagementSystem_Back/384376784/.m2/org/springframework/spring-test/5.0.5.RELEASE/spring-test-5.0.5.RELEASE.jar:/root/./workspace/ApiManagementSystem/ApiManagementSystem_Back/384376784/.m2/org/hibernate/hibernate-entitymanager/5.0.3.Final/hibernate-entitymanager-5.0.3.Final.jar:/root/./workspace/ApiManagementSystem/ApiManagementSystem_Back/384376784/.m2/org/jboss/logging/jboss-logging/3.3.2.Final/jboss-logging-3.3.2.Final.jar:/root/./workspace/ApiManagementSystem/ApiManagementSystem_Back/384376784/.m2/org/hibernate/hibernate-core/5.0.3.Final/hibernate-core-5.0.3.Final.jar:/root/./workspace/ApiManagementSystem/ApiManagementSystem_Back/384376784/.m2/antlr/antlr/2.7.7/antlr-2.7.7.jar:/root/./workspace/ApiManagementSystem/ApiManagementSystem_Back/384376784/.m2/org/jboss/jandex/2.0.0.CR1/jandex-2.0.0.CR1.jar:/root/./workspace/ApiManagementSystem/ApiManagementSystem_Back/384376784/.m2/dom4j/dom4j/1.6.1/dom4j-1.6.1.jar:/root/./workspace/ApiManagementSystem/ApiManagementSystem_Back/384376784/.m2/org/hibernate/common/hibernate-commons-annotations/5.0.0.Final/hibernate-commons-annotations-5.0.0.Final.jar:/root/./workspace/ApiManagementSystem/ApiManagementSystem_Back/384376784/.m2/org/hibernate/javax/persistence/hibernate-jpa-2.1-api/1.0.0.Final/hibernate-jpa-2.1-api-1.0.0.Final.jar:/root/./workspace/ApiManagementSystem/ApiManagementSystem_Back/384376784/.m2/org/apache/geronimo/specs/geronimo-jta_1.1_spec/1.1.1/geronimo-jta_1.1_spec-1.1.1.jar:/root/./workspace/ApiManagementSystem/ApiManagementSystem_Back/384376784/.m2/org/javassist/javassist/3.18.1-GA/javassist-3.18.1-GA.jar:/root/./workspace/ApiManagementSystem/ApiManagementSystem_Back/384376784/.m2/org/aspectj/aspectjweaver/1.8.13/aspectjweaver-1.8.13.jar:"/>
    <property name="java.vm.vendor" value="Oracle Corporation"/>
    <property name="skip.bower" value="true"/>
    <property name="sun.arch.data.model" value="64"/>
    <property name="java.vendor.url" value="http://java.oracle.com/"/>
    <property name="user.timezone" value=""/>
    <property name="java.vm.specification.version" value="1.8"/>
    <property name="os.name" value="Linux"/>
    <property name="rat.skip" value="true"/>
    <property name="gpg.skip" value="true"/>
    <property name="sun.java.launcher" value="SUN_STANDARD"/>
    <property name="sun.boot.library.path" value="/usr/lib/jvm/java-8-openjdk-amd64/jre/lib/amd64"/>
    <property name="skip.gulp" value="true"/>
    <property name="sun.java.command" value="/root/workspace/ApiManagementSystem/ApiManagementSystem_Back/384376784/target/surefire/surefirebooter7152036083411856063.jar /root/workspace/ApiManagementSystem/ApiManagementSystem_Back/384376784/target/surefire 2018-05-27T16-04-26_098-jvmRun1 surefire6153943750733719423tmp surefire_048783633616076797tmp"/>
    <property name="dependency-check.skip" value="true"/>
    <property name="surefire.test.class.path" value="/root/workspace/ApiManagementSystem/ApiManagementSystem_Back/384376784/target/test-classes:/root/workspace/ApiManagementSystem/ApiManagementSystem_Back/384376784/target/classes:/root/./workspace/ApiManagementSystem/ApiManagementSystem_Back/384376784/.m2/org/springframework/boot/spring-boot-devtools/2.0.1.RELEASE/spring-boot-devtools-2.0.1.RELEASE.jar:/root/./workspace/ApiManagementSystem/ApiManagementSystem_Back/384376784/.m2/org/springframework/boot/spring-boot/2.0.1.RELEASE/spring-boot-2.0.1.RELEASE.jar:/root/./workspace/ApiManagementSystem/ApiManagementSystem_Back/384376784/.m2/org/springframework/spring-context/5.0.5.RELEASE/spring-context-5.0.5.RELEASE.jar:/root/./workspace/ApiManagementSystem/ApiManagementSystem_Back/384376784/.m2/org/springframework/boot/spring-boot-autoconfigure/2.0.1.RELEASE/spring-boot-autoconfigure-2.0.1.RELEASE.jar:/root/./workspace/ApiManagementSystem/ApiManagementSystem_Back/384376784/.m2/org/springframework/boot/spring-boot-starter-web/2.0.1.RELEASE/spring-boot-starter-web-2.0.1.RELEASE.jar:/root/./workspace/ApiManagementSystem/ApiManagementSystem_Back/384376784/.m2/org/springframework/boot/spring-boot-starter/2.0.1.RELEASE/spring-boot-starter-2.0.1.RELEASE.jar:/root/./workspace/ApiManagementSystem/ApiManagementSystem_Back/384376784/.m2/org/springframework/boot/spring-boot-starter-logging/2.0.1.RELEASE/spring-boot-starter-logging-2.0.1.RELEASE.jar:/root/./workspace/ApiManagementSystem/ApiManagementSystem_Back/384376784/.m2/ch/qos/logback/logback-classic/1.2.3/logback-classic-1.2.3.jar:/root/./workspace/ApiManagementSystem/ApiManagementSystem_Back/384376784/.m2/ch/qos/logback/logback-core/1.2.3/logback-core-1.2.3.jar:/root/./workspace/ApiManagementSystem/ApiManagementSystem_Back/384376784/.m2/org/apache/logging/log4j/log4j-to-slf4j/2.10.0/log4j-to-slf4j-2.10.0.jar:/root/./workspace/ApiManagementSystem/ApiManagementSystem_Back/384376784/.m2/org/apache/logging/log4j/log4j-api/2.10.0/log4j-api-2.10.0.jar:/root/./workspace/ApiManagementSystem/ApiManagementSystem_Back/384376784/.m2/org/slf4j/jul-to-slf4j/1.7.25/jul-to-slf4j-1.7.25.jar:/root/./workspace/ApiManagementSystem/ApiManagementSystem_Back/384376784/.m2/javax/annotation/javax.annotation-api/1.3.2/javax.annotation-api-1.3.2.jar:/root/./workspace/ApiManagementSystem/ApiManagementSystem_Back/384376784/.m2/org/yaml/snakeyaml/1.19/snakeyaml-1.19.jar:/root/./workspace/ApiManagementSystem/ApiManagementSystem_Back/384376784/.m2/org/springframework/boot/spring-boot-starter-json/2.0.1.RELEASE/spring-boot-starter-json-2.0.1.RELEASE.jar:/root/./workspace/ApiManagementSystem/ApiManagementSystem_Back/384376784/.m2/com/fasterxml/jackson/core/jackson-databind/2.9.5/jackson-databind-2.9.5.jar:/root/./workspace/ApiManagementSystem/ApiManagementSystem_Back/384376784/.m2/com/fasterxml/jackson/core/jackson-annotations/2.9.0/jackson-annotations-2.9.0.jar:/root/./workspace/ApiManagementSystem/ApiManagementSystem_Back/384376784/.m2/com/fasterxml/jackson/core/jackson-core/2.9.5/jackson-core-2.9.5.jar:/root/./workspace/ApiManagementSystem/ApiManagementSystem_Back/384376784/.m2/com/fasterxml/jackson/datatype/jackson-datatype-jdk8/2.9.5/jackson-datatype-jdk8-2.9.5.jar:/root/./workspace/ApiManagementSystem/ApiManagementSystem_Back/384376784/.m2/com/fasterxml/jackson/datatype/jackson-datatype-jsr310/2.9.5/jackson-datatype-jsr310-2.9.5.jar:/root/./workspace/ApiManagementSystem/ApiManagementSystem_Back/384376784/.m2/com/fasterxml/jackson/module/jackson-module-parameter-names/2.9.5/jackson-module-parameter-names-2.9.5.jar:/root/./workspace/ApiManagementSystem/ApiManagementSystem_Back/384376784/.m2/org/springframework/boot/spring-boot-starter-tomcat/2.0.1.RELEASE/spring-boot-starter-tomcat-2.0.1.RELEASE.jar:/root/./workspace/ApiManagementSystem/ApiManagementSystem_Back/384376784/.m2/org/apache/tomcat/embed/tomcat-embed-core/8.5.29/tomcat-embed-core-8.5.29.jar:/root/./workspace/ApiManagementSystem/ApiManagementSystem_Back/384376784/.m2/org/apache/tomcat/embed/tomcat-embed-el/8.5.29/tomcat-embed-el-8.5.29.jar:/root/./workspace/ApiManagementSystem/ApiManagementSystem_Back/384376784/.m2/org/apache/tomcat/embed/tomcat-embed-websocket/8.5.29/tomcat-embed-websocket-8.5.29.jar:/root/./workspace/ApiManagementSystem/ApiManagementSystem_Back/384376784/.m2/org/hibernate/validator/hibernate-validator/6.0.9.Final/hibernate-validator-6.0.9.Final.jar:/root/./workspace/ApiManagementSystem/ApiManagementSystem_Back/384376784/.m2/javax/validation/validation-api/2.0.1.Final/validation-api-2.0.1.Final.jar:/root/./workspace/ApiManagementSystem/ApiManagementSystem_Back/384376784/.m2/com/fasterxml/classmate/1.3.4/classmate-1.3.4.jar:/root/./workspace/ApiManagementSystem/ApiManagementSystem_Back/384376784/.m2/org/springframework/spring-web/5.0.5.RELEASE/spring-web-5.0.5.RELEASE.jar:/root/./workspace/ApiManagementSystem/ApiManagementSystem_Back/384376784/.m2/org/springframework/spring-beans/5.0.5.RELEASE/spring-beans-5.0.5.RELEASE.jar:/root/./workspace/ApiManagementSystem/ApiManagementSystem_Back/384376784/.m2/org/springframework/spring-webmvc/5.0.5.RELEASE/spring-webmvc-5.0.5.RELEASE.jar:/root/./workspace/ApiManagementSystem/ApiManagementSystem_Back/384376784/.m2/org/springframework/spring-aop/5.0.5.RELEASE/spring-aop-5.0.5.RELEASE.jar:/root/./workspace/ApiManagementSystem/ApiManagementSystem_Back/384376784/.m2/org/springframework/spring-expression/5.0.5.RELEASE/spring-expression-5.0.5.RELEASE.jar:/root/./workspace/ApiManagementSystem/ApiManagementSystem_Back/384376784/.m2/org/springframework/boot/spring-boot-starter-test/2.0.1.RELEASE/spring-boot-starter-test-2.0.1.RELEASE.jar:/root/./workspace/ApiManagementSystem/ApiManagementSystem_Back/384376784/.m2/org/springframework/boot/spring-boot-test-autoconfigure/2.0.1.RELEASE/spring-boot-test-autoconfigure-2.0.1.RELEASE.jar:/root/./workspace/ApiManagementSystem/ApiManagementSystem_Back/384376784/.m2/com/jayway/jsonpath/json-path/2.4.0/json-path-2.4.0.jar:/root/./workspace/ApiManagementSystem/ApiManagementSystem_Back/384376784/.m2/net/minidev/json-smart/2.3/json-smart-2.3.jar:/root/./workspace/ApiManagementSystem/ApiManagementSystem_Back/384376784/.m2/net/minidev/accessors-smart/1.2/accessors-smart-1.2.jar:/root/./workspace/ApiManagementSystem/ApiManagementSystem_Back/384376784/.m2/org/ow2/asm/asm/5.0.4/asm-5.0.4.jar:/root/./workspace/ApiManagementSystem/ApiManagementSystem_Back/384376784/.m2/org/assertj/assertj-core/3.9.1/assertj-core-3.9.1.jar:/root/./workspace/ApiManagementSystem/ApiManagementSystem_Back/384376784/.m2/org/mockito/mockito-core/2.15.0/mockito-core-2.15.0.jar:/root/./workspace/ApiManagementSystem/ApiManagementSystem_Back/384376784/.m2/net/bytebuddy/byte-buddy/1.7.11/byte-buddy-1.7.11.jar:/root/./workspace/ApiManagementSystem/ApiManagementSystem_Back/384376784/.m2/net/bytebuddy/byte-buddy-agent/1.7.11/byte-buddy-agent-1.7.11.jar:/root/./workspace/ApiManagementSystem/ApiManagementSystem_Back/384376784/.m2/org/objenesis/objenesis/2.6/objenesis-2.6.jar:/root/./workspace/ApiManagementSystem/ApiManagementSystem_Back/384376784/.m2/org/hamcrest/hamcrest-core/1.3/hamcrest-core-1.3.jar:/root/./workspace/ApiManagementSystem/ApiManagementSystem_Back/384376784/.m2/org/hamcrest/hamcrest-library/1.3/hamcrest-library-1.3.jar:/root/./workspace/ApiManagementSystem/ApiManagementSystem_Back/384376784/.m2/org/skyscreamer/jsonassert/1.5.0/jsonassert-1.5.0.jar:/root/./workspace/ApiManagementSystem/ApiManagementSystem_Back/384376784/.m2/com/vaadin/external/google/android-json/0.0.20131108.vaadin1/android-json-0.0.20131108.vaadin1.jar:/root/./workspace/ApiManagementSystem/ApiManagementSystem_Back/384376784/.m2/org/springframework/spring-core/5.0.5.RELEASE/spring-core-5.0.5.RELEASE.jar:/root/./workspace/ApiManagementSystem/ApiManagementSystem_Back/384376784/.m2/org/springframework/spring-jcl/5.0.5.RELEASE/spring-jcl-5.0.5.RELEASE.jar:/root/./workspace/ApiManagementSystem/ApiManagementSystem_Back/384376784/.m2/org/xmlunit/xmlunit-core/2.5.1/xmlunit-core-2.5.1.jar:/root/./workspace/ApiManagementSystem/ApiManagementSystem_Back/384376784/.m2/com/alibaba/druid-spring-boot-starter/1.1.9/druid-spring-boot-starter-1.1.9.jar:/root/./workspace/ApiManagementSystem/ApiManagementSystem_Back/384376784/.m2/org/slf4j/slf4j-api/1.7.25/slf4j-api-1.7.25.jar:/root/./workspace/ApiManagementSystem/ApiManagementSystem_Back/384376784/.m2/org/mybatis/spring/boot/mybatis-spring-boot-starter/1.3.2/mybatis-spring-boot-starter-1.3.2.jar:/root/./workspace/ApiManagementSystem/ApiManagementSystem_Back/384376784/.m2/org/springframework/boot/spring-boot-starter-jdbc/2.0.1.RELEASE/spring-boot-starter-jdbc-2.0.1.RELEASE.jar:/root/./workspace/ApiManagementSystem/ApiManagementSystem_Back/384376784/.m2/com/zaxxer/HikariCP/2.7.8/HikariCP-2.7.8.jar:/root/./workspace/ApiManagementSystem/ApiManagementSystem_Back/384376784/.m2/org/springframework/spring-jdbc/5.0.5.RELEASE/spring-jdbc-5.0.5.RELEASE.jar:/root/./workspace/ApiManagementSystem/ApiManagementSystem_Back/384376784/.m2/org/springframework/spring-tx/5.0.5.RELEASE/spring-tx-5.0.5.RELEASE.jar:/root/./workspace/ApiManagementSystem/ApiManagementSystem_Back/384376784/.m2/org/mybatis/spring/boot/mybatis-spring-boot-autoconfigure/1.3.2/mybatis-spring-boot-autoconfigure-1.3.2.jar:/root/./workspace/ApiManagementSystem/ApiManagementSystem_Back/384376784/.m2/org/mybatis/mybatis/3.4.6/mybatis-3.4.6.jar:/root/./workspace/ApiManagementSystem/ApiManagementSystem_Back/384376784/.m2/org/mybatis/mybatis-spring/1.3.2/mybatis-spring-1.3.2.jar:/root/./workspace/ApiManagementSystem/ApiManagementSystem_Back/384376784/.m2/mysql/mysql-connector-java/5.1.46/mysql-connector-java-5.1.46.jar:/root/./workspace/ApiManagementSystem/ApiManagementSystem_Back/384376784/.m2/org/projectlombok/lombok/1.16.20/lombok-1.16.20.jar:/root/./workspace/ApiManagementSystem/ApiManagementSystem_Back/384376784/.m2/com/h2database/h2/1.4.197/h2-1.4.197.jar:/root/./workspace/ApiManagementSystem/ApiManagementSystem_Back/384376784/.m2/com/alibaba/druid/1.1.9/druid-1.1.9.jar:/root/./workspace/ApiManagementSystem/ApiManagementSystem_Back/384376784/.m2/com/github/pagehelper/pagehelper-spring-boot-starter/1.2.3/pagehelper-spring-boot-starter-1.2.3.jar:/root/./workspace/ApiManagementSystem/ApiManagementSystem_Back/384376784/.m2/com/github/pagehelper/pagehelper-spring-boot-autoconfigure/1.2.3/pagehelper-spring-boot-autoconfigure-1.2.3.jar:/root/./workspace/ApiManagementSystem/ApiManagementSystem_Back/384376784/.m2/com/github/pagehelper/pagehelper/5.1.2/pagehelper-5.1.2.jar:/root/./workspace/ApiManagementSystem/ApiManagementSystem_Back/384376784/.m2/com/github/jsqlparser/jsqlparser/1.0/jsqlparser-1.0.jar:/root/./workspace/ApiManagementSystem/ApiManagementSystem_Back/384376784/.m2/org/springframework/boot/spring-boot-starter-freemarker/2.0.1.RELEASE/spring-boot-starter-freemarker-2.0.1.RELEASE.jar:/root/./workspace/ApiManagementSystem/ApiManagementSystem_Back/384376784/.m2/org/freemarker/freemarker/2.3.28/freemarker-2.3.28.jar:/root/./workspace/ApiManagementSystem/ApiManagementSystem_Back/384376784/.m2/org/springframework/spring-context-support/5.0.5.RELEASE/spring-context-support-5.0.5.RELEASE.jar:/root/./workspace/ApiManagementSystem/ApiManagementSystem_Back/384376784/.m2/junit/junit/4.12/junit-4.12.jar:/root/./workspace/ApiManagementSystem/ApiManagementSystem_Back/384376784/.m2/org/springframework/boot/spring-boot-test/2.0.1.RELEASE/spring-boot-test-2.0.1.RELEASE.jar:/root/./workspace/ApiManagementSystem/ApiManagementSystem_Back/384376784/.m2/org/springframework/spring-test/5.0.5.RELEASE/spring-test-5.0.5.RELEASE.jar:/root/./workspace/ApiManagementSystem/ApiManagementSystem_Back/384376784/.m2/org/hibernate/hibernate-entitymanager/5.0.3.Final/hibernate-entitymanager-5.0.3.Final.jar:/root/./workspace/ApiManagementSystem/ApiManagementSystem_Back/384376784/.m2/org/jboss/logging/jboss-logging/3.3.2.Final/jboss-logging-3.3.2.Final.jar:/root/./workspace/ApiManagementSystem/ApiManagementSystem_Back/384376784/.m2/org/hibernate/hibernate-core/5.0.3.Final/hibernate-core-5.0.3.Final.jar:/root/./workspace/ApiManagementSystem/ApiManagementSystem_Back/384376784/.m2/antlr/antlr/2.7.7/antlr-2.7.7.jar:/root/./workspace/ApiManagementSystem/ApiManagementSystem_Back/384376784/.m2/org/jboss/jandex/2.0.0.CR1/jandex-2.0.0.CR1.jar:/root/./workspace/ApiManagementSystem/ApiManagementSystem_Back/384376784/.m2/dom4j/dom4j/1.6.1/dom4j-1.6.1.jar:/root/./workspace/ApiManagementSystem/ApiManagementSystem_Back/384376784/.m2/org/hibernate/common/hibernate-commons-annotations/5.0.0.Final/hibernate-commons-annotations-5.0.0.Final.jar:/root/./workspace/ApiManagementSystem/ApiManagementSystem_Back/384376784/.m2/org/hibernate/javax/persistence/hibernate-jpa-2.1-api/1.0.0.Final/hibernate-jpa-2.1-api-1.0.0.Final.jar:/root/./workspace/ApiManagementSystem/ApiManagementSystem_Back/384376784/.m2/org/apache/geronimo/specs/geronimo-jta_1.1_spec/1.1.1/geronimo-jta_1.1_spec-1.1.1.jar:/root/./workspace/ApiManagementSystem/ApiManagementSystem_Back/384376784/.m2/org/javassist/javassist/3.18.1-GA/javassist-3.18.1-GA.jar:/root/./workspace/ApiManagementSystem/ApiManagementSystem_Back/384376784/.m2/org/aspectj/aspectjweaver/1.8.13/aspectjweaver-1.8.13.jar:"/>
    <property name="sun.cpu.endian" value="little"/>
    <property name="user.home" value="/root"/>
    <property name="user.language" value="en"/>
    <property name="java.specification.vendor" value="Oracle Corporation"/>
    <property name="java.home" value="/usr/lib/jvm/java-8-openjdk-amd64/jre"/>
    <property name="basedir" value="/root/workspace/ApiManagementSystem/ApiManagementSystem_Back/384376784"/>
    <property name="file.separator" value="/"/>
    <property name="checkstyle.skip" value="true"/>
    <property name="line.separator" value="&#10;"/>
    <property name="skip.npm" value="true"/>
    <property name="java.vm.specification.vendor" value="Oracle Corporation"/>
    <property name="java.specification.name" value="Java Platform API Specification"/>
    <property name="java.awt.graphicsenv" value="sun.awt.X11GraphicsEnvironment"/>
    <property name="skipITs" value="true"/>
    <property name="surefire.real.class.path" value="/root/workspace/ApiManagementSystem/ApiManagementSystem_Back/384376784/target/surefire/surefirebooter7152036083411856063.jar"/>
    <property name="cobertura.skip" value="true"/>
    <property name="sun.boot.class.path" value="/usr/lib/jvm/java-8-openjdk-amd64/jre/lib/resources.jar:/usr/lib/jvm/java-8-openjdk-amd64/jre/lib/rt.jar:/usr/lib/jvm/java-8-openjdk-amd64/jre/lib/sunrsasign.jar:/usr/lib/jvm/java-8-openjdk-amd64/jre/lib/jsse.jar:/usr/lib/jvm/java-8-openjdk-amd64/jre/lib/jce.jar:/usr/lib/jvm/java-8-openjdk-amd64/jre/lib/charsets.jar:/usr/lib/jvm/java-8-openjdk-amd64/jre/lib/jfr.jar:/usr/lib/jvm/java-8-openjdk-amd64/jre/classes"/>
    <property name="sun.management.compiler" value="HotSpot 64-Bit Tiered Compilers"/>
    <property name="java.runtime.version" value="1.8.0_121-8u121-b13-1~bpo8+1-b13"/>
    <property name="user.name" value="root"/>
    <property name="findbugs.skip" value="true"/>
    <property name="path.separator" value=":"/>
    <property name="os.version" value="3.10.0-862.2.3.el7.x86_64"/>
    <property name="java.endorsed.dirs" value="/usr/lib/jvm/java-8-openjdk-amd64/jre/lib/endorsed"/>
    <property name="java.runtime.name" value="OpenJDK Runtime Environment"/>
    <property name="file.encoding" value="UTF-8"/>
    <property name="java.vm.name" value="OpenJDK 64-Bit Server VM"/>
    <property name="localRepository" value="/root/./workspace/ApiManagementSystem/ApiManagementSystem_Back/384376784/.m2"/>
    <property name="java.vendor.url.bug" value="http://bugreport.sun.com/bugreport/"/>
    <property name="java.io.tmpdir" value="/tmp"/>
    <property name="java.version" value="1.8.0_121"/>
    <property name="user.dir" value="/root/workspace/ApiManagementSystem/ApiManagementSystem_Back/384376784"/>
    <property name="os.arch" value="amd64"/>
    <property name="license.skip" value="true"/>
    <property name="java.vm.specification.name" value="Java Virtual Machine Specification"/>
    <property name="java.awt.printerjob" value="sun.print.PSPrinterJob"/>
    <property name="sun.os.patch.level" value="unknown"/>
    <property name="java.library.path" value="/usr/java/packages/lib/amd64:/usr/lib/x86_64-linux-gnu/jni:/lib/x86_64-linux-gnu:/usr/lib/x86_64-linux-gnu:/usr/lib/jni:/lib:/usr/lib"/>
    <property name="java.vm.info" value="mixed mode"/>
    <property name="java.vendor" value="Oracle Corporation"/>
    <property name="java.vm.version" value="25.121-b13"/>
    <property name="java.ext.dirs" value="/usr/lib/jvm/java-8-openjdk-amd64/jre/lib/ext:/usr/java/packages/lib/ext"/>
    <property name="sun.io.unicode.encoding" value="UnicodeLittle"/>
    <property name="maven.repo.local" value="/root/./workspace/ApiManagementSystem/ApiManagementSystem_Back/384376784/.m2"/>
    <property name="enforcer.skip" value="true"/>
    <property name="java.class.version" value="52.0"/>
  </properties>
  <testcase name="readMyMessageTest" classname="com.may.apimanagementsystem.user.dao.MessageDaoTest" time="0.063">
    <error message="nested exception is org.apache.ibatis.exceptions.PersistenceException: &#10;### Error querying database.  Cause: java.lang.RuntimeException: 在系统中发现了多个分页插件，请检查系统配置!&#10;### Cause: java.lang.RuntimeException: 在系统中发现了多个分页插件，请检查系统配置!" type="org.mybatis.spring.MyBatisSystemException">org.mybatis.spring.MyBatisSystemException: 
nested exception is org.apache.ibatis.exceptions.PersistenceException: 
### Error querying database.  Cause: java.lang.RuntimeException: 在系统中发现了多个分页插件，请检查系统配置!
### Cause: java.lang.RuntimeException: 在系统中发现了多个分页插件，请检查系统配置!
	at com.may.apimanagementsystem.user.dao.MessageDaoTest.readMyMessageTest(MessageDaoTest.java:78)
Caused by: org.apache.ibatis.exceptions.PersistenceException: 

### Error querying database.  Cause: java.lang.RuntimeException: 在系统中发现了多个分页插件，请检查系统配置!
### Cause: java.lang.RuntimeException: 在系统中发现了多个分页插件，请检查系统配置!
	at com.may.apimanagementsystem.user.dao.MessageDaoTest.readMyMessageTest(MessageDaoTest.java:78)
Caused by: java.lang.RuntimeException: 在系统中发现了多个分页插件，请检查系统配置!
	at com.may.apimanagementsystem.user.dao.MessageDaoTest.readMyMessageTest(MessageDaoTest.java:78)
</error>
    <system-out><![CDATA[16:04:27.930 [main] DEBUG org.springframework.test.context.junit4.SpringJUnit4ClassRunner - SpringJUnit4ClassRunner constructor called with [class com.may.apimanagementsystem.user.dao.MessageDaoTest]
16:04:27.935 [main] DEBUG org.springframework.test.context.BootstrapUtils - Instantiating CacheAwareContextLoaderDelegate from class [org.springframework.test.context.cache.DefaultCacheAwareContextLoaderDelegate]
16:04:27.943 [main] DEBUG org.springframework.test.context.BootstrapUtils - Instantiating BootstrapContext using constructor [public org.springframework.test.context.support.DefaultBootstrapContext(java.lang.Class,org.springframework.test.context.CacheAwareContextLoaderDelegate)]
16:04:27.960 [main] DEBUG org.springframework.test.context.BootstrapUtils - Instantiating TestContextBootstrapper for test class [com.may.apimanagementsystem.user.dao.MessageDaoTest] from class [org.springframework.boot.test.context.SpringBootTestContextBootstrapper]
16:04:27.972 [main] INFO org.springframework.boot.test.context.SpringBootTestContextBootstrapper - Neither @ContextConfiguration nor @ContextHierarchy found for test class [com.may.apimanagementsystem.user.dao.MessageDaoTest], using SpringBootContextLoader
16:04:27.975 [main] DEBUG org.springframework.test.context.support.AbstractContextLoader - Did not detect default resource location for test class [com.may.apimanagementsystem.user.dao.MessageDaoTest]: class path resource [com/may/apimanagementsystem/user/dao/MessageDaoTest-context.xml] does not exist
16:04:27.975 [main] DEBUG org.springframework.test.context.support.AbstractContextLoader - Did not detect default resource location for test class [com.may.apimanagementsystem.user.dao.MessageDaoTest]: class path resource [com/may/apimanagementsystem/user/dao/MessageDaoTestContext.groovy] does not exist
16:04:27.976 [main] INFO org.springframework.test.context.support.AbstractContextLoader - Could not detect default resource locations for test class [com.may.apimanagementsystem.user.dao.MessageDaoTest]: no resource found for suffixes {-context.xml, Context.groovy}.
16:04:27.976 [main] INFO org.springframework.test.context.support.AnnotationConfigContextLoaderUtils - Could not detect default configuration classes for test class [com.may.apimanagementsystem.user.dao.MessageDaoTest]: MessageDaoTest does not declare any static, non-private, non-final, nested classes annotated with @Configuration.
16:04:28.022 [main] DEBUG org.springframework.core.env.StandardEnvironment - Adding PropertySource 'systemProperties' with lowest search precedence
16:04:28.023 [main] DEBUG org.springframework.core.env.StandardEnvironment - Adding PropertySource 'systemEnvironment' with lowest search precedence
16:04:28.023 [main] DEBUG org.springframework.core.env.StandardEnvironment - Initialized StandardEnvironment with PropertySources [MapPropertySource@129498568 {name='systemProperties', properties={java.runtime.name=OpenJDK Runtime Environment, sun.boot.library.path=/usr/lib/jvm/java-8-openjdk-amd64/jre/lib/amd64, java.vm.version=25.121-b13, java.vm.vendor=Oracle Corporation, java.vendor.url=http://java.oracle.com/, skip.gulp=true, path.separator=:, java.vm.name=OpenJDK 64-Bit Server VM, file.encoding.pkg=sun.io, findbugs.skip=true, sun.java.launcher=SUN_STANDARD, sun.os.patch.level=unknown, java.vm.specification.name=Java Virtual Machine Specification, user.dir=/root/workspace/ApiManagementSystem/ApiManagementSystem_Back/384376784, checkstyle.skip=true, java.runtime.version=1.8.0_121-8u121-b13-1~bpo8+1-b13, skip.npm=true, basedir=/root/workspace/ApiManagementSystem/ApiManagementSystem_Back/384376784, java.awt.graphicsenv=sun.awt.X11GraphicsEnvironment, java.endorsed.dirs=/usr/lib/jvm/java-8-openjdk-amd64/jre/lib/endorsed, os.arch=amd64, surefire.real.class.path=/root/workspace/ApiManagementSystem/ApiManagementSystem_Back/384376784/target/surefire/surefirebooter7152036083411856063.jar, gpg.skip=true, java.io.tmpdir=/tmp, line.separator=
, cobertura.skip=true, java.vm.specification.vendor=Oracle Corporation, os.name=Linux, sun.jnu.encoding=UTF-8, license.skip=true, java.library.path=/usr/java/packages/lib/amd64:/usr/lib/x86_64-linux-gnu/jni:/lib/x86_64-linux-gnu:/usr/lib/x86_64-linux-gnu:/usr/lib/jni:/lib:/usr/lib, surefire.test.class.path=/root/workspace/ApiManagementSystem/ApiManagementSystem_Back/384376784/target/test-classes:/root/workspace/ApiManagementSystem/ApiManagementSystem_Back/384376784/target/classes:/root/./workspace/ApiManagementSystem/ApiManagementSystem_Back/384376784/.m2/org/springframework/boot/spring-boot-devtools/2.0.1.RELEASE/spring-boot-devtools-2.0.1.RELEASE.jar:/root/./workspace/ApiManagementSystem/ApiManagementSystem_Back/384376784/.m2/org/springframework/boot/spring-boot/2.0.1.RELEASE/spring-boot-2.0.1.RELEASE.jar:/root/./workspace/ApiManagementSystem/ApiManagementSystem_Back/384376784/.m2/org/springframework/spring-context/5.0.5.RELEASE/spring-context-5.0.5.RELEASE.jar:/root/./workspace/ApiManagementSystem/ApiManagementSystem_Back/384376784/.m2/org/springframework/boot/spring-boot-autoconfigure/2.0.1.RELEASE/spring-boot-autoconfigure-2.0.1.RELEASE.jar:/root/./workspace/ApiManagementSystem/ApiManagementSystem_Back/384376784/.m2/org/springframework/boot/spring-boot-starter-web/2.0.1.RELEASE/spring-boot-starter-web-2.0.1.RELEASE.jar:/root/./workspace/ApiManagementSystem/ApiManagementSystem_Back/384376784/.m2/org/springframework/boot/spring-boot-starter/2.0.1.RELEASE/spring-boot-starter-2.0.1.RELEASE.jar:/root/./workspace/ApiManagementSystem/ApiManagementSystem_Back/384376784/.m2/org/springframework/boot/spring-boot-starter-logging/2.0.1.RELEASE/spring-boot-starter-logging-2.0.1.RELEASE.jar:/root/./workspace/ApiManagementSystem/ApiManagementSystem_Back/384376784/.m2/ch/qos/logback/logback-classic/1.2.3/logback-classic-1.2.3.jar:/root/./workspace/ApiManagementSystem/ApiManagementSystem_Back/384376784/.m2/ch/qos/logback/logback-core/1.2.3/logback-core-1.2.3.jar:/root/./workspace/ApiManagementSystem/ApiManagementSystem_Back/384376784/.m2/org/apache/logging/log4j/log4j-to-slf4j/2.10.0/log4j-to-slf4j-2.10.0.jar:/root/./workspace/ApiManagementSystem/ApiManagementSystem_Back/384376784/.m2/org/apache/logging/log4j/log4j-api/2.10.0/log4j-api-2.10.0.jar:/root/./workspace/ApiManagementSystem/ApiManagementSystem_Back/384376784/.m2/org/slf4j/jul-to-slf4j/1.7.25/jul-to-slf4j-1.7.25.jar:/root/./workspace/ApiManagementSystem/ApiManagementSystem_Back/384376784/.m2/javax/annotation/javax.annotation-api/1.3.2/javax.annotation-api-1.3.2.jar:/root/./workspace/ApiManagementSystem/ApiManagementSystem_Back/384376784/.m2/org/yaml/snakeyaml/1.19/snakeyaml-1.19.jar:/root/./workspace/ApiManagementSystem/ApiManagementSystem_Back/384376784/.m2/org/springframework/boot/spring-boot-starter-json/2.0.1.RELEASE/spring-boot-starter-json-2.0.1.RELEASE.jar:/root/./workspace/ApiManagementSystem/ApiManagementSystem_Back/384376784/.m2/com/fasterxml/jackson/core/jackson-databind/2.9.5/jackson-databind-2.9.5.jar:/root/./workspace/ApiManagementSystem/ApiManagementSystem_Back/384376784/.m2/com/fasterxml/jackson/core/jackson-annotations/2.9.0/jackson-annotations-2.9.0.jar:/root/./workspace/ApiManagementSystem/ApiManagementSystem_Back/384376784/.m2/com/fasterxml/jackson/core/jackson-core/2.9.5/jackson-core-2.9.5.jar:/root/./workspace/ApiManagementSystem/ApiManagementSystem_Back/384376784/.m2/com/fasterxml/jackson/datatype/jackson-datatype-jdk8/2.9.5/jackson-datatype-jdk8-2.9.5.jar:/root/./workspace/ApiManagementSystem/ApiManagementSystem_Back/384376784/.m2/com/fasterxml/jackson/datatype/jackson-datatype-jsr310/2.9.5/jackson-datatype-jsr310-2.9.5.jar:/root/./workspace/ApiManagementSystem/ApiManagementSystem_Back/384376784/.m2/com/fasterxml/jackson/module/jackson-module-parameter-names/2.9.5/jackson-module-parameter-names-2.9.5.jar:/root/./workspace/ApiManagementSystem/ApiManagementSystem_Back/384376784/.m2/org/springframework/boot/spring-boot-starter-tomcat/2.0.1.RELEASE/spring-boot-starter-tomcat-2.0.1.RELEASE.jar:/root/./workspace/ApiManagementSystem/ApiManagementSystem_Back/384376784/.m2/org/apache/tomcat/embed/tomcat-embed-core/8.5.29/tomcat-embed-core-8.5.29.jar:/root/./workspace/ApiManagementSystem/ApiManagementSystem_Back/384376784/.m2/org/apache/tomcat/embed/tomcat-embed-el/8.5.29/tomcat-embed-el-8.5.29.jar:/root/./workspace/ApiManagementSystem/ApiManagementSystem_Back/384376784/.m2/org/apache/tomcat/embed/tomcat-embed-websocket/8.5.29/tomcat-embed-websocket-8.5.29.jar:/root/./workspace/ApiManagementSystem/ApiManagementSystem_Back/384376784/.m2/org/hibernate/validator/hibernate-validator/6.0.9.Final/hibernate-validator-6.0.9.Final.jar:/root/./workspace/ApiManagementSystem/ApiManagementSystem_Back/384376784/.m2/javax/validation/validation-api/2.0.1.Final/validation-api-2.0.1.Final.jar:/root/./workspace/ApiManagementSystem/ApiManagementSystem_Back/384376784/.m2/com/fasterxml/classmate/1.3.4/classmate-1.3.4.jar:/root/./workspace/ApiManagementSystem/ApiManagementSystem_Back/384376784/.m2/org/springframework/spring-web/5.0.5.RELEASE/spring-web-5.0.5.RELEASE.jar:/root/./workspace/ApiManagementSystem/ApiManagementSystem_Back/384376784/.m2/org/springframework/spring-beans/5.0.5.RELEASE/spring-beans-5.0.5.RELEASE.jar:/root/./workspace/ApiManagementSystem/ApiManagementSystem_Back/384376784/.m2/org/springframework/spring-webmvc/5.0.5.RELEASE/spring-webmvc-5.0.5.RELEASE.jar:/root/./workspace/ApiManagementSystem/ApiManagementSystem_Back/384376784/.m2/org/springframework/spring-aop/5.0.5.RELEASE/spring-aop-5.0.5.RELEASE.jar:/root/./workspace/ApiManagementSystem/ApiManagementSystem_Back/384376784/.m2/org/springframework/spring-expression/5.0.5.RELEASE/spring-expression-5.0.5.RELEASE.jar:/root/./workspace/ApiManagementSystem/ApiManagementSystem_Back/384376784/.m2/org/springframework/boot/spring-boot-starter-test/2.0.1.RELEASE/spring-boot-starter-test-2.0.1.RELEASE.jar:/root/./workspace/ApiManagementSystem/ApiManagementSystem_Back/384376784/.m2/org/springframework/boot/spring-boot-test-autoconfigure/2.0.1.RELEASE/spring-boot-test-autoconfigure-2.0.1.RELEASE.jar:/root/./workspace/ApiManagementSystem/ApiManagementSystem_Back/384376784/.m2/com/jayway/jsonpath/json-path/2.4.0/json-path-2.4.0.jar:/root/./workspace/ApiManagementSystem/ApiManagementSystem_Back/384376784/.m2/net/minidev/json-smart/2.3/json-smart-2.3.jar:/root/./workspace/ApiManagementSystem/ApiManagementSystem_Back/384376784/.m2/net/minidev/accessors-smart/1.2/accessors-smart-1.2.jar:/root/./workspace/ApiManagementSystem/ApiManagementSystem_Back/384376784/.m2/org/ow2/asm/asm/5.0.4/asm-5.0.4.jar:/root/./workspace/ApiManagementSystem/ApiManagementSystem_Back/384376784/.m2/org/assertj/assertj-core/3.9.1/assertj-core-3.9.1.jar:/root/./workspace/ApiManagementSystem/ApiManagementSystem_Back/384376784/.m2/org/mockito/mockito-core/2.15.0/mockito-core-2.15.0.jar:/root/./workspace/ApiManagementSystem/ApiManagementSystem_Back/384376784/.m2/net/bytebuddy/byte-buddy/1.7.11/byte-buddy-1.7.11.jar:/root/./workspace/ApiManagementSystem/ApiManagementSystem_Back/384376784/.m2/net/bytebuddy/byte-buddy-agent/1.7.11/byte-buddy-agent-1.7.11.jar:/root/./workspace/ApiManagementSystem/ApiManagementSystem_Back/384376784/.m2/org/objenesis/objenesis/2.6/objenesis-2.6.jar:/root/./workspace/ApiManagementSystem/ApiManagementSystem_Back/384376784/.m2/org/hamcrest/hamcrest-core/1.3/hamcrest-core-1.3.jar:/root/./workspace/ApiManagementSystem/ApiManagementSystem_Back/384376784/.m2/org/hamcrest/hamcrest-library/1.3/hamcrest-library-1.3.jar:/root/./workspace/ApiManagementSystem/ApiManagementSystem_Back/384376784/.m2/org/skyscreamer/jsonassert/1.5.0/jsonassert-1.5.0.jar:/root/./workspace/ApiManagementSystem/ApiManagementSystem_Back/384376784/.m2/com/vaadin/external/google/android-json/0.0.20131108.vaadin1/android-json-0.0.20131108.vaadin1.jar:/root/./workspace/ApiManagementSystem/ApiManagementSystem_Back/384376784/.m2/org/springframework/spring-core/5.0.5.RELEASE/spring-core-5.0.5.RELEASE.jar:/root/./workspace/ApiManagementSystem/ApiManagementSystem_Back/384376784/.m2/org/springframework/spring-jcl/5.0.5.RELEASE/spring-jcl-5.0.5.RELEASE.jar:/root/./workspace/ApiManagementSystem/ApiManagementSystem_Back/384376784/.m2/org/xmlunit/xmlunit-core/2.5.1/xmlunit-core-2.5.1.jar:/root/./workspace/ApiManagementSystem/ApiManagementSystem_Back/384376784/.m2/com/alibaba/druid-spring-boot-starter/1.1.9/druid-spring-boot-starter-1.1.9.jar:/root/./workspace/ApiManagementSystem/ApiManagementSystem_Back/384376784/.m2/org/slf4j/slf4j-api/1.7.25/slf4j-api-1.7.25.jar:/root/./workspace/ApiManagementSystem/ApiManagementSystem_Back/384376784/.m2/org/mybatis/spring/boot/mybatis-spring-boot-starter/1.3.2/mybatis-spring-boot-starter-1.3.2.jar:/root/./workspace/ApiManagementSystem/ApiManagementSystem_Back/384376784/.m2/org/springframework/boot/spring-boot-starter-jdbc/2.0.1.RELEASE/spring-boot-starter-jdbc-2.0.1.RELEASE.jar:/root/./workspace/ApiManagementSystem/ApiManagementSystem_Back/384376784/.m2/com/zaxxer/HikariCP/2.7.8/HikariCP-2.7.8.jar:/root/./workspace/ApiManagementSystem/ApiManagementSystem_Back/384376784/.m2/org/springframework/spring-jdbc/5.0.5.RELEASE/spring-jdbc-5.0.5.RELEASE.jar:/root/./workspace/ApiManagementSystem/ApiManagementSystem_Back/384376784/.m2/org/springframework/spring-tx/5.0.5.RELEASE/spring-tx-5.0.5.RELEASE.jar:/root/./workspace/ApiManagementSystem/ApiManagementSystem_Back/384376784/.m2/org/mybatis/spring/boot/mybatis-spring-boot-autoconfigure/1.3.2/mybatis-spring-boot-autoconfigure-1.3.2.jar:/root/./workspace/ApiManagementSystem/ApiManagementSystem_Back/384376784/.m2/org/mybatis/mybatis/3.4.6/mybatis-3.4.6.jar:/root/./workspace/ApiManagementSystem/ApiManagementSystem_Back/384376784/.m2/org/mybatis/mybatis-spring/1.3.2/mybatis-spring-1.3.2.jar:/root/./workspace/ApiManagementSystem/ApiManagementSystem_Back/384376784/.m2/mysql/mysql-connector-java/5.1.46/mysql-connector-java-5.1.46.jar:/root/./workspace/ApiManagementSystem/ApiManagementSystem_Back/384376784/.m2/org/projectlombok/lombok/1.16.20/lombok-1.16.20.jar:/root/./workspace/ApiManagementSystem/ApiManagementSystem_Back/384376784/.m2/com/h2database/h2/1.4.197/h2-1.4.197.jar:/root/./workspace/ApiManagementSystem/ApiManagementSystem_Back/384376784/.m2/com/alibaba/druid/1.1.9/druid-1.1.9.jar:/root/./workspace/ApiManagementSystem/ApiManagementSystem_Back/384376784/.m2/com/github/pagehelper/pagehelper-spring-boot-starter/1.2.3/pagehelper-spring-boot-starter-1.2.3.jar:/root/./workspace/ApiManagementSystem/ApiManagementSystem_Back/384376784/.m2/com/github/pagehelper/pagehelper-spring-boot-autoconfigure/1.2.3/pagehelper-spring-boot-autoconfigure-1.2.3.jar:/root/./workspace/ApiManagementSystem/ApiManagementSystem_Back/384376784/.m2/com/github/pagehelper/pagehelper/5.1.2/pagehelper-5.1.2.jar:/root/./workspace/ApiManagementSystem/ApiManagementSystem_Back/384376784/.m2/com/github/jsqlparser/jsqlparser/1.0/jsqlparser-1.0.jar:/root/./workspace/ApiManagementSystem/ApiManagementSystem_Back/384376784/.m2/org/springframework/boot/spring-boot-starter-freemarker/2.0.1.RELEASE/spring-boot-starter-freemarker-2.0.1.RELEASE.jar:/root/./workspace/ApiManagementSystem/ApiManagementSystem_Back/384376784/.m2/org/freemarker/freemarker/2.3.28/freemarker-2.3.28.jar:/root/./workspace/ApiManagementSystem/ApiManagementSystem_Back/384376784/.m2/org/springframework/spring-context-support/5.0.5.RELEASE/spring-context-support-5.0.5.RELEASE.jar:/root/./workspace/ApiManagementSystem/ApiManagementSystem_Back/384376784/.m2/junit/junit/4.12/junit-4.12.jar:/root/./workspace/ApiManagementSystem/ApiManagementSystem_Back/384376784/.m2/org/springframework/boot/spring-boot-test/2.0.1.RELEASE/spring-boot-test-2.0.1.RELEASE.jar:/root/./workspace/ApiManagementSystem/ApiManagementSystem_Back/384376784/.m2/org/springframework/spring-test/5.0.5.RELEASE/spring-test-5.0.5.RELEASE.jar:/root/./workspace/ApiManagementSystem/ApiManagementSystem_Back/384376784/.m2/org/hibernate/hibernate-entitymanager/5.0.3.Final/hibernate-entitymanager-5.0.3.Final.jar:/root/./workspace/ApiManagementSystem/ApiManagementSystem_Back/384376784/.m2/org/jboss/logging/jboss-logging/3.3.2.Final/jboss-logging-3.3.2.Final.jar:/root/./workspace/ApiManagementSystem/ApiManagementSystem_Back/384376784/.m2/org/hibernate/hibernate-core/5.0.3.Final/hibernate-core-5.0.3.Final.jar:/root/./workspace/ApiManagementSystem/ApiManagementSystem_Back/384376784/.m2/antlr/antlr/2.7.7/antlr-2.7.7.jar:/root/./workspace/ApiManagementSystem/ApiManagementSystem_Back/384376784/.m2/org/jboss/jandex/2.0.0.CR1/jandex-2.0.0.CR1.jar:/root/./workspace/ApiManagementSystem/ApiManagementSystem_Back/384376784/.m2/dom4j/dom4j/1.6.1/dom4j-1.6.1.jar:/root/./workspace/ApiManagementSystem/ApiManagementSystem_Back/384376784/.m2/org/hibernate/common/hibernate-commons-annotations/5.0.0.Final/hibernate-commons-annotations-5.0.0.Final.jar:/root/./workspace/ApiManagementSystem/ApiManagementSystem_Back/384376784/.m2/org/hibernate/javax/persistence/hibernate-jpa-2.1-api/1.0.0.Final/hibernate-jpa-2.1-api-1.0.0.Final.jar:/root/./workspace/ApiManagementSystem/ApiManagementSystem_Back/384376784/.m2/org/apache/geronimo/specs/geronimo-jta_1.1_spec/1.1.1/geronimo-jta_1.1_spec-1.1.1.jar:/root/./workspace/ApiManagementSystem/ApiManagementSystem_Back/384376784/.m2/org/javassist/javassist/3.18.1-GA/javassist-3.18.1-GA.jar:/root/./workspace/ApiManagementSystem/ApiManagementSystem_Back/384376784/.m2/org/aspectj/aspectjweaver/1.8.13/aspectjweaver-1.8.13.jar:, java.specification.name=Java Platform API Specification, java.class.version=52.0, skip.bower=true, sun.management.compiler=HotSpot 64-Bit Tiered Compilers, maven.repo.local=/root/./workspace/ApiManagementSystem/ApiManagementSystem_Back/384376784/.m2, os.version=3.10.0-862.2.3.el7.x86_64, user.home=/root, user.timezone=Europe/Paris, java.awt.printerjob=sun.print.PSPrinterJob, file.encoding=UTF-8, java.specification.version=1.8, java.class.path=/root/workspace/ApiManagementSystem/ApiManagementSystem_Back/384376784/target/test-classes:/root/workspace/ApiManagementSystem/ApiManagementSystem_Back/384376784/target/classes:/root/./workspace/ApiManagementSystem/ApiManagementSystem_Back/384376784/.m2/org/springframework/boot/spring-boot-devtools/2.0.1.RELEASE/spring-boot-devtools-2.0.1.RELEASE.jar:/root/./workspace/ApiManagementSystem/ApiManagementSystem_Back/384376784/.m2/org/springframework/boot/spring-boot/2.0.1.RELEASE/spring-boot-2.0.1.RELEASE.jar:/root/./workspace/ApiManagementSystem/ApiManagementSystem_Back/384376784/.m2/org/springframework/spring-context/5.0.5.RELEASE/spring-context-5.0.5.RELEASE.jar:/root/./workspace/ApiManagementSystem/ApiManagementSystem_Back/384376784/.m2/org/springframework/boot/spring-boot-autoconfigure/2.0.1.RELEASE/spring-boot-autoconfigure-2.0.1.RELEASE.jar:/root/./workspace/ApiManagementSystem/ApiManagementSystem_Back/384376784/.m2/org/springframework/boot/spring-boot-starter-web/2.0.1.RELEASE/spring-boot-starter-web-2.0.1.RELEASE.jar:/root/./workspace/ApiManagementSystem/ApiManagementSystem_Back/384376784/.m2/org/springframework/boot/spring-boot-starter/2.0.1.RELEASE/spring-boot-starter-2.0.1.RELEASE.jar:/root/./workspace/ApiManagementSystem/ApiManagementSystem_Back/384376784/.m2/org/springframework/boot/spring-boot-starter-logging/2.0.1.RELEASE/spring-boot-starter-logging-2.0.1.RELEASE.jar:/root/./workspace/ApiManagementSystem/ApiManagementSystem_Back/384376784/.m2/ch/qos/logback/logback-classic/1.2.3/logback-classic-1.2.3.jar:/root/./workspace/ApiManagementSystem/ApiManagementSystem_Back/384376784/.m2/ch/qos/logback/logback-core/1.2.3/logback-core-1.2.3.jar:/root/./workspace/ApiManagementSystem/ApiManagementSystem_Back/384376784/.m2/org/apache/logging/log4j/log4j-to-slf4j/2.10.0/log4j-to-slf4j-2.10.0.jar:/root/./workspace/ApiManagementSystem/ApiManagementSystem_Back/384376784/.m2/org/apache/logging/log4j/log4j-api/2.10.0/log4j-api-2.10.0.jar:/root/./workspace/ApiManagementSystem/ApiManagementSystem_Back/384376784/.m2/org/slf4j/jul-to-slf4j/1.7.25/jul-to-slf4j-1.7.25.jar:/root/./workspace/ApiManagementSystem/ApiManagementSystem_Back/384376784/.m2/javax/annotation/javax.annotation-api/1.3.2/javax.annotation-api-1.3.2.jar:/root/./workspace/ApiManagementSystem/ApiManagementSystem_Back/384376784/.m2/org/yaml/snakeyaml/1.19/snakeyaml-1.19.jar:/root/./workspace/ApiManagementSystem/ApiManagementSystem_Back/384376784/.m2/org/springframework/boot/spring-boot-starter-json/2.0.1.RELEASE/spring-boot-starter-json-2.0.1.RELEASE.jar:/root/./workspace/ApiManagementSystem/ApiManagementSystem_Back/384376784/.m2/com/fasterxml/jackson/core/jackson-databind/2.9.5/jackson-databind-2.9.5.jar:/root/./workspace/ApiManagementSystem/ApiManagementSystem_Back/384376784/.m2/com/fasterxml/jackson/core/jackson-annotations/2.9.0/jackson-annotations-2.9.0.jar:/root/./workspace/ApiManagementSystem/ApiManagementSystem_Back/384376784/.m2/com/fasterxml/jackson/core/jackson-core/2.9.5/jackson-core-2.9.5.jar:/root/./workspace/ApiManagementSystem/ApiManagementSystem_Back/384376784/.m2/com/fasterxml/jackson/datatype/jackson-datatype-jdk8/2.9.5/jackson-datatype-jdk8-2.9.5.jar:/root/./workspace/ApiManagementSystem/ApiManagementSystem_Back/384376784/.m2/com/fasterxml/jackson/datatype/jackson-datatype-jsr310/2.9.5/jackson-datatype-jsr310-2.9.5.jar:/root/./workspace/ApiManagementSystem/ApiManagementSystem_Back/384376784/.m2/com/fasterxml/jackson/module/jackson-module-parameter-names/2.9.5/jackson-module-parameter-names-2.9.5.jar:/root/./workspace/ApiManagementSystem/ApiManagementSystem_Back/384376784/.m2/org/springframework/boot/spring-boot-starter-tomcat/2.0.1.RELEASE/spring-boot-starter-tomcat-2.0.1.RELEASE.jar:/root/./workspace/ApiManagementSystem/ApiManagementSystem_Back/384376784/.m2/org/apache/tomcat/embed/tomcat-embed-core/8.5.29/tomcat-embed-core-8.5.29.jar:/root/./workspace/ApiManagementSystem/ApiManagementSystem_Back/384376784/.m2/org/apache/tomcat/embed/tomcat-embed-el/8.5.29/tomcat-embed-el-8.5.29.jar:/root/./workspace/ApiManagementSystem/ApiManagementSystem_Back/384376784/.m2/org/apache/tomcat/embed/tomcat-embed-websocket/8.5.29/tomcat-embed-websocket-8.5.29.jar:/root/./workspace/ApiManagementSystem/ApiManagementSystem_Back/384376784/.m2/org/hibernate/validator/hibernate-validator/6.0.9.Final/hibernate-validator-6.0.9.Final.jar:/root/./workspace/ApiManagementSystem/ApiManagementSystem_Back/384376784/.m2/javax/validation/validation-api/2.0.1.Final/validation-api-2.0.1.Final.jar:/root/./workspace/ApiManagementSystem/ApiManagementSystem_Back/384376784/.m2/com/fasterxml/classmate/1.3.4/classmate-1.3.4.jar:/root/./workspace/ApiManagementSystem/ApiManagementSystem_Back/384376784/.m2/org/springframework/spring-web/5.0.5.RELEASE/spring-web-5.0.5.RELEASE.jar:/root/./workspace/ApiManagementSystem/ApiManagementSystem_Back/384376784/.m2/org/springframework/spring-beans/5.0.5.RELEASE/spring-beans-5.0.5.RELEASE.jar:/root/./workspace/ApiManagementSystem/ApiManagementSystem_Back/384376784/.m2/org/springframework/spring-webmvc/5.0.5.RELEASE/spring-webmvc-5.0.5.RELEASE.jar:/root/./workspace/ApiManagementSystem/ApiManagementSystem_Back/384376784/.m2/org/springframework/spring-aop/5.0.5.RELEASE/spring-aop-5.0.5.RELEASE.jar:/root/./workspace/ApiManagementSystem/ApiManagementSystem_Back/384376784/.m2/org/springframework/spring-expression/5.0.5.RELEASE/spring-expression-5.0.5.RELEASE.jar:/root/./workspace/ApiManagementSystem/ApiManagementSystem_Back/384376784/.m2/org/springframework/boot/spring-boot-starter-test/2.0.1.RELEASE/spring-boot-starter-test-2.0.1.RELEASE.jar:/root/./workspace/ApiManagementSystem/ApiManagementSystem_Back/384376784/.m2/org/springframework/boot/spring-boot-test-autoconfigure/2.0.1.RELEASE/spring-boot-test-autoconfigure-2.0.1.RELEASE.jar:/root/./workspace/ApiManagementSystem/ApiManagementSystem_Back/384376784/.m2/com/jayway/jsonpath/json-path/2.4.0/json-path-2.4.0.jar:/root/./workspace/ApiManagementSystem/ApiManagementSystem_Back/384376784/.m2/net/minidev/json-smart/2.3/json-smart-2.3.jar:/root/./workspace/ApiManagementSystem/ApiManagementSystem_Back/384376784/.m2/net/minidev/accessors-smart/1.2/accessors-smart-1.2.jar:/root/./workspace/ApiManagementSystem/ApiManagementSystem_Back/384376784/.m2/org/ow2/asm/asm/5.0.4/asm-5.0.4.jar:/root/./workspace/ApiManagementSystem/ApiManagementSystem_Back/384376784/.m2/org/assertj/assertj-core/3.9.1/assertj-core-3.9.1.jar:/root/./workspace/ApiManagementSystem/ApiManagementSystem_Back/384376784/.m2/org/mockito/mockito-core/2.15.0/mockito-core-2.15.0.jar:/root/./workspace/ApiManagementSystem/ApiManagementSystem_Back/384376784/.m2/net/bytebuddy/byte-buddy/1.7.11/byte-buddy-1.7.11.jar:/root/./workspace/ApiManagementSystem/ApiManagementSystem_Back/384376784/.m2/net/bytebuddy/byte-buddy-agent/1.7.11/byte-buddy-agent-1.7.11.jar:/root/./workspace/ApiManagementSystem/ApiManagementSystem_Back/384376784/.m2/org/objenesis/objenesis/2.6/objenesis-2.6.jar:/root/./workspace/ApiManagementSystem/ApiManagementSystem_Back/384376784/.m2/org/hamcrest/hamcrest-core/1.3/hamcrest-core-1.3.jar:/root/./workspace/ApiManagementSystem/ApiManagementSystem_Back/384376784/.m2/org/hamcrest/hamcrest-library/1.3/hamcrest-library-1.3.jar:/root/./workspace/ApiManagementSystem/ApiManagementSystem_Back/384376784/.m2/org/skyscreamer/jsonassert/1.5.0/jsonassert-1.5.0.jar:/root/./workspace/ApiManagementSystem/ApiManagementSystem_Back/384376784/.m2/com/vaadin/external/google/android-json/0.0.20131108.vaadin1/android-json-0.0.20131108.vaadin1.jar:/root/./workspace/ApiManagementSystem/ApiManagementSystem_Back/384376784/.m2/org/springframework/spring-core/5.0.5.RELEASE/spring-core-5.0.5.RELEASE.jar:/root/./workspace/ApiManagementSystem/ApiManagementSystem_Back/384376784/.m2/org/springframework/spring-jcl/5.0.5.RELEASE/spring-jcl-5.0.5.RELEASE.jar:/root/./workspace/ApiManagementSystem/ApiManagementSystem_Back/384376784/.m2/org/xmlunit/xmlunit-core/2.5.1/xmlunit-core-2.5.1.jar:/root/./workspace/ApiManagementSystem/ApiManagementSystem_Back/384376784/.m2/com/alibaba/druid-spring-boot-starter/1.1.9/druid-spring-boot-starter-1.1.9.jar:/root/./workspace/ApiManagementSystem/ApiManagementSystem_Back/384376784/.m2/org/slf4j/slf4j-api/1.7.25/slf4j-api-1.7.25.jar:/root/./workspace/ApiManagementSystem/ApiManagementSystem_Back/384376784/.m2/org/mybatis/spring/boot/mybatis-spring-boot-starter/1.3.2/mybatis-spring-boot-starter-1.3.2.jar:/root/./workspace/ApiManagementSystem/ApiManagementSystem_Back/384376784/.m2/org/springframework/boot/spring-boot-starter-jdbc/2.0.1.RELEASE/spring-boot-starter-jdbc-2.0.1.RELEASE.jar:/root/./workspace/ApiManagementSystem/ApiManagementSystem_Back/384376784/.m2/com/zaxxer/HikariCP/2.7.8/HikariCP-2.7.8.jar:/root/./workspace/ApiManagementSystem/ApiManagementSystem_Back/384376784/.m2/org/springframework/spring-jdbc/5.0.5.RELEASE/spring-jdbc-5.0.5.RELEASE.jar:/root/./workspace/ApiManagementSystem/ApiManagementSystem_Back/384376784/.m2/org/springframework/spring-tx/5.0.5.RELEASE/spring-tx-5.0.5.RELEASE.jar:/root/./workspace/ApiManagementSystem/ApiManagementSystem_Back/384376784/.m2/org/mybatis/spring/boot/mybatis-spring-boot-autoconfigure/1.3.2/mybatis-spring-boot-autoconfigure-1.3.2.jar:/root/./workspace/ApiManagementSystem/ApiManagementSystem_Back/384376784/.m2/org/mybatis/mybatis/3.4.6/mybatis-3.4.6.jar:/root/./workspace/ApiManagementSystem/ApiManagementSystem_Back/384376784/.m2/org/mybatis/mybatis-spring/1.3.2/mybatis-spring-1.3.2.jar:/root/./workspace/ApiManagementSystem/ApiManagementSystem_Back/384376784/.m2/mysql/mysql-connector-java/5.1.46/mysql-connector-java-5.1.46.jar:/root/./workspace/ApiManagementSystem/ApiManagementSystem_Back/384376784/.m2/org/projectlombok/lombok/1.16.20/lombok-1.16.20.jar:/root/./workspace/ApiManagementSystem/ApiManagementSystem_Back/384376784/.m2/com/h2database/h2/1.4.197/h2-1.4.197.jar:/root/./workspace/ApiManagementSystem/ApiManagementSystem_Back/384376784/.m2/com/alibaba/druid/1.1.9/druid-1.1.9.jar:/root/./workspace/ApiManagementSystem/ApiManagementSystem_Back/384376784/.m2/com/github/pagehelper/pagehelper-spring-boot-starter/1.2.3/pagehelper-spring-boot-starter-1.2.3.jar:/root/./workspace/ApiManagementSystem/ApiManagementSystem_Back/384376784/.m2/com/github/pagehelper/pagehelper-spring-boot-autoconfigure/1.2.3/pagehelper-spring-boot-autoconfigure-1.2.3.jar:/root/./workspace/ApiManagementSystem/ApiManagementSystem_Back/384376784/.m2/com/github/pagehelper/pagehelper/5.1.2/pagehelper-5.1.2.jar:/root/./workspace/ApiManagementSystem/ApiManagementSystem_Back/384376784/.m2/com/github/jsqlparser/jsqlparser/1.0/jsqlparser-1.0.jar:/root/./workspace/ApiManagementSystem/ApiManagementSystem_Back/384376784/.m2/org/springframework/boot/spring-boot-starter-freemarker/2.0.1.RELEASE/spring-boot-starter-freemarker-2.0.1.RELEASE.jar:/root/./workspace/ApiManagementSystem/ApiManagementSystem_Back/384376784/.m2/org/freemarker/freemarker/2.3.28/freemarker-2.3.28.jar:/root/./workspace/ApiManagementSystem/ApiManagementSystem_Back/384376784/.m2/org/springframework/spring-context-support/5.0.5.RELEASE/spring-context-support-5.0.5.RELEASE.jar:/root/./workspace/ApiManagementSystem/ApiManagementSystem_Back/384376784/.m2/junit/junit/4.12/junit-4.12.jar:/root/./workspace/ApiManagementSystem/ApiManagementSystem_Back/384376784/.m2/org/springframework/boot/spring-boot-test/2.0.1.RELEASE/spring-boot-test-2.0.1.RELEASE.jar:/root/./workspace/ApiManagementSystem/ApiManagementSystem_Back/384376784/.m2/org/springframework/spring-test/5.0.5.RELEASE/spring-test-5.0.5.RELEASE.jar:/root/./workspace/ApiManagementSystem/ApiManagementSystem_Back/384376784/.m2/org/hibernate/hibernate-entitymanager/5.0.3.Final/hibernate-entitymanager-5.0.3.Final.jar:/root/./workspace/ApiManagementSystem/ApiManagementSystem_Back/384376784/.m2/org/jboss/logging/jboss-logging/3.3.2.Final/jboss-logging-3.3.2.Final.jar:/root/./workspace/ApiManagementSystem/ApiManagementSystem_Back/384376784/.m2/org/hibernate/hibernate-core/5.0.3.Final/hibernate-core-5.0.3.Final.jar:/root/./workspace/ApiManagementSystem/ApiManagementSystem_Back/384376784/.m2/antlr/antlr/2.7.7/antlr-2.7.7.jar:/root/./workspace/ApiManagementSystem/ApiManagementSystem_Back/384376784/.m2/org/jboss/jandex/2.0.0.CR1/jandex-2.0.0.CR1.jar:/root/./workspace/ApiManagementSystem/ApiManagementSystem_Back/384376784/.m2/dom4j/dom4j/1.6.1/dom4j-1.6.1.jar:/root/./workspace/ApiManagementSystem/ApiManagementSystem_Back/384376784/.m2/org/hibernate/common/hibernate-commons-annotations/5.0.0.Final/hibernate-commons-annotations-5.0.0.Final.jar:/root/./workspace/ApiManagementSystem/ApiManagementSystem_Back/384376784/.m2/org/hibernate/javax/persistence/hibernate-jpa-2.1-api/1.0.0.Final/hibernate-jpa-2.1-api-1.0.0.Final.jar:/root/./workspace/ApiManagementSystem/ApiManagementSystem_Back/384376784/.m2/org/apache/geronimo/specs/geronimo-jta_1.1_spec/1.1.1/geronimo-jta_1.1_spec-1.1.1.jar:/root/./workspace/ApiManagementSystem/ApiManagementSystem_Back/384376784/.m2/org/javassist/javassist/3.18.1-GA/javassist-3.18.1-GA.jar:/root/./workspace/ApiManagementSystem/ApiManagementSystem_Back/384376784/.m2/org/aspectj/aspectjweaver/1.8.13/aspectjweaver-1.8.13.jar:, user.name=root, skipITs=true, java.vm.specification.version=1.8, sun.java.command=/root/workspace/ApiManagementSystem/ApiManagementSystem_Back/384376784/target/surefire/surefirebooter7152036083411856063.jar /root/workspace/ApiManagementSystem/ApiManagementSystem_Back/384376784/target/surefire 2018-05-27T16-04-26_098-jvmRun1 surefire6153943750733719423tmp surefire_048783633616076797tmp, java.home=/usr/lib/jvm/java-8-openjdk-amd64/jre, sun.arch.data.model=64, user.language=en, java.specification.vendor=Oracle Corporation, dependency-check.skip=true, awt.toolkit=sun.awt.X11.XToolkit, java.vm.info=mixed mode, java.version=1.8.0_121, java.ext.dirs=/usr/lib/jvm/java-8-openjdk-amd64/jre/lib/ext:/usr/java/packages/lib/ext, sun.boot.class.path=/usr/lib/jvm/java-8-openjdk-amd64/jre/lib/resources.jar:/usr/lib/jvm/java-8-openjdk-amd64/jre/lib/rt.jar:/usr/lib/jvm/java-8-openjdk-amd64/jre/lib/sunrsasign.jar:/usr/lib/jvm/java-8-openjdk-amd64/jre/lib/jsse.jar:/usr/lib/jvm/java-8-openjdk-amd64/jre/lib/jce.jar:/usr/lib/jvm/java-8-openjdk-amd64/jre/lib/charsets.jar:/usr/lib/jvm/java-8-openjdk-amd64/jre/lib/jfr.jar:/usr/lib/jvm/java-8-openjdk-amd64/jre/classes, rat.skip=true, enforcer.skip=true, java.vendor=Oracle Corporation, localRepository=/root/./workspace/ApiManagementSystem/ApiManagementSystem_Back/384376784/.m2, file.separator=/, java.vendor.url.bug=http://bugreport.sun.com/bugreport/, sun.io.unicode.encoding=UnicodeLittle, sun.cpu.endian=little, sun.cpu.isalist=}}, SystemEnvironmentPropertySource@85748029 {name='systemEnvironment', properties={PATH=/usr/local/sbin:/usr/local/bin:/usr/sbin:/usr/bin:/sbin:/bin, JAVA_HOME=/usr/lib/jvm/java-8-openjdk-amd64, NOTIFY_TO=, CA_CERTIFICATES_JAVA_VERSION=20161107~bpo8+1, MONGODB_HOST=, BUILD_ID=, LANG=C.UTF-8, MAVEN_HOME=/usr/share/maven, SMTP_SERVER=, MONGODB_NAME=, REPAIR_MODE=repair, PWD=/root/workspace/ApiManagementSystem/ApiManagementSystem_Back/384376784, JAVA_VERSION=8u121, GITHUB_OAUTH=, MAVEN_CMD_LINE_ARGS=/root/.m2 -B -D enforcer.skip=true -D dependency-check.skip=true -D skipITs=true -D cobertura.skip=true -D maven.repo.local=/root/./workspace/ApiManagementSystem/ApiManagementSystem_Back/384376784/.m2 -D rat.skip=true -D findbugs.skip=true -D skip.bower=true -D gpg.skip=true -D checkstyle.skip=true -D skip.gulp=true -D license.skip=true -D skip.npm=true test, _=/usr/bin/java, OUTPUT=, MAVEN_TERMINATE_CMD=on, MAVEN_CONFIG=/root/.m2, MAVEN_PROJECTBASEDIR=/root/workspace/ApiManagementSystem/ApiManagementSystem_Back/384376784, OLDPWD=/root/workspace/ApiManagementSystem/ApiManagementSystem_Back/384376784, LOG_FILENAME=repairnator-pipeline_2018-05-27_1603_384376784_a07f2924-0f98-4c38-b417-359e0862e5f3, RUN_ID=, HOSTNAME=spirals-vortex.lille.inria.fr, JAVA_DEBIAN_VERSION=8u121-b13-1~bpo8+1, M2_HOME=/usr/share/maven, REPAIR_TOOLS=Nopol,AstorJMut,NPEFix, HOME=/root, SHLVL=1, PUSH_URL=}}]
16:04:28.037 [main] DEBUG org.springframework.core.io.support.PathMatchingResourcePatternResolver - Resolved classpath location [com/may/apimanagementsystem/user/dao/] to resources [URL [file:/root/workspace/ApiManagementSystem/ApiManagementSystem_Back/384376784/target/test-classes/com/may/apimanagementsystem/user/dao/]]
16:04:28.037 [main] DEBUG org.springframework.core.io.support.PathMatchingResourcePatternResolver - Looking for matching resources in directory tree [/root/workspace/ApiManagementSystem/ApiManagementSystem_Back/384376784/target/test-classes/com/may/apimanagementsystem/user/dao]
16:04:28.037 [main] DEBUG org.springframework.core.io.support.PathMatchingResourcePatternResolver - Searching directory [/root/workspace/ApiManagementSystem/ApiManagementSystem_Back/384376784/target/test-classes/com/may/apimanagementsystem/user/dao] for files matching pattern [/root/workspace/ApiManagementSystem/ApiManagementSystem_Back/384376784/target/test-classes/com/may/apimanagementsystem/user/dao/*.class]
16:04:28.040 [main] DEBUG org.springframework.core.io.support.PathMatchingResourcePatternResolver - Resolved location pattern [classpath*:com/may/apimanagementsystem/user/dao/*.class] to resources [file [/root/workspace/ApiManagementSystem/ApiManagementSystem_Back/384376784/target/test-classes/com/may/apimanagementsystem/user/dao/InterfaceDaoTest.class], file [/root/workspace/ApiManagementSystem/ApiManagementSystem_Back/384376784/target/test-classes/com/may/apimanagementsystem/user/dao/MessageDaoTest.class], file [/root/workspace/ApiManagementSystem/ApiManagementSystem_Back/384376784/target/test-classes/com/may/apimanagementsystem/user/dao/ProjectDaoTest.class], file [/root/workspace/ApiManagementSystem/ApiManagementSystem_Back/384376784/target/test-classes/com/may/apimanagementsystem/user/dao/TeamDaoTest.class], file [/root/workspace/ApiManagementSystem/ApiManagementSystem_Back/384376784/target/test-classes/com/may/apimanagementsystem/user/dao/TeamMemberDaoTest.class], file [/root/workspace/ApiManagementSystem/ApiManagementSystem_Back/384376784/target/test-classes/com/may/apimanagementsystem/user/dao/TeamProjectDaoTest.class], file [/root/workspace/ApiManagementSystem/ApiManagementSystem_Back/384376784/target/test-classes/com/may/apimanagementsystem/user/dao/UserDaoTest.class]]
16:04:28.069 [main] DEBUG org.springframework.core.io.support.PathMatchingResourcePatternResolver - Resolved classpath location [com/may/apimanagementsystem/user/] to resources [URL [file:/root/workspace/ApiManagementSystem/ApiManagementSystem_Back/384376784/target/test-classes/com/may/apimanagementsystem/user/]]
16:04:28.069 [main] DEBUG org.springframework.core.io.support.PathMatchingResourcePatternResolver - Looking for matching resources in directory tree [/root/workspace/ApiManagementSystem/ApiManagementSystem_Back/384376784/target/test-classes/com/may/apimanagementsystem/user]
16:04:28.069 [main] DEBUG org.springframework.core.io.support.PathMatchingResourcePatternResolver - Searching directory [/root/workspace/ApiManagementSystem/ApiManagementSystem_Back/384376784/target/test-classes/com/may/apimanagementsystem/user] for files matching pattern [/root/workspace/ApiManagementSystem/ApiManagementSystem_Back/384376784/target/test-classes/com/may/apimanagementsystem/user/*.class]
16:04:28.070 [main] DEBUG org.springframework.core.io.support.PathMatchingResourcePatternResolver - Resolved location pattern [classpath*:com/may/apimanagementsystem/user/*.class] to resources []
16:04:28.070 [main] DEBUG org.springframework.core.io.support.PathMatchingResourcePatternResolver - Resolved classpath location [com/may/apimanagementsystem/] to resources [URL [file:/root/workspace/ApiManagementSystem/ApiManagementSystem_Back/384376784/target/test-classes/com/may/apimanagementsystem/], URL [file:/root/workspace/ApiManagementSystem/ApiManagementSystem_Back/384376784/target/classes/com/may/apimanagementsystem/]]
16:04:28.070 [main] DEBUG org.springframework.core.io.support.PathMatchingResourcePatternResolver - Looking for matching resources in directory tree [/root/workspace/ApiManagementSystem/ApiManagementSystem_Back/384376784/target/test-classes/com/may/apimanagementsystem]
16:04:28.070 [main] DEBUG org.springframework.core.io.support.PathMatchingResourcePatternResolver - Searching directory [/root/workspace/ApiManagementSystem/ApiManagementSystem_Back/384376784/target/test-classes/com/may/apimanagementsystem] for files matching pattern [/root/workspace/ApiManagementSystem/ApiManagementSystem_Back/384376784/target/test-classes/com/may/apimanagementsystem/*.class]
16:04:28.071 [main] DEBUG org.springframework.core.io.support.PathMatchingResourcePatternResolver - Looking for matching resources in directory tree [/root/workspace/ApiManagementSystem/ApiManagementSystem_Back/384376784/target/classes/com/may/apimanagementsystem]
16:04:28.071 [main] DEBUG org.springframework.core.io.support.PathMatchingResourcePatternResolver - Searching directory [/root/workspace/ApiManagementSystem/ApiManagementSystem_Back/384376784/target/classes/com/may/apimanagementsystem] for files matching pattern [/root/workspace/ApiManagementSystem/ApiManagementSystem_Back/384376784/target/classes/com/may/apimanagementsystem/*.class]
16:04:28.072 [main] DEBUG org.springframework.core.io.support.PathMatchingResourcePatternResolver - Resolved location pattern [classpath*:com/may/apimanagementsystem/*.class] to resources [file [/root/workspace/ApiManagementSystem/ApiManagementSystem_Back/384376784/target/classes/com/may/apimanagementsystem/ApimanagementsystemApplication.class]]
16:04:28.099 [main] DEBUG org.springframework.context.annotation.ClassPathScanningCandidateComponentProvider - Identified candidate component class: file [/root/workspace/ApiManagementSystem/ApiManagementSystem_Back/384376784/target/classes/com/may/apimanagementsystem/ApimanagementsystemApplication.class]
16:04:28.100 [main] INFO org.springframework.boot.test.context.SpringBootTestContextBootstrapper - Found @SpringBootConfiguration com.may.apimanagementsystem.ApimanagementsystemApplication for test class com.may.apimanagementsystem.user.dao.MessageDaoTest
16:04:28.214 [main] DEBUG org.springframework.boot.test.context.SpringBootTestContextBootstrapper - @TestExecutionListeners is not present for class [com.may.apimanagementsystem.user.dao.MessageDaoTest]: using defaults.
16:04:28.214 [main] INFO org.springframework.boot.test.context.SpringBootTestContextBootstrapper - Loaded default TestExecutionListener class names from location [META-INF/spring.factories]: [org.springframework.boot.test.autoconfigure.restdocs.RestDocsTestExecutionListener, org.springframework.boot.test.autoconfigure.web.client.MockRestServiceServerResetTestExecutionListener, org.springframework.boot.test.autoconfigure.web.servlet.MockMvcPrintOnlyOnFailureTestExecutionListener, org.springframework.boot.test.autoconfigure.web.servlet.WebDriverTestExecutionListener, org.springframework.boot.test.mock.mockito.MockitoTestExecutionListener, org.springframework.boot.test.mock.mockito.ResetMocksTestExecutionListener, org.springframework.test.context.web.ServletTestExecutionListener, org.springframework.test.context.support.DirtiesContextBeforeModesTestExecutionListener, org.springframework.test.context.support.DependencyInjectionTestExecutionListener, org.springframework.test.context.support.DirtiesContextTestExecutionListener, org.springframework.test.context.transaction.TransactionalTestExecutionListener, org.springframework.test.context.jdbc.SqlScriptsTestExecutionListener]
16:04:28.232 [main] INFO org.springframework.boot.test.context.SpringBootTestContextBootstrapper - Using TestExecutionListeners: [org.springframework.test.context.web.ServletTestExecutionListener@c5dc4a2, org.springframework.test.context.support.DirtiesContextBeforeModesTestExecutionListener@4a194c39, org.springframework.boot.test.mock.mockito.MockitoTestExecutionListener@52066604, org.springframework.boot.test.autoconfigure.SpringBootDependencyInjectionTestExecutionListener@340b9973, org.springframework.test.context.support.DirtiesContextTestExecutionListener@56113384, org.springframework.test.context.transaction.TransactionalTestExecutionListener@5669c5fb, org.springframework.test.context.jdbc.SqlScriptsTestExecutionListener@373ebf74, org.springframework.boot.test.autoconfigure.restdocs.RestDocsTestExecutionListener@5f9678e1, org.springframework.boot.test.autoconfigure.web.client.MockRestServiceServerResetTestExecutionListener@c4ed84, org.springframework.boot.test.autoconfigure.web.servlet.MockMvcPrintOnlyOnFailureTestExecutionListener@189aa67a, org.springframework.boot.test.autoconfigure.web.servlet.WebDriverTestExecutionListener@5a9d6f02, org.springframework.boot.test.mock.mockito.ResetMocksTestExecutionListener@362045c0]
16:04:28.233 [main] DEBUG org.springframework.test.annotation.ProfileValueUtils - Retrieved @ProfileValueSourceConfiguration [null] for test class [com.may.apimanagementsystem.user.dao.MessageDaoTest]
16:04:28.234 [main] DEBUG org.springframework.test.annotation.ProfileValueUtils - Retrieved ProfileValueSource type [class org.springframework.test.annotation.SystemProfileValueSource] for class [com.may.apimanagementsystem.user.dao.MessageDaoTest]
16:04:28.234 [main] DEBUG org.springframework.test.annotation.ProfileValueUtils - Retrieved @ProfileValueSourceConfiguration [null] for test class [com.may.apimanagementsystem.user.dao.MessageDaoTest]
16:04:28.234 [main] DEBUG org.springframework.test.annotation.ProfileValueUtils - Retrieved ProfileValueSource type [class org.springframework.test.annotation.SystemProfileValueSource] for class [com.may.apimanagementsystem.user.dao.MessageDaoTest]
16:04:28.235 [main] DEBUG org.springframework.test.annotation.ProfileValueUtils - Retrieved @ProfileValueSourceConfiguration [null] for test class [com.may.apimanagementsystem.user.dao.MessageDaoTest]
16:04:28.235 [main] DEBUG org.springframework.test.annotation.ProfileValueUtils - Retrieved ProfileValueSource type [class org.springframework.test.annotation.SystemProfileValueSource] for class [com.may.apimanagementsystem.user.dao.MessageDaoTest]
16:04:28.238 [main] DEBUG org.springframework.test.context.support.AbstractDirtiesContextTestExecutionListener - Before test class: context [DefaultTestContext@613a8ee1 testClass = MessageDaoTest, testInstance = [null], testMethod = [null], testException = [null], mergedContextConfiguration = [WebMergedContextConfiguration@178213b testClass = MessageDaoTest, locations = '{}', classes = '{class com.may.apimanagementsystem.ApimanagementsystemApplication}', contextInitializerClasses = '[]', activeProfiles = '{dev}', propertySourceLocations = '{}', propertySourceProperties = '{org.springframework.boot.test.context.SpringBootTestContextBootstrapper=true}', contextCustomizers = set[org.springframework.boot.test.autoconfigure.properties.PropertyMappingContextCustomizer@0, org.springframework.boot.test.autoconfigure.web.servlet.WebDriverContextCustomizerFactory$Customizer@93081b6, org.springframework.boot.test.context.filter.ExcludeFilterContextCustomizer@16c069df, org.springframework.boot.test.json.DuplicateJsonObjectContextCustomizerFactory$DuplicateJsonObjectContextCustomizer@3336e6b6, org.springframework.boot.test.mock.mockito.MockitoContextCustomizer@0, org.springframework.boot.test.web.client.TestRestTemplateContextCustomizer@2a7ed1f], resourceBasePath = 'src/main/webapp', contextLoader = 'org.springframework.boot.test.context.SpringBootContextLoader', parent = [null]], attributes = map['org.springframework.test.context.web.ServletTestExecutionListener.activateListener' -> true]], class annotated with @DirtiesContext [false] with mode [null].
16:04:28.238 [main] DEBUG org.springframework.test.annotation.ProfileValueUtils - Retrieved @ProfileValueSourceConfiguration [null] for test class [com.may.apimanagementsystem.user.dao.MessageDaoTest]
16:04:28.238 [main] DEBUG org.springframework.test.annotation.ProfileValueUtils - Retrieved ProfileValueSource type [class org.springframework.test.annotation.SystemProfileValueSource] for class [com.may.apimanagementsystem.user.dao.MessageDaoTest]
16:04:28.257 [main] DEBUG org.springframework.core.env.StandardEnvironment - Adding PropertySource 'systemProperties' with lowest search precedence
16:04:28.257 [main] DEBUG org.springframework.core.env.StandardEnvironment - Adding PropertySource 'systemEnvironment' with lowest search precedence
16:04:28.258 [main] DEBUG org.springframework.core.env.StandardEnvironment - Initialized StandardEnvironment with PropertySources [MapPropertySource@768776793 {name='systemProperties', properties={java.runtime.name=OpenJDK Runtime Environment, sun.boot.library.path=/usr/lib/jvm/java-8-openjdk-amd64/jre/lib/amd64, java.vm.version=25.121-b13, java.vm.vendor=Oracle Corporation, java.vendor.url=http://java.oracle.com/, skip.gulp=true, path.separator=:, java.vm.name=OpenJDK 64-Bit Server VM, file.encoding.pkg=sun.io, findbugs.skip=true, sun.java.launcher=SUN_STANDARD, sun.os.patch.level=unknown, java.vm.specification.name=Java Virtual Machine Specification, user.dir=/root/workspace/ApiManagementSystem/ApiManagementSystem_Back/384376784, checkstyle.skip=true, java.runtime.version=1.8.0_121-8u121-b13-1~bpo8+1-b13, skip.npm=true, basedir=/root/workspace/ApiManagementSystem/ApiManagementSystem_Back/384376784, java.awt.graphicsenv=sun.awt.X11GraphicsEnvironment, java.endorsed.dirs=/usr/lib/jvm/java-8-openjdk-amd64/jre/lib/endorsed, os.arch=amd64, surefire.real.class.path=/root/workspace/ApiManagementSystem/ApiManagementSystem_Back/384376784/target/surefire/surefirebooter7152036083411856063.jar, gpg.skip=true, java.io.tmpdir=/tmp, line.separator=
, cobertura.skip=true, java.vm.specification.vendor=Oracle Corporation, os.name=Linux, sun.jnu.encoding=UTF-8, license.skip=true, java.library.path=/usr/java/packages/lib/amd64:/usr/lib/x86_64-linux-gnu/jni:/lib/x86_64-linux-gnu:/usr/lib/x86_64-linux-gnu:/usr/lib/jni:/lib:/usr/lib, surefire.test.class.path=/root/workspace/ApiManagementSystem/ApiManagementSystem_Back/384376784/target/test-classes:/root/workspace/ApiManagementSystem/ApiManagementSystem_Back/384376784/target/classes:/root/./workspace/ApiManagementSystem/ApiManagementSystem_Back/384376784/.m2/org/springframework/boot/spring-boot-devtools/2.0.1.RELEASE/spring-boot-devtools-2.0.1.RELEASE.jar:/root/./workspace/ApiManagementSystem/ApiManagementSystem_Back/384376784/.m2/org/springframework/boot/spring-boot/2.0.1.RELEASE/spring-boot-2.0.1.RELEASE.jar:/root/./workspace/ApiManagementSystem/ApiManagementSystem_Back/384376784/.m2/org/springframework/spring-context/5.0.5.RELEASE/spring-context-5.0.5.RELEASE.jar:/root/./workspace/ApiManagementSystem/ApiManagementSystem_Back/384376784/.m2/org/springframework/boot/spring-boot-autoconfigure/2.0.1.RELEASE/spring-boot-autoconfigure-2.0.1.RELEASE.jar:/root/./workspace/ApiManagementSystem/ApiManagementSystem_Back/384376784/.m2/org/springframework/boot/spring-boot-starter-web/2.0.1.RELEASE/spring-boot-starter-web-2.0.1.RELEASE.jar:/root/./workspace/ApiManagementSystem/ApiManagementSystem_Back/384376784/.m2/org/springframework/boot/spring-boot-starter/2.0.1.RELEASE/spring-boot-starter-2.0.1.RELEASE.jar:/root/./workspace/ApiManagementSystem/ApiManagementSystem_Back/384376784/.m2/org/springframework/boot/spring-boot-starter-logging/2.0.1.RELEASE/spring-boot-starter-logging-2.0.1.RELEASE.jar:/root/./workspace/ApiManagementSystem/ApiManagementSystem_Back/384376784/.m2/ch/qos/logback/logback-classic/1.2.3/logback-classic-1.2.3.jar:/root/./workspace/ApiManagementSystem/ApiManagementSystem_Back/384376784/.m2/ch/qos/logback/logback-core/1.2.3/logback-core-1.2.3.jar:/root/./workspace/ApiManagementSystem/ApiManagementSystem_Back/384376784/.m2/org/apache/logging/log4j/log4j-to-slf4j/2.10.0/log4j-to-slf4j-2.10.0.jar:/root/./workspace/ApiManagementSystem/ApiManagementSystem_Back/384376784/.m2/org/apache/logging/log4j/log4j-api/2.10.0/log4j-api-2.10.0.jar:/root/./workspace/ApiManagementSystem/ApiManagementSystem_Back/384376784/.m2/org/slf4j/jul-to-slf4j/1.7.25/jul-to-slf4j-1.7.25.jar:/root/./workspace/ApiManagementSystem/ApiManagementSystem_Back/384376784/.m2/javax/annotation/javax.annotation-api/1.3.2/javax.annotation-api-1.3.2.jar:/root/./workspace/ApiManagementSystem/ApiManagementSystem_Back/384376784/.m2/org/yaml/snakeyaml/1.19/snakeyaml-1.19.jar:/root/./workspace/ApiManagementSystem/ApiManagementSystem_Back/384376784/.m2/org/springframework/boot/spring-boot-starter-json/2.0.1.RELEASE/spring-boot-starter-json-2.0.1.RELEASE.jar:/root/./workspace/ApiManagementSystem/ApiManagementSystem_Back/384376784/.m2/com/fasterxml/jackson/core/jackson-databind/2.9.5/jackson-databind-2.9.5.jar:/root/./workspace/ApiManagementSystem/ApiManagementSystem_Back/384376784/.m2/com/fasterxml/jackson/core/jackson-annotations/2.9.0/jackson-annotations-2.9.0.jar:/root/./workspace/ApiManagementSystem/ApiManagementSystem_Back/384376784/.m2/com/fasterxml/jackson/core/jackson-core/2.9.5/jackson-core-2.9.5.jar:/root/./workspace/ApiManagementSystem/ApiManagementSystem_Back/384376784/.m2/com/fasterxml/jackson/datatype/jackson-datatype-jdk8/2.9.5/jackson-datatype-jdk8-2.9.5.jar:/root/./workspace/ApiManagementSystem/ApiManagementSystem_Back/384376784/.m2/com/fasterxml/jackson/datatype/jackson-datatype-jsr310/2.9.5/jackson-datatype-jsr310-2.9.5.jar:/root/./workspace/ApiManagementSystem/ApiManagementSystem_Back/384376784/.m2/com/fasterxml/jackson/module/jackson-module-parameter-names/2.9.5/jackson-module-parameter-names-2.9.5.jar:/root/./workspace/ApiManagementSystem/ApiManagementSystem_Back/384376784/.m2/org/springframework/boot/spring-boot-starter-tomcat/2.0.1.RELEASE/spring-boot-starter-tomcat-2.0.1.RELEASE.jar:/root/./workspace/ApiManagementSystem/ApiManagementSystem_Back/384376784/.m2/org/apache/tomcat/embed/tomcat-embed-core/8.5.29/tomcat-embed-core-8.5.29.jar:/root/./workspace/ApiManagementSystem/ApiManagementSystem_Back/384376784/.m2/org/apache/tomcat/embed/tomcat-embed-el/8.5.29/tomcat-embed-el-8.5.29.jar:/root/./workspace/ApiManagementSystem/ApiManagementSystem_Back/384376784/.m2/org/apache/tomcat/embed/tomcat-embed-websocket/8.5.29/tomcat-embed-websocket-8.5.29.jar:/root/./workspace/ApiManagementSystem/ApiManagementSystem_Back/384376784/.m2/org/hibernate/validator/hibernate-validator/6.0.9.Final/hibernate-validator-6.0.9.Final.jar:/root/./workspace/ApiManagementSystem/ApiManagementSystem_Back/384376784/.m2/javax/validation/validation-api/2.0.1.Final/validation-api-2.0.1.Final.jar:/root/./workspace/ApiManagementSystem/ApiManagementSystem_Back/384376784/.m2/com/fasterxml/classmate/1.3.4/classmate-1.3.4.jar:/root/./workspace/ApiManagementSystem/ApiManagementSystem_Back/384376784/.m2/org/springframework/spring-web/5.0.5.RELEASE/spring-web-5.0.5.RELEASE.jar:/root/./workspace/ApiManagementSystem/ApiManagementSystem_Back/384376784/.m2/org/springframework/spring-beans/5.0.5.RELEASE/spring-beans-5.0.5.RELEASE.jar:/root/./workspace/ApiManagementSystem/ApiManagementSystem_Back/384376784/.m2/org/springframework/spring-webmvc/5.0.5.RELEASE/spring-webmvc-5.0.5.RELEASE.jar:/root/./workspace/ApiManagementSystem/ApiManagementSystem_Back/384376784/.m2/org/springframework/spring-aop/5.0.5.RELEASE/spring-aop-5.0.5.RELEASE.jar:/root/./workspace/ApiManagementSystem/ApiManagementSystem_Back/384376784/.m2/org/springframework/spring-expression/5.0.5.RELEASE/spring-expression-5.0.5.RELEASE.jar:/root/./workspace/ApiManagementSystem/ApiManagementSystem_Back/384376784/.m2/org/springframework/boot/spring-boot-starter-test/2.0.1.RELEASE/spring-boot-starter-test-2.0.1.RELEASE.jar:/root/./workspace/ApiManagementSystem/ApiManagementSystem_Back/384376784/.m2/org/springframework/boot/spring-boot-test-autoconfigure/2.0.1.RELEASE/spring-boot-test-autoconfigure-2.0.1.RELEASE.jar:/root/./workspace/ApiManagementSystem/ApiManagementSystem_Back/384376784/.m2/com/jayway/jsonpath/json-path/2.4.0/json-path-2.4.0.jar:/root/./workspace/ApiManagementSystem/ApiManagementSystem_Back/384376784/.m2/net/minidev/json-smart/2.3/json-smart-2.3.jar:/root/./workspace/ApiManagementSystem/ApiManagementSystem_Back/384376784/.m2/net/minidev/accessors-smart/1.2/accessors-smart-1.2.jar:/root/./workspace/ApiManagementSystem/ApiManagementSystem_Back/384376784/.m2/org/ow2/asm/asm/5.0.4/asm-5.0.4.jar:/root/./workspace/ApiManagementSystem/ApiManagementSystem_Back/384376784/.m2/org/assertj/assertj-core/3.9.1/assertj-core-3.9.1.jar:/root/./workspace/ApiManagementSystem/ApiManagementSystem_Back/384376784/.m2/org/mockito/mockito-core/2.15.0/mockito-core-2.15.0.jar:/root/./workspace/ApiManagementSystem/ApiManagementSystem_Back/384376784/.m2/net/bytebuddy/byte-buddy/1.7.11/byte-buddy-1.7.11.jar:/root/./workspace/ApiManagementSystem/ApiManagementSystem_Back/384376784/.m2/net/bytebuddy/byte-buddy-agent/1.7.11/byte-buddy-agent-1.7.11.jar:/root/./workspace/ApiManagementSystem/ApiManagementSystem_Back/384376784/.m2/org/objenesis/objenesis/2.6/objenesis-2.6.jar:/root/./workspace/ApiManagementSystem/ApiManagementSystem_Back/384376784/.m2/org/hamcrest/hamcrest-core/1.3/hamcrest-core-1.3.jar:/root/./workspace/ApiManagementSystem/ApiManagementSystem_Back/384376784/.m2/org/hamcrest/hamcrest-library/1.3/hamcrest-library-1.3.jar:/root/./workspace/ApiManagementSystem/ApiManagementSystem_Back/384376784/.m2/org/skyscreamer/jsonassert/1.5.0/jsonassert-1.5.0.jar:/root/./workspace/ApiManagementSystem/ApiManagementSystem_Back/384376784/.m2/com/vaadin/external/google/android-json/0.0.20131108.vaadin1/android-json-0.0.20131108.vaadin1.jar:/root/./workspace/ApiManagementSystem/ApiManagementSystem_Back/384376784/.m2/org/springframework/spring-core/5.0.5.RELEASE/spring-core-5.0.5.RELEASE.jar:/root/./workspace/ApiManagementSystem/ApiManagementSystem_Back/384376784/.m2/org/springframework/spring-jcl/5.0.5.RELEASE/spring-jcl-5.0.5.RELEASE.jar:/root/./workspace/ApiManagementSystem/ApiManagementSystem_Back/384376784/.m2/org/xmlunit/xmlunit-core/2.5.1/xmlunit-core-2.5.1.jar:/root/./workspace/ApiManagementSystem/ApiManagementSystem_Back/384376784/.m2/com/alibaba/druid-spring-boot-starter/1.1.9/druid-spring-boot-starter-1.1.9.jar:/root/./workspace/ApiManagementSystem/ApiManagementSystem_Back/384376784/.m2/org/slf4j/slf4j-api/1.7.25/slf4j-api-1.7.25.jar:/root/./workspace/ApiManagementSystem/ApiManagementSystem_Back/384376784/.m2/org/mybatis/spring/boot/mybatis-spring-boot-starter/1.3.2/mybatis-spring-boot-starter-1.3.2.jar:/root/./workspace/ApiManagementSystem/ApiManagementSystem_Back/384376784/.m2/org/springframework/boot/spring-boot-starter-jdbc/2.0.1.RELEASE/spring-boot-starter-jdbc-2.0.1.RELEASE.jar:/root/./workspace/ApiManagementSystem/ApiManagementSystem_Back/384376784/.m2/com/zaxxer/HikariCP/2.7.8/HikariCP-2.7.8.jar:/root/./workspace/ApiManagementSystem/ApiManagementSystem_Back/384376784/.m2/org/springframework/spring-jdbc/5.0.5.RELEASE/spring-jdbc-5.0.5.RELEASE.jar:/root/./workspace/ApiManagementSystem/ApiManagementSystem_Back/384376784/.m2/org/springframework/spring-tx/5.0.5.RELEASE/spring-tx-5.0.5.RELEASE.jar:/root/./workspace/ApiManagementSystem/ApiManagementSystem_Back/384376784/.m2/org/mybatis/spring/boot/mybatis-spring-boot-autoconfigure/1.3.2/mybatis-spring-boot-autoconfigure-1.3.2.jar:/root/./workspace/ApiManagementSystem/ApiManagementSystem_Back/384376784/.m2/org/mybatis/mybatis/3.4.6/mybatis-3.4.6.jar:/root/./workspace/ApiManagementSystem/ApiManagementSystem_Back/384376784/.m2/org/mybatis/mybatis-spring/1.3.2/mybatis-spring-1.3.2.jar:/root/./workspace/ApiManagementSystem/ApiManagementSystem_Back/384376784/.m2/mysql/mysql-connector-java/5.1.46/mysql-connector-java-5.1.46.jar:/root/./workspace/ApiManagementSystem/ApiManagementSystem_Back/384376784/.m2/org/projectlombok/lombok/1.16.20/lombok-1.16.20.jar:/root/./workspace/ApiManagementSystem/ApiManagementSystem_Back/384376784/.m2/com/h2database/h2/1.4.197/h2-1.4.197.jar:/root/./workspace/ApiManagementSystem/ApiManagementSystem_Back/384376784/.m2/com/alibaba/druid/1.1.9/druid-1.1.9.jar:/root/./workspace/ApiManagementSystem/ApiManagementSystem_Back/384376784/.m2/com/github/pagehelper/pagehelper-spring-boot-starter/1.2.3/pagehelper-spring-boot-starter-1.2.3.jar:/root/./workspace/ApiManagementSystem/ApiManagementSystem_Back/384376784/.m2/com/github/pagehelper/pagehelper-spring-boot-autoconfigure/1.2.3/pagehelper-spring-boot-autoconfigure-1.2.3.jar:/root/./workspace/ApiManagementSystem/ApiManagementSystem_Back/384376784/.m2/com/github/pagehelper/pagehelper/5.1.2/pagehelper-5.1.2.jar:/root/./workspace/ApiManagementSystem/ApiManagementSystem_Back/384376784/.m2/com/github/jsqlparser/jsqlparser/1.0/jsqlparser-1.0.jar:/root/./workspace/ApiManagementSystem/ApiManagementSystem_Back/384376784/.m2/org/springframework/boot/spring-boot-starter-freemarker/2.0.1.RELEASE/spring-boot-starter-freemarker-2.0.1.RELEASE.jar:/root/./workspace/ApiManagementSystem/ApiManagementSystem_Back/384376784/.m2/org/freemarker/freemarker/2.3.28/freemarker-2.3.28.jar:/root/./workspace/ApiManagementSystem/ApiManagementSystem_Back/384376784/.m2/org/springframework/spring-context-support/5.0.5.RELEASE/spring-context-support-5.0.5.RELEASE.jar:/root/./workspace/ApiManagementSystem/ApiManagementSystem_Back/384376784/.m2/junit/junit/4.12/junit-4.12.jar:/root/./workspace/ApiManagementSystem/ApiManagementSystem_Back/384376784/.m2/org/springframework/boot/spring-boot-test/2.0.1.RELEASE/spring-boot-test-2.0.1.RELEASE.jar:/root/./workspace/ApiManagementSystem/ApiManagementSystem_Back/384376784/.m2/org/springframework/spring-test/5.0.5.RELEASE/spring-test-5.0.5.RELEASE.jar:/root/./workspace/ApiManagementSystem/ApiManagementSystem_Back/384376784/.m2/org/hibernate/hibernate-entitymanager/5.0.3.Final/hibernate-entitymanager-5.0.3.Final.jar:/root/./workspace/ApiManagementSystem/ApiManagementSystem_Back/384376784/.m2/org/jboss/logging/jboss-logging/3.3.2.Final/jboss-logging-3.3.2.Final.jar:/root/./workspace/ApiManagementSystem/ApiManagementSystem_Back/384376784/.m2/org/hibernate/hibernate-core/5.0.3.Final/hibernate-core-5.0.3.Final.jar:/root/./workspace/ApiManagementSystem/ApiManagementSystem_Back/384376784/.m2/antlr/antlr/2.7.7/antlr-2.7.7.jar:/root/./workspace/ApiManagementSystem/ApiManagementSystem_Back/384376784/.m2/org/jboss/jandex/2.0.0.CR1/jandex-2.0.0.CR1.jar:/root/./workspace/ApiManagementSystem/ApiManagementSystem_Back/384376784/.m2/dom4j/dom4j/1.6.1/dom4j-1.6.1.jar:/root/./workspace/ApiManagementSystem/ApiManagementSystem_Back/384376784/.m2/org/hibernate/common/hibernate-commons-annotations/5.0.0.Final/hibernate-commons-annotations-5.0.0.Final.jar:/root/./workspace/ApiManagementSystem/ApiManagementSystem_Back/384376784/.m2/org/hibernate/javax/persistence/hibernate-jpa-2.1-api/1.0.0.Final/hibernate-jpa-2.1-api-1.0.0.Final.jar:/root/./workspace/ApiManagementSystem/ApiManagementSystem_Back/384376784/.m2/org/apache/geronimo/specs/geronimo-jta_1.1_spec/1.1.1/geronimo-jta_1.1_spec-1.1.1.jar:/root/./workspace/ApiManagementSystem/ApiManagementSystem_Back/384376784/.m2/org/javassist/javassist/3.18.1-GA/javassist-3.18.1-GA.jar:/root/./workspace/ApiManagementSystem/ApiManagementSystem_Back/384376784/.m2/org/aspectj/aspectjweaver/1.8.13/aspectjweaver-1.8.13.jar:, java.specification.name=Java Platform API Specification, java.class.version=52.0, skip.bower=true, sun.management.compiler=HotSpot 64-Bit Tiered Compilers, maven.repo.local=/root/./workspace/ApiManagementSystem/ApiManagementSystem_Back/384376784/.m2, os.version=3.10.0-862.2.3.el7.x86_64, user.home=/root, user.timezone=Europe/Paris, java.awt.printerjob=sun.print.PSPrinterJob, file.encoding=UTF-8, java.specification.version=1.8, java.class.path=/root/workspace/ApiManagementSystem/ApiManagementSystem_Back/384376784/target/test-classes:/root/workspace/ApiManagementSystem/ApiManagementSystem_Back/384376784/target/classes:/root/./workspace/ApiManagementSystem/ApiManagementSystem_Back/384376784/.m2/org/springframework/boot/spring-boot-devtools/2.0.1.RELEASE/spring-boot-devtools-2.0.1.RELEASE.jar:/root/./workspace/ApiManagementSystem/ApiManagementSystem_Back/384376784/.m2/org/springframework/boot/spring-boot/2.0.1.RELEASE/spring-boot-2.0.1.RELEASE.jar:/root/./workspace/ApiManagementSystem/ApiManagementSystem_Back/384376784/.m2/org/springframework/spring-context/5.0.5.RELEASE/spring-context-5.0.5.RELEASE.jar:/root/./workspace/ApiManagementSystem/ApiManagementSystem_Back/384376784/.m2/org/springframework/boot/spring-boot-autoconfigure/2.0.1.RELEASE/spring-boot-autoconfigure-2.0.1.RELEASE.jar:/root/./workspace/ApiManagementSystem/ApiManagementSystem_Back/384376784/.m2/org/springframework/boot/spring-boot-starter-web/2.0.1.RELEASE/spring-boot-starter-web-2.0.1.RELEASE.jar:/root/./workspace/ApiManagementSystem/ApiManagementSystem_Back/384376784/.m2/org/springframework/boot/spring-boot-starter/2.0.1.RELEASE/spring-boot-starter-2.0.1.RELEASE.jar:/root/./workspace/ApiManagementSystem/ApiManagementSystem_Back/384376784/.m2/org/springframework/boot/spring-boot-starter-logging/2.0.1.RELEASE/spring-boot-starter-logging-2.0.1.RELEASE.jar:/root/./workspace/ApiManagementSystem/ApiManagementSystem_Back/384376784/.m2/ch/qos/logback/logback-classic/1.2.3/logback-classic-1.2.3.jar:/root/./workspace/ApiManagementSystem/ApiManagementSystem_Back/384376784/.m2/ch/qos/logback/logback-core/1.2.3/logback-core-1.2.3.jar:/root/./workspace/ApiManagementSystem/ApiManagementSystem_Back/384376784/.m2/org/apache/logging/log4j/log4j-to-slf4j/2.10.0/log4j-to-slf4j-2.10.0.jar:/root/./workspace/ApiManagementSystem/ApiManagementSystem_Back/384376784/.m2/org/apache/logging/log4j/log4j-api/2.10.0/log4j-api-2.10.0.jar:/root/./workspace/ApiManagementSystem/ApiManagementSystem_Back/384376784/.m2/org/slf4j/jul-to-slf4j/1.7.25/jul-to-slf4j-1.7.25.jar:/root/./workspace/ApiManagementSystem/ApiManagementSystem_Back/384376784/.m2/javax/annotation/javax.annotation-api/1.3.2/javax.annotation-api-1.3.2.jar:/root/./workspace/ApiManagementSystem/ApiManagementSystem_Back/384376784/.m2/org/yaml/snakeyaml/1.19/snakeyaml-1.19.jar:/root/./workspace/ApiManagementSystem/ApiManagementSystem_Back/384376784/.m2/org/springframework/boot/spring-boot-starter-json/2.0.1.RELEASE/spring-boot-starter-json-2.0.1.RELEASE.jar:/root/./workspace/ApiManagementSystem/ApiManagementSystem_Back/384376784/.m2/com/fasterxml/jackson/core/jackson-databind/2.9.5/jackson-databind-2.9.5.jar:/root/./workspace/ApiManagementSystem/ApiManagementSystem_Back/384376784/.m2/com/fasterxml/jackson/core/jackson-annotations/2.9.0/jackson-annotations-2.9.0.jar:/root/./workspace/ApiManagementSystem/ApiManagementSystem_Back/384376784/.m2/com/fasterxml/jackson/core/jackson-core/2.9.5/jackson-core-2.9.5.jar:/root/./workspace/ApiManagementSystem/ApiManagementSystem_Back/384376784/.m2/com/fasterxml/jackson/datatype/jackson-datatype-jdk8/2.9.5/jackson-datatype-jdk8-2.9.5.jar:/root/./workspace/ApiManagementSystem/ApiManagementSystem_Back/384376784/.m2/com/fasterxml/jackson/datatype/jackson-datatype-jsr310/2.9.5/jackson-datatype-jsr310-2.9.5.jar:/root/./workspace/ApiManagementSystem/ApiManagementSystem_Back/384376784/.m2/com/fasterxml/jackson/module/jackson-module-parameter-names/2.9.5/jackson-module-parameter-names-2.9.5.jar:/root/./workspace/ApiManagementSystem/ApiManagementSystem_Back/384376784/.m2/org/springframework/boot/spring-boot-starter-tomcat/2.0.1.RELEASE/spring-boot-starter-tomcat-2.0.1.RELEASE.jar:/root/./workspace/ApiManagementSystem/ApiManagementSystem_Back/384376784/.m2/org/apache/tomcat/embed/tomcat-embed-core/8.5.29/tomcat-embed-core-8.5.29.jar:/root/./workspace/ApiManagementSystem/ApiManagementSystem_Back/384376784/.m2/org/apache/tomcat/embed/tomcat-embed-el/8.5.29/tomcat-embed-el-8.5.29.jar:/root/./workspace/ApiManagementSystem/ApiManagementSystem_Back/384376784/.m2/org/apache/tomcat/embed/tomcat-embed-websocket/8.5.29/tomcat-embed-websocket-8.5.29.jar:/root/./workspace/ApiManagementSystem/ApiManagementSystem_Back/384376784/.m2/org/hibernate/validator/hibernate-validator/6.0.9.Final/hibernate-validator-6.0.9.Final.jar:/root/./workspace/ApiManagementSystem/ApiManagementSystem_Back/384376784/.m2/javax/validation/validation-api/2.0.1.Final/validation-api-2.0.1.Final.jar:/root/./workspace/ApiManagementSystem/ApiManagementSystem_Back/384376784/.m2/com/fasterxml/classmate/1.3.4/classmate-1.3.4.jar:/root/./workspace/ApiManagementSystem/ApiManagementSystem_Back/384376784/.m2/org/springframework/spring-web/5.0.5.RELEASE/spring-web-5.0.5.RELEASE.jar:/root/./workspace/ApiManagementSystem/ApiManagementSystem_Back/384376784/.m2/org/springframework/spring-beans/5.0.5.RELEASE/spring-beans-5.0.5.RELEASE.jar:/root/./workspace/ApiManagementSystem/ApiManagementSystem_Back/384376784/.m2/org/springframework/spring-webmvc/5.0.5.RELEASE/spring-webmvc-5.0.5.RELEASE.jar:/root/./workspace/ApiManagementSystem/ApiManagementSystem_Back/384376784/.m2/org/springframework/spring-aop/5.0.5.RELEASE/spring-aop-5.0.5.RELEASE.jar:/root/./workspace/ApiManagementSystem/ApiManagementSystem_Back/384376784/.m2/org/springframework/spring-expression/5.0.5.RELEASE/spring-expression-5.0.5.RELEASE.jar:/root/./workspace/ApiManagementSystem/ApiManagementSystem_Back/384376784/.m2/org/springframework/boot/spring-boot-starter-test/2.0.1.RELEASE/spring-boot-starter-test-2.0.1.RELEASE.jar:/root/./workspace/ApiManagementSystem/ApiManagementSystem_Back/384376784/.m2/org/springframework/boot/spring-boot-test-autoconfigure/2.0.1.RELEASE/spring-boot-test-autoconfigure-2.0.1.RELEASE.jar:/root/./workspace/ApiManagementSystem/ApiManagementSystem_Back/384376784/.m2/com/jayway/jsonpath/json-path/2.4.0/json-path-2.4.0.jar:/root/./workspace/ApiManagementSystem/ApiManagementSystem_Back/384376784/.m2/net/minidev/json-smart/2.3/json-smart-2.3.jar:/root/./workspace/ApiManagementSystem/ApiManagementSystem_Back/384376784/.m2/net/minidev/accessors-smart/1.2/accessors-smart-1.2.jar:/root/./workspace/ApiManagementSystem/ApiManagementSystem_Back/384376784/.m2/org/ow2/asm/asm/5.0.4/asm-5.0.4.jar:/root/./workspace/ApiManagementSystem/ApiManagementSystem_Back/384376784/.m2/org/assertj/assertj-core/3.9.1/assertj-core-3.9.1.jar:/root/./workspace/ApiManagementSystem/ApiManagementSystem_Back/384376784/.m2/org/mockito/mockito-core/2.15.0/mockito-core-2.15.0.jar:/root/./workspace/ApiManagementSystem/ApiManagementSystem_Back/384376784/.m2/net/bytebuddy/byte-buddy/1.7.11/byte-buddy-1.7.11.jar:/root/./workspace/ApiManagementSystem/ApiManagementSystem_Back/384376784/.m2/net/bytebuddy/byte-buddy-agent/1.7.11/byte-buddy-agent-1.7.11.jar:/root/./workspace/ApiManagementSystem/ApiManagementSystem_Back/384376784/.m2/org/objenesis/objenesis/2.6/objenesis-2.6.jar:/root/./workspace/ApiManagementSystem/ApiManagementSystem_Back/384376784/.m2/org/hamcrest/hamcrest-core/1.3/hamcrest-core-1.3.jar:/root/./workspace/ApiManagementSystem/ApiManagementSystem_Back/384376784/.m2/org/hamcrest/hamcrest-library/1.3/hamcrest-library-1.3.jar:/root/./workspace/ApiManagementSystem/ApiManagementSystem_Back/384376784/.m2/org/skyscreamer/jsonassert/1.5.0/jsonassert-1.5.0.jar:/root/./workspace/ApiManagementSystem/ApiManagementSystem_Back/384376784/.m2/com/vaadin/external/google/android-json/0.0.20131108.vaadin1/android-json-0.0.20131108.vaadin1.jar:/root/./workspace/ApiManagementSystem/ApiManagementSystem_Back/384376784/.m2/org/springframework/spring-core/5.0.5.RELEASE/spring-core-5.0.5.RELEASE.jar:/root/./workspace/ApiManagementSystem/ApiManagementSystem_Back/384376784/.m2/org/springframework/spring-jcl/5.0.5.RELEASE/spring-jcl-5.0.5.RELEASE.jar:/root/./workspace/ApiManagementSystem/ApiManagementSystem_Back/384376784/.m2/org/xmlunit/xmlunit-core/2.5.1/xmlunit-core-2.5.1.jar:/root/./workspace/ApiManagementSystem/ApiManagementSystem_Back/384376784/.m2/com/alibaba/druid-spring-boot-starter/1.1.9/druid-spring-boot-starter-1.1.9.jar:/root/./workspace/ApiManagementSystem/ApiManagementSystem_Back/384376784/.m2/org/slf4j/slf4j-api/1.7.25/slf4j-api-1.7.25.jar:/root/./workspace/ApiManagementSystem/ApiManagementSystem_Back/384376784/.m2/org/mybatis/spring/boot/mybatis-spring-boot-starter/1.3.2/mybatis-spring-boot-starter-1.3.2.jar:/root/./workspace/ApiManagementSystem/ApiManagementSystem_Back/384376784/.m2/org/springframework/boot/spring-boot-starter-jdbc/2.0.1.RELEASE/spring-boot-starter-jdbc-2.0.1.RELEASE.jar:/root/./workspace/ApiManagementSystem/ApiManagementSystem_Back/384376784/.m2/com/zaxxer/HikariCP/2.7.8/HikariCP-2.7.8.jar:/root/./workspace/ApiManagementSystem/ApiManagementSystem_Back/384376784/.m2/org/springframework/spring-jdbc/5.0.5.RELEASE/spring-jdbc-5.0.5.RELEASE.jar:/root/./workspace/ApiManagementSystem/ApiManagementSystem_Back/384376784/.m2/org/springframework/spring-tx/5.0.5.RELEASE/spring-tx-5.0.5.RELEASE.jar:/root/./workspace/ApiManagementSystem/ApiManagementSystem_Back/384376784/.m2/org/mybatis/spring/boot/mybatis-spring-boot-autoconfigure/1.3.2/mybatis-spring-boot-autoconfigure-1.3.2.jar:/root/./workspace/ApiManagementSystem/ApiManagementSystem_Back/384376784/.m2/org/mybatis/mybatis/3.4.6/mybatis-3.4.6.jar:/root/./workspace/ApiManagementSystem/ApiManagementSystem_Back/384376784/.m2/org/mybatis/mybatis-spring/1.3.2/mybatis-spring-1.3.2.jar:/root/./workspace/ApiManagementSystem/ApiManagementSystem_Back/384376784/.m2/mysql/mysql-connector-java/5.1.46/mysql-connector-java-5.1.46.jar:/root/./workspace/ApiManagementSystem/ApiManagementSystem_Back/384376784/.m2/org/projectlombok/lombok/1.16.20/lombok-1.16.20.jar:/root/./workspace/ApiManagementSystem/ApiManagementSystem_Back/384376784/.m2/com/h2database/h2/1.4.197/h2-1.4.197.jar:/root/./workspace/ApiManagementSystem/ApiManagementSystem_Back/384376784/.m2/com/alibaba/druid/1.1.9/druid-1.1.9.jar:/root/./workspace/ApiManagementSystem/ApiManagementSystem_Back/384376784/.m2/com/github/pagehelper/pagehelper-spring-boot-starter/1.2.3/pagehelper-spring-boot-starter-1.2.3.jar:/root/./workspace/ApiManagementSystem/ApiManagementSystem_Back/384376784/.m2/com/github/pagehelper/pagehelper-spring-boot-autoconfigure/1.2.3/pagehelper-spring-boot-autoconfigure-1.2.3.jar:/root/./workspace/ApiManagementSystem/ApiManagementSystem_Back/384376784/.m2/com/github/pagehelper/pagehelper/5.1.2/pagehelper-5.1.2.jar:/root/./workspace/ApiManagementSystem/ApiManagementSystem_Back/384376784/.m2/com/github/jsqlparser/jsqlparser/1.0/jsqlparser-1.0.jar:/root/./workspace/ApiManagementSystem/ApiManagementSystem_Back/384376784/.m2/org/springframework/boot/spring-boot-starter-freemarker/2.0.1.RELEASE/spring-boot-starter-freemarker-2.0.1.RELEASE.jar:/root/./workspace/ApiManagementSystem/ApiManagementSystem_Back/384376784/.m2/org/freemarker/freemarker/2.3.28/freemarker-2.3.28.jar:/root/./workspace/ApiManagementSystem/ApiManagementSystem_Back/384376784/.m2/org/springframework/spring-context-support/5.0.5.RELEASE/spring-context-support-5.0.5.RELEASE.jar:/root/./workspace/ApiManagementSystem/ApiManagementSystem_Back/384376784/.m2/junit/junit/4.12/junit-4.12.jar:/root/./workspace/ApiManagementSystem/ApiManagementSystem_Back/384376784/.m2/org/springframework/boot/spring-boot-test/2.0.1.RELEASE/spring-boot-test-2.0.1.RELEASE.jar:/root/./workspace/ApiManagementSystem/ApiManagementSystem_Back/384376784/.m2/org/springframework/spring-test/5.0.5.RELEASE/spring-test-5.0.5.RELEASE.jar:/root/./workspace/ApiManagementSystem/ApiManagementSystem_Back/384376784/.m2/org/hibernate/hibernate-entitymanager/5.0.3.Final/hibernate-entitymanager-5.0.3.Final.jar:/root/./workspace/ApiManagementSystem/ApiManagementSystem_Back/384376784/.m2/org/jboss/logging/jboss-logging/3.3.2.Final/jboss-logging-3.3.2.Final.jar:/root/./workspace/ApiManagementSystem/ApiManagementSystem_Back/384376784/.m2/org/hibernate/hibernate-core/5.0.3.Final/hibernate-core-5.0.3.Final.jar:/root/./workspace/ApiManagementSystem/ApiManagementSystem_Back/384376784/.m2/antlr/antlr/2.7.7/antlr-2.7.7.jar:/root/./workspace/ApiManagementSystem/ApiManagementSystem_Back/384376784/.m2/org/jboss/jandex/2.0.0.CR1/jandex-2.0.0.CR1.jar:/root/./workspace/ApiManagementSystem/ApiManagementSystem_Back/384376784/.m2/dom4j/dom4j/1.6.1/dom4j-1.6.1.jar:/root/./workspace/ApiManagementSystem/ApiManagementSystem_Back/384376784/.m2/org/hibernate/common/hibernate-commons-annotations/5.0.0.Final/hibernate-commons-annotations-5.0.0.Final.jar:/root/./workspace/ApiManagementSystem/ApiManagementSystem_Back/384376784/.m2/org/hibernate/javax/persistence/hibernate-jpa-2.1-api/1.0.0.Final/hibernate-jpa-2.1-api-1.0.0.Final.jar:/root/./workspace/ApiManagementSystem/ApiManagementSystem_Back/384376784/.m2/org/apache/geronimo/specs/geronimo-jta_1.1_spec/1.1.1/geronimo-jta_1.1_spec-1.1.1.jar:/root/./workspace/ApiManagementSystem/ApiManagementSystem_Back/384376784/.m2/org/javassist/javassist/3.18.1-GA/javassist-3.18.1-GA.jar:/root/./workspace/ApiManagementSystem/ApiManagementSystem_Back/384376784/.m2/org/aspectj/aspectjweaver/1.8.13/aspectjweaver-1.8.13.jar:, user.name=root, skipITs=true, java.vm.specification.version=1.8, sun.java.command=/root/workspace/ApiManagementSystem/ApiManagementSystem_Back/384376784/target/surefire/surefirebooter7152036083411856063.jar /root/workspace/ApiManagementSystem/ApiManagementSystem_Back/384376784/target/surefire 2018-05-27T16-04-26_098-jvmRun1 surefire6153943750733719423tmp surefire_048783633616076797tmp, java.home=/usr/lib/jvm/java-8-openjdk-amd64/jre, sun.arch.data.model=64, user.language=en, java.specification.vendor=Oracle Corporation, dependency-check.skip=true, awt.toolkit=sun.awt.X11.XToolkit, java.vm.info=mixed mode, java.version=1.8.0_121, java.ext.dirs=/usr/lib/jvm/java-8-openjdk-amd64/jre/lib/ext:/usr/java/packages/lib/ext, sun.boot.class.path=/usr/lib/jvm/java-8-openjdk-amd64/jre/lib/resources.jar:/usr/lib/jvm/java-8-openjdk-amd64/jre/lib/rt.jar:/usr/lib/jvm/java-8-openjdk-amd64/jre/lib/sunrsasign.jar:/usr/lib/jvm/java-8-openjdk-amd64/jre/lib/jsse.jar:/usr/lib/jvm/java-8-openjdk-amd64/jre/lib/jce.jar:/usr/lib/jvm/java-8-openjdk-amd64/jre/lib/charsets.jar:/usr/lib/jvm/java-8-openjdk-amd64/jre/lib/jfr.jar:/usr/lib/jvm/java-8-openjdk-amd64/jre/classes, rat.skip=true, enforcer.skip=true, java.vendor=Oracle Corporation, localRepository=/root/./workspace/ApiManagementSystem/ApiManagementSystem_Back/384376784/.m2, file.separator=/, java.vendor.url.bug=http://bugreport.sun.com/bugreport/, sun.io.unicode.encoding=UnicodeLittle, sun.cpu.endian=little, sun.cpu.isalist=}}, SystemEnvironmentPropertySource@2018260103 {name='systemEnvironment', properties={PATH=/usr/local/sbin:/usr/local/bin:/usr/sbin:/usr/bin:/sbin:/bin, JAVA_HOME=/usr/lib/jvm/java-8-openjdk-amd64, NOTIFY_TO=, CA_CERTIFICATES_JAVA_VERSION=20161107~bpo8+1, MONGODB_HOST=, BUILD_ID=, LANG=C.UTF-8, MAVEN_HOME=/usr/share/maven, SMTP_SERVER=, MONGODB_NAME=, REPAIR_MODE=repair, PWD=/root/workspace/ApiManagementSystem/ApiManagementSystem_Back/384376784, JAVA_VERSION=8u121, GITHUB_OAUTH=, MAVEN_CMD_LINE_ARGS=/root/.m2 -B -D enforcer.skip=true -D dependency-check.skip=true -D skipITs=true -D cobertura.skip=true -D maven.repo.local=/root/./workspace/ApiManagementSystem/ApiManagementSystem_Back/384376784/.m2 -D rat.skip=true -D findbugs.skip=true -D skip.bower=true -D gpg.skip=true -D checkstyle.skip=true -D skip.gulp=true -D license.skip=true -D skip.npm=true test, _=/usr/bin/java, OUTPUT=, MAVEN_TERMINATE_CMD=on, MAVEN_CONFIG=/root/.m2, MAVEN_PROJECTBASEDIR=/root/workspace/ApiManagementSystem/ApiManagementSystem_Back/384376784, OLDPWD=/root/workspace/ApiManagementSystem/ApiManagementSystem_Back/384376784, LOG_FILENAME=repairnator-pipeline_2018-05-27_1603_384376784_a07f2924-0f98-4c38-b417-359e0862e5f3, RUN_ID=, HOSTNAME=spirals-vortex.lille.inria.fr, JAVA_DEBIAN_VERSION=8u121-b13-1~bpo8+1, M2_HOME=/usr/share/maven, REPAIR_TOOLS=Nopol,AstorJMut,NPEFix, HOME=/root, SHLVL=1, PUSH_URL=}}]
16:04:28.262 [main] DEBUG org.springframework.core.env.StandardEnvironment - Adding PropertySource 'test' with highest search precedence
16:04:28.264 [main] DEBUG org.springframework.core.env.StandardEnvironment - Adding PropertySource 'configurationProperties' with highest search precedence
16:04:28.265 [main] DEBUG org.springframework.test.context.support.TestPropertySourceUtils - Adding inlined properties to environment: {spring.jmx.enabled=false, org.springframework.boot.test.context.SpringBootTestContextBootstrapper=true, server.port=-1}
16:04:28.265 [main] DEBUG org.springframework.core.env.StandardEnvironment - Adding PropertySource 'Inlined Test Properties' with highest search precedence

  .   ____          _            __ _ _
 /\\ / ___'_ __ _ _(_)_ __  __ _ \ \ \ \
( ( )\___ | '_ | '_| | '_ \/ _` | \ \ \ \
 \\/  ___)| |_)| | | | | || (_| |  ) ) ) )
  '  |____| .__|_| |_|_| |_\__, | / / / /
 =========|_|==============|___/=/_/_/_/
 :: Spring Boot ::        (v2.0.1.RELEASE)

2018-05-27 16:04:28.672  INFO 283 --- [           main] c.m.a.user.dao.MessageDaoTest            : Starting MessageDaoTest on spirals-vortex.lille.inria.fr with PID 283 (started by root in /root/workspace/ApiManagementSystem/ApiManagementSystem_Back/384376784)
2018-05-27 16:04:28.672  INFO 283 --- [           main] c.m.a.user.dao.MessageDaoTest            : The following profiles are active: dev
2018-05-27 16:04:28.708  INFO 283 --- [           main] o.s.w.c.s.GenericWebApplicationContext   : Refreshing org.springframework.web.context.support.GenericWebApplicationContext@c9413d8: startup date [Sun May 27 16:04:28 CEST 2018]; root of context hierarchy
2018-05-27 16:04:29.802  INFO 283 --- [           main] c.a.d.s.b.a.DruidDataSourceAutoConfigure : Init DruidDataSource
2018-05-27 16:04:29.965 ERROR 283 --- [           main] com.alibaba.druid.pool.DruidDataSource   : testWhileIdle is true, validationQuery not set
2018-05-27 16:04:29.973  INFO 283 --- [           main] com.alibaba.druid.pool.DruidDataSource   : {dataSource-1} inited
2018-05-27 16:04:30.197  INFO 283 --- [           main] o.s.jdbc.datasource.init.ScriptUtils     : Executing SQL script from class path resource [h2/schema.sql]
2018-05-27 16:04:30.256  INFO 283 --- [           main] o.s.jdbc.datasource.init.ScriptUtils     : Executed SQL script from class path resource [h2/schema.sql] in 58 ms.
2018-05-27 16:04:30.263  INFO 283 --- [           main] o.s.jdbc.datasource.init.ScriptUtils     : Executing SQL script from class path resource [h2/data_prepare.sql]
2018-05-27 16:04:30.283  INFO 283 --- [           main] o.s.jdbc.datasource.init.ScriptUtils     : Executed SQL script from class path resource [h2/data_prepare.sql] in 20 ms.
2018-05-27 16:04:30.913  INFO 283 --- [           main] o.s.w.s.handler.SimpleUrlHandlerMapping  : Mapped URL path [/**/favicon.ico] onto handler of type [class org.springframework.web.servlet.resource.ResourceHttpRequestHandler]
2018-05-27 16:04:31.144  INFO 283 --- [           main] s.w.s.m.m.a.RequestMappingHandlerAdapter : Looking for @ControllerAdvice: org.springframework.web.context.support.GenericWebApplicationContext@c9413d8: startup date [Sun May 27 16:04:28 CEST 2018]; root of context hierarchy
2018-05-27 16:04:31.226  INFO 283 --- [           main] s.w.s.m.m.a.RequestMappingHandlerMapping : Mapped "{[/interface],methods=[POST]}" onto public com.may.apimanagementsystem.dto.ResponseEntity<com.may.apimanagementsystem.po.Interfaces> com.may.apimanagementsystem.controller.InterfaceController.addInterface(com.may.apimanagementsystem.po.Interfaces)
2018-05-27 16:04:31.227  INFO 283 --- [           main] s.w.s.m.m.a.RequestMappingHandlerMapping : Mapped "{[/interface/{interfaceId}],methods=[DELETE]}" onto public com.may.apimanagementsystem.dto.ResponseEntity<com.may.apimanagementsystem.po.Interfaces> com.may.apimanagementsystem.controller.InterfaceController.deleteInterface(int)
2018-05-27 16:04:31.227  INFO 283 --- [           main] s.w.s.m.m.a.RequestMappingHandlerMapping : Mapped "{[/interface/{interfaceId}],methods=[PUT]}" onto public com.may.apimanagementsystem.dto.ResponseEntity<com.may.apimanagementsystem.po.Interfaces> com.may.apimanagementsystem.controller.InterfaceController.updateInterface(int,com.may.apimanagementsystem.po.Interfaces)
2018-05-27 16:04:31.228  INFO 283 --- [           main] s.w.s.m.m.a.RequestMappingHandlerMapping : Mapped "{[/interface/{interfaceId}],methods=[GET]}" onto public com.may.apimanagementsystem.dto.ResponseEntity<com.may.apimanagementsystem.po.Interfaces> com.may.apimanagementsystem.controller.InterfaceController.getInterfaceByInterfaceId(int,com.may.apimanagementsystem.po.Interfaces)
2018-05-27 16:04:31.228  INFO 283 --- [           main] s.w.s.m.m.a.RequestMappingHandlerMapping : Mapped "{[/interface/{projectId}]}" onto public com.may.apimanagementsystem.dto.ResponseEntity<com.may.apimanagementsystem.po.Interfaces> com.may.apimanagementsystem.controller.InterfaceController.downloadInterface(int)
2018-05-27 16:04:31.228  INFO 283 --- [           main] s.w.s.m.m.a.RequestMappingHandlerMapping : Mapped "{[/interface/projectInterface],methods=[GET]}" onto public com.may.apimanagementsystem.dto.ResponseEntity<java.util.List<com.may.apimanagementsystem.po.Interfaces>> com.may.apimanagementsystem.controller.InterfaceController.showInterface(int,int,int)
2018-05-27 16:04:31.230  INFO 283 --- [           main] s.w.s.m.m.a.RequestMappingHandlerMapping : Mapped "{[/message/{messageId}],methods=[DELETE]}" onto public com.may.apimanagementsystem.dto.ResponseEntity<com.may.apimanagementsystem.po.Message> com.may.apimanagementsystem.controller.MessageController.deleteMessage(int)
2018-05-27 16:04:31.231  INFO 283 --- [           main] s.w.s.m.m.a.RequestMappingHandlerMapping : Mapped "{[/message/invite],methods=[POST]}" onto public com.may.apimanagementsystem.dto.ResponseEntity<com.may.apimanagementsystem.po.Message> com.may.apimanagementsystem.controller.MessageController.inviteAddmessage(com.may.apimanagementsystem.po.Message)
2018-05-27 16:04:31.231  INFO 283 --- [           main] s.w.s.m.m.a.RequestMappingHandlerMapping : Mapped "{[/message/join],methods=[POST]}" onto public com.may.apimanagementsystem.dto.ResponseEntity<com.may.apimanagementsystem.po.Message> com.may.apimanagementsystem.controller.MessageController.joinAddmessage(com.may.apimanagementsystem.po.Message)
2018-05-27 16:04:31.231  INFO 283 --- [           main] s.w.s.m.m.a.RequestMappingHandlerMapping : Mapped "{[/message/{messageId}],methods=[GET]}" onto public com.may.apimanagementsystem.dto.ResponseEntity<com.may.apimanagementsystem.po.Message> com.may.apimanagementsystem.controller.MessageController.readMessage(int)
2018-05-27 16:04:31.232  INFO 283 --- [           main] s.w.s.m.m.a.RequestMappingHandlerMapping : Mapped "{[/message/userMessage],methods=[GET]}" onto public com.may.apimanagementsystem.dto.ResponseEntity<java.util.List<com.may.apimanagementsystem.po.Message>> com.may.apimanagementsystem.controller.MessageController.showMyMessages(int)
2018-05-27 16:04:31.234  INFO 283 --- [           main] s.w.s.m.m.a.RequestMappingHandlerMapping : Mapped "{[/project],methods=[POST]}" onto public com.may.apimanagementsystem.dto.ResponseEntity<com.may.apimanagementsystem.po.Project> com.may.apimanagementsystem.controller.ProjectController.addProject(com.may.apimanagementsystem.po.Project)
2018-05-27 16:04:31.234  INFO 283 --- [           main] s.w.s.m.m.a.RequestMappingHandlerMapping : Mapped "{[/project/{projectId}],methods=[PUT]}" onto public com.may.apimanagementsystem.dto.ResponseEntity<com.may.apimanagementsystem.po.Project> com.may.apimanagementsystem.controller.ProjectController.updateProject(int,com.may.apimanagementsystem.po.Project)
2018-05-27 16:04:31.234  INFO 283 --- [           main] s.w.s.m.m.a.RequestMappingHandlerMapping : Mapped "{[/project/{projectId}],methods=[DELETE]}" onto public com.may.apimanagementsystem.dto.ResponseEntity<com.may.apimanagementsystem.po.Project> com.may.apimanagementsystem.controller.ProjectController.deleteProject(int)
2018-05-27 16:04:31.235  INFO 283 --- [           main] s.w.s.m.m.a.RequestMappingHandlerMapping : Mapped "{[/project/{projectId}],methods=[GET]}" onto public com.may.apimanagementsystem.dto.ResponseEntity<com.may.apimanagementsystem.po.Project> com.may.apimanagementsystem.controller.ProjectController.findProjectByProjectId(int,com.may.apimanagementsystem.po.Project)
2018-05-27 16:04:31.235  INFO 283 --- [           main] s.w.s.m.m.a.RequestMappingHandlerMapping : Mapped "{[/project/userProject],methods=[GET]}" onto public com.may.apimanagementsystem.dto.ResponseEntity<java.util.List<com.may.apimanagementsystem.po.Project>> com.may.apimanagementsystem.controller.ProjectController.showProject(int,int,int)
2018-05-27 16:04:31.238  INFO 283 --- [           main] s.w.s.m.m.a.RequestMappingHandlerMapping : Mapped "{[/team/teamMember],methods=[DELETE]}" onto public com.may.apimanagementsystem.dto.ResponseEntity<com.may.apimanagementsystem.po.TeamMember> com.may.apimanagementsystem.controller.TeamController.deleteTeamMember(com.may.apimanagementsystem.po.TeamMember)
2018-05-27 16:04:31.238  INFO 283 --- [           main] s.w.s.m.m.a.RequestMappingHandlerMapping : Mapped "{[/team/teamMember],methods=[GET]}" onto public com.may.apimanagementsystem.dto.ResponseEntity<java.util.List<com.may.apimanagementsystem.po.User>> com.may.apimanagementsystem.controller.TeamController.selectTeamMember(int)
2018-05-27 16:04:31.239  INFO 283 --- [           main] s.w.s.m.m.a.RequestMappingHandlerMapping : Mapped "{[/team/teamProject],methods=[GET]}" onto public com.may.apimanagementsystem.dto.ResponseEntity<java.util.List<com.may.apimanagementsystem.po.Project>> com.may.apimanagementsystem.controller.TeamController.selectTeamproject(int)
2018-05-27 16:04:31.239  INFO 283 --- [           main] s.w.s.m.m.a.RequestMappingHandlerMapping : Mapped "{[/team/{teamId}],methods=[DELETE]}" onto public com.may.apimanagementsystem.dto.ResponseEntity<com.may.apimanagementsystem.po.Team> com.may.apimanagementsystem.controller.TeamController.deleteTeam(int)
2018-05-27 16:04:31.239  INFO 283 --- [           main] s.w.s.m.m.a.RequestMappingHandlerMapping : Mapped "{[/team/{teamId}],methods=[PUT]}" onto public com.may.apimanagementsystem.dto.ResponseEntity<java.lang.Object> com.may.apimanagementsystem.controller.TeamController.updateTeam(int,com.may.apimanagementsystem.po.Team)
2018-05-27 16:04:31.240  INFO 283 --- [           main] s.w.s.m.m.a.RequestMappingHandlerMapping : Mapped "{[/team],methods=[POST]}" onto public com.may.apimanagementsystem.dto.ResponseEntity<com.may.apimanagementsystem.po.Team> com.may.apimanagementsystem.controller.TeamController.createTeam(com.may.apimanagementsystem.po.Team)
2018-05-27 16:04:31.241  INFO 283 --- [           main] s.w.s.m.m.a.RequestMappingHandlerMapping : Mapped "{[/team/userTeam],methods=[GET]}" onto public com.may.apimanagementsystem.dto.ResponseEntity<java.util.List<com.may.apimanagementsystem.po.Team>> com.may.apimanagementsystem.controller.TeamController.showTeamsByuserId(int)
2018-05-27 16:04:31.241  INFO 283 --- [           main] s.w.s.m.m.a.RequestMappingHandlerMapping : Mapped "{[/team/teamMember],methods=[POST]}" onto public com.may.apimanagementsystem.dto.ResponseEntity<com.may.apimanagementsystem.po.TeamMember> com.may.apimanagementsystem.controller.TeamController.addTeamMember(com.may.apimanagementsystem.po.TeamMember)
2018-05-27 16:04:31.242  INFO 283 --- [           main] s.w.s.m.m.a.RequestMappingHandlerMapping : Mapped "{[/team/teamProject],methods=[DELETE]}" onto public com.may.apimanagementsystem.dto.ResponseEntity<com.may.apimanagementsystem.po.TeamProject> com.may.apimanagementsystem.controller.TeamController.deleteTeamproject(int)
2018-05-27 16:04:31.245  INFO 283 --- [           main] s.w.s.m.m.a.RequestMappingHandlerMapping : Mapped "{[/user/{userId}],methods=[PUT]}" onto public com.may.apimanagementsystem.dto.ResponseEntity<java.lang.Object> com.may.apimanagementsystem.controller.UserController.updateUser(int,com.may.apimanagementsystem.po.User)
2018-05-27 16:04:31.246  INFO 283 --- [           main] s.w.s.m.m.a.RequestMappingHandlerMapping : Mapped "{[/user/login],methods=[POST]}" onto public com.may.apimanagementsystem.dto.ResponseEntity<com.may.apimanagementsystem.po.User> com.may.apimanagementsystem.controller.UserController.login(com.may.apimanagementsystem.po.User)
2018-05-27 16:04:31.246  INFO 283 --- [           main] s.w.s.m.m.a.RequestMappingHandlerMapping : Mapped "{[/user/{userId}],methods=[GET]}" onto public com.may.apimanagementsystem.dto.ResponseEntity<com.may.apimanagementsystem.po.User> com.may.apimanagementsystem.controller.UserController.showUserInfo(int)
2018-05-27 16:04:31.247  INFO 283 --- [           main] s.w.s.m.m.a.RequestMappingHandlerMapping : Mapped "{[/user/userName],methods=[GET]}" onto public com.may.apimanagementsystem.dto.ResponseEntity<java.util.List<com.may.apimanagementsystem.po.User>> com.may.apimanagementsystem.controller.UserController.showUsersByNameKey(java.lang.String)
2018-05-27 16:04:31.247  INFO 283 --- [           main] s.w.s.m.m.a.RequestMappingHandlerMapping : Mapped "{[/user],methods=[POST]}" onto public com.may.apimanagementsystem.dto.ResponseEntity<com.may.apimanagementsystem.po.User> com.may.apimanagementsystem.controller.UserController.register(com.may.apimanagementsystem.po.User)
2018-05-27 16:04:31.252  INFO 283 --- [           main] s.w.s.m.m.a.RequestMappingHandlerMapping : Mapped "{[/error],produces=[text/html]}" onto public org.springframework.web.servlet.ModelAndView org.springframework.boot.autoconfigure.web.servlet.error.BasicErrorController.errorHtml(javax.servlet.http.HttpServletRequest,javax.servlet.http.HttpServletResponse)
2018-05-27 16:04:31.252  INFO 283 --- [           main] s.w.s.m.m.a.RequestMappingHandlerMapping : Mapped "{[/error]}" onto public org.springframework.http.ResponseEntity<java.util.Map<java.lang.String, java.lang.Object>> org.springframework.boot.autoconfigure.web.servlet.error.BasicErrorController.error(javax.servlet.http.HttpServletRequest)
2018-05-27 16:04:31.295  INFO 283 --- [           main] o.s.w.s.handler.SimpleUrlHandlerMapping  : Mapped URL path [/webjars/**] onto handler of type [class org.springframework.web.servlet.resource.ResourceHttpRequestHandler]
2018-05-27 16:04:31.296  INFO 283 --- [           main] o.s.w.s.handler.SimpleUrlHandlerMapping  : Mapped URL path [/**] onto handler of type [class org.springframework.web.servlet.resource.ResourceHttpRequestHandler]
2018-05-27 16:04:31.318  INFO 283 --- [           main] .m.m.a.ExceptionHandlerExceptionResolver : Detected @ExceptionHandler methods in globalExceptionHandler
2018-05-27 16:04:31.568  INFO 283 --- [           main] o.s.w.s.v.f.FreeMarkerConfigurer         : ClassTemplateLoader for Spring macros added to FreeMarker configuration
2018-05-27 16:04:31.788  INFO 283 --- [           main] c.m.a.user.dao.MessageDaoTest            : Started MessageDaoTest in 3.514 seconds (JVM running for 4.742)
]]></system-out>
  </testcase>
  <testcase name="deleteMessageTest" classname="com.may.apimanagementsystem.user.dao.MessageDaoTest" time="0.022"/>
  <testcase name="selectMessagesTset" classname="com.may.apimanagementsystem.user.dao.MessageDaoTest" time="0.025"/>
  <testcase name="inviteInsertMessageTest" classname="com.may.apimanagementsystem.user.dao.MessageDaoTest" time="0.003"/>
  <testcase name="insertMessageTest" classname="com.may.apimanagementsystem.user.dao.MessageDaoTest" time="0.002"/>
</testsuite>