<?xml version="1.0" encoding="UTF-8"?>
<testsuite xmlns:xsi="http://www.w3.org/2001/XMLSchema-instance" xsi:noNamespaceSchemaLocation="https://maven.apache.org/surefire/maven-surefire-plugin/xsd/surefire-test-report.xsd" name="jmri.jmrix.lenz.XNetMessageTest" time="0.074" tests="115" errors="0" skipped="0" failures="0">
  <properties>
    <property name="java.runtime.name" value="OpenJDK Runtime Environment"/>
    <property name="sun.boot.library.path" value="/usr/lib/jvm/java-8-openjdk-amd64/jre/lib/amd64"/>
    <property name="java.vm.version" value="25.121-b13"/>
    <property name="java.vm.vendor" value="Oracle Corporation"/>
    <property name="maven.multiModuleProjectDirectory" value="/root/workspace/JMRI/JMRI/384832039"/>
    <property name="java.vendor.url" value="http://java.oracle.com/"/>
    <property name="path.separator" value=":"/>
    <property name="guice.disable.misplaced.annotation.check" value="true"/>
    <property name="skip.gulp" value="true"/>
    <property name="java.vm.name" value="OpenJDK 64-Bit Server VM"/>
    <property name="file.encoding.pkg" value="sun.io"/>
    <property name="sun.java.launcher" value="SUN_STANDARD"/>
    <property name="sun.os.patch.level" value="unknown"/>
    <property name="findbugs.skip" value="true"/>
    <property name="java.vm.specification.name" value="Java Virtual Machine Specification"/>
    <property name="user.dir" value="/root/workspace/JMRI/JMRI/384832039"/>
    <property name="checkstyle.skip" value="true"/>
    <property name="java.runtime.version" value="1.8.0_121-8u121-b13-1~bpo8+1-b13"/>
    <property name="java.awt.graphicsenv" value="sun.awt.X11GraphicsEnvironment"/>
    <property name="skip.npm" value="true"/>
    <property name="java.endorsed.dirs" value="/usr/lib/jvm/java-8-openjdk-amd64/jre/lib/endorsed"/>
    <property name="os.arch" value="amd64"/>
    <property name="java.io.tmpdir" value="/tmp"/>
    <property name="gpg.skip" value="true"/>
    <property name="line.separator" value="&#10;"/>
    <property name="java.vm.specification.vendor" value="Oracle Corporation"/>
    <property name="cobertura.skip" value="true"/>
    <property name="os.name" value="Linux"/>
    <property name="classworlds.conf" value="/usr/share/maven/bin/m2.conf"/>
    <property name="sun.jnu.encoding" value="UTF-8"/>
    <property name="java.library.path" value="/usr/java/packages/lib/amd64:/usr/lib/x86_64-linux-gnu/jni:/lib/x86_64-linux-gnu:/usr/lib/x86_64-linux-gnu:/usr/lib/jni:/lib:/usr/lib"/>
    <property name="license.skip" value="true"/>
    <property name="java.specification.name" value="Java Platform API Specification"/>
    <property name="java.class.version" value="52.0"/>
    <property name="sun.management.compiler" value="HotSpot 64-Bit Tiered Compilers"/>
    <property name="skip.bower" value="true"/>
    <property name="maven.repo.local" value="/root/./workspace/JMRI/JMRI/384832039/.m2"/>
    <property name="os.version" value="3.10.0-862.2.3.el7.x86_64"/>
    <property name="user.home" value="/root"/>
    <property name="user.timezone" value="Europe/Paris"/>
    <property name="java.awt.printerjob" value="sun.print.PSPrinterJob"/>
    <property name="java.specification.version" value="1.8"/>
    <property name="file.encoding" value="UTF-8"/>
    <property name="user.name" value="root"/>
    <property name="java.class.path" value="/usr/share/maven/boot/plexus-classworlds-2.5.2.jar"/>
    <property name="skipITs" value="true"/>
    <property name="java.vm.specification.version" value="1.8"/>
    <property name="sun.arch.data.model" value="64"/>
    <property name="java.home" value="/usr/lib/jvm/java-8-openjdk-amd64/jre"/>
    <property name="sun.java.command" value="org.codehaus.plexus.classworlds.launcher.Launcher -B -D enforcer.skip=true -D dependency-check.skip=true -D skipITs=true -D cobertura.skip=true -D maven.repo.local=/root/./workspace/JMRI/JMRI/384832039/.m2 -D rat.skip=true -D findbugs.skip=true -D skip.bower=true -D gpg.skip=true -D checkstyle.skip=true -D skip.gulp=true -D license.skip=true -D skip.npm=true test"/>
    <property name="java.specification.vendor" value="Oracle Corporation"/>
    <property name="user.language" value="en"/>
    <property name="awt.toolkit" value="sun.awt.X11.XToolkit"/>
    <property name="dependency-check.skip" value="true"/>
    <property name="java.vm.info" value="mixed mode"/>
    <property name="java.version" value="1.8.0_121"/>
    <property name="java.ext.dirs" value="/usr/lib/jvm/java-8-openjdk-amd64/jre/lib/ext:/usr/java/packages/lib/ext"/>
    <property name="securerandom.source" value="file:/dev/./urandom"/>
    <property name="sun.boot.class.path" value="/usr/lib/jvm/java-8-openjdk-amd64/jre/lib/resources.jar:/usr/lib/jvm/java-8-openjdk-amd64/jre/lib/rt.jar:/usr/lib/jvm/java-8-openjdk-amd64/jre/lib/sunrsasign.jar:/usr/lib/jvm/java-8-openjdk-amd64/jre/lib/jsse.jar:/usr/lib/jvm/java-8-openjdk-amd64/jre/lib/jce.jar:/usr/lib/jvm/java-8-openjdk-amd64/jre/lib/charsets.jar:/usr/lib/jvm/java-8-openjdk-amd64/jre/lib/jfr.jar:/usr/lib/jvm/java-8-openjdk-amd64/jre/classes"/>
    <property name="java.vendor" value="Oracle Corporation"/>
    <property name="enforcer.skip" value="true"/>
    <property name="rat.skip" value="true"/>
    <property name="maven.home" value="/usr/share/maven"/>
    <property name="file.separator" value="/"/>
    <property name="java.vendor.url.bug" value="http://bugreport.sun.com/bugreport/"/>
    <property name="sun.cpu.endian" value="little"/>
    <property name="sun.io.unicode.encoding" value="UnicodeLittle"/>
    <property name="sun.cpu.isalist" value=""/>
  </properties>
  <testcase name="testGetElementBCD" classname="jmri.jmrix.lenz.XNetMessageTest" time="0.001"/>
  <testcase name="testToMonitorStringSpeedAndDirectin27SpeedSteps" classname="jmri.jmrix.lenz.XNetMessageTest" time="0.001"/>
  <testcase name="testToMonitorStringLIAddressRequestMsg" classname="jmri.jmrix.lenz.XNetMessageTest" time="0.001"/>
  <testcase name="testGetFunctionGroup2OpsMsg" classname="jmri.jmrix.lenz.XNetMessageTest" time="0.001"/>
  <testcase name="testGetLIVersionRequestMessage" classname="jmri.jmrix.lenz.XNetMessageTest" time="0"/>
  <testcase name="testToMonitorStringVerifyOpsModeCVMsg" classname="jmri.jmrix.lenz.XNetMessageTest" time="0.001"/>
  <testcase name="testToMonitorStringReadPagedCVMsg" classname="jmri.jmrix.lenz.XNetMessageTest" time="0.001"/>
  <testcase name="testToMonitorStringResumeOperationsMsg" classname="jmri.jmrix.lenz.XNetMessageTest" time="0.001"/>
  <testcase name="testGetOpCodeHex" classname="jmri.jmrix.lenz.XNetMessageTest" time="0"/>
  <testcase name="testToMonitorStringCSVersionRequestMessage" classname="jmri.jmrix.lenz.XNetMessageTest" time="0.001"/>
  <testcase name="testGetNMRAXNetMsg" classname="jmri.jmrix.lenz.XNetMessageTest" time="0.001"/>
  <testcase name="testToMonitorStringRegisterWriteMsg" classname="jmri.jmrix.lenz.XNetMessageTest" time="0.001"/>
  <testcase name="testToMonitorStringFeedbackRequestMsg" classname="jmri.jmrix.lenz.XNetMessageTest" time="0"/>
  <testcase name="testToMonitorStringFunctionGroup5OpsMsg" classname="jmri.jmrix.lenz.XNetMessageTest" time="0.001"/>
  <testcase name="testGetDBSearchMsgNextMULoco" classname="jmri.jmrix.lenz.XNetMessageTest" time="0.001"/>
  <testcase name="testGetServiceModeResultMsg" classname="jmri.jmrix.lenz.XNetMessageTest" time="0.001"/>
  <testcase name="testToMonitorStringReadDirectCVMsg" classname="jmri.jmrix.lenz.XNetMessageTest" time="0"/>
  <testcase name="testStringCtorEmptyString" classname="jmri.jmrix.lenz.XNetMessageTest" time="0.001"/>
  <testcase name="testToMonitorStringFunctionGroup5SetMsg" classname="jmri.jmrix.lenz.XNetMessageTest" time="0.001"/>
  <testcase name="testGetCSStatusRequestMessage" classname="jmri.jmrix.lenz.XNetMessageTest" time="0.001"/>
  <testcase name="testGetAddLocoToConsistMsg" classname="jmri.jmrix.lenz.XNetMessageTest" time="0"/>
  <testcase name="testToMonitorStringWriteDirectCVMsg" classname="jmri.jmrix.lenz.XNetMessageTest" time="0.001"/>
  <testcase name="testToMonitorStringCSStatusRequestMessage" classname="jmri.jmrix.lenz.XNetMessageTest" time="0.001"/>
  <testcase name="testGetTurnoutCommandMsg" classname="jmri.jmrix.lenz.XNetMessageTest" time="0.001"/>
  <testcase name="testCtor" classname="jmri.jmrix.lenz.XNetMessageTest" time="0.001"/>
  <testcase name="testToMonitorStringSpeedAndDirectin14SpeedSteps" classname="jmri.jmrix.lenz.XNetMessageTest" time="0.001"/>
  <testcase name="testGetWritePagedCVMsg" classname="jmri.jmrix.lenz.XNetMessageTest" time="0"/>
  <testcase name="testGetFunctionGroup3OpsMsg" classname="jmri.jmrix.lenz.XNetMessageTest" time="0.001"/>
  <testcase name="testGetWriteRegisterMsg" classname="jmri.jmrix.lenz.XNetMessageTest" time="0"/>
  <testcase name="testGetLocomoitveFunctionHighOnStatusMsg" classname="jmri.jmrix.lenz.XNetMessageTest" time="0.001"/>
  <testcase name="testCtorXNetReply" classname="jmri.jmrix.lenz.XNetMessageTest" time="0.001"/>
  <testcase name="testSetXNetMessageTimeout" classname="jmri.jmrix.lenz.XNetMessageTest" time="0"/>
  <testcase name="testToMonitorStringFunctionGroup1OpsMsg" classname="jmri.jmrix.lenz.XNetMessageTest" time="0.001"/>
  <testcase name="testGetFunctionGroup5SetMomMsg" classname="jmri.jmrix.lenz.XNetMessageTest" time="0.001"/>
  <testcase name="testGetLocomoitveInfoRequestMsg" classname="jmri.jmrix.lenz.XNetMessageTest" time="0"/>
  <testcase name="testGetVerifyOpsModeCVMsg" classname="jmri.jmrix.lenz.XNetMessageTest" time="0.001"/>
  <testcase name="testToMonitorStringFunctionGroup1SetMsg" classname="jmri.jmrix.lenz.XNetMessageTest" time="0.001"/>
  <testcase name="testToMonitorStringExitProgModeMsg" classname="jmri.jmrix.lenz.XNetMessageTest" time="0"/>
  <testcase name="testGetFunctionGroup4SetMomMsg" classname="jmri.jmrix.lenz.XNetMessageTest" time="0.001"/>
  <testcase name="testGetCsAutoStartMessge" classname="jmri.jmrix.lenz.XNetMessageTest" time="0"/>
  <testcase name="testGetFeedbackRequestMsg" classname="jmri.jmrix.lenz.XNetMessageTest" time="0.001"/>
  <testcase name="testGetWriteDirectCVMsg" classname="jmri.jmrix.lenz.XNetMessageTest" time="0"/>
  <testcase name="testGetReadRegisterMsg" classname="jmri.jmrix.lenz.XNetMessageTest" time="0.001"/>
  <testcase name="testGetFunctionGroup3SetMomMsg" classname="jmri.jmrix.lenz.XNetMessageTest" time="0.001"/>
  <testcase name="testToMonitorStringTurnoutCmdMsg" classname="jmri.jmrix.lenz.XNetMessageTest" time="0"/>
  <testcase name="testGetFunctionGroup2SetMomMsg" classname="jmri.jmrix.lenz.XNetMessageTest" time="0"/>
  <testcase name="testToMonitorStringLocoFunctionHighOnStatusMsg" classname="jmri.jmrix.lenz.XNetMessageTest" time="0.001"/>
  <testcase name="testToMonitorStringLocoInfoRequestMsg" classname="jmri.jmrix.lenz.XNetMessageTest" time="0"/>
  <testcase name="testToMonitorStringCsAutoStartMessageMessage" classname="jmri.jmrix.lenz.XNetMessageTest" time="0.001"/>
  <testcase name="testToMonitorStringLIVersionRequestMessage" classname="jmri.jmrix.lenz.XNetMessageTest" time="0"/>
  <testcase name="testGetDeleteAddressOnStackMsg" classname="jmri.jmrix.lenz.XNetMessageTest" time="0.001"/>
  <testcase name="testToMonitorStringWriteOpsBitModeCVMsg" classname="jmri.jmrix.lenz.XNetMessageTest" time="0.001"/>
  <testcase name="testGetFunctionGroup4OpsMsg" classname="jmri.jmrix.lenz.XNetMessageTest" time="0"/>
  <testcase name="testGetFunctionGroup1SetMomMsg" classname="jmri.jmrix.lenz.XNetMessageTest" time="0.001"/>
  <testcase name="testGetReadDirectCVMsg" classname="jmri.jmrix.lenz.XNetMessageTest" time="0.001"/>
  <testcase name="testToMonitorStringEmergencyOffMsg" classname="jmri.jmrix.lenz.XNetMessageTest" time="0"/>
  <testcase name="testToMonitorStringDBSearchMsgConsistAddress" classname="jmri.jmrix.lenz.XNetMessageTest" time="0.001"/>
  <testcase name="testToMonitorStringFunctionGroup2OpsMsg" classname="jmri.jmrix.lenz.XNetMessageTest" time="0"/>
  <testcase name="testToMonitorStringDisolveDoubleHeaderMessage" classname="jmri.jmrix.lenz.XNetMessageTest" time="0.001"/>
  <testcase name="testGetReadPagedCVMsg" classname="jmri.jmrix.lenz.XNetMessageTest" time="0"/>
  <testcase name="testToMonitorStringFunctionGroup2SetMsg" classname="jmri.jmrix.lenz.XNetMessageTest" time="0.001"/>
  <testcase name="testGetLocomoitveFunctionStatusMsg" classname="jmri.jmrix.lenz.XNetMessageTest" time="0.001"/>
  <testcase name="testToMonitorStringServiceModeResultMsg" classname="jmri.jmrix.lenz.XNetMessageTest" time="0"/>
  <testcase name="testToMonitorStringLocoFunctionHighMomStatusMsg" classname="jmri.jmrix.lenz.XNetMessageTest" time="0.001"/>
  <testcase name="testToMonitorStringLocoFunctionStatusMsg" classname="jmri.jmrix.lenz.XNetMessageTest" time="0"/>
  <testcase name="testToMonitorStringSpeedAndDirectin28SpeedSteps" classname="jmri.jmrix.lenz.XNetMessageTest" time="0.001"/>
  <testcase name="testGetAddressedEmergencyStop" classname="jmri.jmrix.lenz.XNetMessageTest" time="0.001"/>
  <testcase name="testToMonitorStringNextAddressOnStackMsg" classname="jmri.jmrix.lenz.XNetMessageTest" time="0"/>
  <testcase name="testGetRemoveLocoFromConsistMsg" classname="jmri.jmrix.lenz.XNetMessageTest" time="0.001"/>
  <testcase name="testGetBitVerifyOpsModeCVMsg" classname="jmri.jmrix.lenz.XNetMessageTest" time="0"/>
  <testcase name="testGetFunctionGroup5OpsMsg" classname="jmri.jmrix.lenz.XNetMessageTest" time="0.001"/>
  <testcase name="testGetBitWriteOpsModeCVMsg" classname="jmri.jmrix.lenz.XNetMessageTest" time="0"/>
  <testcase name="testToMonitorStringAddressedEmergencyStop" classname="jmri.jmrix.lenz.XNetMessageTest" time="0.001"/>
  <testcase name="testGetExitProgModeMsg" classname="jmri.jmrix.lenz.XNetMessageTest" time="0"/>
  <testcase name="testGetDBSearchMsgConsistAddress" classname="jmri.jmrix.lenz.XNetMessageTest" time="0.001"/>
  <testcase name="testGetCSVersionRequestMessage" classname="jmri.jmrix.lenz.XNetMessageTest" time="0"/>
  <testcase name="testToMonitorStringFunctionGroup3OpsMsg" classname="jmri.jmrix.lenz.XNetMessageTest" time="0.001"/>
  <testcase name="testGetBuildDoubleHeaderMessage" classname="jmri.jmrix.lenz.XNetMessageTest" time="0"/>
  <testcase name="testToMonitorStringSpeedAndDirectin128SpeedSteps" classname="jmri.jmrix.lenz.XNetMessageTest" time="0.001"/>
  <testcase name="testToMonitorStringFunctionGroup3SetMsg" classname="jmri.jmrix.lenz.XNetMessageTest" time="0.001"/>
  <testcase name="testToMonitorStringLISpeedRequestMessage" classname="jmri.jmrix.lenz.XNetMessageTest" time="0"/>
  <testcase name="testEquality" classname="jmri.jmrix.lenz.XNetMessageTest" time="0.001"/>
  <testcase name="testToMonitorStringVerifyOpsBitModeCVMsg" classname="jmri.jmrix.lenz.XNetMessageTest" time="0"/>
  <testcase name="testToMonitorStringNMRAXNetMsg" classname="jmri.jmrix.lenz.XNetMessageTest" time="0"/>
  <testcase name="testGetAndSetBroadcastReply" classname="jmri.jmrix.lenz.XNetMessageTest" time="0.001"/>
  <testcase name="testGetDisolveDoubleHeaderMessage" classname="jmri.jmrix.lenz.XNetMessageTest" time="0"/>
  <testcase name="testToMonitorStringRegisterReadMsg" classname="jmri.jmrix.lenz.XNetMessageTest" time="0.001"/>
  <testcase name="testSetXNetMessageRetries" classname="jmri.jmrix.lenz.XNetMessageTest" time="0"/>
  <testcase name="testLength" classname="jmri.jmrix.lenz.XNetMessageTest" time="0.001"/>
  <testcase name="testGetLIAddressRequestMsg" classname="jmri.jmrix.lenz.XNetMessageTest" time="0"/>
  <testcase name="testGetFunctionGroup1OpsMsg" classname="jmri.jmrix.lenz.XNetMessageTest" time="0.001"/>
  <testcase name="testGetEmergencyOffMsg" classname="jmri.jmrix.lenz.XNetMessageTest" time="0"/>
  <testcase name="testToMonitorStringDeleteAddressOnStackMsg" classname="jmri.jmrix.lenz.XNetMessageTest" time="0.001"/>
  <testcase name="testOpCode" classname="jmri.jmrix.lenz.XNetMessageTest" time="0"/>
  <testcase name="testParity" classname="jmri.jmrix.lenz.XNetMessageTest" time="0.001"/>
  <testcase name="testGetResumeOperationsMsg" classname="jmri.jmrix.lenz.XNetMessageTest" time="0"/>
  <testcase name="testToMonitorStringDBSearchNextMULoco" classname="jmri.jmrix.lenz.XNetMessageTest" time="0.001"/>
  <testcase name="testToMonitorStringWritePagedCVMsg" classname="jmri.jmrix.lenz.XNetMessageTest" time="0"/>
  <testcase name="testGetNextAddressOnStackMsg" classname="jmri.jmrix.lenz.XNetMessageTest" time="0.001"/>
  <testcase name="testToMonitorStringFunctionGroup4OpsMsg" classname="jmri.jmrix.lenz.XNetMessageTest" time="0"/>
  <testcase name="testToMonitorStringAddLocoToConsistMessage" classname="jmri.jmrix.lenz.XNetMessageTest" time="0.001"/>
  <testcase name="testGetLocomoitveFunctionHighMomStatusMsg" classname="jmri.jmrix.lenz.XNetMessageTest" time="0"/>
  <testcase name="testToMonitorStringRemoveLocoFromConsistMessage" classname="jmri.jmrix.lenz.XNetMessageTest" time="0.001"/>
  <testcase name="testToMonitorStringFunctionGroup4SetMsg" classname="jmri.jmrix.lenz.XNetMessageTest" time="0"/>
  <testcase name="testToMonitorStringWriteOpsModeCVMsg" classname="jmri.jmrix.lenz.XNetMessageTest" time="0.001"/>
  <testcase name="testToMonitorStringLISpeedRequestMessage2" classname="jmri.jmrix.lenz.XNetMessageTest" time="0"/>
  <testcase name="testToMonitorStringLISpeedRequestMessage3" classname="jmri.jmrix.lenz.XNetMessageTest" time="0.001"/>
  <testcase name="testToMonitorStringLISpeedRequestMessage4" classname="jmri.jmrix.lenz.XNetMessageTest" time="0"/>
  <testcase name="testToMonitorStringLISpeedRequestMessage5" classname="jmri.jmrix.lenz.XNetMessageTest" time="0.001"/>
  <testcase name="testGetWriteOpsModeCVMsg" classname="jmri.jmrix.lenz.XNetMessageTest" time="0"/>
  <testcase name="testStringCtor" classname="jmri.jmrix.lenz.XNetMessageTest" time="0.001"/>
  <testcase name="testGetLISpeedReqeustMessage" classname="jmri.jmrix.lenz.XNetMessageTest" time="0"/>
  <testcase name="testSetAndGetOpCode" classname="jmri.jmrix.lenz.XNetMessageTest" time="0.001"/>
  <testcase name="testGetSpeedAndDirectionMsg" classname="jmri.jmrix.lenz.XNetMessageTest" time="0.001"/>
  <testcase name="testToMonitorStringBuildDoubleHeaderMessage" classname="jmri.jmrix.lenz.XNetMessageTest" time="0"/>
</testsuite>