<?xml version="1.0" encoding="UTF-8" ?>
<testsuite tests="2" failures="0" name="org.docksidestage.app.web.wx.mail.WxMailActionTest" time="0.056" errors="1" skipped="0">
  <properties>
    <property name="java.runtime.name" value="OpenJDK Runtime Environment"/>
    <property name="sun.boot.library.path" value="/usr/lib/jvm/java-8-openjdk-amd64/jre/lib/amd64"/>
    <property name="java.vm.version" value="25.121-b13"/>
    <property name="java.vm.vendor" value="Oracle Corporation"/>
    <property name="maven.multiModuleProjectDirectory" value="/root/workspace/lastaflute/lastaflute-test-fortress/383903291"/>
    <property name="java.vendor.url" value="http://java.oracle.com/"/>
    <property name="path.separator" value=":"/>
    <property name="guice.disable.misplaced.annotation.check" value="true"/>
    <property name="skip.gulp" value="true"/>
    <property name="java.vm.name" value="OpenJDK 64-Bit Server VM"/>
    <property name="file.encoding.pkg" value="sun.io"/>
    <property name="sun.java.launcher" value="SUN_STANDARD"/>
    <property name="sun.os.patch.level" value="unknown"/>
    <property name="findbugs.skip" value="true"/>
    <property name="java.vm.specification.name" value="Java Virtual Machine Specification"/>
    <property name="user.dir" value="/root/workspace/lastaflute/lastaflute-test-fortress/383903291"/>
    <property name="checkstyle.skip" value="true"/>
    <property name="java.runtime.version" value="1.8.0_121-8u121-b13-1~bpo8+1-b13"/>
    <property name="java.awt.graphicsenv" value="sun.awt.X11GraphicsEnvironment"/>
    <property name="skip.npm" value="true"/>
    <property name="java.endorsed.dirs" value="/usr/lib/jvm/java-8-openjdk-amd64/jre/lib/endorsed"/>
    <property name="os.arch" value="amd64"/>
    <property name="java.io.tmpdir" value="/tmp"/>
    <property name="gpg.skip" value="true"/>
    <property name="line.separator" value="
"/>
    <property name="java.vm.specification.vendor" value="Oracle Corporation"/>
    <property name="cobertura.skip" value="true"/>
    <property name="os.name" value="Linux"/>
    <property name="classworlds.conf" value="/usr/share/maven/bin/m2.conf"/>
    <property name="sun.jnu.encoding" value="UTF-8"/>
    <property name="java.library.path" value="/usr/java/packages/lib/amd64:/usr/lib/x86_64-linux-gnu/jni:/lib/x86_64-linux-gnu:/usr/lib/x86_64-linux-gnu:/usr/lib/jni:/lib:/usr/lib"/>
    <property name="license.skip" value="true"/>
    <property name="java.specification.name" value="Java Platform API Specification"/>
    <property name="java.class.version" value="52.0"/>
    <property name="sun.management.compiler" value="HotSpot 64-Bit Tiered Compilers"/>
    <property name="skip.bower" value="true"/>
    <property name="maven.repo.local" value="/root/./workspace/lastaflute/lastaflute-test-fortress/383903291/.m2"/>
    <property name="os.version" value="3.10.0-862.2.3.el7.x86_64"/>
    <property name="user.home" value="/root"/>
    <property name="user.timezone" value="Europe/Paris"/>
    <property name="java.awt.printerjob" value="sun.print.PSPrinterJob"/>
    <property name="java.specification.version" value="1.8"/>
    <property name="file.encoding" value="UTF-8"/>
    <property name="user.name" value="root"/>
    <property name="java.class.path" value="/usr/share/maven/boot/plexus-classworlds-2.5.2.jar"/>
    <property name="skipITs" value="true"/>
    <property name="java.vm.specification.version" value="1.8"/>
    <property name="sun.arch.data.model" value="64"/>
    <property name="java.home" value="/usr/lib/jvm/java-8-openjdk-amd64/jre"/>
    <property name="sun.java.command" value="org.codehaus.plexus.classworlds.launcher.Launcher -B -D enforcer.skip=true -D dependency-check.skip=true -D skipITs=true -D cobertura.skip=true -D maven.repo.local=/root/./workspace/lastaflute/lastaflute-test-fortress/383903291/.m2 -D rat.skip=true -D findbugs.skip=true -D skip.bower=true -D gpg.skip=true -D checkstyle.skip=true -D skip.gulp=true -D license.skip=true -D skip.npm=true test"/>
    <property name="java.specification.vendor" value="Oracle Corporation"/>
    <property name="user.language" value="en"/>
    <property name="awt.toolkit" value="sun.awt.X11.XToolkit"/>
    <property name="dependency-check.skip" value="true"/>
    <property name="java.vm.info" value="mixed mode"/>
    <property name="java.version" value="1.8.0_121"/>
    <property name="java.ext.dirs" value="/usr/lib/jvm/java-8-openjdk-amd64/jre/lib/ext:/usr/java/packages/lib/ext"/>
    <property name="securerandom.source" value="file:/dev/./urandom"/>
    <property name="sun.boot.class.path" value="/usr/lib/jvm/java-8-openjdk-amd64/jre/lib/resources.jar:/usr/lib/jvm/java-8-openjdk-amd64/jre/lib/rt.jar:/usr/lib/jvm/java-8-openjdk-amd64/jre/lib/sunrsasign.jar:/usr/lib/jvm/java-8-openjdk-amd64/jre/lib/jsse.jar:/usr/lib/jvm/java-8-openjdk-amd64/jre/lib/jce.jar:/usr/lib/jvm/java-8-openjdk-amd64/jre/lib/charsets.jar:/usr/lib/jvm/java-8-openjdk-amd64/jre/lib/jfr.jar:/usr/lib/jvm/java-8-openjdk-amd64/jre/classes"/>
    <property name="java.vendor" value="Oracle Corporation"/>
    <property name="enforcer.skip" value="true"/>
    <property name="rat.skip" value="true"/>
    <property name="maven.home" value="/usr/share/maven"/>
    <property name="file.separator" value="/"/>
    <property name="java.vendor.url.bug" value="http://bugreport.sun.com/bugreport/"/>
    <property name="sun.cpu.endian" value="little"/>
    <property name="sun.io.unicode.encoding" value="UnicodeLittle"/>
    <property name="sun.cpu.isalist" value=""/>
  </properties>
  <testcase classname="org.docksidestage.app.web.wx.mail.WxMailActionTest" name="test_index" time="0.038"/>
  <testcase classname="org.docksidestage.app.web.wx.mail.WxMailActionTest" name="test_loopbeans" time="0.018">
    <error message="Look! Read the message below.
/* * * * * * * * * * * * * * * * * * * * * * * * * * * * * * * * * *
Failed to get database connection.

[Advice]
Read the SQLException message.
*And also check the MySQL bootstrap and network.

[SQLState]
08S01

[ErrorCode]
0

[SQLException]
com.mysql.jdbc.exceptions.jdbc4.CommunicationsException
Communications link failure

The last packet sent successfully to the server was 0 milliseconds ago. The driver has not received any packets from the server.

[Behavior]
WxMailAction.lambda$loopbeans$5():115 -&gt; MemberBhv.selectByPK()

[ConditionBean]
org.docksidestage.dbflute.cbean.MemberCB

[Display SQL]
select dfloc.MEMBER_ID as MEMBER_ID, dfloc.MEMBER_NAME as MEMBER_NAME, dfloc.MEMBER_ACCOUNT as MEMBER_ACCOUNT, dfloc.MEMBER_STATUS_CODE as MEMBER_STATUS_CODE, dfloc.FORMALIZED_DATETIME as FORMALIZED_DATETIME, dfloc.BIRTHDATE as BIRTHDATE, dfloc.REGISTER_DATETIME as REGISTER_DATETIME, dfloc.REGISTER_USER as REGISTER_USER, dfloc.UPDATE_DATETIME as UPDATE_DATETIME, dfloc.UPDATE_USER as UPDATE_USER, dfloc.VERSION_NO as VERSION_NO
  from MEMBER dfloc
 where dfloc.MEMBER_ID = 1
* * * * * * * * * */" type="org.dbflute.exception.SQLFailureException">org.dbflute.exception.SQLFailureException: Look! Read the message below.
/* * * * * * * * * * * * * * * * * * * * * * * * * * * * * * * * * *
Failed to get database connection.

[Advice]
Read the SQLException message.
*And also check the MySQL bootstrap and network.

[SQLState]
08S01

[ErrorCode]
0

[SQLException]
com.mysql.jdbc.exceptions.jdbc4.CommunicationsException
Communications link failure

The last packet sent successfully to the server was 0 milliseconds ago. The driver has not received any packets from the server.

[Behavior]
WxMailAction.lambda$loopbeans$5():115 -&gt; MemberBhv.selectByPK()

[ConditionBean]
org.docksidestage.dbflute.cbean.MemberCB

[Display SQL]
select dfloc.MEMBER_ID as MEMBER_ID, dfloc.MEMBER_NAME as MEMBER_NAME, dfloc.MEMBER_ACCOUNT as MEMBER_ACCOUNT, dfloc.MEMBER_STATUS_CODE as MEMBER_STATUS_CODE, dfloc.FORMALIZED_DATETIME as FORMALIZED_DATETIME, dfloc.BIRTHDATE as BIRTHDATE, dfloc.REGISTER_DATETIME as REGISTER_DATETIME, dfloc.REGISTER_USER as REGISTER_USER, dfloc.UPDATE_DATETIME as UPDATE_DATETIME, dfloc.UPDATE_USER as UPDATE_USER, dfloc.VERSION_NO as VERSION_NO
  from MEMBER dfloc
 where dfloc.MEMBER_ID = 1
* * * * * * * * * */
	at org.dbflute.bhv.exception.SQLExceptionHandler.throwSQLFailureException(SQLExceptionHandler.java:106)
	at org.dbflute.bhv.exception.SQLExceptionHandler.handleSQLException(SQLExceptionHandler.java:63)
	at org.dbflute.s2dao.sqlhandler.TnAbstractBasicSqlHandler.handleSQLException(TnAbstractBasicSqlHandler.java:378)
	at org.dbflute.s2dao.sqlhandler.TnAbstractBasicSqlHandler.getConnection(TnAbstractBasicSqlHandler.java:426)
	at org.dbflute.s2dao.sqlhandler.TnBasicParameterHandler.execute(TnBasicParameterHandler.java:44)
	at org.dbflute.s2dao.sqlcommand.TnAbstractTwoWaySqlCommand.execute(TnAbstractTwoWaySqlCommand.java:57)
	at org.dbflute.bhv.core.execution.SelectCBExecution.superExecute(SelectCBExecution.java:86)
	at org.dbflute.bhv.core.execution.SelectCBExecution.execute(SelectCBExecution.java:82)
	at org.dbflute.bhv.core.BehaviorCommandInvoker.executeSql(BehaviorCommandInvoker.java:424)
	at org.dbflute.bhv.core.BehaviorCommandInvoker.dispatchInvoking(BehaviorCommandInvoker.java:240)
	at org.dbflute.bhv.core.BehaviorCommandInvoker.invoke(BehaviorCommandInvoker.java:166)
	at org.dbflute.bhv.AbstractBehaviorReadable.invoke(AbstractBehaviorReadable.java:1577)
	at org.dbflute.bhv.AbstractBehaviorReadable.delegateSelectEntity(AbstractBehaviorReadable.java:1365)
	at org.dbflute.bhv.AbstractBehaviorReadable.helpSelectEntityInternally(AbstractBehaviorReadable.java:212)
	at org.dbflute.bhv.AbstractBehaviorReadable.doSelectEntity(AbstractBehaviorReadable.java:188)
	at org.docksidestage.dbflute.bsbhv.BsMemberBhv.doSelectByPK(BsMemberBhv.java:190)
	at org.docksidestage.dbflute.bsbhv.BsMemberBhv.doSelectOptionalByPK(BsMemberBhv.java:194)
	at org.docksidestage.dbflute.bsbhv.BsMemberBhv.facadeSelectByPK(BsMemberBhv.java:186)
	at org.docksidestage.dbflute.bsbhv.BsMemberBhv.selectByPK(BsMemberBhv.java:182)
	at org.docksidestage.app.web.wx.mail.WxMailAction.lambda$loopbeans$5(WxMailAction.java:115)
	at org.docksidestage.mylasta.mail.whitebox.WxLoopBeansPostcard.droppedInto(WxLoopBeansPostcard.java:38)
	at org.docksidestage.app.web.wx.mail.WxMailAction.loopbeans(WxMailAction.java:112)
	at org.docksidestage.app.web.wx.mail.WxMailActionTest.test_loopbeans(WxMailActionTest.java:61)
	at sun.reflect.NativeMethodAccessorImpl.invoke0(Native Method)
	at sun.reflect.NativeMethodAccessorImpl.invoke(NativeMethodAccessorImpl.java:62)
	at sun.reflect.DelegatingMethodAccessorImpl.invoke(DelegatingMethodAccessorImpl.java:43)
	at java.lang.reflect.Method.invoke(Method.java:498)
	at junit.framework.TestCase.runTest(TestCase.java:168)
	at org.dbflute.utflute.core.PlainTestCase.runTest(PlainTestCase.java:131)
	at junit.framework.TestCase.runBare(TestCase.java:134)
	at junit.framework.TestResult$1.protect(TestResult.java:110)
	at junit.framework.TestResult.runProtected(TestResult.java:128)
	at junit.framework.TestResult.run(TestResult.java:113)
	at junit.framework.TestCase.run(TestCase.java:124)
	at junit.framework.TestSuite.runTest(TestSuite.java:243)
	at junit.framework.TestSuite.run(TestSuite.java:238)
	at org.junit.internal.runners.JUnit38ClassRunner.run(JUnit38ClassRunner.java:83)
	at org.apache.maven.surefire.junit4.JUnit4Provider.execute(JUnit4Provider.java:252)
	at org.apache.maven.surefire.junit4.JUnit4Provider.executeTestSet(JUnit4Provider.java:141)
	at org.apache.maven.surefire.junit4.JUnit4Provider.invoke(JUnit4Provider.java:112)
	at sun.reflect.NativeMethodAccessorImpl.invoke0(Native Method)
	at sun.reflect.NativeMethodAccessorImpl.invoke(NativeMethodAccessorImpl.java:62)
	at sun.reflect.DelegatingMethodAccessorImpl.invoke(DelegatingMethodAccessorImpl.java:43)
	at java.lang.reflect.Method.invoke(Method.java:498)
	at org.apache.maven.surefire.util.ReflectionUtils.invokeMethodWithArray(ReflectionUtils.java:189)
	at org.apache.maven.surefire.booter.ProviderFactory$ProviderProxy.invoke(ProviderFactory.java:165)
	at org.apache.maven.surefire.booter.ProviderFactory.invokeProvider(ProviderFactory.java:85)
	at org.apache.maven.surefire.booter.ForkedBooter.runSuitesInProcess(ForkedBooter.java:115)
	at org.apache.maven.surefire.booter.ForkedBooter.main(ForkedBooter.java:75)
Caused by: com.mysql.jdbc.exceptions.jdbc4.CommunicationsException: Communications link failure

The last packet sent successfully to the server was 0 milliseconds ago. The driver has not received any packets from the server.
	at sun.reflect.GeneratedConstructorAccessor25.newInstance(Unknown Source)
	at sun.reflect.DelegatingConstructorAccessorImpl.newInstance(DelegatingConstructorAccessorImpl.java:45)
	at java.lang.reflect.Constructor.newInstance(Constructor.java:423)
	at com.mysql.jdbc.Util.handleNewInstance(Util.java:404)
	at com.mysql.jdbc.SQLError.createCommunicationsException(SQLError.java:983)
	at com.mysql.jdbc.MysqlIO.&lt;init&gt;(MysqlIO.java:339)
	at com.mysql.jdbc.ConnectionImpl.coreConnect(ConnectionImpl.java:2252)
	at com.mysql.jdbc.ConnectionImpl.connectOneTryOnly(ConnectionImpl.java:2285)
	at com.mysql.jdbc.ConnectionImpl.createNewIO(ConnectionImpl.java:2084)
	at com.mysql.jdbc.ConnectionImpl.&lt;init&gt;(ConnectionImpl.java:795)
	at com.mysql.jdbc.JDBC4Connection.&lt;init&gt;(JDBC4Connection.java:44)
	at sun.reflect.GeneratedConstructorAccessor22.newInstance(Unknown Source)
	at sun.reflect.DelegatingConstructorAccessorImpl.newInstance(DelegatingConstructorAccessorImpl.java:45)
	at java.lang.reflect.Constructor.newInstance(Constructor.java:423)
	at com.mysql.jdbc.Util.handleNewInstance(Util.java:404)
	at com.mysql.jdbc.ConnectionImpl.getInstance(ConnectionImpl.java:400)
	at com.mysql.jdbc.NonRegisteringDriver.connect(NonRegisteringDriver.java:327)
	at java.sql.DriverManager.getConnection(DriverManager.java:664)
	at java.sql.DriverManager.getConnection(DriverManager.java:208)
	at org.lastaflute.jta.dbcp.SimpleXADataSource.getXAConnection(SimpleXADataSource.java:105)
	at org.lastaflute.jta.dbcp.SimpleXADataSource.getXAConnection(SimpleXADataSource.java:90)
	at org.lastaflute.db.dbcp.HookedXADataSource.getXAConnection(HookedXADataSource.java:90)
	at org.lastaflute.jta.dbcp.SimpleConnectionPool.createConnection(SimpleConnectionPool.java:273)
	at org.lastaflute.jta.dbcp.SimpleConnectionPool.checkOut(SimpleConnectionPool.java:162)
	at org.lastaflute.jta.dbcp.PooledDataSource.getConnection(PooledDataSource.java:53)
	at org.dbflute.s2dao.sqlhandler.TnAbstractBasicSqlHandler.getConnection(TnAbstractBasicSqlHandler.java:421)
	... 45 more
Caused by: java.net.ConnectException: Connection refused (Connection refused)
	at java.net.PlainSocketImpl.socketConnect(Native Method)
	at java.net.AbstractPlainSocketImpl.doConnect(AbstractPlainSocketImpl.java:350)
	at java.net.AbstractPlainSocketImpl.connectToAddress(AbstractPlainSocketImpl.java:206)
	at java.net.AbstractPlainSocketImpl.connect(AbstractPlainSocketImpl.java:188)
	at java.net.SocksSocketImpl.connect(SocksSocketImpl.java:392)
	at java.net.Socket.connect(Socket.java:589)
	at com.mysql.jdbc.StandardSocketFactory.connect(StandardSocketFactory.java:214)
	at com.mysql.jdbc.MysqlIO.&lt;init&gt;(MysqlIO.java:298)
	... 65 more
</error>
    <system-out>2018-05-25 23:49:13,840 [pool-1-thread-1] DEBUG (SMailTypicalLoggingStrategy@showMessage():57) - ...Sending mail as training: #60537b93
/= = = = = = = = = = = = = = = = = = = = = = = = = = Mail Message
subject: [Test]Welcome to your sign up
   from: Fortress Support &lt;fortress-support@annie.example.com&gt;
     to: sea@docksidestage.org
 return: returnpath@docksidestage.org
sysInfo: {theme=WxNoVariablePostcard, dfmail=whitebox/wx_no_variable.dfmail, locale=none, category=main}
&gt;&gt;&gt;
Hello, no variable

How are you? Thank you for signing up to Maihama!

You are now temporaly registered to the site. 
Please click on the link below to become a formal member. 

We hope you will enjoy your time in Maihama.
Thank you. 

Regards, 
Docksidestage Support Team

= = = = = = = = = =/
2018-05-25 23:49:13,840 [main] INFO  (SmartDeployMode@setValue():62) - ...Setting smart deploy mode: warm
2018-05-25 23:49:13,840 [pool-1-thread-1] DEBUG (SMailTypicalLoggingStrategy@showResult():84) - Finished mail: #60537b93
2018-05-25 23:49:13,840 [main] DEBUG (PlainTestCase@log():728) - 
2018-05-25 23:49:13,840 [main] DEBUG (PlainTestCase@log():729) - &lt;&lt;&lt; WxMailActionTest.test_loopbeans() &gt;&gt;&gt;
2018-05-25 23:49:13,841 [main] DEBUG (PlainTestCase@log():735) - ...Recycling lasta_di as web-container: config=app.xml
2018-05-25 23:49:13,841 [pool-1-thread-1] DEBUG (SimpleAsyncManager@showFinishing():372) - #flow #async ...Finishing asynchronous call as primary@4ce7fffa:
[Asynchronous Result]
 performanceView: 00m00s000ms
2018-05-25 23:49:13,841 [main] DEBUG (LaTransaction@begin():69) - Begin transaction: [FormatId=4360, GlobalId=1527284912137/66, BranchId=]
2018-05-25 23:49:13,841 [main] INFO  (DBFluteSystem@unlock():242) - ...Unlocking the DBFlute system
2018-05-25 23:49:13,841 [main] INFO  (DBFluteSystem@setFinalTimeZoneProvider():218) - ...Setting finalTimeZoneProvider: FortressCurtainBeforeHook$1:{Europe/Paris}
2018-05-25 23:49:13,841 [main] INFO  (DBFluteSystem@lock():232) - ...Locking the DBFlute system
2018-05-25 23:49:13,842 [main] DEBUG (FortressCurtainBeforeHook@whiteboxtest_findLoginManager():77) - findLoginManager() when booting: opt:{org.docksidestage.app.web.base.login.FortressLoginAssist@3e104d4b}
2018-05-25 23:49:13,845 [main] DEBUG (XLog@log():43) - ...Initializing sqlExecution for the key &apos;member:selectEntity(MemberCB):Member&apos;
2018-05-25 23:49:13,846 [main] DEBUG (XLog@log():43) - SqlExecution Initialization Cost: [00m00s001ms]
2018-05-25 23:49:13,846 [main] DEBUG (XLog@log():43) - /===========================================================================
2018-05-25 23:49:13,846 [main] DEBUG (XLog@log():43) -                                                       MemberBhv.selectByPK()
2018-05-25 23:49:13,847 [main] DEBUG (XLog@log():43) -                                                       =====================/
2018-05-25 23:49:13,847 [main] DEBUG (XLog@log():43) - WxMailAction.lambda$loopbeans$5():115 -&gt; ...
2018-05-25 23:49:13,856 [main] DEBUG (PlainTestCase@log():733) - Failed to finish the test: WxMailActionTest.test_loopbeans()
org.dbflute.exception.SQLFailureException: Look! Read the message below.
/* * * * * * * * * * * * * * * * * * * * * * * * * * * * * * * * * *
Failed to get database connection.

[Advice]
Read the SQLException message.
*And also check the MySQL bootstrap and network.

[SQLState]
08S01

[ErrorCode]
0

[SQLException]
com.mysql.jdbc.exceptions.jdbc4.CommunicationsException
Communications link failure

The last packet sent successfully to the server was 0 milliseconds ago. The driver has not received any packets from the server.

[Behavior]
WxMailAction.lambda$loopbeans$5():115 -&gt; MemberBhv.selectByPK()

[ConditionBean]
org.docksidestage.dbflute.cbean.MemberCB

[Display SQL]
select dfloc.MEMBER_ID as MEMBER_ID, dfloc.MEMBER_NAME as MEMBER_NAME, dfloc.MEMBER_ACCOUNT as MEMBER_ACCOUNT, dfloc.MEMBER_STATUS_CODE as MEMBER_STATUS_CODE, dfloc.FORMALIZED_DATETIME as FORMALIZED_DATETIME, dfloc.BIRTHDATE as BIRTHDATE, dfloc.REGISTER_DATETIME as REGISTER_DATETIME, dfloc.REGISTER_USER as REGISTER_USER, dfloc.UPDATE_DATETIME as UPDATE_DATETIME, dfloc.UPDATE_USER as UPDATE_USER, dfloc.VERSION_NO as VERSION_NO
  from MEMBER dfloc
 where dfloc.MEMBER_ID = 1
* * * * * * * * * */
	at org.dbflute.bhv.exception.SQLExceptionHandler.throwSQLFailureException(SQLExceptionHandler.java:106)
	at org.dbflute.bhv.exception.SQLExceptionHandler.handleSQLException(SQLExceptionHandler.java:63)
	at org.dbflute.s2dao.sqlhandler.TnAbstractBasicSqlHandler.handleSQLException(TnAbstractBasicSqlHandler.java:378)
	at org.dbflute.s2dao.sqlhandler.TnAbstractBasicSqlHandler.getConnection(TnAbstractBasicSqlHandler.java:426)
	at org.dbflute.s2dao.sqlhandler.TnBasicParameterHandler.execute(TnBasicParameterHandler.java:44)
	at org.dbflute.s2dao.sqlcommand.TnAbstractTwoWaySqlCommand.execute(TnAbstractTwoWaySqlCommand.java:57)
	at org.dbflute.bhv.core.execution.SelectCBExecution.superExecute(SelectCBExecution.java:86)
	at org.dbflute.bhv.core.execution.SelectCBExecution.execute(SelectCBExecution.java:82)
	at org.dbflute.bhv.core.BehaviorCommandInvoker.executeSql(BehaviorCommandInvoker.java:424)
	at org.dbflute.bhv.core.BehaviorCommandInvoker.dispatchInvoking(BehaviorCommandInvoker.java:240)
	at org.dbflute.bhv.core.BehaviorCommandInvoker.invoke(BehaviorCommandInvoker.java:166)
	at org.dbflute.bhv.AbstractBehaviorReadable.invoke(AbstractBehaviorReadable.java:1577)
	at org.dbflute.bhv.AbstractBehaviorReadable.delegateSelectEntity(AbstractBehaviorReadable.java:1365)
	at org.dbflute.bhv.AbstractBehaviorReadable.helpSelectEntityInternally(AbstractBehaviorReadable.java:212)
	at org.dbflute.bhv.AbstractBehaviorReadable.doSelectEntity(AbstractBehaviorReadable.java:188)
	at org.docksidestage.dbflute.bsbhv.BsMemberBhv.doSelectByPK(BsMemberBhv.java:190)
	at org.docksidestage.dbflute.bsbhv.BsMemberBhv.doSelectOptionalByPK(BsMemberBhv.java:194)
	at org.docksidestage.dbflute.bsbhv.BsMemberBhv.facadeSelectByPK(BsMemberBhv.java:186)
	at org.docksidestage.dbflute.bsbhv.BsMemberBhv.selectByPK(BsMemberBhv.java:182)
	at org.docksidestage.app.web.wx.mail.WxMailAction.lambda$loopbeans$5(WxMailAction.java:115)
	at org.docksidestage.mylasta.mail.whitebox.WxLoopBeansPostcard.droppedInto(WxLoopBeansPostcard.java:38)
	at org.docksidestage.app.web.wx.mail.WxMailAction.loopbeans(WxMailAction.java:112)
	at org.docksidestage.app.web.wx.mail.WxMailActionTest.test_loopbeans(WxMailActionTest.java:61)
	at sun.reflect.NativeMethodAccessorImpl.invoke0(Native Method)
	at sun.reflect.NativeMethodAccessorImpl.invoke(NativeMethodAccessorImpl.java:62)
	at sun.reflect.DelegatingMethodAccessorImpl.invoke(DelegatingMethodAccessorImpl.java:43)
	at java.lang.reflect.Method.invoke(Method.java:498)
	at junit.framework.TestCase.runTest(TestCase.java:168)
	at org.dbflute.utflute.core.PlainTestCase.runTest(PlainTestCase.java:131)
	at junit.framework.TestCase.runBare(TestCase.java:134)
	at junit.framework.TestResult$1.protect(TestResult.java:110)
	at junit.framework.TestResult.runProtected(TestResult.java:128)
	at junit.framework.TestResult.run(TestResult.java:113)
	at junit.framework.TestCase.run(TestCase.java:124)
	at junit.framework.TestSuite.runTest(TestSuite.java:243)
	at junit.framework.TestSuite.run(TestSuite.java:238)
	at org.junit.internal.runners.JUnit38ClassRunner.run(JUnit38ClassRunner.java:83)
	at org.apache.maven.surefire.junit4.JUnit4Provider.execute(JUnit4Provider.java:252)
	at org.apache.maven.surefire.junit4.JUnit4Provider.executeTestSet(JUnit4Provider.java:141)
	at org.apache.maven.surefire.junit4.JUnit4Provider.invoke(JUnit4Provider.java:112)
	at sun.reflect.NativeMethodAccessorImpl.invoke0(Native Method)
	at sun.reflect.NativeMethodAccessorImpl.invoke(NativeMethodAccessorImpl.java:62)
	at sun.reflect.DelegatingMethodAccessorImpl.invoke(DelegatingMethodAccessorImpl.java:43)
	at java.lang.reflect.Method.invoke(Method.java:498)
	at org.apache.maven.surefire.util.ReflectionUtils.invokeMethodWithArray(ReflectionUtils.java:189)
	at org.apache.maven.surefire.booter.ProviderFactory$ProviderProxy.invoke(ProviderFactory.java:165)
	at org.apache.maven.surefire.booter.ProviderFactory.invokeProvider(ProviderFactory.java:85)
	at org.apache.maven.surefire.booter.ForkedBooter.runSuitesInProcess(ForkedBooter.java:115)
	at org.apache.maven.surefire.booter.ForkedBooter.main(ForkedBooter.java:75)
Caused by: com.mysql.jdbc.exceptions.jdbc4.CommunicationsException: Communications link failure

The last packet sent successfully to the server was 0 milliseconds ago. The driver has not received any packets from the server.
	at sun.reflect.GeneratedConstructorAccessor25.newInstance(Unknown Source)
	at sun.reflect.DelegatingConstructorAccessorImpl.newInstance(DelegatingConstructorAccessorImpl.java:45)
	at java.lang.reflect.Constructor.newInstance(Constructor.java:423)
	at com.mysql.jdbc.Util.handleNewInstance(Util.java:404)
	at com.mysql.jdbc.SQLError.createCommunicationsException(SQLError.java:983)
	at com.mysql.jdbc.MysqlIO.&lt;init&gt;(MysqlIO.java:339)
	at com.mysql.jdbc.ConnectionImpl.coreConnect(ConnectionImpl.java:2252)
	at com.mysql.jdbc.ConnectionImpl.connectOneTryOnly(ConnectionImpl.java:2285)
	at com.mysql.jdbc.ConnectionImpl.createNewIO(ConnectionImpl.java:2084)
	at com.mysql.jdbc.ConnectionImpl.&lt;init&gt;(ConnectionImpl.java:795)
	at com.mysql.jdbc.JDBC4Connection.&lt;init&gt;(JDBC4Connection.java:44)
	at sun.reflect.GeneratedConstructorAccessor22.newInstance(Unknown Source)
	at sun.reflect.DelegatingConstructorAccessorImpl.newInstance(DelegatingConstructorAccessorImpl.java:45)
	at java.lang.reflect.Constructor.newInstance(Constructor.java:423)
	at com.mysql.jdbc.Util.handleNewInstance(Util.java:404)
	at com.mysql.jdbc.ConnectionImpl.getInstance(ConnectionImpl.java:400)
	at com.mysql.jdbc.NonRegisteringDriver.connect(NonRegisteringDriver.java:327)
	at java.sql.DriverManager.getConnection(DriverManager.java:664)
	at java.sql.DriverManager.getConnection(DriverManager.java:208)
	at org.lastaflute.jta.dbcp.SimpleXADataSource.getXAConnection(SimpleXADataSource.java:105)
	at org.lastaflute.jta.dbcp.SimpleXADataSource.getXAConnection(SimpleXADataSource.java:90)
	at org.lastaflute.db.dbcp.HookedXADataSource.getXAConnection(HookedXADataSource.java:90)
	at org.lastaflute.jta.dbcp.SimpleConnectionPool.createConnection(SimpleConnectionPool.java:273)
	at org.lastaflute.jta.dbcp.SimpleConnectionPool.checkOut(SimpleConnectionPool.java:162)
	at org.lastaflute.jta.dbcp.PooledDataSource.getConnection(PooledDataSource.java:53)
	at org.dbflute.s2dao.sqlhandler.TnAbstractBasicSqlHandler.getConnection(TnAbstractBasicSqlHandler.java:421)
	... 45 common frames omitted
Caused by: java.net.ConnectException: Connection refused (Connection refused)
	at java.net.PlainSocketImpl.socketConnect(Native Method)
	at java.net.AbstractPlainSocketImpl.doConnect(AbstractPlainSocketImpl.java:350)
	at java.net.AbstractPlainSocketImpl.connectToAddress(AbstractPlainSocketImpl.java:206)
	at java.net.AbstractPlainSocketImpl.connect(AbstractPlainSocketImpl.java:188)
	at java.net.SocksSocketImpl.connect(SocksSocketImpl.java:392)
	at java.net.Socket.connect(Socket.java:589)
	at com.mysql.jdbc.StandardSocketFactory.connect(StandardSocketFactory.java:214)
	at com.mysql.jdbc.MysqlIO.&lt;init&gt;(MysqlIO.java:298)
	... 65 common frames omitted
2018-05-25 23:49:13,857 [main] DEBUG (LaTransaction@rollback():353) - Rollback transaction: [FormatId=4360, GlobalId=1527284912137/66, BranchId=]
</system-out>
  </testcase>
</testsuite>