<?xml version="1.0" encoding="UTF-8"?>
<testsuite xmlns:xsi="http://www.w3.org/2001/XMLSchema-instance" xsi:noNamespaceSchemaLocation="https://maven.apache.org/surefire/maven-surefire-plugin/xsd/surefire-test-report.xsd" name="com.github.underscore.lodash.StringTest" time="0.102" tests="86" errors="0" skipped="0" failures="0">
  <properties>
    <property name="awt.toolkit" value="sun.awt.X11.XToolkit"/>
    <property name="file.encoding.pkg" value="sun.io"/>
    <property name="java.specification.version" value="1.8"/>
    <property name="sun.cpu.isalist" value=""/>
    <property name="sun.jnu.encoding" value="UTF-8"/>
    <property name="java.class.path" value="/root/workspace/javadev/underscore-java/396049540/target/test-classes:/root/workspace/javadev/underscore-java/396049540/target/classes:/root/./workspace/javadev/underscore-java/396049540/.m2/org/junit/jupiter/junit-jupiter-api/5.2.0/junit-jupiter-api-5.2.0.jar:/root/./workspace/javadev/underscore-java/396049540/.m2/org/apiguardian/apiguardian-api/1.0.0/apiguardian-api-1.0.0.jar:/root/./workspace/javadev/underscore-java/396049540/.m2/org/opentest4j/opentest4j/1.1.0/opentest4j-1.1.0.jar:/root/./workspace/javadev/underscore-java/396049540/.m2/org/junit/platform/junit-platform-commons/1.2.0/junit-platform-commons-1.2.0.jar:"/>
    <property name="java.vm.vendor" value="Oracle Corporation"/>
    <property name="skip.bower" value="true"/>
    <property name="sun.arch.data.model" value="64"/>
    <property name="java.vendor.url" value="http://java.oracle.com/"/>
    <property name="user.timezone" value=""/>
    <property name="java.vm.specification.version" value="1.8"/>
    <property name="os.name" value="Linux"/>
    <property name="rat.skip" value="true"/>
    <property name="gpg.skip" value="true"/>
    <property name="sun.java.launcher" value="SUN_STANDARD"/>
    <property name="sun.boot.library.path" value="/usr/lib/jvm/java-8-openjdk-amd64/jre/lib/amd64"/>
    <property name="skip.gulp" value="true"/>
    <property name="sun.java.command" value="/root/workspace/javadev/underscore-java/396049540/target/surefire/surefirebooter2958535647071169926.jar /root/workspace/javadev/underscore-java/396049540/target/surefire 2018-06-24T13-43-23_511-jvmRun1 surefire254267388624672920tmp surefire_08244983941921803382tmp"/>
    <property name="dependency-check.skip" value="true"/>
    <property name="surefire.test.class.path" value="/root/workspace/javadev/underscore-java/396049540/target/test-classes:/root/workspace/javadev/underscore-java/396049540/target/classes:/root/./workspace/javadev/underscore-java/396049540/.m2/org/junit/jupiter/junit-jupiter-api/5.2.0/junit-jupiter-api-5.2.0.jar:/root/./workspace/javadev/underscore-java/396049540/.m2/org/apiguardian/apiguardian-api/1.0.0/apiguardian-api-1.0.0.jar:/root/./workspace/javadev/underscore-java/396049540/.m2/org/opentest4j/opentest4j/1.1.0/opentest4j-1.1.0.jar:/root/./workspace/javadev/underscore-java/396049540/.m2/org/junit/platform/junit-platform-commons/1.2.0/junit-platform-commons-1.2.0.jar:"/>
    <property name="sun.cpu.endian" value="little"/>
    <property name="user.home" value="/root"/>
    <property name="user.language" value="en"/>
    <property name="java.specification.vendor" value="Oracle Corporation"/>
    <property name="java.home" value="/usr/lib/jvm/java-8-openjdk-amd64/jre"/>
    <property name="basedir" value="/root/workspace/javadev/underscore-java/396049540"/>
    <property name="file.separator" value="/"/>
    <property name="checkstyle.skip" value="true"/>
    <property name="line.separator" value="&#10;"/>
    <property name="skip.npm" value="true"/>
    <property name="java.vm.specification.vendor" value="Oracle Corporation"/>
    <property name="java.specification.name" value="Java Platform API Specification"/>
    <property name="java.awt.graphicsenv" value="sun.awt.X11GraphicsEnvironment"/>
    <property name="skipITs" value="true"/>
    <property name="surefire.real.class.path" value="/root/workspace/javadev/underscore-java/396049540/target/surefire/surefirebooter2958535647071169926.jar:/root/./workspace/javadev/underscore-java/396049540/.m2/org/jacoco/org.jacoco.agent/0.8.1/org.jacoco.agent-0.8.1-runtime.jar"/>
    <property name="cobertura.skip" value="true"/>
    <property name="sun.boot.class.path" value="/usr/lib/jvm/java-8-openjdk-amd64/jre/lib/resources.jar:/usr/lib/jvm/java-8-openjdk-amd64/jre/lib/rt.jar:/usr/lib/jvm/java-8-openjdk-amd64/jre/lib/sunrsasign.jar:/usr/lib/jvm/java-8-openjdk-amd64/jre/lib/jsse.jar:/usr/lib/jvm/java-8-openjdk-amd64/jre/lib/jce.jar:/usr/lib/jvm/java-8-openjdk-amd64/jre/lib/charsets.jar:/usr/lib/jvm/java-8-openjdk-amd64/jre/lib/jfr.jar:/usr/lib/jvm/java-8-openjdk-amd64/jre/classes"/>
    <property name="sun.management.compiler" value="HotSpot 64-Bit Tiered Compilers"/>
    <property name="java.runtime.version" value="1.8.0_121-8u121-b13-1~bpo8+1-b13"/>
    <property name="user.name" value="root"/>
    <property name="findbugs.skip" value="true"/>
    <property name="path.separator" value=":"/>
    <property name="os.version" value="3.10.0-862.2.3.el7.x86_64"/>
    <property name="java.endorsed.dirs" value="/usr/lib/jvm/java-8-openjdk-amd64/jre/lib/endorsed"/>
    <property name="java.runtime.name" value="OpenJDK Runtime Environment"/>
    <property name="file.encoding" value="UTF-8"/>
    <property name="java.vm.name" value="OpenJDK 64-Bit Server VM"/>
    <property name="localRepository" value="/root/./workspace/javadev/underscore-java/396049540/.m2"/>
    <property name="java.vendor.url.bug" value="http://bugreport.sun.com/bugreport/"/>
    <property name="java.io.tmpdir" value="/tmp"/>
    <property name="java.version" value="1.8.0_121"/>
    <property name="user.dir" value="/root/workspace/javadev/underscore-java/396049540"/>
    <property name="os.arch" value="amd64"/>
    <property name="license.skip" value="true"/>
    <property name="java.vm.specification.name" value="Java Virtual Machine Specification"/>
    <property name="java.awt.printerjob" value="sun.print.PSPrinterJob"/>
    <property name="sun.os.patch.level" value="unknown"/>
    <property name="java.library.path" value="/usr/java/packages/lib/amd64:/usr/lib/x86_64-linux-gnu/jni:/lib/x86_64-linux-gnu:/usr/lib/x86_64-linux-gnu:/usr/lib/jni:/lib:/usr/lib"/>
    <property name="java.vm.info" value="mixed mode"/>
    <property name="java.vendor" value="Oracle Corporation"/>
    <property name="java.vm.version" value="25.121-b13"/>
    <property name="java.ext.dirs" value="/usr/lib/jvm/java-8-openjdk-amd64/jre/lib/ext:/usr/java/packages/lib/ext"/>
    <property name="sun.io.unicode.encoding" value="UnicodeLittle"/>
    <property name="maven.repo.local" value="/root/./workspace/javadev/underscore-java/396049540/.m2"/>
    <property name="enforcer.skip" value="true"/>
    <property name="java.class.version" value="52.0"/>
  </properties>
  <testcase name="startCase" classname="com.github.underscore.lodash.StringTest" time="0"/>
  <testcase name="testXmlShortArrayToString" classname="com.github.underscore.lodash.StringTest" time="0"/>
  <testcase name="testXmlIntArrayToString" classname="com.github.underscore.lodash.StringTest" time="0"/>
  <testcase name="testDecodeMap2" classname="com.github.underscore.lodash.StringTest" time="0"/>
  <testcase name="testDecodeMap3" classname="com.github.underscore.lodash.StringTest" time="0"/>
  <testcase name="capitalize" classname="com.github.underscore.lodash.StringTest" time="0"/>
  <testcase name="upperFirst" classname="com.github.underscore.lodash.StringTest" time="0"/>
  <testcase name="testXmlCharArrayToString" classname="com.github.underscore.lodash.StringTest" time="0.001"/>
  <testcase name="startsWith" classname="com.github.underscore.lodash.StringTest" time="0.003"/>
  <testcase name="testDecodeParseXmlErr13" classname="com.github.underscore.lodash.StringTest" time="0.007"/>
  <testcase name="testDecodeParseXmlErr14" classname="com.github.underscore.lodash.StringTest" time="0.001"/>
  <testcase name="testFloatArrayToString" classname="com.github.underscore.lodash.StringTest" time="0.002"/>
  <testcase name="deburr" classname="com.github.underscore.lodash.StringTest" time="0"/>
  <testcase name="escape" classname="com.github.underscore.lodash.StringTest" time="0.001"/>
  <testcase name="trimEnd" classname="com.github.underscore.lodash.StringTest" time="0"/>
  <testcase name="testXmlDecodeCyrillic" classname="com.github.underscore.lodash.StringTest" time="0.002"/>
  <testcase name="testIntArrayToString" classname="com.github.underscore.lodash.StringTest" time="0"/>
  <testcase name="padEnd" classname="com.github.underscore.lodash.StringTest" time="0.001"/>
  <testcase name="testXmlDoubleArrayToString" classname="com.github.underscore.lodash.StringTest" time="0"/>
  <testcase name="repeat" classname="com.github.underscore.lodash.StringTest" time="0"/>
  <testcase name="testXmlFloatArrayToString" classname="com.github.underscore.lodash.StringTest" time="0.001"/>
  <testcase name="fromXml" classname="com.github.underscore.lodash.StringTest" time="0.009"/>
  <testcase name="kebabCase" classname="com.github.underscore.lodash.StringTest" time="0.001"/>
  <testcase name="testXmlObjectArrayToString" classname="com.github.underscore.lodash.StringTest" time="0.001"/>
  <testcase name="toXmlFromJson" classname="com.github.underscore.lodash.StringTest" time="0.001"/>
  <testcase name="toXmlFromList" classname="com.github.underscore.lodash.StringTest" time="0"/>
  <testcase name="trimStart" classname="com.github.underscore.lodash.StringTest" time="0"/>
  <testcase name="testJsonArray" classname="com.github.underscore.lodash.StringTest" time="0.001"/>
  <testcase name="camelCase" classname="com.github.underscore.lodash.StringTest" time="0.001"/>
  <testcase name="testJsonArrayCollection" classname="com.github.underscore.lodash.StringTest" time="0.003"/>
  <testcase name="toXmlAndFromXmlFromMap" classname="com.github.underscore.lodash.StringTest" time="0.001"/>
  <testcase name="testDoubleArrayToString" classname="com.github.underscore.lodash.StringTest" time="0"/>
  <testcase name="pad" classname="com.github.underscore.lodash.StringTest" time="0.001"/>
  <testcase name="main" classname="com.github.underscore.lodash.StringTest" time="0"/>
  <testcase name="trim" classname="com.github.underscore.lodash.StringTest" time="0"/>
  <testcase name="snakeCase" classname="com.github.underscore.lodash.StringTest" time="0.001"/>
  <testcase name="chain" classname="com.github.underscore.lodash.StringTest" time="0.007"/>
  <testcase name="toXml" classname="com.github.underscore.lodash.StringTest" time="0.001"/>
  <testcase name="trunc" classname="com.github.underscore.lodash.StringTest" time="0"/>
  <testcase name="words" classname="com.github.underscore.lodash.StringTest" time="0.001"/>
  <testcase name="testObjectArrayToString" classname="com.github.underscore.lodash.StringTest" time="0"/>
  <testcase name="testDecodeTrueFalse" classname="com.github.underscore.lodash.StringTest" time="0.001"/>
  <testcase name="testDecodeParseErr10" classname="com.github.underscore.lodash.StringTest" time="0.001"/>
  <testcase name="testDecodeParseErr11" classname="com.github.underscore.lodash.StringTest" time="0"/>
  <testcase name="testDecodeParseErr12" classname="com.github.underscore.lodash.StringTest" time="0.001"/>
  <testcase name="testDecodeParseErr13" classname="com.github.underscore.lodash.StringTest" time="0"/>
  <testcase name="testDecodeParseErr14" classname="com.github.underscore.lodash.StringTest" time="0"/>
  <testcase name="uncapitalize" classname="com.github.underscore.lodash.StringTest" time="0"/>
  <testcase name="testXmlArray" classname="com.github.underscore.lodash.StringTest" time="0.001"/>
  <testcase name="testDecodeSpecialCharacter" classname="com.github.underscore.lodash.StringTest" time="0"/>
  <testcase name="testXmlBooleanArrayToString" classname="com.github.underscore.lodash.StringTest" time="0"/>
  <testcase name="testJsonDecodeCyrillic" classname="com.github.underscore.lodash.StringTest" time="0"/>
  <testcase name="padStart" classname="com.github.underscore.lodash.StringTest" time="0"/>
  <testcase name="fromXmlMakeArrays" classname="com.github.underscore.lodash.StringTest" time="0.002"/>
  <testcase name="testXmlArrayCollection" classname="com.github.underscore.lodash.StringTest" time="0.001"/>
  <testcase name="toXmlFromMap" classname="com.github.underscore.lodash.StringTest" time="0"/>
  <testcase name="toJsonFromList" classname="com.github.underscore.lodash.StringTest" time="0"/>
  <testcase name="testDecode2" classname="com.github.underscore.lodash.StringTest" time="0"/>
  <testcase name="testDecode3" classname="com.github.underscore.lodash.StringTest" time="0"/>
  <testcase name="testDecodeMap" classname="com.github.underscore.lodash.StringTest" time="0"/>
  <testcase name="lowerFirst" classname="com.github.underscore.lodash.StringTest" time="0.001"/>
  <testcase name="escapeXml" classname="com.github.underscore.lodash.StringTest" time="0"/>
  <testcase name="testDecode" classname="com.github.underscore.lodash.StringTest" time="0.001"/>
  <testcase name="testDecodeParseErr1" classname="com.github.underscore.lodash.StringTest" time="0.001"/>
  <testcase name="testDecodeParseErr2" classname="com.github.underscore.lodash.StringTest" time="0"/>
  <testcase name="testDecodeParseErr3" classname="com.github.underscore.lodash.StringTest" time="0"/>
  <testcase name="testDecodeParseErr4" classname="com.github.underscore.lodash.StringTest" time="0.001"/>
  <testcase name="testDecodeParseErr5" classname="com.github.underscore.lodash.StringTest" time="0.001"/>
  <testcase name="testDecodeParseErr6" classname="com.github.underscore.lodash.StringTest" time="0"/>
  <testcase name="testDecodeParseErr8" classname="com.github.underscore.lodash.StringTest" time="0"/>
  <testcase name="testDecodeParseErr9" classname="com.github.underscore.lodash.StringTest" time="0"/>
  <testcase name="testLongArrayToString" classname="com.github.underscore.lodash.StringTest" time="0"/>
  <testcase name="testByteArrayToString" classname="com.github.underscore.lodash.StringTest" time="0"/>
  <testcase name="toJsonFromMapFormatted" classname="com.github.underscore.lodash.StringTest" time="0.001"/>
  <testcase name="toJsonFromMap" classname="com.github.underscore.lodash.StringTest" time="0"/>
  <testcase name="toJsonFromXml" classname="com.github.underscore.lodash.StringTest" time="0.002"/>
  <testcase name="testDecodeUnicode" classname="com.github.underscore.lodash.StringTest" time="0"/>
  <testcase name="testShortArrayToString" classname="com.github.underscore.lodash.StringTest" time="0.001"/>
  <testcase name="testBooleanArrayToString" classname="com.github.underscore.lodash.StringTest" time="0"/>
  <testcase name="endsWith" classname="com.github.underscore.lodash.StringTest" time="0"/>
  <testcase name="testDecodeUnicode1" classname="com.github.underscore.lodash.StringTest" time="0"/>
  <testcase name="testDecodeUnicode2" classname="com.github.underscore.lodash.StringTest" time="0.001"/>
  <testcase name="testDecodeUnicode3" classname="com.github.underscore.lodash.StringTest" time="0"/>
  <testcase name="testCharArrayToString" classname="com.github.underscore.lodash.StringTest" time="0.001"/>
  <testcase name="testXmlLongArrayToString" classname="com.github.underscore.lodash.StringTest" time="0.001"/>
  <testcase name="testXmlByteArrayToString" classname="com.github.underscore.lodash.StringTest" time="0"/>
</testsuite>