<?xml version="1.0" encoding="UTF-8"?>
<testsuite name="Hello.ApplicationTest" time="0.711" tests="1" errors="1" skipped="0" failures="0">
  <properties>
    <property name="java.runtime.name" value="OpenJDK Runtime Environment"/>
    <property name="sun.boot.library.path" value="/usr/lib/jvm/java-8-openjdk-amd64/jre/lib/amd64"/>
    <property name="java.vm.version" value="25.121-b13"/>
    <property name="java.vm.vendor" value="Oracle Corporation"/>
    <property name="maven.multiModuleProjectDirectory" value="/root/workspace/DanHoganRed/AddressBook_Sysc4806/339092119"/>
    <property name="java.vendor.url" value="http://java.oracle.com/"/>
    <property name="path.separator" value=":"/>
    <property name="guice.disable.misplaced.annotation.check" value="true"/>
    <property name="java.vm.name" value="OpenJDK 64-Bit Server VM"/>
    <property name="file.encoding.pkg" value="sun.io"/>
    <property name="sun.java.launcher" value="SUN_STANDARD"/>
    <property name="sun.os.patch.level" value="unknown"/>
    <property name="findbugs.skip" value="true"/>
    <property name="java.vm.specification.name" value="Java Virtual Machine Specification"/>
    <property name="user.dir" value="/root/workspace/DanHoganRed/AddressBook_Sysc4806/339092119"/>
    <property name="checkstyle.skip" value="true"/>
    <property name="java.runtime.version" value="1.8.0_121-8u121-b13-1~bpo8+1-b13"/>
    <property name="java.awt.graphicsenv" value="sun.awt.X11GraphicsEnvironment"/>
    <property name="java.endorsed.dirs" value="/usr/lib/jvm/java-8-openjdk-amd64/jre/lib/endorsed"/>
    <property name="os.arch" value="amd64"/>
    <property name="java.io.tmpdir" value="/tmp"/>
    <property name="gpg.skip" value="true"/>
    <property name="line.separator" value="&#10;"/>
    <property name="java.vm.specification.vendor" value="Oracle Corporation"/>
    <property name="cobertura.skip" value="true"/>
    <property name="os.name" value="Linux"/>
    <property name="classworlds.conf" value="/usr/share/maven/bin/m2.conf"/>
    <property name="sun.jnu.encoding" value="UTF-8"/>
    <property name="java.library.path" value="/usr/java/packages/lib/amd64:/usr/lib/x86_64-linux-gnu/jni:/lib/x86_64-linux-gnu:/usr/lib/x86_64-linux-gnu:/usr/lib/jni:/lib:/usr/lib"/>
    <property name="license.skip" value="true"/>
    <property name="java.specification.name" value="Java Platform API Specification"/>
    <property name="java.class.version" value="52.0"/>
    <property name="sun.management.compiler" value="HotSpot 64-Bit Tiered Compilers"/>
    <property name="maven.repo.local" value="/root/./workspace/DanHoganRed/AddressBook_Sysc4806/339092119/.m2"/>
    <property name="os.version" value="3.16.0-4-amd64"/>
    <property name="user.home" value="/root"/>
    <property name="user.timezone" value="Europe/Paris"/>
    <property name="java.awt.printerjob" value="sun.print.PSPrinterJob"/>
    <property name="java.specification.version" value="1.8"/>
    <property name="file.encoding" value="UTF-8"/>
    <property name="user.name" value="root"/>
    <property name="java.class.path" value="/usr/share/maven/boot/plexus-classworlds-2.5.2.jar"/>
    <property name="skipITs" value="true"/>
    <property name="java.vm.specification.version" value="1.8"/>
    <property name="sun.arch.data.model" value="64"/>
    <property name="java.home" value="/usr/lib/jvm/java-8-openjdk-amd64/jre"/>
    <property name="sun.java.command" value="org.codehaus.plexus.classworlds.launcher.Launcher -B -D enforcer.skip=true -D skipITs=true -D cobertura.skip=true -D maven.repo.local=/root/./workspace/DanHoganRed/AddressBook_Sysc4806/339092119/.m2 -D rat.skip=true -D findbugs.skip=true -D gpg.skip=true -D checkstyle.skip=true -D license.skip=true test"/>
    <property name="java.specification.vendor" value="Oracle Corporation"/>
    <property name="user.language" value="en"/>
    <property name="awt.toolkit" value="sun.awt.X11.XToolkit"/>
    <property name="java.vm.info" value="mixed mode"/>
    <property name="java.version" value="1.8.0_121"/>
    <property name="java.ext.dirs" value="/usr/lib/jvm/java-8-openjdk-amd64/jre/lib/ext:/usr/java/packages/lib/ext"/>
    <property name="securerandom.source" value="file:/dev/./urandom"/>
    <property name="sun.boot.class.path" value="/usr/lib/jvm/java-8-openjdk-amd64/jre/lib/resources.jar:/usr/lib/jvm/java-8-openjdk-amd64/jre/lib/rt.jar:/usr/lib/jvm/java-8-openjdk-amd64/jre/lib/sunrsasign.jar:/usr/lib/jvm/java-8-openjdk-amd64/jre/lib/jsse.jar:/usr/lib/jvm/java-8-openjdk-amd64/jre/lib/jce.jar:/usr/lib/jvm/java-8-openjdk-amd64/jre/lib/charsets.jar:/usr/lib/jvm/java-8-openjdk-amd64/jre/lib/jfr.jar:/usr/lib/jvm/java-8-openjdk-amd64/jre/classes"/>
    <property name="java.vendor" value="Oracle Corporation"/>
    <property name="enforcer.skip" value="true"/>
    <property name="rat.skip" value="true"/>
    <property name="maven.home" value="/usr/share/maven"/>
    <property name="file.separator" value="/"/>
    <property name="java.vendor.url.bug" value="http://bugreport.sun.com/bugreport/"/>
    <property name="sun.cpu.endian" value="little"/>
    <property name="sun.io.unicode.encoding" value="UnicodeLittle"/>
    <property name="sun.cpu.isalist" value=""/>
  </properties>
  <testcase name="contextLoads" classname="Hello.ApplicationTest" time="0.711">
    <error message="Index: 0, Size: 0" type="java.lang.IndexOutOfBoundsException">java.lang.IndexOutOfBoundsException: Index: 0, Size: 0
	at java.util.ArrayList.rangeCheck(ArrayList.java:653)
	at java.util.ArrayList.get(ArrayList.java:429)
	at org.hibernate.collection.internal.PersistentBag.get(PersistentBag.java:450)
	at Hello.ApplicationTest.contextLoads(ApplicationTest.java:59)
</error>
    <system-out><![CDATA[18:39:40.113 [main] DEBUG org.springframework.test.context.junit4.SpringJUnit4ClassRunner - SpringJUnit4ClassRunner constructor called with [class Hello.ApplicationTest]
18:39:40.121 [main] DEBUG org.springframework.test.context.BootstrapUtils - Instantiating CacheAwareContextLoaderDelegate from class [org.springframework.test.context.cache.DefaultCacheAwareContextLoaderDelegate]
18:39:40.139 [main] DEBUG org.springframework.test.context.BootstrapUtils - Instantiating BootstrapContext using constructor [public org.springframework.test.context.support.DefaultBootstrapContext(java.lang.Class,org.springframework.test.context.CacheAwareContextLoaderDelegate)]
18:39:40.162 [main] DEBUG org.springframework.test.context.BootstrapUtils - Instantiating TestContextBootstrapper for test class [Hello.ApplicationTest] from class [org.springframework.boot.test.context.SpringBootTestContextBootstrapper]
18:39:40.182 [main] INFO org.springframework.boot.test.context.SpringBootTestContextBootstrapper - Neither @ContextConfiguration nor @ContextHierarchy found for test class [Hello.ApplicationTest], using SpringBootContextLoader
18:39:40.187 [main] DEBUG org.springframework.test.context.support.AbstractContextLoader - Did not detect default resource location for test class [Hello.ApplicationTest]: class path resource [Hello/ApplicationTest-context.xml] does not exist
18:39:40.188 [main] DEBUG org.springframework.test.context.support.AbstractContextLoader - Did not detect default resource location for test class [Hello.ApplicationTest]: class path resource [Hello/ApplicationTestContext.groovy] does not exist
18:39:40.189 [main] INFO org.springframework.test.context.support.AbstractContextLoader - Could not detect default resource locations for test class [Hello.ApplicationTest]: no resource found for suffixes {-context.xml, Context.groovy}.
18:39:40.190 [main] INFO org.springframework.test.context.support.AnnotationConfigContextLoaderUtils - Could not detect default configuration classes for test class [Hello.ApplicationTest]: ApplicationTest does not declare any static, non-private, non-final, nested classes annotated with @Configuration.
18:39:40.247 [main] DEBUG org.springframework.test.context.support.ActiveProfilesUtils - Could not find an 'annotation declaring class' for annotation type [org.springframework.test.context.ActiveProfiles] and class [Hello.ApplicationTest]
18:39:40.261 [main] DEBUG org.springframework.core.env.StandardEnvironment - Adding PropertySource 'systemProperties' with lowest search precedence
18:39:40.262 [main] DEBUG org.springframework.core.env.StandardEnvironment - Adding PropertySource 'systemEnvironment' with lowest search precedence
18:39:40.264 [main] DEBUG org.springframework.core.env.StandardEnvironment - Initialized StandardEnvironment with PropertySources [MapPropertySource@1863932867 {name='systemProperties', properties={java.runtime.name=OpenJDK Runtime Environment, sun.boot.library.path=/usr/lib/jvm/java-8-openjdk-amd64/jre/lib/amd64, java.vm.version=25.121-b13, java.vm.vendor=Oracle Corporation, java.vendor.url=http://java.oracle.com/, path.separator=:, java.vm.name=OpenJDK 64-Bit Server VM, file.encoding.pkg=sun.io, findbugs.skip=true, sun.java.launcher=SUN_STANDARD, sun.os.patch.level=unknown, java.vm.specification.name=Java Virtual Machine Specification, user.dir=/root/workspace/DanHoganRed/AddressBook_Sysc4806/339092119, checkstyle.skip=true, java.runtime.version=1.8.0_121-8u121-b13-1~bpo8+1-b13, basedir=/root/workspace/DanHoganRed/AddressBook_Sysc4806/339092119, java.awt.graphicsenv=sun.awt.X11GraphicsEnvironment, java.endorsed.dirs=/usr/lib/jvm/java-8-openjdk-amd64/jre/lib/endorsed, os.arch=amd64, surefire.real.class.path=/root/workspace/DanHoganRed/AddressBook_Sysc4806/339092119/target/surefire/surefirebooter8628845772812016796.jar, gpg.skip=true, java.io.tmpdir=/tmp, line.separator=
, cobertura.skip=true, java.vm.specification.vendor=Oracle Corporation, os.name=Linux, sun.jnu.encoding=UTF-8, license.skip=true, java.library.path=/usr/java/packages/lib/amd64:/usr/lib/x86_64-linux-gnu/jni:/lib/x86_64-linux-gnu:/usr/lib/x86_64-linux-gnu:/usr/lib/jni:/lib:/usr/lib, surefire.test.class.path=/root/workspace/DanHoganRed/AddressBook_Sysc4806/339092119/target/test-classes:/root/workspace/DanHoganRed/AddressBook_Sysc4806/339092119/target/classes:/root/./workspace/DanHoganRed/AddressBook_Sysc4806/339092119/.m2/org/springframework/boot/spring-boot-starter-data-rest/1.5.10.RELEASE/spring-boot-starter-data-rest-1.5.10.RELEASE.jar:/root/./workspace/DanHoganRed/AddressBook_Sysc4806/339092119/.m2/org/springframework/boot/spring-boot-starter/1.5.10.RELEASE/spring-boot-starter-1.5.10.RELEASE.jar:/root/./workspace/DanHoganRed/AddressBook_Sysc4806/339092119/.m2/org/springframework/boot/spring-boot/1.5.10.RELEASE/spring-boot-1.5.10.RELEASE.jar:/root/./workspace/DanHoganRed/AddressBook_Sysc4806/339092119/.m2/org/springframework/boot/spring-boot-autoconfigure/1.5.10.RELEASE/spring-boot-autoconfigure-1.5.10.RELEASE.jar:/root/./workspace/DanHoganRed/AddressBook_Sysc4806/339092119/.m2/org/springframework/boot/spring-boot-starter-logging/1.5.10.RELEASE/spring-boot-starter-logging-1.5.10.RELEASE.jar:/root/./workspace/DanHoganRed/AddressBook_Sysc4806/339092119/.m2/ch/qos/logback/logback-classic/1.1.11/logback-classic-1.1.11.jar:/root/./workspace/DanHoganRed/AddressBook_Sysc4806/339092119/.m2/ch/qos/logback/logback-core/1.1.11/logback-core-1.1.11.jar:/root/./workspace/DanHoganRed/AddressBook_Sysc4806/339092119/.m2/org/slf4j/jul-to-slf4j/1.7.25/jul-to-slf4j-1.7.25.jar:/root/./workspace/DanHoganRed/AddressBook_Sysc4806/339092119/.m2/org/slf4j/log4j-over-slf4j/1.7.25/log4j-over-slf4j-1.7.25.jar:/root/./workspace/DanHoganRed/AddressBook_Sysc4806/339092119/.m2/org/yaml/snakeyaml/1.17/snakeyaml-1.17.jar:/root/./workspace/DanHoganRed/AddressBook_Sysc4806/339092119/.m2/org/springframework/boot/spring-boot-starter-web/1.5.10.RELEASE/spring-boot-starter-web-1.5.10.RELEASE.jar:/root/./workspace/DanHoganRed/AddressBook_Sysc4806/339092119/.m2/org/springframework/boot/spring-boot-starter-tomcat/1.5.10.RELEASE/spring-boot-starter-tomcat-1.5.10.RELEASE.jar:/root/./workspace/DanHoganRed/AddressBook_Sysc4806/339092119/.m2/org/apache/tomcat/embed/tomcat-embed-core/8.5.27/tomcat-embed-core-8.5.27.jar:/root/./workspace/DanHoganRed/AddressBook_Sysc4806/339092119/.m2/org/apache/tomcat/tomcat-annotations-api/8.5.27/tomcat-annotations-api-8.5.27.jar:/root/./workspace/DanHoganRed/AddressBook_Sysc4806/339092119/.m2/org/apache/tomcat/embed/tomcat-embed-el/8.5.27/tomcat-embed-el-8.5.27.jar:/root/./workspace/DanHoganRed/AddressBook_Sysc4806/339092119/.m2/org/apache/tomcat/embed/tomcat-embed-websocket/8.5.27/tomcat-embed-websocket-8.5.27.jar:/root/./workspace/DanHoganRed/AddressBook_Sysc4806/339092119/.m2/org/hibernate/hibernate-validator/5.3.6.Final/hibernate-validator-5.3.6.Final.jar:/root/./workspace/DanHoganRed/AddressBook_Sysc4806/339092119/.m2/javax/validation/validation-api/1.1.0.Final/validation-api-1.1.0.Final.jar:/root/./workspace/DanHoganRed/AddressBook_Sysc4806/339092119/.m2/com/fasterxml/classmate/1.3.4/classmate-1.3.4.jar:/root/./workspace/DanHoganRed/AddressBook_Sysc4806/339092119/.m2/org/springframework/spring-web/4.3.14.RELEASE/spring-web-4.3.14.RELEASE.jar:/root/./workspace/DanHoganRed/AddressBook_Sysc4806/339092119/.m2/org/springframework/spring-webmvc/4.3.14.RELEASE/spring-webmvc-4.3.14.RELEASE.jar:/root/./workspace/DanHoganRed/AddressBook_Sysc4806/339092119/.m2/org/springframework/spring-expression/4.3.14.RELEASE/spring-expression-4.3.14.RELEASE.jar:/root/./workspace/DanHoganRed/AddressBook_Sysc4806/339092119/.m2/com/fasterxml/jackson/core/jackson-annotations/2.8.0/jackson-annotations-2.8.0.jar:/root/./workspace/DanHoganRed/AddressBook_Sysc4806/339092119/.m2/com/fasterxml/jackson/core/jackson-databind/2.8.10/jackson-databind-2.8.10.jar:/root/./workspace/DanHoganRed/AddressBook_Sysc4806/339092119/.m2/com/fasterxml/jackson/core/jackson-core/2.8.10/jackson-core-2.8.10.jar:/root/./workspace/DanHoganRed/AddressBook_Sysc4806/339092119/.m2/org/springframework/data/spring-data-rest-webmvc/2.6.10.RELEASE/spring-data-rest-webmvc-2.6.10.RELEASE.jar:/root/./workspace/DanHoganRed/AddressBook_Sysc4806/339092119/.m2/org/springframework/data/spring-data-rest-core/2.6.10.RELEASE/spring-data-rest-core-2.6.10.RELEASE.jar:/root/./workspace/DanHoganRed/AddressBook_Sysc4806/339092119/.m2/org/springframework/hateoas/spring-hateoas/0.23.0.RELEASE/spring-hateoas-0.23.0.RELEASE.jar:/root/./workspace/DanHoganRed/AddressBook_Sysc4806/339092119/.m2/org/springframework/plugin/spring-plugin-core/1.2.0.RELEASE/spring-plugin-core-1.2.0.RELEASE.jar:/root/./workspace/DanHoganRed/AddressBook_Sysc4806/339092119/.m2/org/atteo/evo-inflector/1.2.2/evo-inflector-1.2.2.jar:/root/./workspace/DanHoganRed/AddressBook_Sysc4806/339092119/.m2/org/slf4j/slf4j-api/1.7.25/slf4j-api-1.7.25.jar:/root/./workspace/DanHoganRed/AddressBook_Sysc4806/339092119/.m2/org/slf4j/jcl-over-slf4j/1.7.25/jcl-over-slf4j-1.7.25.jar:/root/./workspace/DanHoganRed/AddressBook_Sysc4806/339092119/.m2/org/springframework/boot/spring-boot-starter-data-jpa/1.5.10.RELEASE/spring-boot-starter-data-jpa-1.5.10.RELEASE.jar:/root/./workspace/DanHoganRed/AddressBook_Sysc4806/339092119/.m2/org/springframework/boot/spring-boot-starter-aop/1.5.10.RELEASE/spring-boot-starter-aop-1.5.10.RELEASE.jar:/root/./workspace/DanHoganRed/AddressBook_Sysc4806/339092119/.m2/org/springframework/spring-aop/4.3.14.RELEASE/spring-aop-4.3.14.RELEASE.jar:/root/./workspace/DanHoganRed/AddressBook_Sysc4806/339092119/.m2/org/aspectj/aspectjweaver/1.8.13/aspectjweaver-1.8.13.jar:/root/./workspace/DanHoganRed/AddressBook_Sysc4806/339092119/.m2/org/springframework/boot/spring-boot-starter-jdbc/1.5.10.RELEASE/spring-boot-starter-jdbc-1.5.10.RELEASE.jar:/root/./workspace/DanHoganRed/AddressBook_Sysc4806/339092119/.m2/org/apache/tomcat/tomcat-jdbc/8.5.27/tomcat-jdbc-8.5.27.jar:/root/./workspace/DanHoganRed/AddressBook_Sysc4806/339092119/.m2/org/apache/tomcat/tomcat-juli/8.5.27/tomcat-juli-8.5.27.jar:/root/./workspace/DanHoganRed/AddressBook_Sysc4806/339092119/.m2/org/springframework/spring-jdbc/4.3.14.RELEASE/spring-jdbc-4.3.14.RELEASE.jar:/root/./workspace/DanHoganRed/AddressBook_Sysc4806/339092119/.m2/org/hibernate/hibernate-core/5.0.12.Final/hibernate-core-5.0.12.Final.jar:/root/./workspace/DanHoganRed/AddressBook_Sysc4806/339092119/.m2/org/jboss/logging/jboss-logging/3.3.1.Final/jboss-logging-3.3.1.Final.jar:/root/./workspace/DanHoganRed/AddressBook_Sysc4806/339092119/.m2/org/hibernate/javax/persistence/hibernate-jpa-2.1-api/1.0.0.Final/hibernate-jpa-2.1-api-1.0.0.Final.jar:/root/./workspace/DanHoganRed/AddressBook_Sysc4806/339092119/.m2/org/javassist/javassist/3.21.0-GA/javassist-3.21.0-GA.jar:/root/./workspace/DanHoganRed/AddressBook_Sysc4806/339092119/.m2/antlr/antlr/2.7.7/antlr-2.7.7.jar:/root/./workspace/DanHoganRed/AddressBook_Sysc4806/339092119/.m2/org/jboss/jandex/2.0.0.Final/jandex-2.0.0.Final.jar:/root/./workspace/DanHoganRed/AddressBook_Sysc4806/339092119/.m2/dom4j/dom4j/1.6.1/dom4j-1.6.1.jar:/root/./workspace/DanHoganRed/AddressBook_Sysc4806/339092119/.m2/org/hibernate/common/hibernate-commons-annotations/5.0.1.Final/hibernate-commons-annotations-5.0.1.Final.jar:/root/./workspace/DanHoganRed/AddressBook_Sysc4806/339092119/.m2/org/hibernate/hibernate-entitymanager/5.0.12.Final/hibernate-entitymanager-5.0.12.Final.jar:/root/./workspace/DanHoganRed/AddressBook_Sysc4806/339092119/.m2/javax/transaction/javax.transaction-api/1.2/javax.transaction-api-1.2.jar:/root/./workspace/DanHoganRed/AddressBook_Sysc4806/339092119/.m2/org/springframework/data/spring-data-jpa/1.11.10.RELEASE/spring-data-jpa-1.11.10.RELEASE.jar:/root/./workspace/DanHoganRed/AddressBook_Sysc4806/339092119/.m2/org/springframework/data/spring-data-commons/1.13.10.RELEASE/spring-data-commons-1.13.10.RELEASE.jar:/root/./workspace/DanHoganRed/AddressBook_Sysc4806/339092119/.m2/org/springframework/spring-orm/4.3.14.RELEASE/spring-orm-4.3.14.RELEASE.jar:/root/./workspace/DanHoganRed/AddressBook_Sysc4806/339092119/.m2/org/springframework/spring-context/4.3.14.RELEASE/spring-context-4.3.14.RELEASE.jar:/root/./workspace/DanHoganRed/AddressBook_Sysc4806/339092119/.m2/org/springframework/spring-tx/4.3.14.RELEASE/spring-tx-4.3.14.RELEASE.jar:/root/./workspace/DanHoganRed/AddressBook_Sysc4806/339092119/.m2/org/springframework/spring-beans/4.3.14.RELEASE/spring-beans-4.3.14.RELEASE.jar:/root/./workspace/DanHoganRed/AddressBook_Sysc4806/339092119/.m2/org/springframework/spring-aspects/4.3.14.RELEASE/spring-aspects-4.3.14.RELEASE.jar:/root/./workspace/DanHoganRed/AddressBook_Sysc4806/339092119/.m2/com/h2database/h2/1.4.196/h2-1.4.196.jar:/root/./workspace/DanHoganRed/AddressBook_Sysc4806/339092119/.m2/org/springframework/boot/spring-boot-starter-test/1.5.10.RELEASE/spring-boot-starter-test-1.5.10.RELEASE.jar:/root/./workspace/DanHoganRed/AddressBook_Sysc4806/339092119/.m2/org/springframework/boot/spring-boot-test/1.5.10.RELEASE/spring-boot-test-1.5.10.RELEASE.jar:/root/./workspace/DanHoganRed/AddressBook_Sysc4806/339092119/.m2/org/springframework/boot/spring-boot-test-autoconfigure/1.5.10.RELEASE/spring-boot-test-autoconfigure-1.5.10.RELEASE.jar:/root/./workspace/DanHoganRed/AddressBook_Sysc4806/339092119/.m2/com/jayway/jsonpath/json-path/2.2.0/json-path-2.2.0.jar:/root/./workspace/DanHoganRed/AddressBook_Sysc4806/339092119/.m2/net/minidev/json-smart/2.2.1/json-smart-2.2.1.jar:/root/./workspace/DanHoganRed/AddressBook_Sysc4806/339092119/.m2/net/minidev/accessors-smart/1.1/accessors-smart-1.1.jar:/root/./workspace/DanHoganRed/AddressBook_Sysc4806/339092119/.m2/org/ow2/asm/asm/5.0.3/asm-5.0.3.jar:/root/./workspace/DanHoganRed/AddressBook_Sysc4806/339092119/.m2/junit/junit/4.12/junit-4.12.jar:/root/./workspace/DanHoganRed/AddressBook_Sysc4806/339092119/.m2/org/assertj/assertj-core/2.6.0/assertj-core-2.6.0.jar:/root/./workspace/DanHoganRed/AddressBook_Sysc4806/339092119/.m2/org/mockito/mockito-core/1.10.19/mockito-core-1.10.19.jar:/root/./workspace/DanHoganRed/AddressBook_Sysc4806/339092119/.m2/org/objenesis/objenesis/2.1/objenesis-2.1.jar:/root/./workspace/DanHoganRed/AddressBook_Sysc4806/339092119/.m2/org/hamcrest/hamcrest-core/1.3/hamcrest-core-1.3.jar:/root/./workspace/DanHoganRed/AddressBook_Sysc4806/339092119/.m2/org/hamcrest/hamcrest-library/1.3/hamcrest-library-1.3.jar:/root/./workspace/DanHoganRed/AddressBook_Sysc4806/339092119/.m2/org/skyscreamer/jsonassert/1.4.0/jsonassert-1.4.0.jar:/root/./workspace/DanHoganRed/AddressBook_Sysc4806/339092119/.m2/com/vaadin/external/google/android-json/0.0.20131108.vaadin1/android-json-0.0.20131108.vaadin1.jar:/root/./workspace/DanHoganRed/AddressBook_Sysc4806/339092119/.m2/org/springframework/spring-core/4.3.14.RELEASE/spring-core-4.3.14.RELEASE.jar:/root/./workspace/DanHoganRed/AddressBook_Sysc4806/339092119/.m2/org/springframework/spring-test/4.3.14.RELEASE/spring-test-4.3.14.RELEASE.jar:, java.specification.name=Java Platform API Specification, java.class.version=52.0, sun.management.compiler=HotSpot 64-Bit Tiered Compilers, maven.repo.local=/root/./workspace/DanHoganRed/AddressBook_Sysc4806/339092119/.m2, os.version=3.16.0-4-amd64, user.home=/root, user.timezone=Europe/Paris, java.awt.printerjob=sun.print.PSPrinterJob, file.encoding=UTF-8, java.specification.version=1.8, java.class.path=/root/workspace/DanHoganRed/AddressBook_Sysc4806/339092119/target/test-classes:/root/workspace/DanHoganRed/AddressBook_Sysc4806/339092119/target/classes:/root/./workspace/DanHoganRed/AddressBook_Sysc4806/339092119/.m2/org/springframework/boot/spring-boot-starter-data-rest/1.5.10.RELEASE/spring-boot-starter-data-rest-1.5.10.RELEASE.jar:/root/./workspace/DanHoganRed/AddressBook_Sysc4806/339092119/.m2/org/springframework/boot/spring-boot-starter/1.5.10.RELEASE/spring-boot-starter-1.5.10.RELEASE.jar:/root/./workspace/DanHoganRed/AddressBook_Sysc4806/339092119/.m2/org/springframework/boot/spring-boot/1.5.10.RELEASE/spring-boot-1.5.10.RELEASE.jar:/root/./workspace/DanHoganRed/AddressBook_Sysc4806/339092119/.m2/org/springframework/boot/spring-boot-autoconfigure/1.5.10.RELEASE/spring-boot-autoconfigure-1.5.10.RELEASE.jar:/root/./workspace/DanHoganRed/AddressBook_Sysc4806/339092119/.m2/org/springframework/boot/spring-boot-starter-logging/1.5.10.RELEASE/spring-boot-starter-logging-1.5.10.RELEASE.jar:/root/./workspace/DanHoganRed/AddressBook_Sysc4806/339092119/.m2/ch/qos/logback/logback-classic/1.1.11/logback-classic-1.1.11.jar:/root/./workspace/DanHoganRed/AddressBook_Sysc4806/339092119/.m2/ch/qos/logback/logback-core/1.1.11/logback-core-1.1.11.jar:/root/./workspace/DanHoganRed/AddressBook_Sysc4806/339092119/.m2/org/slf4j/jul-to-slf4j/1.7.25/jul-to-slf4j-1.7.25.jar:/root/./workspace/DanHoganRed/AddressBook_Sysc4806/339092119/.m2/org/slf4j/log4j-over-slf4j/1.7.25/log4j-over-slf4j-1.7.25.jar:/root/./workspace/DanHoganRed/AddressBook_Sysc4806/339092119/.m2/org/yaml/snakeyaml/1.17/snakeyaml-1.17.jar:/root/./workspace/DanHoganRed/AddressBook_Sysc4806/339092119/.m2/org/springframework/boot/spring-boot-starter-web/1.5.10.RELEASE/spring-boot-starter-web-1.5.10.RELEASE.jar:/root/./workspace/DanHoganRed/AddressBook_Sysc4806/339092119/.m2/org/springframework/boot/spring-boot-starter-tomcat/1.5.10.RELEASE/spring-boot-starter-tomcat-1.5.10.RELEASE.jar:/root/./workspace/DanHoganRed/AddressBook_Sysc4806/339092119/.m2/org/apache/tomcat/embed/tomcat-embed-core/8.5.27/tomcat-embed-core-8.5.27.jar:/root/./workspace/DanHoganRed/AddressBook_Sysc4806/339092119/.m2/org/apache/tomcat/tomcat-annotations-api/8.5.27/tomcat-annotations-api-8.5.27.jar:/root/./workspace/DanHoganRed/AddressBook_Sysc4806/339092119/.m2/org/apache/tomcat/embed/tomcat-embed-el/8.5.27/tomcat-embed-el-8.5.27.jar:/root/./workspace/DanHoganRed/AddressBook_Sysc4806/339092119/.m2/org/apache/tomcat/embed/tomcat-embed-websocket/8.5.27/tomcat-embed-websocket-8.5.27.jar:/root/./workspace/DanHoganRed/AddressBook_Sysc4806/339092119/.m2/org/hibernate/hibernate-validator/5.3.6.Final/hibernate-validator-5.3.6.Final.jar:/root/./workspace/DanHoganRed/AddressBook_Sysc4806/339092119/.m2/javax/validation/validation-api/1.1.0.Final/validation-api-1.1.0.Final.jar:/root/./workspace/DanHoganRed/AddressBook_Sysc4806/339092119/.m2/com/fasterxml/classmate/1.3.4/classmate-1.3.4.jar:/root/./workspace/DanHoganRed/AddressBook_Sysc4806/339092119/.m2/org/springframework/spring-web/4.3.14.RELEASE/spring-web-4.3.14.RELEASE.jar:/root/./workspace/DanHoganRed/AddressBook_Sysc4806/339092119/.m2/org/springframework/spring-webmvc/4.3.14.RELEASE/spring-webmvc-4.3.14.RELEASE.jar:/root/./workspace/DanHoganRed/AddressBook_Sysc4806/339092119/.m2/org/springframework/spring-expression/4.3.14.RELEASE/spring-expression-4.3.14.RELEASE.jar:/root/./workspace/DanHoganRed/AddressBook_Sysc4806/339092119/.m2/com/fasterxml/jackson/core/jackson-annotations/2.8.0/jackson-annotations-2.8.0.jar:/root/./workspace/DanHoganRed/AddressBook_Sysc4806/339092119/.m2/com/fasterxml/jackson/core/jackson-databind/2.8.10/jackson-databind-2.8.10.jar:/root/./workspace/DanHoganRed/AddressBook_Sysc4806/339092119/.m2/com/fasterxml/jackson/core/jackson-core/2.8.10/jackson-core-2.8.10.jar:/root/./workspace/DanHoganRed/AddressBook_Sysc4806/339092119/.m2/org/springframework/data/spring-data-rest-webmvc/2.6.10.RELEASE/spring-data-rest-webmvc-2.6.10.RELEASE.jar:/root/./workspace/DanHoganRed/AddressBook_Sysc4806/339092119/.m2/org/springframework/data/spring-data-rest-core/2.6.10.RELEASE/spring-data-rest-core-2.6.10.RELEASE.jar:/root/./workspace/DanHoganRed/AddressBook_Sysc4806/339092119/.m2/org/springframework/hateoas/spring-hateoas/0.23.0.RELEASE/spring-hateoas-0.23.0.RELEASE.jar:/root/./workspace/DanHoganRed/AddressBook_Sysc4806/339092119/.m2/org/springframework/plugin/spring-plugin-core/1.2.0.RELEASE/spring-plugin-core-1.2.0.RELEASE.jar:/root/./workspace/DanHoganRed/AddressBook_Sysc4806/339092119/.m2/org/atteo/evo-inflector/1.2.2/evo-inflector-1.2.2.jar:/root/./workspace/DanHoganRed/AddressBook_Sysc4806/339092119/.m2/org/slf4j/slf4j-api/1.7.25/slf4j-api-1.7.25.jar:/root/./workspace/DanHoganRed/AddressBook_Sysc4806/339092119/.m2/org/slf4j/jcl-over-slf4j/1.7.25/jcl-over-slf4j-1.7.25.jar:/root/./workspace/DanHoganRed/AddressBook_Sysc4806/339092119/.m2/org/springframework/boot/spring-boot-starter-data-jpa/1.5.10.RELEASE/spring-boot-starter-data-jpa-1.5.10.RELEASE.jar:/root/./workspace/DanHoganRed/AddressBook_Sysc4806/339092119/.m2/org/springframework/boot/spring-boot-starter-aop/1.5.10.RELEASE/spring-boot-starter-aop-1.5.10.RELEASE.jar:/root/./workspace/DanHoganRed/AddressBook_Sysc4806/339092119/.m2/org/springframework/spring-aop/4.3.14.RELEASE/spring-aop-4.3.14.RELEASE.jar:/root/./workspace/DanHoganRed/AddressBook_Sysc4806/339092119/.m2/org/aspectj/aspectjweaver/1.8.13/aspectjweaver-1.8.13.jar:/root/./workspace/DanHoganRed/AddressBook_Sysc4806/339092119/.m2/org/springframework/boot/spring-boot-starter-jdbc/1.5.10.RELEASE/spring-boot-starter-jdbc-1.5.10.RELEASE.jar:/root/./workspace/DanHoganRed/AddressBook_Sysc4806/339092119/.m2/org/apache/tomcat/tomcat-jdbc/8.5.27/tomcat-jdbc-8.5.27.jar:/root/./workspace/DanHoganRed/AddressBook_Sysc4806/339092119/.m2/org/apache/tomcat/tomcat-juli/8.5.27/tomcat-juli-8.5.27.jar:/root/./workspace/DanHoganRed/AddressBook_Sysc4806/339092119/.m2/org/springframework/spring-jdbc/4.3.14.RELEASE/spring-jdbc-4.3.14.RELEASE.jar:/root/./workspace/DanHoganRed/AddressBook_Sysc4806/339092119/.m2/org/hibernate/hibernate-core/5.0.12.Final/hibernate-core-5.0.12.Final.jar:/root/./workspace/DanHoganRed/AddressBook_Sysc4806/339092119/.m2/org/jboss/logging/jboss-logging/3.3.1.Final/jboss-logging-3.3.1.Final.jar:/root/./workspace/DanHoganRed/AddressBook_Sysc4806/339092119/.m2/org/hibernate/javax/persistence/hibernate-jpa-2.1-api/1.0.0.Final/hibernate-jpa-2.1-api-1.0.0.Final.jar:/root/./workspace/DanHoganRed/AddressBook_Sysc4806/339092119/.m2/org/javassist/javassist/3.21.0-GA/javassist-3.21.0-GA.jar:/root/./workspace/DanHoganRed/AddressBook_Sysc4806/339092119/.m2/antlr/antlr/2.7.7/antlr-2.7.7.jar:/root/./workspace/DanHoganRed/AddressBook_Sysc4806/339092119/.m2/org/jboss/jandex/2.0.0.Final/jandex-2.0.0.Final.jar:/root/./workspace/DanHoganRed/AddressBook_Sysc4806/339092119/.m2/dom4j/dom4j/1.6.1/dom4j-1.6.1.jar:/root/./workspace/DanHoganRed/AddressBook_Sysc4806/339092119/.m2/org/hibernate/common/hibernate-commons-annotations/5.0.1.Final/hibernate-commons-annotations-5.0.1.Final.jar:/root/./workspace/DanHoganRed/AddressBook_Sysc4806/339092119/.m2/org/hibernate/hibernate-entitymanager/5.0.12.Final/hibernate-entitymanager-5.0.12.Final.jar:/root/./workspace/DanHoganRed/AddressBook_Sysc4806/339092119/.m2/javax/transaction/javax.transaction-api/1.2/javax.transaction-api-1.2.jar:/root/./workspace/DanHoganRed/AddressBook_Sysc4806/339092119/.m2/org/springframework/data/spring-data-jpa/1.11.10.RELEASE/spring-data-jpa-1.11.10.RELEASE.jar:/root/./workspace/DanHoganRed/AddressBook_Sysc4806/339092119/.m2/org/springframework/data/spring-data-commons/1.13.10.RELEASE/spring-data-commons-1.13.10.RELEASE.jar:/root/./workspace/DanHoganRed/AddressBook_Sysc4806/339092119/.m2/org/springframework/spring-orm/4.3.14.RELEASE/spring-orm-4.3.14.RELEASE.jar:/root/./workspace/DanHoganRed/AddressBook_Sysc4806/339092119/.m2/org/springframework/spring-context/4.3.14.RELEASE/spring-context-4.3.14.RELEASE.jar:/root/./workspace/DanHoganRed/AddressBook_Sysc4806/339092119/.m2/org/springframework/spring-tx/4.3.14.RELEASE/spring-tx-4.3.14.RELEASE.jar:/root/./workspace/DanHoganRed/AddressBook_Sysc4806/339092119/.m2/org/springframework/spring-beans/4.3.14.RELEASE/spring-beans-4.3.14.RELEASE.jar:/root/./workspace/DanHoganRed/AddressBook_Sysc4806/339092119/.m2/org/springframework/spring-aspects/4.3.14.RELEASE/spring-aspects-4.3.14.RELEASE.jar:/root/./workspace/DanHoganRed/AddressBook_Sysc4806/339092119/.m2/com/h2database/h2/1.4.196/h2-1.4.196.jar:/root/./workspace/DanHoganRed/AddressBook_Sysc4806/339092119/.m2/org/springframework/boot/spring-boot-starter-test/1.5.10.RELEASE/spring-boot-starter-test-1.5.10.RELEASE.jar:/root/./workspace/DanHoganRed/AddressBook_Sysc4806/339092119/.m2/org/springframework/boot/spring-boot-test/1.5.10.RELEASE/spring-boot-test-1.5.10.RELEASE.jar:/root/./workspace/DanHoganRed/AddressBook_Sysc4806/339092119/.m2/org/springframework/boot/spring-boot-test-autoconfigure/1.5.10.RELEASE/spring-boot-test-autoconfigure-1.5.10.RELEASE.jar:/root/./workspace/DanHoganRed/AddressBook_Sysc4806/339092119/.m2/com/jayway/jsonpath/json-path/2.2.0/json-path-2.2.0.jar:/root/./workspace/DanHoganRed/AddressBook_Sysc4806/339092119/.m2/net/minidev/json-smart/2.2.1/json-smart-2.2.1.jar:/root/./workspace/DanHoganRed/AddressBook_Sysc4806/339092119/.m2/net/minidev/accessors-smart/1.1/accessors-smart-1.1.jar:/root/./workspace/DanHoganRed/AddressBook_Sysc4806/339092119/.m2/org/ow2/asm/asm/5.0.3/asm-5.0.3.jar:/root/./workspace/DanHoganRed/AddressBook_Sysc4806/339092119/.m2/junit/junit/4.12/junit-4.12.jar:/root/./workspace/DanHoganRed/AddressBook_Sysc4806/339092119/.m2/org/assertj/assertj-core/2.6.0/assertj-core-2.6.0.jar:/root/./workspace/DanHoganRed/AddressBook_Sysc4806/339092119/.m2/org/mockito/mockito-core/1.10.19/mockito-core-1.10.19.jar:/root/./workspace/DanHoganRed/AddressBook_Sysc4806/339092119/.m2/org/objenesis/objenesis/2.1/objenesis-2.1.jar:/root/./workspace/DanHoganRed/AddressBook_Sysc4806/339092119/.m2/org/hamcrest/hamcrest-core/1.3/hamcrest-core-1.3.jar:/root/./workspace/DanHoganRed/AddressBook_Sysc4806/339092119/.m2/org/hamcrest/hamcrest-library/1.3/hamcrest-library-1.3.jar:/root/./workspace/DanHoganRed/AddressBook_Sysc4806/339092119/.m2/org/skyscreamer/jsonassert/1.4.0/jsonassert-1.4.0.jar:/root/./workspace/DanHoganRed/AddressBook_Sysc4806/339092119/.m2/com/vaadin/external/google/android-json/0.0.20131108.vaadin1/android-json-0.0.20131108.vaadin1.jar:/root/./workspace/DanHoganRed/AddressBook_Sysc4806/339092119/.m2/org/springframework/spring-core/4.3.14.RELEASE/spring-core-4.3.14.RELEASE.jar:/root/./workspace/DanHoganRed/AddressBook_Sysc4806/339092119/.m2/org/springframework/spring-test/4.3.14.RELEASE/spring-test-4.3.14.RELEASE.jar:, user.name=root, skipITs=true, java.vm.specification.version=1.8, sun.java.command=/root/workspace/DanHoganRed/AddressBook_Sysc4806/339092119/target/surefire/surefirebooter8628845772812016796.jar /root/workspace/DanHoganRed/AddressBook_Sysc4806/339092119/target/surefire/surefire8419513362875414733tmp /root/workspace/DanHoganRed/AddressBook_Sysc4806/339092119/target/surefire/surefire_04024519058523465048tmp, java.home=/usr/lib/jvm/java-8-openjdk-amd64/jre, sun.arch.data.model=64, user.language=en, java.specification.vendor=Oracle Corporation, awt.toolkit=sun.awt.X11.XToolkit, java.vm.info=mixed mode, java.version=1.8.0_121, java.ext.dirs=/usr/lib/jvm/java-8-openjdk-amd64/jre/lib/ext:/usr/java/packages/lib/ext, sun.boot.class.path=/usr/lib/jvm/java-8-openjdk-amd64/jre/lib/resources.jar:/usr/lib/jvm/java-8-openjdk-amd64/jre/lib/rt.jar:/usr/lib/jvm/java-8-openjdk-amd64/jre/lib/sunrsasign.jar:/usr/lib/jvm/java-8-openjdk-amd64/jre/lib/jsse.jar:/usr/lib/jvm/java-8-openjdk-amd64/jre/lib/jce.jar:/usr/lib/jvm/java-8-openjdk-amd64/jre/lib/charsets.jar:/usr/lib/jvm/java-8-openjdk-amd64/jre/lib/jfr.jar:/usr/lib/jvm/java-8-openjdk-amd64/jre/classes, rat.skip=true, enforcer.skip=true, java.vendor=Oracle Corporation, localRepository=/root/./workspace/DanHoganRed/AddressBook_Sysc4806/339092119/.m2, file.separator=/, java.vendor.url.bug=http://bugreport.sun.com/bugreport/, sun.io.unicode.encoding=UnicodeLittle, sun.cpu.endian=little, sun.cpu.isalist=}}, SystemEnvironmentPropertySource@1373810119 {name='systemEnvironment', properties={PATH=/usr/local/sbin:/usr/local/bin:/usr/sbin:/usr/bin:/sbin:/bin, JAVA_HOME=/usr/lib/jvm/java-8-openjdk-amd64, NOTIFY_TO=, CA_CERTIFICATES_JAVA_VERSION=20161107~bpo8+1, MONGODB_HOST=, BUILD_ID=, LANG=C.UTF-8, GITHUB_LOGIN=, MAVEN_HOME=/usr/share/maven, SMTP_SERVER=, MONGODB_NAME=, REPAIR_MODE=, PWD=/root/workspace/DanHoganRed/AddressBook_Sysc4806/339092119, GOOGLE_ACCESS_TOKEN=, JAVA_VERSION=8u121, GITHUB_OAUTH=, MAVEN_CMD_LINE_ARGS=/root/.m2 -B -D enforcer.skip=true -D skipITs=true -D cobertura.skip=true -D maven.repo.local=/root/./workspace/DanHoganRed/AddressBook_Sysc4806/339092119/.m2 -D rat.skip=true -D findbugs.skip=true -D gpg.skip=true -D checkstyle.skip=true -D license.skip=true test, _=/usr/bin/java, SPREADSHEET_ID=, OUTPUT=, MAVEN_TERMINATE_CMD=on, MAVEN_CONFIG=/root/.m2, MAVEN_PROJECTBASEDIR=/root/workspace/DanHoganRed/AddressBook_Sysc4806/339092119, OLDPWD=/root/workspace/DanHoganRed/AddressBook_Sysc4806/339092119, LOG_FILENAME=repairnator-pipeline_2018-02-08_1836_339092119, RUN_ID=, HOSTNAME=spirals-librepair, JAVA_DEBIAN_VERSION=8u121-b13-1~bpo8+1, M2_HOME=/usr/share/maven, HOME=/root, SHLVL=1, PUSH_URL=}}]
18:39:40.281 [main] DEBUG org.springframework.core.io.support.PathMatchingResourcePatternResolver - Resolved classpath location [Hello/] to resources [URL [file:/root/workspace/DanHoganRed/AddressBook_Sysc4806/339092119/target/test-classes/Hello/], URL [file:/root/workspace/DanHoganRed/AddressBook_Sysc4806/339092119/target/classes/Hello/]]
18:39:40.281 [main] DEBUG org.springframework.core.io.support.PathMatchingResourcePatternResolver - Looking for matching resources in directory tree [/root/workspace/DanHoganRed/AddressBook_Sysc4806/339092119/target/test-classes/Hello]
18:39:40.281 [main] DEBUG org.springframework.core.io.support.PathMatchingResourcePatternResolver - Searching directory [/root/workspace/DanHoganRed/AddressBook_Sysc4806/339092119/target/test-classes/Hello] for files matching pattern [/root/workspace/DanHoganRed/AddressBook_Sysc4806/339092119/target/test-classes/Hello/*.class]
18:39:40.286 [main] DEBUG org.springframework.core.io.support.PathMatchingResourcePatternResolver - Looking for matching resources in directory tree [/root/workspace/DanHoganRed/AddressBook_Sysc4806/339092119/target/classes/Hello]
18:39:40.286 [main] DEBUG org.springframework.core.io.support.PathMatchingResourcePatternResolver - Searching directory [/root/workspace/DanHoganRed/AddressBook_Sysc4806/339092119/target/classes/Hello] for files matching pattern [/root/workspace/DanHoganRed/AddressBook_Sysc4806/339092119/target/classes/Hello/*.class]
18:39:40.288 [main] DEBUG org.springframework.core.io.support.PathMatchingResourcePatternResolver - Resolved location pattern [classpath*:Hello/*.class] to resources [file [/root/workspace/DanHoganRed/AddressBook_Sysc4806/339092119/target/test-classes/Hello/ApplicationTest.class], file [/root/workspace/DanHoganRed/AddressBook_Sysc4806/339092119/target/classes/Hello/AddBuddyController.class], file [/root/workspace/DanHoganRed/AddressBook_Sysc4806/339092119/target/classes/Hello/AddressBook.class], file [/root/workspace/DanHoganRed/AddressBook_Sysc4806/339092119/target/classes/Hello/AddressBookRepository.class], file [/root/workspace/DanHoganRed/AddressBook_Sysc4806/339092119/target/classes/Hello/Application.class], file [/root/workspace/DanHoganRed/AddressBook_Sysc4806/339092119/target/classes/Hello/BuddyInfo.class], file [/root/workspace/DanHoganRed/AddressBook_Sysc4806/339092119/target/classes/Hello/BuddyInfoRepository.class], file [/root/workspace/DanHoganRed/AddressBook_Sysc4806/339092119/target/classes/Hello/GreetingController.class], file [/root/workspace/DanHoganRed/AddressBook_Sysc4806/339092119/target/classes/Hello/Person.class]]
18:39:40.371 [main] DEBUG org.springframework.context.annotation.ClassPathScanningCandidateComponentProvider - Identified candidate component class: file [/root/workspace/DanHoganRed/AddressBook_Sysc4806/339092119/target/classes/Hello/Application.class]
18:39:40.374 [main] INFO org.springframework.boot.test.context.SpringBootTestContextBootstrapper - Found @SpringBootConfiguration Hello.Application for test class Hello.ApplicationTest
18:39:40.378 [main] DEBUG org.springframework.boot.test.context.SpringBootTestContextBootstrapper - @TestExecutionListeners is not present for class [Hello.ApplicationTest]: using defaults.
18:39:40.384 [main] INFO org.springframework.boot.test.context.SpringBootTestContextBootstrapper - Loaded default TestExecutionListener class names from location [META-INF/spring.factories]: [org.springframework.boot.test.mock.mockito.MockitoTestExecutionListener, org.springframework.boot.test.mock.mockito.ResetMocksTestExecutionListener, org.springframework.boot.test.autoconfigure.restdocs.RestDocsTestExecutionListener, org.springframework.boot.test.autoconfigure.web.client.MockRestServiceServerResetTestExecutionListener, org.springframework.boot.test.autoconfigure.web.servlet.MockMvcPrintOnlyOnFailureTestExecutionListener, org.springframework.boot.test.autoconfigure.web.servlet.WebDriverTestExecutionListener, org.springframework.test.context.web.ServletTestExecutionListener, org.springframework.test.context.support.DirtiesContextBeforeModesTestExecutionListener, org.springframework.test.context.support.DependencyInjectionTestExecutionListener, org.springframework.test.context.support.DirtiesContextTestExecutionListener, org.springframework.test.context.transaction.TransactionalTestExecutionListener, org.springframework.test.context.jdbc.SqlScriptsTestExecutionListener]
18:39:40.417 [main] INFO org.springframework.boot.test.context.SpringBootTestContextBootstrapper - Using TestExecutionListeners: [org.springframework.test.context.web.ServletTestExecutionListener@491666ad, org.springframework.test.context.support.DirtiesContextBeforeModesTestExecutionListener@176d53b2, org.springframework.boot.test.autoconfigure.SpringBootDependencyInjectionTestExecutionListener@971d0d8, org.springframework.test.context.support.DirtiesContextTestExecutionListener@51931956, org.springframework.test.context.transaction.TransactionalTestExecutionListener@2b4a2ec7, org.springframework.test.context.jdbc.SqlScriptsTestExecutionListener@564718df, org.springframework.boot.test.mock.mockito.MockitoTestExecutionListener@51b7e5df, org.springframework.boot.test.mock.mockito.ResetMocksTestExecutionListener@18a70f16, org.springframework.boot.test.autoconfigure.restdocs.RestDocsTestExecutionListener@62e136d3, org.springframework.boot.test.autoconfigure.web.client.MockRestServiceServerResetTestExecutionListener@c8e4bb0, org.springframework.boot.test.autoconfigure.web.servlet.MockMvcPrintOnlyOnFailureTestExecutionListener@6279cee3, org.springframework.boot.test.autoconfigure.web.servlet.WebDriverTestExecutionListener@4206a205]
18:39:40.422 [main] DEBUG org.springframework.test.annotation.ProfileValueUtils - Retrieved @ProfileValueSourceConfiguration [null] for test class [Hello.ApplicationTest]
18:39:40.423 [main] DEBUG org.springframework.test.annotation.ProfileValueUtils - Retrieved ProfileValueSource type [class org.springframework.test.annotation.SystemProfileValueSource] for class [Hello.ApplicationTest]
18:39:40.426 [main] DEBUG org.springframework.test.context.junit4.SpringJUnit4ClassRunner - SpringJUnit4ClassRunner constructor called with [class Hello.ApplicationTest]
18:39:40.427 [main] DEBUG org.springframework.test.context.BootstrapUtils - Instantiating CacheAwareContextLoaderDelegate from class [org.springframework.test.context.cache.DefaultCacheAwareContextLoaderDelegate]
18:39:40.427 [main] DEBUG org.springframework.test.context.BootstrapUtils - Instantiating BootstrapContext using constructor [public org.springframework.test.context.support.DefaultBootstrapContext(java.lang.Class,org.springframework.test.context.CacheAwareContextLoaderDelegate)]
18:39:40.427 [main] DEBUG org.springframework.test.context.BootstrapUtils - Instantiating TestContextBootstrapper for test class [Hello.ApplicationTest] from class [org.springframework.boot.test.context.SpringBootTestContextBootstrapper]
18:39:40.428 [main] INFO org.springframework.boot.test.context.SpringBootTestContextBootstrapper - Neither @ContextConfiguration nor @ContextHierarchy found for test class [Hello.ApplicationTest], using SpringBootContextLoader
18:39:40.429 [main] DEBUG org.springframework.test.context.support.AbstractContextLoader - Did not detect default resource location for test class [Hello.ApplicationTest]: class path resource [Hello/ApplicationTest-context.xml] does not exist
18:39:40.430 [main] DEBUG org.springframework.test.context.support.AbstractContextLoader - Did not detect default resource location for test class [Hello.ApplicationTest]: class path resource [Hello/ApplicationTestContext.groovy] does not exist
18:39:40.430 [main] INFO org.springframework.test.context.support.AbstractContextLoader - Could not detect default resource locations for test class [Hello.ApplicationTest]: no resource found for suffixes {-context.xml, Context.groovy}.
18:39:40.430 [main] INFO org.springframework.test.context.support.AnnotationConfigContextLoaderUtils - Could not detect default configuration classes for test class [Hello.ApplicationTest]: ApplicationTest does not declare any static, non-private, non-final, nested classes annotated with @Configuration.
18:39:40.438 [main] DEBUG org.springframework.test.context.support.ActiveProfilesUtils - Could not find an 'annotation declaring class' for annotation type [org.springframework.test.context.ActiveProfiles] and class [Hello.ApplicationTest]
18:39:40.438 [main] DEBUG org.springframework.core.env.StandardEnvironment - Adding PropertySource 'systemProperties' with lowest search precedence
18:39:40.438 [main] DEBUG org.springframework.core.env.StandardEnvironment - Adding PropertySource 'systemEnvironment' with lowest search precedence
18:39:40.439 [main] DEBUG org.springframework.core.env.StandardEnvironment - Initialized StandardEnvironment with PropertySources [MapPropertySource@1390835631 {name='systemProperties', properties={java.runtime.name=OpenJDK Runtime Environment, sun.boot.library.path=/usr/lib/jvm/java-8-openjdk-amd64/jre/lib/amd64, java.vm.version=25.121-b13, java.vm.vendor=Oracle Corporation, java.vendor.url=http://java.oracle.com/, path.separator=:, java.vm.name=OpenJDK 64-Bit Server VM, file.encoding.pkg=sun.io, findbugs.skip=true, sun.java.launcher=SUN_STANDARD, sun.os.patch.level=unknown, java.vm.specification.name=Java Virtual Machine Specification, user.dir=/root/workspace/DanHoganRed/AddressBook_Sysc4806/339092119, checkstyle.skip=true, java.runtime.version=1.8.0_121-8u121-b13-1~bpo8+1-b13, basedir=/root/workspace/DanHoganRed/AddressBook_Sysc4806/339092119, java.awt.graphicsenv=sun.awt.X11GraphicsEnvironment, java.endorsed.dirs=/usr/lib/jvm/java-8-openjdk-amd64/jre/lib/endorsed, os.arch=amd64, surefire.real.class.path=/root/workspace/DanHoganRed/AddressBook_Sysc4806/339092119/target/surefire/surefirebooter8628845772812016796.jar, gpg.skip=true, java.io.tmpdir=/tmp, line.separator=
, cobertura.skip=true, java.vm.specification.vendor=Oracle Corporation, os.name=Linux, sun.jnu.encoding=UTF-8, license.skip=true, java.library.path=/usr/java/packages/lib/amd64:/usr/lib/x86_64-linux-gnu/jni:/lib/x86_64-linux-gnu:/usr/lib/x86_64-linux-gnu:/usr/lib/jni:/lib:/usr/lib, surefire.test.class.path=/root/workspace/DanHoganRed/AddressBook_Sysc4806/339092119/target/test-classes:/root/workspace/DanHoganRed/AddressBook_Sysc4806/339092119/target/classes:/root/./workspace/DanHoganRed/AddressBook_Sysc4806/339092119/.m2/org/springframework/boot/spring-boot-starter-data-rest/1.5.10.RELEASE/spring-boot-starter-data-rest-1.5.10.RELEASE.jar:/root/./workspace/DanHoganRed/AddressBook_Sysc4806/339092119/.m2/org/springframework/boot/spring-boot-starter/1.5.10.RELEASE/spring-boot-starter-1.5.10.RELEASE.jar:/root/./workspace/DanHoganRed/AddressBook_Sysc4806/339092119/.m2/org/springframework/boot/spring-boot/1.5.10.RELEASE/spring-boot-1.5.10.RELEASE.jar:/root/./workspace/DanHoganRed/AddressBook_Sysc4806/339092119/.m2/org/springframework/boot/spring-boot-autoconfigure/1.5.10.RELEASE/spring-boot-autoconfigure-1.5.10.RELEASE.jar:/root/./workspace/DanHoganRed/AddressBook_Sysc4806/339092119/.m2/org/springframework/boot/spring-boot-starter-logging/1.5.10.RELEASE/spring-boot-starter-logging-1.5.10.RELEASE.jar:/root/./workspace/DanHoganRed/AddressBook_Sysc4806/339092119/.m2/ch/qos/logback/logback-classic/1.1.11/logback-classic-1.1.11.jar:/root/./workspace/DanHoganRed/AddressBook_Sysc4806/339092119/.m2/ch/qos/logback/logback-core/1.1.11/logback-core-1.1.11.jar:/root/./workspace/DanHoganRed/AddressBook_Sysc4806/339092119/.m2/org/slf4j/jul-to-slf4j/1.7.25/jul-to-slf4j-1.7.25.jar:/root/./workspace/DanHoganRed/AddressBook_Sysc4806/339092119/.m2/org/slf4j/log4j-over-slf4j/1.7.25/log4j-over-slf4j-1.7.25.jar:/root/./workspace/DanHoganRed/AddressBook_Sysc4806/339092119/.m2/org/yaml/snakeyaml/1.17/snakeyaml-1.17.jar:/root/./workspace/DanHoganRed/AddressBook_Sysc4806/339092119/.m2/org/springframework/boot/spring-boot-starter-web/1.5.10.RELEASE/spring-boot-starter-web-1.5.10.RELEASE.jar:/root/./workspace/DanHoganRed/AddressBook_Sysc4806/339092119/.m2/org/springframework/boot/spring-boot-starter-tomcat/1.5.10.RELEASE/spring-boot-starter-tomcat-1.5.10.RELEASE.jar:/root/./workspace/DanHoganRed/AddressBook_Sysc4806/339092119/.m2/org/apache/tomcat/embed/tomcat-embed-core/8.5.27/tomcat-embed-core-8.5.27.jar:/root/./workspace/DanHoganRed/AddressBook_Sysc4806/339092119/.m2/org/apache/tomcat/tomcat-annotations-api/8.5.27/tomcat-annotations-api-8.5.27.jar:/root/./workspace/DanHoganRed/AddressBook_Sysc4806/339092119/.m2/org/apache/tomcat/embed/tomcat-embed-el/8.5.27/tomcat-embed-el-8.5.27.jar:/root/./workspace/DanHoganRed/AddressBook_Sysc4806/339092119/.m2/org/apache/tomcat/embed/tomcat-embed-websocket/8.5.27/tomcat-embed-websocket-8.5.27.jar:/root/./workspace/DanHoganRed/AddressBook_Sysc4806/339092119/.m2/org/hibernate/hibernate-validator/5.3.6.Final/hibernate-validator-5.3.6.Final.jar:/root/./workspace/DanHoganRed/AddressBook_Sysc4806/339092119/.m2/javax/validation/validation-api/1.1.0.Final/validation-api-1.1.0.Final.jar:/root/./workspace/DanHoganRed/AddressBook_Sysc4806/339092119/.m2/com/fasterxml/classmate/1.3.4/classmate-1.3.4.jar:/root/./workspace/DanHoganRed/AddressBook_Sysc4806/339092119/.m2/org/springframework/spring-web/4.3.14.RELEASE/spring-web-4.3.14.RELEASE.jar:/root/./workspace/DanHoganRed/AddressBook_Sysc4806/339092119/.m2/org/springframework/spring-webmvc/4.3.14.RELEASE/spring-webmvc-4.3.14.RELEASE.jar:/root/./workspace/DanHoganRed/AddressBook_Sysc4806/339092119/.m2/org/springframework/spring-expression/4.3.14.RELEASE/spring-expression-4.3.14.RELEASE.jar:/root/./workspace/DanHoganRed/AddressBook_Sysc4806/339092119/.m2/com/fasterxml/jackson/core/jackson-annotations/2.8.0/jackson-annotations-2.8.0.jar:/root/./workspace/DanHoganRed/AddressBook_Sysc4806/339092119/.m2/com/fasterxml/jackson/core/jackson-databind/2.8.10/jackson-databind-2.8.10.jar:/root/./workspace/DanHoganRed/AddressBook_Sysc4806/339092119/.m2/com/fasterxml/jackson/core/jackson-core/2.8.10/jackson-core-2.8.10.jar:/root/./workspace/DanHoganRed/AddressBook_Sysc4806/339092119/.m2/org/springframework/data/spring-data-rest-webmvc/2.6.10.RELEASE/spring-data-rest-webmvc-2.6.10.RELEASE.jar:/root/./workspace/DanHoganRed/AddressBook_Sysc4806/339092119/.m2/org/springframework/data/spring-data-rest-core/2.6.10.RELEASE/spring-data-rest-core-2.6.10.RELEASE.jar:/root/./workspace/DanHoganRed/AddressBook_Sysc4806/339092119/.m2/org/springframework/hateoas/spring-hateoas/0.23.0.RELEASE/spring-hateoas-0.23.0.RELEASE.jar:/root/./workspace/DanHoganRed/AddressBook_Sysc4806/339092119/.m2/org/springframework/plugin/spring-plugin-core/1.2.0.RELEASE/spring-plugin-core-1.2.0.RELEASE.jar:/root/./workspace/DanHoganRed/AddressBook_Sysc4806/339092119/.m2/org/atteo/evo-inflector/1.2.2/evo-inflector-1.2.2.jar:/root/./workspace/DanHoganRed/AddressBook_Sysc4806/339092119/.m2/org/slf4j/slf4j-api/1.7.25/slf4j-api-1.7.25.jar:/root/./workspace/DanHoganRed/AddressBook_Sysc4806/339092119/.m2/org/slf4j/jcl-over-slf4j/1.7.25/jcl-over-slf4j-1.7.25.jar:/root/./workspace/DanHoganRed/AddressBook_Sysc4806/339092119/.m2/org/springframework/boot/spring-boot-starter-data-jpa/1.5.10.RELEASE/spring-boot-starter-data-jpa-1.5.10.RELEASE.jar:/root/./workspace/DanHoganRed/AddressBook_Sysc4806/339092119/.m2/org/springframework/boot/spring-boot-starter-aop/1.5.10.RELEASE/spring-boot-starter-aop-1.5.10.RELEASE.jar:/root/./workspace/DanHoganRed/AddressBook_Sysc4806/339092119/.m2/org/springframework/spring-aop/4.3.14.RELEASE/spring-aop-4.3.14.RELEASE.jar:/root/./workspace/DanHoganRed/AddressBook_Sysc4806/339092119/.m2/org/aspectj/aspectjweaver/1.8.13/aspectjweaver-1.8.13.jar:/root/./workspace/DanHoganRed/AddressBook_Sysc4806/339092119/.m2/org/springframework/boot/spring-boot-starter-jdbc/1.5.10.RELEASE/spring-boot-starter-jdbc-1.5.10.RELEASE.jar:/root/./workspace/DanHoganRed/AddressBook_Sysc4806/339092119/.m2/org/apache/tomcat/tomcat-jdbc/8.5.27/tomcat-jdbc-8.5.27.jar:/root/./workspace/DanHoganRed/AddressBook_Sysc4806/339092119/.m2/org/apache/tomcat/tomcat-juli/8.5.27/tomcat-juli-8.5.27.jar:/root/./workspace/DanHoganRed/AddressBook_Sysc4806/339092119/.m2/org/springframework/spring-jdbc/4.3.14.RELEASE/spring-jdbc-4.3.14.RELEASE.jar:/root/./workspace/DanHoganRed/AddressBook_Sysc4806/339092119/.m2/org/hibernate/hibernate-core/5.0.12.Final/hibernate-core-5.0.12.Final.jar:/root/./workspace/DanHoganRed/AddressBook_Sysc4806/339092119/.m2/org/jboss/logging/jboss-logging/3.3.1.Final/jboss-logging-3.3.1.Final.jar:/root/./workspace/DanHoganRed/AddressBook_Sysc4806/339092119/.m2/org/hibernate/javax/persistence/hibernate-jpa-2.1-api/1.0.0.Final/hibernate-jpa-2.1-api-1.0.0.Final.jar:/root/./workspace/DanHoganRed/AddressBook_Sysc4806/339092119/.m2/org/javassist/javassist/3.21.0-GA/javassist-3.21.0-GA.jar:/root/./workspace/DanHoganRed/AddressBook_Sysc4806/339092119/.m2/antlr/antlr/2.7.7/antlr-2.7.7.jar:/root/./workspace/DanHoganRed/AddressBook_Sysc4806/339092119/.m2/org/jboss/jandex/2.0.0.Final/jandex-2.0.0.Final.jar:/root/./workspace/DanHoganRed/AddressBook_Sysc4806/339092119/.m2/dom4j/dom4j/1.6.1/dom4j-1.6.1.jar:/root/./workspace/DanHoganRed/AddressBook_Sysc4806/339092119/.m2/org/hibernate/common/hibernate-commons-annotations/5.0.1.Final/hibernate-commons-annotations-5.0.1.Final.jar:/root/./workspace/DanHoganRed/AddressBook_Sysc4806/339092119/.m2/org/hibernate/hibernate-entitymanager/5.0.12.Final/hibernate-entitymanager-5.0.12.Final.jar:/root/./workspace/DanHoganRed/AddressBook_Sysc4806/339092119/.m2/javax/transaction/javax.transaction-api/1.2/javax.transaction-api-1.2.jar:/root/./workspace/DanHoganRed/AddressBook_Sysc4806/339092119/.m2/org/springframework/data/spring-data-jpa/1.11.10.RELEASE/spring-data-jpa-1.11.10.RELEASE.jar:/root/./workspace/DanHoganRed/AddressBook_Sysc4806/339092119/.m2/org/springframework/data/spring-data-commons/1.13.10.RELEASE/spring-data-commons-1.13.10.RELEASE.jar:/root/./workspace/DanHoganRed/AddressBook_Sysc4806/339092119/.m2/org/springframework/spring-orm/4.3.14.RELEASE/spring-orm-4.3.14.RELEASE.jar:/root/./workspace/DanHoganRed/AddressBook_Sysc4806/339092119/.m2/org/springframework/spring-context/4.3.14.RELEASE/spring-context-4.3.14.RELEASE.jar:/root/./workspace/DanHoganRed/AddressBook_Sysc4806/339092119/.m2/org/springframework/spring-tx/4.3.14.RELEASE/spring-tx-4.3.14.RELEASE.jar:/root/./workspace/DanHoganRed/AddressBook_Sysc4806/339092119/.m2/org/springframework/spring-beans/4.3.14.RELEASE/spring-beans-4.3.14.RELEASE.jar:/root/./workspace/DanHoganRed/AddressBook_Sysc4806/339092119/.m2/org/springframework/spring-aspects/4.3.14.RELEASE/spring-aspects-4.3.14.RELEASE.jar:/root/./workspace/DanHoganRed/AddressBook_Sysc4806/339092119/.m2/com/h2database/h2/1.4.196/h2-1.4.196.jar:/root/./workspace/DanHoganRed/AddressBook_Sysc4806/339092119/.m2/org/springframework/boot/spring-boot-starter-test/1.5.10.RELEASE/spring-boot-starter-test-1.5.10.RELEASE.jar:/root/./workspace/DanHoganRed/AddressBook_Sysc4806/339092119/.m2/org/springframework/boot/spring-boot-test/1.5.10.RELEASE/spring-boot-test-1.5.10.RELEASE.jar:/root/./workspace/DanHoganRed/AddressBook_Sysc4806/339092119/.m2/org/springframework/boot/spring-boot-test-autoconfigure/1.5.10.RELEASE/spring-boot-test-autoconfigure-1.5.10.RELEASE.jar:/root/./workspace/DanHoganRed/AddressBook_Sysc4806/339092119/.m2/com/jayway/jsonpath/json-path/2.2.0/json-path-2.2.0.jar:/root/./workspace/DanHoganRed/AddressBook_Sysc4806/339092119/.m2/net/minidev/json-smart/2.2.1/json-smart-2.2.1.jar:/root/./workspace/DanHoganRed/AddressBook_Sysc4806/339092119/.m2/net/minidev/accessors-smart/1.1/accessors-smart-1.1.jar:/root/./workspace/DanHoganRed/AddressBook_Sysc4806/339092119/.m2/org/ow2/asm/asm/5.0.3/asm-5.0.3.jar:/root/./workspace/DanHoganRed/AddressBook_Sysc4806/339092119/.m2/junit/junit/4.12/junit-4.12.jar:/root/./workspace/DanHoganRed/AddressBook_Sysc4806/339092119/.m2/org/assertj/assertj-core/2.6.0/assertj-core-2.6.0.jar:/root/./workspace/DanHoganRed/AddressBook_Sysc4806/339092119/.m2/org/mockito/mockito-core/1.10.19/mockito-core-1.10.19.jar:/root/./workspace/DanHoganRed/AddressBook_Sysc4806/339092119/.m2/org/objenesis/objenesis/2.1/objenesis-2.1.jar:/root/./workspace/DanHoganRed/AddressBook_Sysc4806/339092119/.m2/org/hamcrest/hamcrest-core/1.3/hamcrest-core-1.3.jar:/root/./workspace/DanHoganRed/AddressBook_Sysc4806/339092119/.m2/org/hamcrest/hamcrest-library/1.3/hamcrest-library-1.3.jar:/root/./workspace/DanHoganRed/AddressBook_Sysc4806/339092119/.m2/org/skyscreamer/jsonassert/1.4.0/jsonassert-1.4.0.jar:/root/./workspace/DanHoganRed/AddressBook_Sysc4806/339092119/.m2/com/vaadin/external/google/android-json/0.0.20131108.vaadin1/android-json-0.0.20131108.vaadin1.jar:/root/./workspace/DanHoganRed/AddressBook_Sysc4806/339092119/.m2/org/springframework/spring-core/4.3.14.RELEASE/spring-core-4.3.14.RELEASE.jar:/root/./workspace/DanHoganRed/AddressBook_Sysc4806/339092119/.m2/org/springframework/spring-test/4.3.14.RELEASE/spring-test-4.3.14.RELEASE.jar:, java.specification.name=Java Platform API Specification, java.class.version=52.0, sun.management.compiler=HotSpot 64-Bit Tiered Compilers, maven.repo.local=/root/./workspace/DanHoganRed/AddressBook_Sysc4806/339092119/.m2, os.version=3.16.0-4-amd64, user.home=/root, user.timezone=Europe/Paris, java.awt.printerjob=sun.print.PSPrinterJob, file.encoding=UTF-8, java.specification.version=1.8, java.class.path=/root/workspace/DanHoganRed/AddressBook_Sysc4806/339092119/target/test-classes:/root/workspace/DanHoganRed/AddressBook_Sysc4806/339092119/target/classes:/root/./workspace/DanHoganRed/AddressBook_Sysc4806/339092119/.m2/org/springframework/boot/spring-boot-starter-data-rest/1.5.10.RELEASE/spring-boot-starter-data-rest-1.5.10.RELEASE.jar:/root/./workspace/DanHoganRed/AddressBook_Sysc4806/339092119/.m2/org/springframework/boot/spring-boot-starter/1.5.10.RELEASE/spring-boot-starter-1.5.10.RELEASE.jar:/root/./workspace/DanHoganRed/AddressBook_Sysc4806/339092119/.m2/org/springframework/boot/spring-boot/1.5.10.RELEASE/spring-boot-1.5.10.RELEASE.jar:/root/./workspace/DanHoganRed/AddressBook_Sysc4806/339092119/.m2/org/springframework/boot/spring-boot-autoconfigure/1.5.10.RELEASE/spring-boot-autoconfigure-1.5.10.RELEASE.jar:/root/./workspace/DanHoganRed/AddressBook_Sysc4806/339092119/.m2/org/springframework/boot/spring-boot-starter-logging/1.5.10.RELEASE/spring-boot-starter-logging-1.5.10.RELEASE.jar:/root/./workspace/DanHoganRed/AddressBook_Sysc4806/339092119/.m2/ch/qos/logback/logback-classic/1.1.11/logback-classic-1.1.11.jar:/root/./workspace/DanHoganRed/AddressBook_Sysc4806/339092119/.m2/ch/qos/logback/logback-core/1.1.11/logback-core-1.1.11.jar:/root/./workspace/DanHoganRed/AddressBook_Sysc4806/339092119/.m2/org/slf4j/jul-to-slf4j/1.7.25/jul-to-slf4j-1.7.25.jar:/root/./workspace/DanHoganRed/AddressBook_Sysc4806/339092119/.m2/org/slf4j/log4j-over-slf4j/1.7.25/log4j-over-slf4j-1.7.25.jar:/root/./workspace/DanHoganRed/AddressBook_Sysc4806/339092119/.m2/org/yaml/snakeyaml/1.17/snakeyaml-1.17.jar:/root/./workspace/DanHoganRed/AddressBook_Sysc4806/339092119/.m2/org/springframework/boot/spring-boot-starter-web/1.5.10.RELEASE/spring-boot-starter-web-1.5.10.RELEASE.jar:/root/./workspace/DanHoganRed/AddressBook_Sysc4806/339092119/.m2/org/springframework/boot/spring-boot-starter-tomcat/1.5.10.RELEASE/spring-boot-starter-tomcat-1.5.10.RELEASE.jar:/root/./workspace/DanHoganRed/AddressBook_Sysc4806/339092119/.m2/org/apache/tomcat/embed/tomcat-embed-core/8.5.27/tomcat-embed-core-8.5.27.jar:/root/./workspace/DanHoganRed/AddressBook_Sysc4806/339092119/.m2/org/apache/tomcat/tomcat-annotations-api/8.5.27/tomcat-annotations-api-8.5.27.jar:/root/./workspace/DanHoganRed/AddressBook_Sysc4806/339092119/.m2/org/apache/tomcat/embed/tomcat-embed-el/8.5.27/tomcat-embed-el-8.5.27.jar:/root/./workspace/DanHoganRed/AddressBook_Sysc4806/339092119/.m2/org/apache/tomcat/embed/tomcat-embed-websocket/8.5.27/tomcat-embed-websocket-8.5.27.jar:/root/./workspace/DanHoganRed/AddressBook_Sysc4806/339092119/.m2/org/hibernate/hibernate-validator/5.3.6.Final/hibernate-validator-5.3.6.Final.jar:/root/./workspace/DanHoganRed/AddressBook_Sysc4806/339092119/.m2/javax/validation/validation-api/1.1.0.Final/validation-api-1.1.0.Final.jar:/root/./workspace/DanHoganRed/AddressBook_Sysc4806/339092119/.m2/com/fasterxml/classmate/1.3.4/classmate-1.3.4.jar:/root/./workspace/DanHoganRed/AddressBook_Sysc4806/339092119/.m2/org/springframework/spring-web/4.3.14.RELEASE/spring-web-4.3.14.RELEASE.jar:/root/./workspace/DanHoganRed/AddressBook_Sysc4806/339092119/.m2/org/springframework/spring-webmvc/4.3.14.RELEASE/spring-webmvc-4.3.14.RELEASE.jar:/root/./workspace/DanHoganRed/AddressBook_Sysc4806/339092119/.m2/org/springframework/spring-expression/4.3.14.RELEASE/spring-expression-4.3.14.RELEASE.jar:/root/./workspace/DanHoganRed/AddressBook_Sysc4806/339092119/.m2/com/fasterxml/jackson/core/jackson-annotations/2.8.0/jackson-annotations-2.8.0.jar:/root/./workspace/DanHoganRed/AddressBook_Sysc4806/339092119/.m2/com/fasterxml/jackson/core/jackson-databind/2.8.10/jackson-databind-2.8.10.jar:/root/./workspace/DanHoganRed/AddressBook_Sysc4806/339092119/.m2/com/fasterxml/jackson/core/jackson-core/2.8.10/jackson-core-2.8.10.jar:/root/./workspace/DanHoganRed/AddressBook_Sysc4806/339092119/.m2/org/springframework/data/spring-data-rest-webmvc/2.6.10.RELEASE/spring-data-rest-webmvc-2.6.10.RELEASE.jar:/root/./workspace/DanHoganRed/AddressBook_Sysc4806/339092119/.m2/org/springframework/data/spring-data-rest-core/2.6.10.RELEASE/spring-data-rest-core-2.6.10.RELEASE.jar:/root/./workspace/DanHoganRed/AddressBook_Sysc4806/339092119/.m2/org/springframework/hateoas/spring-hateoas/0.23.0.RELEASE/spring-hateoas-0.23.0.RELEASE.jar:/root/./workspace/DanHoganRed/AddressBook_Sysc4806/339092119/.m2/org/springframework/plugin/spring-plugin-core/1.2.0.RELEASE/spring-plugin-core-1.2.0.RELEASE.jar:/root/./workspace/DanHoganRed/AddressBook_Sysc4806/339092119/.m2/org/atteo/evo-inflector/1.2.2/evo-inflector-1.2.2.jar:/root/./workspace/DanHoganRed/AddressBook_Sysc4806/339092119/.m2/org/slf4j/slf4j-api/1.7.25/slf4j-api-1.7.25.jar:/root/./workspace/DanHoganRed/AddressBook_Sysc4806/339092119/.m2/org/slf4j/jcl-over-slf4j/1.7.25/jcl-over-slf4j-1.7.25.jar:/root/./workspace/DanHoganRed/AddressBook_Sysc4806/339092119/.m2/org/springframework/boot/spring-boot-starter-data-jpa/1.5.10.RELEASE/spring-boot-starter-data-jpa-1.5.10.RELEASE.jar:/root/./workspace/DanHoganRed/AddressBook_Sysc4806/339092119/.m2/org/springframework/boot/spring-boot-starter-aop/1.5.10.RELEASE/spring-boot-starter-aop-1.5.10.RELEASE.jar:/root/./workspace/DanHoganRed/AddressBook_Sysc4806/339092119/.m2/org/springframework/spring-aop/4.3.14.RELEASE/spring-aop-4.3.14.RELEASE.jar:/root/./workspace/DanHoganRed/AddressBook_Sysc4806/339092119/.m2/org/aspectj/aspectjweaver/1.8.13/aspectjweaver-1.8.13.jar:/root/./workspace/DanHoganRed/AddressBook_Sysc4806/339092119/.m2/org/springframework/boot/spring-boot-starter-jdbc/1.5.10.RELEASE/spring-boot-starter-jdbc-1.5.10.RELEASE.jar:/root/./workspace/DanHoganRed/AddressBook_Sysc4806/339092119/.m2/org/apache/tomcat/tomcat-jdbc/8.5.27/tomcat-jdbc-8.5.27.jar:/root/./workspace/DanHoganRed/AddressBook_Sysc4806/339092119/.m2/org/apache/tomcat/tomcat-juli/8.5.27/tomcat-juli-8.5.27.jar:/root/./workspace/DanHoganRed/AddressBook_Sysc4806/339092119/.m2/org/springframework/spring-jdbc/4.3.14.RELEASE/spring-jdbc-4.3.14.RELEASE.jar:/root/./workspace/DanHoganRed/AddressBook_Sysc4806/339092119/.m2/org/hibernate/hibernate-core/5.0.12.Final/hibernate-core-5.0.12.Final.jar:/root/./workspace/DanHoganRed/AddressBook_Sysc4806/339092119/.m2/org/jboss/logging/jboss-logging/3.3.1.Final/jboss-logging-3.3.1.Final.jar:/root/./workspace/DanHoganRed/AddressBook_Sysc4806/339092119/.m2/org/hibernate/javax/persistence/hibernate-jpa-2.1-api/1.0.0.Final/hibernate-jpa-2.1-api-1.0.0.Final.jar:/root/./workspace/DanHoganRed/AddressBook_Sysc4806/339092119/.m2/org/javassist/javassist/3.21.0-GA/javassist-3.21.0-GA.jar:/root/./workspace/DanHoganRed/AddressBook_Sysc4806/339092119/.m2/antlr/antlr/2.7.7/antlr-2.7.7.jar:/root/./workspace/DanHoganRed/AddressBook_Sysc4806/339092119/.m2/org/jboss/jandex/2.0.0.Final/jandex-2.0.0.Final.jar:/root/./workspace/DanHoganRed/AddressBook_Sysc4806/339092119/.m2/dom4j/dom4j/1.6.1/dom4j-1.6.1.jar:/root/./workspace/DanHoganRed/AddressBook_Sysc4806/339092119/.m2/org/hibernate/common/hibernate-commons-annotations/5.0.1.Final/hibernate-commons-annotations-5.0.1.Final.jar:/root/./workspace/DanHoganRed/AddressBook_Sysc4806/339092119/.m2/org/hibernate/hibernate-entitymanager/5.0.12.Final/hibernate-entitymanager-5.0.12.Final.jar:/root/./workspace/DanHoganRed/AddressBook_Sysc4806/339092119/.m2/javax/transaction/javax.transaction-api/1.2/javax.transaction-api-1.2.jar:/root/./workspace/DanHoganRed/AddressBook_Sysc4806/339092119/.m2/org/springframework/data/spring-data-jpa/1.11.10.RELEASE/spring-data-jpa-1.11.10.RELEASE.jar:/root/./workspace/DanHoganRed/AddressBook_Sysc4806/339092119/.m2/org/springframework/data/spring-data-commons/1.13.10.RELEASE/spring-data-commons-1.13.10.RELEASE.jar:/root/./workspace/DanHoganRed/AddressBook_Sysc4806/339092119/.m2/org/springframework/spring-orm/4.3.14.RELEASE/spring-orm-4.3.14.RELEASE.jar:/root/./workspace/DanHoganRed/AddressBook_Sysc4806/339092119/.m2/org/springframework/spring-context/4.3.14.RELEASE/spring-context-4.3.14.RELEASE.jar:/root/./workspace/DanHoganRed/AddressBook_Sysc4806/339092119/.m2/org/springframework/spring-tx/4.3.14.RELEASE/spring-tx-4.3.14.RELEASE.jar:/root/./workspace/DanHoganRed/AddressBook_Sysc4806/339092119/.m2/org/springframework/spring-beans/4.3.14.RELEASE/spring-beans-4.3.14.RELEASE.jar:/root/./workspace/DanHoganRed/AddressBook_Sysc4806/339092119/.m2/org/springframework/spring-aspects/4.3.14.RELEASE/spring-aspects-4.3.14.RELEASE.jar:/root/./workspace/DanHoganRed/AddressBook_Sysc4806/339092119/.m2/com/h2database/h2/1.4.196/h2-1.4.196.jar:/root/./workspace/DanHoganRed/AddressBook_Sysc4806/339092119/.m2/org/springframework/boot/spring-boot-starter-test/1.5.10.RELEASE/spring-boot-starter-test-1.5.10.RELEASE.jar:/root/./workspace/DanHoganRed/AddressBook_Sysc4806/339092119/.m2/org/springframework/boot/spring-boot-test/1.5.10.RELEASE/spring-boot-test-1.5.10.RELEASE.jar:/root/./workspace/DanHoganRed/AddressBook_Sysc4806/339092119/.m2/org/springframework/boot/spring-boot-test-autoconfigure/1.5.10.RELEASE/spring-boot-test-autoconfigure-1.5.10.RELEASE.jar:/root/./workspace/DanHoganRed/AddressBook_Sysc4806/339092119/.m2/com/jayway/jsonpath/json-path/2.2.0/json-path-2.2.0.jar:/root/./workspace/DanHoganRed/AddressBook_Sysc4806/339092119/.m2/net/minidev/json-smart/2.2.1/json-smart-2.2.1.jar:/root/./workspace/DanHoganRed/AddressBook_Sysc4806/339092119/.m2/net/minidev/accessors-smart/1.1/accessors-smart-1.1.jar:/root/./workspace/DanHoganRed/AddressBook_Sysc4806/339092119/.m2/org/ow2/asm/asm/5.0.3/asm-5.0.3.jar:/root/./workspace/DanHoganRed/AddressBook_Sysc4806/339092119/.m2/junit/junit/4.12/junit-4.12.jar:/root/./workspace/DanHoganRed/AddressBook_Sysc4806/339092119/.m2/org/assertj/assertj-core/2.6.0/assertj-core-2.6.0.jar:/root/./workspace/DanHoganRed/AddressBook_Sysc4806/339092119/.m2/org/mockito/mockito-core/1.10.19/mockito-core-1.10.19.jar:/root/./workspace/DanHoganRed/AddressBook_Sysc4806/339092119/.m2/org/objenesis/objenesis/2.1/objenesis-2.1.jar:/root/./workspace/DanHoganRed/AddressBook_Sysc4806/339092119/.m2/org/hamcrest/hamcrest-core/1.3/hamcrest-core-1.3.jar:/root/./workspace/DanHoganRed/AddressBook_Sysc4806/339092119/.m2/org/hamcrest/hamcrest-library/1.3/hamcrest-library-1.3.jar:/root/./workspace/DanHoganRed/AddressBook_Sysc4806/339092119/.m2/org/skyscreamer/jsonassert/1.4.0/jsonassert-1.4.0.jar:/root/./workspace/DanHoganRed/AddressBook_Sysc4806/339092119/.m2/com/vaadin/external/google/android-json/0.0.20131108.vaadin1/android-json-0.0.20131108.vaadin1.jar:/root/./workspace/DanHoganRed/AddressBook_Sysc4806/339092119/.m2/org/springframework/spring-core/4.3.14.RELEASE/spring-core-4.3.14.RELEASE.jar:/root/./workspace/DanHoganRed/AddressBook_Sysc4806/339092119/.m2/org/springframework/spring-test/4.3.14.RELEASE/spring-test-4.3.14.RELEASE.jar:, user.name=root, skipITs=true, java.vm.specification.version=1.8, sun.java.command=/root/workspace/DanHoganRed/AddressBook_Sysc4806/339092119/target/surefire/surefirebooter8628845772812016796.jar /root/workspace/DanHoganRed/AddressBook_Sysc4806/339092119/target/surefire/surefire8419513362875414733tmp /root/workspace/DanHoganRed/AddressBook_Sysc4806/339092119/target/surefire/surefire_04024519058523465048tmp, java.home=/usr/lib/jvm/java-8-openjdk-amd64/jre, sun.arch.data.model=64, user.language=en, java.specification.vendor=Oracle Corporation, awt.toolkit=sun.awt.X11.XToolkit, java.vm.info=mixed mode, java.version=1.8.0_121, java.ext.dirs=/usr/lib/jvm/java-8-openjdk-amd64/jre/lib/ext:/usr/java/packages/lib/ext, sun.boot.class.path=/usr/lib/jvm/java-8-openjdk-amd64/jre/lib/resources.jar:/usr/lib/jvm/java-8-openjdk-amd64/jre/lib/rt.jar:/usr/lib/jvm/java-8-openjdk-amd64/jre/lib/sunrsasign.jar:/usr/lib/jvm/java-8-openjdk-amd64/jre/lib/jsse.jar:/usr/lib/jvm/java-8-openjdk-amd64/jre/lib/jce.jar:/usr/lib/jvm/java-8-openjdk-amd64/jre/lib/charsets.jar:/usr/lib/jvm/java-8-openjdk-amd64/jre/lib/jfr.jar:/usr/lib/jvm/java-8-openjdk-amd64/jre/classes, rat.skip=true, enforcer.skip=true, java.vendor=Oracle Corporation, localRepository=/root/./workspace/DanHoganRed/AddressBook_Sysc4806/339092119/.m2, file.separator=/, java.vendor.url.bug=http://bugreport.sun.com/bugreport/, sun.io.unicode.encoding=UnicodeLittle, sun.cpu.endian=little, sun.cpu.isalist=}}, SystemEnvironmentPropertySource@889729797 {name='systemEnvironment', properties={PATH=/usr/local/sbin:/usr/local/bin:/usr/sbin:/usr/bin:/sbin:/bin, JAVA_HOME=/usr/lib/jvm/java-8-openjdk-amd64, NOTIFY_TO=, CA_CERTIFICATES_JAVA_VERSION=20161107~bpo8+1, MONGODB_HOST=, BUILD_ID=, LANG=C.UTF-8, GITHUB_LOGIN=, MAVEN_HOME=/usr/share/maven, SMTP_SERVER=, MONGODB_NAME=, REPAIR_MODE=, PWD=/root/workspace/DanHoganRed/AddressBook_Sysc4806/339092119, GOOGLE_ACCESS_TOKEN=, JAVA_VERSION=8u121, GITHUB_OAUTH=, MAVEN_CMD_LINE_ARGS=/root/.m2 -B -D enforcer.skip=true -D skipITs=true -D cobertura.skip=true -D maven.repo.local=/root/./workspace/DanHoganRed/AddressBook_Sysc4806/339092119/.m2 -D rat.skip=true -D findbugs.skip=true -D gpg.skip=true -D checkstyle.skip=true -D license.skip=true test, _=/usr/bin/java, SPREADSHEET_ID=, OUTPUT=, MAVEN_TERMINATE_CMD=on, MAVEN_CONFIG=/root/.m2, MAVEN_PROJECTBASEDIR=/root/workspace/DanHoganRed/AddressBook_Sysc4806/339092119, OLDPWD=/root/workspace/DanHoganRed/AddressBook_Sysc4806/339092119, LOG_FILENAME=repairnator-pipeline_2018-02-08_1836_339092119, RUN_ID=, HOSTNAME=spirals-librepair, JAVA_DEBIAN_VERSION=8u121-b13-1~bpo8+1, M2_HOME=/usr/share/maven, HOME=/root, SHLVL=1, PUSH_URL=}}]
18:39:40.441 [main] INFO org.springframework.boot.test.context.SpringBootTestContextBootstrapper - Found @SpringBootConfiguration Hello.Application for test class Hello.ApplicationTest
18:39:40.445 [main] DEBUG org.springframework.boot.test.context.SpringBootTestContextBootstrapper - @TestExecutionListeners is not present for class [Hello.ApplicationTest]: using defaults.
18:39:40.451 [main] INFO org.springframework.boot.test.context.SpringBootTestContextBootstrapper - Loaded default TestExecutionListener class names from location [META-INF/spring.factories]: [org.springframework.boot.test.mock.mockito.MockitoTestExecutionListener, org.springframework.boot.test.mock.mockito.ResetMocksTestExecutionListener, org.springframework.boot.test.autoconfigure.restdocs.RestDocsTestExecutionListener, org.springframework.boot.test.autoconfigure.web.client.MockRestServiceServerResetTestExecutionListener, org.springframework.boot.test.autoconfigure.web.servlet.MockMvcPrintOnlyOnFailureTestExecutionListener, org.springframework.boot.test.autoconfigure.web.servlet.WebDriverTestExecutionListener, org.springframework.test.context.web.ServletTestExecutionListener, org.springframework.test.context.support.DirtiesContextBeforeModesTestExecutionListener, org.springframework.test.context.support.DependencyInjectionTestExecutionListener, org.springframework.test.context.support.DirtiesContextTestExecutionListener, org.springframework.test.context.transaction.TransactionalTestExecutionListener, org.springframework.test.context.jdbc.SqlScriptsTestExecutionListener]
18:39:40.456 [main] INFO org.springframework.boot.test.context.SpringBootTestContextBootstrapper - Using TestExecutionListeners: [org.springframework.test.context.web.ServletTestExecutionListener@1a84f40f, org.springframework.test.context.support.DirtiesContextBeforeModesTestExecutionListener@23282c25, org.springframework.boot.test.autoconfigure.SpringBootDependencyInjectionTestExecutionListener@7920ba90, org.springframework.test.context.support.DirtiesContextTestExecutionListener@6b419da, org.springframework.test.context.transaction.TransactionalTestExecutionListener@3b2da18f, org.springframework.test.context.jdbc.SqlScriptsTestExecutionListener@5906ebcb, org.springframework.boot.test.mock.mockito.MockitoTestExecutionListener@258e2e41, org.springframework.boot.test.mock.mockito.ResetMocksTestExecutionListener@3d299e3, org.springframework.boot.test.autoconfigure.restdocs.RestDocsTestExecutionListener@55a561cf, org.springframework.boot.test.autoconfigure.web.client.MockRestServiceServerResetTestExecutionListener@3b938003, org.springframework.boot.test.autoconfigure.web.servlet.MockMvcPrintOnlyOnFailureTestExecutionListener@6f3b5d16, org.springframework.boot.test.autoconfigure.web.servlet.WebDriverTestExecutionListener@78b1cc93]
18:39:40.456 [main] DEBUG org.springframework.test.annotation.ProfileValueUtils - Retrieved @ProfileValueSourceConfiguration [null] for test class [Hello.ApplicationTest]
18:39:40.457 [main] DEBUG org.springframework.test.annotation.ProfileValueUtils - Retrieved ProfileValueSource type [class org.springframework.test.annotation.SystemProfileValueSource] for class [Hello.ApplicationTest]
18:39:40.458 [main] DEBUG org.springframework.test.annotation.ProfileValueUtils - Retrieved @ProfileValueSourceConfiguration [null] for test class [Hello.ApplicationTest]
18:39:40.458 [main] DEBUG org.springframework.test.annotation.ProfileValueUtils - Retrieved ProfileValueSource type [class org.springframework.test.annotation.SystemProfileValueSource] for class [Hello.ApplicationTest]
18:39:40.466 [main] DEBUG org.springframework.test.context.support.AbstractDirtiesContextTestExecutionListener - Before test class: context [DefaultTestContext@5db45159 testClass = ApplicationTest, testInstance = [null], testMethod = [null], testException = [null], mergedContextConfiguration = [WebMergedContextConfiguration@6107227e testClass = ApplicationTest, locations = '{}', classes = '{class Hello.Application}', contextInitializerClasses = '[]', activeProfiles = '{}', propertySourceLocations = '{}', propertySourceProperties = '{org.springframework.boot.test.context.SpringBootTestContextBootstrapper=true, server.port=0}', contextCustomizers = set[org.springframework.boot.test.context.SpringBootTestContextCustomizer@72b6cbcc, org.springframework.boot.test.context.filter.ExcludeFilterContextCustomizer@30b8a058, org.springframework.boot.test.json.DuplicateJsonObjectContextCustomizerFactory$DuplicateJsonObjectContextCustomizer@7c29daf3, org.springframework.boot.test.mock.mockito.MockitoContextCustomizer@0, org.springframework.boot.test.autoconfigure.properties.PropertyMappingContextCustomizer@0, org.springframework.boot.test.autoconfigure.web.servlet.WebDriverContextCustomizerFactory$Customizer@1786dec2], resourceBasePath = 'src/main/webapp', contextLoader = 'org.springframework.boot.test.context.SpringBootContextLoader', parent = [null]]], class annotated with @DirtiesContext [false] with mode [null].
18:39:40.466 [main] DEBUG org.springframework.test.annotation.ProfileValueUtils - Retrieved @ProfileValueSourceConfiguration [null] for test class [Hello.ApplicationTest]
18:39:40.467 [main] DEBUG org.springframework.test.annotation.ProfileValueUtils - Retrieved ProfileValueSource type [class org.springframework.test.annotation.SystemProfileValueSource] for class [Hello.ApplicationTest]
18:39:40.468 [main] DEBUG org.springframework.test.context.support.DependencyInjectionTestExecutionListener - Performing dependency injection for test context [[DefaultTestContext@5db45159 testClass = ApplicationTest, testInstance = Hello.ApplicationTest@71c8becc, testMethod = [null], testException = [null], mergedContextConfiguration = [WebMergedContextConfiguration@6107227e testClass = ApplicationTest, locations = '{}', classes = '{class Hello.Application}', contextInitializerClasses = '[]', activeProfiles = '{}', propertySourceLocations = '{}', propertySourceProperties = '{org.springframework.boot.test.context.SpringBootTestContextBootstrapper=true, server.port=0}', contextCustomizers = set[org.springframework.boot.test.context.SpringBootTestContextCustomizer@72b6cbcc, org.springframework.boot.test.context.filter.ExcludeFilterContextCustomizer@30b8a058, org.springframework.boot.test.json.DuplicateJsonObjectContextCustomizerFactory$DuplicateJsonObjectContextCustomizer@7c29daf3, org.springframework.boot.test.mock.mockito.MockitoContextCustomizer@0, org.springframework.boot.test.autoconfigure.properties.PropertyMappingContextCustomizer@0, org.springframework.boot.test.autoconfigure.web.servlet.WebDriverContextCustomizerFactory$Customizer@1786dec2], resourceBasePath = 'src/main/webapp', contextLoader = 'org.springframework.boot.test.context.SpringBootContextLoader', parent = [null]]]].
18:39:40.557 [main] DEBUG org.springframework.core.env.StandardEnvironment - Adding PropertySource 'systemProperties' with lowest search precedence
18:39:40.557 [main] DEBUG org.springframework.core.env.StandardEnvironment - Adding PropertySource 'systemEnvironment' with lowest search precedence
18:39:40.558 [main] DEBUG org.springframework.core.env.StandardEnvironment - Initialized StandardEnvironment with PropertySources [MapPropertySource@1438098656 {name='systemProperties', properties={java.runtime.name=OpenJDK Runtime Environment, sun.boot.library.path=/usr/lib/jvm/java-8-openjdk-amd64/jre/lib/amd64, java.vm.version=25.121-b13, java.vm.vendor=Oracle Corporation, java.vendor.url=http://java.oracle.com/, path.separator=:, java.vm.name=OpenJDK 64-Bit Server VM, file.encoding.pkg=sun.io, findbugs.skip=true, sun.java.launcher=SUN_STANDARD, sun.os.patch.level=unknown, java.vm.specification.name=Java Virtual Machine Specification, user.dir=/root/workspace/DanHoganRed/AddressBook_Sysc4806/339092119, checkstyle.skip=true, java.runtime.version=1.8.0_121-8u121-b13-1~bpo8+1-b13, basedir=/root/workspace/DanHoganRed/AddressBook_Sysc4806/339092119, java.awt.graphicsenv=sun.awt.X11GraphicsEnvironment, java.endorsed.dirs=/usr/lib/jvm/java-8-openjdk-amd64/jre/lib/endorsed, os.arch=amd64, surefire.real.class.path=/root/workspace/DanHoganRed/AddressBook_Sysc4806/339092119/target/surefire/surefirebooter8628845772812016796.jar, gpg.skip=true, java.io.tmpdir=/tmp, line.separator=
, cobertura.skip=true, java.vm.specification.vendor=Oracle Corporation, os.name=Linux, sun.jnu.encoding=UTF-8, license.skip=true, java.library.path=/usr/java/packages/lib/amd64:/usr/lib/x86_64-linux-gnu/jni:/lib/x86_64-linux-gnu:/usr/lib/x86_64-linux-gnu:/usr/lib/jni:/lib:/usr/lib, surefire.test.class.path=/root/workspace/DanHoganRed/AddressBook_Sysc4806/339092119/target/test-classes:/root/workspace/DanHoganRed/AddressBook_Sysc4806/339092119/target/classes:/root/./workspace/DanHoganRed/AddressBook_Sysc4806/339092119/.m2/org/springframework/boot/spring-boot-starter-data-rest/1.5.10.RELEASE/spring-boot-starter-data-rest-1.5.10.RELEASE.jar:/root/./workspace/DanHoganRed/AddressBook_Sysc4806/339092119/.m2/org/springframework/boot/spring-boot-starter/1.5.10.RELEASE/spring-boot-starter-1.5.10.RELEASE.jar:/root/./workspace/DanHoganRed/AddressBook_Sysc4806/339092119/.m2/org/springframework/boot/spring-boot/1.5.10.RELEASE/spring-boot-1.5.10.RELEASE.jar:/root/./workspace/DanHoganRed/AddressBook_Sysc4806/339092119/.m2/org/springframework/boot/spring-boot-autoconfigure/1.5.10.RELEASE/spring-boot-autoconfigure-1.5.10.RELEASE.jar:/root/./workspace/DanHoganRed/AddressBook_Sysc4806/339092119/.m2/org/springframework/boot/spring-boot-starter-logging/1.5.10.RELEASE/spring-boot-starter-logging-1.5.10.RELEASE.jar:/root/./workspace/DanHoganRed/AddressBook_Sysc4806/339092119/.m2/ch/qos/logback/logback-classic/1.1.11/logback-classic-1.1.11.jar:/root/./workspace/DanHoganRed/AddressBook_Sysc4806/339092119/.m2/ch/qos/logback/logback-core/1.1.11/logback-core-1.1.11.jar:/root/./workspace/DanHoganRed/AddressBook_Sysc4806/339092119/.m2/org/slf4j/jul-to-slf4j/1.7.25/jul-to-slf4j-1.7.25.jar:/root/./workspace/DanHoganRed/AddressBook_Sysc4806/339092119/.m2/org/slf4j/log4j-over-slf4j/1.7.25/log4j-over-slf4j-1.7.25.jar:/root/./workspace/DanHoganRed/AddressBook_Sysc4806/339092119/.m2/org/yaml/snakeyaml/1.17/snakeyaml-1.17.jar:/root/./workspace/DanHoganRed/AddressBook_Sysc4806/339092119/.m2/org/springframework/boot/spring-boot-starter-web/1.5.10.RELEASE/spring-boot-starter-web-1.5.10.RELEASE.jar:/root/./workspace/DanHoganRed/AddressBook_Sysc4806/339092119/.m2/org/springframework/boot/spring-boot-starter-tomcat/1.5.10.RELEASE/spring-boot-starter-tomcat-1.5.10.RELEASE.jar:/root/./workspace/DanHoganRed/AddressBook_Sysc4806/339092119/.m2/org/apache/tomcat/embed/tomcat-embed-core/8.5.27/tomcat-embed-core-8.5.27.jar:/root/./workspace/DanHoganRed/AddressBook_Sysc4806/339092119/.m2/org/apache/tomcat/tomcat-annotations-api/8.5.27/tomcat-annotations-api-8.5.27.jar:/root/./workspace/DanHoganRed/AddressBook_Sysc4806/339092119/.m2/org/apache/tomcat/embed/tomcat-embed-el/8.5.27/tomcat-embed-el-8.5.27.jar:/root/./workspace/DanHoganRed/AddressBook_Sysc4806/339092119/.m2/org/apache/tomcat/embed/tomcat-embed-websocket/8.5.27/tomcat-embed-websocket-8.5.27.jar:/root/./workspace/DanHoganRed/AddressBook_Sysc4806/339092119/.m2/org/hibernate/hibernate-validator/5.3.6.Final/hibernate-validator-5.3.6.Final.jar:/root/./workspace/DanHoganRed/AddressBook_Sysc4806/339092119/.m2/javax/validation/validation-api/1.1.0.Final/validation-api-1.1.0.Final.jar:/root/./workspace/DanHoganRed/AddressBook_Sysc4806/339092119/.m2/com/fasterxml/classmate/1.3.4/classmate-1.3.4.jar:/root/./workspace/DanHoganRed/AddressBook_Sysc4806/339092119/.m2/org/springframework/spring-web/4.3.14.RELEASE/spring-web-4.3.14.RELEASE.jar:/root/./workspace/DanHoganRed/AddressBook_Sysc4806/339092119/.m2/org/springframework/spring-webmvc/4.3.14.RELEASE/spring-webmvc-4.3.14.RELEASE.jar:/root/./workspace/DanHoganRed/AddressBook_Sysc4806/339092119/.m2/org/springframework/spring-expression/4.3.14.RELEASE/spring-expression-4.3.14.RELEASE.jar:/root/./workspace/DanHoganRed/AddressBook_Sysc4806/339092119/.m2/com/fasterxml/jackson/core/jackson-annotations/2.8.0/jackson-annotations-2.8.0.jar:/root/./workspace/DanHoganRed/AddressBook_Sysc4806/339092119/.m2/com/fasterxml/jackson/core/jackson-databind/2.8.10/jackson-databind-2.8.10.jar:/root/./workspace/DanHoganRed/AddressBook_Sysc4806/339092119/.m2/com/fasterxml/jackson/core/jackson-core/2.8.10/jackson-core-2.8.10.jar:/root/./workspace/DanHoganRed/AddressBook_Sysc4806/339092119/.m2/org/springframework/data/spring-data-rest-webmvc/2.6.10.RELEASE/spring-data-rest-webmvc-2.6.10.RELEASE.jar:/root/./workspace/DanHoganRed/AddressBook_Sysc4806/339092119/.m2/org/springframework/data/spring-data-rest-core/2.6.10.RELEASE/spring-data-rest-core-2.6.10.RELEASE.jar:/root/./workspace/DanHoganRed/AddressBook_Sysc4806/339092119/.m2/org/springframework/hateoas/spring-hateoas/0.23.0.RELEASE/spring-hateoas-0.23.0.RELEASE.jar:/root/./workspace/DanHoganRed/AddressBook_Sysc4806/339092119/.m2/org/springframework/plugin/spring-plugin-core/1.2.0.RELEASE/spring-plugin-core-1.2.0.RELEASE.jar:/root/./workspace/DanHoganRed/AddressBook_Sysc4806/339092119/.m2/org/atteo/evo-inflector/1.2.2/evo-inflector-1.2.2.jar:/root/./workspace/DanHoganRed/AddressBook_Sysc4806/339092119/.m2/org/slf4j/slf4j-api/1.7.25/slf4j-api-1.7.25.jar:/root/./workspace/DanHoganRed/AddressBook_Sysc4806/339092119/.m2/org/slf4j/jcl-over-slf4j/1.7.25/jcl-over-slf4j-1.7.25.jar:/root/./workspace/DanHoganRed/AddressBook_Sysc4806/339092119/.m2/org/springframework/boot/spring-boot-starter-data-jpa/1.5.10.RELEASE/spring-boot-starter-data-jpa-1.5.10.RELEASE.jar:/root/./workspace/DanHoganRed/AddressBook_Sysc4806/339092119/.m2/org/springframework/boot/spring-boot-starter-aop/1.5.10.RELEASE/spring-boot-starter-aop-1.5.10.RELEASE.jar:/root/./workspace/DanHoganRed/AddressBook_Sysc4806/339092119/.m2/org/springframework/spring-aop/4.3.14.RELEASE/spring-aop-4.3.14.RELEASE.jar:/root/./workspace/DanHoganRed/AddressBook_Sysc4806/339092119/.m2/org/aspectj/aspectjweaver/1.8.13/aspectjweaver-1.8.13.jar:/root/./workspace/DanHoganRed/AddressBook_Sysc4806/339092119/.m2/org/springframework/boot/spring-boot-starter-jdbc/1.5.10.RELEASE/spring-boot-starter-jdbc-1.5.10.RELEASE.jar:/root/./workspace/DanHoganRed/AddressBook_Sysc4806/339092119/.m2/org/apache/tomcat/tomcat-jdbc/8.5.27/tomcat-jdbc-8.5.27.jar:/root/./workspace/DanHoganRed/AddressBook_Sysc4806/339092119/.m2/org/apache/tomcat/tomcat-juli/8.5.27/tomcat-juli-8.5.27.jar:/root/./workspace/DanHoganRed/AddressBook_Sysc4806/339092119/.m2/org/springframework/spring-jdbc/4.3.14.RELEASE/spring-jdbc-4.3.14.RELEASE.jar:/root/./workspace/DanHoganRed/AddressBook_Sysc4806/339092119/.m2/org/hibernate/hibernate-core/5.0.12.Final/hibernate-core-5.0.12.Final.jar:/root/./workspace/DanHoganRed/AddressBook_Sysc4806/339092119/.m2/org/jboss/logging/jboss-logging/3.3.1.Final/jboss-logging-3.3.1.Final.jar:/root/./workspace/DanHoganRed/AddressBook_Sysc4806/339092119/.m2/org/hibernate/javax/persistence/hibernate-jpa-2.1-api/1.0.0.Final/hibernate-jpa-2.1-api-1.0.0.Final.jar:/root/./workspace/DanHoganRed/AddressBook_Sysc4806/339092119/.m2/org/javassist/javassist/3.21.0-GA/javassist-3.21.0-GA.jar:/root/./workspace/DanHoganRed/AddressBook_Sysc4806/339092119/.m2/antlr/antlr/2.7.7/antlr-2.7.7.jar:/root/./workspace/DanHoganRed/AddressBook_Sysc4806/339092119/.m2/org/jboss/jandex/2.0.0.Final/jandex-2.0.0.Final.jar:/root/./workspace/DanHoganRed/AddressBook_Sysc4806/339092119/.m2/dom4j/dom4j/1.6.1/dom4j-1.6.1.jar:/root/./workspace/DanHoganRed/AddressBook_Sysc4806/339092119/.m2/org/hibernate/common/hibernate-commons-annotations/5.0.1.Final/hibernate-commons-annotations-5.0.1.Final.jar:/root/./workspace/DanHoganRed/AddressBook_Sysc4806/339092119/.m2/org/hibernate/hibernate-entitymanager/5.0.12.Final/hibernate-entitymanager-5.0.12.Final.jar:/root/./workspace/DanHoganRed/AddressBook_Sysc4806/339092119/.m2/javax/transaction/javax.transaction-api/1.2/javax.transaction-api-1.2.jar:/root/./workspace/DanHoganRed/AddressBook_Sysc4806/339092119/.m2/org/springframework/data/spring-data-jpa/1.11.10.RELEASE/spring-data-jpa-1.11.10.RELEASE.jar:/root/./workspace/DanHoganRed/AddressBook_Sysc4806/339092119/.m2/org/springframework/data/spring-data-commons/1.13.10.RELEASE/spring-data-commons-1.13.10.RELEASE.jar:/root/./workspace/DanHoganRed/AddressBook_Sysc4806/339092119/.m2/org/springframework/spring-orm/4.3.14.RELEASE/spring-orm-4.3.14.RELEASE.jar:/root/./workspace/DanHoganRed/AddressBook_Sysc4806/339092119/.m2/org/springframework/spring-context/4.3.14.RELEASE/spring-context-4.3.14.RELEASE.jar:/root/./workspace/DanHoganRed/AddressBook_Sysc4806/339092119/.m2/org/springframework/spring-tx/4.3.14.RELEASE/spring-tx-4.3.14.RELEASE.jar:/root/./workspace/DanHoganRed/AddressBook_Sysc4806/339092119/.m2/org/springframework/spring-beans/4.3.14.RELEASE/spring-beans-4.3.14.RELEASE.jar:/root/./workspace/DanHoganRed/AddressBook_Sysc4806/339092119/.m2/org/springframework/spring-aspects/4.3.14.RELEASE/spring-aspects-4.3.14.RELEASE.jar:/root/./workspace/DanHoganRed/AddressBook_Sysc4806/339092119/.m2/com/h2database/h2/1.4.196/h2-1.4.196.jar:/root/./workspace/DanHoganRed/AddressBook_Sysc4806/339092119/.m2/org/springframework/boot/spring-boot-starter-test/1.5.10.RELEASE/spring-boot-starter-test-1.5.10.RELEASE.jar:/root/./workspace/DanHoganRed/AddressBook_Sysc4806/339092119/.m2/org/springframework/boot/spring-boot-test/1.5.10.RELEASE/spring-boot-test-1.5.10.RELEASE.jar:/root/./workspace/DanHoganRed/AddressBook_Sysc4806/339092119/.m2/org/springframework/boot/spring-boot-test-autoconfigure/1.5.10.RELEASE/spring-boot-test-autoconfigure-1.5.10.RELEASE.jar:/root/./workspace/DanHoganRed/AddressBook_Sysc4806/339092119/.m2/com/jayway/jsonpath/json-path/2.2.0/json-path-2.2.0.jar:/root/./workspace/DanHoganRed/AddressBook_Sysc4806/339092119/.m2/net/minidev/json-smart/2.2.1/json-smart-2.2.1.jar:/root/./workspace/DanHoganRed/AddressBook_Sysc4806/339092119/.m2/net/minidev/accessors-smart/1.1/accessors-smart-1.1.jar:/root/./workspace/DanHoganRed/AddressBook_Sysc4806/339092119/.m2/org/ow2/asm/asm/5.0.3/asm-5.0.3.jar:/root/./workspace/DanHoganRed/AddressBook_Sysc4806/339092119/.m2/junit/junit/4.12/junit-4.12.jar:/root/./workspace/DanHoganRed/AddressBook_Sysc4806/339092119/.m2/org/assertj/assertj-core/2.6.0/assertj-core-2.6.0.jar:/root/./workspace/DanHoganRed/AddressBook_Sysc4806/339092119/.m2/org/mockito/mockito-core/1.10.19/mockito-core-1.10.19.jar:/root/./workspace/DanHoganRed/AddressBook_Sysc4806/339092119/.m2/org/objenesis/objenesis/2.1/objenesis-2.1.jar:/root/./workspace/DanHoganRed/AddressBook_Sysc4806/339092119/.m2/org/hamcrest/hamcrest-core/1.3/hamcrest-core-1.3.jar:/root/./workspace/DanHoganRed/AddressBook_Sysc4806/339092119/.m2/org/hamcrest/hamcrest-library/1.3/hamcrest-library-1.3.jar:/root/./workspace/DanHoganRed/AddressBook_Sysc4806/339092119/.m2/org/skyscreamer/jsonassert/1.4.0/jsonassert-1.4.0.jar:/root/./workspace/DanHoganRed/AddressBook_Sysc4806/339092119/.m2/com/vaadin/external/google/android-json/0.0.20131108.vaadin1/android-json-0.0.20131108.vaadin1.jar:/root/./workspace/DanHoganRed/AddressBook_Sysc4806/339092119/.m2/org/springframework/spring-core/4.3.14.RELEASE/spring-core-4.3.14.RELEASE.jar:/root/./workspace/DanHoganRed/AddressBook_Sysc4806/339092119/.m2/org/springframework/spring-test/4.3.14.RELEASE/spring-test-4.3.14.RELEASE.jar:, java.specification.name=Java Platform API Specification, java.class.version=52.0, sun.management.compiler=HotSpot 64-Bit Tiered Compilers, maven.repo.local=/root/./workspace/DanHoganRed/AddressBook_Sysc4806/339092119/.m2, os.version=3.16.0-4-amd64, user.home=/root, user.timezone=Europe/Paris, java.awt.printerjob=sun.print.PSPrinterJob, file.encoding=UTF-8, java.specification.version=1.8, java.class.path=/root/workspace/DanHoganRed/AddressBook_Sysc4806/339092119/target/test-classes:/root/workspace/DanHoganRed/AddressBook_Sysc4806/339092119/target/classes:/root/./workspace/DanHoganRed/AddressBook_Sysc4806/339092119/.m2/org/springframework/boot/spring-boot-starter-data-rest/1.5.10.RELEASE/spring-boot-starter-data-rest-1.5.10.RELEASE.jar:/root/./workspace/DanHoganRed/AddressBook_Sysc4806/339092119/.m2/org/springframework/boot/spring-boot-starter/1.5.10.RELEASE/spring-boot-starter-1.5.10.RELEASE.jar:/root/./workspace/DanHoganRed/AddressBook_Sysc4806/339092119/.m2/org/springframework/boot/spring-boot/1.5.10.RELEASE/spring-boot-1.5.10.RELEASE.jar:/root/./workspace/DanHoganRed/AddressBook_Sysc4806/339092119/.m2/org/springframework/boot/spring-boot-autoconfigure/1.5.10.RELEASE/spring-boot-autoconfigure-1.5.10.RELEASE.jar:/root/./workspace/DanHoganRed/AddressBook_Sysc4806/339092119/.m2/org/springframework/boot/spring-boot-starter-logging/1.5.10.RELEASE/spring-boot-starter-logging-1.5.10.RELEASE.jar:/root/./workspace/DanHoganRed/AddressBook_Sysc4806/339092119/.m2/ch/qos/logback/logback-classic/1.1.11/logback-classic-1.1.11.jar:/root/./workspace/DanHoganRed/AddressBook_Sysc4806/339092119/.m2/ch/qos/logback/logback-core/1.1.11/logback-core-1.1.11.jar:/root/./workspace/DanHoganRed/AddressBook_Sysc4806/339092119/.m2/org/slf4j/jul-to-slf4j/1.7.25/jul-to-slf4j-1.7.25.jar:/root/./workspace/DanHoganRed/AddressBook_Sysc4806/339092119/.m2/org/slf4j/log4j-over-slf4j/1.7.25/log4j-over-slf4j-1.7.25.jar:/root/./workspace/DanHoganRed/AddressBook_Sysc4806/339092119/.m2/org/yaml/snakeyaml/1.17/snakeyaml-1.17.jar:/root/./workspace/DanHoganRed/AddressBook_Sysc4806/339092119/.m2/org/springframework/boot/spring-boot-starter-web/1.5.10.RELEASE/spring-boot-starter-web-1.5.10.RELEASE.jar:/root/./workspace/DanHoganRed/AddressBook_Sysc4806/339092119/.m2/org/springframework/boot/spring-boot-starter-tomcat/1.5.10.RELEASE/spring-boot-starter-tomcat-1.5.10.RELEASE.jar:/root/./workspace/DanHoganRed/AddressBook_Sysc4806/339092119/.m2/org/apache/tomcat/embed/tomcat-embed-core/8.5.27/tomcat-embed-core-8.5.27.jar:/root/./workspace/DanHoganRed/AddressBook_Sysc4806/339092119/.m2/org/apache/tomcat/tomcat-annotations-api/8.5.27/tomcat-annotations-api-8.5.27.jar:/root/./workspace/DanHoganRed/AddressBook_Sysc4806/339092119/.m2/org/apache/tomcat/embed/tomcat-embed-el/8.5.27/tomcat-embed-el-8.5.27.jar:/root/./workspace/DanHoganRed/AddressBook_Sysc4806/339092119/.m2/org/apache/tomcat/embed/tomcat-embed-websocket/8.5.27/tomcat-embed-websocket-8.5.27.jar:/root/./workspace/DanHoganRed/AddressBook_Sysc4806/339092119/.m2/org/hibernate/hibernate-validator/5.3.6.Final/hibernate-validator-5.3.6.Final.jar:/root/./workspace/DanHoganRed/AddressBook_Sysc4806/339092119/.m2/javax/validation/validation-api/1.1.0.Final/validation-api-1.1.0.Final.jar:/root/./workspace/DanHoganRed/AddressBook_Sysc4806/339092119/.m2/com/fasterxml/classmate/1.3.4/classmate-1.3.4.jar:/root/./workspace/DanHoganRed/AddressBook_Sysc4806/339092119/.m2/org/springframework/spring-web/4.3.14.RELEASE/spring-web-4.3.14.RELEASE.jar:/root/./workspace/DanHoganRed/AddressBook_Sysc4806/339092119/.m2/org/springframework/spring-webmvc/4.3.14.RELEASE/spring-webmvc-4.3.14.RELEASE.jar:/root/./workspace/DanHoganRed/AddressBook_Sysc4806/339092119/.m2/org/springframework/spring-expression/4.3.14.RELEASE/spring-expression-4.3.14.RELEASE.jar:/root/./workspace/DanHoganRed/AddressBook_Sysc4806/339092119/.m2/com/fasterxml/jackson/core/jackson-annotations/2.8.0/jackson-annotations-2.8.0.jar:/root/./workspace/DanHoganRed/AddressBook_Sysc4806/339092119/.m2/com/fasterxml/jackson/core/jackson-databind/2.8.10/jackson-databind-2.8.10.jar:/root/./workspace/DanHoganRed/AddressBook_Sysc4806/339092119/.m2/com/fasterxml/jackson/core/jackson-core/2.8.10/jackson-core-2.8.10.jar:/root/./workspace/DanHoganRed/AddressBook_Sysc4806/339092119/.m2/org/springframework/data/spring-data-rest-webmvc/2.6.10.RELEASE/spring-data-rest-webmvc-2.6.10.RELEASE.jar:/root/./workspace/DanHoganRed/AddressBook_Sysc4806/339092119/.m2/org/springframework/data/spring-data-rest-core/2.6.10.RELEASE/spring-data-rest-core-2.6.10.RELEASE.jar:/root/./workspace/DanHoganRed/AddressBook_Sysc4806/339092119/.m2/org/springframework/hateoas/spring-hateoas/0.23.0.RELEASE/spring-hateoas-0.23.0.RELEASE.jar:/root/./workspace/DanHoganRed/AddressBook_Sysc4806/339092119/.m2/org/springframework/plugin/spring-plugin-core/1.2.0.RELEASE/spring-plugin-core-1.2.0.RELEASE.jar:/root/./workspace/DanHoganRed/AddressBook_Sysc4806/339092119/.m2/org/atteo/evo-inflector/1.2.2/evo-inflector-1.2.2.jar:/root/./workspace/DanHoganRed/AddressBook_Sysc4806/339092119/.m2/org/slf4j/slf4j-api/1.7.25/slf4j-api-1.7.25.jar:/root/./workspace/DanHoganRed/AddressBook_Sysc4806/339092119/.m2/org/slf4j/jcl-over-slf4j/1.7.25/jcl-over-slf4j-1.7.25.jar:/root/./workspace/DanHoganRed/AddressBook_Sysc4806/339092119/.m2/org/springframework/boot/spring-boot-starter-data-jpa/1.5.10.RELEASE/spring-boot-starter-data-jpa-1.5.10.RELEASE.jar:/root/./workspace/DanHoganRed/AddressBook_Sysc4806/339092119/.m2/org/springframework/boot/spring-boot-starter-aop/1.5.10.RELEASE/spring-boot-starter-aop-1.5.10.RELEASE.jar:/root/./workspace/DanHoganRed/AddressBook_Sysc4806/339092119/.m2/org/springframework/spring-aop/4.3.14.RELEASE/spring-aop-4.3.14.RELEASE.jar:/root/./workspace/DanHoganRed/AddressBook_Sysc4806/339092119/.m2/org/aspectj/aspectjweaver/1.8.13/aspectjweaver-1.8.13.jar:/root/./workspace/DanHoganRed/AddressBook_Sysc4806/339092119/.m2/org/springframework/boot/spring-boot-starter-jdbc/1.5.10.RELEASE/spring-boot-starter-jdbc-1.5.10.RELEASE.jar:/root/./workspace/DanHoganRed/AddressBook_Sysc4806/339092119/.m2/org/apache/tomcat/tomcat-jdbc/8.5.27/tomcat-jdbc-8.5.27.jar:/root/./workspace/DanHoganRed/AddressBook_Sysc4806/339092119/.m2/org/apache/tomcat/tomcat-juli/8.5.27/tomcat-juli-8.5.27.jar:/root/./workspace/DanHoganRed/AddressBook_Sysc4806/339092119/.m2/org/springframework/spring-jdbc/4.3.14.RELEASE/spring-jdbc-4.3.14.RELEASE.jar:/root/./workspace/DanHoganRed/AddressBook_Sysc4806/339092119/.m2/org/hibernate/hibernate-core/5.0.12.Final/hibernate-core-5.0.12.Final.jar:/root/./workspace/DanHoganRed/AddressBook_Sysc4806/339092119/.m2/org/jboss/logging/jboss-logging/3.3.1.Final/jboss-logging-3.3.1.Final.jar:/root/./workspace/DanHoganRed/AddressBook_Sysc4806/339092119/.m2/org/hibernate/javax/persistence/hibernate-jpa-2.1-api/1.0.0.Final/hibernate-jpa-2.1-api-1.0.0.Final.jar:/root/./workspace/DanHoganRed/AddressBook_Sysc4806/339092119/.m2/org/javassist/javassist/3.21.0-GA/javassist-3.21.0-GA.jar:/root/./workspace/DanHoganRed/AddressBook_Sysc4806/339092119/.m2/antlr/antlr/2.7.7/antlr-2.7.7.jar:/root/./workspace/DanHoganRed/AddressBook_Sysc4806/339092119/.m2/org/jboss/jandex/2.0.0.Final/jandex-2.0.0.Final.jar:/root/./workspace/DanHoganRed/AddressBook_Sysc4806/339092119/.m2/dom4j/dom4j/1.6.1/dom4j-1.6.1.jar:/root/./workspace/DanHoganRed/AddressBook_Sysc4806/339092119/.m2/org/hibernate/common/hibernate-commons-annotations/5.0.1.Final/hibernate-commons-annotations-5.0.1.Final.jar:/root/./workspace/DanHoganRed/AddressBook_Sysc4806/339092119/.m2/org/hibernate/hibernate-entitymanager/5.0.12.Final/hibernate-entitymanager-5.0.12.Final.jar:/root/./workspace/DanHoganRed/AddressBook_Sysc4806/339092119/.m2/javax/transaction/javax.transaction-api/1.2/javax.transaction-api-1.2.jar:/root/./workspace/DanHoganRed/AddressBook_Sysc4806/339092119/.m2/org/springframework/data/spring-data-jpa/1.11.10.RELEASE/spring-data-jpa-1.11.10.RELEASE.jar:/root/./workspace/DanHoganRed/AddressBook_Sysc4806/339092119/.m2/org/springframework/data/spring-data-commons/1.13.10.RELEASE/spring-data-commons-1.13.10.RELEASE.jar:/root/./workspace/DanHoganRed/AddressBook_Sysc4806/339092119/.m2/org/springframework/spring-orm/4.3.14.RELEASE/spring-orm-4.3.14.RELEASE.jar:/root/./workspace/DanHoganRed/AddressBook_Sysc4806/339092119/.m2/org/springframework/spring-context/4.3.14.RELEASE/spring-context-4.3.14.RELEASE.jar:/root/./workspace/DanHoganRed/AddressBook_Sysc4806/339092119/.m2/org/springframework/spring-tx/4.3.14.RELEASE/spring-tx-4.3.14.RELEASE.jar:/root/./workspace/DanHoganRed/AddressBook_Sysc4806/339092119/.m2/org/springframework/spring-beans/4.3.14.RELEASE/spring-beans-4.3.14.RELEASE.jar:/root/./workspace/DanHoganRed/AddressBook_Sysc4806/339092119/.m2/org/springframework/spring-aspects/4.3.14.RELEASE/spring-aspects-4.3.14.RELEASE.jar:/root/./workspace/DanHoganRed/AddressBook_Sysc4806/339092119/.m2/com/h2database/h2/1.4.196/h2-1.4.196.jar:/root/./workspace/DanHoganRed/AddressBook_Sysc4806/339092119/.m2/org/springframework/boot/spring-boot-starter-test/1.5.10.RELEASE/spring-boot-starter-test-1.5.10.RELEASE.jar:/root/./workspace/DanHoganRed/AddressBook_Sysc4806/339092119/.m2/org/springframework/boot/spring-boot-test/1.5.10.RELEASE/spring-boot-test-1.5.10.RELEASE.jar:/root/./workspace/DanHoganRed/AddressBook_Sysc4806/339092119/.m2/org/springframework/boot/spring-boot-test-autoconfigure/1.5.10.RELEASE/spring-boot-test-autoconfigure-1.5.10.RELEASE.jar:/root/./workspace/DanHoganRed/AddressBook_Sysc4806/339092119/.m2/com/jayway/jsonpath/json-path/2.2.0/json-path-2.2.0.jar:/root/./workspace/DanHoganRed/AddressBook_Sysc4806/339092119/.m2/net/minidev/json-smart/2.2.1/json-smart-2.2.1.jar:/root/./workspace/DanHoganRed/AddressBook_Sysc4806/339092119/.m2/net/minidev/accessors-smart/1.1/accessors-smart-1.1.jar:/root/./workspace/DanHoganRed/AddressBook_Sysc4806/339092119/.m2/org/ow2/asm/asm/5.0.3/asm-5.0.3.jar:/root/./workspace/DanHoganRed/AddressBook_Sysc4806/339092119/.m2/junit/junit/4.12/junit-4.12.jar:/root/./workspace/DanHoganRed/AddressBook_Sysc4806/339092119/.m2/org/assertj/assertj-core/2.6.0/assertj-core-2.6.0.jar:/root/./workspace/DanHoganRed/AddressBook_Sysc4806/339092119/.m2/org/mockito/mockito-core/1.10.19/mockito-core-1.10.19.jar:/root/./workspace/DanHoganRed/AddressBook_Sysc4806/339092119/.m2/org/objenesis/objenesis/2.1/objenesis-2.1.jar:/root/./workspace/DanHoganRed/AddressBook_Sysc4806/339092119/.m2/org/hamcrest/hamcrest-core/1.3/hamcrest-core-1.3.jar:/root/./workspace/DanHoganRed/AddressBook_Sysc4806/339092119/.m2/org/hamcrest/hamcrest-library/1.3/hamcrest-library-1.3.jar:/root/./workspace/DanHoganRed/AddressBook_Sysc4806/339092119/.m2/org/skyscreamer/jsonassert/1.4.0/jsonassert-1.4.0.jar:/root/./workspace/DanHoganRed/AddressBook_Sysc4806/339092119/.m2/com/vaadin/external/google/android-json/0.0.20131108.vaadin1/android-json-0.0.20131108.vaadin1.jar:/root/./workspace/DanHoganRed/AddressBook_Sysc4806/339092119/.m2/org/springframework/spring-core/4.3.14.RELEASE/spring-core-4.3.14.RELEASE.jar:/root/./workspace/DanHoganRed/AddressBook_Sysc4806/339092119/.m2/org/springframework/spring-test/4.3.14.RELEASE/spring-test-4.3.14.RELEASE.jar:, user.name=root, skipITs=true, java.vm.specification.version=1.8, sun.java.command=/root/workspace/DanHoganRed/AddressBook_Sysc4806/339092119/target/surefire/surefirebooter8628845772812016796.jar /root/workspace/DanHoganRed/AddressBook_Sysc4806/339092119/target/surefire/surefire8419513362875414733tmp /root/workspace/DanHoganRed/AddressBook_Sysc4806/339092119/target/surefire/surefire_04024519058523465048tmp, java.home=/usr/lib/jvm/java-8-openjdk-amd64/jre, sun.arch.data.model=64, user.language=en, java.specification.vendor=Oracle Corporation, awt.toolkit=sun.awt.X11.XToolkit, java.vm.info=mixed mode, java.version=1.8.0_121, java.ext.dirs=/usr/lib/jvm/java-8-openjdk-amd64/jre/lib/ext:/usr/java/packages/lib/ext, sun.boot.class.path=/usr/lib/jvm/java-8-openjdk-amd64/jre/lib/resources.jar:/usr/lib/jvm/java-8-openjdk-amd64/jre/lib/rt.jar:/usr/lib/jvm/java-8-openjdk-amd64/jre/lib/sunrsasign.jar:/usr/lib/jvm/java-8-openjdk-amd64/jre/lib/jsse.jar:/usr/lib/jvm/java-8-openjdk-amd64/jre/lib/jce.jar:/usr/lib/jvm/java-8-openjdk-amd64/jre/lib/charsets.jar:/usr/lib/jvm/java-8-openjdk-amd64/jre/lib/jfr.jar:/usr/lib/jvm/java-8-openjdk-amd64/jre/classes, rat.skip=true, enforcer.skip=true, java.vendor=Oracle Corporation, localRepository=/root/./workspace/DanHoganRed/AddressBook_Sysc4806/339092119/.m2, file.separator=/, java.vendor.url.bug=http://bugreport.sun.com/bugreport/, sun.io.unicode.encoding=UnicodeLittle, sun.cpu.endian=little, sun.cpu.isalist=}}, SystemEnvironmentPropertySource@1594199808 {name='systemEnvironment', properties={PATH=/usr/local/sbin:/usr/local/bin:/usr/sbin:/usr/bin:/sbin:/bin, JAVA_HOME=/usr/lib/jvm/java-8-openjdk-amd64, NOTIFY_TO=, CA_CERTIFICATES_JAVA_VERSION=20161107~bpo8+1, MONGODB_HOST=, BUILD_ID=, LANG=C.UTF-8, GITHUB_LOGIN=, MAVEN_HOME=/usr/share/maven, SMTP_SERVER=, MONGODB_NAME=, REPAIR_MODE=, PWD=/root/workspace/DanHoganRed/AddressBook_Sysc4806/339092119, GOOGLE_ACCESS_TOKEN=, JAVA_VERSION=8u121, GITHUB_OAUTH=, MAVEN_CMD_LINE_ARGS=/root/.m2 -B -D enforcer.skip=true -D skipITs=true -D cobertura.skip=true -D maven.repo.local=/root/./workspace/DanHoganRed/AddressBook_Sysc4806/339092119/.m2 -D rat.skip=true -D findbugs.skip=true -D gpg.skip=true -D checkstyle.skip=true -D license.skip=true test, _=/usr/bin/java, SPREADSHEET_ID=, OUTPUT=, MAVEN_TERMINATE_CMD=on, MAVEN_CONFIG=/root/.m2, MAVEN_PROJECTBASEDIR=/root/workspace/DanHoganRed/AddressBook_Sysc4806/339092119, OLDPWD=/root/workspace/DanHoganRed/AddressBook_Sysc4806/339092119, LOG_FILENAME=repairnator-pipeline_2018-02-08_1836_339092119, RUN_ID=, HOSTNAME=spirals-librepair, JAVA_DEBIAN_VERSION=8u121-b13-1~bpo8+1, M2_HOME=/usr/share/maven, HOME=/root, SHLVL=1, PUSH_URL=}}]
18:39:40.560 [main] DEBUG org.springframework.test.context.support.TestPropertySourceUtils - Adding inlined properties to environment: {spring.jmx.enabled=false, org.springframework.boot.test.context.SpringBootTestContextBootstrapper=true, server.port=0}
18:39:40.560 [main] DEBUG org.springframework.core.env.StandardEnvironment - Adding PropertySource 'Inlined Test Properties' with highest search precedence

  .   ____          _            __ _ _
 /\\ / ___'_ __ _ _(_)_ __  __ _ \ \ \ \
( ( )\___ | '_ | '_| | '_ \/ _` | \ \ \ \
 \\/  ___)| |_)| | | | | || (_| |  ) ) ) )
  '  |____| .__|_| |_|_| |_\__, | / / / /
 =========|_|==============|___/=/_/_/_/
 :: Spring Boot ::       (v1.5.10.RELEASE)

2018-02-08 18:39:40.933  INFO 208 --- [           main] Hello.ApplicationTest                    : Starting ApplicationTest on spirals-librepair with PID 208 (started by root in /root/workspace/DanHoganRed/AddressBook_Sysc4806/339092119)
2018-02-08 18:39:40.935  INFO 208 --- [           main] Hello.ApplicationTest                    : No active profile set, falling back to default profiles: default
2018-02-08 18:39:40.971  INFO 208 --- [           main] ationConfigEmbeddedWebApplicationContext : Refreshing org.springframework.boot.context.embedded.AnnotationConfigEmbeddedWebApplicationContext@662b4c69: startup date [Thu Feb 08 18:39:40 CET 2018]; root of context hierarchy
2018-02-08 18:39:41.985  INFO 208 --- [           main] o.s.b.f.s.DefaultListableBeanFactory     : Overriding bean definition for bean 'httpRequestHandlerAdapter' with a different definition: replacing [Root bean: class [null]; scope=; abstract=false; lazyInit=false; autowireMode=3; dependencyCheck=0; autowireCandidate=true; primary=false; factoryBeanName=org.springframework.boot.autoconfigure.web.WebMvcAutoConfiguration$EnableWebMvcConfiguration; factoryMethodName=httpRequestHandlerAdapter; initMethodName=null; destroyMethodName=(inferred); defined in class path resource [org/springframework/boot/autoconfigure/web/WebMvcAutoConfiguration$EnableWebMvcConfiguration.class]] with [Root bean: class [null]; scope=; abstract=false; lazyInit=false; autowireMode=3; dependencyCheck=0; autowireCandidate=true; primary=false; factoryBeanName=org.springframework.data.rest.webmvc.config.RepositoryRestMvcConfiguration; factoryMethodName=httpRequestHandlerAdapter; initMethodName=null; destroyMethodName=(inferred); defined in class path resource [org/springframework/data/rest/webmvc/config/RepositoryRestMvcConfiguration.class]]
2018-02-08 18:39:42.695  INFO 208 --- [           main] trationDelegate$BeanPostProcessorChecker : Bean 'org.springframework.transaction.annotation.ProxyTransactionManagementConfiguration' of type [org.springframework.transaction.annotation.ProxyTransactionManagementConfiguration$$EnhancerBySpringCGLIB$$7cbfdfaf] is not eligible for getting processed by all BeanPostProcessors (for example: not eligible for auto-proxying)
2018-02-08 18:39:43.302  INFO 208 --- [           main] s.b.c.e.t.TomcatEmbeddedServletContainer : Tomcat initialized with port(s): 0 (http)
2018-02-08 18:39:43.338  INFO 208 --- [           main] o.apache.catalina.core.StandardService   : Starting service [Tomcat]
2018-02-08 18:39:43.340  INFO 208 --- [           main] org.apache.catalina.core.StandardEngine  : Starting Servlet Engine: Apache Tomcat/8.5.27
2018-02-08 18:39:43.479  INFO 208 --- [ost-startStop-1] o.a.c.c.C.[Tomcat].[localhost].[/]       : Initializing Spring embedded WebApplicationContext
2018-02-08 18:39:43.480  INFO 208 --- [ost-startStop-1] o.s.web.context.ContextLoader            : Root WebApplicationContext: initialization completed in 2513 ms
2018-02-08 18:39:43.684  INFO 208 --- [ost-startStop-1] o.s.b.w.servlet.ServletRegistrationBean  : Mapping servlet: 'dispatcherServlet' to [/]
2018-02-08 18:39:43.689  INFO 208 --- [ost-startStop-1] o.s.b.w.servlet.FilterRegistrationBean   : Mapping filter: 'characterEncodingFilter' to: [/*]
2018-02-08 18:39:43.689  INFO 208 --- [ost-startStop-1] o.s.b.w.servlet.FilterRegistrationBean   : Mapping filter: 'hiddenHttpMethodFilter' to: [/*]
2018-02-08 18:39:43.690  INFO 208 --- [ost-startStop-1] o.s.b.w.servlet.FilterRegistrationBean   : Mapping filter: 'httpPutFormContentFilter' to: [/*]
2018-02-08 18:39:43.690  INFO 208 --- [ost-startStop-1] o.s.b.w.servlet.FilterRegistrationBean   : Mapping filter: 'requestContextFilter' to: [/*]
2018-02-08 18:39:44.490  INFO 208 --- [           main] j.LocalContainerEntityManagerFactoryBean : Building JPA container EntityManagerFactory for persistence unit 'default'
2018-02-08 18:39:44.515  INFO 208 --- [           main] o.hibernate.jpa.internal.util.LogHelper  : HHH000204: Processing PersistenceUnitInfo [
	name: default
	...]
2018-02-08 18:39:44.621  INFO 208 --- [           main] org.hibernate.Version                    : HHH000412: Hibernate Core {5.0.12.Final}
2018-02-08 18:39:44.622  INFO 208 --- [           main] org.hibernate.cfg.Environment            : HHH000206: hibernate.properties not found
2018-02-08 18:39:44.718  INFO 208 --- [           main] org.hibernate.cfg.Environment            : HHH000021: Bytecode provider name : javassist
2018-02-08 18:39:44.775  INFO 208 --- [           main] o.hibernate.annotations.common.Version   : HCANN000001: Hibernate Commons Annotations {5.0.1.Final}
2018-02-08 18:39:44.934  INFO 208 --- [           main] org.hibernate.dialect.Dialect            : HHH000400: Using dialect: org.hibernate.dialect.H2Dialect
2018-02-08 18:39:45.644  INFO 208 --- [           main] org.hibernate.tool.hbm2ddl.SchemaExport  : HHH000227: Running hbm2ddl schema export
2018-02-08 18:39:45.680  INFO 208 --- [           main] org.hibernate.tool.hbm2ddl.SchemaExport  : HHH000230: Schema export complete
2018-02-08 18:39:45.738  INFO 208 --- [           main] j.LocalContainerEntityManagerFactoryBean : Initialized JPA EntityManagerFactory for persistence unit 'default'
2018-02-08 18:39:47.125  INFO 208 --- [           main] s.w.s.m.m.a.RequestMappingHandlerAdapter : Looking for @ControllerAdvice: org.springframework.boot.context.embedded.AnnotationConfigEmbeddedWebApplicationContext@662b4c69: startup date [Thu Feb 08 18:39:40 CET 2018]; root of context hierarchy
2018-02-08 18:39:47.242  INFO 208 --- [           main] s.w.s.m.m.a.RequestMappingHandlerMapping : Mapped "{[/CreateAddressBook]}" onto public long Hello.AddBuddyController.CreateAddressBook()
2018-02-08 18:39:47.243  INFO 208 --- [           main] s.w.s.m.m.a.RequestMappingHandlerMapping : Mapped "{[/AddBuddy]}" onto public void Hello.AddBuddyController.AddBuddy(java.lang.String,java.lang.String)
2018-02-08 18:39:47.244  INFO 208 --- [           main] s.w.s.m.m.a.RequestMappingHandlerMapping : Mapped "{[/greeting]}" onto public java.lang.String Hello.GreetingController.greeting(java.lang.String,org.springframework.ui.Model)
2018-02-08 18:39:47.248  INFO 208 --- [           main] s.w.s.m.m.a.RequestMappingHandlerMapping : Mapped "{[/error],produces=[text/html]}" onto public org.springframework.web.servlet.ModelAndView org.springframework.boot.autoconfigure.web.BasicErrorController.errorHtml(javax.servlet.http.HttpServletRequest,javax.servlet.http.HttpServletResponse)
2018-02-08 18:39:47.249  INFO 208 --- [           main] s.w.s.m.m.a.RequestMappingHandlerMapping : Mapped "{[/error]}" onto public org.springframework.http.ResponseEntity<java.util.Map<java.lang.String, java.lang.Object>> org.springframework.boot.autoconfigure.web.BasicErrorController.error(javax.servlet.http.HttpServletRequest)
2018-02-08 18:39:47.297  INFO 208 --- [           main] o.s.w.s.handler.SimpleUrlHandlerMapping  : Mapped URL path [/webjars/**] onto handler of type [class org.springframework.web.servlet.resource.ResourceHttpRequestHandler]
2018-02-08 18:39:47.297  INFO 208 --- [           main] o.s.w.s.handler.SimpleUrlHandlerMapping  : Mapped URL path [/**] onto handler of type [class org.springframework.web.servlet.resource.ResourceHttpRequestHandler]
2018-02-08 18:39:47.321  INFO 208 --- [           main] .m.m.a.ExceptionHandlerExceptionResolver : Detected @ExceptionHandler methods in repositoryRestExceptionHandler
2018-02-08 18:39:47.413  INFO 208 --- [           main] o.s.w.s.handler.SimpleUrlHandlerMapping  : Mapped URL path [/**/favicon.ico] onto handler of type [class org.springframework.web.servlet.resource.ResourceHttpRequestHandler]
2018-02-08 18:39:47.558  INFO 208 --- [           main] o.s.d.r.w.RepositoryRestHandlerAdapter   : Looking for @ControllerAdvice: org.springframework.boot.context.embedded.AnnotationConfigEmbeddedWebApplicationContext@662b4c69: startup date [Thu Feb 08 18:39:40 CET 2018]; root of context hierarchy
2018-02-08 18:39:47.575  INFO 208 --- [           main] o.s.d.r.w.RepositoryRestHandlerMapping   : Mapped "{[/{repository}/{id}/{property}],methods=[GET],produces=[application/hal+json || application/json]}" onto public org.springframework.http.ResponseEntity<org.springframework.hateoas.ResourceSupport> org.springframework.data.rest.webmvc.RepositoryPropertyReferenceController.followPropertyReference(org.springframework.data.rest.webmvc.RootResourceInformation,java.io.Serializable,java.lang.String,org.springframework.data.rest.webmvc.PersistentEntityResourceAssembler) throws java.lang.Exception
2018-02-08 18:39:47.576  INFO 208 --- [           main] o.s.d.r.w.RepositoryRestHandlerMapping   : Mapped "{[/{repository}/{id}/{property}/{propertyId}],methods=[GET],produces=[application/hal+json || application/json]}" onto public org.springframework.http.ResponseEntity<org.springframework.hateoas.ResourceSupport> org.springframework.data.rest.webmvc.RepositoryPropertyReferenceController.followPropertyReference(org.springframework.data.rest.webmvc.RootResourceInformation,java.io.Serializable,java.lang.String,java.lang.String,org.springframework.data.rest.webmvc.PersistentEntityResourceAssembler) throws java.lang.Exception
2018-02-08 18:39:47.577  INFO 208 --- [           main] o.s.d.r.w.RepositoryRestHandlerMapping   : Mapped "{[/{repository}/{id}/{property}],methods=[DELETE],produces=[application/hal+json || application/json]}" onto public org.springframework.http.ResponseEntity<? extends org.springframework.hateoas.ResourceSupport> org.springframework.data.rest.webmvc.RepositoryPropertyReferenceController.deletePropertyReference(org.springframework.data.rest.webmvc.RootResourceInformation,java.io.Serializable,java.lang.String) throws java.lang.Exception
2018-02-08 18:39:47.578  INFO 208 --- [           main] o.s.d.r.w.RepositoryRestHandlerMapping   : Mapped "{[/{repository}/{id}/{property}],methods=[GET],produces=[application/x-spring-data-compact+json || text/uri-list]}" onto public org.springframework.http.ResponseEntity<org.springframework.hateoas.ResourceSupport> org.springframework.data.rest.webmvc.RepositoryPropertyReferenceController.followPropertyReferenceCompact(org.springframework.data.rest.webmvc.RootResourceInformation,java.io.Serializable,java.lang.String,org.springframework.data.rest.webmvc.PersistentEntityResourceAssembler) throws java.lang.Exception
2018-02-08 18:39:47.579  INFO 208 --- [           main] o.s.d.r.w.RepositoryRestHandlerMapping   : Mapped "{[/{repository}/{id}/{property}],methods=[PATCH || PUT || POST],consumes=[application/json || application/x-spring-data-compact+json || text/uri-list],produces=[application/hal+json || application/json]}" onto public org.springframework.http.ResponseEntity<? extends org.springframework.hateoas.ResourceSupport> org.springframework.data.rest.webmvc.RepositoryPropertyReferenceController.createPropertyReference(org.springframework.data.rest.webmvc.RootResourceInformation,org.springframework.http.HttpMethod,org.springframework.hateoas.Resources<java.lang.Object>,java.io.Serializable,java.lang.String) throws java.lang.Exception
2018-02-08 18:39:47.580  INFO 208 --- [           main] o.s.d.r.w.RepositoryRestHandlerMapping   : Mapped "{[/{repository}/{id}/{property}/{propertyId}],methods=[DELETE],produces=[application/hal+json || application/json]}" onto public org.springframework.http.ResponseEntity<org.springframework.hateoas.ResourceSupport> org.springframework.data.rest.webmvc.RepositoryPropertyReferenceController.deletePropertyReferenceId(org.springframework.data.rest.webmvc.RootResourceInformation,java.io.Serializable,java.lang.String,java.lang.String) throws java.lang.Exception
2018-02-08 18:39:47.585  INFO 208 --- [           main] o.s.d.r.w.RepositoryRestHandlerMapping   : Mapped "{[/{repository}/search/{search}],methods=[GET],produces=[application/x-spring-data-compact+json]}" onto public org.springframework.hateoas.ResourceSupport org.springframework.data.rest.webmvc.RepositorySearchController.executeSearchCompact(org.springframework.data.rest.webmvc.RootResourceInformation,org.springframework.http.HttpHeaders,org.springframework.util.MultiValueMap<java.lang.String, java.lang.Object>,java.lang.String,java.lang.String,org.springframework.data.rest.webmvc.support.DefaultedPageable,org.springframework.data.domain.Sort,org.springframework.data.rest.webmvc.PersistentEntityResourceAssembler)
2018-02-08 18:39:47.586  INFO 208 --- [           main] o.s.d.r.w.RepositoryRestHandlerMapping   : Mapped "{[/{repository}/search/{search}],methods=[OPTIONS],produces=[application/hal+json || application/json]}" onto public org.springframework.http.ResponseEntity<java.lang.Object> org.springframework.data.rest.webmvc.RepositorySearchController.optionsForSearch(org.springframework.data.rest.webmvc.RootResourceInformation,java.lang.String)
2018-02-08 18:39:47.586  INFO 208 --- [           main] o.s.d.r.w.RepositoryRestHandlerMapping   : Mapped "{[/{repository}/search/{search}],methods=[HEAD],produces=[application/hal+json || application/json]}" onto public org.springframework.http.ResponseEntity<java.lang.Object> org.springframework.data.rest.webmvc.RepositorySearchController.headForSearch(org.springframework.data.rest.webmvc.RootResourceInformation,java.lang.String)
2018-02-08 18:39:47.587  INFO 208 --- [           main] o.s.d.r.w.RepositoryRestHandlerMapping   : Mapped "{[/{repository}/search],methods=[OPTIONS],produces=[application/hal+json || application/json]}" onto public org.springframework.http.HttpEntity<?> org.springframework.data.rest.webmvc.RepositorySearchController.optionsForSearches(org.springframework.data.rest.webmvc.RootResourceInformation)
2018-02-08 18:39:47.587  INFO 208 --- [           main] o.s.d.r.w.RepositoryRestHandlerMapping   : Mapped "{[/{repository}/search],methods=[HEAD],produces=[application/hal+json || application/json]}" onto public org.springframework.http.HttpEntity<?> org.springframework.data.rest.webmvc.RepositorySearchController.headForSearches(org.springframework.data.rest.webmvc.RootResourceInformation)
2018-02-08 18:39:47.588  INFO 208 --- [           main] o.s.d.r.w.RepositoryRestHandlerMapping   : Mapped "{[/{repository}/search],methods=[GET],produces=[application/hal+json || application/json]}" onto public org.springframework.data.rest.webmvc.RepositorySearchesResource org.springframework.data.rest.webmvc.RepositorySearchController.listSearches(org.springframework.data.rest.webmvc.RootResourceInformation)
2018-02-08 18:39:47.589  INFO 208 --- [           main] o.s.d.r.w.RepositoryRestHandlerMapping   : Mapped "{[/{repository}/search/{search}],methods=[GET],produces=[application/hal+json || application/json]}" onto public org.springframework.http.ResponseEntity<?> org.springframework.data.rest.webmvc.RepositorySearchController.executeSearch(org.springframework.data.rest.webmvc.RootResourceInformation,org.springframework.util.MultiValueMap<java.lang.String, java.lang.Object>,java.lang.String,org.springframework.data.rest.webmvc.support.DefaultedPageable,org.springframework.data.domain.Sort,org.springframework.data.rest.webmvc.PersistentEntityResourceAssembler,org.springframework.http.HttpHeaders)
2018-02-08 18:39:47.590  INFO 208 --- [           main] o.s.d.r.w.RepositoryRestHandlerMapping   : Mapped "{[/ || ],methods=[OPTIONS],produces=[application/hal+json || application/json]}" onto public org.springframework.http.HttpEntity<?> org.springframework.data.rest.webmvc.RepositoryController.optionsForRepositories()
2018-02-08 18:39:47.591  INFO 208 --- [           main] o.s.d.r.w.RepositoryRestHandlerMapping   : Mapped "{[/ || ],methods=[GET],produces=[application/hal+json || application/json]}" onto public org.springframework.http.HttpEntity<org.springframework.data.rest.webmvc.RepositoryLinksResource> org.springframework.data.rest.webmvc.RepositoryController.listRepositories()
2018-02-08 18:39:47.591  INFO 208 --- [           main] o.s.d.r.w.RepositoryRestHandlerMapping   : Mapped "{[/ || ],methods=[HEAD],produces=[application/hal+json || application/json]}" onto public org.springframework.http.ResponseEntity<?> org.springframework.data.rest.webmvc.RepositoryController.headForRepositories()
2018-02-08 18:39:47.594  INFO 208 --- [           main] o.s.d.r.w.RepositoryRestHandlerMapping   : Mapped "{[/{repository}],methods=[OPTIONS],produces=[application/hal+json || application/json]}" onto public org.springframework.http.ResponseEntity<?> org.springframework.data.rest.webmvc.RepositoryEntityController.optionsForCollectionResource(org.springframework.data.rest.webmvc.RootResourceInformation)
2018-02-08 18:39:47.595  INFO 208 --- [           main] o.s.d.r.w.RepositoryRestHandlerMapping   : Mapped "{[/{repository}],methods=[HEAD],produces=[application/hal+json || application/json]}" onto public org.springframework.http.ResponseEntity<?> org.springframework.data.rest.webmvc.RepositoryEntityController.headCollectionResource(org.springframework.data.rest.webmvc.RootResourceInformation,org.springframework.data.rest.webmvc.support.DefaultedPageable) throws org.springframework.web.HttpRequestMethodNotSupportedException
2018-02-08 18:39:47.595  INFO 208 --- [           main] o.s.d.r.w.RepositoryRestHandlerMapping   : Mapped "{[/{repository}],methods=[GET],produces=[application/hal+json || application/json]}" onto public org.springframework.hateoas.Resources<?> org.springframework.data.rest.webmvc.RepositoryEntityController.getCollectionResource(org.springframework.data.rest.webmvc.RootResourceInformation,org.springframework.data.rest.webmvc.support.DefaultedPageable,org.springframework.data.domain.Sort,org.springframework.data.rest.webmvc.PersistentEntityResourceAssembler) throws org.springframework.data.rest.webmvc.ResourceNotFoundException,org.springframework.web.HttpRequestMethodNotSupportedException
2018-02-08 18:39:47.596  INFO 208 --- [           main] o.s.d.r.w.RepositoryRestHandlerMapping   : Mapped "{[/{repository}],methods=[GET],produces=[application/x-spring-data-compact+json || text/uri-list]}" onto public org.springframework.hateoas.Resources<?> org.springframework.data.rest.webmvc.RepositoryEntityController.getCollectionResourceCompact(org.springframework.data.rest.webmvc.RootResourceInformation,org.springframework.data.rest.webmvc.support.DefaultedPageable,org.springframework.data.domain.Sort,org.springframework.data.rest.webmvc.PersistentEntityResourceAssembler) throws org.springframework.data.rest.webmvc.ResourceNotFoundException,org.springframework.web.HttpRequestMethodNotSupportedException
2018-02-08 18:39:47.597  INFO 208 --- [           main] o.s.d.r.w.RepositoryRestHandlerMapping   : Mapped "{[/{repository}],methods=[POST],produces=[application/hal+json || application/json]}" onto public org.springframework.http.ResponseEntity<org.springframework.hateoas.ResourceSupport> org.springframework.data.rest.webmvc.RepositoryEntityController.postCollectionResource(org.springframework.data.rest.webmvc.RootResourceInformation,org.springframework.data.rest.webmvc.PersistentEntityResource,org.springframework.data.rest.webmvc.PersistentEntityResourceAssembler,java.lang.String) throws org.springframework.web.HttpRequestMethodNotSupportedException
2018-02-08 18:39:47.597  INFO 208 --- [           main] o.s.d.r.w.RepositoryRestHandlerMapping   : Mapped "{[/{repository}/{id}],methods=[OPTIONS],produces=[application/hal+json || application/json]}" onto public org.springframework.http.ResponseEntity<?> org.springframework.data.rest.webmvc.RepositoryEntityController.optionsForItemResource(org.springframework.data.rest.webmvc.RootResourceInformation)
2018-02-08 18:39:47.598  INFO 208 --- [           main] o.s.d.r.w.RepositoryRestHandlerMapping   : Mapped "{[/{repository}/{id}],methods=[HEAD],produces=[application/hal+json || application/json]}" onto public org.springframework.http.ResponseEntity<?> org.springframework.data.rest.webmvc.RepositoryEntityController.headForItemResource(org.springframework.data.rest.webmvc.RootResourceInformation,java.io.Serializable,org.springframework.data.rest.webmvc.PersistentEntityResourceAssembler) throws org.springframework.web.HttpRequestMethodNotSupportedException
2018-02-08 18:39:47.598  INFO 208 --- [           main] o.s.d.r.w.RepositoryRestHandlerMapping   : Mapped "{[/{repository}/{id}],methods=[GET],produces=[application/hal+json || application/json]}" onto public org.springframework.http.ResponseEntity<org.springframework.hateoas.Resource<?>> org.springframework.data.rest.webmvc.RepositoryEntityController.getItemResource(org.springframework.data.rest.webmvc.RootResourceInformation,java.io.Serializable,org.springframework.data.rest.webmvc.PersistentEntityResourceAssembler,org.springframework.http.HttpHeaders) throws org.springframework.web.HttpRequestMethodNotSupportedException
2018-02-08 18:39:47.599  INFO 208 --- [           main] o.s.d.r.w.RepositoryRestHandlerMapping   : Mapped "{[/{repository}/{id}],methods=[PUT],produces=[application/hal+json || application/json]}" onto public org.springframework.http.ResponseEntity<? extends org.springframework.hateoas.ResourceSupport> org.springframework.data.rest.webmvc.RepositoryEntityController.putItemResource(org.springframework.data.rest.webmvc.RootResourceInformation,org.springframework.data.rest.webmvc.PersistentEntityResource,java.io.Serializable,org.springframework.data.rest.webmvc.PersistentEntityResourceAssembler,org.springframework.data.rest.webmvc.support.ETag,java.lang.String) throws org.springframework.web.HttpRequestMethodNotSupportedException
2018-02-08 18:39:47.600  INFO 208 --- [           main] o.s.d.r.w.RepositoryRestHandlerMapping   : Mapped "{[/{repository}/{id}],methods=[PATCH],produces=[application/hal+json || application/json]}" onto public org.springframework.http.ResponseEntity<org.springframework.hateoas.ResourceSupport> org.springframework.data.rest.webmvc.RepositoryEntityController.patchItemResource(org.springframework.data.rest.webmvc.RootResourceInformation,org.springframework.data.rest.webmvc.PersistentEntityResource,java.io.Serializable,org.springframework.data.rest.webmvc.PersistentEntityResourceAssembler,org.springframework.data.rest.webmvc.support.ETag,java.lang.String) throws org.springframework.web.HttpRequestMethodNotSupportedException,org.springframework.data.rest.webmvc.ResourceNotFoundException
2018-02-08 18:39:47.600  INFO 208 --- [           main] o.s.d.r.w.RepositoryRestHandlerMapping   : Mapped "{[/{repository}/{id}],methods=[DELETE],produces=[application/hal+json || application/json]}" onto public org.springframework.http.ResponseEntity<?> org.springframework.data.rest.webmvc.RepositoryEntityController.deleteItemResource(org.springframework.data.rest.webmvc.RootResourceInformation,java.io.Serializable,org.springframework.data.rest.webmvc.support.ETag) throws org.springframework.data.rest.webmvc.ResourceNotFoundException,org.springframework.web.HttpRequestMethodNotSupportedException
2018-02-08 18:39:47.605  INFO 208 --- [           main] o.s.d.r.w.BasePathAwareHandlerMapping    : Mapped "{[/profile/{repository}],methods=[GET],produces=[application/alps+json || */*]}" onto org.springframework.http.HttpEntity<org.springframework.data.rest.webmvc.RootResourceInformation> org.springframework.data.rest.webmvc.alps.AlpsController.descriptor(org.springframework.data.rest.webmvc.RootResourceInformation)
2018-02-08 18:39:47.605  INFO 208 --- [           main] o.s.d.r.w.BasePathAwareHandlerMapping    : Mapped "{[/profile/{repository}],methods=[OPTIONS],produces=[application/alps+json]}" onto org.springframework.http.HttpEntity<?> org.springframework.data.rest.webmvc.alps.AlpsController.alpsOptions()
2018-02-08 18:39:47.606  INFO 208 --- [           main] o.s.d.r.w.BasePathAwareHandlerMapping    : Mapped "{[/profile/{repository}],methods=[GET],produces=[application/schema+json]}" onto public org.springframework.http.HttpEntity<org.springframework.data.rest.webmvc.json.JsonSchema> org.springframework.data.rest.webmvc.RepositorySchemaController.schema(org.springframework.data.rest.webmvc.RootResourceInformation)
2018-02-08 18:39:47.606  INFO 208 --- [           main] o.s.d.r.w.BasePathAwareHandlerMapping    : Mapped "{[/profile],methods=[GET]}" onto org.springframework.http.HttpEntity<org.springframework.hateoas.ResourceSupport> org.springframework.data.rest.webmvc.ProfileController.listAllFormsOfMetadata()
2018-02-08 18:39:47.606  INFO 208 --- [           main] o.s.d.r.w.BasePathAwareHandlerMapping    : Mapped "{[/profile],methods=[OPTIONS]}" onto public org.springframework.http.HttpEntity<?> org.springframework.data.rest.webmvc.ProfileController.profileOptions()
2018-02-08 18:39:47.926  INFO 208 --- [           main] s.b.c.e.t.TomcatEmbeddedServletContainer : Tomcat started on port(s): 41064 (http)
2018-02-08 18:39:47.935  INFO 208 --- [           main] Hello.ApplicationTest                    : Started ApplicationTest in 7.372 seconds (JVM running for 8.292)
2018-02-08 18:39:48.177  INFO 208 --- [o-auto-1-exec-1] o.a.c.c.C.[Tomcat].[localhost].[/]       : Initializing Spring FrameworkServlet 'dispatcherServlet'
2018-02-08 18:39:48.178  INFO 208 --- [o-auto-1-exec-1] o.s.web.servlet.DispatcherServlet        : FrameworkServlet 'dispatcherServlet': initialization started
2018-02-08 18:39:48.198  INFO 208 --- [o-auto-1-exec-1] o.s.web.servlet.DispatcherServlet        : FrameworkServlet 'dispatcherServlet': initialization completed in 20 ms
2018-02-08 18:39:48.388  INFO 208 --- [           main] o.h.h.i.QueryTranslatorFactoryInitiator  : HHH000397: Using ASTQueryTranslatorFactory
]]></system-out>
  </testcase>
</testsuite>