<?xml version="1.0" encoding="UTF-8"?>
<testsuite xmlns:xsi="http://www.w3.org/2001/XMLSchema-instance" xsi:noNamespaceSchemaLocation="https://maven.apache.org/surefire/maven-surefire-plugin/xsd/surefire-test-report.xsd" name="jmri.jmrit.symbolicprog.tabbedframe.SchemaTest" time="3.803" tests="24" errors="0" skipped="0" failures="0">
  <properties>
    <property name="java.runtime.name" value="OpenJDK Runtime Environment"/>
    <property name="sun.boot.library.path" value="/usr/lib/jvm/java-8-openjdk-amd64/jre/lib/amd64"/>
    <property name="java.vm.version" value="25.121-b13"/>
    <property name="java.vm.vendor" value="Oracle Corporation"/>
    <property name="maven.multiModuleProjectDirectory" value="/root/workspace/JMRI/JMRI/385995027"/>
    <property name="java.vendor.url" value="http://java.oracle.com/"/>
    <property name="path.separator" value=":"/>
    <property name="guice.disable.misplaced.annotation.check" value="true"/>
    <property name="skip.gulp" value="true"/>
    <property name="java.vm.name" value="OpenJDK 64-Bit Server VM"/>
    <property name="file.encoding.pkg" value="sun.io"/>
    <property name="sun.java.launcher" value="SUN_STANDARD"/>
    <property name="sun.os.patch.level" value="unknown"/>
    <property name="findbugs.skip" value="true"/>
    <property name="java.vm.specification.name" value="Java Virtual Machine Specification"/>
    <property name="user.dir" value="/root/workspace/JMRI/JMRI/385995027"/>
    <property name="checkstyle.skip" value="true"/>
    <property name="java.runtime.version" value="1.8.0_121-8u121-b13-1~bpo8+1-b13"/>
    <property name="java.awt.graphicsenv" value="sun.awt.X11GraphicsEnvironment"/>
    <property name="skip.npm" value="true"/>
    <property name="java.endorsed.dirs" value="/usr/lib/jvm/java-8-openjdk-amd64/jre/lib/endorsed"/>
    <property name="os.arch" value="amd64"/>
    <property name="java.io.tmpdir" value="/tmp"/>
    <property name="gpg.skip" value="true"/>
    <property name="line.separator" value="&#10;"/>
    <property name="java.vm.specification.vendor" value="Oracle Corporation"/>
    <property name="cobertura.skip" value="true"/>
    <property name="os.name" value="Linux"/>
    <property name="classworlds.conf" value="/usr/share/maven/bin/m2.conf"/>
    <property name="sun.jnu.encoding" value="UTF-8"/>
    <property name="java.library.path" value="/usr/java/packages/lib/amd64:/usr/lib/x86_64-linux-gnu/jni:/lib/x86_64-linux-gnu:/usr/lib/x86_64-linux-gnu:/usr/lib/jni:/lib:/usr/lib"/>
    <property name="license.skip" value="true"/>
    <property name="java.specification.name" value="Java Platform API Specification"/>
    <property name="java.class.version" value="52.0"/>
    <property name="sun.management.compiler" value="HotSpot 64-Bit Tiered Compilers"/>
    <property name="skip.bower" value="true"/>
    <property name="maven.repo.local" value="/root/./workspace/JMRI/JMRI/385995027/.m2"/>
    <property name="os.version" value="3.10.0-862.2.3.el7.x86_64"/>
    <property name="user.home" value="/root"/>
    <property name="user.timezone" value="Europe/Paris"/>
    <property name="java.awt.printerjob" value="sun.print.PSPrinterJob"/>
    <property name="java.specification.version" value="1.8"/>
    <property name="file.encoding" value="UTF-8"/>
    <property name="user.name" value="root"/>
    <property name="java.class.path" value="/usr/share/maven/boot/plexus-classworlds-2.5.2.jar"/>
    <property name="skipITs" value="true"/>
    <property name="java.vm.specification.version" value="1.8"/>
    <property name="sun.arch.data.model" value="64"/>
    <property name="java.home" value="/usr/lib/jvm/java-8-openjdk-amd64/jre"/>
    <property name="sun.java.command" value="org.codehaus.plexus.classworlds.launcher.Launcher -B -D enforcer.skip=true -D dependency-check.skip=true -D skipITs=true -D cobertura.skip=true -D maven.repo.local=/root/./workspace/JMRI/JMRI/385995027/.m2 -D rat.skip=true -D findbugs.skip=true -D skip.bower=true -D gpg.skip=true -D checkstyle.skip=true -D skip.gulp=true -D license.skip=true -D skip.npm=true test"/>
    <property name="java.specification.vendor" value="Oracle Corporation"/>
    <property name="user.language" value="en"/>
    <property name="awt.toolkit" value="sun.awt.X11.XToolkit"/>
    <property name="dependency-check.skip" value="true"/>
    <property name="java.vm.info" value="mixed mode"/>
    <property name="java.version" value="1.8.0_121"/>
    <property name="java.ext.dirs" value="/usr/lib/jvm/java-8-openjdk-amd64/jre/lib/ext:/usr/java/packages/lib/ext"/>
    <property name="securerandom.source" value="file:/dev/./urandom"/>
    <property name="sun.boot.class.path" value="/usr/lib/jvm/java-8-openjdk-amd64/jre/lib/resources.jar:/usr/lib/jvm/java-8-openjdk-amd64/jre/lib/rt.jar:/usr/lib/jvm/java-8-openjdk-amd64/jre/lib/sunrsasign.jar:/usr/lib/jvm/java-8-openjdk-amd64/jre/lib/jsse.jar:/usr/lib/jvm/java-8-openjdk-amd64/jre/lib/jce.jar:/usr/lib/jvm/java-8-openjdk-amd64/jre/lib/charsets.jar:/usr/lib/jvm/java-8-openjdk-amd64/jre/lib/jfr.jar:/usr/lib/jvm/java-8-openjdk-amd64/jre/classes"/>
    <property name="java.vendor" value="Oracle Corporation"/>
    <property name="enforcer.skip" value="true"/>
    <property name="rat.skip" value="true"/>
    <property name="maven.home" value="/usr/share/maven"/>
    <property name="file.separator" value="/"/>
    <property name="java.vendor.url.bug" value="http://bugreport.sun.com/bugreport/"/>
    <property name="sun.cpu.endian" value="little"/>
    <property name="sun.io.unicode.encoding" value="UnicodeLittle"/>
    <property name="sun.cpu.isalist" value=""/>
  </properties>
  <testcase name="validate[xml/programmers/dp3/ThrottleLabels.xml (pass=true)]" classname="jmri.jmrit.symbolicprog.tabbedframe.SchemaTest" time="0.238"/>
  <testcase name="validate[xml/programmers/dp3/MediaPane.xml (pass=true)]" classname="jmri.jmrit.symbolicprog.tabbedframe.SchemaTest" time="0.14"/>
  <testcase name="validate[xml/programmers/Basic.xml (pass=true)]" classname="jmri.jmrit.symbolicprog.tabbedframe.SchemaTest" time="0.171"/>
  <testcase name="validate[xml/programmers/Tutorial.xml (pass=true)]" classname="jmri.jmrit.symbolicprog.tabbedframe.SchemaTest" time="0.178"/>
  <testcase name="validate[xml/programmers/parts/SpeedTablePane.xml (pass=true)]" classname="jmri.jmrit.symbolicprog.tabbedframe.SchemaTest" time="0.141"/>
  <testcase name="validate[xml/programmers/parts/BasicPane.xml (pass=true)]" classname="jmri.jmrit.symbolicprog.tabbedframe.SchemaTest" time="0.178"/>
  <testcase name="validate[xml/programmers/parts/FunctionMapPane.xml (pass=true)]" classname="jmri.jmrit.symbolicprog.tabbedframe.SchemaTest" time="0.165"/>
  <testcase name="validate[xml/programmers/parts/AdvancedPane.xml (pass=true)]" classname="jmri.jmrit.symbolicprog.tabbedframe.SchemaTest" time="0.167"/>
  <testcase name="validate[xml/programmers/parts/MotorPane.xml (pass=true)]" classname="jmri.jmrit.symbolicprog.tabbedframe.SchemaTest" time="0.182"/>
  <testcase name="validate[xml/programmers/parts/LightsPane.xml (pass=true)]" classname="jmri.jmrit.symbolicprog.tabbedframe.SchemaTest" time="0.138"/>
  <testcase name="validate[xml/programmers/parts/BasicSpeedControlPane.xml (pass=true)]" classname="jmri.jmrit.symbolicprog.tabbedframe.SchemaTest" time="0.163"/>
  <testcase name="validate[xml/programmers/parts/CVsPane.xml (pass=true)]" classname="jmri.jmrit.symbolicprog.tabbedframe.SchemaTest" time="0.131"/>
  <testcase name="validate[xml/programmers/parts/AnalogControlsPane.xml (pass=true)]" classname="jmri.jmrit.symbolicprog.tabbedframe.SchemaTest" time="0.158"/>
  <testcase name="validate[xml/programmers/parts/SoundLevelsPane.xml (pass=true)]" classname="jmri.jmrit.symbolicprog.tabbedframe.SchemaTest" time="0.149"/>
  <testcase name="validate[xml/programmers/parts/SoundPane.xml (pass=true)]" classname="jmri.jmrit.symbolicprog.tabbedframe.SchemaTest" time="0.14"/>
  <testcase name="validate[xml/programmers/parts/ConsistPane.xml (pass=true)]" classname="jmri.jmrit.symbolicprog.tabbedframe.SchemaTest" time="0.156"/>
  <testcase name="validate[xml/programmers/Custom.xml (pass=true)]" classname="jmri.jmrit.symbolicprog.tabbedframe.SchemaTest" time="0.132"/>
  <testcase name="validate[xml/programmers/Zimo.xml (pass=true)]" classname="jmri.jmrit.symbolicprog.tabbedframe.SchemaTest" time="0.144"/>
  <testcase name="validate[xml/programmers/ESU.xml (pass=true)]" classname="jmri.jmrit.symbolicprog.tabbedframe.SchemaTest" time="0.14"/>
  <testcase name="validate[xml/programmers/Registers.xml (pass=true)]" classname="jmri.jmrit.symbolicprog.tabbedframe.SchemaTest" time="0.14"/>
  <testcase name="validate[xml/programmers/Advanced.xml (pass=true)]" classname="jmri.jmrit.symbolicprog.tabbedframe.SchemaTest" time="0.207"/>
  <testcase name="validate[xml/programmers/Sample Club.xml (pass=true)]" classname="jmri.jmrit.symbolicprog.tabbedframe.SchemaTest" time="0.136"/>
  <testcase name="validate[xml/programmers/Comprehensive.xml (pass=true)]" classname="jmri.jmrit.symbolicprog.tabbedframe.SchemaTest" time="0.166"/>
  <testcase name="validate[xml/programmers/TrainShowBasic.xml (pass=true)]" classname="jmri.jmrit.symbolicprog.tabbedframe.SchemaTest" time="0.132"/>
</testsuite>