<?xml version="1.0" encoding="UTF-8" ?>
<testsuite tests="65" failures="0" name="org.aludratest.service.file.LocalFileServiceTest" time="32.199" errors="0" skipped="0">
  <properties>
    <property name="java.runtime.name" value="OpenJDK Runtime Environment"/>
    <property name="sun.boot.library.path" value="/usr/lib/jvm/java-8-openjdk-amd64/jre/lib/amd64"/>
    <property name="java.vm.version" value="25.121-b13"/>
    <property name="java.vm.vendor" value="Oracle Corporation"/>
    <property name="maven.multiModuleProjectDirectory" value="/root/workspace/AludraTest/aludratest/384715007"/>
    <property name="java.vendor.url" value="http://java.oracle.com/"/>
    <property name="path.separator" value=":"/>
    <property name="guice.disable.misplaced.annotation.check" value="true"/>
    <property name="skip.gulp" value="true"/>
    <property name="java.vm.name" value="OpenJDK 64-Bit Server VM"/>
    <property name="file.encoding.pkg" value="sun.io"/>
    <property name="sun.java.launcher" value="SUN_STANDARD"/>
    <property name="sun.os.patch.level" value="unknown"/>
    <property name="findbugs.skip" value="true"/>
    <property name="java.vm.specification.name" value="Java Virtual Machine Specification"/>
    <property name="user.dir" value="/root/workspace/AludraTest/aludratest/384715007"/>
    <property name="checkstyle.skip" value="true"/>
    <property name="java.runtime.version" value="1.8.0_121-8u121-b13-1~bpo8+1-b13"/>
    <property name="java.awt.graphicsenv" value="sun.awt.X11GraphicsEnvironment"/>
    <property name="skip.npm" value="true"/>
    <property name="java.endorsed.dirs" value="/usr/lib/jvm/java-8-openjdk-amd64/jre/lib/endorsed"/>
    <property name="os.arch" value="amd64"/>
    <property name="java.io.tmpdir" value="/tmp"/>
    <property name="gpg.skip" value="true"/>
    <property name="line.separator" value="
"/>
    <property name="java.vm.specification.vendor" value="Oracle Corporation"/>
    <property name="cobertura.skip" value="true"/>
    <property name="os.name" value="Linux"/>
    <property name="classworlds.conf" value="/usr/share/maven/bin/m2.conf"/>
    <property name="sun.jnu.encoding" value="UTF-8"/>
    <property name="java.library.path" value="/usr/java/packages/lib/amd64:/usr/lib/x86_64-linux-gnu/jni:/lib/x86_64-linux-gnu:/usr/lib/x86_64-linux-gnu:/usr/lib/jni:/lib:/usr/lib"/>
    <property name="license.skip" value="true"/>
    <property name="java.specification.name" value="Java Platform API Specification"/>
    <property name="java.class.version" value="52.0"/>
    <property name="sun.management.compiler" value="HotSpot 64-Bit Tiered Compilers"/>
    <property name="skip.bower" value="true"/>
    <property name="maven.repo.local" value="/root/./workspace/AludraTest/aludratest/384715007/.m2"/>
    <property name="os.version" value="3.10.0-862.2.3.el7.x86_64"/>
    <property name="user.home" value="/root"/>
    <property name="user.timezone" value="Europe/Paris"/>
    <property name="java.awt.printerjob" value="sun.print.PSPrinterJob"/>
    <property name="java.specification.version" value="1.8"/>
    <property name="file.encoding" value="UTF-8"/>
    <property name="user.name" value="root"/>
    <property name="java.class.path" value="/usr/share/maven/boot/plexus-classworlds-2.5.2.jar"/>
    <property name="skipITs" value="true"/>
    <property name="java.vm.specification.version" value="1.8"/>
    <property name="sun.arch.data.model" value="64"/>
    <property name="java.home" value="/usr/lib/jvm/java-8-openjdk-amd64/jre"/>
    <property name="sun.java.command" value="org.codehaus.plexus.classworlds.launcher.Launcher -B -D enforcer.skip=true -D dependency-check.skip=true -D skipITs=true -D cobertura.skip=true -D maven.repo.local=/root/./workspace/AludraTest/aludratest/384715007/.m2 -D rat.skip=true -D findbugs.skip=true -D skip.bower=true -D gpg.skip=true -D checkstyle.skip=true -D skip.gulp=true -D license.skip=true -D skip.npm=true test"/>
    <property name="java.specification.vendor" value="Oracle Corporation"/>
    <property name="user.language" value="en"/>
    <property name="awt.toolkit" value="sun.awt.X11.XToolkit"/>
    <property name="dependency-check.skip" value="true"/>
    <property name="java.vm.info" value="mixed mode"/>
    <property name="java.version" value="1.8.0_121"/>
    <property name="java.ext.dirs" value="/usr/lib/jvm/java-8-openjdk-amd64/jre/lib/ext:/usr/java/packages/lib/ext"/>
    <property name="securerandom.source" value="file:/dev/./urandom"/>
    <property name="sun.boot.class.path" value="/usr/lib/jvm/java-8-openjdk-amd64/jre/lib/resources.jar:/usr/lib/jvm/java-8-openjdk-amd64/jre/lib/rt.jar:/usr/lib/jvm/java-8-openjdk-amd64/jre/lib/sunrsasign.jar:/usr/lib/jvm/java-8-openjdk-amd64/jre/lib/jsse.jar:/usr/lib/jvm/java-8-openjdk-amd64/jre/lib/jce.jar:/usr/lib/jvm/java-8-openjdk-amd64/jre/lib/charsets.jar:/usr/lib/jvm/java-8-openjdk-amd64/jre/lib/jfr.jar:/usr/lib/jvm/java-8-openjdk-amd64/jre/classes"/>
    <property name="java.vendor" value="Oracle Corporation"/>
    <property name="enforcer.skip" value="true"/>
    <property name="rat.skip" value="true"/>
    <property name="maven.home" value="/usr/share/maven"/>
    <property name="file.separator" value="/"/>
    <property name="java.vendor.url.bug" value="http://bugreport.sun.com/bugreport/"/>
    <property name="sun.cpu.endian" value="little"/>
    <property name="sun.io.unicode.encoding" value="UnicodeLittle"/>
    <property name="sun.cpu.isalist" value=""/>
  </properties>
  <testcase classname="org.aludratest.service.file.LocalFileServiceTest" name="testGetChildren_noPath" time="0.029"/>
  <testcase classname="org.aludratest.service.file.LocalFileServiceTest" name="testWaitForFirstMatch_preexistent" time="0.045"/>
  <testcase classname="org.aludratest.service.file.LocalFileServiceTest" name="testAssertPresence_noPath" time="0.027"/>
  <testcase classname="org.aludratest.service.file.LocalFileServiceTest" name="testDelete_file" time="0.034"/>
  <testcase classname="org.aludratest.service.file.LocalFileServiceTest" name="testReadTextFile_utf8" time="0.043"/>
  <testcase classname="org.aludratest.service.file.LocalFileServiceTest" name="testWriteBinaryFile" time="0.048"/>
  <testcase classname="org.aludratest.service.file.LocalFileServiceTest" name="testWaitForFirstMatch_noPath" time="0.04"/>
  <testcase classname="org.aludratest.service.file.LocalFileServiceTest" name="testWaitUntilExists_failure" time="8.039"/>
  <testcase classname="org.aludratest.service.file.LocalFileServiceTest" name="testAssertContentMatches_functionalFailure" time="0.029"/>
  <testcase classname="org.aludratest.service.file.LocalFileServiceTest" name="testAssertAbsence_failure" time="0.034"/>
  <testcase classname="org.aludratest.service.file.LocalFileServiceTest" name="testCreateDirectory_subfolder" time="0.028"/>
  <testcase classname="org.aludratest.service.file.LocalFileServiceTest" name="testWaitUntilNotExists_noPath" time="0.027"/>
  <testcase classname="org.aludratest.service.file.LocalFileServiceTest" name="testCopy_folder" time="0.049"/>
  <testcase classname="org.aludratest.service.file.LocalFileServiceTest" name="testCreateDirectory_root" time="0.028"/>
  <testcase classname="org.aludratest.service.file.LocalFileServiceTest" name="testReadTextFile" time="0.023"/>
  <testcase classname="org.aludratest.service.file.LocalFileServiceTest" name="testWaitForFirstMatch_failure" time="8.023"/>
  <testcase classname="org.aludratest.service.file.LocalFileServiceTest" name="testIsDirectory_true" time="0.031"/>
  <testcase classname="org.aludratest.service.file.LocalFileServiceTest" name="testWaitUntilExists_noPath" time="0.027"/>
  <testcase classname="org.aludratest.service.file.LocalFileServiceTest" name="testReadBinaryFile" time="0.021"/>
  <testcase classname="org.aludratest.service.file.LocalFileServiceTest" name="testMove_noSourcePath" time="0.032"/>
  <testcase classname="org.aludratest.service.file.LocalFileServiceTest" name="testMove_file_noOverwrite_previousFile" time="0.042"/>
  <testcase classname="org.aludratest.service.file.LocalFileServiceTest" name="testAssertContentMatches_success" time="0.025"/>
  <testcase classname="org.aludratest.service.file.LocalFileServiceTest" name="testAssertPresence_success" time="0.032"/>
  <testcase classname="org.aludratest.service.file.LocalFileServiceTest" name="testWriteTextFile" time="0.042"/>
  <testcase classname="org.aludratest.service.file.LocalFileServiceTest" name="testCopy_file_noOverwrite_previousFile" time="0.045"/>
  <testcase classname="org.aludratest.service.file.LocalFileServiceTest" name="testGetChildren_root" time="0.04"/>
  <testcase classname="org.aludratest.service.file.LocalFileServiceTest" name="testWriteTextFile_noPath" time="0.04"/>
  <testcase classname="org.aludratest.service.file.LocalFileServiceTest" name="testIsDirectory_noPath" time="0.041"/>
  <testcase classname="org.aludratest.service.file.LocalFileServiceTest" name="testWaitUntilNotExists_delayed" time="2.057"/>
  <testcase classname="org.aludratest.service.file.LocalFileServiceTest" name="testMove_folder" time="0.048"/>
  <testcase classname="org.aludratest.service.file.LocalFileServiceTest" name="testWaitUntilExists_preexisting" time="0.028"/>
  <testcase classname="org.aludratest.service.file.LocalFileServiceTest" name="testAssertAbsense_noPath" time="0.028"/>
  <testcase classname="org.aludratest.service.file.LocalFileServiceTest" name="testReadBinaryFile_noPath" time="0.023"/>
  <testcase classname="org.aludratest.service.file.LocalFileServiceTest" name="testCopy_file_overwrite_previousFile" time="0.027"/>
  <testcase classname="org.aludratest.service.file.LocalFileServiceTest" name="testAssertPresence_failure" time="0.024"/>
  <testcase classname="org.aludratest.service.file.LocalFileServiceTest" name="testWaitUntilNotExists_nonexisting" time="0.024"/>
  <testcase classname="org.aludratest.service.file.LocalFileServiceTest" name="testMove_file_overwrite_previousFile" time="0.025"/>
  <testcase classname="org.aludratest.service.file.LocalFileServiceTest" name="testWriteBinaryFile_preexisting" time="0.025"/>
  <testcase classname="org.aludratest.service.file.LocalFileServiceTest" name="testWriteBinaryFile_noPath" time="0.026"/>
  <testcase classname="org.aludratest.service.file.LocalFileServiceTest" name="testGetChildren_filter_noPath" time="0.026"/>
  <testcase classname="org.aludratest.service.file.LocalFileServiceTest" name="testMove_noTargetPath" time="0.026"/>
  <testcase classname="org.aludratest.service.file.LocalFileServiceTest" name="testIsDirectory_false" time="0.026"/>
  <testcase classname="org.aludratest.service.file.LocalFileServiceTest" name="testCopy_noSourcePath" time="0.026"/>
  <testcase classname="org.aludratest.service.file.LocalFileServiceTest" name="testReadTextFile_noPath" time="0.025"/>
  <testcase classname="org.aludratest.service.file.LocalFileServiceTest" name="testCreateDirectory_noPath" time="0.026"/>
  <testcase classname="org.aludratest.service.file.LocalFileServiceTest" name="testWaitUntilNotExists_failure" time="8.024"/>
  <testcase classname="org.aludratest.service.file.LocalFileServiceTest" name="testExists_noPath" time="0.041"/>
  <testcase classname="org.aludratest.service.file.LocalFileServiceTest" name="testWaitUntilExists_delayed" time="2.029"/>
  <testcase classname="org.aludratest.service.file.LocalFileServiceTest" name="testMove_file_overwrite_noPreviousFile" time="0.024"/>
  <testcase classname="org.aludratest.service.file.LocalFileServiceTest" name="testGetChildren_regex_noPath" time="0.027"/>
  <testcase classname="org.aludratest.service.file.LocalFileServiceTest" name="testCopy_file_noOverwrite_noPreviousFile" time="0.033"/>
  <testcase classname="org.aludratest.service.file.LocalFileServiceTest" name="testWaitForFirstMatch_delayed" time="2.039"/>
  <testcase classname="org.aludratest.service.file.LocalFileServiceTest" name="testCopy_file_overwrite_noPreviousFile" time="0.051"/>
  <testcase classname="org.aludratest.service.file.LocalFileServiceTest" name="testWriteTextFile_emptyFile" time="0.045"/>
  <testcase classname="org.aludratest.service.file.LocalFileServiceTest" name="testExists_true" time="0.042"/>
  <testcase classname="org.aludratest.service.file.LocalFileServiceTest" name="testDelete_folder" time="0.042"/>
  <testcase classname="org.aludratest.service.file.LocalFileServiceTest" name="testExists_false" time="0.039"/>
  <testcase classname="org.aludratest.service.file.LocalFileServiceTest" name="testWaitForFirstMatch_noFilter" time="0.091"/>
  <testcase classname="org.aludratest.service.file.LocalFileServiceTest" name="testDelete_noPath" time="0.04"/>
  <testcase classname="org.aludratest.service.file.LocalFileServiceTest" name="testMove_file_noOverwrite_noPreviousFile" time="0.035"/>
  <testcase classname="org.aludratest.service.file.LocalFileServiceTest" name="testAssertContentMatches_automationException" time="0.035"/>
  <testcase classname="org.aludratest.service.file.LocalFileServiceTest" name="testGetChildren_regex" time="0.03"/>
  <testcase classname="org.aludratest.service.file.LocalFileServiceTest" name="testAssertAbsence_success" time="0.024"/>
  <testcase classname="org.aludratest.service.file.LocalFileServiceTest" name="testGetChildren_subfolder" time="0.028"/>
  <testcase classname="org.aludratest.service.file.LocalFileServiceTest" name="testCopy_noTargetPath" time="0.026"/>
</testsuite>