<?xml version="1.0" encoding="UTF-8"?>
<testsuite xmlns:xsi="http://www.w3.org/2001/XMLSchema-instance" xsi:noNamespaceSchemaLocation="https://maven.apache.org/surefire/maven-surefire-plugin/xsd/surefire-test-report.xsd" name="jmri.jmrit.decoderdefn.SchemaTest" time="267.27" tests="1479" errors="0" skipped="0" failures="0">
  <properties>
    <property name="java.runtime.name" value="OpenJDK Runtime Environment"/>
    <property name="sun.boot.library.path" value="/usr/lib/jvm/java-8-openjdk-amd64/jre/lib/amd64"/>
    <property name="java.vm.version" value="25.121-b13"/>
    <property name="java.vm.vendor" value="Oracle Corporation"/>
    <property name="maven.multiModuleProjectDirectory" value="/root/workspace/JMRI/JMRI/384832039"/>
    <property name="java.vendor.url" value="http://java.oracle.com/"/>
    <property name="path.separator" value=":"/>
    <property name="guice.disable.misplaced.annotation.check" value="true"/>
    <property name="skip.gulp" value="true"/>
    <property name="java.vm.name" value="OpenJDK 64-Bit Server VM"/>
    <property name="file.encoding.pkg" value="sun.io"/>
    <property name="sun.java.launcher" value="SUN_STANDARD"/>
    <property name="sun.os.patch.level" value="unknown"/>
    <property name="findbugs.skip" value="true"/>
    <property name="java.vm.specification.name" value="Java Virtual Machine Specification"/>
    <property name="user.dir" value="/root/workspace/JMRI/JMRI/384832039"/>
    <property name="checkstyle.skip" value="true"/>
    <property name="java.runtime.version" value="1.8.0_121-8u121-b13-1~bpo8+1-b13"/>
    <property name="java.awt.graphicsenv" value="sun.awt.X11GraphicsEnvironment"/>
    <property name="skip.npm" value="true"/>
    <property name="java.endorsed.dirs" value="/usr/lib/jvm/java-8-openjdk-amd64/jre/lib/endorsed"/>
    <property name="os.arch" value="amd64"/>
    <property name="java.io.tmpdir" value="/tmp"/>
    <property name="gpg.skip" value="true"/>
    <property name="line.separator" value="&#10;"/>
    <property name="java.vm.specification.vendor" value="Oracle Corporation"/>
    <property name="cobertura.skip" value="true"/>
    <property name="os.name" value="Linux"/>
    <property name="classworlds.conf" value="/usr/share/maven/bin/m2.conf"/>
    <property name="sun.jnu.encoding" value="UTF-8"/>
    <property name="java.library.path" value="/usr/java/packages/lib/amd64:/usr/lib/x86_64-linux-gnu/jni:/lib/x86_64-linux-gnu:/usr/lib/x86_64-linux-gnu:/usr/lib/jni:/lib:/usr/lib"/>
    <property name="license.skip" value="true"/>
    <property name="java.specification.name" value="Java Platform API Specification"/>
    <property name="java.class.version" value="52.0"/>
    <property name="sun.management.compiler" value="HotSpot 64-Bit Tiered Compilers"/>
    <property name="skip.bower" value="true"/>
    <property name="maven.repo.local" value="/root/./workspace/JMRI/JMRI/384832039/.m2"/>
    <property name="os.version" value="3.10.0-862.2.3.el7.x86_64"/>
    <property name="user.home" value="/root"/>
    <property name="user.timezone" value="Europe/Paris"/>
    <property name="java.awt.printerjob" value="sun.print.PSPrinterJob"/>
    <property name="java.specification.version" value="1.8"/>
    <property name="file.encoding" value="UTF-8"/>
    <property name="user.name" value="root"/>
    <property name="java.class.path" value="/usr/share/maven/boot/plexus-classworlds-2.5.2.jar"/>
    <property name="skipITs" value="true"/>
    <property name="java.vm.specification.version" value="1.8"/>
    <property name="sun.arch.data.model" value="64"/>
    <property name="java.home" value="/usr/lib/jvm/java-8-openjdk-amd64/jre"/>
    <property name="sun.java.command" value="org.codehaus.plexus.classworlds.launcher.Launcher -B -D enforcer.skip=true -D dependency-check.skip=true -D skipITs=true -D cobertura.skip=true -D maven.repo.local=/root/./workspace/JMRI/JMRI/384832039/.m2 -D rat.skip=true -D findbugs.skip=true -D skip.bower=true -D gpg.skip=true -D checkstyle.skip=true -D skip.gulp=true -D license.skip=true -D skip.npm=true test"/>
    <property name="java.specification.vendor" value="Oracle Corporation"/>
    <property name="user.language" value="en"/>
    <property name="awt.toolkit" value="sun.awt.X11.XToolkit"/>
    <property name="dependency-check.skip" value="true"/>
    <property name="java.vm.info" value="mixed mode"/>
    <property name="java.version" value="1.8.0_121"/>
    <property name="java.ext.dirs" value="/usr/lib/jvm/java-8-openjdk-amd64/jre/lib/ext:/usr/java/packages/lib/ext"/>
    <property name="securerandom.source" value="file:/dev/./urandom"/>
    <property name="sun.boot.class.path" value="/usr/lib/jvm/java-8-openjdk-amd64/jre/lib/resources.jar:/usr/lib/jvm/java-8-openjdk-amd64/jre/lib/rt.jar:/usr/lib/jvm/java-8-openjdk-amd64/jre/lib/sunrsasign.jar:/usr/lib/jvm/java-8-openjdk-amd64/jre/lib/jsse.jar:/usr/lib/jvm/java-8-openjdk-amd64/jre/lib/jce.jar:/usr/lib/jvm/java-8-openjdk-amd64/jre/lib/charsets.jar:/usr/lib/jvm/java-8-openjdk-amd64/jre/lib/jfr.jar:/usr/lib/jvm/java-8-openjdk-amd64/jre/classes"/>
    <property name="java.vendor" value="Oracle Corporation"/>
    <property name="enforcer.skip" value="true"/>
    <property name="rat.skip" value="true"/>
    <property name="maven.home" value="/usr/share/maven"/>
    <property name="file.separator" value="/"/>
    <property name="java.vendor.url.bug" value="http://bugreport.sun.com/bugreport/"/>
    <property name="sun.cpu.endian" value="little"/>
    <property name="sun.io.unicode.encoding" value="UnicodeLittle"/>
    <property name="sun.cpu.isalist" value=""/>
  </properties>
  <testcase name="validate[java/test/jmri/jmrit/decoderdefn/pass/DecoderWithQualifier.xml (pass=true)]" classname="jmri.jmrit.decoderdefn.SchemaTest" time="0.172"/>
  <testcase name="validate[java/test/jmri/jmrit/decoderdefn/pass/VariableLabelAtBack.xml (pass=true)]" classname="jmri.jmrit.decoderdefn.SchemaTest" time="0.163"/>
  <testcase name="validate[java/test/jmri/jmrit/decoderdefn/pass/ConstantLabelMultipleLanguages.xml (pass=true)]" classname="jmri.jmrit.decoderdefn.SchemaTest" time="0.139"/>
  <testcase name="validate[java/test/jmri/jmrit/decoderdefn/pass/VariableLabelMultipleLanguages.xml (pass=true)]" classname="jmri.jmrit.decoderdefn.SchemaTest" time="0.166"/>
  <testcase name="validate[java/test/jmri/jmrit/decoderdefn/fail/VariableLabelDuplicateDefault.xml (pass=false)]" classname="jmri.jmrit.decoderdefn.SchemaTest" time="0.097"/>
  <testcase name="validate[java/test/jmri/jmrit/decoderdefn/fail/OutputLabelDuplicateDefault.xml (pass=false)]" classname="jmri.jmrit.decoderdefn.SchemaTest" time="0.118"/>
  <testcase name="validate[java/test/jmri/jmrit/decoderdefn/fail/VariableLabelAtFront.xml (pass=false)]" classname="jmri.jmrit.decoderdefn.SchemaTest" time="0.116"/>
  <testcase name="validate[java/test/jmri/jmrit/decoderdefn/fail/FactResetLabelDuplicateDefault.xml (pass=false)]" classname="jmri.jmrit.decoderdefn.SchemaTest" time="0.094"/>
  <testcase name="validate[java/test/jmri/jmrit/decoderdefn/fail/FactResetDuplicateI18N.xml (pass=false)]" classname="jmri.jmrit.decoderdefn.SchemaTest" time="0.114"/>
  <testcase name="validate[java/test/jmri/jmrit/decoderdefn/fail/ConstantLabelDuplicateDefault.xml (pass=false)]" classname="jmri.jmrit.decoderdefn.SchemaTest" time="0.095"/>
  <testcase name="validate[java/test/jmri/jmrit/decoderdefn/fail/VariableLabelDuplicateI18N.xml (pass=false)]" classname="jmri.jmrit.decoderdefn.SchemaTest" time="0.139"/>
  <testcase name="validate[java/test/jmri/jmrit/decoderdefn/fail/OutputLabelDuplicateI18N.xml (pass=false)]" classname="jmri.jmrit.decoderdefn.SchemaTest" time="0.094"/>
  <testcase name="validate[java/test/jmri/jmrit/decoderdefn/fail/ConstantLabelDuplicateI18N.xml (pass=false)]" classname="jmri.jmrit.decoderdefn.SchemaTest" time="0.104"/>
  <testcase name="validate[xml/decoders/soundtraxx/TSU2userId.xml (pass=true)]" classname="jmri.jmrit.decoderdefn.SchemaTest" time="0.14"/>
  <testcase name="validate[xml/decoders/soundtraxx/ECOenumEQ.xml (pass=true)]" classname="jmri.jmrit.decoderdefn.SchemaTest" time="0.175"/>
  <testcase name="validate[xml/decoders/soundtraxx/TSUPaneASCsoundcar.xml (pass=true)]" classname="jmri.jmrit.decoderdefn.SchemaTest" time="0.199"/>
  <testcase name="validate[xml/decoders/soundtraxx/TSUenumBraking.xml (pass=true)]" classname="jmri.jmrit.decoderdefn.SchemaTest" time="0.174"/>
  <testcase name="validate[xml/decoders/soundtraxx/ECOPaneID.xml (pass=true)]" classname="jmri.jmrit.decoderdefn.SchemaTest" time="0.142"/>
  <testcase name="validate[xml/decoders/soundtraxx/PxPaneDC.xml (pass=true)]" classname="jmri.jmrit.decoderdefn.SchemaTest" time="0.166"/>
  <testcase name="validate[xml/decoders/soundtraxx/OEMAthearnCV.xml (pass=true)]" classname="jmri.jmrit.decoderdefn.SchemaTest" time="0.271"/>
  <testcase name="validate[xml/decoders/soundtraxx/TSU2CVLightEffect.xml (pass=true)]" classname="jmri.jmrit.decoderdefn.SchemaTest" time="0.135"/>
  <testcase name="validate[xml/decoders/soundtraxx/ECOSoundPane.xml (pass=true)]" classname="jmri.jmrit.decoderdefn.SchemaTest" time="0.137"/>
  <testcase name="validate[xml/decoders/soundtraxx/ECOenumDieselBellAthearn.xml (pass=true)]" classname="jmri.jmrit.decoderdefn.SchemaTest" time="0.13"/>
  <testcase name="validate[xml/decoders/soundtraxx/ECOCVanalogF13-28.xml (pass=true)]" classname="jmri.jmrit.decoderdefn.SchemaTest" time="0.145"/>
  <testcase name="validate[xml/decoders/soundtraxx/TSUenumCV29Address.xml (pass=true)]" classname="jmri.jmrit.decoderdefn.SchemaTest" time="0.13"/>
  <testcase name="validate[xml/decoders/soundtraxx/TSUenumPower.xml (pass=true)]" classname="jmri.jmrit.decoderdefn.SchemaTest" time="0.148"/>
  <testcase name="validate[xml/decoders/soundtraxx/TSUenumR17FX5.xml (pass=true)]" classname="jmri.jmrit.decoderdefn.SchemaTest" time="0.159"/>
  <testcase name="validate[xml/decoders/soundtraxx/TSU2enumChoiceDieselGEAthearn.xml (pass=true)]" classname="jmri.jmrit.decoderdefn.SchemaTest" time="0.147"/>
  <testcase name="validate[xml/decoders/soundtraxx/TSUenumEQ.xml (pass=true)]" classname="jmri.jmrit.decoderdefn.SchemaTest" time="0.137"/>
  <testcase name="validate[xml/decoders/soundtraxx/TSUenumStart.xml (pass=true)]" classname="jmri.jmrit.decoderdefn.SchemaTest" time="0.153"/>
  <testcase name="validate[xml/decoders/soundtraxx/TSU2enumReverb.xml (pass=true)]" classname="jmri.jmrit.decoderdefn.SchemaTest" time="0.139"/>
  <testcase name="validate[xml/decoders/soundtraxx/TSU2enumChoiceDieselEMD645_2Athearn.xml (pass=true)]" classname="jmri.jmrit.decoderdefn.SchemaTest" time="0.155"/>
  <testcase name="validate[xml/decoders/soundtraxx/TSUPaneASCdiesel.xml (pass=true)]" classname="jmri.jmrit.decoderdefn.SchemaTest" time="0.139"/>
  <testcase name="validate[xml/decoders/soundtraxx/TSUPaneEqualizer.xml (pass=true)]" classname="jmri.jmrit.decoderdefn.SchemaTest" time="0.15"/>
  <testcase name="validate[xml/decoders/soundtraxx/TSU2enumChoiceDieselEMD710Athearn.xml (pass=true)]" classname="jmri.jmrit.decoderdefn.SchemaTest" time="0.138"/>
  <testcase name="validate[xml/decoders/soundtraxx/TSUenumRPM.xml (pass=true)]" classname="jmri.jmrit.decoderdefn.SchemaTest" time="0.145"/>
  <testcase name="validate[xml/decoders/soundtraxx/TSU2enumDieselComp.xml (pass=true)]" classname="jmri.jmrit.decoderdefn.SchemaTest" time="0.137"/>
  <testcase name="validate[xml/decoders/soundtraxx/ECOenumChoiceDieselAirHornAthearn.xml (pass=true)]" classname="jmri.jmrit.decoderdefn.SchemaTest" time="0.15"/>
  <testcase name="validate[xml/decoders/soundtraxx/TSUenumLock.xml (pass=true)]" classname="jmri.jmrit.decoderdefn.SchemaTest" time="0.137"/>
  <testcase name="validate[xml/decoders/soundtraxx/TSUaltSoundLevelsPane.xml (pass=true)]" classname="jmri.jmrit.decoderdefn.SchemaTest" time="0.143"/>
  <testcase name="validate[xml/decoders/soundtraxx/TSUPaneASCsteam.xml (pass=true)]" classname="jmri.jmrit.decoderdefn.SchemaTest" time="0.138"/>
  <testcase name="validate[xml/decoders/soundtraxx/TSUenumLightType.xml (pass=true)]" classname="jmri.jmrit.decoderdefn.SchemaTest" time="0.153"/>
  <testcase name="validate[xml/decoders/soundtraxx/TSUuserId.xml (pass=true)]" classname="jmri.jmrit.decoderdefn.SchemaTest" time="0.145"/>
  <testcase name="validate[xml/decoders/soundtraxx/TSUenumReset.xml (pass=true)]" classname="jmri.jmrit.decoderdefn.SchemaTest" time="0.168"/>
  <testcase name="validate[xml/decoders/soundtraxx/TSUenumR17FX6.xml (pass=true)]" classname="jmri.jmrit.decoderdefn.SchemaTest" time="0.13"/>
  <testcase name="validate[xml/decoders/soundtraxx/TSUPaneLighting.xml (pass=true)]" classname="jmri.jmrit.decoderdefn.SchemaTest" time="0.134"/>
  <testcase name="validate[xml/decoders/soundtraxx/TSUenumEffect.xml (pass=true)]" classname="jmri.jmrit.decoderdefn.SchemaTest" time="0.143"/>
  <testcase name="validate[xml/decoders/soundtraxx/ECOenumFnMap.xml (pass=true)]" classname="jmri.jmrit.decoderdefn.SchemaTest" time="0.13"/>
  <testcase name="validate[xml/decoders/soundtraxx/TSUenumPhase.xml (pass=true)]" classname="jmri.jmrit.decoderdefn.SchemaTest" time="0.14"/>
  <testcase name="validate[xml/decoders/soundtraxx/ECOCVFnMap.xml (pass=true)]" classname="jmri.jmrit.decoderdefn.SchemaTest" time="0.166"/>
  <testcase name="validate[xml/decoders/soundtraxx/TSUPaneReverb.xml (pass=true)]" classname="jmri.jmrit.decoderdefn.SchemaTest" time="0.144"/>
  <testcase name="validate[xml/decoders/soundtraxx/TSUenumR17HL.xml (pass=true)]" classname="jmri.jmrit.decoderdefn.SchemaTest" time="0.13"/>
  <testcase name="validate[xml/decoders/soundtraxx/TSUenumSlip.xml (pass=true)]" classname="jmri.jmrit.decoderdefn.SchemaTest" time="0.139"/>
  <testcase name="validate[xml/decoders/soundtraxx/TSUenumOverideFX5.xml (pass=true)]" classname="jmri.jmrit.decoderdefn.SchemaTest" time="0.13"/>
  <testcase name="validate[xml/decoders/soundtraxx/TSUenumInterlock.xml (pass=true)]" classname="jmri.jmrit.decoderdefn.SchemaTest" time="0.13"/>
  <testcase name="validate[xml/decoders/soundtraxx/TSU2enumChoiceDieselAirHornAthearn.xml (pass=true)]" classname="jmri.jmrit.decoderdefn.SchemaTest" time="0.14"/>
  <testcase name="validate[xml/decoders/soundtraxx/TSUenumTransponding.xml (pass=true)]" classname="jmri.jmrit.decoderdefn.SchemaTest" time="0.13"/>
  <testcase name="validate[xml/decoders/soundtraxx/TSUEffect.xml (pass=true)]" classname="jmri.jmrit.decoderdefn.SchemaTest" time="0.139"/>
  <testcase name="validate[xml/decoders/soundtraxx/SNDSpeedTablePane.xml (pass=true)]" classname="jmri.jmrit.decoderdefn.SchemaTest" time="0.129"/>
  <testcase name="validate[xml/decoders/soundtraxx/TSUenumNotch.xml (pass=true)]" classname="jmri.jmrit.decoderdefn.SchemaTest" time="0.137"/>
  <testcase name="validate[xml/decoders/soundtraxx/TSUPaneDDE.xml (pass=true)]" classname="jmri.jmrit.decoderdefn.SchemaTest" time="0.13"/>
  <testcase name="validate[xml/decoders/soundtraxx/TSU2enumEffect.xml (pass=true)]" classname="jmri.jmrit.decoderdefn.SchemaTest" time="0.15"/>
  <testcase name="validate[xml/decoders/soundtraxx/ECOenumCurve.xml (pass=true)]" classname="jmri.jmrit.decoderdefn.SchemaTest" time="0.18"/>
  <testcase name="validate[xml/decoders/soundtraxx/TSU2enumChoiceDieselAirHorn.xml (pass=true)]" classname="jmri.jmrit.decoderdefn.SchemaTest" time="0.155"/>
  <testcase name="validate[xml/decoders/soundtraxx/ECOCV.xml (pass=true)]" classname="jmri.jmrit.decoderdefn.SchemaTest" time="0.189"/>
  <testcase name="validate[xml/decoders/soundtraxx/TSUenumExhaust.xml (pass=true)]" classname="jmri.jmrit.decoderdefn.SchemaTest" time="0.129"/>
  <testcase name="validate[xml/decoders/soundtraxx/TSUenumReverb.xml (pass=true)]" classname="jmri.jmrit.decoderdefn.SchemaTest" time="0.131"/>
  <testcase name="validate[xml/decoders/soundtraxx/TSUenumCV29Analog.xml (pass=true)]" classname="jmri.jmrit.decoderdefn.SchemaTest" time="0.141"/>
  <testcase name="validate[xml/decoders/soundtraxx/TSUenumDynamic.xml (pass=true)]" classname="jmri.jmrit.decoderdefn.SchemaTest" time="0.13"/>
  <testcase name="validate[xml/decoders/soundtraxx/TSUenumCurve.xml (pass=true)]" classname="jmri.jmrit.decoderdefn.SchemaTest" time="0.139"/>
  <testcase name="validate[xml/decoders/soundtraxx/TSU2enumChoiceDieselEMD645Athearn.xml (pass=true)]" classname="jmri.jmrit.decoderdefn.SchemaTest" time="0.13"/>
  <testcase name="validate[xml/decoders/soundtraxx/TSU2enumChoiceElectricAirHorn.xml (pass=true)]" classname="jmri.jmrit.decoderdefn.SchemaTest" time="0.131"/>
  <testcase name="validate[xml/decoders/soundtraxx/ECOPaneFnMap.xml (pass=true)]" classname="jmri.jmrit.decoderdefn.SchemaTest" time="0.143"/>
  <testcase name="validate[xml/decoders/soundtraxx/TSUenumManAuto.xml (pass=true)]" classname="jmri.jmrit.decoderdefn.SchemaTest" time="0.13"/>
  <testcase name="validate[xml/decoders/soundtraxx/ECOenumPrimeMover2Athearn.xml (pass=true)]" classname="jmri.jmrit.decoderdefn.SchemaTest" time="0.139"/>
  <testcase name="validate[xml/decoders/soundtraxx/ECOCVconsistF13-28.xml (pass=true)]" classname="jmri.jmrit.decoderdefn.SchemaTest" time="0.138"/>
  <testcase name="validate[xml/decoders/soundtraxx/TSUenumCam.xml (pass=true)]" classname="jmri.jmrit.decoderdefn.SchemaTest" time="0.18"/>
  <testcase name="validate[xml/decoders/soundtraxx/SNDlegacyPaneFnMap.xml (pass=true)]" classname="jmri.jmrit.decoderdefn.SchemaTest" time="0.154"/>
  <testcase name="validate[xml/decoders/soundtraxx/SNDPaneFnMap.xml (pass=true)]" classname="jmri.jmrit.decoderdefn.SchemaTest" time="0.161"/>
  <testcase name="validate[xml/decoders/soundtraxx/ECOlegacyPaneFnMap.xml (pass=true)]" classname="jmri.jmrit.decoderdefn.SchemaTest" time="0.157"/>
  <testcase name="validate[xml/decoders/soundtraxx/ECOenumPrimeMover1Athearn.xml (pass=true)]" classname="jmri.jmrit.decoderdefn.SchemaTest" time="0.135"/>
  <testcase name="validate[xml/decoders/soundtraxx/TSUenumR17RL.xml (pass=true)]" classname="jmri.jmrit.decoderdefn.SchemaTest" time="0.135"/>
  <testcase name="validate[xml/decoders/soundtraxx/TSU2CV.xml (pass=true)]" classname="jmri.jmrit.decoderdefn.SchemaTest" time="0.148"/>
  <testcase name="validate[xml/decoders/soundtraxx/TSU2enumDieselBell.xml (pass=true)]" classname="jmri.jmrit.decoderdefn.SchemaTest" time="0.136"/>
  <testcase name="validate[xml/decoders/soundtraxx/TSUenumOverideFX6.xml (pass=true)]" classname="jmri.jmrit.decoderdefn.SchemaTest" time="0.146"/>
  <testcase name="validate[xml/decoders/soundtraxx/TSUenumSwap.xml (pass=true)]" classname="jmri.jmrit.decoderdefn.SchemaTest" time="0.138"/>
  <testcase name="validate[xml/decoders/soundtraxx/ECOCVFnMapUK.xml (pass=true)]" classname="jmri.jmrit.decoderdefn.SchemaTest" time="0.173"/>
  <testcase name="validate[xml/decoders/soundtraxx/ECOCVLightEffect.xml (pass=true)]" classname="jmri.jmrit.decoderdefn.SchemaTest" time="0.147"/>
  <testcase name="validate[xml/decoders/soundtraxx/ECOenumEffect.xml (pass=true)]" classname="jmri.jmrit.decoderdefn.SchemaTest" time="0.136"/>
  <testcase name="validate[xml/decoders/soundtraxx/TSUenumAirPump.xml (pass=true)]" classname="jmri.jmrit.decoderdefn.SchemaTest" time="0.139"/>
  <testcase name="validate[xml/decoders/soundtraxx/TSU2enumChoiceSteamWhistle.xml (pass=true)]" classname="jmri.jmrit.decoderdefn.SchemaTest" time="0.152"/>
  <testcase name="validate[xml/decoders/doehler_haass/cv137_bits4-5.xml (pass=true)]" classname="jmri.jmrit.decoderdefn.SchemaTest" time="0.139"/>
  <testcase name="validate[xml/decoders/doehler_haass/cv135-136_144_railcom_fw3.06.xml (pass=true)]" classname="jmri.jmrit.decoderdefn.SchemaTest" time="0.143"/>
  <testcase name="validate[xml/decoders/doehler_haass/cv145-152_fw3.06.xml (pass=true)]" classname="jmri.jmrit.decoderdefn.SchemaTest" time="0.137"/>
  <testcase name="validate[xml/decoders/doehler_haass/choice-F1F8.xml (pass=true)]" classname="jmri.jmrit.decoderdefn.SchemaTest" time="0.137"/>
  <testcase name="validate[xml/decoders/doehler_haass/SD_cv360-362_960-962.xml (pass=true)]" classname="jmri.jmrit.decoderdefn.SchemaTest" time="0.145"/>
  <testcase name="validate[xml/decoders/doehler_haass/Pane_susi_aux.xml (pass=true)]" classname="jmri.jmrit.decoderdefn.SchemaTest" time="0.136"/>
  <testcase name="validate[xml/decoders/doehler_haass/Susi-SD_enum-map-aux.xml (pass=true)]" classname="jmri.jmrit.decoderdefn.SchemaTest" time="0.139"/>
  <testcase name="validate[xml/decoders/doehler_haass/cv137_susi_fw3.05.xml (pass=true)]" classname="jmri.jmrit.decoderdefn.SchemaTest" time="0.145"/>
  <testcase name="validate[xml/decoders/doehler_haass/SD_cv350_950.xml (pass=true)]" classname="jmri.jmrit.decoderdefn.SchemaTest" time="0.137"/>
  <testcase name="validate[xml/decoders/doehler_haass/Pane_motorola.xml (pass=true)]" classname="jmri.jmrit.decoderdefn.SchemaTest" time="0.141"/>
  <testcase name="validate[xml/decoders/doehler_haass/cv28-29_railcom_base.xml (pass=true)]" classname="jmri.jmrit.decoderdefn.SchemaTest" time="0.139"/>
  <testcase name="validate[xml/decoders/doehler_haass/Pane_info.xml (pass=true)]" classname="jmri.jmrit.decoderdefn.SchemaTest" time="0.136"/>
  <testcase name="validate[xml/decoders/doehler_haass/Vars_common_pwr_low.xml (pass=true)]" classname="jmri.jmrit.decoderdefn.SchemaTest" time="0.145"/>
  <testcase name="validate[xml/decoders/doehler_haass/SD_cv311-348_911-948.xml (pass=true)]" classname="jmri.jmrit.decoderdefn.SchemaTest" time="0.156"/>
  <testcase name="validate[xml/decoders/doehler_haass/cv29_analog.xml (pass=true)]" classname="jmri.jmrit.decoderdefn.SchemaTest" time="0.136"/>
  <testcase name="validate[xml/decoders/doehler_haass/Susi-SD_cv900-905.xml (pass=true)]" classname="jmri.jmrit.decoderdefn.SchemaTest" time="0.145"/>
  <testcase name="validate[xml/decoders/doehler_haass/cv260-265_fw3.06.xml (pass=true)]" classname="jmri.jmrit.decoderdefn.SchemaTest" time="0.138"/>
  <testcase name="validate[xml/decoders/doehler_haass/cv125-133_fw3.06.xml (pass=true)]" classname="jmri.jmrit.decoderdefn.SchemaTest" time="0.154"/>
  <testcase name="validate[xml/decoders/doehler_haass/Vars_post2012_dc.xml (pass=true)]" classname="jmri.jmrit.decoderdefn.SchemaTest" time="0.138"/>
  <testcase name="validate[xml/decoders/doehler_haass/Pane_common.xml (pass=true)]" classname="jmri.jmrit.decoderdefn.SchemaTest" time="0.138"/>
  <testcase name="validate[xml/decoders/doehler_haass/cv137.xml (pass=true)]" classname="jmri.jmrit.decoderdefn.SchemaTest" time="0.147"/>
  <testcase name="validate[xml/decoders/doehler_haass/cv124_fw3.06.xml (pass=true)]" classname="jmri.jmrit.decoderdefn.SchemaTest" time="0.142"/>
  <testcase name="validate[xml/decoders/doehler_haass/cv137_adv_function_fw3.06.xml (pass=true)]" classname="jmri.jmrit.decoderdefn.SchemaTest" time="0.154"/>
  <testcase name="validate[xml/decoders/doehler_haass/Pane_function_fw3.06.xml (pass=true)]" classname="jmri.jmrit.decoderdefn.SchemaTest" time="0.141"/>
  <testcase name="validate[xml/decoders/doehler_haass/SD_cv12_motorola.xml (pass=true)]" classname="jmri.jmrit.decoderdefn.SchemaTest" time="0.132"/>
  <testcase name="validate[xml/decoders/doehler_haass/Pane_firmware.xml (pass=true)]" classname="jmri.jmrit.decoderdefn.SchemaTest" time="0.139"/>
  <testcase name="validate[xml/decoders/doehler_haass/SD_cv374-377_974-977.xml (pass=true)]" classname="jmri.jmrit.decoderdefn.SchemaTest" time="0.134"/>
  <testcase name="validate[xml/decoders/doehler_haass/cv65_fw3.08.xml (pass=true)]" classname="jmri.jmrit.decoderdefn.SchemaTest" time="0.135"/>
  <testcase name="validate[xml/decoders/doehler_haass/cv14_analogModeFunction.xml (pass=true)]" classname="jmri.jmrit.decoderdefn.SchemaTest" time="0.186"/>
  <testcase name="validate[xml/decoders/doehler_haass/SD_cv349_949.xml (pass=true)]" classname="jmri.jmrit.decoderdefn.SchemaTest" time="0.137"/>
  <testcase name="validate[xml/decoders/doehler_haass/Susi-SD_address.xml (pass=true)]" classname="jmri.jmrit.decoderdefn.SchemaTest" time="0.138"/>
  <testcase name="validate[xml/decoders/doehler_haass/cv12_motorola.xml (pass=true)]" classname="jmri.jmrit.decoderdefn.SchemaTest" time="0.144"/>
  <testcase name="validate[xml/decoders/doehler_haass/cv137_susi_fw3.03.xml (pass=true)]" classname="jmri.jmrit.decoderdefn.SchemaTest" time="0.137"/>
  <testcase name="validate[xml/decoders/doehler_haass/SD_cv351-359_951-959.xml (pass=true)]" classname="jmri.jmrit.decoderdefn.SchemaTest" time="0.137"/>
  <testcase name="validate[xml/decoders/doehler_haass/Vars_common_pwr_normal.xml (pass=true)]" classname="jmri.jmrit.decoderdefn.SchemaTest" time="0.146"/>
  <testcase name="validate[xml/decoders/doehler_haass/cv138-143.xml (pass=true)]" classname="jmri.jmrit.decoderdefn.SchemaTest" time="0.139"/>
  <testcase name="validate[xml/decoders/doehler_haass/cv137_energysaving_fw3.03.xml (pass=true)]" classname="jmri.jmrit.decoderdefn.SchemaTest" time="0.143"/>
  <testcase name="validate[xml/decoders/doehler_haass/Vars_common_Trix.xml (pass=true)]" classname="jmri.jmrit.decoderdefn.SchemaTest" time="0.198"/>
  <testcase name="validate[xml/decoders/doehler_haass/Pane_railcom.xml (pass=true)]" classname="jmri.jmrit.decoderdefn.SchemaTest" time="0.137"/>
  <testcase name="validate[xml/decoders/doehler_haass/Pane_railcom_fw3.06.xml (pass=true)]" classname="jmri.jmrit.decoderdefn.SchemaTest" time="0.143"/>
  <testcase name="validate[xml/decoders/doehler_haass/cv135-136_railcom_fw3.03.xml (pass=true)]" classname="jmri.jmrit.decoderdefn.SchemaTest" time="0.136"/>
  <testcase name="validate[xml/decoders/doehler_haass/SD_cv137_bits1-2.xml (pass=true)]" classname="jmri.jmrit.decoderdefn.SchemaTest" time="0.138"/>
  <testcase name="validate[xml/decoders/doehler_haass/cv12_motorola_fw3.06.xml (pass=true)]" classname="jmri.jmrit.decoderdefn.SchemaTest" time="0.146"/>
  <testcase name="validate[xml/decoders/doehler_haass/SD_cv364-373_964-973.xml (pass=true)]" classname="jmri.jmrit.decoderdefn.SchemaTest" time="0.139"/>
  <testcase name="validate[xml/decoders/doehler_haass/Pane_susi.xml (pass=true)]" classname="jmri.jmrit.decoderdefn.SchemaTest" time="0.147"/>
  <testcase name="validate[xml/decoders/doehler_haass/cv153_fw3.06.xml (pass=true)]" classname="jmri.jmrit.decoderdefn.SchemaTest" time="0.14"/>
  <testcase name="validate[xml/decoders/doehler_haass/cv65_95.xml (pass=true)]" classname="jmri.jmrit.decoderdefn.SchemaTest" time="0.137"/>
  <testcase name="validate[xml/decoders/doehler_haass/SD_cv137_bits4-5.xml (pass=true)]" classname="jmri.jmrit.decoderdefn.SchemaTest" time="0.142"/>
  <testcase name="validate[xml/decoders/doehler_haass/Susi-SD_cv908-909.xml (pass=true)]" classname="jmri.jmrit.decoderdefn.SchemaTest" time="0.139"/>
  <testcase name="validate[xml/decoders/doehler_haass/Vars_common.xml (pass=true)]" classname="jmri.jmrit.decoderdefn.SchemaTest" time="0.196"/>
  <testcase name="validate[xml/decoders/doehler_haass/SD_cv138-143.xml (pass=true)]" classname="jmri.jmrit.decoderdefn.SchemaTest" time="0.145"/>
  <testcase name="validate[xml/decoders/doehler_haass/SD_cv125-133.xml (pass=true)]" classname="jmri.jmrit.decoderdefn.SchemaTest" time="0.148"/>
  <testcase name="validate[xml/decoders/doehler_haass/Susi-SD_enum-map.xml (pass=true)]" classname="jmri.jmrit.decoderdefn.SchemaTest" time="0.136"/>
  <testcase name="validate[xml/decoders/doehler_haass/SD_cv137_bits0.xml (pass=true)]" classname="jmri.jmrit.decoderdefn.SchemaTest" time="0.143"/>
  <testcase name="validate[xml/decoders/doehler_haass/Vars_post2012_base.xml (pass=true)]" classname="jmri.jmrit.decoderdefn.SchemaTest" time="0.139"/>
  <testcase name="validate[xml/decoders/doehler_haass/cv154-155_fw3.06.xml (pass=true)]" classname="jmri.jmrit.decoderdefn.SchemaTest" time="0.142"/>
  <testcase name="validate[xml/decoders/doehler_haass/Pane_StartBrakeShunt.xml (pass=true)]" classname="jmri.jmrit.decoderdefn.SchemaTest" time="0.137"/>
  <testcase name="validate[xml/decoders/Zimo_Unified_software_MX632v25.xml (pass=true)]" classname="jmri.jmrit.decoderdefn.SchemaTest" time="0.273"/>
  <testcase name="validate[xml/decoders/TCS_Fn_FW41.xml (pass=true)]" classname="jmri.jmrit.decoderdefn.SchemaTest" time="0.182"/>
  <testcase name="validate[xml/decoders/MRC_soundbrilliance1952.xml (pass=true)]" classname="jmri.jmrit.decoderdefn.SchemaTest" time="0.144"/>
  <testcase name="validate[xml/decoders/MERG_ACC5.xml (pass=true)]" classname="jmri.jmrit.decoderdefn.SchemaTest" time="0.137"/>
  <testcase name="validate[xml/decoders/qsi/ChoiceMovV9.xml (pass=true)]" classname="jmri.jmrit.decoderdefn.SchemaTest" time="0.149"/>
  <testcase name="validate[xml/decoders/qsi/ChoiceLowNeuV7.xml (pass=true)]" classname="jmri.jmrit.decoderdefn.SchemaTest" time="0.163"/>
  <testcase name="validate[xml/decoders/qsi/SteamBellV8.xml (pass=true)]" classname="jmri.jmrit.decoderdefn.SchemaTest" time="0.135"/>
  <testcase name="validate[xml/decoders/qsi/enum-Speaker.xml (pass=true)]" classname="jmri.jmrit.decoderdefn.SchemaTest" time="0.13"/>
  <testcase name="validate[xml/decoders/qsi/SteamWhistleV8.xml (pass=true)]" classname="jmri.jmrit.decoderdefn.SchemaTest" time="0.13"/>
  <testcase name="validate[xml/decoders/qsi/ChoiceNeuV8.xml (pass=true)]" classname="jmri.jmrit.decoderdefn.SchemaTest" time="0.14"/>
  <testcase name="validate[xml/decoders/qsi/DieselDynamicV8.xml (pass=true)]" classname="jmri.jmrit.decoderdefn.SchemaTest" time="0.129"/>
  <testcase name="validate[xml/decoders/qsi/ChoiceMovV8.xml (pass=true)]" classname="jmri.jmrit.decoderdefn.SchemaTest" time="0.131"/>
  <testcase name="validate[xml/decoders/qsi/PaneLightControlV7.xml (pass=true)]" classname="jmri.jmrit.decoderdefn.SchemaTest" time="0.143"/>
  <testcase name="validate[xml/decoders/qsi/SteamChuffV8.xml (pass=true)]" classname="jmri.jmrit.decoderdefn.SchemaTest" time="0.13"/>
  <testcase name="validate[xml/decoders/qsi/ChoiceHighV7.xml (pass=true)]" classname="jmri.jmrit.decoderdefn.SchemaTest" time="0.13"/>
  <testcase name="validate[xml/decoders/qsi/DieselHornV8.xml (pass=true)]" classname="jmri.jmrit.decoderdefn.SchemaTest" time="0.14"/>
  <testcase name="validate[xml/decoders/qsi/PaneBemfV7.xml (pass=true)]" classname="jmri.jmrit.decoderdefn.SchemaTest" time="0.13"/>
  <testcase name="validate[xml/decoders/qsi/PaneQSIMiscV7.xml (pass=true)]" classname="jmri.jmrit.decoderdefn.SchemaTest" time="0.139"/>
  <testcase name="validate[xml/decoders/qsi/PaneReadyMoveV8.xml (pass=true)]" classname="jmri.jmrit.decoderdefn.SchemaTest" time="0.13"/>
  <testcase name="validate[xml/decoders/qsi/PaneFunctionOutputV7.xml (pass=true)]" classname="jmri.jmrit.decoderdefn.SchemaTest" time="0.13"/>
  <testcase name="validate[xml/decoders/qsi/DieselAirPumpV8.xml (pass=true)]" classname="jmri.jmrit.decoderdefn.SchemaTest" time="0.141"/>
  <testcase name="validate[xml/decoders/qsi/PaneMultiAutoLightsV7.xml (pass=true)]" classname="jmri.jmrit.decoderdefn.SchemaTest" time="0.13"/>
  <testcase name="validate[xml/decoders/qsi/DieselFanV8.xml (pass=true)]" classname="jmri.jmrit.decoderdefn.SchemaTest" time="0.129"/>
  <testcase name="validate[xml/decoders/qsi/PaneVolumeV9.xml (pass=true)]" classname="jmri.jmrit.decoderdefn.SchemaTest" time="0.141"/>
  <testcase name="validate[xml/decoders/qsi/ResetStandard.xml (pass=true)]" classname="jmri.jmrit.decoderdefn.SchemaTest" time="0.129"/>
  <testcase name="validate[xml/decoders/qsi/PaneBalanceV9.xml (pass=true)]" classname="jmri.jmrit.decoderdefn.SchemaTest" time="0.131"/>
  <testcase name="validate[xml/decoders/qsi/ProductNumber.xml (pass=true)]" classname="jmri.jmrit.decoderdefn.SchemaTest" time="0.142"/>
  <testcase name="validate[xml/decoders/qsi/SteamAirPumpV8.xml (pass=true)]" classname="jmri.jmrit.decoderdefn.SchemaTest" time="0.13"/>
  <testcase name="validate[xml/decoders/qsi/SteamGeneratorV8.xml (pass=true)]" classname="jmri.jmrit.decoderdefn.SchemaTest" time="0.138"/>
  <testcase name="validate[xml/decoders/qsi/PaneVolumeV7.xml (pass=true)]" classname="jmri.jmrit.decoderdefn.SchemaTest" time="0.13"/>
  <testcase name="validate[xml/decoders/qsi/PaneSoundControlV7.xml (pass=true)]" classname="jmri.jmrit.decoderdefn.SchemaTest" time="0.13"/>
  <testcase name="validate[xml/decoders/qsi/DieselMotorV8.xml (pass=true)]" classname="jmri.jmrit.decoderdefn.SchemaTest" time="0.14"/>
  <testcase name="validate[xml/decoders/qsi/PaneSelectV8.xml (pass=true)]" classname="jmri.jmrit.decoderdefn.SchemaTest" time="0.13"/>
  <testcase name="validate[xml/decoders/qsi/DieselBellV8.xml (pass=true)]" classname="jmri.jmrit.decoderdefn.SchemaTest" time="0.13"/>
  <testcase name="validate[xml/decoders/qsi/PanePortV8.xml (pass=true)]" classname="jmri.jmrit.decoderdefn.SchemaTest" time="0.141"/>
  <testcase name="validate[xml/decoders/qsi/ChoiceLowMovV7.xml (pass=true)]" classname="jmri.jmrit.decoderdefn.SchemaTest" time="0.13"/>
  <testcase name="validate[xml/decoders/qsi/PaneBalanceV8.xml (pass=true)]" classname="jmri.jmrit.decoderdefn.SchemaTest" time="0.131"/>
  <testcase name="validate[xml/decoders/qsi/ChoiceNeuV9.xml (pass=true)]" classname="jmri.jmrit.decoderdefn.SchemaTest" time="0.139"/>
  <testcase name="validate[xml/decoders/nce/enum-outputEffectV30.xml (pass=true)]" classname="jmri.jmrit.decoderdefn.SchemaTest" time="0.129"/>
  <testcase name="validate[xml/decoders/nce/lightItEnumFunction.xml (pass=true)]" classname="jmri.jmrit.decoderdefn.SchemaTest" time="0.13"/>
  <testcase name="validate[xml/decoders/nce/lightItEnumSignalEffect.xml (pass=true)]" classname="jmri.jmrit.decoderdefn.SchemaTest" time="0.138"/>
  <testcase name="validate[xml/decoders/nce/enum-outputType.xml (pass=true)]" classname="jmri.jmrit.decoderdefn.SchemaTest" time="0.129"/>
  <testcase name="validate[xml/decoders/nce/lightItEnumLightEffect.xml (pass=true)]" classname="jmri.jmrit.decoderdefn.SchemaTest" time="0.139"/>
  <testcase name="validate[xml/decoders/nce/lightItBasicPane.xml (pass=true)]" classname="jmri.jmrit.decoderdefn.SchemaTest" time="0.128"/>
  <testcase name="validate[xml/decoders/nce/lightItOutputsPane.xml (pass=true)]" classname="jmri.jmrit.decoderdefn.SchemaTest" time="0.127"/>
  <testcase name="validate[xml/decoders/nce/lightItCVs.xml (pass=true)]" classname="jmri.jmrit.decoderdefn.SchemaTest" time="0.147"/>
  <testcase name="validate[xml/decoders/nce/enum-outputActive.xml (pass=true)]" classname="jmri.jmrit.decoderdefn.SchemaTest" time="0.13"/>
  <testcase name="validate[xml/decoders/nce/enum-outputEffectV35.xml (pass=true)]" classname="jmri.jmrit.decoderdefn.SchemaTest" time="0.129"/>
  <testcase name="validate[xml/decoders/Mistral_GOLD_V6.xml (pass=true)]" classname="jmri.jmrit.decoderdefn.SchemaTest" time="0.184"/>
  <testcase name="validate[xml/decoders/Zimo_Unified_software_MX620v28.xml (pass=true)]" classname="jmri.jmrit.decoderdefn.SchemaTest" time="0.309"/>
  <testcase name="validate[xml/decoders/mrc/enum-LightEffect17.xml (pass=true)]" classname="jmri.jmrit.decoderdefn.SchemaTest" time="0.151"/>
  <testcase name="validate[xml/decoders/mrc/enum-PrimeMover6.xml (pass=true)]" classname="jmri.jmrit.decoderdefn.SchemaTest" time="0.167"/>
  <testcase name="validate[xml/decoders/mrc/enum-PrimeMover4off.xml (pass=true)]" classname="jmri.jmrit.decoderdefn.SchemaTest" time="0.129"/>
  <testcase name="validate[xml/decoders/mrc/FunctionExchange.xml (pass=true)]" classname="jmri.jmrit.decoderdefn.SchemaTest" time="0.142"/>
  <testcase name="validate[xml/decoders/mrc/motorBEMF_cv112_113_114_124.xml (pass=true)]" classname="jmri.jmrit.decoderdefn.SchemaTest" time="0.129"/>
  <testcase name="validate[xml/decoders/mrc/enum-LightEffect5.xml (pass=true)]" classname="jmri.jmrit.decoderdefn.SchemaTest" time="0.13"/>
  <testcase name="validate[xml/decoders/mrc/motorBEMF_cv113_114_124.xml (pass=true)]" classname="jmri.jmrit.decoderdefn.SchemaTest" time="0.141"/>
  <testcase name="validate[xml/decoders/mrc/enum-LightEffect6.xml (pass=true)]" classname="jmri.jmrit.decoderdefn.SchemaTest" time="0.129"/>
  <testcase name="validate[xml/decoders/CT_Elektronik_Sound_SL_v100.xml (pass=true)]" classname="jmri.jmrit.decoderdefn.SchemaTest" time="0.161"/>
  <testcase name="validate[xml/decoders/tvd/LedEffect.xml (pass=true)]" classname="jmri.jmrit.decoderdefn.SchemaTest" time="0.139"/>
  <testcase name="validate[xml/decoders/tvd/DetRange.xml (pass=true)]" classname="jmri.jmrit.decoderdefn.SchemaTest" time="0.129"/>
  <testcase name="validate[xml/decoders/tvd/SensorSense.xml (pass=true)]" classname="jmri.jmrit.decoderdefn.SchemaTest" time="0.14"/>
  <testcase name="validate[xml/decoders/tvd/DirectionalSpeed.xml (pass=true)]" classname="jmri.jmrit.decoderdefn.SchemaTest" time="0.13"/>
  <testcase name="validate[xml/decoders/tvd/AspectMode.xml (pass=true)]" classname="jmri.jmrit.decoderdefn.SchemaTest" time="0.129"/>
  <testcase name="validate[xml/decoders/tvd/RouteType.xml (pass=true)]" classname="jmri.jmrit.decoderdefn.SchemaTest" time="0.138"/>
  <testcase name="validate[xml/decoders/tvd/SignalAspectSelect.xml (pass=true)]" classname="jmri.jmrit.decoderdefn.SchemaTest" time="0.129"/>
  <testcase name="validate[xml/decoders/tvd/InputLedMode.xml (pass=true)]" classname="jmri.jmrit.decoderdefn.SchemaTest" time="0.13"/>
  <testcase name="validate[xml/decoders/tvd/LedOutput.xml (pass=true)]" classname="jmri.jmrit.decoderdefn.SchemaTest" time="0.14"/>
  <testcase name="validate[xml/decoders/tvd/DetInputSignal.xml (pass=true)]" classname="jmri.jmrit.decoderdefn.SchemaTest" time="0.13"/>
  <testcase name="validate[xml/decoders/tvd/LedBrightness.xml (pass=true)]" classname="jmri.jmrit.decoderdefn.SchemaTest" time="0.129"/>
  <testcase name="validate[xml/decoders/tvd/LampFade.xml (pass=true)]" classname="jmri.jmrit.decoderdefn.SchemaTest" time="0.145"/>
  <testcase name="validate[xml/decoders/tvd/InputAction.xml (pass=true)]" classname="jmri.jmrit.decoderdefn.SchemaTest" time="0.149"/>
  <testcase name="validate[xml/decoders/tvd/LedModeDet.xml (pass=true)]" classname="jmri.jmrit.decoderdefn.SchemaTest" time="0.214"/>
  <testcase name="validate[xml/decoders/tvd/LedSense.xml (pass=true)]" classname="jmri.jmrit.decoderdefn.SchemaTest" time="0.129"/>
  <testcase name="validate[xml/decoders/tvd/RapidStart.xml (pass=true)]" classname="jmri.jmrit.decoderdefn.SchemaTest" time="0.129"/>
  <testcase name="validate[xml/decoders/tvd/InUse.xml (pass=true)]" classname="jmri.jmrit.decoderdefn.SchemaTest" time="0.138"/>
  <testcase name="validate[xml/decoders/tvd/LampType.xml (pass=true)]" classname="jmri.jmrit.decoderdefn.SchemaTest" time="0.129"/>
  <testcase name="validate[xml/decoders/tvd/InputMessageCondition.xml (pass=true)]" classname="jmri.jmrit.decoderdefn.SchemaTest" time="0.13"/>
  <testcase name="validate[xml/decoders/tvd/LampCommon.xml (pass=true)]" classname="jmri.jmrit.decoderdefn.SchemaTest" time="0.139"/>
  <testcase name="validate[xml/decoders/tvd/InputMessageDevice.xml (pass=true)]" classname="jmri.jmrit.decoderdefn.SchemaTest" time="0.129"/>
  <testcase name="validate[xml/decoders/tvd/LedPaneHeader.xml (pass=true)]" classname="jmri.jmrit.decoderdefn.SchemaTest" time="0.13"/>
  <testcase name="validate[xml/decoders/tvd/RouteEntry.xml (pass=true)]" classname="jmri.jmrit.decoderdefn.SchemaTest" time="0.173"/>
  <testcase name="validate[xml/decoders/tvd/CascadeTrigger.xml (pass=true)]" classname="jmri.jmrit.decoderdefn.SchemaTest" time="0.13"/>
  <testcase name="validate[xml/decoders/tvd/CascadeAction.xml (pass=true)]" classname="jmri.jmrit.decoderdefn.SchemaTest" time="0.13"/>
  <testcase name="validate[xml/decoders/tvd/InputTrigger.xml (pass=true)]" classname="jmri.jmrit.decoderdefn.SchemaTest" time="0.137"/>
  <testcase name="validate[xml/decoders/tvd/InputFreeze.xml (pass=true)]" classname="jmri.jmrit.decoderdefn.SchemaTest" time="0.13"/>
  <testcase name="validate[xml/decoders/tvd/TurnoutGroupSelect.xml (pass=true)]" classname="jmri.jmrit.decoderdefn.SchemaTest" time="0.138"/>
  <testcase name="validate[xml/decoders/tvd/AspectBicolor.xml (pass=true)]" classname="jmri.jmrit.decoderdefn.SchemaTest" time="0.129"/>
  <testcase name="validate[xml/decoders/tvd/LampGroup.xml (pass=true)]" classname="jmri.jmrit.decoderdefn.SchemaTest" time="0.13"/>
  <testcase name="validate[xml/decoders/tvd/Route1Type.xml (pass=true)]" classname="jmri.jmrit.decoderdefn.SchemaTest" time="0.139"/>
  <testcase name="validate[xml/decoders/tvd/ServoLock.xml (pass=true)]" classname="jmri.jmrit.decoderdefn.SchemaTest" time="0.129"/>
  <testcase name="validate[xml/decoders/tvd/AddrMode.xml (pass=true)]" classname="jmri.jmrit.decoderdefn.SchemaTest" time="0.129"/>
  <testcase name="validate[xml/decoders/tvd/InputTypeMain.xml (pass=true)]" classname="jmri.jmrit.decoderdefn.SchemaTest" time="0.142"/>
  <testcase name="validate[xml/decoders/tvd/InputMessageAction.xml (pass=true)]" classname="jmri.jmrit.decoderdefn.SchemaTest" time="0.129"/>
  <testcase name="validate[xml/decoders/tvd/LedMode.xml (pass=true)]" classname="jmri.jmrit.decoderdefn.SchemaTest" time="0.13"/>
  <testcase name="validate[xml/decoders/tvd/ServoMessage.xml (pass=true)]" classname="jmri.jmrit.decoderdefn.SchemaTest" time="0.147"/>
  <testcase name="validate[xml/decoders/tvd/TurnoutSense.xml (pass=true)]" classname="jmri.jmrit.decoderdefn.SchemaTest" time="0.129"/>
  <testcase name="validate[xml/decoders/tvd/InputTypeAux.xml (pass=true)]" classname="jmri.jmrit.decoderdefn.SchemaTest" time="0.138"/>
  <testcase name="validate[xml/decoders/tvd/DetSensitivity.xml (pass=true)]" classname="jmri.jmrit.decoderdefn.SchemaTest" time="0.129"/>
  <testcase name="validate[xml/decoders/rr-cirkits/ChoicePaired.xml (pass=true)]" classname="jmri.jmrit.decoderdefn.SchemaTest" time="0.13"/>
  <testcase name="validate[xml/decoders/rr-cirkits/ChoiceLD.xml (pass=true)]" classname="jmri.jmrit.decoderdefn.SchemaTest" time="0.138"/>
  <testcase name="validate[xml/decoders/rr-cirkits/ChoiceLampBP.xml (pass=true)]" classname="jmri.jmrit.decoderdefn.SchemaTest" time="0.129"/>
  <testcase name="validate[xml/decoders/rr-cirkits/ChoiceTiming.xml (pass=true)]" classname="jmri.jmrit.decoderdefn.SchemaTest" time="0.13"/>
  <testcase name="validate[xml/decoders/rr-cirkits/PaneLNCPMastsD.xml (pass=true)]" classname="jmri.jmrit.decoderdefn.SchemaTest" time="0.14"/>
  <testcase name="validate[xml/decoders/rr-cirkits/PaneMotorManC.xml (pass=true)]" classname="jmri.jmrit.decoderdefn.SchemaTest" time="0.131"/>
  <testcase name="validate[xml/decoders/rr-cirkits/PaneM2IOC1.xml (pass=true)]" classname="jmri.jmrit.decoderdefn.SchemaTest" time="0.13"/>
  <testcase name="validate[xml/decoders/rr-cirkits/ChoiceRate.xml (pass=true)]" classname="jmri.jmrit.decoderdefn.SchemaTest" time="0.139"/>
  <testcase name="validate[xml/decoders/rr-cirkits/ChoiceOpcode.xml (pass=true)]" classname="jmri.jmrit.decoderdefn.SchemaTest" time="0.129"/>
  <testcase name="validate[xml/decoders/rr-cirkits/ChoiceEnd.xml (pass=true)]" classname="jmri.jmrit.decoderdefn.SchemaTest" time="0.137"/>
  <testcase name="validate[xml/decoders/rr-cirkits/ChoicePairedEven.xml (pass=true)]" classname="jmri.jmrit.decoderdefn.SchemaTest" time="0.129"/>
  <testcase name="validate[xml/decoders/rr-cirkits/Choice3Transition.xml (pass=true)]" classname="jmri.jmrit.decoderdefn.SchemaTest" time="0.129"/>
  <testcase name="validate[xml/decoders/rr-cirkits/ChoiceStepperMove.xml (pass=true)]" classname="jmri.jmrit.decoderdefn.SchemaTest" time="0.14"/>
  <testcase name="validate[xml/decoders/rr-cirkits/PaneLogicD.xml (pass=true)]" classname="jmri.jmrit.decoderdefn.SchemaTest" time="0.132"/>
  <testcase name="validate[xml/decoders/rr-cirkits/ChoicePairedOutA.xml (pass=true)]" classname="jmri.jmrit.decoderdefn.SchemaTest" time="0.13"/>
  <testcase name="validate[xml/decoders/rr-cirkits/PaneOB1.xml (pass=true)]" classname="jmri.jmrit.decoderdefn.SchemaTest" time="0.138"/>
  <testcase name="validate[xml/decoders/rr-cirkits/PaneIOB2.xml (pass=true)]" classname="jmri.jmrit.decoderdefn.SchemaTest" time="0.132"/>
  <testcase name="validate[xml/decoders/rr-cirkits/PaneM2IOB2.xml (pass=true)]" classname="jmri.jmrit.decoderdefn.SchemaTest" time="0.131"/>
  <testcase name="validate[xml/decoders/rr-cirkits/ChoiceInterval.xml (pass=true)]" classname="jmri.jmrit.decoderdefn.SchemaTest" time="0.138"/>
  <testcase name="validate[xml/decoders/rr-cirkits/PaneLNCPDetectors.xml (pass=true)]" classname="jmri.jmrit.decoderdefn.SchemaTest" time="0.13"/>
  <testcase name="validate[xml/decoders/rr-cirkits/ChoiceOutputPolarity.xml (pass=true)]" classname="jmri.jmrit.decoderdefn.SchemaTest" time="0.138"/>
  <testcase name="validate[xml/decoders/rr-cirkits/ChoiceSLamp.xml (pass=true)]" classname="jmri.jmrit.decoderdefn.SchemaTest" time="0.129"/>
  <testcase name="validate[xml/decoders/rr-cirkits/ChoiceTimingB.xml (pass=true)]" classname="jmri.jmrit.decoderdefn.SchemaTest" time="0.13"/>
  <testcase name="validate[xml/decoders/rr-cirkits/PaneLNCPOutputA.xml (pass=true)]" classname="jmri.jmrit.decoderdefn.SchemaTest" time="0.137"/>
  <testcase name="validate[xml/decoders/rr-cirkits/ChoicePolarity.xml (pass=true)]" classname="jmri.jmrit.decoderdefn.SchemaTest" time="0.13"/>
  <testcase name="validate[xml/decoders/rr-cirkits/PaneStepper1.xml (pass=true)]" classname="jmri.jmrit.decoderdefn.SchemaTest" time="0.129"/>
  <testcase name="validate[xml/decoders/rr-cirkits/ChoiceLamp.xml (pass=true)]" classname="jmri.jmrit.decoderdefn.SchemaTest" time="0.139"/>
  <testcase name="validate[xml/decoders/rr-cirkits/PaneSMOC1.xml (pass=true)]" classname="jmri.jmrit.decoderdefn.SchemaTest" time="0.131"/>
  <testcase name="validate[xml/decoders/rr-cirkits/PaneM2IOD2.xml (pass=true)]" classname="jmri.jmrit.decoderdefn.SchemaTest" time="0.13"/>
  <testcase name="validate[xml/decoders/rr-cirkits/PaneIOA2.xml (pass=true)]" classname="jmri.jmrit.decoderdefn.SchemaTest" time="0.139"/>
  <testcase name="validate[xml/decoders/rr-cirkits/PaneLNCPLogicB.xml (pass=true)]" classname="jmri.jmrit.decoderdefn.SchemaTest" time="0.139"/>
  <testcase name="validate[xml/decoders/rr-cirkits/Choice2Transition.xml (pass=true)]" classname="jmri.jmrit.decoderdefn.SchemaTest" time="0.13"/>
  <testcase name="validate[xml/decoders/rr-cirkits/PaneLNCPLogicD.xml (pass=true)]" classname="jmri.jmrit.decoderdefn.SchemaTest" time="0.141"/>
  <testcase name="validate[xml/decoders/rr-cirkits/ChoiceAspect.xml (pass=true)]" classname="jmri.jmrit.decoderdefn.SchemaTest" time="0.129"/>
  <testcase name="validate[xml/decoders/rr-cirkits/PaneM2IOE1.xml (pass=true)]" classname="jmri.jmrit.decoderdefn.SchemaTest" time="0.141"/>
  <testcase name="validate[xml/decoders/rr-cirkits/PaneStepper4.xml (pass=true)]" classname="jmri.jmrit.decoderdefn.SchemaTest" time="0.129"/>
  <testcase name="validate[xml/decoders/rr-cirkits/ChoiceOutPolarity.xml (pass=true)]" classname="jmri.jmrit.decoderdefn.SchemaTest" time="0.13"/>
  <testcase name="validate[xml/decoders/rr-cirkits/PaneM2IOG2.xml (pass=true)]" classname="jmri.jmrit.decoderdefn.SchemaTest" time="0.138"/>
  <testcase name="validate[xml/decoders/rr-cirkits/ChoiceLMode.xml (pass=true)]" classname="jmri.jmrit.decoderdefn.SchemaTest" time="0.131"/>
  <testcase name="validate[xml/decoders/rr-cirkits/PaneSMOB1.xml (pass=true)]" classname="jmri.jmrit.decoderdefn.SchemaTest" time="0.134"/>
  <testcase name="validate[xml/decoders/rr-cirkits/ChoiceCT.xml (pass=true)]" classname="jmri.jmrit.decoderdefn.SchemaTest" time="0.139"/>
  <testcase name="validate[xml/decoders/rr-cirkits/ChoiceLampEffect.xml (pass=true)]" classname="jmri.jmrit.decoderdefn.SchemaTest" time="0.129"/>
  <testcase name="validate[xml/decoders/rr-cirkits/PaneSignalManMastsD.xml (pass=true)]" classname="jmri.jmrit.decoderdefn.SchemaTest" time="0.132"/>
  <testcase name="validate[xml/decoders/rr-cirkits/PaneLogicC.xml (pass=true)]" classname="jmri.jmrit.decoderdefn.SchemaTest" time="0.142"/>
  <testcase name="validate[xml/decoders/rr-cirkits/PaneLNCPInputA.xml (pass=true)]" classname="jmri.jmrit.decoderdefn.SchemaTest" time="0.13"/>
  <testcase name="validate[xml/decoders/rr-cirkits/ChoiceSS.xml (pass=true)]" classname="jmri.jmrit.decoderdefn.SchemaTest" time="0.137"/>
  <testcase name="validate[xml/decoders/rr-cirkits/PaneWMA2.xml (pass=true)]" classname="jmri.jmrit.decoderdefn.SchemaTest" time="0.134"/>
  <testcase name="validate[xml/decoders/rr-cirkits/PaneM2IOH1.xml (pass=true)]" classname="jmri.jmrit.decoderdefn.SchemaTest" time="0.126"/>
  <testcase name="validate[xml/decoders/rr-cirkits/PaneLNCPLogicH.xml (pass=true)]" classname="jmri.jmrit.decoderdefn.SchemaTest" time="0.141"/>
  <testcase name="validate[xml/decoders/rr-cirkits/PaneSMOC2.xml (pass=true)]" classname="jmri.jmrit.decoderdefn.SchemaTest" time="0.131"/>
  <testcase name="validate[xml/decoders/rr-cirkits/PaneM2IOB1.xml (pass=true)]" classname="jmri.jmrit.decoderdefn.SchemaTest" time="0.131"/>
  <testcase name="validate[xml/decoders/rr-cirkits/PaneLNCPLogicC.xml (pass=true)]" classname="jmri.jmrit.decoderdefn.SchemaTest" time="0.141"/>
  <testcase name="validate[xml/decoders/rr-cirkits/PaneLNCPLogicG.xml (pass=true)]" classname="jmri.jmrit.decoderdefn.SchemaTest" time="0.132"/>
  <testcase name="validate[xml/decoders/rr-cirkits/PaneM2IOF1.xml (pass=true)]" classname="jmri.jmrit.decoderdefn.SchemaTest" time="0.13"/>
  <testcase name="validate[xml/decoders/rr-cirkits/PaneOB2.xml (pass=true)]" classname="jmri.jmrit.decoderdefn.SchemaTest" time="0.14"/>
  <testcase name="validate[xml/decoders/rr-cirkits/ChoiceSignalManLampEffect.xml (pass=true)]" classname="jmri.jmrit.decoderdefn.SchemaTest" time="0.13"/>
  <testcase name="validate[xml/decoders/rr-cirkits/ChoiceInputPolarity.xml (pass=true)]" classname="jmri.jmrit.decoderdefn.SchemaTest" time="0.14"/>
  <testcase name="validate[xml/decoders/rr-cirkits/ChoiceEvaluate.xml (pass=true)]" classname="jmri.jmrit.decoderdefn.SchemaTest" time="0.129"/>
  <testcase name="validate[xml/decoders/rr-cirkits/ChoiceTC.xml (pass=true)]" classname="jmri.jmrit.decoderdefn.SchemaTest" time="0.129"/>
  <testcase name="validate[xml/decoders/rr-cirkits/ChoiceSwitchManLampEffect.xml (pass=true)]" classname="jmri.jmrit.decoderdefn.SchemaTest" time="0.138"/>
  <testcase name="validate[xml/decoders/rr-cirkits/ChoiceOp.xml (pass=true)]" classname="jmri.jmrit.decoderdefn.SchemaTest" time="0.129"/>
  <testcase name="validate[xml/decoders/rr-cirkits/PaneStepper3.xml (pass=true)]" classname="jmri.jmrit.decoderdefn.SchemaTest" time="0.13"/>
  <testcase name="validate[xml/decoders/rr-cirkits/PaneM2IOC2.xml (pass=true)]" classname="jmri.jmrit.decoderdefn.SchemaTest" time="0.143"/>
  <testcase name="validate[xml/decoders/rr-cirkits/ChoiceIntervalt.xml (pass=true)]" classname="jmri.jmrit.decoderdefn.SchemaTest" time="0.131"/>
  <testcase name="validate[xml/decoders/rr-cirkits/PaneLogicB.xml (pass=true)]" classname="jmri.jmrit.decoderdefn.SchemaTest" time="0.132"/>
  <testcase name="validate[xml/decoders/rr-cirkits/ChoiceInputEffect.xml (pass=true)]" classname="jmri.jmrit.decoderdefn.SchemaTest" time="0.138"/>
  <testcase name="validate[xml/decoders/rr-cirkits/ChoiceMultiple.xml (pass=true)]" classname="jmri.jmrit.decoderdefn.SchemaTest" time="0.129"/>
  <testcase name="validate[xml/decoders/rr-cirkits/PaneIOB1.xml (pass=true)]" classname="jmri.jmrit.decoderdefn.SchemaTest" time="0.13"/>
  <testcase name="validate[xml/decoders/rr-cirkits/PaneLNCPLogicF.xml (pass=true)]" classname="jmri.jmrit.decoderdefn.SchemaTest" time="0.142"/>
  <testcase name="validate[xml/decoders/rr-cirkits/ChoiceColor.xml (pass=true)]" classname="jmri.jmrit.decoderdefn.SchemaTest" time="0.13"/>
  <testcase name="validate[xml/decoders/rr-cirkits/PaneMotorManA.xml (pass=true)]" classname="jmri.jmrit.decoderdefn.SchemaTest" time="0.14"/>
  <testcase name="validate[xml/decoders/rr-cirkits/PaneMotorManD.xml (pass=true)]" classname="jmri.jmrit.decoderdefn.SchemaTest" time="0.131"/>
  <testcase name="validate[xml/decoders/rr-cirkits/PaneSignalManMastsC.xml (pass=true)]" classname="jmri.jmrit.decoderdefn.SchemaTest" time="0.131"/>
  <testcase name="validate[xml/decoders/rr-cirkits/PaneLNCPLogicA.xml (pass=true)]" classname="jmri.jmrit.decoderdefn.SchemaTest" time="0.141"/>
  <testcase name="validate[xml/decoders/rr-cirkits/PaneIOA1.xml (pass=true)]" classname="jmri.jmrit.decoderdefn.SchemaTest" time="0.13"/>
  <testcase name="validate[xml/decoders/rr-cirkits/PaneLNCPOutputB.xml (pass=true)]" classname="jmri.jmrit.decoderdefn.SchemaTest" time="0.13"/>
  <testcase name="validate[xml/decoders/rr-cirkits/PaneBODSensitivity.xml (pass=true)]" classname="jmri.jmrit.decoderdefn.SchemaTest" time="0.14"/>
  <testcase name="validate[xml/decoders/rr-cirkits/ChoicePairedOutB.xml (pass=true)]" classname="jmri.jmrit.decoderdefn.SchemaTest" time="0.129"/>
  <testcase name="validate[xml/decoders/rr-cirkits/PaneM2IOE2.xml (pass=true)]" classname="jmri.jmrit.decoderdefn.SchemaTest" time="0.13"/>
  <testcase name="validate[xml/decoders/rr-cirkits/PaneM2IOF2.xml (pass=true)]" classname="jmri.jmrit.decoderdefn.SchemaTest" time="0.14"/>
  <testcase name="validate[xml/decoders/rr-cirkits/PaneSMOB2.xml (pass=true)]" classname="jmri.jmrit.decoderdefn.SchemaTest" time="0.13"/>
  <testcase name="validate[xml/decoders/rr-cirkits/PaneSMIOA1.xml (pass=true)]" classname="jmri.jmrit.decoderdefn.SchemaTest" time="0.139"/>
  <testcase name="validate[xml/decoders/rr-cirkits/PaneLNCPMastsA.xml (pass=true)]" classname="jmri.jmrit.decoderdefn.SchemaTest" time="0.131"/>
  <testcase name="validate[xml/decoders/rr-cirkits/ChoiceTimingA.xml (pass=true)]" classname="jmri.jmrit.decoderdefn.SchemaTest" time="0.129"/>
  <testcase name="validate[xml/decoders/rr-cirkits/ChoiceSkip.xml (pass=true)]" classname="jmri.jmrit.decoderdefn.SchemaTest" time="0.138"/>
  <testcase name="validate[xml/decoders/rr-cirkits/PaneSignalManMastsA.xml (pass=true)]" classname="jmri.jmrit.decoderdefn.SchemaTest" time="0.131"/>
  <testcase name="validate[xml/decoders/rr-cirkits/ChoiceGroup.xml (pass=true)]" classname="jmri.jmrit.decoderdefn.SchemaTest" time="0.13"/>
  <testcase name="validate[xml/decoders/rr-cirkits/PaneLNCPMastsB.xml (pass=true)]" classname="jmri.jmrit.decoderdefn.SchemaTest" time="0.14"/>
  <testcase name="validate[xml/decoders/rr-cirkits/ChoiceOutputType2.xml (pass=true)]" classname="jmri.jmrit.decoderdefn.SchemaTest" time="0.13"/>
  <testcase name="validate[xml/decoders/rr-cirkits/PaneLogicA.xml (pass=true)]" classname="jmri.jmrit.decoderdefn.SchemaTest" time="0.132"/>
  <testcase name="validate[xml/decoders/rr-cirkits/ChoiceOutputInput.xml (pass=true)]" classname="jmri.jmrit.decoderdefn.SchemaTest" time="0.144"/>
  <testcase name="validate[xml/decoders/rr-cirkits/PaneSMIOA2.xml (pass=true)]" classname="jmri.jmrit.decoderdefn.SchemaTest" time="0.13"/>
  <testcase name="validate[xml/decoders/rr-cirkits/PaneMotorManB.xml (pass=true)]" classname="jmri.jmrit.decoderdefn.SchemaTest" time="0.144"/>
  <testcase name="validate[xml/decoders/rr-cirkits/PaneSignalManMastsB.xml (pass=true)]" classname="jmri.jmrit.decoderdefn.SchemaTest" time="0.131"/>
  <testcase name="validate[xml/decoders/rr-cirkits/PaneM2IOD1.xml (pass=true)]" classname="jmri.jmrit.decoderdefn.SchemaTest" time="0.13"/>
  <testcase name="validate[xml/decoders/rr-cirkits/PaneWMA1.xml (pass=true)]" classname="jmri.jmrit.decoderdefn.SchemaTest" time="0.14"/>
  <testcase name="validate[xml/decoders/rr-cirkits/PaneLNCPLogicE.xml (pass=true)]" classname="jmri.jmrit.decoderdefn.SchemaTest" time="0.132"/>
  <testcase name="validate[xml/decoders/rr-cirkits/PaneLNCPInputB.xml (pass=true)]" classname="jmri.jmrit.decoderdefn.SchemaTest" time="0.13"/>
  <testcase name="validate[xml/decoders/rr-cirkits/ChoiceOutputType.xml (pass=true)]" classname="jmri.jmrit.decoderdefn.SchemaTest" time="0.141"/>
  <testcase name="validate[xml/decoders/rr-cirkits/PaneLNCPMastsC.xml (pass=true)]" classname="jmri.jmrit.decoderdefn.SchemaTest" time="0.131"/>
  <testcase name="validate[xml/decoders/rr-cirkits/ChoiceDirection.xml (pass=true)]" classname="jmri.jmrit.decoderdefn.SchemaTest" time="0.129"/>
  <testcase name="validate[xml/decoders/rr-cirkits/PaneM2IOG1.xml (pass=true)]" classname="jmri.jmrit.decoderdefn.SchemaTest" time="0.14"/>
  <testcase name="validate[xml/decoders/rr-cirkits/ChoiceStepperNumber.xml (pass=true)]" classname="jmri.jmrit.decoderdefn.SchemaTest" time="0.129"/>
  <testcase name="validate[xml/decoders/rr-cirkits/ChoiceInputOutput.xml (pass=true)]" classname="jmri.jmrit.decoderdefn.SchemaTest" time="0.137"/>
  <testcase name="validate[xml/decoders/rr-cirkits/ChoiceStepperEffect.xml (pass=true)]" classname="jmri.jmrit.decoderdefn.SchemaTest" time="0.135"/>
  <testcase name="validate[xml/decoders/rr-cirkits/ChoiceStepperMode.xml (pass=true)]" classname="jmri.jmrit.decoderdefn.SchemaTest" time="0.13"/>
  <testcase name="validate[xml/decoders/rr-cirkits/PaneLampBrightness.xml (pass=true)]" classname="jmri.jmrit.decoderdefn.SchemaTest" time="0.142"/>
  <testcase name="validate[xml/decoders/rr-cirkits/Choice1Transition.xml (pass=true)]" classname="jmri.jmrit.decoderdefn.SchemaTest" time="0.132"/>
  <testcase name="validate[xml/decoders/rr-cirkits/ChoiceMultiplier.xml (pass=true)]" classname="jmri.jmrit.decoderdefn.SchemaTest" time="0.131"/>
  <testcase name="validate[xml/decoders/rr-cirkits/ChoiceMode.xml (pass=true)]" classname="jmri.jmrit.decoderdefn.SchemaTest" time="0.137"/>
  <testcase name="validate[xml/decoders/rr-cirkits/ChoicePairedInA.xml (pass=true)]" classname="jmri.jmrit.decoderdefn.SchemaTest" time="0.129"/>
  <testcase name="validate[xml/decoders/rr-cirkits/PaneM2IOA2.xml (pass=true)]" classname="jmri.jmrit.decoderdefn.SchemaTest" time="0.13"/>
  <testcase name="validate[xml/decoders/rr-cirkits/PaneStepper2.xml (pass=true)]" classname="jmri.jmrit.decoderdefn.SchemaTest" time="0.14"/>
  <testcase name="validate[xml/decoders/rr-cirkits/PaneM2IOA1.xml (pass=true)]" classname="jmri.jmrit.decoderdefn.SchemaTest" time="0.13"/>
  <testcase name="validate[xml/decoders/rr-cirkits/PaneM2IOH2.xml (pass=true)]" classname="jmri.jmrit.decoderdefn.SchemaTest" time="0.13"/>
  <testcase name="validate[xml/decoders/qdecoder/cv64-67debugCVs.xml (pass=true)]" classname="jmri.jmrit.decoderdefn.SchemaTest" time="0.148"/>
  <testcase name="validate[xml/decoders/qdecoder/cv28bidirectional.xml (pass=true)]" classname="jmri.jmrit.decoderdefn.SchemaTest" time="0.131"/>
  <testcase name="validate[xml/decoders/qdecoder/cv53.54.55switchingMode.xml (pass=true)]" classname="jmri.jmrit.decoderdefn.SchemaTest" time="0.146"/>
  <testcase name="validate[xml/decoders/qdecoder/modesFStandard.xml (pass=true)]" classname="jmri.jmrit.decoderdefn.SchemaTest" time="0.16"/>
  <testcase name="validate[xml/decoders/qdecoder/cv29bidirectional.xml (pass=true)]" classname="jmri.jmrit.decoderdefn.SchemaTest" time="0.131"/>
  <testcase name="validate[xml/decoders/qdecoder/enum-SwitchingModesZ1-16plus.xml (pass=true)]" classname="jmri.jmrit.decoderdefn.SchemaTest" time="0.142"/>
  <testcase name="validate[xml/decoders/qdecoder/address1-function.xml (pass=true)]" classname="jmri.jmrit.decoderdefn.SchemaTest" time="0.13"/>
  <testcase name="validate[xml/decoders/qdecoder/modesZStandard.xml (pass=true)]" classname="jmri.jmrit.decoderdefn.SchemaTest" time="0.17"/>
  <testcase name="validate[xml/decoders/qdecoder/mfgVersionId.xml (pass=true)]" classname="jmri.jmrit.decoderdefn.SchemaTest" time="0.14"/>
  <testcase name="validate[xml/decoders/qdecoder/functionmap.xml (pass=true)]" classname="jmri.jmrit.decoderdefn.SchemaTest" time="0.163"/>
  <testcase name="validate[xml/decoders/qdecoder/choice-SwitchingModeHidden.xml (pass=true)]" classname="jmri.jmrit.decoderdefn.SchemaTest" time="0.138"/>
  <testcase name="validate[xml/decoders/qdecoder/analogModeFunction.xml (pass=true)]" classname="jmri.jmrit.decoderdefn.SchemaTest" time="0.134"/>
  <testcase name="validate[xml/decoders/qdecoder/choice-SwitchingModeLampPlus.xml (pass=true)]" classname="jmri.jmrit.decoderdefn.SchemaTest" time="0.129"/>
  <testcase name="validate[xml/decoders/qdecoder/choice-SwitchingModeBasic.xml (pass=true)]" classname="jmri.jmrit.decoderdefn.SchemaTest" time="0.139"/>
  <testcase name="validate[xml/decoders/qdecoder/lightEffects.xml (pass=true)]" classname="jmri.jmrit.decoderdefn.SchemaTest" time="0.148"/>
  <testcase name="validate[xml/decoders/qdecoder/enum-SwitchingModesPlus.xml (pass=true)]" classname="jmri.jmrit.decoderdefn.SchemaTest" time="0.132"/>
  <testcase name="validate[xml/decoders/qdecoder/paneLocoAddresses.xml (pass=true)]" classname="jmri.jmrit.decoderdefn.SchemaTest" time="0.139"/>
  <testcase name="validate[xml/decoders/qdecoder/paneqDecoderDebug.xml (pass=true)]" classname="jmri.jmrit.decoderdefn.SchemaTest" time="0.127"/>
  <testcase name="validate[xml/decoders/qdecoder/cv29analog.xml (pass=true)]" classname="jmri.jmrit.decoderdefn.SchemaTest" time="0.132"/>
  <testcase name="validate[xml/decoders/qdecoder/enum-SwitchingModesZBasic.xml (pass=true)]" classname="jmri.jmrit.decoderdefn.SchemaTest" time="0.187"/>
  <testcase name="validate[xml/decoders/qdecoder/paneSwitchingVariants.xml (pass=true)]" classname="jmri.jmrit.decoderdefn.SchemaTest" time="0.168"/>
  <testcase name="validate[xml/decoders/qdecoder/enum-SwitchingModesZStandard.xml (pass=true)]" classname="jmri.jmrit.decoderdefn.SchemaTest" time="0.142"/>
  <testcase name="validate[xml/decoders/qdecoder/qDecoderInfo.xml (pass=true)]" classname="jmri.jmrit.decoderdefn.SchemaTest" time="0.13"/>
  <testcase name="validate[xml/decoders/qdecoder/choice-SwitchingModeLamp.xml (pass=true)]" classname="jmri.jmrit.decoderdefn.SchemaTest" time="0.13"/>
  <testcase name="validate[xml/decoders/qdecoder/choice-SwitchingModeMotor.xml (pass=true)]" classname="jmri.jmrit.decoderdefn.SchemaTest" time="0.14"/>
  <testcase name="validate[xml/decoders/qdecoder/choice-SwitchingModeLightEffectsAdd.xml (pass=true)]" classname="jmri.jmrit.decoderdefn.SchemaTest" time="0.129"/>
  <testcase name="validate[xml/decoders/qdecoder/enum-FunctionGenerator.xml (pass=true)]" classname="jmri.jmrit.decoderdefn.SchemaTest" time="0.13"/>
  <testcase name="validate[xml/decoders/qdecoder/paneSequenceGenerator.xml (pass=true)]" classname="jmri.jmrit.decoderdefn.SchemaTest" time="0.165"/>
  <testcase name="validate[xml/decoders/qdecoder/choice-SwitchingModeStd.xml (pass=true)]" classname="jmri.jmrit.decoderdefn.SchemaTest" time="0.13"/>
  <testcase name="validate[xml/decoders/qdecoder/paneAddressesModes.xml (pass=true)]" classname="jmri.jmrit.decoderdefn.SchemaTest" time="0.133"/>
  <testcase name="validate[xml/decoders/qdecoder/enum-SwitchingModesFStandard.xml (pass=true)]" classname="jmri.jmrit.decoderdefn.SchemaTest" time="0.142"/>
  <testcase name="validate[xml/decoders/qdecoder/functionmapF.xml (pass=true)]" classname="jmri.jmrit.decoderdefn.SchemaTest" time="0.162"/>
  <testcase name="validate[xml/decoders/qdecoder/enum-SwitchingModesFplus.xml (pass=true)]" classname="jmri.jmrit.decoderdefn.SchemaTest" time="0.141"/>
  <testcase name="validate[xml/decoders/qdecoder/cv57.58.60decoderConfig.xml (pass=true)]" classname="jmri.jmrit.decoderdefn.SchemaTest" time="0.133"/>
  <testcase name="validate[xml/decoders/qdecoder/paneAdvanced.xml (pass=true)]" classname="jmri.jmrit.decoderdefn.SchemaTest" time="0.127"/>
  <testcase name="validate[xml/decoders/qdecoder/address1-accessory.xml (pass=true)]" classname="jmri.jmrit.decoderdefn.SchemaTest" time="0.141"/>
  <testcase name="validate[xml/decoders/qdecoder/choice-SwitchingModeMotor2.xml (pass=true)]" classname="jmri.jmrit.decoderdefn.SchemaTest" time="0.129"/>
  <testcase name="validate[xml/decoders/qdecoder/shortAndLongAddress.xml (pass=true)]" classname="jmri.jmrit.decoderdefn.SchemaTest" time="0.13"/>
  <testcase name="validate[xml/decoders/qdecoder/addresses.xml (pass=true)]" classname="jmri.jmrit.decoderdefn.SchemaTest" time="0.141"/>
  <testcase name="validate[xml/decoders/qdecoder/paneAddressesModesBasic.xml (pass=true)]" classname="jmri.jmrit.decoderdefn.SchemaTest" time="0.13"/>
  <testcase name="validate[xml/decoders/qdecoder/modesZBasic.xml (pass=true)]" classname="jmri.jmrit.decoderdefn.SchemaTest" time="0.142"/>
  <testcase name="validate[xml/decoders/qdecoder/enum-LightEffects.xml (pass=true)]" classname="jmri.jmrit.decoderdefn.SchemaTest" time="0.141"/>
  <testcase name="validate[xml/decoders/qdecoder/modesFplus.xml (pass=true)]" classname="jmri.jmrit.decoderdefn.SchemaTest" time="0.185"/>
  <testcase name="validate[xml/decoders/qdecoder/modesZ2-8plus.xml (pass=true)]" classname="jmri.jmrit.decoderdefn.SchemaTest" time="0.19"/>
  <testcase name="validate[xml/decoders/qdecoder/functionGenerator.xml (pass=true)]" classname="jmri.jmrit.decoderdefn.SchemaTest" time="2.198"/>
  <testcase name="validate[xml/decoders/qdecoder/enum-SwitchingModesZ2-8plus.xml (pass=true)]" classname="jmri.jmrit.decoderdefn.SchemaTest" time="0.132"/>
  <testcase name="validate[xml/decoders/qdecoder/addLocoAddresses.xml (pass=true)]" classname="jmri.jmrit.decoderdefn.SchemaTest" time="0.137"/>
  <testcase name="validate[xml/decoders/qdecoder/functionOutputProperties.xml (pass=true)]" classname="jmri.jmrit.decoderdefn.SchemaTest" time="0.205"/>
  <testcase name="validate[xml/decoders/qdecoder/functionOnTime.xml (pass=true)]" classname="jmri.jmrit.decoderdefn.SchemaTest" time="0.13"/>
  <testcase name="validate[xml/decoders/qdecoder/paneFunctionGenerator.xml (pass=true)]" classname="jmri.jmrit.decoderdefn.SchemaTest" time="0.169"/>
  <testcase name="validate[xml/decoders/qdecoder/sequenceGenerator.xml (pass=true)]" classname="jmri.jmrit.decoderdefn.SchemaTest" time="0.413"/>
  <testcase name="validate[xml/decoders/qdecoder/cv21.22.xml (pass=true)]" classname="jmri.jmrit.decoderdefn.SchemaTest" time="0.145"/>
  <testcase name="validate[xml/decoders/qdecoder/modesZ1-16plus.xml (pass=true)]" classname="jmri.jmrit.decoderdefn.SchemaTest" time="0.191"/>
  <testcase name="validate[xml/decoders/qdecoder/choice-SwitchingModeViessmann.xml (pass=true)]" classname="jmri.jmrit.decoderdefn.SchemaTest" time="0.142"/>
  <testcase name="validate[xml/decoders/qdecoder/paneqDecoderInfo.xml (pass=true)]" classname="jmri.jmrit.decoderdefn.SchemaTest" time="0.129"/>
  <testcase name="validate[xml/decoders/qdecoder/addressesModes.xml (pass=true)]" classname="jmri.jmrit.decoderdefn.SchemaTest" time="0.18"/>
  <testcase name="validate[xml/decoders/qdecoder/paneLights.xml (pass=true)]" classname="jmri.jmrit.decoderdefn.SchemaTest" time="0.127"/>
  <testcase name="validate[xml/decoders/qdecoder/cv56.xml (pass=true)]" classname="jmri.jmrit.decoderdefn.SchemaTest" time="0.129"/>
  <testcase name="validate[xml/decoders/qdecoder/choice-SwitchingModeLightPlus.xml (pass=true)]" classname="jmri.jmrit.decoderdefn.SchemaTest" time="0.144"/>
  <testcase name="validate[xml/decoders/qdecoder/cv29decodertype.xml (pass=true)]" classname="jmri.jmrit.decoderdefn.SchemaTest" time="0.13"/>
  <testcase name="validate[xml/decoders/qdecoder/choice-SwitchingModeLightEffects.xml (pass=true)]" classname="jmri.jmrit.decoderdefn.SchemaTest" time="0.141"/>
  <testcase name="validate[xml/decoders/qdecoder/lights.xml (pass=true)]" classname="jmri.jmrit.decoderdefn.SchemaTest" time="0.13"/>
  <testcase name="validate[xml/decoders/qdecoder/choice-SwitchingModePlus.xml (pass=true)]" classname="jmri.jmrit.decoderdefn.SchemaTest" time="0.137"/>
  <testcase name="validate[xml/decoders/kuehn/PaneLights.xml (pass=true)]" classname="jmri.jmrit.decoderdefn.SchemaTest" time="0.128"/>
  <testcase name="validate[xml/decoders/kuehn/accelDecel_k.xml (pass=true)]" classname="jmri.jmrit.decoderdefn.SchemaTest" time="0.129"/>
  <testcase name="validate[xml/decoders/kuehn/PaneAdvanced.xml (pass=true)]" classname="jmri.jmrit.decoderdefn.SchemaTest" time="0.135"/>
  <testcase name="validate[xml/decoders/kuehn/PaneSUSI.xml (pass=true)]" classname="jmri.jmrit.decoderdefn.SchemaTest" time="0.129"/>
  <testcase name="validate[xml/decoders/kuehn/PaneShuntUncouple.xml (pass=true)]" classname="jmri.jmrit.decoderdefn.SchemaTest" time="0.138"/>
  <testcase name="validate[xml/decoders/kuehn/PaneRailcom.xml (pass=true)]" classname="jmri.jmrit.decoderdefn.SchemaTest" time="0.129"/>
  <testcase name="validate[xml/decoders/kuehn/cv29RailCom_k.xml (pass=true)]" classname="jmri.jmrit.decoderdefn.SchemaTest" time="0.13"/>
  <testcase name="validate[xml/decoders/kuehn/PaneABC.xml (pass=true)]" classname="jmri.jmrit.decoderdefn.SchemaTest" time="0.138"/>
  <testcase name="validate[xml/decoders/kuehn/functionmap_ext.xml (pass=true)]" classname="jmri.jmrit.decoderdefn.SchemaTest" time="0.157"/>
  <testcase name="validate[xml/decoders/kuehn/shortAndLongAddress_k.xml (pass=true)]" classname="jmri.jmrit.decoderdefn.SchemaTest" time="0.147"/>
  <testcase name="validate[xml/decoders/kuehn/analogModeFunction_k.xml (pass=true)]" classname="jmri.jmrit.decoderdefn.SchemaTest" time="0.134"/>
  <testcase name="validate[xml/decoders/kuehn/vStartHighMid_k.xml (pass=true)]" classname="jmri.jmrit.decoderdefn.SchemaTest" time="0.138"/>
  <testcase name="validate[xml/decoders/MGP_Signal10.xml (pass=true)]" classname="jmri.jmrit.decoderdefn.SchemaTest" time="0.173"/>
  <testcase name="validate[xml/decoders/TCS_FW01.xml (pass=true)]" classname="jmri.jmrit.decoderdefn.SchemaTest" time="0.207"/>
  <testcase name="validate[xml/decoders/MGP_Servo5.xml (pass=true)]" classname="jmri.jmrit.decoderdefn.SchemaTest" time="0.159"/>
  <testcase name="validate[xml/decoders/SoundTraxx_OEM_Bachmann_v3.xml (pass=true)]" classname="jmri.jmrit.decoderdefn.SchemaTest" time="0.166"/>
  <testcase name="validate[xml/decoders/Qdecoder_Z2-8plus.xml (pass=true)]" classname="jmri.jmrit.decoderdefn.SchemaTest" time="3.223"/>
  <testcase name="validate[xml/decoders/Hornby8245_v2.xml (pass=true)]" classname="jmri.jmrit.decoderdefn.SchemaTest" time="0.155"/>
  <testcase name="validate[xml/decoders/TAMS_FD-LED.xml (pass=true)]" classname="jmri.jmrit.decoderdefn.SchemaTest" time="0.227"/>
  <testcase name="validate[xml/decoders/Zimo_Unified_software_MX646v25.xml (pass=true)]" classname="jmri.jmrit.decoderdefn.SchemaTest" time="0.301"/>
  <testcase name="validate[xml/decoders/esu/lpStdV1AltLightEnum.xml (pass=true)]" classname="jmri.jmrit.decoderdefn.SchemaTest" time="0.146"/>
  <testcase name="validate[xml/decoders/esu/v4basicSpeedControlPane.xml (pass=true)]" classname="jmri.jmrit.decoderdefn.SchemaTest" time="0.127"/>
  <testcase name="validate[xml/decoders/esu/lightIntlightEnum.xml (pass=true)]" classname="jmri.jmrit.decoderdefn.SchemaTest" time="0.129"/>
  <testcase name="validate[xml/decoders/esu/v4lightEnum.xml (pass=true)]" classname="jmri.jmrit.decoderdefn.SchemaTest" time="0.151"/>
  <testcase name="validate[xml/decoders/esu/lpStdV1FnMapCVs.xml (pass=true)]" classname="jmri.jmrit.decoderdefn.SchemaTest" time="0.254"/>
  <testcase name="validate[xml/decoders/esu/v4soundCVs.xml (pass=true)]" classname="jmri.jmrit.decoderdefn.SchemaTest" time="0.165"/>
  <testcase name="validate[xml/decoders/esu/v4lightsPane.xml (pass=true)]" classname="jmri.jmrit.decoderdefn.SchemaTest" time="0.13"/>
  <testcase name="validate[xml/decoders/esu/v4standardCVs.xml (pass=true)]" classname="jmri.jmrit.decoderdefn.SchemaTest" time="0.241"/>
  <testcase name="validate[xml/decoders/esu/lpStdV1lightEnum.xml (pass=true)]" classname="jmri.jmrit.decoderdefn.SchemaTest" time="0.131"/>
  <testcase name="validate[xml/decoders/esu/v4fnSetPane.xml (pass=true)]" classname="jmri.jmrit.decoderdefn.SchemaTest" time="0.145"/>
  <testcase name="validate[xml/decoders/esu/v4soundPane.xml (pass=true)]" classname="jmri.jmrit.decoderdefn.SchemaTest" time="0.132"/>
  <testcase name="validate[xml/decoders/esu/v3bemfPane.xml (pass=true)]" classname="jmri.jmrit.decoderdefn.SchemaTest" time="0.148"/>
  <testcase name="validate[xml/decoders/esu/v4fnOutCVs.xml (pass=true)]" classname="jmri.jmrit.decoderdefn.SchemaTest" time="0.19"/>
  <testcase name="validate[xml/decoders/esu/v4advancedPane.xml (pass=true)]" classname="jmri.jmrit.decoderdefn.SchemaTest" time="0.162"/>
  <testcase name="validate[xml/decoders/esu/switchPilotPulseEnum.xml (pass=true)]" classname="jmri.jmrit.decoderdefn.SchemaTest" time="0.129"/>
  <testcase name="validate[xml/decoders/esu/v3extraPane.xml (pass=true)]" classname="jmri.jmrit.decoderdefn.SchemaTest" time="0.141"/>
  <testcase name="validate[xml/decoders/esu/v3brightnessPane.xml (pass=true)]" classname="jmri.jmrit.decoderdefn.SchemaTest" time="0.129"/>
  <testcase name="validate[xml/decoders/esu/v4speedTablePane.xml (pass=true)]" classname="jmri.jmrit.decoderdefn.SchemaTest" time="0.136"/>
  <testcase name="validate[xml/decoders/esu/v3fnMapCVs.xml (pass=true)]" classname="jmri.jmrit.decoderdefn.SchemaTest" time="0.34"/>
  <testcase name="validate[xml/decoders/esu/switchPilotFnOutCVs.xml (pass=true)]" classname="jmri.jmrit.decoderdefn.SchemaTest" time="0.197"/>
  <testcase name="validate[xml/decoders/esu/v4readMePane.xml (pass=true)]" classname="jmri.jmrit.decoderdefn.SchemaTest" time="0.188"/>
  <testcase name="validate[xml/decoders/esu/v4fnOutPane.xml (pass=true)]" classname="jmri.jmrit.decoderdefn.SchemaTest" time="0.149"/>
  <testcase name="validate[xml/decoders/esu/lightIntFnMapCVs.xml (pass=true)]" classname="jmri.jmrit.decoderdefn.SchemaTest" time="0.177"/>
  <testcase name="validate[xml/decoders/esu/v3standardCVs.xml (pass=true)]" classname="jmri.jmrit.decoderdefn.SchemaTest" time="0.194"/>
  <testcase name="validate[xml/decoders/esu/switchPilotAltEnum.xml (pass=true)]" classname="jmri.jmrit.decoderdefn.SchemaTest" time="0.129"/>
  <testcase name="validate[xml/decoders/esu/v4cv21.22.xml (pass=true)]" classname="jmri.jmrit.decoderdefn.SchemaTest" time="0.134"/>
  <testcase name="validate[xml/decoders/esu/enum-Fbutton.xml (pass=true)]" classname="jmri.jmrit.decoderdefn.SchemaTest" time="0.145"/>
  <testcase name="validate[xml/decoders/esu/v4soundLevelsPane.xml (pass=true)]" classname="jmri.jmrit.decoderdefn.SchemaTest" time="0.13"/>
  <testcase name="validate[xml/decoders/esu/switchPilotFnOutPane.xml (pass=true)]" classname="jmri.jmrit.decoderdefn.SchemaTest" time="0.144"/>
  <testcase name="validate[xml/decoders/esu/v4infoPane.xml (pass=true)]" classname="jmri.jmrit.decoderdefn.SchemaTest" time="0.132"/>
  <testcase name="validate[xml/decoders/LDH_2F-6Fv27.xml (pass=true)]" classname="jmri.jmrit.decoderdefn.SchemaTest" time="0.022"/>
  <testcase name="validate[xml/decoders/SDD-001.xml (pass=true)]" classname="jmri.jmrit.decoderdefn.SchemaTest" time="0.14"/>
  <testcase name="validate[xml/decoders/Zimo_MX620_v9.xml (pass=true)]" classname="jmri.jmrit.decoderdefn.SchemaTest" time="0.214"/>
  <testcase name="validate[xml/decoders/Lenz_LF101XF.xml (pass=true)]" classname="jmri.jmrit.decoderdefn.SchemaTest" time="0.185"/>
  <testcase name="validate[xml/decoders/Zimo_Unified_software_MX695KNv30.xml (pass=true)]" classname="jmri.jmrit.decoderdefn.SchemaTest" time="0.273"/>
  <testcase name="validate[xml/decoders/MRC_sounder1665.xml (pass=true)]" classname="jmri.jmrit.decoderdefn.SchemaTest" time="0.151"/>
  <testcase name="validate[xml/decoders/Viessmann_524x.xml (pass=true)]" classname="jmri.jmrit.decoderdefn.SchemaTest" time="0.174"/>
  <testcase name="validate[xml/decoders/Massoth_function_lights.xml (pass=true)]" classname="jmri.jmrit.decoderdefn.SchemaTest" time="0.152"/>
  <testcase name="validate[xml/decoders/zimo/PaneDecoderlock.xml (pass=true)]" classname="jmri.jmrit.decoderdefn.SchemaTest" time="0.129"/>
  <testcase name="validate[xml/decoders/zimo/Choice-FO1FO13.xml (pass=true)]" classname="jmri.jmrit.decoderdefn.SchemaTest" time="0.13"/>
  <testcase name="validate[xml/decoders/zimo/CV159-CV160.xml (pass=true)]" classname="jmri.jmrit.decoderdefn.SchemaTest" time="0.144"/>
  <testcase name="validate[xml/decoders/zimo/PaneAltFunctionMap8+.xml (pass=true)]" classname="jmri.jmrit.decoderdefn.SchemaTest" time="0.132"/>
  <testcase name="validate[xml/decoders/zimo/PaneAccelDecel.xml (pass=true)]" classname="jmri.jmrit.decoderdefn.SchemaTest" time="0.14"/>
  <testcase name="validate[xml/decoders/zimo/PaneAltFunctionMap4.xml (pass=true)]" classname="jmri.jmrit.decoderdefn.SchemaTest" time="0.131"/>
  <testcase name="validate[xml/decoders/zimo/CV33-CV46.xml (pass=true)]" classname="jmri.jmrit.decoderdefn.SchemaTest" time="0.171"/>
  <testcase name="validate[xml/decoders/zimo/CV250-CV253.xml (pass=true)]" classname="jmri.jmrit.decoderdefn.SchemaTest" time="0.13"/>
  <testcase name="validate[xml/decoders/zimo/Choice-Ligth4.xml (pass=true)]" classname="jmri.jmrit.decoderdefn.SchemaTest" time="0.13"/>
  <testcase name="validate[xml/decoders/zimo/CV430-CV489.xml (pass=true)]" classname="jmri.jmrit.decoderdefn.SchemaTest" time="0.19"/>
  <testcase name="validate[xml/decoders/zimo/Choice-M-key.xml (pass=true)]" classname="jmri.jmrit.decoderdefn.SchemaTest" time="0.13"/>
  <testcase name="validate[xml/decoders/zimo/CV372-CV399sound.xml (pass=true)]" classname="jmri.jmrit.decoderdefn.SchemaTest" time="0.141"/>
  <testcase name="validate[xml/decoders/zimo/PaneServos4.xml (pass=true)]" classname="jmri.jmrit.decoderdefn.SchemaTest" time="0.131"/>
  <testcase name="validate[xml/decoders/zimo/PaneRailcom.xml (pass=true)]" classname="jmri.jmrit.decoderdefn.SchemaTest" time="0.14"/>
  <testcase name="validate[xml/decoders/zimo/CV260-CV355sound.xml (pass=true)]" classname="jmri.jmrit.decoderdefn.SchemaTest" time="0.134"/>
  <testcase name="validate[xml/decoders/zimo/CV400-CV428.xml (pass=true)]" classname="jmri.jmrit.decoderdefn.SchemaTest" time="0.131"/>
  <testcase name="validate[xml/decoders/zimo/CV500-CV603.xml (pass=true)]" classname="jmri.jmrit.decoderdefn.SchemaTest" time="0.154"/>
  <testcase name="validate[xml/decoders/zimo/PaneSound.xml (pass=true)]" classname="jmri.jmrit.decoderdefn.SchemaTest" time="0.133"/>
  <testcase name="validate[xml/decoders/zimo/CV745-CV768.xml (pass=true)]" classname="jmri.jmrit.decoderdefn.SchemaTest" time="0.15"/>
  <testcase name="validate[xml/decoders/zimo/PaneSmoke.xml (pass=true)]" classname="jmri.jmrit.decoderdefn.SchemaTest" time="0.13"/>
  <testcase name="validate[xml/decoders/zimo/Choice-Ligth2.xml (pass=true)]" classname="jmri.jmrit.decoderdefn.SchemaTest" time="0.129"/>
  <testcase name="validate[xml/decoders/zimo/PaneShuntUncouple.xml (pass=true)]" classname="jmri.jmrit.decoderdefn.SchemaTest" time="0.139"/>
  <testcase name="validate[xml/decoders/zimo/Choice-M-key_v34.xml (pass=true)]" classname="jmri.jmrit.decoderdefn.SchemaTest" time="0.13"/>
  <testcase name="validate[xml/decoders/zimo/PaneSoundSamples.xml (pass=true)]" classname="jmri.jmrit.decoderdefn.SchemaTest" time="0.143"/>
  <testcase name="validate[xml/decoders/zimo/PaneServos2.xml (pass=true)]" classname="jmri.jmrit.decoderdefn.SchemaTest" time="0.13"/>
  <testcase name="validate[xml/decoders/zimo/Choice-Ligth6.xml (pass=true)]" classname="jmri.jmrit.decoderdefn.SchemaTest" time="0.13"/>
  <testcase name="validate[xml/decoders/zimo/CV399.xml (pass=true)]" classname="jmri.jmrit.decoderdefn.SchemaTest" time="0.139"/>
  <testcase name="validate[xml/decoders/zimo/PaneFunctionOutput_alternative.xml (pass=true)]" classname="jmri.jmrit.decoderdefn.SchemaTest" time="0.13"/>
  <testcase name="validate[xml/decoders/zimo/CV366-CV371sound.xml (pass=true)]" classname="jmri.jmrit.decoderdefn.SchemaTest" time="0.14"/>
  <testcase name="validate[xml/decoders/zimo/Choice-Ligth3.xml (pass=true)]" classname="jmri.jmrit.decoderdefn.SchemaTest" time="0.13"/>
  <testcase name="validate[xml/decoders/zimo/PaneLoadCode.xml (pass=true)]" classname="jmri.jmrit.decoderdefn.SchemaTest" time="0.129"/>
  <testcase name="validate[xml/decoders/zimo/CV260-CV355sound_version30.xml (pass=true)]" classname="jmri.jmrit.decoderdefn.SchemaTest" time="0.146"/>
  <testcase name="validate[xml/decoders/zimo/PaneSound-DieselLoco.xml (pass=true)]" classname="jmri.jmrit.decoderdefn.SchemaTest" time="0.129"/>
  <testcase name="validate[xml/decoders/zimo/CV153-CV157version28.xml (pass=true)]" classname="jmri.jmrit.decoderdefn.SchemaTest" time="0.133"/>
  <testcase name="validate[xml/decoders/zimo/PaneSecondAddress.xml (pass=true)]" classname="jmri.jmrit.decoderdefn.SchemaTest" time="0.142"/>
  <testcase name="validate[xml/decoders/zimo/Choice-Ligth1.xml (pass=true)]" classname="jmri.jmrit.decoderdefn.SchemaTest" time="0.13"/>
  <testcase name="validate[xml/decoders/zimo/PaneAltFunctionMap4+4.xml (pass=true)]" classname="jmri.jmrit.decoderdefn.SchemaTest" time="0.14"/>
  <testcase name="validate[xml/decoders/zimo/CV357-CV365sound_version28.xml (pass=true)]" classname="jmri.jmrit.decoderdefn.SchemaTest" time="0.131"/>
  <testcase name="validate[xml/decoders/zimo/CV604-CV699.xml (pass=true)]" classname="jmri.jmrit.decoderdefn.SchemaTest" time="0.136"/>
  <testcase name="validate[xml/decoders/zimo/CV161-CV185Servo.xml (pass=true)]" classname="jmri.jmrit.decoderdefn.SchemaTest" time="0.143"/>
  <testcase name="validate[xml/decoders/zimo/PaneSoundLevels.xml (pass=true)]" classname="jmri.jmrit.decoderdefn.SchemaTest" time="0.132"/>
  <testcase name="validate[xml/decoders/zimo/PaneAltFunctionMap6+2+.xml (pass=true)]" classname="jmri.jmrit.decoderdefn.SchemaTest" time="0.161"/>
  <testcase name="validate[xml/decoders/zimo/CV37-CV46.xml (pass=true)]" classname="jmri.jmrit.decoderdefn.SchemaTest" time="0.164"/>
  <testcase name="validate[xml/decoders/zimo/PaneABC.xml (pass=true)]" classname="jmri.jmrit.decoderdefn.SchemaTest" time="0.162"/>
  <testcase name="validate[xml/decoders/zimo/CV158version32.xml (pass=true)]" classname="jmri.jmrit.decoderdefn.SchemaTest" time="0.139"/>
  <testcase name="validate[xml/decoders/zimo/PaneAltFunctionMap8.xml (pass=true)]" classname="jmri.jmrit.decoderdefn.SchemaTest" time="0.131"/>
  <testcase name="validate[xml/decoders/zimo/CV100-CV152version30.xml (pass=true)]" classname="jmri.jmrit.decoderdefn.SchemaTest" time="0.162"/>
  <testcase name="validate[xml/decoders/zimo/factReset-v32.xml (pass=true)]" classname="jmri.jmrit.decoderdefn.SchemaTest" time="0.14"/>
  <testcase name="validate[xml/decoders/zimo/enum-Fx_servo.xml (pass=true)]" classname="jmri.jmrit.decoderdefn.SchemaTest" time="0.129"/>
  <testcase name="validate[xml/decoders/zimo/Choice-F0F28.xml (pass=true)]" classname="jmri.jmrit.decoderdefn.SchemaTest" time="0.14"/>
  <testcase name="validate[xml/decoders/zimo/Choice-Light7.xml (pass=true)]" classname="jmri.jmrit.decoderdefn.SchemaTest" time="0.128"/>
  <testcase name="validate[xml/decoders/zimo/PaneSound-ElectricLoco.xml (pass=true)]" classname="jmri.jmrit.decoderdefn.SchemaTest" time="0.13"/>
  <testcase name="validate[xml/decoders/zimo/PaneInputMapping.xml (pass=true)]" classname="jmri.jmrit.decoderdefn.SchemaTest" time="0.139"/>
  <testcase name="validate[xml/decoders/zimo/PaneSpeedRegulation.xml (pass=true)]" classname="jmri.jmrit.decoderdefn.SchemaTest" time="0.129"/>
  <testcase name="validate[xml/decoders/zimo/CVSwissMapping_v36.xml (pass=true)]" classname="jmri.jmrit.decoderdefn.SchemaTest" time="0.205"/>
  <testcase name="validate[xml/decoders/zimo/CV69-CV83_alternative.xml (pass=true)]" classname="jmri.jmrit.decoderdefn.SchemaTest" time="0.16"/>
  <testcase name="validate[xml/decoders/zimo/PaneAltFunctionMap4+2.xml (pass=true)]" classname="jmri.jmrit.decoderdefn.SchemaTest" time="0.131"/>
  <testcase name="validate[xml/decoders/zimo/PaneZimoSpecific.xml (pass=true)]" classname="jmri.jmrit.decoderdefn.SchemaTest" time="0.139"/>
  <testcase name="validate[xml/decoders/zimo/CV145_kickStart.xml (pass=true)]" classname="jmri.jmrit.decoderdefn.SchemaTest" time="0.129"/>
  <testcase name="validate[xml/decoders/zimo/CV739-CV744.xml (pass=true)]" classname="jmri.jmrit.decoderdefn.SchemaTest" time="0.129"/>
  <testcase name="validate[xml/decoders/zimo/PaneRandomSounds.xml (pass=true)]" classname="jmri.jmrit.decoderdefn.SchemaTest" time="0.139"/>
  <testcase name="validate[xml/decoders/zimo/PaneAltFunctionMap6+2.xml (pass=true)]" classname="jmri.jmrit.decoderdefn.SchemaTest" time="0.132"/>
  <testcase name="validate[xml/decoders/zimo/PaneSwissMapping_v36.xml (pass=true)]" classname="jmri.jmrit.decoderdefn.SchemaTest" time="0.141"/>
  <testcase name="validate[xml/decoders/zimo/PaneSwissMapping.xml (pass=true)]" classname="jmri.jmrit.decoderdefn.SchemaTest" time="0.131"/>
  <testcase name="validate[xml/decoders/zimo/PaneAltFunctionMap6+2C.xml (pass=true)]" classname="jmri.jmrit.decoderdefn.SchemaTest" time="0.13"/>
  <testcase name="validate[xml/decoders/zimo/PaneFunctionOutput.xml (pass=true)]" classname="jmri.jmrit.decoderdefn.SchemaTest" time="0.14"/>
  <testcase name="validate[xml/decoders/zimo/Choice-Ligth5.xml (pass=true)]" classname="jmri.jmrit.decoderdefn.SchemaTest" time="0.129"/>
  <testcase name="validate[xml/decoders/zimo/PaneAltFunctionMap6.xml (pass=true)]" classname="jmri.jmrit.decoderdefn.SchemaTest" time="0.13"/>
  <testcase name="validate[xml/decoders/zimo/PaneAccelDecel_alternative.xml (pass=true)]" classname="jmri.jmrit.decoderdefn.SchemaTest" time="0.138"/>
  <testcase name="validate[xml/decoders/zimo/CV100-CV152.xml (pass=true)]" classname="jmri.jmrit.decoderdefn.SchemaTest" time="0.159"/>
  <testcase name="validate[xml/decoders/zimo/CV153-CV157version27.xml (pass=true)]" classname="jmri.jmrit.decoderdefn.SchemaTest" time="0.139"/>
  <testcase name="validate[xml/decoders/zimo/CV1-CV99.xml (pass=true)]" classname="jmri.jmrit.decoderdefn.SchemaTest" time="0.205"/>
  <testcase name="validate[xml/decoders/zimo/CV152bit7version27.xml (pass=true)]" classname="jmri.jmrit.decoderdefn.SchemaTest" time="0.129"/>
  <testcase name="validate[xml/decoders/tcs/Choice_resv_9AB.xml (pass=true)]" classname="jmri.jmrit.decoderdefn.SchemaTest" time="0.139"/>
  <testcase name="validate[xml/decoders/tcs/Choice_frw_rev_FLon.xml (pass=true)]" classname="jmri.jmrit.decoderdefn.SchemaTest" time="0.128"/>
  <testcase name="validate[xml/decoders/tcs/enum-CVX_group_light.xml (pass=true)]" classname="jmri.jmrit.decoderdefn.SchemaTest" time="0.131"/>
  <testcase name="validate[xml/decoders/tcs/CV7_CV15_FW01.xml (pass=true)]" classname="jmri.jmrit.decoderdefn.SchemaTest" time="0.192"/>
  <testcase name="validate[xml/decoders/tcs/Pane_TCS.xml (pass=true)]" classname="jmri.jmrit.decoderdefn.SchemaTest" time="0.13"/>
  <testcase name="validate[xml/decoders/tcs/wowDieselCV.xml (pass=true)]" classname="jmri.jmrit.decoderdefn.SchemaTest" time="0.152"/>
  <testcase name="validate[xml/decoders/tcs/enum-CVX_light_short.xml (pass=true)]" classname="jmri.jmrit.decoderdefn.SchemaTest" time="0.131"/>
  <testcase name="validate[xml/decoders/tcs/enumDiesel04.xml (pass=true)]" classname="jmri.jmrit.decoderdefn.SchemaTest" time="0.13"/>
  <testcase name="validate[xml/decoders/tcs/enum-frw_rev_both_reserv.xml (pass=true)]" classname="jmri.jmrit.decoderdefn.SchemaTest" time="0.142"/>
  <testcase name="validate[xml/decoders/tcs/CV1_CV106_Fn_FW41.xml (pass=true)]" classname="jmri.jmrit.decoderdefn.SchemaTest" time="0.196"/>
  <testcase name="validate[xml/decoders/tcs/Pane_wow_vol4.xml (pass=true)]" classname="jmri.jmrit.decoderdefn.SchemaTest" time="0.161"/>
  <testcase name="validate[xml/decoders/tcs/2_CV13_Fn.xml (pass=true)]" classname="jmri.jmrit.decoderdefn.SchemaTest" time="0.206"/>
  <testcase name="validate[xml/decoders/tcs/enumDiesel02.xml (pass=true)]" classname="jmri.jmrit.decoderdefn.SchemaTest" time="0.154"/>
  <testcase name="validate[xml/decoders/tcs/Pane_wow_snd.xml (pass=true)]" classname="jmri.jmrit.decoderdefn.SchemaTest" time="0.154"/>
  <testcase name="validate[xml/decoders/tcs/2_CV7-8.xml (pass=true)]" classname="jmri.jmrit.decoderdefn.SchemaTest" time="0.144"/>
  <testcase name="validate[xml/decoders/tcs/enum-light.xml (pass=true)]" classname="jmri.jmrit.decoderdefn.SchemaTest" time="0.13"/>
  <testcase name="validate[xml/decoders/tcs/CV1_CV99_FW41.xml (pass=true)]" classname="jmri.jmrit.decoderdefn.SchemaTest" time="0.229"/>
  <testcase name="validate[xml/decoders/tcs/Pane_wow_vol5.xml (pass=true)]" classname="jmri.jmrit.decoderdefn.SchemaTest" time="0.132"/>
  <testcase name="validate[xml/decoders/tcs/Choice_frw_rev_both.xml (pass=true)]" classname="jmri.jmrit.decoderdefn.SchemaTest" time="0.129"/>
  <testcase name="validate[xml/decoders/tcs/enum-frw_rev_both.xml (pass=true)]" classname="jmri.jmrit.decoderdefn.SchemaTest" time="0.142"/>
  <testcase name="validate[xml/decoders/tcs/enum-effect_generatedx1.xml (pass=true)]" classname="jmri.jmrit.decoderdefn.SchemaTest" time="0.166"/>
  <testcase name="validate[xml/decoders/tcs/Pane_wow_vol3.xml (pass=true)]" classname="jmri.jmrit.decoderdefn.SchemaTest" time="0.143"/>
  <testcase name="validate[xml/decoders/tcs/CV1_CV106_Fn_FW86.xml (pass=true)]" classname="jmri.jmrit.decoderdefn.SchemaTest" time="0.223"/>
  <testcase name="validate[xml/decoders/tcs/wowSteamCV.xml (pass=true)]" classname="jmri.jmrit.decoderdefn.SchemaTest" time="0.214"/>
  <testcase name="validate[xml/decoders/tcs/CV100_CV187_wow.xml (pass=true)]" classname="jmri.jmrit.decoderdefn.SchemaTest" time="0.225"/>
  <testcase name="validate[xml/decoders/tcs/enum-CVX_group2.xml (pass=true)]" classname="jmri.jmrit.decoderdefn.SchemaTest" time="0.137"/>
  <testcase name="validate[xml/decoders/tcs/Choice_resv_345.xml (pass=true)]" classname="jmri.jmrit.decoderdefn.SchemaTest" time="0.138"/>
  <testcase name="validate[xml/decoders/tcs/Pane_wow_chuff.xml (pass=true)]" classname="jmri.jmrit.decoderdefn.SchemaTest" time="0.198"/>
  <testcase name="validate[xml/decoders/tcs/enum-CVX_1-106_light.xml (pass=true)]" classname="jmri.jmrit.decoderdefn.SchemaTest" time="0.143"/>
  <testcase name="validate[xml/decoders/tcs/wowElectricCV.xml (pass=true)]" classname="jmri.jmrit.decoderdefn.SchemaTest" time="0.152"/>
  <testcase name="validate[xml/decoders/tcs/enum-primemover.xml (pass=true)]" classname="jmri.jmrit.decoderdefn.SchemaTest" time="0.148"/>
  <testcase name="validate[xml/decoders/tcs/Pane_Momentum.xml (pass=true)]" classname="jmri.jmrit.decoderdefn.SchemaTest" time="0.141"/>
  <testcase name="validate[xml/decoders/tcs/enumElectric01.xml (pass=true)]" classname="jmri.jmrit.decoderdefn.SchemaTest" time="0.137"/>
  <testcase name="validate[xml/decoders/tcs/Choice_AutoMars.xml (pass=true)]" classname="jmri.jmrit.decoderdefn.SchemaTest" time="0.149"/>
  <testcase name="validate[xml/decoders/tcs/Choice_Momentarypulse.xml (pass=true)]" classname="jmri.jmrit.decoderdefn.SchemaTest" time="0.138"/>
  <testcase name="validate[xml/decoders/tcs/CV19_CV58_FW01.xml (pass=true)]" classname="jmri.jmrit.decoderdefn.SchemaTest" time="0.19"/>
  <testcase name="validate[xml/decoders/tcs/Pane_wow_vol2.xml (pass=true)]" classname="jmri.jmrit.decoderdefn.SchemaTest" time="0.139"/>
  <testcase name="validate[xml/decoders/tcs/CV249_CV252_FW41.xml (pass=true)]" classname="jmri.jmrit.decoderdefn.SchemaTest" time="0.138"/>
  <testcase name="validate[xml/decoders/tcs/Choice_Constantbright.xml (pass=true)]" classname="jmri.jmrit.decoderdefn.SchemaTest" time="0.144"/>
  <testcase name="validate[xml/decoders/tcs/CV100_CV157_FW86.xml (pass=true)]" classname="jmri.jmrit.decoderdefn.SchemaTest" time="0.152"/>
  <testcase name="validate[xml/decoders/tcs/Pane_Brake.xml (pass=true)]" classname="jmri.jmrit.decoderdefn.SchemaTest" time="0.142"/>
  <testcase name="validate[xml/decoders/tcs/enumDiesel03.xml (pass=true)]" classname="jmri.jmrit.decoderdefn.SchemaTest" time="0.149"/>
  <testcase name="validate[xml/decoders/tcs/Pane_wow_vol0.xml (pass=true)]" classname="jmri.jmrit.decoderdefn.SchemaTest" time="0.141"/>
  <testcase name="validate[xml/decoders/tcs/CV1_CV99_FW86.xml (pass=true)]" classname="jmri.jmrit.decoderdefn.SchemaTest" time="0.194"/>
  <testcase name="validate[xml/decoders/tcs/enumSoundV2.xml (pass=true)]" classname="jmri.jmrit.decoderdefn.SchemaTest" time="0.226"/>
  <testcase name="validate[xml/decoders/tcs/Choice_resv_C.xml (pass=true)]" classname="jmri.jmrit.decoderdefn.SchemaTest" time="0.328"/>
  <testcase name="validate[xml/decoders/tcs/Pane_wow_vol_grp.xml (pass=true)]" classname="jmri.jmrit.decoderdefn.SchemaTest" time="0.34"/>
  <testcase name="validate[xml/decoders/tcs/Pane_wow_vol6.xml (pass=true)]" classname="jmri.jmrit.decoderdefn.SchemaTest" time="0.218"/>
  <testcase name="validate[xml/decoders/tcs/Choice_resv_678.xml (pass=true)]" classname="jmri.jmrit.decoderdefn.SchemaTest" time="0.165"/>
  <testcase name="validate[xml/decoders/tcs/2_CV29.xml (pass=true)]" classname="jmri.jmrit.decoderdefn.SchemaTest" time="0.158"/>
  <testcase name="validate[xml/decoders/tcs/CV1_CV99_wow.xml (pass=true)]" classname="jmri.jmrit.decoderdefn.SchemaTest" time="0.213"/>
  <testcase name="validate[xml/decoders/tcs/CV100_CV157_FW41.xml (pass=true)]" classname="jmri.jmrit.decoderdefn.SchemaTest" time="0.151"/>
  <testcase name="validate[xml/decoders/tcs/enumSoundV1.xml (pass=true)]" classname="jmri.jmrit.decoderdefn.SchemaTest" time="0.153"/>
  <testcase name="validate[xml/decoders/tcs/Choice_SingleStrobe2.xml (pass=true)]" classname="jmri.jmrit.decoderdefn.SchemaTest" time="0.176"/>
  <testcase name="validate[xml/decoders/tcs/Pane_wow_vol1.xml (pass=true)]" classname="jmri.jmrit.decoderdefn.SchemaTest" time="0.163"/>
  <testcase name="validate[xml/decoders/tcs/2_CV21_Fn.xml (pass=true)]" classname="jmri.jmrit.decoderdefn.SchemaTest" time="0.185"/>
  <testcase name="validate[xml/decoders/tcs/Choice_BlinkingditchAB.xml (pass=true)]" classname="jmri.jmrit.decoderdefn.SchemaTest" time="0.173"/>
  <testcase name="validate[xml/decoders/tcs/Choice_AutoMarsBrake.xml (pass=true)]" classname="jmri.jmrit.decoderdefn.SchemaTest" time="0.185"/>
  <testcase name="validate[xml/decoders/tcs/Template.xml (pass=true)]" classname="jmri.jmrit.decoderdefn.SchemaTest" time="0.183"/>
  <testcase name="validate[xml/decoders/tcs/Choice_Normonoffcntrl.xml (pass=true)]" classname="jmri.jmrit.decoderdefn.SchemaTest" time="0.136"/>
  <testcase name="validate[xml/decoders/tcs/CV1_CV106_Fn_FW01.xml (pass=true)]" classname="jmri.jmrit.decoderdefn.SchemaTest" time="0.179"/>
  <testcase name="validate[xml/decoders/tcs/2_CV1-6.xml (pass=true)]" classname="jmri.jmrit.decoderdefn.SchemaTest" time="0.132"/>
  <testcase name="validate[xml/decoders/tcs/enumEMDV1.xml (pass=true)]" classname="jmri.jmrit.decoderdefn.SchemaTest" time="0.13"/>
  <testcase name="validate[xml/decoders/tcs/CV249_CV252_FW86.xml (pass=true)]" classname="jmri.jmrit.decoderdefn.SchemaTest" time="0.149"/>
  <testcase name="validate[xml/decoders/tcs/Choice_resv_DEF.xml (pass=true)]" classname="jmri.jmrit.decoderdefn.SchemaTest" time="0.162"/>
  <testcase name="validate[xml/decoders/tcs/2_CV13.xml (pass=true)]" classname="jmri.jmrit.decoderdefn.SchemaTest" time="0.192"/>
  <testcase name="validate[xml/decoders/tcs/enumSoundV3.xml (pass=true)]" classname="jmri.jmrit.decoderdefn.SchemaTest" time="0.175"/>
  <testcase name="validate[xml/decoders/tcs/enumSteamV4.xml (pass=true)]" classname="jmri.jmrit.decoderdefn.SchemaTest" time="0.17"/>
  <testcase name="validate[xml/decoders/tcs/Choice_Constdim.xml (pass=true)]" classname="jmri.jmrit.decoderdefn.SchemaTest" time="0.15"/>
  <testcase name="validate[xml/decoders/tcs/Pane_wow_4cv.xml (pass=true)]" classname="jmri.jmrit.decoderdefn.SchemaTest" time="0.131"/>
  <testcase name="validate[xml/decoders/tcs/Pane_wow_vol7.xml (pass=true)]" classname="jmri.jmrit.decoderdefn.SchemaTest" time="0.161"/>
  <testcase name="validate[xml/decoders/tcs/2_CV35-54_Fn.xml (pass=true)]" classname="jmri.jmrit.decoderdefn.SchemaTest" time="0.176"/>
  <testcase name="validate[xml/decoders/tcs/2_CV59-60_Fn.xml (pass=true)]" classname="jmri.jmrit.decoderdefn.SchemaTest" time="0.136"/>
  <testcase name="validate[xml/decoders/tcs/Choice_group2.xml (pass=true)]" classname="jmri.jmrit.decoderdefn.SchemaTest" time="0.139"/>
  <testcase name="validate[xml/decoders/MRC_sound1630.xml (pass=true)]" classname="jmri.jmrit.decoderdefn.SchemaTest" time="0.163"/>
  <testcase name="validate[xml/decoders/TCS_A1.xml (pass=true)]" classname="jmri.jmrit.decoderdefn.SchemaTest" time="0.184"/>
  <testcase name="validate[xml/decoders/DCC_Concepts_Loco.xml (pass=true)]" classname="jmri.jmrit.decoderdefn.SchemaTest" time="0.184"/>
  <testcase name="validate[xml/decoders/Kato_em13.xml (pass=true)]" classname="jmri.jmrit.decoderdefn.SchemaTest" time="0.205"/>
  <testcase name="validate[xml/decoders/Qdecoder_ZStandard.xml (pass=true)]" classname="jmri.jmrit.decoderdefn.SchemaTest" time="0.317"/>
  <testcase name="validate[xml/decoders/Zimo_Unified_software_v34_MX646.xml (pass=true)]" classname="jmri.jmrit.decoderdefn.SchemaTest" time="0.447"/>
  <testcase name="validate[xml/decoders/MRC_N_scale_Non_sound.xml (pass=true)]" classname="jmri.jmrit.decoderdefn.SchemaTest" time="0.169"/>
  <testcase name="validate[xml/decoders/rautenhaus/Pane_special.xml (pass=true)]" classname="jmri.jmrit.decoderdefn.SchemaTest" time="0.171"/>
  <testcase name="validate[xml/decoders/rautenhaus/cv27brakemode_bit4.xml (pass=true)]" classname="jmri.jmrit.decoderdefn.SchemaTest" time="0.138"/>
  <testcase name="validate[xml/decoders/rautenhaus/cv58trackchar.xml (pass=true)]" classname="jmri.jmrit.decoderdefn.SchemaTest" time="0.139"/>
  <testcase name="validate[xml/decoders/rautenhaus/cv59contint.xml (pass=true)]" classname="jmri.jmrit.decoderdefn.SchemaTest" time="0.147"/>
  <testcase name="validate[xml/decoders/rautenhaus/cv14_analogModeFunction.xml (pass=true)]" classname="jmri.jmrit.decoderdefn.SchemaTest" time="0.139"/>
  <testcase name="validate[xml/decoders/rautenhaus/Pane_AltFunctionMap.xml (pass=true)]" classname="jmri.jmrit.decoderdefn.SchemaTest" time="0.137"/>
  <testcase name="validate[xml/decoders/rautenhaus/cv27brakemode_bit5.xml (pass=true)]" classname="jmri.jmrit.decoderdefn.SchemaTest" time="0.145"/>
  <testcase name="validate[xml/decoders/rautenhaus/cv122-123trackchar.xml (pass=true)]" classname="jmri.jmrit.decoderdefn.SchemaTest" time="0.137"/>
  <testcase name="validate[xml/decoders/rautenhaus/Vars_common_pwr_normal.xml (pass=true)]" classname="jmri.jmrit.decoderdefn.SchemaTest" time="0.137"/>
  <testcase name="validate[xml/decoders/rautenhaus/Pane_common.xml (pass=true)]" classname="jmri.jmrit.decoderdefn.SchemaTest" time="0.143"/>
  <testcase name="validate[xml/decoders/rautenhaus/cv112-115function.xml (pass=true)]" classname="jmri.jmrit.decoderdefn.SchemaTest" time="0.146"/>
  <testcase name="validate[xml/decoders/rautenhaus/cv116function.xml (pass=true)]" classname="jmri.jmrit.decoderdefn.SchemaTest" time="0.146"/>
  <testcase name="validate[xml/decoders/rautenhaus/cv96shortfuse.xml (pass=true)]" classname="jmri.jmrit.decoderdefn.SchemaTest" time="0.136"/>
  <testcase name="validate[xml/decoders/rautenhaus/cv60_64locochar.xml (pass=true)]" classname="jmri.jmrit.decoderdefn.SchemaTest" time="0.136"/>
  <testcase name="validate[xml/decoders/rautenhaus/Pane_StartBrakeShunt.xml (pass=true)]" classname="jmri.jmrit.decoderdefn.SchemaTest" time="0.145"/>
  <testcase name="validate[xml/decoders/rautenhaus/Vars_common.xml (pass=true)]" classname="jmri.jmrit.decoderdefn.SchemaTest" time="0.176"/>
  <testcase name="validate[xml/decoders/rautenhaus/cv57locochar.xml (pass=true)]" classname="jmri.jmrit.decoderdefn.SchemaTest" time="0.137"/>
  <testcase name="validate[xml/decoders/SPROG_DCC_Servo6.xml (pass=true)]" classname="jmri.jmrit.decoderdefn.SchemaTest" time="0.148"/>
  <testcase name="validate[xml/decoders/parts/enum-DisableEnable_01.xml (pass=true)]" classname="jmri.jmrit.decoderdefn.SchemaTest" time="0.137"/>
  <testcase name="validate[xml/decoders/parts/enum-offAutoOn.xml (pass=true)]" classname="jmri.jmrit.decoderdefn.SchemaTest" time="0.136"/>
  <testcase name="validate[xml/decoders/parts/enum-offDimBright.xml (pass=true)]" classname="jmri.jmrit.decoderdefn.SchemaTest" time="0.144"/>
  <testcase name="validate[xml/decoders/parts/enum-NegPosPulse.xml (pass=true)]" classname="jmri.jmrit.decoderdefn.SchemaTest" time="0.137"/>
  <testcase name="validate[xml/decoders/parts/enum-NoneHornBell.xml (pass=true)]" classname="jmri.jmrit.decoderdefn.SchemaTest" time="0.147"/>
  <testcase name="validate[xml/decoders/parts/enum-NormRev.xml (pass=true)]" classname="jmri.jmrit.decoderdefn.SchemaTest" time="0.136"/>
  <testcase name="validate[xml/decoders/parts/enum-both_frw_rev.xml (pass=true)]" classname="jmri.jmrit.decoderdefn.SchemaTest" time="0.136"/>
  <testcase name="validate[xml/decoders/parts/enum-NotusedEnabled.xml (pass=true)]" classname="jmri.jmrit.decoderdefn.SchemaTest" time="0.144"/>
  <testcase name="validate[xml/decoders/parts/enum-disabledEnabled.xml (pass=true)]" classname="jmri.jmrit.decoderdefn.SchemaTest" time="0.136"/>
  <testcase name="validate[xml/decoders/parts/enum-OffOn-1_0.xml (pass=true)]" classname="jmri.jmrit.decoderdefn.SchemaTest" time="0.137"/>
  <testcase name="validate[xml/decoders/parts/enum-OffOn.xml (pass=true)]" classname="jmri.jmrit.decoderdefn.SchemaTest" time="0.146"/>
  <testcase name="validate[xml/decoders/parts/enum-OffOn-0_1.xml (pass=true)]" classname="jmri.jmrit.decoderdefn.SchemaTest" time="0.137"/>
  <testcase name="validate[xml/decoders/parts/enum-ConsistAddress.xml (pass=true)]" classname="jmri.jmrit.decoderdefn.SchemaTest" time="0.137"/>
  <testcase name="validate[xml/decoders/parts/enum-NoYes-0_1.xml (pass=true)]" classname="jmri.jmrit.decoderdefn.SchemaTest" time="0.152"/>
  <testcase name="validate[xml/decoders/parts/enum-LowHigh.xml (pass=true)]" classname="jmri.jmrit.decoderdefn.SchemaTest" time="0.137"/>
  <testcase name="validate[xml/decoders/parts/enum-InputOutput.xml (pass=true)]" classname="jmri.jmrit.decoderdefn.SchemaTest" time="0.136"/>
  <testcase name="validate[xml/decoders/parts/enum-OffAutoOnDim.xml (pass=true)]" classname="jmri.jmrit.decoderdefn.SchemaTest" time="0.144"/>
  <testcase name="validate[xml/decoders/parts/enum-frw_rev_both.xml (pass=true)]" classname="jmri.jmrit.decoderdefn.SchemaTest" time="0.137"/>
  <testcase name="validate[xml/decoders/parts/enum-FwdRev.xml (pass=true)]" classname="jmri.jmrit.decoderdefn.SchemaTest" time="0.144"/>
  <testcase name="validate[xml/decoders/parts/enum-OffAutoOnDimStrobe.xml (pass=true)]" classname="jmri.jmrit.decoderdefn.SchemaTest" time="0.137"/>
  <testcase name="validate[xml/decoders/parts/enum-NoYes.xml (pass=true)]" classname="jmri.jmrit.decoderdefn.SchemaTest" time="0.136"/>
  <testcase name="validate[xml/decoders/parts/enum-offDimBrightStrobe.xml (pass=true)]" classname="jmri.jmrit.decoderdefn.SchemaTest" time="0.145"/>
  <testcase name="validate[xml/decoders/parts/enum-enabledDisabled.xml (pass=true)]" classname="jmri.jmrit.decoderdefn.SchemaTest" time="0.136"/>
  <testcase name="validate[xml/decoders/parts/enum-BlinkRotaryStrobe.xml (pass=true)]" classname="jmri.jmrit.decoderdefn.SchemaTest" time="0.137"/>
  <testcase name="validate[xml/decoders/parts/enum-OffOnBell.xml (pass=true)]" classname="jmri.jmrit.decoderdefn.SchemaTest" time="0.146"/>
  <testcase name="validate[xml/decoders/parts/enum-PositiveNegative.xml (pass=true)]" classname="jmri.jmrit.decoderdefn.SchemaTest" time="0.136"/>
  <testcase name="validate[xml/decoders/parts/enum-LocoAddrConsistAddr.xml (pass=true)]" classname="jmri.jmrit.decoderdefn.SchemaTest" time="0.137"/>
  <testcase name="validate[xml/decoders/parts/enum-OnOff.xml (pass=true)]" classname="jmri.jmrit.decoderdefn.SchemaTest" time="0.145"/>
  <testcase name="validate[xml/decoders/parts/enum-YesNo.xml (pass=true)]" classname="jmri.jmrit.decoderdefn.SchemaTest" time="0.136"/>
  <testcase name="validate[xml/decoders/parts/enum-AddSubtract.xml (pass=true)]" classname="jmri.jmrit.decoderdefn.SchemaTest" time="0.144"/>
  <testcase name="validate[xml/decoders/parts/enum-AddSubtract2.xml (pass=true)]" classname="jmri.jmrit.decoderdefn.SchemaTest" time="0.136"/>
  <testcase name="validate[xml/decoders/Doehler_Haass_fw3.05_FH05A.xml (pass=true)]" classname="jmri.jmrit.decoderdefn.SchemaTest" time="0.215"/>
  <testcase name="validate[xml/decoders/Lenz_V41.xml (pass=true)]" classname="jmri.jmrit.decoderdefn.SchemaTest" time="0.151"/>
  <testcase name="validate[xml/decoders/TCS_TH150DP.xml (pass=true)]" classname="jmri.jmrit.decoderdefn.SchemaTest" time="0.19"/>
  <testcase name="validate[xml/decoders/Massoth_PIKO.xml (pass=true)]" classname="jmri.jmrit.decoderdefn.SchemaTest" time="0.146"/>
  <testcase name="validate[xml/decoders/Zimo_Unified_software_MX630v31.xml (pass=true)]" classname="jmri.jmrit.decoderdefn.SchemaTest" time="0.318"/>
  <testcase name="validate[xml/decoders/Umelec_ATL2066.xml (pass=true)]" classname="jmri.jmrit.decoderdefn.SchemaTest" time="0.168"/>
  <testcase name="validate[xml/decoders/bli/PxCV.xml (pass=true)]" classname="jmri.jmrit.decoderdefn.SchemaTest" time="0.169"/>
  <testcase name="validate[xml/decoders/bli/PxCV_Diesel.xml (pass=true)]" classname="jmri.jmrit.decoderdefn.SchemaTest" time="0.132"/>
  <testcase name="validate[xml/decoders/bli/P3FunctionChoiceSteam.xml (pass=true)]" classname="jmri.jmrit.decoderdefn.SchemaTest" time="0.129"/>
  <testcase name="validate[xml/decoders/bli/PxPaneDCC.xml (pass=true)]" classname="jmri.jmrit.decoderdefn.SchemaTest" time="0.14"/>
  <testcase name="validate[xml/decoders/bli/P2CV.xml (pass=true)]" classname="jmri.jmrit.decoderdefn.SchemaTest" time="0.129"/>
  <testcase name="validate[xml/decoders/bli/PxPaneFunction.xml (pass=true)]" classname="jmri.jmrit.decoderdefn.SchemaTest" time="0.13"/>
  <testcase name="validate[xml/decoders/bli/enumLightFunction.xml (pass=true)]" classname="jmri.jmrit.decoderdefn.SchemaTest" time="0.145"/>
  <testcase name="validate[xml/decoders/bli/enumLightDirection.xml (pass=true)]" classname="jmri.jmrit.decoderdefn.SchemaTest" time="0.132"/>
  <testcase name="validate[xml/decoders/bli/P2FunctionChoiceDiesel.xml (pass=true)]" classname="jmri.jmrit.decoderdefn.SchemaTest" time="0.13"/>
  <testcase name="validate[xml/decoders/bli/P3CV.xml (pass=true)]" classname="jmri.jmrit.decoderdefn.SchemaTest" time="0.148"/>
  <testcase name="validate[xml/decoders/bli/PxCV_Steam.xml (pass=true)]" classname="jmri.jmrit.decoderdefn.SchemaTest" time="0.134"/>
  <testcase name="validate[xml/decoders/bli/P2FunctionChoiceSteam.xml (pass=true)]" classname="jmri.jmrit.decoderdefn.SchemaTest" time="0.146"/>
  <testcase name="validate[xml/decoders/bli/PxPaneDC.xml (pass=true)]" classname="jmri.jmrit.decoderdefn.SchemaTest" time="0.191"/>
  <testcase name="validate[xml/decoders/bli/P3FunctionChoiceDiesel.xml (pass=true)]" classname="jmri.jmrit.decoderdefn.SchemaTest" time="0.189"/>
  <testcase name="validate[xml/decoders/bli/PxPaneSettings.xml (pass=true)]" classname="jmri.jmrit.decoderdefn.SchemaTest" time="0.183"/>
  <testcase name="validate[xml/decoders/uhlenbrock/cv107.108indepOutputs.xml (pass=true)]" classname="jmri.jmrit.decoderdefn.SchemaTest" time="0.133"/>
  <testcase name="validate[xml/decoders/uhlenbrock/cv49dataformat.xml (pass=true)]" classname="jmri.jmrit.decoderdefn.SchemaTest" time="0.131"/>
  <testcase name="validate[xml/decoders/uhlenbrock/cv65.66registers.xml (pass=true)]" classname="jmri.jmrit.decoderdefn.SchemaTest" time="0.147"/>
  <testcase name="validate[xml/decoders/uhlenbrock/cv29analog.xml (pass=true)]" classname="jmri.jmrit.decoderdefn.SchemaTest" time="0.13"/>
  <testcase name="validate[xml/decoders/uhlenbrock/cv54motorReg.xml (pass=true)]" classname="jmri.jmrit.decoderdefn.SchemaTest" time="0.136"/>
  <testcase name="validate[xml/decoders/uhlenbrock/cv49common.xml (pass=true)]" classname="jmri.jmrit.decoderdefn.SchemaTest" time="0.144"/>
  <testcase name="validate[xml/decoders/uhlenbrock/functionmap7outputs.xml (pass=true)]" classname="jmri.jmrit.decoderdefn.SchemaTest" time="0.166"/>
  <testcase name="validate[xml/decoders/uhlenbrock/enumSound2.xml (pass=true)]" classname="jmri.jmrit.decoderdefn.SchemaTest" time="0.14"/>
  <testcase name="validate[xml/decoders/uhlenbrock/enumFunctionChoice.xml (pass=true)]" classname="jmri.jmrit.decoderdefn.SchemaTest" time="0.13"/>
  <testcase name="validate[xml/decoders/uhlenbrock/enumSound1.xml (pass=true)]" classname="jmri.jmrit.decoderdefn.SchemaTest" time="0.129"/>
  <testcase name="validate[xml/decoders/uhlenbrock/PaneUhlenbrock.xml (pass=true)]" classname="jmri.jmrit.decoderdefn.SchemaTest" time="0.143"/>
  <testcase name="validate[xml/decoders/uhlenbrock/functionmap6outputs.xml (pass=true)]" classname="jmri.jmrit.decoderdefn.SchemaTest" time="0.223"/>
  <testcase name="validate[xml/decoders/uhlenbrock/cv100error.xml (pass=true)]" classname="jmri.jmrit.decoderdefn.SchemaTest" time="0.144"/>
  <testcase name="validate[xml/decoders/uhlenbrock/cv12dataformat.xml (pass=true)]" classname="jmri.jmrit.decoderdefn.SchemaTest" time="0.185"/>
  <testcase name="validate[xml/decoders/uhlenbrock/cv51analog.xml (pass=true)]" classname="jmri.jmrit.decoderdefn.SchemaTest" time="0.14"/>
  <testcase name="validate[xml/decoders/uhlenbrock/vStartHighMid-accelDecel.xml (pass=true)]" classname="jmri.jmrit.decoderdefn.SchemaTest" time="0.206"/>
  <testcase name="validate[xml/decoders/uhlenbrock/functionmap2outputs.xml (pass=true)]" classname="jmri.jmrit.decoderdefn.SchemaTest" time="0.18"/>
  <testcase name="validate[xml/decoders/Doehler_Haass_fw3.05_FH05B.xml (pass=true)]" classname="jmri.jmrit.decoderdefn.SchemaTest" time="0.219"/>
  <testcase name="validate[xml/decoders/Lenz_Silver_Mini.xml (pass=true)]" classname="jmri.jmrit.decoderdefn.SchemaTest" time="0.203"/>
  <testcase name="validate[xml/decoders/TD_SMD2.xml (pass=true)]" classname="jmri.jmrit.decoderdefn.SchemaTest" time="0.166"/>
  <testcase name="validate[xml/decoders/ESU_LokPilotDCC.xml (pass=true)]" classname="jmri.jmrit.decoderdefn.SchemaTest" time="0.138"/>
  <testcase name="validate[xml/decoders/ZTC_255v2.xml (pass=true)]" classname="jmri.jmrit.decoderdefn.SchemaTest" time="0.165"/>
  <testcase name="validate[xml/decoders/ESU_LokSoundV3_5.xml (pass=true)]" classname="jmri.jmrit.decoderdefn.SchemaTest" time="0.362"/>
  <testcase name="validate[xml/decoders/CT_Elektronik_DCX_old.xml (pass=true)]" classname="jmri.jmrit.decoderdefn.SchemaTest" time="0.144"/>
  <testcase name="validate[xml/decoders/Zimo_Unified_software_MX643P22v27.xml (pass=true)]" classname="jmri.jmrit.decoderdefn.SchemaTest" time="0.294"/>
  <testcase name="validate[xml/decoders/MRC_sound1829.xml (pass=true)]" classname="jmri.jmrit.decoderdefn.SchemaTest" time="0.139"/>
  <testcase name="validate[xml/decoders/TAMS_WIB-30.xml (pass=true)]" classname="jmri.jmrit.decoderdefn.SchemaTest" time="0.161"/>
  <testcase name="validate[xml/decoders/teamdigital/PaneCSC1.xml (pass=true)]" classname="jmri.jmrit.decoderdefn.SchemaTest" time="0.136"/>
  <testcase name="validate[xml/decoders/teamdigital/PaneCSC57Delay.xml (pass=true)]" classname="jmri.jmrit.decoderdefn.SchemaTest" time="0.133"/>
  <testcase name="validate[xml/decoders/teamdigital/PaneCSCSetup.xml (pass=true)]" classname="jmri.jmrit.decoderdefn.SchemaTest" time="0.171"/>
  <testcase name="validate[xml/decoders/teamdigital/PaneCSC17.xml (pass=true)]" classname="jmri.jmrit.decoderdefn.SchemaTest" time="0.185"/>
  <testcase name="validate[xml/decoders/teamdigital/PaneCSC41.xml (pass=true)]" classname="jmri.jmrit.decoderdefn.SchemaTest" time="0.187"/>
  <testcase name="validate[xml/decoders/teamdigital/PaneServo.xml (pass=true)]" classname="jmri.jmrit.decoderdefn.SchemaTest" time="0.152"/>
  <testcase name="validate[xml/decoders/teamdigital/ChoiceAspect.xml (pass=true)]" classname="jmri.jmrit.decoderdefn.SchemaTest" time="0.132"/>
  <testcase name="validate[xml/decoders/teamdigital/PaneCSC85.xml (pass=true)]" classname="jmri.jmrit.decoderdefn.SchemaTest" time="0.149"/>
  <testcase name="validate[xml/decoders/teamdigital/PaneCSC49.xml (pass=true)]" classname="jmri.jmrit.decoderdefn.SchemaTest" time="0.13"/>
  <testcase name="validate[xml/decoders/teamdigital/PaneCSC25.xml (pass=true)]" classname="jmri.jmrit.decoderdefn.SchemaTest" time="0.132"/>
  <testcase name="validate[xml/decoders/teamdigital/PaneCSC57.xml (pass=true)]" classname="jmri.jmrit.decoderdefn.SchemaTest" time="0.14"/>
  <testcase name="validate[xml/decoders/teamdigital/PaneCSCinputs.xml (pass=true)]" classname="jmri.jmrit.decoderdefn.SchemaTest" time="0.13"/>
  <testcase name="validate[xml/decoders/teamdigital/PaneCSC33.xml (pass=true)]" classname="jmri.jmrit.decoderdefn.SchemaTest" time="0.133"/>
  <testcase name="validate[xml/decoders/teamdigital/ChoiceMessage.xml (pass=true)]" classname="jmri.jmrit.decoderdefn.SchemaTest" time="0.137"/>
  <testcase name="validate[xml/decoders/teamdigital/PaneCSC9.xml (pass=true)]" classname="jmri.jmrit.decoderdefn.SchemaTest" time="0.13"/>
  <testcase name="validate[xml/decoders/TCS_Tx_v28.xml (pass=true)]" classname="jmri.jmrit.decoderdefn.SchemaTest" time="0.147"/>
  <testcase name="validate[xml/decoders/QSI_Gas_Turbine.xml (pass=true)]" classname="jmri.jmrit.decoderdefn.SchemaTest" time="0.241"/>
  <testcase name="validate[xml/decoders/MRC_sound1917.xml (pass=true)]" classname="jmri.jmrit.decoderdefn.SchemaTest" time="0.151"/>
  <testcase name="validate[xml/decoders/Zimo_Unified_software_v32_MX685.xml (pass=true)]" classname="jmri.jmrit.decoderdefn.SchemaTest" time="0.36"/>
  <testcase name="validate[xml/decoders/Massoth_LGB_6500x.xml (pass=true)]" classname="jmri.jmrit.decoderdefn.SchemaTest" time="0.162"/>
  <testcase name="validate[xml/decoders/digitrax/cv54.xml (pass=true)]" classname="jmri.jmrit.decoderdefn.SchemaTest" time="0.132"/>
  <testcase name="validate[xml/decoders/digitrax/PaneDigitrax.xml (pass=true)]" classname="jmri.jmrit.decoderdefn.SchemaTest" time="0.145"/>
  <testcase name="validate[xml/decoders/digitrax/userId.xml (pass=true)]" classname="jmri.jmrit.decoderdefn.SchemaTest" time="0.129"/>
  <testcase name="validate[xml/decoders/digitrax/consistAddrDirection.xml (pass=true)]" classname="jmri.jmrit.decoderdefn.SchemaTest" time="0.131"/>
  <testcase name="validate[xml/decoders/digitrax/cv21.22.xml (pass=true)]" classname="jmri.jmrit.decoderdefn.SchemaTest" time="0.144"/>
  <testcase name="validate[xml/decoders/digitrax/functionbehavior.xml (pass=true)]" classname="jmri.jmrit.decoderdefn.SchemaTest" time="0.129"/>
  <testcase name="validate[xml/decoders/digitrax/effectgen.xml (pass=true)]" classname="jmri.jmrit.decoderdefn.SchemaTest" time="0.13"/>
  <testcase name="validate[xml/decoders/digitrax/enum-enabledDisabledStar.xml (pass=true)]" classname="jmri.jmrit.decoderdefn.SchemaTest" time="0.139"/>
  <testcase name="validate[xml/decoders/digitrax/cv64LogicLevel21MTC.xml (pass=true)]" classname="jmri.jmrit.decoderdefn.SchemaTest" time="0.13"/>
  <testcase name="validate[xml/decoders/digitrax/cv61Series6.xml (pass=true)]" classname="jmri.jmrit.decoderdefn.SchemaTest" time="0.139"/>
  <testcase name="validate[xml/decoders/digitrax/enum-enabledStarDisabled.xml (pass=true)]" classname="jmri.jmrit.decoderdefn.SchemaTest" time="0.135"/>
  <testcase name="validate[xml/decoders/digitrax/motorDriveFreq.xml (pass=true)]" classname="jmri.jmrit.decoderdefn.SchemaTest" time="0.146"/>
  <testcase name="validate[xml/decoders/digitrax/EnumVal_group1.xml (pass=true)]" classname="jmri.jmrit.decoderdefn.SchemaTest" time="0.159"/>
  <testcase name="validate[xml/decoders/digitrax/bemf.xml (pass=true)]" classname="jmri.jmrit.decoderdefn.SchemaTest" time="0.171"/>
  <testcase name="validate[xml/decoders/digitrax/cv29NDOT.xml (pass=true)]" classname="jmri.jmrit.decoderdefn.SchemaTest" time="0.133"/>
  <testcase name="validate[xml/decoders/digitrax/PaneDigitraxSoundInfo.xml (pass=true)]" classname="jmri.jmrit.decoderdefn.SchemaTest" time="0.164"/>
  <testcase name="validate[xml/decoders/digitrax/EnumVal_group3.xml (pass=true)]" classname="jmri.jmrit.decoderdefn.SchemaTest" time="0.14"/>
  <testcase name="validate[xml/decoders/digitrax/enum-disabledEnabledStar.xml (pass=true)]" classname="jmri.jmrit.decoderdefn.SchemaTest" time="0.174"/>
  <testcase name="validate[xml/decoders/digitrax/enum-disabledStarEnabled.xml (pass=true)]" classname="jmri.jmrit.decoderdefn.SchemaTest" time="0.142"/>
  <testcase name="validate[xml/decoders/digitrax/cv61Series3.xml (pass=true)]" classname="jmri.jmrit.decoderdefn.SchemaTest" time="0.135"/>
  <testcase name="validate[xml/decoders/digitrax/enum-normalStarReserved.xml (pass=true)]" classname="jmri.jmrit.decoderdefn.SchemaTest" time="0.148"/>
  <testcase name="validate[xml/decoders/digitrax/mfgVersionId.xml (pass=true)]" classname="jmri.jmrit.decoderdefn.SchemaTest" time="0.13"/>
  <testcase name="validate[xml/decoders/digitrax/functionmap.xml (pass=true)]" classname="jmri.jmrit.decoderdefn.SchemaTest" time="0.135"/>
  <testcase name="validate[xml/decoders/digitrax/soundExtSeries6.xml (pass=true)]" classname="jmri.jmrit.decoderdefn.SchemaTest" time="0.151"/>
  <testcase name="validate[xml/decoders/digitrax/EnumVal_group2.xml (pass=true)]" classname="jmri.jmrit.decoderdefn.SchemaTest" time="0.131"/>
  <testcase name="validate[xml/decoders/digitrax/cv62.63LightingOptions.xml (pass=true)]" classname="jmri.jmrit.decoderdefn.SchemaTest" time="0.13"/>
  <testcase name="validate[xml/decoders/digitrax/vStartHighMid.xml (pass=true)]" classname="jmri.jmrit.decoderdefn.SchemaTest" time="0.139"/>
  <testcase name="validate[xml/decoders/digitrax/enum-normalReservedStar.xml (pass=true)]" classname="jmri.jmrit.decoderdefn.SchemaTest" time="0.13"/>
  <testcase name="validate[xml/decoders/digitrax/ds54enum-OutputType.xml (pass=true)]" classname="jmri.jmrit.decoderdefn.SchemaTest" time="0.134"/>
  <testcase name="validate[xml/decoders/digitrax/EnumVal_group6.xml (pass=true)]" classname="jmri.jmrit.decoderdefn.SchemaTest" time="0.147"/>
  <testcase name="validate[xml/decoders/digitrax/cv29analog.xml (pass=true)]" classname="jmri.jmrit.decoderdefn.SchemaTest" time="0.13"/>
  <testcase name="validate[xml/decoders/digitrax/fxCVs.xml (pass=true)]" classname="jmri.jmrit.decoderdefn.SchemaTest" time="0.148"/>
  <testcase name="validate[xml/decoders/digitrax/enum-reservedNormalStar.xml (pass=true)]" classname="jmri.jmrit.decoderdefn.SchemaTest" time="0.129"/>
  <testcase name="validate[xml/decoders/digitrax/EnumVal_group4.xml (pass=true)]" classname="jmri.jmrit.decoderdefn.SchemaTest" time="0.131"/>
  <testcase name="validate[xml/decoders/digitrax/EnumVal_group5.xml (pass=true)]" classname="jmri.jmrit.decoderdefn.SchemaTest" time="0.17"/>
  <testcase name="validate[xml/decoders/digitrax/PaneDigitraxSoundExtSeries6.xml (pass=true)]" classname="jmri.jmrit.decoderdefn.SchemaTest" time="0.14"/>
  <testcase name="validate[xml/decoders/SoundTraxx_Tsu_Steam_Genesis.xml (pass=true)]" classname="jmri.jmrit.decoderdefn.SchemaTest" time="0.243"/>
  <testcase name="validate[xml/decoders/NCE_Light-It_accessory.xml (pass=true)]" classname="jmri.jmrit.decoderdefn.SchemaTest" time="0.188"/>
  <testcase name="validate[xml/decoders/Mistral_GOLD_V7.xml (pass=true)]" classname="jmri.jmrit.decoderdefn.SchemaTest" time="0.176"/>
  <testcase name="validate[xml/decoders/TCS_Z2.xml (pass=true)]" classname="jmri.jmrit.decoderdefn.SchemaTest" time="0.197"/>
  <testcase name="validate[xml/decoders/SoundTraxx_LC_Diesel.xml (pass=true)]" classname="jmri.jmrit.decoderdefn.SchemaTest" time="0.209"/>
  <testcase name="validate[xml/decoders/Lenz_54.xml (pass=true)]" classname="jmri.jmrit.decoderdefn.SchemaTest" time="0.204"/>
  <testcase name="validate[xml/decoders/MRC_soundbrilliance1630.xml (pass=true)]" classname="jmri.jmrit.decoderdefn.SchemaTest" time="0.24"/>
  <testcase name="validate[xml/decoders/Zimo_Unified_software_v34_MX658.xml (pass=true)]" classname="jmri.jmrit.decoderdefn.SchemaTest" time="0.391"/>
  <testcase name="validate[xml/decoders/PpP_Sem2.xml (pass=true)]" classname="jmri.jmrit.decoderdefn.SchemaTest" time="0.133"/>
  <testcase name="validate[xml/decoders/Doehler_Haass_fw3.05_DH06A.xml (pass=true)]" classname="jmri.jmrit.decoderdefn.SchemaTest" time="0.228"/>
  <testcase name="validate[xml/decoders/nmra/accelDecel_31.xml (pass=true)]" classname="jmri.jmrit.decoderdefn.SchemaTest" time="0.129"/>
  <testcase name="validate[xml/decoders/nmra/consistAccelDecelSigned.xml (pass=true)]" classname="jmri.jmrit.decoderdefn.SchemaTest" time="0.151"/>
  <testcase name="validate[xml/decoders/nmra/mfgVersionId.xml (pass=true)]" classname="jmri.jmrit.decoderdefn.SchemaTest" time="0.129"/>
  <testcase name="validate[xml/decoders/nmra/cv21_lsb_MRC.xml (pass=true)]" classname="jmri.jmrit.decoderdefn.SchemaTest" time="0.131"/>
  <testcase name="validate[xml/decoders/nmra/kickStart_63.xml (pass=true)]" classname="jmri.jmrit.decoderdefn.SchemaTest" time="0.148"/>
  <testcase name="validate[xml/decoders/nmra/cv29table3-28.xml (pass=true)]" classname="jmri.jmrit.decoderdefn.SchemaTest" time="0.135"/>
  <testcase name="validate[xml/decoders/nmra/accelDecel_254.xml (pass=true)]" classname="jmri.jmrit.decoderdefn.SchemaTest" time="0.152"/>
  <testcase name="validate[xml/decoders/nmra/vStartHighMid.xml (pass=true)]" classname="jmri.jmrit.decoderdefn.SchemaTest" time="0.185"/>
  <testcase name="validate[xml/decoders/nmra/analogModeFunction.xml (pass=true)]" classname="jmri.jmrit.decoderdefn.SchemaTest" time="0.19"/>
  <testcase name="validate[xml/decoders/nmra/cv21_lsb.xml (pass=true)]" classname="jmri.jmrit.decoderdefn.SchemaTest" time="0.204"/>
  <testcase name="validate[xml/decoders/nmra/consistAddrDirection.xml (pass=true)]" classname="jmri.jmrit.decoderdefn.SchemaTest" time="0.133"/>
  <testcase name="validate[xml/decoders/nmra/revTrim128.xml (pass=true)]" classname="jmri.jmrit.decoderdefn.SchemaTest" time="0.143"/>
  <testcase name="validate[xml/decoders/nmra/cv21.22.xml (pass=true)]" classname="jmri.jmrit.decoderdefn.SchemaTest" time="0.136"/>
  <testcase name="validate[xml/decoders/nmra/cv29direction.xml (pass=true)]" classname="jmri.jmrit.decoderdefn.SchemaTest" time="0.132"/>
  <testcase name="validate[xml/decoders/nmra/cv29address.xml (pass=true)]" classname="jmri.jmrit.decoderdefn.SchemaTest" time="0.144"/>
  <testcase name="validate[xml/decoders/nmra/fwdTrim128.xml (pass=true)]" classname="jmri.jmrit.decoderdefn.SchemaTest" time="0.129"/>
  <testcase name="validate[xml/decoders/nmra/accelDecel_255.xml (pass=true)]" classname="jmri.jmrit.decoderdefn.SchemaTest" time="0.13"/>
  <testcase name="validate[xml/decoders/nmra/cv29AdvAck.xml (pass=true)]" classname="jmri.jmrit.decoderdefn.SchemaTest" time="0.143"/>
  <testcase name="validate[xml/decoders/nmra/cv21.22_F12.xml (pass=true)]" classname="jmri.jmrit.decoderdefn.SchemaTest" time="0.137"/>
  <testcase name="validate[xml/decoders/nmra/cv29table1-28.xml (pass=true)]" classname="jmri.jmrit.decoderdefn.SchemaTest" time="0.142"/>
  <testcase name="validate[xml/decoders/nmra/cv51_DirectionalHeadlights.xml (pass=true)]" classname="jmri.jmrit.decoderdefn.SchemaTest" time="0.129"/>
  <testcase name="validate[xml/decoders/nmra/cv29speedSteps.xml (pass=true)]" classname="jmri.jmrit.decoderdefn.SchemaTest" time="0.133"/>
  <testcase name="validate[xml/decoders/nmra/cv21.22_F15.xml (pass=true)]" classname="jmri.jmrit.decoderdefn.SchemaTest" time="0.148"/>
  <testcase name="validate[xml/decoders/nmra/accelDecel.xml (pass=true)]" classname="jmri.jmrit.decoderdefn.SchemaTest" time="0.13"/>
  <testcase name="validate[xml/decoders/nmra/cv50_DCbrake.xml (pass=true)]" classname="jmri.jmrit.decoderdefn.SchemaTest" time="0.141"/>
  <testcase name="validate[xml/decoders/nmra/cv29RailCom.xml (pass=true)]" classname="jmri.jmrit.decoderdefn.SchemaTest" time="0.131"/>
  <testcase name="validate[xml/decoders/nmra/analogModeFunction_F15.xml (pass=true)]" classname="jmri.jmrit.decoderdefn.SchemaTest" time="0.136"/>
  <testcase name="validate[xml/decoders/nmra/fwdTrim.xml (pass=true)]" classname="jmri.jmrit.decoderdefn.SchemaTest" time="0.143"/>
  <testcase name="validate[xml/decoders/nmra/shortAddressOnly.xml (pass=true)]" classname="jmri.jmrit.decoderdefn.SchemaTest" time="0.167"/>
  <testcase name="validate[xml/decoders/nmra/revTrim.xml (pass=true)]" classname="jmri.jmrit.decoderdefn.SchemaTest" time="0.151"/>
  <testcase name="validate[xml/decoders/nmra/decoderLockId16.xml (pass=true)]" classname="jmri.jmrit.decoderdefn.SchemaTest" time="0.165"/>
  <testcase name="validate[xml/decoders/nmra/shortAndLongAddress.xml (pass=true)]" classname="jmri.jmrit.decoderdefn.SchemaTest" time="0.175"/>
  <testcase name="validate[xml/decoders/nmra/cv29analog.xml (pass=true)]" classname="jmri.jmrit.decoderdefn.SchemaTest" time="0.16"/>
  <testcase name="validate[xml/decoders/nmra/userId.xml (pass=true)]" classname="jmri.jmrit.decoderdefn.SchemaTest" time="0.132"/>
  <testcase name="validate[xml/decoders/nmra/analogModeFunction_F12.xml (pass=true)]" classname="jmri.jmrit.decoderdefn.SchemaTest" time="0.15"/>
  <testcase name="validate[xml/decoders/nmra/kickStart.xml (pass=true)]" classname="jmri.jmrit.decoderdefn.SchemaTest" time="0.129"/>
  <testcase name="validate[xml/decoders/nmra/functionmap.xml (pass=true)]" classname="jmri.jmrit.decoderdefn.SchemaTest" time="0.166"/>
  <testcase name="validate[xml/decoders/MRC_sound1906.xml (pass=true)]" classname="jmri.jmrit.decoderdefn.SchemaTest" time="0.15"/>
  <testcase name="validate[xml/decoders/PpP_Sem3.xml (pass=true)]" classname="jmri.jmrit.decoderdefn.SchemaTest" time="0.129"/>
  <testcase name="validate[xml/decoders/Zimo_Unified_software_MX690Sv27.xml (pass=true)]" classname="jmri.jmrit.decoderdefn.SchemaTest" time="0.291"/>
  <testcase name="validate[xml/decoders/NCE_Light-It_signal.xml (pass=true)]" classname="jmri.jmrit.decoderdefn.SchemaTest" time="0.142"/>
  <testcase name="validate[xml/decoders/Zimo_MX62_v22+.xml (pass=true)]" classname="jmri.jmrit.decoderdefn.SchemaTest" time="0.205"/>
  <testcase name="validate[xml/decoders/Kato_Ditch.xml (pass=true)]" classname="jmri.jmrit.decoderdefn.SchemaTest" time="0.153"/>
  <testcase name="validate[xml/decoders/TCS_X.xml (pass=true)]" classname="jmri.jmrit.decoderdefn.SchemaTest" time="0.178"/>
  <testcase name="validate[xml/decoders/Doehler_Haass_fw3.03_DHP250.xml (pass=true)]" classname="jmri.jmrit.decoderdefn.SchemaTest" time="0.217"/>
  <testcase name="validate[xml/decoders/MRC_AthearnGenesisSD45-2.xml (pass=true)]" classname="jmri.jmrit.decoderdefn.SchemaTest" time="0.137"/>
  <testcase name="validate[xml/decoders/Lenz_LF100XF.xml (pass=true)]" classname="jmri.jmrit.decoderdefn.SchemaTest" time="0.147"/>
  <testcase name="validate[xml/decoders/Zimo_Unified_software_MX642v25.xml (pass=true)]" classname="jmri.jmrit.decoderdefn.SchemaTest" time="0.282"/>
  <testcase name="validate[xml/decoders/TCS_WOW_Diesel03.xml (pass=true)]" classname="jmri.jmrit.decoderdefn.SchemaTest" time="0.285"/>
  <testcase name="validate[xml/decoders/CT_Elektronik_Sound_SL.xml (pass=true)]" classname="jmri.jmrit.decoderdefn.SchemaTest" time="0.209"/>
  <testcase name="validate[xml/decoders/mth/FunctionChoice.xml (pass=true)]" classname="jmri.jmrit.decoderdefn.SchemaTest" time="0.129"/>
  <testcase name="validate[xml/decoders/Digitrax_0SFX0x4.xml (pass=true)]" classname="jmri.jmrit.decoderdefn.SchemaTest" time="0.158"/>
  <testcase name="validate[xml/decoders/lenz/abc_cv51.xml (pass=true)]" classname="jmri.jmrit.decoderdefn.SchemaTest" time="0.142"/>
  <testcase name="validate[xml/decoders/lenz/paneLenz.xml (pass=true)]" classname="jmri.jmrit.decoderdefn.SchemaTest" time="0.129"/>
  <testcase name="validate[xml/decoders/lenz/paneFunctionMap.xml (pass=true)]" classname="jmri.jmrit.decoderdefn.SchemaTest" time="0.139"/>
  <testcase name="validate[xml/decoders/lenz/extendedCoupling_cv145_148.xml (pass=true)]" classname="jmri.jmrit.decoderdefn.SchemaTest" time="0.135"/>
  <testcase name="validate[xml/decoders/lenz/accelDecel.xml (pass=true)]" classname="jmri.jmrit.decoderdefn.SchemaTest" time="0.132"/>
  <testcase name="validate[xml/decoders/lenz/mfgVersionId_cv7_8.xml (pass=true)]" classname="jmri.jmrit.decoderdefn.SchemaTest" time="0.162"/>
  <testcase name="validate[xml/decoders/lenz/vStartHighMid.xml (pass=true)]" classname="jmri.jmrit.decoderdefn.SchemaTest" time="0.188"/>
  <testcase name="validate[xml/decoders/lenz/fn_ctrl_57_59.xml (pass=true)]" classname="jmri.jmrit.decoderdefn.SchemaTest" time="0.138"/>
  <testcase name="validate[xml/decoders/lenz/paneSUSI.xml (pass=true)]" classname="jmri.jmrit.decoderdefn.SchemaTest" time="0.139"/>
  <testcase name="validate[xml/decoders/lenz/lightingOptions1_cv55_56.xml (pass=true)]" classname="jmri.jmrit.decoderdefn.SchemaTest" time="0.151"/>
  <testcase name="validate[xml/decoders/lenz/motorControl2_cv112_114.xml (pass=true)]" classname="jmri.jmrit.decoderdefn.SchemaTest" time="0.191"/>
  <testcase name="validate[xml/decoders/lenz/protection_cv30.xml (pass=true)]" classname="jmri.jmrit.decoderdefn.SchemaTest" time="0.129"/>
  <testcase name="validate[xml/decoders/lenz/braking_cv51.xml (pass=true)]" classname="jmri.jmrit.decoderdefn.SchemaTest" time="0.131"/>
  <testcase name="validate[xml/decoders/lenz/motorControl_cv50.xml (pass=true)]" classname="jmri.jmrit.decoderdefn.SchemaTest" time="0.148"/>
  <testcase name="validate[xml/decoders/lenz/lightingOptions2_cv55_56_116_118.xml (pass=true)]" classname="jmri.jmrit.decoderdefn.SchemaTest" time="0.129"/>
  <testcase name="validate[xml/decoders/lenz/speedTable_cv67.xml (pass=true)]" classname="jmri.jmrit.decoderdefn.SchemaTest" time="0.129"/>
  <testcase name="validate[xml/decoders/lenz/paneLighting.xml (pass=true)]" classname="jmri.jmrit.decoderdefn.SchemaTest" time="0.143"/>
  <testcase name="validate[xml/decoders/lenz/paneExtendedCoupling.xml (pass=true)]" classname="jmri.jmrit.decoderdefn.SchemaTest" time="0.129"/>
  <testcase name="validate[xml/decoders/lenz/susi_cv126_127.xml (pass=true)]" classname="jmri.jmrit.decoderdefn.SchemaTest" time="0.139"/>
  <testcase name="validate[xml/decoders/lenz/functionmap_plus.xml (pass=true)]" classname="jmri.jmrit.decoderdefn.SchemaTest" time="0.206"/>
  <testcase name="validate[xml/decoders/lenz/lighting_cv60_cv64.xml (pass=true)]" classname="jmri.jmrit.decoderdefn.SchemaTest" time="0.135"/>
  <testcase name="validate[xml/decoders/lenz/serviceNo_cv128.xml (pass=true)]" classname="jmri.jmrit.decoderdefn.SchemaTest" time="0.139"/>
  <testcase name="validate[xml/decoders/lenz/bemfRep_cv9.xml (pass=true)]" classname="jmri.jmrit.decoderdefn.SchemaTest" time="0.133"/>
  <testcase name="validate[xml/decoders/lenz/functionmap.xml (pass=true)]" classname="jmri.jmrit.decoderdefn.SchemaTest" time="0.157"/>
  <testcase name="validate[xml/decoders/lenz/railcom_cv28_29.xml (pass=true)]" classname="jmri.jmrit.decoderdefn.SchemaTest" time="0.142"/>
  <testcase name="validate[xml/decoders/Lenz_80.xml (pass=true)]" classname="jmri.jmrit.decoderdefn.SchemaTest" time="0.143"/>
  <testcase name="validate[xml/decoders/TD_CSC.xml (pass=true)]" classname="jmri.jmrit.decoderdefn.SchemaTest" time="0.467"/>
  <testcase name="validate[xml/decoders/TCS_V51.xml (pass=true)]" classname="jmri.jmrit.decoderdefn.SchemaTest" time="0.202"/>
  <testcase name="validate[xml/decoders/Zimo_Unified_software_MX69Sv31.xml (pass=true)]" classname="jmri.jmrit.decoderdefn.SchemaTest" time="0.273"/>
  <testcase name="validate[xml/decoders/Zimo_Unified_software_MX64Dv28.xml (pass=true)]" classname="jmri.jmrit.decoderdefn.SchemaTest" time="0.285"/>
  <testcase name="validate[xml/decoders/MRC_sound1617-1618.xml (pass=true)]" classname="jmri.jmrit.decoderdefn.SchemaTest" time="0.139"/>
  <testcase name="validate[xml/decoders/MRC_sound1619to1624.xml (pass=true)]" classname="jmri.jmrit.decoderdefn.SchemaTest" time="0.157"/>
  <testcase name="validate[xml/decoders/ZTC_213B.xml (pass=true)]" classname="jmri.jmrit.decoderdefn.SchemaTest" time="0.133"/>
  <testcase name="validate[xml/decoders/MRC_soundbrilliance1806.xml (pass=true)]" classname="jmri.jmrit.decoderdefn.SchemaTest" time="0.137"/>
  <testcase name="validate[xml/decoders/trix/mLD3_mSD3_enum_stopRun.xml (pass=true)]" classname="jmri.jmrit.decoderdefn.SchemaTest" time="0.139"/>
  <testcase name="validate[xml/decoders/trix/mLD3_mSD3_paneFunctionMap.xml (pass=true)]" classname="jmri.jmrit.decoderdefn.SchemaTest" time="0.134"/>
  <testcase name="validate[xml/decoders/trix/mLD3_mSD3_enum_fwdRev.xml (pass=true)]" classname="jmri.jmrit.decoderdefn.SchemaTest" time="0.128"/>
  <testcase name="validate[xml/decoders/trix/mSD_soundLevels.xml (pass=true)]" classname="jmri.jmrit.decoderdefn.SchemaTest" time="0.141"/>
  <testcase name="validate[xml/decoders/trix/mLD3_mSD3_enum_triggerCondition.xml (pass=true)]" classname="jmri.jmrit.decoderdefn.SchemaTest" time="0.129"/>
  <testcase name="validate[xml/decoders/trix/mLD_mSD_advancedPane.xml (pass=true)]" classname="jmri.jmrit.decoderdefn.SchemaTest" time="0.153"/>
  <testcase name="validate[xml/decoders/trix/mSD3_soundLevels.xml (pass=true)]" classname="jmri.jmrit.decoderdefn.SchemaTest" time="0.189"/>
  <testcase name="validate[xml/decoders/trix/mLD_mSD_lightsPane.xml (pass=true)]" classname="jmri.jmrit.decoderdefn.SchemaTest" time="0.138"/>
  <testcase name="validate[xml/decoders/trix/mLD3_mSD3_functionMap.xml (pass=true)]" classname="jmri.jmrit.decoderdefn.SchemaTest" time="0.396"/>
  <testcase name="validate[xml/decoders/trix/mSD3_soundOptions.xml (pass=true)]" classname="jmri.jmrit.decoderdefn.SchemaTest" time="0.15"/>
  <testcase name="validate[xml/decoders/trix/mLD_mSD_functionmap.xml (pass=true)]" classname="jmri.jmrit.decoderdefn.SchemaTest" time="0.502"/>
  <testcase name="validate[xml/decoders/trix/mLD3_mSD3_lightCVs.xml (pass=true)]" classname="jmri.jmrit.decoderdefn.SchemaTest" time="0.168"/>
  <testcase name="validate[xml/decoders/trix/mSD3_soundLevelsPane.xml (pass=true)]" classname="jmri.jmrit.decoderdefn.SchemaTest" time="0.138"/>
  <testcase name="validate[xml/decoders/trix/mLD_mSD_motorPane.xml (pass=true)]" classname="jmri.jmrit.decoderdefn.SchemaTest" time="0.209"/>
  <testcase name="validate[xml/decoders/trix/mSD_soundPane.xml (pass=true)]" classname="jmri.jmrit.decoderdefn.SchemaTest" time="0.135"/>
  <testcase name="validate[xml/decoders/trix/mSD_soundLevelsPane.xml (pass=true)]" classname="jmri.jmrit.decoderdefn.SchemaTest" time="0.136"/>
  <testcase name="validate[xml/decoders/trix/mLD3_mSD3_standardCVs.xml (pass=true)]" classname="jmri.jmrit.decoderdefn.SchemaTest" time="0.173"/>
  <testcase name="validate[xml/decoders/trix/mLD_mSD_enum_light.xml (pass=true)]" classname="jmri.jmrit.decoderdefn.SchemaTest" time="0.137"/>
  <testcase name="validate[xml/decoders/trix/mLD3_mSD3_enum_events.xml (pass=true)]" classname="jmri.jmrit.decoderdefn.SchemaTest" time="0.147"/>
  <testcase name="validate[xml/decoders/trix/mLD3_mSD3_infoPane.xml (pass=true)]" classname="jmri.jmrit.decoderdefn.SchemaTest" time="0.138"/>
  <testcase name="validate[xml/decoders/trix/mLD_mSD_standardCVs.xml (pass=true)]" classname="jmri.jmrit.decoderdefn.SchemaTest" time="0.162"/>
  <testcase name="validate[xml/decoders/trix/mSD_soundOptions.xml (pass=true)]" classname="jmri.jmrit.decoderdefn.SchemaTest" time="0.148"/>
  <testcase name="validate[xml/decoders/trix/mLD3_mSD3_enum_triggers.xml (pass=true)]" classname="jmri.jmrit.decoderdefn.SchemaTest" time="0.138"/>
  <testcase name="validate[xml/decoders/trix/mLD_mSD_lightCVs.xml (pass=true)]" classname="jmri.jmrit.decoderdefn.SchemaTest" time="0.143"/>
  <testcase name="validate[xml/decoders/RR-CirKits-TowerController-Mark-II.xml (pass=true)]" classname="jmri.jmrit.decoderdefn.SchemaTest" time="0.602"/>
  <testcase name="validate[xml/decoders/Doehler_Haass_fw3.05_DH05-10C_12-16-18-21-22A.xml (pass=true)]" classname="jmri.jmrit.decoderdefn.SchemaTest" time="0.219"/>
  <testcase name="validate[xml/decoders/TD_SHD2.xml (pass=true)]" classname="jmri.jmrit.decoderdefn.SchemaTest" time="0.144"/>
  <testcase name="validate[xml/decoders/CVProducts_AD4LC.xml (pass=true)]" classname="jmri.jmrit.decoderdefn.SchemaTest" time="0.132"/>
  <testcase name="validate[xml/decoders/MRC_sound1827.xml (pass=true)]" classname="jmri.jmrit.decoderdefn.SchemaTest" time="0.14"/>
  <testcase name="validate[xml/decoders/Zimo_Unified_software_v32_MX649.xml (pass=true)]" classname="jmri.jmrit.decoderdefn.SchemaTest" time="0.404"/>
  <testcase name="validate[xml/decoders/SoundTraxx_Tsu_Steam_IMRC.xml (pass=true)]" classname="jmri.jmrit.decoderdefn.SchemaTest" time="0.224"/>
  <testcase name="validate[xml/decoders/ZTC_4007.xml (pass=true)]" classname="jmri.jmrit.decoderdefn.SchemaTest" time="0.168"/>
  <testcase name="validate[xml/decoders/TCS_WOW_Electric_Bachman01.xml (pass=true)]" classname="jmri.jmrit.decoderdefn.SchemaTest" time="0.278"/>
  <testcase name="validate[xml/decoders/MRC_soundbrilliance1639.xml (pass=true)]" classname="jmri.jmrit.decoderdefn.SchemaTest" time="0.14"/>
  <testcase name="validate[xml/decoders/MRC_sound1828.xml (pass=true)]" classname="jmri.jmrit.decoderdefn.SchemaTest" time="0.149"/>
  <testcase name="validate[xml/decoders/Uhlenbrock_74400.xml (pass=true)]" classname="jmri.jmrit.decoderdefn.SchemaTest" time="0.132"/>
  <testcase name="validate[xml/decoders/TCS_Tx_v27.xml (pass=true)]" classname="jmri.jmrit.decoderdefn.SchemaTest" time="0.177"/>
  <testcase name="validate[xml/decoders/Wangrow_2.xml (pass=true)]" classname="jmri.jmrit.decoderdefn.SchemaTest" time="0.146"/>
  <testcase name="validate[xml/decoders/ZTC_215.xml (pass=true)]" classname="jmri.jmrit.decoderdefn.SchemaTest" time="0.136"/>
  <testcase name="validate[xml/decoders/MRC_sound1916.xml (pass=true)]" classname="jmri.jmrit.decoderdefn.SchemaTest" time="0.15"/>
  <testcase name="validate[xml/decoders/Doehler_Haass_sd_SD21A.xml (pass=true)]" classname="jmri.jmrit.decoderdefn.SchemaTest" time="0.258"/>
  <testcase name="validate[xml/decoders/TCS_WOW_EMD01.xml (pass=true)]" classname="jmri.jmrit.decoderdefn.SchemaTest" time="0.279"/>
  <testcase name="validate[xml/decoders/Lenz_Silver.xml (pass=true)]" classname="jmri.jmrit.decoderdefn.SchemaTest" time="0.198"/>
  <testcase name="validate[xml/decoders/NCE_E.xml (pass=true)]" classname="jmri.jmrit.decoderdefn.SchemaTest" time="0.17"/>
  <testcase name="validate[xml/decoders/MRC_soundbrilliance1804.xml (pass=true)]" classname="jmri.jmrit.decoderdefn.SchemaTest" time="0.154"/>
  <testcase name="validate[xml/decoders/Doehler_Haass_fw3.03_DH05-10B.xml (pass=true)]" classname="jmri.jmrit.decoderdefn.SchemaTest" time="0.207"/>
  <testcase name="validate[xml/decoders/Atlas_NCE_N.xml (pass=true)]" classname="jmri.jmrit.decoderdefn.SchemaTest" time="0.172"/>
  <testcase name="validate[xml/decoders/Zimo_Unified_software_MX648v30.xml (pass=true)]" classname="jmri.jmrit.decoderdefn.SchemaTest" time="0.291"/>
  <testcase name="validate[xml/decoders/Zimo_MX64(H)_v15.xml (pass=true)]" classname="jmri.jmrit.decoderdefn.SchemaTest" time="0.174"/>
  <testcase name="validate[xml/decoders/Atlas_VO1000.xml (pass=true)]" classname="jmri.jmrit.decoderdefn.SchemaTest" time="0.137"/>
  <testcase name="validate[xml/decoders/CT_Elektronik_DCX_33.xml (pass=true)]" classname="jmri.jmrit.decoderdefn.SchemaTest" time="0.196"/>
  <testcase name="validate[xml/decoders/Zimo_Unified_software_MX69Sv28.xml (pass=true)]" classname="jmri.jmrit.decoderdefn.SchemaTest" time="0.263"/>
  <testcase name="validate[xml/decoders/SoundTraxx_Tsu_SoundCar.xml (pass=true)]" classname="jmri.jmrit.decoderdefn.SchemaTest" time="0.222"/>
  <testcase name="validate[xml/decoders/Atlas_Lenz_N.xml (pass=true)]" classname="jmri.jmrit.decoderdefn.SchemaTest" time="0.142"/>
  <testcase name="validate[xml/decoders/TD_SRC8.xml (pass=true)]" classname="jmri.jmrit.decoderdefn.SchemaTest" time="0.144"/>
  <testcase name="validate[xml/decoders/Doehler_Haass_fw3.08-09_DH05-10C_12-16-18-21-22A_PD12A.xml (pass=true)]" classname="jmri.jmrit.decoderdefn.SchemaTest" time="0.251"/>
  <testcase name="validate[xml/decoders/BLI_Light.xml (pass=true)]" classname="jmri.jmrit.decoderdefn.SchemaTest" time="0.144"/>
  <testcase name="validate[xml/decoders/Digitrax_0SFX.xml (pass=true)]" classname="jmri.jmrit.decoderdefn.SchemaTest" time="0.178"/>
  <testcase name="validate[xml/decoders/SoundTraxx_Eco_Steam.xml (pass=true)]" classname="jmri.jmrit.decoderdefn.SchemaTest" time="0.292"/>
  <testcase name="validate[xml/decoders/MTH_Expanded.xml (pass=true)]" classname="jmri.jmrit.decoderdefn.SchemaTest" time="0.153"/>
  <testcase name="validate[xml/decoders/QSI_Diesel.xml (pass=true)]" classname="jmri.jmrit.decoderdefn.SchemaTest" time="0.188"/>
  <testcase name="validate[xml/decoders/Zimo_Unified_software_MX690Sv28.xml (pass=true)]" classname="jmri.jmrit.decoderdefn.SchemaTest" time="0.275"/>
  <testcase name="validate[xml/decoders/ESU_LokPilotDCC_1.0.xml (pass=true)]" classname="jmri.jmrit.decoderdefn.SchemaTest" time="0.137"/>
  <testcase name="validate[xml/decoders/Massoth_CL_63000.xml (pass=true)]" classname="jmri.jmrit.decoderdefn.SchemaTest" time="0.205"/>
  <testcase name="validate[xml/decoders/MRC_soundbrillianceBigBoy.xml (pass=true)]" classname="jmri.jmrit.decoderdefn.SchemaTest" time="0.196"/>
  <testcase name="validate[xml/decoders/HornbyDigital.xml (pass=true)]" classname="jmri.jmrit.decoderdefn.SchemaTest" time="0.193"/>
  <testcase name="validate[xml/decoders/HornbyTTS.xml (pass=true)]" classname="jmri.jmrit.decoderdefn.SchemaTest" time="0.135"/>
  <testcase name="validate[xml/decoders/Zimo_Unified_software_MX620v27.xml (pass=true)]" classname="jmri.jmrit.decoderdefn.SchemaTest" time="0.26"/>
  <testcase name="validate[xml/decoders/Zimo_Unified_software_v32_MX648.xml (pass=true)]" classname="jmri.jmrit.decoderdefn.SchemaTest" time="0.409"/>
  <testcase name="validate[xml/decoders/Qdecoder_FStandard.xml (pass=true)]" classname="jmri.jmrit.decoderdefn.SchemaTest" time="0.274"/>
  <testcase name="validate[xml/decoders/Lenz_LE1000.xml (pass=true)]" classname="jmri.jmrit.decoderdefn.SchemaTest" time="0.145"/>
  <testcase name="validate[xml/decoders/TD_SRC16.xml (pass=true)]" classname="jmri.jmrit.decoderdefn.SchemaTest" time="0.155"/>
  <testcase name="validate[xml/decoders/Zimo_MX620_v1-3.xml (pass=true)]" classname="jmri.jmrit.decoderdefn.SchemaTest" time="0.206"/>
  <testcase name="validate[xml/decoders/TCS_X-Jan2000.xml (pass=true)]" classname="jmri.jmrit.decoderdefn.SchemaTest" time="0.19"/>
  <testcase name="validate[xml/decoders/Lenz_51.xml (pass=true)]" classname="jmri.jmrit.decoderdefn.SchemaTest" time="0.135"/>
  <testcase name="validate[xml/decoders/MRC_sound1952.xml (pass=true)]" classname="jmri.jmrit.decoderdefn.SchemaTest" time="0.136"/>
  <testcase name="validate[xml/decoders/Zimo_Unified_software_MX631v31.xml (pass=true)]" classname="jmri.jmrit.decoderdefn.SchemaTest" time="0.281"/>
  <testcase name="validate[xml/decoders/Digitrax_DCS5x.xml (pass=true)]" classname="jmri.jmrit.decoderdefn.SchemaTest" time="0.145"/>
  <testcase name="validate[xml/decoders/Zimo_Unified_software_MX643P22v25.xml (pass=true)]" classname="jmri.jmrit.decoderdefn.SchemaTest" time="0.281"/>
  <testcase name="validate[xml/decoders/TCS_WOW_Diesel04.xml (pass=true)]" classname="jmri.jmrit.decoderdefn.SchemaTest" time="0.335"/>
  <testcase name="validate[xml/decoders/Zimo_Unified_software_MX69Sv27.xml (pass=true)]" classname="jmri.jmrit.decoderdefn.SchemaTest" time="0.277"/>
  <testcase name="validate[xml/decoders/TCS_WOW_FW01.xml (pass=true)]" classname="jmri.jmrit.decoderdefn.SchemaTest" time="0.307"/>
  <testcase name="validate[xml/decoders/Public_Domain_HDL_LocoIO.xml (pass=true)]" classname="jmri.jmrit.decoderdefn.SchemaTest" time="0.14"/>
  <testcase name="validate[xml/decoders/Zimo_MX62_64_1.xml (pass=true)]" classname="jmri.jmrit.decoderdefn.SchemaTest" time="0.185"/>
  <testcase name="validate[xml/decoders/BLI_Blueline_steam.xml (pass=true)]" classname="jmri.jmrit.decoderdefn.SchemaTest" time="0.179"/>
  <testcase name="validate[xml/decoders/MRC_sound1639.xml (pass=true)]" classname="jmri.jmrit.decoderdefn.SchemaTest" time="0.138"/>
  <testcase name="validate[xml/decoders/Rautenhaus_fw10_RMX992_993.xml (pass=true)]" classname="jmri.jmrit.decoderdefn.SchemaTest" time="0.198"/>
  <testcase name="validate[xml/decoders/Doehler_Haass_FFn_decoders_old.xml (pass=true)]" classname="jmri.jmrit.decoderdefn.SchemaTest" time="0.138"/>
  <testcase name="validate[xml/decoders/MERG_ACC4.xml (pass=true)]" classname="jmri.jmrit.decoderdefn.SchemaTest" time="0.144"/>
  <testcase name="validate[xml/decoders/MRC_sounder1666.xml (pass=true)]" classname="jmri.jmrit.decoderdefn.SchemaTest" time="0.136"/>
  <testcase name="validate[xml/decoders/ZTC_213.xml (pass=true)]" classname="jmri.jmrit.decoderdefn.SchemaTest" time="0.134"/>
  <testcase name="validate[xml/decoders/Digitrax_STD.xml (pass=true)]" classname="jmri.jmrit.decoderdefn.SchemaTest" time="0.151"/>
  <testcase name="validate[xml/decoders/ZTC_471_sound.xml (pass=true)]" classname="jmri.jmrit.decoderdefn.SchemaTest" time="0.189"/>
  <testcase name="validate[xml/decoders/Zimo_MX680_v1-2.xml (pass=true)]" classname="jmri.jmrit.decoderdefn.SchemaTest" time="0.234"/>
  <testcase name="validate[xml/decoders/Zimo_Unified_software_MX69Vv25.xml (pass=true)]" classname="jmri.jmrit.decoderdefn.SchemaTest" time="0.263"/>
  <testcase name="validate[xml/decoders/Doehler_Haass_fw3.02_generic.xml (pass=true)]" classname="jmri.jmrit.decoderdefn.SchemaTest" time="0.21"/>
  <testcase name="validate[xml/decoders/TD_SIC24AD.xml (pass=true)]" classname="jmri.jmrit.decoderdefn.SchemaTest" time="0.176"/>
  <testcase name="validate[xml/decoders/MRC_sound1800-1801.xml (pass=true)]" classname="jmri.jmrit.decoderdefn.SchemaTest" time="0.14"/>
  <testcase name="validate[xml/decoders/MRC_128step.xml (pass=true)]" classname="jmri.jmrit.decoderdefn.SchemaTest" time="0.149"/>
  <testcase name="validate[xml/decoders/Zimo_Unified_software_v32_MX648+.xml (pass=true)]" classname="jmri.jmrit.decoderdefn.SchemaTest" time="0.397"/>
  <testcase name="validate[xml/decoders/Digitrax_TF4.xml (pass=true)]" classname="jmri.jmrit.decoderdefn.SchemaTest" time="0.135"/>
  <testcase name="validate[xml/decoders/Doehler_Haass_fw3.03_DHP160.xml (pass=true)]" classname="jmri.jmrit.decoderdefn.SchemaTest" time="0.223"/>
  <testcase name="validate[xml/decoders/TD_Servette.xml (pass=true)]" classname="jmri.jmrit.decoderdefn.SchemaTest" time="0.131"/>
  <testcase name="validate[xml/decoders/MRC_sound1905.xml (pass=true)]" classname="jmri.jmrit.decoderdefn.SchemaTest" time="0.152"/>
  <testcase name="validate[xml/decoders/Umelec_ATL2064.xml (pass=true)]" classname="jmri.jmrit.decoderdefn.SchemaTest" time="0.16"/>
  <testcase name="validate[xml/decoders/Doehler_Haass_fw3.03_DHP260.xml (pass=true)]" classname="jmri.jmrit.decoderdefn.SchemaTest" time="0.204"/>
  <testcase name="validate[xml/decoders/Zimo_Unified_software_MX631Cv31.xml (pass=true)]" classname="jmri.jmrit.decoderdefn.SchemaTest" time="0.282"/>
  <testcase name="validate[xml/decoders/Bachmann_EZDCC_1fn.xml (pass=true)]" classname="jmri.jmrit.decoderdefn.SchemaTest" time="0.136"/>
  <testcase name="validate[xml/decoders/SoundTraxx_MC_Walthers.xml (pass=true)]" classname="jmri.jmrit.decoderdefn.SchemaTest" time="0.181"/>
  <testcase name="validate[xml/decoders/TCS_WOW_FW03.xml (pass=true)]" classname="jmri.jmrit.decoderdefn.SchemaTest" time="0.332"/>
  <testcase name="validate[xml/decoders/Public_Domain_MERG_DIY_10.xml (pass=true)]" classname="jmri.jmrit.decoderdefn.SchemaTest" time="0.171"/>
  <testcase name="validate[xml/decoders/MRC_sound1631to1633.xml (pass=true)]" classname="jmri.jmrit.decoderdefn.SchemaTest" time="0.138"/>
  <testcase name="validate[xml/decoders/TCS_FW86.xml (pass=true)]" classname="jmri.jmrit.decoderdefn.SchemaTest" time="0.211"/>
  <testcase name="validate[xml/decoders/SoundTraxx_SHS_F7.xml (pass=true)]" classname="jmri.jmrit.decoderdefn.SchemaTest" time="0.175"/>
  <testcase name="validate[xml/decoders/Lenz_Standard.xml (pass=true)]" classname="jmri.jmrit.decoderdefn.SchemaTest" time="0.171"/>
  <testcase name="validate[xml/decoders/TD_SC8.xml (pass=true)]" classname="jmri.jmrit.decoderdefn.SchemaTest" time="0.159"/>
  <testcase name="validate[xml/decoders/Zimo_MX65.xml (pass=true)]" classname="jmri.jmrit.decoderdefn.SchemaTest" time="0.161"/>
  <testcase name="validate[xml/decoders/Zimo_Unified_software_MX632Cv31.xml (pass=true)]" classname="jmri.jmrit.decoderdefn.SchemaTest" time="0.273"/>
  <testcase name="validate[xml/decoders/MERG_10.xml (pass=true)]" classname="jmri.jmrit.decoderdefn.SchemaTest" time="0.17"/>
  <testcase name="validate[xml/decoders/Doehler_Haass_fw3.03_DH05-10A.xml (pass=true)]" classname="jmri.jmrit.decoderdefn.SchemaTest" time="0.205"/>
  <testcase name="validate[xml/decoders/Zimo_Unified_software_MX621v31.xml (pass=true)]" classname="jmri.jmrit.decoderdefn.SchemaTest" time="0.268"/>
  <testcase name="validate[xml/decoders/Arnold.xml (pass=true)]" classname="jmri.jmrit.decoderdefn.SchemaTest" time="0.164"/>
  <testcase name="validate[xml/decoders/Zimo_Unified_software_v32_MX647.xml (pass=true)]" classname="jmri.jmrit.decoderdefn.SchemaTest" time="0.408"/>
  <testcase name="validate[xml/decoders/Uhlenbrock_32100.xml (pass=true)]" classname="jmri.jmrit.decoderdefn.SchemaTest" time="0.146"/>
  <testcase name="validate[xml/decoders/ZTC_415.xml (pass=true)]" classname="jmri.jmrit.decoderdefn.SchemaTest" time="0.177"/>
  <testcase name="validate[xml/decoders/Digitrax_CS.xml (pass=true)]" classname="jmri.jmrit.decoderdefn.SchemaTest" time="0.154"/>
  <testcase name="validate[xml/decoders/public_domain/enum-HDL-PortMode.xml (pass=true)]" classname="jmri.jmrit.decoderdefn.SchemaTest" time="0.172"/>
  <testcase name="validate[xml/decoders/public_domain/enum-FREDiFunctionKeyMode.xml (pass=true)]" classname="jmri.jmrit.decoderdefn.SchemaTest" time="0.152"/>
  <testcase name="validate[xml/decoders/public_domain/pane-FREDiVersionMap.xml (pass=true)]" classname="jmri.jmrit.decoderdefn.SchemaTest" time="0.162"/>
  <testcase name="validate[xml/decoders/public_domain/pane-FREDiFunctionMap.xml (pass=true)]" classname="jmri.jmrit.decoderdefn.SchemaTest" time="0.129"/>
  <testcase name="validate[xml/decoders/TCS_bemf.xml (pass=true)]" classname="jmri.jmrit.decoderdefn.SchemaTest" time="0.239"/>
  <testcase name="validate[xml/decoders/ANE_LC201.xml (pass=true)]" classname="jmri.jmrit.decoderdefn.SchemaTest" time="0.155"/>
  <testcase name="validate[xml/decoders/QSI_Electric_Ver7.xml (pass=true)]" classname="jmri.jmrit.decoderdefn.SchemaTest" time="0.292"/>
  <testcase name="validate[xml/decoders/NCE_D13SR_TC.xml (pass=true)]" classname="jmri.jmrit.decoderdefn.SchemaTest" time="0.181"/>
  <testcase name="validate[xml/decoders/MRC_sound1820.xml (pass=true)]" classname="jmri.jmrit.decoderdefn.SchemaTest" time="0.147"/>
  <testcase name="validate[xml/decoders/Zimo_Unified_software_MX64Dv31.xml (pass=true)]" classname="jmri.jmrit.decoderdefn.SchemaTest" time="0.292"/>
  <testcase name="validate[xml/decoders/SoundTraxx_Tsu2_Electric.xml (pass=true)]" classname="jmri.jmrit.decoderdefn.SchemaTest" time="0.32"/>
  <testcase name="validate[xml/decoders/Zimo_MX61_2.xml (pass=true)]" classname="jmri.jmrit.decoderdefn.SchemaTest" time="0.191"/>
  <testcase name="validate[xml/decoders/Zimo_Unified_software_v32_MX699.xml (pass=true)]" classname="jmri.jmrit.decoderdefn.SchemaTest" time="0.42"/>
  <testcase name="validate[xml/decoders/0NMRA_registers.xml (pass=true)]" classname="jmri.jmrit.decoderdefn.SchemaTest" time="0.197"/>
  <testcase name="validate[xml/decoders/PpP_LightFX.xml (pass=true)]" classname="jmri.jmrit.decoderdefn.SchemaTest" time="0.144"/>
  <testcase name="validate[xml/decoders/Zimo_Unified_software_MX632v27.xml (pass=true)]" classname="jmri.jmrit.decoderdefn.SchemaTest" time="0.285"/>
  <testcase name="validate[xml/decoders/Qdecoder_Zbasic.xml (pass=true)]" classname="jmri.jmrit.decoderdefn.SchemaTest" time="0.17"/>
  <testcase name="validate[xml/decoders/MRC_sound1913.xml (pass=true)]" classname="jmri.jmrit.decoderdefn.SchemaTest" time="0.151"/>
  <testcase name="validate[xml/decoders/Zimo_Unified_software_MX631Cv28.xml (pass=true)]" classname="jmri.jmrit.decoderdefn.SchemaTest" time="0.281"/>
  <testcase name="validate[xml/decoders/MRC_sound1658-1660.xml (pass=true)]" classname="jmri.jmrit.decoderdefn.SchemaTest" time="0.148"/>
  <testcase name="validate[xml/decoders/MERG_12A.xml (pass=true)]" classname="jmri.jmrit.decoderdefn.SchemaTest" time="0.164"/>
  <testcase name="validate[xml/decoders/TrainOMatic_NMJ_224.xml (pass=true)]" classname="jmri.jmrit.decoderdefn.SchemaTest" time="0.195"/>
  <testcase name="validate[xml/decoders/CT_Elektronik_Sound_SL_51.xml (pass=true)]" classname="jmri.jmrit.decoderdefn.SchemaTest" time="0.167"/>
  <testcase name="validate[xml/decoders/TCS_FW41.xml (pass=true)]" classname="jmri.jmrit.decoderdefn.SchemaTest" time="0.224"/>
  <testcase name="validate[xml/decoders/Zimo_Unified_software_MX690Sv30.xml (pass=true)]" classname="jmri.jmrit.decoderdefn.SchemaTest" time="0.3"/>
  <testcase name="validate[xml/decoders/QSI_Articulated_Steam_ver7.xml (pass=true)]" classname="jmri.jmrit.decoderdefn.SchemaTest" time="0.28"/>
  <testcase name="validate[xml/decoders/0NMRA.xml (pass=true)]" classname="jmri.jmrit.decoderdefn.SchemaTest" time="0.192"/>
  <testcase name="validate[xml/decoders/Zimo_Unified_software_v32_MX640.xml (pass=true)]" classname="jmri.jmrit.decoderdefn.SchemaTest" time="0.403"/>
  <testcase name="validate[xml/decoders/Zimo_Unified_software_MX690Vv25.xml (pass=true)]" classname="jmri.jmrit.decoderdefn.SchemaTest" time="0.283"/>
  <testcase name="validate[xml/decoders/BLI_Blueline_diesel.xml (pass=true)]" classname="jmri.jmrit.decoderdefn.SchemaTest" time="0.178"/>
  <testcase name="validate[xml/decoders/Massoth_eMOTION_S.xml (pass=true)]" classname="jmri.jmrit.decoderdefn.SchemaTest" time="0.153"/>
  <testcase name="validate[xml/decoders/DCC_Concepts_Zen.xml (pass=true)]" classname="jmri.jmrit.decoderdefn.SchemaTest" time="0.189"/>
  <testcase name="validate[xml/decoders/QSI_Articulated_Steam_ver6.xml (pass=true)]" classname="jmri.jmrit.decoderdefn.SchemaTest" time="0.19"/>
  <testcase name="validate[xml/decoders/Zimo_Unified_software_MX630v27.xml (pass=true)]" classname="jmri.jmrit.decoderdefn.SchemaTest" time="0.261"/>
  <testcase name="validate[xml/decoders/MRC_soundbrilliance1803.xml (pass=true)]" classname="jmri.jmrit.decoderdefn.SchemaTest" time="0.14"/>
  <testcase name="validate[xml/decoders/Massoth_LGB_55027.xml (pass=true)]" classname="jmri.jmrit.decoderdefn.SchemaTest" time="0.149"/>
  <testcase name="validate[xml/decoders/TAMS_LD-G-21.xml (pass=true)]" classname="jmri.jmrit.decoderdefn.SchemaTest" time="0.143"/>
  <testcase name="validate[xml/decoders/ESU_Misc_LightingInterior.xml (pass=true)]" classname="jmri.jmrit.decoderdefn.SchemaTest" time="0.228"/>
  <testcase name="validate[xml/decoders/Trix_mSD3.xml (pass=true)]" classname="jmri.jmrit.decoderdefn.SchemaTest" time="0.475"/>
  <testcase name="validate[xml/decoders/TCS_Fn2.xml (pass=true)]" classname="jmri.jmrit.decoderdefn.SchemaTest" time="0.166"/>
  <testcase name="validate[xml/decoders/MRC_sound1663.xml (pass=true)]" classname="jmri.jmrit.decoderdefn.SchemaTest" time="0.166"/>
  <testcase name="validate[xml/decoders/Zimo_Unified_software_MX642v28.xml (pass=true)]" classname="jmri.jmrit.decoderdefn.SchemaTest" time="0.276"/>
  <testcase name="validate[xml/decoders/QSI_Articulated_Steam.xml (pass=true)]" classname="jmri.jmrit.decoderdefn.SchemaTest" time="0.185"/>
  <testcase name="validate[xml/decoders/MRC_sound1627.xml (pass=true)]" classname="jmri.jmrit.decoderdefn.SchemaTest" time="0.135"/>
  <testcase name="validate[xml/decoders/Massoth_LGB.xml (pass=true)]" classname="jmri.jmrit.decoderdefn.SchemaTest" time="0.137"/>
  <testcase name="validate[xml/decoders/MRC_sound1806to1812.xml (pass=true)]" classname="jmri.jmrit.decoderdefn.SchemaTest" time="0.149"/>
  <testcase name="validate[xml/decoders/Zimo_Unified_software_MX632v28.xml (pass=true)]" classname="jmri.jmrit.decoderdefn.SchemaTest" time="0.266"/>
  <testcase name="validate[xml/decoders/MTH.xml (pass=true)]" classname="jmri.jmrit.decoderdefn.SchemaTest" time="0.14"/>
  <testcase name="validate[xml/decoders/BLI_Blueline_Paragon2_Steam.xml (pass=true)]" classname="jmri.jmrit.decoderdefn.SchemaTest" time="0.18"/>
  <testcase name="validate[xml/decoders/Zimo_MX66S_1.xml (pass=true)]" classname="jmri.jmrit.decoderdefn.SchemaTest" time="0.169"/>
  <testcase name="validate[xml/decoders/Digitrax_PM4.xml (pass=true)]" classname="jmri.jmrit.decoderdefn.SchemaTest" time="0.143"/>
  <testcase name="validate[xml/decoders/TAMS_FD-R_Extended.xml (pass=true)]" classname="jmri.jmrit.decoderdefn.SchemaTest" time="0.183"/>
  <testcase name="validate[xml/decoders/TCS_WOW_FW02.xml (pass=true)]" classname="jmri.jmrit.decoderdefn.SchemaTest" time="0.34"/>
  <testcase name="validate[xml/decoders/TD_SC82.xml (pass=true)]" classname="jmri.jmrit.decoderdefn.SchemaTest" time="0.206"/>
  <testcase name="validate[xml/decoders/Digitrax_01x6.xml (pass=true)]" classname="jmri.jmrit.decoderdefn.SchemaTest" time="0.23"/>
  <testcase name="validate[xml/decoders/SoundTraxx_DSD_Steam.xml (pass=true)]" classname="jmri.jmrit.decoderdefn.SchemaTest" time="0.204"/>
  <testcase name="validate[xml/decoders/QSI_ver8.xml (pass=true)]" classname="jmri.jmrit.decoderdefn.SchemaTest" time="0.274"/>
  <testcase name="validate[xml/decoders/RR-CirKits-MotorMan.xml (pass=true)]" classname="jmri.jmrit.decoderdefn.SchemaTest" time="0.492"/>
  <testcase name="validate[xml/decoders/Trix_Snd_Glasscar.xml (pass=true)]" classname="jmri.jmrit.decoderdefn.SchemaTest" time="0.149"/>
  <testcase name="validate[xml/decoders/Lenz_UltraDrive.xml (pass=true)]" classname="jmri.jmrit.decoderdefn.SchemaTest" time="0.146"/>
  <testcase name="validate[xml/decoders/MRC_soundbrilliance1957.xml (pass=true)]" classname="jmri.jmrit.decoderdefn.SchemaTest" time="0.154"/>
  <testcase name="validate[xml/decoders/TD_SRC162.xml (pass=true)]" classname="jmri.jmrit.decoderdefn.SchemaTest" time="0.166"/>
  <testcase name="validate[xml/decoders/TCS_Mfamily-Jan2000.xml (pass=true)]" classname="jmri.jmrit.decoderdefn.SchemaTest" time="0.191"/>
  <testcase name="validate[xml/decoders/Arnold_81220.xml (pass=true)]" classname="jmri.jmrit.decoderdefn.SchemaTest" time="0.192"/>
  <testcase name="validate[xml/decoders/MRC_sound1961.xml (pass=true)]" classname="jmri.jmrit.decoderdefn.SchemaTest" time="0.2"/>
  <testcase name="validate[xml/decoders/TCS_Tx.xml (pass=true)]" classname="jmri.jmrit.decoderdefn.SchemaTest" time="0.222"/>
  <testcase name="validate[xml/decoders/Zimo_MX61_1.xml (pass=true)]" classname="jmri.jmrit.decoderdefn.SchemaTest" time="0.158"/>
  <testcase name="validate[xml/decoders/Doehler_Haass_fw3.03_DH05-10C_12-16-18-21A.xml (pass=true)]" classname="jmri.jmrit.decoderdefn.SchemaTest" time="0.231"/>
  <testcase name="validate[xml/decoders/Public_Domain_dccdoma_UNI16ARD_NAV_EXT.xml (pass=true)]" classname="jmri.jmrit.decoderdefn.SchemaTest" time="0.156"/>
  <testcase name="validate[xml/decoders/ESU_LokPilot2.0.xml (pass=true)]" classname="jmri.jmrit.decoderdefn.SchemaTest" time="0.202"/>
  <testcase name="validate[xml/decoders/Umelec_ATL2051.xml (pass=true)]" classname="jmri.jmrit.decoderdefn.SchemaTest" time="0.15"/>
  <testcase name="validate[xml/decoders/SoundTraxx_Tsu2_Diesel_OEM_Genesis.xml (pass=true)]" classname="jmri.jmrit.decoderdefn.SchemaTest" time="0.357"/>
  <testcase name="validate[xml/decoders/MRC_soundbrilliance1827.xml (pass=true)]" classname="jmri.jmrit.decoderdefn.SchemaTest" time="0.139"/>
  <testcase name="validate[xml/decoders/Trix_mSD.xml (pass=true)]" classname="jmri.jmrit.decoderdefn.SchemaTest" time="0.54"/>
  <testcase name="validate[xml/decoders/ESU_LokSound_Select.xml (pass=true)]" classname="jmri.jmrit.decoderdefn.SchemaTest" time="0.281"/>
  <testcase name="validate[xml/decoders/Kuehn_5Moto.xml (pass=true)]" classname="jmri.jmrit.decoderdefn.SchemaTest" time="0.168"/>
  <testcase name="validate[xml/decoders/ZTC_Stabilized.xml (pass=true)]" classname="jmri.jmrit.decoderdefn.SchemaTest" time="0.157"/>
  <testcase name="validate[xml/decoders/MRC_soundbrilliance1638.xml (pass=true)]" classname="jmri.jmrit.decoderdefn.SchemaTest" time="0.15"/>
  <testcase name="validate[xml/decoders/ct_elektronik/dimmingFunction-CV117-118.xml (pass=true)]" classname="jmri.jmrit.decoderdefn.SchemaTest" time="0.133"/>
  <testcase name="validate[xml/decoders/ct_elektronik/enumLightType.xml (pass=true)]" classname="jmri.jmrit.decoderdefn.SchemaTest" time="0.129"/>
  <testcase name="validate[xml/decoders/ct_elektronik/lockDecoder-CV53.xml (pass=true)]" classname="jmri.jmrit.decoderdefn.SchemaTest" time="0.183"/>
  <testcase name="validate[xml/decoders/ct_elektronik/enumLightDirection.xml (pass=true)]" classname="jmri.jmrit.decoderdefn.SchemaTest" time="0.197"/>
  <testcase name="validate[xml/decoders/ct_elektronik/functionMapNMRA.xml (pass=true)]" classname="jmri.jmrit.decoderdefn.SchemaTest" time="0.184"/>
  <testcase name="validate[xml/decoders/ct_elektronik/analogModeFunction.xml (pass=true)]" classname="jmri.jmrit.decoderdefn.SchemaTest" time="0.185"/>
  <testcase name="validate[xml/decoders/ct_elektronik/outputMapDimming-CV57-58.xml (pass=true)]" classname="jmri.jmrit.decoderdefn.SchemaTest" time="0.153"/>
  <testcase name="validate[xml/decoders/ct_elektronik/functionMapCT.xml (pass=true)]" classname="jmri.jmrit.decoderdefn.SchemaTest" time="0.212"/>
  <testcase name="validate[xml/decoders/SoundTraxx_Tsu_Steam_Walthers.xml (pass=true)]" classname="jmri.jmrit.decoderdefn.SchemaTest" time="0.246"/>
  <testcase name="validate[xml/decoders/Doehler_Haass_fw3.04_DH05-10C_12-16-18-21-22A.xml (pass=true)]" classname="jmri.jmrit.decoderdefn.SchemaTest" time="0.225"/>
  <testcase name="validate[xml/decoders/SoundTraxx_Tsu_SoundCar_Walthers.xml (pass=true)]" classname="jmri.jmrit.decoderdefn.SchemaTest" time="0.217"/>
  <testcase name="validate[xml/decoders/CT_Elektronik_DCX_30_V.xml (pass=true)]" classname="jmri.jmrit.decoderdefn.SchemaTest" time="0.181"/>
  <testcase name="validate[xml/decoders/SoundTraxx_Eco_Diesel_UK.xml (pass=true)]" classname="jmri.jmrit.decoderdefn.SchemaTest" time="0.289"/>
  <testcase name="validate[xml/decoders/NCE_D13SR.xml (pass=true)]" classname="jmri.jmrit.decoderdefn.SchemaTest" time="0.19"/>
  <testcase name="validate[xml/decoders/Zimo_Unified_software_MX633v31.xml (pass=true)]" classname="jmri.jmrit.decoderdefn.SchemaTest" time="0.377"/>
  <testcase name="validate[xml/decoders/MRC_sound1819.xml (pass=true)]" classname="jmri.jmrit.decoderdefn.SchemaTest" time="0.151"/>
  <testcase name="validate[xml/decoders/TCS_A1X.xml (pass=true)]" classname="jmri.jmrit.decoderdefn.SchemaTest" time="0.176"/>
  <testcase name="validate[xml/decoders/GFB_TT300.xml (pass=true)]" classname="jmri.jmrit.decoderdefn.SchemaTest" time="0.138"/>
  <testcase name="validate[xml/decoders/Zimo_Unified_software_MX620v31.xml (pass=true)]" classname="jmri.jmrit.decoderdefn.SchemaTest" time="0.28"/>
  <testcase name="validate[xml/decoders/Trix_Snd.xml (pass=true)]" classname="jmri.jmrit.decoderdefn.SchemaTest" time="0.148"/>
  <testcase name="validate[xml/decoders/Doehler_Haass_fw3.02_DH06A.xml (pass=true)]" classname="jmri.jmrit.decoderdefn.SchemaTest" time="0.212"/>
  <testcase name="validate[xml/decoders/Digitrax_BDL168.xml (pass=true)]" classname="jmri.jmrit.decoderdefn.SchemaTest" time="0.133"/>
  <testcase name="validate[xml/decoders/RR-CirKits-TC-64-basic.xml (pass=true)]" classname="jmri.jmrit.decoderdefn.SchemaTest" time="0.248"/>
  <testcase name="validate[xml/decoders/Zimo_Unified_software_v32_MX695_696_697V.xml (pass=true)]" classname="jmri.jmrit.decoderdefn.SchemaTest" time="0.463"/>
  <testcase name="validate[xml/decoders/Doehler_Haass_susi_sd_SH10A.xml (pass=true)]" classname="jmri.jmrit.decoderdefn.SchemaTest" time="0.223"/>
  <testcase name="validate[xml/decoders/RR-CirKits-LNCP-basic.xml (pass=true)]" classname="jmri.jmrit.decoderdefn.SchemaTest" time="0.971"/>
  <testcase name="validate[xml/decoders/QSI_Diesel_Ver6.xml (pass=true)]" classname="jmri.jmrit.decoderdefn.SchemaTest" time="0.184"/>
  <testcase name="validate[xml/decoders/MRC_soundbrilliance1637.xml (pass=true)]" classname="jmri.jmrit.decoderdefn.SchemaTest" time="0.164"/>
  <testcase name="validate[xml/decoders/Doehler_Haass_fw3.03_DH06A.xml (pass=true)]" classname="jmri.jmrit.decoderdefn.SchemaTest" time="0.203"/>
  <testcase name="validate[xml/decoders/Zimo_Unified_software_MX645P16v28.xml (pass=true)]" classname="jmri.jmrit.decoderdefn.SchemaTest" time="0.276"/>
  <testcase name="validate[xml/decoders/Zimo_Unified_software_MX69Vv28.xml (pass=true)]" classname="jmri.jmrit.decoderdefn.SchemaTest" time="0.277"/>
  <testcase name="validate[xml/decoders/Public_Domain_MERG_DIY_12A.xml (pass=true)]" classname="jmri.jmrit.decoderdefn.SchemaTest" time="0.155"/>
  <testcase name="validate[xml/decoders/MRC_sounder1662.xml (pass=true)]" classname="jmri.jmrit.decoderdefn.SchemaTest" time="0.153"/>
  <testcase name="validate[xml/decoders/Digirails_DR80010-15.xml (pass=true)]" classname="jmri.jmrit.decoderdefn.SchemaTest" time="0.194"/>
  <testcase name="validate[xml/decoders/TD_SMD8.xml (pass=true)]" classname="jmri.jmrit.decoderdefn.SchemaTest" time="0.151"/>
  <testcase name="validate[xml/decoders/TAMS_LD-G-32.xml (pass=true)]" classname="jmri.jmrit.decoderdefn.SchemaTest" time="0.161"/>
  <testcase name="validate[xml/decoders/Atlas_342.xml (pass=true)]" classname="jmri.jmrit.decoderdefn.SchemaTest" time="0.143"/>
  <testcase name="validate[xml/decoders/Zimo_Unified_software_MX642v27.xml (pass=true)]" classname="jmri.jmrit.decoderdefn.SchemaTest" time="0.271"/>
  <testcase name="validate[xml/decoders/Zimo_Unified_software_MX632Cv28.xml (pass=true)]" classname="jmri.jmrit.decoderdefn.SchemaTest" time="0.289"/>
  <testcase name="validate[xml/decoders/TAMS_FD-R_Basic2.xml (pass=true)]" classname="jmri.jmrit.decoderdefn.SchemaTest" time="0.17"/>
  <testcase name="validate[xml/decoders/Zimo_Unified_software_MX643P16v25.xml (pass=true)]" classname="jmri.jmrit.decoderdefn.SchemaTest" time="0.304"/>
  <testcase name="validate[xml/decoders/Zimo_Unified_software_MX69Vv27.xml (pass=true)]" classname="jmri.jmrit.decoderdefn.SchemaTest" time="0.295"/>
  <testcase name="validate[xml/decoders/LaisDcc.xml (pass=true)]" classname="jmri.jmrit.decoderdefn.SchemaTest" time="0.254"/>
  <testcase name="validate[xml/decoders/Zimo_Unified_software_MX631Cv27.xml (pass=true)]" classname="jmri.jmrit.decoderdefn.SchemaTest" time="0.294"/>
  <testcase name="validate[xml/decoders/Digitrax_Economy_Series6.xml (pass=true)]" classname="jmri.jmrit.decoderdefn.SchemaTest" time="0.166"/>
  <testcase name="validate[xml/decoders/Wangrow_6.xml (pass=true)]" classname="jmri.jmrit.decoderdefn.SchemaTest" time="0.15"/>
  <testcase name="validate[xml/decoders/Zimo_Unified_software_MX69Sv25.xml (pass=true)]" classname="jmri.jmrit.decoderdefn.SchemaTest" time="0.262"/>
  <testcase name="validate[xml/decoders/Uhlenbrock_77500.xml (pass=true)]" classname="jmri.jmrit.decoderdefn.SchemaTest" time="0.162"/>
  <testcase name="validate[xml/decoders/MyLocoSound-DCC.xml (pass=true)]" classname="jmri.jmrit.decoderdefn.SchemaTest" time="0.152"/>
  <testcase name="validate[xml/decoders/MRC_Athearn_F_Unit.xml (pass=true)]" classname="jmri.jmrit.decoderdefn.SchemaTest" time="0.135"/>
  <testcase name="validate[xml/decoders/Doehler_Haass_fw3.05_generic.xml (pass=true)]" classname="jmri.jmrit.decoderdefn.SchemaTest" time="0.224"/>
  <testcase name="validate[xml/decoders/RR-CirKits-SwitchMan.xml (pass=true)]" classname="jmri.jmrit.decoderdefn.SchemaTest" time="0.552"/>
  <testcase name="validate[xml/decoders/MRC_sound1960.xml (pass=true)]" classname="jmri.jmrit.decoderdefn.SchemaTest" time="0.139"/>
  <testcase name="validate[xml/decoders/PpP_Des3.xml (pass=true)]" classname="jmri.jmrit.decoderdefn.SchemaTest" time="0.141"/>
  <testcase name="validate[xml/decoders/Lenz_LE077XF.xml (pass=true)]" classname="jmri.jmrit.decoderdefn.SchemaTest" time="0.143"/>
  <testcase name="validate[xml/decoders/Haber_u_Koenig.xml (pass=true)]" classname="jmri.jmrit.decoderdefn.SchemaTest" time="0.15"/>
  <testcase name="validate[xml/decoders/MTH_PS3_Full.xml (pass=true)]" classname="jmri.jmrit.decoderdefn.SchemaTest" time="0.15"/>
  <testcase name="validate[xml/decoders/Zimo_Unified_software_v34_MX645.xml (pass=true)]" classname="jmri.jmrit.decoderdefn.SchemaTest" time="0.4"/>
  <testcase name="validate[xml/decoders/Zimo_Unified_software_MX632v31.xml (pass=true)]" classname="jmri.jmrit.decoderdefn.SchemaTest" time="0.288"/>
  <testcase name="validate[xml/decoders/MRC_sound1629.xml (pass=true)]" classname="jmri.jmrit.decoderdefn.SchemaTest" time="0.136"/>
  <testcase name="validate[xml/decoders/Zimo_Unified_software_MX631v27.xml (pass=true)]" classname="jmri.jmrit.decoderdefn.SchemaTest" time="0.274"/>
  <testcase name="validate[xml/decoders/Digitrax_DCSx00.xml (pass=true)]" classname="jmri.jmrit.decoderdefn.SchemaTest" time="0.145"/>
  <testcase name="validate[xml/decoders/Digitrax_01x3.xml (pass=true)]" classname="jmri.jmrit.decoderdefn.SchemaTest" time="0.17"/>
  <testcase name="validate[xml/decoders/TD_SMD82.xml (pass=true)]" classname="jmri.jmrit.decoderdefn.SchemaTest" time="0.164"/>
  <testcase name="validate[xml/decoders/TAMS_FD-R_Basic.xml (pass=true)]" classname="jmri.jmrit.decoderdefn.SchemaTest" time="0.145"/>
  <testcase name="validate[xml/decoders/MRC_soundbrilliance1800.xml (pass=true)]" classname="jmri.jmrit.decoderdefn.SchemaTest" time="0.14"/>
  <testcase name="validate[xml/decoders/QSI_ver9.xml (pass=true)]" classname="jmri.jmrit.decoderdefn.SchemaTest" time="0.3"/>
  <testcase name="validate[xml/decoders/Uhlenbrock_75330.xml (pass=true)]" classname="jmri.jmrit.decoderdefn.SchemaTest" time="0.178"/>
  <testcase name="validate[xml/decoders/ESU_LokPilotBasic2.0.xml (pass=true)]" classname="jmri.jmrit.decoderdefn.SchemaTest" time="0.147"/>
  <testcase name="validate[xml/decoders/TCS_DP2X.xml (pass=true)]" classname="jmri.jmrit.decoderdefn.SchemaTest" time="0.181"/>
  <testcase name="validate[xml/decoders/MRC_sound1644-1645.xml (pass=true)]" classname="jmri.jmrit.decoderdefn.SchemaTest" time="0.139"/>
  <testcase name="validate[xml/decoders/Lenz_DriveSelect.xml (pass=true)]" classname="jmri.jmrit.decoderdefn.SchemaTest" time="0.159"/>
  <testcase name="validate[xml/decoders/Zimo_Unified_software_MX690Vv28.xml (pass=true)]" classname="jmri.jmrit.decoderdefn.SchemaTest" time="0.273"/>
  <testcase name="validate[xml/decoders/Zimo_Unified_software_MX643P22v28.xml (pass=true)]" classname="jmri.jmrit.decoderdefn.SchemaTest" time="0.284"/>
  <testcase name="validate[xml/decoders/ESU_LokPilotBasic1.0.xml (pass=true)]" classname="jmri.jmrit.decoderdefn.SchemaTest" time="0.134"/>
  <testcase name="validate[xml/decoders/TD_SMD84.xml (pass=true)]" classname="jmri.jmrit.decoderdefn.SchemaTest" time="0.148"/>
  <testcase name="validate[xml/decoders/TrainOMatic_ShinePlus.xml (pass=true)]" classname="jmri.jmrit.decoderdefn.SchemaTest" time="0.254"/>
  <testcase name="validate[xml/decoders/TCS_V51-Jun2007.xml (pass=true)]" classname="jmri.jmrit.decoderdefn.SchemaTest" time="0.198"/>
  <testcase name="validate[xml/decoders/TD_SMC4.xml (pass=true)]" classname="jmri.jmrit.decoderdefn.SchemaTest" time="0.161"/>
  <testcase name="validate[xml/decoders/Trix_mLD3.xml (pass=true)]" classname="jmri.jmrit.decoderdefn.SchemaTest" time="0.484"/>
  <testcase name="validate[xml/decoders/0NMRA_test_1024.xml (pass=true)]" classname="jmri.jmrit.decoderdefn.SchemaTest" time="0.241"/>
  <testcase name="validate[xml/decoders/MRC_sound1711to1716.xml (pass=true)]" classname="jmri.jmrit.decoderdefn.SchemaTest" time="0.181"/>
  <testcase name="validate[xml/decoders/ESU_LokSound_Select_Steam.xml (pass=true)]" classname="jmri.jmrit.decoderdefn.SchemaTest" time="0.324"/>
  <testcase name="validate[xml/decoders/SoundTraxx_Tsu_Diesel_Bachmann.xml (pass=true)]" classname="jmri.jmrit.decoderdefn.SchemaTest" time="0.249"/>
  <testcase name="validate[xml/decoders/SoundTraxx_MC.xml (pass=true)]" classname="jmri.jmrit.decoderdefn.SchemaTest" time="0.19"/>
  <testcase name="validate[xml/decoders/Uhlenbrock_76560.xml (pass=true)]" classname="jmri.jmrit.decoderdefn.SchemaTest" time="0.197"/>
  <testcase name="validate[xml/decoders/Uhlenbrock_73500.xml (pass=true)]" classname="jmri.jmrit.decoderdefn.SchemaTest" time="0.137"/>
  <testcase name="validate[xml/decoders/Zimo_Unified_software_v30_MX681.xml (pass=true)]" classname="jmri.jmrit.decoderdefn.SchemaTest" time="0.339"/>
  <testcase name="validate[xml/decoders/Massoth_LGB_22592.xml (pass=true)]" classname="jmri.jmrit.decoderdefn.SchemaTest" time="0.139"/>
  <testcase name="validate[xml/decoders/MRC_Athearn_F45.xml (pass=true)]" classname="jmri.jmrit.decoderdefn.SchemaTest" time="0.135"/>
  <testcase name="validate[xml/decoders/Doehler_Haass_fw3.02_DHP260.xml (pass=true)]" classname="jmri.jmrit.decoderdefn.SchemaTest" time="0.22"/>
  <testcase name="validate[xml/decoders/Trix_mLD.xml (pass=true)]" classname="jmri.jmrit.decoderdefn.SchemaTest" time="0.495"/>
  <testcase name="validate[xml/decoders/Zimo_Unified_software_MX630v28.xml (pass=true)]" classname="jmri.jmrit.decoderdefn.SchemaTest" time="0.285"/>
  <testcase name="validate[xml/decoders/Zimo_Unified_software_MX632Cv27.xml (pass=true)]" classname="jmri.jmrit.decoderdefn.SchemaTest" time="0.261"/>
  <testcase name="validate[xml/decoders/QSI_Diesel_Ver7.xml (pass=true)]" classname="jmri.jmrit.decoderdefn.SchemaTest" time="0.299"/>
  <testcase name="validate[xml/decoders/SoundTraxx_SHS_F3.xml (pass=true)]" classname="jmri.jmrit.decoderdefn.SchemaTest" time="0.161"/>
  <testcase name="validate[xml/decoders/Digitrax_1x2.xml (pass=true)]" classname="jmri.jmrit.decoderdefn.SchemaTest" time="0.162"/>
  <testcase name="validate[xml/decoders/Doehler_Haass_fw3.02_DH05-10C_12-16-18A.xml (pass=true)]" classname="jmri.jmrit.decoderdefn.SchemaTest" time="0.21"/>
  <testcase name="validate[xml/decoders/Zimo_Unified_software_v34_MX644.xml (pass=true)]" classname="jmri.jmrit.decoderdefn.SchemaTest" time="0.386"/>
  <testcase name="validate[xml/decoders/Zimo_Unified_software_MX630v25.xml (pass=true)]" classname="jmri.jmrit.decoderdefn.SchemaTest" time="0.278"/>
  <testcase name="validate[xml/decoders/TCS_WOW_Diesel02.xml (pass=true)]" classname="jmri.jmrit.decoderdefn.SchemaTest" time="0.281"/>
  <testcase name="validate[xml/decoders/ESU_LokPilotV4.0.xml (pass=true)]" classname="jmri.jmrit.decoderdefn.SchemaTest" time="0.272"/>
  <testcase name="validate[xml/decoders/PpP_Sem4.xml (pass=true)]" classname="jmri.jmrit.decoderdefn.SchemaTest" time="0.129"/>
  <testcase name="validate[xml/decoders/MRC_sound1902.xml (pass=true)]" classname="jmri.jmrit.decoderdefn.SchemaTest" time="0.157"/>
  <testcase name="validate[xml/decoders/SoundTraxx_DSD_Diesel.xml (pass=true)]" classname="jmri.jmrit.decoderdefn.SchemaTest" time="0.163"/>
  <testcase name="validate[xml/decoders/TD_BlocD8.xml (pass=true)]" classname="jmri.jmrit.decoderdefn.SchemaTest" time="0.146"/>
  <testcase name="validate[xml/decoders/Zimo_Unified_software_MX69Lv25.xml (pass=true)]" classname="jmri.jmrit.decoderdefn.SchemaTest" time="0.273"/>
  <testcase name="validate[xml/decoders/MRC_soundbrilliance1636.xml (pass=true)]" classname="jmri.jmrit.decoderdefn.SchemaTest" time="0.139"/>
  <testcase name="validate[xml/decoders/TD_SIC24e.xml (pass=true)]" classname="jmri.jmrit.decoderdefn.SchemaTest" time="0.168"/>
  <testcase name="validate[xml/decoders/Doehler_Haass_fw3.02_FH05A.xml (pass=true)]" classname="jmri.jmrit.decoderdefn.SchemaTest" time="0.205"/>
  <testcase name="validate[xml/decoders/SoundTraxx_DSX_Steam.xml (pass=true)]" classname="jmri.jmrit.decoderdefn.SchemaTest" time="0.17"/>
  <testcase name="validate[xml/decoders/Uhlenbrock_73900.xml (pass=true)]" classname="jmri.jmrit.decoderdefn.SchemaTest" time="0.139"/>
  <testcase name="validate[xml/decoders/SoundTraxx_LC_Steam_hylt.xml (pass=true)]" classname="jmri.jmrit.decoderdefn.SchemaTest" time="0.154"/>
  <testcase name="validate[xml/decoders/SoundTraxx_LC_Steam.xml (pass=true)]" classname="jmri.jmrit.decoderdefn.SchemaTest" time="0.163"/>
  <testcase name="validate[xml/decoders/Bachmann_EZDCC.xml (pass=true)]" classname="jmri.jmrit.decoderdefn.SchemaTest" time="0.135"/>
  <testcase name="validate[xml/decoders/Zimo_Unified_software_MX695Sv30.xml (pass=true)]" classname="jmri.jmrit.decoderdefn.SchemaTest" time="0.298"/>
  <testcase name="validate[xml/decoders/TD_SIC24.xml (pass=true)]" classname="jmri.jmrit.decoderdefn.SchemaTest" time="0.161"/>
  <testcase name="validate[xml/decoders/CT_Elektronik_Sound_SL_v40.xml (pass=true)]" classname="jmri.jmrit.decoderdefn.SchemaTest" time="0.159"/>
  <testcase name="validate[xml/decoders/Zimo_Unified_software_MX634Cv31.xml (pass=true)]" classname="jmri.jmrit.decoderdefn.SchemaTest" time="0.343"/>
  <testcase name="validate[xml/decoders/Doehler_Haass_fw3.02_DH05-10AB.xml (pass=true)]" classname="jmri.jmrit.decoderdefn.SchemaTest" time="0.203"/>
  <testcase name="validate[xml/decoders/SoundTraxx_Bachmann_SndVal_Stm_deprecated.xml (pass=true)]" classname="jmri.jmrit.decoderdefn.SchemaTest" time="0.246"/>
  <testcase name="validate[xml/decoders/Zimo_Unified_software_MX640v28.xml (pass=true)]" classname="jmri.jmrit.decoderdefn.SchemaTest" time="0.305"/>
  <testcase name="validate[xml/decoders/MRC_soundbrilliance1812.xml (pass=true)]" classname="jmri.jmrit.decoderdefn.SchemaTest" time="0.148"/>
  <testcase name="validate[xml/decoders/TCS_zMx.xml (pass=true)]" classname="jmri.jmrit.decoderdefn.SchemaTest" time="0.18"/>
  <testcase name="validate[xml/decoders/Massoth_pulsed_smoke.xml (pass=true)]" classname="jmri.jmrit.decoderdefn.SchemaTest" time="0.131"/>
  <testcase name="validate[xml/decoders/Fleischmann_FMZ_DCC.xml (pass=true)]" classname="jmri.jmrit.decoderdefn.SchemaTest" time="0.143"/>
  <testcase name="validate[xml/decoders/CVProducts_AD4.xml (pass=true)]" classname="jmri.jmrit.decoderdefn.SchemaTest" time="0.132"/>
  <testcase name="validate[xml/decoders/Digitrax_1SFX.xml (pass=true)]" classname="jmri.jmrit.decoderdefn.SchemaTest" time="0.18"/>
  <testcase name="validate[xml/decoders/Qdecoder_Fplus.xml (pass=true)]" classname="jmri.jmrit.decoderdefn.SchemaTest" time="3.142"/>
  <testcase name="validate[xml/decoders/SoundTraxx_MC_IMRC_OEM.xml (pass=true)]" classname="jmri.jmrit.decoderdefn.SchemaTest" time="0.167"/>
  <testcase name="validate[xml/decoders/Doehler_Haass_fw3.06-07_DH05-10C_12-16-18-21-22A_PD12A.xml (pass=true)]" classname="jmri.jmrit.decoderdefn.SchemaTest" time="0.288"/>
  <testcase name="validate[xml/decoders/Doehler_Haass_fw1.06-07_SD10-16-18-21-22A.xml (pass=true)]" classname="jmri.jmrit.decoderdefn.SchemaTest" time="0.262"/>
  <testcase name="validate[xml/decoders/Zimo_Unified_software_MX69Lv28.xml (pass=true)]" classname="jmri.jmrit.decoderdefn.SchemaTest" time="0.285"/>
  <testcase name="validate[xml/decoders/Zimo_Unified_software_v36_MX648.xml (pass=true)]" classname="jmri.jmrit.decoderdefn.SchemaTest" time="0.398"/>
  <testcase name="validate[xml/decoders/Doehler_Haass_fw3.04_DHP160.xml (pass=true)]" classname="jmri.jmrit.decoderdefn.SchemaTest" time="0.225"/>
  <testcase name="validate[xml/decoders/RR-CirKits-SignalMan-basic.xml (pass=true)]" classname="jmri.jmrit.decoderdefn.SchemaTest" time="0.664"/>
  <testcase name="validate[xml/decoders/TamValleyDepot_QuadLn_S_11.xml (pass=true)]" classname="jmri.jmrit.decoderdefn.SchemaTest" time="0.26"/>
  <testcase name="validate[xml/decoders/Doehler_Haass_fw3.04_generic.xml (pass=true)]" classname="jmri.jmrit.decoderdefn.SchemaTest" time="0.268"/>
  <testcase name="validate[xml/decoders/CT_Elektronik_DCX_oldV26.xml (pass=true)]" classname="jmri.jmrit.decoderdefn.SchemaTest" time="0.235"/>
  <testcase name="validate[xml/decoders/ESU_Bachmann_3_function.xml (pass=true)]" classname="jmri.jmrit.decoderdefn.SchemaTest" time="0.184"/>
  <testcase name="validate[xml/decoders/Fleischmann_Function_Leig.xml (pass=true)]" classname="jmri.jmrit.decoderdefn.SchemaTest" time="0.131"/>
  <testcase name="validate[xml/decoders/SoundTraxx_LC_Steam_pnp.xml (pass=true)]" classname="jmri.jmrit.decoderdefn.SchemaTest" time="0.174"/>
  <testcase name="validate[xml/decoders/Doehler_Haass_fw3.04_DHP260.xml (pass=true)]" classname="jmri.jmrit.decoderdefn.SchemaTest" time="0.204"/>
  <testcase name="validate[xml/decoders/Harman_DIY_accessory_decoders.xml (pass=true)]" classname="jmri.jmrit.decoderdefn.SchemaTest" time="0.151"/>
  <testcase name="validate[xml/decoders/ESU_Roco_10745_v56.xml (pass=true)]" classname="jmri.jmrit.decoderdefn.SchemaTest" time="0.133"/>
  <testcase name="validate[xml/decoders/SoundTraxx_Tsu_Diesel_Genesis.xml (pass=true)]" classname="jmri.jmrit.decoderdefn.SchemaTest" time="0.254"/>
  <testcase name="validate[xml/decoders/MRC_soundbrilliance1658.xml (pass=true)]" classname="jmri.jmrit.decoderdefn.SchemaTest" time="0.14"/>
  <testcase name="validate[xml/decoders/Zimo_MX61_N.xml (pass=true)]" classname="jmri.jmrit.decoderdefn.SchemaTest" time="0.164"/>
  <testcase name="validate[xml/decoders/MRC_sound1636.xml (pass=true)]" classname="jmri.jmrit.decoderdefn.SchemaTest" time="0.161"/>
  <testcase name="validate[xml/decoders/ESU_SwitchPilot.xml (pass=true)]" classname="jmri.jmrit.decoderdefn.SchemaTest" time="0.149"/>
  <testcase name="validate[xml/decoders/Digitrax_0SFX_Series6.xml (pass=true)]" classname="jmri.jmrit.decoderdefn.SchemaTest" time="0.215"/>
  <testcase name="validate[xml/decoders/Zimo_Unified_software_MX640v27.xml (pass=true)]" classname="jmri.jmrit.decoderdefn.SchemaTest" time="0.271"/>
  <testcase name="validate[xml/decoders/Digitrax_DS64.xml (pass=true)]" classname="jmri.jmrit.decoderdefn.SchemaTest" time="0.145"/>
  <testcase name="validate[xml/decoders/Zimo_Unified_software_MX645v28.xml (pass=true)]" classname="jmri.jmrit.decoderdefn.SchemaTest" time="0.274"/>
  <testcase name="validate[xml/decoders/Zimo_Unified_software_MX600v31.xml (pass=true)]" classname="jmri.jmrit.decoderdefn.SchemaTest" time="0.271"/>
  <testcase name="validate[xml/decoders/TCS_WOW_steam04.xml (pass=true)]" classname="jmri.jmrit.decoderdefn.SchemaTest" time="0.41"/>
  <testcase name="validate[xml/decoders/Zimo_Unified_software_MX69Vv31.xml (pass=true)]" classname="jmri.jmrit.decoderdefn.SchemaTest" time="0.271"/>
  <testcase name="validate[xml/decoders/Massoth_eMOTION_Sound.xml (pass=true)]" classname="jmri.jmrit.decoderdefn.SchemaTest" time="0.159"/>
  <testcase name="validate[xml/decoders/0NMRA_accessory.xml (pass=true)]" classname="jmri.jmrit.decoderdefn.SchemaTest" time="0.139"/>
  <testcase name="validate[xml/decoders/MRC_soundbrilliance1869.xml (pass=true)]" classname="jmri.jmrit.decoderdefn.SchemaTest" time="0.154"/>
  <testcase name="validate[xml/decoders/0NMRA_test.xml (pass=true)]" classname="jmri.jmrit.decoderdefn.SchemaTest" time="0.139"/>
  <testcase name="validate[xml/decoders/Atlas_DualMode.xml (pass=true)]" classname="jmri.jmrit.decoderdefn.SchemaTest" time="0.146"/>
  <testcase name="validate[xml/decoders/Zimo_Unified_software_MX623v30.xml (pass=true)]" classname="jmri.jmrit.decoderdefn.SchemaTest" time="0.265"/>
  <testcase name="validate[xml/decoders/Trix_Snd_BB12000.xml (pass=true)]" classname="jmri.jmrit.decoderdefn.SchemaTest" time="0.155"/>
  <testcase name="validate[xml/decoders/Zimo_Unified_software_MX69Lv27.xml (pass=true)]" classname="jmri.jmrit.decoderdefn.SchemaTest" time="0.262"/>
  <testcase name="validate[xml/decoders/TCS_Fn_FW01.xml (pass=true)]" classname="jmri.jmrit.decoderdefn.SchemaTest" time="0.176"/>
  <testcase name="validate[xml/decoders/SoundTraxx_Eco_Diesel.xml (pass=true)]" classname="jmri.jmrit.decoderdefn.SchemaTest" time="0.276"/>
  <testcase name="validate[xml/decoders/MRC_sound1750.xml (pass=true)]" classname="jmri.jmrit.decoderdefn.SchemaTest" time="0.149"/>
  <testcase name="validate[xml/decoders/MRC_1428step.xml (pass=true)]" classname="jmri.jmrit.decoderdefn.SchemaTest" time="0.133"/>
  <testcase name="validate[xml/decoders/MRC_sound1922.xml (pass=true)]" classname="jmri.jmrit.decoderdefn.SchemaTest" time="0.15"/>
  <testcase name="validate[xml/decoders/SoundTraxx_OEM_PIKO.xml (pass=true)]" classname="jmri.jmrit.decoderdefn.SchemaTest" time="0.183"/>
  <testcase name="validate[xml/decoders/Zimo_Unified_software_MX618v31.xml (pass=true)]" classname="jmri.jmrit.decoderdefn.SchemaTest" time="0.284"/>
  <testcase name="validate[xml/decoders/Hattons.xml (pass=true)]" classname="jmri.jmrit.decoderdefn.SchemaTest" time="0.137"/>
  <testcase name="validate[xml/decoders/Doehler_Haass_fw3.02_DHP250.xml (pass=true)]" classname="jmri.jmrit.decoderdefn.SchemaTest" time="0.212"/>
  <testcase name="validate[xml/decoders/QSI_Gas_Turbine_Ver7.xml (pass=true)]" classname="jmri.jmrit.decoderdefn.SchemaTest" time="0.276"/>
  <testcase name="validate[xml/decoders/MRC_sound1626.xml (pass=true)]" classname="jmri.jmrit.decoderdefn.SchemaTest" time="0.145"/>
  <testcase name="validate[xml/decoders/QSI_Stock.xml (pass=true)]" classname="jmri.jmrit.decoderdefn.SchemaTest" time="0.172"/>
  <testcase name="validate[xml/decoders/Wangrow_7.xml (pass=true)]" classname="jmri.jmrit.decoderdefn.SchemaTest" time="0.147"/>
  <testcase name="validate[xml/decoders/SoundTraxx_Tsu_Diesel_Bowser.xml (pass=true)]" classname="jmri.jmrit.decoderdefn.SchemaTest" time="0.236"/>
  <testcase name="validate[xml/decoders/MRC_sound1822.xml (pass=true)]" classname="jmri.jmrit.decoderdefn.SchemaTest" time="0.152"/>
  <testcase name="validate[xml/decoders/Zimo_MX640_v1-2.xml (pass=true)]" classname="jmri.jmrit.decoderdefn.SchemaTest" time="0.228"/>
  <testcase name="validate[xml/decoders/Zimo_Unified_software_MX690Vv27.xml (pass=true)]" classname="jmri.jmrit.decoderdefn.SchemaTest" time="0.284"/>
  <testcase name="validate[xml/decoders/MRC_Athearn_SD45_60_1825.xml (pass=true)]" classname="jmri.jmrit.decoderdefn.SchemaTest" time="0.138"/>
  <testcase name="validate[xml/decoders/Digitrax_TL1.xml (pass=true)]" classname="jmri.jmrit.decoderdefn.SchemaTest" time="0.148"/>
  <testcase name="validate[xml/decoders/Digitrax_STDstar.xml (pass=true)]" classname="jmri.jmrit.decoderdefn.SchemaTest" time="0.141"/>
  <testcase name="validate[xml/decoders/MRC_soundbrilliance1645.xml (pass=true)]" classname="jmri.jmrit.decoderdefn.SchemaTest" time="0.135"/>
  <testcase name="validate[xml/decoders/SoundTraxx_Tsu_Diesel_Bachmann_SndVal.xml (pass=true)]" classname="jmri.jmrit.decoderdefn.SchemaTest" time="0.225"/>
  <testcase name="validate[xml/decoders/MRC_sound1637.xml (pass=true)]" classname="jmri.jmrit.decoderdefn.SchemaTest" time="0.136"/>
  <testcase name="validate[xml/decoders/TCS_A1X-Jan2000.xml (pass=true)]" classname="jmri.jmrit.decoderdefn.SchemaTest" time="0.185"/>
  <testcase name="validate[xml/decoders/Uhlenbrock_73400.xml (pass=true)]" classname="jmri.jmrit.decoderdefn.SchemaTest" time="0.139"/>
  <testcase name="validate[xml/decoders/BLI_Rolling_Thunder.xml (pass=true)]" classname="jmri.jmrit.decoderdefn.SchemaTest" time="0.139"/>
  <testcase name="validate[xml/decoders/MRC_Athearn_BigBoy.xml (pass=true)]" classname="jmri.jmrit.decoderdefn.SchemaTest" time="0.136"/>
  <testcase name="validate[xml/decoders/Zimo_Unified_software_MX643P16v28.xml (pass=true)]" classname="jmri.jmrit.decoderdefn.SchemaTest" time="0.273"/>
  <testcase name="validate[xml/decoders/Wekomm_RRR.xml (pass=true)]" classname="jmri.jmrit.decoderdefn.SchemaTest" time="0.146"/>
  <testcase name="validate[xml/decoders/Digitrax_xearly.xml (pass=true)]" classname="jmri.jmrit.decoderdefn.SchemaTest" time="0.139"/>
  <testcase name="validate[xml/decoders/Fleischmann_Twin_DCC.xml (pass=true)]" classname="jmri.jmrit.decoderdefn.SchemaTest" time="0.146"/>
  <testcase name="validate[xml/decoders/Zimo_MX66-2000-11.xml (pass=true)]" classname="jmri.jmrit.decoderdefn.SchemaTest" time="0.17"/>
  <testcase name="validate[xml/decoders/MRC_sound1910.xml (pass=true)]" classname="jmri.jmrit.decoderdefn.SchemaTest" time="0.153"/>
  <testcase name="validate[xml/decoders/Zimo_Unified_software_MX643P16v27.xml (pass=true)]" classname="jmri.jmrit.decoderdefn.SchemaTest" time="0.271"/>
  <testcase name="validate[xml/decoders/Doehler_Haass_fw3.03_FH05A.xml (pass=true)]" classname="jmri.jmrit.decoderdefn.SchemaTest" time="0.207"/>
  <testcase name="validate[xml/decoders/Spectrum_AC8824.xml (pass=true)]" classname="jmri.jmrit.decoderdefn.SchemaTest" time="0.197"/>
  <testcase name="validate[xml/decoders/Doehler_Haass_sd_SD18A.xml (pass=true)]" classname="jmri.jmrit.decoderdefn.SchemaTest" time="0.257"/>
  <testcase name="validate[xml/decoders/Doehler_Haass_fw3.03_generic.xml (pass=true)]" classname="jmri.jmrit.decoderdefn.SchemaTest" time="0.264"/>
  <testcase name="validate[xml/decoders/NCE_D102US.xml (pass=true)]" classname="jmri.jmrit.decoderdefn.SchemaTest" time="0.185"/>
  <testcase name="validate[xml/decoders/MRC_sounder1908.xml (pass=true)]" classname="jmri.jmrit.decoderdefn.SchemaTest" time="0.143"/>
  <testcase name="validate[xml/decoders/ESU_LokSoundV3_0.xml (pass=true)]" classname="jmri.jmrit.decoderdefn.SchemaTest" time="0.35"/>
  <testcase name="validate[xml/decoders/CT_Elektronik_DCX_V66_plus.xml (pass=true)]" classname="jmri.jmrit.decoderdefn.SchemaTest" time="0.247"/>
  <testcase name="validate[xml/decoders/MGP_BT_LocoBridge.xml (pass=true)]" classname="jmri.jmrit.decoderdefn.SchemaTest" time="0.152"/>
  <testcase name="validate[xml/decoders/Uhlenbrock_67800.xml (pass=true)]" classname="jmri.jmrit.decoderdefn.SchemaTest" time="0.131"/>
  <testcase name="validate[xml/decoders/LDH_SyM-v55.xml (pass=true)]" classname="jmri.jmrit.decoderdefn.SchemaTest" time="0.01"/>
  <testcase name="validate[xml/decoders/MRC_sound1911.xml (pass=true)]" classname="jmri.jmrit.decoderdefn.SchemaTest" time="0.149"/>
  <testcase name="validate[xml/decoders/MRC_sound1956.xml (pass=true)]" classname="jmri.jmrit.decoderdefn.SchemaTest" time="0.139"/>
  <testcase name="validate[xml/decoders/Zimo_MX63_MX64H_v22-30.xml (pass=true)]" classname="jmri.jmrit.decoderdefn.SchemaTest" time="0.211"/>
  <testcase name="validate[xml/decoders/CT_Elektronik_DCX_new2.xml (pass=true)]" classname="jmri.jmrit.decoderdefn.SchemaTest" time="0.198"/>
  <testcase name="validate[xml/decoders/MRC_sound1957to1959.xml (pass=true)]" classname="jmri.jmrit.decoderdefn.SchemaTest" time="0.137"/>
  <testcase name="validate[xml/decoders/ESU_LokSoundV4_0.xml (pass=true)]" classname="jmri.jmrit.decoderdefn.SchemaTest" time="0.282"/>
  <testcase name="validate[xml/decoders/TCS_M1_v24.xml (pass=true)]" classname="jmri.jmrit.decoderdefn.SchemaTest" time="0.181"/>
  <testcase name="validate[xml/decoders/Public_Domain_dccdoma_UNI16ARD_NAV.xml (pass=true)]" classname="jmri.jmrit.decoderdefn.SchemaTest" time="0.216"/>
  <testcase name="validate[xml/decoders/TamValleyDepot_QuadLn.xml (pass=true)]" classname="jmri.jmrit.decoderdefn.SchemaTest" time="0.155"/>
  <testcase name="validate[xml/decoders/MRC_sound1638.xml (pass=true)]" classname="jmri.jmrit.decoderdefn.SchemaTest" time="0.137"/>
  <testcase name="validate[xml/decoders/SoundTraxx_Tsu_Diesel_Rapido.xml (pass=true)]" classname="jmri.jmrit.decoderdefn.SchemaTest" time="0.231"/>
  <testcase name="validate[xml/decoders/ZTC_B_Stabilized.xml (pass=true)]" classname="jmri.jmrit.decoderdefn.SchemaTest" time="0.134"/>
  <testcase name="validate[xml/decoders/SoundTraxx_Tsu_Steam_Bachmann_SndVal.xml (pass=true)]" classname="jmri.jmrit.decoderdefn.SchemaTest" time="0.213"/>
  <testcase name="validate[xml/decoders/Harman_Sig_decoders.xml (pass=true)]" classname="jmri.jmrit.decoderdefn.SchemaTest" time="0.147"/>
  <testcase name="validate[xml/decoders/Atlas_345.xml (pass=true)]" classname="jmri.jmrit.decoderdefn.SchemaTest" time="0.14"/>
  <testcase name="validate[xml/decoders/Zimo_Unified_software_MX640v25.xml (pass=true)]" classname="jmri.jmrit.decoderdefn.SchemaTest" time="0.279"/>
  <testcase name="validate[xml/decoders/LDH_2F-7Fv26.xml (pass=true)]" classname="jmri.jmrit.decoderdefn.SchemaTest" time="0.008"/>
  <testcase name="validate[xml/decoders/MRC_14step.xml (pass=true)]" classname="jmri.jmrit.decoderdefn.SchemaTest" time="0.133"/>
  <testcase name="validate[xml/decoders/MRC_sounder1909.xml (pass=true)]" classname="jmri.jmrit.decoderdefn.SchemaTest" time="0.168"/>
  <testcase name="validate[xml/decoders/Zimo_Unified_software_MX646v27.xml (pass=true)]" classname="jmri.jmrit.decoderdefn.SchemaTest" time="0.281"/>
  <testcase name="validate[xml/decoders/SoundTraxx_LC_Diesel_pnpFX.xml (pass=true)]" classname="jmri.jmrit.decoderdefn.SchemaTest" time="0.161"/>
  <testcase name="validate[xml/decoders/Lenz_Gold.xml (pass=true)]" classname="jmri.jmrit.decoderdefn.SchemaTest" time="0.208"/>
  <testcase name="validate[xml/decoders/Gaugemaster.xml (pass=true)]" classname="jmri.jmrit.decoderdefn.SchemaTest" time="0.137"/>
  <testcase name="validate[xml/decoders/Zimo_Unified_software_MX631Cv25.xml (pass=true)]" classname="jmri.jmrit.decoderdefn.SchemaTest" time="0.272"/>
  <testcase name="validate[xml/decoders/Digitrax_yDS54.xml (pass=true)]" classname="jmri.jmrit.decoderdefn.SchemaTest" time="0.168"/>
  <testcase name="validate[xml/decoders/ESU_LokPilot3.0.xml (pass=true)]" classname="jmri.jmrit.decoderdefn.SchemaTest" time="0.291"/>
  <testcase name="validate[xml/decoders/Zimo_Unified_software_v36_MX658.xml (pass=true)]" classname="jmri.jmrit.decoderdefn.SchemaTest" time="0.411"/>
  <testcase name="validate[xml/decoders/MRC_soundbrilliance1644.xml (pass=true)]" classname="jmri.jmrit.decoderdefn.SchemaTest" time="0.138"/>
  <testcase name="validate[xml/decoders/NYB_dualmode.xml (pass=true)]" classname="jmri.jmrit.decoderdefn.SchemaTest" time="0.144"/>
  <testcase name="validate[xml/decoders/CT_Elektronik_Sound_GE_70.xml (pass=true)]" classname="jmri.jmrit.decoderdefn.SchemaTest" time="0.138"/>
  <testcase name="validate[xml/decoders/Harman_DIY_function_decoders.xml (pass=true)]" classname="jmri.jmrit.decoderdefn.SchemaTest" time="0.154"/>
  <testcase name="validate[xml/decoders/Zimo_Unified_software_MX621v25.xml (pass=true)]" classname="jmri.jmrit.decoderdefn.SchemaTest" time="0.264"/>
  <testcase name="validate[xml/decoders/SoundTraxx_DSX_Diesel.xml (pass=true)]" classname="jmri.jmrit.decoderdefn.SchemaTest" time="0.162"/>
  <testcase name="validate[xml/decoders/Zimo_MX62_1.xml (pass=true)]" classname="jmri.jmrit.decoderdefn.SchemaTest" time="0.17"/>
  <testcase name="validate[xml/decoders/Zimo_Unified_software_MX631v25.xml (pass=true)]" classname="jmri.jmrit.decoderdefn.SchemaTest" time="0.259"/>
  <testcase name="validate[xml/decoders/Zimo_Unified_software_v34_MX648.xml (pass=true)]" classname="jmri.jmrit.decoderdefn.SchemaTest" time="0.382"/>
  <testcase name="validate[xml/decoders/Zimo_Unified_software_MX632Cv25.xml (pass=true)]" classname="jmri.jmrit.decoderdefn.SchemaTest" time="0.275"/>
  <testcase name="validate[xml/decoders/Viessmann_45xx_Point_motor.xml (pass=true)]" classname="jmri.jmrit.decoderdefn.SchemaTest" time="0.131"/>
  <testcase name="validate[xml/decoders/Trix_Modelleisenbahn_version_1.xml (pass=true)]" classname="jmri.jmrit.decoderdefn.SchemaTest" time="0.143"/>
  <testcase name="validate[xml/decoders/Zimo_Unified_software_v32_MX695KN_696N.xml (pass=true)]" classname="jmri.jmrit.decoderdefn.SchemaTest" time="0.364"/>
  <testcase name="validate[xml/decoders/RR-CirKits-TowerMan-basic.xml (pass=true)]" classname="jmri.jmrit.decoderdefn.SchemaTest" time="0.499"/>
  <testcase name="validate[xml/decoders/Zimo_Unified_software_MX648v28.xml (pass=true)]" classname="jmri.jmrit.decoderdefn.SchemaTest" time="0.271"/>
  <testcase name="validate[xml/decoders/Zimo_Unified_software_v36_MX646.xml (pass=true)]" classname="jmri.jmrit.decoderdefn.SchemaTest" time="0.399"/>
  <testcase name="validate[xml/decoders/NCE_D102EU.xml (pass=true)]" classname="jmri.jmrit.decoderdefn.SchemaTest" time="0.15"/>
  <testcase name="validate[xml/decoders/Uhlenbrock_73100.xml (pass=true)]" classname="jmri.jmrit.decoderdefn.SchemaTest" time="0.166"/>
  <testcase name="validate[xml/decoders/Zimo_Unified_software_v32_MX634.xml (pass=true)]" classname="jmri.jmrit.decoderdefn.SchemaTest" time="0.283"/>
  <testcase name="validate[xml/decoders/SoundTraxx_Tsu2_Steam.xml (pass=true)]" classname="jmri.jmrit.decoderdefn.SchemaTest" time="0.317"/>
  <testcase name="validate[xml/decoders/MRC_sound1802to1805.xml (pass=true)]" classname="jmri.jmrit.decoderdefn.SchemaTest" time="0.142"/>
  <testcase name="validate[xml/decoders/Doehler_Haass_fw3.04_FH05A.xml (pass=true)]" classname="jmri.jmrit.decoderdefn.SchemaTest" time="0.215"/>
  <testcase name="validate[xml/decoders/CML_Systems_DAC20.xml (pass=true)]" classname="jmri.jmrit.decoderdefn.SchemaTest" time="0.161"/>
  <testcase name="validate[xml/decoders/SoundTraxx_LC_Diesel_pnp.xml (pass=true)]" classname="jmri.jmrit.decoderdefn.SchemaTest" time="0.171"/>
  <testcase name="validate[xml/decoders/ESU_Roco_10745_old.xml (pass=true)]" classname="jmri.jmrit.decoderdefn.SchemaTest" time="0.132"/>
  <testcase name="validate[xml/decoders/Zimo_MX640_v4.xml (pass=true)]" classname="jmri.jmrit.decoderdefn.SchemaTest" time="0.233"/>
  <testcase name="validate[xml/decoders/Trix_66840.xml (pass=true)]" classname="jmri.jmrit.decoderdefn.SchemaTest" time="0.212"/>
  <testcase name="validate[xml/decoders/Zimo_Unified_software_MX644v28.xml (pass=true)]" classname="jmri.jmrit.decoderdefn.SchemaTest" time="0.276"/>
  <testcase name="validate[xml/decoders/MRC_sound1869.xml (pass=true)]" classname="jmri.jmrit.decoderdefn.SchemaTest" time="0.151"/>
  <testcase name="validate[xml/decoders/Uhlenbrock_32300.xml (pass=true)]" classname="jmri.jmrit.decoderdefn.SchemaTest" time="0.192"/>
  <testcase name="validate[xml/decoders/MRC_soundbrilliance1663.xml (pass=true)]" classname="jmri.jmrit.decoderdefn.SchemaTest" time="0.136"/>
  <testcase name="validate[xml/decoders/Hornby8249.xml (pass=true)]" classname="jmri.jmrit.decoderdefn.SchemaTest" time="0.141"/>
  <testcase name="validate[xml/decoders/SoundTraxx_Eco_Steam_UK.xml (pass=true)]" classname="jmri.jmrit.decoderdefn.SchemaTest" time="0.29"/>
  <testcase name="validate[xml/decoders/RR-CirKits-WatchMan-basic.xml (pass=true)]" classname="jmri.jmrit.decoderdefn.SchemaTest" time="0.485"/>
  <testcase name="validate[xml/decoders/Zimo_Unified_software_MX695Vv30.xml (pass=true)]" classname="jmri.jmrit.decoderdefn.SchemaTest" time="0.293"/>
  <testcase name="validate[xml/decoders/MRC_Rapido_TurboTrain.xml (pass=true)]" classname="jmri.jmrit.decoderdefn.SchemaTest" time="0.137"/>
  <testcase name="validate[xml/decoders/Zimo_MX68(L)_1.xml (pass=true)]" classname="jmri.jmrit.decoderdefn.SchemaTest" time="0.205"/>
  <testcase name="validate[xml/decoders/SoundTraxx_Eco_Electric.xml (pass=true)]" classname="jmri.jmrit.decoderdefn.SchemaTest" time="0.278"/>
  <testcase name="validate[xml/decoders/Zimo_Unified_software_v32_MX646.xml (pass=true)]" classname="jmri.jmrit.decoderdefn.SchemaTest" time="0.403"/>
  <testcase name="validate[xml/decoders/TamValleyDepot_QuadLn11.xml (pass=true)]" classname="jmri.jmrit.decoderdefn.SchemaTest" time="0.154"/>
  <testcase name="validate[xml/decoders/Zimo_MX66M(V)_1.xml (pass=true)]" classname="jmri.jmrit.decoderdefn.SchemaTest" time="0.195"/>
  <testcase name="validate[xml/decoders/Zimo_MX69MX690.xml (pass=true)]" classname="jmri.jmrit.decoderdefn.SchemaTest" time="0.215"/>
  <testcase name="validate[xml/decoders/TCS_Mfamily.xml (pass=true)]" classname="jmri.jmrit.decoderdefn.SchemaTest" time="0.166"/>
  <testcase name="validate[xml/decoders/MRC_soundbrilliance1656.xml (pass=true)]" classname="jmri.jmrit.decoderdefn.SchemaTest" time="0.15"/>
  <testcase name="validate[xml/decoders/TCS_A1-Jan2000.xml (pass=true)]" classname="jmri.jmrit.decoderdefn.SchemaTest" time="0.175"/>
  <testcase name="validate[xml/decoders/Zimo_MX620_v6.xml (pass=true)]" classname="jmri.jmrit.decoderdefn.SchemaTest" time="0.21"/>
  <testcase name="validate[xml/decoders/MRC_AD370.xml (pass=true)]" classname="jmri.jmrit.decoderdefn.SchemaTest" time="0.144"/>
  <testcase name="validate[xml/decoders/Zimo_MX620_v7-8.xml (pass=true)]" classname="jmri.jmrit.decoderdefn.SchemaTest" time="0.211"/>
  <testcase name="validate[xml/decoders/SoundTraxx_Tsu_Steam_Bachmann.xml (pass=true)]" classname="jmri.jmrit.decoderdefn.SchemaTest" time="0.243"/>
  <testcase name="validate[xml/decoders/BLI_Paragon3_Diesel.xml (pass=true)]" classname="jmri.jmrit.decoderdefn.SchemaTest" time="0.185"/>
  <testcase name="validate[xml/decoders/Digirails_Stationary.xml (pass=true)]" classname="jmri.jmrit.decoderdefn.SchemaTest" time="0.442"/>
  <testcase name="validate[xml/decoders/BLI_Blueline_Paragon2_Diesel.xml (pass=true)]" classname="jmri.jmrit.decoderdefn.SchemaTest" time="0.187"/>
  <testcase name="validate[xml/decoders/Zimo_Unified_software_MX646v28.xml (pass=true)]" classname="jmri.jmrit.decoderdefn.SchemaTest" time="0.273"/>
  <testcase name="validate[xml/decoders/Zimo_Unified_software_v36_MX645.xml (pass=true)]" classname="jmri.jmrit.decoderdefn.SchemaTest" time="0.41"/>
  <testcase name="validate[xml/decoders/MRC_sound1817-1818.xml (pass=true)]" classname="jmri.jmrit.decoderdefn.SchemaTest" time="0.14"/>
  <testcase name="validate[xml/decoders/Lenz_Plus_2010.xml (pass=true)]" classname="jmri.jmrit.decoderdefn.SchemaTest" time="0.27"/>
  <testcase name="validate[xml/decoders/Zimo_MX640_v3.xml (pass=true)]" classname="jmri.jmrit.decoderdefn.SchemaTest" time="0.233"/>
  <testcase name="validate[xml/decoders/Zimo_MX620_v9dot12.xml (pass=true)]" classname="jmri.jmrit.decoderdefn.SchemaTest" time="0.215"/>
  <testcase name="validate[xml/decoders/MRC_sound1634.xml (pass=true)]" classname="jmri.jmrit.decoderdefn.SchemaTest" time="0.154"/>
  <testcase name="validate[xml/decoders/Zimo_Unified_software_MX620v25.xml (pass=true)]" classname="jmri.jmrit.decoderdefn.SchemaTest" time="0.259"/>
  <testcase name="validate[xml/decoders/Public_Domain_FREDi_LNSV2.xml (pass=true)]" classname="jmri.jmrit.decoderdefn.SchemaTest" time="0.136"/>
  <testcase name="validate[xml/decoders/Uhlenbrock_76150.xml (pass=true)]" classname="jmri.jmrit.decoderdefn.SchemaTest" time="0.15"/>
  <testcase name="validate[xml/decoders/QSI_Steam.xml (pass=true)]" classname="jmri.jmrit.decoderdefn.SchemaTest" time="0.178"/>
  <testcase name="validate[xml/decoders/Massoth_eMOTION_Motor.xml (pass=true)]" classname="jmri.jmrit.decoderdefn.SchemaTest" time="0.15"/>
  <testcase name="validate[xml/decoders/Uhlenbrock_76400.xml (pass=true)]" classname="jmri.jmrit.decoderdefn.SchemaTest" time="0.168"/>
  <testcase name="validate[xml/decoders/LDH_4F1-5v55.xml (pass=true)]" classname="jmri.jmrit.decoderdefn.SchemaTest" time="0.008"/>
  <testcase name="validate[xml/decoders/MRC_F_Unit.xml (pass=true)]" classname="jmri.jmrit.decoderdefn.SchemaTest" time="0.136"/>
  <testcase name="validate[xml/decoders/Doehler_Haass_fw3.02_DHP160.xml (pass=true)]" classname="jmri.jmrit.decoderdefn.SchemaTest" time="0.212"/>
  <testcase name="validate[xml/decoders/Zimo_Unified_software_MX690Sv25.xml (pass=true)]" classname="jmri.jmrit.decoderdefn.SchemaTest" time="0.27"/>
  <testcase name="validate[xml/decoders/MRC_Challenger.xml (pass=true)]" classname="jmri.jmrit.decoderdefn.SchemaTest" time="0.147"/>
  <testcase name="validate[xml/decoders/MRC_sound1656.xml (pass=true)]" classname="jmri.jmrit.decoderdefn.SchemaTest" time="0.137"/>
  <testcase name="validate[xml/decoders/Bachmann_EZDCC_4fn.xml (pass=true)]" classname="jmri.jmrit.decoderdefn.SchemaTest" time="0.145"/>
  <testcase name="validate[xml/decoders/Zimo_Unified_software_MX64Dv25.xml (pass=true)]" classname="jmri.jmrit.decoderdefn.SchemaTest" time="0.268"/>
  <testcase name="validate[xml/decoders/SoundTraxx_Bachmann_SndVal_Dsl_deprecated.xml (pass=true)]" classname="jmri.jmrit.decoderdefn.SchemaTest" time="0.213"/>
  <testcase name="validate[xml/decoders/Zimo_Unified_software_MX622v31.xml (pass=true)]" classname="jmri.jmrit.decoderdefn.SchemaTest" time="0.278"/>
  <testcase name="validate[xml/decoders/Digitrax_TF2.xml (pass=true)]" classname="jmri.jmrit.decoderdefn.SchemaTest" time="0.134"/>
  <testcase name="validate[xml/decoders/ZTC_Legacy.xml (pass=true)]" classname="jmri.jmrit.decoderdefn.SchemaTest" time="0.133"/>
  <testcase name="validate[xml/decoders/Zimo_Unified_software_MX621v27.xml (pass=true)]" classname="jmri.jmrit.decoderdefn.SchemaTest" time="0.262"/>
  <testcase name="validate[xml/decoders/Kato_FL11.xml (pass=true)]" classname="jmri.jmrit.decoderdefn.SchemaTest" time="0.13"/>
  <testcase name="validate[xml/decoders/Doehler_Haass_fw3.04_DH05-10A.xml (pass=true)]" classname="jmri.jmrit.decoderdefn.SchemaTest" time="0.204"/>
  <testcase name="validate[xml/decoders/Zimo_Unified_software_v32_MX634C.xml (pass=true)]" classname="jmri.jmrit.decoderdefn.SchemaTest" time="0.347"/>
  <testcase name="validate[xml/decoders/SoundTraxx_LC_Diesel_pFXCb.xml (pass=true)]" classname="jmri.jmrit.decoderdefn.SchemaTest" time="0.163"/>
  <testcase name="validate[xml/decoders/MRC_soundbrilliance1810.xml (pass=true)]" classname="jmri.jmrit.decoderdefn.SchemaTest" time="0.146"/>
  <testcase name="validate[xml/decoders/MRC_Athearn_Challenger.xml (pass=true)]" classname="jmri.jmrit.decoderdefn.SchemaTest" time="0.132"/>
  <testcase name="validate[xml/decoders/Zimo_Unified_software_v32_MX658.xml (pass=true)]" classname="jmri.jmrit.decoderdefn.SchemaTest" time="0.406"/>
  <testcase name="validate[xml/decoders/Doehler_Haass_fw3.06-07_FH05B-22A.xml (pass=true)]" classname="jmri.jmrit.decoderdefn.SchemaTest" time="0.236"/>
  <testcase name="validate[xml/decoders/SoundTraxx_Tsu2_Diesel.xml (pass=true)]" classname="jmri.jmrit.decoderdefn.SchemaTest" time="0.321"/>
  <testcase name="validate[xml/decoders/MRC_Athearn_BigBoy_N.xml (pass=true)]" classname="jmri.jmrit.decoderdefn.SchemaTest" time="0.152"/>
  <testcase name="validate[xml/decoders/NCE_Light-It_mobile.xml (pass=true)]" classname="jmri.jmrit.decoderdefn.SchemaTest" time="0.141"/>
  <testcase name="validate[xml/decoders/MRC_sound1644-02.xml (pass=true)]" classname="jmri.jmrit.decoderdefn.SchemaTest" time="0.147"/>
  <testcase name="validate[xml/decoders/MERG_DCCACC.xml (pass=true)]" classname="jmri.jmrit.decoderdefn.SchemaTest" time="0.129"/>
  <testcase name="validate[xml/decoders/MRC_sound1907.xml (pass=true)]" classname="jmri.jmrit.decoderdefn.SchemaTest" time="0.136"/>
  <testcase name="validate[xml/decoders/SoundTraxx_Tsu_Steam.xml (pass=true)]" classname="jmri.jmrit.decoderdefn.SchemaTest" time="0.237"/>
  <testcase name="validate[xml/decoders/ESU_LokSound2_21.xml (pass=true)]" classname="jmri.jmrit.decoderdefn.SchemaTest" time="0.144"/>
  <testcase name="validate[xml/decoders/Fleischmann_Function.xml (pass=true)]" classname="jmri.jmrit.decoderdefn.SchemaTest" time="0.134"/>
  <testcase name="validate[xml/decoders/Doehler_Haass_fw3.04_DH05-10B.xml (pass=true)]" classname="jmri.jmrit.decoderdefn.SchemaTest" time="0.252"/>
  <testcase name="validate[xml/decoders/Zimo_Unified_software_MX621v28.xml (pass=true)]" classname="jmri.jmrit.decoderdefn.SchemaTest" time="0.281"/>
  <testcase name="validate[xml/decoders/Zimo_MX640_v4dot17.xml (pass=true)]" classname="jmri.jmrit.decoderdefn.SchemaTest" time="0.273"/>
  <testcase name="validate[xml/decoders/Zimo_MX620_v5.xml (pass=true)]" classname="jmri.jmrit.decoderdefn.SchemaTest" time="0.209"/>
  <testcase name="validate[xml/decoders/SoundTraxx_Tsu_Diesel_IMRC.xml (pass=true)]" classname="jmri.jmrit.decoderdefn.SchemaTest" time="0.239"/>
  <testcase name="validate[xml/decoders/Zimo_Unified_software_MX69Lv31.xml (pass=true)]" classname="jmri.jmrit.decoderdefn.SchemaTest" time="0.273"/>
  <testcase name="validate[xml/decoders/Wangrow_4.xml (pass=true)]" classname="jmri.jmrit.decoderdefn.SchemaTest" time="0.136"/>
  <testcase name="validate[xml/decoders/MRC_soundbrilliance1631.xml (pass=true)]" classname="jmri.jmrit.decoderdefn.SchemaTest" time="0.15"/>
  <testcase name="validate[xml/decoders/Rautenhaus_fw11_RMX992_993.xml (pass=true)]" classname="jmri.jmrit.decoderdefn.SchemaTest" time="0.195"/>
  <testcase name="validate[xml/decoders/MRC_soundbrilliance1808.xml (pass=true)]" classname="jmri.jmrit.decoderdefn.SchemaTest" time="0.15"/>
  <testcase name="validate[xml/decoders/Trix_Snd_BR.xml (pass=true)]" classname="jmri.jmrit.decoderdefn.SchemaTest" time="0.146"/>
  <testcase name="validate[xml/decoders/MGP_Panel.xml (pass=true)]" classname="jmri.jmrit.decoderdefn.SchemaTest" time="0.167"/>
  <testcase name="validate[xml/decoders/HornbyDigitalFnOnly.xml (pass=true)]" classname="jmri.jmrit.decoderdefn.SchemaTest" time="0.141"/>
  <testcase name="validate[xml/decoders/Qdecoder_Z1-16plus.xml (pass=true)]" classname="jmri.jmrit.decoderdefn.SchemaTest" time="3.236"/>
  <testcase name="validate[xml/decoders/Zimo_Unified_software_v32_MX644.xml (pass=true)]" classname="jmri.jmrit.decoderdefn.SchemaTest" time="0.407"/>
  <testcase name="validate[xml/decoders/Zimo_Unified_software_MX631v28.xml (pass=true)]" classname="jmri.jmrit.decoderdefn.SchemaTest" time="0.286"/>
  <testcase name="validate[xml/decoders/SoundTraxx_Tsu_Diesel_Walthers.xml (pass=true)]" classname="jmri.jmrit.decoderdefn.SchemaTest" time="0.245"/>
  <testcase name="validate[xml/decoders/Zimo_Unified_software_MX64Dv27.xml (pass=true)]" classname="jmri.jmrit.decoderdefn.SchemaTest" time="0.285"/>
  <testcase name="validate[xml/decoders/Digitrax_DB150.xml (pass=true)]" classname="jmri.jmrit.decoderdefn.SchemaTest" time="0.145"/>
  <testcase name="validate[xml/decoders/SoundTraxx_Eco_Diesel_OEM_Athearn.xml (pass=true)]" classname="jmri.jmrit.decoderdefn.SchemaTest" time="0.289"/>
  <testcase name="validate[xml/decoders/QSI_Electric.xml (pass=true)]" classname="jmri.jmrit.decoderdefn.SchemaTest" time="0.177"/>
  <testcase name="validate[xml/decoders/Kato_FL12.xml (pass=true)]" classname="jmri.jmrit.decoderdefn.SchemaTest" time="0.15"/>
  <testcase name="validate[xml/decoders/CML_Systems_DAC10.xml (pass=true)]" classname="jmri.jmrit.decoderdefn.SchemaTest" time="0.164"/>
  <testcase name="validate[xml/decoders/Public_Domain_dccdoma_UNI16ARD_8VYH.xml (pass=true)]" classname="jmri.jmrit.decoderdefn.SchemaTest" time="0.349"/>
  <testcase name="validate[xml/decoders/ESU_LokPilot_StandardV1_0.xml (pass=true)]" classname="jmri.jmrit.decoderdefn.SchemaTest" time="0.313"/>
  <testcase name="validate[xml/decoders/Doehler_Haass_fw3.04_DHP250.xml (pass=true)]" classname="jmri.jmrit.decoderdefn.SchemaTest" time="0.223"/>
  <testcase name="validate[xml/decoders/Zimo_MX64(H)_1.xml (pass=true)]" classname="jmri.jmrit.decoderdefn.SchemaTest" time="0.173"/>
  <testcase name="validate[xml/decoders/QSI_Steam_ver7.xml (pass=true)]" classname="jmri.jmrit.decoderdefn.SchemaTest" time="0.276"/>
  <testcase name="validate[xml/decoders/Public_Domain_LNSV2_basic.xml (pass=true)]" classname="jmri.jmrit.decoderdefn.SchemaTest" time="0.136"/>
  <testcase name="validate[xml/decoders/SoundTraxx_Lighting_Athearn_Genesis_Caboose.xml (pass=true)]" classname="jmri.jmrit.decoderdefn.SchemaTest" time="0.156"/>
  <testcase name="validate[xml/decoders/Digitrax_DCS240_DCS210.xml (pass=true)]" classname="jmri.jmrit.decoderdefn.SchemaTest" time="0.159"/>
  <testcase name="validate[xml/decoders/TCS_Fn_FW86.xml (pass=true)]" classname="jmri.jmrit.decoderdefn.SchemaTest" time="0.183"/>
  <testcase name="validate[xml/decoders/QSI_Steam_ver6.xml (pass=true)]" classname="jmri.jmrit.decoderdefn.SchemaTest" time="0.179"/>
  <testcase name="validate[xml/decoders/Massoth_eMOTION_S_SUSI.xml (pass=true)]" classname="jmri.jmrit.decoderdefn.SchemaTest" time="0.131"/>
  <testcase name="validate[xml/decoders/Doehler_Haass_fw3.04_DH06A.xml (pass=true)]" classname="jmri.jmrit.decoderdefn.SchemaTest" time="0.223"/>
  <testcase name="validate[xml/decoders/SoundTraxx_SndVal_Diesel_Walthers_Mainline.xml (pass=true)]" classname="jmri.jmrit.decoderdefn.SchemaTest" time="0.201"/>
  <testcase name="validate[xml/decoders/MRC_soundbrilliance1819.xml (pass=true)]" classname="jmri.jmrit.decoderdefn.SchemaTest" time="0.159"/>
  <testcase name="validate[xml/decoders/Kuehn_ZTC217.xml (pass=true)]" classname="jmri.jmrit.decoderdefn.SchemaTest" time="0.134"/>
  <testcase name="validate[xml/decoders/MRC_sound1825.xml (pass=true)]" classname="jmri.jmrit.decoderdefn.SchemaTest" time="0.186"/>
  <testcase name="validate[xml/decoders/Kuehn_N45.xml (pass=true)]" classname="jmri.jmrit.decoderdefn.SchemaTest" time="0.185"/>
  <testcase name="validate[xml/decoders/SoundTraxx_Tsu_Diesel.xml (pass=true)]" classname="jmri.jmrit.decoderdefn.SchemaTest" time="0.255"/>
  <testcase name="validate[xml/decoders/ESU_LokPilot1.0.xml (pass=true)]" classname="jmri.jmrit.decoderdefn.SchemaTest" time="0.133"/>
  <testcase name="validate[xml/decoders/BLI_Paragon3_Steam.xml (pass=true)]" classname="jmri.jmrit.decoderdefn.SchemaTest" time="0.195"/>
  <testcase name="validate[xml/decoders/MRC_sound1955.xml (pass=true)]" classname="jmri.jmrit.decoderdefn.SchemaTest" time="0.139"/>
  <testcase name="validate[xml/decoders/Zimo_Unified_software_v32_MX633.xml (pass=true)]" classname="jmri.jmrit.decoderdefn.SchemaTest" time="0.341"/>
  <testcase name="validate[xml/decoders/Zimo_Unified_software_v32_MX645.xml (pass=true)]" classname="jmri.jmrit.decoderdefn.SchemaTest" time="0.391"/>
  <testcase name="validate[xml/decoders/Zimo_Unified_software_MX690Vv30.xml (pass=true)]" classname="jmri.jmrit.decoderdefn.SchemaTest" time="0.301"/>
  <testcase name="validate[xml/decoders/Zimo_Unified_software_v36_MX644.xml (pass=true)]" classname="jmri.jmrit.decoderdefn.SchemaTest" time="0.4"/>
  <testcase name="validate[xml/decoders/Trix_66838.xml (pass=true)]" classname="jmri.jmrit.decoderdefn.SchemaTest" time="0.147"/>
  <testcase name="validate[xml/decoders/Zimo_Unified_software_MX634v31.xml (pass=true)]" classname="jmri.jmrit.decoderdefn.SchemaTest" time="0.347"/>
  <testcase name="validate[xml/decoders/MRC_Athearn_MP15.xml (pass=true)]" classname="jmri.jmrit.decoderdefn.SchemaTest" time="0.14"/>
  <testcase name="validate[xml/decoders/Digitrax_SE8c.xml (pass=true)]" classname="jmri.jmrit.decoderdefn.SchemaTest" time="0.133"/>
  <testcase name="validate[xml/decoders/MRC_soundbrilliance1820.xml (pass=true)]" classname="jmri.jmrit.decoderdefn.SchemaTest" time="0.148"/>
  <testcase name="validate[xml/decoders/Digitrax_Basic.xml (pass=true)]" classname="jmri.jmrit.decoderdefn.SchemaTest" time="0.146"/>
  <testcase name="validate[xml/decoders/Digitrax_Economy.xml (pass=true)]" classname="jmri.jmrit.decoderdefn.SchemaTest" time="0.16"/>
  <testcase name="validate[xml/decoders/MRC_lights1650.xml (pass=true)]" classname="jmri.jmrit.decoderdefn.SchemaTest" time="0.138"/>
  <testcase name="validate[xml/decoderIndex.xml (pass=true)]" classname="jmri.jmrit.decoderdefn.SchemaTest" time="0.324"/>
</testsuite>