<?xml version="1.0" encoding="UTF-8"?>
<testsuite xmlns:xsi="http://www.w3.org/2001/XMLSchema-instance" xsi:noNamespaceSchemaLocation="https://maven.apache.org/surefire/maven-surefire-plugin/xsd/surefire-test-report.xsd" name="org.springframework.samples.petclinic.vet.VetControllerTests" time="0.487" tests="3" errors="0" skipped="0" failures="2">
  <properties>
    <property name="awt.toolkit" value="sun.awt.X11.XToolkit"/>
    <property name="file.encoding.pkg" value="sun.io"/>
    <property name="java.specification.version" value="1.8"/>
    <property name="sun.cpu.isalist" value=""/>
    <property name="sun.jnu.encoding" value="UTF-8"/>
    <property name="java.class.path" value="/root/workspace/spring-projects/spring-petclinic/385943371/target/test-classes:/root/workspace/spring-projects/spring-petclinic/385943371/target/classes:/root/./workspace/spring-projects/spring-petclinic/385943371/.m2/org/springframework/boot/spring-boot-starter-actuator/2.0.0.RELEASE/spring-boot-starter-actuator-2.0.0.RELEASE.jar:/root/./workspace/spring-projects/spring-petclinic/385943371/.m2/org/springframework/boot/spring-boot-starter/2.0.0.RELEASE/spring-boot-starter-2.0.0.RELEASE.jar:/root/./workspace/spring-projects/spring-petclinic/385943371/.m2/org/springframework/boot/spring-boot-starter-logging/2.0.0.RELEASE/spring-boot-starter-logging-2.0.0.RELEASE.jar:/root/./workspace/spring-projects/spring-petclinic/385943371/.m2/ch/qos/logback/logback-classic/1.2.3/logback-classic-1.2.3.jar:/root/./workspace/spring-projects/spring-petclinic/385943371/.m2/ch/qos/logback/logback-core/1.2.3/logback-core-1.2.3.jar:/root/./workspace/spring-projects/spring-petclinic/385943371/.m2/org/apache/logging/log4j/log4j-to-slf4j/2.10.0/log4j-to-slf4j-2.10.0.jar:/root/./workspace/spring-projects/spring-petclinic/385943371/.m2/org/apache/logging/log4j/log4j-api/2.10.0/log4j-api-2.10.0.jar:/root/./workspace/spring-projects/spring-petclinic/385943371/.m2/org/slf4j/jul-to-slf4j/1.7.25/jul-to-slf4j-1.7.25.jar:/root/./workspace/spring-projects/spring-petclinic/385943371/.m2/javax/annotation/javax.annotation-api/1.3.2/javax.annotation-api-1.3.2.jar:/root/./workspace/spring-projects/spring-petclinic/385943371/.m2/org/yaml/snakeyaml/1.19/snakeyaml-1.19.jar:/root/./workspace/spring-projects/spring-petclinic/385943371/.m2/org/springframework/boot/spring-boot-actuator-autoconfigure/2.0.0.RELEASE/spring-boot-actuator-autoconfigure-2.0.0.RELEASE.jar:/root/./workspace/spring-projects/spring-petclinic/385943371/.m2/org/springframework/boot/spring-boot-actuator/2.0.0.RELEASE/spring-boot-actuator-2.0.0.RELEASE.jar:/root/./workspace/spring-projects/spring-petclinic/385943371/.m2/com/fasterxml/jackson/core/jackson-databind/2.9.4/jackson-databind-2.9.4.jar:/root/./workspace/spring-projects/spring-petclinic/385943371/.m2/com/fasterxml/jackson/core/jackson-annotations/2.9.0/jackson-annotations-2.9.0.jar:/root/./workspace/spring-projects/spring-petclinic/385943371/.m2/com/fasterxml/jackson/datatype/jackson-datatype-jsr310/2.9.4/jackson-datatype-jsr310-2.9.4.jar:/root/./workspace/spring-projects/spring-petclinic/385943371/.m2/io/micrometer/micrometer-core/1.0.1/micrometer-core-1.0.1.jar:/root/./workspace/spring-projects/spring-petclinic/385943371/.m2/org/hdrhistogram/HdrHistogram/2.1.10/HdrHistogram-2.1.10.jar:/root/./workspace/spring-projects/spring-petclinic/385943371/.m2/org/latencyutils/LatencyUtils/2.0.3/LatencyUtils-2.0.3.jar:/root/./workspace/spring-projects/spring-petclinic/385943371/.m2/org/springframework/boot/spring-boot-starter-cache/2.0.0.RELEASE/spring-boot-starter-cache-2.0.0.RELEASE.jar:/root/./workspace/spring-projects/spring-petclinic/385943371/.m2/org/springframework/spring-context/5.0.4.RELEASE/spring-context-5.0.4.RELEASE.jar:/root/./workspace/spring-projects/spring-petclinic/385943371/.m2/org/springframework/spring-aop/5.0.4.RELEASE/spring-aop-5.0.4.RELEASE.jar:/root/./workspace/spring-projects/spring-petclinic/385943371/.m2/org/springframework/spring-beans/5.0.4.RELEASE/spring-beans-5.0.4.RELEASE.jar:/root/./workspace/spring-projects/spring-petclinic/385943371/.m2/org/springframework/spring-expression/5.0.4.RELEASE/spring-expression-5.0.4.RELEASE.jar:/root/./workspace/spring-projects/spring-petclinic/385943371/.m2/org/springframework/spring-context-support/5.0.4.RELEASE/spring-context-support-5.0.4.RELEASE.jar:/root/./workspace/spring-projects/spring-petclinic/385943371/.m2/org/springframework/boot/spring-boot-starter-data-jpa/2.0.0.RELEASE/spring-boot-starter-data-jpa-2.0.0.RELEASE.jar:/root/./workspace/spring-projects/spring-petclinic/385943371/.m2/org/springframework/boot/spring-boot-starter-aop/2.0.0.RELEASE/spring-boot-starter-aop-2.0.0.RELEASE.jar:/root/./workspace/spring-projects/spring-petclinic/385943371/.m2/org/aspectj/aspectjweaver/1.8.13/aspectjweaver-1.8.13.jar:/root/./workspace/spring-projects/spring-petclinic/385943371/.m2/org/springframework/boot/spring-boot-starter-jdbc/2.0.0.RELEASE/spring-boot-starter-jdbc-2.0.0.RELEASE.jar:/root/./workspace/spring-projects/spring-petclinic/385943371/.m2/com/zaxxer/HikariCP/2.7.8/HikariCP-2.7.8.jar:/root/./workspace/spring-projects/spring-petclinic/385943371/.m2/org/springframework/spring-jdbc/5.0.4.RELEASE/spring-jdbc-5.0.4.RELEASE.jar:/root/./workspace/spring-projects/spring-petclinic/385943371/.m2/org/hibernate/hibernate-core/5.2.14.Final/hibernate-core-5.2.14.Final.jar:/root/./workspace/spring-projects/spring-petclinic/385943371/.m2/org/jboss/logging/jboss-logging/3.3.2.Final/jboss-logging-3.3.2.Final.jar:/root/./workspace/spring-projects/spring-petclinic/385943371/.m2/org/hibernate/javax/persistence/hibernate-jpa-2.1-api/1.0.0.Final/hibernate-jpa-2.1-api-1.0.0.Final.jar:/root/./workspace/spring-projects/spring-petclinic/385943371/.m2/org/javassist/javassist/3.22.0-GA/javassist-3.22.0-GA.jar:/root/./workspace/spring-projects/spring-petclinic/385943371/.m2/antlr/antlr/2.7.7/antlr-2.7.7.jar:/root/./workspace/spring-projects/spring-petclinic/385943371/.m2/org/jboss/jandex/2.0.3.Final/jandex-2.0.3.Final.jar:/root/./workspace/spring-projects/spring-petclinic/385943371/.m2/com/fasterxml/classmate/1.3.4/classmate-1.3.4.jar:/root/./workspace/spring-projects/spring-petclinic/385943371/.m2/dom4j/dom4j/1.6.1/dom4j-1.6.1.jar:/root/./workspace/spring-projects/spring-petclinic/385943371/.m2/org/hibernate/common/hibernate-commons-annotations/5.0.1.Final/hibernate-commons-annotations-5.0.1.Final.jar:/root/./workspace/spring-projects/spring-petclinic/385943371/.m2/javax/transaction/javax.transaction-api/1.2/javax.transaction-api-1.2.jar:/root/./workspace/spring-projects/spring-petclinic/385943371/.m2/org/springframework/data/spring-data-jpa/2.0.5.RELEASE/spring-data-jpa-2.0.5.RELEASE.jar:/root/./workspace/spring-projects/spring-petclinic/385943371/.m2/org/springframework/data/spring-data-commons/2.0.5.RELEASE/spring-data-commons-2.0.5.RELEASE.jar:/root/./workspace/spring-projects/spring-petclinic/385943371/.m2/org/springframework/spring-orm/5.0.4.RELEASE/spring-orm-5.0.4.RELEASE.jar:/root/./workspace/spring-projects/spring-petclinic/385943371/.m2/org/springframework/spring-tx/5.0.4.RELEASE/spring-tx-5.0.4.RELEASE.jar:/root/./workspace/spring-projects/spring-petclinic/385943371/.m2/org/springframework/spring-aspects/5.0.4.RELEASE/spring-aspects-5.0.4.RELEASE.jar:/root/./workspace/spring-projects/spring-petclinic/385943371/.m2/org/springframework/boot/spring-boot-starter-web/2.0.0.RELEASE/spring-boot-starter-web-2.0.0.RELEASE.jar:/root/./workspace/spring-projects/spring-petclinic/385943371/.m2/org/springframework/boot/spring-boot-starter-json/2.0.0.RELEASE/spring-boot-starter-json-2.0.0.RELEASE.jar:/root/./workspace/spring-projects/spring-petclinic/385943371/.m2/com/fasterxml/jackson/datatype/jackson-datatype-jdk8/2.9.4/jackson-datatype-jdk8-2.9.4.jar:/root/./workspace/spring-projects/spring-petclinic/385943371/.m2/com/fasterxml/jackson/module/jackson-module-parameter-names/2.9.4/jackson-module-parameter-names-2.9.4.jar:/root/./workspace/spring-projects/spring-petclinic/385943371/.m2/org/springframework/boot/spring-boot-starter-tomcat/2.0.0.RELEASE/spring-boot-starter-tomcat-2.0.0.RELEASE.jar:/root/./workspace/spring-projects/spring-petclinic/385943371/.m2/org/apache/tomcat/embed/tomcat-embed-core/8.5.28/tomcat-embed-core-8.5.28.jar:/root/./workspace/spring-projects/spring-petclinic/385943371/.m2/org/apache/tomcat/embed/tomcat-embed-el/8.5.28/tomcat-embed-el-8.5.28.jar:/root/./workspace/spring-projects/spring-petclinic/385943371/.m2/org/apache/tomcat/embed/tomcat-embed-websocket/8.5.28/tomcat-embed-websocket-8.5.28.jar:/root/./workspace/spring-projects/spring-petclinic/385943371/.m2/org/hibernate/validator/hibernate-validator/6.0.7.Final/hibernate-validator-6.0.7.Final.jar:/root/./workspace/spring-projects/spring-petclinic/385943371/.m2/javax/validation/validation-api/2.0.1.Final/validation-api-2.0.1.Final.jar:/root/./workspace/spring-projects/spring-petclinic/385943371/.m2/org/springframework/spring-web/5.0.4.RELEASE/spring-web-5.0.4.RELEASE.jar:/root/./workspace/spring-projects/spring-petclinic/385943371/.m2/org/springframework/spring-webmvc/5.0.4.RELEASE/spring-webmvc-5.0.4.RELEASE.jar:/root/./workspace/spring-projects/spring-petclinic/385943371/.m2/org/springframework/boot/spring-boot-starter-thymeleaf/2.0.0.RELEASE/spring-boot-starter-thymeleaf-2.0.0.RELEASE.jar:/root/./workspace/spring-projects/spring-petclinic/385943371/.m2/org/thymeleaf/thymeleaf-spring5/3.0.9.RELEASE/thymeleaf-spring5-3.0.9.RELEASE.jar:/root/./workspace/spring-projects/spring-petclinic/385943371/.m2/org/thymeleaf/thymeleaf/3.0.9.RELEASE/thymeleaf-3.0.9.RELEASE.jar:/root/./workspace/spring-projects/spring-petclinic/385943371/.m2/org/attoparser/attoparser/2.0.4.RELEASE/attoparser-2.0.4.RELEASE.jar:/root/./workspace/spring-projects/spring-petclinic/385943371/.m2/org/unbescape/unbescape/1.1.5.RELEASE/unbescape-1.1.5.RELEASE.jar:/root/./workspace/spring-projects/spring-petclinic/385943371/.m2/org/thymeleaf/extras/thymeleaf-extras-java8time/3.0.1.RELEASE/thymeleaf-extras-java8time-3.0.1.RELEASE.jar:/root/./workspace/spring-projects/spring-petclinic/385943371/.m2/org/springframework/boot/spring-boot-starter-test/2.0.0.RELEASE/spring-boot-starter-test-2.0.0.RELEASE.jar:/root/./workspace/spring-projects/spring-petclinic/385943371/.m2/org/springframework/boot/spring-boot-test/2.0.0.RELEASE/spring-boot-test-2.0.0.RELEASE.jar:/root/./workspace/spring-projects/spring-petclinic/385943371/.m2/org/springframework/boot/spring-boot-test-autoconfigure/2.0.0.RELEASE/spring-boot-test-autoconfigure-2.0.0.RELEASE.jar:/root/./workspace/spring-projects/spring-petclinic/385943371/.m2/com/jayway/jsonpath/json-path/2.4.0/json-path-2.4.0.jar:/root/./workspace/spring-projects/spring-petclinic/385943371/.m2/net/minidev/json-smart/2.3/json-smart-2.3.jar:/root/./workspace/spring-projects/spring-petclinic/385943371/.m2/net/minidev/accessors-smart/1.2/accessors-smart-1.2.jar:/root/./workspace/spring-projects/spring-petclinic/385943371/.m2/org/ow2/asm/asm/5.0.4/asm-5.0.4.jar:/root/./workspace/spring-projects/spring-petclinic/385943371/.m2/junit/junit/4.12/junit-4.12.jar:/root/./workspace/spring-projects/spring-petclinic/385943371/.m2/org/assertj/assertj-core/3.9.1/assertj-core-3.9.1.jar:/root/./workspace/spring-projects/spring-petclinic/385943371/.m2/org/mockito/mockito-core/2.15.0/mockito-core-2.15.0.jar:/root/./workspace/spring-projects/spring-petclinic/385943371/.m2/net/bytebuddy/byte-buddy/1.7.10/byte-buddy-1.7.10.jar:/root/./workspace/spring-projects/spring-petclinic/385943371/.m2/net/bytebuddy/byte-buddy-agent/1.7.10/byte-buddy-agent-1.7.10.jar:/root/./workspace/spring-projects/spring-petclinic/385943371/.m2/org/objenesis/objenesis/2.6/objenesis-2.6.jar:/root/./workspace/spring-projects/spring-petclinic/385943371/.m2/org/hamcrest/hamcrest-core/1.3/hamcrest-core-1.3.jar:/root/./workspace/spring-projects/spring-petclinic/385943371/.m2/org/hamcrest/hamcrest-library/1.3/hamcrest-library-1.3.jar:/root/./workspace/spring-projects/spring-petclinic/385943371/.m2/org/skyscreamer/jsonassert/1.5.0/jsonassert-1.5.0.jar:/root/./workspace/spring-projects/spring-petclinic/385943371/.m2/com/vaadin/external/google/android-json/0.0.20131108.vaadin1/android-json-0.0.20131108.vaadin1.jar:/root/./workspace/spring-projects/spring-petclinic/385943371/.m2/org/springframework/spring-core/5.0.4.RELEASE/spring-core-5.0.4.RELEASE.jar:/root/./workspace/spring-projects/spring-petclinic/385943371/.m2/org/springframework/spring-jcl/5.0.4.RELEASE/spring-jcl-5.0.4.RELEASE.jar:/root/./workspace/spring-projects/spring-petclinic/385943371/.m2/org/springframework/spring-test/5.0.4.RELEASE/spring-test-5.0.4.RELEASE.jar:/root/./workspace/spring-projects/spring-petclinic/385943371/.m2/org/xmlunit/xmlunit-core/2.5.1/xmlunit-core-2.5.1.jar:/root/./workspace/spring-projects/spring-petclinic/385943371/.m2/org/hsqldb/hsqldb/2.4.0/hsqldb-2.4.0.jar:/root/./workspace/spring-projects/spring-petclinic/385943371/.m2/mysql/mysql-connector-java/5.1.45/mysql-connector-java-5.1.45.jar:/root/./workspace/spring-projects/spring-petclinic/385943371/.m2/javax/cache/cache-api/1.1.0/cache-api-1.1.0.jar:/root/./workspace/spring-projects/spring-petclinic/385943371/.m2/org/ehcache/ehcache/3.5.0/ehcache-3.5.0.jar:/root/./workspace/spring-projects/spring-petclinic/385943371/.m2/org/slf4j/slf4j-api/1.7.25/slf4j-api-1.7.25.jar:/root/./workspace/spring-projects/spring-petclinic/385943371/.m2/org/webjars/webjars-locator-core/0.35/webjars-locator-core-0.35.jar:/root/./workspace/spring-projects/spring-petclinic/385943371/.m2/org/apache/commons/commons-lang3/3.7/commons-lang3-3.7.jar:/root/./workspace/spring-projects/spring-petclinic/385943371/.m2/org/apache/commons/commons-compress/1.9/commons-compress-1.9.jar:/root/./workspace/spring-projects/spring-petclinic/385943371/.m2/com/fasterxml/jackson/core/jackson-core/2.9.4/jackson-core-2.9.4.jar:/root/./workspace/spring-projects/spring-petclinic/385943371/.m2/org/webjars/jquery/2.2.4/jquery-2.2.4.jar:/root/./workspace/spring-projects/spring-petclinic/385943371/.m2/org/webjars/jquery-ui/1.11.4/jquery-ui-1.11.4.jar:/root/./workspace/spring-projects/spring-petclinic/385943371/.m2/org/webjars/bootstrap/3.3.6/bootstrap-3.3.6.jar:/root/./workspace/spring-projects/spring-petclinic/385943371/.m2/org/springframework/boot/spring-boot-devtools/2.0.0.RELEASE/spring-boot-devtools-2.0.0.RELEASE.jar:/root/./workspace/spring-projects/spring-petclinic/385943371/.m2/org/springframework/boot/spring-boot/2.0.0.RELEASE/spring-boot-2.0.0.RELEASE.jar:/root/./workspace/spring-projects/spring-petclinic/385943371/.m2/org/springframework/boot/spring-boot-autoconfigure/2.0.0.RELEASE/spring-boot-autoconfigure-2.0.0.RELEASE.jar:"/>
    <property name="java.vm.vendor" value="Oracle Corporation"/>
    <property name="skip.bower" value="true"/>
    <property name="sun.arch.data.model" value="64"/>
    <property name="java.vendor.url" value="http://java.oracle.com/"/>
    <property name="user.timezone" value=""/>
    <property name="java.vm.specification.version" value="1.8"/>
    <property name="os.name" value="Linux"/>
    <property name="rat.skip" value="true"/>
    <property name="gpg.skip" value="true"/>
    <property name="sun.java.launcher" value="SUN_STANDARD"/>
    <property name="sun.boot.library.path" value="/usr/lib/jvm/java-8-openjdk-amd64/jre/lib/amd64"/>
    <property name="skip.gulp" value="true"/>
    <property name="sun.java.command" value="/root/workspace/spring-projects/spring-petclinic/385943371/target/surefire/surefirebooter5735387954041371670.jar /root/workspace/spring-projects/spring-petclinic/385943371/target/surefire 2018-05-31T01-28-20_551-jvmRun1 surefire222994586789053994tmp surefire_05270256565633174864tmp"/>
    <property name="dependency-check.skip" value="true"/>
    <property name="surefire.test.class.path" value="/root/workspace/spring-projects/spring-petclinic/385943371/target/test-classes:/root/workspace/spring-projects/spring-petclinic/385943371/target/classes:/root/./workspace/spring-projects/spring-petclinic/385943371/.m2/org/springframework/boot/spring-boot-starter-actuator/2.0.0.RELEASE/spring-boot-starter-actuator-2.0.0.RELEASE.jar:/root/./workspace/spring-projects/spring-petclinic/385943371/.m2/org/springframework/boot/spring-boot-starter/2.0.0.RELEASE/spring-boot-starter-2.0.0.RELEASE.jar:/root/./workspace/spring-projects/spring-petclinic/385943371/.m2/org/springframework/boot/spring-boot-starter-logging/2.0.0.RELEASE/spring-boot-starter-logging-2.0.0.RELEASE.jar:/root/./workspace/spring-projects/spring-petclinic/385943371/.m2/ch/qos/logback/logback-classic/1.2.3/logback-classic-1.2.3.jar:/root/./workspace/spring-projects/spring-petclinic/385943371/.m2/ch/qos/logback/logback-core/1.2.3/logback-core-1.2.3.jar:/root/./workspace/spring-projects/spring-petclinic/385943371/.m2/org/apache/logging/log4j/log4j-to-slf4j/2.10.0/log4j-to-slf4j-2.10.0.jar:/root/./workspace/spring-projects/spring-petclinic/385943371/.m2/org/apache/logging/log4j/log4j-api/2.10.0/log4j-api-2.10.0.jar:/root/./workspace/spring-projects/spring-petclinic/385943371/.m2/org/slf4j/jul-to-slf4j/1.7.25/jul-to-slf4j-1.7.25.jar:/root/./workspace/spring-projects/spring-petclinic/385943371/.m2/javax/annotation/javax.annotation-api/1.3.2/javax.annotation-api-1.3.2.jar:/root/./workspace/spring-projects/spring-petclinic/385943371/.m2/org/yaml/snakeyaml/1.19/snakeyaml-1.19.jar:/root/./workspace/spring-projects/spring-petclinic/385943371/.m2/org/springframework/boot/spring-boot-actuator-autoconfigure/2.0.0.RELEASE/spring-boot-actuator-autoconfigure-2.0.0.RELEASE.jar:/root/./workspace/spring-projects/spring-petclinic/385943371/.m2/org/springframework/boot/spring-boot-actuator/2.0.0.RELEASE/spring-boot-actuator-2.0.0.RELEASE.jar:/root/./workspace/spring-projects/spring-petclinic/385943371/.m2/com/fasterxml/jackson/core/jackson-databind/2.9.4/jackson-databind-2.9.4.jar:/root/./workspace/spring-projects/spring-petclinic/385943371/.m2/com/fasterxml/jackson/core/jackson-annotations/2.9.0/jackson-annotations-2.9.0.jar:/root/./workspace/spring-projects/spring-petclinic/385943371/.m2/com/fasterxml/jackson/datatype/jackson-datatype-jsr310/2.9.4/jackson-datatype-jsr310-2.9.4.jar:/root/./workspace/spring-projects/spring-petclinic/385943371/.m2/io/micrometer/micrometer-core/1.0.1/micrometer-core-1.0.1.jar:/root/./workspace/spring-projects/spring-petclinic/385943371/.m2/org/hdrhistogram/HdrHistogram/2.1.10/HdrHistogram-2.1.10.jar:/root/./workspace/spring-projects/spring-petclinic/385943371/.m2/org/latencyutils/LatencyUtils/2.0.3/LatencyUtils-2.0.3.jar:/root/./workspace/spring-projects/spring-petclinic/385943371/.m2/org/springframework/boot/spring-boot-starter-cache/2.0.0.RELEASE/spring-boot-starter-cache-2.0.0.RELEASE.jar:/root/./workspace/spring-projects/spring-petclinic/385943371/.m2/org/springframework/spring-context/5.0.4.RELEASE/spring-context-5.0.4.RELEASE.jar:/root/./workspace/spring-projects/spring-petclinic/385943371/.m2/org/springframework/spring-aop/5.0.4.RELEASE/spring-aop-5.0.4.RELEASE.jar:/root/./workspace/spring-projects/spring-petclinic/385943371/.m2/org/springframework/spring-beans/5.0.4.RELEASE/spring-beans-5.0.4.RELEASE.jar:/root/./workspace/spring-projects/spring-petclinic/385943371/.m2/org/springframework/spring-expression/5.0.4.RELEASE/spring-expression-5.0.4.RELEASE.jar:/root/./workspace/spring-projects/spring-petclinic/385943371/.m2/org/springframework/spring-context-support/5.0.4.RELEASE/spring-context-support-5.0.4.RELEASE.jar:/root/./workspace/spring-projects/spring-petclinic/385943371/.m2/org/springframework/boot/spring-boot-starter-data-jpa/2.0.0.RELEASE/spring-boot-starter-data-jpa-2.0.0.RELEASE.jar:/root/./workspace/spring-projects/spring-petclinic/385943371/.m2/org/springframework/boot/spring-boot-starter-aop/2.0.0.RELEASE/spring-boot-starter-aop-2.0.0.RELEASE.jar:/root/./workspace/spring-projects/spring-petclinic/385943371/.m2/org/aspectj/aspectjweaver/1.8.13/aspectjweaver-1.8.13.jar:/root/./workspace/spring-projects/spring-petclinic/385943371/.m2/org/springframework/boot/spring-boot-starter-jdbc/2.0.0.RELEASE/spring-boot-starter-jdbc-2.0.0.RELEASE.jar:/root/./workspace/spring-projects/spring-petclinic/385943371/.m2/com/zaxxer/HikariCP/2.7.8/HikariCP-2.7.8.jar:/root/./workspace/spring-projects/spring-petclinic/385943371/.m2/org/springframework/spring-jdbc/5.0.4.RELEASE/spring-jdbc-5.0.4.RELEASE.jar:/root/./workspace/spring-projects/spring-petclinic/385943371/.m2/org/hibernate/hibernate-core/5.2.14.Final/hibernate-core-5.2.14.Final.jar:/root/./workspace/spring-projects/spring-petclinic/385943371/.m2/org/jboss/logging/jboss-logging/3.3.2.Final/jboss-logging-3.3.2.Final.jar:/root/./workspace/spring-projects/spring-petclinic/385943371/.m2/org/hibernate/javax/persistence/hibernate-jpa-2.1-api/1.0.0.Final/hibernate-jpa-2.1-api-1.0.0.Final.jar:/root/./workspace/spring-projects/spring-petclinic/385943371/.m2/org/javassist/javassist/3.22.0-GA/javassist-3.22.0-GA.jar:/root/./workspace/spring-projects/spring-petclinic/385943371/.m2/antlr/antlr/2.7.7/antlr-2.7.7.jar:/root/./workspace/spring-projects/spring-petclinic/385943371/.m2/org/jboss/jandex/2.0.3.Final/jandex-2.0.3.Final.jar:/root/./workspace/spring-projects/spring-petclinic/385943371/.m2/com/fasterxml/classmate/1.3.4/classmate-1.3.4.jar:/root/./workspace/spring-projects/spring-petclinic/385943371/.m2/dom4j/dom4j/1.6.1/dom4j-1.6.1.jar:/root/./workspace/spring-projects/spring-petclinic/385943371/.m2/org/hibernate/common/hibernate-commons-annotations/5.0.1.Final/hibernate-commons-annotations-5.0.1.Final.jar:/root/./workspace/spring-projects/spring-petclinic/385943371/.m2/javax/transaction/javax.transaction-api/1.2/javax.transaction-api-1.2.jar:/root/./workspace/spring-projects/spring-petclinic/385943371/.m2/org/springframework/data/spring-data-jpa/2.0.5.RELEASE/spring-data-jpa-2.0.5.RELEASE.jar:/root/./workspace/spring-projects/spring-petclinic/385943371/.m2/org/springframework/data/spring-data-commons/2.0.5.RELEASE/spring-data-commons-2.0.5.RELEASE.jar:/root/./workspace/spring-projects/spring-petclinic/385943371/.m2/org/springframework/spring-orm/5.0.4.RELEASE/spring-orm-5.0.4.RELEASE.jar:/root/./workspace/spring-projects/spring-petclinic/385943371/.m2/org/springframework/spring-tx/5.0.4.RELEASE/spring-tx-5.0.4.RELEASE.jar:/root/./workspace/spring-projects/spring-petclinic/385943371/.m2/org/springframework/spring-aspects/5.0.4.RELEASE/spring-aspects-5.0.4.RELEASE.jar:/root/./workspace/spring-projects/spring-petclinic/385943371/.m2/org/springframework/boot/spring-boot-starter-web/2.0.0.RELEASE/spring-boot-starter-web-2.0.0.RELEASE.jar:/root/./workspace/spring-projects/spring-petclinic/385943371/.m2/org/springframework/boot/spring-boot-starter-json/2.0.0.RELEASE/spring-boot-starter-json-2.0.0.RELEASE.jar:/root/./workspace/spring-projects/spring-petclinic/385943371/.m2/com/fasterxml/jackson/datatype/jackson-datatype-jdk8/2.9.4/jackson-datatype-jdk8-2.9.4.jar:/root/./workspace/spring-projects/spring-petclinic/385943371/.m2/com/fasterxml/jackson/module/jackson-module-parameter-names/2.9.4/jackson-module-parameter-names-2.9.4.jar:/root/./workspace/spring-projects/spring-petclinic/385943371/.m2/org/springframework/boot/spring-boot-starter-tomcat/2.0.0.RELEASE/spring-boot-starter-tomcat-2.0.0.RELEASE.jar:/root/./workspace/spring-projects/spring-petclinic/385943371/.m2/org/apache/tomcat/embed/tomcat-embed-core/8.5.28/tomcat-embed-core-8.5.28.jar:/root/./workspace/spring-projects/spring-petclinic/385943371/.m2/org/apache/tomcat/embed/tomcat-embed-el/8.5.28/tomcat-embed-el-8.5.28.jar:/root/./workspace/spring-projects/spring-petclinic/385943371/.m2/org/apache/tomcat/embed/tomcat-embed-websocket/8.5.28/tomcat-embed-websocket-8.5.28.jar:/root/./workspace/spring-projects/spring-petclinic/385943371/.m2/org/hibernate/validator/hibernate-validator/6.0.7.Final/hibernate-validator-6.0.7.Final.jar:/root/./workspace/spring-projects/spring-petclinic/385943371/.m2/javax/validation/validation-api/2.0.1.Final/validation-api-2.0.1.Final.jar:/root/./workspace/spring-projects/spring-petclinic/385943371/.m2/org/springframework/spring-web/5.0.4.RELEASE/spring-web-5.0.4.RELEASE.jar:/root/./workspace/spring-projects/spring-petclinic/385943371/.m2/org/springframework/spring-webmvc/5.0.4.RELEASE/spring-webmvc-5.0.4.RELEASE.jar:/root/./workspace/spring-projects/spring-petclinic/385943371/.m2/org/springframework/boot/spring-boot-starter-thymeleaf/2.0.0.RELEASE/spring-boot-starter-thymeleaf-2.0.0.RELEASE.jar:/root/./workspace/spring-projects/spring-petclinic/385943371/.m2/org/thymeleaf/thymeleaf-spring5/3.0.9.RELEASE/thymeleaf-spring5-3.0.9.RELEASE.jar:/root/./workspace/spring-projects/spring-petclinic/385943371/.m2/org/thymeleaf/thymeleaf/3.0.9.RELEASE/thymeleaf-3.0.9.RELEASE.jar:/root/./workspace/spring-projects/spring-petclinic/385943371/.m2/org/attoparser/attoparser/2.0.4.RELEASE/attoparser-2.0.4.RELEASE.jar:/root/./workspace/spring-projects/spring-petclinic/385943371/.m2/org/unbescape/unbescape/1.1.5.RELEASE/unbescape-1.1.5.RELEASE.jar:/root/./workspace/spring-projects/spring-petclinic/385943371/.m2/org/thymeleaf/extras/thymeleaf-extras-java8time/3.0.1.RELEASE/thymeleaf-extras-java8time-3.0.1.RELEASE.jar:/root/./workspace/spring-projects/spring-petclinic/385943371/.m2/org/springframework/boot/spring-boot-starter-test/2.0.0.RELEASE/spring-boot-starter-test-2.0.0.RELEASE.jar:/root/./workspace/spring-projects/spring-petclinic/385943371/.m2/org/springframework/boot/spring-boot-test/2.0.0.RELEASE/spring-boot-test-2.0.0.RELEASE.jar:/root/./workspace/spring-projects/spring-petclinic/385943371/.m2/org/springframework/boot/spring-boot-test-autoconfigure/2.0.0.RELEASE/spring-boot-test-autoconfigure-2.0.0.RELEASE.jar:/root/./workspace/spring-projects/spring-petclinic/385943371/.m2/com/jayway/jsonpath/json-path/2.4.0/json-path-2.4.0.jar:/root/./workspace/spring-projects/spring-petclinic/385943371/.m2/net/minidev/json-smart/2.3/json-smart-2.3.jar:/root/./workspace/spring-projects/spring-petclinic/385943371/.m2/net/minidev/accessors-smart/1.2/accessors-smart-1.2.jar:/root/./workspace/spring-projects/spring-petclinic/385943371/.m2/org/ow2/asm/asm/5.0.4/asm-5.0.4.jar:/root/./workspace/spring-projects/spring-petclinic/385943371/.m2/junit/junit/4.12/junit-4.12.jar:/root/./workspace/spring-projects/spring-petclinic/385943371/.m2/org/assertj/assertj-core/3.9.1/assertj-core-3.9.1.jar:/root/./workspace/spring-projects/spring-petclinic/385943371/.m2/org/mockito/mockito-core/2.15.0/mockito-core-2.15.0.jar:/root/./workspace/spring-projects/spring-petclinic/385943371/.m2/net/bytebuddy/byte-buddy/1.7.10/byte-buddy-1.7.10.jar:/root/./workspace/spring-projects/spring-petclinic/385943371/.m2/net/bytebuddy/byte-buddy-agent/1.7.10/byte-buddy-agent-1.7.10.jar:/root/./workspace/spring-projects/spring-petclinic/385943371/.m2/org/objenesis/objenesis/2.6/objenesis-2.6.jar:/root/./workspace/spring-projects/spring-petclinic/385943371/.m2/org/hamcrest/hamcrest-core/1.3/hamcrest-core-1.3.jar:/root/./workspace/spring-projects/spring-petclinic/385943371/.m2/org/hamcrest/hamcrest-library/1.3/hamcrest-library-1.3.jar:/root/./workspace/spring-projects/spring-petclinic/385943371/.m2/org/skyscreamer/jsonassert/1.5.0/jsonassert-1.5.0.jar:/root/./workspace/spring-projects/spring-petclinic/385943371/.m2/com/vaadin/external/google/android-json/0.0.20131108.vaadin1/android-json-0.0.20131108.vaadin1.jar:/root/./workspace/spring-projects/spring-petclinic/385943371/.m2/org/springframework/spring-core/5.0.4.RELEASE/spring-core-5.0.4.RELEASE.jar:/root/./workspace/spring-projects/spring-petclinic/385943371/.m2/org/springframework/spring-jcl/5.0.4.RELEASE/spring-jcl-5.0.4.RELEASE.jar:/root/./workspace/spring-projects/spring-petclinic/385943371/.m2/org/springframework/spring-test/5.0.4.RELEASE/spring-test-5.0.4.RELEASE.jar:/root/./workspace/spring-projects/spring-petclinic/385943371/.m2/org/xmlunit/xmlunit-core/2.5.1/xmlunit-core-2.5.1.jar:/root/./workspace/spring-projects/spring-petclinic/385943371/.m2/org/hsqldb/hsqldb/2.4.0/hsqldb-2.4.0.jar:/root/./workspace/spring-projects/spring-petclinic/385943371/.m2/mysql/mysql-connector-java/5.1.45/mysql-connector-java-5.1.45.jar:/root/./workspace/spring-projects/spring-petclinic/385943371/.m2/javax/cache/cache-api/1.1.0/cache-api-1.1.0.jar:/root/./workspace/spring-projects/spring-petclinic/385943371/.m2/org/ehcache/ehcache/3.5.0/ehcache-3.5.0.jar:/root/./workspace/spring-projects/spring-petclinic/385943371/.m2/org/slf4j/slf4j-api/1.7.25/slf4j-api-1.7.25.jar:/root/./workspace/spring-projects/spring-petclinic/385943371/.m2/org/webjars/webjars-locator-core/0.35/webjars-locator-core-0.35.jar:/root/./workspace/spring-projects/spring-petclinic/385943371/.m2/org/apache/commons/commons-lang3/3.7/commons-lang3-3.7.jar:/root/./workspace/spring-projects/spring-petclinic/385943371/.m2/org/apache/commons/commons-compress/1.9/commons-compress-1.9.jar:/root/./workspace/spring-projects/spring-petclinic/385943371/.m2/com/fasterxml/jackson/core/jackson-core/2.9.4/jackson-core-2.9.4.jar:/root/./workspace/spring-projects/spring-petclinic/385943371/.m2/org/webjars/jquery/2.2.4/jquery-2.2.4.jar:/root/./workspace/spring-projects/spring-petclinic/385943371/.m2/org/webjars/jquery-ui/1.11.4/jquery-ui-1.11.4.jar:/root/./workspace/spring-projects/spring-petclinic/385943371/.m2/org/webjars/bootstrap/3.3.6/bootstrap-3.3.6.jar:/root/./workspace/spring-projects/spring-petclinic/385943371/.m2/org/springframework/boot/spring-boot-devtools/2.0.0.RELEASE/spring-boot-devtools-2.0.0.RELEASE.jar:/root/./workspace/spring-projects/spring-petclinic/385943371/.m2/org/springframework/boot/spring-boot/2.0.0.RELEASE/spring-boot-2.0.0.RELEASE.jar:/root/./workspace/spring-projects/spring-petclinic/385943371/.m2/org/springframework/boot/spring-boot-autoconfigure/2.0.0.RELEASE/spring-boot-autoconfigure-2.0.0.RELEASE.jar:"/>
    <property name="sun.cpu.endian" value="little"/>
    <property name="user.home" value="/root"/>
    <property name="user.language" value="en"/>
    <property name="java.specification.vendor" value="Oracle Corporation"/>
    <property name="java.home" value="/usr/lib/jvm/java-8-openjdk-amd64/jre"/>
    <property name="basedir" value="/root/workspace/spring-projects/spring-petclinic/385943371"/>
    <property name="file.separator" value="/"/>
    <property name="checkstyle.skip" value="true"/>
    <property name="line.separator" value="&#10;"/>
    <property name="skip.npm" value="true"/>
    <property name="java.vm.specification.vendor" value="Oracle Corporation"/>
    <property name="java.specification.name" value="Java Platform API Specification"/>
    <property name="java.awt.graphicsenv" value="sun.awt.X11GraphicsEnvironment"/>
    <property name="skipITs" value="true"/>
    <property name="surefire.real.class.path" value="/root/workspace/spring-projects/spring-petclinic/385943371/target/surefire/surefirebooter5735387954041371670.jar"/>
    <property name="cobertura.skip" value="true"/>
    <property name="sun.boot.class.path" value="/usr/lib/jvm/java-8-openjdk-amd64/jre/lib/resources.jar:/usr/lib/jvm/java-8-openjdk-amd64/jre/lib/rt.jar:/usr/lib/jvm/java-8-openjdk-amd64/jre/lib/sunrsasign.jar:/usr/lib/jvm/java-8-openjdk-amd64/jre/lib/jsse.jar:/usr/lib/jvm/java-8-openjdk-amd64/jre/lib/jce.jar:/usr/lib/jvm/java-8-openjdk-amd64/jre/lib/charsets.jar:/usr/lib/jvm/java-8-openjdk-amd64/jre/lib/jfr.jar:/usr/lib/jvm/java-8-openjdk-amd64/jre/classes"/>
    <property name="sun.management.compiler" value="HotSpot 64-Bit Tiered Compilers"/>
    <property name="java.runtime.version" value="1.8.0_121-8u121-b13-1~bpo8+1-b13"/>
    <property name="user.name" value="root"/>
    <property name="findbugs.skip" value="true"/>
    <property name="path.separator" value=":"/>
    <property name="os.version" value="3.10.0-862.2.3.el7.x86_64"/>
    <property name="java.endorsed.dirs" value="/usr/lib/jvm/java-8-openjdk-amd64/jre/lib/endorsed"/>
    <property name="java.runtime.name" value="OpenJDK Runtime Environment"/>
    <property name="file.encoding" value="UTF-8"/>
    <property name="java.vm.name" value="OpenJDK 64-Bit Server VM"/>
    <property name="localRepository" value="/root/./workspace/spring-projects/spring-petclinic/385943371/.m2"/>
    <property name="java.vendor.url.bug" value="http://bugreport.sun.com/bugreport/"/>
    <property name="java.io.tmpdir" value="/tmp"/>
    <property name="java.version" value="1.8.0_121"/>
    <property name="user.dir" value="/root/workspace/spring-projects/spring-petclinic/385943371"/>
    <property name="os.arch" value="amd64"/>
    <property name="license.skip" value="true"/>
    <property name="java.vm.specification.name" value="Java Virtual Machine Specification"/>
    <property name="java.awt.printerjob" value="sun.print.PSPrinterJob"/>
    <property name="sun.os.patch.level" value="unknown"/>
    <property name="java.library.path" value="/usr/java/packages/lib/amd64:/usr/lib/x86_64-linux-gnu/jni:/lib/x86_64-linux-gnu:/usr/lib/x86_64-linux-gnu:/usr/lib/jni:/lib:/usr/lib"/>
    <property name="java.vm.info" value="mixed mode"/>
    <property name="java.vendor" value="Oracle Corporation"/>
    <property name="java.vm.version" value="25.121-b13"/>
    <property name="java.ext.dirs" value="/usr/lib/jvm/java-8-openjdk-amd64/jre/lib/ext:/usr/java/packages/lib/ext"/>
    <property name="sun.io.unicode.encoding" value="UnicodeLittle"/>
    <property name="maven.repo.local" value="/root/./workspace/spring-projects/spring-petclinic/385943371/.m2"/>
    <property name="enforcer.skip" value="true"/>
    <property name="java.class.version" value="52.0"/>
  </properties>
  <testcase name="testShowVetListXml" classname="org.springframework.samples.petclinic.vet.VetControllerTests" time="0.013">
    <failure message="Status expected:&lt;200&gt; but was:&lt;404&gt;" type="java.lang.AssertionError"><![CDATA[java.lang.AssertionError: Status expected:<200> but was:<404>
	at org.springframework.samples.petclinic.vet.VetControllerTests.testShowVetListXml(VetControllerTests.java:77)
]]></failure>
    <system-out><![CDATA[2018-05-31 01:28:33.002  INFO 327 --- [           main] .b.t.a.w.s.WebMvcTestContextBootstrapper : Neither @ContextConfiguration nor @ContextHierarchy found for test class [org.springframework.samples.petclinic.vet.VetControllerTests], using SpringBootContextLoader
2018-05-31 01:28:33.002  INFO 327 --- [           main] o.s.t.c.support.AbstractContextLoader    : Could not detect default resource locations for test class [org.springframework.samples.petclinic.vet.VetControllerTests]: no resource found for suffixes {-context.xml, Context.groovy}.
2018-05-31 01:28:33.002  INFO 327 --- [           main] t.c.s.AnnotationConfigContextLoaderUtils : Could not detect default configuration classes for test class [org.springframework.samples.petclinic.vet.VetControllerTests]: VetControllerTests does not declare any static, non-private, non-final, nested classes annotated with @Configuration.
2018-05-31 01:28:33.009  INFO 327 --- [           main] .b.t.c.SpringBootTestContextBootstrapper : Found @SpringBootConfiguration org.springframework.samples.petclinic.PetClinicApplication for test class org.springframework.samples.petclinic.vet.VetControllerTests
2018-05-31 01:28:33.010  INFO 327 --- [           main] .b.t.a.w.s.WebMvcTestContextBootstrapper : Loaded default TestExecutionListener class names from location [META-INF/spring.factories]: [org.springframework.boot.test.mock.mockito.MockitoTestExecutionListener, org.springframework.boot.test.mock.mockito.ResetMocksTestExecutionListener, org.springframework.boot.test.autoconfigure.restdocs.RestDocsTestExecutionListener, org.springframework.boot.test.autoconfigure.web.client.MockRestServiceServerResetTestExecutionListener, org.springframework.boot.test.autoconfigure.web.servlet.MockMvcPrintOnlyOnFailureTestExecutionListener, org.springframework.boot.test.autoconfigure.web.servlet.WebDriverTestExecutionListener, org.springframework.test.context.web.ServletTestExecutionListener, org.springframework.test.context.support.DirtiesContextBeforeModesTestExecutionListener, org.springframework.test.context.support.DependencyInjectionTestExecutionListener, org.springframework.test.context.support.DirtiesContextTestExecutionListener, org.springframework.test.context.transaction.TransactionalTestExecutionListener, org.springframework.test.context.jdbc.SqlScriptsTestExecutionListener]
2018-05-31 01:28:33.010  INFO 327 --- [           main] .b.t.a.w.s.WebMvcTestContextBootstrapper : Using TestExecutionListeners: [org.springframework.test.context.web.ServletTestExecutionListener@11b234aa, org.springframework.test.context.support.DirtiesContextBeforeModesTestExecutionListener@1455a374, org.springframework.boot.test.mock.mockito.MockitoTestExecutionListener@cfb462, org.springframework.boot.test.autoconfigure.SpringBootDependencyInjectionTestExecutionListener@54418834, org.springframework.test.context.support.DirtiesContextTestExecutionListener@54d6f172, org.springframework.test.context.transaction.TransactionalTestExecutionListener@6d21a69f, org.springframework.test.context.jdbc.SqlScriptsTestExecutionListener@10b063fd, org.springframework.boot.test.mock.mockito.ResetMocksTestExecutionListener@48e859f7, org.springframework.boot.test.autoconfigure.restdocs.RestDocsTestExecutionListener@2bd67cf9, org.springframework.boot.test.autoconfigure.web.client.MockRestServiceServerResetTestExecutionListener@4ba32242, org.springframework.boot.test.autoconfigure.web.servlet.MockMvcPrintOnlyOnFailureTestExecutionListener@581f1f40, org.springframework.boot.test.autoconfigure.web.servlet.WebDriverTestExecutionListener@52b2c255]


              |\      _,,,--,,_
             /,`.-'`'   ._  \-;;,_
  _______ __|,4-  ) )_   .;.(__`'-'__     ___ __    _ ___ _______
 |       | '---''(_/._)-'(_\_)   |   |   |   |  |  | |   |       |
 |    _  |    ___|_     _|       |   |   |   |   |_| |   |       | __ _ _
 |   |_| |   |___  |   | |       |   |   |   |       |   |       | \ \ \ \
 |    ___|    ___| |   | |      _|   |___|   |  _    |   |      _|  \ \ \ \
 |   |   |   |___  |   | |     |_|       |   | | |   |   |     |_    ) ) ) )
 |___|   |_______| |___| |_______|_______|___|_|  |__|___|_______|  / / / /
 ==================================================================/_/_/_/

:: Built with Spring Boot :: 2.0.0.RELEASE


2018-05-31 01:28:33.031  INFO 327 --- [           main] o.s.s.petclinic.vet.VetControllerTests   : Starting VetControllerTests on spirals-vortex.lille.inria.fr with PID 327 (started by root in /root/workspace/spring-projects/spring-petclinic/385943371)
2018-05-31 01:28:33.032  INFO 327 --- [           main] o.s.s.petclinic.vet.VetControllerTests   : The following profiles are active: production
2018-05-31 01:28:33.034  INFO 327 --- [           main] o.s.w.c.s.GenericWebApplicationContext   : Refreshing org.springframework.web.context.support.GenericWebApplicationContext@79bb14d8: startup date [Thu May 31 01:28:33 CEST 2018]; root of context hierarchy
2018-05-31 01:28:33.281  INFO 327 --- [           main] s.w.s.m.m.a.RequestMappingHandlerAdapter : Looking for @ControllerAdvice: org.springframework.web.context.support.GenericWebApplicationContext@79bb14d8: startup date [Thu May 31 01:28:33 CEST 2018]; root of context hierarchy
2018-05-31 01:28:33.290  INFO 327 --- [           main] s.w.s.m.m.a.RequestMappingHandlerMapping : Mapped "{[/vets.html],methods=[GET]}" onto public java.lang.String org.springframework.samples.petclinic.vet.VetController.showVetList(java.util.Map<java.lang.String, java.lang.Object>)
2018-05-31 01:28:33.291  INFO 327 --- [           main] s.w.s.m.m.a.RequestMappingHandlerMapping : Mapped "{[/vets],methods=[GET]}" onto public org.springframework.samples.petclinic.vet.Vets org.springframework.samples.petclinic.vet.VetController.showResourcesVetList()
2018-05-31 01:28:33.292  INFO 327 --- [           main] s.w.s.m.m.a.RequestMappingHandlerMapping : Mapped "{[/error],produces=[text/html]}" onto public org.springframework.web.servlet.ModelAndView org.springframework.boot.autoconfigure.web.servlet.error.BasicErrorController.errorHtml(javax.servlet.http.HttpServletRequest,javax.servlet.http.HttpServletResponse)
2018-05-31 01:28:33.292  INFO 327 --- [           main] s.w.s.m.m.a.RequestMappingHandlerMapping : Mapped "{[/error]}" onto public org.springframework.http.ResponseEntity<java.util.Map<java.lang.String, java.lang.Object>> org.springframework.boot.autoconfigure.web.servlet.error.BasicErrorController.error(javax.servlet.http.HttpServletRequest)
2018-05-31 01:28:33.311  INFO 327 --- [           main] o.s.w.s.handler.SimpleUrlHandlerMapping  : Mapped URL path [/webjars/**] onto handler of type [class org.springframework.web.servlet.resource.ResourceHttpRequestHandler]
2018-05-31 01:28:33.311  INFO 327 --- [           main] o.s.w.s.handler.SimpleUrlHandlerMapping  : Mapped URL path [/**] onto handler of type [class org.springframework.web.servlet.resource.ResourceHttpRequestHandler]
2018-05-31 01:28:33.329  INFO 327 --- [           main] o.s.w.s.handler.SimpleUrlHandlerMapping  : Mapped URL path [/**/favicon.ico] onto handler of type [class org.springframework.web.servlet.resource.ResourceHttpRequestHandler]
2018-05-31 01:28:33.396  INFO 327 --- [           main] o.s.b.t.m.w.SpringBootMockServletContext : Initializing Spring FrameworkServlet ''
2018-05-31 01:28:33.396  INFO 327 --- [           main] o.s.t.web.servlet.TestDispatcherServlet  : FrameworkServlet '': initialization started
2018-05-31 01:28:33.402  INFO 327 --- [           main] o.s.t.web.servlet.TestDispatcherServlet  : FrameworkServlet '': initialization completed in 6 ms
2018-05-31 01:28:33.438  INFO 327 --- [           main] o.s.s.petclinic.vet.VetControllerTests   : Started VetControllerTests in 0.426 seconds (JVM running for 12.221)

MockHttpServletRequest:
      HTTP Method = GET
      Request URI = /vets.xml
       Parameters = {}
          Headers = {Accept=[application/xml]}
             Body = <no character encoding set>
    Session Attrs = {}

Handler:
             Type = org.springframework.web.servlet.resource.ResourceHttpRequestHandler

Async:
    Async started = false
     Async result = null

Resolved Exception:
             Type = null

ModelAndView:
        View name = null
             View = null
            Model = null

FlashMap:
       Attributes = null

MockHttpServletResponse:
           Status = 404
    Error message = null
          Headers = {}
     Content type = null
             Body = 
    Forwarded URL = null
   Redirected URL = null
          Cookies = []
]]></system-out>
  </testcase>
  <testcase name="testShowVetListHtml" classname="org.springframework.samples.petclinic.vet.VetControllerTests" time="0.047"/>
  <testcase name="testShowResourcesVetList" classname="org.springframework.samples.petclinic.vet.VetControllerTests" time="0.005">
    <failure message="Status expected:&lt;200&gt; but was:&lt;404&gt;" type="java.lang.AssertionError"><![CDATA[java.lang.AssertionError: Status expected:<200> but was:<404>
	at org.springframework.samples.petclinic.vet.VetControllerTests.testShowResourcesVetList(VetControllerTests.java:69)
]]></failure>
    <system-out><![CDATA[
MockHttpServletRequest:
      HTTP Method = GET
      Request URI = /vets.xml
       Parameters = {}
          Headers = {Accept=[application/xml]}
             Body = <no character encoding set>
    Session Attrs = {}

Handler:
             Type = org.springframework.web.servlet.resource.ResourceHttpRequestHandler

Async:
    Async started = false
     Async result = null

Resolved Exception:
             Type = null

ModelAndView:
        View name = null
             View = null
            Model = null

FlashMap:
       Attributes = null

MockHttpServletResponse:
           Status = 404
    Error message = null
          Headers = {}
     Content type = null
             Body = 
    Forwarded URL = null
   Redirected URL = null
          Cookies = []

MockHttpServletRequest:
      HTTP Method = GET
      Request URI = /vets.html
       Parameters = {}
          Headers = {}
             Body = <no character encoding set>
    Session Attrs = {}

Handler:
             Type = org.springframework.samples.petclinic.vet.VetController
           Method = public java.lang.String org.springframework.samples.petclinic.vet.VetController.showVetList(java.util.Map<java.lang.String, java.lang.Object>)

Async:
    Async started = false
     Async result = null

Resolved Exception:
             Type = null

ModelAndView:
        View name = vets/vetList
             View = null
        Attribute = vets
            value = org.springframework.samples.petclinic.vet.Vets@63513c1c
           errors = []

FlashMap:
       Attributes = null

MockHttpServletResponse:
           Status = 200
    Error message = null
          Headers = {Content-Language=[en], Content-Type=[text/html;charset=UTF-8]}
     Content type = text/html;charset=UTF-8
             Body = <!DOCTYPE html>

<html>

  <head>

    <meta http-equiv="Content-Type" content="text/html; charset=UTF-8"/>
    <meta charset="utf-8">
    <meta http-equiv="X-UA-Compatible" content="IE=edge">
    <meta name="viewport" content="width=device-width, initial-scale=1">

    <link rel="shortcut icon" type="image/x-icon" href="/resources/images/favicon.png">

    <title>PetClinic :: a Spring Framework demonstration</title>

    <!--[if lt IE 9]>
    <script src="https://oss.maxcdn.com/html5shiv/3.7.2/html5shiv.min.js"></script>
    <script src="https://oss.maxcdn.com/respond/1.4.2/respond.min.js"></script>
    <![endif]-->

    <link rel="stylesheet" href="/resources/css/petclinic.css"/>

  </head>

<body>

  <nav class="navbar navbar-default" role="navigation">
      <div class="container">
          <div class="navbar-header">
              <a class="navbar-brand" href="/"><span></span></a>
              <button type="button" class="navbar-toggle" data-toggle="collapse" data-target="#main-navbar">
                  <span class="sr-only"><os-p>Toggle navigation</os-p></span>
                  <span class="icon-bar"></span>
                  <span class="icon-bar"></span>
                  <span class="icon-bar"></span>
              </button>
          </div>
          <div class="navbar-collapse collapse" id="main-navbar">
              <ul class="nav navbar-nav navbar-right">
  
                  <li>
                      <a href="">
                        <span class="glyphicon  glyphicon-null" aria-hidden="true"></span>
                        <span></span>
                      </a>
                  </li>
  
                  <li>
                      <a href="/" title="home page">
                        <span class="glyphicon  glyphicon-home" aria-hidden="true"></span>
                        <span>Home</span>
                      </a>
                  </li>
  
                  <li>
                      <a href="/owners/find" title="find owners">
                        <span class="glyphicon  glyphicon-search" aria-hidden="true"></span>
                        <span>Find owners</span>
                      </a>
                  </li>
  
                  <li class="active">
                      <a href="/vets.html" title="veterinarians">
                        <span class="glyphicon  glyphicon-th-list" aria-hidden="true"></span>
                        <span>Veterinarians</span>
                      </a>
                  </li>
  
                  <li>
                      <a href="/oups" title="trigger a RuntimeException to see how it is handled">
                        <span class="glyphicon  glyphicon-warning-sign" aria-hidden="true"></span>
                        <span>Error</span>
                      </a>
                  </li>
  
              </ul>
          </div>
      </div>
  </nav>
  <div class="container-fluid">
      <div class="container xd-container">
  
          

  <h2>Veterinarians</h2>

  <table id="vets" class="table table-striped">
    <thead>
      <tr>
        <th>Name</th>
        <th>Specialties</th>
      </tr>
    </thead>
    <tbody>
      <tr>
        <td>James Carter</td>
        <td> <span>none</span></td>
      </tr>
      <tr>
        <td>Helen Leary</td>
        <td><span >radiology </span> </td>
      </tr>
    </tbody>
  </table>

  <table class="table-buttons">
    <tr>
      <td><a href="/vets">View as XML</a></td>
    </tr>
  </table>



        <br/>
        <br/>
        <div class="container">
          <div class="row">
            <div class="col-12 text-center">
              <img src="/resources/images/spring-pivotal-logo.png" alt="Sponsored by Pivotal"/></div>
          </div>
        </div>
      </div>
  </div>

  <script src="/webjars/jquery/2.2.4/jquery.min.js"></script>
  <script src="/webjars/jquery-ui/1.11.4/jquery-ui.min.js"></script>
  <script src="/webjars/bootstrap/3.3.6/js/bootstrap.min.js"></script>

</body>

</html>

    Forwarded URL = null
   Redirected URL = null
          Cookies = []

MockHttpServletRequest:
      HTTP Method = GET
      Request URI = /vets.json
       Parameters = {}
          Headers = {Accept=[application/json]}
             Body = <no character encoding set>
    Session Attrs = {}

Handler:
             Type = org.springframework.web.servlet.resource.ResourceHttpRequestHandler

Async:
    Async started = false
     Async result = null

Resolved Exception:
             Type = null

ModelAndView:
        View name = null
             View = null
            Model = null

FlashMap:
       Attributes = null

MockHttpServletResponse:
           Status = 404
    Error message = null
          Headers = {}
     Content type = null
             Body = 
    Forwarded URL = null
   Redirected URL = null
          Cookies = []
]]></system-out>
  </testcase>
</testsuite>