<?xml version="1.0" encoding="UTF-8"?>
<testsuite name="TestSuite" time="0.435" tests="32" errors="0" skipped="0" failures="4">
  <properties>
    <property name="java.runtime.name" value="OpenJDK Runtime Environment"/>
    <property name="sun.boot.library.path" value="/usr/lib/jvm/java-8-openjdk-amd64/jre/lib/amd64"/>
    <property name="java.vm.version" value="25.121-b13"/>
    <property name="java.vm.vendor" value="Oracle Corporation"/>
    <property name="maven.multiModuleProjectDirectory" value="/root/workspace/tverdokhlebd/MinedIn/361311603"/>
    <property name="java.vendor.url" value="http://java.oracle.com/"/>
    <property name="path.separator" value=":"/>
    <property name="guice.disable.misplaced.annotation.check" value="true"/>
    <property name="skip.gulp" value="true"/>
    <property name="java.vm.name" value="OpenJDK 64-Bit Server VM"/>
    <property name="file.encoding.pkg" value="sun.io"/>
    <property name="sun.java.launcher" value="SUN_STANDARD"/>
    <property name="sun.os.patch.level" value="unknown"/>
    <property name="findbugs.skip" value="true"/>
    <property name="java.vm.specification.name" value="Java Virtual Machine Specification"/>
    <property name="user.dir" value="/root/workspace/tverdokhlebd/MinedIn/361311603"/>
    <property name="checkstyle.skip" value="true"/>
    <property name="java.runtime.version" value="1.8.0_121-8u121-b13-1~bpo8+1-b13"/>
    <property name="java.awt.graphicsenv" value="sun.awt.X11GraphicsEnvironment"/>
    <property name="skip.npm" value="true"/>
    <property name="java.endorsed.dirs" value="/usr/lib/jvm/java-8-openjdk-amd64/jre/lib/endorsed"/>
    <property name="os.arch" value="amd64"/>
    <property name="java.io.tmpdir" value="/tmp"/>
    <property name="gpg.skip" value="true"/>
    <property name="line.separator" value="&#10;"/>
    <property name="java.vm.specification.vendor" value="Oracle Corporation"/>
    <property name="cobertura.skip" value="true"/>
    <property name="os.name" value="Linux"/>
    <property name="classworlds.conf" value="/usr/share/maven/bin/m2.conf"/>
    <property name="sun.jnu.encoding" value="UTF-8"/>
    <property name="java.library.path" value="/usr/java/packages/lib/amd64:/usr/lib/x86_64-linux-gnu/jni:/lib/x86_64-linux-gnu:/usr/lib/x86_64-linux-gnu:/usr/lib/jni:/lib:/usr/lib"/>
    <property name="license.skip" value="true"/>
    <property name="java.specification.name" value="Java Platform API Specification"/>
    <property name="java.class.version" value="52.0"/>
    <property name="sun.management.compiler" value="HotSpot 64-Bit Tiered Compilers"/>
    <property name="skip.bower" value="true"/>
    <property name="maven.repo.local" value="/root/./workspace/tverdokhlebd/MinedIn/361311603/.m2"/>
    <property name="os.version" value="3.10.0-693.21.1.el7.x86_64"/>
    <property name="user.home" value="/root"/>
    <property name="user.timezone" value="Europe/Paris"/>
    <property name="java.awt.printerjob" value="sun.print.PSPrinterJob"/>
    <property name="java.specification.version" value="1.8"/>
    <property name="file.encoding" value="UTF-8"/>
    <property name="user.name" value="root"/>
    <property name="java.class.path" value="/usr/share/maven/boot/plexus-classworlds-2.5.2.jar"/>
    <property name="skipITs" value="true"/>
    <property name="java.vm.specification.version" value="1.8"/>
    <property name="sun.arch.data.model" value="64"/>
    <property name="java.home" value="/usr/lib/jvm/java-8-openjdk-amd64/jre"/>
    <property name="sun.java.command" value="org.codehaus.plexus.classworlds.launcher.Launcher -D enforcer.skip=true -D skipITs=true -D cobertura.skip=true -D maven.repo.local=/root/./workspace/tverdokhlebd/MinedIn/361311603/.m2 -D rat.skip=true -D findbugs.skip=true -D skip.bower=true -D gpg.skip=true -D checkstyle.skip=true -D skip.gulp=true -D license.skip=true -D skip.npm=true test"/>
    <property name="java.specification.vendor" value="Oracle Corporation"/>
    <property name="user.language" value="en"/>
    <property name="awt.toolkit" value="sun.awt.X11.XToolkit"/>
    <property name="java.vm.info" value="mixed mode"/>
    <property name="java.version" value="1.8.0_121"/>
    <property name="java.ext.dirs" value="/usr/lib/jvm/java-8-openjdk-amd64/jre/lib/ext:/usr/java/packages/lib/ext"/>
    <property name="securerandom.source" value="file:/dev/./urandom"/>
    <property name="sun.boot.class.path" value="/usr/lib/jvm/java-8-openjdk-amd64/jre/lib/resources.jar:/usr/lib/jvm/java-8-openjdk-amd64/jre/lib/rt.jar:/usr/lib/jvm/java-8-openjdk-amd64/jre/lib/sunrsasign.jar:/usr/lib/jvm/java-8-openjdk-amd64/jre/lib/jsse.jar:/usr/lib/jvm/java-8-openjdk-amd64/jre/lib/jce.jar:/usr/lib/jvm/java-8-openjdk-amd64/jre/lib/charsets.jar:/usr/lib/jvm/java-8-openjdk-amd64/jre/lib/jfr.jar:/usr/lib/jvm/java-8-openjdk-amd64/jre/classes"/>
    <property name="java.vendor" value="Oracle Corporation"/>
    <property name="enforcer.skip" value="true"/>
    <property name="rat.skip" value="true"/>
    <property name="maven.home" value="/usr/share/maven"/>
    <property name="file.separator" value="/"/>
    <property name="java.vendor.url.bug" value="http://bugreport.sun.com/bugreport/"/>
    <property name="sun.cpu.endian" value="little"/>
    <property name="sun.io.unicode.encoding" value="UnicodeLittle"/>
    <property name="sun.cpu.isalist" value=""/>
  </properties>
  <testcase name="testPoolError on testPoolError(com.mined.in.worker.EthereumWorkerTest)" classname="com.mined.in.worker.EthereumWorkerTest" time="0.284"/>
  <testcase name="testMarketError on testMarketError(com.mined.in.worker.EthereumWorkerTest)" classname="com.mined.in.worker.EthereumWorkerTest" time="0.012"/>
  <testcase name="testRewardError on testRewardError(com.mined.in.worker.EthereumWorkerTest)" classname="com.mined.in.worker.EthereumWorkerTest" time="0.012"/>
  <testcase name="testCorrectJsonResponse on testCorrectJsonResponse(com.mined.in.worker.EthereumWorkerTest)" classname="com.mined.in.worker.EthereumWorkerTest" time="0.018">
    <failure message="expected:&lt;174&gt; but was:&lt;174.03&gt;" type="java.lang.AssertionError"><![CDATA[java.lang.AssertionError: expected:<174> but was:<174.03>
	at org.junit.Assert.fail(Assert.java:88)
	at org.junit.Assert.failNotEquals(Assert.java:834)
	at org.junit.Assert.assertEquals(Assert.java:118)
	at org.junit.Assert.assertEquals(Assert.java:144)
	at com.mined.in.worker.EthereumWorkerTest.testCorrectJsonResponse(EthereumWorkerTest.java:88)
]]></failure>
  </testcase>
  <testcase name="testEmptyResponse on testEmptyResponse(com.mined.in.calculator.whattomine.eth.WhatToMineRewardRequestorTest)" classname="com.mined.in.calculator.whattomine.eth.WhatToMineRewardRequestorTest" time="0.004"/>
  <testcase name="test500HttpError on test500HttpError(com.mined.in.calculator.whattomine.eth.WhatToMineRewardRequestorTest)" classname="com.mined.in.calculator.whattomine.eth.WhatToMineRewardRequestorTest" time="0.003"/>
  <testcase name="testCorrectJsonResponse on testCorrectJsonResponse(com.mined.in.calculator.whattomine.eth.WhatToMineRewardRequestorTest)" classname="com.mined.in.calculator.whattomine.eth.WhatToMineRewardRequestorTest" time="0.004"/>
  <testcase name="testConvertingToEH on testConvertingToEH(com.mined.in.util.HashrateConverterTest)" classname="com.mined.in.util.HashrateConverterTest" time="0.002"/>
  <testcase name="testConvertingToGH on testConvertingToGH(com.mined.in.util.HashrateConverterTest)" classname="com.mined.in.util.HashrateConverterTest" time="0"/>
  <testcase name="testConvertingToKH on testConvertingToKH(com.mined.in.util.HashrateConverterTest)" classname="com.mined.in.util.HashrateConverterTest" time="0"/>
  <testcase name="testConvertingToMH on testConvertingToMH(com.mined.in.util.HashrateConverterTest)" classname="com.mined.in.util.HashrateConverterTest" time="0.001"/>
  <testcase name="testConvertingToPH on testConvertingToPH(com.mined.in.util.HashrateConverterTest)" classname="com.mined.in.util.HashrateConverterTest" time="0"/>
  <testcase name="testConvertingToTH on testConvertingToTH(com.mined.in.util.HashrateConverterTest)" classname="com.mined.in.util.HashrateConverterTest" time="0"/>
  <testcase name="testEmptyResponse on testEmptyResponse(com.mined.in.pool.account.eth.DwarfpoolAccountRequestorTest)" classname="com.mined.in.pool.account.eth.DwarfpoolAccountRequestorTest" time="0.007">
    <failure message="Expected exception: com.mined.in.pool.AccountRequestorException" type="java.lang.AssertionError">java.lang.AssertionError: Expected exception: com.mined.in.pool.AccountRequestorException
	at org.junit.internal.runners.statements.ExpectException.evaluate(ExpectException.java:32)
	at org.junit.runners.ParentRunner.runLeaf(ParentRunner.java:325)
	at org.junit.runners.BlockJUnit4ClassRunner.runChild(BlockJUnit4ClassRunner.java:78)
	at org.junit.runners.BlockJUnit4ClassRunner.runChild(BlockJUnit4ClassRunner.java:57)
	at org.junit.runners.ParentRunner$3.run(ParentRunner.java:290)
	at org.junit.runners.ParentRunner$1.schedule(ParentRunner.java:71)
	at org.junit.runners.ParentRunner.runChildren(ParentRunner.java:288)
	at org.junit.runners.ParentRunner.access$000(ParentRunner.java:58)
	at org.junit.runners.ParentRunner$2.evaluate(ParentRunner.java:268)
	at org.junit.runners.ParentRunner.run(ParentRunner.java:363)
	at org.junit.runner.JUnitCore.run(JUnitCore.java:137)
	at org.junit.runner.JUnitCore.run(JUnitCore.java:115)
	at org.testng.junit.JUnit4TestRunner.start(JUnit4TestRunner.java:81)
	at org.testng.junit.JUnit4TestRunner.run(JUnit4TestRunner.java:69)
	at org.testng.TestRunner$1.run(TestRunner.java:682)
	at org.testng.TestRunner.runWorkers(TestRunner.java:1008)
	at org.testng.TestRunner.privateRunJUnit(TestRunner.java:713)
	at org.testng.TestRunner.run(TestRunner.java:614)
	at org.testng.SuiteRunner.runTest(SuiteRunner.java:348)
	at org.testng.SuiteRunner.runSequentially(SuiteRunner.java:343)
	at org.testng.SuiteRunner.privateRun(SuiteRunner.java:305)
	at org.testng.SuiteRunner.run(SuiteRunner.java:254)
	at org.testng.SuiteRunnerWorker.runSuite(SuiteRunnerWorker.java:52)
	at org.testng.SuiteRunnerWorker.run(SuiteRunnerWorker.java:86)
	at org.testng.TestNG.runSuitesSequentially(TestNG.java:1224)
	at org.testng.TestNG.runSuitesLocally(TestNG.java:1149)
	at org.testng.TestNG.run(TestNG.java:1057)
	at org.apache.maven.surefire.testng.TestNGExecutor.run(TestNGExecutor.java:115)
	at org.apache.maven.surefire.testng.TestNGDirectoryTestSuite.executeMulti(TestNGDirectoryTestSuite.java:212)
	at org.apache.maven.surefire.testng.TestNGDirectoryTestSuite.execute(TestNGDirectoryTestSuite.java:108)
	at org.apache.maven.surefire.testng.TestNGProvider.invoke(TestNGProvider.java:111)
	at org.apache.maven.surefire.booter.ForkedBooter.invokeProviderInSameClassLoader(ForkedBooter.java:203)
	at org.apache.maven.surefire.booter.ForkedBooter.runSuitesInProcess(ForkedBooter.java:155)
	at org.apache.maven.surefire.booter.ForkedBooter.main(ForkedBooter.java:103)
</failure>
  </testcase>
  <testcase name="test500HttpError on test500HttpError(com.mined.in.pool.account.eth.DwarfpoolAccountRequestorTest)" classname="com.mined.in.pool.account.eth.DwarfpoolAccountRequestorTest" time="0.003">
    <failure message="Expected exception: com.mined.in.pool.AccountRequestorException" type="java.lang.AssertionError">java.lang.AssertionError: Expected exception: com.mined.in.pool.AccountRequestorException
	at org.junit.internal.runners.statements.ExpectException.evaluate(ExpectException.java:32)
	at org.junit.runners.ParentRunner.runLeaf(ParentRunner.java:325)
	at org.junit.runners.BlockJUnit4ClassRunner.runChild(BlockJUnit4ClassRunner.java:78)
	at org.junit.runners.BlockJUnit4ClassRunner.runChild(BlockJUnit4ClassRunner.java:57)
	at org.junit.runners.ParentRunner$3.run(ParentRunner.java:290)
	at org.junit.runners.ParentRunner$1.schedule(ParentRunner.java:71)
	at org.junit.runners.ParentRunner.runChildren(ParentRunner.java:288)
	at org.junit.runners.ParentRunner.access$000(ParentRunner.java:58)
	at org.junit.runners.ParentRunner$2.evaluate(ParentRunner.java:268)
	at org.junit.runners.ParentRunner.run(ParentRunner.java:363)
	at org.junit.runner.JUnitCore.run(JUnitCore.java:137)
	at org.junit.runner.JUnitCore.run(JUnitCore.java:115)
	at org.testng.junit.JUnit4TestRunner.start(JUnit4TestRunner.java:81)
	at org.testng.junit.JUnit4TestRunner.run(JUnit4TestRunner.java:69)
	at org.testng.TestRunner$1.run(TestRunner.java:682)
	at org.testng.TestRunner.runWorkers(TestRunner.java:1008)
	at org.testng.TestRunner.privateRunJUnit(TestRunner.java:713)
	at org.testng.TestRunner.run(TestRunner.java:614)
	at org.testng.SuiteRunner.runTest(SuiteRunner.java:348)
	at org.testng.SuiteRunner.runSequentially(SuiteRunner.java:343)
	at org.testng.SuiteRunner.privateRun(SuiteRunner.java:305)
	at org.testng.SuiteRunner.run(SuiteRunner.java:254)
	at org.testng.SuiteRunnerWorker.runSuite(SuiteRunnerWorker.java:52)
	at org.testng.SuiteRunnerWorker.run(SuiteRunnerWorker.java:86)
	at org.testng.TestNG.runSuitesSequentially(TestNG.java:1224)
	at org.testng.TestNG.runSuitesLocally(TestNG.java:1149)
	at org.testng.TestNG.run(TestNG.java:1057)
	at org.apache.maven.surefire.testng.TestNGExecutor.run(TestNGExecutor.java:115)
	at org.apache.maven.surefire.testng.TestNGDirectoryTestSuite.executeMulti(TestNGDirectoryTestSuite.java:212)
	at org.apache.maven.surefire.testng.TestNGDirectoryTestSuite.execute(TestNGDirectoryTestSuite.java:108)
	at org.apache.maven.surefire.testng.TestNGProvider.invoke(TestNGProvider.java:111)
	at org.apache.maven.surefire.booter.ForkedBooter.invokeProviderInSameClassLoader(ForkedBooter.java:203)
	at org.apache.maven.surefire.booter.ForkedBooter.runSuitesInProcess(ForkedBooter.java:155)
	at org.apache.maven.surefire.booter.ForkedBooter.main(ForkedBooter.java:103)
</failure>
  </testcase>
  <testcase name="testWithEmptyWalletAddress on testWithEmptyWalletAddress(com.mined.in.pool.account.eth.DwarfpoolAccountRequestorTest)" classname="com.mined.in.pool.account.eth.DwarfpoolAccountRequestorTest" time="0.003"/>
  <testcase name="testCorrectJsonResponseWithApiError on testCorrectJsonResponseWithApiError(com.mined.in.pool.account.eth.DwarfpoolAccountRequestorTest)" classname="com.mined.in.pool.account.eth.DwarfpoolAccountRequestorTest" time="0.003">
    <failure message="Expected exception: com.mined.in.pool.AccountRequestorException" type="java.lang.AssertionError">java.lang.AssertionError: Expected exception: com.mined.in.pool.AccountRequestorException
	at org.junit.internal.runners.statements.ExpectException.evaluate(ExpectException.java:32)
	at org.junit.runners.ParentRunner.runLeaf(ParentRunner.java:325)
	at org.junit.runners.BlockJUnit4ClassRunner.runChild(BlockJUnit4ClassRunner.java:78)
	at org.junit.runners.BlockJUnit4ClassRunner.runChild(BlockJUnit4ClassRunner.java:57)
	at org.junit.runners.ParentRunner$3.run(ParentRunner.java:290)
	at org.junit.runners.ParentRunner$1.schedule(ParentRunner.java:71)
	at org.junit.runners.ParentRunner.runChildren(ParentRunner.java:288)
	at org.junit.runners.ParentRunner.access$000(ParentRunner.java:58)
	at org.junit.runners.ParentRunner$2.evaluate(ParentRunner.java:268)
	at org.junit.runners.ParentRunner.run(ParentRunner.java:363)
	at org.junit.runner.JUnitCore.run(JUnitCore.java:137)
	at org.junit.runner.JUnitCore.run(JUnitCore.java:115)
	at org.testng.junit.JUnit4TestRunner.start(JUnit4TestRunner.java:81)
	at org.testng.junit.JUnit4TestRunner.run(JUnit4TestRunner.java:69)
	at org.testng.TestRunner$1.run(TestRunner.java:682)
	at org.testng.TestRunner.runWorkers(TestRunner.java:1008)
	at org.testng.TestRunner.privateRunJUnit(TestRunner.java:713)
	at org.testng.TestRunner.run(TestRunner.java:614)
	at org.testng.SuiteRunner.runTest(SuiteRunner.java:348)
	at org.testng.SuiteRunner.runSequentially(SuiteRunner.java:343)
	at org.testng.SuiteRunner.privateRun(SuiteRunner.java:305)
	at org.testng.SuiteRunner.run(SuiteRunner.java:254)
	at org.testng.SuiteRunnerWorker.runSuite(SuiteRunnerWorker.java:52)
	at org.testng.SuiteRunnerWorker.run(SuiteRunnerWorker.java:86)
	at org.testng.TestNG.runSuitesSequentially(TestNG.java:1224)
	at org.testng.TestNG.runSuitesLocally(TestNG.java:1149)
	at org.testng.TestNG.run(TestNG.java:1057)
	at org.apache.maven.surefire.testng.TestNGExecutor.run(TestNGExecutor.java:115)
	at org.apache.maven.surefire.testng.TestNGDirectoryTestSuite.executeMulti(TestNGDirectoryTestSuite.java:212)
	at org.apache.maven.surefire.testng.TestNGDirectoryTestSuite.execute(TestNGDirectoryTestSuite.java:108)
	at org.apache.maven.surefire.testng.TestNGProvider.invoke(TestNGProvider.java:111)
	at org.apache.maven.surefire.booter.ForkedBooter.invokeProviderInSameClassLoader(ForkedBooter.java:203)
	at org.apache.maven.surefire.booter.ForkedBooter.runSuitesInProcess(ForkedBooter.java:155)
	at org.apache.maven.surefire.booter.ForkedBooter.main(ForkedBooter.java:103)
</failure>
  </testcase>
  <testcase name="testCorrectJsonResponse on testCorrectJsonResponse(com.mined.in.pool.account.eth.DwarfpoolAccountRequestorTest)" classname="com.mined.in.pool.account.eth.DwarfpoolAccountRequestorTest" time="0.003"/>
  <testcase name="testEmptyResponse on testEmptyResponse(com.mined.in.pool.account.eth.EthermineAccountRequestorTest)" classname="com.mined.in.pool.account.eth.EthermineAccountRequestorTest" time="0.004"/>
  <testcase name="test500HttpError on test500HttpError(com.mined.in.pool.account.eth.EthermineAccountRequestorTest)" classname="com.mined.in.pool.account.eth.EthermineAccountRequestorTest" time="0.003"/>
  <testcase name="testWithEmptyWalletAddress on testWithEmptyWalletAddress(com.mined.in.pool.account.eth.EthermineAccountRequestorTest)" classname="com.mined.in.pool.account.eth.EthermineAccountRequestorTest" time="0.002"/>
  <testcase name="testCorrectJsonResponseWithApiError on testCorrectJsonResponseWithApiError(com.mined.in.pool.account.eth.EthermineAccountRequestorTest)" classname="com.mined.in.pool.account.eth.EthermineAccountRequestorTest" time="0.002"/>
  <testcase name="testCorrectJsonResponse on testCorrectJsonResponse(com.mined.in.pool.account.eth.EthermineAccountRequestorTest)" classname="com.mined.in.pool.account.eth.EthermineAccountRequestorTest" time="0.004"/>
  <testcase name="testEmptyResponse on testEmptyResponse(com.mined.in.pool.account.eth.NanopoolAccountRequestorTest)" classname="com.mined.in.pool.account.eth.NanopoolAccountRequestorTest" time="0.004"/>
  <testcase name="test500HttpError on test500HttpError(com.mined.in.pool.account.eth.NanopoolAccountRequestorTest)" classname="com.mined.in.pool.account.eth.NanopoolAccountRequestorTest" time="0.002"/>
  <testcase name="testWithEmptyWalletAddress on testWithEmptyWalletAddress(com.mined.in.pool.account.eth.NanopoolAccountRequestorTest)" classname="com.mined.in.pool.account.eth.NanopoolAccountRequestorTest" time="0.002"/>
  <testcase name="testCorrectJsonResponseWithApiError on testCorrectJsonResponseWithApiError(com.mined.in.pool.account.eth.NanopoolAccountRequestorTest)" classname="com.mined.in.pool.account.eth.NanopoolAccountRequestorTest" time="0.003"/>
  <testcase name="testCorrectJsonResponse on testCorrectJsonResponse(com.mined.in.pool.account.eth.NanopoolAccountRequestorTest)" classname="com.mined.in.pool.account.eth.NanopoolAccountRequestorTest" time="0.004"/>
  <testcase name="testEmptyResponse on testEmptyResponse(com.mined.in.market.coinmarketcap.eth.CoinMarketCapMarketRequestorTest)" classname="com.mined.in.market.coinmarketcap.eth.CoinMarketCapMarketRequestorTest" time="0.003"/>
  <testcase name="test500HttpError on test500HttpError(com.mined.in.market.coinmarketcap.eth.CoinMarketCapMarketRequestorTest)" classname="com.mined.in.market.coinmarketcap.eth.CoinMarketCapMarketRequestorTest" time="0.003"/>
  <testcase name="testCorrectJsonResponse on testCorrectJsonResponse(com.mined.in.market.coinmarketcap.eth.CoinMarketCapMarketRequestorTest)" classname="com.mined.in.market.coinmarketcap.eth.CoinMarketCapMarketRequestorTest" time="0"/>
  <testcase name="contextLoads on contextLoads(com.mined.in.MinedInApplicationTests)" classname="com.mined.in.MinedInApplicationTests" time="0.04"/>
</testsuite>