<?xml version="1.0" encoding="UTF-8"?>
<testsuite xmlns:xsi="http://www.w3.org/2001/XMLSchema-instance" xsi:noNamespaceSchemaLocation="https://maven.apache.org/surefire/maven-surefire-plugin/xsd/surefire-test-report.xsd" name="com.app.login.service.MailServiceMockitoTest" time="0.411" tests="3" errors="0" skipped="0" failures="0">
  <properties>
    <property name="awt.toolkit" value="sun.awt.X11.XToolkit"/>
    <property name="file.encoding.pkg" value="sun.io"/>
    <property name="java.specification.version" value="1.8"/>
    <property name="sun.cpu.isalist" value=""/>
    <property name="sun.jnu.encoding" value="UTF-8"/>
    <property name="java.class.path" value="/root/workspace/megadotnet/SpringBootDemoApp/371076891/target/test-classes:/root/workspace/megadotnet/SpringBootDemoApp/371076891/target/classes:/root/./workspace/megadotnet/SpringBootDemoApp/371076891/.m2/org/springframework/boot/spring-boot-starter-web/2.0.1.RELEASE/spring-boot-starter-web-2.0.1.RELEASE.jar:/root/./workspace/megadotnet/SpringBootDemoApp/371076891/.m2/org/springframework/boot/spring-boot-starter/2.0.1.RELEASE/spring-boot-starter-2.0.1.RELEASE.jar:/root/./workspace/megadotnet/SpringBootDemoApp/371076891/.m2/org/springframework/boot/spring-boot/2.0.1.RELEASE/spring-boot-2.0.1.RELEASE.jar:/root/./workspace/megadotnet/SpringBootDemoApp/371076891/.m2/org/springframework/boot/spring-boot-starter-logging/2.0.1.RELEASE/spring-boot-starter-logging-2.0.1.RELEASE.jar:/root/./workspace/megadotnet/SpringBootDemoApp/371076891/.m2/ch/qos/logback/logback-classic/1.2.3/logback-classic-1.2.3.jar:/root/./workspace/megadotnet/SpringBootDemoApp/371076891/.m2/ch/qos/logback/logback-core/1.2.3/logback-core-1.2.3.jar:/root/./workspace/megadotnet/SpringBootDemoApp/371076891/.m2/org/apache/logging/log4j/log4j-to-slf4j/2.10.0/log4j-to-slf4j-2.10.0.jar:/root/./workspace/megadotnet/SpringBootDemoApp/371076891/.m2/org/apache/logging/log4j/log4j-api/2.10.0/log4j-api-2.10.0.jar:/root/./workspace/megadotnet/SpringBootDemoApp/371076891/.m2/org/slf4j/jul-to-slf4j/1.7.25/jul-to-slf4j-1.7.25.jar:/root/./workspace/megadotnet/SpringBootDemoApp/371076891/.m2/javax/annotation/javax.annotation-api/1.3.2/javax.annotation-api-1.3.2.jar:/root/./workspace/megadotnet/SpringBootDemoApp/371076891/.m2/org/yaml/snakeyaml/1.19/snakeyaml-1.19.jar:/root/./workspace/megadotnet/SpringBootDemoApp/371076891/.m2/org/springframework/boot/spring-boot-starter-json/2.0.1.RELEASE/spring-boot-starter-json-2.0.1.RELEASE.jar:/root/./workspace/megadotnet/SpringBootDemoApp/371076891/.m2/com/fasterxml/jackson/datatype/jackson-datatype-jdk8/2.9.5/jackson-datatype-jdk8-2.9.5.jar:/root/./workspace/megadotnet/SpringBootDemoApp/371076891/.m2/com/fasterxml/jackson/datatype/jackson-datatype-jsr310/2.9.5/jackson-datatype-jsr310-2.9.5.jar:/root/./workspace/megadotnet/SpringBootDemoApp/371076891/.m2/com/fasterxml/jackson/module/jackson-module-parameter-names/2.9.5/jackson-module-parameter-names-2.9.5.jar:/root/./workspace/megadotnet/SpringBootDemoApp/371076891/.m2/org/springframework/boot/spring-boot-starter-tomcat/2.0.1.RELEASE/spring-boot-starter-tomcat-2.0.1.RELEASE.jar:/root/./workspace/megadotnet/SpringBootDemoApp/371076891/.m2/org/apache/tomcat/embed/tomcat-embed-core/8.5.29/tomcat-embed-core-8.5.29.jar:/root/./workspace/megadotnet/SpringBootDemoApp/371076891/.m2/org/apache/tomcat/embed/tomcat-embed-el/8.5.29/tomcat-embed-el-8.5.29.jar:/root/./workspace/megadotnet/SpringBootDemoApp/371076891/.m2/org/apache/tomcat/embed/tomcat-embed-websocket/8.5.29/tomcat-embed-websocket-8.5.29.jar:/root/./workspace/megadotnet/SpringBootDemoApp/371076891/.m2/org/hibernate/validator/hibernate-validator/6.0.9.Final/hibernate-validator-6.0.9.Final.jar:/root/./workspace/megadotnet/SpringBootDemoApp/371076891/.m2/javax/validation/validation-api/2.0.1.Final/validation-api-2.0.1.Final.jar:/root/./workspace/megadotnet/SpringBootDemoApp/371076891/.m2/org/jboss/logging/jboss-logging/3.3.2.Final/jboss-logging-3.3.2.Final.jar:/root/./workspace/megadotnet/SpringBootDemoApp/371076891/.m2/org/springframework/spring-web/5.0.5.RELEASE/spring-web-5.0.5.RELEASE.jar:/root/./workspace/megadotnet/SpringBootDemoApp/371076891/.m2/org/springframework/spring-beans/5.0.5.RELEASE/spring-beans-5.0.5.RELEASE.jar:/root/./workspace/megadotnet/SpringBootDemoApp/371076891/.m2/org/springframework/spring-webmvc/5.0.5.RELEASE/spring-webmvc-5.0.5.RELEASE.jar:/root/./workspace/megadotnet/SpringBootDemoApp/371076891/.m2/org/springframework/spring-expression/5.0.5.RELEASE/spring-expression-5.0.5.RELEASE.jar:/root/./workspace/megadotnet/SpringBootDemoApp/371076891/.m2/org/springframework/boot/spring-boot-starter-mail/2.0.1.RELEASE/spring-boot-starter-mail-2.0.1.RELEASE.jar:/root/./workspace/megadotnet/SpringBootDemoApp/371076891/.m2/org/springframework/spring-context/5.0.5.RELEASE/spring-context-5.0.5.RELEASE.jar:/root/./workspace/megadotnet/SpringBootDemoApp/371076891/.m2/org/springframework/spring-context-support/5.0.5.RELEASE/spring-context-support-5.0.5.RELEASE.jar:/root/./workspace/megadotnet/SpringBootDemoApp/371076891/.m2/com/sun/mail/javax.mail/1.6.1/javax.mail-1.6.1.jar:/root/./workspace/megadotnet/SpringBootDemoApp/371076891/.m2/javax/activation/activation/1.1/activation-1.1.jar:/root/./workspace/megadotnet/SpringBootDemoApp/371076891/.m2/commons-io/commons-io/2.4/commons-io-2.4.jar:/root/./workspace/megadotnet/SpringBootDemoApp/371076891/.m2/org/apache/commons/commons-lang3/3.5/commons-lang3-3.5.jar:/root/./workspace/megadotnet/SpringBootDemoApp/371076891/.m2/io/jsonwebtoken/jjwt/0.6.0/jjwt-0.6.0.jar:/root/./workspace/megadotnet/SpringBootDemoApp/371076891/.m2/com/fasterxml/jackson/core/jackson-databind/2.9.5/jackson-databind-2.9.5.jar:/root/./workspace/megadotnet/SpringBootDemoApp/371076891/.m2/com/fasterxml/jackson/core/jackson-annotations/2.9.0/jackson-annotations-2.9.0.jar:/root/./workspace/megadotnet/SpringBootDemoApp/371076891/.m2/com/fasterxml/jackson/core/jackson-core/2.9.5/jackson-core-2.9.5.jar:/root/./workspace/megadotnet/SpringBootDemoApp/371076891/.m2/junit/junit/4.12/junit-4.12.jar:/root/./workspace/megadotnet/SpringBootDemoApp/371076891/.m2/org/hamcrest/hamcrest-core/1.3/hamcrest-core-1.3.jar:/root/./workspace/megadotnet/SpringBootDemoApp/371076891/.m2/org/springframework/boot/spring-boot-starter-test/2.0.1.RELEASE/spring-boot-starter-test-2.0.1.RELEASE.jar:/root/./workspace/megadotnet/SpringBootDemoApp/371076891/.m2/org/springframework/boot/spring-boot-test/2.0.1.RELEASE/spring-boot-test-2.0.1.RELEASE.jar:/root/./workspace/megadotnet/SpringBootDemoApp/371076891/.m2/org/springframework/boot/spring-boot-test-autoconfigure/2.0.1.RELEASE/spring-boot-test-autoconfigure-2.0.1.RELEASE.jar:/root/./workspace/megadotnet/SpringBootDemoApp/371076891/.m2/com/jayway/jsonpath/json-path/2.4.0/json-path-2.4.0.jar:/root/./workspace/megadotnet/SpringBootDemoApp/371076891/.m2/net/minidev/json-smart/2.3/json-smart-2.3.jar:/root/./workspace/megadotnet/SpringBootDemoApp/371076891/.m2/net/minidev/accessors-smart/1.2/accessors-smart-1.2.jar:/root/./workspace/megadotnet/SpringBootDemoApp/371076891/.m2/org/ow2/asm/asm/5.0.4/asm-5.0.4.jar:/root/./workspace/megadotnet/SpringBootDemoApp/371076891/.m2/org/assertj/assertj-core/3.9.1/assertj-core-3.9.1.jar:/root/./workspace/megadotnet/SpringBootDemoApp/371076891/.m2/org/mockito/mockito-core/2.15.0/mockito-core-2.15.0.jar:/root/./workspace/megadotnet/SpringBootDemoApp/371076891/.m2/net/bytebuddy/byte-buddy/1.7.11/byte-buddy-1.7.11.jar:/root/./workspace/megadotnet/SpringBootDemoApp/371076891/.m2/net/bytebuddy/byte-buddy-agent/1.7.11/byte-buddy-agent-1.7.11.jar:/root/./workspace/megadotnet/SpringBootDemoApp/371076891/.m2/org/objenesis/objenesis/2.6/objenesis-2.6.jar:/root/./workspace/megadotnet/SpringBootDemoApp/371076891/.m2/org/hamcrest/hamcrest-library/1.3/hamcrest-library-1.3.jar:/root/./workspace/megadotnet/SpringBootDemoApp/371076891/.m2/org/skyscreamer/jsonassert/1.5.0/jsonassert-1.5.0.jar:/root/./workspace/megadotnet/SpringBootDemoApp/371076891/.m2/com/vaadin/external/google/android-json/0.0.20131108.vaadin1/android-json-0.0.20131108.vaadin1.jar:/root/./workspace/megadotnet/SpringBootDemoApp/371076891/.m2/org/springframework/spring-core/5.0.5.RELEASE/spring-core-5.0.5.RELEASE.jar:/root/./workspace/megadotnet/SpringBootDemoApp/371076891/.m2/org/springframework/spring-jcl/5.0.5.RELEASE/spring-jcl-5.0.5.RELEASE.jar:/root/./workspace/megadotnet/SpringBootDemoApp/371076891/.m2/org/springframework/spring-test/5.0.5.RELEASE/spring-test-5.0.5.RELEASE.jar:/root/./workspace/megadotnet/SpringBootDemoApp/371076891/.m2/org/xmlunit/xmlunit-core/2.5.1/xmlunit-core-2.5.1.jar:/root/./workspace/megadotnet/SpringBootDemoApp/371076891/.m2/org/springframework/boot/spring-boot-starter-data-jpa/2.0.1.RELEASE/spring-boot-starter-data-jpa-2.0.1.RELEASE.jar:/root/./workspace/megadotnet/SpringBootDemoApp/371076891/.m2/org/springframework/boot/spring-boot-starter-aop/2.0.1.RELEASE/spring-boot-starter-aop-2.0.1.RELEASE.jar:/root/./workspace/megadotnet/SpringBootDemoApp/371076891/.m2/org/aspectj/aspectjweaver/1.8.13/aspectjweaver-1.8.13.jar:/root/./workspace/megadotnet/SpringBootDemoApp/371076891/.m2/org/springframework/boot/spring-boot-starter-jdbc/2.0.1.RELEASE/spring-boot-starter-jdbc-2.0.1.RELEASE.jar:/root/./workspace/megadotnet/SpringBootDemoApp/371076891/.m2/com/zaxxer/HikariCP/2.7.8/HikariCP-2.7.8.jar:/root/./workspace/megadotnet/SpringBootDemoApp/371076891/.m2/org/springframework/spring-jdbc/5.0.5.RELEASE/spring-jdbc-5.0.5.RELEASE.jar:/root/./workspace/megadotnet/SpringBootDemoApp/371076891/.m2/org/hibernate/hibernate-core/5.2.16.Final/hibernate-core-5.2.16.Final.jar:/root/./workspace/megadotnet/SpringBootDemoApp/371076891/.m2/org/hibernate/javax/persistence/hibernate-jpa-2.1-api/1.0.0.Final/hibernate-jpa-2.1-api-1.0.0.Final.jar:/root/./workspace/megadotnet/SpringBootDemoApp/371076891/.m2/org/javassist/javassist/3.22.0-GA/javassist-3.22.0-GA.jar:/root/./workspace/megadotnet/SpringBootDemoApp/371076891/.m2/antlr/antlr/2.7.7/antlr-2.7.7.jar:/root/./workspace/megadotnet/SpringBootDemoApp/371076891/.m2/org/jboss/jandex/2.0.3.Final/jandex-2.0.3.Final.jar:/root/./workspace/megadotnet/SpringBootDemoApp/371076891/.m2/dom4j/dom4j/1.6.1/dom4j-1.6.1.jar:/root/./workspace/megadotnet/SpringBootDemoApp/371076891/.m2/org/hibernate/common/hibernate-commons-annotations/5.0.1.Final/hibernate-commons-annotations-5.0.1.Final.jar:/root/./workspace/megadotnet/SpringBootDemoApp/371076891/.m2/javax/transaction/javax.transaction-api/1.2/javax.transaction-api-1.2.jar:/root/./workspace/megadotnet/SpringBootDemoApp/371076891/.m2/org/springframework/data/spring-data-jpa/2.0.6.RELEASE/spring-data-jpa-2.0.6.RELEASE.jar:/root/./workspace/megadotnet/SpringBootDemoApp/371076891/.m2/org/springframework/spring-orm/5.0.5.RELEASE/spring-orm-5.0.5.RELEASE.jar:/root/./workspace/megadotnet/SpringBootDemoApp/371076891/.m2/org/springframework/spring-tx/5.0.5.RELEASE/spring-tx-5.0.5.RELEASE.jar:/root/./workspace/megadotnet/SpringBootDemoApp/371076891/.m2/org/springframework/spring-aspects/5.0.5.RELEASE/spring-aspects-5.0.5.RELEASE.jar:/root/./workspace/megadotnet/SpringBootDemoApp/371076891/.m2/com/h2database/h2/1.4.197/h2-1.4.197.jar:/root/./workspace/megadotnet/SpringBootDemoApp/371076891/.m2/org/springframework/boot/spring-boot-starter-thymeleaf/2.0.1.RELEASE/spring-boot-starter-thymeleaf-2.0.1.RELEASE.jar:/root/./workspace/megadotnet/SpringBootDemoApp/371076891/.m2/org/thymeleaf/thymeleaf-spring5/3.0.9.RELEASE/thymeleaf-spring5-3.0.9.RELEASE.jar:/root/./workspace/megadotnet/SpringBootDemoApp/371076891/.m2/org/thymeleaf/thymeleaf/3.0.9.RELEASE/thymeleaf-3.0.9.RELEASE.jar:/root/./workspace/megadotnet/SpringBootDemoApp/371076891/.m2/org/attoparser/attoparser/2.0.4.RELEASE/attoparser-2.0.4.RELEASE.jar:/root/./workspace/megadotnet/SpringBootDemoApp/371076891/.m2/org/unbescape/unbescape/1.1.5.RELEASE/unbescape-1.1.5.RELEASE.jar:/root/./workspace/megadotnet/SpringBootDemoApp/371076891/.m2/org/thymeleaf/extras/thymeleaf-extras-java8time/3.0.1.RELEASE/thymeleaf-extras-java8time-3.0.1.RELEASE.jar:/root/./workspace/megadotnet/SpringBootDemoApp/371076891/.m2/org/springframework/boot/spring-boot-starter-security/2.0.1.RELEASE/spring-boot-starter-security-2.0.1.RELEASE.jar:/root/./workspace/megadotnet/SpringBootDemoApp/371076891/.m2/org/springframework/spring-aop/5.0.5.RELEASE/spring-aop-5.0.5.RELEASE.jar:/root/./workspace/megadotnet/SpringBootDemoApp/371076891/.m2/org/springframework/security/spring-security-config/5.0.4.RELEASE/spring-security-config-5.0.4.RELEASE.jar:/root/./workspace/megadotnet/SpringBootDemoApp/371076891/.m2/org/springframework/security/spring-security-web/5.0.4.RELEASE/spring-security-web-5.0.4.RELEASE.jar:/root/./workspace/megadotnet/SpringBootDemoApp/371076891/.m2/org/springframework/security/spring-security-data/5.0.4.RELEASE/spring-security-data-5.0.4.RELEASE.jar:/root/./workspace/megadotnet/SpringBootDemoApp/371076891/.m2/javax/xml/bind/jaxb-api/2.3.0/jaxb-api-2.3.0.jar:/root/./workspace/megadotnet/SpringBootDemoApp/371076891/.m2/org/springframework/data/spring-data-commons/2.0.6.RELEASE/spring-data-commons-2.0.6.RELEASE.jar:/root/./workspace/megadotnet/SpringBootDemoApp/371076891/.m2/org/springframework/security/spring-security-core/5.0.4.RELEASE/spring-security-core-5.0.4.RELEASE.jar:/root/./workspace/megadotnet/SpringBootDemoApp/371076891/.m2/org/springframework/boot/spring-boot-starter-actuator/2.0.1.RELEASE/spring-boot-starter-actuator-2.0.1.RELEASE.jar:/root/./workspace/megadotnet/SpringBootDemoApp/371076891/.m2/org/springframework/boot/spring-boot-actuator-autoconfigure/2.0.1.RELEASE/spring-boot-actuator-autoconfigure-2.0.1.RELEASE.jar:/root/./workspace/megadotnet/SpringBootDemoApp/371076891/.m2/org/springframework/boot/spring-boot-actuator/2.0.1.RELEASE/spring-boot-actuator-2.0.1.RELEASE.jar:/root/./workspace/megadotnet/SpringBootDemoApp/371076891/.m2/io/micrometer/micrometer-core/1.0.3/micrometer-core-1.0.3.jar:/root/./workspace/megadotnet/SpringBootDemoApp/371076891/.m2/org/hdrhistogram/HdrHistogram/2.1.10/HdrHistogram-2.1.10.jar:/root/./workspace/megadotnet/SpringBootDemoApp/371076891/.m2/org/latencyutils/LatencyUtils/2.0.3/LatencyUtils-2.0.3.jar:/root/./workspace/megadotnet/SpringBootDemoApp/371076891/.m2/io/springfox/springfox-swagger2/2.8.0/springfox-swagger2-2.8.0.jar:/root/./workspace/megadotnet/SpringBootDemoApp/371076891/.m2/io/swagger/swagger-annotations/1.5.14/swagger-annotations-1.5.14.jar:/root/./workspace/megadotnet/SpringBootDemoApp/371076891/.m2/io/swagger/swagger-models/1.5.14/swagger-models-1.5.14.jar:/root/./workspace/megadotnet/SpringBootDemoApp/371076891/.m2/io/springfox/springfox-spi/2.8.0/springfox-spi-2.8.0.jar:/root/./workspace/megadotnet/SpringBootDemoApp/371076891/.m2/io/springfox/springfox-core/2.8.0/springfox-core-2.8.0.jar:/root/./workspace/megadotnet/SpringBootDemoApp/371076891/.m2/io/springfox/springfox-schema/2.8.0/springfox-schema-2.8.0.jar:/root/./workspace/megadotnet/SpringBootDemoApp/371076891/.m2/io/springfox/springfox-swagger-common/2.8.0/springfox-swagger-common-2.8.0.jar:/root/./workspace/megadotnet/SpringBootDemoApp/371076891/.m2/io/springfox/springfox-spring-web/2.8.0/springfox-spring-web-2.8.0.jar:/root/./workspace/megadotnet/SpringBootDemoApp/371076891/.m2/org/reflections/reflections/0.9.11/reflections-0.9.11.jar:/root/./workspace/megadotnet/SpringBootDemoApp/371076891/.m2/com/google/guava/guava/20.0/guava-20.0.jar:/root/./workspace/megadotnet/SpringBootDemoApp/371076891/.m2/com/fasterxml/classmate/1.3.4/classmate-1.3.4.jar:/root/./workspace/megadotnet/SpringBootDemoApp/371076891/.m2/org/slf4j/slf4j-api/1.7.25/slf4j-api-1.7.25.jar:/root/./workspace/megadotnet/SpringBootDemoApp/371076891/.m2/org/springframework/plugin/spring-plugin-core/1.2.0.RELEASE/spring-plugin-core-1.2.0.RELEASE.jar:/root/./workspace/megadotnet/SpringBootDemoApp/371076891/.m2/org/springframework/plugin/spring-plugin-metadata/1.2.0.RELEASE/spring-plugin-metadata-1.2.0.RELEASE.jar:/root/./workspace/megadotnet/SpringBootDemoApp/371076891/.m2/org/mapstruct/mapstruct/1.2.0.Final/mapstruct-1.2.0.Final.jar:/root/./workspace/megadotnet/SpringBootDemoApp/371076891/.m2/io/springfox/springfox-swagger-ui/2.8.0/springfox-swagger-ui-2.8.0.jar:/root/./workspace/megadotnet/SpringBootDemoApp/371076891/.m2/org/mockito/mockito-all/1.10.19/mockito-all-1.10.19.jar:/root/./workspace/megadotnet/SpringBootDemoApp/371076891/.m2/com/alibaba/druid-spring-boot-starter/1.1.9/druid-spring-boot-starter-1.1.9.jar:/root/./workspace/megadotnet/SpringBootDemoApp/371076891/.m2/com/alibaba/druid/1.1.9/druid-1.1.9.jar:/root/./workspace/megadotnet/SpringBootDemoApp/371076891/.m2/org/springframework/boot/spring-boot-autoconfigure/2.0.1.RELEASE/spring-boot-autoconfigure-2.0.1.RELEASE.jar:/root/./workspace/megadotnet/SpringBootDemoApp/371076891/.m2/org/projectlombok/lombok/1.16.20/lombok-1.16.20.jar:/root/./workspace/megadotnet/SpringBootDemoApp/371076891/.m2/mysql/mysql-connector-java/6.0.6/mysql-connector-java-6.0.6.jar:"/>
    <property name="java.vm.vendor" value="Oracle Corporation"/>
    <property name="skip.bower" value="true"/>
    <property name="sun.arch.data.model" value="64"/>
    <property name="java.vendor.url" value="http://java.oracle.com/"/>
    <property name="user.timezone" value=""/>
    <property name="java.vm.specification.version" value="1.8"/>
    <property name="os.name" value="Linux"/>
    <property name="rat.skip" value="true"/>
    <property name="gpg.skip" value="true"/>
    <property name="sun.java.launcher" value="SUN_STANDARD"/>
    <property name="sun.boot.library.path" value="/usr/lib/jvm/java-8-openjdk-amd64/jre/lib/amd64"/>
    <property name="skip.gulp" value="true"/>
    <property name="sun.java.command" value="/root/workspace/megadotnet/SpringBootDemoApp/371076891/target/surefire/surefirebooter3073268718897850404.jar /root/workspace/megadotnet/SpringBootDemoApp/371076891/target/surefire 2018-04-25T16-02-56_222-jvmRun1 surefire4195451634370811748tmp surefire_02161385543903898271tmp"/>
    <property name="surefire.test.class.path" value="/root/workspace/megadotnet/SpringBootDemoApp/371076891/target/test-classes:/root/workspace/megadotnet/SpringBootDemoApp/371076891/target/classes:/root/./workspace/megadotnet/SpringBootDemoApp/371076891/.m2/org/springframework/boot/spring-boot-starter-web/2.0.1.RELEASE/spring-boot-starter-web-2.0.1.RELEASE.jar:/root/./workspace/megadotnet/SpringBootDemoApp/371076891/.m2/org/springframework/boot/spring-boot-starter/2.0.1.RELEASE/spring-boot-starter-2.0.1.RELEASE.jar:/root/./workspace/megadotnet/SpringBootDemoApp/371076891/.m2/org/springframework/boot/spring-boot/2.0.1.RELEASE/spring-boot-2.0.1.RELEASE.jar:/root/./workspace/megadotnet/SpringBootDemoApp/371076891/.m2/org/springframework/boot/spring-boot-starter-logging/2.0.1.RELEASE/spring-boot-starter-logging-2.0.1.RELEASE.jar:/root/./workspace/megadotnet/SpringBootDemoApp/371076891/.m2/ch/qos/logback/logback-classic/1.2.3/logback-classic-1.2.3.jar:/root/./workspace/megadotnet/SpringBootDemoApp/371076891/.m2/ch/qos/logback/logback-core/1.2.3/logback-core-1.2.3.jar:/root/./workspace/megadotnet/SpringBootDemoApp/371076891/.m2/org/apache/logging/log4j/log4j-to-slf4j/2.10.0/log4j-to-slf4j-2.10.0.jar:/root/./workspace/megadotnet/SpringBootDemoApp/371076891/.m2/org/apache/logging/log4j/log4j-api/2.10.0/log4j-api-2.10.0.jar:/root/./workspace/megadotnet/SpringBootDemoApp/371076891/.m2/org/slf4j/jul-to-slf4j/1.7.25/jul-to-slf4j-1.7.25.jar:/root/./workspace/megadotnet/SpringBootDemoApp/371076891/.m2/javax/annotation/javax.annotation-api/1.3.2/javax.annotation-api-1.3.2.jar:/root/./workspace/megadotnet/SpringBootDemoApp/371076891/.m2/org/yaml/snakeyaml/1.19/snakeyaml-1.19.jar:/root/./workspace/megadotnet/SpringBootDemoApp/371076891/.m2/org/springframework/boot/spring-boot-starter-json/2.0.1.RELEASE/spring-boot-starter-json-2.0.1.RELEASE.jar:/root/./workspace/megadotnet/SpringBootDemoApp/371076891/.m2/com/fasterxml/jackson/datatype/jackson-datatype-jdk8/2.9.5/jackson-datatype-jdk8-2.9.5.jar:/root/./workspace/megadotnet/SpringBootDemoApp/371076891/.m2/com/fasterxml/jackson/datatype/jackson-datatype-jsr310/2.9.5/jackson-datatype-jsr310-2.9.5.jar:/root/./workspace/megadotnet/SpringBootDemoApp/371076891/.m2/com/fasterxml/jackson/module/jackson-module-parameter-names/2.9.5/jackson-module-parameter-names-2.9.5.jar:/root/./workspace/megadotnet/SpringBootDemoApp/371076891/.m2/org/springframework/boot/spring-boot-starter-tomcat/2.0.1.RELEASE/spring-boot-starter-tomcat-2.0.1.RELEASE.jar:/root/./workspace/megadotnet/SpringBootDemoApp/371076891/.m2/org/apache/tomcat/embed/tomcat-embed-core/8.5.29/tomcat-embed-core-8.5.29.jar:/root/./workspace/megadotnet/SpringBootDemoApp/371076891/.m2/org/apache/tomcat/embed/tomcat-embed-el/8.5.29/tomcat-embed-el-8.5.29.jar:/root/./workspace/megadotnet/SpringBootDemoApp/371076891/.m2/org/apache/tomcat/embed/tomcat-embed-websocket/8.5.29/tomcat-embed-websocket-8.5.29.jar:/root/./workspace/megadotnet/SpringBootDemoApp/371076891/.m2/org/hibernate/validator/hibernate-validator/6.0.9.Final/hibernate-validator-6.0.9.Final.jar:/root/./workspace/megadotnet/SpringBootDemoApp/371076891/.m2/javax/validation/validation-api/2.0.1.Final/validation-api-2.0.1.Final.jar:/root/./workspace/megadotnet/SpringBootDemoApp/371076891/.m2/org/jboss/logging/jboss-logging/3.3.2.Final/jboss-logging-3.3.2.Final.jar:/root/./workspace/megadotnet/SpringBootDemoApp/371076891/.m2/org/springframework/spring-web/5.0.5.RELEASE/spring-web-5.0.5.RELEASE.jar:/root/./workspace/megadotnet/SpringBootDemoApp/371076891/.m2/org/springframework/spring-beans/5.0.5.RELEASE/spring-beans-5.0.5.RELEASE.jar:/root/./workspace/megadotnet/SpringBootDemoApp/371076891/.m2/org/springframework/spring-webmvc/5.0.5.RELEASE/spring-webmvc-5.0.5.RELEASE.jar:/root/./workspace/megadotnet/SpringBootDemoApp/371076891/.m2/org/springframework/spring-expression/5.0.5.RELEASE/spring-expression-5.0.5.RELEASE.jar:/root/./workspace/megadotnet/SpringBootDemoApp/371076891/.m2/org/springframework/boot/spring-boot-starter-mail/2.0.1.RELEASE/spring-boot-starter-mail-2.0.1.RELEASE.jar:/root/./workspace/megadotnet/SpringBootDemoApp/371076891/.m2/org/springframework/spring-context/5.0.5.RELEASE/spring-context-5.0.5.RELEASE.jar:/root/./workspace/megadotnet/SpringBootDemoApp/371076891/.m2/org/springframework/spring-context-support/5.0.5.RELEASE/spring-context-support-5.0.5.RELEASE.jar:/root/./workspace/megadotnet/SpringBootDemoApp/371076891/.m2/com/sun/mail/javax.mail/1.6.1/javax.mail-1.6.1.jar:/root/./workspace/megadotnet/SpringBootDemoApp/371076891/.m2/javax/activation/activation/1.1/activation-1.1.jar:/root/./workspace/megadotnet/SpringBootDemoApp/371076891/.m2/commons-io/commons-io/2.4/commons-io-2.4.jar:/root/./workspace/megadotnet/SpringBootDemoApp/371076891/.m2/org/apache/commons/commons-lang3/3.5/commons-lang3-3.5.jar:/root/./workspace/megadotnet/SpringBootDemoApp/371076891/.m2/io/jsonwebtoken/jjwt/0.6.0/jjwt-0.6.0.jar:/root/./workspace/megadotnet/SpringBootDemoApp/371076891/.m2/com/fasterxml/jackson/core/jackson-databind/2.9.5/jackson-databind-2.9.5.jar:/root/./workspace/megadotnet/SpringBootDemoApp/371076891/.m2/com/fasterxml/jackson/core/jackson-annotations/2.9.0/jackson-annotations-2.9.0.jar:/root/./workspace/megadotnet/SpringBootDemoApp/371076891/.m2/com/fasterxml/jackson/core/jackson-core/2.9.5/jackson-core-2.9.5.jar:/root/./workspace/megadotnet/SpringBootDemoApp/371076891/.m2/junit/junit/4.12/junit-4.12.jar:/root/./workspace/megadotnet/SpringBootDemoApp/371076891/.m2/org/hamcrest/hamcrest-core/1.3/hamcrest-core-1.3.jar:/root/./workspace/megadotnet/SpringBootDemoApp/371076891/.m2/org/springframework/boot/spring-boot-starter-test/2.0.1.RELEASE/spring-boot-starter-test-2.0.1.RELEASE.jar:/root/./workspace/megadotnet/SpringBootDemoApp/371076891/.m2/org/springframework/boot/spring-boot-test/2.0.1.RELEASE/spring-boot-test-2.0.1.RELEASE.jar:/root/./workspace/megadotnet/SpringBootDemoApp/371076891/.m2/org/springframework/boot/spring-boot-test-autoconfigure/2.0.1.RELEASE/spring-boot-test-autoconfigure-2.0.1.RELEASE.jar:/root/./workspace/megadotnet/SpringBootDemoApp/371076891/.m2/com/jayway/jsonpath/json-path/2.4.0/json-path-2.4.0.jar:/root/./workspace/megadotnet/SpringBootDemoApp/371076891/.m2/net/minidev/json-smart/2.3/json-smart-2.3.jar:/root/./workspace/megadotnet/SpringBootDemoApp/371076891/.m2/net/minidev/accessors-smart/1.2/accessors-smart-1.2.jar:/root/./workspace/megadotnet/SpringBootDemoApp/371076891/.m2/org/ow2/asm/asm/5.0.4/asm-5.0.4.jar:/root/./workspace/megadotnet/SpringBootDemoApp/371076891/.m2/org/assertj/assertj-core/3.9.1/assertj-core-3.9.1.jar:/root/./workspace/megadotnet/SpringBootDemoApp/371076891/.m2/org/mockito/mockito-core/2.15.0/mockito-core-2.15.0.jar:/root/./workspace/megadotnet/SpringBootDemoApp/371076891/.m2/net/bytebuddy/byte-buddy/1.7.11/byte-buddy-1.7.11.jar:/root/./workspace/megadotnet/SpringBootDemoApp/371076891/.m2/net/bytebuddy/byte-buddy-agent/1.7.11/byte-buddy-agent-1.7.11.jar:/root/./workspace/megadotnet/SpringBootDemoApp/371076891/.m2/org/objenesis/objenesis/2.6/objenesis-2.6.jar:/root/./workspace/megadotnet/SpringBootDemoApp/371076891/.m2/org/hamcrest/hamcrest-library/1.3/hamcrest-library-1.3.jar:/root/./workspace/megadotnet/SpringBootDemoApp/371076891/.m2/org/skyscreamer/jsonassert/1.5.0/jsonassert-1.5.0.jar:/root/./workspace/megadotnet/SpringBootDemoApp/371076891/.m2/com/vaadin/external/google/android-json/0.0.20131108.vaadin1/android-json-0.0.20131108.vaadin1.jar:/root/./workspace/megadotnet/SpringBootDemoApp/371076891/.m2/org/springframework/spring-core/5.0.5.RELEASE/spring-core-5.0.5.RELEASE.jar:/root/./workspace/megadotnet/SpringBootDemoApp/371076891/.m2/org/springframework/spring-jcl/5.0.5.RELEASE/spring-jcl-5.0.5.RELEASE.jar:/root/./workspace/megadotnet/SpringBootDemoApp/371076891/.m2/org/springframework/spring-test/5.0.5.RELEASE/spring-test-5.0.5.RELEASE.jar:/root/./workspace/megadotnet/SpringBootDemoApp/371076891/.m2/org/xmlunit/xmlunit-core/2.5.1/xmlunit-core-2.5.1.jar:/root/./workspace/megadotnet/SpringBootDemoApp/371076891/.m2/org/springframework/boot/spring-boot-starter-data-jpa/2.0.1.RELEASE/spring-boot-starter-data-jpa-2.0.1.RELEASE.jar:/root/./workspace/megadotnet/SpringBootDemoApp/371076891/.m2/org/springframework/boot/spring-boot-starter-aop/2.0.1.RELEASE/spring-boot-starter-aop-2.0.1.RELEASE.jar:/root/./workspace/megadotnet/SpringBootDemoApp/371076891/.m2/org/aspectj/aspectjweaver/1.8.13/aspectjweaver-1.8.13.jar:/root/./workspace/megadotnet/SpringBootDemoApp/371076891/.m2/org/springframework/boot/spring-boot-starter-jdbc/2.0.1.RELEASE/spring-boot-starter-jdbc-2.0.1.RELEASE.jar:/root/./workspace/megadotnet/SpringBootDemoApp/371076891/.m2/com/zaxxer/HikariCP/2.7.8/HikariCP-2.7.8.jar:/root/./workspace/megadotnet/SpringBootDemoApp/371076891/.m2/org/springframework/spring-jdbc/5.0.5.RELEASE/spring-jdbc-5.0.5.RELEASE.jar:/root/./workspace/megadotnet/SpringBootDemoApp/371076891/.m2/org/hibernate/hibernate-core/5.2.16.Final/hibernate-core-5.2.16.Final.jar:/root/./workspace/megadotnet/SpringBootDemoApp/371076891/.m2/org/hibernate/javax/persistence/hibernate-jpa-2.1-api/1.0.0.Final/hibernate-jpa-2.1-api-1.0.0.Final.jar:/root/./workspace/megadotnet/SpringBootDemoApp/371076891/.m2/org/javassist/javassist/3.22.0-GA/javassist-3.22.0-GA.jar:/root/./workspace/megadotnet/SpringBootDemoApp/371076891/.m2/antlr/antlr/2.7.7/antlr-2.7.7.jar:/root/./workspace/megadotnet/SpringBootDemoApp/371076891/.m2/org/jboss/jandex/2.0.3.Final/jandex-2.0.3.Final.jar:/root/./workspace/megadotnet/SpringBootDemoApp/371076891/.m2/dom4j/dom4j/1.6.1/dom4j-1.6.1.jar:/root/./workspace/megadotnet/SpringBootDemoApp/371076891/.m2/org/hibernate/common/hibernate-commons-annotations/5.0.1.Final/hibernate-commons-annotations-5.0.1.Final.jar:/root/./workspace/megadotnet/SpringBootDemoApp/371076891/.m2/javax/transaction/javax.transaction-api/1.2/javax.transaction-api-1.2.jar:/root/./workspace/megadotnet/SpringBootDemoApp/371076891/.m2/org/springframework/data/spring-data-jpa/2.0.6.RELEASE/spring-data-jpa-2.0.6.RELEASE.jar:/root/./workspace/megadotnet/SpringBootDemoApp/371076891/.m2/org/springframework/spring-orm/5.0.5.RELEASE/spring-orm-5.0.5.RELEASE.jar:/root/./workspace/megadotnet/SpringBootDemoApp/371076891/.m2/org/springframework/spring-tx/5.0.5.RELEASE/spring-tx-5.0.5.RELEASE.jar:/root/./workspace/megadotnet/SpringBootDemoApp/371076891/.m2/org/springframework/spring-aspects/5.0.5.RELEASE/spring-aspects-5.0.5.RELEASE.jar:/root/./workspace/megadotnet/SpringBootDemoApp/371076891/.m2/com/h2database/h2/1.4.197/h2-1.4.197.jar:/root/./workspace/megadotnet/SpringBootDemoApp/371076891/.m2/org/springframework/boot/spring-boot-starter-thymeleaf/2.0.1.RELEASE/spring-boot-starter-thymeleaf-2.0.1.RELEASE.jar:/root/./workspace/megadotnet/SpringBootDemoApp/371076891/.m2/org/thymeleaf/thymeleaf-spring5/3.0.9.RELEASE/thymeleaf-spring5-3.0.9.RELEASE.jar:/root/./workspace/megadotnet/SpringBootDemoApp/371076891/.m2/org/thymeleaf/thymeleaf/3.0.9.RELEASE/thymeleaf-3.0.9.RELEASE.jar:/root/./workspace/megadotnet/SpringBootDemoApp/371076891/.m2/org/attoparser/attoparser/2.0.4.RELEASE/attoparser-2.0.4.RELEASE.jar:/root/./workspace/megadotnet/SpringBootDemoApp/371076891/.m2/org/unbescape/unbescape/1.1.5.RELEASE/unbescape-1.1.5.RELEASE.jar:/root/./workspace/megadotnet/SpringBootDemoApp/371076891/.m2/org/thymeleaf/extras/thymeleaf-extras-java8time/3.0.1.RELEASE/thymeleaf-extras-java8time-3.0.1.RELEASE.jar:/root/./workspace/megadotnet/SpringBootDemoApp/371076891/.m2/org/springframework/boot/spring-boot-starter-security/2.0.1.RELEASE/spring-boot-starter-security-2.0.1.RELEASE.jar:/root/./workspace/megadotnet/SpringBootDemoApp/371076891/.m2/org/springframework/spring-aop/5.0.5.RELEASE/spring-aop-5.0.5.RELEASE.jar:/root/./workspace/megadotnet/SpringBootDemoApp/371076891/.m2/org/springframework/security/spring-security-config/5.0.4.RELEASE/spring-security-config-5.0.4.RELEASE.jar:/root/./workspace/megadotnet/SpringBootDemoApp/371076891/.m2/org/springframework/security/spring-security-web/5.0.4.RELEASE/spring-security-web-5.0.4.RELEASE.jar:/root/./workspace/megadotnet/SpringBootDemoApp/371076891/.m2/org/springframework/security/spring-security-data/5.0.4.RELEASE/spring-security-data-5.0.4.RELEASE.jar:/root/./workspace/megadotnet/SpringBootDemoApp/371076891/.m2/javax/xml/bind/jaxb-api/2.3.0/jaxb-api-2.3.0.jar:/root/./workspace/megadotnet/SpringBootDemoApp/371076891/.m2/org/springframework/data/spring-data-commons/2.0.6.RELEASE/spring-data-commons-2.0.6.RELEASE.jar:/root/./workspace/megadotnet/SpringBootDemoApp/371076891/.m2/org/springframework/security/spring-security-core/5.0.4.RELEASE/spring-security-core-5.0.4.RELEASE.jar:/root/./workspace/megadotnet/SpringBootDemoApp/371076891/.m2/org/springframework/boot/spring-boot-starter-actuator/2.0.1.RELEASE/spring-boot-starter-actuator-2.0.1.RELEASE.jar:/root/./workspace/megadotnet/SpringBootDemoApp/371076891/.m2/org/springframework/boot/spring-boot-actuator-autoconfigure/2.0.1.RELEASE/spring-boot-actuator-autoconfigure-2.0.1.RELEASE.jar:/root/./workspace/megadotnet/SpringBootDemoApp/371076891/.m2/org/springframework/boot/spring-boot-actuator/2.0.1.RELEASE/spring-boot-actuator-2.0.1.RELEASE.jar:/root/./workspace/megadotnet/SpringBootDemoApp/371076891/.m2/io/micrometer/micrometer-core/1.0.3/micrometer-core-1.0.3.jar:/root/./workspace/megadotnet/SpringBootDemoApp/371076891/.m2/org/hdrhistogram/HdrHistogram/2.1.10/HdrHistogram-2.1.10.jar:/root/./workspace/megadotnet/SpringBootDemoApp/371076891/.m2/org/latencyutils/LatencyUtils/2.0.3/LatencyUtils-2.0.3.jar:/root/./workspace/megadotnet/SpringBootDemoApp/371076891/.m2/io/springfox/springfox-swagger2/2.8.0/springfox-swagger2-2.8.0.jar:/root/./workspace/megadotnet/SpringBootDemoApp/371076891/.m2/io/swagger/swagger-annotations/1.5.14/swagger-annotations-1.5.14.jar:/root/./workspace/megadotnet/SpringBootDemoApp/371076891/.m2/io/swagger/swagger-models/1.5.14/swagger-models-1.5.14.jar:/root/./workspace/megadotnet/SpringBootDemoApp/371076891/.m2/io/springfox/springfox-spi/2.8.0/springfox-spi-2.8.0.jar:/root/./workspace/megadotnet/SpringBootDemoApp/371076891/.m2/io/springfox/springfox-core/2.8.0/springfox-core-2.8.0.jar:/root/./workspace/megadotnet/SpringBootDemoApp/371076891/.m2/io/springfox/springfox-schema/2.8.0/springfox-schema-2.8.0.jar:/root/./workspace/megadotnet/SpringBootDemoApp/371076891/.m2/io/springfox/springfox-swagger-common/2.8.0/springfox-swagger-common-2.8.0.jar:/root/./workspace/megadotnet/SpringBootDemoApp/371076891/.m2/io/springfox/springfox-spring-web/2.8.0/springfox-spring-web-2.8.0.jar:/root/./workspace/megadotnet/SpringBootDemoApp/371076891/.m2/org/reflections/reflections/0.9.11/reflections-0.9.11.jar:/root/./workspace/megadotnet/SpringBootDemoApp/371076891/.m2/com/google/guava/guava/20.0/guava-20.0.jar:/root/./workspace/megadotnet/SpringBootDemoApp/371076891/.m2/com/fasterxml/classmate/1.3.4/classmate-1.3.4.jar:/root/./workspace/megadotnet/SpringBootDemoApp/371076891/.m2/org/slf4j/slf4j-api/1.7.25/slf4j-api-1.7.25.jar:/root/./workspace/megadotnet/SpringBootDemoApp/371076891/.m2/org/springframework/plugin/spring-plugin-core/1.2.0.RELEASE/spring-plugin-core-1.2.0.RELEASE.jar:/root/./workspace/megadotnet/SpringBootDemoApp/371076891/.m2/org/springframework/plugin/spring-plugin-metadata/1.2.0.RELEASE/spring-plugin-metadata-1.2.0.RELEASE.jar:/root/./workspace/megadotnet/SpringBootDemoApp/371076891/.m2/org/mapstruct/mapstruct/1.2.0.Final/mapstruct-1.2.0.Final.jar:/root/./workspace/megadotnet/SpringBootDemoApp/371076891/.m2/io/springfox/springfox-swagger-ui/2.8.0/springfox-swagger-ui-2.8.0.jar:/root/./workspace/megadotnet/SpringBootDemoApp/371076891/.m2/org/mockito/mockito-all/1.10.19/mockito-all-1.10.19.jar:/root/./workspace/megadotnet/SpringBootDemoApp/371076891/.m2/com/alibaba/druid-spring-boot-starter/1.1.9/druid-spring-boot-starter-1.1.9.jar:/root/./workspace/megadotnet/SpringBootDemoApp/371076891/.m2/com/alibaba/druid/1.1.9/druid-1.1.9.jar:/root/./workspace/megadotnet/SpringBootDemoApp/371076891/.m2/org/springframework/boot/spring-boot-autoconfigure/2.0.1.RELEASE/spring-boot-autoconfigure-2.0.1.RELEASE.jar:/root/./workspace/megadotnet/SpringBootDemoApp/371076891/.m2/org/projectlombok/lombok/1.16.20/lombok-1.16.20.jar:/root/./workspace/megadotnet/SpringBootDemoApp/371076891/.m2/mysql/mysql-connector-java/6.0.6/mysql-connector-java-6.0.6.jar:"/>
    <property name="sun.cpu.endian" value="little"/>
    <property name="user.home" value="/root"/>
    <property name="user.language" value="en"/>
    <property name="java.specification.vendor" value="Oracle Corporation"/>
    <property name="java.home" value="/usr/lib/jvm/java-8-openjdk-amd64/jre"/>
    <property name="basedir" value="/root/workspace/megadotnet/SpringBootDemoApp/371076891"/>
    <property name="file.separator" value="/"/>
    <property name="checkstyle.skip" value="true"/>
    <property name="line.separator" value="&#10;"/>
    <property name="skip.npm" value="true"/>
    <property name="java.vm.specification.vendor" value="Oracle Corporation"/>
    <property name="java.specification.name" value="Java Platform API Specification"/>
    <property name="java.awt.graphicsenv" value="sun.awt.X11GraphicsEnvironment"/>
    <property name="skipITs" value="true"/>
    <property name="surefire.real.class.path" value="/root/workspace/megadotnet/SpringBootDemoApp/371076891/target/surefire/surefirebooter3073268718897850404.jar"/>
    <property name="cobertura.skip" value="true"/>
    <property name="sun.boot.class.path" value="/usr/lib/jvm/java-8-openjdk-amd64/jre/lib/resources.jar:/usr/lib/jvm/java-8-openjdk-amd64/jre/lib/rt.jar:/usr/lib/jvm/java-8-openjdk-amd64/jre/lib/sunrsasign.jar:/usr/lib/jvm/java-8-openjdk-amd64/jre/lib/jsse.jar:/usr/lib/jvm/java-8-openjdk-amd64/jre/lib/jce.jar:/usr/lib/jvm/java-8-openjdk-amd64/jre/lib/charsets.jar:/usr/lib/jvm/java-8-openjdk-amd64/jre/lib/jfr.jar:/usr/lib/jvm/java-8-openjdk-amd64/jre/classes"/>
    <property name="sun.management.compiler" value="HotSpot 64-Bit Tiered Compilers"/>
    <property name="java.runtime.version" value="1.8.0_121-8u121-b13-1~bpo8+1-b13"/>
    <property name="user.name" value="root"/>
    <property name="findbugs.skip" value="true"/>
    <property name="path.separator" value=":"/>
    <property name="os.version" value="3.10.0-693.21.1.el7.x86_64"/>
    <property name="java.endorsed.dirs" value="/usr/lib/jvm/java-8-openjdk-amd64/jre/lib/endorsed"/>
    <property name="java.runtime.name" value="OpenJDK Runtime Environment"/>
    <property name="file.encoding" value="UTF-8"/>
    <property name="java.vm.name" value="OpenJDK 64-Bit Server VM"/>
    <property name="localRepository" value="/root/./workspace/megadotnet/SpringBootDemoApp/371076891/.m2"/>
    <property name="java.vendor.url.bug" value="http://bugreport.sun.com/bugreport/"/>
    <property name="java.io.tmpdir" value="/tmp"/>
    <property name="java.version" value="1.8.0_121"/>
    <property name="user.dir" value="/root/workspace/megadotnet/SpringBootDemoApp/371076891"/>
    <property name="os.arch" value="amd64"/>
    <property name="license.skip" value="true"/>
    <property name="java.vm.specification.name" value="Java Virtual Machine Specification"/>
    <property name="java.awt.printerjob" value="sun.print.PSPrinterJob"/>
    <property name="sun.os.patch.level" value="unknown"/>
    <property name="java.library.path" value="/usr/java/packages/lib/amd64:/usr/lib/x86_64-linux-gnu/jni:/lib/x86_64-linux-gnu:/usr/lib/x86_64-linux-gnu:/usr/lib/jni:/lib:/usr/lib"/>
    <property name="java.vm.info" value="mixed mode"/>
    <property name="java.vendor" value="Oracle Corporation"/>
    <property name="java.vm.version" value="25.121-b13"/>
    <property name="java.ext.dirs" value="/usr/lib/jvm/java-8-openjdk-amd64/jre/lib/ext:/usr/java/packages/lib/ext"/>
    <property name="sun.io.unicode.encoding" value="UnicodeLittle"/>
    <property name="maven.repo.local" value="/root/./workspace/megadotnet/SpringBootDemoApp/371076891/.m2"/>
    <property name="enforcer.skip" value="true"/>
    <property name="java.class.version" value="52.0"/>
  </properties>
  <testcase name="sendEmail" classname="com.app.login.service.MailServiceMockitoTest" time="0.011"/>
  <testcase name="sendEmailFromTemplate" classname="com.app.login.service.MailServiceMockitoTest" time="0.004"/>
  <testcase name="baseUrlInit" classname="com.app.login.service.MailServiceMockitoTest" time="0.003"/>
</testsuite>