<?xml version="1.0" encoding="UTF-8"?>
<testsuite xmlns:xsi="http://www.w3.org/2001/XMLSchema-instance" xsi:noNamespaceSchemaLocation="https://maven.apache.org/surefire/maven-surefire-plugin/xsd/surefire-test-report.xsd" name="jmri.configurexml.SchemaTest" time="10.132" tests="62" errors="0" skipped="0" failures="0">
  <properties>
    <property name="java.runtime.name" value="OpenJDK Runtime Environment"/>
    <property name="sun.boot.library.path" value="/usr/lib/jvm/java-8-openjdk-amd64/jre/lib/amd64"/>
    <property name="java.vm.version" value="25.121-b13"/>
    <property name="java.vm.vendor" value="Oracle Corporation"/>
    <property name="maven.multiModuleProjectDirectory" value="/root/workspace/JMRI/JMRI/386500808"/>
    <property name="java.vendor.url" value="http://java.oracle.com/"/>
    <property name="path.separator" value=":"/>
    <property name="guice.disable.misplaced.annotation.check" value="true"/>
    <property name="skip.gulp" value="true"/>
    <property name="java.vm.name" value="OpenJDK 64-Bit Server VM"/>
    <property name="file.encoding.pkg" value="sun.io"/>
    <property name="sun.java.launcher" value="SUN_STANDARD"/>
    <property name="sun.os.patch.level" value="unknown"/>
    <property name="findbugs.skip" value="true"/>
    <property name="java.vm.specification.name" value="Java Virtual Machine Specification"/>
    <property name="user.dir" value="/root/workspace/JMRI/JMRI/386500808"/>
    <property name="checkstyle.skip" value="true"/>
    <property name="java.runtime.version" value="1.8.0_121-8u121-b13-1~bpo8+1-b13"/>
    <property name="java.awt.graphicsenv" value="sun.awt.X11GraphicsEnvironment"/>
    <property name="skip.npm" value="true"/>
    <property name="java.endorsed.dirs" value="/usr/lib/jvm/java-8-openjdk-amd64/jre/lib/endorsed"/>
    <property name="os.arch" value="amd64"/>
    <property name="java.io.tmpdir" value="/tmp"/>
    <property name="gpg.skip" value="true"/>
    <property name="line.separator" value="&#10;"/>
    <property name="java.vm.specification.vendor" value="Oracle Corporation"/>
    <property name="cobertura.skip" value="true"/>
    <property name="os.name" value="Linux"/>
    <property name="classworlds.conf" value="/usr/share/maven/bin/m2.conf"/>
    <property name="sun.jnu.encoding" value="UTF-8"/>
    <property name="java.library.path" value="/usr/java/packages/lib/amd64:/usr/lib/x86_64-linux-gnu/jni:/lib/x86_64-linux-gnu:/usr/lib/x86_64-linux-gnu:/usr/lib/jni:/lib:/usr/lib"/>
    <property name="license.skip" value="true"/>
    <property name="java.specification.name" value="Java Platform API Specification"/>
    <property name="java.class.version" value="52.0"/>
    <property name="sun.management.compiler" value="HotSpot 64-Bit Tiered Compilers"/>
    <property name="skip.bower" value="true"/>
    <property name="maven.repo.local" value="/root/./workspace/JMRI/JMRI/386500808/.m2"/>
    <property name="os.version" value="3.10.0-862.2.3.el7.x86_64"/>
    <property name="user.home" value="/root"/>
    <property name="user.timezone" value="Europe/Paris"/>
    <property name="java.awt.printerjob" value="sun.print.PSPrinterJob"/>
    <property name="java.specification.version" value="1.8"/>
    <property name="file.encoding" value="UTF-8"/>
    <property name="user.name" value="root"/>
    <property name="java.class.path" value="/usr/share/maven/boot/plexus-classworlds-2.5.2.jar"/>
    <property name="skipITs" value="true"/>
    <property name="java.vm.specification.version" value="1.8"/>
    <property name="sun.arch.data.model" value="64"/>
    <property name="java.home" value="/usr/lib/jvm/java-8-openjdk-amd64/jre"/>
    <property name="sun.java.command" value="org.codehaus.plexus.classworlds.launcher.Launcher -B -D enforcer.skip=true -D dependency-check.skip=true -D skipITs=true -D cobertura.skip=true -D maven.repo.local=/root/./workspace/JMRI/JMRI/386500808/.m2 -D rat.skip=true -D findbugs.skip=true -D skip.bower=true -D gpg.skip=true -D checkstyle.skip=true -D skip.gulp=true -D license.skip=true -D skip.npm=true test"/>
    <property name="java.specification.vendor" value="Oracle Corporation"/>
    <property name="user.language" value="en"/>
    <property name="awt.toolkit" value="sun.awt.X11.XToolkit"/>
    <property name="dependency-check.skip" value="true"/>
    <property name="java.vm.info" value="mixed mode"/>
    <property name="java.version" value="1.8.0_121"/>
    <property name="java.ext.dirs" value="/usr/lib/jvm/java-8-openjdk-amd64/jre/lib/ext:/usr/java/packages/lib/ext"/>
    <property name="securerandom.source" value="file:/dev/./urandom"/>
    <property name="sun.boot.class.path" value="/usr/lib/jvm/java-8-openjdk-amd64/jre/lib/resources.jar:/usr/lib/jvm/java-8-openjdk-amd64/jre/lib/rt.jar:/usr/lib/jvm/java-8-openjdk-amd64/jre/lib/sunrsasign.jar:/usr/lib/jvm/java-8-openjdk-amd64/jre/lib/jsse.jar:/usr/lib/jvm/java-8-openjdk-amd64/jre/lib/jce.jar:/usr/lib/jvm/java-8-openjdk-amd64/jre/lib/charsets.jar:/usr/lib/jvm/java-8-openjdk-amd64/jre/lib/jfr.jar:/usr/lib/jvm/java-8-openjdk-amd64/jre/classes"/>
    <property name="java.vendor" value="Oracle Corporation"/>
    <property name="enforcer.skip" value="true"/>
    <property name="rat.skip" value="true"/>
    <property name="maven.home" value="/usr/share/maven"/>
    <property name="file.separator" value="/"/>
    <property name="java.vendor.url.bug" value="http://bugreport.sun.com/bugreport/"/>
    <property name="sun.cpu.endian" value="little"/>
    <property name="sun.io.unicode.encoding" value="UnicodeLittle"/>
    <property name="sun.cpu.isalist" value=""/>
  </properties>
  <testcase name="validate[java/test/jmri/configurexml/valid/GreatValleyRR.xml (pass=true)]" classname="jmri.configurexml.SchemaTest" time="0.223"/>
  <testcase name="validate[java/test/jmri/configurexml/valid/SignalElementNamedTurnoutNotPresent.xml (pass=true)]" classname="jmri.configurexml.SchemaTest" time="0.188"/>
  <testcase name="validate[java/test/jmri/configurexml/valid/SignalElementUserNamedTurnoutNotPresent.xml (pass=true)]" classname="jmri.configurexml.SchemaTest" time="0.156"/>
  <testcase name="validate[java/test/jmri/configurexml/valid/DCCppSensorTurnoutLight.xml (pass=true)]" classname="jmri.configurexml.SchemaTest" time="0.149"/>
  <testcase name="validate[java/test/jmri/configurexml/valid/Layout2847.xml (pass=true)]" classname="jmri.configurexml.SchemaTest" time="0.178"/>
  <testcase name="validate[java/test/jmri/configurexml/valid/MatrixSignalMasts.xml (pass=true)]" classname="jmri.configurexml.SchemaTest" time="0.15"/>
  <testcase name="validate[java/test/jmri/configurexml/valid/XBeeDemoLayoutPanel.xml (pass=true)]" classname="jmri.configurexml.SchemaTest" time="0.164"/>
  <testcase name="validate[java/test/jmri/configurexml/valid/IndicatorDemo.xml (pass=true)]" classname="jmri.configurexml.SchemaTest" time="0.178"/>
  <testcase name="validate[java/test/jmri/configurexml/valid/SMRC-SouthLayout42.xml (pass=true)]" classname="jmri.configurexml.SchemaTest" time="0.159"/>
  <testcase name="validate[java/test/jmri/configurexml/valid/TurnoutElements1.xml (pass=true)]" classname="jmri.configurexml.SchemaTest" time="0.163"/>
  <testcase name="validate[java/test/jmri/configurexml/valid/MedinaA24.xml (pass=true)]" classname="jmri.configurexml.SchemaTest" time="0.159"/>
  <testcase name="validate[java/test/jmri/configurexml/valid/Bernie30.xml (pass=true)]" classname="jmri.configurexml.SchemaTest" time="0.211"/>
  <testcase name="validate[java/test/jmri/configurexml/valid/JimHeidt14.xml (pass=true)]" classname="jmri.configurexml.SchemaTest" time="0.184"/>
  <testcase name="validate[java/test/jmri/configurexml/valid/test-audio-order.xml (pass=true)]" classname="jmri.configurexml.SchemaTest" time="0.147"/>
  <testcase name="validate[java/test/jmri/configurexml/valid/Helix1.xml (pass=true)]" classname="jmri.configurexml.SchemaTest" time="0.171"/>
  <testcase name="validate[java/test/jmri/configurexml/valid/CentralTest.xml (pass=true)]" classname="jmri.configurexml.SchemaTest" time="0.172"/>
  <testcase name="validate[java/test/jmri/configurexml/valid/TurnoutElements.xml (pass=true)]" classname="jmri.configurexml.SchemaTest" time="0.163"/>
  <testcase name="validate[java/test/jmri/configurexml/valid/hideturnouttest.xml (pass=true)]" classname="jmri.configurexml.SchemaTest" time="0.149"/>
  <testcase name="validate[java/test/jmri/configurexml/valid/TurnoutUserNameIsSysName.xml (pass=true)]" classname="jmri.configurexml.SchemaTest" time="0.149"/>
  <testcase name="validate[java/test/jmri/configurexml/valid/Keystone-LOGIX-II.xml (pass=true)]" classname="jmri.configurexml.SchemaTest" time="0.375"/>
  <testcase name="validate[java/test/jmri/configurexml/valid/DCCppSensors.xml (pass=true)]" classname="jmri.configurexml.SchemaTest" time="0.149"/>
  <testcase name="validate[java/test/jmri/configurexml/valid/UserPrefsProfileConfig-Issue-2858.xml (pass=true)]" classname="jmri.configurexml.SchemaTest" time="0.169"/>
  <testcase name="validate[java/test/jmri/configurexml/valid/ConfigFileSchemaTest.xml (pass=true)]" classname="jmri.configurexml.SchemaTest" time="0.148"/>
  <testcase name="validate[java/test/jmri/configurexml/valid/test-audio-order2.xml (pass=true)]" classname="jmri.configurexml.SchemaTest" time="0.154"/>
  <testcase name="validate[java/test/jmri/configurexml/valid/WarrantFileIssue3751.xml (pass=true)]" classname="jmri.configurexml.SchemaTest" time="0.429"/>
  <testcase name="validate[java/test/jmri/configurexml/valid/MatrixSignalMast471.xml (pass=true)]" classname="jmri.configurexml.SchemaTest" time="0.166"/>
  <testcase name="validate[java/test/jmri/configurexml/valid/LargePanelFileSchemaTest.xml (pass=true)]" classname="jmri.configurexml.SchemaTest" time="0.188"/>
  <testcase name="validate[java/test/jmri/configurexml/valid/osj_v3.8no_interlock.xml (pass=true)]" classname="jmri.configurexml.SchemaTest" time="0.198"/>
  <testcase name="validate[java/test/jmri/configurexml/valid/J_Lang_LE_panel.xml (pass=true)]" classname="jmri.configurexml.SchemaTest" time="0.195"/>
  <testcase name="validate[java/test/jmri/configurexml/valid/SignalElementTurnoutNameOK.xml (pass=true)]" classname="jmri.configurexml.SchemaTest" time="0.174"/>
  <testcase name="validate[java/test/jmri/configurexml/valid/XoverBuildTest.xml (pass=true)]" classname="jmri.configurexml.SchemaTest" time="0.161"/>
  <testcase name="validate[java/test/jmri/configurexml/valid/CSXPlanOnetext.xml (pass=true)]" classname="jmri.configurexml.SchemaTest" time="0.203"/>
  <testcase name="validate[java/test/jmri/configurexml/valid/WaltLayoutManualt_20100131.xml (pass=true)]" classname="jmri.configurexml.SchemaTest" time="0.275"/>
  <testcase name="validate[java/test/jmri/configurexml/valid/BeldenLoop5.xml (pass=true)]" classname="jmri.configurexml.SchemaTest" time="0.175"/>
  <testcase name="validate[java/test/jmri/configurexml/valid/slipturnouticon.xml (pass=true)]" classname="jmri.configurexml.SchemaTest" time="0.16"/>
  <testcase name="validate[java/test/jmri/configurexml/valid/EntryExitTest.xml (pass=true)]" classname="jmri.configurexml.SchemaTest" time="0.174"/>
  <testcase name="validate[java/test/jmri/configurexml/valid/RosterSchemaTest.xml (pass=true)]" classname="jmri.configurexml.SchemaTest" time="0.006"/>
  <testcase name="validate[java/test/jmri/configurexml/valid/CnyModMast46-mty.xml (pass=true)]" classname="jmri.configurexml.SchemaTest" time="0.241"/>
  <testcase name="validate[java/test/jmri/configurexml/invalid/TurnoutOldName.xml (pass=false)]" classname="jmri.configurexml.SchemaTest" time="0.101"/>
  <testcase name="validate[java/test/jmri/configurexml/invalid/TurnoutDuplicateUserName.xml (pass=false)]" classname="jmri.configurexml.SchemaTest" time="0.115"/>
  <testcase name="validate[java/test/jmri/configurexml/invalid/SchemaFail.xml (pass=false)]" classname="jmri.configurexml.SchemaTest" time="0.003"/>
  <testcase name="validate[java/test/jmri/configurexml/invalid/TurnoutDuplicateSystemName.xml (pass=false)]" classname="jmri.configurexml.SchemaTest" time="0.098"/>
  <testcase name="validate[java/test/jmri/configurexml/load/LeadingTrailingSpaceTest.xml (pass=true)]" classname="jmri.configurexml.SchemaTest" time="0.151"/>
  <testcase name="validate[java/test/jmri/configurexml/load/RevHistTest.xml (pass=true)]" classname="jmri.configurexml.SchemaTest" time="0.164"/>
  <testcase name="validate[java/test/jmri/configurexml/load/SectionManagerXmlTest-4.7.4.xml (pass=true)]" classname="jmri.configurexml.SchemaTest" time="0.162"/>
  <testcase name="validate[java/test/jmri/configurexml/load/LoadMultipleSystems.xml (pass=true)]" classname="jmri.configurexml.SchemaTest" time="0.181"/>
  <testcase name="validate[java/test/jmri/configurexml/load/PanelFileSchemaTest.xml (pass=true)]" classname="jmri.configurexml.SchemaTest" time="0.146"/>
  <testcase name="validate[java/test/jmri/configurexml/load/LoadFileTest.xml (pass=true)]" classname="jmri.configurexml.SchemaTest" time="0.15"/>
  <testcase name="validate[java/test/jmri/configurexml/load/LoadFileTest295.xml (pass=true)]" classname="jmri.configurexml.SchemaTest" time="0.01"/>
  <testcase name="validate[java/test/jmri/configurexml/load/testStoreSignalGroup.xml (pass=true)]" classname="jmri.configurexml.SchemaTest" time="0.164"/>
  <testcase name="validate[java/test/jmri/configurexml/load/PanelFileSchemaTest382.xml (pass=true)]" classname="jmri.configurexml.SchemaTest" time="0.15"/>
  <testcase name="validate[java/test/jmri/configurexml/load/LoadMultipleSystems-4.7.4.xml (pass=true)]" classname="jmri.configurexml.SchemaTest" time="0.162"/>
  <testcase name="validate[java/test/jmri/configurexml/load/LoadFileTest-4.7.4.xml (pass=true)]" classname="jmri.configurexml.SchemaTest" time="0.15"/>
  <testcase name="validate[java/test/jmri/configurexml/load/LoadFileTest277-4.7.4.xml (pass=true)]" classname="jmri.configurexml.SchemaTest" time="0.15"/>
  <testcase name="validate[java/test/jmri/configurexml/load/LoadFileTest295-4.7.4.xml (pass=true)]" classname="jmri.configurexml.SchemaTest" time="0.162"/>
  <testcase name="validate[java/test/jmri/configurexml/load/testStoreSignalGroup-4.7.4.xml (pass=true)]" classname="jmri.configurexml.SchemaTest" time="0.149"/>
  <testcase name="validate[java/test/jmri/configurexml/load/SectionManagerXmlTest.xml (pass=true)]" classname="jmri.configurexml.SchemaTest" time="0.166"/>
  <testcase name="validate[java/test/jmri/configurexml/load/LoadFileTest277.xml (pass=true)]" classname="jmri.configurexml.SchemaTest" time="0.007"/>
  <testcase name="validate[java/test/jmri/configurexml/load/BlockManagerXmlTest-4.7.4.xml (pass=true)]" classname="jmri.configurexml.SchemaTest" time="0.154"/>
  <testcase name="validate[java/test/jmri/configurexml/load/PanelFileSchemaTest295.xml (pass=true)]" classname="jmri.configurexml.SchemaTest" time="0.15"/>
  <testcase name="validate[java/test/jmri/configurexml/load/PanelFileSchemaTest382-4.7.4.xml (pass=true)]" classname="jmri.configurexml.SchemaTest" time="0.168"/>
  <testcase name="validate[java/test/jmri/configurexml/load/BlockManagerXmlTest.xml (pass=true)]" classname="jmri.configurexml.SchemaTest" time="0.152"/>
</testsuite>