<?xml version="1.0" encoding="UTF-8"?>
<testsuite xmlns:xsi="http://www.w3.org/2001/XMLSchema-instance" xsi:noNamespaceSchemaLocation="https://maven.apache.org/surefire/maven-surefire-plugin/xsd/surefire-test-report.xsd" name="jmri.jmrix.lenz.XNetReplyTest" time="0.077" tests="111" errors="0" skipped="0" failures="0">
  <properties>
    <property name="java.runtime.name" value="OpenJDK Runtime Environment"/>
    <property name="sun.boot.library.path" value="/usr/lib/jvm/java-8-openjdk-amd64/jre/lib/amd64"/>
    <property name="java.vm.version" value="25.121-b13"/>
    <property name="java.vm.vendor" value="Oracle Corporation"/>
    <property name="maven.multiModuleProjectDirectory" value="/root/workspace/JMRI/JMRI/386500808"/>
    <property name="java.vendor.url" value="http://java.oracle.com/"/>
    <property name="path.separator" value=":"/>
    <property name="guice.disable.misplaced.annotation.check" value="true"/>
    <property name="skip.gulp" value="true"/>
    <property name="java.vm.name" value="OpenJDK 64-Bit Server VM"/>
    <property name="file.encoding.pkg" value="sun.io"/>
    <property name="sun.java.launcher" value="SUN_STANDARD"/>
    <property name="sun.os.patch.level" value="unknown"/>
    <property name="findbugs.skip" value="true"/>
    <property name="java.vm.specification.name" value="Java Virtual Machine Specification"/>
    <property name="user.dir" value="/root/workspace/JMRI/JMRI/386500808"/>
    <property name="checkstyle.skip" value="true"/>
    <property name="java.runtime.version" value="1.8.0_121-8u121-b13-1~bpo8+1-b13"/>
    <property name="java.awt.graphicsenv" value="sun.awt.X11GraphicsEnvironment"/>
    <property name="skip.npm" value="true"/>
    <property name="java.endorsed.dirs" value="/usr/lib/jvm/java-8-openjdk-amd64/jre/lib/endorsed"/>
    <property name="os.arch" value="amd64"/>
    <property name="java.io.tmpdir" value="/tmp"/>
    <property name="gpg.skip" value="true"/>
    <property name="line.separator" value="&#10;"/>
    <property name="java.vm.specification.vendor" value="Oracle Corporation"/>
    <property name="cobertura.skip" value="true"/>
    <property name="os.name" value="Linux"/>
    <property name="classworlds.conf" value="/usr/share/maven/bin/m2.conf"/>
    <property name="sun.jnu.encoding" value="UTF-8"/>
    <property name="java.library.path" value="/usr/java/packages/lib/amd64:/usr/lib/x86_64-linux-gnu/jni:/lib/x86_64-linux-gnu:/usr/lib/x86_64-linux-gnu:/usr/lib/jni:/lib:/usr/lib"/>
    <property name="license.skip" value="true"/>
    <property name="java.specification.name" value="Java Platform API Specification"/>
    <property name="java.class.version" value="52.0"/>
    <property name="sun.management.compiler" value="HotSpot 64-Bit Tiered Compilers"/>
    <property name="skip.bower" value="true"/>
    <property name="maven.repo.local" value="/root/./workspace/JMRI/JMRI/386500808/.m2"/>
    <property name="os.version" value="3.10.0-862.2.3.el7.x86_64"/>
    <property name="user.home" value="/root"/>
    <property name="user.timezone" value="Europe/Paris"/>
    <property name="java.awt.printerjob" value="sun.print.PSPrinterJob"/>
    <property name="java.specification.version" value="1.8"/>
    <property name="file.encoding" value="UTF-8"/>
    <property name="user.name" value="root"/>
    <property name="java.class.path" value="/usr/share/maven/boot/plexus-classworlds-2.5.2.jar"/>
    <property name="skipITs" value="true"/>
    <property name="java.vm.specification.version" value="1.8"/>
    <property name="sun.arch.data.model" value="64"/>
    <property name="java.home" value="/usr/lib/jvm/java-8-openjdk-amd64/jre"/>
    <property name="sun.java.command" value="org.codehaus.plexus.classworlds.launcher.Launcher -B -D enforcer.skip=true -D dependency-check.skip=true -D skipITs=true -D cobertura.skip=true -D maven.repo.local=/root/./workspace/JMRI/JMRI/386500808/.m2 -D rat.skip=true -D findbugs.skip=true -D skip.bower=true -D gpg.skip=true -D checkstyle.skip=true -D skip.gulp=true -D license.skip=true -D skip.npm=true test"/>
    <property name="java.specification.vendor" value="Oracle Corporation"/>
    <property name="user.language" value="en"/>
    <property name="awt.toolkit" value="sun.awt.X11.XToolkit"/>
    <property name="dependency-check.skip" value="true"/>
    <property name="java.vm.info" value="mixed mode"/>
    <property name="java.version" value="1.8.0_121"/>
    <property name="java.ext.dirs" value="/usr/lib/jvm/java-8-openjdk-amd64/jre/lib/ext:/usr/java/packages/lib/ext"/>
    <property name="securerandom.source" value="file:/dev/./urandom"/>
    <property name="sun.boot.class.path" value="/usr/lib/jvm/java-8-openjdk-amd64/jre/lib/resources.jar:/usr/lib/jvm/java-8-openjdk-amd64/jre/lib/rt.jar:/usr/lib/jvm/java-8-openjdk-amd64/jre/lib/sunrsasign.jar:/usr/lib/jvm/java-8-openjdk-amd64/jre/lib/jsse.jar:/usr/lib/jvm/java-8-openjdk-amd64/jre/lib/jce.jar:/usr/lib/jvm/java-8-openjdk-amd64/jre/lib/charsets.jar:/usr/lib/jvm/java-8-openjdk-amd64/jre/lib/jfr.jar:/usr/lib/jvm/java-8-openjdk-amd64/jre/classes"/>
    <property name="java.vendor" value="Oracle Corporation"/>
    <property name="enforcer.skip" value="true"/>
    <property name="rat.skip" value="true"/>
    <property name="maven.home" value="/usr/share/maven"/>
    <property name="file.separator" value="/"/>
    <property name="java.vendor.url.bug" value="http://bugreport.sun.com/bugreport/"/>
    <property name="sun.cpu.endian" value="little"/>
    <property name="sun.io.unicode.encoding" value="UnicodeLittle"/>
    <property name="sun.cpu.isalist" value=""/>
  </properties>
  <testcase name="testToMonitorStringInvalidLI101Message" classname="jmri.jmrix.lenz.XNetReplyTest" time="0"/>
  <testcase name="testGetElementBCD" classname="jmri.jmrix.lenz.XNetReplyTest" time="0.001"/>
  <testcase name="testToMonitorStringBCNormalOpers" classname="jmri.jmrix.lenz.XNetReplyTest" time="0.001"/>
  <testcase name="testToMonitorStringEliteLocoFnInfoResponse" classname="jmri.jmrix.lenz.XNetReplyTest" time="0.001"/>
  <testcase name="testToMonitorStringOKMessage" classname="jmri.jmrix.lenz.XNetReplyTest" time="0"/>
  <testcase name="testToMonitorStringServiceModeCSBusy" classname="jmri.jmrix.lenz.XNetReplyTest" time="0.001"/>
  <testcase name="testIsCSBusyMessage" classname="jmri.jmrix.lenz.XNetReplyTest" time="0"/>
  <testcase name="testIsThrottleTakenOverMessage" classname="jmri.jmrix.lenz.XNetReplyTest" time="0.001"/>
  <testcase name="testToMonitorStringDHErrorCanNotDelete" classname="jmri.jmrix.lenz.XNetReplyTest" time="0.001"/>
  <testcase name="testGetOpCodeHex" classname="jmri.jmrix.lenz.XNetReplyTest" time="0"/>
  <testcase name="testToMonitorStringDHErrorCSStackFull" classname="jmri.jmrix.lenz.XNetReplyTest" time="0.001"/>
  <testcase name="testToMonitorStringV2LocoAvailable" classname="jmri.jmrix.lenz.XNetReplyTest" time="0.001"/>
  <testcase name="testIsFeedbackResponse" classname="jmri.jmrix.lenz.XNetReplyTest" time="0"/>
  <testcase name="testGetTurnoutMsgAddr" classname="jmri.jmrix.lenz.XNetReplyTest" time="0.001"/>
  <testcase name="testGetBroadcastEncoderMsgAddr" classname="jmri.jmrix.lenz.XNetReplyTest" time="0.001"/>
  <testcase name="testToMonitorStringCSVersionReply" classname="jmri.jmrix.lenz.XNetReplyTest" time="0.004"/>
  <testcase name="testToMonitorStringInvalidFeedbackReply" classname="jmri.jmrix.lenz.XNetReplyTest" time="0.001"/>
  <testcase name="testStringCtorEmptyString" classname="jmri.jmrix.lenz.XNetReplyTest" time="0"/>
  <testcase name="testToMonitorStringInvalidServiceModeReply" classname="jmri.jmrix.lenz.XNetReplyTest" time="0.001"/>
  <testcase name="testIsRetransmittableErrorMsg" classname="jmri.jmrix.lenz.XNetReplyTest" time="0"/>
  <testcase name="testXNetMessageCtor" classname="jmri.jmrix.lenz.XNetReplyTest" time="0.001"/>
  <testcase name="testToMonitorStringCSNotSupported" classname="jmri.jmrix.lenz.XNetReplyTest" time="0.001"/>
  <testcase name="testToMonitorStringInvalidLIMessage" classname="jmri.jmrix.lenz.XNetReplyTest" time="0"/>
  <testcase name="testToMonitorStringDHV1_V2ErrorNonZeroSpeed" classname="jmri.jmrix.lenz.XNetReplyTest" time="0.001"/>
  <testcase name="testToMonitorStringV1LocoAvailable" classname="jmri.jmrix.lenz.XNetReplyTest" time="0.001"/>
  <testcase name="testCtor" classname="jmri.jmrix.lenz.XNetReplyTest" time="0"/>
  <testcase name="testToMonitorStringDHLocoInfoResponse" classname="jmri.jmrix.lenz.XNetReplyTest" time="0.001"/>
  <testcase name="testToMonitorStringMULocoInfoResponse" classname="jmri.jmrix.lenz.XNetReplyTest" time="0.001"/>
  <testcase name="testToMonitorStringServiceModeByteNotFound" classname="jmri.jmrix.lenz.XNetReplyTest" time="0"/>
  <testcase name="testToMonitorStringMUEliteLocoInfoResponse" classname="jmri.jmrix.lenz.XNetReplyTest" time="0.001"/>
  <testcase name="testToMonitorStringCSStatusReply" classname="jmri.jmrix.lenz.XNetReplyTest" time="0"/>
  <testcase name="testGetServiceModeCVNumber" classname="jmri.jmrix.lenz.XNetReplyTest" time="0.001"/>
  <testcase name="testToMonitorStringTimeSlotRestored" classname="jmri.jmrix.lenz.XNetReplyTest" time="0.001"/>
  <testcase name="testToMonitorStringServiceModeCSReady" classname="jmri.jmrix.lenz.XNetReplyTest" time="0"/>
  <testcase name="testToMonitorStringDHErrorNonZeroSpeed" classname="jmri.jmrix.lenz.XNetReplyTest" time="0.001"/>
  <testcase name="testIsUnsolicitedMessage" classname="jmri.jmrix.lenz.XNetReplyTest" time="0.002"/>
  <testcase name="testToMonitorStringV2LocoNotAvailable" classname="jmri.jmrix.lenz.XNetReplyTest" time="0.001"/>
  <testcase name="testGetBroadcastTurnoutMsgAddr" classname="jmri.jmrix.lenz.XNetReplyTest" time="0"/>
  <testcase name="testToMonitorStringDataSentNoTimeslot" classname="jmri.jmrix.lenz.XNetReplyTest" time="0.001"/>
  <testcase name="testToMonitorStringCSTransferError" classname="jmri.jmrix.lenz.XNetReplyTest" time="0.001"/>
  <testcase name="testToMonitorStringLIBaud1Reply" classname="jmri.jmrix.lenz.XNetReplyTest" time="0"/>
  <testcase name="testIsTimeSlotRestoredMessage" classname="jmri.jmrix.lenz.XNetReplyTest" time="0.001"/>
  <testcase name="testToMonitorStringLIBaud2Reply" classname="jmri.jmrix.lenz.XNetReplyTest" time="0.001"/>
  <testcase name="testToMonitorStringDHV1_V2ErrorNotOperated" classname="jmri.jmrix.lenz.XNetReplyTest" time="0"/>
  <testcase name="testToMonitorStringLIBaud3Reply" classname="jmri.jmrix.lenz.XNetReplyTest" time="0.001"/>
  <testcase name="testIsConsistMessage" classname="jmri.jmrix.lenz.XNetReplyTest" time="0.001"/>
  <testcase name="testToMonitorStringLIBaud4Reply" classname="jmri.jmrix.lenz.XNetReplyTest" time="0"/>
  <testcase name="testSkipPrefix" classname="jmri.jmrix.lenz.XNetReplyTest" time="0.001"/>
  <testcase name="testToMonitorStringLIBaud5Reply" classname="jmri.jmrix.lenz.XNetReplyTest" time="0"/>
  <testcase name="testGetTurnoutMessageStatus" classname="jmri.jmrix.lenz.XNetReplyTest" time="0.001"/>
  <testcase name="testToMonitorStringServiceModePagedResponse" classname="jmri.jmrix.lenz.XNetReplyTest" time="0.001"/>
  <testcase name="testToMonitorStringErrorNotOperated" classname="jmri.jmrix.lenz.XNetReplyTest" time="0"/>
  <testcase name="testGetThrottleMsgAddr" classname="jmri.jmrix.lenz.XNetReplyTest" time="0.001"/>
  <testcase name="testToMonitorStringNormalLocoFunctionHighResponse" classname="jmri.jmrix.lenz.XNetReplyTest" time="0.001"/>
  <testcase name="testToMonitorStringNormalLocoFunctionMomentaryResponse" classname="jmri.jmrix.lenz.XNetReplyTest" time="0.001"/>
  <testcase name="testToMonitorStringErrorLItoCS" classname="jmri.jmrix.lenz.XNetReplyTest" time="0"/>
  <testcase name="testToMonitorStringCSBusyMessage" classname="jmri.jmrix.lenz.XNetReplyTest" time="0.001"/>
  <testcase name="testToMonitorStringDHErrorLocoNotMUed" classname="jmri.jmrix.lenz.XNetReplyTest" time="0.001"/>
  <testcase name="testToMonitorStringSearchResponseDoubleHeaderLoco" classname="jmri.jmrix.lenz.XNetReplyTest" time="0"/>
  <testcase name="testToMonitorStringErrorPCtoLI" classname="jmri.jmrix.lenz.XNetReplyTest" time="0.001"/>
  <testcase name="testIsThrottleMessage" classname="jmri.jmrix.lenz.XNetReplyTest" time="0.001"/>
  <testcase name="testToMonitorStringInvalidCSInfoMessage" classname="jmri.jmrix.lenz.XNetReplyTest" time="0"/>
  <testcase name="testToMonitorStringCSV1VersionReply" classname="jmri.jmrix.lenz.XNetReplyTest" time="0.001"/>
  <testcase name="testToMonitorStringInvalidCSStatusReply" classname="jmri.jmrix.lenz.XNetReplyTest" time="0.001"/>
  <testcase name="testToMonitorStringDHErrorAddressNotMUBase" classname="jmri.jmrix.lenz.XNetReplyTest" time="0"/>
  <testcase name="testCopyCtor" classname="jmri.jmrix.lenz.XNetReplyTest" time="0.001"/>
  <testcase name="testGetServiceModeCVValue" classname="jmri.jmrix.lenz.XNetReplyTest" time="0.001"/>
  <testcase name="testToMonitorStringDHErrorAlreadyDH" classname="jmri.jmrix.lenz.XNetReplyTest" time="0"/>
  <testcase name="testGetBroadcastTurnoutMessageStatus" classname="jmri.jmrix.lenz.XNetReplyTest" time="0.001"/>
  <testcase name="testToMonitorStringSearchResponseFail" classname="jmri.jmrix.lenz.XNetReplyTest" time="0"/>
  <testcase name="testIsTimeSlotErrorMessage" classname="jmri.jmrix.lenz.XNetReplyTest" time="0.001"/>
  <testcase name="testIsPagedModeResponse" classname="jmri.jmrix.lenz.XNetReplyTest" time="0.001"/>
  <testcase name="testToMonitorStringErrorBufferOverflow" classname="jmri.jmrix.lenz.XNetReplyTest" time="0"/>
  <testcase name="testToMonitorStringBCEmergencyOff" classname="jmri.jmrix.lenz.XNetReplyTest" time="0.001"/>
  <testcase name="testToMonitorStringThrottleTakeoverMsg" classname="jmri.jmrix.lenz.XNetReplyTest" time="0"/>
  <testcase name="testToMonitorStringSearchResponseNormalLoco" classname="jmri.jmrix.lenz.XNetReplyTest" time="0.001"/>
  <testcase name="testToMonitorStringRetransmissionRequested" classname="jmri.jmrix.lenz.XNetReplyTest" time="0.001"/>
  <testcase name="testToMonitorStringInvalidCSEStopMessage" classname="jmri.jmrix.lenz.XNetReplyTest" time="0"/>
  <testcase name="testToMonitorStringNormalLocoInfoResponse" classname="jmri.jmrix.lenz.XNetReplyTest" time="0.001"/>
  <testcase name="testToMonitorStringSearchResponseMULoco" classname="jmri.jmrix.lenz.XNetReplyTest" time="0.001"/>
  <testcase name="testToMonitorStringDHErrorInUse" classname="jmri.jmrix.lenz.XNetReplyTest" time="0.001"/>
  <testcase name="testToMonitorStringNormalLocoFunctionHighMomentaryResponse" classname="jmri.jmrix.lenz.XNetReplyTest" time="0"/>
  <testcase name="testToMonitorStringDHErrorOther" classname="jmri.jmrix.lenz.XNetReplyTest" time="0.001"/>
  <testcase name="testToMonitorStringLIVersionReply" classname="jmri.jmrix.lenz.XNetReplyTest" time="0.001"/>
  <testcase name="testToMonitorStringErrorNoTimeslot" classname="jmri.jmrix.lenz.XNetReplyTest" time="0"/>
  <testcase name="testToMonitorStringSearchResponseMUBaseLoco" classname="jmri.jmrix.lenz.XNetReplyTest" time="0"/>
  <testcase name="testGetBroadcastFeedbackMessageType" classname="jmri.jmrix.lenz.XNetReplyTest" time="0.001"/>
  <testcase name="testToMonitorStringInvalidLocoInfoReply" classname="jmri.jmrix.lenz.XNetReplyTest" time="0"/>
  <testcase name="testToMonitorStringLIAddressReply" classname="jmri.jmrix.lenz.XNetReplyTest" time="0.001"/>
  <testcase name="testToMonitorStringDHV1_V2ErrorAlreadyDH" classname="jmri.jmrix.lenz.XNetReplyTest" time="0.001"/>
  <testcase name="testIsCSTransferError" classname="jmri.jmrix.lenz.XNetReplyTest" time="0"/>
  <testcase name="testToMonitorStringMUBaseAddressInfoResponse" classname="jmri.jmrix.lenz.XNetReplyTest" time="0.001"/>
  <testcase name="testToMonitorStringDHV1_V2ErrorInUse" classname="jmri.jmrix.lenz.XNetReplyTest" time="0"/>
  <testcase name="testIsTimeSlotRevokedMessage" classname="jmri.jmrix.lenz.XNetReplyTest" time="0.001"/>
  <testcase name="testParity" classname="jmri.jmrix.lenz.XNetReplyTest" time="0.001"/>
  <testcase name="testIsDirectModeResponse" classname="jmri.jmrix.lenz.XNetReplyTest" time="0"/>
  <testcase name="testGetFeedbackMessageType" classname="jmri.jmrix.lenz.XNetReplyTest" time="0.001"/>
  <testcase name="testIsServiceModeResponse" classname="jmri.jmrix.lenz.XNetReplyTest" time="0.001"/>
  <testcase name="testGetEncoderMsgAddr" classname="jmri.jmrix.lenz.XNetReplyTest" time="0"/>
  <testcase name="testToMonitorStringServiceModeShortCircuit" classname="jmri.jmrix.lenz.XNetReplyTest" time="0.001"/>
  <testcase name="testToMonitorStringBCServiceModeEntry" classname="jmri.jmrix.lenz.XNetReplyTest" time="0"/>
  <testcase name="testIsOkMessage" classname="jmri.jmrix.lenz.XNetReplyTest" time="0.001"/>
  <testcase name="testToMonitorStringBCEmeregncyStop" classname="jmri.jmrix.lenz.XNetReplyTest" time="0.001"/>
  <testcase name="testToMonitorStringFeedbackResponse" classname="jmri.jmrix.lenz.XNetReplyTest" time="0.001"/>
  <testcase name="testToMonitorStringErrorBadData" classname="jmri.jmrix.lenz.XNetReplyTest" time="0.001"/>
  <testcase name="testStringCtor" classname="jmri.jmrix.lenz.XNetReplyTest" time="0"/>
  <testcase name="testToMonitorStringErrorUnknown" classname="jmri.jmrix.lenz.XNetReplyTest" time="0.001"/>
  <testcase name="testIsFeedbackBroadcastResponse" classname="jmri.jmrix.lenz.XNetReplyTest" time="0"/>
  <testcase name="testToMonitorStringServiceModeDirectResponse" classname="jmri.jmrix.lenz.XNetReplyTest" time="0.001"/>
  <testcase name="testToMonitorStringV1LocoNotAvailable" classname="jmri.jmrix.lenz.XNetReplyTest" time="0.001"/>
  <testcase name="testIsCommErrorMessage" classname="jmri.jmrix.lenz.XNetReplyTest" time="0"/>
</testsuite>