<?xml version="1.0" encoding="UTF-8"?>
<testsuite xmlns:xsi="http://www.w3.org/2001/XMLSchema-instance" xsi:noNamespaceSchemaLocation="https://maven.apache.org/surefire/maven-surefire-plugin/xsd/surefire-test-report.xsd" name="ru.javawebinar.topjava.web.InMemoryAdminRestControllerTest" time="0.269" tests="2" errors="0" skipped="0" failures="0">
  <properties>
    <property name="awt.toolkit" value="sun.awt.X11.XToolkit"/>
    <property name="file.encoding.pkg" value="sun.io"/>
    <property name="java.specification.version" value="1.8"/>
    <property name="sun.cpu.isalist" value=""/>
    <property name="sun.jnu.encoding" value="UTF-8"/>
    <property name="java.class.path" value="/root/workspace/Spartakon/topjava/383627223/target/test-classes:/root/workspace/Spartakon/topjava/383627223/target/classes:/root/./workspace/Spartakon/topjava/383627223/.m2/org/slf4j/slf4j-api/1.7.25/slf4j-api-1.7.25.jar:/root/./workspace/Spartakon/topjava/383627223/.m2/org/slf4j/jul-to-slf4j/1.7.25/jul-to-slf4j-1.7.25.jar:/root/./workspace/Spartakon/topjava/383627223/.m2/ch/qos/logback/logback-classic/1.2.3/logback-classic-1.2.3.jar:/root/./workspace/Spartakon/topjava/383627223/.m2/ch/qos/logback/logback-core/1.2.3/logback-core-1.2.3.jar:/root/./workspace/Spartakon/topjava/383627223/.m2/org/springframework/spring-context-support/5.0.4.RELEASE/spring-context-support-5.0.4.RELEASE.jar:/root/./workspace/Spartakon/topjava/383627223/.m2/org/springframework/spring-beans/5.0.4.RELEASE/spring-beans-5.0.4.RELEASE.jar:/root/./workspace/Spartakon/topjava/383627223/.m2/org/springframework/spring-context/5.0.4.RELEASE/spring-context-5.0.4.RELEASE.jar:/root/./workspace/Spartakon/topjava/383627223/.m2/org/springframework/spring-core/5.0.4.RELEASE/spring-core-5.0.4.RELEASE.jar:/root/./workspace/Spartakon/topjava/383627223/.m2/org/springframework/spring-jcl/5.0.4.RELEASE/spring-jcl-5.0.4.RELEASE.jar:/root/./workspace/Spartakon/topjava/383627223/.m2/org/springframework/data/spring-data-jpa/2.0.5.RELEASE/spring-data-jpa-2.0.5.RELEASE.jar:/root/./workspace/Spartakon/topjava/383627223/.m2/org/springframework/data/spring-data-commons/2.0.5.RELEASE/spring-data-commons-2.0.5.RELEASE.jar:/root/./workspace/Spartakon/topjava/383627223/.m2/org/springframework/spring-orm/5.0.4.RELEASE/spring-orm-5.0.4.RELEASE.jar:/root/./workspace/Spartakon/topjava/383627223/.m2/org/springframework/spring-jdbc/5.0.4.RELEASE/spring-jdbc-5.0.4.RELEASE.jar:/root/./workspace/Spartakon/topjava/383627223/.m2/org/springframework/spring-aop/5.0.4.RELEASE/spring-aop-5.0.4.RELEASE.jar:/root/./workspace/Spartakon/topjava/383627223/.m2/org/springframework/spring-tx/5.0.4.RELEASE/spring-tx-5.0.4.RELEASE.jar:/root/./workspace/Spartakon/topjava/383627223/.m2/org/aspectj/aspectjrt/1.8.12/aspectjrt-1.8.12.jar:/root/./workspace/Spartakon/topjava/383627223/.m2/org/springframework/security/spring-security-web/5.0.4.RELEASE/spring-security-web-5.0.4.RELEASE.jar:/root/./workspace/Spartakon/topjava/383627223/.m2/org/springframework/security/spring-security-core/5.0.4.RELEASE/spring-security-core-5.0.4.RELEASE.jar:/root/./workspace/Spartakon/topjava/383627223/.m2/org/springframework/spring-expression/5.0.4.RELEASE/spring-expression-5.0.4.RELEASE.jar:/root/./workspace/Spartakon/topjava/383627223/.m2/org/springframework/spring-web/5.0.4.RELEASE/spring-web-5.0.4.RELEASE.jar:/root/./workspace/Spartakon/topjava/383627223/.m2/org/springframework/security/spring-security-config/5.0.4.RELEASE/spring-security-config-5.0.4.RELEASE.jar:/root/./workspace/Spartakon/topjava/383627223/.m2/org/hibernate/hibernate-core/5.2.16.Final/hibernate-core-5.2.16.Final.jar:/root/./workspace/Spartakon/topjava/383627223/.m2/org/jboss/logging/jboss-logging/3.3.1.Final/jboss-logging-3.3.1.Final.jar:/root/./workspace/Spartakon/topjava/383627223/.m2/org/hibernate/javax/persistence/hibernate-jpa-2.1-api/1.0.0.Final/hibernate-jpa-2.1-api-1.0.0.Final.jar:/root/./workspace/Spartakon/topjava/383627223/.m2/org/javassist/javassist/3.22.0-GA/javassist-3.22.0-GA.jar:/root/./workspace/Spartakon/topjava/383627223/.m2/antlr/antlr/2.7.7/antlr-2.7.7.jar:/root/./workspace/Spartakon/topjava/383627223/.m2/org/jboss/spec/javax/transaction/jboss-transaction-api_1.2_spec/1.0.1.Final/jboss-transaction-api_1.2_spec-1.0.1.Final.jar:/root/./workspace/Spartakon/topjava/383627223/.m2/org/jboss/jandex/2.0.3.Final/jandex-2.0.3.Final.jar:/root/./workspace/Spartakon/topjava/383627223/.m2/com/fasterxml/classmate/1.3.0/classmate-1.3.0.jar:/root/./workspace/Spartakon/topjava/383627223/.m2/dom4j/dom4j/1.6.1/dom4j-1.6.1.jar:/root/./workspace/Spartakon/topjava/383627223/.m2/org/hibernate/common/hibernate-commons-annotations/5.0.1.Final/hibernate-commons-annotations-5.0.1.Final.jar:/root/./workspace/Spartakon/topjava/383627223/.m2/org/hibernate/validator/hibernate-validator/6.0.8.Final/hibernate-validator-6.0.8.Final.jar:/root/./workspace/Spartakon/topjava/383627223/.m2/javax/validation/validation-api/2.0.1.Final/validation-api-2.0.1.Final.jar:/root/./workspace/Spartakon/topjava/383627223/.m2/org/hibernate/hibernate-jcache/5.2.16.Final/hibernate-jcache-5.2.16.Final.jar:/root/./workspace/Spartakon/topjava/383627223/.m2/org/glassfish/javax.el/3.0.1-b10/javax.el-3.0.1-b10.jar:/root/./workspace/Spartakon/topjava/383627223/.m2/javax/cache/cache-api/1.0.0/cache-api-1.0.0.jar:/root/./workspace/Spartakon/topjava/383627223/.m2/org/ehcache/ehcache/3.5.2/ehcache-3.5.2.jar:/root/./workspace/Spartakon/topjava/383627223/.m2/org/apache/tomcat/tomcat-servlet-api/8.5.29/tomcat-servlet-api-8.5.29.jar:/root/./workspace/Spartakon/topjava/383627223/.m2/javax/servlet/jstl/1.2/jstl-1.2.jar:/root/./workspace/Spartakon/topjava/383627223/.m2/org/springframework/spring-webmvc/5.0.4.RELEASE/spring-webmvc-5.0.4.RELEASE.jar:/root/./workspace/Spartakon/topjava/383627223/.m2/org/webjars/jquery/3.3.1-1/jquery-3.3.1-1.jar:/root/./workspace/Spartakon/topjava/383627223/.m2/org/webjars/bootstrap/4.1.0/bootstrap-4.1.0.jar:/root/./workspace/Spartakon/topjava/383627223/.m2/org/webjars/popper.js/1.14.1/popper.js-1.14.1.jar:/root/./workspace/Spartakon/topjava/383627223/.m2/org/webjars/datatables/1.10.16/datatables-1.10.16.jar:/root/./workspace/Spartakon/topjava/383627223/.m2/org/webjars/bower/datetimepicker/2.5.14/datetimepicker-2.5.14.jar:/root/./workspace/Spartakon/topjava/383627223/.m2/org/webjars/bower/jquery-mousewheel/3.1.13/jquery-mousewheel-3.1.13.jar:/root/./workspace/Spartakon/topjava/383627223/.m2/org/webjars/bower/php-date-formatter/1.3.4/php-date-formatter-1.3.4.jar:/root/./workspace/Spartakon/topjava/383627223/.m2/org/webjars/bower/noty/3.1.0/noty-3.1.0.jar:/root/./workspace/Spartakon/topjava/383627223/.m2/com/fasterxml/jackson/core/jackson-databind/2.9.5/jackson-databind-2.9.5.jar:/root/./workspace/Spartakon/topjava/383627223/.m2/com/fasterxml/jackson/core/jackson-annotations/2.9.0/jackson-annotations-2.9.0.jar:/root/./workspace/Spartakon/topjava/383627223/.m2/com/fasterxml/jackson/core/jackson-core/2.9.5/jackson-core-2.9.5.jar:/root/./workspace/Spartakon/topjava/383627223/.m2/com/fasterxml/jackson/datatype/jackson-datatype-hibernate5/2.9.5/jackson-datatype-hibernate5-2.9.5.jar:/root/./workspace/Spartakon/topjava/383627223/.m2/javax/transaction/jta/1.1/jta-1.1.jar:/root/./workspace/Spartakon/topjava/383627223/.m2/com/fasterxml/jackson/datatype/jackson-datatype-jsr310/2.9.5/jackson-datatype-jsr310-2.9.5.jar:/root/./workspace/Spartakon/topjava/383627223/.m2/junit/junit/4.12/junit-4.12.jar:/root/./workspace/Spartakon/topjava/383627223/.m2/org/hamcrest/hamcrest-all/1.3/hamcrest-all-1.3.jar:/root/./workspace/Spartakon/topjava/383627223/.m2/org/skyscreamer/jsonassert/1.5.0/jsonassert-1.5.0.jar:/root/./workspace/Spartakon/topjava/383627223/.m2/com/vaadin/external/google/android-json/0.0.20131108.vaadin1/android-json-0.0.20131108.vaadin1.jar:/root/./workspace/Spartakon/topjava/383627223/.m2/org/springframework/spring-test/5.0.4.RELEASE/spring-test-5.0.4.RELEASE.jar:/root/./workspace/Spartakon/topjava/383627223/.m2/org/assertj/assertj-core/3.9.1/assertj-core-3.9.1.jar:/root/./workspace/Spartakon/topjava/383627223/.m2/org/postgresql/postgresql/42.2.1/postgresql-42.2.1.jar:/root/./workspace/Spartakon/topjava/383627223/.m2/org/apache/tomcat/tomcat-jdbc/8.5.29/tomcat-jdbc-8.5.29.jar:/root/./workspace/Spartakon/topjava/383627223/.m2/org/apache/tomcat/tomcat-juli/8.5.29/tomcat-juli-8.5.29.jar:"/>
    <property name="java.vm.vendor" value="Oracle Corporation"/>
    <property name="skip.bower" value="true"/>
    <property name="sun.arch.data.model" value="64"/>
    <property name="java.vendor.url" value="http://java.oracle.com/"/>
    <property name="user.timezone" value=""/>
    <property name="java.vm.specification.version" value="1.8"/>
    <property name="os.name" value="Linux"/>
    <property name="rat.skip" value="true"/>
    <property name="gpg.skip" value="true"/>
    <property name="sun.java.launcher" value="SUN_STANDARD"/>
    <property name="sun.boot.library.path" value="/usr/lib/jvm/java-8-openjdk-amd64/jre/lib/amd64"/>
    <property name="skip.gulp" value="true"/>
    <property name="sun.java.command" value="/root/workspace/Spartakon/topjava/383627223/target/surefire/surefirebooter2477217664186354375.jar /root/workspace/Spartakon/topjava/383627223/target/surefire 2018-05-25T12-17-39_117-jvmRun1 surefire147269493776733577tmp surefire_05700421222756048096tmp"/>
    <property name="dependency-check.skip" value="true"/>
    <property name="surefire.test.class.path" value="/root/workspace/Spartakon/topjava/383627223/target/test-classes:/root/workspace/Spartakon/topjava/383627223/target/classes:/root/./workspace/Spartakon/topjava/383627223/.m2/org/slf4j/slf4j-api/1.7.25/slf4j-api-1.7.25.jar:/root/./workspace/Spartakon/topjava/383627223/.m2/org/slf4j/jul-to-slf4j/1.7.25/jul-to-slf4j-1.7.25.jar:/root/./workspace/Spartakon/topjava/383627223/.m2/ch/qos/logback/logback-classic/1.2.3/logback-classic-1.2.3.jar:/root/./workspace/Spartakon/topjava/383627223/.m2/ch/qos/logback/logback-core/1.2.3/logback-core-1.2.3.jar:/root/./workspace/Spartakon/topjava/383627223/.m2/org/springframework/spring-context-support/5.0.4.RELEASE/spring-context-support-5.0.4.RELEASE.jar:/root/./workspace/Spartakon/topjava/383627223/.m2/org/springframework/spring-beans/5.0.4.RELEASE/spring-beans-5.0.4.RELEASE.jar:/root/./workspace/Spartakon/topjava/383627223/.m2/org/springframework/spring-context/5.0.4.RELEASE/spring-context-5.0.4.RELEASE.jar:/root/./workspace/Spartakon/topjava/383627223/.m2/org/springframework/spring-core/5.0.4.RELEASE/spring-core-5.0.4.RELEASE.jar:/root/./workspace/Spartakon/topjava/383627223/.m2/org/springframework/spring-jcl/5.0.4.RELEASE/spring-jcl-5.0.4.RELEASE.jar:/root/./workspace/Spartakon/topjava/383627223/.m2/org/springframework/data/spring-data-jpa/2.0.5.RELEASE/spring-data-jpa-2.0.5.RELEASE.jar:/root/./workspace/Spartakon/topjava/383627223/.m2/org/springframework/data/spring-data-commons/2.0.5.RELEASE/spring-data-commons-2.0.5.RELEASE.jar:/root/./workspace/Spartakon/topjava/383627223/.m2/org/springframework/spring-orm/5.0.4.RELEASE/spring-orm-5.0.4.RELEASE.jar:/root/./workspace/Spartakon/topjava/383627223/.m2/org/springframework/spring-jdbc/5.0.4.RELEASE/spring-jdbc-5.0.4.RELEASE.jar:/root/./workspace/Spartakon/topjava/383627223/.m2/org/springframework/spring-aop/5.0.4.RELEASE/spring-aop-5.0.4.RELEASE.jar:/root/./workspace/Spartakon/topjava/383627223/.m2/org/springframework/spring-tx/5.0.4.RELEASE/spring-tx-5.0.4.RELEASE.jar:/root/./workspace/Spartakon/topjava/383627223/.m2/org/aspectj/aspectjrt/1.8.12/aspectjrt-1.8.12.jar:/root/./workspace/Spartakon/topjava/383627223/.m2/org/springframework/security/spring-security-web/5.0.4.RELEASE/spring-security-web-5.0.4.RELEASE.jar:/root/./workspace/Spartakon/topjava/383627223/.m2/org/springframework/security/spring-security-core/5.0.4.RELEASE/spring-security-core-5.0.4.RELEASE.jar:/root/./workspace/Spartakon/topjava/383627223/.m2/org/springframework/spring-expression/5.0.4.RELEASE/spring-expression-5.0.4.RELEASE.jar:/root/./workspace/Spartakon/topjava/383627223/.m2/org/springframework/spring-web/5.0.4.RELEASE/spring-web-5.0.4.RELEASE.jar:/root/./workspace/Spartakon/topjava/383627223/.m2/org/springframework/security/spring-security-config/5.0.4.RELEASE/spring-security-config-5.0.4.RELEASE.jar:/root/./workspace/Spartakon/topjava/383627223/.m2/org/hibernate/hibernate-core/5.2.16.Final/hibernate-core-5.2.16.Final.jar:/root/./workspace/Spartakon/topjava/383627223/.m2/org/jboss/logging/jboss-logging/3.3.1.Final/jboss-logging-3.3.1.Final.jar:/root/./workspace/Spartakon/topjava/383627223/.m2/org/hibernate/javax/persistence/hibernate-jpa-2.1-api/1.0.0.Final/hibernate-jpa-2.1-api-1.0.0.Final.jar:/root/./workspace/Spartakon/topjava/383627223/.m2/org/javassist/javassist/3.22.0-GA/javassist-3.22.0-GA.jar:/root/./workspace/Spartakon/topjava/383627223/.m2/antlr/antlr/2.7.7/antlr-2.7.7.jar:/root/./workspace/Spartakon/topjava/383627223/.m2/org/jboss/spec/javax/transaction/jboss-transaction-api_1.2_spec/1.0.1.Final/jboss-transaction-api_1.2_spec-1.0.1.Final.jar:/root/./workspace/Spartakon/topjava/383627223/.m2/org/jboss/jandex/2.0.3.Final/jandex-2.0.3.Final.jar:/root/./workspace/Spartakon/topjava/383627223/.m2/com/fasterxml/classmate/1.3.0/classmate-1.3.0.jar:/root/./workspace/Spartakon/topjava/383627223/.m2/dom4j/dom4j/1.6.1/dom4j-1.6.1.jar:/root/./workspace/Spartakon/topjava/383627223/.m2/org/hibernate/common/hibernate-commons-annotations/5.0.1.Final/hibernate-commons-annotations-5.0.1.Final.jar:/root/./workspace/Spartakon/topjava/383627223/.m2/org/hibernate/validator/hibernate-validator/6.0.8.Final/hibernate-validator-6.0.8.Final.jar:/root/./workspace/Spartakon/topjava/383627223/.m2/javax/validation/validation-api/2.0.1.Final/validation-api-2.0.1.Final.jar:/root/./workspace/Spartakon/topjava/383627223/.m2/org/hibernate/hibernate-jcache/5.2.16.Final/hibernate-jcache-5.2.16.Final.jar:/root/./workspace/Spartakon/topjava/383627223/.m2/org/glassfish/javax.el/3.0.1-b10/javax.el-3.0.1-b10.jar:/root/./workspace/Spartakon/topjava/383627223/.m2/javax/cache/cache-api/1.0.0/cache-api-1.0.0.jar:/root/./workspace/Spartakon/topjava/383627223/.m2/org/ehcache/ehcache/3.5.2/ehcache-3.5.2.jar:/root/./workspace/Spartakon/topjava/383627223/.m2/org/apache/tomcat/tomcat-servlet-api/8.5.29/tomcat-servlet-api-8.5.29.jar:/root/./workspace/Spartakon/topjava/383627223/.m2/javax/servlet/jstl/1.2/jstl-1.2.jar:/root/./workspace/Spartakon/topjava/383627223/.m2/org/springframework/spring-webmvc/5.0.4.RELEASE/spring-webmvc-5.0.4.RELEASE.jar:/root/./workspace/Spartakon/topjava/383627223/.m2/org/webjars/jquery/3.3.1-1/jquery-3.3.1-1.jar:/root/./workspace/Spartakon/topjava/383627223/.m2/org/webjars/bootstrap/4.1.0/bootstrap-4.1.0.jar:/root/./workspace/Spartakon/topjava/383627223/.m2/org/webjars/popper.js/1.14.1/popper.js-1.14.1.jar:/root/./workspace/Spartakon/topjava/383627223/.m2/org/webjars/datatables/1.10.16/datatables-1.10.16.jar:/root/./workspace/Spartakon/topjava/383627223/.m2/org/webjars/bower/datetimepicker/2.5.14/datetimepicker-2.5.14.jar:/root/./workspace/Spartakon/topjava/383627223/.m2/org/webjars/bower/jquery-mousewheel/3.1.13/jquery-mousewheel-3.1.13.jar:/root/./workspace/Spartakon/topjava/383627223/.m2/org/webjars/bower/php-date-formatter/1.3.4/php-date-formatter-1.3.4.jar:/root/./workspace/Spartakon/topjava/383627223/.m2/org/webjars/bower/noty/3.1.0/noty-3.1.0.jar:/root/./workspace/Spartakon/topjava/383627223/.m2/com/fasterxml/jackson/core/jackson-databind/2.9.5/jackson-databind-2.9.5.jar:/root/./workspace/Spartakon/topjava/383627223/.m2/com/fasterxml/jackson/core/jackson-annotations/2.9.0/jackson-annotations-2.9.0.jar:/root/./workspace/Spartakon/topjava/383627223/.m2/com/fasterxml/jackson/core/jackson-core/2.9.5/jackson-core-2.9.5.jar:/root/./workspace/Spartakon/topjava/383627223/.m2/com/fasterxml/jackson/datatype/jackson-datatype-hibernate5/2.9.5/jackson-datatype-hibernate5-2.9.5.jar:/root/./workspace/Spartakon/topjava/383627223/.m2/javax/transaction/jta/1.1/jta-1.1.jar:/root/./workspace/Spartakon/topjava/383627223/.m2/com/fasterxml/jackson/datatype/jackson-datatype-jsr310/2.9.5/jackson-datatype-jsr310-2.9.5.jar:/root/./workspace/Spartakon/topjava/383627223/.m2/junit/junit/4.12/junit-4.12.jar:/root/./workspace/Spartakon/topjava/383627223/.m2/org/hamcrest/hamcrest-all/1.3/hamcrest-all-1.3.jar:/root/./workspace/Spartakon/topjava/383627223/.m2/org/skyscreamer/jsonassert/1.5.0/jsonassert-1.5.0.jar:/root/./workspace/Spartakon/topjava/383627223/.m2/com/vaadin/external/google/android-json/0.0.20131108.vaadin1/android-json-0.0.20131108.vaadin1.jar:/root/./workspace/Spartakon/topjava/383627223/.m2/org/springframework/spring-test/5.0.4.RELEASE/spring-test-5.0.4.RELEASE.jar:/root/./workspace/Spartakon/topjava/383627223/.m2/org/assertj/assertj-core/3.9.1/assertj-core-3.9.1.jar:/root/./workspace/Spartakon/topjava/383627223/.m2/org/postgresql/postgresql/42.2.1/postgresql-42.2.1.jar:/root/./workspace/Spartakon/topjava/383627223/.m2/org/apache/tomcat/tomcat-jdbc/8.5.29/tomcat-jdbc-8.5.29.jar:/root/./workspace/Spartakon/topjava/383627223/.m2/org/apache/tomcat/tomcat-juli/8.5.29/tomcat-juli-8.5.29.jar:"/>
    <property name="sun.cpu.endian" value="little"/>
    <property name="user.home" value="/root"/>
    <property name="user.language" value="en"/>
    <property name="java.specification.vendor" value="Oracle Corporation"/>
    <property name="java.home" value="/usr/lib/jvm/java-8-openjdk-amd64/jre"/>
    <property name="basedir" value="/root/workspace/Spartakon/topjava/383627223"/>
    <property name="file.separator" value="/"/>
    <property name="checkstyle.skip" value="true"/>
    <property name="line.separator" value="&#10;"/>
    <property name="skip.npm" value="true"/>
    <property name="java.vm.specification.vendor" value="Oracle Corporation"/>
    <property name="java.specification.name" value="Java Platform API Specification"/>
    <property name="java.awt.graphicsenv" value="sun.awt.X11GraphicsEnvironment"/>
    <property name="skipITs" value="true"/>
    <property name="surefire.real.class.path" value="/root/workspace/Spartakon/topjava/383627223/target/surefire/surefirebooter2477217664186354375.jar"/>
    <property name="cobertura.skip" value="true"/>
    <property name="sun.boot.class.path" value="/usr/lib/jvm/java-8-openjdk-amd64/jre/lib/resources.jar:/usr/lib/jvm/java-8-openjdk-amd64/jre/lib/rt.jar:/usr/lib/jvm/java-8-openjdk-amd64/jre/lib/sunrsasign.jar:/usr/lib/jvm/java-8-openjdk-amd64/jre/lib/jsse.jar:/usr/lib/jvm/java-8-openjdk-amd64/jre/lib/jce.jar:/usr/lib/jvm/java-8-openjdk-amd64/jre/lib/charsets.jar:/usr/lib/jvm/java-8-openjdk-amd64/jre/lib/jfr.jar:/usr/lib/jvm/java-8-openjdk-amd64/jre/classes"/>
    <property name="sun.management.compiler" value="HotSpot 64-Bit Tiered Compilers"/>
    <property name="java.runtime.version" value="1.8.0_121-8u121-b13-1~bpo8+1-b13"/>
    <property name="user.name" value="root"/>
    <property name="findbugs.skip" value="true"/>
    <property name="path.separator" value=":"/>
    <property name="os.version" value="3.10.0-862.2.3.el7.x86_64"/>
    <property name="java.endorsed.dirs" value="/usr/lib/jvm/java-8-openjdk-amd64/jre/lib/endorsed"/>
    <property name="java.runtime.name" value="OpenJDK Runtime Environment"/>
    <property name="file.encoding" value="UTF-8"/>
    <property name="java.vm.name" value="OpenJDK 64-Bit Server VM"/>
    <property name="localRepository" value="/root/./workspace/Spartakon/topjava/383627223/.m2"/>
    <property name="java.vendor.url.bug" value="http://bugreport.sun.com/bugreport/"/>
    <property name="java.io.tmpdir" value="/tmp"/>
    <property name="java.version" value="1.8.0_121"/>
    <property name="user.dir" value="/root/workspace/Spartakon/topjava/383627223"/>
    <property name="os.arch" value="amd64"/>
    <property name="license.skip" value="true"/>
    <property name="java.vm.specification.name" value="Java Virtual Machine Specification"/>
    <property name="java.awt.printerjob" value="sun.print.PSPrinterJob"/>
    <property name="sun.os.patch.level" value="unknown"/>
    <property name="java.library.path" value="/usr/java/packages/lib/amd64:/usr/lib/x86_64-linux-gnu/jni:/lib/x86_64-linux-gnu:/usr/lib/x86_64-linux-gnu:/usr/lib/jni:/lib:/usr/lib"/>
    <property name="java.vm.info" value="mixed mode"/>
    <property name="java.vendor" value="Oracle Corporation"/>
    <property name="java.vm.version" value="25.121-b13"/>
    <property name="java.ext.dirs" value="/usr/lib/jvm/java-8-openjdk-amd64/jre/lib/ext:/usr/java/packages/lib/ext"/>
    <property name="sun.io.unicode.encoding" value="UnicodeLittle"/>
    <property name="maven.repo.local" value="/root/./workspace/Spartakon/topjava/383627223/.m2"/>
    <property name="enforcer.skip" value="true"/>
    <property name="java.class.version" value="52.0"/>
  </properties>
  <testcase name="testDeleteNotFound" classname="ru.javawebinar.topjava.web.InMemoryAdminRestControllerTest" time="0.007"/>
  <testcase name="testDelete" classname="ru.javawebinar.topjava.web.InMemoryAdminRestControllerTest" time="0.012"/>
</testsuite>