<?xml version="1.0" encoding="UTF-8"?>
<testsuite xmlns:xsi="http://www.w3.org/2001/XMLSchema-instance" xsi:noNamespaceSchemaLocation="https://maven.apache.org/surefire/maven-surefire-plugin/xsd/surefire-test-report.xsd" name="de.malkusch.trashcollection.infrastructure.schedule.ical.ICalTrashCollectionScheduleServiceTest" time="0.39" tests="2" errors="0" skipped="0" failures="2">
  <properties>
    <property name="awt.toolkit" value="sun.awt.X11.XToolkit"/>
    <property name="file.encoding.pkg" value="sun.io"/>
    <property name="java.specification.version" value="1.8"/>
    <property name="sun.cpu.isalist" value=""/>
    <property name="sun.jnu.encoding" value="UTF-8"/>
    <property name="java.class.path" value="/root/workspace/malkusch/trashcollection/398144055/target/test-classes:/root/workspace/malkusch/trashcollection/398144055/target/classes:/root/./workspace/malkusch/trashcollection/398144055/.m2/org/springframework/statemachine/spring-statemachine-core/2.0.1.RELEASE/spring-statemachine-core-2.0.1.RELEASE.jar:/root/./workspace/malkusch/trashcollection/398144055/.m2/org/springframework/spring-tx/5.0.7.RELEASE/spring-tx-5.0.7.RELEASE.jar:/root/./workspace/malkusch/trashcollection/398144055/.m2/org/springframework/spring-beans/5.0.7.RELEASE/spring-beans-5.0.7.RELEASE.jar:/root/./workspace/malkusch/trashcollection/398144055/.m2/org/springframework/spring-messaging/5.0.7.RELEASE/spring-messaging-5.0.7.RELEASE.jar:/root/./workspace/malkusch/trashcollection/398144055/.m2/org/springframework/retry/spring-retry/1.2.2.RELEASE/spring-retry-1.2.2.RELEASE.jar:/root/./workspace/malkusch/trashcollection/398144055/.m2/org/springframework/spring-core/5.0.7.RELEASE/spring-core-5.0.7.RELEASE.jar:/root/./workspace/malkusch/trashcollection/398144055/.m2/org/springframework/spring-jcl/5.0.7.RELEASE/spring-jcl-5.0.7.RELEASE.jar:/root/./workspace/malkusch/trashcollection/398144055/.m2/org/aspectj/aspectjweaver/1.8.13/aspectjweaver-1.8.13.jar:/root/./workspace/malkusch/trashcollection/398144055/.m2/org/springframework/boot/spring-boot-devtools/2.0.3.RELEASE/spring-boot-devtools-2.0.3.RELEASE.jar:/root/./workspace/malkusch/trashcollection/398144055/.m2/org/springframework/boot/spring-boot/2.0.3.RELEASE/spring-boot-2.0.3.RELEASE.jar:/root/./workspace/malkusch/trashcollection/398144055/.m2/org/springframework/spring-context/5.0.7.RELEASE/spring-context-5.0.7.RELEASE.jar:/root/./workspace/malkusch/trashcollection/398144055/.m2/org/springframework/spring-aop/5.0.7.RELEASE/spring-aop-5.0.7.RELEASE.jar:/root/./workspace/malkusch/trashcollection/398144055/.m2/org/springframework/spring-expression/5.0.7.RELEASE/spring-expression-5.0.7.RELEASE.jar:/root/./workspace/malkusch/trashcollection/398144055/.m2/org/springframework/boot/spring-boot-autoconfigure/2.0.3.RELEASE/spring-boot-autoconfigure-2.0.3.RELEASE.jar:/root/./workspace/malkusch/trashcollection/398144055/.m2/org/slf4j/slf4j-api/1.7.25/slf4j-api-1.7.25.jar:/root/./workspace/malkusch/trashcollection/398144055/.m2/org/slf4j/jcl-over-slf4j/1.7.25/jcl-over-slf4j-1.7.25.jar:/root/./workspace/malkusch/trashcollection/398144055/.m2/ch/qos/logback/logback-classic/1.2.3/logback-classic-1.2.3.jar:/root/./workspace/malkusch/trashcollection/398144055/.m2/ch/qos/logback/logback-core/1.2.3/logback-core-1.2.3.jar:/root/./workspace/malkusch/trashcollection/398144055/.m2/org/mnode/ical4j/ical4j/3.0.0/ical4j-3.0.0.jar:/root/./workspace/malkusch/trashcollection/398144055/.m2/org/apache/commons/commons-lang3/3.7/commons-lang3-3.7.jar:/root/./workspace/malkusch/trashcollection/398144055/.m2/org/apache/commons/commons-collections4/4.1/commons-collections4-4.1.jar:/root/./workspace/malkusch/trashcollection/398144055/.m2/com/pi4j/pi4j-core/1.1/pi4j-core-1.1.jar:/root/./workspace/malkusch/trashcollection/398144055/.m2/commons-codec/commons-codec/1.11/commons-codec-1.11.jar:/root/./workspace/malkusch/trashcollection/398144055/.m2/junit/junit/4.12/junit-4.12.jar:/root/./workspace/malkusch/trashcollection/398144055/.m2/org/hamcrest/hamcrest-core/1.3/hamcrest-core-1.3.jar:/root/./workspace/malkusch/trashcollection/398144055/.m2/org/mockito/mockito-core/2.15.0/mockito-core-2.15.0.jar:/root/./workspace/malkusch/trashcollection/398144055/.m2/net/bytebuddy/byte-buddy/1.7.11/byte-buddy-1.7.11.jar:/root/./workspace/malkusch/trashcollection/398144055/.m2/net/bytebuddy/byte-buddy-agent/1.7.11/byte-buddy-agent-1.7.11.jar:/root/./workspace/malkusch/trashcollection/398144055/.m2/org/objenesis/objenesis/2.6/objenesis-2.6.jar:/root/./workspace/malkusch/trashcollection/398144055/.m2/org/springframework/boot/spring-boot-starter-test/2.0.3.RELEASE/spring-boot-starter-test-2.0.3.RELEASE.jar:/root/./workspace/malkusch/trashcollection/398144055/.m2/org/springframework/boot/spring-boot-starter/2.0.3.RELEASE/spring-boot-starter-2.0.3.RELEASE.jar:/root/./workspace/malkusch/trashcollection/398144055/.m2/org/springframework/boot/spring-boot-starter-logging/2.0.3.RELEASE/spring-boot-starter-logging-2.0.3.RELEASE.jar:/root/./workspace/malkusch/trashcollection/398144055/.m2/org/apache/logging/log4j/log4j-to-slf4j/2.10.0/log4j-to-slf4j-2.10.0.jar:/root/./workspace/malkusch/trashcollection/398144055/.m2/org/apache/logging/log4j/log4j-api/2.10.0/log4j-api-2.10.0.jar:/root/./workspace/malkusch/trashcollection/398144055/.m2/org/slf4j/jul-to-slf4j/1.7.25/jul-to-slf4j-1.7.25.jar:/root/./workspace/malkusch/trashcollection/398144055/.m2/javax/annotation/javax.annotation-api/1.3.2/javax.annotation-api-1.3.2.jar:/root/./workspace/malkusch/trashcollection/398144055/.m2/org/yaml/snakeyaml/1.19/snakeyaml-1.19.jar:/root/./workspace/malkusch/trashcollection/398144055/.m2/org/springframework/boot/spring-boot-test/2.0.3.RELEASE/spring-boot-test-2.0.3.RELEASE.jar:/root/./workspace/malkusch/trashcollection/398144055/.m2/org/springframework/boot/spring-boot-test-autoconfigure/2.0.3.RELEASE/spring-boot-test-autoconfigure-2.0.3.RELEASE.jar:/root/./workspace/malkusch/trashcollection/398144055/.m2/com/jayway/jsonpath/json-path/2.4.0/json-path-2.4.0.jar:/root/./workspace/malkusch/trashcollection/398144055/.m2/net/minidev/json-smart/2.3/json-smart-2.3.jar:/root/./workspace/malkusch/trashcollection/398144055/.m2/net/minidev/accessors-smart/1.2/accessors-smart-1.2.jar:/root/./workspace/malkusch/trashcollection/398144055/.m2/org/ow2/asm/asm/5.0.4/asm-5.0.4.jar:/root/./workspace/malkusch/trashcollection/398144055/.m2/org/assertj/assertj-core/3.9.1/assertj-core-3.9.1.jar:/root/./workspace/malkusch/trashcollection/398144055/.m2/org/hamcrest/hamcrest-library/1.3/hamcrest-library-1.3.jar:/root/./workspace/malkusch/trashcollection/398144055/.m2/org/skyscreamer/jsonassert/1.5.0/jsonassert-1.5.0.jar:/root/./workspace/malkusch/trashcollection/398144055/.m2/com/vaadin/external/google/android-json/0.0.20131108.vaadin1/android-json-0.0.20131108.vaadin1.jar:/root/./workspace/malkusch/trashcollection/398144055/.m2/org/springframework/spring-test/5.0.7.RELEASE/spring-test-5.0.7.RELEASE.jar:/root/./workspace/malkusch/trashcollection/398144055/.m2/org/xmlunit/xmlunit-core/2.5.1/xmlunit-core-2.5.1.jar:"/>
    <property name="java.vm.vendor" value="Oracle Corporation"/>
    <property name="skip.bower" value="true"/>
    <property name="sun.arch.data.model" value="64"/>
    <property name="java.vendor.url" value="http://java.oracle.com/"/>
    <property name="user.timezone" value=""/>
    <property name="java.vm.specification.version" value="1.8"/>
    <property name="os.name" value="Linux"/>
    <property name="rat.skip" value="true"/>
    <property name="gpg.skip" value="true"/>
    <property name="sun.java.launcher" value="SUN_STANDARD"/>
    <property name="sun.boot.library.path" value="/usr/lib/jvm/java-8-openjdk-amd64/jre/lib/amd64"/>
    <property name="skip.gulp" value="true"/>
    <property name="sun.java.command" value="/root/workspace/malkusch/trashcollection/398144055/target/surefire/surefirebooter4704950600706520729.jar /root/workspace/malkusch/trashcollection/398144055/target/surefire 2018-06-29T10-31-33_186-jvmRun1 surefire3990391620509200506tmp surefire_08647034177131224360tmp"/>
    <property name="dependency-check.skip" value="true"/>
    <property name="surefire.test.class.path" value="/root/workspace/malkusch/trashcollection/398144055/target/test-classes:/root/workspace/malkusch/trashcollection/398144055/target/classes:/root/./workspace/malkusch/trashcollection/398144055/.m2/org/springframework/statemachine/spring-statemachine-core/2.0.1.RELEASE/spring-statemachine-core-2.0.1.RELEASE.jar:/root/./workspace/malkusch/trashcollection/398144055/.m2/org/springframework/spring-tx/5.0.7.RELEASE/spring-tx-5.0.7.RELEASE.jar:/root/./workspace/malkusch/trashcollection/398144055/.m2/org/springframework/spring-beans/5.0.7.RELEASE/spring-beans-5.0.7.RELEASE.jar:/root/./workspace/malkusch/trashcollection/398144055/.m2/org/springframework/spring-messaging/5.0.7.RELEASE/spring-messaging-5.0.7.RELEASE.jar:/root/./workspace/malkusch/trashcollection/398144055/.m2/org/springframework/retry/spring-retry/1.2.2.RELEASE/spring-retry-1.2.2.RELEASE.jar:/root/./workspace/malkusch/trashcollection/398144055/.m2/org/springframework/spring-core/5.0.7.RELEASE/spring-core-5.0.7.RELEASE.jar:/root/./workspace/malkusch/trashcollection/398144055/.m2/org/springframework/spring-jcl/5.0.7.RELEASE/spring-jcl-5.0.7.RELEASE.jar:/root/./workspace/malkusch/trashcollection/398144055/.m2/org/aspectj/aspectjweaver/1.8.13/aspectjweaver-1.8.13.jar:/root/./workspace/malkusch/trashcollection/398144055/.m2/org/springframework/boot/spring-boot-devtools/2.0.3.RELEASE/spring-boot-devtools-2.0.3.RELEASE.jar:/root/./workspace/malkusch/trashcollection/398144055/.m2/org/springframework/boot/spring-boot/2.0.3.RELEASE/spring-boot-2.0.3.RELEASE.jar:/root/./workspace/malkusch/trashcollection/398144055/.m2/org/springframework/spring-context/5.0.7.RELEASE/spring-context-5.0.7.RELEASE.jar:/root/./workspace/malkusch/trashcollection/398144055/.m2/org/springframework/spring-aop/5.0.7.RELEASE/spring-aop-5.0.7.RELEASE.jar:/root/./workspace/malkusch/trashcollection/398144055/.m2/org/springframework/spring-expression/5.0.7.RELEASE/spring-expression-5.0.7.RELEASE.jar:/root/./workspace/malkusch/trashcollection/398144055/.m2/org/springframework/boot/spring-boot-autoconfigure/2.0.3.RELEASE/spring-boot-autoconfigure-2.0.3.RELEASE.jar:/root/./workspace/malkusch/trashcollection/398144055/.m2/org/slf4j/slf4j-api/1.7.25/slf4j-api-1.7.25.jar:/root/./workspace/malkusch/trashcollection/398144055/.m2/org/slf4j/jcl-over-slf4j/1.7.25/jcl-over-slf4j-1.7.25.jar:/root/./workspace/malkusch/trashcollection/398144055/.m2/ch/qos/logback/logback-classic/1.2.3/logback-classic-1.2.3.jar:/root/./workspace/malkusch/trashcollection/398144055/.m2/ch/qos/logback/logback-core/1.2.3/logback-core-1.2.3.jar:/root/./workspace/malkusch/trashcollection/398144055/.m2/org/mnode/ical4j/ical4j/3.0.0/ical4j-3.0.0.jar:/root/./workspace/malkusch/trashcollection/398144055/.m2/org/apache/commons/commons-lang3/3.7/commons-lang3-3.7.jar:/root/./workspace/malkusch/trashcollection/398144055/.m2/org/apache/commons/commons-collections4/4.1/commons-collections4-4.1.jar:/root/./workspace/malkusch/trashcollection/398144055/.m2/com/pi4j/pi4j-core/1.1/pi4j-core-1.1.jar:/root/./workspace/malkusch/trashcollection/398144055/.m2/commons-codec/commons-codec/1.11/commons-codec-1.11.jar:/root/./workspace/malkusch/trashcollection/398144055/.m2/junit/junit/4.12/junit-4.12.jar:/root/./workspace/malkusch/trashcollection/398144055/.m2/org/hamcrest/hamcrest-core/1.3/hamcrest-core-1.3.jar:/root/./workspace/malkusch/trashcollection/398144055/.m2/org/mockito/mockito-core/2.15.0/mockito-core-2.15.0.jar:/root/./workspace/malkusch/trashcollection/398144055/.m2/net/bytebuddy/byte-buddy/1.7.11/byte-buddy-1.7.11.jar:/root/./workspace/malkusch/trashcollection/398144055/.m2/net/bytebuddy/byte-buddy-agent/1.7.11/byte-buddy-agent-1.7.11.jar:/root/./workspace/malkusch/trashcollection/398144055/.m2/org/objenesis/objenesis/2.6/objenesis-2.6.jar:/root/./workspace/malkusch/trashcollection/398144055/.m2/org/springframework/boot/spring-boot-starter-test/2.0.3.RELEASE/spring-boot-starter-test-2.0.3.RELEASE.jar:/root/./workspace/malkusch/trashcollection/398144055/.m2/org/springframework/boot/spring-boot-starter/2.0.3.RELEASE/spring-boot-starter-2.0.3.RELEASE.jar:/root/./workspace/malkusch/trashcollection/398144055/.m2/org/springframework/boot/spring-boot-starter-logging/2.0.3.RELEASE/spring-boot-starter-logging-2.0.3.RELEASE.jar:/root/./workspace/malkusch/trashcollection/398144055/.m2/org/apache/logging/log4j/log4j-to-slf4j/2.10.0/log4j-to-slf4j-2.10.0.jar:/root/./workspace/malkusch/trashcollection/398144055/.m2/org/apache/logging/log4j/log4j-api/2.10.0/log4j-api-2.10.0.jar:/root/./workspace/malkusch/trashcollection/398144055/.m2/org/slf4j/jul-to-slf4j/1.7.25/jul-to-slf4j-1.7.25.jar:/root/./workspace/malkusch/trashcollection/398144055/.m2/javax/annotation/javax.annotation-api/1.3.2/javax.annotation-api-1.3.2.jar:/root/./workspace/malkusch/trashcollection/398144055/.m2/org/yaml/snakeyaml/1.19/snakeyaml-1.19.jar:/root/./workspace/malkusch/trashcollection/398144055/.m2/org/springframework/boot/spring-boot-test/2.0.3.RELEASE/spring-boot-test-2.0.3.RELEASE.jar:/root/./workspace/malkusch/trashcollection/398144055/.m2/org/springframework/boot/spring-boot-test-autoconfigure/2.0.3.RELEASE/spring-boot-test-autoconfigure-2.0.3.RELEASE.jar:/root/./workspace/malkusch/trashcollection/398144055/.m2/com/jayway/jsonpath/json-path/2.4.0/json-path-2.4.0.jar:/root/./workspace/malkusch/trashcollection/398144055/.m2/net/minidev/json-smart/2.3/json-smart-2.3.jar:/root/./workspace/malkusch/trashcollection/398144055/.m2/net/minidev/accessors-smart/1.2/accessors-smart-1.2.jar:/root/./workspace/malkusch/trashcollection/398144055/.m2/org/ow2/asm/asm/5.0.4/asm-5.0.4.jar:/root/./workspace/malkusch/trashcollection/398144055/.m2/org/assertj/assertj-core/3.9.1/assertj-core-3.9.1.jar:/root/./workspace/malkusch/trashcollection/398144055/.m2/org/hamcrest/hamcrest-library/1.3/hamcrest-library-1.3.jar:/root/./workspace/malkusch/trashcollection/398144055/.m2/org/skyscreamer/jsonassert/1.5.0/jsonassert-1.5.0.jar:/root/./workspace/malkusch/trashcollection/398144055/.m2/com/vaadin/external/google/android-json/0.0.20131108.vaadin1/android-json-0.0.20131108.vaadin1.jar:/root/./workspace/malkusch/trashcollection/398144055/.m2/org/springframework/spring-test/5.0.7.RELEASE/spring-test-5.0.7.RELEASE.jar:/root/./workspace/malkusch/trashcollection/398144055/.m2/org/xmlunit/xmlunit-core/2.5.1/xmlunit-core-2.5.1.jar:"/>
    <property name="sun.cpu.endian" value="little"/>
    <property name="user.home" value="/root"/>
    <property name="user.language" value="en"/>
    <property name="java.specification.vendor" value="Oracle Corporation"/>
    <property name="java.home" value="/usr/lib/jvm/java-8-openjdk-amd64/jre"/>
    <property name="basedir" value="/root/workspace/malkusch/trashcollection/398144055"/>
    <property name="file.separator" value="/"/>
    <property name="checkstyle.skip" value="true"/>
    <property name="line.separator" value="&#10;"/>
    <property name="skip.npm" value="true"/>
    <property name="java.vm.specification.vendor" value="Oracle Corporation"/>
    <property name="java.specification.name" value="Java Platform API Specification"/>
    <property name="java.awt.graphicsenv" value="sun.awt.X11GraphicsEnvironment"/>
    <property name="skipITs" value="true"/>
    <property name="surefire.real.class.path" value="/root/workspace/malkusch/trashcollection/398144055/target/surefire/surefirebooter4704950600706520729.jar"/>
    <property name="cobertura.skip" value="true"/>
    <property name="sun.boot.class.path" value="/usr/lib/jvm/java-8-openjdk-amd64/jre/lib/resources.jar:/usr/lib/jvm/java-8-openjdk-amd64/jre/lib/rt.jar:/usr/lib/jvm/java-8-openjdk-amd64/jre/lib/sunrsasign.jar:/usr/lib/jvm/java-8-openjdk-amd64/jre/lib/jsse.jar:/usr/lib/jvm/java-8-openjdk-amd64/jre/lib/jce.jar:/usr/lib/jvm/java-8-openjdk-amd64/jre/lib/charsets.jar:/usr/lib/jvm/java-8-openjdk-amd64/jre/lib/jfr.jar:/usr/lib/jvm/java-8-openjdk-amd64/jre/classes"/>
    <property name="sun.management.compiler" value="HotSpot 64-Bit Tiered Compilers"/>
    <property name="java.runtime.version" value="1.8.0_121-8u121-b13-1~bpo8+1-b13"/>
    <property name="user.name" value="root"/>
    <property name="findbugs.skip" value="true"/>
    <property name="path.separator" value=":"/>
    <property name="os.version" value="3.10.0-862.2.3.el7.x86_64"/>
    <property name="java.endorsed.dirs" value="/usr/lib/jvm/java-8-openjdk-amd64/jre/lib/endorsed"/>
    <property name="java.runtime.name" value="OpenJDK Runtime Environment"/>
    <property name="file.encoding" value="UTF-8"/>
    <property name="java.vm.name" value="OpenJDK 64-Bit Server VM"/>
    <property name="localRepository" value="/root/./workspace/malkusch/trashcollection/398144055/.m2"/>
    <property name="java.vendor.url.bug" value="http://bugreport.sun.com/bugreport/"/>
    <property name="java.io.tmpdir" value="/tmp"/>
    <property name="java.version" value="1.8.0_121"/>
    <property name="user.dir" value="/root/workspace/malkusch/trashcollection/398144055"/>
    <property name="os.arch" value="amd64"/>
    <property name="license.skip" value="true"/>
    <property name="java.vm.specification.name" value="Java Virtual Machine Specification"/>
    <property name="java.awt.printerjob" value="sun.print.PSPrinterJob"/>
    <property name="sun.os.patch.level" value="unknown"/>
    <property name="java.library.path" value="/usr/java/packages/lib/amd64:/usr/lib/x86_64-linux-gnu/jni:/lib/x86_64-linux-gnu:/usr/lib/x86_64-linux-gnu:/usr/lib/jni:/lib:/usr/lib"/>
    <property name="java.vm.info" value="mixed mode"/>
    <property name="java.vendor" value="Oracle Corporation"/>
    <property name="java.vm.version" value="25.121-b13"/>
    <property name="java.ext.dirs" value="/usr/lib/jvm/java-8-openjdk-amd64/jre/lib/ext:/usr/java/packages/lib/ext"/>
    <property name="sun.io.unicode.encoding" value="UnicodeLittle"/>
    <property name="maven.repo.local" value="/root/./workspace/malkusch/trashcollection/398144055/.m2"/>
    <property name="enforcer.skip" value="true"/>
    <property name="java.class.version" value="52.0"/>
  </properties>
  <testcase name="testFindNextCollectionAfter" classname="de.malkusch.trashcollection.infrastructure.schedule.ical.ICalTrashCollectionScheduleServiceTest" time="0.387">
    <failure message="testFindNextCollectionAfter(&quot;[Ljava.lang.Object;@1e04fa0a&quot; &lt;from testFindNextCollectionAfter[0]&gt;)" type="org.junit.experimental.theories.internal.ParameterizedAssertionError"><![CDATA[org.junit.experimental.theories.internal.ParameterizedAssertionError: testFindNextCollectionAfter("[Ljava.lang.Object;@1e04fa0a" <from testFindNextCollectionAfter[0]>)
	at de.malkusch.trashcollection.infrastructure.schedule.ical.ICalTrashCollectionScheduleServiceTest.buildService(ICalTrashCollectionScheduleServiceTest.java:102)
	at de.malkusch.trashcollection.infrastructure.schedule.ical.ICalTrashCollectionScheduleServiceTest.buildService(ICalTrashCollectionScheduleServiceTest.java:88)
	at de.malkusch.trashcollection.infrastructure.schedule.ical.ICalTrashCollectionScheduleServiceTest.testFindNextCollectionAfter(ICalTrashCollectionScheduleServiceTest.java:74)
Caused by: java.lang.IllegalAccessError: no such constructor: net.fortuna.ical4j.util.JCacheTimeZoneCache.<init>()void/newInvokeSpecial
	at de.malkusch.trashcollection.infrastructure.schedule.ical.ICalTrashCollectionScheduleServiceTest.buildService(ICalTrashCollectionScheduleServiceTest.java:102)
	at de.malkusch.trashcollection.infrastructure.schedule.ical.ICalTrashCollectionScheduleServiceTest.buildService(ICalTrashCollectionScheduleServiceTest.java:88)
	at de.malkusch.trashcollection.infrastructure.schedule.ical.ICalTrashCollectionScheduleServiceTest.testFindNextCollectionAfter(ICalTrashCollectionScheduleServiceTest.java:74)
Caused by: java.lang.NoClassDefFoundError: javax/cache/configuration/Configuration
	at de.malkusch.trashcollection.infrastructure.schedule.ical.ICalTrashCollectionScheduleServiceTest.buildService(ICalTrashCollectionScheduleServiceTest.java:102)
	at de.malkusch.trashcollection.infrastructure.schedule.ical.ICalTrashCollectionScheduleServiceTest.buildService(ICalTrashCollectionScheduleServiceTest.java:88)
	at de.malkusch.trashcollection.infrastructure.schedule.ical.ICalTrashCollectionScheduleServiceTest.testFindNextCollectionAfter(ICalTrashCollectionScheduleServiceTest.java:74)
Caused by: java.lang.ClassNotFoundException: javax.cache.configuration.Configuration
	at de.malkusch.trashcollection.infrastructure.schedule.ical.ICalTrashCollectionScheduleServiceTest.buildService(ICalTrashCollectionScheduleServiceTest.java:102)
	at de.malkusch.trashcollection.infrastructure.schedule.ical.ICalTrashCollectionScheduleServiceTest.buildService(ICalTrashCollectionScheduleServiceTest.java:88)
	at de.malkusch.trashcollection.infrastructure.schedule.ical.ICalTrashCollectionScheduleServiceTest.testFindNextCollectionAfter(ICalTrashCollectionScheduleServiceTest.java:74)
]]></failure>
    <system-out><![CDATA[10:31:34.894 [main] DEBUG net.fortuna.ical4j.model.TimeZoneRegistryImpl - Error loading custom timezone aliases: null
]]></system-out>
  </testcase>
  <testcase name="testFindNextCollection" classname="de.malkusch.trashcollection.infrastructure.schedule.ical.ICalTrashCollectionScheduleServiceTest" time="0.003">
    <failure message="testFindNextCollection(&quot;[Ljava.lang.Object;@bae7dc0&quot; &lt;from testFindNextCollection[0]&gt;)" type="org.junit.experimental.theories.internal.ParameterizedAssertionError"><![CDATA[org.junit.experimental.theories.internal.ParameterizedAssertionError: testFindNextCollection("[Ljava.lang.Object;@bae7dc0" <from testFindNextCollection[0]>)
	at de.malkusch.trashcollection.infrastructure.schedule.ical.ICalTrashCollectionScheduleServiceTest.buildService(ICalTrashCollectionScheduleServiceTest.java:102)
	at de.malkusch.trashcollection.infrastructure.schedule.ical.ICalTrashCollectionScheduleServiceTest.testFindNextCollection(ICalTrashCollectionScheduleServiceTest.java:56)
Caused by: java.lang.IllegalAccessError: 
	at de.malkusch.trashcollection.infrastructure.schedule.ical.ICalTrashCollectionScheduleServiceTest.buildService(ICalTrashCollectionScheduleServiceTest.java:102)
	at de.malkusch.trashcollection.infrastructure.schedule.ical.ICalTrashCollectionScheduleServiceTest.testFindNextCollection(ICalTrashCollectionScheduleServiceTest.java:56)
]]></failure>
  </testcase>
</testsuite>