<?xml version="1.0" encoding="UTF-8"?>
<testsuite xmlns:xsi="http://www.w3.org/2001/XMLSchema-instance" xsi:noNamespaceSchemaLocation="https://maven.apache.org/surefire/maven-surefire-plugin/xsd/surefire-test-report.xsd" name="jmri.jmrit.operations.trains.TrainBuilderTest" time="8.989" tests="112" errors="0" skipped="0" failures="0">
  <properties>
    <property name="java.runtime.name" value="OpenJDK Runtime Environment"/>
    <property name="sun.boot.library.path" value="/usr/lib/jvm/java-8-openjdk-amd64/jre/lib/amd64"/>
    <property name="java.vm.version" value="25.121-b13"/>
    <property name="java.vm.vendor" value="Oracle Corporation"/>
    <property name="maven.multiModuleProjectDirectory" value="/root/workspace/JMRI/JMRI/385995027"/>
    <property name="java.vendor.url" value="http://java.oracle.com/"/>
    <property name="path.separator" value=":"/>
    <property name="guice.disable.misplaced.annotation.check" value="true"/>
    <property name="skip.gulp" value="true"/>
    <property name="java.vm.name" value="OpenJDK 64-Bit Server VM"/>
    <property name="file.encoding.pkg" value="sun.io"/>
    <property name="sun.java.launcher" value="SUN_STANDARD"/>
    <property name="sun.os.patch.level" value="unknown"/>
    <property name="findbugs.skip" value="true"/>
    <property name="java.vm.specification.name" value="Java Virtual Machine Specification"/>
    <property name="user.dir" value="/root/workspace/JMRI/JMRI/385995027"/>
    <property name="checkstyle.skip" value="true"/>
    <property name="java.runtime.version" value="1.8.0_121-8u121-b13-1~bpo8+1-b13"/>
    <property name="java.awt.graphicsenv" value="sun.awt.X11GraphicsEnvironment"/>
    <property name="skip.npm" value="true"/>
    <property name="java.endorsed.dirs" value="/usr/lib/jvm/java-8-openjdk-amd64/jre/lib/endorsed"/>
    <property name="os.arch" value="amd64"/>
    <property name="java.io.tmpdir" value="/tmp"/>
    <property name="gpg.skip" value="true"/>
    <property name="line.separator" value="&#10;"/>
    <property name="java.vm.specification.vendor" value="Oracle Corporation"/>
    <property name="cobertura.skip" value="true"/>
    <property name="os.name" value="Linux"/>
    <property name="classworlds.conf" value="/usr/share/maven/bin/m2.conf"/>
    <property name="sun.jnu.encoding" value="UTF-8"/>
    <property name="java.library.path" value="/usr/java/packages/lib/amd64:/usr/lib/x86_64-linux-gnu/jni:/lib/x86_64-linux-gnu:/usr/lib/x86_64-linux-gnu:/usr/lib/jni:/lib:/usr/lib"/>
    <property name="license.skip" value="true"/>
    <property name="java.specification.name" value="Java Platform API Specification"/>
    <property name="java.class.version" value="52.0"/>
    <property name="sun.management.compiler" value="HotSpot 64-Bit Tiered Compilers"/>
    <property name="skip.bower" value="true"/>
    <property name="maven.repo.local" value="/root/./workspace/JMRI/JMRI/385995027/.m2"/>
    <property name="os.version" value="3.10.0-862.2.3.el7.x86_64"/>
    <property name="user.home" value="/root"/>
    <property name="user.timezone" value="Europe/Paris"/>
    <property name="java.awt.printerjob" value="sun.print.PSPrinterJob"/>
    <property name="java.specification.version" value="1.8"/>
    <property name="file.encoding" value="UTF-8"/>
    <property name="user.name" value="root"/>
    <property name="java.class.path" value="/usr/share/maven/boot/plexus-classworlds-2.5.2.jar"/>
    <property name="skipITs" value="true"/>
    <property name="java.vm.specification.version" value="1.8"/>
    <property name="sun.arch.data.model" value="64"/>
    <property name="java.home" value="/usr/lib/jvm/java-8-openjdk-amd64/jre"/>
    <property name="sun.java.command" value="org.codehaus.plexus.classworlds.launcher.Launcher -B -D enforcer.skip=true -D dependency-check.skip=true -D skipITs=true -D cobertura.skip=true -D maven.repo.local=/root/./workspace/JMRI/JMRI/385995027/.m2 -D rat.skip=true -D findbugs.skip=true -D skip.bower=true -D gpg.skip=true -D checkstyle.skip=true -D skip.gulp=true -D license.skip=true -D skip.npm=true test"/>
    <property name="java.specification.vendor" value="Oracle Corporation"/>
    <property name="user.language" value="en"/>
    <property name="awt.toolkit" value="sun.awt.X11.XToolkit"/>
    <property name="dependency-check.skip" value="true"/>
    <property name="java.vm.info" value="mixed mode"/>
    <property name="java.version" value="1.8.0_121"/>
    <property name="java.ext.dirs" value="/usr/lib/jvm/java-8-openjdk-amd64/jre/lib/ext:/usr/java/packages/lib/ext"/>
    <property name="securerandom.source" value="file:/dev/./urandom"/>
    <property name="sun.boot.class.path" value="/usr/lib/jvm/java-8-openjdk-amd64/jre/lib/resources.jar:/usr/lib/jvm/java-8-openjdk-amd64/jre/lib/rt.jar:/usr/lib/jvm/java-8-openjdk-amd64/jre/lib/sunrsasign.jar:/usr/lib/jvm/java-8-openjdk-amd64/jre/lib/jsse.jar:/usr/lib/jvm/java-8-openjdk-amd64/jre/lib/jce.jar:/usr/lib/jvm/java-8-openjdk-amd64/jre/lib/charsets.jar:/usr/lib/jvm/java-8-openjdk-amd64/jre/lib/jfr.jar:/usr/lib/jvm/java-8-openjdk-amd64/jre/classes"/>
    <property name="java.vendor" value="Oracle Corporation"/>
    <property name="enforcer.skip" value="true"/>
    <property name="rat.skip" value="true"/>
    <property name="maven.home" value="/usr/share/maven"/>
    <property name="file.separator" value="/"/>
    <property name="java.vendor.url.bug" value="http://bugreport.sun.com/bugreport/"/>
    <property name="sun.cpu.endian" value="little"/>
    <property name="sun.io.unicode.encoding" value="UnicodeLittle"/>
    <property name="sun.cpu.isalist" value=""/>
  </properties>
  <testcase name="testStagingtoStagingTrackLength" classname="jmri.jmrit.operations.trains.TrainBuilderTest" time="0.094"/>
  <testcase name="testStagingtoStagingTrainDepartureControls" classname="jmri.jmrit.operations.trains.TrainBuilderTest" time="0.067"/>
  <testcase name="testStagingtoStagingTrackDirection" classname="jmri.jmrit.operations.trains.TrainBuilderTest" time="0.064"/>
  <testcase name="testLocalPlannedPickups" classname="jmri.jmrit.operations.trains.TrainBuilderTest" time="0.071"/>
  <testcase name="testStagingtoStagingTrainTerminateControls" classname="jmri.jmrit.operations.trains.TrainBuilderTest" time="0.087"/>
  <testcase name="testCarOrderNORMAL" classname="jmri.jmrit.operations.trains.TrainBuilderTest" time="0.048"/>
  <testcase name="testStagingPromptFrom" classname="jmri.jmrit.operations.trains.TrainBuilderTest" time="0.071"/>
  <testcase name="testAutoEnginesBuildFailNoEngines" classname="jmri.jmrit.operations.trains.TrainBuilderTest" time="0.05"/>
  <testcase name="testFindFinalDestinationForCarLoadAlternateTrack" classname="jmri.jmrit.operations.trains.TrainBuilderTest" time="0.086"/>
  <testcase name="testCarScheduledPickup" classname="jmri.jmrit.operations.trains.TrainBuilderTest" time="0.087"/>
  <testcase name="testEnginesToTerminal" classname="jmri.jmrit.operations.trains.TrainBuilderTest" time="0.062"/>
  <testcase name="testCarOutOfService" classname="jmri.jmrit.operations.trains.TrainBuilderTest" time="0.073"/>
  <testcase name="testStagingPromptTo" classname="jmri.jmrit.operations.trains.TrainBuilderTest" time="0.067"/>
  <testcase name="testStagingtoStagingEngineTypeNames" classname="jmri.jmrit.operations.trains.TrainBuilderTest" time="0.067"/>
  <testcase name="testStagingtoStagingEngineModel" classname="jmri.jmrit.operations.trains.TrainBuilderTest" time="0.066"/>
  <testcase name="testTrainBuildOptionsRouting" classname="jmri.jmrit.operations.trains.TrainBuilderTest" time="0.063"/>
  <testcase name="testStagingtoStagingCabooseWithDestination" classname="jmri.jmrit.operations.trains.TrainBuilderTest" time="0.068"/>
  <testcase name="testAlternateTrackAggressiveMode" classname="jmri.jmrit.operations.trains.TrainBuilderTest" time="0.077"/>
  <testcase name="testLocalBuildOptions" classname="jmri.jmrit.operations.trains.TrainBuilderTest" time="0.076"/>
  <testcase name="testTrainBuildOptionSendCarToTerminal" classname="jmri.jmrit.operations.trains.TrainBuilderTest" time="0.074"/>
  <testcase name="testBunit" classname="jmri.jmrit.operations.trains.TrainBuilderTest" time="0.072"/>
  <testcase name="testLocal" classname="jmri.jmrit.operations.trains.TrainBuilderTest" time="0.115"/>
  <testcase name="testStagingtoStagingCarBuiltDate" classname="jmri.jmrit.operations.trains.TrainBuilderTest" time="0.106"/>
  <testcase name="testCtor" classname="jmri.jmrit.operations.trains.TrainBuilderTest" time="0.047"/>
  <testcase name="testMaxEngines" classname="jmri.jmrit.operations.trains.TrainBuilderTest" time="0.057"/>
  <testcase name="testStagingtoStagingCarOutOfService" classname="jmri.jmrit.operations.trains.TrainBuilderTest" time="0.062"/>
  <testcase name="testCabooseAndCarsWithFredDepartingStaging" classname="jmri.jmrit.operations.trains.TrainBuilderTest" time="0.178"/>
  <testcase name="testAlternateTrackInterchange" classname="jmri.jmrit.operations.trains.TrainBuilderTest" time="0.12"/>
  <testcase name="testStagingtoStagingEngineAssignedToTrain" classname="jmri.jmrit.operations.trains.TrainBuilderTest" time="0.065"/>
  <testcase name="testNoRouteBuild" classname="jmri.jmrit.operations.trains.TrainBuilderTest" time="0.048"/>
  <testcase name="testCarOrderFIFO" classname="jmri.jmrit.operations.trains.TrainBuilderTest" time="0.046"/>
  <testcase name="testCarOrderLIFO" classname="jmri.jmrit.operations.trains.TrainBuilderTest" time="0.048"/>
  <testcase name="testStagingtoStagingRouteMoves" classname="jmri.jmrit.operations.trains.TrainBuilderTest" time="0.065"/>
  <testcase name="testTrainLengthRestricions" classname="jmri.jmrit.operations.trains.TrainBuilderTest" time="0.068"/>
  <testcase name="testCarsWithFred" classname="jmri.jmrit.operations.trains.TrainBuilderTest" time="0.11"/>
  <testcase name="testScheduleLoads" classname="jmri.jmrit.operations.trains.TrainBuilderTest" time="0.111"/>
  <testcase name="testAutoEnginesSingleEngine" classname="jmri.jmrit.operations.trains.TrainBuilderTest" time="0.062"/>
  <testcase name="testStagingtoStagingTerminalTrackCarLoadRestrications" classname="jmri.jmrit.operations.trains.TrainBuilderTest" time="0.117"/>
  <testcase name="testStagingtoStagingCarRoadNames" classname="jmri.jmrit.operations.trains.TrainBuilderTest" time="0.086"/>
  <testcase name="testStagingtoStagingCarWithDestination" classname="jmri.jmrit.operations.trains.TrainBuilderTest" time="0.076"/>
  <testcase name="testStagingtoStagingTrainDepartureTrainLength" classname="jmri.jmrit.operations.trains.TrainBuilderTest" time="0.073"/>
  <testcase name="testStagingtoStagingRequiredNumberOfEngines" classname="jmri.jmrit.operations.trains.TrainBuilderTest" time="0.096"/>
  <testcase name="testRouteLocationsBuild" classname="jmri.jmrit.operations.trains.TrainBuilderTest" time="0.094"/>
  <testcase name="testCarDestinationsA" classname="jmri.jmrit.operations.trains.TrainBuilderTest" time="0.098"/>
  <testcase name="testTrainBuildOptionsRestrictedDestinations" classname="jmri.jmrit.operations.trains.TrainBuilderTest" time="0.139"/>
  <testcase name="testTrainBuildOptionsRoutingRestrictedTrains" classname="jmri.jmrit.operations.trains.TrainBuilderTest" time="0.083"/>
  <testcase name="testCarWithFinalDesinationA" classname="jmri.jmrit.operations.trains.TrainBuilderTest" time="0.077"/>
  <testcase name="testCarKernels" classname="jmri.jmrit.operations.trains.TrainBuilderTest" time="0.077"/>
  <testcase name="testStagingtoStaging" classname="jmri.jmrit.operations.trains.TrainBuilderTest" time="0.089"/>
  <testcase name="testStagingToStagingToStaging" classname="jmri.jmrit.operations.trains.TrainBuilderTest" time="0.065"/>
  <testcase name="testCabooseChanges" classname="jmri.jmrit.operations.trains.TrainBuilderTest" time="0.105"/>
  <testcase name="testFindFinalDestinationForCarLoadToStaging" classname="jmri.jmrit.operations.trains.TrainBuilderTest" time="0.104"/>
  <testcase name="testCaboose" classname="jmri.jmrit.operations.trains.TrainBuilderTest" time="0.147"/>
  <testcase name="testCarWait" classname="jmri.jmrit.operations.trains.TrainBuilderTest" time="0.069"/>
  <testcase name="testBuildConsistFromSingleLocos" classname="jmri.jmrit.operations.trains.TrainBuilderTest" time="0.068"/>
  <testcase name="testStagingtoStagingCarAssignedToTrain" classname="jmri.jmrit.operations.trains.TrainBuilderTest" time="0.064"/>
  <testcase name="testAlternateTrackTrainDirections" classname="jmri.jmrit.operations.trains.TrainBuilderTest" time="0.113"/>
  <testcase name="testStagingtoStagingCarsInKernel" classname="jmri.jmrit.operations.trains.TrainBuilderTest" time="0.07"/>
  <testcase name="testStagingtoStagingEngineRoadNamesA" classname="jmri.jmrit.operations.trains.TrainBuilderTest" time="0.068"/>
  <testcase name="testStagingtoStagingEngineRoadNamesB" classname="jmri.jmrit.operations.trains.TrainBuilderTest" time="0.066"/>
  <testcase name="testTrainBuildOptionsNoThroughCars" classname="jmri.jmrit.operations.trains.TrainBuilderTest" time="0.065"/>
  <testcase name="testStagingtoStagingCarLocationUnknown" classname="jmri.jmrit.operations.trains.TrainBuilderTest" time="0.06"/>
  <testcase name="testAutoEnginesTwoEngines" classname="jmri.jmrit.operations.trains.TrainBuilderTest" time="0.057"/>
  <testcase name="testTrainBuildOptions" classname="jmri.jmrit.operations.trains.TrainBuilderTest" time="0.093"/>
  <testcase name="testCarBlockingFromStagingA" classname="jmri.jmrit.operations.trains.TrainBuilderTest" time="0.103"/>
  <testcase name="testCarBlockingFromStagingB" classname="jmri.jmrit.operations.trains.TrainBuilderTest" time="0.073"/>
  <testcase name="testCarBlockingFromStagingC" classname="jmri.jmrit.operations.trains.TrainBuilderTest" time="0.064"/>
  <testcase name="testCarBlockingFromStagingD" classname="jmri.jmrit.operations.trains.TrainBuilderTest" time="0.064"/>
  <testcase name="testCarBlockingFromStagingE" classname="jmri.jmrit.operations.trains.TrainBuilderTest" time="0.122"/>
  <testcase name="testCarBlockingFromStagingF" classname="jmri.jmrit.operations.trains.TrainBuilderTest" time="0.068"/>
  <testcase name="testSpursWithSchedules" classname="jmri.jmrit.operations.trains.TrainBuilderTest" time="0.065"/>
  <testcase name="testStagingtoStagingTrainTurnA" classname="jmri.jmrit.operations.trains.TrainBuilderTest" time="0.08"/>
  <testcase name="testStagingtoStagingTrainTurnB" classname="jmri.jmrit.operations.trains.TrainBuilderTest" time="0.071"/>
  <testcase name="testStagingtoStagingCarWithFinalDestination" classname="jmri.jmrit.operations.trains.TrainBuilderTest" time="0.066"/>
  <testcase name="testStagingtoStaging2" classname="jmri.jmrit.operations.trains.TrainBuilderTest" time="0.069"/>
  <testcase name="testStagingtoStagingU" classname="jmri.jmrit.operations.trains.TrainBuilderTest" time="0.095"/>
  <testcase name="testStagingtoStagingTrainCarLoadRestrications" classname="jmri.jmrit.operations.trains.TrainBuilderTest" time="0.094"/>
  <testcase name="testStagingtoStagingLocationCarType" classname="jmri.jmrit.operations.trains.TrainBuilderTest" time="0.065"/>
  <testcase name="testEngineChanges" classname="jmri.jmrit.operations.trains.TrainBuilderTest" time="0.109"/>
  <testcase name="testStagingtoStagingAggressiveMode" classname="jmri.jmrit.operations.trains.TrainBuilderTest" time="0.075"/>
  <testcase name="testFindFinalDestinationForCarLoadA" classname="jmri.jmrit.operations.trains.TrainBuilderTest" time="0.056"/>
  <testcase name="testFindFinalDestinationForCarLoadB" classname="jmri.jmrit.operations.trains.TrainBuilderTest" time="0.055"/>
  <testcase name="testFindFinalDestinationForCarLoadC" classname="jmri.jmrit.operations.trains.TrainBuilderTest" time="0.069"/>
  <testcase name="testFindFinalDestinationForCarLoadD" classname="jmri.jmrit.operations.trains.TrainBuilderTest" time="0.083"/>
  <testcase name="testStagingtoStagingCarWithFredA" classname="jmri.jmrit.operations.trains.TrainBuilderTest" time="0.07"/>
  <testcase name="testStagingtoStagingCarWithFredB" classname="jmri.jmrit.operations.trains.TrainBuilderTest" time="0.061"/>
  <testcase name="testTrainBuildOptionsServiceAllCarsWithFinalDestinationsA" classname="jmri.jmrit.operations.trains.TrainBuilderTest" time="0.084"/>
  <testcase name="testTrainBuildOptionsServiceAllCarsWithFinalDestinationsB" classname="jmri.jmrit.operations.trains.TrainBuilderTest" time="0.061"/>
  <testcase name="testTrainBuildOptionsServiceAllCarsWithFinalDestinationsC" classname="jmri.jmrit.operations.trains.TrainBuilderTest" time="0.097"/>
  <testcase name="testAutoHP" classname="jmri.jmrit.operations.trains.TrainBuilderTest" time="0.103"/>
  <testcase name="testInterchange" classname="jmri.jmrit.operations.trains.TrainBuilderTest" time="0.221"/>
  <testcase name="testEngineDestinations" classname="jmri.jmrit.operations.trains.TrainBuilderTest" time="0.106"/>
  <testcase name="testStagingtoStagingCarOwner" classname="jmri.jmrit.operations.trains.TrainBuilderTest" time="0.088"/>
  <testcase name="testStagingtoStagingCarTypes" classname="jmri.jmrit.operations.trains.TrainBuilderTest" time="0.066"/>
  <testcase name="testAggressiveBuildOption" classname="jmri.jmrit.operations.trains.TrainBuilderTest" time="0.121"/>
  <testcase name="testStagingtoStagingNumberOfEnginesA" classname="jmri.jmrit.operations.trains.TrainBuilderTest" time="0.078"/>
  <testcase name="testStagingtoStagingNumberOfEnginesB" classname="jmri.jmrit.operations.trains.TrainBuilderTest" time="0.097"/>
  <testcase name="testCarDesinationsB" classname="jmri.jmrit.operations.trains.TrainBuilderTest" time="0.058"/>
  <testcase name="testCreateCsvManifest" classname="jmri.jmrit.operations.trains.TrainBuilderTest" time="0.065"/>
  <testcase name="testTrainReset" classname="jmri.jmrit.operations.trains.TrainBuilderTest" time="0.065"/>
  <testcase name="testBuildRequiresCars" classname="jmri.jmrit.operations.trains.TrainBuilderTest" time="0.082"/>
  <testcase name="testRouteRandomFeature" classname="jmri.jmrit.operations.trains.TrainBuilderTest" time="0.075"/>
  <testcase name="testStagingtoStagingTrainBuildNormal" classname="jmri.jmrit.operations.trains.TrainBuilderTest" time="0.07"/>
  <testcase name="testNoRouteLocationsBuild" classname="jmri.jmrit.operations.trains.TrainBuilderTest" time="0.047"/>
  <testcase name="testStagingtoStagingCustomLoadsA" classname="jmri.jmrit.operations.trains.TrainBuilderTest" time="0.073"/>
  <testcase name="testStagingtoStagingCustomLoadsB" classname="jmri.jmrit.operations.trains.TrainBuilderTest" time="0.068"/>
  <testcase name="testStagingtoStagingCustomLoadsC" classname="jmri.jmrit.operations.trains.TrainBuilderTest" time="0.063"/>
  <testcase name="testStagingtoStagingCustomLoadsD" classname="jmri.jmrit.operations.trains.TrainBuilderTest" time="0.063"/>
  <testcase name="testTrainDirection" classname="jmri.jmrit.operations.trains.TrainBuilderTest" time="0.128"/>
  <testcase name="testStagingtoStagingDepartureTrackCarLoadRestrications" classname="jmri.jmrit.operations.trains.TrainBuilderTest" time="0.084"/>
  <testcase name="testStagingtoStagingEngineOutOfService" classname="jmri.jmrit.operations.trains.TrainBuilderTest" time="0.07"/>
  <testcase name="testAutoEnginesGrade" classname="jmri.jmrit.operations.trains.TrainBuilderTest" time="0.059"/>
</testsuite>