<?xml version="1.0" encoding="UTF-8"?>
<testsuite name="fr.loghub.log4j.ZMQAppenderTest" time="10.006" tests="2" errors="1" skipped="0" failures="0">
  <properties>
    <property name="java.runtime.name" value="OpenJDK Runtime Environment"/>
    <property name="sun.boot.library.path" value="/usr/lib/jvm/java-8-openjdk-amd64/jre/lib/amd64"/>
    <property name="java.vm.version" value="25.121-b13"/>
    <property name="java.vm.vendor" value="Oracle Corporation"/>
    <property name="maven.multiModuleProjectDirectory" value="/root/workspace/fbacchella/serializedlog4jappender/373227839"/>
    <property name="java.vendor.url" value="http://java.oracle.com/"/>
    <property name="path.separator" value=":"/>
    <property name="guice.disable.misplaced.annotation.check" value="true"/>
    <property name="skip.gulp" value="true"/>
    <property name="java.vm.name" value="OpenJDK 64-Bit Server VM"/>
    <property name="file.encoding.pkg" value="sun.io"/>
    <property name="sun.java.launcher" value="SUN_STANDARD"/>
    <property name="sun.os.patch.level" value="unknown"/>
    <property name="findbugs.skip" value="true"/>
    <property name="java.vm.specification.name" value="Java Virtual Machine Specification"/>
    <property name="user.dir" value="/root/workspace/fbacchella/serializedlog4jappender/373227839"/>
    <property name="checkstyle.skip" value="true"/>
    <property name="java.runtime.version" value="1.8.0_121-8u121-b13-1~bpo8+1-b13"/>
    <property name="java.awt.graphicsenv" value="sun.awt.X11GraphicsEnvironment"/>
    <property name="skip.npm" value="true"/>
    <property name="java.endorsed.dirs" value="/usr/lib/jvm/java-8-openjdk-amd64/jre/lib/endorsed"/>
    <property name="os.arch" value="amd64"/>
    <property name="java.io.tmpdir" value="/tmp"/>
    <property name="gpg.skip" value="true"/>
    <property name="line.separator" value="&#10;"/>
    <property name="java.vm.specification.vendor" value="Oracle Corporation"/>
    <property name="cobertura.skip" value="true"/>
    <property name="os.name" value="Linux"/>
    <property name="classworlds.conf" value="/usr/share/maven/bin/m2.conf"/>
    <property name="sun.jnu.encoding" value="UTF-8"/>
    <property name="java.library.path" value="/usr/java/packages/lib/amd64:/usr/lib/x86_64-linux-gnu/jni:/lib/x86_64-linux-gnu:/usr/lib/x86_64-linux-gnu:/usr/lib/jni:/lib:/usr/lib"/>
    <property name="license.skip" value="true"/>
    <property name="java.specification.name" value="Java Platform API Specification"/>
    <property name="java.class.version" value="52.0"/>
    <property name="sun.management.compiler" value="HotSpot 64-Bit Tiered Compilers"/>
    <property name="skip.bower" value="true"/>
    <property name="maven.repo.local" value="/root/./workspace/fbacchella/serializedlog4jappender/373227839/.m2"/>
    <property name="os.version" value="3.10.0-693.21.1.el7.x86_64"/>
    <property name="user.home" value="/root"/>
    <property name="user.timezone" value="Europe/Paris"/>
    <property name="java.awt.printerjob" value="sun.print.PSPrinterJob"/>
    <property name="java.specification.version" value="1.8"/>
    <property name="file.encoding" value="UTF-8"/>
    <property name="user.name" value="root"/>
    <property name="java.class.path" value="/usr/share/maven/boot/plexus-classworlds-2.5.2.jar"/>
    <property name="skipITs" value="true"/>
    <property name="java.vm.specification.version" value="1.8"/>
    <property name="sun.arch.data.model" value="64"/>
    <property name="java.home" value="/usr/lib/jvm/java-8-openjdk-amd64/jre"/>
    <property name="sun.java.command" value="org.codehaus.plexus.classworlds.launcher.Launcher -D enforcer.skip=true -D skipITs=true -D cobertura.skip=true -D maven.repo.local=/root/./workspace/fbacchella/serializedlog4jappender/373227839/.m2 -D rat.skip=true -D findbugs.skip=true -D skip.bower=true -D gpg.skip=true -D checkstyle.skip=true -D skip.gulp=true -D license.skip=true -D skip.npm=true test"/>
    <property name="java.specification.vendor" value="Oracle Corporation"/>
    <property name="user.language" value="en"/>
    <property name="awt.toolkit" value="sun.awt.X11.XToolkit"/>
    <property name="java.vm.info" value="mixed mode"/>
    <property name="java.version" value="1.8.0_121"/>
    <property name="java.ext.dirs" value="/usr/lib/jvm/java-8-openjdk-amd64/jre/lib/ext:/usr/java/packages/lib/ext"/>
    <property name="securerandom.source" value="file:/dev/./urandom"/>
    <property name="sun.boot.class.path" value="/usr/lib/jvm/java-8-openjdk-amd64/jre/lib/resources.jar:/usr/lib/jvm/java-8-openjdk-amd64/jre/lib/rt.jar:/usr/lib/jvm/java-8-openjdk-amd64/jre/lib/sunrsasign.jar:/usr/lib/jvm/java-8-openjdk-amd64/jre/lib/jsse.jar:/usr/lib/jvm/java-8-openjdk-amd64/jre/lib/jce.jar:/usr/lib/jvm/java-8-openjdk-amd64/jre/lib/charsets.jar:/usr/lib/jvm/java-8-openjdk-amd64/jre/lib/jfr.jar:/usr/lib/jvm/java-8-openjdk-amd64/jre/classes"/>
    <property name="java.vendor" value="Oracle Corporation"/>
    <property name="enforcer.skip" value="true"/>
    <property name="rat.skip" value="true"/>
    <property name="maven.home" value="/usr/share/maven"/>
    <property name="file.separator" value="/"/>
    <property name="java.vendor.url.bug" value="http://bugreport.sun.com/bugreport/"/>
    <property name="sun.cpu.endian" value="little"/>
    <property name="sun.io.unicode.encoding" value="UnicodeLittle"/>
    <property name="sun.cpu.isalist" value=""/>
  </properties>
  <testcase name="testClosed" classname="fr.loghub.log4j.ZMQAppenderTest" time="0"/>
  <testcase name="testParallel" classname="fr.loghub.log4j.ZMQAppenderTest" time="10.006">
    <error message="test timed out after 10000 milliseconds" type="org.junit.runners.model.TestTimedOutException">org.junit.runners.model.TestTimedOutException: test timed out after 10000 milliseconds
	at sun.misc.Unsafe.park(Native Method)
	at java.util.concurrent.locks.LockSupport.parkNanos(LockSupport.java:215)
	at java.util.concurrent.locks.AbstractQueuedSynchronizer.doAcquireNanos(AbstractQueuedSynchronizer.java:934)
	at java.util.concurrent.locks.AbstractQueuedSynchronizer.tryAcquireNanos(AbstractQueuedSynchronizer.java:1247)
	at java.util.concurrent.locks.ReentrantLock.tryLock(ReentrantLock.java:442)
	at fr.loghub.log4j.ZMQAppenderTest.testParallel(ZMQAppenderTest.java:148)
</error>
    <system-err><![CDATA[Exception in thread "Injector1030" Exception in thread "Injector1032" Exception in thread "Injector1038" Exception in thread "Injector1042" java.lang.AssertionError: error
	at org.junit.Assert.fail(Assert.java:88)
	at fr.loghub.log4j.ZMQAppenderTest$3.error(ZMQAppenderTest.java:93)
	at fr.loghub.log4j.ZMQAppender.send(ZMQAppender.java:166)
	at fr.loghub.log4j.SerializerAppender.append(SerializerAppender.java:67)
	at fr.loghub.log4j.ZMQAppenderTest$4.run(ZMQAppenderTest.java:125)
java.lang.AssertionError: error
	at org.junit.Assert.fail(Assert.java:88)
	at fr.loghub.log4j.ZMQAppenderTest$3.error(ZMQAppenderTest.java:93)
	at fr.loghub.log4j.ZMQAppender.send(ZMQAppender.java:166)
	at fr.loghub.log4j.SerializerAppender.append(SerializerAppender.java:67)
	at fr.loghub.log4j.ZMQAppenderTest$4.run(ZMQAppenderTest.java:125)
java.lang.AssertionError: error
	at org.junit.Assert.fail(Assert.java:88)
	at fr.loghub.log4j.ZMQAppenderTest$3.error(ZMQAppenderTest.java:93)
	at fr.loghub.log4j.ZMQAppender.send(ZMQAppender.java:166)
	at fr.loghub.log4j.SerializerAppender.append(SerializerAppender.java:67)
	at fr.loghub.log4j.ZMQAppenderTest$4.run(ZMQAppenderTest.java:125)
java.lang.AssertionError: error
	at org.junit.Assert.fail(Assert.java:88)
	at fr.loghub.log4j.ZMQAppenderTest$3.error(ZMQAppenderTest.java:93)
	at fr.loghub.log4j.ZMQAppender.send(ZMQAppender.java:166)
	at fr.loghub.log4j.SerializerAppender.append(SerializerAppender.java:67)
	at fr.loghub.log4j.ZMQAppenderTest$4.run(ZMQAppenderTest.java:125)
Exception in thread "Injector1117" java.lang.AssertionError: error
	at org.junit.Assert.fail(Assert.java:88)
	at fr.loghub.log4j.ZMQAppenderTest$3.error(ZMQAppenderTest.java:93)
	at fr.loghub.log4j.ZMQAppender.send(ZMQAppender.java:166)
	at fr.loghub.log4j.SerializerAppender.append(SerializerAppender.java:67)
	at fr.loghub.log4j.ZMQAppenderTest$4.run(ZMQAppenderTest.java:125)
Exception in thread "Injector1168" Exception in thread "Injector456" Exception in thread "Injector1162" java.lang.AssertionError: error
	at org.junit.Assert.fail(Assert.java:88)
	at fr.loghub.log4j.ZMQAppenderTest$3.error(ZMQAppenderTest.java:93)
	at fr.loghub.log4j.ZMQAppender.send(ZMQAppender.java:166)
	at fr.loghub.log4j.SerializerAppender.append(SerializerAppender.java:67)
	at fr.loghub.log4j.ZMQAppenderTest$4.run(ZMQAppenderTest.java:125)
Exception in thread "Injector1164" Exception in thread "Injector486" java.lang.AssertionError: error
	at org.junit.Assert.fail(Assert.java:88)
	at fr.loghub.log4j.ZMQAppenderTest$3.error(ZMQAppenderTest.java:93)
	at fr.loghub.log4j.ZMQAppender.send(ZMQAppender.java:166)
	at fr.loghub.log4j.SerializerAppender.append(SerializerAppender.java:67)
	at fr.loghub.log4j.ZMQAppenderTest$4.run(ZMQAppenderTest.java:125)
Exception in thread "Injector1158" Exception in thread "Injector1160" java.lang.AssertionError: error
	at org.junit.Assert.fail(Assert.java:88)
	at fr.loghub.log4j.ZMQAppenderTest$3.error(ZMQAppenderTest.java:93)
	at fr.loghub.log4j.ZMQAppender.send(ZMQAppender.java:166)
	at fr.loghub.log4j.SerializerAppender.append(SerializerAppender.java:67)
	at fr.loghub.log4j.ZMQAppenderTest$4.run(ZMQAppenderTest.java:125)
Exception in thread "Injector1156" java.lang.AssertionError: error
	at org.junit.Assert.fail(Assert.java:88)
	at fr.loghub.log4j.ZMQAppenderTest$3.error(ZMQAppenderTest.java:93)
	at fr.loghub.log4j.ZMQAppender.send(ZMQAppender.java:166)
	at fr.loghub.log4j.SerializerAppender.append(SerializerAppender.java:67)
	at fr.loghub.log4j.ZMQAppenderTest$4.run(ZMQAppenderTest.java:125)
Exception in thread "Injector1176" java.lang.AssertionError: error
	at org.junit.Assert.fail(Assert.java:88)
	at fr.loghub.log4j.ZMQAppenderTest$3.error(ZMQAppenderTest.java:93)
	at fr.loghub.log4j.ZMQAppender.send(ZMQAppender.java:166)
	at fr.loghub.log4j.SerializerAppender.append(SerializerAppender.java:67)
	at fr.loghub.log4j.ZMQAppenderTest$4.run(ZMQAppenderTest.java:125)
Exception in thread "Injector411" Exception in thread "Injector516" java.lang.AssertionError: error
	at org.junit.Assert.fail(Assert.java:88)
	at fr.loghub.log4j.ZMQAppenderTest$3.error(ZMQAppenderTest.java:93)
	at fr.loghub.log4j.ZMQAppender.send(ZMQAppender.java:166)
	at fr.loghub.log4j.SerializerAppender.append(SerializerAppender.java:67)
	at fr.loghub.log4j.ZMQAppenderTest$4.run(ZMQAppenderTest.java:125)
Exception in thread "Injector1126" Exception in thread "Injector1115" java.lang.AssertionError: error
	at org.junit.Assert.fail(Assert.java:88)
	at fr.loghub.log4j.ZMQAppenderTest$3.error(ZMQAppenderTest.java:93)
	at fr.loghub.log4j.ZMQAppender.send(ZMQAppender.java:166)
	at fr.loghub.log4j.SerializerAppender.append(SerializerAppender.java:67)
	at fr.loghub.log4j.ZMQAppenderTest$4.run(ZMQAppenderTest.java:125)
Exception in thread "Injector1130" Exception in thread "Injector1138" Exception in thread "Injector1128" java.lang.AssertionError: error
	at org.junit.Assert.fail(Assert.java:88)
	at fr.loghub.log4j.ZMQAppenderTest$3.error(ZMQAppenderTest.java:93)
	at fr.loghub.log4j.ZMQAppender.send(ZMQAppender.java:166)
	at fr.loghub.log4j.SerializerAppender.append(SerializerAppender.java:67)
	at fr.loghub.log4j.ZMQAppenderTest$4.run(ZMQAppenderTest.java:125)
Exception in thread "Injector1113" Exception in thread "Injector1122" java.lang.AssertionError: error
	at org.junit.Assert.fail(Assert.java:88)
	at fr.loghub.log4j.ZMQAppenderTest$3.error(ZMQAppenderTest.java:93)
	at fr.loghub.log4j.ZMQAppender.send(ZMQAppender.java:166)
	at fr.loghub.log4j.SerializerAppender.append(SerializerAppender.java:67)
	at fr.loghub.log4j.ZMQAppenderTest$4.run(ZMQAppenderTest.java:125)
Exception in thread "Injector1104" Exception in thread "Injector1154" Exception in thread "Injector1150" Exception in thread "Injector1096" java.lang.AssertionError: error
	at org.junit.Assert.fail(Assert.java:88)
	at fr.loghub.log4j.ZMQAppenderTest$3.error(ZMQAppenderTest.java:93)
	at fr.loghub.log4j.ZMQAppender.send(ZMQAppender.java:166)
	at fr.loghub.log4j.SerializerAppender.append(SerializerAppender.java:67)
	at fr.loghub.log4j.ZMQAppenderTest$4.run(ZMQAppenderTest.java:125)
Exception in thread "Injector1088" java.lang.AssertionError: error
	at org.junit.Assert.fail(Assert.java:88)
	at fr.loghub.log4j.ZMQAppenderTest$3.error(ZMQAppenderTest.java:93)
	at fr.loghub.log4j.ZMQAppender.send(ZMQAppender.java:166)
	at fr.loghub.log4j.SerializerAppender.append(SerializerAppender.java:67)
	at fr.loghub.log4j.ZMQAppenderTest$4.run(ZMQAppenderTest.java:125)
Exception in thread "Injector1098" java.lang.AssertionError: error
	at org.junit.Assert.fail(Assert.java:88)
	at fr.loghub.log4j.ZMQAppenderTest$3.error(ZMQAppenderTest.java:93)
	at fr.loghub.log4j.ZMQAppender.send(ZMQAppender.java:166)
	at fr.loghub.log4j.SerializerAppender.append(SerializerAppender.java:67)
	at fr.loghub.log4j.ZMQAppenderTest$4.run(ZMQAppenderTest.java:125)
Exception in thread "Injector1094" java.lang.AssertionError: error
	at org.junit.Assert.fail(Assert.java:88)
	at fr.loghub.log4j.ZMQAppenderTest$3.error(ZMQAppenderTest.java:93)
	at fr.loghub.log4j.ZMQAppender.send(ZMQAppender.java:166)
	at fr.loghub.log4j.SerializerAppender.append(SerializerAppender.java:67)
	at fr.loghub.log4j.ZMQAppenderTest$4.run(ZMQAppenderTest.java:125)
Exception in thread "Injector1082" Exception in thread "Injector1106" Exception in thread "Injector1152" java.lang.AssertionError: error
	at org.junit.Assert.fail(Assert.java:88)
	at fr.loghub.log4j.ZMQAppenderTest$3.error(ZMQAppenderTest.java:93)
	at fr.loghub.log4j.ZMQAppender.send(ZMQAppender.java:166)
	at fr.loghub.log4j.SerializerAppender.append(SerializerAppender.java:67)
	at fr.loghub.log4j.ZMQAppenderTest$4.run(ZMQAppenderTest.java:125)
Exception in thread "Injector1146" java.lang.AssertionError: error
	at org.junit.Assert.fail(Assert.java:88)
	at fr.loghub.log4j.ZMQAppenderTest$3.error(ZMQAppenderTest.java:93)
	at fr.loghub.log4j.ZMQAppender.send(ZMQAppender.java:166)
	at fr.loghub.log4j.SerializerAppender.append(SerializerAppender.java:67)
	at fr.loghub.log4j.ZMQAppenderTest$4.run(ZMQAppenderTest.java:125)
Exception in thread "Injector1124" java.lang.AssertionError: error
	at org.junit.Assert.fail(Assert.java:88)
	at fr.loghub.log4j.ZMQAppenderTest$3.error(ZMQAppenderTest.java:93)
	at fr.loghub.log4j.ZMQAppender.send(ZMQAppender.java:166)
	at fr.loghub.log4j.SerializerAppender.append(SerializerAppender.java:67)
	at fr.loghub.log4j.ZMQAppenderTest$4.run(ZMQAppenderTest.java:125)
Exception in thread "Injector1140" Exception in thread "Injector1100" java.lang.AssertionError: error
	at org.junit.Assert.fail(Assert.java:88)
	at fr.loghub.log4j.ZMQAppenderTest$3.error(ZMQAppenderTest.java:93)
	at fr.loghub.log4j.ZMQAppender.send(ZMQAppender.java:166)
	at fr.loghub.log4j.SerializerAppender.append(SerializerAppender.java:67)
	at fr.loghub.log4j.ZMQAppenderTest$4.run(ZMQAppenderTest.java:125)
Exception in thread "Injector1136" java.lang.AssertionError: error
	at org.junit.Assert.fail(Assert.java:88)
	at fr.loghub.log4j.ZMQAppenderTest$3.error(ZMQAppenderTest.java:93)
	at fr.loghub.log4j.ZMQAppender.send(ZMQAppender.java:166)
	at fr.loghub.log4j.SerializerAppender.append(SerializerAppender.java:67)
	at fr.loghub.log4j.ZMQAppenderTest$4.run(ZMQAppenderTest.java:125)
Exception in thread "Injector1068" Exception in thread "Injector1090" java.lang.AssertionError: error
	at org.junit.Assert.fail(Assert.java:88)
	at fr.loghub.log4j.ZMQAppenderTest$3.error(ZMQAppenderTest.java:93)
	at fr.loghub.log4j.ZMQAppender.send(ZMQAppender.java:166)
	at fr.loghub.log4j.SerializerAppender.append(SerializerAppender.java:67)
	at fr.loghub.log4j.ZMQAppenderTest$4.run(ZMQAppenderTest.java:125)
Exception in thread "Injector1084" java.lang.AssertionError: error
	at org.junit.Assert.fail(Assert.java:88)
	at fr.loghub.log4j.ZMQAppenderTest$3.error(ZMQAppenderTest.java:93)
	at fr.loghub.log4j.ZMQAppender.send(ZMQAppender.java:166)
	at fr.loghub.log4j.SerializerAppender.append(SerializerAppender.java:67)
	at fr.loghub.log4j.ZMQAppenderTest$4.run(ZMQAppenderTest.java:125)
Exception in thread "Injector1102" java.lang.AssertionError: error
	at org.junit.Assert.fail(Assert.java:88)
	at fr.loghub.log4j.ZMQAppenderTest$3.error(ZMQAppenderTest.java:93)
	at fr.loghub.log4j.ZMQAppender.send(ZMQAppender.java:166)
	at fr.loghub.log4j.SerializerAppender.append(SerializerAppender.java:67)
	at fr.loghub.log4j.ZMQAppenderTest$4.run(ZMQAppenderTest.java:125)
Exception in thread "Injector1118" java.lang.AssertionError: error
	at org.junit.Assert.fail(Assert.java:88)
	at fr.loghub.log4j.ZMQAppenderTest$3.error(ZMQAppenderTest.java:93)
	at fr.loghub.log4j.ZMQAppender.send(ZMQAppender.java:166)
	at fr.loghub.log4j.SerializerAppender.append(SerializerAppender.java:67)
	at fr.loghub.log4j.ZMQAppenderTest$4.run(ZMQAppenderTest.java:125)
Exception in thread "Injector1148" java.lang.AssertionError: error
	at org.junit.Assert.fail(Assert.java:88)
	at fr.loghub.log4j.ZMQAppenderTest$3.error(ZMQAppenderTest.java:93)
	at fr.loghub.log4j.ZMQAppender.send(ZMQAppender.java:166)
	at fr.loghub.log4j.SerializerAppender.append(SerializerAppender.java:67)
	at fr.loghub.log4j.ZMQAppenderTest$4.run(ZMQAppenderTest.java:125)
Exception in thread "Injector1134" Exception in thread "Injector1108" java.lang.AssertionError: error
	at org.junit.Assert.fail(Assert.java:88)
	at fr.loghub.log4j.ZMQAppenderTest$3.error(ZMQAppenderTest.java:93)
	at fr.loghub.log4j.ZMQAppender.send(ZMQAppender.java:166)
	at fr.loghub.log4j.SerializerAppender.append(SerializerAppender.java:67)
	at fr.loghub.log4j.ZMQAppenderTest$4.run(ZMQAppenderTest.java:125)
Exception in thread "Injector1144" java.lang.AssertionError: error
	at org.junit.Assert.fail(Assert.java:88)
	at fr.loghub.log4j.ZMQAppenderTest$3.error(ZMQAppenderTest.java:93)
	at fr.loghub.log4j.ZMQAppender.send(ZMQAppender.java:166)
	at fr.loghub.log4j.SerializerAppender.append(SerializerAppender.java:67)
	at fr.loghub.log4j.ZMQAppenderTest$4.run(ZMQAppenderTest.java:125)
Exception in thread "Injector1086" java.lang.AssertionError: error
	at org.junit.Assert.fail(Assert.java:88)
	at fr.loghub.log4j.ZMQAppenderTest$3.error(ZMQAppenderTest.java:93)
	at fr.loghub.log4j.ZMQAppender.send(ZMQAppender.java:166)
	at fr.loghub.log4j.SerializerAppender.append(SerializerAppender.java:67)
	at fr.loghub.log4j.ZMQAppenderTest$4.run(ZMQAppenderTest.java:125)
Exception in thread "Injector1080" java.lang.AssertionError: error
	at org.junit.Assert.fail(Assert.java:88)
	at fr.loghub.log4j.ZMQAppenderTest$3.error(ZMQAppenderTest.java:93)
	at fr.loghub.log4j.ZMQAppender.send(ZMQAppender.java:166)
	at fr.loghub.log4j.SerializerAppender.append(SerializerAppender.java:67)
	at fr.loghub.log4j.ZMQAppenderTest$4.run(ZMQAppenderTest.java:125)
Exception in thread "Injector1120" java.lang.AssertionError: error
	at org.junit.Assert.fail(Assert.java:88)
	at fr.loghub.log4j.ZMQAppenderTest$3.error(ZMQAppenderTest.java:93)
	at fr.loghub.log4j.ZMQAppender.send(ZMQAppender.java:166)
	at fr.loghub.log4j.SerializerAppender.append(SerializerAppender.java:67)
	at fr.loghub.log4j.ZMQAppenderTest$4.run(ZMQAppenderTest.java:125)
Exception in thread "Injector1092" java.lang.AssertionError: error
	at org.junit.Assert.fail(Assert.java:88)
	at fr.loghub.log4j.ZMQAppenderTest$3.error(ZMQAppenderTest.java:93)
	at fr.loghub.log4j.ZMQAppender.send(ZMQAppender.java:166)
	at fr.loghub.log4j.SerializerAppender.append(SerializerAppender.java:67)
	at fr.loghub.log4j.ZMQAppenderTest$4.run(ZMQAppenderTest.java:125)
Exception in thread "Injector1074" java.lang.AssertionError: error
	at org.junit.Assert.fail(Assert.java:88)
	at fr.loghub.log4j.ZMQAppenderTest$3.error(ZMQAppenderTest.java:93)
	at fr.loghub.log4j.ZMQAppender.send(ZMQAppender.java:166)
	at fr.loghub.log4j.SerializerAppender.append(SerializerAppender.java:67)
	at fr.loghub.log4j.ZMQAppenderTest$4.run(ZMQAppenderTest.java:125)
Exception in thread "Injector1142" java.lang.AssertionError: error
	at org.junit.Assert.fail(Assert.java:88)
	at fr.loghub.log4j.ZMQAppenderTest$3.error(ZMQAppenderTest.java:93)
	at fr.loghub.log4j.ZMQAppender.send(ZMQAppender.java:166)
	at fr.loghub.log4j.SerializerAppender.append(SerializerAppender.java:67)
	at fr.loghub.log4j.ZMQAppenderTest$4.run(ZMQAppenderTest.java:125)
Exception in thread "Injector1076" java.lang.AssertionError: error
	at org.junit.Assert.fail(Assert.java:88)
	at fr.loghub.log4j.ZMQAppenderTest$3.error(ZMQAppenderTest.java:93)
	at fr.loghub.log4j.ZMQAppender.send(ZMQAppender.java:166)
	at fr.loghub.log4j.SerializerAppender.append(SerializerAppender.java:67)
	at fr.loghub.log4j.ZMQAppenderTest$4.run(ZMQAppenderTest.java:125)
Exception in thread "Injector1132" Exception in thread "Injector1114" Exception in thread "Injector1116" java.lang.AssertionError: error
	at org.junit.Assert.fail(Assert.java:88)
	at fr.loghub.log4j.ZMQAppenderTest$3.error(ZMQAppenderTest.java:93)
	at fr.loghub.log4j.ZMQAppender.send(ZMQAppender.java:166)
	at fr.loghub.log4j.SerializerAppender.append(SerializerAppender.java:67)
	at fr.loghub.log4j.ZMQAppenderTest$4.run(ZMQAppenderTest.java:125)
Exception in thread "Injector1110" java.lang.AssertionError: error
	at org.junit.Assert.fail(Assert.java:88)
	at fr.loghub.log4j.ZMQAppenderTest$3.error(ZMQAppenderTest.java:93)
	at fr.loghub.log4j.ZMQAppender.send(ZMQAppender.java:166)
	at fr.loghub.log4j.SerializerAppender.append(SerializerAppender.java:67)
	at fr.loghub.log4j.ZMQAppenderTest$4.run(ZMQAppenderTest.java:125)
Exception in thread "Injector1078" java.lang.AssertionError: error
	at org.junit.Assert.fail(Assert.java:88)
	at fr.loghub.log4j.ZMQAppenderTest$3.error(ZMQAppenderTest.java:93)
	at fr.loghub.log4j.ZMQAppender.send(ZMQAppender.java:166)
	at fr.loghub.log4j.SerializerAppender.append(SerializerAppender.java:67)
	at fr.loghub.log4j.ZMQAppenderTest$4.run(ZMQAppenderTest.java:125)
Exception in thread "Injector1070" Exception in thread "Injector1072" java.lang.AssertionError: error
	at org.junit.Assert.fail(Assert.java:88)
	at fr.loghub.log4j.ZMQAppenderTest$3.error(ZMQAppenderTest.java:93)
	at fr.loghub.log4j.ZMQAppender.send(ZMQAppender.java:166)
	at fr.loghub.log4j.SerializerAppender.append(SerializerAppender.java:67)
	at fr.loghub.log4j.ZMQAppenderTest$4.run(ZMQAppenderTest.java:125)
Exception in thread "Injector1060" Exception in thread "Injector500" java.lang.AssertionError: error
	at org.junit.Assert.fail(Assert.java:88)
	at fr.loghub.log4j.ZMQAppenderTest$3.error(ZMQAppenderTest.java:93)
	at fr.loghub.log4j.ZMQAppender.send(ZMQAppender.java:166)
	at fr.loghub.log4j.SerializerAppender.append(SerializerAppender.java:67)
	at fr.loghub.log4j.ZMQAppenderTest$4.run(ZMQAppenderTest.java:125)
Exception in thread "Injector1111" Exception in thread "Injector1046" Exception in thread "Injector1066" Exception in thread "Injector1052" java.lang.AssertionError: error
	at org.junit.Assert.fail(Assert.java:88)
	at fr.loghub.log4j.ZMQAppenderTest$3.error(ZMQAppenderTest.java:93)
	at fr.loghub.log4j.ZMQAppender.send(ZMQAppender.java:166)
	at fr.loghub.log4j.SerializerAppender.append(SerializerAppender.java:67)
	at fr.loghub.log4j.ZMQAppenderTest$4.run(ZMQAppenderTest.java:125)
Exception in thread "Injector1040" Exception in thread "Injector1056" Exception in thread "Injector1064" Exception in thread "Injector1036" java.lang.AssertionError: error
	at org.junit.Assert.fail(Assert.java:88)
	at fr.loghub.log4j.ZMQAppenderTest$3.error(ZMQAppenderTest.java:93)
	at fr.loghub.log4j.ZMQAppender.send(ZMQAppender.java:166)
	at fr.loghub.log4j.SerializerAppender.append(SerializerAppender.java:67)
	at fr.loghub.log4j.ZMQAppenderTest$4.run(ZMQAppenderTest.java:125)
Exception in thread "Injector1044" java.lang.AssertionError: error
	at org.junit.Assert.fail(Assert.java:88)
	at fr.loghub.log4j.ZMQAppenderTest$3.error(ZMQAppenderTest.java:93)
	at fr.loghub.log4j.ZMQAppender.send(ZMQAppender.java:166)
	at fr.loghub.log4j.SerializerAppender.append(SerializerAppender.java:67)
	at fr.loghub.log4j.ZMQAppenderTest$4.run(ZMQAppenderTest.java:125)
Exception in thread "Injector1048" java.lang.AssertionError: error
	at org.junit.Assert.fail(Assert.java:88)
	at fr.loghub.log4j.ZMQAppenderTest$3.error(ZMQAppenderTest.java:93)
	at fr.loghub.log4j.ZMQAppender.send(ZMQAppender.java:166)
	at fr.loghub.log4j.SerializerAppender.append(SerializerAppender.java:67)
	at fr.loghub.log4j.ZMQAppenderTest$4.run(ZMQAppenderTest.java:125)
Exception in thread "Injector1058" Exception in thread "Injector1062" Exception in thread "Injector1054" Exception in thread "Injector1050" Exception in thread "Injector1034" java.lang.AssertionError: error
	at org.junit.Assert.fail(Assert.java:88)
	at fr.loghub.log4j.ZMQAppenderTest$3.error(ZMQAppenderTest.java:93)
	at fr.loghub.log4j.ZMQAppender.send(ZMQAppender.java:166)
	at fr.loghub.log4j.SerializerAppender.append(SerializerAppender.java:67)
	at fr.loghub.log4j.ZMQAppenderTest$4.run(ZMQAppenderTest.java:125)
java.lang.AssertionError: error
	at org.junit.Assert.fail(Assert.java:88)
	at fr.loghub.log4j.ZMQAppenderTest$3.error(ZMQAppenderTest.java:93)
	at fr.loghub.log4j.ZMQAppender.send(ZMQAppender.java:166)
	at fr.loghub.log4j.SerializerAppender.append(SerializerAppender.java:67)
	at fr.loghub.log4j.ZMQAppenderTest$4.run(ZMQAppenderTest.java:125)
java.lang.AssertionError: error
	at org.junit.Assert.fail(Assert.java:88)
	at fr.loghub.log4j.ZMQAppenderTest$3.error(ZMQAppenderTest.java:93)
	at fr.loghub.log4j.ZMQAppender.send(ZMQAppender.java:166)
	at fr.loghub.log4j.SerializerAppender.append(SerializerAppender.java:67)
	at fr.loghub.log4j.ZMQAppenderTest$4.run(ZMQAppenderTest.java:125)
java.lang.AssertionError: error
	at org.junit.Assert.fail(Assert.java:88)
	at fr.loghub.log4j.ZMQAppenderTest$3.error(ZMQAppenderTest.java:93)
	at fr.loghub.log4j.ZMQAppender.send(ZMQAppender.java:166)
	at fr.loghub.log4j.SerializerAppender.append(SerializerAppender.java:67)
	at fr.loghub.log4j.ZMQAppenderTest$4.run(ZMQAppenderTest.java:125)
java.lang.AssertionError: error
	at org.junit.Assert.fail(Assert.java:88)
	at fr.loghub.log4j.ZMQAppenderTest$3.error(ZMQAppenderTest.java:93)
	at fr.loghub.log4j.ZMQAppender.send(ZMQAppender.java:166)
	at fr.loghub.log4j.SerializerAppender.append(SerializerAppender.java:67)
	at fr.loghub.log4j.ZMQAppenderTest$4.run(ZMQAppenderTest.java:125)
java.lang.AssertionError: error
	at org.junit.Assert.fail(Assert.java:88)
	at fr.loghub.log4j.ZMQAppenderTest$3.error(ZMQAppenderTest.java:93)
	at fr.loghub.log4j.ZMQAppender.send(ZMQAppender.java:166)
	at fr.loghub.log4j.SerializerAppender.append(SerializerAppender.java:67)
	at fr.loghub.log4j.ZMQAppenderTest$4.run(ZMQAppenderTest.java:125)
java.lang.AssertionError: error
	at org.junit.Assert.fail(Assert.java:88)
	at fr.loghub.log4j.ZMQAppenderTest$3.error(ZMQAppenderTest.java:93)
	at fr.loghub.log4j.ZMQAppender.send(ZMQAppender.java:166)
	at fr.loghub.log4j.SerializerAppender.append(SerializerAppender.java:67)
	at fr.loghub.log4j.ZMQAppenderTest$4.run(ZMQAppenderTest.java:125)
java.lang.AssertionError: error
	at org.junit.Assert.fail(Assert.java:88)
	at fr.loghub.log4j.ZMQAppenderTest$3.error(ZMQAppenderTest.java:93)
	at fr.loghub.log4j.ZMQAppender.send(ZMQAppender.java:166)
	at fr.loghub.log4j.SerializerAppender.append(SerializerAppender.java:67)
	at fr.loghub.log4j.ZMQAppenderTest$4.run(ZMQAppenderTest.java:125)
java.lang.AssertionError: error
	at org.junit.Assert.fail(Assert.java:88)
	at fr.loghub.log4j.ZMQAppenderTest$3.error(ZMQAppenderTest.java:93)
	at fr.loghub.log4j.ZMQAppender.send(ZMQAppender.java:166)
	at fr.loghub.log4j.SerializerAppender.append(SerializerAppender.java:67)
	at fr.loghub.log4j.ZMQAppenderTest$4.run(ZMQAppenderTest.java:125)
java.lang.AssertionError: error
	at org.junit.Assert.fail(Assert.java:88)
	at fr.loghub.log4j.ZMQAppenderTest$3.error(ZMQAppenderTest.java:93)
	at fr.loghub.log4j.ZMQAppender.send(ZMQAppender.java:166)
	at fr.loghub.log4j.SerializerAppender.append(SerializerAppender.java:67)
	at fr.loghub.log4j.ZMQAppenderTest$4.run(ZMQAppenderTest.java:125)
java.lang.AssertionError: error
	at org.junit.Assert.fail(Assert.java:88)
	at fr.loghub.log4j.ZMQAppenderTest$3.error(ZMQAppenderTest.java:93)
	at fr.loghub.log4j.ZMQAppender.send(ZMQAppender.java:166)
	at fr.loghub.log4j.SerializerAppender.append(SerializerAppender.java:67)
	at fr.loghub.log4j.ZMQAppenderTest$4.run(ZMQAppenderTest.java:125)
java.lang.AssertionError: error
	at org.junit.Assert.fail(Assert.java:88)
	at fr.loghub.log4j.ZMQAppenderTest$3.error(ZMQAppenderTest.java:93)
	at fr.loghub.log4j.ZMQAppender.send(ZMQAppender.java:166)
	at fr.loghub.log4j.SerializerAppender.append(SerializerAppender.java:67)
	at fr.loghub.log4j.ZMQAppenderTest$4.run(ZMQAppenderTest.java:125)
java.lang.AssertionError: error
	at org.junit.Assert.fail(Assert.java:88)
	at fr.loghub.log4j.ZMQAppenderTest$3.error(ZMQAppenderTest.java:93)
	at fr.loghub.log4j.ZMQAppender.send(ZMQAppender.java:166)
	at fr.loghub.log4j.SerializerAppender.append(SerializerAppender.java:67)
	at fr.loghub.log4j.ZMQAppenderTest$4.run(ZMQAppenderTest.java:125)
java.lang.AssertionError: error
	at org.junit.Assert.fail(Assert.java:88)
	at fr.loghub.log4j.ZMQAppenderTest$3.error(ZMQAppenderTest.java:93)
	at fr.loghub.log4j.ZMQAppender.send(ZMQAppender.java:166)
	at fr.loghub.log4j.SerializerAppender.append(SerializerAppender.java:67)
	at fr.loghub.log4j.ZMQAppenderTest$4.run(ZMQAppenderTest.java:125)
java.lang.AssertionError: error
	at org.junit.Assert.fail(Assert.java:88)
	at fr.loghub.log4j.ZMQAppenderTest$3.error(ZMQAppenderTest.java:93)
	at fr.loghub.log4j.ZMQAppender.send(ZMQAppender.java:166)
	at fr.loghub.log4j.SerializerAppender.append(SerializerAppender.java:67)
	at fr.loghub.log4j.ZMQAppenderTest$4.run(ZMQAppenderTest.java:125)
java.lang.AssertionError: error
	at org.junit.Assert.fail(Assert.java:88)
	at fr.loghub.log4j.ZMQAppenderTest$3.error(ZMQAppenderTest.java:93)
	at fr.loghub.log4j.ZMQAppender.send(ZMQAppender.java:166)
	at fr.loghub.log4j.SerializerAppender.append(SerializerAppender.java:67)
	at fr.loghub.log4j.ZMQAppenderTest$4.run(ZMQAppenderTest.java:125)
java.lang.AssertionError: error
	at org.junit.Assert.fail(Assert.java:88)
	at fr.loghub.log4j.ZMQAppenderTest$3.error(ZMQAppenderTest.java:93)
	at fr.loghub.log4j.ZMQAppender.send(ZMQAppender.java:166)
	at fr.loghub.log4j.SerializerAppender.append(SerializerAppender.java:67)
	at fr.loghub.log4j.ZMQAppenderTest$4.run(ZMQAppenderTest.java:125)
java.lang.AssertionError: error
	at org.junit.Assert.fail(Assert.java:88)
	at fr.loghub.log4j.ZMQAppenderTest$3.error(ZMQAppenderTest.java:93)
	at fr.loghub.log4j.ZMQAppender.send(ZMQAppender.java:166)
	at fr.loghub.log4j.SerializerAppender.append(SerializerAppender.java:67)
	at fr.loghub.log4j.ZMQAppenderTest$4.run(ZMQAppenderTest.java:125)
java.lang.AssertionError: error
	at org.junit.Assert.fail(Assert.java:88)
	at fr.loghub.log4j.ZMQAppenderTest$3.error(ZMQAppenderTest.java:93)
	at fr.loghub.log4j.ZMQAppender.send(ZMQAppender.java:166)
	at fr.loghub.log4j.SerializerAppender.append(SerializerAppender.java:67)
	at fr.loghub.log4j.ZMQAppenderTest$4.run(ZMQAppenderTest.java:125)
java.lang.AssertionError: error
	at org.junit.Assert.fail(Assert.java:88)
	at fr.loghub.log4j.ZMQAppenderTest$3.error(ZMQAppenderTest.java:93)
	at fr.loghub.log4j.ZMQAppender.send(ZMQAppender.java:166)
	at fr.loghub.log4j.SerializerAppender.append(SerializerAppender.java:67)
	at fr.loghub.log4j.ZMQAppenderTest$4.run(ZMQAppenderTest.java:125)
java.lang.AssertionError: error
	at org.junit.Assert.fail(Assert.java:88)
	at fr.loghub.log4j.ZMQAppenderTest$3.error(ZMQAppenderTest.java:93)
	at fr.loghub.log4j.ZMQAppender.send(ZMQAppender.java:166)
	at fr.loghub.log4j.SerializerAppender.append(SerializerAppender.java:67)
	at fr.loghub.log4j.ZMQAppenderTest$4.run(ZMQAppenderTest.java:125)
java.lang.AssertionError: error
	at org.junit.Assert.fail(Assert.java:88)
	at fr.loghub.log4j.ZMQAppenderTest$3.error(ZMQAppenderTest.java:93)
	at fr.loghub.log4j.ZMQAppender.send(ZMQAppender.java:166)
	at fr.loghub.log4j.SerializerAppender.append(SerializerAppender.java:67)
	at fr.loghub.log4j.ZMQAppenderTest$4.run(ZMQAppenderTest.java:125)
java.lang.AssertionError: error
	at org.junit.Assert.fail(Assert.java:88)
	at fr.loghub.log4j.ZMQAppenderTest$3.error(ZMQAppenderTest.java:93)
	at fr.loghub.log4j.ZMQAppender.send(ZMQAppender.java:166)
	at fr.loghub.log4j.SerializerAppender.append(SerializerAppender.java:67)
	at fr.loghub.log4j.ZMQAppenderTest$4.run(ZMQAppenderTest.java:125)
java.lang.AssertionError: error
	at org.junit.Assert.fail(Assert.java:88)
	at fr.loghub.log4j.ZMQAppenderTest$3.error(ZMQAppenderTest.java:93)
	at fr.loghub.log4j.ZMQAppender.send(ZMQAppender.java:166)
	at fr.loghub.log4j.SerializerAppender.append(SerializerAppender.java:67)
	at fr.loghub.log4j.ZMQAppenderTest$4.run(ZMQAppenderTest.java:125)
java.lang.AssertionError: error
	at org.junit.Assert.fail(Assert.java:88)
	at fr.loghub.log4j.ZMQAppenderTest$3.error(ZMQAppenderTest.java:93)
	at fr.loghub.log4j.ZMQAppender.send(ZMQAppender.java:166)
	at fr.loghub.log4j.SerializerAppender.append(SerializerAppender.java:67)
	at fr.loghub.log4j.ZMQAppenderTest$4.run(ZMQAppenderTest.java:125)
java.lang.AssertionError: error
	at org.junit.Assert.fail(Assert.java:88)
	at fr.loghub.log4j.ZMQAppenderTest$3.error(ZMQAppenderTest.java:93)
	at fr.loghub.log4j.ZMQAppender.send(ZMQAppender.java:166)
	at fr.loghub.log4j.SerializerAppender.append(SerializerAppender.java:67)
	at fr.loghub.log4j.ZMQAppenderTest$4.run(ZMQAppenderTest.java:125)
java.lang.AssertionError: error
	at org.junit.Assert.fail(Assert.java:88)
	at fr.loghub.log4j.ZMQAppenderTest$3.error(ZMQAppenderTest.java:93)
	at fr.loghub.log4j.ZMQAppender.send(ZMQAppender.java:166)
	at fr.loghub.log4j.SerializerAppender.append(SerializerAppender.java:67)
	at fr.loghub.log4j.ZMQAppenderTest$4.run(ZMQAppenderTest.java:125)
Exception in thread "Injector947" java.lang.AssertionError: error
	at org.junit.Assert.fail(Assert.java:88)
	at fr.loghub.log4j.ZMQAppenderTest$3.error(ZMQAppenderTest.java:93)
	at fr.loghub.log4j.ZMQAppender.send(ZMQAppender.java:166)
	at fr.loghub.log4j.SerializerAppender.append(SerializerAppender.java:67)
	at fr.loghub.log4j.ZMQAppenderTest$4.run(ZMQAppenderTest.java:125)
Exception in thread "Injector574" java.lang.AssertionError: error
	at org.junit.Assert.fail(Assert.java:88)
	at fr.loghub.log4j.ZMQAppenderTest$3.error(ZMQAppenderTest.java:93)
	at fr.loghub.log4j.ZMQAppender.send(ZMQAppender.java:166)
	at fr.loghub.log4j.SerializerAppender.append(SerializerAppender.java:67)
	at fr.loghub.log4j.ZMQAppenderTest$4.run(ZMQAppenderTest.java:125)
Exception in thread "Injector619" java.lang.AssertionError: error
	at org.junit.Assert.fail(Assert.java:88)
	at fr.loghub.log4j.ZMQAppenderTest$3.error(ZMQAppenderTest.java:93)
	at fr.loghub.log4j.ZMQAppender.send(ZMQAppender.java:166)
	at fr.loghub.log4j.SerializerAppender.append(SerializerAppender.java:67)
	at fr.loghub.log4j.ZMQAppenderTest$4.run(ZMQAppenderTest.java:125)
Exception in thread "Injector609" Exception in thread "Injector1194" java.lang.AssertionError: error
	at org.junit.Assert.fail(Assert.java:88)
	at fr.loghub.log4j.ZMQAppenderTest$3.error(ZMQAppenderTest.java:93)
	at fr.loghub.log4j.ZMQAppender.send(ZMQAppender.java:166)
	at fr.loghub.log4j.SerializerAppender.append(SerializerAppender.java:67)
	at fr.loghub.log4j.ZMQAppenderTest$4.run(ZMQAppenderTest.java:125)
Exception in thread "Injector1192" Exception in thread "Injector1190" Exception in thread "Injector1188" Exception in thread "Injector1186" java.lang.AssertionError: error
	at org.junit.Assert.fail(Assert.java:88)
	at fr.loghub.log4j.ZMQAppenderTest$3.error(ZMQAppenderTest.java:93)
	at fr.loghub.log4j.ZMQAppender.send(ZMQAppender.java:166)
	at fr.loghub.log4j.SerializerAppender.append(SerializerAppender.java:67)
	at fr.loghub.log4j.ZMQAppenderTest$4.run(ZMQAppenderTest.java:125)
Exception in thread "Injector1182" java.lang.AssertionError: error
	at org.junit.Assert.fail(Assert.java:88)
	at fr.loghub.log4j.ZMQAppenderTest$3.error(ZMQAppenderTest.java:93)
	at fr.loghub.log4j.ZMQAppender.send(ZMQAppender.java:166)
	at fr.loghub.log4j.SerializerAppender.append(SerializerAppender.java:67)
	at fr.loghub.log4j.ZMQAppenderTest$4.run(ZMQAppenderTest.java:125)
Exception in thread "Injector1180" java.lang.AssertionError: error
	at org.junit.Assert.fail(Assert.java:88)
	at fr.loghub.log4j.ZMQAppenderTest$3.error(ZMQAppenderTest.java:93)
	at fr.loghub.log4j.ZMQAppender.send(ZMQAppender.java:166)
	at fr.loghub.log4j.SerializerAppender.append(SerializerAppender.java:67)
	at fr.loghub.log4j.ZMQAppenderTest$4.run(ZMQAppenderTest.java:125)
Exception in thread "Injector1184" Exception in thread "Injector1178" Exception in thread "Injector1119" java.lang.AssertionError: error
	at org.junit.Assert.fail(Assert.java:88)
	at fr.loghub.log4j.ZMQAppenderTest$3.error(ZMQAppenderTest.java:93)
	at fr.loghub.log4j.ZMQAppender.send(ZMQAppender.java:166)
	at fr.loghub.log4j.SerializerAppender.append(SerializerAppender.java:67)
	at fr.loghub.log4j.ZMQAppenderTest$4.run(ZMQAppenderTest.java:125)
java.lang.AssertionError: error
	at org.junit.Assert.fail(Assert.java:88)
	at fr.loghub.log4j.ZMQAppenderTest$3.error(ZMQAppenderTest.java:93)
	at fr.loghub.log4j.ZMQAppender.send(ZMQAppender.java:166)
	at fr.loghub.log4j.SerializerAppender.append(SerializerAppender.java:67)
	at fr.loghub.log4j.ZMQAppenderTest$4.run(ZMQAppenderTest.java:125)
Exception in thread "Injector1174" Exception in thread "Injector1172" java.lang.AssertionError: error
	at org.junit.Assert.fail(Assert.java:88)
	at fr.loghub.log4j.ZMQAppenderTest$3.error(ZMQAppenderTest.java:93)
	at fr.loghub.log4j.ZMQAppender.send(ZMQAppender.java:166)
	at fr.loghub.log4j.SerializerAppender.append(SerializerAppender.java:67)
	at fr.loghub.log4j.ZMQAppenderTest$4.run(ZMQAppenderTest.java:125)
Exception in thread "Injector1170" java.lang.AssertionError: error
	at org.junit.Assert.fail(Assert.java:88)
	at fr.loghub.log4j.ZMQAppenderTest$3.error(ZMQAppenderTest.java:93)
	at fr.loghub.log4j.ZMQAppender.send(ZMQAppender.java:166)
	at fr.loghub.log4j.SerializerAppender.append(SerializerAppender.java:67)
	at fr.loghub.log4j.ZMQAppenderTest$4.run(ZMQAppenderTest.java:125)
java.lang.AssertionError: error
	at org.junit.Assert.fail(Assert.java:88)
	at fr.loghub.log4j.ZMQAppenderTest$3.error(ZMQAppenderTest.java:93)
	at fr.loghub.log4j.ZMQAppender.send(ZMQAppender.java:166)
	at fr.loghub.log4j.SerializerAppender.append(SerializerAppender.java:67)
	at fr.loghub.log4j.ZMQAppenderTest$4.run(ZMQAppenderTest.java:125)
java.lang.AssertionError: error
	at org.junit.Assert.fail(Assert.java:88)
	at fr.loghub.log4j.ZMQAppenderTest$3.error(ZMQAppenderTest.java:93)
	at fr.loghub.log4j.ZMQAppender.send(ZMQAppender.java:166)
	at fr.loghub.log4j.SerializerAppender.append(SerializerAppender.java:67)
	at fr.loghub.log4j.ZMQAppenderTest$4.run(ZMQAppenderTest.java:125)
Exception in thread "Injector1166" java.lang.AssertionError: error
	at org.junit.Assert.fail(Assert.java:88)
	at fr.loghub.log4j.ZMQAppenderTest$3.error(ZMQAppenderTest.java:93)
	at fr.loghub.log4j.ZMQAppender.send(ZMQAppender.java:166)
	at fr.loghub.log4j.SerializerAppender.append(SerializerAppender.java:67)
	at fr.loghub.log4j.ZMQAppenderTest$4.run(ZMQAppenderTest.java:125)
java.lang.AssertionError: error
	at org.junit.Assert.fail(Assert.java:88)
	at fr.loghub.log4j.ZMQAppenderTest$3.error(ZMQAppenderTest.java:93)
	at fr.loghub.log4j.ZMQAppender.send(ZMQAppender.java:166)
	at fr.loghub.log4j.SerializerAppender.append(SerializerAppender.java:67)
	at fr.loghub.log4j.ZMQAppenderTest$4.run(ZMQAppenderTest.java:125)
java.lang.AssertionError: error
	at org.junit.Assert.fail(Assert.java:88)
	at fr.loghub.log4j.ZMQAppenderTest$3.error(ZMQAppenderTest.java:93)
	at fr.loghub.log4j.ZMQAppender.send(ZMQAppender.java:166)
	at fr.loghub.log4j.SerializerAppender.append(SerializerAppender.java:67)
	at fr.loghub.log4j.ZMQAppenderTest$4.run(ZMQAppenderTest.java:125)
java.lang.AssertionError: error
	at org.junit.Assert.fail(Assert.java:88)
	at fr.loghub.log4j.ZMQAppenderTest$3.error(ZMQAppenderTest.java:93)
	at fr.loghub.log4j.ZMQAppender.send(ZMQAppender.java:166)
	at fr.loghub.log4j.SerializerAppender.append(SerializerAppender.java:67)
	at fr.loghub.log4j.ZMQAppenderTest$4.run(ZMQAppenderTest.java:125)
java.lang.AssertionError: error
	at org.junit.Assert.fail(Assert.java:88)
	at fr.loghub.log4j.ZMQAppenderTest$3.error(ZMQAppenderTest.java:93)
	at fr.loghub.log4j.ZMQAppender.send(ZMQAppender.java:166)
	at fr.loghub.log4j.SerializerAppender.append(SerializerAppender.java:67)
	at fr.loghub.log4j.ZMQAppenderTest$4.run(ZMQAppenderTest.java:125)
java.lang.AssertionError: error
	at org.junit.Assert.fail(Assert.java:88)
	at fr.loghub.log4j.ZMQAppenderTest$3.error(ZMQAppenderTest.java:93)
	at fr.loghub.log4j.ZMQAppender.send(ZMQAppender.java:166)
	at fr.loghub.log4j.SerializerAppender.append(SerializerAppender.java:67)
	at fr.loghub.log4j.ZMQAppenderTest$4.run(ZMQAppenderTest.java:125)
java.lang.AssertionError: error
	at org.junit.Assert.fail(Assert.java:88)
	at fr.loghub.log4j.ZMQAppenderTest$3.error(ZMQAppenderTest.java:93)
	at fr.loghub.log4j.ZMQAppender.send(ZMQAppender.java:166)
	at fr.loghub.log4j.SerializerAppender.append(SerializerAppender.java:67)
	at fr.loghub.log4j.ZMQAppenderTest$4.run(ZMQAppenderTest.java:125)
java.lang.AssertionError: error
	at org.junit.Assert.fail(Assert.java:88)
	at fr.loghub.log4j.ZMQAppenderTest$3.error(ZMQAppenderTest.java:93)
	at fr.loghub.log4j.ZMQAppender.send(ZMQAppender.java:166)
	at fr.loghub.log4j.SerializerAppender.append(SerializerAppender.java:67)
	at fr.loghub.log4j.ZMQAppenderTest$4.run(ZMQAppenderTest.java:125)
java.lang.AssertionError: error
	at org.junit.Assert.fail(Assert.java:88)
	at fr.loghub.log4j.ZMQAppenderTest$3.error(ZMQAppenderTest.java:93)
	at fr.loghub.log4j.ZMQAppender.send(ZMQAppender.java:166)
	at fr.loghub.log4j.SerializerAppender.append(SerializerAppender.java:67)
	at fr.loghub.log4j.ZMQAppenderTest$4.run(ZMQAppenderTest.java:125)
java.lang.AssertionError: error
	at org.junit.Assert.fail(Assert.java:88)
	at fr.loghub.log4j.ZMQAppenderTest$3.error(ZMQAppenderTest.java:93)
	at fr.loghub.log4j.ZMQAppender.send(ZMQAppender.java:166)
	at fr.loghub.log4j.SerializerAppender.append(SerializerAppender.java:67)
	at fr.loghub.log4j.ZMQAppenderTest$4.run(ZMQAppenderTest.java:125)
Exception in thread "Injector2809" Exception in thread "Injector2811" Exception in thread "Injector2797" java.lang.AssertionError: error
	at org.junit.Assert.fail(Assert.java:88)
	at fr.loghub.log4j.ZMQAppenderTest$3.error(ZMQAppenderTest.java:93)
	at fr.loghub.log4j.ZMQAppender.send(ZMQAppender.java:166)
	at fr.loghub.log4j.SerializerAppender.append(SerializerAppender.java:67)
	at fr.loghub.log4j.ZMQAppenderTest$4.run(ZMQAppenderTest.java:125)
Exception in thread "Injector2803" java.lang.AssertionError: error
	at org.junit.Assert.fail(Assert.java:88)
	at fr.loghub.log4j.ZMQAppenderTest$3.error(ZMQAppenderTest.java:93)
	at fr.loghub.log4j.ZMQAppender.send(ZMQAppender.java:166)
	at fr.loghub.log4j.SerializerAppender.append(SerializerAppender.java:67)
	at fr.loghub.log4j.ZMQAppenderTest$4.run(ZMQAppenderTest.java:125)
Exception in thread "Injector2817" java.lang.AssertionError: error
	at org.junit.Assert.fail(Assert.java:88)
	at fr.loghub.log4j.ZMQAppenderTest$3.error(ZMQAppenderTest.java:93)
	at fr.loghub.log4j.ZMQAppender.send(ZMQAppender.java:166)
	at fr.loghub.log4j.SerializerAppender.append(SerializerAppender.java:67)
	at fr.loghub.log4j.ZMQAppenderTest$4.run(ZMQAppenderTest.java:125)
Exception in thread "Injector2821" Exception in thread "Injector3726" Exception in thread "Injector2805" Exception in thread "Injector2807" java.lang.AssertionError: error
	at org.junit.Assert.fail(Assert.java:88)
	at fr.loghub.log4j.ZMQAppenderTest$3.error(ZMQAppenderTest.java:93)
	at fr.loghub.log4j.ZMQAppender.send(ZMQAppender.java:166)
	at fr.loghub.log4j.SerializerAppender.append(SerializerAppender.java:67)
	at fr.loghub.log4j.ZMQAppenderTest$4.run(ZMQAppenderTest.java:125)
Exception in thread "Injector2819" java.lang.AssertionError: error
	at org.junit.Assert.fail(Assert.java:88)
	at fr.loghub.log4j.ZMQAppenderTest$3.error(ZMQAppenderTest.java:93)
	at fr.loghub.log4j.ZMQAppender.send(ZMQAppender.java:166)
	at fr.loghub.log4j.SerializerAppender.append(SerializerAppender.java:67)
	at fr.loghub.log4j.ZMQAppenderTest$4.run(ZMQAppenderTest.java:125)
Exception in thread "Injector2815" java.lang.AssertionError: error
	at org.junit.Assert.fail(Assert.java:88)
	at fr.loghub.log4j.ZMQAppenderTest$3.error(ZMQAppenderTest.java:93)
	at fr.loghub.log4j.ZMQAppender.send(ZMQAppender.java:166)
	at fr.loghub.log4j.SerializerAppender.append(SerializerAppender.java:67)
	at fr.loghub.log4j.ZMQAppenderTest$4.run(ZMQAppenderTest.java:125)
Exception in thread "Injector2813" java.lang.AssertionError: error
	at org.junit.Assert.fail(Assert.java:88)
	at fr.loghub.log4j.ZMQAppenderTest$3.error(ZMQAppenderTest.java:93)
	at fr.loghub.log4j.ZMQAppender.send(ZMQAppender.java:166)
	at fr.loghub.log4j.SerializerAppender.append(SerializerAppender.java:67)
	at fr.loghub.log4j.ZMQAppenderTest$4.run(ZMQAppenderTest.java:125)
java.lang.AssertionError: error
	at org.junit.Assert.fail(Assert.java:88)
	at fr.loghub.log4j.ZMQAppenderTest$3.error(ZMQAppenderTest.java:93)
	at fr.loghub.log4j.ZMQAppender.send(ZMQAppender.java:166)
	at fr.loghub.log4j.SerializerAppender.append(SerializerAppender.java:67)
	at fr.loghub.log4j.ZMQAppenderTest$4.run(ZMQAppenderTest.java:125)
java.lang.AssertionError: error
	at org.junit.Assert.fail(Assert.java:88)
	at fr.loghub.log4j.ZMQAppenderTest$3.error(ZMQAppenderTest.java:93)
	at fr.loghub.log4j.ZMQAppender.send(ZMQAppender.java:166)
	at fr.loghub.log4j.SerializerAppender.append(SerializerAppender.java:67)
	at fr.loghub.log4j.ZMQAppenderTest$4.run(ZMQAppenderTest.java:125)
Exception in thread "Injector2823" java.lang.AssertionError: error
	at org.junit.Assert.fail(Assert.java:88)
	at fr.loghub.log4j.ZMQAppenderTest$3.error(ZMQAppenderTest.java:93)
	at fr.loghub.log4j.ZMQAppender.send(ZMQAppender.java:166)
	at fr.loghub.log4j.SerializerAppender.append(SerializerAppender.java:67)
	at fr.loghub.log4j.ZMQAppenderTest$4.run(ZMQAppenderTest.java:125)
java.lang.AssertionError: error
	at org.junit.Assert.fail(Assert.java:88)
	at fr.loghub.log4j.ZMQAppenderTest$3.error(ZMQAppenderTest.java:93)
	at fr.loghub.log4j.ZMQAppender.send(ZMQAppender.java:166)
	at fr.loghub.log4j.SerializerAppender.append(SerializerAppender.java:67)
	at fr.loghub.log4j.ZMQAppenderTest$4.run(ZMQAppenderTest.java:125)
java.lang.AssertionError: error
	at org.junit.Assert.fail(Assert.java:88)
	at fr.loghub.log4j.ZMQAppenderTest$3.error(ZMQAppenderTest.java:93)
	at fr.loghub.log4j.ZMQAppender.send(ZMQAppender.java:166)
	at fr.loghub.log4j.SerializerAppender.append(SerializerAppender.java:67)
	at fr.loghub.log4j.ZMQAppenderTest$4.run(ZMQAppenderTest.java:125)
java.lang.AssertionError: error
	at org.junit.Assert.fail(Assert.java:88)
	at fr.loghub.log4j.ZMQAppenderTest$3.error(ZMQAppenderTest.java:93)
	at fr.loghub.log4j.ZMQAppender.send(ZMQAppender.java:166)
	at fr.loghub.log4j.SerializerAppender.append(SerializerAppender.java:67)
	at fr.loghub.log4j.ZMQAppenderTest$4.run(ZMQAppenderTest.java:125)
Exception in thread "Injector2837" Exception in thread "Injector2829" java.lang.AssertionError: error
	at org.junit.Assert.fail(Assert.java:88)
	at fr.loghub.log4j.ZMQAppenderTest$3.error(ZMQAppenderTest.java:93)
	at fr.loghub.log4j.ZMQAppender.send(ZMQAppender.java:166)
	at fr.loghub.log4j.SerializerAppender.append(SerializerAppender.java:67)
	at fr.loghub.log4j.ZMQAppenderTest$4.run(ZMQAppenderTest.java:125)
Exception in thread "Injector2835" Exception in thread "Injector2831" Exception in thread "Injector2827" Exception in thread "Injector2843" java.lang.AssertionError: error
	at org.junit.Assert.fail(Assert.java:88)
	at fr.loghub.log4j.ZMQAppenderTest$3.error(ZMQAppenderTest.java:93)
	at fr.loghub.log4j.ZMQAppender.send(ZMQAppender.java:166)
	at fr.loghub.log4j.SerializerAppender.append(SerializerAppender.java:67)
	at fr.loghub.log4j.ZMQAppenderTest$4.run(ZMQAppenderTest.java:125)
Exception in thread "Injector2825" Exception in thread "Injector3734" Exception in thread "Injector3790" Exception in thread "Injector2863" Exception in thread "Injector3774" java.lang.AssertionError: error
	at org.junit.Assert.fail(Assert.java:88)
	at fr.loghub.log4j.ZMQAppenderTest$3.error(ZMQAppenderTest.java:93)
	at fr.loghub.log4j.ZMQAppender.send(ZMQAppender.java:166)
	at fr.loghub.log4j.SerializerAppender.append(SerializerAppender.java:67)
	at fr.loghub.log4j.ZMQAppenderTest$4.run(ZMQAppenderTest.java:125)
Exception in thread "Injector2855" Exception in thread "Injector2893" Exception in thread "Injector3758" java.lang.AssertionError: error
	at org.junit.Assert.fail(Assert.java:88)
	at fr.loghub.log4j.ZMQAppenderTest$3.error(ZMQAppenderTest.java:93)
	at fr.loghub.log4j.ZMQAppender.send(ZMQAppender.java:166)
	at fr.loghub.log4j.SerializerAppender.append(SerializerAppender.java:67)
	at fr.loghub.log4j.ZMQAppenderTest$4.run(ZMQAppenderTest.java:125)
Exception in thread "Injector2867" Exception in thread "Injector3736" Exception in thread "Injector2865" java.lang.AssertionError: error
	at org.junit.Assert.fail(Assert.java:88)
	at fr.loghub.log4j.ZMQAppenderTest$3.error(ZMQAppenderTest.java:93)
	at fr.loghub.log4j.ZMQAppender.send(ZMQAppender.java:166)
	at fr.loghub.log4j.SerializerAppender.append(SerializerAppender.java:67)
	at fr.loghub.log4j.ZMQAppenderTest$4.run(ZMQAppenderTest.java:125)
Exception in thread "Injector3754" Exception in thread "Injector3778" Exception in thread "Injector2869" java.lang.AssertionError: error
	at org.junit.Assert.fail(Assert.java:88)
	at fr.loghub.log4j.ZMQAppenderTest$3.error(ZMQAppenderTest.java:93)
	at fr.loghub.log4j.ZMQAppender.send(ZMQAppender.java:166)
	at fr.loghub.log4j.SerializerAppender.append(SerializerAppender.java:67)
	at fr.loghub.log4j.ZMQAppenderTest$4.run(ZMQAppenderTest.java:125)
Exception in thread "Injector3812" Exception in thread "Injector3728" Exception in thread "Injector3770" Exception in thread "Injector3808" java.lang.AssertionError: error
	at org.junit.Assert.fail(Assert.java:88)
	at fr.loghub.log4j.ZMQAppenderTest$3.error(ZMQAppenderTest.java:93)
	at fr.loghub.log4j.ZMQAppender.send(ZMQAppender.java:166)
	at fr.loghub.log4j.SerializerAppender.append(SerializerAppender.java:67)
	at fr.loghub.log4j.ZMQAppenderTest$4.run(ZMQAppenderTest.java:125)
Exception in thread "Injector3776" java.lang.AssertionError: error
	at org.junit.Assert.fail(Assert.java:88)
	at fr.loghub.log4j.ZMQAppenderTest$3.error(ZMQAppenderTest.java:93)
	at fr.loghub.log4j.ZMQAppender.send(ZMQAppender.java:166)
	at fr.loghub.log4j.SerializerAppender.append(SerializerAppender.java:67)
	at fr.loghub.log4j.ZMQAppenderTest$4.run(ZMQAppenderTest.java:125)
Exception in thread "Injector2891" Exception in thread "Injector2847" java.lang.AssertionError: error
	at org.junit.Assert.fail(Assert.java:88)
	at fr.loghub.log4j.ZMQAppenderTest$3.error(ZMQAppenderTest.java:93)
	at fr.loghub.log4j.ZMQAppender.send(ZMQAppender.java:166)
	at fr.loghub.log4j.SerializerAppender.append(SerializerAppender.java:67)
	at fr.loghub.log4j.ZMQAppenderTest$4.run(ZMQAppenderTest.java:125)
Exception in thread "Injector2879" Exception in thread "Injector2861" Exception in thread "Injector3760" java.lang.AssertionError: error
	at org.junit.Assert.fail(Assert.java:88)
	at fr.loghub.log4j.ZMQAppenderTest$3.error(ZMQAppenderTest.java:93)
	at fr.loghub.log4j.ZMQAppender.send(ZMQAppender.java:166)
	at fr.loghub.log4j.SerializerAppender.append(SerializerAppender.java:67)
	at fr.loghub.log4j.ZMQAppenderTest$4.run(ZMQAppenderTest.java:125)
Exception in thread "Injector2851" java.lang.AssertionError: error
	at org.junit.Assert.fail(Assert.java:88)
	at fr.loghub.log4j.ZMQAppenderTest$3.error(ZMQAppenderTest.java:93)
	at fr.loghub.log4j.ZMQAppender.send(ZMQAppender.java:166)
	at fr.loghub.log4j.SerializerAppender.append(SerializerAppender.java:67)
	at fr.loghub.log4j.ZMQAppenderTest$4.run(ZMQAppenderTest.java:125)
Exception in thread "Injector2435" java.lang.AssertionError: error
	at org.junit.Assert.fail(Assert.java:88)
	at fr.loghub.log4j.ZMQAppenderTest$3.error(ZMQAppenderTest.java:93)
	at fr.loghub.log4j.ZMQAppender.send(ZMQAppender.java:166)
	at fr.loghub.log4j.SerializerAppender.append(SerializerAppender.java:67)
	at fr.loghub.log4j.ZMQAppenderTest$4.run(ZMQAppenderTest.java:125)
Exception in thread "Injector2675" java.lang.AssertionError: error
	at org.junit.Assert.fail(Assert.java:88)
	at fr.loghub.log4j.ZMQAppenderTest$3.error(ZMQAppenderTest.java:93)
	at fr.loghub.log4j.ZMQAppender.send(ZMQAppender.java:166)
	at fr.loghub.log4j.SerializerAppender.append(SerializerAppender.java:67)
	at fr.loghub.log4j.ZMQAppenderTest$4.run(ZMQAppenderTest.java:125)
Exception in thread "Injector3738" Exception in thread "Injector3782" java.lang.AssertionError: error
	at org.junit.Assert.fail(Assert.java:88)
	at fr.loghub.log4j.ZMQAppenderTest$3.error(ZMQAppenderTest.java:93)
	at fr.loghub.log4j.ZMQAppender.send(ZMQAppender.java:166)
	at fr.loghub.log4j.SerializerAppender.append(SerializerAppender.java:67)
	at fr.loghub.log4j.ZMQAppenderTest$4.run(ZMQAppenderTest.java:125)
Exception in thread "Injector3780" Exception in thread "Injector2871" Exception in thread "Injector3756" Exception in thread "Injector2887" Exception in thread "Injector2859" Exception in thread "Injector2857" Exception in thread "Injector3746" java.lang.AssertionError: error
	at org.junit.Assert.fail(Assert.java:88)
	at fr.loghub.log4j.ZMQAppenderTest$3.error(ZMQAppenderTest.java:93)
	at fr.loghub.log4j.ZMQAppender.send(ZMQAppender.java:166)
	at fr.loghub.log4j.SerializerAppender.append(SerializerAppender.java:67)
	at fr.loghub.log4j.ZMQAppenderTest$4.run(ZMQAppenderTest.java:125)
Exception in thread "Injector2853" Exception in thread "Injector2883" java.lang.AssertionError: error
	at org.junit.Assert.fail(Assert.java:88)
	at fr.loghub.log4j.ZMQAppenderTest$3.error(ZMQAppenderTest.java:93)
	at fr.loghub.log4j.ZMQAppender.send(ZMQAppender.java:166)
	at fr.loghub.log4j.SerializerAppender.append(SerializerAppender.java:67)
	at fr.loghub.log4j.ZMQAppenderTest$4.run(ZMQAppenderTest.java:125)
Exception in thread "Injector2839" java.lang.AssertionError: error
	at org.junit.Assert.fail(Assert.java:88)
	at fr.loghub.log4j.ZMQAppenderTest$3.error(ZMQAppenderTest.java:93)
	at fr.loghub.log4j.ZMQAppender.send(ZMQAppender.java:166)
	at fr.loghub.log4j.SerializerAppender.append(SerializerAppender.java:67)
	at fr.loghub.log4j.ZMQAppenderTest$4.run(ZMQAppenderTest.java:125)
Exception in thread "Injector2845" Exception in thread "Injector2889" java.lang.AssertionError: error
	at org.junit.Assert.fail(Assert.java:88)
	at fr.loghub.log4j.ZMQAppenderTest$3.error(ZMQAppenderTest.java:93)
	at fr.loghub.log4j.ZMQAppender.send(ZMQAppender.java:166)
	at fr.loghub.log4j.SerializerAppender.append(SerializerAppender.java:67)
	at fr.loghub.log4j.ZMQAppenderTest$4.run(ZMQAppenderTest.java:125)
Exception in thread "Injector3748" Exception in thread "Injector3764" Exception in thread "Injector3752" Exception in thread "Injector3750" Exception in thread "Injector2877" Exception in thread "Injector2873" java.lang.AssertionError: error
	at org.junit.Assert.fail(Assert.java:88)
	at fr.loghub.log4j.ZMQAppenderTest$3.error(ZMQAppenderTest.java:93)
	at fr.loghub.log4j.ZMQAppender.send(ZMQAppender.java:166)
	at fr.loghub.log4j.SerializerAppender.append(SerializerAppender.java:67)
	at fr.loghub.log4j.ZMQAppenderTest$4.run(ZMQAppenderTest.java:125)
java.lang.AssertionError: error
	at org.junit.Assert.fail(Assert.java:88)
	at fr.loghub.log4j.ZMQAppenderTest$3.error(ZMQAppenderTest.java:93)
	at fr.loghub.log4j.ZMQAppender.send(ZMQAppender.java:166)
	at fr.loghub.log4j.SerializerAppender.append(SerializerAppender.java:67)
	at fr.loghub.log4j.ZMQAppenderTest$4.run(ZMQAppenderTest.java:125)
Exception in thread "Injector2841" Exception in thread "Injector2833" Exception in thread "Injector2409" Exception in thread "Injector3248" Exception in thread "Injector2373" java.lang.AssertionError: error
	at org.junit.Assert.fail(Assert.java:88)
	at fr.loghub.log4j.ZMQAppenderTest$3.error(ZMQAppenderTest.java:93)
	at fr.loghub.log4j.ZMQAppender.send(ZMQAppender.java:166)
	at fr.loghub.log4j.SerializerAppender.append(SerializerAppender.java:67)
	at fr.loghub.log4j.ZMQAppenderTest$4.run(ZMQAppenderTest.java:125)
Exception in thread "Injector2369" java.lang.AssertionError: error
	at org.junit.Assert.fail(Assert.java:88)
	at fr.loghub.log4j.ZMQAppenderTest$3.error(ZMQAppenderTest.java:93)
	at fr.loghub.log4j.ZMQAppender.send(ZMQAppender.java:166)
	at fr.loghub.log4j.SerializerAppender.append(SerializerAppender.java:67)
	at fr.loghub.log4j.ZMQAppenderTest$4.run(ZMQAppenderTest.java:125)
java.lang.AssertionError: error
	at org.junit.Assert.fail(Assert.java:88)
	at fr.loghub.log4j.ZMQAppenderTest$3.error(ZMQAppenderTest.java:93)
	at fr.loghub.log4j.ZMQAppender.send(ZMQAppender.java:166)
	at fr.loghub.log4j.SerializerAppender.append(SerializerAppender.java:67)
	at fr.loghub.log4j.ZMQAppenderTest$4.run(ZMQAppenderTest.java:125)
Exception in thread "Injector3190" java.lang.AssertionError: error
	at org.junit.Assert.fail(Assert.java:88)
	at fr.loghub.log4j.ZMQAppenderTest$3.error(ZMQAppenderTest.java:93)
	at fr.loghub.log4j.ZMQAppender.send(ZMQAppender.java:166)
	at fr.loghub.log4j.SerializerAppender.append(SerializerAppender.java:67)
	at fr.loghub.log4j.ZMQAppenderTest$4.run(ZMQAppenderTest.java:125)
Exception in thread "Injector3074" Exception in thread "Injector3014" java.lang.AssertionError: error
	at org.junit.Assert.fail(Assert.java:88)
	at fr.loghub.log4j.ZMQAppenderTest$3.error(ZMQAppenderTest.java:93)
	at fr.loghub.log4j.ZMQAppender.send(ZMQAppender.java:166)
	at fr.loghub.log4j.SerializerAppender.append(SerializerAppender.java:67)
	at fr.loghub.log4j.ZMQAppenderTest$4.run(ZMQAppenderTest.java:125)
java.lang.AssertionError: error
	at org.junit.Assert.fail(Assert.java:88)
	at fr.loghub.log4j.ZMQAppenderTest$3.error(ZMQAppenderTest.java:93)
	at fr.loghub.log4j.ZMQAppender.send(ZMQAppender.java:166)
	at fr.loghub.log4j.SerializerAppender.append(SerializerAppender.java:67)
	at fr.loghub.log4j.ZMQAppenderTest$4.run(ZMQAppenderTest.java:125)
java.lang.AssertionError: error
	at org.junit.Assert.fail(Assert.java:88)
	at fr.loghub.log4j.ZMQAppenderTest$3.error(ZMQAppenderTest.java:93)
	at fr.loghub.log4j.ZMQAppender.send(ZMQAppender.java:166)
	at fr.loghub.log4j.SerializerAppender.append(SerializerAppender.java:67)
	at fr.loghub.log4j.ZMQAppenderTest$4.run(ZMQAppenderTest.java:125)
java.lang.AssertionError: error
	at org.junit.Assert.fail(Assert.java:88)
	at fr.loghub.log4j.ZMQAppenderTest$3.error(ZMQAppenderTest.java:93)
	at fr.loghub.log4j.ZMQAppender.send(ZMQAppender.java:166)
	at fr.loghub.log4j.SerializerAppender.append(SerializerAppender.java:67)
	at fr.loghub.log4j.ZMQAppenderTest$4.run(ZMQAppenderTest.java:125)
java.lang.AssertionError: error
	at org.junit.Assert.fail(Assert.java:88)
	at fr.loghub.log4j.ZMQAppenderTest$3.error(ZMQAppenderTest.java:93)
	at fr.loghub.log4j.ZMQAppender.send(ZMQAppender.java:166)
	at fr.loghub.log4j.SerializerAppender.append(SerializerAppender.java:67)
	at fr.loghub.log4j.ZMQAppenderTest$4.run(ZMQAppenderTest.java:125)
java.lang.AssertionError: error
	at org.junit.Assert.fail(Assert.java:88)
	at fr.loghub.log4j.ZMQAppenderTest$3.error(ZMQAppenderTest.java:93)
	at fr.loghub.log4j.ZMQAppender.send(ZMQAppender.java:166)
	at fr.loghub.log4j.SerializerAppender.append(SerializerAppender.java:67)
	at fr.loghub.log4j.ZMQAppenderTest$4.run(ZMQAppenderTest.java:125)
java.lang.AssertionError: error
	at org.junit.Assert.fail(Assert.java:88)
	at fr.loghub.log4j.ZMQAppenderTest$3.error(ZMQAppenderTest.java:93)
	at fr.loghub.log4j.ZMQAppender.send(ZMQAppender.java:166)
	at fr.loghub.log4j.SerializerAppender.append(SerializerAppender.java:67)
	at fr.loghub.log4j.ZMQAppenderTest$4.run(ZMQAppenderTest.java:125)
java.lang.AssertionError: error
	at org.junit.Assert.fail(Assert.java:88)
	at fr.loghub.log4j.ZMQAppenderTest$3.error(ZMQAppenderTest.java:93)
	at fr.loghub.log4j.ZMQAppender.send(ZMQAppender.java:166)
	at fr.loghub.log4j.SerializerAppender.append(SerializerAppender.java:67)
	at fr.loghub.log4j.ZMQAppenderTest$4.run(ZMQAppenderTest.java:125)
java.lang.AssertionError: error
	at org.junit.Assert.fail(Assert.java:88)
	at fr.loghub.log4j.ZMQAppenderTest$3.error(ZMQAppenderTest.java:93)
	at fr.loghub.log4j.ZMQAppender.send(ZMQAppender.java:166)
	at fr.loghub.log4j.SerializerAppender.append(SerializerAppender.java:67)
	at fr.loghub.log4j.ZMQAppenderTest$4.run(ZMQAppenderTest.java:125)
java.lang.AssertionError: error
	at org.junit.Assert.fail(Assert.java:88)
	at fr.loghub.log4j.ZMQAppenderTest$3.error(ZMQAppenderTest.java:93)
	at fr.loghub.log4j.ZMQAppender.send(ZMQAppender.java:166)
	at fr.loghub.log4j.SerializerAppender.append(SerializerAppender.java:67)
	at fr.loghub.log4j.ZMQAppenderTest$4.run(ZMQAppenderTest.java:125)
java.lang.AssertionError: error
	at org.junit.Assert.fail(Assert.java:88)
	at fr.loghub.log4j.ZMQAppenderTest$3.error(ZMQAppenderTest.java:93)
	at fr.loghub.log4j.ZMQAppender.send(ZMQAppender.java:166)
	at fr.loghub.log4j.SerializerAppender.append(SerializerAppender.java:67)
	at fr.loghub.log4j.ZMQAppenderTest$4.run(ZMQAppenderTest.java:125)
java.lang.AssertionError: error
	at org.junit.Assert.fail(Assert.java:88)
	at fr.loghub.log4j.ZMQAppenderTest$3.error(ZMQAppenderTest.java:93)
	at fr.loghub.log4j.ZMQAppender.send(ZMQAppender.java:166)
	at fr.loghub.log4j.SerializerAppender.append(SerializerAppender.java:67)
	at fr.loghub.log4j.ZMQAppenderTest$4.run(ZMQAppenderTest.java:125)
java.lang.AssertionError: error
	at org.junit.Assert.fail(Assert.java:88)
	at fr.loghub.log4j.ZMQAppenderTest$3.error(ZMQAppenderTest.java:93)
	at fr.loghub.log4j.ZMQAppender.send(ZMQAppender.java:166)
	at fr.loghub.log4j.SerializerAppender.append(SerializerAppender.java:67)
	at fr.loghub.log4j.ZMQAppenderTest$4.run(ZMQAppenderTest.java:125)
java.lang.AssertionError: error
	at org.junit.Assert.fail(Assert.java:88)
	at fr.loghub.log4j.ZMQAppenderTest$3.error(ZMQAppenderTest.java:93)
	at fr.loghub.log4j.ZMQAppender.send(ZMQAppender.java:166)
	at fr.loghub.log4j.SerializerAppender.append(SerializerAppender.java:67)
	at fr.loghub.log4j.ZMQAppenderTest$4.run(ZMQAppenderTest.java:125)
java.lang.AssertionError: error
	at org.junit.Assert.fail(Assert.java:88)
	at fr.loghub.log4j.ZMQAppenderTest$3.error(ZMQAppenderTest.java:93)
	at fr.loghub.log4j.ZMQAppender.send(ZMQAppender.java:166)
	at fr.loghub.log4j.SerializerAppender.append(SerializerAppender.java:67)
	at fr.loghub.log4j.ZMQAppenderTest$4.run(ZMQAppenderTest.java:125)
java.lang.AssertionError: error
	at org.junit.Assert.fail(Assert.java:88)
	at fr.loghub.log4j.ZMQAppenderTest$3.error(ZMQAppenderTest.java:93)
	at fr.loghub.log4j.ZMQAppender.send(ZMQAppender.java:166)
	at fr.loghub.log4j.SerializerAppender.append(SerializerAppender.java:67)
	at fr.loghub.log4j.ZMQAppenderTest$4.run(ZMQAppenderTest.java:125)
java.lang.AssertionError: error
	at org.junit.Assert.fail(Assert.java:88)
	at fr.loghub.log4j.ZMQAppenderTest$3.error(ZMQAppenderTest.java:93)
	at fr.loghub.log4j.ZMQAppender.send(ZMQAppender.java:166)
	at fr.loghub.log4j.SerializerAppender.append(SerializerAppender.java:67)
	at fr.loghub.log4j.ZMQAppenderTest$4.run(ZMQAppenderTest.java:125)
java.lang.AssertionError: error
	at org.junit.Assert.fail(Assert.java:88)
	at fr.loghub.log4j.ZMQAppenderTest$3.error(ZMQAppenderTest.java:93)
	at fr.loghub.log4j.ZMQAppender.send(ZMQAppender.java:166)
	at fr.loghub.log4j.SerializerAppender.append(SerializerAppender.java:67)
	at fr.loghub.log4j.ZMQAppenderTest$4.run(ZMQAppenderTest.java:125)
java.lang.AssertionError: error
	at org.junit.Assert.fail(Assert.java:88)
	at fr.loghub.log4j.ZMQAppenderTest$3.error(ZMQAppenderTest.java:93)
	at fr.loghub.log4j.ZMQAppender.send(ZMQAppender.java:166)
	at fr.loghub.log4j.SerializerAppender.append(SerializerAppender.java:67)
	at fr.loghub.log4j.ZMQAppenderTest$4.run(ZMQAppenderTest.java:125)
java.lang.AssertionError: error
	at org.junit.Assert.fail(Assert.java:88)
	at fr.loghub.log4j.ZMQAppenderTest$3.error(ZMQAppenderTest.java:93)
	at fr.loghub.log4j.ZMQAppender.send(ZMQAppender.java:166)
	at fr.loghub.log4j.SerializerAppender.append(SerializerAppender.java:67)
	at fr.loghub.log4j.ZMQAppenderTest$4.run(ZMQAppenderTest.java:125)
java.lang.AssertionError: error
	at org.junit.Assert.fail(Assert.java:88)
	at fr.loghub.log4j.ZMQAppenderTest$3.error(ZMQAppenderTest.java:93)
	at fr.loghub.log4j.ZMQAppender.send(ZMQAppender.java:166)
	at fr.loghub.log4j.SerializerAppender.append(SerializerAppender.java:67)
	at fr.loghub.log4j.ZMQAppenderTest$4.run(ZMQAppenderTest.java:125)
java.lang.AssertionError: error
	at org.junit.Assert.fail(Assert.java:88)
	at fr.loghub.log4j.ZMQAppenderTest$3.error(ZMQAppenderTest.java:93)
	at fr.loghub.log4j.ZMQAppender.send(ZMQAppender.java:166)
	at fr.loghub.log4j.SerializerAppender.append(SerializerAppender.java:67)
	at fr.loghub.log4j.ZMQAppenderTest$4.run(ZMQAppenderTest.java:125)
java.lang.AssertionError: error
	at org.junit.Assert.fail(Assert.java:88)
	at fr.loghub.log4j.ZMQAppenderTest$3.error(ZMQAppenderTest.java:93)
	at fr.loghub.log4j.ZMQAppender.send(ZMQAppender.java:166)
	at fr.loghub.log4j.SerializerAppender.append(SerializerAppender.java:67)
	at fr.loghub.log4j.ZMQAppenderTest$4.run(ZMQAppenderTest.java:125)
java.lang.AssertionError: error
	at org.junit.Assert.fail(Assert.java:88)
	at fr.loghub.log4j.ZMQAppenderTest$3.error(ZMQAppenderTest.java:93)
	at fr.loghub.log4j.ZMQAppender.send(ZMQAppender.java:166)
	at fr.loghub.log4j.SerializerAppender.append(SerializerAppender.java:67)
	at fr.loghub.log4j.ZMQAppenderTest$4.run(ZMQAppenderTest.java:125)
java.lang.AssertionError: error
	at org.junit.Assert.fail(Assert.java:88)
	at fr.loghub.log4j.ZMQAppenderTest$3.error(ZMQAppenderTest.java:93)
	at fr.loghub.log4j.ZMQAppender.send(ZMQAppender.java:166)
	at fr.loghub.log4j.SerializerAppender.append(SerializerAppender.java:67)
	at fr.loghub.log4j.ZMQAppenderTest$4.run(ZMQAppenderTest.java:125)
Exception in thread "Injector3824" java.lang.AssertionError: error
	at org.junit.Assert.fail(Assert.java:88)
	at fr.loghub.log4j.ZMQAppenderTest$3.error(ZMQAppenderTest.java:93)
	at fr.loghub.log4j.ZMQAppender.send(ZMQAppender.java:166)
	at fr.loghub.log4j.SerializerAppender.append(SerializerAppender.java:67)
	at fr.loghub.log4j.ZMQAppenderTest$4.run(ZMQAppenderTest.java:125)
Exception in thread "Injector3826" java.lang.AssertionError: error
	at org.junit.Assert.fail(Assert.java:88)
	at fr.loghub.log4j.ZMQAppenderTest$3.error(ZMQAppenderTest.java:93)
	at fr.loghub.log4j.ZMQAppender.send(ZMQAppender.java:166)
	at fr.loghub.log4j.SerializerAppender.append(SerializerAppender.java:67)
	at fr.loghub.log4j.ZMQAppenderTest$4.run(ZMQAppenderTest.java:125)
Exception in thread "Injector3820" Exception in thread "Injector3828" java.lang.AssertionError: error
	at org.junit.Assert.fail(Assert.java:88)
	at fr.loghub.log4j.ZMQAppenderTest$3.error(ZMQAppenderTest.java:93)
	at fr.loghub.log4j.ZMQAppender.send(ZMQAppender.java:166)
	at fr.loghub.log4j.SerializerAppender.append(SerializerAppender.java:67)
	at fr.loghub.log4j.ZMQAppenderTest$4.run(ZMQAppenderTest.java:125)
Exception in thread "Injector3818" Exception in thread "Injector3810" java.lang.AssertionError: error
	at org.junit.Assert.fail(Assert.java:88)
	at fr.loghub.log4j.ZMQAppenderTest$3.error(ZMQAppenderTest.java:93)
	at fr.loghub.log4j.ZMQAppender.send(ZMQAppender.java:166)
	at fr.loghub.log4j.SerializerAppender.append(SerializerAppender.java:67)
	at fr.loghub.log4j.ZMQAppenderTest$4.run(ZMQAppenderTest.java:125)
Exception in thread "Injector2901" Exception in thread "Injector3806" java.lang.AssertionError: error
	at org.junit.Assert.fail(Assert.java:88)
	at fr.loghub.log4j.ZMQAppenderTest$3.error(ZMQAppenderTest.java:93)
	at fr.loghub.log4j.ZMQAppender.send(ZMQAppender.java:166)
	at fr.loghub.log4j.SerializerAppender.append(SerializerAppender.java:67)
	at fr.loghub.log4j.ZMQAppenderTest$4.run(ZMQAppenderTest.java:125)
java.lang.AssertionError: error
	at org.junit.Assert.fail(Assert.java:88)
	at fr.loghub.log4j.ZMQAppenderTest$3.error(ZMQAppenderTest.java:93)
	at fr.loghub.log4j.ZMQAppender.send(ZMQAppender.java:166)
	at fr.loghub.log4j.SerializerAppender.append(SerializerAppender.java:67)
	at fr.loghub.log4j.ZMQAppenderTest$4.run(ZMQAppenderTest.java:125)
Exception in thread "Injector3822" java.lang.AssertionError: error
	at org.junit.Assert.fail(Assert.java:88)
	at fr.loghub.log4j.ZMQAppenderTest$3.error(ZMQAppenderTest.java:93)
	at fr.loghub.log4j.ZMQAppender.send(ZMQAppender.java:166)
	at fr.loghub.log4j.SerializerAppender.append(SerializerAppender.java:67)
	at fr.loghub.log4j.ZMQAppenderTest$4.run(ZMQAppenderTest.java:125)
java.lang.AssertionError: error
	at org.junit.Assert.fail(Assert.java:88)
	at fr.loghub.log4j.ZMQAppenderTest$3.error(ZMQAppenderTest.java:93)
	at fr.loghub.log4j.ZMQAppender.send(ZMQAppender.java:166)
	at fr.loghub.log4j.SerializerAppender.append(SerializerAppender.java:67)
	at fr.loghub.log4j.ZMQAppenderTest$4.run(ZMQAppenderTest.java:125)
Exception in thread "Injector2903" java.lang.AssertionError: error
	at org.junit.Assert.fail(Assert.java:88)
	at fr.loghub.log4j.ZMQAppenderTest$3.error(ZMQAppenderTest.java:93)
	at fr.loghub.log4j.ZMQAppender.send(ZMQAppender.java:166)
	at fr.loghub.log4j.SerializerAppender.append(SerializerAppender.java:67)
	at fr.loghub.log4j.ZMQAppenderTest$4.run(ZMQAppenderTest.java:125)
Exception in thread "Injector3816" java.lang.AssertionError: error
	at org.junit.Assert.fail(Assert.java:88)
	at fr.loghub.log4j.ZMQAppenderTest$3.error(ZMQAppenderTest.java:93)
	at fr.loghub.log4j.ZMQAppender.send(ZMQAppender.java:166)
	at fr.loghub.log4j.SerializerAppender.append(SerializerAppender.java:67)
	at fr.loghub.log4j.ZMQAppenderTest$4.run(ZMQAppenderTest.java:125)
java.lang.AssertionError: error
	at org.junit.Assert.fail(Assert.java:88)
	at fr.loghub.log4j.ZMQAppenderTest$3.error(ZMQAppenderTest.java:93)
	at fr.loghub.log4j.ZMQAppender.send(ZMQAppender.java:166)
	at fr.loghub.log4j.SerializerAppender.append(SerializerAppender.java:67)
	at fr.loghub.log4j.ZMQAppenderTest$4.run(ZMQAppenderTest.java:125)
Exception in thread "Injector3814" java.lang.AssertionError: error
	at org.junit.Assert.fail(Assert.java:88)
	at fr.loghub.log4j.ZMQAppenderTest$3.error(ZMQAppenderTest.java:93)
	at fr.loghub.log4j.ZMQAppender.send(ZMQAppender.java:166)
	at fr.loghub.log4j.SerializerAppender.append(SerializerAppender.java:67)
	at fr.loghub.log4j.ZMQAppenderTest$4.run(ZMQAppenderTest.java:125)
Exception in thread "Injector3802" Exception in thread "Injector3498" Exception in thread "Injector3482" java.lang.AssertionError: error
	at org.junit.Assert.fail(Assert.java:88)
	at fr.loghub.log4j.ZMQAppenderTest$3.error(ZMQAppenderTest.java:93)
	at fr.loghub.log4j.ZMQAppender.send(ZMQAppender.java:166)
	at fr.loghub.log4j.SerializerAppender.append(SerializerAppender.java:67)
	at fr.loghub.log4j.ZMQAppenderTest$4.run(ZMQAppenderTest.java:125)
Exception in thread "Injector2511" java.lang.AssertionError: error
	at org.junit.Assert.fail(Assert.java:88)
	at fr.loghub.log4j.ZMQAppenderTest$3.error(ZMQAppenderTest.java:93)
	at fr.loghub.log4j.ZMQAppender.send(ZMQAppender.java:166)
	at fr.loghub.log4j.SerializerAppender.append(SerializerAppender.java:67)
	at fr.loghub.log4j.ZMQAppenderTest$4.run(ZMQAppenderTest.java:125)
java.lang.AssertionError: error
	at org.junit.Assert.fail(Assert.java:88)
	at fr.loghub.log4j.ZMQAppenderTest$3.error(ZMQAppenderTest.java:93)
	at fr.loghub.log4j.ZMQAppender.send(ZMQAppender.java:166)
	at fr.loghub.log4j.SerializerAppender.append(SerializerAppender.java:67)
	at fr.loghub.log4j.ZMQAppenderTest$4.run(ZMQAppenderTest.java:125)
java.lang.AssertionError: error
	at org.junit.Assert.fail(Assert.java:88)
	at fr.loghub.log4j.ZMQAppenderTest$3.error(ZMQAppenderTest.java:93)
	at fr.loghub.log4j.ZMQAppender.send(ZMQAppender.java:166)
	at fr.loghub.log4j.SerializerAppender.append(SerializerAppender.java:67)
	at fr.loghub.log4j.ZMQAppenderTest$4.run(ZMQAppenderTest.java:125)
java.lang.AssertionError: error
	at org.junit.Assert.fail(Assert.java:88)
	at fr.loghub.log4j.ZMQAppenderTest$3.error(ZMQAppenderTest.java:93)
	at fr.loghub.log4j.ZMQAppender.send(ZMQAppender.java:166)
	at fr.loghub.log4j.SerializerAppender.append(SerializerAppender.java:67)
	at fr.loghub.log4j.ZMQAppenderTest$4.run(ZMQAppenderTest.java:125)
Exception in thread "Injector3804" java.lang.AssertionError: error
	at org.junit.Assert.fail(Assert.java:88)
	at fr.loghub.log4j.ZMQAppenderTest$3.error(ZMQAppenderTest.java:93)
	at fr.loghub.log4j.ZMQAppender.send(ZMQAppender.java:166)
	at fr.loghub.log4j.SerializerAppender.append(SerializerAppender.java:67)
	at fr.loghub.log4j.ZMQAppenderTest$4.run(ZMQAppenderTest.java:125)
java.lang.AssertionError: error
	at org.junit.Assert.fail(Assert.java:88)
	at fr.loghub.log4j.ZMQAppenderTest$3.error(ZMQAppenderTest.java:93)
	at fr.loghub.log4j.ZMQAppender.send(ZMQAppender.java:166)
	at fr.loghub.log4j.SerializerAppender.append(SerializerAppender.java:67)
	at fr.loghub.log4j.ZMQAppenderTest$4.run(ZMQAppenderTest.java:125)
Exception in thread "Injector3800" java.lang.AssertionError: error
	at org.junit.Assert.fail(Assert.java:88)
	at fr.loghub.log4j.ZMQAppenderTest$3.error(ZMQAppenderTest.java:93)
	at fr.loghub.log4j.ZMQAppender.send(ZMQAppender.java:166)
	at fr.loghub.log4j.SerializerAppender.append(SerializerAppender.java:67)
	at fr.loghub.log4j.ZMQAppenderTest$4.run(ZMQAppenderTest.java:125)
Exception in thread "Injector3796" java.lang.AssertionError: error
	at org.junit.Assert.fail(Assert.java:88)
	at fr.loghub.log4j.ZMQAppenderTest$3.error(ZMQAppenderTest.java:93)
	at fr.loghub.log4j.ZMQAppender.send(ZMQAppender.java:166)
	at fr.loghub.log4j.SerializerAppender.append(SerializerAppender.java:67)
	at fr.loghub.log4j.ZMQAppenderTest$4.run(ZMQAppenderTest.java:125)
Exception in thread "Injector2469" java.lang.AssertionError: error
	at org.junit.Assert.fail(Assert.java:88)
	at fr.loghub.log4j.ZMQAppenderTest$3.error(ZMQAppenderTest.java:93)
	at fr.loghub.log4j.ZMQAppender.send(ZMQAppender.java:166)
	at fr.loghub.log4j.SerializerAppender.append(SerializerAppender.java:67)
	at fr.loghub.log4j.ZMQAppenderTest$4.run(ZMQAppenderTest.java:125)
Exception in thread "Injector3798" Exception in thread "Injector2897" java.lang.AssertionError: error
	at org.junit.Assert.fail(Assert.java:88)
	at fr.loghub.log4j.ZMQAppenderTest$3.error(ZMQAppenderTest.java:93)
	at fr.loghub.log4j.ZMQAppender.send(ZMQAppender.java:166)
	at fr.loghub.log4j.SerializerAppender.append(SerializerAppender.java:67)
	at fr.loghub.log4j.ZMQAppenderTest$4.run(ZMQAppenderTest.java:125)
Exception in thread "Injector3794" Exception in thread "Injector2875" java.lang.AssertionError: error
	at org.junit.Assert.fail(Assert.java:88)
	at fr.loghub.log4j.ZMQAppenderTest$3.error(ZMQAppenderTest.java:93)
	at fr.loghub.log4j.ZMQAppender.send(ZMQAppender.java:166)
	at fr.loghub.log4j.SerializerAppender.append(SerializerAppender.java:67)
	at fr.loghub.log4j.ZMQAppenderTest$4.run(ZMQAppenderTest.java:125)
Exception in thread "Injector3740" java.lang.AssertionError: error
	at org.junit.Assert.fail(Assert.java:88)
	at fr.loghub.log4j.ZMQAppenderTest$3.error(ZMQAppenderTest.java:93)
	at fr.loghub.log4j.ZMQAppender.send(ZMQAppender.java:166)
	at fr.loghub.log4j.SerializerAppender.append(SerializerAppender.java:67)
	at fr.loghub.log4j.ZMQAppenderTest$4.run(ZMQAppenderTest.java:125)
Exception in thread "Injector2895" java.lang.AssertionError: error
	at org.junit.Assert.fail(Assert.java:88)
	at fr.loghub.log4j.ZMQAppenderTest$3.error(ZMQAppenderTest.java:93)
	at fr.loghub.log4j.ZMQAppender.send(ZMQAppender.java:166)
	at fr.loghub.log4j.SerializerAppender.append(SerializerAppender.java:67)
	at fr.loghub.log4j.ZMQAppenderTest$4.run(ZMQAppenderTest.java:125)
Exception in thread "Injector3792" Exception in thread "Injector3730" Exception in thread "Injector2429" Exception in thread "Injector3786" java.lang.AssertionError: error
	at org.junit.Assert.fail(Assert.java:88)
	at fr.loghub.log4j.ZMQAppenderTest$3.error(ZMQAppenderTest.java:93)
	at fr.loghub.log4j.ZMQAppender.send(ZMQAppender.java:166)
	at fr.loghub.log4j.SerializerAppender.append(SerializerAppender.java:67)
	at fr.loghub.log4j.ZMQAppenderTest$4.run(ZMQAppenderTest.java:125)
Exception in thread "Injector3788" java.lang.AssertionError: error
	at org.junit.Assert.fail(Assert.java:88)
	at fr.loghub.log4j.ZMQAppenderTest$3.error(ZMQAppenderTest.java:93)
	at fr.loghub.log4j.ZMQAppender.send(ZMQAppender.java:166)
	at fr.loghub.log4j.SerializerAppender.append(SerializerAppender.java:67)
	at fr.loghub.log4j.ZMQAppenderTest$4.run(ZMQAppenderTest.java:125)
Exception in thread "Injector3784" Exception in thread "Injector3732" Exception in thread "Injector3772" java.lang.AssertionError: error
	at org.junit.Assert.fail(Assert.java:88)
	at fr.loghub.log4j.ZMQAppenderTest$3.error(ZMQAppenderTest.java:93)
	at fr.loghub.log4j.ZMQAppender.send(ZMQAppender.java:166)
	at fr.loghub.log4j.SerializerAppender.append(SerializerAppender.java:67)
	at fr.loghub.log4j.ZMQAppenderTest$4.run(ZMQAppenderTest.java:125)
Exception in thread "Injector2885" java.lang.AssertionError: error
	at org.junit.Assert.fail(Assert.java:88)
	at fr.loghub.log4j.ZMQAppenderTest$3.error(ZMQAppenderTest.java:93)
	at fr.loghub.log4j.ZMQAppender.send(ZMQAppender.java:166)
	at fr.loghub.log4j.SerializerAppender.append(SerializerAppender.java:67)
	at fr.loghub.log4j.ZMQAppenderTest$4.run(ZMQAppenderTest.java:125)
Exception in thread "Injector3744" Exception in thread "Injector3742" java.lang.AssertionError: error
	at org.junit.Assert.fail(Assert.java:88)
	at fr.loghub.log4j.ZMQAppenderTest$3.error(ZMQAppenderTest.java:93)
	at fr.loghub.log4j.ZMQAppender.send(ZMQAppender.java:166)
	at fr.loghub.log4j.SerializerAppender.append(SerializerAppender.java:67)
	at fr.loghub.log4j.ZMQAppenderTest$4.run(ZMQAppenderTest.java:125)
Exception in thread "Injector3762" Exception in thread "Injector3766" java.lang.AssertionError: error
	at org.junit.Assert.fail(Assert.java:88)
	at fr.loghub.log4j.ZMQAppenderTest$3.error(ZMQAppenderTest.java:93)
	at fr.loghub.log4j.ZMQAppender.send(ZMQAppender.java:166)
	at fr.loghub.log4j.SerializerAppender.append(SerializerAppender.java:67)
	at fr.loghub.log4j.ZMQAppenderTest$4.run(ZMQAppenderTest.java:125)
Exception in thread "Injector2849" Exception in thread "Injector2881" java.lang.AssertionError: error
	at org.junit.Assert.fail(Assert.java:88)
	at fr.loghub.log4j.ZMQAppenderTest$3.error(ZMQAppenderTest.java:93)
	at fr.loghub.log4j.ZMQAppender.send(ZMQAppender.java:166)
	at fr.loghub.log4j.SerializerAppender.append(SerializerAppender.java:67)
	at fr.loghub.log4j.ZMQAppenderTest$4.run(ZMQAppenderTest.java:125)
java.lang.AssertionError: error
	at org.junit.Assert.fail(Assert.java:88)
	at fr.loghub.log4j.ZMQAppenderTest$3.error(ZMQAppenderTest.java:93)
	at fr.loghub.log4j.ZMQAppender.send(ZMQAppender.java:166)
	at fr.loghub.log4j.SerializerAppender.append(SerializerAppender.java:67)
	at fr.loghub.log4j.ZMQAppenderTest$4.run(ZMQAppenderTest.java:125)
java.lang.AssertionError: error
	at org.junit.Assert.fail(Assert.java:88)
	at fr.loghub.log4j.ZMQAppenderTest$3.error(ZMQAppenderTest.java:93)
	at fr.loghub.log4j.ZMQAppender.send(ZMQAppender.java:166)
	at fr.loghub.log4j.SerializerAppender.append(SerializerAppender.java:67)
	at fr.loghub.log4j.ZMQAppenderTest$4.run(ZMQAppenderTest.java:125)
java.lang.AssertionError: error
	at org.junit.Assert.fail(Assert.java:88)
	at fr.loghub.log4j.ZMQAppenderTest$3.error(ZMQAppenderTest.java:93)
	at fr.loghub.log4j.ZMQAppender.send(ZMQAppender.java:166)
	at fr.loghub.log4j.SerializerAppender.append(SerializerAppender.java:67)
	at fr.loghub.log4j.ZMQAppenderTest$4.run(ZMQAppenderTest.java:125)
java.lang.AssertionError: error
	at org.junit.Assert.fail(Assert.java:88)
	at fr.loghub.log4j.ZMQAppenderTest$3.error(ZMQAppenderTest.java:93)
	at fr.loghub.log4j.ZMQAppender.send(ZMQAppender.java:166)
	at fr.loghub.log4j.SerializerAppender.append(SerializerAppender.java:67)
	at fr.loghub.log4j.ZMQAppenderTest$4.run(ZMQAppenderTest.java:125)
java.lang.AssertionError: error
	at org.junit.Assert.fail(Assert.java:88)
	at fr.loghub.log4j.ZMQAppenderTest$3.error(ZMQAppenderTest.java:93)
	at fr.loghub.log4j.ZMQAppender.send(ZMQAppender.java:166)
	at fr.loghub.log4j.SerializerAppender.append(SerializerAppender.java:67)
	at fr.loghub.log4j.ZMQAppenderTest$4.run(ZMQAppenderTest.java:125)
java.lang.AssertionError: error
	at org.junit.Assert.fail(Assert.java:88)
	at fr.loghub.log4j.ZMQAppenderTest$3.error(ZMQAppenderTest.java:93)
	at fr.loghub.log4j.ZMQAppender.send(ZMQAppender.java:166)
	at fr.loghub.log4j.SerializerAppender.append(SerializerAppender.java:67)
	at fr.loghub.log4j.ZMQAppenderTest$4.run(ZMQAppenderTest.java:125)
java.lang.AssertionError: error
	at org.junit.Assert.fail(Assert.java:88)
	at fr.loghub.log4j.ZMQAppenderTest$3.error(ZMQAppenderTest.java:93)
	at fr.loghub.log4j.ZMQAppender.send(ZMQAppender.java:166)
	at fr.loghub.log4j.SerializerAppender.append(SerializerAppender.java:67)
	at fr.loghub.log4j.ZMQAppenderTest$4.run(ZMQAppenderTest.java:125)
java.lang.AssertionError: error
	at org.junit.Assert.fail(Assert.java:88)
	at fr.loghub.log4j.ZMQAppenderTest$3.error(ZMQAppenderTest.java:93)
	at fr.loghub.log4j.ZMQAppender.send(ZMQAppender.java:166)
	at fr.loghub.log4j.SerializerAppender.append(SerializerAppender.java:67)
	at fr.loghub.log4j.ZMQAppenderTest$4.run(ZMQAppenderTest.java:125)
java.lang.AssertionError: error
	at org.junit.Assert.fail(Assert.java:88)
	at fr.loghub.log4j.ZMQAppenderTest$3.error(ZMQAppenderTest.java:93)
	at fr.loghub.log4j.ZMQAppender.send(ZMQAppender.java:166)
	at fr.loghub.log4j.SerializerAppender.append(SerializerAppender.java:67)
	at fr.loghub.log4j.ZMQAppenderTest$4.run(ZMQAppenderTest.java:125)
java.lang.AssertionError: error
	at org.junit.Assert.fail(Assert.java:88)
	at fr.loghub.log4j.ZMQAppenderTest$3.error(ZMQAppenderTest.java:93)
	at fr.loghub.log4j.ZMQAppender.send(ZMQAppender.java:166)
	at fr.loghub.log4j.SerializerAppender.append(SerializerAppender.java:67)
	at fr.loghub.log4j.ZMQAppenderTest$4.run(ZMQAppenderTest.java:125)
java.lang.AssertionError: error
	at org.junit.Assert.fail(Assert.java:88)
	at fr.loghub.log4j.ZMQAppenderTest$3.error(ZMQAppenderTest.java:93)
	at fr.loghub.log4j.ZMQAppender.send(ZMQAppender.java:166)
	at fr.loghub.log4j.SerializerAppender.append(SerializerAppender.java:67)
	at fr.loghub.log4j.ZMQAppenderTest$4.run(ZMQAppenderTest.java:125)
java.lang.AssertionError: error
	at org.junit.Assert.fail(Assert.java:88)
	at fr.loghub.log4j.ZMQAppenderTest$3.error(ZMQAppenderTest.java:93)
	at fr.loghub.log4j.ZMQAppender.send(ZMQAppender.java:166)
	at fr.loghub.log4j.SerializerAppender.append(SerializerAppender.java:67)
	at fr.loghub.log4j.ZMQAppenderTest$4.run(ZMQAppenderTest.java:125)
java.lang.AssertionError: error
	at org.junit.Assert.fail(Assert.java:88)
	at fr.loghub.log4j.ZMQAppenderTest$3.error(ZMQAppenderTest.java:93)
	at fr.loghub.log4j.ZMQAppender.send(ZMQAppender.java:166)
	at fr.loghub.log4j.SerializerAppender.append(SerializerAppender.java:67)
	at fr.loghub.log4j.ZMQAppenderTest$4.run(ZMQAppenderTest.java:125)
java.lang.AssertionError: error
	at org.junit.Assert.fail(Assert.java:88)
	at fr.loghub.log4j.ZMQAppenderTest$3.error(ZMQAppenderTest.java:93)
	at fr.loghub.log4j.ZMQAppender.send(ZMQAppender.java:166)
	at fr.loghub.log4j.SerializerAppender.append(SerializerAppender.java:67)
	at fr.loghub.log4j.ZMQAppenderTest$4.run(ZMQAppenderTest.java:125)
java.lang.AssertionError: error
	at org.junit.Assert.fail(Assert.java:88)
	at fr.loghub.log4j.ZMQAppenderTest$3.error(ZMQAppenderTest.java:93)
	at fr.loghub.log4j.ZMQAppender.send(ZMQAppender.java:166)
	at fr.loghub.log4j.SerializerAppender.append(SerializerAppender.java:67)
	at fr.loghub.log4j.ZMQAppenderTest$4.run(ZMQAppenderTest.java:125)
java.lang.AssertionError: error
	at org.junit.Assert.fail(Assert.java:88)
	at fr.loghub.log4j.ZMQAppenderTest$3.error(ZMQAppenderTest.java:93)
	at fr.loghub.log4j.ZMQAppender.send(ZMQAppender.java:166)
	at fr.loghub.log4j.SerializerAppender.append(SerializerAppender.java:67)
	at fr.loghub.log4j.ZMQAppenderTest$4.run(ZMQAppenderTest.java:125)
java.lang.AssertionError: error
	at org.junit.Assert.fail(Assert.java:88)
	at fr.loghub.log4j.ZMQAppenderTest$3.error(ZMQAppenderTest.java:93)
	at fr.loghub.log4j.ZMQAppender.send(ZMQAppender.java:166)
	at fr.loghub.log4j.SerializerAppender.append(SerializerAppender.java:67)
	at fr.loghub.log4j.ZMQAppenderTest$4.run(ZMQAppenderTest.java:125)
java.lang.AssertionError: error
	at org.junit.Assert.fail(Assert.java:88)
	at fr.loghub.log4j.ZMQAppenderTest$3.error(ZMQAppenderTest.java:93)
	at fr.loghub.log4j.ZMQAppender.send(ZMQAppender.java:166)
	at fr.loghub.log4j.SerializerAppender.append(SerializerAppender.java:67)
	at fr.loghub.log4j.ZMQAppenderTest$4.run(ZMQAppenderTest.java:125)
java.lang.AssertionError: error
	at org.junit.Assert.fail(Assert.java:88)
	at fr.loghub.log4j.ZMQAppenderTest$3.error(ZMQAppenderTest.java:93)
	at fr.loghub.log4j.ZMQAppender.send(ZMQAppender.java:166)
	at fr.loghub.log4j.SerializerAppender.append(SerializerAppender.java:67)
	at fr.loghub.log4j.ZMQAppenderTest$4.run(ZMQAppenderTest.java:125)
java.lang.AssertionError: error
	at org.junit.Assert.fail(Assert.java:88)
	at fr.loghub.log4j.ZMQAppenderTest$3.error(ZMQAppenderTest.java:93)
	at fr.loghub.log4j.ZMQAppender.send(ZMQAppender.java:166)
	at fr.loghub.log4j.SerializerAppender.append(SerializerAppender.java:67)
	at fr.loghub.log4j.ZMQAppenderTest$4.run(ZMQAppenderTest.java:125)
java.lang.AssertionError: error
	at org.junit.Assert.fail(Assert.java:88)
	at fr.loghub.log4j.ZMQAppenderTest$3.error(ZMQAppenderTest.java:93)
	at fr.loghub.log4j.ZMQAppender.send(ZMQAppender.java:166)
	at fr.loghub.log4j.SerializerAppender.append(SerializerAppender.java:67)
	at fr.loghub.log4j.ZMQAppenderTest$4.run(ZMQAppenderTest.java:125)
]]></system-err>
  </testcase>
</testsuite>