<?xml version="1.0" encoding="UTF-8"?>
<testsuite xmlns:xsi="http://www.w3.org/2001/XMLSchema-instance" xsi:noNamespaceSchemaLocation="https://maven.apache.org/surefire/maven-surefire-plugin/xsd/surefire-test-report.xsd" name="jmri.NmraPacketTest" time="0.109" tests="150" errors="0" skipped="0" failures="0">
  <properties>
    <property name="java.runtime.name" value="OpenJDK Runtime Environment"/>
    <property name="sun.boot.library.path" value="/usr/lib/jvm/java-8-openjdk-amd64/jre/lib/amd64"/>
    <property name="java.vm.version" value="25.121-b13"/>
    <property name="java.vm.vendor" value="Oracle Corporation"/>
    <property name="maven.multiModuleProjectDirectory" value="/root/workspace/JMRI/JMRI/384832039"/>
    <property name="java.vendor.url" value="http://java.oracle.com/"/>
    <property name="path.separator" value=":"/>
    <property name="guice.disable.misplaced.annotation.check" value="true"/>
    <property name="skip.gulp" value="true"/>
    <property name="java.vm.name" value="OpenJDK 64-Bit Server VM"/>
    <property name="file.encoding.pkg" value="sun.io"/>
    <property name="sun.java.launcher" value="SUN_STANDARD"/>
    <property name="sun.os.patch.level" value="unknown"/>
    <property name="findbugs.skip" value="true"/>
    <property name="java.vm.specification.name" value="Java Virtual Machine Specification"/>
    <property name="user.dir" value="/root/workspace/JMRI/JMRI/384832039"/>
    <property name="checkstyle.skip" value="true"/>
    <property name="java.runtime.version" value="1.8.0_121-8u121-b13-1~bpo8+1-b13"/>
    <property name="java.awt.graphicsenv" value="sun.awt.X11GraphicsEnvironment"/>
    <property name="skip.npm" value="true"/>
    <property name="java.endorsed.dirs" value="/usr/lib/jvm/java-8-openjdk-amd64/jre/lib/endorsed"/>
    <property name="os.arch" value="amd64"/>
    <property name="java.io.tmpdir" value="/tmp"/>
    <property name="gpg.skip" value="true"/>
    <property name="line.separator" value="&#10;"/>
    <property name="java.vm.specification.vendor" value="Oracle Corporation"/>
    <property name="cobertura.skip" value="true"/>
    <property name="os.name" value="Linux"/>
    <property name="classworlds.conf" value="/usr/share/maven/bin/m2.conf"/>
    <property name="sun.jnu.encoding" value="UTF-8"/>
    <property name="java.library.path" value="/usr/java/packages/lib/amd64:/usr/lib/x86_64-linux-gnu/jni:/lib/x86_64-linux-gnu:/usr/lib/x86_64-linux-gnu:/usr/lib/jni:/lib:/usr/lib"/>
    <property name="license.skip" value="true"/>
    <property name="java.specification.name" value="Java Platform API Specification"/>
    <property name="java.class.version" value="52.0"/>
    <property name="sun.management.compiler" value="HotSpot 64-Bit Tiered Compilers"/>
    <property name="skip.bower" value="true"/>
    <property name="maven.repo.local" value="/root/./workspace/JMRI/JMRI/384832039/.m2"/>
    <property name="os.version" value="3.10.0-862.2.3.el7.x86_64"/>
    <property name="user.home" value="/root"/>
    <property name="user.timezone" value="Europe/Paris"/>
    <property name="java.awt.printerjob" value="sun.print.PSPrinterJob"/>
    <property name="java.specification.version" value="1.8"/>
    <property name="file.encoding" value="UTF-8"/>
    <property name="user.name" value="root"/>
    <property name="java.class.path" value="/usr/share/maven/boot/plexus-classworlds-2.5.2.jar"/>
    <property name="skipITs" value="true"/>
    <property name="java.vm.specification.version" value="1.8"/>
    <property name="sun.arch.data.model" value="64"/>
    <property name="java.home" value="/usr/lib/jvm/java-8-openjdk-amd64/jre"/>
    <property name="sun.java.command" value="org.codehaus.plexus.classworlds.launcher.Launcher -B -D enforcer.skip=true -D dependency-check.skip=true -D skipITs=true -D cobertura.skip=true -D maven.repo.local=/root/./workspace/JMRI/JMRI/384832039/.m2 -D rat.skip=true -D findbugs.skip=true -D skip.bower=true -D gpg.skip=true -D checkstyle.skip=true -D skip.gulp=true -D license.skip=true -D skip.npm=true test"/>
    <property name="java.specification.vendor" value="Oracle Corporation"/>
    <property name="user.language" value="en"/>
    <property name="awt.toolkit" value="sun.awt.X11.XToolkit"/>
    <property name="dependency-check.skip" value="true"/>
    <property name="java.vm.info" value="mixed mode"/>
    <property name="java.version" value="1.8.0_121"/>
    <property name="java.ext.dirs" value="/usr/lib/jvm/java-8-openjdk-amd64/jre/lib/ext:/usr/java/packages/lib/ext"/>
    <property name="securerandom.source" value="file:/dev/./urandom"/>
    <property name="sun.boot.class.path" value="/usr/lib/jvm/java-8-openjdk-amd64/jre/lib/resources.jar:/usr/lib/jvm/java-8-openjdk-amd64/jre/lib/rt.jar:/usr/lib/jvm/java-8-openjdk-amd64/jre/lib/sunrsasign.jar:/usr/lib/jvm/java-8-openjdk-amd64/jre/lib/jsse.jar:/usr/lib/jvm/java-8-openjdk-amd64/jre/lib/jce.jar:/usr/lib/jvm/java-8-openjdk-amd64/jre/lib/charsets.jar:/usr/lib/jvm/java-8-openjdk-amd64/jre/lib/jfr.jar:/usr/lib/jvm/java-8-openjdk-amd64/jre/classes"/>
    <property name="java.vendor" value="Oracle Corporation"/>
    <property name="enforcer.skip" value="true"/>
    <property name="rat.skip" value="true"/>
    <property name="maven.home" value="/usr/share/maven"/>
    <property name="file.separator" value="/"/>
    <property name="java.vendor.url.bug" value="http://bugreport.sun.com/bugreport/"/>
    <property name="sun.cpu.endian" value="little"/>
    <property name="sun.io.unicode.encoding" value="UnicodeLittle"/>
    <property name="sun.cpu.isalist" value=""/>
  </properties>
  <testcase name="testIsAccSignalDecoderPktFalseAnalog" classname="jmri.NmraPacketTest" time="0.001"/>
  <testcase name="testSpeedStep28PacketOld" classname="jmri.NmraPacketTest" time="0.001"/>
  <testcase name="testIsAccDecoderPktOpsModeLegacyFalseOpsWrite" classname="jmri.NmraPacketTest" time="0.001"/>
  <testcase name="testIsAccDecoderPktOpsModeFalseSignalDecoderPkt" classname="jmri.NmraPacketTest" time="0.001"/>
  <testcase name="testAccSignalDecoderPkt2044Aspect31" classname="jmri.NmraPacketTest" time="0.001"/>
  <testcase name="testAltAccSignalDecoderPktOpsMode2041" classname="jmri.NmraPacketTest" time="0"/>
  <testcase name="testAltAccSignalDecoderPktOpsMode2044" classname="jmri.NmraPacketTest" time="0.001"/>
  <testcase name="testAccSignalDecoderPkt1Aspect23" classname="jmri.NmraPacketTest" time="0.001"/>
  <testcase name="testIsAccDecoderPktOpsModeLegacyFalseAccDecoder" classname="jmri.NmraPacketTest" time="0"/>
  <testcase name="testAccDecoderPktOpsMode252" classname="jmri.NmraPacketTest" time="0.001"/>
  <testcase name="testAccDecoderPktOpsMode253" classname="jmri.NmraPacketTest" time="0.001"/>
  <testcase name="testAccDecoderPktOpsMode256" classname="jmri.NmraPacketTest" time="0.001"/>
  <testcase name="testAccDecoderPktOpsMode257" classname="jmri.NmraPacketTest" time="0"/>
  <testcase name="testGetAccSignalDecoderPktAddr16" classname="jmri.NmraPacketTest" time="0.001"/>
  <testcase name="testGetAccSignalDecoderPktAddr32" classname="jmri.NmraPacketTest" time="0.001"/>
  <testcase name="testGetAccSignalDecoderPktAddr64" classname="jmri.NmraPacketTest" time="0.001"/>
  <testcase name="testAccSignalDecoderPkt8Aspect11" classname="jmri.NmraPacketTest" time="0.001"/>
  <testcase name="testIsAccDecoderPktOpsModeOK" classname="jmri.NmraPacketTest" time="0.001"/>
  <testcase name="testAccDecoderPktOpsMode1" classname="jmri.NmraPacketTest" time="0"/>
  <testcase name="testAccDecoderPktOpsMode4" classname="jmri.NmraPacketTest" time="0.001"/>
  <testcase name="testAccDecoderPktOpsMode5" classname="jmri.NmraPacketTest" time="0.001"/>
  <testcase name="testIsAccDecoderPktOpsModeFalseFunction" classname="jmri.NmraPacketTest" time="0.001"/>
  <testcase name="testAnalog1" classname="jmri.NmraPacketTest" time="0"/>
  <testcase name="testAnalog2" classname="jmri.NmraPacketTest" time="0.001"/>
  <testcase name="testIsAccDecoderPktOpsModeFalseAnalog" classname="jmri.NmraPacketTest" time="0.001"/>
  <testcase name="testGetAccSignalDecoderPktAddr1024" classname="jmri.NmraPacketTest" time="0"/>
  <testcase name="testGetAccSignalDecoderPktAddr2044" classname="jmri.NmraPacketTest" time="0.001"/>
  <testcase name="testGetAccSignalDecoderPktAddr128" classname="jmri.NmraPacketTest" time="0.001"/>
  <testcase name="testGetAccSignalDecoderPktAddr256" classname="jmri.NmraPacketTest" time="0"/>
  <testcase name="testGetAccSignalDecoderPktAddr512" classname="jmri.NmraPacketTest" time="0.001"/>
  <testcase name="testAccSignalDecoderPkt3Aspect9" classname="jmri.NmraPacketTest" time="0.001"/>
  <testcase name="testToStringAccessoryPacket257" classname="jmri.NmraPacketTest" time="0.001"/>
  <testcase name="testExtractAddressNumberAccSignal128" classname="jmri.NmraPacketTest" time="0.001"/>
  <testcase name="testExtractAddressNumberAccSignal256" classname="jmri.NmraPacketTest" time="0"/>
  <testcase name="testExtractAddressTypeShort" classname="jmri.NmraPacketTest" time="0.001"/>
  <testcase name="testSpeedStep28Packet" classname="jmri.NmraPacketTest" time="0.001"/>
  <testcase name="testOpsModeLong" classname="jmri.NmraPacketTest" time="0.001"/>
  <testcase name="testAccSignalDecoderPkt255Aspect3" classname="jmri.NmraPacketTest" time="0.001"/>
  <testcase name="testIsAccSignalDecoderPktFalseFunction" classname="jmri.NmraPacketTest" time="0.001"/>
  <testcase name="testAccSignalDecoderPktOpsMode1" classname="jmri.NmraPacketTest" time="0"/>
  <testcase name="testAccSignalDecoderPktOpsMode4" classname="jmri.NmraPacketTest" time="0.001"/>
  <testcase name="testAccSignalDecoderPktOpsMode5" classname="jmri.NmraPacketTest" time="0.001"/>
  <testcase name="testAccDecoderPacket10" classname="jmri.NmraPacketTest" time="0"/>
  <testcase name="testAccDecoderPacket11" classname="jmri.NmraPacketTest" time="0.001"/>
  <testcase name="testAccDecoderPacket12" classname="jmri.NmraPacketTest" time="0.001"/>
  <testcase name="testAccDecoderPacket13" classname="jmri.NmraPacketTest" time="0.001"/>
  <testcase name="testAccSignalDecoderPkt253Aspect19" classname="jmri.NmraPacketTest" time="0"/>
  <testcase name="testIsAccDecoderPktOpsModeLegacyFalseFunction" classname="jmri.NmraPacketTest" time="0.001"/>
  <testcase name="testAccDecPktOpsMode1" classname="jmri.NmraPacketTest" time="0.001"/>
  <testcase name="testAccDecPktOpsMode2" classname="jmri.NmraPacketTest" time="0"/>
  <testcase name="testAccSignalDecoderPkt5Aspect15" classname="jmri.NmraPacketTest" time="0.001"/>
  <testcase name="testExtractAddressNumberAcc16" classname="jmri.NmraPacketTest" time="0.001"/>
  <testcase name="testExtractAddressNumberAcc32" classname="jmri.NmraPacketTest" time="0.001"/>
  <testcase name="testExtractAddressNumberAcc64" classname="jmri.NmraPacketTest" time="0"/>
  <testcase name="testExtractAddressNumberShort" classname="jmri.NmraPacketTest" time="0.001"/>
  <testcase name="testExtractAddressTypeLong" classname="jmri.NmraPacketTest" time="0.001"/>
  <testcase name="testIsAccDecoderPktOpsModeLegacyFalseConsist" classname="jmri.NmraPacketTest" time="0"/>
  <testcase name="testIsAccDecoderPktOpsModeFalseAccDecoder" classname="jmri.NmraPacketTest" time="0.001"/>
  <testcase name="testAccSignalDecoderPktOpsMode2037" classname="jmri.NmraPacketTest" time="0.001"/>
  <testcase name="testAccSignalDecoderPktOpsMode2040" classname="jmri.NmraPacketTest" time="0.001"/>
  <testcase name="testAccSignalDecoderPktOpsMode2044" classname="jmri.NmraPacketTest" time="0"/>
  <testcase name="testExtractAddressNumberAccSignal16" classname="jmri.NmraPacketTest" time="0.001"/>
  <testcase name="testExtractAddressNumberAccSignal32" classname="jmri.NmraPacketTest" time="0.001"/>
  <testcase name="testExtractAddressNumberAccSignal64" classname="jmri.NmraPacketTest" time="0"/>
  <testcase name="testAccDecoderPacket1" classname="jmri.NmraPacketTest" time="0.001"/>
  <testcase name="testAccDecoderPacket2" classname="jmri.NmraPacketTest" time="0.001"/>
  <testcase name="testAccDecoderPacket3" classname="jmri.NmraPacketTest" time="0"/>
  <testcase name="testAccDecoderPacket4" classname="jmri.NmraPacketTest" time="0.001"/>
  <testcase name="testAccDecoderPacket5" classname="jmri.NmraPacketTest" time="0.001"/>
  <testcase name="testAccDecoderPacket6" classname="jmri.NmraPacketTest" time="0"/>
  <testcase name="testAccDecoderPacket7" classname="jmri.NmraPacketTest" time="0.001"/>
  <testcase name="testAccDecoderPacket8" classname="jmri.NmraPacketTest" time="0.001"/>
  <testcase name="testAccDecoderPacket9" classname="jmri.NmraPacketTest" time="0.001"/>
  <testcase name="testConsist1" classname="jmri.NmraPacketTest" time="0"/>
  <testcase name="testConsist2" classname="jmri.NmraPacketTest" time="0.001"/>
  <testcase name="testConsist3" classname="jmri.NmraPacketTest" time="0.001"/>
  <testcase name="testIsAccSignalDecoderPktFalseConsist" classname="jmri.NmraPacketTest" time="0"/>
  <testcase name="testAccSignalDecoderPkt2044Aspect0" classname="jmri.NmraPacketTest" time="0.001"/>
  <testcase name="testIsAccDecoderPktOpsModeLegacyFalseSignalDecoderPkt" classname="jmri.NmraPacketTest" time="0.001"/>
  <testcase name="testAccSignalDecoderPkt7Aspect10" classname="jmri.NmraPacketTest" time="0"/>
  <testcase name="testAltAccSignalDecoderPktOpsMode1" classname="jmri.NmraPacketTest" time="0.001"/>
  <testcase name="testAltAccSignalDecoderPktOpsMode4" classname="jmri.NmraPacketTest" time="0.001"/>
  <testcase name="testAltAccSignalDecoderPktOpsMode5" classname="jmri.NmraPacketTest" time="0.001"/>
  <testcase name="testAltAccSignalDecoderPktOpsMode8" classname="jmri.NmraPacketTest" time="0"/>
  <testcase name="testAltAccSignalDecoderPktOpsMode9" classname="jmri.NmraPacketTest" time="0.001"/>
  <testcase name="testToStringAccessoryPacket1" classname="jmri.NmraPacketTest" time="0.001"/>
  <testcase name="testGetAccSignalDecoderPktAddr1" classname="jmri.NmraPacketTest" time="0"/>
  <testcase name="testGetAccSignalDecoderPktAddr2" classname="jmri.NmraPacketTest" time="0.001"/>
  <testcase name="testGetAccSignalDecoderPktAddr4" classname="jmri.NmraPacketTest" time="0.001"/>
  <testcase name="testGetAccSignalDecoderPktAddr8" classname="jmri.NmraPacketTest" time="0.001"/>
  <testcase name="testIsAccSignalDecoderPktFalseAccDecoderPktOpsModeLegacy" classname="jmri.NmraPacketTest" time="0"/>
  <testcase name="testAccSignalDecoderPkt256Aspect7" classname="jmri.NmraPacketTest" time="0.001"/>
  <testcase name="testExtractAddressNumberAcc1" classname="jmri.NmraPacketTest" time="0.001"/>
  <testcase name="testExtractAddressNumberAcc2" classname="jmri.NmraPacketTest" time="0"/>
  <testcase name="testExtractAddressNumberAcc4" classname="jmri.NmraPacketTest" time="0.001"/>
  <testcase name="testExtractAddressNumberAcc8" classname="jmri.NmraPacketTest" time="0.001"/>
  <testcase name="testExtractAddressNumberLong" classname="jmri.NmraPacketTest" time="0"/>
  <testcase name="testIsAccSignalDecoderPktFalseAccDecoderPktOpsMode" classname="jmri.NmraPacketTest" time="0.001"/>
  <testcase name="testAltAccSignalDecoderPktOpsMode256" classname="jmri.NmraPacketTest" time="0.001"/>
  <testcase name="testAltAccSignalDecoderPktOpsMode257" classname="jmri.NmraPacketTest" time="0.001"/>
  <testcase name="testAltAccSignalDecoderPktOpsMode260" classname="jmri.NmraPacketTest" time="0"/>
  <testcase name="testAltAccSignalDecoderPktOpsMode261" classname="jmri.NmraPacketTest" time="0.001"/>
  <testcase name="testAccSignalDecoderPktOpsMode252" classname="jmri.NmraPacketTest" time="0.001"/>
  <testcase name="testAccSignalDecoderPktOpsMode253" classname="jmri.NmraPacketTest" time="0"/>
  <testcase name="testAccSignalDecoderPktOpsMode256" classname="jmri.NmraPacketTest" time="0.001"/>
  <testcase name="testAccSignalDecoderPktOpsMode257" classname="jmri.NmraPacketTest" time="0.001"/>
  <testcase name="testAccDecoderPktOpsMode2037" classname="jmri.NmraPacketTest" time="0"/>
  <testcase name="testAccDecoderPktOpsMode2040" classname="jmri.NmraPacketTest" time="0.001"/>
  <testcase name="testAccDecoderPktOpsMode2044" classname="jmri.NmraPacketTest" time="0.001"/>
  <testcase name="testAccDecPktOpsModeLegacy510" classname="jmri.NmraPacketTest" time="0.001"/>
  <testcase name="testAccDecPktOpsModeLegacy511" classname="jmri.NmraPacketTest" time="0"/>
  <testcase name="testAccSignalDecoderPkt252Aspect13" classname="jmri.NmraPacketTest" time="0.001"/>
  <testcase name="testAccDecPktOpsMode510" classname="jmri.NmraPacketTest" time="0.001"/>
  <testcase name="testAccDecPktOpsMode511" classname="jmri.NmraPacketTest" time="0"/>
  <testcase name="testAccDecoderPktOpsModeLegacy2037" classname="jmri.NmraPacketTest" time="0.001"/>
  <testcase name="testAccDecoderPktOpsModeLegacy2040" classname="jmri.NmraPacketTest" time="0.001"/>
  <testcase name="testAccDecoderPktOpsModeLegacy2044" classname="jmri.NmraPacketTest" time="0"/>
  <testcase name="testIsAccDecoderPktOpsModeFalseAccDecoderPktOpsModeLegacy" classname="jmri.NmraPacketTest" time="0.001"/>
  <testcase name="testToStringShortLocoPacket" classname="jmri.NmraPacketTest" time="0.001"/>
  <testcase name="testIsAccSignalDecoderPktFalseAccDecoder" classname="jmri.NmraPacketTest" time="0.001"/>
  <testcase name="testF13F20A" classname="jmri.NmraPacketTest" time="0"/>
  <testcase name="testF13F20B" classname="jmri.NmraPacketTest" time="0.001"/>
  <testcase name="testAccSignalDecoderPkt2Aspect5" classname="jmri.NmraPacketTest" time="0.001"/>
  <testcase name="testIsAccSignalDecoderPktOK" classname="jmri.NmraPacketTest" time="0"/>
  <testcase name="testF21F28A" classname="jmri.NmraPacketTest" time="0.001"/>
  <testcase name="testF21F28B" classname="jmri.NmraPacketTest" time="0.001"/>
  <testcase name="testIsAccDecoderPktOpsModeLegacyFalseAccDecoderPktOpsMode" classname="jmri.NmraPacketTest" time="0.001"/>
  <testcase name="testAccSignalDecoderPkt4Aspect11" classname="jmri.NmraPacketTest" time="0"/>
  <testcase name="testIsAccDecoderPktOpsModeLegacyFalseAnalog" classname="jmri.NmraPacketTest" time="0.001"/>
  <testcase name="testIsAccDecoderPktOpsModeFalseOpsWrite" classname="jmri.NmraPacketTest" time="0.001"/>
  <testcase name="testExtractAddressNumberAccSignal1" classname="jmri.NmraPacketTest" time="0"/>
  <testcase name="testExtractAddressNumberAccSignal2" classname="jmri.NmraPacketTest" time="0.001"/>
  <testcase name="testExtractAddressNumberAccSignal4" classname="jmri.NmraPacketTest" time="0.001"/>
  <testcase name="testExtractAddressNumberAccSignal8" classname="jmri.NmraPacketTest" time="0"/>
  <testcase name="testAccSignalDecoderPkt254Aspect2" classname="jmri.NmraPacketTest" time="0.001"/>
  <testcase name="testAccDecoderPktOpsModeLegacy1" classname="jmri.NmraPacketTest" time="0.001"/>
  <testcase name="testAccDecoderPktOpsModeLegacy4" classname="jmri.NmraPacketTest" time="0.001"/>
  <testcase name="testAccDecoderPktOpsModeLegacy5" classname="jmri.NmraPacketTest" time="0"/>
  <testcase name="testAccDecPktOpsModeLegacy1" classname="jmri.NmraPacketTest" time="0.001"/>
  <testcase name="testAccDecPktOpsModeLegacy2" classname="jmri.NmraPacketTest" time="0.001"/>
  <testcase name="testExtractAddressNumberAcc128" classname="jmri.NmraPacketTest" time="0"/>
  <testcase name="testExtractAddressNumberAcc256" classname="jmri.NmraPacketTest" time="0.001"/>
  <testcase name="testExtractAddressNumberAcc512" classname="jmri.NmraPacketTest" time="0.001"/>
  <testcase name="testIsAccSignalDecoderPktFalseOpsWrite" classname="jmri.NmraPacketTest" time="0.001"/>
  <testcase name="testOpsModeShort" classname="jmri.NmraPacketTest" time="0"/>
  <testcase name="testIsAccDecoderPktOpsModeLegacyOK" classname="jmri.NmraPacketTest" time="0.001"/>
  <testcase name="testExtractAddressTypeAcc" classname="jmri.NmraPacketTest" time="0.001"/>
  <testcase name="testIsAccDecoderPktOpsModeFalseConsist" classname="jmri.NmraPacketTest" time="0"/>
  <testcase name="testAccSignalDecoderPkt6Aspect28" classname="jmri.NmraPacketTest" time="0.001"/>
  <testcase name="testToStringNoPacket" classname="jmri.NmraPacketTest" time="0.001"/>
</testsuite>