<?xml version="1.0" encoding="UTF-8"?>
<testsuite xmlns:xsi="http://www.w3.org/2001/XMLSchema-instance" xsi:schemaLocation="https://maven.apache.org/surefire/maven-surefire-plugin/xsd/surefire-test-report.xsd" name="org.corfudb.recovery.FastObjectLoaderTest" time="73.268" tests="34" errors="0" skipped="0" failures="0">
  <properties>
    <property name="java.vendor" value="Oracle Corporation"/>
    <property name="sun.java.launcher" value="SUN_STANDARD"/>
    <property name="sun.management.compiler" value="HotSpot 64-Bit Tiered Compilers"/>
    <property name="os.name" value="Linux"/>
    <property name="sun.boot.class.path" value="/usr/lib/jvm/java-8-openjdk-amd64/jre/lib/resources.jar:/usr/lib/jvm/java-8-openjdk-amd64/jre/lib/rt.jar:/usr/lib/jvm/java-8-openjdk-amd64/jre/lib/sunrsasign.jar:/usr/lib/jvm/java-8-openjdk-amd64/jre/lib/jsse.jar:/usr/lib/jvm/java-8-openjdk-amd64/jre/lib/jce.jar:/usr/lib/jvm/java-8-openjdk-amd64/jre/lib/charsets.jar:/usr/lib/jvm/java-8-openjdk-amd64/jre/lib/jfr.jar:/usr/lib/jvm/java-8-openjdk-amd64/jre/classes"/>
    <property name="cobertura.skip" value="true"/>
    <property name="findbugs.skip" value="true"/>
    <property name="java.vm.specification.vendor" value="Oracle Corporation"/>
    <property name="java.runtime.version" value="1.8.0_121-8u121-b13-1~bpo8+1-b13"/>
    <property name="user.name" value="root"/>
    <property name="guice.disable.misplaced.annotation.check" value="true"/>
    <property name="maven.repo.local" value="/root/./workspace/CorfuDB/CorfuDB/383940262/.m2"/>
    <property name="user.language" value="en"/>
    <property name="sun.boot.library.path" value="/usr/lib/jvm/java-8-openjdk-amd64/jre/lib/amd64"/>
    <property name="classworlds.conf" value="/usr/share/maven/bin/m2.conf"/>
    <property name="java.version" value="1.8.0_121"/>
    <property name="user.timezone" value="Europe/Paris"/>
    <property name="rat.skip" value="true"/>
    <property name="sun.arch.data.model" value="64"/>
    <property name="java.endorsed.dirs" value="/usr/lib/jvm/java-8-openjdk-amd64/jre/lib/endorsed"/>
    <property name="sun.cpu.isalist" value=""/>
    <property name="sun.jnu.encoding" value="UTF-8"/>
    <property name="file.encoding.pkg" value="sun.io"/>
    <property name="file.separator" value="/"/>
    <property name="java.specification.name" value="Java Platform API Specification"/>
    <property name="java.class.version" value="52.0"/>
    <property name="checkstyle.skip" value="true"/>
    <property name="securerandom.source" value="file:/dev/./urandom"/>
    <property name="java.home" value="/usr/lib/jvm/java-8-openjdk-amd64/jre"/>
    <property name="java.vm.info" value="mixed mode"/>
    <property name="os.version" value="3.10.0-862.2.3.el7.x86_64"/>
    <property name="org.slf4j.simpleLogger.showThreadName" value="false"/>
    <property name="path.separator" value=":"/>
    <property name="java.vm.version" value="25.121-b13"/>
    <property name="gpg.skip" value="true"/>
    <property name="java.awt.printerjob" value="sun.print.PSPrinterJob"/>
    <property name="sun.io.unicode.encoding" value="UnicodeLittle"/>
    <property name="os.detected.version" value="3.10"/>
    <property name="awt.toolkit" value="sun.awt.X11.XToolkit"/>
    <property name="os.detected.release" value="debian"/>
    <property name="user.home" value="/root"/>
    <property name="java.specification.vendor" value="Oracle Corporation"/>
    <property name="java.library.path" value="/usr/java/packages/lib/amd64:/usr/lib/x86_64-linux-gnu/jni:/lib/x86_64-linux-gnu:/usr/lib/x86_64-linux-gnu:/usr/lib/jni:/lib:/usr/lib"/>
    <property name="java.vendor.url" value="http://java.oracle.com/"/>
    <property name="java.vm.vendor" value="Oracle Corporation"/>
    <property name="os.detected.release.like.debian" value="true"/>
    <property name="dependency-check.skip" value="true"/>
    <property name="maven.home" value="/usr/share/maven"/>
    <property name="java.runtime.name" value="OpenJDK Runtime Environment"/>
    <property name="sun.java.command" value="org.codehaus.plexus.classworlds.launcher.Launcher -B -D enforcer.skip=true -D dependency-check.skip=true -D skipITs=true -D cobertura.skip=true -D maven.repo.local=/root/./workspace/CorfuDB/CorfuDB/383940262/.m2 -D rat.skip=true -D findbugs.skip=true -D skip.bower=true -D gpg.skip=true -D checkstyle.skip=true -D skip.gulp=true -D license.skip=true -D skip.npm=true test"/>
    <property name="java.class.path" value="/usr/share/maven/boot/plexus-classworlds-2.5.2.jar"/>
    <property name="os.detected.arch" value="x86_64"/>
    <property name="java.vm.specification.name" value="Java Virtual Machine Specification"/>
    <property name="java.vm.specification.version" value="1.8"/>
    <property name="sun.cpu.endian" value="little"/>
    <property name="sun.os.patch.level" value="unknown"/>
    <property name="os.detected.classifier" value="linux-x86_64"/>
    <property name="java.io.tmpdir" value="/tmp"/>
    <property name="java.vendor.url.bug" value="http://bugreport.sun.com/bugreport/"/>
    <property name="maven.multiModuleProjectDirectory" value="/root/workspace/CorfuDB/CorfuDB/383940262"/>
    <property name="os.arch" value="amd64"/>
    <property name="java.awt.graphicsenv" value="sun.awt.X11GraphicsEnvironment"/>
    <property name="java.ext.dirs" value="/usr/lib/jvm/java-8-openjdk-amd64/jre/lib/ext:/usr/java/packages/lib/ext"/>
    <property name="os.detected.release.version" value="8"/>
    <property name="user.dir" value="/root/workspace/CorfuDB/CorfuDB/383940262"/>
    <property name="skipITs" value="true"/>
    <property name="line.separator" value="&#10;"/>
    <property name="java.vm.name" value="OpenJDK 64-Bit Server VM"/>
    <property name="enforcer.skip" value="true"/>
    <property name="skip.gulp" value="true"/>
    <property name="os.detected.version.major" value="3"/>
    <property name="skip.npm" value="true"/>
    <property name="skip.bower" value="true"/>
    <property name="file.encoding" value="UTF-8"/>
    <property name="os.detected.name" value="linux"/>
    <property name="license.skip" value="true"/>
    <property name="os.detected.version.minor" value="10"/>
    <property name="org.slf4j.simpleLogger.levelInBrackets" value="true"/>
    <property name="java.specification.version" value="1.8"/>
  </properties>
  <testcase name="canReadCheckpointWithoutTrim" classname="org.corfudb.recovery.FastObjectLoaderTest" time="4.691"/>
  <testcase name="canRecreateMixOfMaps" classname="org.corfudb.recovery.FastObjectLoaderTest" time="1.046"/>
  <testcase name="canReadHoles" classname="org.corfudb.recovery.FastObjectLoaderTest" time="3.271"/>
  <testcase name="canFindTailsWithCheckPoints" classname="org.corfudb.recovery.FastObjectLoaderTest" time="3.353"/>
  <testcase name="canReadCheckPointMultipleStreamTrimWithLeftOver" classname="org.corfudb.recovery.FastObjectLoaderTest" time="3.295"/>
  <testcase name="whiteListMode" classname="org.corfudb.recovery.FastObjectLoaderTest" time="1.045"/>
  <testcase name="canReadWithEntriesInterleavingCPS" classname="org.corfudb.recovery.FastObjectLoaderTest" time="6.025"/>
  <testcase name="canRecreateMapWithCorrectSerializer" classname="org.corfudb.recovery.FastObjectLoaderTest" time="1.033"/>
  <testcase name="failBecauseOfTrimAnd1Attempt" classname="org.corfudb.recovery.FastObjectLoaderTest" time="1.045"/>
  <testcase name="canReadWhenTheUserHasNoCheckpoint" classname="org.corfudb.recovery.FastObjectLoaderTest" time="1.042"/>
  <testcase name="canRollBack" classname="org.corfudb.recovery.FastObjectLoaderTest" time="2.257"/>
  <testcase name="canReadWithTruncatedCheckPoint" classname="org.corfudb.recovery.FastObjectLoaderTest" time="2.293"/>
  <testcase name="whiteListModeWithCheckPoint" classname="org.corfudb.recovery.FastObjectLoaderTest" time="0.148"/>
  <testcase name="doReconstructTransactionStreamTail" classname="org.corfudb.recovery.FastObjectLoaderTest" time="2.45"/>
  <testcase name="canReadWithCacheDisable" classname="org.corfudb.recovery.FastObjectLoaderTest" time="0.078"/>
  <testcase name="doNotReconstructEmptyCheckpoints" classname="org.corfudb.recovery.FastObjectLoaderTest" time="3.259"/>
  <testcase name="canReadRankOnlyEntries" classname="org.corfudb.recovery.FastObjectLoaderTest" time="2.595"/>
  <testcase name="canRecreateCorfuTable" classname="org.corfudb.recovery.FastObjectLoaderTest" time="1.037"/>
  <testcase name="canReadCheckPointMultipleStreamsTrim" classname="org.corfudb.recovery.FastObjectLoaderTest" time="2.277"/>
  <testcase name="canReadLogTerminatedWithCheckpoint" classname="org.corfudb.recovery.FastObjectLoaderTest" time="3.34"/>
  <testcase name="canReadCheckPointMultipleStream" classname="org.corfudb.recovery.FastObjectLoaderTest" time="3.274"/>
  <testcase name="canReloadMaps" classname="org.corfudb.recovery.FastObjectLoaderTest" time="3.259"/>
  <testcase name="canRecreateCustomWithSerializer" classname="org.corfudb.recovery.FastObjectLoaderTest" time="1.03"/>
  <testcase name="ignoreStreamForRuntimeButNotStreamTails" classname="org.corfudb.recovery.FastObjectLoaderTest" time="3.28"/>
  <testcase name="canFindTailsRecoverSequencerMode" classname="org.corfudb.recovery.FastObjectLoaderTest" time="2.282"/>
  <testcase name="blackListAndWhiteListAreMutuallyExclusive" classname="org.corfudb.recovery.FastObjectLoaderTest" time="0.025"/>
  <testcase name="canRecreateCorfuTableWithIndex" classname="org.corfudb.recovery.FastObjectLoaderTest" time="1.044"/>
  <testcase name="canLoadWithCustomBulkRead" classname="org.corfudb.recovery.FastObjectLoaderTest" time="1.04"/>
  <testcase name="doNotFailBecauseTrimIsFirst" classname="org.corfudb.recovery.FastObjectLoaderTest" time="0.098"/>
  <testcase name="doNotReconstructTransactionStreams" classname="org.corfudb.recovery.FastObjectLoaderTest" time="2.302"/>
  <testcase name="canFindTailsWithFailedCheckpoint" classname="org.corfudb.recovery.FastObjectLoaderTest" time="3.249"/>
  <testcase name="canFindTailsWithOnlyCheckpointAndTrim" classname="org.corfudb.recovery.FastObjectLoaderTest" time="2.356"/>
  <testcase name="canReadMultipleCheckPointMultipleStreams" classname="org.corfudb.recovery.FastObjectLoaderTest" time="3.352"/>
  <testcase name="ignoreStreamCheckpoint" classname="org.corfudb.recovery.FastObjectLoaderTest" time="1.048"/>
</testsuite>