<?xml version="1.0" encoding="UTF-8"?>
<testsuite xmlns:xsi="http://www.w3.org/2001/XMLSchema-instance" xsi:schemaLocation="https://maven.apache.org/surefire/maven-surefire-plugin/xsd/surefire-test-report.xsd" name="org.corfudb.runtime.collections.SMRMultiLogunitTest" time="4.077" tests="5" errors="0" skipped="0" failures="1">
  <properties>
    <property name="java.vendor" value="Oracle Corporation"/>
    <property name="sun.java.launcher" value="SUN_STANDARD"/>
    <property name="sun.management.compiler" value="HotSpot 64-Bit Tiered Compilers"/>
    <property name="os.name" value="Linux"/>
    <property name="sun.boot.class.path" value="/usr/lib/jvm/java-8-openjdk-amd64/jre/lib/resources.jar:/usr/lib/jvm/java-8-openjdk-amd64/jre/lib/rt.jar:/usr/lib/jvm/java-8-openjdk-amd64/jre/lib/sunrsasign.jar:/usr/lib/jvm/java-8-openjdk-amd64/jre/lib/jsse.jar:/usr/lib/jvm/java-8-openjdk-amd64/jre/lib/jce.jar:/usr/lib/jvm/java-8-openjdk-amd64/jre/lib/charsets.jar:/usr/lib/jvm/java-8-openjdk-amd64/jre/lib/jfr.jar:/usr/lib/jvm/java-8-openjdk-amd64/jre/classes"/>
    <property name="cobertura.skip" value="true"/>
    <property name="findbugs.skip" value="true"/>
    <property name="java.vm.specification.vendor" value="Oracle Corporation"/>
    <property name="java.runtime.version" value="1.8.0_121-8u121-b13-1~bpo8+1-b13"/>
    <property name="user.name" value="root"/>
    <property name="guice.disable.misplaced.annotation.check" value="true"/>
    <property name="maven.repo.local" value="/root/./workspace/CorfuDB/CorfuDB/383940262/.m2"/>
    <property name="user.language" value="en"/>
    <property name="sun.boot.library.path" value="/usr/lib/jvm/java-8-openjdk-amd64/jre/lib/amd64"/>
    <property name="classworlds.conf" value="/usr/share/maven/bin/m2.conf"/>
    <property name="java.version" value="1.8.0_121"/>
    <property name="user.timezone" value="Europe/Paris"/>
    <property name="rat.skip" value="true"/>
    <property name="sun.arch.data.model" value="64"/>
    <property name="java.endorsed.dirs" value="/usr/lib/jvm/java-8-openjdk-amd64/jre/lib/endorsed"/>
    <property name="sun.cpu.isalist" value=""/>
    <property name="sun.jnu.encoding" value="UTF-8"/>
    <property name="file.encoding.pkg" value="sun.io"/>
    <property name="file.separator" value="/"/>
    <property name="java.specification.name" value="Java Platform API Specification"/>
    <property name="java.class.version" value="52.0"/>
    <property name="checkstyle.skip" value="true"/>
    <property name="securerandom.source" value="file:/dev/./urandom"/>
    <property name="java.home" value="/usr/lib/jvm/java-8-openjdk-amd64/jre"/>
    <property name="java.vm.info" value="mixed mode"/>
    <property name="os.version" value="3.10.0-862.2.3.el7.x86_64"/>
    <property name="org.slf4j.simpleLogger.showThreadName" value="false"/>
    <property name="path.separator" value=":"/>
    <property name="java.vm.version" value="25.121-b13"/>
    <property name="gpg.skip" value="true"/>
    <property name="java.awt.printerjob" value="sun.print.PSPrinterJob"/>
    <property name="sun.io.unicode.encoding" value="UnicodeLittle"/>
    <property name="os.detected.version" value="3.10"/>
    <property name="awt.toolkit" value="sun.awt.X11.XToolkit"/>
    <property name="os.detected.release" value="debian"/>
    <property name="user.home" value="/root"/>
    <property name="java.specification.vendor" value="Oracle Corporation"/>
    <property name="java.library.path" value="/usr/java/packages/lib/amd64:/usr/lib/x86_64-linux-gnu/jni:/lib/x86_64-linux-gnu:/usr/lib/x86_64-linux-gnu:/usr/lib/jni:/lib:/usr/lib"/>
    <property name="java.vendor.url" value="http://java.oracle.com/"/>
    <property name="java.vm.vendor" value="Oracle Corporation"/>
    <property name="os.detected.release.like.debian" value="true"/>
    <property name="dependency-check.skip" value="true"/>
    <property name="maven.home" value="/usr/share/maven"/>
    <property name="java.runtime.name" value="OpenJDK Runtime Environment"/>
    <property name="sun.java.command" value="org.codehaus.plexus.classworlds.launcher.Launcher -B -D enforcer.skip=true -D dependency-check.skip=true -D skipITs=true -D cobertura.skip=true -D maven.repo.local=/root/./workspace/CorfuDB/CorfuDB/383940262/.m2 -D rat.skip=true -D findbugs.skip=true -D skip.bower=true -D gpg.skip=true -D checkstyle.skip=true -D skip.gulp=true -D license.skip=true -D skip.npm=true test"/>
    <property name="java.class.path" value="/usr/share/maven/boot/plexus-classworlds-2.5.2.jar"/>
    <property name="os.detected.arch" value="x86_64"/>
    <property name="java.vm.specification.name" value="Java Virtual Machine Specification"/>
    <property name="java.vm.specification.version" value="1.8"/>
    <property name="sun.cpu.endian" value="little"/>
    <property name="sun.os.patch.level" value="unknown"/>
    <property name="os.detected.classifier" value="linux-x86_64"/>
    <property name="java.io.tmpdir" value="/tmp"/>
    <property name="java.vendor.url.bug" value="http://bugreport.sun.com/bugreport/"/>
    <property name="maven.multiModuleProjectDirectory" value="/root/workspace/CorfuDB/CorfuDB/383940262"/>
    <property name="os.arch" value="amd64"/>
    <property name="java.awt.graphicsenv" value="sun.awt.X11GraphicsEnvironment"/>
    <property name="java.ext.dirs" value="/usr/lib/jvm/java-8-openjdk-amd64/jre/lib/ext:/usr/java/packages/lib/ext"/>
    <property name="os.detected.release.version" value="8"/>
    <property name="user.dir" value="/root/workspace/CorfuDB/CorfuDB/383940262"/>
    <property name="skipITs" value="true"/>
    <property name="line.separator" value="&#10;"/>
    <property name="java.vm.name" value="OpenJDK 64-Bit Server VM"/>
    <property name="enforcer.skip" value="true"/>
    <property name="skip.gulp" value="true"/>
    <property name="os.detected.version.major" value="3"/>
    <property name="skip.npm" value="true"/>
    <property name="skip.bower" value="true"/>
    <property name="file.encoding" value="UTF-8"/>
    <property name="os.detected.name" value="linux"/>
    <property name="license.skip" value="true"/>
    <property name="os.detected.version.minor" value="10"/>
    <property name="org.slf4j.simpleLogger.levelInBrackets" value="true"/>
    <property name="java.specification.version" value="1.8"/>
  </properties>
  <testcase name="manyWritesThenRead" classname="org.corfudb.runtime.collections.SMRMultiLogunitTest" time="2.671"/>
  <testcase name="multiThreadedManyWritesThenRead" classname="org.corfudb.runtime.collections.SMRMultiLogunitTest" time="0.93">
    <failure message="expected:&lt;2&gt; but was:&lt;1&gt;" type="java.lang.AssertionError"><![CDATA[java.lang.AssertionError: expected:<2> but was:<1>
	at org.junit.Assert.fail(Assert.java:88)
	at org.junit.Assert.failNotEquals(Assert.java:834)
	at org.junit.Assert.assertEquals(Assert.java:645)
	at org.junit.Assert.assertEquals(Assert.java:631)
	at org.corfudb.runtime.collections.SMRMultiLogunitTest.multiThreadedManyWritesThenRead(SMRMultiLogunitTest.java:235)
	at sun.reflect.NativeMethodAccessorImpl.invoke0(Native Method)
	at sun.reflect.NativeMethodAccessorImpl.invoke(NativeMethodAccessorImpl.java:62)
	at sun.reflect.DelegatingMethodAccessorImpl.invoke(DelegatingMethodAccessorImpl.java:43)
	at java.lang.reflect.Method.invoke(Method.java:498)
	at org.junit.runners.model.FrameworkMethod$1.runReflectiveCall(FrameworkMethod.java:50)
	at org.junit.internal.runners.model.ReflectiveCallable.run(ReflectiveCallable.java:12)
	at org.junit.runners.model.FrameworkMethod.invokeExplosively(FrameworkMethod.java:47)
	at org.junit.internal.runners.statements.InvokeMethod.evaluate(InvokeMethod.java:17)
	at org.junit.internal.runners.statements.RunBefores.evaluate(RunBefores.java:26)
	at org.junit.internal.runners.statements.RunAfters.evaluate(RunAfters.java:27)
	at org.corfudb.AbstractCorfuTest$1$1.lambda$evaluate$0(AbstractCorfuTest.java:105)
	at java.lang.Thread.run(Thread.java:745)
]]></failure>
    <system-out><![CDATA[multiThreadedManyWritesThenRead                             [&amp#27;[31mFAIL&amp#27;[m - AssertionError:L235]
&amp#27;[36;1mActive Threads At Test Failure&amp#27;[m
Thread name                              Method
Finalizer                                java.lang.Object:wait
SharedServerThread-8                     sun.misc.Unsafe:park
test:36041-accept-0                      io.netty.channel.epoll.Native:epollWait0
test:44812-worker-9                      io.netty.channel.epoll.Native:epollWait0
test:41764-worker-25                     io.netty.channel.epoll.Native:epollWait0
LogUnit-Write-Processor-0                sun.misc.Unsafe:park
test:38267-worker-3                      io.netty.channel.epoll.Native:epollWait0
test:41764-worker-13                     io.netty.channel.epoll.Native:epollWait0
SharedServerThread-3                     sun.misc.Unsafe:park
test:41764-worker-30                     io.netty.channel.epoll.Native:epollWait0
test:41764-worker-0                      io.netty.channel.epoll.Native:epollWait0
test:41764-worker-33                     io.netty.channel.epoll.Native:epollWait0
test:41764-worker-15                     io.netty.channel.epoll.Native:epollWait0
test:38267-worker-10                     io.netty.channel.epoll.Native:epollWait0
test:41764-worker-5                      io.netty.channel.epoll.Native:epollWait0
test:46361-accept-0                      io.netty.channel.epoll.Native:epollWait0
testChannel-1                            sun.misc.Unsafe:park
test:33012-worker-0                      io.netty.channel.epoll.Native:epollWait0
test:41764-worker-3                      io.netty.channel.epoll.Native:epollWait0
test:41642-accept-0                      io.netty.channel.epoll.Native:epollWait0
ForkJoinPool.commonPool-worker-18        sun.misc.Unsafe:park
ForkJoinPool.commonPool-worker-30        sun.misc.Unsafe:park
test:38267-worker-2                      io.netty.channel.epoll.Native:epollWait0
testChannel-3                            sun.misc.Unsafe:park
SharedServerThread-10                    sun.misc.Unsafe:park
test:33012-accept-0                      io.netty.channel.epoll.Native:epollWait0
test:41764-worker-19                     io.netty.channel.epoll.Native:epollWait0
ForkJoinPool.commonPool-worker-6         sun.misc.Unsafe:park
ForkJoinPool.commonPool-worker-31        sun.misc.Unsafe:park
test:44812-worker-13                     io.netty.channel.epoll.Native:epollWait0
LogUnit-Write-Processor-0                sun.misc.Unsafe:park
test:33379-worker-8                      io.netty.channel.epoll.Native:epollWait0
test:41764-accept-0                      io.netty.channel.epoll.Native:epollWait0
test:41764-worker-22                     io.netty.channel.epoll.Native:epollWait0
ForkJoinPool.commonPool-worker-11        sun.misc.Unsafe:park
test:40677-worker-2                      io.netty.channel.epoll.Native:epollWait0
LogUnit-Maintenance-0                    sun.misc.Unsafe:park
test:44812-accept-0                      io.netty.channel.epoll.Native:epollWait0
test:40677-worker-0                      io.netty.channel.epoll.Native:epollWait0
SharedServerThread-0                     sun.misc.Unsafe:park
test:44827-worker-0                      io.netty.channel.epoll.Native:epollWait0
test:41764-worker-4                      io.netty.channel.epoll.Native:epollWait0
test:41764-worker-23                     io.netty.channel.epoll.Native:epollWait0
test:44812-worker-12                     io.netty.channel.epoll.Native:epollWait0
test:38267-worker-6                      io.netty.channel.epoll.Native:epollWait0
test:44580-accept-0                      io.netty.channel.epoll.Native:epollWait0
ForkJoinPool.commonPool-worker-20        sun.misc.Unsafe:park
test:44580-worker-0                      io.netty.channel.epoll.Native:epollWait0
test:44812-worker-10                     io.netty.channel.epoll.Native:epollWait0
test:38267-worker-15                     io.netty.channel.epoll.Native:epollWait0
ForkJoinPool.commonPool-worker-27        sun.misc.Unsafe:park
test:38267-worker-19                     io.netty.channel.epoll.Native:epollWait0
test:41764-worker-17                     io.netty.channel.epoll.Native:epollWait0
test:40677-worker-7                      io.netty.channel.epoll.Native:epollWait0
test:44812-worker-3                      io.netty.channel.epoll.Native:epollWait0
test:33379-accept-0                      io.netty.channel.epoll.Native:epollWait0
ForkJoinPool.commonPool-worker-2         sun.misc.Unsafe:park
test:41764-worker-31                     io.netty.channel.epoll.Native:epollWait0
test:44812-worker-17                     io.netty.channel.epoll.Native:epollWait0
last-ditch-daemon-shutdown-thread-30sec  sun.misc.Unsafe:park
test:41764-worker-16                     io.netty.channel.epoll.Native:epollWait0
test:46361-worker-0                      io.netty.channel.epoll.Native:epollWait0
test:44812-worker-15                     io.netty.channel.epoll.Native:epollWait0
test:44812-worker-6                      io.netty.channel.epoll.Native:epollWait0
test:41764-worker-24                     io.netty.channel.epoll.Native:epollWait0
test:38267-worker-1                      io.netty.channel.epoll.Native:epollWait0
test:40677-worker-5                      io.netty.channel.epoll.Native:epollWait0
LogUnit-Maintenance-0                    sun.misc.Unsafe:park
surefire-forkedjvm-command-thread        java.io.FileInputStream:readBytes
ForkJoinPool.commonPool-worker-28        sun.misc.Unsafe:park
test:41764-worker-10                     io.netty.channel.epoll.Native:epollWait0
test:40677-worker-4                      io.netty.channel.epoll.Native:epollWait0
test:41764-worker-18                     io.netty.channel.epoll.Native:epollWait0
test:41764-worker-32                     io.netty.channel.epoll.Native:epollWait0
test:35501-worker-0                      io.netty.channel.epoll.Native:epollWait0
test:41764-worker-2                      io.netty.channel.epoll.Native:epollWait0
test:44812-worker-1                      io.netty.channel.epoll.Native:epollWait0
SharedServerThread-5                     sun.misc.Unsafe:park
test:38267-worker-13                     io.netty.channel.epoll.Native:epollWait0
test:41764-worker-44                     io.netty.channel.epoll.Native:epollWait0
test:40677-accept-0                      io.netty.channel.epoll.Native:epollWait0
test:41764-worker-45                     io.netty.channel.epoll.Native:epollWait0
test:33379-worker-6                      io.netty.channel.epoll.Native:epollWait0
test:33379-worker-1                      io.netty.channel.epoll.Native:epollWait0
ForkJoinPool.commonPool-worker-5         sun.misc.Unsafe:park
ForkJoinPool.commonPool-worker-3         sun.misc.Unsafe:park
test:41764-worker-38                     io.netty.channel.epoll.Native:epollWait0
test:41764-worker-36                     io.netty.channel.epoll.Native:epollWait0
test:38267-worker-4                      io.netty.channel.epoll.Native:epollWait0
test:41764-worker-21                     io.netty.channel.epoll.Native:epollWait0
test:33379-worker-3                      io.netty.channel.epoll.Native:epollWait0
LogUnit-Maintenance-0                    sun.misc.Unsafe:park
SharedServerThread-6                     sun.misc.Unsafe:park
Reference Handler                        java.lang.Object:wait
ForkJoinPool.commonPool-worker-23        sun.misc.Unsafe:park
test:41642-worker-0                      io.netty.channel.epoll.Native:epollWait0
testChannel-2                            sun.misc.Unsafe:park
ForkJoinPool.commonPool-worker-25        sun.misc.Unsafe:park
test:43989-accept-0                      io.netty.channel.epoll.Native:epollWait0
test:41764-worker-37                     io.netty.channel.epoll.Native:epollWait0
test:44812-worker-5                      io.netty.channel.epoll.Native:epollWait0
test:33379-worker-9                      io.netty.channel.epoll.Native:epollWait0
test:40677-worker-1                      io.netty.channel.epoll.Native:epollWait0
ForkJoinPool.commonPool-worker-0         sun.misc.Unsafe:park
test:33379-worker-2                      io.netty.channel.epoll.Native:epollWait0
test:44827-accept-0                      io.netty.channel.epoll.Native:epollWait0
ForkJoinPool.commonPool-worker-7         sun.misc.Unsafe:park
test:44812-worker-16                     io.netty.channel.epoll.Native:epollWait0
test:33379-worker-7                      io.netty.channel.epoll.Native:epollWait0
test:35501-accept-0                      io.netty.channel.epoll.Native:epollWait0
test:44812-worker-4                      io.netty.channel.epoll.Native:epollWait0
test:41764-worker-47                     io.netty.channel.epoll.Native:epollWait0
test:41764-worker-28                     io.netty.channel.epoll.Native:epollWait0
LogUnit-Maintenance-0                    sun.misc.Unsafe:park
test:41764-worker-34                     io.netty.channel.epoll.Native:epollWait0
ForkJoinPool.commonPool-worker-9         sun.misc.Unsafe:park
SharedServerThread-2                     sun.misc.Unsafe:park
test:43989-worker-0                      io.netty.channel.epoll.Native:epollWait0
ForkJoinPool.commonPool-worker-4         sun.misc.Unsafe:park
test:33379-worker-4                      io.netty.channel.epoll.Native:epollWait0
test:41764-worker-8                      io.netty.channel.epoll.Native:epollWait0
LogUnit-Write-Processor-0                sun.misc.Unsafe:park
test:44812-worker-2                      io.netty.channel.epoll.Native:epollWait0
Signal Dispatcher                        (no trace available)
ForkJoinPool.commonPool-worker-21        sun.misc.Unsafe:park
test:38267-worker-18                     io.netty.channel.epoll.Native:epollWait0
ForkJoinPool.commonPool-worker-26        sun.misc.Unsafe:park
testChannel-0                            sun.misc.Unsafe:park
test:38267-worker-9                      io.netty.channel.epoll.Native:epollWait0
test:33379-worker-0                      io.netty.channel.epoll.Native:epollWait0
ForkJoinPool.commonPool-worker-14        sun.misc.Unsafe:park
test:41764-worker-46                     io.netty.channel.epoll.Native:epollWait0
ForkJoinPool.commonPool-worker-29        sun.misc.Unsafe:park
ForkJoinPool.commonPool-worker-8         sun.misc.Unsafe:park
test:44812-worker-8                      io.netty.channel.epoll.Native:epollWait0
ForkJoinPool.commonPool-worker-12        sun.misc.Unsafe:park
SharedServerThread-9                     sun.misc.Unsafe:park
test:38267-worker-0                      io.netty.channel.epoll.Native:epollWait0
test:41764-worker-6                      io.netty.channel.epoll.Native:epollWait0
test:37933-accept-0                      io.netty.channel.epoll.Native:epollWait0
test:41764-worker-1                      io.netty.channel.epoll.Native:epollWait0
ForkJoinPool.commonPool-worker-13        sun.misc.Unsafe:park
ForkJoinPool.commonPool-worker-15        sun.misc.Unsafe:park
test:44812-worker-7                      io.netty.channel.epoll.Native:epollWait0
test:41764-worker-41                     io.netty.channel.epoll.Native:epollWait0
test:44812-worker-11                     io.netty.channel.epoll.Native:epollWait0
test:38267-worker-7                      io.netty.channel.epoll.Native:epollWait0
test:41764-worker-9                      io.netty.channel.epoll.Native:epollWait0
test:41764-worker-20                     io.netty.channel.epoll.Native:epollWait0
test:41764-worker-14                     io.netty.channel.epoll.Native:epollWait0
ForkJoinPool.commonPool-worker-1         sun.misc.Unsafe:park
test:41764-worker-35                     io.netty.channel.epoll.Native:epollWait0
test:41764-worker-26                     io.netty.channel.epoll.Native:epollWait0
LogUnit-Write-Processor-0                sun.misc.Unsafe:park
test:33379-worker-5                      io.netty.channel.epoll.Native:epollWait0
test:40677-worker-8                      io.netty.channel.epoll.Native:epollWait0
ForkJoinPool.commonPool-worker-10        sun.misc.Unsafe:park
test:41764-worker-12                     io.netty.channel.epoll.Native:epollWait0
test:44812-worker-18                     io.netty.channel.epoll.Native:epollWait0
test:41764-worker-42                     io.netty.channel.epoll.Native:epollWait0
test:40677-worker-3                      io.netty.channel.epoll.Native:epollWait0
test:41764-worker-39                     io.netty.channel.epoll.Native:epollWait0
test:38267-accept-0                      io.netty.channel.epoll.Native:epollWait0
SharedServerThread-7                     sun.misc.Unsafe:park
ForkJoinPool.commonPool-worker-24        java.lang.Thread:sleep
ForkJoinPool.commonPool-worker-16        sun.misc.Unsafe:park
test:41764-worker-43                     io.netty.channel.epoll.Native:epollWait0
test:44812-worker-0                      io.netty.channel.epoll.Native:epollWait0
test:41764-worker-40                     io.netty.channel.epoll.Native:epollWait0
ForkJoinPool.commonPool-worker-22        sun.misc.Unsafe:park
test:38267-worker-17                     io.netty.channel.epoll.Native:epollWait0
test:38267-worker-11                     io.netty.channel.epoll.Native:epollWait0
test:41764-worker-7                      io.netty.channel.epoll.Native:epollWait0
test:38267-worker-16                     io.netty.channel.epoll.Native:epollWait0
test:36041-worker-0                      io.netty.channel.epoll.Native:epollWait0
ForkJoinPool.commonPool-worker-17        sun.misc.Unsafe:park
failAfter-0                              sun.misc.Unsafe:park
test:41764-worker-29                     io.netty.channel.epoll.Native:epollWait0
test:38267-worker-14                     io.netty.channel.epoll.Native:epollWait0
threadDeathWatcher-2-1                   java.lang.Thread:sleep
SharedServerThread-4                     sun.misc.Unsafe:park
test:40677-worker-6                      io.netty.channel.epoll.Native:epollWait0
test:41764-worker-27                     io.netty.channel.epoll.Native:epollWait0
test:41764-worker-11                     io.netty.channel.epoll.Native:epollWait0
test:37933-worker-0                      io.netty.channel.epoll.Native:epollWait0
test:38267-worker-12                     io.netty.channel.epoll.Native:epollWait0
test:38267-worker-8                      io.netty.channel.epoll.Native:epollWait0
test:44812-worker-14                     io.netty.channel.epoll.Native:epollWait0
SharedServerThread-1                     sun.misc.Unsafe:park
test:44812-worker-19                     io.netty.channel.epoll.Native:epollWait0
test:38267-worker-5                      io.netty.channel.epoll.Native:epollWait0
&amp#27;[36;1mLast 25 Logs Until Failure&amp#27;[m
02:40:04.899 &amp#27;[31mWARN &amp#27;[0;39m [Thread-1430] &amp#27;[36mo.c.i.ManagementAgent&amp#27;[0;39m - Management Server waiting to be bootstrapped
 02:40:04.900 &amp#27;[34mINFO &amp#27;[0;39m [test-main] &amp#27;[36mo.c.i.LayoutServer&amp#27;[0;39m - handleMessageLayoutBootstrap: Bootstrap with new layout=Layout(layoutServers=[test:0, test:1, test:2], sequencers=[test:0], segments=[Layout.LayoutSegment(replicationMode=CHAIN_REPLICATION, start=0, end=-1, stripes=[Layout.LayoutStripe(logServers=[test:0, test:1, test:2])])], unresponsiveServers=[], epoch=1, clusterId=null), CorfuMsg(clientID=null, requestID=0, epoch=0, buf=null, msgType=LAYOUT_BOOTSTRAP)
 02:40:04.900 &amp#27;[34mINFO &amp#27;[0;39m [test-main] &amp#27;[36mo.c.i.ManagementServer&amp#27;[0;39m - Received Bootstrap Layout : Layout(layoutServers=[test:0, test:1, test:2], sequencers=[test:0], segments=[Layout.LayoutSegment(replicationMode=CHAIN_REPLICATION, start=0, end=-1, stripes=[Layout.LayoutStripe(logServers=[test:0, test:1, test:2])])], unresponsiveServers=[], epoch=1, clusterId=null)
 02:40:04.900 &amp#27;[34mINFO &amp#27;[0;39m [test-main] &amp#27;[36mo.c.i.ServerContext&amp#27;[0;39m - saveManagementLayout: Updated to new layout at epoch 1
 02:40:04.901 &amp#27;[34mINFO &amp#27;[0;39m [test-main] &amp#27;[36mo.c.i.LayoutServer&amp#27;[0;39m - handleMessageLayoutBootstrap: Bootstrap with new layout=Layout(layoutServers=[test:0, test:1, test:2], sequencers=[test:0], segments=[Layout.LayoutSegment(replicationMode=CHAIN_REPLICATION, start=0, end=-1, stripes=[Layout.LayoutStripe(logServers=[test:0, test:1, test:2])])], unresponsiveServers=[], epoch=1, clusterId=null), CorfuMsg(clientID=null, requestID=0, epoch=0, buf=null, msgType=LAYOUT_BOOTSTRAP)
 02:40:04.901 &amp#27;[34mINFO &amp#27;[0;39m [test-main] &amp#27;[36mo.c.i.ManagementServer&amp#27;[0;39m - Received Bootstrap Layout : Layout(layoutServers=[test:0, test:1, test:2], sequencers=[test:0], segments=[Layout.LayoutSegment(replicationMode=CHAIN_REPLICATION, start=0, end=-1, stripes=[Layout.LayoutStripe(logServers=[test:0, test:1, test:2])])], unresponsiveServers=[], epoch=1, clusterId=null)
 02:40:04.901 &amp#27;[34mINFO &amp#27;[0;39m [test-main] &amp#27;[36mo.c.i.ServerContext&amp#27;[0;39m - saveManagementLayout: Updated to new layout at epoch 1
 02:40:04.902 &amp#27;[34mINFO &amp#27;[0;39m [test-main] &amp#27;[36mo.c.i.LayoutServer&amp#27;[0;39m - handleMessageLayoutBootstrap: Bootstrap with new layout=Layout(layoutServers=[test:0, test:1, test:2], sequencers=[test:0], segments=[Layout.LayoutSegment(replicationMode=CHAIN_REPLICATION, start=0, end=-1, stripes=[Layout.LayoutStripe(logServers=[test:0, test:1, test:2])])], unresponsiveServers=[], epoch=1, clusterId=null), CorfuMsg(clientID=null, requestID=0, epoch=0, buf=null, msgType=LAYOUT_BOOTSTRAP)
 02:40:04.902 &amp#27;[34mINFO &amp#27;[0;39m [test-main] &amp#27;[36mo.c.i.ManagementServer&amp#27;[0;39m - Received Bootstrap Layout : Layout(layoutServers=[test:0, test:1, test:2], sequencers=[test:0], segments=[Layout.LayoutSegment(replicationMode=CHAIN_REPLICATION, start=0, end=-1, stripes=[Layout.LayoutStripe(logServers=[test:0, test:1, test:2])])], unresponsiveServers=[], epoch=1, clusterId=null)
 02:40:04.902 &amp#27;[34mINFO &amp#27;[0;39m [test-main] &amp#27;[36mo.c.i.ServerContext&amp#27;[0;39m - saveManagementLayout: Updated to new layout at epoch 1
 02:40:04.903 &amp#27;[34mINFO &amp#27;[0;39m [test-main] &amp#27;[36mo.c.i.SequencerServer&amp#27;[0;39m - Sequencer reset with token = 0, streamTailToGlobalTailMap = {}, bootstrapEpoch = 1
 02:40:04.903 &amp#27;[34mINFO &amp#27;[0;39m [test-main] &amp#27;[36mo.c.r.CorfuRuntime&amp#27;[0;39m - Connecting to Corfu server instance, layout servers=[test:0]
 02:40:04.918 &amp#27;[34mINFO &amp#27;[0;39m [test-main] &amp#27;[36mo.c.r.CorfuRuntime&amp#27;[0;39m - connect: client version source(bde3293), server version is source(bde3293)
 02:40:04.918 &amp#27;[34mINFO &amp#27;[0;39m [test-main] &amp#27;[36mo.c.r.CorfuRuntime&amp#27;[0;39m - connect: client version source(bde3293), server version is source(bde3293)
 02:40:04.920 &amp#27;[34mINFO &amp#27;[0;39m [test-main] &amp#27;[36mo.c.r.CorfuRuntime&amp#27;[0;39m - connect: client version source(bde3293), server version is source(bde3293)
 02:40:05.245 &amp#27;[1;31mERROR&amp#27;[0;39m [test-1] &amp#27;[36mo.c.r.v.s.BackpointerStreamView&amp#27;[0;39m - append[158]: failed after 5 retries, write size 256 bytes
 02:40:05.612 &amp#27;[31mWARN &amp#27;[0;39m [ForkJoinPool.commonPool-worker-24] &amp#27;[36mo.c.i.CorfuMsgHandler&amp#27;[0;39m - Server received LAYOUT_REQUEST but is shutdown.
 02:40:05.612 &amp#27;[31mWARN &amp#27;[0;39m [ForkJoinPool.commonPool-worker-24] &amp#27;[36mo.c.r.CorfuRuntime&amp#27;[0;39m - Tried to get layout from test:0 but failed with exception:
 java.util.concurrent.ExecutionException: org.corfudb.runtime.exceptions.ShutdownException
	at java.util.concurrent.CompletableFuture.reportGet(CompletableFuture.java:357)
	at java.util.concurrent.CompletableFuture.get(CompletableFuture.java:1895)
	at org.corfudb.runtime.CorfuRuntime.lambda$fetchLayout$6(CorfuRuntime.java:716)
Caused by: org.corfudb.runtime.exceptions.ShutdownException: null
	at org.corfudb.runtime.clients.BaseHandler.handleShutdownException(BaseHandler.java:155)
	at org.corfudb.runtime.clients.ClientMsgHandler.handle(ClientMsgHandler.java:76)
	at org.corfudb.runtime.clients.IClient.handleMessage(IClient.java:40)
02:40:05.613 &amp#27;[31mWARN &amp#27;[0;39m [ForkJoinPool.commonPool-worker-24] &amp#27;[36mo.c.r.CorfuRuntime&amp#27;[0;39m - Couldn't connect to any up-to-date layout servers, retrying in PT1S
 02:40:05.736 &amp#27;[34mINFO &amp#27;[0;39m [test-main] &amp#27;[36mo.c.i.o.Orchestrator&amp#27;[0;39m - Orchestrator shutting down.
 02:40:05.737 &amp#27;[34mINFO &amp#27;[0;39m [test-main] &amp#27;[36mo.c.i.ManagementAgent&amp#27;[0;39m - Management Agent shutting down.
 02:40:05.737 &amp#27;[34mINFO &amp#27;[0;39m [test-main] &amp#27;[36mo.c.i.o.Orchestrator&amp#27;[0;39m - Orchestrator shutting down.
 02:40:05.738 &amp#27;[34mINFO &amp#27;[0;39m [test-main] &amp#27;[36mo.c.i.ManagementAgent&amp#27;[0;39m - Management Agent shutting down.
 02:40:05.738 &amp#27;[34mINFO &amp#27;[0;39m [test-main] &amp#27;[36mo.c.i.o.Orchestrator&amp#27;[0;39m - Orchestrator shutting down.
 02:40:05.738 &amp#27;[34mINFO &amp#27;[0;39m [test-main] &amp#27;[36mo.c.i.ManagementAgent&amp#27;[0;39m - Management Agent shutting down.
 ]]></system-out>
    <system-err><![CDATA[org.corfudb.runtime.exceptions.AppendException
	at org.corfudb.runtime.view.stream.BackpointerStreamView.append(BackpointerStreamView.java:131)
	at org.corfudb.runtime.object.StreamViewSMRAdapter.append(StreamViewSMRAdapter.java:174)
	at org.corfudb.runtime.object.VersionLockedObject.logUpdate(VersionLockedObject.java:355)
	at org.corfudb.runtime.object.CorfuCompileProxy.logUpdateInner(CorfuCompileProxy.java:244)
	at org.corfudb.runtime.object.CorfuCompileProxy.logUpdate(CorfuCompileProxy.java:221)
	at org.corfudb.runtime.collections.SMRMap$CORFUSMR.put(SMRMap$CORFUSMR.java:202)
	at org.corfudb.runtime.collections.SMRMultiLogunitTest.lambda$multiThreadedManyWritesThenRead$2(SMRMultiLogunitTest.java:223)
	at org.corfudb.AbstractCorfuTest.lambda$scheduleThreaded$7(AbstractCorfuTest.java:883)
	at org.corfudb.AbstractCorfuTest.lambda$scheduleConcurrently$1(AbstractCorfuTest.java:431)
	at java.util.concurrent.FutureTask.run(FutureTask.java:266)
	at java.util.concurrent.ThreadPoolExecutor.runWorker(ThreadPoolExecutor.java:1142)
	at java.util.concurrent.ThreadPoolExecutor$Worker.run(ThreadPoolExecutor.java:617)
	at java.lang.Thread.run(Thread.java:745)
]]></system-err>
  </testcase>
  <testcase name="writeDualRead" classname="org.corfudb.runtime.collections.SMRMultiLogunitTest" time="0.107"/>
  <testcase name="simpleWriteRead" classname="org.corfudb.runtime.collections.SMRMultiLogunitTest" time="0.096"/>
  <testcase name="transactionalManyWritesThenRead" classname="org.corfudb.runtime.collections.SMRMultiLogunitTest" time="0.136"/>
</testsuite>