<?xml version="1.0" encoding="UTF-8"?>
<testsuite xmlns:xsi="http://www.w3.org/2001/XMLSchema-instance" xsi:schemaLocation="https://maven.apache.org/surefire/maven-surefire-plugin/xsd/surefire-test-report.xsd" name="org.corfudb.runtime.collections.SMRMapTest" time="15.05" tests="25" errors="0" skipped="0" failures="0">
  <properties>
    <property name="java.vendor" value="Oracle Corporation"/>
    <property name="sun.java.launcher" value="SUN_STANDARD"/>
    <property name="sun.management.compiler" value="HotSpot 64-Bit Tiered Compilers"/>
    <property name="os.name" value="Linux"/>
    <property name="sun.boot.class.path" value="/usr/lib/jvm/java-8-openjdk-amd64/jre/lib/resources.jar:/usr/lib/jvm/java-8-openjdk-amd64/jre/lib/rt.jar:/usr/lib/jvm/java-8-openjdk-amd64/jre/lib/sunrsasign.jar:/usr/lib/jvm/java-8-openjdk-amd64/jre/lib/jsse.jar:/usr/lib/jvm/java-8-openjdk-amd64/jre/lib/jce.jar:/usr/lib/jvm/java-8-openjdk-amd64/jre/lib/charsets.jar:/usr/lib/jvm/java-8-openjdk-amd64/jre/lib/jfr.jar:/usr/lib/jvm/java-8-openjdk-amd64/jre/classes"/>
    <property name="cobertura.skip" value="true"/>
    <property name="findbugs.skip" value="true"/>
    <property name="java.vm.specification.vendor" value="Oracle Corporation"/>
    <property name="java.runtime.version" value="1.8.0_121-8u121-b13-1~bpo8+1-b13"/>
    <property name="user.name" value="root"/>
    <property name="guice.disable.misplaced.annotation.check" value="true"/>
    <property name="maven.repo.local" value="/root/./workspace/CorfuDB/CorfuDB/383940262/.m2"/>
    <property name="user.language" value="en"/>
    <property name="sun.boot.library.path" value="/usr/lib/jvm/java-8-openjdk-amd64/jre/lib/amd64"/>
    <property name="classworlds.conf" value="/usr/share/maven/bin/m2.conf"/>
    <property name="java.version" value="1.8.0_121"/>
    <property name="user.timezone" value="Europe/Paris"/>
    <property name="rat.skip" value="true"/>
    <property name="sun.arch.data.model" value="64"/>
    <property name="java.endorsed.dirs" value="/usr/lib/jvm/java-8-openjdk-amd64/jre/lib/endorsed"/>
    <property name="sun.cpu.isalist" value=""/>
    <property name="sun.jnu.encoding" value="UTF-8"/>
    <property name="file.encoding.pkg" value="sun.io"/>
    <property name="file.separator" value="/"/>
    <property name="java.specification.name" value="Java Platform API Specification"/>
    <property name="java.class.version" value="52.0"/>
    <property name="checkstyle.skip" value="true"/>
    <property name="securerandom.source" value="file:/dev/./urandom"/>
    <property name="java.home" value="/usr/lib/jvm/java-8-openjdk-amd64/jre"/>
    <property name="java.vm.info" value="mixed mode"/>
    <property name="os.version" value="3.10.0-862.2.3.el7.x86_64"/>
    <property name="org.slf4j.simpleLogger.showThreadName" value="false"/>
    <property name="path.separator" value=":"/>
    <property name="java.vm.version" value="25.121-b13"/>
    <property name="gpg.skip" value="true"/>
    <property name="java.awt.printerjob" value="sun.print.PSPrinterJob"/>
    <property name="sun.io.unicode.encoding" value="UnicodeLittle"/>
    <property name="os.detected.version" value="3.10"/>
    <property name="awt.toolkit" value="sun.awt.X11.XToolkit"/>
    <property name="os.detected.release" value="debian"/>
    <property name="user.home" value="/root"/>
    <property name="java.specification.vendor" value="Oracle Corporation"/>
    <property name="java.library.path" value="/usr/java/packages/lib/amd64:/usr/lib/x86_64-linux-gnu/jni:/lib/x86_64-linux-gnu:/usr/lib/x86_64-linux-gnu:/usr/lib/jni:/lib:/usr/lib"/>
    <property name="java.vendor.url" value="http://java.oracle.com/"/>
    <property name="java.vm.vendor" value="Oracle Corporation"/>
    <property name="os.detected.release.like.debian" value="true"/>
    <property name="dependency-check.skip" value="true"/>
    <property name="maven.home" value="/usr/share/maven"/>
    <property name="java.runtime.name" value="OpenJDK Runtime Environment"/>
    <property name="sun.java.command" value="org.codehaus.plexus.classworlds.launcher.Launcher -B -D enforcer.skip=true -D dependency-check.skip=true -D skipITs=true -D cobertura.skip=true -D maven.repo.local=/root/./workspace/CorfuDB/CorfuDB/383940262/.m2 -D rat.skip=true -D findbugs.skip=true -D skip.bower=true -D gpg.skip=true -D checkstyle.skip=true -D skip.gulp=true -D license.skip=true -D skip.npm=true test"/>
    <property name="java.class.path" value="/usr/share/maven/boot/plexus-classworlds-2.5.2.jar"/>
    <property name="os.detected.arch" value="x86_64"/>
    <property name="java.vm.specification.name" value="Java Virtual Machine Specification"/>
    <property name="java.vm.specification.version" value="1.8"/>
    <property name="sun.cpu.endian" value="little"/>
    <property name="sun.os.patch.level" value="unknown"/>
    <property name="os.detected.classifier" value="linux-x86_64"/>
    <property name="java.io.tmpdir" value="/tmp"/>
    <property name="java.vendor.url.bug" value="http://bugreport.sun.com/bugreport/"/>
    <property name="maven.multiModuleProjectDirectory" value="/root/workspace/CorfuDB/CorfuDB/383940262"/>
    <property name="os.arch" value="amd64"/>
    <property name="java.awt.graphicsenv" value="sun.awt.X11GraphicsEnvironment"/>
    <property name="java.ext.dirs" value="/usr/lib/jvm/java-8-openjdk-amd64/jre/lib/ext:/usr/java/packages/lib/ext"/>
    <property name="os.detected.release.version" value="8"/>
    <property name="user.dir" value="/root/workspace/CorfuDB/CorfuDB/383940262"/>
    <property name="skipITs" value="true"/>
    <property name="line.separator" value="&#10;"/>
    <property name="java.vm.name" value="OpenJDK 64-Bit Server VM"/>
    <property name="enforcer.skip" value="true"/>
    <property name="skip.gulp" value="true"/>
    <property name="os.detected.version.major" value="3"/>
    <property name="skip.npm" value="true"/>
    <property name="skip.bower" value="true"/>
    <property name="file.encoding" value="UTF-8"/>
    <property name="os.detected.name" value="linux"/>
    <property name="license.skip" value="true"/>
    <property name="os.detected.version.minor" value="10"/>
    <property name="org.slf4j.simpleLogger.levelInBrackets" value="true"/>
    <property name="java.specification.version" value="1.8"/>
  </properties>
  <testcase name="smrMapCanContainCustomObjects" classname="org.corfudb.runtime.collections.SMRMapTest" time="3.137"/>
  <testcase name="canUpdateSingleObjectTransacationallyWhenCached" classname="org.corfudb.runtime.collections.SMRMapTest" time="1.03"/>
  <testcase name="concurrentAbortMultiViewInterleaved" classname="org.corfudb.runtime.collections.SMRMapTest" time="0.467"/>
  <testcase name="unusedMutatorAccessor" classname="org.corfudb.runtime.collections.SMRMapTest" time="1.016"/>
  <testcase name="canContainOtherCorfuObjects" classname="org.corfudb.runtime.collections.SMRMapTest" time="0.094"/>
  <testcase name="multipleTXesAreApplied" classname="org.corfudb.runtime.collections.SMRMapTest" time="0.546"/>
  <testcase name="abortedTransactionsCannotBeReadOnSingleObject" classname="org.corfudb.runtime.collections.SMRMapTest" time="0.081"/>
  <testcase name="loadsFollowedByGetsConcurrent" classname="org.corfudb.runtime.collections.SMRMapTest" time="0.31"/>
  <testcase name="multipleTXesAreAppliedWOAccessors" classname="org.corfudb.runtime.collections.SMRMapTest" time="0.152"/>
  <testcase name="collectionsStreamInterface" classname="org.corfudb.runtime.collections.SMRMapTest" time="0.039"/>
  <testcase name="mutatorFollowedByATransaction" classname="org.corfudb.runtime.collections.SMRMapTest" time="1.042"/>
  <testcase name="canGetID" classname="org.corfudb.runtime.collections.SMRMapTest" time="0.018"/>
  <testcase name="readSetDiffFromWriteSet" classname="org.corfudb.runtime.collections.SMRMapTest" time="0.027"/>
  <testcase name="canReadWriteToSinglePrimitive" classname="org.corfudb.runtime.collections.SMRMapTest" time="0.038"/>
  <testcase name="canUpdateSingleObjectTransacationally" classname="org.corfudb.runtime.collections.SMRMapTest" time="1.026"/>
  <testcase name="canContainNullObjects" classname="org.corfudb.runtime.collections.SMRMapTest" time="0.052"/>
  <testcase name="loadsFollowedByGets" classname="org.corfudb.runtime.collections.SMRMapTest" time="1.054"/>
  <testcase name="canWriteScanAndFilterToSingle" classname="org.corfudb.runtime.collections.SMRMapTest" time="1.022"/>
  <testcase name="concurrentAbortMultiViewThreaded" classname="org.corfudb.runtime.collections.SMRMapTest" time="0.337"/>
  <testcase name="bulkReads" classname="org.corfudb.runtime.collections.SMRMapTest" time="0.132"/>
  <testcase name="loadsFollowedByGetsConcurrentMultiView" classname="org.corfudb.runtime.collections.SMRMapTest" time="1.091"/>
  <testcase name="smrMapCanContainCustomObjectsInsideTXes" classname="org.corfudb.runtime.collections.SMRMapTest" time="1.187"/>
  <testcase name="canReadWriteToSingle" classname="org.corfudb.runtime.collections.SMRMapTest" time="0.025"/>
  <testcase name="objectViewCorrectlyReportsInsideTX" classname="org.corfudb.runtime.collections.SMRMapTest" time="0.024"/>
  <testcase name="modificationDuringTransactionCausesAbort" classname="org.corfudb.runtime.collections.SMRMapTest" time="1.021"/>
</testsuite>