<?xml version="1.0" encoding="UTF-8"?>
<testsuite xmlns:xsi="http://www.w3.org/2001/XMLSchema-instance" xsi:schemaLocation="https://maven.apache.org/surefire/maven-surefire-plugin/xsd/surefire-test-report.xsd" name="TestSuite" time="568.052" tests="128" errors="0" skipped="0" failures="3">
  <properties>
    <property name="java.runtime.name" value="OpenJDK Runtime Environment"/>
    <property name="sun.boot.library.path" value="/usr/lib/jvm/java-8-openjdk-amd64/jre/lib/amd64"/>
    <property name="java.vm.version" value="25.121-b13"/>
    <property name="java.vm.vendor" value="Oracle Corporation"/>
    <property name="maven.multiModuleProjectDirectory" value="/root/workspace/wso2/transport-http/386178410"/>
    <property name="java.vendor.url" value="http://java.oracle.com/"/>
    <property name="path.separator" value=":"/>
    <property name="guice.disable.misplaced.annotation.check" value="true"/>
    <property name="skip.gulp" value="true"/>
    <property name="java.vm.name" value="OpenJDK 64-Bit Server VM"/>
    <property name="file.encoding.pkg" value="sun.io"/>
    <property name="sun.java.launcher" value="SUN_STANDARD"/>
    <property name="sun.os.patch.level" value="unknown"/>
    <property name="findbugs.skip" value="true"/>
    <property name="java.vm.specification.name" value="Java Virtual Machine Specification"/>
    <property name="user.dir" value="/root/workspace/wso2/transport-http/386178410"/>
    <property name="checkstyle.skip" value="true"/>
    <property name="java.runtime.version" value="1.8.0_121-8u121-b13-1~bpo8+1-b13"/>
    <property name="java.awt.graphicsenv" value="sun.awt.X11GraphicsEnvironment"/>
    <property name="skip.npm" value="true"/>
    <property name="java.endorsed.dirs" value="/usr/lib/jvm/java-8-openjdk-amd64/jre/lib/endorsed"/>
    <property name="os.arch" value="amd64"/>
    <property name="java.io.tmpdir" value="/tmp"/>
    <property name="gpg.skip" value="true"/>
    <property name="line.separator" value="&#10;"/>
    <property name="java.vm.specification.vendor" value="Oracle Corporation"/>
    <property name="cobertura.skip" value="true"/>
    <property name="os.name" value="Linux"/>
    <property name="classworlds.conf" value="/usr/share/maven/bin/m2.conf"/>
    <property name="sun.jnu.encoding" value="UTF-8"/>
    <property name="java.library.path" value="/usr/java/packages/lib/amd64:/usr/lib/x86_64-linux-gnu/jni:/lib/x86_64-linux-gnu:/usr/lib/x86_64-linux-gnu:/usr/lib/jni:/lib:/usr/lib"/>
    <property name="license.skip" value="true"/>
    <property name="java.specification.name" value="Java Platform API Specification"/>
    <property name="java.class.version" value="52.0"/>
    <property name="sun.management.compiler" value="HotSpot 64-Bit Tiered Compilers"/>
    <property name="skip.bower" value="true"/>
    <property name="maven.repo.local" value="/root/./workspace/wso2/transport-http/386178410/.m2"/>
    <property name="os.version" value="3.10.0-862.2.3.el7.x86_64"/>
    <property name="user.home" value="/root"/>
    <property name="user.timezone" value="Europe/Paris"/>
    <property name="java.awt.printerjob" value="sun.print.PSPrinterJob"/>
    <property name="java.specification.version" value="1.8"/>
    <property name="file.encoding" value="UTF-8"/>
    <property name="user.name" value="root"/>
    <property name="java.class.path" value="/usr/share/maven/boot/plexus-classworlds-2.5.2.jar"/>
    <property name="skipITs" value="true"/>
    <property name="java.vm.specification.version" value="1.8"/>
    <property name="sun.arch.data.model" value="64"/>
    <property name="java.home" value="/usr/lib/jvm/java-8-openjdk-amd64/jre"/>
    <property name="sun.java.command" value="org.codehaus.plexus.classworlds.launcher.Launcher -B -D enforcer.skip=true -D dependency-check.skip=true -D skipITs=true -D cobertura.skip=true -D maven.repo.local=/root/./workspace/wso2/transport-http/386178410/.m2 -D rat.skip=true -D findbugs.skip=true -D skip.bower=true -D gpg.skip=true -D checkstyle.skip=true -D skip.gulp=true -D license.skip=true -D skip.npm=true test"/>
    <property name="java.specification.vendor" value="Oracle Corporation"/>
    <property name="user.language" value="en"/>
    <property name="awt.toolkit" value="sun.awt.X11.XToolkit"/>
    <property name="dependency-check.skip" value="true"/>
    <property name="java.vm.info" value="mixed mode"/>
    <property name="java.version" value="1.8.0_121"/>
    <property name="java.ext.dirs" value="/usr/lib/jvm/java-8-openjdk-amd64/jre/lib/ext:/usr/java/packages/lib/ext"/>
    <property name="securerandom.source" value="file:/dev/./urandom"/>
    <property name="sun.boot.class.path" value="/usr/lib/jvm/java-8-openjdk-amd64/jre/lib/resources.jar:/usr/lib/jvm/java-8-openjdk-amd64/jre/lib/rt.jar:/usr/lib/jvm/java-8-openjdk-amd64/jre/lib/sunrsasign.jar:/usr/lib/jvm/java-8-openjdk-amd64/jre/lib/jsse.jar:/usr/lib/jvm/java-8-openjdk-amd64/jre/lib/jce.jar:/usr/lib/jvm/java-8-openjdk-amd64/jre/lib/charsets.jar:/usr/lib/jvm/java-8-openjdk-amd64/jre/lib/jfr.jar:/usr/lib/jvm/java-8-openjdk-amd64/jre/classes"/>
    <property name="java.vendor" value="Oracle Corporation"/>
    <property name="enforcer.skip" value="true"/>
    <property name="rat.skip" value="true"/>
    <property name="maven.home" value="/usr/share/maven"/>
    <property name="file.separator" value="/"/>
    <property name="osgi.framework.useSystemProperties" value="false"/>
    <property name="java.vendor.url.bug" value="http://bugreport.sun.com/bugreport/"/>
    <property name="sun.cpu.endian" value="little"/>
    <property name="sun.io.unicode.encoding" value="UnicodeLittle"/>
    <property name="sun.cpu.isalist" value=""/>
  </properties>
  <testcase name="passthroughGetTest" classname="org.wso2.transport.http.netty.passthrough.PassThroughHttpTestCase" time="0.881"/>
  <testcase name="passthroughPostTest" classname="org.wso2.transport.http.netty.passthrough.PassThroughHttpTestCase" time="0.026"/>
  <testcase name="testSetDefactoForwardedHeadersWithIPv6" classname="org.wso2.transport.http.netty.unitfunction.ForwardedTestCase" time="0.006"/>
  <testcase name="testSetDefactoForwardedHeadersWithPreviousXForwardHeader" classname="org.wso2.transport.http.netty.unitfunction.ForwardedTestCase" time="0.001"/>
  <testcase name="testSetForwardedHeaderAsFirstInterface" classname="org.wso2.transport.http.netty.unitfunction.ForwardedTestCase" time="0.001"/>
  <testcase name="testSetForwardedHeaderAsFirstInterfaceIPv6" classname="org.wso2.transport.http.netty.unitfunction.ForwardedTestCase" time="0.001"/>
  <testcase name="testSetForwardedHeaderAsFirstInterfaceIPv6WithPort" classname="org.wso2.transport.http.netty.unitfunction.ForwardedTestCase" time="0.001"/>
  <testcase name="testSetForwardedHeaderAsFirstInterfaceWithObfuscatedIdentifier" classname="org.wso2.transport.http.netty.unitfunction.ForwardedTestCase" time="0.001"/>
  <testcase name="testSetForwardedHeaderWithPreviousForwardHeader" classname="org.wso2.transport.http.netty.unitfunction.ForwardedTestCase" time="0.001"/>
  <testcase name="testSetForwardedHeadersWhenForwardAndXHeadersAvailable" classname="org.wso2.transport.http.netty.unitfunction.ForwardedTestCase" time="0.002"/>
  <testcase name="testTransformAndSetForwardedHeaderWithPreviousXForwardForAndForwardedHeader" classname="org.wso2.transport.http.netty.unitfunction.ForwardedTestCase" time="0.001"/>
  <testcase name="testTransformAndSetForwardedHeaderWithXFFAndXFBHeaders" classname="org.wso2.transport.http.netty.unitfunction.ForwardedTestCase" time="0.001"/>
  <testcase name="testTransformAndSetForwardedHeaderWithXHeader" classname="org.wso2.transport.http.netty.unitfunction.ForwardedTestCase" time="0.001"/>
  <testcase name="passthroughTest" classname="org.wso2.transport.http.netty.passthrough.PassThroughHttpsTestCase" time="0.234"/>
  <testcase name="messageEchoingFromProcessorTestCase" classname="org.wso2.transport.http.netty.encoding.ContentEncodingTestCase" time="0.028"/>
  <testcase name="testMessageEchoing" classname="org.wso2.transport.http.netty.contentaware.EchoServerConnectorListenerTestCase" time="0.022"/>
  <testcase name="largeEntityBodyTest" classname="org.wso2.transport.http.netty.urilengthvalidation.Status414And413ResponseTest" time="0.066"/>
  <testcase name="largeHeaderTest" classname="org.wso2.transport.http.netty.urilengthvalidation.Status414And413ResponseTest" time="0.035"/>
  <testcase name="largeUriTest" classname="org.wso2.transport.http.netty.urilengthvalidation.Status414And413ResponseTest" time="0.058"/>
  <testcase name="testRequestResponseCreation" classname="org.wso2.transport.http.netty.contentaware.RequestResponseCreationTestCase" time="0.045"/>
  <testcase name="http1point0DefaultRequest" classname="org.wso2.transport.http.netty.http1point0test.HttpOnePointZeroServerConnectorTestCase" time="0.034"/>
  <testcase name="http1point0KeepAliveRequest" classname="org.wso2.transport.http.netty.http1point0test.HttpOnePointZeroServerConnectorTestCase" time="0.036">
    <failure type="java.lang.AssertionError:">java.lang.AssertionError: 
	at org.wso2.transport.http.netty.http1point0test.HttpOnePointZeroServerConnectorTestCase.http1point0KeepAliveRequest(HttpOnePointZeroServerConnectorTestCase.java:112)
</failure>
    <system-out><![CDATA[15:53:24.228 [main] INFO  o.w.t.h.n.h.HttpOnePointZeroServerConnectorTestCase - Test successful: http1point0DefaultRequest
15:53:24.229 [main] INFO  o.w.t.h.n.h.HttpOnePointZeroServerConnectorTestCase - Test running: http1point0KeepAliveRequest
15:53:24.237 [nioEventLoopGroup-75-2] DEBUG o.w.t.h.n.l.HttpServerChannelInitializer - Initializing source channel pipeline
]]></system-out>
  </testcase>
  <testcase name="testRequestResponseStreaming" classname="org.wso2.transport.http.netty.contentaware.RequestResponseStreamingTestCase" time="0.05"/>
  <testcase name="postTest" classname="org.wso2.transport.http.netty.http1point0test.KeepAliveHttpOnePointZeroClientTestCase" time="0.019"/>
  <testcase name="testRequestResponseTranformation" classname="org.wso2.transport.http.netty.contentaware.RequestResponseTransformTestCase" time="0.047"/>
  <testcase name="postTest" classname="org.wso2.transport.http.netty.http1point0test.ChunkAutoHttpOnePointZeroClientTestCase" time="0.02"/>
  <testcase name="testRequestResponseTransformStreaming" classname="org.wso2.transport.http.netty.contentaware.RequestResponseTransformStreamingTestCase" time="0.083"/>
  <testcase name="postTest" classname="org.wso2.transport.http.netty.http1point0test.ChunkAlwaysHttpOnePointZeroClientTestCase" time="0.026"/>
  <testcase name="testHttpsProxyServer" classname="org.wso2.transport.http.netty.proxyserver.HttpsProxyServerTestCase" time="1.282"/>
  <testcase name="testConnectionReuseForProxy" classname="org.wso2.transport.http.netty.connectionpool.ConnectionPoolProxyTestCase" time="5.04">
    <failure message="expected [0242acfffe110004-00000305-0000005e-7f105579c926221a-c6b74918] but found [0242acfffe110004-00000305-00000058-910899d70926ce81-fe111a7f]" type="java.lang.AssertionError">java.lang.AssertionError: expected [0242acfffe110004-00000305-0000005e-7f105579c926221a-c6b74918] but found [0242acfffe110004-00000305-00000058-910899d70926ce81-fe111a7f]
	at org.wso2.transport.http.netty.connectionpool.ConnectionPoolProxyTestCase.testConnectionReuseForProxy(ConnectionPoolProxyTestCase.java:107)
</failure>
    <system-out><![CDATA[15:54:20.027 [main] INFO  o.w.t.h.n.p.HttpsProxyServerTestCase - Test successful: testHttpsProxyServer
15:54:20.029 [main] INFO  o.w.t.h.n.l.ServerConnectorBootstrap - HttpConnectorListener stopped listening on host 0.0.0.0 and port 9001
15:54:22.232 [nioEventLoopGroup-112-1] DEBUG io.netty.buffer.PoolThreadCache - Freed 12 thread-local buffer(s) from thread: nioEventLoopGroup-112-1
15:54:24.450 [nioEventLoopGroup-113-1] DEBUG o.w.t.h.netty.sender.TargetHandler - SSL close completion event received
15:54:24.450 [nioEventLoopGroup-113-1] DEBUG o.w.t.h.netty.sender.TargetHandler - Channel ade6cf9a got inactive so closing it from TargetHandler
15:54:26.553 [nioEventLoopGroup-113-1] DEBUG io.netty.buffer.PoolThreadCache - Freed 15 thread-local buffer(s) from thread: nioEventLoopGroup-113-1
15:54:26.663 [main] DEBUG o.m.client.netty.NettyHttpClient - Sending to: localhost/127.0.0.1:9002 request: {
  "method" : "PUT",
  "path" : "/stop",
  "headers" : [ {
    "name" : "host",
    "values" : [ "localhost:9002" ]
  } ]
}
15:54:26.696 [main] DEBUG o.m.client.netty.NettyHttpClient - Received response: {
  "statusCode" : 200,
  "headers" : [ {
    "name" : "content-length",
    "values" : [ "0" ]
  } ]
}
15:54:26.697 [nioEventLoopGroup-115-1] DEBUG io.netty.buffer.PoolThreadCache - Freed 2 thread-local buffer(s) from thread: nioEventLoopGroup-115-1
15:54:26.715 [nioEventLoopGroup-110-2] DEBUG io.netty.buffer.PoolThreadCache - Freed 14 thread-local buffer(s) from thread: nioEventLoopGroup-110-2
15:54:26.715 [nioEventLoopGroup-110-1] DEBUG io.netty.buffer.PoolThreadCache - Freed 18 thread-local buffer(s) from thread: nioEventLoopGroup-110-1

Start Running Connection Pool Proxy Test Case ...
15:54:27.014 [Thread-33] INFO  o.w.t.h.netty.util.server.HttpServer - HttpServer started on port 9000
15:54:27.037 [main] DEBUG o.w.t.h.n.l.ServerConnectorBootstrap - Netty Server Socket BACKLOG 100
15:54:27.038 [main] DEBUG o.w.t.h.n.l.ServerConnectorBootstrap - Netty Server Socket TCP_NODELAY true
15:54:27.038 [main] DEBUG o.w.t.h.n.l.ServerConnectorBootstrap - Netty Server Socket CONNECT_TIMEOUT_MILLIS 15000
15:54:27.038 [main] DEBUG o.w.t.h.n.l.ServerConnectorBootstrap - Netty Server Socket SO_RCVBUF 1048576
15:54:27.038 [main] DEBUG o.w.t.h.n.l.ServerConnectorBootstrap - Netty Server Socket SO_SNDBUF 1048576
15:54:27.040 [nioEventLoopGroup-118-1] INFO  o.w.t.h.n.l.ServerConnectorBootstrap$HTTPServerConnector - HTTP(S) Interface starting on host 0.0.0.0 and port 8490
15:54:27.059 [main] INFO  o.w.t.h.n.c.ConnectionPoolProxyTestCase - Test running: testConnectionReuseForProxy
15:54:27.067 [nioEventLoopGroup-119-1] DEBUG o.w.t.h.n.l.HttpServerChannelInitializer - Initializing source channel pipeline
15:54:27.069 [pool-24-thread-1] DEBUG o.w.t.h.n.s.c.BootstrapConfiguration - client.bootstrap.nodelay: true
15:54:27.069 [pool-24-thread-1] DEBUG o.w.t.h.n.s.c.BootstrapConfiguration - client.bootstrap.connect.timeout:15000
15:54:27.069 [pool-24-thread-1] DEBUG o.w.t.h.n.s.c.BootstrapConfiguration - client.bootstrap.recievebuffersize:1048576
15:54:27.069 [pool-24-thread-1] DEBUG o.w.t.h.n.s.c.BootstrapConfiguration - client.bootstrap.sendbuffersize:1048576
15:54:27.069 [pool-24-thread-1] DEBUG o.w.t.h.n.s.c.BootstrapConfiguration - client.bootstrap.socket.timeout:15
15:54:27.069 [pool-24-thread-1] DEBUG o.w.t.h.n.s.c.BootstrapConfiguration - client.bootstrap.keepalive:true
15:54:27.069 [pool-24-thread-1] DEBUG o.w.t.h.n.s.c.BootstrapConfiguration - client.bootstrap.socket.reuse:false
15:54:27.070 [pool-24-thread-1] DEBUG o.w.t.h.n.s.c.pool.ConnectionManager - Creating a pool with org.apache.commons.pool.impl.GenericObjectPool$Config@44276ac9
15:54:27.070 [pool-24-thread-1] DEBUG o.w.t.h.n.s.c.pool.ConnectionManager - Creating a pool with org.apache.commons.pool.impl.GenericObjectPool$Config@4ae08c3d
15:54:27.071 [pool-24-thread-1] DEBUG o.w.t.h.n.s.c.p.PoolableTargetChannelFactory - Created new TCP client bootstrap connecting to localhost:9000 with options: Bootstrap(BootstrapConfig(group: NioEventLoop, channelFactory: NioSocketChannel.class, options: {SO_KEEPALIVE=true, TCP_NODELAY=true, SO_REUSEADDR=false, CONNECT_TIMEOUT_MILLIS=15000}, resolver: io.netty.resolver.DefaultAddressResolverGroup@6c505f85))
15:54:27.071 [pool-24-thread-1] DEBUG o.w.t.h.n.s.c.p.PoolableTargetChannelFactory - Created channel: localhost-9000
15:54:27.071 [pool-24-thread-1] DEBUG o.w.t.h.n.s.c.p.PoolableTargetChannelFactoryPerSrcHndlr - Created channel: org.wso2.transport.http.netty.sender.channel.TargetChannel@4edf01b9
15:54:27.073 [nioEventLoopGroup-119-1] DEBUG o.w.t.h.n.c.HttpClientConnector - Created the connection to address: localhost-9000 Original Channel ID is : 2f3e7f87
15:54:27.074 [nioEventLoopGroup-117-1] DEBUG o.w.t.h.n.u.s.i.HTTPServerInitializer - Server connection established
15:54:27.074 [nioEventLoopGroup-119-1] DEBUG o.w.t.h.n.s.http2.Http2ClientChannel - In flight message added to channel: org.wso2.transport.http.netty.sender.http2.Http2ClientChannel@40b4b476 with stream id: 1  
15:54:28.917 [nioEventLoopGroup-110-3] DEBUG io.netty.buffer.PoolThreadCache - Freed 2 thread-local buffer(s) from thread: nioEventLoopGroup-110-3
15:54:29.564 [nioEventLoopGroup-119-2] DEBUG o.w.t.h.n.l.HttpServerChannelInitializer - Initializing source channel pipeline
15:54:29.566 [pool-24-thread-1] DEBUG o.w.t.h.n.s.c.BootstrapConfiguration - client.bootstrap.nodelay: true
15:54:29.566 [pool-24-thread-1] DEBUG o.w.t.h.n.s.c.BootstrapConfiguration - client.bootstrap.connect.timeout:15000
15:54:29.566 [pool-24-thread-1] DEBUG o.w.t.h.n.s.c.BootstrapConfiguration - client.bootstrap.recievebuffersize:1048576
15:54:29.566 [pool-24-thread-1] DEBUG o.w.t.h.n.s.c.BootstrapConfiguration - client.bootstrap.sendbuffersize:1048576
15:54:29.566 [pool-24-thread-1] DEBUG o.w.t.h.n.s.c.BootstrapConfiguration - client.bootstrap.socket.timeout:15
15:54:29.566 [pool-24-thread-1] DEBUG o.w.t.h.n.s.c.BootstrapConfiguration - client.bootstrap.keepalive:true
15:54:29.566 [pool-24-thread-1] DEBUG o.w.t.h.n.s.c.BootstrapConfiguration - client.bootstrap.socket.reuse:false
15:54:29.566 [pool-24-thread-1] DEBUG o.w.t.h.n.s.c.pool.ConnectionManager - Creating a pool with org.apache.commons.pool.impl.GenericObjectPool$Config@bdd8606
15:54:29.566 [pool-24-thread-1] DEBUG o.w.t.h.n.s.c.pool.ConnectionManager - Creating a pool with org.apache.commons.pool.impl.GenericObjectPool$Config@7453d496
15:54:29.567 [pool-24-thread-1] DEBUG o.w.t.h.n.s.c.p.PoolableTargetChannelFactory - Created new TCP client bootstrap connecting to localhost:9000 with options: Bootstrap(BootstrapConfig(group: NioEventLoop, channelFactory: NioSocketChannel.class, options: {SO_KEEPALIVE=true, TCP_NODELAY=true, SO_REUSEADDR=false, CONNECT_TIMEOUT_MILLIS=15000}, resolver: io.netty.resolver.DefaultAddressResolverGroup@6c505f85))
15:54:29.567 [pool-24-thread-1] DEBUG o.w.t.h.n.s.c.p.PoolableTargetChannelFactory - Created channel: localhost-9000
15:54:29.567 [pool-24-thread-1] DEBUG o.w.t.h.n.s.c.p.PoolableTargetChannelFactoryPerSrcHndlr - Created channel: org.wso2.transport.http.netty.sender.channel.TargetChannel@3a9c2f45
15:54:29.568 [nioEventLoopGroup-119-2] DEBUG o.w.t.h.n.c.HttpClientConnector - Created the connection to address: localhost-9000 Original Channel ID is : afeb8c52
15:54:29.569 [nioEventLoopGroup-119-2] DEBUG o.w.t.h.n.s.http2.Http2ClientChannel - In flight message added to channel: org.wso2.transport.http.netty.sender.http2.Http2ClientChannel@350c2690 with stream id: 1  
15:54:29.569 [nioEventLoopGroup-117-2] DEBUG o.w.t.h.n.u.s.i.HTTPServerInitializer - Server connection established
15:54:32.079 [nioEventLoopGroup-117-1] DEBUG o.w.t.h.n.u.s.i.SendChannelIDServerInitializer - Writing response with data to client-connector
15:54:32.079 [nioEventLoopGroup-119-1] DEBUG o.w.t.h.n.s.http2.Http2ClientChannel - Getting in flight message for stream id: 1 from channel: org.wso2.transport.http.netty.sender.http2.Http2ClientChannel@40b4b476
15:54:32.080 [nioEventLoopGroup-119-1] DEBUG o.w.t.h.n.s.c.pool.ConnectionManager - Returning connection 2f3e7f87 to the pool
15:54:32.082 [nioEventLoopGroup-119-1] DEBUG o.w.t.h.n.s.c.p.PoolableTargetChannelFactoryPerSrcHndlr - Original Channel 2f3e7f87 is returned to the pool. 
15:54:32.086 [nioEventLoopGroup-119-3] DEBUG o.w.t.h.n.l.HttpServerChannelInitializer - Initializing source channel pipeline
15:54:32.088 [pool-24-thread-1] DEBUG o.w.t.h.n.s.c.BootstrapConfiguration - client.bootstrap.nodelay: true
15:54:32.088 [pool-24-thread-1] DEBUG o.w.t.h.n.s.c.BootstrapConfiguration - client.bootstrap.connect.timeout:15000
15:54:32.088 [pool-24-thread-1] DEBUG o.w.t.h.n.s.c.BootstrapConfiguration - client.bootstrap.recievebuffersize:1048576
15:54:32.088 [pool-24-thread-1] DEBUG o.w.t.h.n.s.c.BootstrapConfiguration - client.bootstrap.sendbuffersize:1048576
15:54:32.088 [pool-24-thread-1] DEBUG o.w.t.h.n.s.c.BootstrapConfiguration - client.bootstrap.socket.timeout:15
15:54:32.088 [pool-24-thread-1] DEBUG o.w.t.h.n.s.c.BootstrapConfiguration - client.bootstrap.keepalive:true
15:54:32.088 [pool-24-thread-1] DEBUG o.w.t.h.n.s.c.BootstrapConfiguration - client.bootstrap.socket.reuse:false
15:54:32.088 [pool-24-thread-1] DEBUG o.w.t.h.n.s.c.pool.ConnectionManager - Creating a pool with org.apache.commons.pool.impl.GenericObjectPool$Config@cf82366
15:54:32.088 [pool-24-thread-1] DEBUG o.w.t.h.n.s.c.pool.ConnectionManager - Creating a pool with org.apache.commons.pool.impl.GenericObjectPool$Config@6bf27949
15:54:32.089 [pool-24-thread-1] DEBUG o.w.t.h.n.s.c.p.PoolableTargetChannelFactory - Created new TCP client bootstrap connecting to localhost:9000 with options: Bootstrap(BootstrapConfig(group: NioEventLoop, channelFactory: NioSocketChannel.class, options: {SO_KEEPALIVE=true, TCP_NODELAY=true, SO_REUSEADDR=false, CONNECT_TIMEOUT_MILLIS=15000}, resolver: io.netty.resolver.DefaultAddressResolverGroup@6c505f85))
15:54:32.089 [pool-24-thread-1] DEBUG o.w.t.h.n.s.c.p.PoolableTargetChannelFactory - Created channel: localhost-9000
15:54:32.089 [pool-24-thread-1] DEBUG o.w.t.h.n.s.c.p.PoolableTargetChannelFactoryPerSrcHndlr - Created channel: org.wso2.transport.http.netty.sender.channel.TargetChannel@16ff7c5
15:54:32.090 [nioEventLoopGroup-119-3] DEBUG o.w.t.h.n.c.HttpClientConnector - Created the connection to address: localhost-9000 Original Channel ID is : e56cd077
15:54:32.091 [nioEventLoopGroup-119-3] DEBUG o.w.t.h.n.s.http2.Http2ClientChannel - In flight message added to channel: org.wso2.transport.http.netty.sender.http2.Http2ClientChannel@7ddb107b with stream id: 1  
15:54:32.091 [nioEventLoopGroup-117-3] DEBUG o.w.t.h.n.u.s.i.HTTPServerInitializer - Server connection established
15:54:32.094 [nioEventLoopGroup-117-3] DEBUG o.w.t.h.n.u.s.i.SendChannelIDServerInitializer - Writing response with data to client-connector
15:54:32.094 [nioEventLoopGroup-119-3] DEBUG o.w.t.h.n.s.http2.Http2ClientChannel - Getting in flight message for stream id: 1 from channel: org.wso2.transport.http.netty.sender.http2.Http2ClientChannel@7ddb107b
15:54:32.095 [nioEventLoopGroup-119-3] DEBUG o.w.t.h.n.s.c.pool.ConnectionManager - Returning connection e56cd077 to the pool
15:54:32.098 [nioEventLoopGroup-119-3] DEBUG o.w.t.h.n.s.c.p.PoolableTargetChannelFactoryPerSrcHndlr - Original Channel e56cd077 is returned to the pool. 
]]></system-out>
  </testcase>
  <testcase name="testHttpProxyRequestUrl" classname="org.wso2.transport.http.netty.proxyserver.HttpProxyServerTestCase" time="0"/>
  <testcase name="testHttpProxyServer" classname="org.wso2.transport.http.netty.proxyserver.HttpProxyServerTestCase" time="0.053"/>
  <testcase name="testConnectionEviction" classname="org.wso2.transport.http.netty.connectionpool.ConnectionPoolEvictionTestCase" time="5.015"/>
  <testcase name="absolutePathWithQueryParams" classname="org.wso2.transport.http.netty.redirect.HttpClientRedirectTestCase" time="0.007"/>
  <testcase name="integrationTestForRedirectLoop" classname="org.wso2.transport.http.netty.redirect.HttpClientRedirectTestCase" time="8.886"/>
  <testcase name="integrationTestForRedirectWithHttps" classname="org.wso2.transport.http.netty.redirect.HttpClientRedirectTestCase" time="8.931"/>
  <testcase name="integrationTestForResolvedRequestedURI" classname="org.wso2.transport.http.netty.redirect.HttpClientRedirectTestCase" time="13.294"/>
  <testcase name="integrationTestForSingleRedirect" classname="org.wso2.transport.http.netty.redirect.HttpClientRedirectTestCase" time="8.885"/>
  <testcase name="integrationTestForTimeout" classname="org.wso2.transport.http.netty.redirect.HttpClientRedirectTestCase" time="10.869"/>
  <testcase name="justRelativePathName" classname="org.wso2.transport.http.netty.redirect.HttpClientRedirectTestCase" time="0.001"/>
  <testcase name="originalRequestWithQueryParams" classname="org.wso2.transport.http.netty.redirect.HttpClientRedirectTestCase" time="0.001"/>
  <testcase name="redirectOnButNotARedirect" classname="org.wso2.transport.http.netty.redirect.HttpClientRedirectTestCase" time="4.441"/>
  <testcase name="relativePathEndsWithSlash" classname="org.wso2.transport.http.netty.redirect.HttpClientRedirectTestCase" time="0.001"/>
  <testcase name="relativePathStartsWithSlash" classname="org.wso2.transport.http.netty.redirect.HttpClientRedirectTestCase" time="0.001"/>
  <testcase name="relativePathWithQueryParams" classname="org.wso2.transport.http.netty.redirect.HttpClientRedirectTestCase" time="0.001"/>
  <testcase name="requestPathEndsWithSlash" classname="org.wso2.transport.http.netty.redirect.HttpClientRedirectTestCase" time="0"/>
  <testcase name="unitTestFor303" classname="org.wso2.transport.http.netty.redirect.HttpClientRedirectTestCase" time="0.001"/>
  <testcase name="unitTestForAlwaysGet" classname="org.wso2.transport.http.netty.redirect.HttpClientRedirectTestCase" time="0"/>
  <testcase name="unitTestForOriginalMethod" classname="org.wso2.transport.http.netty.redirect.HttpClientRedirectTestCase" time="0"/>
  <testcase name="unitTestForRedirectHandler" classname="org.wso2.transport.http.netty.redirect.HttpClientRedirectTestCase" time="0.009"/>
  <testcase name="unitTestForRedirectLoop" classname="org.wso2.transport.http.netty.redirect.HttpClientRedirectTestCase" time="0.001"/>
  <testcase name="unitTestForSameDomain" classname="org.wso2.transport.http.netty.redirect.HttpClientRedirectTestCase" time="0"/>
  <testcase name="unitTestToDetermineCrossDomainURLs" classname="org.wso2.transport.http.netty.redirect.HttpClientRedirectTestCase" time="0"/>
  <testcase name="testMaxActiveConnectionsPerPool" classname="org.wso2.transport.http.netty.connectionpool.ConnectionPoolMaxConnTestCase" time="1.077"/>
  <testcase name="testHttpsGet" classname="org.wso2.transport.http.netty.ClientConnectorTimeoutTestCase" time="3.013"/>
  <testcase name="connectionPoolTimeoutProxyTestCase" classname="org.wso2.transport.http.netty.connectionpool.ConnectionPoolTimeoutProxyTestCase" time="5.042"/>
  <testcase name="testHttpsGet" classname="org.wso2.transport.http.netty.ClientConnectorConnectionRefusedTestCase" time="0.004"/>
  <testcase name="testConnectionReuseForMain" classname="org.wso2.transport.http.netty.connectionpool.ConnectionPoolMainTestCase" time="7.51"/>
  <testcase name="testHttpsGet" classname="org.wso2.transport.http.netty.ClientConnectorClosureAfterRequestReadTestCase" time="0.008"/>
  <testcase name="testWaitingForConnectionTimeout" classname="org.wso2.transport.http.netty.connectionpool.ConnectionPoolWaitingTimeoutTestCase" time="5.007"/>
  <testcase name="postTest" classname="org.wso2.transport.http.netty.chunkdisable.ChunkAutoServerTestCase" time="0.019"/>
  <testcase name="testMultipleHeader" classname="org.wso2.transport.http.netty.forwardedextension.ForwardedEnableTestCase" time="0.008"/>
  <testcase name="testSingleHeader" classname="org.wso2.transport.http.netty.forwardedextension.ForwardedEnableTestCase" time="0.007"/>
  <testcase name="postTest" classname="org.wso2.transport.http.netty.chunkdisable.ChunkEnableServerTestCase" time="0.044"/>
  <testcase name="testMultipleHeader" classname="org.wso2.transport.http.netty.forwardedextension.ForwardedTransitionTestCase" time="0.014"/>
  <testcase name="testSingleHeader" classname="org.wso2.transport.http.netty.forwardedextension.ForwardedTransitionTestCase" time="0.008"/>
  <testcase name="postTest" classname="org.wso2.transport.http.netty.chunkdisable.ChunkDisableServerTestCase" time="0.03"/>
  <testcase name="testMultipleHeader" classname="org.wso2.transport.http.netty.forwardedextension.ForwardedDisableTestCase" time="0.01"/>
  <testcase name="testSingleHeader" classname="org.wso2.transport.http.netty.forwardedextension.ForwardedDisableTestCase" time="0.007"/>
  <testcase name="postTest" classname="org.wso2.transport.http.netty.chunkdisable.ChunkAutoClientTestCase" time="0.015"/>
  <testcase name="postTest" classname="org.wso2.transport.http.netty.chunkdisable.ChunkEnableClientTestCase" time="0.013"/>
  <testcase name="postTest" classname="org.wso2.transport.http.netty.chunkdisable.ChunkDisableClientTestCase" time="0.013"/>
  <testcase name="test100Continue" classname="org.wso2.transport.http.netty.headers.Continue100TestCase" time="30.019">
    <failure message="expected [false] but found [true]" type="java.lang.AssertionError">java.lang.AssertionError: expected [false] but found [true]
	at org.wso2.transport.http.netty.headers.Continue100TestCase.test100Continue(Continue100TestCase.java:84)
</failure>
    <system-out><![CDATA[15:58:21.793 [main] INFO  o.w.t.h.n.c.ChunkDisableClientTestCase - Test successful: postTest
15:58:24.001 [nioEventLoopGroup-241-1] DEBUG o.w.t.h.netty.sender.TargetHandler - Channel 09318239 got inactive so closing it from TargetHandler
15:58:26.103 [nioEventLoopGroup-238-1] DEBUG io.netty.buffer.PoolThreadCache - Freed 4 thread-local buffer(s) from thread: nioEventLoopGroup-238-1
15:58:26.212 [main] INFO  o.w.t.h.netty.util.server.HttpServer - HttpServer shutdown

Start Running Continue100 Test Case ...
15:58:26.231 [main] DEBUG o.w.t.h.n.l.ServerConnectorBootstrap - Netty Server Socket BACKLOG 100
15:58:26.232 [main] DEBUG o.w.t.h.n.l.ServerConnectorBootstrap - Netty Server Socket TCP_NODELAY true
15:58:26.232 [main] DEBUG o.w.t.h.n.l.ServerConnectorBootstrap - Netty Server Socket CONNECT_TIMEOUT_MILLIS 15000
15:58:26.232 [main] DEBUG o.w.t.h.n.l.ServerConnectorBootstrap - Netty Server Socket SO_RCVBUF 1048576
15:58:26.232 [main] DEBUG o.w.t.h.n.l.ServerConnectorBootstrap - Netty Server Socket SO_SNDBUF 1048576
15:58:26.234 [nioEventLoopGroup-242-1] INFO  o.w.t.h.n.l.ServerConnectorBootstrap$HTTPServerConnector - HTTP(S) Interface starting on host 0.0.0.0 and port 8490
15:58:26.236 [main] INFO  o.w.t.h.n.h.Continue100TestCase - Test running: test100Continue
15:58:26.247 [nioEventLoopGroup-243-1] DEBUG o.w.t.h.n.l.HttpServerChannelInitializer - Initializing source channel pipeline
15:58:27.102 [Timer-0] DEBUG o.w.t.h.n.s.c.p.PoolableTargetChannelFactory - Validating channel: 0e75375d -> false
15:58:27.102 [Timer-0] DEBUG o.w.t.h.n.s.c.p.PoolableTargetChannelFactory - Destroying channel: 0e75375d
15:58:38.273 [Timer-0] DEBUG o.w.t.h.n.s.c.p.PoolableTargetChannelFactory - Validating channel: 5bd77fc4 -> false
15:58:38.273 [Timer-0] DEBUG o.w.t.h.n.s.c.p.PoolableTargetChannelFactory - Destroying channel: 5bd77fc4
15:58:42.758 [Timer-0] DEBUG o.w.t.h.n.s.c.p.PoolableTargetChannelFactory - Validating channel: 22aa545b -> false
15:58:42.758 [Timer-0] DEBUG o.w.t.h.n.s.c.p.PoolableTargetChannelFactory - Destroying channel: 22aa545b
15:58:47.229 [Timer-0] DEBUG o.w.t.h.n.s.c.p.PoolableTargetChannelFactory - Validating channel: fb76369f -> false
15:58:47.229 [Timer-0] DEBUG o.w.t.h.n.s.c.p.PoolableTargetChannelFactory - Destroying channel: fb76369f
15:58:51.781 [Timer-0] DEBUG o.w.t.h.n.s.c.p.PoolableTargetChannelFactory - Validating channel: 09318239 -> false
15:58:51.781 [Timer-0] DEBUG o.w.t.h.n.s.c.p.PoolableTargetChannelFactory - Destroying channel: 09318239
]]></system-out>
  </testcase>
  <testcase name="testCreateHttpRequest" classname="org.wso2.transport.http.netty.unitfunction.CommonUtilTestCase" time="0.001"/>
  <testcase name="testCreateHttpResponse" classname="org.wso2.transport.http.netty.unitfunction.CommonUtilTestCase" time="0.001"/>
  <testcase name="testCancelHandshake" classname="org.wso2.transport.http.netty.websocket.server.WebSocketServerHandshakeFunctionalityTestCase" time="0.052"/>
  <testcase name="testFailSubProtocolNegotiation" classname="org.wso2.transport.http.netty.websocket.server.WebSocketServerHandshakeFunctionalityTestCase" time="0.031"/>
  <testcase name="testHandshakeWithCustomHeader" classname="org.wso2.transport.http.netty.websocket.server.WebSocketServerHandshakeFunctionalityTestCase" time="0.016"/>
  <testcase name="testHandshakeWithPostMethod" classname="org.wso2.transport.http.netty.websocket.server.WebSocketServerHandshakeFunctionalityTestCase" time="0.008"/>
  <testcase name="testIdleTimeout" classname="org.wso2.transport.http.netty.websocket.server.WebSocketServerHandshakeFunctionalityTestCase" time="4.026"/>
  <testcase name="testReadNextFrame" classname="org.wso2.transport.http.netty.websocket.server.WebSocketServerHandshakeFunctionalityTestCase" time="0.036"/>
  <testcase name="testSuccessfulSubProtocolNegotiation" classname="org.wso2.transport.http.netty.websocket.server.WebSocketServerHandshakeFunctionalityTestCase" time="0.014"/>
  <testcase name="testBinaryReceiveAndEchoBack" classname="org.wso2.transport.http.netty.websocket.server.WebSocketServerFunctionalityTestCase" time="0.017"/>
  <testcase name="testForceFulConnectionClosure" classname="org.wso2.transport.http.netty.websocket.server.WebSocketServerFunctionalityTestCase" time="0.017"/>
  <testcase name="testPingToTestClient" classname="org.wso2.transport.http.netty.websocket.server.WebSocketServerFunctionalityTestCase" time="0.016"/>
  <testcase name="testPong" classname="org.wso2.transport.http.netty.websocket.server.WebSocketServerFunctionalityTestCase" time="0.022"/>
  <testcase name="testSendAndReceiveDifferentStatusCode" classname="org.wso2.transport.http.netty.websocket.server.WebSocketServerFunctionalityTestCase" time="0.023"/>
  <testcase name="testServerInitiatedClosure" classname="org.wso2.transport.http.netty.websocket.server.WebSocketServerFunctionalityTestCase" time="0.027"/>
  <testcase name="testTextReceiveAndEchoBack" classname="org.wso2.transport.http.netty.websocket.server.WebSocketServerFunctionalityTestCase" time="0.018"/>
  <testcase name="testIdleTimeout" classname="org.wso2.transport.http.netty.websocket.client.WebSocketClientHandshakeFunctionalityTestCase" time="3.036"/>
  <testcase name="testReadNextFrame" classname="org.wso2.transport.http.netty.websocket.client.WebSocketClientHandshakeFunctionalityTestCase" time="0.048"/>
  <testcase name="testSendAndReceiveCustomHeaders" classname="org.wso2.transport.http.netty.websocket.client.WebSocketClientHandshakeFunctionalityTestCase" time="0.007"/>
  <testcase name="testSubProtocolNegotiationFail" classname="org.wso2.transport.http.netty.websocket.client.WebSocketClientHandshakeFunctionalityTestCase" time="0.01"/>
  <testcase name="testSubProtocolNegotiationSuccessful" classname="org.wso2.transport.http.netty.websocket.client.WebSocketClientHandshakeFunctionalityTestCase" time="0.006"/>
  <testcase name="testBinarySendAndReceive" classname="org.wso2.transport.http.netty.websocket.client.WebSocketClientFunctionalityTestCase" time="0.051"/>
  <testcase name="testClientInitiatedClosure" classname="org.wso2.transport.http.netty.websocket.client.WebSocketClientFunctionalityTestCase" time="0.01"/>
  <testcase name="testConnectionClosureFromServerSide" classname="org.wso2.transport.http.netty.websocket.client.WebSocketClientFunctionalityTestCase" time="0.053"/>
  <testcase name="testConnectionClosureFromServerSideWithoutCloseFrame" classname="org.wso2.transport.http.netty.websocket.client.WebSocketClientFunctionalityTestCase" time="0.048"/>
  <testcase name="testConnectionTermination" classname="org.wso2.transport.http.netty.websocket.client.WebSocketClientFunctionalityTestCase" time="0.007"/>
  <testcase name="testPing" classname="org.wso2.transport.http.netty.websocket.client.WebSocketClientFunctionalityTestCase" time="0.035"/>
  <testcase name="testPong" classname="org.wso2.transport.http.netty.websocket.client.WebSocketClientFunctionalityTestCase" time="0.007"/>
  <testcase name="testTextSendAndReceive" classname="org.wso2.transport.http.netty.websocket.client.WebSocketClientFunctionalityTestCase" time="0.016"/>
  <testcase name="testBinaryPassThrough" classname="org.wso2.transport.http.netty.websocket.passthrough.WebSocketPassThroughTestCase" time="0.034"/>
  <testcase name="testTextPassThrough" classname="org.wso2.transport.http.netty.websocket.passthrough.WebSocketPassThroughTestCase" time="0.027"/>
  <testcase name="testHttp2Get" classname="org.wso2.transport.http.netty.http2.Http2ClientConnectorBasicTestCase" time="0.102"/>
  <testcase name="testHttp2Post" classname="org.wso2.transport.http.netty.http2.Http2ClientConnectorBasicTestCase" time="0.017"/>
  <testcase name="testHttp2Post" classname="org.wso2.transport.http.netty.http2.Http2ServerConnectorBasicTestCase" time="0.024"/>
  <testcase name="testHttp2ServerPush" classname="org.wso2.transport.http.netty.http2.Http2ServerPushTestCase" time="0.024"/>
  <testcase name="testHttp2ClientTimeout" classname="org.wso2.transport.http.netty.http2.Http2ClientTimeoutTestCase" time="3.014"/>
  <testcase name="testHttp2WithPriorKnowledge" classname="org.wso2.transport.http.netty.http2.Http2WithPriorKnowledgeTestCase" time="0.018"/>
  <testcase name="testHttp2Post" classname="org.wso2.transport.http.netty.http2.TestHttp2WithALPN" time="0.081"/>
  <testcase name="testCRLPathValidation" classname="org.wso2.transport.http.netty.certificatevalidation.RevocationVerificationTest" time="0.222"/>
  <testcase name="testCRLPathValidationWithFakeCerts" classname="org.wso2.transport.http.netty.certificatevalidation.RevocationVerificationTest" time="0.214"/>
  <testcase name="testOCSPPathValidation" classname="org.wso2.transport.http.netty.certificatevalidation.RevocationVerificationTest" time="0.148"/>
  <testcase name="testOCSPPathValidationWithFakeCerts" classname="org.wso2.transport.http.netty.certificatevalidation.RevocationVerificationTest" time="0.126"/>
  <testcase name="testRevokedCertificate" classname="org.wso2.transport.http.netty.certificatevalidation.CRLVerifierTest" time="0.177"/>
  <testcase name="testOCSPVerifier" classname="org.wso2.transport.http.netty.certificatevalidation.OCSPVerifierTest" time="0.144"/>
  <testcase name="testHttpsGet" classname="org.wso2.transport.http.netty.https.HTTPSClientTestCase" time="0.035"/>
  <testcase name="setup" classname="org.wso2.transport.http.netty.https.SSLProtocolsTest" time="0.107"/>
  <testcase name="setup" classname="org.wso2.transport.http.netty.https.SSLProtocolsTest" time="5.024"/>
  <testcase name="testHttpsPost" classname="org.wso2.transport.http.netty.https.MutualSSLTestCase" time="0.041"/>
  <testcase name="setup" classname="org.wso2.transport.http.netty.https.CipherSuitesTest" time="0.069"/>
  <testcase name="setup" classname="org.wso2.transport.http.netty.https.CipherSuitesTest" time="5.021"/>
  <testcase name="testHostNameVerification" classname="org.wso2.transport.http.netty.hostnameverfication.HostnameVerificationTest" time="5.026"/>
  <testcase name="testHostNameVerification" classname="org.wso2.transport.http.netty.hostnameverfication.HostnameVerificationTest" time="0.091"/>
  <testcase name="testPKCS12" classname="org.wso2.transport.http.netty.pkcs.PKCSTest" time="0.055"/>
  <testcase name="testOcspStapling" classname="org.wso2.transport.http.netty.ocspstapling.OCSPStaplingTest" time="0.092"/>
  <testcase name="testRetrievingAIALocations" classname="org.wso2.transport.http.netty.ocspstapling.OCSPStaplingTest" time="0.007"/>
</testsuite>