<?xml version="1.0" encoding="UTF-8"?>
<testsuite xmlns:xsi="http://www.w3.org/2001/XMLSchema-instance" xsi:noNamespaceSchemaLocation="https://maven.apache.org/surefire/maven-surefire-plugin/xsd/surefire-test-report.xsd" name="TestSuite" time="2.065" tests="3" errors="0" skipped="0" failures="0">
  <properties>
    <property name="awt.toolkit" value="sun.awt.X11.XToolkit"/>
    <property name="file.encoding.pkg" value="sun.io"/>
    <property name="java.specification.version" value="1.8"/>
    <property name="sun.cpu.isalist" value=""/>
    <property name="sun.jnu.encoding" value="UTF-8"/>
    <property name="java.class.path" value="/root/workspace/molgenis/molgenis/385680151/molgenis-scripts-core/target/test-classes:/root/workspace/molgenis/molgenis/385680151/molgenis-scripts-core/target/classes:/root/workspace/molgenis/molgenis/385680151/molgenis-data/target/classes:/root/workspace/molgenis/molgenis/385680151/molgenis-util/target/classes:/root/./workspace/molgenis/molgenis/385680151/.m2/org/springframework/spring-context-support/5.0.6.RELEASE/spring-context-support-5.0.6.RELEASE.jar:/root/./workspace/molgenis/molgenis/385680151/.m2/org/springframework/spring-context/5.0.6.RELEASE/spring-context-5.0.6.RELEASE.jar:/root/./workspace/molgenis/molgenis/385680151/.m2/com/sun/mail/javax.mail/1.6.1/javax.mail-1.6.1.jar:/root/./workspace/molgenis/molgenis/385680151/.m2/javax/activation/activation/1.1.1/activation-1.1.1.jar:/root/./workspace/molgenis/molgenis/385680151/.m2/org/mapdb/mapdb/1.0.6/mapdb-1.0.6.jar:/root/workspace/molgenis/molgenis/385680151/molgenis-i18n/target/classes:/root/workspace/molgenis/molgenis/385680151/molgenis-security-core/target/classes:/root/./workspace/molgenis/molgenis/385680151/.m2/org/springframework/security/spring-security-core/5.0.5.RELEASE/spring-security-core-5.0.5.RELEASE.jar:/root/./workspace/molgenis/molgenis/385680151/.m2/org/springframework/spring-aop/5.0.6.RELEASE/spring-aop-5.0.6.RELEASE.jar:/root/./workspace/molgenis/molgenis/385680151/.m2/org/springframework/spring-expression/5.0.6.RELEASE/spring-expression-5.0.6.RELEASE.jar:/root/./workspace/molgenis/molgenis/385680151/.m2/org/springframework/security/spring-security-acl/5.0.5.RELEASE/spring-security-acl-5.0.5.RELEASE.jar:/root/./workspace/molgenis/molgenis/385680151/.m2/org/springframework/spring-jdbc/5.0.6.RELEASE/spring-jdbc-5.0.6.RELEASE.jar:/root/./workspace/molgenis/molgenis/385680151/.m2/org/springframework/spring-aspects/5.0.6.RELEASE/spring-aspects-5.0.6.RELEASE.jar:/root/./workspace/molgenis/molgenis/385680151/.m2/org/aspectj/aspectjweaver/1.8.13/aspectjweaver-1.8.13.jar:/root/./workspace/molgenis/molgenis/385680151/.m2/com/google/auto/value/auto-value/1.4.1/auto-value-1.4.1.jar:/root/./workspace/molgenis/molgenis/385680151/.m2/org/springframework/spring-tx/5.0.6.RELEASE/spring-tx-5.0.6.RELEASE.jar:/root/./workspace/molgenis/molgenis/385680151/.m2/org/springframework/spring-beans/5.0.6.RELEASE/spring-beans-5.0.6.RELEASE.jar:/root/./workspace/molgenis/molgenis/385680151/.m2/org/springframework/spring-core/5.0.6.RELEASE/spring-core-5.0.6.RELEASE.jar:/root/./workspace/molgenis/molgenis/385680151/.m2/org/springframework/spring-jcl/5.0.6.RELEASE/spring-jcl-5.0.6.RELEASE.jar:/root/./workspace/molgenis/molgenis/385680151/.m2/org/apache/commons/commons-lang3/3.7/commons-lang3-3.7.jar:/root/./workspace/molgenis/molgenis/385680151/.m2/com/google/code/gson/gson/2.8.4/gson-2.8.4.jar:/root/./workspace/molgenis/molgenis/385680151/.m2/com/eaio/uuid/uuid/3.2/uuid-3.2.jar:/root/./workspace/molgenis/molgenis/385680151/.m2/com/mchange/c3p0/0.9.5.2/c3p0-0.9.5.2.jar:/root/./workspace/molgenis/molgenis/385680151/.m2/com/mchange/mchange-commons-java/0.2.11/mchange-commons-java-0.2.11.jar:/root/./workspace/molgenis/molgenis/385680151/.m2/com/google/code/findbugs/jsr305/3.0.2/jsr305-3.0.2.jar:/root/./workspace/molgenis/molgenis/385680151/.m2/org/freemarker/freemarker/2.3.28/freemarker-2.3.28.jar:/root/./workspace/molgenis/molgenis/385680151/.m2/org/testng/testng/6.8/testng-6.8.jar:/root/./workspace/molgenis/molgenis/385680151/.m2/junit/junit/4.12/junit-4.12.jar:/root/./workspace/molgenis/molgenis/385680151/.m2/org/hamcrest/hamcrest-core/1.3/hamcrest-core-1.3.jar:/root/./workspace/molgenis/molgenis/385680151/.m2/org/beanshell/bsh/2.0b5/bsh-2.0b5.jar:/root/./workspace/molgenis/molgenis/385680151/.m2/com/beust/jcommander/1.27/jcommander-1.27.jar:/root/./workspace/molgenis/molgenis/385680151/.m2/org/yaml/snakeyaml/1.19/snakeyaml-1.19.jar:/root/./workspace/molgenis/molgenis/385680151/.m2/org/mockito/mockito-core/2.7.22/mockito-core-2.7.22.jar:/root/./workspace/molgenis/molgenis/385680151/.m2/net/bytebuddy/byte-buddy/1.7.11/byte-buddy-1.7.11.jar:/root/./workspace/molgenis/molgenis/385680151/.m2/net/bytebuddy/byte-buddy-agent/1.7.11/byte-buddy-agent-1.7.11.jar:/root/./workspace/molgenis/molgenis/385680151/.m2/org/objenesis/objenesis/2.6/objenesis-2.6.jar:/root/workspace/molgenis/molgenis/385680151/molgenis-data/target/test-classes:/root/./workspace/molgenis/molgenis/385680151/.m2/org/springframework/boot/spring-boot-starter-logging/2.0.2.RELEASE/spring-boot-starter-logging-2.0.2.RELEASE.jar:/root/./workspace/molgenis/molgenis/385680151/.m2/ch/qos/logback/logback-classic/1.2.3/logback-classic-1.2.3.jar:/root/./workspace/molgenis/molgenis/385680151/.m2/ch/qos/logback/logback-core/1.2.3/logback-core-1.2.3.jar:/root/./workspace/molgenis/molgenis/385680151/.m2/org/apache/logging/log4j/log4j-to-slf4j/2.10.0/log4j-to-slf4j-2.10.0.jar:/root/./workspace/molgenis/molgenis/385680151/.m2/org/apache/logging/log4j/log4j-api/2.10.0/log4j-api-2.10.0.jar:/root/./workspace/molgenis/molgenis/385680151/.m2/org/slf4j/jul-to-slf4j/1.7.25/jul-to-slf4j-1.7.25.jar:/root/./workspace/molgenis/molgenis/385680151/.m2/org/slf4j/log4j-over-slf4j/1.7.25/log4j-over-slf4j-1.7.25.jar:/root/./workspace/molgenis/molgenis/385680151/.m2/org/slf4j/slf4j-api/1.7.25/slf4j-api-1.7.25.jar:/root/./workspace/molgenis/molgenis/385680151/.m2/com/google/guava/guava/25.0-jre/guava-25.0-jre.jar:/root/./workspace/molgenis/molgenis/385680151/.m2/org/apache/maven/surefire/surefire-testng-utils/2.21.0/surefire-testng-utils-2.21.0.jar:/root/./workspace/molgenis/molgenis/385680151/.m2/org/apache/maven/surefire/surefire-grouper/2.21.0/surefire-grouper-2.21.0.jar:"/>
    <property name="java.vm.vendor" value="Oracle Corporation"/>
    <property name="skip.bower" value="true"/>
    <property name="sun.arch.data.model" value="64"/>
    <property name="java.vendor.url" value="http://java.oracle.com/"/>
    <property name="user.timezone" value=""/>
    <property name="java.vm.specification.version" value="1.8"/>
    <property name="os.name" value="Linux"/>
    <property name="rat.skip" value="true"/>
    <property name="gpg.skip" value="true"/>
    <property name="sun.java.launcher" value="SUN_STANDARD"/>
    <property name="sun.boot.library.path" value="/usr/lib/jvm/java-8-openjdk-amd64/jre/lib/amd64"/>
    <property name="skip.gulp" value="true"/>
    <property name="sun.java.command" value="/root/workspace/molgenis/molgenis/385680151/molgenis-scripts-core/target/surefire/surefirebooter3534017866797488499.jar /root/workspace/molgenis/molgenis/385680151/molgenis-scripts-core/target/surefire 2018-05-30T15-29-36_147-jvmRun1 surefire2297722722262452713tmp surefire_8598122090306402730tmp"/>
    <property name="dependency-check.skip" value="true"/>
    <property name="surefire.test.class.path" value="/root/workspace/molgenis/molgenis/385680151/molgenis-scripts-core/target/test-classes:/root/workspace/molgenis/molgenis/385680151/molgenis-scripts-core/target/classes:/root/workspace/molgenis/molgenis/385680151/molgenis-data/target/classes:/root/workspace/molgenis/molgenis/385680151/molgenis-util/target/classes:/root/./workspace/molgenis/molgenis/385680151/.m2/org/springframework/spring-context-support/5.0.6.RELEASE/spring-context-support-5.0.6.RELEASE.jar:/root/./workspace/molgenis/molgenis/385680151/.m2/org/springframework/spring-context/5.0.6.RELEASE/spring-context-5.0.6.RELEASE.jar:/root/./workspace/molgenis/molgenis/385680151/.m2/com/sun/mail/javax.mail/1.6.1/javax.mail-1.6.1.jar:/root/./workspace/molgenis/molgenis/385680151/.m2/javax/activation/activation/1.1.1/activation-1.1.1.jar:/root/./workspace/molgenis/molgenis/385680151/.m2/org/mapdb/mapdb/1.0.6/mapdb-1.0.6.jar:/root/workspace/molgenis/molgenis/385680151/molgenis-i18n/target/classes:/root/workspace/molgenis/molgenis/385680151/molgenis-security-core/target/classes:/root/./workspace/molgenis/molgenis/385680151/.m2/org/springframework/security/spring-security-core/5.0.5.RELEASE/spring-security-core-5.0.5.RELEASE.jar:/root/./workspace/molgenis/molgenis/385680151/.m2/org/springframework/spring-aop/5.0.6.RELEASE/spring-aop-5.0.6.RELEASE.jar:/root/./workspace/molgenis/molgenis/385680151/.m2/org/springframework/spring-expression/5.0.6.RELEASE/spring-expression-5.0.6.RELEASE.jar:/root/./workspace/molgenis/molgenis/385680151/.m2/org/springframework/security/spring-security-acl/5.0.5.RELEASE/spring-security-acl-5.0.5.RELEASE.jar:/root/./workspace/molgenis/molgenis/385680151/.m2/org/springframework/spring-jdbc/5.0.6.RELEASE/spring-jdbc-5.0.6.RELEASE.jar:/root/./workspace/molgenis/molgenis/385680151/.m2/org/springframework/spring-aspects/5.0.6.RELEASE/spring-aspects-5.0.6.RELEASE.jar:/root/./workspace/molgenis/molgenis/385680151/.m2/org/aspectj/aspectjweaver/1.8.13/aspectjweaver-1.8.13.jar:/root/./workspace/molgenis/molgenis/385680151/.m2/com/google/auto/value/auto-value/1.4.1/auto-value-1.4.1.jar:/root/./workspace/molgenis/molgenis/385680151/.m2/org/springframework/spring-tx/5.0.6.RELEASE/spring-tx-5.0.6.RELEASE.jar:/root/./workspace/molgenis/molgenis/385680151/.m2/org/springframework/spring-beans/5.0.6.RELEASE/spring-beans-5.0.6.RELEASE.jar:/root/./workspace/molgenis/molgenis/385680151/.m2/org/springframework/spring-core/5.0.6.RELEASE/spring-core-5.0.6.RELEASE.jar:/root/./workspace/molgenis/molgenis/385680151/.m2/org/springframework/spring-jcl/5.0.6.RELEASE/spring-jcl-5.0.6.RELEASE.jar:/root/./workspace/molgenis/molgenis/385680151/.m2/org/apache/commons/commons-lang3/3.7/commons-lang3-3.7.jar:/root/./workspace/molgenis/molgenis/385680151/.m2/com/google/code/gson/gson/2.8.4/gson-2.8.4.jar:/root/./workspace/molgenis/molgenis/385680151/.m2/com/eaio/uuid/uuid/3.2/uuid-3.2.jar:/root/./workspace/molgenis/molgenis/385680151/.m2/com/mchange/c3p0/0.9.5.2/c3p0-0.9.5.2.jar:/root/./workspace/molgenis/molgenis/385680151/.m2/com/mchange/mchange-commons-java/0.2.11/mchange-commons-java-0.2.11.jar:/root/./workspace/molgenis/molgenis/385680151/.m2/com/google/code/findbugs/jsr305/3.0.2/jsr305-3.0.2.jar:/root/./workspace/molgenis/molgenis/385680151/.m2/org/freemarker/freemarker/2.3.28/freemarker-2.3.28.jar:/root/./workspace/molgenis/molgenis/385680151/.m2/org/testng/testng/6.8/testng-6.8.jar:/root/./workspace/molgenis/molgenis/385680151/.m2/junit/junit/4.12/junit-4.12.jar:/root/./workspace/molgenis/molgenis/385680151/.m2/org/hamcrest/hamcrest-core/1.3/hamcrest-core-1.3.jar:/root/./workspace/molgenis/molgenis/385680151/.m2/org/beanshell/bsh/2.0b5/bsh-2.0b5.jar:/root/./workspace/molgenis/molgenis/385680151/.m2/com/beust/jcommander/1.27/jcommander-1.27.jar:/root/./workspace/molgenis/molgenis/385680151/.m2/org/yaml/snakeyaml/1.19/snakeyaml-1.19.jar:/root/./workspace/molgenis/molgenis/385680151/.m2/org/mockito/mockito-core/2.7.22/mockito-core-2.7.22.jar:/root/./workspace/molgenis/molgenis/385680151/.m2/net/bytebuddy/byte-buddy/1.7.11/byte-buddy-1.7.11.jar:/root/./workspace/molgenis/molgenis/385680151/.m2/net/bytebuddy/byte-buddy-agent/1.7.11/byte-buddy-agent-1.7.11.jar:/root/./workspace/molgenis/molgenis/385680151/.m2/org/objenesis/objenesis/2.6/objenesis-2.6.jar:/root/workspace/molgenis/molgenis/385680151/molgenis-data/target/test-classes:/root/./workspace/molgenis/molgenis/385680151/.m2/org/springframework/boot/spring-boot-starter-logging/2.0.2.RELEASE/spring-boot-starter-logging-2.0.2.RELEASE.jar:/root/./workspace/molgenis/molgenis/385680151/.m2/ch/qos/logback/logback-classic/1.2.3/logback-classic-1.2.3.jar:/root/./workspace/molgenis/molgenis/385680151/.m2/ch/qos/logback/logback-core/1.2.3/logback-core-1.2.3.jar:/root/./workspace/molgenis/molgenis/385680151/.m2/org/apache/logging/log4j/log4j-to-slf4j/2.10.0/log4j-to-slf4j-2.10.0.jar:/root/./workspace/molgenis/molgenis/385680151/.m2/org/apache/logging/log4j/log4j-api/2.10.0/log4j-api-2.10.0.jar:/root/./workspace/molgenis/molgenis/385680151/.m2/org/slf4j/jul-to-slf4j/1.7.25/jul-to-slf4j-1.7.25.jar:/root/./workspace/molgenis/molgenis/385680151/.m2/org/slf4j/log4j-over-slf4j/1.7.25/log4j-over-slf4j-1.7.25.jar:/root/./workspace/molgenis/molgenis/385680151/.m2/org/slf4j/slf4j-api/1.7.25/slf4j-api-1.7.25.jar:/root/./workspace/molgenis/molgenis/385680151/.m2/com/google/guava/guava/25.0-jre/guava-25.0-jre.jar:/root/./workspace/molgenis/molgenis/385680151/.m2/org/apache/maven/surefire/surefire-testng-utils/2.21.0/surefire-testng-utils-2.21.0.jar:/root/./workspace/molgenis/molgenis/385680151/.m2/org/apache/maven/surefire/surefire-grouper/2.21.0/surefire-grouper-2.21.0.jar:"/>
    <property name="sun.cpu.endian" value="little"/>
    <property name="user.home" value="/root"/>
    <property name="user.language" value="en"/>
    <property name="java.specification.vendor" value="Oracle Corporation"/>
    <property name="java.home" value="/usr/lib/jvm/java-8-openjdk-amd64/jre"/>
    <property name="basedir" value="/root/workspace/molgenis/molgenis/385680151/molgenis-scripts-core"/>
    <property name="file.separator" value="/"/>
    <property name="checkstyle.skip" value="true"/>
    <property name="line.separator" value="&#10;"/>
    <property name="skip.npm" value="true"/>
    <property name="java.vm.specification.vendor" value="Oracle Corporation"/>
    <property name="java.specification.name" value="Java Platform API Specification"/>
    <property name="java.awt.graphicsenv" value="sun.awt.X11GraphicsEnvironment"/>
    <property name="skipITs" value="true"/>
    <property name="surefire.real.class.path" value="/root/workspace/molgenis/molgenis/385680151/molgenis-scripts-core/target/surefire/surefirebooter3534017866797488499.jar:/root/./workspace/molgenis/molgenis/385680151/.m2/org/jacoco/org.jacoco.agent/0.8.1/org.jacoco.agent-0.8.1-runtime.jar"/>
    <property name="cobertura.skip" value="true"/>
    <property name="sun.boot.class.path" value="/usr/lib/jvm/java-8-openjdk-amd64/jre/lib/resources.jar:/usr/lib/jvm/java-8-openjdk-amd64/jre/lib/rt.jar:/usr/lib/jvm/java-8-openjdk-amd64/jre/lib/sunrsasign.jar:/usr/lib/jvm/java-8-openjdk-amd64/jre/lib/jsse.jar:/usr/lib/jvm/java-8-openjdk-amd64/jre/lib/jce.jar:/usr/lib/jvm/java-8-openjdk-amd64/jre/lib/charsets.jar:/usr/lib/jvm/java-8-openjdk-amd64/jre/lib/jfr.jar:/usr/lib/jvm/java-8-openjdk-amd64/jre/classes"/>
    <property name="sun.management.compiler" value="HotSpot 64-Bit Tiered Compilers"/>
    <property name="java.runtime.version" value="1.8.0_121-8u121-b13-1~bpo8+1-b13"/>
    <property name="user.name" value="root"/>
    <property name="findbugs.skip" value="true"/>
    <property name="path.separator" value=":"/>
    <property name="os.version" value="3.10.0-862.2.3.el7.x86_64"/>
    <property name="java.endorsed.dirs" value="/usr/lib/jvm/java-8-openjdk-amd64/jre/lib/endorsed"/>
    <property name="java.runtime.name" value="OpenJDK Runtime Environment"/>
    <property name="file.encoding" value="UTF-8"/>
    <property name="java.vm.name" value="OpenJDK 64-Bit Server VM"/>
    <property name="localRepository" value="/root/./workspace/molgenis/molgenis/385680151/.m2"/>
    <property name="java.vendor.url.bug" value="http://bugreport.sun.com/bugreport/"/>
    <property name="java.io.tmpdir" value="/tmp"/>
    <property name="java.version" value="1.8.0_121"/>
    <property name="user.dir" value="/root/workspace/molgenis/molgenis/385680151/molgenis-scripts-core"/>
    <property name="os.arch" value="amd64"/>
    <property name="license.skip" value="true"/>
    <property name="java.vm.specification.name" value="Java Virtual Machine Specification"/>
    <property name="java.awt.printerjob" value="sun.print.PSPrinterJob"/>
    <property name="sun.os.patch.level" value="unknown"/>
    <property name="java.library.path" value="/usr/java/packages/lib/amd64:/usr/lib/x86_64-linux-gnu/jni:/lib/x86_64-linux-gnu:/usr/lib/x86_64-linux-gnu:/usr/lib/jni:/lib:/usr/lib"/>
    <property name="java.vm.info" value="mixed mode"/>
    <property name="java.vendor" value="Oracle Corporation"/>
    <property name="java.vm.version" value="25.121-b13"/>
    <property name="java.ext.dirs" value="/usr/lib/jvm/java-8-openjdk-amd64/jre/lib/ext:/usr/java/packages/lib/ext"/>
    <property name="sun.io.unicode.encoding" value="UnicodeLittle"/>
    <property name="maven.repo.local" value="/root/./workspace/molgenis/molgenis/385680151/.m2"/>
    <property name="enforcer.skip" value="true"/>
    <property name="java.class.version" value="52.0"/>
  </properties>
  <testcase name="testGenerateScript" classname="org.molgenis.script.core.ScriptUtilsTest" time="1.393"/>
  <testcase name="populate" classname="org.molgenis.script.core.ScriptTypePopulatorTest" time="0.115"/>
  <testcase name="populateNoChanges" classname="org.molgenis.script.core.ScriptTypePopulatorTest" time="0.003"/>
</testsuite>