<?xml version="1.0" encoding="UTF-8"?>
<testsuite xmlns:xsi="http://www.w3.org/2001/XMLSchema-instance" xsi:noNamespaceSchemaLocation="https://maven.apache.org/surefire/maven-surefire-plugin/xsd/surefire-test-report.xsd" name="com.pro_crafting.tools.recordjarconverter.service.decoder.DecoderContextTest" time="0.247" tests="4" errors="0" skipped="0" failures="0">
  <properties>
    <property name="awt.toolkit" value="sun.awt.X11.XToolkit"/>
    <property name="file.encoding.pkg" value="sun.io"/>
    <property name="java.specification.version" value="1.8"/>
    <property name="sun.cpu.isalist" value=""/>
    <property name="sun.jnu.encoding" value="UTF-8"/>
    <property name="java.class.path" value="/root/workspace/pro-crafting/record-jar-converter/404201477/record-jar-converter-service/target/test-classes:/root/workspace/pro-crafting/record-jar-converter/404201477/record-jar-converter-service/target/classes:/root/./workspace/pro-crafting/record-jar-converter/404201477/.m2/javax/javaee-api/7.0/javaee-api-7.0.jar:/root/./workspace/pro-crafting/record-jar-converter/404201477/.m2/com/sun/mail/javax.mail/1.5.0/javax.mail-1.5.0.jar:/root/./workspace/pro-crafting/record-jar-converter/404201477/.m2/javax/activation/activation/1.1/activation-1.1.jar:/root/./workspace/pro-crafting/record-jar-converter/404201477/.m2/org/wildfly/swarm/cdi/2018.5.0/cdi-2018.5.0.jar:/root/./workspace/pro-crafting/record-jar-converter/404201477/.m2/org/wildfly/swarm/container/2018.5.0/container-2018.5.0.jar:/root/./workspace/pro-crafting/record-jar-converter/404201477/.m2/org/wildfly/swarm/spi/2018.5.0/spi-2018.5.0.jar:/root/./workspace/pro-crafting/record-jar-converter/404201477/.m2/org/jboss/shrinkwrap/shrinkwrap-api/1.2.6/shrinkwrap-api-1.2.6.jar:/root/./workspace/pro-crafting/record-jar-converter/404201477/.m2/org/jboss/shrinkwrap/shrinkwrap-impl-base/1.2.6/shrinkwrap-impl-base-1.2.6.jar:/root/./workspace/pro-crafting/record-jar-converter/404201477/.m2/org/jboss/shrinkwrap/shrinkwrap-spi/1.2.6/shrinkwrap-spi-1.2.6.jar:/root/./workspace/pro-crafting/record-jar-converter/404201477/.m2/org/jboss/shrinkwrap/descriptors/shrinkwrap-descriptors-api-jboss/2.0.0/shrinkwrap-descriptors-api-jboss-2.0.0.jar:/root/./workspace/pro-crafting/record-jar-converter/404201477/.m2/org/jboss/shrinkwrap/descriptors/shrinkwrap-descriptors-impl-jboss/2.0.0/shrinkwrap-descriptors-impl-jboss-2.0.0.jar:/root/./workspace/pro-crafting/record-jar-converter/404201477/.m2/org/jboss/jandex/2.0.3.Final/jandex-2.0.3.Final.jar:/root/./workspace/pro-crafting/record-jar-converter/404201477/.m2/org/wildfly/swarm/bootstrap/2018.5.0/bootstrap-2018.5.0.jar:/root/./workspace/pro-crafting/record-jar-converter/404201477/.m2/org/jboss/modules/jboss-modules/1.6.1.Final/jboss-modules-1.6.1.Final.jar:/root/./workspace/pro-crafting/record-jar-converter/404201477/.m2/org/yaml/snakeyaml/1.17/snakeyaml-1.17.jar:/root/./workspace/pro-crafting/record-jar-converter/404201477/.m2/org/wildfly/swarm/config-api/1.3.1/config-api-1.3.1.jar:/root/./workspace/pro-crafting/record-jar-converter/404201477/.m2/org/wildfly/swarm/config-api-runtime/1.3.1/config-api-runtime-1.3.1.jar:/root/./workspace/pro-crafting/record-jar-converter/404201477/.m2/org/ow2/asm/asm/6.0/asm-6.0.jar:/root/./workspace/pro-crafting/record-jar-converter/404201477/.m2/org/jboss/logging/jboss-logging/3.3.1.Final/jboss-logging-3.3.1.Final.jar:/root/./workspace/pro-crafting/record-jar-converter/404201477/.m2/org/wildfly/swarm/logging/2018.5.0/logging-2018.5.0.jar:/root/./workspace/pro-crafting/record-jar-converter/404201477/.m2/org/wildfly/swarm/cdi-config/2018.5.0/cdi-config-2018.5.0.jar:/root/./workspace/pro-crafting/record-jar-converter/404201477/.m2/org/wildfly/swarm/bean-validation/2018.5.0/bean-validation-2018.5.0.jar:/root/./workspace/pro-crafting/record-jar-converter/404201477/.m2/javax/validation/validation-api/1.1.0.Final/validation-api-1.1.0.Final.jar:/root/./workspace/pro-crafting/record-jar-converter/404201477/.m2/org/wildfly/swarm/ee/2018.5.0/ee-2018.5.0.jar:/root/./workspace/pro-crafting/record-jar-converter/404201477/.m2/org/wildfly/swarm/naming/2018.5.0/naming-2018.5.0.jar:/root/./workspace/pro-crafting/record-jar-converter/404201477/.m2/org/jboss/spec/javax/enterprise/concurrent/jboss-concurrency-api_1.0_spec/1.0.0.Final/jboss-concurrency-api_1.0_spec-1.0.0.Final.jar:/root/./workspace/pro-crafting/record-jar-converter/404201477/.m2/org/jboss/spec/javax/interceptor/jboss-interceptors-api_1.2_spec/1.0.0.Final/jboss-interceptors-api_1.2_spec-1.0.0.Final.jar:/root/./workspace/pro-crafting/record-jar-converter/404201477/.m2/org/jboss/spec/javax/el/jboss-el-api_3.0_spec/1.0.9.Final/jboss-el-api_3.0_spec-1.0.9.Final.jar:/root/./workspace/pro-crafting/record-jar-converter/404201477/.m2/org/glassfish/javax.el-impl/3.0.1-b08-jbossorg-1/javax.el-impl-3.0.1-b08-jbossorg-1.jar:/root/./workspace/pro-crafting/record-jar-converter/404201477/.m2/org/wildfly/swarm/transactions/2018.5.0/transactions-2018.5.0.jar:/root/./workspace/pro-crafting/record-jar-converter/404201477/.m2/org/jboss/spec/javax/transaction/jboss-transaction-api_1.2_spec/1.0.1.Final/jboss-transaction-api_1.2_spec-1.0.1.Final.jar:/root/./workspace/pro-crafting/record-jar-converter/404201477/.m2/org/jboss/narayana/jts/narayana-jts-idlj/5.5.30.Final/narayana-jts-idlj-5.5.30.Final.jar:/root/./workspace/pro-crafting/record-jar-converter/404201477/.m2/org/jboss/openjdk-orb/openjdk-orb/8.0.4.Final/openjdk-orb-8.0.4.Final.jar:/root/./workspace/pro-crafting/record-jar-converter/404201477/.m2/javax/enterprise/cdi-api/1.2/cdi-api-1.2.jar:/root/./workspace/pro-crafting/record-jar-converter/404201477/.m2/javax/inject/javax.inject/1/javax.inject-1.jar:/root/./workspace/pro-crafting/record-jar-converter/404201477/.m2/org/wildfly/swarm/meta-spi/2018.5.0/meta-spi-2018.5.0.jar:/root/./workspace/pro-crafting/record-jar-converter/404201477/.m2/org/jboss/shrinkwrap/descriptors/shrinkwrap-descriptors-impl-javaee/2.0.0/shrinkwrap-descriptors-impl-javaee-2.0.0.jar:/root/./workspace/pro-crafting/record-jar-converter/404201477/.m2/org/jboss/shrinkwrap/descriptors/shrinkwrap-descriptors-api-javaee/2.0.0/shrinkwrap-descriptors-api-javaee-2.0.0.jar:/root/./workspace/pro-crafting/record-jar-converter/404201477/.m2/org/jboss/shrinkwrap/descriptors/shrinkwrap-descriptors-api-base/2.0.0/shrinkwrap-descriptors-api-base-2.0.0.jar:/root/./workspace/pro-crafting/record-jar-converter/404201477/.m2/org/jboss/shrinkwrap/descriptors/shrinkwrap-descriptors-impl-base/2.0.0/shrinkwrap-descriptors-impl-base-2.0.0.jar:/root/./workspace/pro-crafting/record-jar-converter/404201477/.m2/org/jboss/shrinkwrap/descriptors/shrinkwrap-descriptors-spi/2.0.0/shrinkwrap-descriptors-spi-2.0.0.jar:/root/./workspace/pro-crafting/record-jar-converter/404201477/.m2/commons-io/commons-io/2.6/commons-io-2.6.jar:/root/./workspace/pro-crafting/record-jar-converter/404201477/.m2/com/google/guava/guava/25.0-jre/guava-25.0-jre.jar:/root/./workspace/pro-crafting/record-jar-converter/404201477/.m2/com/google/code/findbugs/jsr305/1.3.9/jsr305-1.3.9.jar:/root/./workspace/pro-crafting/record-jar-converter/404201477/.m2/org/checkerframework/checker-compat-qual/2.0.0/checker-compat-qual-2.0.0.jar:/root/./workspace/pro-crafting/record-jar-converter/404201477/.m2/com/google/errorprone/error_prone_annotations/2.1.3/error_prone_annotations-2.1.3.jar:/root/./workspace/pro-crafting/record-jar-converter/404201477/.m2/com/google/j2objc/j2objc-annotations/1.1/j2objc-annotations-1.1.jar:/root/./workspace/pro-crafting/record-jar-converter/404201477/.m2/org/codehaus/mojo/animal-sniffer-annotations/1.14/animal-sniffer-annotations-1.14.jar:/root/./workspace/pro-crafting/record-jar-converter/404201477/.m2/org/junit/jupiter/junit-jupiter-engine/5.2.0/junit-jupiter-engine-5.2.0.jar:/root/./workspace/pro-crafting/record-jar-converter/404201477/.m2/org/apiguardian/apiguardian-api/1.0.0/apiguardian-api-1.0.0.jar:/root/./workspace/pro-crafting/record-jar-converter/404201477/.m2/org/junit/platform/junit-platform-engine/1.2.0/junit-platform-engine-1.2.0.jar:/root/./workspace/pro-crafting/record-jar-converter/404201477/.m2/org/junit/platform/junit-platform-commons/1.2.0/junit-platform-commons-1.2.0.jar:/root/./workspace/pro-crafting/record-jar-converter/404201477/.m2/org/opentest4j/opentest4j/1.1.0/opentest4j-1.1.0.jar:/root/./workspace/pro-crafting/record-jar-converter/404201477/.m2/org/junit/jupiter/junit-jupiter-api/5.2.0/junit-jupiter-api-5.2.0.jar:/root/./workspace/pro-crafting/record-jar-converter/404201477/.m2/org/mockito/mockito-core/2.18.3/mockito-core-2.18.3.jar:/root/./workspace/pro-crafting/record-jar-converter/404201477/.m2/net/bytebuddy/byte-buddy/1.8.5/byte-buddy-1.8.5.jar:/root/./workspace/pro-crafting/record-jar-converter/404201477/.m2/net/bytebuddy/byte-buddy-agent/1.8.5/byte-buddy-agent-1.8.5.jar:/root/./workspace/pro-crafting/record-jar-converter/404201477/.m2/org/objenesis/objenesis/2.6/objenesis-2.6.jar:/root/./workspace/pro-crafting/record-jar-converter/404201477/.m2/org/mockito/mockito-junit-jupiter/2.18.3/mockito-junit-jupiter-2.18.3.jar:/root/./workspace/pro-crafting/record-jar-converter/404201477/.m2/org/jboss/weld/weld-junit5/1.2.2.Final/weld-junit5-1.2.2.Final.jar:/root/./workspace/pro-crafting/record-jar-converter/404201477/.m2/org/jboss/weld/se/weld-se-core/2.4.6.Final/weld-se-core-2.4.6.Final.jar:/root/./workspace/pro-crafting/record-jar-converter/404201477/.m2/org/jboss/weld/environment/weld-environment-common/2.4.6.Final/weld-environment-common-2.4.6.Final.jar:/root/./workspace/pro-crafting/record-jar-converter/404201477/.m2/org/jboss/weld/weld-core-impl/2.4.6.Final/weld-core-impl-2.4.6.Final.jar:/root/./workspace/pro-crafting/record-jar-converter/404201477/.m2/org/jboss/weld/weld-api/2.4.SP2/weld-api-2.4.SP2.jar:/root/./workspace/pro-crafting/record-jar-converter/404201477/.m2/org/jboss/weld/weld-spi/2.4.SP2/weld-spi-2.4.SP2.jar:/root/./workspace/pro-crafting/record-jar-converter/404201477/.m2/org/jboss/weld/probe/weld-probe-core/2.4.6.Final/weld-probe-core-2.4.6.Final.jar:/root/./workspace/pro-crafting/record-jar-converter/404201477/.m2/org/jboss/spec/javax/annotation/jboss-annotations-api_1.2_spec/1.0.0.Final/jboss-annotations-api_1.2_spec-1.0.0.Final.jar:/root/./workspace/pro-crafting/record-jar-converter/404201477/.m2/org/jboss/classfilewriter/jboss-classfilewriter/1.1.2.Final/jboss-classfilewriter-1.1.2.Final.jar:/root/./workspace/pro-crafting/record-jar-converter/404201477/.m2/org/jboss/weld/weld-junit-common/1.2.2.Final/weld-junit-common-1.2.2.Final.jar:/root/./workspace/pro-crafting/record-jar-converter/404201477/.m2/org/hibernate/javax/persistence/hibernate-jpa-2.1-api/1.0.0.Final/hibernate-jpa-2.1-api-1.0.0.Final.jar:"/>
    <property name="java.vm.vendor" value="Oracle Corporation"/>
    <property name="skip.bower" value="true"/>
    <property name="sun.arch.data.model" value="64"/>
    <property name="java.vendor.url" value="http://java.oracle.com/"/>
    <property name="user.timezone" value=""/>
    <property name="java.vm.specification.version" value="1.8"/>
    <property name="os.name" value="Linux"/>
    <property name="rat.skip" value="true"/>
    <property name="gpg.skip" value="true"/>
    <property name="sun.java.launcher" value="SUN_STANDARD"/>
    <property name="sun.boot.library.path" value="/usr/lib/jvm/java-8-openjdk-amd64/jre/lib/amd64"/>
    <property name="skip.gulp" value="true"/>
    <property name="sun.java.command" value="/root/workspace/pro-crafting/record-jar-converter/404201477/record-jar-converter-service/target/surefire/surefirebooter6358914472283099651.jar /root/workspace/pro-crafting/record-jar-converter/404201477/record-jar-converter-service/target/surefire 2018-07-15T21-38-21_972-jvmRun1 surefire8428280396685668346tmp surefire_03564330836072360543tmp"/>
    <property name="dependency-check.skip" value="true"/>
    <property name="surefire.test.class.path" value="/root/workspace/pro-crafting/record-jar-converter/404201477/record-jar-converter-service/target/test-classes:/root/workspace/pro-crafting/record-jar-converter/404201477/record-jar-converter-service/target/classes:/root/./workspace/pro-crafting/record-jar-converter/404201477/.m2/javax/javaee-api/7.0/javaee-api-7.0.jar:/root/./workspace/pro-crafting/record-jar-converter/404201477/.m2/com/sun/mail/javax.mail/1.5.0/javax.mail-1.5.0.jar:/root/./workspace/pro-crafting/record-jar-converter/404201477/.m2/javax/activation/activation/1.1/activation-1.1.jar:/root/./workspace/pro-crafting/record-jar-converter/404201477/.m2/org/wildfly/swarm/cdi/2018.5.0/cdi-2018.5.0.jar:/root/./workspace/pro-crafting/record-jar-converter/404201477/.m2/org/wildfly/swarm/container/2018.5.0/container-2018.5.0.jar:/root/./workspace/pro-crafting/record-jar-converter/404201477/.m2/org/wildfly/swarm/spi/2018.5.0/spi-2018.5.0.jar:/root/./workspace/pro-crafting/record-jar-converter/404201477/.m2/org/jboss/shrinkwrap/shrinkwrap-api/1.2.6/shrinkwrap-api-1.2.6.jar:/root/./workspace/pro-crafting/record-jar-converter/404201477/.m2/org/jboss/shrinkwrap/shrinkwrap-impl-base/1.2.6/shrinkwrap-impl-base-1.2.6.jar:/root/./workspace/pro-crafting/record-jar-converter/404201477/.m2/org/jboss/shrinkwrap/shrinkwrap-spi/1.2.6/shrinkwrap-spi-1.2.6.jar:/root/./workspace/pro-crafting/record-jar-converter/404201477/.m2/org/jboss/shrinkwrap/descriptors/shrinkwrap-descriptors-api-jboss/2.0.0/shrinkwrap-descriptors-api-jboss-2.0.0.jar:/root/./workspace/pro-crafting/record-jar-converter/404201477/.m2/org/jboss/shrinkwrap/descriptors/shrinkwrap-descriptors-impl-jboss/2.0.0/shrinkwrap-descriptors-impl-jboss-2.0.0.jar:/root/./workspace/pro-crafting/record-jar-converter/404201477/.m2/org/jboss/jandex/2.0.3.Final/jandex-2.0.3.Final.jar:/root/./workspace/pro-crafting/record-jar-converter/404201477/.m2/org/wildfly/swarm/bootstrap/2018.5.0/bootstrap-2018.5.0.jar:/root/./workspace/pro-crafting/record-jar-converter/404201477/.m2/org/jboss/modules/jboss-modules/1.6.1.Final/jboss-modules-1.6.1.Final.jar:/root/./workspace/pro-crafting/record-jar-converter/404201477/.m2/org/yaml/snakeyaml/1.17/snakeyaml-1.17.jar:/root/./workspace/pro-crafting/record-jar-converter/404201477/.m2/org/wildfly/swarm/config-api/1.3.1/config-api-1.3.1.jar:/root/./workspace/pro-crafting/record-jar-converter/404201477/.m2/org/wildfly/swarm/config-api-runtime/1.3.1/config-api-runtime-1.3.1.jar:/root/./workspace/pro-crafting/record-jar-converter/404201477/.m2/org/ow2/asm/asm/6.0/asm-6.0.jar:/root/./workspace/pro-crafting/record-jar-converter/404201477/.m2/org/jboss/logging/jboss-logging/3.3.1.Final/jboss-logging-3.3.1.Final.jar:/root/./workspace/pro-crafting/record-jar-converter/404201477/.m2/org/wildfly/swarm/logging/2018.5.0/logging-2018.5.0.jar:/root/./workspace/pro-crafting/record-jar-converter/404201477/.m2/org/wildfly/swarm/cdi-config/2018.5.0/cdi-config-2018.5.0.jar:/root/./workspace/pro-crafting/record-jar-converter/404201477/.m2/org/wildfly/swarm/bean-validation/2018.5.0/bean-validation-2018.5.0.jar:/root/./workspace/pro-crafting/record-jar-converter/404201477/.m2/javax/validation/validation-api/1.1.0.Final/validation-api-1.1.0.Final.jar:/root/./workspace/pro-crafting/record-jar-converter/404201477/.m2/org/wildfly/swarm/ee/2018.5.0/ee-2018.5.0.jar:/root/./workspace/pro-crafting/record-jar-converter/404201477/.m2/org/wildfly/swarm/naming/2018.5.0/naming-2018.5.0.jar:/root/./workspace/pro-crafting/record-jar-converter/404201477/.m2/org/jboss/spec/javax/enterprise/concurrent/jboss-concurrency-api_1.0_spec/1.0.0.Final/jboss-concurrency-api_1.0_spec-1.0.0.Final.jar:/root/./workspace/pro-crafting/record-jar-converter/404201477/.m2/org/jboss/spec/javax/interceptor/jboss-interceptors-api_1.2_spec/1.0.0.Final/jboss-interceptors-api_1.2_spec-1.0.0.Final.jar:/root/./workspace/pro-crafting/record-jar-converter/404201477/.m2/org/jboss/spec/javax/el/jboss-el-api_3.0_spec/1.0.9.Final/jboss-el-api_3.0_spec-1.0.9.Final.jar:/root/./workspace/pro-crafting/record-jar-converter/404201477/.m2/org/glassfish/javax.el-impl/3.0.1-b08-jbossorg-1/javax.el-impl-3.0.1-b08-jbossorg-1.jar:/root/./workspace/pro-crafting/record-jar-converter/404201477/.m2/org/wildfly/swarm/transactions/2018.5.0/transactions-2018.5.0.jar:/root/./workspace/pro-crafting/record-jar-converter/404201477/.m2/org/jboss/spec/javax/transaction/jboss-transaction-api_1.2_spec/1.0.1.Final/jboss-transaction-api_1.2_spec-1.0.1.Final.jar:/root/./workspace/pro-crafting/record-jar-converter/404201477/.m2/org/jboss/narayana/jts/narayana-jts-idlj/5.5.30.Final/narayana-jts-idlj-5.5.30.Final.jar:/root/./workspace/pro-crafting/record-jar-converter/404201477/.m2/org/jboss/openjdk-orb/openjdk-orb/8.0.4.Final/openjdk-orb-8.0.4.Final.jar:/root/./workspace/pro-crafting/record-jar-converter/404201477/.m2/javax/enterprise/cdi-api/1.2/cdi-api-1.2.jar:/root/./workspace/pro-crafting/record-jar-converter/404201477/.m2/javax/inject/javax.inject/1/javax.inject-1.jar:/root/./workspace/pro-crafting/record-jar-converter/404201477/.m2/org/wildfly/swarm/meta-spi/2018.5.0/meta-spi-2018.5.0.jar:/root/./workspace/pro-crafting/record-jar-converter/404201477/.m2/org/jboss/shrinkwrap/descriptors/shrinkwrap-descriptors-impl-javaee/2.0.0/shrinkwrap-descriptors-impl-javaee-2.0.0.jar:/root/./workspace/pro-crafting/record-jar-converter/404201477/.m2/org/jboss/shrinkwrap/descriptors/shrinkwrap-descriptors-api-javaee/2.0.0/shrinkwrap-descriptors-api-javaee-2.0.0.jar:/root/./workspace/pro-crafting/record-jar-converter/404201477/.m2/org/jboss/shrinkwrap/descriptors/shrinkwrap-descriptors-api-base/2.0.0/shrinkwrap-descriptors-api-base-2.0.0.jar:/root/./workspace/pro-crafting/record-jar-converter/404201477/.m2/org/jboss/shrinkwrap/descriptors/shrinkwrap-descriptors-impl-base/2.0.0/shrinkwrap-descriptors-impl-base-2.0.0.jar:/root/./workspace/pro-crafting/record-jar-converter/404201477/.m2/org/jboss/shrinkwrap/descriptors/shrinkwrap-descriptors-spi/2.0.0/shrinkwrap-descriptors-spi-2.0.0.jar:/root/./workspace/pro-crafting/record-jar-converter/404201477/.m2/commons-io/commons-io/2.6/commons-io-2.6.jar:/root/./workspace/pro-crafting/record-jar-converter/404201477/.m2/com/google/guava/guava/25.0-jre/guava-25.0-jre.jar:/root/./workspace/pro-crafting/record-jar-converter/404201477/.m2/com/google/code/findbugs/jsr305/1.3.9/jsr305-1.3.9.jar:/root/./workspace/pro-crafting/record-jar-converter/404201477/.m2/org/checkerframework/checker-compat-qual/2.0.0/checker-compat-qual-2.0.0.jar:/root/./workspace/pro-crafting/record-jar-converter/404201477/.m2/com/google/errorprone/error_prone_annotations/2.1.3/error_prone_annotations-2.1.3.jar:/root/./workspace/pro-crafting/record-jar-converter/404201477/.m2/com/google/j2objc/j2objc-annotations/1.1/j2objc-annotations-1.1.jar:/root/./workspace/pro-crafting/record-jar-converter/404201477/.m2/org/codehaus/mojo/animal-sniffer-annotations/1.14/animal-sniffer-annotations-1.14.jar:/root/./workspace/pro-crafting/record-jar-converter/404201477/.m2/org/junit/jupiter/junit-jupiter-engine/5.2.0/junit-jupiter-engine-5.2.0.jar:/root/./workspace/pro-crafting/record-jar-converter/404201477/.m2/org/apiguardian/apiguardian-api/1.0.0/apiguardian-api-1.0.0.jar:/root/./workspace/pro-crafting/record-jar-converter/404201477/.m2/org/junit/platform/junit-platform-engine/1.2.0/junit-platform-engine-1.2.0.jar:/root/./workspace/pro-crafting/record-jar-converter/404201477/.m2/org/junit/platform/junit-platform-commons/1.2.0/junit-platform-commons-1.2.0.jar:/root/./workspace/pro-crafting/record-jar-converter/404201477/.m2/org/opentest4j/opentest4j/1.1.0/opentest4j-1.1.0.jar:/root/./workspace/pro-crafting/record-jar-converter/404201477/.m2/org/junit/jupiter/junit-jupiter-api/5.2.0/junit-jupiter-api-5.2.0.jar:/root/./workspace/pro-crafting/record-jar-converter/404201477/.m2/org/mockito/mockito-core/2.18.3/mockito-core-2.18.3.jar:/root/./workspace/pro-crafting/record-jar-converter/404201477/.m2/net/bytebuddy/byte-buddy/1.8.5/byte-buddy-1.8.5.jar:/root/./workspace/pro-crafting/record-jar-converter/404201477/.m2/net/bytebuddy/byte-buddy-agent/1.8.5/byte-buddy-agent-1.8.5.jar:/root/./workspace/pro-crafting/record-jar-converter/404201477/.m2/org/objenesis/objenesis/2.6/objenesis-2.6.jar:/root/./workspace/pro-crafting/record-jar-converter/404201477/.m2/org/mockito/mockito-junit-jupiter/2.18.3/mockito-junit-jupiter-2.18.3.jar:/root/./workspace/pro-crafting/record-jar-converter/404201477/.m2/org/jboss/weld/weld-junit5/1.2.2.Final/weld-junit5-1.2.2.Final.jar:/root/./workspace/pro-crafting/record-jar-converter/404201477/.m2/org/jboss/weld/se/weld-se-core/2.4.6.Final/weld-se-core-2.4.6.Final.jar:/root/./workspace/pro-crafting/record-jar-converter/404201477/.m2/org/jboss/weld/environment/weld-environment-common/2.4.6.Final/weld-environment-common-2.4.6.Final.jar:/root/./workspace/pro-crafting/record-jar-converter/404201477/.m2/org/jboss/weld/weld-core-impl/2.4.6.Final/weld-core-impl-2.4.6.Final.jar:/root/./workspace/pro-crafting/record-jar-converter/404201477/.m2/org/jboss/weld/weld-api/2.4.SP2/weld-api-2.4.SP2.jar:/root/./workspace/pro-crafting/record-jar-converter/404201477/.m2/org/jboss/weld/weld-spi/2.4.SP2/weld-spi-2.4.SP2.jar:/root/./workspace/pro-crafting/record-jar-converter/404201477/.m2/org/jboss/weld/probe/weld-probe-core/2.4.6.Final/weld-probe-core-2.4.6.Final.jar:/root/./workspace/pro-crafting/record-jar-converter/404201477/.m2/org/jboss/spec/javax/annotation/jboss-annotations-api_1.2_spec/1.0.0.Final/jboss-annotations-api_1.2_spec-1.0.0.Final.jar:/root/./workspace/pro-crafting/record-jar-converter/404201477/.m2/org/jboss/classfilewriter/jboss-classfilewriter/1.1.2.Final/jboss-classfilewriter-1.1.2.Final.jar:/root/./workspace/pro-crafting/record-jar-converter/404201477/.m2/org/jboss/weld/weld-junit-common/1.2.2.Final/weld-junit-common-1.2.2.Final.jar:/root/./workspace/pro-crafting/record-jar-converter/404201477/.m2/org/hibernate/javax/persistence/hibernate-jpa-2.1-api/1.0.0.Final/hibernate-jpa-2.1-api-1.0.0.Final.jar:"/>
    <property name="sun.cpu.endian" value="little"/>
    <property name="user.home" value="/root"/>
    <property name="user.language" value="en"/>
    <property name="java.specification.vendor" value="Oracle Corporation"/>
    <property name="java.home" value="/usr/lib/jvm/java-8-openjdk-amd64/jre"/>
    <property name="basedir" value="/root/workspace/pro-crafting/record-jar-converter/404201477/record-jar-converter-service"/>
    <property name="file.separator" value="/"/>
    <property name="checkstyle.skip" value="true"/>
    <property name="line.separator" value="&#10;"/>
    <property name="skip.npm" value="true"/>
    <property name="java.vm.specification.vendor" value="Oracle Corporation"/>
    <property name="java.specification.name" value="Java Platform API Specification"/>
    <property name="java.awt.graphicsenv" value="sun.awt.X11GraphicsEnvironment"/>
    <property name="skipITs" value="true"/>
    <property name="surefire.real.class.path" value="/root/workspace/pro-crafting/record-jar-converter/404201477/record-jar-converter-service/target/surefire/surefirebooter6358914472283099651.jar"/>
    <property name="cobertura.skip" value="true"/>
    <property name="sun.boot.class.path" value="/usr/lib/jvm/java-8-openjdk-amd64/jre/lib/resources.jar:/usr/lib/jvm/java-8-openjdk-amd64/jre/lib/rt.jar:/usr/lib/jvm/java-8-openjdk-amd64/jre/lib/sunrsasign.jar:/usr/lib/jvm/java-8-openjdk-amd64/jre/lib/jsse.jar:/usr/lib/jvm/java-8-openjdk-amd64/jre/lib/jce.jar:/usr/lib/jvm/java-8-openjdk-amd64/jre/lib/charsets.jar:/usr/lib/jvm/java-8-openjdk-amd64/jre/lib/jfr.jar:/usr/lib/jvm/java-8-openjdk-amd64/jre/classes"/>
    <property name="sun.management.compiler" value="HotSpot 64-Bit Tiered Compilers"/>
    <property name="java.runtime.version" value="1.8.0_121-8u121-b13-1~bpo8+1-b13"/>
    <property name="user.name" value="root"/>
    <property name="findbugs.skip" value="true"/>
    <property name="path.separator" value=":"/>
    <property name="os.version" value="4.9.0-6-amd64"/>
    <property name="java.endorsed.dirs" value="/usr/lib/jvm/java-8-openjdk-amd64/jre/lib/endorsed"/>
    <property name="java.runtime.name" value="OpenJDK Runtime Environment"/>
    <property name="file.encoding" value="UTF-8"/>
    <property name="java.vm.name" value="OpenJDK 64-Bit Server VM"/>
    <property name="localRepository" value="/root/./workspace/pro-crafting/record-jar-converter/404201477/.m2"/>
    <property name="java.vendor.url.bug" value="http://bugreport.sun.com/bugreport/"/>
    <property name="java.io.tmpdir" value="/tmp"/>
    <property name="java.version" value="1.8.0_121"/>
    <property name="user.dir" value="/root/workspace/pro-crafting/record-jar-converter/404201477/record-jar-converter-service"/>
    <property name="os.arch" value="amd64"/>
    <property name="license.skip" value="true"/>
    <property name="java.vm.specification.name" value="Java Virtual Machine Specification"/>
    <property name="java.awt.printerjob" value="sun.print.PSPrinterJob"/>
    <property name="sun.os.patch.level" value="unknown"/>
    <property name="java.library.path" value="/usr/java/packages/lib/amd64:/usr/lib/x86_64-linux-gnu/jni:/lib/x86_64-linux-gnu:/usr/lib/x86_64-linux-gnu:/usr/lib/jni:/lib:/usr/lib"/>
    <property name="java.vm.info" value="mixed mode"/>
    <property name="java.vendor" value="Oracle Corporation"/>
    <property name="java.vm.version" value="25.121-b13"/>
    <property name="java.ext.dirs" value="/usr/lib/jvm/java-8-openjdk-amd64/jre/lib/ext:/usr/java/packages/lib/ext"/>
    <property name="sun.io.unicode.encoding" value="UnicodeLittle"/>
    <property name="maven.repo.local" value="/root/./workspace/pro-crafting/record-jar-converter/404201477/.m2"/>
    <property name="enforcer.skip" value="true"/>
    <property name="java.class.version" value="52.0"/>
  </properties>
  <testcase name="testGetViolations" classname="com.pro_crafting.tools.recordjarconverter.service.decoder.DecoderContextTest" time="0.211"/>
  <testcase name="testAddViolationThrowsMissingRessource" classname="com.pro_crafting.tools.recordjarconverter.service.decoder.DecoderContextTest" time="0.014"/>
  <testcase name="testAddViolationGetProperties" classname="com.pro_crafting.tools.recordjarconverter.service.decoder.DecoderContextTest" time="0"/>
  <testcase name="testAddViolationWithoutColumnCallsWithColumn" classname="com.pro_crafting.tools.recordjarconverter.service.decoder.DecoderContextTest" time="0.004"/>
</testsuite>