<?xml version="1.0" encoding="UTF-8"?>
<!-- Generated by org.testng.reporters.JUnitReportReporter -->
<testsuite hostname="spirals-vortex.lille.inria.fr" name="org.molgenis.security.captcha.CaptchaControllerTest" tests="5" failures="0" timestamp="1 Jun 2018 11:17:55 GMT" time="1.594" errors="0">
  <testcase name="validateCaptcha_invalid" time="0.032" classname="org.molgenis.security.captcha.CaptchaControllerTest"/>
  <testcase name="validateCaptcha_valid" time="0.037" classname="org.molgenis.security.captcha.CaptchaControllerTest"/>
  <testcase name="validateCaptchaFromForm_invalid" time="0.153" classname="org.molgenis.security.captcha.CaptchaControllerTest"/>
  <testcase name="getCaptcha" time="1.344" classname="org.molgenis.security.captcha.CaptchaControllerTest"/>
  <testcase name="validateCaptchaFromForm_valid" time="0.028" classname="org.molgenis.security.captcha.CaptchaControllerTest"/>
</testsuite> <!-- org.molgenis.security.captcha.CaptchaControllerTest -->
