<?xml version="1.0" encoding="UTF-8"?>
<!-- Generated by org.testng.reporters.JUnitReportReporter -->
<testsuite hostname="spirals-vortex.lille.inria.fr" name="org.molgenis.security.acl.AclCacheTransactionListenerTest" tests="2" failures="0" timestamp="30 May 2018 12:45:41 GMT" time="0.010" errors="0">
  <testcase name="testAclCacheTransactionListener" time="0.010" classname="org.molgenis.security.acl.AclCacheTransactionListenerTest"/>
  <testcase name="testRollbackTransaction" time="0.000" classname="org.molgenis.security.acl.AclCacheTransactionListenerTest"/>
</testsuite> <!-- org.molgenis.security.acl.AclCacheTransactionListenerTest -->
