<?xml version="1.0" encoding="UTF-8"?>
<!-- Generated by org.testng.reporters.JUnitReportReporter -->
<testsuite hostname="spirals-vortex.lille.inria.fr" name="org.molgenis.security.user.UserDetailsCheckerTest" tests="2" failures="0" timestamp="30 May 2018 13:31:11 GMT" time="0.010" errors="0">
  <testcase name="check_disabledUser" time="0.009" classname="org.molgenis.security.user.UserDetailsCheckerTest"/>
  <testcase name="check_enabledUser" time="0.001" classname="org.molgenis.security.user.UserDetailsCheckerTest"/>
</testsuite> <!-- org.molgenis.security.user.UserDetailsCheckerTest -->
