<?xml version="1.0" encoding="UTF-8"?>
<!-- Generated by org.testng.reporters.JUnitReportReporter -->
<testsuite hostname="spirals-vortex.lille.inria.fr" name="org.molgenis.security.permission.PrincipalSecurityContextRegistryImplTest" tests="3" failures="0" timestamp="1 Jun 2018 11:17:55 GMT" time="0.049" errors="0">
  <testcase name="testGetSecurityContextsUserThreadNoUserSessions" time="0.007" classname="org.molgenis.security.permission.PrincipalSecurityContextRegistryImplTest"/>
  <testcase name="testGetSecurityContextsNoUserThreadNoUserSessions" time="0.029" classname="org.molgenis.security.permission.PrincipalSecurityContextRegistryImplTest"/>
  <testcase name="testGetSecurityContextsUserThreadSessions" time="0.013" classname="org.molgenis.security.permission.PrincipalSecurityContextRegistryImplTest"/>
</testsuite> <!-- org.molgenis.security.permission.PrincipalSecurityContextRegistryImplTest -->
