<?xml version="1.0" encoding="UTF-8"?>
<!-- Generated by org.testng.reporters.JUnitReportReporter -->
<testsuite hostname="spirals-vortex.lille.inria.fr" name="org.molgenis.security.MolgenisRoleHierarchyTest" tests="1" failures="0" timestamp="1 Jun 2018 10:51:51 GMT" time="0.002" errors="0">
  <testcase name="testGetReachableGrantedAuthoritiesSu" time="0.002" classname="org.molgenis.security.MolgenisRoleHierarchyTest"/>
</testsuite> <!-- org.molgenis.security.MolgenisRoleHierarchyTest -->
