<?xml version="1.0" encoding="UTF-8"?>
<!-- Generated by org.testng.reporters.JUnitReportReporter -->
<testsuite hostname="spirals-vortex.lille.inria.fr" name="org.molgenis.security.user.UserAccountServiceImplTest" tests="5" failures="0" timestamp="30 May 2018 13:31:11 GMT" time="0.006" errors="0">
  <testcase name="updateCurrentUser" time="0.001" classname="org.molgenis.security.user.UserAccountServiceImplTest"/>
  <testcase name="validateCurrentUserPassword" time="0.002" classname="org.molgenis.security.user.UserAccountServiceImplTest"/>
  <testcase name="getCurrentUser" time="0.002" classname="org.molgenis.security.user.UserAccountServiceImplTest"/>
  <testcase name="updateCurrentUser_wrongUser" time="0.000" classname="org.molgenis.security.user.UserAccountServiceImplTest"/>
  <testcase name="updateCurrentUser_changePassword" time="0.001" classname="org.molgenis.security.user.UserAccountServiceImplTest"/>
</testsuite> <!-- org.molgenis.security.user.UserAccountServiceImplTest -->
